<?xml version="1.0" encoding="UTF-8" ?>
<testsuite errors="0" failures="1" hostname="travis-job-0e6c360f-b77d-4a98-bcb3-aa2192d6e592" name="ptolemy.actor.lib.test.junit.JUnitTclTest" skipped="0" tests="517" time="65.859" timestamp="2019-07-16T04:58:45">
  <properties>
    <property name="npm.executable" value="npm" />
    <property name="env.TRAVIS_ROOT" value="/" />
    <property name="ptII.mk.exists" value="true" />
    <property name="env.TRAVIS_APP_HOST" value="build.travis-ci.org" />
    <property name="env.rvm_bin_path" value="/home/travis/.rvm/bin" />
    <property name="java.home" value="/usr/local/lib/jvm/openjdk11" />
    <property name="env.TRAVIS_JOB_NUMBER" value="1242.8" />
    <property name="env.TRAVIS_HOME" value="/home/travis" />
    <property name="env.DISPLAY" value=":99.0" />
    <property name="env.TRAVIS_INIT" value="systemd" />
    <property name="env.SSH_TTY" value="/dev/pts/0" />
    <property name="java.net.preferIPv4Stack" value="true" />
    <property name="env.RUN_TESTS" value="true" />
    <property name="timeout.short" value="1000000" />
    <property name="junit.formatter" value="xml" />
    <property name="env.TRAVIS_SUDO" value="true" />
    <property name="env.TRAVIS_JOB_NAME" value="" />
    <property name="env.TRAVIS_STACK_NODE_ATTRIBUTES" value="/.node-attributes.yml" />
    <property name="env.LOGNAME" value="travis" />
    <property name="env.PT_TRAVIS_TEST_CORE1_XML" value="true" />
    <property name="jsdoc.home" value="node_modules/@terraswarm/jsdoc" />
    <property name="debuglevel" value="source,lines,vars" />
    <property name="checkstyle.formatter" value="xml" />
    <property name="env._system_version" value="16.04" />
    <property name="bin.vergil.makeable" value="true" />
    <property name="sun.os.patch.level" value="unknown" />
    <property name="java.vendor.url" value="http://java.oracle.com/" />
    <property name="env.TRAVIS_BUILD_WEB_URL" value="https://travis-ci.org/icyphy/ptII/builds/559253605" />
    <property name="java.version" value="11.0.2" />
    <property name="env.TZ" value="UTC" />
    <property name="env.TRAVIS_PULL_REQUEST_SHA" value="" />
    <property name="env.PT_NO_NET" value="true" />
    <property name="env.TRAVIS_SECURE_ENV_VARS" value="true" />
    <property name="env._system_type" value="Linux" />
    <property name="java.vendor.url.bug" value="http://bugreport.java.com/bugreport/" />
    <property name="npmjs-org-is-up" value="true" />
    <property name="env.LANGUAGE" value="en_US.UTF-8" />
    <property name="env.SSH_CLIENT" value="10.10.4.15 43734 22" />
    <property name="env.GEM_HOME" value="/home/travis/.rvm/gems/ruby-2.5.3" />
    <property name="env.HAS_ANTARES_THREE_LITTLE_FRONZIES_BADGE" value="true" />
    <property name="java.version.date" value="2019-01-15" />
    <property name="env.PS4" value="+" />
    <property name="ant.project.invoked-targets" value="build,test.core1.xml" />
    <property name="env.TRAVIS_PULL_REQUEST_BRANCH" value="" />
    <property name="env.TRAVIS_REPO_SLUG" value="icyphy/ptII" />
    <property name="env.XDG_DATA_DIRS" value="/usr/local/share:/usr/share:/var/lib/snapd/desktop" />
    <property name="jdk.debug" value="release" />
    <property name="env.TRAVIS_APT_PROXY" value="http://apt.cache.travis-ci.com" />
    <property name="node.in.path" value="true" />
    <property name="user.name" value="travis" />
    <property name="java.maxmemory" value="1400m" />
    <property name="env.RUBY_VERSION" value="ruby-2.5.3" />
    <property name="env.LANG" value="en_US.UTF-8" />
    <property name="sun.io.unicode.encoding" value="UnicodeLittle" />
    <property name="sun.jnu.encoding" value="UTF-8" />
    <property name="java.runtime.name" value="OpenJDK Runtime Environment" />
    <property name="usefile" value="false" />
    <property name="return.code" value="0" />
    <property name="junit.single.formatter" value="plain" />
    <property name="env.DYLD_LIBRARY_PATH" value="/home/travis/pthla/certi-tools/lib:" />
    <property name="env.DEBIAN_FRONTEND" value="noninteractive" />
    <property name="env.SSH_CONNECTION" value="10.10.4.15 43734 10.20.0.182 22" />
    <property name="env.MYSQL_UNIX_PORT" value="/var/run/mysqld/mysqld.sock" />
    <property name="env.LC_ALL" value="en_US.UTF-8" />
    <property name="env.TRAVIS_ALLOW_FAILURE" value="false" />
    <property name="env.TRAVIS_JOB_WEB_URL" value="https://travis-ci.org/icyphy/ptII/jobs/559253613" />
    <property name="java.specification.name" value="Java Platform API Specification" />
    <property name="node.works" value="true" />
    <property name="user.timezone" value="" />
    <property name="path.separator" value=":" />
    <property name="env.TRAVIS_ENABLE_INFRA_DETECTION" value="true" />
    <property name="env.PYTHON_CFLAGS" value="-g -fstack-protector --param=ssp-buffer-size=4 -Wformat -Werror=format-security" />
    <property name="timeout.long" value="4000000" />
    <property name="env.CERTI_HOME" value="/home/travis/pthla/certi-tools" />
    <property name="ant.file.ptII" value="/home/travis/build/icyphy/ptII/build.xml" />
    <property name="javadoc.packagenames" value="com.*,diva.*,lbnl.*,org.hlacerti.*,org.json.*,org.ptolemy.*,org.terraswarm.*,ptolemy.*,ptserver.*" />
    <property name="file.encoding" value="UTF-8" />
    <property name="env.TRAVIS_PULL_REQUEST_SLUG" value="" />
    <property name="ant.project.default-target" value="build" />
    <property name="env.GIT_ASKPASS" value="echo" />
    <property name="env.HOME" value="/home/travis" />
    <property name="sun.java.command" value="org.apache.tools.ant.taskdefs.optional.junit.JUnitTestRunner ptolemy.actor.lib.test.junit.JUnitTclTest skipNonTests=false filtertrace=true haltOnError=false haltOnFailure=false formatter=org.apache.tools.ant.taskdefs.optional.junit.OutErrSummaryJUnitResultFormatter showoutput=true outputtoformatters=true logfailedtests=true threadid=0 logtestlistenerevents=false formatter=org.apache.tools.ant.taskdefs.optional.junit.XMLJUnitResultFormatter,/home/travis/build/icyphy/ptII/reports/junit/TEST-ptolemy.actor.lib.test.junit.JUnitTclTest.xml crashfile=/home/travis/build/icyphy/ptII/junitvmwatcher6142785486025565593.properties propsfile=/home/travis/build/icyphy/ptII/junit1498613204702224776.properties" />
    <property name="env.COMPOSER_NO_INTERACTION" value="1" />
    <property name="env.MANPATH" value="/home/travis/.nvm/versions/node/v7.10.1/share/man:/home/travis/.rvm/rubies/ruby-2.5.3/share/man:/usr/local/cmake-3.12.4/man:/usr/local/clang-7.0.0/share/man:/usr/local/man:/usr/local/share/man:/usr/share/man:/home/travis/.rvm/man" />
    <property name="env.TRAVIS_TIMER_ID" value="08c64a88" />
    <property name="ant.file" value="/home/travis/build/icyphy/ptII/build.xml" />
    <property name="env.TRAVIS_COMMIT_RANGE" value="82b8ee24475c88c899f0c1dc7748b924c3dc2981...d38accc1419136eb3df02f6c145a93327d06049f" />
    <property name="env._system_name" value="Ubuntu" />
    <property name="ptII.classpath.optional.property" value="/home/travis/build/icyphy/ptII/lib/bsh-2.0b4.jar:/home/travis/build/icyphy/ptII/lib/ptCal.jar:/home/travis/build/icyphy/ptII/lib/java_cup.jar:/home/travis/build/icyphy/ptII/lib/saxon8.jar:/home/travis/build/icyphy/ptII/lib/saxon8-dom.jar:/home/travis/build/icyphy/ptII/lib/chic.jar:/home/travis/build/icyphy/ptII/lib/ptcolt.jar:/home/travis/build/icyphy/ptII/vendors/misc/itext/iText.jar:/home/travis/build/icyphy/ptII/lib/g4ltl.jar:/home/travis/build/icyphy/ptII/lib/StructuralCoder.jar:/home/travis/build/icyphy/ptII/lib/jcerti.jar:/home/travis/build/icyphy/ptII/lib/javax.mail.jar:/home/travis/build/icyphy/ptII/vendors/JMF-2.1.1e/lib/jmf.jar:/home/travis/build/icyphy/ptII/lib/jna-4.0.0-variadic.jar:/home/travis/build/icyphy/ptII/vendors/misc/joystick/Joystick.jar:/home/travis/build/icyphy/ptII/lib/ptjacl.jar:/home/travis/build/icyphy/ptII/lib/jsoup-1.8.2.jar:/home/travis/build/icyphy/ptII/lib/junit-4.8.2.jar:/home/travis/build/icyphy/ptII/lib/JUnitParams-0.4.0.jar:/home/travis/build/icyphy/ptII/ptolemy/actor/lib/excel/jxl.jar:/home/travis/build/icyphy/ptII/lib/jython.jar:/home/travis/build/icyphy/ptII/lib/kieler.jar:/home/travis/build/icyphy/ptII/vendors/opencv/share/OpenCV/java/opencv-341.jar:/home/travis/build/icyphy/ptII/lib/oscP5.jar:/home/travis/build/icyphy/ptII/lib/nrjavaserial-3.11.0.devel.jar:/home/travis/build/icyphy/ptII/vendors/j3d/lib/Linux/j3dcore.jar:/home/travis/build/icyphy/ptII/vendors/j3d/lib/Linux/j3dutils.jar:/home/travis/build/icyphy/ptII/vendors/j3d/lib/Linux/vecmath.jar:/home/travis/build/icyphy/ptII/vendors/jogl/lib/Linux/gluegen-rt-natives-linux-amd64.jar:/home/travis/build/icyphy/ptII/vendors/jogl/lib/Linux/gluegen-rt.jar:/home/travis/build/icyphy/ptII/vendors/jogl/lib/Linux/jogl-all-natives-linux-amd64.jar:/home/travis/build/icyphy/ptII/vendors/jogl/lib/Linux/jogl-all.jar:/home/travis/build/icyphy/ptII/vendors/jogl/lib/natives/linux-amd64/gluegen-rt-natives-linux-amd64.jar:/home/travis/build/icyphy/ptII/vendors/jogl/lib/natives/linux-amd64/jogl-all-natives-linux-amd64.jar:/home/travis/build/icyphy/ptII/ptolemy/distributed/jini/jar/jini-core.jar:/home/travis/build/icyphy/ptII/ptolemy/distributed/jini/jar/jini-ext.jar:/home/travis/build/icyphy/ptII/ptolemy/distributed/jini/jar/sun-util.jar:/home/travis/build/icyphy/ptII/lib/protobuf-java-2.4.1.jar:/home/travis/build/icyphy/ptII/lib/org.eclipse.paho.client.mqttv3.jar:/home/travis/build/icyphy/ptII/lib/mapss.jar:/home/travis/build/icyphy/ptII/ptolemy/actor/ptalon/antlr/antlr.jar:/home/travis/build/icyphy/ptII/lib/JRI.jar:/home/travis/build/icyphy/ptII/lib/commons-lang-2.6.jar:/home/travis/build/icyphy/ptII/lib/commons-logging-1.1.1.jar:/home/travis/build/icyphy/ptII/lib/sootclasses.jar:/home/travis/build/icyphy/ptII/ptolemy/actor/lib/database/mysql-connector-java-5.1.6-bin.jar:/home/travis/build/icyphy/ptII/vendors/misc/sphinx4/sphinx4-data-5prealpha.jar:/home/travis/build/icyphy/ptII/vendors/misc/sphinx4/sphinx4-core-5prealpha.jar:/home/travis/build/icyphy/ptII/lib/PDFRenderer.jar:/home/travis/build/icyphy/ptII/lib/svgSalamander.jar:/home/travis/build/icyphy/ptII/lib/rsyntaxtextarea-2.6.0-SNAPSHOT.jar:/home/travis/build/icyphy/ptII/lib/hazelcast-3.8.2.jar:/home/travis/build/icyphy/ptII/lib/jackson-annotations-2.9.0.jar:/home/travis/build/icyphy/ptII/lib/jackson-core-2.9.3.jar:/home/travis/build/icyphy/ptII/lib/jackson-databind-2.9.3.jar:/home/travis/build/icyphy/ptII/lib/netty-buffer-4.1.19.Final.jar:/home/travis/build/icyphy/ptII/lib/netty-codec-4.1.19.Final.jar:/home/travis/build/icyphy/ptII/lib/netty-codec-dns-4.1.19.Final.jar:/home/travis/build/icyphy/ptII/lib/netty-codec-http-4.1.19.Final.jar:/home/travis/build/icyphy/ptII/lib/netty-codec-http2-4.1.19.Final.jar:/home/travis/build/icyphy/ptII/lib/netty-common-4.1.19.Final.jar:/home/travis/build/icyphy/ptII/lib/netty-handler-4.1.19.Final.jar:/home/travis/build/icyphy/ptII/lib/netty-resolver-4.1.19.Final.jar:/home/travis/build/icyphy/ptII/lib/netty-resolver-dns-4.1.19.Final.jar:/home/travis/build/icyphy/ptII/lib/netty-transport-4.1.19.Final.jar:/home/travis/build/icyphy/ptII/lib/vertx-codegen-3.5.1.jar:/home/travis/build/icyphy/ptII/lib/vertx-core-3.5.2-SNAPSHOT.jar:/home/travis/build/icyphy/ptII/lib/vertx-hazelcast-3.5.1.jar:/home/travis/build/icyphy/ptII/lib/vertx-lang-js-3.5.1.jar:/home/travis/build/icyphy/ptII/lib/vertx-service-proxy-3.5.1.jar:/home/travis/build/icyphy/ptII/lib/vertx-web-3.5.1.jar:/home/travis/build/icyphy/ptII/lib/slf4j-api-1.7.13.jar:/home/travis/build/icyphy/ptII/lib/slf4j-simple-1.7.13.jar:/home/travis/build/icyphy/ptII/lib/webcam-capture-0.3.12.jar:/home/travis/build/icyphy/ptII/lib/bridj-0.7.0.jar:/home/travis/build/icyphy/ptII/lib/xbjlib-1.1.0.nrjavaserial.jar" />
    <property name="timeout" value="2400000" />
    <property name="test.batch" value="**/junit/*.java" />
    <property name="env._" value="/usr/bin/timeout" />
    <property name="java.io.tmpdir" value="/tmp" />
    <property name="user.language" value="en" />
    <property name="env.TRAVIS_INTERNAL_RUBY_REGEX" value="^ruby-(2\.[0-4]\.[0-9]|1\.9\.3)" />
    <property name="env.HISTCONTROL" value="ignoredups:ignorespace" />
    <property name="env.GOROOT" value="/home/travis/.gimme/versions/go1.11.1.linux.amd64" />
    <property name="line.separator" value="&#xa;" />
    <property name="target" value="11" />
    <property name="env.TRAVIS_BUILD_DIR" value="/home/travis/build/icyphy/ptII" />
    <property name="env.ANT_OPTS" value="-Xmx2048m" />
    <property name="ant.file.type" value="file" />
    <property name="ptolemy.ptII.batchMode" value="true" />
    <property name="env.HISTSIZE" value="1000" />
    <property name="env.MERB_ENV" value="test" />
    <property name="java.vm.info" value="mixed mode" />
    <property name="source" value="11" />
    <property name="java.vm.specification.name" value="Java Virtual Machine Specification" />
    <property name="env.TRAVIS_TEST_RESULT" value="0" />
    <property name="jsdoc.command" value="node_modules/@terraswarm/jsdoc/jsdoc.js" />
    <property name="npm.works" value="true" />
    <property name="cobertura.dir" value="/home/travis/build/icyphy/ptII/vendors/cobertura-2.0.3" />
    <property name="jsdoc.command.exists" value="true" />
    <property name="env.rvm_path" value="/home/travis/.rvm" />
    <property name="env.GEM_PATH" value="/home/travis/.rvm/gems/ruby-2.5.3:/home/travis/.rvm/gems/ruby-2.5.3@global" />
    <property name="env.LC_CTYPE" value="en_US.UTF-8" />
    <property name="env.TRAVIS_CMD" value="$PTII/bin/ptIITravisBuild.sh $SECONDS" />
    <property name="java.awt.printerjob" value="sun.print.PSPrinterJob" />
    <property name="env.TRAVIS_STACK_NAME" value="sardonyx" />
    <property name="env.TRAVIS_TIMER_START_TIME" value="1563252370532301447" />
    <property name="ant.version" value="Apache Ant(TM) version 1.10.1 compiled on February 2 2017" />
    <property name="ptII.reports" value="/home/travis/build/icyphy/ptII/reports" />
    <property name="env.TRAVIS_STACK_TIMESTAMP" value="2019-03-25 16:16:56 UTC" />
    <property name="ant.file.type.ptII" value="file" />
    <property name="env.RBENV_SHELL" value="bash" />
    <property name="os.name" value="Linux" />
    <property name="java.specification.vendor" value="Oracle Corporation" />
    <property name="env.rvm_version" value="1.29.7 (latest)" />
    <property name="env.TRAVIS_INFRA" value="gce" />
    <property name="env.TERM" value="xterm" />
    <property name="java.vm.name" value="OpenJDK 64-Bit Server VM" />
    <property name="env.TRAVIS_BUILD_NUMBER" value="1242" />
    <property name="env.CI" value="true" />
    <property name="java.library.path" value="/home/travis/pthla/certi-tools/lib:/usr/lib/jni:/usr/local/share/OpenCV/java/:/usr/share/OpenCV/java::/usr/java/packages/lib:/usr/lib64:/lib64:/lib:/usr/lib" />
    <property name="jdk.module.path" value="/home/travis/build/icyphy/ptII/vendors/javafx/javafx-sdk-11.0.2/lib:" />
    <property name="env.rvm_prefix" value="/home/travis" />
    <property name="env.PATH" value="/home/travis/pthla/certi-tools/share/scripts:/home/travis/.rvm/gems/ruby-2.5.3/bin:/home/travis/.rvm/gems/ruby-2.5.3@global/bin:/home/travis/.rvm/rubies/ruby-2.5.3/bin:/home/travis/.rvm/bin:/home/travis/.nvm/versions/node/v7.10.1/bin:./node_modules/.bin:/home/travis/build/icyphy/ptII/bin:/home/travis/pthla/certi-tools/bin:/home/travis/bin:/home/travis/.local/bin:/usr/local/lib/jvm/openjdk11/bin:/opt/pyenv/shims:/home/travis/.phpenv/shims:/home/travis/perl5/perlbrew/bin:/home/travis/gopath/bin:/home/travis/.gimme/versions/go1.11.1.linux.amd64/bin:/usr/local/maven-3.6.0/bin:/usr/local/cmake-3.12.4/bin:/usr/local/clang-7.0.0/bin:/usr/local/sbin:/usr/local/bin:/usr/sbin:/usr/bin:/sbin:/bin:/snap/bin:/home/travis/.phpenv/bin:/opt/pyenv/bin:/home/travis/.yarn/bin" />
    <property name="env.TRAVIS_OS_NAME" value="linux" />
    <property name="ant.java.version" value="9" />
    <property name="basedir" value="/home/travis/build/icyphy/ptII" />
    <property name="java.class.version" value="55.0" />
    <property name="env.SHLVL" value="3" />
    <property name="env.LD_LIBRARY_PATH" value="/home/travis/pthla/certi-tools/lib:/usr/lib/jni:/usr/local/share/OpenCV/java/:/usr/share/OpenCV/java:" />
    <property name="env.RACK_ENV" value="test" />
    <property name="ant.home" value="/home/travis/build/icyphy/ptII/ant" />
    <property name="env.NVM_DIR" value="/home/travis/.nvm" />
    <property name="env.CERTI_FOM_PATH" value="/home/travis/pthla/certi-tools/share/federations" />
    <property name="env.TRAVIS_BUILD_ID" value="559253605" />
    <property name="env.PYENV_ROOT" value="/opt/pyenv" />
    <property name="env.TRAVIS_UID" value="2000" />
    <property name="prism.verbose" value="true" />
    <property name="env.NVM_BIN" value="/home/travis/.nvm/versions/node/v7.10.1/bin" />
    <property name="env.TRAVIS_COMMIT" value="d38accc1419136eb3df02f6c145a93327d06049f" />
    <property name="env._system_arch" value="x86_64" />
    <property name="node.executable" value="node" />
    <property name="sun.boot.library.path" value="/usr/local/lib/jvm/openjdk11/lib" />
    <property name="sun.management.compiler" value="HotSpot 64-Bit Tiered Compilers" />
    <property name="java.awt.graphicsenv" value="sun.awt.X11GraphicsEnvironment" />
    <property name="env.GOPATH" value="/home/travis/gopath" />
    <property name="ptolemy.ptII.dir" value="/home/travis/build/icyphy/ptII" />
    <property name="env.USER" value="travis" />
    <property name="env.HISTFILESIZE" value="2000" />
    <property name="timeout.longest" value="19000000" />
    <property name="env.PERLBREW_SHELLRC_VERSION" value="0.86" />
    <property name="env.TRAVIS_STACK_FEATURES" value="basic couchdb disabled-ipv6 docker docker-compose elasticsearch firefox go-toolchain google-chrome jdk memcached mongodb mysql nodejs_interpreter perl_interpreter perlbrew phantomjs postgresql python_interpreter redis ruby_interpreter sqlite xserver" />
    <property name="env.TRAVIS_PULL_REQUEST" value="false" />
    <property name="env.PYENV_SHELL" value="bash" />
    <property name="ant.project.name" value="ptII" />
    <property name="env.ANSI_RESET" value="\033[0m" />
    <property name="java.vm.specification.version" value="11" />
    <property name="env.TRAVIS_DIST" value="xenial" />
    <property name="env.CERTI_VERSION" value="4.0.0" />
    <property name="env.CERTI_HOST" value="localhost" />
    <property name="awt.toolkit" value="sun.awt.X11.XToolkit" />
    <property name="env.MY_RUBY_HOME" value="/home/travis/.rvm/rubies/ruby-2.5.3" />
    <property name="sun.cpu.isalist" value="" />
    <property name="env.TRAVIS_TMPDIR" value="/tmp/tmp.0DjzrckRgz" />
    <property name="java.vm.compressedOopsMode" value="Zero based" />
    <property name="os.version" value="4.15.0-1028-gcp" />
    <property name="user.home" value="/home/travis" />
    <property name="java.vm.vendor" value="Oracle Corporation" />
    <property name="env.TRAVIS_TAG" value="nightly" />
    <property name="env.ANSI_YELLOW" value="\033[33;1m" />
    <property name="env.TRAVIS_FILTERED" value="redirect_io" />
    <property name="env.ANSI_GREEN" value="\033[32;1m" />
    <property name="env.JAVA_HOME" value="/usr/local/lib/jvm/openjdk11" />
    <property name="javadoc.excludepackagenames" value="adm.cvs2svn.*,build.*,config.*,doc.coding.templates.*,jni.test.jni.meaningOfLife.*,jni.test.jni.testDeux.*,jni.test.jni.testTrois.*,org.terraswarm.accessor.accessors.web.node_modules.*,org.terraswarm.accessor.accessors.web.hosts.cordova.demo.*,org.terraswarm.accessor.accessors.web.hosts.cordova.plugins.*,org.terraswarm.accessor.accessors-svn.*,pt-modules.*,ptolemy.apps.agilent.*,ptolemy.apps.anytimecontrol.*,ptolemy.apps.apes.*,ptolemy.apps.charon.*,ptolemy.apps.crazyboard.*,ptolemy.apps.eclipse.*,ptolemy.apps.etherealSting.*,ptolemy.apps.fullscreen.*,ptolemy.apps.giotto.*,ptolemy.apps.ia.*,ptolemy.apps.interfaces.*,ptolemy.apps.jmf.*,ptolemy.apps.kurt.*,ptolemy.apps.kvm.*,ptolemy.apps.lego.*,ptolemy.apps.lejos.*,ptolemy.apps.midp.*,ptolemy.apps.mobileCoding.*,ptolemy.apps.pendulum.*,ptolemy.apps.rijndael.*,ptolemy.apps.robot.*,ptolemy.apps.security.*,ptolemy.apps.sobel.*,ptolemy.apps.soot.*,ptolemy.apps.throttle.*,ptolemy.apps.tini.*,ptolemy.apps.transmission.*,ptolemy.apps.vergil.*,ptolemy.apps.waba.*,ptolemy.apps.websensor.*,ptolemy.apps.webstart.*,ptolemy.apps.xsl.*,ptolemy.apps.zaurus.*,ptolemy.codegen.c.actor.lib.oldJavaFiles.*,ptolemy.codegen.dsp.lib.*,ptolemy.codegen.kernel.newInterfaces.*,ptolemy.codegen.lib.*,ptolemy.copernicus.kernel.fragment.*,ptolemy.copernicus.shallow.cg.*,ptolemy.domains.giotto.demo.Hierarchy.Hierarchy.*,ptolemy.domains.giotto.demo.Multimode.Multimode.*,ptolemy.domains.giotto.demo.Simple.Simple.*,ptolemy.domains.gr.lib.experimental.*,ptolemy.domains.gro.*,ptolemy.domains.pdf.*,ptolemy.domains.ptinyos.demo.Surge.output.*,ptolemy.moml.test.NoPackageActor.java*,ptolemy.plot.adm.*,ptolemy.plot.servlet.*,reports.*,signed.*,src.*,target.*,vendors.*,ptolemy.copernicus.applet.*,ptolemy.media.viewer.*,ptolemy.actor.corba.*,doc.doclets.*,ptolemy.apps.eclipse.awt.*,ptolemy.backtrack.*,ptolemy.backtrack.ast.*,ptolemy.cg.adapter.generic.program.procedural.c.mbed*,ptolemy.homer.*,ptolemy.actor.lib.jai.*,org.ptolemy.scala.*,diva.util.java2d.svg.*,ptolemy.domains.ptinyos.*,ptolemy.actor.lib.fmi.fmipp.*,,org.terraswarm.accessor.accessors.web.node_modules.*,org.terraswarm.accessor.accessors-svn,ptolemy.apps.*,ptolemy.actor.ptalon.demo.ptinyos.SendAndReceiveCnt.output,ptolemy.actor.ptalon.demo.ptinyos.SenseToLeds.output,ptolemy.domains.ptinyos.demo.CntToLedsAndRfm.output,ptolemy.domains.ptinyos.demo.RfmToLeds.output,ptolemy.domains.ptinyos.demo.SendAndReceiveCnt.output,ptolemy.domains.ptinyos.demo.SenseToLeds.output,ptolemy.actor.lib.jjs.modules.udpSocket.*" />
    <property name="env.PTII" value="/home/travis/build/icyphy/ptII" />
    <property name="env.XDG_SESSION_ID" value="2" />
    <property name="keystore" value="ptKeystore" />
    <property name="env.TRAVIS_COMMIT_MESSAGE" value="Fixed javadoc typo." />
    <property name="junit.output.dir" value="/home/travis/build/icyphy/ptII/reports/junit" />
    <property name="npm.return.code" value="0" />
    <property name="user.dir" value="/home/travis/build/icyphy/ptII/ptolemy/actor/lib/test" />
    <property name="env.TRAVIS_NODE_VERSION" value="7" />
    <property name="env.TRAVIS_EVENT_TYPE" value="cron" />
    <property name="env.MAIL" value="/var/mail/travis" />
    <property name="env.PERLBREW_ROOT" value="/home/travis/perl5/perlbrew" />
    <property name="env.PWD" value="/home/travis/build/icyphy/ptII" />
    <property name="timeout.npm" value="45000" />
    <property name="env.TRAVIS_ARCH" value="amd64" />
    <property name="sun.cpu.endian" value="little" />
    <property name="env.PAGER" value="cat" />
    <property name="env.TRAVIS_BUILD_STAGE_NAME" value="Test" />
    <property name="env.PERLBREW_HOME" value="/home/travis/.perlbrew" />
    <property name="java.vm.version" value="11.0.2+9" />
    <property name="env.RAILS_ENV" value="test" />
    <property name="java.class.path" value="/home/travis/.ptolemyII:/home/travis/.ptolemyII/*:/home/travis/build/icyphy/ptII:/home/travis/build/icyphy/ptII/lib/bsh-2.0b4.jar:/home/travis/build/icyphy/ptII/lib/ptCal.jar:/home/travis/build/icyphy/ptII/lib/java_cup.jar:/home/travis/build/icyphy/ptII/lib/saxon8.jar:/home/travis/build/icyphy/ptII/lib/saxon8-dom.jar:/home/travis/build/icyphy/ptII/lib/chic.jar:/home/travis/build/icyphy/ptII/lib/ptcolt.jar:/home/travis/build/icyphy/ptII/vendors/misc/itext/iText.jar:/home/travis/build/icyphy/ptII/lib/g4ltl.jar:/home/travis/build/icyphy/ptII/lib/StructuralCoder.jar:/home/travis/build/icyphy/ptII/lib/jcerti.jar:/home/travis/build/icyphy/ptII/lib/javax.mail.jar:/home/travis/build/icyphy/ptII/vendors/JMF-2.1.1e/lib/jmf.jar:/home/travis/build/icyphy/ptII/lib/jna-4.0.0-variadic.jar:/home/travis/build/icyphy/ptII/vendors/misc/joystick/Joystick.jar:/home/travis/build/icyphy/ptII/lib/ptjacl.jar:/home/travis/build/icyphy/ptII/lib/jsoup-1.8.2.jar:/home/travis/build/icyphy/ptII/lib/junit-4.8.2.jar:/home/travis/build/icyphy/ptII/lib/JUnitParams-0.4.0.jar:/home/travis/build/icyphy/ptII/ptolemy/actor/lib/excel/jxl.jar:/home/travis/build/icyphy/ptII/lib/jython.jar:/home/travis/build/icyphy/ptII/lib/kieler.jar:/home/travis/build/icyphy/ptII/vendors/opencv/share/OpenCV/java/opencv-341.jar:/home/travis/build/icyphy/ptII/lib/oscP5.jar:/home/travis/build/icyphy/ptII/lib/nrjavaserial-3.11.0.devel.jar:/home/travis/build/icyphy/ptII/vendors/j3d/lib/Linux/j3dcore.jar:/home/travis/build/icyphy/ptII/vendors/j3d/lib/Linux/j3dutils.jar:/home/travis/build/icyphy/ptII/vendors/j3d/lib/Linux/vecmath.jar:/home/travis/build/icyphy/ptII/vendors/jogl/lib/Linux/gluegen-rt-natives-linux-amd64.jar:/home/travis/build/icyphy/ptII/vendors/jogl/lib/Linux/gluegen-rt.jar:/home/travis/build/icyphy/ptII/vendors/jogl/lib/Linux/jogl-all-natives-linux-amd64.jar:/home/travis/build/icyphy/ptII/vendors/jogl/lib/Linux/jogl-all.jar:/home/travis/build/icyphy/ptII/vendors/jogl/lib/natives/linux-amd64/gluegen-rt-natives-linux-amd64.jar:/home/travis/build/icyphy/ptII/vendors/jogl/lib/natives/linux-amd64/jogl-all-natives-linux-amd64.jar:/home/travis/build/icyphy/ptII/ptolemy/distributed/jini/jar/jini-core.jar:/home/travis/build/icyphy/ptII/ptolemy/distributed/jini/jar/jini-ext.jar:/home/travis/build/icyphy/ptII/ptolemy/distributed/jini/jar/sun-util.jar:/home/travis/build/icyphy/ptII/lib/protobuf-java-2.4.1.jar:/home/travis/build/icyphy/ptII/lib/org.eclipse.paho.client.mqttv3.jar:/home/travis/build/icyphy/ptII/lib/mapss.jar:/home/travis/build/icyphy/ptII/ptolemy/actor/ptalon/antlr/antlr.jar:/home/travis/build/icyphy/ptII/lib/JRI.jar:/home/travis/build/icyphy/ptII/lib/commons-lang-2.6.jar:/home/travis/build/icyphy/ptII/lib/commons-logging-1.1.1.jar:/home/travis/build/icyphy/ptII/lib/sootclasses.jar:/home/travis/build/icyphy/ptII/ptolemy/actor/lib/database/mysql-connector-java-5.1.6-bin.jar:/home/travis/build/icyphy/ptII/vendors/misc/sphinx4/sphinx4-data-5prealpha.jar:/home/travis/build/icyphy/ptII/vendors/misc/sphinx4/sphinx4-core-5prealpha.jar:/home/travis/build/icyphy/ptII/lib/PDFRenderer.jar:/home/travis/build/icyphy/ptII/lib/svgSalamander.jar:/home/travis/build/icyphy/ptII/lib/rsyntaxtextarea-2.6.0-SNAPSHOT.jar:/home/travis/build/icyphy/ptII/lib/hazelcast-3.8.2.jar:/home/travis/build/icyphy/ptII/lib/jackson-annotations-2.9.0.jar:/home/travis/build/icyphy/ptII/lib/jackson-core-2.9.3.jar:/home/travis/build/icyphy/ptII/lib/jackson-databind-2.9.3.jar:/home/travis/build/icyphy/ptII/lib/netty-buffer-4.1.19.Final.jar:/home/travis/build/icyphy/ptII/lib/netty-codec-4.1.19.Final.jar:/home/travis/build/icyphy/ptII/lib/netty-codec-dns-4.1.19.Final.jar:/home/travis/build/icyphy/ptII/lib/netty-codec-http-4.1.19.Final.jar:/home/travis/build/icyphy/ptII/lib/netty-codec-http2-4.1.19.Final.jar:/home/travis/build/icyphy/ptII/lib/netty-common-4.1.19.Final.jar:/home/travis/build/icyphy/ptII/lib/netty-handler-4.1.19.Final.jar:/home/travis/build/icyphy/ptII/lib/netty-resolver-4.1.19.Final.jar:/home/travis/build/icyphy/ptII/lib/netty-resolver-dns-4.1.19.Final.jar:/home/travis/build/icyphy/ptII/lib/netty-transport-4.1.19.Final.jar:/home/travis/build/icyphy/ptII/lib/vertx-codegen-3.5.1.jar:/home/travis/build/icyphy/ptII/lib/vertx-core-3.5.2-SNAPSHOT.jar:/home/travis/build/icyphy/ptII/lib/vertx-hazelcast-3.5.1.jar:/home/travis/build/icyphy/ptII/lib/vertx-lang-js-3.5.1.jar:/home/travis/build/icyphy/ptII/lib/vertx-service-proxy-3.5.1.jar:/home/travis/build/icyphy/ptII/lib/vertx-web-3.5.1.jar:/home/travis/build/icyphy/ptII/lib/slf4j-api-1.7.13.jar:/home/travis/build/icyphy/ptII/lib/slf4j-simple-1.7.13.jar:/home/travis/build/icyphy/ptII/lib/webcam-capture-0.3.12.jar:/home/travis/build/icyphy/ptII/lib/bridj-0.7.0.jar:/home/travis/build/icyphy/ptII/lib/xbjlib-1.1.0.nrjavaserial.jar:/home/travis/build/icyphy/ptII/ptolemy/moml/test:/home/travis/build/icyphy/ptII/ant/lib/ant-launcher.jar:/home/travis/build/icyphy/ptII/ant/lib/ant.jar:/home/travis/build/icyphy/ptII/ant/lib/ant-junit.jar:/home/travis/build/icyphy/ptII/ant/lib/ant-junit4.jar" />
    <property name="ant.library.dir" value="/home/travis/build/icyphy/ptII/ant/lib" />
    <property name="os.arch" value="amd64" />
    <property name="env.CONTINUOUS_INTEGRATION" value="true" />
    <property name="env.TRAVIS_LANGUAGE" value="node_js" />
    <property name="env.TRAVIS_STACK_LANGUAGES" value="__sardonyx__ c c++ clojure cplusplus cpp default generic go groovy java node_js php pure_java python ruby scala" />
    <property name="test.name" value="ptolemy.actor.lib.test.junit.JUnitTclTest" />
    <property name="env.APT_KEY_DONT_WARN_ON_DANGEROUS_USAGE" value="1" />
    <property name="sun.java.launcher" value="SUN_STANDARD" />
    <property name="env.PYTHON_CONFIGURE_OPTS" value="--enable-unicode=ucs4 --with-wide-unicode --enable-shared --enable-ipv6 --enable-loadable-sqlite-extensions --with-computed-gotos" />
    <property name="ant.core.lib" value="/home/travis/build/icyphy/ptII/ant/lib/ant.jar" />
    <property name="java.vm.specification.vendor" value="Oracle Corporation" />
    <property name="env.BCVTB_HOME" value="/home/travis/build/icyphy/ptII/lbnl" />
    <property name="file.separator" value="/" />
    <property name="spotbugs.home" value="/home/travis/build/icyphy/ptII/vendors/spotbugs-3.1.1" />
    <property name="java.runtime.version" value="11.0.2+9" />
    <property name="env.ANSI_CLEAR" value="\033[0K" />
    <property name="javafx.verbose" value="true" />
    <property name="env.HAS_JOSH_K_SEAL_OF_APPROVAL" value="true" />
    <property name="env.XDG_RUNTIME_DIR" value="/run/user/2000" />
    <property name="env.TRAVIS_OSX_IMAGE" value="" />
    <property name="env.TRAVIS_JOB_ID" value="559253613" />
    <property name="env.TRAVIS_BRANCH" value="master" />
    <property name="user.country" value="US" />
    <property name="env.CERTI_HOME_TRAVIS" value="/home/travis/pthla/certi-tools" />
    <property name="env.SHELL" value="/bin/bash" />
    <property name="java.maxmemory.large" value="8000m" />
    <property name="model" value="" />
    <property name="env.CASHER_DIR" value="/home/travis/.casher" />
    <property name="env.NVM_CD_FLAGS" value="" />
    <property name="java.vendor.version" value="18.9" />
    <property name="jshint.executable" value="/home/travis/node_modules/jshint/bin/jshint" />
    <property name="env.JRUBY_OPTS" value=" --client -J-XX:+TieredCompilation -J-XX:TieredStopAtLevel=1 -J-Xss2m -Xcompile.invokedynamic=false" />
    <property name="java.vendor" value="Oracle Corporation" />
    <property name="env.TRAVIS_PRE_CHEF_BOOTSTRAP_TIME" value="2019-03-25T16:16:42" />
    <property name="env.TRAVIS_STACK_JOB_BOARD_REGISTER" value="/.job-board-register.yml" />
    <property name="env.ANSI_RED" value="\033[31;1m" />
    <property name="java.specification.version" value="11" />
    <property name="env.IRBRC" value="/home/travis/.rvm/rubies/ruby-2.5.3/.irbrc" />
    <property name="env.TRAVIS" value="true" />
    <property name="sun.arch.data.model" value="64" />
  </properties>
  <testcase classname="ptolemy.util.test.junit.TclTests" name="[0] /home/travis/build/icyphy/ptII/ptolemy/actor/lib/test/AbsoluteValue.tcl (RunTclFile)" time="0.619" />
  <testcase classname="ptolemy.util.test.junit.TclTests" name="[1] /home/travis/build/icyphy/ptII/ptolemy/actor/lib/test/AddSubtract.tcl (RunTclFile)" time="0.152" />
  <testcase classname="ptolemy.util.test.junit.TclTests" name="[2] /home/travis/build/icyphy/ptII/ptolemy/actor/lib/test/Average.tcl (RunTclFile)" time="0.038" />
  <testcase classname="ptolemy.util.test.junit.TclTests" name="[3] /home/travis/build/icyphy/ptII/ptolemy/actor/lib/test/Bernoulli.tcl (RunTclFile)" time="0.021" />
  <testcase classname="ptolemy.util.test.junit.TclTests" name="[4] /home/travis/build/icyphy/ptII/ptolemy/actor/lib/test/Clock.tcl (RunTclFile)" time="0.1" />
  <testcase classname="ptolemy.util.test.junit.TclTests" name="[5] /home/travis/build/icyphy/ptII/ptolemy/actor/lib/test/Commutator.tcl (RunTclFile)" time="0.22" />
  <testcase classname="ptolemy.util.test.junit.TclTests" name="[6] /home/travis/build/icyphy/ptII/ptolemy/actor/lib/test/Const.tcl (RunTclFile)" time="0.147" />
  <testcase classname="ptolemy.util.test.junit.TclTests" name="[7] /home/travis/build/icyphy/ptII/ptolemy/actor/lib/test/CurrentTime.tcl (RunTclFile)" time="0.046" />
  <testcase classname="ptolemy.util.test.junit.TclTests" name="[8] /home/travis/build/icyphy/ptII/ptolemy/actor/lib/test/DB.tcl (RunTclFile)" time="0.081" />
  <testcase classname="ptolemy.util.test.junit.TclTests" name="[9] /home/travis/build/icyphy/ptII/ptolemy/actor/lib/test/DiscreteRandomSource.tcl (RunTclFile)" time="0.036" />
  <testcase classname="ptolemy.util.test.junit.TclTests" name="[10] /home/travis/build/icyphy/ptII/ptolemy/actor/lib/test/Distributor.tcl (RunTclFile)" time="0.043" />
  <testcase classname="ptolemy.util.test.junit.TclTests" name="[11] /home/travis/build/icyphy/ptII/ptolemy/actor/lib/test/Exit.tcl (RunTclFile)" time="0.127" />
  <testcase classname="ptolemy.util.test.junit.TclTests" name="[12] /home/travis/build/icyphy/ptII/ptolemy/actor/lib/test/Expression.tcl (RunTclFile)" time="0.087" />
  <testcase classname="ptolemy.util.test.junit.TclTests" name="[13] /home/travis/build/icyphy/ptII/ptolemy/actor/lib/test/Gaussian.tcl (RunTclFile)" time="0.28" />
  <testcase classname="ptolemy.util.test.junit.TclTests" name="[14] /home/travis/build/icyphy/ptII/ptolemy/actor/lib/test/IIR.tcl (RunTclFile)" time="0.062" />
  <testcase classname="ptolemy.util.test.junit.TclTests" name="[15] /home/travis/build/icyphy/ptII/ptolemy/actor/lib/test/Interpolator.tcl (RunTclFile)" time="0.123" />
  <testcase classname="ptolemy.util.test.junit.TclTests" name="[16] /home/travis/build/icyphy/ptII/ptolemy/actor/lib/test/MathFunction.tcl (RunTclFile)" time="0.101" />
  <testcase classname="ptolemy.util.test.junit.TclTests" name="[17] /home/travis/build/icyphy/ptII/ptolemy/actor/lib/test/Maximum.tcl (RunTclFile)" time="0.056" />
  <testcase classname="ptolemy.util.test.junit.TclTests" name="[18] /home/travis/build/icyphy/ptII/ptolemy/actor/lib/test/Minimum.tcl (RunTclFile)" time="0.043" />
  <testcase classname="ptolemy.util.test.junit.TclTests" name="[19] /home/travis/build/icyphy/ptII/ptolemy/actor/lib/test/MultiplyDivide.tcl (RunTclFile)" time="0.06" />
  <testcase classname="ptolemy.util.test.junit.TclTests" name="[20] /home/travis/build/icyphy/ptII/ptolemy/actor/lib/test/OrderedMerge.tcl (RunTclFile)" time="0.156" />
  <testcase classname="ptolemy.util.test.junit.TclTests" name="[21] /home/travis/build/icyphy/ptII/ptolemy/actor/lib/test/Publisher.tcl (RunTclFile)" time="0.944" />
  <testcase classname="ptolemy.util.test.junit.TclTests" name="[22] /home/travis/build/icyphy/ptII/ptolemy/actor/lib/test/Pulse.tcl (RunTclFile)" time="0.085" />
  <testcase classname="ptolemy.util.test.junit.TclTests" name="[23] /home/travis/build/icyphy/ptII/ptolemy/actor/lib/test/Ramp.tcl (RunTclFile)" time="2.437" />
  <testcase classname="ptolemy.util.test.junit.TclTests" name="[24] /home/travis/build/icyphy/ptII/ptolemy/actor/lib/test/RampContinuous.tcl (RunTclFile)" time="0.018" />
  <testcase classname="ptolemy.util.test.junit.TclTests" name="[25] /home/travis/build/icyphy/ptII/ptolemy/actor/lib/test/RecordAssembler.tcl (RunTclFile)" time="0.016" />
  <testcase classname="ptolemy.util.test.junit.TclTests" name="[26] /home/travis/build/icyphy/ptII/ptolemy/actor/lib/test/RecordDisassembler.tcl (RunTclFile)" time="0.021" />
  <testcase classname="ptolemy.util.test.junit.TclTests" name="[27] /home/travis/build/icyphy/ptII/ptolemy/actor/lib/test/Scale.tcl (RunTclFile)" time="0.04" />
  <testcase classname="ptolemy.util.test.junit.TclTests" name="[28] /home/travis/build/icyphy/ptII/ptolemy/actor/lib/test/SequentialClock.tcl (RunTclFile)" time="0.018" />
  <testcase classname="ptolemy.util.test.junit.TclTests" name="[29] /home/travis/build/icyphy/ptII/ptolemy/actor/lib/test/SetVariable.tcl (RunTclFile)" time="0.03">
    <failure message="Number of failed tests is has increased. expected:&lt;0&gt; but was:&lt;1&gt;" type="junit.framework.AssertionFailedError">junit.framework.AssertionFailedError: Number of failed tests is has increased. expected:&lt;0&gt; but was:&lt;1&gt;
	at ptolemy.util.test.junit.TclTests.RunTclFile(TclTests.java:286)
	at jdk.internal.reflect.GeneratedMethodAccessor19.invoke(Unknown Source)
	at java.base/jdk.internal.reflect.DelegatingMethodAccessorImpl.invoke(DelegatingMethodAccessorImpl.java:43)
	at junitparams.internal.InvokeParameterisedMethod.evaluate(InvokeParameterisedMethod.java:102)
	at junitparams.internal.ParameterisedTestMethodRunner.runMethodInvoker(ParameterisedTestMethodRunner.java:47)
	at junitparams.internal.ParameterisedTestMethodRunner.runTestMethod(ParameterisedTestMethodRunner.java:41)
	at junitparams.internal.ParameterisedTestClassRunner.runParameterisedTest(ParameterisedTestClassRunner.java:143)
	at junitparams.JUnitParamsRunner.runChild(JUnitParamsRunner.java:237)
	at junitparams.JUnitParamsRunner.runChild(JUnitParamsRunner.java:215)
</failure>
  </testcase>
  <testcase classname="ptolemy.util.test.junit.TclTests" name="[30] /home/travis/build/icyphy/ptII/ptolemy/actor/lib/test/Sinewave.tcl (RunTclFile)" time="0.067" />
  <testcase classname="ptolemy.util.test.junit.TclTests" name="[31] /home/travis/build/icyphy/ptII/ptolemy/actor/lib/test/SubscriptionAggregator.tcl (RunTclFile)" time="2.535" />
  <testcase classname="ptolemy.util.test.junit.TclTests" name="[32] /home/travis/build/icyphy/ptII/ptolemy/actor/lib/test/Test.tcl (RunTclFile)" time="0.181" />
  <testcase classname="ptolemy.util.test.junit.TclTests" name="[33] /home/travis/build/icyphy/ptII/ptolemy/actor/lib/test/TestExceptionHandler.tcl (RunTclFile)" time="0.012" />
  <testcase classname="ptolemy.util.test.junit.TclTests" name="[34] /home/travis/build/icyphy/ptII/ptolemy/actor/lib/test/UnionDisassembler.tcl (RunTclFile)" time="0.051" />
  <testcase classname="ptolemy.util.test.junit.TclTests" name="[35] /home/travis/build/icyphy/ptII/ptolemy/actor/lib/test/VariableClock.tcl (RunTclFile)" time="0.017" />
  <testcase classname="ptolemy.util.test.junit.AutoKnownFailedTests" name="[0] /home/travis/build/icyphy/ptII/ptolemy/actor/lib/test/auto/knownFailedTests/PublisherPortToplevelSubscriber.xml (RunModel)" time="0.024" />
  <testcase classname="ptolemy.util.test.junit.AutoKnownFailedTests" name="[1] /home/travis/build/icyphy/ptII/ptolemy/actor/lib/test/auto/knownFailedTests/PublisherSubscriberPortToplevel.xml (RunModel)" time="0.021" />
  <testcase classname="ptolemy.util.test.junit.AutoKnownFailedTests" name="[2] /home/travis/build/icyphy/ptII/ptolemy/actor/lib/test/auto/knownFailedTests/PublisherSubscriptionAggregatorPort.xml (RunModel)" time="0.022" />
  <testcase classname="ptolemy.util.test.junit.AutoKnownFailedTests" name="[3] /home/travis/build/icyphy/ptII/ptolemy/actor/lib/test/auto/knownFailedTests/sizedarray3.xml (RunModel)" time="0.032" />
  <testcase classname="ptolemy.util.test.junit.AutoNameArchTests" name="[0] ThereAreNoAutoArchTests (RunModel)" time="0.006" />
  <testcase classname="ptolemy.util.test.junit.AutoTests" name="[0] /home/travis/build/icyphy/ptII/ptolemy/actor/lib/test/auto/AbsoluteValue.xml (RunModel)" time="0.094" />
  <testcase classname="ptolemy.util.test.junit.AutoTests" name="[1] /home/travis/build/icyphy/ptII/ptolemy/actor/lib/test/auto/AbsoluteValue2.xml (RunModel)" time="0.056" />
  <testcase classname="ptolemy.util.test.junit.AutoTests" name="[2] /home/travis/build/icyphy/ptII/ptolemy/actor/lib/test/auto/Accumulator.xml (RunModel)" time="0.064" />
  <testcase classname="ptolemy.util.test.junit.AutoTests" name="[3] /home/travis/build/icyphy/ptII/ptolemy/actor/lib/test/auto/Accumulator2.xml (RunModel)" time="0.05" />
  <testcase classname="ptolemy.util.test.junit.AutoTests" name="[4] /home/travis/build/icyphy/ptII/ptolemy/actor/lib/test/auto/Accumulator3.xml (RunModel)" time="0.049" />
  <testcase classname="ptolemy.util.test.junit.AutoTests" name="[5] /home/travis/build/icyphy/ptII/ptolemy/actor/lib/test/auto/ArrayAppend.xml (RunModel)" time="0.075" />
  <testcase classname="ptolemy.util.test.junit.AutoTests" name="[6] /home/travis/build/icyphy/ptII/ptolemy/actor/lib/test/auto/ArrayAppend2.xml (RunModel)" time="0.497" />
  <testcase classname="ptolemy.util.test.junit.AutoTests" name="[7] /home/travis/build/icyphy/ptII/ptolemy/actor/lib/test/auto/ArrayAppend3.xml (RunModel)" time="0.046" />
  <testcase classname="ptolemy.util.test.junit.AutoTests" name="[8] /home/travis/build/icyphy/ptII/ptolemy/actor/lib/test/auto/ArrayAppend4.xml (RunModel)" time="0.026" />
  <testcase classname="ptolemy.util.test.junit.AutoTests" name="[9] /home/travis/build/icyphy/ptII/ptolemy/actor/lib/test/auto/ArrayAppend5.xml (RunModel)" time="0.022" />
  <testcase classname="ptolemy.util.test.junit.AutoTests" name="[10] /home/travis/build/icyphy/ptII/ptolemy/actor/lib/test/auto/ArrayAppend6.xml (RunModel)" time="0.026" />
  <testcase classname="ptolemy.util.test.junit.AutoTests" name="[11] /home/travis/build/icyphy/ptII/ptolemy/actor/lib/test/auto/ArrayAppendPerformanceTest.xml (RunModel)" time="0.067" />
  <testcase classname="ptolemy.util.test.junit.AutoTests" name="[12] /home/travis/build/icyphy/ptII/ptolemy/actor/lib/test/auto/ArrayAppendWithEmptyInput.xml (RunModel)" time="0.057" />
  <testcase classname="ptolemy.util.test.junit.AutoTests" name="[13] /home/travis/build/icyphy/ptII/ptolemy/actor/lib/test/auto/ArrayAverage.xml (RunModel)" time="0.075" />
  <testcase classname="ptolemy.util.test.junit.AutoTests" name="[14] /home/travis/build/icyphy/ptII/ptolemy/actor/lib/test/auto/ArrayContains.xml (RunModel)" time="0.053" />
  <testcase classname="ptolemy.util.test.junit.AutoTests" name="[15] /home/travis/build/icyphy/ptII/ptolemy/actor/lib/test/auto/ArrayElement.xml (RunModel)" time="0.031" />
  <testcase classname="ptolemy.util.test.junit.AutoTests" name="[16] /home/travis/build/icyphy/ptII/ptolemy/actor/lib/test/auto/ArrayElementAsMatrix.xml (RunModel)" time="0.071" />
  <testcase classname="ptolemy.util.test.junit.AutoTests" name="[17] /home/travis/build/icyphy/ptII/ptolemy/actor/lib/test/auto/ArrayElementI.xml (RunModel)" time="0.017" />
  <testcase classname="ptolemy.util.test.junit.AutoTests" name="[18] /home/travis/build/icyphy/ptII/ptolemy/actor/lib/test/auto/ArrayExtract.xml (RunModel)" time="0.049" />
  <testcase classname="ptolemy.util.test.junit.AutoTests" name="[19] /home/travis/build/icyphy/ptII/ptolemy/actor/lib/test/auto/ArrayExtract2.xml (RunModel)" time="0.025" />
  <testcase classname="ptolemy.util.test.junit.AutoTests" name="[20] /home/travis/build/icyphy/ptII/ptolemy/actor/lib/test/auto/ArrayLength.xml (RunModel)" time="0.028" />
  <testcase classname="ptolemy.util.test.junit.AutoTests" name="[21] /home/travis/build/icyphy/ptII/ptolemy/actor/lib/test/auto/ArrayLevelCrossing.xml (RunModel)" time="0.036" />
  <testcase classname="ptolemy.util.test.junit.AutoTests" name="[22] /home/travis/build/icyphy/ptII/ptolemy/actor/lib/test/auto/ArrayLevelCrossing2.xml (RunModel)" time="0.027" />
  <testcase classname="ptolemy.util.test.junit.AutoTests" name="[23] /home/travis/build/icyphy/ptII/ptolemy/actor/lib/test/auto/ArrayPeakSearch.xml (RunModel)" time="0.047" />
  <testcase classname="ptolemy.util.test.junit.AutoTests" name="[24] /home/travis/build/icyphy/ptII/ptolemy/actor/lib/test/auto/ArrayPeakSearch2.xml (RunModel)" time="0.045" />
  <testcase classname="ptolemy.util.test.junit.AutoTests" name="[25] /home/travis/build/icyphy/ptII/ptolemy/actor/lib/test/auto/ArrayPeakSearch3.xml (RunModel)" time="0.035" />
  <testcase classname="ptolemy.util.test.junit.AutoTests" name="[26] /home/travis/build/icyphy/ptII/ptolemy/actor/lib/test/auto/ArrayRemoveElement.xml (RunModel)" time="0.046" />
  <testcase classname="ptolemy.util.test.junit.AutoTests" name="[27] /home/travis/build/icyphy/ptII/ptolemy/actor/lib/test/auto/ArraySort.xml (RunModel)" time="0.04" />
  <testcase classname="ptolemy.util.test.junit.AutoTests" name="[28] /home/travis/build/icyphy/ptII/ptolemy/actor/lib/test/auto/ArraySum.xml (RunModel)" time="0.021" />
  <testcase classname="ptolemy.util.test.junit.AutoTests" name="[29] /home/travis/build/icyphy/ptII/ptolemy/actor/lib/test/auto/ArrayToElements.xml (RunModel)" time="0.024" />
  <testcase classname="ptolemy.util.test.junit.AutoTests" name="[30] /home/travis/build/icyphy/ptII/ptolemy/actor/lib/test/auto/ArrayToMatrix.xml (RunModel)" time="0.065" />
  <testcase classname="ptolemy.util.test.junit.AutoTests" name="[31] /home/travis/build/icyphy/ptII/ptolemy/actor/lib/test/auto/ArrayUpdate1.xml (RunModel)" time="0.033" />
  <testcase classname="ptolemy.util.test.junit.AutoTests" name="[32] /home/travis/build/icyphy/ptII/ptolemy/actor/lib/test/auto/ArrayUpdate2.xml (RunModel)" time="0.037" />
  <testcase classname="ptolemy.util.test.junit.AutoTests" name="[33] /home/travis/build/icyphy/ptII/ptolemy/actor/lib/test/auto/ArrayUpdate3.xml (RunModel)" time="0.025" />
  <testcase classname="ptolemy.util.test.junit.AutoTests" name="[34] /home/travis/build/icyphy/ptII/ptolemy/actor/lib/test/auto/Assert1.xml (RunModel)" time="0.024" />
  <testcase classname="ptolemy.util.test.junit.AutoTests" name="[35] /home/travis/build/icyphy/ptII/ptolemy/actor/lib/test/auto/Assert2.xml (RunModel)" time="0.021" />
  <testcase classname="ptolemy.util.test.junit.AutoTests" name="[36] /home/travis/build/icyphy/ptII/ptolemy/actor/lib/test/auto/BooleanMultiplexor.xml (RunModel)" time="0.021" />
  <testcase classname="ptolemy.util.test.junit.AutoTests" name="[37] /home/travis/build/icyphy/ptII/ptolemy/actor/lib/test/auto/BooleanMultiplexor2.xml (RunModel)" time="0.031" />
  <testcase classname="ptolemy.util.test.junit.AutoTests" name="[38] /home/travis/build/icyphy/ptII/ptolemy/actor/lib/test/auto/BooleanMultiplexor3.xml (RunModel)" time="0.027" />
  <testcase classname="ptolemy.util.test.junit.AutoTests" name="[39] /home/travis/build/icyphy/ptII/ptolemy/actor/lib/test/auto/BooleanSelect.xml (RunModel)" time="0.029" />
  <testcase classname="ptolemy.util.test.junit.AutoTests" name="[40] /home/travis/build/icyphy/ptII/ptolemy/actor/lib/test/auto/BooleanSelect2.xml (RunModel)" time="0.017" />
  <testcase classname="ptolemy.util.test.junit.AutoTests" name="[41] /home/travis/build/icyphy/ptII/ptolemy/actor/lib/test/auto/BooleanSwitch.xml (RunModel)" time="0.035" />
  <testcase classname="ptolemy.util.test.junit.AutoTests" name="[42] /home/travis/build/icyphy/ptII/ptolemy/actor/lib/test/auto/BooleanSwitch2.xml (RunModel)" time="0.017" />
  <testcase classname="ptolemy.util.test.junit.AutoTests" name="[43] /home/travis/build/icyphy/ptII/ptolemy/actor/lib/test/auto/BooleanSwitchCloningBugWithClassRelationGroup.xml (RunModel)" time="0.032" />
  <testcase classname="ptolemy.util.test.junit.AutoTests" name="[44] /home/travis/build/icyphy/ptII/ptolemy/actor/lib/test/auto/BusActors.xml (RunModel)" time="0.055" />
  <testcase classname="ptolemy.util.test.junit.AutoTests" name="[45] /home/travis/build/icyphy/ptII/ptolemy/actor/lib/test/auto/ClassWrapper.xml (RunModel)" time="0.023" />
  <testcase classname="ptolemy.util.test.junit.AutoTests" name="[46] /home/travis/build/icyphy/ptII/ptolemy/actor/lib/test/auto/Clock.xml (RunModel)" time="0.011" />
  <testcase classname="ptolemy.util.test.junit.AutoTests" name="[47] /home/travis/build/icyphy/ptII/ptolemy/actor/lib/test/auto/Clock10.xml (RunModel)" time="0.019" />
  <testcase classname="ptolemy.util.test.junit.AutoTests" name="[48] /home/travis/build/icyphy/ptII/ptolemy/actor/lib/test/auto/Clock11.xml (RunModel)" time="0.023" />
  <testcase classname="ptolemy.util.test.junit.AutoTests" name="[49] /home/travis/build/icyphy/ptII/ptolemy/actor/lib/test/auto/Clock12.xml (RunModel)" time="0.028" />
  <testcase classname="ptolemy.util.test.junit.AutoTests" name="[50] /home/travis/build/icyphy/ptII/ptolemy/actor/lib/test/auto/Clock13.xml (RunModel)" time="0.027" />
  <testcase classname="ptolemy.util.test.junit.AutoTests" name="[51] /home/travis/build/icyphy/ptII/ptolemy/actor/lib/test/auto/Clock14.xml (RunModel)" time="0.019" />
  <testcase classname="ptolemy.util.test.junit.AutoTests" name="[52] /home/travis/build/icyphy/ptII/ptolemy/actor/lib/test/auto/Clock15.xml (RunModel)" time="0.013" />
  <testcase classname="ptolemy.util.test.junit.AutoTests" name="[53] /home/travis/build/icyphy/ptII/ptolemy/actor/lib/test/auto/Clock16.xml (RunModel)" time="0.117" />
  <testcase classname="ptolemy.util.test.junit.AutoTests" name="[54] /home/travis/build/icyphy/ptII/ptolemy/actor/lib/test/auto/Clock17.xml (RunModel)" time="0.087" />
  <testcase classname="ptolemy.util.test.junit.AutoTests" name="[55] /home/travis/build/icyphy/ptII/ptolemy/actor/lib/test/auto/Clock18.xml (RunModel)" time="0.074" />
  <testcase classname="ptolemy.util.test.junit.AutoTests" name="[56] /home/travis/build/icyphy/ptII/ptolemy/actor/lib/test/auto/Clock19.xml (RunModel)" time="0.048" />
  <testcase classname="ptolemy.util.test.junit.AutoTests" name="[57] /home/travis/build/icyphy/ptII/ptolemy/actor/lib/test/auto/Clock2.xml (RunModel)" time="0.019" />
  <testcase classname="ptolemy.util.test.junit.AutoTests" name="[58] /home/travis/build/icyphy/ptII/ptolemy/actor/lib/test/auto/Clock20.xml (RunModel)" time="0.025" />
  <testcase classname="ptolemy.util.test.junit.AutoTests" name="[59] /home/travis/build/icyphy/ptII/ptolemy/actor/lib/test/auto/Clock21.xml (RunModel)" time="0.023" />
  <testcase classname="ptolemy.util.test.junit.AutoTests" name="[60] /home/travis/build/icyphy/ptII/ptolemy/actor/lib/test/auto/Clock22.xml (RunModel)" time="0.018" />
  <testcase classname="ptolemy.util.test.junit.AutoTests" name="[61] /home/travis/build/icyphy/ptII/ptolemy/actor/lib/test/auto/Clock23.xml (RunModel)" time="0.019" />
  <testcase classname="ptolemy.util.test.junit.AutoTests" name="[62] /home/travis/build/icyphy/ptII/ptolemy/actor/lib/test/auto/Clock24.xml (RunModel)" time="0.019" />
  <testcase classname="ptolemy.util.test.junit.AutoTests" name="[63] /home/travis/build/icyphy/ptII/ptolemy/actor/lib/test/auto/Clock4.xml (RunModel)" time="0.015" />
  <testcase classname="ptolemy.util.test.junit.AutoTests" name="[64] /home/travis/build/icyphy/ptII/ptolemy/actor/lib/test/auto/Clock5.xml (RunModel)" time="0.015" />
  <testcase classname="ptolemy.util.test.junit.AutoTests" name="[65] /home/travis/build/icyphy/ptII/ptolemy/actor/lib/test/auto/Clock6.xml (RunModel)" time="0.014" />
  <testcase classname="ptolemy.util.test.junit.AutoTests" name="[66] /home/travis/build/icyphy/ptII/ptolemy/actor/lib/test/auto/Clock7.xml (RunModel)" time="0.013" />
  <testcase classname="ptolemy.util.test.junit.AutoTests" name="[67] /home/travis/build/icyphy/ptII/ptolemy/actor/lib/test/auto/Clock8.xml (RunModel)" time="0.019" />
  <testcase classname="ptolemy.util.test.junit.AutoTests" name="[68] /home/travis/build/icyphy/ptII/ptolemy/actor/lib/test/auto/Clock9.xml (RunModel)" time="0.022" />
  <testcase classname="ptolemy.util.test.junit.AutoTests" name="[69] /home/travis/build/icyphy/ptII/ptolemy/actor/lib/test/auto/CommDistDiscard.xml (RunModel)" time="0.031" />
  <testcase classname="ptolemy.util.test.junit.AutoTests" name="[70] /home/travis/build/icyphy/ptII/ptolemy/actor/lib/test/auto/Commutator.xml (RunModel)" time="0.021" />
  <testcase classname="ptolemy.util.test.junit.AutoTests" name="[71] /home/travis/build/icyphy/ptII/ptolemy/actor/lib/test/auto/Commutator2.xml (RunModel)" time="0.014" />
  <testcase classname="ptolemy.util.test.junit.AutoTests" name="[72] /home/travis/build/icyphy/ptII/ptolemy/actor/lib/test/auto/Commutator3.xml (RunModel)" time="0.017" />
  <testcase classname="ptolemy.util.test.junit.AutoTests" name="[73] /home/travis/build/icyphy/ptII/ptolemy/actor/lib/test/auto/Compare.xml (RunModel)" time="0.028" />
  <testcase classname="ptolemy.util.test.junit.AutoTests" name="[74] /home/travis/build/icyphy/ptII/ptolemy/actor/lib/test/auto/CompareDE.xml (RunModel)" time="0.025" />
  <testcase classname="ptolemy.util.test.junit.AutoTests" name="[75] /home/travis/build/icyphy/ptII/ptolemy/actor/lib/test/auto/ComplexDivide.xml (RunModel)" time="0.017" />
  <testcase classname="ptolemy.util.test.junit.AutoTests" name="[76] /home/travis/build/icyphy/ptII/ptolemy/actor/lib/test/auto/ComputeHistogram.xml (RunModel)" time="0.08" />
  <testcase classname="ptolemy.util.test.junit.AutoTests" name="[77] /home/travis/build/icyphy/ptII/ptolemy/actor/lib/test/auto/ConfigurationSelect.xml (RunModel)" time="0.025" />
  <testcase classname="ptolemy.util.test.junit.AutoTests" name="[78] /home/travis/build/icyphy/ptII/ptolemy/actor/lib/test/auto/ConfigurationSelect2.xml (RunModel)" time="0.019" />
  <testcase classname="ptolemy.util.test.junit.AutoTests" name="[79] /home/travis/build/icyphy/ptII/ptolemy/actor/lib/test/auto/ConfigurationSwitch.xml (RunModel)" time="0.028" />
  <testcase classname="ptolemy.util.test.junit.AutoTests" name="[80] /home/travis/build/icyphy/ptII/ptolemy/actor/lib/test/auto/ConfigurationSwitch2.xml (RunModel)" time="0.038" />
  <testcase classname="ptolemy.util.test.junit.AutoTests" name="[81] /home/travis/build/icyphy/ptII/ptolemy/actor/lib/test/auto/ConfigurationSwitchCloningBugWithClassRelationGroup.xml (RunModel)" time="0.024" />
  <testcase classname="ptolemy.util.test.junit.AutoTests" name="[82] /home/travis/build/icyphy/ptII/ptolemy/actor/lib/test/auto/ConfigurationSwitchSelectSDF.xml (RunModel)" time="0.018" />
  <testcase classname="ptolemy.util.test.junit.AutoTests" name="[83] /home/travis/build/icyphy/ptII/ptolemy/actor/lib/test/auto/ConfigurationSwitchSelectSDF2.xml (RunModel)" time="0.023" />
  <testcase classname="ptolemy.util.test.junit.AutoTests" name="[84] /home/travis/build/icyphy/ptII/ptolemy/actor/lib/test/auto/Const.xml (RunModel)" time="0.008" />
  <testcase classname="ptolemy.util.test.junit.AutoTests" name="[85] /home/travis/build/icyphy/ptII/ptolemy/actor/lib/test/auto/Const2.xml (RunModel)" time="0.013" />
  <testcase classname="ptolemy.util.test.junit.AutoTests" name="[86] /home/travis/build/icyphy/ptII/ptolemy/actor/lib/test/auto/Const3.xml (RunModel)" time="0.008" />
  <testcase classname="ptolemy.util.test.junit.AutoTests" name="[87] /home/travis/build/icyphy/ptII/ptolemy/actor/lib/test/auto/ConstantPublisherPort1.xml (RunModel)" time="0.023" />
  <testcase classname="ptolemy.util.test.junit.AutoTests" name="[88] /home/travis/build/icyphy/ptII/ptolemy/actor/lib/test/auto/ConstantPublisherPort2.xml (RunModel)" time="0.029" />
  <testcase classname="ptolemy.util.test.junit.AutoTests" name="[89] /home/travis/build/icyphy/ptII/ptolemy/actor/lib/test/auto/ConstantPublisherPort3.xml (RunModel)" time="0.03" />
  <testcase classname="ptolemy.util.test.junit.AutoTests" name="[90] /home/travis/build/icyphy/ptII/ptolemy/actor/lib/test/auto/ConstantPublisherPort4.xml (RunModel)" time="0.029" />
  <testcase classname="ptolemy.util.test.junit.AutoTests" name="[91] /home/travis/build/icyphy/ptII/ptolemy/actor/lib/test/auto/ConstantPublisherPort5.xml (RunModel)" time="0.048" />
  <testcase classname="ptolemy.util.test.junit.AutoTests" name="[92] /home/travis/build/icyphy/ptII/ptolemy/actor/lib/test/auto/ConstantPublisherPort6.xml (RunModel)" time="0.032" />
  <testcase classname="ptolemy.util.test.junit.AutoTests" name="[93] /home/travis/build/icyphy/ptII/ptolemy/actor/lib/test/auto/ConstantPublisherPort7.xml (RunModel)" time="0.06" />
  <testcase classname="ptolemy.util.test.junit.AutoTests" name="[94] /home/travis/build/icyphy/ptII/ptolemy/actor/lib/test/auto/ConstraintMonitor1.xml (RunModel)" time="0.043" />
  <testcase classname="ptolemy.util.test.junit.AutoTests" name="[95] /home/travis/build/icyphy/ptII/ptolemy/actor/lib/test/auto/ConstraintMonitor2.xml (RunModel)" time="0.013" />
  <testcase classname="ptolemy.util.test.junit.AutoTests" name="[96] /home/travis/build/icyphy/ptII/ptolemy/actor/lib/test/auto/ConstraintMonitor3.xml (RunModel)" time="0.015" />
  <testcase classname="ptolemy.util.test.junit.AutoTests" name="[97] /home/travis/build/icyphy/ptII/ptolemy/actor/lib/test/auto/ConstraintMonitor4.xml (RunModel)" time="0.015" />
  <testcase classname="ptolemy.util.test.junit.AutoTests" name="[98] /home/travis/build/icyphy/ptII/ptolemy/actor/lib/test/auto/ConstraintMonitor5.xml (RunModel)" time="0.016" />
  <testcase classname="ptolemy.util.test.junit.AutoTests" name="[99] /home/travis/build/icyphy/ptII/ptolemy/actor/lib/test/auto/ConstraintMonitor6.xml (RunModel)" time="0.018" />
  <testcase classname="ptolemy.util.test.junit.AutoTests" name="[100] /home/travis/build/icyphy/ptII/ptolemy/actor/lib/test/auto/ConstraintMonitor7.xml (RunModel)" time="0.022" />
  <testcase classname="ptolemy.util.test.junit.AutoTests" name="[101] /home/travis/build/icyphy/ptII/ptolemy/actor/lib/test/auto/ConstraintMonitor8.xml (RunModel)" time="0.022" />
  <testcase classname="ptolemy.util.test.junit.AutoTests" name="[102] /home/travis/build/icyphy/ptII/ptolemy/actor/lib/test/auto/Counter.xml (RunModel)" time="0.017" />
  <testcase classname="ptolemy.util.test.junit.AutoTests" name="[103] /home/travis/build/icyphy/ptII/ptolemy/actor/lib/test/auto/CurrentTimeSDF.xml (RunModel)" time="0.01" />
  <testcase classname="ptolemy.util.test.junit.AutoTests" name="[104] /home/travis/build/icyphy/ptII/ptolemy/actor/lib/test/auto/DB.xml (RunModel)" time="0.016" />
  <testcase classname="ptolemy.util.test.junit.AutoTests" name="[105] /home/travis/build/icyphy/ptII/ptolemy/actor/lib/test/auto/DBDE.xml (RunModel)" time="0.017" />
  <testcase classname="ptolemy.util.test.junit.AutoTests" name="[106] /home/travis/build/icyphy/ptII/ptolemy/actor/lib/test/auto/DateConstructor.xml (RunModel)" time="0.08" />
  <testcase classname="ptolemy.util.test.junit.AutoTests" name="[107] /home/travis/build/icyphy/ptII/ptolemy/actor/lib/test/auto/DelayTime.xml (RunModel)" time="0.027" />
  <testcase classname="ptolemy.util.test.junit.AutoTests" name="[108] /home/travis/build/icyphy/ptII/ptolemy/actor/lib/test/auto/Dictionary1.xml (RunModel)" time="0.023" />
  <testcase classname="ptolemy.util.test.junit.AutoTests" name="[109] /home/travis/build/icyphy/ptII/ptolemy/actor/lib/test/auto/Dictionary2.xml (RunModel)" time="0.021" />
  <testcase classname="ptolemy.util.test.junit.AutoTests" name="[110] /home/travis/build/icyphy/ptII/ptolemy/actor/lib/test/auto/Dictionary3.xml (RunModel)" time="0.017" />
  <testcase classname="ptolemy.util.test.junit.AutoTests" name="[111] /home/travis/build/icyphy/ptII/ptolemy/actor/lib/test/auto/Dictionary4.xml (RunModel)" time="0.021" />
  <testcase classname="ptolemy.util.test.junit.AutoTests" name="[112] /home/travis/build/icyphy/ptII/ptolemy/actor/lib/test/auto/Differential.xml (RunModel)" time="0.015" />
  <testcase classname="ptolemy.util.test.junit.AutoTests" name="[113] /home/travis/build/icyphy/ptII/ptolemy/actor/lib/test/auto/Director.xml (RunModel)" time="0.014" />
  <testcase classname="ptolemy.util.test.junit.AutoTests" name="[114] /home/travis/build/icyphy/ptII/ptolemy/actor/lib/test/auto/DiscreteClock.xml (RunModel)" time="0.011" />
  <testcase classname="ptolemy.util.test.junit.AutoTests" name="[115] /home/travis/build/icyphy/ptII/ptolemy/actor/lib/test/auto/DiscreteClock10.xml (RunModel)" time="0.016" />
  <testcase classname="ptolemy.util.test.junit.AutoTests" name="[116] /home/travis/build/icyphy/ptII/ptolemy/actor/lib/test/auto/DiscreteClock11.xml (RunModel)" time="0.014" />
  <testcase classname="ptolemy.util.test.junit.AutoTests" name="[117] /home/travis/build/icyphy/ptII/ptolemy/actor/lib/test/auto/DiscreteClock12.xml (RunModel)" time="0.017" />
  <testcase classname="ptolemy.util.test.junit.AutoTests" name="[118] /home/travis/build/icyphy/ptII/ptolemy/actor/lib/test/auto/DiscreteClock13.xml (RunModel)" time="0.018" />
  <testcase classname="ptolemy.util.test.junit.AutoTests" name="[119] /home/travis/build/icyphy/ptII/ptolemy/actor/lib/test/auto/DiscreteClock14.xml (RunModel)" time="0.017" />
  <testcase classname="ptolemy.util.test.junit.AutoTests" name="[120] /home/travis/build/icyphy/ptII/ptolemy/actor/lib/test/auto/DiscreteClock15.xml (RunModel)" time="0.017" />
  <testcase classname="ptolemy.util.test.junit.AutoTests" name="[121] /home/travis/build/icyphy/ptII/ptolemy/actor/lib/test/auto/DiscreteClock16.xml (RunModel)" time="0.05" />
  <testcase classname="ptolemy.util.test.junit.AutoTests" name="[122] /home/travis/build/icyphy/ptII/ptolemy/actor/lib/test/auto/DiscreteClock17.xml (RunModel)" time="0.045" />
  <testcase classname="ptolemy.util.test.junit.AutoTests" name="[123] /home/travis/build/icyphy/ptII/ptolemy/actor/lib/test/auto/DiscreteClock18.xml (RunModel)" time="0.051" />
  <testcase classname="ptolemy.util.test.junit.AutoTests" name="[124] /home/travis/build/icyphy/ptII/ptolemy/actor/lib/test/auto/DiscreteClock19.xml (RunModel)" time="0.039" />
  <testcase classname="ptolemy.util.test.junit.AutoTests" name="[125] /home/travis/build/icyphy/ptII/ptolemy/actor/lib/test/auto/DiscreteClock2.xml (RunModel)" time="0.016" />
  <testcase classname="ptolemy.util.test.junit.AutoTests" name="[126] /home/travis/build/icyphy/ptII/ptolemy/actor/lib/test/auto/DiscreteClock20.xml (RunModel)" time="0.018" />
  <testcase classname="ptolemy.util.test.junit.AutoTests" name="[127] /home/travis/build/icyphy/ptII/ptolemy/actor/lib/test/auto/DiscreteClock21.xml (RunModel)" time="0.016" />
  <testcase classname="ptolemy.util.test.junit.AutoTests" name="[128] /home/travis/build/icyphy/ptII/ptolemy/actor/lib/test/auto/DiscreteClock22.xml (RunModel)" time="0.016" />
  <testcase classname="ptolemy.util.test.junit.AutoTests" name="[129] /home/travis/build/icyphy/ptII/ptolemy/actor/lib/test/auto/DiscreteClock23.xml (RunModel)" time="0.021" />
  <testcase classname="ptolemy.util.test.junit.AutoTests" name="[130] /home/travis/build/icyphy/ptII/ptolemy/actor/lib/test/auto/DiscreteClock24.xml (RunModel)" time="0.016" />
  <testcase classname="ptolemy.util.test.junit.AutoTests" name="[131] /home/travis/build/icyphy/ptII/ptolemy/actor/lib/test/auto/DiscreteClock4.xml (RunModel)" time="0.014" />
  <testcase classname="ptolemy.util.test.junit.AutoTests" name="[132] /home/travis/build/icyphy/ptII/ptolemy/actor/lib/test/auto/DiscreteClock5.xml (RunModel)" time="0.012" />
  <testcase classname="ptolemy.util.test.junit.AutoTests" name="[133] /home/travis/build/icyphy/ptII/ptolemy/actor/lib/test/auto/DiscreteClock6.xml (RunModel)" time="0.021" />
  <testcase classname="ptolemy.util.test.junit.AutoTests" name="[134] /home/travis/build/icyphy/ptII/ptolemy/actor/lib/test/auto/DiscreteClock7.xml (RunModel)" time="0.011" />
  <testcase classname="ptolemy.util.test.junit.AutoTests" name="[135] /home/travis/build/icyphy/ptII/ptolemy/actor/lib/test/auto/DiscreteClock8.xml (RunModel)" time="0.021" />
  <testcase classname="ptolemy.util.test.junit.AutoTests" name="[136] /home/travis/build/icyphy/ptII/ptolemy/actor/lib/test/auto/DiscreteClock9.xml (RunModel)" time="0.016" />
  <testcase classname="ptolemy.util.test.junit.AutoTests" name="[137] /home/travis/build/icyphy/ptII/ptolemy/actor/lib/test/auto/DisplayArray.xml (RunModel)" time="0.012" />
  <testcase classname="ptolemy.util.test.junit.AutoTests" name="[138] /home/travis/build/icyphy/ptII/ptolemy/actor/lib/test/auto/Distributor.xml (RunModel)" time="0.011" />
  <testcase classname="ptolemy.util.test.junit.AutoTests" name="[139] /home/travis/build/icyphy/ptII/ptolemy/actor/lib/test/auto/Distributor2.xml (RunModel)" time="0.014" />
  <testcase classname="ptolemy.util.test.junit.AutoTests" name="[140] /home/travis/build/icyphy/ptII/ptolemy/actor/lib/test/auto/DownSample.xml (RunModel)" time="0.015" />
  <testcase classname="ptolemy.util.test.junit.AutoTests" name="[141] /home/travis/build/icyphy/ptII/ptolemy/actor/lib/test/auto/ElectronicUnitBase1.xml (RunModel)" time="0.068" />
  <testcase classname="ptolemy.util.test.junit.AutoTests" name="[142] /home/travis/build/icyphy/ptII/ptolemy/actor/lib/test/auto/ElementsToArray.xml (RunModel)" time="0.013" />
  <testcase classname="ptolemy.util.test.junit.AutoTests" name="[143] /home/travis/build/icyphy/ptII/ptolemy/actor/lib/test/auto/Equals.xml (RunModel)" time="0.02" />
  <testcase classname="ptolemy.util.test.junit.AutoTests" name="[144] /home/travis/build/icyphy/ptII/ptolemy/actor/lib/test/auto/Exec.xml (RunModel)" time="0.036" />
  <testcase classname="ptolemy.util.test.junit.AutoTests" name="[145] /home/travis/build/icyphy/ptII/ptolemy/actor/lib/test/auto/ExecEnvironment.xml (RunModel)" time="0.038" />
  <testcase classname="ptolemy.util.test.junit.AutoTests" name="[146] /home/travis/build/icyphy/ptII/ptolemy/actor/lib/test/auto/ExecNonZeroReturnOutput.xml (RunModel)" time="0.22" />
  <testcase classname="ptolemy.util.test.junit.AutoTests" name="[147] /home/travis/build/icyphy/ptII/ptolemy/actor/lib/test/auto/ExecRunDemos.xml (RunModel)" time="11.101" />
  <testcase classname="ptolemy.util.test.junit.AutoTests" name="[148] /home/travis/build/icyphy/ptII/ptolemy/actor/lib/test/auto/ExecStop.xml (RunModel)" time="5.046" />
  <testcase classname="ptolemy.util.test.junit.AutoTests" name="[149] /home/travis/build/icyphy/ptII/ptolemy/actor/lib/test/auto/ExecutionTimeSDF.xml (RunModel)" time="6.036" />
  <testcase classname="ptolemy.util.test.junit.AutoTests" name="[150] /home/travis/build/icyphy/ptII/ptolemy/actor/lib/test/auto/Expression1.xml (RunModel)" time="0.017" />
  <testcase classname="ptolemy.util.test.junit.AutoTests" name="[151] /home/travis/build/icyphy/ptII/ptolemy/actor/lib/test/auto/Expression10.xml (RunModel)" time="0.017" />
  <testcase classname="ptolemy.util.test.junit.AutoTests" name="[152] /home/travis/build/icyphy/ptII/ptolemy/actor/lib/test/auto/Expression11.xml (RunModel)" time="0.013" />
  <testcase classname="ptolemy.util.test.junit.AutoTests" name="[153] /home/travis/build/icyphy/ptII/ptolemy/actor/lib/test/auto/Expression12.xml (RunModel)" time="0.018" />
  <testcase classname="ptolemy.util.test.junit.AutoTests" name="[154] /home/travis/build/icyphy/ptII/ptolemy/actor/lib/test/auto/Expression13.xml (RunModel)" time="0.027" />
  <testcase classname="ptolemy.util.test.junit.AutoTests" name="[155] /home/travis/build/icyphy/ptII/ptolemy/actor/lib/test/auto/Expression14.xml (RunModel)" time="0.024" />
  <testcase classname="ptolemy.util.test.junit.AutoTests" name="[156] /home/travis/build/icyphy/ptII/ptolemy/actor/lib/test/auto/Expression15.xml (RunModel)" time="0.012" />
  <testcase classname="ptolemy.util.test.junit.AutoTests" name="[157] /home/travis/build/icyphy/ptII/ptolemy/actor/lib/test/auto/Expression16.xml (RunModel)" time="0.014" />
  <testcase classname="ptolemy.util.test.junit.AutoTests" name="[158] /home/travis/build/icyphy/ptII/ptolemy/actor/lib/test/auto/Expression17.xml (RunModel)" time="0.012" />
  <testcase classname="ptolemy.util.test.junit.AutoTests" name="[159] /home/travis/build/icyphy/ptII/ptolemy/actor/lib/test/auto/Expression18.xml (RunModel)" time="0.015" />
  <testcase classname="ptolemy.util.test.junit.AutoTests" name="[160] /home/travis/build/icyphy/ptII/ptolemy/actor/lib/test/auto/Expression2.xml (RunModel)" time="0.016" />
  <testcase classname="ptolemy.util.test.junit.AutoTests" name="[161] /home/travis/build/icyphy/ptII/ptolemy/actor/lib/test/auto/Expression3.xml (RunModel)" time="0.016" />
  <testcase classname="ptolemy.util.test.junit.AutoTests" name="[162] /home/travis/build/icyphy/ptII/ptolemy/actor/lib/test/auto/Expression4.xml (RunModel)" time="0.028" />
  <testcase classname="ptolemy.util.test.junit.AutoTests" name="[163] /home/travis/build/icyphy/ptII/ptolemy/actor/lib/test/auto/Expression5.xml (RunModel)" time="0.015" />
  <testcase classname="ptolemy.util.test.junit.AutoTests" name="[164] /home/travis/build/icyphy/ptII/ptolemy/actor/lib/test/auto/Expression6.xml (RunModel)" time="0.01" />
  <testcase classname="ptolemy.util.test.junit.AutoTests" name="[165] /home/travis/build/icyphy/ptII/ptolemy/actor/lib/test/auto/Expression7.xml (RunModel)" time="0.017" />
  <testcase classname="ptolemy.util.test.junit.AutoTests" name="[166] /home/travis/build/icyphy/ptII/ptolemy/actor/lib/test/auto/Expression8.xml (RunModel)" time="0.02" />
  <testcase classname="ptolemy.util.test.junit.AutoTests" name="[167] /home/travis/build/icyphy/ptII/ptolemy/actor/lib/test/auto/Expression9.xml (RunModel)" time="0.011" />
  <testcase classname="ptolemy.util.test.junit.AutoTests" name="[168] /home/travis/build/icyphy/ptII/ptolemy/actor/lib/test/auto/ExpressionConcatenateArrayType.xml (RunModel)" time="0.029" />
  <testcase classname="ptolemy.util.test.junit.AutoTests" name="[169] /home/travis/build/icyphy/ptII/ptolemy/actor/lib/test/auto/ExpressionConcatenateArrayType2.xml (RunModel)" time="0.025" />
  <testcase classname="ptolemy.util.test.junit.AutoTests" name="[170] /home/travis/build/icyphy/ptII/ptolemy/actor/lib/test/auto/ExpressionFix.xml (RunModel)" time="0.052" />
  <testcase classname="ptolemy.util.test.junit.AutoTests" name="[171] /home/travis/build/icyphy/ptII/ptolemy/actor/lib/test/auto/ExpressionFix2.xml (RunModel)" time="0.014" />
  <testcase classname="ptolemy.util.test.junit.AutoTests" name="[172] /home/travis/build/icyphy/ptII/ptolemy/actor/lib/test/auto/ExpressionFix3.xml (RunModel)" time="0.015" />
  <testcase classname="ptolemy.util.test.junit.AutoTests" name="[173] /home/travis/build/icyphy/ptII/ptolemy/actor/lib/test/auto/FileWriter1.xml (RunModel)" time="0.012" />
  <testcase classname="ptolemy.util.test.junit.AutoTests" name="[174] /home/travis/build/icyphy/ptII/ptolemy/actor/lib/test/auto/FileWriter2.xml (RunModel)" time="0.012" />
  <testcase classname="ptolemy.util.test.junit.AutoTests" name="[175] /home/travis/build/icyphy/ptII/ptolemy/actor/lib/test/auto/FileWriter3.xml (RunModel)" time="0.017" />
  <testcase classname="ptolemy.util.test.junit.AutoTests" name="[176] /home/travis/build/icyphy/ptII/ptolemy/actor/lib/test/auto/Gaussian.xml (RunModel)" time="0.018" />
  <testcase classname="ptolemy.util.test.junit.AutoTests" name="[177] /home/travis/build/icyphy/ptII/ptolemy/actor/lib/test/auto/Gaussian1.xml (RunModel)" time="0.024" />
  <testcase classname="ptolemy.util.test.junit.AutoTests" name="[178] /home/travis/build/icyphy/ptII/ptolemy/actor/lib/test/auto/Gaussian2.xml (RunModel)" time="0.021" />
  <testcase classname="ptolemy.util.test.junit.AutoTests" name="[179] /home/travis/build/icyphy/ptII/ptolemy/actor/lib/test/auto/GradientAdaptiveLattice.xml (RunModel)" time="0.018" />
  <testcase classname="ptolemy.util.test.junit.AutoTests" name="[180] /home/travis/build/icyphy/ptII/ptolemy/actor/lib/test/auto/IIR.xml (RunModel)" time="0.013" />
  <testcase classname="ptolemy.util.test.junit.AutoTests" name="[181] /home/travis/build/icyphy/ptII/ptolemy/actor/lib/test/auto/InputOutputTransparentPorts.xml (RunModel)" time="0.021" />
  <testcase classname="ptolemy.util.test.junit.AutoTests" name="[182] /home/travis/build/icyphy/ptII/ptolemy/actor/lib/test/auto/Interpolator.xml (RunModel)" time="0.017" />
  <testcase classname="ptolemy.util.test.junit.AutoTests" name="[183] /home/travis/build/icyphy/ptII/ptolemy/actor/lib/test/auto/InterpolatorFiringLimitDE.xml (RunModel)" time="0.017" />
  <testcase classname="ptolemy.util.test.junit.AutoTests" name="[184] /home/travis/build/icyphy/ptII/ptolemy/actor/lib/test/auto/Lattice.xml (RunModel)" time="0.018" />
  <testcase classname="ptolemy.util.test.junit.AutoTests" name="[185] /home/travis/build/icyphy/ptII/ptolemy/actor/lib/test/auto/LazyAOCTestLazy.xml (RunModel)" time="0.023" />
  <testcase classname="ptolemy.util.test.junit.AutoTests" name="[186] /home/travis/build/icyphy/ptII/ptolemy/actor/lib/test/auto/LazyAOCTestNonLazy.xml (RunModel)" time="0.061" />
  <testcase classname="ptolemy.util.test.junit.AutoTests" name="[187] /home/travis/build/icyphy/ptII/ptolemy/actor/lib/test/auto/LazyInnerClass.xml (RunModel)" time="0.038" />
  <testcase classname="ptolemy.util.test.junit.AutoTests" name="[188] /home/travis/build/icyphy/ptII/ptolemy/actor/lib/test/auto/LazyPubSub.xml (RunModel)" time="0.063" />
  <testcase classname="ptolemy.util.test.junit.AutoTests" name="[189] /home/travis/build/icyphy/ptII/ptolemy/actor/lib/test/auto/LazyPubSub2.xml (RunModel)" time="0.074" />
  <testcase classname="ptolemy.util.test.junit.AutoTests" name="[190] /home/travis/build/icyphy/ptII/ptolemy/actor/lib/test/auto/LazyPubSub3.xml (RunModel)" time="0.034" />
  <testcase classname="ptolemy.util.test.junit.AutoTests" name="[191] /home/travis/build/icyphy/ptII/ptolemy/actor/lib/test/auto/LazySubClassModel.xml (RunModel)" time="0.025" />
  <testcase classname="ptolemy.util.test.junit.AutoTests" name="[192] /home/travis/build/icyphy/ptII/ptolemy/actor/lib/test/auto/LevelCrossTest1.xml (RunModel)" time="0.013" />
  <testcase classname="ptolemy.util.test.junit.AutoTests" name="[193] /home/travis/build/icyphy/ptII/ptolemy/actor/lib/test/auto/LevelCrossTest10.xml (RunModel)" time="0.019" />
  <testcase classname="ptolemy.util.test.junit.AutoTests" name="[194] /home/travis/build/icyphy/ptII/ptolemy/actor/lib/test/auto/LevelCrossTest11.xml (RunModel)" time="0.021" />
  <testcase classname="ptolemy.util.test.junit.AutoTests" name="[195] /home/travis/build/icyphy/ptII/ptolemy/actor/lib/test/auto/LevelCrossTest12.xml (RunModel)" time="0.023" />
  <testcase classname="ptolemy.util.test.junit.AutoTests" name="[196] /home/travis/build/icyphy/ptII/ptolemy/actor/lib/test/auto/LevelCrossTest13.xml (RunModel)" time="0.015" />
  <testcase classname="ptolemy.util.test.junit.AutoTests" name="[197] /home/travis/build/icyphy/ptII/ptolemy/actor/lib/test/auto/LevelCrossTest2.xml (RunModel)" time="0.013" />
  <testcase classname="ptolemy.util.test.junit.AutoTests" name="[198] /home/travis/build/icyphy/ptII/ptolemy/actor/lib/test/auto/LevelCrossTest3.xml (RunModel)" time="0.032" />
  <testcase classname="ptolemy.util.test.junit.AutoTests" name="[199] /home/travis/build/icyphy/ptII/ptolemy/actor/lib/test/auto/LevelCrossTest4.xml (RunModel)" time="0.021" />
  <testcase classname="ptolemy.util.test.junit.AutoTests" name="[200] /home/travis/build/icyphy/ptII/ptolemy/actor/lib/test/auto/LevelCrossTest5.xml (RunModel)" time="0.035" />
  <testcase classname="ptolemy.util.test.junit.AutoTests" name="[201] /home/travis/build/icyphy/ptII/ptolemy/actor/lib/test/auto/LevelCrossTest6.xml (RunModel)" time="0.015" />
  <testcase classname="ptolemy.util.test.junit.AutoTests" name="[202] /home/travis/build/icyphy/ptII/ptolemy/actor/lib/test/auto/LevelCrossTest7.xml (RunModel)" time="0.024" />
  <testcase classname="ptolemy.util.test.junit.AutoTests" name="[203] /home/travis/build/icyphy/ptII/ptolemy/actor/lib/test/auto/LevelCrossTest8.xml (RunModel)" time="0.016" />
  <testcase classname="ptolemy.util.test.junit.AutoTests" name="[204] /home/travis/build/icyphy/ptII/ptolemy/actor/lib/test/auto/LevelCrossTest9.xml (RunModel)" time="0.016" />
  <testcase classname="ptolemy.util.test.junit.AutoTests" name="[205] /home/travis/build/icyphy/ptII/ptolemy/actor/lib/test/auto/LevinsonDurbin.xml (RunModel)" time="0.013" />
  <testcase classname="ptolemy.util.test.junit.AutoTests" name="[206] /home/travis/build/icyphy/ptII/ptolemy/actor/lib/test/auto/LevinsonDurbin2.xml (RunModel)" time="0.011" />
  <testcase classname="ptolemy.util.test.junit.AutoTests" name="[207] /home/travis/build/icyphy/ptII/ptolemy/actor/lib/test/auto/LevinsonDurbin3.xml (RunModel)" time="0.014" />
  <testcase classname="ptolemy.util.test.junit.AutoTests" name="[208] /home/travis/build/icyphy/ptII/ptolemy/actor/lib/test/auto/Limiter.xml (RunModel)" time="0.045" />
  <testcase classname="ptolemy.util.test.junit.AutoTests" name="[209] /home/travis/build/icyphy/ptII/ptolemy/actor/lib/test/auto/LinearDifferenceEquationSystem.xml (RunModel)" time="0.025" />
  <testcase classname="ptolemy.util.test.junit.AutoTests" name="[210] /home/travis/build/icyphy/ptII/ptolemy/actor/lib/test/auto/LookupTable.xml (RunModel)" time="0.013" />
  <testcase classname="ptolemy.util.test.junit.AutoTests" name="[211] /home/travis/build/icyphy/ptII/ptolemy/actor/lib/test/auto/MathFunction.xml (RunModel)" time="0.024" />
  <testcase classname="ptolemy.util.test.junit.AutoTests" name="[212] /home/travis/build/icyphy/ptII/ptolemy/actor/lib/test/auto/MathFunction2.xml (RunModel)" time="0.016" />
  <testcase classname="ptolemy.util.test.junit.AutoTests" name="[213] /home/travis/build/icyphy/ptII/ptolemy/actor/lib/test/auto/MathFunction3.xml (RunModel)" time="0.022" />
  <testcase classname="ptolemy.util.test.junit.AutoTests" name="[214] /home/travis/build/icyphy/ptII/ptolemy/actor/lib/test/auto/MatrixCropBoolean.xml (RunModel)" time="0.015" />
  <testcase classname="ptolemy.util.test.junit.AutoTests" name="[215] /home/travis/build/icyphy/ptII/ptolemy/actor/lib/test/auto/MatrixCropComplex.xml (RunModel)" time="0.017" />
  <testcase classname="ptolemy.util.test.junit.AutoTests" name="[216] /home/travis/build/icyphy/ptII/ptolemy/actor/lib/test/auto/MatrixCropDouble.xml (RunModel)" time="0.011" />
  <testcase classname="ptolemy.util.test.junit.AutoTests" name="[217] /home/travis/build/icyphy/ptII/ptolemy/actor/lib/test/auto/MatrixCropFix.xml (RunModel)" time="0.019" />
  <testcase classname="ptolemy.util.test.junit.AutoTests" name="[218] /home/travis/build/icyphy/ptII/ptolemy/actor/lib/test/auto/MatrixCropInt.xml (RunModel)" time="0.019" />
  <testcase classname="ptolemy.util.test.junit.AutoTests" name="[219] /home/travis/build/icyphy/ptII/ptolemy/actor/lib/test/auto/MatrixCropLong.xml (RunModel)" time="0.011" />
  <testcase classname="ptolemy.util.test.junit.AutoTests" name="[220] /home/travis/build/icyphy/ptII/ptolemy/actor/lib/test/auto/MatrixToArray.xml (RunModel)" time="0.068" />
  <testcase classname="ptolemy.util.test.junit.AutoTests" name="[221] /home/travis/build/icyphy/ptII/ptolemy/actor/lib/test/auto/MaxIndex.xml (RunModel)" time="0.015" />
  <testcase classname="ptolemy.util.test.junit.AutoTests" name="[222] /home/travis/build/icyphy/ptII/ptolemy/actor/lib/test/auto/Maximum.xml (RunModel)" time="0.015" />
  <testcase classname="ptolemy.util.test.junit.AutoTests" name="[223] /home/travis/build/icyphy/ptII/ptolemy/actor/lib/test/auto/MaximumComplex.xml (RunModel)" time="0.017" />
  <testcase classname="ptolemy.util.test.junit.AutoTests" name="[224] /home/travis/build/icyphy/ptII/ptolemy/actor/lib/test/auto/MethodCallTest.xml (RunModel)" time="0.029" />
  <testcase classname="ptolemy.util.test.junit.AutoTests" name="[225] /home/travis/build/icyphy/ptII/ptolemy/actor/lib/test/auto/Minimum.xml (RunModel)" time="0.021" />
  <testcase classname="ptolemy.util.test.junit.AutoTests" name="[226] /home/travis/build/icyphy/ptII/ptolemy/actor/lib/test/auto/MinimumComplex.xml (RunModel)" time="0.015" />
  <testcase classname="ptolemy.util.test.junit.AutoTests" name="[227] /home/travis/build/icyphy/ptII/ptolemy/actor/lib/test/auto/MinimumMultiports.xml (RunModel)" time="0.019" />
  <testcase classname="ptolemy.util.test.junit.AutoTests" name="[228] /home/travis/build/icyphy/ptII/ptolemy/actor/lib/test/auto/ModifyDate.xml (RunModel)" time="0.052" />
  <testcase classname="ptolemy.util.test.junit.AutoTests" name="[229] /home/travis/build/icyphy/ptII/ptolemy/actor/lib/test/auto/ModifyDate2.xml (RunModel)" time="0.032" />
  <testcase classname="ptolemy.util.test.junit.AutoTests" name="[230] /home/travis/build/icyphy/ptII/ptolemy/actor/lib/test/auto/MovingAverage.xml (RunModel)" time="0.015" />
  <testcase classname="ptolemy.util.test.junit.AutoTests" name="[231] /home/travis/build/icyphy/ptII/ptolemy/actor/lib/test/auto/MovingMaximum.xml (RunModel)" time="0.013" />
  <testcase classname="ptolemy.util.test.junit.AutoTests" name="[232] /home/travis/build/icyphy/ptII/ptolemy/actor/lib/test/auto/MultipleLinksToSameRelation.xml (RunModel)" time="0.009" />
  <testcase classname="ptolemy.util.test.junit.AutoTests" name="[233] /home/travis/build/icyphy/ptII/ptolemy/actor/lib/test/auto/MultipleLinksToSameRelationDE.xml (RunModel)" time="0.021" />
  <testcase classname="ptolemy.util.test.junit.AutoTests" name="[234] /home/travis/build/icyphy/ptII/ptolemy/actor/lib/test/auto/Multiplexor.xml (RunModel)" time="0.018" />
  <testcase classname="ptolemy.util.test.junit.AutoTests" name="[235] /home/travis/build/icyphy/ptII/ptolemy/actor/lib/test/auto/Multiplexor1.xml (RunModel)" time="0.013" />
  <testcase classname="ptolemy.util.test.junit.AutoTests" name="[236] /home/travis/build/icyphy/ptII/ptolemy/actor/lib/test/auto/Multiplexor2.xml (RunModel)" time="0.02" />
  <testcase classname="ptolemy.util.test.junit.AutoTests" name="[237] /home/travis/build/icyphy/ptII/ptolemy/actor/lib/test/auto/Multiplexor3.xml (RunModel)" time="0.009" />
  <testcase classname="ptolemy.util.test.junit.AutoTests" name="[238] /home/travis/build/icyphy/ptII/ptolemy/actor/lib/test/auto/MultiplexorDE.xml (RunModel)" time="0.019" />
  <testcase classname="ptolemy.util.test.junit.AutoTests" name="[239] /home/travis/build/icyphy/ptII/ptolemy/actor/lib/test/auto/MultiportBroadcastTest.xml (RunModel)" time="0.119" />
  <testcase classname="ptolemy.util.test.junit.AutoTests" name="[240] /home/travis/build/icyphy/ptII/ptolemy/actor/lib/test/auto/MultiportOutHangDuringGetWidth.xml (RunModel)" time="0.036" />
  <testcase classname="ptolemy.util.test.junit.AutoTests" name="[241] /home/travis/build/icyphy/ptII/ptolemy/actor/lib/test/auto/NilToken.xml (RunModel)" time="0.013" />
  <testcase classname="ptolemy.util.test.junit.AutoTests" name="[242] /home/travis/build/icyphy/ptII/ptolemy/actor/lib/test/auto/NilTokenNonStrictTest.xml (RunModel)" time="0.015" />
  <testcase classname="ptolemy.util.test.junit.AutoTests" name="[243] /home/travis/build/icyphy/ptII/ptolemy/actor/lib/test/auto/NilTokenRecord.xml (RunModel)" time="0.028" />
  <testcase classname="ptolemy.util.test.junit.AutoTests" name="[244] /home/travis/build/icyphy/ptII/ptolemy/actor/lib/test/auto/NilTokenTypeTest.xml (RunModel)" time="0.034" />
  <testcase classname="ptolemy.util.test.junit.AutoTests" name="[245] /home/travis/build/icyphy/ptII/ptolemy/actor/lib/test/auto/ObjectToken1.xml (RunModel)" time="0.018" />
  <testcase classname="ptolemy.util.test.junit.AutoTests" name="[246] /home/travis/build/icyphy/ptII/ptolemy/actor/lib/test/auto/OrderedMerge.xml (RunModel)" time="0.02" />
  <testcase classname="ptolemy.util.test.junit.AutoTests" name="[247] /home/travis/build/icyphy/ptII/ptolemy/actor/lib/test/auto/OrderedRecordDisassembler.xml (RunModel)" time="0.02" />
  <testcase classname="ptolemy.util.test.junit.AutoTests" name="[248] /home/travis/build/icyphy/ptII/ptolemy/actor/lib/test/auto/OrderedRecordDisassembler2.xml (RunModel)" time="0.019" />
  <testcase classname="ptolemy.util.test.junit.AutoTests" name="[249] /home/travis/build/icyphy/ptII/ptolemy/actor/lib/test/auto/OrderedRecordUpdater.xml (RunModel)" time="0.013" />
  <testcase classname="ptolemy.util.test.junit.AutoTests" name="[250] /home/travis/build/icyphy/ptII/ptolemy/actor/lib/test/auto/OrderedRecordUpdater2.xml (RunModel)" time="0.023" />
  <testcase classname="ptolemy.util.test.junit.AutoTests" name="[251] /home/travis/build/icyphy/ptII/ptolemy/actor/lib/test/auto/PhaseUnwrap.xml (RunModel)" time="0.021" />
  <testcase classname="ptolemy.util.test.junit.AutoTests" name="[252] /home/travis/build/icyphy/ptII/ptolemy/actor/lib/test/auto/PoissonClock.xml (RunModel)" time="0.012" />
  <testcase classname="ptolemy.util.test.junit.AutoTests" name="[253] /home/travis/build/icyphy/ptII/ptolemy/actor/lib/test/auto/PoissonClock2.xml (RunModel)" time="0.008" />
  <testcase classname="ptolemy.util.test.junit.AutoTests" name="[254] /home/travis/build/icyphy/ptII/ptolemy/actor/lib/test/auto/PoissonClock3.xml (RunModel)" time="0.029" />
  <testcase classname="ptolemy.util.test.junit.AutoTests" name="[255] /home/travis/build/icyphy/ptII/ptolemy/actor/lib/test/auto/PubSubWithInitialTokens.xml (RunModel)" time="0.012" />
  <testcase classname="ptolemy.util.test.junit.AutoTests" name="[256] /home/travis/build/icyphy/ptII/ptolemy/actor/lib/test/auto/PubSubWithInitialTokens2.xml (RunModel)" time="0.012" />
  <testcase classname="ptolemy.util.test.junit.AutoTests" name="[257] /home/travis/build/icyphy/ptII/ptolemy/actor/lib/test/auto/PublisherClassNoParameter.xml (RunModel)" time="0.022" />
  <testcase classname="ptolemy.util.test.junit.AutoTests" name="[258] /home/travis/build/icyphy/ptII/ptolemy/actor/lib/test/auto/PublisherClassParameter.xml (RunModel)" time="0.023" />
  <testcase classname="ptolemy.util.test.junit.AutoTests" name="[259] /home/travis/build/icyphy/ptII/ptolemy/actor/lib/test/auto/PublisherNonStrictTest.xml (RunModel)" time="0.016" />
  <testcase classname="ptolemy.util.test.junit.AutoTests" name="[260] /home/travis/build/icyphy/ptII/ptolemy/actor/lib/test/auto/PublisherPort1.xml (RunModel)" time="0.026" />
  <testcase classname="ptolemy.util.test.junit.AutoTests" name="[261] /home/travis/build/icyphy/ptII/ptolemy/actor/lib/test/auto/PublisherPort2.xml (RunModel)" time="0.011" />
  <testcase classname="ptolemy.util.test.junit.AutoTests" name="[262] /home/travis/build/icyphy/ptII/ptolemy/actor/lib/test/auto/PublisherPort3.xml (RunModel)" time="0.012" />
  <testcase classname="ptolemy.util.test.junit.AutoTests" name="[263] /home/travis/build/icyphy/ptII/ptolemy/actor/lib/test/auto/PublisherPort4.xml (RunModel)" time="0.016" />
  <testcase classname="ptolemy.util.test.junit.AutoTests" name="[264] /home/travis/build/icyphy/ptII/ptolemy/actor/lib/test/auto/PublisherPort5.xml (RunModel)" time="0.015" />
  <testcase classname="ptolemy.util.test.junit.AutoTests" name="[265] /home/travis/build/icyphy/ptII/ptolemy/actor/lib/test/auto/PublisherPort5LookAlike.xml (RunModel)" time="0.02" />
  <testcase classname="ptolemy.util.test.junit.AutoTests" name="[266] /home/travis/build/icyphy/ptII/ptolemy/actor/lib/test/auto/PublisherPort6.xml (RunModel)" time="0.014" />
  <testcase classname="ptolemy.util.test.junit.AutoTests" name="[267] /home/travis/build/icyphy/ptII/ptolemy/actor/lib/test/auto/PublisherPort7.xml (RunModel)" time="0.02" />
  <testcase classname="ptolemy.util.test.junit.AutoTests" name="[268] /home/travis/build/icyphy/ptII/ptolemy/actor/lib/test/auto/PublisherPort8.xml (RunModel)" time="0.018" />
  <testcase classname="ptolemy.util.test.junit.AutoTests" name="[269] /home/travis/build/icyphy/ptII/ptolemy/actor/lib/test/auto/PublisherPortSubscriberChannelVariablesAOC2.xml (RunModel)" time="0.045" />
  <testcase classname="ptolemy.util.test.junit.AutoTests" name="[270] /home/travis/build/icyphy/ptII/ptolemy/actor/lib/test/auto/PublisherPortSubscriberOpaqueWidthInference.xml (RunModel)" time="0.017" />
  <testcase classname="ptolemy.util.test.junit.AutoTests" name="[271] /home/travis/build/icyphy/ptII/ptolemy/actor/lib/test/auto/PublisherPortSubscriberPortAdjacent.xml (RunModel)" time="0.019" />
  <testcase classname="ptolemy.util.test.junit.AutoTests" name="[272] /home/travis/build/icyphy/ptII/ptolemy/actor/lib/test/auto/PublisherPortSubscriberPortExpression.xml (RunModel)" time="0.029" />
  <testcase classname="ptolemy.util.test.junit.AutoTests" name="[273] /home/travis/build/icyphy/ptII/ptolemy/actor/lib/test/auto/PublisherPortSubscriberPortOpaqueD3Reverse.xml (RunModel)" time="0.025" />
  <testcase classname="ptolemy.util.test.junit.AutoTests" name="[274] /home/travis/build/icyphy/ptII/ptolemy/actor/lib/test/auto/PublisherPortSubscriberPortOpaqueWidthInference.xml (RunModel)" time="0.021" />
  <testcase classname="ptolemy.util.test.junit.AutoTests" name="[275] /home/travis/build/icyphy/ptII/ptolemy/actor/lib/test/auto/PublisherPortToplevelSubscriberPortAOC.xml (RunModel)" time="0.013" />
  <testcase classname="ptolemy.util.test.junit.AutoTests" name="[276] /home/travis/build/icyphy/ptII/ptolemy/actor/lib/test/auto/PublisherSubscriber.xml (RunModel)" time="0.025" />
  <testcase classname="ptolemy.util.test.junit.AutoTests" name="[277] /home/travis/build/icyphy/ptII/ptolemy/actor/lib/test/auto/PublisherSubscriber10.xml (RunModel)" time="0.026" />
  <testcase classname="ptolemy.util.test.junit.AutoTests" name="[278] /home/travis/build/icyphy/ptII/ptolemy/actor/lib/test/auto/PublisherSubscriber10InitialOutputs.xml (RunModel)" time="0.031" />
  <testcase classname="ptolemy.util.test.junit.AutoTests" name="[279] /home/travis/build/icyphy/ptII/ptolemy/actor/lib/test/auto/PublisherSubscriber11.xml (RunModel)" time="0.019" />
  <testcase classname="ptolemy.util.test.junit.AutoTests" name="[280] /home/travis/build/icyphy/ptII/ptolemy/actor/lib/test/auto/PublisherSubscriber12.xml (RunModel)" time="0.025" />
  <testcase classname="ptolemy.util.test.junit.AutoTests" name="[281] /home/travis/build/icyphy/ptII/ptolemy/actor/lib/test/auto/PublisherSubscriber13.xml (RunModel)" time="0.012" />
  <testcase classname="ptolemy.util.test.junit.AutoTests" name="[282] /home/travis/build/icyphy/ptII/ptolemy/actor/lib/test/auto/PublisherSubscriber14.xml (RunModel)" time="0.023" />
  <testcase classname="ptolemy.util.test.junit.AutoTests" name="[283] /home/travis/build/icyphy/ptII/ptolemy/actor/lib/test/auto/PublisherSubscriber2.xml (RunModel)" time="0.017" />
  <testcase classname="ptolemy.util.test.junit.AutoTests" name="[284] /home/travis/build/icyphy/ptII/ptolemy/actor/lib/test/auto/PublisherSubscriber3.xml (RunModel)" time="0.011" />
  <testcase classname="ptolemy.util.test.junit.AutoTests" name="[285] /home/travis/build/icyphy/ptII/ptolemy/actor/lib/test/auto/PublisherSubscriber4.xml (RunModel)" time="0.012" />
  <testcase classname="ptolemy.util.test.junit.AutoTests" name="[286] /home/travis/build/icyphy/ptII/ptolemy/actor/lib/test/auto/PublisherSubscriber5.xml (RunModel)" time="0.015" />
  <testcase classname="ptolemy.util.test.junit.AutoTests" name="[287] /home/travis/build/icyphy/ptII/ptolemy/actor/lib/test/auto/PublisherSubscriber6.xml (RunModel)" time="0.022" />
  <testcase classname="ptolemy.util.test.junit.AutoTests" name="[288] /home/travis/build/icyphy/ptII/ptolemy/actor/lib/test/auto/PublisherSubscriber7.xml (RunModel)" time="0.026" />
  <testcase classname="ptolemy.util.test.junit.AutoTests" name="[289] /home/travis/build/icyphy/ptII/ptolemy/actor/lib/test/auto/PublisherSubscriber8.xml (RunModel)" time="0.042" />
  <testcase classname="ptolemy.util.test.junit.AutoTests" name="[290] /home/travis/build/icyphy/ptII/ptolemy/actor/lib/test/auto/PublisherSubscriber9.xml (RunModel)" time="0.018" />
  <testcase classname="ptolemy.util.test.junit.AutoTests" name="[291] /home/travis/build/icyphy/ptII/ptolemy/actor/lib/test/auto/PublisherSubscriberAdjacent.xml (RunModel)" time="0.024" />
  <testcase classname="ptolemy.util.test.junit.AutoTests" name="[292] /home/travis/build/icyphy/ptII/ptolemy/actor/lib/test/auto/PublisherSubscriberChannelVariablesAOC2.xml (RunModel)" time="0.03" />
  <testcase classname="ptolemy.util.test.junit.AutoTests" name="[293] /home/travis/build/icyphy/ptII/ptolemy/actor/lib/test/auto/PublisherSubscriberD3.xml (RunModel)" time="0.013" />
  <testcase classname="ptolemy.util.test.junit.AutoTests" name="[294] /home/travis/build/icyphy/ptII/ptolemy/actor/lib/test/auto/PublisherSubscriberD3Reverse.xml (RunModel)" time="0.015" />
  <testcase classname="ptolemy.util.test.junit.AutoTests" name="[295] /home/travis/build/icyphy/ptII/ptolemy/actor/lib/test/auto/PublisherSubscriberExpression.xml (RunModel)" time="0.019" />
  <testcase classname="ptolemy.util.test.junit.AutoTests" name="[296] /home/travis/build/icyphy/ptII/ptolemy/actor/lib/test/auto/PublisherSubscriberOpaque.xml (RunModel)" time="0.023" />
  <testcase classname="ptolemy.util.test.junit.AutoTests" name="[297] /home/travis/build/icyphy/ptII/ptolemy/actor/lib/test/auto/PublisherSubscriberOpaqueD3.xml (RunModel)" time="0.03" />
  <testcase classname="ptolemy.util.test.junit.AutoTests" name="[298] /home/travis/build/icyphy/ptII/ptolemy/actor/lib/test/auto/PublisherSubscriberOpaqueD3Reverse.xml (RunModel)" time="0.025" />
  <testcase classname="ptolemy.util.test.junit.AutoTests" name="[299] /home/travis/build/icyphy/ptII/ptolemy/actor/lib/test/auto/PublisherSubscriberOpaqueWidthInference.xml (RunModel)" time="0.018" />
  <testcase classname="ptolemy.util.test.junit.AutoTests" name="[300] /home/travis/build/icyphy/ptII/ptolemy/actor/lib/test/auto/PublisherTestSubscriber.xml (RunModel)" time="0.018" />
  <testcase classname="ptolemy.util.test.junit.AutoTests" name="[301] /home/travis/build/icyphy/ptII/ptolemy/actor/lib/test/auto/PublisherToplevelSubscriberPortAOC.xml (RunModel)" time="0.018" />
  <testcase classname="ptolemy.util.test.junit.AutoTests" name="[302] /home/travis/build/icyphy/ptII/ptolemy/actor/lib/test/auto/PulseFiringLimitDE.xml (RunModel)" time="0.017" />
  <testcase classname="ptolemy.util.test.junit.AutoTests" name="[303] /home/travis/build/icyphy/ptII/ptolemy/actor/lib/test/auto/Ramp1.xml (RunModel)" time="0.008" />
  <testcase classname="ptolemy.util.test.junit.AutoTests" name="[304] /home/travis/build/icyphy/ptII/ptolemy/actor/lib/test/auto/RampFiringLimitDE.xml (RunModel)" time="0.013" />
  <testcase classname="ptolemy.util.test.junit.AutoTests" name="[305] /home/travis/build/icyphy/ptII/ptolemy/actor/lib/test/auto/RampFiringLimitSDF.xml (RunModel)" time="0.011" />
  <testcase classname="ptolemy.util.test.junit.AutoTests" name="[306] /home/travis/build/icyphy/ptII/ptolemy/actor/lib/test/auto/RandomInteger.xml (RunModel)" time="0.011" />
  <testcase classname="ptolemy.util.test.junit.AutoTests" name="[307] /home/travis/build/icyphy/ptII/ptolemy/actor/lib/test/auto/ReadFile1.xml (RunModel)" time="0.011" />
  <testcase classname="ptolemy.util.test.junit.AutoTests" name="[308] /home/travis/build/icyphy/ptII/ptolemy/actor/lib/test/auto/ReadFile2.xml (RunModel)" time="0.013" />
  <testcase classname="ptolemy.util.test.junit.AutoTests" name="[309] /home/travis/build/icyphy/ptII/ptolemy/actor/lib/test/auto/Reader.xml (RunModel)" time="0.012" />
  <testcase classname="ptolemy.util.test.junit.AutoTests" name="[310] /home/travis/build/icyphy/ptII/ptolemy/actor/lib/test/auto/RecordAssemblerDisplayNameTest.xml (RunModel)" time="3.709" />
  <testcase classname="ptolemy.util.test.junit.AutoTests" name="[311] /home/travis/build/icyphy/ptII/ptolemy/actor/lib/test/auto/RecordAssemblerTypeError.xml (RunModel)" time="0.064" />
  <testcase classname="ptolemy.util.test.junit.AutoTests" name="[312] /home/travis/build/icyphy/ptII/ptolemy/actor/lib/test/auto/RecordDisassember.xml (RunModel)" time="0.019" />
  <testcase classname="ptolemy.util.test.junit.AutoTests" name="[313] /home/travis/build/icyphy/ptII/ptolemy/actor/lib/test/auto/RecordDisassemberDisplayNameTest.xml (RunModel)" time="0.02" />
  <testcase classname="ptolemy.util.test.junit.AutoTests" name="[314] /home/travis/build/icyphy/ptII/ptolemy/actor/lib/test/auto/RecordDisassembler.xml (RunModel)" time="0.015" />
  <testcase classname="ptolemy.util.test.junit.AutoTests" name="[315] /home/travis/build/icyphy/ptII/ptolemy/actor/lib/test/auto/RecordDisassembler2.xml (RunModel)" time="0.012" />
  <testcase classname="ptolemy.util.test.junit.AutoTests" name="[316] /home/travis/build/icyphy/ptII/ptolemy/actor/lib/test/auto/RecordUpdater.xml (RunModel)" time="0.011" />
  <testcase classname="ptolemy.util.test.junit.AutoTests" name="[317] /home/travis/build/icyphy/ptII/ptolemy/actor/lib/test/auto/RecordUpdater2.xml (RunModel)" time="0.011" />
  <testcase classname="ptolemy.util.test.junit.AutoTests" name="[318] /home/travis/build/icyphy/ptII/ptolemy/actor/lib/test/auto/RecursiveLattice.xml (RunModel)" time="0.014" />
  <testcase classname="ptolemy.util.test.junit.AutoTests" name="[319] /home/travis/build/icyphy/ptII/ptolemy/actor/lib/test/auto/Router.xml (RunModel)" time="3.031" />
  <testcase classname="ptolemy.util.test.junit.AutoTests" name="[320] /home/travis/build/icyphy/ptII/ptolemy/actor/lib/test/auto/Router2.xml (RunModel)" time="3.035" />
  <testcase classname="ptolemy.util.test.junit.AutoTests" name="[321] /home/travis/build/icyphy/ptII/ptolemy/actor/lib/test/auto/RunningMaximum.xml (RunModel)" time="0.026" />
  <testcase classname="ptolemy.util.test.junit.AutoTests" name="[322] /home/travis/build/icyphy/ptII/ptolemy/actor/lib/test/auto/RunningMinimum.xml (RunModel)" time="0.015" />
  <testcase classname="ptolemy.util.test.junit.AutoTests" name="[323] /home/travis/build/icyphy/ptII/ptolemy/actor/lib/test/auto/Scale.xml (RunModel)" time="0.023" />
  <testcase classname="ptolemy.util.test.junit.AutoTests" name="[324] /home/travis/build/icyphy/ptII/ptolemy/actor/lib/test/auto/Scale2.xml (RunModel)" time="0.02" />
  <testcase classname="ptolemy.util.test.junit.AutoTests" name="[325] /home/travis/build/icyphy/ptII/ptolemy/actor/lib/test/auto/Scale3.xml (RunModel)" time="0.014" />
  <testcase classname="ptolemy.util.test.junit.AutoTests" name="[326] /home/travis/build/icyphy/ptII/ptolemy/actor/lib/test/auto/ScaleArray.xml (RunModel)" time="0.009" />
  <testcase classname="ptolemy.util.test.junit.AutoTests" name="[327] /home/travis/build/icyphy/ptII/ptolemy/actor/lib/test/auto/ScaleArray2.xml (RunModel)" time="0.008" />
  <testcase classname="ptolemy.util.test.junit.AutoTests" name="[328] /home/travis/build/icyphy/ptII/ptolemy/actor/lib/test/auto/ScaleMatrix.xml (RunModel)" time="0.194" />
  <testcase classname="ptolemy.util.test.junit.AutoTests" name="[329] /home/travis/build/icyphy/ptII/ptolemy/actor/lib/test/auto/Select.xml (RunModel)" time="0.024" />
  <testcase classname="ptolemy.util.test.junit.AutoTests" name="[330] /home/travis/build/icyphy/ptII/ptolemy/actor/lib/test/auto/Select2.xml (RunModel)" time="0.014" />
  <testcase classname="ptolemy.util.test.junit.AutoTests" name="[331] /home/travis/build/icyphy/ptII/ptolemy/actor/lib/test/auto/SequenceToArray2.xml (RunModel)" time="0.131" />
  <testcase classname="ptolemy.util.test.junit.AutoTests" name="[332] /home/travis/build/icyphy/ptII/ptolemy/actor/lib/test/auto/SequentialClock.xml (RunModel)" time="0.013" />
  <testcase classname="ptolemy.util.test.junit.AutoTests" name="[333] /home/travis/build/icyphy/ptII/ptolemy/actor/lib/test/auto/SetVariable.xml (RunModel)" time="0.015" />
  <testcase classname="ptolemy.util.test.junit.AutoTests" name="[334] /home/travis/build/icyphy/ptII/ptolemy/actor/lib/test/auto/SetVariable2.xml (RunModel)" time="0.011" />
  <testcase classname="ptolemy.util.test.junit.AutoTests" name="[335] /home/travis/build/icyphy/ptII/ptolemy/actor/lib/test/auto/SetVariable3.xml (RunModel)" time="0.02" />
  <testcase classname="ptolemy.util.test.junit.AutoTests" name="[336] /home/travis/build/icyphy/ptII/ptolemy/actor/lib/test/auto/SetVariable4.xml (RunModel)" time="0.029" />
  <testcase classname="ptolemy.util.test.junit.AutoTests" name="[337] /home/travis/build/icyphy/ptII/ptolemy/actor/lib/test/auto/SetVariable5.xml (RunModel)" time="0.04" />
  <testcase classname="ptolemy.util.test.junit.AutoTests" name="[338] /home/travis/build/icyphy/ptII/ptolemy/actor/lib/test/auto/Sinewave.xml (RunModel)" time="0.031" />
  <testcase classname="ptolemy.util.test.junit.AutoTests" name="[339] /home/travis/build/icyphy/ptII/ptolemy/actor/lib/test/auto/Sinewave2.xml (RunModel)" time="0.019" />
  <testcase classname="ptolemy.util.test.junit.AutoTests" name="[340] /home/travis/build/icyphy/ptII/ptolemy/actor/lib/test/auto/Sinewave3.xml (RunModel)" time="0.025" />
  <testcase classname="ptolemy.util.test.junit.AutoTests" name="[341] /home/travis/build/icyphy/ptII/ptolemy/actor/lib/test/auto/SingleEvent.xml (RunModel)" time="0.009" />
  <testcase classname="ptolemy.util.test.junit.AutoTests" name="[342] /home/travis/build/icyphy/ptII/ptolemy/actor/lib/test/auto/Sleep.xml (RunModel)" time="6.015" />
  <testcase classname="ptolemy.util.test.junit.AutoTests" name="[343] /home/travis/build/icyphy/ptII/ptolemy/actor/lib/test/auto/SleepMultipleFire.xml (RunModel)" time="1.018" />
  <testcase classname="ptolemy.util.test.junit.AutoTests" name="[344] /home/travis/build/icyphy/ptII/ptolemy/actor/lib/test/auto/StopDE.xml (RunModel)" time="0.016" />
  <testcase classname="ptolemy.util.test.junit.AutoTests" name="[345] /home/travis/build/icyphy/ptII/ptolemy/actor/lib/test/auto/StopSDF.xml (RunModel)" time="0.019" />
  <testcase classname="ptolemy.util.test.junit.AutoTests" name="[346] /home/travis/build/icyphy/ptII/ptolemy/actor/lib/test/auto/StringConstant.xml (RunModel)" time="0.024" />
  <testcase classname="ptolemy.util.test.junit.AutoTests" name="[347] /home/travis/build/icyphy/ptII/ptolemy/actor/lib/test/auto/SubscriberPortInitialValues1.xml (RunModel)" time="0.029" />
  <testcase classname="ptolemy.util.test.junit.AutoTests" name="[348] /home/travis/build/icyphy/ptII/ptolemy/actor/lib/test/auto/SubscriberPortInitialValues13.xml (RunModel)" time="0.025" />
  <testcase classname="ptolemy.util.test.junit.AutoTests" name="[349] /home/travis/build/icyphy/ptII/ptolemy/actor/lib/test/auto/SubscriberPortInitialValues14.xml (RunModel)" time="0.016" />
  <testcase classname="ptolemy.util.test.junit.AutoTests" name="[350] /home/travis/build/icyphy/ptII/ptolemy/actor/lib/test/auto/SubscriberPortInitialValues2.xml (RunModel)" time="0.017" />
  <testcase classname="ptolemy.util.test.junit.AutoTests" name="[351] /home/travis/build/icyphy/ptII/ptolemy/actor/lib/test/auto/SubscriberPortInitialValues3.xml (RunModel)" time="0.021" />
  <testcase classname="ptolemy.util.test.junit.AutoTests" name="[352] /home/travis/build/icyphy/ptII/ptolemy/actor/lib/test/auto/SubscriptionAggregator.xml (RunModel)" time="0.013" />
  <testcase classname="ptolemy.util.test.junit.AutoTests" name="[353] /home/travis/build/icyphy/ptII/ptolemy/actor/lib/test/auto/SubscriptionAggregator2.xml (RunModel)" time="0.013" />
  <testcase classname="ptolemy.util.test.junit.AutoTests" name="[354] /home/travis/build/icyphy/ptII/ptolemy/actor/lib/test/auto/SubscriptionAggregator3.xml (RunModel)" time="0.017" />
  <testcase classname="ptolemy.util.test.junit.AutoTests" name="[355] /home/travis/build/icyphy/ptII/ptolemy/actor/lib/test/auto/SubscriptionAggregatorMultiply.xml (RunModel)" time="0.017" />
  <testcase classname="ptolemy.util.test.junit.AutoTests" name="[356] /home/travis/build/icyphy/ptII/ptolemy/actor/lib/test/auto/SubscriptionAggregatorPortMultiply1.xml (RunModel)" time="0.015" />
  <testcase classname="ptolemy.util.test.junit.AutoTests" name="[357] /home/travis/build/icyphy/ptII/ptolemy/actor/lib/test/auto/Switch.xml (RunModel)" time="0.027" />
  <testcase classname="ptolemy.util.test.junit.AutoTests" name="[358] /home/travis/build/icyphy/ptII/ptolemy/actor/lib/test/auto/Switch2.xml (RunModel)" time="0.015" />
  <testcase classname="ptolemy.util.test.junit.AutoTests" name="[359] /home/travis/build/icyphy/ptII/ptolemy/actor/lib/test/auto/SwitchDE.xml (RunModel)" time="0.017" />
  <testcase classname="ptolemy.util.test.junit.AutoTests" name="[360] /home/travis/build/icyphy/ptII/ptolemy/actor/lib/test/auto/SynchronizerDE.xml (RunModel)" time="0.026" />
  <testcase classname="ptolemy.util.test.junit.AutoTests" name="[361] /home/travis/build/icyphy/ptII/ptolemy/actor/lib/test/auto/Test.xml (RunModel)" time="0.021" />
  <testcase classname="ptolemy.util.test.junit.AutoTests" name="[362] /home/travis/build/icyphy/ptII/ptolemy/actor/lib/test/auto/TestExceptionAttribute1.xml (RunModel)" time="0.012" />
  <testcase classname="ptolemy.util.test.junit.AutoTests" name="[363] /home/travis/build/icyphy/ptII/ptolemy/actor/lib/test/auto/TestExceptionAttribute2.xml (RunModel)" time="0.032" />
  <testcase classname="ptolemy.util.test.junit.AutoTests" name="[364] /home/travis/build/icyphy/ptII/ptolemy/actor/lib/test/auto/TestExceptionAttribute3.xml (RunModel)" time="0.014" />
  <testcase classname="ptolemy.util.test.junit.AutoTests" name="[365] /home/travis/build/icyphy/ptII/ptolemy/actor/lib/test/auto/TestExceptionAttribute4.xml (RunModel)" time="0.011" />
  <testcase classname="ptolemy.util.test.junit.AutoTests" name="[366] /home/travis/build/icyphy/ptII/ptolemy/actor/lib/test/auto/TestExceptionHandler1.xml (RunModel)" time="0.007" />
  <testcase classname="ptolemy.util.test.junit.AutoTests" name="[367] /home/travis/build/icyphy/ptII/ptolemy/actor/lib/test/auto/TestExceptionHandler2.xml (RunModel)" time="0.012" />
  <testcase classname="ptolemy.util.test.junit.AutoTests" name="[368] /home/travis/build/icyphy/ptII/ptolemy/actor/lib/test/auto/TestExceptionHandler3.xml (RunModel)" time="0.006" />
  <testcase classname="ptolemy.util.test.junit.AutoTests" name="[369] /home/travis/build/icyphy/ptII/ptolemy/actor/lib/test/auto/TestExceptionHandler4.xml (RunModel)" time="0.007" />
  <testcase classname="ptolemy.util.test.junit.AutoTests" name="[370] /home/travis/build/icyphy/ptII/ptolemy/actor/lib/test/auto/TestRequireCorrectOrder.xml (RunModel)" time="0.015" />
  <testcase classname="ptolemy.util.test.junit.AutoTests" name="[371] /home/travis/build/icyphy/ptII/ptolemy/actor/lib/test/auto/TestSimple.xml (RunModel)" time="0.007" />
  <testcase classname="ptolemy.util.test.junit.AutoTests" name="[372] /home/travis/build/icyphy/ptII/ptolemy/actor/lib/test/auto/ThrowModelError.xml (RunModel)" time="0.011" />
  <testcase classname="ptolemy.util.test.junit.AutoTests" name="[373] /home/travis/build/icyphy/ptII/ptolemy/actor/lib/test/auto/TimeDelayMicrosteps.xml (RunModel)" time="0.015" />
  <testcase classname="ptolemy.util.test.junit.AutoTests" name="[374] /home/travis/build/icyphy/ptII/ptolemy/actor/lib/test/auto/TimeDelayMicrosteps2.xml (RunModel)" time="0.017" />
  <testcase classname="ptolemy.util.test.junit.AutoTests" name="[375] /home/travis/build/icyphy/ptII/ptolemy/actor/lib/test/auto/TimeDelayMicrosteps3.xml (RunModel)" time="0.014" />
  <testcase classname="ptolemy.util.test.junit.AutoTests" name="[376] /home/travis/build/icyphy/ptII/ptolemy/actor/lib/test/auto/TimeDelayVariableMicrosteps.xml (RunModel)" time="0.014" />
  <testcase classname="ptolemy.util.test.junit.AutoTests" name="[377] /home/travis/build/icyphy/ptII/ptolemy/actor/lib/test/auto/TimeGap.xml (RunModel)" time="0.018" />
  <testcase classname="ptolemy.util.test.junit.AutoTests" name="[378] /home/travis/build/icyphy/ptII/ptolemy/actor/lib/test/auto/TimeGap2.xml (RunModel)" time="0.012" />
  <testcase classname="ptolemy.util.test.junit.AutoTests" name="[379] /home/travis/build/icyphy/ptII/ptolemy/actor/lib/test/auto/TimedSinewave.xml (RunModel)" time="0.058" />
  <testcase classname="ptolemy.util.test.junit.AutoTests" name="[380] /home/travis/build/icyphy/ptII/ptolemy/actor/lib/test/auto/TimedSinewavePhase.xml (RunModel)" time="0.04" />
  <testcase classname="ptolemy.util.test.junit.AutoTests" name="[381] /home/travis/build/icyphy/ptII/ptolemy/actor/lib/test/auto/Timer.xml (RunModel)" time="0.022" />
  <testcase classname="ptolemy.util.test.junit.AutoTests" name="[382] /home/travis/build/icyphy/ptII/ptolemy/actor/lib/test/auto/TriangularDistTestModel.xml (RunModel)" time="0.021" />
  <testcase classname="ptolemy.util.test.junit.AutoTests" name="[383] /home/travis/build/icyphy/ptII/ptolemy/actor/lib/test/auto/TrigFunction.xml (RunModel)" time="0.013" />
  <testcase classname="ptolemy.util.test.junit.AutoTests" name="[384] /home/travis/build/icyphy/ptII/ptolemy/actor/lib/test/auto/TrigFunctionDE.xml (RunModel)" time="0.013" />
  <testcase classname="ptolemy.util.test.junit.AutoTests" name="[385] /home/travis/build/icyphy/ptII/ptolemy/actor/lib/test/auto/TrigFunctionInverse.xml (RunModel)" time="0.011" />
  <testcase classname="ptolemy.util.test.junit.AutoTests" name="[386] /home/travis/build/icyphy/ptII/ptolemy/actor/lib/test/auto/TrigFunctionTan.xml (RunModel)" time="0.011" />
  <testcase classname="ptolemy.util.test.junit.AutoTests" name="[387] /home/travis/build/icyphy/ptII/ptolemy/actor/lib/test/auto/TriggeredClock.xml (RunModel)" time="0.01" />
  <testcase classname="ptolemy.util.test.junit.AutoTests" name="[388] /home/travis/build/icyphy/ptII/ptolemy/actor/lib/test/auto/URLDirectoryReader.xml (RunModel)" time="0.143" />
  <testcase classname="ptolemy.util.test.junit.AutoTests" name="[389] /home/travis/build/icyphy/ptII/ptolemy/actor/lib/test/auto/URLDirectoryReader3.xml (RunModel)" time="1.361" />
  <testcase classname="ptolemy.util.test.junit.AutoTests" name="[390] /home/travis/build/icyphy/ptII/ptolemy/actor/lib/test/auto/UnaryMathFunction.xml (RunModel)" time="0.036" />
  <testcase classname="ptolemy.util.test.junit.AutoTests" name="[391] /home/travis/build/icyphy/ptII/ptolemy/actor/lib/test/auto/Uniform.xml (RunModel)" time="0.021" />
  <testcase classname="ptolemy.util.test.junit.AutoTests" name="[392] /home/travis/build/icyphy/ptII/ptolemy/actor/lib/test/auto/UnionDisassemblerTest.xml (RunModel)" time="0.014" />
  <testcase classname="ptolemy.util.test.junit.AutoTests" name="[393] /home/travis/build/icyphy/ptII/ptolemy/actor/lib/test/auto/UtilityFunctions.xml (RunModel)" time="0.012" />
  <testcase classname="ptolemy.util.test.junit.AutoTests" name="[394] /home/travis/build/icyphy/ptII/ptolemy/actor/lib/test/auto/VariableSleep.xml (RunModel)" time="0.513" />
  <testcase classname="ptolemy.util.test.junit.AutoTests" name="[395] /home/travis/build/icyphy/ptII/ptolemy/actor/lib/test/auto/VectorAssemblerDisassemblerCT.xml (RunModel)" time="0.135" />
  <testcase classname="ptolemy.util.test.junit.AutoTests" name="[396] /home/travis/build/icyphy/ptII/ptolemy/actor/lib/test/auto/VectorAssemblerDisassemblerDE.xml (RunModel)" time="0.015" />
  <testcase classname="ptolemy.util.test.junit.AutoTests" name="[397] /home/travis/build/icyphy/ptII/ptolemy/actor/lib/test/auto/VectorAssemblerDisassemblerSDF.xml (RunModel)" time="0.016" />
  <testcase classname="ptolemy.util.test.junit.AutoTests" name="[398] /home/travis/build/icyphy/ptII/ptolemy/actor/lib/test/auto/WallClockTime.xml (RunModel)" time="1.015" />
  <testcase classname="ptolemy.util.test.junit.AutoTests" name="[399] /home/travis/build/icyphy/ptII/ptolemy/actor/lib/test/auto/WidthTestWithSubscriberPublisher.xml (RunModel)" time="0.042" />
  <testcase classname="ptolemy.util.test.junit.AutoTests" name="[400] /home/travis/build/icyphy/ptII/ptolemy/actor/lib/test/auto/WidthTestWithSubscriberPublisher2.xml (RunModel)" time="0.015" />
  <testcase classname="ptolemy.util.test.junit.AutoTests" name="[401] /home/travis/build/icyphy/ptII/ptolemy/actor/lib/test/auto/WidthTestWithSubscriberPublisher3.xml (RunModel)" time="0.012" />
  <testcase classname="ptolemy.util.test.junit.AutoTests" name="[402] /home/travis/build/icyphy/ptII/ptolemy/actor/lib/test/auto/Writer.xml (RunModel)" time="0.009" />
  <testcase classname="ptolemy.util.test.junit.AutoTests" name="[403] /home/travis/build/icyphy/ptII/ptolemy/actor/lib/test/auto/array.xml (RunModel)" time="0.021" />
  <testcase classname="ptolemy.util.test.junit.AutoTests" name="[404] /home/travis/build/icyphy/ptII/ptolemy/actor/lib/test/auto/array2.xml (RunModel)" time="0.012" />
  <testcase classname="ptolemy.util.test.junit.AutoTests" name="[405] /home/travis/build/icyphy/ptII/ptolemy/actor/lib/test/auto/arrayType.xml (RunModel)" time="0.012" />
  <testcase classname="ptolemy.util.test.junit.AutoTests" name="[406] /home/travis/build/icyphy/ptII/ptolemy/actor/lib/test/auto/arrayType10.xml (RunModel)" time="0.016" />
  <testcase classname="ptolemy.util.test.junit.AutoTests" name="[407] /home/travis/build/icyphy/ptII/ptolemy/actor/lib/test/auto/arrayType11.xml (RunModel)" time="0.02" />
  <testcase classname="ptolemy.util.test.junit.AutoTests" name="[408] /home/travis/build/icyphy/ptII/ptolemy/actor/lib/test/auto/arrayType12.xml (RunModel)" time="0.011" />
  <testcase classname="ptolemy.util.test.junit.AutoTests" name="[409] /home/travis/build/icyphy/ptII/ptolemy/actor/lib/test/auto/arrayType13.xml (RunModel)" time="0.01" />
  <testcase classname="ptolemy.util.test.junit.AutoTests" name="[410] /home/travis/build/icyphy/ptII/ptolemy/actor/lib/test/auto/arrayType14.xml (RunModel)" time="0.012" />
  <testcase classname="ptolemy.util.test.junit.AutoTests" name="[411] /home/travis/build/icyphy/ptII/ptolemy/actor/lib/test/auto/arrayType15.xml (RunModel)" time="0.011" />
  <testcase classname="ptolemy.util.test.junit.AutoTests" name="[412] /home/travis/build/icyphy/ptII/ptolemy/actor/lib/test/auto/arrayType16.xml (RunModel)" time="0.011" />
  <testcase classname="ptolemy.util.test.junit.AutoTests" name="[413] /home/travis/build/icyphy/ptII/ptolemy/actor/lib/test/auto/arrayType17.xml (RunModel)" time="0.011" />
  <testcase classname="ptolemy.util.test.junit.AutoTests" name="[414] /home/travis/build/icyphy/ptII/ptolemy/actor/lib/test/auto/arrayType18.xml (RunModel)" time="0.011" />
  <testcase classname="ptolemy.util.test.junit.AutoTests" name="[415] /home/travis/build/icyphy/ptII/ptolemy/actor/lib/test/auto/arrayType19.xml (RunModel)" time="0.011" />
  <testcase classname="ptolemy.util.test.junit.AutoTests" name="[416] /home/travis/build/icyphy/ptII/ptolemy/actor/lib/test/auto/arrayType2.xml (RunModel)" time="0.01" />
  <testcase classname="ptolemy.util.test.junit.AutoTests" name="[417] /home/travis/build/icyphy/ptII/ptolemy/actor/lib/test/auto/arrayType20.xml (RunModel)" time="0.011" />
  <testcase classname="ptolemy.util.test.junit.AutoTests" name="[418] /home/travis/build/icyphy/ptII/ptolemy/actor/lib/test/auto/arrayType21.xml (RunModel)" time="0.01" />
  <testcase classname="ptolemy.util.test.junit.AutoTests" name="[419] /home/travis/build/icyphy/ptII/ptolemy/actor/lib/test/auto/arrayType22.xml (RunModel)" time="0.01" />
  <testcase classname="ptolemy.util.test.junit.AutoTests" name="[420] /home/travis/build/icyphy/ptII/ptolemy/actor/lib/test/auto/arrayType23.xml (RunModel)" time="0.009" />
  <testcase classname="ptolemy.util.test.junit.AutoTests" name="[421] /home/travis/build/icyphy/ptII/ptolemy/actor/lib/test/auto/arrayType24.xml (RunModel)" time="0.013" />
  <testcase classname="ptolemy.util.test.junit.AutoTests" name="[422] /home/travis/build/icyphy/ptII/ptolemy/actor/lib/test/auto/arrayType25.xml (RunModel)" time="0.01" />
  <testcase classname="ptolemy.util.test.junit.AutoTests" name="[423] /home/travis/build/icyphy/ptII/ptolemy/actor/lib/test/auto/arrayType26.xml (RunModel)" time="0.01" />
  <testcase classname="ptolemy.util.test.junit.AutoTests" name="[424] /home/travis/build/icyphy/ptII/ptolemy/actor/lib/test/auto/arrayType27.xml (RunModel)" time="0.01" />
  <testcase classname="ptolemy.util.test.junit.AutoTests" name="[425] /home/travis/build/icyphy/ptII/ptolemy/actor/lib/test/auto/arrayType28.xml (RunModel)" time="0.011" />
  <testcase classname="ptolemy.util.test.junit.AutoTests" name="[426] /home/travis/build/icyphy/ptII/ptolemy/actor/lib/test/auto/arrayType3.xml (RunModel)" time="0.01" />
  <testcase classname="ptolemy.util.test.junit.AutoTests" name="[427] /home/travis/build/icyphy/ptII/ptolemy/actor/lib/test/auto/arrayType4.xml (RunModel)" time="0.011" />
  <testcase classname="ptolemy.util.test.junit.AutoTests" name="[428] /home/travis/build/icyphy/ptII/ptolemy/actor/lib/test/auto/arrayType5.xml (RunModel)" time="0.011" />
  <testcase classname="ptolemy.util.test.junit.AutoTests" name="[429] /home/travis/build/icyphy/ptII/ptolemy/actor/lib/test/auto/arrayType6.xml (RunModel)" time="0.011" />
  <testcase classname="ptolemy.util.test.junit.AutoTests" name="[430] /home/travis/build/icyphy/ptII/ptolemy/actor/lib/test/auto/arrayType7.xml (RunModel)" time="0.01" />
  <testcase classname="ptolemy.util.test.junit.AutoTests" name="[431] /home/travis/build/icyphy/ptII/ptolemy/actor/lib/test/auto/arrayType8.xml (RunModel)" time="0.013" />
  <testcase classname="ptolemy.util.test.junit.AutoTests" name="[432] /home/travis/build/icyphy/ptII/ptolemy/actor/lib/test/auto/arrayType9.xml (RunModel)" time="0.015" />
  <testcase classname="ptolemy.util.test.junit.AutoTests" name="[433] /home/travis/build/icyphy/ptII/ptolemy/actor/lib/test/auto/cast.xml (RunModel)" time="0.052" />
  <testcase classname="ptolemy.util.test.junit.AutoTests" name="[434] /home/travis/build/icyphy/ptII/ptolemy/actor/lib/test/auto/compositeMultiPort.xml (RunModel)" time="0.046" />
  <testcase classname="ptolemy.util.test.junit.AutoTests" name="[435] /home/travis/build/icyphy/ptII/ptolemy/actor/lib/test/auto/expressionCastInference.xml (RunModel)" time="0.033" />
  <testcase classname="ptolemy.util.test.junit.AutoTests" name="[436] /home/travis/build/icyphy/ptII/ptolemy/actor/lib/test/auto/expressionCastInference2.xml (RunModel)" time="0.029" />
  <testcase classname="ptolemy.util.test.junit.AutoTests" name="[437] /home/travis/build/icyphy/ptII/ptolemy/actor/lib/test/auto/expressionInference.xml (RunModel)" time="0.047" />
  <testcase classname="ptolemy.util.test.junit.AutoTests" name="[438] /home/travis/build/icyphy/ptII/ptolemy/actor/lib/test/auto/expression_bug.xml (RunModel)" time="0.036" />
  <testcase classname="ptolemy.util.test.junit.AutoTests" name="[439] /home/travis/build/icyphy/ptII/ptolemy/actor/lib/test/auto/factorial.xml (RunModel)" time="0.084" />
  <testcase classname="ptolemy.util.test.junit.AutoTests" name="[440] /home/travis/build/icyphy/ptII/ptolemy/actor/lib/test/auto/filterTest1.xml (RunModel)" time="0.02" />
  <testcase classname="ptolemy.util.test.junit.AutoTests" name="[441] /home/travis/build/icyphy/ptII/ptolemy/actor/lib/test/auto/funcApplyInConst.xml (RunModel)" time="0.007" />
  <testcase classname="ptolemy.util.test.junit.AutoTests" name="[442] /home/travis/build/icyphy/ptII/ptolemy/actor/lib/test/auto/funcApplyInExpr.xml (RunModel)" time="0.007" />
  <testcase classname="ptolemy.util.test.junit.AutoTests" name="[443] /home/travis/build/icyphy/ptII/ptolemy/actor/lib/test/auto/function.xml (RunModel)" time="0.012" />
  <testcase classname="ptolemy.util.test.junit.AutoTests" name="[444] /home/travis/build/icyphy/ptII/ptolemy/actor/lib/test/auto/function2.xml (RunModel)" time="0.012" />
  <testcase classname="ptolemy.util.test.junit.AutoTests" name="[445] /home/travis/build/icyphy/ptII/ptolemy/actor/lib/test/auto/function3.xml (RunModel)" time="0.007" />
  <testcase classname="ptolemy.util.test.junit.AutoTests" name="[446] /home/travis/build/icyphy/ptII/ptolemy/actor/lib/test/auto/functionClosureTest1.xml (RunModel)" time="0.011" />
  <testcase classname="ptolemy.util.test.junit.AutoTests" name="[447] /home/travis/build/icyphy/ptII/ptolemy/actor/lib/test/auto/functionClosureTest2.xml (RunModel)" time="0.008" />
  <testcase classname="ptolemy.util.test.junit.AutoTests" name="[448] /home/travis/build/icyphy/ptII/ptolemy/actor/lib/test/auto/functionClosureTest3.xml (RunModel)" time="0.011" />
  <testcase classname="ptolemy.util.test.junit.AutoTests" name="[449] /home/travis/build/icyphy/ptII/ptolemy/actor/lib/test/auto/functionClosureTest4.xml (RunModel)" time="0.017" />
  <testcase classname="ptolemy.util.test.junit.AutoTests" name="[450] /home/travis/build/icyphy/ptII/ptolemy/actor/lib/test/auto/functionClosureTest5.xml (RunModel)" time="0.014" />
  <testcase classname="ptolemy.util.test.junit.AutoTests" name="[451] /home/travis/build/icyphy/ptII/ptolemy/actor/lib/test/auto/functionClosureTest6.xml (RunModel)" time="0.009" />
  <testcase classname="ptolemy.util.test.junit.AutoTests" name="[452] /home/travis/build/icyphy/ptII/ptolemy/actor/lib/test/auto/functionsOnArcs.xml (RunModel)" time="0.012" />
  <testcase classname="ptolemy.util.test.junit.AutoTests" name="[453] /home/travis/build/icyphy/ptII/ptolemy/actor/lib/test/auto/functionsOnArcsHOF.xml (RunModel)" time="0.013" />
  <testcase classname="ptolemy.util.test.junit.AutoTests" name="[454] /home/travis/build/icyphy/ptII/ptolemy/actor/lib/test/auto/logic.xml (RunModel)" time="0.02" />
  <testcase classname="ptolemy.util.test.junit.AutoTests" name="[455] /home/travis/build/icyphy/ptII/ptolemy/actor/lib/test/auto/matrixType.xml (RunModel)" time="0.011" />
  <testcase classname="ptolemy.util.test.junit.AutoTests" name="[456] /home/travis/build/icyphy/ptII/ptolemy/actor/lib/test/auto/matrixType10.xml (RunModel)" time="0.01" />
  <testcase classname="ptolemy.util.test.junit.AutoTests" name="[457] /home/travis/build/icyphy/ptII/ptolemy/actor/lib/test/auto/matrixType11.xml (RunModel)" time="0.009" />
  <testcase classname="ptolemy.util.test.junit.AutoTests" name="[458] /home/travis/build/icyphy/ptII/ptolemy/actor/lib/test/auto/matrixType12.xml (RunModel)" time="0.012" />
  <testcase classname="ptolemy.util.test.junit.AutoTests" name="[459] /home/travis/build/icyphy/ptII/ptolemy/actor/lib/test/auto/matrixType13.xml (RunModel)" time="0.009" />
  <testcase classname="ptolemy.util.test.junit.AutoTests" name="[460] /home/travis/build/icyphy/ptII/ptolemy/actor/lib/test/auto/matrixType14.xml (RunModel)" time="0.011" />
  <testcase classname="ptolemy.util.test.junit.AutoTests" name="[461] /home/travis/build/icyphy/ptII/ptolemy/actor/lib/test/auto/matrixType2.xml (RunModel)" time="0.01" />
  <testcase classname="ptolemy.util.test.junit.AutoTests" name="[462] /home/travis/build/icyphy/ptII/ptolemy/actor/lib/test/auto/matrixType3.xml (RunModel)" time="0.012" />
  <testcase classname="ptolemy.util.test.junit.AutoTests" name="[463] /home/travis/build/icyphy/ptII/ptolemy/actor/lib/test/auto/matrixType4.xml (RunModel)" time="0.009" />
  <testcase classname="ptolemy.util.test.junit.AutoTests" name="[464] /home/travis/build/icyphy/ptII/ptolemy/actor/lib/test/auto/matrixType5.xml (RunModel)" time="0.009" />
  <testcase classname="ptolemy.util.test.junit.AutoTests" name="[465] /home/travis/build/icyphy/ptII/ptolemy/actor/lib/test/auto/matrixType6.xml (RunModel)" time="0.009" />
  <testcase classname="ptolemy.util.test.junit.AutoTests" name="[466] /home/travis/build/icyphy/ptII/ptolemy/actor/lib/test/auto/matrixType7.xml (RunModel)" time="0.012" />
  <testcase classname="ptolemy.util.test.junit.AutoTests" name="[467] /home/travis/build/icyphy/ptII/ptolemy/actor/lib/test/auto/matrixType8.xml (RunModel)" time="0.009" />
  <testcase classname="ptolemy.util.test.junit.AutoTests" name="[468] /home/travis/build/icyphy/ptII/ptolemy/actor/lib/test/auto/matrixType9.xml (RunModel)" time="0.01" />
  <testcase classname="ptolemy.util.test.junit.AutoTests" name="[469] /home/travis/build/icyphy/ptII/ptolemy/actor/lib/test/auto/paraFunctest.xml (RunModel)" time="0.008" />
  <testcase classname="ptolemy.util.test.junit.AutoTests" name="[470] /home/travis/build/icyphy/ptII/ptolemy/actor/lib/test/auto/paraFunctest2.xml (RunModel)" time="0.015" />
  <testcase classname="ptolemy.util.test.junit.AutoTests" name="[471] /home/travis/build/icyphy/ptII/ptolemy/actor/lib/test/auto/parameterPassing.xml (RunModel)" time="0.008" />
  <testcase classname="ptolemy.util.test.junit.AutoTests" name="[472] /home/travis/build/icyphy/ptII/ptolemy/actor/lib/test/auto/record.xml (RunModel)" time="0.013" />
  <testcase classname="ptolemy.util.test.junit.AutoTests" name="[473] /home/travis/build/icyphy/ptII/ptolemy/actor/lib/test/auto/sizedarray1.xml (RunModel)" time="0.012" />
  <testcase classname="ptolemy.util.test.junit.AutoTests" name="[474] /home/travis/build/icyphy/ptII/ptolemy/actor/lib/test/auto/sizedarray2.xml (RunModel)" time="0.012" />
  <testcase classname="ptolemy.util.test.junit.AutoTests" name="[475] /home/travis/build/icyphy/ptII/ptolemy/actor/lib/test/auto/twoPublishers.xml (RunModel)" time="0.027" />
  <system-out><![CDATA[/home/travis/build/icyphy/ptII/ptolemy/actor/lib/test/AbsoluteValue.tcl
testDefs.tcl: setting time out to 9000 seconds at Tue Jul 16 04:58:46 UTC 2019
110 ms. Memory: 120832K Free: 85955K (71%)
5 ms. Memory: 120832K Free: 83907K (69%)
5 ms. Memory: 120832K Free: 83386K (69%)
6 ms. Memory: 120832K Free: 82354K (68%)
/home/travis/build/icyphy/ptII/ptolemy/actor/lib/test/AddSubtract.tcl
11 ms. Memory: 120832K Free: 80321K (66%)
15 ms. Memory: 120832K Free: 79811K (66%)
18 ms. Memory: 120832K Free: 78787K (65%)
18 ms. Memory: 120832K Free: 78258K (65%)
51 ms. Memory: 120832K Free: 75201K (62%)
6 ms. Memory: 120832K Free: 74691K (62%)
/home/travis/build/icyphy/ptII/ptolemy/actor/lib/test/Average.tcl
8 ms. Memory: 120832K Free: 72643K (60%)
7 ms. Memory: 120832K Free: 71619K (59%)
/home/travis/build/icyphy/ptII/ptolemy/actor/lib/test/Bernoulli.tcl
6 ms. Memory: 120832K Free: 70066K (58%)
2 ms. Memory: 120832K Free: 69571K (58%)
/home/travis/build/icyphy/ptII/ptolemy/actor/lib/test/Clock.tcl
preinitializing
resolving types
initializing
executing number 1
wrapping up
idle
23 ms. Memory: 120832K Free: 67009K (55%)
Completed execution with 5 iterations
preinitializing
resolving types
initializing
executing number 1
wrapping up
idle
5 ms. Memory: 120832K Free: 65985K (55%)
Completed execution with 5 iterations
preinitializing
resolving types
initializing
executing number 1
wrapping up
idle
11 ms. Memory: 120832K Free: 65475K (54%)
Completed execution with 5 iterations
/home/travis/build/icyphy/ptII/ptolemy/actor/lib/test/Commutator.tcl
17 ms. Memory: 120832K Free: 63427K (52%)
16 ms. Memory: 120832K Free: 62403K (52%)
23 ms. Memory: 120832K Free: 56769K (47%)
/home/travis/build/icyphy/ptII/ptolemy/actor/lib/test/Const.tcl
15 ms. Memory: 120832K Free: 55235K (46%)
2 ms. Memory: 120832K Free: 54721K (45%)
4 ms. Memory: 120832K Free: 54211K (45%)
3 ms. Memory: 120832K Free: 53682K (44%)
3 ms. Memory: 120832K Free: 53187K (44%)
27 ms. Memory: 120832K Free: 51649K (43%)
19 ms. Memory: 120832K Free: 50610K (42%)
8 ms. Memory: 120832K Free: 49586K (41%)
/home/travis/build/icyphy/ptII/ptolemy/actor/lib/test/CurrentTime.tcl
preinitializing
resolving types
initializing
executing number 1
wrapping up
idle
12 ms. Memory: 120832K Free: 47546K (39%)
Completed execution with 11 iterations
/home/travis/build/icyphy/ptII/ptolemy/actor/lib/test/DB.tcl
11 ms. Memory: 120832K Free: 46019K (38%)
6 ms. Memory: 120832K Free: 106956K (89%)
3 ms. Memory: 120832K Free: 106446K (88%)
/home/travis/build/icyphy/ptII/ptolemy/actor/lib/test/DiscreteRandomSource.tcl
preinitializing
resolving types
initializing
executing number 1
wrapping up
idle
4 ms. Memory: 120832K Free: 104901K (87%)
Completed execution with 4 iterations
preinitializing
resolving types
initializing
executing number 1
wrapping up
idle
2 ms. Memory: 120832K Free: 104398K (86%)
Completed execution with 4 iterations
preinitializing
resolving types
initializing
executing number 1
wrapping up
idle
2 ms. Memory: 120832K Free: 103869K (86%)
Completed execution with 4 iterations
preinitializing
resolving types
initializing
executing number 1
wrapping up
idle
2 ms. Memory: 120832K Free: 103374K (86%)
Completed execution with 4 iterations
preinitializing
resolving types
initializing
executing number 1
wrapping up
idle
4 ms. Memory: 120832K Free: 102829K (85%)
Completed execution with 4 iterations
/home/travis/build/icyphy/ptII/ptolemy/actor/lib/test/Distributor.tcl
4 ms. Memory: 120832K Free: 101326K (84%)
4 ms. Memory: 120832K Free: 100805K (83%)
StreamChangeRequest.changeExecuted(): <deleteEntity name="rec2"/> succeeded
StreamChangeRequest.changeExecuted(): <deleteRelation name="r2"/> succeeded
StreamChangeRequest.changeExecuted(): Record firings per iteration succeeded
5 ms. Memory: 120832K Free: 98254K (81%)
/home/travis/build/icyphy/ptII/ptolemy/actor/lib/test/Exit.tcl
Exit.tcl: this will print a message about Manager.exitAfterWrapup, which can be ignored.
7 ms. Memory: 120832K Free: 95182K (79%)
/home/travis/build/icyphy/ptII/ptolemy/actor/lib/test/Expression.tcl
15 ms. Memory: 120832K Free: 104326K (86%)
3 ms. Memory: 120832K Free: 103827K (86%)
3 ms. Memory: 120832K Free: 102788K (85%)
preinitializing
resolving types
initializing
executing number 1
wrapping up
idle
5 ms. Memory: 120832K Free: 101255K (84%)
Completed execution with 6 iterations
4 ms. Memory: 120832K Free: 100772K (83%)
3 ms. Memory: 120832K Free: 99732K (83%)
5 ms. Memory: 120832K Free: 98686K (82%)
4 ms. Memory: 120832K Free: 97159K (80%)
4 ms. Memory: 120832K Free: 96105K (80%)
/home/travis/build/icyphy/ptII/ptolemy/actor/lib/test/Gaussian.tcl
4 ms. Memory: 120832K Free: 94620K (78%)
sleeping 1 seconds: ...............................................................................................................................................................................................................................................................................................................................................................................................................................................................................................................................................................................................................................................................................................................................................................................................................................................................................................................................................................................................................................................................................................................................................................................................................................................................................................................................................................................................................................................................................................................................................................................................................................................................................................................................................................................................................................................................................................................................................................................................................................................................................................................................................................................................................................................................................................................................................................................................................................................................................................................................................................................................................................................................................................................................................................................................................................................................................................................................................................................................................................................................................................................................................................................................................................................................................................................................................................................................................................................................................................................................................................................................................................................................................................................................................................................................................................................................................................................................................................................................................................................................................................................................................................................................................................................................................................................................................................................................................................................................................................................................................................................................................................................................................................................................................................................................................................................................................................................................................................................................................................................................................................................................................................................................................................................................................................................................................................................................................................................................................................................................................................................................................................................................................................................................................................................................................................................................................................................................................................................................................................................................................................................................................................................................................................................................................................................................................................................................................................................................................................................................................................................................................................................................................................................................................................................................................................................................................................................................................................................................................................................................................................................................................................................................................................................................................................................................................................................................................................................................................................................................................................................................................................................................................................................................................................................................................................................................................................................................................................................................................................................................................................................................................................................................................................................................................................................................................................................................................................................................................................................................................................................................................................................................................................................................................................................................................................................................................................................................................................................................................................................................................................................................................................................................................................................................................................................................................................................................................................................................................................................................................................................................................................................................................................................................................................................................................................................................................................................................................................................................................................................................................................................................................................................................................................................................................................................................................................................................................................................................................................................................................................................................................................................................................................................................................................................................................................................................................................................................................................................................................................................................................................................................................................................................................................................................................................................................................................................................................2 ms. Memory: 120832K Free: 73080K (60%)
2 ms. Memory: 120832K Free: 72552K (60%)
2 ms. Memory: 120832K Free: 72056K (60%)
1 ms. Memory: 120832K Free: 71032K (59%)
5 ms. Memory: 120832K Free: 70502K (58%)
/home/travis/build/icyphy/ptII/ptolemy/actor/lib/test/IIR.tcl
/home/travis/build/icyphy/ptII/ptolemy/actor/lib/test/Interpolator.tcl
4 ms. Memory: 120832K Free: 103511K (86%)
2 ms. Memory: 120832K Free: 102487K (85%)
9 ms. Memory: 120832K Free: 101973K (84%)
5 ms. Memory: 120832K Free: 101463K (84%)
11 ms. Memory: 120832K Free: 100919K (84%)
2 ms. Memory: 120832K Free: 99911K (83%)
2 ms. Memory: 120832K Free: 98887K (82%)
2 ms. Memory: 120832K Free: 97877K (81%)
11 ms. Memory: 120832K Free: 97367K (81%)
2 ms. Memory: 120832K Free: 96343K (80%)
/home/travis/build/icyphy/ptII/ptolemy/actor/lib/test/MathFunction.tcl
6 ms. Memory: 120832K Free: 94295K (78%)
6 ms. Memory: 120832K Free: 93271K (77%)
2 ms. Memory: 120832K Free: 92247K (76%)
12 ms. Memory: 120832K Free: 91223K (75%)
10 ms. Memory: 120832K Free: 90199K (75%)
16 ms. Memory: 120832K Free: 88151K (73%)
/home/travis/build/icyphy/ptII/ptolemy/actor/lib/test/Maximum.tcl
8 ms. Memory: 120832K Free: 86103K (71%)
8 ms. Memory: 120832K Free: 85575K (71%)
7 ms. Memory: 120832K Free: 84565K (70%)
2 ms. Memory: 120832K Free: 84055K (70%)
/home/travis/build/icyphy/ptII/ptolemy/actor/lib/test/Minimum.tcl
7 ms. Memory: 120832K Free: 82503K (68%)
2 ms. Memory: 120832K Free: 82007K (68%)
3 ms. Memory: 120832K Free: 80983K (67%)
6 ms. Memory: 120832K Free: 80455K (67%)
/home/travis/build/icyphy/ptII/ptolemy/actor/lib/test/MultiplyDivide.tcl
13 ms. Memory: 120832K Free: 78421K (65%)
9 ms. Memory: 120832K Free: 77911K (64%)
3 ms. Memory: 120832K Free: 76887K (64%)
6 ms. Memory: 120832K Free: 76359K (63%)
7 ms. Memory: 120832K Free: 75863K (63%)
/home/travis/build/icyphy/ptII/ptolemy/actor/lib/test/OrderedMerge.tcl
Connections changed on port: inputA
Connections changed on port: inputB
Connections changed on port: output
Connections changed on port: output
Connections changed on port: output
Connections changed on port: input
.top. Preinitializing ...
Invoking preinitialize():  .top.OrderedMerge
Called preinitialize()
Invoking preinitialize():  .top.Ramp
Called preinitialize()
Invoking preinitialize():  .top.Ramp2
Called preinitialize()
Invoking preinitialize():  .top.Test
Called preinitialize()
Connections changed on port: inputA
Connections changed on port: output
Connections changed on port: inputB
Connections changed on port: output
Connections changed on port: output
Connections changed on port: input
.top. Finished preinitialize().
Called initialize().
Invoking initialize():  .top.OrderedMerge
Initializing actor: .top.OrderedMerge
Adding a thread: .top.OrderedMerge
Invoking initialize():  .top.Ramp
Initializing actor: .top.Ramp
Adding a thread: .top.Ramp
Invoking initialize():  .top.Ramp2
Initializing actor: .top.Ramp2
Adding a thread: .top.Ramp2
Invoking initialize():  .top.Test
Initializing actor: .top.Test
Adding a thread: .top.Test
Called fire().
Checking for deadlock:
-- Starting thread.
-- Starting thread.
-- Starting thread.
-- Starting thread.
Called initialize()
Called initialize()
Called initialize()
Called prefire()
Called fire()
Called initialize()
Called prefire()
Called prefire()
Called fire()
Called fire()
Called prefire()
Called fire()
There are 0 Blocked actors, 0 Stopped actors, and 4 active threads.
Waiting for actors to stop.
Called postfire()
Called prefire()
Called fire()
Called postfire()
Called prefire()
Called fire()
Checking for deadlock:
There are 2 Blocked actors, 0 Stopped actors, and 4 active threads.
Waiting for actors to stop.
Called postfire()
Called prefire()
Called fire()
Checking for deadlock:
There are 3 Blocked actors, 0 Stopped actors, and 4 active threads.
Waiting for actors to stop.
Read input token from inputA with value 0.0
Next port to read input from is inputB
Called postfire()
Called prefire()
Called fire()
Checking for deadlock:
There are 2 Blocked actors, 0 Stopped actors, and 4 active threads.
Waiting for actors to stop.
Called postfire()
Called prefire()
Called fire()
Checking for deadlock:
There are 3 Blocked actors, 0 Stopped actors, and 4 active threads.
Waiting for actors to stop.
Read input token from inputB with value 0.0
Checking for deadlock:
There are 2 Blocked actors, 0 Stopped actors, and 4 active threads.
Waiting for actors to stop.
Sent output token with value 0.0
-- Read input: 0.0, which is expected to match: 0.0
Called prefire()
Called fire()
Checking for deadlock:
There are 3 Blocked actors, 0 Stopped actors, and 4 active threads.
Waiting for actors to stop.
Next port to read input from is inputA
Called postfire()
Called prefire()
Called fire()
Checking for deadlock:
There are 2 Blocked actors, 0 Stopped actors, and 4 active threads.
Waiting for actors to stop.
Called postfire()
Called prefire()
Called fire()
Checking for deadlock:
There are 3 Blocked actors, 0 Stopped actors, and 4 active threads.
Waiting for actors to stop.
Read input token from inputA with value 1.0
Checking for deadlock:
-- Read input: 0.0, which is expected to match: 0.0
There are 2 Blocked actors, 0 Stopped actors, and 4 active threads.
Waiting for actors to stop.
Called prefire()
Called fire()
Checking for deadlock:
There are 3 Blocked actors, 0 Stopped actors, and 4 active threads.
Waiting for actors to stop.
Sent output token with value 0.0
Next port to read input from is inputB
Called postfire()
Called prefire()
Called fire()
Checking for deadlock:
There are 2 Blocked actors, 0 Stopped actors, and 4 active threads.
Waiting for actors to stop.
Called postfire()
Called prefire()
Called fire()
Checking for deadlock:
There are 3 Blocked actors, 0 Stopped actors, and 4 active threads.
Waiting for actors to stop.
Read input token from inputB with value 1.5
Checking for deadlock:
There are 2 Blocked actors, 0 Stopped actors, and 4 active threads.
Waiting for actors to stop.
-- Read input: 1.0, which is expected to match: 1.0
Sent output token with value 1.0
Called prefire()
Called fire()
Next port to read input from is inputA
Checking for deadlock:
There are 3 Blocked actors, 0 Stopped actors, and 4 active threads.
Waiting for actors to stop.
Called postfire()
Called prefire()
Called fire()
Checking for deadlock:
There are 2 Blocked actors, 0 Stopped actors, and 4 active threads.
Waiting for actors to stop.
Called postfire()
Called prefire()
Called fire()
Checking for deadlock:
There are 3 Blocked actors, 0 Stopped actors, and 4 active threads.
Waiting for actors to stop.
Read input token from inputA with value 2.0
Checking for deadlock:
There are 2 Blocked actors, 0 Stopped actors, and 4 active threads.
-- Read input: 1.5, which is expected to match: 1.5
Waiting for actors to stop.
Called prefire()
Called fire()
Sent output token with value 1.5
Checking for deadlock:
There are 3 Blocked actors, 0 Stopped actors, and 4 active threads.
Waiting for actors to stop.
Next port to read input from is inputB
Called postfire()
Called prefire()
Called fire()
Checking for deadlock:
There are 2 Blocked actors, 0 Stopped actors, and 4 active threads.
Waiting for actors to stop.
Called postfire()
Called prefire()
Called fire()
Checking for deadlock:
There are 3 Blocked actors, 0 Stopped actors, and 4 active threads.
Waiting for actors to stop.
Read input token from inputB with value 3.0
Checking for deadlock:
There are 2 Blocked actors, 0 Stopped actors, and 4 active threads.
-- Read input: 2.0, which is expected to match: 2.0
Waiting for actors to stop.
Called prefire()
Called fire()
Sent output token with value 2.0
Checking for deadlock:
There are 3 Blocked actors, 0 Stopped actors, and 4 active threads.
Waiting for actors to stop.
Next port to read input from is inputA
Called postfire()
Called prefire()
Called fire()
Checking for deadlock:
There are 2 Blocked actors, 0 Stopped actors, and 4 active threads.
Waiting for actors to stop.
Called postfire()
Called prefire()
Called fire()
Checking for deadlock:
There are 3 Blocked actors, 0 Stopped actors, and 4 active threads.
Waiting for actors to stop.
Read input token from inputA with value 3.0
Checking for deadlock:
There are 2 Blocked actors, 0 Stopped actors, and 4 active threads.
Waiting for actors to stop.
-- Read input: 3.0, which is expected to match: 3.0
Called prefire()
Called fire()
Sent output token with value 3.0
Checking for deadlock:
There are 3 Blocked actors, 0 Stopped actors, and 4 active threads.
Waiting for actors to stop.
Next port to read input from is inputB
Called postfire()
Called prefire()
Called fire()
Called postfire()
Called prefire()
Called fire()
Checking for deadlock:
There are 3 Blocked actors, 0 Stopped actors, and 4 active threads.
Waiting for actors to stop.
Read input token from inputB with value 4.5
Checking for deadlock:
There are 2 Blocked actors, 0 Stopped actors, and 4 active threads.
-- Read input: 3.0, which is expected to match: 3.0
Waiting for actors to stop.
Called prefire()
Sent output token with value 3.0
Called fire()
Next port to read input from is inputA
Checking for deadlock:
There are 3 Blocked actors, 0 Stopped actors, and 4 active threads.
Waiting for actors to stop.
Called postfire()
Called prefire()
Called fire()
Called postfire()
Called prefire()
Called fire()
Checking for deadlock:
There are 3 Blocked actors, 0 Stopped actors, and 4 active threads.
Waiting for actors to stop.
Read input token from inputA with value 4.0
Checking for deadlock:
There are 2 Blocked actors, 0 Stopped actors, and 4 active threads.
Waiting for actors to stop.
-- Read input: 4.0, which is expected to match: 4.0
Called prefire()
Called fire()
Past the end of training data. Read and discard all inputs.
Checking for deadlock:
There are 3 Blocked actors, 0 Stopped actors, and 4 active threads.
Waiting for actors to stop.
Sent output token with value 4.0
Next port to read input from is inputA
Called postfire()
Called prefire()
Called fire()
Checking for deadlock:
There are 2 Blocked actors, 0 Stopped actors, and 4 active threads.
Waiting for actors to stop.
Called postfire()
Called prefire()
Called fire()
Checking for deadlock:
There are 3 Blocked actors, 0 Stopped actors, and 4 active threads.
Waiting for actors to stop.
Read input token from inputA with value 5.0
Checking for deadlock:
There are 2 Blocked actors, 0 Stopped actors, and 4 active threads.
Called prefire()
Called fire()
Waiting for actors to stop.
Past the end of training data. Read and discard all inputs.
Checking for deadlock:
There are 3 Blocked actors, 0 Stopped actors, and 4 active threads.
Waiting for actors to stop.
Sent output token with value 4.5
Next port to read input from is inputB
Called postfire()
Called prefire()
Called fire()
Called postfire()
Called prefire()
Called fire()
Checking for deadlock:
There are 3 Blocked actors, 0 Stopped actors, and 4 active threads.
Waiting for actors to stop.
Read input token from inputB with value 6.0
Checking for deadlock:
Called prefire()
Called fire()
Past the end of training data. Read and discard all inputs.
There are 2 Blocked actors, 0 Stopped actors, and 4 active threads.
Waiting for actors to stop.
Checking for deadlock:
There are 3 Blocked actors, 0 Stopped actors, and 4 active threads.
Waiting for actors to stop.
Sent output token with value 5.0
Next port to read input from is inputA
Called postfire()
Called prefire()
Called fire()
Called postfire()
Called prefire()
Called fire()
Checking for deadlock:
There are 3 Blocked actors, 0 Stopped actors, and 4 active threads.
Waiting for actors to stop.
Read input token from inputA with value 6.0
Checking for deadlock:
There are 2 Blocked actors, 0 Stopped actors, and 4 active threads.
Called prefire()
Called fire()
Past the end of training data. Read and discard all inputs.
Waiting for actors to stop.
Checking for deadlock:
There are 3 Blocked actors, 0 Stopped actors, and 4 active threads.
Waiting for actors to stop.
Sent output token with value 6.0
Next port to read input from is inputB
Called postfire()
Called prefire()
Called fire()
Called postfire()
Called prefire()
Called fire()
Checking for deadlock:
There are 3 Blocked actors, 0 Stopped actors, and 4 active threads.
Waiting for actors to stop.
Read input token from inputB with value 7.5
Checking for deadlock:
There are 2 Blocked actors, 0 Stopped actors, and 4 active threads.
Called prefire()
Called fire()
Waiting for actors to stop.
Past the end of training data. Read and discard all inputs.
Sent output token with value 6.0
Checking for deadlock:
There are 3 Blocked actors, 0 Stopped actors, and 4 active threads.
Waiting for actors to stop.
Next port to read input from is inputA
Called postfire()
Called prefire()
Called fire()
Called postfire()
Called prefire()
Called fire()
Checking for deadlock:
There are 3 Blocked actors, 0 Stopped actors, and 4 active threads.
Waiting for actors to stop.
Read input token from inputA with value 7.0
Checking for deadlock:
There are 2 Blocked actors, 0 Stopped actors, and 4 active threads.
Waiting for actors to stop.
Called prefire()
Called fire()
Past the end of training data. Read and discard all inputs.
Sent output token with value 7.0
Checking for deadlock:
There are 3 Blocked actors, 0 Stopped actors, and 4 active threads.
Waiting for actors to stop.
Next port to read input from is inputA
Called postfire()
Called prefire()
Called fire()
Checking for deadlock:
There are 2 Blocked actors, 0 Stopped actors, and 4 active threads.
Waiting for actors to stop.
-- Thread wrapup() called.
Called wrapup()
Thread .top.Ramp is exiting.
-- Thread stopped.
Checking for deadlock:
There are 2 Blocked actors, 0 Stopped actors, and 3 active threads.
Waiting for actors to stop.
Read input token from inputA with value 8.0
Checking for deadlock:
Called prefire()
Called fire()
There are 1 Blocked actors, 0 Stopped actors, and 3 active threads.
Past the end of training data. Read and discard all inputs.
Waiting for actors to stop.
Checking for deadlock:
There are 2 Blocked actors, 0 Stopped actors, and 3 active threads.
Waiting for actors to stop.
Sent output token with value 7.5
Next port to read input from is inputB
Called postfire()
Called prefire()
Called fire()
Checking for deadlock:
There are 1 Blocked actors, 0 Stopped actors, and 3 active threads.
Waiting for actors to stop.
Called postfire()
Called prefire()
Called fire()
Checking for deadlock:
There are 2 Blocked actors, 0 Stopped actors, and 3 active threads.
Waiting for actors to stop.
Read input token from inputB with value 9.0
Checking for deadlock:
There are 1 Blocked actors, 0 Stopped actors, and 3 active threads.
Called prefire()
Called fire()
Waiting for actors to stop.
Past the end of training data. Read and discard all inputs.
Sent output token with value 8.0
Checking for deadlock:
There are 2 Blocked actors, 0 Stopped actors, and 3 active threads.
Waiting for actors to stop.
Next port to read input from is inputA
Called postfire()
Called prefire()
Called fire()
Read input token from inputA with value 9.0
Called prefire()
Checking for deadlock:
Called fire()
There are 1 Blocked actors, 0 Stopped actors, and 3 active threads.
Waiting for actors to stop.
Past the end of training data. Read and discard all inputs.
Sent output token with value 9.0
Checking for deadlock:
There are 2 Blocked actors, 0 Stopped actors, and 3 active threads.
Waiting for actors to stop.
Next port to read input from is inputB
Called postfire()
Called prefire()
Called fire()
Checking for deadlock:
There are 1 Blocked actors, 0 Stopped actors, and 3 active threads.
Waiting for actors to stop.
Called postfire()
Called prefire()
Called fire()
Checking for deadlock:
There are 2 Blocked actors, 0 Stopped actors, and 3 active threads.
Waiting for actors to stop.
Read input token from inputB with value 10.5
Checking for deadlock:
There are 1 Blocked actors, 0 Stopped actors, and 3 active threads.
Waiting for actors to stop.
Sent output token with value 9.0
Called prefire()
Called fire()
Past the end of training data. Read and discard all inputs.
Next port to read input from is inputA
Called postfire()
Checking for deadlock:
There are 2 Blocked actors, 0 Stopped actors, and 3 active threads.
Waiting for actors to stop.
Called prefire()
Called fire()
Checking for deadlock:
There are 3 Blocked actors, 0 Stopped actors, and 3 active threads.
Actors have stopped.
Checking for deadlock:
There are 3 Blocked actors, 0 Stopped actors, and 3 active threads.
Deadlock detected.
Resolving Deadlock
Checking for deadlock:
There are 3 Blocked actors, 0 Stopped actors, and 3 active threads.
Artificial Deadlock - increasing queue capacity.
increasing the capacity of receiver ptolemy.actor.TypedIOPort {.top.OrderedMerge.inputB} to 2
-- Thread wrapup() called.
Called wrapup()
Thread .top.Ramp2 is exiting.
-- Thread stopped.
Director: Called postfire().
Called postfire().
_stopRequested = false
_stopFireRequested = false
Returning from postfire(): true
Called fire().
Checking for deadlock:
There are 2 Blocked actors, 0 Stopped actors, and 2 active threads.
Actors have stopped.
Checking for deadlock:
There are 2 Blocked actors, 0 Stopped actors, and 2 active threads.
Deadlock detected.
Resolving Deadlock
Checking for deadlock:
There are 2 Blocked actors, 0 Stopped actors, and 2 active threads.
Deadlock detected: no processes blocked on write, but some are blocked on read.
Called postfire().
_stopRequested = false
_stopFireRequested = false
Returning from postfire(): false
Finished deactivating branches.
Called wrapup().
-- Thread wrapup() called.
-- Thread wrapup() called.
Called wrapup()
Called wrapup()
Thread .top.OrderedMerge is exiting.
-- Thread stopped.
-- Blocked Receiver call threw TerminateProcessException.
Thread .top.Test is exiting.
-- Thread stopped.
-- Blocked Receiver call threw TerminateProcessException.
102 ms. Memory: 120832K Free: 71253K (59%)
.top. Preinitializing ...
Invoking preinitialize():  .top.OrderedMerge
Called preinitialize()
Invoking preinitialize():  .top.Ramp
Called preinitialize()
Invoking preinitialize():  .top.Ramp2
Called preinitialize()
Invoking preinitialize():  .top.Test
Called preinitialize()
.top. Finished preinitialize().
Called initialize().
Invoking initialize():  .top.OrderedMerge
Initializing actor: .top.OrderedMerge
Adding a thread: .top.OrderedMerge
Invoking initialize():  .top.Ramp
Initializing actor: .top.Ramp
Adding a thread: .top.Ramp
Invoking initialize():  .top.Ramp2
Initializing actor: .top.Ramp2
Adding a thread: .top.Ramp2
Invoking initialize():  .top.Test
Initializing actor: .top.Test
Adding a thread: .top.Test
-- Starting thread.
Called initialize()
Called prefire()
Called fire()
-- Starting thread.
Called initialize()
Called prefire()
Called fire()
Called postfire()
Called prefire()
Called fire()
-- Starting thread.
Called initialize()
Called prefire()
Called fire()
Called postfire()
Called prefire()
Called fire()
Called fire().
Checking for deadlock:
There are 3 Blocked actors, 0 Stopped actors, and 4 active threads.
Waiting for actors to stop.
-- Starting thread.
Called initialize()
Called prefire()
Called fire()
Read input token from inputA with value 0.0
Next port to read input from is inputB
Called postfire()
Called prefire()
Called fire()
Read input token from inputB with value 0.0
Sent output token with value 0.0
Next port to read input from is inputA
Called postfire()
Called prefire()
Called fire()
Checking for deadlock:
There are 1 Blocked actors, 0 Stopped actors, and 4 active threads.
Waiting for actors to stop.
-- Read input: 0.0, which is expected to match: 0.0
Called prefire()
Called fire()
Called postfire()
Called prefire()
Called fire()
Called postfire()
Called prefire()
Called fire()
Checking for deadlock:
There are 3 Blocked actors, 0 Stopped actors, and 4 active threads.
Waiting for actors to stop.
Read input token from inputA with value 1.0
Sent output token with value 0.0
Next port to read input from is inputB
Called postfire()
Called prefire()
Called fire()
Read input token from inputB with value 1.5
Called postfire()
Called prefire()
Called fire()
Checking for deadlock:
There are 2 Blocked actors, 0 Stopped actors, and 4 active threads.
Waiting for actors to stop.
-- Read input: 0.0, which is expected to match: 0.0
Called prefire()
Called fire()
Called postfire()
Called prefire()
Called fire()
Checking for deadlock:
There are 3 Blocked actors, 0 Stopped actors, and 4 active threads.
Waiting for actors to stop.
Checking for deadlock:
There are 2 Blocked actors, 0 Stopped actors, and 4 active threads.
Waiting for actors to stop.
-- Read input: 1.0, which is expected to match: 1.0
Called prefire()
Called fire()
Checking for deadlock:
There are 3 Blocked actors, 0 Stopped actors, and 4 active threads.
Waiting for actors to stop.
Sent output token with value 1.0
Next port to read input from is inputA
Called postfire()
Called prefire()
Called fire()
Called postfire()
Called prefire()
Called fire()
Checking for deadlock:
There are 3 Blocked actors, 0 Stopped actors, and 4 active threads.
Waiting for actors to stop.
Read input token from inputA with value 2.0
-- Read input: 1.5, which is expected to match: 1.5
Called prefire()
Called fire()
Checking for deadlock:
There are 3 Blocked actors, 0 Stopped actors, and 4 active threads.
Waiting for actors to stop.
Sent output token with value 1.5
Next port to read input from is inputB
Called postfire()
Called prefire()
Called fire()
Checking for deadlock:
There are 2 Blocked actors, 0 Stopped actors, and 4 active threads.
Waiting for actors to stop.
Called postfire()
Called prefire()
Called fire()
Checking for deadlock:
There are 3 Blocked actors, 0 Stopped actors, and 4 active threads.
Waiting for actors to stop.
Read input token from inputB with value 3.0
Checking for deadlock:
There are 2 Blocked actors, 0 Stopped actors, and 4 active threads.
Waiting for actors to stop.
-- Read input: 2.0, which is expected to match: 2.0
Called prefire()
Called fire()
Checking for deadlock:
There are 3 Blocked actors, 0 Stopped actors, and 4 active threads.
Waiting for actors to stop.
Sent output token with value 2.0
Next port to read input from is inputA
Called postfire()
Called prefire()
Called fire()
Called postfire()
Called prefire()
Called fire()
Checking for deadlock:
There are 3 Blocked actors, 0 Stopped actors, and 4 active threads.
Waiting for actors to stop.
Read input token from inputA with value 3.0
-- Read input: 3.0, which is expected to match: 3.0
Called prefire()
Called fire()
Checking for deadlock:
There are 3 Blocked actors, 0 Stopped actors, and 4 active threads.
Waiting for actors to stop.
Sent output token with value 3.0
Next port to read input from is inputB
Called postfire()
Called prefire()
Called fire()
Called postfire()
Called prefire()
Called fire()
Checking for deadlock:
There are 3 Blocked actors, 0 Stopped actors, and 4 active threads.
Waiting for actors to stop.
Read input token from inputB with value 4.5
-- Read input: 3.0, which is expected to match: 3.0
Called prefire()
Called fire()
Checking for deadlock:
There are 3 Blocked actors, 0 Stopped actors, and 4 active threads.
Waiting for actors to stop.
Sent output token with value 3.0
Next port to read input from is inputA
Called postfire()
Called prefire()
Called fire()
Called postfire()
Called prefire()
Called fire()
Checking for deadlock:
There are 3 Blocked actors, 0 Stopped actors, and 4 active threads.
Waiting for actors to stop.
Read input token from inputA with value 4.0
-- Read input: 4.0, which is expected to match: 4.0
Called prefire()
Called fire()
Past the end of training data. Read and discard all inputs.
Checking for deadlock:
There are 3 Blocked actors, 0 Stopped actors, and 4 active threads.
Waiting for actors to stop.
Sent output token with value 4.0
Next port to read input from is inputA
Called postfire()
Called prefire()
Called fire()
Called postfire()
Called prefire()
Called fire()
Checking for deadlock:
There are 3 Blocked actors, 0 Stopped actors, and 4 active threads.
Waiting for actors to stop.
Read input token from inputA with value 5.0
Called prefire()
Called fire()
Past the end of training data. Read and discard all inputs.
Checking for deadlock:
There are 3 Blocked actors, 0 Stopped actors, and 4 active threads.
Waiting for actors to stop.
Sent output token with value 4.5
Next port to read input from is inputB
Called postfire()
Called prefire()
Called fire()
Called postfire()
Called prefire()
Called fire()
Checking for deadlock:
There are 3 Blocked actors, 0 Stopped actors, and 4 active threads.
Waiting for actors to stop.
Read input token from inputB with value 6.0
Called prefire()
Called fire()
Past the end of training data. Read and discard all inputs.
Checking for deadlock:
There are 3 Blocked actors, 0 Stopped actors, and 4 active threads.
Waiting for actors to stop.
Sent output token with value 5.0
Next port to read input from is inputA
Called postfire()
Called prefire()
Called fire()
Called postfire()
Called prefire()
Called fire()
Checking for deadlock:
There are 3 Blocked actors, 0 Stopped actors, and 4 active threads.
Waiting for actors to stop.
Read input token from inputA with value 6.0
Called prefire()
Called fire()
Past the end of training data. Read and discard all inputs.
Checking for deadlock:
There are 3 Blocked actors, 0 Stopped actors, and 4 active threads.
Waiting for actors to stop.
Sent output token with value 6.0
Next port to read input from is inputB
Called postfire()
Called prefire()
Called fire()
Called postfire()
Called prefire()
Called fire()
Checking for deadlock:
There are 3 Blocked actors, 0 Stopped actors, and 4 active threads.
Waiting for actors to stop.
Read input token from inputB with value 7.5
Called prefire()
Called fire()
Past the end of training data. Read and discard all inputs.
Checking for deadlock:
There are 3 Blocked actors, 0 Stopped actors, and 4 active threads.
Waiting for actors to stop.
Sent output token with value 6.0
Next port to read input from is inputA
Called postfire()
Called prefire()
Called fire()
Called postfire()
Called prefire()
Called fire()
Checking for deadlock:
There are 3 Blocked actors, 0 Stopped actors, and 4 active threads.
Waiting for actors to stop.
Read input token from inputA with value 7.0
Called prefire()
Called fire()
Past the end of training data. Read and discard all inputs.
Checking for deadlock:
There are 3 Blocked actors, 0 Stopped actors, and 4 active threads.
Waiting for actors to stop.
Sent output token with value 7.0
Next port to read input from is inputA
Called postfire()
Called prefire()
Called fire()
-- Thread wrapup() called.
Called wrapup()
Thread .top.Ramp is exiting.
-- Thread stopped.
Checking for deadlock:
There are 2 Blocked actors, 0 Stopped actors, and 3 active threads.
Waiting for actors to stop.
Read input token from inputA with value 8.0
Called prefire()
Called fire()
Past the end of training data. Read and discard all inputs.
Checking for deadlock:
There are 2 Blocked actors, 0 Stopped actors, and 3 active threads.
Waiting for actors to stop.
Sent output token with value 7.5
Next port to read input from is inputB
Called postfire()
Called prefire()
Called fire()
Called postfire()
Called prefire()
Called fire()
Checking for deadlock:
There are 2 Blocked actors, 0 Stopped actors, and 3 active threads.
Waiting for actors to stop.
Read input token from inputB with value 9.0
Called prefire()
Called fire()
Past the end of training data. Read and discard all inputs.
Checking for deadlock:
There are 2 Blocked actors, 0 Stopped actors, and 3 active threads.
Waiting for actors to stop.
Sent output token with value 8.0
Next port to read input from is inputA
Called postfire()
Called prefire()
Called fire()
Read input token from inputA with value 9.0
Called prefire()
Called fire()
Past the end of training data. Read and discard all inputs.
Checking for deadlock:
There are 2 Blocked actors, 0 Stopped actors, and 3 active threads.
Waiting for actors to stop.
Sent output token with value 9.0
Next port to read input from is inputB
Called postfire()
Called prefire()
Called fire()
Checking for deadlock:
There are 1 Blocked actors, 0 Stopped actors, and 3 active threads.
Waiting for actors to stop.
Called postfire()
Called prefire()
Called fire()
Checking for deadlock:
There are 2 Blocked actors, 0 Stopped actors, and 3 active threads.
Waiting for actors to stop.
Read input token from inputB with value 10.5
Checking for deadlock:
There are 1 Blocked actors, 0 Stopped actors, and 3 active threads.
Waiting for actors to stop.
Called prefire()
Called fire()
Past the end of training data. Read and discard all inputs.
Checking for deadlock:
There are 2 Blocked actors, 0 Stopped actors, and 3 active threads.
Waiting for actors to stop.
Sent output token with value 9.0
Next port to read input from is inputA
Called postfire()
Called prefire()
Called fire()
Checking for deadlock:
There are 3 Blocked actors, 0 Stopped actors, and 3 active threads.
Actors have stopped.
Checking for deadlock:
There are 3 Blocked actors, 0 Stopped actors, and 3 active threads.
Deadlock detected.
Resolving Deadlock
Checking for deadlock:
There are 3 Blocked actors, 0 Stopped actors, and 3 active threads.
Artificial Deadlock - increasing queue capacity.
increasing the capacity of receiver ptolemy.actor.TypedIOPort {.top.OrderedMerge.inputB} to 2
Director: Called postfire().
Called postfire().
_stopRequested = false
_stopFireRequested = false
Returning from postfire(): true
Called fire().
Checking for deadlock:
There are 2 Blocked actors, 0 Stopped actors, and 3 active threads.
Waiting for actors to stop.
-- Thread wrapup() called.
Called wrapup()
Thread .top.Ramp2 is exiting.
-- Thread stopped.
Checking for deadlock:
There are 2 Blocked actors, 0 Stopped actors, and 2 active threads.
Actors have stopped.
Checking for deadlock:
There are 2 Blocked actors, 0 Stopped actors, and 2 active threads.
Deadlock detected.
Resolving Deadlock
Checking for deadlock:
There are 2 Blocked actors, 0 Stopped actors, and 2 active threads.
Deadlock detected: no processes blocked on write, but some are blocked on read.
Called postfire().
_stopRequested = false
_stopFireRequested = false
Returning from postfire(): false
Finished deactivating branches.
Called wrapup().
-- Thread wrapup() called.
Called wrapup()
-- Thread wrapup() called.
Called wrapup()
Thread .top.Test is exiting.
-- Thread stopped.
-- Blocked Receiver call threw TerminateProcessException.
Thread .top.OrderedMerge is exiting.
27 ms. Memory: 120832K Free: 69245K (57%)
/home/travis/build/icyphy/ptII/ptolemy/actor/lib/test/Publisher.tcl
-- Thread stopped.
-- Blocked Receiver call threw TerminateProcessException.
31 ms. Memory: 120832K Free: 63047K (52%)
4 ms. Memory: 120832K Free: 102928K (85%)
3 ms. Memory: 120832K Free: 99346K (82%)
12 ms. Memory: 120832K Free: 98322K (81%)
3 ms. Memory: 120832K Free: 97298K (81%)
11 ms. Memory: 120832K Free: 96770K (80%)
3 ms. Memory: 120832K Free: 95746K (79%)
5 ms. Memory: 120832K Free: 94706K (78%)
19 ms. Memory: 120832K Free: 85010K (70%)
6 ms. Memory: 120832K Free: 80914K (67%)
3 ms. Memory: 120832K Free: 80386K (67%)
4 ms. Memory: 120832K Free: 77842K (64%)
6 ms. Memory: 120832K Free: 70674K (58%)
18 ms. Memory: 120832K Free: 60914K (50%)
6 ms. Memory: 120832K Free: 50194K (42%)
/home/travis/build/icyphy/ptII/ptolemy/actor/lib/test/Pulse.tcl
5 ms. Memory: 146432K Free: 93358K (64%)
11 ms. Memory: 146432K Free: 92854K (63%)
2 ms. Memory: 146432K Free: 92340K (63%)
1 ms. Memory: 146432K Free: 91316K (62%)
1 ms. Memory: 146432K Free: 90806K (62%)
7 ms. Memory: 146432K Free: 89782K (61%)
9 ms. Memory: 146432K Free: 88758K (61%)
1 ms. Memory: 146432K Free: 88238K (60%)
3 ms. Memory: 146432K Free: 87220K (60%)
/home/travis/build/icyphy/ptII/ptolemy/actor/lib/test/Ramp.tcl
3 ms. Memory: 146432K Free: 85686K (59%)
2 ms. Memory: 146432K Free: 84662K (58%)
1 ms. Memory: 146432K Free: 84134K (57%)
1 ms. Memory: 146432K Free: 83124K (57%)
3 ms. Memory: 146432K Free: 82614K (56%)
4 ms. Memory: 146432K Free: 81590K (56%)
4 ms. Memory: 146432K Free: 80566K (55%)
5 actors
5000 microseconds per iteration to create
5 ms. Memory: 146432K Free: 77990K (53%)
2 ms. Memory: 146432K Free: 77494K (53%)
2 ms. Memory: 146432K Free: 76470K (52%)
2 ms. Memory: 146432K Free: 75956K (52%)
50 actors
28000 microseconds per iteration to create
42 ms. Memory: 146432K Free: 128809K (88%)
5 ms. Memory: 146432K Free: 127785K (87%)
5 ms. Memory: 146432K Free: 126761K (87%)
5 ms. Memory: 146432K Free: 125737K (86%)
500 actors
1880000 microseconds per iteration to create
278 ms. Memory: 146432K Free: 104432K (71%)
45 ms. Memory: 146432K Free: 99312K (68%)
45 ms. Memory: 146432K Free: 94192K (64%)
44 ms. Memory: 146432K Free: 88558K (60%)
/home/travis/build/icyphy/ptII/ptolemy/actor/lib/test/RampContinuous.tcl
7 ms. Memory: 146432K Free: 87024K (59%)
/home/travis/build/icyphy/ptII/ptolemy/actor/lib/test/RecordAssembler.tcl
5 ms. Memory: 146432K Free: 85471K (58%)
3 ms. Memory: 146432K Free: 84462K (58%)
/home/travis/build/icyphy/ptII/ptolemy/actor/lib/test/RecordDisassembler.tcl
6 ms. Memory: 146432K Free: 82928K (57%)
3 ms. Memory: 146432K Free: 82383K (56%)
4 ms. Memory: 146432K Free: 80880K (55%)
/home/travis/build/icyphy/ptII/ptolemy/actor/lib/test/Scale.tcl
3 ms. Memory: 146432K Free: 79327K (54%)
1 ms. Memory: 146432K Free: 78303K (53%)
1 ms. Memory: 146432K Free: 77808K (53%)
3 ms. Memory: 146432K Free: 76784K (52%)
3 ms. Memory: 146432K Free: 75760K (52%)
/home/travis/build/icyphy/ptII/ptolemy/actor/lib/test/SequentialClock.tcl
preinitializing
resolving types
initializing
executing number 1
wrapping up
idle
5 ms. Memory: 146432K Free: 74736K (51%)
Completed execution with 5 iterations
preinitializing
resolving types
initializing
executing number 1
wrapping up
idle
2 ms. Memory: 146432K Free: 74215K (51%)
Completed execution with 5 iterations
preinitializing
resolving types
initializing
executing number 1
wrapping up
idle
1 ms. Memory: 146432K Free: 73712K (50%)
Completed execution with 5 iterations
/home/travis/build/icyphy/ptII/ptolemy/actor/lib/test/SetVariable.tcl
5 ms. Memory: 146432K Free: 71664K (49%)


==== $PTII/ptolemy/actor/lib/test/SetVariable.tcl: SetVariable-3.1 changeFailed
==== Contents of test case:

    #Uses 2.1 above
    jdkCaptureErr {
        # This test was failing if we ran Exit.tcl and then this test.
        # MessageHandler.error() now actually throws the Exception.
	catch {$setVariable changeFailed [java::null]  [java::new Exception {Test exception for SetVariable.changeFailed()}]} errMsg
    } results
    list [string range $results 0 89] "\n" $errMsg

==== Result was:
{java.lang.Exception: Test exception for SetVariable.changeFailed()
	at java.base/jdk.inter} {
} {java.lang.RuntimeException: java.lang.Exception: Test exception for SetVariable.changeFailed()}
---- Result should have been:
{Failed to set variable.
java.lang.Exception: Test exception for SetVariable.changeFailed()} {
} {java.lang.RuntimeException: java.lang.Exception: Test exception for SetVariable.changeFailed()}
---- SetVariable-3.1 FAILED
/home/travis/build/icyphy/ptII/ptolemy/actor/lib/test/Sinewave.tcl
/home/travis/build/icyphy/ptII/ptolemy/actor/lib/test/SubscriptionAggregator.tcl
5 ms. Memory: 146432K Free: 59871K (41%)
11 ms. Memory: 146432K Free: 58862K (40%)
1 ms. Memory: 146432K Free: 58352K (40%)
1 ms. Memory: 146432K Free: 58352K (40%)
2 ms. Memory: 146432K Free: 54256K (37%)
10 ms. Memory: 146432K Free: 52208K (36%)
...............................................................1156 ms. Memory: 280576K Free: 121627K (43%)
/home/travis/build/icyphy/ptII/ptolemy/actor/lib/test/Test.tcl
 The next command will produce a warning about training mode,
   which may be ignored.
71 ms. Memory: 280576K Free: 235091K (84%)
3 ms. Memory: 280576K Free: 234067K (83%)
14 ms. Memory: 280576K Free: 233553K (83%)
1 ms. Memory: 280576K Free: 233043K (83%)
2 ms. Memory: 280576K Free: 232515K (83%)
7 ms. Memory: 280576K Free: 230995K (82%)
3 ms. Memory: 280576K Free: 229971K (82%)
 The next command will produce a warning about training mode,
   which may be ignored.
4 ms. Memory: 280576K Free: 227395K (81%)
 The next command will produce a warning about training mode,
   which may be ignored.
2 ms. Memory: 280576K Free: 226371K (81%)
1 ms. Memory: 280576K Free: 225875K (81%)
2 ms. Memory: 280576K Free: 225347K (80%)
2 ms. Memory: 280576K Free: 224851K (80%)
5 ms. Memory: 280576K Free: 223827K (80%)
3 ms. Memory: 280576K Free: 220211K (78%)
/home/travis/build/icyphy/ptII/ptolemy/actor/lib/test/TestExceptionHandler.tcl
 The next command will produce a warning about training mode,
   which may be ignored.
3 ms. Memory: 280576K Free: 218707K (78%)
1 ms. Memory: 280576K Free: 218163K (78%)
1 ms. Memory: 280576K Free: 217683K (78%)
/home/travis/build/icyphy/ptII/ptolemy/actor/lib/test/UnionDisassembler.tcl
15 ms. Memory: 280576K Free: 210515K (75%)
/home/travis/build/icyphy/ptII/ptolemy/actor/lib/test/VariableClock.tcl
preinitializing
resolving types
initializing
executing number 1
wrapping up
idle
3 ms. Memory: 280576K Free: 208467K (74%)
Completed execution with 11 iterations
preinitializing
resolving types
initializing
executing number 1
wrapping up
idle
3 ms. Memory: 280576K Free: 206915K (74%)
Completed execution with 10 iterations
07/16/19 04:58:55
Failed: 1  Total Tests: 234  ((Passed: 233, Newly Passed: 0)  Known Failed: 0) /home/travis/build/icyphy/ptII/ptolemy/actor/lib/test
----------------- testing (KnownFailure) /home/travis/build/icyphy/ptII/ptolemy/actor/lib/test/auto/knownFailedTests/PublisherPortToplevelSubscriber.xml
0 ms. Memory: 280576K Free: 203857K (73%)
Known Failure: java.lang.reflect.InvocationTargetException
----------------- testing (KnownFailure) /home/travis/build/icyphy/ptII/ptolemy/actor/lib/test/auto/knownFailedTests/PublisherSubscriberPortToplevel.xml
0 ms. Memory: 280576K Free: 199251K (71%)
Known Failure: java.lang.reflect.InvocationTargetException
----------------- testing (KnownFailure) /home/travis/build/icyphy/ptII/ptolemy/actor/lib/test/auto/knownFailedTests/PublisherSubscriptionAggregatorPort.xml
3 ms. Memory: 280576K Free: 195155K (70%)
Known Failure: java.lang.reflect.InvocationTargetException
----------------- testing (KnownFailure) /home/travis/build/icyphy/ptII/ptolemy/actor/lib/test/auto/knownFailedTests/sizedarray3.xml
4 ms. Memory: 280576K Free: 190545K (68%)
Known Failure: java.lang.reflect.InvocationTargetException
No auto/linux-amd64/*.xml tests in /home/travis/build/icyphy/ptII/ptolemy/actor/lib/test
AutoTests.java: About to close Vertx.
AutoTests.java: Vertx closed.

===========================================================================================
----------------- testing Tue Jul 16 04:58:55 UTC 2019 /home/travis/build/icyphy/ptII/ptolemy/actor/lib/test/auto/AbsoluteValue.xml
----------------- Instantiating /home/travis/build/icyphy/ptII/ptolemy/actor/lib/test/auto/AbsoluteValue.xml
12 ms. Memory: 280576K Free: 167507K (60%)
----------------- Invoking toplevel() on ptolemy.moml.MoMLSimpleApplication@6d6719f9
----------------- Done invoking toplevel() on ptolemy.moml.MoMLSimpleApplication@6d6719f9
reloadAllAccessors: .AbsoluteValue

===========================================================================================
----------------- testing Tue Jul 16 04:58:55 UTC 2019 /home/travis/build/icyphy/ptII/ptolemy/actor/lib/test/auto/AbsoluteValue2.xml
----------------- Instantiating /home/travis/build/icyphy/ptII/ptolemy/actor/lib/test/auto/AbsoluteValue2.xml
5 ms. Memory: 280576K Free: 160339K (57%)
----------------- Invoking toplevel() on ptolemy.moml.MoMLSimpleApplication@5244ba41
----------------- Done invoking toplevel() on ptolemy.moml.MoMLSimpleApplication@5244ba41
reloadAllAccessors: .AbsoluteValue2

===========================================================================================
----------------- testing Tue Jul 16 04:58:55 UTC 2019 /home/travis/build/icyphy/ptII/ptolemy/actor/lib/test/auto/Accumulator.xml
----------------- Instantiating /home/travis/build/icyphy/ptII/ptolemy/actor/lib/test/auto/Accumulator.xml
6 ms. Memory: 280576K Free: 154195K (55%)
----------------- Invoking toplevel() on ptolemy.moml.MoMLSimpleApplication@1a13a541
----------------- Done invoking toplevel() on ptolemy.moml.MoMLSimpleApplication@1a13a541
reloadAllAccessors: .Accumulator

===========================================================================================
----------------- testing Tue Jul 16 04:58:55 UTC 2019 /home/travis/build/icyphy/ptII/ptolemy/actor/lib/test/auto/Accumulator2.xml
----------------- Instantiating /home/travis/build/icyphy/ptII/ptolemy/actor/lib/test/auto/Accumulator2.xml
3 ms. Memory: 280576K Free: 148561K (53%)
----------------- Invoking toplevel() on ptolemy.moml.MoMLSimpleApplication@ca778af
----------------- Done invoking toplevel() on ptolemy.moml.MoMLSimpleApplication@ca778af
reloadAllAccessors: .Accumulator2

===========================================================================================
----------------- testing Tue Jul 16 04:58:55 UTC 2019 /home/travis/build/icyphy/ptII/ptolemy/actor/lib/test/auto/Accumulator3.xml
----------------- Instantiating /home/travis/build/icyphy/ptII/ptolemy/actor/lib/test/auto/Accumulator3.xml
11 ms. Memory: 280576K Free: 144465K (51%)
----------------- Invoking toplevel() on ptolemy.moml.MoMLSimpleApplication@ff08141
----------------- Done invoking toplevel() on ptolemy.moml.MoMLSimpleApplication@ff08141
reloadAllAccessors: .Accumulator3

===========================================================================================
----------------- testing Tue Jul 16 04:58:55 UTC 2019 /home/travis/build/icyphy/ptII/ptolemy/actor/lib/test/auto/ArrayAppend.xml
----------------- Instantiating /home/travis/build/icyphy/ptII/ptolemy/actor/lib/test/auto/ArrayAppend.xml
11 ms. Memory: 280576K Free: 138835K (49%)
----------------- Invoking toplevel() on ptolemy.moml.MoMLSimpleApplication@797b757c
----------------- Done invoking toplevel() on ptolemy.moml.MoMLSimpleApplication@797b757c
reloadAllAccessors: .ArrayAppend

===========================================================================================
----------------- testing Tue Jul 16 04:58:55 UTC 2019 /home/travis/build/icyphy/ptII/ptolemy/actor/lib/test/auto/ArrayAppend2.xml
----------------- Instantiating /home/travis/build/icyphy/ptII/ptolemy/actor/lib/test/auto/ArrayAppend2.xml
464 ms. Memory: 280576K Free: 212140K (76%)
----------------- Invoking toplevel() on ptolemy.moml.MoMLSimpleApplication@16ec939
----------------- Done invoking toplevel() on ptolemy.moml.MoMLSimpleApplication@16ec939
reloadAllAccessors: .ArrayAppend2

===========================================================================================
----------------- testing Tue Jul 16 04:58:56 UTC 2019 /home/travis/build/icyphy/ptII/ptolemy/actor/lib/test/auto/ArrayAppend3.xml
----------------- Instantiating /home/travis/build/icyphy/ptII/ptolemy/actor/lib/test/auto/ArrayAppend3.xml
7 ms. Memory: 280576K Free: 205996K (73%)
----------------- Invoking toplevel() on ptolemy.moml.MoMLSimpleApplication@1c5cadf6
----------------- Done invoking toplevel() on ptolemy.moml.MoMLSimpleApplication@1c5cadf6
reloadAllAccessors: .ArrayAppend3

===========================================================================================
----------------- testing Tue Jul 16 04:58:56 UTC 2019 /home/travis/build/icyphy/ptII/ptolemy/actor/lib/test/auto/ArrayAppend4.xml
----------------- Instantiating /home/travis/build/icyphy/ptII/ptolemy/actor/lib/test/auto/ArrayAppend4.xml
2 ms. Memory: 280576K Free: 200876K (72%)
----------------- Invoking toplevel() on ptolemy.moml.MoMLSimpleApplication@4b59dc2c
----------------- Done invoking toplevel() on ptolemy.moml.MoMLSimpleApplication@4b59dc2c
reloadAllAccessors: .ArrayAppend4

===========================================================================================
----------------- testing Tue Jul 16 04:58:56 UTC 2019 /home/travis/build/icyphy/ptII/ptolemy/actor/lib/test/auto/ArrayAppend5.xml
----------------- Instantiating /home/travis/build/icyphy/ptII/ptolemy/actor/lib/test/auto/ArrayAppend5.xml
3 ms. Memory: 280576K Free: 196266K (70%)
----------------- Invoking toplevel() on ptolemy.moml.MoMLSimpleApplication@18b5cd36
----------------- Done invoking toplevel() on ptolemy.moml.MoMLSimpleApplication@18b5cd36
reloadAllAccessors: .ArrayAppend5

===========================================================================================
----------------- testing Tue Jul 16 04:58:56 UTC 2019 /home/travis/build/icyphy/ptII/ptolemy/actor/lib/test/auto/ArrayAppend6.xml
----------------- Instantiating /home/travis/build/icyphy/ptII/ptolemy/actor/lib/test/auto/ArrayAppend6.xml
4 ms. Memory: 280576K Free: 191146K (68%)
----------------- Invoking toplevel() on ptolemy.moml.MoMLSimpleApplication@3f92eddc
----------------- Done invoking toplevel() on ptolemy.moml.MoMLSimpleApplication@3f92eddc
reloadAllAccessors: .ArrayAppend6

===========================================================================================
----------------- testing Tue Jul 16 04:58:56 UTC 2019 /home/travis/build/icyphy/ptII/ptolemy/actor/lib/test/auto/ArrayAppendPerformanceTest.xml
----------------- Instantiating /home/travis/build/icyphy/ptII/ptolemy/actor/lib/test/auto/ArrayAppendPerformanceTest.xml
36 ms. Memory: 280576K Free: 180396K (64%)
----------------- Invoking toplevel() on ptolemy.moml.MoMLSimpleApplication@1a805625
----------------- Done invoking toplevel() on ptolemy.moml.MoMLSimpleApplication@1a805625
reloadAllAccessors: .ArrayAppendPerformanceTest

===========================================================================================
----------------- testing Tue Jul 16 04:58:56 UTC 2019 /home/travis/build/icyphy/ptII/ptolemy/actor/lib/test/auto/ArrayAppendWithEmptyInput.xml
----------------- Instantiating /home/travis/build/icyphy/ptII/ptolemy/actor/lib/test/auto/ArrayAppendWithEmptyInput.xml
16 ms. Memory: 280576K Free: 172204K (61%)
----------------- Invoking toplevel() on ptolemy.moml.MoMLSimpleApplication@20d0edb1
----------------- Done invoking toplevel() on ptolemy.moml.MoMLSimpleApplication@20d0edb1
reloadAllAccessors: .ArrayAppendWithEmptyInput

===========================================================================================
----------------- testing Tue Jul 16 04:58:56 UTC 2019 /home/travis/build/icyphy/ptII/ptolemy/actor/lib/test/auto/ArrayAverage.xml
----------------- Instantiating /home/travis/build/icyphy/ptII/ptolemy/actor/lib/test/auto/ArrayAverage.xml
6 ms. Memory: 280576K Free: 164522K (59%)
----------------- Invoking toplevel() on ptolemy.moml.MoMLSimpleApplication@26513cbb
----------------- Done invoking toplevel() on ptolemy.moml.MoMLSimpleApplication@26513cbb
reloadAllAccessors: .ArrayAverage

===========================================================================================
----------------- testing Tue Jul 16 04:58:56 UTC 2019 /home/travis/build/icyphy/ptII/ptolemy/actor/lib/test/auto/ArrayContains.xml
----------------- Instantiating /home/travis/build/icyphy/ptII/ptolemy/actor/lib/test/auto/ArrayContains.xml
9 ms. Memory: 280576K Free: 158378K (56%)
----------------- Invoking toplevel() on ptolemy.moml.MoMLSimpleApplication@3e969353
----------------- Done invoking toplevel() on ptolemy.moml.MoMLSimpleApplication@3e969353
reloadAllAccessors: .ArrayContains

===========================================================================================
----------------- testing Tue Jul 16 04:58:56 UTC 2019 /home/travis/build/icyphy/ptII/ptolemy/actor/lib/test/auto/ArrayElement.xml
----------------- Instantiating /home/travis/build/icyphy/ptII/ptolemy/actor/lib/test/auto/ArrayElement.xml
5 ms. Memory: 280576K Free: 152748K (54%)
----------------- Invoking toplevel() on ptolemy.moml.MoMLSimpleApplication@4ff12170
----------------- Done invoking toplevel() on ptolemy.moml.MoMLSimpleApplication@4ff12170
reloadAllAccessors: .ArrayElement

===========================================================================================
----------------- testing Tue Jul 16 04:58:56 UTC 2019 /home/travis/build/icyphy/ptII/ptolemy/actor/lib/test/auto/ArrayElementAsMatrix.xml
----------------- Instantiating /home/travis/build/icyphy/ptII/ptolemy/actor/lib/test/auto/ArrayElementAsMatrix.xml
21 ms. Memory: 280576K Free: 143018K (51%)
----------------- Invoking toplevel() on ptolemy.moml.MoMLSimpleApplication@4d671d44
----------------- Done invoking toplevel() on ptolemy.moml.MoMLSimpleApplication@4d671d44
reloadAllAccessors: .ArrayElementAsMatrix

===========================================================================================
----------------- testing Tue Jul 16 04:58:57 UTC 2019 /home/travis/build/icyphy/ptII/ptolemy/actor/lib/test/auto/ArrayElementI.xml
----------------- Instantiating /home/travis/build/icyphy/ptII/ptolemy/actor/lib/test/auto/ArrayElementI.xml
3 ms. Memory: 280576K Free: 137898K (49%)
----------------- Invoking toplevel() on ptolemy.moml.MoMLSimpleApplication@77d60d27
----------------- Done invoking toplevel() on ptolemy.moml.MoMLSimpleApplication@77d60d27
reloadAllAccessors: .ArrayElementI

===========================================================================================
----------------- testing Tue Jul 16 04:58:57 UTC 2019 /home/travis/build/icyphy/ptII/ptolemy/actor/lib/test/auto/ArrayExtract.xml
----------------- Instantiating /home/travis/build/icyphy/ptII/ptolemy/actor/lib/test/auto/ArrayExtract.xml
5 ms. Memory: 280576K Free: 129706K (46%)
----------------- Invoking toplevel() on ptolemy.moml.MoMLSimpleApplication@43e6b9
----------------- Done invoking toplevel() on ptolemy.moml.MoMLSimpleApplication@43e6b9
reloadAllAccessors: .ArrayExtract

===========================================================================================
----------------- testing Tue Jul 16 04:58:57 UTC 2019 /home/travis/build/icyphy/ptII/ptolemy/actor/lib/test/auto/ArrayExtract2.xml
----------------- Instantiating /home/travis/build/icyphy/ptII/ptolemy/actor/lib/test/auto/ArrayExtract2.xml
2 ms. Memory: 280576K Free: 124076K (44%)
----------------- Invoking toplevel() on ptolemy.moml.MoMLSimpleApplication@4b4f87e7
----------------- Done invoking toplevel() on ptolemy.moml.MoMLSimpleApplication@4b4f87e7
reloadAllAccessors: .ArrayExtract2

===========================================================================================
----------------- testing Tue Jul 16 04:58:57 UTC 2019 /home/travis/build/icyphy/ptII/ptolemy/actor/lib/test/auto/ArrayLength.xml
----------------- Instantiating /home/travis/build/icyphy/ptII/ptolemy/actor/lib/test/auto/ArrayLength.xml
6 ms. Memory: 280576K Free: 120490K (43%)
----------------- Invoking toplevel() on ptolemy.moml.MoMLSimpleApplication@6871ee98
----------------- Done invoking toplevel() on ptolemy.moml.MoMLSimpleApplication@6871ee98
reloadAllAccessors: .ArrayLength

===========================================================================================
----------------- testing Tue Jul 16 04:58:57 UTC 2019 /home/travis/build/icyphy/ptII/ptolemy/actor/lib/test/auto/ArrayLevelCrossing.xml
----------------- Instantiating /home/travis/build/icyphy/ptII/ptolemy/actor/lib/test/auto/ArrayLevelCrossing.xml
5 ms. Memory: 280576K Free: 112298K (40%)
----------------- Invoking toplevel() on ptolemy.moml.MoMLSimpleApplication@53424301
----------------- Done invoking toplevel() on ptolemy.moml.MoMLSimpleApplication@53424301
reloadAllAccessors: .ArrayLevelCrossing

===========================================================================================
----------------- testing Tue Jul 16 04:58:57 UTC 2019 /home/travis/build/icyphy/ptII/ptolemy/actor/lib/test/auto/ArrayLevelCrossing2.xml
----------------- Instantiating /home/travis/build/icyphy/ptII/ptolemy/actor/lib/test/auto/ArrayLevelCrossing2.xml
3 ms. Memory: 280576K Free: 105644K (38%)
----------------- Invoking toplevel() on ptolemy.moml.MoMLSimpleApplication@444deae4
----------------- Done invoking toplevel() on ptolemy.moml.MoMLSimpleApplication@444deae4
reloadAllAccessors: .ArrayLevelCrossing2

===========================================================================================
----------------- testing Tue Jul 16 04:58:57 UTC 2019 /home/travis/build/icyphy/ptII/ptolemy/actor/lib/test/auto/ArrayPeakSearch.xml
----------------- Instantiating /home/travis/build/icyphy/ptII/ptolemy/actor/lib/test/auto/ArrayPeakSearch.xml
7 ms. Memory: 280576K Free: 96428K (34%)
----------------- Invoking toplevel() on ptolemy.moml.MoMLSimpleApplication@544a61f3
----------------- Done invoking toplevel() on ptolemy.moml.MoMLSimpleApplication@544a61f3
reloadAllAccessors: .ArrayPeakSearch

===========================================================================================
----------------- testing Tue Jul 16 04:58:57 UTC 2019 /home/travis/build/icyphy/ptII/ptolemy/actor/lib/test/auto/ArrayPeakSearch2.xml
----------------- Instantiating /home/travis/build/icyphy/ptII/ptolemy/actor/lib/test/auto/ArrayPeakSearch2.xml
6 ms. Memory: 280576K Free: 86188K (31%)
----------------- Invoking toplevel() on ptolemy.moml.MoMLSimpleApplication@70af78ba
----------------- Done invoking toplevel() on ptolemy.moml.MoMLSimpleApplication@70af78ba
reloadAllAccessors: .ArrayPeakSearch2

===========================================================================================
----------------- testing Tue Jul 16 04:58:57 UTC 2019 /home/travis/build/icyphy/ptII/ptolemy/actor/lib/test/auto/ArrayPeakSearch3.xml
----------------- Instantiating /home/travis/build/icyphy/ptII/ptolemy/actor/lib/test/auto/ArrayPeakSearch3.xml
6 ms. Memory: 280576K Free: 76972K (27%)
----------------- Invoking toplevel() on ptolemy.moml.MoMLSimpleApplication@ffe7c2c
----------------- Done invoking toplevel() on ptolemy.moml.MoMLSimpleApplication@ffe7c2c
reloadAllAccessors: .ArrayPeakSearch3

===========================================================================================
----------------- testing Tue Jul 16 04:58:57 UTC 2019 /home/travis/build/icyphy/ptII/ptolemy/actor/lib/test/auto/ArrayRemoveElement.xml
----------------- Instantiating /home/travis/build/icyphy/ptII/ptolemy/actor/lib/test/auto/ArrayRemoveElement.xml
3 ms. Memory: 280576K Free: 228021K (81%)
----------------- Invoking toplevel() on ptolemy.moml.MoMLSimpleApplication@4406c895
----------------- Done invoking toplevel() on ptolemy.moml.MoMLSimpleApplication@4406c895
reloadAllAccessors: .ArrayRemoveElement

===========================================================================================
----------------- testing Tue Jul 16 04:58:57 UTC 2019 /home/travis/build/icyphy/ptII/ptolemy/actor/lib/test/auto/ArraySort.xml
----------------- Instantiating /home/travis/build/icyphy/ptII/ptolemy/actor/lib/test/auto/ArraySort.xml
9 ms. Memory: 280576K Free: 218805K (78%)
----------------- Invoking toplevel() on ptolemy.moml.MoMLSimpleApplication@413eeabe
----------------- Done invoking toplevel() on ptolemy.moml.MoMLSimpleApplication@413eeabe
reloadAllAccessors: .ArraySort

===========================================================================================
----------------- testing Tue Jul 16 04:58:57 UTC 2019 /home/travis/build/icyphy/ptII/ptolemy/actor/lib/test/auto/ArraySum.xml
----------------- Instantiating /home/travis/build/icyphy/ptII/ptolemy/actor/lib/test/auto/ArraySum.xml
5 ms. Memory: 280576K Free: 213685K (76%)
----------------- Invoking toplevel() on ptolemy.moml.MoMLSimpleApplication@584665b4
----------------- Done invoking toplevel() on ptolemy.moml.MoMLSimpleApplication@584665b4
reloadAllAccessors: .ArraySum

===========================================================================================
----------------- testing Tue Jul 16 04:58:57 UTC 2019 /home/travis/build/icyphy/ptII/ptolemy/actor/lib/test/auto/ArrayToElements.xml
----------------- Instantiating /home/travis/build/icyphy/ptII/ptolemy/actor/lib/test/auto/ArrayToElements.xml
5 ms. Memory: 280576K Free: 208055K (74%)
----------------- Invoking toplevel() on ptolemy.moml.MoMLSimpleApplication@6fa5f91b
----------------- Done invoking toplevel() on ptolemy.moml.MoMLSimpleApplication@6fa5f91b
reloadAllAccessors: .ArrayToElements

===========================================================================================
----------------- testing Tue Jul 16 04:58:57 UTC 2019 /home/travis/build/icyphy/ptII/ptolemy/actor/lib/test/auto/ArrayToMatrix.xml
----------------- Instantiating /home/travis/build/icyphy/ptII/ptolemy/actor/lib/test/auto/ArrayToMatrix.xml
18 ms. Memory: 280576K Free: 194229K (69%)
----------------- Invoking toplevel() on ptolemy.moml.MoMLSimpleApplication@1d4dfabc
----------------- Done invoking toplevel() on ptolemy.moml.MoMLSimpleApplication@1d4dfabc
reloadAllAccessors: .ArrayToMatrix

===========================================================================================
----------------- testing Tue Jul 16 04:58:57 UTC 2019 /home/travis/build/icyphy/ptII/ptolemy/actor/lib/test/auto/ArrayUpdate1.xml
----------------- Instantiating /home/travis/build/icyphy/ptII/ptolemy/actor/lib/test/auto/ArrayUpdate1.xml
3 ms. Memory: 280576K Free: 189109K (67%)
----------------- Invoking toplevel() on ptolemy.moml.MoMLSimpleApplication@5f676cfa
----------------- Done invoking toplevel() on ptolemy.moml.MoMLSimpleApplication@5f676cfa
reloadAllAccessors: .ArrayUpdate1

===========================================================================================
----------------- testing Tue Jul 16 04:58:57 UTC 2019 /home/travis/build/icyphy/ptII/ptolemy/actor/lib/test/auto/ArrayUpdate2.xml
----------------- Instantiating /home/travis/build/icyphy/ptII/ptolemy/actor/lib/test/auto/ArrayUpdate2.xml
14 ms. Memory: 280576K Free: 183479K (65%)
----------------- Invoking toplevel() on ptolemy.moml.MoMLSimpleApplication@5536a283
----------------- Done invoking toplevel() on ptolemy.moml.MoMLSimpleApplication@5536a283
reloadAllAccessors: .ArrayUpdate2

===========================================================================================
----------------- testing Tue Jul 16 04:58:57 UTC 2019 /home/travis/build/icyphy/ptII/ptolemy/actor/lib/test/auto/ArrayUpdate3.xml
----------------- Instantiating /home/travis/build/icyphy/ptII/ptolemy/actor/lib/test/auto/ArrayUpdate3.xml
9 ms. Memory: 280576K Free: 178359K (64%)
----------------- Invoking toplevel() on ptolemy.moml.MoMLSimpleApplication@321c5833
----------------- Done invoking toplevel() on ptolemy.moml.MoMLSimpleApplication@321c5833
reloadAllAccessors: .ArrayUpdate3

===========================================================================================
----------------- testing Tue Jul 16 04:58:57 UTC 2019 /home/travis/build/icyphy/ptII/ptolemy/actor/lib/test/auto/Assert1.xml
----------------- Instantiating /home/travis/build/icyphy/ptII/ptolemy/actor/lib/test/auto/Assert1.xml
5 ms. Memory: 280576K Free: 174263K (62%)
----------------- Invoking toplevel() on ptolemy.moml.MoMLSimpleApplication@5c5f36ba
----------------- Done invoking toplevel() on ptolemy.moml.MoMLSimpleApplication@5c5f36ba
reloadAllAccessors: .Assert1

===========================================================================================
----------------- testing Tue Jul 16 04:58:57 UTC 2019 /home/travis/build/icyphy/ptII/ptolemy/actor/lib/test/auto/Assert2.xml
----------------- Instantiating /home/travis/build/icyphy/ptII/ptolemy/actor/lib/test/auto/Assert2.xml
2 ms. Memory: 280576K Free: 168629K (60%)
----------------- Invoking toplevel() on ptolemy.moml.MoMLSimpleApplication@3451bc7e
----------------- Done invoking toplevel() on ptolemy.moml.MoMLSimpleApplication@3451bc7e
reloadAllAccessors: .Assert2

===========================================================================================
----------------- testing Tue Jul 16 04:58:57 UTC 2019 /home/travis/build/icyphy/ptII/ptolemy/actor/lib/test/auto/BooleanMultiplexor.xml
----------------- Instantiating /home/travis/build/icyphy/ptII/ptolemy/actor/lib/test/auto/BooleanMultiplexor.xml
2 ms. Memory: 280576K Free: 163495K (58%)
----------------- Invoking toplevel() on ptolemy.moml.MoMLSimpleApplication@d690c57
----------------- Done invoking toplevel() on ptolemy.moml.MoMLSimpleApplication@d690c57
reloadAllAccessors: .BooleanMultiplexor

===========================================================================================
----------------- testing Tue Jul 16 04:58:57 UTC 2019 /home/travis/build/icyphy/ptII/ptolemy/actor/lib/test/auto/BooleanMultiplexor2.xml
----------------- Instantiating /home/travis/build/icyphy/ptII/ptolemy/actor/lib/test/auto/BooleanMultiplexor2.xml
16 ms. Memory: 280576K Free: 156855K (56%)
----------------- Invoking toplevel() on ptolemy.moml.MoMLSimpleApplication@51da9e59
----------------- Done invoking toplevel() on ptolemy.moml.MoMLSimpleApplication@51da9e59
reloadAllAccessors: .BooleanMultiplexor2

===========================================================================================
----------------- testing Tue Jul 16 04:58:57 UTC 2019 /home/travis/build/icyphy/ptII/ptolemy/actor/lib/test/auto/BooleanMultiplexor3.xml
----------------- Instantiating /home/travis/build/icyphy/ptII/ptolemy/actor/lib/test/auto/BooleanMultiplexor3.xml
6 ms. Memory: 280576K Free: 153269K (55%)
----------------- Invoking toplevel() on ptolemy.moml.MoMLSimpleApplication@a79a8a7
----------------- Done invoking toplevel() on ptolemy.moml.MoMLSimpleApplication@a79a8a7
reloadAllAccessors: .BooleanMultiplexor3

===========================================================================================
----------------- testing Tue Jul 16 04:58:57 UTC 2019 /home/travis/build/icyphy/ptII/ptolemy/actor/lib/test/auto/BooleanSelect.xml
----------------- Instantiating /home/travis/build/icyphy/ptII/ptolemy/actor/lib/test/auto/BooleanSelect.xml
11 ms. Memory: 280576K Free: 146615K (52%)
----------------- Invoking toplevel() on ptolemy.moml.MoMLSimpleApplication@3550ada4
----------------- Done invoking toplevel() on ptolemy.moml.MoMLSimpleApplication@3550ada4
reloadAllAccessors: .BooleanSelect

===========================================================================================
----------------- testing Tue Jul 16 04:58:57 UTC 2019 /home/travis/build/icyphy/ptII/ptolemy/actor/lib/test/auto/BooleanSelect2.xml
----------------- Instantiating /home/travis/build/icyphy/ptII/ptolemy/actor/lib/test/auto/BooleanSelect2.xml
2 ms. Memory: 280576K Free: 142519K (51%)
----------------- Invoking toplevel() on ptolemy.moml.MoMLSimpleApplication@2ebe0702
----------------- Done invoking toplevel() on ptolemy.moml.MoMLSimpleApplication@2ebe0702
reloadAllAccessors: .BooleanSelect2

===========================================================================================
----------------- testing Tue Jul 16 04:58:57 UTC 2019 /home/travis/build/icyphy/ptII/ptolemy/actor/lib/test/auto/BooleanSwitch.xml
----------------- Instantiating /home/travis/build/icyphy/ptII/ptolemy/actor/lib/test/auto/BooleanSwitch.xml
18 ms. Memory: 280576K Free: 135859K (48%)
----------------- Invoking toplevel() on ptolemy.moml.MoMLSimpleApplication@6e4f718b
----------------- Done invoking toplevel() on ptolemy.moml.MoMLSimpleApplication@6e4f718b
reloadAllAccessors: .BooleanSwitch

===========================================================================================
----------------- testing Tue Jul 16 04:58:58 UTC 2019 /home/travis/build/icyphy/ptII/ptolemy/actor/lib/test/auto/BooleanSwitch2.xml
----------------- Instantiating /home/travis/build/icyphy/ptII/ptolemy/actor/lib/test/auto/BooleanSwitch2.xml
3 ms. Memory: 280576K Free: 131765K (47%)
----------------- Invoking toplevel() on ptolemy.moml.MoMLSimpleApplication@4fa1f1f5
----------------- Done invoking toplevel() on ptolemy.moml.MoMLSimpleApplication@4fa1f1f5
reloadAllAccessors: .BooleanSwitch2

===========================================================================================
----------------- testing Tue Jul 16 04:58:58 UTC 2019 /home/travis/build/icyphy/ptII/ptolemy/actor/lib/test/auto/BooleanSwitchCloningBugWithClassRelationGroup.xml
----------------- Instantiating /home/travis/build/icyphy/ptII/ptolemy/actor/lib/test/auto/BooleanSwitchCloningBugWithClassRelationGroup.xml
3 ms. Memory: 280576K Free: 125111K (45%)
----------------- Invoking toplevel() on ptolemy.moml.MoMLSimpleApplication@5af7a9a3
----------------- Done invoking toplevel() on ptolemy.moml.MoMLSimpleApplication@5af7a9a3
reloadAllAccessors: .BooleanSwitchCloningBugWithClassRelationGroup

===========================================================================================
----------------- testing Tue Jul 16 04:58:58 UTC 2019 /home/travis/build/icyphy/ptII/ptolemy/actor/lib/test/auto/BusActors.xml
----------------- Instantiating /home/travis/build/icyphy/ptII/ptolemy/actor/lib/test/auto/BusActors.xml
8 ms. Memory: 280576K Free: 116919K (42%)
----------------- Invoking toplevel() on ptolemy.moml.MoMLSimpleApplication@2f646348
----------------- Done invoking toplevel() on ptolemy.moml.MoMLSimpleApplication@2f646348
reloadAllAccessors: .BusActors

===========================================================================================
----------------- testing Tue Jul 16 04:58:58 UTC 2019 /home/travis/build/icyphy/ptII/ptolemy/actor/lib/test/auto/ClassWrapper.xml
----------------- Instantiating /home/travis/build/icyphy/ptII/ptolemy/actor/lib/test/auto/ClassWrapper.xml
3 ms. Memory: 280576K Free: 112823K (40%)
----------------- Invoking toplevel() on ptolemy.moml.MoMLSimpleApplication@37ecc7ca
----------------- Done invoking toplevel() on ptolemy.moml.MoMLSimpleApplication@37ecc7ca
reloadAllAccessors: .ClassWrapper

===========================================================================================
----------------- testing Tue Jul 16 04:58:58 UTC 2019 /home/travis/build/icyphy/ptII/ptolemy/actor/lib/test/auto/Clock.xml
----------------- Instantiating /home/travis/build/icyphy/ptII/ptolemy/actor/lib/test/auto/Clock.xml
4 ms. Memory: 280576K Free: 108727K (39%)
----------------- Invoking toplevel() on ptolemy.moml.MoMLSimpleApplication@1a743c23
----------------- Done invoking toplevel() on ptolemy.moml.MoMLSimpleApplication@1a743c23
reloadAllAccessors: .Clock

===========================================================================================
----------------- testing Tue Jul 16 04:58:58 UTC 2019 /home/travis/build/icyphy/ptII/ptolemy/actor/lib/test/auto/Clock10.xml
----------------- Instantiating /home/travis/build/icyphy/ptII/ptolemy/actor/lib/test/auto/Clock10.xml
3 ms. Memory: 280576K Free: 103093K (37%)
----------------- Invoking toplevel() on ptolemy.moml.MoMLSimpleApplication@58abb076
----------------- Done invoking toplevel() on ptolemy.moml.MoMLSimpleApplication@58abb076
reloadAllAccessors: .Clock10

===========================================================================================
----------------- testing Tue Jul 16 04:58:58 UTC 2019 /home/travis/build/icyphy/ptII/ptolemy/actor/lib/test/auto/Clock11.xml
----------------- Instantiating /home/travis/build/icyphy/ptII/ptolemy/actor/lib/test/auto/Clock11.xml
9 ms. Memory: 280576K Free: 96949K (35%)
----------------- Invoking toplevel() on ptolemy.moml.MoMLSimpleApplication@3031ed70
----------------- Done invoking toplevel() on ptolemy.moml.MoMLSimpleApplication@3031ed70
reloadAllAccessors: .Clock11

===========================================================================================
----------------- testing Tue Jul 16 04:58:58 UTC 2019 /home/travis/build/icyphy/ptII/ptolemy/actor/lib/test/auto/Clock12.xml
----------------- Instantiating /home/travis/build/icyphy/ptII/ptolemy/actor/lib/test/auto/Clock12.xml
6 ms. Memory: 280576K Free: 91319K (33%)
----------------- Invoking toplevel() on ptolemy.moml.MoMLSimpleApplication@4d30e73c
----------------- Done invoking toplevel() on ptolemy.moml.MoMLSimpleApplication@4d30e73c
reloadAllAccessors: .Clock12

===========================================================================================
----------------- testing Tue Jul 16 04:58:58 UTC 2019 /home/travis/build/icyphy/ptII/ptolemy/actor/lib/test/auto/Clock13.xml
----------------- Instantiating /home/travis/build/icyphy/ptII/ptolemy/actor/lib/test/auto/Clock13.xml
4 ms. Memory: 280576K Free: 85175K (30%)
----------------- Invoking toplevel() on ptolemy.moml.MoMLSimpleApplication@75b1e64
----------------- Done invoking toplevel() on ptolemy.moml.MoMLSimpleApplication@75b1e64
reloadAllAccessors: .Clock13

===========================================================================================
----------------- testing Tue Jul 16 04:58:58 UTC 2019 /home/travis/build/icyphy/ptII/ptolemy/actor/lib/test/auto/Clock14.xml
----------------- Instantiating /home/travis/build/icyphy/ptII/ptolemy/actor/lib/test/auto/Clock14.xml
3 ms. Memory: 280576K Free: 79511K (28%)
----------------- Invoking toplevel() on ptolemy.moml.MoMLSimpleApplication@e355f8e
----------------- Done invoking toplevel() on ptolemy.moml.MoMLSimpleApplication@e355f8e
reloadAllAccessors: .Clock14

===========================================================================================
----------------- testing Tue Jul 16 04:58:58 UTC 2019 /home/travis/build/icyphy/ptII/ptolemy/actor/lib/test/auto/Clock15.xml
----------------- Instantiating /home/travis/build/icyphy/ptII/ptolemy/actor/lib/test/auto/Clock15.xml
3 ms. Memory: 280576K Free: 73367K (26%)
----------------- Invoking toplevel() on ptolemy.moml.MoMLSimpleApplication@57b10702
----------------- Done invoking toplevel() on ptolemy.moml.MoMLSimpleApplication@57b10702
reloadAllAccessors: .Clock15

===========================================================================================
----------------- testing Tue Jul 16 04:58:58 UTC 2019 /home/travis/build/icyphy/ptII/ptolemy/actor/lib/test/auto/Clock16.xml
----------------- Instantiating /home/travis/build/icyphy/ptII/ptolemy/actor/lib/test/auto/Clock16.xml
40 ms. Memory: 444416K Free: 387678K (87%)
----------------- Invoking toplevel() on ptolemy.moml.MoMLSimpleApplication@26b12a0e
----------------- Done invoking toplevel() on ptolemy.moml.MoMLSimpleApplication@26b12a0e
reloadAllAccessors: .Clock16

===========================================================================================
----------------- testing Tue Jul 16 04:58:58 UTC 2019 /home/travis/build/icyphy/ptII/ptolemy/actor/lib/test/auto/Clock17.xml
----------------- Instantiating /home/travis/build/icyphy/ptII/ptolemy/actor/lib/test/auto/Clock17.xml
32 ms. Memory: 444416K Free: 373870K (84%)
----------------- Invoking toplevel() on ptolemy.moml.MoMLSimpleApplication@7bb09d83
----------------- Done invoking toplevel() on ptolemy.moml.MoMLSimpleApplication@7bb09d83
reloadAllAccessors: .Clock17

===========================================================================================
----------------- testing Tue Jul 16 04:58:58 UTC 2019 /home/travis/build/icyphy/ptII/ptolemy/actor/lib/test/auto/Clock18.xml
----------------- Instantiating /home/travis/build/icyphy/ptII/ptolemy/actor/lib/test/auto/Clock18.xml
32 ms. Memory: 444416K Free: 360558K (81%)
----------------- Invoking toplevel() on ptolemy.moml.MoMLSimpleApplication@5ced42b1
----------------- Done invoking toplevel() on ptolemy.moml.MoMLSimpleApplication@5ced42b1
reloadAllAccessors: .Clock18

===========================================================================================
----------------- testing Tue Jul 16 04:58:58 UTC 2019 /home/travis/build/icyphy/ptII/ptolemy/actor/lib/test/auto/Clock19.xml
----------------- Instantiating /home/travis/build/icyphy/ptII/ptolemy/actor/lib/test/auto/Clock19.xml
14 ms. Memory: 444416K Free: 347750K (78%)
----------------- Invoking toplevel() on ptolemy.moml.MoMLSimpleApplication@73491340
----------------- Done invoking toplevel() on ptolemy.moml.MoMLSimpleApplication@73491340
reloadAllAccessors: .Clock19

===========================================================================================
----------------- testing Tue Jul 16 04:58:58 UTC 2019 /home/travis/build/icyphy/ptII/ptolemy/actor/lib/test/auto/Clock2.xml
----------------- Instantiating /home/travis/build/icyphy/ptII/ptolemy/actor/lib/test/auto/Clock2.xml
9 ms. Memory: 444416K Free: 343150K (77%)
----------------- Invoking toplevel() on ptolemy.moml.MoMLSimpleApplication@20bf145b
----------------- Done invoking toplevel() on ptolemy.moml.MoMLSimpleApplication@20bf145b
reloadAllAccessors: .Clock2

===========================================================================================
----------------- testing Tue Jul 16 04:58:58 UTC 2019 /home/travis/build/icyphy/ptII/ptolemy/actor/lib/test/auto/Clock20.xml
----------------- Instantiating /home/travis/build/icyphy/ptII/ptolemy/actor/lib/test/auto/Clock20.xml
8 ms. Memory: 444416K Free: 338030K (76%)
----------------- Invoking toplevel() on ptolemy.moml.MoMLSimpleApplication@3b969877
----------------- Done invoking toplevel() on ptolemy.moml.MoMLSimpleApplication@3b969877
reloadAllAccessors: .Clock20

===========================================================================================
----------------- testing Tue Jul 16 04:58:58 UTC 2019 /home/travis/build/icyphy/ptII/ptolemy/actor/lib/test/auto/Clock21.xml
----------------- Instantiating /home/travis/build/icyphy/ptII/ptolemy/actor/lib/test/auto/Clock21.xml
5 ms. Memory: 444416K Free: 332396K (75%)
----------------- Invoking toplevel() on ptolemy.moml.MoMLSimpleApplication@4bc7b953
----------------- Done invoking toplevel() on ptolemy.moml.MoMLSimpleApplication@4bc7b953
reloadAllAccessors: .Clock21

===========================================================================================
----------------- testing Tue Jul 16 04:58:58 UTC 2019 /home/travis/build/icyphy/ptII/ptolemy/actor/lib/test/auto/Clock22.xml
----------------- Instantiating /home/travis/build/icyphy/ptII/ptolemy/actor/lib/test/auto/Clock22.xml
3 ms. Memory: 444416K Free: 327276K (74%)
----------------- Invoking toplevel() on ptolemy.moml.MoMLSimpleApplication@1516f5ec
----------------- Done invoking toplevel() on ptolemy.moml.MoMLSimpleApplication@1516f5ec
reloadAllAccessors: .Clock22

===========================================================================================
----------------- testing Tue Jul 16 04:58:58 UTC 2019 /home/travis/build/icyphy/ptII/ptolemy/actor/lib/test/auto/Clock23.xml
----------------- Instantiating /home/travis/build/icyphy/ptII/ptolemy/actor/lib/test/auto/Clock23.xml
4 ms. Memory: 444416K Free: 321646K (72%)
----------------- Invoking toplevel() on ptolemy.moml.MoMLSimpleApplication@411c7ce
----------------- Done invoking toplevel() on ptolemy.moml.MoMLSimpleApplication@411c7ce
reloadAllAccessors: .Clock23

===========================================================================================
----------------- testing Tue Jul 16 04:58:58 UTC 2019 /home/travis/build/icyphy/ptII/ptolemy/actor/lib/test/auto/Clock24.xml
----------------- Instantiating /home/travis/build/icyphy/ptII/ptolemy/actor/lib/test/auto/Clock24.xml
6 ms. Memory: 444416K Free: 316012K (71%)
----------------- Invoking toplevel() on ptolemy.moml.MoMLSimpleApplication@39fe86eb
----------------- Done invoking toplevel() on ptolemy.moml.MoMLSimpleApplication@39fe86eb
reloadAllAccessors: .Clock24

===========================================================================================
----------------- testing Tue Jul 16 04:58:58 UTC 2019 /home/travis/build/icyphy/ptII/ptolemy/actor/lib/test/auto/Clock4.xml
----------------- Instantiating /home/travis/build/icyphy/ptII/ptolemy/actor/lib/test/auto/Clock4.xml
1 ms. Memory: 444416K Free: 311406K (70%)
----------------- Invoking toplevel() on ptolemy.moml.MoMLSimpleApplication@22e37b3
----------------- Done invoking toplevel() on ptolemy.moml.MoMLSimpleApplication@22e37b3
reloadAllAccessors: .Clock4

===========================================================================================
----------------- testing Tue Jul 16 04:58:58 UTC 2019 /home/travis/build/icyphy/ptII/ptolemy/actor/lib/test/auto/Clock5.xml
----------------- Instantiating /home/travis/build/icyphy/ptII/ptolemy/actor/lib/test/auto/Clock5.xml
3 ms. Memory: 444416K Free: 305772K (69%)
----------------- Invoking toplevel() on ptolemy.moml.MoMLSimpleApplication@5621988c
----------------- Done invoking toplevel() on ptolemy.moml.MoMLSimpleApplication@5621988c
reloadAllAccessors: .Clock5

===========================================================================================
----------------- testing Tue Jul 16 04:58:58 UTC 2019 /home/travis/build/icyphy/ptII/ptolemy/actor/lib/test/auto/Clock6.xml
----------------- Instantiating /home/travis/build/icyphy/ptII/ptolemy/actor/lib/test/auto/Clock6.xml
5 ms. Memory: 444416K Free: 301676K (68%)
----------------- Invoking toplevel() on ptolemy.moml.MoMLSimpleApplication@421d4c0c
----------------- Done invoking toplevel() on ptolemy.moml.MoMLSimpleApplication@421d4c0c
reloadAllAccessors: .Clock6

===========================================================================================
----------------- testing Tue Jul 16 04:58:58 UTC 2019 /home/travis/build/icyphy/ptII/ptolemy/actor/lib/test/auto/Clock7.xml
----------------- Instantiating /home/travis/build/icyphy/ptII/ptolemy/actor/lib/test/auto/Clock7.xml
2 ms. Memory: 444416K Free: 296556K (67%)
----------------- Invoking toplevel() on ptolemy.moml.MoMLSimpleApplication@65b3d22
----------------- Done invoking toplevel() on ptolemy.moml.MoMLSimpleApplication@65b3d22
reloadAllAccessors: .Clock7

===========================================================================================
----------------- testing Tue Jul 16 04:58:58 UTC 2019 /home/travis/build/icyphy/ptII/ptolemy/actor/lib/test/auto/Clock8.xml
----------------- Instantiating /home/travis/build/icyphy/ptII/ptolemy/actor/lib/test/auto/Clock8.xml
6 ms. Memory: 444416K Free: 291406K (66%)
----------------- Invoking toplevel() on ptolemy.moml.MoMLSimpleApplication@1cc4fa0f
----------------- Done invoking toplevel() on ptolemy.moml.MoMLSimpleApplication@1cc4fa0f
reloadAllAccessors: .Clock8

===========================================================================================
----------------- testing Tue Jul 16 04:58:59 UTC 2019 /home/travis/build/icyphy/ptII/ptolemy/actor/lib/test/auto/Clock9.xml
----------------- Instantiating /home/travis/build/icyphy/ptII/ptolemy/actor/lib/test/auto/Clock9.xml
8 ms. Memory: 444416K Free: 285806K (64%)
----------------- Invoking toplevel() on ptolemy.moml.MoMLSimpleApplication@2d549297
----------------- Done invoking toplevel() on ptolemy.moml.MoMLSimpleApplication@2d549297
reloadAllAccessors: .Clock9

===========================================================================================
----------------- testing Tue Jul 16 04:58:59 UTC 2019 /home/travis/build/icyphy/ptII/ptolemy/actor/lib/test/auto/CommDistDiscard.xml
----------------- Instantiating /home/travis/build/icyphy/ptII/ptolemy/actor/lib/test/auto/CommDistDiscard.xml
5 ms. Memory: 444416K Free: 279662K (63%)
----------------- Invoking toplevel() on ptolemy.moml.MoMLSimpleApplication@7d40fb85
----------------- Done invoking toplevel() on ptolemy.moml.MoMLSimpleApplication@7d40fb85
reloadAllAccessors: .CommDistDiscard

===========================================================================================
----------------- testing Tue Jul 16 04:58:59 UTC 2019 /home/travis/build/icyphy/ptII/ptolemy/actor/lib/test/auto/Commutator.xml
----------------- Instantiating /home/travis/build/icyphy/ptII/ptolemy/actor/lib/test/auto/Commutator.xml
4 ms. Memory: 444416K Free: 275566K (62%)
----------------- Invoking toplevel() on ptolemy.moml.MoMLSimpleApplication@3584370e
----------------- Done invoking toplevel() on ptolemy.moml.MoMLSimpleApplication@3584370e
reloadAllAccessors: .Commutator

===========================================================================================
----------------- testing Tue Jul 16 04:58:59 UTC 2019 /home/travis/build/icyphy/ptII/ptolemy/actor/lib/test/auto/Commutator2.xml
----------------- Instantiating /home/travis/build/icyphy/ptII/ptolemy/actor/lib/test/auto/Commutator2.xml
2 ms. Memory: 444416K Free: 270956K (61%)
----------------- Invoking toplevel() on ptolemy.moml.MoMLSimpleApplication@7bbf9fba
----------------- Done invoking toplevel() on ptolemy.moml.MoMLSimpleApplication@7bbf9fba
reloadAllAccessors: .Commutator2

===========================================================================================
----------------- testing Tue Jul 16 04:58:59 UTC 2019 /home/travis/build/icyphy/ptII/ptolemy/actor/lib/test/auto/Commutator3.xml
----------------- Instantiating /home/travis/build/icyphy/ptII/ptolemy/actor/lib/test/auto/Commutator3.xml
2 ms. Memory: 444416K Free: 266350K (60%)
----------------- Invoking toplevel() on ptolemy.moml.MoMLSimpleApplication@54356170
----------------- Done invoking toplevel() on ptolemy.moml.MoMLSimpleApplication@54356170
reloadAllAccessors: .Commutator3

===========================================================================================
----------------- testing Tue Jul 16 04:58:59 UTC 2019 /home/travis/build/icyphy/ptII/ptolemy/actor/lib/test/auto/Compare.xml
----------------- Instantiating /home/travis/build/icyphy/ptII/ptolemy/actor/lib/test/auto/Compare.xml
3 ms. Memory: 444416K Free: 260206K (59%)
----------------- Invoking toplevel() on ptolemy.moml.MoMLSimpleApplication@7e5fbe8f
----------------- Done invoking toplevel() on ptolemy.moml.MoMLSimpleApplication@7e5fbe8f
reloadAllAccessors: .Compare

===========================================================================================
----------------- testing Tue Jul 16 04:58:59 UTC 2019 /home/travis/build/icyphy/ptII/ptolemy/actor/lib/test/auto/CompareDE.xml
----------------- Instantiating /home/travis/build/icyphy/ptII/ptolemy/actor/lib/test/auto/CompareDE.xml
6 ms. Memory: 444416K Free: 253038K (57%)
----------------- Invoking toplevel() on ptolemy.moml.MoMLSimpleApplication@21511ccb
----------------- Done invoking toplevel() on ptolemy.moml.MoMLSimpleApplication@21511ccb
reloadAllAccessors: .CompareDE

===========================================================================================
----------------- testing Tue Jul 16 04:58:59 UTC 2019 /home/travis/build/icyphy/ptII/ptolemy/actor/lib/test/auto/ComplexDivide.xml
----------------- Instantiating /home/travis/build/icyphy/ptII/ptolemy/actor/lib/test/auto/ComplexDivide.xml
5 ms. Memory: 444416K Free: 249452K (56%)
----------------- Invoking toplevel() on ptolemy.moml.MoMLSimpleApplication@6d58bf40
----------------- Done invoking toplevel() on ptolemy.moml.MoMLSimpleApplication@6d58bf40
reloadAllAccessors: .ComplexDivide

===========================================================================================
----------------- testing Tue Jul 16 04:58:59 UTC 2019 /home/travis/build/icyphy/ptII/ptolemy/actor/lib/test/auto/ComputeHistogram.xml
----------------- Instantiating /home/travis/build/icyphy/ptII/ptolemy/actor/lib/test/auto/ComputeHistogram.xml
33 ms. Memory: 444416K Free: 236654K (53%)
----------------- Invoking toplevel() on ptolemy.moml.MoMLSimpleApplication@677dce7
----------------- Done invoking toplevel() on ptolemy.moml.MoMLSimpleApplication@677dce7
reloadAllAccessors: .ComputeHistogram

===========================================================================================
----------------- testing Tue Jul 16 04:58:59 UTC 2019 /home/travis/build/icyphy/ptII/ptolemy/actor/lib/test/auto/ConfigurationSelect.xml
----------------- Instantiating /home/travis/build/icyphy/ptII/ptolemy/actor/lib/test/auto/ConfigurationSelect.xml
9 ms. Memory: 444416K Free: 231014K (52%)
----------------- Invoking toplevel() on ptolemy.moml.MoMLSimpleApplication@10cec94
----------------- Done invoking toplevel() on ptolemy.moml.MoMLSimpleApplication@10cec94
reloadAllAccessors: .ConfigurationSelect

===========================================================================================
----------------- testing Tue Jul 16 04:58:59 UTC 2019 /home/travis/build/icyphy/ptII/ptolemy/actor/lib/test/auto/ConfigurationSelect2.xml
----------------- Instantiating /home/travis/build/icyphy/ptII/ptolemy/actor/lib/test/auto/ConfigurationSelect2.xml
3 ms. Memory: 444416K Free: 226924K (51%)
----------------- Invoking toplevel() on ptolemy.moml.MoMLSimpleApplication@2e1b102b
----------------- Done invoking toplevel() on ptolemy.moml.MoMLSimpleApplication@2e1b102b
reloadAllAccessors: .ConfigurationSelect2

===========================================================================================
----------------- testing Tue Jul 16 04:58:59 UTC 2019 /home/travis/build/icyphy/ptII/ptolemy/actor/lib/test/auto/ConfigurationSwitch.xml
----------------- Instantiating /home/travis/build/icyphy/ptII/ptolemy/actor/lib/test/auto/ConfigurationSwitch.xml
4 ms. Memory: 444416K Free: 221294K (50%)
----------------- Invoking toplevel() on ptolemy.moml.MoMLSimpleApplication@477bac1a
----------------- Done invoking toplevel() on ptolemy.moml.MoMLSimpleApplication@477bac1a
reloadAllAccessors: .ConfigurationSwitch

===========================================================================================
----------------- testing Tue Jul 16 04:58:59 UTC 2019 /home/travis/build/icyphy/ptII/ptolemy/actor/lib/test/auto/ConfigurationSwitch2.xml
----------------- Instantiating /home/travis/build/icyphy/ptII/ptolemy/actor/lib/test/auto/ConfigurationSwitch2.xml
4 ms. Memory: 444416K Free: 216174K (49%)
----------------- Invoking toplevel() on ptolemy.moml.MoMLSimpleApplication@535358e5
----------------- Done invoking toplevel() on ptolemy.moml.MoMLSimpleApplication@535358e5
reloadAllAccessors: .ConfigurationSwitch2

===========================================================================================
----------------- testing Tue Jul 16 04:58:59 UTC 2019 /home/travis/build/icyphy/ptII/ptolemy/actor/lib/test/auto/ConfigurationSwitchCloningBugWithClassRelationGroup.xml
----------------- Instantiating /home/travis/build/icyphy/ptII/ptolemy/actor/lib/test/auto/ConfigurationSwitchCloningBugWithClassRelationGroup.xml
2 ms. Memory: 444416K Free: 209006K (47%)
----------------- Invoking toplevel() on ptolemy.moml.MoMLSimpleApplication@58f85719
----------------- Done invoking toplevel() on ptolemy.moml.MoMLSimpleApplication@58f85719
reloadAllAccessors: .ConfigurationSwitchCloningBugWithClassRelationGroup

===========================================================================================
----------------- testing Tue Jul 16 04:58:59 UTC 2019 /home/travis/build/icyphy/ptII/ptolemy/actor/lib/test/auto/ConfigurationSwitchSelectSDF.xml
----------------- Instantiating /home/travis/build/icyphy/ptII/ptolemy/actor/lib/test/auto/ConfigurationSwitchSelectSDF.xml
4 ms. Memory: 444416K Free: 203372K (46%)
----------------- Invoking toplevel() on ptolemy.moml.MoMLSimpleApplication@7a7c35b5
----------------- Done invoking toplevel() on ptolemy.moml.MoMLSimpleApplication@7a7c35b5
reloadAllAccessors: .ConfigurationSwitchSelectSDF

===========================================================================================
----------------- testing Tue Jul 16 04:58:59 UTC 2019 /home/travis/build/icyphy/ptII/ptolemy/actor/lib/test/auto/ConfigurationSwitchSelectSDF2.xml
----------------- Instantiating /home/travis/build/icyphy/ptII/ptolemy/actor/lib/test/auto/ConfigurationSwitchSelectSDF2.xml
2 ms. Memory: 444416K Free: 198252K (45%)
----------------- Invoking toplevel() on ptolemy.moml.MoMLSimpleApplication@45a59b48
----------------- Done invoking toplevel() on ptolemy.moml.MoMLSimpleApplication@45a59b48
reloadAllAccessors: .ConfigurationSwitchSelectSDF2

===========================================================================================
----------------- testing Tue Jul 16 04:58:59 UTC 2019 /home/travis/build/icyphy/ptII/ptolemy/actor/lib/test/auto/Const.xml
----------------- Instantiating /home/travis/build/icyphy/ptII/ptolemy/actor/lib/test/auto/Const.xml
1 ms. Memory: 444416K Free: 194670K (44%)
----------------- Invoking toplevel() on ptolemy.moml.MoMLSimpleApplication@149ce4ce
----------------- Done invoking toplevel() on ptolemy.moml.MoMLSimpleApplication@149ce4ce
reloadAllAccessors: .Const

===========================================================================================
----------------- testing Tue Jul 16 04:58:59 UTC 2019 /home/travis/build/icyphy/ptII/ptolemy/actor/lib/test/auto/Const2.xml
----------------- Instantiating /home/travis/build/icyphy/ptII/ptolemy/actor/lib/test/auto/Const2.xml
2 ms. Memory: 444416K Free: 190574K (43%)
----------------- Invoking toplevel() on ptolemy.moml.MoMLSimpleApplication@6cb0f429
----------------- Done invoking toplevel() on ptolemy.moml.MoMLSimpleApplication@6cb0f429
reloadAllAccessors: .Const2

===========================================================================================
----------------- testing Tue Jul 16 04:58:59 UTC 2019 /home/travis/build/icyphy/ptII/ptolemy/actor/lib/test/auto/Const3.xml
----------------- Instantiating /home/travis/build/icyphy/ptII/ptolemy/actor/lib/test/auto/Const3.xml
1 ms. Memory: 444416K Free: 188012K (42%)
----------------- Invoking toplevel() on ptolemy.moml.MoMLSimpleApplication@4a0e208f
----------------- Done invoking toplevel() on ptolemy.moml.MoMLSimpleApplication@4a0e208f
reloadAllAccessors: .Const3

===========================================================================================
----------------- testing Tue Jul 16 04:58:59 UTC 2019 /home/travis/build/icyphy/ptII/ptolemy/actor/lib/test/auto/ConstantPublisherPort1.xml
----------------- Instantiating /home/travis/build/icyphy/ptII/ptolemy/actor/lib/test/auto/ConstantPublisherPort1.xml
7 ms. Memory: 444416K Free: 179310K (40%)
----------------- Invoking toplevel() on ptolemy.moml.MoMLSimpleApplication@304008f5
----------------- Done invoking toplevel() on ptolemy.moml.MoMLSimpleApplication@304008f5
reloadAllAccessors: .ConstantPublisherPort1

===========================================================================================
----------------- testing Tue Jul 16 04:58:59 UTC 2019 /home/travis/build/icyphy/ptII/ptolemy/actor/lib/test/auto/ConstantPublisherPort2.xml
----------------- Instantiating /home/travis/build/icyphy/ptII/ptolemy/actor/lib/test/auto/ConstantPublisherPort2.xml
14 ms. Memory: 444416K Free: 172140K (39%)
----------------- Invoking toplevel() on ptolemy.moml.MoMLSimpleApplication@12e11caf
----------------- Done invoking toplevel() on ptolemy.moml.MoMLSimpleApplication@12e11caf
reloadAllAccessors: .ConstantPublisherPort2

===========================================================================================
----------------- testing Tue Jul 16 04:58:59 UTC 2019 /home/travis/build/icyphy/ptII/ptolemy/actor/lib/test/auto/ConstantPublisherPort3.xml
----------------- Instantiating /home/travis/build/icyphy/ptII/ptolemy/actor/lib/test/auto/ConstantPublisherPort3.xml
6 ms. Memory: 444416K Free: 164460K (37%)
----------------- Invoking toplevel() on ptolemy.moml.MoMLSimpleApplication@291cce4c
----------------- Done invoking toplevel() on ptolemy.moml.MoMLSimpleApplication@291cce4c
reloadAllAccessors: .ConstantPublisherPort3

===========================================================================================
----------------- testing Tue Jul 16 04:58:59 UTC 2019 /home/travis/build/icyphy/ptII/ptolemy/actor/lib/test/auto/ConstantPublisherPort4.xml
----------------- Instantiating /home/travis/build/icyphy/ptII/ptolemy/actor/lib/test/auto/ConstantPublisherPort4.xml
3 ms. Memory: 444416K Free: 157278K (35%)
----------------- Invoking toplevel() on ptolemy.moml.MoMLSimpleApplication@454a4618
----------------- Done invoking toplevel() on ptolemy.moml.MoMLSimpleApplication@454a4618
reloadAllAccessors: .ConstantPublisherPort4

===========================================================================================
----------------- testing Tue Jul 16 04:58:59 UTC 2019 /home/travis/build/icyphy/ptII/ptolemy/actor/lib/test/auto/ConstantPublisherPort5.xml
----------------- Instantiating /home/travis/build/icyphy/ptII/ptolemy/actor/lib/test/auto/ConstantPublisherPort5.xml
31 ms. Memory: 444416K Free: 148076K (33%)
----------------- Invoking toplevel() on ptolemy.moml.MoMLSimpleApplication@1bd77edd
----------------- Done invoking toplevel() on ptolemy.moml.MoMLSimpleApplication@1bd77edd
reloadAllAccessors: .ConstantPublisherPort5

===========================================================================================
----------------- testing Tue Jul 16 04:58:59 UTC 2019 /home/travis/build/icyphy/ptII/ptolemy/actor/lib/test/auto/ConstantPublisherPort6.xml
----------------- Instantiating /home/travis/build/icyphy/ptII/ptolemy/actor/lib/test/auto/ConstantPublisherPort6.xml
16 ms. Memory: 444416K Free: 138860K (31%)
----------------- Invoking toplevel() on ptolemy.moml.MoMLSimpleApplication@2ad7c6b4
----------------- Done invoking toplevel() on ptolemy.moml.MoMLSimpleApplication@2ad7c6b4
reloadAllAccessors: .ConstantPublisherPort6

===========================================================================================
----------------- testing Tue Jul 16 04:58:59 UTC 2019 /home/travis/build/icyphy/ptII/ptolemy/actor/lib/test/auto/ConstantPublisherPort7.xml
----------------- Instantiating /home/travis/build/icyphy/ptII/ptolemy/actor/lib/test/auto/ConstantPublisherPort7.xml
25 ms. Memory: 444416K Free: 392362K (88%)
----------------- Invoking toplevel() on ptolemy.moml.MoMLSimpleApplication@8478045
----------------- Done invoking toplevel() on ptolemy.moml.MoMLSimpleApplication@8478045
reloadAllAccessors: .ConstantPublisherPort7

===========================================================================================
----------------- testing Tue Jul 16 04:58:59 UTC 2019 /home/travis/build/icyphy/ptII/ptolemy/actor/lib/test/auto/ConstraintMonitor1.xml
----------------- Instantiating /home/travis/build/icyphy/ptII/ptolemy/actor/lib/test/auto/ConstraintMonitor1.xml
5 ms. Memory: 444416K Free: 387242K (87%)
----------------- Invoking toplevel() on ptolemy.moml.MoMLSimpleApplication@13312e45
----------------- Done invoking toplevel() on ptolemy.moml.MoMLSimpleApplication@13312e45
reloadAllAccessors: .ConstraintMonitor1

===========================================================================================
----------------- testing Tue Jul 16 04:58:59 UTC 2019 /home/travis/build/icyphy/ptII/ptolemy/actor/lib/test/auto/ConstraintMonitor2.xml
----------------- Instantiating /home/travis/build/icyphy/ptII/ptolemy/actor/lib/test/auto/ConstraintMonitor2.xml
2 ms. Memory: 444416K Free: 382636K (86%)
----------------- Invoking toplevel() on ptolemy.moml.MoMLSimpleApplication@369bd0a
----------------- Done invoking toplevel() on ptolemy.moml.MoMLSimpleApplication@369bd0a
reloadAllAccessors: .ConstraintMonitor2

===========================================================================================
----------------- testing Tue Jul 16 04:58:59 UTC 2019 /home/travis/build/icyphy/ptII/ptolemy/actor/lib/test/auto/ConstraintMonitor3.xml
----------------- Instantiating /home/travis/build/icyphy/ptII/ptolemy/actor/lib/test/auto/ConstraintMonitor3.xml
1 ms. Memory: 444416K Free: 378540K (85%)
----------------- Invoking toplevel() on ptolemy.moml.MoMLSimpleApplication@52166df4
----------------- Done invoking toplevel() on ptolemy.moml.MoMLSimpleApplication@52166df4
reloadAllAccessors: .ConstraintMonitor3

===========================================================================================
----------------- testing Tue Jul 16 04:58:59 UTC 2019 /home/travis/build/icyphy/ptII/ptolemy/actor/lib/test/auto/ConstraintMonitor4.xml
----------------- Instantiating /home/travis/build/icyphy/ptII/ptolemy/actor/lib/test/auto/ConstraintMonitor4.xml
5 ms. Memory: 444416K Free: 373420K (84%)
----------------- Invoking toplevel() on ptolemy.moml.MoMLSimpleApplication@57c47f99
----------------- Done invoking toplevel() on ptolemy.moml.MoMLSimpleApplication@57c47f99
reloadAllAccessors: .ConstraintMonitor4

===========================================================================================
----------------- testing Tue Jul 16 04:58:59 UTC 2019 /home/travis/build/icyphy/ptII/ptolemy/actor/lib/test/auto/ConstraintMonitor5.xml
----------------- Instantiating /home/travis/build/icyphy/ptII/ptolemy/actor/lib/test/auto/ConstraintMonitor5.xml
5 ms. Memory: 444416K Free: 368300K (83%)
----------------- Invoking toplevel() on ptolemy.moml.MoMLSimpleApplication@4ee2b91a
----------------- Done invoking toplevel() on ptolemy.moml.MoMLSimpleApplication@4ee2b91a
reloadAllAccessors: .ConstraintMonitor5

===========================================================================================
----------------- testing Tue Jul 16 04:58:59 UTC 2019 /home/travis/build/icyphy/ptII/ptolemy/actor/lib/test/auto/ConstraintMonitor6.xml
----------------- Instantiating /home/travis/build/icyphy/ptII/ptolemy/actor/lib/test/auto/ConstraintMonitor6.xml
5 ms. Memory: 444416K Free: 362156K (81%)
----------------- Invoking toplevel() on ptolemy.moml.MoMLSimpleApplication@59a8c4ba
----------------- Done invoking toplevel() on ptolemy.moml.MoMLSimpleApplication@59a8c4ba
reloadAllAccessors: .ConstraintMonitor6

===========================================================================================
----------------- testing Tue Jul 16 04:59:00 UTC 2019 /home/travis/build/icyphy/ptII/ptolemy/actor/lib/test/auto/ConstraintMonitor7.xml
----------------- Instantiating /home/travis/build/icyphy/ptII/ptolemy/actor/lib/test/auto/ConstraintMonitor7.xml
6 ms. Memory: 444416K Free: 355492K (80%)
----------------- Invoking toplevel() on ptolemy.moml.MoMLSimpleApplication@58ad80a3
----------------- Done invoking toplevel() on ptolemy.moml.MoMLSimpleApplication@58ad80a3
reloadAllAccessors: .ConstraintMonitor7

===========================================================================================
----------------- testing Tue Jul 16 04:59:00 UTC 2019 /home/travis/build/icyphy/ptII/ptolemy/actor/lib/test/auto/ConstraintMonitor8.xml
----------------- Instantiating /home/travis/build/icyphy/ptII/ptolemy/actor/lib/test/auto/ConstraintMonitor8.xml
7 ms. Memory: 444416K Free: 348330K (78%)
----------------- Invoking toplevel() on ptolemy.moml.MoMLSimpleApplication@199b3cd5
----------------- Done invoking toplevel() on ptolemy.moml.MoMLSimpleApplication@199b3cd5
reloadAllAccessors: .ConstraintMonitor8

===========================================================================================
----------------- testing Tue Jul 16 04:59:00 UTC 2019 /home/travis/build/icyphy/ptII/ptolemy/actor/lib/test/auto/Counter.xml
----------------- Instantiating /home/travis/build/icyphy/ptII/ptolemy/actor/lib/test/auto/Counter.xml
3 ms. Memory: 444416K Free: 343210K (77%)
----------------- Invoking toplevel() on ptolemy.moml.MoMLSimpleApplication@60108646
----------------- Done invoking toplevel() on ptolemy.moml.MoMLSimpleApplication@60108646
reloadAllAccessors: .Counter

===========================================================================================
----------------- testing Tue Jul 16 04:59:00 UTC 2019 /home/travis/build/icyphy/ptII/ptolemy/actor/lib/test/auto/CurrentTimeSDF.xml
----------------- Instantiating /home/travis/build/icyphy/ptII/ptolemy/actor/lib/test/auto/CurrentTimeSDF.xml
1 ms. Memory: 444416K Free: 339114K (76%)
----------------- Invoking toplevel() on ptolemy.moml.MoMLSimpleApplication@7f20737b
----------------- Done invoking toplevel() on ptolemy.moml.MoMLSimpleApplication@7f20737b
reloadAllAccessors: .CurrentTimeSDF

===========================================================================================
----------------- testing Tue Jul 16 04:59:00 UTC 2019 /home/travis/build/icyphy/ptII/ptolemy/actor/lib/test/auto/DB.xml
----------------- Instantiating /home/travis/build/icyphy/ptII/ptolemy/actor/lib/test/auto/DB.xml
3 ms. Memory: 444416K Free: 333994K (75%)
----------------- Invoking toplevel() on ptolemy.moml.MoMLSimpleApplication@2ad03fa5
----------------- Done invoking toplevel() on ptolemy.moml.MoMLSimpleApplication@2ad03fa5
reloadAllAccessors: .DB

===========================================================================================
----------------- testing Tue Jul 16 04:59:00 UTC 2019 /home/travis/build/icyphy/ptII/ptolemy/actor/lib/test/auto/DBDE.xml
----------------- Instantiating /home/travis/build/icyphy/ptII/ptolemy/actor/lib/test/auto/DBDE.xml
3 ms. Memory: 444416K Free: 327836K (74%)
----------------- Invoking toplevel() on ptolemy.moml.MoMLSimpleApplication@5711e10f
----------------- Done invoking toplevel() on ptolemy.moml.MoMLSimpleApplication@5711e10f
reloadAllAccessors: .DBDE

===========================================================================================
----------------- testing Tue Jul 16 04:59:00 UTC 2019 /home/travis/build/icyphy/ptII/ptolemy/actor/lib/test/auto/DateConstructor.xml
----------------- Instantiating /home/travis/build/icyphy/ptII/ptolemy/actor/lib/test/auto/DateConstructor.xml
34 ms. Memory: 444416K Free: 310442K (70%)
----------------- Invoking toplevel() on ptolemy.moml.MoMLSimpleApplication@7994ea98
----------------- Done invoking toplevel() on ptolemy.moml.MoMLSimpleApplication@7994ea98
reloadAllAccessors: .DateConstructor

===========================================================================================
----------------- testing Tue Jul 16 04:59:00 UTC 2019 /home/travis/build/icyphy/ptII/ptolemy/actor/lib/test/auto/DelayTime.xml
----------------- Instantiating /home/travis/build/icyphy/ptII/ptolemy/actor/lib/test/auto/DelayTime.xml
7 ms. Memory: 444416K Free: 305836K (69%)
----------------- Invoking toplevel() on ptolemy.moml.MoMLSimpleApplication@2306b965
----------------- Done invoking toplevel() on ptolemy.moml.MoMLSimpleApplication@2306b965
reloadAllAccessors: .DelayTime

===========================================================================================
----------------- testing Tue Jul 16 04:59:00 UTC 2019 /home/travis/build/icyphy/ptII/ptolemy/actor/lib/test/auto/Dictionary1.xml
----------------- Instantiating /home/travis/build/icyphy/ptII/ptolemy/actor/lib/test/auto/Dictionary1.xml
2 ms. Memory: 444416K Free: 300202K (68%)
----------------- Invoking toplevel() on ptolemy.moml.MoMLSimpleApplication@1f4dd2e8
----------------- Done invoking toplevel() on ptolemy.moml.MoMLSimpleApplication@1f4dd2e8
reloadAllAccessors: .Dictionary1

===========================================================================================
----------------- testing Tue Jul 16 04:59:00 UTC 2019 /home/travis/build/icyphy/ptII/ptolemy/actor/lib/test/auto/Dictionary2.xml
----------------- Instantiating /home/travis/build/icyphy/ptII/ptolemy/actor/lib/test/auto/Dictionary2.xml
5 ms. Memory: 444416K Free: 294572K (66%)
----------------- Invoking toplevel() on ptolemy.moml.MoMLSimpleApplication@595ee865
----------------- Done invoking toplevel() on ptolemy.moml.MoMLSimpleApplication@595ee865
reloadAllAccessors: .Dictionary2

===========================================================================================
----------------- testing Tue Jul 16 04:59:00 UTC 2019 /home/travis/build/icyphy/ptII/ptolemy/actor/lib/test/auto/Dictionary3.xml
----------------- Instantiating /home/travis/build/icyphy/ptII/ptolemy/actor/lib/test/auto/Dictionary3.xml
2 ms. Memory: 444416K Free: 289452K (65%)
----------------- Invoking toplevel() on ptolemy.moml.MoMLSimpleApplication@612ee0ee
----------------- Done invoking toplevel() on ptolemy.moml.MoMLSimpleApplication@612ee0ee
reloadAllAccessors: .Dictionary3

===========================================================================================
----------------- testing Tue Jul 16 04:59:00 UTC 2019 /home/travis/build/icyphy/ptII/ptolemy/actor/lib/test/auto/Dictionary4.xml
----------------- Instantiating /home/travis/build/icyphy/ptII/ptolemy/actor/lib/test/auto/Dictionary4.xml
4 ms. Memory: 444416K Free: 282284K (64%)
----------------- Invoking toplevel() on ptolemy.moml.MoMLSimpleApplication@4da0e5e3
----------------- Done invoking toplevel() on ptolemy.moml.MoMLSimpleApplication@4da0e5e3
reloadAllAccessors: .Dictionary4

===========================================================================================
----------------- testing Tue Jul 16 04:59:00 UTC 2019 /home/travis/build/icyphy/ptII/ptolemy/actor/lib/test/auto/Differential.xml
----------------- Instantiating /home/travis/build/icyphy/ptII/ptolemy/actor/lib/test/auto/Differential.xml
3 ms. Memory: 444416K Free: 277674K (62%)
----------------- Invoking toplevel() on ptolemy.moml.MoMLSimpleApplication@5459a9d9
----------------- Done invoking toplevel() on ptolemy.moml.MoMLSimpleApplication@5459a9d9
reloadAllAccessors: .Differential

===========================================================================================
----------------- testing Tue Jul 16 04:59:00 UTC 2019 /home/travis/build/icyphy/ptII/ptolemy/actor/lib/test/auto/Director.xml
----------------- Instantiating /home/travis/build/icyphy/ptII/ptolemy/actor/lib/test/auto/Director.xml
4 ms. Memory: 444416K Free: 274092K (62%)
----------------- Invoking toplevel() on ptolemy.moml.MoMLSimpleApplication@1acc2e05
----------------- Done invoking toplevel() on ptolemy.moml.MoMLSimpleApplication@1acc2e05
reloadAllAccessors: .Director

===========================================================================================
----------------- testing Tue Jul 16 04:59:00 UTC 2019 /home/travis/build/icyphy/ptII/ptolemy/actor/lib/test/auto/DiscreteClock.xml
----------------- Instantiating /home/travis/build/icyphy/ptII/ptolemy/actor/lib/test/auto/DiscreteClock.xml
2 ms. Memory: 444416K Free: 270506K (61%)
----------------- Invoking toplevel() on ptolemy.moml.MoMLSimpleApplication@10f46dc0
----------------- Done invoking toplevel() on ptolemy.moml.MoMLSimpleApplication@10f46dc0
reloadAllAccessors: .DiscreteClock

===========================================================================================
----------------- testing Tue Jul 16 04:59:00 UTC 2019 /home/travis/build/icyphy/ptII/ptolemy/actor/lib/test/auto/DiscreteClock10.xml
----------------- Instantiating /home/travis/build/icyphy/ptII/ptolemy/actor/lib/test/auto/DiscreteClock10.xml
4 ms. Memory: 444416K Free: 264362K (59%)
----------------- Invoking toplevel() on ptolemy.moml.MoMLSimpleApplication@39d107c2
----------------- Done invoking toplevel() on ptolemy.moml.MoMLSimpleApplication@39d107c2
reloadAllAccessors: .DiscreteClock10

===========================================================================================
----------------- testing Tue Jul 16 04:59:00 UTC 2019 /home/travis/build/icyphy/ptII/ptolemy/actor/lib/test/auto/DiscreteClock11.xml
----------------- Instantiating /home/travis/build/icyphy/ptII/ptolemy/actor/lib/test/auto/DiscreteClock11.xml
2 ms. Memory: 444416K Free: 258218K (58%)
----------------- Invoking toplevel() on ptolemy.moml.MoMLSimpleApplication@7d6273c7
----------------- Done invoking toplevel() on ptolemy.moml.MoMLSimpleApplication@7d6273c7
reloadAllAccessors: .DiscreteClock11

===========================================================================================
----------------- testing Tue Jul 16 04:59:00 UTC 2019 /home/travis/build/icyphy/ptII/ptolemy/actor/lib/test/auto/DiscreteClock12.xml
----------------- Instantiating /home/travis/build/icyphy/ptII/ptolemy/actor/lib/test/auto/DiscreteClock12.xml
3 ms. Memory: 444416K Free: 252588K (57%)
----------------- Invoking toplevel() on ptolemy.moml.MoMLSimpleApplication@5c343331
----------------- Done invoking toplevel() on ptolemy.moml.MoMLSimpleApplication@5c343331
reloadAllAccessors: .DiscreteClock12

===========================================================================================
----------------- testing Tue Jul 16 04:59:00 UTC 2019 /home/travis/build/icyphy/ptII/ptolemy/actor/lib/test/auto/DiscreteClock13.xml
----------------- Instantiating /home/travis/build/icyphy/ptII/ptolemy/actor/lib/test/auto/DiscreteClock13.xml
5 ms. Memory: 444416K Free: 246444K (55%)
----------------- Invoking toplevel() on ptolemy.moml.MoMLSimpleApplication@30194dac
----------------- Done invoking toplevel() on ptolemy.moml.MoMLSimpleApplication@30194dac
reloadAllAccessors: .DiscreteClock13

===========================================================================================
----------------- testing Tue Jul 16 04:59:00 UTC 2019 /home/travis/build/icyphy/ptII/ptolemy/actor/lib/test/auto/DiscreteClock14.xml
----------------- Instantiating /home/travis/build/icyphy/ptII/ptolemy/actor/lib/test/auto/DiscreteClock14.xml
6 ms. Memory: 444416K Free: 240300K (54%)
----------------- Invoking toplevel() on ptolemy.moml.MoMLSimpleApplication@7695799a
----------------- Done invoking toplevel() on ptolemy.moml.MoMLSimpleApplication@7695799a
reloadAllAccessors: .DiscreteClock14

===========================================================================================
----------------- testing Tue Jul 16 04:59:00 UTC 2019 /home/travis/build/icyphy/ptII/ptolemy/actor/lib/test/auto/DiscreteClock15.xml
----------------- Instantiating /home/travis/build/icyphy/ptII/ptolemy/actor/lib/test/auto/DiscreteClock15.xml
5 ms. Memory: 444416K Free: 234156K (53%)
----------------- Invoking toplevel() on ptolemy.moml.MoMLSimpleApplication@6d78399e
----------------- Done invoking toplevel() on ptolemy.moml.MoMLSimpleApplication@6d78399e
reloadAllAccessors: .DiscreteClock15

===========================================================================================
----------------- testing Tue Jul 16 04:59:00 UTC 2019 /home/travis/build/icyphy/ptII/ptolemy/actor/lib/test/auto/DiscreteClock16.xml
----------------- Instantiating /home/travis/build/icyphy/ptII/ptolemy/actor/lib/test/auto/DiscreteClock16.xml
23 ms. Memory: 444416K Free: 220844K (50%)
----------------- Invoking toplevel() on ptolemy.moml.MoMLSimpleApplication@7c4a42c4
----------------- Done invoking toplevel() on ptolemy.moml.MoMLSimpleApplication@7c4a42c4
reloadAllAccessors: .DiscreteClock16

===========================================================================================
----------------- testing Tue Jul 16 04:59:00 UTC 2019 /home/travis/build/icyphy/ptII/ptolemy/actor/lib/test/auto/DiscreteClock17.xml
----------------- Instantiating /home/travis/build/icyphy/ptII/ptolemy/actor/lib/test/auto/DiscreteClock17.xml
18 ms. Memory: 444416K Free: 206492K (46%)
----------------- Invoking toplevel() on ptolemy.moml.MoMLSimpleApplication@455126fe
----------------- Done invoking toplevel() on ptolemy.moml.MoMLSimpleApplication@455126fe
reloadAllAccessors: .DiscreteClock17

===========================================================================================
----------------- testing Tue Jul 16 04:59:00 UTC 2019 /home/travis/build/icyphy/ptII/ptolemy/actor/lib/test/auto/DiscreteClock18.xml
----------------- Instantiating /home/travis/build/icyphy/ptII/ptolemy/actor/lib/test/auto/DiscreteClock18.xml
27 ms. Memory: 444416K Free: 192682K (43%)
----------------- Invoking toplevel() on ptolemy.moml.MoMLSimpleApplication@f11ae83
----------------- Done invoking toplevel() on ptolemy.moml.MoMLSimpleApplication@f11ae83
reloadAllAccessors: .DiscreteClock18

===========================================================================================
----------------- testing Tue Jul 16 04:59:00 UTC 2019 /home/travis/build/icyphy/ptII/ptolemy/actor/lib/test/auto/DiscreteClock19.xml
----------------- Instantiating /home/travis/build/icyphy/ptII/ptolemy/actor/lib/test/auto/DiscreteClock19.xml
13 ms. Memory: 444416K Free: 178858K (40%)
----------------- Invoking toplevel() on ptolemy.moml.MoMLSimpleApplication@43b79b02
----------------- Done invoking toplevel() on ptolemy.moml.MoMLSimpleApplication@43b79b02
reloadAllAccessors: .DiscreteClock19

===========================================================================================
----------------- testing Tue Jul 16 04:59:00 UTC 2019 /home/travis/build/icyphy/ptII/ptolemy/actor/lib/test/auto/DiscreteClock2.xml
----------------- Instantiating /home/travis/build/icyphy/ptII/ptolemy/actor/lib/test/auto/DiscreteClock2.xml
7 ms. Memory: 444416K Free: 174220K (39%)
----------------- Invoking toplevel() on ptolemy.moml.MoMLSimpleApplication@790f5055
----------------- Done invoking toplevel() on ptolemy.moml.MoMLSimpleApplication@790f5055
reloadAllAccessors: .DiscreteClock2

===========================================================================================
----------------- testing Tue Jul 16 04:59:00 UTC 2019 /home/travis/build/icyphy/ptII/ptolemy/actor/lib/test/auto/DiscreteClock20.xml
----------------- Instantiating /home/travis/build/icyphy/ptII/ptolemy/actor/lib/test/auto/DiscreteClock20.xml
5 ms. Memory: 444416K Free: 168620K (38%)
----------------- Invoking toplevel() on ptolemy.moml.MoMLSimpleApplication@759ae083
----------------- Done invoking toplevel() on ptolemy.moml.MoMLSimpleApplication@759ae083
reloadAllAccessors: .DiscreteClock20

===========================================================================================
----------------- testing Tue Jul 16 04:59:00 UTC 2019 /home/travis/build/icyphy/ptII/ptolemy/actor/lib/test/auto/DiscreteClock21.xml
----------------- Instantiating /home/travis/build/icyphy/ptII/ptolemy/actor/lib/test/auto/DiscreteClock21.xml
6 ms. Memory: 444416K Free: 162986K (37%)
----------------- Invoking toplevel() on ptolemy.moml.MoMLSimpleApplication@729437f5
----------------- Done invoking toplevel() on ptolemy.moml.MoMLSimpleApplication@729437f5
reloadAllAccessors: .DiscreteClock21

===========================================================================================
----------------- testing Tue Jul 16 04:59:00 UTC 2019 /home/travis/build/icyphy/ptII/ptolemy/actor/lib/test/auto/DiscreteClock22.xml
----------------- Instantiating /home/travis/build/icyphy/ptII/ptolemy/actor/lib/test/auto/DiscreteClock22.xml
5 ms. Memory: 444416K Free: 157356K (35%)
----------------- Invoking toplevel() on ptolemy.moml.MoMLSimpleApplication@2372587b
----------------- Done invoking toplevel() on ptolemy.moml.MoMLSimpleApplication@2372587b
reloadAllAccessors: .DiscreteClock22

===========================================================================================
----------------- testing Tue Jul 16 04:59:00 UTC 2019 /home/travis/build/icyphy/ptII/ptolemy/actor/lib/test/auto/DiscreteClock23.xml
----------------- Instantiating /home/travis/build/icyphy/ptII/ptolemy/actor/lib/test/auto/DiscreteClock23.xml
9 ms. Memory: 444416K Free: 152236K (34%)
----------------- Invoking toplevel() on ptolemy.moml.MoMLSimpleApplication@1c299df5
----------------- Done invoking toplevel() on ptolemy.moml.MoMLSimpleApplication@1c299df5
reloadAllAccessors: .DiscreteClock23

===========================================================================================
----------------- testing Tue Jul 16 04:59:00 UTC 2019 /home/travis/build/icyphy/ptII/ptolemy/actor/lib/test/auto/DiscreteClock24.xml
----------------- Instantiating /home/travis/build/icyphy/ptII/ptolemy/actor/lib/test/auto/DiscreteClock24.xml
5 ms. Memory: 444416K Free: 146602K (33%)
----------------- Invoking toplevel() on ptolemy.moml.MoMLSimpleApplication@393a50ea
----------------- Done invoking toplevel() on ptolemy.moml.MoMLSimpleApplication@393a50ea
reloadAllAccessors: .DiscreteClock24

===========================================================================================
----------------- testing Tue Jul 16 04:59:00 UTC 2019 /home/travis/build/icyphy/ptII/ptolemy/actor/lib/test/auto/DiscreteClock4.xml
----------------- Instantiating /home/travis/build/icyphy/ptII/ptolemy/actor/lib/test/auto/DiscreteClock4.xml
2 ms. Memory: 444416K Free: 140972K (32%)
----------------- Invoking toplevel() on ptolemy.moml.MoMLSimpleApplication@684920ce
----------------- Done invoking toplevel() on ptolemy.moml.MoMLSimpleApplication@684920ce
reloadAllAccessors: .DiscreteClock4

===========================================================================================
----------------- testing Tue Jul 16 04:59:00 UTC 2019 /home/travis/build/icyphy/ptII/ptolemy/actor/lib/test/auto/DiscreteClock5.xml
----------------- Instantiating /home/travis/build/icyphy/ptII/ptolemy/actor/lib/test/auto/DiscreteClock5.xml
2 ms. Memory: 444416K Free: 135338K (30%)
----------------- Invoking toplevel() on ptolemy.moml.MoMLSimpleApplication@53c8d74b
----------------- Done invoking toplevel() on ptolemy.moml.MoMLSimpleApplication@53c8d74b
reloadAllAccessors: .DiscreteClock5

===========================================================================================
----------------- testing Tue Jul 16 04:59:00 UTC 2019 /home/travis/build/icyphy/ptII/ptolemy/actor/lib/test/auto/DiscreteClock6.xml
----------------- Instantiating /home/travis/build/icyphy/ptII/ptolemy/actor/lib/test/auto/DiscreteClock6.xml
1 ms. Memory: 444416K Free: 394410K (89%)
----------------- Invoking toplevel() on ptolemy.moml.MoMLSimpleApplication@14ef4489
----------------- Done invoking toplevel() on ptolemy.moml.MoMLSimpleApplication@14ef4489
reloadAllAccessors: .DiscreteClock6

===========================================================================================
----------------- testing Tue Jul 16 04:59:01 UTC 2019 /home/travis/build/icyphy/ptII/ptolemy/actor/lib/test/auto/DiscreteClock7.xml
----------------- Instantiating /home/travis/build/icyphy/ptII/ptolemy/actor/lib/test/auto/DiscreteClock7.xml
2 ms. Memory: 444416K Free: 389290K (88%)
----------------- Invoking toplevel() on ptolemy.moml.MoMLSimpleApplication@19c09e9e
----------------- Done invoking toplevel() on ptolemy.moml.MoMLSimpleApplication@19c09e9e
reloadAllAccessors: .DiscreteClock7

===========================================================================================
----------------- testing Tue Jul 16 04:59:01 UTC 2019 /home/travis/build/icyphy/ptII/ptolemy/actor/lib/test/auto/DiscreteClock8.xml
----------------- Instantiating /home/travis/build/icyphy/ptII/ptolemy/actor/lib/test/auto/DiscreteClock8.xml
10 ms. Memory: 444416K Free: 383658K (86%)
----------------- Invoking toplevel() on ptolemy.moml.MoMLSimpleApplication@431373fb
----------------- Done invoking toplevel() on ptolemy.moml.MoMLSimpleApplication@431373fb
reloadAllAccessors: .DiscreteClock8

===========================================================================================
----------------- testing Tue Jul 16 04:59:01 UTC 2019 /home/travis/build/icyphy/ptII/ptolemy/actor/lib/test/auto/DiscreteClock9.xml
----------------- Instantiating /home/travis/build/icyphy/ptII/ptolemy/actor/lib/test/auto/DiscreteClock9.xml
5 ms. Memory: 444416K Free: 378026K (85%)
----------------- Invoking toplevel() on ptolemy.moml.MoMLSimpleApplication@35b835d3
----------------- Done invoking toplevel() on ptolemy.moml.MoMLSimpleApplication@35b835d3
reloadAllAccessors: .DiscreteClock9

===========================================================================================
----------------- testing Tue Jul 16 04:59:01 UTC 2019 /home/travis/build/icyphy/ptII/ptolemy/actor/lib/test/auto/DisplayArray.xml
----------------- Instantiating /home/travis/build/icyphy/ptII/ptolemy/actor/lib/test/auto/DisplayArray.xml
1 ms. Memory: 444416K Free: 374444K (84%)
----------------- Invoking toplevel() on ptolemy.moml.MoMLSimpleApplication@65600cde
----------------- Done invoking toplevel() on ptolemy.moml.MoMLSimpleApplication@65600cde
reloadAllAccessors: .DisplayArray

===========================================================================================
----------------- testing Tue Jul 16 04:59:01 UTC 2019 /home/travis/build/icyphy/ptII/ptolemy/actor/lib/test/auto/Distributor.xml
----------------- Instantiating /home/travis/build/icyphy/ptII/ptolemy/actor/lib/test/auto/Distributor.xml
2 ms. Memory: 444416K Free: 369834K (83%)
----------------- Invoking toplevel() on ptolemy.moml.MoMLSimpleApplication@77a45a48
----------------- Done invoking toplevel() on ptolemy.moml.MoMLSimpleApplication@77a45a48
reloadAllAccessors: .Distributor

===========================================================================================
----------------- testing Tue Jul 16 04:59:01 UTC 2019 /home/travis/build/icyphy/ptII/ptolemy/actor/lib/test/auto/Distributor2.xml
----------------- Instantiating /home/travis/build/icyphy/ptII/ptolemy/actor/lib/test/auto/Distributor2.xml
2 ms. Memory: 444416K Free: 364714K (82%)
----------------- Invoking toplevel() on ptolemy.moml.MoMLSimpleApplication@62ae4838
----------------- Done invoking toplevel() on ptolemy.moml.MoMLSimpleApplication@62ae4838
reloadAllAccessors: .Distributor2

===========================================================================================
----------------- testing Tue Jul 16 04:59:01 UTC 2019 /home/travis/build/icyphy/ptII/ptolemy/actor/lib/test/auto/DownSample.xml
----------------- Instantiating /home/travis/build/icyphy/ptII/ptolemy/actor/lib/test/auto/DownSample.xml
2 ms. Memory: 444416K Free: 360108K (81%)
----------------- Invoking toplevel() on ptolemy.moml.MoMLSimpleApplication@4fe734d2
----------------- Done invoking toplevel() on ptolemy.moml.MoMLSimpleApplication@4fe734d2
reloadAllAccessors: .DownSample

===========================================================================================
----------------- testing Tue Jul 16 04:59:01 UTC 2019 /home/travis/build/icyphy/ptII/ptolemy/actor/lib/test/auto/ElectronicUnitBase1.xml
----------------- Instantiating /home/travis/build/icyphy/ptII/ptolemy/actor/lib/test/auto/ElectronicUnitBase1.xml
21 ms. Memory: 444416K Free: 344234K (77%)
----------------- Invoking toplevel() on ptolemy.moml.MoMLSimpleApplication@684f5941
----------------- Done invoking toplevel() on ptolemy.moml.MoMLSimpleApplication@684f5941
reloadAllAccessors: .ElectronicUnitBase1

===========================================================================================
----------------- testing Tue Jul 16 04:59:01 UTC 2019 /home/travis/build/icyphy/ptII/ptolemy/actor/lib/test/auto/ElementsToArray.xml
----------------- Instantiating /home/travis/build/icyphy/ptII/ptolemy/actor/lib/test/auto/ElementsToArray.xml
3 ms. Memory: 444416K Free: 339114K (76%)
----------------- Invoking toplevel() on ptolemy.moml.MoMLSimpleApplication@62fff1e3
----------------- Done invoking toplevel() on ptolemy.moml.MoMLSimpleApplication@62fff1e3
reloadAllAccessors: .ElementsToArray

===========================================================================================
----------------- testing Tue Jul 16 04:59:01 UTC 2019 /home/travis/build/icyphy/ptII/ptolemy/actor/lib/test/auto/Equals.xml
----------------- Instantiating /home/travis/build/icyphy/ptII/ptolemy/actor/lib/test/auto/Equals.xml
4 ms. Memory: 444416K Free: 335018K (75%)
----------------- Invoking toplevel() on ptolemy.moml.MoMLSimpleApplication@5f1effa3
----------------- Done invoking toplevel() on ptolemy.moml.MoMLSimpleApplication@5f1effa3
reloadAllAccessors: .Equals

===========================================================================================
----------------- testing Tue Jul 16 04:59:01 UTC 2019 /home/travis/build/icyphy/ptII/ptolemy/actor/lib/test/auto/Exec.xml
----------------- Instantiating /home/travis/build/icyphy/ptII/ptolemy/actor/lib/test/auto/Exec.xml
22 ms. Memory: 444416K Free: 328364K (74%)
----------------- Invoking toplevel() on ptolemy.moml.MoMLSimpleApplication@72ff38c0
----------------- Done invoking toplevel() on ptolemy.moml.MoMLSimpleApplication@72ff38c0
reloadAllAccessors: .Exec

===========================================================================================
----------------- testing Tue Jul 16 04:59:01 UTC 2019 /home/travis/build/icyphy/ptII/ptolemy/actor/lib/test/auto/ExecEnvironment.xml
----------------- Instantiating /home/travis/build/icyphy/ptII/ptolemy/actor/lib/test/auto/ExecEnvironment.xml
23 ms. Memory: 444416K Free: 323244K (73%)
----------------- Invoking toplevel() on ptolemy.moml.MoMLSimpleApplication@16868289
----------------- Done invoking toplevel() on ptolemy.moml.MoMLSimpleApplication@16868289
reloadAllAccessors: .ExecEnvironment

===========================================================================================
----------------- testing Tue Jul 16 04:59:01 UTC 2019 /home/travis/build/icyphy/ptII/ptolemy/actor/lib/test/auto/ExecNonZeroReturnOutput.xml
----------------- Instantiating /home/travis/build/icyphy/ptII/ptolemy/actor/lib/test/auto/ExecNonZeroReturnOutput.xml
199 ms. Memory: 444416K Free: 311980K (70%)
----------------- Invoking toplevel() on ptolemy.moml.MoMLSimpleApplication@40d3d4b4
----------------- Done invoking toplevel() on ptolemy.moml.MoMLSimpleApplication@40d3d4b4
reloadAllAccessors: .ExecNonZeroReturnOutput

===========================================================================================
----------------- testing Tue Jul 16 04:59:01 UTC 2019 /home/travis/build/icyphy/ptII/ptolemy/actor/lib/test/auto/ExecRunDemos.xml
----------------- Instantiating /home/travis/build/icyphy/ptII/ptolemy/actor/lib/test/auto/ExecRunDemos.xml
Finished: 113 ms. Memory: 120832K Free: 111401K (92%)

Finished: 93 ms. Memory: 120832K Free: 110830K (92%)

Finished: 126 ms. Memory: 120832K Free: 110720K (92%)

Finished: 102 ms. Memory: 120832K Free: 103231K (85%)

Finished: 82 ms. Memory: 120832K Free: 103760K (86%)

11045 ms. Memory: 444416K Free: 290986K (65%)
----------------- Invoking toplevel() on ptolemy.moml.MoMLSimpleApplication@69152924
----------------- Done invoking toplevel() on ptolemy.moml.MoMLSimpleApplication@69152924
reloadAllAccessors: .ExecRunDemos

===========================================================================================
----------------- testing Tue Jul 16 04:59:12 UTC 2019 /home/travis/build/icyphy/ptII/ptolemy/actor/lib/test/auto/ExecStop.xml
----------------- Instantiating /home/travis/build/icyphy/ptII/ptolemy/actor/lib/test/auto/ExecStop.xml
5025 ms. Memory: 444416K Free: 169644K (38%)
----------------- Invoking toplevel() on ptolemy.moml.MoMLSimpleApplication@6001627a
----------------- Done invoking toplevel() on ptolemy.moml.MoMLSimpleApplication@6001627a
reloadAllAccessors: .ExecStop

===========================================================================================
----------------- testing Tue Jul 16 04:59:17 UTC 2019 /home/travis/build/icyphy/ptII/ptolemy/actor/lib/test/auto/ExecutionTimeSDF.xml
----------------- Instantiating /home/travis/build/icyphy/ptII/ptolemy/actor/lib/test/auto/ExecutionTimeSDF.xml
Fired ExecutionTime: 2108000000
Fired ExecutionTime: 1065200000
Fired ExecutionTime: -1067367296
6008 ms. Memory: 444416K Free: 157356K (35%)
----------------- Invoking toplevel() on ptolemy.moml.MoMLSimpleApplication@ae01bd
----------------- Done invoking toplevel() on ptolemy.moml.MoMLSimpleApplication@ae01bd
reloadAllAccessors: .ExecutionTimeSDF

===========================================================================================
----------------- testing Tue Jul 16 04:59:23 UTC 2019 /home/travis/build/icyphy/ptII/ptolemy/actor/lib/test/auto/Expression1.xml
----------------- Instantiating /home/travis/build/icyphy/ptII/ptolemy/actor/lib/test/auto/Expression1.xml
2 ms. Memory: 444416K Free: 153770K (35%)
----------------- Invoking toplevel() on ptolemy.moml.MoMLSimpleApplication@6c82044b
----------------- Done invoking toplevel() on ptolemy.moml.MoMLSimpleApplication@6c82044b
reloadAllAccessors: .Expression1

===========================================================================================
----------------- testing Tue Jul 16 04:59:23 UTC 2019 /home/travis/build/icyphy/ptII/ptolemy/actor/lib/test/auto/Expression10.xml
----------------- Instantiating /home/travis/build/icyphy/ptII/ptolemy/actor/lib/test/auto/Expression10.xml
7 ms. Memory: 444416K Free: 148140K (33%)
----------------- Invoking toplevel() on ptolemy.moml.MoMLSimpleApplication@bbd6b8e
----------------- Done invoking toplevel() on ptolemy.moml.MoMLSimpleApplication@bbd6b8e
reloadAllAccessors: .Expression10

===========================================================================================
----------------- testing Tue Jul 16 04:59:23 UTC 2019 /home/travis/build/icyphy/ptII/ptolemy/actor/lib/test/auto/Expression11.xml
----------------- Instantiating /home/travis/build/icyphy/ptII/ptolemy/actor/lib/test/auto/Expression11.xml
2 ms. Memory: 444416K Free: 143530K (32%)
----------------- Invoking toplevel() on ptolemy.moml.MoMLSimpleApplication@5a32aeb4
----------------- Done invoking toplevel() on ptolemy.moml.MoMLSimpleApplication@5a32aeb4
reloadAllAccessors: .Expression11

===========================================================================================
----------------- testing Tue Jul 16 04:59:23 UTC 2019 /home/travis/build/icyphy/ptII/ptolemy/actor/lib/test/auto/Expression12.xml
----------------- Instantiating /home/travis/build/icyphy/ptII/ptolemy/actor/lib/test/auto/Expression12.xml
5 ms. Memory: 444416K Free: 138410K (31%)
----------------- Invoking toplevel() on ptolemy.moml.MoMLSimpleApplication@77f44891
----------------- Done invoking toplevel() on ptolemy.moml.MoMLSimpleApplication@77f44891
reloadAllAccessors: .Expression12

===========================================================================================
----------------- testing Tue Jul 16 04:59:23 UTC 2019 /home/travis/build/icyphy/ptII/ptolemy/actor/lib/test/auto/Expression13.xml
----------------- Instantiating /home/travis/build/icyphy/ptII/ptolemy/actor/lib/test/auto/Expression13.xml
14 ms. Memory: 444416K Free: 395377K (89%)
----------------- Invoking toplevel() on ptolemy.moml.MoMLSimpleApplication@6a09fba0
----------------- Done invoking toplevel() on ptolemy.moml.MoMLSimpleApplication@6a09fba0
reloadAllAccessors: .Expression13

===========================================================================================
----------------- testing Tue Jul 16 04:59:23 UTC 2019 /home/travis/build/icyphy/ptII/ptolemy/actor/lib/test/auto/Expression14.xml
----------------- Instantiating /home/travis/build/icyphy/ptII/ptolemy/actor/lib/test/auto/Expression14.xml
8 ms. Memory: 444416K Free: 388717K (87%)
----------------- Invoking toplevel() on ptolemy.moml.MoMLSimpleApplication@3c32cd54
----------------- Done invoking toplevel() on ptolemy.moml.MoMLSimpleApplication@3c32cd54
reloadAllAccessors: .Expression14

===========================================================================================
----------------- testing Tue Jul 16 04:59:23 UTC 2019 /home/travis/build/icyphy/ptII/ptolemy/actor/lib/test/auto/Expression15.xml
----------------- Instantiating /home/travis/build/icyphy/ptII/ptolemy/actor/lib/test/auto/Expression15.xml
1 ms. Memory: 444416K Free: 385135K (87%)
----------------- Invoking toplevel() on ptolemy.moml.MoMLSimpleApplication@66255e2d
----------------- Done invoking toplevel() on ptolemy.moml.MoMLSimpleApplication@66255e2d
reloadAllAccessors: .Expression15

===========================================================================================
----------------- testing Tue Jul 16 04:59:23 UTC 2019 /home/travis/build/icyphy/ptII/ptolemy/actor/lib/test/auto/Expression16.xml
----------------- Instantiating /home/travis/build/icyphy/ptII/ptolemy/actor/lib/test/auto/Expression16.xml
4 ms. Memory: 444416K Free: 380525K (86%)
----------------- Invoking toplevel() on ptolemy.moml.MoMLSimpleApplication@33011853
----------------- Done invoking toplevel() on ptolemy.moml.MoMLSimpleApplication@33011853
reloadAllAccessors: .Expression16

===========================================================================================
----------------- testing Tue Jul 16 04:59:23 UTC 2019 /home/travis/build/icyphy/ptII/ptolemy/actor/lib/test/auto/Expression17.xml
----------------- Instantiating /home/travis/build/icyphy/ptII/ptolemy/actor/lib/test/auto/Expression17.xml
4 ms. Memory: 444416K Free: 375405K (84%)
----------------- Invoking toplevel() on ptolemy.moml.MoMLSimpleApplication@4eb0f02e
----------------- Done invoking toplevel() on ptolemy.moml.MoMLSimpleApplication@4eb0f02e
reloadAllAccessors: .Expression17

===========================================================================================
----------------- testing Tue Jul 16 04:59:24 UTC 2019 /home/travis/build/icyphy/ptII/ptolemy/actor/lib/test/auto/Expression18.xml
----------------- Instantiating /home/travis/build/icyphy/ptII/ptolemy/actor/lib/test/auto/Expression18.xml
4 ms. Memory: 444416K Free: 370285K (83%)
----------------- Invoking toplevel() on ptolemy.moml.MoMLSimpleApplication@2e983d3a
----------------- Done invoking toplevel() on ptolemy.moml.MoMLSimpleApplication@2e983d3a
reloadAllAccessors: .Expression18

===========================================================================================
----------------- testing Tue Jul 16 04:59:24 UTC 2019 /home/travis/build/icyphy/ptII/ptolemy/actor/lib/test/auto/Expression2.xml
----------------- Instantiating /home/travis/build/icyphy/ptII/ptolemy/actor/lib/test/auto/Expression2.xml
3 ms. Memory: 444416K Free: 365165K (82%)
----------------- Invoking toplevel() on ptolemy.moml.MoMLSimpleApplication@720b55a
----------------- Done invoking toplevel() on ptolemy.moml.MoMLSimpleApplication@720b55a
reloadAllAccessors: .Expression2

===========================================================================================
----------------- testing Tue Jul 16 04:59:24 UTC 2019 /home/travis/build/icyphy/ptII/ptolemy/actor/lib/test/auto/Expression3.xml
----------------- Instantiating /home/travis/build/icyphy/ptII/ptolemy/actor/lib/test/auto/Expression3.xml
7 ms. Memory: 444416K Free: 360045K (81%)
----------------- Invoking toplevel() on ptolemy.moml.MoMLSimpleApplication@13ac166f
----------------- Done invoking toplevel() on ptolemy.moml.MoMLSimpleApplication@13ac166f
reloadAllAccessors: .Expression3

===========================================================================================
----------------- testing Tue Jul 16 04:59:24 UTC 2019 /home/travis/build/icyphy/ptII/ptolemy/actor/lib/test/auto/Expression4.xml
----------------- Instantiating /home/travis/build/icyphy/ptII/ptolemy/actor/lib/test/auto/Expression4.xml
13 ms. Memory: 444416K Free: 352367K (79%)
----------------- Invoking toplevel() on ptolemy.moml.MoMLSimpleApplication@48ae68aa
----------------- Done invoking toplevel() on ptolemy.moml.MoMLSimpleApplication@48ae68aa
reloadAllAccessors: .Expression4

===========================================================================================
----------------- testing Tue Jul 16 04:59:24 UTC 2019 /home/travis/build/icyphy/ptII/ptolemy/actor/lib/test/auto/Expression5.xml
----------------- Instantiating /home/travis/build/icyphy/ptII/ptolemy/actor/lib/test/auto/Expression5.xml
4 ms. Memory: 444416K Free: 347757K (78%)
----------------- Invoking toplevel() on ptolemy.moml.MoMLSimpleApplication@6ccf4397
----------------- Done invoking toplevel() on ptolemy.moml.MoMLSimpleApplication@6ccf4397
reloadAllAccessors: .Expression5

===========================================================================================
----------------- testing Tue Jul 16 04:59:24 UTC 2019 /home/travis/build/icyphy/ptII/ptolemy/actor/lib/test/auto/Expression6.xml
----------------- Instantiating /home/travis/build/icyphy/ptII/ptolemy/actor/lib/test/auto/Expression6.xml
2 ms. Memory: 444416K Free: 343151K (77%)
----------------- Invoking toplevel() on ptolemy.moml.MoMLSimpleApplication@910a43f
----------------- Done invoking toplevel() on ptolemy.moml.MoMLSimpleApplication@910a43f
reloadAllAccessors: .Expression6

===========================================================================================
----------------- testing Tue Jul 16 04:59:24 UTC 2019 /home/travis/build/icyphy/ptII/ptolemy/actor/lib/test/auto/Expression7.xml
----------------- Instantiating /home/travis/build/icyphy/ptII/ptolemy/actor/lib/test/auto/Expression7.xml
2 ms. Memory: 444416K Free: 338031K (76%)
----------------- Invoking toplevel() on ptolemy.moml.MoMLSimpleApplication@10ad542e
----------------- Done invoking toplevel() on ptolemy.moml.MoMLSimpleApplication@10ad542e
reloadAllAccessors: .Expression7

===========================================================================================
----------------- testing Tue Jul 16 04:59:24 UTC 2019 /home/travis/build/icyphy/ptII/ptolemy/actor/lib/test/auto/Expression8.xml
----------------- Instantiating /home/travis/build/icyphy/ptII/ptolemy/actor/lib/test/auto/Expression8.xml
12 ms. Memory: 444416K Free: 332911K (75%)
----------------- Invoking toplevel() on ptolemy.moml.MoMLSimpleApplication@3dfd6924
----------------- Done invoking toplevel() on ptolemy.moml.MoMLSimpleApplication@3dfd6924
reloadAllAccessors: .Expression8

===========================================================================================
----------------- testing Tue Jul 16 04:59:24 UTC 2019 /home/travis/build/icyphy/ptII/ptolemy/actor/lib/test/auto/Expression9.xml
----------------- Instantiating /home/travis/build/icyphy/ptII/ptolemy/actor/lib/test/auto/Expression9.xml
1 ms. Memory: 444416K Free: 328815K (74%)
----------------- Invoking toplevel() on ptolemy.moml.MoMLSimpleApplication@65f8d11b
----------------- Done invoking toplevel() on ptolemy.moml.MoMLSimpleApplication@65f8d11b
reloadAllAccessors: .Expression9

===========================================================================================
----------------- testing Tue Jul 16 04:59:24 UTC 2019 /home/travis/build/icyphy/ptII/ptolemy/actor/lib/test/auto/ExpressionConcatenateArrayType.xml
----------------- Instantiating /home/travis/build/icyphy/ptII/ptolemy/actor/lib/test/auto/ExpressionConcatenateArrayType.xml
3 ms. Memory: 444416K Free: 322157K (72%)
----------------- Invoking toplevel() on ptolemy.moml.MoMLSimpleApplication@7321f60
----------------- Done invoking toplevel() on ptolemy.moml.MoMLSimpleApplication@7321f60
reloadAllAccessors: .ExpressionConcatenateArrayType

===========================================================================================
----------------- testing Tue Jul 16 04:59:24 UTC 2019 /home/travis/build/icyphy/ptII/ptolemy/actor/lib/test/auto/ExpressionConcatenateArrayType2.xml
----------------- Instantiating /home/travis/build/icyphy/ptII/ptolemy/actor/lib/test/auto/ExpressionConcatenateArrayType2.xml
2 ms. Memory: 444416K Free: 317037K (71%)
----------------- Invoking toplevel() on ptolemy.moml.MoMLSimpleApplication@736be2f3
----------------- Done invoking toplevel() on ptolemy.moml.MoMLSimpleApplication@736be2f3
reloadAllAccessors: .ExpressionConcatenateArrayType2

===========================================================================================
----------------- testing Tue Jul 16 04:59:24 UTC 2019 /home/travis/build/icyphy/ptII/ptolemy/actor/lib/test/auto/ExpressionFix.xml
----------------- Instantiating /home/travis/build/icyphy/ptII/ptolemy/actor/lib/test/auto/ExpressionFix.xml
25 ms. Memory: 444416K Free: 310383K (70%)
----------------- Invoking toplevel() on ptolemy.moml.MoMLSimpleApplication@7571fc7c
----------------- Done invoking toplevel() on ptolemy.moml.MoMLSimpleApplication@7571fc7c
reloadAllAccessors: .ExpressionFix

===========================================================================================
----------------- testing Tue Jul 16 04:59:24 UTC 2019 /home/travis/build/icyphy/ptII/ptolemy/actor/lib/test/auto/ExpressionFix2.xml
----------------- Instantiating /home/travis/build/icyphy/ptII/ptolemy/actor/lib/test/auto/ExpressionFix2.xml
3 ms. Memory: 444416K Free: 306287K (69%)
----------------- Invoking toplevel() on ptolemy.moml.MoMLSimpleApplication@58c6c618
----------------- Done invoking toplevel() on ptolemy.moml.MoMLSimpleApplication@58c6c618
reloadAllAccessors: .ExpressionFix2

===========================================================================================
----------------- testing Tue Jul 16 04:59:24 UTC 2019 /home/travis/build/icyphy/ptII/ptolemy/actor/lib/test/auto/ExpressionFix3.xml
----------------- Instantiating /home/travis/build/icyphy/ptII/ptolemy/actor/lib/test/auto/ExpressionFix3.xml
3 ms. Memory: 444416K Free: 301677K (68%)
----------------- Invoking toplevel() on ptolemy.moml.MoMLSimpleApplication@494085ea
----------------- Done invoking toplevel() on ptolemy.moml.MoMLSimpleApplication@494085ea
reloadAllAccessors: .ExpressionFix3

===========================================================================================
----------------- testing Tue Jul 16 04:59:24 UTC 2019 /home/travis/build/icyphy/ptII/ptolemy/actor/lib/test/auto/FileWriter1.xml
----------------- Instantiating /home/travis/build/icyphy/ptII/ptolemy/actor/lib/test/auto/FileWriter1.xml
2 ms. Memory: 444416K Free: 297581K (67%)
----------------- Invoking toplevel() on ptolemy.moml.MoMLSimpleApplication@231dbce5
----------------- Done invoking toplevel() on ptolemy.moml.MoMLSimpleApplication@231dbce5
reloadAllAccessors: .FileWriter1

===========================================================================================
----------------- testing Tue Jul 16 04:59:24 UTC 2019 /home/travis/build/icyphy/ptII/ptolemy/actor/lib/test/auto/FileWriter2.xml
----------------- Instantiating /home/travis/build/icyphy/ptII/ptolemy/actor/lib/test/auto/FileWriter2.xml
2 ms. Memory: 444416K Free: 292975K (66%)
----------------- Invoking toplevel() on ptolemy.moml.MoMLSimpleApplication@6d9836b3
----------------- Done invoking toplevel() on ptolemy.moml.MoMLSimpleApplication@6d9836b3
reloadAllAccessors: .FileWriter2

===========================================================================================
----------------- testing Tue Jul 16 04:59:24 UTC 2019 /home/travis/build/icyphy/ptII/ptolemy/actor/lib/test/auto/FileWriter3.xml
----------------- Instantiating /home/travis/build/icyphy/ptII/ptolemy/actor/lib/test/auto/FileWriter3.xml
2 ms. Memory: 444416K Free: 288879K (65%)
----------------- Invoking toplevel() on ptolemy.moml.MoMLSimpleApplication@4e0ef46e
----------------- Done invoking toplevel() on ptolemy.moml.MoMLSimpleApplication@4e0ef46e
reloadAllAccessors: .FileWriter3

===========================================================================================
----------------- testing Tue Jul 16 04:59:24 UTC 2019 /home/travis/build/icyphy/ptII/ptolemy/actor/lib/test/auto/Gaussian.xml
----------------- Instantiating /home/travis/build/icyphy/ptII/ptolemy/actor/lib/test/auto/Gaussian.xml
5 ms. Memory: 444416K Free: 284783K (64%)
----------------- Invoking toplevel() on ptolemy.moml.MoMLSimpleApplication@3eb36652
----------------- Done invoking toplevel() on ptolemy.moml.MoMLSimpleApplication@3eb36652
reloadAllAccessors: .Gaussian

===========================================================================================
----------------- testing Tue Jul 16 04:59:24 UTC 2019 /home/travis/build/icyphy/ptII/ptolemy/actor/lib/test/auto/Gaussian1.xml
----------------- Instantiating /home/travis/build/icyphy/ptII/ptolemy/actor/lib/test/auto/Gaussian1.xml
10 ms. Memory: 444416K Free: 279119K (63%)
----------------- Invoking toplevel() on ptolemy.moml.MoMLSimpleApplication@b93f2ad
----------------- Done invoking toplevel() on ptolemy.moml.MoMLSimpleApplication@b93f2ad
reloadAllAccessors: .Gaussian1

===========================================================================================
----------------- testing Tue Jul 16 04:59:24 UTC 2019 /home/travis/build/icyphy/ptII/ptolemy/actor/lib/test/auto/Gaussian2.xml
----------------- Instantiating /home/travis/build/icyphy/ptII/ptolemy/actor/lib/test/auto/Gaussian2.xml
2 ms. Memory: 444416K Free: 273519K (62%)
----------------- Invoking toplevel() on ptolemy.moml.MoMLSimpleApplication@43209be4
----------------- Done invoking toplevel() on ptolemy.moml.MoMLSimpleApplication@43209be4
reloadAllAccessors: .Gaussian2

===========================================================================================
----------------- testing Tue Jul 16 04:59:24 UTC 2019 /home/travis/build/icyphy/ptII/ptolemy/actor/lib/test/auto/GradientAdaptiveLattice.xml
----------------- Instantiating /home/travis/build/icyphy/ptII/ptolemy/actor/lib/test/auto/GradientAdaptiveLattice.xml
2 ms. Memory: 444416K Free: 268399K (60%)
----------------- Invoking toplevel() on ptolemy.moml.MoMLSimpleApplication@17feecae
----------------- Done invoking toplevel() on ptolemy.moml.MoMLSimpleApplication@17feecae
reloadAllAccessors: .GradientAdaptiveLattice

===========================================================================================
----------------- testing Tue Jul 16 04:59:24 UTC 2019 /home/travis/build/icyphy/ptII/ptolemy/actor/lib/test/auto/IIR.xml
----------------- Instantiating /home/travis/build/icyphy/ptII/ptolemy/actor/lib/test/auto/IIR.xml
1 ms. Memory: 444416K Free: 263789K (59%)
----------------- Invoking toplevel() on ptolemy.moml.MoMLSimpleApplication@3eef6d6b
----------------- Done invoking toplevel() on ptolemy.moml.MoMLSimpleApplication@3eef6d6b
reloadAllAccessors: .IIR

===========================================================================================
----------------- testing Tue Jul 16 04:59:24 UTC 2019 /home/travis/build/icyphy/ptII/ptolemy/actor/lib/test/auto/InputOutputTransparentPorts.xml
----------------- Instantiating /home/travis/build/icyphy/ptII/ptolemy/actor/lib/test/auto/InputOutputTransparentPorts.xml
2 ms. Memory: 444416K Free: 256621K (58%)
----------------- Invoking toplevel() on ptolemy.moml.MoMLSimpleApplication@25ca1493
----------------- Done invoking toplevel() on ptolemy.moml.MoMLSimpleApplication@25ca1493
reloadAllAccessors: .InputOutputTransparentPorts

===========================================================================================
----------------- testing Tue Jul 16 04:59:24 UTC 2019 /home/travis/build/icyphy/ptII/ptolemy/actor/lib/test/auto/Interpolator.xml
----------------- Instantiating /home/travis/build/icyphy/ptII/ptolemy/actor/lib/test/auto/Interpolator.xml
6 ms. Memory: 444416K Free: 252013K (57%)
----------------- Invoking toplevel() on ptolemy.moml.MoMLSimpleApplication@7e70d4d4
----------------- Done invoking toplevel() on ptolemy.moml.MoMLSimpleApplication@7e70d4d4
reloadAllAccessors: .Interpolator

===========================================================================================
----------------- testing Tue Jul 16 04:59:24 UTC 2019 /home/travis/build/icyphy/ptII/ptolemy/actor/lib/test/auto/InterpolatorFiringLimitDE.xml
----------------- Instantiating /home/travis/build/icyphy/ptII/ptolemy/actor/lib/test/auto/InterpolatorFiringLimitDE.xml
4 ms. Memory: 444416K Free: 245357K (55%)
----------------- Invoking toplevel() on ptolemy.moml.MoMLSimpleApplication@31c49aa3
----------------- Done invoking toplevel() on ptolemy.moml.MoMLSimpleApplication@31c49aa3
reloadAllAccessors: .InterpolatorFiringLimitDE

===========================================================================================
----------------- testing Tue Jul 16 04:59:24 UTC 2019 /home/travis/build/icyphy/ptII/ptolemy/actor/lib/test/auto/Lattice.xml
----------------- Instantiating /home/travis/build/icyphy/ptII/ptolemy/actor/lib/test/auto/Lattice.xml
1 ms. Memory: 444416K Free: 241775K (54%)
----------------- Invoking toplevel() on ptolemy.moml.MoMLSimpleApplication@694681ac
----------------- Done invoking toplevel() on ptolemy.moml.MoMLSimpleApplication@694681ac
reloadAllAccessors: .Lattice

===========================================================================================
----------------- testing Tue Jul 16 04:59:24 UTC 2019 /home/travis/build/icyphy/ptII/ptolemy/actor/lib/test/auto/LazyAOCTestLazy.xml
----------------- Instantiating /home/travis/build/icyphy/ptII/ptolemy/actor/lib/test/auto/LazyAOCTestLazy.xml
8 ms. Memory: 444416K Free: 235631K (53%)
----------------- Invoking toplevel() on ptolemy.moml.MoMLSimpleApplication@11fe6ea5
----------------- Done invoking toplevel() on ptolemy.moml.MoMLSimpleApplication@11fe6ea5
reloadAllAccessors: .LazyAOCTestLazy

===========================================================================================
----------------- testing Tue Jul 16 04:59:24 UTC 2019 /home/travis/build/icyphy/ptII/ptolemy/actor/lib/test/auto/LazyAOCTestNonLazy.xml
----------------- Instantiating /home/travis/build/icyphy/ptII/ptolemy/actor/lib/test/auto/LazyAOCTestNonLazy.xml
3 ms. Memory: 444416K Free: 228973K (52%)
----------------- Invoking toplevel() on ptolemy.moml.MoMLSimpleApplication@22de148b
----------------- Done invoking toplevel() on ptolemy.moml.MoMLSimpleApplication@22de148b
reloadAllAccessors: .LazyAOCTestNonLazy

===========================================================================================
----------------- testing Tue Jul 16 04:59:24 UTC 2019 /home/travis/build/icyphy/ptII/ptolemy/actor/lib/test/auto/LazyInnerClass.xml
----------------- Instantiating /home/travis/build/icyphy/ptII/ptolemy/actor/lib/test/auto/LazyInnerClass.xml
20 ms. Memory: 444416K Free: 220271K (50%)
----------------- Invoking toplevel() on ptolemy.moml.MoMLSimpleApplication@5839b34a
----------------- Done invoking toplevel() on ptolemy.moml.MoMLSimpleApplication@5839b34a
reloadAllAccessors: .LazyInnerClass

===========================================================================================
----------------- testing Tue Jul 16 04:59:24 UTC 2019 /home/travis/build/icyphy/ptII/ptolemy/actor/lib/test/auto/LazyPubSub.xml
----------------- Instantiating /home/travis/build/icyphy/ptII/ptolemy/actor/lib/test/auto/LazyPubSub.xml
19 ms. Memory: 444416K Free: 210031K (47%)
----------------- Invoking toplevel() on ptolemy.moml.MoMLSimpleApplication@46b8fb7a
----------------- Done invoking toplevel() on ptolemy.moml.MoMLSimpleApplication@46b8fb7a
reloadAllAccessors: .LazyPubSub

===========================================================================================
----------------- testing Tue Jul 16 04:59:24 UTC 2019 /home/travis/build/icyphy/ptII/ptolemy/actor/lib/test/auto/LazyPubSub2.xml
----------------- Instantiating /home/travis/build/icyphy/ptII/ptolemy/actor/lib/test/auto/LazyPubSub2.xml
24 ms. Memory: 444416K Free: 199791K (45%)
----------------- Invoking toplevel() on ptolemy.moml.MoMLSimpleApplication@7db9965e
----------------- Done invoking toplevel() on ptolemy.moml.MoMLSimpleApplication@7db9965e
reloadAllAccessors: .LazyPubSub2

===========================================================================================
----------------- testing Tue Jul 16 04:59:24 UTC 2019 /home/travis/build/icyphy/ptII/ptolemy/actor/lib/test/auto/LazyPubSub3.xml
----------------- Instantiating /home/travis/build/icyphy/ptII/ptolemy/actor/lib/test/auto/LazyPubSub3.xml
17 ms. Memory: 444416K Free: 189551K (43%)
----------------- Invoking toplevel() on ptolemy.moml.MoMLSimpleApplication@19cb73fc
----------------- Done invoking toplevel() on ptolemy.moml.MoMLSimpleApplication@19cb73fc
reloadAllAccessors: .LazyPubSub3

===========================================================================================
----------------- testing Tue Jul 16 04:59:24 UTC 2019 /home/travis/build/icyphy/ptII/ptolemy/actor/lib/test/auto/LazySubClassModel.xml
----------------- Instantiating /home/travis/build/icyphy/ptII/ptolemy/actor/lib/test/auto/LazySubClassModel.xml
2 ms. Memory: 444416K Free: 180335K (41%)
----------------- Invoking toplevel() on ptolemy.moml.MoMLSimpleApplication@1cb56cd0
----------------- Done invoking toplevel() on ptolemy.moml.MoMLSimpleApplication@1cb56cd0
reloadAllAccessors: .LazySubClassModel

===========================================================================================
----------------- testing Tue Jul 16 04:59:24 UTC 2019 /home/travis/build/icyphy/ptII/ptolemy/actor/lib/test/auto/LevelCrossTest1.xml
----------------- Instantiating /home/travis/build/icyphy/ptII/ptolemy/actor/lib/test/auto/LevelCrossTest1.xml
3 ms. Memory: 444416K Free: 174701K (39%)
----------------- Invoking toplevel() on ptolemy.moml.MoMLSimpleApplication@56798dea
----------------- Done invoking toplevel() on ptolemy.moml.MoMLSimpleApplication@56798dea
reloadAllAccessors: .broken

===========================================================================================
----------------- testing Tue Jul 16 04:59:24 UTC 2019 /home/travis/build/icyphy/ptII/ptolemy/actor/lib/test/auto/LevelCrossTest10.xml
----------------- Instantiating /home/travis/build/icyphy/ptII/ptolemy/actor/lib/test/auto/LevelCrossTest10.xml
2 ms. Memory: 444416K Free: 167023K (38%)
----------------- Invoking toplevel() on ptolemy.moml.MoMLSimpleApplication@7b7454
----------------- Done invoking toplevel() on ptolemy.moml.MoMLSimpleApplication@7b7454
reloadAllAccessors: .LevelCrossTest10

===========================================================================================
----------------- testing Tue Jul 16 04:59:25 UTC 2019 /home/travis/build/icyphy/ptII/ptolemy/actor/lib/test/auto/LevelCrossTest11.xml
----------------- Instantiating /home/travis/build/icyphy/ptII/ptolemy/actor/lib/test/auto/LevelCrossTest11.xml
1 ms. Memory: 444416K Free: 160365K (36%)
----------------- Invoking toplevel() on ptolemy.moml.MoMLSimpleApplication@323d17a8
----------------- Done invoking toplevel() on ptolemy.moml.MoMLSimpleApplication@323d17a8
reloadAllAccessors: .LevelCrossTest11

===========================================================================================
----------------- testing Tue Jul 16 04:59:25 UTC 2019 /home/travis/build/icyphy/ptII/ptolemy/actor/lib/test/auto/LevelCrossTest12.xml
----------------- Instantiating /home/travis/build/icyphy/ptII/ptolemy/actor/lib/test/auto/LevelCrossTest12.xml
1 ms. Memory: 444416K Free: 152687K (34%)
----------------- Invoking toplevel() on ptolemy.moml.MoMLSimpleApplication@5450fa44
----------------- Done invoking toplevel() on ptolemy.moml.MoMLSimpleApplication@5450fa44
reloadAllAccessors: .LevelCrossTest12

===========================================================================================
----------------- testing Tue Jul 16 04:59:25 UTC 2019 /home/travis/build/icyphy/ptII/ptolemy/actor/lib/test/auto/LevelCrossTest13.xml
----------------- Instantiating /home/travis/build/icyphy/ptII/ptolemy/actor/lib/test/auto/LevelCrossTest13.xml
2 ms. Memory: 444416K Free: 145519K (33%)
----------------- Invoking toplevel() on ptolemy.moml.MoMLSimpleApplication@5b9dc011
----------------- Done invoking toplevel() on ptolemy.moml.MoMLSimpleApplication@5b9dc011
reloadAllAccessors: .LevelCrossTest13

===========================================================================================
----------------- testing Tue Jul 16 04:59:25 UTC 2019 /home/travis/build/icyphy/ptII/ptolemy/actor/lib/test/auto/LevelCrossTest2.xml
----------------- Instantiating /home/travis/build/icyphy/ptII/ptolemy/actor/lib/test/auto/LevelCrossTest2.xml
1 ms. Memory: 444416K Free: 139885K (31%)
----------------- Invoking toplevel() on ptolemy.moml.MoMLSimpleApplication@211ed886
----------------- Done invoking toplevel() on ptolemy.moml.MoMLSimpleApplication@211ed886
reloadAllAccessors: .broken

===========================================================================================
----------------- testing Tue Jul 16 04:59:25 UTC 2019 /home/travis/build/icyphy/ptII/ptolemy/actor/lib/test/auto/LevelCrossTest3.xml
----------------- Instantiating /home/travis/build/icyphy/ptII/ptolemy/actor/lib/test/auto/LevelCrossTest3.xml
2 ms. Memory: 444416K Free: 395306K (89%)
----------------- Invoking toplevel() on ptolemy.moml.MoMLSimpleApplication@2543ba88
----------------- Done invoking toplevel() on ptolemy.moml.MoMLSimpleApplication@2543ba88
reloadAllAccessors: .LevelCrossTest3

===========================================================================================
----------------- testing Tue Jul 16 04:59:25 UTC 2019 /home/travis/build/icyphy/ptII/ptolemy/actor/lib/test/auto/LevelCrossTest4.xml
----------------- Instantiating /home/travis/build/icyphy/ptII/ptolemy/actor/lib/test/auto/LevelCrossTest4.xml
10 ms. Memory: 444416K Free: 389473K (88%)
----------------- Invoking toplevel() on ptolemy.moml.MoMLSimpleApplication@27a85137
----------------- Done invoking toplevel() on ptolemy.moml.MoMLSimpleApplication@27a85137
reloadAllAccessors: .broken

===========================================================================================
----------------- testing Tue Jul 16 04:59:25 UTC 2019 /home/travis/build/icyphy/ptII/ptolemy/actor/lib/test/auto/LevelCrossTest5.xml
----------------- Instantiating /home/travis/build/icyphy/ptII/ptolemy/actor/lib/test/auto/LevelCrossTest5.xml
10 ms. Memory: 444416K Free: 382305K (86%)
----------------- Invoking toplevel() on ptolemy.moml.MoMLSimpleApplication@e22c5b7
----------------- Done invoking toplevel() on ptolemy.moml.MoMLSimpleApplication@e22c5b7
reloadAllAccessors: .LevelCrossTest5

===========================================================================================
----------------- testing Tue Jul 16 04:59:25 UTC 2019 /home/travis/build/icyphy/ptII/ptolemy/actor/lib/test/auto/LevelCrossTest6.xml
----------------- Instantiating /home/travis/build/icyphy/ptII/ptolemy/actor/lib/test/auto/LevelCrossTest6.xml
2 ms. Memory: 444416K Free: 375651K (85%)
----------------- Invoking toplevel() on ptolemy.moml.MoMLSimpleApplication@1b005249
----------------- Done invoking toplevel() on ptolemy.moml.MoMLSimpleApplication@1b005249
reloadAllAccessors: .LevelCrossTest6

===========================================================================================
----------------- testing Tue Jul 16 04:59:25 UTC 2019 /home/travis/build/icyphy/ptII/ptolemy/actor/lib/test/auto/LevelCrossTest7.xml
----------------- Instantiating /home/travis/build/icyphy/ptII/ptolemy/actor/lib/test/auto/LevelCrossTest7.xml
1 ms. Memory: 444416K Free: 367969K (83%)
----------------- Invoking toplevel() on ptolemy.moml.MoMLSimpleApplication@71769599
----------------- Done invoking toplevel() on ptolemy.moml.MoMLSimpleApplication@71769599
reloadAllAccessors: .LevelCrossTest7

===========================================================================================
----------------- testing Tue Jul 16 04:59:25 UTC 2019 /home/travis/build/icyphy/ptII/ptolemy/actor/lib/test/auto/LevelCrossTest8.xml
----------------- Instantiating /home/travis/build/icyphy/ptII/ptolemy/actor/lib/test/auto/LevelCrossTest8.xml
1 ms. Memory: 444416K Free: 360291K (81%)
----------------- Invoking toplevel() on ptolemy.moml.MoMLSimpleApplication@2cc747b2
----------------- Done invoking toplevel() on ptolemy.moml.MoMLSimpleApplication@2cc747b2
reloadAllAccessors: .LevelCrossTest8

===========================================================================================
----------------- testing Tue Jul 16 04:59:25 UTC 2019 /home/travis/build/icyphy/ptII/ptolemy/actor/lib/test/auto/LevelCrossTest9.xml
----------------- Instantiating /home/travis/build/icyphy/ptII/ptolemy/actor/lib/test/auto/LevelCrossTest9.xml
2 ms. Memory: 444416K Free: 353123K (79%)
----------------- Invoking toplevel() on ptolemy.moml.MoMLSimpleApplication@2a00a7fd
----------------- Done invoking toplevel() on ptolemy.moml.MoMLSimpleApplication@2a00a7fd
reloadAllAccessors: .LevelCrossTest9

===========================================================================================
----------------- testing Tue Jul 16 04:59:25 UTC 2019 /home/travis/build/icyphy/ptII/ptolemy/actor/lib/test/auto/LevinsonDurbin.xml
----------------- Instantiating /home/travis/build/icyphy/ptII/ptolemy/actor/lib/test/auto/LevinsonDurbin.xml
1 ms. Memory: 444416K Free: 349027K (79%)
----------------- Invoking toplevel() on ptolemy.moml.MoMLSimpleApplication@e17dac7
----------------- Done invoking toplevel() on ptolemy.moml.MoMLSimpleApplication@e17dac7
reloadAllAccessors: .LevinsonDurbin

===========================================================================================
----------------- testing Tue Jul 16 04:59:25 UTC 2019 /home/travis/build/icyphy/ptII/ptolemy/actor/lib/test/auto/LevinsonDurbin2.xml
----------------- Instantiating /home/travis/build/icyphy/ptII/ptolemy/actor/lib/test/auto/LevinsonDurbin2.xml
1 ms. Memory: 444416K Free: 344931K (78%)
----------------- Invoking toplevel() on ptolemy.moml.MoMLSimpleApplication@40bb223f
----------------- Done invoking toplevel() on ptolemy.moml.MoMLSimpleApplication@40bb223f
reloadAllAccessors: .LevinsonDurbin2

===========================================================================================
----------------- testing Tue Jul 16 04:59:25 UTC 2019 /home/travis/build/icyphy/ptII/ptolemy/actor/lib/test/auto/LevinsonDurbin3.xml
----------------- Instantiating /home/travis/build/icyphy/ptII/ptolemy/actor/lib/test/auto/LevinsonDurbin3.xml
2 ms. Memory: 444416K Free: 340835K (77%)
----------------- Invoking toplevel() on ptolemy.moml.MoMLSimpleApplication@5f70b3a6
----------------- Done invoking toplevel() on ptolemy.moml.MoMLSimpleApplication@5f70b3a6
reloadAllAccessors: .LevinsonDurbin3

===========================================================================================
----------------- testing Tue Jul 16 04:59:25 UTC 2019 /home/travis/build/icyphy/ptII/ptolemy/actor/lib/test/auto/Limiter.xml
----------------- Instantiating /home/travis/build/icyphy/ptII/ptolemy/actor/lib/test/auto/Limiter.xml
6 ms. Memory: 444416K Free: 332099K (75%)
----------------- Invoking toplevel() on ptolemy.moml.MoMLSimpleApplication@26c4cdb8
----------------- Done invoking toplevel() on ptolemy.moml.MoMLSimpleApplication@26c4cdb8
reloadAllAccessors: .Limiter

===========================================================================================
----------------- testing Tue Jul 16 04:59:25 UTC 2019 /home/travis/build/icyphy/ptII/ptolemy/actor/lib/test/auto/LinearDifferenceEquationSystem.xml
----------------- Instantiating /home/travis/build/icyphy/ptII/ptolemy/actor/lib/test/auto/LinearDifferenceEquationSystem.xml
4 ms. Memory: 444416K Free: 324451K (73%)
----------------- Invoking toplevel() on ptolemy.moml.MoMLSimpleApplication@393110c
----------------- Done invoking toplevel() on ptolemy.moml.MoMLSimpleApplication@393110c
reloadAllAccessors: .LinearDifferenceEquationSystem

===========================================================================================
----------------- testing Tue Jul 16 04:59:25 UTC 2019 /home/travis/build/icyphy/ptII/ptolemy/actor/lib/test/auto/LookupTable.xml
----------------- Instantiating /home/travis/build/icyphy/ptII/ptolemy/actor/lib/test/auto/LookupTable.xml
1 ms. Memory: 444416K Free: 320355K (72%)
----------------- Invoking toplevel() on ptolemy.moml.MoMLSimpleApplication@5e28301c
----------------- Done invoking toplevel() on ptolemy.moml.MoMLSimpleApplication@5e28301c
reloadAllAccessors: .LookupTable

===========================================================================================
----------------- testing Tue Jul 16 04:59:25 UTC 2019 /home/travis/build/icyphy/ptII/ptolemy/actor/lib/test/auto/MathFunction.xml
----------------- Instantiating /home/travis/build/icyphy/ptII/ptolemy/actor/lib/test/auto/MathFunction.xml
2 ms. Memory: 444416K Free: 312163K (70%)
----------------- Invoking toplevel() on ptolemy.moml.MoMLSimpleApplication@6138d000
----------------- Done invoking toplevel() on ptolemy.moml.MoMLSimpleApplication@6138d000
reloadAllAccessors: .MathFunction

===========================================================================================
----------------- testing Tue Jul 16 04:59:25 UTC 2019 /home/travis/build/icyphy/ptII/ptolemy/actor/lib/test/auto/MathFunction2.xml
----------------- Instantiating /home/travis/build/icyphy/ptII/ptolemy/actor/lib/test/auto/MathFunction2.xml
6 ms. Memory: 444416K Free: 308067K (69%)
----------------- Invoking toplevel() on ptolemy.moml.MoMLSimpleApplication@545943f3
----------------- Done invoking toplevel() on ptolemy.moml.MoMLSimpleApplication@545943f3
reloadAllAccessors: .MathFunction2

===========================================================================================
----------------- testing Tue Jul 16 04:59:25 UTC 2019 /home/travis/build/icyphy/ptII/ptolemy/actor/lib/test/auto/MathFunction3.xml
----------------- Instantiating /home/travis/build/icyphy/ptII/ptolemy/actor/lib/test/auto/MathFunction3.xml
3 ms. Memory: 444416K Free: 300899K (68%)
----------------- Invoking toplevel() on ptolemy.moml.MoMLSimpleApplication@6a8b1890
----------------- Done invoking toplevel() on ptolemy.moml.MoMLSimpleApplication@6a8b1890
reloadAllAccessors: .MathFunction3

===========================================================================================
----------------- testing Tue Jul 16 04:59:25 UTC 2019 /home/travis/build/icyphy/ptII/ptolemy/actor/lib/test/auto/MatrixCropBoolean.xml
----------------- Instantiating /home/travis/build/icyphy/ptII/ptolemy/actor/lib/test/auto/MatrixCropBoolean.xml
1 ms. Memory: 444416K Free: 295779K (67%)
----------------- Invoking toplevel() on ptolemy.moml.MoMLSimpleApplication@465abd4c
----------------- Done invoking toplevel() on ptolemy.moml.MoMLSimpleApplication@465abd4c
reloadAllAccessors: .MatrixCropBoolean

===========================================================================================
----------------- testing Tue Jul 16 04:59:25 UTC 2019 /home/travis/build/icyphy/ptII/ptolemy/actor/lib/test/auto/MatrixCropComplex.xml
----------------- Instantiating /home/travis/build/icyphy/ptII/ptolemy/actor/lib/test/auto/MatrixCropComplex.xml
2 ms. Memory: 444416K Free: 290659K (65%)
----------------- Invoking toplevel() on ptolemy.moml.MoMLSimpleApplication@6d5b021f
----------------- Done invoking toplevel() on ptolemy.moml.MoMLSimpleApplication@6d5b021f
reloadAllAccessors: .MatrixCropComplex

===========================================================================================
----------------- testing Tue Jul 16 04:59:25 UTC 2019 /home/travis/build/icyphy/ptII/ptolemy/actor/lib/test/auto/MatrixCropDouble.xml
----------------- Instantiating /home/travis/build/icyphy/ptII/ptolemy/actor/lib/test/auto/MatrixCropDouble.xml
4 ms. Memory: 444416K Free: 285539K (64%)
----------------- Invoking toplevel() on ptolemy.moml.MoMLSimpleApplication@3ca914d5
----------------- Done invoking toplevel() on ptolemy.moml.MoMLSimpleApplication@3ca914d5
reloadAllAccessors: .MatrixCropDouble

===========================================================================================
----------------- testing Tue Jul 16 04:59:25 UTC 2019 /home/travis/build/icyphy/ptII/ptolemy/actor/lib/test/auto/MatrixCropFix.xml
----------------- Instantiating /home/travis/build/icyphy/ptII/ptolemy/actor/lib/test/auto/MatrixCropFix.xml
4 ms. Memory: 444416K Free: 280419K (63%)
----------------- Invoking toplevel() on ptolemy.moml.MoMLSimpleApplication@44bfebf4
----------------- Done invoking toplevel() on ptolemy.moml.MoMLSimpleApplication@44bfebf4
reloadAllAccessors: .MatrixCropFix

===========================================================================================
----------------- testing Tue Jul 16 04:59:25 UTC 2019 /home/travis/build/icyphy/ptII/ptolemy/actor/lib/test/auto/MatrixCropInt.xml
----------------- Instantiating /home/travis/build/icyphy/ptII/ptolemy/actor/lib/test/auto/MatrixCropInt.xml
3 ms. Memory: 444416K Free: 275779K (62%)
----------------- Invoking toplevel() on ptolemy.moml.MoMLSimpleApplication@4f0e10c9
----------------- Done invoking toplevel() on ptolemy.moml.MoMLSimpleApplication@4f0e10c9
reloadAllAccessors: .MatrixCropInt

===========================================================================================
----------------- testing Tue Jul 16 04:59:25 UTC 2019 /home/travis/build/icyphy/ptII/ptolemy/actor/lib/test/auto/MatrixCropLong.xml
----------------- Instantiating /home/travis/build/icyphy/ptII/ptolemy/actor/lib/test/auto/MatrixCropLong.xml
3 ms. Memory: 444416K Free: 271203K (61%)
----------------- Invoking toplevel() on ptolemy.moml.MoMLSimpleApplication@3f383d39
----------------- Done invoking toplevel() on ptolemy.moml.MoMLSimpleApplication@3f383d39
reloadAllAccessors: .MatrixCropLong

===========================================================================================
----------------- testing Tue Jul 16 04:59:25 UTC 2019 /home/travis/build/icyphy/ptII/ptolemy/actor/lib/test/auto/MatrixToArray.xml
----------------- Instantiating /home/travis/build/icyphy/ptII/ptolemy/actor/lib/test/auto/MatrixToArray.xml
7 ms. Memory: 444416K Free: 255843K (58%)
----------------- Invoking toplevel() on ptolemy.moml.MoMLSimpleApplication@22fd9397
----------------- Done invoking toplevel() on ptolemy.moml.MoMLSimpleApplication@22fd9397
reloadAllAccessors: .MatrixToArray

===========================================================================================
----------------- testing Tue Jul 16 04:59:25 UTC 2019 /home/travis/build/icyphy/ptII/ptolemy/actor/lib/test/auto/MaxIndex.xml
----------------- Instantiating /home/travis/build/icyphy/ptII/ptolemy/actor/lib/test/auto/MaxIndex.xml
4 ms. Memory: 444416K Free: 250723K (56%)
----------------- Invoking toplevel() on ptolemy.moml.MoMLSimpleApplication@527eb694
----------------- Done invoking toplevel() on ptolemy.moml.MoMLSimpleApplication@527eb694
reloadAllAccessors: .MaxIndex

===========================================================================================
----------------- testing Tue Jul 16 04:59:25 UTC 2019 /home/travis/build/icyphy/ptII/ptolemy/actor/lib/test/auto/Maximum.xml
----------------- Instantiating /home/travis/build/icyphy/ptII/ptolemy/actor/lib/test/auto/Maximum.xml
2 ms. Memory: 444416K Free: 244035K (55%)
----------------- Invoking toplevel() on ptolemy.moml.MoMLSimpleApplication@22fc1997
----------------- Done invoking toplevel() on ptolemy.moml.MoMLSimpleApplication@22fc1997
reloadAllAccessors: .Maximum

===========================================================================================
----------------- testing Tue Jul 16 04:59:25 UTC 2019 /home/travis/build/icyphy/ptII/ptolemy/actor/lib/test/auto/MaximumComplex.xml
----------------- Instantiating /home/travis/build/icyphy/ptII/ptolemy/actor/lib/test/auto/MaximumComplex.xml
4 ms. Memory: 444416K Free: 237907K (54%)
----------------- Invoking toplevel() on ptolemy.moml.MoMLSimpleApplication@74c65795
----------------- Done invoking toplevel() on ptolemy.moml.MoMLSimpleApplication@74c65795
reloadAllAccessors: .MaximumComplex

===========================================================================================
----------------- testing Tue Jul 16 04:59:25 UTC 2019 /home/travis/build/icyphy/ptII/ptolemy/actor/lib/test/auto/MethodCallTest.xml
----------------- Instantiating /home/travis/build/icyphy/ptII/ptolemy/actor/lib/test/auto/MethodCallTest.xml
3 ms. Memory: 444416K Free: 231267K (52%)
----------------- Invoking toplevel() on ptolemy.moml.MoMLSimpleApplication@3aa7002c
----------------- Done invoking toplevel() on ptolemy.moml.MoMLSimpleApplication@3aa7002c
reloadAllAccessors: .MethodCallTest

===========================================================================================
----------------- testing Tue Jul 16 04:59:25 UTC 2019 /home/travis/build/icyphy/ptII/ptolemy/actor/lib/test/auto/Minimum.xml
----------------- Instantiating /home/travis/build/icyphy/ptII/ptolemy/actor/lib/test/auto/Minimum.xml
3 ms. Memory: 444416K Free: 224609K (51%)
----------------- Invoking toplevel() on ptolemy.moml.MoMLSimpleApplication@6786f19c
----------------- Done invoking toplevel() on ptolemy.moml.MoMLSimpleApplication@6786f19c
reloadAllAccessors: .Minimum

===========================================================================================
----------------- testing Tue Jul 16 04:59:25 UTC 2019 /home/travis/build/icyphy/ptII/ptolemy/actor/lib/test/auto/MinimumComplex.xml
----------------- Instantiating /home/travis/build/icyphy/ptII/ptolemy/actor/lib/test/auto/MinimumComplex.xml
3 ms. Memory: 444416K Free: 218465K (49%)
----------------- Invoking toplevel() on ptolemy.moml.MoMLSimpleApplication@7a5b1c9a
----------------- Done invoking toplevel() on ptolemy.moml.MoMLSimpleApplication@7a5b1c9a
reloadAllAccessors: .MinimumComplex

===========================================================================================
----------------- testing Tue Jul 16 04:59:25 UTC 2019 /home/travis/build/icyphy/ptII/ptolemy/actor/lib/test/auto/MinimumMultiports.xml
----------------- Instantiating /home/travis/build/icyphy/ptII/ptolemy/actor/lib/test/auto/MinimumMultiports.xml
4 ms. Memory: 444416K Free: 210273K (47%)
----------------- Invoking toplevel() on ptolemy.moml.MoMLSimpleApplication@1e808caf
----------------- Done invoking toplevel() on ptolemy.moml.MoMLSimpleApplication@1e808caf
reloadAllAccessors: .MinimumMultiports

===========================================================================================
----------------- testing Tue Jul 16 04:59:25 UTC 2019 /home/travis/build/icyphy/ptII/ptolemy/actor/lib/test/auto/ModifyDate.xml
----------------- Instantiating /home/travis/build/icyphy/ptII/ptolemy/actor/lib/test/auto/ModifyDate.xml
9 ms. Memory: 444416K Free: 197475K (44%)
----------------- Invoking toplevel() on ptolemy.moml.MoMLSimpleApplication@53e2cf5d
----------------- Done invoking toplevel() on ptolemy.moml.MoMLSimpleApplication@53e2cf5d
reloadAllAccessors: .ModifyDate

===========================================================================================
----------------- testing Tue Jul 16 04:59:25 UTC 2019 /home/travis/build/icyphy/ptII/ptolemy/actor/lib/test/auto/ModifyDate2.xml
----------------- Instantiating /home/travis/build/icyphy/ptII/ptolemy/actor/lib/test/auto/ModifyDate2.xml
6 ms. Memory: 444416K Free: 188769K (42%)
----------------- Invoking toplevel() on ptolemy.moml.MoMLSimpleApplication@652b8aa6
----------------- Done invoking toplevel() on ptolemy.moml.MoMLSimpleApplication@652b8aa6
reloadAllAccessors: .ModifyDate2

===========================================================================================
----------------- testing Tue Jul 16 04:59:25 UTC 2019 /home/travis/build/icyphy/ptII/ptolemy/actor/lib/test/auto/MovingAverage.xml
----------------- Instantiating /home/travis/build/icyphy/ptII/ptolemy/actor/lib/test/auto/MovingAverage.xml
2 ms. Memory: 444416K Free: 183649K (41%)
----------------- Invoking toplevel() on ptolemy.moml.MoMLSimpleApplication@38d1b9b5
----------------- Done invoking toplevel() on ptolemy.moml.MoMLSimpleApplication@38d1b9b5
reloadAllAccessors: .MovingAverage

===========================================================================================
----------------- testing Tue Jul 16 04:59:25 UTC 2019 /home/travis/build/icyphy/ptII/ptolemy/actor/lib/test/auto/MovingMaximum.xml
----------------- Instantiating /home/travis/build/icyphy/ptII/ptolemy/actor/lib/test/auto/MovingMaximum.xml
2 ms. Memory: 444416K Free: 179043K (40%)
----------------- Invoking toplevel() on ptolemy.moml.MoMLSimpleApplication@30ed074b
----------------- Done invoking toplevel() on ptolemy.moml.MoMLSimpleApplication@30ed074b
reloadAllAccessors: .MovingMaximum

===========================================================================================
----------------- testing Tue Jul 16 04:59:26 UTC 2019 /home/travis/build/icyphy/ptII/ptolemy/actor/lib/test/auto/MultipleLinksToSameRelation.xml
----------------- Instantiating /home/travis/build/icyphy/ptII/ptolemy/actor/lib/test/auto/MultipleLinksToSameRelation.xml
2 ms. Memory: 444416K Free: 174947K (39%)
----------------- Invoking toplevel() on ptolemy.moml.MoMLSimpleApplication@5dabef9f
----------------- Done invoking toplevel() on ptolemy.moml.MoMLSimpleApplication@5dabef9f
reloadAllAccessors: .MultipleLinksToSameRelation

===========================================================================================
----------------- testing Tue Jul 16 04:59:26 UTC 2019 /home/travis/build/icyphy/ptII/ptolemy/actor/lib/test/auto/MultipleLinksToSameRelationDE.xml
----------------- Instantiating /home/travis/build/icyphy/ptII/ptolemy/actor/lib/test/auto/MultipleLinksToSameRelationDE.xml
10 ms. Memory: 444416K Free: 170307K (38%)
----------------- Invoking toplevel() on ptolemy.moml.MoMLSimpleApplication@1283b3d9
----------------- Done invoking toplevel() on ptolemy.moml.MoMLSimpleApplication@1283b3d9
reloadAllAccessors: .MultipleLinksToSameRelationDE

===========================================================================================
----------------- testing Tue Jul 16 04:59:26 UTC 2019 /home/travis/build/icyphy/ptII/ptolemy/actor/lib/test/auto/Multiplexor.xml
----------------- Instantiating /home/travis/build/icyphy/ptII/ptolemy/actor/lib/test/auto/Multiplexor.xml
2 ms. Memory: 444416K Free: 165217K (37%)
----------------- Invoking toplevel() on ptolemy.moml.MoMLSimpleApplication@1059e14b
----------------- Done invoking toplevel() on ptolemy.moml.MoMLSimpleApplication@1059e14b
reloadAllAccessors: .Multiplexor

===========================================================================================
----------------- testing Tue Jul 16 04:59:26 UTC 2019 /home/travis/build/icyphy/ptII/ptolemy/actor/lib/test/auto/Multiplexor1.xml
----------------- Instantiating /home/travis/build/icyphy/ptII/ptolemy/actor/lib/test/auto/Multiplexor1.xml
3 ms. Memory: 444416K Free: 158563K (36%)
----------------- Invoking toplevel() on ptolemy.moml.MoMLSimpleApplication@1cdd7819
----------------- Done invoking toplevel() on ptolemy.moml.MoMLSimpleApplication@1cdd7819
reloadAllAccessors: .Multiplexor1

===========================================================================================
----------------- testing Tue Jul 16 04:59:26 UTC 2019 /home/travis/build/icyphy/ptII/ptolemy/actor/lib/test/auto/Multiplexor2.xml
----------------- Instantiating /home/travis/build/icyphy/ptII/ptolemy/actor/lib/test/auto/Multiplexor2.xml
6 ms. Memory: 444416K Free: 151905K (34%)
----------------- Invoking toplevel() on ptolemy.moml.MoMLSimpleApplication@234d4fa9
----------------- Done invoking toplevel() on ptolemy.moml.MoMLSimpleApplication@234d4fa9
reloadAllAccessors: .Multiplexor2

===========================================================================================
----------------- testing Tue Jul 16 04:59:26 UTC 2019 /home/travis/build/icyphy/ptII/ptolemy/actor/lib/test/auto/Multiplexor3.xml
----------------- Instantiating /home/travis/build/icyphy/ptII/ptolemy/actor/lib/test/auto/Multiplexor3.xml
1 ms. Memory: 444416K Free: 147809K (33%)
----------------- Invoking toplevel() on ptolemy.moml.MoMLSimpleApplication@4fe43ba7
----------------- Done invoking toplevel() on ptolemy.moml.MoMLSimpleApplication@4fe43ba7
reloadAllAccessors: .Multiplexor3

===========================================================================================
----------------- testing Tue Jul 16 04:59:26 UTC 2019 /home/travis/build/icyphy/ptII/ptolemy/actor/lib/test/auto/MultiplexorDE.xml
----------------- Instantiating /home/travis/build/icyphy/ptII/ptolemy/actor/lib/test/auto/MultiplexorDE.xml
3 ms. Memory: 444416K Free: 140131K (32%)
----------------- Invoking toplevel() on ptolemy.moml.MoMLSimpleApplication@10393c4a
----------------- Done invoking toplevel() on ptolemy.moml.MoMLSimpleApplication@10393c4a
reloadAllAccessors: .MultiplexorDE

===========================================================================================
----------------- testing Tue Jul 16 04:59:26 UTC 2019 /home/travis/build/icyphy/ptII/ptolemy/actor/lib/test/auto/MultiportBroadcastTest.xml
----------------- Instantiating /home/travis/build/icyphy/ptII/ptolemy/actor/lib/test/auto/MultiportBroadcastTest.xml
108 ms. Memory: 444416K Free: 395742K (89%)
----------------- Invoking toplevel() on ptolemy.moml.MoMLSimpleApplication@7f2e7b37
----------------- Done invoking toplevel() on ptolemy.moml.MoMLSimpleApplication@7f2e7b37
reloadAllAccessors: .MultiportBroadcastTest

===========================================================================================
----------------- testing Tue Jul 16 04:59:26 UTC 2019 /home/travis/build/icyphy/ptII/ptolemy/actor/lib/test/auto/MultiportOutHangDuringGetWidth.xml
----------------- Instantiating /home/travis/build/icyphy/ptII/ptolemy/actor/lib/test/auto/MultiportOutHangDuringGetWidth.xml
5 ms. Memory: 444416K Free: 383221K (86%)
----------------- Invoking toplevel() on ptolemy.moml.MoMLSimpleApplication@14b413e7
----------------- Done invoking toplevel() on ptolemy.moml.MoMLSimpleApplication@14b413e7
reloadAllAccessors: .MultiportOutHangDuringGetWidth

===========================================================================================
----------------- testing Tue Jul 16 04:59:26 UTC 2019 /home/travis/build/icyphy/ptII/ptolemy/actor/lib/test/auto/NilToken.xml
----------------- Instantiating /home/travis/build/icyphy/ptII/ptolemy/actor/lib/test/auto/NilToken.xml
1 ms. Memory: 444416K Free: 379139K (85%)
----------------- Invoking toplevel() on ptolemy.moml.MoMLSimpleApplication@1591054e
----------------- Done invoking toplevel() on ptolemy.moml.MoMLSimpleApplication@1591054e
reloadAllAccessors: .NilToken

===========================================================================================
----------------- testing Tue Jul 16 04:59:26 UTC 2019 /home/travis/build/icyphy/ptII/ptolemy/actor/lib/test/auto/NilTokenNonStrictTest.xml
----------------- Instantiating /home/travis/build/icyphy/ptII/ptolemy/actor/lib/test/auto/NilTokenNonStrictTest.xml
4 ms. Memory: 444416K Free: 374019K (84%)
----------------- Invoking toplevel() on ptolemy.moml.MoMLSimpleApplication@540512b2
----------------- Done invoking toplevel() on ptolemy.moml.MoMLSimpleApplication@540512b2
reloadAllAccessors: .NilTokenNonStrictTest

===========================================================================================
----------------- testing Tue Jul 16 04:59:26 UTC 2019 /home/travis/build/icyphy/ptII/ptolemy/actor/lib/test/auto/NilTokenRecord.xml
----------------- Instantiating /home/travis/build/icyphy/ptII/ptolemy/actor/lib/test/auto/NilTokenRecord.xml
7 ms. Memory: 444416K Free: 367365K (83%)
----------------- Invoking toplevel() on ptolemy.moml.MoMLSimpleApplication@444c9
----------------- Done invoking toplevel() on ptolemy.moml.MoMLSimpleApplication@444c9
reloadAllAccessors: .NilTokenRecord

===========================================================================================
----------------- testing Tue Jul 16 04:59:26 UTC 2019 /home/travis/build/icyphy/ptII/ptolemy/actor/lib/test/auto/NilTokenTypeTest.xml
----------------- Instantiating /home/travis/build/icyphy/ptII/ptolemy/actor/lib/test/auto/NilTokenTypeTest.xml
8 ms. Memory: 444416K Free: 357635K (80%)
----------------- Invoking toplevel() on ptolemy.moml.MoMLSimpleApplication@482bafcb
----------------- Done invoking toplevel() on ptolemy.moml.MoMLSimpleApplication@482bafcb
reloadAllAccessors: .NilTokenTypeTest

===========================================================================================
----------------- testing Tue Jul 16 04:59:26 UTC 2019 /home/travis/build/icyphy/ptII/ptolemy/actor/lib/test/auto/ObjectToken1.xml
----------------- Instantiating /home/travis/build/icyphy/ptII/ptolemy/actor/lib/test/auto/ObjectToken1.xml
3 ms. Memory: 444416K Free: 353539K (80%)
----------------- Invoking toplevel() on ptolemy.moml.MoMLSimpleApplication@60d6f98c
----------------- Done invoking toplevel() on ptolemy.moml.MoMLSimpleApplication@60d6f98c
reloadAllAccessors: .ObjectToken1

===========================================================================================
----------------- testing Tue Jul 16 04:59:26 UTC 2019 /home/travis/build/icyphy/ptII/ptolemy/actor/lib/test/auto/OrderedMerge.xml
----------------- Instantiating /home/travis/build/icyphy/ptII/ptolemy/actor/lib/test/auto/OrderedMerge.xml
10 ms. Memory: 444416K Free: 347909K (78%)
----------------- Invoking toplevel() on ptolemy.moml.MoMLSimpleApplication@72a2c42e
----------------- Done invoking toplevel() on ptolemy.moml.MoMLSimpleApplication@72a2c42e
reloadAllAccessors: .OrderedMerge

===========================================================================================
----------------- testing Tue Jul 16 04:59:26 UTC 2019 /home/travis/build/icyphy/ptII/ptolemy/actor/lib/test/auto/OrderedRecordDisassembler.xml
----------------- Instantiating /home/travis/build/icyphy/ptII/ptolemy/actor/lib/test/auto/OrderedRecordDisassembler.xml
3 ms. Memory: 444416K Free: 342789K (77%)
----------------- Invoking toplevel() on ptolemy.moml.MoMLSimpleApplication@5e69a306
----------------- Done invoking toplevel() on ptolemy.moml.MoMLSimpleApplication@5e69a306
reloadAllAccessors: .OrderedRecordDisassembler

===========================================================================================
----------------- testing Tue Jul 16 04:59:26 UTC 2019 /home/travis/build/icyphy/ptII/ptolemy/actor/lib/test/auto/OrderedRecordDisassembler2.xml
----------------- Instantiating /home/travis/build/icyphy/ptII/ptolemy/actor/lib/test/auto/OrderedRecordDisassembler2.xml
4 ms. Memory: 444416K Free: 335093K (75%)
----------------- Invoking toplevel() on ptolemy.moml.MoMLSimpleApplication@747393da
----------------- Done invoking toplevel() on ptolemy.moml.MoMLSimpleApplication@747393da
reloadAllAccessors: .OrderedRecordDisassembler2

===========================================================================================
----------------- testing Tue Jul 16 04:59:26 UTC 2019 /home/travis/build/icyphy/ptII/ptolemy/actor/lib/test/auto/OrderedRecordUpdater.xml
----------------- Instantiating /home/travis/build/icyphy/ptII/ptolemy/actor/lib/test/auto/OrderedRecordUpdater.xml
2 ms. Memory: 444416K Free: 329987K (74%)
----------------- Invoking toplevel() on ptolemy.moml.MoMLSimpleApplication@16ec5a4d
----------------- Done invoking toplevel() on ptolemy.moml.MoMLSimpleApplication@16ec5a4d
reloadAllAccessors: .RecordUpdater

===========================================================================================
----------------- testing Tue Jul 16 04:59:26 UTC 2019 /home/travis/build/icyphy/ptII/ptolemy/actor/lib/test/auto/OrderedRecordUpdater2.xml
----------------- Instantiating /home/travis/build/icyphy/ptII/ptolemy/actor/lib/test/auto/OrderedRecordUpdater2.xml
5 ms. Memory: 444416K Free: 324867K (73%)
----------------- Invoking toplevel() on ptolemy.moml.MoMLSimpleApplication@1829942
----------------- Done invoking toplevel() on ptolemy.moml.MoMLSimpleApplication@1829942
reloadAllAccessors: .RecordUpdater2

===========================================================================================
----------------- testing Tue Jul 16 04:59:26 UTC 2019 /home/travis/build/icyphy/ptII/ptolemy/actor/lib/test/auto/PhaseUnwrap.xml
----------------- Instantiating /home/travis/build/icyphy/ptII/ptolemy/actor/lib/test/auto/PhaseUnwrap.xml
1 ms. Memory: 444416K Free: 320261K (72%)
----------------- Invoking toplevel() on ptolemy.moml.MoMLSimpleApplication@20cc11dc
----------------- Done invoking toplevel() on ptolemy.moml.MoMLSimpleApplication@20cc11dc
reloadAllAccessors: .PhaseUnwrap

===========================================================================================
----------------- testing Tue Jul 16 04:59:26 UTC 2019 /home/travis/build/icyphy/ptII/ptolemy/actor/lib/test/auto/PoissonClock.xml
----------------- Instantiating /home/travis/build/icyphy/ptII/ptolemy/actor/lib/test/auto/PoissonClock.xml
2 ms. Memory: 444416K Free: 316165K (71%)
----------------- Invoking toplevel() on ptolemy.moml.MoMLSimpleApplication@535891fa
----------------- Done invoking toplevel() on ptolemy.moml.MoMLSimpleApplication@535891fa
reloadAllAccessors: .PoissonClock

===========================================================================================
----------------- testing Tue Jul 16 04:59:26 UTC 2019 /home/travis/build/icyphy/ptII/ptolemy/actor/lib/test/auto/PoissonClock2.xml
----------------- Instantiating /home/travis/build/icyphy/ptII/ptolemy/actor/lib/test/auto/PoissonClock2.xml
2 ms. Memory: 444416K Free: 311045K (70%)
----------------- Invoking toplevel() on ptolemy.moml.MoMLSimpleApplication@79f331b8
----------------- Done invoking toplevel() on ptolemy.moml.MoMLSimpleApplication@79f331b8
reloadAllAccessors: .PoissonClock2

===========================================================================================
----------------- testing Tue Jul 16 04:59:26 UTC 2019 /home/travis/build/icyphy/ptII/ptolemy/actor/lib/test/auto/PoissonClock3.xml
----------------- Instantiating /home/travis/build/icyphy/ptII/ptolemy/actor/lib/test/auto/PoissonClock3.xml
2 ms. Memory: 444416K Free: 306435K (69%)
----------------- Invoking toplevel() on ptolemy.moml.MoMLSimpleApplication@72056c8c
----------------- Done invoking toplevel() on ptolemy.moml.MoMLSimpleApplication@72056c8c
reloadAllAccessors: .PoissonClock3

===========================================================================================
----------------- testing Tue Jul 16 04:59:26 UTC 2019 /home/travis/build/icyphy/ptII/ptolemy/actor/lib/test/auto/PubSubWithInitialTokens.xml
----------------- Instantiating /home/travis/build/icyphy/ptII/ptolemy/actor/lib/test/auto/PubSubWithInitialTokens.xml
3 ms. Memory: 444416K Free: 300805K (68%)
----------------- Invoking toplevel() on ptolemy.moml.MoMLSimpleApplication@50faa7ac
----------------- Done invoking toplevel() on ptolemy.moml.MoMLSimpleApplication@50faa7ac
reloadAllAccessors: .PubSubWithInitialTokens

===========================================================================================
----------------- testing Tue Jul 16 04:59:26 UTC 2019 /home/travis/build/icyphy/ptII/ptolemy/actor/lib/test/auto/PubSubWithInitialTokens2.xml
----------------- Instantiating /home/travis/build/icyphy/ptII/ptolemy/actor/lib/test/auto/PubSubWithInitialTokens2.xml
2 ms. Memory: 444416K Free: 294661K (66%)
----------------- Invoking toplevel() on ptolemy.moml.MoMLSimpleApplication@3791ecf2
----------------- Done invoking toplevel() on ptolemy.moml.MoMLSimpleApplication@3791ecf2
reloadAllAccessors: .PubSubWithInitialTokens2

===========================================================================================
----------------- testing Tue Jul 16 04:59:26 UTC 2019 /home/travis/build/icyphy/ptII/ptolemy/actor/lib/test/auto/PublisherClassNoParameter.xml
----------------- Instantiating /home/travis/build/icyphy/ptII/ptolemy/actor/lib/test/auto/PublisherClassNoParameter.xml
2 ms. Memory: 444416K Free: 284931K (64%)
----------------- Invoking toplevel() on ptolemy.moml.MoMLSimpleApplication@64f5a9c1
----------------- Done invoking toplevel() on ptolemy.moml.MoMLSimpleApplication@64f5a9c1
reloadAllAccessors: .PublisherClassNoParameter

===========================================================================================
----------------- testing Tue Jul 16 04:59:26 UTC 2019 /home/travis/build/icyphy/ptII/ptolemy/actor/lib/test/auto/PublisherClassParameter.xml
----------------- Instantiating /home/travis/build/icyphy/ptII/ptolemy/actor/lib/test/auto/PublisherClassParameter.xml
2 ms. Memory: 444416K Free: 274677K (62%)
----------------- Invoking toplevel() on ptolemy.moml.MoMLSimpleApplication@5bd706b7
----------------- Done invoking toplevel() on ptolemy.moml.MoMLSimpleApplication@5bd706b7
reloadAllAccessors: .PublisherClassParameter

===========================================================================================
----------------- testing Tue Jul 16 04:59:26 UTC 2019 /home/travis/build/icyphy/ptII/ptolemy/actor/lib/test/auto/PublisherNonStrictTest.xml
----------------- Instantiating /home/travis/build/icyphy/ptII/ptolemy/actor/lib/test/auto/PublisherNonStrictTest.xml
3 ms. Memory: 444416K Free: 267013K (60%)
----------------- Invoking toplevel() on ptolemy.moml.MoMLSimpleApplication@742b6e9a
----------------- Done invoking toplevel() on ptolemy.moml.MoMLSimpleApplication@742b6e9a
reloadAllAccessors: .PublisherNonStrictTest

===========================================================================================
----------------- testing Tue Jul 16 04:59:26 UTC 2019 /home/travis/build/icyphy/ptII/ptolemy/actor/lib/test/auto/PublisherPort1.xml
----------------- Instantiating /home/travis/build/icyphy/ptII/ptolemy/actor/lib/test/auto/PublisherPort1.xml
15 ms. Memory: 444416K Free: 261365K (59%)
----------------- Invoking toplevel() on ptolemy.moml.MoMLSimpleApplication@ac189d
----------------- Done invoking toplevel() on ptolemy.moml.MoMLSimpleApplication@ac189d
reloadAllAccessors: .PublisherPort1

===========================================================================================
----------------- testing Tue Jul 16 04:59:26 UTC 2019 /home/travis/build/icyphy/ptII/ptolemy/actor/lib/test/auto/PublisherPort2.xml
----------------- Instantiating /home/travis/build/icyphy/ptII/ptolemy/actor/lib/test/auto/PublisherPort2.xml
2 ms. Memory: 444416K Free: 256259K (58%)
----------------- Invoking toplevel() on ptolemy.moml.MoMLSimpleApplication@5f63e3b7
----------------- Done invoking toplevel() on ptolemy.moml.MoMLSimpleApplication@5f63e3b7
reloadAllAccessors: .PublisherPort2

===========================================================================================
----------------- testing Tue Jul 16 04:59:26 UTC 2019 /home/travis/build/icyphy/ptII/ptolemy/actor/lib/test/auto/PublisherPort3.xml
----------------- Instantiating /home/travis/build/icyphy/ptII/ptolemy/actor/lib/test/auto/PublisherPort3.xml
4 ms. Memory: 444416K Free: 249605K (56%)
----------------- Invoking toplevel() on ptolemy.moml.MoMLSimpleApplication@5f186b1c
----------------- Done invoking toplevel() on ptolemy.moml.MoMLSimpleApplication@5f186b1c
reloadAllAccessors: .PublisherPort3

===========================================================================================
----------------- testing Tue Jul 16 04:59:26 UTC 2019 /home/travis/build/icyphy/ptII/ptolemy/actor/lib/test/auto/PublisherPort4.xml
----------------- Instantiating /home/travis/build/icyphy/ptII/ptolemy/actor/lib/test/auto/PublisherPort4.xml
2 ms. Memory: 444416K Free: 243461K (55%)
----------------- Invoking toplevel() on ptolemy.moml.MoMLSimpleApplication@7e5ecdaf
----------------- Done invoking toplevel() on ptolemy.moml.MoMLSimpleApplication@7e5ecdaf
reloadAllAccessors: .PublisherPort4

===========================================================================================
----------------- testing Tue Jul 16 04:59:26 UTC 2019 /home/travis/build/icyphy/ptII/ptolemy/actor/lib/test/auto/PublisherPort5.xml
----------------- Instantiating /home/travis/build/icyphy/ptII/ptolemy/actor/lib/test/auto/PublisherPort5.xml
3 ms. Memory: 444416K Free: 235779K (53%)
----------------- Invoking toplevel() on ptolemy.moml.MoMLSimpleApplication@4a4fdee4
----------------- Done invoking toplevel() on ptolemy.moml.MoMLSimpleApplication@4a4fdee4
reloadAllAccessors: .PublisherPort5

===========================================================================================
----------------- testing Tue Jul 16 04:59:26 UTC 2019 /home/travis/build/icyphy/ptII/ptolemy/actor/lib/test/auto/PublisherPort5LookAlike.xml
----------------- Instantiating /home/travis/build/icyphy/ptII/ptolemy/actor/lib/test/auto/PublisherPort5LookAlike.xml
8 ms. Memory: 444416K Free: 228101K (51%)
----------------- Invoking toplevel() on ptolemy.moml.MoMLSimpleApplication@44fb1389
----------------- Done invoking toplevel() on ptolemy.moml.MoMLSimpleApplication@44fb1389
reloadAllAccessors: .PublisherPort5LookAlike

===========================================================================================
----------------- testing Tue Jul 16 04:59:26 UTC 2019 /home/travis/build/icyphy/ptII/ptolemy/actor/lib/test/auto/PublisherPort6.xml
----------------- Instantiating /home/travis/build/icyphy/ptII/ptolemy/actor/lib/test/auto/PublisherPort6.xml
2 ms. Memory: 444416K Free: 221443K (50%)
----------------- Invoking toplevel() on ptolemy.moml.MoMLSimpleApplication@71ab0471
----------------- Done invoking toplevel() on ptolemy.moml.MoMLSimpleApplication@71ab0471
reloadAllAccessors: .PublisherPort6

===========================================================================================
----------------- testing Tue Jul 16 04:59:26 UTC 2019 /home/travis/build/icyphy/ptII/ptolemy/actor/lib/test/auto/PublisherPort7.xml
----------------- Instantiating /home/travis/build/icyphy/ptII/ptolemy/actor/lib/test/auto/PublisherPort7.xml
3 ms. Memory: 444416K Free: 213765K (48%)
----------------- Invoking toplevel() on ptolemy.moml.MoMLSimpleApplication@5b4e47d4
----------------- Done invoking toplevel() on ptolemy.moml.MoMLSimpleApplication@5b4e47d4
reloadAllAccessors: .PublisherPort7

===========================================================================================
----------------- testing Tue Jul 16 04:59:26 UTC 2019 /home/travis/build/icyphy/ptII/ptolemy/actor/lib/test/auto/PublisherPort8.xml
----------------- Instantiating /home/travis/build/icyphy/ptII/ptolemy/actor/lib/test/auto/PublisherPort8.xml
4 ms. Memory: 444416K Free: 205059K (46%)
----------------- Invoking toplevel() on ptolemy.moml.MoMLSimpleApplication@164b816
----------------- Done invoking toplevel() on ptolemy.moml.MoMLSimpleApplication@164b816
reloadAllAccessors: .PublisherPort8

===========================================================================================
----------------- testing Tue Jul 16 04:59:26 UTC 2019 /home/travis/build/icyphy/ptII/ptolemy/actor/lib/test/auto/PublisherPortSubscriberChannelVariablesAOC2.xml
----------------- Instantiating /home/travis/build/icyphy/ptII/ptolemy/actor/lib/test/auto/PublisherPortSubscriberChannelVariablesAOC2.xml
4 ms. Memory: 444416K Free: 188165K (42%)
----------------- Invoking toplevel() on ptolemy.moml.MoMLSimpleApplication@2b1da097
----------------- Done invoking toplevel() on ptolemy.moml.MoMLSimpleApplication@2b1da097
reloadAllAccessors: .PublisherPortSubscriberChannelVariablesAOC2

===========================================================================================
----------------- testing Tue Jul 16 04:59:26 UTC 2019 /home/travis/build/icyphy/ptII/ptolemy/actor/lib/test/auto/PublisherPortSubscriberOpaqueWidthInference.xml
----------------- Instantiating /home/travis/build/icyphy/ptII/ptolemy/actor/lib/test/auto/PublisherPortSubscriberOpaqueWidthInference.xml
4 ms. Memory: 444416K Free: 180477K (41%)
----------------- Invoking toplevel() on ptolemy.moml.MoMLSimpleApplication@119e98f5
----------------- Done invoking toplevel() on ptolemy.moml.MoMLSimpleApplication@119e98f5
reloadAllAccessors: .PublisherPortSubscriberOpaqueWidthInference

===========================================================================================
----------------- testing Tue Jul 16 04:59:27 UTC 2019 /home/travis/build/icyphy/ptII/ptolemy/actor/lib/test/auto/PublisherPortSubscriberPortAdjacent.xml
----------------- Instantiating /home/travis/build/icyphy/ptII/ptolemy/actor/lib/test/auto/PublisherPortSubscriberPortAdjacent.xml
1 ms. Memory: 444416K Free: 172291K (39%)
----------------- Invoking toplevel() on ptolemy.moml.MoMLSimpleApplication@7260c901
----------------- Done invoking toplevel() on ptolemy.moml.MoMLSimpleApplication@7260c901
reloadAllAccessors: .PublisherPortSubscriberPortAdjacent

===========================================================================================
----------------- testing Tue Jul 16 04:59:27 UTC 2019 /home/travis/build/icyphy/ptII/ptolemy/actor/lib/test/auto/PublisherPortSubscriberPortExpression.xml
----------------- Instantiating /home/travis/build/icyphy/ptII/ptolemy/actor/lib/test/auto/PublisherPortSubscriberPortExpression.xml
16 ms. Memory: 444416K Free: 164085K (37%)
----------------- Invoking toplevel() on ptolemy.moml.MoMLSimpleApplication@78066fc1
----------------- Done invoking toplevel() on ptolemy.moml.MoMLSimpleApplication@78066fc1
reloadAllAccessors: .PublisherPortSubscriberPortExpression

===========================================================================================
----------------- testing Tue Jul 16 04:59:27 UTC 2019 /home/travis/build/icyphy/ptII/ptolemy/actor/lib/test/auto/PublisherPortSubscriberPortOpaqueD3Reverse.xml
----------------- Instantiating /home/travis/build/icyphy/ptII/ptolemy/actor/lib/test/auto/PublisherPortSubscriberPortOpaqueD3Reverse.xml
6 ms. Memory: 444416K Free: 153859K (35%)
----------------- Invoking toplevel() on ptolemy.moml.MoMLSimpleApplication@359c0cca
----------------- Done invoking toplevel() on ptolemy.moml.MoMLSimpleApplication@359c0cca
reloadAllAccessors: .PublisherPortSubscriberPortOpaqueD3Reverse

===========================================================================================
----------------- testing Tue Jul 16 04:59:27 UTC 2019 /home/travis/build/icyphy/ptII/ptolemy/actor/lib/test/auto/PublisherPortSubscriberPortOpaqueWidthInference.xml
----------------- Instantiating /home/travis/build/icyphy/ptII/ptolemy/actor/lib/test/auto/PublisherPortSubscriberPortOpaqueWidthInference.xml
3 ms. Memory: 444416K Free: 146181K (33%)
----------------- Invoking toplevel() on ptolemy.moml.MoMLSimpleApplication@5a71cf6d
----------------- Done invoking toplevel() on ptolemy.moml.MoMLSimpleApplication@5a71cf6d
reloadAllAccessors: .PublisherPortSubscriberPortOpaqueWidthInference

===========================================================================================
----------------- testing Tue Jul 16 04:59:27 UTC 2019 /home/travis/build/icyphy/ptII/ptolemy/actor/lib/test/auto/PublisherPortToplevelSubscriberPortAOC.xml
----------------- Instantiating /home/travis/build/icyphy/ptII/ptolemy/actor/lib/test/auto/PublisherPortToplevelSubscriberPortAOC.xml
.PublisherPortToplevelSubscriberPortAOC.TestExceptionAttribute: initialize() was not invoked, but wrapup() was.  This is unusual, but not always a problem.  For example, exporting JNLP will do this.
1 ms. Memory: 444416K Free: 140547K (32%)
----------------- Invoking toplevel() on ptolemy.moml.MoMLSimpleApplication@57a72c47
----------------- Done invoking toplevel() on ptolemy.moml.MoMLSimpleApplication@57a72c47
reloadAllAccessors: .PublisherPortToplevelSubscriberPortAOC

===========================================================================================
----------------- testing Tue Jul 16 04:59:27 UTC 2019 /home/travis/build/icyphy/ptII/ptolemy/actor/lib/test/auto/PublisherSubscriber.xml
----------------- Instantiating /home/travis/build/icyphy/ptII/ptolemy/actor/lib/test/auto/PublisherSubscriber.xml
11 ms. Memory: 444416K Free: 395154K (89%)
----------------- Invoking toplevel() on ptolemy.moml.MoMLSimpleApplication@279b9165
----------------- Done invoking toplevel() on ptolemy.moml.MoMLSimpleApplication@279b9165
reloadAllAccessors: .PublisherSubscriber

===========================================================================================
----------------- testing Tue Jul 16 04:59:27 UTC 2019 /home/travis/build/icyphy/ptII/ptolemy/actor/lib/test/auto/PublisherSubscriber10.xml
----------------- Instantiating /home/travis/build/icyphy/ptII/ptolemy/actor/lib/test/auto/PublisherSubscriber10.xml
8 ms. Memory: 444416K Free: 385279K (87%)
----------------- Invoking toplevel() on ptolemy.moml.MoMLSimpleApplication@c938e98
----------------- Done invoking toplevel() on ptolemy.moml.MoMLSimpleApplication@c938e98
reloadAllAccessors: .PublisherSubscriber10

===========================================================================================
----------------- testing Tue Jul 16 04:59:27 UTC 2019 /home/travis/build/icyphy/ptII/ptolemy/actor/lib/test/auto/PublisherSubscriber10InitialOutputs.xml
----------------- Instantiating /home/travis/build/icyphy/ptII/ptolemy/actor/lib/test/auto/PublisherSubscriber10InitialOutputs.xml
13 ms. Memory: 444416K Free: 376063K (85%)
----------------- Invoking toplevel() on ptolemy.moml.MoMLSimpleApplication@4c1b5f85
----------------- Done invoking toplevel() on ptolemy.moml.MoMLSimpleApplication@4c1b5f85
reloadAllAccessors: .PublisherSubscriber10InitialOutputs

===========================================================================================
----------------- testing Tue Jul 16 04:59:27 UTC 2019 /home/travis/build/icyphy/ptII/ptolemy/actor/lib/test/auto/PublisherSubscriber11.xml
----------------- Instantiating /home/travis/build/icyphy/ptII/ptolemy/actor/lib/test/auto/PublisherSubscriber11.xml
3 ms. Memory: 444416K Free: 369888K (83%)
----------------- Invoking toplevel() on ptolemy.moml.MoMLSimpleApplication@483b6103
----------------- Done invoking toplevel() on ptolemy.moml.MoMLSimpleApplication@483b6103
reloadAllAccessors: .PublisherSubscriber11

===========================================================================================
----------------- testing Tue Jul 16 04:59:27 UTC 2019 /home/travis/build/icyphy/ptII/ptolemy/actor/lib/test/auto/PublisherSubscriber12.xml
----------------- Instantiating /home/travis/build/icyphy/ptII/ptolemy/actor/lib/test/auto/PublisherSubscriber12.xml
6 ms. Memory: 444416K Free: 362751K (82%)
----------------- Invoking toplevel() on ptolemy.moml.MoMLSimpleApplication@2743fc8f
----------------- Done invoking toplevel() on ptolemy.moml.MoMLSimpleApplication@2743fc8f
reloadAllAccessors: .PublisherSubscriber12

===========================================================================================
----------------- testing Tue Jul 16 04:59:27 UTC 2019 /home/travis/build/icyphy/ptII/ptolemy/actor/lib/test/auto/PublisherSubscriber13.xml
----------------- Instantiating /home/travis/build/icyphy/ptII/ptolemy/actor/lib/test/auto/PublisherSubscriber13.xml
2 ms. Memory: 444416K Free: 357121K (80%)
----------------- Invoking toplevel() on ptolemy.moml.MoMLSimpleApplication@6992f4d3
----------------- Done invoking toplevel() on ptolemy.moml.MoMLSimpleApplication@6992f4d3
reloadAllAccessors: .PublisherSubscriber13

===========================================================================================
----------------- testing Tue Jul 16 04:59:27 UTC 2019 /home/travis/build/icyphy/ptII/ptolemy/actor/lib/test/auto/PublisherSubscriber14.xml
----------------- Instantiating /home/travis/build/icyphy/ptII/ptolemy/actor/lib/test/auto/PublisherSubscriber14.xml
2 ms. Memory: 444416K Free: 348929K (79%)
----------------- Invoking toplevel() on ptolemy.moml.MoMLSimpleApplication@60b6a1a9
----------------- Done invoking toplevel() on ptolemy.moml.MoMLSimpleApplication@60b6a1a9
reloadAllAccessors: .PublisherSubscriber14

===========================================================================================
----------------- testing Tue Jul 16 04:59:27 UTC 2019 /home/travis/build/icyphy/ptII/ptolemy/actor/lib/test/auto/PublisherSubscriber2.xml
----------------- Instantiating /home/travis/build/icyphy/ptII/ptolemy/actor/lib/test/auto/PublisherSubscriber2.xml
4 ms. Memory: 444416K Free: 342785K (77%)
----------------- Invoking toplevel() on ptolemy.moml.MoMLSimpleApplication@bc25d0d
----------------- Done invoking toplevel() on ptolemy.moml.MoMLSimpleApplication@bc25d0d
reloadAllAccessors: .PublisherSubscriber2

===========================================================================================
----------------- testing Tue Jul 16 04:59:27 UTC 2019 /home/travis/build/icyphy/ptII/ptolemy/actor/lib/test/auto/PublisherSubscriber3.xml
----------------- Instantiating /home/travis/build/icyphy/ptII/ptolemy/actor/lib/test/auto/PublisherSubscriber3.xml
2 ms. Memory: 444416K Free: 337136K (76%)
----------------- Invoking toplevel() on ptolemy.moml.MoMLSimpleApplication@4f42559a
----------------- Done invoking toplevel() on ptolemy.moml.MoMLSimpleApplication@4f42559a
reloadAllAccessors: .PublisherSubscriber3

===========================================================================================
----------------- testing Tue Jul 16 04:59:27 UTC 2019 /home/travis/build/icyphy/ptII/ptolemy/actor/lib/test/auto/PublisherSubscriber4.xml
----------------- Instantiating /home/travis/build/icyphy/ptII/ptolemy/actor/lib/test/auto/PublisherSubscriber4.xml
2 ms. Memory: 444416K Free: 332031K (75%)
----------------- Invoking toplevel() on ptolemy.moml.MoMLSimpleApplication@138936f7
----------------- Done invoking toplevel() on ptolemy.moml.MoMLSimpleApplication@138936f7
reloadAllAccessors: .PublisherSubscriber4

===========================================================================================
----------------- testing Tue Jul 16 04:59:27 UTC 2019 /home/travis/build/icyphy/ptII/ptolemy/actor/lib/test/auto/PublisherSubscriber5.xml
----------------- Instantiating /home/travis/build/icyphy/ptII/ptolemy/actor/lib/test/auto/PublisherSubscriber5.xml
2 ms. Memory: 444416K Free: 325377K (73%)
----------------- Invoking toplevel() on ptolemy.moml.MoMLSimpleApplication@4e9f5acc
----------------- Done invoking toplevel() on ptolemy.moml.MoMLSimpleApplication@4e9f5acc
reloadAllAccessors: .PublisherSubscriber5

===========================================================================================
----------------- testing Tue Jul 16 04:59:27 UTC 2019 /home/travis/build/icyphy/ptII/ptolemy/actor/lib/test/auto/PublisherSubscriber6.xml
----------------- Instantiating /home/travis/build/icyphy/ptII/ptolemy/actor/lib/test/auto/PublisherSubscriber6.xml
4 ms. Memory: 444416K Free: 318704K (72%)
----------------- Invoking toplevel() on ptolemy.moml.MoMLSimpleApplication@4218c1d3
----------------- Done invoking toplevel() on ptolemy.moml.MoMLSimpleApplication@4218c1d3
reloadAllAccessors: .PublisherSubscriber6

===========================================================================================
----------------- testing Tue Jul 16 04:59:27 UTC 2019 /home/travis/build/icyphy/ptII/ptolemy/actor/lib/test/auto/PublisherSubscriber7.xml
----------------- Instantiating /home/travis/build/icyphy/ptII/ptolemy/actor/lib/test/auto/PublisherSubscriber7.xml
12 ms. Memory: 444416K Free: 311551K (70%)
----------------- Invoking toplevel() on ptolemy.moml.MoMLSimpleApplication@1bf9ff0
----------------- Done invoking toplevel() on ptolemy.moml.MoMLSimpleApplication@1bf9ff0
reloadAllAccessors: .PublisherSubscriber7

===========================================================================================
----------------- testing Tue Jul 16 04:59:27 UTC 2019 /home/travis/build/icyphy/ptII/ptolemy/actor/lib/test/auto/PublisherSubscriber8.xml
----------------- Instantiating /home/travis/build/icyphy/ptII/ptolemy/actor/lib/test/auto/PublisherSubscriber8.xml
19 ms. Memory: 444416K Free: 299777K (67%)
----------------- Invoking toplevel() on ptolemy.moml.MoMLSimpleApplication@2dde712
----------------- Done invoking toplevel() on ptolemy.moml.MoMLSimpleApplication@2dde712
reloadAllAccessors: .PublisherSubscriber8

===========================================================================================
----------------- testing Tue Jul 16 04:59:27 UTC 2019 /home/travis/build/icyphy/ptII/ptolemy/actor/lib/test/auto/PublisherSubscriber9.xml
----------------- Instantiating /home/travis/build/icyphy/ptII/ptolemy/actor/lib/test/auto/PublisherSubscriber9.xml
2 ms. Memory: 444416K Free: 292609K (66%)
----------------- Invoking toplevel() on ptolemy.moml.MoMLSimpleApplication@1c8ec51e
----------------- Done invoking toplevel() on ptolemy.moml.MoMLSimpleApplication@1c8ec51e
reloadAllAccessors: .PublisherSubscriber9

===========================================================================================
----------------- testing Tue Jul 16 04:59:27 UTC 2019 /home/travis/build/icyphy/ptII/ptolemy/actor/lib/test/auto/PublisherSubscriberAdjacent.xml
----------------- Instantiating /home/travis/build/icyphy/ptII/ptolemy/actor/lib/test/auto/PublisherSubscriberAdjacent.xml
2 ms. Memory: 444416K Free: 284417K (64%)
----------------- Invoking toplevel() on ptolemy.moml.MoMLSimpleApplication@740b17b0
----------------- Done invoking toplevel() on ptolemy.moml.MoMLSimpleApplication@740b17b0
reloadAllAccessors: .PublisherSubscriberAdjacent

===========================================================================================
----------------- testing Tue Jul 16 04:59:27 UTC 2019 /home/travis/build/icyphy/ptII/ptolemy/actor/lib/test/auto/PublisherSubscriberChannelVariablesAOC2.xml
----------------- Instantiating /home/travis/build/icyphy/ptII/ptolemy/actor/lib/test/auto/PublisherSubscriberChannelVariablesAOC2.xml
3 ms. Memory: 444416K Free: 269552K (61%)
----------------- Invoking toplevel() on ptolemy.moml.MoMLSimpleApplication@2c171ce5
----------------- Done invoking toplevel() on ptolemy.moml.MoMLSimpleApplication@2c171ce5
reloadAllAccessors: .PublisherSubscriberChannelVariablesAOC2

===========================================================================================
----------------- testing Tue Jul 16 04:59:27 UTC 2019 /home/travis/build/icyphy/ptII/ptolemy/actor/lib/test/auto/PublisherSubscriberD3.xml
----------------- Instantiating /home/travis/build/icyphy/ptII/ptolemy/actor/lib/test/auto/PublisherSubscriberD3.xml
2 ms. Memory: 444416K Free: 261889K (59%)
----------------- Invoking toplevel() on ptolemy.moml.MoMLSimpleApplication@4eae0d46
----------------- Done invoking toplevel() on ptolemy.moml.MoMLSimpleApplication@4eae0d46
reloadAllAccessors: .PublisherSubscriberD3

===========================================================================================
----------------- testing Tue Jul 16 04:59:27 UTC 2019 /home/travis/build/icyphy/ptII/ptolemy/actor/lib/test/auto/PublisherSubscriberD3Reverse.xml
----------------- Instantiating /home/travis/build/icyphy/ptII/ptolemy/actor/lib/test/auto/PublisherSubscriberD3Reverse.xml
4 ms. Memory: 444416K Free: 255745K (58%)
----------------- Invoking toplevel() on ptolemy.moml.MoMLSimpleApplication@237736d4
----------------- Done invoking toplevel() on ptolemy.moml.MoMLSimpleApplication@237736d4
reloadAllAccessors: .PublisherSubscriberD3Reverse

===========================================================================================
----------------- testing Tue Jul 16 04:59:27 UTC 2019 /home/travis/build/icyphy/ptII/ptolemy/actor/lib/test/auto/PublisherSubscriberExpression.xml
----------------- Instantiating /home/travis/build/icyphy/ptII/ptolemy/actor/lib/test/auto/PublisherSubscriberExpression.xml
4 ms. Memory: 444416K Free: 247553K (56%)
----------------- Invoking toplevel() on ptolemy.moml.MoMLSimpleApplication@73d3ea67
----------------- Done invoking toplevel() on ptolemy.moml.MoMLSimpleApplication@73d3ea67
reloadAllAccessors: .PublisherSubscriberExpression

===========================================================================================
----------------- testing Tue Jul 16 04:59:27 UTC 2019 /home/travis/build/icyphy/ptII/ptolemy/actor/lib/test/auto/PublisherSubscriberOpaque.xml
----------------- Instantiating /home/travis/build/icyphy/ptII/ptolemy/actor/lib/test/auto/PublisherSubscriberOpaque.xml
11 ms. Memory: 444416K Free: 239361K (54%)
----------------- Invoking toplevel() on ptolemy.moml.MoMLSimpleApplication@1b7dcd3d
----------------- Done invoking toplevel() on ptolemy.moml.MoMLSimpleApplication@1b7dcd3d
reloadAllAccessors: .PublisherSubscriberOpaque

===========================================================================================
----------------- testing Tue Jul 16 04:59:27 UTC 2019 /home/travis/build/icyphy/ptII/ptolemy/actor/lib/test/auto/PublisherSubscriberOpaqueD3.xml
----------------- Instantiating /home/travis/build/icyphy/ptII/ptolemy/actor/lib/test/auto/PublisherSubscriberOpaqueD3.xml
7 ms. Memory: 444416K Free: 228097K (51%)
----------------- Invoking toplevel() on ptolemy.moml.MoMLSimpleApplication@62e5e7d
----------------- Done invoking toplevel() on ptolemy.moml.MoMLSimpleApplication@62e5e7d
reloadAllAccessors: .PublisherSubscriberOpaqueD3

===========================================================================================
----------------- testing Tue Jul 16 04:59:27 UTC 2019 /home/travis/build/icyphy/ptII/ptolemy/actor/lib/test/auto/PublisherSubscriberOpaqueD3Reverse.xml
----------------- Instantiating /home/travis/build/icyphy/ptII/ptolemy/actor/lib/test/auto/PublisherSubscriberOpaqueD3Reverse.xml
8 ms. Memory: 444416K Free: 217343K (49%)
----------------- Invoking toplevel() on ptolemy.moml.MoMLSimpleApplication@2e845bfe
----------------- Done invoking toplevel() on ptolemy.moml.MoMLSimpleApplication@2e845bfe
reloadAllAccessors: .PublisherSubscriberOpaqueD3Reverse

===========================================================================================
----------------- testing Tue Jul 16 04:59:27 UTC 2019 /home/travis/build/icyphy/ptII/ptolemy/actor/lib/test/auto/PublisherSubscriberOpaqueWidthInference.xml
----------------- Instantiating /home/travis/build/icyphy/ptII/ptolemy/actor/lib/test/auto/PublisherSubscriberOpaqueWidthInference.xml
5 ms. Memory: 444416K Free: 208641K (47%)
----------------- Invoking toplevel() on ptolemy.moml.MoMLSimpleApplication@4356a5c8
----------------- Done invoking toplevel() on ptolemy.moml.MoMLSimpleApplication@4356a5c8
reloadAllAccessors: .PublisherSubscriberOpaqueWidthInference

===========================================================================================
----------------- testing Tue Jul 16 04:59:27 UTC 2019 /home/travis/build/icyphy/ptII/ptolemy/actor/lib/test/auto/PublisherTestSubscriber.xml
----------------- Instantiating /home/travis/build/icyphy/ptII/ptolemy/actor/lib/test/auto/PublisherTestSubscriber.xml
3 ms. Memory: 444416K Free: 200952K (45%)
----------------- Invoking toplevel() on ptolemy.moml.MoMLSimpleApplication@222c5511
----------------- Done invoking toplevel() on ptolemy.moml.MoMLSimpleApplication@222c5511
reloadAllAccessors: .PublisherTestSubscriber

===========================================================================================
----------------- testing Tue Jul 16 04:59:27 UTC 2019 /home/travis/build/icyphy/ptII/ptolemy/actor/lib/test/auto/PublisherToplevelSubscriberPortAOC.xml
----------------- Instantiating /home/travis/build/icyphy/ptII/ptolemy/actor/lib/test/auto/PublisherToplevelSubscriberPortAOC.xml
2 ms. Memory: 444416K Free: 194305K (44%)
----------------- Invoking toplevel() on ptolemy.moml.MoMLSimpleApplication@484fd0ef
----------------- Done invoking toplevel() on ptolemy.moml.MoMLSimpleApplication@484fd0ef
reloadAllAccessors: .PublisherToplevelSubscriberPortAOC

===========================================================================================
----------------- testing Tue Jul 16 04:59:27 UTC 2019 /home/travis/build/icyphy/ptII/ptolemy/actor/lib/test/auto/PulseFiringLimitDE.xml
----------------- Instantiating /home/travis/build/icyphy/ptII/ptolemy/actor/lib/test/auto/PulseFiringLimitDE.xml
2 ms. Memory: 444416K Free: 187647K (42%)
----------------- Invoking toplevel() on ptolemy.moml.MoMLSimpleApplication@650c5721
----------------- Done invoking toplevel() on ptolemy.moml.MoMLSimpleApplication@650c5721
reloadAllAccessors: .PulseFiringLimitDE

===========================================================================================
----------------- testing Tue Jul 16 04:59:27 UTC 2019 /home/travis/build/icyphy/ptII/ptolemy/actor/lib/test/auto/Ramp1.xml
----------------- Instantiating /home/travis/build/icyphy/ptII/ptolemy/actor/lib/test/auto/Ramp1.xml
2 ms. Memory: 444416K Free: 183041K (41%)
----------------- Invoking toplevel() on ptolemy.moml.MoMLSimpleApplication@7f12356d
----------------- Done invoking toplevel() on ptolemy.moml.MoMLSimpleApplication@7f12356d
reloadAllAccessors: .Ramp1

===========================================================================================
----------------- testing Tue Jul 16 04:59:27 UTC 2019 /home/travis/build/icyphy/ptII/ptolemy/actor/lib/test/auto/RampFiringLimitDE.xml
----------------- Instantiating /home/travis/build/icyphy/ptII/ptolemy/actor/lib/test/auto/RampFiringLimitDE.xml
2 ms. Memory: 444416K Free: 176897K (40%)
----------------- Invoking toplevel() on ptolemy.moml.MoMLSimpleApplication@38b1fde5
----------------- Done invoking toplevel() on ptolemy.moml.MoMLSimpleApplication@38b1fde5
reloadAllAccessors: .RampFiringLimitDE

===========================================================================================
----------------- testing Tue Jul 16 04:59:27 UTC 2019 /home/travis/build/icyphy/ptII/ptolemy/actor/lib/test/auto/RampFiringLimitSDF.xml
----------------- Instantiating /home/travis/build/icyphy/ptII/ptolemy/actor/lib/test/auto/RampFiringLimitSDF.xml
3 ms. Memory: 444416K Free: 171777K (39%)
----------------- Invoking toplevel() on ptolemy.moml.MoMLSimpleApplication@71df2526
----------------- Done invoking toplevel() on ptolemy.moml.MoMLSimpleApplication@71df2526
reloadAllAccessors: .RampFiringLimitSDF

===========================================================================================
----------------- testing Tue Jul 16 04:59:27 UTC 2019 /home/travis/build/icyphy/ptII/ptolemy/actor/lib/test/auto/RandomInteger.xml
----------------- Instantiating /home/travis/build/icyphy/ptII/ptolemy/actor/lib/test/auto/RandomInteger.xml
2 ms. Memory: 444416K Free: 167681K (38%)
----------------- Invoking toplevel() on ptolemy.moml.MoMLSimpleApplication@1881608f
----------------- Done invoking toplevel() on ptolemy.moml.MoMLSimpleApplication@1881608f
reloadAllAccessors: .RandomInteger

===========================================================================================
----------------- testing Tue Jul 16 04:59:27 UTC 2019 /home/travis/build/icyphy/ptII/ptolemy/actor/lib/test/auto/ReadFile1.xml
----------------- Instantiating /home/travis/build/icyphy/ptII/ptolemy/actor/lib/test/auto/ReadFile1.xml
2 ms. Memory: 444416K Free: 163056K (37%)
----------------- Invoking toplevel() on ptolemy.moml.MoMLSimpleApplication@7a433d70
----------------- Done invoking toplevel() on ptolemy.moml.MoMLSimpleApplication@7a433d70
reloadAllAccessors: .ReadFile1

===========================================================================================
----------------- testing Tue Jul 16 04:59:27 UTC 2019 /home/travis/build/icyphy/ptII/ptolemy/actor/lib/test/auto/ReadFile2.xml
----------------- Instantiating /home/travis/build/icyphy/ptII/ptolemy/actor/lib/test/auto/ReadFile2.xml
1 ms. Memory: 444416K Free: 158465K (36%)
----------------- Invoking toplevel() on ptolemy.moml.MoMLSimpleApplication@188f2d55
----------------- Done invoking toplevel() on ptolemy.moml.MoMLSimpleApplication@188f2d55
reloadAllAccessors: .ReadFile2

===========================================================================================
----------------- testing Tue Jul 16 04:59:27 UTC 2019 /home/travis/build/icyphy/ptII/ptolemy/actor/lib/test/auto/Reader.xml
----------------- Instantiating /home/travis/build/icyphy/ptII/ptolemy/actor/lib/test/auto/Reader.xml
actor.lib.Reader is obsolete, use actor.lib.io.ExpressionReader instead
2 ms. Memory: 444416K Free: 154369K (35%)
----------------- Invoking toplevel() on ptolemy.moml.MoMLSimpleApplication@4ccb196c
----------------- Done invoking toplevel() on ptolemy.moml.MoMLSimpleApplication@4ccb196c
reloadAllAccessors: .Reader

===========================================================================================
----------------- testing Tue Jul 16 04:59:27 UTC 2019 /home/travis/build/icyphy/ptII/ptolemy/actor/lib/test/auto/RecordAssemblerDisplayNameTest.xml
----------------- Instantiating /home/travis/build/icyphy/ptII/ptolemy/actor/lib/test/auto/RecordAssemblerDisplayNameTest.xml
3697 ms. Memory: 444416K Free: 249002K (56%)
----------------- Invoking toplevel() on ptolemy.moml.MoMLSimpleApplication@325a750b
----------------- Done invoking toplevel() on ptolemy.moml.MoMLSimpleApplication@325a750b
reloadAllAccessors: .RecordAssemblerDisplayNameTest

===========================================================================================
----------------- testing Tue Jul 16 04:59:31 UTC 2019 /home/travis/build/icyphy/ptII/ptolemy/actor/lib/test/auto/RecordAssemblerTypeError.xml
----------------- Instantiating /home/travis/build/icyphy/ptII/ptolemy/actor/lib/test/auto/RecordAssemblerTypeError.xml
6 ms. Memory: 444416K Free: 239276K (54%)
----------------- Invoking toplevel() on ptolemy.moml.MoMLSimpleApplication@598a7e6c
----------------- Done invoking toplevel() on ptolemy.moml.MoMLSimpleApplication@598a7e6c
reloadAllAccessors: .RecordAssemblerTypeError

===========================================================================================
----------------- testing Tue Jul 16 04:59:31 UTC 2019 /home/travis/build/icyphy/ptII/ptolemy/actor/lib/test/auto/RecordDisassember.xml
----------------- Instantiating /home/travis/build/icyphy/ptII/ptolemy/actor/lib/test/auto/RecordDisassember.xml
5 ms. Memory: 444416K Free: 234156K (53%)
----------------- Invoking toplevel() on ptolemy.moml.MoMLSimpleApplication@1aa8860f
----------------- Done invoking toplevel() on ptolemy.moml.MoMLSimpleApplication@1aa8860f
reloadAllAccessors: .RecordDisassember

===========================================================================================
----------------- testing Tue Jul 16 04:59:31 UTC 2019 /home/travis/build/icyphy/ptII/ptolemy/actor/lib/test/auto/RecordDisassemberDisplayNameTest.xml
----------------- Instantiating /home/travis/build/icyphy/ptII/ptolemy/actor/lib/test/auto/RecordDisassemberDisplayNameTest.xml
6 ms. Memory: 444416K Free: 226474K (51%)
----------------- Invoking toplevel() on ptolemy.moml.MoMLSimpleApplication@5076f244
----------------- Done invoking toplevel() on ptolemy.moml.MoMLSimpleApplication@5076f244
reloadAllAccessors: .RecordDisassemberDisplayNameTest

===========================================================================================
----------------- testing Tue Jul 16 04:59:31 UTC 2019 /home/travis/build/icyphy/ptII/ptolemy/actor/lib/test/auto/RecordDisassembler.xml
----------------- Instantiating /home/travis/build/icyphy/ptII/ptolemy/actor/lib/test/auto/RecordDisassembler.xml
3 ms. Memory: 444416K Free: 221340K (50%)
----------------- Invoking toplevel() on ptolemy.moml.MoMLSimpleApplication@7d51a081
----------------- Done invoking toplevel() on ptolemy.moml.MoMLSimpleApplication@7d51a081
reloadAllAccessors: .RecordDisassembler

===========================================================================================
----------------- testing Tue Jul 16 04:59:31 UTC 2019 /home/travis/build/icyphy/ptII/ptolemy/actor/lib/test/auto/RecordDisassembler2.xml
----------------- Instantiating /home/travis/build/icyphy/ptII/ptolemy/actor/lib/test/auto/RecordDisassembler2.xml
3 ms. Memory: 444416K Free: 216228K (49%)
----------------- Invoking toplevel() on ptolemy.moml.MoMLSimpleApplication@458e9962
----------------- Done invoking toplevel() on ptolemy.moml.MoMLSimpleApplication@458e9962
reloadAllAccessors: .RecordDisassembler2

===========================================================================================
----------------- testing Tue Jul 16 04:59:31 UTC 2019 /home/travis/build/icyphy/ptII/ptolemy/actor/lib/test/auto/RecordUpdater.xml
----------------- Instantiating /home/travis/build/icyphy/ptII/ptolemy/actor/lib/test/auto/RecordUpdater.xml
2 ms. Memory: 444416K Free: 211114K (48%)
----------------- Invoking toplevel() on ptolemy.moml.MoMLSimpleApplication@52b2686a
----------------- Done invoking toplevel() on ptolemy.moml.MoMLSimpleApplication@52b2686a
reloadAllAccessors: .RecordUpdater

===========================================================================================
----------------- testing Tue Jul 16 04:59:31 UTC 2019 /home/travis/build/icyphy/ptII/ptolemy/actor/lib/test/auto/RecordUpdater2.xml
----------------- Instantiating /home/travis/build/icyphy/ptII/ptolemy/actor/lib/test/auto/RecordUpdater2.xml
2 ms. Memory: 444416K Free: 205994K (46%)
----------------- Invoking toplevel() on ptolemy.moml.MoMLSimpleApplication@455c3de2
----------------- Done invoking toplevel() on ptolemy.moml.MoMLSimpleApplication@455c3de2
reloadAllAccessors: .RecordUpdater2

===========================================================================================
----------------- testing Tue Jul 16 04:59:31 UTC 2019 /home/travis/build/icyphy/ptII/ptolemy/actor/lib/test/auto/RecursiveLattice.xml
----------------- Instantiating /home/travis/build/icyphy/ptII/ptolemy/actor/lib/test/auto/RecursiveLattice.xml
3 ms. Memory: 444416K Free: 201388K (45%)
----------------- Invoking toplevel() on ptolemy.moml.MoMLSimpleApplication@1f230e9b
----------------- Done invoking toplevel() on ptolemy.moml.MoMLSimpleApplication@1f230e9b
reloadAllAccessors: .RecursiveLattice

===========================================================================================
----------------- testing Tue Jul 16 04:59:31 UTC 2019 /home/travis/build/icyphy/ptII/ptolemy/actor/lib/test/auto/Router.xml
----------------- Instantiating /home/travis/build/icyphy/ptII/ptolemy/actor/lib/test/auto/Router.xml
3003 ms. Memory: 444416K Free: 190124K (43%)
----------------- Invoking toplevel() on ptolemy.moml.MoMLSimpleApplication@1019122c
----------------- Done invoking toplevel() on ptolemy.moml.MoMLSimpleApplication@1019122c
reloadAllAccessors: .Router

===========================================================================================
----------------- testing Tue Jul 16 04:59:34 UTC 2019 /home/travis/build/icyphy/ptII/ptolemy/actor/lib/test/auto/Router2.xml
----------------- Instantiating /home/travis/build/icyphy/ptII/ptolemy/actor/lib/test/auto/Router2.xml
3004 ms. Memory: 444416K Free: 178346K (40%)
----------------- Invoking toplevel() on ptolemy.moml.MoMLSimpleApplication@4e993df6
----------------- Done invoking toplevel() on ptolemy.moml.MoMLSimpleApplication@4e993df6
reloadAllAccessors: .Router2

===========================================================================================
----------------- testing Tue Jul 16 04:59:37 UTC 2019 /home/travis/build/icyphy/ptII/ptolemy/actor/lib/test/auto/RunningMaximum.xml
----------------- Instantiating /home/travis/build/icyphy/ptII/ptolemy/actor/lib/test/auto/RunningMaximum.xml
2 ms. Memory: 444416K Free: 173740K (39%)
----------------- Invoking toplevel() on ptolemy.moml.MoMLSimpleApplication@39ceeea0
----------------- Done invoking toplevel() on ptolemy.moml.MoMLSimpleApplication@39ceeea0
reloadAllAccessors: .RunningMaximum

===========================================================================================
----------------- testing Tue Jul 16 04:59:37 UTC 2019 /home/travis/build/icyphy/ptII/ptolemy/actor/lib/test/auto/RunningMinimum.xml
----------------- Instantiating /home/travis/build/icyphy/ptII/ptolemy/actor/lib/test/auto/RunningMinimum.xml
1 ms. Memory: 444416K Free: 169130K (38%)
----------------- Invoking toplevel() on ptolemy.moml.MoMLSimpleApplication@6d20d987
----------------- Done invoking toplevel() on ptolemy.moml.MoMLSimpleApplication@6d20d987
reloadAllAccessors: .RunningMinimum

===========================================================================================
----------------- testing Tue Jul 16 04:59:37 UTC 2019 /home/travis/build/icyphy/ptII/ptolemy/actor/lib/test/auto/Scale.xml
----------------- Instantiating /home/travis/build/icyphy/ptII/ptolemy/actor/lib/test/auto/Scale.xml
5 ms. Memory: 444416K Free: 164524K (37%)
----------------- Invoking toplevel() on ptolemy.moml.MoMLSimpleApplication@3a8438a6
----------------- Done invoking toplevel() on ptolemy.moml.MoMLSimpleApplication@3a8438a6
reloadAllAccessors: .Scale

===========================================================================================
----------------- testing Tue Jul 16 04:59:38 UTC 2019 /home/travis/build/icyphy/ptII/ptolemy/actor/lib/test/auto/Scale2.xml
----------------- Instantiating /home/travis/build/icyphy/ptII/ptolemy/actor/lib/test/auto/Scale2.xml
2 ms. Memory: 444416K Free: 159404K (36%)
----------------- Invoking toplevel() on ptolemy.moml.MoMLSimpleApplication@4b8c1a01
----------------- Done invoking toplevel() on ptolemy.moml.MoMLSimpleApplication@4b8c1a01
reloadAllAccessors: .Scale2

===========================================================================================
----------------- testing Tue Jul 16 04:59:38 UTC 2019 /home/travis/build/icyphy/ptII/ptolemy/actor/lib/test/auto/Scale3.xml
----------------- Instantiating /home/travis/build/icyphy/ptII/ptolemy/actor/lib/test/auto/Scale3.xml
2 ms. Memory: 444416K Free: 153260K (34%)
----------------- Invoking toplevel() on ptolemy.moml.MoMLSimpleApplication@65148f9b
----------------- Done invoking toplevel() on ptolemy.moml.MoMLSimpleApplication@65148f9b
reloadAllAccessors: .Scale3

===========================================================================================
----------------- testing Tue Jul 16 04:59:38 UTC 2019 /home/travis/build/icyphy/ptII/ptolemy/actor/lib/test/auto/ScaleArray.xml
----------------- Instantiating /home/travis/build/icyphy/ptII/ptolemy/actor/lib/test/auto/ScaleArray.xml
2 ms. Memory: 444416K Free: 148650K (33%)
----------------- Invoking toplevel() on ptolemy.moml.MoMLSimpleApplication@1ed10d68
----------------- Done invoking toplevel() on ptolemy.moml.MoMLSimpleApplication@1ed10d68
reloadAllAccessors: .ScaleArray

===========================================================================================
----------------- testing Tue Jul 16 04:59:38 UTC 2019 /home/travis/build/icyphy/ptII/ptolemy/actor/lib/test/auto/ScaleArray2.xml
----------------- Instantiating /home/travis/build/icyphy/ptII/ptolemy/actor/lib/test/auto/ScaleArray2.xml
1 ms. Memory: 444416K Free: 143530K (32%)
----------------- Invoking toplevel() on ptolemy.moml.MoMLSimpleApplication@264ece28
----------------- Done invoking toplevel() on ptolemy.moml.MoMLSimpleApplication@264ece28
reloadAllAccessors: .ScaleArray2

===========================================================================================
----------------- testing Tue Jul 16 04:59:38 UTC 2019 /home/travis/build/icyphy/ptII/ptolemy/actor/lib/test/auto/ScaleMatrix.xml
----------------- Instantiating /home/travis/build/icyphy/ptII/ptolemy/actor/lib/test/auto/ScaleMatrix.xml
186 ms. Memory: 444416K Free: 391538K (88%)
----------------- Invoking toplevel() on ptolemy.moml.MoMLSimpleApplication@6b96d560
----------------- Done invoking toplevel() on ptolemy.moml.MoMLSimpleApplication@6b96d560
reloadAllAccessors: .ScaleMatrix

===========================================================================================
----------------- testing Tue Jul 16 04:59:38 UTC 2019 /home/travis/build/icyphy/ptII/ptolemy/actor/lib/test/auto/Select.xml
----------------- Instantiating /home/travis/build/icyphy/ptII/ptolemy/actor/lib/test/auto/Select.xml
3 ms. Memory: 444416K Free: 384684K (87%)
----------------- Invoking toplevel() on ptolemy.moml.MoMLSimpleApplication@3ea3912a
----------------- Done invoking toplevel() on ptolemy.moml.MoMLSimpleApplication@3ea3912a
reloadAllAccessors: .Select

===========================================================================================
----------------- testing Tue Jul 16 04:59:38 UTC 2019 /home/travis/build/icyphy/ptII/ptolemy/actor/lib/test/auto/Select2.xml
----------------- Instantiating /home/travis/build/icyphy/ptII/ptolemy/actor/lib/test/auto/Select2.xml
5 ms. Memory: 444416K Free: 380074K (86%)
----------------- Invoking toplevel() on ptolemy.moml.MoMLSimpleApplication@6a6223b5
----------------- Done invoking toplevel() on ptolemy.moml.MoMLSimpleApplication@6a6223b5
reloadAllAccessors: .Select2

===========================================================================================
----------------- testing Tue Jul 16 04:59:38 UTC 2019 /home/travis/build/icyphy/ptII/ptolemy/actor/lib/test/auto/SequenceToArray2.xml
----------------- Instantiating /home/travis/build/icyphy/ptII/ptolemy/actor/lib/test/auto/SequenceToArray2.xml
94 ms. Memory: 444416K Free: 356012K (80%)
----------------- Invoking toplevel() on ptolemy.moml.MoMLSimpleApplication@e6e5ea1
----------------- Done invoking toplevel() on ptolemy.moml.MoMLSimpleApplication@e6e5ea1
reloadAllAccessors: .SequenceToArray2

===========================================================================================
----------------- testing Tue Jul 16 04:59:38 UTC 2019 /home/travis/build/icyphy/ptII/ptolemy/actor/lib/test/auto/SequentialClock.xml
----------------- Instantiating /home/travis/build/icyphy/ptII/ptolemy/actor/lib/test/auto/SequentialClock.xml
2 ms. Memory: 444416K Free: 351916K (79%)
----------------- Invoking toplevel() on ptolemy.moml.MoMLSimpleApplication@4cc64394
----------------- Done invoking toplevel() on ptolemy.moml.MoMLSimpleApplication@4cc64394
reloadAllAccessors: .SequentialClock

===========================================================================================
----------------- testing Tue Jul 16 04:59:38 UTC 2019 /home/travis/build/icyphy/ptII/ptolemy/actor/lib/test/auto/SetVariable.xml
----------------- Instantiating /home/travis/build/icyphy/ptII/ptolemy/actor/lib/test/auto/SetVariable.xml
7 ms. Memory: 444416K Free: 347306K (78%)
----------------- Invoking toplevel() on ptolemy.moml.MoMLSimpleApplication@5e3af6f5
----------------- Done invoking toplevel() on ptolemy.moml.MoMLSimpleApplication@5e3af6f5
reloadAllAccessors: .SetVariable

===========================================================================================
----------------- testing Tue Jul 16 04:59:38 UTC 2019 /home/travis/build/icyphy/ptII/ptolemy/actor/lib/test/auto/SetVariable2.xml
----------------- Instantiating /home/travis/build/icyphy/ptII/ptolemy/actor/lib/test/auto/SetVariable2.xml
3 ms. Memory: 444416K Free: 342700K (77%)
----------------- Invoking toplevel() on ptolemy.moml.MoMLSimpleApplication@74212f6a
----------------- Done invoking toplevel() on ptolemy.moml.MoMLSimpleApplication@74212f6a
reloadAllAccessors: .SetVariable2

===========================================================================================
----------------- testing Tue Jul 16 04:59:38 UTC 2019 /home/travis/build/icyphy/ptII/ptolemy/actor/lib/test/auto/SetVariable3.xml
----------------- Instantiating /home/travis/build/icyphy/ptII/ptolemy/actor/lib/test/auto/SetVariable3.xml
8 ms. Memory: 444416K Free: 337066K (76%)
----------------- Invoking toplevel() on ptolemy.moml.MoMLSimpleApplication@64d3e729
----------------- Done invoking toplevel() on ptolemy.moml.MoMLSimpleApplication@64d3e729
reloadAllAccessors: .SetVariable3

===========================================================================================
----------------- testing Tue Jul 16 04:59:38 UTC 2019 /home/travis/build/icyphy/ptII/ptolemy/actor/lib/test/auto/SetVariable4.xml
----------------- Instantiating /home/travis/build/icyphy/ptII/ptolemy/actor/lib/test/auto/SetVariable4.xml
17 ms. Memory: 444416K Free: 326826K (74%)
----------------- Invoking toplevel() on ptolemy.moml.MoMLSimpleApplication@6ce3b06a
----------------- Done invoking toplevel() on ptolemy.moml.MoMLSimpleApplication@6ce3b06a
reloadAllAccessors: .SetVariable4

===========================================================================================
----------------- testing Tue Jul 16 04:59:38 UTC 2019 /home/travis/build/icyphy/ptII/ptolemy/actor/lib/test/auto/SetVariable5.xml
----------------- Instantiating /home/travis/build/icyphy/ptII/ptolemy/actor/lib/test/auto/SetVariable5.xml
20 ms. Memory: 444416K Free: 317610K (71%)
----------------- Invoking toplevel() on ptolemy.moml.MoMLSimpleApplication@6a38c2d3
----------------- Done invoking toplevel() on ptolemy.moml.MoMLSimpleApplication@6a38c2d3
reloadAllAccessors: .SetVariable5

===========================================================================================
----------------- testing Tue Jul 16 04:59:38 UTC 2019 /home/travis/build/icyphy/ptII/ptolemy/actor/lib/test/auto/Sinewave.xml
----------------- Instantiating /home/travis/build/icyphy/ptII/ptolemy/actor/lib/test/auto/Sinewave.xml
5 ms. Memory: 444416K Free: 306860K (69%)
----------------- Invoking toplevel() on ptolemy.moml.MoMLSimpleApplication@70dd2ab4
----------------- Done invoking toplevel() on ptolemy.moml.MoMLSimpleApplication@70dd2ab4
reloadAllAccessors: .Sinewave

===========================================================================================
----------------- testing Tue Jul 16 04:59:38 UTC 2019 /home/travis/build/icyphy/ptII/ptolemy/actor/lib/test/auto/Sinewave2.xml
----------------- Instantiating /home/travis/build/icyphy/ptII/ptolemy/actor/lib/test/auto/Sinewave2.xml
6 ms. Memory: 444416K Free: 298668K (67%)
----------------- Invoking toplevel() on ptolemy.moml.MoMLSimpleApplication@3c4b4902
----------------- Done invoking toplevel() on ptolemy.moml.MoMLSimpleApplication@3c4b4902
reloadAllAccessors: .Sinewave2

===========================================================================================
----------------- testing Tue Jul 16 04:59:38 UTC 2019 /home/travis/build/icyphy/ptII/ptolemy/actor/lib/test/auto/Sinewave3.xml
----------------- Instantiating /home/travis/build/icyphy/ptII/ptolemy/actor/lib/test/auto/Sinewave3.xml
11 ms. Memory: 444416K Free: 290476K (65%)
----------------- Invoking toplevel() on ptolemy.moml.MoMLSimpleApplication@5b81c717
----------------- Done invoking toplevel() on ptolemy.moml.MoMLSimpleApplication@5b81c717
reloadAllAccessors: .Sinewave3

===========================================================================================
----------------- testing Tue Jul 16 04:59:38 UTC 2019 /home/travis/build/icyphy/ptII/ptolemy/actor/lib/test/auto/SingleEvent.xml
----------------- Instantiating /home/travis/build/icyphy/ptII/ptolemy/actor/lib/test/auto/SingleEvent.xml
1 ms. Memory: 444416K Free: 285866K (64%)
----------------- Invoking toplevel() on ptolemy.moml.MoMLSimpleApplication@53b31644
----------------- Done invoking toplevel() on ptolemy.moml.MoMLSimpleApplication@53b31644
reloadAllAccessors: .SingleEvent

===========================================================================================
----------------- testing Tue Jul 16 04:59:38 UTC 2019 /home/travis/build/icyphy/ptII/ptolemy/actor/lib/test/auto/Sleep.xml
----------------- Instantiating /home/travis/build/icyphy/ptII/ptolemy/actor/lib/test/auto/Sleep.xml
6004 ms. Memory: 444416K Free: 280732K (63%)
----------------- Invoking toplevel() on ptolemy.moml.MoMLSimpleApplication@1cba0879
----------------- Done invoking toplevel() on ptolemy.moml.MoMLSimpleApplication@1cba0879
reloadAllAccessors: .Sleep

===========================================================================================
----------------- testing Tue Jul 16 04:59:44 UTC 2019 /home/travis/build/icyphy/ptII/ptolemy/actor/lib/test/auto/SleepMultipleFire.xml
----------------- Instantiating /home/travis/build/icyphy/ptII/ptolemy/actor/lib/test/auto/SleepMultipleFire.xml
1007 ms. Memory: 444416K Free: 275116K (62%)
----------------- Invoking toplevel() on ptolemy.moml.MoMLSimpleApplication@64330a1f
----------------- Done invoking toplevel() on ptolemy.moml.MoMLSimpleApplication@64330a1f
reloadAllAccessors: .SleepMultipleFire

===========================================================================================
----------------- testing Tue Jul 16 04:59:45 UTC 2019 /home/travis/build/icyphy/ptII/ptolemy/actor/lib/test/auto/StopDE.xml
----------------- Instantiating /home/travis/build/icyphy/ptII/ptolemy/actor/lib/test/auto/StopDE.xml
3 ms. Memory: 444416K Free: 268972K (61%)
----------------- Invoking toplevel() on ptolemy.moml.MoMLSimpleApplication@749519ed
----------------- Done invoking toplevel() on ptolemy.moml.MoMLSimpleApplication@749519ed
reloadAllAccessors: .StopDE

===========================================================================================
----------------- testing Tue Jul 16 04:59:45 UTC 2019 /home/travis/build/icyphy/ptII/ptolemy/actor/lib/test/auto/StopSDF.xml
----------------- Instantiating /home/travis/build/icyphy/ptII/ptolemy/actor/lib/test/auto/StopSDF.xml
4 ms. Memory: 444416K Free: 263852K (59%)
----------------- Invoking toplevel() on ptolemy.moml.MoMLSimpleApplication@10cd7db0
----------------- Done invoking toplevel() on ptolemy.moml.MoMLSimpleApplication@10cd7db0
reloadAllAccessors: .StopSDF

===========================================================================================
----------------- testing Tue Jul 16 04:59:45 UTC 2019 /home/travis/build/icyphy/ptII/ptolemy/actor/lib/test/auto/StringConstant.xml
----------------- Instantiating /home/travis/build/icyphy/ptII/ptolemy/actor/lib/test/auto/StringConstant.xml
15 ms. Memory: 444416K Free: 259756K (58%)
----------------- Invoking toplevel() on ptolemy.moml.MoMLSimpleApplication@49706d08
----------------- Done invoking toplevel() on ptolemy.moml.MoMLSimpleApplication@49706d08
reloadAllAccessors: .StringConstant

===========================================================================================
----------------- testing Tue Jul 16 04:59:45 UTC 2019 /home/travis/build/icyphy/ptII/ptolemy/actor/lib/test/auto/SubscriberPortInitialValues1.xml
----------------- Instantiating /home/travis/build/icyphy/ptII/ptolemy/actor/lib/test/auto/SubscriberPortInitialValues1.xml
9 ms. Memory: 444416K Free: 251050K (56%)
----------------- Invoking toplevel() on ptolemy.moml.MoMLSimpleApplication@3caa9b06
----------------- Done invoking toplevel() on ptolemy.moml.MoMLSimpleApplication@3caa9b06
reloadAllAccessors: .SubscriberPortInitialValues1

===========================================================================================
----------------- testing Tue Jul 16 04:59:45 UTC 2019 /home/travis/build/icyphy/ptII/ptolemy/actor/lib/test/auto/SubscriberPortInitialValues13.xml
----------------- Instantiating /home/travis/build/icyphy/ptII/ptolemy/actor/lib/test/auto/SubscriberPortInitialValues13.xml
5 ms. Memory: 444416K Free: 238252K (54%)
----------------- Invoking toplevel() on ptolemy.moml.MoMLSimpleApplication@7b99c140
----------------- Done invoking toplevel() on ptolemy.moml.MoMLSimpleApplication@7b99c140
reloadAllAccessors: .SubscriberPortInitialValues13

===========================================================================================
----------------- testing Tue Jul 16 04:59:45 UTC 2019 /home/travis/build/icyphy/ptII/ptolemy/actor/lib/test/auto/SubscriberPortInitialValues14.xml
----------------- Instantiating /home/travis/build/icyphy/ptII/ptolemy/actor/lib/test/auto/SubscriberPortInitialValues14.xml
4 ms. Memory: 444416K Free: 230570K (52%)
----------------- Invoking toplevel() on ptolemy.moml.MoMLSimpleApplication@538589e9
----------------- Done invoking toplevel() on ptolemy.moml.MoMLSimpleApplication@538589e9
reloadAllAccessors: .SubscriberPortInitialValues14

===========================================================================================
----------------- testing Tue Jul 16 04:59:45 UTC 2019 /home/travis/build/icyphy/ptII/ptolemy/actor/lib/test/auto/SubscriberPortInitialValues2.xml
----------------- Instantiating /home/travis/build/icyphy/ptII/ptolemy/actor/lib/test/auto/SubscriberPortInitialValues2.xml
4 ms. Memory: 444416K Free: 222378K (50%)
----------------- Invoking toplevel() on ptolemy.moml.MoMLSimpleApplication@59f560cf
----------------- Done invoking toplevel() on ptolemy.moml.MoMLSimpleApplication@59f560cf
reloadAllAccessors: .SubscriberPortInitialValues2

===========================================================================================
----------------- testing Tue Jul 16 04:59:45 UTC 2019 /home/travis/build/icyphy/ptII/ptolemy/actor/lib/test/auto/SubscriberPortInitialValues3.xml
----------------- Instantiating /home/travis/build/icyphy/ptII/ptolemy/actor/lib/test/auto/SubscriberPortInitialValues3.xml
4 ms. Memory: 444416K Free: 211628K (48%)
----------------- Invoking toplevel() on ptolemy.moml.MoMLSimpleApplication@15a05b3f
----------------- Done invoking toplevel() on ptolemy.moml.MoMLSimpleApplication@15a05b3f
reloadAllAccessors: .SubscriberPortInitialValues3

===========================================================================================
----------------- testing Tue Jul 16 04:59:45 UTC 2019 /home/travis/build/icyphy/ptII/ptolemy/actor/lib/test/auto/SubscriptionAggregator.xml
----------------- Instantiating /home/travis/build/icyphy/ptII/ptolemy/actor/lib/test/auto/SubscriptionAggregator.xml
3 ms. Memory: 444416K Free: 204956K (46%)
----------------- Invoking toplevel() on ptolemy.moml.MoMLSimpleApplication@5f5e1b1
----------------- Done invoking toplevel() on ptolemy.moml.MoMLSimpleApplication@5f5e1b1
reloadAllAccessors: .SubscriptionAggregator

===========================================================================================
----------------- testing Tue Jul 16 04:59:45 UTC 2019 /home/travis/build/icyphy/ptII/ptolemy/actor/lib/test/auto/SubscriptionAggregator2.xml
----------------- Instantiating /home/travis/build/icyphy/ptII/ptolemy/actor/lib/test/auto/SubscriptionAggregator2.xml
2 ms. Memory: 444416K Free: 198316K (45%)
----------------- Invoking toplevel() on ptolemy.moml.MoMLSimpleApplication@162e8b54
----------------- Done invoking toplevel() on ptolemy.moml.MoMLSimpleApplication@162e8b54
reloadAllAccessors: .SubscriptionAggregator2

===========================================================================================
----------------- testing Tue Jul 16 04:59:45 UTC 2019 /home/travis/build/icyphy/ptII/ptolemy/actor/lib/test/auto/SubscriptionAggregator3.xml
----------------- Instantiating /home/travis/build/icyphy/ptII/ptolemy/actor/lib/test/auto/SubscriptionAggregator3.xml
4 ms. Memory: 444416K Free: 189604K (43%)
----------------- Invoking toplevel() on ptolemy.moml.MoMLSimpleApplication@50bf4b50
----------------- Done invoking toplevel() on ptolemy.moml.MoMLSimpleApplication@50bf4b50
reloadAllAccessors: .SubscriptionAggregator3

===========================================================================================
----------------- testing Tue Jul 16 04:59:46 UTC 2019 /home/travis/build/icyphy/ptII/ptolemy/actor/lib/test/auto/SubscriptionAggregatorMultiply.xml
----------------- Instantiating /home/travis/build/icyphy/ptII/ptolemy/actor/lib/test/auto/SubscriptionAggregatorMultiply.xml
3 ms. Memory: 444416K Free: 180908K (41%)
----------------- Invoking toplevel() on ptolemy.moml.MoMLSimpleApplication@37469e4f
----------------- Done invoking toplevel() on ptolemy.moml.MoMLSimpleApplication@37469e4f
reloadAllAccessors: .SubscriptionAggregatorMultiply

===========================================================================================
----------------- testing Tue Jul 16 04:59:46 UTC 2019 /home/travis/build/icyphy/ptII/ptolemy/actor/lib/test/auto/SubscriptionAggregatorPortMultiply1.xml
----------------- Instantiating /home/travis/build/icyphy/ptII/ptolemy/actor/lib/test/auto/SubscriptionAggregatorPortMultiply1.xml
5 ms. Memory: 444416K Free: 173226K (39%)
----------------- Invoking toplevel() on ptolemy.moml.MoMLSimpleApplication@680cf2fc
----------------- Done invoking toplevel() on ptolemy.moml.MoMLSimpleApplication@680cf2fc
reloadAllAccessors: .SubscriptionAggregatorPortMultiply1

===========================================================================================
----------------- testing Tue Jul 16 04:59:46 UTC 2019 /home/travis/build/icyphy/ptII/ptolemy/actor/lib/test/auto/Switch.xml
----------------- Instantiating /home/travis/build/icyphy/ptII/ptolemy/actor/lib/test/auto/Switch.xml
15 ms. Memory: 444416K Free: 165034K (37%)
----------------- Invoking toplevel() on ptolemy.moml.MoMLSimpleApplication@6f1d280c
----------------- Done invoking toplevel() on ptolemy.moml.MoMLSimpleApplication@6f1d280c
reloadAllAccessors: .Switch

===========================================================================================
----------------- testing Tue Jul 16 04:59:46 UTC 2019 /home/travis/build/icyphy/ptII/ptolemy/actor/lib/test/auto/Switch2.xml
----------------- Instantiating /home/travis/build/icyphy/ptII/ptolemy/actor/lib/test/auto/Switch2.xml
1 ms. Memory: 444416K Free: 160428K (36%)
----------------- Invoking toplevel() on ptolemy.moml.MoMLSimpleApplication@e9c8898
----------------- Done invoking toplevel() on ptolemy.moml.MoMLSimpleApplication@e9c8898
reloadAllAccessors: .Switch2

===========================================================================================
----------------- testing Tue Jul 16 04:59:46 UTC 2019 /home/travis/build/icyphy/ptII/ptolemy/actor/lib/test/auto/SwitchDE.xml
----------------- Instantiating /home/travis/build/icyphy/ptII/ptolemy/actor/lib/test/auto/SwitchDE.xml
4 ms. Memory: 444416K Free: 153756K (35%)
----------------- Invoking toplevel() on ptolemy.moml.MoMLSimpleApplication@5108ebad
----------------- Done invoking toplevel() on ptolemy.moml.MoMLSimpleApplication@5108ebad
reloadAllAccessors: .SwitchDE

===========================================================================================
----------------- testing Tue Jul 16 04:59:46 UTC 2019 /home/travis/build/icyphy/ptII/ptolemy/actor/lib/test/auto/SynchronizerDE.xml
----------------- Instantiating /home/travis/build/icyphy/ptII/ptolemy/actor/lib/test/auto/SynchronizerDE.xml
7 ms. Memory: 444416K Free: 145548K (33%)
----------------- Invoking toplevel() on ptolemy.moml.MoMLSimpleApplication@66f7e726
----------------- Done invoking toplevel() on ptolemy.moml.MoMLSimpleApplication@66f7e726
reloadAllAccessors: .SynchronizerDE

===========================================================================================
----------------- testing Tue Jul 16 04:59:46 UTC 2019 /home/travis/build/icyphy/ptII/ptolemy/actor/lib/test/auto/Test.xml
----------------- Instantiating /home/travis/build/icyphy/ptII/ptolemy/actor/lib/test/auto/Test.xml
13 ms. Memory: 444416K Free: 140428K (32%)
----------------- Invoking toplevel() on ptolemy.moml.MoMLSimpleApplication@2cfd5060
----------------- Done invoking toplevel() on ptolemy.moml.MoMLSimpleApplication@2cfd5060
reloadAllAccessors: .Test

===========================================================================================
----------------- testing Tue Jul 16 04:59:46 UTC 2019 /home/travis/build/icyphy/ptII/ptolemy/actor/lib/test/auto/TestExceptionAttribute1.xml
----------------- Instantiating /home/travis/build/icyphy/ptII/ptolemy/actor/lib/test/auto/TestExceptionAttribute1.xml
2 ms. Memory: 444416K Free: 136876K (31%)
----------------- Invoking toplevel() on ptolemy.moml.MoMLSimpleApplication@3235f81d
----------------- Done invoking toplevel() on ptolemy.moml.MoMLSimpleApplication@3235f81d
reloadAllAccessors: .TestExceptionAttribute1

===========================================================================================
----------------- testing Tue Jul 16 04:59:46 UTC 2019 /home/travis/build/icyphy/ptII/ptolemy/actor/lib/test/auto/TestExceptionAttribute2.xml
----------------- Instantiating /home/travis/build/icyphy/ptII/ptolemy/actor/lib/test/auto/TestExceptionAttribute2.xml
2 ms. Memory: 444416K Free: 394388K (89%)
----------------- Invoking toplevel() on ptolemy.moml.MoMLSimpleApplication@6616f7f1
----------------- Done invoking toplevel() on ptolemy.moml.MoMLSimpleApplication@6616f7f1
reloadAllAccessors: .TestExceptionAttribute2

===========================================================================================
----------------- testing Tue Jul 16 04:59:46 UTC 2019 /home/travis/build/icyphy/ptII/ptolemy/actor/lib/test/auto/TestExceptionAttribute3.xml
----------------- Instantiating /home/travis/build/icyphy/ptII/ptolemy/actor/lib/test/auto/TestExceptionAttribute3.xml
.TestExceptionAttribute3.TestExceptionAttribute: initialize() was not invoked, but wrapup() was.  This is unusual, but not always a problem.  For example, exporting JNLP will do this.
1 ms. Memory: 444416K Free: 390292K (88%)
----------------- Invoking toplevel() on ptolemy.moml.MoMLSimpleApplication@68421e8a
----------------- Done invoking toplevel() on ptolemy.moml.MoMLSimpleApplication@68421e8a
reloadAllAccessors: .TestExceptionAttribute3

===========================================================================================
----------------- testing Tue Jul 16 04:59:46 UTC 2019 /home/travis/build/icyphy/ptII/ptolemy/actor/lib/test/auto/TestExceptionAttribute4.xml
----------------- Instantiating /home/travis/build/icyphy/ptII/ptolemy/actor/lib/test/auto/TestExceptionAttribute4.xml
.TestExceptionAttribute4.TestExceptionAttribute: initialize() was not invoked, but wrapup() was.  This is unusual, but not always a problem.  For example, exporting JNLP will do this.
.TestExceptionAttribute4.TestExceptionAttribute2: initialize() was not invoked, but wrapup() was.  This is unusual, but not always a problem.  For example, exporting JNLP will do this.
1 ms. Memory: 444416K Free: 386196K (87%)
----------------- Invoking toplevel() on ptolemy.moml.MoMLSimpleApplication@13e500bd
----------------- Done invoking toplevel() on ptolemy.moml.MoMLSimpleApplication@13e500bd
reloadAllAccessors: .TestExceptionAttribute4

===========================================================================================
----------------- testing Tue Jul 16 04:59:46 UTC 2019 /home/travis/build/icyphy/ptII/ptolemy/actor/lib/test/auto/TestExceptionHandler1.xml
----------------- Instantiating /home/travis/build/icyphy/ptII/ptolemy/actor/lib/test/auto/TestExceptionHandler1.xml
1 ms. Memory: 444416K Free: 382610K (86%)
----------------- Invoking toplevel() on ptolemy.moml.MoMLSimpleApplication@1ed5ef5b
----------------- Done invoking toplevel() on ptolemy.moml.MoMLSimpleApplication@1ed5ef5b
reloadAllAccessors: .TestExceptionHandler1

===========================================================================================
----------------- testing Tue Jul 16 04:59:46 UTC 2019 /home/travis/build/icyphy/ptII/ptolemy/actor/lib/test/auto/TestExceptionHandler2.xml
----------------- Instantiating /home/travis/build/icyphy/ptII/ptolemy/actor/lib/test/auto/TestExceptionHandler2.xml
2 ms. Memory: 444416K Free: 379028K (85%)
----------------- Invoking toplevel() on ptolemy.moml.MoMLSimpleApplication@10b49db5
----------------- Done invoking toplevel() on ptolemy.moml.MoMLSimpleApplication@10b49db5
reloadAllAccessors: .TestExceptionHandler2

===========================================================================================
----------------- testing Tue Jul 16 04:59:46 UTC 2019 /home/travis/build/icyphy/ptII/ptolemy/actor/lib/test/auto/TestExceptionHandler3.xml
----------------- Instantiating /home/travis/build/icyphy/ptII/ptolemy/actor/lib/test/auto/TestExceptionHandler3.xml
1 ms. Memory: 444416K Free: 374932K (84%)
----------------- Invoking toplevel() on ptolemy.moml.MoMLSimpleApplication@5146f3fb
----------------- Done invoking toplevel() on ptolemy.moml.MoMLSimpleApplication@5146f3fb
reloadAllAccessors: .TestExceptionHandler3

===========================================================================================
----------------- testing Tue Jul 16 04:59:46 UTC 2019 /home/travis/build/icyphy/ptII/ptolemy/actor/lib/test/auto/TestExceptionHandler4.xml
----------------- Instantiating /home/travis/build/icyphy/ptII/ptolemy/actor/lib/test/auto/TestExceptionHandler4.xml
0 ms. Memory: 444416K Free: 370836K (83%)
----------------- Invoking toplevel() on ptolemy.moml.MoMLSimpleApplication@3c147e91
----------------- Done invoking toplevel() on ptolemy.moml.MoMLSimpleApplication@3c147e91
reloadAllAccessors: .TestExceptionHandler4

===========================================================================================
----------------- testing Tue Jul 16 04:59:46 UTC 2019 /home/travis/build/icyphy/ptII/ptolemy/actor/lib/test/auto/TestRequireCorrectOrder.xml
----------------- Instantiating /home/travis/build/icyphy/ptII/ptolemy/actor/lib/test/auto/TestRequireCorrectOrder.xml
6 ms. Memory: 444416K Free: 365716K (82%)
----------------- Invoking toplevel() on ptolemy.moml.MoMLSimpleApplication@6d1c908f
----------------- Done invoking toplevel() on ptolemy.moml.MoMLSimpleApplication@6d1c908f
reloadAllAccessors: .TestRequireCorrectOrder

===========================================================================================
----------------- testing Tue Jul 16 04:59:46 UTC 2019 /home/travis/build/icyphy/ptII/ptolemy/actor/lib/test/auto/TestSimple.xml
----------------- Instantiating /home/travis/build/icyphy/ptII/ptolemy/actor/lib/test/auto/TestSimple.xml
1 ms. Memory: 444416K Free: 361100K (81%)
----------------- Invoking toplevel() on ptolemy.moml.MoMLSimpleApplication@6ddd575a
----------------- Done invoking toplevel() on ptolemy.moml.MoMLSimpleApplication@6ddd575a
reloadAllAccessors: .TestSimple

===========================================================================================
----------------- testing Tue Jul 16 04:59:46 UTC 2019 /home/travis/build/icyphy/ptII/ptolemy/actor/lib/test/auto/ThrowModelError.xml
----------------- Instantiating /home/travis/build/icyphy/ptII/ptolemy/actor/lib/test/auto/ThrowModelError.xml
2 ms. Memory: 444416K Free: 355986K (80%)
----------------- Invoking toplevel() on ptolemy.moml.MoMLSimpleApplication@6be6ba8e
----------------- Done invoking toplevel() on ptolemy.moml.MoMLSimpleApplication@6be6ba8e
reloadAllAccessors: .ThrowModelError

===========================================================================================
----------------- testing Tue Jul 16 04:59:46 UTC 2019 /home/travis/build/icyphy/ptII/ptolemy/actor/lib/test/auto/TimeDelayMicrosteps.xml
----------------- Instantiating /home/travis/build/icyphy/ptII/ptolemy/actor/lib/test/auto/TimeDelayMicrosteps.xml
2 ms. Memory: 444416K Free: 349828K (79%)
----------------- Invoking toplevel() on ptolemy.moml.MoMLSimpleApplication@5328894d
----------------- Done invoking toplevel() on ptolemy.moml.MoMLSimpleApplication@5328894d
reloadAllAccessors: .TimeDelayMicrosteps

===========================================================================================
----------------- testing Tue Jul 16 04:59:46 UTC 2019 /home/travis/build/icyphy/ptII/ptolemy/actor/lib/test/auto/TimeDelayMicrosteps2.xml
----------------- Instantiating /home/travis/build/icyphy/ptII/ptolemy/actor/lib/test/auto/TimeDelayMicrosteps2.xml
4 ms. Memory: 444416K Free: 342660K (77%)
----------------- Invoking toplevel() on ptolemy.moml.MoMLSimpleApplication@3031278
----------------- Done invoking toplevel() on ptolemy.moml.MoMLSimpleApplication@3031278
reloadAllAccessors: .TimeDelayMicrosteps2

===========================================================================================
----------------- testing Tue Jul 16 04:59:46 UTC 2019 /home/travis/build/icyphy/ptII/ptolemy/actor/lib/test/auto/TimeDelayMicrosteps3.xml
----------------- Instantiating /home/travis/build/icyphy/ptII/ptolemy/actor/lib/test/auto/TimeDelayMicrosteps3.xml
3 ms. Memory: 444416K Free: 335476K (75%)
----------------- Invoking toplevel() on ptolemy.moml.MoMLSimpleApplication@4f38b539
----------------- Done invoking toplevel() on ptolemy.moml.MoMLSimpleApplication@4f38b539
reloadAllAccessors: .TimeDelayMicrosteps3

===========================================================================================
----------------- testing Tue Jul 16 04:59:46 UTC 2019 /home/travis/build/icyphy/ptII/ptolemy/actor/lib/test/auto/TimeDelayVariableMicrosteps.xml
----------------- Instantiating /home/travis/build/icyphy/ptII/ptolemy/actor/lib/test/auto/TimeDelayVariableMicrosteps.xml
3 ms. Memory: 444416K Free: 329362K (74%)
----------------- Invoking toplevel() on ptolemy.moml.MoMLSimpleApplication@2f074a95
----------------- Done invoking toplevel() on ptolemy.moml.MoMLSimpleApplication@2f074a95
reloadAllAccessors: .TimeDelayVariableMicrosteps

===========================================================================================
----------------- testing Tue Jul 16 04:59:46 UTC 2019 /home/travis/build/icyphy/ptII/ptolemy/actor/lib/test/auto/TimeGap.xml
----------------- Instantiating /home/travis/build/icyphy/ptII/ptolemy/actor/lib/test/auto/TimeGap.xml
4 ms. Memory: 444416K Free: 324212K (73%)
----------------- Invoking toplevel() on ptolemy.moml.MoMLSimpleApplication@1ab0739f
----------------- Done invoking toplevel() on ptolemy.moml.MoMLSimpleApplication@1ab0739f
reloadAllAccessors: .TimeGap

===========================================================================================
----------------- testing Tue Jul 16 04:59:46 UTC 2019 /home/travis/build/icyphy/ptII/ptolemy/actor/lib/test/auto/TimeGap2.xml
----------------- Instantiating /home/travis/build/icyphy/ptII/ptolemy/actor/lib/test/auto/TimeGap2.xml
2 ms. Memory: 444416K Free: 318084K (72%)
----------------- Invoking toplevel() on ptolemy.moml.MoMLSimpleApplication@2f61b686
----------------- Done invoking toplevel() on ptolemy.moml.MoMLSimpleApplication@2f61b686
reloadAllAccessors: .TimeGap2

===========================================================================================
----------------- testing Tue Jul 16 04:59:46 UTC 2019 /home/travis/build/icyphy/ptII/ptolemy/actor/lib/test/auto/TimedSinewave.xml
----------------- Instantiating /home/travis/build/icyphy/ptII/ptolemy/actor/lib/test/auto/TimedSinewave.xml
22 ms. Memory: 444416K Free: 304276K (68%)
----------------- Invoking toplevel() on ptolemy.moml.MoMLSimpleApplication@174e62bd
----------------- Done invoking toplevel() on ptolemy.moml.MoMLSimpleApplication@174e62bd
reloadAllAccessors: .TimedSinewave

===========================================================================================
----------------- testing Tue Jul 16 04:59:46 UTC 2019 /home/travis/build/icyphy/ptII/ptolemy/actor/lib/test/auto/TimedSinewavePhase.xml
----------------- Instantiating /home/travis/build/icyphy/ptII/ptolemy/actor/lib/test/auto/TimedSinewavePhase.xml
11 ms. Memory: 444416K Free: 294546K (66%)
----------------- Invoking toplevel() on ptolemy.moml.MoMLSimpleApplication@3d4ffd0d
----------------- Done invoking toplevel() on ptolemy.moml.MoMLSimpleApplication@3d4ffd0d
reloadAllAccessors: .TimedSinewavePhase

===========================================================================================
----------------- testing Tue Jul 16 04:59:46 UTC 2019 /home/travis/build/icyphy/ptII/ptolemy/actor/lib/test/auto/Timer.xml
----------------- Instantiating /home/travis/build/icyphy/ptII/ptolemy/actor/lib/test/auto/Timer.xml
4 ms. Memory: 444416K Free: 288916K (65%)
----------------- Invoking toplevel() on ptolemy.moml.MoMLSimpleApplication@1f4d43c8
----------------- Done invoking toplevel() on ptolemy.moml.MoMLSimpleApplication@1f4d43c8
reloadAllAccessors: .Timer

===========================================================================================
----------------- testing Tue Jul 16 04:59:46 UTC 2019 /home/travis/build/icyphy/ptII/ptolemy/actor/lib/test/auto/TriangularDistTestModel.xml
----------------- Instantiating /home/travis/build/icyphy/ptII/ptolemy/actor/lib/test/auto/TriangularDistTestModel.xml
3 ms. Memory: 444416K Free: 282772K (64%)
----------------- Invoking toplevel() on ptolemy.moml.MoMLSimpleApplication@1d27100a
----------------- Done invoking toplevel() on ptolemy.moml.MoMLSimpleApplication@1d27100a
reloadAllAccessors: .TriangularDistTestModel

===========================================================================================
----------------- testing Tue Jul 16 04:59:46 UTC 2019 /home/travis/build/icyphy/ptII/ptolemy/actor/lib/test/auto/TrigFunction.xml
----------------- Instantiating /home/travis/build/icyphy/ptII/ptolemy/actor/lib/test/auto/TrigFunction.xml
2 ms. Memory: 444416K Free: 278162K (63%)
----------------- Invoking toplevel() on ptolemy.moml.MoMLSimpleApplication@1b87edec
----------------- Done invoking toplevel() on ptolemy.moml.MoMLSimpleApplication@1b87edec
reloadAllAccessors: .TrigFunction

===========================================================================================
----------------- testing Tue Jul 16 04:59:46 UTC 2019 /home/travis/build/icyphy/ptII/ptolemy/actor/lib/test/auto/TrigFunctionDE.xml
----------------- Instantiating /home/travis/build/icyphy/ptII/ptolemy/actor/lib/test/auto/TrigFunctionDE.xml
2 ms. Memory: 444416K Free: 272532K (61%)
----------------- Invoking toplevel() on ptolemy.moml.MoMLSimpleApplication@6cd210d
----------------- Done invoking toplevel() on ptolemy.moml.MoMLSimpleApplication@6cd210d
reloadAllAccessors: .TrigFunctionDE

===========================================================================================
----------------- testing Tue Jul 16 04:59:46 UTC 2019 /home/travis/build/icyphy/ptII/ptolemy/actor/lib/test/auto/TrigFunctionInverse.xml
----------------- Instantiating /home/travis/build/icyphy/ptII/ptolemy/actor/lib/test/auto/TrigFunctionInverse.xml
2 ms. Memory: 444416K Free: 266898K (60%)
----------------- Invoking toplevel() on ptolemy.moml.MoMLSimpleApplication@6404792
----------------- Done invoking toplevel() on ptolemy.moml.MoMLSimpleApplication@6404792
reloadAllAccessors: .TrigFunctionInverse

===========================================================================================
----------------- testing Tue Jul 16 04:59:46 UTC 2019 /home/travis/build/icyphy/ptII/ptolemy/actor/lib/test/auto/TrigFunctionTan.xml
----------------- Instantiating /home/travis/build/icyphy/ptII/ptolemy/actor/lib/test/auto/TrigFunctionTan.xml
2 ms. Memory: 444416K Free: 262292K (59%)
----------------- Invoking toplevel() on ptolemy.moml.MoMLSimpleApplication@8c60e4a
----------------- Done invoking toplevel() on ptolemy.moml.MoMLSimpleApplication@8c60e4a
reloadAllAccessors: .TrigFunctionTan

===========================================================================================
----------------- testing Tue Jul 16 04:59:46 UTC 2019 /home/travis/build/icyphy/ptII/ptolemy/actor/lib/test/auto/TriggeredClock.xml
----------------- Instantiating /home/travis/build/icyphy/ptII/ptolemy/actor/lib/test/auto/TriggeredClock.xml
2 ms. Memory: 444416K Free: 257172K (58%)
----------------- Invoking toplevel() on ptolemy.moml.MoMLSimpleApplication@5ef9605f
----------------- Done invoking toplevel() on ptolemy.moml.MoMLSimpleApplication@5ef9605f
reloadAllAccessors: .TriggeredClock

===========================================================================================
----------------- testing Tue Jul 16 04:59:46 UTC 2019 /home/travis/build/icyphy/ptII/ptolemy/actor/lib/test/auto/URLDirectoryReader.xml
----------------- Instantiating /home/travis/build/icyphy/ptII/ptolemy/actor/lib/test/auto/URLDirectoryReader.xml
42 ms. Memory: 444416K Free: 247956K (56%)
----------------- Invoking toplevel() on ptolemy.moml.MoMLSimpleApplication@7a95b197
----------------- Done invoking toplevel() on ptolemy.moml.MoMLSimpleApplication@7a95b197
reloadAllAccessors: .URLDirectoryReader

===========================================================================================
----------------- testing Tue Jul 16 04:59:46 UTC 2019 /home/travis/build/icyphy/ptII/ptolemy/actor/lib/test/auto/URLDirectoryReader3.xml
----------------- Instantiating /home/travis/build/icyphy/ptII/ptolemy/actor/lib/test/auto/URLDirectoryReader3.xml
1129 ms. Memory: 444416K Free: 386029K (87%)
----------------- Invoking toplevel() on ptolemy.moml.MoMLSimpleApplication@3932bc24
----------------- Done invoking toplevel() on ptolemy.moml.MoMLSimpleApplication@3932bc24
reloadAllAccessors: .URLDirectoryReader3

===========================================================================================
----------------- testing Tue Jul 16 04:59:48 UTC 2019 /home/travis/build/icyphy/ptII/ptolemy/actor/lib/test/auto/UnaryMathFunction.xml
----------------- Instantiating /home/travis/build/icyphy/ptII/ptolemy/actor/lib/test/auto/UnaryMathFunction.xml
2 ms. Memory: 444416K Free: 378347K (85%)
----------------- Invoking toplevel() on ptolemy.moml.MoMLSimpleApplication@74665e53
----------------- Done invoking toplevel() on ptolemy.moml.MoMLSimpleApplication@74665e53
reloadAllAccessors: .UnaryMathFunction

===========================================================================================
----------------- testing Tue Jul 16 04:59:48 UTC 2019 /home/travis/build/icyphy/ptII/ptolemy/actor/lib/test/auto/Uniform.xml
----------------- Instantiating /home/travis/build/icyphy/ptII/ptolemy/actor/lib/test/auto/Uniform.xml
2 ms. Memory: 444416K Free: 373221K (84%)
----------------- Invoking toplevel() on ptolemy.moml.MoMLSimpleApplication@5da20c1c
----------------- Done invoking toplevel() on ptolemy.moml.MoMLSimpleApplication@5da20c1c
reloadAllAccessors: .Uniform

===========================================================================================
----------------- testing Tue Jul 16 04:59:48 UTC 2019 /home/travis/build/icyphy/ptII/ptolemy/actor/lib/test/auto/UnionDisassemblerTest.xml
----------------- Instantiating /home/travis/build/icyphy/ptII/ptolemy/actor/lib/test/auto/UnionDisassemblerTest.xml
12 ms. Memory: 444416K Free: 369131K (83%)
----------------- Invoking toplevel() on ptolemy.moml.MoMLSimpleApplication@59337054
----------------- Done invoking toplevel() on ptolemy.moml.MoMLSimpleApplication@59337054
reloadAllAccessors: .UnionDisassemblerTest

===========================================================================================
----------------- testing Tue Jul 16 04:59:48 UTC 2019 /home/travis/build/icyphy/ptII/ptolemy/actor/lib/test/auto/UtilityFunctions.xml
----------------- Instantiating /home/travis/build/icyphy/ptII/ptolemy/actor/lib/test/auto/UtilityFunctions.xml
1 ms. Memory: 444416K Free: 365035K (82%)
----------------- Invoking toplevel() on ptolemy.moml.MoMLSimpleApplication@26eaa39
----------------- Done invoking toplevel() on ptolemy.moml.MoMLSimpleApplication@26eaa39
reloadAllAccessors: .UtilityFunctions

===========================================================================================
----------------- testing Tue Jul 16 04:59:48 UTC 2019 /home/travis/build/icyphy/ptII/ptolemy/actor/lib/test/auto/VariableSleep.xml
----------------- Instantiating /home/travis/build/icyphy/ptII/ptolemy/actor/lib/test/auto/VariableSleep.xml
503 ms. Memory: 444416K Free: 359405K (81%)
----------------- Invoking toplevel() on ptolemy.moml.MoMLSimpleApplication@1d2b68d7
----------------- Done invoking toplevel() on ptolemy.moml.MoMLSimpleApplication@1d2b68d7
reloadAllAccessors: .VariableSleep

===========================================================================================
----------------- testing Tue Jul 16 04:59:48 UTC 2019 /home/travis/build/icyphy/ptII/ptolemy/actor/lib/test/auto/VectorAssemblerDisassemblerCT.xml
----------------- Instantiating /home/travis/build/icyphy/ptII/ptolemy/actor/lib/test/auto/VectorAssemblerDisassemblerCT.xml
82 ms. Memory: 444416K Free: 339435K (76%)
----------------- Invoking toplevel() on ptolemy.moml.MoMLSimpleApplication@492554c6
----------------- Done invoking toplevel() on ptolemy.moml.MoMLSimpleApplication@492554c6
reloadAllAccessors: .VectorAssemblerDisassemblerCT

===========================================================================================
----------------- testing Tue Jul 16 04:59:48 UTC 2019 /home/travis/build/icyphy/ptII/ptolemy/actor/lib/test/auto/VectorAssemblerDisassemblerDE.xml
----------------- Instantiating /home/travis/build/icyphy/ptII/ptolemy/actor/lib/test/auto/VectorAssemblerDisassemblerDE.xml
3 ms. Memory: 444416K Free: 331243K (75%)
----------------- Invoking toplevel() on ptolemy.moml.MoMLSimpleApplication@cde749d
----------------- Done invoking toplevel() on ptolemy.moml.MoMLSimpleApplication@cde749d
reloadAllAccessors: .VectorAssemblerDisassemblerDE

===========================================================================================
----------------- testing Tue Jul 16 04:59:49 UTC 2019 /home/travis/build/icyphy/ptII/ptolemy/actor/lib/test/auto/VectorAssemblerDisassemblerSDF.xml
----------------- Instantiating /home/travis/build/icyphy/ptII/ptolemy/actor/lib/test/auto/VectorAssemblerDisassemblerSDF.xml
4 ms. Memory: 444416K Free: 324589K (73%)
----------------- Invoking toplevel() on ptolemy.moml.MoMLSimpleApplication@4cf42b8e
----------------- Done invoking toplevel() on ptolemy.moml.MoMLSimpleApplication@4cf42b8e
reloadAllAccessors: .VectorAssemblerDisassemblerSDF

===========================================================================================
----------------- testing Tue Jul 16 04:59:49 UTC 2019 /home/travis/build/icyphy/ptII/ptolemy/actor/lib/test/auto/WallClockTime.xml
----------------- Instantiating /home/travis/build/icyphy/ptII/ptolemy/actor/lib/test/auto/WallClockTime.xml
1006 ms. Memory: 444416K Free: 319469K (72%)
----------------- Invoking toplevel() on ptolemy.moml.MoMLSimpleApplication@18407bc9
----------------- Done invoking toplevel() on ptolemy.moml.MoMLSimpleApplication@18407bc9
reloadAllAccessors: .WallClockTime

===========================================================================================
----------------- testing Tue Jul 16 04:59:50 UTC 2019 /home/travis/build/icyphy/ptII/ptolemy/actor/lib/test/auto/WidthTestWithSubscriberPublisher.xml
----------------- Instantiating /home/travis/build/icyphy/ptII/ptolemy/actor/lib/test/auto/WidthTestWithSubscriberPublisher.xml
7 ms. Memory: 444416K Free: 301037K (68%)
----------------- Invoking toplevel() on ptolemy.moml.MoMLSimpleApplication@35120a00
----------------- Done invoking toplevel() on ptolemy.moml.MoMLSimpleApplication@35120a00
reloadAllAccessors: .WidthTestWithSubscriberPublisher

===========================================================================================
----------------- testing Tue Jul 16 04:59:50 UTC 2019 /home/travis/build/icyphy/ptII/ptolemy/actor/lib/test/auto/WidthTestWithSubscriberPublisher2.xml
----------------- Instantiating /home/travis/build/icyphy/ptII/ptolemy/actor/lib/test/auto/WidthTestWithSubscriberPublisher2.xml
3 ms. Memory: 444416K Free: 294379K (66%)
----------------- Invoking toplevel() on ptolemy.moml.MoMLSimpleApplication@36d967b7
----------------- Done invoking toplevel() on ptolemy.moml.MoMLSimpleApplication@36d967b7
reloadAllAccessors: .WidthTestWithSubscriberPublisher2

===========================================================================================
----------------- testing Tue Jul 16 04:59:50 UTC 2019 /home/travis/build/icyphy/ptII/ptolemy/actor/lib/test/auto/WidthTestWithSubscriberPublisher3.xml
----------------- Instantiating /home/travis/build/icyphy/ptII/ptolemy/actor/lib/test/auto/WidthTestWithSubscriberPublisher3.xml
1 ms. Memory: 444416K Free: 288749K (65%)
----------------- Invoking toplevel() on ptolemy.moml.MoMLSimpleApplication@4ad6d8e8
----------------- Done invoking toplevel() on ptolemy.moml.MoMLSimpleApplication@4ad6d8e8
reloadAllAccessors: .WidthTestWithSubscriberPublisher3

===========================================================================================
----------------- testing Tue Jul 16 04:59:50 UTC 2019 /home/travis/build/icyphy/ptII/ptolemy/actor/lib/test/auto/Writer.xml
----------------- Instantiating /home/travis/build/icyphy/ptII/ptolemy/actor/lib/test/auto/Writer.xml
0
1
2
3
4
2 ms. Memory: 444416K Free: 284653K (64%)
----------------- Invoking toplevel() on ptolemy.moml.MoMLSimpleApplication@73f176d7
----------------- Done invoking toplevel() on ptolemy.moml.MoMLSimpleApplication@73f176d7
reloadAllAccessors: .Writer

===========================================================================================
----------------- testing Tue Jul 16 04:59:50 UTC 2019 /home/travis/build/icyphy/ptII/ptolemy/actor/lib/test/auto/array.xml
----------------- Instantiating /home/travis/build/icyphy/ptII/ptolemy/actor/lib/test/auto/array.xml
3 ms. Memory: 444416K Free: 279533K (63%)
----------------- Invoking toplevel() on ptolemy.moml.MoMLSimpleApplication@22b38875
----------------- Done invoking toplevel() on ptolemy.moml.MoMLSimpleApplication@22b38875
reloadAllAccessors: .array

===========================================================================================
----------------- testing Tue Jul 16 04:59:50 UTC 2019 /home/travis/build/icyphy/ptII/ptolemy/actor/lib/test/auto/array2.xml
----------------- Instantiating /home/travis/build/icyphy/ptII/ptolemy/actor/lib/test/auto/array2.xml
3 ms. Memory: 444416K Free: 274413K (62%)
----------------- Invoking toplevel() on ptolemy.moml.MoMLSimpleApplication@1dfd6799
----------------- Done invoking toplevel() on ptolemy.moml.MoMLSimpleApplication@1dfd6799
reloadAllAccessors: .array2

===========================================================================================
----------------- testing Tue Jul 16 04:59:50 UTC 2019 /home/travis/build/icyphy/ptII/ptolemy/actor/lib/test/auto/arrayType.xml
----------------- Instantiating /home/travis/build/icyphy/ptII/ptolemy/actor/lib/test/auto/arrayType.xml
2 ms. Memory: 444416K Free: 269293K (61%)
----------------- Invoking toplevel() on ptolemy.moml.MoMLSimpleApplication@279703aa
----------------- Done invoking toplevel() on ptolemy.moml.MoMLSimpleApplication@279703aa
reloadAllAccessors: .arrayType

===========================================================================================
----------------- testing Tue Jul 16 04:59:50 UTC 2019 /home/travis/build/icyphy/ptII/ptolemy/actor/lib/test/auto/arrayType10.xml
----------------- Instantiating /home/travis/build/icyphy/ptII/ptolemy/actor/lib/test/auto/arrayType10.xml
1 ms. Memory: 444416K Free: 264173K (59%)
----------------- Invoking toplevel() on ptolemy.moml.MoMLSimpleApplication@14c3a233
----------------- Done invoking toplevel() on ptolemy.moml.MoMLSimpleApplication@14c3a233
reloadAllAccessors: .arrayType10

===========================================================================================
----------------- testing Tue Jul 16 04:59:50 UTC 2019 /home/travis/build/icyphy/ptII/ptolemy/actor/lib/test/auto/arrayType11.xml
----------------- Instantiating /home/travis/build/icyphy/ptII/ptolemy/actor/lib/test/auto/arrayType11.xml
2 ms. Memory: 444416K Free: 259563K (58%)
----------------- Invoking toplevel() on ptolemy.moml.MoMLSimpleApplication@7fd7aef9
----------------- Done invoking toplevel() on ptolemy.moml.MoMLSimpleApplication@7fd7aef9
reloadAllAccessors: .arrayType11

===========================================================================================
----------------- testing Tue Jul 16 04:59:50 UTC 2019 /home/travis/build/icyphy/ptII/ptolemy/actor/lib/test/auto/arrayType12.xml
----------------- Instantiating /home/travis/build/icyphy/ptII/ptolemy/actor/lib/test/auto/arrayType12.xml
1 ms. Memory: 444416K Free: 254957K (57%)
----------------- Invoking toplevel() on ptolemy.moml.MoMLSimpleApplication@4bad75d4
----------------- Done invoking toplevel() on ptolemy.moml.MoMLSimpleApplication@4bad75d4
reloadAllAccessors: .arrayType12

===========================================================================================
----------------- testing Tue Jul 16 04:59:50 UTC 2019 /home/travis/build/icyphy/ptII/ptolemy/actor/lib/test/auto/arrayType13.xml
----------------- Instantiating /home/travis/build/icyphy/ptII/ptolemy/actor/lib/test/auto/arrayType13.xml
1 ms. Memory: 444416K Free: 249323K (56%)
----------------- Invoking toplevel() on ptolemy.moml.MoMLSimpleApplication@98f7878
----------------- Done invoking toplevel() on ptolemy.moml.MoMLSimpleApplication@98f7878
reloadAllAccessors: .arrayType13

===========================================================================================
----------------- testing Tue Jul 16 04:59:50 UTC 2019 /home/travis/build/icyphy/ptII/ptolemy/actor/lib/test/auto/arrayType14.xml
----------------- Instantiating /home/travis/build/icyphy/ptII/ptolemy/actor/lib/test/auto/arrayType14.xml
3 ms. Memory: 444416K Free: 244203K (55%)
----------------- Invoking toplevel() on ptolemy.moml.MoMLSimpleApplication@1e5643ed
----------------- Done invoking toplevel() on ptolemy.moml.MoMLSimpleApplication@1e5643ed
reloadAllAccessors: .arrayType14

===========================================================================================
----------------- testing Tue Jul 16 04:59:50 UTC 2019 /home/travis/build/icyphy/ptII/ptolemy/actor/lib/test/auto/arrayType15.xml
----------------- Instantiating /home/travis/build/icyphy/ptII/ptolemy/actor/lib/test/auto/arrayType15.xml
2 ms. Memory: 444416K Free: 238573K (54%)
----------------- Invoking toplevel() on ptolemy.moml.MoMLSimpleApplication@8ab7fd2
----------------- Done invoking toplevel() on ptolemy.moml.MoMLSimpleApplication@8ab7fd2
reloadAllAccessors: .arrayType15

===========================================================================================
----------------- testing Tue Jul 16 04:59:50 UTC 2019 /home/travis/build/icyphy/ptII/ptolemy/actor/lib/test/auto/arrayType16.xml
----------------- Instantiating /home/travis/build/icyphy/ptII/ptolemy/actor/lib/test/auto/arrayType16.xml
2 ms. Memory: 444416K Free: 233453K (53%)
----------------- Invoking toplevel() on ptolemy.moml.MoMLSimpleApplication@54852cf6
----------------- Done invoking toplevel() on ptolemy.moml.MoMLSimpleApplication@54852cf6
reloadAllAccessors: .arrayType16

===========================================================================================
----------------- testing Tue Jul 16 04:59:50 UTC 2019 /home/travis/build/icyphy/ptII/ptolemy/actor/lib/test/auto/arrayType17.xml
----------------- Instantiating /home/travis/build/icyphy/ptII/ptolemy/actor/lib/test/auto/arrayType17.xml
2 ms. Memory: 444416K Free: 228333K (51%)
----------------- Invoking toplevel() on ptolemy.moml.MoMLSimpleApplication@22d43945
----------------- Done invoking toplevel() on ptolemy.moml.MoMLSimpleApplication@22d43945
reloadAllAccessors: .arrayType17

===========================================================================================
----------------- testing Tue Jul 16 04:59:50 UTC 2019 /home/travis/build/icyphy/ptII/ptolemy/actor/lib/test/auto/arrayType18.xml
----------------- Instantiating /home/travis/build/icyphy/ptII/ptolemy/actor/lib/test/auto/arrayType18.xml
1 ms. Memory: 444416K Free: 223213K (50%)
----------------- Invoking toplevel() on ptolemy.moml.MoMLSimpleApplication@598d99ea
----------------- Done invoking toplevel() on ptolemy.moml.MoMLSimpleApplication@598d99ea
reloadAllAccessors: .arrayType18

===========================================================================================
----------------- testing Tue Jul 16 04:59:50 UTC 2019 /home/travis/build/icyphy/ptII/ptolemy/actor/lib/test/auto/arrayType19.xml
----------------- Instantiating /home/travis/build/icyphy/ptII/ptolemy/actor/lib/test/auto/arrayType19.xml
2 ms. Memory: 444416K Free: 218603K (49%)
----------------- Invoking toplevel() on ptolemy.moml.MoMLSimpleApplication@49735db8
----------------- Done invoking toplevel() on ptolemy.moml.MoMLSimpleApplication@49735db8
reloadAllAccessors: .arrayType19

===========================================================================================
----------------- testing Tue Jul 16 04:59:50 UTC 2019 /home/travis/build/icyphy/ptII/ptolemy/actor/lib/test/auto/arrayType2.xml
----------------- Instantiating /home/travis/build/icyphy/ptII/ptolemy/actor/lib/test/auto/arrayType2.xml
2 ms. Memory: 444416K Free: 213469K (48%)
----------------- Invoking toplevel() on ptolemy.moml.MoMLSimpleApplication@284804e3
----------------- Done invoking toplevel() on ptolemy.moml.MoMLSimpleApplication@284804e3
reloadAllAccessors: .arrayType2

===========================================================================================
----------------- testing Tue Jul 16 04:59:50 UTC 2019 /home/travis/build/icyphy/ptII/ptolemy/actor/lib/test/auto/arrayType20.xml
----------------- Instantiating /home/travis/build/icyphy/ptII/ptolemy/actor/lib/test/auto/arrayType20.xml
1 ms. Memory: 444416K Free: 208363K (47%)
----------------- Invoking toplevel() on ptolemy.moml.MoMLSimpleApplication@166c5f93
----------------- Done invoking toplevel() on ptolemy.moml.MoMLSimpleApplication@166c5f93
reloadAllAccessors: .arrayType20

===========================================================================================
----------------- testing Tue Jul 16 04:59:50 UTC 2019 /home/travis/build/icyphy/ptII/ptolemy/actor/lib/test/auto/arrayType21.xml
----------------- Instantiating /home/travis/build/icyphy/ptII/ptolemy/actor/lib/test/auto/arrayType21.xml
1 ms. Memory: 444416K Free: 203757K (46%)
----------------- Invoking toplevel() on ptolemy.moml.MoMLSimpleApplication@68ba9da5
----------------- Done invoking toplevel() on ptolemy.moml.MoMLSimpleApplication@68ba9da5
reloadAllAccessors: .arrayType21

===========================================================================================
----------------- testing Tue Jul 16 04:59:50 UTC 2019 /home/travis/build/icyphy/ptII/ptolemy/actor/lib/test/auto/arrayType22.xml
----------------- Instantiating /home/travis/build/icyphy/ptII/ptolemy/actor/lib/test/auto/arrayType22.xml
1 ms. Memory: 444416K Free: 198637K (45%)
----------------- Invoking toplevel() on ptolemy.moml.MoMLSimpleApplication@77e54f7e
----------------- Done invoking toplevel() on ptolemy.moml.MoMLSimpleApplication@77e54f7e
reloadAllAccessors: .arrayType22

===========================================================================================
----------------- testing Tue Jul 16 04:59:50 UTC 2019 /home/travis/build/icyphy/ptII/ptolemy/actor/lib/test/auto/arrayType23.xml
----------------- Instantiating /home/travis/build/icyphy/ptII/ptolemy/actor/lib/test/auto/arrayType23.xml
2 ms. Memory: 444416K Free: 194027K (44%)
----------------- Invoking toplevel() on ptolemy.moml.MoMLSimpleApplication@68c7245
----------------- Done invoking toplevel() on ptolemy.moml.MoMLSimpleApplication@68c7245
reloadAllAccessors: .arrayType23

===========================================================================================
----------------- testing Tue Jul 16 04:59:50 UTC 2019 /home/travis/build/icyphy/ptII/ptolemy/actor/lib/test/auto/arrayType24.xml
----------------- Instantiating /home/travis/build/icyphy/ptII/ptolemy/actor/lib/test/auto/arrayType24.xml
3 ms. Memory: 444416K Free: 188907K (43%)
----------------- Invoking toplevel() on ptolemy.moml.MoMLSimpleApplication@4597d4d8
----------------- Done invoking toplevel() on ptolemy.moml.MoMLSimpleApplication@4597d4d8
reloadAllAccessors: .arrayType24

===========================================================================================
----------------- testing Tue Jul 16 04:59:50 UTC 2019 /home/travis/build/icyphy/ptII/ptolemy/actor/lib/test/auto/arrayType25.xml
----------------- Instantiating /home/travis/build/icyphy/ptII/ptolemy/actor/lib/test/auto/arrayType25.xml
1 ms. Memory: 444416K Free: 183277K (41%)
----------------- Invoking toplevel() on ptolemy.moml.MoMLSimpleApplication@1e85b71d
----------------- Done invoking toplevel() on ptolemy.moml.MoMLSimpleApplication@1e85b71d
reloadAllAccessors: .arrayType25

===========================================================================================
----------------- testing Tue Jul 16 04:59:50 UTC 2019 /home/travis/build/icyphy/ptII/ptolemy/actor/lib/test/auto/arrayType26.xml
----------------- Instantiating /home/travis/build/icyphy/ptII/ptolemy/actor/lib/test/auto/arrayType26.xml
1 ms. Memory: 444416K Free: 178157K (40%)
----------------- Invoking toplevel() on ptolemy.moml.MoMLSimpleApplication@5a291996
----------------- Done invoking toplevel() on ptolemy.moml.MoMLSimpleApplication@5a291996
reloadAllAccessors: .arrayType26

===========================================================================================
----------------- testing Tue Jul 16 04:59:50 UTC 2019 /home/travis/build/icyphy/ptII/ptolemy/actor/lib/test/auto/arrayType27.xml
----------------- Instantiating /home/travis/build/icyphy/ptII/ptolemy/actor/lib/test/auto/arrayType27.xml
2 ms. Memory: 444416K Free: 172523K (39%)
----------------- Invoking toplevel() on ptolemy.moml.MoMLSimpleApplication@21a82fce
----------------- Done invoking toplevel() on ptolemy.moml.MoMLSimpleApplication@21a82fce
reloadAllAccessors: .arrayType27

===========================================================================================
----------------- testing Tue Jul 16 04:59:50 UTC 2019 /home/travis/build/icyphy/ptII/ptolemy/actor/lib/test/auto/arrayType28.xml
----------------- Instantiating /home/travis/build/icyphy/ptII/ptolemy/actor/lib/test/auto/arrayType28.xml
2 ms. Memory: 444416K Free: 167403K (38%)
----------------- Invoking toplevel() on ptolemy.moml.MoMLSimpleApplication@11d31141
----------------- Done invoking toplevel() on ptolemy.moml.MoMLSimpleApplication@11d31141
reloadAllAccessors: .arrayType28

===========================================================================================
----------------- testing Tue Jul 16 04:59:50 UTC 2019 /home/travis/build/icyphy/ptII/ptolemy/actor/lib/test/auto/arrayType3.xml
----------------- Instantiating /home/travis/build/icyphy/ptII/ptolemy/actor/lib/test/auto/arrayType3.xml
2 ms. Memory: 444416K Free: 162269K (37%)
----------------- Invoking toplevel() on ptolemy.moml.MoMLSimpleApplication@72376bb9
----------------- Done invoking toplevel() on ptolemy.moml.MoMLSimpleApplication@72376bb9
reloadAllAccessors: .arrayType3

===========================================================================================
----------------- testing Tue Jul 16 04:59:50 UTC 2019 /home/travis/build/icyphy/ptII/ptolemy/actor/lib/test/auto/arrayType4.xml
----------------- Instantiating /home/travis/build/icyphy/ptII/ptolemy/actor/lib/test/auto/arrayType4.xml
1 ms. Memory: 444416K Free: 156653K (35%)
----------------- Invoking toplevel() on ptolemy.moml.MoMLSimpleApplication@5312749a
----------------- Done invoking toplevel() on ptolemy.moml.MoMLSimpleApplication@5312749a
reloadAllAccessors: .arrayType4

===========================================================================================
----------------- testing Tue Jul 16 04:59:50 UTC 2019 /home/travis/build/icyphy/ptII/ptolemy/actor/lib/test/auto/arrayType5.xml
----------------- Instantiating /home/travis/build/icyphy/ptII/ptolemy/actor/lib/test/auto/arrayType5.xml
2 ms. Memory: 444416K Free: 151533K (34%)
----------------- Invoking toplevel() on ptolemy.moml.MoMLSimpleApplication@40526a89
----------------- Done invoking toplevel() on ptolemy.moml.MoMLSimpleApplication@40526a89
reloadAllAccessors: .arrayType5

===========================================================================================
----------------- testing Tue Jul 16 04:59:50 UTC 2019 /home/travis/build/icyphy/ptII/ptolemy/actor/lib/test/auto/arrayType6.xml
----------------- Instantiating /home/travis/build/icyphy/ptII/ptolemy/actor/lib/test/auto/arrayType6.xml
1 ms. Memory: 444416K Free: 146413K (33%)
----------------- Invoking toplevel() on ptolemy.moml.MoMLSimpleApplication@641bbfe7
----------------- Done invoking toplevel() on ptolemy.moml.MoMLSimpleApplication@641bbfe7
reloadAllAccessors: .arrayType6

===========================================================================================
----------------- testing Tue Jul 16 04:59:50 UTC 2019 /home/travis/build/icyphy/ptII/ptolemy/actor/lib/test/auto/arrayType7.xml
----------------- Instantiating /home/travis/build/icyphy/ptII/ptolemy/actor/lib/test/auto/arrayType7.xml
2 ms. Memory: 444416K Free: 141803K (32%)
----------------- Invoking toplevel() on ptolemy.moml.MoMLSimpleApplication@26b1b057
----------------- Done invoking toplevel() on ptolemy.moml.MoMLSimpleApplication@26b1b057
reloadAllAccessors: .arrayType7

===========================================================================================
----------------- testing Tue Jul 16 04:59:50 UTC 2019 /home/travis/build/icyphy/ptII/ptolemy/actor/lib/test/auto/arrayType8.xml
----------------- Instantiating /home/travis/build/icyphy/ptII/ptolemy/actor/lib/test/auto/arrayType8.xml
1 ms. Memory: 444416K Free: 137197K (31%)
----------------- Invoking toplevel() on ptolemy.moml.MoMLSimpleApplication@7da74ba5
----------------- Done invoking toplevel() on ptolemy.moml.MoMLSimpleApplication@7da74ba5
reloadAllAccessors: .arrayType8

===========================================================================================
----------------- testing Tue Jul 16 04:59:50 UTC 2019 /home/travis/build/icyphy/ptII/ptolemy/actor/lib/test/auto/arrayType9.xml
----------------- Instantiating /home/travis/build/icyphy/ptII/ptolemy/actor/lib/test/auto/arrayType9.xml
8 ms. Memory: 444416K Free: 132077K (30%)
----------------- Invoking toplevel() on ptolemy.moml.MoMLSimpleApplication@342d9943
----------------- Done invoking toplevel() on ptolemy.moml.MoMLSimpleApplication@342d9943
reloadAllAccessors: .arrayType9

===========================================================================================
----------------- testing Tue Jul 16 04:59:50 UTC 2019 /home/travis/build/icyphy/ptII/ptolemy/actor/lib/test/auto/cast.xml
----------------- Instantiating /home/travis/build/icyphy/ptII/ptolemy/actor/lib/test/auto/cast.xml
3 ms. Memory: 444416K Free: 387985K (87%)
----------------- Invoking toplevel() on ptolemy.moml.MoMLSimpleApplication@2c409f2
----------------- Done invoking toplevel() on ptolemy.moml.MoMLSimpleApplication@2c409f2
reloadAllAccessors: .cast

===========================================================================================
----------------- testing Tue Jul 16 04:59:50 UTC 2019 /home/travis/build/icyphy/ptII/ptolemy/actor/lib/test/auto/compositeMultiPort.xml
----------------- Instantiating /home/travis/build/icyphy/ptII/ptolemy/actor/lib/test/auto/compositeMultiPort.xml
4 ms. Memory: 444416K Free: 378769K (85%)
----------------- Invoking toplevel() on ptolemy.moml.MoMLSimpleApplication@4efee861
----------------- Done invoking toplevel() on ptolemy.moml.MoMLSimpleApplication@4efee861
reloadAllAccessors: .compositeMultiPort

===========================================================================================
----------------- testing Tue Jul 16 04:59:50 UTC 2019 /home/travis/build/icyphy/ptII/ptolemy/actor/lib/test/auto/expressionCastInference.xml
----------------- Instantiating /home/travis/build/icyphy/ptII/ptolemy/actor/lib/test/auto/expressionCastInference.xml
11 ms. Memory: 444416K Free: 374157K (84%)
----------------- Invoking toplevel() on ptolemy.moml.MoMLSimpleApplication@13c61569
----------------- Done invoking toplevel() on ptolemy.moml.MoMLSimpleApplication@13c61569
reloadAllAccessors: .expressionCastInference

===========================================================================================
----------------- testing Tue Jul 16 04:59:50 UTC 2019 /home/travis/build/icyphy/ptII/ptolemy/actor/lib/test/auto/expressionCastInference2.xml
----------------- Instantiating /home/travis/build/icyphy/ptII/ptolemy/actor/lib/test/auto/expressionCastInference2.xml
3 ms. Memory: 444416K Free: 369039K (83%)
----------------- Invoking toplevel() on ptolemy.moml.MoMLSimpleApplication@2fa9fb7e
----------------- Done invoking toplevel() on ptolemy.moml.MoMLSimpleApplication@2fa9fb7e
reloadAllAccessors: .expressionCastInference2

===========================================================================================
----------------- testing Tue Jul 16 04:59:50 UTC 2019 /home/travis/build/icyphy/ptII/ptolemy/actor/lib/test/auto/expressionInference.xml
----------------- Instantiating /home/travis/build/icyphy/ptII/ptolemy/actor/lib/test/auto/expressionInference.xml
1 ms. Memory: 444416K Free: 364943K (82%)
----------------- Invoking toplevel() on ptolemy.moml.MoMLSimpleApplication@2c2ca268
----------------- Done invoking toplevel() on ptolemy.moml.MoMLSimpleApplication@2c2ca268
reloadAllAccessors: .expressionInference

===========================================================================================
----------------- testing Tue Jul 16 04:59:50 UTC 2019 /home/travis/build/icyphy/ptII/ptolemy/actor/lib/test/auto/expression_bug.xml
----------------- Instantiating /home/travis/build/icyphy/ptII/ptolemy/actor/lib/test/auto/expression_bug.xml
2 ms. Memory: 444416K Free: 360847K (81%)
----------------- Invoking toplevel() on ptolemy.moml.MoMLSimpleApplication@7036707d
----------------- Done invoking toplevel() on ptolemy.moml.MoMLSimpleApplication@7036707d
reloadAllAccessors: .expression_bug

===========================================================================================
----------------- testing Tue Jul 16 04:59:50 UTC 2019 /home/travis/build/icyphy/ptII/ptolemy/actor/lib/test/auto/factorial.xml
----------------- Instantiating /home/travis/build/icyphy/ptII/ptolemy/actor/lib/test/auto/factorial.xml
47 ms. Memory: 444416K Free: 352145K (79%)
----------------- Invoking toplevel() on ptolemy.moml.MoMLSimpleApplication@6517c6a2
----------------- Done invoking toplevel() on ptolemy.moml.MoMLSimpleApplication@6517c6a2
reloadAllAccessors: .factorial

===========================================================================================
----------------- testing Tue Jul 16 04:59:51 UTC 2019 /home/travis/build/icyphy/ptII/ptolemy/actor/lib/test/auto/filterTest1.xml
----------------- Instantiating /home/travis/build/icyphy/ptII/ptolemy/actor/lib/test/auto/filterTest1.xml
3 ms. Memory: 444416K Free: 346497K (78%)
----------------- Invoking toplevel() on ptolemy.moml.MoMLSimpleApplication@4bb3ce2b
----------------- Done invoking toplevel() on ptolemy.moml.MoMLSimpleApplication@4bb3ce2b
reloadAllAccessors: .filterTest1

===========================================================================================
----------------- testing Tue Jul 16 04:59:51 UTC 2019 /home/travis/build/icyphy/ptII/ptolemy/actor/lib/test/auto/funcApplyInConst.xml
----------------- Instantiating /home/travis/build/icyphy/ptII/ptolemy/actor/lib/test/auto/funcApplyInConst.xml
1 ms. Memory: 444416K Free: 342415K (77%)
----------------- Invoking toplevel() on ptolemy.moml.MoMLSimpleApplication@5b6f6ddb
----------------- Done invoking toplevel() on ptolemy.moml.MoMLSimpleApplication@5b6f6ddb
reloadAllAccessors: .funcApplyInConst

===========================================================================================
----------------- testing Tue Jul 16 04:59:51 UTC 2019 /home/travis/build/icyphy/ptII/ptolemy/actor/lib/test/auto/funcApplyInExpr.xml
----------------- Instantiating /home/travis/build/icyphy/ptII/ptolemy/actor/lib/test/auto/funcApplyInExpr.xml
2 ms. Memory: 444416K Free: 338833K (76%)
----------------- Invoking toplevel() on ptolemy.moml.MoMLSimpleApplication@4ed8819b
----------------- Done invoking toplevel() on ptolemy.moml.MoMLSimpleApplication@4ed8819b
reloadAllAccessors: .funcApplyInExpr

===========================================================================================
----------------- testing Tue Jul 16 04:59:51 UTC 2019 /home/travis/build/icyphy/ptII/ptolemy/actor/lib/test/auto/function.xml
----------------- Instantiating /home/travis/build/icyphy/ptII/ptolemy/actor/lib/test/auto/function.xml
2 ms. Memory: 444416K Free: 333713K (75%)
----------------- Invoking toplevel() on ptolemy.moml.MoMLSimpleApplication@118896d9
----------------- Done invoking toplevel() on ptolemy.moml.MoMLSimpleApplication@118896d9
reloadAllAccessors: .function

===========================================================================================
----------------- testing Tue Jul 16 04:59:51 UTC 2019 /home/travis/build/icyphy/ptII/ptolemy/actor/lib/test/auto/function2.xml
----------------- Instantiating /home/travis/build/icyphy/ptII/ptolemy/actor/lib/test/auto/function2.xml
3 ms. Memory: 444416K Free: 329103K (74%)
----------------- Invoking toplevel() on ptolemy.moml.MoMLSimpleApplication@cd989c8
----------------- Done invoking toplevel() on ptolemy.moml.MoMLSimpleApplication@cd989c8
reloadAllAccessors: .function2

===========================================================================================
----------------- testing Tue Jul 16 04:59:51 UTC 2019 /home/travis/build/icyphy/ptII/ptolemy/actor/lib/test/auto/function3.xml
----------------- Instantiating /home/travis/build/icyphy/ptII/ptolemy/actor/lib/test/auto/function3.xml
2 ms. Memory: 444416K Free: 325007K (73%)
----------------- Invoking toplevel() on ptolemy.moml.MoMLSimpleApplication@a263414
----------------- Done invoking toplevel() on ptolemy.moml.MoMLSimpleApplication@a263414
reloadAllAccessors: .function3

===========================================================================================
----------------- testing Tue Jul 16 04:59:51 UTC 2019 /home/travis/build/icyphy/ptII/ptolemy/actor/lib/test/auto/functionClosureTest1.xml
----------------- Instantiating /home/travis/build/icyphy/ptII/ptolemy/actor/lib/test/auto/functionClosureTest1.xml
2 ms. Memory: 444416K Free: 319377K (72%)
----------------- Invoking toplevel() on ptolemy.moml.MoMLSimpleApplication@6e108aaa
----------------- Done invoking toplevel() on ptolemy.moml.MoMLSimpleApplication@6e108aaa
reloadAllAccessors: .functionClosureTest1

===========================================================================================
----------------- testing Tue Jul 16 04:59:51 UTC 2019 /home/travis/build/icyphy/ptII/ptolemy/actor/lib/test/auto/functionClosureTest2.xml
----------------- Instantiating /home/travis/build/icyphy/ptII/ptolemy/actor/lib/test/auto/functionClosureTest2.xml
1 ms. Memory: 444416K Free: 315281K (71%)
----------------- Invoking toplevel() on ptolemy.moml.MoMLSimpleApplication@101b1619
----------------- Done invoking toplevel() on ptolemy.moml.MoMLSimpleApplication@101b1619
reloadAllAccessors: .functionClosureTest2

===========================================================================================
----------------- testing Tue Jul 16 04:59:51 UTC 2019 /home/travis/build/icyphy/ptII/ptolemy/actor/lib/test/auto/functionClosureTest3.xml
----------------- Instantiating /home/travis/build/icyphy/ptII/ptolemy/actor/lib/test/auto/functionClosureTest3.xml
2 ms. Memory: 444416K Free: 310161K (70%)
----------------- Invoking toplevel() on ptolemy.moml.MoMLSimpleApplication@7cf0fc51
----------------- Done invoking toplevel() on ptolemy.moml.MoMLSimpleApplication@7cf0fc51
reloadAllAccessors: .functionClosureTest3

===========================================================================================
----------------- testing Tue Jul 16 04:59:51 UTC 2019 /home/travis/build/icyphy/ptII/ptolemy/actor/lib/test/auto/functionClosureTest4.xml
----------------- Instantiating /home/travis/build/icyphy/ptII/ptolemy/actor/lib/test/auto/functionClosureTest4.xml
5 ms. Memory: 444416K Free: 303503K (68%)
----------------- Invoking toplevel() on ptolemy.moml.MoMLSimpleApplication@105af7c8
----------------- Done invoking toplevel() on ptolemy.moml.MoMLSimpleApplication@105af7c8
reloadAllAccessors: .functionClosureTest4

===========================================================================================
----------------- testing Tue Jul 16 04:59:51 UTC 2019 /home/travis/build/icyphy/ptII/ptolemy/actor/lib/test/auto/functionClosureTest5.xml
----------------- Instantiating /home/travis/build/icyphy/ptII/ptolemy/actor/lib/test/auto/functionClosureTest5.xml
5 ms. Memory: 444416K Free: 298369K (67%)
----------------- Invoking toplevel() on ptolemy.moml.MoMLSimpleApplication@56c63648
----------------- Done invoking toplevel() on ptolemy.moml.MoMLSimpleApplication@56c63648
reloadAllAccessors: .functionClosureTest5

===========================================================================================
----------------- testing Tue Jul 16 04:59:51 UTC 2019 /home/travis/build/icyphy/ptII/ptolemy/actor/lib/test/auto/functionClosureTest6.xml
----------------- Instantiating /home/travis/build/icyphy/ptII/ptolemy/actor/lib/test/auto/functionClosureTest6.xml
2 ms. Memory: 444416K Free: 293263K (66%)
----------------- Invoking toplevel() on ptolemy.moml.MoMLSimpleApplication@39a61417
----------------- Done invoking toplevel() on ptolemy.moml.MoMLSimpleApplication@39a61417
reloadAllAccessors: .functionClosureTest6

===========================================================================================
----------------- testing Tue Jul 16 04:59:51 UTC 2019 /home/travis/build/icyphy/ptII/ptolemy/actor/lib/test/auto/functionsOnArcs.xml
----------------- Instantiating /home/travis/build/icyphy/ptII/ptolemy/actor/lib/test/auto/functionsOnArcs.xml
2 ms. Memory: 444416K Free: 288143K (65%)
----------------- Invoking toplevel() on ptolemy.moml.MoMLSimpleApplication@1453776
----------------- Done invoking toplevel() on ptolemy.moml.MoMLSimpleApplication@1453776
reloadAllAccessors: .functionsOnArcs

===========================================================================================
----------------- testing Tue Jul 16 04:59:51 UTC 2019 /home/travis/build/icyphy/ptII/ptolemy/actor/lib/test/auto/functionsOnArcsHOF.xml
----------------- Instantiating /home/travis/build/icyphy/ptII/ptolemy/actor/lib/test/auto/functionsOnArcsHOF.xml
4 ms. Memory: 444416K Free: 281999K (63%)
----------------- Invoking toplevel() on ptolemy.moml.MoMLSimpleApplication@4230333
----------------- Done invoking toplevel() on ptolemy.moml.MoMLSimpleApplication@4230333
reloadAllAccessors: .functionsOnArcsHOF

===========================================================================================
----------------- testing Tue Jul 16 04:59:51 UTC 2019 /home/travis/build/icyphy/ptII/ptolemy/actor/lib/test/auto/logic.xml
----------------- Instantiating /home/travis/build/icyphy/ptII/ptolemy/actor/lib/test/auto/logic.xml
2 ms. Memory: 444416K Free: 274831K (62%)
----------------- Invoking toplevel() on ptolemy.moml.MoMLSimpleApplication@481da1f3
----------------- Done invoking toplevel() on ptolemy.moml.MoMLSimpleApplication@481da1f3
reloadAllAccessors: .logic

===========================================================================================
----------------- testing Tue Jul 16 04:59:51 UTC 2019 /home/travis/build/icyphy/ptII/ptolemy/actor/lib/test/auto/matrixType.xml
----------------- Instantiating /home/travis/build/icyphy/ptII/ptolemy/actor/lib/test/auto/matrixType.xml
2 ms. Memory: 444416K Free: 269711K (61%)
----------------- Invoking toplevel() on ptolemy.moml.MoMLSimpleApplication@59788457
----------------- Done invoking toplevel() on ptolemy.moml.MoMLSimpleApplication@59788457
reloadAllAccessors: .matrixType

===========================================================================================
----------------- testing Tue Jul 16 04:59:51 UTC 2019 /home/travis/build/icyphy/ptII/ptolemy/actor/lib/test/auto/matrixType10.xml
----------------- Instantiating /home/travis/build/icyphy/ptII/ptolemy/actor/lib/test/auto/matrixType10.xml
2 ms. Memory: 444416K Free: 264591K (60%)
----------------- Invoking toplevel() on ptolemy.moml.MoMLSimpleApplication@42569da1
----------------- Done invoking toplevel() on ptolemy.moml.MoMLSimpleApplication@42569da1
reloadAllAccessors: .matrixType10

===========================================================================================
----------------- testing Tue Jul 16 04:59:51 UTC 2019 /home/travis/build/icyphy/ptII/ptolemy/actor/lib/test/auto/matrixType11.xml
----------------- Instantiating /home/travis/build/icyphy/ptII/ptolemy/actor/lib/test/auto/matrixType11.xml
1 ms. Memory: 444416K Free: 259985K (59%)
----------------- Invoking toplevel() on ptolemy.moml.MoMLSimpleApplication@3c4396f1
----------------- Done invoking toplevel() on ptolemy.moml.MoMLSimpleApplication@3c4396f1
reloadAllAccessors: .matrixType11

===========================================================================================
----------------- testing Tue Jul 16 04:59:51 UTC 2019 /home/travis/build/icyphy/ptII/ptolemy/actor/lib/test/auto/matrixType12.xml
----------------- Instantiating /home/travis/build/icyphy/ptII/ptolemy/actor/lib/test/auto/matrixType12.xml
1 ms. Memory: 444416K Free: 254865K (57%)
----------------- Invoking toplevel() on ptolemy.moml.MoMLSimpleApplication@6717ed74
----------------- Done invoking toplevel() on ptolemy.moml.MoMLSimpleApplication@6717ed74
reloadAllAccessors: .matrixType12

===========================================================================================
----------------- testing Tue Jul 16 04:59:51 UTC 2019 /home/travis/build/icyphy/ptII/ptolemy/actor/lib/test/auto/matrixType13.xml
----------------- Instantiating /home/travis/build/icyphy/ptII/ptolemy/actor/lib/test/auto/matrixType13.xml
1 ms. Memory: 444416K Free: 250255K (56%)
----------------- Invoking toplevel() on ptolemy.moml.MoMLSimpleApplication@52cc6b75
----------------- Done invoking toplevel() on ptolemy.moml.MoMLSimpleApplication@52cc6b75
reloadAllAccessors: .matrixType13

===========================================================================================
----------------- testing Tue Jul 16 04:59:51 UTC 2019 /home/travis/build/icyphy/ptII/ptolemy/actor/lib/test/auto/matrixType14.xml
----------------- Instantiating /home/travis/build/icyphy/ptII/ptolemy/actor/lib/test/auto/matrixType14.xml
1 ms. Memory: 444416K Free: 245135K (55%)
----------------- Invoking toplevel() on ptolemy.moml.MoMLSimpleApplication@7fd15e6
----------------- Done invoking toplevel() on ptolemy.moml.MoMLSimpleApplication@7fd15e6
reloadAllAccessors: .matrixType14

===========================================================================================
----------------- testing Tue Jul 16 04:59:51 UTC 2019 /home/travis/build/icyphy/ptII/ptolemy/actor/lib/test/auto/matrixType2.xml
----------------- Instantiating /home/travis/build/icyphy/ptII/ptolemy/actor/lib/test/auto/matrixType2.xml
2 ms. Memory: 444416K Free: 240015K (54%)
----------------- Invoking toplevel() on ptolemy.moml.MoMLSimpleApplication@23a1bd55
----------------- Done invoking toplevel() on ptolemy.moml.MoMLSimpleApplication@23a1bd55
reloadAllAccessors: .matrixType2

===========================================================================================
----------------- testing Tue Jul 16 04:59:51 UTC 2019 /home/travis/build/icyphy/ptII/ptolemy/actor/lib/test/auto/matrixType3.xml
----------------- Instantiating /home/travis/build/icyphy/ptII/ptolemy/actor/lib/test/auto/matrixType3.xml
4 ms. Memory: 444416K Free: 234895K (53%)
----------------- Invoking toplevel() on ptolemy.moml.MoMLSimpleApplication@372ff1ea
----------------- Done invoking toplevel() on ptolemy.moml.MoMLSimpleApplication@372ff1ea
reloadAllAccessors: .matrixType3

===========================================================================================
----------------- testing Tue Jul 16 04:59:51 UTC 2019 /home/travis/build/icyphy/ptII/ptolemy/actor/lib/test/auto/matrixType4.xml
----------------- Instantiating /home/travis/build/icyphy/ptII/ptolemy/actor/lib/test/auto/matrixType4.xml
2 ms. Memory: 444416K Free: 230289K (52%)
----------------- Invoking toplevel() on ptolemy.moml.MoMLSimpleApplication@6e4cea39
----------------- Done invoking toplevel() on ptolemy.moml.MoMLSimpleApplication@6e4cea39
reloadAllAccessors: .matrixType4

===========================================================================================
----------------- testing Tue Jul 16 04:59:51 UTC 2019 /home/travis/build/icyphy/ptII/ptolemy/actor/lib/test/auto/matrixType5.xml
----------------- Instantiating /home/travis/build/icyphy/ptII/ptolemy/actor/lib/test/auto/matrixType5.xml
2 ms. Memory: 444416K Free: 225169K (51%)
----------------- Invoking toplevel() on ptolemy.moml.MoMLSimpleApplication@28a8152f
----------------- Done invoking toplevel() on ptolemy.moml.MoMLSimpleApplication@28a8152f
reloadAllAccessors: .matrixType5

===========================================================================================
----------------- testing Tue Jul 16 04:59:51 UTC 2019 /home/travis/build/icyphy/ptII/ptolemy/actor/lib/test/auto/matrixType6.xml
----------------- Instantiating /home/travis/build/icyphy/ptII/ptolemy/actor/lib/test/auto/matrixType6.xml
2 ms. Memory: 444416K Free: 220049K (50%)
----------------- Invoking toplevel() on ptolemy.moml.MoMLSimpleApplication@6be0b026
----------------- Done invoking toplevel() on ptolemy.moml.MoMLSimpleApplication@6be0b026
reloadAllAccessors: .matrixType6

===========================================================================================
----------------- testing Tue Jul 16 04:59:51 UTC 2019 /home/travis/build/icyphy/ptII/ptolemy/actor/lib/test/auto/matrixType7.xml
----------------- Instantiating /home/travis/build/icyphy/ptII/ptolemy/actor/lib/test/auto/matrixType7.xml
2 ms. Memory: 444416K Free: 215439K (48%)
----------------- Invoking toplevel() on ptolemy.moml.MoMLSimpleApplication@50893b15
----------------- Done invoking toplevel() on ptolemy.moml.MoMLSimpleApplication@50893b15
reloadAllAccessors: .matrixType7

===========================================================================================
----------------- testing Tue Jul 16 04:59:51 UTC 2019 /home/travis/build/icyphy/ptII/ptolemy/actor/lib/test/auto/matrixType8.xml
----------------- Instantiating /home/travis/build/icyphy/ptII/ptolemy/actor/lib/test/auto/matrixType8.xml
2 ms. Memory: 444416K Free: 210319K (47%)
----------------- Invoking toplevel() on ptolemy.moml.MoMLSimpleApplication@4614dca9
----------------- Done invoking toplevel() on ptolemy.moml.MoMLSimpleApplication@4614dca9
reloadAllAccessors: .matrixType8

===========================================================================================
----------------- testing Tue Jul 16 04:59:51 UTC 2019 /home/travis/build/icyphy/ptII/ptolemy/actor/lib/test/auto/matrixType9.xml
----------------- Instantiating /home/travis/build/icyphy/ptII/ptolemy/actor/lib/test/auto/matrixType9.xml
1 ms. Memory: 444416K Free: 205713K (46%)
----------------- Invoking toplevel() on ptolemy.moml.MoMLSimpleApplication@3449d81a
----------------- Done invoking toplevel() on ptolemy.moml.MoMLSimpleApplication@3449d81a
reloadAllAccessors: .matrixType9

===========================================================================================
----------------- testing Tue Jul 16 04:59:51 UTC 2019 /home/travis/build/icyphy/ptII/ptolemy/actor/lib/test/auto/paraFunctest.xml
----------------- Instantiating /home/travis/build/icyphy/ptII/ptolemy/actor/lib/test/auto/paraFunctest.xml
1 ms. Memory: 444416K Free: 201617K (45%)
----------------- Invoking toplevel() on ptolemy.moml.MoMLSimpleApplication@24e6cb04
----------------- Done invoking toplevel() on ptolemy.moml.MoMLSimpleApplication@24e6cb04
reloadAllAccessors: .paraFunctest

===========================================================================================
----------------- testing Tue Jul 16 04:59:51 UTC 2019 /home/travis/build/icyphy/ptII/ptolemy/actor/lib/test/auto/paraFunctest2.xml
----------------- Instantiating /home/travis/build/icyphy/ptII/ptolemy/actor/lib/test/auto/paraFunctest2.xml
1 ms. Memory: 444416K Free: 197007K (44%)
----------------- Invoking toplevel() on ptolemy.moml.MoMLSimpleApplication@2b2d7763
----------------- Done invoking toplevel() on ptolemy.moml.MoMLSimpleApplication@2b2d7763
reloadAllAccessors: .paraFunctest2

===========================================================================================
----------------- testing Tue Jul 16 04:59:51 UTC 2019 /home/travis/build/icyphy/ptII/ptolemy/actor/lib/test/auto/parameterPassing.xml
----------------- Instantiating /home/travis/build/icyphy/ptII/ptolemy/actor/lib/test/auto/parameterPassing.xml
1 ms. Memory: 444416K Free: 192401K (43%)
----------------- Invoking toplevel() on ptolemy.moml.MoMLSimpleApplication@59d74a1d
----------------- Done invoking toplevel() on ptolemy.moml.MoMLSimpleApplication@59d74a1d
reloadAllAccessors: .parameterPassing

===========================================================================================
----------------- testing Tue Jul 16 04:59:51 UTC 2019 /home/travis/build/icyphy/ptII/ptolemy/actor/lib/test/auto/record.xml
----------------- Instantiating /home/travis/build/icyphy/ptII/ptolemy/actor/lib/test/auto/record.xml
3 ms. Memory: 444416K Free: 187791K (42%)
----------------- Invoking toplevel() on ptolemy.moml.MoMLSimpleApplication@3d320c8e
----------------- Done invoking toplevel() on ptolemy.moml.MoMLSimpleApplication@3d320c8e
reloadAllAccessors: .record

===========================================================================================
----------------- testing Tue Jul 16 04:59:51 UTC 2019 /home/travis/build/icyphy/ptII/ptolemy/actor/lib/test/auto/sizedarray1.xml
----------------- Instantiating /home/travis/build/icyphy/ptII/ptolemy/actor/lib/test/auto/sizedarray1.xml
2 ms. Memory: 444416K Free: 182161K (41%)
----------------- Invoking toplevel() on ptolemy.moml.MoMLSimpleApplication@54a3924e
----------------- Done invoking toplevel() on ptolemy.moml.MoMLSimpleApplication@54a3924e
reloadAllAccessors: .sizedarray1

===========================================================================================
----------------- testing Tue Jul 16 04:59:51 UTC 2019 /home/travis/build/icyphy/ptII/ptolemy/actor/lib/test/auto/sizedarray2.xml
----------------- Instantiating /home/travis/build/icyphy/ptII/ptolemy/actor/lib/test/auto/sizedarray2.xml
2 ms. Memory: 444416K Free: 176527K (40%)
----------------- Invoking toplevel() on ptolemy.moml.MoMLSimpleApplication@6114fe58
----------------- Done invoking toplevel() on ptolemy.moml.MoMLSimpleApplication@6114fe58
reloadAllAccessors: .sizedarray2

===========================================================================================
----------------- testing Tue Jul 16 04:59:51 UTC 2019 /home/travis/build/icyphy/ptII/ptolemy/actor/lib/test/auto/twoPublishers.xml
----------------- Instantiating /home/travis/build/icyphy/ptII/ptolemy/actor/lib/test/auto/twoPublishers.xml
6 ms. Memory: 444416K Free: 165777K (37%)
----------------- Invoking toplevel() on ptolemy.moml.MoMLSimpleApplication@3683bb24
----------------- Done invoking toplevel() on ptolemy.moml.MoMLSimpleApplication@3683bb24
reloadAllAccessors: .twoPublishers
AutoTests.java: About to close Vertx.
AutoTests.java: Vertx closed.
]]></system-out>
  <system-err><![CDATA[java.lang.RuntimeException: Execution failed
	at ptolemy.moml.MoMLSimpleApplication$UnloadThread.run(MoMLSimpleApplication.java:402)
Caused by: java.lang.RuntimeException: StringUtilities.exit() was called. Normally, we would exit here because Manager.exitAfterWrapup() was called.  However, because the ptolemy.ptII.exitAfterWrapup property is set, we throw this exception instead.
	at ptolemy.util.StringUtilities.exit(StringUtilities.java:363)
	at ptolemy.actor.Manager.wrapup(Manager.java:1531)
	at ptolemy.actor.Manager.execute(Manager.java:407)
	at ptolemy.actor.Manager.run(Manager.java:1263)
	at ptolemy.actor.Manager$PtolemyRunThread.run(Manager.java:1915)
Warning: '.top.test' is in training mode, set the trainingMode parameter to false before checking in
Warning: '.top.test' is in training mode, set the trainingMode parameter to false before checking in
Warning: '.top.test' is in training mode, set the trainingMode parameter to false before checking in
Warning: '.BooleanSwitch_RegressionTest_WrongTrainingValues.Test' is in training mode, set the trainingMode parameter to false before checking in
Warning: '.BooleanSwitch_RegressionTest_WrongTrainingValues.Test2' is in training mode, set the trainingMode parameter to false before checking in
Warning: '.BooleanSwitch_RegressionTest_WrongTrainingValues.Test2' The test produced 0 tokens.
Warning: '.top.testExceptionHandler' is in training mode, set the trainingMode parameter to false before checking in
java.lang.RuntimeException: Execution failed
	at ptolemy.moml.MoMLSimpleApplication$UnloadThread.run(MoMLSimpleApplication.java:402)
Caused by: ptolemy.kernel.util.IllegalActionException: PublisherPorts cannot be used at the top level, use a Publisher actor instead.
  in .PublisherPortToplevelSubscriber.PublisherPort
	at ptolemy.actor.PublisherPort.preinitialize(PublisherPort.java:403)
	at ptolemy.actor.CompositeActor.preinitialize(CompositeActor.java:1769)
	at ptolemy.actor.Manager.preinitializeAndResolveTypes(Manager.java:1040)
	at ptolemy.actor.Manager.initialize(Manager.java:710)
	at ptolemy.actor.Manager.execute(Manager.java:356)
	at ptolemy.actor.Manager.run(Manager.java:1263)
	at ptolemy.actor.Manager$PtolemyRunThread.run(Manager.java:1915)
java.lang.reflect.InvocationTargetException
	at java.base/jdk.internal.reflect.NativeConstructorAccessorImpl.newInstance0(Native Method)
	at java.base/jdk.internal.reflect.NativeConstructorAccessorImpl.newInstance(NativeConstructorAccessorImpl.java:62)
	at java.base/jdk.internal.reflect.DelegatingConstructorAccessorImpl.newInstance(DelegatingConstructorAccessorImpl.java:45)
	at java.base/java.lang.reflect.Constructor.newInstance(Constructor.java:490)
	at ptolemy.util.test.junit.AutoKnownFailedTests.RunModel(AutoKnownFailedTests.java:105)
	at java.base/jdk.internal.reflect.NativeMethodAccessorImpl.invoke0(Native Method)
	at java.base/jdk.internal.reflect.NativeMethodAccessorImpl.invoke(NativeMethodAccessorImpl.java:62)
	at java.base/jdk.internal.reflect.DelegatingMethodAccessorImpl.invoke(DelegatingMethodAccessorImpl.java:43)
	at java.base/java.lang.reflect.Method.invoke(Method.java:566)
	at org.junit.runners.model.FrameworkMethod$1.runReflectiveCall(FrameworkMethod.java:44)
	at org.junit.internal.runners.model.ReflectiveCallable.run(ReflectiveCallable.java:15)
	at org.junit.runners.model.FrameworkMethod.invokeExplosively(FrameworkMethod.java:41)
	at junitparams.internal.InvokeParameterisedMethod.evaluate(InvokeParameterisedMethod.java:102)
	at org.junit.internal.runners.statements.FailOnTimeout$1.run(FailOnTimeout.java:28)
Caused by: ptolemy.kernel.util.IllegalActionException: PublisherPorts cannot be used at the top level, use a Publisher actor instead.
  in .PublisherPortToplevelSubscriber.PublisherPort
	at ptolemy.actor.PublisherPort.preinitialize(PublisherPort.java:403)
	at ptolemy.actor.CompositeActor.preinitialize(CompositeActor.java:1769)
	at ptolemy.actor.Manager.preinitializeAndResolveTypes(Manager.java:1040)
	at ptolemy.actor.Manager.initialize(Manager.java:710)
	at ptolemy.actor.Manager.execute(Manager.java:356)
	at ptolemy.actor.Manager.run(Manager.java:1263)
	at ptolemy.actor.Manager$PtolemyRunThread.run(Manager.java:1915)
java.lang.RuntimeException: Execution failed
	at ptolemy.moml.MoMLSimpleApplication$UnloadThread.run(MoMLSimpleApplication.java:402)
Caused by: ptolemy.kernel.util.IllegalActionException: SubscriberPorts cannot be used at the top level, use a Subscriber actor instead.
  in .PublisherSubscriberPortToplevel.SubscriberPort
	at ptolemy.actor.SubscriberPort.preinitialize(SubscriberPort.java:328)
	at ptolemy.actor.CompositeActor.preinitialize(CompositeActor.java:1769)
	at ptolemy.actor.Manager.preinitializeAndResolveTypes(Manager.java:1040)
	at ptolemy.actor.Manager.initialize(Manager.java:710)
	at ptolemy.actor.Manager.execute(Manager.java:356)
	at ptolemy.actor.Manager.run(Manager.java:1263)
	at ptolemy.actor.Manager$PtolemyRunThread.run(Manager.java:1915)
java.lang.reflect.InvocationTargetException
	at java.base/jdk.internal.reflect.NativeConstructorAccessorImpl.newInstance0(Native Method)
	at java.base/jdk.internal.reflect.NativeConstructorAccessorImpl.newInstance(NativeConstructorAccessorImpl.java:62)
	at java.base/jdk.internal.reflect.DelegatingConstructorAccessorImpl.newInstance(DelegatingConstructorAccessorImpl.java:45)
	at java.base/java.lang.reflect.Constructor.newInstance(Constructor.java:490)
	at ptolemy.util.test.junit.AutoKnownFailedTests.RunModel(AutoKnownFailedTests.java:105)
	at java.base/jdk.internal.reflect.NativeMethodAccessorImpl.invoke0(Native Method)
	at java.base/jdk.internal.reflect.NativeMethodAccessorImpl.invoke(NativeMethodAccessorImpl.java:62)
	at java.base/jdk.internal.reflect.DelegatingMethodAccessorImpl.invoke(DelegatingMethodAccessorImpl.java:43)
	at java.base/java.lang.reflect.Method.invoke(Method.java:566)
	at org.junit.runners.model.FrameworkMethod$1.runReflectiveCall(FrameworkMethod.java:44)
	at org.junit.internal.runners.model.ReflectiveCallable.run(ReflectiveCallable.java:15)
	at org.junit.runners.model.FrameworkMethod.invokeExplosively(FrameworkMethod.java:41)
	at junitparams.internal.InvokeParameterisedMethod.evaluate(InvokeParameterisedMethod.java:102)
	at org.junit.internal.runners.statements.FailOnTimeout$1.run(FailOnTimeout.java:28)
Caused by: ptolemy.kernel.util.IllegalActionException: SubscriberPorts cannot be used at the top level, use a Subscriber actor instead.
  in .PublisherSubscriberPortToplevel.SubscriberPort
	at ptolemy.actor.SubscriberPort.preinitialize(SubscriberPort.java:328)
	at ptolemy.actor.CompositeActor.preinitialize(CompositeActor.java:1769)
	at ptolemy.actor.Manager.preinitializeAndResolveTypes(Manager.java:1040)
	at ptolemy.actor.Manager.initialize(Manager.java:710)
	at ptolemy.actor.Manager.execute(Manager.java:356)
	at ptolemy.actor.Manager.run(Manager.java:1263)
	at ptolemy.actor.Manager$PtolemyRunThread.run(Manager.java:1915)
java.lang.RuntimeException: Execution failed
	at ptolemy.moml.MoMLSimpleApplication$UnloadThread.run(MoMLSimpleApplication.java:402)
Caused by: ptolemy.kernel.util.IllegalActionException: SubscriptionAggregatorPorts cannot be used at the top level, use a SubscriptionAggregator actor instead.
  in .PublisherSubscriptionAggregatorPort.SubscriptionAggregatorPort
	at ptolemy.actor.SubscriptionAggregatorPort.preinitialize(SubscriptionAggregatorPort.java:353)
	at ptolemy.actor.CompositeActor.preinitialize(CompositeActor.java:1769)
	at ptolemy.actor.Manager.preinitializeAndResolveTypes(Manager.java:1040)
	at ptolemy.actor.Manager.initialize(Manager.java:710)
	at ptolemy.actor.Manager.execute(Manager.java:356)
	at ptolemy.actor.Manager.run(Manager.java:1263)
	at ptolemy.actor.Manager$PtolemyRunThread.run(Manager.java:1915)
java.lang.reflect.InvocationTargetException
	at java.base/jdk.internal.reflect.NativeConstructorAccessorImpl.newInstance0(Native Method)
	at java.base/jdk.internal.reflect.NativeConstructorAccessorImpl.newInstance(NativeConstructorAccessorImpl.java:62)
	at java.base/jdk.internal.reflect.DelegatingConstructorAccessorImpl.newInstance(DelegatingConstructorAccessorImpl.java:45)
	at java.base/java.lang.reflect.Constructor.newInstance(Constructor.java:490)
	at ptolemy.util.test.junit.AutoKnownFailedTests.RunModel(AutoKnownFailedTests.java:105)
	at java.base/jdk.internal.reflect.NativeMethodAccessorImpl.invoke0(Native Method)
	at java.base/jdk.internal.reflect.NativeMethodAccessorImpl.invoke(NativeMethodAccessorImpl.java:62)
	at java.base/jdk.internal.reflect.DelegatingMethodAccessorImpl.invoke(DelegatingMethodAccessorImpl.java:43)
	at java.base/java.lang.reflect.Method.invoke(Method.java:566)
	at org.junit.runners.model.FrameworkMethod$1.runReflectiveCall(FrameworkMethod.java:44)
	at org.junit.internal.runners.model.ReflectiveCallable.run(ReflectiveCallable.java:15)
	at org.junit.runners.model.FrameworkMethod.invokeExplosively(FrameworkMethod.java:41)
	at junitparams.internal.InvokeParameterisedMethod.evaluate(InvokeParameterisedMethod.java:102)
	at org.junit.internal.runners.statements.FailOnTimeout$1.run(FailOnTimeout.java:28)
Caused by: ptolemy.kernel.util.IllegalActionException: SubscriptionAggregatorPorts cannot be used at the top level, use a SubscriptionAggregator actor instead.
  in .PublisherSubscriptionAggregatorPort.SubscriptionAggregatorPort
	at ptolemy.actor.SubscriptionAggregatorPort.preinitialize(SubscriptionAggregatorPort.java:353)
	at ptolemy.actor.CompositeActor.preinitialize(CompositeActor.java:1769)
	at ptolemy.actor.Manager.preinitializeAndResolveTypes(Manager.java:1040)
	at ptolemy.actor.Manager.initialize(Manager.java:710)
	at ptolemy.actor.Manager.execute(Manager.java:356)
	at ptolemy.actor.Manager.run(Manager.java:1263)
	at ptolemy.actor.Manager$PtolemyRunThread.run(Manager.java:1915)
java.lang.RuntimeException: Execution failed
	at ptolemy.moml.MoMLSimpleApplication$UnloadThread.run(MoMLSimpleApplication.java:402)
Caused by: ptolemy.kernel.util.IllegalActionException: TypeTest actor has no training data.
  in .sizedarray3.TypeTest
	at ptolemy.actor.lib.TypeTest.initialize(TypeTest.java:250)
	at ptolemy.actor.Director.initialize(Director.java:938)
	at ptolemy.actor.Director.initialize(Director.java:907)
	at ptolemy.actor.sched.StaticSchedulingDirector.initialize(StaticSchedulingDirector.java:159)
	at ptolemy.domains.sdf.kernel.SDFDirector.initialize(SDFDirector.java:544)
	at ptolemy.actor.CompositeActor.initialize(CompositeActor.java:935)
	at ptolemy.actor.Manager.initialize(Manager.java:724)
	at ptolemy.actor.Manager.execute(Manager.java:356)
	at ptolemy.actor.Manager.run(Manager.java:1263)
	at ptolemy.actor.Manager$PtolemyRunThread.run(Manager.java:1915)
java.lang.reflect.InvocationTargetException
	at java.base/jdk.internal.reflect.NativeConstructorAccessorImpl.newInstance0(Native Method)
	at java.base/jdk.internal.reflect.NativeConstructorAccessorImpl.newInstance(NativeConstructorAccessorImpl.java:62)
	at java.base/jdk.internal.reflect.DelegatingConstructorAccessorImpl.newInstance(DelegatingConstructorAccessorImpl.java:45)
	at java.base/java.lang.reflect.Constructor.newInstance(Constructor.java:490)
	at ptolemy.util.test.junit.AutoKnownFailedTests.RunModel(AutoKnownFailedTests.java:105)
	at java.base/jdk.internal.reflect.NativeMethodAccessorImpl.invoke0(Native Method)
	at java.base/jdk.internal.reflect.NativeMethodAccessorImpl.invoke(NativeMethodAccessorImpl.java:62)
	at java.base/jdk.internal.reflect.DelegatingMethodAccessorImpl.invoke(DelegatingMethodAccessorImpl.java:43)
	at java.base/java.lang.reflect.Method.invoke(Method.java:566)
	at org.junit.runners.model.FrameworkMethod$1.runReflectiveCall(FrameworkMethod.java:44)
	at org.junit.internal.runners.model.ReflectiveCallable.run(ReflectiveCallable.java:15)
	at org.junit.runners.model.FrameworkMethod.invokeExplosively(FrameworkMethod.java:41)
	at junitparams.internal.InvokeParameterisedMethod.evaluate(InvokeParameterisedMethod.java:102)
	at org.junit.internal.runners.statements.FailOnTimeout$1.run(FailOnTimeout.java:28)
Caused by: ptolemy.kernel.util.IllegalActionException: TypeTest actor has no training data.
  in .sizedarray3.TypeTest
	at ptolemy.actor.lib.TypeTest.initialize(TypeTest.java:250)
	at ptolemy.actor.Director.initialize(Director.java:938)
	at ptolemy.actor.Director.initialize(Director.java:907)
	at ptolemy.actor.sched.StaticSchedulingDirector.initialize(StaticSchedulingDirector.java:159)
	at ptolemy.domains.sdf.kernel.SDFDirector.initialize(SDFDirector.java:544)
	at ptolemy.actor.CompositeActor.initialize(CompositeActor.java:935)
	at ptolemy.actor.Manager.initialize(Manager.java:724)
	at ptolemy.actor.Manager.execute(Manager.java:356)
	at ptolemy.actor.Manager.run(Manager.java:1263)
	at ptolemy.actor.Manager$PtolemyRunThread.run(Manager.java:1915)
]]></system-err>
</testsuite>
