<?xml version="1.0" encoding="UTF-8" ?>
<testsuite errors="1" failures="1" hostname="travis-job-ae4ee7b0-bcac-4bd7-ada7-92157cf479e1" name="ptolemy.actor.lib.test.junit.JUnitTclTest" skipped="0" tests="517" time="143.226" timestamp="2019-10-26T06:16:19">
  <properties>
    <property name="npm.executable" value="npm" />
    <property name="env.TRAVIS_ROOT" value="/" />
    <property name="ptII.mk.exists" value="true" />
    <property name="env.TRAVIS_APP_HOST" value="build.travis-ci.org" />
    <property name="env.rvm_bin_path" value="/home/travis/.rvm/bin" />
    <property name="java.home" value="/usr/local/lib/jvm/openjdk11" />
    <property name="env.TRAVIS_JOB_NUMBER" value="1376.8" />
    <property name="env.TRAVIS_HOME" value="/home/travis" />
    <property name="env.DISPLAY" value=":99.0" />
    <property name="env.TRAVIS_INIT" value="systemd" />
    <property name="env.SSH_TTY" value="/dev/pts/0" />
    <property name="java.net.preferIPv4Stack" value="true" />
    <property name="env.RUN_TESTS" value="true" />
    <property name="timeout.short" value="1000000" />
    <property name="junit.formatter" value="xml" />
    <property name="env.TRAVIS_SUDO" value="true" />
    <property name="env.TRAVIS_JOB_NAME" value="" />
    <property name="env.TRAVIS_STACK_NODE_ATTRIBUTES" value="/.node-attributes.yml" />
    <property name="env.LOGNAME" value="travis" />
    <property name="env.PT_TRAVIS_TEST_CORE1_XML" value="true" />
    <property name="jsdoc.home" value="node_modules/@terraswarm/jsdoc" />
    <property name="debuglevel" value="source,lines,vars" />
    <property name="checkstyle.formatter" value="xml" />
    <property name="env._system_version" value="16.04" />
    <property name="bin.vergil.makeable" value="true" />
    <property name="sun.os.patch.level" value="unknown" />
    <property name="java.vendor.url" value="http://java.oracle.com/" />
    <property name="env.TRAVIS_BUILD_WEB_URL" value="https://travis-ci.org/icyphy/ptII/builds/603138244" />
    <property name="java.version" value="11.0.2" />
    <property name="env.TZ" value="UTC" />
    <property name="env.TRAVIS_PULL_REQUEST_SHA" value="" />
    <property name="env.PT_NO_NET" value="true" />
    <property name="env.TRAVIS_SECURE_ENV_VARS" value="true" />
    <property name="env._system_type" value="Linux" />
    <property name="java.vendor.url.bug" value="http://bugreport.java.com/bugreport/" />
    <property name="npmjs-org-is-up" value="true" />
    <property name="env.LANGUAGE" value="en_US.UTF-8" />
    <property name="env.SSH_CLIENT" value="10.24.5.18 60050 22" />
    <property name="env.GEM_HOME" value="/home/travis/.rvm/gems/ruby-2.5.3" />
    <property name="env.HAS_ANTARES_THREE_LITTLE_FRONZIES_BADGE" value="true" />
    <property name="java.version.date" value="2019-01-15" />
    <property name="env.PS4" value="+" />
    <property name="ant.project.invoked-targets" value="build,test.core1.xml" />
    <property name="env.TRAVIS_PULL_REQUEST_BRANCH" value="" />
    <property name="env.TRAVIS_REPO_SLUG" value="icyphy/ptII" />
    <property name="env.XDG_DATA_DIRS" value="/usr/local/share:/usr/share:/var/lib/snapd/desktop" />
    <property name="jdk.debug" value="release" />
    <property name="env.TRAVIS_APT_PROXY" value="http://apt.cache.travis-ci.com" />
    <property name="node.in.path" value="true" />
    <property name="user.name" value="travis" />
    <property name="java.maxmemory" value="1400m" />
    <property name="env.RUBY_VERSION" value="ruby-2.5.3" />
    <property name="env.LANG" value="en_US.UTF-8" />
    <property name="sun.io.unicode.encoding" value="UnicodeLittle" />
    <property name="sun.jnu.encoding" value="UTF-8" />
    <property name="java.runtime.name" value="OpenJDK Runtime Environment" />
    <property name="usefile" value="false" />
    <property name="return.code" value="0" />
    <property name="junit.single.formatter" value="plain" />
    <property name="env.DYLD_LIBRARY_PATH" value="/home/travis/pthla/certi-tools/lib:" />
    <property name="env.DEBIAN_FRONTEND" value="noninteractive" />
    <property name="env.SSH_CONNECTION" value="10.24.5.18 60050 10.20.0.55 22" />
    <property name="env.MYSQL_UNIX_PORT" value="/var/run/mysqld/mysqld.sock" />
    <property name="env.LC_ALL" value="en_US.UTF-8" />
    <property name="env.TRAVIS_ALLOW_FAILURE" value="false" />
    <property name="env.TRAVIS_JOB_WEB_URL" value="https://travis-ci.org/icyphy/ptII/jobs/603138252" />
    <property name="java.specification.name" value="Java Platform API Specification" />
    <property name="node.works" value="true" />
    <property name="user.timezone" value="" />
    <property name="path.separator" value=":" />
    <property name="env.TRAVIS_ENABLE_INFRA_DETECTION" value="true" />
    <property name="env.PYTHON_CFLAGS" value="-g -fstack-protector --param=ssp-buffer-size=4 -Wformat -Werror=format-security" />
    <property name="timeout.long" value="4000000" />
    <property name="env.CERTI_HOME" value="/home/travis/pthla/certi-tools" />
    <property name="ant.file.ptII" value="/home/travis/build/icyphy/ptII/build.xml" />
    <property name="javadoc.packagenames" value="com.*,diva.*,lbnl.*,org.hlacerti.*,org.json.*,org.ptolemy.*,org.terraswarm.*,ptolemy.*,ptserver.*" />
    <property name="file.encoding" value="UTF-8" />
    <property name="env.TRAVIS_PULL_REQUEST_SLUG" value="" />
    <property name="ant.project.default-target" value="build" />
    <property name="env.GIT_ASKPASS" value="echo" />
    <property name="env.HOME" value="/home/travis" />
    <property name="sun.java.command" value="org.apache.tools.ant.taskdefs.optional.junit.JUnitTestRunner ptolemy.actor.lib.test.junit.JUnitTclTest skipNonTests=false filtertrace=true haltOnError=false haltOnFailure=false formatter=org.apache.tools.ant.taskdefs.optional.junit.OutErrSummaryJUnitResultFormatter showoutput=true outputtoformatters=true logfailedtests=true threadid=0 logtestlistenerevents=false formatter=org.apache.tools.ant.taskdefs.optional.junit.XMLJUnitResultFormatter,/home/travis/build/icyphy/ptII/reports/junit/TEST-ptolemy.actor.lib.test.junit.JUnitTclTest.xml crashfile=/home/travis/build/icyphy/ptII/junitvmwatcher9615572955426411191.properties propsfile=/home/travis/build/icyphy/ptII/junit12215338180731149133.properties" />
    <property name="env.COMPOSER_NO_INTERACTION" value="1" />
    <property name="env.MANPATH" value="/home/travis/.nvm/versions/node/v7.10.1/share/man:/home/travis/.rvm/rubies/ruby-2.5.3/share/man:/usr/local/cmake-3.12.4/man:/usr/local/clang-7.0.0/share/man:/usr/local/man:/usr/local/share/man:/usr/share/man:/home/travis/.rvm/man" />
    <property name="env.TRAVIS_TIMER_ID" value="0f29a363" />
    <property name="ant.file" value="/home/travis/build/icyphy/ptII/build.xml" />
    <property name="env.TRAVIS_COMMIT_RANGE" value="948bf656f66248ff65af09b7e6cc9885ef1f544d...4d8f235a1445b5e1cf53b20eaca7c153db736dc2" />
    <property name="env._system_name" value="Ubuntu" />
    <property name="ptII.classpath.optional.property" value="/home/travis/build/icyphy/ptII/lib/bsh-2.0b4.jar:/home/travis/build/icyphy/ptII/lib/ptCal.jar:/home/travis/build/icyphy/ptII/lib/java_cup.jar:/home/travis/build/icyphy/ptII/lib/saxon8.jar:/home/travis/build/icyphy/ptII/lib/saxon8-dom.jar:/home/travis/build/icyphy/ptII/lib/chic.jar:/home/travis/build/icyphy/ptII/lib/ptcolt.jar:/home/travis/build/icyphy/ptII/vendors/misc/itext/iText.jar:/home/travis/build/icyphy/ptII/lib/g4ltl.jar:/home/travis/build/icyphy/ptII/lib/StructuralCoder.jar:/home/travis/build/icyphy/ptII/lib/jcerti.jar:/home/travis/build/icyphy/ptII/lib/javax.mail.jar:/home/travis/build/icyphy/ptII/vendors/JMF-2.1.1e/lib/jmf.jar:/home/travis/build/icyphy/ptII/lib/jna-4.0.0-variadic.jar:/home/travis/build/icyphy/ptII/vendors/misc/joystick/Joystick.jar:/home/travis/build/icyphy/ptII/lib/ptjacl.jar:/home/travis/build/icyphy/ptII/lib/jsoup-1.8.2.jar:/home/travis/build/icyphy/ptII/lib/junit-4.8.2.jar:/home/travis/build/icyphy/ptII/lib/JUnitParams-0.4.0.jar:/home/travis/build/icyphy/ptII/ptolemy/actor/lib/excel/jxl.jar:/home/travis/build/icyphy/ptII/lib/jython.jar:/home/travis/build/icyphy/ptII/lib/kieler.jar:/home/travis/build/icyphy/ptII/vendors/opencv/share/OpenCV/java/opencv-341.jar:/home/travis/build/icyphy/ptII/lib/oscP5.jar:/home/travis/build/icyphy/ptII/lib/nrjavaserial-3.11.0.devel.jar:/home/travis/build/icyphy/ptII/vendors/j3d/lib/Linux/j3dcore.jar:/home/travis/build/icyphy/ptII/vendors/j3d/lib/Linux/j3dutils.jar:/home/travis/build/icyphy/ptII/vendors/j3d/lib/Linux/vecmath.jar:/home/travis/build/icyphy/ptII/vendors/jogl/lib/Linux/gluegen-rt-natives-linux-amd64.jar:/home/travis/build/icyphy/ptII/vendors/jogl/lib/Linux/gluegen-rt.jar:/home/travis/build/icyphy/ptII/vendors/jogl/lib/Linux/jogl-all-natives-linux-amd64.jar:/home/travis/build/icyphy/ptII/vendors/jogl/lib/Linux/jogl-all.jar:/home/travis/build/icyphy/ptII/ptolemy/distributed/jini/jar/jini-core.jar:/home/travis/build/icyphy/ptII/ptolemy/distributed/jini/jar/jini-ext.jar:/home/travis/build/icyphy/ptII/ptolemy/distributed/jini/jar/sun-util.jar:/home/travis/build/icyphy/ptII/lib/protobuf-java-2.4.1.jar:/home/travis/build/icyphy/ptII/lib/org.eclipse.paho.client.mqttv3.jar:/home/travis/build/icyphy/ptII/lib/mapss.jar:/home/travis/build/icyphy/ptII/ptolemy/actor/ptalon/antlr/antlr.jar:/home/travis/build/icyphy/ptII/lib/JRI.jar:/home/travis/build/icyphy/ptII/lib/commons-lang-2.6.jar:/home/travis/build/icyphy/ptII/lib/commons-logging-1.1.1.jar:/home/travis/build/icyphy/ptII/lib/sootclasses.jar:/home/travis/build/icyphy/ptII/ptolemy/actor/lib/database/mysql-connector-java-5.1.6-bin.jar:/home/travis/build/icyphy/ptII/vendors/misc/sphinx4/sphinx4-data-5prealpha.jar:/home/travis/build/icyphy/ptII/vendors/misc/sphinx4/sphinx4-core-5prealpha.jar:/home/travis/build/icyphy/ptII/lib/PDFRenderer.jar:/home/travis/build/icyphy/ptII/lib/svgSalamander.jar:/home/travis/build/icyphy/ptII/lib/rsyntaxtextarea-2.6.0-SNAPSHOT.jar:/home/travis/build/icyphy/ptII/lib/hazelcast-3.8.2.jar:/home/travis/build/icyphy/ptII/lib/jackson-annotations-2.9.0.jar:/home/travis/build/icyphy/ptII/lib/jackson-core-2.9.3.jar:/home/travis/build/icyphy/ptII/lib/jackson-databind-2.9.3.jar:/home/travis/build/icyphy/ptII/lib/netty-buffer-4.1.19.Final.jar:/home/travis/build/icyphy/ptII/lib/netty-codec-4.1.19.Final.jar:/home/travis/build/icyphy/ptII/lib/netty-codec-dns-4.1.19.Final.jar:/home/travis/build/icyphy/ptII/lib/netty-codec-http-4.1.19.Final.jar:/home/travis/build/icyphy/ptII/lib/netty-codec-http2-4.1.19.Final.jar:/home/travis/build/icyphy/ptII/lib/netty-common-4.1.19.Final.jar:/home/travis/build/icyphy/ptII/lib/netty-handler-4.1.19.Final.jar:/home/travis/build/icyphy/ptII/lib/netty-resolver-4.1.19.Final.jar:/home/travis/build/icyphy/ptII/lib/netty-resolver-dns-4.1.19.Final.jar:/home/travis/build/icyphy/ptII/lib/netty-transport-4.1.19.Final.jar:/home/travis/build/icyphy/ptII/lib/vertx-codegen-3.5.1.jar:/home/travis/build/icyphy/ptII/lib/vertx-core-3.5.2-SNAPSHOT.jar:/home/travis/build/icyphy/ptII/lib/vertx-hazelcast-3.5.1.jar:/home/travis/build/icyphy/ptII/lib/vertx-lang-js-3.5.1.jar:/home/travis/build/icyphy/ptII/lib/vertx-service-proxy-3.5.1.jar:/home/travis/build/icyphy/ptII/lib/vertx-web-3.5.1.jar:/home/travis/build/icyphy/ptII/lib/slf4j-api-1.7.13.jar:/home/travis/build/icyphy/ptII/lib/slf4j-simple-1.7.13.jar:/home/travis/build/icyphy/ptII/lib/webcam-capture-0.3.12.jar:/home/travis/build/icyphy/ptII/lib/bridj-0.7.0.jar:/home/travis/build/icyphy/ptII/lib/xbjlib-1.1.0.nrjavaserial.jar" />
    <property name="timeout" value="2400000" />
    <property name="test.batch" value="**/junit/*.java" />
    <property name="env._" value="/usr/bin/timeout" />
    <property name="java.io.tmpdir" value="/tmp" />
    <property name="user.language" value="en" />
    <property name="env.TRAVIS_INTERNAL_RUBY_REGEX" value="^ruby-(2\.[0-4]\.[0-9]|1\.9\.3)" />
    <property name="env.HISTCONTROL" value="ignoredups:ignorespace" />
    <property name="env.GOROOT" value="/home/travis/.gimme/versions/go1.11.1.linux.amd64" />
    <property name="line.separator" value="&#xa;" />
    <property name="target" value="11" />
    <property name="env.TRAVIS_BUILD_DIR" value="/home/travis/build/icyphy/ptII" />
    <property name="env.ANT_OPTS" value="-Xmx2048m" />
    <property name="ant.file.type" value="file" />
    <property name="ptolemy.ptII.batchMode" value="true" />
    <property name="env.HISTSIZE" value="1000" />
    <property name="env.MERB_ENV" value="test" />
    <property name="java.vm.info" value="mixed mode" />
    <property name="source" value="11" />
    <property name="java.vm.specification.name" value="Java Virtual Machine Specification" />
    <property name="env.TRAVIS_TEST_RESULT" value="0" />
    <property name="jsdoc.command" value="node_modules/@terraswarm/jsdoc/jsdoc.js" />
    <property name="npm.works" value="true" />
    <property name="cobertura.dir" value="/home/travis/build/icyphy/ptII/vendors/cobertura-2.0.3" />
    <property name="jsdoc.command.exists" value="true" />
    <property name="env.rvm_path" value="/home/travis/.rvm" />
    <property name="env.GEM_PATH" value="/home/travis/.rvm/gems/ruby-2.5.3:/home/travis/.rvm/gems/ruby-2.5.3@global" />
    <property name="env.LC_CTYPE" value="en_US.UTF-8" />
    <property name="env.TRAVIS_CMD" value="$PTII/bin/ptIITravisBuild.sh $SECONDS" />
    <property name="java.awt.printerjob" value="sun.print.PSPrinterJob" />
    <property name="env.TRAVIS_STACK_NAME" value="sardonyx" />
    <property name="env.TRAVIS_TIMER_START_TIME" value="1572069830963535027" />
    <property name="ant.version" value="Apache Ant(TM) version 1.10.1 compiled on February 2 2017" />
    <property name="ptII.reports" value="/home/travis/build/icyphy/ptII/reports" />
    <property name="env.TRAVIS_STACK_TIMESTAMP" value="2019-03-25 16:16:56 UTC" />
    <property name="ant.file.type.ptII" value="file" />
    <property name="env.RBENV_SHELL" value="bash" />
    <property name="os.name" value="Linux" />
    <property name="java.specification.vendor" value="Oracle Corporation" />
    <property name="env.rvm_version" value="1.29.7 (latest)" />
    <property name="env.TRAVIS_INFRA" value="unknown" />
    <property name="env.TERM" value="xterm" />
    <property name="java.vm.name" value="OpenJDK 64-Bit Server VM" />
    <property name="env.TRAVIS_BUILD_NUMBER" value="1376" />
    <property name="env.CI" value="true" />
    <property name="java.library.path" value="/home/travis/pthla/certi-tools/lib:/usr/lib/jni:/usr/local/share/OpenCV/java/:/usr/share/OpenCV/java::/usr/java/packages/lib:/usr/lib64:/lib64:/lib:/usr/lib" />
    <property name="jdk.module.path" value="/home/travis/build/icyphy/ptII/vendors/javafx/javafx-sdk-11.0.2/lib:" />
    <property name="env.rvm_prefix" value="/home/travis" />
    <property name="env.PATH" value="/home/travis/pthla/certi-tools/share/scripts:/home/travis/.rvm/gems/ruby-2.5.3/bin:/home/travis/.rvm/gems/ruby-2.5.3@global/bin:/home/travis/.rvm/rubies/ruby-2.5.3/bin:/home/travis/.rvm/bin:/home/travis/.nvm/versions/node/v7.10.1/bin:./node_modules/.bin:/home/travis/build/icyphy/ptII/bin:/home/travis/pthla/certi-tools/bin:/home/travis/bin:/home/travis/.local/bin:/usr/local/lib/jvm/openjdk11/bin:/opt/pyenv/shims:/home/travis/.phpenv/shims:/home/travis/perl5/perlbrew/bin:/home/travis/gopath/bin:/home/travis/.gimme/versions/go1.11.1.linux.amd64/bin:/usr/local/maven-3.6.0/bin:/usr/local/cmake-3.12.4/bin:/usr/local/clang-7.0.0/bin:/usr/local/sbin:/usr/local/bin:/usr/sbin:/usr/bin:/sbin:/bin:/snap/bin:/home/travis/.phpenv/bin:/opt/pyenv/bin:/home/travis/.yarn/bin" />
    <property name="env.TRAVIS_OS_NAME" value="linux" />
    <property name="ant.java.version" value="9" />
    <property name="basedir" value="/home/travis/build/icyphy/ptII" />
    <property name="java.class.version" value="55.0" />
    <property name="env.SHLVL" value="3" />
    <property name="env.LD_LIBRARY_PATH" value="/home/travis/pthla/certi-tools/lib:/usr/lib/jni:/usr/local/share/OpenCV/java/:/usr/share/OpenCV/java:" />
    <property name="env.RACK_ENV" value="test" />
    <property name="ant.home" value="/home/travis/build/icyphy/ptII/ant" />
    <property name="env.NVM_DIR" value="/home/travis/.nvm" />
    <property name="env.CERTI_FOM_PATH" value="/home/travis/pthla/certi-tools/share/federations" />
    <property name="env.TRAVIS_BUILD_ID" value="603138244" />
    <property name="env.PYENV_ROOT" value="/opt/pyenv" />
    <property name="env.TRAVIS_UID" value="2000" />
    <property name="prism.verbose" value="true" />
    <property name="env.NVM_BIN" value="/home/travis/.nvm/versions/node/v7.10.1/bin" />
    <property name="env.TRAVIS_COMMIT" value="4d8f235a1445b5e1cf53b20eaca7c153db736dc2" />
    <property name="env._system_arch" value="x86_64" />
    <property name="node.executable" value="node" />
    <property name="sun.boot.library.path" value="/usr/local/lib/jvm/openjdk11/lib" />
    <property name="sun.management.compiler" value="HotSpot 64-Bit Tiered Compilers" />
    <property name="java.awt.graphicsenv" value="sun.awt.X11GraphicsEnvironment" />
    <property name="env.GOPATH" value="/home/travis/gopath" />
    <property name="ptolemy.ptII.dir" value="/home/travis/build/icyphy/ptII" />
    <property name="env.USER" value="travis" />
    <property name="env.HISTFILESIZE" value="2000" />
    <property name="timeout.longest" value="19000000" />
    <property name="env.PERLBREW_SHELLRC_VERSION" value="0.86" />
    <property name="env.TRAVIS_STACK_FEATURES" value="basic couchdb disabled-ipv6 docker docker-compose elasticsearch firefox go-toolchain google-chrome jdk memcached mongodb mysql nodejs_interpreter perl_interpreter perlbrew phantomjs postgresql python_interpreter redis ruby_interpreter sqlite xserver" />
    <property name="env.TRAVIS_PULL_REQUEST" value="false" />
    <property name="env.PYENV_SHELL" value="bash" />
    <property name="ant.project.name" value="ptII" />
    <property name="env.ANSI_RESET" value="\033[0m" />
    <property name="java.vm.specification.version" value="11" />
    <property name="env.TRAVIS_DIST" value="xenial" />
    <property name="env.CERTI_VERSION" value="4.0.0" />
    <property name="env.CERTI_HOST" value="localhost" />
    <property name="awt.toolkit" value="sun.awt.X11.XToolkit" />
    <property name="env.MY_RUBY_HOME" value="/home/travis/.rvm/rubies/ruby-2.5.3" />
    <property name="sun.cpu.isalist" value="" />
    <property name="env.TRAVIS_TMPDIR" value="/tmp/tmp.yS1vcTLBEV" />
    <property name="java.vm.compressedOopsMode" value="Zero based" />
    <property name="os.version" value="4.15.0-1028-gcp" />
    <property name="user.home" value="/home/travis" />
    <property name="java.vm.vendor" value="Oracle Corporation" />
    <property name="env.TRAVIS_TAG" value="nightly" />
    <property name="env.ANSI_YELLOW" value="\033[33;1m" />
    <property name="env.TRAVIS_FILTERED" value="redirect_io" />
    <property name="env.ANSI_GREEN" value="\033[32;1m" />
    <property name="env.JAVA_HOME" value="/usr/local/lib/jvm/openjdk11" />
    <property name="javadoc.excludepackagenames" value="adm.cvs2svn.*,build.*,config.*,doc.coding.templates.*,jni.test.jni.meaningOfLife.*,jni.test.jni.testDeux.*,jni.test.jni.testTrois.*,org.terraswarm.accessor.accessors.web.node_modules.*,org.terraswarm.accessor.accessors.web.hosts.cordova.demo.*,org.terraswarm.accessor.accessors.web.hosts.cordova.plugins.*,org.terraswarm.accessor.accessors-svn.*,pt-modules.*,ptolemy.apps.agilent.*,ptolemy.apps.anytimecontrol.*,ptolemy.apps.apes.*,ptolemy.apps.charon.*,ptolemy.apps.crazyboard.*,ptolemy.apps.eclipse.*,ptolemy.apps.etherealSting.*,ptolemy.apps.fullscreen.*,ptolemy.apps.giotto.*,ptolemy.apps.ia.*,ptolemy.apps.interfaces.*,ptolemy.apps.jmf.*,ptolemy.apps.kurt.*,ptolemy.apps.kvm.*,ptolemy.apps.lego.*,ptolemy.apps.lejos.*,ptolemy.apps.midp.*,ptolemy.apps.mobileCoding.*,ptolemy.apps.pendulum.*,ptolemy.apps.rijndael.*,ptolemy.apps.robot.*,ptolemy.apps.security.*,ptolemy.apps.sobel.*,ptolemy.apps.soot.*,ptolemy.apps.throttle.*,ptolemy.apps.tini.*,ptolemy.apps.transmission.*,ptolemy.apps.vergil.*,ptolemy.apps.waba.*,ptolemy.apps.websensor.*,ptolemy.apps.webstart.*,ptolemy.apps.xsl.*,ptolemy.apps.zaurus.*,ptolemy.codegen.c.actor.lib.oldJavaFiles.*,ptolemy.codegen.dsp.lib.*,ptolemy.codegen.kernel.newInterfaces.*,ptolemy.codegen.lib.*,ptolemy.copernicus.kernel.fragment.*,ptolemy.copernicus.shallow.cg.*,ptolemy.domains.giotto.demo.Hierarchy.Hierarchy.*,ptolemy.domains.giotto.demo.Multimode.Multimode.*,ptolemy.domains.giotto.demo.Simple.Simple.*,ptolemy.domains.gr.lib.experimental.*,ptolemy.domains.gro.*,ptolemy.domains.pdf.*,ptolemy.domains.ptinyos.demo.Surge.output.*,ptolemy.moml.test.NoPackageActor.java*,ptolemy.plot.adm.*,ptolemy.plot.servlet.*,reports.*,signed.*,src.*,target.*,vendors.*,ptolemy.copernicus.applet.*,ptolemy.media.viewer.*,ptolemy.actor.corba.*,doc.doclets.*,ptolemy.apps.eclipse.awt.*,ptolemy.backtrack.*,ptolemy.backtrack.ast.*,ptolemy.cg.adapter.generic.program.procedural.c.mbed*,ptolemy.homer.*,ptolemy.actor.lib.jai.*,org.ptolemy.scala.*,diva.util.java2d.svg.*,ptolemy.domains.ptinyos.*,ptolemy.actor.lib.fmi.fmipp.*,,org.terraswarm.accessor.accessors.web.node_modules.*,org.terraswarm.accessor.accessors-svn,ptolemy.apps.*,ptolemy.actor.ptalon.demo.ptinyos.SendAndReceiveCnt.output,ptolemy.actor.ptalon.demo.ptinyos.SenseToLeds.output,ptolemy.domains.ptinyos.demo.CntToLedsAndRfm.output,ptolemy.domains.ptinyos.demo.RfmToLeds.output,ptolemy.domains.ptinyos.demo.SendAndReceiveCnt.output,ptolemy.domains.ptinyos.demo.SenseToLeds.output,ptolemy.actor.lib.jjs.modules.udpSocket.*" />
    <property name="env.PTII" value="/home/travis/build/icyphy/ptII" />
    <property name="env.XDG_SESSION_ID" value="2" />
    <property name="keystore" value="ptKeystore" />
    <property name="env.TRAVIS_COMMIT_MESSAGE" value="Updated occupancy" />
    <property name="junit.output.dir" value="/home/travis/build/icyphy/ptII/reports/junit" />
    <property name="npm.return.code" value="0" />
    <property name="user.dir" value="/home/travis/build/icyphy/ptII/ptolemy/actor/lib/test" />
    <property name="env.TRAVIS_NODE_VERSION" value="7" />
    <property name="env.TRAVIS_EVENT_TYPE" value="cron" />
    <property name="env.MAIL" value="/var/mail/travis" />
    <property name="env.PERLBREW_ROOT" value="/home/travis/perl5/perlbrew" />
    <property name="env.PWD" value="/home/travis/build/icyphy/ptII" />
    <property name="timeout.npm" value="45000" />
    <property name="env.TRAVIS_ARCH" value="amd64" />
    <property name="sun.cpu.endian" value="little" />
    <property name="env.PAGER" value="cat" />
    <property name="env.TRAVIS_BUILD_STAGE_NAME" value="Test" />
    <property name="env.PERLBREW_HOME" value="/home/travis/.perlbrew" />
    <property name="java.vm.version" value="11.0.2+9" />
    <property name="env.RAILS_ENV" value="test" />
    <property name="java.class.path" value="/home/travis/.ptolemyII:/home/travis/.ptolemyII/*:/home/travis/build/icyphy/ptII:/home/travis/build/icyphy/ptII/lib/bsh-2.0b4.jar:/home/travis/build/icyphy/ptII/lib/ptCal.jar:/home/travis/build/icyphy/ptII/lib/java_cup.jar:/home/travis/build/icyphy/ptII/lib/saxon8.jar:/home/travis/build/icyphy/ptII/lib/saxon8-dom.jar:/home/travis/build/icyphy/ptII/lib/chic.jar:/home/travis/build/icyphy/ptII/lib/ptcolt.jar:/home/travis/build/icyphy/ptII/vendors/misc/itext/iText.jar:/home/travis/build/icyphy/ptII/lib/g4ltl.jar:/home/travis/build/icyphy/ptII/lib/StructuralCoder.jar:/home/travis/build/icyphy/ptII/lib/jcerti.jar:/home/travis/build/icyphy/ptII/lib/javax.mail.jar:/home/travis/build/icyphy/ptII/vendors/JMF-2.1.1e/lib/jmf.jar:/home/travis/build/icyphy/ptII/lib/jna-4.0.0-variadic.jar:/home/travis/build/icyphy/ptII/vendors/misc/joystick/Joystick.jar:/home/travis/build/icyphy/ptII/lib/ptjacl.jar:/home/travis/build/icyphy/ptII/lib/jsoup-1.8.2.jar:/home/travis/build/icyphy/ptII/lib/junit-4.8.2.jar:/home/travis/build/icyphy/ptII/lib/JUnitParams-0.4.0.jar:/home/travis/build/icyphy/ptII/ptolemy/actor/lib/excel/jxl.jar:/home/travis/build/icyphy/ptII/lib/jython.jar:/home/travis/build/icyphy/ptII/lib/kieler.jar:/home/travis/build/icyphy/ptII/vendors/opencv/share/OpenCV/java/opencv-341.jar:/home/travis/build/icyphy/ptII/lib/oscP5.jar:/home/travis/build/icyphy/ptII/lib/nrjavaserial-3.11.0.devel.jar:/home/travis/build/icyphy/ptII/vendors/j3d/lib/Linux/j3dcore.jar:/home/travis/build/icyphy/ptII/vendors/j3d/lib/Linux/j3dutils.jar:/home/travis/build/icyphy/ptII/vendors/j3d/lib/Linux/vecmath.jar:/home/travis/build/icyphy/ptII/vendors/jogl/lib/Linux/gluegen-rt-natives-linux-amd64.jar:/home/travis/build/icyphy/ptII/vendors/jogl/lib/Linux/gluegen-rt.jar:/home/travis/build/icyphy/ptII/vendors/jogl/lib/Linux/jogl-all-natives-linux-amd64.jar:/home/travis/build/icyphy/ptII/vendors/jogl/lib/Linux/jogl-all.jar:/home/travis/build/icyphy/ptII/ptolemy/distributed/jini/jar/jini-core.jar:/home/travis/build/icyphy/ptII/ptolemy/distributed/jini/jar/jini-ext.jar:/home/travis/build/icyphy/ptII/ptolemy/distributed/jini/jar/sun-util.jar:/home/travis/build/icyphy/ptII/lib/protobuf-java-2.4.1.jar:/home/travis/build/icyphy/ptII/lib/org.eclipse.paho.client.mqttv3.jar:/home/travis/build/icyphy/ptII/lib/mapss.jar:/home/travis/build/icyphy/ptII/ptolemy/actor/ptalon/antlr/antlr.jar:/home/travis/build/icyphy/ptII/lib/JRI.jar:/home/travis/build/icyphy/ptII/lib/commons-lang-2.6.jar:/home/travis/build/icyphy/ptII/lib/commons-logging-1.1.1.jar:/home/travis/build/icyphy/ptII/lib/sootclasses.jar:/home/travis/build/icyphy/ptII/ptolemy/actor/lib/database/mysql-connector-java-5.1.6-bin.jar:/home/travis/build/icyphy/ptII/vendors/misc/sphinx4/sphinx4-data-5prealpha.jar:/home/travis/build/icyphy/ptII/vendors/misc/sphinx4/sphinx4-core-5prealpha.jar:/home/travis/build/icyphy/ptII/lib/PDFRenderer.jar:/home/travis/build/icyphy/ptII/lib/svgSalamander.jar:/home/travis/build/icyphy/ptII/lib/rsyntaxtextarea-2.6.0-SNAPSHOT.jar:/home/travis/build/icyphy/ptII/lib/hazelcast-3.8.2.jar:/home/travis/build/icyphy/ptII/lib/jackson-annotations-2.9.0.jar:/home/travis/build/icyphy/ptII/lib/jackson-core-2.9.3.jar:/home/travis/build/icyphy/ptII/lib/jackson-databind-2.9.3.jar:/home/travis/build/icyphy/ptII/lib/netty-buffer-4.1.19.Final.jar:/home/travis/build/icyphy/ptII/lib/netty-codec-4.1.19.Final.jar:/home/travis/build/icyphy/ptII/lib/netty-codec-dns-4.1.19.Final.jar:/home/travis/build/icyphy/ptII/lib/netty-codec-http-4.1.19.Final.jar:/home/travis/build/icyphy/ptII/lib/netty-codec-http2-4.1.19.Final.jar:/home/travis/build/icyphy/ptII/lib/netty-common-4.1.19.Final.jar:/home/travis/build/icyphy/ptII/lib/netty-handler-4.1.19.Final.jar:/home/travis/build/icyphy/ptII/lib/netty-resolver-4.1.19.Final.jar:/home/travis/build/icyphy/ptII/lib/netty-resolver-dns-4.1.19.Final.jar:/home/travis/build/icyphy/ptII/lib/netty-transport-4.1.19.Final.jar:/home/travis/build/icyphy/ptII/lib/vertx-codegen-3.5.1.jar:/home/travis/build/icyphy/ptII/lib/vertx-core-3.5.2-SNAPSHOT.jar:/home/travis/build/icyphy/ptII/lib/vertx-hazelcast-3.5.1.jar:/home/travis/build/icyphy/ptII/lib/vertx-lang-js-3.5.1.jar:/home/travis/build/icyphy/ptII/lib/vertx-service-proxy-3.5.1.jar:/home/travis/build/icyphy/ptII/lib/vertx-web-3.5.1.jar:/home/travis/build/icyphy/ptII/lib/slf4j-api-1.7.13.jar:/home/travis/build/icyphy/ptII/lib/slf4j-simple-1.7.13.jar:/home/travis/build/icyphy/ptII/lib/webcam-capture-0.3.12.jar:/home/travis/build/icyphy/ptII/lib/bridj-0.7.0.jar:/home/travis/build/icyphy/ptII/lib/xbjlib-1.1.0.nrjavaserial.jar:/home/travis/build/icyphy/ptII/ptolemy/moml/test:/home/travis/build/icyphy/ptII/ant/lib/ant-launcher.jar:/home/travis/build/icyphy/ptII/ant/lib/ant.jar:/home/travis/build/icyphy/ptII/ant/lib/ant-junit.jar:/home/travis/build/icyphy/ptII/ant/lib/ant-junit4.jar" />
    <property name="ant.library.dir" value="/home/travis/build/icyphy/ptII/ant/lib" />
    <property name="os.arch" value="amd64" />
    <property name="env.CONTINUOUS_INTEGRATION" value="true" />
    <property name="env.TRAVIS_LANGUAGE" value="node_js" />
    <property name="env.TRAVIS_STACK_LANGUAGES" value="__sardonyx__ c c++ clojure cplusplus cpp default generic go groovy java node_js php pure_java python ruby scala" />
    <property name="test.name" value="ptolemy.actor.lib.test.junit.JUnitTclTest" />
    <property name="env.APT_KEY_DONT_WARN_ON_DANGEROUS_USAGE" value="1" />
    <property name="sun.java.launcher" value="SUN_STANDARD" />
    <property name="env.PYTHON_CONFIGURE_OPTS" value="--enable-unicode=ucs4 --with-wide-unicode --enable-shared --enable-ipv6 --enable-loadable-sqlite-extensions --with-computed-gotos" />
    <property name="ant.core.lib" value="/home/travis/build/icyphy/ptII/ant/lib/ant.jar" />
    <property name="java.vm.specification.vendor" value="Oracle Corporation" />
    <property name="env.BCVTB_HOME" value="/home/travis/build/icyphy/ptII/lbnl" />
    <property name="file.separator" value="/" />
    <property name="spotbugs.home" value="/home/travis/build/icyphy/ptII/vendors/spotbugs-3.1.1" />
    <property name="java.runtime.version" value="11.0.2+9" />
    <property name="env.ANSI_CLEAR" value="\033[0K" />
    <property name="javafx.verbose" value="true" />
    <property name="env.HAS_JOSH_K_SEAL_OF_APPROVAL" value="true" />
    <property name="env.XDG_RUNTIME_DIR" value="/run/user/2000" />
    <property name="env.TRAVIS_OSX_IMAGE" value="" />
    <property name="env.TRAVIS_JOB_ID" value="603138252" />
    <property name="env.TRAVIS_BRANCH" value="master" />
    <property name="user.country" value="US" />
    <property name="env.CERTI_HOME_TRAVIS" value="/home/travis/pthla/certi-tools" />
    <property name="env.SHELL" value="/bin/bash" />
    <property name="java.maxmemory.large" value="3200m" />
    <property name="model" value="" />
    <property name="env.CASHER_DIR" value="/home/travis/.casher" />
    <property name="env.NVM_CD_FLAGS" value="" />
    <property name="java.vendor.version" value="18.9" />
    <property name="jshint.executable" value="/home/travis/node_modules/jshint/bin/jshint" />
    <property name="env.JRUBY_OPTS" value=" --client -J-XX:+TieredCompilation -J-XX:TieredStopAtLevel=1 -J-Xss2m -Xcompile.invokedynamic=false" />
    <property name="java.vendor" value="Oracle Corporation" />
    <property name="env.TRAVIS_PRE_CHEF_BOOTSTRAP_TIME" value="2019-03-25T16:16:42" />
    <property name="env.TRAVIS_STACK_JOB_BOARD_REGISTER" value="/.job-board-register.yml" />
    <property name="env.ANSI_RED" value="\033[31;1m" />
    <property name="java.specification.version" value="11" />
    <property name="env.IRBRC" value="/home/travis/.rvm/rubies/ruby-2.5.3/.irbrc" />
    <property name="env.TRAVIS" value="true" />
    <property name="sun.arch.data.model" value="64" />
  </properties>
  <testcase classname="ptolemy.util.test.junit.TclTests" name="[0] /home/travis/build/icyphy/ptII/ptolemy/actor/lib/test/AbsoluteValue.tcl (RunTclFile)" time="0.618" />
  <testcase classname="ptolemy.util.test.junit.TclTests" name="[1] /home/travis/build/icyphy/ptII/ptolemy/actor/lib/test/AddSubtract.tcl (RunTclFile)" time="0.118" />
  <testcase classname="ptolemy.util.test.junit.TclTests" name="[2] /home/travis/build/icyphy/ptII/ptolemy/actor/lib/test/Average.tcl (RunTclFile)" time="0.077" />
  <testcase classname="ptolemy.util.test.junit.TclTests" name="[3] /home/travis/build/icyphy/ptII/ptolemy/actor/lib/test/Bernoulli.tcl (RunTclFile)" time="0.038" />
  <testcase classname="ptolemy.util.test.junit.TclTests" name="[4] /home/travis/build/icyphy/ptII/ptolemy/actor/lib/test/Clock.tcl (RunTclFile)" time="0.139" />
  <testcase classname="ptolemy.util.test.junit.TclTests" name="[5] /home/travis/build/icyphy/ptII/ptolemy/actor/lib/test/Commutator.tcl (RunTclFile)" time="0.195" />
  <testcase classname="ptolemy.util.test.junit.TclTests" name="[6] /home/travis/build/icyphy/ptII/ptolemy/actor/lib/test/Const.tcl (RunTclFile)" time="0.112" />
  <testcase classname="ptolemy.util.test.junit.TclTests" name="[7] /home/travis/build/icyphy/ptII/ptolemy/actor/lib/test/CurrentTime.tcl (RunTclFile)" time="0.03" />
  <testcase classname="ptolemy.util.test.junit.TclTests" name="[8] /home/travis/build/icyphy/ptII/ptolemy/actor/lib/test/DB.tcl (RunTclFile)" time="0.053" />
  <testcase classname="ptolemy.util.test.junit.TclTests" name="[9] /home/travis/build/icyphy/ptII/ptolemy/actor/lib/test/DiscreteRandomSource.tcl (RunTclFile)" time="0.058" />
  <testcase classname="ptolemy.util.test.junit.TclTests" name="[10] /home/travis/build/icyphy/ptII/ptolemy/actor/lib/test/Distributor.tcl (RunTclFile)" time="0.056" />
  <testcase classname="ptolemy.util.test.junit.TclTests" name="[11] /home/travis/build/icyphy/ptII/ptolemy/actor/lib/test/Exit.tcl (RunTclFile)" time="0.121" />
  <testcase classname="ptolemy.util.test.junit.TclTests" name="[12] /home/travis/build/icyphy/ptII/ptolemy/actor/lib/test/Expression.tcl (RunTclFile)" time="0.116" />
  <testcase classname="ptolemy.util.test.junit.TclTests" name="[13] /home/travis/build/icyphy/ptII/ptolemy/actor/lib/test/Gaussian.tcl (RunTclFile)" time="0.642" />
  <testcase classname="ptolemy.util.test.junit.TclTests" name="[14] /home/travis/build/icyphy/ptII/ptolemy/actor/lib/test/IIR.tcl (RunTclFile)" time="0.04" />
  <testcase classname="ptolemy.util.test.junit.TclTests" name="[15] /home/travis/build/icyphy/ptII/ptolemy/actor/lib/test/Interpolator.tcl (RunTclFile)" time="0.091" />
  <testcase classname="ptolemy.util.test.junit.TclTests" name="[16] /home/travis/build/icyphy/ptII/ptolemy/actor/lib/test/MathFunction.tcl (RunTclFile)" time="0.092" />
  <testcase classname="ptolemy.util.test.junit.TclTests" name="[17] /home/travis/build/icyphy/ptII/ptolemy/actor/lib/test/Maximum.tcl (RunTclFile)" time="0.029" />
  <testcase classname="ptolemy.util.test.junit.TclTests" name="[18] /home/travis/build/icyphy/ptII/ptolemy/actor/lib/test/Minimum.tcl (RunTclFile)" time="0.033" />
  <testcase classname="ptolemy.util.test.junit.TclTests" name="[19] /home/travis/build/icyphy/ptII/ptolemy/actor/lib/test/MultiplyDivide.tcl (RunTclFile)" time="0.037" />
  <testcase classname="ptolemy.util.test.junit.TclTests" name="[20] /home/travis/build/icyphy/ptII/ptolemy/actor/lib/test/OrderedMerge.tcl (RunTclFile)" time="0.137" />
  <testcase classname="ptolemy.util.test.junit.TclTests" name="[21] /home/travis/build/icyphy/ptII/ptolemy/actor/lib/test/Publisher.tcl (RunTclFile)" time="0.97" />
  <testcase classname="ptolemy.util.test.junit.TclTests" name="[22] /home/travis/build/icyphy/ptII/ptolemy/actor/lib/test/Pulse.tcl (RunTclFile)" time="0.039" />
  <testcase classname="ptolemy.util.test.junit.TclTests" name="[23] /home/travis/build/icyphy/ptII/ptolemy/actor/lib/test/Ramp.tcl (RunTclFile)" time="2.188" />
  <testcase classname="ptolemy.util.test.junit.TclTests" name="[24] /home/travis/build/icyphy/ptII/ptolemy/actor/lib/test/RampContinuous.tcl (RunTclFile)" time="0.026" />
  <testcase classname="ptolemy.util.test.junit.TclTests" name="[25] /home/travis/build/icyphy/ptII/ptolemy/actor/lib/test/RecordAssembler.tcl (RunTclFile)" time="0.021" />
  <testcase classname="ptolemy.util.test.junit.TclTests" name="[26] /home/travis/build/icyphy/ptII/ptolemy/actor/lib/test/RecordDisassembler.tcl (RunTclFile)" time="0.039" />
  <testcase classname="ptolemy.util.test.junit.TclTests" name="[27] /home/travis/build/icyphy/ptII/ptolemy/actor/lib/test/Scale.tcl (RunTclFile)" time="0.03" />
  <testcase classname="ptolemy.util.test.junit.TclTests" name="[28] /home/travis/build/icyphy/ptII/ptolemy/actor/lib/test/SequentialClock.tcl (RunTclFile)" time="0.014" />
  <testcase classname="ptolemy.util.test.junit.TclTests" name="[29] /home/travis/build/icyphy/ptII/ptolemy/actor/lib/test/SetVariable.tcl (RunTclFile)" time="0.024">
    <failure message="Number of failed tests is has increased. expected:&lt;0&gt; but was:&lt;1&gt;" type="junit.framework.AssertionFailedError">junit.framework.AssertionFailedError: Number of failed tests is has increased. expected:&lt;0&gt; but was:&lt;1&gt;
	at ptolemy.util.test.junit.TclTests.RunTclFile(TclTests.java:286)
	at jdk.internal.reflect.GeneratedMethodAccessor19.invoke(Unknown Source)
	at java.base/jdk.internal.reflect.DelegatingMethodAccessorImpl.invoke(DelegatingMethodAccessorImpl.java:43)
	at junitparams.internal.InvokeParameterisedMethod.evaluate(InvokeParameterisedMethod.java:102)
	at junitparams.internal.ParameterisedTestMethodRunner.runMethodInvoker(ParameterisedTestMethodRunner.java:47)
	at junitparams.internal.ParameterisedTestMethodRunner.runTestMethod(ParameterisedTestMethodRunner.java:41)
	at junitparams.internal.ParameterisedTestClassRunner.runParameterisedTest(ParameterisedTestClassRunner.java:143)
	at junitparams.JUnitParamsRunner.runChild(JUnitParamsRunner.java:237)
	at junitparams.JUnitParamsRunner.runChild(JUnitParamsRunner.java:215)
</failure>
  </testcase>
  <testcase classname="ptolemy.util.test.junit.TclTests" name="[30] /home/travis/build/icyphy/ptII/ptolemy/actor/lib/test/Sinewave.tcl (RunTclFile)" time="0.053" />
  <testcase classname="ptolemy.util.test.junit.TclTests" name="[31] /home/travis/build/icyphy/ptII/ptolemy/actor/lib/test/SubscriptionAggregator.tcl (RunTclFile)" time="2.279" />
  <testcase classname="ptolemy.util.test.junit.TclTests" name="[32] /home/travis/build/icyphy/ptII/ptolemy/actor/lib/test/Test.tcl (RunTclFile)" time="0.138" />
  <testcase classname="ptolemy.util.test.junit.TclTests" name="[33] /home/travis/build/icyphy/ptII/ptolemy/actor/lib/test/TestExceptionHandler.tcl (RunTclFile)" time="0.095" />
  <testcase classname="ptolemy.util.test.junit.TclTests" name="[34] /home/travis/build/icyphy/ptII/ptolemy/actor/lib/test/UnionDisassembler.tcl (RunTclFile)" time="0.059" />
  <testcase classname="ptolemy.util.test.junit.TclTests" name="[35] /home/travis/build/icyphy/ptII/ptolemy/actor/lib/test/VariableClock.tcl (RunTclFile)" time="0.019" />
  <testcase classname="ptolemy.util.test.junit.AutoKnownFailedTests" name="[0] /home/travis/build/icyphy/ptII/ptolemy/actor/lib/test/auto/knownFailedTests/PublisherPortToplevelSubscriber.xml (RunModel)" time="0.041" />
  <testcase classname="ptolemy.util.test.junit.AutoKnownFailedTests" name="[1] /home/travis/build/icyphy/ptII/ptolemy/actor/lib/test/auto/knownFailedTests/PublisherSubscriberPortToplevel.xml (RunModel)" time="0.019" />
  <testcase classname="ptolemy.util.test.junit.AutoKnownFailedTests" name="[2] /home/travis/build/icyphy/ptII/ptolemy/actor/lib/test/auto/knownFailedTests/PublisherSubscriptionAggregatorPort.xml (RunModel)" time="0.026" />
  <testcase classname="ptolemy.util.test.junit.AutoKnownFailedTests" name="[3] /home/travis/build/icyphy/ptII/ptolemy/actor/lib/test/auto/knownFailedTests/sizedarray3.xml (RunModel)" time="0.048" />
  <testcase classname="ptolemy.util.test.junit.AutoNameArchTests" name="[0] ThereAreNoAutoArchTests (RunModel)" time="0.003" />
  <testcase classname="ptolemy.util.test.junit.AutoTests" name="[0] /home/travis/build/icyphy/ptII/ptolemy/actor/lib/test/auto/AbsoluteValue.xml (RunModel)" time="0.095" />
  <testcase classname="ptolemy.util.test.junit.AutoTests" name="[1] /home/travis/build/icyphy/ptII/ptolemy/actor/lib/test/auto/AbsoluteValue2.xml (RunModel)" time="0.069" />
  <testcase classname="ptolemy.util.test.junit.AutoTests" name="[2] /home/travis/build/icyphy/ptII/ptolemy/actor/lib/test/auto/Accumulator.xml (RunModel)" time="0.063" />
  <testcase classname="ptolemy.util.test.junit.AutoTests" name="[3] /home/travis/build/icyphy/ptII/ptolemy/actor/lib/test/auto/Accumulator2.xml (RunModel)" time="0.045" />
  <testcase classname="ptolemy.util.test.junit.AutoTests" name="[4] /home/travis/build/icyphy/ptII/ptolemy/actor/lib/test/auto/Accumulator3.xml (RunModel)" time="0.022" />
  <testcase classname="ptolemy.util.test.junit.AutoTests" name="[5] /home/travis/build/icyphy/ptII/ptolemy/actor/lib/test/auto/ArrayAppend.xml (RunModel)" time="0.066" />
  <testcase classname="ptolemy.util.test.junit.AutoTests" name="[6] /home/travis/build/icyphy/ptII/ptolemy/actor/lib/test/auto/ArrayAppend2.xml (RunModel)" time="0.442" />
  <testcase classname="ptolemy.util.test.junit.AutoTests" name="[7] /home/travis/build/icyphy/ptII/ptolemy/actor/lib/test/auto/ArrayAppend3.xml (RunModel)" time="0.052" />
  <testcase classname="ptolemy.util.test.junit.AutoTests" name="[8] /home/travis/build/icyphy/ptII/ptolemy/actor/lib/test/auto/ArrayAppend4.xml (RunModel)" time="0.022" />
  <testcase classname="ptolemy.util.test.junit.AutoTests" name="[9] /home/travis/build/icyphy/ptII/ptolemy/actor/lib/test/auto/ArrayAppend5.xml (RunModel)" time="0.023" />
  <testcase classname="ptolemy.util.test.junit.AutoTests" name="[10] /home/travis/build/icyphy/ptII/ptolemy/actor/lib/test/auto/ArrayAppend6.xml (RunModel)" time="0.027" />
  <testcase classname="ptolemy.util.test.junit.AutoTests" name="[11] /home/travis/build/icyphy/ptII/ptolemy/actor/lib/test/auto/ArrayAppendPerformanceTest.xml (RunModel)" time="0.068" />
  <testcase classname="ptolemy.util.test.junit.AutoTests" name="[12] /home/travis/build/icyphy/ptII/ptolemy/actor/lib/test/auto/ArrayAppendWithEmptyInput.xml (RunModel)" time="0.07" />
  <testcase classname="ptolemy.util.test.junit.AutoTests" name="[13] /home/travis/build/icyphy/ptII/ptolemy/actor/lib/test/auto/ArrayAverage.xml (RunModel)" time="0.053" />
  <testcase classname="ptolemy.util.test.junit.AutoTests" name="[14] /home/travis/build/icyphy/ptII/ptolemy/actor/lib/test/auto/ArrayContains.xml (RunModel)" time="0.033" />
  <testcase classname="ptolemy.util.test.junit.AutoTests" name="[15] /home/travis/build/icyphy/ptII/ptolemy/actor/lib/test/auto/ArrayElement.xml (RunModel)" time="0.04" />
  <testcase classname="ptolemy.util.test.junit.AutoTests" name="[16] /home/travis/build/icyphy/ptII/ptolemy/actor/lib/test/auto/ArrayElementAsMatrix.xml (RunModel)" time="0.056" />
  <testcase classname="ptolemy.util.test.junit.AutoTests" name="[17] /home/travis/build/icyphy/ptII/ptolemy/actor/lib/test/auto/ArrayElementI.xml (RunModel)" time="0.02" />
  <testcase classname="ptolemy.util.test.junit.AutoTests" name="[18] /home/travis/build/icyphy/ptII/ptolemy/actor/lib/test/auto/ArrayExtract.xml (RunModel)" time="0.053" />
  <testcase classname="ptolemy.util.test.junit.AutoTests" name="[19] /home/travis/build/icyphy/ptII/ptolemy/actor/lib/test/auto/ArrayExtract2.xml (RunModel)" time="0.027" />
  <testcase classname="ptolemy.util.test.junit.AutoTests" name="[20] /home/travis/build/icyphy/ptII/ptolemy/actor/lib/test/auto/ArrayLength.xml (RunModel)" time="0.023" />
  <testcase classname="ptolemy.util.test.junit.AutoTests" name="[21] /home/travis/build/icyphy/ptII/ptolemy/actor/lib/test/auto/ArrayLevelCrossing.xml (RunModel)" time="0.041" />
  <testcase classname="ptolemy.util.test.junit.AutoTests" name="[22] /home/travis/build/icyphy/ptII/ptolemy/actor/lib/test/auto/ArrayLevelCrossing2.xml (RunModel)" time="0.028" />
  <testcase classname="ptolemy.util.test.junit.AutoTests" name="[23] /home/travis/build/icyphy/ptII/ptolemy/actor/lib/test/auto/ArrayPeakSearch.xml (RunModel)" time="0.043" />
  <testcase classname="ptolemy.util.test.junit.AutoTests" name="[24] /home/travis/build/icyphy/ptII/ptolemy/actor/lib/test/auto/ArrayPeakSearch2.xml (RunModel)" time="0.041" />
  <testcase classname="ptolemy.util.test.junit.AutoTests" name="[25] /home/travis/build/icyphy/ptII/ptolemy/actor/lib/test/auto/ArrayPeakSearch3.xml (RunModel)" time="0.034" />
  <testcase classname="ptolemy.util.test.junit.AutoTests" name="[26] /home/travis/build/icyphy/ptII/ptolemy/actor/lib/test/auto/ArrayRemoveElement.xml (RunModel)" time="0.034" />
  <testcase classname="ptolemy.util.test.junit.AutoTests" name="[27] /home/travis/build/icyphy/ptII/ptolemy/actor/lib/test/auto/ArraySort.xml (RunModel)" time="0.048" />
  <testcase classname="ptolemy.util.test.junit.AutoTests" name="[28] /home/travis/build/icyphy/ptII/ptolemy/actor/lib/test/auto/ArraySum.xml (RunModel)" time="0.022" />
  <testcase classname="ptolemy.util.test.junit.AutoTests" name="[29] /home/travis/build/icyphy/ptII/ptolemy/actor/lib/test/auto/ArrayToElements.xml (RunModel)" time="0.026" />
  <testcase classname="ptolemy.util.test.junit.AutoTests" name="[30] /home/travis/build/icyphy/ptII/ptolemy/actor/lib/test/auto/ArrayToMatrix.xml (RunModel)" time="0.05" />
  <testcase classname="ptolemy.util.test.junit.AutoTests" name="[31] /home/travis/build/icyphy/ptII/ptolemy/actor/lib/test/auto/ArrayUpdate1.xml (RunModel)" time="0.016" />
  <testcase classname="ptolemy.util.test.junit.AutoTests" name="[32] /home/travis/build/icyphy/ptII/ptolemy/actor/lib/test/auto/ArrayUpdate2.xml (RunModel)" time="0.03" />
  <testcase classname="ptolemy.util.test.junit.AutoTests" name="[33] /home/travis/build/icyphy/ptII/ptolemy/actor/lib/test/auto/ArrayUpdate3.xml (RunModel)" time="0.028" />
  <testcase classname="ptolemy.util.test.junit.AutoTests" name="[34] /home/travis/build/icyphy/ptII/ptolemy/actor/lib/test/auto/Assert1.xml (RunModel)" time="0.025" />
  <testcase classname="ptolemy.util.test.junit.AutoTests" name="[35] /home/travis/build/icyphy/ptII/ptolemy/actor/lib/test/auto/Assert2.xml (RunModel)" time="0.011" />
  <testcase classname="ptolemy.util.test.junit.AutoTests" name="[36] /home/travis/build/icyphy/ptII/ptolemy/actor/lib/test/auto/BooleanMultiplexor.xml (RunModel)" time="0.023" />
  <testcase classname="ptolemy.util.test.junit.AutoTests" name="[37] /home/travis/build/icyphy/ptII/ptolemy/actor/lib/test/auto/BooleanMultiplexor2.xml (RunModel)" time="0.024" />
  <testcase classname="ptolemy.util.test.junit.AutoTests" name="[38] /home/travis/build/icyphy/ptII/ptolemy/actor/lib/test/auto/BooleanMultiplexor3.xml (RunModel)" time="0.026" />
  <testcase classname="ptolemy.util.test.junit.AutoTests" name="[39] /home/travis/build/icyphy/ptII/ptolemy/actor/lib/test/auto/BooleanSelect.xml (RunModel)" time="0.029" />
  <testcase classname="ptolemy.util.test.junit.AutoTests" name="[40] /home/travis/build/icyphy/ptII/ptolemy/actor/lib/test/auto/BooleanSelect2.xml (RunModel)" time="0.019" />
  <testcase classname="ptolemy.util.test.junit.AutoTests" name="[41] /home/travis/build/icyphy/ptII/ptolemy/actor/lib/test/auto/BooleanSwitch.xml (RunModel)" time="0.028" />
  <testcase classname="ptolemy.util.test.junit.AutoTests" name="[42] /home/travis/build/icyphy/ptII/ptolemy/actor/lib/test/auto/BooleanSwitch2.xml (RunModel)" time="0.025" />
  <testcase classname="ptolemy.util.test.junit.AutoTests" name="[43] /home/travis/build/icyphy/ptII/ptolemy/actor/lib/test/auto/BooleanSwitchCloningBugWithClassRelationGroup.xml (RunModel)" time="0.038" />
  <testcase classname="ptolemy.util.test.junit.AutoTests" name="[44] /home/travis/build/icyphy/ptII/ptolemy/actor/lib/test/auto/BusActors.xml (RunModel)" time="0.031" />
  <testcase classname="ptolemy.util.test.junit.AutoTests" name="[45] /home/travis/build/icyphy/ptII/ptolemy/actor/lib/test/auto/ClassWrapper.xml (RunModel)" time="0.013" />
  <testcase classname="ptolemy.util.test.junit.AutoTests" name="[46] /home/travis/build/icyphy/ptII/ptolemy/actor/lib/test/auto/Clock.xml (RunModel)" time="0.016" />
  <testcase classname="ptolemy.util.test.junit.AutoTests" name="[47] /home/travis/build/icyphy/ptII/ptolemy/actor/lib/test/auto/Clock10.xml (RunModel)" time="0.017" />
  <testcase classname="ptolemy.util.test.junit.AutoTests" name="[48] /home/travis/build/icyphy/ptII/ptolemy/actor/lib/test/auto/Clock11.xml (RunModel)" time="0.021" />
  <testcase classname="ptolemy.util.test.junit.AutoTests" name="[49] /home/travis/build/icyphy/ptII/ptolemy/actor/lib/test/auto/Clock12.xml (RunModel)" time="0.02" />
  <testcase classname="ptolemy.util.test.junit.AutoTests" name="[50] /home/travis/build/icyphy/ptII/ptolemy/actor/lib/test/auto/Clock13.xml (RunModel)" time="0.016" />
  <testcase classname="ptolemy.util.test.junit.AutoTests" name="[51] /home/travis/build/icyphy/ptII/ptolemy/actor/lib/test/auto/Clock14.xml (RunModel)" time="0.023" />
  <testcase classname="ptolemy.util.test.junit.AutoTests" name="[52] /home/travis/build/icyphy/ptII/ptolemy/actor/lib/test/auto/Clock15.xml (RunModel)" time="0.022" />
  <testcase classname="ptolemy.util.test.junit.AutoTests" name="[53] /home/travis/build/icyphy/ptII/ptolemy/actor/lib/test/auto/Clock16.xml (RunModel)" time="0.098" />
  <testcase classname="ptolemy.util.test.junit.AutoTests" name="[54] /home/travis/build/icyphy/ptII/ptolemy/actor/lib/test/auto/Clock17.xml (RunModel)" time="0.04" />
  <testcase classname="ptolemy.util.test.junit.AutoTests" name="[55] /home/travis/build/icyphy/ptII/ptolemy/actor/lib/test/auto/Clock18.xml (RunModel)" time="0.045" />
  <testcase classname="ptolemy.util.test.junit.AutoTests" name="[56] /home/travis/build/icyphy/ptII/ptolemy/actor/lib/test/auto/Clock19.xml (RunModel)" time="0.038" />
  <testcase classname="ptolemy.util.test.junit.AutoTests" name="[57] /home/travis/build/icyphy/ptII/ptolemy/actor/lib/test/auto/Clock2.xml (RunModel)" time="0.015" />
  <testcase classname="ptolemy.util.test.junit.AutoTests" name="[58] /home/travis/build/icyphy/ptII/ptolemy/actor/lib/test/auto/Clock20.xml (RunModel)" time="0.025" />
  <testcase classname="ptolemy.util.test.junit.AutoTests" name="[59] /home/travis/build/icyphy/ptII/ptolemy/actor/lib/test/auto/Clock21.xml (RunModel)" time="0.016" />
  <testcase classname="ptolemy.util.test.junit.AutoTests" name="[60] /home/travis/build/icyphy/ptII/ptolemy/actor/lib/test/auto/Clock22.xml (RunModel)" time="0.017" />
  <testcase classname="ptolemy.util.test.junit.AutoTests" name="[61] /home/travis/build/icyphy/ptII/ptolemy/actor/lib/test/auto/Clock23.xml (RunModel)" time="0.022" />
  <testcase classname="ptolemy.util.test.junit.AutoTests" name="[62] /home/travis/build/icyphy/ptII/ptolemy/actor/lib/test/auto/Clock24.xml (RunModel)" time="0.016" />
  <testcase classname="ptolemy.util.test.junit.AutoTests" name="[63] /home/travis/build/icyphy/ptII/ptolemy/actor/lib/test/auto/Clock4.xml (RunModel)" time="0.012" />
  <testcase classname="ptolemy.util.test.junit.AutoTests" name="[64] /home/travis/build/icyphy/ptII/ptolemy/actor/lib/test/auto/Clock5.xml (RunModel)" time="0.012" />
  <testcase classname="ptolemy.util.test.junit.AutoTests" name="[65] /home/travis/build/icyphy/ptII/ptolemy/actor/lib/test/auto/Clock6.xml (RunModel)" time="0.014" />
  <testcase classname="ptolemy.util.test.junit.AutoTests" name="[66] /home/travis/build/icyphy/ptII/ptolemy/actor/lib/test/auto/Clock7.xml (RunModel)" time="0.011" />
  <testcase classname="ptolemy.util.test.junit.AutoTests" name="[67] /home/travis/build/icyphy/ptII/ptolemy/actor/lib/test/auto/Clock8.xml (RunModel)" time="0.016" />
  <testcase classname="ptolemy.util.test.junit.AutoTests" name="[68] /home/travis/build/icyphy/ptII/ptolemy/actor/lib/test/auto/Clock9.xml (RunModel)" time="0.021" />
  <testcase classname="ptolemy.util.test.junit.AutoTests" name="[69] /home/travis/build/icyphy/ptII/ptolemy/actor/lib/test/auto/CommDistDiscard.xml (RunModel)" time="0.025" />
  <testcase classname="ptolemy.util.test.junit.AutoTests" name="[70] /home/travis/build/icyphy/ptII/ptolemy/actor/lib/test/auto/Commutator.xml (RunModel)" time="0.014" />
  <testcase classname="ptolemy.util.test.junit.AutoTests" name="[71] /home/travis/build/icyphy/ptII/ptolemy/actor/lib/test/auto/Commutator2.xml (RunModel)" time="0.012" />
  <testcase classname="ptolemy.util.test.junit.AutoTests" name="[72] /home/travis/build/icyphy/ptII/ptolemy/actor/lib/test/auto/Commutator3.xml (RunModel)" time="0.015" />
  <testcase classname="ptolemy.util.test.junit.AutoTests" name="[73] /home/travis/build/icyphy/ptII/ptolemy/actor/lib/test/auto/Compare.xml (RunModel)" time="0.021" />
  <testcase classname="ptolemy.util.test.junit.AutoTests" name="[74] /home/travis/build/icyphy/ptII/ptolemy/actor/lib/test/auto/CompareDE.xml (RunModel)" time="0.021" />
  <testcase classname="ptolemy.util.test.junit.AutoTests" name="[75] /home/travis/build/icyphy/ptII/ptolemy/actor/lib/test/auto/ComplexDivide.xml (RunModel)" time="0.027" />
  <testcase classname="ptolemy.util.test.junit.AutoTests" name="[76] /home/travis/build/icyphy/ptII/ptolemy/actor/lib/test/auto/ComputeHistogram.xml (RunModel)" time="0.072" />
  <testcase classname="ptolemy.util.test.junit.AutoTests" name="[77] /home/travis/build/icyphy/ptII/ptolemy/actor/lib/test/auto/ConfigurationSelect.xml (RunModel)" time="0.023" />
  <testcase classname="ptolemy.util.test.junit.AutoTests" name="[78] /home/travis/build/icyphy/ptII/ptolemy/actor/lib/test/auto/ConfigurationSelect2.xml (RunModel)" time="0.019" />
  <testcase classname="ptolemy.util.test.junit.AutoTests" name="[79] /home/travis/build/icyphy/ptII/ptolemy/actor/lib/test/auto/ConfigurationSwitch.xml (RunModel)" time="0.021" />
  <testcase classname="ptolemy.util.test.junit.AutoTests" name="[80] /home/travis/build/icyphy/ptII/ptolemy/actor/lib/test/auto/ConfigurationSwitch2.xml (RunModel)" time="0.03" />
  <testcase classname="ptolemy.util.test.junit.AutoTests" name="[81] /home/travis/build/icyphy/ptII/ptolemy/actor/lib/test/auto/ConfigurationSwitchCloningBugWithClassRelationGroup.xml (RunModel)" time="0.02" />
  <testcase classname="ptolemy.util.test.junit.AutoTests" name="[82] /home/travis/build/icyphy/ptII/ptolemy/actor/lib/test/auto/ConfigurationSwitchSelectSDF.xml (RunModel)" time="0.016" />
  <testcase classname="ptolemy.util.test.junit.AutoTests" name="[83] /home/travis/build/icyphy/ptII/ptolemy/actor/lib/test/auto/ConfigurationSwitchSelectSDF2.xml (RunModel)" time="0.021" />
  <testcase classname="ptolemy.util.test.junit.AutoTests" name="[84] /home/travis/build/icyphy/ptII/ptolemy/actor/lib/test/auto/Const.xml (RunModel)" time="0.008" />
  <testcase classname="ptolemy.util.test.junit.AutoTests" name="[85] /home/travis/build/icyphy/ptII/ptolemy/actor/lib/test/auto/Const2.xml (RunModel)" time="0.013" />
  <testcase classname="ptolemy.util.test.junit.AutoTests" name="[86] /home/travis/build/icyphy/ptII/ptolemy/actor/lib/test/auto/Const3.xml (RunModel)" time="0.008" />
  <testcase classname="ptolemy.util.test.junit.AutoTests" name="[87] /home/travis/build/icyphy/ptII/ptolemy/actor/lib/test/auto/ConstantPublisherPort1.xml (RunModel)" time="0.024" />
  <testcase classname="ptolemy.util.test.junit.AutoTests" name="[88] /home/travis/build/icyphy/ptII/ptolemy/actor/lib/test/auto/ConstantPublisherPort2.xml (RunModel)" time="0.022" />
  <testcase classname="ptolemy.util.test.junit.AutoTests" name="[89] /home/travis/build/icyphy/ptII/ptolemy/actor/lib/test/auto/ConstantPublisherPort3.xml (RunModel)" time="0.024" />
  <testcase classname="ptolemy.util.test.junit.AutoTests" name="[90] /home/travis/build/icyphy/ptII/ptolemy/actor/lib/test/auto/ConstantPublisherPort4.xml (RunModel)" time="0.017" />
  <testcase classname="ptolemy.util.test.junit.AutoTests" name="[91] /home/travis/build/icyphy/ptII/ptolemy/actor/lib/test/auto/ConstantPublisherPort5.xml (RunModel)" time="0.048" />
  <testcase classname="ptolemy.util.test.junit.AutoTests" name="[92] /home/travis/build/icyphy/ptII/ptolemy/actor/lib/test/auto/ConstantPublisherPort6.xml (RunModel)" time="0.025" />
  <testcase classname="ptolemy.util.test.junit.AutoTests" name="[93] /home/travis/build/icyphy/ptII/ptolemy/actor/lib/test/auto/ConstantPublisherPort7.xml (RunModel)" time="0.03" />
  <testcase classname="ptolemy.util.test.junit.AutoTests" name="[94] /home/travis/build/icyphy/ptII/ptolemy/actor/lib/test/auto/ConstraintMonitor1.xml (RunModel)" time="0.043" />
  <testcase classname="ptolemy.util.test.junit.AutoTests" name="[95] /home/travis/build/icyphy/ptII/ptolemy/actor/lib/test/auto/ConstraintMonitor2.xml (RunModel)" time="0.015" />
  <testcase classname="ptolemy.util.test.junit.AutoTests" name="[96] /home/travis/build/icyphy/ptII/ptolemy/actor/lib/test/auto/ConstraintMonitor3.xml (RunModel)" time="0.015" />
  <testcase classname="ptolemy.util.test.junit.AutoTests" name="[97] /home/travis/build/icyphy/ptII/ptolemy/actor/lib/test/auto/ConstraintMonitor4.xml (RunModel)" time="0.018" />
  <testcase classname="ptolemy.util.test.junit.AutoTests" name="[98] /home/travis/build/icyphy/ptII/ptolemy/actor/lib/test/auto/ConstraintMonitor5.xml (RunModel)" time="0.015" />
  <testcase classname="ptolemy.util.test.junit.AutoTests" name="[99] /home/travis/build/icyphy/ptII/ptolemy/actor/lib/test/auto/ConstraintMonitor6.xml (RunModel)" time="0.018" />
  <testcase classname="ptolemy.util.test.junit.AutoTests" name="[100] /home/travis/build/icyphy/ptII/ptolemy/actor/lib/test/auto/ConstraintMonitor7.xml (RunModel)" time="0.025" />
  <testcase classname="ptolemy.util.test.junit.AutoTests" name="[101] /home/travis/build/icyphy/ptII/ptolemy/actor/lib/test/auto/ConstraintMonitor8.xml (RunModel)" time="0.019" />
  <testcase classname="ptolemy.util.test.junit.AutoTests" name="[102] /home/travis/build/icyphy/ptII/ptolemy/actor/lib/test/auto/Counter.xml (RunModel)" time="0.015" />
  <testcase classname="ptolemy.util.test.junit.AutoTests" name="[103] /home/travis/build/icyphy/ptII/ptolemy/actor/lib/test/auto/CurrentTimeSDF.xml (RunModel)" time="0.011" />
  <testcase classname="ptolemy.util.test.junit.AutoTests" name="[104] /home/travis/build/icyphy/ptII/ptolemy/actor/lib/test/auto/DB.xml (RunModel)" time="0.013" />
  <testcase classname="ptolemy.util.test.junit.AutoTests" name="[105] /home/travis/build/icyphy/ptII/ptolemy/actor/lib/test/auto/DBDE.xml (RunModel)" time="0.016" />
  <testcase classname="ptolemy.util.test.junit.AutoTests" name="[106] /home/travis/build/icyphy/ptII/ptolemy/actor/lib/test/auto/DateConstructor.xml (RunModel)" time="0.076" />
  <testcase classname="ptolemy.util.test.junit.AutoTests" name="[107] /home/travis/build/icyphy/ptII/ptolemy/actor/lib/test/auto/DelayTime.xml (RunModel)" time="0.014" />
  <testcase classname="ptolemy.util.test.junit.AutoTests" name="[108] /home/travis/build/icyphy/ptII/ptolemy/actor/lib/test/auto/Dictionary1.xml (RunModel)" time="0.021" />
  <testcase classname="ptolemy.util.test.junit.AutoTests" name="[109] /home/travis/build/icyphy/ptII/ptolemy/actor/lib/test/auto/Dictionary2.xml (RunModel)" time="0.015" />
  <testcase classname="ptolemy.util.test.junit.AutoTests" name="[110] /home/travis/build/icyphy/ptII/ptolemy/actor/lib/test/auto/Dictionary3.xml (RunModel)" time="0.013" />
  <testcase classname="ptolemy.util.test.junit.AutoTests" name="[111] /home/travis/build/icyphy/ptII/ptolemy/actor/lib/test/auto/Dictionary4.xml (RunModel)" time="0.017" />
  <testcase classname="ptolemy.util.test.junit.AutoTests" name="[112] /home/travis/build/icyphy/ptII/ptolemy/actor/lib/test/auto/Differential.xml (RunModel)" time="0.017" />
  <testcase classname="ptolemy.util.test.junit.AutoTests" name="[113] /home/travis/build/icyphy/ptII/ptolemy/actor/lib/test/auto/Director.xml (RunModel)" time="0.013" />
  <testcase classname="ptolemy.util.test.junit.AutoTests" name="[114] /home/travis/build/icyphy/ptII/ptolemy/actor/lib/test/auto/DiscreteClock.xml (RunModel)" time="0.009" />
  <testcase classname="ptolemy.util.test.junit.AutoTests" name="[115] /home/travis/build/icyphy/ptII/ptolemy/actor/lib/test/auto/DiscreteClock10.xml (RunModel)" time="0.014" />
  <testcase classname="ptolemy.util.test.junit.AutoTests" name="[116] /home/travis/build/icyphy/ptII/ptolemy/actor/lib/test/auto/DiscreteClock11.xml (RunModel)" time="0.013" />
  <testcase classname="ptolemy.util.test.junit.AutoTests" name="[117] /home/travis/build/icyphy/ptII/ptolemy/actor/lib/test/auto/DiscreteClock12.xml (RunModel)" time="0.014" />
  <testcase classname="ptolemy.util.test.junit.AutoTests" name="[118] /home/travis/build/icyphy/ptII/ptolemy/actor/lib/test/auto/DiscreteClock13.xml (RunModel)" time="0.015" />
  <testcase classname="ptolemy.util.test.junit.AutoTests" name="[119] /home/travis/build/icyphy/ptII/ptolemy/actor/lib/test/auto/DiscreteClock14.xml (RunModel)" time="0.017" />
  <testcase classname="ptolemy.util.test.junit.AutoTests" name="[120] /home/travis/build/icyphy/ptII/ptolemy/actor/lib/test/auto/DiscreteClock15.xml (RunModel)" time="0.015" />
  <testcase classname="ptolemy.util.test.junit.AutoTests" name="[121] /home/travis/build/icyphy/ptII/ptolemy/actor/lib/test/auto/DiscreteClock16.xml (RunModel)" time="0.062" />
  <testcase classname="ptolemy.util.test.junit.AutoTests" name="[122] /home/travis/build/icyphy/ptII/ptolemy/actor/lib/test/auto/DiscreteClock17.xml (RunModel)" time="0.043" />
  <testcase classname="ptolemy.util.test.junit.AutoTests" name="[123] /home/travis/build/icyphy/ptII/ptolemy/actor/lib/test/auto/DiscreteClock18.xml (RunModel)" time="0.049" />
  <testcase classname="ptolemy.util.test.junit.AutoTests" name="[124] /home/travis/build/icyphy/ptII/ptolemy/actor/lib/test/auto/DiscreteClock19.xml (RunModel)" time="0.041" />
  <testcase classname="ptolemy.util.test.junit.AutoTests" name="[125] /home/travis/build/icyphy/ptII/ptolemy/actor/lib/test/auto/DiscreteClock2.xml (RunModel)" time="0.015" />
  <testcase classname="ptolemy.util.test.junit.AutoTests" name="[126] /home/travis/build/icyphy/ptII/ptolemy/actor/lib/test/auto/DiscreteClock20.xml (RunModel)" time="0.02" />
  <testcase classname="ptolemy.util.test.junit.AutoTests" name="[127] /home/travis/build/icyphy/ptII/ptolemy/actor/lib/test/auto/DiscreteClock21.xml (RunModel)" time="0.02" />
  <testcase classname="ptolemy.util.test.junit.AutoTests" name="[128] /home/travis/build/icyphy/ptII/ptolemy/actor/lib/test/auto/DiscreteClock22.xml (RunModel)" time="0.016" />
  <testcase classname="ptolemy.util.test.junit.AutoTests" name="[129] /home/travis/build/icyphy/ptII/ptolemy/actor/lib/test/auto/DiscreteClock23.xml (RunModel)" time="0.022" />
  <testcase classname="ptolemy.util.test.junit.AutoTests" name="[130] /home/travis/build/icyphy/ptII/ptolemy/actor/lib/test/auto/DiscreteClock24.xml (RunModel)" time="0.014" />
  <testcase classname="ptolemy.util.test.junit.AutoTests" name="[131] /home/travis/build/icyphy/ptII/ptolemy/actor/lib/test/auto/DiscreteClock4.xml (RunModel)" time="0.013" />
  <testcase classname="ptolemy.util.test.junit.AutoTests" name="[132] /home/travis/build/icyphy/ptII/ptolemy/actor/lib/test/auto/DiscreteClock5.xml (RunModel)" time="0.012" />
  <testcase classname="ptolemy.util.test.junit.AutoTests" name="[133] /home/travis/build/icyphy/ptII/ptolemy/actor/lib/test/auto/DiscreteClock6.xml (RunModel)" time="0.012" />
  <testcase classname="ptolemy.util.test.junit.AutoTests" name="[134] /home/travis/build/icyphy/ptII/ptolemy/actor/lib/test/auto/DiscreteClock7.xml (RunModel)" time="0.011" />
  <testcase classname="ptolemy.util.test.junit.AutoTests" name="[135] /home/travis/build/icyphy/ptII/ptolemy/actor/lib/test/auto/DiscreteClock8.xml (RunModel)" time="0.024" />
  <testcase classname="ptolemy.util.test.junit.AutoTests" name="[136] /home/travis/build/icyphy/ptII/ptolemy/actor/lib/test/auto/DiscreteClock9.xml (RunModel)" time="0.014" />
  <testcase classname="ptolemy.util.test.junit.AutoTests" name="[137] /home/travis/build/icyphy/ptII/ptolemy/actor/lib/test/auto/DisplayArray.xml (RunModel)" time="0.009" />
  <testcase classname="ptolemy.util.test.junit.AutoTests" name="[138] /home/travis/build/icyphy/ptII/ptolemy/actor/lib/test/auto/Distributor.xml (RunModel)" time="0.012" />
  <testcase classname="ptolemy.util.test.junit.AutoTests" name="[139] /home/travis/build/icyphy/ptII/ptolemy/actor/lib/test/auto/Distributor2.xml (RunModel)" time="0.011" />
  <testcase classname="ptolemy.util.test.junit.AutoTests" name="[140] /home/travis/build/icyphy/ptII/ptolemy/actor/lib/test/auto/DownSample.xml (RunModel)" time="0.01" />
  <testcase classname="ptolemy.util.test.junit.AutoTests" name="[141] /home/travis/build/icyphy/ptII/ptolemy/actor/lib/test/auto/ElectronicUnitBase1.xml (RunModel)" time="0.08" />
  <testcase classname="ptolemy.util.test.junit.AutoTests" name="[142] /home/travis/build/icyphy/ptII/ptolemy/actor/lib/test/auto/ElementsToArray.xml (RunModel)" time="0.012" />
  <testcase classname="ptolemy.util.test.junit.AutoTests" name="[143] /home/travis/build/icyphy/ptII/ptolemy/actor/lib/test/auto/Equals.xml (RunModel)" time="0.014" />
  <testcase classname="ptolemy.util.test.junit.AutoTests" name="[144] /home/travis/build/icyphy/ptII/ptolemy/actor/lib/test/auto/Exec.xml (RunModel)" time="0.031" />
  <testcase classname="ptolemy.util.test.junit.AutoTests" name="[145] /home/travis/build/icyphy/ptII/ptolemy/actor/lib/test/auto/ExecEnvironment.xml (RunModel)" time="0.04" />
  <testcase classname="ptolemy.util.test.junit.AutoTests" name="[146] /home/travis/build/icyphy/ptII/ptolemy/actor/lib/test/auto/ExecNonZeroReturnOutput.xml (RunModel)" time="0.221" />
  <testcase classname="ptolemy.util.test.junit.AutoTests" name="[147] /home/travis/build/icyphy/ptII/ptolemy/actor/lib/test/auto/ExecRunDemos.xml (RunModel)" time="11.475" />
  <testcase classname="ptolemy.util.test.junit.AutoTests" name="[148] /home/travis/build/icyphy/ptII/ptolemy/actor/lib/test/auto/ExecStop.xml (RunModel)" time="5.038" />
  <testcase classname="ptolemy.util.test.junit.AutoTests" name="[149] /home/travis/build/icyphy/ptII/ptolemy/actor/lib/test/auto/ExecutionTimeSDF.xml (RunModel)" time="6.035" />
  <testcase classname="ptolemy.util.test.junit.AutoTests" name="[150] /home/travis/build/icyphy/ptII/ptolemy/actor/lib/test/auto/Expression1.xml (RunModel)" time="0.013" />
  <testcase classname="ptolemy.util.test.junit.AutoTests" name="[151] /home/travis/build/icyphy/ptII/ptolemy/actor/lib/test/auto/Expression10.xml (RunModel)" time="0.014" />
  <testcase classname="ptolemy.util.test.junit.AutoTests" name="[152] /home/travis/build/icyphy/ptII/ptolemy/actor/lib/test/auto/Expression11.xml (RunModel)" time="0.012" />
  <testcase classname="ptolemy.util.test.junit.AutoTests" name="[153] /home/travis/build/icyphy/ptII/ptolemy/actor/lib/test/auto/Expression12.xml (RunModel)" time="0.014" />
  <testcase classname="ptolemy.util.test.junit.AutoTests" name="[154] /home/travis/build/icyphy/ptII/ptolemy/actor/lib/test/auto/Expression13.xml (RunModel)" time="0.013" />
  <testcase classname="ptolemy.util.test.junit.AutoTests" name="[155] /home/travis/build/icyphy/ptII/ptolemy/actor/lib/test/auto/Expression14.xml (RunModel)" time="0.017" />
  <testcase classname="ptolemy.util.test.junit.AutoTests" name="[156] /home/travis/build/icyphy/ptII/ptolemy/actor/lib/test/auto/Expression15.xml (RunModel)" time="0.009" />
  <testcase classname="ptolemy.util.test.junit.AutoTests" name="[157] /home/travis/build/icyphy/ptII/ptolemy/actor/lib/test/auto/Expression16.xml (RunModel)" time="0.013" />
  <testcase classname="ptolemy.util.test.junit.AutoTests" name="[158] /home/travis/build/icyphy/ptII/ptolemy/actor/lib/test/auto/Expression17.xml (RunModel)" time="0.012" />
  <testcase classname="ptolemy.util.test.junit.AutoTests" name="[159] /home/travis/build/icyphy/ptII/ptolemy/actor/lib/test/auto/Expression18.xml (RunModel)" time="0.013" />
  <testcase classname="ptolemy.util.test.junit.AutoTests" name="[160] /home/travis/build/icyphy/ptII/ptolemy/actor/lib/test/auto/Expression2.xml (RunModel)" time="0.012" />
  <testcase classname="ptolemy.util.test.junit.AutoTests" name="[161] /home/travis/build/icyphy/ptII/ptolemy/actor/lib/test/auto/Expression3.xml (RunModel)" time="0.014" />
  <testcase classname="ptolemy.util.test.junit.AutoTests" name="[162] /home/travis/build/icyphy/ptII/ptolemy/actor/lib/test/auto/Expression4.xml (RunModel)" time="0.026" />
  <testcase classname="ptolemy.util.test.junit.AutoTests" name="[163] /home/travis/build/icyphy/ptII/ptolemy/actor/lib/test/auto/Expression5.xml (RunModel)" time="0.013" />
  <testcase classname="ptolemy.util.test.junit.AutoTests" name="[164] /home/travis/build/icyphy/ptII/ptolemy/actor/lib/test/auto/Expression6.xml (RunModel)" time="0.013" />
  <testcase classname="ptolemy.util.test.junit.AutoTests" name="[165] /home/travis/build/icyphy/ptII/ptolemy/actor/lib/test/auto/Expression7.xml (RunModel)" time="0.014" />
  <testcase classname="ptolemy.util.test.junit.AutoTests" name="[166] /home/travis/build/icyphy/ptII/ptolemy/actor/lib/test/auto/Expression8.xml (RunModel)" time="0.018" />
  <testcase classname="ptolemy.util.test.junit.AutoTests" name="[167] /home/travis/build/icyphy/ptII/ptolemy/actor/lib/test/auto/Expression9.xml (RunModel)" time="0.008" />
  <testcase classname="ptolemy.util.test.junit.AutoTests" name="[168] /home/travis/build/icyphy/ptII/ptolemy/actor/lib/test/auto/ExpressionConcatenateArrayType.xml (RunModel)" time="0.043" />
  <testcase classname="ptolemy.util.test.junit.AutoTests" name="[169] /home/travis/build/icyphy/ptII/ptolemy/actor/lib/test/auto/ExpressionConcatenateArrayType2.xml (RunModel)" time="0.024" />
  <testcase classname="ptolemy.util.test.junit.AutoTests" name="[170] /home/travis/build/icyphy/ptII/ptolemy/actor/lib/test/auto/ExpressionFix.xml (RunModel)" time="0.044" />
  <testcase classname="ptolemy.util.test.junit.AutoTests" name="[171] /home/travis/build/icyphy/ptII/ptolemy/actor/lib/test/auto/ExpressionFix2.xml (RunModel)" time="0.017" />
  <testcase classname="ptolemy.util.test.junit.AutoTests" name="[172] /home/travis/build/icyphy/ptII/ptolemy/actor/lib/test/auto/ExpressionFix3.xml (RunModel)" time="0.016" />
  <testcase classname="ptolemy.util.test.junit.AutoTests" name="[173] /home/travis/build/icyphy/ptII/ptolemy/actor/lib/test/auto/FileWriter1.xml (RunModel)" time="0.012" />
  <testcase classname="ptolemy.util.test.junit.AutoTests" name="[174] /home/travis/build/icyphy/ptII/ptolemy/actor/lib/test/auto/FileWriter2.xml (RunModel)" time="0.013" />
  <testcase classname="ptolemy.util.test.junit.AutoTests" name="[175] /home/travis/build/icyphy/ptII/ptolemy/actor/lib/test/auto/FileWriter3.xml (RunModel)" time="0.016" />
  <testcase classname="ptolemy.util.test.junit.AutoTests" name="[176] /home/travis/build/icyphy/ptII/ptolemy/actor/lib/test/auto/Gaussian.xml (RunModel)" time="0.018" />
  <testcase classname="ptolemy.util.test.junit.AutoTests" name="[177] /home/travis/build/icyphy/ptII/ptolemy/actor/lib/test/auto/Gaussian1.xml (RunModel)" time="0.023" />
  <testcase classname="ptolemy.util.test.junit.AutoTests" name="[178] /home/travis/build/icyphy/ptII/ptolemy/actor/lib/test/auto/Gaussian2.xml (RunModel)" time="0.02" />
  <testcase classname="ptolemy.util.test.junit.AutoTests" name="[179] /home/travis/build/icyphy/ptII/ptolemy/actor/lib/test/auto/GradientAdaptiveLattice.xml (RunModel)" time="0.018" />
  <testcase classname="ptolemy.util.test.junit.AutoTests" name="[180] /home/travis/build/icyphy/ptII/ptolemy/actor/lib/test/auto/IIR.xml (RunModel)" time="0.01" />
  <testcase classname="ptolemy.util.test.junit.AutoTests" name="[181] /home/travis/build/icyphy/ptII/ptolemy/actor/lib/test/auto/InputOutputTransparentPorts.xml (RunModel)" time="0.017" />
  <testcase classname="ptolemy.util.test.junit.AutoTests" name="[182] /home/travis/build/icyphy/ptII/ptolemy/actor/lib/test/auto/Interpolator.xml (RunModel)" time="0.011" />
  <testcase classname="ptolemy.util.test.junit.AutoTests" name="[183] /home/travis/build/icyphy/ptII/ptolemy/actor/lib/test/auto/InterpolatorFiringLimitDE.xml (RunModel)" time="0.013" />
  <testcase classname="ptolemy.util.test.junit.AutoTests" name="[184] /home/travis/build/icyphy/ptII/ptolemy/actor/lib/test/auto/Lattice.xml (RunModel)" time="0.01" />
  <testcase classname="ptolemy.util.test.junit.AutoTests" name="[185] /home/travis/build/icyphy/ptII/ptolemy/actor/lib/test/auto/LazyAOCTestLazy.xml (RunModel)" time="0.022" />
  <testcase classname="ptolemy.util.test.junit.AutoTests" name="[186] /home/travis/build/icyphy/ptII/ptolemy/actor/lib/test/auto/LazyAOCTestNonLazy.xml (RunModel)" time="0.052" />
  <testcase classname="ptolemy.util.test.junit.AutoTests" name="[187] /home/travis/build/icyphy/ptII/ptolemy/actor/lib/test/auto/LazyInnerClass.xml (RunModel)" time="0.049" />
  <testcase classname="ptolemy.util.test.junit.AutoTests" name="[188] /home/travis/build/icyphy/ptII/ptolemy/actor/lib/test/auto/LazyPubSub.xml (RunModel)" time="0.057" />
  <testcase classname="ptolemy.util.test.junit.AutoTests" name="[189] /home/travis/build/icyphy/ptII/ptolemy/actor/lib/test/auto/LazyPubSub2.xml (RunModel)" time="0.026" />
  <testcase classname="ptolemy.util.test.junit.AutoTests" name="[190] /home/travis/build/icyphy/ptII/ptolemy/actor/lib/test/auto/LazyPubSub3.xml (RunModel)" time="0.027" />
  <testcase classname="ptolemy.util.test.junit.AutoTests" name="[191] /home/travis/build/icyphy/ptII/ptolemy/actor/lib/test/auto/LazySubClassModel.xml (RunModel)" time="0.019" />
  <testcase classname="ptolemy.util.test.junit.AutoTests" name="[192] /home/travis/build/icyphy/ptII/ptolemy/actor/lib/test/auto/LevelCrossTest1.xml (RunModel)" time="0.011" />
  <testcase classname="ptolemy.util.test.junit.AutoTests" name="[193] /home/travis/build/icyphy/ptII/ptolemy/actor/lib/test/auto/LevelCrossTest10.xml (RunModel)" time="0.015" />
  <testcase classname="ptolemy.util.test.junit.AutoTests" name="[194] /home/travis/build/icyphy/ptII/ptolemy/actor/lib/test/auto/LevelCrossTest11.xml (RunModel)" time="0.028" />
  <testcase classname="ptolemy.util.test.junit.AutoTests" name="[195] /home/travis/build/icyphy/ptII/ptolemy/actor/lib/test/auto/LevelCrossTest12.xml (RunModel)" time="0.017" />
  <testcase classname="ptolemy.util.test.junit.AutoTests" name="[196] /home/travis/build/icyphy/ptII/ptolemy/actor/lib/test/auto/LevelCrossTest13.xml (RunModel)" time="0.017" />
  <testcase classname="ptolemy.util.test.junit.AutoTests" name="[197] /home/travis/build/icyphy/ptII/ptolemy/actor/lib/test/auto/LevelCrossTest2.xml (RunModel)" time="0.012" />
  <testcase classname="ptolemy.util.test.junit.AutoTests" name="[198] /home/travis/build/icyphy/ptII/ptolemy/actor/lib/test/auto/LevelCrossTest3.xml (RunModel)" time="0.013" />
  <testcase classname="ptolemy.util.test.junit.AutoTests" name="[199] /home/travis/build/icyphy/ptII/ptolemy/actor/lib/test/auto/LevelCrossTest4.xml (RunModel)" time="0.011" />
  <testcase classname="ptolemy.util.test.junit.AutoTests" name="[200] /home/travis/build/icyphy/ptII/ptolemy/actor/lib/test/auto/LevelCrossTest5.xml (RunModel)" time="0.017" />
  <testcase classname="ptolemy.util.test.junit.AutoTests" name="[201] /home/travis/build/icyphy/ptII/ptolemy/actor/lib/test/auto/LevelCrossTest6.xml (RunModel)" time="0.015" />
  <testcase classname="ptolemy.util.test.junit.AutoTests" name="[202] /home/travis/build/icyphy/ptII/ptolemy/actor/lib/test/auto/LevelCrossTest7.xml (RunModel)" time="0.022" />
  <testcase classname="ptolemy.util.test.junit.AutoTests" name="[203] /home/travis/build/icyphy/ptII/ptolemy/actor/lib/test/auto/LevelCrossTest8.xml (RunModel)" time="0.016" />
  <testcase classname="ptolemy.util.test.junit.AutoTests" name="[204] /home/travis/build/icyphy/ptII/ptolemy/actor/lib/test/auto/LevelCrossTest9.xml (RunModel)" time="0.017" />
  <testcase classname="ptolemy.util.test.junit.AutoTests" name="[205] /home/travis/build/icyphy/ptII/ptolemy/actor/lib/test/auto/LevinsonDurbin.xml (RunModel)" time="0.011" />
  <testcase classname="ptolemy.util.test.junit.AutoTests" name="[206] /home/travis/build/icyphy/ptII/ptolemy/actor/lib/test/auto/LevinsonDurbin2.xml (RunModel)" time="0.01" />
  <testcase classname="ptolemy.util.test.junit.AutoTests" name="[207] /home/travis/build/icyphy/ptII/ptolemy/actor/lib/test/auto/LevinsonDurbin3.xml (RunModel)" time="0.014" />
  <testcase classname="ptolemy.util.test.junit.AutoTests" name="[208] /home/travis/build/icyphy/ptII/ptolemy/actor/lib/test/auto/Limiter.xml (RunModel)" time="0.04" />
  <testcase classname="ptolemy.util.test.junit.AutoTests" name="[209] /home/travis/build/icyphy/ptII/ptolemy/actor/lib/test/auto/LinearDifferenceEquationSystem.xml (RunModel)" time="0.031" />
  <testcase classname="ptolemy.util.test.junit.AutoTests" name="[210] /home/travis/build/icyphy/ptII/ptolemy/actor/lib/test/auto/LookupTable.xml (RunModel)" time="0.015" />
  <testcase classname="ptolemy.util.test.junit.AutoTests" name="[211] /home/travis/build/icyphy/ptII/ptolemy/actor/lib/test/auto/MathFunction.xml (RunModel)" time="0.023" />
  <testcase classname="ptolemy.util.test.junit.AutoTests" name="[212] /home/travis/build/icyphy/ptII/ptolemy/actor/lib/test/auto/MathFunction2.xml (RunModel)" time="0.019" />
  <testcase classname="ptolemy.util.test.junit.AutoTests" name="[213] /home/travis/build/icyphy/ptII/ptolemy/actor/lib/test/auto/MathFunction3.xml (RunModel)" time="0.031" />
  <testcase classname="ptolemy.util.test.junit.AutoTests" name="[214] /home/travis/build/icyphy/ptII/ptolemy/actor/lib/test/auto/MatrixCropBoolean.xml (RunModel)" time="0.03" />
  <testcase classname="ptolemy.util.test.junit.AutoTests" name="[215] /home/travis/build/icyphy/ptII/ptolemy/actor/lib/test/auto/MatrixCropComplex.xml (RunModel)" time="0.014" />
  <testcase classname="ptolemy.util.test.junit.AutoTests" name="[216] /home/travis/build/icyphy/ptII/ptolemy/actor/lib/test/auto/MatrixCropDouble.xml (RunModel)" time="0.01" />
  <testcase classname="ptolemy.util.test.junit.AutoTests" name="[217] /home/travis/build/icyphy/ptII/ptolemy/actor/lib/test/auto/MatrixCropFix.xml (RunModel)" time="0.014" />
  <testcase classname="ptolemy.util.test.junit.AutoTests" name="[218] /home/travis/build/icyphy/ptII/ptolemy/actor/lib/test/auto/MatrixCropInt.xml (RunModel)" time="0.011" />
  <testcase classname="ptolemy.util.test.junit.AutoTests" name="[219] /home/travis/build/icyphy/ptII/ptolemy/actor/lib/test/auto/MatrixCropLong.xml (RunModel)" time="0.01" />
  <testcase classname="ptolemy.util.test.junit.AutoTests" name="[220] /home/travis/build/icyphy/ptII/ptolemy/actor/lib/test/auto/MatrixToArray.xml (RunModel)" time="0.066" />
  <testcase classname="ptolemy.util.test.junit.AutoTests" name="[221] /home/travis/build/icyphy/ptII/ptolemy/actor/lib/test/auto/MaxIndex.xml (RunModel)" time="0.013" />
  <testcase classname="ptolemy.util.test.junit.AutoTests" name="[222] /home/travis/build/icyphy/ptII/ptolemy/actor/lib/test/auto/Maximum.xml (RunModel)" time="0.016" />
  <testcase classname="ptolemy.util.test.junit.AutoTests" name="[223] /home/travis/build/icyphy/ptII/ptolemy/actor/lib/test/auto/MaximumComplex.xml (RunModel)" time="0.015" />
  <testcase classname="ptolemy.util.test.junit.AutoTests" name="[224] /home/travis/build/icyphy/ptII/ptolemy/actor/lib/test/auto/MethodCallTest.xml (RunModel)" time="0.029" />
  <testcase classname="ptolemy.util.test.junit.AutoTests" name="[225] /home/travis/build/icyphy/ptII/ptolemy/actor/lib/test/auto/Minimum.xml (RunModel)" time="0.017" />
  <testcase classname="ptolemy.util.test.junit.AutoTests" name="[226] /home/travis/build/icyphy/ptII/ptolemy/actor/lib/test/auto/MinimumComplex.xml (RunModel)" time="0.027" />
  <testcase classname="ptolemy.util.test.junit.AutoTests" name="[227] /home/travis/build/icyphy/ptII/ptolemy/actor/lib/test/auto/MinimumMultiports.xml (RunModel)" time="0.018" />
  <testcase classname="ptolemy.util.test.junit.AutoTests" name="[228] /home/travis/build/icyphy/ptII/ptolemy/actor/lib/test/auto/ModifyDate.xml (RunModel)" time="0.043" />
  <testcase classname="ptolemy.util.test.junit.AutoTests" name="[229] /home/travis/build/icyphy/ptII/ptolemy/actor/lib/test/auto/ModifyDate2.xml (RunModel)" time="0.042" />
  <testcase classname="ptolemy.util.test.junit.AutoTests" name="[230] /home/travis/build/icyphy/ptII/ptolemy/actor/lib/test/auto/MovingAverage.xml (RunModel)" time="0.017" />
  <testcase classname="ptolemy.util.test.junit.AutoTests" name="[231] /home/travis/build/icyphy/ptII/ptolemy/actor/lib/test/auto/MovingMaximum.xml (RunModel)" time="0.012" />
  <testcase classname="ptolemy.util.test.junit.AutoTests" name="[232] /home/travis/build/icyphy/ptII/ptolemy/actor/lib/test/auto/MultipleLinksToSameRelation.xml (RunModel)" time="0.008" />
  <testcase classname="ptolemy.util.test.junit.AutoTests" name="[233] /home/travis/build/icyphy/ptII/ptolemy/actor/lib/test/auto/MultipleLinksToSameRelationDE.xml (RunModel)" time="0.009" />
  <testcase classname="ptolemy.util.test.junit.AutoTests" name="[234] /home/travis/build/icyphy/ptII/ptolemy/actor/lib/test/auto/Multiplexor.xml (RunModel)" time="0.014" />
  <testcase classname="ptolemy.util.test.junit.AutoTests" name="[235] /home/travis/build/icyphy/ptII/ptolemy/actor/lib/test/auto/Multiplexor1.xml (RunModel)" time="0.013" />
  <testcase classname="ptolemy.util.test.junit.AutoTests" name="[236] /home/travis/build/icyphy/ptII/ptolemy/actor/lib/test/auto/Multiplexor2.xml (RunModel)" time="0.017" />
  <testcase classname="ptolemy.util.test.junit.AutoTests" name="[237] /home/travis/build/icyphy/ptII/ptolemy/actor/lib/test/auto/Multiplexor3.xml (RunModel)" time="0.009" />
  <testcase classname="ptolemy.util.test.junit.AutoTests" name="[238] /home/travis/build/icyphy/ptII/ptolemy/actor/lib/test/auto/MultiplexorDE.xml (RunModel)" time="0.018" />
  <testcase classname="ptolemy.util.test.junit.AutoTests" name="[239] /home/travis/build/icyphy/ptII/ptolemy/actor/lib/test/auto/MultiportBroadcastTest.xml (RunModel)" time="0.106" />
  <testcase classname="ptolemy.util.test.junit.AutoTests" name="[240] /home/travis/build/icyphy/ptII/ptolemy/actor/lib/test/auto/MultiportOutHangDuringGetWidth.xml (RunModel)" time="0.048" />
  <testcase classname="ptolemy.util.test.junit.AutoTests" name="[241] /home/travis/build/icyphy/ptII/ptolemy/actor/lib/test/auto/NilToken.xml (RunModel)" time="0.013" />
  <testcase classname="ptolemy.util.test.junit.AutoTests" name="[242] /home/travis/build/icyphy/ptII/ptolemy/actor/lib/test/auto/NilTokenNonStrictTest.xml (RunModel)" time="0.013" />
  <testcase classname="ptolemy.util.test.junit.AutoTests" name="[243] /home/travis/build/icyphy/ptII/ptolemy/actor/lib/test/auto/NilTokenRecord.xml (RunModel)" time="0.027" />
  <testcase classname="ptolemy.util.test.junit.AutoTests" name="[244] /home/travis/build/icyphy/ptII/ptolemy/actor/lib/test/auto/NilTokenTypeTest.xml (RunModel)" time="0.038" />
  <testcase classname="ptolemy.util.test.junit.AutoTests" name="[245] /home/travis/build/icyphy/ptII/ptolemy/actor/lib/test/auto/ObjectToken1.xml (RunModel)" time="0.009" />
  <testcase classname="ptolemy.util.test.junit.AutoTests" name="[246] /home/travis/build/icyphy/ptII/ptolemy/actor/lib/test/auto/OrderedMerge.xml (RunModel)" time="0.021" />
  <testcase classname="ptolemy.util.test.junit.AutoTests" name="[247] /home/travis/build/icyphy/ptII/ptolemy/actor/lib/test/auto/OrderedRecordDisassembler.xml (RunModel)" time="0.017" />
  <testcase classname="ptolemy.util.test.junit.AutoTests" name="[248] /home/travis/build/icyphy/ptII/ptolemy/actor/lib/test/auto/OrderedRecordDisassembler2.xml (RunModel)" time="0.022" />
  <testcase classname="ptolemy.util.test.junit.AutoTests" name="[249] /home/travis/build/icyphy/ptII/ptolemy/actor/lib/test/auto/OrderedRecordUpdater.xml (RunModel)" time="0.011" />
  <testcase classname="ptolemy.util.test.junit.AutoTests" name="[250] /home/travis/build/icyphy/ptII/ptolemy/actor/lib/test/auto/OrderedRecordUpdater2.xml (RunModel)" time="0.02" />
  <testcase classname="ptolemy.util.test.junit.AutoTests" name="[251] /home/travis/build/icyphy/ptII/ptolemy/actor/lib/test/auto/PhaseUnwrap.xml (RunModel)" time="0.017" />
  <testcase classname="ptolemy.util.test.junit.AutoTests" name="[252] /home/travis/build/icyphy/ptII/ptolemy/actor/lib/test/auto/PoissonClock.xml (RunModel)" time="0.012" />
  <testcase classname="ptolemy.util.test.junit.AutoTests" name="[253] /home/travis/build/icyphy/ptII/ptolemy/actor/lib/test/auto/PoissonClock2.xml (RunModel)" time="0.009" />
  <testcase classname="ptolemy.util.test.junit.AutoTests" name="[254] /home/travis/build/icyphy/ptII/ptolemy/actor/lib/test/auto/PoissonClock3.xml (RunModel)" time="0.041" />
  <testcase classname="ptolemy.util.test.junit.AutoTests" name="[255] /home/travis/build/icyphy/ptII/ptolemy/actor/lib/test/auto/PubSubWithInitialTokens.xml (RunModel)" time="0.02" />
  <testcase classname="ptolemy.util.test.junit.AutoTests" name="[256] /home/travis/build/icyphy/ptII/ptolemy/actor/lib/test/auto/PubSubWithInitialTokens2.xml (RunModel)" time="0.012" />
  <testcase classname="ptolemy.util.test.junit.AutoTests" name="[257] /home/travis/build/icyphy/ptII/ptolemy/actor/lib/test/auto/PublisherClassNoParameter.xml (RunModel)" time="0.027" />
  <testcase classname="ptolemy.util.test.junit.AutoTests" name="[258] /home/travis/build/icyphy/ptII/ptolemy/actor/lib/test/auto/PublisherClassParameter.xml (RunModel)" time="0.023" />
  <testcase classname="ptolemy.util.test.junit.AutoTests" name="[259] /home/travis/build/icyphy/ptII/ptolemy/actor/lib/test/auto/PublisherNonStrictTest.xml (RunModel)" time="0.015" />
  <testcase classname="ptolemy.util.test.junit.AutoTests" name="[260] /home/travis/build/icyphy/ptII/ptolemy/actor/lib/test/auto/PublisherPort1.xml (RunModel)" time="0.01" />
  <testcase classname="ptolemy.util.test.junit.AutoTests" name="[261] /home/travis/build/icyphy/ptII/ptolemy/actor/lib/test/auto/PublisherPort2.xml (RunModel)" time="0.008" />
  <testcase classname="ptolemy.util.test.junit.AutoTests" name="[262] /home/travis/build/icyphy/ptII/ptolemy/actor/lib/test/auto/PublisherPort3.xml (RunModel)" time="0.02" />
  <testcase classname="ptolemy.util.test.junit.AutoTests" name="[263] /home/travis/build/icyphy/ptII/ptolemy/actor/lib/test/auto/PublisherPort4.xml (RunModel)" time="0.018" />
  <testcase classname="ptolemy.util.test.junit.AutoTests" name="[264] /home/travis/build/icyphy/ptII/ptolemy/actor/lib/test/auto/PublisherPort5.xml (RunModel)" time="0.014" />
  <testcase classname="ptolemy.util.test.junit.AutoTests" name="[265] /home/travis/build/icyphy/ptII/ptolemy/actor/lib/test/auto/PublisherPort5LookAlike.xml (RunModel)" time="0.019" />
  <testcase classname="ptolemy.util.test.junit.AutoTests" name="[266] /home/travis/build/icyphy/ptII/ptolemy/actor/lib/test/auto/PublisherPort6.xml (RunModel)" time="0.014" />
  <testcase classname="ptolemy.util.test.junit.AutoTests" name="[267] /home/travis/build/icyphy/ptII/ptolemy/actor/lib/test/auto/PublisherPort7.xml (RunModel)" time="0.015" />
  <testcase classname="ptolemy.util.test.junit.AutoTests" name="[268] /home/travis/build/icyphy/ptII/ptolemy/actor/lib/test/auto/PublisherPort8.xml (RunModel)" time="0.017" />
  <testcase classname="ptolemy.util.test.junit.AutoTests" name="[269] /home/travis/build/icyphy/ptII/ptolemy/actor/lib/test/auto/PublisherPortSubscriberChannelVariablesAOC2.xml (RunModel)" time="0.036" />
  <testcase classname="ptolemy.util.test.junit.AutoTests" name="[270] /home/travis/build/icyphy/ptII/ptolemy/actor/lib/test/auto/PublisherPortSubscriberOpaqueWidthInference.xml (RunModel)" time="0.018" />
  <testcase classname="ptolemy.util.test.junit.AutoTests" name="[271] /home/travis/build/icyphy/ptII/ptolemy/actor/lib/test/auto/PublisherPortSubscriberPortAdjacent.xml (RunModel)" time="0.023" />
  <testcase classname="ptolemy.util.test.junit.AutoTests" name="[272] /home/travis/build/icyphy/ptII/ptolemy/actor/lib/test/auto/PublisherPortSubscriberPortExpression.xml (RunModel)" time="0.028" />
  <testcase classname="ptolemy.util.test.junit.AutoTests" name="[273] /home/travis/build/icyphy/ptII/ptolemy/actor/lib/test/auto/PublisherPortSubscriberPortOpaqueD3Reverse.xml (RunModel)" time="0.02" />
  <testcase classname="ptolemy.util.test.junit.AutoTests" name="[274] /home/travis/build/icyphy/ptII/ptolemy/actor/lib/test/auto/PublisherPortSubscriberPortOpaqueWidthInference.xml (RunModel)" time="0.015" />
  <testcase classname="ptolemy.util.test.junit.AutoTests" name="[275] /home/travis/build/icyphy/ptII/ptolemy/actor/lib/test/auto/PublisherPortToplevelSubscriberPortAOC.xml (RunModel)" time="0.011" />
  <testcase classname="ptolemy.util.test.junit.AutoTests" name="[276] /home/travis/build/icyphy/ptII/ptolemy/actor/lib/test/auto/PublisherSubscriber.xml (RunModel)" time="0.014" />
  <testcase classname="ptolemy.util.test.junit.AutoTests" name="[277] /home/travis/build/icyphy/ptII/ptolemy/actor/lib/test/auto/PublisherSubscriber10.xml (RunModel)" time="0.023" />
  <testcase classname="ptolemy.util.test.junit.AutoTests" name="[278] /home/travis/build/icyphy/ptII/ptolemy/actor/lib/test/auto/PublisherSubscriber10InitialOutputs.xml (RunModel)" time="0.031" />
  <testcase classname="ptolemy.util.test.junit.AutoTests" name="[279] /home/travis/build/icyphy/ptII/ptolemy/actor/lib/test/auto/PublisherSubscriber11.xml (RunModel)" time="0.017" />
  <testcase classname="ptolemy.util.test.junit.AutoTests" name="[280] /home/travis/build/icyphy/ptII/ptolemy/actor/lib/test/auto/PublisherSubscriber12.xml (RunModel)" time="0.025" />
  <testcase classname="ptolemy.util.test.junit.AutoTests" name="[281] /home/travis/build/icyphy/ptII/ptolemy/actor/lib/test/auto/PublisherSubscriber13.xml (RunModel)" time="0.011" />
  <testcase classname="ptolemy.util.test.junit.AutoTests" name="[282] /home/travis/build/icyphy/ptII/ptolemy/actor/lib/test/auto/PublisherSubscriber14.xml (RunModel)" time="0.034" />
  <testcase classname="ptolemy.util.test.junit.AutoTests" name="[283] /home/travis/build/icyphy/ptII/ptolemy/actor/lib/test/auto/PublisherSubscriber2.xml (RunModel)" time="0.012" />
  <testcase classname="ptolemy.util.test.junit.AutoTests" name="[284] /home/travis/build/icyphy/ptII/ptolemy/actor/lib/test/auto/PublisherSubscriber3.xml (RunModel)" time="0.011" />
  <testcase classname="ptolemy.util.test.junit.AutoTests" name="[285] /home/travis/build/icyphy/ptII/ptolemy/actor/lib/test/auto/PublisherSubscriber4.xml (RunModel)" time="0.011" />
  <testcase classname="ptolemy.util.test.junit.AutoTests" name="[286] /home/travis/build/icyphy/ptII/ptolemy/actor/lib/test/auto/PublisherSubscriber5.xml (RunModel)" time="0.013" />
  <testcase classname="ptolemy.util.test.junit.AutoTests" name="[287] /home/travis/build/icyphy/ptII/ptolemy/actor/lib/test/auto/PublisherSubscriber6.xml (RunModel)" time="0.018" />
  <testcase classname="ptolemy.util.test.junit.AutoTests" name="[288] /home/travis/build/icyphy/ptII/ptolemy/actor/lib/test/auto/PublisherSubscriber7.xml (RunModel)" time="0.021" />
  <testcase classname="ptolemy.util.test.junit.AutoTests" name="[289] /home/travis/build/icyphy/ptII/ptolemy/actor/lib/test/auto/PublisherSubscriber8.xml (RunModel)" time="0.037" />
  <testcase classname="ptolemy.util.test.junit.AutoTests" name="[290] /home/travis/build/icyphy/ptII/ptolemy/actor/lib/test/auto/PublisherSubscriber9.xml (RunModel)" time="0.019" />
  <testcase classname="ptolemy.util.test.junit.AutoTests" name="[291] /home/travis/build/icyphy/ptII/ptolemy/actor/lib/test/auto/PublisherSubscriberAdjacent.xml (RunModel)" time="0.02" />
  <testcase classname="ptolemy.util.test.junit.AutoTests" name="[292] /home/travis/build/icyphy/ptII/ptolemy/actor/lib/test/auto/PublisherSubscriberChannelVariablesAOC2.xml (RunModel)" time="0.029" />
  <testcase classname="ptolemy.util.test.junit.AutoTests" name="[293] /home/travis/build/icyphy/ptII/ptolemy/actor/lib/test/auto/PublisherSubscriberD3.xml (RunModel)" time="0.013" />
  <testcase classname="ptolemy.util.test.junit.AutoTests" name="[294] /home/travis/build/icyphy/ptII/ptolemy/actor/lib/test/auto/PublisherSubscriberD3Reverse.xml (RunModel)" time="0.011" />
  <testcase classname="ptolemy.util.test.junit.AutoTests" name="[295] /home/travis/build/icyphy/ptII/ptolemy/actor/lib/test/auto/PublisherSubscriberExpression.xml (RunModel)" time="0.017" />
  <testcase classname="ptolemy.util.test.junit.AutoTests" name="[296] /home/travis/build/icyphy/ptII/ptolemy/actor/lib/test/auto/PublisherSubscriberOpaque.xml (RunModel)" time="0.016" />
  <testcase classname="ptolemy.util.test.junit.AutoTests" name="[297] /home/travis/build/icyphy/ptII/ptolemy/actor/lib/test/auto/PublisherSubscriberOpaqueD3.xml (RunModel)" time="0.024" />
  <testcase classname="ptolemy.util.test.junit.AutoTests" name="[298] /home/travis/build/icyphy/ptII/ptolemy/actor/lib/test/auto/PublisherSubscriberOpaqueD3Reverse.xml (RunModel)" time="0.023" />
  <testcase classname="ptolemy.util.test.junit.AutoTests" name="[299] /home/travis/build/icyphy/ptII/ptolemy/actor/lib/test/auto/PublisherSubscriberOpaqueWidthInference.xml (RunModel)" time="0.018" />
  <testcase classname="ptolemy.util.test.junit.AutoTests" name="[300] /home/travis/build/icyphy/ptII/ptolemy/actor/lib/test/auto/PublisherTestSubscriber.xml (RunModel)" time="0.016" />
  <testcase classname="ptolemy.util.test.junit.AutoTests" name="[301] /home/travis/build/icyphy/ptII/ptolemy/actor/lib/test/auto/PublisherToplevelSubscriberPortAOC.xml (RunModel)" time="0.01" />
  <testcase classname="ptolemy.util.test.junit.AutoTests" name="[302] /home/travis/build/icyphy/ptII/ptolemy/actor/lib/test/auto/PulseFiringLimitDE.xml (RunModel)" time="0.018" />
  <testcase classname="ptolemy.util.test.junit.AutoTests" name="[303] /home/travis/build/icyphy/ptII/ptolemy/actor/lib/test/auto/Ramp1.xml (RunModel)" time="0.009" />
  <testcase classname="ptolemy.util.test.junit.AutoTests" name="[304] /home/travis/build/icyphy/ptII/ptolemy/actor/lib/test/auto/RampFiringLimitDE.xml (RunModel)" time="0.013" />
  <testcase classname="ptolemy.util.test.junit.AutoTests" name="[305] /home/travis/build/icyphy/ptII/ptolemy/actor/lib/test/auto/RampFiringLimitSDF.xml (RunModel)" time="0.011" />
  <testcase classname="ptolemy.util.test.junit.AutoTests" name="[306] /home/travis/build/icyphy/ptII/ptolemy/actor/lib/test/auto/RandomInteger.xml (RunModel)" time="0.01" />
  <testcase classname="ptolemy.util.test.junit.AutoTests" name="[307] /home/travis/build/icyphy/ptII/ptolemy/actor/lib/test/auto/ReadFile1.xml (RunModel)" time="0.01" />
  <testcase classname="ptolemy.util.test.junit.AutoTests" name="[308] /home/travis/build/icyphy/ptII/ptolemy/actor/lib/test/auto/ReadFile2.xml (RunModel)" time="0.008" />
  <testcase classname="ptolemy.util.test.junit.AutoTests" name="[309] /home/travis/build/icyphy/ptII/ptolemy/actor/lib/test/auto/Reader.xml (RunModel)" time="0.012" />
  <testcase classname="ptolemy.util.test.junit.AutoTests" name="[310] /home/travis/build/icyphy/ptII/ptolemy/actor/lib/test/auto/RecordAssemblerDisplayNameTest.xml (RunModel)" time="3.643" />
  <testcase classname="ptolemy.util.test.junit.AutoTests" name="[311] /home/travis/build/icyphy/ptII/ptolemy/actor/lib/test/auto/RecordAssemblerTypeError.xml (RunModel)" time="0.04" />
  <testcase classname="ptolemy.util.test.junit.AutoTests" name="[312] /home/travis/build/icyphy/ptII/ptolemy/actor/lib/test/auto/RecordDisassember.xml (RunModel)" time="0.018" />
  <testcase classname="ptolemy.util.test.junit.AutoTests" name="[313] /home/travis/build/icyphy/ptII/ptolemy/actor/lib/test/auto/RecordDisassemberDisplayNameTest.xml (RunModel)" time="0.02" />
  <testcase classname="ptolemy.util.test.junit.AutoTests" name="[314] /home/travis/build/icyphy/ptII/ptolemy/actor/lib/test/auto/RecordDisassembler.xml (RunModel)" time="0.01" />
  <testcase classname="ptolemy.util.test.junit.AutoTests" name="[315] /home/travis/build/icyphy/ptII/ptolemy/actor/lib/test/auto/RecordDisassembler2.xml (RunModel)" time="0.01" />
  <testcase classname="ptolemy.util.test.junit.AutoTests" name="[316] /home/travis/build/icyphy/ptII/ptolemy/actor/lib/test/auto/RecordUpdater.xml (RunModel)" time="0.011" />
  <testcase classname="ptolemy.util.test.junit.AutoTests" name="[317] /home/travis/build/icyphy/ptII/ptolemy/actor/lib/test/auto/RecordUpdater2.xml (RunModel)" time="0.01" />
  <testcase classname="ptolemy.util.test.junit.AutoTests" name="[318] /home/travis/build/icyphy/ptII/ptolemy/actor/lib/test/auto/RecursiveLattice.xml (RunModel)" time="0.009" />
  <testcase classname="ptolemy.util.test.junit.AutoTests" name="[319] /home/travis/build/icyphy/ptII/ptolemy/actor/lib/test/auto/Router.xml (RunModel)" time="3.028" />
  <testcase classname="ptolemy.util.test.junit.AutoTests" name="[320] /home/travis/build/icyphy/ptII/ptolemy/actor/lib/test/auto/Router2.xml (RunModel)" time="3.023" />
  <testcase classname="ptolemy.util.test.junit.AutoTests" name="[321] /home/travis/build/icyphy/ptII/ptolemy/actor/lib/test/auto/RunningMaximum.xml (RunModel)" time="0.018" />
  <testcase classname="ptolemy.util.test.junit.AutoTests" name="[322] /home/travis/build/icyphy/ptII/ptolemy/actor/lib/test/auto/RunningMinimum.xml (RunModel)" time="0.024" />
  <testcase classname="ptolemy.util.test.junit.AutoTests" name="[323] /home/travis/build/icyphy/ptII/ptolemy/actor/lib/test/auto/Scale.xml (RunModel)" time="0.016" />
  <testcase classname="ptolemy.util.test.junit.AutoTests" name="[324] /home/travis/build/icyphy/ptII/ptolemy/actor/lib/test/auto/Scale2.xml (RunModel)" time="0.01" />
  <testcase classname="ptolemy.util.test.junit.AutoTests" name="[325] /home/travis/build/icyphy/ptII/ptolemy/actor/lib/test/auto/Scale3.xml (RunModel)" time="0.015" />
  <testcase classname="ptolemy.util.test.junit.AutoTests" name="[326] /home/travis/build/icyphy/ptII/ptolemy/actor/lib/test/auto/ScaleArray.xml (RunModel)" time="0.008" />
  <testcase classname="ptolemy.util.test.junit.AutoTests" name="[327] /home/travis/build/icyphy/ptII/ptolemy/actor/lib/test/auto/ScaleArray2.xml (RunModel)" time="0.009" />
  <testcase classname="ptolemy.util.test.junit.AutoTests" name="[328] /home/travis/build/icyphy/ptII/ptolemy/actor/lib/test/auto/ScaleMatrix.xml (RunModel)" time="0.173" />
  <testcase classname="ptolemy.util.test.junit.AutoTests" name="[329] /home/travis/build/icyphy/ptII/ptolemy/actor/lib/test/auto/Select.xml (RunModel)" time="0.029" />
  <testcase classname="ptolemy.util.test.junit.AutoTests" name="[330] /home/travis/build/icyphy/ptII/ptolemy/actor/lib/test/auto/Select2.xml (RunModel)" time="0.009" />
  <testcase classname="ptolemy.util.test.junit.AutoTests" name="[331] /home/travis/build/icyphy/ptII/ptolemy/actor/lib/test/auto/SequenceToArray2.xml (RunModel)" time="0.147" />
  <testcase classname="ptolemy.util.test.junit.AutoTests" name="[332] /home/travis/build/icyphy/ptII/ptolemy/actor/lib/test/auto/SequentialClock.xml (RunModel)" time="0.012" />
  <testcase classname="ptolemy.util.test.junit.AutoTests" name="[333] /home/travis/build/icyphy/ptII/ptolemy/actor/lib/test/auto/SetVariable.xml (RunModel)" time="0.013" />
  <testcase classname="ptolemy.util.test.junit.AutoTests" name="[334] /home/travis/build/icyphy/ptII/ptolemy/actor/lib/test/auto/SetVariable2.xml (RunModel)" time="0.01" />
  <testcase classname="ptolemy.util.test.junit.AutoTests" name="[335] /home/travis/build/icyphy/ptII/ptolemy/actor/lib/test/auto/SetVariable3.xml (RunModel)" time="0.018" />
  <testcase classname="ptolemy.util.test.junit.AutoTests" name="[336] /home/travis/build/icyphy/ptII/ptolemy/actor/lib/test/auto/SetVariable4.xml (RunModel)" time="0.03" />
  <testcase classname="ptolemy.util.test.junit.AutoTests" name="[337] /home/travis/build/icyphy/ptII/ptolemy/actor/lib/test/auto/SetVariable5.xml (RunModel)" time="0.047" />
  <testcase classname="ptolemy.util.test.junit.AutoTests" name="[338] /home/travis/build/icyphy/ptII/ptolemy/actor/lib/test/auto/Sinewave.xml (RunModel)" time="0.051" />
  <testcase classname="ptolemy.util.test.junit.AutoTests" name="[339] /home/travis/build/icyphy/ptII/ptolemy/actor/lib/test/auto/Sinewave2.xml (RunModel)" time="0.02" />
  <testcase classname="ptolemy.util.test.junit.AutoTests" name="[340] /home/travis/build/icyphy/ptII/ptolemy/actor/lib/test/auto/Sinewave3.xml (RunModel)" time="0.021" />
  <testcase classname="ptolemy.util.test.junit.AutoTests" name="[341] /home/travis/build/icyphy/ptII/ptolemy/actor/lib/test/auto/SingleEvent.xml (RunModel)" time="0.007" />
  <testcase classname="ptolemy.util.test.junit.AutoTests" name="[342] /home/travis/build/icyphy/ptII/ptolemy/actor/lib/test/auto/Sleep.xml (RunModel)" time="6.019" />
  <testcase classname="ptolemy.util.test.junit.AutoTests" name="[343] /home/travis/build/icyphy/ptII/ptolemy/actor/lib/test/auto/SleepMultipleFire.xml (RunModel)" time="1.021" />
  <testcase classname="ptolemy.util.test.junit.AutoTests" name="[344] /home/travis/build/icyphy/ptII/ptolemy/actor/lib/test/auto/StopDE.xml (RunModel)" time="0.016" />
  <testcase classname="ptolemy.util.test.junit.AutoTests" name="[345] /home/travis/build/icyphy/ptII/ptolemy/actor/lib/test/auto/StopSDF.xml (RunModel)" time="0.012" />
  <testcase classname="ptolemy.util.test.junit.AutoTests" name="[346] /home/travis/build/icyphy/ptII/ptolemy/actor/lib/test/auto/StringConstant.xml (RunModel)" time="0.017" />
  <testcase classname="ptolemy.util.test.junit.AutoTests" name="[347] /home/travis/build/icyphy/ptII/ptolemy/actor/lib/test/auto/SubscriberPortInitialValues1.xml (RunModel)" time="0.021" />
  <testcase classname="ptolemy.util.test.junit.AutoTests" name="[348] /home/travis/build/icyphy/ptII/ptolemy/actor/lib/test/auto/SubscriberPortInitialValues13.xml (RunModel)" time="0.032" />
  <testcase classname="ptolemy.util.test.junit.AutoTests" name="[349] /home/travis/build/icyphy/ptII/ptolemy/actor/lib/test/auto/SubscriberPortInitialValues14.xml (RunModel)" time="0.016" />
  <testcase classname="ptolemy.util.test.junit.AutoTests" name="[350] /home/travis/build/icyphy/ptII/ptolemy/actor/lib/test/auto/SubscriberPortInitialValues2.xml (RunModel)" time="0.018" />
  <testcase classname="ptolemy.util.test.junit.AutoTests" name="[351] /home/travis/build/icyphy/ptII/ptolemy/actor/lib/test/auto/SubscriberPortInitialValues3.xml (RunModel)" time="0.033" />
  <testcase classname="ptolemy.util.test.junit.AutoTests" name="[352] /home/travis/build/icyphy/ptII/ptolemy/actor/lib/test/auto/SubscriptionAggregator.xml (RunModel)" time="0.012" />
  <testcase classname="ptolemy.util.test.junit.AutoTests" name="[353] /home/travis/build/icyphy/ptII/ptolemy/actor/lib/test/auto/SubscriptionAggregator2.xml (RunModel)" time="0.018" />
  <testcase classname="ptolemy.util.test.junit.AutoTests" name="[354] /home/travis/build/icyphy/ptII/ptolemy/actor/lib/test/auto/SubscriptionAggregator3.xml (RunModel)" time="0.017" />
  <testcase classname="ptolemy.util.test.junit.AutoTests" name="[355] /home/travis/build/icyphy/ptII/ptolemy/actor/lib/test/auto/SubscriptionAggregatorMultiply.xml (RunModel)" time="0.026" />
  <testcase classname="ptolemy.util.test.junit.AutoTests" name="[356] /home/travis/build/icyphy/ptII/ptolemy/actor/lib/test/auto/SubscriptionAggregatorPortMultiply1.xml (RunModel)" time="0.017" />
  <testcase classname="ptolemy.util.test.junit.AutoTests" name="[357] /home/travis/build/icyphy/ptII/ptolemy/actor/lib/test/auto/Switch.xml (RunModel)" time="0.02" />
  <testcase classname="ptolemy.util.test.junit.AutoTests" name="[358] /home/travis/build/icyphy/ptII/ptolemy/actor/lib/test/auto/Switch2.xml (RunModel)" time="0.01" />
  <testcase classname="ptolemy.util.test.junit.AutoTests" name="[359] /home/travis/build/icyphy/ptII/ptolemy/actor/lib/test/auto/SwitchDE.xml (RunModel)" time="0.015" />
  <testcase classname="ptolemy.util.test.junit.AutoTests" name="[360] /home/travis/build/icyphy/ptII/ptolemy/actor/lib/test/auto/SynchronizerDE.xml (RunModel)" time="0.024" />
  <testcase classname="ptolemy.util.test.junit.AutoTests" name="[361] /home/travis/build/icyphy/ptII/ptolemy/actor/lib/test/auto/Test.xml (RunModel)" time="0.027" />
  <testcase classname="ptolemy.util.test.junit.AutoTests" name="[362] /home/travis/build/icyphy/ptII/ptolemy/actor/lib/test/auto/TestExceptionAttribute1.xml (RunModel)" time="0.014" />
  <testcase classname="ptolemy.util.test.junit.AutoTests" name="[363] /home/travis/build/icyphy/ptII/ptolemy/actor/lib/test/auto/TestExceptionAttribute2.xml (RunModel)" time="0.012" />
  <testcase classname="ptolemy.util.test.junit.AutoTests" name="[364] /home/travis/build/icyphy/ptII/ptolemy/actor/lib/test/auto/TestExceptionAttribute3.xml (RunModel)" time="0.011" />
  <testcase classname="ptolemy.util.test.junit.AutoTests" name="[365] /home/travis/build/icyphy/ptII/ptolemy/actor/lib/test/auto/TestExceptionAttribute4.xml (RunModel)" time="0.008" />
  <testcase classname="ptolemy.util.test.junit.AutoTests" name="[366] /home/travis/build/icyphy/ptII/ptolemy/actor/lib/test/auto/TestExceptionHandler1.xml (RunModel)" time="0.008" />
  <testcase classname="ptolemy.util.test.junit.AutoTests" name="[367] /home/travis/build/icyphy/ptII/ptolemy/actor/lib/test/auto/TestExceptionHandler2.xml (RunModel)" time="0.013" />
  <testcase classname="ptolemy.util.test.junit.AutoTests" name="[368] /home/travis/build/icyphy/ptII/ptolemy/actor/lib/test/auto/TestExceptionHandler3.xml (RunModel)" time="0.006" />
  <testcase classname="ptolemy.util.test.junit.AutoTests" name="[369] /home/travis/build/icyphy/ptII/ptolemy/actor/lib/test/auto/TestExceptionHandler4.xml (RunModel)" time="0.008" />
  <testcase classname="ptolemy.util.test.junit.AutoTests" name="[370] /home/travis/build/icyphy/ptII/ptolemy/actor/lib/test/auto/TestRequireCorrectOrder.xml (RunModel)" time="0.009" />
  <testcase classname="ptolemy.util.test.junit.AutoTests" name="[371] /home/travis/build/icyphy/ptII/ptolemy/actor/lib/test/auto/TestSimple.xml (RunModel)" time="0.007" />
  <testcase classname="ptolemy.util.test.junit.AutoTests" name="[372] /home/travis/build/icyphy/ptII/ptolemy/actor/lib/test/auto/ThrowModelError.xml (RunModel)" time="0.01" />
  <testcase classname="ptolemy.util.test.junit.AutoTests" name="[373] /home/travis/build/icyphy/ptII/ptolemy/actor/lib/test/auto/TimeDelayMicrosteps.xml (RunModel)" time="0.014" />
  <testcase classname="ptolemy.util.test.junit.AutoTests" name="[374] /home/travis/build/icyphy/ptII/ptolemy/actor/lib/test/auto/TimeDelayMicrosteps2.xml (RunModel)" time="0.015" />
  <testcase classname="ptolemy.util.test.junit.AutoTests" name="[375] /home/travis/build/icyphy/ptII/ptolemy/actor/lib/test/auto/TimeDelayMicrosteps3.xml (RunModel)" time="0.012" />
  <testcase classname="ptolemy.util.test.junit.AutoTests" name="[376] /home/travis/build/icyphy/ptII/ptolemy/actor/lib/test/auto/TimeDelayVariableMicrosteps.xml (RunModel)" time="0.012" />
  <testcase classname="ptolemy.util.test.junit.AutoTests" name="[377] /home/travis/build/icyphy/ptII/ptolemy/actor/lib/test/auto/TimeGap.xml (RunModel)" time="0.015" />
  <testcase classname="ptolemy.util.test.junit.AutoTests" name="[378] /home/travis/build/icyphy/ptII/ptolemy/actor/lib/test/auto/TimeGap2.xml (RunModel)" time="0.01" />
  <testcase classname="ptolemy.util.test.junit.AutoTests" name="[379] /home/travis/build/icyphy/ptII/ptolemy/actor/lib/test/auto/TimedSinewave.xml (RunModel)" time="0.066" />
  <testcase classname="ptolemy.util.test.junit.AutoTests" name="[380] /home/travis/build/icyphy/ptII/ptolemy/actor/lib/test/auto/TimedSinewavePhase.xml (RunModel)" time="0.042" />
  <testcase classname="ptolemy.util.test.junit.AutoTests" name="[381] /home/travis/build/icyphy/ptII/ptolemy/actor/lib/test/auto/Timer.xml (RunModel)" time="0.019" />
  <testcase classname="ptolemy.util.test.junit.AutoTests" name="[382] /home/travis/build/icyphy/ptII/ptolemy/actor/lib/test/auto/TriangularDistTestModel.xml (RunModel)" time="0.019" />
  <testcase classname="ptolemy.util.test.junit.AutoTests" name="[383] /home/travis/build/icyphy/ptII/ptolemy/actor/lib/test/auto/TrigFunction.xml (RunModel)" time="0.011" />
  <testcase classname="ptolemy.util.test.junit.AutoTests" name="[384] /home/travis/build/icyphy/ptII/ptolemy/actor/lib/test/auto/TrigFunctionDE.xml (RunModel)" time="0.011" />
  <testcase classname="ptolemy.util.test.junit.AutoTests" name="[385] /home/travis/build/icyphy/ptII/ptolemy/actor/lib/test/auto/TrigFunctionInverse.xml (RunModel)" time="0.009" />
  <testcase classname="ptolemy.util.test.junit.AutoTests" name="[386] /home/travis/build/icyphy/ptII/ptolemy/actor/lib/test/auto/TrigFunctionTan.xml (RunModel)" time="0.007" />
  <testcase classname="ptolemy.util.test.junit.AutoTests" name="[387] /home/travis/build/icyphy/ptII/ptolemy/actor/lib/test/auto/TriggeredClock.xml (RunModel)" time="0.009" />
  <testcase classname="ptolemy.util.test.junit.AutoTests" name="[388] /home/travis/build/icyphy/ptII/ptolemy/actor/lib/test/auto/URLDirectoryReader.xml (RunModel)" time="0.134" />
  <testcase classname="ptolemy.util.test.junit.AutoTests" name="[389] /home/travis/build/icyphy/ptII/ptolemy/actor/lib/test/auto/URLDirectoryReader3.xml (RunModel)" time="80.132">
    <error type="java.lang.reflect.InvocationTargetException">java.lang.reflect.InvocationTargetException
	at jdk.internal.reflect.GeneratedConstructorAccessor36.newInstance(Unknown Source)
	at java.base/jdk.internal.reflect.DelegatingConstructorAccessorImpl.newInstance(DelegatingConstructorAccessorImpl.java:45)
	at java.base/java.lang.reflect.Constructor.newInstance(Constructor.java:490)
	at ptolemy.util.test.junit.AutoTests.RunModel(AutoTests.java:193)
	at jdk.internal.reflect.GeneratedMethodAccessor43.invoke(Unknown Source)
	at java.base/jdk.internal.reflect.DelegatingMethodAccessorImpl.invoke(DelegatingMethodAccessorImpl.java:43)
	at junitparams.internal.InvokeParameterisedMethod.evaluate(InvokeParameterisedMethod.java:102)
Caused by: ptolemy.kernel.util.IllegalActionException: Error evaluating expression:
&quot;http://ptolemy.eecs.berkeley.edu/ptolemyII/ptII1.0/ptII1.0/&quot;
  in .URLDirectoryReader3.URLDirectoryReader.sourceURL
Because:
Failed to evaluate sourceURL &apos;&quot;http://ptolemy.eecs.berkeley.edu/ptolemyII/ptII1.0/ptII1.0/&quot;&apos;
  in .URLDirectoryReader3.URLDirectoryReader
Because:
Server returned HTTP response code: 503 for URL: http://ptolemy.eecs.berkeley.edu/ptolemyII/ptII1.0/ptII1.0/
  in .URLDirectoryReader3.URLDirectoryReader.sourceURL
Because:
Error evaluating expression:
&quot;http://ptolemy.eecs.berkeley.edu/ptolemyII/ptII1.0/ptII1.0/&quot;
  in .URLDirectoryReader3.URLDirectoryReader.sourceURL
Because:
Failed to evaluate sourceURL &apos;&quot;http://ptolemy.eecs.berkeley.edu/ptolemyII/ptII1.0/ptII1.0/&quot;&apos;
  in .URLDirectoryReader3.URLDirectoryReader
Because:
Server returned HTTP response code: 503 for URL: http://ptolemy.eecs.berkeley.edu/ptolemyII/ptII1.0/ptII1.0/
	at ptolemy.data.expr.Variable.validate(Variable.java:1619)
	at ptolemy.moml.MoMLParser.endDocument(MoMLParser.java:867)
	at com.microstar.xml.XmlParser.doParse(XmlParser.java:162)
	at com.microstar.xml.XmlParser.parse(XmlParser.java:132)
	at ptolemy.moml.MoMLParser.parse(MoMLParser.java:1660)
	at ptolemy.moml.MoMLParser.parse(MoMLParser.java:1595)
	at ptolemy.moml.MoMLParser.parse(MoMLParser.java:1537)
	at ptolemy.moml.MoMLSimpleApplication.&lt;init&gt;(MoMLSimpleApplication.java:123)
Caused by: ptolemy.kernel.util.IllegalActionException: Error evaluating expression:
&quot;http://ptolemy.eecs.berkeley.edu/ptolemyII/ptII1.0/ptII1.0/&quot;
  in .URLDirectoryReader3.URLDirectoryReader.sourceURL
Because:
Failed to evaluate sourceURL &apos;&quot;http://ptolemy.eecs.berkeley.edu/ptolemyII/ptII1.0/ptII1.0/&quot;&apos;
  in .URLDirectoryReader3.URLDirectoryReader
Because:
Server returned HTTP response code: 503 for URL: http://ptolemy.eecs.berkeley.edu/ptolemyII/ptII1.0/ptII1.0/
	at ptolemy.data.expr.Variable._evaluate(Variable.java:1891)
	at ptolemy.data.expr.Variable._propagate(Variable.java:1984)
	at ptolemy.data.expr.Variable.validate(Variable.java:1596)
Caused by: ptolemy.kernel.util.IllegalActionException: Failed to evaluate sourceURL &apos;&quot;http://ptolemy.eecs.berkeley.edu/ptolemyII/ptII1.0/ptII1.0/&quot;&apos;
  in .URLDirectoryReader3.URLDirectoryReader
Because:
Server returned HTTP response code: 503 for URL: http://ptolemy.eecs.berkeley.edu/ptolemyII/ptII1.0/ptII1.0/
	at ptolemy.actor.lib.URLReader.attributeChanged(URLReader.java:165)
	at ptolemy.actor.lib.URLDirectoryReader.attributeChanged(URLDirectoryReader.java:153)
	at ptolemy.data.expr.Variable._setTokenAndNotify(Variable.java:2271)
	at ptolemy.data.expr.Variable._evaluate(Variable.java:1873)
Caused by: java.io.IOException: Server returned HTTP response code: 503 for URL: http://ptolemy.eecs.berkeley.edu/ptolemyII/ptII1.0/ptII1.0/
	at java.base/sun.net.www.protocol.http.HttpURLConnection.getInputStream0(HttpURLConnection.java:1913)
	at java.base/sun.net.www.protocol.http.HttpURLConnection.getInputStream(HttpURLConnection.java:1509)
	at java.base/java.net.URL.openStream(URL.java:1117)
	at ptolemy.actor.lib.URLReader.attributeChanged(URLReader.java:160)
</error>
  </testcase>
  <testcase classname="ptolemy.util.test.junit.AutoTests" name="[390] /home/travis/build/icyphy/ptII/ptolemy/actor/lib/test/auto/UnaryMathFunction.xml (RunModel)" time="0.028" />
  <testcase classname="ptolemy.util.test.junit.AutoTests" name="[391] /home/travis/build/icyphy/ptII/ptolemy/actor/lib/test/auto/Uniform.xml (RunModel)" time="0.016" />
  <testcase classname="ptolemy.util.test.junit.AutoTests" name="[392] /home/travis/build/icyphy/ptII/ptolemy/actor/lib/test/auto/UnionDisassemblerTest.xml (RunModel)" time="0.017" />
  <testcase classname="ptolemy.util.test.junit.AutoTests" name="[393] /home/travis/build/icyphy/ptII/ptolemy/actor/lib/test/auto/UtilityFunctions.xml (RunModel)" time="0.012" />
  <testcase classname="ptolemy.util.test.junit.AutoTests" name="[394] /home/travis/build/icyphy/ptII/ptolemy/actor/lib/test/auto/VariableSleep.xml (RunModel)" time="0.513" />
  <testcase classname="ptolemy.util.test.junit.AutoTests" name="[395] /home/travis/build/icyphy/ptII/ptolemy/actor/lib/test/auto/VectorAssemblerDisassemblerCT.xml (RunModel)" time="0.126" />
  <testcase classname="ptolemy.util.test.junit.AutoTests" name="[396] /home/travis/build/icyphy/ptII/ptolemy/actor/lib/test/auto/VectorAssemblerDisassemblerDE.xml (RunModel)" time="0.022" />
  <testcase classname="ptolemy.util.test.junit.AutoTests" name="[397] /home/travis/build/icyphy/ptII/ptolemy/actor/lib/test/auto/VectorAssemblerDisassemblerSDF.xml (RunModel)" time="0.013" />
  <testcase classname="ptolemy.util.test.junit.AutoTests" name="[398] /home/travis/build/icyphy/ptII/ptolemy/actor/lib/test/auto/WallClockTime.xml (RunModel)" time="1.014" />
  <testcase classname="ptolemy.util.test.junit.AutoTests" name="[399] /home/travis/build/icyphy/ptII/ptolemy/actor/lib/test/auto/WidthTestWithSubscriberPublisher.xml (RunModel)" time="0.043" />
  <testcase classname="ptolemy.util.test.junit.AutoTests" name="[400] /home/travis/build/icyphy/ptII/ptolemy/actor/lib/test/auto/WidthTestWithSubscriberPublisher2.xml (RunModel)" time="0.017" />
  <testcase classname="ptolemy.util.test.junit.AutoTests" name="[401] /home/travis/build/icyphy/ptII/ptolemy/actor/lib/test/auto/WidthTestWithSubscriberPublisher3.xml (RunModel)" time="0.018" />
  <testcase classname="ptolemy.util.test.junit.AutoTests" name="[402] /home/travis/build/icyphy/ptII/ptolemy/actor/lib/test/auto/Writer.xml (RunModel)" time="0.007" />
  <testcase classname="ptolemy.util.test.junit.AutoTests" name="[403] /home/travis/build/icyphy/ptII/ptolemy/actor/lib/test/auto/array.xml (RunModel)" time="0.012" />
  <testcase classname="ptolemy.util.test.junit.AutoTests" name="[404] /home/travis/build/icyphy/ptII/ptolemy/actor/lib/test/auto/array2.xml (RunModel)" time="0.027" />
  <testcase classname="ptolemy.util.test.junit.AutoTests" name="[405] /home/travis/build/icyphy/ptII/ptolemy/actor/lib/test/auto/arrayType.xml (RunModel)" time="0.033" />
  <testcase classname="ptolemy.util.test.junit.AutoTests" name="[406] /home/travis/build/icyphy/ptII/ptolemy/actor/lib/test/auto/arrayType10.xml (RunModel)" time="0.008" />
  <testcase classname="ptolemy.util.test.junit.AutoTests" name="[407] /home/travis/build/icyphy/ptII/ptolemy/actor/lib/test/auto/arrayType11.xml (RunModel)" time="0.008" />
  <testcase classname="ptolemy.util.test.junit.AutoTests" name="[408] /home/travis/build/icyphy/ptII/ptolemy/actor/lib/test/auto/arrayType12.xml (RunModel)" time="0.014" />
  <testcase classname="ptolemy.util.test.junit.AutoTests" name="[409] /home/travis/build/icyphy/ptII/ptolemy/actor/lib/test/auto/arrayType13.xml (RunModel)" time="0.009" />
  <testcase classname="ptolemy.util.test.junit.AutoTests" name="[410] /home/travis/build/icyphy/ptII/ptolemy/actor/lib/test/auto/arrayType14.xml (RunModel)" time="0.01" />
  <testcase classname="ptolemy.util.test.junit.AutoTests" name="[411] /home/travis/build/icyphy/ptII/ptolemy/actor/lib/test/auto/arrayType15.xml (RunModel)" time="0.009" />
  <testcase classname="ptolemy.util.test.junit.AutoTests" name="[412] /home/travis/build/icyphy/ptII/ptolemy/actor/lib/test/auto/arrayType16.xml (RunModel)" time="0.009" />
  <testcase classname="ptolemy.util.test.junit.AutoTests" name="[413] /home/travis/build/icyphy/ptII/ptolemy/actor/lib/test/auto/arrayType17.xml (RunModel)" time="0.009" />
  <testcase classname="ptolemy.util.test.junit.AutoTests" name="[414] /home/travis/build/icyphy/ptII/ptolemy/actor/lib/test/auto/arrayType18.xml (RunModel)" time="0.008" />
  <testcase classname="ptolemy.util.test.junit.AutoTests" name="[415] /home/travis/build/icyphy/ptII/ptolemy/actor/lib/test/auto/arrayType19.xml (RunModel)" time="0.008" />
  <testcase classname="ptolemy.util.test.junit.AutoTests" name="[416] /home/travis/build/icyphy/ptII/ptolemy/actor/lib/test/auto/arrayType2.xml (RunModel)" time="0.008" />
  <testcase classname="ptolemy.util.test.junit.AutoTests" name="[417] /home/travis/build/icyphy/ptII/ptolemy/actor/lib/test/auto/arrayType20.xml (RunModel)" time="0.009" />
  <testcase classname="ptolemy.util.test.junit.AutoTests" name="[418] /home/travis/build/icyphy/ptII/ptolemy/actor/lib/test/auto/arrayType21.xml (RunModel)" time="0.01" />
  <testcase classname="ptolemy.util.test.junit.AutoTests" name="[419] /home/travis/build/icyphy/ptII/ptolemy/actor/lib/test/auto/arrayType22.xml (RunModel)" time="0.01" />
  <testcase classname="ptolemy.util.test.junit.AutoTests" name="[420] /home/travis/build/icyphy/ptII/ptolemy/actor/lib/test/auto/arrayType23.xml (RunModel)" time="0.008" />
  <testcase classname="ptolemy.util.test.junit.AutoTests" name="[421] /home/travis/build/icyphy/ptII/ptolemy/actor/lib/test/auto/arrayType24.xml (RunModel)" time="0.014" />
  <testcase classname="ptolemy.util.test.junit.AutoTests" name="[422] /home/travis/build/icyphy/ptII/ptolemy/actor/lib/test/auto/arrayType25.xml (RunModel)" time="0.009" />
  <testcase classname="ptolemy.util.test.junit.AutoTests" name="[423] /home/travis/build/icyphy/ptII/ptolemy/actor/lib/test/auto/arrayType26.xml (RunModel)" time="0.009" />
  <testcase classname="ptolemy.util.test.junit.AutoTests" name="[424] /home/travis/build/icyphy/ptII/ptolemy/actor/lib/test/auto/arrayType27.xml (RunModel)" time="0.01" />
  <testcase classname="ptolemy.util.test.junit.AutoTests" name="[425] /home/travis/build/icyphy/ptII/ptolemy/actor/lib/test/auto/arrayType28.xml (RunModel)" time="0.017" />
  <testcase classname="ptolemy.util.test.junit.AutoTests" name="[426] /home/travis/build/icyphy/ptII/ptolemy/actor/lib/test/auto/arrayType3.xml (RunModel)" time="0.011" />
  <testcase classname="ptolemy.util.test.junit.AutoTests" name="[427] /home/travis/build/icyphy/ptII/ptolemy/actor/lib/test/auto/arrayType4.xml (RunModel)" time="0.009" />
  <testcase classname="ptolemy.util.test.junit.AutoTests" name="[428] /home/travis/build/icyphy/ptII/ptolemy/actor/lib/test/auto/arrayType5.xml (RunModel)" time="0.008" />
  <testcase classname="ptolemy.util.test.junit.AutoTests" name="[429] /home/travis/build/icyphy/ptII/ptolemy/actor/lib/test/auto/arrayType6.xml (RunModel)" time="0.009" />
  <testcase classname="ptolemy.util.test.junit.AutoTests" name="[430] /home/travis/build/icyphy/ptII/ptolemy/actor/lib/test/auto/arrayType7.xml (RunModel)" time="0.009" />
  <testcase classname="ptolemy.util.test.junit.AutoTests" name="[431] /home/travis/build/icyphy/ptII/ptolemy/actor/lib/test/auto/arrayType8.xml (RunModel)" time="0.015" />
  <testcase classname="ptolemy.util.test.junit.AutoTests" name="[432] /home/travis/build/icyphy/ptII/ptolemy/actor/lib/test/auto/arrayType9.xml (RunModel)" time="0.02" />
  <testcase classname="ptolemy.util.test.junit.AutoTests" name="[433] /home/travis/build/icyphy/ptII/ptolemy/actor/lib/test/auto/cast.xml (RunModel)" time="0.009" />
  <testcase classname="ptolemy.util.test.junit.AutoTests" name="[434] /home/travis/build/icyphy/ptII/ptolemy/actor/lib/test/auto/compositeMultiPort.xml (RunModel)" time="0.017" />
  <testcase classname="ptolemy.util.test.junit.AutoTests" name="[435] /home/travis/build/icyphy/ptII/ptolemy/actor/lib/test/auto/expressionCastInference.xml (RunModel)" time="0.009" />
  <testcase classname="ptolemy.util.test.junit.AutoTests" name="[436] /home/travis/build/icyphy/ptII/ptolemy/actor/lib/test/auto/expressionCastInference2.xml (RunModel)" time="0.008" />
  <testcase classname="ptolemy.util.test.junit.AutoTests" name="[437] /home/travis/build/icyphy/ptII/ptolemy/actor/lib/test/auto/expressionInference.xml (RunModel)" time="0.007" />
  <testcase classname="ptolemy.util.test.junit.AutoTests" name="[438] /home/travis/build/icyphy/ptII/ptolemy/actor/lib/test/auto/expression_bug.xml (RunModel)" time="0.008" />
  <testcase classname="ptolemy.util.test.junit.AutoTests" name="[439] /home/travis/build/icyphy/ptII/ptolemy/actor/lib/test/auto/factorial.xml (RunModel)" time="0.055" />
  <testcase classname="ptolemy.util.test.junit.AutoTests" name="[440] /home/travis/build/icyphy/ptII/ptolemy/actor/lib/test/auto/filterTest1.xml (RunModel)" time="0.016" />
  <testcase classname="ptolemy.util.test.junit.AutoTests" name="[441] /home/travis/build/icyphy/ptII/ptolemy/actor/lib/test/auto/funcApplyInConst.xml (RunModel)" time="0.007" />
  <testcase classname="ptolemy.util.test.junit.AutoTests" name="[442] /home/travis/build/icyphy/ptII/ptolemy/actor/lib/test/auto/funcApplyInExpr.xml (RunModel)" time="0.006" />
  <testcase classname="ptolemy.util.test.junit.AutoTests" name="[443] /home/travis/build/icyphy/ptII/ptolemy/actor/lib/test/auto/function.xml (RunModel)" time="0.015" />
  <testcase classname="ptolemy.util.test.junit.AutoTests" name="[444] /home/travis/build/icyphy/ptII/ptolemy/actor/lib/test/auto/function2.xml (RunModel)" time="0.012" />
  <testcase classname="ptolemy.util.test.junit.AutoTests" name="[445] /home/travis/build/icyphy/ptII/ptolemy/actor/lib/test/auto/function3.xml (RunModel)" time="0.007" />
  <testcase classname="ptolemy.util.test.junit.AutoTests" name="[446] /home/travis/build/icyphy/ptII/ptolemy/actor/lib/test/auto/functionClosureTest1.xml (RunModel)" time="0.011" />
  <testcase classname="ptolemy.util.test.junit.AutoTests" name="[447] /home/travis/build/icyphy/ptII/ptolemy/actor/lib/test/auto/functionClosureTest2.xml (RunModel)" time="0.008" />
  <testcase classname="ptolemy.util.test.junit.AutoTests" name="[448] /home/travis/build/icyphy/ptII/ptolemy/actor/lib/test/auto/functionClosureTest3.xml (RunModel)" time="0.011" />
  <testcase classname="ptolemy.util.test.junit.AutoTests" name="[449] /home/travis/build/icyphy/ptII/ptolemy/actor/lib/test/auto/functionClosureTest4.xml (RunModel)" time="0.033" />
  <testcase classname="ptolemy.util.test.junit.AutoTests" name="[450] /home/travis/build/icyphy/ptII/ptolemy/actor/lib/test/auto/functionClosureTest5.xml (RunModel)" time="0.012" />
  <testcase classname="ptolemy.util.test.junit.AutoTests" name="[451] /home/travis/build/icyphy/ptII/ptolemy/actor/lib/test/auto/functionClosureTest6.xml (RunModel)" time="0.008" />
  <testcase classname="ptolemy.util.test.junit.AutoTests" name="[452] /home/travis/build/icyphy/ptII/ptolemy/actor/lib/test/auto/functionsOnArcs.xml (RunModel)" time="0.009" />
  <testcase classname="ptolemy.util.test.junit.AutoTests" name="[453] /home/travis/build/icyphy/ptII/ptolemy/actor/lib/test/auto/functionsOnArcsHOF.xml (RunModel)" time="0.012" />
  <testcase classname="ptolemy.util.test.junit.AutoTests" name="[454] /home/travis/build/icyphy/ptII/ptolemy/actor/lib/test/auto/logic.xml (RunModel)" time="0.018" />
  <testcase classname="ptolemy.util.test.junit.AutoTests" name="[455] /home/travis/build/icyphy/ptII/ptolemy/actor/lib/test/auto/matrixType.xml (RunModel)" time="0.009" />
  <testcase classname="ptolemy.util.test.junit.AutoTests" name="[456] /home/travis/build/icyphy/ptII/ptolemy/actor/lib/test/auto/matrixType10.xml (RunModel)" time="0.009" />
  <testcase classname="ptolemy.util.test.junit.AutoTests" name="[457] /home/travis/build/icyphy/ptII/ptolemy/actor/lib/test/auto/matrixType11.xml (RunModel)" time="0.008" />
  <testcase classname="ptolemy.util.test.junit.AutoTests" name="[458] /home/travis/build/icyphy/ptII/ptolemy/actor/lib/test/auto/matrixType12.xml (RunModel)" time="0.009" />
  <testcase classname="ptolemy.util.test.junit.AutoTests" name="[459] /home/travis/build/icyphy/ptII/ptolemy/actor/lib/test/auto/matrixType13.xml (RunModel)" time="0.008" />
  <testcase classname="ptolemy.util.test.junit.AutoTests" name="[460] /home/travis/build/icyphy/ptII/ptolemy/actor/lib/test/auto/matrixType14.xml (RunModel)" time="0.009" />
  <testcase classname="ptolemy.util.test.junit.AutoTests" name="[461] /home/travis/build/icyphy/ptII/ptolemy/actor/lib/test/auto/matrixType2.xml (RunModel)" time="0.009" />
  <testcase classname="ptolemy.util.test.junit.AutoTests" name="[462] /home/travis/build/icyphy/ptII/ptolemy/actor/lib/test/auto/matrixType3.xml (RunModel)" time="0.008" />
  <testcase classname="ptolemy.util.test.junit.AutoTests" name="[463] /home/travis/build/icyphy/ptII/ptolemy/actor/lib/test/auto/matrixType4.xml (RunModel)" time="0.01" />
  <testcase classname="ptolemy.util.test.junit.AutoTests" name="[464] /home/travis/build/icyphy/ptII/ptolemy/actor/lib/test/auto/matrixType5.xml (RunModel)" time="0.011" />
  <testcase classname="ptolemy.util.test.junit.AutoTests" name="[465] /home/travis/build/icyphy/ptII/ptolemy/actor/lib/test/auto/matrixType6.xml (RunModel)" time="0.008" />
  <testcase classname="ptolemy.util.test.junit.AutoTests" name="[466] /home/travis/build/icyphy/ptII/ptolemy/actor/lib/test/auto/matrixType7.xml (RunModel)" time="0.009" />
  <testcase classname="ptolemy.util.test.junit.AutoTests" name="[467] /home/travis/build/icyphy/ptII/ptolemy/actor/lib/test/auto/matrixType8.xml (RunModel)" time="0.008" />
  <testcase classname="ptolemy.util.test.junit.AutoTests" name="[468] /home/travis/build/icyphy/ptII/ptolemy/actor/lib/test/auto/matrixType9.xml (RunModel)" time="0.008" />
  <testcase classname="ptolemy.util.test.junit.AutoTests" name="[469] /home/travis/build/icyphy/ptII/ptolemy/actor/lib/test/auto/paraFunctest.xml (RunModel)" time="0.007" />
  <testcase classname="ptolemy.util.test.junit.AutoTests" name="[470] /home/travis/build/icyphy/ptII/ptolemy/actor/lib/test/auto/paraFunctest2.xml (RunModel)" time="0.011" />
  <testcase classname="ptolemy.util.test.junit.AutoTests" name="[471] /home/travis/build/icyphy/ptII/ptolemy/actor/lib/test/auto/parameterPassing.xml (RunModel)" time="0.01" />
  <testcase classname="ptolemy.util.test.junit.AutoTests" name="[472] /home/travis/build/icyphy/ptII/ptolemy/actor/lib/test/auto/record.xml (RunModel)" time="0.01" />
  <testcase classname="ptolemy.util.test.junit.AutoTests" name="[473] /home/travis/build/icyphy/ptII/ptolemy/actor/lib/test/auto/sizedarray1.xml (RunModel)" time="0.011" />
  <testcase classname="ptolemy.util.test.junit.AutoTests" name="[474] /home/travis/build/icyphy/ptII/ptolemy/actor/lib/test/auto/sizedarray2.xml (RunModel)" time="0.014" />
  <testcase classname="ptolemy.util.test.junit.AutoTests" name="[475] /home/travis/build/icyphy/ptII/ptolemy/actor/lib/test/auto/twoPublishers.xml (RunModel)" time="0.021" />
  <system-out><![CDATA[/home/travis/build/icyphy/ptII/ptolemy/actor/lib/test/AbsoluteValue.tcl
testDefs.tcl: setting time out to 9000 seconds at Sat Oct 26 06:16:19 UTC 2019
112 ms. Memory: 120832K Free: 85956K (71%)
11 ms. Memory: 120832K Free: 84418K (70%)
13 ms. Memory: 120832K Free: 83394K (69%)
10 ms. Memory: 120832K Free: 82884K (69%)
/home/travis/build/icyphy/ptII/ptolemy/actor/lib/test/AddSubtract.tcl
10 ms. Memory: 120832K Free: 80836K (67%)
6 ms. Memory: 120832K Free: 79812K (66%)
6 ms. Memory: 120832K Free: 79298K (66%)
11 ms. Memory: 120832K Free: 78259K (65%)
42 ms. Memory: 120832K Free: 75716K (63%)
7 ms. Memory: 120832K Free: 74692K (62%)
/home/travis/build/icyphy/ptII/ptolemy/actor/lib/test/Average.tcl
21 ms. Memory: 120832K Free: 73139K (61%)
19 ms. Memory: 120832K Free: 71620K (59%)
/home/travis/build/icyphy/ptII/ptolemy/actor/lib/test/Bernoulli.tcl
12 ms. Memory: 120832K Free: 70067K (58%)
3 ms. Memory: 120832K Free: 70067K (58%)
/home/travis/build/icyphy/ptII/ptolemy/actor/lib/test/Clock.tcl
preinitializing
resolving types
initializing
executing number 1
wrapping up
idle
37 ms. Memory: 120832K Free: 67010K (55%)
Completed execution with 5 iterations
preinitializing
resolving types
initializing
executing number 1
wrapping up
idle
13 ms. Memory: 120832K Free: 66500K (55%)
Completed execution with 5 iterations
preinitializing
resolving types
initializing
executing number 1
wrapping up
idle
4 ms. Memory: 120832K Free: 65986K (55%)
Completed execution with 5 iterations
/home/travis/build/icyphy/ptII/ptolemy/actor/lib/test/Commutator.tcl
13 ms. Memory: 120832K Free: 63938K (53%)
10 ms. Memory: 120832K Free: 62899K (52%)
22 ms. Memory: 120832K Free: 57284K (47%)
/home/travis/build/icyphy/ptII/ptolemy/actor/lib/test/Const.tcl
4 ms. Memory: 120832K Free: 55731K (46%)
3 ms. Memory: 120832K Free: 55236K (46%)
8 ms. Memory: 120832K Free: 54722K (45%)
3 ms. Memory: 120832K Free: 54212K (45%)
3 ms. Memory: 120832K Free: 53188K (44%)
13 ms. Memory: 120832K Free: 51650K (43%)
5 ms. Memory: 120832K Free: 50611K (42%)
4 ms. Memory: 120832K Free: 49602K (41%)
/home/travis/build/icyphy/ptII/ptolemy/actor/lib/test/CurrentTime.tcl
preinitializing
resolving types
initializing
executing number 1
wrapping up
idle
15 ms. Memory: 120832K Free: 48068K (40%)
Completed execution with 11 iterations
/home/travis/build/icyphy/ptII/ptolemy/actor/lib/test/DB.tcl
10 ms. Memory: 120832K Free: 46020K (38%)
24 ms. Memory: 120832K Free: 107159K (89%)
2 ms. Memory: 120832K Free: 106649K (88%)
/home/travis/build/icyphy/ptII/ptolemy/actor/lib/test/DiscreteRandomSource.tcl
preinitializing
resolving types
initializing
executing number 1
wrapping up
idle
5 ms. Memory: 120832K Free: 105097K (87%)
Completed execution with 4 iterations
preinitializing
resolving types
initializing
executing number 1
wrapping up
idle
3 ms. Memory: 120832K Free: 104601K (87%)
Completed execution with 4 iterations
preinitializing
resolving types
initializing
executing number 1
wrapping up
idle
2 ms. Memory: 120832K Free: 104057K (86%)
Completed execution with 4 iterations
preinitializing
resolving types
initializing
executing number 1
wrapping up
idle
4 ms. Memory: 120832K Free: 103577K (86%)
Completed execution with 4 iterations
preinitializing
resolving types
initializing
executing number 1
wrapping up
idle
11 ms. Memory: 120832K Free: 103063K (85%)
Completed execution with 4 iterations
/home/travis/build/icyphy/ptII/ptolemy/actor/lib/test/Distributor.tcl
9 ms. Memory: 120832K Free: 101529K (84%)
4 ms. Memory: 120832K Free: 100985K (84%)
StreamChangeRequest.changeExecuted(): <deleteEntity name="rec2"/> succeeded
StreamChangeRequest.changeExecuted(): <deleteRelation name="r2"/> succeeded
StreamChangeRequest.changeExecuted(): Record firings per iteration succeeded
8 ms. Memory: 120832K Free: 98457K (81%)
/home/travis/build/icyphy/ptII/ptolemy/actor/lib/test/Exit.tcl
Exit.tcl: this will print a message about Manager.exitAfterWrapup, which can be ignored.
11 ms. Memory: 120832K Free: 95385K (79%)
/home/travis/build/icyphy/ptII/ptolemy/actor/lib/test/Expression.tcl
44 ms. Memory: 120832K Free: 105268K (87%)
4 ms. Memory: 120832K Free: 104774K (87%)
3 ms. Memory: 120832K Free: 104260K (86%)
preinitializing
resolving types
initializing
executing number 1
wrapping up
idle
5 ms. Memory: 120832K Free: 102726K (85%)
Completed execution with 6 iterations
4 ms. Memory: 120832K Free: 101702K (84%)
3 ms. Memory: 120832K Free: 101182K (84%)
4 ms. Memory: 120832K Free: 99654K (82%)
4 ms. Memory: 120832K Free: 98630K (82%)
5 ms. Memory: 120832K Free: 97092K (80%)
/home/travis/build/icyphy/ptII/ptolemy/actor/lib/test/Gaussian.tcl
19 ms. Memory: 120832K Free: 95558K (79%)
sleeping 1 seconds: .........................................................................................................................................................................................................................................................................................................................................................................................................................................................................................................................................................................................................................................................................................................................................................................................................................................................................................................................................................................................................................................................................................................................................................................................................................................................................................................................................................................................................................................................................................................................................................................................................................................................................................................................................................................................................................................................................................................................................................................................................................................................................................................................................................................................................................................................................................................................................................................................................................................................................................................................................................................................................................................................................................................................................................................................................................................................................................................................................................................................................................................................................................................................................................................................................................................................................................................................................................................................................................................................................................................................................................................................................................................................................................................................................................................................................................................................................................................................................................................................................................................................................................................................................................................................................................................................................................................................................................................................................................................................................................................................................................................................................................................................................................................................................................................................................................................................................................................................................................................................................................................................................................................................................................................................................................................................................................................................................................................................................................................................................................................................................................................................................................................................................................................................................................................................................................................................................................................................................................................................................................................................................................................................................................................................................................................................................................................................................................................................................................................................................................................................................................................................................................................................................................................................................................................................................................................................................................................................................................................................................................................................................................................................................................................................................................................................................................................................................................................................................................................................................................................................................................................................................................................................................................................................................................................................................................................................................................................................................................................................................................................................................................................................................................................................................................................................................................................................................................................................................................................................................................................................................................................................................................................................................................................................................................................................................................................................................................................................................................................................................................................................................................................................................................................................................................................................................................................................................................................................................................................................................................................................................................................................................................................................................................................................................................................................................................................................................................................................................................................................................................................................................................................................................................................................................................................................................................................................................................................................................................................................................................................................................................................................................................................................................................................................................................................................................................................................................................................................................................................................................................................................................................................................................................................................................................................................................................................................................................................................................................................................................................................................................................................................................................................................................................................................................................................................................................................................................................................................................................................................................................................................................................................................................................................................................................................................................................................................................................................................................................................................................................................................................................................................................................................................................................................................................................................................................................................................................................................................................................................................................................................................................................................................................................................................................................................................................................................................................................................................................................................................................................................................................................................................................................................................................................................................................................................................................................................................................................................................................................................................................................................................................................................................................................................................................................................................................................................................................................................................................................................................................................................................................................................................................................................................................................................................................................................................................................................................................................................................................................................................................................................................................................................................................................................................................................................................................................................................................................................................................................................................................................................................................................................................................................................................................................................................................................................................................................................................................................................................................................................................................................................................................................................................................................................................................................................................................................................................................................................................................................................................................................................................................................................................................................................................................................................................................................................................................................................................................................................................................................................................................................................................................................................................................................................................................................................................................................................................................................................................................................................................................................................................................................................................................................................................................................................................................................................................................................................................................................................................................................................................................................................................................................................................................................................................................................................................................................................................................................................................................................................................................................................................................................................................................................................................................................................................................................................................................................................................................................................................................................................................................................................................................................................................................................................................................................................................................................................................................................................................................................................................................................................................................................................................................................................................................................................................................................................................................................................................................................................................................................................................................................................................................................................................................................................................................................................................................................................................................................................................................................................................................................................................................................................................................................................................................................................................................................................................................................................................................................................................................................................................................................................................................................................................................................................................................................................................................................................................................................................................................................................................................................................................................................................................................................................................................................................................................................................................................................................................................................................................................................................................................................................................................................................................................................................................................................................................................................................................................................................................................................................................................................................................................................................................................................................................................................................................................................................................................................................................................................................................................................................................................................................................................................................................................................................................................................................................................................................................................................................................................................................................................................................................................................................................................................................................................................................................................................................................................................................................................................................................................................................................................................................................................................................................................................................................................................................................................................................................................................................................................................................................................................................................................................................................................................................................................................................................................................................................................................................................................................................................................................................................................................................................................................................................................................................................................................................................................................................................................................................................................................................................................................................................................................................................................................................................................................................................................................................................................................................................................................................................................................................................................................................................................................................................................................................................................................................................................................................................................................................................................................................................................................................................................................................................................................................................................................................................................................................................................................................................................................................................................................................................................................................................................................................................................................................................................................................................................................................................................................................................................................................................................................................................................................................................................................................................................................................................................................................................................................................................................................................................................................................................................................................................................................................................................................................................................................................................................................................................................................................................................................................................................................................................4 ms. Memory: 145408K Free: 116089K (80%)
3 ms. Memory: 145408K Free: 115065K (79%)
6 ms. Memory: 145408K Free: 114521K (79%)
6 ms. Memory: 145408K Free: 114039K (78%)
4 ms. Memory: 145408K Free: 113527K (78%)
/home/travis/build/icyphy/ptII/ptolemy/actor/lib/test/IIR.tcl
/home/travis/build/icyphy/ptII/ptolemy/actor/lib/test/Interpolator.tcl
4 ms. Memory: 145408K Free: 109417K (75%)
2 ms. Memory: 145408K Free: 108921K (75%)
1 ms. Memory: 145408K Free: 108407K (75%)
1 ms. Memory: 145408K Free: 107897K (74%)
7 ms. Memory: 145408K Free: 106873K (73%)
2 ms. Memory: 145408K Free: 106345K (73%)
9 ms. Memory: 145408K Free: 105329K (72%)
3 ms. Memory: 145408K Free: 104311K (72%)
8 ms. Memory: 145408K Free: 103287K (71%)
3 ms. Memory: 145408K Free: 102777K (71%)
/home/travis/build/icyphy/ptII/ptolemy/actor/lib/test/MathFunction.tcl
9 ms. Memory: 145408K Free: 100215K (69%)
11 ms. Memory: 145408K Free: 99161K (68%)
2 ms. Memory: 145408K Free: 98167K (68%)
2 ms. Memory: 145408K Free: 97657K (67%)
11 ms. Memory: 145408K Free: 96113K (66%)
16 ms. Memory: 145408K Free: 94057K (65%)
/home/travis/build/icyphy/ptII/ptolemy/actor/lib/test/Maximum.tcl
4 ms. Memory: 145408K Free: 92537K (64%)
2 ms. Memory: 145408K Free: 91513K (63%)
3 ms. Memory: 145408K Free: 90993K (63%)
2 ms. Memory: 145408K Free: 90489K (62%)
/home/travis/build/icyphy/ptII/ptolemy/actor/lib/test/Minimum.tcl
4 ms. Memory: 145408K Free: 88441K (61%)
7 ms. Memory: 145408K Free: 87927K (60%)
6 ms. Memory: 145408K Free: 87417K (60%)
3 ms. Memory: 145408K Free: 86903K (60%)
/home/travis/build/icyphy/ptII/ptolemy/actor/lib/test/MultiplyDivide.tcl
4 ms. Memory: 145408K Free: 84841K (58%)
11 ms. Memory: 145408K Free: 83831K (58%)
3 ms. Memory: 145408K Free: 83321K (57%)
3 ms. Memory: 145408K Free: 82297K (57%)
3 ms. Memory: 145408K Free: 81769K (56%)
/home/travis/build/icyphy/ptII/ptolemy/actor/lib/test/OrderedMerge.tcl
Connections changed on port: inputA
Connections changed on port: inputB
Connections changed on port: output
Connections changed on port: output
Connections changed on port: output
Connections changed on port: input
.top. Preinitializing ...
Invoking preinitialize():  .top.OrderedMerge
Called preinitialize()
Invoking preinitialize():  .top.Ramp
Called preinitialize()
Invoking preinitialize():  .top.Ramp2
Called preinitialize()
Invoking preinitialize():  .top.Test
Called preinitialize()
Connections changed on port: inputA
Connections changed on port: output
Connections changed on port: inputB
Connections changed on port: output
Connections changed on port: output
Connections changed on port: input
.top. Finished preinitialize().
Called initialize().
Invoking initialize():  .top.OrderedMerge
Initializing actor: .top.OrderedMerge
Adding a thread: .top.OrderedMerge
Invoking initialize():  .top.Ramp
Initializing actor: .top.Ramp
Adding a thread: .top.Ramp
Invoking initialize():  .top.Ramp2
Initializing actor: .top.Ramp2
Adding a thread: .top.Ramp2
Invoking initialize():  .top.Test
Initializing actor: .top.Test
Adding a thread: .top.Test
Called fire().
Checking for deadlock:
-- Starting thread.
Called initialize()
Called prefire()
Called fire()
-- Starting thread.
Called initialize()
Called prefire()
Called fire()
-- Starting thread.
Called initialize()
Called prefire()
Called fire()
-- Starting thread.
Called initialize()
Called prefire()
Called fire()
There are 0 Blocked actors, 0 Stopped actors, and 4 active threads.
Waiting for actors to stop.
Called postfire()
Called prefire()
Called fire()
Called postfire()
Called prefire()
Called fire()
Read input token from inputA with value 0.0
Next port to read input from is inputB
Called postfire()
Called prefire()
Called fire()
Read input token from inputB with value 0.0
Sent output token with value 0.0
Next port to read input from is inputA
Called postfire()
Called prefire()
Called fire()
Checking for deadlock:
There are 1 Blocked actors, 0 Stopped actors, and 4 active threads.
Waiting for actors to stop.
Called postfire()
Called prefire()
Called fire()
Called postfire()
Called prefire()
Called fire()
-- Read input: 0.0, which is expected to match: 0.0
Called prefire()
Called fire()
Checking for deadlock:
There are 3 Blocked actors, 0 Stopped actors, and 4 active threads.
Waiting for actors to stop.
Called postfire()
Called prefire()
Called fire()
Read input token from inputA with value 1.0
Sent output token with value 0.0
Next port to read input from is inputB
Called postfire()
Called prefire()
Called fire()
Read input token from inputB with value 1.5
Checking for deadlock:
There are 2 Blocked actors, 0 Stopped actors, and 4 active threads.
Waiting for actors to stop.
Called postfire()
Called prefire()
Called fire()
-- Read input: 0.0, which is expected to match: 0.0
Called prefire()
Called fire()
Checking for deadlock:
There are 3 Blocked actors, 0 Stopped actors, and 4 active threads.
Waiting for actors to stop.
-- Read input: 1.0, which is expected to match: 1.0
Called prefire()
Called fire()
Checking for deadlock:
There are 3 Blocked actors, 0 Stopped actors, and 4 active threads.
Waiting for actors to stop.
Sent output token with value 1.0
Next port to read input from is inputA
Called postfire()
Called prefire()
Called fire()
Checking for deadlock:
There are 2 Blocked actors, 0 Stopped actors, and 4 active threads.
Waiting for actors to stop.
Called postfire()
Called prefire()
Called fire()
Checking for deadlock:
There are 3 Blocked actors, 0 Stopped actors, and 4 active threads.
Waiting for actors to stop.
Read input token from inputA with value 2.0
-- Read input: 1.5, which is expected to match: 1.5
Called prefire()
Called fire()
Checking for deadlock:
There are 3 Blocked actors, 0 Stopped actors, and 4 active threads.
Waiting for actors to stop.
Sent output token with value 1.5
Next port to read input from is inputB
Called postfire()
Called prefire()
Called fire()
Called postfire()
Called prefire()
Called fire()
Checking for deadlock:
There are 3 Blocked actors, 0 Stopped actors, and 4 active threads.
Waiting for actors to stop.
Read input token from inputB with value 3.0
-- Read input: 2.0, which is expected to match: 2.0
Called prefire()
Called fire()
Checking for deadlock:
There are 3 Blocked actors, 0 Stopped actors, and 4 active threads.
Waiting for actors to stop.
Sent output token with value 2.0
Next port to read input from is inputA
Called postfire()
Called prefire()
Called fire()
Checking for deadlock:
There are 2 Blocked actors, 0 Stopped actors, and 4 active threads.
Waiting for actors to stop.
Called postfire()
Called prefire()
Called fire()
Checking for deadlock:
There are 3 Blocked actors, 0 Stopped actors, and 4 active threads.
Waiting for actors to stop.
Read input token from inputA with value 3.0
Checking for deadlock:
There are 2 Blocked actors, 0 Stopped actors, and 4 active threads.
Waiting for actors to stop.
-- Read input: 3.0, which is expected to match: 3.0
Called prefire()
Called fire()
Checking for deadlock:
There are 3 Blocked actors, 0 Stopped actors, and 4 active threads.
Waiting for actors to stop.
Sent output token with value 3.0
Next port to read input from is inputB
Called postfire()
Called prefire()
Called fire()
Called postfire()
Called prefire()
Called fire()
Checking for deadlock:
There are 3 Blocked actors, 0 Stopped actors, and 4 active threads.
Waiting for actors to stop.
Read input token from inputB with value 4.5
-- Read input: 3.0, which is expected to match: 3.0
Called prefire()
Called fire()
Checking for deadlock:
There are 3 Blocked actors, 0 Stopped actors, and 4 active threads.
Waiting for actors to stop.
Sent output token with value 3.0
Next port to read input from is inputA
Called postfire()
Called prefire()
Called fire()
Checking for deadlock:
There are 2 Blocked actors, 0 Stopped actors, and 4 active threads.
Waiting for actors to stop.
Called postfire()
Called prefire()
Called fire()
Checking for deadlock:
There are 3 Blocked actors, 0 Stopped actors, and 4 active threads.
Waiting for actors to stop.
Read input token from inputA with value 4.0
Checking for deadlock:
There are 2 Blocked actors, 0 Stopped actors, and 4 active threads.
Waiting for actors to stop.
-- Read input: 4.0, which is expected to match: 4.0
Called prefire()
Called fire()
Past the end of training data. Read and discard all inputs.
Checking for deadlock:
There are 3 Blocked actors, 0 Stopped actors, and 4 active threads.
Waiting for actors to stop.
Sent output token with value 4.0
Next port to read input from is inputA
Called postfire()
Called prefire()
Called fire()
Checking for deadlock:
There are 2 Blocked actors, 0 Stopped actors, and 4 active threads.
Waiting for actors to stop.
Called postfire()
Called prefire()
Called fire()
Checking for deadlock:
There are 3 Blocked actors, 0 Stopped actors, and 4 active threads.
Waiting for actors to stop.
Read input token from inputA with value 5.0
Checking for deadlock:
There are 2 Blocked actors, 0 Stopped actors, and 4 active threads.
Waiting for actors to stop.
Called prefire()
Called fire()
Past the end of training data. Read and discard all inputs.
Checking for deadlock:
There are 3 Blocked actors, 0 Stopped actors, and 4 active threads.
Waiting for actors to stop.
Sent output token with value 4.5
Next port to read input from is inputB
Called postfire()
Called prefire()
Called fire()
Called postfire()
Called prefire()
Called fire()
Checking for deadlock:
There are 3 Blocked actors, 0 Stopped actors, and 4 active threads.
Waiting for actors to stop.
Read input token from inputB with value 6.0
Called prefire()
Called fire()
Past the end of training data. Read and discard all inputs.
Checking for deadlock:
There are 3 Blocked actors, 0 Stopped actors, and 4 active threads.
Waiting for actors to stop.
Sent output token with value 5.0
Next port to read input from is inputA
Called postfire()
Called prefire()
Called fire()
Checking for deadlock:
There are 2 Blocked actors, 0 Stopped actors, and 4 active threads.
Waiting for actors to stop.
Called postfire()
Called prefire()
Called fire()
Checking for deadlock:
There are 3 Blocked actors, 0 Stopped actors, and 4 active threads.
Waiting for actors to stop.
Read input token from inputA with value 6.0
Checking for deadlock:
There are 2 Blocked actors, 0 Stopped actors, and 4 active threads.
Waiting for actors to stop.
Called prefire()
Called fire()
Past the end of training data. Read and discard all inputs.
Checking for deadlock:
There are 3 Blocked actors, 0 Stopped actors, and 4 active threads.
Waiting for actors to stop.
Sent output token with value 6.0
Next port to read input from is inputB
Called postfire()
Called prefire()
Called fire()
Called postfire()
Called prefire()
Called fire()
Checking for deadlock:
There are 3 Blocked actors, 0 Stopped actors, and 4 active threads.
Waiting for actors to stop.
Read input token from inputB with value 7.5
Called prefire()
Called fire()
Past the end of training data. Read and discard all inputs.
Checking for deadlock:
There are 3 Blocked actors, 0 Stopped actors, and 4 active threads.
Waiting for actors to stop.
Sent output token with value 6.0
Next port to read input from is inputA
Called postfire()
Called prefire()
Called fire()
Checking for deadlock:
There are 2 Blocked actors, 0 Stopped actors, and 4 active threads.
Waiting for actors to stop.
Called postfire()
Called prefire()
Called fire()
Checking for deadlock:
There are 3 Blocked actors, 0 Stopped actors, and 4 active threads.
Waiting for actors to stop.
Read input token from inputA with value 7.0
Checking for deadlock:
There are 2 Blocked actors, 0 Stopped actors, and 4 active threads.
Waiting for actors to stop.
Called prefire()
Called fire()
Past the end of training data. Read and discard all inputs.
Checking for deadlock:
There are 3 Blocked actors, 0 Stopped actors, and 4 active threads.
Waiting for actors to stop.
Sent output token with value 7.0
Next port to read input from is inputA
Called postfire()
Called prefire()
Called fire()
Checking for deadlock:
There are 2 Blocked actors, 0 Stopped actors, and 4 active threads.
Waiting for actors to stop.
-- Thread wrapup() called.
Called wrapup()
Thread .top.Ramp is exiting.
-- Thread stopped.
Read input token from inputA with value 8.0
Sent output token with value 7.5
Next port to read input from is inputB
Called postfire()
Called prefire()
Called fire()
Read input token from inputB with value 9.0
Checking for deadlock:
There are 1 Blocked actors, 0 Stopped actors, and 3 active threads.
Waiting for actors to stop.
Called postfire()
Called prefire()
Called fire()
Called prefire()
Called fire()
Past the end of training data. Read and discard all inputs.
Checking for deadlock:
There are 2 Blocked actors, 0 Stopped actors, and 3 active threads.
Waiting for actors to stop.
Called prefire()
Called fire()
Past the end of training data. Read and discard all inputs.
Checking for deadlock:
There are 2 Blocked actors, 0 Stopped actors, and 3 active threads.
Waiting for actors to stop.
Sent output token with value 8.0
Next port to read input from is inputA
Called postfire()
Called prefire()
Called fire()
Read input token from inputA with value 9.0
Called prefire()
Called fire()
Past the end of training data. Read and discard all inputs.
Checking for deadlock:
There are 2 Blocked actors, 0 Stopped actors, and 3 active threads.
Waiting for actors to stop.
Sent output token with value 9.0
Next port to read input from is inputB
Called postfire()
Called prefire()
Called fire()
Called postfire()
Called prefire()
Called fire()
Checking for deadlock:
There are 2 Blocked actors, 0 Stopped actors, and 3 active threads.
Waiting for actors to stop.
Read input token from inputB with value 10.5
Called prefire()
Called fire()
Past the end of training data. Read and discard all inputs.
Checking for deadlock:
There are 2 Blocked actors, 0 Stopped actors, and 3 active threads.
Waiting for actors to stop.
Sent output token with value 9.0
Next port to read input from is inputA
Called postfire()
Called prefire()
Called fire()
Checking for deadlock:
There are 3 Blocked actors, 0 Stopped actors, and 3 active threads.
Actors have stopped.
Checking for deadlock:
There are 3 Blocked actors, 0 Stopped actors, and 3 active threads.
Deadlock detected.
Resolving Deadlock
Checking for deadlock:
There are 3 Blocked actors, 0 Stopped actors, and 3 active threads.
Artificial Deadlock - increasing queue capacity.
increasing the capacity of receiver ptolemy.actor.TypedIOPort {.top.OrderedMerge.inputB} to 2
Director: Called postfire().
Called postfire().
_stopRequested = false
_stopFireRequested = false
Returning from postfire(): true
-- Thread wrapup() called.
Called wrapup()
Thread .top.Ramp2 is exiting.
-- Thread stopped.
Called fire().
Checking for deadlock:
There are 2 Blocked actors, 0 Stopped actors, and 2 active threads.
Actors have stopped.
Checking for deadlock:
There are 2 Blocked actors, 0 Stopped actors, and 2 active threads.
Deadlock detected.
Resolving Deadlock
Checking for deadlock:
There are 2 Blocked actors, 0 Stopped actors, and 2 active threads.
Deadlock detected: no processes blocked on write, but some are blocked on read.
Called postfire().
_stopRequested = false
_stopFireRequested = false
Returning from postfire(): false
Finished deactivating branches.
Called wrapup().
-- Thread wrapup() called.
Called wrapup()
Thread .top.Test is exiting.
-- Thread stopped.
-- Blocked Receiver call threw TerminateProcessException.
-- Thread wrapup() called.
Called wrapup()
Thread .top.OrderedMerge is exiting.
-- Thread stopped.
-- Blocked Receiver call threw TerminateProcessException.
80 ms. Memory: 145408K Free: 76663K (53%)
.top. Preinitializing ...
Invoking preinitialize():  .top.OrderedMerge
Called preinitialize()
Invoking preinitialize():  .top.Ramp
Called preinitialize()
Invoking preinitialize():  .top.Ramp2
Called preinitialize()
Invoking preinitialize():  .top.Test
Called preinitialize()
.top. Finished preinitialize().
Called initialize().
Invoking initialize():  .top.OrderedMerge
Initializing actor: .top.OrderedMerge
Adding a thread: .top.OrderedMerge
Invoking initialize():  .top.Ramp
Initializing actor: .top.Ramp
Adding a thread: .top.Ramp
Invoking initialize():  .top.Ramp2
Initializing actor: .top.Ramp2
Adding a thread: .top.Ramp2
Invoking initialize():  .top.Test
Initializing actor: .top.Test
Adding a thread: .top.Test
-- Starting thread.
Called initialize()
Called prefire()
Called fire()
-- Starting thread.
Called initialize()
Called prefire()
Called fire()
Called postfire()
Called prefire()
Called fire()
-- Starting thread.
Called initialize()
Called prefire()
Called fire()
Called postfire()
Called prefire()
Called fire()
Called fire().
Checking for deadlock:
There are 3 Blocked actors, 0 Stopped actors, and 4 active threads.
Waiting for actors to stop.
-- Starting thread.
Called initialize()
Called prefire()
Called fire()
Checking for deadlock:
There are 2 Blocked actors, 0 Stopped actors, and 4 active threads.
Waiting for actors to stop.
Called postfire()
Called prefire()
Called fire()
Checking for deadlock:
There are 3 Blocked actors, 0 Stopped actors, and 4 active threads.
Waiting for actors to stop.
Read input token from inputA with value 0.0
Next port to read input from is inputB
Called postfire()
Called prefire()
Called fire()
Called postfire()
Called prefire()
Called fire()
Checking for deadlock:
There are 3 Blocked actors, 0 Stopped actors, and 4 active threads.
Waiting for actors to stop.
Read input token from inputB with value 0.0
Checking for deadlock:
There are 2 Blocked actors, 0 Stopped actors, and 4 active threads.
Waiting for actors to stop.
-- Read input: 0.0, which is expected to match: 0.0
Called prefire()
Called fire()
Checking for deadlock:
There are 3 Blocked actors, 0 Stopped actors, and 4 active threads.
Waiting for actors to stop.
Sent output token with value 0.0
Next port to read input from is inputA
Called postfire()
Called prefire()
Called fire()
Checking for deadlock:
There are 2 Blocked actors, 0 Stopped actors, and 4 active threads.
Waiting for actors to stop.
Called postfire()
Called prefire()
Called fire()
Checking for deadlock:
There are 3 Blocked actors, 0 Stopped actors, and 4 active threads.
Waiting for actors to stop.
Read input token from inputA with value 1.0
Checking for deadlock:
There are 2 Blocked actors, 0 Stopped actors, and 4 active threads.
Waiting for actors to stop.
-- Read input: 0.0, which is expected to match: 0.0
Called prefire()
Called fire()
Checking for deadlock:
There are 3 Blocked actors, 0 Stopped actors, and 4 active threads.
Waiting for actors to stop.
Sent output token with value 0.0
Next port to read input from is inputB
Called postfire()
Called prefire()
Called fire()
Called postfire()
Called prefire()
Called fire()
Checking for deadlock:
There are 3 Blocked actors, 0 Stopped actors, and 4 active threads.
Waiting for actors to stop.
Read input token from inputB with value 1.5
-- Read input: 1.0, which is expected to match: 1.0
Called prefire()
Called fire()
Checking for deadlock:
There are 3 Blocked actors, 0 Stopped actors, and 4 active threads.
Waiting for actors to stop.
Sent output token with value 1.0
Next port to read input from is inputA
Called postfire()
Called prefire()
Called fire()
Checking for deadlock:
There are 2 Blocked actors, 0 Stopped actors, and 4 active threads.
Waiting for actors to stop.
Called postfire()
Called prefire()
Called fire()
Checking for deadlock:
There are 3 Blocked actors, 0 Stopped actors, and 4 active threads.
Waiting for actors to stop.
Read input token from inputA with value 2.0
Checking for deadlock:
There are 2 Blocked actors, 0 Stopped actors, and 4 active threads.
Waiting for actors to stop.
-- Read input: 1.5, which is expected to match: 1.5
Called prefire()
Called fire()
Checking for deadlock:
There are 3 Blocked actors, 0 Stopped actors, and 4 active threads.
Waiting for actors to stop.
Sent output token with value 1.5
Next port to read input from is inputB
Called postfire()
Called prefire()
Called fire()
Checking for deadlock:
There are 2 Blocked actors, 0 Stopped actors, and 4 active threads.
Waiting for actors to stop.
Called postfire()
Called prefire()
Called fire()
Checking for deadlock:
There are 3 Blocked actors, 0 Stopped actors, and 4 active threads.
Waiting for actors to stop.
Read input token from inputB with value 3.0
Checking for deadlock:
There are 2 Blocked actors, 0 Stopped actors, and 4 active threads.
Waiting for actors to stop.
-- Read input: 2.0, which is expected to match: 2.0
Called prefire()
Called fire()
Checking for deadlock:
There are 3 Blocked actors, 0 Stopped actors, and 4 active threads.
Waiting for actors to stop.
Sent output token with value 2.0
Next port to read input from is inputA
Called postfire()
Called prefire()
Called fire()
Checking for deadlock:
There are 2 Blocked actors, 0 Stopped actors, and 4 active threads.
Waiting for actors to stop.
Called postfire()
Called prefire()
Called fire()
Checking for deadlock:
There are 3 Blocked actors, 0 Stopped actors, and 4 active threads.
Waiting for actors to stop.
Read input token from inputA with value 3.0
Checking for deadlock:
There are 2 Blocked actors, 0 Stopped actors, and 4 active threads.
Waiting for actors to stop.
-- Read input: 3.0, which is expected to match: 3.0
Called prefire()
Called fire()
Checking for deadlock:
There are 3 Blocked actors, 0 Stopped actors, and 4 active threads.
Waiting for actors to stop.
Sent output token with value 3.0
Next port to read input from is inputB
Called postfire()
Called prefire()
Called fire()
Called postfire()
Called prefire()
Called fire()
Checking for deadlock:
There are 3 Blocked actors, 0 Stopped actors, and 4 active threads.
Waiting for actors to stop.
Read input token from inputB with value 4.5
-- Read input: 3.0, which is expected to match: 3.0
Called prefire()
Called fire()
Checking for deadlock:
There are 3 Blocked actors, 0 Stopped actors, and 4 active threads.
Waiting for actors to stop.
Sent output token with value 3.0
Next port to read input from is inputA
Called postfire()
Called prefire()
Called fire()
Checking for deadlock:
There are 2 Blocked actors, 0 Stopped actors, and 4 active threads.
Waiting for actors to stop.
Called postfire()
Called prefire()
Called fire()
Checking for deadlock:
There are 3 Blocked actors, 0 Stopped actors, and 4 active threads.
Waiting for actors to stop.
Read input token from inputA with value 4.0
Checking for deadlock:
There are 2 Blocked actors, 0 Stopped actors, and 4 active threads.
Waiting for actors to stop.
-- Read input: 4.0, which is expected to match: 4.0
Called prefire()
Called fire()
Past the end of training data. Read and discard all inputs.
Checking for deadlock:
There are 3 Blocked actors, 0 Stopped actors, and 4 active threads.
Waiting for actors to stop.
Sent output token with value 4.0
Next port to read input from is inputA
Called postfire()
Called prefire()
Called fire()
Checking for deadlock:
There are 2 Blocked actors, 0 Stopped actors, and 4 active threads.
Waiting for actors to stop.
Called postfire()
Called prefire()
Called fire()
Checking for deadlock:
There are 3 Blocked actors, 0 Stopped actors, and 4 active threads.
Waiting for actors to stop.
Read input token from inputA with value 5.0
Checking for deadlock:
There are 2 Blocked actors, 0 Stopped actors, and 4 active threads.
Waiting for actors to stop.
Called prefire()
Called fire()
Past the end of training data. Read and discard all inputs.
Checking for deadlock:
There are 3 Blocked actors, 0 Stopped actors, and 4 active threads.
Waiting for actors to stop.
Sent output token with value 4.5
Next port to read input from is inputB
Called postfire()
Called prefire()
Called fire()
Called postfire()
Called prefire()
Called fire()
Checking for deadlock:
There are 3 Blocked actors, 0 Stopped actors, and 4 active threads.
Waiting for actors to stop.
Read input token from inputB with value 6.0
Called prefire()
Called fire()
Past the end of training data. Read and discard all inputs.
Checking for deadlock:
There are 3 Blocked actors, 0 Stopped actors, and 4 active threads.
Waiting for actors to stop.
Sent output token with value 5.0
Next port to read input from is inputA
Called postfire()
Called prefire()
Called fire()
Called postfire()
Called prefire()
Called fire()
Checking for deadlock:
There are 3 Blocked actors, 0 Stopped actors, and 4 active threads.
Waiting for actors to stop.
Read input token from inputA with value 6.0
Called prefire()
Called fire()
Past the end of training data. Read and discard all inputs.
Checking for deadlock:
There are 3 Blocked actors, 0 Stopped actors, and 4 active threads.
Waiting for actors to stop.
Sent output token with value 6.0
Next port to read input from is inputB
Called postfire()
Called prefire()
Called fire()
Called postfire()
Called prefire()
Called fire()
Checking for deadlock:
There are 3 Blocked actors, 0 Stopped actors, and 4 active threads.
Waiting for actors to stop.
Read input token from inputB with value 7.5
Called prefire()
Called fire()
Past the end of training data. Read and discard all inputs.
Checking for deadlock:
There are 3 Blocked actors, 0 Stopped actors, and 4 active threads.
Waiting for actors to stop.
Sent output token with value 6.0
Next port to read input from is inputA
Called postfire()
Called prefire()
Called fire()
Checking for deadlock:
There are 2 Blocked actors, 0 Stopped actors, and 4 active threads.
Waiting for actors to stop.
Called postfire()
Called prefire()
Called fire()
Checking for deadlock:
There are 3 Blocked actors, 0 Stopped actors, and 4 active threads.
Waiting for actors to stop.
Read input token from inputA with value 7.0
Checking for deadlock:
There are 2 Blocked actors, 0 Stopped actors, and 4 active threads.
Waiting for actors to stop.
Called prefire()
Called fire()
Past the end of training data. Read and discard all inputs.
Checking for deadlock:
There are 3 Blocked actors, 0 Stopped actors, and 4 active threads.
Waiting for actors to stop.
Sent output token with value 7.0
Next port to read input from is inputA
Called postfire()
Called prefire()
Called fire()
Checking for deadlock:
There are 2 Blocked actors, 0 Stopped actors, and 4 active threads.
Waiting for actors to stop.
-- Thread wrapup() called.
Called wrapup()
Thread .top.Ramp is exiting.
-- Thread stopped.
Checking for deadlock:
There are 2 Blocked actors, 0 Stopped actors, and 3 active threads.
Waiting for actors to stop.
Read input token from inputA with value 8.0
Called prefire()
Called fire()
Past the end of training data. Read and discard all inputs.
Checking for deadlock:
There are 2 Blocked actors, 0 Stopped actors, and 3 active threads.
Waiting for actors to stop.
Sent output token with value 7.5
Next port to read input from is inputB
Called postfire()
Called prefire()
Called fire()
Checking for deadlock:
There are 1 Blocked actors, 0 Stopped actors, and 3 active threads.
Waiting for actors to stop.
Called postfire()
Called prefire()
Called fire()
Checking for deadlock:
There are 2 Blocked actors, 0 Stopped actors, and 3 active threads.
Waiting for actors to stop.
Read input token from inputB with value 9.0
Checking for deadlock:
There are 1 Blocked actors, 0 Stopped actors, and 3 active threads.
Waiting for actors to stop.
Called prefire()
Called fire()
Past the end of training data. Read and discard all inputs.
Checking for deadlock:
There are 2 Blocked actors, 0 Stopped actors, and 3 active threads.
Waiting for actors to stop.
Sent output token with value 8.0
Next port to read input from is inputA
Called postfire()
Called prefire()
Called fire()
Read input token from inputA with value 9.0
Called prefire()
Called fire()
Past the end of training data. Read and discard all inputs.
Checking for deadlock:
There are 2 Blocked actors, 0 Stopped actors, and 3 active threads.
Waiting for actors to stop.
Sent output token with value 9.0
Next port to read input from is inputB
Called postfire()
Called prefire()
Called fire()
Called postfire()
Called prefire()
Called fire()
Checking for deadlock:
There are 2 Blocked actors, 0 Stopped actors, and 3 active threads.
Waiting for actors to stop.
Read input token from inputB with value 10.5
Called prefire()
Called fire()
Past the end of training data. Read and discard all inputs.
Checking for deadlock:
There are 2 Blocked actors, 0 Stopped actors, and 3 active threads.
Waiting for actors to stop.
Sent output token with value 9.0
Next port to read input from is inputA
Called postfire()
Called prefire()
Called fire()
Checking for deadlock:
There are 3 Blocked actors, 0 Stopped actors, and 3 active threads.
Actors have stopped.
Checking for deadlock:
There are 3 Blocked actors, 0 Stopped actors, and 3 active threads.
Deadlock detected.
Resolving Deadlock
Checking for deadlock:
There are 3 Blocked actors, 0 Stopped actors, and 3 active threads.
Artificial Deadlock - increasing queue capacity.
increasing the capacity of receiver ptolemy.actor.TypedIOPort {.top.OrderedMerge.inputB} to 2
Director: Called postfire().
Called postfire().
_stopRequested = false
_stopFireRequested = false
Returning from postfire(): true
Called fire().
Checking for deadlock:
There are 2 Blocked actors, 0 Stopped actors, and 3 active threads.
Waiting for actors to stop.
-- Thread wrapup() called.
Called wrapup()
Thread .top.Ramp2 is exiting.
-- Thread stopped.
Checking for deadlock:
There are 2 Blocked actors, 0 Stopped actors, and 2 active threads.
Actors have stopped.
Checking for deadlock:
There are 2 Blocked actors, 0 Stopped actors, and 2 active threads.
Deadlock detected.
Resolving Deadlock
Checking for deadlock:
There are 2 Blocked actors, 0 Stopped actors, and 2 active threads.
Deadlock detected: no processes blocked on write, but some are blocked on read.
Called postfire().
_stopRequested = false
_stopFireRequested = false
Returning from postfire(): false
Finished deactivating branches.
Called wrapup().
-- Thread wrapup() called.
Called wrapup()
-- Thread wrapup() called.
Called wrapup()
Thread .top.Test is exiting.
-- Thread stopped.
-- Blocked Receiver call threw TerminateProcessException.
Thread .top.OrderedMerge is exiting.
-- Thread stopped.
-- Blocked Receiver call threw TerminateProcessException.
34 ms. Memory: 145408K Free: 74615K (51%)
/home/travis/build/icyphy/ptII/ptolemy/actor/lib/test/Publisher.tcl
18 ms. Memory: 145408K Free: 124216K (85%)
8 ms. Memory: 145408K Free: 119096K (82%)
3 ms. Memory: 145408K Free: 115000K (79%)
4 ms. Memory: 145408K Free: 113976K (78%)
8 ms. Memory: 145408K Free: 113448K (78%)
4 ms. Memory: 145408K Free: 112424K (77%)
7 ms. Memory: 145408K Free: 111414K (77%)
9 ms. Memory: 145408K Free: 110904K (76%)
20 ms. Memory: 145408K Free: 119999K (83%)
7 ms. Memory: 145408K Free: 116399K (80%)
8 ms. Memory: 145408K Free: 115389K (79%)
7 ms. Memory: 145408K Free: 113335K (78%)
7 ms. Memory: 145408K Free: 105663K (73%)
6 ms. Memory: 145408K Free: 95927K (66%)
7 ms. Memory: 145408K Free: 85183K (59%)
/home/travis/build/icyphy/ptII/ptolemy/actor/lib/test/Pulse.tcl
3 ms. Memory: 145408K Free: 106761K (73%)
2 ms. Memory: 145408K Free: 106217K (73%)
1 ms. Memory: 145408K Free: 105737K (73%)
2 ms. Memory: 145408K Free: 105209K (72%)
1 ms. Memory: 145408K Free: 104713K (72%)
4 ms. Memory: 145408K Free: 103689K (71%)
2 ms. Memory: 145408K Free: 102665K (71%)
2 ms. Memory: 145408K Free: 101641K (70%)
1 ms. Memory: 145408K Free: 101113K (70%)
/home/travis/build/icyphy/ptII/ptolemy/actor/lib/test/Ramp.tcl
3 ms. Memory: 145408K Free: 99073K (68%)
2 ms. Memory: 145408K Free: 98569K (68%)
2 ms. Memory: 145408K Free: 97545K (67%)
2 ms. Memory: 145408K Free: 97031K (67%)
3 ms. Memory: 145408K Free: 96007K (66%)
5 ms. Memory: 145408K Free: 94473K (65%)
6 ms. Memory: 145408K Free: 93929K (65%)
5 actors
4000 microseconds per iteration to create
5 ms. Memory: 145408K Free: 90887K (63%)
2 ms. Memory: 145408K Free: 90377K (62%)
2 ms. Memory: 145408K Free: 89849K (62%)
2 ms. Memory: 145408K Free: 89353K (61%)
50 actors
45000 microseconds per iteration to create
51 ms. Memory: 145408K Free: 73479K (51%)
6 ms. Memory: 145408K Free: 72441K (50%)
6 ms. Memory: 145408K Free: 71417K (49%)
5 ms. Memory: 145408K Free: 70407K (48%)
500 actors
1537000 microseconds per iteration to create
284 ms. Memory: 175104K Free: 71871K (41%)
94 ms. Memory: 175104K Free: 149464K (85%)
48 ms. Memory: 175104K Free: 144344K (82%)
45 ms. Memory: 175104K Free: 139224K (80%)
/home/travis/build/icyphy/ptII/ptolemy/actor/lib/test/RampContinuous.tcl
10 ms. Memory: 175104K Free: 137688K (79%)
/home/travis/build/icyphy/ptII/ptolemy/actor/lib/test/RecordAssembler.tcl
5 ms. Memory: 175104K Free: 136122K (78%)
6 ms. Memory: 175104K Free: 135114K (77%)
/home/travis/build/icyphy/ptII/ptolemy/actor/lib/test/RecordDisassembler.tcl
15 ms. Memory: 175104K Free: 133594K (76%)
6 ms. Memory: 175104K Free: 132570K (76%)
4 ms. Memory: 175104K Free: 131546K (75%)
/home/travis/build/icyphy/ptII/ptolemy/actor/lib/test/Scale.tcl
3 ms. Memory: 175104K Free: 129498K (74%)
2 ms. Memory: 175104K Free: 128970K (74%)
2 ms. Memory: 175104K Free: 127946K (73%)
3 ms. Memory: 175104K Free: 127450K (73%)
4 ms. Memory: 175104K Free: 126426K (72%)
/home/travis/build/icyphy/ptII/ptolemy/actor/lib/test/SequentialClock.tcl
preinitializing
resolving types
initializing
executing number 1
wrapping up
idle
2 ms. Memory: 175104K Free: 125402K (72%)
Completed execution with 5 iterations
preinitializing
resolving types
initializing
executing number 1
wrapping up
idle
2 ms. Memory: 175104K Free: 124888K (71%)
Completed execution with 5 iterations
preinitializing
resolving types
initializing
executing number 1
wrapping up
idle
1 ms. Memory: 175104K Free: 124378K (71%)
Completed execution with 5 iterations
/home/travis/build/icyphy/ptII/ptolemy/actor/lib/test/SetVariable.tcl
3 ms. Memory: 175104K Free: 122330K (70%)


==== $PTII/ptolemy/actor/lib/test/SetVariable.tcl: SetVariable-3.1 changeFailed
==== Contents of test case:

    #Uses 2.1 above
    jdkCaptureErr {
        # This test was failing if we ran Exit.tcl and then this test.
        # MessageHandler.error() now actually throws the Exception.
	catch {$setVariable changeFailed [java::null]  [java::new Exception {Test exception for SetVariable.changeFailed()}]} errMsg
    } results
    list [string range $results 0 89] "\n" $errMsg

==== Result was:
{java.lang.Exception: Test exception for SetVariable.changeFailed()
	at java.base/jdk.inter} {
} {java.lang.RuntimeException: java.lang.Exception: Test exception for SetVariable.changeFailed()}
---- Result should have been:
{Failed to set variable.
java.lang.Exception: Test exception for SetVariable.changeFailed()} {
} {java.lang.RuntimeException: java.lang.Exception: Test exception for SetVariable.changeFailed()}
---- SetVariable-3.1 FAILED
/home/travis/build/icyphy/ptII/ptolemy/actor/lib/test/Sinewave.tcl
/home/travis/build/icyphy/ptII/ptolemy/actor/lib/test/SubscriptionAggregator.tcl
5 ms. Memory: 175104K Free: 110042K (63%)
3 ms. Memory: 175104K Free: 109514K (63%)
1 ms. Memory: 175104K Free: 109018K (62%)
1 ms. Memory: 175104K Free: 108504K (62%)
2 ms. Memory: 175104K Free: 105432K (60%)
8 ms. Memory: 175104K Free: 102874K (59%)
...............................................................1026 ms. Memory: 252928K Free: 98227K (39%)
/home/travis/build/icyphy/ptII/ptolemy/actor/lib/test/Test.tcl
 The next command will produce a warning about training mode,
   which may be ignored.
9 ms. Memory: 252928K Free: 96179K (38%)
3 ms. Memory: 252928K Free: 95665K (38%)
2 ms. Memory: 252928K Free: 95155K (38%)
10 ms. Memory: 252928K Free: 94131K (37%)
2 ms. Memory: 252928K Free: 93602K (37%)
5 ms. Memory: 252928K Free: 92578K (37%)
4 ms. Memory: 252928K Free: 91059K (36%)
 The next command will produce a warning about training mode,
   which may be ignored.
3 ms. Memory: 252928K Free: 89011K (35%)
 The next command will produce a warning about training mode,
   which may be ignored.
2 ms. Memory: 252928K Free: 87473K (35%)
2 ms. Memory: 252928K Free: 86963K (34%)
2 ms. Memory: 252928K Free: 86963K (34%)
3 ms. Memory: 252928K Free: 85939K (34%)
9 ms. Memory: 252928K Free: 85425K (34%)
5 ms. Memory: 252928K Free: 81329K (32%)
/home/travis/build/icyphy/ptII/ptolemy/actor/lib/test/TestExceptionHandler.tcl
 The next command will produce a warning about training mode,
   which may be ignored.
82 ms. Memory: 252928K Free: 207849K (82%)
1 ms. Memory: 252928K Free: 207339K (82%)
1 ms. Memory: 252928K Free: 206811K (82%)
/home/travis/build/icyphy/ptII/ptolemy/actor/lib/test/UnionDisassembler.tcl
15 ms. Memory: 252928K Free: 199147K (79%)
/home/travis/build/icyphy/ptII/ptolemy/actor/lib/test/VariableClock.tcl
preinitializing
resolving types
initializing
executing number 1
wrapping up
idle
4 ms. Memory: 252928K Free: 197609K (78%)
Completed execution with 11 iterations
preinitializing
resolving types
initializing
executing number 1
wrapping up
idle
4 ms. Memory: 252928K Free: 196075K (78%)
Completed execution with 10 iterations
10/26/19 06:16:28
Failed: 1  Total Tests: 234  ((Passed: 233, Newly Passed: 0)  Known Failed: 0) /home/travis/build/icyphy/ptII/ptolemy/actor/lib/test
----------------- testing (KnownFailure) /home/travis/build/icyphy/ptII/ptolemy/actor/lib/test/auto/knownFailedTests/PublisherPortToplevelSubscriber.xml
0 ms. Memory: 252928K Free: 192489K (76%)
Known Failure: java.lang.reflect.InvocationTargetException
----------------- testing (KnownFailure) /home/travis/build/icyphy/ptII/ptolemy/actor/lib/test/auto/knownFailedTests/PublisherSubscriberPortToplevel.xml
1 ms. Memory: 252928K Free: 188393K (74%)
Known Failure: java.lang.reflect.InvocationTargetException
----------------- testing (KnownFailure) /home/travis/build/icyphy/ptII/ptolemy/actor/lib/test/auto/knownFailedTests/PublisherSubscriptionAggregatorPort.xml
1 ms. Memory: 252928K Free: 184297K (73%)
Known Failure: java.lang.reflect.InvocationTargetException
----------------- testing (KnownFailure) /home/travis/build/icyphy/ptII/ptolemy/actor/lib/test/auto/knownFailedTests/sizedarray3.xml
7 ms. Memory: 252928K Free: 179691K (71%)
Known Failure: java.lang.reflect.InvocationTargetException
No auto/linux-amd64/*.xml tests in /home/travis/build/icyphy/ptII/ptolemy/actor/lib/test
AutoTests.java: About to close Vertx.
AutoTests.java: Vertx closed.

===========================================================================================
----------------- testing Sat Oct 26 06:16:29 UTC 2019 /home/travis/build/icyphy/ptII/ptolemy/actor/lib/test/auto/AbsoluteValue.xml
----------------- Instantiating /home/travis/build/icyphy/ptII/ptolemy/actor/lib/test/auto/AbsoluteValue.xml
12 ms. Memory: 252928K Free: 157163K (62%)
----------------- Invoking toplevel() on ptolemy.moml.MoMLSimpleApplication@d589556
----------------- Done invoking toplevel() on ptolemy.moml.MoMLSimpleApplication@d589556
reloadAllAccessors: .AbsoluteValue

===========================================================================================
----------------- testing Sat Oct 26 06:16:29 UTC 2019 /home/travis/build/icyphy/ptII/ptolemy/actor/lib/test/auto/AbsoluteValue2.xml
----------------- Instantiating /home/travis/build/icyphy/ptII/ptolemy/actor/lib/test/auto/AbsoluteValue2.xml
5 ms. Memory: 252928K Free: 149995K (59%)
----------------- Invoking toplevel() on ptolemy.moml.MoMLSimpleApplication@154b0f02
----------------- Done invoking toplevel() on ptolemy.moml.MoMLSimpleApplication@154b0f02
reloadAllAccessors: .AbsoluteValue2

===========================================================================================
----------------- testing Sat Oct 26 06:16:29 UTC 2019 /home/travis/build/icyphy/ptII/ptolemy/actor/lib/test/auto/Accumulator.xml
----------------- Instantiating /home/travis/build/icyphy/ptII/ptolemy/actor/lib/test/auto/Accumulator.xml
7 ms. Memory: 252928K Free: 143851K (57%)
----------------- Invoking toplevel() on ptolemy.moml.MoMLSimpleApplication@42734c28
----------------- Done invoking toplevel() on ptolemy.moml.MoMLSimpleApplication@42734c28
reloadAllAccessors: .Accumulator

===========================================================================================
----------------- testing Sat Oct 26 06:16:29 UTC 2019 /home/travis/build/icyphy/ptII/ptolemy/actor/lib/test/auto/Accumulator2.xml
----------------- Instantiating /home/travis/build/icyphy/ptII/ptolemy/actor/lib/test/auto/Accumulator2.xml
7 ms. Memory: 252928K Free: 138217K (55%)
----------------- Invoking toplevel() on ptolemy.moml.MoMLSimpleApplication@69c3a992
----------------- Done invoking toplevel() on ptolemy.moml.MoMLSimpleApplication@69c3a992
reloadAllAccessors: .Accumulator2

===========================================================================================
----------------- testing Sat Oct 26 06:16:29 UTC 2019 /home/travis/build/icyphy/ptII/ptolemy/actor/lib/test/auto/Accumulator3.xml
----------------- Instantiating /home/travis/build/icyphy/ptII/ptolemy/actor/lib/test/auto/Accumulator3.xml
3 ms. Memory: 252928K Free: 134121K (53%)
----------------- Invoking toplevel() on ptolemy.moml.MoMLSimpleApplication@635f3eda
----------------- Done invoking toplevel() on ptolemy.moml.MoMLSimpleApplication@635f3eda
reloadAllAccessors: .Accumulator3

===========================================================================================
----------------- testing Sat Oct 26 06:16:29 UTC 2019 /home/travis/build/icyphy/ptII/ptolemy/actor/lib/test/auto/ArrayAppend.xml
----------------- Instantiating /home/travis/build/icyphy/ptII/ptolemy/actor/lib/test/auto/ArrayAppend.xml
5 ms. Memory: 252928K Free: 128491K (51%)
----------------- Invoking toplevel() on ptolemy.moml.MoMLSimpleApplication@43f991bc
----------------- Done invoking toplevel() on ptolemy.moml.MoMLSimpleApplication@43f991bc
reloadAllAccessors: .ArrayAppend

===========================================================================================
----------------- testing Sat Oct 26 06:16:29 UTC 2019 /home/travis/build/icyphy/ptII/ptolemy/actor/lib/test/auto/ArrayAppend2.xml
----------------- Instantiating /home/travis/build/icyphy/ptII/ptolemy/actor/lib/test/auto/ArrayAppend2.xml
410 ms. Memory: 423936K Free: 369221K (87%)
----------------- Invoking toplevel() on ptolemy.moml.MoMLSimpleApplication@4e6a69d8
----------------- Done invoking toplevel() on ptolemy.moml.MoMLSimpleApplication@4e6a69d8
reloadAllAccessors: .ArrayAppend2

===========================================================================================
----------------- testing Sat Oct 26 06:16:29 UTC 2019 /home/travis/build/icyphy/ptII/ptolemy/actor/lib/test/auto/ArrayAppend3.xml
----------------- Instantiating /home/travis/build/icyphy/ptII/ptolemy/actor/lib/test/auto/ArrayAppend3.xml
5 ms. Memory: 423936K Free: 363077K (86%)
----------------- Invoking toplevel() on ptolemy.moml.MoMLSimpleApplication@2a78527a
----------------- Done invoking toplevel() on ptolemy.moml.MoMLSimpleApplication@2a78527a
reloadAllAccessors: .ArrayAppend3

===========================================================================================
----------------- testing Sat Oct 26 06:16:29 UTC 2019 /home/travis/build/icyphy/ptII/ptolemy/actor/lib/test/auto/ArrayAppend4.xml
----------------- Instantiating /home/travis/build/icyphy/ptII/ptolemy/actor/lib/test/auto/ArrayAppend4.xml
3 ms. Memory: 423936K Free: 357957K (84%)
----------------- Invoking toplevel() on ptolemy.moml.MoMLSimpleApplication@4245a56e
----------------- Done invoking toplevel() on ptolemy.moml.MoMLSimpleApplication@4245a56e
reloadAllAccessors: .ArrayAppend4

===========================================================================================
----------------- testing Sat Oct 26 06:16:29 UTC 2019 /home/travis/build/icyphy/ptII/ptolemy/actor/lib/test/auto/ArrayAppend5.xml
----------------- Instantiating /home/travis/build/icyphy/ptII/ptolemy/actor/lib/test/auto/ArrayAppend5.xml
3 ms. Memory: 423936K Free: 352837K (83%)
----------------- Invoking toplevel() on ptolemy.moml.MoMLSimpleApplication@16294282
----------------- Done invoking toplevel() on ptolemy.moml.MoMLSimpleApplication@16294282
reloadAllAccessors: .ArrayAppend5

===========================================================================================
----------------- testing Sat Oct 26 06:16:29 UTC 2019 /home/travis/build/icyphy/ptII/ptolemy/actor/lib/test/auto/ArrayAppend6.xml
----------------- Instantiating /home/travis/build/icyphy/ptII/ptolemy/actor/lib/test/auto/ArrayAppend6.xml
5 ms. Memory: 423936K Free: 347717K (82%)
----------------- Invoking toplevel() on ptolemy.moml.MoMLSimpleApplication@78efba5d
----------------- Done invoking toplevel() on ptolemy.moml.MoMLSimpleApplication@78efba5d
reloadAllAccessors: .ArrayAppend6

===========================================================================================
----------------- testing Sat Oct 26 06:16:30 UTC 2019 /home/travis/build/icyphy/ptII/ptolemy/actor/lib/test/auto/ArrayAppendPerformanceTest.xml
----------------- Instantiating /home/travis/build/icyphy/ptII/ptolemy/actor/lib/test/auto/ArrayAppendPerformanceTest.xml
35 ms. Memory: 423936K Free: 336453K (79%)
----------------- Invoking toplevel() on ptolemy.moml.MoMLSimpleApplication@536a9570
----------------- Done invoking toplevel() on ptolemy.moml.MoMLSimpleApplication@536a9570
reloadAllAccessors: .ArrayAppendPerformanceTest

===========================================================================================
----------------- testing Sat Oct 26 06:16:30 UTC 2019 /home/travis/build/icyphy/ptII/ptolemy/actor/lib/test/auto/ArrayAppendWithEmptyInput.xml
----------------- Instantiating /home/travis/build/icyphy/ptII/ptolemy/actor/lib/test/auto/ArrayAppendWithEmptyInput.xml
18 ms. Memory: 423936K Free: 328775K (78%)
----------------- Invoking toplevel() on ptolemy.moml.MoMLSimpleApplication@70e5d634
----------------- Done invoking toplevel() on ptolemy.moml.MoMLSimpleApplication@70e5d634
reloadAllAccessors: .ArrayAppendWithEmptyInput

===========================================================================================
----------------- testing Sat Oct 26 06:16:30 UTC 2019 /home/travis/build/icyphy/ptII/ptolemy/actor/lib/test/auto/ArrayAverage.xml
----------------- Instantiating /home/travis/build/icyphy/ptII/ptolemy/actor/lib/test/auto/ArrayAverage.xml
13 ms. Memory: 423936K Free: 321093K (76%)
----------------- Invoking toplevel() on ptolemy.moml.MoMLSimpleApplication@7fe5fd8e
----------------- Done invoking toplevel() on ptolemy.moml.MoMLSimpleApplication@7fe5fd8e
reloadAllAccessors: .ArrayAverage

===========================================================================================
----------------- testing Sat Oct 26 06:16:30 UTC 2019 /home/travis/build/icyphy/ptII/ptolemy/actor/lib/test/auto/ArrayContains.xml
----------------- Instantiating /home/travis/build/icyphy/ptII/ptolemy/actor/lib/test/auto/ArrayContains.xml
3 ms. Memory: 423936K Free: 314949K (74%)
----------------- Invoking toplevel() on ptolemy.moml.MoMLSimpleApplication@5da06fa0
----------------- Done invoking toplevel() on ptolemy.moml.MoMLSimpleApplication@5da06fa0
reloadAllAccessors: .ArrayContains

===========================================================================================
----------------- testing Sat Oct 26 06:16:30 UTC 2019 /home/travis/build/icyphy/ptII/ptolemy/actor/lib/test/auto/ArrayElement.xml
----------------- Instantiating /home/travis/build/icyphy/ptII/ptolemy/actor/lib/test/auto/ArrayElement.xml
9 ms. Memory: 423936K Free: 309798K (73%)
----------------- Invoking toplevel() on ptolemy.moml.MoMLSimpleApplication@448a4d88
----------------- Done invoking toplevel() on ptolemy.moml.MoMLSimpleApplication@448a4d88
reloadAllAccessors: .ArrayElement

===========================================================================================
----------------- testing Sat Oct 26 06:16:30 UTC 2019 /home/travis/build/icyphy/ptII/ptolemy/actor/lib/test/auto/ArrayElementAsMatrix.xml
----------------- Instantiating /home/travis/build/icyphy/ptII/ptolemy/actor/lib/test/auto/ArrayElementAsMatrix.xml
15 ms. Memory: 423936K Free: 299589K (71%)
----------------- Invoking toplevel() on ptolemy.moml.MoMLSimpleApplication@3aa21237
----------------- Done invoking toplevel() on ptolemy.moml.MoMLSimpleApplication@3aa21237
reloadAllAccessors: .ArrayElementAsMatrix

===========================================================================================
----------------- testing Sat Oct 26 06:16:30 UTC 2019 /home/travis/build/icyphy/ptII/ptolemy/actor/lib/test/auto/ArrayElementI.xml
----------------- Instantiating /home/travis/build/icyphy/ptII/ptolemy/actor/lib/test/auto/ArrayElementI.xml
4 ms. Memory: 423936K Free: 294469K (69%)
----------------- Invoking toplevel() on ptolemy.moml.MoMLSimpleApplication@7ba72c6c
----------------- Done invoking toplevel() on ptolemy.moml.MoMLSimpleApplication@7ba72c6c
reloadAllAccessors: .ArrayElementI

===========================================================================================
----------------- testing Sat Oct 26 06:16:30 UTC 2019 /home/travis/build/icyphy/ptII/ptolemy/actor/lib/test/auto/ArrayExtract.xml
----------------- Instantiating /home/travis/build/icyphy/ptII/ptolemy/actor/lib/test/auto/ArrayExtract.xml
12 ms. Memory: 423936K Free: 285767K (67%)
----------------- Invoking toplevel() on ptolemy.moml.MoMLSimpleApplication@46cbb1d9
----------------- Done invoking toplevel() on ptolemy.moml.MoMLSimpleApplication@46cbb1d9
reloadAllAccessors: .ArrayExtract

===========================================================================================
----------------- testing Sat Oct 26 06:16:30 UTC 2019 /home/travis/build/icyphy/ptII/ptolemy/actor/lib/test/auto/ArrayExtract2.xml
----------------- Instantiating /home/travis/build/icyphy/ptII/ptolemy/actor/lib/test/auto/ArrayExtract2.xml
3 ms. Memory: 423936K Free: 280647K (66%)
----------------- Invoking toplevel() on ptolemy.moml.MoMLSimpleApplication@651802ce
----------------- Done invoking toplevel() on ptolemy.moml.MoMLSimpleApplication@651802ce
reloadAllAccessors: .ArrayExtract2

===========================================================================================
----------------- testing Sat Oct 26 06:16:30 UTC 2019 /home/travis/build/icyphy/ptII/ptolemy/actor/lib/test/auto/ArrayLength.xml
----------------- Instantiating /home/travis/build/icyphy/ptII/ptolemy/actor/lib/test/auto/ArrayLength.xml
2 ms. Memory: 423936K Free: 276551K (65%)
----------------- Invoking toplevel() on ptolemy.moml.MoMLSimpleApplication@333213f2
----------------- Done invoking toplevel() on ptolemy.moml.MoMLSimpleApplication@333213f2
reloadAllAccessors: .ArrayLength

===========================================================================================
----------------- testing Sat Oct 26 06:16:30 UTC 2019 /home/travis/build/icyphy/ptII/ptolemy/actor/lib/test/auto/ArrayLevelCrossing.xml
----------------- Instantiating /home/travis/build/icyphy/ptII/ptolemy/actor/lib/test/auto/ArrayLevelCrossing.xml
6 ms. Memory: 423936K Free: 268869K (63%)
----------------- Invoking toplevel() on ptolemy.moml.MoMLSimpleApplication@70829b8d
----------------- Done invoking toplevel() on ptolemy.moml.MoMLSimpleApplication@70829b8d
reloadAllAccessors: .ArrayLevelCrossing

===========================================================================================
----------------- testing Sat Oct 26 06:16:30 UTC 2019 /home/travis/build/icyphy/ptII/ptolemy/actor/lib/test/auto/ArrayLevelCrossing2.xml
----------------- Instantiating /home/travis/build/icyphy/ptII/ptolemy/actor/lib/test/auto/ArrayLevelCrossing2.xml
3 ms. Memory: 423936K Free: 261191K (62%)
----------------- Invoking toplevel() on ptolemy.moml.MoMLSimpleApplication@8c3f277
----------------- Done invoking toplevel() on ptolemy.moml.MoMLSimpleApplication@8c3f277
reloadAllAccessors: .ArrayLevelCrossing2

===========================================================================================
----------------- testing Sat Oct 26 06:16:30 UTC 2019 /home/travis/build/icyphy/ptII/ptolemy/actor/lib/test/auto/ArrayPeakSearch.xml
----------------- Instantiating /home/travis/build/icyphy/ptII/ptolemy/actor/lib/test/auto/ArrayPeakSearch.xml
11 ms. Memory: 423936K Free: 252485K (60%)
----------------- Invoking toplevel() on ptolemy.moml.MoMLSimpleApplication@3025f399
----------------- Done invoking toplevel() on ptolemy.moml.MoMLSimpleApplication@3025f399
reloadAllAccessors: .ArrayPeakSearch

===========================================================================================
----------------- testing Sat Oct 26 06:16:30 UTC 2019 /home/travis/build/icyphy/ptII/ptolemy/actor/lib/test/auto/ArrayPeakSearch2.xml
----------------- Instantiating /home/travis/build/icyphy/ptII/ptolemy/actor/lib/test/auto/ArrayPeakSearch2.xml
5 ms. Memory: 423936K Free: 241735K (57%)
----------------- Invoking toplevel() on ptolemy.moml.MoMLSimpleApplication@1ce9415e
----------------- Done invoking toplevel() on ptolemy.moml.MoMLSimpleApplication@1ce9415e
reloadAllAccessors: .ArrayPeakSearch2

===========================================================================================
----------------- testing Sat Oct 26 06:16:30 UTC 2019 /home/travis/build/icyphy/ptII/ptolemy/actor/lib/test/auto/ArrayPeakSearch3.xml
----------------- Instantiating /home/travis/build/icyphy/ptII/ptolemy/actor/lib/test/auto/ArrayPeakSearch3.xml
5 ms. Memory: 423936K Free: 233029K (55%)
----------------- Invoking toplevel() on ptolemy.moml.MoMLSimpleApplication@1322a608
----------------- Done invoking toplevel() on ptolemy.moml.MoMLSimpleApplication@1322a608
reloadAllAccessors: .ArrayPeakSearch3

===========================================================================================
----------------- testing Sat Oct 26 06:16:30 UTC 2019 /home/travis/build/icyphy/ptII/ptolemy/actor/lib/test/auto/ArrayRemoveElement.xml
----------------- Instantiating /home/travis/build/icyphy/ptII/ptolemy/actor/lib/test/auto/ArrayRemoveElement.xml
4 ms. Memory: 423936K Free: 225351K (53%)
----------------- Invoking toplevel() on ptolemy.moml.MoMLSimpleApplication@7feebd66
----------------- Done invoking toplevel() on ptolemy.moml.MoMLSimpleApplication@7feebd66
reloadAllAccessors: .ArrayRemoveElement

===========================================================================================
----------------- testing Sat Oct 26 06:16:30 UTC 2019 /home/travis/build/icyphy/ptII/ptolemy/actor/lib/test/auto/ArraySort.xml
----------------- Instantiating /home/travis/build/icyphy/ptII/ptolemy/actor/lib/test/auto/ArraySort.xml
9 ms. Memory: 423936K Free: 216135K (51%)
----------------- Invoking toplevel() on ptolemy.moml.MoMLSimpleApplication@1aceae13
----------------- Done invoking toplevel() on ptolemy.moml.MoMLSimpleApplication@1aceae13
reloadAllAccessors: .ArraySort

===========================================================================================
----------------- testing Sat Oct 26 06:16:30 UTC 2019 /home/travis/build/icyphy/ptII/ptolemy/actor/lib/test/auto/ArraySum.xml
----------------- Instantiating /home/travis/build/icyphy/ptII/ptolemy/actor/lib/test/auto/ArraySum.xml
4 ms. Memory: 423936K Free: 211015K (50%)
----------------- Invoking toplevel() on ptolemy.moml.MoMLSimpleApplication@6ce94b2d
----------------- Done invoking toplevel() on ptolemy.moml.MoMLSimpleApplication@6ce94b2d
reloadAllAccessors: .ArraySum

===========================================================================================
----------------- testing Sat Oct 26 06:16:30 UTC 2019 /home/travis/build/icyphy/ptII/ptolemy/actor/lib/test/auto/ArrayToElements.xml
----------------- Instantiating /home/travis/build/icyphy/ptII/ptolemy/actor/lib/test/auto/ArrayToElements.xml
7 ms. Memory: 423936K Free: 205381K (48%)
----------------- Invoking toplevel() on ptolemy.moml.MoMLSimpleApplication@33510da2
----------------- Done invoking toplevel() on ptolemy.moml.MoMLSimpleApplication@33510da2
reloadAllAccessors: .ArrayToElements

===========================================================================================
----------------- testing Sat Oct 26 06:16:30 UTC 2019 /home/travis/build/icyphy/ptII/ptolemy/actor/lib/test/auto/ArrayToMatrix.xml
----------------- Instantiating /home/travis/build/icyphy/ptII/ptolemy/actor/lib/test/auto/ArrayToMatrix.xml
9 ms. Memory: 423936K Free: 191559K (45%)
----------------- Invoking toplevel() on ptolemy.moml.MoMLSimpleApplication@7dc3358a
----------------- Done invoking toplevel() on ptolemy.moml.MoMLSimpleApplication@7dc3358a
reloadAllAccessors: .ArrayToMatrix

===========================================================================================
----------------- testing Sat Oct 26 06:16:30 UTC 2019 /home/travis/build/icyphy/ptII/ptolemy/actor/lib/test/auto/ArrayUpdate1.xml
----------------- Instantiating /home/travis/build/icyphy/ptII/ptolemy/actor/lib/test/auto/ArrayUpdate1.xml
5 ms. Memory: 423936K Free: 186439K (44%)
----------------- Invoking toplevel() on ptolemy.moml.MoMLSimpleApplication@7c6fcb5b
----------------- Done invoking toplevel() on ptolemy.moml.MoMLSimpleApplication@7c6fcb5b
reloadAllAccessors: .ArrayUpdate1

===========================================================================================
----------------- testing Sat Oct 26 06:16:30 UTC 2019 /home/travis/build/icyphy/ptII/ptolemy/actor/lib/test/auto/ArrayUpdate2.xml
----------------- Instantiating /home/travis/build/icyphy/ptII/ptolemy/actor/lib/test/auto/ArrayUpdate2.xml
15 ms. Memory: 423936K Free: 180295K (43%)
----------------- Invoking toplevel() on ptolemy.moml.MoMLSimpleApplication@5b597c43
----------------- Done invoking toplevel() on ptolemy.moml.MoMLSimpleApplication@5b597c43
reloadAllAccessors: .ArrayUpdate2

===========================================================================================
----------------- testing Sat Oct 26 06:16:31 UTC 2019 /home/travis/build/icyphy/ptII/ptolemy/actor/lib/test/auto/ArrayUpdate3.xml
----------------- Instantiating /home/travis/build/icyphy/ptII/ptolemy/actor/lib/test/auto/ArrayUpdate3.xml
2 ms. Memory: 423936K Free: 175175K (41%)
----------------- Invoking toplevel() on ptolemy.moml.MoMLSimpleApplication@69e136a6
----------------- Done invoking toplevel() on ptolemy.moml.MoMLSimpleApplication@69e136a6
reloadAllAccessors: .ArrayUpdate3

===========================================================================================
----------------- testing Sat Oct 26 06:16:31 UTC 2019 /home/travis/build/icyphy/ptII/ptolemy/actor/lib/test/auto/Assert1.xml
----------------- Instantiating /home/travis/build/icyphy/ptII/ptolemy/actor/lib/test/auto/Assert1.xml
8 ms. Memory: 423936K Free: 171079K (40%)
----------------- Invoking toplevel() on ptolemy.moml.MoMLSimpleApplication@519509ac
----------------- Done invoking toplevel() on ptolemy.moml.MoMLSimpleApplication@519509ac
reloadAllAccessors: .Assert1

===========================================================================================
----------------- testing Sat Oct 26 06:16:31 UTC 2019 /home/travis/build/icyphy/ptII/ptolemy/actor/lib/test/auto/Assert2.xml
----------------- Instantiating /home/travis/build/icyphy/ptII/ptolemy/actor/lib/test/auto/Assert2.xml
2 ms. Memory: 423936K Free: 165445K (39%)
----------------- Invoking toplevel() on ptolemy.moml.MoMLSimpleApplication@70c9128c
----------------- Done invoking toplevel() on ptolemy.moml.MoMLSimpleApplication@70c9128c
reloadAllAccessors: .Assert2

===========================================================================================
----------------- testing Sat Oct 26 06:16:31 UTC 2019 /home/travis/build/icyphy/ptII/ptolemy/actor/lib/test/auto/BooleanMultiplexor.xml
----------------- Instantiating /home/travis/build/icyphy/ptII/ptolemy/actor/lib/test/auto/BooleanMultiplexor.xml
2 ms. Memory: 423936K Free: 373831K (88%)
----------------- Invoking toplevel() on ptolemy.moml.MoMLSimpleApplication@569b9850
----------------- Done invoking toplevel() on ptolemy.moml.MoMLSimpleApplication@569b9850
reloadAllAccessors: .BooleanMultiplexor

===========================================================================================
----------------- testing Sat Oct 26 06:16:31 UTC 2019 /home/travis/build/icyphy/ptII/ptolemy/actor/lib/test/auto/BooleanMultiplexor2.xml
----------------- Instantiating /home/travis/build/icyphy/ptII/ptolemy/actor/lib/test/auto/BooleanMultiplexor2.xml
11 ms. Memory: 423936K Free: 367167K (87%)
----------------- Invoking toplevel() on ptolemy.moml.MoMLSimpleApplication@33f24bda
----------------- Done invoking toplevel() on ptolemy.moml.MoMLSimpleApplication@33f24bda
reloadAllAccessors: .BooleanMultiplexor2

===========================================================================================
----------------- testing Sat Oct 26 06:16:31 UTC 2019 /home/travis/build/icyphy/ptII/ptolemy/actor/lib/test/auto/BooleanMultiplexor3.xml
----------------- Instantiating /home/travis/build/icyphy/ptII/ptolemy/actor/lib/test/auto/BooleanMultiplexor3.xml
5 ms. Memory: 423936K Free: 363077K (86%)
----------------- Invoking toplevel() on ptolemy.moml.MoMLSimpleApplication@102a46fe
----------------- Done invoking toplevel() on ptolemy.moml.MoMLSimpleApplication@102a46fe
reloadAllAccessors: .BooleanMultiplexor3

===========================================================================================
----------------- testing Sat Oct 26 06:16:31 UTC 2019 /home/travis/build/icyphy/ptII/ptolemy/actor/lib/test/auto/BooleanSelect.xml
----------------- Instantiating /home/travis/build/icyphy/ptII/ptolemy/actor/lib/test/auto/BooleanSelect.xml
10 ms. Memory: 423936K Free: 357447K (84%)
----------------- Invoking toplevel() on ptolemy.moml.MoMLSimpleApplication@466b1d11
----------------- Done invoking toplevel() on ptolemy.moml.MoMLSimpleApplication@466b1d11
reloadAllAccessors: .BooleanSelect

===========================================================================================
----------------- testing Sat Oct 26 06:16:31 UTC 2019 /home/travis/build/icyphy/ptII/ptolemy/actor/lib/test/auto/BooleanSelect2.xml
----------------- Instantiating /home/travis/build/icyphy/ptII/ptolemy/actor/lib/test/auto/BooleanSelect2.xml
4 ms. Memory: 423936K Free: 352837K (83%)
----------------- Invoking toplevel() on ptolemy.moml.MoMLSimpleApplication@1d2fd320
----------------- Done invoking toplevel() on ptolemy.moml.MoMLSimpleApplication@1d2fd320
reloadAllAccessors: .BooleanSelect2

===========================================================================================
----------------- testing Sat Oct 26 06:16:31 UTC 2019 /home/travis/build/icyphy/ptII/ptolemy/actor/lib/test/auto/BooleanSwitch.xml
----------------- Instantiating /home/travis/build/icyphy/ptII/ptolemy/actor/lib/test/auto/BooleanSwitch.xml
11 ms. Memory: 423936K Free: 347207K (82%)
----------------- Invoking toplevel() on ptolemy.moml.MoMLSimpleApplication@942ba81
----------------- Done invoking toplevel() on ptolemy.moml.MoMLSimpleApplication@942ba81
reloadAllAccessors: .BooleanSwitch

===========================================================================================
----------------- testing Sat Oct 26 06:16:31 UTC 2019 /home/travis/build/icyphy/ptII/ptolemy/actor/lib/test/auto/BooleanSwitch2.xml
----------------- Instantiating /home/travis/build/icyphy/ptII/ptolemy/actor/lib/test/auto/BooleanSwitch2.xml
3 ms. Memory: 423936K Free: 342597K (81%)
----------------- Invoking toplevel() on ptolemy.moml.MoMLSimpleApplication@786c5e75
----------------- Done invoking toplevel() on ptolemy.moml.MoMLSimpleApplication@786c5e75
reloadAllAccessors: .BooleanSwitch2

===========================================================================================
----------------- testing Sat Oct 26 06:16:31 UTC 2019 /home/travis/build/icyphy/ptII/ptolemy/actor/lib/test/auto/BooleanSwitchCloningBugWithClassRelationGroup.xml
----------------- Instantiating /home/travis/build/icyphy/ptII/ptolemy/actor/lib/test/auto/BooleanSwitchCloningBugWithClassRelationGroup.xml
4 ms. Memory: 423936K Free: 336967K (79%)
----------------- Invoking toplevel() on ptolemy.moml.MoMLSimpleApplication@753a20d5
----------------- Done invoking toplevel() on ptolemy.moml.MoMLSimpleApplication@753a20d5
reloadAllAccessors: .BooleanSwitchCloningBugWithClassRelationGroup

===========================================================================================
----------------- testing Sat Oct 26 06:16:31 UTC 2019 /home/travis/build/icyphy/ptII/ptolemy/actor/lib/test/auto/BusActors.xml
----------------- Instantiating /home/travis/build/icyphy/ptII/ptolemy/actor/lib/test/auto/BusActors.xml
8 ms. Memory: 423936K Free: 328775K (78%)
----------------- Invoking toplevel() on ptolemy.moml.MoMLSimpleApplication@2ca68f60
----------------- Done invoking toplevel() on ptolemy.moml.MoMLSimpleApplication@2ca68f60
reloadAllAccessors: .BusActors

===========================================================================================
----------------- testing Sat Oct 26 06:16:31 UTC 2019 /home/travis/build/icyphy/ptII/ptolemy/actor/lib/test/auto/ClassWrapper.xml
----------------- Instantiating /home/travis/build/icyphy/ptII/ptolemy/actor/lib/test/auto/ClassWrapper.xml
3 ms. Memory: 423936K Free: 324679K (77%)
----------------- Invoking toplevel() on ptolemy.moml.MoMLSimpleApplication@495e9ab5
----------------- Done invoking toplevel() on ptolemy.moml.MoMLSimpleApplication@495e9ab5
reloadAllAccessors: .ClassWrapper

===========================================================================================
----------------- testing Sat Oct 26 06:16:31 UTC 2019 /home/travis/build/icyphy/ptII/ptolemy/actor/lib/test/auto/Clock.xml
----------------- Instantiating /home/travis/build/icyphy/ptII/ptolemy/actor/lib/test/auto/Clock.xml
2 ms. Memory: 423936K Free: 320583K (76%)
----------------- Invoking toplevel() on ptolemy.moml.MoMLSimpleApplication@7726c403
----------------- Done invoking toplevel() on ptolemy.moml.MoMLSimpleApplication@7726c403
reloadAllAccessors: .Clock

===========================================================================================
----------------- testing Sat Oct 26 06:16:31 UTC 2019 /home/travis/build/icyphy/ptII/ptolemy/actor/lib/test/auto/Clock10.xml
----------------- Instantiating /home/travis/build/icyphy/ptII/ptolemy/actor/lib/test/auto/Clock10.xml
3 ms. Memory: 423936K Free: 314949K (74%)
----------------- Invoking toplevel() on ptolemy.moml.MoMLSimpleApplication@380f91de
----------------- Done invoking toplevel() on ptolemy.moml.MoMLSimpleApplication@380f91de
reloadAllAccessors: .Clock10

===========================================================================================
----------------- testing Sat Oct 26 06:16:31 UTC 2019 /home/travis/build/icyphy/ptII/ptolemy/actor/lib/test/auto/Clock11.xml
----------------- Instantiating /home/travis/build/icyphy/ptII/ptolemy/actor/lib/test/auto/Clock11.xml
5 ms. Memory: 423936K Free: 308805K (73%)
----------------- Invoking toplevel() on ptolemy.moml.MoMLSimpleApplication@32f6114e
----------------- Done invoking toplevel() on ptolemy.moml.MoMLSimpleApplication@32f6114e
reloadAllAccessors: .Clock11

===========================================================================================
----------------- testing Sat Oct 26 06:16:31 UTC 2019 /home/travis/build/icyphy/ptII/ptolemy/actor/lib/test/auto/Clock12.xml
----------------- Instantiating /home/travis/build/icyphy/ptII/ptolemy/actor/lib/test/auto/Clock12.xml
4 ms. Memory: 423936K Free: 303175K (72%)
----------------- Invoking toplevel() on ptolemy.moml.MoMLSimpleApplication@3310083b
----------------- Done invoking toplevel() on ptolemy.moml.MoMLSimpleApplication@3310083b
reloadAllAccessors: .Clock12

===========================================================================================
----------------- testing Sat Oct 26 06:16:31 UTC 2019 /home/travis/build/icyphy/ptII/ptolemy/actor/lib/test/auto/Clock13.xml
----------------- Instantiating /home/travis/build/icyphy/ptII/ptolemy/actor/lib/test/auto/Clock13.xml
2 ms. Memory: 423936K Free: 297031K (70%)
----------------- Invoking toplevel() on ptolemy.moml.MoMLSimpleApplication@53efd7f1
----------------- Done invoking toplevel() on ptolemy.moml.MoMLSimpleApplication@53efd7f1
reloadAllAccessors: .Clock13

===========================================================================================
----------------- testing Sat Oct 26 06:16:31 UTC 2019 /home/travis/build/icyphy/ptII/ptolemy/actor/lib/test/auto/Clock14.xml
----------------- Instantiating /home/travis/build/icyphy/ptII/ptolemy/actor/lib/test/auto/Clock14.xml
6 ms. Memory: 423936K Free: 291390K (69%)
----------------- Invoking toplevel() on ptolemy.moml.MoMLSimpleApplication@3229706
----------------- Done invoking toplevel() on ptolemy.moml.MoMLSimpleApplication@3229706
reloadAllAccessors: .Clock14

===========================================================================================
----------------- testing Sat Oct 26 06:16:31 UTC 2019 /home/travis/build/icyphy/ptII/ptolemy/actor/lib/test/auto/Clock15.xml
----------------- Instantiating /home/travis/build/icyphy/ptII/ptolemy/actor/lib/test/auto/Clock15.xml
4 ms. Memory: 423936K Free: 285238K (67%)
----------------- Invoking toplevel() on ptolemy.moml.MoMLSimpleApplication@5f627726
----------------- Done invoking toplevel() on ptolemy.moml.MoMLSimpleApplication@5f627726
reloadAllAccessors: .Clock15

===========================================================================================
----------------- testing Sat Oct 26 06:16:31 UTC 2019 /home/travis/build/icyphy/ptII/ptolemy/actor/lib/test/auto/Clock16.xml
----------------- Instantiating /home/travis/build/icyphy/ptII/ptolemy/actor/lib/test/auto/Clock16.xml
28 ms. Memory: 423936K Free: 269878K (64%)
----------------- Invoking toplevel() on ptolemy.moml.MoMLSimpleApplication@2d85f238
----------------- Done invoking toplevel() on ptolemy.moml.MoMLSimpleApplication@2d85f238
reloadAllAccessors: .Clock16

===========================================================================================
----------------- testing Sat Oct 26 06:16:31 UTC 2019 /home/travis/build/icyphy/ptII/ptolemy/actor/lib/test/auto/Clock17.xml
----------------- Instantiating /home/travis/build/icyphy/ptII/ptolemy/actor/lib/test/auto/Clock17.xml
13 ms. Memory: 423936K Free: 256071K (60%)
----------------- Invoking toplevel() on ptolemy.moml.MoMLSimpleApplication@1fcab69a
----------------- Done invoking toplevel() on ptolemy.moml.MoMLSimpleApplication@1fcab69a
reloadAllAccessors: .Clock17

===========================================================================================
----------------- testing Sat Oct 26 06:16:31 UTC 2019 /home/travis/build/icyphy/ptII/ptolemy/actor/lib/test/auto/Clock18.xml
----------------- Instantiating /home/travis/build/icyphy/ptII/ptolemy/actor/lib/test/auto/Clock18.xml
18 ms. Memory: 423936K Free: 242245K (57%)
----------------- Invoking toplevel() on ptolemy.moml.MoMLSimpleApplication@3bdbbf02
----------------- Done invoking toplevel() on ptolemy.moml.MoMLSimpleApplication@3bdbbf02
reloadAllAccessors: .Clock18

===========================================================================================
----------------- testing Sat Oct 26 06:16:31 UTC 2019 /home/travis/build/icyphy/ptII/ptolemy/actor/lib/test/auto/Clock19.xml
----------------- Instantiating /home/travis/build/icyphy/ptII/ptolemy/actor/lib/test/auto/Clock19.xml
13 ms. Memory: 423936K Free: 229447K (54%)
----------------- Invoking toplevel() on ptolemy.moml.MoMLSimpleApplication@2c427262
----------------- Done invoking toplevel() on ptolemy.moml.MoMLSimpleApplication@2c427262
reloadAllAccessors: .Clock19

===========================================================================================
----------------- testing Sat Oct 26 06:16:31 UTC 2019 /home/travis/build/icyphy/ptII/ptolemy/actor/lib/test/auto/Clock2.xml
----------------- Instantiating /home/travis/build/icyphy/ptII/ptolemy/actor/lib/test/auto/Clock2.xml
3 ms. Memory: 423936K Free: 224822K (53%)
----------------- Invoking toplevel() on ptolemy.moml.MoMLSimpleApplication@397ae8b8
----------------- Done invoking toplevel() on ptolemy.moml.MoMLSimpleApplication@397ae8b8
reloadAllAccessors: .Clock2

===========================================================================================
----------------- testing Sat Oct 26 06:16:31 UTC 2019 /home/travis/build/icyphy/ptII/ptolemy/actor/lib/test/auto/Clock20.xml
----------------- Instantiating /home/travis/build/icyphy/ptII/ptolemy/actor/lib/test/auto/Clock20.xml
12 ms. Memory: 423936K Free: 219717K (52%)
----------------- Invoking toplevel() on ptolemy.moml.MoMLSimpleApplication@3931f3aa
----------------- Done invoking toplevel() on ptolemy.moml.MoMLSimpleApplication@3931f3aa
reloadAllAccessors: .Clock20

===========================================================================================
----------------- testing Sat Oct 26 06:16:31 UTC 2019 /home/travis/build/icyphy/ptII/ptolemy/actor/lib/test/auto/Clock21.xml
----------------- Instantiating /home/travis/build/icyphy/ptII/ptolemy/actor/lib/test/auto/Clock21.xml
5 ms. Memory: 423936K Free: 214087K (50%)
----------------- Invoking toplevel() on ptolemy.moml.MoMLSimpleApplication@65ed81bd
----------------- Done invoking toplevel() on ptolemy.moml.MoMLSimpleApplication@65ed81bd
reloadAllAccessors: .Clock21

===========================================================================================
----------------- testing Sat Oct 26 06:16:31 UTC 2019 /home/travis/build/icyphy/ptII/ptolemy/actor/lib/test/auto/Clock22.xml
----------------- Instantiating /home/travis/build/icyphy/ptII/ptolemy/actor/lib/test/auto/Clock22.xml
3 ms. Memory: 423936K Free: 208453K (49%)
----------------- Invoking toplevel() on ptolemy.moml.MoMLSimpleApplication@a280494
----------------- Done invoking toplevel() on ptolemy.moml.MoMLSimpleApplication@a280494
reloadAllAccessors: .Clock22

===========================================================================================
----------------- testing Sat Oct 26 06:16:31 UTC 2019 /home/travis/build/icyphy/ptII/ptolemy/actor/lib/test/auto/Clock23.xml
----------------- Instantiating /home/travis/build/icyphy/ptII/ptolemy/actor/lib/test/auto/Clock23.xml
7 ms. Memory: 423936K Free: 203333K (48%)
----------------- Invoking toplevel() on ptolemy.moml.MoMLSimpleApplication@7476b8da
----------------- Done invoking toplevel() on ptolemy.moml.MoMLSimpleApplication@7476b8da
reloadAllAccessors: .Clock23

===========================================================================================
----------------- testing Sat Oct 26 06:16:31 UTC 2019 /home/travis/build/icyphy/ptII/ptolemy/actor/lib/test/auto/Clock24.xml
----------------- Instantiating /home/travis/build/icyphy/ptII/ptolemy/actor/lib/test/auto/Clock24.xml
5 ms. Memory: 423936K Free: 197703K (47%)
----------------- Invoking toplevel() on ptolemy.moml.MoMLSimpleApplication@5ccd7722
----------------- Done invoking toplevel() on ptolemy.moml.MoMLSimpleApplication@5ccd7722
reloadAllAccessors: .Clock24

===========================================================================================
----------------- testing Sat Oct 26 06:16:31 UTC 2019 /home/travis/build/icyphy/ptII/ptolemy/actor/lib/test/auto/Clock4.xml
----------------- Instantiating /home/travis/build/icyphy/ptII/ptolemy/actor/lib/test/auto/Clock4.xml
2 ms. Memory: 423936K Free: 193086K (46%)
----------------- Invoking toplevel() on ptolemy.moml.MoMLSimpleApplication@3b722d8a
----------------- Done invoking toplevel() on ptolemy.moml.MoMLSimpleApplication@3b722d8a
reloadAllAccessors: .Clock4

===========================================================================================
----------------- testing Sat Oct 26 06:16:31 UTC 2019 /home/travis/build/icyphy/ptII/ptolemy/actor/lib/test/auto/Clock5.xml
----------------- Instantiating /home/travis/build/icyphy/ptII/ptolemy/actor/lib/test/auto/Clock5.xml
2 ms. Memory: 423936K Free: 187463K (44%)
----------------- Invoking toplevel() on ptolemy.moml.MoMLSimpleApplication@3fcb90a8
----------------- Done invoking toplevel() on ptolemy.moml.MoMLSimpleApplication@3fcb90a8
reloadAllAccessors: .Clock5

===========================================================================================
----------------- testing Sat Oct 26 06:16:31 UTC 2019 /home/travis/build/icyphy/ptII/ptolemy/actor/lib/test/auto/Clock6.xml
----------------- Instantiating /home/travis/build/icyphy/ptII/ptolemy/actor/lib/test/auto/Clock6.xml
1 ms. Memory: 423936K Free: 183862K (43%)
----------------- Invoking toplevel() on ptolemy.moml.MoMLSimpleApplication@5c1f6fc8
----------------- Done invoking toplevel() on ptolemy.moml.MoMLSimpleApplication@5c1f6fc8
reloadAllAccessors: .Clock6

===========================================================================================
----------------- testing Sat Oct 26 06:16:31 UTC 2019 /home/travis/build/icyphy/ptII/ptolemy/actor/lib/test/auto/Clock7.xml
----------------- Instantiating /home/travis/build/icyphy/ptII/ptolemy/actor/lib/test/auto/Clock7.xml
3 ms. Memory: 423936K Free: 178757K (42%)
----------------- Invoking toplevel() on ptolemy.moml.MoMLSimpleApplication@3ba15713
----------------- Done invoking toplevel() on ptolemy.moml.MoMLSimpleApplication@3ba15713
reloadAllAccessors: .Clock7

===========================================================================================
----------------- testing Sat Oct 26 06:16:32 UTC 2019 /home/travis/build/icyphy/ptII/ptolemy/actor/lib/test/auto/Clock8.xml
----------------- Instantiating /home/travis/build/icyphy/ptII/ptolemy/actor/lib/test/auto/Clock8.xml
4 ms. Memory: 423936K Free: 173127K (41%)
----------------- Invoking toplevel() on ptolemy.moml.MoMLSimpleApplication@487367cd
----------------- Done invoking toplevel() on ptolemy.moml.MoMLSimpleApplication@487367cd
reloadAllAccessors: .Clock8

===========================================================================================
----------------- testing Sat Oct 26 06:16:32 UTC 2019 /home/travis/build/icyphy/ptII/ptolemy/actor/lib/test/auto/Clock9.xml
----------------- Instantiating /home/travis/build/icyphy/ptII/ptolemy/actor/lib/test/auto/Clock9.xml
5 ms. Memory: 423936K Free: 168007K (40%)
----------------- Invoking toplevel() on ptolemy.moml.MoMLSimpleApplication@3333ec46
----------------- Done invoking toplevel() on ptolemy.moml.MoMLSimpleApplication@3333ec46
reloadAllAccessors: .Clock9

===========================================================================================
----------------- testing Sat Oct 26 06:16:32 UTC 2019 /home/travis/build/icyphy/ptII/ptolemy/actor/lib/test/auto/CommDistDiscard.xml
----------------- Instantiating /home/travis/build/icyphy/ptII/ptolemy/actor/lib/test/auto/CommDistDiscard.xml
4 ms. Memory: 423936K Free: 162373K (38%)
----------------- Invoking toplevel() on ptolemy.moml.MoMLSimpleApplication@6610b847
----------------- Done invoking toplevel() on ptolemy.moml.MoMLSimpleApplication@6610b847
reloadAllAccessors: .CommDistDiscard

===========================================================================================
----------------- testing Sat Oct 26 06:16:32 UTC 2019 /home/travis/build/icyphy/ptII/ptolemy/actor/lib/test/auto/Commutator.xml
----------------- Instantiating /home/travis/build/icyphy/ptII/ptolemy/actor/lib/test/auto/Commutator.xml
1 ms. Memory: 423936K Free: 158277K (37%)
----------------- Invoking toplevel() on ptolemy.moml.MoMLSimpleApplication@28d1a1ee
----------------- Done invoking toplevel() on ptolemy.moml.MoMLSimpleApplication@28d1a1ee
reloadAllAccessors: .Commutator

===========================================================================================
----------------- testing Sat Oct 26 06:16:32 UTC 2019 /home/travis/build/icyphy/ptII/ptolemy/actor/lib/test/auto/Commutator2.xml
----------------- Instantiating /home/travis/build/icyphy/ptII/ptolemy/actor/lib/test/auto/Commutator2.xml
2 ms. Memory: 423936K Free: 153671K (36%)
----------------- Invoking toplevel() on ptolemy.moml.MoMLSimpleApplication@1a6c0c93
----------------- Done invoking toplevel() on ptolemy.moml.MoMLSimpleApplication@1a6c0c93
reloadAllAccessors: .Commutator2

===========================================================================================
----------------- testing Sat Oct 26 06:16:32 UTC 2019 /home/travis/build/icyphy/ptII/ptolemy/actor/lib/test/auto/Commutator3.xml
----------------- Instantiating /home/travis/build/icyphy/ptII/ptolemy/actor/lib/test/auto/Commutator3.xml
3 ms. Memory: 423936K Free: 149061K (35%)
----------------- Invoking toplevel() on ptolemy.moml.MoMLSimpleApplication@1a7e4eda
----------------- Done invoking toplevel() on ptolemy.moml.MoMLSimpleApplication@1a7e4eda
reloadAllAccessors: .Commutator3

===========================================================================================
----------------- testing Sat Oct 26 06:16:32 UTC 2019 /home/travis/build/icyphy/ptII/ptolemy/actor/lib/test/auto/Compare.xml
----------------- Instantiating /home/travis/build/icyphy/ptII/ptolemy/actor/lib/test/auto/Compare.xml
2 ms. Memory: 423936K Free: 142917K (34%)
----------------- Invoking toplevel() on ptolemy.moml.MoMLSimpleApplication@54563988
----------------- Done invoking toplevel() on ptolemy.moml.MoMLSimpleApplication@54563988
reloadAllAccessors: .Compare

===========================================================================================
----------------- testing Sat Oct 26 06:16:32 UTC 2019 /home/travis/build/icyphy/ptII/ptolemy/actor/lib/test/auto/CompareDE.xml
----------------- Instantiating /home/travis/build/icyphy/ptII/ptolemy/actor/lib/test/auto/CompareDE.xml
4 ms. Memory: 423936K Free: 135734K (32%)
----------------- Invoking toplevel() on ptolemy.moml.MoMLSimpleApplication@6029d376
----------------- Done invoking toplevel() on ptolemy.moml.MoMLSimpleApplication@6029d376
reloadAllAccessors: .CompareDE

===========================================================================================
----------------- testing Sat Oct 26 06:16:32 UTC 2019 /home/travis/build/icyphy/ptII/ptolemy/actor/lib/test/auto/ComplexDivide.xml
----------------- Instantiating /home/travis/build/icyphy/ptII/ptolemy/actor/lib/test/auto/ComplexDivide.xml
1 ms. Memory: 423936K Free: 374613K (88%)
----------------- Invoking toplevel() on ptolemy.moml.MoMLSimpleApplication@650af478
----------------- Done invoking toplevel() on ptolemy.moml.MoMLSimpleApplication@650af478
reloadAllAccessors: .ComplexDivide

===========================================================================================
----------------- testing Sat Oct 26 06:16:32 UTC 2019 /home/travis/build/icyphy/ptII/ptolemy/actor/lib/test/auto/ComputeHistogram.xml
----------------- Instantiating /home/travis/build/icyphy/ptII/ptolemy/actor/lib/test/auto/ComputeHistogram.xml
38 ms. Memory: 423936K Free: 361625K (85%)
----------------- Invoking toplevel() on ptolemy.moml.MoMLSimpleApplication@9a7d63f
----------------- Done invoking toplevel() on ptolemy.moml.MoMLSimpleApplication@9a7d63f
reloadAllAccessors: .ComputeHistogram

===========================================================================================
----------------- testing Sat Oct 26 06:16:32 UTC 2019 /home/travis/build/icyphy/ptII/ptolemy/actor/lib/test/auto/ConfigurationSelect.xml
----------------- Instantiating /home/travis/build/icyphy/ptII/ptolemy/actor/lib/test/auto/ConfigurationSelect.xml
10 ms. Memory: 423936K Free: 356491K (84%)
----------------- Invoking toplevel() on ptolemy.moml.MoMLSimpleApplication@7928f574
----------------- Done invoking toplevel() on ptolemy.moml.MoMLSimpleApplication@7928f574
reloadAllAccessors: .ConfigurationSelect

===========================================================================================
----------------- testing Sat Oct 26 06:16:32 UTC 2019 /home/travis/build/icyphy/ptII/ptolemy/actor/lib/test/auto/ConfigurationSelect2.xml
----------------- Instantiating /home/travis/build/icyphy/ptII/ptolemy/actor/lib/test/auto/ConfigurationSelect2.xml
2 ms. Memory: 423936K Free: 351899K (83%)
----------------- Invoking toplevel() on ptolemy.moml.MoMLSimpleApplication@56b9e9c6
----------------- Done invoking toplevel() on ptolemy.moml.MoMLSimpleApplication@56b9e9c6
reloadAllAccessors: .ConfigurationSelect2

===========================================================================================
----------------- testing Sat Oct 26 06:16:32 UTC 2019 /home/travis/build/icyphy/ptII/ptolemy/actor/lib/test/auto/ConfigurationSwitch.xml
----------------- Instantiating /home/travis/build/icyphy/ptII/ptolemy/actor/lib/test/auto/ConfigurationSwitch.xml
3 ms. Memory: 423936K Free: 346265K (82%)
----------------- Invoking toplevel() on ptolemy.moml.MoMLSimpleApplication@692ab0cc
----------------- Done invoking toplevel() on ptolemy.moml.MoMLSimpleApplication@692ab0cc
reloadAllAccessors: .ConfigurationSwitch

===========================================================================================
----------------- testing Sat Oct 26 06:16:32 UTC 2019 /home/travis/build/icyphy/ptII/ptolemy/actor/lib/test/auto/ConfigurationSwitch2.xml
----------------- Instantiating /home/travis/build/icyphy/ptII/ptolemy/actor/lib/test/auto/ConfigurationSwitch2.xml
4 ms. Memory: 423936K Free: 341145K (80%)
----------------- Invoking toplevel() on ptolemy.moml.MoMLSimpleApplication@41c53a34
----------------- Done invoking toplevel() on ptolemy.moml.MoMLSimpleApplication@41c53a34
reloadAllAccessors: .ConfigurationSwitch2

===========================================================================================
----------------- testing Sat Oct 26 06:16:32 UTC 2019 /home/travis/build/icyphy/ptII/ptolemy/actor/lib/test/auto/ConfigurationSwitchCloningBugWithClassRelationGroup.xml
----------------- Instantiating /home/travis/build/icyphy/ptII/ptolemy/actor/lib/test/auto/ConfigurationSwitchCloningBugWithClassRelationGroup.xml
2 ms. Memory: 423936K Free: 334491K (79%)
----------------- Invoking toplevel() on ptolemy.moml.MoMLSimpleApplication@281cb9ef
----------------- Done invoking toplevel() on ptolemy.moml.MoMLSimpleApplication@281cb9ef
reloadAllAccessors: .ConfigurationSwitchCloningBugWithClassRelationGroup

===========================================================================================
----------------- testing Sat Oct 26 06:16:32 UTC 2019 /home/travis/build/icyphy/ptII/ptolemy/actor/lib/test/auto/ConfigurationSwitchSelectSDF.xml
----------------- Instantiating /home/travis/build/icyphy/ptII/ptolemy/actor/lib/test/auto/ConfigurationSwitchSelectSDF.xml
5 ms. Memory: 423936K Free: 328347K (77%)
----------------- Invoking toplevel() on ptolemy.moml.MoMLSimpleApplication@246abbe8
----------------- Done invoking toplevel() on ptolemy.moml.MoMLSimpleApplication@246abbe8
reloadAllAccessors: .ConfigurationSwitchSelectSDF

===========================================================================================
----------------- testing Sat Oct 26 06:16:32 UTC 2019 /home/travis/build/icyphy/ptII/ptolemy/actor/lib/test/auto/ConfigurationSwitchSelectSDF2.xml
----------------- Instantiating /home/travis/build/icyphy/ptII/ptolemy/actor/lib/test/auto/ConfigurationSwitchSelectSDF2.xml
2 ms. Memory: 423936K Free: 322713K (76%)
----------------- Invoking toplevel() on ptolemy.moml.MoMLSimpleApplication@27001bbe
----------------- Done invoking toplevel() on ptolemy.moml.MoMLSimpleApplication@27001bbe
reloadAllAccessors: .ConfigurationSwitchSelectSDF2

===========================================================================================
----------------- testing Sat Oct 26 06:16:32 UTC 2019 /home/travis/build/icyphy/ptII/ptolemy/actor/lib/test/auto/Const.xml
----------------- Instantiating /home/travis/build/icyphy/ptII/ptolemy/actor/lib/test/auto/Const.xml
2 ms. Memory: 423936K Free: 319131K (75%)
----------------- Invoking toplevel() on ptolemy.moml.MoMLSimpleApplication@431ba311
----------------- Done invoking toplevel() on ptolemy.moml.MoMLSimpleApplication@431ba311
reloadAllAccessors: .Const

===========================================================================================
----------------- testing Sat Oct 26 06:16:32 UTC 2019 /home/travis/build/icyphy/ptII/ptolemy/actor/lib/test/auto/Const2.xml
----------------- Instantiating /home/travis/build/icyphy/ptII/ptolemy/actor/lib/test/auto/Const2.xml
1 ms. Memory: 423936K Free: 315545K (74%)
----------------- Invoking toplevel() on ptolemy.moml.MoMLSimpleApplication@5674953
----------------- Done invoking toplevel() on ptolemy.moml.MoMLSimpleApplication@5674953
reloadAllAccessors: .Const2

===========================================================================================
----------------- testing Sat Oct 26 06:16:32 UTC 2019 /home/travis/build/icyphy/ptII/ptolemy/actor/lib/test/auto/Const3.xml
----------------- Instantiating /home/travis/build/icyphy/ptII/ptolemy/actor/lib/test/auto/Const3.xml
1 ms. Memory: 423936K Free: 312473K (74%)
----------------- Invoking toplevel() on ptolemy.moml.MoMLSimpleApplication@6b9b186e
----------------- Done invoking toplevel() on ptolemy.moml.MoMLSimpleApplication@6b9b186e
reloadAllAccessors: .Const3

===========================================================================================
----------------- testing Sat Oct 26 06:16:32 UTC 2019 /home/travis/build/icyphy/ptII/ptolemy/actor/lib/test/auto/ConstantPublisherPort1.xml
----------------- Instantiating /home/travis/build/icyphy/ptII/ptolemy/actor/lib/test/auto/ConstantPublisherPort1.xml
6 ms. Memory: 423936K Free: 303771K (72%)
----------------- Invoking toplevel() on ptolemy.moml.MoMLSimpleApplication@5b510de7
----------------- Done invoking toplevel() on ptolemy.moml.MoMLSimpleApplication@5b510de7
reloadAllAccessors: .ConstantPublisherPort1

===========================================================================================
----------------- testing Sat Oct 26 06:16:32 UTC 2019 /home/travis/build/icyphy/ptII/ptolemy/actor/lib/test/auto/ConstantPublisherPort2.xml
----------------- Instantiating /home/travis/build/icyphy/ptII/ptolemy/actor/lib/test/auto/ConstantPublisherPort2.xml
10 ms. Memory: 423936K Free: 296603K (70%)
----------------- Invoking toplevel() on ptolemy.moml.MoMLSimpleApplication@130a7157
----------------- Done invoking toplevel() on ptolemy.moml.MoMLSimpleApplication@130a7157
reloadAllAccessors: .ConstantPublisherPort2

===========================================================================================
----------------- testing Sat Oct 26 06:16:32 UTC 2019 /home/travis/build/icyphy/ptII/ptolemy/actor/lib/test/auto/ConstantPublisherPort3.xml
----------------- Instantiating /home/travis/build/icyphy/ptII/ptolemy/actor/lib/test/auto/ConstantPublisherPort3.xml
8 ms. Memory: 423936K Free: 288921K (68%)
----------------- Invoking toplevel() on ptolemy.moml.MoMLSimpleApplication@43d29628
----------------- Done invoking toplevel() on ptolemy.moml.MoMLSimpleApplication@43d29628
reloadAllAccessors: .ConstantPublisherPort3

===========================================================================================
----------------- testing Sat Oct 26 06:16:32 UTC 2019 /home/travis/build/icyphy/ptII/ptolemy/actor/lib/test/auto/ConstantPublisherPort4.xml
----------------- Instantiating /home/travis/build/icyphy/ptII/ptolemy/actor/lib/test/auto/ConstantPublisherPort4.xml
2 ms. Memory: 423936K Free: 281739K (66%)
----------------- Invoking toplevel() on ptolemy.moml.MoMLSimpleApplication@3e37b22c
----------------- Done invoking toplevel() on ptolemy.moml.MoMLSimpleApplication@3e37b22c
reloadAllAccessors: .ConstantPublisherPort4

===========================================================================================
----------------- testing Sat Oct 26 06:16:32 UTC 2019 /home/travis/build/icyphy/ptII/ptolemy/actor/lib/test/auto/ConstantPublisherPort5.xml
----------------- Instantiating /home/travis/build/icyphy/ptII/ptolemy/actor/lib/test/auto/ConstantPublisherPort5.xml
30 ms. Memory: 423936K Free: 272537K (64%)
----------------- Invoking toplevel() on ptolemy.moml.MoMLSimpleApplication@6d56699e
----------------- Done invoking toplevel() on ptolemy.moml.MoMLSimpleApplication@6d56699e
reloadAllAccessors: .ConstantPublisherPort5

===========================================================================================
----------------- testing Sat Oct 26 06:16:32 UTC 2019 /home/travis/build/icyphy/ptII/ptolemy/actor/lib/test/auto/ConstantPublisherPort6.xml
----------------- Instantiating /home/travis/build/icyphy/ptII/ptolemy/actor/lib/test/auto/ConstantPublisherPort6.xml
9 ms. Memory: 423936K Free: 263835K (62%)
----------------- Invoking toplevel() on ptolemy.moml.MoMLSimpleApplication@626783d3
----------------- Done invoking toplevel() on ptolemy.moml.MoMLSimpleApplication@626783d3
reloadAllAccessors: .ConstantPublisherPort6

===========================================================================================
----------------- testing Sat Oct 26 06:16:32 UTC 2019 /home/travis/build/icyphy/ptII/ptolemy/actor/lib/test/auto/ConstantPublisherPort7.xml
----------------- Instantiating /home/travis/build/icyphy/ptII/ptolemy/actor/lib/test/auto/ConstantPublisherPort7.xml
14 ms. Memory: 423936K Free: 254619K (60%)
----------------- Invoking toplevel() on ptolemy.moml.MoMLSimpleApplication@5d131d4d
----------------- Done invoking toplevel() on ptolemy.moml.MoMLSimpleApplication@5d131d4d
reloadAllAccessors: .ConstantPublisherPort7

===========================================================================================
----------------- testing Sat Oct 26 06:16:32 UTC 2019 /home/travis/build/icyphy/ptII/ptolemy/actor/lib/test/auto/ConstraintMonitor1.xml
----------------- Instantiating /home/travis/build/icyphy/ptII/ptolemy/actor/lib/test/auto/ConstraintMonitor1.xml
3 ms. Memory: 423936K Free: 250009K (59%)
----------------- Invoking toplevel() on ptolemy.moml.MoMLSimpleApplication@1173dbe6
----------------- Done invoking toplevel() on ptolemy.moml.MoMLSimpleApplication@1173dbe6
reloadAllAccessors: .ConstraintMonitor1

===========================================================================================
----------------- testing Sat Oct 26 06:16:32 UTC 2019 /home/travis/build/icyphy/ptII/ptolemy/actor/lib/test/auto/ConstraintMonitor2.xml
----------------- Instantiating /home/travis/build/icyphy/ptII/ptolemy/actor/lib/test/auto/ConstraintMonitor2.xml
4 ms. Memory: 423936K Free: 245403K (58%)
----------------- Invoking toplevel() on ptolemy.moml.MoMLSimpleApplication@2c017974
----------------- Done invoking toplevel() on ptolemy.moml.MoMLSimpleApplication@2c017974
reloadAllAccessors: .ConstraintMonitor2

===========================================================================================
----------------- testing Sat Oct 26 06:16:32 UTC 2019 /home/travis/build/icyphy/ptII/ptolemy/actor/lib/test/auto/ConstraintMonitor3.xml
----------------- Instantiating /home/travis/build/icyphy/ptII/ptolemy/actor/lib/test/auto/ConstraintMonitor3.xml
2 ms. Memory: 423936K Free: 240793K (57%)
----------------- Invoking toplevel() on ptolemy.moml.MoMLSimpleApplication@25a65c17
----------------- Done invoking toplevel() on ptolemy.moml.MoMLSimpleApplication@25a65c17
reloadAllAccessors: .ConstraintMonitor3

===========================================================================================
----------------- testing Sat Oct 26 06:16:32 UTC 2019 /home/travis/build/icyphy/ptII/ptolemy/actor/lib/test/auto/ConstraintMonitor4.xml
----------------- Instantiating /home/travis/build/icyphy/ptII/ptolemy/actor/lib/test/auto/ConstraintMonitor4.xml
7 ms. Memory: 423936K Free: 236187K (56%)
----------------- Invoking toplevel() on ptolemy.moml.MoMLSimpleApplication@557802a6
----------------- Done invoking toplevel() on ptolemy.moml.MoMLSimpleApplication@557802a6
reloadAllAccessors: .ConstraintMonitor4

===========================================================================================
----------------- testing Sat Oct 26 06:16:32 UTC 2019 /home/travis/build/icyphy/ptII/ptolemy/actor/lib/test/auto/ConstraintMonitor5.xml
----------------- Instantiating /home/travis/build/icyphy/ptII/ptolemy/actor/lib/test/auto/ConstraintMonitor5.xml
4 ms. Memory: 423936K Free: 231067K (55%)
----------------- Invoking toplevel() on ptolemy.moml.MoMLSimpleApplication@3c5f4df
----------------- Done invoking toplevel() on ptolemy.moml.MoMLSimpleApplication@3c5f4df
reloadAllAccessors: .ConstraintMonitor5

===========================================================================================
----------------- testing Sat Oct 26 06:16:32 UTC 2019 /home/travis/build/icyphy/ptII/ptolemy/actor/lib/test/auto/ConstraintMonitor6.xml
----------------- Instantiating /home/travis/build/icyphy/ptII/ptolemy/actor/lib/test/auto/ConstraintMonitor6.xml
6 ms. Memory: 423936K Free: 224395K (53%)
----------------- Invoking toplevel() on ptolemy.moml.MoMLSimpleApplication@522691b
----------------- Done invoking toplevel() on ptolemy.moml.MoMLSimpleApplication@522691b
reloadAllAccessors: .ConstraintMonitor6

===========================================================================================
----------------- testing Sat Oct 26 06:16:32 UTC 2019 /home/travis/build/icyphy/ptII/ptolemy/actor/lib/test/auto/ConstraintMonitor7.xml
----------------- Instantiating /home/travis/build/icyphy/ptII/ptolemy/actor/lib/test/auto/ConstraintMonitor7.xml
6 ms. Memory: 423936K Free: 218251K (51%)
----------------- Invoking toplevel() on ptolemy.moml.MoMLSimpleApplication@4f636e24
----------------- Done invoking toplevel() on ptolemy.moml.MoMLSimpleApplication@4f636e24
reloadAllAccessors: .ConstraintMonitor7

===========================================================================================
----------------- testing Sat Oct 26 06:16:32 UTC 2019 /home/travis/build/icyphy/ptII/ptolemy/actor/lib/test/auto/ConstraintMonitor8.xml
----------------- Instantiating /home/travis/build/icyphy/ptII/ptolemy/actor/lib/test/auto/ConstraintMonitor8.xml
7 ms. Memory: 423936K Free: 210587K (50%)
----------------- Invoking toplevel() on ptolemy.moml.MoMLSimpleApplication@4a18c513
----------------- Done invoking toplevel() on ptolemy.moml.MoMLSimpleApplication@4a18c513
reloadAllAccessors: .ConstraintMonitor8

===========================================================================================
----------------- testing Sat Oct 26 06:16:32 UTC 2019 /home/travis/build/icyphy/ptII/ptolemy/actor/lib/test/auto/Counter.xml
----------------- Instantiating /home/travis/build/icyphy/ptII/ptolemy/actor/lib/test/auto/Counter.xml
3 ms. Memory: 423936K Free: 205467K (48%)
----------------- Invoking toplevel() on ptolemy.moml.MoMLSimpleApplication@54e4f1a0
----------------- Done invoking toplevel() on ptolemy.moml.MoMLSimpleApplication@54e4f1a0
reloadAllAccessors: .Counter

===========================================================================================
----------------- testing Sat Oct 26 06:16:32 UTC 2019 /home/travis/build/icyphy/ptII/ptolemy/actor/lib/test/auto/CurrentTimeSDF.xml
----------------- Instantiating /home/travis/build/icyphy/ptII/ptolemy/actor/lib/test/auto/CurrentTimeSDF.xml
1 ms. Memory: 423936K Free: 201371K (48%)
----------------- Invoking toplevel() on ptolemy.moml.MoMLSimpleApplication@392ef2bd
----------------- Done invoking toplevel() on ptolemy.moml.MoMLSimpleApplication@392ef2bd
reloadAllAccessors: .CurrentTimeSDF

===========================================================================================
----------------- testing Sat Oct 26 06:16:33 UTC 2019 /home/travis/build/icyphy/ptII/ptolemy/actor/lib/test/auto/DB.xml
----------------- Instantiating /home/travis/build/icyphy/ptII/ptolemy/actor/lib/test/auto/DB.xml
2 ms. Memory: 423936K Free: 196761K (46%)
----------------- Invoking toplevel() on ptolemy.moml.MoMLSimpleApplication@66854718
----------------- Done invoking toplevel() on ptolemy.moml.MoMLSimpleApplication@66854718
reloadAllAccessors: .DB

===========================================================================================
----------------- testing Sat Oct 26 06:16:33 UTC 2019 /home/travis/build/icyphy/ptII/ptolemy/actor/lib/test/auto/DBDE.xml
----------------- Instantiating /home/travis/build/icyphy/ptII/ptolemy/actor/lib/test/auto/DBDE.xml
2 ms. Memory: 423936K Free: 190587K (45%)
----------------- Invoking toplevel() on ptolemy.moml.MoMLSimpleApplication@aa57c51
----------------- Done invoking toplevel() on ptolemy.moml.MoMLSimpleApplication@aa57c51
reloadAllAccessors: .DBDE

===========================================================================================
----------------- testing Sat Oct 26 06:16:33 UTC 2019 /home/travis/build/icyphy/ptII/ptolemy/actor/lib/test/auto/DateConstructor.xml
----------------- Instantiating /home/travis/build/icyphy/ptII/ptolemy/actor/lib/test/auto/DateConstructor.xml
30 ms. Memory: 423936K Free: 172699K (41%)
----------------- Invoking toplevel() on ptolemy.moml.MoMLSimpleApplication@d7067f1
----------------- Done invoking toplevel() on ptolemy.moml.MoMLSimpleApplication@d7067f1
reloadAllAccessors: .DateConstructor

===========================================================================================
----------------- testing Sat Oct 26 06:16:33 UTC 2019 /home/travis/build/icyphy/ptII/ptolemy/actor/lib/test/auto/DelayTime.xml
----------------- Instantiating /home/travis/build/icyphy/ptII/ptolemy/actor/lib/test/auto/DelayTime.xml
4 ms. Memory: 423936K Free: 168089K (40%)
----------------- Invoking toplevel() on ptolemy.moml.MoMLSimpleApplication@554e0e0c
----------------- Done invoking toplevel() on ptolemy.moml.MoMLSimpleApplication@554e0e0c
reloadAllAccessors: .DelayTime

===========================================================================================
----------------- testing Sat Oct 26 06:16:33 UTC 2019 /home/travis/build/icyphy/ptII/ptolemy/actor/lib/test/auto/Dictionary1.xml
----------------- Instantiating /home/travis/build/icyphy/ptII/ptolemy/actor/lib/test/auto/Dictionary1.xml
2 ms. Memory: 423936K Free: 162459K (38%)
----------------- Invoking toplevel() on ptolemy.moml.MoMLSimpleApplication@6938efd7
----------------- Done invoking toplevel() on ptolemy.moml.MoMLSimpleApplication@6938efd7
reloadAllAccessors: .Dictionary1

===========================================================================================
----------------- testing Sat Oct 26 06:16:33 UTC 2019 /home/travis/build/icyphy/ptII/ptolemy/actor/lib/test/auto/Dictionary2.xml
----------------- Instantiating /home/travis/build/icyphy/ptII/ptolemy/actor/lib/test/auto/Dictionary2.xml
2 ms. Memory: 423936K Free: 156825K (37%)
----------------- Invoking toplevel() on ptolemy.moml.MoMLSimpleApplication@6282a05d
----------------- Done invoking toplevel() on ptolemy.moml.MoMLSimpleApplication@6282a05d
reloadAllAccessors: .Dictionary2

===========================================================================================
----------------- testing Sat Oct 26 06:16:33 UTC 2019 /home/travis/build/icyphy/ptII/ptolemy/actor/lib/test/auto/Dictionary3.xml
----------------- Instantiating /home/travis/build/icyphy/ptII/ptolemy/actor/lib/test/auto/Dictionary3.xml
2 ms. Memory: 423936K Free: 151705K (36%)
----------------- Invoking toplevel() on ptolemy.moml.MoMLSimpleApplication@6c7e7627
----------------- Done invoking toplevel() on ptolemy.moml.MoMLSimpleApplication@6c7e7627
reloadAllAccessors: .Dictionary3

===========================================================================================
----------------- testing Sat Oct 26 06:16:33 UTC 2019 /home/travis/build/icyphy/ptII/ptolemy/actor/lib/test/auto/Dictionary4.xml
----------------- Instantiating /home/travis/build/icyphy/ptII/ptolemy/actor/lib/test/auto/Dictionary4.xml
3 ms. Memory: 423936K Free: 144531K (34%)
----------------- Invoking toplevel() on ptolemy.moml.MoMLSimpleApplication@66298691
----------------- Done invoking toplevel() on ptolemy.moml.MoMLSimpleApplication@66298691
reloadAllAccessors: .Dictionary4

===========================================================================================
----------------- testing Sat Oct 26 06:16:33 UTC 2019 /home/travis/build/icyphy/ptII/ptolemy/actor/lib/test/auto/Differential.xml
----------------- Instantiating /home/travis/build/icyphy/ptII/ptolemy/actor/lib/test/auto/Differential.xml
3 ms. Memory: 423936K Free: 139931K (33%)
----------------- Invoking toplevel() on ptolemy.moml.MoMLSimpleApplication@6f00b3b
----------------- Done invoking toplevel() on ptolemy.moml.MoMLSimpleApplication@6f00b3b
reloadAllAccessors: .Differential

===========================================================================================
----------------- testing Sat Oct 26 06:16:33 UTC 2019 /home/travis/build/icyphy/ptII/ptolemy/actor/lib/test/auto/Director.xml
----------------- Instantiating /home/travis/build/icyphy/ptII/ptolemy/actor/lib/test/auto/Director.xml
2 ms. Memory: 423936K Free: 136345K (32%)
----------------- Invoking toplevel() on ptolemy.moml.MoMLSimpleApplication@593f8cfa
----------------- Done invoking toplevel() on ptolemy.moml.MoMLSimpleApplication@593f8cfa
reloadAllAccessors: .Director

===========================================================================================
----------------- testing Sat Oct 26 06:16:33 UTC 2019 /home/travis/build/icyphy/ptII/ptolemy/actor/lib/test/auto/DiscreteClock.xml
----------------- Instantiating /home/travis/build/icyphy/ptII/ptolemy/actor/lib/test/auto/DiscreteClock.xml
1 ms. Memory: 423936K Free: 132763K (31%)
----------------- Invoking toplevel() on ptolemy.moml.MoMLSimpleApplication@37d60e62
----------------- Done invoking toplevel() on ptolemy.moml.MoMLSimpleApplication@37d60e62
reloadAllAccessors: .DiscreteClock

===========================================================================================
----------------- testing Sat Oct 26 06:16:33 UTC 2019 /home/travis/build/icyphy/ptII/ptolemy/actor/lib/test/auto/DiscreteClock10.xml
----------------- Instantiating /home/travis/build/icyphy/ptII/ptolemy/actor/lib/test/auto/DiscreteClock10.xml
5 ms. Memory: 423936K Free: 126619K (30%)
----------------- Invoking toplevel() on ptolemy.moml.MoMLSimpleApplication@7d7bd6b1
----------------- Done invoking toplevel() on ptolemy.moml.MoMLSimpleApplication@7d7bd6b1
reloadAllAccessors: .DiscreteClock10

===========================================================================================
----------------- testing Sat Oct 26 06:16:33 UTC 2019 /home/travis/build/icyphy/ptII/ptolemy/actor/lib/test/auto/DiscreteClock11.xml
----------------- Instantiating /home/travis/build/icyphy/ptII/ptolemy/actor/lib/test/auto/DiscreteClock11.xml
2 ms. Memory: 423936K Free: 371107K (88%)
----------------- Invoking toplevel() on ptolemy.moml.MoMLSimpleApplication@7fd0a5c1
----------------- Done invoking toplevel() on ptolemy.moml.MoMLSimpleApplication@7fd0a5c1
reloadAllAccessors: .DiscreteClock11

===========================================================================================
----------------- testing Sat Oct 26 06:16:33 UTC 2019 /home/travis/build/icyphy/ptII/ptolemy/actor/lib/test/auto/DiscreteClock12.xml
----------------- Instantiating /home/travis/build/icyphy/ptII/ptolemy/actor/lib/test/auto/DiscreteClock12.xml
3 ms. Memory: 423936K Free: 364963K (86%)
----------------- Invoking toplevel() on ptolemy.moml.MoMLSimpleApplication@39a1ba55
----------------- Done invoking toplevel() on ptolemy.moml.MoMLSimpleApplication@39a1ba55
reloadAllAccessors: .DiscreteClock12

===========================================================================================
----------------- testing Sat Oct 26 06:16:33 UTC 2019 /home/travis/build/icyphy/ptII/ptolemy/actor/lib/test/auto/DiscreteClock13.xml
----------------- Instantiating /home/travis/build/icyphy/ptII/ptolemy/actor/lib/test/auto/DiscreteClock13.xml
5 ms. Memory: 423936K Free: 359323K (85%)
----------------- Invoking toplevel() on ptolemy.moml.MoMLSimpleApplication@24be518e
----------------- Done invoking toplevel() on ptolemy.moml.MoMLSimpleApplication@24be518e
reloadAllAccessors: .DiscreteClock13

===========================================================================================
----------------- testing Sat Oct 26 06:16:33 UTC 2019 /home/travis/build/icyphy/ptII/ptolemy/actor/lib/test/auto/DiscreteClock14.xml
----------------- Instantiating /home/travis/build/icyphy/ptII/ptolemy/actor/lib/test/auto/DiscreteClock14.xml
7 ms. Memory: 423936K Free: 353152K (83%)
----------------- Invoking toplevel() on ptolemy.moml.MoMLSimpleApplication@45544cb9
----------------- Done invoking toplevel() on ptolemy.moml.MoMLSimpleApplication@45544cb9
reloadAllAccessors: .DiscreteClock14

===========================================================================================
----------------- testing Sat Oct 26 06:16:33 UTC 2019 /home/travis/build/icyphy/ptII/ptolemy/actor/lib/test/auto/DiscreteClock15.xml
----------------- Instantiating /home/travis/build/icyphy/ptII/ptolemy/actor/lib/test/auto/DiscreteClock15.xml
5 ms. Memory: 423936K Free: 347011K (82%)
----------------- Invoking toplevel() on ptolemy.moml.MoMLSimpleApplication@666473e9
----------------- Done invoking toplevel() on ptolemy.moml.MoMLSimpleApplication@666473e9
reloadAllAccessors: .DiscreteClock15

===========================================================================================
----------------- testing Sat Oct 26 06:16:33 UTC 2019 /home/travis/build/icyphy/ptII/ptolemy/actor/lib/test/auto/DiscreteClock16.xml
----------------- Instantiating /home/travis/build/icyphy/ptII/ptolemy/actor/lib/test/auto/DiscreteClock16.xml
18 ms. Memory: 423936K Free: 333219K (79%)
----------------- Invoking toplevel() on ptolemy.moml.MoMLSimpleApplication@34c58125
----------------- Done invoking toplevel() on ptolemy.moml.MoMLSimpleApplication@34c58125
reloadAllAccessors: .DiscreteClock16

===========================================================================================
----------------- testing Sat Oct 26 06:16:33 UTC 2019 /home/travis/build/icyphy/ptII/ptolemy/actor/lib/test/auto/DiscreteClock17.xml
----------------- Instantiating /home/travis/build/icyphy/ptII/ptolemy/actor/lib/test/auto/DiscreteClock17.xml
19 ms. Memory: 423936K Free: 319379K (75%)
----------------- Invoking toplevel() on ptolemy.moml.MoMLSimpleApplication@2dc57374
----------------- Done invoking toplevel() on ptolemy.moml.MoMLSimpleApplication@2dc57374
reloadAllAccessors: .DiscreteClock17

===========================================================================================
----------------- testing Sat Oct 26 06:16:33 UTC 2019 /home/travis/build/icyphy/ptII/ptolemy/actor/lib/test/auto/DiscreteClock18.xml
----------------- Instantiating /home/travis/build/icyphy/ptII/ptolemy/actor/lib/test/auto/DiscreteClock18.xml
27 ms. Memory: 423936K Free: 305571K (72%)
----------------- Invoking toplevel() on ptolemy.moml.MoMLSimpleApplication@6f3dcb19
----------------- Done invoking toplevel() on ptolemy.moml.MoMLSimpleApplication@6f3dcb19
reloadAllAccessors: .DiscreteClock18

===========================================================================================
----------------- testing Sat Oct 26 06:16:33 UTC 2019 /home/travis/build/icyphy/ptII/ptolemy/actor/lib/test/auto/DiscreteClock19.xml
----------------- Instantiating /home/travis/build/icyphy/ptII/ptolemy/actor/lib/test/auto/DiscreteClock19.xml
13 ms. Memory: 423936K Free: 291731K (69%)
----------------- Invoking toplevel() on ptolemy.moml.MoMLSimpleApplication@3f7f09e
----------------- Done invoking toplevel() on ptolemy.moml.MoMLSimpleApplication@3f7f09e
reloadAllAccessors: .DiscreteClock19

===========================================================================================
----------------- testing Sat Oct 26 06:16:33 UTC 2019 /home/travis/build/icyphy/ptII/ptolemy/actor/lib/test/auto/DiscreteClock2.xml
----------------- Instantiating /home/travis/build/icyphy/ptII/ptolemy/actor/lib/test/auto/DiscreteClock2.xml
6 ms. Memory: 423936K Free: 286619K (68%)
----------------- Invoking toplevel() on ptolemy.moml.MoMLSimpleApplication@4c03f124
----------------- Done invoking toplevel() on ptolemy.moml.MoMLSimpleApplication@4c03f124
reloadAllAccessors: .DiscreteClock2

===========================================================================================
----------------- testing Sat Oct 26 06:16:33 UTC 2019 /home/travis/build/icyphy/ptII/ptolemy/actor/lib/test/auto/DiscreteClock20.xml
----------------- Instantiating /home/travis/build/icyphy/ptII/ptolemy/actor/lib/test/auto/DiscreteClock20.xml
8 ms. Memory: 423936K Free: 281505K (66%)
----------------- Invoking toplevel() on ptolemy.moml.MoMLSimpleApplication@6b06dc7e
----------------- Done invoking toplevel() on ptolemy.moml.MoMLSimpleApplication@6b06dc7e
reloadAllAccessors: .DiscreteClock20

===========================================================================================
----------------- testing Sat Oct 26 06:16:33 UTC 2019 /home/travis/build/icyphy/ptII/ptolemy/actor/lib/test/auto/DiscreteClock21.xml
----------------- Instantiating /home/travis/build/icyphy/ptII/ptolemy/actor/lib/test/auto/DiscreteClock21.xml
6 ms. Memory: 423936K Free: 275875K (65%)
----------------- Invoking toplevel() on ptolemy.moml.MoMLSimpleApplication@68fd4154
----------------- Done invoking toplevel() on ptolemy.moml.MoMLSimpleApplication@68fd4154
reloadAllAccessors: .DiscreteClock21

===========================================================================================
----------------- testing Sat Oct 26 06:16:33 UTC 2019 /home/travis/build/icyphy/ptII/ptolemy/actor/lib/test/auto/DiscreteClock22.xml
----------------- Instantiating /home/travis/build/icyphy/ptII/ptolemy/actor/lib/test/auto/DiscreteClock22.xml
6 ms. Memory: 423936K Free: 270241K (64%)
----------------- Invoking toplevel() on ptolemy.moml.MoMLSimpleApplication@5816ee09
----------------- Done invoking toplevel() on ptolemy.moml.MoMLSimpleApplication@5816ee09
reloadAllAccessors: .DiscreteClock22

===========================================================================================
----------------- testing Sat Oct 26 06:16:33 UTC 2019 /home/travis/build/icyphy/ptII/ptolemy/actor/lib/test/auto/DiscreteClock23.xml
----------------- Instantiating /home/travis/build/icyphy/ptII/ptolemy/actor/lib/test/auto/DiscreteClock23.xml
10 ms. Memory: 423936K Free: 264611K (62%)
----------------- Invoking toplevel() on ptolemy.moml.MoMLSimpleApplication@5e00f90
----------------- Done invoking toplevel() on ptolemy.moml.MoMLSimpleApplication@5e00f90
reloadAllAccessors: .DiscreteClock23

===========================================================================================
----------------- testing Sat Oct 26 06:16:33 UTC 2019 /home/travis/build/icyphy/ptII/ptolemy/actor/lib/test/auto/DiscreteClock24.xml
----------------- Instantiating /home/travis/build/icyphy/ptII/ptolemy/actor/lib/test/auto/DiscreteClock24.xml
5 ms. Memory: 423936K Free: 258977K (61%)
----------------- Invoking toplevel() on ptolemy.moml.MoMLSimpleApplication@52dfda58
----------------- Done invoking toplevel() on ptolemy.moml.MoMLSimpleApplication@52dfda58
reloadAllAccessors: .DiscreteClock24

===========================================================================================
----------------- testing Sat Oct 26 06:16:33 UTC 2019 /home/travis/build/icyphy/ptII/ptolemy/actor/lib/test/auto/DiscreteClock4.xml
----------------- Instantiating /home/travis/build/icyphy/ptII/ptolemy/actor/lib/test/auto/DiscreteClock4.xml
5 ms. Memory: 423936K Free: 253347K (60%)
----------------- Invoking toplevel() on ptolemy.moml.MoMLSimpleApplication@3879a5a7
----------------- Done invoking toplevel() on ptolemy.moml.MoMLSimpleApplication@3879a5a7
reloadAllAccessors: .DiscreteClock4

===========================================================================================
----------------- testing Sat Oct 26 06:16:33 UTC 2019 /home/travis/build/icyphy/ptII/ptolemy/actor/lib/test/auto/DiscreteClock5.xml
----------------- Instantiating /home/travis/build/icyphy/ptII/ptolemy/actor/lib/test/auto/DiscreteClock5.xml
2 ms. Memory: 423936K Free: 247707K (58%)
----------------- Invoking toplevel() on ptolemy.moml.MoMLSimpleApplication@5c9e46a9
----------------- Done invoking toplevel() on ptolemy.moml.MoMLSimpleApplication@5c9e46a9
reloadAllAccessors: .DiscreteClock5

===========================================================================================
----------------- testing Sat Oct 26 06:16:33 UTC 2019 /home/travis/build/icyphy/ptII/ptolemy/actor/lib/test/auto/DiscreteClock6.xml
----------------- Instantiating /home/travis/build/icyphy/ptII/ptolemy/actor/lib/test/auto/DiscreteClock6.xml
1 ms. Memory: 423936K Free: 243617K (57%)
----------------- Invoking toplevel() on ptolemy.moml.MoMLSimpleApplication@85cb4a7
----------------- Done invoking toplevel() on ptolemy.moml.MoMLSimpleApplication@85cb4a7
reloadAllAccessors: .DiscreteClock6

===========================================================================================
----------------- testing Sat Oct 26 06:16:33 UTC 2019 /home/travis/build/icyphy/ptII/ptolemy/actor/lib/test/auto/DiscreteClock7.xml
----------------- Instantiating /home/travis/build/icyphy/ptII/ptolemy/actor/lib/test/auto/DiscreteClock7.xml
1 ms. Memory: 423936K Free: 238497K (56%)
----------------- Invoking toplevel() on ptolemy.moml.MoMLSimpleApplication@4935e43c
----------------- Done invoking toplevel() on ptolemy.moml.MoMLSimpleApplication@4935e43c
reloadAllAccessors: .DiscreteClock7

===========================================================================================
----------------- testing Sat Oct 26 06:16:33 UTC 2019 /home/travis/build/icyphy/ptII/ptolemy/actor/lib/test/auto/DiscreteClock8.xml
----------------- Instantiating /home/travis/build/icyphy/ptII/ptolemy/actor/lib/test/auto/DiscreteClock8.xml
5 ms. Memory: 423936K Free: 232867K (55%)
----------------- Invoking toplevel() on ptolemy.moml.MoMLSimpleApplication@283e2224
----------------- Done invoking toplevel() on ptolemy.moml.MoMLSimpleApplication@283e2224
reloadAllAccessors: .DiscreteClock8

===========================================================================================
----------------- testing Sat Oct 26 06:16:33 UTC 2019 /home/travis/build/icyphy/ptII/ptolemy/actor/lib/test/auto/DiscreteClock9.xml
----------------- Instantiating /home/travis/build/icyphy/ptII/ptolemy/actor/lib/test/auto/DiscreteClock9.xml
4 ms. Memory: 423936K Free: 226723K (53%)
----------------- Invoking toplevel() on ptolemy.moml.MoMLSimpleApplication@6bb5b0a7
----------------- Done invoking toplevel() on ptolemy.moml.MoMLSimpleApplication@6bb5b0a7
reloadAllAccessors: .DiscreteClock9

===========================================================================================
----------------- testing Sat Oct 26 06:16:33 UTC 2019 /home/travis/build/icyphy/ptII/ptolemy/actor/lib/test/auto/DisplayArray.xml
----------------- Instantiating /home/travis/build/icyphy/ptII/ptolemy/actor/lib/test/auto/DisplayArray.xml
1 ms. Memory: 423936K Free: 223651K (53%)
----------------- Invoking toplevel() on ptolemy.moml.MoMLSimpleApplication@31681f03
----------------- Done invoking toplevel() on ptolemy.moml.MoMLSimpleApplication@31681f03
reloadAllAccessors: .DisplayArray

===========================================================================================
----------------- testing Sat Oct 26 06:16:33 UTC 2019 /home/travis/build/icyphy/ptII/ptolemy/actor/lib/test/auto/Distributor.xml
----------------- Instantiating /home/travis/build/icyphy/ptII/ptolemy/actor/lib/test/auto/Distributor.xml
1 ms. Memory: 423936K Free: 218531K (52%)
----------------- Invoking toplevel() on ptolemy.moml.MoMLSimpleApplication@4d74c7dd
----------------- Done invoking toplevel() on ptolemy.moml.MoMLSimpleApplication@4d74c7dd
reloadAllAccessors: .Distributor

===========================================================================================
----------------- testing Sat Oct 26 06:16:33 UTC 2019 /home/travis/build/icyphy/ptII/ptolemy/actor/lib/test/auto/Distributor2.xml
----------------- Instantiating /home/travis/build/icyphy/ptII/ptolemy/actor/lib/test/auto/Distributor2.xml
2 ms. Memory: 423936K Free: 213411K (50%)
----------------- Invoking toplevel() on ptolemy.moml.MoMLSimpleApplication@1c4fac41
----------------- Done invoking toplevel() on ptolemy.moml.MoMLSimpleApplication@1c4fac41
reloadAllAccessors: .Distributor2

===========================================================================================
----------------- testing Sat Oct 26 06:16:33 UTC 2019 /home/travis/build/icyphy/ptII/ptolemy/actor/lib/test/auto/DownSample.xml
----------------- Instantiating /home/travis/build/icyphy/ptII/ptolemy/actor/lib/test/auto/DownSample.xml
1 ms. Memory: 423936K Free: 208801K (49%)
----------------- Invoking toplevel() on ptolemy.moml.MoMLSimpleApplication@3131f246
----------------- Done invoking toplevel() on ptolemy.moml.MoMLSimpleApplication@3131f246
reloadAllAccessors: .DownSample

===========================================================================================
----------------- testing Sat Oct 26 06:16:33 UTC 2019 /home/travis/build/icyphy/ptII/ptolemy/actor/lib/test/auto/ElectronicUnitBase1.xml
----------------- Instantiating /home/travis/build/icyphy/ptII/ptolemy/actor/lib/test/auto/ElectronicUnitBase1.xml
17 ms. Memory: 423936K Free: 192417K (45%)
----------------- Invoking toplevel() on ptolemy.moml.MoMLSimpleApplication@4c90d829
----------------- Done invoking toplevel() on ptolemy.moml.MoMLSimpleApplication@4c90d829
reloadAllAccessors: .ElectronicUnitBase1

===========================================================================================
----------------- testing Sat Oct 26 06:16:34 UTC 2019 /home/travis/build/icyphy/ptII/ptolemy/actor/lib/test/auto/ElementsToArray.xml
----------------- Instantiating /home/travis/build/icyphy/ptII/ptolemy/actor/lib/test/auto/ElementsToArray.xml
3 ms. Memory: 423936K Free: 187811K (44%)
----------------- Invoking toplevel() on ptolemy.moml.MoMLSimpleApplication@125144b5
----------------- Done invoking toplevel() on ptolemy.moml.MoMLSimpleApplication@125144b5
reloadAllAccessors: .ElementsToArray

===========================================================================================
----------------- testing Sat Oct 26 06:16:34 UTC 2019 /home/travis/build/icyphy/ptII/ptolemy/actor/lib/test/auto/Equals.xml
----------------- Instantiating /home/travis/build/icyphy/ptII/ptolemy/actor/lib/test/auto/Equals.xml
3 ms. Memory: 423936K Free: 183201K (43%)
----------------- Invoking toplevel() on ptolemy.moml.MoMLSimpleApplication@5de84736
----------------- Done invoking toplevel() on ptolemy.moml.MoMLSimpleApplication@5de84736
reloadAllAccessors: .Equals

===========================================================================================
----------------- testing Sat Oct 26 06:16:34 UTC 2019 /home/travis/build/icyphy/ptII/ptolemy/actor/lib/test/auto/Exec.xml
----------------- Instantiating /home/travis/build/icyphy/ptII/ptolemy/actor/lib/test/auto/Exec.xml
20 ms. Memory: 423936K Free: 177057K (42%)
----------------- Invoking toplevel() on ptolemy.moml.MoMLSimpleApplication@136641f7
----------------- Done invoking toplevel() on ptolemy.moml.MoMLSimpleApplication@136641f7
reloadAllAccessors: .Exec

===========================================================================================
----------------- testing Sat Oct 26 06:16:34 UTC 2019 /home/travis/build/icyphy/ptII/ptolemy/actor/lib/test/auto/ExecEnvironment.xml
----------------- Instantiating /home/travis/build/icyphy/ptII/ptolemy/actor/lib/test/auto/ExecEnvironment.xml
25 ms. Memory: 423936K Free: 171923K (41%)
----------------- Invoking toplevel() on ptolemy.moml.MoMLSimpleApplication@68854c63
----------------- Done invoking toplevel() on ptolemy.moml.MoMLSimpleApplication@68854c63
reloadAllAccessors: .ExecEnvironment

===========================================================================================
----------------- testing Sat Oct 26 06:16:34 UTC 2019 /home/travis/build/icyphy/ptII/ptolemy/actor/lib/test/auto/ExecNonZeroReturnOutput.xml
----------------- Instantiating /home/travis/build/icyphy/ptII/ptolemy/actor/lib/test/auto/ExecNonZeroReturnOutput.xml
197 ms. Memory: 423936K Free: 160673K (38%)
----------------- Invoking toplevel() on ptolemy.moml.MoMLSimpleApplication@5a034551
----------------- Done invoking toplevel() on ptolemy.moml.MoMLSimpleApplication@5a034551
reloadAllAccessors: .ExecNonZeroReturnOutput

===========================================================================================
----------------- testing Sat Oct 26 06:16:34 UTC 2019 /home/travis/build/icyphy/ptII/ptolemy/actor/lib/test/auto/ExecRunDemos.xml
----------------- Instantiating /home/travis/build/icyphy/ptII/ptolemy/actor/lib/test/auto/ExecRunDemos.xml
Finished: 125 ms. Memory: 120832K Free: 104275K (86%)

Finished: 57 ms. Memory: 120832K Free: 110724K (92%)

Finished: 105 ms. Memory: 120832K Free: 110809K (92%)

Finished: 97 ms. Memory: 120832K Free: 103377K (86%)

Finished: 66 ms. Memory: 120832K Free: 104224K (86%)

11423 ms. Memory: 423936K Free: 139681K (33%)
----------------- Invoking toplevel() on ptolemy.moml.MoMLSimpleApplication@4665f2bc
----------------- Done invoking toplevel() on ptolemy.moml.MoMLSimpleApplication@4665f2bc
reloadAllAccessors: .ExecRunDemos

===========================================================================================
----------------- testing Sat Oct 26 06:16:45 UTC 2019 /home/travis/build/icyphy/ptII/ptolemy/actor/lib/test/auto/ExecStop.xml
----------------- Instantiating /home/travis/build/icyphy/ptII/ptolemy/actor/lib/test/auto/ExecStop.xml
5013 ms. Memory: 423936K Free: 270407K (64%)
----------------- Invoking toplevel() on ptolemy.moml.MoMLSimpleApplication@176e8f50
----------------- Done invoking toplevel() on ptolemy.moml.MoMLSimpleApplication@176e8f50
reloadAllAccessors: .ExecStop

===========================================================================================
----------------- testing Sat Oct 26 06:16:50 UTC 2019 /home/travis/build/icyphy/ptII/ptolemy/actor/lib/test/auto/ExecutionTimeSDF.xml
----------------- Instantiating /home/travis/build/icyphy/ptII/ptolemy/actor/lib/test/auto/ExecutionTimeSDF.xml
Fired ExecutionTime: 2049200000
Fired ExecutionTime: 1062400000
Fired ExecutionTime: -1081367296
6007 ms. Memory: 423936K Free: 257605K (61%)
----------------- Invoking toplevel() on ptolemy.moml.MoMLSimpleApplication@14dac3b7
----------------- Done invoking toplevel() on ptolemy.moml.MoMLSimpleApplication@14dac3b7
reloadAllAccessors: .ExecutionTimeSDF

===========================================================================================
----------------- testing Sat Oct 26 06:16:56 UTC 2019 /home/travis/build/icyphy/ptII/ptolemy/actor/lib/test/auto/Expression1.xml
----------------- Instantiating /home/travis/build/icyphy/ptII/ptolemy/actor/lib/test/auto/Expression1.xml
1 ms. Memory: 423936K Free: 254023K (60%)
----------------- Invoking toplevel() on ptolemy.moml.MoMLSimpleApplication@64258c41
----------------- Done invoking toplevel() on ptolemy.moml.MoMLSimpleApplication@64258c41
reloadAllAccessors: .Expression1

===========================================================================================
----------------- testing Sat Oct 26 06:16:56 UTC 2019 /home/travis/build/icyphy/ptII/ptolemy/actor/lib/test/auto/Expression10.xml
----------------- Instantiating /home/travis/build/icyphy/ptII/ptolemy/actor/lib/test/auto/Expression10.xml
6 ms. Memory: 423936K Free: 248903K (59%)
----------------- Invoking toplevel() on ptolemy.moml.MoMLSimpleApplication@6a09fba0
----------------- Done invoking toplevel() on ptolemy.moml.MoMLSimpleApplication@6a09fba0
reloadAllAccessors: .Expression10

===========================================================================================
----------------- testing Sat Oct 26 06:16:56 UTC 2019 /home/travis/build/icyphy/ptII/ptolemy/actor/lib/test/auto/Expression11.xml
----------------- Instantiating /home/travis/build/icyphy/ptII/ptolemy/actor/lib/test/auto/Expression11.xml
2 ms. Memory: 423936K Free: 244293K (58%)
----------------- Invoking toplevel() on ptolemy.moml.MoMLSimpleApplication@22b2f88f
----------------- Done invoking toplevel() on ptolemy.moml.MoMLSimpleApplication@22b2f88f
reloadAllAccessors: .Expression11

===========================================================================================
----------------- testing Sat Oct 26 06:16:57 UTC 2019 /home/travis/build/icyphy/ptII/ptolemy/actor/lib/test/auto/Expression12.xml
----------------- Instantiating /home/travis/build/icyphy/ptII/ptolemy/actor/lib/test/auto/Expression12.xml
2 ms. Memory: 423936K Free: 238663K (56%)
----------------- Invoking toplevel() on ptolemy.moml.MoMLSimpleApplication@508ece79
----------------- Done invoking toplevel() on ptolemy.moml.MoMLSimpleApplication@508ece79
reloadAllAccessors: .Expression12

===========================================================================================
----------------- testing Sat Oct 26 06:16:57 UTC 2019 /home/travis/build/icyphy/ptII/ptolemy/actor/lib/test/auto/Expression13.xml
----------------- Instantiating /home/travis/build/icyphy/ptII/ptolemy/actor/lib/test/auto/Expression13.xml
4 ms. Memory: 423936K Free: 233543K (55%)
----------------- Invoking toplevel() on ptolemy.moml.MoMLSimpleApplication@67a557db
----------------- Done invoking toplevel() on ptolemy.moml.MoMLSimpleApplication@67a557db
reloadAllAccessors: .Expression13

===========================================================================================
----------------- testing Sat Oct 26 06:16:57 UTC 2019 /home/travis/build/icyphy/ptII/ptolemy/actor/lib/test/auto/Expression14.xml
----------------- Instantiating /home/travis/build/icyphy/ptII/ptolemy/actor/lib/test/auto/Expression14.xml
4 ms. Memory: 423936K Free: 227399K (54%)
----------------- Invoking toplevel() on ptolemy.moml.MoMLSimpleApplication@17100186
----------------- Done invoking toplevel() on ptolemy.moml.MoMLSimpleApplication@17100186
reloadAllAccessors: .Expression14

===========================================================================================
----------------- testing Sat Oct 26 06:16:57 UTC 2019 /home/travis/build/icyphy/ptII/ptolemy/actor/lib/test/auto/Expression15.xml
----------------- Instantiating /home/travis/build/icyphy/ptII/ptolemy/actor/lib/test/auto/Expression15.xml
2 ms. Memory: 423936K Free: 224327K (53%)
----------------- Invoking toplevel() on ptolemy.moml.MoMLSimpleApplication@2b7baff5
----------------- Done invoking toplevel() on ptolemy.moml.MoMLSimpleApplication@2b7baff5
reloadAllAccessors: .Expression15

===========================================================================================
----------------- testing Sat Oct 26 06:16:57 UTC 2019 /home/travis/build/icyphy/ptII/ptolemy/actor/lib/test/auto/Expression16.xml
----------------- Instantiating /home/travis/build/icyphy/ptII/ptolemy/actor/lib/test/auto/Expression16.xml
3 ms. Memory: 423936K Free: 219207K (52%)
----------------- Invoking toplevel() on ptolemy.moml.MoMLSimpleApplication@35dd05b0
----------------- Done invoking toplevel() on ptolemy.moml.MoMLSimpleApplication@35dd05b0
reloadAllAccessors: .Expression16

===========================================================================================
----------------- testing Sat Oct 26 06:16:57 UTC 2019 /home/travis/build/icyphy/ptII/ptolemy/actor/lib/test/auto/Expression17.xml
----------------- Instantiating /home/travis/build/icyphy/ptII/ptolemy/actor/lib/test/auto/Expression17.xml
3 ms. Memory: 423936K Free: 214087K (50%)
----------------- Invoking toplevel() on ptolemy.moml.MoMLSimpleApplication@6188324b
----------------- Done invoking toplevel() on ptolemy.moml.MoMLSimpleApplication@6188324b
reloadAllAccessors: .Expression17

===========================================================================================
----------------- testing Sat Oct 26 06:16:57 UTC 2019 /home/travis/build/icyphy/ptII/ptolemy/actor/lib/test/auto/Expression18.xml
----------------- Instantiating /home/travis/build/icyphy/ptII/ptolemy/actor/lib/test/auto/Expression18.xml
1 ms. Memory: 423936K Free: 208453K (49%)
----------------- Invoking toplevel() on ptolemy.moml.MoMLSimpleApplication@2c4be3e
----------------- Done invoking toplevel() on ptolemy.moml.MoMLSimpleApplication@2c4be3e
reloadAllAccessors: .Expression18

===========================================================================================
----------------- testing Sat Oct 26 06:16:57 UTC 2019 /home/travis/build/icyphy/ptII/ptolemy/actor/lib/test/auto/Expression2.xml
----------------- Instantiating /home/travis/build/icyphy/ptII/ptolemy/actor/lib/test/auto/Expression2.xml
3 ms. Memory: 423936K Free: 203333K (48%)
----------------- Invoking toplevel() on ptolemy.moml.MoMLSimpleApplication@1f6f98bf
----------------- Done invoking toplevel() on ptolemy.moml.MoMLSimpleApplication@1f6f98bf
reloadAllAccessors: .Expression2

===========================================================================================
----------------- testing Sat Oct 26 06:16:57 UTC 2019 /home/travis/build/icyphy/ptII/ptolemy/actor/lib/test/auto/Expression3.xml
----------------- Instantiating /home/travis/build/icyphy/ptII/ptolemy/actor/lib/test/auto/Expression3.xml
2 ms. Memory: 423936K Free: 198213K (47%)
----------------- Invoking toplevel() on ptolemy.moml.MoMLSimpleApplication@3b925e26
----------------- Done invoking toplevel() on ptolemy.moml.MoMLSimpleApplication@3b925e26
reloadAllAccessors: .Expression3

===========================================================================================
----------------- testing Sat Oct 26 06:16:57 UTC 2019 /home/travis/build/icyphy/ptII/ptolemy/actor/lib/test/auto/Expression4.xml
----------------- Instantiating /home/travis/build/icyphy/ptII/ptolemy/actor/lib/test/auto/Expression4.xml
8 ms. Memory: 423936K Free: 191030K (45%)
----------------- Invoking toplevel() on ptolemy.moml.MoMLSimpleApplication@3fb740b
----------------- Done invoking toplevel() on ptolemy.moml.MoMLSimpleApplication@3fb740b
reloadAllAccessors: .Expression4

===========================================================================================
----------------- testing Sat Oct 26 06:16:57 UTC 2019 /home/travis/build/icyphy/ptII/ptolemy/actor/lib/test/auto/Expression5.xml
----------------- Instantiating /home/travis/build/icyphy/ptII/ptolemy/actor/lib/test/auto/Expression5.xml
4 ms. Memory: 423936K Free: 185925K (44%)
----------------- Invoking toplevel() on ptolemy.moml.MoMLSimpleApplication@1635d85f
----------------- Done invoking toplevel() on ptolemy.moml.MoMLSimpleApplication@1635d85f
reloadAllAccessors: .Expression5

===========================================================================================
----------------- testing Sat Oct 26 06:16:57 UTC 2019 /home/travis/build/icyphy/ptII/ptolemy/actor/lib/test/auto/Expression6.xml
----------------- Instantiating /home/travis/build/icyphy/ptII/ptolemy/actor/lib/test/auto/Expression6.xml
2 ms. Memory: 423936K Free: 181319K (43%)
----------------- Invoking toplevel() on ptolemy.moml.MoMLSimpleApplication@7dc88750
----------------- Done invoking toplevel() on ptolemy.moml.MoMLSimpleApplication@7dc88750
reloadAllAccessors: .Expression6

===========================================================================================
----------------- testing Sat Oct 26 06:16:57 UTC 2019 /home/travis/build/icyphy/ptII/ptolemy/actor/lib/test/auto/Expression7.xml
----------------- Instantiating /home/travis/build/icyphy/ptII/ptolemy/actor/lib/test/auto/Expression7.xml
3 ms. Memory: 423936K Free: 176199K (42%)
----------------- Invoking toplevel() on ptolemy.moml.MoMLSimpleApplication@7a8a5e24
----------------- Done invoking toplevel() on ptolemy.moml.MoMLSimpleApplication@7a8a5e24
reloadAllAccessors: .Expression7

===========================================================================================
----------------- testing Sat Oct 26 06:16:57 UTC 2019 /home/travis/build/icyphy/ptII/ptolemy/actor/lib/test/auto/Expression8.xml
----------------- Instantiating /home/travis/build/icyphy/ptII/ptolemy/actor/lib/test/auto/Expression8.xml
10 ms. Memory: 423936K Free: 171079K (40%)
----------------- Invoking toplevel() on ptolemy.moml.MoMLSimpleApplication@1ed5d79
----------------- Done invoking toplevel() on ptolemy.moml.MoMLSimpleApplication@1ed5d79
reloadAllAccessors: .Expression8

===========================================================================================
----------------- testing Sat Oct 26 06:16:57 UTC 2019 /home/travis/build/icyphy/ptII/ptolemy/actor/lib/test/auto/Expression9.xml
----------------- Instantiating /home/travis/build/icyphy/ptII/ptolemy/actor/lib/test/auto/Expression9.xml
1 ms. Memory: 423936K Free: 166983K (39%)
----------------- Invoking toplevel() on ptolemy.moml.MoMLSimpleApplication@6739360a
----------------- Done invoking toplevel() on ptolemy.moml.MoMLSimpleApplication@6739360a
reloadAllAccessors: .Expression9

===========================================================================================
----------------- testing Sat Oct 26 06:16:57 UTC 2019 /home/travis/build/icyphy/ptII/ptolemy/actor/lib/test/auto/ExpressionConcatenateArrayType.xml
----------------- Instantiating /home/travis/build/icyphy/ptII/ptolemy/actor/lib/test/auto/ExpressionConcatenateArrayType.xml
3 ms. Memory: 423936K Free: 160839K (38%)
----------------- Invoking toplevel() on ptolemy.moml.MoMLSimpleApplication@669c0850
----------------- Done invoking toplevel() on ptolemy.moml.MoMLSimpleApplication@669c0850
reloadAllAccessors: .ExpressionConcatenateArrayType

===========================================================================================
----------------- testing Sat Oct 26 06:16:57 UTC 2019 /home/travis/build/icyphy/ptII/ptolemy/actor/lib/test/auto/ExpressionConcatenateArrayType2.xml
----------------- Instantiating /home/travis/build/icyphy/ptII/ptolemy/actor/lib/test/auto/ExpressionConcatenateArrayType2.xml
2 ms. Memory: 423936K Free: 155205K (37%)
----------------- Invoking toplevel() on ptolemy.moml.MoMLSimpleApplication@555d98ae
----------------- Done invoking toplevel() on ptolemy.moml.MoMLSimpleApplication@555d98ae
reloadAllAccessors: .ExpressionConcatenateArrayType2

===========================================================================================
----------------- testing Sat Oct 26 06:16:57 UTC 2019 /home/travis/build/icyphy/ptII/ptolemy/actor/lib/test/auto/ExpressionFix.xml
----------------- Instantiating /home/travis/build/icyphy/ptII/ptolemy/actor/lib/test/auto/ExpressionFix.xml
18 ms. Memory: 423936K Free: 148551K (35%)
----------------- Invoking toplevel() on ptolemy.moml.MoMLSimpleApplication@682f410f
----------------- Done invoking toplevel() on ptolemy.moml.MoMLSimpleApplication@682f410f
reloadAllAccessors: .ExpressionFix

===========================================================================================
----------------- testing Sat Oct 26 06:16:57 UTC 2019 /home/travis/build/icyphy/ptII/ptolemy/actor/lib/test/auto/ExpressionFix2.xml
----------------- Instantiating /home/travis/build/icyphy/ptII/ptolemy/actor/lib/test/auto/ExpressionFix2.xml
4 ms. Memory: 423936K Free: 144455K (34%)
----------------- Invoking toplevel() on ptolemy.moml.MoMLSimpleApplication@3b6000e5
----------------- Done invoking toplevel() on ptolemy.moml.MoMLSimpleApplication@3b6000e5
reloadAllAccessors: .ExpressionFix2

===========================================================================================
----------------- testing Sat Oct 26 06:16:57 UTC 2019 /home/travis/build/icyphy/ptII/ptolemy/actor/lib/test/auto/ExpressionFix3.xml
----------------- Instantiating /home/travis/build/icyphy/ptII/ptolemy/actor/lib/test/auto/ExpressionFix3.xml
3 ms. Memory: 423936K Free: 139845K (33%)
----------------- Invoking toplevel() on ptolemy.moml.MoMLSimpleApplication@3598e77f
----------------- Done invoking toplevel() on ptolemy.moml.MoMLSimpleApplication@3598e77f
reloadAllAccessors: .ExpressionFix3

===========================================================================================
----------------- testing Sat Oct 26 06:16:57 UTC 2019 /home/travis/build/icyphy/ptII/ptolemy/actor/lib/test/auto/FileWriter1.xml
----------------- Instantiating /home/travis/build/icyphy/ptII/ptolemy/actor/lib/test/auto/FileWriter1.xml
3 ms. Memory: 423936K Free: 135749K (32%)
----------------- Invoking toplevel() on ptolemy.moml.MoMLSimpleApplication@7fd252b4
----------------- Done invoking toplevel() on ptolemy.moml.MoMLSimpleApplication@7fd252b4
reloadAllAccessors: .FileWriter1

===========================================================================================
----------------- testing Sat Oct 26 06:16:57 UTC 2019 /home/travis/build/icyphy/ptII/ptolemy/actor/lib/test/auto/FileWriter2.xml
----------------- Instantiating /home/travis/build/icyphy/ptII/ptolemy/actor/lib/test/auto/FileWriter2.xml
4 ms. Memory: 423936K Free: 131653K (31%)
----------------- Invoking toplevel() on ptolemy.moml.MoMLSimpleApplication@49c8214c
----------------- Done invoking toplevel() on ptolemy.moml.MoMLSimpleApplication@49c8214c
reloadAllAccessors: .FileWriter2

===========================================================================================
----------------- testing Sat Oct 26 06:16:57 UTC 2019 /home/travis/build/icyphy/ptII/ptolemy/actor/lib/test/auto/FileWriter3.xml
----------------- Instantiating /home/travis/build/icyphy/ptII/ptolemy/actor/lib/test/auto/FileWriter3.xml
2 ms. Memory: 423936K Free: 127557K (30%)
----------------- Invoking toplevel() on ptolemy.moml.MoMLSimpleApplication@684a3970
----------------- Done invoking toplevel() on ptolemy.moml.MoMLSimpleApplication@684a3970
reloadAllAccessors: .FileWriter3

===========================================================================================
----------------- testing Sat Oct 26 06:16:57 UTC 2019 /home/travis/build/icyphy/ptII/ptolemy/actor/lib/test/auto/Gaussian.xml
----------------- Instantiating /home/travis/build/icyphy/ptII/ptolemy/actor/lib/test/auto/Gaussian.xml
3 ms. Memory: 423936K Free: 373287K (88%)
----------------- Invoking toplevel() on ptolemy.moml.MoMLSimpleApplication@1bb6d551
----------------- Done invoking toplevel() on ptolemy.moml.MoMLSimpleApplication@1bb6d551
reloadAllAccessors: .Gaussian

===========================================================================================
----------------- testing Sat Oct 26 06:16:57 UTC 2019 /home/travis/build/icyphy/ptII/ptolemy/actor/lib/test/auto/Gaussian1.xml
----------------- Instantiating /home/travis/build/icyphy/ptII/ptolemy/actor/lib/test/auto/Gaussian1.xml
9 ms. Memory: 423936K Free: 367647K (87%)
----------------- Invoking toplevel() on ptolemy.moml.MoMLSimpleApplication@295ecbff
----------------- Done invoking toplevel() on ptolemy.moml.MoMLSimpleApplication@295ecbff
reloadAllAccessors: .Gaussian1

===========================================================================================
----------------- testing Sat Oct 26 06:16:57 UTC 2019 /home/travis/build/icyphy/ptII/ptolemy/actor/lib/test/auto/Gaussian2.xml
----------------- Instantiating /home/travis/build/icyphy/ptII/ptolemy/actor/lib/test/auto/Gaussian2.xml
2 ms. Memory: 423936K Free: 362023K (85%)
----------------- Invoking toplevel() on ptolemy.moml.MoMLSimpleApplication@2f56dae4
----------------- Done invoking toplevel() on ptolemy.moml.MoMLSimpleApplication@2f56dae4
reloadAllAccessors: .Gaussian2

===========================================================================================
----------------- testing Sat Oct 26 06:16:57 UTC 2019 /home/travis/build/icyphy/ptII/ptolemy/actor/lib/test/auto/GradientAdaptiveLattice.xml
----------------- Instantiating /home/travis/build/icyphy/ptII/ptolemy/actor/lib/test/auto/GradientAdaptiveLattice.xml
3 ms. Memory: 423936K Free: 356903K (84%)
----------------- Invoking toplevel() on ptolemy.moml.MoMLSimpleApplication@1ac0cfcd
----------------- Done invoking toplevel() on ptolemy.moml.MoMLSimpleApplication@1ac0cfcd
reloadAllAccessors: .GradientAdaptiveLattice

===========================================================================================
----------------- testing Sat Oct 26 06:16:57 UTC 2019 /home/travis/build/icyphy/ptII/ptolemy/actor/lib/test/auto/IIR.xml
----------------- Instantiating /home/travis/build/icyphy/ptII/ptolemy/actor/lib/test/auto/IIR.xml
2 ms. Memory: 423936K Free: 351783K (83%)
----------------- Invoking toplevel() on ptolemy.moml.MoMLSimpleApplication@415c91b2
----------------- Done invoking toplevel() on ptolemy.moml.MoMLSimpleApplication@415c91b2
reloadAllAccessors: .IIR

===========================================================================================
----------------- testing Sat Oct 26 06:16:57 UTC 2019 /home/travis/build/icyphy/ptII/ptolemy/actor/lib/test/auto/InputOutputTransparentPorts.xml
----------------- Instantiating /home/travis/build/icyphy/ptII/ptolemy/actor/lib/test/auto/InputOutputTransparentPorts.xml
2 ms. Memory: 423936K Free: 344101K (81%)
----------------- Invoking toplevel() on ptolemy.moml.MoMLSimpleApplication@7e682f4b
----------------- Done invoking toplevel() on ptolemy.moml.MoMLSimpleApplication@7e682f4b
reloadAllAccessors: .InputOutputTransparentPorts

===========================================================================================
----------------- testing Sat Oct 26 06:16:57 UTC 2019 /home/travis/build/icyphy/ptII/ptolemy/actor/lib/test/auto/Interpolator.xml
----------------- Instantiating /home/travis/build/icyphy/ptII/ptolemy/actor/lib/test/auto/Interpolator.xml
3 ms. Memory: 423936K Free: 340005K (80%)
----------------- Invoking toplevel() on ptolemy.moml.MoMLSimpleApplication@e91f755
----------------- Done invoking toplevel() on ptolemy.moml.MoMLSimpleApplication@e91f755
reloadAllAccessors: .Interpolator

===========================================================================================
----------------- testing Sat Oct 26 06:16:57 UTC 2019 /home/travis/build/icyphy/ptII/ptolemy/actor/lib/test/auto/InterpolatorFiringLimitDE.xml
----------------- Instantiating /home/travis/build/icyphy/ptII/ptolemy/actor/lib/test/auto/InterpolatorFiringLimitDE.xml
2 ms. Memory: 423936K Free: 333351K (79%)
----------------- Invoking toplevel() on ptolemy.moml.MoMLSimpleApplication@73eb06b8
----------------- Done invoking toplevel() on ptolemy.moml.MoMLSimpleApplication@73eb06b8
reloadAllAccessors: .InterpolatorFiringLimitDE

===========================================================================================
----------------- testing Sat Oct 26 06:16:57 UTC 2019 /home/travis/build/icyphy/ptII/ptolemy/actor/lib/test/auto/Lattice.xml
----------------- Instantiating /home/travis/build/icyphy/ptII/ptolemy/actor/lib/test/auto/Lattice.xml
1 ms. Memory: 423936K Free: 329255K (78%)
----------------- Invoking toplevel() on ptolemy.moml.MoMLSimpleApplication@47961d9a
----------------- Done invoking toplevel() on ptolemy.moml.MoMLSimpleApplication@47961d9a
reloadAllAccessors: .Lattice

===========================================================================================
----------------- testing Sat Oct 26 06:16:57 UTC 2019 /home/travis/build/icyphy/ptII/ptolemy/actor/lib/test/auto/LazyAOCTestLazy.xml
----------------- Instantiating /home/travis/build/icyphy/ptII/ptolemy/actor/lib/test/auto/LazyAOCTestLazy.xml
8 ms. Memory: 423936K Free: 323621K (76%)
----------------- Invoking toplevel() on ptolemy.moml.MoMLSimpleApplication@1cdb5cd7
----------------- Done invoking toplevel() on ptolemy.moml.MoMLSimpleApplication@1cdb5cd7
reloadAllAccessors: .LazyAOCTestLazy

===========================================================================================
----------------- testing Sat Oct 26 06:16:57 UTC 2019 /home/travis/build/icyphy/ptII/ptolemy/actor/lib/test/auto/LazyAOCTestNonLazy.xml
----------------- Instantiating /home/travis/build/icyphy/ptII/ptolemy/actor/lib/test/auto/LazyAOCTestNonLazy.xml
3 ms. Memory: 423936K Free: 316967K (75%)
----------------- Invoking toplevel() on ptolemy.moml.MoMLSimpleApplication@53ad385b
----------------- Done invoking toplevel() on ptolemy.moml.MoMLSimpleApplication@53ad385b
reloadAllAccessors: .LazyAOCTestNonLazy

===========================================================================================
----------------- testing Sat Oct 26 06:16:57 UTC 2019 /home/travis/build/icyphy/ptII/ptolemy/actor/lib/test/auto/LazyInnerClass.xml
----------------- Instantiating /home/travis/build/icyphy/ptII/ptolemy/actor/lib/test/auto/LazyInnerClass.xml
18 ms. Memory: 423936K Free: 308247K (73%)
----------------- Invoking toplevel() on ptolemy.moml.MoMLSimpleApplication@261a9858
----------------- Done invoking toplevel() on ptolemy.moml.MoMLSimpleApplication@261a9858
reloadAllAccessors: .LazyInnerClass

===========================================================================================
----------------- testing Sat Oct 26 06:16:57 UTC 2019 /home/travis/build/icyphy/ptII/ptolemy/actor/lib/test/auto/LazyPubSub.xml
----------------- Instantiating /home/travis/build/icyphy/ptII/ptolemy/actor/lib/test/auto/LazyPubSub.xml
23 ms. Memory: 423936K Free: 298021K (70%)
----------------- Invoking toplevel() on ptolemy.moml.MoMLSimpleApplication@debbee3
----------------- Done invoking toplevel() on ptolemy.moml.MoMLSimpleApplication@debbee3
reloadAllAccessors: .LazyPubSub

===========================================================================================
----------------- testing Sat Oct 26 06:16:57 UTC 2019 /home/travis/build/icyphy/ptII/ptolemy/actor/lib/test/auto/LazyPubSub2.xml
----------------- Instantiating /home/travis/build/icyphy/ptII/ptolemy/actor/lib/test/auto/LazyPubSub2.xml
12 ms. Memory: 423936K Free: 287781K (68%)
----------------- Invoking toplevel() on ptolemy.moml.MoMLSimpleApplication@6986428d
----------------- Done invoking toplevel() on ptolemy.moml.MoMLSimpleApplication@6986428d
reloadAllAccessors: .LazyPubSub2

===========================================================================================
----------------- testing Sat Oct 26 06:16:57 UTC 2019 /home/travis/build/icyphy/ptII/ptolemy/actor/lib/test/auto/LazyPubSub3.xml
----------------- Instantiating /home/travis/build/icyphy/ptII/ptolemy/actor/lib/test/auto/LazyPubSub3.xml
13 ms. Memory: 423936K Free: 277541K (65%)
----------------- Invoking toplevel() on ptolemy.moml.MoMLSimpleApplication@1fdb89c1
----------------- Done invoking toplevel() on ptolemy.moml.MoMLSimpleApplication@1fdb89c1
reloadAllAccessors: .LazyPubSub3

===========================================================================================
----------------- testing Sat Oct 26 06:16:57 UTC 2019 /home/travis/build/icyphy/ptII/ptolemy/actor/lib/test/auto/LazySubClassModel.xml
----------------- Instantiating /home/travis/build/icyphy/ptII/ptolemy/actor/lib/test/auto/LazySubClassModel.xml
2 ms. Memory: 423936K Free: 268325K (63%)
----------------- Invoking toplevel() on ptolemy.moml.MoMLSimpleApplication@3cb109c7
----------------- Done invoking toplevel() on ptolemy.moml.MoMLSimpleApplication@3cb109c7
reloadAllAccessors: .LazySubClassModel

===========================================================================================
----------------- testing Sat Oct 26 06:16:57 UTC 2019 /home/travis/build/icyphy/ptII/ptolemy/actor/lib/test/auto/LevelCrossTest1.xml
----------------- Instantiating /home/travis/build/icyphy/ptII/ptolemy/actor/lib/test/auto/LevelCrossTest1.xml
1 ms. Memory: 423936K Free: 263205K (62%)
----------------- Invoking toplevel() on ptolemy.moml.MoMLSimpleApplication@2de0d1ec
----------------- Done invoking toplevel() on ptolemy.moml.MoMLSimpleApplication@2de0d1ec
reloadAllAccessors: .broken

===========================================================================================
----------------- testing Sat Oct 26 06:16:57 UTC 2019 /home/travis/build/icyphy/ptII/ptolemy/actor/lib/test/auto/LevelCrossTest10.xml
----------------- Instantiating /home/travis/build/icyphy/ptII/ptolemy/actor/lib/test/auto/LevelCrossTest10.xml
1 ms. Memory: 423936K Free: 256037K (60%)
----------------- Invoking toplevel() on ptolemy.moml.MoMLSimpleApplication@631c65c3
----------------- Done invoking toplevel() on ptolemy.moml.MoMLSimpleApplication@631c65c3
reloadAllAccessors: .LevelCrossTest10

===========================================================================================
----------------- testing Sat Oct 26 06:16:57 UTC 2019 /home/travis/build/icyphy/ptII/ptolemy/actor/lib/test/auto/LevelCrossTest11.xml
----------------- Instantiating /home/travis/build/icyphy/ptII/ptolemy/actor/lib/test/auto/LevelCrossTest11.xml
1 ms. Memory: 423936K Free: 248869K (59%)
----------------- Invoking toplevel() on ptolemy.moml.MoMLSimpleApplication@529ba4e3
----------------- Done invoking toplevel() on ptolemy.moml.MoMLSimpleApplication@529ba4e3
reloadAllAccessors: .LevelCrossTest11

===========================================================================================
----------------- testing Sat Oct 26 06:16:58 UTC 2019 /home/travis/build/icyphy/ptII/ptolemy/actor/lib/test/auto/LevelCrossTest12.xml
----------------- Instantiating /home/travis/build/icyphy/ptII/ptolemy/actor/lib/test/auto/LevelCrossTest12.xml
2 ms. Memory: 423936K Free: 242725K (57%)
----------------- Invoking toplevel() on ptolemy.moml.MoMLSimpleApplication@1fc576f4
----------------- Done invoking toplevel() on ptolemy.moml.MoMLSimpleApplication@1fc576f4
reloadAllAccessors: .LevelCrossTest12

===========================================================================================
----------------- testing Sat Oct 26 06:16:58 UTC 2019 /home/travis/build/icyphy/ptII/ptolemy/actor/lib/test/auto/LevelCrossTest13.xml
----------------- Instantiating /home/travis/build/icyphy/ptII/ptolemy/actor/lib/test/auto/LevelCrossTest13.xml
5 ms. Memory: 423936K Free: 235047K (55%)
----------------- Invoking toplevel() on ptolemy.moml.MoMLSimpleApplication@4c031eb6
----------------- Done invoking toplevel() on ptolemy.moml.MoMLSimpleApplication@4c031eb6
reloadAllAccessors: .LevelCrossTest13

===========================================================================================
----------------- testing Sat Oct 26 06:16:58 UTC 2019 /home/travis/build/icyphy/ptII/ptolemy/actor/lib/test/auto/LevelCrossTest2.xml
----------------- Instantiating /home/travis/build/icyphy/ptII/ptolemy/actor/lib/test/auto/LevelCrossTest2.xml
2 ms. Memory: 423936K Free: 229413K (54%)
----------------- Invoking toplevel() on ptolemy.moml.MoMLSimpleApplication@d67e58b
----------------- Done invoking toplevel() on ptolemy.moml.MoMLSimpleApplication@d67e58b
reloadAllAccessors: .broken

===========================================================================================
----------------- testing Sat Oct 26 06:16:58 UTC 2019 /home/travis/build/icyphy/ptII/ptolemy/actor/lib/test/auto/LevelCrossTest3.xml
----------------- Instantiating /home/travis/build/icyphy/ptII/ptolemy/actor/lib/test/auto/LevelCrossTest3.xml
1 ms. Memory: 423936K Free: 222759K (53%)
----------------- Invoking toplevel() on ptolemy.moml.MoMLSimpleApplication@623e630f
----------------- Done invoking toplevel() on ptolemy.moml.MoMLSimpleApplication@623e630f
reloadAllAccessors: .LevelCrossTest3

===========================================================================================
----------------- testing Sat Oct 26 06:16:58 UTC 2019 /home/travis/build/icyphy/ptII/ptolemy/actor/lib/test/auto/LevelCrossTest4.xml
----------------- Instantiating /home/travis/build/icyphy/ptII/ptolemy/actor/lib/test/auto/LevelCrossTest4.xml
1 ms. Memory: 423936K Free: 217639K (51%)
----------------- Invoking toplevel() on ptolemy.moml.MoMLSimpleApplication@e1c0a75
----------------- Done invoking toplevel() on ptolemy.moml.MoMLSimpleApplication@e1c0a75
reloadAllAccessors: .broken

===========================================================================================
----------------- testing Sat Oct 26 06:16:58 UTC 2019 /home/travis/build/icyphy/ptII/ptolemy/actor/lib/test/auto/LevelCrossTest5.xml
----------------- Instantiating /home/travis/build/icyphy/ptII/ptolemy/actor/lib/test/auto/LevelCrossTest5.xml
2 ms. Memory: 423936K Free: 209957K (50%)
----------------- Invoking toplevel() on ptolemy.moml.MoMLSimpleApplication@472adc48
----------------- Done invoking toplevel() on ptolemy.moml.MoMLSimpleApplication@472adc48
reloadAllAccessors: .LevelCrossTest5

===========================================================================================
----------------- testing Sat Oct 26 06:16:58 UTC 2019 /home/travis/build/icyphy/ptII/ptolemy/actor/lib/test/auto/LevelCrossTest6.xml
----------------- Instantiating /home/travis/build/icyphy/ptII/ptolemy/actor/lib/test/auto/LevelCrossTest6.xml
1 ms. Memory: 423936K Free: 203303K (48%)
----------------- Invoking toplevel() on ptolemy.moml.MoMLSimpleApplication@5cb1af97
----------------- Done invoking toplevel() on ptolemy.moml.MoMLSimpleApplication@5cb1af97
reloadAllAccessors: .LevelCrossTest6

===========================================================================================
----------------- testing Sat Oct 26 06:16:58 UTC 2019 /home/travis/build/icyphy/ptII/ptolemy/actor/lib/test/auto/LevelCrossTest7.xml
----------------- Instantiating /home/travis/build/icyphy/ptII/ptolemy/actor/lib/test/auto/LevelCrossTest7.xml
1 ms. Memory: 423936K Free: 195607K (46%)
----------------- Invoking toplevel() on ptolemy.moml.MoMLSimpleApplication@71769599
----------------- Done invoking toplevel() on ptolemy.moml.MoMLSimpleApplication@71769599
reloadAllAccessors: .LevelCrossTest7

===========================================================================================
----------------- testing Sat Oct 26 06:16:58 UTC 2019 /home/travis/build/icyphy/ptII/ptolemy/actor/lib/test/auto/LevelCrossTest8.xml
----------------- Instantiating /home/travis/build/icyphy/ptII/ptolemy/actor/lib/test/auto/LevelCrossTest8.xml
1 ms. Memory: 423936K Free: 187943K (44%)
----------------- Invoking toplevel() on ptolemy.moml.MoMLSimpleApplication@126be235
----------------- Done invoking toplevel() on ptolemy.moml.MoMLSimpleApplication@126be235
reloadAllAccessors: .LevelCrossTest8

===========================================================================================
----------------- testing Sat Oct 26 06:16:58 UTC 2019 /home/travis/build/icyphy/ptII/ptolemy/actor/lib/test/auto/LevelCrossTest9.xml
----------------- Instantiating /home/travis/build/icyphy/ptII/ptolemy/actor/lib/test/auto/LevelCrossTest9.xml
2 ms. Memory: 423936K Free: 180261K (43%)
----------------- Invoking toplevel() on ptolemy.moml.MoMLSimpleApplication@638224a8
----------------- Done invoking toplevel() on ptolemy.moml.MoMLSimpleApplication@638224a8
reloadAllAccessors: .LevelCrossTest9

===========================================================================================
----------------- testing Sat Oct 26 06:16:58 UTC 2019 /home/travis/build/icyphy/ptII/ptolemy/actor/lib/test/auto/LevinsonDurbin.xml
----------------- Instantiating /home/travis/build/icyphy/ptII/ptolemy/actor/lib/test/auto/LevinsonDurbin.xml
1 ms. Memory: 423936K Free: 176165K (42%)
----------------- Invoking toplevel() on ptolemy.moml.MoMLSimpleApplication@7d27cfb4
----------------- Done invoking toplevel() on ptolemy.moml.MoMLSimpleApplication@7d27cfb4
reloadAllAccessors: .LevinsonDurbin

===========================================================================================
----------------- testing Sat Oct 26 06:16:58 UTC 2019 /home/travis/build/icyphy/ptII/ptolemy/actor/lib/test/auto/LevinsonDurbin2.xml
----------------- Instantiating /home/travis/build/icyphy/ptII/ptolemy/actor/lib/test/auto/LevinsonDurbin2.xml
2 ms. Memory: 423936K Free: 172069K (41%)
----------------- Invoking toplevel() on ptolemy.moml.MoMLSimpleApplication@3762e684
----------------- Done invoking toplevel() on ptolemy.moml.MoMLSimpleApplication@3762e684
reloadAllAccessors: .LevinsonDurbin2

===========================================================================================
----------------- testing Sat Oct 26 06:16:58 UTC 2019 /home/travis/build/icyphy/ptII/ptolemy/actor/lib/test/auto/LevinsonDurbin3.xml
----------------- Instantiating /home/travis/build/icyphy/ptII/ptolemy/actor/lib/test/auto/LevinsonDurbin3.xml
3 ms. Memory: 423936K Free: 167973K (40%)
----------------- Invoking toplevel() on ptolemy.moml.MoMLSimpleApplication@21b897c8
----------------- Done invoking toplevel() on ptolemy.moml.MoMLSimpleApplication@21b897c8
reloadAllAccessors: .LevinsonDurbin3

===========================================================================================
----------------- testing Sat Oct 26 06:16:58 UTC 2019 /home/travis/build/icyphy/ptII/ptolemy/actor/lib/test/auto/Limiter.xml
----------------- Instantiating /home/travis/build/icyphy/ptII/ptolemy/actor/lib/test/auto/Limiter.xml
4 ms. Memory: 423936K Free: 158757K (37%)
----------------- Invoking toplevel() on ptolemy.moml.MoMLSimpleApplication@14ec3b5d
----------------- Done invoking toplevel() on ptolemy.moml.MoMLSimpleApplication@14ec3b5d
reloadAllAccessors: .Limiter

===========================================================================================
----------------- testing Sat Oct 26 06:16:58 UTC 2019 /home/travis/build/icyphy/ptII/ptolemy/actor/lib/test/auto/LinearDifferenceEquationSystem.xml
----------------- Instantiating /home/travis/build/icyphy/ptII/ptolemy/actor/lib/test/auto/LinearDifferenceEquationSystem.xml
11 ms. Memory: 423936K Free: 151589K (36%)
----------------- Invoking toplevel() on ptolemy.moml.MoMLSimpleApplication@509ae962
----------------- Done invoking toplevel() on ptolemy.moml.MoMLSimpleApplication@509ae962
reloadAllAccessors: .LinearDifferenceEquationSystem

===========================================================================================
----------------- testing Sat Oct 26 06:16:58 UTC 2019 /home/travis/build/icyphy/ptII/ptolemy/actor/lib/test/auto/LookupTable.xml
----------------- Instantiating /home/travis/build/icyphy/ptII/ptolemy/actor/lib/test/auto/LookupTable.xml
2 ms. Memory: 423936K Free: 146983K (35%)
----------------- Invoking toplevel() on ptolemy.moml.MoMLSimpleApplication@37d7dcbd
----------------- Done invoking toplevel() on ptolemy.moml.MoMLSimpleApplication@37d7dcbd
reloadAllAccessors: .LookupTable

===========================================================================================
----------------- testing Sat Oct 26 06:16:58 UTC 2019 /home/travis/build/icyphy/ptII/ptolemy/actor/lib/test/auto/MathFunction.xml
----------------- Instantiating /home/travis/build/icyphy/ptII/ptolemy/actor/lib/test/auto/MathFunction.xml
3 ms. Memory: 423936K Free: 138791K (33%)
----------------- Invoking toplevel() on ptolemy.moml.MoMLSimpleApplication@6138d000
----------------- Done invoking toplevel() on ptolemy.moml.MoMLSimpleApplication@6138d000
reloadAllAccessors: .MathFunction

===========================================================================================
----------------- testing Sat Oct 26 06:16:58 UTC 2019 /home/travis/build/icyphy/ptII/ptolemy/actor/lib/test/auto/MathFunction2.xml
----------------- Instantiating /home/travis/build/icyphy/ptII/ptolemy/actor/lib/test/auto/MathFunction2.xml
11 ms. Memory: 423936K Free: 134695K (32%)
----------------- Invoking toplevel() on ptolemy.moml.MoMLSimpleApplication@1a372612
----------------- Done invoking toplevel() on ptolemy.moml.MoMLSimpleApplication@1a372612
reloadAllAccessors: .MathFunction2

===========================================================================================
----------------- testing Sat Oct 26 06:16:58 UTC 2019 /home/travis/build/icyphy/ptII/ptolemy/actor/lib/test/auto/MathFunction3.xml
----------------- Instantiating /home/travis/build/icyphy/ptII/ptolemy/actor/lib/test/auto/MathFunction3.xml
2 ms. Memory: 423936K Free: 128037K (30%)
----------------- Invoking toplevel() on ptolemy.moml.MoMLSimpleApplication@642fdb59
----------------- Done invoking toplevel() on ptolemy.moml.MoMLSimpleApplication@642fdb59
reloadAllAccessors: .MathFunction3

===========================================================================================
----------------- testing Sat Oct 26 06:16:58 UTC 2019 /home/travis/build/icyphy/ptII/ptolemy/actor/lib/test/auto/MatrixCropBoolean.xml
----------------- Instantiating /home/travis/build/icyphy/ptII/ptolemy/actor/lib/test/auto/MatrixCropBoolean.xml
2 ms. Memory: 423936K Free: 372796K (88%)
----------------- Invoking toplevel() on ptolemy.moml.MoMLSimpleApplication@465abd4c
----------------- Done invoking toplevel() on ptolemy.moml.MoMLSimpleApplication@465abd4c
reloadAllAccessors: .MatrixCropBoolean

===========================================================================================
----------------- testing Sat Oct 26 06:16:58 UTC 2019 /home/travis/build/icyphy/ptII/ptolemy/actor/lib/test/auto/MatrixCropComplex.xml
----------------- Instantiating /home/travis/build/icyphy/ptII/ptolemy/actor/lib/test/auto/MatrixCropComplex.xml
2 ms. Memory: 423936K Free: 367684K (87%)
----------------- Invoking toplevel() on ptolemy.moml.MoMLSimpleApplication@88e2c23
----------------- Done invoking toplevel() on ptolemy.moml.MoMLSimpleApplication@88e2c23
reloadAllAccessors: .MatrixCropComplex

===========================================================================================
----------------- testing Sat Oct 26 06:16:58 UTC 2019 /home/travis/build/icyphy/ptII/ptolemy/actor/lib/test/auto/MatrixCropDouble.xml
----------------- Instantiating /home/travis/build/icyphy/ptII/ptolemy/actor/lib/test/auto/MatrixCropDouble.xml
2 ms. Memory: 423936K Free: 362540K (86%)
----------------- Invoking toplevel() on ptolemy.moml.MoMLSimpleApplication@5f5e073d
----------------- Done invoking toplevel() on ptolemy.moml.MoMLSimpleApplication@5f5e073d
reloadAllAccessors: .MatrixCropDouble

===========================================================================================
----------------- testing Sat Oct 26 06:16:58 UTC 2019 /home/travis/build/icyphy/ptII/ptolemy/actor/lib/test/auto/MatrixCropFix.xml
----------------- Instantiating /home/travis/build/icyphy/ptII/ptolemy/actor/lib/test/auto/MatrixCropFix.xml
2 ms. Memory: 423936K Free: 356940K (84%)
----------------- Invoking toplevel() on ptolemy.moml.MoMLSimpleApplication@5464fa72
----------------- Done invoking toplevel() on ptolemy.moml.MoMLSimpleApplication@5464fa72
reloadAllAccessors: .MatrixCropFix

===========================================================================================
----------------- testing Sat Oct 26 06:16:58 UTC 2019 /home/travis/build/icyphy/ptII/ptolemy/actor/lib/test/auto/MatrixCropInt.xml
----------------- Instantiating /home/travis/build/icyphy/ptII/ptolemy/actor/lib/test/auto/MatrixCropInt.xml
2 ms. Memory: 423936K Free: 352300K (83%)
----------------- Invoking toplevel() on ptolemy.moml.MoMLSimpleApplication@64ff6108
----------------- Done invoking toplevel() on ptolemy.moml.MoMLSimpleApplication@64ff6108
reloadAllAccessors: .MatrixCropInt

===========================================================================================
----------------- testing Sat Oct 26 06:16:58 UTC 2019 /home/travis/build/icyphy/ptII/ptolemy/actor/lib/test/auto/MatrixCropLong.xml
----------------- Instantiating /home/travis/build/icyphy/ptII/ptolemy/actor/lib/test/auto/MatrixCropLong.xml
2 ms. Memory: 423936K Free: 346700K (82%)
----------------- Invoking toplevel() on ptolemy.moml.MoMLSimpleApplication@6395105b
----------------- Done invoking toplevel() on ptolemy.moml.MoMLSimpleApplication@6395105b
reloadAllAccessors: .MatrixCropLong

===========================================================================================
----------------- testing Sat Oct 26 06:16:58 UTC 2019 /home/travis/build/icyphy/ptII/ptolemy/actor/lib/test/auto/MatrixToArray.xml
----------------- Instantiating /home/travis/build/icyphy/ptII/ptolemy/actor/lib/test/auto/MatrixToArray.xml
17 ms. Memory: 423936K Free: 331340K (78%)
----------------- Invoking toplevel() on ptolemy.moml.MoMLSimpleApplication@25740e39
----------------- Done invoking toplevel() on ptolemy.moml.MoMLSimpleApplication@25740e39
reloadAllAccessors: .MatrixToArray

===========================================================================================
----------------- testing Sat Oct 26 06:16:58 UTC 2019 /home/travis/build/icyphy/ptII/ptolemy/actor/lib/test/auto/MaxIndex.xml
----------------- Instantiating /home/travis/build/icyphy/ptII/ptolemy/actor/lib/test/auto/MaxIndex.xml
2 ms. Memory: 423936K Free: 326730K (77%)
----------------- Invoking toplevel() on ptolemy.moml.MoMLSimpleApplication@1eaad2ae
----------------- Done invoking toplevel() on ptolemy.moml.MoMLSimpleApplication@1eaad2ae
reloadAllAccessors: .MaxIndex

===========================================================================================
----------------- testing Sat Oct 26 06:16:58 UTC 2019 /home/travis/build/icyphy/ptII/ptolemy/actor/lib/test/auto/Maximum.xml
----------------- Instantiating /home/travis/build/icyphy/ptII/ptolemy/actor/lib/test/auto/Maximum.xml
5 ms. Memory: 423936K Free: 320076K (76%)
----------------- Invoking toplevel() on ptolemy.moml.MoMLSimpleApplication@22fc1997
----------------- Done invoking toplevel() on ptolemy.moml.MoMLSimpleApplication@22fc1997
reloadAllAccessors: .Maximum

===========================================================================================
----------------- testing Sat Oct 26 06:16:58 UTC 2019 /home/travis/build/icyphy/ptII/ptolemy/actor/lib/test/auto/MaximumComplex.xml
----------------- Instantiating /home/travis/build/icyphy/ptII/ptolemy/actor/lib/test/auto/MaximumComplex.xml
5 ms. Memory: 423936K Free: 313932K (74%)
----------------- Invoking toplevel() on ptolemy.moml.MoMLSimpleApplication@7d5cca45
----------------- Done invoking toplevel() on ptolemy.moml.MoMLSimpleApplication@7d5cca45
reloadAllAccessors: .MaximumComplex

===========================================================================================
----------------- testing Sat Oct 26 06:16:58 UTC 2019 /home/travis/build/icyphy/ptII/ptolemy/actor/lib/test/auto/MethodCallTest.xml
----------------- Instantiating /home/travis/build/icyphy/ptII/ptolemy/actor/lib/test/auto/MethodCallTest.xml
2 ms. Memory: 423936K Free: 307274K (72%)
----------------- Invoking toplevel() on ptolemy.moml.MoMLSimpleApplication@6f3ec050
----------------- Done invoking toplevel() on ptolemy.moml.MoMLSimpleApplication@6f3ec050
reloadAllAccessors: .MethodCallTest

===========================================================================================
----------------- testing Sat Oct 26 06:16:58 UTC 2019 /home/travis/build/icyphy/ptII/ptolemy/actor/lib/test/auto/Minimum.xml
----------------- Instantiating /home/travis/build/icyphy/ptII/ptolemy/actor/lib/test/auto/Minimum.xml
3 ms. Memory: 423936K Free: 300620K (71%)
----------------- Invoking toplevel() on ptolemy.moml.MoMLSimpleApplication@3ad5327d
----------------- Done invoking toplevel() on ptolemy.moml.MoMLSimpleApplication@3ad5327d
reloadAllAccessors: .Minimum

===========================================================================================
----------------- testing Sat Oct 26 06:16:58 UTC 2019 /home/travis/build/icyphy/ptII/ptolemy/actor/lib/test/auto/MinimumComplex.xml
----------------- Instantiating /home/travis/build/icyphy/ptII/ptolemy/actor/lib/test/auto/MinimumComplex.xml
4 ms. Memory: 423936K Free: 294476K (69%)
----------------- Invoking toplevel() on ptolemy.moml.MoMLSimpleApplication@305c606f
----------------- Done invoking toplevel() on ptolemy.moml.MoMLSimpleApplication@305c606f
reloadAllAccessors: .MinimumComplex

===========================================================================================
----------------- testing Sat Oct 26 06:16:58 UTC 2019 /home/travis/build/icyphy/ptII/ptolemy/actor/lib/test/auto/MinimumMultiports.xml
----------------- Instantiating /home/travis/build/icyphy/ptII/ptolemy/actor/lib/test/auto/MinimumMultiports.xml
4 ms. Memory: 423936K Free: 285756K (67%)
----------------- Invoking toplevel() on ptolemy.moml.MoMLSimpleApplication@1e808caf
----------------- Done invoking toplevel() on ptolemy.moml.MoMLSimpleApplication@1e808caf
reloadAllAccessors: .MinimumMultiports

===========================================================================================
----------------- testing Sat Oct 26 06:16:58 UTC 2019 /home/travis/build/icyphy/ptII/ptolemy/actor/lib/test/auto/ModifyDate.xml
----------------- Instantiating /home/travis/build/icyphy/ptII/ptolemy/actor/lib/test/auto/ModifyDate.xml
7 ms. Memory: 423936K Free: 272458K (64%)
----------------- Invoking toplevel() on ptolemy.moml.MoMLSimpleApplication@16c62df1
----------------- Done invoking toplevel() on ptolemy.moml.MoMLSimpleApplication@16c62df1
reloadAllAccessors: .ModifyDate

===========================================================================================
----------------- testing Sat Oct 26 06:16:58 UTC 2019 /home/travis/build/icyphy/ptII/ptolemy/actor/lib/test/auto/ModifyDate2.xml
----------------- Instantiating /home/travis/build/icyphy/ptII/ptolemy/actor/lib/test/auto/ModifyDate2.xml
10 ms. Memory: 423936K Free: 263756K (62%)
----------------- Invoking toplevel() on ptolemy.moml.MoMLSimpleApplication@5857b22d
----------------- Done invoking toplevel() on ptolemy.moml.MoMLSimpleApplication@5857b22d
reloadAllAccessors: .ModifyDate2

===========================================================================================
----------------- testing Sat Oct 26 06:16:58 UTC 2019 /home/travis/build/icyphy/ptII/ptolemy/actor/lib/test/auto/MovingAverage.xml
----------------- Instantiating /home/travis/build/icyphy/ptII/ptolemy/actor/lib/test/auto/MovingAverage.xml
1 ms. Memory: 423936K Free: 258636K (61%)
----------------- Invoking toplevel() on ptolemy.moml.MoMLSimpleApplication@7e279e0c
----------------- Done invoking toplevel() on ptolemy.moml.MoMLSimpleApplication@7e279e0c
reloadAllAccessors: .MovingAverage

===========================================================================================
----------------- testing Sat Oct 26 06:16:58 UTC 2019 /home/travis/build/icyphy/ptII/ptolemy/actor/lib/test/auto/MovingMaximum.xml
----------------- Instantiating /home/travis/build/icyphy/ptII/ptolemy/actor/lib/test/auto/MovingMaximum.xml
2 ms. Memory: 423936K Free: 254026K (60%)
----------------- Invoking toplevel() on ptolemy.moml.MoMLSimpleApplication@12df26e6
----------------- Done invoking toplevel() on ptolemy.moml.MoMLSimpleApplication@12df26e6
reloadAllAccessors: .MovingMaximum

===========================================================================================
----------------- testing Sat Oct 26 06:16:58 UTC 2019 /home/travis/build/icyphy/ptII/ptolemy/actor/lib/test/auto/MultipleLinksToSameRelation.xml
----------------- Instantiating /home/travis/build/icyphy/ptII/ptolemy/actor/lib/test/auto/MultipleLinksToSameRelation.xml
2 ms. Memory: 423936K Free: 249930K (59%)
----------------- Invoking toplevel() on ptolemy.moml.MoMLSimpleApplication@55e81bb4
----------------- Done invoking toplevel() on ptolemy.moml.MoMLSimpleApplication@55e81bb4
reloadAllAccessors: .MultipleLinksToSameRelation

===========================================================================================
----------------- testing Sat Oct 26 06:16:58 UTC 2019 /home/travis/build/icyphy/ptII/ptolemy/actor/lib/test/auto/MultipleLinksToSameRelationDE.xml
----------------- Instantiating /home/travis/build/icyphy/ptII/ptolemy/actor/lib/test/auto/MultipleLinksToSameRelationDE.xml
1 ms. Memory: 423936K Free: 245324K (58%)
----------------- Invoking toplevel() on ptolemy.moml.MoMLSimpleApplication@29b9a09
----------------- Done invoking toplevel() on ptolemy.moml.MoMLSimpleApplication@29b9a09
reloadAllAccessors: .MultipleLinksToSameRelationDE

===========================================================================================
----------------- testing Sat Oct 26 06:16:58 UTC 2019 /home/travis/build/icyphy/ptII/ptolemy/actor/lib/test/auto/Multiplexor.xml
----------------- Instantiating /home/travis/build/icyphy/ptII/ptolemy/actor/lib/test/auto/Multiplexor.xml
1 ms. Memory: 423936K Free: 239690K (57%)
----------------- Invoking toplevel() on ptolemy.moml.MoMLSimpleApplication@5a1fde01
----------------- Done invoking toplevel() on ptolemy.moml.MoMLSimpleApplication@5a1fde01
reloadAllAccessors: .Multiplexor

===========================================================================================
----------------- testing Sat Oct 26 06:16:58 UTC 2019 /home/travis/build/icyphy/ptII/ptolemy/actor/lib/test/auto/Multiplexor1.xml
----------------- Instantiating /home/travis/build/icyphy/ptII/ptolemy/actor/lib/test/auto/Multiplexor1.xml
3 ms. Memory: 423936K Free: 234060K (55%)
----------------- Invoking toplevel() on ptolemy.moml.MoMLSimpleApplication@76fb5580
----------------- Done invoking toplevel() on ptolemy.moml.MoMLSimpleApplication@76fb5580
reloadAllAccessors: .Multiplexor1

===========================================================================================
----------------- testing Sat Oct 26 06:16:58 UTC 2019 /home/travis/build/icyphy/ptII/ptolemy/actor/lib/test/auto/Multiplexor2.xml
----------------- Instantiating /home/travis/build/icyphy/ptII/ptolemy/actor/lib/test/auto/Multiplexor2.xml
6 ms. Memory: 423936K Free: 227399K (54%)
----------------- Invoking toplevel() on ptolemy.moml.MoMLSimpleApplication@234d4fa9
----------------- Done invoking toplevel() on ptolemy.moml.MoMLSimpleApplication@234d4fa9
reloadAllAccessors: .Multiplexor2

===========================================================================================
----------------- testing Sat Oct 26 06:16:58 UTC 2019 /home/travis/build/icyphy/ptII/ptolemy/actor/lib/test/auto/Multiplexor3.xml
----------------- Instantiating /home/travis/build/icyphy/ptII/ptolemy/actor/lib/test/auto/Multiplexor3.xml
2 ms. Memory: 423936K Free: 223306K (53%)
----------------- Invoking toplevel() on ptolemy.moml.MoMLSimpleApplication@4fe43ba7
----------------- Done invoking toplevel() on ptolemy.moml.MoMLSimpleApplication@4fe43ba7
reloadAllAccessors: .Multiplexor3

===========================================================================================
----------------- testing Sat Oct 26 06:16:59 UTC 2019 /home/travis/build/icyphy/ptII/ptolemy/actor/lib/test/auto/MultiplexorDE.xml
----------------- Instantiating /home/travis/build/icyphy/ptII/ptolemy/actor/lib/test/auto/MultiplexorDE.xml
3 ms. Memory: 423936K Free: 215628K (51%)
----------------- Invoking toplevel() on ptolemy.moml.MoMLSimpleApplication@10393c4a
----------------- Done invoking toplevel() on ptolemy.moml.MoMLSimpleApplication@10393c4a
reloadAllAccessors: .MultiplexorDE

===========================================================================================
----------------- testing Sat Oct 26 06:16:59 UTC 2019 /home/travis/build/icyphy/ptII/ptolemy/actor/lib/test/auto/MultiportBroadcastTest.xml
----------------- Instantiating /home/travis/build/icyphy/ptII/ptolemy/actor/lib/test/auto/MultiportBroadcastTest.xml
96 ms. Memory: 423936K Free: 209484K (49%)
----------------- Invoking toplevel() on ptolemy.moml.MoMLSimpleApplication@60f6be46
----------------- Done invoking toplevel() on ptolemy.moml.MoMLSimpleApplication@60f6be46
reloadAllAccessors: .MultiportBroadcastTest

===========================================================================================
----------------- testing Sat Oct 26 06:16:59 UTC 2019 /home/travis/build/icyphy/ptII/ptolemy/actor/lib/test/auto/MultiportOutHangDuringGetWidth.xml
----------------- Instantiating /home/travis/build/icyphy/ptII/ptolemy/actor/lib/test/auto/MultiportOutHangDuringGetWidth.xml
7 ms. Memory: 423936K Free: 197692K (47%)
----------------- Invoking toplevel() on ptolemy.moml.MoMLSimpleApplication@14b413e7
----------------- Done invoking toplevel() on ptolemy.moml.MoMLSimpleApplication@14b413e7
reloadAllAccessors: .MultiportOutHangDuringGetWidth

===========================================================================================
----------------- testing Sat Oct 26 06:16:59 UTC 2019 /home/travis/build/icyphy/ptII/ptolemy/actor/lib/test/auto/NilToken.xml
----------------- Instantiating /home/travis/build/icyphy/ptII/ptolemy/actor/lib/test/auto/NilToken.xml
1 ms. Memory: 423936K Free: 193610K (46%)
----------------- Invoking toplevel() on ptolemy.moml.MoMLSimpleApplication@5382f466
----------------- Done invoking toplevel() on ptolemy.moml.MoMLSimpleApplication@5382f466
reloadAllAccessors: .NilToken

===========================================================================================
----------------- testing Sat Oct 26 06:16:59 UTC 2019 /home/travis/build/icyphy/ptII/ptolemy/actor/lib/test/auto/NilTokenNonStrictTest.xml
----------------- Instantiating /home/travis/build/icyphy/ptII/ptolemy/actor/lib/test/auto/NilTokenNonStrictTest.xml
2 ms. Memory: 423936K Free: 189004K (45%)
----------------- Invoking toplevel() on ptolemy.moml.MoMLSimpleApplication@1ded54e7
----------------- Done invoking toplevel() on ptolemy.moml.MoMLSimpleApplication@1ded54e7
reloadAllAccessors: .NilTokenNonStrictTest

===========================================================================================
----------------- testing Sat Oct 26 06:16:59 UTC 2019 /home/travis/build/icyphy/ptII/ptolemy/actor/lib/test/auto/NilTokenRecord.xml
----------------- Instantiating /home/travis/build/icyphy/ptII/ptolemy/actor/lib/test/auto/NilTokenRecord.xml
7 ms. Memory: 423936K Free: 182345K (43%)
----------------- Invoking toplevel() on ptolemy.moml.MoMLSimpleApplication@2c61051a
----------------- Done invoking toplevel() on ptolemy.moml.MoMLSimpleApplication@2c61051a
reloadAllAccessors: .NilTokenRecord

===========================================================================================
----------------- testing Sat Oct 26 06:16:59 UTC 2019 /home/travis/build/icyphy/ptII/ptolemy/actor/lib/test/auto/NilTokenTypeTest.xml
----------------- Instantiating /home/travis/build/icyphy/ptII/ptolemy/actor/lib/test/auto/NilTokenTypeTest.xml
13 ms. Memory: 423936K Free: 172620K (41%)
----------------- Invoking toplevel() on ptolemy.moml.MoMLSimpleApplication@660dca73
----------------- Done invoking toplevel() on ptolemy.moml.MoMLSimpleApplication@660dca73
reloadAllAccessors: .NilTokenTypeTest

===========================================================================================
----------------- testing Sat Oct 26 06:16:59 UTC 2019 /home/travis/build/icyphy/ptII/ptolemy/actor/lib/test/auto/ObjectToken1.xml
----------------- Instantiating /home/travis/build/icyphy/ptII/ptolemy/actor/lib/test/auto/ObjectToken1.xml
3 ms. Memory: 423936K Free: 168524K (40%)
----------------- Invoking toplevel() on ptolemy.moml.MoMLSimpleApplication@13839298
----------------- Done invoking toplevel() on ptolemy.moml.MoMLSimpleApplication@13839298
reloadAllAccessors: .ObjectToken1

===========================================================================================
----------------- testing Sat Oct 26 06:16:59 UTC 2019 /home/travis/build/icyphy/ptII/ptolemy/actor/lib/test/auto/OrderedMerge.xml
----------------- Instantiating /home/travis/build/icyphy/ptII/ptolemy/actor/lib/test/auto/OrderedMerge.xml
11 ms. Memory: 423936K Free: 162890K (38%)
----------------- Invoking toplevel() on ptolemy.moml.MoMLSimpleApplication@72a2c42e
----------------- Done invoking toplevel() on ptolemy.moml.MoMLSimpleApplication@72a2c42e
reloadAllAccessors: .OrderedMerge

===========================================================================================
----------------- testing Sat Oct 26 06:16:59 UTC 2019 /home/travis/build/icyphy/ptII/ptolemy/actor/lib/test/auto/OrderedRecordDisassembler.xml
----------------- Instantiating /home/travis/build/icyphy/ptII/ptolemy/actor/lib/test/auto/OrderedRecordDisassembler.xml
3 ms. Memory: 423936K Free: 157740K (37%)
----------------- Invoking toplevel() on ptolemy.moml.MoMLSimpleApplication@5e69a306
----------------- Done invoking toplevel() on ptolemy.moml.MoMLSimpleApplication@5e69a306
reloadAllAccessors: .OrderedRecordDisassembler

===========================================================================================
----------------- testing Sat Oct 26 06:16:59 UTC 2019 /home/travis/build/icyphy/ptII/ptolemy/actor/lib/test/auto/OrderedRecordDisassembler2.xml
----------------- Instantiating /home/travis/build/icyphy/ptII/ptolemy/actor/lib/test/auto/OrderedRecordDisassembler2.xml
5 ms. Memory: 423936K Free: 150092K (35%)
----------------- Invoking toplevel() on ptolemy.moml.MoMLSimpleApplication@997685f
----------------- Done invoking toplevel() on ptolemy.moml.MoMLSimpleApplication@997685f
reloadAllAccessors: .OrderedRecordDisassembler2

===========================================================================================
----------------- testing Sat Oct 26 06:16:59 UTC 2019 /home/travis/build/icyphy/ptII/ptolemy/actor/lib/test/auto/OrderedRecordUpdater.xml
----------------- Instantiating /home/travis/build/icyphy/ptII/ptolemy/actor/lib/test/auto/OrderedRecordUpdater.xml
2 ms. Memory: 423936K Free: 145482K (34%)
----------------- Invoking toplevel() on ptolemy.moml.MoMLSimpleApplication@35f03f20
----------------- Done invoking toplevel() on ptolemy.moml.MoMLSimpleApplication@35f03f20
reloadAllAccessors: .RecordUpdater

===========================================================================================
----------------- testing Sat Oct 26 06:16:59 UTC 2019 /home/travis/build/icyphy/ptII/ptolemy/actor/lib/test/auto/OrderedRecordUpdater2.xml
----------------- Instantiating /home/travis/build/icyphy/ptII/ptolemy/actor/lib/test/auto/OrderedRecordUpdater2.xml
3 ms. Memory: 423936K Free: 140362K (33%)
----------------- Invoking toplevel() on ptolemy.moml.MoMLSimpleApplication@6bea40d8
----------------- Done invoking toplevel() on ptolemy.moml.MoMLSimpleApplication@6bea40d8
reloadAllAccessors: .RecordUpdater2

===========================================================================================
----------------- testing Sat Oct 26 06:16:59 UTC 2019 /home/travis/build/icyphy/ptII/ptolemy/actor/lib/test/auto/PhaseUnwrap.xml
----------------- Instantiating /home/travis/build/icyphy/ptII/ptolemy/actor/lib/test/auto/PhaseUnwrap.xml
5 ms. Memory: 423936K Free: 135756K (32%)
----------------- Invoking toplevel() on ptolemy.moml.MoMLSimpleApplication@a533c96
----------------- Done invoking toplevel() on ptolemy.moml.MoMLSimpleApplication@a533c96
reloadAllAccessors: .PhaseUnwrap

===========================================================================================
----------------- testing Sat Oct 26 06:16:59 UTC 2019 /home/travis/build/icyphy/ptII/ptolemy/actor/lib/test/auto/PoissonClock.xml
----------------- Instantiating /home/travis/build/icyphy/ptII/ptolemy/actor/lib/test/auto/PoissonClock.xml
1 ms. Memory: 423936K Free: 131660K (31%)
----------------- Invoking toplevel() on ptolemy.moml.MoMLSimpleApplication@54449e2f
----------------- Done invoking toplevel() on ptolemy.moml.MoMLSimpleApplication@54449e2f
reloadAllAccessors: .PoissonClock

===========================================================================================
----------------- testing Sat Oct 26 06:16:59 UTC 2019 /home/travis/build/icyphy/ptII/ptolemy/actor/lib/test/auto/PoissonClock2.xml
----------------- Instantiating /home/travis/build/icyphy/ptII/ptolemy/actor/lib/test/auto/PoissonClock2.xml
2 ms. Memory: 423936K Free: 127564K (30%)
----------------- Invoking toplevel() on ptolemy.moml.MoMLSimpleApplication@264c4ddc
----------------- Done invoking toplevel() on ptolemy.moml.MoMLSimpleApplication@264c4ddc
reloadAllAccessors: .PoissonClock2

===========================================================================================
----------------- testing Sat Oct 26 06:16:59 UTC 2019 /home/travis/build/icyphy/ptII/ptolemy/actor/lib/test/auto/PoissonClock3.xml
----------------- Instantiating /home/travis/build/icyphy/ptII/ptolemy/actor/lib/test/auto/PoissonClock3.xml
2 ms. Memory: 423936K Free: 372753K (88%)
----------------- Invoking toplevel() on ptolemy.moml.MoMLSimpleApplication@72056c8c
----------------- Done invoking toplevel() on ptolemy.moml.MoMLSimpleApplication@72056c8c
reloadAllAccessors: .PoissonClock3

===========================================================================================
----------------- testing Sat Oct 26 06:16:59 UTC 2019 /home/travis/build/icyphy/ptII/ptolemy/actor/lib/test/auto/PubSubWithInitialTokens.xml
----------------- Instantiating /home/travis/build/icyphy/ptII/ptolemy/actor/lib/test/auto/PubSubWithInitialTokens.xml
3 ms. Memory: 423936K Free: 366579K (86%)
----------------- Invoking toplevel() on ptolemy.moml.MoMLSimpleApplication@6a0d2fb
----------------- Done invoking toplevel() on ptolemy.moml.MoMLSimpleApplication@6a0d2fb
reloadAllAccessors: .PubSubWithInitialTokens

===========================================================================================
----------------- testing Sat Oct 26 06:16:59 UTC 2019 /home/travis/build/icyphy/ptII/ptolemy/actor/lib/test/auto/PubSubWithInitialTokens2.xml
----------------- Instantiating /home/travis/build/icyphy/ptII/ptolemy/actor/lib/test/auto/PubSubWithInitialTokens2.xml
2 ms. Memory: 423936K Free: 360451K (85%)
----------------- Invoking toplevel() on ptolemy.moml.MoMLSimpleApplication@6ab3221b
----------------- Done invoking toplevel() on ptolemy.moml.MoMLSimpleApplication@6ab3221b
reloadAllAccessors: .PubSubWithInitialTokens2

===========================================================================================
----------------- testing Sat Oct 26 06:16:59 UTC 2019 /home/travis/build/icyphy/ptII/ptolemy/actor/lib/test/auto/PublisherClassNoParameter.xml
----------------- Instantiating /home/travis/build/icyphy/ptII/ptolemy/actor/lib/test/auto/PublisherClassNoParameter.xml
2 ms. Memory: 423936K Free: 350211K (83%)
----------------- Invoking toplevel() on ptolemy.moml.MoMLSimpleApplication@37e39dae
----------------- Done invoking toplevel() on ptolemy.moml.MoMLSimpleApplication@37e39dae
reloadAllAccessors: .PublisherClassNoParameter

===========================================================================================
----------------- testing Sat Oct 26 06:16:59 UTC 2019 /home/travis/build/icyphy/ptII/ptolemy/actor/lib/test/auto/PublisherClassParameter.xml
----------------- Instantiating /home/travis/build/icyphy/ptII/ptolemy/actor/lib/test/auto/PublisherClassParameter.xml
3 ms. Memory: 423936K Free: 339971K (80%)
----------------- Invoking toplevel() on ptolemy.moml.MoMLSimpleApplication@5301f72
----------------- Done invoking toplevel() on ptolemy.moml.MoMLSimpleApplication@5301f72
reloadAllAccessors: .PublisherClassParameter

===========================================================================================
----------------- testing Sat Oct 26 06:16:59 UTC 2019 /home/travis/build/icyphy/ptII/ptolemy/actor/lib/test/auto/PublisherNonStrictTest.xml
----------------- Instantiating /home/travis/build/icyphy/ptII/ptolemy/actor/lib/test/auto/PublisherNonStrictTest.xml
3 ms. Memory: 423936K Free: 332307K (78%)
----------------- Invoking toplevel() on ptolemy.moml.MoMLSimpleApplication@3ff23b57
----------------- Done invoking toplevel() on ptolemy.moml.MoMLSimpleApplication@3ff23b57
reloadAllAccessors: .PublisherNonStrictTest

===========================================================================================
----------------- testing Sat Oct 26 06:16:59 UTC 2019 /home/travis/build/icyphy/ptII/ptolemy/actor/lib/test/auto/PublisherPort1.xml
----------------- Instantiating /home/travis/build/icyphy/ptII/ptolemy/actor/lib/test/auto/PublisherPort1.xml
2 ms. Memory: 423936K Free: 326659K (77%)
----------------- Invoking toplevel() on ptolemy.moml.MoMLSimpleApplication@29b497dd
----------------- Done invoking toplevel() on ptolemy.moml.MoMLSimpleApplication@29b497dd
reloadAllAccessors: .PublisherPort1

===========================================================================================
----------------- testing Sat Oct 26 06:16:59 UTC 2019 /home/travis/build/icyphy/ptII/ptolemy/actor/lib/test/auto/PublisherPort2.xml
----------------- Instantiating /home/travis/build/icyphy/ptII/ptolemy/actor/lib/test/auto/PublisherPort2.xml
1 ms. Memory: 423936K Free: 321553K (76%)
----------------- Invoking toplevel() on ptolemy.moml.MoMLSimpleApplication@444c0727
----------------- Done invoking toplevel() on ptolemy.moml.MoMLSimpleApplication@444c0727
reloadAllAccessors: .PublisherPort2

===========================================================================================
----------------- testing Sat Oct 26 06:16:59 UTC 2019 /home/travis/build/icyphy/ptII/ptolemy/actor/lib/test/auto/PublisherPort3.xml
----------------- Instantiating /home/travis/build/icyphy/ptII/ptolemy/actor/lib/test/auto/PublisherPort3.xml
11 ms. Memory: 423936K Free: 314899K (74%)
----------------- Invoking toplevel() on ptolemy.moml.MoMLSimpleApplication@10479f1d
----------------- Done invoking toplevel() on ptolemy.moml.MoMLSimpleApplication@10479f1d
reloadAllAccessors: .PublisherPort3

===========================================================================================
----------------- testing Sat Oct 26 06:16:59 UTC 2019 /home/travis/build/icyphy/ptII/ptolemy/actor/lib/test/auto/PublisherPort4.xml
----------------- Instantiating /home/travis/build/icyphy/ptII/ptolemy/actor/lib/test/auto/PublisherPort4.xml
2 ms. Memory: 423936K Free: 308755K (73%)
----------------- Invoking toplevel() on ptolemy.moml.MoMLSimpleApplication@44a4b4f5
----------------- Done invoking toplevel() on ptolemy.moml.MoMLSimpleApplication@44a4b4f5
reloadAllAccessors: .PublisherPort4

===========================================================================================
----------------- testing Sat Oct 26 06:16:59 UTC 2019 /home/travis/build/icyphy/ptII/ptolemy/actor/lib/test/auto/PublisherPort5.xml
----------------- Instantiating /home/travis/build/icyphy/ptII/ptolemy/actor/lib/test/auto/PublisherPort5.xml
3 ms. Memory: 423936K Free: 301073K (71%)
----------------- Invoking toplevel() on ptolemy.moml.MoMLSimpleApplication@c15c0a
----------------- Done invoking toplevel() on ptolemy.moml.MoMLSimpleApplication@c15c0a
reloadAllAccessors: .PublisherPort5

===========================================================================================
----------------- testing Sat Oct 26 06:16:59 UTC 2019 /home/travis/build/icyphy/ptII/ptolemy/actor/lib/test/auto/PublisherPort5LookAlike.xml
----------------- Instantiating /home/travis/build/icyphy/ptII/ptolemy/actor/lib/test/auto/PublisherPort5LookAlike.xml
9 ms. Memory: 423936K Free: 293395K (69%)
----------------- Invoking toplevel() on ptolemy.moml.MoMLSimpleApplication@2c0e833f
----------------- Done invoking toplevel() on ptolemy.moml.MoMLSimpleApplication@2c0e833f
reloadAllAccessors: .PublisherPort5LookAlike

===========================================================================================
----------------- testing Sat Oct 26 06:16:59 UTC 2019 /home/travis/build/icyphy/ptII/ptolemy/actor/lib/test/auto/PublisherPort6.xml
----------------- Instantiating /home/travis/build/icyphy/ptII/ptolemy/actor/lib/test/auto/PublisherPort6.xml
2 ms. Memory: 423936K Free: 286737K (68%)
----------------- Invoking toplevel() on ptolemy.moml.MoMLSimpleApplication@4f664f44
----------------- Done invoking toplevel() on ptolemy.moml.MoMLSimpleApplication@4f664f44
reloadAllAccessors: .PublisherPort6

===========================================================================================
----------------- testing Sat Oct 26 06:16:59 UTC 2019 /home/travis/build/icyphy/ptII/ptolemy/actor/lib/test/auto/PublisherPort7.xml
----------------- Instantiating /home/travis/build/icyphy/ptII/ptolemy/actor/lib/test/auto/PublisherPort7.xml
3 ms. Memory: 423936K Free: 279059K (66%)
----------------- Invoking toplevel() on ptolemy.moml.MoMLSimpleApplication@7ad5fcb1
----------------- Done invoking toplevel() on ptolemy.moml.MoMLSimpleApplication@7ad5fcb1
reloadAllAccessors: .PublisherPort7

===========================================================================================
----------------- testing Sat Oct 26 06:16:59 UTC 2019 /home/travis/build/icyphy/ptII/ptolemy/actor/lib/test/auto/PublisherPort8.xml
----------------- Instantiating /home/travis/build/icyphy/ptII/ptolemy/actor/lib/test/auto/PublisherPort8.xml
4 ms. Memory: 423936K Free: 270353K (64%)
----------------- Invoking toplevel() on ptolemy.moml.MoMLSimpleApplication@98cd92a
----------------- Done invoking toplevel() on ptolemy.moml.MoMLSimpleApplication@98cd92a
reloadAllAccessors: .PublisherPort8

===========================================================================================
----------------- testing Sat Oct 26 06:16:59 UTC 2019 /home/travis/build/icyphy/ptII/ptolemy/actor/lib/test/auto/PublisherPortSubscriberChannelVariablesAOC2.xml
----------------- Instantiating /home/travis/build/icyphy/ptII/ptolemy/actor/lib/test/auto/PublisherPortSubscriberChannelVariablesAOC2.xml
2 ms. Memory: 423936K Free: 251921K (59%)
----------------- Invoking toplevel() on ptolemy.moml.MoMLSimpleApplication@1c9006d2
----------------- Done invoking toplevel() on ptolemy.moml.MoMLSimpleApplication@1c9006d2
reloadAllAccessors: .PublisherPortSubscriberChannelVariablesAOC2

===========================================================================================
----------------- testing Sat Oct 26 06:16:59 UTC 2019 /home/travis/build/icyphy/ptII/ptolemy/actor/lib/test/auto/PublisherPortSubscriberOpaqueWidthInference.xml
----------------- Instantiating /home/travis/build/icyphy/ptII/ptolemy/actor/lib/test/auto/PublisherPortSubscriberOpaqueWidthInference.xml
4 ms. Memory: 423936K Free: 244243K (58%)
----------------- Invoking toplevel() on ptolemy.moml.MoMLSimpleApplication@59eb3908
----------------- Done invoking toplevel() on ptolemy.moml.MoMLSimpleApplication@59eb3908
reloadAllAccessors: .PublisherPortSubscriberOpaqueWidthInference

===========================================================================================
----------------- testing Sat Oct 26 06:16:59 UTC 2019 /home/travis/build/icyphy/ptII/ptolemy/actor/lib/test/auto/PublisherPortSubscriberPortAdjacent.xml
----------------- Instantiating /home/travis/build/icyphy/ptII/ptolemy/actor/lib/test/auto/PublisherPortSubscriberPortAdjacent.xml
7 ms. Memory: 423936K Free: 236051K (56%)
----------------- Invoking toplevel() on ptolemy.moml.MoMLSimpleApplication@377e01b3
----------------- Done invoking toplevel() on ptolemy.moml.MoMLSimpleApplication@377e01b3
reloadAllAccessors: .PublisherPortSubscriberPortAdjacent

===========================================================================================
----------------- testing Sat Oct 26 06:16:59 UTC 2019 /home/travis/build/icyphy/ptII/ptolemy/actor/lib/test/auto/PublisherPortSubscriberPortExpression.xml
----------------- Instantiating /home/travis/build/icyphy/ptII/ptolemy/actor/lib/test/auto/PublisherPortSubscriberPortExpression.xml
8 ms. Memory: 423936K Free: 227859K (54%)
----------------- Invoking toplevel() on ptolemy.moml.MoMLSimpleApplication@278952c3
----------------- Done invoking toplevel() on ptolemy.moml.MoMLSimpleApplication@278952c3
reloadAllAccessors: .PublisherPortSubscriberPortExpression

===========================================================================================
----------------- testing Sat Oct 26 06:16:59 UTC 2019 /home/travis/build/icyphy/ptII/ptolemy/actor/lib/test/auto/PublisherPortSubscriberPortOpaqueD3Reverse.xml
----------------- Instantiating /home/travis/build/icyphy/ptII/ptolemy/actor/lib/test/auto/PublisherPortSubscriberPortOpaqueD3Reverse.xml
6 ms. Memory: 423936K Free: 217619K (51%)
----------------- Invoking toplevel() on ptolemy.moml.MoMLSimpleApplication@53888480
----------------- Done invoking toplevel() on ptolemy.moml.MoMLSimpleApplication@53888480
reloadAllAccessors: .PublisherPortSubscriberPortOpaqueD3Reverse

===========================================================================================
----------------- testing Sat Oct 26 06:16:59 UTC 2019 /home/travis/build/icyphy/ptII/ptolemy/actor/lib/test/auto/PublisherPortSubscriberPortOpaqueWidthInference.xml
----------------- Instantiating /home/travis/build/icyphy/ptII/ptolemy/actor/lib/test/auto/PublisherPortSubscriberPortOpaqueWidthInference.xml
3 ms. Memory: 423936K Free: 209923K (50%)
----------------- Invoking toplevel() on ptolemy.moml.MoMLSimpleApplication@690d5278
----------------- Done invoking toplevel() on ptolemy.moml.MoMLSimpleApplication@690d5278
reloadAllAccessors: .PublisherPortSubscriberPortOpaqueWidthInference

===========================================================================================
----------------- testing Sat Oct 26 06:16:59 UTC 2019 /home/travis/build/icyphy/ptII/ptolemy/actor/lib/test/auto/PublisherPortToplevelSubscriberPortAOC.xml
----------------- Instantiating /home/travis/build/icyphy/ptII/ptolemy/actor/lib/test/auto/PublisherPortToplevelSubscriberPortAOC.xml
.PublisherPortToplevelSubscriberPortAOC.TestExceptionAttribute: initialize() was not invoked, but wrapup() was.  This is unusual, but not always a problem.  For example, exporting JNLP will do this.
1 ms. Memory: 423936K Free: 204307K (48%)
----------------- Invoking toplevel() on ptolemy.moml.MoMLSimpleApplication@7e190ca9
----------------- Done invoking toplevel() on ptolemy.moml.MoMLSimpleApplication@7e190ca9
reloadAllAccessors: .PublisherPortToplevelSubscriberPortAOC

===========================================================================================
----------------- testing Sat Oct 26 06:16:59 UTC 2019 /home/travis/build/icyphy/ptII/ptolemy/actor/lib/test/auto/PublisherSubscriber.xml
----------------- Instantiating /home/travis/build/icyphy/ptII/ptolemy/actor/lib/test/auto/PublisherSubscriber.xml
3 ms. Memory: 423936K Free: 196595K (46%)
----------------- Invoking toplevel() on ptolemy.moml.MoMLSimpleApplication@4baa0818
----------------- Done invoking toplevel() on ptolemy.moml.MoMLSimpleApplication@4baa0818
reloadAllAccessors: .PublisherSubscriber

===========================================================================================
----------------- testing Sat Oct 26 06:17:00 UTC 2019 /home/travis/build/icyphy/ptII/ptolemy/actor/lib/test/auto/PublisherSubscriber10.xml
----------------- Instantiating /home/travis/build/icyphy/ptII/ptolemy/actor/lib/test/auto/PublisherSubscriber10.xml
7 ms. Memory: 423936K Free: 186899K (44%)
----------------- Invoking toplevel() on ptolemy.moml.MoMLSimpleApplication@5c06d2d0
----------------- Done invoking toplevel() on ptolemy.moml.MoMLSimpleApplication@5c06d2d0
reloadAllAccessors: .PublisherSubscriber10

===========================================================================================
----------------- testing Sat Oct 26 06:17:00 UTC 2019 /home/travis/build/icyphy/ptII/ptolemy/actor/lib/test/auto/PublisherSubscriber10InitialOutputs.xml
----------------- Instantiating /home/travis/build/icyphy/ptII/ptolemy/actor/lib/test/auto/PublisherSubscriber10InitialOutputs.xml
15 ms. Memory: 423936K Free: 177169K (42%)
----------------- Invoking toplevel() on ptolemy.moml.MoMLSimpleApplication@5de5c442
----------------- Done invoking toplevel() on ptolemy.moml.MoMLSimpleApplication@5de5c442
reloadAllAccessors: .PublisherSubscriber10InitialOutputs

===========================================================================================
----------------- testing Sat Oct 26 06:17:00 UTC 2019 /home/travis/build/icyphy/ptII/ptolemy/actor/lib/test/auto/PublisherSubscriber11.xml
----------------- Instantiating /home/travis/build/icyphy/ptII/ptolemy/actor/lib/test/auto/PublisherSubscriber11.xml
5 ms. Memory: 423936K Free: 170995K (40%)
----------------- Invoking toplevel() on ptolemy.moml.MoMLSimpleApplication@556efc76
----------------- Done invoking toplevel() on ptolemy.moml.MoMLSimpleApplication@556efc76
reloadAllAccessors: .PublisherSubscriber11

===========================================================================================
----------------- testing Sat Oct 26 06:17:00 UTC 2019 /home/travis/build/icyphy/ptII/ptolemy/actor/lib/test/auto/PublisherSubscriber12.xml
----------------- Instantiating /home/travis/build/icyphy/ptII/ptolemy/actor/lib/test/auto/PublisherSubscriber12.xml
6 ms. Memory: 423936K Free: 164371K (39%)
----------------- Invoking toplevel() on ptolemy.moml.MoMLSimpleApplication@611a08d1
----------------- Done invoking toplevel() on ptolemy.moml.MoMLSimpleApplication@611a08d1
reloadAllAccessors: .PublisherSubscriber12

===========================================================================================
----------------- testing Sat Oct 26 06:17:00 UTC 2019 /home/travis/build/icyphy/ptII/ptolemy/actor/lib/test/auto/PublisherSubscriber13.xml
----------------- Instantiating /home/travis/build/icyphy/ptII/ptolemy/actor/lib/test/auto/PublisherSubscriber13.xml
2 ms. Memory: 423936K Free: 158723K (37%)
----------------- Invoking toplevel() on ptolemy.moml.MoMLSimpleApplication@7a392eb6
----------------- Done invoking toplevel() on ptolemy.moml.MoMLSimpleApplication@7a392eb6
reloadAllAccessors: .PublisherSubscriber13

===========================================================================================
----------------- testing Sat Oct 26 06:17:00 UTC 2019 /home/travis/build/icyphy/ptII/ptolemy/actor/lib/test/auto/PublisherSubscriber14.xml
----------------- Instantiating /home/travis/build/icyphy/ptII/ptolemy/actor/lib/test/auto/PublisherSubscriber14.xml
2 ms. Memory: 423936K Free: 150035K (35%)
----------------- Invoking toplevel() on ptolemy.moml.MoMLSimpleApplication@78c5f483
----------------- Done invoking toplevel() on ptolemy.moml.MoMLSimpleApplication@78c5f483
reloadAllAccessors: .PublisherSubscriber14

===========================================================================================
----------------- testing Sat Oct 26 06:17:00 UTC 2019 /home/travis/build/icyphy/ptII/ptolemy/actor/lib/test/auto/PublisherSubscriber2.xml
----------------- Instantiating /home/travis/build/icyphy/ptII/ptolemy/actor/lib/test/auto/PublisherSubscriber2.xml
3 ms. Memory: 423936K Free: 144387K (34%)
----------------- Invoking toplevel() on ptolemy.moml.MoMLSimpleApplication@16e9fad0
----------------- Done invoking toplevel() on ptolemy.moml.MoMLSimpleApplication@16e9fad0
reloadAllAccessors: .PublisherSubscriber2

===========================================================================================
----------------- testing Sat Oct 26 06:17:00 UTC 2019 /home/travis/build/icyphy/ptII/ptolemy/actor/lib/test/auto/PublisherSubscriber3.xml
----------------- Instantiating /home/travis/build/icyphy/ptII/ptolemy/actor/lib/test/auto/PublisherSubscriber3.xml
2 ms. Memory: 423936K Free: 138227K (33%)
----------------- Invoking toplevel() on ptolemy.moml.MoMLSimpleApplication@fd84cc3
----------------- Done invoking toplevel() on ptolemy.moml.MoMLSimpleApplication@fd84cc3
reloadAllAccessors: .PublisherSubscriber3

===========================================================================================
----------------- testing Sat Oct 26 06:17:00 UTC 2019 /home/travis/build/icyphy/ptII/ptolemy/actor/lib/test/auto/PublisherSubscriber4.xml
----------------- Instantiating /home/travis/build/icyphy/ptII/ptolemy/actor/lib/test/auto/PublisherSubscriber4.xml
2 ms. Memory: 423936K Free: 133107K (31%)
----------------- Invoking toplevel() on ptolemy.moml.MoMLSimpleApplication@4c86161a
----------------- Done invoking toplevel() on ptolemy.moml.MoMLSimpleApplication@4c86161a
reloadAllAccessors: .PublisherSubscriber4

===========================================================================================
----------------- testing Sat Oct 26 06:17:00 UTC 2019 /home/travis/build/icyphy/ptII/ptolemy/actor/lib/test/auto/PublisherSubscriber5.xml
----------------- Instantiating /home/travis/build/icyphy/ptII/ptolemy/actor/lib/test/auto/PublisherSubscriber5.xml
2 ms. Memory: 423936K Free: 126483K (30%)
----------------- Invoking toplevel() on ptolemy.moml.MoMLSimpleApplication@70d78bde
----------------- Done invoking toplevel() on ptolemy.moml.MoMLSimpleApplication@70d78bde
reloadAllAccessors: .PublisherSubscriber5

===========================================================================================
----------------- testing Sat Oct 26 06:17:00 UTC 2019 /home/travis/build/icyphy/ptII/ptolemy/actor/lib/test/auto/PublisherSubscriber6.xml
----------------- Instantiating /home/travis/build/icyphy/ptII/ptolemy/actor/lib/test/auto/PublisherSubscriber6.xml
5 ms. Memory: 423936K Free: 369629K (87%)
----------------- Invoking toplevel() on ptolemy.moml.MoMLSimpleApplication@64169fc
----------------- Done invoking toplevel() on ptolemy.moml.MoMLSimpleApplication@64169fc
reloadAllAccessors: .PublisherSubscriber6

===========================================================================================
----------------- testing Sat Oct 26 06:17:00 UTC 2019 /home/travis/build/icyphy/ptII/ptolemy/actor/lib/test/auto/PublisherSubscriber7.xml
----------------- Instantiating /home/travis/build/icyphy/ptII/ptolemy/actor/lib/test/auto/PublisherSubscriber7.xml
8 ms. Memory: 423936K Free: 362989K (86%)
----------------- Invoking toplevel() on ptolemy.moml.MoMLSimpleApplication@6733860d
----------------- Done invoking toplevel() on ptolemy.moml.MoMLSimpleApplication@6733860d
reloadAllAccessors: .PublisherSubscriber7

===========================================================================================
----------------- testing Sat Oct 26 06:17:00 UTC 2019 /home/travis/build/icyphy/ptII/ptolemy/actor/lib/test/auto/PublisherSubscriber8.xml
----------------- Instantiating /home/travis/build/icyphy/ptII/ptolemy/actor/lib/test/auto/PublisherSubscriber8.xml
20 ms. Memory: 423936K Free: 350701K (83%)
----------------- Invoking toplevel() on ptolemy.moml.MoMLSimpleApplication@18ccd33c
----------------- Done invoking toplevel() on ptolemy.moml.MoMLSimpleApplication@18ccd33c
reloadAllAccessors: .PublisherSubscriber8

===========================================================================================
----------------- testing Sat Oct 26 06:17:00 UTC 2019 /home/travis/build/icyphy/ptII/ptolemy/actor/lib/test/auto/PublisherSubscriber9.xml
----------------- Instantiating /home/travis/build/icyphy/ptII/ptolemy/actor/lib/test/auto/PublisherSubscriber9.xml
3 ms. Memory: 423936K Free: 343533K (81%)
----------------- Invoking toplevel() on ptolemy.moml.MoMLSimpleApplication@6bc9c268
----------------- Done invoking toplevel() on ptolemy.moml.MoMLSimpleApplication@6bc9c268
reloadAllAccessors: .PublisherSubscriber9

===========================================================================================
----------------- testing Sat Oct 26 06:17:00 UTC 2019 /home/travis/build/icyphy/ptII/ptolemy/actor/lib/test/auto/PublisherSubscriberAdjacent.xml
----------------- Instantiating /home/travis/build/icyphy/ptII/ptolemy/actor/lib/test/auto/PublisherSubscriberAdjacent.xml
2 ms. Memory: 423936K Free: 335341K (79%)
----------------- Invoking toplevel() on ptolemy.moml.MoMLSimpleApplication@15a9a917
----------------- Done invoking toplevel() on ptolemy.moml.MoMLSimpleApplication@15a9a917
reloadAllAccessors: .PublisherSubscriberAdjacent

===========================================================================================
----------------- testing Sat Oct 26 06:17:00 UTC 2019 /home/travis/build/icyphy/ptII/ptolemy/actor/lib/test/auto/PublisherSubscriberChannelVariablesAOC2.xml
----------------- Instantiating /home/travis/build/icyphy/ptII/ptolemy/actor/lib/test/auto/PublisherSubscriberChannelVariablesAOC2.xml
3 ms. Memory: 423936K Free: 321005K (76%)
----------------- Invoking toplevel() on ptolemy.moml.MoMLSimpleApplication@3014db6f
----------------- Done invoking toplevel() on ptolemy.moml.MoMLSimpleApplication@3014db6f
reloadAllAccessors: .PublisherSubscriberChannelVariablesAOC2

===========================================================================================
----------------- testing Sat Oct 26 06:17:00 UTC 2019 /home/travis/build/icyphy/ptII/ptolemy/actor/lib/test/auto/PublisherSubscriberD3.xml
----------------- Instantiating /home/travis/build/icyphy/ptII/ptolemy/actor/lib/test/auto/PublisherSubscriberD3.xml
1 ms. Memory: 423936K Free: 313837K (74%)
----------------- Invoking toplevel() on ptolemy.moml.MoMLSimpleApplication@7262da0b
----------------- Done invoking toplevel() on ptolemy.moml.MoMLSimpleApplication@7262da0b
reloadAllAccessors: .PublisherSubscriberD3

===========================================================================================
----------------- testing Sat Oct 26 06:17:00 UTC 2019 /home/travis/build/icyphy/ptII/ptolemy/actor/lib/test/auto/PublisherSubscriberD3Reverse.xml
----------------- Instantiating /home/travis/build/icyphy/ptII/ptolemy/actor/lib/test/auto/PublisherSubscriberD3Reverse.xml
1 ms. Memory: 423936K Free: 307179K (72%)
----------------- Invoking toplevel() on ptolemy.moml.MoMLSimpleApplication@26749020
----------------- Done invoking toplevel() on ptolemy.moml.MoMLSimpleApplication@26749020
reloadAllAccessors: .PublisherSubscriberD3Reverse

===========================================================================================
----------------- testing Sat Oct 26 06:17:00 UTC 2019 /home/travis/build/icyphy/ptII/ptolemy/actor/lib/test/auto/PublisherSubscriberExpression.xml
----------------- Instantiating /home/travis/build/icyphy/ptII/ptolemy/actor/lib/test/auto/PublisherSubscriberExpression.xml
3 ms. Memory: 423936K Free: 298973K (71%)
----------------- Invoking toplevel() on ptolemy.moml.MoMLSimpleApplication@305c0021
----------------- Done invoking toplevel() on ptolemy.moml.MoMLSimpleApplication@305c0021
reloadAllAccessors: .PublisherSubscriberExpression

===========================================================================================
----------------- testing Sat Oct 26 06:17:00 UTC 2019 /home/travis/build/icyphy/ptII/ptolemy/actor/lib/test/auto/PublisherSubscriberOpaque.xml
----------------- Instantiating /home/travis/build/icyphy/ptII/ptolemy/actor/lib/test/auto/PublisherSubscriberOpaque.xml
3 ms. Memory: 423936K Free: 290781K (69%)
----------------- Invoking toplevel() on ptolemy.moml.MoMLSimpleApplication@3013ea54
----------------- Done invoking toplevel() on ptolemy.moml.MoMLSimpleApplication@3013ea54
reloadAllAccessors: .PublisherSubscriberOpaque

===========================================================================================
----------------- testing Sat Oct 26 06:17:00 UTC 2019 /home/travis/build/icyphy/ptII/ptolemy/actor/lib/test/auto/PublisherSubscriberOpaqueD3.xml
----------------- Instantiating /home/travis/build/icyphy/ptII/ptolemy/actor/lib/test/auto/PublisherSubscriberOpaqueD3.xml
6 ms. Memory: 423936K Free: 279531K (66%)
----------------- Invoking toplevel() on ptolemy.moml.MoMLSimpleApplication@111f7069
----------------- Done invoking toplevel() on ptolemy.moml.MoMLSimpleApplication@111f7069
reloadAllAccessors: .PublisherSubscriberOpaqueD3

===========================================================================================
----------------- testing Sat Oct 26 06:17:00 UTC 2019 /home/travis/build/icyphy/ptII/ptolemy/actor/lib/test/auto/PublisherSubscriberOpaqueD3Reverse.xml
----------------- Instantiating /home/travis/build/icyphy/ptII/ptolemy/actor/lib/test/auto/PublisherSubscriberOpaqueD3Reverse.xml
10 ms. Memory: 423936K Free: 268267K (63%)
----------------- Invoking toplevel() on ptolemy.moml.MoMLSimpleApplication@61232001
----------------- Done invoking toplevel() on ptolemy.moml.MoMLSimpleApplication@61232001
reloadAllAccessors: .PublisherSubscriberOpaqueD3Reverse

===========================================================================================
----------------- testing Sat Oct 26 06:17:00 UTC 2019 /home/travis/build/icyphy/ptII/ptolemy/actor/lib/test/auto/PublisherSubscriberOpaqueWidthInference.xml
----------------- Instantiating /home/travis/build/icyphy/ptII/ptolemy/actor/lib/test/auto/PublisherSubscriberOpaqueWidthInference.xml
5 ms. Memory: 423936K Free: 259565K (61%)
----------------- Invoking toplevel() on ptolemy.moml.MoMLSimpleApplication@1d3012b0
----------------- Done invoking toplevel() on ptolemy.moml.MoMLSimpleApplication@1d3012b0
reloadAllAccessors: .PublisherSubscriberOpaqueWidthInference

===========================================================================================
----------------- testing Sat Oct 26 06:17:00 UTC 2019 /home/travis/build/icyphy/ptII/ptolemy/actor/lib/test/auto/PublisherTestSubscriber.xml
----------------- Instantiating /home/travis/build/icyphy/ptII/ptolemy/actor/lib/test/auto/PublisherTestSubscriber.xml
3 ms. Memory: 423936K Free: 251877K (59%)
----------------- Invoking toplevel() on ptolemy.moml.MoMLSimpleApplication@407d647b
----------------- Done invoking toplevel() on ptolemy.moml.MoMLSimpleApplication@407d647b
reloadAllAccessors: .PublisherTestSubscriber

===========================================================================================
----------------- testing Sat Oct 26 06:17:00 UTC 2019 /home/travis/build/icyphy/ptII/ptolemy/actor/lib/test/auto/PublisherToplevelSubscriberPortAOC.xml
----------------- Instantiating /home/travis/build/icyphy/ptII/ptolemy/actor/lib/test/auto/PublisherToplevelSubscriberPortAOC.xml
2 ms. Memory: 423936K Free: 245733K (58%)
----------------- Invoking toplevel() on ptolemy.moml.MoMLSimpleApplication@51bf4861
----------------- Done invoking toplevel() on ptolemy.moml.MoMLSimpleApplication@51bf4861
reloadAllAccessors: .PublisherToplevelSubscriberPortAOC

===========================================================================================
----------------- testing Sat Oct 26 06:17:00 UTC 2019 /home/travis/build/icyphy/ptII/ptolemy/actor/lib/test/auto/PulseFiringLimitDE.xml
----------------- Instantiating /home/travis/build/icyphy/ptII/ptolemy/actor/lib/test/auto/PulseFiringLimitDE.xml
2 ms. Memory: 423936K Free: 239595K (57%)
----------------- Invoking toplevel() on ptolemy.moml.MoMLSimpleApplication@c8fea17
----------------- Done invoking toplevel() on ptolemy.moml.MoMLSimpleApplication@c8fea17
reloadAllAccessors: .PulseFiringLimitDE

===========================================================================================
----------------- testing Sat Oct 26 06:17:00 UTC 2019 /home/travis/build/icyphy/ptII/ptolemy/actor/lib/test/auto/Ramp1.xml
----------------- Instantiating /home/travis/build/icyphy/ptII/ptolemy/actor/lib/test/auto/Ramp1.xml
1 ms. Memory: 423936K Free: 234989K (55%)
----------------- Invoking toplevel() on ptolemy.moml.MoMLSimpleApplication@79e03e81
----------------- Done invoking toplevel() on ptolemy.moml.MoMLSimpleApplication@79e03e81
reloadAllAccessors: .Ramp1

===========================================================================================
----------------- testing Sat Oct 26 06:17:00 UTC 2019 /home/travis/build/icyphy/ptII/ptolemy/actor/lib/test/auto/RampFiringLimitDE.xml
----------------- Instantiating /home/travis/build/icyphy/ptII/ptolemy/actor/lib/test/auto/RampFiringLimitDE.xml
3 ms. Memory: 423936K Free: 228845K (54%)
----------------- Invoking toplevel() on ptolemy.moml.MoMLSimpleApplication@32551ead
----------------- Done invoking toplevel() on ptolemy.moml.MoMLSimpleApplication@32551ead
reloadAllAccessors: .RampFiringLimitDE

===========================================================================================
----------------- testing Sat Oct 26 06:17:00 UTC 2019 /home/travis/build/icyphy/ptII/ptolemy/actor/lib/test/auto/RampFiringLimitSDF.xml
----------------- Instantiating /home/travis/build/icyphy/ptII/ptolemy/actor/lib/test/auto/RampFiringLimitSDF.xml
3 ms. Memory: 423936K Free: 223725K (53%)
----------------- Invoking toplevel() on ptolemy.moml.MoMLSimpleApplication@31e8f1b1
----------------- Done invoking toplevel() on ptolemy.moml.MoMLSimpleApplication@31e8f1b1
reloadAllAccessors: .RampFiringLimitSDF

===========================================================================================
----------------- testing Sat Oct 26 06:17:00 UTC 2019 /home/travis/build/icyphy/ptII/ptolemy/actor/lib/test/auto/RandomInteger.xml
----------------- Instantiating /home/travis/build/icyphy/ptII/ptolemy/actor/lib/test/auto/RandomInteger.xml
1 ms. Memory: 423936K Free: 219629K (52%)
----------------- Invoking toplevel() on ptolemy.moml.MoMLSimpleApplication@3a186b77
----------------- Done invoking toplevel() on ptolemy.moml.MoMLSimpleApplication@3a186b77
reloadAllAccessors: .RandomInteger

===========================================================================================
----------------- testing Sat Oct 26 06:17:00 UTC 2019 /home/travis/build/icyphy/ptII/ptolemy/actor/lib/test/auto/ReadFile1.xml
----------------- Instantiating /home/travis/build/icyphy/ptII/ptolemy/actor/lib/test/auto/ReadFile1.xml
2 ms. Memory: 423936K Free: 215013K (51%)
----------------- Invoking toplevel() on ptolemy.moml.MoMLSimpleApplication@2fef55e0
----------------- Done invoking toplevel() on ptolemy.moml.MoMLSimpleApplication@2fef55e0
reloadAllAccessors: .ReadFile1

===========================================================================================
----------------- testing Sat Oct 26 06:17:00 UTC 2019 /home/travis/build/icyphy/ptII/ptolemy/actor/lib/test/auto/ReadFile2.xml
----------------- Instantiating /home/travis/build/icyphy/ptII/ptolemy/actor/lib/test/auto/ReadFile2.xml
1 ms. Memory: 423936K Free: 210413K (50%)
----------------- Invoking toplevel() on ptolemy.moml.MoMLSimpleApplication@51d9be05
----------------- Done invoking toplevel() on ptolemy.moml.MoMLSimpleApplication@51d9be05
reloadAllAccessors: .ReadFile2

===========================================================================================
----------------- testing Sat Oct 26 06:17:00 UTC 2019 /home/travis/build/icyphy/ptII/ptolemy/actor/lib/test/auto/Reader.xml
----------------- Instantiating /home/travis/build/icyphy/ptII/ptolemy/actor/lib/test/auto/Reader.xml
actor.lib.Reader is obsolete, use actor.lib.io.ExpressionReader instead
4 ms. Memory: 423936K Free: 206317K (49%)
----------------- Invoking toplevel() on ptolemy.moml.MoMLSimpleApplication@199458eb
----------------- Done invoking toplevel() on ptolemy.moml.MoMLSimpleApplication@199458eb
reloadAllAccessors: .Reader

===========================================================================================
----------------- testing Sat Oct 26 06:17:00 UTC 2019 /home/travis/build/icyphy/ptII/ptolemy/actor/lib/test/auto/RecordAssemblerDisplayNameTest.xml
----------------- Instantiating /home/travis/build/icyphy/ptII/ptolemy/actor/lib/test/auto/RecordAssemblerDisplayNameTest.xml
3628 ms. Memory: 423936K Free: 245154K (58%)
----------------- Invoking toplevel() on ptolemy.moml.MoMLSimpleApplication@578a631c
----------------- Done invoking toplevel() on ptolemy.moml.MoMLSimpleApplication@578a631c
reloadAllAccessors: .RecordAssemblerDisplayNameTest

===========================================================================================
----------------- testing Sat Oct 26 06:17:04 UTC 2019 /home/travis/build/icyphy/ptII/ptolemy/actor/lib/test/auto/RecordAssemblerTypeError.xml
----------------- Instantiating /home/travis/build/icyphy/ptII/ptolemy/actor/lib/test/auto/RecordAssemblerTypeError.xml
18 ms. Memory: 423936K Free: 235424K (56%)
----------------- Invoking toplevel() on ptolemy.moml.MoMLSimpleApplication@2c52f637
----------------- Done invoking toplevel() on ptolemy.moml.MoMLSimpleApplication@2c52f637
reloadAllAccessors: .RecordAssemblerTypeError

===========================================================================================
----------------- testing Sat Oct 26 06:17:04 UTC 2019 /home/travis/build/icyphy/ptII/ptolemy/actor/lib/test/auto/RecordDisassember.xml
----------------- Instantiating /home/travis/build/icyphy/ptII/ptolemy/actor/lib/test/auto/RecordDisassember.xml
10 ms. Memory: 423936K Free: 230274K (54%)
----------------- Invoking toplevel() on ptolemy.moml.MoMLSimpleApplication@320d64c4
----------------- Done invoking toplevel() on ptolemy.moml.MoMLSimpleApplication@320d64c4
reloadAllAccessors: .RecordDisassember

===========================================================================================
----------------- testing Sat Oct 26 06:17:04 UTC 2019 /home/travis/build/icyphy/ptII/ptolemy/actor/lib/test/auto/RecordDisassemberDisplayNameTest.xml
----------------- Instantiating /home/travis/build/icyphy/ptII/ptolemy/actor/lib/test/auto/RecordDisassemberDisplayNameTest.xml
6 ms. Memory: 423936K Free: 222626K (53%)
----------------- Invoking toplevel() on ptolemy.moml.MoMLSimpleApplication@742c4599
----------------- Done invoking toplevel() on ptolemy.moml.MoMLSimpleApplication@742c4599
reloadAllAccessors: .RecordDisassemberDisplayNameTest

===========================================================================================
----------------- testing Sat Oct 26 06:17:04 UTC 2019 /home/travis/build/icyphy/ptII/ptolemy/actor/lib/test/auto/RecordDisassembler.xml
----------------- Instantiating /home/travis/build/icyphy/ptII/ptolemy/actor/lib/test/auto/RecordDisassembler.xml
3 ms. Memory: 423936K Free: 217506K (51%)
----------------- Invoking toplevel() on ptolemy.moml.MoMLSimpleApplication@5befcca8
----------------- Done invoking toplevel() on ptolemy.moml.MoMLSimpleApplication@5befcca8
reloadAllAccessors: .RecordDisassembler

===========================================================================================
----------------- testing Sat Oct 26 06:17:04 UTC 2019 /home/travis/build/icyphy/ptII/ptolemy/actor/lib/test/auto/RecordDisassembler2.xml
----------------- Instantiating /home/travis/build/icyphy/ptII/ptolemy/actor/lib/test/auto/RecordDisassembler2.xml
3 ms. Memory: 423936K Free: 212386K (50%)
----------------- Invoking toplevel() on ptolemy.moml.MoMLSimpleApplication@133d1515
----------------- Done invoking toplevel() on ptolemy.moml.MoMLSimpleApplication@133d1515
reloadAllAccessors: .RecordDisassembler2

===========================================================================================
----------------- testing Sat Oct 26 06:17:04 UTC 2019 /home/travis/build/icyphy/ptII/ptolemy/actor/lib/test/auto/RecordUpdater.xml
----------------- Instantiating /home/travis/build/icyphy/ptII/ptolemy/actor/lib/test/auto/RecordUpdater.xml
2 ms. Memory: 423936K Free: 207266K (49%)
----------------- Invoking toplevel() on ptolemy.moml.MoMLSimpleApplication@3ef2f766
----------------- Done invoking toplevel() on ptolemy.moml.MoMLSimpleApplication@3ef2f766
reloadAllAccessors: .RecordUpdater

===========================================================================================
----------------- testing Sat Oct 26 06:17:04 UTC 2019 /home/travis/build/icyphy/ptII/ptolemy/actor/lib/test/auto/RecordUpdater2.xml
----------------- Instantiating /home/travis/build/icyphy/ptII/ptolemy/actor/lib/test/auto/RecordUpdater2.xml
2 ms. Memory: 423936K Free: 202146K (48%)
----------------- Invoking toplevel() on ptolemy.moml.MoMLSimpleApplication@6131ef8
----------------- Done invoking toplevel() on ptolemy.moml.MoMLSimpleApplication@6131ef8
reloadAllAccessors: .RecordUpdater2

===========================================================================================
----------------- testing Sat Oct 26 06:17:04 UTC 2019 /home/travis/build/icyphy/ptII/ptolemy/actor/lib/test/auto/RecursiveLattice.xml
----------------- Instantiating /home/travis/build/icyphy/ptII/ptolemy/actor/lib/test/auto/RecursiveLattice.xml
1 ms. Memory: 423936K Free: 198050K (47%)
----------------- Invoking toplevel() on ptolemy.moml.MoMLSimpleApplication@18a51dc2
----------------- Done invoking toplevel() on ptolemy.moml.MoMLSimpleApplication@18a51dc2
reloadAllAccessors: .RecursiveLattice

===========================================================================================
----------------- testing Sat Oct 26 06:17:04 UTC 2019 /home/travis/build/icyphy/ptII/ptolemy/actor/lib/test/auto/Router.xml
----------------- Instantiating /home/travis/build/icyphy/ptII/ptolemy/actor/lib/test/auto/Router.xml
3004 ms. Memory: 423936K Free: 186272K (44%)
----------------- Invoking toplevel() on ptolemy.moml.MoMLSimpleApplication@72f47800
----------------- Done invoking toplevel() on ptolemy.moml.MoMLSimpleApplication@72f47800
reloadAllAccessors: .Router

===========================================================================================
----------------- testing Sat Oct 26 06:17:07 UTC 2019 /home/travis/build/icyphy/ptII/ptolemy/actor/lib/test/auto/Router2.xml
----------------- Instantiating /home/travis/build/icyphy/ptII/ptolemy/actor/lib/test/auto/Router2.xml
3004 ms. Memory: 423936K Free: 175522K (41%)
----------------- Invoking toplevel() on ptolemy.moml.MoMLSimpleApplication@614994b4
----------------- Done invoking toplevel() on ptolemy.moml.MoMLSimpleApplication@614994b4
reloadAllAccessors: .Router2

===========================================================================================
----------------- testing Sat Oct 26 06:17:10 UTC 2019 /home/travis/build/icyphy/ptII/ptolemy/actor/lib/test/auto/RunningMaximum.xml
----------------- Instantiating /home/travis/build/icyphy/ptII/ptolemy/actor/lib/test/auto/RunningMaximum.xml
2 ms. Memory: 423936K Free: 170912K (40%)
----------------- Invoking toplevel() on ptolemy.moml.MoMLSimpleApplication@19c1ff24
----------------- Done invoking toplevel() on ptolemy.moml.MoMLSimpleApplication@19c1ff24
reloadAllAccessors: .RunningMaximum

===========================================================================================
----------------- testing Sat Oct 26 06:17:10 UTC 2019 /home/travis/build/icyphy/ptII/ptolemy/actor/lib/test/auto/RunningMinimum.xml
----------------- Instantiating /home/travis/build/icyphy/ptII/ptolemy/actor/lib/test/auto/RunningMinimum.xml
13 ms. Memory: 423936K Free: 166306K (39%)
----------------- Invoking toplevel() on ptolemy.moml.MoMLSimpleApplication@7537122c
----------------- Done invoking toplevel() on ptolemy.moml.MoMLSimpleApplication@7537122c
reloadAllAccessors: .RunningMinimum

===========================================================================================
----------------- testing Sat Oct 26 06:17:10 UTC 2019 /home/travis/build/icyphy/ptII/ptolemy/actor/lib/test/auto/Scale.xml
----------------- Instantiating /home/travis/build/icyphy/ptII/ptolemy/actor/lib/test/auto/Scale.xml
1 ms. Memory: 423936K Free: 161696K (38%)
----------------- Invoking toplevel() on ptolemy.moml.MoMLSimpleApplication@607e4928
----------------- Done invoking toplevel() on ptolemy.moml.MoMLSimpleApplication@607e4928
reloadAllAccessors: .Scale

===========================================================================================
----------------- testing Sat Oct 26 06:17:10 UTC 2019 /home/travis/build/icyphy/ptII/ptolemy/actor/lib/test/auto/Scale2.xml
----------------- Instantiating /home/travis/build/icyphy/ptII/ptolemy/actor/lib/test/auto/Scale2.xml
2 ms. Memory: 423936K Free: 156576K (37%)
----------------- Invoking toplevel() on ptolemy.moml.MoMLSimpleApplication@6b96d560
----------------- Done invoking toplevel() on ptolemy.moml.MoMLSimpleApplication@6b96d560
reloadAllAccessors: .Scale2

===========================================================================================
----------------- testing Sat Oct 26 06:17:10 UTC 2019 /home/travis/build/icyphy/ptII/ptolemy/actor/lib/test/auto/Scale3.xml
----------------- Instantiating /home/travis/build/icyphy/ptII/ptolemy/actor/lib/test/auto/Scale3.xml
4 ms. Memory: 423936K Free: 150432K (35%)
----------------- Invoking toplevel() on ptolemy.moml.MoMLSimpleApplication@39e12ead
----------------- Done invoking toplevel() on ptolemy.moml.MoMLSimpleApplication@39e12ead
reloadAllAccessors: .Scale3

===========================================================================================
----------------- testing Sat Oct 26 06:17:10 UTC 2019 /home/travis/build/icyphy/ptII/ptolemy/actor/lib/test/auto/ScaleArray.xml
----------------- Instantiating /home/travis/build/icyphy/ptII/ptolemy/actor/lib/test/auto/ScaleArray.xml
2 ms. Memory: 423936K Free: 145826K (34%)
----------------- Invoking toplevel() on ptolemy.moml.MoMLSimpleApplication@b16a747
----------------- Done invoking toplevel() on ptolemy.moml.MoMLSimpleApplication@b16a747
reloadAllAccessors: .ScaleArray

===========================================================================================
----------------- testing Sat Oct 26 06:17:10 UTC 2019 /home/travis/build/icyphy/ptII/ptolemy/actor/lib/test/auto/ScaleArray2.xml
----------------- Instantiating /home/travis/build/icyphy/ptII/ptolemy/actor/lib/test/auto/ScaleArray2.xml
3 ms. Memory: 423936K Free: 140706K (33%)
----------------- Invoking toplevel() on ptolemy.moml.MoMLSimpleApplication@49ac6446
----------------- Done invoking toplevel() on ptolemy.moml.MoMLSimpleApplication@49ac6446
reloadAllAccessors: .ScaleArray2

===========================================================================================
----------------- testing Sat Oct 26 06:17:10 UTC 2019 /home/travis/build/icyphy/ptII/ptolemy/actor/lib/test/auto/ScaleMatrix.xml
----------------- Instantiating /home/travis/build/icyphy/ptII/ptolemy/actor/lib/test/auto/ScaleMatrix.xml
166 ms. Memory: 423936K Free: 128416K (30%)
----------------- Invoking toplevel() on ptolemy.moml.MoMLSimpleApplication@210d34d9
----------------- Done invoking toplevel() on ptolemy.moml.MoMLSimpleApplication@210d34d9
reloadAllAccessors: .ScaleMatrix

===========================================================================================
----------------- testing Sat Oct 26 06:17:10 UTC 2019 /home/travis/build/icyphy/ptII/ptolemy/actor/lib/test/auto/Select.xml
----------------- Instantiating /home/travis/build/icyphy/ptII/ptolemy/actor/lib/test/auto/Select.xml
2 ms. Memory: 423936K Free: 372163K (88%)
----------------- Invoking toplevel() on ptolemy.moml.MoMLSimpleApplication@28171a64
----------------- Done invoking toplevel() on ptolemy.moml.MoMLSimpleApplication@28171a64
reloadAllAccessors: .Select

===========================================================================================
----------------- testing Sat Oct 26 06:17:10 UTC 2019 /home/travis/build/icyphy/ptII/ptolemy/actor/lib/test/auto/Select2.xml
----------------- Instantiating /home/travis/build/icyphy/ptII/ptolemy/actor/lib/test/auto/Select2.xml
1 ms. Memory: 423936K Free: 367043K (87%)
----------------- Invoking toplevel() on ptolemy.moml.MoMLSimpleApplication@3a939da5
----------------- Done invoking toplevel() on ptolemy.moml.MoMLSimpleApplication@3a939da5
reloadAllAccessors: .Select2

===========================================================================================
----------------- testing Sat Oct 26 06:17:10 UTC 2019 /home/travis/build/icyphy/ptII/ptolemy/actor/lib/test/auto/SequenceToArray2.xml
----------------- Instantiating /home/travis/build/icyphy/ptII/ptolemy/actor/lib/test/auto/SequenceToArray2.xml
105 ms. Memory: 423936K Free: 342963K (81%)
----------------- Invoking toplevel() on ptolemy.moml.MoMLSimpleApplication@a08d13
----------------- Done invoking toplevel() on ptolemy.moml.MoMLSimpleApplication@a08d13
reloadAllAccessors: .SequenceToArray2

===========================================================================================
----------------- testing Sat Oct 26 06:17:11 UTC 2019 /home/travis/build/icyphy/ptII/ptolemy/actor/lib/test/auto/SequentialClock.xml
----------------- Instantiating /home/travis/build/icyphy/ptII/ptolemy/actor/lib/test/auto/SequentialClock.xml
1 ms. Memory: 423936K Free: 338881K (80%)
----------------- Invoking toplevel() on ptolemy.moml.MoMLSimpleApplication@464f15f6
----------------- Done invoking toplevel() on ptolemy.moml.MoMLSimpleApplication@464f15f6
reloadAllAccessors: .SequentialClock

===========================================================================================
----------------- testing Sat Oct 26 06:17:11 UTC 2019 /home/travis/build/icyphy/ptII/ptolemy/actor/lib/test/auto/SetVariable.xml
----------------- Instantiating /home/travis/build/icyphy/ptII/ptolemy/actor/lib/test/auto/SetVariable.xml
4 ms. Memory: 423936K Free: 333761K (79%)
----------------- Invoking toplevel() on ptolemy.moml.MoMLSimpleApplication@68b4dda1
----------------- Done invoking toplevel() on ptolemy.moml.MoMLSimpleApplication@68b4dda1
reloadAllAccessors: .SetVariable

===========================================================================================
----------------- testing Sat Oct 26 06:17:11 UTC 2019 /home/travis/build/icyphy/ptII/ptolemy/actor/lib/test/auto/SetVariable2.xml
----------------- Instantiating /home/travis/build/icyphy/ptII/ptolemy/actor/lib/test/auto/SetVariable2.xml
3 ms. Memory: 423936K Free: 328641K (78%)
----------------- Invoking toplevel() on ptolemy.moml.MoMLSimpleApplication@286c9d60
----------------- Done invoking toplevel() on ptolemy.moml.MoMLSimpleApplication@286c9d60
reloadAllAccessors: .SetVariable2

===========================================================================================
----------------- testing Sat Oct 26 06:17:11 UTC 2019 /home/travis/build/icyphy/ptII/ptolemy/actor/lib/test/auto/SetVariable3.xml
----------------- Instantiating /home/travis/build/icyphy/ptII/ptolemy/actor/lib/test/auto/SetVariable3.xml
9 ms. Memory: 423936K Free: 323521K (76%)
----------------- Invoking toplevel() on ptolemy.moml.MoMLSimpleApplication@6bb54d83
----------------- Done invoking toplevel() on ptolemy.moml.MoMLSimpleApplication@6bb54d83
reloadAllAccessors: .SetVariable3

===========================================================================================
----------------- testing Sat Oct 26 06:17:11 UTC 2019 /home/travis/build/icyphy/ptII/ptolemy/actor/lib/test/auto/SetVariable4.xml
----------------- Instantiating /home/travis/build/icyphy/ptII/ptolemy/actor/lib/test/auto/SetVariable4.xml
18 ms. Memory: 423936K Free: 312771K (74%)
----------------- Invoking toplevel() on ptolemy.moml.MoMLSimpleApplication@a999f30
----------------- Done invoking toplevel() on ptolemy.moml.MoMLSimpleApplication@a999f30
reloadAllAccessors: .SetVariable4

===========================================================================================
----------------- testing Sat Oct 26 06:17:11 UTC 2019 /home/travis/build/icyphy/ptII/ptolemy/actor/lib/test/auto/SetVariable5.xml
----------------- Instantiating /home/travis/build/icyphy/ptII/ptolemy/actor/lib/test/auto/SetVariable5.xml
26 ms. Memory: 423936K Free: 303555K (72%)
----------------- Invoking toplevel() on ptolemy.moml.MoMLSimpleApplication@6ff71182
----------------- Done invoking toplevel() on ptolemy.moml.MoMLSimpleApplication@6ff71182
reloadAllAccessors: .SetVariable5

===========================================================================================
----------------- testing Sat Oct 26 06:17:11 UTC 2019 /home/travis/build/icyphy/ptII/ptolemy/actor/lib/test/auto/Sinewave.xml
----------------- Instantiating /home/travis/build/icyphy/ptII/ptolemy/actor/lib/test/auto/Sinewave.xml
5 ms. Memory: 423936K Free: 293315K (69%)
----------------- Invoking toplevel() on ptolemy.moml.MoMLSimpleApplication@53f897af
----------------- Done invoking toplevel() on ptolemy.moml.MoMLSimpleApplication@53f897af
reloadAllAccessors: .Sinewave

===========================================================================================
----------------- testing Sat Oct 26 06:17:11 UTC 2019 /home/travis/build/icyphy/ptII/ptolemy/actor/lib/test/auto/Sinewave2.xml
----------------- Instantiating /home/travis/build/icyphy/ptII/ptolemy/actor/lib/test/auto/Sinewave2.xml
7 ms. Memory: 423936K Free: 284595K (67%)
----------------- Invoking toplevel() on ptolemy.moml.MoMLSimpleApplication@6bc1ddd5
----------------- Done invoking toplevel() on ptolemy.moml.MoMLSimpleApplication@6bc1ddd5
reloadAllAccessors: .Sinewave2

===========================================================================================
----------------- testing Sat Oct 26 06:17:11 UTC 2019 /home/travis/build/icyphy/ptII/ptolemy/actor/lib/test/auto/Sinewave3.xml
----------------- Instantiating /home/travis/build/icyphy/ptII/ptolemy/actor/lib/test/auto/Sinewave3.xml
7 ms. Memory: 423936K Free: 275393K (65%)
----------------- Invoking toplevel() on ptolemy.moml.MoMLSimpleApplication@756cbd51
----------------- Done invoking toplevel() on ptolemy.moml.MoMLSimpleApplication@756cbd51
reloadAllAccessors: .Sinewave3

===========================================================================================
----------------- testing Sat Oct 26 06:17:11 UTC 2019 /home/travis/build/icyphy/ptII/ptolemy/actor/lib/test/auto/SingleEvent.xml
----------------- Instantiating /home/travis/build/icyphy/ptII/ptolemy/actor/lib/test/auto/SingleEvent.xml
1 ms. Memory: 423936K Free: 271297K (64%)
----------------- Invoking toplevel() on ptolemy.moml.MoMLSimpleApplication@18f36754
----------------- Done invoking toplevel() on ptolemy.moml.MoMLSimpleApplication@18f36754
reloadAllAccessors: .SingleEvent

===========================================================================================
----------------- testing Sat Oct 26 06:17:11 UTC 2019 /home/travis/build/icyphy/ptII/ptolemy/actor/lib/test/auto/Sleep.xml
----------------- Instantiating /home/travis/build/icyphy/ptII/ptolemy/actor/lib/test/auto/Sleep.xml
6004 ms. Memory: 423936K Free: 265139K (63%)
----------------- Invoking toplevel() on ptolemy.moml.MoMLSimpleApplication@2382e05e
----------------- Done invoking toplevel() on ptolemy.moml.MoMLSimpleApplication@2382e05e
reloadAllAccessors: .Sleep

===========================================================================================
----------------- testing Sat Oct 26 06:17:17 UTC 2019 /home/travis/build/icyphy/ptII/ptolemy/actor/lib/test/auto/SleepMultipleFire.xml
----------------- Instantiating /home/travis/build/icyphy/ptII/ptolemy/actor/lib/test/auto/SleepMultipleFire.xml
1007 ms. Memory: 423936K Free: 259523K (61%)
----------------- Invoking toplevel() on ptolemy.moml.MoMLSimpleApplication@1fe3d1e3
----------------- Done invoking toplevel() on ptolemy.moml.MoMLSimpleApplication@1fe3d1e3
reloadAllAccessors: .SleepMultipleFire

===========================================================================================
----------------- testing Sat Oct 26 06:17:18 UTC 2019 /home/travis/build/icyphy/ptII/ptolemy/actor/lib/test/auto/StopDE.xml
----------------- Instantiating /home/travis/build/icyphy/ptII/ptolemy/actor/lib/test/auto/StopDE.xml
3 ms. Memory: 423936K Free: 253889K (60%)
----------------- Invoking toplevel() on ptolemy.moml.MoMLSimpleApplication@37705045
----------------- Done invoking toplevel() on ptolemy.moml.MoMLSimpleApplication@37705045
reloadAllAccessors: .StopDE

===========================================================================================
----------------- testing Sat Oct 26 06:17:18 UTC 2019 /home/travis/build/icyphy/ptII/ptolemy/actor/lib/test/auto/StopSDF.xml
----------------- Instantiating /home/travis/build/icyphy/ptII/ptolemy/actor/lib/test/auto/StopSDF.xml
3 ms. Memory: 423936K Free: 248769K (59%)
----------------- Invoking toplevel() on ptolemy.moml.MoMLSimpleApplication@2f55857
----------------- Done invoking toplevel() on ptolemy.moml.MoMLSimpleApplication@2f55857
reloadAllAccessors: .StopSDF

===========================================================================================
----------------- testing Sat Oct 26 06:17:18 UTC 2019 /home/travis/build/icyphy/ptII/ptolemy/actor/lib/test/auto/StringConstant.xml
----------------- Instantiating /home/travis/build/icyphy/ptII/ptolemy/actor/lib/test/auto/StringConstant.xml
11 ms. Memory: 423936K Free: 244163K (58%)
----------------- Invoking toplevel() on ptolemy.moml.MoMLSimpleApplication@5f670d5a
----------------- Done invoking toplevel() on ptolemy.moml.MoMLSimpleApplication@5f670d5a
reloadAllAccessors: .StringConstant

===========================================================================================
----------------- testing Sat Oct 26 06:17:18 UTC 2019 /home/travis/build/icyphy/ptII/ptolemy/actor/lib/test/auto/SubscriberPortInitialValues1.xml
----------------- Instantiating /home/travis/build/icyphy/ptII/ptolemy/actor/lib/test/auto/SubscriberPortInitialValues1.xml
8 ms. Memory: 423936K Free: 235457K (56%)
----------------- Invoking toplevel() on ptolemy.moml.MoMLSimpleApplication@e94ca0
----------------- Done invoking toplevel() on ptolemy.moml.MoMLSimpleApplication@e94ca0
reloadAllAccessors: .SubscriberPortInitialValues1

===========================================================================================
----------------- testing Sat Oct 26 06:17:18 UTC 2019 /home/travis/build/icyphy/ptII/ptolemy/actor/lib/test/auto/SubscriberPortInitialValues13.xml
----------------- Instantiating /home/travis/build/icyphy/ptII/ptolemy/actor/lib/test/auto/SubscriberPortInitialValues13.xml
8 ms. Memory: 423936K Free: 222659K (53%)
----------------- Invoking toplevel() on ptolemy.moml.MoMLSimpleApplication@5fd1baa1
----------------- Done invoking toplevel() on ptolemy.moml.MoMLSimpleApplication@5fd1baa1
reloadAllAccessors: .SubscriberPortInitialValues13

===========================================================================================
----------------- testing Sat Oct 26 06:17:18 UTC 2019 /home/travis/build/icyphy/ptII/ptolemy/actor/lib/test/auto/SubscriberPortInitialValues14.xml
----------------- Instantiating /home/travis/build/icyphy/ptII/ptolemy/actor/lib/test/auto/SubscriberPortInitialValues14.xml
4 ms. Memory: 423936K Free: 214467K (51%)
----------------- Invoking toplevel() on ptolemy.moml.MoMLSimpleApplication@2396d66a
----------------- Done invoking toplevel() on ptolemy.moml.MoMLSimpleApplication@2396d66a
reloadAllAccessors: .SubscriberPortInitialValues14

===========================================================================================
----------------- testing Sat Oct 26 06:17:18 UTC 2019 /home/travis/build/icyphy/ptII/ptolemy/actor/lib/test/auto/SubscriberPortInitialValues2.xml
----------------- Instantiating /home/travis/build/icyphy/ptII/ptolemy/actor/lib/test/auto/SubscriberPortInitialValues2.xml
5 ms. Memory: 423936K Free: 206785K (49%)
----------------- Invoking toplevel() on ptolemy.moml.MoMLSimpleApplication@1c932f10
----------------- Done invoking toplevel() on ptolemy.moml.MoMLSimpleApplication@1c932f10
reloadAllAccessors: .SubscriberPortInitialValues2

===========================================================================================
----------------- testing Sat Oct 26 06:17:18 UTC 2019 /home/travis/build/icyphy/ptII/ptolemy/actor/lib/test/auto/SubscriberPortInitialValues3.xml
----------------- Instantiating /home/travis/build/icyphy/ptII/ptolemy/actor/lib/test/auto/SubscriberPortInitialValues3.xml
4 ms. Memory: 423936K Free: 196035K (46%)
----------------- Invoking toplevel() on ptolemy.moml.MoMLSimpleApplication@5b1d5544
----------------- Done invoking toplevel() on ptolemy.moml.MoMLSimpleApplication@5b1d5544
reloadAllAccessors: .SubscriberPortInitialValues3

===========================================================================================
----------------- testing Sat Oct 26 06:17:18 UTC 2019 /home/travis/build/icyphy/ptII/ptolemy/actor/lib/test/auto/SubscriptionAggregator.xml
----------------- Instantiating /home/travis/build/icyphy/ptII/ptolemy/actor/lib/test/auto/SubscriptionAggregator.xml
3 ms. Memory: 423936K Free: 189363K (45%)
----------------- Invoking toplevel() on ptolemy.moml.MoMLSimpleApplication@447751be
----------------- Done invoking toplevel() on ptolemy.moml.MoMLSimpleApplication@447751be
reloadAllAccessors: .SubscriptionAggregator

===========================================================================================
----------------- testing Sat Oct 26 06:17:18 UTC 2019 /home/travis/build/icyphy/ptII/ptolemy/actor/lib/test/auto/SubscriptionAggregator2.xml
----------------- Instantiating /home/travis/build/icyphy/ptII/ptolemy/actor/lib/test/auto/SubscriptionAggregator2.xml
9 ms. Memory: 423936K Free: 182203K (43%)
----------------- Invoking toplevel() on ptolemy.moml.MoMLSimpleApplication@43ab31e
----------------- Done invoking toplevel() on ptolemy.moml.MoMLSimpleApplication@43ab31e
reloadAllAccessors: .SubscriptionAggregator2

===========================================================================================
----------------- testing Sat Oct 26 06:17:18 UTC 2019 /home/travis/build/icyphy/ptII/ptolemy/actor/lib/test/auto/SubscriptionAggregator3.xml
----------------- Instantiating /home/travis/build/icyphy/ptII/ptolemy/actor/lib/test/auto/SubscriptionAggregator3.xml
4 ms. Memory: 423936K Free: 173507K (41%)
----------------- Invoking toplevel() on ptolemy.moml.MoMLSimpleApplication@799543da
----------------- Done invoking toplevel() on ptolemy.moml.MoMLSimpleApplication@799543da
reloadAllAccessors: .SubscriptionAggregator3

===========================================================================================
----------------- testing Sat Oct 26 06:17:18 UTC 2019 /home/travis/build/icyphy/ptII/ptolemy/actor/lib/test/auto/SubscriptionAggregatorMultiply.xml
----------------- Instantiating /home/travis/build/icyphy/ptII/ptolemy/actor/lib/test/auto/SubscriptionAggregatorMultiply.xml
14 ms. Memory: 423936K Free: 165315K (39%)
----------------- Invoking toplevel() on ptolemy.moml.MoMLSimpleApplication@67cad560
----------------- Done invoking toplevel() on ptolemy.moml.MoMLSimpleApplication@67cad560
reloadAllAccessors: .SubscriptionAggregatorMultiply

===========================================================================================
----------------- testing Sat Oct 26 06:17:18 UTC 2019 /home/travis/build/icyphy/ptII/ptolemy/actor/lib/test/auto/SubscriptionAggregatorPortMultiply1.xml
----------------- Instantiating /home/travis/build/icyphy/ptII/ptolemy/actor/lib/test/auto/SubscriptionAggregatorPortMultiply1.xml
4 ms. Memory: 423936K Free: 157123K (37%)
----------------- Invoking toplevel() on ptolemy.moml.MoMLSimpleApplication@7472c975
----------------- Done invoking toplevel() on ptolemy.moml.MoMLSimpleApplication@7472c975
reloadAllAccessors: .SubscriptionAggregatorPortMultiply1

===========================================================================================
----------------- testing Sat Oct 26 06:17:18 UTC 2019 /home/travis/build/icyphy/ptII/ptolemy/actor/lib/test/auto/Switch.xml
----------------- Instantiating /home/travis/build/icyphy/ptII/ptolemy/actor/lib/test/auto/Switch.xml
11 ms. Memory: 423936K Free: 148931K (35%)
----------------- Invoking toplevel() on ptolemy.moml.MoMLSimpleApplication@2f793b3
----------------- Done invoking toplevel() on ptolemy.moml.MoMLSimpleApplication@2f793b3
reloadAllAccessors: .Switch

===========================================================================================
----------------- testing Sat Oct 26 06:17:18 UTC 2019 /home/travis/build/icyphy/ptII/ptolemy/actor/lib/test/auto/Switch2.xml
----------------- Instantiating /home/travis/build/icyphy/ptII/ptolemy/actor/lib/test/auto/Switch2.xml
1 ms. Memory: 423936K Free: 144321K (34%)
----------------- Invoking toplevel() on ptolemy.moml.MoMLSimpleApplication@3ec79e26
----------------- Done invoking toplevel() on ptolemy.moml.MoMLSimpleApplication@3ec79e26
reloadAllAccessors: .Switch2

===========================================================================================
----------------- testing Sat Oct 26 06:17:18 UTC 2019 /home/travis/build/icyphy/ptII/ptolemy/actor/lib/test/auto/SwitchDE.xml
----------------- Instantiating /home/travis/build/icyphy/ptII/ptolemy/actor/lib/test/auto/SwitchDE.xml
4 ms. Memory: 423936K Free: 138147K (33%)
----------------- Invoking toplevel() on ptolemy.moml.MoMLSimpleApplication@7b7be026
----------------- Done invoking toplevel() on ptolemy.moml.MoMLSimpleApplication@7b7be026
reloadAllAccessors: .SwitchDE

===========================================================================================
----------------- testing Sat Oct 26 06:17:18 UTC 2019 /home/travis/build/icyphy/ptII/ptolemy/actor/lib/test/auto/SynchronizerDE.xml
----------------- Instantiating /home/travis/build/icyphy/ptII/ptolemy/actor/lib/test/auto/SynchronizerDE.xml
7 ms. Memory: 423936K Free: 129475K (31%)
----------------- Invoking toplevel() on ptolemy.moml.MoMLSimpleApplication@4d17afd0
----------------- Done invoking toplevel() on ptolemy.moml.MoMLSimpleApplication@4d17afd0
reloadAllAccessors: .SynchronizerDE

===========================================================================================
----------------- testing Sat Oct 26 06:17:18 UTC 2019 /home/travis/build/icyphy/ptII/ptolemy/actor/lib/test/auto/Test.xml
----------------- Instantiating /home/travis/build/icyphy/ptII/ptolemy/actor/lib/test/auto/Test.xml
13 ms. Memory: 423936K Free: 373617K (88%)
----------------- Invoking toplevel() on ptolemy.moml.MoMLSimpleApplication@3d4b10e3
----------------- Done invoking toplevel() on ptolemy.moml.MoMLSimpleApplication@3d4b10e3
reloadAllAccessors: .Test

===========================================================================================
----------------- testing Sat Oct 26 06:17:18 UTC 2019 /home/travis/build/icyphy/ptII/ptolemy/actor/lib/test/auto/TestExceptionAttribute1.xml
----------------- Instantiating /home/travis/build/icyphy/ptII/ptolemy/actor/lib/test/auto/TestExceptionAttribute1.xml
1 ms. Memory: 423936K Free: 369521K (87%)
----------------- Invoking toplevel() on ptolemy.moml.MoMLSimpleApplication@2d859bef
----------------- Done invoking toplevel() on ptolemy.moml.MoMLSimpleApplication@2d859bef
reloadAllAccessors: .TestExceptionAttribute1

===========================================================================================
----------------- testing Sat Oct 26 06:17:18 UTC 2019 /home/travis/build/icyphy/ptII/ptolemy/actor/lib/test/auto/TestExceptionAttribute2.xml
----------------- Instantiating /home/travis/build/icyphy/ptII/ptolemy/actor/lib/test/auto/TestExceptionAttribute2.xml
1 ms. Memory: 423936K Free: 365425K (86%)
----------------- Invoking toplevel() on ptolemy.moml.MoMLSimpleApplication@7aa76a10
----------------- Done invoking toplevel() on ptolemy.moml.MoMLSimpleApplication@7aa76a10
reloadAllAccessors: .TestExceptionAttribute2

===========================================================================================
----------------- testing Sat Oct 26 06:17:18 UTC 2019 /home/travis/build/icyphy/ptII/ptolemy/actor/lib/test/auto/TestExceptionAttribute3.xml
----------------- Instantiating /home/travis/build/icyphy/ptII/ptolemy/actor/lib/test/auto/TestExceptionAttribute3.xml
.TestExceptionAttribute3.TestExceptionAttribute: initialize() was not invoked, but wrapup() was.  This is unusual, but not always a problem.  For example, exporting JNLP will do this.
1 ms. Memory: 423936K Free: 361839K (85%)
----------------- Invoking toplevel() on ptolemy.moml.MoMLSimpleApplication@61484979
----------------- Done invoking toplevel() on ptolemy.moml.MoMLSimpleApplication@61484979
reloadAllAccessors: .TestExceptionAttribute3

===========================================================================================
----------------- testing Sat Oct 26 06:17:18 UTC 2019 /home/travis/build/icyphy/ptII/ptolemy/actor/lib/test/auto/TestExceptionAttribute4.xml
----------------- Instantiating /home/travis/build/icyphy/ptII/ptolemy/actor/lib/test/auto/TestExceptionAttribute4.xml
.TestExceptionAttribute4.TestExceptionAttribute: initialize() was not invoked, but wrapup() was.  This is unusual, but not always a problem.  For example, exporting JNLP will do this.
.TestExceptionAttribute4.TestExceptionAttribute2: initialize() was not invoked, but wrapup() was.  This is unusual, but not always a problem.  For example, exporting JNLP will do this.
1 ms. Memory: 423936K Free: 357743K (84%)
----------------- Invoking toplevel() on ptolemy.moml.MoMLSimpleApplication@219c4b86
----------------- Done invoking toplevel() on ptolemy.moml.MoMLSimpleApplication@219c4b86
reloadAllAccessors: .TestExceptionAttribute4

===========================================================================================
----------------- testing Sat Oct 26 06:17:18 UTC 2019 /home/travis/build/icyphy/ptII/ptolemy/actor/lib/test/auto/TestExceptionHandler1.xml
----------------- Instantiating /home/travis/build/icyphy/ptII/ptolemy/actor/lib/test/auto/TestExceptionHandler1.xml
0 ms. Memory: 423936K Free: 353647K (83%)
----------------- Invoking toplevel() on ptolemy.moml.MoMLSimpleApplication@7dfa4aff
----------------- Done invoking toplevel() on ptolemy.moml.MoMLSimpleApplication@7dfa4aff
reloadAllAccessors: .TestExceptionHandler1

===========================================================================================
----------------- testing Sat Oct 26 06:17:18 UTC 2019 /home/travis/build/icyphy/ptII/ptolemy/actor/lib/test/auto/TestExceptionHandler2.xml
----------------- Instantiating /home/travis/build/icyphy/ptII/ptolemy/actor/lib/test/auto/TestExceptionHandler2.xml
2 ms. Memory: 423936K Free: 350065K (83%)
----------------- Invoking toplevel() on ptolemy.moml.MoMLSimpleApplication@20e1521c
----------------- Done invoking toplevel() on ptolemy.moml.MoMLSimpleApplication@20e1521c
reloadAllAccessors: .TestExceptionHandler2

===========================================================================================
----------------- testing Sat Oct 26 06:17:18 UTC 2019 /home/travis/build/icyphy/ptII/ptolemy/actor/lib/test/auto/TestExceptionHandler3.xml
----------------- Instantiating /home/travis/build/icyphy/ptII/ptolemy/actor/lib/test/auto/TestExceptionHandler3.xml
1 ms. Memory: 423936K Free: 346479K (82%)
----------------- Invoking toplevel() on ptolemy.moml.MoMLSimpleApplication@10d68937
----------------- Done invoking toplevel() on ptolemy.moml.MoMLSimpleApplication@10d68937
reloadAllAccessors: .TestExceptionHandler3

===========================================================================================
----------------- testing Sat Oct 26 06:17:18 UTC 2019 /home/travis/build/icyphy/ptII/ptolemy/actor/lib/test/auto/TestExceptionHandler4.xml
----------------- Instantiating /home/travis/build/icyphy/ptII/ptolemy/actor/lib/test/auto/TestExceptionHandler4.xml
1 ms. Memory: 423936K Free: 340849K (80%)
----------------- Invoking toplevel() on ptolemy.moml.MoMLSimpleApplication@a957437
----------------- Done invoking toplevel() on ptolemy.moml.MoMLSimpleApplication@a957437
reloadAllAccessors: .TestExceptionHandler4

===========================================================================================
----------------- testing Sat Oct 26 06:17:18 UTC 2019 /home/travis/build/icyphy/ptII/ptolemy/actor/lib/test/auto/TestRequireCorrectOrder.xml
----------------- Instantiating /home/travis/build/icyphy/ptII/ptolemy/actor/lib/test/auto/TestRequireCorrectOrder.xml
3 ms. Memory: 423936K Free: 335729K (79%)
----------------- Invoking toplevel() on ptolemy.moml.MoMLSimpleApplication@4a411d5
----------------- Done invoking toplevel() on ptolemy.moml.MoMLSimpleApplication@4a411d5
reloadAllAccessors: .TestRequireCorrectOrder

===========================================================================================
----------------- testing Sat Oct 26 06:17:18 UTC 2019 /home/travis/build/icyphy/ptII/ptolemy/actor/lib/test/auto/TestSimple.xml
----------------- Instantiating /home/travis/build/icyphy/ptII/ptolemy/actor/lib/test/auto/TestSimple.xml
1 ms. Memory: 423936K Free: 331113K (78%)
----------------- Invoking toplevel() on ptolemy.moml.MoMLSimpleApplication@af4d583
----------------- Done invoking toplevel() on ptolemy.moml.MoMLSimpleApplication@af4d583
reloadAllAccessors: .TestSimple

===========================================================================================
----------------- testing Sat Oct 26 06:17:18 UTC 2019 /home/travis/build/icyphy/ptII/ptolemy/actor/lib/test/auto/ThrowModelError.xml
----------------- Instantiating /home/travis/build/icyphy/ptII/ptolemy/actor/lib/test/auto/ThrowModelError.xml
1 ms. Memory: 423936K Free: 325999K (77%)
----------------- Invoking toplevel() on ptolemy.moml.MoMLSimpleApplication@11bfee03
----------------- Done invoking toplevel() on ptolemy.moml.MoMLSimpleApplication@11bfee03
reloadAllAccessors: .ThrowModelError

===========================================================================================
----------------- testing Sat Oct 26 06:17:18 UTC 2019 /home/travis/build/icyphy/ptII/ptolemy/actor/lib/test/auto/TimeDelayMicrosteps.xml
----------------- Instantiating /home/travis/build/icyphy/ptII/ptolemy/actor/lib/test/auto/TimeDelayMicrosteps.xml
3 ms. Memory: 423936K Free: 319345K (75%)
----------------- Invoking toplevel() on ptolemy.moml.MoMLSimpleApplication@1b9c1783
----------------- Done invoking toplevel() on ptolemy.moml.MoMLSimpleApplication@1b9c1783
reloadAllAccessors: .TimeDelayMicrosteps

===========================================================================================
----------------- testing Sat Oct 26 06:17:19 UTC 2019 /home/travis/build/icyphy/ptII/ptolemy/actor/lib/test/auto/TimeDelayMicrosteps2.xml
----------------- Instantiating /home/travis/build/icyphy/ptII/ptolemy/actor/lib/test/auto/TimeDelayMicrosteps2.xml
3 ms. Memory: 423936K Free: 312177K (74%)
----------------- Invoking toplevel() on ptolemy.moml.MoMLSimpleApplication@36041b2d
----------------- Done invoking toplevel() on ptolemy.moml.MoMLSimpleApplication@36041b2d
reloadAllAccessors: .TimeDelayMicrosteps2

===========================================================================================
----------------- testing Sat Oct 26 06:17:19 UTC 2019 /home/travis/build/icyphy/ptII/ptolemy/actor/lib/test/auto/TimeDelayMicrosteps3.xml
----------------- Instantiating /home/travis/build/icyphy/ptII/ptolemy/actor/lib/test/auto/TimeDelayMicrosteps3.xml
3 ms. Memory: 423936K Free: 305009K (72%)
----------------- Invoking toplevel() on ptolemy.moml.MoMLSimpleApplication@fd0dee3
----------------- Done invoking toplevel() on ptolemy.moml.MoMLSimpleApplication@fd0dee3
reloadAllAccessors: .TimeDelayMicrosteps3

===========================================================================================
----------------- testing Sat Oct 26 06:17:19 UTC 2019 /home/travis/build/icyphy/ptII/ptolemy/actor/lib/test/auto/TimeDelayVariableMicrosteps.xml
----------------- Instantiating /home/travis/build/icyphy/ptII/ptolemy/actor/lib/test/auto/TimeDelayVariableMicrosteps.xml
3 ms. Memory: 423936K Free: 298351K (70%)
----------------- Invoking toplevel() on ptolemy.moml.MoMLSimpleApplication@1a436ef1
----------------- Done invoking toplevel() on ptolemy.moml.MoMLSimpleApplication@1a436ef1
reloadAllAccessors: .TimeDelayVariableMicrosteps

===========================================================================================
----------------- testing Sat Oct 26 06:17:19 UTC 2019 /home/travis/build/icyphy/ptII/ptolemy/actor/lib/test/auto/TimeGap.xml
----------------- Instantiating /home/travis/build/icyphy/ptII/ptolemy/actor/lib/test/auto/TimeGap.xml
3 ms. Memory: 423936K Free: 293217K (69%)
----------------- Invoking toplevel() on ptolemy.moml.MoMLSimpleApplication@ec1d003
----------------- Done invoking toplevel() on ptolemy.moml.MoMLSimpleApplication@ec1d003
reloadAllAccessors: .TimeGap

===========================================================================================
----------------- testing Sat Oct 26 06:17:19 UTC 2019 /home/travis/build/icyphy/ptII/ptolemy/actor/lib/test/auto/TimeGap2.xml
----------------- Instantiating /home/travis/build/icyphy/ptII/ptolemy/actor/lib/test/auto/TimeGap2.xml
2 ms. Memory: 423936K Free: 287081K (68%)
----------------- Invoking toplevel() on ptolemy.moml.MoMLSimpleApplication@24ea77fe
----------------- Done invoking toplevel() on ptolemy.moml.MoMLSimpleApplication@24ea77fe
reloadAllAccessors: .TimeGap2

===========================================================================================
----------------- testing Sat Oct 26 06:17:19 UTC 2019 /home/travis/build/icyphy/ptII/ptolemy/actor/lib/test/auto/TimedSinewave.xml
----------------- Instantiating /home/travis/build/icyphy/ptII/ptolemy/actor/lib/test/auto/TimedSinewave.xml
35 ms. Memory: 423936K Free: 272751K (64%)
----------------- Invoking toplevel() on ptolemy.moml.MoMLSimpleApplication@54d128c7
----------------- Done invoking toplevel() on ptolemy.moml.MoMLSimpleApplication@54d128c7
reloadAllAccessors: .TimedSinewave

===========================================================================================
----------------- testing Sat Oct 26 06:17:19 UTC 2019 /home/travis/build/icyphy/ptII/ptolemy/actor/lib/test/auto/TimedSinewavePhase.xml
----------------- Instantiating /home/travis/build/icyphy/ptII/ptolemy/actor/lib/test/auto/TimedSinewavePhase.xml
12 ms. Memory: 423936K Free: 263025K (62%)
----------------- Invoking toplevel() on ptolemy.moml.MoMLSimpleApplication@7c3f01d1
----------------- Done invoking toplevel() on ptolemy.moml.MoMLSimpleApplication@7c3f01d1
reloadAllAccessors: .TimedSinewavePhase

===========================================================================================
----------------- testing Sat Oct 26 06:17:19 UTC 2019 /home/travis/build/icyphy/ptII/ptolemy/actor/lib/test/auto/Timer.xml
----------------- Instantiating /home/travis/build/icyphy/ptII/ptolemy/actor/lib/test/auto/Timer.xml
5 ms. Memory: 423936K Free: 256881K (61%)
----------------- Invoking toplevel() on ptolemy.moml.MoMLSimpleApplication@67e7a0b9
----------------- Done invoking toplevel() on ptolemy.moml.MoMLSimpleApplication@67e7a0b9
reloadAllAccessors: .Timer

===========================================================================================
----------------- testing Sat Oct 26 06:17:19 UTC 2019 /home/travis/build/icyphy/ptII/ptolemy/actor/lib/test/auto/TriangularDistTestModel.xml
----------------- Instantiating /home/travis/build/icyphy/ptII/ptolemy/actor/lib/test/auto/TriangularDistTestModel.xml
2 ms. Memory: 423936K Free: 251233K (59%)
----------------- Invoking toplevel() on ptolemy.moml.MoMLSimpleApplication@f73283
----------------- Done invoking toplevel() on ptolemy.moml.MoMLSimpleApplication@f73283
reloadAllAccessors: .TriangularDistTestModel

===========================================================================================
----------------- testing Sat Oct 26 06:17:19 UTC 2019 /home/travis/build/icyphy/ptII/ptolemy/actor/lib/test/auto/TrigFunction.xml
----------------- Instantiating /home/travis/build/icyphy/ptII/ptolemy/actor/lib/test/auto/TrigFunction.xml
3 ms. Memory: 423936K Free: 246641K (58%)
----------------- Invoking toplevel() on ptolemy.moml.MoMLSimpleApplication@3fec10a1
----------------- Done invoking toplevel() on ptolemy.moml.MoMLSimpleApplication@3fec10a1
reloadAllAccessors: .TrigFunction

===========================================================================================
----------------- testing Sat Oct 26 06:17:19 UTC 2019 /home/travis/build/icyphy/ptII/ptolemy/actor/lib/test/auto/TrigFunctionDE.xml
----------------- Instantiating /home/travis/build/icyphy/ptII/ptolemy/actor/lib/test/auto/TrigFunctionDE.xml
2 ms. Memory: 423936K Free: 240497K (57%)
----------------- Invoking toplevel() on ptolemy.moml.MoMLSimpleApplication@210ae6cf
----------------- Done invoking toplevel() on ptolemy.moml.MoMLSimpleApplication@210ae6cf
reloadAllAccessors: .TrigFunctionDE

===========================================================================================
----------------- testing Sat Oct 26 06:17:19 UTC 2019 /home/travis/build/icyphy/ptII/ptolemy/actor/lib/test/auto/TrigFunctionInverse.xml
----------------- Instantiating /home/travis/build/icyphy/ptII/ptolemy/actor/lib/test/auto/TrigFunctionInverse.xml
2 ms. Memory: 423936K Free: 235377K (56%)
----------------- Invoking toplevel() on ptolemy.moml.MoMLSimpleApplication@3287f07c
----------------- Done invoking toplevel() on ptolemy.moml.MoMLSimpleApplication@3287f07c
reloadAllAccessors: .TrigFunctionInverse

===========================================================================================
----------------- testing Sat Oct 26 06:17:19 UTC 2019 /home/travis/build/icyphy/ptII/ptolemy/actor/lib/test/auto/TrigFunctionTan.xml
----------------- Instantiating /home/travis/build/icyphy/ptII/ptolemy/actor/lib/test/auto/TrigFunctionTan.xml
2 ms. Memory: 423936K Free: 230257K (54%)
----------------- Invoking toplevel() on ptolemy.moml.MoMLSimpleApplication@13143220
----------------- Done invoking toplevel() on ptolemy.moml.MoMLSimpleApplication@13143220
reloadAllAccessors: .TrigFunctionTan

===========================================================================================
----------------- testing Sat Oct 26 06:17:19 UTC 2019 /home/travis/build/icyphy/ptII/ptolemy/actor/lib/test/auto/TriggeredClock.xml
----------------- Instantiating /home/travis/build/icyphy/ptII/ptolemy/actor/lib/test/auto/TriggeredClock.xml
1 ms. Memory: 423936K Free: 225137K (53%)
----------------- Invoking toplevel() on ptolemy.moml.MoMLSimpleApplication@4d9e68f
----------------- Done invoking toplevel() on ptolemy.moml.MoMLSimpleApplication@4d9e68f
reloadAllAccessors: .TriggeredClock

===========================================================================================
----------------- testing Sat Oct 26 06:17:19 UTC 2019 /home/travis/build/icyphy/ptII/ptolemy/actor/lib/test/auto/URLDirectoryReader.xml
----------------- Instantiating /home/travis/build/icyphy/ptII/ptolemy/actor/lib/test/auto/URLDirectoryReader.xml
47 ms. Memory: 423936K Free: 216431K (51%)
----------------- Invoking toplevel() on ptolemy.moml.MoMLSimpleApplication@2903227e
----------------- Done invoking toplevel() on ptolemy.moml.MoMLSimpleApplication@2903227e
reloadAllAccessors: .URLDirectoryReader

===========================================================================================
----------------- testing Sat Oct 26 06:17:19 UTC 2019 /home/travis/build/icyphy/ptII/ptolemy/actor/lib/test/auto/URLDirectoryReader3.xml
----------------- Instantiating /home/travis/build/icyphy/ptII/ptolemy/actor/lib/test/auto/URLDirectoryReader3.xml

===========================================================================================
----------------- testing Sat Oct 26 06:18:39 UTC 2019 /home/travis/build/icyphy/ptII/ptolemy/actor/lib/test/auto/UnaryMathFunction.xml
----------------- Instantiating /home/travis/build/icyphy/ptII/ptolemy/actor/lib/test/auto/UnaryMathFunction.xml
3 ms. Memory: 423936K Free: 205167K (48%)
----------------- Invoking toplevel() on ptolemy.moml.MoMLSimpleApplication@6898a079
----------------- Done invoking toplevel() on ptolemy.moml.MoMLSimpleApplication@6898a079
reloadAllAccessors: .UnaryMathFunction

===========================================================================================
----------------- testing Sat Oct 26 06:18:39 UTC 2019 /home/travis/build/icyphy/ptII/ptolemy/actor/lib/test/auto/Uniform.xml
----------------- Instantiating /home/travis/build/icyphy/ptII/ptolemy/actor/lib/test/auto/Uniform.xml
1 ms. Memory: 423936K Free: 200047K (47%)
----------------- Invoking toplevel() on ptolemy.moml.MoMLSimpleApplication@4e559ccd
----------------- Done invoking toplevel() on ptolemy.moml.MoMLSimpleApplication@4e559ccd
reloadAllAccessors: .Uniform

===========================================================================================
----------------- testing Sat Oct 26 06:18:39 UTC 2019 /home/travis/build/icyphy/ptII/ptolemy/actor/lib/test/auto/UnionDisassemblerTest.xml
----------------- Instantiating /home/travis/build/icyphy/ptII/ptolemy/actor/lib/test/auto/UnionDisassemblerTest.xml
16 ms. Memory: 423936K Free: 196465K (46%)
----------------- Invoking toplevel() on ptolemy.moml.MoMLSimpleApplication@183e9b6f
----------------- Done invoking toplevel() on ptolemy.moml.MoMLSimpleApplication@183e9b6f
reloadAllAccessors: .UnionDisassemblerTest

===========================================================================================
----------------- testing Sat Oct 26 06:18:39 UTC 2019 /home/travis/build/icyphy/ptII/ptolemy/actor/lib/test/auto/UtilityFunctions.xml
----------------- Instantiating /home/travis/build/icyphy/ptII/ptolemy/actor/lib/test/auto/UtilityFunctions.xml
4 ms. Memory: 423936K Free: 192369K (45%)
----------------- Invoking toplevel() on ptolemy.moml.MoMLSimpleApplication@7159c
----------------- Done invoking toplevel() on ptolemy.moml.MoMLSimpleApplication@7159c
reloadAllAccessors: .UtilityFunctions

===========================================================================================
----------------- testing Sat Oct 26 06:18:39 UTC 2019 /home/travis/build/icyphy/ptII/ptolemy/actor/lib/test/auto/VariableSleep.xml
----------------- Instantiating /home/travis/build/icyphy/ptII/ptolemy/actor/lib/test/auto/VariableSleep.xml
504 ms. Memory: 423936K Free: 186735K (44%)
----------------- Invoking toplevel() on ptolemy.moml.MoMLSimpleApplication@4e14990a
----------------- Done invoking toplevel() on ptolemy.moml.MoMLSimpleApplication@4e14990a
reloadAllAccessors: .VariableSleep

===========================================================================================
----------------- testing Sat Oct 26 06:18:40 UTC 2019 /home/travis/build/icyphy/ptII/ptolemy/actor/lib/test/auto/VectorAssemblerDisassemblerCT.xml
----------------- Instantiating /home/travis/build/icyphy/ptII/ptolemy/actor/lib/test/auto/VectorAssemblerDisassemblerCT.xml
82 ms. Memory: 423936K Free: 165745K (39%)
----------------- Invoking toplevel() on ptolemy.moml.MoMLSimpleApplication@5d52bc5c
----------------- Done invoking toplevel() on ptolemy.moml.MoMLSimpleApplication@5d52bc5c
reloadAllAccessors: .VectorAssemblerDisassemblerCT

===========================================================================================
----------------- testing Sat Oct 26 06:18:40 UTC 2019 /home/travis/build/icyphy/ptII/ptolemy/actor/lib/test/auto/VectorAssemblerDisassemblerDE.xml
----------------- Instantiating /home/travis/build/icyphy/ptII/ptolemy/actor/lib/test/auto/VectorAssemblerDisassemblerDE.xml
12 ms. Memory: 423936K Free: 158577K (37%)
----------------- Invoking toplevel() on ptolemy.moml.MoMLSimpleApplication@4b87b9b5
----------------- Done invoking toplevel() on ptolemy.moml.MoMLSimpleApplication@4b87b9b5
reloadAllAccessors: .VectorAssemblerDisassemblerDE

===========================================================================================
----------------- testing Sat Oct 26 06:18:40 UTC 2019 /home/travis/build/icyphy/ptII/ptolemy/actor/lib/test/auto/VectorAssemblerDisassemblerSDF.xml
----------------- Instantiating /home/travis/build/icyphy/ptII/ptolemy/actor/lib/test/auto/VectorAssemblerDisassemblerSDF.xml
3 ms. Memory: 423936K Free: 151919K (36%)
----------------- Invoking toplevel() on ptolemy.moml.MoMLSimpleApplication@7f699336
----------------- Done invoking toplevel() on ptolemy.moml.MoMLSimpleApplication@7f699336
reloadAllAccessors: .VectorAssemblerDisassemblerSDF

===========================================================================================
----------------- testing Sat Oct 26 06:18:40 UTC 2019 /home/travis/build/icyphy/ptII/ptolemy/actor/lib/test/auto/WallClockTime.xml
----------------- Instantiating /home/travis/build/icyphy/ptII/ptolemy/actor/lib/test/auto/WallClockTime.xml
1005 ms. Memory: 423936K Free: 146799K (35%)
----------------- Invoking toplevel() on ptolemy.moml.MoMLSimpleApplication@2e5458d7
----------------- Done invoking toplevel() on ptolemy.moml.MoMLSimpleApplication@2e5458d7
reloadAllAccessors: .WallClockTime

===========================================================================================
----------------- testing Sat Oct 26 06:18:41 UTC 2019 /home/travis/build/icyphy/ptII/ptolemy/actor/lib/test/auto/WidthTestWithSubscriberPublisher.xml
----------------- Instantiating /home/travis/build/icyphy/ptII/ptolemy/actor/lib/test/auto/WidthTestWithSubscriberPublisher.xml
9 ms. Memory: 423936K Free: 129391K (31%)
----------------- Invoking toplevel() on ptolemy.moml.MoMLSimpleApplication@4f44c161
----------------- Done invoking toplevel() on ptolemy.moml.MoMLSimpleApplication@4f44c161
reloadAllAccessors: .WidthTestWithSubscriberPublisher

===========================================================================================
----------------- testing Sat Oct 26 06:18:41 UTC 2019 /home/travis/build/icyphy/ptII/ptolemy/actor/lib/test/auto/WidthTestWithSubscriberPublisher2.xml
----------------- Instantiating /home/travis/build/icyphy/ptII/ptolemy/actor/lib/test/auto/WidthTestWithSubscriberPublisher2.xml
3 ms. Memory: 423936K Free: 122737K (29%)
----------------- Invoking toplevel() on ptolemy.moml.MoMLSimpleApplication@3bf3f135
----------------- Done invoking toplevel() on ptolemy.moml.MoMLSimpleApplication@3bf3f135
reloadAllAccessors: .WidthTestWithSubscriberPublisher2

===========================================================================================
----------------- testing Sat Oct 26 06:18:41 UTC 2019 /home/travis/build/icyphy/ptII/ptolemy/actor/lib/test/auto/WidthTestWithSubscriberPublisher3.xml
----------------- Instantiating /home/travis/build/icyphy/ptII/ptolemy/actor/lib/test/auto/WidthTestWithSubscriberPublisher3.xml
2 ms. Memory: 423936K Free: 367358K (87%)
----------------- Invoking toplevel() on ptolemy.moml.MoMLSimpleApplication@76ce11b9
----------------- Done invoking toplevel() on ptolemy.moml.MoMLSimpleApplication@76ce11b9
reloadAllAccessors: .WidthTestWithSubscriberPublisher3

===========================================================================================
----------------- testing Sat Oct 26 06:18:41 UTC 2019 /home/travis/build/icyphy/ptII/ptolemy/actor/lib/test/auto/Writer.xml
----------------- Instantiating /home/travis/build/icyphy/ptII/ptolemy/actor/lib/test/auto/Writer.xml
0
1
2
3
4
1 ms. Memory: 423936K Free: 362718K (86%)
----------------- Invoking toplevel() on ptolemy.moml.MoMLSimpleApplication@43087b48
----------------- Done invoking toplevel() on ptolemy.moml.MoMLSimpleApplication@43087b48
reloadAllAccessors: .Writer

===========================================================================================
----------------- testing Sat Oct 26 06:18:41 UTC 2019 /home/travis/build/icyphy/ptII/ptolemy/actor/lib/test/auto/array.xml
----------------- Instantiating /home/travis/build/icyphy/ptII/ptolemy/actor/lib/test/auto/array.xml
2 ms. Memory: 423936K Free: 358142K (84%)
----------------- Invoking toplevel() on ptolemy.moml.MoMLSimpleApplication@426a58a5
----------------- Done invoking toplevel() on ptolemy.moml.MoMLSimpleApplication@426a58a5
reloadAllAccessors: .array

===========================================================================================
----------------- testing Sat Oct 26 06:18:41 UTC 2019 /home/travis/build/icyphy/ptII/ptolemy/actor/lib/test/auto/array2.xml
----------------- Instantiating /home/travis/build/icyphy/ptII/ptolemy/actor/lib/test/auto/array2.xml
2 ms. Memory: 423936K Free: 353022K (83%)
----------------- Invoking toplevel() on ptolemy.moml.MoMLSimpleApplication@4b686028
----------------- Done invoking toplevel() on ptolemy.moml.MoMLSimpleApplication@4b686028
reloadAllAccessors: .array2

===========================================================================================
----------------- testing Sat Oct 26 06:18:41 UTC 2019 /home/travis/build/icyphy/ptII/ptolemy/actor/lib/test/auto/arrayType.xml
----------------- Instantiating /home/travis/build/icyphy/ptII/ptolemy/actor/lib/test/auto/arrayType.xml
5 ms. Memory: 423936K Free: 347388K (82%)
----------------- Invoking toplevel() on ptolemy.moml.MoMLSimpleApplication@40117301
----------------- Done invoking toplevel() on ptolemy.moml.MoMLSimpleApplication@40117301
reloadAllAccessors: .arrayType

===========================================================================================
----------------- testing Sat Oct 26 06:18:41 UTC 2019 /home/travis/build/icyphy/ptII/ptolemy/actor/lib/test/auto/arrayType10.xml
----------------- Instantiating /home/travis/build/icyphy/ptII/ptolemy/actor/lib/test/auto/arrayType10.xml
2 ms. Memory: 423936K Free: 342782K (81%)
----------------- Invoking toplevel() on ptolemy.moml.MoMLSimpleApplication@1e121eb0
----------------- Done invoking toplevel() on ptolemy.moml.MoMLSimpleApplication@1e121eb0
reloadAllAccessors: .arrayType10

===========================================================================================
----------------- testing Sat Oct 26 06:18:41 UTC 2019 /home/travis/build/icyphy/ptII/ptolemy/actor/lib/test/auto/arrayType11.xml
----------------- Instantiating /home/travis/build/icyphy/ptII/ptolemy/actor/lib/test/auto/arrayType11.xml
2 ms. Memory: 423936K Free: 338172K (80%)
----------------- Invoking toplevel() on ptolemy.moml.MoMLSimpleApplication@33c4b892
----------------- Done invoking toplevel() on ptolemy.moml.MoMLSimpleApplication@33c4b892
reloadAllAccessors: .arrayType11

===========================================================================================
----------------- testing Sat Oct 26 06:18:41 UTC 2019 /home/travis/build/icyphy/ptII/ptolemy/actor/lib/test/auto/arrayType12.xml
----------------- Instantiating /home/travis/build/icyphy/ptII/ptolemy/actor/lib/test/auto/arrayType12.xml
1 ms. Memory: 423936K Free: 333052K (79%)
----------------- Invoking toplevel() on ptolemy.moml.MoMLSimpleApplication@6b0b6fa6
----------------- Done invoking toplevel() on ptolemy.moml.MoMLSimpleApplication@6b0b6fa6
reloadAllAccessors: .arrayType12

===========================================================================================
----------------- testing Sat Oct 26 06:18:41 UTC 2019 /home/travis/build/icyphy/ptII/ptolemy/actor/lib/test/auto/arrayType13.xml
----------------- Instantiating /home/travis/build/icyphy/ptII/ptolemy/actor/lib/test/auto/arrayType13.xml
2 ms. Memory: 423936K Free: 327932K (77%)
----------------- Invoking toplevel() on ptolemy.moml.MoMLSimpleApplication@5a402faa
----------------- Done invoking toplevel() on ptolemy.moml.MoMLSimpleApplication@5a402faa
reloadAllAccessors: .arrayType13

===========================================================================================
----------------- testing Sat Oct 26 06:18:41 UTC 2019 /home/travis/build/icyphy/ptII/ptolemy/actor/lib/test/auto/arrayType14.xml
----------------- Instantiating /home/travis/build/icyphy/ptII/ptolemy/actor/lib/test/auto/arrayType14.xml
2 ms. Memory: 423936K Free: 322812K (76%)
----------------- Invoking toplevel() on ptolemy.moml.MoMLSimpleApplication@5c713624
----------------- Done invoking toplevel() on ptolemy.moml.MoMLSimpleApplication@5c713624
reloadAllAccessors: .arrayType14

===========================================================================================
----------------- testing Sat Oct 26 06:18:41 UTC 2019 /home/travis/build/icyphy/ptII/ptolemy/actor/lib/test/auto/arrayType15.xml
----------------- Instantiating /home/travis/build/icyphy/ptII/ptolemy/actor/lib/test/auto/arrayType15.xml
3 ms. Memory: 423936K Free: 317182K (75%)
----------------- Invoking toplevel() on ptolemy.moml.MoMLSimpleApplication@775e1d08
----------------- Done invoking toplevel() on ptolemy.moml.MoMLSimpleApplication@775e1d08
reloadAllAccessors: .arrayType15

===========================================================================================
----------------- testing Sat Oct 26 06:18:41 UTC 2019 /home/travis/build/icyphy/ptII/ptolemy/actor/lib/test/auto/arrayType16.xml
----------------- Instantiating /home/travis/build/icyphy/ptII/ptolemy/actor/lib/test/auto/arrayType16.xml
2 ms. Memory: 423936K Free: 312062K (74%)
----------------- Invoking toplevel() on ptolemy.moml.MoMLSimpleApplication@1421554d
----------------- Done invoking toplevel() on ptolemy.moml.MoMLSimpleApplication@1421554d
reloadAllAccessors: .arrayType16

===========================================================================================
----------------- testing Sat Oct 26 06:18:41 UTC 2019 /home/travis/build/icyphy/ptII/ptolemy/actor/lib/test/auto/arrayType17.xml
----------------- Instantiating /home/travis/build/icyphy/ptII/ptolemy/actor/lib/test/auto/arrayType17.xml
1 ms. Memory: 423936K Free: 306428K (72%)
----------------- Invoking toplevel() on ptolemy.moml.MoMLSimpleApplication@18815f8a
----------------- Done invoking toplevel() on ptolemy.moml.MoMLSimpleApplication@18815f8a
reloadAllAccessors: .arrayType17

===========================================================================================
----------------- testing Sat Oct 26 06:18:41 UTC 2019 /home/travis/build/icyphy/ptII/ptolemy/actor/lib/test/auto/arrayType18.xml
----------------- Instantiating /home/travis/build/icyphy/ptII/ptolemy/actor/lib/test/auto/arrayType18.xml
1 ms. Memory: 423936K Free: 301822K (71%)
----------------- Invoking toplevel() on ptolemy.moml.MoMLSimpleApplication@1445f630
----------------- Done invoking toplevel() on ptolemy.moml.MoMLSimpleApplication@1445f630
reloadAllAccessors: .arrayType18

===========================================================================================
----------------- testing Sat Oct 26 06:18:41 UTC 2019 /home/travis/build/icyphy/ptII/ptolemy/actor/lib/test/auto/arrayType19.xml
----------------- Instantiating /home/travis/build/icyphy/ptII/ptolemy/actor/lib/test/auto/arrayType19.xml
1 ms. Memory: 423936K Free: 297212K (70%)
----------------- Invoking toplevel() on ptolemy.moml.MoMLSimpleApplication@a4c6937
----------------- Done invoking toplevel() on ptolemy.moml.MoMLSimpleApplication@a4c6937
reloadAllAccessors: .arrayType19

===========================================================================================
----------------- testing Sat Oct 26 06:18:41 UTC 2019 /home/travis/build/icyphy/ptII/ptolemy/actor/lib/test/auto/arrayType2.xml
----------------- Instantiating /home/travis/build/icyphy/ptII/ptolemy/actor/lib/test/auto/arrayType2.xml
2 ms. Memory: 423936K Free: 291582K (69%)
----------------- Invoking toplevel() on ptolemy.moml.MoMLSimpleApplication@32a395ce
----------------- Done invoking toplevel() on ptolemy.moml.MoMLSimpleApplication@32a395ce
reloadAllAccessors: .arrayType2

===========================================================================================
----------------- testing Sat Oct 26 06:18:41 UTC 2019 /home/travis/build/icyphy/ptII/ptolemy/actor/lib/test/auto/arrayType20.xml
----------------- Instantiating /home/travis/build/icyphy/ptII/ptolemy/actor/lib/test/auto/arrayType20.xml
2 ms. Memory: 423936K Free: 286462K (68%)
----------------- Invoking toplevel() on ptolemy.moml.MoMLSimpleApplication@6db0f107
----------------- Done invoking toplevel() on ptolemy.moml.MoMLSimpleApplication@6db0f107
reloadAllAccessors: .arrayType20

===========================================================================================
----------------- testing Sat Oct 26 06:18:41 UTC 2019 /home/travis/build/icyphy/ptII/ptolemy/actor/lib/test/auto/arrayType21.xml
----------------- Instantiating /home/travis/build/icyphy/ptII/ptolemy/actor/lib/test/auto/arrayType21.xml
2 ms. Memory: 423936K Free: 281852K (66%)
----------------- Invoking toplevel() on ptolemy.moml.MoMLSimpleApplication@6b237f9b
----------------- Done invoking toplevel() on ptolemy.moml.MoMLSimpleApplication@6b237f9b
reloadAllAccessors: .arrayType21

===========================================================================================
----------------- testing Sat Oct 26 06:18:41 UTC 2019 /home/travis/build/icyphy/ptII/ptolemy/actor/lib/test/auto/arrayType22.xml
----------------- Instantiating /home/travis/build/icyphy/ptII/ptolemy/actor/lib/test/auto/arrayType22.xml
2 ms. Memory: 423936K Free: 276732K (65%)
----------------- Invoking toplevel() on ptolemy.moml.MoMLSimpleApplication@56f54b5f
----------------- Done invoking toplevel() on ptolemy.moml.MoMLSimpleApplication@56f54b5f
reloadAllAccessors: .arrayType22

===========================================================================================
----------------- testing Sat Oct 26 06:18:41 UTC 2019 /home/travis/build/icyphy/ptII/ptolemy/actor/lib/test/auto/arrayType23.xml
----------------- Instantiating /home/travis/build/icyphy/ptII/ptolemy/actor/lib/test/auto/arrayType23.xml
2 ms. Memory: 423936K Free: 272126K (64%)
----------------- Invoking toplevel() on ptolemy.moml.MoMLSimpleApplication@66e934c5
----------------- Done invoking toplevel() on ptolemy.moml.MoMLSimpleApplication@66e934c5
reloadAllAccessors: .arrayType23

===========================================================================================
----------------- testing Sat Oct 26 06:18:41 UTC 2019 /home/travis/build/icyphy/ptII/ptolemy/actor/lib/test/auto/arrayType24.xml
----------------- Instantiating /home/travis/build/icyphy/ptII/ptolemy/actor/lib/test/auto/arrayType24.xml
6 ms. Memory: 423936K Free: 267006K (63%)
----------------- Invoking toplevel() on ptolemy.moml.MoMLSimpleApplication@6c6765c7
----------------- Done invoking toplevel() on ptolemy.moml.MoMLSimpleApplication@6c6765c7
reloadAllAccessors: .arrayType24

===========================================================================================
----------------- testing Sat Oct 26 06:18:41 UTC 2019 /home/travis/build/icyphy/ptII/ptolemy/actor/lib/test/auto/arrayType25.xml
----------------- Instantiating /home/travis/build/icyphy/ptII/ptolemy/actor/lib/test/auto/arrayType25.xml
1 ms. Memory: 423936K Free: 261886K (62%)
----------------- Invoking toplevel() on ptolemy.moml.MoMLSimpleApplication@a952648
----------------- Done invoking toplevel() on ptolemy.moml.MoMLSimpleApplication@a952648
reloadAllAccessors: .arrayType25

===========================================================================================
----------------- testing Sat Oct 26 06:18:41 UTC 2019 /home/travis/build/icyphy/ptII/ptolemy/actor/lib/test/auto/arrayType26.xml
----------------- Instantiating /home/travis/build/icyphy/ptII/ptolemy/actor/lib/test/auto/arrayType26.xml
2 ms. Memory: 423936K Free: 256766K (61%)
----------------- Invoking toplevel() on ptolemy.moml.MoMLSimpleApplication@48f521ec
----------------- Done invoking toplevel() on ptolemy.moml.MoMLSimpleApplication@48f521ec
reloadAllAccessors: .arrayType26

===========================================================================================
----------------- testing Sat Oct 26 06:18:41 UTC 2019 /home/travis/build/icyphy/ptII/ptolemy/actor/lib/test/auto/arrayType27.xml
----------------- Instantiating /home/travis/build/icyphy/ptII/ptolemy/actor/lib/test/auto/arrayType27.xml
2 ms. Memory: 423936K Free: 251132K (59%)
----------------- Invoking toplevel() on ptolemy.moml.MoMLSimpleApplication@608dc419
----------------- Done invoking toplevel() on ptolemy.moml.MoMLSimpleApplication@608dc419
reloadAllAccessors: .arrayType27

===========================================================================================
----------------- testing Sat Oct 26 06:18:41 UTC 2019 /home/travis/build/icyphy/ptII/ptolemy/actor/lib/test/auto/arrayType28.xml
----------------- Instantiating /home/travis/build/icyphy/ptII/ptolemy/actor/lib/test/auto/arrayType28.xml
8 ms. Memory: 423936K Free: 246012K (58%)
----------------- Invoking toplevel() on ptolemy.moml.MoMLSimpleApplication@62557e76
----------------- Done invoking toplevel() on ptolemy.moml.MoMLSimpleApplication@62557e76
reloadAllAccessors: .arrayType28

===========================================================================================
----------------- testing Sat Oct 26 06:18:41 UTC 2019 /home/travis/build/icyphy/ptII/ptolemy/actor/lib/test/auto/arrayType3.xml
----------------- Instantiating /home/travis/build/icyphy/ptII/ptolemy/actor/lib/test/auto/arrayType3.xml
2 ms. Memory: 423936K Free: 240382K (57%)
----------------- Invoking toplevel() on ptolemy.moml.MoMLSimpleApplication@2ae88198
----------------- Done invoking toplevel() on ptolemy.moml.MoMLSimpleApplication@2ae88198
reloadAllAccessors: .arrayType3

===========================================================================================
----------------- testing Sat Oct 26 06:18:41 UTC 2019 /home/travis/build/icyphy/ptII/ptolemy/actor/lib/test/auto/arrayType4.xml
----------------- Instantiating /home/travis/build/icyphy/ptII/ptolemy/actor/lib/test/auto/arrayType4.xml
2 ms. Memory: 423936K Free: 235262K (55%)
----------------- Invoking toplevel() on ptolemy.moml.MoMLSimpleApplication@268242fd
----------------- Done invoking toplevel() on ptolemy.moml.MoMLSimpleApplication@268242fd
reloadAllAccessors: .arrayType4

===========================================================================================
----------------- testing Sat Oct 26 06:18:41 UTC 2019 /home/travis/build/icyphy/ptII/ptolemy/actor/lib/test/auto/arrayType5.xml
----------------- Instantiating /home/travis/build/icyphy/ptII/ptolemy/actor/lib/test/auto/arrayType5.xml
2 ms. Memory: 423936K Free: 230142K (54%)
----------------- Invoking toplevel() on ptolemy.moml.MoMLSimpleApplication@70a79478
----------------- Done invoking toplevel() on ptolemy.moml.MoMLSimpleApplication@70a79478
reloadAllAccessors: .arrayType5

===========================================================================================
----------------- testing Sat Oct 26 06:18:41 UTC 2019 /home/travis/build/icyphy/ptII/ptolemy/actor/lib/test/auto/arrayType6.xml
----------------- Instantiating /home/travis/build/icyphy/ptII/ptolemy/actor/lib/test/auto/arrayType6.xml
1 ms. Memory: 423936K Free: 225022K (53%)
----------------- Invoking toplevel() on ptolemy.moml.MoMLSimpleApplication@54b2b7ab
----------------- Done invoking toplevel() on ptolemy.moml.MoMLSimpleApplication@54b2b7ab
reloadAllAccessors: .arrayType6

===========================================================================================
----------------- testing Sat Oct 26 06:18:41 UTC 2019 /home/travis/build/icyphy/ptII/ptolemy/actor/lib/test/auto/arrayType7.xml
----------------- Instantiating /home/travis/build/icyphy/ptII/ptolemy/actor/lib/test/auto/arrayType7.xml
2 ms. Memory: 423936K Free: 220412K (52%)
----------------- Invoking toplevel() on ptolemy.moml.MoMLSimpleApplication@ab7b544
----------------- Done invoking toplevel() on ptolemy.moml.MoMLSimpleApplication@ab7b544
reloadAllAccessors: .arrayType7

===========================================================================================
----------------- testing Sat Oct 26 06:18:41 UTC 2019 /home/travis/build/icyphy/ptII/ptolemy/actor/lib/test/auto/arrayType8.xml
----------------- Instantiating /home/travis/build/icyphy/ptII/ptolemy/actor/lib/test/auto/arrayType8.xml
7 ms. Memory: 423936K Free: 215289K (51%)
----------------- Invoking toplevel() on ptolemy.moml.MoMLSimpleApplication@475d9679
----------------- Done invoking toplevel() on ptolemy.moml.MoMLSimpleApplication@475d9679
reloadAllAccessors: .arrayType8

===========================================================================================
----------------- testing Sat Oct 26 06:18:41 UTC 2019 /home/travis/build/icyphy/ptII/ptolemy/actor/lib/test/auto/arrayType9.xml
----------------- Instantiating /home/travis/build/icyphy/ptII/ptolemy/actor/lib/test/auto/arrayType9.xml
1 ms. Memory: 423936K Free: 210172K (50%)
----------------- Invoking toplevel() on ptolemy.moml.MoMLSimpleApplication@74a57a50
----------------- Done invoking toplevel() on ptolemy.moml.MoMLSimpleApplication@74a57a50
reloadAllAccessors: .arrayType9

===========================================================================================
----------------- testing Sat Oct 26 06:18:41 UTC 2019 /home/travis/build/icyphy/ptII/ptolemy/actor/lib/test/auto/cast.xml
----------------- Instantiating /home/travis/build/icyphy/ptII/ptolemy/actor/lib/test/auto/cast.xml
2 ms. Memory: 423936K Free: 205052K (48%)
----------------- Invoking toplevel() on ptolemy.moml.MoMLSimpleApplication@4b9d845a
----------------- Done invoking toplevel() on ptolemy.moml.MoMLSimpleApplication@4b9d845a
reloadAllAccessors: .cast

===========================================================================================
----------------- testing Sat Oct 26 06:18:41 UTC 2019 /home/travis/build/icyphy/ptII/ptolemy/actor/lib/test/auto/compositeMultiPort.xml
----------------- Instantiating /home/travis/build/icyphy/ptII/ptolemy/actor/lib/test/auto/compositeMultiPort.xml
4 ms. Memory: 423936K Free: 196350K (46%)
----------------- Invoking toplevel() on ptolemy.moml.MoMLSimpleApplication@161d032e
----------------- Done invoking toplevel() on ptolemy.moml.MoMLSimpleApplication@161d032e
reloadAllAccessors: .compositeMultiPort

===========================================================================================
----------------- testing Sat Oct 26 06:18:41 UTC 2019 /home/travis/build/icyphy/ptII/ptolemy/actor/lib/test/auto/expressionCastInference.xml
----------------- Instantiating /home/travis/build/icyphy/ptII/ptolemy/actor/lib/test/auto/expressionCastInference.xml
2 ms. Memory: 423936K Free: 191740K (45%)
----------------- Invoking toplevel() on ptolemy.moml.MoMLSimpleApplication@30432968
----------------- Done invoking toplevel() on ptolemy.moml.MoMLSimpleApplication@30432968
reloadAllAccessors: .expressionCastInference

===========================================================================================
----------------- testing Sat Oct 26 06:18:42 UTC 2019 /home/travis/build/icyphy/ptII/ptolemy/actor/lib/test/auto/expressionCastInference2.xml
----------------- Instantiating /home/travis/build/icyphy/ptII/ptolemy/actor/lib/test/auto/expressionCastInference2.xml
2 ms. Memory: 423936K Free: 186620K (44%)
----------------- Invoking toplevel() on ptolemy.moml.MoMLSimpleApplication@2bdd6f1a
----------------- Done invoking toplevel() on ptolemy.moml.MoMLSimpleApplication@2bdd6f1a
reloadAllAccessors: .expressionCastInference2

===========================================================================================
----------------- testing Sat Oct 26 06:18:42 UTC 2019 /home/travis/build/icyphy/ptII/ptolemy/actor/lib/test/auto/expressionInference.xml
----------------- Instantiating /home/travis/build/icyphy/ptII/ptolemy/actor/lib/test/auto/expressionInference.xml
1 ms. Memory: 423936K Free: 182524K (43%)
----------------- Invoking toplevel() on ptolemy.moml.MoMLSimpleApplication@219e669c
----------------- Done invoking toplevel() on ptolemy.moml.MoMLSimpleApplication@219e669c
reloadAllAccessors: .expressionInference

===========================================================================================
----------------- testing Sat Oct 26 06:18:42 UTC 2019 /home/travis/build/icyphy/ptII/ptolemy/actor/lib/test/auto/expression_bug.xml
----------------- Instantiating /home/travis/build/icyphy/ptII/ptolemy/actor/lib/test/auto/expression_bug.xml
1 ms. Memory: 423936K Free: 177918K (42%)
----------------- Invoking toplevel() on ptolemy.moml.MoMLSimpleApplication@7cd18cae
----------------- Done invoking toplevel() on ptolemy.moml.MoMLSimpleApplication@7cd18cae
reloadAllAccessors: .expression_bug

===========================================================================================
----------------- testing Sat Oct 26 06:18:42 UTC 2019 /home/travis/build/icyphy/ptII/ptolemy/actor/lib/test/auto/factorial.xml
----------------- Instantiating /home/travis/build/icyphy/ptII/ptolemy/actor/lib/test/auto/factorial.xml
43 ms. Memory: 423936K Free: 169726K (40%)
----------------- Invoking toplevel() on ptolemy.moml.MoMLSimpleApplication@8790711
----------------- Done invoking toplevel() on ptolemy.moml.MoMLSimpleApplication@8790711
reloadAllAccessors: .factorial

===========================================================================================
----------------- testing Sat Oct 26 06:18:42 UTC 2019 /home/travis/build/icyphy/ptII/ptolemy/actor/lib/test/auto/filterTest1.xml
----------------- Instantiating /home/travis/build/icyphy/ptII/ptolemy/actor/lib/test/auto/filterTest1.xml
4 ms. Memory: 423936K Free: 163582K (39%)
----------------- Invoking toplevel() on ptolemy.moml.MoMLSimpleApplication@467b4f7f
----------------- Done invoking toplevel() on ptolemy.moml.MoMLSimpleApplication@467b4f7f
reloadAllAccessors: .filterTest1

===========================================================================================
----------------- testing Sat Oct 26 06:18:42 UTC 2019 /home/travis/build/icyphy/ptII/ptolemy/actor/lib/test/auto/funcApplyInConst.xml
----------------- Instantiating /home/travis/build/icyphy/ptII/ptolemy/actor/lib/test/auto/funcApplyInConst.xml
1 ms. Memory: 423936K Free: 159996K (38%)
----------------- Invoking toplevel() on ptolemy.moml.MoMLSimpleApplication@20952771
----------------- Done invoking toplevel() on ptolemy.moml.MoMLSimpleApplication@20952771
reloadAllAccessors: .funcApplyInConst

===========================================================================================
----------------- testing Sat Oct 26 06:18:42 UTC 2019 /home/travis/build/icyphy/ptII/ptolemy/actor/lib/test/auto/funcApplyInExpr.xml
----------------- Instantiating /home/travis/build/icyphy/ptII/ptolemy/actor/lib/test/auto/funcApplyInExpr.xml
1 ms. Memory: 423936K Free: 156414K (37%)
----------------- Invoking toplevel() on ptolemy.moml.MoMLSimpleApplication@74bb1af5
----------------- Done invoking toplevel() on ptolemy.moml.MoMLSimpleApplication@74bb1af5
reloadAllAccessors: .funcApplyInExpr

===========================================================================================
----------------- testing Sat Oct 26 06:18:42 UTC 2019 /home/travis/build/icyphy/ptII/ptolemy/actor/lib/test/auto/function.xml
----------------- Instantiating /home/travis/build/icyphy/ptII/ptolemy/actor/lib/test/auto/function.xml
2 ms. Memory: 423936K Free: 151294K (36%)
----------------- Invoking toplevel() on ptolemy.moml.MoMLSimpleApplication@512411e1
----------------- Done invoking toplevel() on ptolemy.moml.MoMLSimpleApplication@512411e1
reloadAllAccessors: .function

===========================================================================================
----------------- testing Sat Oct 26 06:18:42 UTC 2019 /home/travis/build/icyphy/ptII/ptolemy/actor/lib/test/auto/function2.xml
----------------- Instantiating /home/travis/build/icyphy/ptII/ptolemy/actor/lib/test/auto/function2.xml
4 ms. Memory: 423936K Free: 146684K (35%)
----------------- Invoking toplevel() on ptolemy.moml.MoMLSimpleApplication@14d6b82c
----------------- Done invoking toplevel() on ptolemy.moml.MoMLSimpleApplication@14d6b82c
reloadAllAccessors: .function2

===========================================================================================
----------------- testing Sat Oct 26 06:18:42 UTC 2019 /home/travis/build/icyphy/ptII/ptolemy/actor/lib/test/auto/function3.xml
----------------- Instantiating /home/travis/build/icyphy/ptII/ptolemy/actor/lib/test/auto/function3.xml
1 ms. Memory: 423936K Free: 142588K (34%)
----------------- Invoking toplevel() on ptolemy.moml.MoMLSimpleApplication@5b98bae9
----------------- Done invoking toplevel() on ptolemy.moml.MoMLSimpleApplication@5b98bae9
reloadAllAccessors: .function3

===========================================================================================
----------------- testing Sat Oct 26 06:18:42 UTC 2019 /home/travis/build/icyphy/ptII/ptolemy/actor/lib/test/auto/functionClosureTest1.xml
----------------- Instantiating /home/travis/build/icyphy/ptII/ptolemy/actor/lib/test/auto/functionClosureTest1.xml
2 ms. Memory: 423936K Free: 136958K (32%)
----------------- Invoking toplevel() on ptolemy.moml.MoMLSimpleApplication@487df414
----------------- Done invoking toplevel() on ptolemy.moml.MoMLSimpleApplication@487df414
reloadAllAccessors: .functionClosureTest1

===========================================================================================
----------------- testing Sat Oct 26 06:18:42 UTC 2019 /home/travis/build/icyphy/ptII/ptolemy/actor/lib/test/auto/functionClosureTest2.xml
----------------- Instantiating /home/travis/build/icyphy/ptII/ptolemy/actor/lib/test/auto/functionClosureTest2.xml
1 ms. Memory: 423936K Free: 132862K (31%)
----------------- Invoking toplevel() on ptolemy.moml.MoMLSimpleApplication@57393819
----------------- Done invoking toplevel() on ptolemy.moml.MoMLSimpleApplication@57393819
reloadAllAccessors: .functionClosureTest2

===========================================================================================
----------------- testing Sat Oct 26 06:18:42 UTC 2019 /home/travis/build/icyphy/ptII/ptolemy/actor/lib/test/auto/functionClosureTest3.xml
----------------- Instantiating /home/travis/build/icyphy/ptII/ptolemy/actor/lib/test/auto/functionClosureTest3.xml
2 ms. Memory: 423936K Free: 127742K (30%)
----------------- Invoking toplevel() on ptolemy.moml.MoMLSimpleApplication@4007e90f
----------------- Done invoking toplevel() on ptolemy.moml.MoMLSimpleApplication@4007e90f
reloadAllAccessors: .functionClosureTest3

===========================================================================================
----------------- testing Sat Oct 26 06:18:42 UTC 2019 /home/travis/build/icyphy/ptII/ptolemy/actor/lib/test/auto/functionClosureTest4.xml
----------------- Instantiating /home/travis/build/icyphy/ptII/ptolemy/actor/lib/test/auto/functionClosureTest4.xml
4 ms. Memory: 423936K Free: 371784K (88%)
----------------- Invoking toplevel() on ptolemy.moml.MoMLSimpleApplication@1994bae1
----------------- Done invoking toplevel() on ptolemy.moml.MoMLSimpleApplication@1994bae1
reloadAllAccessors: .functionClosureTest4

===========================================================================================
----------------- testing Sat Oct 26 06:18:42 UTC 2019 /home/travis/build/icyphy/ptII/ptolemy/actor/lib/test/auto/functionClosureTest5.xml
----------------- Instantiating /home/travis/build/icyphy/ptII/ptolemy/actor/lib/test/auto/functionClosureTest5.xml
3 ms. Memory: 423936K Free: 366154K (86%)
----------------- Invoking toplevel() on ptolemy.moml.MoMLSimpleApplication@4d8a0587
----------------- Done invoking toplevel() on ptolemy.moml.MoMLSimpleApplication@4d8a0587
reloadAllAccessors: .functionClosureTest5

===========================================================================================
----------------- testing Sat Oct 26 06:18:42 UTC 2019 /home/travis/build/icyphy/ptII/ptolemy/actor/lib/test/auto/functionClosureTest6.xml
----------------- Instantiating /home/travis/build/icyphy/ptII/ptolemy/actor/lib/test/auto/functionClosureTest6.xml
2 ms. Memory: 423936K Free: 361530K (85%)
----------------- Invoking toplevel() on ptolemy.moml.MoMLSimpleApplication@995b6ac
----------------- Done invoking toplevel() on ptolemy.moml.MoMLSimpleApplication@995b6ac
reloadAllAccessors: .functionClosureTest6

===========================================================================================
----------------- testing Sat Oct 26 06:18:42 UTC 2019 /home/travis/build/icyphy/ptII/ptolemy/actor/lib/test/auto/functionsOnArcs.xml
----------------- Instantiating /home/travis/build/icyphy/ptII/ptolemy/actor/lib/test/auto/functionsOnArcs.xml
2 ms. Memory: 423936K Free: 355914K (84%)
----------------- Invoking toplevel() on ptolemy.moml.MoMLSimpleApplication@422ece89
----------------- Done invoking toplevel() on ptolemy.moml.MoMLSimpleApplication@422ece89
reloadAllAccessors: .functionsOnArcs

===========================================================================================
----------------- testing Sat Oct 26 06:18:42 UTC 2019 /home/travis/build/icyphy/ptII/ptolemy/actor/lib/test/auto/functionsOnArcsHOF.xml
----------------- Instantiating /home/travis/build/icyphy/ptII/ptolemy/actor/lib/test/auto/functionsOnArcsHOF.xml
3 ms. Memory: 423936K Free: 350280K (83%)
----------------- Invoking toplevel() on ptolemy.moml.MoMLSimpleApplication@152f49a9
----------------- Done invoking toplevel() on ptolemy.moml.MoMLSimpleApplication@152f49a9
reloadAllAccessors: .functionsOnArcsHOF

===========================================================================================
----------------- testing Sat Oct 26 06:18:42 UTC 2019 /home/travis/build/icyphy/ptII/ptolemy/actor/lib/test/auto/logic.xml
----------------- Instantiating /home/travis/build/icyphy/ptII/ptolemy/actor/lib/test/auto/logic.xml
2 ms. Memory: 423936K Free: 342602K (81%)
----------------- Invoking toplevel() on ptolemy.moml.MoMLSimpleApplication@29629724
----------------- Done invoking toplevel() on ptolemy.moml.MoMLSimpleApplication@29629724
reloadAllAccessors: .logic

===========================================================================================
----------------- testing Sat Oct 26 06:18:42 UTC 2019 /home/travis/build/icyphy/ptII/ptolemy/actor/lib/test/auto/matrixType.xml
----------------- Instantiating /home/travis/build/icyphy/ptII/ptolemy/actor/lib/test/auto/matrixType.xml
1 ms. Memory: 423936K Free: 337992K (80%)
----------------- Invoking toplevel() on ptolemy.moml.MoMLSimpleApplication@4a7a8571
----------------- Done invoking toplevel() on ptolemy.moml.MoMLSimpleApplication@4a7a8571
reloadAllAccessors: .matrixType

===========================================================================================
----------------- testing Sat Oct 26 06:18:42 UTC 2019 /home/travis/build/icyphy/ptII/ptolemy/actor/lib/test/auto/matrixType10.xml
----------------- Instantiating /home/travis/build/icyphy/ptII/ptolemy/actor/lib/test/auto/matrixType10.xml
1 ms. Memory: 423936K Free: 332872K (79%)
----------------- Invoking toplevel() on ptolemy.moml.MoMLSimpleApplication@3bd4dc54
----------------- Done invoking toplevel() on ptolemy.moml.MoMLSimpleApplication@3bd4dc54
reloadAllAccessors: .matrixType10

===========================================================================================
----------------- testing Sat Oct 26 06:18:42 UTC 2019 /home/travis/build/icyphy/ptII/ptolemy/actor/lib/test/auto/matrixType11.xml
----------------- Instantiating /home/travis/build/icyphy/ptII/ptolemy/actor/lib/test/auto/matrixType11.xml
1 ms. Memory: 423936K Free: 328266K (77%)
----------------- Invoking toplevel() on ptolemy.moml.MoMLSimpleApplication@897ef32
----------------- Done invoking toplevel() on ptolemy.moml.MoMLSimpleApplication@897ef32
reloadAllAccessors: .matrixType11

===========================================================================================
----------------- testing Sat Oct 26 06:18:42 UTC 2019 /home/travis/build/icyphy/ptII/ptolemy/actor/lib/test/auto/matrixType12.xml
----------------- Instantiating /home/travis/build/icyphy/ptII/ptolemy/actor/lib/test/auto/matrixType12.xml
1 ms. Memory: 423936K Free: 323146K (76%)
----------------- Invoking toplevel() on ptolemy.moml.MoMLSimpleApplication@616644a7
----------------- Done invoking toplevel() on ptolemy.moml.MoMLSimpleApplication@616644a7
reloadAllAccessors: .matrixType12

===========================================================================================
----------------- testing Sat Oct 26 06:18:42 UTC 2019 /home/travis/build/icyphy/ptII/ptolemy/actor/lib/test/auto/matrixType13.xml
----------------- Instantiating /home/travis/build/icyphy/ptII/ptolemy/actor/lib/test/auto/matrixType13.xml
2 ms. Memory: 423936K Free: 318536K (75%)
----------------- Invoking toplevel() on ptolemy.moml.MoMLSimpleApplication@5c195d9a
----------------- Done invoking toplevel() on ptolemy.moml.MoMLSimpleApplication@5c195d9a
reloadAllAccessors: .matrixType13

===========================================================================================
----------------- testing Sat Oct 26 06:18:42 UTC 2019 /home/travis/build/icyphy/ptII/ptolemy/actor/lib/test/auto/matrixType14.xml
----------------- Instantiating /home/travis/build/icyphy/ptII/ptolemy/actor/lib/test/auto/matrixType14.xml
1 ms. Memory: 423936K Free: 313416K (74%)
----------------- Invoking toplevel() on ptolemy.moml.MoMLSimpleApplication@262b0e4e
----------------- Done invoking toplevel() on ptolemy.moml.MoMLSimpleApplication@262b0e4e
reloadAllAccessors: .matrixType14

===========================================================================================
----------------- testing Sat Oct 26 06:18:42 UTC 2019 /home/travis/build/icyphy/ptII/ptolemy/actor/lib/test/auto/matrixType2.xml
----------------- Instantiating /home/travis/build/icyphy/ptII/ptolemy/actor/lib/test/auto/matrixType2.xml
2 ms. Memory: 423936K Free: 308296K (73%)
----------------- Invoking toplevel() on ptolemy.moml.MoMLSimpleApplication@d9baaa6
----------------- Done invoking toplevel() on ptolemy.moml.MoMLSimpleApplication@d9baaa6
reloadAllAccessors: .matrixType2

===========================================================================================
----------------- testing Sat Oct 26 06:18:42 UTC 2019 /home/travis/build/icyphy/ptII/ptolemy/actor/lib/test/auto/matrixType3.xml
----------------- Instantiating /home/travis/build/icyphy/ptII/ptolemy/actor/lib/test/auto/matrixType3.xml
1 ms. Memory: 423936K Free: 303176K (72%)
----------------- Invoking toplevel() on ptolemy.moml.MoMLSimpleApplication@63ec204f
----------------- Done invoking toplevel() on ptolemy.moml.MoMLSimpleApplication@63ec204f
reloadAllAccessors: .matrixType3

===========================================================================================
----------------- testing Sat Oct 26 06:18:42 UTC 2019 /home/travis/build/icyphy/ptII/ptolemy/actor/lib/test/auto/matrixType4.xml
----------------- Instantiating /home/travis/build/icyphy/ptII/ptolemy/actor/lib/test/auto/matrixType4.xml
2 ms. Memory: 423936K Free: 298570K (70%)
----------------- Invoking toplevel() on ptolemy.moml.MoMLSimpleApplication@64551bf4
----------------- Done invoking toplevel() on ptolemy.moml.MoMLSimpleApplication@64551bf4
reloadAllAccessors: .matrixType4

===========================================================================================
----------------- testing Sat Oct 26 06:18:42 UTC 2019 /home/travis/build/icyphy/ptII/ptolemy/actor/lib/test/auto/matrixType5.xml
----------------- Instantiating /home/travis/build/icyphy/ptII/ptolemy/actor/lib/test/auto/matrixType5.xml
1 ms. Memory: 423936K Free: 293450K (69%)
----------------- Invoking toplevel() on ptolemy.moml.MoMLSimpleApplication@518a452d
----------------- Done invoking toplevel() on ptolemy.moml.MoMLSimpleApplication@518a452d
reloadAllAccessors: .matrixType5

===========================================================================================
----------------- testing Sat Oct 26 06:18:42 UTC 2019 /home/travis/build/icyphy/ptII/ptolemy/actor/lib/test/auto/matrixType6.xml
----------------- Instantiating /home/travis/build/icyphy/ptII/ptolemy/actor/lib/test/auto/matrixType6.xml
1 ms. Memory: 423936K Free: 288840K (68%)
----------------- Invoking toplevel() on ptolemy.moml.MoMLSimpleApplication@78e4af7f
----------------- Done invoking toplevel() on ptolemy.moml.MoMLSimpleApplication@78e4af7f
reloadAllAccessors: .matrixType6

===========================================================================================
----------------- testing Sat Oct 26 06:18:42 UTC 2019 /home/travis/build/icyphy/ptII/ptolemy/actor/lib/test/auto/matrixType7.xml
----------------- Instantiating /home/travis/build/icyphy/ptII/ptolemy/actor/lib/test/auto/matrixType7.xml
2 ms. Memory: 423936K Free: 283720K (67%)
----------------- Invoking toplevel() on ptolemy.moml.MoMLSimpleApplication@62b4c1b3
----------------- Done invoking toplevel() on ptolemy.moml.MoMLSimpleApplication@62b4c1b3
reloadAllAccessors: .matrixType7

===========================================================================================
----------------- testing Sat Oct 26 06:18:42 UTC 2019 /home/travis/build/icyphy/ptII/ptolemy/actor/lib/test/auto/matrixType8.xml
----------------- Instantiating /home/travis/build/icyphy/ptII/ptolemy/actor/lib/test/auto/matrixType8.xml
1 ms. Memory: 423936K Free: 279114K (66%)
----------------- Invoking toplevel() on ptolemy.moml.MoMLSimpleApplication@142efb95
----------------- Done invoking toplevel() on ptolemy.moml.MoMLSimpleApplication@142efb95
reloadAllAccessors: .matrixType8

===========================================================================================
----------------- testing Sat Oct 26 06:18:42 UTC 2019 /home/travis/build/icyphy/ptII/ptolemy/actor/lib/test/auto/matrixType9.xml
----------------- Instantiating /home/travis/build/icyphy/ptII/ptolemy/actor/lib/test/auto/matrixType9.xml
2 ms. Memory: 423936K Free: 273994K (65%)
----------------- Invoking toplevel() on ptolemy.moml.MoMLSimpleApplication@7a19c32c
----------------- Done invoking toplevel() on ptolemy.moml.MoMLSimpleApplication@7a19c32c
reloadAllAccessors: .matrixType9

===========================================================================================
----------------- testing Sat Oct 26 06:18:42 UTC 2019 /home/travis/build/icyphy/ptII/ptolemy/actor/lib/test/auto/paraFunctest.xml
----------------- Instantiating /home/travis/build/icyphy/ptII/ptolemy/actor/lib/test/auto/paraFunctest.xml
1 ms. Memory: 423936K Free: 269898K (64%)
----------------- Invoking toplevel() on ptolemy.moml.MoMLSimpleApplication@6d1c8664
----------------- Done invoking toplevel() on ptolemy.moml.MoMLSimpleApplication@6d1c8664
reloadAllAccessors: .paraFunctest

===========================================================================================
----------------- testing Sat Oct 26 06:18:42 UTC 2019 /home/travis/build/icyphy/ptII/ptolemy/actor/lib/test/auto/paraFunctest2.xml
----------------- Instantiating /home/travis/build/icyphy/ptII/ptolemy/actor/lib/test/auto/paraFunctest2.xml
2 ms. Memory: 423936K Free: 265288K (63%)
----------------- Invoking toplevel() on ptolemy.moml.MoMLSimpleApplication@62acd525
----------------- Done invoking toplevel() on ptolemy.moml.MoMLSimpleApplication@62acd525
reloadAllAccessors: .paraFunctest2

===========================================================================================
----------------- testing Sat Oct 26 06:18:42 UTC 2019 /home/travis/build/icyphy/ptII/ptolemy/actor/lib/test/auto/parameterPassing.xml
----------------- Instantiating /home/travis/build/icyphy/ptII/ptolemy/actor/lib/test/auto/parameterPassing.xml
1 ms. Memory: 423936K Free: 260682K (61%)
----------------- Invoking toplevel() on ptolemy.moml.MoMLSimpleApplication@3fbae190
----------------- Done invoking toplevel() on ptolemy.moml.MoMLSimpleApplication@3fbae190
reloadAllAccessors: .parameterPassing

===========================================================================================
----------------- testing Sat Oct 26 06:18:42 UTC 2019 /home/travis/build/icyphy/ptII/ptolemy/actor/lib/test/auto/record.xml
----------------- Instantiating /home/travis/build/icyphy/ptII/ptolemy/actor/lib/test/auto/record.xml
3 ms. Memory: 423936K Free: 256072K (60%)
----------------- Invoking toplevel() on ptolemy.moml.MoMLSimpleApplication@ff16b3e
----------------- Done invoking toplevel() on ptolemy.moml.MoMLSimpleApplication@ff16b3e
reloadAllAccessors: .record

===========================================================================================
----------------- testing Sat Oct 26 06:18:42 UTC 2019 /home/travis/build/icyphy/ptII/ptolemy/actor/lib/test/auto/sizedarray1.xml
----------------- Instantiating /home/travis/build/icyphy/ptII/ptolemy/actor/lib/test/auto/sizedarray1.xml
2 ms. Memory: 423936K Free: 250442K (59%)
----------------- Invoking toplevel() on ptolemy.moml.MoMLSimpleApplication@7dce85
----------------- Done invoking toplevel() on ptolemy.moml.MoMLSimpleApplication@7dce85
reloadAllAccessors: .sizedarray1

===========================================================================================
----------------- testing Sat Oct 26 06:18:42 UTC 2019 /home/travis/build/icyphy/ptII/ptolemy/actor/lib/test/auto/sizedarray2.xml
----------------- Instantiating /home/travis/build/icyphy/ptII/ptolemy/actor/lib/test/auto/sizedarray2.xml
3 ms. Memory: 423936K Free: 244808K (58%)
----------------- Invoking toplevel() on ptolemy.moml.MoMLSimpleApplication@427798de
----------------- Done invoking toplevel() on ptolemy.moml.MoMLSimpleApplication@427798de
reloadAllAccessors: .sizedarray2

===========================================================================================
----------------- testing Sat Oct 26 06:18:42 UTC 2019 /home/travis/build/icyphy/ptII/ptolemy/actor/lib/test/auto/twoPublishers.xml
----------------- Instantiating /home/travis/build/icyphy/ptII/ptolemy/actor/lib/test/auto/twoPublishers.xml
3 ms. Memory: 423936K Free: 234058K (55%)
----------------- Invoking toplevel() on ptolemy.moml.MoMLSimpleApplication@3f1504e3
----------------- Done invoking toplevel() on ptolemy.moml.MoMLSimpleApplication@3f1504e3
reloadAllAccessors: .twoPublishers
AutoTests.java: About to close Vertx.
AutoTests.java: Vertx closed.
]]></system-out>
  <system-err><![CDATA[java.lang.RuntimeException: Execution failed
	at ptolemy.moml.MoMLSimpleApplication$UnloadThread.run(MoMLSimpleApplication.java:402)
Caused by: java.lang.RuntimeException: StringUtilities.exit() was called. Normally, we would exit here because Manager.exitAfterWrapup() was called.  However, because the ptolemy.ptII.exitAfterWrapup property is set, we throw this exception instead.
	at ptolemy.util.StringUtilities.exit(StringUtilities.java:365)
	at ptolemy.actor.Manager.wrapup(Manager.java:1549)
	at ptolemy.actor.Manager.execute(Manager.java:407)
	at ptolemy.actor.Manager.run(Manager.java:1263)
	at ptolemy.actor.Manager$PtolemyRunThread.run(Manager.java:1933)
Warning: '.top.test' is in training mode, set the trainingMode parameter to false before checking in
Warning: '.top.test' is in training mode, set the trainingMode parameter to false before checking in
Warning: '.top.test' is in training mode, set the trainingMode parameter to false before checking in
Warning: '.BooleanSwitch_RegressionTest_WrongTrainingValues.Test' is in training mode, set the trainingMode parameter to false before checking in
Warning: '.BooleanSwitch_RegressionTest_WrongTrainingValues.Test2' is in training mode, set the trainingMode parameter to false before checking in
Warning: '.BooleanSwitch_RegressionTest_WrongTrainingValues.Test2' The test produced 0 tokens.
Warning: '.top.testExceptionHandler' is in training mode, set the trainingMode parameter to false before checking in
java.lang.RuntimeException: Execution failed
	at ptolemy.moml.MoMLSimpleApplication$UnloadThread.run(MoMLSimpleApplication.java:402)
Caused by: ptolemy.kernel.util.IllegalActionException: PublisherPorts cannot be used at the top level, use a Publisher actor instead.
  in .PublisherPortToplevelSubscriber.PublisherPort
	at ptolemy.actor.PublisherPort.preinitialize(PublisherPort.java:403)
	at ptolemy.actor.CompositeActor.preinitialize(CompositeActor.java:1769)
	at ptolemy.actor.Manager.preinitializeAndResolveTypes(Manager.java:1040)
	at ptolemy.actor.Manager.initialize(Manager.java:710)
	at ptolemy.actor.Manager.execute(Manager.java:356)
	at ptolemy.actor.Manager.run(Manager.java:1263)
	at ptolemy.actor.Manager$PtolemyRunThread.run(Manager.java:1933)
java.lang.reflect.InvocationTargetException
	at java.base/jdk.internal.reflect.NativeConstructorAccessorImpl.newInstance0(Native Method)
	at java.base/jdk.internal.reflect.NativeConstructorAccessorImpl.newInstance(NativeConstructorAccessorImpl.java:62)
	at java.base/jdk.internal.reflect.DelegatingConstructorAccessorImpl.newInstance(DelegatingConstructorAccessorImpl.java:45)
	at java.base/java.lang.reflect.Constructor.newInstance(Constructor.java:490)
	at ptolemy.util.test.junit.AutoKnownFailedTests.RunModel(AutoKnownFailedTests.java:105)
	at java.base/jdk.internal.reflect.NativeMethodAccessorImpl.invoke0(Native Method)
	at java.base/jdk.internal.reflect.NativeMethodAccessorImpl.invoke(NativeMethodAccessorImpl.java:62)
	at java.base/jdk.internal.reflect.DelegatingMethodAccessorImpl.invoke(DelegatingMethodAccessorImpl.java:43)
	at java.base/java.lang.reflect.Method.invoke(Method.java:566)
	at org.junit.runners.model.FrameworkMethod$1.runReflectiveCall(FrameworkMethod.java:44)
	at org.junit.internal.runners.model.ReflectiveCallable.run(ReflectiveCallable.java:15)
	at org.junit.runners.model.FrameworkMethod.invokeExplosively(FrameworkMethod.java:41)
	at junitparams.internal.InvokeParameterisedMethod.evaluate(InvokeParameterisedMethod.java:102)
	at org.junit.internal.runners.statements.FailOnTimeout$1.run(FailOnTimeout.java:28)
Caused by: ptolemy.kernel.util.IllegalActionException: PublisherPorts cannot be used at the top level, use a Publisher actor instead.
  in .PublisherPortToplevelSubscriber.PublisherPort
	at ptolemy.actor.PublisherPort.preinitialize(PublisherPort.java:403)
	at ptolemy.actor.CompositeActor.preinitialize(CompositeActor.java:1769)
	at ptolemy.actor.Manager.preinitializeAndResolveTypes(Manager.java:1040)
	at ptolemy.actor.Manager.initialize(Manager.java:710)
	at ptolemy.actor.Manager.execute(Manager.java:356)
	at ptolemy.actor.Manager.run(Manager.java:1263)
	at ptolemy.actor.Manager$PtolemyRunThread.run(Manager.java:1933)
java.lang.RuntimeException: Execution failed
	at ptolemy.moml.MoMLSimpleApplication$UnloadThread.run(MoMLSimpleApplication.java:402)
Caused by: ptolemy.kernel.util.IllegalActionException: SubscriberPorts cannot be used at the top level, use a Subscriber actor instead.
  in .PublisherSubscriberPortToplevel.SubscriberPort
	at ptolemy.actor.SubscriberPort.preinitialize(SubscriberPort.java:328)
	at ptolemy.actor.CompositeActor.preinitialize(CompositeActor.java:1769)
	at ptolemy.actor.Manager.preinitializeAndResolveTypes(Manager.java:1040)
	at ptolemy.actor.Manager.initialize(Manager.java:710)
	at ptolemy.actor.Manager.execute(Manager.java:356)
	at ptolemy.actor.Manager.run(Manager.java:1263)
	at ptolemy.actor.Manager$PtolemyRunThread.run(Manager.java:1933)
java.lang.reflect.InvocationTargetException
	at java.base/jdk.internal.reflect.NativeConstructorAccessorImpl.newInstance0(Native Method)
	at java.base/jdk.internal.reflect.NativeConstructorAccessorImpl.newInstance(NativeConstructorAccessorImpl.java:62)
	at java.base/jdk.internal.reflect.DelegatingConstructorAccessorImpl.newInstance(DelegatingConstructorAccessorImpl.java:45)
	at java.base/java.lang.reflect.Constructor.newInstance(Constructor.java:490)
	at ptolemy.util.test.junit.AutoKnownFailedTests.RunModel(AutoKnownFailedTests.java:105)
	at java.base/jdk.internal.reflect.NativeMethodAccessorImpl.invoke0(Native Method)
	at java.base/jdk.internal.reflect.NativeMethodAccessorImpl.invoke(NativeMethodAccessorImpl.java:62)
	at java.base/jdk.internal.reflect.DelegatingMethodAccessorImpl.invoke(DelegatingMethodAccessorImpl.java:43)
	at java.base/java.lang.reflect.Method.invoke(Method.java:566)
	at org.junit.runners.model.FrameworkMethod$1.runReflectiveCall(FrameworkMethod.java:44)
	at org.junit.internal.runners.model.ReflectiveCallable.run(ReflectiveCallable.java:15)
	at org.junit.runners.model.FrameworkMethod.invokeExplosively(FrameworkMethod.java:41)
	at junitparams.internal.InvokeParameterisedMethod.evaluate(InvokeParameterisedMethod.java:102)
	at org.junit.internal.runners.statements.FailOnTimeout$1.run(FailOnTimeout.java:28)
Caused by: ptolemy.kernel.util.IllegalActionException: SubscriberPorts cannot be used at the top level, use a Subscriber actor instead.
  in .PublisherSubscriberPortToplevel.SubscriberPort
	at ptolemy.actor.SubscriberPort.preinitialize(SubscriberPort.java:328)
	at ptolemy.actor.CompositeActor.preinitialize(CompositeActor.java:1769)
	at ptolemy.actor.Manager.preinitializeAndResolveTypes(Manager.java:1040)
	at ptolemy.actor.Manager.initialize(Manager.java:710)
	at ptolemy.actor.Manager.execute(Manager.java:356)
	at ptolemy.actor.Manager.run(Manager.java:1263)
	at ptolemy.actor.Manager$PtolemyRunThread.run(Manager.java:1933)
java.lang.RuntimeException: Execution failed
	at ptolemy.moml.MoMLSimpleApplication$UnloadThread.run(MoMLSimpleApplication.java:402)
Caused by: ptolemy.kernel.util.IllegalActionException: SubscriptionAggregatorPorts cannot be used at the top level, use a SubscriptionAggregator actor instead.
  in .PublisherSubscriptionAggregatorPort.SubscriptionAggregatorPort
	at ptolemy.actor.SubscriptionAggregatorPort.preinitialize(SubscriptionAggregatorPort.java:353)
	at ptolemy.actor.CompositeActor.preinitialize(CompositeActor.java:1769)
	at ptolemy.actor.Manager.preinitializeAndResolveTypes(Manager.java:1040)
	at ptolemy.actor.Manager.initialize(Manager.java:710)
	at ptolemy.actor.Manager.execute(Manager.java:356)
	at ptolemy.actor.Manager.run(Manager.java:1263)
	at ptolemy.actor.Manager$PtolemyRunThread.run(Manager.java:1933)
java.lang.reflect.InvocationTargetException
	at java.base/jdk.internal.reflect.NativeConstructorAccessorImpl.newInstance0(Native Method)
	at java.base/jdk.internal.reflect.NativeConstructorAccessorImpl.newInstance(NativeConstructorAccessorImpl.java:62)
	at java.base/jdk.internal.reflect.DelegatingConstructorAccessorImpl.newInstance(DelegatingConstructorAccessorImpl.java:45)
	at java.base/java.lang.reflect.Constructor.newInstance(Constructor.java:490)
	at ptolemy.util.test.junit.AutoKnownFailedTests.RunModel(AutoKnownFailedTests.java:105)
	at java.base/jdk.internal.reflect.NativeMethodAccessorImpl.invoke0(Native Method)
	at java.base/jdk.internal.reflect.NativeMethodAccessorImpl.invoke(NativeMethodAccessorImpl.java:62)
	at java.base/jdk.internal.reflect.DelegatingMethodAccessorImpl.invoke(DelegatingMethodAccessorImpl.java:43)
	at java.base/java.lang.reflect.Method.invoke(Method.java:566)
	at org.junit.runners.model.FrameworkMethod$1.runReflectiveCall(FrameworkMethod.java:44)
	at org.junit.internal.runners.model.ReflectiveCallable.run(ReflectiveCallable.java:15)
	at org.junit.runners.model.FrameworkMethod.invokeExplosively(FrameworkMethod.java:41)
	at junitparams.internal.InvokeParameterisedMethod.evaluate(InvokeParameterisedMethod.java:102)
	at org.junit.internal.runners.statements.FailOnTimeout$1.run(FailOnTimeout.java:28)
Caused by: ptolemy.kernel.util.IllegalActionException: SubscriptionAggregatorPorts cannot be used at the top level, use a SubscriptionAggregator actor instead.
  in .PublisherSubscriptionAggregatorPort.SubscriptionAggregatorPort
	at ptolemy.actor.SubscriptionAggregatorPort.preinitialize(SubscriptionAggregatorPort.java:353)
	at ptolemy.actor.CompositeActor.preinitialize(CompositeActor.java:1769)
	at ptolemy.actor.Manager.preinitializeAndResolveTypes(Manager.java:1040)
	at ptolemy.actor.Manager.initialize(Manager.java:710)
	at ptolemy.actor.Manager.execute(Manager.java:356)
	at ptolemy.actor.Manager.run(Manager.java:1263)
	at ptolemy.actor.Manager$PtolemyRunThread.run(Manager.java:1933)
java.lang.RuntimeException: Execution failed
	at ptolemy.moml.MoMLSimpleApplication$UnloadThread.run(MoMLSimpleApplication.java:402)
Caused by: ptolemy.kernel.util.IllegalActionException: TypeTest actor has no training data.
  in .sizedarray3.TypeTest
	at ptolemy.actor.lib.TypeTest.initialize(TypeTest.java:250)
	at ptolemy.actor.Director.initialize(Director.java:938)
	at ptolemy.actor.Director.initialize(Director.java:907)
	at ptolemy.actor.sched.StaticSchedulingDirector.initialize(StaticSchedulingDirector.java:159)
	at ptolemy.domains.sdf.kernel.SDFDirector.initialize(SDFDirector.java:544)
	at ptolemy.actor.CompositeActor.initialize(CompositeActor.java:935)
	at ptolemy.actor.Manager.initialize(Manager.java:724)
	at ptolemy.actor.Manager.execute(Manager.java:356)
	at ptolemy.actor.Manager.run(Manager.java:1263)
	at ptolemy.actor.Manager$PtolemyRunThread.run(Manager.java:1933)
java.lang.reflect.InvocationTargetException
	at java.base/jdk.internal.reflect.NativeConstructorAccessorImpl.newInstance0(Native Method)
	at java.base/jdk.internal.reflect.NativeConstructorAccessorImpl.newInstance(NativeConstructorAccessorImpl.java:62)
	at java.base/jdk.internal.reflect.DelegatingConstructorAccessorImpl.newInstance(DelegatingConstructorAccessorImpl.java:45)
	at java.base/java.lang.reflect.Constructor.newInstance(Constructor.java:490)
	at ptolemy.util.test.junit.AutoKnownFailedTests.RunModel(AutoKnownFailedTests.java:105)
	at java.base/jdk.internal.reflect.NativeMethodAccessorImpl.invoke0(Native Method)
	at java.base/jdk.internal.reflect.NativeMethodAccessorImpl.invoke(NativeMethodAccessorImpl.java:62)
	at java.base/jdk.internal.reflect.DelegatingMethodAccessorImpl.invoke(DelegatingMethodAccessorImpl.java:43)
	at java.base/java.lang.reflect.Method.invoke(Method.java:566)
	at org.junit.runners.model.FrameworkMethod$1.runReflectiveCall(FrameworkMethod.java:44)
	at org.junit.internal.runners.model.ReflectiveCallable.run(ReflectiveCallable.java:15)
	at org.junit.runners.model.FrameworkMethod.invokeExplosively(FrameworkMethod.java:41)
	at junitparams.internal.InvokeParameterisedMethod.evaluate(InvokeParameterisedMethod.java:102)
	at org.junit.internal.runners.statements.FailOnTimeout$1.run(FailOnTimeout.java:28)
Caused by: ptolemy.kernel.util.IllegalActionException: TypeTest actor has no training data.
  in .sizedarray3.TypeTest
	at ptolemy.actor.lib.TypeTest.initialize(TypeTest.java:250)
	at ptolemy.actor.Director.initialize(Director.java:938)
	at ptolemy.actor.Director.initialize(Director.java:907)
	at ptolemy.actor.sched.StaticSchedulingDirector.initialize(StaticSchedulingDirector.java:159)
	at ptolemy.domains.sdf.kernel.SDFDirector.initialize(SDFDirector.java:544)
	at ptolemy.actor.CompositeActor.initialize(CompositeActor.java:935)
	at ptolemy.actor.Manager.initialize(Manager.java:724)
	at ptolemy.actor.Manager.execute(Manager.java:356)
	at ptolemy.actor.Manager.run(Manager.java:1263)
	at ptolemy.actor.Manager$PtolemyRunThread.run(Manager.java:1933)
]]></system-err>
</testsuite>
