<?xml version="1.0" encoding="UTF-8" ?>
<testsuite errors="0" failures="1" hostname="travis-job-8bd46545-2ab8-4f55-8c3a-3bb5592891b2" name="ptolemy.actor.lib.test.junit.JUnitTclTest" skipped="0" tests="517" time="67.524" timestamp="2019-07-24T05:14:33">
  <properties>
    <property name="npm.executable" value="npm" />
    <property name="env.TRAVIS_ROOT" value="/" />
    <property name="ptII.mk.exists" value="true" />
    <property name="env.TRAVIS_APP_HOST" value="build.travis-ci.org" />
    <property name="env.rvm_bin_path" value="/home/travis/.rvm/bin" />
    <property name="java.home" value="/usr/local/lib/jvm/openjdk11" />
    <property name="env.TRAVIS_JOB_NUMBER" value="1270.8" />
    <property name="env.TRAVIS_HOME" value="/home/travis" />
    <property name="env.DISPLAY" value=":99.0" />
    <property name="env.TRAVIS_INIT" value="systemd" />
    <property name="env.SSH_TTY" value="/dev/pts/0" />
    <property name="java.net.preferIPv4Stack" value="true" />
    <property name="env.RUN_TESTS" value="true" />
    <property name="timeout.short" value="1000000" />
    <property name="junit.formatter" value="xml" />
    <property name="env.TRAVIS_SUDO" value="true" />
    <property name="env.TRAVIS_JOB_NAME" value="" />
    <property name="env.TRAVIS_STACK_NODE_ATTRIBUTES" value="/.node-attributes.yml" />
    <property name="env.LOGNAME" value="travis" />
    <property name="env.PT_TRAVIS_TEST_CORE1_XML" value="true" />
    <property name="jsdoc.home" value="node_modules/@terraswarm/jsdoc" />
    <property name="debuglevel" value="source,lines,vars" />
    <property name="checkstyle.formatter" value="xml" />
    <property name="env._system_version" value="16.04" />
    <property name="bin.vergil.makeable" value="true" />
    <property name="sun.os.patch.level" value="unknown" />
    <property name="java.vendor.url" value="http://java.oracle.com/" />
    <property name="env.TRAVIS_BUILD_WEB_URL" value="https://travis-ci.org/icyphy/ptII/builds/562905910" />
    <property name="java.version" value="11.0.2" />
    <property name="env.TZ" value="UTC" />
    <property name="env.TRAVIS_PULL_REQUEST_SHA" value="" />
    <property name="env.PT_NO_NET" value="true" />
    <property name="env.TRAVIS_SECURE_ENV_VARS" value="true" />
    <property name="env._system_type" value="Linux" />
    <property name="java.vendor.url.bug" value="http://bugreport.java.com/bugreport/" />
    <property name="npmjs-org-is-up" value="true" />
    <property name="env.LANGUAGE" value="en_US.UTF-8" />
    <property name="env.SSH_CLIENT" value="10.10.16.167 60904 22" />
    <property name="env.GEM_HOME" value="/home/travis/.rvm/gems/ruby-2.5.3" />
    <property name="env.HAS_ANTARES_THREE_LITTLE_FRONZIES_BADGE" value="true" />
    <property name="java.version.date" value="2019-01-15" />
    <property name="env.PS4" value="+" />
    <property name="ant.project.invoked-targets" value="build,test.core1.xml" />
    <property name="env.TRAVIS_PULL_REQUEST_BRANCH" value="" />
    <property name="env.TRAVIS_REPO_SLUG" value="icyphy/ptII" />
    <property name="env.XDG_DATA_DIRS" value="/usr/local/share:/usr/share:/var/lib/snapd/desktop" />
    <property name="jdk.debug" value="release" />
    <property name="env.TRAVIS_APT_PROXY" value="http://apt.cache.travis-ci.com" />
    <property name="node.in.path" value="true" />
    <property name="user.name" value="travis" />
    <property name="java.maxmemory" value="1400m" />
    <property name="env.RUBY_VERSION" value="ruby-2.5.3" />
    <property name="env.LANG" value="en_US.UTF-8" />
    <property name="sun.io.unicode.encoding" value="UnicodeLittle" />
    <property name="sun.jnu.encoding" value="UTF-8" />
    <property name="java.runtime.name" value="OpenJDK Runtime Environment" />
    <property name="usefile" value="false" />
    <property name="return.code" value="0" />
    <property name="junit.single.formatter" value="plain" />
    <property name="env.DYLD_LIBRARY_PATH" value="/home/travis/pthla/certi-tools/lib:" />
    <property name="env.DEBIAN_FRONTEND" value="noninteractive" />
    <property name="env.SSH_CONNECTION" value="10.10.16.167 60904 10.20.3.133 22" />
    <property name="env.MYSQL_UNIX_PORT" value="/var/run/mysqld/mysqld.sock" />
    <property name="env.LC_ALL" value="en_US.UTF-8" />
    <property name="env.TRAVIS_ALLOW_FAILURE" value="false" />
    <property name="env.TRAVIS_JOB_WEB_URL" value="https://travis-ci.org/icyphy/ptII/jobs/562905922" />
    <property name="java.specification.name" value="Java Platform API Specification" />
    <property name="node.works" value="true" />
    <property name="user.timezone" value="" />
    <property name="path.separator" value=":" />
    <property name="env.TRAVIS_ENABLE_INFRA_DETECTION" value="true" />
    <property name="env.PYTHON_CFLAGS" value="-g -fstack-protector --param=ssp-buffer-size=4 -Wformat -Werror=format-security" />
    <property name="timeout.long" value="4000000" />
    <property name="env.CERTI_HOME" value="/home/travis/pthla/certi-tools" />
    <property name="ant.file.ptII" value="/home/travis/build/icyphy/ptII/build.xml" />
    <property name="javadoc.packagenames" value="com.*,diva.*,lbnl.*,org.hlacerti.*,org.json.*,org.ptolemy.*,org.terraswarm.*,ptolemy.*,ptserver.*" />
    <property name="file.encoding" value="UTF-8" />
    <property name="env.TRAVIS_PULL_REQUEST_SLUG" value="" />
    <property name="ant.project.default-target" value="build" />
    <property name="env.GIT_ASKPASS" value="echo" />
    <property name="env.HOME" value="/home/travis" />
    <property name="sun.java.command" value="org.apache.tools.ant.taskdefs.optional.junit.JUnitTestRunner ptolemy.actor.lib.test.junit.JUnitTclTest skipNonTests=false filtertrace=true haltOnError=false haltOnFailure=false formatter=org.apache.tools.ant.taskdefs.optional.junit.OutErrSummaryJUnitResultFormatter showoutput=true outputtoformatters=true logfailedtests=true threadid=0 logtestlistenerevents=false formatter=org.apache.tools.ant.taskdefs.optional.junit.XMLJUnitResultFormatter,/home/travis/build/icyphy/ptII/reports/junit/TEST-ptolemy.actor.lib.test.junit.JUnitTclTest.xml crashfile=/home/travis/build/icyphy/ptII/junitvmwatcher9821486664577009116.properties propsfile=/home/travis/build/icyphy/ptII/junit9548512780239022508.properties" />
    <property name="env.COMPOSER_NO_INTERACTION" value="1" />
    <property name="env.MANPATH" value="/home/travis/.nvm/versions/node/v7.10.1/share/man:/home/travis/.rvm/rubies/ruby-2.5.3/share/man:/usr/local/cmake-3.12.4/man:/usr/local/clang-7.0.0/share/man:/usr/local/man:/usr/local/share/man:/usr/share/man:/home/travis/.rvm/man" />
    <property name="env.TRAVIS_TIMER_ID" value="04588b14" />
    <property name="ant.file" value="/home/travis/build/icyphy/ptII/build.xml" />
    <property name="env.TRAVIS_COMMIT_RANGE" value="2e04c9d28f10421f6cf81bc894a35b8065757641...153fae525c03c2cc53a3ce8809572d573e8a4c4a" />
    <property name="env._system_name" value="Ubuntu" />
    <property name="ptII.classpath.optional.property" value="/home/travis/build/icyphy/ptII/lib/bsh-2.0b4.jar:/home/travis/build/icyphy/ptII/lib/ptCal.jar:/home/travis/build/icyphy/ptII/lib/java_cup.jar:/home/travis/build/icyphy/ptII/lib/saxon8.jar:/home/travis/build/icyphy/ptII/lib/saxon8-dom.jar:/home/travis/build/icyphy/ptII/lib/chic.jar:/home/travis/build/icyphy/ptII/lib/ptcolt.jar:/home/travis/build/icyphy/ptII/vendors/misc/itext/iText.jar:/home/travis/build/icyphy/ptII/lib/g4ltl.jar:/home/travis/build/icyphy/ptII/lib/StructuralCoder.jar:/home/travis/build/icyphy/ptII/lib/jcerti.jar:/home/travis/build/icyphy/ptII/lib/javax.mail.jar:/home/travis/build/icyphy/ptII/vendors/JMF-2.1.1e/lib/jmf.jar:/home/travis/build/icyphy/ptII/lib/jna-4.0.0-variadic.jar:/home/travis/build/icyphy/ptII/vendors/misc/joystick/Joystick.jar:/home/travis/build/icyphy/ptII/lib/ptjacl.jar:/home/travis/build/icyphy/ptII/lib/jsoup-1.8.2.jar:/home/travis/build/icyphy/ptII/lib/junit-4.8.2.jar:/home/travis/build/icyphy/ptII/lib/JUnitParams-0.4.0.jar:/home/travis/build/icyphy/ptII/ptolemy/actor/lib/excel/jxl.jar:/home/travis/build/icyphy/ptII/lib/jython.jar:/home/travis/build/icyphy/ptII/lib/kieler.jar:/home/travis/build/icyphy/ptII/vendors/opencv/share/OpenCV/java/opencv-341.jar:/home/travis/build/icyphy/ptII/lib/oscP5.jar:/home/travis/build/icyphy/ptII/lib/nrjavaserial-3.11.0.devel.jar:/home/travis/build/icyphy/ptII/vendors/j3d/lib/Linux/j3dcore.jar:/home/travis/build/icyphy/ptII/vendors/j3d/lib/Linux/j3dutils.jar:/home/travis/build/icyphy/ptII/vendors/j3d/lib/Linux/vecmath.jar:/home/travis/build/icyphy/ptII/vendors/jogl/lib/Linux/gluegen-rt-natives-linux-amd64.jar:/home/travis/build/icyphy/ptII/vendors/jogl/lib/Linux/gluegen-rt.jar:/home/travis/build/icyphy/ptII/vendors/jogl/lib/Linux/jogl-all-natives-linux-amd64.jar:/home/travis/build/icyphy/ptII/vendors/jogl/lib/Linux/jogl-all.jar:/home/travis/build/icyphy/ptII/ptolemy/distributed/jini/jar/jini-core.jar:/home/travis/build/icyphy/ptII/ptolemy/distributed/jini/jar/jini-ext.jar:/home/travis/build/icyphy/ptII/ptolemy/distributed/jini/jar/sun-util.jar:/home/travis/build/icyphy/ptII/lib/protobuf-java-2.4.1.jar:/home/travis/build/icyphy/ptII/lib/org.eclipse.paho.client.mqttv3.jar:/home/travis/build/icyphy/ptII/lib/mapss.jar:/home/travis/build/icyphy/ptII/ptolemy/actor/ptalon/antlr/antlr.jar:/home/travis/build/icyphy/ptII/lib/JRI.jar:/home/travis/build/icyphy/ptII/lib/commons-lang-2.6.jar:/home/travis/build/icyphy/ptII/lib/commons-logging-1.1.1.jar:/home/travis/build/icyphy/ptII/lib/sootclasses.jar:/home/travis/build/icyphy/ptII/ptolemy/actor/lib/database/mysql-connector-java-5.1.6-bin.jar:/home/travis/build/icyphy/ptII/vendors/misc/sphinx4/sphinx4-data-5prealpha.jar:/home/travis/build/icyphy/ptII/vendors/misc/sphinx4/sphinx4-core-5prealpha.jar:/home/travis/build/icyphy/ptII/lib/PDFRenderer.jar:/home/travis/build/icyphy/ptII/lib/svgSalamander.jar:/home/travis/build/icyphy/ptII/lib/rsyntaxtextarea-2.6.0-SNAPSHOT.jar:/home/travis/build/icyphy/ptII/lib/hazelcast-3.8.2.jar:/home/travis/build/icyphy/ptII/lib/jackson-annotations-2.9.0.jar:/home/travis/build/icyphy/ptII/lib/jackson-core-2.9.3.jar:/home/travis/build/icyphy/ptII/lib/jackson-databind-2.9.3.jar:/home/travis/build/icyphy/ptII/lib/netty-buffer-4.1.19.Final.jar:/home/travis/build/icyphy/ptII/lib/netty-codec-4.1.19.Final.jar:/home/travis/build/icyphy/ptII/lib/netty-codec-dns-4.1.19.Final.jar:/home/travis/build/icyphy/ptII/lib/netty-codec-http-4.1.19.Final.jar:/home/travis/build/icyphy/ptII/lib/netty-codec-http2-4.1.19.Final.jar:/home/travis/build/icyphy/ptII/lib/netty-common-4.1.19.Final.jar:/home/travis/build/icyphy/ptII/lib/netty-handler-4.1.19.Final.jar:/home/travis/build/icyphy/ptII/lib/netty-resolver-4.1.19.Final.jar:/home/travis/build/icyphy/ptII/lib/netty-resolver-dns-4.1.19.Final.jar:/home/travis/build/icyphy/ptII/lib/netty-transport-4.1.19.Final.jar:/home/travis/build/icyphy/ptII/lib/vertx-codegen-3.5.1.jar:/home/travis/build/icyphy/ptII/lib/vertx-core-3.5.2-SNAPSHOT.jar:/home/travis/build/icyphy/ptII/lib/vertx-hazelcast-3.5.1.jar:/home/travis/build/icyphy/ptII/lib/vertx-lang-js-3.5.1.jar:/home/travis/build/icyphy/ptII/lib/vertx-service-proxy-3.5.1.jar:/home/travis/build/icyphy/ptII/lib/vertx-web-3.5.1.jar:/home/travis/build/icyphy/ptII/lib/slf4j-api-1.7.13.jar:/home/travis/build/icyphy/ptII/lib/slf4j-simple-1.7.13.jar:/home/travis/build/icyphy/ptII/lib/webcam-capture-0.3.12.jar:/home/travis/build/icyphy/ptII/lib/bridj-0.7.0.jar:/home/travis/build/icyphy/ptII/lib/xbjlib-1.1.0.nrjavaserial.jar" />
    <property name="timeout" value="2400000" />
    <property name="test.batch" value="**/junit/*.java" />
    <property name="env._" value="/usr/bin/timeout" />
    <property name="java.io.tmpdir" value="/tmp" />
    <property name="user.language" value="en" />
    <property name="env.TRAVIS_INTERNAL_RUBY_REGEX" value="^ruby-(2\.[0-4]\.[0-9]|1\.9\.3)" />
    <property name="env.HISTCONTROL" value="ignoredups:ignorespace" />
    <property name="env.GOROOT" value="/home/travis/.gimme/versions/go1.11.1.linux.amd64" />
    <property name="line.separator" value="&#xa;" />
    <property name="target" value="11" />
    <property name="env.TRAVIS_BUILD_DIR" value="/home/travis/build/icyphy/ptII" />
    <property name="env.ANT_OPTS" value="-Xmx2048m" />
    <property name="ant.file.type" value="file" />
    <property name="ptolemy.ptII.batchMode" value="true" />
    <property name="env.HISTSIZE" value="1000" />
    <property name="env.MERB_ENV" value="test" />
    <property name="java.vm.info" value="mixed mode" />
    <property name="source" value="11" />
    <property name="java.vm.specification.name" value="Java Virtual Machine Specification" />
    <property name="env.TRAVIS_TEST_RESULT" value="0" />
    <property name="jsdoc.command" value="node_modules/@terraswarm/jsdoc/jsdoc.js" />
    <property name="npm.works" value="true" />
    <property name="cobertura.dir" value="/home/travis/build/icyphy/ptII/vendors/cobertura-2.0.3" />
    <property name="jsdoc.command.exists" value="true" />
    <property name="env.rvm_path" value="/home/travis/.rvm" />
    <property name="env.GEM_PATH" value="/home/travis/.rvm/gems/ruby-2.5.3:/home/travis/.rvm/gems/ruby-2.5.3@global" />
    <property name="env.LC_CTYPE" value="en_US.UTF-8" />
    <property name="env.TRAVIS_CMD" value="$PTII/bin/ptIITravisBuild.sh $SECONDS" />
    <property name="java.awt.printerjob" value="sun.print.PSPrinterJob" />
    <property name="env.TRAVIS_STACK_NAME" value="sardonyx" />
    <property name="env.TRAVIS_TIMER_START_TIME" value="1563944566372177213" />
    <property name="ant.version" value="Apache Ant(TM) version 1.10.1 compiled on February 2 2017" />
    <property name="ptII.reports" value="/home/travis/build/icyphy/ptII/reports" />
    <property name="env.TRAVIS_STACK_TIMESTAMP" value="2019-03-25 16:16:56 UTC" />
    <property name="ant.file.type.ptII" value="file" />
    <property name="env.RBENV_SHELL" value="bash" />
    <property name="os.name" value="Linux" />
    <property name="java.specification.vendor" value="Oracle Corporation" />
    <property name="env.rvm_version" value="1.29.7 (latest)" />
    <property name="env.TRAVIS_INFRA" value="gce" />
    <property name="env.TERM" value="xterm" />
    <property name="java.vm.name" value="OpenJDK 64-Bit Server VM" />
    <property name="env.TRAVIS_BUILD_NUMBER" value="1270" />
    <property name="env.CI" value="true" />
    <property name="java.library.path" value="/home/travis/pthla/certi-tools/lib:/usr/lib/jni:/usr/local/share/OpenCV/java/:/usr/share/OpenCV/java::/usr/java/packages/lib:/usr/lib64:/lib64:/lib:/usr/lib" />
    <property name="jdk.module.path" value="/home/travis/build/icyphy/ptII/vendors/javafx/javafx-sdk-11.0.2/lib:" />
    <property name="env.rvm_prefix" value="/home/travis" />
    <property name="env.PATH" value="/home/travis/pthla/certi-tools/share/scripts:/home/travis/.rvm/gems/ruby-2.5.3/bin:/home/travis/.rvm/gems/ruby-2.5.3@global/bin:/home/travis/.rvm/rubies/ruby-2.5.3/bin:/home/travis/.rvm/bin:/home/travis/.nvm/versions/node/v7.10.1/bin:./node_modules/.bin:/home/travis/build/icyphy/ptII/bin:/home/travis/pthla/certi-tools/bin:/home/travis/bin:/home/travis/.local/bin:/usr/local/lib/jvm/openjdk11/bin:/opt/pyenv/shims:/home/travis/.phpenv/shims:/home/travis/perl5/perlbrew/bin:/home/travis/gopath/bin:/home/travis/.gimme/versions/go1.11.1.linux.amd64/bin:/usr/local/maven-3.6.0/bin:/usr/local/cmake-3.12.4/bin:/usr/local/clang-7.0.0/bin:/usr/local/sbin:/usr/local/bin:/usr/sbin:/usr/bin:/sbin:/bin:/snap/bin:/home/travis/.phpenv/bin:/opt/pyenv/bin:/home/travis/.yarn/bin" />
    <property name="env.TRAVIS_OS_NAME" value="linux" />
    <property name="ant.java.version" value="9" />
    <property name="basedir" value="/home/travis/build/icyphy/ptII" />
    <property name="java.class.version" value="55.0" />
    <property name="env.SHLVL" value="3" />
    <property name="env.LD_LIBRARY_PATH" value="/home/travis/pthla/certi-tools/lib:/usr/lib/jni:/usr/local/share/OpenCV/java/:/usr/share/OpenCV/java:" />
    <property name="env.RACK_ENV" value="test" />
    <property name="ant.home" value="/home/travis/build/icyphy/ptII/ant" />
    <property name="env.NVM_DIR" value="/home/travis/.nvm" />
    <property name="env.CERTI_FOM_PATH" value="/home/travis/pthla/certi-tools/share/federations" />
    <property name="env.TRAVIS_BUILD_ID" value="562905910" />
    <property name="env.PYENV_ROOT" value="/opt/pyenv" />
    <property name="env.TRAVIS_UID" value="2000" />
    <property name="prism.verbose" value="true" />
    <property name="env.NVM_BIN" value="/home/travis/.nvm/versions/node/v7.10.1/bin" />
    <property name="env.TRAVIS_COMMIT" value="153fae525c03c2cc53a3ce8809572d573e8a4c4a" />
    <property name="env._system_arch" value="x86_64" />
    <property name="node.executable" value="node" />
    <property name="sun.boot.library.path" value="/usr/local/lib/jvm/openjdk11/lib" />
    <property name="sun.management.compiler" value="HotSpot 64-Bit Tiered Compilers" />
    <property name="java.awt.graphicsenv" value="sun.awt.X11GraphicsEnvironment" />
    <property name="env.GOPATH" value="/home/travis/gopath" />
    <property name="ptolemy.ptII.dir" value="/home/travis/build/icyphy/ptII" />
    <property name="env.USER" value="travis" />
    <property name="env.HISTFILESIZE" value="2000" />
    <property name="timeout.longest" value="19000000" />
    <property name="env.PERLBREW_SHELLRC_VERSION" value="0.86" />
    <property name="env.TRAVIS_STACK_FEATURES" value="basic couchdb disabled-ipv6 docker docker-compose elasticsearch firefox go-toolchain google-chrome jdk memcached mongodb mysql nodejs_interpreter perl_interpreter perlbrew phantomjs postgresql python_interpreter redis ruby_interpreter sqlite xserver" />
    <property name="env.TRAVIS_PULL_REQUEST" value="false" />
    <property name="env.PYENV_SHELL" value="bash" />
    <property name="ant.project.name" value="ptII" />
    <property name="env.ANSI_RESET" value="\033[0m" />
    <property name="java.vm.specification.version" value="11" />
    <property name="env.TRAVIS_DIST" value="xenial" />
    <property name="env.CERTI_VERSION" value="4.0.0" />
    <property name="env.CERTI_HOST" value="localhost" />
    <property name="awt.toolkit" value="sun.awt.X11.XToolkit" />
    <property name="env.MY_RUBY_HOME" value="/home/travis/.rvm/rubies/ruby-2.5.3" />
    <property name="sun.cpu.isalist" value="" />
    <property name="env.TRAVIS_TMPDIR" value="/tmp/tmp.kjJxpPv4hA" />
    <property name="java.vm.compressedOopsMode" value="Zero based" />
    <property name="os.version" value="4.15.0-1028-gcp" />
    <property name="user.home" value="/home/travis" />
    <property name="java.vm.vendor" value="Oracle Corporation" />
    <property name="env.TRAVIS_TAG" value="nightly" />
    <property name="env.ANSI_YELLOW" value="\033[33;1m" />
    <property name="env.TRAVIS_FILTERED" value="redirect_io" />
    <property name="env.ANSI_GREEN" value="\033[32;1m" />
    <property name="env.JAVA_HOME" value="/usr/local/lib/jvm/openjdk11" />
    <property name="javadoc.excludepackagenames" value="adm.cvs2svn.*,build.*,config.*,doc.coding.templates.*,jni.test.jni.meaningOfLife.*,jni.test.jni.testDeux.*,jni.test.jni.testTrois.*,org.terraswarm.accessor.accessors.web.node_modules.*,org.terraswarm.accessor.accessors.web.hosts.cordova.demo.*,org.terraswarm.accessor.accessors.web.hosts.cordova.plugins.*,org.terraswarm.accessor.accessors-svn.*,pt-modules.*,ptolemy.apps.agilent.*,ptolemy.apps.anytimecontrol.*,ptolemy.apps.apes.*,ptolemy.apps.charon.*,ptolemy.apps.crazyboard.*,ptolemy.apps.eclipse.*,ptolemy.apps.etherealSting.*,ptolemy.apps.fullscreen.*,ptolemy.apps.giotto.*,ptolemy.apps.ia.*,ptolemy.apps.interfaces.*,ptolemy.apps.jmf.*,ptolemy.apps.kurt.*,ptolemy.apps.kvm.*,ptolemy.apps.lego.*,ptolemy.apps.lejos.*,ptolemy.apps.midp.*,ptolemy.apps.mobileCoding.*,ptolemy.apps.pendulum.*,ptolemy.apps.rijndael.*,ptolemy.apps.robot.*,ptolemy.apps.security.*,ptolemy.apps.sobel.*,ptolemy.apps.soot.*,ptolemy.apps.throttle.*,ptolemy.apps.tini.*,ptolemy.apps.transmission.*,ptolemy.apps.vergil.*,ptolemy.apps.waba.*,ptolemy.apps.websensor.*,ptolemy.apps.webstart.*,ptolemy.apps.xsl.*,ptolemy.apps.zaurus.*,ptolemy.codegen.c.actor.lib.oldJavaFiles.*,ptolemy.codegen.dsp.lib.*,ptolemy.codegen.kernel.newInterfaces.*,ptolemy.codegen.lib.*,ptolemy.copernicus.kernel.fragment.*,ptolemy.copernicus.shallow.cg.*,ptolemy.domains.giotto.demo.Hierarchy.Hierarchy.*,ptolemy.domains.giotto.demo.Multimode.Multimode.*,ptolemy.domains.giotto.demo.Simple.Simple.*,ptolemy.domains.gr.lib.experimental.*,ptolemy.domains.gro.*,ptolemy.domains.pdf.*,ptolemy.domains.ptinyos.demo.Surge.output.*,ptolemy.moml.test.NoPackageActor.java*,ptolemy.plot.adm.*,ptolemy.plot.servlet.*,reports.*,signed.*,src.*,target.*,vendors.*,ptolemy.copernicus.applet.*,ptolemy.media.viewer.*,ptolemy.actor.corba.*,doc.doclets.*,ptolemy.apps.eclipse.awt.*,ptolemy.backtrack.*,ptolemy.backtrack.ast.*,ptolemy.cg.adapter.generic.program.procedural.c.mbed*,ptolemy.homer.*,ptolemy.actor.lib.jai.*,org.ptolemy.scala.*,diva.util.java2d.svg.*,ptolemy.domains.ptinyos.*,ptolemy.actor.lib.fmi.fmipp.*,,org.terraswarm.accessor.accessors.web.node_modules.*,org.terraswarm.accessor.accessors-svn,ptolemy.apps.*,ptolemy.actor.ptalon.demo.ptinyos.SendAndReceiveCnt.output,ptolemy.actor.ptalon.demo.ptinyos.SenseToLeds.output,ptolemy.domains.ptinyos.demo.CntToLedsAndRfm.output,ptolemy.domains.ptinyos.demo.RfmToLeds.output,ptolemy.domains.ptinyos.demo.SendAndReceiveCnt.output,ptolemy.domains.ptinyos.demo.SenseToLeds.output,ptolemy.actor.lib.jjs.modules.udpSocket.*" />
    <property name="env.PTII" value="/home/travis/build/icyphy/ptII" />
    <property name="env.XDG_SESSION_ID" value="2" />
    <property name="keystore" value="ptKeystore" />
    <property name="env.TRAVIS_COMMIT_MESSAGE" value="No longer display top output." />
    <property name="junit.output.dir" value="/home/travis/build/icyphy/ptII/reports/junit" />
    <property name="npm.return.code" value="0" />
    <property name="user.dir" value="/home/travis/build/icyphy/ptII/ptolemy/actor/lib/test" />
    <property name="env.TRAVIS_NODE_VERSION" value="7" />
    <property name="env.TRAVIS_EVENT_TYPE" value="cron" />
    <property name="env.MAIL" value="/var/mail/travis" />
    <property name="env.PERLBREW_ROOT" value="/home/travis/perl5/perlbrew" />
    <property name="env.PWD" value="/home/travis/build/icyphy/ptII" />
    <property name="timeout.npm" value="45000" />
    <property name="env.TRAVIS_ARCH" value="amd64" />
    <property name="sun.cpu.endian" value="little" />
    <property name="env.PAGER" value="cat" />
    <property name="env.TRAVIS_BUILD_STAGE_NAME" value="Test" />
    <property name="env.PERLBREW_HOME" value="/home/travis/.perlbrew" />
    <property name="java.vm.version" value="11.0.2+9" />
    <property name="env.RAILS_ENV" value="test" />
    <property name="java.class.path" value="/home/travis/.ptolemyII:/home/travis/.ptolemyII/*:/home/travis/build/icyphy/ptII:/home/travis/build/icyphy/ptII/lib/bsh-2.0b4.jar:/home/travis/build/icyphy/ptII/lib/ptCal.jar:/home/travis/build/icyphy/ptII/lib/java_cup.jar:/home/travis/build/icyphy/ptII/lib/saxon8.jar:/home/travis/build/icyphy/ptII/lib/saxon8-dom.jar:/home/travis/build/icyphy/ptII/lib/chic.jar:/home/travis/build/icyphy/ptII/lib/ptcolt.jar:/home/travis/build/icyphy/ptII/vendors/misc/itext/iText.jar:/home/travis/build/icyphy/ptII/lib/g4ltl.jar:/home/travis/build/icyphy/ptII/lib/StructuralCoder.jar:/home/travis/build/icyphy/ptII/lib/jcerti.jar:/home/travis/build/icyphy/ptII/lib/javax.mail.jar:/home/travis/build/icyphy/ptII/vendors/JMF-2.1.1e/lib/jmf.jar:/home/travis/build/icyphy/ptII/lib/jna-4.0.0-variadic.jar:/home/travis/build/icyphy/ptII/vendors/misc/joystick/Joystick.jar:/home/travis/build/icyphy/ptII/lib/ptjacl.jar:/home/travis/build/icyphy/ptII/lib/jsoup-1.8.2.jar:/home/travis/build/icyphy/ptII/lib/junit-4.8.2.jar:/home/travis/build/icyphy/ptII/lib/JUnitParams-0.4.0.jar:/home/travis/build/icyphy/ptII/ptolemy/actor/lib/excel/jxl.jar:/home/travis/build/icyphy/ptII/lib/jython.jar:/home/travis/build/icyphy/ptII/lib/kieler.jar:/home/travis/build/icyphy/ptII/vendors/opencv/share/OpenCV/java/opencv-341.jar:/home/travis/build/icyphy/ptII/lib/oscP5.jar:/home/travis/build/icyphy/ptII/lib/nrjavaserial-3.11.0.devel.jar:/home/travis/build/icyphy/ptII/vendors/j3d/lib/Linux/j3dcore.jar:/home/travis/build/icyphy/ptII/vendors/j3d/lib/Linux/j3dutils.jar:/home/travis/build/icyphy/ptII/vendors/j3d/lib/Linux/vecmath.jar:/home/travis/build/icyphy/ptII/vendors/jogl/lib/Linux/gluegen-rt-natives-linux-amd64.jar:/home/travis/build/icyphy/ptII/vendors/jogl/lib/Linux/gluegen-rt.jar:/home/travis/build/icyphy/ptII/vendors/jogl/lib/Linux/jogl-all-natives-linux-amd64.jar:/home/travis/build/icyphy/ptII/vendors/jogl/lib/Linux/jogl-all.jar:/home/travis/build/icyphy/ptII/ptolemy/distributed/jini/jar/jini-core.jar:/home/travis/build/icyphy/ptII/ptolemy/distributed/jini/jar/jini-ext.jar:/home/travis/build/icyphy/ptII/ptolemy/distributed/jini/jar/sun-util.jar:/home/travis/build/icyphy/ptII/lib/protobuf-java-2.4.1.jar:/home/travis/build/icyphy/ptII/lib/org.eclipse.paho.client.mqttv3.jar:/home/travis/build/icyphy/ptII/lib/mapss.jar:/home/travis/build/icyphy/ptII/ptolemy/actor/ptalon/antlr/antlr.jar:/home/travis/build/icyphy/ptII/lib/JRI.jar:/home/travis/build/icyphy/ptII/lib/commons-lang-2.6.jar:/home/travis/build/icyphy/ptII/lib/commons-logging-1.1.1.jar:/home/travis/build/icyphy/ptII/lib/sootclasses.jar:/home/travis/build/icyphy/ptII/ptolemy/actor/lib/database/mysql-connector-java-5.1.6-bin.jar:/home/travis/build/icyphy/ptII/vendors/misc/sphinx4/sphinx4-data-5prealpha.jar:/home/travis/build/icyphy/ptII/vendors/misc/sphinx4/sphinx4-core-5prealpha.jar:/home/travis/build/icyphy/ptII/lib/PDFRenderer.jar:/home/travis/build/icyphy/ptII/lib/svgSalamander.jar:/home/travis/build/icyphy/ptII/lib/rsyntaxtextarea-2.6.0-SNAPSHOT.jar:/home/travis/build/icyphy/ptII/lib/hazelcast-3.8.2.jar:/home/travis/build/icyphy/ptII/lib/jackson-annotations-2.9.0.jar:/home/travis/build/icyphy/ptII/lib/jackson-core-2.9.3.jar:/home/travis/build/icyphy/ptII/lib/jackson-databind-2.9.3.jar:/home/travis/build/icyphy/ptII/lib/netty-buffer-4.1.19.Final.jar:/home/travis/build/icyphy/ptII/lib/netty-codec-4.1.19.Final.jar:/home/travis/build/icyphy/ptII/lib/netty-codec-dns-4.1.19.Final.jar:/home/travis/build/icyphy/ptII/lib/netty-codec-http-4.1.19.Final.jar:/home/travis/build/icyphy/ptII/lib/netty-codec-http2-4.1.19.Final.jar:/home/travis/build/icyphy/ptII/lib/netty-common-4.1.19.Final.jar:/home/travis/build/icyphy/ptII/lib/netty-handler-4.1.19.Final.jar:/home/travis/build/icyphy/ptII/lib/netty-resolver-4.1.19.Final.jar:/home/travis/build/icyphy/ptII/lib/netty-resolver-dns-4.1.19.Final.jar:/home/travis/build/icyphy/ptII/lib/netty-transport-4.1.19.Final.jar:/home/travis/build/icyphy/ptII/lib/vertx-codegen-3.5.1.jar:/home/travis/build/icyphy/ptII/lib/vertx-core-3.5.2-SNAPSHOT.jar:/home/travis/build/icyphy/ptII/lib/vertx-hazelcast-3.5.1.jar:/home/travis/build/icyphy/ptII/lib/vertx-lang-js-3.5.1.jar:/home/travis/build/icyphy/ptII/lib/vertx-service-proxy-3.5.1.jar:/home/travis/build/icyphy/ptII/lib/vertx-web-3.5.1.jar:/home/travis/build/icyphy/ptII/lib/slf4j-api-1.7.13.jar:/home/travis/build/icyphy/ptII/lib/slf4j-simple-1.7.13.jar:/home/travis/build/icyphy/ptII/lib/webcam-capture-0.3.12.jar:/home/travis/build/icyphy/ptII/lib/bridj-0.7.0.jar:/home/travis/build/icyphy/ptII/lib/xbjlib-1.1.0.nrjavaserial.jar:/home/travis/build/icyphy/ptII/ptolemy/moml/test:/home/travis/build/icyphy/ptII/ant/lib/ant-launcher.jar:/home/travis/build/icyphy/ptII/ant/lib/ant.jar:/home/travis/build/icyphy/ptII/ant/lib/ant-junit.jar:/home/travis/build/icyphy/ptII/ant/lib/ant-junit4.jar" />
    <property name="ant.library.dir" value="/home/travis/build/icyphy/ptII/ant/lib" />
    <property name="os.arch" value="amd64" />
    <property name="env.CONTINUOUS_INTEGRATION" value="true" />
    <property name="env.TRAVIS_LANGUAGE" value="node_js" />
    <property name="env.TRAVIS_STACK_LANGUAGES" value="__sardonyx__ c c++ clojure cplusplus cpp default generic go groovy java node_js php pure_java python ruby scala" />
    <property name="test.name" value="ptolemy.actor.lib.test.junit.JUnitTclTest" />
    <property name="env.APT_KEY_DONT_WARN_ON_DANGEROUS_USAGE" value="1" />
    <property name="sun.java.launcher" value="SUN_STANDARD" />
    <property name="env.PYTHON_CONFIGURE_OPTS" value="--enable-unicode=ucs4 --with-wide-unicode --enable-shared --enable-ipv6 --enable-loadable-sqlite-extensions --with-computed-gotos" />
    <property name="ant.core.lib" value="/home/travis/build/icyphy/ptII/ant/lib/ant.jar" />
    <property name="java.vm.specification.vendor" value="Oracle Corporation" />
    <property name="env.BCVTB_HOME" value="/home/travis/build/icyphy/ptII/lbnl" />
    <property name="file.separator" value="/" />
    <property name="spotbugs.home" value="/home/travis/build/icyphy/ptII/vendors/spotbugs-3.1.1" />
    <property name="java.runtime.version" value="11.0.2+9" />
    <property name="env.ANSI_CLEAR" value="\033[0K" />
    <property name="javafx.verbose" value="true" />
    <property name="env.HAS_JOSH_K_SEAL_OF_APPROVAL" value="true" />
    <property name="env.XDG_RUNTIME_DIR" value="/run/user/2000" />
    <property name="env.TRAVIS_OSX_IMAGE" value="" />
    <property name="env.TRAVIS_JOB_ID" value="562905922" />
    <property name="env.TRAVIS_BRANCH" value="master" />
    <property name="user.country" value="US" />
    <property name="env.CERTI_HOME_TRAVIS" value="/home/travis/pthla/certi-tools" />
    <property name="env.SHELL" value="/bin/bash" />
    <property name="java.maxmemory.large" value="3200m" />
    <property name="model" value="" />
    <property name="env.CASHER_DIR" value="/home/travis/.casher" />
    <property name="env.NVM_CD_FLAGS" value="" />
    <property name="java.vendor.version" value="18.9" />
    <property name="jshint.executable" value="/home/travis/node_modules/jshint/bin/jshint" />
    <property name="env.JRUBY_OPTS" value=" --client -J-XX:+TieredCompilation -J-XX:TieredStopAtLevel=1 -J-Xss2m -Xcompile.invokedynamic=false" />
    <property name="java.vendor" value="Oracle Corporation" />
    <property name="env.TRAVIS_PRE_CHEF_BOOTSTRAP_TIME" value="2019-03-25T16:16:42" />
    <property name="env.TRAVIS_STACK_JOB_BOARD_REGISTER" value="/.job-board-register.yml" />
    <property name="env.ANSI_RED" value="\033[31;1m" />
    <property name="java.specification.version" value="11" />
    <property name="env.IRBRC" value="/home/travis/.rvm/rubies/ruby-2.5.3/.irbrc" />
    <property name="env.TRAVIS" value="true" />
    <property name="sun.arch.data.model" value="64" />
  </properties>
  <testcase classname="ptolemy.util.test.junit.TclTests" name="[0] /home/travis/build/icyphy/ptII/ptolemy/actor/lib/test/AbsoluteValue.tcl (RunTclFile)" time="0.7" />
  <testcase classname="ptolemy.util.test.junit.TclTests" name="[1] /home/travis/build/icyphy/ptII/ptolemy/actor/lib/test/AddSubtract.tcl (RunTclFile)" time="0.19" />
  <testcase classname="ptolemy.util.test.junit.TclTests" name="[2] /home/travis/build/icyphy/ptII/ptolemy/actor/lib/test/Average.tcl (RunTclFile)" time="0.082" />
  <testcase classname="ptolemy.util.test.junit.TclTests" name="[3] /home/travis/build/icyphy/ptII/ptolemy/actor/lib/test/Bernoulli.tcl (RunTclFile)" time="0.052" />
  <testcase classname="ptolemy.util.test.junit.TclTests" name="[4] /home/travis/build/icyphy/ptII/ptolemy/actor/lib/test/Clock.tcl (RunTclFile)" time="0.097" />
  <testcase classname="ptolemy.util.test.junit.TclTests" name="[5] /home/travis/build/icyphy/ptII/ptolemy/actor/lib/test/Commutator.tcl (RunTclFile)" time="0.222" />
  <testcase classname="ptolemy.util.test.junit.TclTests" name="[6] /home/travis/build/icyphy/ptII/ptolemy/actor/lib/test/Const.tcl (RunTclFile)" time="0.152" />
  <testcase classname="ptolemy.util.test.junit.TclTests" name="[7] /home/travis/build/icyphy/ptII/ptolemy/actor/lib/test/CurrentTime.tcl (RunTclFile)" time="0.039" />
  <testcase classname="ptolemy.util.test.junit.TclTests" name="[8] /home/travis/build/icyphy/ptII/ptolemy/actor/lib/test/DB.tcl (RunTclFile)" time="0.074" />
  <testcase classname="ptolemy.util.test.junit.TclTests" name="[9] /home/travis/build/icyphy/ptII/ptolemy/actor/lib/test/DiscreteRandomSource.tcl (RunTclFile)" time="0.056" />
  <testcase classname="ptolemy.util.test.junit.TclTests" name="[10] /home/travis/build/icyphy/ptII/ptolemy/actor/lib/test/Distributor.tcl (RunTclFile)" time="0.065" />
  <testcase classname="ptolemy.util.test.junit.TclTests" name="[11] /home/travis/build/icyphy/ptII/ptolemy/actor/lib/test/Exit.tcl (RunTclFile)" time="0.089" />
  <testcase classname="ptolemy.util.test.junit.TclTests" name="[12] /home/travis/build/icyphy/ptII/ptolemy/actor/lib/test/Expression.tcl (RunTclFile)" time="0.123" />
  <testcase classname="ptolemy.util.test.junit.TclTests" name="[13] /home/travis/build/icyphy/ptII/ptolemy/actor/lib/test/Gaussian.tcl (RunTclFile)" time="0.238" />
  <testcase classname="ptolemy.util.test.junit.TclTests" name="[14] /home/travis/build/icyphy/ptII/ptolemy/actor/lib/test/IIR.tcl (RunTclFile)" time="0.047" />
  <testcase classname="ptolemy.util.test.junit.TclTests" name="[15] /home/travis/build/icyphy/ptII/ptolemy/actor/lib/test/Interpolator.tcl (RunTclFile)" time="0.119" />
  <testcase classname="ptolemy.util.test.junit.TclTests" name="[16] /home/travis/build/icyphy/ptII/ptolemy/actor/lib/test/MathFunction.tcl (RunTclFile)" time="0.088" />
  <testcase classname="ptolemy.util.test.junit.TclTests" name="[17] /home/travis/build/icyphy/ptII/ptolemy/actor/lib/test/Maximum.tcl (RunTclFile)" time="0.041" />
  <testcase classname="ptolemy.util.test.junit.TclTests" name="[18] /home/travis/build/icyphy/ptII/ptolemy/actor/lib/test/Minimum.tcl (RunTclFile)" time="0.033" />
  <testcase classname="ptolemy.util.test.junit.TclTests" name="[19] /home/travis/build/icyphy/ptII/ptolemy/actor/lib/test/MultiplyDivide.tcl (RunTclFile)" time="0.045" />
  <testcase classname="ptolemy.util.test.junit.TclTests" name="[20] /home/travis/build/icyphy/ptII/ptolemy/actor/lib/test/OrderedMerge.tcl (RunTclFile)" time="0.126" />
  <testcase classname="ptolemy.util.test.junit.TclTests" name="[21] /home/travis/build/icyphy/ptII/ptolemy/actor/lib/test/Publisher.tcl (RunTclFile)" time="1.019" />
  <testcase classname="ptolemy.util.test.junit.TclTests" name="[22] /home/travis/build/icyphy/ptII/ptolemy/actor/lib/test/Pulse.tcl (RunTclFile)" time="0.078" />
  <testcase classname="ptolemy.util.test.junit.TclTests" name="[23] /home/travis/build/icyphy/ptII/ptolemy/actor/lib/test/Ramp.tcl (RunTclFile)" time="2.369" />
  <testcase classname="ptolemy.util.test.junit.TclTests" name="[24] /home/travis/build/icyphy/ptII/ptolemy/actor/lib/test/RampContinuous.tcl (RunTclFile)" time="0.021" />
  <testcase classname="ptolemy.util.test.junit.TclTests" name="[25] /home/travis/build/icyphy/ptII/ptolemy/actor/lib/test/RecordAssembler.tcl (RunTclFile)" time="0.021" />
  <testcase classname="ptolemy.util.test.junit.TclTests" name="[26] /home/travis/build/icyphy/ptII/ptolemy/actor/lib/test/RecordDisassembler.tcl (RunTclFile)" time="0.076" />
  <testcase classname="ptolemy.util.test.junit.TclTests" name="[27] /home/travis/build/icyphy/ptII/ptolemy/actor/lib/test/Scale.tcl (RunTclFile)" time="0.045" />
  <testcase classname="ptolemy.util.test.junit.TclTests" name="[28] /home/travis/build/icyphy/ptII/ptolemy/actor/lib/test/SequentialClock.tcl (RunTclFile)" time="0.026" />
  <testcase classname="ptolemy.util.test.junit.TclTests" name="[29] /home/travis/build/icyphy/ptII/ptolemy/actor/lib/test/SetVariable.tcl (RunTclFile)" time="0.043">
    <failure message="Number of failed tests is has increased. expected:&lt;0&gt; but was:&lt;1&gt;" type="junit.framework.AssertionFailedError">junit.framework.AssertionFailedError: Number of failed tests is has increased. expected:&lt;0&gt; but was:&lt;1&gt;
	at ptolemy.util.test.junit.TclTests.RunTclFile(TclTests.java:286)
	at jdk.internal.reflect.GeneratedMethodAccessor19.invoke(Unknown Source)
	at java.base/jdk.internal.reflect.DelegatingMethodAccessorImpl.invoke(DelegatingMethodAccessorImpl.java:43)
	at junitparams.internal.InvokeParameterisedMethod.evaluate(InvokeParameterisedMethod.java:102)
	at junitparams.internal.ParameterisedTestMethodRunner.runMethodInvoker(ParameterisedTestMethodRunner.java:47)
	at junitparams.internal.ParameterisedTestMethodRunner.runTestMethod(ParameterisedTestMethodRunner.java:41)
	at junitparams.internal.ParameterisedTestClassRunner.runParameterisedTest(ParameterisedTestClassRunner.java:143)
	at junitparams.JUnitParamsRunner.runChild(JUnitParamsRunner.java:237)
	at junitparams.JUnitParamsRunner.runChild(JUnitParamsRunner.java:215)
</failure>
  </testcase>
  <testcase classname="ptolemy.util.test.junit.TclTests" name="[30] /home/travis/build/icyphy/ptII/ptolemy/actor/lib/test/Sinewave.tcl (RunTclFile)" time="0.072" />
  <testcase classname="ptolemy.util.test.junit.TclTests" name="[31] /home/travis/build/icyphy/ptII/ptolemy/actor/lib/test/SubscriptionAggregator.tcl (RunTclFile)" time="2.555" />
  <testcase classname="ptolemy.util.test.junit.TclTests" name="[32] /home/travis/build/icyphy/ptII/ptolemy/actor/lib/test/Test.tcl (RunTclFile)" time="0.117" />
  <testcase classname="ptolemy.util.test.junit.TclTests" name="[33] /home/travis/build/icyphy/ptII/ptolemy/actor/lib/test/TestExceptionHandler.tcl (RunTclFile)" time="0.016" />
  <testcase classname="ptolemy.util.test.junit.TclTests" name="[34] /home/travis/build/icyphy/ptII/ptolemy/actor/lib/test/UnionDisassembler.tcl (RunTclFile)" time="0.161" />
  <testcase classname="ptolemy.util.test.junit.TclTests" name="[35] /home/travis/build/icyphy/ptII/ptolemy/actor/lib/test/VariableClock.tcl (RunTclFile)" time="0.03" />
  <testcase classname="ptolemy.util.test.junit.AutoKnownFailedTests" name="[0] /home/travis/build/icyphy/ptII/ptolemy/actor/lib/test/auto/knownFailedTests/PublisherPortToplevelSubscriber.xml (RunModel)" time="0.04" />
  <testcase classname="ptolemy.util.test.junit.AutoKnownFailedTests" name="[1] /home/travis/build/icyphy/ptII/ptolemy/actor/lib/test/auto/knownFailedTests/PublisherSubscriberPortToplevel.xml (RunModel)" time="0.041" />
  <testcase classname="ptolemy.util.test.junit.AutoKnownFailedTests" name="[2] /home/travis/build/icyphy/ptII/ptolemy/actor/lib/test/auto/knownFailedTests/PublisherSubscriptionAggregatorPort.xml (RunModel)" time="0.022" />
  <testcase classname="ptolemy.util.test.junit.AutoKnownFailedTests" name="[3] /home/travis/build/icyphy/ptII/ptolemy/actor/lib/test/auto/knownFailedTests/sizedarray3.xml (RunModel)" time="0.032" />
  <testcase classname="ptolemy.util.test.junit.AutoNameArchTests" name="[0] ThereAreNoAutoArchTests (RunModel)" time="0.002" />
  <testcase classname="ptolemy.util.test.junit.AutoTests" name="[0] /home/travis/build/icyphy/ptII/ptolemy/actor/lib/test/auto/AbsoluteValue.xml (RunModel)" time="0.102" />
  <testcase classname="ptolemy.util.test.junit.AutoTests" name="[1] /home/travis/build/icyphy/ptII/ptolemy/actor/lib/test/auto/AbsoluteValue2.xml (RunModel)" time="0.064" />
  <testcase classname="ptolemy.util.test.junit.AutoTests" name="[2] /home/travis/build/icyphy/ptII/ptolemy/actor/lib/test/auto/Accumulator.xml (RunModel)" time="0.08" />
  <testcase classname="ptolemy.util.test.junit.AutoTests" name="[3] /home/travis/build/icyphy/ptII/ptolemy/actor/lib/test/auto/Accumulator2.xml (RunModel)" time="0.054" />
  <testcase classname="ptolemy.util.test.junit.AutoTests" name="[4] /home/travis/build/icyphy/ptII/ptolemy/actor/lib/test/auto/Accumulator3.xml (RunModel)" time="0.048" />
  <testcase classname="ptolemy.util.test.junit.AutoTests" name="[5] /home/travis/build/icyphy/ptII/ptolemy/actor/lib/test/auto/ArrayAppend.xml (RunModel)" time="0.058" />
  <testcase classname="ptolemy.util.test.junit.AutoTests" name="[6] /home/travis/build/icyphy/ptII/ptolemy/actor/lib/test/auto/ArrayAppend2.xml (RunModel)" time="0.48" />
  <testcase classname="ptolemy.util.test.junit.AutoTests" name="[7] /home/travis/build/icyphy/ptII/ptolemy/actor/lib/test/auto/ArrayAppend3.xml (RunModel)" time="0.051" />
  <testcase classname="ptolemy.util.test.junit.AutoTests" name="[8] /home/travis/build/icyphy/ptII/ptolemy/actor/lib/test/auto/ArrayAppend4.xml (RunModel)" time="0.028" />
  <testcase classname="ptolemy.util.test.junit.AutoTests" name="[9] /home/travis/build/icyphy/ptII/ptolemy/actor/lib/test/auto/ArrayAppend5.xml (RunModel)" time="0.021" />
  <testcase classname="ptolemy.util.test.junit.AutoTests" name="[10] /home/travis/build/icyphy/ptII/ptolemy/actor/lib/test/auto/ArrayAppend6.xml (RunModel)" time="0.025" />
  <testcase classname="ptolemy.util.test.junit.AutoTests" name="[11] /home/travis/build/icyphy/ptII/ptolemy/actor/lib/test/auto/ArrayAppendPerformanceTest.xml (RunModel)" time="0.072" />
  <testcase classname="ptolemy.util.test.junit.AutoTests" name="[12] /home/travis/build/icyphy/ptII/ptolemy/actor/lib/test/auto/ArrayAppendWithEmptyInput.xml (RunModel)" time="0.068" />
  <testcase classname="ptolemy.util.test.junit.AutoTests" name="[13] /home/travis/build/icyphy/ptII/ptolemy/actor/lib/test/auto/ArrayAverage.xml (RunModel)" time="0.066" />
  <testcase classname="ptolemy.util.test.junit.AutoTests" name="[14] /home/travis/build/icyphy/ptII/ptolemy/actor/lib/test/auto/ArrayContains.xml (RunModel)" time="0.025" />
  <testcase classname="ptolemy.util.test.junit.AutoTests" name="[15] /home/travis/build/icyphy/ptII/ptolemy/actor/lib/test/auto/ArrayElement.xml (RunModel)" time="0.027" />
  <testcase classname="ptolemy.util.test.junit.AutoTests" name="[16] /home/travis/build/icyphy/ptII/ptolemy/actor/lib/test/auto/ArrayElementAsMatrix.xml (RunModel)" time="0.063" />
  <testcase classname="ptolemy.util.test.junit.AutoTests" name="[17] /home/travis/build/icyphy/ptII/ptolemy/actor/lib/test/auto/ArrayElementI.xml (RunModel)" time="0.019" />
  <testcase classname="ptolemy.util.test.junit.AutoTests" name="[18] /home/travis/build/icyphy/ptII/ptolemy/actor/lib/test/auto/ArrayExtract.xml (RunModel)" time="0.037" />
  <testcase classname="ptolemy.util.test.junit.AutoTests" name="[19] /home/travis/build/icyphy/ptII/ptolemy/actor/lib/test/auto/ArrayExtract2.xml (RunModel)" time="0.024" />
  <testcase classname="ptolemy.util.test.junit.AutoTests" name="[20] /home/travis/build/icyphy/ptII/ptolemy/actor/lib/test/auto/ArrayLength.xml (RunModel)" time="0.023" />
  <testcase classname="ptolemy.util.test.junit.AutoTests" name="[21] /home/travis/build/icyphy/ptII/ptolemy/actor/lib/test/auto/ArrayLevelCrossing.xml (RunModel)" time="0.03" />
  <testcase classname="ptolemy.util.test.junit.AutoTests" name="[22] /home/travis/build/icyphy/ptII/ptolemy/actor/lib/test/auto/ArrayLevelCrossing2.xml (RunModel)" time="0.023" />
  <testcase classname="ptolemy.util.test.junit.AutoTests" name="[23] /home/travis/build/icyphy/ptII/ptolemy/actor/lib/test/auto/ArrayPeakSearch.xml (RunModel)" time="0.045" />
  <testcase classname="ptolemy.util.test.junit.AutoTests" name="[24] /home/travis/build/icyphy/ptII/ptolemy/actor/lib/test/auto/ArrayPeakSearch2.xml (RunModel)" time="0.039" />
  <testcase classname="ptolemy.util.test.junit.AutoTests" name="[25] /home/travis/build/icyphy/ptII/ptolemy/actor/lib/test/auto/ArrayPeakSearch3.xml (RunModel)" time="0.032" />
  <testcase classname="ptolemy.util.test.junit.AutoTests" name="[26] /home/travis/build/icyphy/ptII/ptolemy/actor/lib/test/auto/ArrayRemoveElement.xml (RunModel)" time="0.034" />
  <testcase classname="ptolemy.util.test.junit.AutoTests" name="[27] /home/travis/build/icyphy/ptII/ptolemy/actor/lib/test/auto/ArraySort.xml (RunModel)" time="0.041" />
  <testcase classname="ptolemy.util.test.junit.AutoTests" name="[28] /home/travis/build/icyphy/ptII/ptolemy/actor/lib/test/auto/ArraySum.xml (RunModel)" time="0.018" />
  <testcase classname="ptolemy.util.test.junit.AutoTests" name="[29] /home/travis/build/icyphy/ptII/ptolemy/actor/lib/test/auto/ArrayToElements.xml (RunModel)" time="0.029" />
  <testcase classname="ptolemy.util.test.junit.AutoTests" name="[30] /home/travis/build/icyphy/ptII/ptolemy/actor/lib/test/auto/ArrayToMatrix.xml (RunModel)" time="0.073" />
  <testcase classname="ptolemy.util.test.junit.AutoTests" name="[31] /home/travis/build/icyphy/ptII/ptolemy/actor/lib/test/auto/ArrayUpdate1.xml (RunModel)" time="0.026" />
  <testcase classname="ptolemy.util.test.junit.AutoTests" name="[32] /home/travis/build/icyphy/ptII/ptolemy/actor/lib/test/auto/ArrayUpdate2.xml (RunModel)" time="0.031" />
  <testcase classname="ptolemy.util.test.junit.AutoTests" name="[33] /home/travis/build/icyphy/ptII/ptolemy/actor/lib/test/auto/ArrayUpdate3.xml (RunModel)" time="0.019" />
  <testcase classname="ptolemy.util.test.junit.AutoTests" name="[34] /home/travis/build/icyphy/ptII/ptolemy/actor/lib/test/auto/Assert1.xml (RunModel)" time="0.025" />
  <testcase classname="ptolemy.util.test.junit.AutoTests" name="[35] /home/travis/build/icyphy/ptII/ptolemy/actor/lib/test/auto/Assert2.xml (RunModel)" time="0.02" />
  <testcase classname="ptolemy.util.test.junit.AutoTests" name="[36] /home/travis/build/icyphy/ptII/ptolemy/actor/lib/test/auto/BooleanMultiplexor.xml (RunModel)" time="0.017" />
  <testcase classname="ptolemy.util.test.junit.AutoTests" name="[37] /home/travis/build/icyphy/ptII/ptolemy/actor/lib/test/auto/BooleanMultiplexor2.xml (RunModel)" time="0.03" />
  <testcase classname="ptolemy.util.test.junit.AutoTests" name="[38] /home/travis/build/icyphy/ptII/ptolemy/actor/lib/test/auto/BooleanMultiplexor3.xml (RunModel)" time="0.026" />
  <testcase classname="ptolemy.util.test.junit.AutoTests" name="[39] /home/travis/build/icyphy/ptII/ptolemy/actor/lib/test/auto/BooleanSelect.xml (RunModel)" time="0.029" />
  <testcase classname="ptolemy.util.test.junit.AutoTests" name="[40] /home/travis/build/icyphy/ptII/ptolemy/actor/lib/test/auto/BooleanSelect2.xml (RunModel)" time="0.024" />
  <testcase classname="ptolemy.util.test.junit.AutoTests" name="[41] /home/travis/build/icyphy/ptII/ptolemy/actor/lib/test/auto/BooleanSwitch.xml (RunModel)" time="0.024" />
  <testcase classname="ptolemy.util.test.junit.AutoTests" name="[42] /home/travis/build/icyphy/ptII/ptolemy/actor/lib/test/auto/BooleanSwitch2.xml (RunModel)" time="0.016" />
  <testcase classname="ptolemy.util.test.junit.AutoTests" name="[43] /home/travis/build/icyphy/ptII/ptolemy/actor/lib/test/auto/BooleanSwitchCloningBugWithClassRelationGroup.xml (RunModel)" time="0.039" />
  <testcase classname="ptolemy.util.test.junit.AutoTests" name="[44] /home/travis/build/icyphy/ptII/ptolemy/actor/lib/test/auto/BusActors.xml (RunModel)" time="0.042" />
  <testcase classname="ptolemy.util.test.junit.AutoTests" name="[45] /home/travis/build/icyphy/ptII/ptolemy/actor/lib/test/auto/ClassWrapper.xml (RunModel)" time="0.015" />
  <testcase classname="ptolemy.util.test.junit.AutoTests" name="[46] /home/travis/build/icyphy/ptII/ptolemy/actor/lib/test/auto/Clock.xml (RunModel)" time="0.03" />
  <testcase classname="ptolemy.util.test.junit.AutoTests" name="[47] /home/travis/build/icyphy/ptII/ptolemy/actor/lib/test/auto/Clock10.xml (RunModel)" time="0.031" />
  <testcase classname="ptolemy.util.test.junit.AutoTests" name="[48] /home/travis/build/icyphy/ptII/ptolemy/actor/lib/test/auto/Clock11.xml (RunModel)" time="0.025" />
  <testcase classname="ptolemy.util.test.junit.AutoTests" name="[49] /home/travis/build/icyphy/ptII/ptolemy/actor/lib/test/auto/Clock12.xml (RunModel)" time="0.021" />
  <testcase classname="ptolemy.util.test.junit.AutoTests" name="[50] /home/travis/build/icyphy/ptII/ptolemy/actor/lib/test/auto/Clock13.xml (RunModel)" time="0.021" />
  <testcase classname="ptolemy.util.test.junit.AutoTests" name="[51] /home/travis/build/icyphy/ptII/ptolemy/actor/lib/test/auto/Clock14.xml (RunModel)" time="0.021" />
  <testcase classname="ptolemy.util.test.junit.AutoTests" name="[52] /home/travis/build/icyphy/ptII/ptolemy/actor/lib/test/auto/Clock15.xml (RunModel)" time="0.015" />
  <testcase classname="ptolemy.util.test.junit.AutoTests" name="[53] /home/travis/build/icyphy/ptII/ptolemy/actor/lib/test/auto/Clock16.xml (RunModel)" time="0.105" />
  <testcase classname="ptolemy.util.test.junit.AutoTests" name="[54] /home/travis/build/icyphy/ptII/ptolemy/actor/lib/test/auto/Clock17.xml (RunModel)" time="0.056" />
  <testcase classname="ptolemy.util.test.junit.AutoTests" name="[55] /home/travis/build/icyphy/ptII/ptolemy/actor/lib/test/auto/Clock18.xml (RunModel)" time="0.056" />
  <testcase classname="ptolemy.util.test.junit.AutoTests" name="[56] /home/travis/build/icyphy/ptII/ptolemy/actor/lib/test/auto/Clock19.xml (RunModel)" time="0.054" />
  <testcase classname="ptolemy.util.test.junit.AutoTests" name="[57] /home/travis/build/icyphy/ptII/ptolemy/actor/lib/test/auto/Clock2.xml (RunModel)" time="0.016" />
  <testcase classname="ptolemy.util.test.junit.AutoTests" name="[58] /home/travis/build/icyphy/ptII/ptolemy/actor/lib/test/auto/Clock20.xml (RunModel)" time="0.026" />
  <testcase classname="ptolemy.util.test.junit.AutoTests" name="[59] /home/travis/build/icyphy/ptII/ptolemy/actor/lib/test/auto/Clock21.xml (RunModel)" time="0.031" />
  <testcase classname="ptolemy.util.test.junit.AutoTests" name="[60] /home/travis/build/icyphy/ptII/ptolemy/actor/lib/test/auto/Clock22.xml (RunModel)" time="0.017" />
  <testcase classname="ptolemy.util.test.junit.AutoTests" name="[61] /home/travis/build/icyphy/ptII/ptolemy/actor/lib/test/auto/Clock23.xml (RunModel)" time="0.02" />
  <testcase classname="ptolemy.util.test.junit.AutoTests" name="[62] /home/travis/build/icyphy/ptII/ptolemy/actor/lib/test/auto/Clock24.xml (RunModel)" time="0.019" />
  <testcase classname="ptolemy.util.test.junit.AutoTests" name="[63] /home/travis/build/icyphy/ptII/ptolemy/actor/lib/test/auto/Clock4.xml (RunModel)" time="0.022" />
  <testcase classname="ptolemy.util.test.junit.AutoTests" name="[64] /home/travis/build/icyphy/ptII/ptolemy/actor/lib/test/auto/Clock5.xml (RunModel)" time="0.018" />
  <testcase classname="ptolemy.util.test.junit.AutoTests" name="[65] /home/travis/build/icyphy/ptII/ptolemy/actor/lib/test/auto/Clock6.xml (RunModel)" time="0.01" />
  <testcase classname="ptolemy.util.test.junit.AutoTests" name="[66] /home/travis/build/icyphy/ptII/ptolemy/actor/lib/test/auto/Clock7.xml (RunModel)" time="0.012" />
  <testcase classname="ptolemy.util.test.junit.AutoTests" name="[67] /home/travis/build/icyphy/ptII/ptolemy/actor/lib/test/auto/Clock8.xml (RunModel)" time="0.015" />
  <testcase classname="ptolemy.util.test.junit.AutoTests" name="[68] /home/travis/build/icyphy/ptII/ptolemy/actor/lib/test/auto/Clock9.xml (RunModel)" time="0.025" />
  <testcase classname="ptolemy.util.test.junit.AutoTests" name="[69] /home/travis/build/icyphy/ptII/ptolemy/actor/lib/test/auto/CommDistDiscard.xml (RunModel)" time="0.038" />
  <testcase classname="ptolemy.util.test.junit.AutoTests" name="[70] /home/travis/build/icyphy/ptII/ptolemy/actor/lib/test/auto/Commutator.xml (RunModel)" time="0.015" />
  <testcase classname="ptolemy.util.test.junit.AutoTests" name="[71] /home/travis/build/icyphy/ptII/ptolemy/actor/lib/test/auto/Commutator2.xml (RunModel)" time="0.013" />
  <testcase classname="ptolemy.util.test.junit.AutoTests" name="[72] /home/travis/build/icyphy/ptII/ptolemy/actor/lib/test/auto/Commutator3.xml (RunModel)" time="0.015" />
  <testcase classname="ptolemy.util.test.junit.AutoTests" name="[73] /home/travis/build/icyphy/ptII/ptolemy/actor/lib/test/auto/Compare.xml (RunModel)" time="0.024" />
  <testcase classname="ptolemy.util.test.junit.AutoTests" name="[74] /home/travis/build/icyphy/ptII/ptolemy/actor/lib/test/auto/CompareDE.xml (RunModel)" time="0.019" />
  <testcase classname="ptolemy.util.test.junit.AutoTests" name="[75] /home/travis/build/icyphy/ptII/ptolemy/actor/lib/test/auto/ComplexDivide.xml (RunModel)" time="0.013" />
  <testcase classname="ptolemy.util.test.junit.AutoTests" name="[76] /home/travis/build/icyphy/ptII/ptolemy/actor/lib/test/auto/ComputeHistogram.xml (RunModel)" time="0.077" />
  <testcase classname="ptolemy.util.test.junit.AutoTests" name="[77] /home/travis/build/icyphy/ptII/ptolemy/actor/lib/test/auto/ConfigurationSelect.xml (RunModel)" time="0.028" />
  <testcase classname="ptolemy.util.test.junit.AutoTests" name="[78] /home/travis/build/icyphy/ptII/ptolemy/actor/lib/test/auto/ConfigurationSelect2.xml (RunModel)" time="0.019" />
  <testcase classname="ptolemy.util.test.junit.AutoTests" name="[79] /home/travis/build/icyphy/ptII/ptolemy/actor/lib/test/auto/ConfigurationSwitch.xml (RunModel)" time="0.031" />
  <testcase classname="ptolemy.util.test.junit.AutoTests" name="[80] /home/travis/build/icyphy/ptII/ptolemy/actor/lib/test/auto/ConfigurationSwitch2.xml (RunModel)" time="0.026" />
  <testcase classname="ptolemy.util.test.junit.AutoTests" name="[81] /home/travis/build/icyphy/ptII/ptolemy/actor/lib/test/auto/ConfigurationSwitchCloningBugWithClassRelationGroup.xml (RunModel)" time="0.023" />
  <testcase classname="ptolemy.util.test.junit.AutoTests" name="[82] /home/travis/build/icyphy/ptII/ptolemy/actor/lib/test/auto/ConfigurationSwitchSelectSDF.xml (RunModel)" time="0.017" />
  <testcase classname="ptolemy.util.test.junit.AutoTests" name="[83] /home/travis/build/icyphy/ptII/ptolemy/actor/lib/test/auto/ConfigurationSwitchSelectSDF2.xml (RunModel)" time="0.017" />
  <testcase classname="ptolemy.util.test.junit.AutoTests" name="[84] /home/travis/build/icyphy/ptII/ptolemy/actor/lib/test/auto/Const.xml (RunModel)" time="0.012" />
  <testcase classname="ptolemy.util.test.junit.AutoTests" name="[85] /home/travis/build/icyphy/ptII/ptolemy/actor/lib/test/auto/Const2.xml (RunModel)" time="0.012" />
  <testcase classname="ptolemy.util.test.junit.AutoTests" name="[86] /home/travis/build/icyphy/ptII/ptolemy/actor/lib/test/auto/Const3.xml (RunModel)" time="0.01" />
  <testcase classname="ptolemy.util.test.junit.AutoTests" name="[87] /home/travis/build/icyphy/ptII/ptolemy/actor/lib/test/auto/ConstantPublisherPort1.xml (RunModel)" time="0.033" />
  <testcase classname="ptolemy.util.test.junit.AutoTests" name="[88] /home/travis/build/icyphy/ptII/ptolemy/actor/lib/test/auto/ConstantPublisherPort2.xml (RunModel)" time="0.022" />
  <testcase classname="ptolemy.util.test.junit.AutoTests" name="[89] /home/travis/build/icyphy/ptII/ptolemy/actor/lib/test/auto/ConstantPublisherPort3.xml (RunModel)" time="0.023" />
  <testcase classname="ptolemy.util.test.junit.AutoTests" name="[90] /home/travis/build/icyphy/ptII/ptolemy/actor/lib/test/auto/ConstantPublisherPort4.xml (RunModel)" time="0.019" />
  <testcase classname="ptolemy.util.test.junit.AutoTests" name="[91] /home/travis/build/icyphy/ptII/ptolemy/actor/lib/test/auto/ConstantPublisherPort5.xml (RunModel)" time="0.048" />
  <testcase classname="ptolemy.util.test.junit.AutoTests" name="[92] /home/travis/build/icyphy/ptII/ptolemy/actor/lib/test/auto/ConstantPublisherPort6.xml (RunModel)" time="0.04" />
  <testcase classname="ptolemy.util.test.junit.AutoTests" name="[93] /home/travis/build/icyphy/ptII/ptolemy/actor/lib/test/auto/ConstantPublisherPort7.xml (RunModel)" time="0.037" />
  <testcase classname="ptolemy.util.test.junit.AutoTests" name="[94] /home/travis/build/icyphy/ptII/ptolemy/actor/lib/test/auto/ConstraintMonitor1.xml (RunModel)" time="0.046" />
  <testcase classname="ptolemy.util.test.junit.AutoTests" name="[95] /home/travis/build/icyphy/ptII/ptolemy/actor/lib/test/auto/ConstraintMonitor2.xml (RunModel)" time="0.014" />
  <testcase classname="ptolemy.util.test.junit.AutoTests" name="[96] /home/travis/build/icyphy/ptII/ptolemy/actor/lib/test/auto/ConstraintMonitor3.xml (RunModel)" time="0.018" />
  <testcase classname="ptolemy.util.test.junit.AutoTests" name="[97] /home/travis/build/icyphy/ptII/ptolemy/actor/lib/test/auto/ConstraintMonitor4.xml (RunModel)" time="0.014" />
  <testcase classname="ptolemy.util.test.junit.AutoTests" name="[98] /home/travis/build/icyphy/ptII/ptolemy/actor/lib/test/auto/ConstraintMonitor5.xml (RunModel)" time="0.016" />
  <testcase classname="ptolemy.util.test.junit.AutoTests" name="[99] /home/travis/build/icyphy/ptII/ptolemy/actor/lib/test/auto/ConstraintMonitor6.xml (RunModel)" time="0.019" />
  <testcase classname="ptolemy.util.test.junit.AutoTests" name="[100] /home/travis/build/icyphy/ptII/ptolemy/actor/lib/test/auto/ConstraintMonitor7.xml (RunModel)" time="0.018" />
  <testcase classname="ptolemy.util.test.junit.AutoTests" name="[101] /home/travis/build/icyphy/ptII/ptolemy/actor/lib/test/auto/ConstraintMonitor8.xml (RunModel)" time="0.021" />
  <testcase classname="ptolemy.util.test.junit.AutoTests" name="[102] /home/travis/build/icyphy/ptII/ptolemy/actor/lib/test/auto/Counter.xml (RunModel)" time="0.016" />
  <testcase classname="ptolemy.util.test.junit.AutoTests" name="[103] /home/travis/build/icyphy/ptII/ptolemy/actor/lib/test/auto/CurrentTimeSDF.xml (RunModel)" time="0.01" />
  <testcase classname="ptolemy.util.test.junit.AutoTests" name="[104] /home/travis/build/icyphy/ptII/ptolemy/actor/lib/test/auto/DB.xml (RunModel)" time="0.014" />
  <testcase classname="ptolemy.util.test.junit.AutoTests" name="[105] /home/travis/build/icyphy/ptII/ptolemy/actor/lib/test/auto/DBDE.xml (RunModel)" time="0.016" />
  <testcase classname="ptolemy.util.test.junit.AutoTests" name="[106] /home/travis/build/icyphy/ptII/ptolemy/actor/lib/test/auto/DateConstructor.xml (RunModel)" time="0.085" />
  <testcase classname="ptolemy.util.test.junit.AutoTests" name="[107] /home/travis/build/icyphy/ptII/ptolemy/actor/lib/test/auto/DelayTime.xml (RunModel)" time="0.021" />
  <testcase classname="ptolemy.util.test.junit.AutoTests" name="[108] /home/travis/build/icyphy/ptII/ptolemy/actor/lib/test/auto/Dictionary1.xml (RunModel)" time="0.023" />
  <testcase classname="ptolemy.util.test.junit.AutoTests" name="[109] /home/travis/build/icyphy/ptII/ptolemy/actor/lib/test/auto/Dictionary2.xml (RunModel)" time="0.027" />
  <testcase classname="ptolemy.util.test.junit.AutoTests" name="[110] /home/travis/build/icyphy/ptII/ptolemy/actor/lib/test/auto/Dictionary3.xml (RunModel)" time="0.017" />
  <testcase classname="ptolemy.util.test.junit.AutoTests" name="[111] /home/travis/build/icyphy/ptII/ptolemy/actor/lib/test/auto/Dictionary4.xml (RunModel)" time="0.026" />
  <testcase classname="ptolemy.util.test.junit.AutoTests" name="[112] /home/travis/build/icyphy/ptII/ptolemy/actor/lib/test/auto/Differential.xml (RunModel)" time="0.016" />
  <testcase classname="ptolemy.util.test.junit.AutoTests" name="[113] /home/travis/build/icyphy/ptII/ptolemy/actor/lib/test/auto/Director.xml (RunModel)" time="0.015" />
  <testcase classname="ptolemy.util.test.junit.AutoTests" name="[114] /home/travis/build/icyphy/ptII/ptolemy/actor/lib/test/auto/DiscreteClock.xml (RunModel)" time="0.017" />
  <testcase classname="ptolemy.util.test.junit.AutoTests" name="[115] /home/travis/build/icyphy/ptII/ptolemy/actor/lib/test/auto/DiscreteClock10.xml (RunModel)" time="0.014" />
  <testcase classname="ptolemy.util.test.junit.AutoTests" name="[116] /home/travis/build/icyphy/ptII/ptolemy/actor/lib/test/auto/DiscreteClock11.xml (RunModel)" time="0.014" />
  <testcase classname="ptolemy.util.test.junit.AutoTests" name="[117] /home/travis/build/icyphy/ptII/ptolemy/actor/lib/test/auto/DiscreteClock12.xml (RunModel)" time="0.017" />
  <testcase classname="ptolemy.util.test.junit.AutoTests" name="[118] /home/travis/build/icyphy/ptII/ptolemy/actor/lib/test/auto/DiscreteClock13.xml (RunModel)" time="0.017" />
  <testcase classname="ptolemy.util.test.junit.AutoTests" name="[119] /home/travis/build/icyphy/ptII/ptolemy/actor/lib/test/auto/DiscreteClock14.xml (RunModel)" time="0.017" />
  <testcase classname="ptolemy.util.test.junit.AutoTests" name="[120] /home/travis/build/icyphy/ptII/ptolemy/actor/lib/test/auto/DiscreteClock15.xml (RunModel)" time="0.017" />
  <testcase classname="ptolemy.util.test.junit.AutoTests" name="[121] /home/travis/build/icyphy/ptII/ptolemy/actor/lib/test/auto/DiscreteClock16.xml (RunModel)" time="0.047" />
  <testcase classname="ptolemy.util.test.junit.AutoTests" name="[122] /home/travis/build/icyphy/ptII/ptolemy/actor/lib/test/auto/DiscreteClock17.xml (RunModel)" time="0.044" />
  <testcase classname="ptolemy.util.test.junit.AutoTests" name="[123] /home/travis/build/icyphy/ptII/ptolemy/actor/lib/test/auto/DiscreteClock18.xml (RunModel)" time="0.047" />
  <testcase classname="ptolemy.util.test.junit.AutoTests" name="[124] /home/travis/build/icyphy/ptII/ptolemy/actor/lib/test/auto/DiscreteClock19.xml (RunModel)" time="0.039" />
  <testcase classname="ptolemy.util.test.junit.AutoTests" name="[125] /home/travis/build/icyphy/ptII/ptolemy/actor/lib/test/auto/DiscreteClock2.xml (RunModel)" time="0.011" />
  <testcase classname="ptolemy.util.test.junit.AutoTests" name="[126] /home/travis/build/icyphy/ptII/ptolemy/actor/lib/test/auto/DiscreteClock20.xml (RunModel)" time="0.016" />
  <testcase classname="ptolemy.util.test.junit.AutoTests" name="[127] /home/travis/build/icyphy/ptII/ptolemy/actor/lib/test/auto/DiscreteClock21.xml (RunModel)" time="0.015" />
  <testcase classname="ptolemy.util.test.junit.AutoTests" name="[128] /home/travis/build/icyphy/ptII/ptolemy/actor/lib/test/auto/DiscreteClock22.xml (RunModel)" time="0.019" />
  <testcase classname="ptolemy.util.test.junit.AutoTests" name="[129] /home/travis/build/icyphy/ptII/ptolemy/actor/lib/test/auto/DiscreteClock23.xml (RunModel)" time="0.025" />
  <testcase classname="ptolemy.util.test.junit.AutoTests" name="[130] /home/travis/build/icyphy/ptII/ptolemy/actor/lib/test/auto/DiscreteClock24.xml (RunModel)" time="0.016" />
  <testcase classname="ptolemy.util.test.junit.AutoTests" name="[131] /home/travis/build/icyphy/ptII/ptolemy/actor/lib/test/auto/DiscreteClock4.xml (RunModel)" time="0.01" />
  <testcase classname="ptolemy.util.test.junit.AutoTests" name="[132] /home/travis/build/icyphy/ptII/ptolemy/actor/lib/test/auto/DiscreteClock5.xml (RunModel)" time="0.012" />
  <testcase classname="ptolemy.util.test.junit.AutoTests" name="[133] /home/travis/build/icyphy/ptII/ptolemy/actor/lib/test/auto/DiscreteClock6.xml (RunModel)" time="0.017" />
  <testcase classname="ptolemy.util.test.junit.AutoTests" name="[134] /home/travis/build/icyphy/ptII/ptolemy/actor/lib/test/auto/DiscreteClock7.xml (RunModel)" time="0.013" />
  <testcase classname="ptolemy.util.test.junit.AutoTests" name="[135] /home/travis/build/icyphy/ptII/ptolemy/actor/lib/test/auto/DiscreteClock8.xml (RunModel)" time="0.021" />
  <testcase classname="ptolemy.util.test.junit.AutoTests" name="[136] /home/travis/build/icyphy/ptII/ptolemy/actor/lib/test/auto/DiscreteClock9.xml (RunModel)" time="0.017" />
  <testcase classname="ptolemy.util.test.junit.AutoTests" name="[137] /home/travis/build/icyphy/ptII/ptolemy/actor/lib/test/auto/DisplayArray.xml (RunModel)" time="0.01" />
  <testcase classname="ptolemy.util.test.junit.AutoTests" name="[138] /home/travis/build/icyphy/ptII/ptolemy/actor/lib/test/auto/Distributor.xml (RunModel)" time="0.012" />
  <testcase classname="ptolemy.util.test.junit.AutoTests" name="[139] /home/travis/build/icyphy/ptII/ptolemy/actor/lib/test/auto/Distributor2.xml (RunModel)" time="0.015" />
  <testcase classname="ptolemy.util.test.junit.AutoTests" name="[140] /home/travis/build/icyphy/ptII/ptolemy/actor/lib/test/auto/DownSample.xml (RunModel)" time="0.022" />
  <testcase classname="ptolemy.util.test.junit.AutoTests" name="[141] /home/travis/build/icyphy/ptII/ptolemy/actor/lib/test/auto/ElectronicUnitBase1.xml (RunModel)" time="0.078" />
  <testcase classname="ptolemy.util.test.junit.AutoTests" name="[142] /home/travis/build/icyphy/ptII/ptolemy/actor/lib/test/auto/ElementsToArray.xml (RunModel)" time="0.012" />
  <testcase classname="ptolemy.util.test.junit.AutoTests" name="[143] /home/travis/build/icyphy/ptII/ptolemy/actor/lib/test/auto/Equals.xml (RunModel)" time="0.016" />
  <testcase classname="ptolemy.util.test.junit.AutoTests" name="[144] /home/travis/build/icyphy/ptII/ptolemy/actor/lib/test/auto/Exec.xml (RunModel)" time="0.028" />
  <testcase classname="ptolemy.util.test.junit.AutoTests" name="[145] /home/travis/build/icyphy/ptII/ptolemy/actor/lib/test/auto/ExecEnvironment.xml (RunModel)" time="0.058" />
  <testcase classname="ptolemy.util.test.junit.AutoTests" name="[146] /home/travis/build/icyphy/ptII/ptolemy/actor/lib/test/auto/ExecNonZeroReturnOutput.xml (RunModel)" time="0.189" />
  <testcase classname="ptolemy.util.test.junit.AutoTests" name="[147] /home/travis/build/icyphy/ptII/ptolemy/actor/lib/test/auto/ExecRunDemos.xml (RunModel)" time="12.014" />
  <testcase classname="ptolemy.util.test.junit.AutoTests" name="[148] /home/travis/build/icyphy/ptII/ptolemy/actor/lib/test/auto/ExecStop.xml (RunModel)" time="5.039" />
  <testcase classname="ptolemy.util.test.junit.AutoTests" name="[149] /home/travis/build/icyphy/ptII/ptolemy/actor/lib/test/auto/ExecutionTimeSDF.xml (RunModel)" time="6.033" />
  <testcase classname="ptolemy.util.test.junit.AutoTests" name="[150] /home/travis/build/icyphy/ptII/ptolemy/actor/lib/test/auto/Expression1.xml (RunModel)" time="0.01" />
  <testcase classname="ptolemy.util.test.junit.AutoTests" name="[151] /home/travis/build/icyphy/ptII/ptolemy/actor/lib/test/auto/Expression10.xml (RunModel)" time="0.028" />
  <testcase classname="ptolemy.util.test.junit.AutoTests" name="[152] /home/travis/build/icyphy/ptII/ptolemy/actor/lib/test/auto/Expression11.xml (RunModel)" time="0.022" />
  <testcase classname="ptolemy.util.test.junit.AutoTests" name="[153] /home/travis/build/icyphy/ptII/ptolemy/actor/lib/test/auto/Expression12.xml (RunModel)" time="0.019" />
  <testcase classname="ptolemy.util.test.junit.AutoTests" name="[154] /home/travis/build/icyphy/ptII/ptolemy/actor/lib/test/auto/Expression13.xml (RunModel)" time="0.014" />
  <testcase classname="ptolemy.util.test.junit.AutoTests" name="[155] /home/travis/build/icyphy/ptII/ptolemy/actor/lib/test/auto/Expression14.xml (RunModel)" time="0.022" />
  <testcase classname="ptolemy.util.test.junit.AutoTests" name="[156] /home/travis/build/icyphy/ptII/ptolemy/actor/lib/test/auto/Expression15.xml (RunModel)" time="0.011" />
  <testcase classname="ptolemy.util.test.junit.AutoTests" name="[157] /home/travis/build/icyphy/ptII/ptolemy/actor/lib/test/auto/Expression16.xml (RunModel)" time="0.017" />
  <testcase classname="ptolemy.util.test.junit.AutoTests" name="[158] /home/travis/build/icyphy/ptII/ptolemy/actor/lib/test/auto/Expression17.xml (RunModel)" time="0.016" />
  <testcase classname="ptolemy.util.test.junit.AutoTests" name="[159] /home/travis/build/icyphy/ptII/ptolemy/actor/lib/test/auto/Expression18.xml (RunModel)" time="0.016" />
  <testcase classname="ptolemy.util.test.junit.AutoTests" name="[160] /home/travis/build/icyphy/ptII/ptolemy/actor/lib/test/auto/Expression2.xml (RunModel)" time="0.016" />
  <testcase classname="ptolemy.util.test.junit.AutoTests" name="[161] /home/travis/build/icyphy/ptII/ptolemy/actor/lib/test/auto/Expression3.xml (RunModel)" time="0.017" />
  <testcase classname="ptolemy.util.test.junit.AutoTests" name="[162] /home/travis/build/icyphy/ptII/ptolemy/actor/lib/test/auto/Expression4.xml (RunModel)" time="0.021" />
  <testcase classname="ptolemy.util.test.junit.AutoTests" name="[163] /home/travis/build/icyphy/ptII/ptolemy/actor/lib/test/auto/Expression5.xml (RunModel)" time="0.014" />
  <testcase classname="ptolemy.util.test.junit.AutoTests" name="[164] /home/travis/build/icyphy/ptII/ptolemy/actor/lib/test/auto/Expression6.xml (RunModel)" time="0.011" />
  <testcase classname="ptolemy.util.test.junit.AutoTests" name="[165] /home/travis/build/icyphy/ptII/ptolemy/actor/lib/test/auto/Expression7.xml (RunModel)" time="0.015" />
  <testcase classname="ptolemy.util.test.junit.AutoTests" name="[166] /home/travis/build/icyphy/ptII/ptolemy/actor/lib/test/auto/Expression8.xml (RunModel)" time="0.018" />
  <testcase classname="ptolemy.util.test.junit.AutoTests" name="[167] /home/travis/build/icyphy/ptII/ptolemy/actor/lib/test/auto/Expression9.xml (RunModel)" time="0.009" />
  <testcase classname="ptolemy.util.test.junit.AutoTests" name="[168] /home/travis/build/icyphy/ptII/ptolemy/actor/lib/test/auto/ExpressionConcatenateArrayType.xml (RunModel)" time="0.038" />
  <testcase classname="ptolemy.util.test.junit.AutoTests" name="[169] /home/travis/build/icyphy/ptII/ptolemy/actor/lib/test/auto/ExpressionConcatenateArrayType2.xml (RunModel)" time="0.028" />
  <testcase classname="ptolemy.util.test.junit.AutoTests" name="[170] /home/travis/build/icyphy/ptII/ptolemy/actor/lib/test/auto/ExpressionFix.xml (RunModel)" time="0.032" />
  <testcase classname="ptolemy.util.test.junit.AutoTests" name="[171] /home/travis/build/icyphy/ptII/ptolemy/actor/lib/test/auto/ExpressionFix2.xml (RunModel)" time="0.023" />
  <testcase classname="ptolemy.util.test.junit.AutoTests" name="[172] /home/travis/build/icyphy/ptII/ptolemy/actor/lib/test/auto/ExpressionFix3.xml (RunModel)" time="0.02" />
  <testcase classname="ptolemy.util.test.junit.AutoTests" name="[173] /home/travis/build/icyphy/ptII/ptolemy/actor/lib/test/auto/FileWriter1.xml (RunModel)" time="0.012" />
  <testcase classname="ptolemy.util.test.junit.AutoTests" name="[174] /home/travis/build/icyphy/ptII/ptolemy/actor/lib/test/auto/FileWriter2.xml (RunModel)" time="0.021" />
  <testcase classname="ptolemy.util.test.junit.AutoTests" name="[175] /home/travis/build/icyphy/ptII/ptolemy/actor/lib/test/auto/FileWriter3.xml (RunModel)" time="0.017" />
  <testcase classname="ptolemy.util.test.junit.AutoTests" name="[176] /home/travis/build/icyphy/ptII/ptolemy/actor/lib/test/auto/Gaussian.xml (RunModel)" time="0.016" />
  <testcase classname="ptolemy.util.test.junit.AutoTests" name="[177] /home/travis/build/icyphy/ptII/ptolemy/actor/lib/test/auto/Gaussian1.xml (RunModel)" time="0.017" />
  <testcase classname="ptolemy.util.test.junit.AutoTests" name="[178] /home/travis/build/icyphy/ptII/ptolemy/actor/lib/test/auto/Gaussian2.xml (RunModel)" time="0.03" />
  <testcase classname="ptolemy.util.test.junit.AutoTests" name="[179] /home/travis/build/icyphy/ptII/ptolemy/actor/lib/test/auto/GradientAdaptiveLattice.xml (RunModel)" time="0.019" />
  <testcase classname="ptolemy.util.test.junit.AutoTests" name="[180] /home/travis/build/icyphy/ptII/ptolemy/actor/lib/test/auto/IIR.xml (RunModel)" time="0.013" />
  <testcase classname="ptolemy.util.test.junit.AutoTests" name="[181] /home/travis/build/icyphy/ptII/ptolemy/actor/lib/test/auto/InputOutputTransparentPorts.xml (RunModel)" time="0.021" />
  <testcase classname="ptolemy.util.test.junit.AutoTests" name="[182] /home/travis/build/icyphy/ptII/ptolemy/actor/lib/test/auto/Interpolator.xml (RunModel)" time="0.016" />
  <testcase classname="ptolemy.util.test.junit.AutoTests" name="[183] /home/travis/build/icyphy/ptII/ptolemy/actor/lib/test/auto/InterpolatorFiringLimitDE.xml (RunModel)" time="0.016" />
  <testcase classname="ptolemy.util.test.junit.AutoTests" name="[184] /home/travis/build/icyphy/ptII/ptolemy/actor/lib/test/auto/Lattice.xml (RunModel)" time="0.011" />
  <testcase classname="ptolemy.util.test.junit.AutoTests" name="[185] /home/travis/build/icyphy/ptII/ptolemy/actor/lib/test/auto/LazyAOCTestLazy.xml (RunModel)" time="0.061" />
  <testcase classname="ptolemy.util.test.junit.AutoTests" name="[186] /home/travis/build/icyphy/ptII/ptolemy/actor/lib/test/auto/LazyAOCTestNonLazy.xml (RunModel)" time="0.034" />
  <testcase classname="ptolemy.util.test.junit.AutoTests" name="[187] /home/travis/build/icyphy/ptII/ptolemy/actor/lib/test/auto/LazyInnerClass.xml (RunModel)" time="0.021" />
  <testcase classname="ptolemy.util.test.junit.AutoTests" name="[188] /home/travis/build/icyphy/ptII/ptolemy/actor/lib/test/auto/LazyPubSub.xml (RunModel)" time="0.066" />
  <testcase classname="ptolemy.util.test.junit.AutoTests" name="[189] /home/travis/build/icyphy/ptII/ptolemy/actor/lib/test/auto/LazyPubSub2.xml (RunModel)" time="0.045" />
  <testcase classname="ptolemy.util.test.junit.AutoTests" name="[190] /home/travis/build/icyphy/ptII/ptolemy/actor/lib/test/auto/LazyPubSub3.xml (RunModel)" time="0.068" />
  <testcase classname="ptolemy.util.test.junit.AutoTests" name="[191] /home/travis/build/icyphy/ptII/ptolemy/actor/lib/test/auto/LazySubClassModel.xml (RunModel)" time="0.027" />
  <testcase classname="ptolemy.util.test.junit.AutoTests" name="[192] /home/travis/build/icyphy/ptII/ptolemy/actor/lib/test/auto/LevelCrossTest1.xml (RunModel)" time="0.011" />
  <testcase classname="ptolemy.util.test.junit.AutoTests" name="[193] /home/travis/build/icyphy/ptII/ptolemy/actor/lib/test/auto/LevelCrossTest10.xml (RunModel)" time="0.018" />
  <testcase classname="ptolemy.util.test.junit.AutoTests" name="[194] /home/travis/build/icyphy/ptII/ptolemy/actor/lib/test/auto/LevelCrossTest11.xml (RunModel)" time="0.014" />
  <testcase classname="ptolemy.util.test.junit.AutoTests" name="[195] /home/travis/build/icyphy/ptII/ptolemy/actor/lib/test/auto/LevelCrossTest12.xml (RunModel)" time="0.02" />
  <testcase classname="ptolemy.util.test.junit.AutoTests" name="[196] /home/travis/build/icyphy/ptII/ptolemy/actor/lib/test/auto/LevelCrossTest13.xml (RunModel)" time="0.025" />
  <testcase classname="ptolemy.util.test.junit.AutoTests" name="[197] /home/travis/build/icyphy/ptII/ptolemy/actor/lib/test/auto/LevelCrossTest2.xml (RunModel)" time="0.022" />
  <testcase classname="ptolemy.util.test.junit.AutoTests" name="[198] /home/travis/build/icyphy/ptII/ptolemy/actor/lib/test/auto/LevelCrossTest3.xml (RunModel)" time="0.013" />
  <testcase classname="ptolemy.util.test.junit.AutoTests" name="[199] /home/travis/build/icyphy/ptII/ptolemy/actor/lib/test/auto/LevelCrossTest4.xml (RunModel)" time="0.012" />
  <testcase classname="ptolemy.util.test.junit.AutoTests" name="[200] /home/travis/build/icyphy/ptII/ptolemy/actor/lib/test/auto/LevelCrossTest5.xml (RunModel)" time="0.015" />
  <testcase classname="ptolemy.util.test.junit.AutoTests" name="[201] /home/travis/build/icyphy/ptII/ptolemy/actor/lib/test/auto/LevelCrossTest6.xml (RunModel)" time="0.014" />
  <testcase classname="ptolemy.util.test.junit.AutoTests" name="[202] /home/travis/build/icyphy/ptII/ptolemy/actor/lib/test/auto/LevelCrossTest7.xml (RunModel)" time="0.022" />
  <testcase classname="ptolemy.util.test.junit.AutoTests" name="[203] /home/travis/build/icyphy/ptII/ptolemy/actor/lib/test/auto/LevelCrossTest8.xml (RunModel)" time="0.015" />
  <testcase classname="ptolemy.util.test.junit.AutoTests" name="[204] /home/travis/build/icyphy/ptII/ptolemy/actor/lib/test/auto/LevelCrossTest9.xml (RunModel)" time="0.016" />
  <testcase classname="ptolemy.util.test.junit.AutoTests" name="[205] /home/travis/build/icyphy/ptII/ptolemy/actor/lib/test/auto/LevinsonDurbin.xml (RunModel)" time="0.012" />
  <testcase classname="ptolemy.util.test.junit.AutoTests" name="[206] /home/travis/build/icyphy/ptII/ptolemy/actor/lib/test/auto/LevinsonDurbin2.xml (RunModel)" time="0.011" />
  <testcase classname="ptolemy.util.test.junit.AutoTests" name="[207] /home/travis/build/icyphy/ptII/ptolemy/actor/lib/test/auto/LevinsonDurbin3.xml (RunModel)" time="0.014" />
  <testcase classname="ptolemy.util.test.junit.AutoTests" name="[208] /home/travis/build/icyphy/ptII/ptolemy/actor/lib/test/auto/Limiter.xml (RunModel)" time="0.043" />
  <testcase classname="ptolemy.util.test.junit.AutoTests" name="[209] /home/travis/build/icyphy/ptII/ptolemy/actor/lib/test/auto/LinearDifferenceEquationSystem.xml (RunModel)" time="0.025" />
  <testcase classname="ptolemy.util.test.junit.AutoTests" name="[210] /home/travis/build/icyphy/ptII/ptolemy/actor/lib/test/auto/LookupTable.xml (RunModel)" time="0.025" />
  <testcase classname="ptolemy.util.test.junit.AutoTests" name="[211] /home/travis/build/icyphy/ptII/ptolemy/actor/lib/test/auto/MathFunction.xml (RunModel)" time="0.03" />
  <testcase classname="ptolemy.util.test.junit.AutoTests" name="[212] /home/travis/build/icyphy/ptII/ptolemy/actor/lib/test/auto/MathFunction2.xml (RunModel)" time="0.017" />
  <testcase classname="ptolemy.util.test.junit.AutoTests" name="[213] /home/travis/build/icyphy/ptII/ptolemy/actor/lib/test/auto/MathFunction3.xml (RunModel)" time="0.022" />
  <testcase classname="ptolemy.util.test.junit.AutoTests" name="[214] /home/travis/build/icyphy/ptII/ptolemy/actor/lib/test/auto/MatrixCropBoolean.xml (RunModel)" time="0.017" />
  <testcase classname="ptolemy.util.test.junit.AutoTests" name="[215] /home/travis/build/icyphy/ptII/ptolemy/actor/lib/test/auto/MatrixCropComplex.xml (RunModel)" time="0.013" />
  <testcase classname="ptolemy.util.test.junit.AutoTests" name="[216] /home/travis/build/icyphy/ptII/ptolemy/actor/lib/test/auto/MatrixCropDouble.xml (RunModel)" time="0.012" />
  <testcase classname="ptolemy.util.test.junit.AutoTests" name="[217] /home/travis/build/icyphy/ptII/ptolemy/actor/lib/test/auto/MatrixCropFix.xml (RunModel)" time="0.016" />
  <testcase classname="ptolemy.util.test.junit.AutoTests" name="[218] /home/travis/build/icyphy/ptII/ptolemy/actor/lib/test/auto/MatrixCropInt.xml (RunModel)" time="0.014" />
  <testcase classname="ptolemy.util.test.junit.AutoTests" name="[219] /home/travis/build/icyphy/ptII/ptolemy/actor/lib/test/auto/MatrixCropLong.xml (RunModel)" time="0.011" />
  <testcase classname="ptolemy.util.test.junit.AutoTests" name="[220] /home/travis/build/icyphy/ptII/ptolemy/actor/lib/test/auto/MatrixToArray.xml (RunModel)" time="0.045" />
  <testcase classname="ptolemy.util.test.junit.AutoTests" name="[221] /home/travis/build/icyphy/ptII/ptolemy/actor/lib/test/auto/MaxIndex.xml (RunModel)" time="0.013" />
  <testcase classname="ptolemy.util.test.junit.AutoTests" name="[222] /home/travis/build/icyphy/ptII/ptolemy/actor/lib/test/auto/Maximum.xml (RunModel)" time="0.016" />
  <testcase classname="ptolemy.util.test.junit.AutoTests" name="[223] /home/travis/build/icyphy/ptII/ptolemy/actor/lib/test/auto/MaximumComplex.xml (RunModel)" time="0.017" />
  <testcase classname="ptolemy.util.test.junit.AutoTests" name="[224] /home/travis/build/icyphy/ptII/ptolemy/actor/lib/test/auto/MethodCallTest.xml (RunModel)" time="0.029" />
  <testcase classname="ptolemy.util.test.junit.AutoTests" name="[225] /home/travis/build/icyphy/ptII/ptolemy/actor/lib/test/auto/Minimum.xml (RunModel)" time="0.017" />
  <testcase classname="ptolemy.util.test.junit.AutoTests" name="[226] /home/travis/build/icyphy/ptII/ptolemy/actor/lib/test/auto/MinimumComplex.xml (RunModel)" time="0.03" />
  <testcase classname="ptolemy.util.test.junit.AutoTests" name="[227] /home/travis/build/icyphy/ptII/ptolemy/actor/lib/test/auto/MinimumMultiports.xml (RunModel)" time="0.025" />
  <testcase classname="ptolemy.util.test.junit.AutoTests" name="[228] /home/travis/build/icyphy/ptII/ptolemy/actor/lib/test/auto/ModifyDate.xml (RunModel)" time="0.043" />
  <testcase classname="ptolemy.util.test.junit.AutoTests" name="[229] /home/travis/build/icyphy/ptII/ptolemy/actor/lib/test/auto/ModifyDate2.xml (RunModel)" time="0.037" />
  <testcase classname="ptolemy.util.test.junit.AutoTests" name="[230] /home/travis/build/icyphy/ptII/ptolemy/actor/lib/test/auto/MovingAverage.xml (RunModel)" time="0.03" />
  <testcase classname="ptolemy.util.test.junit.AutoTests" name="[231] /home/travis/build/icyphy/ptII/ptolemy/actor/lib/test/auto/MovingMaximum.xml (RunModel)" time="0.014" />
  <testcase classname="ptolemy.util.test.junit.AutoTests" name="[232] /home/travis/build/icyphy/ptII/ptolemy/actor/lib/test/auto/MultipleLinksToSameRelation.xml (RunModel)" time="0.011" />
  <testcase classname="ptolemy.util.test.junit.AutoTests" name="[233] /home/travis/build/icyphy/ptII/ptolemy/actor/lib/test/auto/MultipleLinksToSameRelationDE.xml (RunModel)" time="0.014" />
  <testcase classname="ptolemy.util.test.junit.AutoTests" name="[234] /home/travis/build/icyphy/ptII/ptolemy/actor/lib/test/auto/Multiplexor.xml (RunModel)" time="0.015" />
  <testcase classname="ptolemy.util.test.junit.AutoTests" name="[235] /home/travis/build/icyphy/ptII/ptolemy/actor/lib/test/auto/Multiplexor1.xml (RunModel)" time="0.013" />
  <testcase classname="ptolemy.util.test.junit.AutoTests" name="[236] /home/travis/build/icyphy/ptII/ptolemy/actor/lib/test/auto/Multiplexor2.xml (RunModel)" time="0.018" />
  <testcase classname="ptolemy.util.test.junit.AutoTests" name="[237] /home/travis/build/icyphy/ptII/ptolemy/actor/lib/test/auto/Multiplexor3.xml (RunModel)" time="0.017" />
  <testcase classname="ptolemy.util.test.junit.AutoTests" name="[238] /home/travis/build/icyphy/ptII/ptolemy/actor/lib/test/auto/MultiplexorDE.xml (RunModel)" time="0.027" />
  <testcase classname="ptolemy.util.test.junit.AutoTests" name="[239] /home/travis/build/icyphy/ptII/ptolemy/actor/lib/test/auto/MultiportBroadcastTest.xml (RunModel)" time="0.106" />
  <testcase classname="ptolemy.util.test.junit.AutoTests" name="[240] /home/travis/build/icyphy/ptII/ptolemy/actor/lib/test/auto/MultiportOutHangDuringGetWidth.xml (RunModel)" time="0.042" />
  <testcase classname="ptolemy.util.test.junit.AutoTests" name="[241] /home/travis/build/icyphy/ptII/ptolemy/actor/lib/test/auto/NilToken.xml (RunModel)" time="0.015" />
  <testcase classname="ptolemy.util.test.junit.AutoTests" name="[242] /home/travis/build/icyphy/ptII/ptolemy/actor/lib/test/auto/NilTokenNonStrictTest.xml (RunModel)" time="0.014" />
  <testcase classname="ptolemy.util.test.junit.AutoTests" name="[243] /home/travis/build/icyphy/ptII/ptolemy/actor/lib/test/auto/NilTokenRecord.xml (RunModel)" time="0.026" />
  <testcase classname="ptolemy.util.test.junit.AutoTests" name="[244] /home/travis/build/icyphy/ptII/ptolemy/actor/lib/test/auto/NilTokenTypeTest.xml (RunModel)" time="0.033" />
  <testcase classname="ptolemy.util.test.junit.AutoTests" name="[245] /home/travis/build/icyphy/ptII/ptolemy/actor/lib/test/auto/ObjectToken1.xml (RunModel)" time="0.011" />
  <testcase classname="ptolemy.util.test.junit.AutoTests" name="[246] /home/travis/build/icyphy/ptII/ptolemy/actor/lib/test/auto/OrderedMerge.xml (RunModel)" time="0.016" />
  <testcase classname="ptolemy.util.test.junit.AutoTests" name="[247] /home/travis/build/icyphy/ptII/ptolemy/actor/lib/test/auto/OrderedRecordDisassembler.xml (RunModel)" time="0.027" />
  <testcase classname="ptolemy.util.test.junit.AutoTests" name="[248] /home/travis/build/icyphy/ptII/ptolemy/actor/lib/test/auto/OrderedRecordDisassembler2.xml (RunModel)" time="0.022" />
  <testcase classname="ptolemy.util.test.junit.AutoTests" name="[249] /home/travis/build/icyphy/ptII/ptolemy/actor/lib/test/auto/OrderedRecordUpdater.xml (RunModel)" time="0.016" />
  <testcase classname="ptolemy.util.test.junit.AutoTests" name="[250] /home/travis/build/icyphy/ptII/ptolemy/actor/lib/test/auto/OrderedRecordUpdater2.xml (RunModel)" time="0.021" />
  <testcase classname="ptolemy.util.test.junit.AutoTests" name="[251] /home/travis/build/icyphy/ptII/ptolemy/actor/lib/test/auto/PhaseUnwrap.xml (RunModel)" time="0.02" />
  <testcase classname="ptolemy.util.test.junit.AutoTests" name="[252] /home/travis/build/icyphy/ptII/ptolemy/actor/lib/test/auto/PoissonClock.xml (RunModel)" time="0.013" />
  <testcase classname="ptolemy.util.test.junit.AutoTests" name="[253] /home/travis/build/icyphy/ptII/ptolemy/actor/lib/test/auto/PoissonClock2.xml (RunModel)" time="0.009" />
  <testcase classname="ptolemy.util.test.junit.AutoTests" name="[254] /home/travis/build/icyphy/ptII/ptolemy/actor/lib/test/auto/PoissonClock3.xml (RunModel)" time="0.026" />
  <testcase classname="ptolemy.util.test.junit.AutoTests" name="[255] /home/travis/build/icyphy/ptII/ptolemy/actor/lib/test/auto/PubSubWithInitialTokens.xml (RunModel)" time="0.016" />
  <testcase classname="ptolemy.util.test.junit.AutoTests" name="[256] /home/travis/build/icyphy/ptII/ptolemy/actor/lib/test/auto/PubSubWithInitialTokens2.xml (RunModel)" time="0.013" />
  <testcase classname="ptolemy.util.test.junit.AutoTests" name="[257] /home/travis/build/icyphy/ptII/ptolemy/actor/lib/test/auto/PublisherClassNoParameter.xml (RunModel)" time="0.03" />
  <testcase classname="ptolemy.util.test.junit.AutoTests" name="[258] /home/travis/build/icyphy/ptII/ptolemy/actor/lib/test/auto/PublisherClassParameter.xml (RunModel)" time="0.024" />
  <testcase classname="ptolemy.util.test.junit.AutoTests" name="[259] /home/travis/build/icyphy/ptII/ptolemy/actor/lib/test/auto/PublisherNonStrictTest.xml (RunModel)" time="0.017" />
  <testcase classname="ptolemy.util.test.junit.AutoTests" name="[260] /home/travis/build/icyphy/ptII/ptolemy/actor/lib/test/auto/PublisherPort1.xml (RunModel)" time="0.025" />
  <testcase classname="ptolemy.util.test.junit.AutoTests" name="[261] /home/travis/build/icyphy/ptII/ptolemy/actor/lib/test/auto/PublisherPort2.xml (RunModel)" time="0.014" />
  <testcase classname="ptolemy.util.test.junit.AutoTests" name="[262] /home/travis/build/icyphy/ptII/ptolemy/actor/lib/test/auto/PublisherPort3.xml (RunModel)" time="0.013" />
  <testcase classname="ptolemy.util.test.junit.AutoTests" name="[263] /home/travis/build/icyphy/ptII/ptolemy/actor/lib/test/auto/PublisherPort4.xml (RunModel)" time="0.015" />
  <testcase classname="ptolemy.util.test.junit.AutoTests" name="[264] /home/travis/build/icyphy/ptII/ptolemy/actor/lib/test/auto/PublisherPort5.xml (RunModel)" time="0.017" />
  <testcase classname="ptolemy.util.test.junit.AutoTests" name="[265] /home/travis/build/icyphy/ptII/ptolemy/actor/lib/test/auto/PublisherPort5LookAlike.xml (RunModel)" time="0.039" />
  <testcase classname="ptolemy.util.test.junit.AutoTests" name="[266] /home/travis/build/icyphy/ptII/ptolemy/actor/lib/test/auto/PublisherPort6.xml (RunModel)" time="0.017" />
  <testcase classname="ptolemy.util.test.junit.AutoTests" name="[267] /home/travis/build/icyphy/ptII/ptolemy/actor/lib/test/auto/PublisherPort7.xml (RunModel)" time="0.016" />
  <testcase classname="ptolemy.util.test.junit.AutoTests" name="[268] /home/travis/build/icyphy/ptII/ptolemy/actor/lib/test/auto/PublisherPort8.xml (RunModel)" time="0.028" />
  <testcase classname="ptolemy.util.test.junit.AutoTests" name="[269] /home/travis/build/icyphy/ptII/ptolemy/actor/lib/test/auto/PublisherPortSubscriberChannelVariablesAOC2.xml (RunModel)" time="0.038" />
  <testcase classname="ptolemy.util.test.junit.AutoTests" name="[270] /home/travis/build/icyphy/ptII/ptolemy/actor/lib/test/auto/PublisherPortSubscriberOpaqueWidthInference.xml (RunModel)" time="0.017" />
  <testcase classname="ptolemy.util.test.junit.AutoTests" name="[271] /home/travis/build/icyphy/ptII/ptolemy/actor/lib/test/auto/PublisherPortSubscriberPortAdjacent.xml (RunModel)" time="0.022" />
  <testcase classname="ptolemy.util.test.junit.AutoTests" name="[272] /home/travis/build/icyphy/ptII/ptolemy/actor/lib/test/auto/PublisherPortSubscriberPortExpression.xml (RunModel)" time="0.019" />
  <testcase classname="ptolemy.util.test.junit.AutoTests" name="[273] /home/travis/build/icyphy/ptII/ptolemy/actor/lib/test/auto/PublisherPortSubscriberPortOpaqueD3Reverse.xml (RunModel)" time="0.021" />
  <testcase classname="ptolemy.util.test.junit.AutoTests" name="[274] /home/travis/build/icyphy/ptII/ptolemy/actor/lib/test/auto/PublisherPortSubscriberPortOpaqueWidthInference.xml (RunModel)" time="0.017" />
  <testcase classname="ptolemy.util.test.junit.AutoTests" name="[275] /home/travis/build/icyphy/ptII/ptolemy/actor/lib/test/auto/PublisherPortToplevelSubscriberPortAOC.xml (RunModel)" time="0.013" />
  <testcase classname="ptolemy.util.test.junit.AutoTests" name="[276] /home/travis/build/icyphy/ptII/ptolemy/actor/lib/test/auto/PublisherSubscriber.xml (RunModel)" time="0.015" />
  <testcase classname="ptolemy.util.test.junit.AutoTests" name="[277] /home/travis/build/icyphy/ptII/ptolemy/actor/lib/test/auto/PublisherSubscriber10.xml (RunModel)" time="0.024" />
  <testcase classname="ptolemy.util.test.junit.AutoTests" name="[278] /home/travis/build/icyphy/ptII/ptolemy/actor/lib/test/auto/PublisherSubscriber10InitialOutputs.xml (RunModel)" time="0.03" />
  <testcase classname="ptolemy.util.test.junit.AutoTests" name="[279] /home/travis/build/icyphy/ptII/ptolemy/actor/lib/test/auto/PublisherSubscriber11.xml (RunModel)" time="0.018" />
  <testcase classname="ptolemy.util.test.junit.AutoTests" name="[280] /home/travis/build/icyphy/ptII/ptolemy/actor/lib/test/auto/PublisherSubscriber12.xml (RunModel)" time="0.024" />
  <testcase classname="ptolemy.util.test.junit.AutoTests" name="[281] /home/travis/build/icyphy/ptII/ptolemy/actor/lib/test/auto/PublisherSubscriber13.xml (RunModel)" time="0.012" />
  <testcase classname="ptolemy.util.test.junit.AutoTests" name="[282] /home/travis/build/icyphy/ptII/ptolemy/actor/lib/test/auto/PublisherSubscriber14.xml (RunModel)" time="0.037" />
  <testcase classname="ptolemy.util.test.junit.AutoTests" name="[283] /home/travis/build/icyphy/ptII/ptolemy/actor/lib/test/auto/PublisherSubscriber2.xml (RunModel)" time="0.011" />
  <testcase classname="ptolemy.util.test.junit.AutoTests" name="[284] /home/travis/build/icyphy/ptII/ptolemy/actor/lib/test/auto/PublisherSubscriber3.xml (RunModel)" time="0.011" />
  <testcase classname="ptolemy.util.test.junit.AutoTests" name="[285] /home/travis/build/icyphy/ptII/ptolemy/actor/lib/test/auto/PublisherSubscriber4.xml (RunModel)" time="0.009" />
  <testcase classname="ptolemy.util.test.junit.AutoTests" name="[286] /home/travis/build/icyphy/ptII/ptolemy/actor/lib/test/auto/PublisherSubscriber5.xml (RunModel)" time="0.018" />
  <testcase classname="ptolemy.util.test.junit.AutoTests" name="[287] /home/travis/build/icyphy/ptII/ptolemy/actor/lib/test/auto/PublisherSubscriber6.xml (RunModel)" time="0.019" />
  <testcase classname="ptolemy.util.test.junit.AutoTests" name="[288] /home/travis/build/icyphy/ptII/ptolemy/actor/lib/test/auto/PublisherSubscriber7.xml (RunModel)" time="0.026" />
  <testcase classname="ptolemy.util.test.junit.AutoTests" name="[289] /home/travis/build/icyphy/ptII/ptolemy/actor/lib/test/auto/PublisherSubscriber8.xml (RunModel)" time="0.042" />
  <testcase classname="ptolemy.util.test.junit.AutoTests" name="[290] /home/travis/build/icyphy/ptII/ptolemy/actor/lib/test/auto/PublisherSubscriber9.xml (RunModel)" time="0.019" />
  <testcase classname="ptolemy.util.test.junit.AutoTests" name="[291] /home/travis/build/icyphy/ptII/ptolemy/actor/lib/test/auto/PublisherSubscriberAdjacent.xml (RunModel)" time="0.023" />
  <testcase classname="ptolemy.util.test.junit.AutoTests" name="[292] /home/travis/build/icyphy/ptII/ptolemy/actor/lib/test/auto/PublisherSubscriberChannelVariablesAOC2.xml (RunModel)" time="0.032" />
  <testcase classname="ptolemy.util.test.junit.AutoTests" name="[293] /home/travis/build/icyphy/ptII/ptolemy/actor/lib/test/auto/PublisherSubscriberD3.xml (RunModel)" time="0.026" />
  <testcase classname="ptolemy.util.test.junit.AutoTests" name="[294] /home/travis/build/icyphy/ptII/ptolemy/actor/lib/test/auto/PublisherSubscriberD3Reverse.xml (RunModel)" time="0.011" />
  <testcase classname="ptolemy.util.test.junit.AutoTests" name="[295] /home/travis/build/icyphy/ptII/ptolemy/actor/lib/test/auto/PublisherSubscriberExpression.xml (RunModel)" time="0.021" />
  <testcase classname="ptolemy.util.test.junit.AutoTests" name="[296] /home/travis/build/icyphy/ptII/ptolemy/actor/lib/test/auto/PublisherSubscriberOpaque.xml (RunModel)" time="0.017" />
  <testcase classname="ptolemy.util.test.junit.AutoTests" name="[297] /home/travis/build/icyphy/ptII/ptolemy/actor/lib/test/auto/PublisherSubscriberOpaqueD3.xml (RunModel)" time="0.023" />
  <testcase classname="ptolemy.util.test.junit.AutoTests" name="[298] /home/travis/build/icyphy/ptII/ptolemy/actor/lib/test/auto/PublisherSubscriberOpaqueD3Reverse.xml (RunModel)" time="0.023" />
  <testcase classname="ptolemy.util.test.junit.AutoTests" name="[299] /home/travis/build/icyphy/ptII/ptolemy/actor/lib/test/auto/PublisherSubscriberOpaqueWidthInference.xml (RunModel)" time="0.017" />
  <testcase classname="ptolemy.util.test.junit.AutoTests" name="[300] /home/travis/build/icyphy/ptII/ptolemy/actor/lib/test/auto/PublisherTestSubscriber.xml (RunModel)" time="0.019" />
  <testcase classname="ptolemy.util.test.junit.AutoTests" name="[301] /home/travis/build/icyphy/ptII/ptolemy/actor/lib/test/auto/PublisherToplevelSubscriberPortAOC.xml (RunModel)" time="0.012" />
  <testcase classname="ptolemy.util.test.junit.AutoTests" name="[302] /home/travis/build/icyphy/ptII/ptolemy/actor/lib/test/auto/PulseFiringLimitDE.xml (RunModel)" time="0.017" />
  <testcase classname="ptolemy.util.test.junit.AutoTests" name="[303] /home/travis/build/icyphy/ptII/ptolemy/actor/lib/test/auto/Ramp1.xml (RunModel)" time="0.009" />
  <testcase classname="ptolemy.util.test.junit.AutoTests" name="[304] /home/travis/build/icyphy/ptII/ptolemy/actor/lib/test/auto/RampFiringLimitDE.xml (RunModel)" time="0.012" />
  <testcase classname="ptolemy.util.test.junit.AutoTests" name="[305] /home/travis/build/icyphy/ptII/ptolemy/actor/lib/test/auto/RampFiringLimitSDF.xml (RunModel)" time="0.011" />
  <testcase classname="ptolemy.util.test.junit.AutoTests" name="[306] /home/travis/build/icyphy/ptII/ptolemy/actor/lib/test/auto/RandomInteger.xml (RunModel)" time="0.012" />
  <testcase classname="ptolemy.util.test.junit.AutoTests" name="[307] /home/travis/build/icyphy/ptII/ptolemy/actor/lib/test/auto/ReadFile1.xml (RunModel)" time="0.01" />
  <testcase classname="ptolemy.util.test.junit.AutoTests" name="[308] /home/travis/build/icyphy/ptII/ptolemy/actor/lib/test/auto/ReadFile2.xml (RunModel)" time="0.01" />
  <testcase classname="ptolemy.util.test.junit.AutoTests" name="[309] /home/travis/build/icyphy/ptII/ptolemy/actor/lib/test/auto/Reader.xml (RunModel)" time="0.015" />
  <testcase classname="ptolemy.util.test.junit.AutoTests" name="[310] /home/travis/build/icyphy/ptII/ptolemy/actor/lib/test/auto/RecordAssemblerDisplayNameTest.xml (RunModel)" time="4.601" />
  <testcase classname="ptolemy.util.test.junit.AutoTests" name="[311] /home/travis/build/icyphy/ptII/ptolemy/actor/lib/test/auto/RecordAssemblerTypeError.xml (RunModel)" time="0.04" />
  <testcase classname="ptolemy.util.test.junit.AutoTests" name="[312] /home/travis/build/icyphy/ptII/ptolemy/actor/lib/test/auto/RecordDisassember.xml (RunModel)" time="0.016" />
  <testcase classname="ptolemy.util.test.junit.AutoTests" name="[313] /home/travis/build/icyphy/ptII/ptolemy/actor/lib/test/auto/RecordDisassemberDisplayNameTest.xml (RunModel)" time="0.024" />
  <testcase classname="ptolemy.util.test.junit.AutoTests" name="[314] /home/travis/build/icyphy/ptII/ptolemy/actor/lib/test/auto/RecordDisassembler.xml (RunModel)" time="0.011" />
  <testcase classname="ptolemy.util.test.junit.AutoTests" name="[315] /home/travis/build/icyphy/ptII/ptolemy/actor/lib/test/auto/RecordDisassembler2.xml (RunModel)" time="0.012" />
  <testcase classname="ptolemy.util.test.junit.AutoTests" name="[316] /home/travis/build/icyphy/ptII/ptolemy/actor/lib/test/auto/RecordUpdater.xml (RunModel)" time="0.015" />
  <testcase classname="ptolemy.util.test.junit.AutoTests" name="[317] /home/travis/build/icyphy/ptII/ptolemy/actor/lib/test/auto/RecordUpdater2.xml (RunModel)" time="0.01" />
  <testcase classname="ptolemy.util.test.junit.AutoTests" name="[318] /home/travis/build/icyphy/ptII/ptolemy/actor/lib/test/auto/RecursiveLattice.xml (RunModel)" time="0.009" />
  <testcase classname="ptolemy.util.test.junit.AutoTests" name="[319] /home/travis/build/icyphy/ptII/ptolemy/actor/lib/test/auto/Router.xml (RunModel)" time="3.029" />
  <testcase classname="ptolemy.util.test.junit.AutoTests" name="[320] /home/travis/build/icyphy/ptII/ptolemy/actor/lib/test/auto/Router2.xml (RunModel)" time="3.032" />
  <testcase classname="ptolemy.util.test.junit.AutoTests" name="[321] /home/travis/build/icyphy/ptII/ptolemy/actor/lib/test/auto/RunningMaximum.xml (RunModel)" time="0.021" />
  <testcase classname="ptolemy.util.test.junit.AutoTests" name="[322] /home/travis/build/icyphy/ptII/ptolemy/actor/lib/test/auto/RunningMinimum.xml (RunModel)" time="0.019" />
  <testcase classname="ptolemy.util.test.junit.AutoTests" name="[323] /home/travis/build/icyphy/ptII/ptolemy/actor/lib/test/auto/Scale.xml (RunModel)" time="0.009" />
  <testcase classname="ptolemy.util.test.junit.AutoTests" name="[324] /home/travis/build/icyphy/ptII/ptolemy/actor/lib/test/auto/Scale2.xml (RunModel)" time="0.011" />
  <testcase classname="ptolemy.util.test.junit.AutoTests" name="[325] /home/travis/build/icyphy/ptII/ptolemy/actor/lib/test/auto/Scale3.xml (RunModel)" time="0.014" />
  <testcase classname="ptolemy.util.test.junit.AutoTests" name="[326] /home/travis/build/icyphy/ptII/ptolemy/actor/lib/test/auto/ScaleArray.xml (RunModel)" time="0.009" />
  <testcase classname="ptolemy.util.test.junit.AutoTests" name="[327] /home/travis/build/icyphy/ptII/ptolemy/actor/lib/test/auto/ScaleArray2.xml (RunModel)" time="0.008" />
  <testcase classname="ptolemy.util.test.junit.AutoTests" name="[328] /home/travis/build/icyphy/ptII/ptolemy/actor/lib/test/auto/ScaleMatrix.xml (RunModel)" time="0.205" />
  <testcase classname="ptolemy.util.test.junit.AutoTests" name="[329] /home/travis/build/icyphy/ptII/ptolemy/actor/lib/test/auto/Select.xml (RunModel)" time="0.017" />
  <testcase classname="ptolemy.util.test.junit.AutoTests" name="[330] /home/travis/build/icyphy/ptII/ptolemy/actor/lib/test/auto/Select2.xml (RunModel)" time="0.009" />
  <testcase classname="ptolemy.util.test.junit.AutoTests" name="[331] /home/travis/build/icyphy/ptII/ptolemy/actor/lib/test/auto/SequenceToArray2.xml (RunModel)" time="0.157" />
  <testcase classname="ptolemy.util.test.junit.AutoTests" name="[332] /home/travis/build/icyphy/ptII/ptolemy/actor/lib/test/auto/SequentialClock.xml (RunModel)" time="0.012" />
  <testcase classname="ptolemy.util.test.junit.AutoTests" name="[333] /home/travis/build/icyphy/ptII/ptolemy/actor/lib/test/auto/SetVariable.xml (RunModel)" time="0.013" />
  <testcase classname="ptolemy.util.test.junit.AutoTests" name="[334] /home/travis/build/icyphy/ptII/ptolemy/actor/lib/test/auto/SetVariable2.xml (RunModel)" time="0.01" />
  <testcase classname="ptolemy.util.test.junit.AutoTests" name="[335] /home/travis/build/icyphy/ptII/ptolemy/actor/lib/test/auto/SetVariable3.xml (RunModel)" time="0.018" />
  <testcase classname="ptolemy.util.test.junit.AutoTests" name="[336] /home/travis/build/icyphy/ptII/ptolemy/actor/lib/test/auto/SetVariable4.xml (RunModel)" time="0.023" />
  <testcase classname="ptolemy.util.test.junit.AutoTests" name="[337] /home/travis/build/icyphy/ptII/ptolemy/actor/lib/test/auto/SetVariable5.xml (RunModel)" time="0.043" />
  <testcase classname="ptolemy.util.test.junit.AutoTests" name="[338] /home/travis/build/icyphy/ptII/ptolemy/actor/lib/test/auto/Sinewave.xml (RunModel)" time="0.026" />
  <testcase classname="ptolemy.util.test.junit.AutoTests" name="[339] /home/travis/build/icyphy/ptII/ptolemy/actor/lib/test/auto/Sinewave2.xml (RunModel)" time="0.016" />
  <testcase classname="ptolemy.util.test.junit.AutoTests" name="[340] /home/travis/build/icyphy/ptII/ptolemy/actor/lib/test/auto/Sinewave3.xml (RunModel)" time="0.023" />
  <testcase classname="ptolemy.util.test.junit.AutoTests" name="[341] /home/travis/build/icyphy/ptII/ptolemy/actor/lib/test/auto/SingleEvent.xml (RunModel)" time="0.007" />
  <testcase classname="ptolemy.util.test.junit.AutoTests" name="[342] /home/travis/build/icyphy/ptII/ptolemy/actor/lib/test/auto/Sleep.xml (RunModel)" time="6.022" />
  <testcase classname="ptolemy.util.test.junit.AutoTests" name="[343] /home/travis/build/icyphy/ptII/ptolemy/actor/lib/test/auto/SleepMultipleFire.xml (RunModel)" time="1.038" />
  <testcase classname="ptolemy.util.test.junit.AutoTests" name="[344] /home/travis/build/icyphy/ptII/ptolemy/actor/lib/test/auto/StopDE.xml (RunModel)" time="0.037" />
  <testcase classname="ptolemy.util.test.junit.AutoTests" name="[345] /home/travis/build/icyphy/ptII/ptolemy/actor/lib/test/auto/StopSDF.xml (RunModel)" time="0.019" />
  <testcase classname="ptolemy.util.test.junit.AutoTests" name="[346] /home/travis/build/icyphy/ptII/ptolemy/actor/lib/test/auto/StringConstant.xml (RunModel)" time="0.019" />
  <testcase classname="ptolemy.util.test.junit.AutoTests" name="[347] /home/travis/build/icyphy/ptII/ptolemy/actor/lib/test/auto/SubscriberPortInitialValues1.xml (RunModel)" time="0.027" />
  <testcase classname="ptolemy.util.test.junit.AutoTests" name="[348] /home/travis/build/icyphy/ptII/ptolemy/actor/lib/test/auto/SubscriberPortInitialValues13.xml (RunModel)" time="0.03" />
  <testcase classname="ptolemy.util.test.junit.AutoTests" name="[349] /home/travis/build/icyphy/ptII/ptolemy/actor/lib/test/auto/SubscriberPortInitialValues14.xml (RunModel)" time="0.019" />
  <testcase classname="ptolemy.util.test.junit.AutoTests" name="[350] /home/travis/build/icyphy/ptII/ptolemy/actor/lib/test/auto/SubscriberPortInitialValues2.xml (RunModel)" time="0.017" />
  <testcase classname="ptolemy.util.test.junit.AutoTests" name="[351] /home/travis/build/icyphy/ptII/ptolemy/actor/lib/test/auto/SubscriberPortInitialValues3.xml (RunModel)" time="0.019" />
  <testcase classname="ptolemy.util.test.junit.AutoTests" name="[352] /home/travis/build/icyphy/ptII/ptolemy/actor/lib/test/auto/SubscriptionAggregator.xml (RunModel)" time="0.012" />
  <testcase classname="ptolemy.util.test.junit.AutoTests" name="[353] /home/travis/build/icyphy/ptII/ptolemy/actor/lib/test/auto/SubscriptionAggregator2.xml (RunModel)" time="0.012" />
  <testcase classname="ptolemy.util.test.junit.AutoTests" name="[354] /home/travis/build/icyphy/ptII/ptolemy/actor/lib/test/auto/SubscriptionAggregator3.xml (RunModel)" time="0.016" />
  <testcase classname="ptolemy.util.test.junit.AutoTests" name="[355] /home/travis/build/icyphy/ptII/ptolemy/actor/lib/test/auto/SubscriptionAggregatorMultiply.xml (RunModel)" time="0.015" />
  <testcase classname="ptolemy.util.test.junit.AutoTests" name="[356] /home/travis/build/icyphy/ptII/ptolemy/actor/lib/test/auto/SubscriptionAggregatorPortMultiply1.xml (RunModel)" time="0.015" />
  <testcase classname="ptolemy.util.test.junit.AutoTests" name="[357] /home/travis/build/icyphy/ptII/ptolemy/actor/lib/test/auto/Switch.xml (RunModel)" time="0.023" />
  <testcase classname="ptolemy.util.test.junit.AutoTests" name="[358] /home/travis/build/icyphy/ptII/ptolemy/actor/lib/test/auto/Switch2.xml (RunModel)" time="0.011" />
  <testcase classname="ptolemy.util.test.junit.AutoTests" name="[359] /home/travis/build/icyphy/ptII/ptolemy/actor/lib/test/auto/SwitchDE.xml (RunModel)" time="0.018" />
  <testcase classname="ptolemy.util.test.junit.AutoTests" name="[360] /home/travis/build/icyphy/ptII/ptolemy/actor/lib/test/auto/SynchronizerDE.xml (RunModel)" time="0.023" />
  <testcase classname="ptolemy.util.test.junit.AutoTests" name="[361] /home/travis/build/icyphy/ptII/ptolemy/actor/lib/test/auto/Test.xml (RunModel)" time="0.029" />
  <testcase classname="ptolemy.util.test.junit.AutoTests" name="[362] /home/travis/build/icyphy/ptII/ptolemy/actor/lib/test/auto/TestExceptionAttribute1.xml (RunModel)" time="0.016" />
  <testcase classname="ptolemy.util.test.junit.AutoTests" name="[363] /home/travis/build/icyphy/ptII/ptolemy/actor/lib/test/auto/TestExceptionAttribute2.xml (RunModel)" time="0.009" />
  <testcase classname="ptolemy.util.test.junit.AutoTests" name="[364] /home/travis/build/icyphy/ptII/ptolemy/actor/lib/test/auto/TestExceptionAttribute3.xml (RunModel)" time="0.014" />
  <testcase classname="ptolemy.util.test.junit.AutoTests" name="[365] /home/travis/build/icyphy/ptII/ptolemy/actor/lib/test/auto/TestExceptionAttribute4.xml (RunModel)" time="0.014" />
  <testcase classname="ptolemy.util.test.junit.AutoTests" name="[366] /home/travis/build/icyphy/ptII/ptolemy/actor/lib/test/auto/TestExceptionHandler1.xml (RunModel)" time="0.008" />
  <testcase classname="ptolemy.util.test.junit.AutoTests" name="[367] /home/travis/build/icyphy/ptII/ptolemy/actor/lib/test/auto/TestExceptionHandler2.xml (RunModel)" time="0.01" />
  <testcase classname="ptolemy.util.test.junit.AutoTests" name="[368] /home/travis/build/icyphy/ptII/ptolemy/actor/lib/test/auto/TestExceptionHandler3.xml (RunModel)" time="0.007" />
  <testcase classname="ptolemy.util.test.junit.AutoTests" name="[369] /home/travis/build/icyphy/ptII/ptolemy/actor/lib/test/auto/TestExceptionHandler4.xml (RunModel)" time="0.008" />
  <testcase classname="ptolemy.util.test.junit.AutoTests" name="[370] /home/travis/build/icyphy/ptII/ptolemy/actor/lib/test/auto/TestRequireCorrectOrder.xml (RunModel)" time="0.018" />
  <testcase classname="ptolemy.util.test.junit.AutoTests" name="[371] /home/travis/build/icyphy/ptII/ptolemy/actor/lib/test/auto/TestSimple.xml (RunModel)" time="0.011" />
  <testcase classname="ptolemy.util.test.junit.AutoTests" name="[372] /home/travis/build/icyphy/ptII/ptolemy/actor/lib/test/auto/ThrowModelError.xml (RunModel)" time="0.012" />
  <testcase classname="ptolemy.util.test.junit.AutoTests" name="[373] /home/travis/build/icyphy/ptII/ptolemy/actor/lib/test/auto/TimeDelayMicrosteps.xml (RunModel)" time="0.018" />
  <testcase classname="ptolemy.util.test.junit.AutoTests" name="[374] /home/travis/build/icyphy/ptII/ptolemy/actor/lib/test/auto/TimeDelayMicrosteps2.xml (RunModel)" time="0.017" />
  <testcase classname="ptolemy.util.test.junit.AutoTests" name="[375] /home/travis/build/icyphy/ptII/ptolemy/actor/lib/test/auto/TimeDelayMicrosteps3.xml (RunModel)" time="0.014" />
  <testcase classname="ptolemy.util.test.junit.AutoTests" name="[376] /home/travis/build/icyphy/ptII/ptolemy/actor/lib/test/auto/TimeDelayVariableMicrosteps.xml (RunModel)" time="0.014" />
  <testcase classname="ptolemy.util.test.junit.AutoTests" name="[377] /home/travis/build/icyphy/ptII/ptolemy/actor/lib/test/auto/TimeGap.xml (RunModel)" time="0.017" />
  <testcase classname="ptolemy.util.test.junit.AutoTests" name="[378] /home/travis/build/icyphy/ptII/ptolemy/actor/lib/test/auto/TimeGap2.xml (RunModel)" time="0.015" />
  <testcase classname="ptolemy.util.test.junit.AutoTests" name="[379] /home/travis/build/icyphy/ptII/ptolemy/actor/lib/test/auto/TimedSinewave.xml (RunModel)" time="0.061" />
  <testcase classname="ptolemy.util.test.junit.AutoTests" name="[380] /home/travis/build/icyphy/ptII/ptolemy/actor/lib/test/auto/TimedSinewavePhase.xml (RunModel)" time="0.054" />
  <testcase classname="ptolemy.util.test.junit.AutoTests" name="[381] /home/travis/build/icyphy/ptII/ptolemy/actor/lib/test/auto/Timer.xml (RunModel)" time="0.015" />
  <testcase classname="ptolemy.util.test.junit.AutoTests" name="[382] /home/travis/build/icyphy/ptII/ptolemy/actor/lib/test/auto/TriangularDistTestModel.xml (RunModel)" time="0.021" />
  <testcase classname="ptolemy.util.test.junit.AutoTests" name="[383] /home/travis/build/icyphy/ptII/ptolemy/actor/lib/test/auto/TrigFunction.xml (RunModel)" time="0.011" />
  <testcase classname="ptolemy.util.test.junit.AutoTests" name="[384] /home/travis/build/icyphy/ptII/ptolemy/actor/lib/test/auto/TrigFunctionDE.xml (RunModel)" time="0.013" />
  <testcase classname="ptolemy.util.test.junit.AutoTests" name="[385] /home/travis/build/icyphy/ptII/ptolemy/actor/lib/test/auto/TrigFunctionInverse.xml (RunModel)" time="0.01" />
  <testcase classname="ptolemy.util.test.junit.AutoTests" name="[386] /home/travis/build/icyphy/ptII/ptolemy/actor/lib/test/auto/TrigFunctionTan.xml (RunModel)" time="0.007" />
  <testcase classname="ptolemy.util.test.junit.AutoTests" name="[387] /home/travis/build/icyphy/ptII/ptolemy/actor/lib/test/auto/TriggeredClock.xml (RunModel)" time="0.01" />
  <testcase classname="ptolemy.util.test.junit.AutoTests" name="[388] /home/travis/build/icyphy/ptII/ptolemy/actor/lib/test/auto/URLDirectoryReader.xml (RunModel)" time="0.124" />
  <testcase classname="ptolemy.util.test.junit.AutoTests" name="[389] /home/travis/build/icyphy/ptII/ptolemy/actor/lib/test/auto/URLDirectoryReader3.xml (RunModel)" time="1.388" />
  <testcase classname="ptolemy.util.test.junit.AutoTests" name="[390] /home/travis/build/icyphy/ptII/ptolemy/actor/lib/test/auto/UnaryMathFunction.xml (RunModel)" time="0.029" />
  <testcase classname="ptolemy.util.test.junit.AutoTests" name="[391] /home/travis/build/icyphy/ptII/ptolemy/actor/lib/test/auto/Uniform.xml (RunModel)" time="0.015" />
  <testcase classname="ptolemy.util.test.junit.AutoTests" name="[392] /home/travis/build/icyphy/ptII/ptolemy/actor/lib/test/auto/UnionDisassemblerTest.xml (RunModel)" time="0.009" />
  <testcase classname="ptolemy.util.test.junit.AutoTests" name="[393] /home/travis/build/icyphy/ptII/ptolemy/actor/lib/test/auto/UtilityFunctions.xml (RunModel)" time="0.008" />
  <testcase classname="ptolemy.util.test.junit.AutoTests" name="[394] /home/travis/build/icyphy/ptII/ptolemy/actor/lib/test/auto/VariableSleep.xml (RunModel)" time="0.514" />
  <testcase classname="ptolemy.util.test.junit.AutoTests" name="[395] /home/travis/build/icyphy/ptII/ptolemy/actor/lib/test/auto/VectorAssemblerDisassemblerCT.xml (RunModel)" time="0.139" />
  <testcase classname="ptolemy.util.test.junit.AutoTests" name="[396] /home/travis/build/icyphy/ptII/ptolemy/actor/lib/test/auto/VectorAssemblerDisassemblerDE.xml (RunModel)" time="0.014" />
  <testcase classname="ptolemy.util.test.junit.AutoTests" name="[397] /home/travis/build/icyphy/ptII/ptolemy/actor/lib/test/auto/VectorAssemblerDisassemblerSDF.xml (RunModel)" time="0.015" />
  <testcase classname="ptolemy.util.test.junit.AutoTests" name="[398] /home/travis/build/icyphy/ptII/ptolemy/actor/lib/test/auto/WallClockTime.xml (RunModel)" time="1.015" />
  <testcase classname="ptolemy.util.test.junit.AutoTests" name="[399] /home/travis/build/icyphy/ptII/ptolemy/actor/lib/test/auto/WidthTestWithSubscriberPublisher.xml (RunModel)" time="0.043" />
  <testcase classname="ptolemy.util.test.junit.AutoTests" name="[400] /home/travis/build/icyphy/ptII/ptolemy/actor/lib/test/auto/WidthTestWithSubscriberPublisher2.xml (RunModel)" time="0.021" />
  <testcase classname="ptolemy.util.test.junit.AutoTests" name="[401] /home/travis/build/icyphy/ptII/ptolemy/actor/lib/test/auto/WidthTestWithSubscriberPublisher3.xml (RunModel)" time="0.015" />
  <testcase classname="ptolemy.util.test.junit.AutoTests" name="[402] /home/travis/build/icyphy/ptII/ptolemy/actor/lib/test/auto/Writer.xml (RunModel)" time="0.009" />
  <testcase classname="ptolemy.util.test.junit.AutoTests" name="[403] /home/travis/build/icyphy/ptII/ptolemy/actor/lib/test/auto/array.xml (RunModel)" time="0.01" />
  <testcase classname="ptolemy.util.test.junit.AutoTests" name="[404] /home/travis/build/icyphy/ptII/ptolemy/actor/lib/test/auto/array2.xml (RunModel)" time="0.014" />
  <testcase classname="ptolemy.util.test.junit.AutoTests" name="[405] /home/travis/build/icyphy/ptII/ptolemy/actor/lib/test/auto/arrayType.xml (RunModel)" time="0.012" />
  <testcase classname="ptolemy.util.test.junit.AutoTests" name="[406] /home/travis/build/icyphy/ptII/ptolemy/actor/lib/test/auto/arrayType10.xml (RunModel)" time="0.01" />
  <testcase classname="ptolemy.util.test.junit.AutoTests" name="[407] /home/travis/build/icyphy/ptII/ptolemy/actor/lib/test/auto/arrayType11.xml (RunModel)" time="0.009" />
  <testcase classname="ptolemy.util.test.junit.AutoTests" name="[408] /home/travis/build/icyphy/ptII/ptolemy/actor/lib/test/auto/arrayType12.xml (RunModel)" time="0.012" />
  <testcase classname="ptolemy.util.test.junit.AutoTests" name="[409] /home/travis/build/icyphy/ptII/ptolemy/actor/lib/test/auto/arrayType13.xml (RunModel)" time="0.011" />
  <testcase classname="ptolemy.util.test.junit.AutoTests" name="[410] /home/travis/build/icyphy/ptII/ptolemy/actor/lib/test/auto/arrayType14.xml (RunModel)" time="0.014" />
  <testcase classname="ptolemy.util.test.junit.AutoTests" name="[411] /home/travis/build/icyphy/ptII/ptolemy/actor/lib/test/auto/arrayType15.xml (RunModel)" time="0.013" />
  <testcase classname="ptolemy.util.test.junit.AutoTests" name="[412] /home/travis/build/icyphy/ptII/ptolemy/actor/lib/test/auto/arrayType16.xml (RunModel)" time="0.011" />
  <testcase classname="ptolemy.util.test.junit.AutoTests" name="[413] /home/travis/build/icyphy/ptII/ptolemy/actor/lib/test/auto/arrayType17.xml (RunModel)" time="0.011" />
  <testcase classname="ptolemy.util.test.junit.AutoTests" name="[414] /home/travis/build/icyphy/ptII/ptolemy/actor/lib/test/auto/arrayType18.xml (RunModel)" time="0.01" />
  <testcase classname="ptolemy.util.test.junit.AutoTests" name="[415] /home/travis/build/icyphy/ptII/ptolemy/actor/lib/test/auto/arrayType19.xml (RunModel)" time="0.01" />
  <testcase classname="ptolemy.util.test.junit.AutoTests" name="[416] /home/travis/build/icyphy/ptII/ptolemy/actor/lib/test/auto/arrayType2.xml (RunModel)" time="0.04" />
  <testcase classname="ptolemy.util.test.junit.AutoTests" name="[417] /home/travis/build/icyphy/ptII/ptolemy/actor/lib/test/auto/arrayType20.xml (RunModel)" time="0.02" />
  <testcase classname="ptolemy.util.test.junit.AutoTests" name="[418] /home/travis/build/icyphy/ptII/ptolemy/actor/lib/test/auto/arrayType21.xml (RunModel)" time="0.01" />
  <testcase classname="ptolemy.util.test.junit.AutoTests" name="[419] /home/travis/build/icyphy/ptII/ptolemy/actor/lib/test/auto/arrayType22.xml (RunModel)" time="0.03" />
  <testcase classname="ptolemy.util.test.junit.AutoTests" name="[420] /home/travis/build/icyphy/ptII/ptolemy/actor/lib/test/auto/arrayType23.xml (RunModel)" time="0.027" />
  <testcase classname="ptolemy.util.test.junit.AutoTests" name="[421] /home/travis/build/icyphy/ptII/ptolemy/actor/lib/test/auto/arrayType24.xml (RunModel)" time="0.04" />
  <testcase classname="ptolemy.util.test.junit.AutoTests" name="[422] /home/travis/build/icyphy/ptII/ptolemy/actor/lib/test/auto/arrayType25.xml (RunModel)" time="0.068" />
  <testcase classname="ptolemy.util.test.junit.AutoTests" name="[423] /home/travis/build/icyphy/ptII/ptolemy/actor/lib/test/auto/arrayType26.xml (RunModel)" time="0.028" />
  <testcase classname="ptolemy.util.test.junit.AutoTests" name="[424] /home/travis/build/icyphy/ptII/ptolemy/actor/lib/test/auto/arrayType27.xml (RunModel)" time="0.03" />
  <testcase classname="ptolemy.util.test.junit.AutoTests" name="[425] /home/travis/build/icyphy/ptII/ptolemy/actor/lib/test/auto/arrayType28.xml (RunModel)" time="0.028" />
  <testcase classname="ptolemy.util.test.junit.AutoTests" name="[426] /home/travis/build/icyphy/ptII/ptolemy/actor/lib/test/auto/arrayType3.xml (RunModel)" time="0.016" />
  <testcase classname="ptolemy.util.test.junit.AutoTests" name="[427] /home/travis/build/icyphy/ptII/ptolemy/actor/lib/test/auto/arrayType4.xml (RunModel)" time="0.011" />
  <testcase classname="ptolemy.util.test.junit.AutoTests" name="[428] /home/travis/build/icyphy/ptII/ptolemy/actor/lib/test/auto/arrayType5.xml (RunModel)" time="0.011" />
  <testcase classname="ptolemy.util.test.junit.AutoTests" name="[429] /home/travis/build/icyphy/ptII/ptolemy/actor/lib/test/auto/arrayType6.xml (RunModel)" time="0.015" />
  <testcase classname="ptolemy.util.test.junit.AutoTests" name="[430] /home/travis/build/icyphy/ptII/ptolemy/actor/lib/test/auto/arrayType7.xml (RunModel)" time="0.041" />
  <testcase classname="ptolemy.util.test.junit.AutoTests" name="[431] /home/travis/build/icyphy/ptII/ptolemy/actor/lib/test/auto/arrayType8.xml (RunModel)" time="0.012" />
  <testcase classname="ptolemy.util.test.junit.AutoTests" name="[432] /home/travis/build/icyphy/ptII/ptolemy/actor/lib/test/auto/arrayType9.xml (RunModel)" time="0.01" />
  <testcase classname="ptolemy.util.test.junit.AutoTests" name="[433] /home/travis/build/icyphy/ptII/ptolemy/actor/lib/test/auto/cast.xml (RunModel)" time="0.01" />
  <testcase classname="ptolemy.util.test.junit.AutoTests" name="[434] /home/travis/build/icyphy/ptII/ptolemy/actor/lib/test/auto/compositeMultiPort.xml (RunModel)" time="0.02" />
  <testcase classname="ptolemy.util.test.junit.AutoTests" name="[435] /home/travis/build/icyphy/ptII/ptolemy/actor/lib/test/auto/expressionCastInference.xml (RunModel)" time="0.01" />
  <testcase classname="ptolemy.util.test.junit.AutoTests" name="[436] /home/travis/build/icyphy/ptII/ptolemy/actor/lib/test/auto/expressionCastInference2.xml (RunModel)" time="0.01" />
  <testcase classname="ptolemy.util.test.junit.AutoTests" name="[437] /home/travis/build/icyphy/ptII/ptolemy/actor/lib/test/auto/expressionInference.xml (RunModel)" time="0.009" />
  <testcase classname="ptolemy.util.test.junit.AutoTests" name="[438] /home/travis/build/icyphy/ptII/ptolemy/actor/lib/test/auto/expression_bug.xml (RunModel)" time="0.009" />
  <testcase classname="ptolemy.util.test.junit.AutoTests" name="[439] /home/travis/build/icyphy/ptII/ptolemy/actor/lib/test/auto/factorial.xml (RunModel)" time="0.058" />
  <testcase classname="ptolemy.util.test.junit.AutoTests" name="[440] /home/travis/build/icyphy/ptII/ptolemy/actor/lib/test/auto/filterTest1.xml (RunModel)" time="0.014" />
  <testcase classname="ptolemy.util.test.junit.AutoTests" name="[441] /home/travis/build/icyphy/ptII/ptolemy/actor/lib/test/auto/funcApplyInConst.xml (RunModel)" time="0.007" />
  <testcase classname="ptolemy.util.test.junit.AutoTests" name="[442] /home/travis/build/icyphy/ptII/ptolemy/actor/lib/test/auto/funcApplyInExpr.xml (RunModel)" time="0.007" />
  <testcase classname="ptolemy.util.test.junit.AutoTests" name="[443] /home/travis/build/icyphy/ptII/ptolemy/actor/lib/test/auto/function.xml (RunModel)" time="0.016" />
  <testcase classname="ptolemy.util.test.junit.AutoTests" name="[444] /home/travis/build/icyphy/ptII/ptolemy/actor/lib/test/auto/function2.xml (RunModel)" time="0.016" />
  <testcase classname="ptolemy.util.test.junit.AutoTests" name="[445] /home/travis/build/icyphy/ptII/ptolemy/actor/lib/test/auto/function3.xml (RunModel)" time="0.009" />
  <testcase classname="ptolemy.util.test.junit.AutoTests" name="[446] /home/travis/build/icyphy/ptII/ptolemy/actor/lib/test/auto/functionClosureTest1.xml (RunModel)" time="0.012" />
  <testcase classname="ptolemy.util.test.junit.AutoTests" name="[447] /home/travis/build/icyphy/ptII/ptolemy/actor/lib/test/auto/functionClosureTest2.xml (RunModel)" time="0.008" />
  <testcase classname="ptolemy.util.test.junit.AutoTests" name="[448] /home/travis/build/icyphy/ptII/ptolemy/actor/lib/test/auto/functionClosureTest3.xml (RunModel)" time="0.011" />
  <testcase classname="ptolemy.util.test.junit.AutoTests" name="[449] /home/travis/build/icyphy/ptII/ptolemy/actor/lib/test/auto/functionClosureTest4.xml (RunModel)" time="0.02" />
  <testcase classname="ptolemy.util.test.junit.AutoTests" name="[450] /home/travis/build/icyphy/ptII/ptolemy/actor/lib/test/auto/functionClosureTest5.xml (RunModel)" time="0.032" />
  <testcase classname="ptolemy.util.test.junit.AutoTests" name="[451] /home/travis/build/icyphy/ptII/ptolemy/actor/lib/test/auto/functionClosureTest6.xml (RunModel)" time="0.01" />
  <testcase classname="ptolemy.util.test.junit.AutoTests" name="[452] /home/travis/build/icyphy/ptII/ptolemy/actor/lib/test/auto/functionsOnArcs.xml (RunModel)" time="0.01" />
  <testcase classname="ptolemy.util.test.junit.AutoTests" name="[453] /home/travis/build/icyphy/ptII/ptolemy/actor/lib/test/auto/functionsOnArcsHOF.xml (RunModel)" time="0.013" />
  <testcase classname="ptolemy.util.test.junit.AutoTests" name="[454] /home/travis/build/icyphy/ptII/ptolemy/actor/lib/test/auto/logic.xml (RunModel)" time="0.025" />
  <testcase classname="ptolemy.util.test.junit.AutoTests" name="[455] /home/travis/build/icyphy/ptII/ptolemy/actor/lib/test/auto/matrixType.xml (RunModel)" time="0.01" />
  <testcase classname="ptolemy.util.test.junit.AutoTests" name="[456] /home/travis/build/icyphy/ptII/ptolemy/actor/lib/test/auto/matrixType10.xml (RunModel)" time="0.01" />
  <testcase classname="ptolemy.util.test.junit.AutoTests" name="[457] /home/travis/build/icyphy/ptII/ptolemy/actor/lib/test/auto/matrixType11.xml (RunModel)" time="0.009" />
  <testcase classname="ptolemy.util.test.junit.AutoTests" name="[458] /home/travis/build/icyphy/ptII/ptolemy/actor/lib/test/auto/matrixType12.xml (RunModel)" time="0.012" />
  <testcase classname="ptolemy.util.test.junit.AutoTests" name="[459] /home/travis/build/icyphy/ptII/ptolemy/actor/lib/test/auto/matrixType13.xml (RunModel)" time="0.01" />
  <testcase classname="ptolemy.util.test.junit.AutoTests" name="[460] /home/travis/build/icyphy/ptII/ptolemy/actor/lib/test/auto/matrixType14.xml (RunModel)" time="0.011" />
  <testcase classname="ptolemy.util.test.junit.AutoTests" name="[461] /home/travis/build/icyphy/ptII/ptolemy/actor/lib/test/auto/matrixType2.xml (RunModel)" time="0.011" />
  <testcase classname="ptolemy.util.test.junit.AutoTests" name="[462] /home/travis/build/icyphy/ptII/ptolemy/actor/lib/test/auto/matrixType3.xml (RunModel)" time="0.012" />
  <testcase classname="ptolemy.util.test.junit.AutoTests" name="[463] /home/travis/build/icyphy/ptII/ptolemy/actor/lib/test/auto/matrixType4.xml (RunModel)" time="0.01" />
  <testcase classname="ptolemy.util.test.junit.AutoTests" name="[464] /home/travis/build/icyphy/ptII/ptolemy/actor/lib/test/auto/matrixType5.xml (RunModel)" time="0.009" />
  <testcase classname="ptolemy.util.test.junit.AutoTests" name="[465] /home/travis/build/icyphy/ptII/ptolemy/actor/lib/test/auto/matrixType6.xml (RunModel)" time="0.01" />
  <testcase classname="ptolemy.util.test.junit.AutoTests" name="[466] /home/travis/build/icyphy/ptII/ptolemy/actor/lib/test/auto/matrixType7.xml (RunModel)" time="0.01" />
  <testcase classname="ptolemy.util.test.junit.AutoTests" name="[467] /home/travis/build/icyphy/ptII/ptolemy/actor/lib/test/auto/matrixType8.xml (RunModel)" time="0.01" />
  <testcase classname="ptolemy.util.test.junit.AutoTests" name="[468] /home/travis/build/icyphy/ptII/ptolemy/actor/lib/test/auto/matrixType9.xml (RunModel)" time="0.01" />
  <testcase classname="ptolemy.util.test.junit.AutoTests" name="[469] /home/travis/build/icyphy/ptII/ptolemy/actor/lib/test/auto/paraFunctest.xml (RunModel)" time="0.009" />
  <testcase classname="ptolemy.util.test.junit.AutoTests" name="[470] /home/travis/build/icyphy/ptII/ptolemy/actor/lib/test/auto/paraFunctest2.xml (RunModel)" time="0.013" />
  <testcase classname="ptolemy.util.test.junit.AutoTests" name="[471] /home/travis/build/icyphy/ptII/ptolemy/actor/lib/test/auto/parameterPassing.xml (RunModel)" time="0.009" />
  <testcase classname="ptolemy.util.test.junit.AutoTests" name="[472] /home/travis/build/icyphy/ptII/ptolemy/actor/lib/test/auto/record.xml (RunModel)" time="0.013" />
  <testcase classname="ptolemy.util.test.junit.AutoTests" name="[473] /home/travis/build/icyphy/ptII/ptolemy/actor/lib/test/auto/sizedarray1.xml (RunModel)" time="0.011" />
  <testcase classname="ptolemy.util.test.junit.AutoTests" name="[474] /home/travis/build/icyphy/ptII/ptolemy/actor/lib/test/auto/sizedarray2.xml (RunModel)" time="0.013" />
  <testcase classname="ptolemy.util.test.junit.AutoTests" name="[475] /home/travis/build/icyphy/ptII/ptolemy/actor/lib/test/auto/twoPublishers.xml (RunModel)" time="0.028" />
  <system-out><![CDATA[/home/travis/build/icyphy/ptII/ptolemy/actor/lib/test/AbsoluteValue.tcl
testDefs.tcl: setting time out to 9000 seconds at Wed Jul 24 05:14:33 UTC 2019
129 ms. Memory: 120832K Free: 85960K (71%)
5 ms. Memory: 120832K Free: 84391K (70%)
5 ms. Memory: 120832K Free: 83391K (69%)
5 ms. Memory: 120832K Free: 82888K (69%)
/home/travis/build/icyphy/ptII/ptolemy/actor/lib/test/AddSubtract.tcl
19 ms. Memory: 120832K Free: 80840K (67%)
6 ms. Memory: 120832K Free: 80295K (66%)
10 ms. Memory: 120832K Free: 79302K (66%)
21 ms. Memory: 120832K Free: 78278K (65%)
67 ms. Memory: 120832K Free: 75720K (63%)
7 ms. Memory: 120832K Free: 74696K (62%)
/home/travis/build/icyphy/ptII/ptolemy/actor/lib/test/Average.tcl
17 ms. Memory: 120832K Free: 73158K (61%)
8 ms. Memory: 120832K Free: 72134K (60%)
/home/travis/build/icyphy/ptII/ptolemy/actor/lib/test/Bernoulli.tcl
13 ms. Memory: 120832K Free: 70600K (58%)
7 ms. Memory: 120832K Free: 70086K (58%)
/home/travis/build/icyphy/ptII/ptolemy/actor/lib/test/Clock.tcl
preinitializing
resolving types
initializing
executing number 1
wrapping up
idle
22 ms. Memory: 120832K Free: 67528K (56%)
Completed execution with 5 iterations
preinitializing
resolving types
initializing
executing number 1
wrapping up
idle
10 ms. Memory: 120832K Free: 66504K (55%)
Completed execution with 5 iterations
preinitializing
resolving types
initializing
executing number 1
wrapping up
idle
9 ms. Memory: 120832K Free: 65975K (55%)
Completed execution with 5 iterations
/home/travis/build/icyphy/ptII/ptolemy/actor/lib/test/Commutator.tcl
11 ms. Memory: 120832K Free: 63942K (53%)
18 ms. Memory: 120832K Free: 62918K (52%)
11 ms. Memory: 120832K Free: 57288K (47%)
/home/travis/build/icyphy/ptII/ptolemy/actor/lib/test/Const.tcl
11 ms. Memory: 120832K Free: 55735K (46%)
7 ms. Memory: 120832K Free: 55240K (46%)
13 ms. Memory: 120832K Free: 54711K (45%)
6 ms. Memory: 120832K Free: 54216K (45%)
6 ms. Memory: 120832K Free: 53192K (44%)
18 ms. Memory: 120832K Free: 51647K (43%)
5 ms. Memory: 120832K Free: 50630K (42%)
4 ms. Memory: 120832K Free: 49591K (41%)
/home/travis/build/icyphy/ptII/ptolemy/actor/lib/test/CurrentTime.tcl
preinitializing
resolving types
initializing
executing number 1
wrapping up
idle
16 ms. Memory: 120832K Free: 47551K (39%)
Completed execution with 11 iterations
/home/travis/build/icyphy/ptII/ptolemy/actor/lib/test/DB.tcl
45 ms. Memory: 120832K Free: 107381K (89%)
4 ms. Memory: 120832K Free: 106871K (88%)
1 ms. Memory: 120832K Free: 106871K (88%)
/home/travis/build/icyphy/ptII/ptolemy/actor/lib/test/DiscreteRandomSource.tcl
preinitializing
resolving types
initializing
executing number 1
wrapping up
idle
9 ms. Memory: 120832K Free: 105139K (87%)
Completed execution with 4 iterations
preinitializing
resolving types
initializing
executing number 1
wrapping up
idle
6 ms. Memory: 120832K Free: 104309K (86%)
Completed execution with 4 iterations
preinitializing
resolving types
initializing
executing number 1
wrapping up
idle
5 ms. Memory: 120832K Free: 104309K (86%)
Completed execution with 4 iterations
preinitializing
resolving types
initializing
executing number 1
wrapping up
idle
3 ms. Memory: 120832K Free: 103799K (86%)
Completed execution with 4 iterations
preinitializing
resolving types
initializing
executing number 1
wrapping up
idle
11 ms. Memory: 120832K Free: 103270K (85%)
Completed execution with 4 iterations
/home/travis/build/icyphy/ptII/ptolemy/actor/lib/test/Distributor.tcl
5 ms. Memory: 120832K Free: 101751K (84%)
4 ms. Memory: 120832K Free: 100727K (83%)
5 ms. Memory: 120832K Free: 104477K (86%)
/home/travis/build/icyphy/ptII/ptolemy/actor/lib/test/Exit.tcl
Exit.tcl: this will print a message about Manager.exitAfterWrapup, which can be ignored.
10 ms. Memory: 120832K Free: 101609K (84%)
/home/travis/build/icyphy/ptII/ptolemy/actor/lib/test/Expression.tcl
14 ms. Memory: 120832K Free: 98363K (81%)
11 ms. Memory: 120832K Free: 97339K (81%)
2 ms. Memory: 120832K Free: 96921K (80%)
preinitializing
resolving types
initializing
executing number 1
wrapping up
idle
10 ms. Memory: 120832K Free: 95260K (79%)
Completed execution with 6 iterations
4 ms. Memory: 120832K Free: 94267K (78%)
3 ms. Memory: 120832K Free: 93841K (78%)
12 ms. Memory: 120832K Free: 92622K (77%)
8 ms. Memory: 120832K Free: 91195K (75%)
8 ms. Memory: 120832K Free: 90157K (75%)
/home/travis/build/icyphy/ptII/ptolemy/actor/lib/test/Gaussian.tcl
8 ms. Memory: 120832K Free: 88109K (73%)
sleeping 1 seconds: ............................................................................................................................................................................................................................................................................................................................................................................................................................................................................................................................................................................................................................................................................................................................................................................................................................................................................................................................................................................................................................................................................................................................................................................................................................................................................................................................................................................................................................................................................................................................................................................................................................................................................................................................................................................................................................................................................................................................................................................................................................................................................................................................................................................................................................................................................................................................................................................................................................................................................................................................................................................................................................................................................................................................................................................................................................................................................................................................................................................................................................................................................................................................................................................................................................................................................................................................................................................................................................................................................................................................................................................................................................................................................................................................................................................................................................................................................................................................................................................................................................................................................................................................................................................................................................................................................................................................................................................................................................................................................................................................................................................................................................................................................................................................................................................................................................................................................................................................................................................................................................................................................................................................................................................................................................................................................................................................................................................................................................................................................................................................................................................................................................................................................................................................................................................................................................................................................................................................................................................................................................................................................................................................................................................................................................................................................................................................................................................................................................................................................................................................................................................................................................................................................................................................................................................................................................................................................................................................................................................................................................................................................................................................................................................................................................................................................................................................................................................................3 ms. Memory: 120832K Free: 78295K (65%)
4 ms. Memory: 120832K Free: 77271K (64%)
3 ms. Memory: 120832K Free: 76743K (64%)
2 ms. Memory: 120832K Free: 76247K (63%)
5 ms. Memory: 120832K Free: 75719K (63%)
/home/travis/build/icyphy/ptII/ptolemy/actor/lib/test/IIR.tcl
/home/travis/build/icyphy/ptII/ptolemy/actor/lib/test/Interpolator.tcl
4 ms. Memory: 120832K Free: 105342K (87%)
2 ms. Memory: 120832K Free: 104847K (87%)
3 ms. Memory: 120832K Free: 104333K (86%)
2 ms. Memory: 120832K Free: 103823K (86%)
2 ms. Memory: 120832K Free: 102799K (85%)
4 ms. Memory: 120832K Free: 102285K (85%)
2 ms. Memory: 120832K Free: 101246K (84%)
12 ms. Memory: 120832K Free: 100230K (83%)
3 ms. Memory: 120832K Free: 99206K (82%)
10 ms. Memory: 120832K Free: 98703K (82%)
/home/travis/build/icyphy/ptII/ptolemy/actor/lib/test/MathFunction.tcl
8 ms. Memory: 120832K Free: 96141K (80%)
10 ms. Memory: 120832K Free: 95086K (79%)
3 ms. Memory: 120832K Free: 94093K (78%)
4 ms. Memory: 120832K Free: 93583K (77%)
8 ms. Memory: 120832K Free: 92038K (76%)
9 ms. Memory: 120832K Free: 89982K (74%)
/home/travis/build/icyphy/ptII/ptolemy/actor/lib/test/Maximum.tcl
4 ms. Memory: 120832K Free: 88463K (73%)
8 ms. Memory: 120832K Free: 87439K (72%)
6 ms. Memory: 120832K Free: 86918K (72%)
4 ms. Memory: 120832K Free: 86415K (72%)
/home/travis/build/icyphy/ptII/ptolemy/actor/lib/test/Minimum.tcl
8 ms. Memory: 120832K Free: 84367K (70%)
5 ms. Memory: 120832K Free: 83853K (69%)
4 ms. Memory: 120832K Free: 83343K (69%)
2 ms. Memory: 120832K Free: 82319K (68%)
/home/travis/build/icyphy/ptII/ptolemy/actor/lib/test/MultiplyDivide.tcl
9 ms. Memory: 120832K Free: 80766K (67%)
8 ms. Memory: 120832K Free: 79757K (66%)
6 ms. Memory: 120832K Free: 79247K (66%)
3 ms. Memory: 120832K Free: 78223K (65%)
5 ms. Memory: 120832K Free: 77694K (64%)
/home/travis/build/icyphy/ptII/ptolemy/actor/lib/test/OrderedMerge.tcl
Connections changed on port: inputA
Connections changed on port: inputB
Connections changed on port: output
Connections changed on port: output
Connections changed on port: output
Connections changed on port: input
.top. Preinitializing ...
Invoking preinitialize():  .top.OrderedMerge
Called preinitialize()
Invoking preinitialize():  .top.Ramp
Called preinitialize()
Invoking preinitialize():  .top.Ramp2
Called preinitialize()
Invoking preinitialize():  .top.Test
Called preinitialize()
Connections changed on port: inputA
Connections changed on port: output
Connections changed on port: output
Connections changed on port: input
Connections changed on port: inputB
Connections changed on port: output
.top. Finished preinitialize().
Called initialize().
Invoking initialize():  .top.OrderedMerge
Initializing actor: .top.OrderedMerge
Adding a thread: .top.OrderedMerge
Invoking initialize():  .top.Ramp
Initializing actor: .top.Ramp
Adding a thread: .top.Ramp
Invoking initialize():  .top.Ramp2
Initializing actor: .top.Ramp2
Adding a thread: .top.Ramp2
Invoking initialize():  .top.Test
Initializing actor: .top.Test
Adding a thread: .top.Test
Called fire().
Checking for deadlock:
-- Starting thread.
Called initialize()
Called prefire()
Called fire()
-- Starting thread.
Called initialize()
Called prefire()
Called fire()
-- Starting thread.
Called initialize()
Called prefire()
Called fire()
There are 0 Blocked actors, 0 Stopped actors, and 4 active threads.
Waiting for actors to stop.
Called postfire()
Called prefire()
Called fire()
Called postfire()
Called prefire()
Called fire()
-- Starting thread.
Called initialize()
Called prefire()
Called fire()
Read input token from inputA with value 0.0
Next port to read input from is inputB
Called postfire()
Called prefire()
Called fire()
Read input token from inputB with value 0.0
Sent output token with value 0.0
Next port to read input from is inputA
Called postfire()
Called prefire()
Called fire()
Checking for deadlock:
There are 1 Blocked actors, 0 Stopped actors, and 4 active threads.
Waiting for actors to stop.
Called postfire()
Called prefire()
Called fire()
Called postfire()
Called prefire()
Called fire()
-- Read input: 0.0, which is expected to match: 0.0
Called prefire()
Called fire()
Checking for deadlock:
There are 3 Blocked actors, 0 Stopped actors, and 4 active threads.
Waiting for actors to stop.
Called postfire()
Called prefire()
Called fire()
Read input token from inputA with value 1.0
Sent output token with value 0.0
Next port to read input from is inputB
Called postfire()
Called prefire()
Called fire()
Read input token from inputB with value 1.5
Checking for deadlock:
There are 2 Blocked actors, 0 Stopped actors, and 4 active threads.
Waiting for actors to stop.
Called postfire()
Called prefire()
Called fire()
-- Read input: 0.0, which is expected to match: 0.0
Called prefire()
Called fire()
Checking for deadlock:
There are 3 Blocked actors, 0 Stopped actors, and 4 active threads.
Waiting for actors to stop.
-- Read input: 1.0, which is expected to match: 1.0
Called prefire()
Called fire()
Sent output token with value 1.0
Next port to read input from is inputA
Called postfire()
Called prefire()
Called fire()
Read input token from inputA with value 2.0
Sent output token with value 1.5
Next port to read input from is inputB
Called postfire()
Called prefire()
Called fire()
Read input token from inputB with value 3.0
Checking for deadlock:
There are 1 Blocked actors, 0 Stopped actors, and 4 active threads.
Waiting for actors to stop.
Called postfire()
Called prefire()
Called fire()
Called postfire()
Called prefire()
Called fire()
-- Read input: 1.5, which is expected to match: 1.5
Called prefire()
Called fire()
Checking for deadlock:
There are 3 Blocked actors, 0 Stopped actors, and 4 active threads.
Waiting for actors to stop.
-- Read input: 2.0, which is expected to match: 2.0
Called prefire()
Called fire()
Sent output token with value 2.0
Next port to read input from is inputA
Called postfire()
Called prefire()
Called fire()
Read input token from inputA with value 3.0
Sent output token with value 3.0
Next port to read input from is inputB
Called postfire()
Called prefire()
Called fire()
Read input token from inputB with value 4.5
Checking for deadlock:
There are 1 Blocked actors, 0 Stopped actors, and 4 active threads.
Waiting for actors to stop.
Called postfire()
Called prefire()
Called fire()
Called postfire()
Called prefire()
Called fire()
-- Read input: 3.0, which is expected to match: 3.0
Called prefire()
Called fire()
Checking for deadlock:
There are 3 Blocked actors, 0 Stopped actors, and 4 active threads.
Waiting for actors to stop.
-- Read input: 3.0, which is expected to match: 3.0
Called prefire()
Called fire()
Sent output token with value 3.0
Next port to read input from is inputA
Called postfire()
Called prefire()
Called fire()
Read input token from inputA with value 4.0
Sent output token with value 4.0
Next port to read input from is inputA
Called postfire()
Called prefire()
Called fire()
Checking for deadlock:
There are 2 Blocked actors, 0 Stopped actors, and 4 active threads.
Waiting for actors to stop.
Called postfire()
Called prefire()
Called fire()
-- Read input: 4.0, which is expected to match: 4.0
Called prefire()
Called fire()
Past the end of training data. Read and discard all inputs.
Checking for deadlock:
There are 3 Blocked actors, 0 Stopped actors, and 4 active threads.
Waiting for actors to stop.
Called postfire()
Called prefire()
Called fire()
Checking for deadlock:
There are 3 Blocked actors, 0 Stopped actors, and 4 active threads.
Waiting for actors to stop.
Read input token from inputA with value 5.0
Called prefire()
Called fire()
Past the end of training data. Read and discard all inputs.
Checking for deadlock:
There are 3 Blocked actors, 0 Stopped actors, and 4 active threads.
Waiting for actors to stop.
Sent output token with value 4.5
Next port to read input from is inputB
Called postfire()
Called prefire()
Called fire()
Called postfire()
Called prefire()
Called fire()
Checking for deadlock:
There are 3 Blocked actors, 0 Stopped actors, and 4 active threads.
Waiting for actors to stop.
Read input token from inputB with value 6.0
Called prefire()
Called fire()
Past the end of training data. Read and discard all inputs.
Checking for deadlock:
There are 3 Blocked actors, 0 Stopped actors, and 4 active threads.
Waiting for actors to stop.
Sent output token with value 5.0
Next port to read input from is inputA
Called postfire()
Called prefire()
Called fire()
Called postfire()
Called prefire()
Called fire()
Checking for deadlock:
There are 3 Blocked actors, 0 Stopped actors, and 4 active threads.
Waiting for actors to stop.
Read input token from inputA with value 6.0
Called prefire()
Called fire()
Past the end of training data. Read and discard all inputs.
Checking for deadlock:
There are 3 Blocked actors, 0 Stopped actors, and 4 active threads.
Waiting for actors to stop.
Sent output token with value 6.0
Next port to read input from is inputB
Called postfire()
Called prefire()
Called fire()
Checking for deadlock:
There are 2 Blocked actors, 0 Stopped actors, and 4 active threads.
Waiting for actors to stop.
Called postfire()
Called prefire()
Called fire()
Checking for deadlock:
There are 3 Blocked actors, 0 Stopped actors, and 4 active threads.
Waiting for actors to stop.
Read input token from inputB with value 7.5
Checking for deadlock:
There are 2 Blocked actors, 0 Stopped actors, and 4 active threads.
Waiting for actors to stop.
Called prefire()
Called fire()
Past the end of training data. Read and discard all inputs.
Checking for deadlock:
There are 3 Blocked actors, 0 Stopped actors, and 4 active threads.
Waiting for actors to stop.
Sent output token with value 6.0
Next port to read input from is inputA
Called postfire()
Called prefire()
Called fire()
Called postfire()
Called prefire()
Called fire()
Checking for deadlock:
There are 3 Blocked actors, 0 Stopped actors, and 4 active threads.
Waiting for actors to stop.
Read input token from inputA with value 7.0
Called prefire()
Called fire()
Past the end of training data. Read and discard all inputs.
Checking for deadlock:
There are 3 Blocked actors, 0 Stopped actors, and 4 active threads.
Waiting for actors to stop.
Sent output token with value 7.0
Next port to read input from is inputA
Called postfire()
Called prefire()
Called fire()
-- Thread wrapup() called.
Called wrapup()
Thread .top.Ramp is exiting.
-- Thread stopped.
Checking for deadlock:
There are 2 Blocked actors, 0 Stopped actors, and 3 active threads.
Waiting for actors to stop.
Read input token from inputA with value 8.0
Sent output token with value 7.5
Next port to read input from is inputB
Called postfire()
Called prefire()
Called fire()
Read input token from inputB with value 9.0
Checking for deadlock:
There are 1 Blocked actors, 0 Stopped actors, and 3 active threads.
Waiting for actors to stop.
Called prefire()
Called fire()
Past the end of training data. Read and discard all inputs.
Called postfire()
Called prefire()
Called fire()
Checking for deadlock:
There are 2 Blocked actors, 0 Stopped actors, and 3 active threads.
Waiting for actors to stop.
Called prefire()
Called fire()
Past the end of training data. Read and discard all inputs.
Checking for deadlock:
There are 2 Blocked actors, 0 Stopped actors, and 3 active threads.
Waiting for actors to stop.
Sent output token with value 8.0
Next port to read input from is inputA
Called postfire()
Called prefire()
Called fire()
Read input token from inputA with value 9.0
Called prefire()
Called fire()
Past the end of training data. Read and discard all inputs.
Checking for deadlock:
There are 2 Blocked actors, 0 Stopped actors, and 3 active threads.
Waiting for actors to stop.
Sent output token with value 9.0
Next port to read input from is inputB
Called postfire()
Called prefire()
Called fire()
Checking for deadlock:
There are 1 Blocked actors, 0 Stopped actors, and 3 active threads.
Waiting for actors to stop.
Called postfire()
Called prefire()
Called fire()
Checking for deadlock:
There are 2 Blocked actors, 0 Stopped actors, and 3 active threads.
Waiting for actors to stop.
Read input token from inputB with value 10.5
Checking for deadlock:
There are 1 Blocked actors, 0 Stopped actors, and 3 active threads.
Waiting for actors to stop.
Called prefire()
Called fire()
Past the end of training data. Read and discard all inputs.
Checking for deadlock:
There are 2 Blocked actors, 0 Stopped actors, and 3 active threads.
Waiting for actors to stop.
Sent output token with value 9.0
Next port to read input from is inputA
Called postfire()
Called prefire()
Called fire()
Checking for deadlock:
There are 3 Blocked actors, 0 Stopped actors, and 3 active threads.
Actors have stopped.
Checking for deadlock:
There are 3 Blocked actors, 0 Stopped actors, and 3 active threads.
Deadlock detected.
Resolving Deadlock
Checking for deadlock:
There are 3 Blocked actors, 0 Stopped actors, and 3 active threads.
Artificial Deadlock - increasing queue capacity.
increasing the capacity of receiver ptolemy.actor.TypedIOPort {.top.OrderedMerge.inputB} to 2
-- Thread wrapup() called.
Called wrapup()
Thread .top.Ramp2 is exiting.
-- Thread stopped.
Director: Called postfire().
Called postfire().
_stopRequested = false
_stopFireRequested = false
Returning from postfire(): true
Called fire().
Checking for deadlock:
There are 2 Blocked actors, 0 Stopped actors, and 2 active threads.
Actors have stopped.
Checking for deadlock:
There are 2 Blocked actors, 0 Stopped actors, and 2 active threads.
Deadlock detected.
Resolving Deadlock
Checking for deadlock:
There are 2 Blocked actors, 0 Stopped actors, and 2 active threads.
Deadlock detected: no processes blocked on write, but some are blocked on read.
Called postfire().
_stopRequested = false
_stopFireRequested = false
Returning from postfire(): false
Finished deactivating branches.
Called wrapup().
-- Thread wrapup() called.
-- Thread wrapup() called.
Called wrapup()
Called wrapup()
Thread .top.OrderedMerge is exiting.
-- Thread stopped.
-- Blocked Receiver call threw TerminateProcessException.
Thread .top.Test is exiting.
-- Thread stopped.
-- Blocked Receiver call threw TerminateProcessException.
81 ms. Memory: 120832K Free: 73103K (60%)
.top. Preinitializing ...
Invoking preinitialize():  .top.OrderedMerge
Called preinitialize()
Invoking preinitialize():  .top.Ramp
Called preinitialize()
Invoking preinitialize():  .top.Ramp2
Called preinitialize()
Invoking preinitialize():  .top.Test
Called preinitialize()
.top. Finished preinitialize().
Called initialize().
Invoking initialize():  .top.OrderedMerge
Initializing actor: .top.OrderedMerge
Adding a thread: .top.OrderedMerge
Invoking initialize():  .top.Ramp
Initializing actor: .top.Ramp
Adding a thread: .top.Ramp
Invoking initialize():  .top.Ramp2
Initializing actor: .top.Ramp2
Adding a thread: .top.Ramp2
Invoking initialize():  .top.Test
Initializing actor: .top.Test
Adding a thread: .top.Test
-- Starting thread.
Called initialize()
Called prefire()
Called fire()
-- Starting thread.
Called initialize()
Called prefire()
Called fire()
Called postfire()
Called prefire()
Called fire()
-- Starting thread.
Called initialize()
Called prefire()
Called fire()
Called postfire()
Called prefire()
Called fire()
Called fire().
Checking for deadlock:
There are 3 Blocked actors, 0 Stopped actors, and 4 active threads.
Waiting for actors to stop.
-- Starting thread.
Called initialize()
Called prefire()
Called fire()
Checking for deadlock:
There are 2 Blocked actors, 0 Stopped actors, and 4 active threads.
Waiting for actors to stop.
Read input token from inputA with value 0.0
Called postfire()
Next port to read input from is inputB
Called prefire()
Called fire()
Called postfire()
Called prefire()
Called fire()
Checking for deadlock:
There are 3 Blocked actors, 0 Stopped actors, and 4 active threads.
Waiting for actors to stop.
Called postfire()
Called prefire()
Read input token from inputB with value 0.0
Called fire()
Sent output token with value 0.0
Next port to read input from is inputA
Called postfire()
Called prefire()
Called fire()
Read input token from inputA with value 1.0
Checking for deadlock:
There are 2 Blocked actors, 0 Stopped actors, and 4 active threads.
Waiting for actors to stop.
Called postfire()
Called prefire()
-- Read input: 0.0, which is expected to match: 0.0
Called prefire()
Called fire()
Sent output token with value 0.0
-- Read input: 0.0, which is expected to match: 0.0
Next port to read input from is inputB
Called postfire()
Checking for deadlock:
Called fire()
There are 1 Blocked actors, 0 Stopped actors, and 4 active threads.
Waiting for actors to stop.
Checking for deadlock:
There are 2 Blocked actors, 0 Stopped actors, and 4 active threads.
Called prefire()
Called prefire()
Called fire()
Called fire()
Waiting for actors to stop.
Checking for deadlock:
Called postfire()
There are 2 Blocked actors, 0 Stopped actors, and 4 active threads.
Called prefire()
Called fire()
Read input token from inputB with value 1.5
Waiting for actors to stop.
Checking for deadlock:
There are 2 Blocked actors, 0 Stopped actors, and 4 active threads.
Sent output token with value 1.0
Waiting for actors to stop.
Next port to read input from is inputA
Called postfire()
Called prefire()
Called fire()
-- Read input: 1.0, which is expected to match: 1.0
Called prefire()
Called fire()
Read input token from inputA with value 2.0
Checking for deadlock:
There are 2 Blocked actors, 0 Stopped actors, and 4 active threads.
Waiting for actors to stop.
Called postfire()
Called prefire()
Called fire()
Sent output token with value 1.5
Next port to read input from is inputB
Called postfire()
Called prefire()
Called fire()
Read input token from inputB with value 3.0
-- Read input: 1.5, which is expected to match: 1.5
Called postfire()
Called prefire()
Called prefire()
Called fire()
Called fire()
Checking for deadlock:
There are 3 Blocked actors, 0 Stopped actors, and 4 active threads.
Waiting for actors to stop.
Checking for deadlock:
There are 2 Blocked actors, 0 Stopped actors, and 4 active threads.
Waiting for actors to stop.
Sent output token with value 2.0
-- Read input: 2.0, which is expected to match: 2.0
Called prefire()
Next port to read input from is inputA
Called postfire()
Called fire()
Called prefire()
Called fire()
Checking for deadlock:
There are 3 Blocked actors, 0 Stopped actors, and 4 active threads.
Waiting for actors to stop.
Read input token from inputA with value 3.0
Sent output token with value 3.0
Next port to read input from is inputB
Called postfire()
Called prefire()
Called fire()
Read input token from inputB with value 4.5
Checking for deadlock:
There are 0 Blocked actors, 0 Stopped actors, and 4 active threads.
-- Read input: 3.0, which is expected to match: 3.0
Waiting for actors to stop.
Called prefire()
Called fire()
Called postfire()
Called prefire()
Called fire()
Called postfire()
Called prefire()
Called fire()
Sent output token with value 3.0
Next port to read input from is inputA
Called postfire()
Called prefire()
Called fire()
Read input token from inputA with value 4.0
Checking for deadlock:
There are 1 Blocked actors, 0 Stopped actors, and 4 active threads.
Waiting for actors to stop.
-- Read input: 3.0, which is expected to match: 3.0
Called prefire()
Called fire()
Called postfire()
Called prefire()
Checking for deadlock:
There are 2 Blocked actors, 0 Stopped actors, and 4 active threads.
Waiting for actors to stop.
Called fire()
Checking for deadlock:
There are 2 Blocked actors, 0 Stopped actors, and 4 active threads.
Waiting for actors to stop.
Sent output token with value 4.0
-- Read input: 4.0, which is expected to match: 4.0
Next port to read input from is inputA
Called postfire()
Called prefire()
Called fire()
Called prefire()
Called fire()
Past the end of training data. Read and discard all inputs.
Checking for deadlock:
There are 2 Blocked actors, 0 Stopped actors, and 4 active threads.
Waiting for actors to stop.
Called postfire()
Called prefire()
Called fire()
Checking for deadlock:
There are 3 Blocked actors, 0 Stopped actors, and 4 active threads.
Waiting for actors to stop.
Read input token from inputA with value 5.0
Checking for deadlock:
There are 2 Blocked actors, 0 Stopped actors, and 4 active threads.
Waiting for actors to stop.
Called prefire()
Called fire()
Sent output token with value 4.5
Past the end of training data. Read and discard all inputs.
Checking for deadlock:
There are 3 Blocked actors, 0 Stopped actors, and 4 active threads.
Waiting for actors to stop.
Next port to read input from is inputB
Called postfire()
Called prefire()
Called fire()
Called postfire()
Called prefire()
Called fire()
Checking for deadlock:
There are 3 Blocked actors, 0 Stopped actors, and 4 active threads.
Waiting for actors to stop.
Read input token from inputB with value 6.0
Checking for deadlock:
Called prefire()
Called fire()
There are 2 Blocked actors, 0 Stopped actors, and 4 active threads.
Past the end of training data. Read and discard all inputs.
Waiting for actors to stop.
Checking for deadlock:
There are 3 Blocked actors, 0 Stopped actors, and 4 active threads.
Waiting for actors to stop.
Sent output token with value 5.0
Next port to read input from is inputA
Called postfire()
Called prefire()
Called fire()
Checking for deadlock:
There are 2 Blocked actors, 0 Stopped actors, and 4 active threads.
Waiting for actors to stop.
Called postfire()
Called prefire()
Called fire()
Read input token from inputA with value 6.0
Checking for deadlock:
There are 3 Blocked actors, 0 Stopped actors, and 4 active threads.
Waiting for actors to stop.
Checking for deadlock:
There are 2 Blocked actors, 0 Stopped actors, and 4 active threads.
Waiting for actors to stop.
Called prefire()
Called fire()
Sent output token with value 6.0
Past the end of training data. Read and discard all inputs.
Next port to read input from is inputB
Checking for deadlock:
There are 3 Blocked actors, 0 Stopped actors, and 4 active threads.
Waiting for actors to stop.
Called postfire()
Called prefire()
Called fire()
Checking for deadlock:
There are 2 Blocked actors, 0 Stopped actors, and 4 active threads.
Waiting for actors to stop.
Called postfire()
Called prefire()
Called fire()
Checking for deadlock:
There are 3 Blocked actors, 0 Stopped actors, and 4 active threads.
Waiting for actors to stop.
Read input token from inputB with value 7.5
Checking for deadlock:
There are 2 Blocked actors, 0 Stopped actors, and 4 active threads.
Waiting for actors to stop.
Called prefire()
Called fire()
Sent output token with value 6.0
Past the end of training data. Read and discard all inputs.
Checking for deadlock:
There are 3 Blocked actors, 0 Stopped actors, and 4 active threads.
Waiting for actors to stop.
Next port to read input from is inputA
Called postfire()
Called prefire()
Called fire()
Checking for deadlock:
There are 2 Blocked actors, 0 Stopped actors, and 4 active threads.
Waiting for actors to stop.
Called postfire()
Called prefire()
Called fire()
Read input token from inputA with value 7.0
Checking for deadlock:
There are 3 Blocked actors, 0 Stopped actors, and 4 active threads.
Waiting for actors to stop.
Checking for deadlock:
There are 2 Blocked actors, 0 Stopped actors, and 4 active threads.
Waiting for actors to stop.
Called prefire()
Sent output token with value 7.0
Called fire()
Next port to read input from is inputA
Past the end of training data. Read and discard all inputs.
Called postfire()
Called prefire()
Checking for deadlock:
There are 3 Blocked actors, 0 Stopped actors, and 4 active threads.
Waiting for actors to stop.
Called fire()
Checking for deadlock:
There are 2 Blocked actors, 0 Stopped actors, and 4 active threads.
Waiting for actors to stop.
-- Thread wrapup() called.
Called wrapup()
Thread .top.Ramp is exiting.
-- Thread stopped.
Checking for deadlock:
There are 2 Blocked actors, 0 Stopped actors, and 3 active threads.
Waiting for actors to stop.
Read input token from inputA with value 8.0
Called prefire()
Called fire()
Checking for deadlock:
Past the end of training data. Read and discard all inputs.
There are 1 Blocked actors, 0 Stopped actors, and 3 active threads.
Waiting for actors to stop.
Checking for deadlock:
There are 2 Blocked actors, 0 Stopped actors, and 3 active threads.
Waiting for actors to stop.
Sent output token with value 7.5
Next port to read input from is inputB
Called postfire()
Called prefire()
Called fire()
Checking for deadlock:
There are 1 Blocked actors, 0 Stopped actors, and 3 active threads.
Waiting for actors to stop.
Called postfire()
Called prefire()
Called fire()
Checking for deadlock:
There are 2 Blocked actors, 0 Stopped actors, and 3 active threads.
Waiting for actors to stop.
Read input token from inputB with value 9.0
Checking for deadlock:
There are 1 Blocked actors, 0 Stopped actors, and 3 active threads.
Waiting for actors to stop.
Called prefire()
Called fire()
Sent output token with value 8.0
Past the end of training data. Read and discard all inputs.
Checking for deadlock:
There are 2 Blocked actors, 0 Stopped actors, and 3 active threads.
Waiting for actors to stop.
Next port to read input from is inputA
Called postfire()
Called prefire()
Called fire()
Read input token from inputA with value 9.0
Called prefire()
Called fire()
Checking for deadlock:
Past the end of training data. Read and discard all inputs.
There are 1 Blocked actors, 0 Stopped actors, and 3 active threads.
Waiting for actors to stop.
Checking for deadlock:
There are 2 Blocked actors, 0 Stopped actors, and 3 active threads.
Waiting for actors to stop.
Sent output token with value 9.0
Next port to read input from is inputB
Called postfire()
Called prefire()
Called fire()
Called postfire()
Called prefire()
Called fire()
Checking for deadlock:
There are 2 Blocked actors, 0 Stopped actors, and 3 active threads.
Waiting for actors to stop.
Read input token from inputB with value 10.5
Checking for deadlock:
Called prefire()
There are 1 Blocked actors, 0 Stopped actors, and 3 active threads.
Called fire()
Waiting for actors to stop.
Past the end of training data. Read and discard all inputs.
Sent output token with value 9.0
Checking for deadlock:
There are 2 Blocked actors, 0 Stopped actors, and 3 active threads.
Waiting for actors to stop.
Next port to read input from is inputA
Called postfire()
Called prefire()
Called fire()
Checking for deadlock:
There are 3 Blocked actors, 0 Stopped actors, and 3 active threads.
Actors have stopped.
Checking for deadlock:
There are 3 Blocked actors, 0 Stopped actors, and 3 active threads.
Deadlock detected.
Resolving Deadlock
Checking for deadlock:
There are 3 Blocked actors, 0 Stopped actors, and 3 active threads.
Artificial Deadlock - increasing queue capacity.
increasing the capacity of receiver ptolemy.actor.TypedIOPort {.top.OrderedMerge.inputB} to 2
Director: Called postfire().
Called postfire().
_stopRequested = false
_stopFireRequested = false
Returning from postfire(): true
Called fire().
Checking for deadlock:
There are 2 Blocked actors, 0 Stopped actors, and 3 active threads.
Waiting for actors to stop.
-- Thread wrapup() called.
Called wrapup()
Thread .top.Ramp2 is exiting.
-- Thread stopped.
Checking for deadlock:
There are 2 Blocked actors, 0 Stopped actors, and 2 active threads.
Actors have stopped.
Checking for deadlock:
There are 2 Blocked actors, 0 Stopped actors, and 2 active threads.
Deadlock detected.
Resolving Deadlock
Checking for deadlock:
There are 2 Blocked actors, 0 Stopped actors, and 2 active threads.
Deadlock detected: no processes blocked on write, but some are blocked on read.
Called postfire().
_stopRequested = false
_stopFireRequested = false
Returning from postfire(): false
Finished deactivating branches.
Called wrapup().
-- Thread wrapup() called.
Called wrapup()
Thread .top.OrderedMerge is exiting.
-- Thread wrapup() called.
-- Thread stopped.
-- Blocked Receiver call threw TerminateProcessException.
Called wrapup()
Thread .top.Test is exiting.
-- Thread stopped.
-- Blocked Receiver call threw TerminateProcessException.
20 ms. Memory: 120832K Free: 70983K (59%)
/home/travis/build/icyphy/ptII/ptolemy/actor/lib/test/Publisher.tcl
14 ms. Memory: 120832K Free: 64911K (54%)
4 ms. Memory: 120832K Free: 102605K (85%)
3 ms. Memory: 120832K Free: 98509K (82%)
3 ms. Memory: 120832K Free: 97995K (81%)
3 ms. Memory: 120832K Free: 96941K (80%)
3 ms. Memory: 120832K Free: 95933K (79%)
3 ms. Memory: 120832K Free: 95437K (79%)
3 ms. Memory: 120832K Free: 94413K (78%)
34 ms. Memory: 155648K Free: 139415K (90%)
7 ms. Memory: 155648K Free: 135829K (87%)
4 ms. Memory: 155648K Free: 134805K (87%)
7 ms. Memory: 155648K Free: 132727K (85%)
16 ms. Memory: 155648K Free: 125079K (80%)
15 ms. Memory: 155648K Free: 115863K (74%)
16 ms. Memory: 155648K Free: 104599K (67%)
/home/travis/build/icyphy/ptII/ptolemy/actor/lib/test/Pulse.tcl
2 ms. Memory: 155648K Free: 131779K (85%)
8 ms. Memory: 155648K Free: 131276K (84%)
1 ms. Memory: 155648K Free: 130755K (84%)
2 ms. Memory: 155648K Free: 130252K (84%)
12 ms. Memory: 155648K Free: 129738K (83%)
12 ms. Memory: 155648K Free: 128699K (83%)
6 ms. Memory: 155648K Free: 127659K (82%)
7 ms. Memory: 155648K Free: 126635K (81%)
3 ms. Memory: 155648K Free: 126156K (81%)
/home/travis/build/icyphy/ptII/ptolemy/actor/lib/test/Ramp.tcl
7 ms. Memory: 155648K Free: 124108K (80%)
3 ms. Memory: 155648K Free: 123509K (79%)
3 ms. Memory: 155648K Free: 122555K (79%)
2 ms. Memory: 155648K Free: 121546K (78%)
5 ms. Memory: 155648K Free: 121036K (78%)
11 ms. Memory: 155648K Free: 120012K (77%)
7 ms. Memory: 155648K Free: 118988K (76%)
5 actors
7000 microseconds per iteration to create
11 ms. Memory: 155648K Free: 116426K (75%)
2 ms. Memory: 155648K Free: 115916K (74%)
2 ms. Memory: 155648K Free: 115402K (74%)
2 ms. Memory: 155648K Free: 114892K (74%)
50 actors
49000 microseconds per iteration to create
51 ms. Memory: 155648K Free: 99003K (64%)
5 ms. Memory: 155648K Free: 97994K (63%)
5 ms. Memory: 155648K Free: 96970K (62%)
6 ms. Memory: 155648K Free: 95946K (62%)
500 actors
1678000 microseconds per iteration to create
292 ms. Memory: 155648K Free: 77221K (50%)
62 ms. Memory: 155648K Free: 72101K (46%)
66 ms. Memory: 155648K Free: 66981K (43%)
53 ms. Memory: 155648K Free: 61861K (40%)
/home/travis/build/icyphy/ptII/ptolemy/actor/lib/test/RampContinuous.tcl
9 ms. Memory: 155648K Free: 60327K (39%)
/home/travis/build/icyphy/ptII/ptolemy/actor/lib/test/RecordAssembler.tcl
7 ms. Memory: 155648K Free: 58759K (38%)
4 ms. Memory: 155648K Free: 57765K (37%)
/home/travis/build/icyphy/ptII/ptolemy/actor/lib/test/RecordDisassembler.tcl
13 ms. Memory: 155648K Free: 55717K (36%)
38 ms. Memory: 189440K Free: 167612K (88%)
10 ms. Memory: 189440K Free: 166588K (88%)
/home/travis/build/icyphy/ptII/ptolemy/actor/lib/test/Scale.tcl
4 ms. Memory: 189440K Free: 164540K (87%)
2 ms. Memory: 189440K Free: 164030K (87%)
1 ms. Memory: 189440K Free: 163006K (86%)
5 ms. Memory: 189440K Free: 162477K (86%)
8 ms. Memory: 189440K Free: 161461K (85%)
/home/travis/build/icyphy/ptII/ptolemy/actor/lib/test/SequentialClock.tcl
preinitializing
resolving types
initializing
executing number 1
wrapping up
idle
7 ms. Memory: 189440K Free: 160437K (85%)
Completed execution with 5 iterations
preinitializing
resolving types
initializing
executing number 1
wrapping up
idle
1 ms. Memory: 189440K Free: 159405K (84%)
Completed execution with 5 iterations
preinitializing
resolving types
initializing
executing number 1
wrapping up
idle
1 ms. Memory: 189440K Free: 159405K (84%)
Completed execution with 5 iterations
/home/travis/build/icyphy/ptII/ptolemy/actor/lib/test/SetVariable.tcl
5 ms. Memory: 189440K Free: 157372K (83%)


==== $PTII/ptolemy/actor/lib/test/SetVariable.tcl: SetVariable-3.1 changeFailed
==== Contents of test case:

    #Uses 2.1 above
    jdkCaptureErr {
        # This test was failing if we ran Exit.tcl and then this test.
        # MessageHandler.error() now actually throws the Exception.
	catch {$setVariable changeFailed [java::null]  [java::new Exception {Test exception for SetVariable.changeFailed()}]} errMsg
    } results
    list [string range $results 0 89] "\n" $errMsg

==== Result was:
{java.lang.Exception: Test exception for SetVariable.changeFailed()
	at java.base/jdk.inter} {
} {java.lang.RuntimeException: java.lang.Exception: Test exception for SetVariable.changeFailed()}
---- Result should have been:
{Failed to set variable.
java.lang.Exception: Test exception for SetVariable.changeFailed()} {
} {java.lang.RuntimeException: java.lang.Exception: Test exception for SetVariable.changeFailed()}
---- SetVariable-3.1 FAILED
/home/travis/build/icyphy/ptII/ptolemy/actor/lib/test/Sinewave.tcl
/home/travis/build/icyphy/ptII/ptolemy/actor/lib/test/SubscriptionAggregator.tcl
6 ms. Memory: 189440K Free: 145084K (77%)
4 ms. Memory: 189440K Free: 144574K (76%)
1 ms. Memory: 189440K Free: 144060K (76%)
0 ms. Memory: 189440K Free: 143550K (76%)
2 ms. Memory: 189440K Free: 140478K (74%)
9 ms. Memory: 189440K Free: 137916K (73%)
...............................................................1287 ms. Memory: 297984K Free: 138393K (46%)
/home/travis/build/icyphy/ptII/ptolemy/actor/lib/test/Test.tcl
 The next command will produce a warning about training mode,
   which may be ignored.
5 ms. Memory: 297984K Free: 136345K (46%)
6 ms. Memory: 297984K Free: 135835K (46%)
1 ms. Memory: 297984K Free: 135307K (45%)
2 ms. Memory: 297984K Free: 134267K (45%)
3 ms. Memory: 297984K Free: 133787K (45%)
3 ms. Memory: 297984K Free: 132763K (45%)
4 ms. Memory: 297984K Free: 131219K (44%)
 The next command will produce a warning about training mode,
   which may be ignored.
4 ms. Memory: 297984K Free: 129177K (43%)
 The next command will produce a warning about training mode,
   which may be ignored.
2 ms. Memory: 297984K Free: 127643K (43%)
2 ms. Memory: 297984K Free: 127115K (43%)
1 ms. Memory: 297984K Free: 127115K (43%)
2 ms. Memory: 297984K Free: 126105K (42%)
9 ms. Memory: 297984K Free: 125081K (42%)
6 ms. Memory: 297984K Free: 121499K (41%)
/home/travis/build/icyphy/ptII/ptolemy/actor/lib/test/TestExceptionHandler.tcl
 The next command will produce a warning about training mode,
   which may be ignored.
3 ms. Memory: 297984K Free: 120475K (40%)
1 ms. Memory: 297984K Free: 119961K (40%)
1 ms. Memory: 297984K Free: 118923K (40%)
/home/travis/build/icyphy/ptII/ptolemy/actor/lib/test/UnionDisassembler.tcl
36 ms. Memory: 297984K Free: 246425K (83%)
/home/travis/build/icyphy/ptII/ptolemy/actor/lib/test/VariableClock.tcl
preinitializing
resolving types
initializing
executing number 1
wrapping up
idle
11 ms. Memory: 297984K Free: 244891K (82%)
Completed execution with 11 iterations
preinitializing
resolving types
initializing
executing number 1
wrapping up
idle
3 ms. Memory: 297984K Free: 243339K (82%)
Completed execution with 10 iterations
07/24/19 05:14:43
Failed: 1  Total Tests: 234  ((Passed: 233, Newly Passed: 0)  Known Failed: 0) /home/travis/build/icyphy/ptII/ptolemy/actor/lib/test
----------------- testing (KnownFailure) /home/travis/build/icyphy/ptII/ptolemy/actor/lib/test/auto/knownFailedTests/PublisherPortToplevelSubscriber.xml
0 ms. Memory: 297984K Free: 239771K (80%)
Known Failure: java.lang.reflect.InvocationTargetException
----------------- testing (KnownFailure) /home/travis/build/icyphy/ptII/ptolemy/actor/lib/test/auto/knownFailedTests/PublisherSubscriberPortToplevel.xml
0 ms. Memory: 297984K Free: 236185K (79%)
Known Failure: java.lang.reflect.InvocationTargetException
----------------- testing (KnownFailure) /home/travis/build/icyphy/ptII/ptolemy/actor/lib/test/auto/knownFailedTests/PublisherSubscriptionAggregatorPort.xml
0 ms. Memory: 297984K Free: 232089K (78%)
Known Failure: java.lang.reflect.InvocationTargetException
----------------- testing (KnownFailure) /home/travis/build/icyphy/ptII/ptolemy/actor/lib/test/auto/knownFailedTests/sizedarray3.xml
12 ms. Memory: 297984K Free: 227993K (77%)
Known Failure: java.lang.reflect.InvocationTargetException
No auto/linux-amd64/*.xml tests in /home/travis/build/icyphy/ptII/ptolemy/actor/lib/test
AutoTests.java: About to close Vertx.
AutoTests.java: Vertx closed.

===========================================================================================
----------------- testing Wed Jul 24 05:14:43 UTC 2019 /home/travis/build/icyphy/ptII/ptolemy/actor/lib/test/auto/AbsoluteValue.xml
----------------- Instantiating /home/travis/build/icyphy/ptII/ptolemy/actor/lib/test/auto/AbsoluteValue.xml
4 ms. Memory: 297984K Free: 204955K (69%)
----------------- Invoking toplevel() on ptolemy.moml.MoMLSimpleApplication@5e018d20
----------------- Done invoking toplevel() on ptolemy.moml.MoMLSimpleApplication@5e018d20
reloadAllAccessors: .AbsoluteValue

===========================================================================================
----------------- testing Wed Jul 24 05:14:43 UTC 2019 /home/travis/build/icyphy/ptII/ptolemy/actor/lib/test/auto/AbsoluteValue2.xml
----------------- Instantiating /home/travis/build/icyphy/ptII/ptolemy/actor/lib/test/auto/AbsoluteValue2.xml
11 ms. Memory: 297984K Free: 197787K (66%)
----------------- Invoking toplevel() on ptolemy.moml.MoMLSimpleApplication@68e10d4a
----------------- Done invoking toplevel() on ptolemy.moml.MoMLSimpleApplication@68e10d4a
reloadAllAccessors: .AbsoluteValue2

===========================================================================================
----------------- testing Wed Jul 24 05:14:43 UTC 2019 /home/travis/build/icyphy/ptII/ptolemy/actor/lib/test/auto/Accumulator.xml
----------------- Instantiating /home/travis/build/icyphy/ptII/ptolemy/actor/lib/test/auto/Accumulator.xml
8 ms. Memory: 297984K Free: 191643K (64%)
----------------- Invoking toplevel() on ptolemy.moml.MoMLSimpleApplication@21b79ce5
----------------- Done invoking toplevel() on ptolemy.moml.MoMLSimpleApplication@21b79ce5
reloadAllAccessors: .Accumulator

===========================================================================================
----------------- testing Wed Jul 24 05:14:44 UTC 2019 /home/travis/build/icyphy/ptII/ptolemy/actor/lib/test/auto/Accumulator2.xml
----------------- Instantiating /home/travis/build/icyphy/ptII/ptolemy/actor/lib/test/auto/Accumulator2.xml
3 ms. Memory: 297984K Free: 186009K (62%)
----------------- Invoking toplevel() on ptolemy.moml.MoMLSimpleApplication@1d391b11
----------------- Done invoking toplevel() on ptolemy.moml.MoMLSimpleApplication@1d391b11
reloadAllAccessors: .Accumulator2

===========================================================================================
----------------- testing Wed Jul 24 05:14:44 UTC 2019 /home/travis/build/icyphy/ptII/ptolemy/actor/lib/test/auto/Accumulator3.xml
----------------- Instantiating /home/travis/build/icyphy/ptII/ptolemy/actor/lib/test/auto/Accumulator3.xml
3 ms. Memory: 297984K Free: 181913K (61%)
----------------- Invoking toplevel() on ptolemy.moml.MoMLSimpleApplication@55282a5f
----------------- Done invoking toplevel() on ptolemy.moml.MoMLSimpleApplication@55282a5f
reloadAllAccessors: .Accumulator3

===========================================================================================
----------------- testing Wed Jul 24 05:14:44 UTC 2019 /home/travis/build/icyphy/ptII/ptolemy/actor/lib/test/auto/ArrayAppend.xml
----------------- Instantiating /home/travis/build/icyphy/ptII/ptolemy/actor/lib/test/auto/ArrayAppend.xml
10 ms. Memory: 297984K Free: 176283K (59%)
----------------- Invoking toplevel() on ptolemy.moml.MoMLSimpleApplication@179e2d6f
----------------- Done invoking toplevel() on ptolemy.moml.MoMLSimpleApplication@179e2d6f
reloadAllAccessors: .ArrayAppend

===========================================================================================
----------------- testing Wed Jul 24 05:14:44 UTC 2019 /home/travis/build/icyphy/ptII/ptolemy/actor/lib/test/auto/ArrayAppend2.xml
----------------- Instantiating /home/travis/build/icyphy/ptII/ptolemy/actor/lib/test/auto/ArrayAppend2.xml
450 ms. Memory: 297984K Free: 250223K (84%)
----------------- Invoking toplevel() on ptolemy.moml.MoMLSimpleApplication@6f23450b
----------------- Done invoking toplevel() on ptolemy.moml.MoMLSimpleApplication@6f23450b
reloadAllAccessors: .ArrayAppend2

===========================================================================================
----------------- testing Wed Jul 24 05:14:44 UTC 2019 /home/travis/build/icyphy/ptII/ptolemy/actor/lib/test/auto/ArrayAppend3.xml
----------------- Instantiating /home/travis/build/icyphy/ptII/ptolemy/actor/lib/test/auto/ArrayAppend3.xml
6 ms. Memory: 297984K Free: 243565K (82%)
----------------- Invoking toplevel() on ptolemy.moml.MoMLSimpleApplication@38dbef21
----------------- Done invoking toplevel() on ptolemy.moml.MoMLSimpleApplication@38dbef21
reloadAllAccessors: .ArrayAppend3

===========================================================================================
----------------- testing Wed Jul 24 05:14:44 UTC 2019 /home/travis/build/icyphy/ptII/ptolemy/actor/lib/test/auto/ArrayAppend4.xml
----------------- Instantiating /home/travis/build/icyphy/ptII/ptolemy/actor/lib/test/auto/ArrayAppend4.xml
3 ms. Memory: 297984K Free: 238445K (80%)
----------------- Invoking toplevel() on ptolemy.moml.MoMLSimpleApplication@50b7ad98
----------------- Done invoking toplevel() on ptolemy.moml.MoMLSimpleApplication@50b7ad98
reloadAllAccessors: .ArrayAppend4

===========================================================================================
----------------- testing Wed Jul 24 05:14:44 UTC 2019 /home/travis/build/icyphy/ptII/ptolemy/actor/lib/test/auto/ArrayAppend5.xml
----------------- Instantiating /home/travis/build/icyphy/ptII/ptolemy/actor/lib/test/auto/ArrayAppend5.xml
3 ms. Memory: 297984K Free: 233325K (78%)
----------------- Invoking toplevel() on ptolemy.moml.MoMLSimpleApplication@7319e164
----------------- Done invoking toplevel() on ptolemy.moml.MoMLSimpleApplication@7319e164
reloadAllAccessors: .ArrayAppend5

===========================================================================================
----------------- testing Wed Jul 24 05:14:44 UTC 2019 /home/travis/build/icyphy/ptII/ptolemy/actor/lib/test/auto/ArrayAppend6.xml
----------------- Instantiating /home/travis/build/icyphy/ptII/ptolemy/actor/lib/test/auto/ArrayAppend6.xml
4 ms. Memory: 297984K Free: 228205K (77%)
----------------- Invoking toplevel() on ptolemy.moml.MoMLSimpleApplication@353aec4e
----------------- Done invoking toplevel() on ptolemy.moml.MoMLSimpleApplication@353aec4e
reloadAllAccessors: .ArrayAppend6

===========================================================================================
----------------- testing Wed Jul 24 05:14:44 UTC 2019 /home/travis/build/icyphy/ptII/ptolemy/actor/lib/test/auto/ArrayAppendPerformanceTest.xml
----------------- Instantiating /home/travis/build/icyphy/ptII/ptolemy/actor/lib/test/auto/ArrayAppendPerformanceTest.xml
37 ms. Memory: 297984K Free: 216941K (73%)
----------------- Invoking toplevel() on ptolemy.moml.MoMLSimpleApplication@14cfb36c
----------------- Done invoking toplevel() on ptolemy.moml.MoMLSimpleApplication@14cfb36c
reloadAllAccessors: .ArrayAppendPerformanceTest

===========================================================================================
----------------- testing Wed Jul 24 05:14:44 UTC 2019 /home/travis/build/icyphy/ptII/ptolemy/actor/lib/test/auto/ArrayAppendWithEmptyInput.xml
----------------- Instantiating /home/travis/build/icyphy/ptII/ptolemy/actor/lib/test/auto/ArrayAppendWithEmptyInput.xml
23 ms. Memory: 297984K Free: 208749K (70%)
----------------- Invoking toplevel() on ptolemy.moml.MoMLSimpleApplication@69e8f1f0
----------------- Done invoking toplevel() on ptolemy.moml.MoMLSimpleApplication@69e8f1f0
reloadAllAccessors: .ArrayAppendWithEmptyInput

===========================================================================================
----------------- testing Wed Jul 24 05:14:44 UTC 2019 /home/travis/build/icyphy/ptII/ptolemy/actor/lib/test/auto/ArrayAverage.xml
----------------- Instantiating /home/travis/build/icyphy/ptII/ptolemy/actor/lib/test/auto/ArrayAverage.xml
6 ms. Memory: 297984K Free: 201581K (68%)
----------------- Invoking toplevel() on ptolemy.moml.MoMLSimpleApplication@354dd31f
----------------- Done invoking toplevel() on ptolemy.moml.MoMLSimpleApplication@354dd31f
reloadAllAccessors: .ArrayAverage

===========================================================================================
----------------- testing Wed Jul 24 05:14:45 UTC 2019 /home/travis/build/icyphy/ptII/ptolemy/actor/lib/test/auto/ArrayContains.xml
----------------- Instantiating /home/travis/build/icyphy/ptII/ptolemy/actor/lib/test/auto/ArrayContains.xml
3 ms. Memory: 297984K Free: 194927K (65%)
----------------- Invoking toplevel() on ptolemy.moml.MoMLSimpleApplication@2fc8237b
----------------- Done invoking toplevel() on ptolemy.moml.MoMLSimpleApplication@2fc8237b
reloadAllAccessors: .ArrayContains

===========================================================================================
----------------- testing Wed Jul 24 05:14:45 UTC 2019 /home/travis/build/icyphy/ptII/ptolemy/actor/lib/test/auto/ArrayElement.xml
----------------- Instantiating /home/travis/build/icyphy/ptII/ptolemy/actor/lib/test/auto/ArrayElement.xml
8 ms. Memory: 297984K Free: 189293K (64%)
----------------- Invoking toplevel() on ptolemy.moml.MoMLSimpleApplication@582759db
----------------- Done invoking toplevel() on ptolemy.moml.MoMLSimpleApplication@582759db
reloadAllAccessors: .ArrayElement

===========================================================================================
----------------- testing Wed Jul 24 05:14:45 UTC 2019 /home/travis/build/icyphy/ptII/ptolemy/actor/lib/test/auto/ArrayElementAsMatrix.xml
----------------- Instantiating /home/travis/build/icyphy/ptII/ptolemy/actor/lib/test/auto/ArrayElementAsMatrix.xml
23 ms. Memory: 297984K Free: 179567K (60%)
----------------- Invoking toplevel() on ptolemy.moml.MoMLSimpleApplication@7a19a2b7
----------------- Done invoking toplevel() on ptolemy.moml.MoMLSimpleApplication@7a19a2b7
reloadAllAccessors: .ArrayElementAsMatrix

===========================================================================================
----------------- testing Wed Jul 24 05:14:45 UTC 2019 /home/travis/build/icyphy/ptII/ptolemy/actor/lib/test/auto/ArrayElementI.xml
----------------- Instantiating /home/travis/build/icyphy/ptII/ptolemy/actor/lib/test/auto/ArrayElementI.xml
6 ms. Memory: 297984K Free: 174447K (59%)
----------------- Invoking toplevel() on ptolemy.moml.MoMLSimpleApplication@5560dd69
----------------- Done invoking toplevel() on ptolemy.moml.MoMLSimpleApplication@5560dd69
reloadAllAccessors: .ArrayElementI

===========================================================================================
----------------- testing Wed Jul 24 05:14:45 UTC 2019 /home/travis/build/icyphy/ptII/ptolemy/actor/lib/test/auto/ArrayExtract.xml
----------------- Instantiating /home/travis/build/icyphy/ptII/ptolemy/actor/lib/test/auto/ArrayExtract.xml
8 ms. Memory: 297984K Free: 166255K (56%)
----------------- Invoking toplevel() on ptolemy.moml.MoMLSimpleApplication@f8e1d05
----------------- Done invoking toplevel() on ptolemy.moml.MoMLSimpleApplication@f8e1d05
reloadAllAccessors: .ArrayExtract

===========================================================================================
----------------- testing Wed Jul 24 05:14:45 UTC 2019 /home/travis/build/icyphy/ptII/ptolemy/actor/lib/test/auto/ArrayExtract2.xml
----------------- Instantiating /home/travis/build/icyphy/ptII/ptolemy/actor/lib/test/auto/ArrayExtract2.xml
2 ms. Memory: 297984K Free: 160607K (54%)
----------------- Invoking toplevel() on ptolemy.moml.MoMLSimpleApplication@68f50c2a
----------------- Done invoking toplevel() on ptolemy.moml.MoMLSimpleApplication@68f50c2a
reloadAllAccessors: .ArrayExtract2

===========================================================================================
----------------- testing Wed Jul 24 05:14:45 UTC 2019 /home/travis/build/icyphy/ptII/ptolemy/actor/lib/test/auto/ArrayLength.xml
----------------- Instantiating /home/travis/build/icyphy/ptII/ptolemy/actor/lib/test/auto/ArrayLength.xml
3 ms. Memory: 297984K Free: 157039K (53%)
----------------- Invoking toplevel() on ptolemy.moml.MoMLSimpleApplication@41f65407
----------------- Done invoking toplevel() on ptolemy.moml.MoMLSimpleApplication@41f65407
reloadAllAccessors: .ArrayLength

===========================================================================================
----------------- testing Wed Jul 24 05:14:45 UTC 2019 /home/travis/build/icyphy/ptII/ptolemy/actor/lib/test/auto/ArrayLevelCrossing.xml
----------------- Instantiating /home/travis/build/icyphy/ptII/ptolemy/actor/lib/test/auto/ArrayLevelCrossing.xml
4 ms. Memory: 297984K Free: 148847K (50%)
----------------- Invoking toplevel() on ptolemy.moml.MoMLSimpleApplication@7b4f1c7c
----------------- Done invoking toplevel() on ptolemy.moml.MoMLSimpleApplication@7b4f1c7c
reloadAllAccessors: .ArrayLevelCrossing

===========================================================================================
----------------- testing Wed Jul 24 05:14:45 UTC 2019 /home/travis/build/icyphy/ptII/ptolemy/actor/lib/test/auto/ArrayLevelCrossing2.xml
----------------- Instantiating /home/travis/build/icyphy/ptII/ptolemy/actor/lib/test/auto/ArrayLevelCrossing2.xml
3 ms. Memory: 297984K Free: 141679K (48%)
----------------- Invoking toplevel() on ptolemy.moml.MoMLSimpleApplication@5481c37b
----------------- Done invoking toplevel() on ptolemy.moml.MoMLSimpleApplication@5481c37b
reloadAllAccessors: .ArrayLevelCrossing2

===========================================================================================
----------------- testing Wed Jul 24 05:14:45 UTC 2019 /home/travis/build/icyphy/ptII/ptolemy/actor/lib/test/auto/ArrayPeakSearch.xml
----------------- Instantiating /home/travis/build/icyphy/ptII/ptolemy/actor/lib/test/auto/ArrayPeakSearch.xml
6 ms. Memory: 297984K Free: 132463K (44%)
----------------- Invoking toplevel() on ptolemy.moml.MoMLSimpleApplication@65e80151
----------------- Done invoking toplevel() on ptolemy.moml.MoMLSimpleApplication@65e80151
reloadAllAccessors: .ArrayPeakSearch

===========================================================================================
----------------- testing Wed Jul 24 05:14:45 UTC 2019 /home/travis/build/icyphy/ptII/ptolemy/actor/lib/test/auto/ArrayPeakSearch2.xml
----------------- Instantiating /home/travis/build/icyphy/ptII/ptolemy/actor/lib/test/auto/ArrayPeakSearch2.xml
7 ms. Memory: 297984K Free: 122223K (41%)
----------------- Invoking toplevel() on ptolemy.moml.MoMLSimpleApplication@4669e54c
----------------- Done invoking toplevel() on ptolemy.moml.MoMLSimpleApplication@4669e54c
reloadAllAccessors: .ArrayPeakSearch2

===========================================================================================
----------------- testing Wed Jul 24 05:14:45 UTC 2019 /home/travis/build/icyphy/ptII/ptolemy/actor/lib/test/auto/ArrayPeakSearch3.xml
----------------- Instantiating /home/travis/build/icyphy/ptII/ptolemy/actor/lib/test/auto/ArrayPeakSearch3.xml
6 ms. Memory: 297984K Free: 113007K (38%)
----------------- Invoking toplevel() on ptolemy.moml.MoMLSimpleApplication@78ff7f63
----------------- Done invoking toplevel() on ptolemy.moml.MoMLSimpleApplication@78ff7f63
reloadAllAccessors: .ArrayPeakSearch3

===========================================================================================
----------------- testing Wed Jul 24 05:14:45 UTC 2019 /home/travis/build/icyphy/ptII/ptolemy/actor/lib/test/auto/ArrayRemoveElement.xml
----------------- Instantiating /home/travis/build/icyphy/ptII/ptolemy/actor/lib/test/auto/ArrayRemoveElement.xml
3 ms. Memory: 297984K Free: 105325K (35%)
----------------- Invoking toplevel() on ptolemy.moml.MoMLSimpleApplication@7b31c17e
----------------- Done invoking toplevel() on ptolemy.moml.MoMLSimpleApplication@7b31c17e
reloadAllAccessors: .ArrayRemoveElement

===========================================================================================
----------------- testing Wed Jul 24 05:14:45 UTC 2019 /home/travis/build/icyphy/ptII/ptolemy/actor/lib/test/auto/ArraySort.xml
----------------- Instantiating /home/travis/build/icyphy/ptII/ptolemy/actor/lib/test/auto/ArraySort.xml
6 ms. Memory: 297984K Free: 96109K (32%)
----------------- Invoking toplevel() on ptolemy.moml.MoMLSimpleApplication@20b92cc5
----------------- Done invoking toplevel() on ptolemy.moml.MoMLSimpleApplication@20b92cc5
reloadAllAccessors: .ArraySort

===========================================================================================
----------------- testing Wed Jul 24 05:14:45 UTC 2019 /home/travis/build/icyphy/ptII/ptolemy/actor/lib/test/auto/ArraySum.xml
----------------- Instantiating /home/travis/build/icyphy/ptII/ptolemy/actor/lib/test/auto/ArraySum.xml
3 ms. Memory: 297984K Free: 90989K (31%)
----------------- Invoking toplevel() on ptolemy.moml.MoMLSimpleApplication@485225d1
----------------- Done invoking toplevel() on ptolemy.moml.MoMLSimpleApplication@485225d1
reloadAllAccessors: .ArraySum

===========================================================================================
----------------- testing Wed Jul 24 05:14:45 UTC 2019 /home/travis/build/icyphy/ptII/ptolemy/actor/lib/test/auto/ArrayToElements.xml
----------------- Instantiating /home/travis/build/icyphy/ptII/ptolemy/actor/lib/test/auto/ArrayToElements.xml
7 ms. Memory: 297984K Free: 85359K (29%)
----------------- Invoking toplevel() on ptolemy.moml.MoMLSimpleApplication@4c9d28f9
----------------- Done invoking toplevel() on ptolemy.moml.MoMLSimpleApplication@4c9d28f9
reloadAllAccessors: .ArrayToElements

===========================================================================================
----------------- testing Wed Jul 24 05:14:45 UTC 2019 /home/travis/build/icyphy/ptII/ptolemy/actor/lib/test/auto/ArrayToMatrix.xml
----------------- Instantiating /home/travis/build/icyphy/ptII/ptolemy/actor/lib/test/auto/ArrayToMatrix.xml
12 ms. Memory: 297984K Free: 241519K (81%)
----------------- Invoking toplevel() on ptolemy.moml.MoMLSimpleApplication@4af8b2e
----------------- Done invoking toplevel() on ptolemy.moml.MoMLSimpleApplication@4af8b2e
reloadAllAccessors: .ArrayToMatrix

===========================================================================================
----------------- testing Wed Jul 24 05:14:45 UTC 2019 /home/travis/build/icyphy/ptII/ptolemy/actor/lib/test/auto/ArrayUpdate1.xml
----------------- Instantiating /home/travis/build/icyphy/ptII/ptolemy/actor/lib/test/auto/ArrayUpdate1.xml
5 ms. Memory: 297984K Free: 236399K (79%)
----------------- Invoking toplevel() on ptolemy.moml.MoMLSimpleApplication@ac81fdf
----------------- Done invoking toplevel() on ptolemy.moml.MoMLSimpleApplication@ac81fdf
reloadAllAccessors: .ArrayUpdate1

===========================================================================================
----------------- testing Wed Jul 24 05:14:45 UTC 2019 /home/travis/build/icyphy/ptII/ptolemy/actor/lib/test/auto/ArrayUpdate2.xml
----------------- Instantiating /home/travis/build/icyphy/ptII/ptolemy/actor/lib/test/auto/ArrayUpdate2.xml
16 ms. Memory: 297984K Free: 230255K (77%)
----------------- Invoking toplevel() on ptolemy.moml.MoMLSimpleApplication@7fb8ca73
----------------- Done invoking toplevel() on ptolemy.moml.MoMLSimpleApplication@7fb8ca73
reloadAllAccessors: .ArrayUpdate2

===========================================================================================
----------------- testing Wed Jul 24 05:14:45 UTC 2019 /home/travis/build/icyphy/ptII/ptolemy/actor/lib/test/auto/ArrayUpdate3.xml
----------------- Instantiating /home/travis/build/icyphy/ptII/ptolemy/actor/lib/test/auto/ArrayUpdate3.xml
3 ms. Memory: 297984K Free: 225135K (76%)
----------------- Invoking toplevel() on ptolemy.moml.MoMLSimpleApplication@71681d9b
----------------- Done invoking toplevel() on ptolemy.moml.MoMLSimpleApplication@71681d9b
reloadAllAccessors: .ArrayUpdate3

===========================================================================================
----------------- testing Wed Jul 24 05:14:45 UTC 2019 /home/travis/build/icyphy/ptII/ptolemy/actor/lib/test/auto/Assert1.xml
----------------- Instantiating /home/travis/build/icyphy/ptII/ptolemy/actor/lib/test/auto/Assert1.xml
4 ms. Memory: 297984K Free: 221039K (74%)
----------------- Invoking toplevel() on ptolemy.moml.MoMLSimpleApplication@173d0ccc
----------------- Done invoking toplevel() on ptolemy.moml.MoMLSimpleApplication@173d0ccc
reloadAllAccessors: .Assert1

===========================================================================================
----------------- testing Wed Jul 24 05:14:45 UTC 2019 /home/travis/build/icyphy/ptII/ptolemy/actor/lib/test/auto/Assert2.xml
----------------- Instantiating /home/travis/build/icyphy/ptII/ptolemy/actor/lib/test/auto/Assert2.xml
4 ms. Memory: 297984K Free: 215919K (72%)
----------------- Invoking toplevel() on ptolemy.moml.MoMLSimpleApplication@3b03f0aa
----------------- Done invoking toplevel() on ptolemy.moml.MoMLSimpleApplication@3b03f0aa
reloadAllAccessors: .Assert2

===========================================================================================
----------------- testing Wed Jul 24 05:14:45 UTC 2019 /home/travis/build/icyphy/ptII/ptolemy/actor/lib/test/auto/BooleanMultiplexor.xml
----------------- Instantiating /home/travis/build/icyphy/ptII/ptolemy/actor/lib/test/auto/BooleanMultiplexor.xml
3 ms. Memory: 297984K Free: 210785K (71%)
----------------- Invoking toplevel() on ptolemy.moml.MoMLSimpleApplication@6b033b0
----------------- Done invoking toplevel() on ptolemy.moml.MoMLSimpleApplication@6b033b0
reloadAllAccessors: .BooleanMultiplexor

===========================================================================================
----------------- testing Wed Jul 24 05:14:45 UTC 2019 /home/travis/build/icyphy/ptII/ptolemy/actor/lib/test/auto/BooleanMultiplexor2.xml
----------------- Instantiating /home/travis/build/icyphy/ptII/ptolemy/actor/lib/test/auto/BooleanMultiplexor2.xml
12 ms. Memory: 297984K Free: 204145K (69%)
----------------- Invoking toplevel() on ptolemy.moml.MoMLSimpleApplication@58c4a40f
----------------- Done invoking toplevel() on ptolemy.moml.MoMLSimpleApplication@58c4a40f
reloadAllAccessors: .BooleanMultiplexor2

===========================================================================================
----------------- testing Wed Jul 24 05:14:45 UTC 2019 /home/travis/build/icyphy/ptII/ptolemy/actor/lib/test/auto/BooleanMultiplexor3.xml
----------------- Instantiating /home/travis/build/icyphy/ptII/ptolemy/actor/lib/test/auto/BooleanMultiplexor3.xml
4 ms. Memory: 297984K Free: 200049K (67%)
----------------- Invoking toplevel() on ptolemy.moml.MoMLSimpleApplication@eb42828
----------------- Done invoking toplevel() on ptolemy.moml.MoMLSimpleApplication@eb42828
reloadAllAccessors: .BooleanMultiplexor3

===========================================================================================
----------------- testing Wed Jul 24 05:14:45 UTC 2019 /home/travis/build/icyphy/ptII/ptolemy/actor/lib/test/auto/BooleanSelect.xml
----------------- Instantiating /home/travis/build/icyphy/ptII/ptolemy/actor/lib/test/auto/BooleanSelect.xml
9 ms. Memory: 297984K Free: 194401K (65%)
----------------- Invoking toplevel() on ptolemy.moml.MoMLSimpleApplication@114078ca
----------------- Done invoking toplevel() on ptolemy.moml.MoMLSimpleApplication@114078ca
reloadAllAccessors: .BooleanSelect

===========================================================================================
----------------- testing Wed Jul 24 05:14:45 UTC 2019 /home/travis/build/icyphy/ptII/ptolemy/actor/lib/test/auto/BooleanSelect2.xml
----------------- Instantiating /home/travis/build/icyphy/ptII/ptolemy/actor/lib/test/auto/BooleanSelect2.xml
4 ms. Memory: 297984K Free: 189809K (64%)
----------------- Invoking toplevel() on ptolemy.moml.MoMLSimpleApplication@5288abd0
----------------- Done invoking toplevel() on ptolemy.moml.MoMLSimpleApplication@5288abd0
reloadAllAccessors: .BooleanSelect2

===========================================================================================
----------------- testing Wed Jul 24 05:14:46 UTC 2019 /home/travis/build/icyphy/ptII/ptolemy/actor/lib/test/auto/BooleanSwitch.xml
----------------- Instantiating /home/travis/build/icyphy/ptII/ptolemy/actor/lib/test/auto/BooleanSwitch.xml
7 ms. Memory: 297984K Free: 184175K (62%)
----------------- Invoking toplevel() on ptolemy.moml.MoMLSimpleApplication@73311813
----------------- Done invoking toplevel() on ptolemy.moml.MoMLSimpleApplication@73311813
reloadAllAccessors: .BooleanSwitch

===========================================================================================
----------------- testing Wed Jul 24 05:14:46 UTC 2019 /home/travis/build/icyphy/ptII/ptolemy/actor/lib/test/auto/BooleanSwitch2.xml
----------------- Instantiating /home/travis/build/icyphy/ptII/ptolemy/actor/lib/test/auto/BooleanSwitch2.xml
1 ms. Memory: 297984K Free: 179055K (60%)
----------------- Invoking toplevel() on ptolemy.moml.MoMLSimpleApplication@7ce8946b
----------------- Done invoking toplevel() on ptolemy.moml.MoMLSimpleApplication@7ce8946b
reloadAllAccessors: .BooleanSwitch2

===========================================================================================
----------------- testing Wed Jul 24 05:14:46 UTC 2019 /home/travis/build/icyphy/ptII/ptolemy/actor/lib/test/auto/BooleanSwitchCloningBugWithClassRelationGroup.xml
----------------- Instantiating /home/travis/build/icyphy/ptII/ptolemy/actor/lib/test/auto/BooleanSwitchCloningBugWithClassRelationGroup.xml
3 ms. Memory: 297984K Free: 172911K (58%)
----------------- Invoking toplevel() on ptolemy.moml.MoMLSimpleApplication@7192a0be
----------------- Done invoking toplevel() on ptolemy.moml.MoMLSimpleApplication@7192a0be
reloadAllAccessors: .BooleanSwitchCloningBugWithClassRelationGroup

===========================================================================================
----------------- testing Wed Jul 24 05:14:46 UTC 2019 /home/travis/build/icyphy/ptII/ptolemy/actor/lib/test/auto/BusActors.xml
----------------- Instantiating /home/travis/build/icyphy/ptII/ptolemy/actor/lib/test/auto/BusActors.xml
4 ms. Memory: 297984K Free: 164719K (55%)
----------------- Invoking toplevel() on ptolemy.moml.MoMLSimpleApplication@2585d195
----------------- Done invoking toplevel() on ptolemy.moml.MoMLSimpleApplication@2585d195
reloadAllAccessors: .BusActors

===========================================================================================
----------------- testing Wed Jul 24 05:14:46 UTC 2019 /home/travis/build/icyphy/ptII/ptolemy/actor/lib/test/auto/ClassWrapper.xml
----------------- Instantiating /home/travis/build/icyphy/ptII/ptolemy/actor/lib/test/auto/ClassWrapper.xml
4 ms. Memory: 297984K Free: 160623K (54%)
----------------- Invoking toplevel() on ptolemy.moml.MoMLSimpleApplication@5534c02e
----------------- Done invoking toplevel() on ptolemy.moml.MoMLSimpleApplication@5534c02e
reloadAllAccessors: .ClassWrapper

===========================================================================================
----------------- testing Wed Jul 24 05:14:46 UTC 2019 /home/travis/build/icyphy/ptII/ptolemy/actor/lib/test/auto/Clock.xml
----------------- Instantiating /home/travis/build/icyphy/ptII/ptolemy/actor/lib/test/auto/Clock.xml
1 ms. Memory: 297984K Free: 156527K (53%)
----------------- Invoking toplevel() on ptolemy.moml.MoMLSimpleApplication@503b48b2
----------------- Done invoking toplevel() on ptolemy.moml.MoMLSimpleApplication@503b48b2
reloadAllAccessors: .Clock

===========================================================================================
----------------- testing Wed Jul 24 05:14:46 UTC 2019 /home/travis/build/icyphy/ptII/ptolemy/actor/lib/test/auto/Clock10.xml
----------------- Instantiating /home/travis/build/icyphy/ptII/ptolemy/actor/lib/test/auto/Clock10.xml
4 ms. Memory: 297984K Free: 150897K (51%)
----------------- Invoking toplevel() on ptolemy.moml.MoMLSimpleApplication@3838e628
----------------- Done invoking toplevel() on ptolemy.moml.MoMLSimpleApplication@3838e628
reloadAllAccessors: .Clock10

===========================================================================================
----------------- testing Wed Jul 24 05:14:46 UTC 2019 /home/travis/build/icyphy/ptII/ptolemy/actor/lib/test/auto/Clock11.xml
----------------- Instantiating /home/travis/build/icyphy/ptII/ptolemy/actor/lib/test/auto/Clock11.xml
5 ms. Memory: 297984K Free: 144753K (49%)
----------------- Invoking toplevel() on ptolemy.moml.MoMLSimpleApplication@4d30e73c
----------------- Done invoking toplevel() on ptolemy.moml.MoMLSimpleApplication@4d30e73c
reloadAllAccessors: .Clock11

===========================================================================================
----------------- testing Wed Jul 24 05:14:46 UTC 2019 /home/travis/build/icyphy/ptII/ptolemy/actor/lib/test/auto/Clock12.xml
----------------- Instantiating /home/travis/build/icyphy/ptII/ptolemy/actor/lib/test/auto/Clock12.xml
5 ms. Memory: 297984K Free: 139119K (47%)
----------------- Invoking toplevel() on ptolemy.moml.MoMLSimpleApplication@ded6758
----------------- Done invoking toplevel() on ptolemy.moml.MoMLSimpleApplication@ded6758
reloadAllAccessors: .Clock12

===========================================================================================
----------------- testing Wed Jul 24 05:14:46 UTC 2019 /home/travis/build/icyphy/ptII/ptolemy/actor/lib/test/auto/Clock13.xml
----------------- Instantiating /home/travis/build/icyphy/ptII/ptolemy/actor/lib/test/auto/Clock13.xml
7 ms. Memory: 297984K Free: 132945K (45%)
----------------- Invoking toplevel() on ptolemy.moml.MoMLSimpleApplication@1e9df63c
----------------- Done invoking toplevel() on ptolemy.moml.MoMLSimpleApplication@1e9df63c
reloadAllAccessors: .Clock13

===========================================================================================
----------------- testing Wed Jul 24 05:14:46 UTC 2019 /home/travis/build/icyphy/ptII/ptolemy/actor/lib/test/auto/Clock14.xml
----------------- Instantiating /home/travis/build/icyphy/ptII/ptolemy/actor/lib/test/auto/Clock14.xml
6 ms. Memory: 297984K Free: 127345K (43%)
----------------- Invoking toplevel() on ptolemy.moml.MoMLSimpleApplication@1b706ab7
----------------- Done invoking toplevel() on ptolemy.moml.MoMLSimpleApplication@1b706ab7
reloadAllAccessors: .Clock14

===========================================================================================
----------------- testing Wed Jul 24 05:14:46 UTC 2019 /home/travis/build/icyphy/ptII/ptolemy/actor/lib/test/auto/Clock15.xml
----------------- Instantiating /home/travis/build/icyphy/ptII/ptolemy/actor/lib/test/auto/Clock15.xml
5 ms. Memory: 297984K Free: 121201K (41%)
----------------- Invoking toplevel() on ptolemy.moml.MoMLSimpleApplication@57b10702
----------------- Done invoking toplevel() on ptolemy.moml.MoMLSimpleApplication@57b10702
reloadAllAccessors: .Clock15

===========================================================================================
----------------- testing Wed Jul 24 05:14:46 UTC 2019 /home/travis/build/icyphy/ptII/ptolemy/actor/lib/test/auto/Clock16.xml
----------------- Instantiating /home/travis/build/icyphy/ptII/ptolemy/actor/lib/test/auto/Clock16.xml
42 ms. Memory: 297984K Free: 106337K (36%)
----------------- Invoking toplevel() on ptolemy.moml.MoMLSimpleApplication@26b12a0e
----------------- Done invoking toplevel() on ptolemy.moml.MoMLSimpleApplication@26b12a0e
reloadAllAccessors: .Clock16

===========================================================================================
----------------- testing Wed Jul 24 05:14:46 UTC 2019 /home/travis/build/icyphy/ptII/ptolemy/actor/lib/test/auto/Clock17.xml
----------------- Instantiating /home/travis/build/icyphy/ptII/ptolemy/actor/lib/test/auto/Clock17.xml
18 ms. Memory: 297984K Free: 92529K (31%)
----------------- Invoking toplevel() on ptolemy.moml.MoMLSimpleApplication@3019c1ee
----------------- Done invoking toplevel() on ptolemy.moml.MoMLSimpleApplication@3019c1ee
reloadAllAccessors: .Clock17

===========================================================================================
----------------- testing Wed Jul 24 05:14:46 UTC 2019 /home/travis/build/icyphy/ptII/ptolemy/actor/lib/test/auto/Clock18.xml
----------------- Instantiating /home/travis/build/icyphy/ptII/ptolemy/actor/lib/test/auto/Clock18.xml
22 ms. Memory: 297984K Free: 79217K (27%)
----------------- Invoking toplevel() on ptolemy.moml.MoMLSimpleApplication@5ced42b1
----------------- Done invoking toplevel() on ptolemy.moml.MoMLSimpleApplication@5ced42b1
reloadAllAccessors: .Clock18

===========================================================================================
----------------- testing Wed Jul 24 05:14:46 UTC 2019 /home/travis/build/icyphy/ptII/ptolemy/actor/lib/test/auto/Clock19.xml
----------------- Instantiating /home/travis/build/icyphy/ptII/ptolemy/actor/lib/test/auto/Clock19.xml
16 ms. Memory: 297984K Free: 241757K (81%)
----------------- Invoking toplevel() on ptolemy.moml.MoMLSimpleApplication@671b86a1
----------------- Done invoking toplevel() on ptolemy.moml.MoMLSimpleApplication@671b86a1
reloadAllAccessors: .Clock19

===========================================================================================
----------------- testing Wed Jul 24 05:14:46 UTC 2019 /home/travis/build/icyphy/ptII/ptolemy/actor/lib/test/auto/Clock2.xml
----------------- Instantiating /home/travis/build/icyphy/ptII/ptolemy/actor/lib/test/auto/Clock2.xml
8 ms. Memory: 297984K Free: 237151K (80%)
----------------- Invoking toplevel() on ptolemy.moml.MoMLSimpleApplication@63a554dd
----------------- Done invoking toplevel() on ptolemy.moml.MoMLSimpleApplication@63a554dd
reloadAllAccessors: .Clock2

===========================================================================================
----------------- testing Wed Jul 24 05:14:46 UTC 2019 /home/travis/build/icyphy/ptII/ptolemy/actor/lib/test/auto/Clock20.xml
----------------- Instantiating /home/travis/build/icyphy/ptII/ptolemy/actor/lib/test/auto/Clock20.xml
11 ms. Memory: 297984K Free: 231007K (78%)
----------------- Invoking toplevel() on ptolemy.moml.MoMLSimpleApplication@9f2bc4f
----------------- Done invoking toplevel() on ptolemy.moml.MoMLSimpleApplication@9f2bc4f
reloadAllAccessors: .Clock20

===========================================================================================
----------------- testing Wed Jul 24 05:14:46 UTC 2019 /home/travis/build/icyphy/ptII/ptolemy/actor/lib/test/auto/Clock21.xml
----------------- Instantiating /home/travis/build/icyphy/ptII/ptolemy/actor/lib/test/auto/Clock21.xml
6 ms. Memory: 297984K Free: 225887K (76%)
----------------- Invoking toplevel() on ptolemy.moml.MoMLSimpleApplication@1690b8de
----------------- Done invoking toplevel() on ptolemy.moml.MoMLSimpleApplication@1690b8de
reloadAllAccessors: .Clock21

===========================================================================================
----------------- testing Wed Jul 24 05:14:46 UTC 2019 /home/travis/build/icyphy/ptII/ptolemy/actor/lib/test/auto/Clock22.xml
----------------- Instantiating /home/travis/build/icyphy/ptII/ptolemy/actor/lib/test/auto/Clock22.xml
5 ms. Memory: 297984K Free: 220253K (74%)
----------------- Invoking toplevel() on ptolemy.moml.MoMLSimpleApplication@20c71aa8
----------------- Done invoking toplevel() on ptolemy.moml.MoMLSimpleApplication@20c71aa8
reloadAllAccessors: .Clock22

===========================================================================================
----------------- testing Wed Jul 24 05:14:46 UTC 2019 /home/travis/build/icyphy/ptII/ptolemy/actor/lib/test/auto/Clock23.xml
----------------- Instantiating /home/travis/build/icyphy/ptII/ptolemy/actor/lib/test/auto/Clock23.xml
6 ms. Memory: 297984K Free: 215133K (72%)
----------------- Invoking toplevel() on ptolemy.moml.MoMLSimpleApplication@619dda14
----------------- Done invoking toplevel() on ptolemy.moml.MoMLSimpleApplication@619dda14
reloadAllAccessors: .Clock23

===========================================================================================
----------------- testing Wed Jul 24 05:14:46 UTC 2019 /home/travis/build/icyphy/ptII/ptolemy/actor/lib/test/auto/Clock24.xml
----------------- Instantiating /home/travis/build/icyphy/ptII/ptolemy/actor/lib/test/auto/Clock24.xml
7 ms. Memory: 297984K Free: 209503K (70%)
----------------- Invoking toplevel() on ptolemy.moml.MoMLSimpleApplication@2c61bb5a
----------------- Done invoking toplevel() on ptolemy.moml.MoMLSimpleApplication@2c61bb5a
reloadAllAccessors: .Clock24

===========================================================================================
----------------- testing Wed Jul 24 05:14:46 UTC 2019 /home/travis/build/icyphy/ptII/ptolemy/actor/lib/test/auto/Clock4.xml
----------------- Instantiating /home/travis/build/icyphy/ptII/ptolemy/actor/lib/test/auto/Clock4.xml
1 ms. Memory: 297984K Free: 204863K (69%)
----------------- Invoking toplevel() on ptolemy.moml.MoMLSimpleApplication@3d68ba70
----------------- Done invoking toplevel() on ptolemy.moml.MoMLSimpleApplication@3d68ba70
reloadAllAccessors: .Clock4

===========================================================================================
----------------- testing Wed Jul 24 05:14:46 UTC 2019 /home/travis/build/icyphy/ptII/ptolemy/actor/lib/test/auto/Clock5.xml
----------------- Instantiating /home/travis/build/icyphy/ptII/ptolemy/actor/lib/test/auto/Clock5.xml
2 ms. Memory: 297984K Free: 199263K (67%)
----------------- Invoking toplevel() on ptolemy.moml.MoMLSimpleApplication@5621988c
----------------- Done invoking toplevel() on ptolemy.moml.MoMLSimpleApplication@5621988c
reloadAllAccessors: .Clock5

===========================================================================================
----------------- testing Wed Jul 24 05:14:46 UTC 2019 /home/travis/build/icyphy/ptII/ptolemy/actor/lib/test/auto/Clock6.xml
----------------- Instantiating /home/travis/build/icyphy/ptII/ptolemy/actor/lib/test/auto/Clock6.xml
3 ms. Memory: 297984K Free: 194653K (65%)
----------------- Invoking toplevel() on ptolemy.moml.MoMLSimpleApplication@421d4c0c
----------------- Done invoking toplevel() on ptolemy.moml.MoMLSimpleApplication@421d4c0c
reloadAllAccessors: .Clock6

===========================================================================================
----------------- testing Wed Jul 24 05:14:46 UTC 2019 /home/travis/build/icyphy/ptII/ptolemy/actor/lib/test/auto/Clock7.xml
----------------- Instantiating /home/travis/build/icyphy/ptII/ptolemy/actor/lib/test/auto/Clock7.xml
3 ms. Memory: 297984K Free: 190557K (64%)
----------------- Invoking toplevel() on ptolemy.moml.MoMLSimpleApplication@401d4838
----------------- Done invoking toplevel() on ptolemy.moml.MoMLSimpleApplication@401d4838
reloadAllAccessors: .Clock7

===========================================================================================
----------------- testing Wed Jul 24 05:14:46 UTC 2019 /home/travis/build/icyphy/ptII/ptolemy/actor/lib/test/auto/Clock8.xml
----------------- Instantiating /home/travis/build/icyphy/ptII/ptolemy/actor/lib/test/auto/Clock8.xml
4 ms. Memory: 297984K Free: 184399K (62%)
----------------- Invoking toplevel() on ptolemy.moml.MoMLSimpleApplication@3be4a834
----------------- Done invoking toplevel() on ptolemy.moml.MoMLSimpleApplication@3be4a834
reloadAllAccessors: .Clock8

===========================================================================================
----------------- testing Wed Jul 24 05:14:46 UTC 2019 /home/travis/build/icyphy/ptII/ptolemy/actor/lib/test/auto/Clock9.xml
----------------- Instantiating /home/travis/build/icyphy/ptII/ptolemy/actor/lib/test/auto/Clock9.xml
4 ms. Memory: 297984K Free: 178783K (60%)
----------------- Invoking toplevel() on ptolemy.moml.MoMLSimpleApplication@77cb4023
----------------- Done invoking toplevel() on ptolemy.moml.MoMLSimpleApplication@77cb4023
reloadAllAccessors: .Clock9

===========================================================================================
----------------- testing Wed Jul 24 05:14:46 UTC 2019 /home/travis/build/icyphy/ptII/ptolemy/actor/lib/test/auto/CommDistDiscard.xml
----------------- Instantiating /home/travis/build/icyphy/ptII/ptolemy/actor/lib/test/auto/CommDistDiscard.xml
5 ms. Memory: 297984K Free: 173663K (58%)
----------------- Invoking toplevel() on ptolemy.moml.MoMLSimpleApplication@407acc86
----------------- Done invoking toplevel() on ptolemy.moml.MoMLSimpleApplication@407acc86
reloadAllAccessors: .CommDistDiscard

===========================================================================================
----------------- testing Wed Jul 24 05:14:47 UTC 2019 /home/travis/build/icyphy/ptII/ptolemy/actor/lib/test/auto/Commutator.xml
----------------- Instantiating /home/travis/build/icyphy/ptII/ptolemy/actor/lib/test/auto/Commutator.xml
2 ms. Memory: 297984K Free: 169053K (57%)
----------------- Invoking toplevel() on ptolemy.moml.MoMLSimpleApplication@2816139b
----------------- Done invoking toplevel() on ptolemy.moml.MoMLSimpleApplication@2816139b
reloadAllAccessors: .Commutator

===========================================================================================
----------------- testing Wed Jul 24 05:14:47 UTC 2019 /home/travis/build/icyphy/ptII/ptolemy/actor/lib/test/auto/Commutator2.xml
----------------- Instantiating /home/travis/build/icyphy/ptII/ptolemy/actor/lib/test/auto/Commutator2.xml
2 ms. Memory: 297984K Free: 164957K (55%)
----------------- Invoking toplevel() on ptolemy.moml.MoMLSimpleApplication@48a91068
----------------- Done invoking toplevel() on ptolemy.moml.MoMLSimpleApplication@48a91068
reloadAllAccessors: .Commutator2

===========================================================================================
----------------- testing Wed Jul 24 05:14:47 UTC 2019 /home/travis/build/icyphy/ptII/ptolemy/actor/lib/test/auto/Commutator3.xml
----------------- Instantiating /home/travis/build/icyphy/ptII/ptolemy/actor/lib/test/auto/Commutator3.xml
3 ms. Memory: 297984K Free: 160351K (54%)
----------------- Invoking toplevel() on ptolemy.moml.MoMLSimpleApplication@6881652
----------------- Done invoking toplevel() on ptolemy.moml.MoMLSimpleApplication@6881652
reloadAllAccessors: .Commutator3

===========================================================================================
----------------- testing Wed Jul 24 05:14:47 UTC 2019 /home/travis/build/icyphy/ptII/ptolemy/actor/lib/test/auto/Compare.xml
----------------- Instantiating /home/travis/build/icyphy/ptII/ptolemy/actor/lib/test/auto/Compare.xml
3 ms. Memory: 297984K Free: 153693K (52%)
----------------- Invoking toplevel() on ptolemy.moml.MoMLSimpleApplication@578395ba
----------------- Done invoking toplevel() on ptolemy.moml.MoMLSimpleApplication@578395ba
reloadAllAccessors: .Compare

===========================================================================================
----------------- testing Wed Jul 24 05:14:47 UTC 2019 /home/travis/build/icyphy/ptII/ptolemy/actor/lib/test/auto/CompareDE.xml
----------------- Instantiating /home/travis/build/icyphy/ptII/ptolemy/actor/lib/test/auto/CompareDE.xml
3 ms. Memory: 297984K Free: 147039K (49%)
----------------- Invoking toplevel() on ptolemy.moml.MoMLSimpleApplication@7548c6d5
----------------- Done invoking toplevel() on ptolemy.moml.MoMLSimpleApplication@7548c6d5
reloadAllAccessors: .CompareDE

===========================================================================================
----------------- testing Wed Jul 24 05:14:47 UTC 2019 /home/travis/build/icyphy/ptII/ptolemy/actor/lib/test/auto/ComplexDivide.xml
----------------- Instantiating /home/travis/build/icyphy/ptII/ptolemy/actor/lib/test/auto/ComplexDivide.xml
1 ms. Memory: 297984K Free: 142943K (48%)
----------------- Invoking toplevel() on ptolemy.moml.MoMLSimpleApplication@70658ad8
----------------- Done invoking toplevel() on ptolemy.moml.MoMLSimpleApplication@70658ad8
reloadAllAccessors: .ComplexDivide

===========================================================================================
----------------- testing Wed Jul 24 05:14:47 UTC 2019 /home/travis/build/icyphy/ptII/ptolemy/actor/lib/test/auto/ComputeHistogram.xml
----------------- Instantiating /home/travis/build/icyphy/ptII/ptolemy/actor/lib/test/auto/ComputeHistogram.xml
35 ms. Memory: 297984K Free: 130655K (44%)
----------------- Invoking toplevel() on ptolemy.moml.MoMLSimpleApplication@54ed52eb
----------------- Done invoking toplevel() on ptolemy.moml.MoMLSimpleApplication@54ed52eb
reloadAllAccessors: .ComputeHistogram

===========================================================================================
----------------- testing Wed Jul 24 05:14:47 UTC 2019 /home/travis/build/icyphy/ptII/ptolemy/actor/lib/test/auto/ConfigurationSelect.xml
----------------- Instantiating /home/travis/build/icyphy/ptII/ptolemy/actor/lib/test/auto/ConfigurationSelect.xml
10 ms. Memory: 297984K Free: 125015K (42%)
----------------- Invoking toplevel() on ptolemy.moml.MoMLSimpleApplication@4539424b
----------------- Done invoking toplevel() on ptolemy.moml.MoMLSimpleApplication@4539424b
reloadAllAccessors: .ConfigurationSelect

===========================================================================================
----------------- testing Wed Jul 24 05:14:47 UTC 2019 /home/travis/build/icyphy/ptII/ptolemy/actor/lib/test/auto/ConfigurationSelect2.xml
----------------- Instantiating /home/travis/build/icyphy/ptII/ptolemy/actor/lib/test/auto/ConfigurationSelect2.xml
3 ms. Memory: 297984K Free: 120415K (40%)
----------------- Invoking toplevel() on ptolemy.moml.MoMLSimpleApplication@4248be71
----------------- Done invoking toplevel() on ptolemy.moml.MoMLSimpleApplication@4248be71
reloadAllAccessors: .ConfigurationSelect2

===========================================================================================
----------------- testing Wed Jul 24 05:14:47 UTC 2019 /home/travis/build/icyphy/ptII/ptolemy/actor/lib/test/auto/ConfigurationSwitch.xml
----------------- Instantiating /home/travis/build/icyphy/ptII/ptolemy/actor/lib/test/auto/ConfigurationSwitch.xml
3 ms. Memory: 297984K Free: 115295K (39%)
----------------- Invoking toplevel() on ptolemy.moml.MoMLSimpleApplication@6c8e4c2e
----------------- Done invoking toplevel() on ptolemy.moml.MoMLSimpleApplication@6c8e4c2e
reloadAllAccessors: .ConfigurationSwitch

===========================================================================================
----------------- testing Wed Jul 24 05:14:47 UTC 2019 /home/travis/build/icyphy/ptII/ptolemy/actor/lib/test/auto/ConfigurationSwitch2.xml
----------------- Instantiating /home/travis/build/icyphy/ptII/ptolemy/actor/lib/test/auto/ConfigurationSwitch2.xml
4 ms. Memory: 297984K Free: 109661K (37%)
----------------- Invoking toplevel() on ptolemy.moml.MoMLSimpleApplication@e6e3454
----------------- Done invoking toplevel() on ptolemy.moml.MoMLSimpleApplication@e6e3454
reloadAllAccessors: .ConfigurationSwitch2

===========================================================================================
----------------- testing Wed Jul 24 05:14:47 UTC 2019 /home/travis/build/icyphy/ptII/ptolemy/actor/lib/test/auto/ConfigurationSwitchCloningBugWithClassRelationGroup.xml
----------------- Instantiating /home/travis/build/icyphy/ptII/ptolemy/actor/lib/test/auto/ConfigurationSwitchCloningBugWithClassRelationGroup.xml
1 ms. Memory: 297984K Free: 103007K (35%)
----------------- Invoking toplevel() on ptolemy.moml.MoMLSimpleApplication@259e356f
----------------- Done invoking toplevel() on ptolemy.moml.MoMLSimpleApplication@259e356f
reloadAllAccessors: .ConfigurationSwitchCloningBugWithClassRelationGroup

===========================================================================================
----------------- testing Wed Jul 24 05:14:47 UTC 2019 /home/travis/build/icyphy/ptII/ptolemy/actor/lib/test/auto/ConfigurationSwitchSelectSDF.xml
----------------- Instantiating /home/travis/build/icyphy/ptII/ptolemy/actor/lib/test/auto/ConfigurationSwitchSelectSDF.xml
3 ms. Memory: 297984K Free: 97373K (33%)
----------------- Invoking toplevel() on ptolemy.moml.MoMLSimpleApplication@246abbe8
----------------- Done invoking toplevel() on ptolemy.moml.MoMLSimpleApplication@246abbe8
reloadAllAccessors: .ConfigurationSwitchSelectSDF

===========================================================================================
----------------- testing Wed Jul 24 05:14:47 UTC 2019 /home/travis/build/icyphy/ptII/ptolemy/actor/lib/test/auto/ConfigurationSwitchSelectSDF2.xml
----------------- Instantiating /home/travis/build/icyphy/ptII/ptolemy/actor/lib/test/auto/ConfigurationSwitchSelectSDF2.xml
3 ms. Memory: 297984K Free: 91229K (31%)
----------------- Invoking toplevel() on ptolemy.moml.MoMLSimpleApplication@2895225a
----------------- Done invoking toplevel() on ptolemy.moml.MoMLSimpleApplication@2895225a
reloadAllAccessors: .ConfigurationSwitchSelectSDF2

===========================================================================================
----------------- testing Wed Jul 24 05:14:47 UTC 2019 /home/travis/build/icyphy/ptII/ptolemy/actor/lib/test/auto/Const.xml
----------------- Instantiating /home/travis/build/icyphy/ptII/ptolemy/actor/lib/test/auto/Const.xml
1 ms. Memory: 297984K Free: 88157K (30%)
----------------- Invoking toplevel() on ptolemy.moml.MoMLSimpleApplication@57b51622
----------------- Done invoking toplevel() on ptolemy.moml.MoMLSimpleApplication@57b51622
reloadAllAccessors: .Const

===========================================================================================
----------------- testing Wed Jul 24 05:14:47 UTC 2019 /home/travis/build/icyphy/ptII/ptolemy/actor/lib/test/auto/Const2.xml
----------------- Instantiating /home/travis/build/icyphy/ptII/ptolemy/actor/lib/test/auto/Const2.xml
1 ms. Memory: 297984K Free: 84061K (28%)
----------------- Invoking toplevel() on ptolemy.moml.MoMLSimpleApplication@5674953
----------------- Done invoking toplevel() on ptolemy.moml.MoMLSimpleApplication@5674953
reloadAllAccessors: .Const2

===========================================================================================
----------------- testing Wed Jul 24 05:14:47 UTC 2019 /home/travis/build/icyphy/ptII/ptolemy/actor/lib/test/auto/Const3.xml
----------------- Instantiating /home/travis/build/icyphy/ptII/ptolemy/actor/lib/test/auto/Const3.xml
1 ms. Memory: 297984K Free: 80989K (27%)
----------------- Invoking toplevel() on ptolemy.moml.MoMLSimpleApplication@6b9b186e
----------------- Done invoking toplevel() on ptolemy.moml.MoMLSimpleApplication@6b9b186e
reloadAllAccessors: .Const3

===========================================================================================
----------------- testing Wed Jul 24 05:14:47 UTC 2019 /home/travis/build/icyphy/ptII/ptolemy/actor/lib/test/auto/ConstantPublisherPort1.xml
----------------- Instantiating /home/travis/build/icyphy/ptII/ptolemy/actor/lib/test/auto/ConstantPublisherPort1.xml
5 ms. Memory: 297984K Free: 247925K (83%)
----------------- Invoking toplevel() on ptolemy.moml.MoMLSimpleApplication@6ab36bbd
----------------- Done invoking toplevel() on ptolemy.moml.MoMLSimpleApplication@6ab36bbd
reloadAllAccessors: .ConstantPublisherPort1

===========================================================================================
----------------- testing Wed Jul 24 05:14:47 UTC 2019 /home/travis/build/icyphy/ptII/ptolemy/actor/lib/test/auto/ConstantPublisherPort2.xml
----------------- Instantiating /home/travis/build/icyphy/ptII/ptolemy/actor/lib/test/auto/ConstantPublisherPort2.xml
9 ms. Memory: 297984K Free: 239761K (80%)
----------------- Invoking toplevel() on ptolemy.moml.MoMLSimpleApplication@456eab15
----------------- Done invoking toplevel() on ptolemy.moml.MoMLSimpleApplication@456eab15
reloadAllAccessors: .ConstantPublisherPort2

===========================================================================================
----------------- testing Wed Jul 24 05:14:47 UTC 2019 /home/travis/build/icyphy/ptII/ptolemy/actor/lib/test/auto/ConstantPublisherPort3.xml
----------------- Instantiating /home/travis/build/icyphy/ptII/ptolemy/actor/lib/test/auto/ConstantPublisherPort3.xml
6 ms. Memory: 297984K Free: 232085K (78%)
----------------- Invoking toplevel() on ptolemy.moml.MoMLSimpleApplication@480ec01e
----------------- Done invoking toplevel() on ptolemy.moml.MoMLSimpleApplication@480ec01e
reloadAllAccessors: .ConstantPublisherPort3

===========================================================================================
----------------- testing Wed Jul 24 05:14:47 UTC 2019 /home/travis/build/icyphy/ptII/ptolemy/actor/lib/test/auto/ConstantPublisherPort4.xml
----------------- Instantiating /home/travis/build/icyphy/ptII/ptolemy/actor/lib/test/auto/ConstantPublisherPort4.xml
4 ms. Memory: 297984K Free: 224917K (75%)
----------------- Invoking toplevel() on ptolemy.moml.MoMLSimpleApplication@73c9fc2a
----------------- Done invoking toplevel() on ptolemy.moml.MoMLSimpleApplication@73c9fc2a
reloadAllAccessors: .ConstantPublisherPort4

===========================================================================================
----------------- testing Wed Jul 24 05:14:47 UTC 2019 /home/travis/build/icyphy/ptII/ptolemy/actor/lib/test/auto/ConstantPublisherPort5.xml
----------------- Instantiating /home/travis/build/icyphy/ptII/ptolemy/actor/lib/test/auto/ConstantPublisherPort5.xml
32 ms. Memory: 297984K Free: 215701K (72%)
----------------- Invoking toplevel() on ptolemy.moml.MoMLSimpleApplication@6d56699e
----------------- Done invoking toplevel() on ptolemy.moml.MoMLSimpleApplication@6d56699e
reloadAllAccessors: .ConstantPublisherPort5

===========================================================================================
----------------- testing Wed Jul 24 05:14:47 UTC 2019 /home/travis/build/icyphy/ptII/ptolemy/actor/lib/test/auto/ConstantPublisherPort6.xml
----------------- Instantiating /home/travis/build/icyphy/ptII/ptolemy/actor/lib/test/auto/ConstantPublisherPort6.xml
16 ms. Memory: 297984K Free: 206485K (69%)
----------------- Invoking toplevel() on ptolemy.moml.MoMLSimpleApplication@ae87ec6
----------------- Done invoking toplevel() on ptolemy.moml.MoMLSimpleApplication@ae87ec6
reloadAllAccessors: .ConstantPublisherPort6

===========================================================================================
----------------- testing Wed Jul 24 05:14:47 UTC 2019 /home/travis/build/icyphy/ptII/ptolemy/actor/lib/test/auto/ConstantPublisherPort7.xml
----------------- Instantiating /home/travis/build/icyphy/ptII/ptolemy/actor/lib/test/auto/ConstantPublisherPort7.xml
18 ms. Memory: 297984K Free: 197779K (66%)
----------------- Invoking toplevel() on ptolemy.moml.MoMLSimpleApplication@1ad58a9b
----------------- Done invoking toplevel() on ptolemy.moml.MoMLSimpleApplication@1ad58a9b
reloadAllAccessors: .ConstantPublisherPort7

===========================================================================================
----------------- testing Wed Jul 24 05:14:47 UTC 2019 /home/travis/build/icyphy/ptII/ptolemy/actor/lib/test/auto/ConstraintMonitor1.xml
----------------- Instantiating /home/travis/build/icyphy/ptII/ptolemy/actor/lib/test/auto/ConstraintMonitor1.xml
8 ms. Memory: 297984K Free: 192149K (64%)
----------------- Invoking toplevel() on ptolemy.moml.MoMLSimpleApplication@1861d005
----------------- Done invoking toplevel() on ptolemy.moml.MoMLSimpleApplication@1861d005
reloadAllAccessors: .ConstraintMonitor1

===========================================================================================
----------------- testing Wed Jul 24 05:14:47 UTC 2019 /home/travis/build/icyphy/ptII/ptolemy/actor/lib/test/auto/ConstraintMonitor2.xml
----------------- Instantiating /home/travis/build/icyphy/ptII/ptolemy/actor/lib/test/auto/ConstraintMonitor2.xml
2 ms. Memory: 297984K Free: 187539K (63%)
----------------- Invoking toplevel() on ptolemy.moml.MoMLSimpleApplication@78cd569a
----------------- Done invoking toplevel() on ptolemy.moml.MoMLSimpleApplication@78cd569a
reloadAllAccessors: .ConstraintMonitor2

===========================================================================================
----------------- testing Wed Jul 24 05:14:47 UTC 2019 /home/travis/build/icyphy/ptII/ptolemy/actor/lib/test/auto/ConstraintMonitor3.xml
----------------- Instantiating /home/travis/build/icyphy/ptII/ptolemy/actor/lib/test/auto/ConstraintMonitor3.xml
1 ms. Memory: 297984K Free: 183443K (62%)
----------------- Invoking toplevel() on ptolemy.moml.MoMLSimpleApplication@25a65c17
----------------- Done invoking toplevel() on ptolemy.moml.MoMLSimpleApplication@25a65c17
reloadAllAccessors: .ConstraintMonitor3

===========================================================================================
----------------- testing Wed Jul 24 05:14:47 UTC 2019 /home/travis/build/icyphy/ptII/ptolemy/actor/lib/test/auto/ConstraintMonitor4.xml
----------------- Instantiating /home/travis/build/icyphy/ptII/ptolemy/actor/lib/test/auto/ConstraintMonitor4.xml
3 ms. Memory: 297984K Free: 178323K (60%)
----------------- Invoking toplevel() on ptolemy.moml.MoMLSimpleApplication@5ab9c2
----------------- Done invoking toplevel() on ptolemy.moml.MoMLSimpleApplication@5ab9c2
reloadAllAccessors: .ConstraintMonitor4

===========================================================================================
----------------- testing Wed Jul 24 05:14:47 UTC 2019 /home/travis/build/icyphy/ptII/ptolemy/actor/lib/test/auto/ConstraintMonitor5.xml
----------------- Instantiating /home/travis/build/icyphy/ptII/ptolemy/actor/lib/test/auto/ConstraintMonitor5.xml
5 ms. Memory: 297984K Free: 173203K (58%)
----------------- Invoking toplevel() on ptolemy.moml.MoMLSimpleApplication@3c5f4df
----------------- Done invoking toplevel() on ptolemy.moml.MoMLSimpleApplication@3c5f4df
reloadAllAccessors: .ConstraintMonitor5

===========================================================================================
----------------- testing Wed Jul 24 05:14:47 UTC 2019 /home/travis/build/icyphy/ptII/ptolemy/actor/lib/test/auto/ConstraintMonitor6.xml
----------------- Instantiating /home/travis/build/icyphy/ptII/ptolemy/actor/lib/test/auto/ConstraintMonitor6.xml
6 ms. Memory: 297984K Free: 167045K (56%)
----------------- Invoking toplevel() on ptolemy.moml.MoMLSimpleApplication@43b04a7b
----------------- Done invoking toplevel() on ptolemy.moml.MoMLSimpleApplication@43b04a7b
reloadAllAccessors: .ConstraintMonitor6

===========================================================================================
----------------- testing Wed Jul 24 05:14:47 UTC 2019 /home/travis/build/icyphy/ptII/ptolemy/actor/lib/test/auto/ConstraintMonitor7.xml
----------------- Instantiating /home/travis/build/icyphy/ptII/ptolemy/actor/lib/test/auto/ConstraintMonitor7.xml
2 ms. Memory: 297984K Free: 161429K (54%)
----------------- Invoking toplevel() on ptolemy.moml.MoMLSimpleApplication@49f62456
----------------- Done invoking toplevel() on ptolemy.moml.MoMLSimpleApplication@49f62456
reloadAllAccessors: .ConstraintMonitor7

===========================================================================================
----------------- testing Wed Jul 24 05:14:47 UTC 2019 /home/travis/build/icyphy/ptII/ptolemy/actor/lib/test/auto/ConstraintMonitor8.xml
----------------- Instantiating /home/travis/build/icyphy/ptII/ptolemy/actor/lib/test/auto/ConstraintMonitor8.xml
8 ms. Memory: 297984K Free: 153741K (52%)
----------------- Invoking toplevel() on ptolemy.moml.MoMLSimpleApplication@53a1063a
----------------- Done invoking toplevel() on ptolemy.moml.MoMLSimpleApplication@53a1063a
reloadAllAccessors: .ConstraintMonitor8

===========================================================================================
----------------- testing Wed Jul 24 05:14:47 UTC 2019 /home/travis/build/icyphy/ptII/ptolemy/actor/lib/test/auto/Counter.xml
----------------- Instantiating /home/travis/build/icyphy/ptII/ptolemy/actor/lib/test/auto/Counter.xml
3 ms. Memory: 297984K Free: 148627K (50%)
----------------- Invoking toplevel() on ptolemy.moml.MoMLSimpleApplication@3d40cbc3
----------------- Done invoking toplevel() on ptolemy.moml.MoMLSimpleApplication@3d40cbc3
reloadAllAccessors: .Counter

===========================================================================================
----------------- testing Wed Jul 24 05:14:47 UTC 2019 /home/travis/build/icyphy/ptII/ptolemy/actor/lib/test/auto/CurrentTimeSDF.xml
----------------- Instantiating /home/travis/build/icyphy/ptII/ptolemy/actor/lib/test/auto/CurrentTimeSDF.xml
2 ms. Memory: 297984K Free: 145045K (49%)
----------------- Invoking toplevel() on ptolemy.moml.MoMLSimpleApplication@15c6cb62
----------------- Done invoking toplevel() on ptolemy.moml.MoMLSimpleApplication@15c6cb62
reloadAllAccessors: .CurrentTimeSDF

===========================================================================================
----------------- testing Wed Jul 24 05:14:47 UTC 2019 /home/travis/build/icyphy/ptII/ptolemy/actor/lib/test/auto/DB.xml
----------------- Instantiating /home/travis/build/icyphy/ptII/ptolemy/actor/lib/test/auto/DB.xml
2 ms. Memory: 297984K Free: 139411K (47%)
----------------- Invoking toplevel() on ptolemy.moml.MoMLSimpleApplication@64a98068
----------------- Done invoking toplevel() on ptolemy.moml.MoMLSimpleApplication@64a98068
reloadAllAccessors: .DB

===========================================================================================
----------------- testing Wed Jul 24 05:14:48 UTC 2019 /home/travis/build/icyphy/ptII/ptolemy/actor/lib/test/auto/DBDE.xml
----------------- Instantiating /home/travis/build/icyphy/ptII/ptolemy/actor/lib/test/auto/DBDE.xml
2 ms. Memory: 297984K Free: 133261K (45%)
----------------- Invoking toplevel() on ptolemy.moml.MoMLSimpleApplication@67c1fcba
----------------- Done invoking toplevel() on ptolemy.moml.MoMLSimpleApplication@67c1fcba
reloadAllAccessors: .DBDE

===========================================================================================
----------------- testing Wed Jul 24 05:14:48 UTC 2019 /home/travis/build/icyphy/ptII/ptolemy/actor/lib/test/auto/DateConstructor.xml
----------------- Instantiating /home/travis/build/icyphy/ptII/ptolemy/actor/lib/test/auto/DateConstructor.xml
31 ms. Memory: 297984K Free: 115859K (39%)
----------------- Invoking toplevel() on ptolemy.moml.MoMLSimpleApplication@15f768f9
----------------- Done invoking toplevel() on ptolemy.moml.MoMLSimpleApplication@15f768f9
reloadAllAccessors: .DateConstructor

===========================================================================================
----------------- testing Wed Jul 24 05:14:48 UTC 2019 /home/travis/build/icyphy/ptII/ptolemy/actor/lib/test/auto/DelayTime.xml
----------------- Instantiating /home/travis/build/icyphy/ptII/ptolemy/actor/lib/test/auto/DelayTime.xml
6 ms. Memory: 297984K Free: 110739K (37%)
----------------- Invoking toplevel() on ptolemy.moml.MoMLSimpleApplication@2306b965
----------------- Done invoking toplevel() on ptolemy.moml.MoMLSimpleApplication@2306b965
reloadAllAccessors: .DelayTime

===========================================================================================
----------------- testing Wed Jul 24 05:14:48 UTC 2019 /home/travis/build/icyphy/ptII/ptolemy/actor/lib/test/auto/Dictionary1.xml
----------------- Instantiating /home/travis/build/icyphy/ptII/ptolemy/actor/lib/test/auto/Dictionary1.xml
1 ms. Memory: 297984K Free: 105109K (35%)
----------------- Invoking toplevel() on ptolemy.moml.MoMLSimpleApplication@4d2577dc
----------------- Done invoking toplevel() on ptolemy.moml.MoMLSimpleApplication@4d2577dc
reloadAllAccessors: .Dictionary1

===========================================================================================
----------------- testing Wed Jul 24 05:14:48 UTC 2019 /home/travis/build/icyphy/ptII/ptolemy/actor/lib/test/auto/Dictionary2.xml
----------------- Instantiating /home/travis/build/icyphy/ptII/ptolemy/actor/lib/test/auto/Dictionary2.xml
10 ms. Memory: 297984K Free: 99475K (33%)
----------------- Invoking toplevel() on ptolemy.moml.MoMLSimpleApplication@41b42e6d
----------------- Done invoking toplevel() on ptolemy.moml.MoMLSimpleApplication@41b42e6d
reloadAllAccessors: .Dictionary2

===========================================================================================
----------------- testing Wed Jul 24 05:14:48 UTC 2019 /home/travis/build/icyphy/ptII/ptolemy/actor/lib/test/auto/Dictionary3.xml
----------------- Instantiating /home/travis/build/icyphy/ptII/ptolemy/actor/lib/test/auto/Dictionary3.xml
2 ms. Memory: 297984K Free: 94355K (32%)
----------------- Invoking toplevel() on ptolemy.moml.MoMLSimpleApplication@68a67440
----------------- Done invoking toplevel() on ptolemy.moml.MoMLSimpleApplication@68a67440
reloadAllAccessors: .Dictionary3

===========================================================================================
----------------- testing Wed Jul 24 05:14:48 UTC 2019 /home/travis/build/icyphy/ptII/ptolemy/actor/lib/test/auto/Dictionary4.xml
----------------- Instantiating /home/travis/build/icyphy/ptII/ptolemy/actor/lib/test/auto/Dictionary4.xml
6 ms. Memory: 297984K Free: 87187K (29%)
----------------- Invoking toplevel() on ptolemy.moml.MoMLSimpleApplication@76db8e3c
----------------- Done invoking toplevel() on ptolemy.moml.MoMLSimpleApplication@76db8e3c
reloadAllAccessors: .Dictionary4

===========================================================================================
----------------- testing Wed Jul 24 05:14:48 UTC 2019 /home/travis/build/icyphy/ptII/ptolemy/actor/lib/test/auto/Differential.xml
----------------- Instantiating /home/travis/build/icyphy/ptII/ptolemy/actor/lib/test/auto/Differential.xml
3 ms. Memory: 297984K Free: 82581K (28%)
----------------- Invoking toplevel() on ptolemy.moml.MoMLSimpleApplication@5339248a
----------------- Done invoking toplevel() on ptolemy.moml.MoMLSimpleApplication@5339248a
reloadAllAccessors: .Differential

===========================================================================================
----------------- testing Wed Jul 24 05:14:48 UTC 2019 /home/travis/build/icyphy/ptII/ptolemy/actor/lib/test/auto/Director.xml
----------------- Instantiating /home/travis/build/icyphy/ptII/ptolemy/actor/lib/test/auto/Director.xml
5 ms. Memory: 297984K Free: 79509K (27%)
----------------- Invoking toplevel() on ptolemy.moml.MoMLSimpleApplication@546b8173
----------------- Done invoking toplevel() on ptolemy.moml.MoMLSimpleApplication@546b8173
reloadAllAccessors: .Director

===========================================================================================
----------------- testing Wed Jul 24 05:14:48 UTC 2019 /home/travis/build/icyphy/ptII/ptolemy/actor/lib/test/auto/DiscreteClock.xml
----------------- Instantiating /home/travis/build/icyphy/ptII/ptolemy/actor/lib/test/auto/DiscreteClock.xml
2 ms. Memory: 297984K Free: 250030K (84%)
----------------- Invoking toplevel() on ptolemy.moml.MoMLSimpleApplication@79ea8843
----------------- Done invoking toplevel() on ptolemy.moml.MoMLSimpleApplication@79ea8843
reloadAllAccessors: .DiscreteClock

===========================================================================================
----------------- testing Wed Jul 24 05:14:48 UTC 2019 /home/travis/build/icyphy/ptII/ptolemy/actor/lib/test/auto/DiscreteClock10.xml
----------------- Instantiating /home/travis/build/icyphy/ptII/ptolemy/actor/lib/test/auto/DiscreteClock10.xml
2 ms. Memory: 297984K Free: 243709K (82%)
----------------- Invoking toplevel() on ptolemy.moml.MoMLSimpleApplication@4a1ce65a
----------------- Done invoking toplevel() on ptolemy.moml.MoMLSimpleApplication@4a1ce65a
reloadAllAccessors: .DiscreteClock10

===========================================================================================
----------------- testing Wed Jul 24 05:14:48 UTC 2019 /home/travis/build/icyphy/ptII/ptolemy/actor/lib/test/auto/DiscreteClock11.xml
----------------- Instantiating /home/travis/build/icyphy/ptII/ptolemy/actor/lib/test/auto/DiscreteClock11.xml
2 ms. Memory: 297984K Free: 237565K (80%)
----------------- Invoking toplevel() on ptolemy.moml.MoMLSimpleApplication@65b8b246
----------------- Done invoking toplevel() on ptolemy.moml.MoMLSimpleApplication@65b8b246
reloadAllAccessors: .DiscreteClock11

===========================================================================================
----------------- testing Wed Jul 24 05:14:48 UTC 2019 /home/travis/build/icyphy/ptII/ptolemy/actor/lib/test/auto/DiscreteClock12.xml
----------------- Instantiating /home/travis/build/icyphy/ptII/ptolemy/actor/lib/test/auto/DiscreteClock12.xml
3 ms. Memory: 297984K Free: 231421K (78%)
----------------- Invoking toplevel() on ptolemy.moml.MoMLSimpleApplication@58ed00af
----------------- Done invoking toplevel() on ptolemy.moml.MoMLSimpleApplication@58ed00af
reloadAllAccessors: .DiscreteClock12

===========================================================================================
----------------- testing Wed Jul 24 05:14:48 UTC 2019 /home/travis/build/icyphy/ptII/ptolemy/actor/lib/test/auto/DiscreteClock13.xml
----------------- Instantiating /home/travis/build/icyphy/ptII/ptolemy/actor/lib/test/auto/DiscreteClock13.xml
6 ms. Memory: 297984K Free: 225757K (76%)
----------------- Invoking toplevel() on ptolemy.moml.MoMLSimpleApplication@69c6c33
----------------- Done invoking toplevel() on ptolemy.moml.MoMLSimpleApplication@69c6c33
reloadAllAccessors: .DiscreteClock13

===========================================================================================
----------------- testing Wed Jul 24 05:14:48 UTC 2019 /home/travis/build/icyphy/ptII/ptolemy/actor/lib/test/auto/DiscreteClock14.xml
----------------- Instantiating /home/travis/build/icyphy/ptII/ptolemy/actor/lib/test/auto/DiscreteClock14.xml
6 ms. Memory: 297984K Free: 219611K (74%)
----------------- Invoking toplevel() on ptolemy.moml.MoMLSimpleApplication@7f67075
----------------- Done invoking toplevel() on ptolemy.moml.MoMLSimpleApplication@7f67075
reloadAllAccessors: .DiscreteClock14

===========================================================================================
----------------- testing Wed Jul 24 05:14:48 UTC 2019 /home/travis/build/icyphy/ptII/ptolemy/actor/lib/test/auto/DiscreteClock15.xml
----------------- Instantiating /home/travis/build/icyphy/ptII/ptolemy/actor/lib/test/auto/DiscreteClock15.xml
5 ms. Memory: 297984K Free: 213469K (72%)
----------------- Invoking toplevel() on ptolemy.moml.MoMLSimpleApplication@286e1825
----------------- Done invoking toplevel() on ptolemy.moml.MoMLSimpleApplication@286e1825
reloadAllAccessors: .DiscreteClock15

===========================================================================================
----------------- testing Wed Jul 24 05:14:48 UTC 2019 /home/travis/build/icyphy/ptII/ptolemy/actor/lib/test/auto/DiscreteClock16.xml
----------------- Instantiating /home/travis/build/icyphy/ptII/ptolemy/actor/lib/test/auto/DiscreteClock16.xml
20 ms. Memory: 297984K Free: 199677K (67%)
----------------- Invoking toplevel() on ptolemy.moml.MoMLSimpleApplication@c893724
----------------- Done invoking toplevel() on ptolemy.moml.MoMLSimpleApplication@c893724
reloadAllAccessors: .DiscreteClock16

===========================================================================================
----------------- testing Wed Jul 24 05:14:48 UTC 2019 /home/travis/build/icyphy/ptII/ptolemy/actor/lib/test/auto/DiscreteClock17.xml
----------------- Instantiating /home/travis/build/icyphy/ptII/ptolemy/actor/lib/test/auto/DiscreteClock17.xml
19 ms. Memory: 297984K Free: 184813K (62%)
----------------- Invoking toplevel() on ptolemy.moml.MoMLSimpleApplication@679cda39
----------------- Done invoking toplevel() on ptolemy.moml.MoMLSimpleApplication@679cda39
reloadAllAccessors: .DiscreteClock17

===========================================================================================
----------------- testing Wed Jul 24 05:14:48 UTC 2019 /home/travis/build/icyphy/ptII/ptolemy/actor/lib/test/auto/DiscreteClock18.xml
----------------- Instantiating /home/travis/build/icyphy/ptII/ptolemy/actor/lib/test/auto/DiscreteClock18.xml
22 ms. Memory: 297984K Free: 171005K (57%)
----------------- Invoking toplevel() on ptolemy.moml.MoMLSimpleApplication@4c24c3c8
----------------- Done invoking toplevel() on ptolemy.moml.MoMLSimpleApplication@4c24c3c8
reloadAllAccessors: .DiscreteClock18

===========================================================================================
----------------- testing Wed Jul 24 05:14:48 UTC 2019 /home/travis/build/icyphy/ptII/ptolemy/actor/lib/test/auto/DiscreteClock19.xml
----------------- Instantiating /home/travis/build/icyphy/ptII/ptolemy/actor/lib/test/auto/DiscreteClock19.xml
11 ms. Memory: 297984K Free: 157173K (53%)
----------------- Invoking toplevel() on ptolemy.moml.MoMLSimpleApplication@1e468914
----------------- Done invoking toplevel() on ptolemy.moml.MoMLSimpleApplication@1e468914
reloadAllAccessors: .DiscreteClock19

===========================================================================================
----------------- testing Wed Jul 24 05:14:48 UTC 2019 /home/travis/build/icyphy/ptII/ptolemy/actor/lib/test/auto/DiscreteClock2.xml
----------------- Instantiating /home/travis/build/icyphy/ptII/ptolemy/actor/lib/test/auto/DiscreteClock2.xml
2 ms. Memory: 297984K Free: 152029K (51%)
----------------- Invoking toplevel() on ptolemy.moml.MoMLSimpleApplication@46ac052b
----------------- Done invoking toplevel() on ptolemy.moml.MoMLSimpleApplication@46ac052b
reloadAllAccessors: .DiscreteClock2

===========================================================================================
----------------- testing Wed Jul 24 05:14:48 UTC 2019 /home/travis/build/icyphy/ptII/ptolemy/actor/lib/test/auto/DiscreteClock20.xml
----------------- Instantiating /home/travis/build/icyphy/ptII/ptolemy/actor/lib/test/auto/DiscreteClock20.xml
5 ms. Memory: 297984K Free: 146429K (49%)
----------------- Invoking toplevel() on ptolemy.moml.MoMLSimpleApplication@729437f5
----------------- Done invoking toplevel() on ptolemy.moml.MoMLSimpleApplication@729437f5
reloadAllAccessors: .DiscreteClock20

===========================================================================================
----------------- testing Wed Jul 24 05:14:48 UTC 2019 /home/travis/build/icyphy/ptII/ptolemy/actor/lib/test/auto/DiscreteClock21.xml
----------------- Instantiating /home/travis/build/icyphy/ptII/ptolemy/actor/lib/test/auto/DiscreteClock21.xml
3 ms. Memory: 297984K Free: 141309K (47%)
----------------- Invoking toplevel() on ptolemy.moml.MoMLSimpleApplication@373f7eb5
----------------- Done invoking toplevel() on ptolemy.moml.MoMLSimpleApplication@373f7eb5
reloadAllAccessors: .DiscreteClock21

===========================================================================================
----------------- testing Wed Jul 24 05:14:48 UTC 2019 /home/travis/build/icyphy/ptII/ptolemy/actor/lib/test/auto/DiscreteClock22.xml
----------------- Instantiating /home/travis/build/icyphy/ptII/ptolemy/actor/lib/test/auto/DiscreteClock22.xml
7 ms. Memory: 297984K Free: 135675K (46%)
----------------- Invoking toplevel() on ptolemy.moml.MoMLSimpleApplication@70a9b099
----------------- Done invoking toplevel() on ptolemy.moml.MoMLSimpleApplication@70a9b099
reloadAllAccessors: .DiscreteClock22

===========================================================================================
----------------- testing Wed Jul 24 05:14:48 UTC 2019 /home/travis/build/icyphy/ptII/ptolemy/actor/lib/test/auto/DiscreteClock23.xml
----------------- Instantiating /home/travis/build/icyphy/ptII/ptolemy/actor/lib/test/auto/DiscreteClock23.xml
12 ms. Memory: 297984K Free: 130045K (44%)
----------------- Invoking toplevel() on ptolemy.moml.MoMLSimpleApplication@66fdcba6
----------------- Done invoking toplevel() on ptolemy.moml.MoMLSimpleApplication@66fdcba6
reloadAllAccessors: .DiscreteClock23

===========================================================================================
----------------- testing Wed Jul 24 05:14:48 UTC 2019 /home/travis/build/icyphy/ptII/ptolemy/actor/lib/test/auto/DiscreteClock24.xml
----------------- Instantiating /home/travis/build/icyphy/ptII/ptolemy/actor/lib/test/auto/DiscreteClock24.xml
5 ms. Memory: 297984K Free: 124411K (42%)
----------------- Invoking toplevel() on ptolemy.moml.MoMLSimpleApplication@7e9c6770
----------------- Done invoking toplevel() on ptolemy.moml.MoMLSimpleApplication@7e9c6770
reloadAllAccessors: .DiscreteClock24

===========================================================================================
----------------- testing Wed Jul 24 05:14:48 UTC 2019 /home/travis/build/icyphy/ptII/ptolemy/actor/lib/test/auto/DiscreteClock4.xml
----------------- Instantiating /home/travis/build/icyphy/ptII/ptolemy/actor/lib/test/auto/DiscreteClock4.xml
1 ms. Memory: 297984K Free: 119277K (40%)
----------------- Invoking toplevel() on ptolemy.moml.MoMLSimpleApplication@3f4a0686
----------------- Done invoking toplevel() on ptolemy.moml.MoMLSimpleApplication@3f4a0686
reloadAllAccessors: .DiscreteClock4

===========================================================================================
----------------- testing Wed Jul 24 05:14:48 UTC 2019 /home/travis/build/icyphy/ptII/ptolemy/actor/lib/test/auto/DiscreteClock5.xml
----------------- Instantiating /home/travis/build/icyphy/ptII/ptolemy/actor/lib/test/auto/DiscreteClock5.xml
2 ms. Memory: 297984K Free: 113661K (38%)
----------------- Invoking toplevel() on ptolemy.moml.MoMLSimpleApplication@2ca05e28
----------------- Done invoking toplevel() on ptolemy.moml.MoMLSimpleApplication@2ca05e28
reloadAllAccessors: .DiscreteClock5

===========================================================================================
----------------- testing Wed Jul 24 05:14:48 UTC 2019 /home/travis/build/icyphy/ptII/ptolemy/actor/lib/test/auto/DiscreteClock6.xml
----------------- Instantiating /home/travis/build/icyphy/ptII/ptolemy/actor/lib/test/auto/DiscreteClock6.xml
2 ms. Memory: 297984K Free: 109051K (37%)
----------------- Invoking toplevel() on ptolemy.moml.MoMLSimpleApplication@ac7de36
----------------- Done invoking toplevel() on ptolemy.moml.MoMLSimpleApplication@ac7de36
reloadAllAccessors: .DiscreteClock6

===========================================================================================
----------------- testing Wed Jul 24 05:14:48 UTC 2019 /home/travis/build/icyphy/ptII/ptolemy/actor/lib/test/auto/DiscreteClock7.xml
----------------- Instantiating /home/travis/build/icyphy/ptII/ptolemy/actor/lib/test/auto/DiscreteClock7.xml
2 ms. Memory: 297984K Free: 103931K (35%)
----------------- Invoking toplevel() on ptolemy.moml.MoMLSimpleApplication@1c137b0c
----------------- Done invoking toplevel() on ptolemy.moml.MoMLSimpleApplication@1c137b0c
reloadAllAccessors: .DiscreteClock7

===========================================================================================
----------------- testing Wed Jul 24 05:14:48 UTC 2019 /home/travis/build/icyphy/ptII/ptolemy/actor/lib/test/auto/DiscreteClock8.xml
----------------- Instantiating /home/travis/build/icyphy/ptII/ptolemy/actor/lib/test/auto/DiscreteClock8.xml
11 ms. Memory: 297984K Free: 98299K (33%)
----------------- Invoking toplevel() on ptolemy.moml.MoMLSimpleApplication@337099fa
----------------- Done invoking toplevel() on ptolemy.moml.MoMLSimpleApplication@337099fa
reloadAllAccessors: .DiscreteClock8

===========================================================================================
----------------- testing Wed Jul 24 05:14:48 UTC 2019 /home/travis/build/icyphy/ptII/ptolemy/actor/lib/test/auto/DiscreteClock9.xml
----------------- Instantiating /home/travis/build/icyphy/ptII/ptolemy/actor/lib/test/auto/DiscreteClock9.xml
5 ms. Memory: 297984K Free: 92637K (31%)
----------------- Invoking toplevel() on ptolemy.moml.MoMLSimpleApplication@1c7ac85e
----------------- Done invoking toplevel() on ptolemy.moml.MoMLSimpleApplication@1c7ac85e
reloadAllAccessors: .DiscreteClock9

===========================================================================================
----------------- testing Wed Jul 24 05:14:48 UTC 2019 /home/travis/build/icyphy/ptII/ptolemy/actor/lib/test/auto/DisplayArray.xml
----------------- Instantiating /home/travis/build/icyphy/ptII/ptolemy/actor/lib/test/auto/DisplayArray.xml
1 ms. Memory: 297984K Free: 89085K (30%)
----------------- Invoking toplevel() on ptolemy.moml.MoMLSimpleApplication@58944837
----------------- Done invoking toplevel() on ptolemy.moml.MoMLSimpleApplication@58944837
reloadAllAccessors: .DisplayArray

===========================================================================================
----------------- testing Wed Jul 24 05:14:48 UTC 2019 /home/travis/build/icyphy/ptII/ptolemy/actor/lib/test/auto/Distributor.xml
----------------- Instantiating /home/travis/build/icyphy/ptII/ptolemy/actor/lib/test/auto/Distributor.xml
2 ms. Memory: 297984K Free: 84475K (28%)
----------------- Invoking toplevel() on ptolemy.moml.MoMLSimpleApplication@22fceb3
----------------- Done invoking toplevel() on ptolemy.moml.MoMLSimpleApplication@22fceb3
reloadAllAccessors: .Distributor

===========================================================================================
----------------- testing Wed Jul 24 05:14:48 UTC 2019 /home/travis/build/icyphy/ptII/ptolemy/actor/lib/test/auto/Distributor2.xml
----------------- Instantiating /home/travis/build/icyphy/ptII/ptolemy/actor/lib/test/auto/Distributor2.xml
2 ms. Memory: 297984K Free: 79869K (27%)
----------------- Invoking toplevel() on ptolemy.moml.MoMLSimpleApplication@49a15ec4
----------------- Done invoking toplevel() on ptolemy.moml.MoMLSimpleApplication@49a15ec4
reloadAllAccessors: .Distributor2

===========================================================================================
----------------- testing Wed Jul 24 05:14:48 UTC 2019 /home/travis/build/icyphy/ptII/ptolemy/actor/lib/test/auto/DownSample.xml
----------------- Instantiating /home/travis/build/icyphy/ptII/ptolemy/actor/lib/test/auto/DownSample.xml
11 ms. Memory: 297984K Free: 250760K (84%)
----------------- Invoking toplevel() on ptolemy.moml.MoMLSimpleApplication@48f8c59c
----------------- Done invoking toplevel() on ptolemy.moml.MoMLSimpleApplication@48f8c59c
reloadAllAccessors: .DownSample

===========================================================================================
----------------- testing Wed Jul 24 05:14:48 UTC 2019 /home/travis/build/icyphy/ptII/ptolemy/actor/lib/test/auto/ElectronicUnitBase1.xml
----------------- Instantiating /home/travis/build/icyphy/ptII/ptolemy/actor/lib/test/auto/ElectronicUnitBase1.xml
21 ms. Memory: 297984K Free: 234125K (79%)
----------------- Invoking toplevel() on ptolemy.moml.MoMLSimpleApplication@2117a741
----------------- Done invoking toplevel() on ptolemy.moml.MoMLSimpleApplication@2117a741
reloadAllAccessors: .ElectronicUnitBase1

===========================================================================================
----------------- testing Wed Jul 24 05:14:49 UTC 2019 /home/travis/build/icyphy/ptII/ptolemy/actor/lib/test/auto/ElementsToArray.xml
----------------- Instantiating /home/travis/build/icyphy/ptII/ptolemy/actor/lib/test/auto/ElementsToArray.xml
3 ms. Memory: 297984K Free: 229005K (77%)
----------------- Invoking toplevel() on ptolemy.moml.MoMLSimpleApplication@5a09782f
----------------- Done invoking toplevel() on ptolemy.moml.MoMLSimpleApplication@5a09782f
reloadAllAccessors: .ElementsToArray

===========================================================================================
----------------- testing Wed Jul 24 05:14:49 UTC 2019 /home/travis/build/icyphy/ptII/ptolemy/actor/lib/test/auto/Equals.xml
----------------- Instantiating /home/travis/build/icyphy/ptII/ptolemy/actor/lib/test/auto/Equals.xml
3 ms. Memory: 297984K Free: 224399K (75%)
----------------- Invoking toplevel() on ptolemy.moml.MoMLSimpleApplication@504fabec
----------------- Done invoking toplevel() on ptolemy.moml.MoMLSimpleApplication@504fabec
reloadAllAccessors: .Equals

===========================================================================================
----------------- testing Wed Jul 24 05:14:49 UTC 2019 /home/travis/build/icyphy/ptII/ptolemy/actor/lib/test/auto/Exec.xml
----------------- Instantiating /home/travis/build/icyphy/ptII/ptolemy/actor/lib/test/auto/Exec.xml
16 ms. Memory: 297984K Free: 218765K (73%)
----------------- Invoking toplevel() on ptolemy.moml.MoMLSimpleApplication@52f20fdc
----------------- Done invoking toplevel() on ptolemy.moml.MoMLSimpleApplication@52f20fdc
reloadAllAccessors: .Exec

===========================================================================================
----------------- testing Wed Jul 24 05:14:49 UTC 2019 /home/travis/build/icyphy/ptII/ptolemy/actor/lib/test/auto/ExecEnvironment.xml
----------------- Instantiating /home/travis/build/icyphy/ptII/ptolemy/actor/lib/test/auto/ExecEnvironment.xml
42 ms. Memory: 297984K Free: 212111K (71%)
----------------- Invoking toplevel() on ptolemy.moml.MoMLSimpleApplication@2a23a21f
----------------- Done invoking toplevel() on ptolemy.moml.MoMLSimpleApplication@2a23a21f
reloadAllAccessors: .ExecEnvironment

===========================================================================================
----------------- testing Wed Jul 24 05:14:49 UTC 2019 /home/travis/build/icyphy/ptII/ptolemy/actor/lib/test/auto/ExecNonZeroReturnOutput.xml
----------------- Instantiating /home/travis/build/icyphy/ptII/ptolemy/actor/lib/test/auto/ExecNonZeroReturnOutput.xml
169 ms. Memory: 297984K Free: 201357K (68%)
----------------- Invoking toplevel() on ptolemy.moml.MoMLSimpleApplication@19599286
----------------- Done invoking toplevel() on ptolemy.moml.MoMLSimpleApplication@19599286
reloadAllAccessors: .ExecNonZeroReturnOutput

===========================================================================================
----------------- testing Wed Jul 24 05:14:49 UTC 2019 /home/travis/build/icyphy/ptII/ptolemy/actor/lib/test/auto/ExecRunDemos.xml
----------------- Instantiating /home/travis/build/icyphy/ptII/ptolemy/actor/lib/test/auto/ExecRunDemos.xml
Finished: 109 ms. Memory: 120832K Free: 104642K (87%)

Finished: 87 ms. Memory: 120832K Free: 111060K (92%)

Finished: 131 ms. Memory: 120832K Free: 111037K (92%)

Finished: 73 ms. Memory: 120832K Free: 103118K (85%)

Finished: 106 ms. Memory: 120832K Free: 103989K (86%)

11963 ms. Memory: 297984K Free: 180365K (61%)
----------------- Invoking toplevel() on ptolemy.moml.MoMLSimpleApplication@4735e070
----------------- Done invoking toplevel() on ptolemy.moml.MoMLSimpleApplication@4735e070
reloadAllAccessors: .ExecRunDemos

===========================================================================================
----------------- testing Wed Jul 24 05:15:01 UTC 2019 /home/travis/build/icyphy/ptII/ptolemy/actor/lib/test/auto/ExecStop.xml
----------------- Instantiating /home/travis/build/icyphy/ptII/ptolemy/actor/lib/test/auto/ExecStop.xml
5019 ms. Memory: 297984K Free: 93327K (31%)
----------------- Invoking toplevel() on ptolemy.moml.MoMLSimpleApplication@6b6edebd
----------------- Done invoking toplevel() on ptolemy.moml.MoMLSimpleApplication@6b6edebd
reloadAllAccessors: .ExecStop

===========================================================================================
----------------- testing Wed Jul 24 05:15:06 UTC 2019 /home/travis/build/icyphy/ptII/ptolemy/actor/lib/test/auto/ExecutionTimeSDF.xml
----------------- Instantiating /home/travis/build/icyphy/ptII/ptolemy/actor/lib/test/auto/ExecutionTimeSDF.xml
Fired ExecutionTime: -2102967296
Fired ExecutionTime: 1062800000
Fired ExecutionTime: -1136167296
6006 ms. Memory: 297984K Free: 81535K (27%)
----------------- Invoking toplevel() on ptolemy.moml.MoMLSimpleApplication@25dcda32
----------------- Done invoking toplevel() on ptolemy.moml.MoMLSimpleApplication@25dcda32
reloadAllAccessors: .ExecutionTimeSDF

===========================================================================================
----------------- testing Wed Jul 24 05:15:12 UTC 2019 /home/travis/build/icyphy/ptII/ptolemy/actor/lib/test/auto/Expression1.xml
----------------- Instantiating /home/travis/build/icyphy/ptII/ptolemy/actor/lib/test/auto/Expression1.xml
2 ms. Memory: 297984K Free: 77967K (26%)
----------------- Invoking toplevel() on ptolemy.moml.MoMLSimpleApplication@712df8e9
----------------- Done invoking toplevel() on ptolemy.moml.MoMLSimpleApplication@712df8e9
reloadAllAccessors: .Expression1

===========================================================================================
----------------- testing Wed Jul 24 05:15:12 UTC 2019 /home/travis/build/icyphy/ptII/ptolemy/actor/lib/test/auto/Expression10.xml
----------------- Instantiating /home/travis/build/icyphy/ptII/ptolemy/actor/lib/test/auto/Expression10.xml
7 ms. Memory: 297984K Free: 247173K (83%)
----------------- Invoking toplevel() on ptolemy.moml.MoMLSimpleApplication@544077c0
----------------- Done invoking toplevel() on ptolemy.moml.MoMLSimpleApplication@544077c0
reloadAllAccessors: .Expression10

===========================================================================================
----------------- testing Wed Jul 24 05:15:12 UTC 2019 /home/travis/build/icyphy/ptII/ptolemy/actor/lib/test/auto/Expression11.xml
----------------- Instantiating /home/travis/build/icyphy/ptII/ptolemy/actor/lib/test/auto/Expression11.xml
5 ms. Memory: 297984K Free: 242565K (81%)
----------------- Invoking toplevel() on ptolemy.moml.MoMLSimpleApplication@5f0a3133
----------------- Done invoking toplevel() on ptolemy.moml.MoMLSimpleApplication@5f0a3133
reloadAllAccessors: .Expression11

===========================================================================================
----------------- testing Wed Jul 24 05:15:12 UTC 2019 /home/travis/build/icyphy/ptII/ptolemy/actor/lib/test/auto/Expression12.xml
----------------- Instantiating /home/travis/build/icyphy/ptII/ptolemy/actor/lib/test/auto/Expression12.xml
4 ms. Memory: 297984K Free: 236933K (80%)
----------------- Invoking toplevel() on ptolemy.moml.MoMLSimpleApplication@5a35f4f3
----------------- Done invoking toplevel() on ptolemy.moml.MoMLSimpleApplication@5a35f4f3
reloadAllAccessors: .Expression12

===========================================================================================
----------------- testing Wed Jul 24 05:15:12 UTC 2019 /home/travis/build/icyphy/ptII/ptolemy/actor/lib/test/auto/Expression13.xml
----------------- Instantiating /home/travis/build/icyphy/ptII/ptolemy/actor/lib/test/auto/Expression13.xml
3 ms. Memory: 297984K Free: 232327K (78%)
----------------- Invoking toplevel() on ptolemy.moml.MoMLSimpleApplication@5919eac
----------------- Done invoking toplevel() on ptolemy.moml.MoMLSimpleApplication@5919eac
reloadAllAccessors: .Expression13

===========================================================================================
----------------- testing Wed Jul 24 05:15:12 UTC 2019 /home/travis/build/icyphy/ptII/ptolemy/actor/lib/test/auto/Expression14.xml
----------------- Instantiating /home/travis/build/icyphy/ptII/ptolemy/actor/lib/test/auto/Expression14.xml
9 ms. Memory: 297984K Free: 226183K (76%)
----------------- Invoking toplevel() on ptolemy.moml.MoMLSimpleApplication@7648dfae
----------------- Done invoking toplevel() on ptolemy.moml.MoMLSimpleApplication@7648dfae
reloadAllAccessors: .Expression14

===========================================================================================
----------------- testing Wed Jul 24 05:15:12 UTC 2019 /home/travis/build/icyphy/ptII/ptolemy/actor/lib/test/auto/Expression15.xml
----------------- Instantiating /home/travis/build/icyphy/ptII/ptolemy/actor/lib/test/auto/Expression15.xml
1 ms. Memory: 297984K Free: 222087K (75%)
----------------- Invoking toplevel() on ptolemy.moml.MoMLSimpleApplication@29405432
----------------- Done invoking toplevel() on ptolemy.moml.MoMLSimpleApplication@29405432
reloadAllAccessors: .Expression15

===========================================================================================
----------------- testing Wed Jul 24 05:15:12 UTC 2019 /home/travis/build/icyphy/ptII/ptolemy/actor/lib/test/auto/Expression16.xml
----------------- Instantiating /home/travis/build/icyphy/ptII/ptolemy/actor/lib/test/auto/Expression16.xml
4 ms. Memory: 297984K Free: 217477K (73%)
----------------- Invoking toplevel() on ptolemy.moml.MoMLSimpleApplication@2c4be3e
----------------- Done invoking toplevel() on ptolemy.moml.MoMLSimpleApplication@2c4be3e
reloadAllAccessors: .Expression16

===========================================================================================
----------------- testing Wed Jul 24 05:15:12 UTC 2019 /home/travis/build/icyphy/ptII/ptolemy/actor/lib/test/auto/Expression17.xml
----------------- Instantiating /home/travis/build/icyphy/ptII/ptolemy/actor/lib/test/auto/Expression17.xml
5 ms. Memory: 297984K Free: 212357K (71%)
----------------- Invoking toplevel() on ptolemy.moml.MoMLSimpleApplication@b32c6f8
----------------- Done invoking toplevel() on ptolemy.moml.MoMLSimpleApplication@b32c6f8
reloadAllAccessors: .Expression17

===========================================================================================
----------------- testing Wed Jul 24 05:15:12 UTC 2019 /home/travis/build/icyphy/ptII/ptolemy/actor/lib/test/auto/Expression18.xml
----------------- Instantiating /home/travis/build/icyphy/ptII/ptolemy/actor/lib/test/auto/Expression18.xml
2 ms. Memory: 297984K Free: 207237K (70%)
----------------- Invoking toplevel() on ptolemy.moml.MoMLSimpleApplication@396bbc60
----------------- Done invoking toplevel() on ptolemy.moml.MoMLSimpleApplication@396bbc60
reloadAllAccessors: .Expression18

===========================================================================================
----------------- testing Wed Jul 24 05:15:12 UTC 2019 /home/travis/build/icyphy/ptII/ptolemy/actor/lib/test/auto/Expression2.xml
----------------- Instantiating /home/travis/build/icyphy/ptII/ptolemy/actor/lib/test/auto/Expression2.xml
4 ms. Memory: 297984K Free: 202117K (68%)
----------------- Invoking toplevel() on ptolemy.moml.MoMLSimpleApplication@55ef47af
----------------- Done invoking toplevel() on ptolemy.moml.MoMLSimpleApplication@55ef47af
reloadAllAccessors: .Expression2

===========================================================================================
----------------- testing Wed Jul 24 05:15:12 UTC 2019 /home/travis/build/icyphy/ptII/ptolemy/actor/lib/test/auto/Expression3.xml
----------------- Instantiating /home/travis/build/icyphy/ptII/ptolemy/actor/lib/test/auto/Expression3.xml
7 ms. Memory: 297984K Free: 196997K (66%)
----------------- Invoking toplevel() on ptolemy.moml.MoMLSimpleApplication@fc686f7
----------------- Done invoking toplevel() on ptolemy.moml.MoMLSimpleApplication@fc686f7
reloadAllAccessors: .Expression3

===========================================================================================
----------------- testing Wed Jul 24 05:15:12 UTC 2019 /home/travis/build/icyphy/ptII/ptolemy/actor/lib/test/auto/Expression4.xml
----------------- Instantiating /home/travis/build/icyphy/ptII/ptolemy/actor/lib/test/auto/Expression4.xml
5 ms. Memory: 297984K Free: 189829K (64%)
----------------- Invoking toplevel() on ptolemy.moml.MoMLSimpleApplication@34e34331
----------------- Done invoking toplevel() on ptolemy.moml.MoMLSimpleApplication@34e34331
reloadAllAccessors: .Expression4

===========================================================================================
----------------- testing Wed Jul 24 05:15:12 UTC 2019 /home/travis/build/icyphy/ptII/ptolemy/actor/lib/test/auto/Expression5.xml
----------------- Instantiating /home/travis/build/icyphy/ptII/ptolemy/actor/lib/test/auto/Expression5.xml
4 ms. Memory: 297984K Free: 184709K (62%)
----------------- Invoking toplevel() on ptolemy.moml.MoMLSimpleApplication@10481fa9
----------------- Done invoking toplevel() on ptolemy.moml.MoMLSimpleApplication@10481fa9
reloadAllAccessors: .Expression5

===========================================================================================
----------------- testing Wed Jul 24 05:15:12 UTC 2019 /home/travis/build/icyphy/ptII/ptolemy/actor/lib/test/auto/Expression6.xml
----------------- Instantiating /home/travis/build/icyphy/ptII/ptolemy/actor/lib/test/auto/Expression6.xml
2 ms. Memory: 297984K Free: 180103K (60%)
----------------- Invoking toplevel() on ptolemy.moml.MoMLSimpleApplication@2731a365
----------------- Done invoking toplevel() on ptolemy.moml.MoMLSimpleApplication@2731a365
reloadAllAccessors: .Expression6

===========================================================================================
----------------- testing Wed Jul 24 05:15:12 UTC 2019 /home/travis/build/icyphy/ptII/ptolemy/actor/lib/test/auto/Expression7.xml
----------------- Instantiating /home/travis/build/icyphy/ptII/ptolemy/actor/lib/test/auto/Expression7.xml
4 ms. Memory: 297984K Free: 175493K (59%)
----------------- Invoking toplevel() on ptolemy.moml.MoMLSimpleApplication@2d7ec3a1
----------------- Done invoking toplevel() on ptolemy.moml.MoMLSimpleApplication@2d7ec3a1
reloadAllAccessors: .Expression7

===========================================================================================
----------------- testing Wed Jul 24 05:15:12 UTC 2019 /home/travis/build/icyphy/ptII/ptolemy/actor/lib/test/auto/Expression8.xml
----------------- Instantiating /home/travis/build/icyphy/ptII/ptolemy/actor/lib/test/auto/Expression8.xml
9 ms. Memory: 297984K Free: 170373K (57%)
----------------- Invoking toplevel() on ptolemy.moml.MoMLSimpleApplication@17a4686d
----------------- Done invoking toplevel() on ptolemy.moml.MoMLSimpleApplication@17a4686d
reloadAllAccessors: .Expression8

===========================================================================================
----------------- testing Wed Jul 24 05:15:12 UTC 2019 /home/travis/build/icyphy/ptII/ptolemy/actor/lib/test/auto/Expression9.xml
----------------- Instantiating /home/travis/build/icyphy/ptII/ptolemy/actor/lib/test/auto/Expression9.xml
1 ms. Memory: 297984K Free: 166277K (56%)
----------------- Invoking toplevel() on ptolemy.moml.MoMLSimpleApplication@597e09e9
----------------- Done invoking toplevel() on ptolemy.moml.MoMLSimpleApplication@597e09e9
reloadAllAccessors: .Expression9

===========================================================================================
----------------- testing Wed Jul 24 05:15:12 UTC 2019 /home/travis/build/icyphy/ptII/ptolemy/actor/lib/test/auto/ExpressionConcatenateArrayType.xml
----------------- Instantiating /home/travis/build/icyphy/ptII/ptolemy/actor/lib/test/auto/ExpressionConcatenateArrayType.xml
3 ms. Memory: 297984K Free: 159623K (54%)
----------------- Invoking toplevel() on ptolemy.moml.MoMLSimpleApplication@6a6a2fb3
----------------- Done invoking toplevel() on ptolemy.moml.MoMLSimpleApplication@6a6a2fb3
reloadAllAccessors: .ExpressionConcatenateArrayType

===========================================================================================
----------------- testing Wed Jul 24 05:15:12 UTC 2019 /home/travis/build/icyphy/ptII/ptolemy/actor/lib/test/auto/ExpressionConcatenateArrayType2.xml
----------------- Instantiating /home/travis/build/icyphy/ptII/ptolemy/actor/lib/test/auto/ExpressionConcatenateArrayType2.xml
3 ms. Memory: 297984K Free: 154503K (52%)
----------------- Invoking toplevel() on ptolemy.moml.MoMLSimpleApplication@2de337e1
----------------- Done invoking toplevel() on ptolemy.moml.MoMLSimpleApplication@2de337e1
reloadAllAccessors: .ExpressionConcatenateArrayType2

===========================================================================================
----------------- testing Wed Jul 24 05:15:12 UTC 2019 /home/travis/build/icyphy/ptII/ptolemy/actor/lib/test/auto/ExpressionFix.xml
----------------- Instantiating /home/travis/build/icyphy/ptII/ptolemy/actor/lib/test/auto/ExpressionFix.xml
12 ms. Memory: 297984K Free: 147845K (50%)
----------------- Invoking toplevel() on ptolemy.moml.MoMLSimpleApplication@51974622
----------------- Done invoking toplevel() on ptolemy.moml.MoMLSimpleApplication@51974622
reloadAllAccessors: .ExpressionFix

===========================================================================================
----------------- testing Wed Jul 24 05:15:12 UTC 2019 /home/travis/build/icyphy/ptII/ptolemy/actor/lib/test/auto/ExpressionFix2.xml
----------------- Instantiating /home/travis/build/icyphy/ptII/ptolemy/actor/lib/test/auto/ExpressionFix2.xml
3 ms. Memory: 297984K Free: 143749K (48%)
----------------- Invoking toplevel() on ptolemy.moml.MoMLSimpleApplication@27d650e5
----------------- Done invoking toplevel() on ptolemy.moml.MoMLSimpleApplication@27d650e5
reloadAllAccessors: .ExpressionFix2

===========================================================================================
----------------- testing Wed Jul 24 05:15:13 UTC 2019 /home/travis/build/icyphy/ptII/ptolemy/actor/lib/test/auto/ExpressionFix3.xml
----------------- Instantiating /home/travis/build/icyphy/ptII/ptolemy/actor/lib/test/auto/ExpressionFix3.xml
4 ms. Memory: 297984K Free: 139650K (47%)
----------------- Invoking toplevel() on ptolemy.moml.MoMLSimpleApplication@476ef411
----------------- Done invoking toplevel() on ptolemy.moml.MoMLSimpleApplication@476ef411
reloadAllAccessors: .ExpressionFix3

===========================================================================================
----------------- testing Wed Jul 24 05:15:13 UTC 2019 /home/travis/build/icyphy/ptII/ptolemy/actor/lib/test/auto/FileWriter1.xml
----------------- Instantiating /home/travis/build/icyphy/ptII/ptolemy/actor/lib/test/auto/FileWriter1.xml
2 ms. Memory: 297984K Free: 135557K (45%)
----------------- Invoking toplevel() on ptolemy.moml.MoMLSimpleApplication@26e1c1bc
----------------- Done invoking toplevel() on ptolemy.moml.MoMLSimpleApplication@26e1c1bc
reloadAllAccessors: .FileWriter1

===========================================================================================
----------------- testing Wed Jul 24 05:15:13 UTC 2019 /home/travis/build/icyphy/ptII/ptolemy/actor/lib/test/auto/FileWriter2.xml
----------------- Instantiating /home/travis/build/icyphy/ptII/ptolemy/actor/lib/test/auto/FileWriter2.xml
8 ms. Memory: 297984K Free: 130951K (44%)
----------------- Invoking toplevel() on ptolemy.moml.MoMLSimpleApplication@292a355d
----------------- Done invoking toplevel() on ptolemy.moml.MoMLSimpleApplication@292a355d
reloadAllAccessors: .FileWriter2

===========================================================================================
----------------- testing Wed Jul 24 05:15:13 UTC 2019 /home/travis/build/icyphy/ptII/ptolemy/actor/lib/test/auto/FileWriter3.xml
----------------- Instantiating /home/travis/build/icyphy/ptII/ptolemy/actor/lib/test/auto/FileWriter3.xml
5 ms. Memory: 297984K Free: 127365K (43%)
----------------- Invoking toplevel() on ptolemy.moml.MoMLSimpleApplication@3c841ffd
----------------- Done invoking toplevel() on ptolemy.moml.MoMLSimpleApplication@3c841ffd
reloadAllAccessors: .FileWriter3

===========================================================================================
----------------- testing Wed Jul 24 05:15:13 UTC 2019 /home/travis/build/icyphy/ptII/ptolemy/actor/lib/test/auto/Gaussian.xml
----------------- Instantiating /home/travis/build/icyphy/ptII/ptolemy/actor/lib/test/auto/Gaussian.xml
4 ms. Memory: 297984K Free: 122759K (41%)
----------------- Invoking toplevel() on ptolemy.moml.MoMLSimpleApplication@1de648cd
----------------- Done invoking toplevel() on ptolemy.moml.MoMLSimpleApplication@1de648cd
reloadAllAccessors: .Gaussian

===========================================================================================
----------------- testing Wed Jul 24 05:15:13 UTC 2019 /home/travis/build/icyphy/ptII/ptolemy/actor/lib/test/auto/Gaussian1.xml
----------------- Instantiating /home/travis/build/icyphy/ptII/ptolemy/actor/lib/test/auto/Gaussian1.xml
3 ms. Memory: 297984K Free: 117111K (39%)
----------------- Invoking toplevel() on ptolemy.moml.MoMLSimpleApplication@139f46d9
----------------- Done invoking toplevel() on ptolemy.moml.MoMLSimpleApplication@139f46d9
reloadAllAccessors: .Gaussian1

===========================================================================================
----------------- testing Wed Jul 24 05:15:13 UTC 2019 /home/travis/build/icyphy/ptII/ptolemy/actor/lib/test/auto/Gaussian2.xml
----------------- Instantiating /home/travis/build/icyphy/ptII/ptolemy/actor/lib/test/auto/Gaussian2.xml
11 ms. Memory: 297984K Free: 111975K (38%)
----------------- Invoking toplevel() on ptolemy.moml.MoMLSimpleApplication@26d302cf
----------------- Done invoking toplevel() on ptolemy.moml.MoMLSimpleApplication@26d302cf
reloadAllAccessors: .Gaussian2

===========================================================================================
----------------- testing Wed Jul 24 05:15:13 UTC 2019 /home/travis/build/icyphy/ptII/ptolemy/actor/lib/test/auto/GradientAdaptiveLattice.xml
----------------- Instantiating /home/travis/build/icyphy/ptII/ptolemy/actor/lib/test/auto/GradientAdaptiveLattice.xml
3 ms. Memory: 297984K Free: 106885K (36%)
----------------- Invoking toplevel() on ptolemy.moml.MoMLSimpleApplication@31609ed
----------------- Done invoking toplevel() on ptolemy.moml.MoMLSimpleApplication@31609ed
reloadAllAccessors: .GradientAdaptiveLattice

===========================================================================================
----------------- testing Wed Jul 24 05:15:13 UTC 2019 /home/travis/build/icyphy/ptII/ptolemy/actor/lib/test/auto/IIR.xml
----------------- Instantiating /home/travis/build/icyphy/ptII/ptolemy/actor/lib/test/auto/IIR.xml
2 ms. Memory: 297984K Free: 102279K (34%)
----------------- Invoking toplevel() on ptolemy.moml.MoMLSimpleApplication@1eb3695e
----------------- Done invoking toplevel() on ptolemy.moml.MoMLSimpleApplication@1eb3695e
reloadAllAccessors: .IIR

===========================================================================================
----------------- testing Wed Jul 24 05:15:13 UTC 2019 /home/travis/build/icyphy/ptII/ptolemy/actor/lib/test/auto/InputOutputTransparentPorts.xml
----------------- Instantiating /home/travis/build/icyphy/ptII/ptolemy/actor/lib/test/auto/InputOutputTransparentPorts.xml
2 ms. Memory: 297984K Free: 94597K (32%)
----------------- Invoking toplevel() on ptolemy.moml.MoMLSimpleApplication@630d9b1a
----------------- Done invoking toplevel() on ptolemy.moml.MoMLSimpleApplication@630d9b1a
reloadAllAccessors: .InputOutputTransparentPorts

===========================================================================================
----------------- testing Wed Jul 24 05:15:13 UTC 2019 /home/travis/build/icyphy/ptII/ptolemy/actor/lib/test/auto/Interpolator.xml
----------------- Instantiating /home/travis/build/icyphy/ptII/ptolemy/actor/lib/test/auto/Interpolator.xml
4 ms. Memory: 297984K Free: 90501K (30%)
----------------- Invoking toplevel() on ptolemy.moml.MoMLSimpleApplication@6e00d046
----------------- Done invoking toplevel() on ptolemy.moml.MoMLSimpleApplication@6e00d046
reloadAllAccessors: .Interpolator

===========================================================================================
----------------- testing Wed Jul 24 05:15:13 UTC 2019 /home/travis/build/icyphy/ptII/ptolemy/actor/lib/test/auto/InterpolatorFiringLimitDE.xml
----------------- Instantiating /home/travis/build/icyphy/ptII/ptolemy/actor/lib/test/auto/InterpolatorFiringLimitDE.xml
2 ms. Memory: 297984K Free: 84357K (28%)
----------------- Invoking toplevel() on ptolemy.moml.MoMLSimpleApplication@1503d7bb
----------------- Done invoking toplevel() on ptolemy.moml.MoMLSimpleApplication@1503d7bb
reloadAllAccessors: .InterpolatorFiringLimitDE

===========================================================================================
----------------- testing Wed Jul 24 05:15:13 UTC 2019 /home/travis/build/icyphy/ptII/ptolemy/actor/lib/test/auto/Lattice.xml
----------------- Instantiating /home/travis/build/icyphy/ptII/ptolemy/actor/lib/test/auto/Lattice.xml
1 ms. Memory: 297984K Free: 80261K (27%)
----------------- Invoking toplevel() on ptolemy.moml.MoMLSimpleApplication@7efad1f5
----------------- Done invoking toplevel() on ptolemy.moml.MoMLSimpleApplication@7efad1f5
reloadAllAccessors: .Lattice

===========================================================================================
----------------- testing Wed Jul 24 05:15:13 UTC 2019 /home/travis/build/icyphy/ptII/ptolemy/actor/lib/test/auto/LazyAOCTestLazy.xml
----------------- Instantiating /home/travis/build/icyphy/ptII/ptolemy/actor/lib/test/auto/LazyAOCTestLazy.xml
26 ms. Memory: 297984K Free: 249443K (84%)
----------------- Invoking toplevel() on ptolemy.moml.MoMLSimpleApplication@1172ab76
----------------- Done invoking toplevel() on ptolemy.moml.MoMLSimpleApplication@1172ab76
reloadAllAccessors: .LazyAOCTestLazy

===========================================================================================
----------------- testing Wed Jul 24 05:15:13 UTC 2019 /home/travis/build/icyphy/ptII/ptolemy/actor/lib/test/auto/LazyAOCTestNonLazy.xml
----------------- Instantiating /home/travis/build/icyphy/ptII/ptolemy/actor/lib/test/auto/LazyAOCTestNonLazy.xml
2 ms. Memory: 297984K Free: 242275K (81%)
----------------- Invoking toplevel() on ptolemy.moml.MoMLSimpleApplication@3ce4c05e
----------------- Done invoking toplevel() on ptolemy.moml.MoMLSimpleApplication@3ce4c05e
reloadAllAccessors: .LazyAOCTestNonLazy

===========================================================================================
----------------- testing Wed Jul 24 05:15:13 UTC 2019 /home/travis/build/icyphy/ptII/ptolemy/actor/lib/test/auto/LazyInnerClass.xml
----------------- Instantiating /home/travis/build/icyphy/ptII/ptolemy/actor/lib/test/auto/LazyInnerClass.xml
11 ms. Memory: 297984K Free: 234083K (79%)
----------------- Invoking toplevel() on ptolemy.moml.MoMLSimpleApplication@31d66a0e
----------------- Done invoking toplevel() on ptolemy.moml.MoMLSimpleApplication@31d66a0e
reloadAllAccessors: .LazyInnerClass

===========================================================================================
----------------- testing Wed Jul 24 05:15:13 UTC 2019 /home/travis/build/icyphy/ptII/ptolemy/actor/lib/test/auto/LazyPubSub.xml
----------------- Instantiating /home/travis/build/icyphy/ptII/ptolemy/actor/lib/test/auto/LazyPubSub.xml
33 ms. Memory: 297984K Free: 224353K (75%)
----------------- Invoking toplevel() on ptolemy.moml.MoMLSimpleApplication@13ae147a
----------------- Done invoking toplevel() on ptolemy.moml.MoMLSimpleApplication@13ae147a
reloadAllAccessors: .LazyPubSub

===========================================================================================
----------------- testing Wed Jul 24 05:15:13 UTC 2019 /home/travis/build/icyphy/ptII/ptolemy/actor/lib/test/auto/LazyPubSub2.xml
----------------- Instantiating /home/travis/build/icyphy/ptII/ptolemy/actor/lib/test/auto/LazyPubSub2.xml
15 ms. Memory: 297984K Free: 214627K (72%)
----------------- Invoking toplevel() on ptolemy.moml.MoMLSimpleApplication@1f91b043
----------------- Done invoking toplevel() on ptolemy.moml.MoMLSimpleApplication@1f91b043
reloadAllAccessors: .LazyPubSub2

===========================================================================================
----------------- testing Wed Jul 24 05:15:13 UTC 2019 /home/travis/build/icyphy/ptII/ptolemy/actor/lib/test/auto/LazyPubSub3.xml
----------------- Instantiating /home/travis/build/icyphy/ptII/ptolemy/actor/lib/test/auto/LazyPubSub3.xml
20 ms. Memory: 297984K Free: 204387K (69%)
----------------- Invoking toplevel() on ptolemy.moml.MoMLSimpleApplication@2e304457
----------------- Done invoking toplevel() on ptolemy.moml.MoMLSimpleApplication@2e304457
reloadAllAccessors: .LazyPubSub3

===========================================================================================
----------------- testing Wed Jul 24 05:15:13 UTC 2019 /home/travis/build/icyphy/ptII/ptolemy/actor/lib/test/auto/LazySubClassModel.xml
----------------- Instantiating /home/travis/build/icyphy/ptII/ptolemy/actor/lib/test/auto/LazySubClassModel.xml
3 ms. Memory: 297984K Free: 195681K (66%)
----------------- Invoking toplevel() on ptolemy.moml.MoMLSimpleApplication@7b7ea451
----------------- Done invoking toplevel() on ptolemy.moml.MoMLSimpleApplication@7b7ea451
reloadAllAccessors: .LazySubClassModel

===========================================================================================
----------------- testing Wed Jul 24 05:15:13 UTC 2019 /home/travis/build/icyphy/ptII/ptolemy/actor/lib/test/auto/LevelCrossTest1.xml
----------------- Instantiating /home/travis/build/icyphy/ptII/ptolemy/actor/lib/test/auto/LevelCrossTest1.xml
1 ms. Memory: 297984K Free: 190051K (64%)
----------------- Invoking toplevel() on ptolemy.moml.MoMLSimpleApplication@149deeb9
----------------- Done invoking toplevel() on ptolemy.moml.MoMLSimpleApplication@149deeb9
reloadAllAccessors: .broken

===========================================================================================
----------------- testing Wed Jul 24 05:15:13 UTC 2019 /home/travis/build/icyphy/ptII/ptolemy/actor/lib/test/auto/LevelCrossTest10.xml
----------------- Instantiating /home/travis/build/icyphy/ptII/ptolemy/actor/lib/test/auto/LevelCrossTest10.xml
1 ms. Memory: 297984K Free: 182369K (61%)
----------------- Invoking toplevel() on ptolemy.moml.MoMLSimpleApplication@79bc66f8
----------------- Done invoking toplevel() on ptolemy.moml.MoMLSimpleApplication@79bc66f8
reloadAllAccessors: .LevelCrossTest10

===========================================================================================
----------------- testing Wed Jul 24 05:15:13 UTC 2019 /home/travis/build/icyphy/ptII/ptolemy/actor/lib/test/auto/LevelCrossTest11.xml
----------------- Instantiating /home/travis/build/icyphy/ptII/ptolemy/actor/lib/test/auto/LevelCrossTest11.xml
2 ms. Memory: 297984K Free: 175715K (59%)
----------------- Invoking toplevel() on ptolemy.moml.MoMLSimpleApplication@63ef454e
----------------- Done invoking toplevel() on ptolemy.moml.MoMLSimpleApplication@63ef454e
reloadAllAccessors: .LevelCrossTest11

===========================================================================================
----------------- testing Wed Jul 24 05:15:13 UTC 2019 /home/travis/build/icyphy/ptII/ptolemy/actor/lib/test/auto/LevelCrossTest12.xml
----------------- Instantiating /home/travis/build/icyphy/ptII/ptolemy/actor/lib/test/auto/LevelCrossTest12.xml
1 ms. Memory: 297984K Free: 169057K (57%)
----------------- Invoking toplevel() on ptolemy.moml.MoMLSimpleApplication@53de31e7
----------------- Done invoking toplevel() on ptolemy.moml.MoMLSimpleApplication@53de31e7
reloadAllAccessors: .LevelCrossTest12

===========================================================================================
----------------- testing Wed Jul 24 05:15:13 UTC 2019 /home/travis/build/icyphy/ptII/ptolemy/actor/lib/test/auto/LevelCrossTest13.xml
----------------- Instantiating /home/travis/build/icyphy/ptII/ptolemy/actor/lib/test/auto/LevelCrossTest13.xml
10 ms. Memory: 297984K Free: 161379K (54%)
----------------- Invoking toplevel() on ptolemy.moml.MoMLSimpleApplication@45234dda
----------------- Done invoking toplevel() on ptolemy.moml.MoMLSimpleApplication@45234dda
reloadAllAccessors: .LevelCrossTest13

===========================================================================================
----------------- testing Wed Jul 24 05:15:13 UTC 2019 /home/travis/build/icyphy/ptII/ptolemy/actor/lib/test/auto/LevelCrossTest2.xml
----------------- Instantiating /home/travis/build/icyphy/ptII/ptolemy/actor/lib/test/auto/LevelCrossTest2.xml
2 ms. Memory: 297984K Free: 155745K (52%)
----------------- Invoking toplevel() on ptolemy.moml.MoMLSimpleApplication@41a9beab
----------------- Done invoking toplevel() on ptolemy.moml.MoMLSimpleApplication@41a9beab
reloadAllAccessors: .broken

===========================================================================================
----------------- testing Wed Jul 24 05:15:13 UTC 2019 /home/travis/build/icyphy/ptII/ptolemy/actor/lib/test/auto/LevelCrossTest3.xml
----------------- Instantiating /home/travis/build/icyphy/ptII/ptolemy/actor/lib/test/auto/LevelCrossTest3.xml
2 ms. Memory: 297984K Free: 150115K (50%)
----------------- Invoking toplevel() on ptolemy.moml.MoMLSimpleApplication@35bbc25b
----------------- Done invoking toplevel() on ptolemy.moml.MoMLSimpleApplication@35bbc25b
reloadAllAccessors: .LevelCrossTest3

===========================================================================================
----------------- testing Wed Jul 24 05:15:13 UTC 2019 /home/travis/build/icyphy/ptII/ptolemy/actor/lib/test/auto/LevelCrossTest4.xml
----------------- Instantiating /home/travis/build/icyphy/ptII/ptolemy/actor/lib/test/auto/LevelCrossTest4.xml
1 ms. Memory: 297984K Free: 144481K (48%)
----------------- Invoking toplevel() on ptolemy.moml.MoMLSimpleApplication@3bd85cc9
----------------- Done invoking toplevel() on ptolemy.moml.MoMLSimpleApplication@3bd85cc9
reloadAllAccessors: .broken

===========================================================================================
----------------- testing Wed Jul 24 05:15:13 UTC 2019 /home/travis/build/icyphy/ptII/ptolemy/actor/lib/test/auto/LevelCrossTest5.xml
----------------- Instantiating /home/travis/build/icyphy/ptII/ptolemy/actor/lib/test/auto/LevelCrossTest5.xml
1 ms. Memory: 297984K Free: 136803K (46%)
----------------- Invoking toplevel() on ptolemy.moml.MoMLSimpleApplication@6616f339
----------------- Done invoking toplevel() on ptolemy.moml.MoMLSimpleApplication@6616f339
reloadAllAccessors: .LevelCrossTest5

===========================================================================================
----------------- testing Wed Jul 24 05:15:13 UTC 2019 /home/travis/build/icyphy/ptII/ptolemy/actor/lib/test/auto/LevelCrossTest6.xml
----------------- Instantiating /home/travis/build/icyphy/ptII/ptolemy/actor/lib/test/auto/LevelCrossTest6.xml
1 ms. Memory: 297984K Free: 130145K (44%)
----------------- Invoking toplevel() on ptolemy.moml.MoMLSimpleApplication@7417eb85
----------------- Done invoking toplevel() on ptolemy.moml.MoMLSimpleApplication@7417eb85
reloadAllAccessors: .LevelCrossTest6

===========================================================================================
----------------- testing Wed Jul 24 05:15:13 UTC 2019 /home/travis/build/icyphy/ptII/ptolemy/actor/lib/test/auto/LevelCrossTest7.xml
----------------- Instantiating /home/travis/build/icyphy/ptII/ptolemy/actor/lib/test/auto/LevelCrossTest7.xml
1 ms. Memory: 297984K Free: 122467K (41%)
----------------- Invoking toplevel() on ptolemy.moml.MoMLSimpleApplication@5e04bce7
----------------- Done invoking toplevel() on ptolemy.moml.MoMLSimpleApplication@5e04bce7
reloadAllAccessors: .LevelCrossTest7

===========================================================================================
----------------- testing Wed Jul 24 05:15:13 UTC 2019 /home/travis/build/icyphy/ptII/ptolemy/actor/lib/test/auto/LevelCrossTest8.xml
----------------- Instantiating /home/travis/build/icyphy/ptII/ptolemy/actor/lib/test/auto/LevelCrossTest8.xml
1 ms. Memory: 297984K Free: 115299K (39%)
----------------- Invoking toplevel() on ptolemy.moml.MoMLSimpleApplication@2f7e306f
----------------- Done invoking toplevel() on ptolemy.moml.MoMLSimpleApplication@2f7e306f
reloadAllAccessors: .LevelCrossTest8

===========================================================================================
----------------- testing Wed Jul 24 05:15:13 UTC 2019 /home/travis/build/icyphy/ptII/ptolemy/actor/lib/test/auto/LevelCrossTest9.xml
----------------- Instantiating /home/travis/build/icyphy/ptII/ptolemy/actor/lib/test/auto/LevelCrossTest9.xml
2 ms. Memory: 297984K Free: 108131K (36%)
----------------- Invoking toplevel() on ptolemy.moml.MoMLSimpleApplication@38e76010
----------------- Done invoking toplevel() on ptolemy.moml.MoMLSimpleApplication@38e76010
reloadAllAccessors: .LevelCrossTest9

===========================================================================================
----------------- testing Wed Jul 24 05:15:13 UTC 2019 /home/travis/build/icyphy/ptII/ptolemy/actor/lib/test/auto/LevinsonDurbin.xml
----------------- Instantiating /home/travis/build/icyphy/ptII/ptolemy/actor/lib/test/auto/LevinsonDurbin.xml
2 ms. Memory: 297984K Free: 104035K (35%)
----------------- Invoking toplevel() on ptolemy.moml.MoMLSimpleApplication@78a33067
----------------- Done invoking toplevel() on ptolemy.moml.MoMLSimpleApplication@78a33067
reloadAllAccessors: .LevinsonDurbin

===========================================================================================
----------------- testing Wed Jul 24 05:15:13 UTC 2019 /home/travis/build/icyphy/ptII/ptolemy/actor/lib/test/auto/LevinsonDurbin2.xml
----------------- Instantiating /home/travis/build/icyphy/ptII/ptolemy/actor/lib/test/auto/LevinsonDurbin2.xml
2 ms. Memory: 297984K Free: 100449K (34%)
----------------- Invoking toplevel() on ptolemy.moml.MoMLSimpleApplication@1c1c195
----------------- Done invoking toplevel() on ptolemy.moml.MoMLSimpleApplication@1c1c195
reloadAllAccessors: .LevinsonDurbin2

===========================================================================================
----------------- testing Wed Jul 24 05:15:13 UTC 2019 /home/travis/build/icyphy/ptII/ptolemy/actor/lib/test/auto/LevinsonDurbin3.xml
----------------- Instantiating /home/travis/build/icyphy/ptII/ptolemy/actor/lib/test/auto/LevinsonDurbin3.xml
2 ms. Memory: 297984K Free: 96353K (32%)
----------------- Invoking toplevel() on ptolemy.moml.MoMLSimpleApplication@76b60062
----------------- Done invoking toplevel() on ptolemy.moml.MoMLSimpleApplication@76b60062
reloadAllAccessors: .LevinsonDurbin3

===========================================================================================
----------------- testing Wed Jul 24 05:15:13 UTC 2019 /home/travis/build/icyphy/ptII/ptolemy/actor/lib/test/auto/Limiter.xml
----------------- Instantiating /home/travis/build/icyphy/ptII/ptolemy/actor/lib/test/auto/Limiter.xml
5 ms. Memory: 297984K Free: 87123K (29%)
----------------- Invoking toplevel() on ptolemy.moml.MoMLSimpleApplication@74b3fd7e
----------------- Done invoking toplevel() on ptolemy.moml.MoMLSimpleApplication@74b3fd7e
reloadAllAccessors: .Limiter

===========================================================================================
----------------- testing Wed Jul 24 05:15:14 UTC 2019 /home/travis/build/icyphy/ptII/ptolemy/actor/lib/test/auto/LinearDifferenceEquationSystem.xml
----------------- Instantiating /home/travis/build/icyphy/ptII/ptolemy/actor/lib/test/auto/LinearDifferenceEquationSystem.xml
5 ms. Memory: 297984K Free: 79459K (27%)
----------------- Invoking toplevel() on ptolemy.moml.MoMLSimpleApplication@1d17f1e4
----------------- Done invoking toplevel() on ptolemy.moml.MoMLSimpleApplication@1d17f1e4
reloadAllAccessors: .LinearDifferenceEquationSystem

===========================================================================================
----------------- testing Wed Jul 24 05:15:14 UTC 2019 /home/travis/build/icyphy/ptII/ptolemy/actor/lib/test/auto/LookupTable.xml
----------------- Instantiating /home/travis/build/icyphy/ptII/ptolemy/actor/lib/test/auto/LookupTable.xml
12 ms. Memory: 297984K Free: 249711K (84%)
----------------- Invoking toplevel() on ptolemy.moml.MoMLSimpleApplication@527981cc
----------------- Done invoking toplevel() on ptolemy.moml.MoMLSimpleApplication@527981cc
reloadAllAccessors: .LookupTable

===========================================================================================
----------------- testing Wed Jul 24 05:15:14 UTC 2019 /home/travis/build/icyphy/ptII/ptolemy/actor/lib/test/auto/MathFunction.xml
----------------- Instantiating /home/travis/build/icyphy/ptII/ptolemy/actor/lib/test/auto/MathFunction.xml
5 ms. Memory: 297984K Free: 241005K (81%)
----------------- Invoking toplevel() on ptolemy.moml.MoMLSimpleApplication@16fec2c3
----------------- Done invoking toplevel() on ptolemy.moml.MoMLSimpleApplication@16fec2c3
reloadAllAccessors: .MathFunction

===========================================================================================
----------------- testing Wed Jul 24 05:15:14 UTC 2019 /home/travis/build/icyphy/ptII/ptolemy/actor/lib/test/auto/MathFunction2.xml
----------------- Instantiating /home/travis/build/icyphy/ptII/ptolemy/actor/lib/test/auto/MathFunction2.xml
5 ms. Memory: 297984K Free: 236909K (80%)
----------------- Invoking toplevel() on ptolemy.moml.MoMLSimpleApplication@4dc9e9a1
----------------- Done invoking toplevel() on ptolemy.moml.MoMLSimpleApplication@4dc9e9a1
reloadAllAccessors: .MathFunction2

===========================================================================================
----------------- testing Wed Jul 24 05:15:14 UTC 2019 /home/travis/build/icyphy/ptII/ptolemy/actor/lib/test/auto/MathFunction3.xml
----------------- Instantiating /home/travis/build/icyphy/ptII/ptolemy/actor/lib/test/auto/MathFunction3.xml
3 ms. Memory: 297984K Free: 230255K (77%)
----------------- Invoking toplevel() on ptolemy.moml.MoMLSimpleApplication@443ff4f5
----------------- Done invoking toplevel() on ptolemy.moml.MoMLSimpleApplication@443ff4f5
reloadAllAccessors: .MathFunction3

===========================================================================================
----------------- testing Wed Jul 24 05:15:14 UTC 2019 /home/travis/build/icyphy/ptII/ptolemy/actor/lib/test/auto/MatrixCropBoolean.xml
----------------- Instantiating /home/travis/build/icyphy/ptII/ptolemy/actor/lib/test/auto/MatrixCropBoolean.xml
2 ms. Memory: 297984K Free: 225135K (76%)
----------------- Invoking toplevel() on ptolemy.moml.MoMLSimpleApplication@4d8e1c82
----------------- Done invoking toplevel() on ptolemy.moml.MoMLSimpleApplication@4d8e1c82
reloadAllAccessors: .MatrixCropBoolean

===========================================================================================
----------------- testing Wed Jul 24 05:15:14 UTC 2019 /home/travis/build/icyphy/ptII/ptolemy/actor/lib/test/auto/MatrixCropComplex.xml
----------------- Instantiating /home/travis/build/icyphy/ptII/ptolemy/actor/lib/test/auto/MatrixCropComplex.xml
1 ms. Memory: 297984K Free: 220519K (74%)
----------------- Invoking toplevel() on ptolemy.moml.MoMLSimpleApplication@1e324b76
----------------- Done invoking toplevel() on ptolemy.moml.MoMLSimpleApplication@1e324b76
reloadAllAccessors: .MatrixCropComplex

===========================================================================================
----------------- testing Wed Jul 24 05:15:14 UTC 2019 /home/travis/build/icyphy/ptII/ptolemy/actor/lib/test/auto/MatrixCropDouble.xml
----------------- Instantiating /home/travis/build/icyphy/ptII/ptolemy/actor/lib/test/auto/MatrixCropDouble.xml
2 ms. Memory: 297984K Free: 215399K (72%)
----------------- Invoking toplevel() on ptolemy.moml.MoMLSimpleApplication@61a7ae0b
----------------- Done invoking toplevel() on ptolemy.moml.MoMLSimpleApplication@61a7ae0b
reloadAllAccessors: .MatrixCropDouble

===========================================================================================
----------------- testing Wed Jul 24 05:15:14 UTC 2019 /home/travis/build/icyphy/ptII/ptolemy/actor/lib/test/auto/MatrixCropFix.xml
----------------- Instantiating /home/travis/build/icyphy/ptII/ptolemy/actor/lib/test/auto/MatrixCropFix.xml
2 ms. Memory: 297984K Free: 210799K (71%)
----------------- Invoking toplevel() on ptolemy.moml.MoMLSimpleApplication@7527371e
----------------- Done invoking toplevel() on ptolemy.moml.MoMLSimpleApplication@7527371e
reloadAllAccessors: .MatrixCropFix

===========================================================================================
----------------- testing Wed Jul 24 05:15:14 UTC 2019 /home/travis/build/icyphy/ptII/ptolemy/actor/lib/test/auto/MatrixCropInt.xml
----------------- Instantiating /home/travis/build/icyphy/ptII/ptolemy/actor/lib/test/auto/MatrixCropInt.xml
2 ms. Memory: 297984K Free: 205679K (69%)
----------------- Invoking toplevel() on ptolemy.moml.MoMLSimpleApplication@74f5e2c2
----------------- Done invoking toplevel() on ptolemy.moml.MoMLSimpleApplication@74f5e2c2
reloadAllAccessors: .MatrixCropInt

===========================================================================================
----------------- testing Wed Jul 24 05:15:14 UTC 2019 /home/travis/build/icyphy/ptII/ptolemy/actor/lib/test/auto/MatrixCropLong.xml
----------------- Instantiating /home/travis/build/icyphy/ptII/ptolemy/actor/lib/test/auto/MatrixCropLong.xml
1 ms. Memory: 297984K Free: 200559K (67%)
----------------- Invoking toplevel() on ptolemy.moml.MoMLSimpleApplication@6e14fb14
----------------- Done invoking toplevel() on ptolemy.moml.MoMLSimpleApplication@6e14fb14
reloadAllAccessors: .MatrixCropLong

===========================================================================================
----------------- testing Wed Jul 24 05:15:14 UTC 2019 /home/travis/build/icyphy/ptII/ptolemy/actor/lib/test/auto/MatrixToArray.xml
----------------- Instantiating /home/travis/build/icyphy/ptII/ptolemy/actor/lib/test/auto/MatrixToArray.xml
6 ms. Memory: 297984K Free: 185199K (62%)
----------------- Invoking toplevel() on ptolemy.moml.MoMLSimpleApplication@607ce675
----------------- Done invoking toplevel() on ptolemy.moml.MoMLSimpleApplication@607ce675
reloadAllAccessors: .MatrixToArray

===========================================================================================
----------------- testing Wed Jul 24 05:15:14 UTC 2019 /home/travis/build/icyphy/ptII/ptolemy/actor/lib/test/auto/MaxIndex.xml
----------------- Instantiating /home/travis/build/icyphy/ptII/ptolemy/actor/lib/test/auto/MaxIndex.xml
2 ms. Memory: 297984K Free: 180079K (60%)
----------------- Invoking toplevel() on ptolemy.moml.MoMLSimpleApplication@72fbdfd1
----------------- Done invoking toplevel() on ptolemy.moml.MoMLSimpleApplication@72fbdfd1
reloadAllAccessors: .MaxIndex

===========================================================================================
----------------- testing Wed Jul 24 05:15:14 UTC 2019 /home/travis/build/icyphy/ptII/ptolemy/actor/lib/test/auto/Maximum.xml
----------------- Instantiating /home/travis/build/icyphy/ptII/ptolemy/actor/lib/test/auto/Maximum.xml
2 ms. Memory: 297984K Free: 173935K (58%)
----------------- Invoking toplevel() on ptolemy.moml.MoMLSimpleApplication@40f56104
----------------- Done invoking toplevel() on ptolemy.moml.MoMLSimpleApplication@40f56104
reloadAllAccessors: .Maximum

===========================================================================================
----------------- testing Wed Jul 24 05:15:14 UTC 2019 /home/travis/build/icyphy/ptII/ptolemy/actor/lib/test/auto/MaximumComplex.xml
----------------- Instantiating /home/travis/build/icyphy/ptII/ptolemy/actor/lib/test/auto/MaximumComplex.xml
5 ms. Memory: 297984K Free: 167791K (56%)
----------------- Invoking toplevel() on ptolemy.moml.MoMLSimpleApplication@c802a71
----------------- Done invoking toplevel() on ptolemy.moml.MoMLSimpleApplication@c802a71
reloadAllAccessors: .MaximumComplex

===========================================================================================
----------------- testing Wed Jul 24 05:15:14 UTC 2019 /home/travis/build/icyphy/ptII/ptolemy/actor/lib/test/auto/MethodCallTest.xml
----------------- Instantiating /home/travis/build/icyphy/ptII/ptolemy/actor/lib/test/auto/MethodCallTest.xml
3 ms. Memory: 297984K Free: 161133K (54%)
----------------- Invoking toplevel() on ptolemy.moml.MoMLSimpleApplication@5205d2d6
----------------- Done invoking toplevel() on ptolemy.moml.MoMLSimpleApplication@5205d2d6
reloadAllAccessors: .MethodCallTest

===========================================================================================
----------------- testing Wed Jul 24 05:15:14 UTC 2019 /home/travis/build/icyphy/ptII/ptolemy/actor/lib/test/auto/Minimum.xml
----------------- Instantiating /home/travis/build/icyphy/ptII/ptolemy/actor/lib/test/auto/Minimum.xml
4 ms. Memory: 297984K Free: 154479K (52%)
----------------- Invoking toplevel() on ptolemy.moml.MoMLSimpleApplication@14a1867d
----------------- Done invoking toplevel() on ptolemy.moml.MoMLSimpleApplication@14a1867d
reloadAllAccessors: .Minimum

===========================================================================================
----------------- testing Wed Jul 24 05:15:14 UTC 2019 /home/travis/build/icyphy/ptII/ptolemy/actor/lib/test/auto/MinimumComplex.xml
----------------- Instantiating /home/travis/build/icyphy/ptII/ptolemy/actor/lib/test/auto/MinimumComplex.xml
4 ms. Memory: 297984K Free: 148335K (50%)
----------------- Invoking toplevel() on ptolemy.moml.MoMLSimpleApplication@1e3404f5
----------------- Done invoking toplevel() on ptolemy.moml.MoMLSimpleApplication@1e3404f5
reloadAllAccessors: .MinimumComplex

===========================================================================================
----------------- testing Wed Jul 24 05:15:14 UTC 2019 /home/travis/build/icyphy/ptII/ptolemy/actor/lib/test/auto/MinimumMultiports.xml
----------------- Instantiating /home/travis/build/icyphy/ptII/ptolemy/actor/lib/test/auto/MinimumMultiports.xml
10 ms. Memory: 297984K Free: 140143K (47%)
----------------- Invoking toplevel() on ptolemy.moml.MoMLSimpleApplication@136f5b6e
----------------- Done invoking toplevel() on ptolemy.moml.MoMLSimpleApplication@136f5b6e
reloadAllAccessors: .MinimumMultiports

===========================================================================================
----------------- testing Wed Jul 24 05:15:14 UTC 2019 /home/travis/build/icyphy/ptII/ptolemy/actor/lib/test/auto/ModifyDate.xml
----------------- Instantiating /home/travis/build/icyphy/ptII/ptolemy/actor/lib/test/auto/ModifyDate.xml
10 ms. Memory: 297984K Free: 127341K (43%)
----------------- Invoking toplevel() on ptolemy.moml.MoMLSimpleApplication@13a0d2e2
----------------- Done invoking toplevel() on ptolemy.moml.MoMLSimpleApplication@13a0d2e2
reloadAllAccessors: .ModifyDate

===========================================================================================
----------------- testing Wed Jul 24 05:15:14 UTC 2019 /home/travis/build/icyphy/ptII/ptolemy/actor/lib/test/auto/ModifyDate2.xml
----------------- Instantiating /home/travis/build/icyphy/ptII/ptolemy/actor/lib/test/auto/ModifyDate2.xml
10 ms. Memory: 297984K Free: 118639K (40%)
----------------- Invoking toplevel() on ptolemy.moml.MoMLSimpleApplication@6a43998c
----------------- Done invoking toplevel() on ptolemy.moml.MoMLSimpleApplication@6a43998c
reloadAllAccessors: .ModifyDate2

===========================================================================================
----------------- testing Wed Jul 24 05:15:14 UTC 2019 /home/travis/build/icyphy/ptII/ptolemy/actor/lib/test/auto/MovingAverage.xml
----------------- Instantiating /home/travis/build/icyphy/ptII/ptolemy/actor/lib/test/auto/MovingAverage.xml
10 ms. Memory: 297984K Free: 113519K (38%)
----------------- Invoking toplevel() on ptolemy.moml.MoMLSimpleApplication@7f6d24b1
----------------- Done invoking toplevel() on ptolemy.moml.MoMLSimpleApplication@7f6d24b1
reloadAllAccessors: .MovingAverage

===========================================================================================
----------------- testing Wed Jul 24 05:15:14 UTC 2019 /home/travis/build/icyphy/ptII/ptolemy/actor/lib/test/auto/MovingMaximum.xml
----------------- Instantiating /home/travis/build/icyphy/ptII/ptolemy/actor/lib/test/auto/MovingMaximum.xml
2 ms. Memory: 297984K Free: 108909K (37%)
----------------- Invoking toplevel() on ptolemy.moml.MoMLSimpleApplication@2089d5af
----------------- Done invoking toplevel() on ptolemy.moml.MoMLSimpleApplication@2089d5af
reloadAllAccessors: .MovingMaximum

===========================================================================================
----------------- testing Wed Jul 24 05:15:14 UTC 2019 /home/travis/build/icyphy/ptII/ptolemy/actor/lib/test/auto/MultipleLinksToSameRelation.xml
----------------- Instantiating /home/travis/build/icyphy/ptII/ptolemy/actor/lib/test/auto/MultipleLinksToSameRelation.xml
2 ms. Memory: 297984K Free: 104813K (35%)
----------------- Invoking toplevel() on ptolemy.moml.MoMLSimpleApplication@d06751a
----------------- Done invoking toplevel() on ptolemy.moml.MoMLSimpleApplication@d06751a
reloadAllAccessors: .MultipleLinksToSameRelation

===========================================================================================
----------------- testing Wed Jul 24 05:15:14 UTC 2019 /home/travis/build/icyphy/ptII/ptolemy/actor/lib/test/auto/MultipleLinksToSameRelationDE.xml
----------------- Instantiating /home/travis/build/icyphy/ptII/ptolemy/actor/lib/test/auto/MultipleLinksToSameRelationDE.xml
5 ms. Memory: 297984K Free: 100703K (34%)
----------------- Invoking toplevel() on ptolemy.moml.MoMLSimpleApplication@37642b6c
----------------- Done invoking toplevel() on ptolemy.moml.MoMLSimpleApplication@37642b6c
reloadAllAccessors: .MultipleLinksToSameRelationDE

===========================================================================================
----------------- testing Wed Jul 24 05:15:14 UTC 2019 /home/travis/build/icyphy/ptII/ptolemy/actor/lib/test/auto/Multiplexor.xml
----------------- Instantiating /home/travis/build/icyphy/ptII/ptolemy/actor/lib/test/auto/Multiplexor.xml
2 ms. Memory: 297984K Free: 95087K (32%)
----------------- Invoking toplevel() on ptolemy.moml.MoMLSimpleApplication@1e856e39
----------------- Done invoking toplevel() on ptolemy.moml.MoMLSimpleApplication@1e856e39
reloadAllAccessors: .Multiplexor

===========================================================================================
----------------- testing Wed Jul 24 05:15:14 UTC 2019 /home/travis/build/icyphy/ptII/ptolemy/actor/lib/test/auto/Multiplexor1.xml
----------------- Instantiating /home/travis/build/icyphy/ptII/ptolemy/actor/lib/test/auto/Multiplexor1.xml
2 ms. Memory: 297984K Free: 89423K (30%)
----------------- Invoking toplevel() on ptolemy.moml.MoMLSimpleApplication@60e9f724
----------------- Done invoking toplevel() on ptolemy.moml.MoMLSimpleApplication@60e9f724
reloadAllAccessors: .Multiplexor1

===========================================================================================
----------------- testing Wed Jul 24 05:15:14 UTC 2019 /home/travis/build/icyphy/ptII/ptolemy/actor/lib/test/auto/Multiplexor2.xml
----------------- Instantiating /home/travis/build/icyphy/ptII/ptolemy/actor/lib/test/auto/Multiplexor2.xml
6 ms. Memory: 297984K Free: 82797K (28%)
----------------- Invoking toplevel() on ptolemy.moml.MoMLSimpleApplication@592bf25
----------------- Done invoking toplevel() on ptolemy.moml.MoMLSimpleApplication@592bf25
reloadAllAccessors: .Multiplexor2

===========================================================================================
----------------- testing Wed Jul 24 05:15:14 UTC 2019 /home/travis/build/icyphy/ptII/ptolemy/actor/lib/test/auto/Multiplexor3.xml
----------------- Instantiating /home/travis/build/icyphy/ptII/ptolemy/actor/lib/test/auto/Multiplexor3.xml
2 ms. Memory: 297984K Free: 78703K (26%)
----------------- Invoking toplevel() on ptolemy.moml.MoMLSimpleApplication@39f2819a
----------------- Done invoking toplevel() on ptolemy.moml.MoMLSimpleApplication@39f2819a
reloadAllAccessors: .Multiplexor3

===========================================================================================
----------------- testing Wed Jul 24 05:15:14 UTC 2019 /home/travis/build/icyphy/ptII/ptolemy/actor/lib/test/auto/MultiplexorDE.xml
----------------- Instantiating /home/travis/build/icyphy/ptII/ptolemy/actor/lib/test/auto/MultiplexorDE.xml
2 ms. Memory: 297984K Free: 245551K (82%)
----------------- Invoking toplevel() on ptolemy.moml.MoMLSimpleApplication@307cc58a
----------------- Done invoking toplevel() on ptolemy.moml.MoMLSimpleApplication@307cc58a
reloadAllAccessors: .MultiplexorDE

===========================================================================================
----------------- testing Wed Jul 24 05:15:14 UTC 2019 /home/travis/build/icyphy/ptII/ptolemy/actor/lib/test/auto/MultiportBroadcastTest.xml
----------------- Instantiating /home/travis/build/icyphy/ptII/ptolemy/actor/lib/test/auto/MultiportBroadcastTest.xml
93 ms. Memory: 297984K Free: 238927K (80%)
----------------- Invoking toplevel() on ptolemy.moml.MoMLSimpleApplication@2f7c4479
----------------- Done invoking toplevel() on ptolemy.moml.MoMLSimpleApplication@2f7c4479
reloadAllAccessors: .MultiportBroadcastTest

===========================================================================================
----------------- testing Wed Jul 24 05:15:14 UTC 2019 /home/travis/build/icyphy/ptII/ptolemy/actor/lib/test/auto/MultiportOutHangDuringGetWidth.xml
----------------- Instantiating /home/travis/build/icyphy/ptII/ptolemy/actor/lib/test/auto/MultiportOutHangDuringGetWidth.xml
5 ms. Memory: 297984K Free: 227135K (76%)
----------------- Invoking toplevel() on ptolemy.moml.MoMLSimpleApplication@44547d2c
----------------- Done invoking toplevel() on ptolemy.moml.MoMLSimpleApplication@44547d2c
reloadAllAccessors: .MultiportOutHangDuringGetWidth

===========================================================================================
----------------- testing Wed Jul 24 05:15:14 UTC 2019 /home/travis/build/icyphy/ptII/ptolemy/actor/lib/test/auto/NilToken.xml
----------------- Instantiating /home/travis/build/icyphy/ptII/ptolemy/actor/lib/test/auto/NilToken.xml
1 ms. Memory: 297984K Free: 223053K (75%)
----------------- Invoking toplevel() on ptolemy.moml.MoMLSimpleApplication@10cb0c78
----------------- Done invoking toplevel() on ptolemy.moml.MoMLSimpleApplication@10cb0c78
reloadAllAccessors: .NilToken

===========================================================================================
----------------- testing Wed Jul 24 05:15:14 UTC 2019 /home/travis/build/icyphy/ptII/ptolemy/actor/lib/test/auto/NilTokenNonStrictTest.xml
----------------- Instantiating /home/travis/build/icyphy/ptII/ptolemy/actor/lib/test/auto/NilTokenNonStrictTest.xml
3 ms. Memory: 297984K Free: 218447K (73%)
----------------- Invoking toplevel() on ptolemy.moml.MoMLSimpleApplication@e1ddc7d
----------------- Done invoking toplevel() on ptolemy.moml.MoMLSimpleApplication@e1ddc7d
reloadAllAccessors: .NilTokenNonStrictTest

===========================================================================================
----------------- testing Wed Jul 24 05:15:14 UTC 2019 /home/travis/build/icyphy/ptII/ptolemy/actor/lib/test/auto/NilTokenRecord.xml
----------------- Instantiating /home/travis/build/icyphy/ptII/ptolemy/actor/lib/test/auto/NilTokenRecord.xml
7 ms. Memory: 297984K Free: 211789K (71%)
----------------- Invoking toplevel() on ptolemy.moml.MoMLSimpleApplication@7a8de779
----------------- Done invoking toplevel() on ptolemy.moml.MoMLSimpleApplication@7a8de779
reloadAllAccessors: .NilTokenRecord

===========================================================================================
----------------- testing Wed Jul 24 05:15:15 UTC 2019 /home/travis/build/icyphy/ptII/ptolemy/actor/lib/test/auto/NilTokenTypeTest.xml
----------------- Instantiating /home/travis/build/icyphy/ptII/ptolemy/actor/lib/test/auto/NilTokenTypeTest.xml
7 ms. Memory: 297984K Free: 202063K (68%)
----------------- Invoking toplevel() on ptolemy.moml.MoMLSimpleApplication@2cbea09b
----------------- Done invoking toplevel() on ptolemy.moml.MoMLSimpleApplication@2cbea09b
reloadAllAccessors: .NilTokenTypeTest

===========================================================================================
----------------- testing Wed Jul 24 05:15:15 UTC 2019 /home/travis/build/icyphy/ptII/ptolemy/actor/lib/test/auto/ObjectToken1.xml
----------------- Instantiating /home/travis/build/icyphy/ptII/ptolemy/actor/lib/test/auto/ObjectToken1.xml
3 ms. Memory: 297984K Free: 197967K (66%)
----------------- Invoking toplevel() on ptolemy.moml.MoMLSimpleApplication@442e65bf
----------------- Done invoking toplevel() on ptolemy.moml.MoMLSimpleApplication@442e65bf
reloadAllAccessors: .ObjectToken1

===========================================================================================
----------------- testing Wed Jul 24 05:15:15 UTC 2019 /home/travis/build/icyphy/ptII/ptolemy/actor/lib/test/auto/OrderedMerge.xml
----------------- Instantiating /home/travis/build/icyphy/ptII/ptolemy/actor/lib/test/auto/OrderedMerge.xml
5 ms. Memory: 297984K Free: 192847K (65%)
----------------- Invoking toplevel() on ptolemy.moml.MoMLSimpleApplication@2bfb9acb
----------------- Done invoking toplevel() on ptolemy.moml.MoMLSimpleApplication@2bfb9acb
reloadAllAccessors: .OrderedMerge

===========================================================================================
----------------- testing Wed Jul 24 05:15:15 UTC 2019 /home/travis/build/icyphy/ptII/ptolemy/actor/lib/test/auto/OrderedRecordDisassembler.xml
----------------- Instantiating /home/travis/build/icyphy/ptII/ptolemy/actor/lib/test/auto/OrderedRecordDisassembler.xml
9 ms. Memory: 297984K Free: 187727K (63%)
----------------- Invoking toplevel() on ptolemy.moml.MoMLSimpleApplication@ea173
----------------- Done invoking toplevel() on ptolemy.moml.MoMLSimpleApplication@ea173
reloadAllAccessors: .OrderedRecordDisassembler

===========================================================================================
----------------- testing Wed Jul 24 05:15:15 UTC 2019 /home/travis/build/icyphy/ptII/ptolemy/actor/lib/test/auto/OrderedRecordDisassembler2.xml
----------------- Instantiating /home/travis/build/icyphy/ptII/ptolemy/actor/lib/test/auto/OrderedRecordDisassembler2.xml
4 ms. Memory: 297984K Free: 180031K (60%)
----------------- Invoking toplevel() on ptolemy.moml.MoMLSimpleApplication@35fb2f2c
----------------- Done invoking toplevel() on ptolemy.moml.MoMLSimpleApplication@35fb2f2c
reloadAllAccessors: .OrderedRecordDisassembler2

===========================================================================================
----------------- testing Wed Jul 24 05:15:15 UTC 2019 /home/travis/build/icyphy/ptII/ptolemy/actor/lib/test/auto/OrderedRecordUpdater.xml
----------------- Instantiating /home/travis/build/icyphy/ptII/ptolemy/actor/lib/test/auto/OrderedRecordUpdater.xml
7 ms. Memory: 297984K Free: 174925K (59%)
----------------- Invoking toplevel() on ptolemy.moml.MoMLSimpleApplication@362615eb
----------------- Done invoking toplevel() on ptolemy.moml.MoMLSimpleApplication@362615eb
reloadAllAccessors: .RecordUpdater

===========================================================================================
----------------- testing Wed Jul 24 05:15:15 UTC 2019 /home/travis/build/icyphy/ptII/ptolemy/actor/lib/test/auto/OrderedRecordUpdater2.xml
----------------- Instantiating /home/travis/build/icyphy/ptII/ptolemy/actor/lib/test/auto/OrderedRecordUpdater2.xml
3 ms. Memory: 297984K Free: 169805K (57%)
----------------- Invoking toplevel() on ptolemy.moml.MoMLSimpleApplication@3fecdb69
----------------- Done invoking toplevel() on ptolemy.moml.MoMLSimpleApplication@3fecdb69
reloadAllAccessors: .RecordUpdater2

===========================================================================================
----------------- testing Wed Jul 24 05:15:15 UTC 2019 /home/travis/build/icyphy/ptII/ptolemy/actor/lib/test/auto/PhaseUnwrap.xml
----------------- Instantiating /home/travis/build/icyphy/ptII/ptolemy/actor/lib/test/auto/PhaseUnwrap.xml
2 ms. Memory: 297984K Free: 165199K (55%)
----------------- Invoking toplevel() on ptolemy.moml.MoMLSimpleApplication@3d9644d6
----------------- Done invoking toplevel() on ptolemy.moml.MoMLSimpleApplication@3d9644d6
reloadAllAccessors: .PhaseUnwrap

===========================================================================================
----------------- testing Wed Jul 24 05:15:15 UTC 2019 /home/travis/build/icyphy/ptII/ptolemy/actor/lib/test/auto/PoissonClock.xml
----------------- Instantiating /home/travis/build/icyphy/ptII/ptolemy/actor/lib/test/auto/PoissonClock.xml
1 ms. Memory: 297984K Free: 161103K (54%)
----------------- Invoking toplevel() on ptolemy.moml.MoMLSimpleApplication@3ad95789
----------------- Done invoking toplevel() on ptolemy.moml.MoMLSimpleApplication@3ad95789
reloadAllAccessors: .PoissonClock

===========================================================================================
----------------- testing Wed Jul 24 05:15:15 UTC 2019 /home/travis/build/icyphy/ptII/ptolemy/actor/lib/test/auto/PoissonClock2.xml
----------------- Instantiating /home/travis/build/icyphy/ptII/ptolemy/actor/lib/test/auto/PoissonClock2.xml
2 ms. Memory: 297984K Free: 156493K (53%)
----------------- Invoking toplevel() on ptolemy.moml.MoMLSimpleApplication@5cae0e65
----------------- Done invoking toplevel() on ptolemy.moml.MoMLSimpleApplication@5cae0e65
reloadAllAccessors: .PoissonClock2

===========================================================================================
----------------- testing Wed Jul 24 05:15:15 UTC 2019 /home/travis/build/icyphy/ptII/ptolemy/actor/lib/test/auto/PoissonClock3.xml
----------------- Instantiating /home/travis/build/icyphy/ptII/ptolemy/actor/lib/test/auto/PoissonClock3.xml
1 ms. Memory: 297984K Free: 151373K (51%)
----------------- Invoking toplevel() on ptolemy.moml.MoMLSimpleApplication@3736671b
----------------- Done invoking toplevel() on ptolemy.moml.MoMLSimpleApplication@3736671b
reloadAllAccessors: .PoissonClock3

===========================================================================================
----------------- testing Wed Jul 24 05:15:15 UTC 2019 /home/travis/build/icyphy/ptII/ptolemy/actor/lib/test/auto/PubSubWithInitialTokens.xml
----------------- Instantiating /home/travis/build/icyphy/ptII/ptolemy/actor/lib/test/auto/PubSubWithInitialTokens.xml
2 ms. Memory: 297984K Free: 146239K (49%)
----------------- Invoking toplevel() on ptolemy.moml.MoMLSimpleApplication@7e23f41c
----------------- Done invoking toplevel() on ptolemy.moml.MoMLSimpleApplication@7e23f41c
reloadAllAccessors: .PubSubWithInitialTokens

===========================================================================================
----------------- testing Wed Jul 24 05:15:15 UTC 2019 /home/travis/build/icyphy/ptII/ptolemy/actor/lib/test/auto/PubSubWithInitialTokens2.xml
----------------- Instantiating /home/travis/build/icyphy/ptII/ptolemy/actor/lib/test/auto/PubSubWithInitialTokens2.xml
3 ms. Memory: 297984K Free: 140103K (47%)
----------------- Invoking toplevel() on ptolemy.moml.MoMLSimpleApplication@12473633
----------------- Done invoking toplevel() on ptolemy.moml.MoMLSimpleApplication@12473633
reloadAllAccessors: .PubSubWithInitialTokens2

===========================================================================================
----------------- testing Wed Jul 24 05:15:15 UTC 2019 /home/travis/build/icyphy/ptII/ptolemy/actor/lib/test/auto/PublisherClassNoParameter.xml
----------------- Instantiating /home/travis/build/icyphy/ptII/ptolemy/actor/lib/test/auto/PublisherClassNoParameter.xml
3 ms. Memory: 297984K Free: 130383K (44%)
----------------- Invoking toplevel() on ptolemy.moml.MoMLSimpleApplication@14f76c35
----------------- Done invoking toplevel() on ptolemy.moml.MoMLSimpleApplication@14f76c35
reloadAllAccessors: .PublisherClassNoParameter

===========================================================================================
----------------- testing Wed Jul 24 05:15:15 UTC 2019 /home/travis/build/icyphy/ptII/ptolemy/actor/lib/test/auto/PublisherClassParameter.xml
----------------- Instantiating /home/travis/build/icyphy/ptII/ptolemy/actor/lib/test/auto/PublisherClassParameter.xml
2 ms. Memory: 297984K Free: 120143K (40%)
----------------- Invoking toplevel() on ptolemy.moml.MoMLSimpleApplication@277c25f8
----------------- Done invoking toplevel() on ptolemy.moml.MoMLSimpleApplication@277c25f8
reloadAllAccessors: .PublisherClassParameter

===========================================================================================
----------------- testing Wed Jul 24 05:15:15 UTC 2019 /home/travis/build/icyphy/ptII/ptolemy/actor/lib/test/auto/PublisherNonStrictTest.xml
----------------- Instantiating /home/travis/build/icyphy/ptII/ptolemy/actor/lib/test/auto/PublisherNonStrictTest.xml
3 ms. Memory: 297984K Free: 112455K (38%)
----------------- Invoking toplevel() on ptolemy.moml.MoMLSimpleApplication@2b2a077
----------------- Done invoking toplevel() on ptolemy.moml.MoMLSimpleApplication@2b2a077
reloadAllAccessors: .PublisherNonStrictTest

===========================================================================================
----------------- testing Wed Jul 24 05:15:15 UTC 2019 /home/travis/build/icyphy/ptII/ptolemy/actor/lib/test/auto/PublisherPort1.xml
----------------- Instantiating /home/travis/build/icyphy/ptII/ptolemy/actor/lib/test/auto/PublisherPort1.xml
10 ms. Memory: 297984K Free: 106831K (36%)
----------------- Invoking toplevel() on ptolemy.moml.MoMLSimpleApplication@68ea1fb5
----------------- Done invoking toplevel() on ptolemy.moml.MoMLSimpleApplication@68ea1fb5
reloadAllAccessors: .PublisherPort1

===========================================================================================
----------------- testing Wed Jul 24 05:15:15 UTC 2019 /home/travis/build/icyphy/ptII/ptolemy/actor/lib/test/auto/PublisherPort2.xml
----------------- Instantiating /home/travis/build/icyphy/ptII/ptolemy/actor/lib/test/auto/PublisherPort2.xml
1 ms. Memory: 297984K Free: 101711K (34%)
----------------- Invoking toplevel() on ptolemy.moml.MoMLSimpleApplication@1debff7f
----------------- Done invoking toplevel() on ptolemy.moml.MoMLSimpleApplication@1debff7f
reloadAllAccessors: .PublisherPort2

===========================================================================================
----------------- testing Wed Jul 24 05:15:15 UTC 2019 /home/travis/build/icyphy/ptII/ptolemy/actor/lib/test/auto/PublisherPort3.xml
----------------- Instantiating /home/travis/build/icyphy/ptII/ptolemy/actor/lib/test/auto/PublisherPort3.xml
4 ms. Memory: 297984K Free: 95023K (32%)
----------------- Invoking toplevel() on ptolemy.moml.MoMLSimpleApplication@685d2131
----------------- Done invoking toplevel() on ptolemy.moml.MoMLSimpleApplication@685d2131
reloadAllAccessors: .PublisherPort3

===========================================================================================
----------------- testing Wed Jul 24 05:15:15 UTC 2019 /home/travis/build/icyphy/ptII/ptolemy/actor/lib/test/auto/PublisherPort4.xml
----------------- Instantiating /home/travis/build/icyphy/ptII/ptolemy/actor/lib/test/auto/PublisherPort4.xml
2 ms. Memory: 297984K Free: 89423K (30%)
----------------- Invoking toplevel() on ptolemy.moml.MoMLSimpleApplication@26419c1a
----------------- Done invoking toplevel() on ptolemy.moml.MoMLSimpleApplication@26419c1a
reloadAllAccessors: .PublisherPort4

===========================================================================================
----------------- testing Wed Jul 24 05:15:15 UTC 2019 /home/travis/build/icyphy/ptII/ptolemy/actor/lib/test/auto/PublisherPort5.xml
----------------- Instantiating /home/travis/build/icyphy/ptII/ptolemy/actor/lib/test/auto/PublisherPort5.xml
3 ms. Memory: 297984K Free: 81741K (27%)
----------------- Invoking toplevel() on ptolemy.moml.MoMLSimpleApplication@54b8c7e7
----------------- Done invoking toplevel() on ptolemy.moml.MoMLSimpleApplication@54b8c7e7
reloadAllAccessors: .PublisherPort5

===========================================================================================
----------------- testing Wed Jul 24 05:15:15 UTC 2019 /home/travis/build/icyphy/ptII/ptolemy/actor/lib/test/auto/PublisherPort5LookAlike.xml
----------------- Instantiating /home/travis/build/icyphy/ptII/ptolemy/actor/lib/test/auto/PublisherPort5LookAlike.xml
8 ms. Memory: 297984K Free: 248093K (83%)
----------------- Invoking toplevel() on ptolemy.moml.MoMLSimpleApplication@1b38c786
----------------- Done invoking toplevel() on ptolemy.moml.MoMLSimpleApplication@1b38c786
reloadAllAccessors: .PublisherPort5LookAlike

===========================================================================================
----------------- testing Wed Jul 24 05:15:15 UTC 2019 /home/travis/build/icyphy/ptII/ptolemy/actor/lib/test/auto/PublisherPort6.xml
----------------- Instantiating /home/travis/build/icyphy/ptII/ptolemy/actor/lib/test/auto/PublisherPort6.xml
2 ms. Memory: 297984K Free: 241435K (81%)
----------------- Invoking toplevel() on ptolemy.moml.MoMLSimpleApplication@3ef88ba
----------------- Done invoking toplevel() on ptolemy.moml.MoMLSimpleApplication@3ef88ba
reloadAllAccessors: .PublisherPort6

===========================================================================================
----------------- testing Wed Jul 24 05:15:15 UTC 2019 /home/travis/build/icyphy/ptII/ptolemy/actor/lib/test/auto/PublisherPort7.xml
----------------- Instantiating /home/travis/build/icyphy/ptII/ptolemy/actor/lib/test/auto/PublisherPort7.xml
3 ms. Memory: 297984K Free: 233757K (78%)
----------------- Invoking toplevel() on ptolemy.moml.MoMLSimpleApplication@431fd677
----------------- Done invoking toplevel() on ptolemy.moml.MoMLSimpleApplication@431fd677
reloadAllAccessors: .PublisherPort7

===========================================================================================
----------------- testing Wed Jul 24 05:15:15 UTC 2019 /home/travis/build/icyphy/ptII/ptolemy/actor/lib/test/auto/PublisherPort8.xml
----------------- Instantiating /home/travis/build/icyphy/ptII/ptolemy/actor/lib/test/auto/PublisherPort8.xml
4 ms. Memory: 297984K Free: 225051K (76%)
----------------- Invoking toplevel() on ptolemy.moml.MoMLSimpleApplication@2105e3fb
----------------- Done invoking toplevel() on ptolemy.moml.MoMLSimpleApplication@2105e3fb
reloadAllAccessors: .PublisherPort8

===========================================================================================
----------------- testing Wed Jul 24 05:15:15 UTC 2019 /home/travis/build/icyphy/ptII/ptolemy/actor/lib/test/auto/PublisherPortSubscriberChannelVariablesAOC2.xml
----------------- Instantiating /home/travis/build/icyphy/ptII/ptolemy/actor/lib/test/auto/PublisherPortSubscriberChannelVariablesAOC2.xml
3 ms. Memory: 297984K Free: 207643K (70%)
----------------- Invoking toplevel() on ptolemy.moml.MoMLSimpleApplication@c385d6
----------------- Done invoking toplevel() on ptolemy.moml.MoMLSimpleApplication@c385d6
reloadAllAccessors: .PublisherPortSubscriberChannelVariablesAOC2

===========================================================================================
----------------- testing Wed Jul 24 05:15:15 UTC 2019 /home/travis/build/icyphy/ptII/ptolemy/actor/lib/test/auto/PublisherPortSubscriberOpaqueWidthInference.xml
----------------- Instantiating /home/travis/build/icyphy/ptII/ptolemy/actor/lib/test/auto/PublisherPortSubscriberOpaqueWidthInference.xml
4 ms. Memory: 297984K Free: 199965K (67%)
----------------- Invoking toplevel() on ptolemy.moml.MoMLSimpleApplication@76a107ed
----------------- Done invoking toplevel() on ptolemy.moml.MoMLSimpleApplication@76a107ed
reloadAllAccessors: .PublisherPortSubscriberOpaqueWidthInference

===========================================================================================
----------------- testing Wed Jul 24 05:15:15 UTC 2019 /home/travis/build/icyphy/ptII/ptolemy/actor/lib/test/auto/PublisherPortSubscriberPortAdjacent.xml
----------------- Instantiating /home/travis/build/icyphy/ptII/ptolemy/actor/lib/test/auto/PublisherPortSubscriberPortAdjacent.xml
2 ms. Memory: 297984K Free: 191773K (64%)
----------------- Invoking toplevel() on ptolemy.moml.MoMLSimpleApplication@651d9f6e
----------------- Done invoking toplevel() on ptolemy.moml.MoMLSimpleApplication@651d9f6e
reloadAllAccessors: .PublisherPortSubscriberPortAdjacent

===========================================================================================
----------------- testing Wed Jul 24 05:15:15 UTC 2019 /home/travis/build/icyphy/ptII/ptolemy/actor/lib/test/auto/PublisherPortSubscriberPortExpression.xml
----------------- Instantiating /home/travis/build/icyphy/ptII/ptolemy/actor/lib/test/auto/PublisherPortSubscriberPortExpression.xml
5 ms. Memory: 297984K Free: 184085K (62%)
----------------- Invoking toplevel() on ptolemy.moml.MoMLSimpleApplication@3892cd8a
----------------- Done invoking toplevel() on ptolemy.moml.MoMLSimpleApplication@3892cd8a
reloadAllAccessors: .PublisherPortSubscriberPortExpression

===========================================================================================
----------------- testing Wed Jul 24 05:15:15 UTC 2019 /home/travis/build/icyphy/ptII/ptolemy/actor/lib/test/auto/PublisherPortSubscriberPortOpaqueD3Reverse.xml
----------------- Instantiating /home/travis/build/icyphy/ptII/ptolemy/actor/lib/test/auto/PublisherPortSubscriberPortOpaqueD3Reverse.xml
6 ms. Memory: 297984K Free: 173851K (58%)
----------------- Invoking toplevel() on ptolemy.moml.MoMLSimpleApplication@6336cc83
----------------- Done invoking toplevel() on ptolemy.moml.MoMLSimpleApplication@6336cc83
reloadAllAccessors: .PublisherPortSubscriberPortOpaqueD3Reverse

===========================================================================================
----------------- testing Wed Jul 24 05:15:15 UTC 2019 /home/travis/build/icyphy/ptII/ptolemy/actor/lib/test/auto/PublisherPortSubscriberPortOpaqueWidthInference.xml
----------------- Instantiating /home/travis/build/icyphy/ptII/ptolemy/actor/lib/test/auto/PublisherPortSubscriberPortOpaqueWidthInference.xml
4 ms. Memory: 297984K Free: 166173K (56%)
----------------- Invoking toplevel() on ptolemy.moml.MoMLSimpleApplication@2db82ce6
----------------- Done invoking toplevel() on ptolemy.moml.MoMLSimpleApplication@2db82ce6
reloadAllAccessors: .PublisherPortSubscriberPortOpaqueWidthInference

===========================================================================================
----------------- testing Wed Jul 24 05:15:15 UTC 2019 /home/travis/build/icyphy/ptII/ptolemy/actor/lib/test/auto/PublisherPortToplevelSubscriberPortAOC.xml
----------------- Instantiating /home/travis/build/icyphy/ptII/ptolemy/actor/lib/test/auto/PublisherPortToplevelSubscriberPortAOC.xml
.PublisherPortToplevelSubscriberPortAOC.TestExceptionAttribute: initialize() was not invoked, but wrapup() was.  This is unusual, but not always a problem.  For example, exporting JNLP will do this.
2 ms. Memory: 297984K Free: 160539K (54%)
----------------- Invoking toplevel() on ptolemy.moml.MoMLSimpleApplication@3c3478d6
----------------- Done invoking toplevel() on ptolemy.moml.MoMLSimpleApplication@3c3478d6
reloadAllAccessors: .PublisherPortToplevelSubscriberPortAOC

===========================================================================================
----------------- testing Wed Jul 24 05:15:15 UTC 2019 /home/travis/build/icyphy/ptII/ptolemy/actor/lib/test/auto/PublisherSubscriber.xml
----------------- Instantiating /home/travis/build/icyphy/ptII/ptolemy/actor/lib/test/auto/PublisherSubscriber.xml
3 ms. Memory: 297984K Free: 153365K (51%)
----------------- Invoking toplevel() on ptolemy.moml.MoMLSimpleApplication@550871e3
----------------- Done invoking toplevel() on ptolemy.moml.MoMLSimpleApplication@550871e3
reloadAllAccessors: .PublisherSubscriber

===========================================================================================
----------------- testing Wed Jul 24 05:15:15 UTC 2019 /home/travis/build/icyphy/ptII/ptolemy/actor/lib/test/auto/PublisherSubscriber10.xml
----------------- Instantiating /home/travis/build/icyphy/ptII/ptolemy/actor/lib/test/auto/PublisherSubscriber10.xml
7 ms. Memory: 297984K Free: 143645K (48%)
----------------- Invoking toplevel() on ptolemy.moml.MoMLSimpleApplication@5effd512
----------------- Done invoking toplevel() on ptolemy.moml.MoMLSimpleApplication@5effd512
reloadAllAccessors: .PublisherSubscriber10

===========================================================================================
----------------- testing Wed Jul 24 05:15:15 UTC 2019 /home/travis/build/icyphy/ptII/ptolemy/actor/lib/test/auto/PublisherSubscriber10InitialOutputs.xml
----------------- Instantiating /home/travis/build/icyphy/ptII/ptolemy/actor/lib/test/auto/PublisherSubscriber10InitialOutputs.xml
13 ms. Memory: 297984K Free: 134429K (45%)
----------------- Invoking toplevel() on ptolemy.moml.MoMLSimpleApplication@7bc8450d
----------------- Done invoking toplevel() on ptolemy.moml.MoMLSimpleApplication@7bc8450d
reloadAllAccessors: .PublisherSubscriber10InitialOutputs

===========================================================================================
----------------- testing Wed Jul 24 05:15:15 UTC 2019 /home/travis/build/icyphy/ptII/ptolemy/actor/lib/test/auto/PublisherSubscriber11.xml
----------------- Instantiating /home/travis/build/icyphy/ptII/ptolemy/actor/lib/test/auto/PublisherSubscriber11.xml
3 ms. Memory: 297984K Free: 128285K (43%)
----------------- Invoking toplevel() on ptolemy.moml.MoMLSimpleApplication@168b23a1
----------------- Done invoking toplevel() on ptolemy.moml.MoMLSimpleApplication@168b23a1
reloadAllAccessors: .PublisherSubscriber11

===========================================================================================
----------------- testing Wed Jul 24 05:15:15 UTC 2019 /home/travis/build/icyphy/ptII/ptolemy/actor/lib/test/auto/PublisherSubscriber12.xml
----------------- Instantiating /home/travis/build/icyphy/ptII/ptolemy/actor/lib/test/auto/PublisherSubscriber12.xml
5 ms. Memory: 297984K Free: 121117K (41%)
----------------- Invoking toplevel() on ptolemy.moml.MoMLSimpleApplication@19fd0368
----------------- Done invoking toplevel() on ptolemy.moml.MoMLSimpleApplication@19fd0368
reloadAllAccessors: .PublisherSubscriber12

===========================================================================================
----------------- testing Wed Jul 24 05:15:15 UTC 2019 /home/travis/build/icyphy/ptII/ptolemy/actor/lib/test/auto/PublisherSubscriber13.xml
----------------- Instantiating /home/travis/build/icyphy/ptII/ptolemy/actor/lib/test/auto/PublisherSubscriber13.xml
2 ms. Memory: 297984K Free: 115453K (39%)
----------------- Invoking toplevel() on ptolemy.moml.MoMLSimpleApplication@36d01938
----------------- Done invoking toplevel() on ptolemy.moml.MoMLSimpleApplication@36d01938
reloadAllAccessors: .PublisherSubscriber13

===========================================================================================
----------------- testing Wed Jul 24 05:15:15 UTC 2019 /home/travis/build/icyphy/ptII/ptolemy/actor/lib/test/auto/PublisherSubscriber14.xml
----------------- Instantiating /home/travis/build/icyphy/ptII/ptolemy/actor/lib/test/auto/PublisherSubscriber14.xml
2 ms. Memory: 297984K Free: 106781K (36%)
----------------- Invoking toplevel() on ptolemy.moml.MoMLSimpleApplication@8946bba
----------------- Done invoking toplevel() on ptolemy.moml.MoMLSimpleApplication@8946bba
reloadAllAccessors: .PublisherSubscriber14

===========================================================================================
----------------- testing Wed Jul 24 05:15:15 UTC 2019 /home/travis/build/icyphy/ptII/ptolemy/actor/lib/test/auto/PublisherSubscriber2.xml
----------------- Instantiating /home/travis/build/icyphy/ptII/ptolemy/actor/lib/test/auto/PublisherSubscriber2.xml
3 ms. Memory: 297984K Free: 101133K (34%)
----------------- Invoking toplevel() on ptolemy.moml.MoMLSimpleApplication@581a8cae
----------------- Done invoking toplevel() on ptolemy.moml.MoMLSimpleApplication@581a8cae
reloadAllAccessors: .PublisherSubscriber2

===========================================================================================
----------------- testing Wed Jul 24 05:15:15 UTC 2019 /home/travis/build/icyphy/ptII/ptolemy/actor/lib/test/auto/PublisherSubscriber3.xml
----------------- Instantiating /home/travis/build/icyphy/ptII/ptolemy/actor/lib/test/auto/PublisherSubscriber3.xml
1 ms. Memory: 297984K Free: 95517K (32%)
----------------- Invoking toplevel() on ptolemy.moml.MoMLSimpleApplication@624906c9
----------------- Done invoking toplevel() on ptolemy.moml.MoMLSimpleApplication@624906c9
reloadAllAccessors: .PublisherSubscriber3

===========================================================================================
----------------- testing Wed Jul 24 05:15:16 UTC 2019 /home/travis/build/icyphy/ptII/ptolemy/actor/lib/test/auto/PublisherSubscriber4.xml
----------------- Instantiating /home/travis/build/icyphy/ptII/ptolemy/actor/lib/test/auto/PublisherSubscriber4.xml
2 ms. Memory: 297984K Free: 90397K (30%)
----------------- Invoking toplevel() on ptolemy.moml.MoMLSimpleApplication@6cb85882
----------------- Done invoking toplevel() on ptolemy.moml.MoMLSimpleApplication@6cb85882
reloadAllAccessors: .PublisherSubscriber4

===========================================================================================
----------------- testing Wed Jul 24 05:15:16 UTC 2019 /home/travis/build/icyphy/ptII/ptolemy/actor/lib/test/auto/PublisherSubscriber5.xml
----------------- Instantiating /home/travis/build/icyphy/ptII/ptolemy/actor/lib/test/auto/PublisherSubscriber5.xml
2 ms. Memory: 297984K Free: 83739K (28%)
----------------- Invoking toplevel() on ptolemy.moml.MoMLSimpleApplication@3b1d8d97
----------------- Done invoking toplevel() on ptolemy.moml.MoMLSimpleApplication@3b1d8d97
reloadAllAccessors: .PublisherSubscriber5

===========================================================================================
----------------- testing Wed Jul 24 05:15:16 UTC 2019 /home/travis/build/icyphy/ptII/ptolemy/actor/lib/test/auto/PublisherSubscriber6.xml
----------------- Instantiating /home/travis/build/icyphy/ptII/ptolemy/actor/lib/test/auto/PublisherSubscriber6.xml
5 ms. Memory: 297984K Free: 77085K (26%)
----------------- Invoking toplevel() on ptolemy.moml.MoMLSimpleApplication@56809139
----------------- Done invoking toplevel() on ptolemy.moml.MoMLSimpleApplication@56809139
reloadAllAccessors: .PublisherSubscriber6

===========================================================================================
----------------- testing Wed Jul 24 05:15:16 UTC 2019 /home/travis/build/icyphy/ptII/ptolemy/actor/lib/test/auto/PublisherSubscriber7.xml
----------------- Instantiating /home/travis/build/icyphy/ptII/ptolemy/actor/lib/test/auto/PublisherSubscriber7.xml
8 ms. Memory: 297984K Free: 244488K (82%)
----------------- Invoking toplevel() on ptolemy.moml.MoMLSimpleApplication@3bae064a
----------------- Done invoking toplevel() on ptolemy.moml.MoMLSimpleApplication@3bae064a
reloadAllAccessors: .PublisherSubscriber7

===========================================================================================
----------------- testing Wed Jul 24 05:15:16 UTC 2019 /home/travis/build/icyphy/ptII/ptolemy/actor/lib/test/auto/PublisherSubscriber8.xml
----------------- Instantiating /home/travis/build/icyphy/ptII/ptolemy/actor/lib/test/auto/PublisherSubscriber8.xml
27 ms. Memory: 297984K Free: 232714K (78%)
----------------- Invoking toplevel() on ptolemy.moml.MoMLSimpleApplication@b697e05
----------------- Done invoking toplevel() on ptolemy.moml.MoMLSimpleApplication@b697e05
reloadAllAccessors: .PublisherSubscriber8

===========================================================================================
----------------- testing Wed Jul 24 05:15:16 UTC 2019 /home/travis/build/icyphy/ptII/ptolemy/actor/lib/test/auto/PublisherSubscriber9.xml
----------------- Instantiating /home/travis/build/icyphy/ptII/ptolemy/actor/lib/test/auto/PublisherSubscriber9.xml
3 ms. Memory: 297984K Free: 225546K (76%)
----------------- Invoking toplevel() on ptolemy.moml.MoMLSimpleApplication@38e22139
----------------- Done invoking toplevel() on ptolemy.moml.MoMLSimpleApplication@38e22139
reloadAllAccessors: .PublisherSubscriber9

===========================================================================================
----------------- testing Wed Jul 24 05:15:16 UTC 2019 /home/travis/build/icyphy/ptII/ptolemy/actor/lib/test/auto/PublisherSubscriberAdjacent.xml
----------------- Instantiating /home/travis/build/icyphy/ptII/ptolemy/actor/lib/test/auto/PublisherSubscriberAdjacent.xml
2 ms. Memory: 297984K Free: 217354K (73%)
----------------- Invoking toplevel() on ptolemy.moml.MoMLSimpleApplication@3a25d6d7
----------------- Done invoking toplevel() on ptolemy.moml.MoMLSimpleApplication@3a25d6d7
reloadAllAccessors: .PublisherSubscriberAdjacent

===========================================================================================
----------------- testing Wed Jul 24 05:15:16 UTC 2019 /home/travis/build/icyphy/ptII/ptolemy/actor/lib/test/auto/PublisherSubscriberChannelVariablesAOC2.xml
----------------- Instantiating /home/travis/build/icyphy/ptII/ptolemy/actor/lib/test/auto/PublisherSubscriberChannelVariablesAOC2.xml
3 ms. Memory: 297984K Free: 202490K (68%)
----------------- Invoking toplevel() on ptolemy.moml.MoMLSimpleApplication@3c810f6e
----------------- Done invoking toplevel() on ptolemy.moml.MoMLSimpleApplication@3c810f6e
reloadAllAccessors: .PublisherSubscriberChannelVariablesAOC2

===========================================================================================
----------------- testing Wed Jul 24 05:15:16 UTC 2019 /home/travis/build/icyphy/ptII/ptolemy/actor/lib/test/auto/PublisherSubscriberD3.xml
----------------- Instantiating /home/travis/build/icyphy/ptII/ptolemy/actor/lib/test/auto/PublisherSubscriberD3.xml
15 ms. Memory: 297984K Free: 195336K (66%)
----------------- Invoking toplevel() on ptolemy.moml.MoMLSimpleApplication@270bace8
----------------- Done invoking toplevel() on ptolemy.moml.MoMLSimpleApplication@270bace8
reloadAllAccessors: .PublisherSubscriberD3

===========================================================================================
----------------- testing Wed Jul 24 05:15:16 UTC 2019 /home/travis/build/icyphy/ptII/ptolemy/actor/lib/test/auto/PublisherSubscriberD3Reverse.xml
----------------- Instantiating /home/travis/build/icyphy/ptII/ptolemy/actor/lib/test/auto/PublisherSubscriberD3Reverse.xml
2 ms. Memory: 297984K Free: 189192K (63%)
----------------- Invoking toplevel() on ptolemy.moml.MoMLSimpleApplication@8ae047c
----------------- Done invoking toplevel() on ptolemy.moml.MoMLSimpleApplication@8ae047c
reloadAllAccessors: .PublisherSubscriberD3Reverse

===========================================================================================
----------------- testing Wed Jul 24 05:15:16 UTC 2019 /home/travis/build/icyphy/ptII/ptolemy/actor/lib/test/auto/PublisherSubscriberExpression.xml
----------------- Instantiating /home/travis/build/icyphy/ptII/ptolemy/actor/lib/test/auto/PublisherSubscriberExpression.xml
4 ms. Memory: 297984K Free: 180490K (61%)
----------------- Invoking toplevel() on ptolemy.moml.MoMLSimpleApplication@3e8b5ab2
----------------- Done invoking toplevel() on ptolemy.moml.MoMLSimpleApplication@3e8b5ab2
reloadAllAccessors: .PublisherSubscriberExpression

===========================================================================================
----------------- testing Wed Jul 24 05:15:16 UTC 2019 /home/travis/build/icyphy/ptII/ptolemy/actor/lib/test/auto/PublisherSubscriberOpaque.xml
----------------- Instantiating /home/travis/build/icyphy/ptII/ptolemy/actor/lib/test/auto/PublisherSubscriberOpaque.xml
5 ms. Memory: 297984K Free: 172298K (58%)
----------------- Invoking toplevel() on ptolemy.moml.MoMLSimpleApplication@49757a2b
----------------- Done invoking toplevel() on ptolemy.moml.MoMLSimpleApplication@49757a2b
reloadAllAccessors: .PublisherSubscriberOpaque

===========================================================================================
----------------- testing Wed Jul 24 05:15:16 UTC 2019 /home/travis/build/icyphy/ptII/ptolemy/actor/lib/test/auto/PublisherSubscriberOpaqueD3.xml
----------------- Instantiating /home/travis/build/icyphy/ptII/ptolemy/actor/lib/test/auto/PublisherSubscriberOpaqueD3.xml
6 ms. Memory: 297984K Free: 160520K (54%)
----------------- Invoking toplevel() on ptolemy.moml.MoMLSimpleApplication@69cb3786
----------------- Done invoking toplevel() on ptolemy.moml.MoMLSimpleApplication@69cb3786
reloadAllAccessors: .PublisherSubscriberOpaqueD3

===========================================================================================
----------------- testing Wed Jul 24 05:15:16 UTC 2019 /home/travis/build/icyphy/ptII/ptolemy/actor/lib/test/auto/PublisherSubscriberOpaqueD3Reverse.xml
----------------- Instantiating /home/travis/build/icyphy/ptII/ptolemy/actor/lib/test/auto/PublisherSubscriberOpaqueD3Reverse.xml
9 ms. Memory: 297984K Free: 149770K (50%)
----------------- Invoking toplevel() on ptolemy.moml.MoMLSimpleApplication@2099b05b
----------------- Done invoking toplevel() on ptolemy.moml.MoMLSimpleApplication@2099b05b
reloadAllAccessors: .PublisherSubscriberOpaqueD3Reverse

===========================================================================================
----------------- testing Wed Jul 24 05:15:16 UTC 2019 /home/travis/build/icyphy/ptII/ptolemy/actor/lib/test/auto/PublisherSubscriberOpaqueWidthInference.xml
----------------- Instantiating /home/travis/build/icyphy/ptII/ptolemy/actor/lib/test/auto/PublisherSubscriberOpaqueWidthInference.xml
4 ms. Memory: 297984K Free: 141578K (48%)
----------------- Invoking toplevel() on ptolemy.moml.MoMLSimpleApplication@6c394a6d
----------------- Done invoking toplevel() on ptolemy.moml.MoMLSimpleApplication@6c394a6d
reloadAllAccessors: .PublisherSubscriberOpaqueWidthInference

===========================================================================================
----------------- testing Wed Jul 24 05:15:16 UTC 2019 /home/travis/build/icyphy/ptII/ptolemy/actor/lib/test/auto/PublisherTestSubscriber.xml
----------------- Instantiating /home/travis/build/icyphy/ptII/ptolemy/actor/lib/test/auto/PublisherTestSubscriber.xml
3 ms. Memory: 297984K Free: 133890K (45%)
----------------- Invoking toplevel() on ptolemy.moml.MoMLSimpleApplication@7de82e16
----------------- Done invoking toplevel() on ptolemy.moml.MoMLSimpleApplication@7de82e16
reloadAllAccessors: .PublisherTestSubscriber

===========================================================================================
----------------- testing Wed Jul 24 05:15:16 UTC 2019 /home/travis/build/icyphy/ptII/ptolemy/actor/lib/test/auto/PublisherToplevelSubscriberPortAOC.xml
----------------- Instantiating /home/travis/build/icyphy/ptII/ptolemy/actor/lib/test/auto/PublisherToplevelSubscriberPortAOC.xml
1 ms. Memory: 297984K Free: 127738K (43%)
----------------- Invoking toplevel() on ptolemy.moml.MoMLSimpleApplication@c8fea17
----------------- Done invoking toplevel() on ptolemy.moml.MoMLSimpleApplication@c8fea17
reloadAllAccessors: .PublisherToplevelSubscriberPortAOC

===========================================================================================
----------------- testing Wed Jul 24 05:15:16 UTC 2019 /home/travis/build/icyphy/ptII/ptolemy/actor/lib/test/auto/PulseFiringLimitDE.xml
----------------- Instantiating /home/travis/build/icyphy/ptII/ptolemy/actor/lib/test/auto/PulseFiringLimitDE.xml
3 ms. Memory: 297984K Free: 121608K (41%)
----------------- Invoking toplevel() on ptolemy.moml.MoMLSimpleApplication@4168d6a5
----------------- Done invoking toplevel() on ptolemy.moml.MoMLSimpleApplication@4168d6a5
reloadAllAccessors: .PulseFiringLimitDE

===========================================================================================
----------------- testing Wed Jul 24 05:15:16 UTC 2019 /home/travis/build/icyphy/ptII/ptolemy/actor/lib/test/auto/Ramp1.xml
----------------- Instantiating /home/travis/build/icyphy/ptII/ptolemy/actor/lib/test/auto/Ramp1.xml
1 ms. Memory: 297984K Free: 117512K (39%)
----------------- Invoking toplevel() on ptolemy.moml.MoMLSimpleApplication@748b3688
----------------- Done invoking toplevel() on ptolemy.moml.MoMLSimpleApplication@748b3688
reloadAllAccessors: .Ramp1

===========================================================================================
----------------- testing Wed Jul 24 05:15:16 UTC 2019 /home/travis/build/icyphy/ptII/ptolemy/actor/lib/test/auto/RampFiringLimitDE.xml
----------------- Instantiating /home/travis/build/icyphy/ptII/ptolemy/actor/lib/test/auto/RampFiringLimitDE.xml
3 ms. Memory: 297984K Free: 111354K (37%)
----------------- Invoking toplevel() on ptolemy.moml.MoMLSimpleApplication@152c85e4
----------------- Done invoking toplevel() on ptolemy.moml.MoMLSimpleApplication@152c85e4
reloadAllAccessors: .RampFiringLimitDE

===========================================================================================
----------------- testing Wed Jul 24 05:15:16 UTC 2019 /home/travis/build/icyphy/ptII/ptolemy/actor/lib/test/auto/RampFiringLimitSDF.xml
----------------- Instantiating /home/travis/build/icyphy/ptII/ptolemy/actor/lib/test/auto/RampFiringLimitSDF.xml
2 ms. Memory: 297984K Free: 106234K (36%)
----------------- Invoking toplevel() on ptolemy.moml.MoMLSimpleApplication@e4ee163
----------------- Done invoking toplevel() on ptolemy.moml.MoMLSimpleApplication@e4ee163
reloadAllAccessors: .RampFiringLimitSDF

===========================================================================================
----------------- testing Wed Jul 24 05:15:16 UTC 2019 /home/travis/build/icyphy/ptII/ptolemy/actor/lib/test/auto/RandomInteger.xml
----------------- Instantiating /home/travis/build/icyphy/ptII/ptolemy/actor/lib/test/auto/RandomInteger.xml
2 ms. Memory: 297984K Free: 102152K (34%)
----------------- Invoking toplevel() on ptolemy.moml.MoMLSimpleApplication@6419d786
----------------- Done invoking toplevel() on ptolemy.moml.MoMLSimpleApplication@6419d786
reloadAllAccessors: .RandomInteger

===========================================================================================
----------------- testing Wed Jul 24 05:15:16 UTC 2019 /home/travis/build/icyphy/ptII/ptolemy/actor/lib/test/auto/ReadFile1.xml
----------------- Instantiating /home/travis/build/icyphy/ptII/ptolemy/actor/lib/test/auto/ReadFile1.xml
2 ms. Memory: 297984K Free: 97546K (33%)
----------------- Invoking toplevel() on ptolemy.moml.MoMLSimpleApplication@227b481c
----------------- Done invoking toplevel() on ptolemy.moml.MoMLSimpleApplication@227b481c
reloadAllAccessors: .ReadFile1

===========================================================================================
----------------- testing Wed Jul 24 05:15:16 UTC 2019 /home/travis/build/icyphy/ptII/ptolemy/actor/lib/test/auto/ReadFile2.xml
----------------- Instantiating /home/travis/build/icyphy/ptII/ptolemy/actor/lib/test/auto/ReadFile2.xml
1 ms. Memory: 297984K Free: 93450K (31%)
----------------- Invoking toplevel() on ptolemy.moml.MoMLSimpleApplication@728ed371
----------------- Done invoking toplevel() on ptolemy.moml.MoMLSimpleApplication@728ed371
reloadAllAccessors: .ReadFile2

===========================================================================================
----------------- testing Wed Jul 24 05:15:16 UTC 2019 /home/travis/build/icyphy/ptII/ptolemy/actor/lib/test/auto/Reader.xml
----------------- Instantiating /home/travis/build/icyphy/ptII/ptolemy/actor/lib/test/auto/Reader.xml
actor.lib.Reader is obsolete, use actor.lib.io.ExpressionReader instead
6 ms. Memory: 297984K Free: 89354K (30%)
----------------- Invoking toplevel() on ptolemy.moml.MoMLSimpleApplication@76e748bf
----------------- Done invoking toplevel() on ptolemy.moml.MoMLSimpleApplication@76e748bf
reloadAllAccessors: .Reader

===========================================================================================
----------------- testing Wed Jul 24 05:15:16 UTC 2019 /home/travis/build/icyphy/ptII/ptolemy/actor/lib/test/auto/RecordAssemblerDisplayNameTest.xml
----------------- Instantiating /home/travis/build/icyphy/ptII/ptolemy/actor/lib/test/auto/RecordAssemblerDisplayNameTest.xml
4590 ms. Memory: 297984K Free: 88751K (30%)
----------------- Invoking toplevel() on ptolemy.moml.MoMLSimpleApplication@76b02d18
----------------- Done invoking toplevel() on ptolemy.moml.MoMLSimpleApplication@76b02d18
reloadAllAccessors: .RecordAssemblerDisplayNameTest

===========================================================================================
----------------- testing Wed Jul 24 05:15:21 UTC 2019 /home/travis/build/icyphy/ptII/ptolemy/actor/lib/test/auto/RecordAssemblerTypeError.xml
----------------- Instantiating /home/travis/build/icyphy/ptII/ptolemy/actor/lib/test/auto/RecordAssemblerTypeError.xml
14 ms. Memory: 297984K Free: 79025K (27%)
----------------- Invoking toplevel() on ptolemy.moml.MoMLSimpleApplication@f76da5f
----------------- Done invoking toplevel() on ptolemy.moml.MoMLSimpleApplication@f76da5f
reloadAllAccessors: .RecordAssemblerTypeError

===========================================================================================
----------------- testing Wed Jul 24 05:15:21 UTC 2019 /home/travis/build/icyphy/ptII/ptolemy/actor/lib/test/auto/RecordDisassember.xml
----------------- Instantiating /home/travis/build/icyphy/ptII/ptolemy/actor/lib/test/auto/RecordDisassember.xml
3 ms. Memory: 297984K Free: 74385K (25%)
----------------- Invoking toplevel() on ptolemy.moml.MoMLSimpleApplication@1856b61c
----------------- Done invoking toplevel() on ptolemy.moml.MoMLSimpleApplication@1856b61c
reloadAllAccessors: .RecordDisassember

===========================================================================================
----------------- testing Wed Jul 24 05:15:21 UTC 2019 /home/travis/build/icyphy/ptII/ptolemy/actor/lib/test/auto/RecordDisassemberDisplayNameTest.xml
----------------- Instantiating /home/travis/build/icyphy/ptII/ptolemy/actor/lib/test/auto/RecordDisassemberDisplayNameTest.xml
5 ms. Memory: 297984K Free: 242673K (81%)
----------------- Invoking toplevel() on ptolemy.moml.MoMLSimpleApplication@3740bb64
----------------- Done invoking toplevel() on ptolemy.moml.MoMLSimpleApplication@3740bb64
reloadAllAccessors: .RecordDisassemberDisplayNameTest

===========================================================================================
----------------- testing Wed Jul 24 05:15:21 UTC 2019 /home/travis/build/icyphy/ptII/ptolemy/actor/lib/test/auto/RecordDisassembler.xml
----------------- Instantiating /home/travis/build/icyphy/ptII/ptolemy/actor/lib/test/auto/RecordDisassembler.xml
4 ms. Memory: 297984K Free: 237553K (80%)
----------------- Invoking toplevel() on ptolemy.moml.MoMLSimpleApplication@5b31c70b
----------------- Done invoking toplevel() on ptolemy.moml.MoMLSimpleApplication@5b31c70b
reloadAllAccessors: .RecordDisassembler

===========================================================================================
----------------- testing Wed Jul 24 05:15:21 UTC 2019 /home/travis/build/icyphy/ptII/ptolemy/actor/lib/test/auto/RecordDisassembler2.xml
----------------- Instantiating /home/travis/build/icyphy/ptII/ptolemy/actor/lib/test/auto/RecordDisassembler2.xml
2 ms. Memory: 297984K Free: 232433K (78%)
----------------- Invoking toplevel() on ptolemy.moml.MoMLSimpleApplication@75fc1ce0
----------------- Done invoking toplevel() on ptolemy.moml.MoMLSimpleApplication@75fc1ce0
reloadAllAccessors: .RecordDisassembler2

===========================================================================================
----------------- testing Wed Jul 24 05:15:21 UTC 2019 /home/travis/build/icyphy/ptII/ptolemy/actor/lib/test/auto/RecordUpdater.xml
----------------- Instantiating /home/travis/build/icyphy/ptII/ptolemy/actor/lib/test/auto/RecordUpdater.xml
2 ms. Memory: 297984K Free: 226799K (76%)
----------------- Invoking toplevel() on ptolemy.moml.MoMLSimpleApplication@2b9dbc2b
----------------- Done invoking toplevel() on ptolemy.moml.MoMLSimpleApplication@2b9dbc2b
reloadAllAccessors: .RecordUpdater

===========================================================================================
----------------- testing Wed Jul 24 05:15:21 UTC 2019 /home/travis/build/icyphy/ptII/ptolemy/actor/lib/test/auto/RecordUpdater2.xml
----------------- Instantiating /home/travis/build/icyphy/ptII/ptolemy/actor/lib/test/auto/RecordUpdater2.xml
2 ms. Memory: 297984K Free: 221679K (74%)
----------------- Invoking toplevel() on ptolemy.moml.MoMLSimpleApplication@6f68c18
----------------- Done invoking toplevel() on ptolemy.moml.MoMLSimpleApplication@6f68c18
reloadAllAccessors: .RecordUpdater2

===========================================================================================
----------------- testing Wed Jul 24 05:15:21 UTC 2019 /home/travis/build/icyphy/ptII/ptolemy/actor/lib/test/auto/RecursiveLattice.xml
----------------- Instantiating /home/travis/build/icyphy/ptII/ptolemy/actor/lib/test/auto/RecursiveLattice.xml
2 ms. Memory: 297984K Free: 217583K (73%)
----------------- Invoking toplevel() on ptolemy.moml.MoMLSimpleApplication@252a9c0
----------------- Done invoking toplevel() on ptolemy.moml.MoMLSimpleApplication@252a9c0
reloadAllAccessors: .RecursiveLattice

===========================================================================================
----------------- testing Wed Jul 24 05:15:21 UTC 2019 /home/travis/build/icyphy/ptII/ptolemy/actor/lib/test/auto/Router.xml
----------------- Instantiating /home/travis/build/icyphy/ptII/ptolemy/actor/lib/test/auto/Router.xml
3004 ms. Memory: 297984K Free: 207343K (70%)
----------------- Invoking toplevel() on ptolemy.moml.MoMLSimpleApplication@4d28f952
----------------- Done invoking toplevel() on ptolemy.moml.MoMLSimpleApplication@4d28f952
reloadAllAccessors: .Router

===========================================================================================
----------------- testing Wed Jul 24 05:15:24 UTC 2019 /home/travis/build/icyphy/ptII/ptolemy/actor/lib/test/auto/Router2.xml
----------------- Instantiating /home/travis/build/icyphy/ptII/ptolemy/actor/lib/test/auto/Router2.xml
3004 ms. Memory: 297984K Free: 196079K (66%)
----------------- Invoking toplevel() on ptolemy.moml.MoMLSimpleApplication@5762d616
----------------- Done invoking toplevel() on ptolemy.moml.MoMLSimpleApplication@5762d616
reloadAllAccessors: .Router2

===========================================================================================
----------------- testing Wed Jul 24 05:15:27 UTC 2019 /home/travis/build/icyphy/ptII/ptolemy/actor/lib/test/auto/RunningMaximum.xml
----------------- Instantiating /home/travis/build/icyphy/ptII/ptolemy/actor/lib/test/auto/RunningMaximum.xml
1 ms. Memory: 297984K Free: 191473K (64%)
----------------- Invoking toplevel() on ptolemy.moml.MoMLSimpleApplication@609039f0
----------------- Done invoking toplevel() on ptolemy.moml.MoMLSimpleApplication@609039f0
reloadAllAccessors: .RunningMaximum

===========================================================================================
----------------- testing Wed Jul 24 05:15:27 UTC 2019 /home/travis/build/icyphy/ptII/ptolemy/actor/lib/test/auto/RunningMinimum.xml
----------------- Instantiating /home/travis/build/icyphy/ptII/ptolemy/actor/lib/test/auto/RunningMinimum.xml
9 ms. Memory: 297984K Free: 186863K (63%)
----------------- Invoking toplevel() on ptolemy.moml.MoMLSimpleApplication@1ae6ec4b
----------------- Done invoking toplevel() on ptolemy.moml.MoMLSimpleApplication@1ae6ec4b
reloadAllAccessors: .RunningMinimum

===========================================================================================
----------------- testing Wed Jul 24 05:15:27 UTC 2019 /home/travis/build/icyphy/ptII/ptolemy/actor/lib/test/auto/Scale.xml
----------------- Instantiating /home/travis/build/icyphy/ptII/ptolemy/actor/lib/test/auto/Scale.xml
1 ms. Memory: 297984K Free: 182257K (61%)
----------------- Invoking toplevel() on ptolemy.moml.MoMLSimpleApplication@7a8a8110
----------------- Done invoking toplevel() on ptolemy.moml.MoMLSimpleApplication@7a8a8110
reloadAllAccessors: .Scale

===========================================================================================
----------------- testing Wed Jul 24 05:15:27 UTC 2019 /home/travis/build/icyphy/ptII/ptolemy/actor/lib/test/auto/Scale2.xml
----------------- Instantiating /home/travis/build/icyphy/ptII/ptolemy/actor/lib/test/auto/Scale2.xml
1 ms. Memory: 297984K Free: 177647K (60%)
----------------- Invoking toplevel() on ptolemy.moml.MoMLSimpleApplication@1c88e1c4
----------------- Done invoking toplevel() on ptolemy.moml.MoMLSimpleApplication@1c88e1c4
reloadAllAccessors: .Scale2

===========================================================================================
----------------- testing Wed Jul 24 05:15:27 UTC 2019 /home/travis/build/icyphy/ptII/ptolemy/actor/lib/test/auto/Scale3.xml
----------------- Instantiating /home/travis/build/icyphy/ptII/ptolemy/actor/lib/test/auto/Scale3.xml
3 ms. Memory: 297984K Free: 171503K (58%)
----------------- Invoking toplevel() on ptolemy.moml.MoMLSimpleApplication@6b955f1d
----------------- Done invoking toplevel() on ptolemy.moml.MoMLSimpleApplication@6b955f1d
reloadAllAccessors: .Scale3

===========================================================================================
----------------- testing Wed Jul 24 05:15:27 UTC 2019 /home/travis/build/icyphy/ptII/ptolemy/actor/lib/test/auto/ScaleArray.xml
----------------- Instantiating /home/travis/build/icyphy/ptII/ptolemy/actor/lib/test/auto/ScaleArray.xml
2 ms. Memory: 297984K Free: 166897K (56%)
----------------- Invoking toplevel() on ptolemy.moml.MoMLSimpleApplication@1536e31d
----------------- Done invoking toplevel() on ptolemy.moml.MoMLSimpleApplication@1536e31d
reloadAllAccessors: .ScaleArray

===========================================================================================
----------------- testing Wed Jul 24 05:15:27 UTC 2019 /home/travis/build/icyphy/ptII/ptolemy/actor/lib/test/auto/ScaleArray2.xml
----------------- Instantiating /home/travis/build/icyphy/ptII/ptolemy/actor/lib/test/auto/ScaleArray2.xml
1 ms. Memory: 297984K Free: 162287K (54%)
----------------- Invoking toplevel() on ptolemy.moml.MoMLSimpleApplication@4e3dbb7e
----------------- Done invoking toplevel() on ptolemy.moml.MoMLSimpleApplication@4e3dbb7e
reloadAllAccessors: .ScaleArray2

===========================================================================================
----------------- testing Wed Jul 24 05:15:27 UTC 2019 /home/travis/build/icyphy/ptII/ptolemy/actor/lib/test/auto/ScaleMatrix.xml
----------------- Instantiating /home/travis/build/icyphy/ptII/ptolemy/actor/lib/test/auto/ScaleMatrix.xml
198 ms. Memory: 297984K Free: 147951K (50%)
----------------- Invoking toplevel() on ptolemy.moml.MoMLSimpleApplication@59f50702
----------------- Done invoking toplevel() on ptolemy.moml.MoMLSimpleApplication@59f50702
reloadAllAccessors: .ScaleMatrix

===========================================================================================
----------------- testing Wed Jul 24 05:15:27 UTC 2019 /home/travis/build/icyphy/ptII/ptolemy/actor/lib/test/auto/Select.xml
----------------- Instantiating /home/travis/build/icyphy/ptII/ptolemy/actor/lib/test/auto/Select.xml
2 ms. Memory: 297984K Free: 141777K (48%)
----------------- Invoking toplevel() on ptolemy.moml.MoMLSimpleApplication@32f0cbfd
----------------- Done invoking toplevel() on ptolemy.moml.MoMLSimpleApplication@32f0cbfd
reloadAllAccessors: .Select

===========================================================================================
----------------- testing Wed Jul 24 05:15:27 UTC 2019 /home/travis/build/icyphy/ptII/ptolemy/actor/lib/test/auto/Select2.xml
----------------- Instantiating /home/travis/build/icyphy/ptII/ptolemy/actor/lib/test/auto/Select2.xml
1 ms. Memory: 297984K Free: 137201K (46%)
----------------- Invoking toplevel() on ptolemy.moml.MoMLSimpleApplication@11d8a92e
----------------- Done invoking toplevel() on ptolemy.moml.MoMLSimpleApplication@11d8a92e
reloadAllAccessors: .Select2

===========================================================================================
----------------- testing Wed Jul 24 05:15:27 UTC 2019 /home/travis/build/icyphy/ptII/ptolemy/actor/lib/test/auto/SequenceToArray2.xml
----------------- Instantiating /home/travis/build/icyphy/ptII/ptolemy/actor/lib/test/auto/SequenceToArray2.xml
119 ms. Memory: 297984K Free: 112625K (38%)
----------------- Invoking toplevel() on ptolemy.moml.MoMLSimpleApplication@7073a6dd
----------------- Done invoking toplevel() on ptolemy.moml.MoMLSimpleApplication@7073a6dd
reloadAllAccessors: .SequenceToArray2

===========================================================================================
----------------- testing Wed Jul 24 05:15:27 UTC 2019 /home/travis/build/icyphy/ptII/ptolemy/actor/lib/test/auto/SequentialClock.xml
----------------- Instantiating /home/travis/build/icyphy/ptII/ptolemy/actor/lib/test/auto/SequentialClock.xml
2 ms. Memory: 297984K Free: 108529K (36%)
----------------- Invoking toplevel() on ptolemy.moml.MoMLSimpleApplication@b932d4e
----------------- Done invoking toplevel() on ptolemy.moml.MoMLSimpleApplication@b932d4e
reloadAllAccessors: .SequentialClock

===========================================================================================
----------------- testing Wed Jul 24 05:15:27 UTC 2019 /home/travis/build/icyphy/ptII/ptolemy/actor/lib/test/auto/SetVariable.xml
----------------- Instantiating /home/travis/build/icyphy/ptII/ptolemy/actor/lib/test/auto/SetVariable.xml
3 ms. Memory: 297984K Free: 103919K (35%)
----------------- Invoking toplevel() on ptolemy.moml.MoMLSimpleApplication@13712c74
----------------- Done invoking toplevel() on ptolemy.moml.MoMLSimpleApplication@13712c74
reloadAllAccessors: .SetVariable

===========================================================================================
----------------- testing Wed Jul 24 05:15:27 UTC 2019 /home/travis/build/icyphy/ptII/ptolemy/actor/lib/test/auto/SetVariable2.xml
----------------- Instantiating /home/travis/build/icyphy/ptII/ptolemy/actor/lib/test/auto/SetVariable2.xml
3 ms. Memory: 297984K Free: 98799K (33%)
----------------- Invoking toplevel() on ptolemy.moml.MoMLSimpleApplication@4389a0a0
----------------- Done invoking toplevel() on ptolemy.moml.MoMLSimpleApplication@4389a0a0
reloadAllAccessors: .SetVariable2

===========================================================================================
----------------- testing Wed Jul 24 05:15:27 UTC 2019 /home/travis/build/icyphy/ptII/ptolemy/actor/lib/test/auto/SetVariable3.xml
----------------- Instantiating /home/travis/build/icyphy/ptII/ptolemy/actor/lib/test/auto/SetVariable3.xml
8 ms. Memory: 297984K Free: 93679K (31%)
----------------- Invoking toplevel() on ptolemy.moml.MoMLSimpleApplication@729d63ba
----------------- Done invoking toplevel() on ptolemy.moml.MoMLSimpleApplication@729d63ba
reloadAllAccessors: .SetVariable3

===========================================================================================
----------------- testing Wed Jul 24 05:15:28 UTC 2019 /home/travis/build/icyphy/ptII/ptolemy/actor/lib/test/auto/SetVariable4.xml
----------------- Instantiating /home/travis/build/icyphy/ptII/ptolemy/actor/lib/test/auto/SetVariable4.xml
13 ms. Memory: 297984K Free: 83953K (28%)
----------------- Invoking toplevel() on ptolemy.moml.MoMLSimpleApplication@4ed73b09
----------------- Done invoking toplevel() on ptolemy.moml.MoMLSimpleApplication@4ed73b09
reloadAllAccessors: .SetVariable4

===========================================================================================
----------------- testing Wed Jul 24 05:15:28 UTC 2019 /home/travis/build/icyphy/ptII/ptolemy/actor/lib/test/auto/SetVariable5.xml
----------------- Instantiating /home/travis/build/icyphy/ptII/ptolemy/actor/lib/test/auto/SetVariable5.xml
21 ms. Memory: 297984K Free: 74737K (25%)
----------------- Invoking toplevel() on ptolemy.moml.MoMLSimpleApplication@6c888ef9
----------------- Done invoking toplevel() on ptolemy.moml.MoMLSimpleApplication@6c888ef9
reloadAllAccessors: .SetVariable5

===========================================================================================
----------------- testing Wed Jul 24 05:15:28 UTC 2019 /home/travis/build/icyphy/ptII/ptolemy/actor/lib/test/auto/Sinewave.xml
----------------- Instantiating /home/travis/build/icyphy/ptII/ptolemy/actor/lib/test/auto/Sinewave.xml
4 ms. Memory: 297984K Free: 240092K (81%)
----------------- Invoking toplevel() on ptolemy.moml.MoMLSimpleApplication@7d13b50e
----------------- Done invoking toplevel() on ptolemy.moml.MoMLSimpleApplication@7d13b50e
reloadAllAccessors: .Sinewave

===========================================================================================
----------------- testing Wed Jul 24 05:15:28 UTC 2019 /home/travis/build/icyphy/ptII/ptolemy/actor/lib/test/auto/Sinewave2.xml
----------------- Instantiating /home/travis/build/icyphy/ptII/ptolemy/actor/lib/test/auto/Sinewave2.xml
4 ms. Memory: 297984K Free: 231886K (78%)
----------------- Invoking toplevel() on ptolemy.moml.MoMLSimpleApplication@7322400e
----------------- Done invoking toplevel() on ptolemy.moml.MoMLSimpleApplication@7322400e
reloadAllAccessors: .Sinewave2

===========================================================================================
----------------- testing Wed Jul 24 05:15:28 UTC 2019 /home/travis/build/icyphy/ptII/ptolemy/actor/lib/test/auto/Sinewave3.xml
----------------- Instantiating /home/travis/build/icyphy/ptII/ptolemy/actor/lib/test/auto/Sinewave3.xml
9 ms. Memory: 297984K Free: 223694K (75%)
----------------- Invoking toplevel() on ptolemy.moml.MoMLSimpleApplication@d599e57
----------------- Done invoking toplevel() on ptolemy.moml.MoMLSimpleApplication@d599e57
reloadAllAccessors: .Sinewave3

===========================================================================================
----------------- testing Wed Jul 24 05:15:28 UTC 2019 /home/travis/build/icyphy/ptII/ptolemy/actor/lib/test/auto/SingleEvent.xml
----------------- Instantiating /home/travis/build/icyphy/ptII/ptolemy/actor/lib/test/auto/SingleEvent.xml
1 ms. Memory: 297984K Free: 219612K (74%)
----------------- Invoking toplevel() on ptolemy.moml.MoMLSimpleApplication@346d732c
----------------- Done invoking toplevel() on ptolemy.moml.MoMLSimpleApplication@346d732c
reloadAllAccessors: .SingleEvent

===========================================================================================
----------------- testing Wed Jul 24 05:15:28 UTC 2019 /home/travis/build/icyphy/ptII/ptolemy/actor/lib/test/auto/Sleep.xml
----------------- Instantiating /home/travis/build/icyphy/ptII/ptolemy/actor/lib/test/auto/Sleep.xml
6004 ms. Memory: 297984K Free: 214478K (72%)
----------------- Invoking toplevel() on ptolemy.moml.MoMLSimpleApplication@414dcb8e
----------------- Done invoking toplevel() on ptolemy.moml.MoMLSimpleApplication@414dcb8e
reloadAllAccessors: .Sleep

===========================================================================================
----------------- testing Wed Jul 24 05:15:34 UTC 2019 /home/travis/build/icyphy/ptII/ptolemy/actor/lib/test/auto/SleepMultipleFire.xml
----------------- Instantiating /home/travis/build/icyphy/ptII/ptolemy/actor/lib/test/auto/SleepMultipleFire.xml
1007 ms. Memory: 297984K Free: 208862K (70%)
----------------- Invoking toplevel() on ptolemy.moml.MoMLSimpleApplication@4903078
----------------- Done invoking toplevel() on ptolemy.moml.MoMLSimpleApplication@4903078
reloadAllAccessors: .SleepMultipleFire

===========================================================================================
----------------- testing Wed Jul 24 05:15:35 UTC 2019 /home/travis/build/icyphy/ptII/ptolemy/actor/lib/test/auto/StopDE.xml
----------------- Instantiating /home/travis/build/icyphy/ptII/ptolemy/actor/lib/test/auto/StopDE.xml
10 ms. Memory: 297984K Free: 203228K (68%)
----------------- Invoking toplevel() on ptolemy.moml.MoMLSimpleApplication@7becf304
----------------- Done invoking toplevel() on ptolemy.moml.MoMLSimpleApplication@7becf304
reloadAllAccessors: .StopDE

===========================================================================================
----------------- testing Wed Jul 24 05:15:35 UTC 2019 /home/travis/build/icyphy/ptII/ptolemy/actor/lib/test/auto/StopSDF.xml
----------------- Instantiating /home/travis/build/icyphy/ptII/ptolemy/actor/lib/test/auto/StopSDF.xml
5 ms. Memory: 297984K Free: 198108K (66%)
----------------- Invoking toplevel() on ptolemy.moml.MoMLSimpleApplication@7e149230
----------------- Done invoking toplevel() on ptolemy.moml.MoMLSimpleApplication@7e149230
reloadAllAccessors: .StopSDF

===========================================================================================
----------------- testing Wed Jul 24 05:15:35 UTC 2019 /home/travis/build/icyphy/ptII/ptolemy/actor/lib/test/auto/StringConstant.xml
----------------- Instantiating /home/travis/build/icyphy/ptII/ptolemy/actor/lib/test/auto/StringConstant.xml
10 ms. Memory: 297984K Free: 194009K (65%)
----------------- Invoking toplevel() on ptolemy.moml.MoMLSimpleApplication@29d41255
----------------- Done invoking toplevel() on ptolemy.moml.MoMLSimpleApplication@29d41255
reloadAllAccessors: .StringConstant

===========================================================================================
----------------- testing Wed Jul 24 05:15:35 UTC 2019 /home/travis/build/icyphy/ptII/ptolemy/actor/lib/test/auto/SubscriberPortInitialValues1.xml
----------------- Instantiating /home/travis/build/icyphy/ptII/ptolemy/actor/lib/test/auto/SubscriberPortInitialValues1.xml
13 ms. Memory: 297984K Free: 185310K (62%)
----------------- Invoking toplevel() on ptolemy.moml.MoMLSimpleApplication@75d44818
----------------- Done invoking toplevel() on ptolemy.moml.MoMLSimpleApplication@75d44818
reloadAllAccessors: .SubscriberPortInitialValues1

===========================================================================================
----------------- testing Wed Jul 24 05:15:35 UTC 2019 /home/travis/build/icyphy/ptII/ptolemy/actor/lib/test/auto/SubscriberPortInitialValues13.xml
----------------- Instantiating /home/travis/build/icyphy/ptII/ptolemy/actor/lib/test/auto/SubscriberPortInitialValues13.xml
7 ms. Memory: 297984K Free: 171998K (58%)
----------------- Invoking toplevel() on ptolemy.moml.MoMLSimpleApplication@21c0413e
----------------- Done invoking toplevel() on ptolemy.moml.MoMLSimpleApplication@21c0413e
reloadAllAccessors: .SubscriberPortInitialValues13

===========================================================================================
----------------- testing Wed Jul 24 05:15:35 UTC 2019 /home/travis/build/icyphy/ptII/ptolemy/actor/lib/test/auto/SubscriberPortInitialValues14.xml
----------------- Instantiating /home/travis/build/icyphy/ptII/ptolemy/actor/lib/test/auto/SubscriberPortInitialValues14.xml
5 ms. Memory: 297984K Free: 164316K (55%)
----------------- Invoking toplevel() on ptolemy.moml.MoMLSimpleApplication@1afba483
----------------- Done invoking toplevel() on ptolemy.moml.MoMLSimpleApplication@1afba483
reloadAllAccessors: .SubscriberPortInitialValues14

===========================================================================================
----------------- testing Wed Jul 24 05:15:35 UTC 2019 /home/travis/build/icyphy/ptII/ptolemy/actor/lib/test/auto/SubscriberPortInitialValues2.xml
----------------- Instantiating /home/travis/build/icyphy/ptII/ptolemy/actor/lib/test/auto/SubscriberPortInitialValues2.xml
4 ms. Memory: 297984K Free: 156638K (53%)
----------------- Invoking toplevel() on ptolemy.moml.MoMLSimpleApplication@47459f94
----------------- Done invoking toplevel() on ptolemy.moml.MoMLSimpleApplication@47459f94
reloadAllAccessors: .SubscriberPortInitialValues2

===========================================================================================
----------------- testing Wed Jul 24 05:15:35 UTC 2019 /home/travis/build/icyphy/ptII/ptolemy/actor/lib/test/auto/SubscriberPortInitialValues3.xml
----------------- Instantiating /home/travis/build/icyphy/ptII/ptolemy/actor/lib/test/auto/SubscriberPortInitialValues3.xml
4 ms. Memory: 297984K Free: 145884K (49%)
----------------- Invoking toplevel() on ptolemy.moml.MoMLSimpleApplication@74477409
----------------- Done invoking toplevel() on ptolemy.moml.MoMLSimpleApplication@74477409
reloadAllAccessors: .SubscriberPortInitialValues3

===========================================================================================
----------------- testing Wed Jul 24 05:15:35 UTC 2019 /home/travis/build/icyphy/ptII/ptolemy/actor/lib/test/auto/SubscriptionAggregator.xml
----------------- Instantiating /home/travis/build/icyphy/ptII/ptolemy/actor/lib/test/auto/SubscriptionAggregator.xml
2 ms. Memory: 297984K Free: 139230K (47%)
----------------- Invoking toplevel() on ptolemy.moml.MoMLSimpleApplication@7d4b51f
----------------- Done invoking toplevel() on ptolemy.moml.MoMLSimpleApplication@7d4b51f
reloadAllAccessors: .SubscriptionAggregator

===========================================================================================
----------------- testing Wed Jul 24 05:15:35 UTC 2019 /home/travis/build/icyphy/ptII/ptolemy/actor/lib/test/auto/SubscriptionAggregator2.xml
----------------- Instantiating /home/travis/build/icyphy/ptII/ptolemy/actor/lib/test/auto/SubscriptionAggregator2.xml
3 ms. Memory: 297984K Free: 132566K (44%)
----------------- Invoking toplevel() on ptolemy.moml.MoMLSimpleApplication@43a2d683
----------------- Done invoking toplevel() on ptolemy.moml.MoMLSimpleApplication@43a2d683
reloadAllAccessors: .SubscriptionAggregator2

===========================================================================================
----------------- testing Wed Jul 24 05:15:35 UTC 2019 /home/travis/build/icyphy/ptII/ptolemy/actor/lib/test/auto/SubscriptionAggregator3.xml
----------------- Instantiating /home/travis/build/icyphy/ptII/ptolemy/actor/lib/test/auto/SubscriptionAggregator3.xml
4 ms. Memory: 297984K Free: 123356K (41%)
----------------- Invoking toplevel() on ptolemy.moml.MoMLSimpleApplication@4d44754d
----------------- Done invoking toplevel() on ptolemy.moml.MoMLSimpleApplication@4d44754d
reloadAllAccessors: .SubscriptionAggregator3

===========================================================================================
----------------- testing Wed Jul 24 05:15:35 UTC 2019 /home/travis/build/icyphy/ptII/ptolemy/actor/lib/test/auto/SubscriptionAggregatorMultiply.xml
----------------- Instantiating /home/travis/build/icyphy/ptII/ptolemy/actor/lib/test/auto/SubscriptionAggregatorMultiply.xml
3 ms. Memory: 297984K Free: 114654K (38%)
----------------- Invoking toplevel() on ptolemy.moml.MoMLSimpleApplication@2e72a212
----------------- Done invoking toplevel() on ptolemy.moml.MoMLSimpleApplication@2e72a212
reloadAllAccessors: .SubscriptionAggregatorMultiply

===========================================================================================
----------------- testing Wed Jul 24 05:15:35 UTC 2019 /home/travis/build/icyphy/ptII/ptolemy/actor/lib/test/auto/SubscriptionAggregatorPortMultiply1.xml
----------------- Instantiating /home/travis/build/icyphy/ptII/ptolemy/actor/lib/test/auto/SubscriptionAggregatorPortMultiply1.xml
4 ms. Memory: 297984K Free: 106462K (36%)
----------------- Invoking toplevel() on ptolemy.moml.MoMLSimpleApplication@219babda
----------------- Done invoking toplevel() on ptolemy.moml.MoMLSimpleApplication@219babda
reloadAllAccessors: .SubscriptionAggregatorPortMultiply1

===========================================================================================
----------------- testing Wed Jul 24 05:15:35 UTC 2019 /home/travis/build/icyphy/ptII/ptolemy/actor/lib/test/auto/Switch.xml
----------------- Instantiating /home/travis/build/icyphy/ptII/ptolemy/actor/lib/test/auto/Switch.xml
11 ms. Memory: 297984K Free: 98270K (33%)
----------------- Invoking toplevel() on ptolemy.moml.MoMLSimpleApplication@619c7a68
----------------- Done invoking toplevel() on ptolemy.moml.MoMLSimpleApplication@619c7a68
reloadAllAccessors: .Switch

===========================================================================================
----------------- testing Wed Jul 24 05:15:35 UTC 2019 /home/travis/build/icyphy/ptII/ptolemy/actor/lib/test/auto/Switch2.xml
----------------- Instantiating /home/travis/build/icyphy/ptII/ptolemy/actor/lib/test/auto/Switch2.xml
1 ms. Memory: 297984K Free: 93660K (31%)
----------------- Invoking toplevel() on ptolemy.moml.MoMLSimpleApplication@3d0c9d5
----------------- Done invoking toplevel() on ptolemy.moml.MoMLSimpleApplication@3d0c9d5
reloadAllAccessors: .Switch2

===========================================================================================
----------------- testing Wed Jul 24 05:15:35 UTC 2019 /home/travis/build/icyphy/ptII/ptolemy/actor/lib/test/auto/SwitchDE.xml
----------------- Instantiating /home/travis/build/icyphy/ptII/ptolemy/actor/lib/test/auto/SwitchDE.xml
4 ms. Memory: 297984K Free: 87486K (29%)
----------------- Invoking toplevel() on ptolemy.moml.MoMLSimpleApplication@4b89fda4
----------------- Done invoking toplevel() on ptolemy.moml.MoMLSimpleApplication@4b89fda4
reloadAllAccessors: .SwitchDE

===========================================================================================
----------------- testing Wed Jul 24 05:15:35 UTC 2019 /home/travis/build/icyphy/ptII/ptolemy/actor/lib/test/auto/SynchronizerDE.xml
----------------- Instantiating /home/travis/build/icyphy/ptII/ptolemy/actor/lib/test/auto/SynchronizerDE.xml
7 ms. Memory: 297984K Free: 79294K (27%)
----------------- Invoking toplevel() on ptolemy.moml.MoMLSimpleApplication@28db482c
----------------- Done invoking toplevel() on ptolemy.moml.MoMLSimpleApplication@28db482c
reloadAllAccessors: .SynchronizerDE

===========================================================================================
----------------- testing Wed Jul 24 05:15:35 UTC 2019 /home/travis/build/icyphy/ptII/ptolemy/actor/lib/test/auto/Test.xml
----------------- Instantiating /home/travis/build/icyphy/ptII/ptolemy/actor/lib/test/auto/Test.xml
2 ms. Memory: 297984K Free: 74174K (25%)
----------------- Invoking toplevel() on ptolemy.moml.MoMLSimpleApplication@1536afab
----------------- Done invoking toplevel() on ptolemy.moml.MoMLSimpleApplication@1536afab
reloadAllAccessors: .Test

===========================================================================================
----------------- testing Wed Jul 24 05:15:35 UTC 2019 /home/travis/build/icyphy/ptII/ptolemy/actor/lib/test/auto/TestExceptionAttribute1.xml
----------------- Instantiating /home/travis/build/icyphy/ptII/ptolemy/actor/lib/test/auto/TestExceptionAttribute1.xml
2 ms. Memory: 297984K Free: 246745K (83%)
----------------- Invoking toplevel() on ptolemy.moml.MoMLSimpleApplication@3561db43
----------------- Done invoking toplevel() on ptolemy.moml.MoMLSimpleApplication@3561db43
reloadAllAccessors: .TestExceptionAttribute1

===========================================================================================
----------------- testing Wed Jul 24 05:15:35 UTC 2019 /home/travis/build/icyphy/ptII/ptolemy/actor/lib/test/auto/TestExceptionAttribute2.xml
----------------- Instantiating /home/travis/build/icyphy/ptII/ptolemy/actor/lib/test/auto/TestExceptionAttribute2.xml
2 ms. Memory: 297984K Free: 242649K (81%)
----------------- Invoking toplevel() on ptolemy.moml.MoMLSimpleApplication@dbdba1b
----------------- Done invoking toplevel() on ptolemy.moml.MoMLSimpleApplication@dbdba1b
reloadAllAccessors: .TestExceptionAttribute2

===========================================================================================
----------------- testing Wed Jul 24 05:15:35 UTC 2019 /home/travis/build/icyphy/ptII/ptolemy/actor/lib/test/auto/TestExceptionAttribute3.xml
----------------- Instantiating /home/travis/build/icyphy/ptII/ptolemy/actor/lib/test/auto/TestExceptionAttribute3.xml
.TestExceptionAttribute3.TestExceptionAttribute: initialize() was not invoked, but wrapup() was.  This is unusual, but not always a problem.  For example, exporting JNLP will do this.
1 ms. Memory: 297984K Free: 239063K (80%)
----------------- Invoking toplevel() on ptolemy.moml.MoMLSimpleApplication@5d8c4a3
----------------- Done invoking toplevel() on ptolemy.moml.MoMLSimpleApplication@5d8c4a3
reloadAllAccessors: .TestExceptionAttribute3

===========================================================================================
----------------- testing Wed Jul 24 05:15:35 UTC 2019 /home/travis/build/icyphy/ptII/ptolemy/actor/lib/test/auto/TestExceptionAttribute4.xml
----------------- Instantiating /home/travis/build/icyphy/ptII/ptolemy/actor/lib/test/auto/TestExceptionAttribute4.xml
.TestExceptionAttribute4.TestExceptionAttribute: initialize() was not invoked, but wrapup() was.  This is unusual, but not always a problem.  For example, exporting JNLP will do this.
.TestExceptionAttribute4.TestExceptionAttribute2: initialize() was not invoked, but wrapup() was.  This is unusual, but not always a problem.  For example, exporting JNLP will do this.
1 ms. Memory: 297984K Free: 234967K (79%)
----------------- Invoking toplevel() on ptolemy.moml.MoMLSimpleApplication@767124e4
----------------- Done invoking toplevel() on ptolemy.moml.MoMLSimpleApplication@767124e4
reloadAllAccessors: .TestExceptionAttribute4

===========================================================================================
----------------- testing Wed Jul 24 05:15:35 UTC 2019 /home/travis/build/icyphy/ptII/ptolemy/actor/lib/test/auto/TestExceptionHandler1.xml
----------------- Instantiating /home/travis/build/icyphy/ptII/ptolemy/actor/lib/test/auto/TestExceptionHandler1.xml
1 ms. Memory: 297984K Free: 231385K (78%)
----------------- Invoking toplevel() on ptolemy.moml.MoMLSimpleApplication@21904782
----------------- Done invoking toplevel() on ptolemy.moml.MoMLSimpleApplication@21904782
reloadAllAccessors: .TestExceptionHandler1

===========================================================================================
----------------- testing Wed Jul 24 05:15:35 UTC 2019 /home/travis/build/icyphy/ptII/ptolemy/actor/lib/test/auto/TestExceptionHandler2.xml
----------------- Instantiating /home/travis/build/icyphy/ptII/ptolemy/actor/lib/test/auto/TestExceptionHandler2.xml
2 ms. Memory: 297984K Free: 227799K (76%)
----------------- Invoking toplevel() on ptolemy.moml.MoMLSimpleApplication@11f08a9d
----------------- Done invoking toplevel() on ptolemy.moml.MoMLSimpleApplication@11f08a9d
reloadAllAccessors: .TestExceptionHandler2

===========================================================================================
----------------- testing Wed Jul 24 05:15:35 UTC 2019 /home/travis/build/icyphy/ptII/ptolemy/actor/lib/test/auto/TestExceptionHandler3.xml
----------------- Instantiating /home/travis/build/icyphy/ptII/ptolemy/actor/lib/test/auto/TestExceptionHandler3.xml
1 ms. Memory: 297984K Free: 224217K (75%)
----------------- Invoking toplevel() on ptolemy.moml.MoMLSimpleApplication@745d81b9
----------------- Done invoking toplevel() on ptolemy.moml.MoMLSimpleApplication@745d81b9
reloadAllAccessors: .TestExceptionHandler3

===========================================================================================
----------------- testing Wed Jul 24 05:15:35 UTC 2019 /home/travis/build/icyphy/ptII/ptolemy/actor/lib/test/auto/TestExceptionHandler4.xml
----------------- Instantiating /home/travis/build/icyphy/ptII/ptolemy/actor/lib/test/auto/TestExceptionHandler4.xml
1 ms. Memory: 297984K Free: 220121K (74%)
----------------- Invoking toplevel() on ptolemy.moml.MoMLSimpleApplication@55e5bbff
----------------- Done invoking toplevel() on ptolemy.moml.MoMLSimpleApplication@55e5bbff
reloadAllAccessors: .TestExceptionHandler4

===========================================================================================
----------------- testing Wed Jul 24 05:15:35 UTC 2019 /home/travis/build/icyphy/ptII/ptolemy/actor/lib/test/auto/TestRequireCorrectOrder.xml
----------------- Instantiating /home/travis/build/icyphy/ptII/ptolemy/actor/lib/test/auto/TestRequireCorrectOrder.xml
9 ms. Memory: 297984K Free: 215001K (72%)
----------------- Invoking toplevel() on ptolemy.moml.MoMLSimpleApplication@46697218
----------------- Done invoking toplevel() on ptolemy.moml.MoMLSimpleApplication@46697218
reloadAllAccessors: .TestRequireCorrectOrder

===========================================================================================
----------------- testing Wed Jul 24 05:15:35 UTC 2019 /home/travis/build/icyphy/ptII/ptolemy/actor/lib/test/auto/TestSimple.xml
----------------- Instantiating /home/travis/build/icyphy/ptII/ptolemy/actor/lib/test/auto/TestSimple.xml
2 ms. Memory: 297984K Free: 210391K (71%)
----------------- Invoking toplevel() on ptolemy.moml.MoMLSimpleApplication@440315b1
----------------- Done invoking toplevel() on ptolemy.moml.MoMLSimpleApplication@440315b1
reloadAllAccessors: .TestSimple

===========================================================================================
----------------- testing Wed Jul 24 05:15:35 UTC 2019 /home/travis/build/icyphy/ptII/ptolemy/actor/lib/test/auto/ThrowModelError.xml
----------------- Instantiating /home/travis/build/icyphy/ptII/ptolemy/actor/lib/test/auto/ThrowModelError.xml
2 ms. Memory: 297984K Free: 205271K (69%)
----------------- Invoking toplevel() on ptolemy.moml.MoMLSimpleApplication@7c58b73d
----------------- Done invoking toplevel() on ptolemy.moml.MoMLSimpleApplication@7c58b73d
reloadAllAccessors: .ThrowModelError

===========================================================================================
----------------- testing Wed Jul 24 05:15:35 UTC 2019 /home/travis/build/icyphy/ptII/ptolemy/actor/lib/test/auto/TimeDelayMicrosteps.xml
----------------- Instantiating /home/travis/build/icyphy/ptII/ptolemy/actor/lib/test/auto/TimeDelayMicrosteps.xml
3 ms. Memory: 297984K Free: 198617K (67%)
----------------- Invoking toplevel() on ptolemy.moml.MoMLSimpleApplication@3ea07f82
----------------- Done invoking toplevel() on ptolemy.moml.MoMLSimpleApplication@3ea07f82
reloadAllAccessors: .TimeDelayMicrosteps

===========================================================================================
----------------- testing Wed Jul 24 05:15:35 UTC 2019 /home/travis/build/icyphy/ptII/ptolemy/actor/lib/test/auto/TimeDelayMicrosteps2.xml
----------------- Instantiating /home/travis/build/icyphy/ptII/ptolemy/actor/lib/test/auto/TimeDelayMicrosteps2.xml
3 ms. Memory: 297984K Free: 191449K (64%)
----------------- Invoking toplevel() on ptolemy.moml.MoMLSimpleApplication@484919e4
----------------- Done invoking toplevel() on ptolemy.moml.MoMLSimpleApplication@484919e4
reloadAllAccessors: .TimeDelayMicrosteps2

===========================================================================================
----------------- testing Wed Jul 24 05:15:35 UTC 2019 /home/travis/build/icyphy/ptII/ptolemy/actor/lib/test/auto/TimeDelayMicrosteps3.xml
----------------- Instantiating /home/travis/build/icyphy/ptII/ptolemy/actor/lib/test/auto/TimeDelayMicrosteps3.xml
2 ms. Memory: 297984K Free: 184785K (62%)
----------------- Invoking toplevel() on ptolemy.moml.MoMLSimpleApplication@42f00675
----------------- Done invoking toplevel() on ptolemy.moml.MoMLSimpleApplication@42f00675
reloadAllAccessors: .TimeDelayMicrosteps3

===========================================================================================
----------------- testing Wed Jul 24 05:15:35 UTC 2019 /home/travis/build/icyphy/ptII/ptolemy/actor/lib/test/auto/TimeDelayVariableMicrosteps.xml
----------------- Instantiating /home/travis/build/icyphy/ptII/ptolemy/actor/lib/test/auto/TimeDelayVariableMicrosteps.xml
3 ms. Memory: 297984K Free: 178137K (60%)
----------------- Invoking toplevel() on ptolemy.moml.MoMLSimpleApplication@6d688e7
----------------- Done invoking toplevel() on ptolemy.moml.MoMLSimpleApplication@6d688e7
reloadAllAccessors: .TimeDelayVariableMicrosteps

===========================================================================================
----------------- testing Wed Jul 24 05:15:35 UTC 2019 /home/travis/build/icyphy/ptII/ptolemy/actor/lib/test/auto/TimeGap.xml
----------------- Instantiating /home/travis/build/icyphy/ptII/ptolemy/actor/lib/test/auto/TimeGap.xml
4 ms. Memory: 297984K Free: 173017K (58%)
----------------- Invoking toplevel() on ptolemy.moml.MoMLSimpleApplication@63b3406
----------------- Done invoking toplevel() on ptolemy.moml.MoMLSimpleApplication@63b3406
reloadAllAccessors: .TimeGap

===========================================================================================
----------------- testing Wed Jul 24 05:15:35 UTC 2019 /home/travis/build/icyphy/ptII/ptolemy/actor/lib/test/auto/TimeGap2.xml
----------------- Instantiating /home/travis/build/icyphy/ptII/ptolemy/actor/lib/test/auto/TimeGap2.xml
2 ms. Memory: 297984K Free: 167377K (56%)
----------------- Invoking toplevel() on ptolemy.moml.MoMLSimpleApplication@6032859a
----------------- Done invoking toplevel() on ptolemy.moml.MoMLSimpleApplication@6032859a
reloadAllAccessors: .TimeGap2

===========================================================================================
----------------- testing Wed Jul 24 05:15:35 UTC 2019 /home/travis/build/icyphy/ptII/ptolemy/actor/lib/test/auto/TimedSinewave.xml
----------------- Instantiating /home/travis/build/icyphy/ptII/ptolemy/actor/lib/test/auto/TimedSinewave.xml
25 ms. Memory: 297984K Free: 152537K (51%)
----------------- Invoking toplevel() on ptolemy.moml.MoMLSimpleApplication@7ad6934f
----------------- Done invoking toplevel() on ptolemy.moml.MoMLSimpleApplication@7ad6934f
reloadAllAccessors: .TimedSinewave

===========================================================================================
----------------- testing Wed Jul 24 05:15:36 UTC 2019 /home/travis/build/icyphy/ptII/ptolemy/actor/lib/test/auto/TimedSinewavePhase.xml
----------------- Instantiating /home/travis/build/icyphy/ptII/ptolemy/actor/lib/test/auto/TimedSinewavePhase.xml
12 ms. Memory: 297984K Free: 142807K (48%)
----------------- Invoking toplevel() on ptolemy.moml.MoMLSimpleApplication@294cf1bd
----------------- Done invoking toplevel() on ptolemy.moml.MoMLSimpleApplication@294cf1bd
reloadAllAccessors: .TimedSinewavePhase

===========================================================================================
----------------- testing Wed Jul 24 05:15:36 UTC 2019 /home/travis/build/icyphy/ptII/ptolemy/actor/lib/test/auto/Timer.xml
----------------- Instantiating /home/travis/build/icyphy/ptII/ptolemy/actor/lib/test/auto/Timer.xml
2 ms. Memory: 297984K Free: 137177K (46%)
----------------- Invoking toplevel() on ptolemy.moml.MoMLSimpleApplication@533a2aee
----------------- Done invoking toplevel() on ptolemy.moml.MoMLSimpleApplication@533a2aee
reloadAllAccessors: .Timer

===========================================================================================
----------------- testing Wed Jul 24 05:15:36 UTC 2019 /home/travis/build/icyphy/ptII/ptolemy/actor/lib/test/auto/TriangularDistTestModel.xml
----------------- Instantiating /home/travis/build/icyphy/ptII/ptolemy/actor/lib/test/auto/TriangularDistTestModel.xml
2 ms. Memory: 297984K Free: 131513K (44%)
----------------- Invoking toplevel() on ptolemy.moml.MoMLSimpleApplication@182580f3
----------------- Done invoking toplevel() on ptolemy.moml.MoMLSimpleApplication@182580f3
reloadAllAccessors: .TriangularDistTestModel

===========================================================================================
----------------- testing Wed Jul 24 05:15:36 UTC 2019 /home/travis/build/icyphy/ptII/ptolemy/actor/lib/test/auto/TrigFunction.xml
----------------- Instantiating /home/travis/build/icyphy/ptII/ptolemy/actor/lib/test/auto/TrigFunction.xml
2 ms. Memory: 297984K Free: 126937K (43%)
----------------- Invoking toplevel() on ptolemy.moml.MoMLSimpleApplication@49456297
----------------- Done invoking toplevel() on ptolemy.moml.MoMLSimpleApplication@49456297
reloadAllAccessors: .TrigFunction

===========================================================================================
----------------- testing Wed Jul 24 05:15:36 UTC 2019 /home/travis/build/icyphy/ptII/ptolemy/actor/lib/test/auto/TrigFunctionDE.xml
----------------- Instantiating /home/travis/build/icyphy/ptII/ptolemy/actor/lib/test/auto/TrigFunctionDE.xml
2 ms. Memory: 297984K Free: 121303K (41%)
----------------- Invoking toplevel() on ptolemy.moml.MoMLSimpleApplication@6862930b
----------------- Done invoking toplevel() on ptolemy.moml.MoMLSimpleApplication@6862930b
reloadAllAccessors: .TrigFunctionDE

===========================================================================================
----------------- testing Wed Jul 24 05:15:36 UTC 2019 /home/travis/build/icyphy/ptII/ptolemy/actor/lib/test/auto/TrigFunctionInverse.xml
----------------- Instantiating /home/travis/build/icyphy/ptII/ptolemy/actor/lib/test/auto/TrigFunctionInverse.xml
2 ms. Memory: 297984K Free: 115673K (39%)
----------------- Invoking toplevel() on ptolemy.moml.MoMLSimpleApplication@37fdce55
----------------- Done invoking toplevel() on ptolemy.moml.MoMLSimpleApplication@37fdce55
reloadAllAccessors: .TrigFunctionInverse

===========================================================================================
----------------- testing Wed Jul 24 05:15:36 UTC 2019 /home/travis/build/icyphy/ptII/ptolemy/actor/lib/test/auto/TrigFunctionTan.xml
----------------- Instantiating /home/travis/build/icyphy/ptII/ptolemy/actor/lib/test/auto/TrigFunctionTan.xml
2 ms. Memory: 297984K Free: 111063K (37%)
----------------- Invoking toplevel() on ptolemy.moml.MoMLSimpleApplication@7ffea057
----------------- Done invoking toplevel() on ptolemy.moml.MoMLSimpleApplication@7ffea057
reloadAllAccessors: .TrigFunctionTan

===========================================================================================
----------------- testing Wed Jul 24 05:15:36 UTC 2019 /home/travis/build/icyphy/ptII/ptolemy/actor/lib/test/auto/TriggeredClock.xml
----------------- Instantiating /home/travis/build/icyphy/ptII/ptolemy/actor/lib/test/auto/TriggeredClock.xml
2 ms. Memory: 297984K Free: 105937K (36%)
----------------- Invoking toplevel() on ptolemy.moml.MoMLSimpleApplication@6118b992
----------------- Done invoking toplevel() on ptolemy.moml.MoMLSimpleApplication@6118b992
reloadAllAccessors: .TriggeredClock

===========================================================================================
----------------- testing Wed Jul 24 05:15:36 UTC 2019 /home/travis/build/icyphy/ptII/ptolemy/actor/lib/test/auto/URLDirectoryReader.xml
----------------- Instantiating /home/travis/build/icyphy/ptII/ptolemy/actor/lib/test/auto/URLDirectoryReader.xml
33 ms. Memory: 297984K Free: 96217K (32%)
----------------- Invoking toplevel() on ptolemy.moml.MoMLSimpleApplication@a984967
----------------- Done invoking toplevel() on ptolemy.moml.MoMLSimpleApplication@a984967
reloadAllAccessors: .URLDirectoryReader

===========================================================================================
----------------- testing Wed Jul 24 05:15:36 UTC 2019 /home/travis/build/icyphy/ptII/ptolemy/actor/lib/test/auto/URLDirectoryReader3.xml
----------------- Instantiating /home/travis/build/icyphy/ptII/ptolemy/actor/lib/test/auto/URLDirectoryReader3.xml
1158 ms. Memory: 297984K Free: 241327K (81%)
----------------- Invoking toplevel() on ptolemy.moml.MoMLSimpleApplication@1415ef97
----------------- Done invoking toplevel() on ptolemy.moml.MoMLSimpleApplication@1415ef97
reloadAllAccessors: .URLDirectoryReader3

===========================================================================================
----------------- testing Wed Jul 24 05:15:37 UTC 2019 /home/travis/build/icyphy/ptII/ptolemy/actor/lib/test/auto/UnaryMathFunction.xml
----------------- Instantiating /home/travis/build/icyphy/ptII/ptolemy/actor/lib/test/auto/UnaryMathFunction.xml
3 ms. Memory: 297984K Free: 233492K (78%)
----------------- Invoking toplevel() on ptolemy.moml.MoMLSimpleApplication@5a50581b
----------------- Done invoking toplevel() on ptolemy.moml.MoMLSimpleApplication@5a50581b
reloadAllAccessors: .UnaryMathFunction

===========================================================================================
----------------- testing Wed Jul 24 05:15:37 UTC 2019 /home/travis/build/icyphy/ptII/ptolemy/actor/lib/test/auto/Uniform.xml
----------------- Instantiating /home/travis/build/icyphy/ptII/ptolemy/actor/lib/test/auto/Uniform.xml
4 ms. Memory: 297984K Free: 228882K (77%)
----------------- Invoking toplevel() on ptolemy.moml.MoMLSimpleApplication@7140f8b2
----------------- Done invoking toplevel() on ptolemy.moml.MoMLSimpleApplication@7140f8b2
reloadAllAccessors: .Uniform

===========================================================================================
----------------- testing Wed Jul 24 05:15:37 UTC 2019 /home/travis/build/icyphy/ptII/ptolemy/actor/lib/test/auto/UnionDisassemblerTest.xml
----------------- Instantiating /home/travis/build/icyphy/ptII/ptolemy/actor/lib/test/auto/UnionDisassemblerTest.xml
8 ms. Memory: 297984K Free: 225300K (76%)
----------------- Invoking toplevel() on ptolemy.moml.MoMLSimpleApplication@5673ca4d
----------------- Done invoking toplevel() on ptolemy.moml.MoMLSimpleApplication@5673ca4d
reloadAllAccessors: .UnionDisassemblerTest

===========================================================================================
----------------- testing Wed Jul 24 05:15:37 UTC 2019 /home/travis/build/icyphy/ptII/ptolemy/actor/lib/test/auto/UtilityFunctions.xml
----------------- Instantiating /home/travis/build/icyphy/ptII/ptolemy/actor/lib/test/auto/UtilityFunctions.xml
1 ms. Memory: 297984K Free: 221204K (74%)
----------------- Invoking toplevel() on ptolemy.moml.MoMLSimpleApplication@4533e2ed
----------------- Done invoking toplevel() on ptolemy.moml.MoMLSimpleApplication@4533e2ed
reloadAllAccessors: .UtilityFunctions

===========================================================================================
----------------- testing Wed Jul 24 05:15:37 UTC 2019 /home/travis/build/icyphy/ptII/ptolemy/actor/lib/test/auto/VariableSleep.xml
----------------- Instantiating /home/travis/build/icyphy/ptII/ptolemy/actor/lib/test/auto/VariableSleep.xml
503 ms. Memory: 297984K Free: 215570K (72%)
----------------- Invoking toplevel() on ptolemy.moml.MoMLSimpleApplication@433bbf10
----------------- Done invoking toplevel() on ptolemy.moml.MoMLSimpleApplication@433bbf10
reloadAllAccessors: .VariableSleep

===========================================================================================
----------------- testing Wed Jul 24 05:15:38 UTC 2019 /home/travis/build/icyphy/ptII/ptolemy/actor/lib/test/auto/VectorAssemblerDisassemblerCT.xml
----------------- Instantiating /home/travis/build/icyphy/ptII/ptolemy/actor/lib/test/auto/VectorAssemblerDisassemblerCT.xml
94 ms. Memory: 297984K Free: 195604K (66%)
----------------- Invoking toplevel() on ptolemy.moml.MoMLSimpleApplication@4f56a6e3
----------------- Done invoking toplevel() on ptolemy.moml.MoMLSimpleApplication@4f56a6e3
reloadAllAccessors: .VectorAssemblerDisassemblerCT

===========================================================================================
----------------- testing Wed Jul 24 05:15:38 UTC 2019 /home/travis/build/icyphy/ptII/ptolemy/actor/lib/test/auto/VectorAssemblerDisassemblerDE.xml
----------------- Instantiating /home/travis/build/icyphy/ptII/ptolemy/actor/lib/test/auto/VectorAssemblerDisassemblerDE.xml
3 ms. Memory: 297984K Free: 188436K (63%)
----------------- Invoking toplevel() on ptolemy.moml.MoMLSimpleApplication@1613a7b7
----------------- Done invoking toplevel() on ptolemy.moml.MoMLSimpleApplication@1613a7b7
reloadAllAccessors: .VectorAssemblerDisassemblerDE

===========================================================================================
----------------- testing Wed Jul 24 05:15:38 UTC 2019 /home/travis/build/icyphy/ptII/ptolemy/actor/lib/test/auto/VectorAssemblerDisassemblerSDF.xml
----------------- Instantiating /home/travis/build/icyphy/ptII/ptolemy/actor/lib/test/auto/VectorAssemblerDisassemblerSDF.xml
4 ms. Memory: 297984K Free: 181764K (61%)
----------------- Invoking toplevel() on ptolemy.moml.MoMLSimpleApplication@41472e9e
----------------- Done invoking toplevel() on ptolemy.moml.MoMLSimpleApplication@41472e9e
reloadAllAccessors: .VectorAssemblerDisassemblerSDF

===========================================================================================
----------------- testing Wed Jul 24 05:15:38 UTC 2019 /home/travis/build/icyphy/ptII/ptolemy/actor/lib/test/auto/WallClockTime.xml
----------------- Instantiating /home/travis/build/icyphy/ptII/ptolemy/actor/lib/test/auto/WallClockTime.xml
1006 ms. Memory: 297984K Free: 176658K (59%)
----------------- Invoking toplevel() on ptolemy.moml.MoMLSimpleApplication@65eaadac
----------------- Done invoking toplevel() on ptolemy.moml.MoMLSimpleApplication@65eaadac
reloadAllAccessors: .WallClockTime

===========================================================================================
----------------- testing Wed Jul 24 05:15:39 UTC 2019 /home/travis/build/icyphy/ptII/ptolemy/actor/lib/test/auto/WidthTestWithSubscriberPublisher.xml
----------------- Instantiating /home/travis/build/icyphy/ptII/ptolemy/actor/lib/test/auto/WidthTestWithSubscriberPublisher.xml
8 ms. Memory: 297984K Free: 158740K (53%)
----------------- Invoking toplevel() on ptolemy.moml.MoMLSimpleApplication@6caac03
----------------- Done invoking toplevel() on ptolemy.moml.MoMLSimpleApplication@6caac03
reloadAllAccessors: .WidthTestWithSubscriberPublisher

===========================================================================================
----------------- testing Wed Jul 24 05:15:39 UTC 2019 /home/travis/build/icyphy/ptII/ptolemy/actor/lib/test/auto/WidthTestWithSubscriberPublisher2.xml
----------------- Instantiating /home/travis/build/icyphy/ptII/ptolemy/actor/lib/test/auto/WidthTestWithSubscriberPublisher2.xml
7 ms. Memory: 297984K Free: 152596K (51%)
----------------- Invoking toplevel() on ptolemy.moml.MoMLSimpleApplication@4229f3b2
----------------- Done invoking toplevel() on ptolemy.moml.MoMLSimpleApplication@4229f3b2
reloadAllAccessors: .WidthTestWithSubscriberPublisher2

===========================================================================================
----------------- testing Wed Jul 24 05:15:39 UTC 2019 /home/travis/build/icyphy/ptII/ptolemy/actor/lib/test/auto/WidthTestWithSubscriberPublisher3.xml
----------------- Instantiating /home/travis/build/icyphy/ptII/ptolemy/actor/lib/test/auto/WidthTestWithSubscriberPublisher3.xml
2 ms. Memory: 297984K Free: 146962K (49%)
----------------- Invoking toplevel() on ptolemy.moml.MoMLSimpleApplication@15b8ac4b
----------------- Done invoking toplevel() on ptolemy.moml.MoMLSimpleApplication@15b8ac4b
reloadAllAccessors: .WidthTestWithSubscriberPublisher3

===========================================================================================
----------------- testing Wed Jul 24 05:15:39 UTC 2019 /home/travis/build/icyphy/ptII/ptolemy/actor/lib/test/auto/Writer.xml
----------------- Instantiating /home/travis/build/icyphy/ptII/ptolemy/actor/lib/test/auto/Writer.xml
0
1
2
3
4
2 ms. Memory: 297984K Free: 142852K (48%)
----------------- Invoking toplevel() on ptolemy.moml.MoMLSimpleApplication@32564704
----------------- Done invoking toplevel() on ptolemy.moml.MoMLSimpleApplication@32564704
reloadAllAccessors: .Writer

===========================================================================================
----------------- testing Wed Jul 24 05:15:39 UTC 2019 /home/travis/build/icyphy/ptII/ptolemy/actor/lib/test/auto/array.xml
----------------- Instantiating /home/travis/build/icyphy/ptII/ptolemy/actor/lib/test/auto/array.xml
2 ms. Memory: 297984K Free: 138260K (46%)
----------------- Invoking toplevel() on ptolemy.moml.MoMLSimpleApplication@15d23b2c
----------------- Done invoking toplevel() on ptolemy.moml.MoMLSimpleApplication@15d23b2c
reloadAllAccessors: .array

===========================================================================================
----------------- testing Wed Jul 24 05:15:39 UTC 2019 /home/travis/build/icyphy/ptII/ptolemy/actor/lib/test/auto/array2.xml
----------------- Instantiating /home/travis/build/icyphy/ptII/ptolemy/actor/lib/test/auto/array2.xml
6 ms. Memory: 297984K Free: 132612K (45%)
----------------- Invoking toplevel() on ptolemy.moml.MoMLSimpleApplication@740e7018
----------------- Done invoking toplevel() on ptolemy.moml.MoMLSimpleApplication@740e7018
reloadAllAccessors: .array2

===========================================================================================
----------------- testing Wed Jul 24 05:15:39 UTC 2019 /home/travis/build/icyphy/ptII/ptolemy/actor/lib/test/auto/arrayType.xml
----------------- Instantiating /home/travis/build/icyphy/ptII/ptolemy/actor/lib/test/auto/arrayType.xml
1 ms. Memory: 297984K Free: 127506K (43%)
----------------- Invoking toplevel() on ptolemy.moml.MoMLSimpleApplication@5851408e
----------------- Done invoking toplevel() on ptolemy.moml.MoMLSimpleApplication@5851408e
reloadAllAccessors: .arrayType

===========================================================================================
----------------- testing Wed Jul 24 05:15:39 UTC 2019 /home/travis/build/icyphy/ptII/ptolemy/actor/lib/test/auto/arrayType10.xml
----------------- Instantiating /home/travis/build/icyphy/ptII/ptolemy/actor/lib/test/auto/arrayType10.xml
1 ms. Memory: 297984K Free: 122900K (41%)
----------------- Invoking toplevel() on ptolemy.moml.MoMLSimpleApplication@24c4037f
----------------- Done invoking toplevel() on ptolemy.moml.MoMLSimpleApplication@24c4037f
reloadAllAccessors: .arrayType10

===========================================================================================
----------------- testing Wed Jul 24 05:15:39 UTC 2019 /home/travis/build/icyphy/ptII/ptolemy/actor/lib/test/auto/arrayType11.xml
----------------- Instantiating /home/travis/build/icyphy/ptII/ptolemy/actor/lib/test/auto/arrayType11.xml
2 ms. Memory: 297984K Free: 117266K (39%)
----------------- Invoking toplevel() on ptolemy.moml.MoMLSimpleApplication@30acc7f6
----------------- Done invoking toplevel() on ptolemy.moml.MoMLSimpleApplication@30acc7f6
reloadAllAccessors: .arrayType11

===========================================================================================
----------------- testing Wed Jul 24 05:15:39 UTC 2019 /home/travis/build/icyphy/ptII/ptolemy/actor/lib/test/auto/arrayType12.xml
----------------- Instantiating /home/travis/build/icyphy/ptII/ptolemy/actor/lib/test/auto/arrayType12.xml
1 ms. Memory: 297984K Free: 112146K (38%)
----------------- Invoking toplevel() on ptolemy.moml.MoMLSimpleApplication@292e0d0c
----------------- Done invoking toplevel() on ptolemy.moml.MoMLSimpleApplication@292e0d0c
reloadAllAccessors: .arrayType12

===========================================================================================
----------------- testing Wed Jul 24 05:15:39 UTC 2019 /home/travis/build/icyphy/ptII/ptolemy/actor/lib/test/auto/arrayType13.xml
----------------- Instantiating /home/travis/build/icyphy/ptII/ptolemy/actor/lib/test/auto/arrayType13.xml
1 ms. Memory: 297984K Free: 107026K (36%)
----------------- Invoking toplevel() on ptolemy.moml.MoMLSimpleApplication@485bdf9b
----------------- Done invoking toplevel() on ptolemy.moml.MoMLSimpleApplication@485bdf9b
reloadAllAccessors: .arrayType13

===========================================================================================
----------------- testing Wed Jul 24 05:15:39 UTC 2019 /home/travis/build/icyphy/ptII/ptolemy/actor/lib/test/auto/arrayType14.xml
----------------- Instantiating /home/travis/build/icyphy/ptII/ptolemy/actor/lib/test/auto/arrayType14.xml
5 ms. Memory: 297984K Free: 101906K (34%)
----------------- Invoking toplevel() on ptolemy.moml.MoMLSimpleApplication@21a82fce
----------------- Done invoking toplevel() on ptolemy.moml.MoMLSimpleApplication@21a82fce
reloadAllAccessors: .arrayType14

===========================================================================================
----------------- testing Wed Jul 24 05:15:39 UTC 2019 /home/travis/build/icyphy/ptII/ptolemy/actor/lib/test/auto/arrayType15.xml
----------------- Instantiating /home/travis/build/icyphy/ptII/ptolemy/actor/lib/test/auto/arrayType15.xml
3 ms. Memory: 297984K Free: 96786K (32%)
----------------- Invoking toplevel() on ptolemy.moml.MoMLSimpleApplication@6d145af0
----------------- Done invoking toplevel() on ptolemy.moml.MoMLSimpleApplication@6d145af0
reloadAllAccessors: .arrayType15

===========================================================================================
----------------- testing Wed Jul 24 05:15:39 UTC 2019 /home/travis/build/icyphy/ptII/ptolemy/actor/lib/test/auto/arrayType16.xml
----------------- Instantiating /home/travis/build/icyphy/ptII/ptolemy/actor/lib/test/auto/arrayType16.xml
1 ms. Memory: 297984K Free: 91156K (31%)
----------------- Invoking toplevel() on ptolemy.moml.MoMLSimpleApplication@45c4857
----------------- Done invoking toplevel() on ptolemy.moml.MoMLSimpleApplication@45c4857
reloadAllAccessors: .arrayType16

===========================================================================================
----------------- testing Wed Jul 24 05:15:39 UTC 2019 /home/travis/build/icyphy/ptII/ptolemy/actor/lib/test/auto/arrayType17.xml
----------------- Instantiating /home/travis/build/icyphy/ptII/ptolemy/actor/lib/test/auto/arrayType17.xml
1 ms. Memory: 297984K Free: 86036K (29%)
----------------- Invoking toplevel() on ptolemy.moml.MoMLSimpleApplication@49396cdf
----------------- Done invoking toplevel() on ptolemy.moml.MoMLSimpleApplication@49396cdf
reloadAllAccessors: .arrayType17

===========================================================================================
----------------- testing Wed Jul 24 05:15:39 UTC 2019 /home/travis/build/icyphy/ptII/ptolemy/actor/lib/test/auto/arrayType18.xml
----------------- Instantiating /home/travis/build/icyphy/ptII/ptolemy/actor/lib/test/auto/arrayType18.xml
1 ms. Memory: 297984K Free: 81426K (27%)
----------------- Invoking toplevel() on ptolemy.moml.MoMLSimpleApplication@250de93c
----------------- Done invoking toplevel() on ptolemy.moml.MoMLSimpleApplication@250de93c
reloadAllAccessors: .arrayType18

===========================================================================================
----------------- testing Wed Jul 24 05:15:39 UTC 2019 /home/travis/build/icyphy/ptII/ptolemy/actor/lib/test/auto/arrayType19.xml
----------------- Instantiating /home/travis/build/icyphy/ptII/ptolemy/actor/lib/test/auto/arrayType19.xml
2 ms. Memory: 297984K Free: 76820K (26%)
----------------- Invoking toplevel() on ptolemy.moml.MoMLSimpleApplication@6c4b17e8
----------------- Done invoking toplevel() on ptolemy.moml.MoMLSimpleApplication@6c4b17e8
reloadAllAccessors: .arrayType19

===========================================================================================
----------------- testing Wed Jul 24 05:15:39 UTC 2019 /home/travis/build/icyphy/ptII/ptolemy/actor/lib/test/auto/arrayType2.xml
----------------- Instantiating /home/travis/build/icyphy/ptII/ptolemy/actor/lib/test/auto/arrayType2.xml
2 ms. Memory: 297984K Free: 244169K (82%)
----------------- Invoking toplevel() on ptolemy.moml.MoMLSimpleApplication@5e766eba
----------------- Done invoking toplevel() on ptolemy.moml.MoMLSimpleApplication@5e766eba
reloadAllAccessors: .arrayType2

===========================================================================================
----------------- testing Wed Jul 24 05:15:39 UTC 2019 /home/travis/build/icyphy/ptII/ptolemy/actor/lib/test/auto/arrayType20.xml
----------------- Instantiating /home/travis/build/icyphy/ptII/ptolemy/actor/lib/test/auto/arrayType20.xml
2 ms. Memory: 297984K Free: 238545K (80%)
----------------- Invoking toplevel() on ptolemy.moml.MoMLSimpleApplication@2d5a7d1e
----------------- Done invoking toplevel() on ptolemy.moml.MoMLSimpleApplication@2d5a7d1e
reloadAllAccessors: .arrayType20

===========================================================================================
----------------- testing Wed Jul 24 05:15:39 UTC 2019 /home/travis/build/icyphy/ptII/ptolemy/actor/lib/test/auto/arrayType21.xml
----------------- Instantiating /home/travis/build/icyphy/ptII/ptolemy/actor/lib/test/auto/arrayType21.xml
2 ms. Memory: 297984K Free: 233935K (79%)
----------------- Invoking toplevel() on ptolemy.moml.MoMLSimpleApplication@61294f50
----------------- Done invoking toplevel() on ptolemy.moml.MoMLSimpleApplication@61294f50
reloadAllAccessors: .arrayType21

===========================================================================================
----------------- testing Wed Jul 24 05:15:39 UTC 2019 /home/travis/build/icyphy/ptII/ptolemy/actor/lib/test/auto/arrayType22.xml
----------------- Instantiating /home/travis/build/icyphy/ptII/ptolemy/actor/lib/test/auto/arrayType22.xml
1 ms. Memory: 297984K Free: 229329K (77%)
----------------- Invoking toplevel() on ptolemy.moml.MoMLSimpleApplication@21021541
----------------- Done invoking toplevel() on ptolemy.moml.MoMLSimpleApplication@21021541
reloadAllAccessors: .arrayType22

===========================================================================================
----------------- testing Wed Jul 24 05:15:39 UTC 2019 /home/travis/build/icyphy/ptII/ptolemy/actor/lib/test/auto/arrayType23.xml
----------------- Instantiating /home/travis/build/icyphy/ptII/ptolemy/actor/lib/test/auto/arrayType23.xml
4 ms. Memory: 297984K Free: 224209K (75%)
----------------- Invoking toplevel() on ptolemy.moml.MoMLSimpleApplication@253d6879
----------------- Done invoking toplevel() on ptolemy.moml.MoMLSimpleApplication@253d6879
reloadAllAccessors: .arrayType23

===========================================================================================
----------------- testing Wed Jul 24 05:15:40 UTC 2019 /home/travis/build/icyphy/ptII/ptolemy/actor/lib/test/auto/arrayType24.xml
----------------- Instantiating /home/travis/build/icyphy/ptII/ptolemy/actor/lib/test/auto/arrayType24.xml
2 ms. Memory: 297984K Free: 219599K (74%)
----------------- Invoking toplevel() on ptolemy.moml.MoMLSimpleApplication@540449c3
----------------- Done invoking toplevel() on ptolemy.moml.MoMLSimpleApplication@540449c3
reloadAllAccessors: .arrayType24

===========================================================================================
----------------- testing Wed Jul 24 05:15:40 UTC 2019 /home/travis/build/icyphy/ptII/ptolemy/actor/lib/test/auto/arrayType25.xml
----------------- Instantiating /home/travis/build/icyphy/ptII/ptolemy/actor/lib/test/auto/arrayType25.xml
2 ms. Memory: 297984K Free: 213969K (72%)
----------------- Invoking toplevel() on ptolemy.moml.MoMLSimpleApplication@59e364e5
----------------- Done invoking toplevel() on ptolemy.moml.MoMLSimpleApplication@59e364e5
reloadAllAccessors: .arrayType25

===========================================================================================
----------------- testing Wed Jul 24 05:15:40 UTC 2019 /home/travis/build/icyphy/ptII/ptolemy/actor/lib/test/auto/arrayType26.xml
----------------- Instantiating /home/travis/build/icyphy/ptII/ptolemy/actor/lib/test/auto/arrayType26.xml
1 ms. Memory: 297984K Free: 208849K (70%)
----------------- Invoking toplevel() on ptolemy.moml.MoMLSimpleApplication@da0ad8b
----------------- Done invoking toplevel() on ptolemy.moml.MoMLSimpleApplication@da0ad8b
reloadAllAccessors: .arrayType26

===========================================================================================
----------------- testing Wed Jul 24 05:15:40 UTC 2019 /home/travis/build/icyphy/ptII/ptolemy/actor/lib/test/auto/arrayType27.xml
----------------- Instantiating /home/travis/build/icyphy/ptII/ptolemy/actor/lib/test/auto/arrayType27.xml
1 ms. Memory: 297984K Free: 203215K (68%)
----------------- Invoking toplevel() on ptolemy.moml.MoMLSimpleApplication@1a9b84bf
----------------- Done invoking toplevel() on ptolemy.moml.MoMLSimpleApplication@1a9b84bf
reloadAllAccessors: .arrayType27

===========================================================================================
----------------- testing Wed Jul 24 05:15:40 UTC 2019 /home/travis/build/icyphy/ptII/ptolemy/actor/lib/test/auto/arrayType28.xml
----------------- Instantiating /home/travis/build/icyphy/ptII/ptolemy/actor/lib/test/auto/arrayType28.xml
9 ms. Memory: 297984K Free: 198095K (66%)
----------------- Invoking toplevel() on ptolemy.moml.MoMLSimpleApplication@55b2381a
----------------- Done invoking toplevel() on ptolemy.moml.MoMLSimpleApplication@55b2381a
reloadAllAccessors: .arrayType28

===========================================================================================
----------------- testing Wed Jul 24 05:15:40 UTC 2019 /home/travis/build/icyphy/ptII/ptolemy/actor/lib/test/auto/arrayType3.xml
----------------- Instantiating /home/travis/build/icyphy/ptII/ptolemy/actor/lib/test/auto/arrayType3.xml
2 ms. Memory: 297984K Free: 192975K (65%)
----------------- Invoking toplevel() on ptolemy.moml.MoMLSimpleApplication@42fe3009
----------------- Done invoking toplevel() on ptolemy.moml.MoMLSimpleApplication@42fe3009
reloadAllAccessors: .arrayType3

===========================================================================================
----------------- testing Wed Jul 24 05:15:40 UTC 2019 /home/travis/build/icyphy/ptII/ptolemy/actor/lib/test/auto/arrayType4.xml
----------------- Instantiating /home/travis/build/icyphy/ptII/ptolemy/actor/lib/test/auto/arrayType4.xml
2 ms. Memory: 297984K Free: 187855K (63%)
----------------- Invoking toplevel() on ptolemy.moml.MoMLSimpleApplication@258e1237
----------------- Done invoking toplevel() on ptolemy.moml.MoMLSimpleApplication@258e1237
reloadAllAccessors: .arrayType4

===========================================================================================
----------------- testing Wed Jul 24 05:15:40 UTC 2019 /home/travis/build/icyphy/ptII/ptolemy/actor/lib/test/auto/arrayType5.xml
----------------- Instantiating /home/travis/build/icyphy/ptII/ptolemy/actor/lib/test/auto/arrayType5.xml
2 ms. Memory: 297984K Free: 182225K (61%)
----------------- Invoking toplevel() on ptolemy.moml.MoMLSimpleApplication@1f518e2d
----------------- Done invoking toplevel() on ptolemy.moml.MoMLSimpleApplication@1f518e2d
reloadAllAccessors: .arrayType5

===========================================================================================
----------------- testing Wed Jul 24 05:15:40 UTC 2019 /home/travis/build/icyphy/ptII/ptolemy/actor/lib/test/auto/arrayType6.xml
----------------- Instantiating /home/travis/build/icyphy/ptII/ptolemy/actor/lib/test/auto/arrayType6.xml
2 ms. Memory: 297984K Free: 177615K (60%)
----------------- Invoking toplevel() on ptolemy.moml.MoMLSimpleApplication@56eaac0b
----------------- Done invoking toplevel() on ptolemy.moml.MoMLSimpleApplication@56eaac0b
reloadAllAccessors: .arrayType6

===========================================================================================
----------------- testing Wed Jul 24 05:15:40 UTC 2019 /home/travis/build/icyphy/ptII/ptolemy/actor/lib/test/auto/arrayType7.xml
----------------- Instantiating /home/travis/build/icyphy/ptII/ptolemy/actor/lib/test/auto/arrayType7.xml
7 ms. Memory: 297984K Free: 173007K (58%)
----------------- Invoking toplevel() on ptolemy.moml.MoMLSimpleApplication@3bae6b6
----------------- Done invoking toplevel() on ptolemy.moml.MoMLSimpleApplication@3bae6b6
reloadAllAccessors: .arrayType7

===========================================================================================
----------------- testing Wed Jul 24 05:15:40 UTC 2019 /home/travis/build/icyphy/ptII/ptolemy/actor/lib/test/auto/arrayType8.xml
----------------- Instantiating /home/travis/build/icyphy/ptII/ptolemy/actor/lib/test/auto/arrayType8.xml
2 ms. Memory: 297984K Free: 167889K (56%)
----------------- Invoking toplevel() on ptolemy.moml.MoMLSimpleApplication@6f543444
----------------- Done invoking toplevel() on ptolemy.moml.MoMLSimpleApplication@6f543444
reloadAllAccessors: .arrayType8

===========================================================================================
----------------- testing Wed Jul 24 05:15:40 UTC 2019 /home/travis/build/icyphy/ptII/ptolemy/actor/lib/test/auto/arrayType9.xml
----------------- Instantiating /home/travis/build/icyphy/ptII/ptolemy/actor/lib/test/auto/arrayType9.xml
1 ms. Memory: 297984K Free: 163279K (55%)
----------------- Invoking toplevel() on ptolemy.moml.MoMLSimpleApplication@5085a710
----------------- Done invoking toplevel() on ptolemy.moml.MoMLSimpleApplication@5085a710
reloadAllAccessors: .arrayType9

===========================================================================================
----------------- testing Wed Jul 24 05:15:40 UTC 2019 /home/travis/build/icyphy/ptII/ptolemy/actor/lib/test/auto/cast.xml
----------------- Instantiating /home/travis/build/icyphy/ptII/ptolemy/actor/lib/test/auto/cast.xml
3 ms. Memory: 297984K Free: 158673K (53%)
----------------- Invoking toplevel() on ptolemy.moml.MoMLSimpleApplication@22b74396
----------------- Done invoking toplevel() on ptolemy.moml.MoMLSimpleApplication@22b74396
reloadAllAccessors: .cast

===========================================================================================
----------------- testing Wed Jul 24 05:15:40 UTC 2019 /home/travis/build/icyphy/ptII/ptolemy/actor/lib/test/auto/compositeMultiPort.xml
----------------- Instantiating /home/travis/build/icyphy/ptII/ptolemy/actor/lib/test/auto/compositeMultiPort.xml
4 ms. Memory: 297984K Free: 149961K (50%)
----------------- Invoking toplevel() on ptolemy.moml.MoMLSimpleApplication@12115aa0
----------------- Done invoking toplevel() on ptolemy.moml.MoMLSimpleApplication@12115aa0
reloadAllAccessors: .compositeMultiPort

===========================================================================================
----------------- testing Wed Jul 24 05:15:40 UTC 2019 /home/travis/build/icyphy/ptII/ptolemy/actor/lib/test/auto/expressionCastInference.xml
----------------- Instantiating /home/travis/build/icyphy/ptII/ptolemy/actor/lib/test/auto/expressionCastInference.xml
3 ms. Memory: 297984K Free: 144847K (49%)
----------------- Invoking toplevel() on ptolemy.moml.MoMLSimpleApplication@2af4a4ab
----------------- Done invoking toplevel() on ptolemy.moml.MoMLSimpleApplication@2af4a4ab
reloadAllAccessors: .expressionCastInference

===========================================================================================
----------------- testing Wed Jul 24 05:15:40 UTC 2019 /home/travis/build/icyphy/ptII/ptolemy/actor/lib/test/auto/expressionCastInference2.xml
----------------- Instantiating /home/travis/build/icyphy/ptII/ptolemy/actor/lib/test/auto/expressionCastInference2.xml
2 ms. Memory: 297984K Free: 140241K (47%)
----------------- Invoking toplevel() on ptolemy.moml.MoMLSimpleApplication@3555994f
----------------- Done invoking toplevel() on ptolemy.moml.MoMLSimpleApplication@3555994f
reloadAllAccessors: .expressionCastInference2

===========================================================================================
----------------- testing Wed Jul 24 05:15:40 UTC 2019 /home/travis/build/icyphy/ptII/ptolemy/actor/lib/test/auto/expressionInference.xml
----------------- Instantiating /home/travis/build/icyphy/ptII/ptolemy/actor/lib/test/auto/expressionInference.xml
1 ms. Memory: 297984K Free: 136145K (46%)
----------------- Invoking toplevel() on ptolemy.moml.MoMLSimpleApplication@67fe8a6e
----------------- Done invoking toplevel() on ptolemy.moml.MoMLSimpleApplication@67fe8a6e
reloadAllAccessors: .expressionInference

===========================================================================================
----------------- testing Wed Jul 24 05:15:40 UTC 2019 /home/travis/build/icyphy/ptII/ptolemy/actor/lib/test/auto/expression_bug.xml
----------------- Instantiating /home/travis/build/icyphy/ptII/ptolemy/actor/lib/test/auto/expression_bug.xml
1 ms. Memory: 297984K Free: 131535K (44%)
----------------- Invoking toplevel() on ptolemy.moml.MoMLSimpleApplication@207192ab
----------------- Done invoking toplevel() on ptolemy.moml.MoMLSimpleApplication@207192ab
reloadAllAccessors: .expression_bug

===========================================================================================
----------------- testing Wed Jul 24 05:15:40 UTC 2019 /home/travis/build/icyphy/ptII/ptolemy/actor/lib/test/auto/factorial.xml
----------------- Instantiating /home/travis/build/icyphy/ptII/ptolemy/actor/lib/test/auto/factorial.xml
34 ms. Memory: 297984K Free: 122833K (41%)
----------------- Invoking toplevel() on ptolemy.moml.MoMLSimpleApplication@6df8f54f
----------------- Done invoking toplevel() on ptolemy.moml.MoMLSimpleApplication@6df8f54f
reloadAllAccessors: .factorial

===========================================================================================
----------------- testing Wed Jul 24 05:15:40 UTC 2019 /home/travis/build/icyphy/ptII/ptolemy/actor/lib/test/auto/filterTest1.xml
----------------- Instantiating /home/travis/build/icyphy/ptII/ptolemy/actor/lib/test/auto/filterTest1.xml
3 ms. Memory: 297984K Free: 117185K (39%)
----------------- Invoking toplevel() on ptolemy.moml.MoMLSimpleApplication@98067bf
----------------- Done invoking toplevel() on ptolemy.moml.MoMLSimpleApplication@98067bf
reloadAllAccessors: .filterTest1

===========================================================================================
----------------- testing Wed Jul 24 05:15:40 UTC 2019 /home/travis/build/icyphy/ptII/ptolemy/actor/lib/test/auto/funcApplyInConst.xml
----------------- Instantiating /home/travis/build/icyphy/ptII/ptolemy/actor/lib/test/auto/funcApplyInConst.xml
1 ms. Memory: 297984K Free: 113103K (38%)
----------------- Invoking toplevel() on ptolemy.moml.MoMLSimpleApplication@70536c9a
----------------- Done invoking toplevel() on ptolemy.moml.MoMLSimpleApplication@70536c9a
reloadAllAccessors: .funcApplyInConst

===========================================================================================
----------------- testing Wed Jul 24 05:15:40 UTC 2019 /home/travis/build/icyphy/ptII/ptolemy/actor/lib/test/auto/funcApplyInExpr.xml
----------------- Instantiating /home/travis/build/icyphy/ptII/ptolemy/actor/lib/test/auto/funcApplyInExpr.xml
1 ms. Memory: 297984K Free: 109521K (37%)
----------------- Invoking toplevel() on ptolemy.moml.MoMLSimpleApplication@6334995c
----------------- Done invoking toplevel() on ptolemy.moml.MoMLSimpleApplication@6334995c
reloadAllAccessors: .funcApplyInExpr

===========================================================================================
----------------- testing Wed Jul 24 05:15:40 UTC 2019 /home/travis/build/icyphy/ptII/ptolemy/actor/lib/test/auto/function.xml
----------------- Instantiating /home/travis/build/icyphy/ptII/ptolemy/actor/lib/test/auto/function.xml
2 ms. Memory: 297984K Free: 104911K (35%)
----------------- Invoking toplevel() on ptolemy.moml.MoMLSimpleApplication@385746eb
----------------- Done invoking toplevel() on ptolemy.moml.MoMLSimpleApplication@385746eb
reloadAllAccessors: .function

===========================================================================================
----------------- testing Wed Jul 24 05:15:40 UTC 2019 /home/travis/build/icyphy/ptII/ptolemy/actor/lib/test/auto/function2.xml
----------------- Instantiating /home/travis/build/icyphy/ptII/ptolemy/actor/lib/test/auto/function2.xml
2 ms. Memory: 297984K Free: 99791K (33%)
----------------- Invoking toplevel() on ptolemy.moml.MoMLSimpleApplication@3e52eae0
----------------- Done invoking toplevel() on ptolemy.moml.MoMLSimpleApplication@3e52eae0
reloadAllAccessors: .function2

===========================================================================================
----------------- testing Wed Jul 24 05:15:40 UTC 2019 /home/travis/build/icyphy/ptII/ptolemy/actor/lib/test/auto/function3.xml
----------------- Instantiating /home/travis/build/icyphy/ptII/ptolemy/actor/lib/test/auto/function3.xml
2 ms. Memory: 297984K Free: 96209K (32%)
----------------- Invoking toplevel() on ptolemy.moml.MoMLSimpleApplication@4ce27e0
----------------- Done invoking toplevel() on ptolemy.moml.MoMLSimpleApplication@4ce27e0
reloadAllAccessors: .function3

===========================================================================================
----------------- testing Wed Jul 24 05:15:40 UTC 2019 /home/travis/build/icyphy/ptII/ptolemy/actor/lib/test/auto/functionClosureTest1.xml
----------------- Instantiating /home/travis/build/icyphy/ptII/ptolemy/actor/lib/test/auto/functionClosureTest1.xml
2 ms. Memory: 297984K Free: 90575K (30%)
----------------- Invoking toplevel() on ptolemy.moml.MoMLSimpleApplication@baf2f5d
----------------- Done invoking toplevel() on ptolemy.moml.MoMLSimpleApplication@baf2f5d
reloadAllAccessors: .functionClosureTest1

===========================================================================================
----------------- testing Wed Jul 24 05:15:40 UTC 2019 /home/travis/build/icyphy/ptII/ptolemy/actor/lib/test/auto/functionClosureTest2.xml
----------------- Instantiating /home/travis/build/icyphy/ptII/ptolemy/actor/lib/test/auto/functionClosureTest2.xml
1 ms. Memory: 297984K Free: 86479K (29%)
----------------- Invoking toplevel() on ptolemy.moml.MoMLSimpleApplication@1f470b2a
----------------- Done invoking toplevel() on ptolemy.moml.MoMLSimpleApplication@1f470b2a
reloadAllAccessors: .functionClosureTest2

===========================================================================================
----------------- testing Wed Jul 24 05:15:40 UTC 2019 /home/travis/build/icyphy/ptII/ptolemy/actor/lib/test/auto/functionClosureTest3.xml
----------------- Instantiating /home/travis/build/icyphy/ptII/ptolemy/actor/lib/test/auto/functionClosureTest3.xml
2 ms. Memory: 297984K Free: 81345K (27%)
----------------- Invoking toplevel() on ptolemy.moml.MoMLSimpleApplication@3d709fc9
----------------- Done invoking toplevel() on ptolemy.moml.MoMLSimpleApplication@3d709fc9
reloadAllAccessors: .functionClosureTest3

===========================================================================================
----------------- testing Wed Jul 24 05:15:40 UTC 2019 /home/travis/build/icyphy/ptII/ptolemy/actor/lib/test/auto/functionClosureTest4.xml
----------------- Instantiating /home/travis/build/icyphy/ptII/ptolemy/actor/lib/test/auto/functionClosureTest4.xml
4 ms. Memory: 297984K Free: 75215K (25%)
----------------- Invoking toplevel() on ptolemy.moml.MoMLSimpleApplication@77133560
----------------- Done invoking toplevel() on ptolemy.moml.MoMLSimpleApplication@77133560
reloadAllAccessors: .functionClosureTest4

===========================================================================================
----------------- testing Wed Jul 24 05:15:40 UTC 2019 /home/travis/build/icyphy/ptII/ptolemy/actor/lib/test/auto/functionClosureTest5.xml
----------------- Instantiating /home/travis/build/icyphy/ptII/ptolemy/actor/lib/test/auto/functionClosureTest5.xml
4 ms. Memory: 297984K Free: 243885K (82%)
----------------- Invoking toplevel() on ptolemy.moml.MoMLSimpleApplication@2fd5630b
----------------- Done invoking toplevel() on ptolemy.moml.MoMLSimpleApplication@2fd5630b
reloadAllAccessors: .functionClosureTest5

===========================================================================================
----------------- testing Wed Jul 24 05:15:40 UTC 2019 /home/travis/build/icyphy/ptII/ptolemy/actor/lib/test/auto/functionClosureTest6.xml
----------------- Instantiating /home/travis/build/icyphy/ptII/ptolemy/actor/lib/test/auto/functionClosureTest6.xml
2 ms. Memory: 297984K Free: 238765K (80%)
----------------- Invoking toplevel() on ptolemy.moml.MoMLSimpleApplication@18fdce9a
----------------- Done invoking toplevel() on ptolemy.moml.MoMLSimpleApplication@18fdce9a
reloadAllAccessors: .functionClosureTest6

===========================================================================================
----------------- testing Wed Jul 24 05:15:40 UTC 2019 /home/travis/build/icyphy/ptII/ptolemy/actor/lib/test/auto/functionsOnArcs.xml
----------------- Instantiating /home/travis/build/icyphy/ptII/ptolemy/actor/lib/test/auto/functionsOnArcs.xml
2 ms. Memory: 297984K Free: 233645K (78%)
----------------- Invoking toplevel() on ptolemy.moml.MoMLSimpleApplication@5d7c2d35
----------------- Done invoking toplevel() on ptolemy.moml.MoMLSimpleApplication@5d7c2d35
reloadAllAccessors: .functionsOnArcs

===========================================================================================
----------------- testing Wed Jul 24 05:15:40 UTC 2019 /home/travis/build/icyphy/ptII/ptolemy/actor/lib/test/auto/functionsOnArcsHOF.xml
----------------- Instantiating /home/travis/build/icyphy/ptII/ptolemy/actor/lib/test/auto/functionsOnArcsHOF.xml
4 ms. Memory: 297984K Free: 227501K (76%)
----------------- Invoking toplevel() on ptolemy.moml.MoMLSimpleApplication@1e9efae5
----------------- Done invoking toplevel() on ptolemy.moml.MoMLSimpleApplication@1e9efae5
reloadAllAccessors: .functionsOnArcsHOF

===========================================================================================
----------------- testing Wed Jul 24 05:15:40 UTC 2019 /home/travis/build/icyphy/ptII/ptolemy/actor/lib/test/auto/logic.xml
----------------- Instantiating /home/travis/build/icyphy/ptII/ptolemy/actor/lib/test/auto/logic.xml
2 ms. Memory: 297984K Free: 220333K (74%)
----------------- Invoking toplevel() on ptolemy.moml.MoMLSimpleApplication@7ae64494
----------------- Done invoking toplevel() on ptolemy.moml.MoMLSimpleApplication@7ae64494
reloadAllAccessors: .logic

===========================================================================================
----------------- testing Wed Jul 24 05:15:40 UTC 2019 /home/travis/build/icyphy/ptII/ptolemy/actor/lib/test/auto/matrixType.xml
----------------- Instantiating /home/travis/build/icyphy/ptII/ptolemy/actor/lib/test/auto/matrixType.xml
1 ms. Memory: 297984K Free: 215723K (72%)
----------------- Invoking toplevel() on ptolemy.moml.MoMLSimpleApplication@5f74e982
----------------- Done invoking toplevel() on ptolemy.moml.MoMLSimpleApplication@5f74e982
reloadAllAccessors: .matrixType

===========================================================================================
----------------- testing Wed Jul 24 05:15:40 UTC 2019 /home/travis/build/icyphy/ptII/ptolemy/actor/lib/test/auto/matrixType10.xml
----------------- Instantiating /home/travis/build/icyphy/ptII/ptolemy/actor/lib/test/auto/matrixType10.xml
2 ms. Memory: 297984K Free: 210603K (71%)
----------------- Invoking toplevel() on ptolemy.moml.MoMLSimpleApplication@1b11eb6f
----------------- Done invoking toplevel() on ptolemy.moml.MoMLSimpleApplication@1b11eb6f
reloadAllAccessors: .matrixType10

===========================================================================================
----------------- testing Wed Jul 24 05:15:40 UTC 2019 /home/travis/build/icyphy/ptII/ptolemy/actor/lib/test/auto/matrixType11.xml
----------------- Instantiating /home/travis/build/icyphy/ptII/ptolemy/actor/lib/test/auto/matrixType11.xml
1 ms. Memory: 297984K Free: 205997K (69%)
----------------- Invoking toplevel() on ptolemy.moml.MoMLSimpleApplication@680b568b
----------------- Done invoking toplevel() on ptolemy.moml.MoMLSimpleApplication@680b568b
reloadAllAccessors: .matrixType11

===========================================================================================
----------------- testing Wed Jul 24 05:15:40 UTC 2019 /home/travis/build/icyphy/ptII/ptolemy/actor/lib/test/auto/matrixType12.xml
----------------- Instantiating /home/travis/build/icyphy/ptII/ptolemy/actor/lib/test/auto/matrixType12.xml
2 ms. Memory: 297984K Free: 201387K (68%)
----------------- Invoking toplevel() on ptolemy.moml.MoMLSimpleApplication@1fd21e53
----------------- Done invoking toplevel() on ptolemy.moml.MoMLSimpleApplication@1fd21e53
reloadAllAccessors: .matrixType12

===========================================================================================
----------------- testing Wed Jul 24 05:15:40 UTC 2019 /home/travis/build/icyphy/ptII/ptolemy/actor/lib/test/auto/matrixType13.xml
----------------- Instantiating /home/travis/build/icyphy/ptII/ptolemy/actor/lib/test/auto/matrixType13.xml
2 ms. Memory: 297984K Free: 196267K (66%)
----------------- Invoking toplevel() on ptolemy.moml.MoMLSimpleApplication@3b0cc07e
----------------- Done invoking toplevel() on ptolemy.moml.MoMLSimpleApplication@3b0cc07e
reloadAllAccessors: .matrixType13

===========================================================================================
----------------- testing Wed Jul 24 05:15:40 UTC 2019 /home/travis/build/icyphy/ptII/ptolemy/actor/lib/test/auto/matrixType14.xml
----------------- Instantiating /home/travis/build/icyphy/ptII/ptolemy/actor/lib/test/auto/matrixType14.xml
2 ms. Memory: 297984K Free: 191147K (64%)
----------------- Invoking toplevel() on ptolemy.moml.MoMLSimpleApplication@ccae705
----------------- Done invoking toplevel() on ptolemy.moml.MoMLSimpleApplication@ccae705
reloadAllAccessors: .matrixType14

===========================================================================================
----------------- testing Wed Jul 24 05:15:40 UTC 2019 /home/travis/build/icyphy/ptII/ptolemy/actor/lib/test/auto/matrixType2.xml
----------------- Instantiating /home/travis/build/icyphy/ptII/ptolemy/actor/lib/test/auto/matrixType2.xml
2 ms. Memory: 297984K Free: 186027K (62%)
----------------- Invoking toplevel() on ptolemy.moml.MoMLSimpleApplication@220deb64
----------------- Done invoking toplevel() on ptolemy.moml.MoMLSimpleApplication@220deb64
reloadAllAccessors: .matrixType2

===========================================================================================
----------------- testing Wed Jul 24 05:15:40 UTC 2019 /home/travis/build/icyphy/ptII/ptolemy/actor/lib/test/auto/matrixType3.xml
----------------- Instantiating /home/travis/build/icyphy/ptII/ptolemy/actor/lib/test/auto/matrixType3.xml
4 ms. Memory: 297984K Free: 180907K (61%)
----------------- Invoking toplevel() on ptolemy.moml.MoMLSimpleApplication@2c64559e
----------------- Done invoking toplevel() on ptolemy.moml.MoMLSimpleApplication@2c64559e
reloadAllAccessors: .matrixType3

===========================================================================================
----------------- testing Wed Jul 24 05:15:40 UTC 2019 /home/travis/build/icyphy/ptII/ptolemy/actor/lib/test/auto/matrixType4.xml
----------------- Instantiating /home/travis/build/icyphy/ptII/ptolemy/actor/lib/test/auto/matrixType4.xml
2 ms. Memory: 297984K Free: 176301K (59%)
----------------- Invoking toplevel() on ptolemy.moml.MoMLSimpleApplication@7a25aef9
----------------- Done invoking toplevel() on ptolemy.moml.MoMLSimpleApplication@7a25aef9
reloadAllAccessors: .matrixType4

===========================================================================================
----------------- testing Wed Jul 24 05:15:40 UTC 2019 /home/travis/build/icyphy/ptII/ptolemy/actor/lib/test/auto/matrixType5.xml
----------------- Instantiating /home/travis/build/icyphy/ptII/ptolemy/actor/lib/test/auto/matrixType5.xml
2 ms. Memory: 297984K Free: 171181K (57%)
----------------- Invoking toplevel() on ptolemy.moml.MoMLSimpleApplication@67e5e61
----------------- Done invoking toplevel() on ptolemy.moml.MoMLSimpleApplication@67e5e61
reloadAllAccessors: .matrixType5

===========================================================================================
----------------- testing Wed Jul 24 05:15:40 UTC 2019 /home/travis/build/icyphy/ptII/ptolemy/actor/lib/test/auto/matrixType6.xml
----------------- Instantiating /home/travis/build/icyphy/ptII/ptolemy/actor/lib/test/auto/matrixType6.xml
1 ms. Memory: 297984K Free: 166571K (56%)
----------------- Invoking toplevel() on ptolemy.moml.MoMLSimpleApplication@6f87adeb
----------------- Done invoking toplevel() on ptolemy.moml.MoMLSimpleApplication@6f87adeb
reloadAllAccessors: .matrixType6

===========================================================================================
----------------- testing Wed Jul 24 05:15:40 UTC 2019 /home/travis/build/icyphy/ptII/ptolemy/actor/lib/test/auto/matrixType7.xml
----------------- Instantiating /home/travis/build/icyphy/ptII/ptolemy/actor/lib/test/auto/matrixType7.xml
1 ms. Memory: 297984K Free: 161965K (54%)
----------------- Invoking toplevel() on ptolemy.moml.MoMLSimpleApplication@16a110d0
----------------- Done invoking toplevel() on ptolemy.moml.MoMLSimpleApplication@16a110d0
reloadAllAccessors: .matrixType7

===========================================================================================
----------------- testing Wed Jul 24 05:15:40 UTC 2019 /home/travis/build/icyphy/ptII/ptolemy/actor/lib/test/auto/matrixType8.xml
----------------- Instantiating /home/travis/build/icyphy/ptII/ptolemy/actor/lib/test/auto/matrixType8.xml
1 ms. Memory: 297984K Free: 156845K (53%)
----------------- Invoking toplevel() on ptolemy.moml.MoMLSimpleApplication@6fa4d1ab
----------------- Done invoking toplevel() on ptolemy.moml.MoMLSimpleApplication@6fa4d1ab
reloadAllAccessors: .matrixType8

===========================================================================================
----------------- testing Wed Jul 24 05:15:41 UTC 2019 /home/travis/build/icyphy/ptII/ptolemy/actor/lib/test/auto/matrixType9.xml
----------------- Instantiating /home/travis/build/icyphy/ptII/ptolemy/actor/lib/test/auto/matrixType9.xml
1 ms. Memory: 297984K Free: 152235K (51%)
----------------- Invoking toplevel() on ptolemy.moml.MoMLSimpleApplication@520ab0f0
----------------- Done invoking toplevel() on ptolemy.moml.MoMLSimpleApplication@520ab0f0
reloadAllAccessors: .matrixType9

===========================================================================================
----------------- testing Wed Jul 24 05:15:41 UTC 2019 /home/travis/build/icyphy/ptII/ptolemy/actor/lib/test/auto/paraFunctest.xml
----------------- Instantiating /home/travis/build/icyphy/ptII/ptolemy/actor/lib/test/auto/paraFunctest.xml
2 ms. Memory: 297984K Free: 147629K (50%)
----------------- Invoking toplevel() on ptolemy.moml.MoMLSimpleApplication@1c13b1fb
----------------- Done invoking toplevel() on ptolemy.moml.MoMLSimpleApplication@1c13b1fb
reloadAllAccessors: .paraFunctest

===========================================================================================
----------------- testing Wed Jul 24 05:15:41 UTC 2019 /home/travis/build/icyphy/ptII/ptolemy/actor/lib/test/auto/paraFunctest2.xml
----------------- Instantiating /home/travis/build/icyphy/ptII/ptolemy/actor/lib/test/auto/paraFunctest2.xml
2 ms. Memory: 297984K Free: 143019K (48%)
----------------- Invoking toplevel() on ptolemy.moml.MoMLSimpleApplication@ca0a433
----------------- Done invoking toplevel() on ptolemy.moml.MoMLSimpleApplication@ca0a433
reloadAllAccessors: .paraFunctest2

===========================================================================================
----------------- testing Wed Jul 24 05:15:41 UTC 2019 /home/travis/build/icyphy/ptII/ptolemy/actor/lib/test/auto/parameterPassing.xml
----------------- Instantiating /home/travis/build/icyphy/ptII/ptolemy/actor/lib/test/auto/parameterPassing.xml
1 ms. Memory: 297984K Free: 138923K (47%)
----------------- Invoking toplevel() on ptolemy.moml.MoMLSimpleApplication@70467c88
----------------- Done invoking toplevel() on ptolemy.moml.MoMLSimpleApplication@70467c88
reloadAllAccessors: .parameterPassing

===========================================================================================
----------------- testing Wed Jul 24 05:15:41 UTC 2019 /home/travis/build/icyphy/ptII/ptolemy/actor/lib/test/auto/record.xml
----------------- Instantiating /home/travis/build/icyphy/ptII/ptolemy/actor/lib/test/auto/record.xml
3 ms. Memory: 297984K Free: 133803K (45%)
----------------- Invoking toplevel() on ptolemy.moml.MoMLSimpleApplication@446ecdc
----------------- Done invoking toplevel() on ptolemy.moml.MoMLSimpleApplication@446ecdc
reloadAllAccessors: .record

===========================================================================================
----------------- testing Wed Jul 24 05:15:41 UTC 2019 /home/travis/build/icyphy/ptII/ptolemy/actor/lib/test/auto/sizedarray1.xml
----------------- Instantiating /home/travis/build/icyphy/ptII/ptolemy/actor/lib/test/auto/sizedarray1.xml
1 ms. Memory: 297984K Free: 128683K (43%)
----------------- Invoking toplevel() on ptolemy.moml.MoMLSimpleApplication@16b3918b
----------------- Done invoking toplevel() on ptolemy.moml.MoMLSimpleApplication@16b3918b
reloadAllAccessors: .sizedarray1

===========================================================================================
----------------- testing Wed Jul 24 05:15:41 UTC 2019 /home/travis/build/icyphy/ptII/ptolemy/actor/lib/test/auto/sizedarray2.xml
----------------- Instantiating /home/travis/build/icyphy/ptII/ptolemy/actor/lib/test/auto/sizedarray2.xml
2 ms. Memory: 297984K Free: 122539K (41%)
----------------- Invoking toplevel() on ptolemy.moml.MoMLSimpleApplication@452c628
----------------- Done invoking toplevel() on ptolemy.moml.MoMLSimpleApplication@452c628
reloadAllAccessors: .sizedarray2

===========================================================================================
----------------- testing Wed Jul 24 05:15:41 UTC 2019 /home/travis/build/icyphy/ptII/ptolemy/actor/lib/test/auto/twoPublishers.xml
----------------- Instantiating /home/travis/build/icyphy/ptII/ptolemy/actor/lib/test/auto/twoPublishers.xml
7 ms. Memory: 297984K Free: 111789K (38%)
----------------- Invoking toplevel() on ptolemy.moml.MoMLSimpleApplication@663c8951
----------------- Done invoking toplevel() on ptolemy.moml.MoMLSimpleApplication@663c8951
reloadAllAccessors: .twoPublishers
AutoTests.java: About to close Vertx.
AutoTests.java: Vertx closed.
]]></system-out>
  <system-err><![CDATA[java.lang.RuntimeException: Execution failed
	at ptolemy.moml.MoMLSimpleApplication$UnloadThread.run(MoMLSimpleApplication.java:402)
Caused by: java.lang.RuntimeException: StringUtilities.exit() was called. Normally, we would exit here because Manager.exitAfterWrapup() was called.  However, because the ptolemy.ptII.exitAfterWrapup property is set, we throw this exception instead.
	at ptolemy.util.StringUtilities.exit(StringUtilities.java:365)
	at ptolemy.actor.Manager.wrapup(Manager.java:1549)
	at ptolemy.actor.Manager.execute(Manager.java:407)
	at ptolemy.actor.Manager.run(Manager.java:1263)
	at ptolemy.actor.Manager$PtolemyRunThread.run(Manager.java:1933)
Warning: '.top.test' is in training mode, set the trainingMode parameter to false before checking in
Warning: '.top.test' is in training mode, set the trainingMode parameter to false before checking in
Warning: '.top.test' is in training mode, set the trainingMode parameter to false before checking in
Warning: '.BooleanSwitch_RegressionTest_WrongTrainingValues.Test' is in training mode, set the trainingMode parameter to false before checking in
Warning: '.BooleanSwitch_RegressionTest_WrongTrainingValues.Test2' is in training mode, set the trainingMode parameter to false before checking in
Warning: '.BooleanSwitch_RegressionTest_WrongTrainingValues.Test2' The test produced 0 tokens.
Warning: '.top.testExceptionHandler' is in training mode, set the trainingMode parameter to false before checking in
java.lang.RuntimeException: Execution failed
	at ptolemy.moml.MoMLSimpleApplication$UnloadThread.run(MoMLSimpleApplication.java:402)
Caused by: ptolemy.kernel.util.IllegalActionException: PublisherPorts cannot be used at the top level, use a Publisher actor instead.
  in .PublisherPortToplevelSubscriber.PublisherPort
	at ptolemy.actor.PublisherPort.preinitialize(PublisherPort.java:403)
	at ptolemy.actor.CompositeActor.preinitialize(CompositeActor.java:1769)
	at ptolemy.actor.Manager.preinitializeAndResolveTypes(Manager.java:1040)
	at ptolemy.actor.Manager.initialize(Manager.java:710)
	at ptolemy.actor.Manager.execute(Manager.java:356)
	at ptolemy.actor.Manager.run(Manager.java:1263)
	at ptolemy.actor.Manager$PtolemyRunThread.run(Manager.java:1933)
java.lang.reflect.InvocationTargetException
	at java.base/jdk.internal.reflect.NativeConstructorAccessorImpl.newInstance0(Native Method)
	at java.base/jdk.internal.reflect.NativeConstructorAccessorImpl.newInstance(NativeConstructorAccessorImpl.java:62)
	at java.base/jdk.internal.reflect.DelegatingConstructorAccessorImpl.newInstance(DelegatingConstructorAccessorImpl.java:45)
	at java.base/java.lang.reflect.Constructor.newInstance(Constructor.java:490)
	at ptolemy.util.test.junit.AutoKnownFailedTests.RunModel(AutoKnownFailedTests.java:105)
	at java.base/jdk.internal.reflect.NativeMethodAccessorImpl.invoke0(Native Method)
	at java.base/jdk.internal.reflect.NativeMethodAccessorImpl.invoke(NativeMethodAccessorImpl.java:62)
	at java.base/jdk.internal.reflect.DelegatingMethodAccessorImpl.invoke(DelegatingMethodAccessorImpl.java:43)
	at java.base/java.lang.reflect.Method.invoke(Method.java:566)
	at org.junit.runners.model.FrameworkMethod$1.runReflectiveCall(FrameworkMethod.java:44)
	at org.junit.internal.runners.model.ReflectiveCallable.run(ReflectiveCallable.java:15)
	at org.junit.runners.model.FrameworkMethod.invokeExplosively(FrameworkMethod.java:41)
	at junitparams.internal.InvokeParameterisedMethod.evaluate(InvokeParameterisedMethod.java:102)
	at org.junit.internal.runners.statements.FailOnTimeout$1.run(FailOnTimeout.java:28)
Caused by: ptolemy.kernel.util.IllegalActionException: PublisherPorts cannot be used at the top level, use a Publisher actor instead.
  in .PublisherPortToplevelSubscriber.PublisherPort
	at ptolemy.actor.PublisherPort.preinitialize(PublisherPort.java:403)
	at ptolemy.actor.CompositeActor.preinitialize(CompositeActor.java:1769)
	at ptolemy.actor.Manager.preinitializeAndResolveTypes(Manager.java:1040)
	at ptolemy.actor.Manager.initialize(Manager.java:710)
	at ptolemy.actor.Manager.execute(Manager.java:356)
	at ptolemy.actor.Manager.run(Manager.java:1263)
	at ptolemy.actor.Manager$PtolemyRunThread.run(Manager.java:1933)
java.lang.RuntimeException: Execution failed
	at ptolemy.moml.MoMLSimpleApplication$UnloadThread.run(MoMLSimpleApplication.java:402)
Caused by: ptolemy.kernel.util.IllegalActionException: SubscriberPorts cannot be used at the top level, use a Subscriber actor instead.
  in .PublisherSubscriberPortToplevel.SubscriberPort
	at ptolemy.actor.SubscriberPort.preinitialize(SubscriberPort.java:328)
	at ptolemy.actor.CompositeActor.preinitialize(CompositeActor.java:1769)
	at ptolemy.actor.Manager.preinitializeAndResolveTypes(Manager.java:1040)
	at ptolemy.actor.Manager.initialize(Manager.java:710)
	at ptolemy.actor.Manager.execute(Manager.java:356)
	at ptolemy.actor.Manager.run(Manager.java:1263)
	at ptolemy.actor.Manager$PtolemyRunThread.run(Manager.java:1933)
java.lang.reflect.InvocationTargetException
	at java.base/jdk.internal.reflect.NativeConstructorAccessorImpl.newInstance0(Native Method)
	at java.base/jdk.internal.reflect.NativeConstructorAccessorImpl.newInstance(NativeConstructorAccessorImpl.java:62)
	at java.base/jdk.internal.reflect.DelegatingConstructorAccessorImpl.newInstance(DelegatingConstructorAccessorImpl.java:45)
	at java.base/java.lang.reflect.Constructor.newInstance(Constructor.java:490)
	at ptolemy.util.test.junit.AutoKnownFailedTests.RunModel(AutoKnownFailedTests.java:105)
	at java.base/jdk.internal.reflect.NativeMethodAccessorImpl.invoke0(Native Method)
	at java.base/jdk.internal.reflect.NativeMethodAccessorImpl.invoke(NativeMethodAccessorImpl.java:62)
	at java.base/jdk.internal.reflect.DelegatingMethodAccessorImpl.invoke(DelegatingMethodAccessorImpl.java:43)
	at java.base/java.lang.reflect.Method.invoke(Method.java:566)
	at org.junit.runners.model.FrameworkMethod$1.runReflectiveCall(FrameworkMethod.java:44)
	at org.junit.internal.runners.model.ReflectiveCallable.run(ReflectiveCallable.java:15)
	at org.junit.runners.model.FrameworkMethod.invokeExplosively(FrameworkMethod.java:41)
	at junitparams.internal.InvokeParameterisedMethod.evaluate(InvokeParameterisedMethod.java:102)
	at org.junit.internal.runners.statements.FailOnTimeout$1.run(FailOnTimeout.java:28)
Caused by: ptolemy.kernel.util.IllegalActionException: SubscriberPorts cannot be used at the top level, use a Subscriber actor instead.
  in .PublisherSubscriberPortToplevel.SubscriberPort
	at ptolemy.actor.SubscriberPort.preinitialize(SubscriberPort.java:328)
	at ptolemy.actor.CompositeActor.preinitialize(CompositeActor.java:1769)
	at ptolemy.actor.Manager.preinitializeAndResolveTypes(Manager.java:1040)
	at ptolemy.actor.Manager.initialize(Manager.java:710)
	at ptolemy.actor.Manager.execute(Manager.java:356)
	at ptolemy.actor.Manager.run(Manager.java:1263)
	at ptolemy.actor.Manager$PtolemyRunThread.run(Manager.java:1933)
java.lang.RuntimeException: Execution failed
	at ptolemy.moml.MoMLSimpleApplication$UnloadThread.run(MoMLSimpleApplication.java:402)
Caused by: ptolemy.kernel.util.IllegalActionException: SubscriptionAggregatorPorts cannot be used at the top level, use a SubscriptionAggregator actor instead.
  in .PublisherSubscriptionAggregatorPort.SubscriptionAggregatorPort
	at ptolemy.actor.SubscriptionAggregatorPort.preinitialize(SubscriptionAggregatorPort.java:353)
	at ptolemy.actor.CompositeActor.preinitialize(CompositeActor.java:1769)
	at ptolemy.actor.Manager.preinitializeAndResolveTypes(Manager.java:1040)
	at ptolemy.actor.Manager.initialize(Manager.java:710)
	at ptolemy.actor.Manager.execute(Manager.java:356)
	at ptolemy.actor.Manager.run(Manager.java:1263)
	at ptolemy.actor.Manager$PtolemyRunThread.run(Manager.java:1933)
java.lang.reflect.InvocationTargetException
	at java.base/jdk.internal.reflect.NativeConstructorAccessorImpl.newInstance0(Native Method)
	at java.base/jdk.internal.reflect.NativeConstructorAccessorImpl.newInstance(NativeConstructorAccessorImpl.java:62)
	at java.base/jdk.internal.reflect.DelegatingConstructorAccessorImpl.newInstance(DelegatingConstructorAccessorImpl.java:45)
	at java.base/java.lang.reflect.Constructor.newInstance(Constructor.java:490)
	at ptolemy.util.test.junit.AutoKnownFailedTests.RunModel(AutoKnownFailedTests.java:105)
	at java.base/jdk.internal.reflect.NativeMethodAccessorImpl.invoke0(Native Method)
	at java.base/jdk.internal.reflect.NativeMethodAccessorImpl.invoke(NativeMethodAccessorImpl.java:62)
	at java.base/jdk.internal.reflect.DelegatingMethodAccessorImpl.invoke(DelegatingMethodAccessorImpl.java:43)
	at java.base/java.lang.reflect.Method.invoke(Method.java:566)
	at org.junit.runners.model.FrameworkMethod$1.runReflectiveCall(FrameworkMethod.java:44)
	at org.junit.internal.runners.model.ReflectiveCallable.run(ReflectiveCallable.java:15)
	at org.junit.runners.model.FrameworkMethod.invokeExplosively(FrameworkMethod.java:41)
	at junitparams.internal.InvokeParameterisedMethod.evaluate(InvokeParameterisedMethod.java:102)
	at org.junit.internal.runners.statements.FailOnTimeout$1.run(FailOnTimeout.java:28)
Caused by: ptolemy.kernel.util.IllegalActionException: SubscriptionAggregatorPorts cannot be used at the top level, use a SubscriptionAggregator actor instead.
  in .PublisherSubscriptionAggregatorPort.SubscriptionAggregatorPort
	at ptolemy.actor.SubscriptionAggregatorPort.preinitialize(SubscriptionAggregatorPort.java:353)
	at ptolemy.actor.CompositeActor.preinitialize(CompositeActor.java:1769)
	at ptolemy.actor.Manager.preinitializeAndResolveTypes(Manager.java:1040)
	at ptolemy.actor.Manager.initialize(Manager.java:710)
	at ptolemy.actor.Manager.execute(Manager.java:356)
	at ptolemy.actor.Manager.run(Manager.java:1263)
	at ptolemy.actor.Manager$PtolemyRunThread.run(Manager.java:1933)
java.lang.RuntimeException: Execution failed
	at ptolemy.moml.MoMLSimpleApplication$UnloadThread.run(MoMLSimpleApplication.java:402)
Caused by: ptolemy.kernel.util.IllegalActionException: TypeTest actor has no training data.
  in .sizedarray3.TypeTest
	at ptolemy.actor.lib.TypeTest.initialize(TypeTest.java:250)
	at ptolemy.actor.Director.initialize(Director.java:938)
	at ptolemy.actor.Director.initialize(Director.java:907)
	at ptolemy.actor.sched.StaticSchedulingDirector.initialize(StaticSchedulingDirector.java:159)
	at ptolemy.domains.sdf.kernel.SDFDirector.initialize(SDFDirector.java:544)
	at ptolemy.actor.CompositeActor.initialize(CompositeActor.java:935)
	at ptolemy.actor.Manager.initialize(Manager.java:724)
	at ptolemy.actor.Manager.execute(Manager.java:356)
	at ptolemy.actor.Manager.run(Manager.java:1263)
	at ptolemy.actor.Manager$PtolemyRunThread.run(Manager.java:1933)
java.lang.reflect.InvocationTargetException
	at java.base/jdk.internal.reflect.NativeConstructorAccessorImpl.newInstance0(Native Method)
	at java.base/jdk.internal.reflect.NativeConstructorAccessorImpl.newInstance(NativeConstructorAccessorImpl.java:62)
	at java.base/jdk.internal.reflect.DelegatingConstructorAccessorImpl.newInstance(DelegatingConstructorAccessorImpl.java:45)
	at java.base/java.lang.reflect.Constructor.newInstance(Constructor.java:490)
	at ptolemy.util.test.junit.AutoKnownFailedTests.RunModel(AutoKnownFailedTests.java:105)
	at java.base/jdk.internal.reflect.NativeMethodAccessorImpl.invoke0(Native Method)
	at java.base/jdk.internal.reflect.NativeMethodAccessorImpl.invoke(NativeMethodAccessorImpl.java:62)
	at java.base/jdk.internal.reflect.DelegatingMethodAccessorImpl.invoke(DelegatingMethodAccessorImpl.java:43)
	at java.base/java.lang.reflect.Method.invoke(Method.java:566)
	at org.junit.runners.model.FrameworkMethod$1.runReflectiveCall(FrameworkMethod.java:44)
	at org.junit.internal.runners.model.ReflectiveCallable.run(ReflectiveCallable.java:15)
	at org.junit.runners.model.FrameworkMethod.invokeExplosively(FrameworkMethod.java:41)
	at junitparams.internal.InvokeParameterisedMethod.evaluate(InvokeParameterisedMethod.java:102)
	at org.junit.internal.runners.statements.FailOnTimeout$1.run(FailOnTimeout.java:28)
Caused by: ptolemy.kernel.util.IllegalActionException: TypeTest actor has no training data.
  in .sizedarray3.TypeTest
	at ptolemy.actor.lib.TypeTest.initialize(TypeTest.java:250)
	at ptolemy.actor.Director.initialize(Director.java:938)
	at ptolemy.actor.Director.initialize(Director.java:907)
	at ptolemy.actor.sched.StaticSchedulingDirector.initialize(StaticSchedulingDirector.java:159)
	at ptolemy.domains.sdf.kernel.SDFDirector.initialize(SDFDirector.java:544)
	at ptolemy.actor.CompositeActor.initialize(CompositeActor.java:935)
	at ptolemy.actor.Manager.initialize(Manager.java:724)
	at ptolemy.actor.Manager.execute(Manager.java:356)
	at ptolemy.actor.Manager.run(Manager.java:1263)
	at ptolemy.actor.Manager$PtolemyRunThread.run(Manager.java:1933)
ptolemy.kernel.util.InternalErrorException: Exec Stdout Gobbler-4: Failed while reading from java.lang.ProcessImpl$ProcessPipeInputStream@2c39f3f7. To avoid this, try setting the ignoreIOExceptionReadErrors parameter to true.null
  in .ExecEnvironment.Exec
Because:
Stream closed
	at ptolemy.actor.lib.Exec$_StreamReaderThread._read(Exec.java:762)
	at ptolemy.actor.lib.Exec$_StreamReaderThread.run(Exec.java:706)
Caused by: java.io.IOException: Stream closed
	at java.base/sun.nio.cs.StreamDecoder.ensureOpen(StreamDecoder.java:46)
	at java.base/sun.nio.cs.StreamDecoder.read(StreamDecoder.java:148)
	at java.base/java.io.InputStreamReader.read(InputStreamReader.java:185)
	at ptolemy.actor.lib.Exec$_StreamReaderThread._read(Exec.java:724)
	... 1 more
Caused by: java.io.IOException: Stream closed
	at java.base/sun.nio.cs.StreamDecoder.ensureOpen(StreamDecoder.java:46)
	at java.base/sun.nio.cs.StreamDecoder.read(StreamDecoder.java:148)
	at java.base/java.io.InputStreamReader.read(InputStreamReader.java:185)
	at ptolemy.actor.lib.Exec$_StreamReaderThread._read(Exec.java:724)
	at ptolemy.actor.lib.Exec$_StreamReaderThread.run(Exec.java:706)
]]></system-err>
</testsuite>
