<?xml version="1.0" encoding="UTF-8" ?>
<testsuite errors="0" failures="0" hostname="travis-job-5bb76616-d5c7-4500-a04c-fcc6c5c65b3c" name="ptolemy.actor.lib.test.junit.JUnitTclTest" skipped="0" tests="517" time="59.683" timestamp="2018-11-20T02:46:42">
  <properties>
    <property name="npm.executable" value="npm" />
    <property name="file.encoding.pkg" value="sun.io" />
    <property name="env.TRAVIS_ROOT" value="/" />
    <property name="ptII.mk.exists" value="true" />
    <property name="env.TRAVIS_APP_HOST" value="build.travis-ci.org" />
    <property name="env.rvm_bin_path" value="/home/travis/.rvm/bin" />
    <property name="java.home" value="/usr/lib/jvm/java-8-oracle/jre" />
    <property name="env.TRAVIS_JOB_NUMBER" value="828.8" />
    <property name="env.TRAVIS_HOME" value="/home/travis" />
    <property name="env.DISPLAY" value=":99.0" />
    <property name="java.net.preferIPv4Stack" value="true" />
    <property name="env.TRAVIS_INIT" value="upstart" />
    <property name="env.SSH_TTY" value="/dev/pts/0" />
    <property name="env.RUN_TESTS" value="false" />
    <property name="timeout.short" value="1000000" />
    <property name="env.TRAVIS_JOB_NAME" value="" />
    <property name="env.TRAVIS_STACK_NODE_ATTRIBUTES" value="/.node-attributes.yml" />
    <property name="junit.formatter" value="xml" />
    <property name="java.endorsed.dirs" value="/usr/lib/jvm/java-8-oracle/jre/lib/endorsed" />
    <property name="env.TRAVIS_SUDO" value="true" />
    <property name="env.LOGNAME" value="travis" />
    <property name="env.PT_TRAVIS_TEST_CORE1_XML" value="true" />
    <property name="jsdoc.home" value="node_modules/@terraswarm/jsdoc" />
    <property name="debuglevel" value="source,lines,vars" />
    <property name="checkstyle.formatter" value="xml" />
    <property name="bin.vergil.makeable" value="true" />
    <property name="env._system_version" value="14.04" />
    <property name="sun.os.patch.level" value="unknown" />
    <property name="java.vendor.url" value="http://java.oracle.com/" />
    <property name="env.TRAVIS_BUILD_WEB_URL" value="https://travis-ci.org/icyphy/ptII/builds/457266847" />
    <property name="java.version" value="1.8.0_151" />
    <property name="env.TZ" value="UTC" />
    <property name="env.PT_NO_NET" value="true" />
    <property name="env.TRAVIS_PULL_REQUEST_SHA" value="" />
    <property name="env.TRAVIS_SECURE_ENV_VARS" value="true" />
    <property name="env._system_type" value="Linux" />
    <property name="java.vendor.url.bug" value="http://bugreport.sun.com/bugreport/" />
    <property name="env.SSH_CLIENT" value="10.10.16.55 52268 22" />
    <property name="npmjs-org-is-up" value="true" />
    <property name="env.GEM_HOME" value="/home/travis/.rvm/gems/ruby-2.4.1" />
    <property name="env.HAS_ANTARES_THREE_LITTLE_FRONZIES_BADGE" value="true" />
    <property name="env.PS4" value="+" />
    <property name="ant.project.invoked-targets" value="build,test.core1.xml" />
    <property name="env.TRAVIS_PULL_REQUEST_BRANCH" value="" />
    <property name="env.TRAVIS_REPO_SLUG" value="icyphy/ptII" />
    <property name="node.in.path" value="true" />
    <property name="java.maxmemory" value="1400m" />
    <property name="env.RUBY_VERSION" value="ruby-2.4.1" />
    <property name="user.name" value="travis" />
    <property name="env.LANG" value="en_US.UTF-8" />
    <property name="sun.io.unicode.encoding" value="UnicodeLittle" />
    <property name="sun.jnu.encoding" value="UTF-8" />
    <property name="java.runtime.name" value="Java(TM) SE Runtime Environment" />
    <property name="usefile" value="false" />
    <property name="return.code" value="0" />
    <property name="junit.single.formatter" value="plain" />
    <property name="env.DYLD_LIBRARY_PATH" value="/home/travis/pthla/certi-tools/lib:" />
    <property name="env.DEBIAN_FRONTEND" value="noninteractive" />
    <property name="env.SSH_CONNECTION" value="10.10.16.55 52268 10.20.0.144 22" />
    <property name="env.MYSQL_UNIX_PORT" value="/var/run/mysqld/mysqld.sock" />
    <property name="env.TRAVIS_ALLOW_FAILURE" value="false" />
    <property name="env.LC_ALL" value="en_US.UTF-8" />
    <property name="env.TRAVIS_JOB_WEB_URL" value="https://travis-ci.org/icyphy/ptII/jobs/457266859" />
    <property name="java.specification.name" value="Java Platform API Specification" />
    <property name="node.works" value="true" />
    <property name="user.timezone" value="" />
    <property name="path.separator" value=":" />
    <property name="env.TRAVIS_ENABLE_INFRA_DETECTION" value="true" />
    <property name="env.PYTHON_CFLAGS" value="-g -fstack-protector --param=ssp-buffer-size=4 -Wformat -Werror=format-security" />
    <property name="timeout.long" value="4000000" />
    <property name="env.CERTI_HOME" value="/home/travis/pthla/certi-tools" />
    <property name="file.encoding" value="UTF-8" />
    <property name="ant.file.ptII" value="/home/travis/build/icyphy/ptII/build.xml" />
    <property name="javadoc.packagenames" value="com.*,diva.*,lbnl.*,org.hlacerti.*,org.json.*,org.ptolemy.*,org.terraswarm.*,ptolemy.*,ptserver.*" />
    <property name="env.TRAVIS_PULL_REQUEST_SLUG" value="" />
    <property name="ant.project.default-target" value="build" />
    <property name="env.GIT_ASKPASS" value="echo" />
    <property name="env.HOME" value="/home/travis" />
    <property name="sun.java.command" value="org.apache.tools.ant.taskdefs.optional.junit.JUnitTestRunner ptolemy.actor.lib.test.junit.JUnitTclTest skipNonTests=false filtertrace=true haltOnError=false haltOnFailure=false formatter=org.apache.tools.ant.taskdefs.optional.junit.OutErrSummaryJUnitResultFormatter showoutput=true outputtoformatters=true logfailedtests=true threadid=0 logtestlistenerevents=false formatter=org.apache.tools.ant.taskdefs.optional.junit.XMLJUnitResultFormatter,/home/travis/build/icyphy/ptII/reports/junit/TEST-ptolemy.actor.lib.test.junit.JUnitTclTest.xml crashfile=/home/travis/build/icyphy/ptII/junitvmwatcher7748935958719723919.properties propsfile=/home/travis/build/icyphy/ptII/junit3962987370755235590.properties" />
    <property name="env.MANPATH" value="/home/travis/.nvm/versions/node/v7.10.1/share/man:/home/travis/.kiex/elixirs/elixir-1.4.5/man:/home/travis/.rvm/rubies/ruby-2.4.1/share/man:/usr/local/man:/usr/local/cmake-3.9.2/man:/usr/local/clang-5.0.0/share/man:/usr/local/share/man:/usr/share/man:/home/travis/.rvm/man" />
    <property name="env.COMPOSER_NO_INTERACTION" value="1" />
    <property name="env.JDK_SWITCHER_DEFAULT" value="oraclejdk8" />
    <property name="env.TRAVIS_TIMER_ID" value="089429fa" />
    <property name="ant.file" value="/home/travis/build/icyphy/ptII/build.xml" />
    <property name="env.TRAVIS_COMMIT_RANGE" value="2ea8dca402f120d32696ec2d734f026f0f268dab...2564f68444ee18bbeb264e9bfe5a2416699484f3" />
    <property name="env._system_name" value="Ubuntu" />
    <property name="timeout" value="2400000" />
    <property name="ptII.classpath.optional.property" value="/home/travis/build/icyphy/ptII/lib/bsh-2.0b4.jar:/home/travis/build/icyphy/ptII/lib/ptCal.jar:/home/travis/build/icyphy/ptII/lib/java_cup.jar:/home/travis/build/icyphy/ptII/lib/saxon8.jar:/home/travis/build/icyphy/ptII/lib/saxon8-dom.jar:/home/travis/build/icyphy/ptII/lib/chic.jar:/home/travis/build/icyphy/ptII/lib/ptcolt.jar:/usr/lib/jvm/java-8-oracle/lib/tools.jar:/usr/lib/eclipse/plugins/org.eclipse.jdt.core_3.8.2.dist.jar:/usr/lib/eclipse/plugins/org.eclipse.core.runtime_3.8.0.dist.jar:/usr/lib/eclipse/plugins/org.eclipse.osgi_3.8.1.dist.jar:/usr/lib/eclipse/plugins/org.eclipse.core.resources_3.8.1.dist.jar:/usr/lib/eclipse/plugins/org.eclipse.equinox.common_3.6.100.dist.jar:/usr/lib/eclipse/plugins/org.eclipse.core.jobs_3.5.200.dist.jar:/usr/lib/eclipse/plugins/org.eclipse.core.contenttype_3.4.200.dist.jar:/usr/lib/eclipse/plugins/org.eclipse.equinox.preferences_3.5.0.dist.jar:/usr/lib/eclipse/plugins/org.eclipse.text_3.5.200.dist.jar:/usr/lib/eclipse/plugins/org.eclipse.ui.workbench_3.8.1.dist.jar:/usr/lib/eclipse/plugins/org.eclipse.jface_3.8.0.dist.jar:/usr/lib/eclipse/plugins/org.eclipse.swt_3.8.2.jar:/usr/lib/eclipse/plugins/org.eclipse.jface.text_3.8.1.dist.jar:/usr/lib/eclipse/plugins/org.eclipse.ui.workbench.texteditor_3.8.0.dist.jar:/usr/lib/eclipse/plugins/org.eclipse.ui.editors_3.8.0.dist.jar:/usr/lib/eclipse/plugins/org.eclipse.core.commands_3.6.1.dist.jar:/usr/lib/eclipse/plugins/org.eclipse.equinox.registry_3.5.200.dist.jar:/usr/lib/eclipse/plugins/org.eclipse.ui.console_3.5.100.dist.jar:/usr/lib/eclipse/plugins/org.eclipse.ui.forms_3.5.200.dist.jar:/usr/lib/eclipse/plugins/org.eclipse.ui.ide_3.8.1.dist.jar:/home/travis/build/icyphy/ptII/vendors/oracle/dbxml.jar:/home/travis/build/icyphy/ptII/vendors/oracle/db.jar:/home/travis/build/icyphy/ptII/vendors/misc/itext/iText.jar:/home/travis/build/icyphy/ptII/lib/g4ltl.jar:/home/travis/build/icyphy/ptII/lib/StructuralCoder.jar:/home/travis/build/icyphy/ptII/lib/org-openide-util.jar:/home/travis/build/icyphy/ptII/lib/org-openide-util-lookup.jar:/home/travis/build/icyphy/ptII/lib/org-netbeans-api-visual.jar:/home/travis/build/icyphy/ptII/vendors/jai-1_1_2_01/lib/jai_core.jar:/home/travis/build/icyphy/ptII/vendors/jai-1_1_2_01/lib/jai_codec.jar:/home/travis/build/icyphy/ptII/lib/jcerti.jar:/home/travis/build/icyphy/ptII/lib/smack.jar:/home/travis/build/icyphy/ptII/lib/smackx.jar:/home/travis/build/icyphy/ptII/lib/jetty-all-8.1.5-v20120716.jar:/home/travis/build/icyphy/ptII/lib/javax.servlet-api-3.0.1.jar:/home/travis/build/icyphy/ptII/lib/javax.mail.jar:/home/travis/build/icyphy/ptII/vendors/JMF-2.1.1e/lib/jmf.jar:/home/travis/build/icyphy/ptII/lib/jna-4.0.0-variadic.jar:/home/travis/build/icyphy/ptII/vendors/misc/joystick/Joystick.jar:/home/travis/build/icyphy/ptII/lib/ptjacl.jar:/home/travis/build/icyphy/ptII/lib/jsoup-1.8.2.jar:/home/travis/build/icyphy/ptII/lib/junit-4.8.2.jar:/home/travis/build/icyphy/ptII/lib/JUnitParams-0.4.0.jar:/home/travis/build/icyphy/ptII/ptolemy/actor/lib/excel/jxl.jar:/home/travis/build/icyphy/ptII/lib/jython.jar:/home/travis/build/icyphy/ptII/lib/kieler.jar:/home/travis/build/icyphy/ptII/vendors/opencv/share/OpenCV/java/opencv-341.jar:/home/travis/build/icyphy/ptII/lib/oscP5.jar:/home/travis/build/icyphy/ptII/lib/nrjavaserial-3.11.0.devel.jar:/home/travis/build/icyphy/ptII/vendors/j3d/lib/j3dcore.jar:/home/travis/build/icyphy/ptII/vendors/j3d/lib/j3dutils.jar:/home/travis/build/icyphy/ptII/vendors/j3d/lib/vecmath.jar:/home/travis/build/icyphy/ptII/ptolemy/distributed/jini/jar/jini-core.jar:/home/travis/build/icyphy/ptII/ptolemy/distributed/jini/jar/jini-ext.jar:/home/travis/build/icyphy/ptII/ptolemy/distributed/jini/jar/sun-util.jar:/home/travis/build/icyphy/ptII/lib/protobuf-java-2.4.1.jar:/home/travis/build/icyphy/ptII/lib/org.eclipse.paho.client.mqttv3.jar:/home/travis/build/icyphy/ptII/ptserver/lib/hessian-4.0.7.jar:/home/travis/build/icyphy/ptII/ptserver/lib/wmqtt.jar:/home/travis/build/icyphy/ptII/lib/mapss.jar:/home/travis/build/icyphy/ptII/ptolemy/actor/ptalon/antlr/antlr.jar:/home/travis/build/icyphy/ptII/lib/JRI.jar:/home/travis/build/icyphy/ptII/lib/commons-lang-2.6.jar:/home/travis/build/icyphy/ptII/lib/commons-logging-1.1.1.jar:/home/travis/build/icyphy/ptII/lib/sootclasses.jar:/home/travis/build/icyphy/ptII/ptolemy/actor/lib/database/mysql-connector-java-5.1.6-bin.jar:/home/travis/build/icyphy/ptII/vendors/misc/sphinx4/sphinx4-data-5prealpha.jar:/home/travis/build/icyphy/ptII/vendors/misc/sphinx4/sphinx4-core-5prealpha.jar:/home/travis/build/icyphy/ptII/lib/PDFRenderer.jar:/home/travis/build/icyphy/ptII/lib/svgSalamander.jar:/home/travis/build/icyphy/ptII/lib/rsyntaxtextarea-2.6.0-SNAPSHOT.jar:/home/travis/build/icyphy/ptII/lib/hazelcast-3.8.2.jar:/home/travis/build/icyphy/ptII/lib/jackson-annotations-2.9.0.jar:/home/travis/build/icyphy/ptII/lib/jackson-core-2.9.3.jar:/home/travis/build/icyphy/ptII/lib/jackson-databind-2.9.3.jar:/home/travis/build/icyphy/ptII/lib/netty-buffer-4.1.19.Final.jar:/home/travis/build/icyphy/ptII/lib/netty-codec-4.1.19.Final.jar:/home/travis/build/icyphy/ptII/lib/netty-codec-dns-4.1.19.Final.jar:/home/travis/build/icyphy/ptII/lib/netty-codec-http-4.1.19.Final.jar:/home/travis/build/icyphy/ptII/lib/netty-codec-http2-4.1.19.Final.jar:/home/travis/build/icyphy/ptII/lib/netty-common-4.1.19.Final.jar:/home/travis/build/icyphy/ptII/lib/netty-handler-4.1.19.Final.jar:/home/travis/build/icyphy/ptII/lib/netty-resolver-4.1.19.Final.jar:/home/travis/build/icyphy/ptII/lib/netty-resolver-dns-4.1.19.Final.jar:/home/travis/build/icyphy/ptII/lib/netty-transport-4.1.19.Final.jar:/home/travis/build/icyphy/ptII/lib/vertx-codegen-3.5.1.jar:/home/travis/build/icyphy/ptII/lib/vertx-core-3.5.2-SNAPSHOT.jar:/home/travis/build/icyphy/ptII/lib/vertx-hazelcast-3.5.1.jar:/home/travis/build/icyphy/ptII/lib/vertx-lang-js-3.5.1.jar:/home/travis/build/icyphy/ptII/lib/vertx-service-proxy-3.5.1.jar:/home/travis/build/icyphy/ptII/lib/vertx-web-3.5.1.jar:/home/travis/build/icyphy/ptII/lib/slf4j-api-1.7.13.jar:/home/travis/build/icyphy/ptII/lib/slf4j-simple-1.7.13.jar:/home/travis/build/icyphy/ptII/lib/webcam-capture-0.3.12.jar:/home/travis/build/icyphy/ptII/lib/bridj-0.7.0.jar:/home/travis/build/icyphy/ptII/lib/xbjlib-1.1.0.nrjavaserial.jar" />
    <property name="test.batch" value="**/junit/*.java" />
    <property name="env._" value="/usr/bin/timeout" />
    <property name="java.io.tmpdir" value="/tmp" />
    <property name="env.TRAVIS_INTERNAL_RUBY_REGEX" value="^ruby-(2\.[0-4]\.[0-9]|1\.9\.3)" />
    <property name="user.language" value="en" />
    <property name="env.HISTCONTROL" value="ignoredups:ignorespace" />
    <property name="env.GOROOT" value="/home/travis/.gimme/versions/go1.7.4.linux.amd64" />
    <property name="line.separator" value="&#xa;" />
    <property name="target" value="1.8" />
    <property name="env.TRAVIS_BUILD_DIR" value="/home/travis/build/icyphy/ptII" />
    <property name="env.ANT_OPTS" value="-Xmx2048m" />
    <property name="ant.file.type" value="file" />
    <property name="ptolemy.ptII.batchMode" value="true" />
    <property name="env.HISTSIZE" value="1000" />
    <property name="env.MERB_ENV" value="test" />
    <property name="java.vm.info" value="mixed mode" />
    <property name="source" value="1.8" />
    <property name="java.vm.specification.name" value="Java Virtual Machine Specification" />
    <property name="env.TRAVIS_TEST_RESULT" value="0" />
    <property name="jsdoc.command" value="node_modules/@terraswarm/jsdoc/jsdoc.js" />
    <property name="npm.works" value="true" />
    <property name="cobertura.dir" value="/home/travis/build/icyphy/ptII/vendors/cobertura-2.0.3" />
    <property name="env.rvm_path" value="/home/travis/.rvm" />
    <property name="env.GEM_PATH" value="/home/travis/.rvm/gems/ruby-2.4.1:/home/travis/.rvm/gems/ruby-2.4.1@global" />
    <property name="env.LC_CTYPE" value="en_US.UTF-8" />
    <property name="java.awt.printerjob" value="sun.print.PSPrinterJob" />
    <property name="env.TRAVIS_CMD" value="$PTII/bin/ptIITravisBuild.sh $SECONDS" />
    <property name="env.TRAVIS_STACK_NAME" value="garnet" />
    <property name="env.TRAVIS_TIMER_START_TIME" value="1542681646148830289" />
    <property name="ant.version" value="Apache Ant(TM) version 1.10.1 compiled on February 2 2017" />
    <property name="ptII.reports" value="/home/travis/build/icyphy/ptII/reports" />
    <property name="env.TRAVIS_STACK_TIMESTAMP" value="2017-12-05 19:33:09 UTC" />
    <property name="ant.file.type.ptII" value="file" />
    <property name="env.RBENV_SHELL" value="bash" />
    <property name="os.name" value="Linux" />
    <property name="java.specification.vendor" value="Oracle Corporation" />
    <property name="env.rvm_version" value="1.29.3 (latest)" />
    <property name="env.TRAVIS_INFRA" value="gce" />
    <property name="env.TERM" value="xterm" />
    <property name="java.vm.name" value="Java HotSpot(TM) 64-Bit Server VM" />
    <property name="env.TRAVIS_BUILD_NUMBER" value="828" />
    <property name="env.CI" value="true" />
    <property name="java.library.path" value="/home/travis/pthla/certi-tools/lib:/usr/lib/jni:/usr/local/share/OpenCV/java/:/usr/share/OpenCV/java::/usr/java/packages/lib/amd64:/usr/lib64:/lib64:/lib:/usr/lib" />
    <property name="env.rvm_prefix" value="/home/travis" />
    <property name="env.PATH" value="/home/travis/pthla/certi-tools/share/scripts:/home/travis/.rvm/gems/ruby-2.4.1/bin:/home/travis/.rvm/gems/ruby-2.4.1@global/bin:/home/travis/.rvm/rubies/ruby-2.4.1/bin:/home/travis/.rvm/bin:/home/travis/.nvm/versions/node/v7.10.1/bin:./node_modules/.bin:/home/travis/build/icyphy/ptII/bin:/home/travis/pthla/certi-tools/bin:/home/travis/bin:/home/travis/.local/bin:/opt/pyenv/shims:/home/travis/.phpenv/shims:/home/travis/perl5/perlbrew/bin:/home/travis/.kiex/elixirs/elixir-1.4.5/bin:/home/travis/.kiex/bin:/home/travis/gopath/bin:/home/travis/.gimme/versions/go1.7.4.linux.amd64/bin:/usr/local/phantomjs/bin:/usr/local/phantomjs:/usr/local/neo4j-3.2.7/bin:/usr/local/maven-3.5.2/bin:/usr/local/cmake-3.9.2/bin:/usr/local/clang-5.0.0/bin:/usr/local/sbin:/usr/local/bin:/usr/sbin:/usr/bin:/sbin:/bin:/home/travis/.phpenv/bin:/opt/pyenv/bin:/home/travis/.yarn/bin" />
    <property name="env.TRAVIS_OS_NAME" value="linux" />
    <property name="ant.java.version" value="1.8" />
    <property name="basedir" value="/home/travis/build/icyphy/ptII" />
    <property name="java.class.version" value="52.0" />
    <property name="env.SHLVL" value="3" />
    <property name="env.LD_LIBRARY_PATH" value="/home/travis/pthla/certi-tools/lib:/usr/lib/jni:/usr/local/share/OpenCV/java/:/usr/share/OpenCV/java:" />
    <property name="env.RACK_ENV" value="test" />
    <property name="ant.home" value="/home/travis/build/icyphy/ptII/ant" />
    <property name="env.PERLBREW_BASHRC_VERSION" value="0.80" />
    <property name="env.NVM_DIR" value="/home/travis/.nvm" />
    <property name="env.CERTI_FOM_PATH" value="/home/travis/pthla/certi-tools/share/federations" />
    <property name="env.TRAVIS_BUILD_ID" value="457266847" />
    <property name="env.PYENV_ROOT" value="/opt/pyenv" />
    <property name="env.TRAVIS_UID" value="2000" />
    <property name="env.rvm_pretty_print_flag" value="auto" />
    <property name="env.NVM_BIN" value="/home/travis/.nvm/versions/node/v7.10.1/bin" />
    <property name="env.TRAVIS_COMMIT" value="2564f68444ee18bbeb264e9bfe5a2416699484f3" />
    <property name="env._system_arch" value="x86_64" />
    <property name="node.executable" value="node" />
    <property name="sun.boot.library.path" value="/usr/lib/jvm/java-8-oracle/jre/lib/amd64" />
    <property name="sun.management.compiler" value="HotSpot 64-Bit Tiered Compilers" />
    <property name="java.awt.graphicsenv" value="sun.awt.X11GraphicsEnvironment" />
    <property name="env.GOPATH" value="/home/travis/gopath" />
    <property name="ptolemy.ptII.dir" value="/home/travis/build/icyphy/ptII" />
    <property name="env.USER" value="travis" />
    <property name="env.HISTFILESIZE" value="2000" />
    <property name="timeout.longest" value="19000000" />
    <property name="env.TRAVIS_STACK_FEATURES" value="basic cassandra chromium couchdb disabled-ipv6 docker docker-compose elasticsearch firefox go-toolchain google-chrome jdk memcached mongodb mysql neo4j nodejs_interpreter perl_interpreter perlbrew phantomjs postgresql python_interpreter rabbitmq redis riak ruby_interpreter sqlite xserver" />
    <property name="env.TRAVIS_PULL_REQUEST" value="false" />
    <property name="env.PYENV_SHELL" value="bash" />
    <property name="ant.project.name" value="ptII" />
    <property name="java.vm.specification.version" value="1.8" />
    <property name="env.ANSI_RESET" value="\033[0m" />
    <property name="env.TRAVIS_DIST" value="trusty" />
    <property name="env.CERTI_VERSION" value="4.0.0" />
    <property name="env.NLSPATH" value="/usr/dt/lib/nls/msg/%L/%N.cat" />
    <property name="awt.toolkit" value="sun.awt.X11.XToolkit" />
    <property name="env.CERTI_HOST" value="localhost" />
    <property name="env.MY_RUBY_HOME" value="/home/travis/.rvm/rubies/ruby-2.4.1" />
    <property name="sun.cpu.isalist" value="" />
    <property name="env.TRAVIS_TMPDIR" value="/tmp/tmp.9hyJiTzggx" />
    <property name="java.ext.dirs" value="/usr/lib/jvm/java-8-oracle/jre/lib/ext:/usr/java/packages/lib/ext" />
    <property name="os.version" value="4.4.0-101-generic" />
    <property name="user.home" value="/home/travis" />
    <property name="env.MIX_ARCHIVES" value="/home/travis/.kiex/mix/elixir-1.4.5" />
    <property name="java.vm.vendor" value="Oracle Corporation" />
    <property name="env.TRAVIS_TAG" value="nightly" />
    <property name="env.ANSI_YELLOW" value="\033[33;1m" />
    <property name="env.TRAVIS_FILTERED" value="redirect_io" />
    <property name="env.ANSI_GREEN" value="\033[32;1m" />
    <property name="env.JAVA_HOME" value="/usr/lib/jvm/java-8-oracle" />
    <property name="javadoc.excludepackagenames" value="adm.cvs2svn.*,build.*,config.*,doc.coding.templates.*,jni.test.jni.meaningOfLife.*,jni.test.jni.testDeux.*,jni.test.jni.testTrois.*,org.terraswarm.accessor.accessors.web.node_modules.*,org.terraswarm.accessor.accessors.web.hosts.cordova.demo.*,org.terraswarm.accessor.accessors.web.hosts.cordova.plugins.*,org.terraswarm.accessor.accessors-svn.*,pt-modules.*,ptolemy.apps.agilent.*,ptolemy.apps.anytimecontrol.*,ptolemy.apps.apes.*,ptolemy.apps.charon.*,ptolemy.apps.crazyboard.*,ptolemy.apps.eclipse.*,ptolemy.apps.etherealSting.*,ptolemy.apps.fullscreen.*,ptolemy.apps.giotto.*,ptolemy.apps.ia.*,ptolemy.apps.interfaces.*,ptolemy.apps.jmf.*,ptolemy.apps.kurt.*,ptolemy.apps.kvm.*,ptolemy.apps.lego.*,ptolemy.apps.lejos.*,ptolemy.apps.midp.*,ptolemy.apps.mobileCoding.*,ptolemy.apps.pendulum.*,ptolemy.apps.rijndael.*,ptolemy.apps.robot.*,ptolemy.apps.security.*,ptolemy.apps.sobel.*,ptolemy.apps.soot.*,ptolemy.apps.throttle.*,ptolemy.apps.tini.*,ptolemy.apps.transmission.*,ptolemy.apps.vergil.*,ptolemy.apps.waba.*,ptolemy.apps.websensor.*,ptolemy.apps.webstart.*,ptolemy.apps.xsl.*,ptolemy.apps.zaurus.*,ptolemy.backtrack.eclipse.plugin.*,ptolemy.backtrack.test.*,ptolemy.codegen.c.actor.lib.oldJavaFiles.*,ptolemy.codegen.dsp.lib.*,ptolemy.codegen.kernel.newInterfaces.*,ptolemy.codegen.lib.*,ptolemy.copernicus.kernel.fragment.*,ptolemy.copernicus.shallow.cg.*,ptolemy.domains.giotto.demo.Hierarchy.Hierarchy.*,ptolemy.domains.giotto.demo.Multimode.Multimode.*,ptolemy.domains.giotto.demo.Simple.Simple.*,ptolemy.domains.gr.lib.experimental.*,ptolemy.domains.gro.*,ptolemy.domains.pdf.*,ptolemy.domains.ptinyos.demo.Surge.output.*,ptolemy.moml.test.NoPackageActor.java*,ptolemy.plot.adm.*,ptolemy.plot.servlet.*,reports.*,signed.*,src.*,target.*,vendors.*,ptolemy.cg.adapter.generic.program.procedural.c.mbed*,ptolemy.actor.lib.fmi.fmus.omc*,ptolemy.domains.openmodelica*,ptdb.kernel.bl.save.test.*,ptdb.kernel.bl.load.test.*,ptdb.kernel.bl.search.test.*,ptdb.kernel.bl.migration.test.*,ptdb.kernel.database.test.*,ptdb.test.*,ptdb.gui.test.*,org.ptolemy.scala.*,diva.util.java2d.svg.*,ptolemy.domains.ptinyos.*,ptolemy.actor.lib.fmi.fmipp.*,,org.terraswarm.accessor.accessors.web.node_modules.*,org.terraswarm.accessor.accessors-svn,ptolemy.apps.*,ptolemy.actor.ptalon.demo.ptinyos.SendAndReceiveCnt.output,ptolemy.actor.ptalon.demo.ptinyos.SenseToLeds.output,ptolemy.domains.ptinyos.demo.CntToLedsAndRfm.output,ptolemy.domains.ptinyos.demo.RfmToLeds.output,ptolemy.domains.ptinyos.demo.SendAndReceiveCnt.output,ptolemy.domains.ptinyos.demo.SenseToLeds.output,ptolemy.actor.lib.jjs.modules.udpSocket.*" />
    <property name="env.PTII" value="/home/travis/build/icyphy/ptII" />
    <property name="keystore" value="ptKeystore" />
    <property name="env.XDG_SESSION_ID" value="2" />
    <property name="env.TRAVIS_COMMIT_MESSAGE" value="Merge branch &apos;master&apos; of https://github.com/icyphy/ptII" />
    <property name="junit.output.dir" value="/home/travis/build/icyphy/ptII/reports/junit" />
    <property name="npm.return.code" value="0" />
    <property name="user.dir" value="/home/travis/build/icyphy/ptII/ptolemy/actor/lib/test" />
    <property name="env.XFILESEARCHPATH" value="/usr/dt/app-defaults/%L/Dt" />
    <property name="env.TRAVIS_NODE_VERSION" value="7" />
    <property name="env.MAIL" value="/var/mail/travis" />
    <property name="env.TRAVIS_EVENT_TYPE" value="cron" />
    <property name="env.PERLBREW_ROOT" value="/home/travis/perl5/perlbrew" />
    <property name="env.PWD" value="/home/travis/build/icyphy/ptII" />
    <property name="timeout.npm" value="45000" />
    <property name="env.TRAVIS_ARCH" value="amd64" />
    <property name="sun.cpu.endian" value="little" />
    <property name="env.PAGER" value="cat" />
    <property name="env.TRAVIS_BUILD_STAGE_NAME" value="Test" />
    <property name="env.PERLBREW_HOME" value="/home/travis/.perlbrew" />
    <property name="java.vm.version" value="25.151-b12" />
    <property name="env.RAILS_ENV" value="test" />
    <property name="java.class.path" value="/home/travis/.ptolemyII:/home/travis/.ptolemyII/*:/home/travis/build/icyphy/ptII:/home/travis/build/icyphy/ptII/lib/bsh-2.0b4.jar:/home/travis/build/icyphy/ptII/lib/ptCal.jar:/home/travis/build/icyphy/ptII/lib/java_cup.jar:/home/travis/build/icyphy/ptII/lib/saxon8.jar:/home/travis/build/icyphy/ptII/lib/saxon8-dom.jar:/home/travis/build/icyphy/ptII/lib/chic.jar:/home/travis/build/icyphy/ptII/lib/ptcolt.jar:/usr/lib/jvm/java-8-oracle/lib/tools.jar:/usr/lib/eclipse/plugins/org.eclipse.jdt.core_3.8.2.dist.jar:/usr/lib/eclipse/plugins/org.eclipse.core.runtime_3.8.0.dist.jar:/usr/lib/eclipse/plugins/org.eclipse.osgi_3.8.1.dist.jar:/usr/lib/eclipse/plugins/org.eclipse.core.resources_3.8.1.dist.jar:/usr/lib/eclipse/plugins/org.eclipse.equinox.common_3.6.100.dist.jar:/usr/lib/eclipse/plugins/org.eclipse.core.jobs_3.5.200.dist.jar:/usr/lib/eclipse/plugins/org.eclipse.core.contenttype_3.4.200.dist.jar:/usr/lib/eclipse/plugins/org.eclipse.equinox.preferences_3.5.0.dist.jar:/usr/lib/eclipse/plugins/org.eclipse.text_3.5.200.dist.jar:/usr/lib/eclipse/plugins/org.eclipse.ui.workbench_3.8.1.dist.jar:/usr/lib/eclipse/plugins/org.eclipse.jface_3.8.0.dist.jar:/usr/lib/eclipse/plugins/org.eclipse.swt_3.8.2.jar:/usr/lib/eclipse/plugins/org.eclipse.jface.text_3.8.1.dist.jar:/usr/lib/eclipse/plugins/org.eclipse.ui.workbench.texteditor_3.8.0.dist.jar:/usr/lib/eclipse/plugins/org.eclipse.ui.editors_3.8.0.dist.jar:/usr/lib/eclipse/plugins/org.eclipse.core.commands_3.6.1.dist.jar:/usr/lib/eclipse/plugins/org.eclipse.equinox.registry_3.5.200.dist.jar:/usr/lib/eclipse/plugins/org.eclipse.ui.console_3.5.100.dist.jar:/usr/lib/eclipse/plugins/org.eclipse.ui.forms_3.5.200.dist.jar:/usr/lib/eclipse/plugins/org.eclipse.ui.ide_3.8.1.dist.jar:/home/travis/build/icyphy/ptII/vendors/oracle/dbxml.jar:/home/travis/build/icyphy/ptII/vendors/oracle/db.jar:/home/travis/build/icyphy/ptII/vendors/misc/itext/iText.jar:/home/travis/build/icyphy/ptII/lib/g4ltl.jar:/home/travis/build/icyphy/ptII/lib/StructuralCoder.jar:/home/travis/build/icyphy/ptII/lib/org-openide-util.jar:/home/travis/build/icyphy/ptII/lib/org-openide-util-lookup.jar:/home/travis/build/icyphy/ptII/lib/org-netbeans-api-visual.jar:/home/travis/build/icyphy/ptII/vendors/jai-1_1_2_01/lib/jai_core.jar:/home/travis/build/icyphy/ptII/vendors/jai-1_1_2_01/lib/jai_codec.jar:/home/travis/build/icyphy/ptII/lib/jcerti.jar:/home/travis/build/icyphy/ptII/lib/smack.jar:/home/travis/build/icyphy/ptII/lib/smackx.jar:/home/travis/build/icyphy/ptII/lib/jetty-all-8.1.5-v20120716.jar:/home/travis/build/icyphy/ptII/lib/javax.servlet-api-3.0.1.jar:/home/travis/build/icyphy/ptII/lib/javax.mail.jar:/home/travis/build/icyphy/ptII/vendors/JMF-2.1.1e/lib/jmf.jar:/home/travis/build/icyphy/ptII/lib/jna-4.0.0-variadic.jar:/home/travis/build/icyphy/ptII/vendors/misc/joystick/Joystick.jar:/home/travis/build/icyphy/ptII/lib/ptjacl.jar:/home/travis/build/icyphy/ptII/lib/jsoup-1.8.2.jar:/home/travis/build/icyphy/ptII/lib/junit-4.8.2.jar:/home/travis/build/icyphy/ptII/lib/JUnitParams-0.4.0.jar:/home/travis/build/icyphy/ptII/ptolemy/actor/lib/excel/jxl.jar:/home/travis/build/icyphy/ptII/lib/jython.jar:/home/travis/build/icyphy/ptII/lib/kieler.jar:/home/travis/build/icyphy/ptII/vendors/opencv/share/OpenCV/java/opencv-341.jar:/home/travis/build/icyphy/ptII/lib/oscP5.jar:/home/travis/build/icyphy/ptII/lib/nrjavaserial-3.11.0.devel.jar:/home/travis/build/icyphy/ptII/vendors/j3d/lib/j3dcore.jar:/home/travis/build/icyphy/ptII/vendors/j3d/lib/j3dutils.jar:/home/travis/build/icyphy/ptII/vendors/j3d/lib/vecmath.jar:/home/travis/build/icyphy/ptII/ptolemy/distributed/jini/jar/jini-core.jar:/home/travis/build/icyphy/ptII/ptolemy/distributed/jini/jar/jini-ext.jar:/home/travis/build/icyphy/ptII/ptolemy/distributed/jini/jar/sun-util.jar:/home/travis/build/icyphy/ptII/lib/protobuf-java-2.4.1.jar:/home/travis/build/icyphy/ptII/lib/org.eclipse.paho.client.mqttv3.jar:/home/travis/build/icyphy/ptII/ptserver/lib/hessian-4.0.7.jar:/home/travis/build/icyphy/ptII/ptserver/lib/wmqtt.jar:/home/travis/build/icyphy/ptII/lib/mapss.jar:/home/travis/build/icyphy/ptII/ptolemy/actor/ptalon/antlr/antlr.jar:/home/travis/build/icyphy/ptII/lib/JRI.jar:/home/travis/build/icyphy/ptII/lib/commons-lang-2.6.jar:/home/travis/build/icyphy/ptII/lib/commons-logging-1.1.1.jar:/home/travis/build/icyphy/ptII/lib/sootclasses.jar:/home/travis/build/icyphy/ptII/ptolemy/actor/lib/database/mysql-connector-java-5.1.6-bin.jar:/home/travis/build/icyphy/ptII/vendors/misc/sphinx4/sphinx4-data-5prealpha.jar:/home/travis/build/icyphy/ptII/vendors/misc/sphinx4/sphinx4-core-5prealpha.jar:/home/travis/build/icyphy/ptII/lib/PDFRenderer.jar:/home/travis/build/icyphy/ptII/lib/svgSalamander.jar:/home/travis/build/icyphy/ptII/lib/rsyntaxtextarea-2.6.0-SNAPSHOT.jar:/home/travis/build/icyphy/ptII/lib/hazelcast-3.8.2.jar:/home/travis/build/icyphy/ptII/lib/jackson-annotations-2.9.0.jar:/home/travis/build/icyphy/ptII/lib/jackson-core-2.9.3.jar:/home/travis/build/icyphy/ptII/lib/jackson-databind-2.9.3.jar:/home/travis/build/icyphy/ptII/lib/netty-buffer-4.1.19.Final.jar:/home/travis/build/icyphy/ptII/lib/netty-codec-4.1.19.Final.jar:/home/travis/build/icyphy/ptII/lib/netty-codec-dns-4.1.19.Final.jar:/home/travis/build/icyphy/ptII/lib/netty-codec-http-4.1.19.Final.jar:/home/travis/build/icyphy/ptII/lib/netty-codec-http2-4.1.19.Final.jar:/home/travis/build/icyphy/ptII/lib/netty-common-4.1.19.Final.jar:/home/travis/build/icyphy/ptII/lib/netty-handler-4.1.19.Final.jar:/home/travis/build/icyphy/ptII/lib/netty-resolver-4.1.19.Final.jar:/home/travis/build/icyphy/ptII/lib/netty-resolver-dns-4.1.19.Final.jar:/home/travis/build/icyphy/ptII/lib/netty-transport-4.1.19.Final.jar:/home/travis/build/icyphy/ptII/lib/vertx-codegen-3.5.1.jar:/home/travis/build/icyphy/ptII/lib/vertx-core-3.5.2-SNAPSHOT.jar:/home/travis/build/icyphy/ptII/lib/vertx-hazelcast-3.5.1.jar:/home/travis/build/icyphy/ptII/lib/vertx-lang-js-3.5.1.jar:/home/travis/build/icyphy/ptII/lib/vertx-service-proxy-3.5.1.jar:/home/travis/build/icyphy/ptII/lib/vertx-web-3.5.1.jar:/home/travis/build/icyphy/ptII/lib/slf4j-api-1.7.13.jar:/home/travis/build/icyphy/ptII/lib/slf4j-simple-1.7.13.jar:/home/travis/build/icyphy/ptII/lib/webcam-capture-0.3.12.jar:/home/travis/build/icyphy/ptII/lib/bridj-0.7.0.jar:/home/travis/build/icyphy/ptII/lib/xbjlib-1.1.0.nrjavaserial.jar:/home/travis/build/icyphy/ptII/ptolemy/moml/test:/home/travis/build/icyphy/ptII/ant/lib/ant-launcher.jar:/home/travis/build/icyphy/ptII/ant/lib/ant.jar:/home/travis/build/icyphy/ptII/ant/lib/ant-junit.jar:/home/travis/build/icyphy/ptII/ant/lib/ant-junit4.jar" />
    <property name="ant.library.dir" value="/home/travis/build/icyphy/ptII/ant/lib" />
    <property name="os.arch" value="amd64" />
    <property name="env.TRAVIS_LANGUAGE" value="node_js" />
    <property name="env.CONTINUOUS_INTEGRATION" value="true" />
    <property name="env.TRAVIS_STACK_LANGUAGES" value="__garnet__ c c++ clojure cplusplus cpp default go groovy java node_js php pure_java python ruby scala" />
    <property name="test.name" value="ptolemy.actor.lib.test.junit.JUnitTclTest" />
    <property name="sun.java.launcher" value="SUN_STANDARD" />
    <property name="env.PYTHON_CONFIGURE_OPTS" value="--enable-unicode=ucs4 --with-wide-unicode --enable-shared --enable-ipv6 --enable-loadable-sqlite-extensions --with-computed-gotos" />
    <property name="ant.core.lib" value="/home/travis/build/icyphy/ptII/ant/lib/ant.jar" />
    <property name="java.vm.specification.vendor" value="Oracle Corporation" />
    <property name="env.BCVTB_HOME" value="/home/travis/build/icyphy/ptII/lbnl" />
    <property name="file.separator" value="/" />
    <property name="spotbugs.home" value="/home/travis/build/icyphy/ptII/vendors/spotbugs-3.1.1" />
    <property name="java.runtime.version" value="1.8.0_151-b12" />
    <property name="sun.boot.class.path" value="/usr/lib/jvm/java-8-oracle/jre/lib/resources.jar:/usr/lib/jvm/java-8-oracle/jre/lib/rt.jar:/usr/lib/jvm/java-8-oracle/jre/lib/sunrsasign.jar:/usr/lib/jvm/java-8-oracle/jre/lib/jsse.jar:/usr/lib/jvm/java-8-oracle/jre/lib/jce.jar:/usr/lib/jvm/java-8-oracle/jre/lib/charsets.jar:/usr/lib/jvm/java-8-oracle/jre/lib/jfr.jar:/usr/lib/jvm/java-8-oracle/jre/classes" />
    <property name="env.ANSI_CLEAR" value="\033[0K" />
    <property name="env.HAS_JOSH_K_SEAL_OF_APPROVAL" value="true" />
    <property name="env.XDG_RUNTIME_DIR" value="/run/user/2000" />
    <property name="env.TRAVIS_OSX_IMAGE" value="" />
    <property name="env.TRAVIS_JOB_ID" value="457266859" />
    <property name="env.TRAVIS_BRANCH" value="master" />
    <property name="user.country" value="US" />
    <property name="env.CERTI_HOME_TRAVIS" value="/home/travis/pthla/certi-tools" />
    <property name="env.SHELL" value="/bin/bash" />
    <property name="java.maxmemory.large" value="5000m" />
    <property name="model" value="" />
    <property name="env.CASHER_DIR" value="/home/travis/.casher" />
    <property name="env.NVM_CD_FLAGS" value="" />
    <property name="jshint.executable" value="/home/travis/node_modules/jshint/bin/jshint" />
    <property name="java.vendor" value="Oracle Corporation" />
    <property name="env.JRUBY_OPTS" value=" --client -J-XX:+TieredCompilation -J-XX:TieredStopAtLevel=1 -J-Xss2m -Xcompile.invokedynamic=false" />
    <property name="env.TRAVIS_PRE_CHEF_BOOTSTRAP_TIME" value="2017-12-05T19:32:55" />
    <property name="env.TRAVIS_STACK_JOB_BOARD_REGISTER" value="/.job-board-register.yml" />
    <property name="env.ELIXIR_VERSION" value="1.4.5" />
    <property name="env.ANSI_RED" value="\033[31;1m" />
    <property name="java.specification.version" value="1.8" />
    <property name="env.TRAVIS" value="true" />
    <property name="env.IRBRC" value="/home/travis/.rvm/rubies/ruby-2.4.1/.irbrc" />
    <property name="sun.arch.data.model" value="64" />
  </properties>
  <testcase classname="ptolemy.util.test.junit.TclTests" name="[0] /home/travis/build/icyphy/ptII/ptolemy/actor/lib/test/AbsoluteValue.tcl (RunTclFile)" time="0.481" />
  <testcase classname="ptolemy.util.test.junit.TclTests" name="[1] /home/travis/build/icyphy/ptII/ptolemy/actor/lib/test/AddSubtract.tcl (RunTclFile)" time="0.071" />
  <testcase classname="ptolemy.util.test.junit.TclTests" name="[2] /home/travis/build/icyphy/ptII/ptolemy/actor/lib/test/Average.tcl (RunTclFile)" time="0.044" />
  <testcase classname="ptolemy.util.test.junit.TclTests" name="[3] /home/travis/build/icyphy/ptII/ptolemy/actor/lib/test/Bernoulli.tcl (RunTclFile)" time="0.031" />
  <testcase classname="ptolemy.util.test.junit.TclTests" name="[4] /home/travis/build/icyphy/ptII/ptolemy/actor/lib/test/Clock.tcl (RunTclFile)" time="0.066" />
  <testcase classname="ptolemy.util.test.junit.TclTests" name="[5] /home/travis/build/icyphy/ptII/ptolemy/actor/lib/test/Commutator.tcl (RunTclFile)" time="0.112" />
  <testcase classname="ptolemy.util.test.junit.TclTests" name="[6] /home/travis/build/icyphy/ptII/ptolemy/actor/lib/test/Const.tcl (RunTclFile)" time="0.142" />
  <testcase classname="ptolemy.util.test.junit.TclTests" name="[7] /home/travis/build/icyphy/ptII/ptolemy/actor/lib/test/CurrentTime.tcl (RunTclFile)" time="0.017" />
  <testcase classname="ptolemy.util.test.junit.TclTests" name="[8] /home/travis/build/icyphy/ptII/ptolemy/actor/lib/test/DB.tcl (RunTclFile)" time="0.017" />
  <testcase classname="ptolemy.util.test.junit.TclTests" name="[9] /home/travis/build/icyphy/ptII/ptolemy/actor/lib/test/DiscreteRandomSource.tcl (RunTclFile)" time="0.024" />
  <testcase classname="ptolemy.util.test.junit.TclTests" name="[10] /home/travis/build/icyphy/ptII/ptolemy/actor/lib/test/Distributor.tcl (RunTclFile)" time="0.067" />
  <testcase classname="ptolemy.util.test.junit.TclTests" name="[11] /home/travis/build/icyphy/ptII/ptolemy/actor/lib/test/Exit.tcl (RunTclFile)" time="0.057" />
  <testcase classname="ptolemy.util.test.junit.TclTests" name="[12] /home/travis/build/icyphy/ptII/ptolemy/actor/lib/test/Expression.tcl (RunTclFile)" time="0.072" />
  <testcase classname="ptolemy.util.test.junit.TclTests" name="[13] /home/travis/build/icyphy/ptII/ptolemy/actor/lib/test/Gaussian.tcl (RunTclFile)" time="0.226" />
  <testcase classname="ptolemy.util.test.junit.TclTests" name="[14] /home/travis/build/icyphy/ptII/ptolemy/actor/lib/test/IIR.tcl (RunTclFile)" time="0.027" />
  <testcase classname="ptolemy.util.test.junit.TclTests" name="[15] /home/travis/build/icyphy/ptII/ptolemy/actor/lib/test/Interpolator.tcl (RunTclFile)" time="0.048" />
  <testcase classname="ptolemy.util.test.junit.TclTests" name="[16] /home/travis/build/icyphy/ptII/ptolemy/actor/lib/test/MathFunction.tcl (RunTclFile)" time="0.077" />
  <testcase classname="ptolemy.util.test.junit.TclTests" name="[17] /home/travis/build/icyphy/ptII/ptolemy/actor/lib/test/Maximum.tcl (RunTclFile)" time="0.04" />
  <testcase classname="ptolemy.util.test.junit.TclTests" name="[18] /home/travis/build/icyphy/ptII/ptolemy/actor/lib/test/Minimum.tcl (RunTclFile)" time="0.024" />
  <testcase classname="ptolemy.util.test.junit.TclTests" name="[19] /home/travis/build/icyphy/ptII/ptolemy/actor/lib/test/MultiplyDivide.tcl (RunTclFile)" time="0.032" />
  <testcase classname="ptolemy.util.test.junit.TclTests" name="[20] /home/travis/build/icyphy/ptII/ptolemy/actor/lib/test/OrderedMerge.tcl (RunTclFile)" time="0.098" />
  <testcase classname="ptolemy.util.test.junit.TclTests" name="[21] /home/travis/build/icyphy/ptII/ptolemy/actor/lib/test/Publisher.tcl (RunTclFile)" time="0.669" />
  <testcase classname="ptolemy.util.test.junit.TclTests" name="[22] /home/travis/build/icyphy/ptII/ptolemy/actor/lib/test/Pulse.tcl (RunTclFile)" time="0.06" />
  <testcase classname="ptolemy.util.test.junit.TclTests" name="[23] /home/travis/build/icyphy/ptII/ptolemy/actor/lib/test/Ramp.tcl (RunTclFile)" time="1.819" />
  <testcase classname="ptolemy.util.test.junit.TclTests" name="[24] /home/travis/build/icyphy/ptII/ptolemy/actor/lib/test/RampContinuous.tcl (RunTclFile)" time="0.017" />
  <testcase classname="ptolemy.util.test.junit.TclTests" name="[25] /home/travis/build/icyphy/ptII/ptolemy/actor/lib/test/RecordAssembler.tcl (RunTclFile)" time="0.013" />
  <testcase classname="ptolemy.util.test.junit.TclTests" name="[26] /home/travis/build/icyphy/ptII/ptolemy/actor/lib/test/RecordDisassembler.tcl (RunTclFile)" time="0.02" />
  <testcase classname="ptolemy.util.test.junit.TclTests" name="[27] /home/travis/build/icyphy/ptII/ptolemy/actor/lib/test/Scale.tcl (RunTclFile)" time="0.028" />
  <testcase classname="ptolemy.util.test.junit.TclTests" name="[28] /home/travis/build/icyphy/ptII/ptolemy/actor/lib/test/SequentialClock.tcl (RunTclFile)" time="0.014" />
  <testcase classname="ptolemy.util.test.junit.TclTests" name="[29] /home/travis/build/icyphy/ptII/ptolemy/actor/lib/test/SetVariable.tcl (RunTclFile)" time="0.021" />
  <testcase classname="ptolemy.util.test.junit.TclTests" name="[30] /home/travis/build/icyphy/ptII/ptolemy/actor/lib/test/Sinewave.tcl (RunTclFile)" time="0.051" />
  <testcase classname="ptolemy.util.test.junit.TclTests" name="[31] /home/travis/build/icyphy/ptII/ptolemy/actor/lib/test/SubscriptionAggregator.tcl (RunTclFile)" time="1.796" />
  <testcase classname="ptolemy.util.test.junit.TclTests" name="[32] /home/travis/build/icyphy/ptII/ptolemy/actor/lib/test/Test.tcl (RunTclFile)" time="0.098" />
  <testcase classname="ptolemy.util.test.junit.TclTests" name="[33] /home/travis/build/icyphy/ptII/ptolemy/actor/lib/test/TestExceptionHandler.tcl (RunTclFile)" time="0.011" />
  <testcase classname="ptolemy.util.test.junit.TclTests" name="[34] /home/travis/build/icyphy/ptII/ptolemy/actor/lib/test/UnionDisassembler.tcl (RunTclFile)" time="0.053" />
  <testcase classname="ptolemy.util.test.junit.TclTests" name="[35] /home/travis/build/icyphy/ptII/ptolemy/actor/lib/test/VariableClock.tcl (RunTclFile)" time="0.03" />
  <testcase classname="ptolemy.util.test.junit.AutoKnownFailedTests" name="[0] /home/travis/build/icyphy/ptII/ptolemy/actor/lib/test/auto/knownFailedTests/PublisherPortToplevelSubscriber.xml (RunModel)" time="0.023" />
  <testcase classname="ptolemy.util.test.junit.AutoKnownFailedTests" name="[1] /home/travis/build/icyphy/ptII/ptolemy/actor/lib/test/auto/knownFailedTests/PublisherSubscriberPortToplevel.xml (RunModel)" time="0.021" />
  <testcase classname="ptolemy.util.test.junit.AutoKnownFailedTests" name="[2] /home/travis/build/icyphy/ptII/ptolemy/actor/lib/test/auto/knownFailedTests/PublisherSubscriptionAggregatorPort.xml (RunModel)" time="0.02" />
  <testcase classname="ptolemy.util.test.junit.AutoKnownFailedTests" name="[3] /home/travis/build/icyphy/ptII/ptolemy/actor/lib/test/auto/knownFailedTests/sizedarray3.xml (RunModel)" time="0.024" />
  <testcase classname="ptolemy.util.test.junit.AutoNameArchTests" name="[0] ThereAreNoAutoArchTests (RunModel)" time="0.001" />
  <testcase classname="ptolemy.util.test.junit.AutoTests" name="[0] /home/travis/build/icyphy/ptII/ptolemy/actor/lib/test/auto/AbsoluteValue.xml (RunModel)" time="0.095" />
  <testcase classname="ptolemy.util.test.junit.AutoTests" name="[1] /home/travis/build/icyphy/ptII/ptolemy/actor/lib/test/auto/AbsoluteValue2.xml (RunModel)" time="0.084" />
  <testcase classname="ptolemy.util.test.junit.AutoTests" name="[2] /home/travis/build/icyphy/ptII/ptolemy/actor/lib/test/auto/Accumulator.xml (RunModel)" time="0.063" />
  <testcase classname="ptolemy.util.test.junit.AutoTests" name="[3] /home/travis/build/icyphy/ptII/ptolemy/actor/lib/test/auto/Accumulator2.xml (RunModel)" time="0.027" />
  <testcase classname="ptolemy.util.test.junit.AutoTests" name="[4] /home/travis/build/icyphy/ptII/ptolemy/actor/lib/test/auto/Accumulator3.xml (RunModel)" time="0.022" />
  <testcase classname="ptolemy.util.test.junit.AutoTests" name="[5] /home/travis/build/icyphy/ptII/ptolemy/actor/lib/test/auto/ArrayAppend.xml (RunModel)" time="0.041" />
  <testcase classname="ptolemy.util.test.junit.AutoTests" name="[6] /home/travis/build/icyphy/ptII/ptolemy/actor/lib/test/auto/ArrayAppend2.xml (RunModel)" time="0.425" />
  <testcase classname="ptolemy.util.test.junit.AutoTests" name="[7] /home/travis/build/icyphy/ptII/ptolemy/actor/lib/test/auto/ArrayAppend3.xml (RunModel)" time="0.099" />
  <testcase classname="ptolemy.util.test.junit.AutoTests" name="[8] /home/travis/build/icyphy/ptII/ptolemy/actor/lib/test/auto/ArrayAppend4.xml (RunModel)" time="0.019" />
  <testcase classname="ptolemy.util.test.junit.AutoTests" name="[9] /home/travis/build/icyphy/ptII/ptolemy/actor/lib/test/auto/ArrayAppend5.xml (RunModel)" time="0.043" />
  <testcase classname="ptolemy.util.test.junit.AutoTests" name="[10] /home/travis/build/icyphy/ptII/ptolemy/actor/lib/test/auto/ArrayAppend6.xml (RunModel)" time="0.024" />
  <testcase classname="ptolemy.util.test.junit.AutoTests" name="[11] /home/travis/build/icyphy/ptII/ptolemy/actor/lib/test/auto/ArrayAppendPerformanceTest.xml (RunModel)" time="0.049" />
  <testcase classname="ptolemy.util.test.junit.AutoTests" name="[12] /home/travis/build/icyphy/ptII/ptolemy/actor/lib/test/auto/ArrayAppendWithEmptyInput.xml (RunModel)" time="0.041" />
  <testcase classname="ptolemy.util.test.junit.AutoTests" name="[13] /home/travis/build/icyphy/ptII/ptolemy/actor/lib/test/auto/ArrayAverage.xml (RunModel)" time="0.045" />
  <testcase classname="ptolemy.util.test.junit.AutoTests" name="[14] /home/travis/build/icyphy/ptII/ptolemy/actor/lib/test/auto/ArrayContains.xml (RunModel)" time="0.046" />
  <testcase classname="ptolemy.util.test.junit.AutoTests" name="[15] /home/travis/build/icyphy/ptII/ptolemy/actor/lib/test/auto/ArrayElement.xml (RunModel)" time="0.021" />
  <testcase classname="ptolemy.util.test.junit.AutoTests" name="[16] /home/travis/build/icyphy/ptII/ptolemy/actor/lib/test/auto/ArrayElementAsMatrix.xml (RunModel)" time="0.058" />
  <testcase classname="ptolemy.util.test.junit.AutoTests" name="[17] /home/travis/build/icyphy/ptII/ptolemy/actor/lib/test/auto/ArrayElementI.xml (RunModel)" time="0.02" />
  <testcase classname="ptolemy.util.test.junit.AutoTests" name="[18] /home/travis/build/icyphy/ptII/ptolemy/actor/lib/test/auto/ArrayExtract.xml (RunModel)" time="0.028" />
  <testcase classname="ptolemy.util.test.junit.AutoTests" name="[19] /home/travis/build/icyphy/ptII/ptolemy/actor/lib/test/auto/ArrayExtract2.xml (RunModel)" time="0.018" />
  <testcase classname="ptolemy.util.test.junit.AutoTests" name="[20] /home/travis/build/icyphy/ptII/ptolemy/actor/lib/test/auto/ArrayLength.xml (RunModel)" time="0.012" />
  <testcase classname="ptolemy.util.test.junit.AutoTests" name="[21] /home/travis/build/icyphy/ptII/ptolemy/actor/lib/test/auto/ArrayLevelCrossing.xml (RunModel)" time="0.031" />
  <testcase classname="ptolemy.util.test.junit.AutoTests" name="[22] /home/travis/build/icyphy/ptII/ptolemy/actor/lib/test/auto/ArrayLevelCrossing2.xml (RunModel)" time="0.035" />
  <testcase classname="ptolemy.util.test.junit.AutoTests" name="[23] /home/travis/build/icyphy/ptII/ptolemy/actor/lib/test/auto/ArrayPeakSearch.xml (RunModel)" time="0.051" />
  <testcase classname="ptolemy.util.test.junit.AutoTests" name="[24] /home/travis/build/icyphy/ptII/ptolemy/actor/lib/test/auto/ArrayPeakSearch2.xml (RunModel)" time="0.041" />
  <testcase classname="ptolemy.util.test.junit.AutoTests" name="[25] /home/travis/build/icyphy/ptII/ptolemy/actor/lib/test/auto/ArrayPeakSearch3.xml (RunModel)" time="0.036" />
  <testcase classname="ptolemy.util.test.junit.AutoTests" name="[26] /home/travis/build/icyphy/ptII/ptolemy/actor/lib/test/auto/ArrayRemoveElement.xml (RunModel)" time="0.034" />
  <testcase classname="ptolemy.util.test.junit.AutoTests" name="[27] /home/travis/build/icyphy/ptII/ptolemy/actor/lib/test/auto/ArraySort.xml (RunModel)" time="0.03" />
  <testcase classname="ptolemy.util.test.junit.AutoTests" name="[28] /home/travis/build/icyphy/ptII/ptolemy/actor/lib/test/auto/ArraySum.xml (RunModel)" time="0.019" />
  <testcase classname="ptolemy.util.test.junit.AutoTests" name="[29] /home/travis/build/icyphy/ptII/ptolemy/actor/lib/test/auto/ArrayToElements.xml (RunModel)" time="0.019" />
  <testcase classname="ptolemy.util.test.junit.AutoTests" name="[30] /home/travis/build/icyphy/ptII/ptolemy/actor/lib/test/auto/ArrayToMatrix.xml (RunModel)" time="0.058" />
  <testcase classname="ptolemy.util.test.junit.AutoTests" name="[31] /home/travis/build/icyphy/ptII/ptolemy/actor/lib/test/auto/ArrayUpdate1.xml (RunModel)" time="0.014" />
  <testcase classname="ptolemy.util.test.junit.AutoTests" name="[32] /home/travis/build/icyphy/ptII/ptolemy/actor/lib/test/auto/ArrayUpdate2.xml (RunModel)" time="0.038" />
  <testcase classname="ptolemy.util.test.junit.AutoTests" name="[33] /home/travis/build/icyphy/ptII/ptolemy/actor/lib/test/auto/ArrayUpdate3.xml (RunModel)" time="0.023" />
  <testcase classname="ptolemy.util.test.junit.AutoTests" name="[34] /home/travis/build/icyphy/ptII/ptolemy/actor/lib/test/auto/Assert1.xml (RunModel)" time="0.023" />
  <testcase classname="ptolemy.util.test.junit.AutoTests" name="[35] /home/travis/build/icyphy/ptII/ptolemy/actor/lib/test/auto/Assert2.xml (RunModel)" time="0.019" />
  <testcase classname="ptolemy.util.test.junit.AutoTests" name="[36] /home/travis/build/icyphy/ptII/ptolemy/actor/lib/test/auto/BooleanMultiplexor.xml (RunModel)" time="0.014" />
  <testcase classname="ptolemy.util.test.junit.AutoTests" name="[37] /home/travis/build/icyphy/ptII/ptolemy/actor/lib/test/auto/BooleanMultiplexor2.xml (RunModel)" time="0.014" />
  <testcase classname="ptolemy.util.test.junit.AutoTests" name="[38] /home/travis/build/icyphy/ptII/ptolemy/actor/lib/test/auto/BooleanMultiplexor3.xml (RunModel)" time="0.015" />
  <testcase classname="ptolemy.util.test.junit.AutoTests" name="[39] /home/travis/build/icyphy/ptII/ptolemy/actor/lib/test/auto/BooleanSelect.xml (RunModel)" time="0.028" />
  <testcase classname="ptolemy.util.test.junit.AutoTests" name="[40] /home/travis/build/icyphy/ptII/ptolemy/actor/lib/test/auto/BooleanSelect2.xml (RunModel)" time="0.013" />
  <testcase classname="ptolemy.util.test.junit.AutoTests" name="[41] /home/travis/build/icyphy/ptII/ptolemy/actor/lib/test/auto/BooleanSwitch.xml (RunModel)" time="0.018" />
  <testcase classname="ptolemy.util.test.junit.AutoTests" name="[42] /home/travis/build/icyphy/ptII/ptolemy/actor/lib/test/auto/BooleanSwitch2.xml (RunModel)" time="0.013" />
  <testcase classname="ptolemy.util.test.junit.AutoTests" name="[43] /home/travis/build/icyphy/ptII/ptolemy/actor/lib/test/auto/BooleanSwitchCloningBugWithClassRelationGroup.xml (RunModel)" time="0.029" />
  <testcase classname="ptolemy.util.test.junit.AutoTests" name="[44] /home/travis/build/icyphy/ptII/ptolemy/actor/lib/test/auto/BusActors.xml (RunModel)" time="0.024" />
  <testcase classname="ptolemy.util.test.junit.AutoTests" name="[45] /home/travis/build/icyphy/ptII/ptolemy/actor/lib/test/auto/ClassWrapper.xml (RunModel)" time="0.009" />
  <testcase classname="ptolemy.util.test.junit.AutoTests" name="[46] /home/travis/build/icyphy/ptII/ptolemy/actor/lib/test/auto/Clock.xml (RunModel)" time="0.01" />
  <testcase classname="ptolemy.util.test.junit.AutoTests" name="[47] /home/travis/build/icyphy/ptII/ptolemy/actor/lib/test/auto/Clock10.xml (RunModel)" time="0.031" />
  <testcase classname="ptolemy.util.test.junit.AutoTests" name="[48] /home/travis/build/icyphy/ptII/ptolemy/actor/lib/test/auto/Clock11.xml (RunModel)" time="0.024" />
  <testcase classname="ptolemy.util.test.junit.AutoTests" name="[49] /home/travis/build/icyphy/ptII/ptolemy/actor/lib/test/auto/Clock12.xml (RunModel)" time="0.071" />
  <testcase classname="ptolemy.util.test.junit.AutoTests" name="[50] /home/travis/build/icyphy/ptII/ptolemy/actor/lib/test/auto/Clock13.xml (RunModel)" time="0.016" />
  <testcase classname="ptolemy.util.test.junit.AutoTests" name="[51] /home/travis/build/icyphy/ptII/ptolemy/actor/lib/test/auto/Clock14.xml (RunModel)" time="0.016" />
  <testcase classname="ptolemy.util.test.junit.AutoTests" name="[52] /home/travis/build/icyphy/ptII/ptolemy/actor/lib/test/auto/Clock15.xml (RunModel)" time="0.01" />
  <testcase classname="ptolemy.util.test.junit.AutoTests" name="[53] /home/travis/build/icyphy/ptII/ptolemy/actor/lib/test/auto/Clock16.xml (RunModel)" time="0.07" />
  <testcase classname="ptolemy.util.test.junit.AutoTests" name="[54] /home/travis/build/icyphy/ptII/ptolemy/actor/lib/test/auto/Clock17.xml (RunModel)" time="0.045" />
  <testcase classname="ptolemy.util.test.junit.AutoTests" name="[55] /home/travis/build/icyphy/ptII/ptolemy/actor/lib/test/auto/Clock18.xml (RunModel)" time="0.057" />
  <testcase classname="ptolemy.util.test.junit.AutoTests" name="[56] /home/travis/build/icyphy/ptII/ptolemy/actor/lib/test/auto/Clock19.xml (RunModel)" time="0.042" />
  <testcase classname="ptolemy.util.test.junit.AutoTests" name="[57] /home/travis/build/icyphy/ptII/ptolemy/actor/lib/test/auto/Clock2.xml (RunModel)" time="0.015" />
  <testcase classname="ptolemy.util.test.junit.AutoTests" name="[58] /home/travis/build/icyphy/ptII/ptolemy/actor/lib/test/auto/Clock20.xml (RunModel)" time="0.029" />
  <testcase classname="ptolemy.util.test.junit.AutoTests" name="[59] /home/travis/build/icyphy/ptII/ptolemy/actor/lib/test/auto/Clock21.xml (RunModel)" time="0.017" />
  <testcase classname="ptolemy.util.test.junit.AutoTests" name="[60] /home/travis/build/icyphy/ptII/ptolemy/actor/lib/test/auto/Clock22.xml (RunModel)" time="0.017" />
  <testcase classname="ptolemy.util.test.junit.AutoTests" name="[61] /home/travis/build/icyphy/ptII/ptolemy/actor/lib/test/auto/Clock23.xml (RunModel)" time="0.019" />
  <testcase classname="ptolemy.util.test.junit.AutoTests" name="[62] /home/travis/build/icyphy/ptII/ptolemy/actor/lib/test/auto/Clock24.xml (RunModel)" time="0.017" />
  <testcase classname="ptolemy.util.test.junit.AutoTests" name="[63] /home/travis/build/icyphy/ptII/ptolemy/actor/lib/test/auto/Clock4.xml (RunModel)" time="0.015" />
  <testcase classname="ptolemy.util.test.junit.AutoTests" name="[64] /home/travis/build/icyphy/ptII/ptolemy/actor/lib/test/auto/Clock5.xml (RunModel)" time="0.017" />
  <testcase classname="ptolemy.util.test.junit.AutoTests" name="[65] /home/travis/build/icyphy/ptII/ptolemy/actor/lib/test/auto/Clock6.xml (RunModel)" time="0.008" />
  <testcase classname="ptolemy.util.test.junit.AutoTests" name="[66] /home/travis/build/icyphy/ptII/ptolemy/actor/lib/test/auto/Clock7.xml (RunModel)" time="0.008" />
  <testcase classname="ptolemy.util.test.junit.AutoTests" name="[67] /home/travis/build/icyphy/ptII/ptolemy/actor/lib/test/auto/Clock8.xml (RunModel)" time="0.016" />
  <testcase classname="ptolemy.util.test.junit.AutoTests" name="[68] /home/travis/build/icyphy/ptII/ptolemy/actor/lib/test/auto/Clock9.xml (RunModel)" time="0.021" />
  <testcase classname="ptolemy.util.test.junit.AutoTests" name="[69] /home/travis/build/icyphy/ptII/ptolemy/actor/lib/test/auto/CommDistDiscard.xml (RunModel)" time="0.021" />
  <testcase classname="ptolemy.util.test.junit.AutoTests" name="[70] /home/travis/build/icyphy/ptII/ptolemy/actor/lib/test/auto/Commutator.xml (RunModel)" time="0.014" />
  <testcase classname="ptolemy.util.test.junit.AutoTests" name="[71] /home/travis/build/icyphy/ptII/ptolemy/actor/lib/test/auto/Commutator2.xml (RunModel)" time="0.01" />
  <testcase classname="ptolemy.util.test.junit.AutoTests" name="[72] /home/travis/build/icyphy/ptII/ptolemy/actor/lib/test/auto/Commutator3.xml (RunModel)" time="0.018" />
  <testcase classname="ptolemy.util.test.junit.AutoTests" name="[73] /home/travis/build/icyphy/ptII/ptolemy/actor/lib/test/auto/Compare.xml (RunModel)" time="0.02" />
  <testcase classname="ptolemy.util.test.junit.AutoTests" name="[74] /home/travis/build/icyphy/ptII/ptolemy/actor/lib/test/auto/CompareDE.xml (RunModel)" time="0.016" />
  <testcase classname="ptolemy.util.test.junit.AutoTests" name="[75] /home/travis/build/icyphy/ptII/ptolemy/actor/lib/test/auto/ComplexDivide.xml (RunModel)" time="0.009" />
  <testcase classname="ptolemy.util.test.junit.AutoTests" name="[76] /home/travis/build/icyphy/ptII/ptolemy/actor/lib/test/auto/ComputeHistogram.xml (RunModel)" time="0.07" />
  <testcase classname="ptolemy.util.test.junit.AutoTests" name="[77] /home/travis/build/icyphy/ptII/ptolemy/actor/lib/test/auto/ConfigurationSelect.xml (RunModel)" time="0.017" />
  <testcase classname="ptolemy.util.test.junit.AutoTests" name="[78] /home/travis/build/icyphy/ptII/ptolemy/actor/lib/test/auto/ConfigurationSelect2.xml (RunModel)" time="0.015" />
  <testcase classname="ptolemy.util.test.junit.AutoTests" name="[79] /home/travis/build/icyphy/ptII/ptolemy/actor/lib/test/auto/ConfigurationSwitch.xml (RunModel)" time="0.021" />
  <testcase classname="ptolemy.util.test.junit.AutoTests" name="[80] /home/travis/build/icyphy/ptII/ptolemy/actor/lib/test/auto/ConfigurationSwitch2.xml (RunModel)" time="0.014" />
  <testcase classname="ptolemy.util.test.junit.AutoTests" name="[81] /home/travis/build/icyphy/ptII/ptolemy/actor/lib/test/auto/ConfigurationSwitchCloningBugWithClassRelationGroup.xml (RunModel)" time="0.02" />
  <testcase classname="ptolemy.util.test.junit.AutoTests" name="[82] /home/travis/build/icyphy/ptII/ptolemy/actor/lib/test/auto/ConfigurationSwitchSelectSDF.xml (RunModel)" time="0.018" />
  <testcase classname="ptolemy.util.test.junit.AutoTests" name="[83] /home/travis/build/icyphy/ptII/ptolemy/actor/lib/test/auto/ConfigurationSwitchSelectSDF2.xml (RunModel)" time="0.018" />
  <testcase classname="ptolemy.util.test.junit.AutoTests" name="[84] /home/travis/build/icyphy/ptII/ptolemy/actor/lib/test/auto/Const.xml (RunModel)" time="0.007" />
  <testcase classname="ptolemy.util.test.junit.AutoTests" name="[85] /home/travis/build/icyphy/ptII/ptolemy/actor/lib/test/auto/Const2.xml (RunModel)" time="0.013" />
  <testcase classname="ptolemy.util.test.junit.AutoTests" name="[86] /home/travis/build/icyphy/ptII/ptolemy/actor/lib/test/auto/Const3.xml (RunModel)" time="0.011" />
  <testcase classname="ptolemy.util.test.junit.AutoTests" name="[87] /home/travis/build/icyphy/ptII/ptolemy/actor/lib/test/auto/ConstantPublisherPort1.xml (RunModel)" time="0.025" />
  <testcase classname="ptolemy.util.test.junit.AutoTests" name="[88] /home/travis/build/icyphy/ptII/ptolemy/actor/lib/test/auto/ConstantPublisherPort2.xml (RunModel)" time="0.027" />
  <testcase classname="ptolemy.util.test.junit.AutoTests" name="[89] /home/travis/build/icyphy/ptII/ptolemy/actor/lib/test/auto/ConstantPublisherPort3.xml (RunModel)" time="0.022" />
  <testcase classname="ptolemy.util.test.junit.AutoTests" name="[90] /home/travis/build/icyphy/ptII/ptolemy/actor/lib/test/auto/ConstantPublisherPort4.xml (RunModel)" time="0.023" />
  <testcase classname="ptolemy.util.test.junit.AutoTests" name="[91] /home/travis/build/icyphy/ptII/ptolemy/actor/lib/test/auto/ConstantPublisherPort5.xml (RunModel)" time="0.053" />
  <testcase classname="ptolemy.util.test.junit.AutoTests" name="[92] /home/travis/build/icyphy/ptII/ptolemy/actor/lib/test/auto/ConstantPublisherPort6.xml (RunModel)" time="0.037" />
  <testcase classname="ptolemy.util.test.junit.AutoTests" name="[93] /home/travis/build/icyphy/ptII/ptolemy/actor/lib/test/auto/ConstantPublisherPort7.xml (RunModel)" time="0.04" />
  <testcase classname="ptolemy.util.test.junit.AutoTests" name="[94] /home/travis/build/icyphy/ptII/ptolemy/actor/lib/test/auto/ConstraintMonitor1.xml (RunModel)" time="0.036" />
  <testcase classname="ptolemy.util.test.junit.AutoTests" name="[95] /home/travis/build/icyphy/ptII/ptolemy/actor/lib/test/auto/ConstraintMonitor2.xml (RunModel)" time="0.018" />
  <testcase classname="ptolemy.util.test.junit.AutoTests" name="[96] /home/travis/build/icyphy/ptII/ptolemy/actor/lib/test/auto/ConstraintMonitor3.xml (RunModel)" time="0.024" />
  <testcase classname="ptolemy.util.test.junit.AutoTests" name="[97] /home/travis/build/icyphy/ptII/ptolemy/actor/lib/test/auto/ConstraintMonitor4.xml (RunModel)" time="0.016" />
  <testcase classname="ptolemy.util.test.junit.AutoTests" name="[98] /home/travis/build/icyphy/ptII/ptolemy/actor/lib/test/auto/ConstraintMonitor5.xml (RunModel)" time="0.016" />
  <testcase classname="ptolemy.util.test.junit.AutoTests" name="[99] /home/travis/build/icyphy/ptII/ptolemy/actor/lib/test/auto/ConstraintMonitor6.xml (RunModel)" time="0.019" />
  <testcase classname="ptolemy.util.test.junit.AutoTests" name="[100] /home/travis/build/icyphy/ptII/ptolemy/actor/lib/test/auto/ConstraintMonitor7.xml (RunModel)" time="0.017" />
  <testcase classname="ptolemy.util.test.junit.AutoTests" name="[101] /home/travis/build/icyphy/ptII/ptolemy/actor/lib/test/auto/ConstraintMonitor8.xml (RunModel)" time="0.02" />
  <testcase classname="ptolemy.util.test.junit.AutoTests" name="[102] /home/travis/build/icyphy/ptII/ptolemy/actor/lib/test/auto/Counter.xml (RunModel)" time="0.012" />
  <testcase classname="ptolemy.util.test.junit.AutoTests" name="[103] /home/travis/build/icyphy/ptII/ptolemy/actor/lib/test/auto/CurrentTimeSDF.xml (RunModel)" time="0.011" />
  <testcase classname="ptolemy.util.test.junit.AutoTests" name="[104] /home/travis/build/icyphy/ptII/ptolemy/actor/lib/test/auto/DB.xml (RunModel)" time="0.037" />
  <testcase classname="ptolemy.util.test.junit.AutoTests" name="[105] /home/travis/build/icyphy/ptII/ptolemy/actor/lib/test/auto/DBDE.xml (RunModel)" time="0.02" />
  <testcase classname="ptolemy.util.test.junit.AutoTests" name="[106] /home/travis/build/icyphy/ptII/ptolemy/actor/lib/test/auto/DateConstructor.xml (RunModel)" time="0.052" />
  <testcase classname="ptolemy.util.test.junit.AutoTests" name="[107] /home/travis/build/icyphy/ptII/ptolemy/actor/lib/test/auto/DelayTime.xml (RunModel)" time="0.016" />
  <testcase classname="ptolemy.util.test.junit.AutoTests" name="[108] /home/travis/build/icyphy/ptII/ptolemy/actor/lib/test/auto/Dictionary1.xml (RunModel)" time="0.017" />
  <testcase classname="ptolemy.util.test.junit.AutoTests" name="[109] /home/travis/build/icyphy/ptII/ptolemy/actor/lib/test/auto/Dictionary2.xml (RunModel)" time="0.014" />
  <testcase classname="ptolemy.util.test.junit.AutoTests" name="[110] /home/travis/build/icyphy/ptII/ptolemy/actor/lib/test/auto/Dictionary3.xml (RunModel)" time="0.012" />
  <testcase classname="ptolemy.util.test.junit.AutoTests" name="[111] /home/travis/build/icyphy/ptII/ptolemy/actor/lib/test/auto/Dictionary4.xml (RunModel)" time="0.023" />
  <testcase classname="ptolemy.util.test.junit.AutoTests" name="[112] /home/travis/build/icyphy/ptII/ptolemy/actor/lib/test/auto/Differential.xml (RunModel)" time="0.01" />
  <testcase classname="ptolemy.util.test.junit.AutoTests" name="[113] /home/travis/build/icyphy/ptII/ptolemy/actor/lib/test/auto/Director.xml (RunModel)" time="0.008" />
  <testcase classname="ptolemy.util.test.junit.AutoTests" name="[114] /home/travis/build/icyphy/ptII/ptolemy/actor/lib/test/auto/DiscreteClock.xml (RunModel)" time="0.007" />
  <testcase classname="ptolemy.util.test.junit.AutoTests" name="[115] /home/travis/build/icyphy/ptII/ptolemy/actor/lib/test/auto/DiscreteClock10.xml (RunModel)" time="0.016" />
  <testcase classname="ptolemy.util.test.junit.AutoTests" name="[116] /home/travis/build/icyphy/ptII/ptolemy/actor/lib/test/auto/DiscreteClock11.xml (RunModel)" time="0.019" />
  <testcase classname="ptolemy.util.test.junit.AutoTests" name="[117] /home/travis/build/icyphy/ptII/ptolemy/actor/lib/test/auto/DiscreteClock12.xml (RunModel)" time="0.012" />
  <testcase classname="ptolemy.util.test.junit.AutoTests" name="[118] /home/travis/build/icyphy/ptII/ptolemy/actor/lib/test/auto/DiscreteClock13.xml (RunModel)" time="0.017" />
  <testcase classname="ptolemy.util.test.junit.AutoTests" name="[119] /home/travis/build/icyphy/ptII/ptolemy/actor/lib/test/auto/DiscreteClock14.xml (RunModel)" time="0.017" />
  <testcase classname="ptolemy.util.test.junit.AutoTests" name="[120] /home/travis/build/icyphy/ptII/ptolemy/actor/lib/test/auto/DiscreteClock15.xml (RunModel)" time="0.015" />
  <testcase classname="ptolemy.util.test.junit.AutoTests" name="[121] /home/travis/build/icyphy/ptII/ptolemy/actor/lib/test/auto/DiscreteClock16.xml (RunModel)" time="0.044" />
  <testcase classname="ptolemy.util.test.junit.AutoTests" name="[122] /home/travis/build/icyphy/ptII/ptolemy/actor/lib/test/auto/DiscreteClock17.xml (RunModel)" time="0.037" />
  <testcase classname="ptolemy.util.test.junit.AutoTests" name="[123] /home/travis/build/icyphy/ptII/ptolemy/actor/lib/test/auto/DiscreteClock18.xml (RunModel)" time="0.037" />
  <testcase classname="ptolemy.util.test.junit.AutoTests" name="[124] /home/travis/build/icyphy/ptII/ptolemy/actor/lib/test/auto/DiscreteClock19.xml (RunModel)" time="0.048" />
  <testcase classname="ptolemy.util.test.junit.AutoTests" name="[125] /home/travis/build/icyphy/ptII/ptolemy/actor/lib/test/auto/DiscreteClock2.xml (RunModel)" time="0.011" />
  <testcase classname="ptolemy.util.test.junit.AutoTests" name="[126] /home/travis/build/icyphy/ptII/ptolemy/actor/lib/test/auto/DiscreteClock20.xml (RunModel)" time="0.015" />
  <testcase classname="ptolemy.util.test.junit.AutoTests" name="[127] /home/travis/build/icyphy/ptII/ptolemy/actor/lib/test/auto/DiscreteClock21.xml (RunModel)" time="0.015" />
  <testcase classname="ptolemy.util.test.junit.AutoTests" name="[128] /home/travis/build/icyphy/ptII/ptolemy/actor/lib/test/auto/DiscreteClock22.xml (RunModel)" time="0.014" />
  <testcase classname="ptolemy.util.test.junit.AutoTests" name="[129] /home/travis/build/icyphy/ptII/ptolemy/actor/lib/test/auto/DiscreteClock23.xml (RunModel)" time="0.014" />
  <testcase classname="ptolemy.util.test.junit.AutoTests" name="[130] /home/travis/build/icyphy/ptII/ptolemy/actor/lib/test/auto/DiscreteClock24.xml (RunModel)" time="0.016" />
  <testcase classname="ptolemy.util.test.junit.AutoTests" name="[131] /home/travis/build/icyphy/ptII/ptolemy/actor/lib/test/auto/DiscreteClock4.xml (RunModel)" time="0.012" />
  <testcase classname="ptolemy.util.test.junit.AutoTests" name="[132] /home/travis/build/icyphy/ptII/ptolemy/actor/lib/test/auto/DiscreteClock5.xml (RunModel)" time="0.009" />
  <testcase classname="ptolemy.util.test.junit.AutoTests" name="[133] /home/travis/build/icyphy/ptII/ptolemy/actor/lib/test/auto/DiscreteClock6.xml (RunModel)" time="0.007" />
  <testcase classname="ptolemy.util.test.junit.AutoTests" name="[134] /home/travis/build/icyphy/ptII/ptolemy/actor/lib/test/auto/DiscreteClock7.xml (RunModel)" time="0.008" />
  <testcase classname="ptolemy.util.test.junit.AutoTests" name="[135] /home/travis/build/icyphy/ptII/ptolemy/actor/lib/test/auto/DiscreteClock8.xml (RunModel)" time="0.014" />
  <testcase classname="ptolemy.util.test.junit.AutoTests" name="[136] /home/travis/build/icyphy/ptII/ptolemy/actor/lib/test/auto/DiscreteClock9.xml (RunModel)" time="0.016" />
  <testcase classname="ptolemy.util.test.junit.AutoTests" name="[137] /home/travis/build/icyphy/ptII/ptolemy/actor/lib/test/auto/DisplayArray.xml (RunModel)" time="0.01" />
  <testcase classname="ptolemy.util.test.junit.AutoTests" name="[138] /home/travis/build/icyphy/ptII/ptolemy/actor/lib/test/auto/Distributor.xml (RunModel)" time="0.01" />
  <testcase classname="ptolemy.util.test.junit.AutoTests" name="[139] /home/travis/build/icyphy/ptII/ptolemy/actor/lib/test/auto/Distributor2.xml (RunModel)" time="0.009" />
  <testcase classname="ptolemy.util.test.junit.AutoTests" name="[140] /home/travis/build/icyphy/ptII/ptolemy/actor/lib/test/auto/DownSample.xml (RunModel)" time="0.01" />
  <testcase classname="ptolemy.util.test.junit.AutoTests" name="[141] /home/travis/build/icyphy/ptII/ptolemy/actor/lib/test/auto/ElectronicUnitBase1.xml (RunModel)" time="0.056" />
  <testcase classname="ptolemy.util.test.junit.AutoTests" name="[142] /home/travis/build/icyphy/ptII/ptolemy/actor/lib/test/auto/ElementsToArray.xml (RunModel)" time="0.015" />
  <testcase classname="ptolemy.util.test.junit.AutoTests" name="[143] /home/travis/build/icyphy/ptII/ptolemy/actor/lib/test/auto/Equals.xml (RunModel)" time="0.011" />
  <testcase classname="ptolemy.util.test.junit.AutoTests" name="[144] /home/travis/build/icyphy/ptII/ptolemy/actor/lib/test/auto/Exec.xml (RunModel)" time="0.451" />
  <testcase classname="ptolemy.util.test.junit.AutoTests" name="[145] /home/travis/build/icyphy/ptII/ptolemy/actor/lib/test/auto/ExecEnvironment.xml (RunModel)" time="0.035" />
  <testcase classname="ptolemy.util.test.junit.AutoTests" name="[146] /home/travis/build/icyphy/ptII/ptolemy/actor/lib/test/auto/ExecNonZeroReturnOutput.xml (RunModel)" time="0.141" />
  <testcase classname="ptolemy.util.test.junit.AutoTests" name="[147] /home/travis/build/icyphy/ptII/ptolemy/actor/lib/test/auto/ExecRunDemos.xml (RunModel)" time="9.544" />
  <testcase classname="ptolemy.util.test.junit.AutoTests" name="[148] /home/travis/build/icyphy/ptII/ptolemy/actor/lib/test/auto/ExecStop.xml (RunModel)" time="5.025" />
  <testcase classname="ptolemy.util.test.junit.AutoTests" name="[149] /home/travis/build/icyphy/ptII/ptolemy/actor/lib/test/auto/ExecutionTimeSDF.xml (RunModel)" time="6.034" />
  <testcase classname="ptolemy.util.test.junit.AutoTests" name="[150] /home/travis/build/icyphy/ptII/ptolemy/actor/lib/test/auto/Expression1.xml (RunModel)" time="0.009" />
  <testcase classname="ptolemy.util.test.junit.AutoTests" name="[151] /home/travis/build/icyphy/ptII/ptolemy/actor/lib/test/auto/Expression10.xml (RunModel)" time="0.018" />
  <testcase classname="ptolemy.util.test.junit.AutoTests" name="[152] /home/travis/build/icyphy/ptII/ptolemy/actor/lib/test/auto/Expression11.xml (RunModel)" time="0.018" />
  <testcase classname="ptolemy.util.test.junit.AutoTests" name="[153] /home/travis/build/icyphy/ptII/ptolemy/actor/lib/test/auto/Expression12.xml (RunModel)" time="0.013" />
  <testcase classname="ptolemy.util.test.junit.AutoTests" name="[154] /home/travis/build/icyphy/ptII/ptolemy/actor/lib/test/auto/Expression13.xml (RunModel)" time="0.014" />
  <testcase classname="ptolemy.util.test.junit.AutoTests" name="[155] /home/travis/build/icyphy/ptII/ptolemy/actor/lib/test/auto/Expression14.xml (RunModel)" time="0.018" />
  <testcase classname="ptolemy.util.test.junit.AutoTests" name="[156] /home/travis/build/icyphy/ptII/ptolemy/actor/lib/test/auto/Expression15.xml (RunModel)" time="0.028" />
  <testcase classname="ptolemy.util.test.junit.AutoTests" name="[157] /home/travis/build/icyphy/ptII/ptolemy/actor/lib/test/auto/Expression16.xml (RunModel)" time="0.022" />
  <testcase classname="ptolemy.util.test.junit.AutoTests" name="[158] /home/travis/build/icyphy/ptII/ptolemy/actor/lib/test/auto/Expression17.xml (RunModel)" time="0.013" />
  <testcase classname="ptolemy.util.test.junit.AutoTests" name="[159] /home/travis/build/icyphy/ptII/ptolemy/actor/lib/test/auto/Expression18.xml (RunModel)" time="0.016" />
  <testcase classname="ptolemy.util.test.junit.AutoTests" name="[160] /home/travis/build/icyphy/ptII/ptolemy/actor/lib/test/auto/Expression2.xml (RunModel)" time="0.016" />
  <testcase classname="ptolemy.util.test.junit.AutoTests" name="[161] /home/travis/build/icyphy/ptII/ptolemy/actor/lib/test/auto/Expression3.xml (RunModel)" time="0.013" />
  <testcase classname="ptolemy.util.test.junit.AutoTests" name="[162] /home/travis/build/icyphy/ptII/ptolemy/actor/lib/test/auto/Expression4.xml (RunModel)" time="0.022" />
  <testcase classname="ptolemy.util.test.junit.AutoTests" name="[163] /home/travis/build/icyphy/ptII/ptolemy/actor/lib/test/auto/Expression5.xml (RunModel)" time="0.016" />
  <testcase classname="ptolemy.util.test.junit.AutoTests" name="[164] /home/travis/build/icyphy/ptII/ptolemy/actor/lib/test/auto/Expression6.xml (RunModel)" time="0.012" />
  <testcase classname="ptolemy.util.test.junit.AutoTests" name="[165] /home/travis/build/icyphy/ptII/ptolemy/actor/lib/test/auto/Expression7.xml (RunModel)" time="0.015" />
  <testcase classname="ptolemy.util.test.junit.AutoTests" name="[166] /home/travis/build/icyphy/ptII/ptolemy/actor/lib/test/auto/Expression8.xml (RunModel)" time="0.018" />
  <testcase classname="ptolemy.util.test.junit.AutoTests" name="[167] /home/travis/build/icyphy/ptII/ptolemy/actor/lib/test/auto/Expression9.xml (RunModel)" time="0.013" />
  <testcase classname="ptolemy.util.test.junit.AutoTests" name="[168] /home/travis/build/icyphy/ptII/ptolemy/actor/lib/test/auto/ExpressionConcatenateArrayType.xml (RunModel)" time="0.034" />
  <testcase classname="ptolemy.util.test.junit.AutoTests" name="[169] /home/travis/build/icyphy/ptII/ptolemy/actor/lib/test/auto/ExpressionConcatenateArrayType2.xml (RunModel)" time="0.024" />
  <testcase classname="ptolemy.util.test.junit.AutoTests" name="[170] /home/travis/build/icyphy/ptII/ptolemy/actor/lib/test/auto/ExpressionFix.xml (RunModel)" time="0.048" />
  <testcase classname="ptolemy.util.test.junit.AutoTests" name="[171] /home/travis/build/icyphy/ptII/ptolemy/actor/lib/test/auto/ExpressionFix2.xml (RunModel)" time="0.014" />
  <testcase classname="ptolemy.util.test.junit.AutoTests" name="[172] /home/travis/build/icyphy/ptII/ptolemy/actor/lib/test/auto/ExpressionFix3.xml (RunModel)" time="0.017" />
  <testcase classname="ptolemy.util.test.junit.AutoTests" name="[173] /home/travis/build/icyphy/ptII/ptolemy/actor/lib/test/auto/FileWriter1.xml (RunModel)" time="0.011" />
  <testcase classname="ptolemy.util.test.junit.AutoTests" name="[174] /home/travis/build/icyphy/ptII/ptolemy/actor/lib/test/auto/FileWriter2.xml (RunModel)" time="0.016" />
  <testcase classname="ptolemy.util.test.junit.AutoTests" name="[175] /home/travis/build/icyphy/ptII/ptolemy/actor/lib/test/auto/FileWriter3.xml (RunModel)" time="0.018" />
  <testcase classname="ptolemy.util.test.junit.AutoTests" name="[176] /home/travis/build/icyphy/ptII/ptolemy/actor/lib/test/auto/Gaussian.xml (RunModel)" time="0.013" />
  <testcase classname="ptolemy.util.test.junit.AutoTests" name="[177] /home/travis/build/icyphy/ptII/ptolemy/actor/lib/test/auto/Gaussian1.xml (RunModel)" time="0.017" />
  <testcase classname="ptolemy.util.test.junit.AutoTests" name="[178] /home/travis/build/icyphy/ptII/ptolemy/actor/lib/test/auto/Gaussian2.xml (RunModel)" time="0.018" />
  <testcase classname="ptolemy.util.test.junit.AutoTests" name="[179] /home/travis/build/icyphy/ptII/ptolemy/actor/lib/test/auto/GradientAdaptiveLattice.xml (RunModel)" time="0.028" />
  <testcase classname="ptolemy.util.test.junit.AutoTests" name="[180] /home/travis/build/icyphy/ptII/ptolemy/actor/lib/test/auto/IIR.xml (RunModel)" time="0.014" />
  <testcase classname="ptolemy.util.test.junit.AutoTests" name="[181] /home/travis/build/icyphy/ptII/ptolemy/actor/lib/test/auto/InputOutputTransparentPorts.xml (RunModel)" time="0.026" />
  <testcase classname="ptolemy.util.test.junit.AutoTests" name="[182] /home/travis/build/icyphy/ptII/ptolemy/actor/lib/test/auto/Interpolator.xml (RunModel)" time="0.015" />
  <testcase classname="ptolemy.util.test.junit.AutoTests" name="[183] /home/travis/build/icyphy/ptII/ptolemy/actor/lib/test/auto/InterpolatorFiringLimitDE.xml (RunModel)" time="0.016" />
  <testcase classname="ptolemy.util.test.junit.AutoTests" name="[184] /home/travis/build/icyphy/ptII/ptolemy/actor/lib/test/auto/Lattice.xml (RunModel)" time="0.013" />
  <testcase classname="ptolemy.util.test.junit.AutoTests" name="[185] /home/travis/build/icyphy/ptII/ptolemy/actor/lib/test/auto/LazyAOCTestLazy.xml (RunModel)" time="0.036" />
  <testcase classname="ptolemy.util.test.junit.AutoTests" name="[186] /home/travis/build/icyphy/ptII/ptolemy/actor/lib/test/auto/LazyAOCTestNonLazy.xml (RunModel)" time="0.051" />
  <testcase classname="ptolemy.util.test.junit.AutoTests" name="[187] /home/travis/build/icyphy/ptII/ptolemy/actor/lib/test/auto/LazyInnerClass.xml (RunModel)" time="0.06" />
  <testcase classname="ptolemy.util.test.junit.AutoTests" name="[188] /home/travis/build/icyphy/ptII/ptolemy/actor/lib/test/auto/LazyPubSub.xml (RunModel)" time="0.075" />
  <testcase classname="ptolemy.util.test.junit.AutoTests" name="[189] /home/travis/build/icyphy/ptII/ptolemy/actor/lib/test/auto/LazyPubSub2.xml (RunModel)" time="0.034" />
  <testcase classname="ptolemy.util.test.junit.AutoTests" name="[190] /home/travis/build/icyphy/ptII/ptolemy/actor/lib/test/auto/LazyPubSub3.xml (RunModel)" time="0.034" />
  <testcase classname="ptolemy.util.test.junit.AutoTests" name="[191] /home/travis/build/icyphy/ptII/ptolemy/actor/lib/test/auto/LazySubClassModel.xml (RunModel)" time="0.023" />
  <testcase classname="ptolemy.util.test.junit.AutoTests" name="[192] /home/travis/build/icyphy/ptII/ptolemy/actor/lib/test/auto/LevelCrossTest1.xml (RunModel)" time="0.014" />
  <testcase classname="ptolemy.util.test.junit.AutoTests" name="[193] /home/travis/build/icyphy/ptII/ptolemy/actor/lib/test/auto/LevelCrossTest10.xml (RunModel)" time="0.022" />
  <testcase classname="ptolemy.util.test.junit.AutoTests" name="[194] /home/travis/build/icyphy/ptII/ptolemy/actor/lib/test/auto/LevelCrossTest11.xml (RunModel)" time="0.014" />
  <testcase classname="ptolemy.util.test.junit.AutoTests" name="[195] /home/travis/build/icyphy/ptII/ptolemy/actor/lib/test/auto/LevelCrossTest12.xml (RunModel)" time="0.023" />
  <testcase classname="ptolemy.util.test.junit.AutoTests" name="[196] /home/travis/build/icyphy/ptII/ptolemy/actor/lib/test/auto/LevelCrossTest13.xml (RunModel)" time="0.015" />
  <testcase classname="ptolemy.util.test.junit.AutoTests" name="[197] /home/travis/build/icyphy/ptII/ptolemy/actor/lib/test/auto/LevelCrossTest2.xml (RunModel)" time="0.018" />
  <testcase classname="ptolemy.util.test.junit.AutoTests" name="[198] /home/travis/build/icyphy/ptII/ptolemy/actor/lib/test/auto/LevelCrossTest3.xml (RunModel)" time="0.014" />
  <testcase classname="ptolemy.util.test.junit.AutoTests" name="[199] /home/travis/build/icyphy/ptII/ptolemy/actor/lib/test/auto/LevelCrossTest4.xml (RunModel)" time="0.01" />
  <testcase classname="ptolemy.util.test.junit.AutoTests" name="[200] /home/travis/build/icyphy/ptII/ptolemy/actor/lib/test/auto/LevelCrossTest5.xml (RunModel)" time="0.013" />
  <testcase classname="ptolemy.util.test.junit.AutoTests" name="[201] /home/travis/build/icyphy/ptII/ptolemy/actor/lib/test/auto/LevelCrossTest6.xml (RunModel)" time="0.013" />
  <testcase classname="ptolemy.util.test.junit.AutoTests" name="[202] /home/travis/build/icyphy/ptII/ptolemy/actor/lib/test/auto/LevelCrossTest7.xml (RunModel)" time="0.015" />
  <testcase classname="ptolemy.util.test.junit.AutoTests" name="[203] /home/travis/build/icyphy/ptII/ptolemy/actor/lib/test/auto/LevelCrossTest8.xml (RunModel)" time="0.013" />
  <testcase classname="ptolemy.util.test.junit.AutoTests" name="[204] /home/travis/build/icyphy/ptII/ptolemy/actor/lib/test/auto/LevelCrossTest9.xml (RunModel)" time="0.014" />
  <testcase classname="ptolemy.util.test.junit.AutoTests" name="[205] /home/travis/build/icyphy/ptII/ptolemy/actor/lib/test/auto/LevinsonDurbin.xml (RunModel)" time="0.01" />
  <testcase classname="ptolemy.util.test.junit.AutoTests" name="[206] /home/travis/build/icyphy/ptII/ptolemy/actor/lib/test/auto/LevinsonDurbin2.xml (RunModel)" time="0.009" />
  <testcase classname="ptolemy.util.test.junit.AutoTests" name="[207] /home/travis/build/icyphy/ptII/ptolemy/actor/lib/test/auto/LevinsonDurbin3.xml (RunModel)" time="0.01" />
  <testcase classname="ptolemy.util.test.junit.AutoTests" name="[208] /home/travis/build/icyphy/ptII/ptolemy/actor/lib/test/auto/Limiter.xml (RunModel)" time="0.025" />
  <testcase classname="ptolemy.util.test.junit.AutoTests" name="[209] /home/travis/build/icyphy/ptII/ptolemy/actor/lib/test/auto/LinearDifferenceEquationSystem.xml (RunModel)" time="0.022" />
  <testcase classname="ptolemy.util.test.junit.AutoTests" name="[210] /home/travis/build/icyphy/ptII/ptolemy/actor/lib/test/auto/LookupTable.xml (RunModel)" time="0.01" />
  <testcase classname="ptolemy.util.test.junit.AutoTests" name="[211] /home/travis/build/icyphy/ptII/ptolemy/actor/lib/test/auto/MathFunction.xml (RunModel)" time="0.021" />
  <testcase classname="ptolemy.util.test.junit.AutoTests" name="[212] /home/travis/build/icyphy/ptII/ptolemy/actor/lib/test/auto/MathFunction2.xml (RunModel)" time="0.01" />
  <testcase classname="ptolemy.util.test.junit.AutoTests" name="[213] /home/travis/build/icyphy/ptII/ptolemy/actor/lib/test/auto/MathFunction3.xml (RunModel)" time="0.019" />
  <testcase classname="ptolemy.util.test.junit.AutoTests" name="[214] /home/travis/build/icyphy/ptII/ptolemy/actor/lib/test/auto/MatrixCropBoolean.xml (RunModel)" time="0.017" />
  <testcase classname="ptolemy.util.test.junit.AutoTests" name="[215] /home/travis/build/icyphy/ptII/ptolemy/actor/lib/test/auto/MatrixCropComplex.xml (RunModel)" time="0.012" />
  <testcase classname="ptolemy.util.test.junit.AutoTests" name="[216] /home/travis/build/icyphy/ptII/ptolemy/actor/lib/test/auto/MatrixCropDouble.xml (RunModel)" time="0.011" />
  <testcase classname="ptolemy.util.test.junit.AutoTests" name="[217] /home/travis/build/icyphy/ptII/ptolemy/actor/lib/test/auto/MatrixCropFix.xml (RunModel)" time="0.014" />
  <testcase classname="ptolemy.util.test.junit.AutoTests" name="[218] /home/travis/build/icyphy/ptII/ptolemy/actor/lib/test/auto/MatrixCropInt.xml (RunModel)" time="0.012" />
  <testcase classname="ptolemy.util.test.junit.AutoTests" name="[219] /home/travis/build/icyphy/ptII/ptolemy/actor/lib/test/auto/MatrixCropLong.xml (RunModel)" time="0.009" />
  <testcase classname="ptolemy.util.test.junit.AutoTests" name="[220] /home/travis/build/icyphy/ptII/ptolemy/actor/lib/test/auto/MatrixToArray.xml (RunModel)" time="0.057" />
  <testcase classname="ptolemy.util.test.junit.AutoTests" name="[221] /home/travis/build/icyphy/ptII/ptolemy/actor/lib/test/auto/MaxIndex.xml (RunModel)" time="0.02" />
  <testcase classname="ptolemy.util.test.junit.AutoTests" name="[222] /home/travis/build/icyphy/ptII/ptolemy/actor/lib/test/auto/Maximum.xml (RunModel)" time="0.017" />
  <testcase classname="ptolemy.util.test.junit.AutoTests" name="[223] /home/travis/build/icyphy/ptII/ptolemy/actor/lib/test/auto/MaximumComplex.xml (RunModel)" time="0.019" />
  <testcase classname="ptolemy.util.test.junit.AutoTests" name="[224] /home/travis/build/icyphy/ptII/ptolemy/actor/lib/test/auto/MethodCallTest.xml (RunModel)" time="0.026" />
  <testcase classname="ptolemy.util.test.junit.AutoTests" name="[225] /home/travis/build/icyphy/ptII/ptolemy/actor/lib/test/auto/Minimum.xml (RunModel)" time="0.014" />
  <testcase classname="ptolemy.util.test.junit.AutoTests" name="[226] /home/travis/build/icyphy/ptII/ptolemy/actor/lib/test/auto/MinimumComplex.xml (RunModel)" time="0.026" />
  <testcase classname="ptolemy.util.test.junit.AutoTests" name="[227] /home/travis/build/icyphy/ptII/ptolemy/actor/lib/test/auto/MinimumMultiports.xml (RunModel)" time="0.029" />
  <testcase classname="ptolemy.util.test.junit.AutoTests" name="[228] /home/travis/build/icyphy/ptII/ptolemy/actor/lib/test/auto/ModifyDate.xml (RunModel)" time="0.045" />
  <testcase classname="ptolemy.util.test.junit.AutoTests" name="[229] /home/travis/build/icyphy/ptII/ptolemy/actor/lib/test/auto/ModifyDate2.xml (RunModel)" time="0.033" />
  <testcase classname="ptolemy.util.test.junit.AutoTests" name="[230] /home/travis/build/icyphy/ptII/ptolemy/actor/lib/test/auto/MovingAverage.xml (RunModel)" time="0.021" />
  <testcase classname="ptolemy.util.test.junit.AutoTests" name="[231] /home/travis/build/icyphy/ptII/ptolemy/actor/lib/test/auto/MovingMaximum.xml (RunModel)" time="0.01" />
  <testcase classname="ptolemy.util.test.junit.AutoTests" name="[232] /home/travis/build/icyphy/ptII/ptolemy/actor/lib/test/auto/MultipleLinksToSameRelation.xml (RunModel)" time="0.007" />
  <testcase classname="ptolemy.util.test.junit.AutoTests" name="[233] /home/travis/build/icyphy/ptII/ptolemy/actor/lib/test/auto/MultipleLinksToSameRelationDE.xml (RunModel)" time="0.009" />
  <testcase classname="ptolemy.util.test.junit.AutoTests" name="[234] /home/travis/build/icyphy/ptII/ptolemy/actor/lib/test/auto/Multiplexor.xml (RunModel)" time="0.011" />
  <testcase classname="ptolemy.util.test.junit.AutoTests" name="[235] /home/travis/build/icyphy/ptII/ptolemy/actor/lib/test/auto/Multiplexor1.xml (RunModel)" time="0.012" />
  <testcase classname="ptolemy.util.test.junit.AutoTests" name="[236] /home/travis/build/icyphy/ptII/ptolemy/actor/lib/test/auto/Multiplexor2.xml (RunModel)" time="0.014" />
  <testcase classname="ptolemy.util.test.junit.AutoTests" name="[237] /home/travis/build/icyphy/ptII/ptolemy/actor/lib/test/auto/Multiplexor3.xml (RunModel)" time="0.011" />
  <testcase classname="ptolemy.util.test.junit.AutoTests" name="[238] /home/travis/build/icyphy/ptII/ptolemy/actor/lib/test/auto/MultiplexorDE.xml (RunModel)" time="0.017" />
  <testcase classname="ptolemy.util.test.junit.AutoTests" name="[239] /home/travis/build/icyphy/ptII/ptolemy/actor/lib/test/auto/MultiportBroadcastTest.xml (RunModel)" time="0.068" />
  <testcase classname="ptolemy.util.test.junit.AutoTests" name="[240] /home/travis/build/icyphy/ptII/ptolemy/actor/lib/test/auto/MultiportOutHangDuringGetWidth.xml (RunModel)" time="0.041" />
  <testcase classname="ptolemy.util.test.junit.AutoTests" name="[241] /home/travis/build/icyphy/ptII/ptolemy/actor/lib/test/auto/NilToken.xml (RunModel)" time="0.016" />
  <testcase classname="ptolemy.util.test.junit.AutoTests" name="[242] /home/travis/build/icyphy/ptII/ptolemy/actor/lib/test/auto/NilTokenNonStrictTest.xml (RunModel)" time="0.012" />
  <testcase classname="ptolemy.util.test.junit.AutoTests" name="[243] /home/travis/build/icyphy/ptII/ptolemy/actor/lib/test/auto/NilTokenRecord.xml (RunModel)" time="0.023" />
  <testcase classname="ptolemy.util.test.junit.AutoTests" name="[244] /home/travis/build/icyphy/ptII/ptolemy/actor/lib/test/auto/NilTokenTypeTest.xml (RunModel)" time="0.046" />
  <testcase classname="ptolemy.util.test.junit.AutoTests" name="[245] /home/travis/build/icyphy/ptII/ptolemy/actor/lib/test/auto/ObjectToken1.xml (RunModel)" time="0.009" />
  <testcase classname="ptolemy.util.test.junit.AutoTests" name="[246] /home/travis/build/icyphy/ptII/ptolemy/actor/lib/test/auto/OrderedMerge.xml (RunModel)" time="0.021" />
  <testcase classname="ptolemy.util.test.junit.AutoTests" name="[247] /home/travis/build/icyphy/ptII/ptolemy/actor/lib/test/auto/OrderedRecordDisassembler.xml (RunModel)" time="0.02" />
  <testcase classname="ptolemy.util.test.junit.AutoTests" name="[248] /home/travis/build/icyphy/ptII/ptolemy/actor/lib/test/auto/OrderedRecordDisassembler2.xml (RunModel)" time="0.021" />
  <testcase classname="ptolemy.util.test.junit.AutoTests" name="[249] /home/travis/build/icyphy/ptII/ptolemy/actor/lib/test/auto/OrderedRecordUpdater.xml (RunModel)" time="0.016" />
  <testcase classname="ptolemy.util.test.junit.AutoTests" name="[250] /home/travis/build/icyphy/ptII/ptolemy/actor/lib/test/auto/OrderedRecordUpdater2.xml (RunModel)" time="0.017" />
  <testcase classname="ptolemy.util.test.junit.AutoTests" name="[251] /home/travis/build/icyphy/ptII/ptolemy/actor/lib/test/auto/PhaseUnwrap.xml (RunModel)" time="0.012" />
  <testcase classname="ptolemy.util.test.junit.AutoTests" name="[252] /home/travis/build/icyphy/ptII/ptolemy/actor/lib/test/auto/PoissonClock.xml (RunModel)" time="0.014" />
  <testcase classname="ptolemy.util.test.junit.AutoTests" name="[253] /home/travis/build/icyphy/ptII/ptolemy/actor/lib/test/auto/PoissonClock2.xml (RunModel)" time="0.008" />
  <testcase classname="ptolemy.util.test.junit.AutoTests" name="[254] /home/travis/build/icyphy/ptII/ptolemy/actor/lib/test/auto/PoissonClock3.xml (RunModel)" time="0.016" />
  <testcase classname="ptolemy.util.test.junit.AutoTests" name="[255] /home/travis/build/icyphy/ptII/ptolemy/actor/lib/test/auto/PubSubWithInitialTokens.xml (RunModel)" time="0.015" />
  <testcase classname="ptolemy.util.test.junit.AutoTests" name="[256] /home/travis/build/icyphy/ptII/ptolemy/actor/lib/test/auto/PubSubWithInitialTokens2.xml (RunModel)" time="0.016" />
  <testcase classname="ptolemy.util.test.junit.AutoTests" name="[257] /home/travis/build/icyphy/ptII/ptolemy/actor/lib/test/auto/PublisherClassNoParameter.xml (RunModel)" time="0.023" />
  <testcase classname="ptolemy.util.test.junit.AutoTests" name="[258] /home/travis/build/icyphy/ptII/ptolemy/actor/lib/test/auto/PublisherClassParameter.xml (RunModel)" time="0.022" />
  <testcase classname="ptolemy.util.test.junit.AutoTests" name="[259] /home/travis/build/icyphy/ptII/ptolemy/actor/lib/test/auto/PublisherNonStrictTest.xml (RunModel)" time="0.016" />
  <testcase classname="ptolemy.util.test.junit.AutoTests" name="[260] /home/travis/build/icyphy/ptII/ptolemy/actor/lib/test/auto/PublisherPort1.xml (RunModel)" time="0.015" />
  <testcase classname="ptolemy.util.test.junit.AutoTests" name="[261] /home/travis/build/icyphy/ptII/ptolemy/actor/lib/test/auto/PublisherPort2.xml (RunModel)" time="0.01" />
  <testcase classname="ptolemy.util.test.junit.AutoTests" name="[262] /home/travis/build/icyphy/ptII/ptolemy/actor/lib/test/auto/PublisherPort3.xml (RunModel)" time="0.02" />
  <testcase classname="ptolemy.util.test.junit.AutoTests" name="[263] /home/travis/build/icyphy/ptII/ptolemy/actor/lib/test/auto/PublisherPort4.xml (RunModel)" time="0.017" />
  <testcase classname="ptolemy.util.test.junit.AutoTests" name="[264] /home/travis/build/icyphy/ptII/ptolemy/actor/lib/test/auto/PublisherPort5.xml (RunModel)" time="0.016" />
  <testcase classname="ptolemy.util.test.junit.AutoTests" name="[265] /home/travis/build/icyphy/ptII/ptolemy/actor/lib/test/auto/PublisherPort5LookAlike.xml (RunModel)" time="0.023" />
  <testcase classname="ptolemy.util.test.junit.AutoTests" name="[266] /home/travis/build/icyphy/ptII/ptolemy/actor/lib/test/auto/PublisherPort6.xml (RunModel)" time="0.014" />
  <testcase classname="ptolemy.util.test.junit.AutoTests" name="[267] /home/travis/build/icyphy/ptII/ptolemy/actor/lib/test/auto/PublisherPort7.xml (RunModel)" time="0.015" />
  <testcase classname="ptolemy.util.test.junit.AutoTests" name="[268] /home/travis/build/icyphy/ptII/ptolemy/actor/lib/test/auto/PublisherPort8.xml (RunModel)" time="0.015" />
  <testcase classname="ptolemy.util.test.junit.AutoTests" name="[269] /home/travis/build/icyphy/ptII/ptolemy/actor/lib/test/auto/PublisherPortSubscriberChannelVariablesAOC2.xml (RunModel)" time="0.031" />
  <testcase classname="ptolemy.util.test.junit.AutoTests" name="[270] /home/travis/build/icyphy/ptII/ptolemy/actor/lib/test/auto/PublisherPortSubscriberOpaqueWidthInference.xml (RunModel)" time="0.015" />
  <testcase classname="ptolemy.util.test.junit.AutoTests" name="[271] /home/travis/build/icyphy/ptII/ptolemy/actor/lib/test/auto/PublisherPortSubscriberPortAdjacent.xml (RunModel)" time="0.02" />
  <testcase classname="ptolemy.util.test.junit.AutoTests" name="[272] /home/travis/build/icyphy/ptII/ptolemy/actor/lib/test/auto/PublisherPortSubscriberPortExpression.xml (RunModel)" time="0.017" />
  <testcase classname="ptolemy.util.test.junit.AutoTests" name="[273] /home/travis/build/icyphy/ptII/ptolemy/actor/lib/test/auto/PublisherPortSubscriberPortOpaqueD3Reverse.xml (RunModel)" time="0.037" />
  <testcase classname="ptolemy.util.test.junit.AutoTests" name="[274] /home/travis/build/icyphy/ptII/ptolemy/actor/lib/test/auto/PublisherPortSubscriberPortOpaqueWidthInference.xml (RunModel)" time="0.022" />
  <testcase classname="ptolemy.util.test.junit.AutoTests" name="[275] /home/travis/build/icyphy/ptII/ptolemy/actor/lib/test/auto/PublisherPortToplevelSubscriberPortAOC.xml (RunModel)" time="0.011" />
  <testcase classname="ptolemy.util.test.junit.AutoTests" name="[276] /home/travis/build/icyphy/ptII/ptolemy/actor/lib/test/auto/PublisherSubscriber.xml (RunModel)" time="0.012" />
  <testcase classname="ptolemy.util.test.junit.AutoTests" name="[277] /home/travis/build/icyphy/ptII/ptolemy/actor/lib/test/auto/PublisherSubscriber10.xml (RunModel)" time="0.02" />
  <testcase classname="ptolemy.util.test.junit.AutoTests" name="[278] /home/travis/build/icyphy/ptII/ptolemy/actor/lib/test/auto/PublisherSubscriber10InitialOutputs.xml (RunModel)" time="0.028" />
  <testcase classname="ptolemy.util.test.junit.AutoTests" name="[279] /home/travis/build/icyphy/ptII/ptolemy/actor/lib/test/auto/PublisherSubscriber11.xml (RunModel)" time="0.018" />
  <testcase classname="ptolemy.util.test.junit.AutoTests" name="[280] /home/travis/build/icyphy/ptII/ptolemy/actor/lib/test/auto/PublisherSubscriber12.xml (RunModel)" time="0.011" />
  <testcase classname="ptolemy.util.test.junit.AutoTests" name="[281] /home/travis/build/icyphy/ptII/ptolemy/actor/lib/test/auto/PublisherSubscriber13.xml (RunModel)" time="0.011" />
  <testcase classname="ptolemy.util.test.junit.AutoTests" name="[282] /home/travis/build/icyphy/ptII/ptolemy/actor/lib/test/auto/PublisherSubscriber14.xml (RunModel)" time="0.021" />
  <testcase classname="ptolemy.util.test.junit.AutoTests" name="[283] /home/travis/build/icyphy/ptII/ptolemy/actor/lib/test/auto/PublisherSubscriber2.xml (RunModel)" time="0.008" />
  <testcase classname="ptolemy.util.test.junit.AutoTests" name="[284] /home/travis/build/icyphy/ptII/ptolemy/actor/lib/test/auto/PublisherSubscriber3.xml (RunModel)" time="0.01" />
  <testcase classname="ptolemy.util.test.junit.AutoTests" name="[285] /home/travis/build/icyphy/ptII/ptolemy/actor/lib/test/auto/PublisherSubscriber4.xml (RunModel)" time="0.009" />
  <testcase classname="ptolemy.util.test.junit.AutoTests" name="[286] /home/travis/build/icyphy/ptII/ptolemy/actor/lib/test/auto/PublisherSubscriber5.xml (RunModel)" time="0.013" />
  <testcase classname="ptolemy.util.test.junit.AutoTests" name="[287] /home/travis/build/icyphy/ptII/ptolemy/actor/lib/test/auto/PublisherSubscriber6.xml (RunModel)" time="0.012" />
  <testcase classname="ptolemy.util.test.junit.AutoTests" name="[288] /home/travis/build/icyphy/ptII/ptolemy/actor/lib/test/auto/PublisherSubscriber7.xml (RunModel)" time="0.013" />
  <testcase classname="ptolemy.util.test.junit.AutoTests" name="[289] /home/travis/build/icyphy/ptII/ptolemy/actor/lib/test/auto/PublisherSubscriber8.xml (RunModel)" time="0.03" />
  <testcase classname="ptolemy.util.test.junit.AutoTests" name="[290] /home/travis/build/icyphy/ptII/ptolemy/actor/lib/test/auto/PublisherSubscriber9.xml (RunModel)" time="0.02" />
  <testcase classname="ptolemy.util.test.junit.AutoTests" name="[291] /home/travis/build/icyphy/ptII/ptolemy/actor/lib/test/auto/PublisherSubscriberAdjacent.xml (RunModel)" time="0.015" />
  <testcase classname="ptolemy.util.test.junit.AutoTests" name="[292] /home/travis/build/icyphy/ptII/ptolemy/actor/lib/test/auto/PublisherSubscriberChannelVariablesAOC2.xml (RunModel)" time="0.026" />
  <testcase classname="ptolemy.util.test.junit.AutoTests" name="[293] /home/travis/build/icyphy/ptII/ptolemy/actor/lib/test/auto/PublisherSubscriberD3.xml (RunModel)" time="0.014" />
  <testcase classname="ptolemy.util.test.junit.AutoTests" name="[294] /home/travis/build/icyphy/ptII/ptolemy/actor/lib/test/auto/PublisherSubscriberD3Reverse.xml (RunModel)" time="0.01" />
  <testcase classname="ptolemy.util.test.junit.AutoTests" name="[295] /home/travis/build/icyphy/ptII/ptolemy/actor/lib/test/auto/PublisherSubscriberExpression.xml (RunModel)" time="0.018" />
  <testcase classname="ptolemy.util.test.junit.AutoTests" name="[296] /home/travis/build/icyphy/ptII/ptolemy/actor/lib/test/auto/PublisherSubscriberOpaque.xml (RunModel)" time="0.015" />
  <testcase classname="ptolemy.util.test.junit.AutoTests" name="[297] /home/travis/build/icyphy/ptII/ptolemy/actor/lib/test/auto/PublisherSubscriberOpaqueD3.xml (RunModel)" time="0.021" />
  <testcase classname="ptolemy.util.test.junit.AutoTests" name="[298] /home/travis/build/icyphy/ptII/ptolemy/actor/lib/test/auto/PublisherSubscriberOpaqueD3Reverse.xml (RunModel)" time="0.019" />
  <testcase classname="ptolemy.util.test.junit.AutoTests" name="[299] /home/travis/build/icyphy/ptII/ptolemy/actor/lib/test/auto/PublisherSubscriberOpaqueWidthInference.xml (RunModel)" time="0.019" />
  <testcase classname="ptolemy.util.test.junit.AutoTests" name="[300] /home/travis/build/icyphy/ptII/ptolemy/actor/lib/test/auto/PublisherTestSubscriber.xml (RunModel)" time="0.014" />
  <testcase classname="ptolemy.util.test.junit.AutoTests" name="[301] /home/travis/build/icyphy/ptII/ptolemy/actor/lib/test/auto/PublisherToplevelSubscriberPortAOC.xml (RunModel)" time="0.016" />
  <testcase classname="ptolemy.util.test.junit.AutoTests" name="[302] /home/travis/build/icyphy/ptII/ptolemy/actor/lib/test/auto/PulseFiringLimitDE.xml (RunModel)" time="0.016" />
  <testcase classname="ptolemy.util.test.junit.AutoTests" name="[303] /home/travis/build/icyphy/ptII/ptolemy/actor/lib/test/auto/Ramp1.xml (RunModel)" time="0.007" />
  <testcase classname="ptolemy.util.test.junit.AutoTests" name="[304] /home/travis/build/icyphy/ptII/ptolemy/actor/lib/test/auto/RampFiringLimitDE.xml (RunModel)" time="0.012" />
  <testcase classname="ptolemy.util.test.junit.AutoTests" name="[305] /home/travis/build/icyphy/ptII/ptolemy/actor/lib/test/auto/RampFiringLimitSDF.xml (RunModel)" time="0.011" />
  <testcase classname="ptolemy.util.test.junit.AutoTests" name="[306] /home/travis/build/icyphy/ptII/ptolemy/actor/lib/test/auto/RandomInteger.xml (RunModel)" time="0.009" />
  <testcase classname="ptolemy.util.test.junit.AutoTests" name="[307] /home/travis/build/icyphy/ptII/ptolemy/actor/lib/test/auto/ReadFile1.xml (RunModel)" time="0.009" />
  <testcase classname="ptolemy.util.test.junit.AutoTests" name="[308] /home/travis/build/icyphy/ptII/ptolemy/actor/lib/test/auto/ReadFile2.xml (RunModel)" time="0.008" />
  <testcase classname="ptolemy.util.test.junit.AutoTests" name="[309] /home/travis/build/icyphy/ptII/ptolemy/actor/lib/test/auto/Reader.xml (RunModel)" time="0.014" />
  <testcase classname="ptolemy.util.test.junit.AutoTests" name="[310] /home/travis/build/icyphy/ptII/ptolemy/actor/lib/test/auto/RecordAssemblerDisplayNameTest.xml (RunModel)" time="3.157" />
  <testcase classname="ptolemy.util.test.junit.AutoTests" name="[311] /home/travis/build/icyphy/ptII/ptolemy/actor/lib/test/auto/RecordAssemblerTypeError.xml (RunModel)" time="0.042" />
  <testcase classname="ptolemy.util.test.junit.AutoTests" name="[312] /home/travis/build/icyphy/ptII/ptolemy/actor/lib/test/auto/RecordDisassember.xml (RunModel)" time="0.011" />
  <testcase classname="ptolemy.util.test.junit.AutoTests" name="[313] /home/travis/build/icyphy/ptII/ptolemy/actor/lib/test/auto/RecordDisassemberDisplayNameTest.xml (RunModel)" time="0.019" />
  <testcase classname="ptolemy.util.test.junit.AutoTests" name="[314] /home/travis/build/icyphy/ptII/ptolemy/actor/lib/test/auto/RecordDisassembler.xml (RunModel)" time="0.01" />
  <testcase classname="ptolemy.util.test.junit.AutoTests" name="[315] /home/travis/build/icyphy/ptII/ptolemy/actor/lib/test/auto/RecordDisassembler2.xml (RunModel)" time="0.012" />
  <testcase classname="ptolemy.util.test.junit.AutoTests" name="[316] /home/travis/build/icyphy/ptII/ptolemy/actor/lib/test/auto/RecordUpdater.xml (RunModel)" time="0.009" />
  <testcase classname="ptolemy.util.test.junit.AutoTests" name="[317] /home/travis/build/icyphy/ptII/ptolemy/actor/lib/test/auto/RecordUpdater2.xml (RunModel)" time="0.01" />
  <testcase classname="ptolemy.util.test.junit.AutoTests" name="[318] /home/travis/build/icyphy/ptII/ptolemy/actor/lib/test/auto/RecursiveLattice.xml (RunModel)" time="0.009" />
  <testcase classname="ptolemy.util.test.junit.AutoTests" name="[319] /home/travis/build/icyphy/ptII/ptolemy/actor/lib/test/auto/Router.xml (RunModel)" time="3.024" />
  <testcase classname="ptolemy.util.test.junit.AutoTests" name="[320] /home/travis/build/icyphy/ptII/ptolemy/actor/lib/test/auto/Router2.xml (RunModel)" time="3.027" />
  <testcase classname="ptolemy.util.test.junit.AutoTests" name="[321] /home/travis/build/icyphy/ptII/ptolemy/actor/lib/test/auto/RunningMaximum.xml (RunModel)" time="0.012" />
  <testcase classname="ptolemy.util.test.junit.AutoTests" name="[322] /home/travis/build/icyphy/ptII/ptolemy/actor/lib/test/auto/RunningMinimum.xml (RunModel)" time="0.015" />
  <testcase classname="ptolemy.util.test.junit.AutoTests" name="[323] /home/travis/build/icyphy/ptII/ptolemy/actor/lib/test/auto/Scale.xml (RunModel)" time="0.007" />
  <testcase classname="ptolemy.util.test.junit.AutoTests" name="[324] /home/travis/build/icyphy/ptII/ptolemy/actor/lib/test/auto/Scale2.xml (RunModel)" time="0.01" />
  <testcase classname="ptolemy.util.test.junit.AutoTests" name="[325] /home/travis/build/icyphy/ptII/ptolemy/actor/lib/test/auto/Scale3.xml (RunModel)" time="0.018" />
  <testcase classname="ptolemy.util.test.junit.AutoTests" name="[326] /home/travis/build/icyphy/ptII/ptolemy/actor/lib/test/auto/ScaleArray.xml (RunModel)" time="0.008" />
  <testcase classname="ptolemy.util.test.junit.AutoTests" name="[327] /home/travis/build/icyphy/ptII/ptolemy/actor/lib/test/auto/ScaleArray2.xml (RunModel)" time="0.009" />
  <testcase classname="ptolemy.util.test.junit.AutoTests" name="[328] /home/travis/build/icyphy/ptII/ptolemy/actor/lib/test/auto/ScaleMatrix.xml (RunModel)" time="0.137" />
  <testcase classname="ptolemy.util.test.junit.AutoTests" name="[329] /home/travis/build/icyphy/ptII/ptolemy/actor/lib/test/auto/Select.xml (RunModel)" time="0.013" />
  <testcase classname="ptolemy.util.test.junit.AutoTests" name="[330] /home/travis/build/icyphy/ptII/ptolemy/actor/lib/test/auto/Select2.xml (RunModel)" time="0.008" />
  <testcase classname="ptolemy.util.test.junit.AutoTests" name="[331] /home/travis/build/icyphy/ptII/ptolemy/actor/lib/test/auto/SequenceToArray2.xml (RunModel)" time="0.126" />
  <testcase classname="ptolemy.util.test.junit.AutoTests" name="[332] /home/travis/build/icyphy/ptII/ptolemy/actor/lib/test/auto/SequentialClock.xml (RunModel)" time="0.011" />
  <testcase classname="ptolemy.util.test.junit.AutoTests" name="[333] /home/travis/build/icyphy/ptII/ptolemy/actor/lib/test/auto/SetVariable.xml (RunModel)" time="0.017" />
  <testcase classname="ptolemy.util.test.junit.AutoTests" name="[334] /home/travis/build/icyphy/ptII/ptolemy/actor/lib/test/auto/SetVariable2.xml (RunModel)" time="0.01" />
  <testcase classname="ptolemy.util.test.junit.AutoTests" name="[335] /home/travis/build/icyphy/ptII/ptolemy/actor/lib/test/auto/SetVariable3.xml (RunModel)" time="0.016" />
  <testcase classname="ptolemy.util.test.junit.AutoTests" name="[336] /home/travis/build/icyphy/ptII/ptolemy/actor/lib/test/auto/SetVariable4.xml (RunModel)" time="0.03" />
  <testcase classname="ptolemy.util.test.junit.AutoTests" name="[337] /home/travis/build/icyphy/ptII/ptolemy/actor/lib/test/auto/SetVariable5.xml (RunModel)" time="0.042" />
  <testcase classname="ptolemy.util.test.junit.AutoTests" name="[338] /home/travis/build/icyphy/ptII/ptolemy/actor/lib/test/auto/Sinewave.xml (RunModel)" time="0.029" />
  <testcase classname="ptolemy.util.test.junit.AutoTests" name="[339] /home/travis/build/icyphy/ptII/ptolemy/actor/lib/test/auto/Sinewave2.xml (RunModel)" time="0.017" />
  <testcase classname="ptolemy.util.test.junit.AutoTests" name="[340] /home/travis/build/icyphy/ptII/ptolemy/actor/lib/test/auto/Sinewave3.xml (RunModel)" time="0.019" />
  <testcase classname="ptolemy.util.test.junit.AutoTests" name="[341] /home/travis/build/icyphy/ptII/ptolemy/actor/lib/test/auto/SingleEvent.xml (RunModel)" time="0.007" />
  <testcase classname="ptolemy.util.test.junit.AutoTests" name="[342] /home/travis/build/icyphy/ptII/ptolemy/actor/lib/test/auto/Sleep.xml (RunModel)" time="6.02" />
  <testcase classname="ptolemy.util.test.junit.AutoTests" name="[343] /home/travis/build/icyphy/ptII/ptolemy/actor/lib/test/auto/SleepMultipleFire.xml (RunModel)" time="1.017" />
  <testcase classname="ptolemy.util.test.junit.AutoTests" name="[344] /home/travis/build/icyphy/ptII/ptolemy/actor/lib/test/auto/StopDE.xml (RunModel)" time="0.018" />
  <testcase classname="ptolemy.util.test.junit.AutoTests" name="[345] /home/travis/build/icyphy/ptII/ptolemy/actor/lib/test/auto/StopSDF.xml (RunModel)" time="0.013" />
  <testcase classname="ptolemy.util.test.junit.AutoTests" name="[346] /home/travis/build/icyphy/ptII/ptolemy/actor/lib/test/auto/StringConstant.xml (RunModel)" time="0.011" />
  <testcase classname="ptolemy.util.test.junit.AutoTests" name="[347] /home/travis/build/icyphy/ptII/ptolemy/actor/lib/test/auto/SubscriberPortInitialValues1.xml (RunModel)" time="0.023" />
  <testcase classname="ptolemy.util.test.junit.AutoTests" name="[348] /home/travis/build/icyphy/ptII/ptolemy/actor/lib/test/auto/SubscriberPortInitialValues13.xml (RunModel)" time="0.033" />
  <testcase classname="ptolemy.util.test.junit.AutoTests" name="[349] /home/travis/build/icyphy/ptII/ptolemy/actor/lib/test/auto/SubscriberPortInitialValues14.xml (RunModel)" time="0.025" />
  <testcase classname="ptolemy.util.test.junit.AutoTests" name="[350] /home/travis/build/icyphy/ptII/ptolemy/actor/lib/test/auto/SubscriberPortInitialValues2.xml (RunModel)" time="0.015" />
  <testcase classname="ptolemy.util.test.junit.AutoTests" name="[351] /home/travis/build/icyphy/ptII/ptolemy/actor/lib/test/auto/SubscriberPortInitialValues3.xml (RunModel)" time="0.02" />
  <testcase classname="ptolemy.util.test.junit.AutoTests" name="[352] /home/travis/build/icyphy/ptII/ptolemy/actor/lib/test/auto/SubscriptionAggregator.xml (RunModel)" time="0.012" />
  <testcase classname="ptolemy.util.test.junit.AutoTests" name="[353] /home/travis/build/icyphy/ptII/ptolemy/actor/lib/test/auto/SubscriptionAggregator2.xml (RunModel)" time="0.012" />
  <testcase classname="ptolemy.util.test.junit.AutoTests" name="[354] /home/travis/build/icyphy/ptII/ptolemy/actor/lib/test/auto/SubscriptionAggregator3.xml (RunModel)" time="0.015" />
  <testcase classname="ptolemy.util.test.junit.AutoTests" name="[355] /home/travis/build/icyphy/ptII/ptolemy/actor/lib/test/auto/SubscriptionAggregatorMultiply.xml (RunModel)" time="0.015" />
  <testcase classname="ptolemy.util.test.junit.AutoTests" name="[356] /home/travis/build/icyphy/ptII/ptolemy/actor/lib/test/auto/SubscriptionAggregatorPortMultiply1.xml (RunModel)" time="0.015" />
  <testcase classname="ptolemy.util.test.junit.AutoTests" name="[357] /home/travis/build/icyphy/ptII/ptolemy/actor/lib/test/auto/Switch.xml (RunModel)" time="0.013" />
  <testcase classname="ptolemy.util.test.junit.AutoTests" name="[358] /home/travis/build/icyphy/ptII/ptolemy/actor/lib/test/auto/Switch2.xml (RunModel)" time="0.014" />
  <testcase classname="ptolemy.util.test.junit.AutoTests" name="[359] /home/travis/build/icyphy/ptII/ptolemy/actor/lib/test/auto/SwitchDE.xml (RunModel)" time="0.012" />
  <testcase classname="ptolemy.util.test.junit.AutoTests" name="[360] /home/travis/build/icyphy/ptII/ptolemy/actor/lib/test/auto/SynchronizerDE.xml (RunModel)" time="0.022" />
  <testcase classname="ptolemy.util.test.junit.AutoTests" name="[361] /home/travis/build/icyphy/ptII/ptolemy/actor/lib/test/auto/Test.xml (RunModel)" time="0.01" />
  <testcase classname="ptolemy.util.test.junit.AutoTests" name="[362] /home/travis/build/icyphy/ptII/ptolemy/actor/lib/test/auto/TestExceptionAttribute1.xml (RunModel)" time="0.008" />
  <testcase classname="ptolemy.util.test.junit.AutoTests" name="[363] /home/travis/build/icyphy/ptII/ptolemy/actor/lib/test/auto/TestExceptionAttribute2.xml (RunModel)" time="0.006" />
  <testcase classname="ptolemy.util.test.junit.AutoTests" name="[364] /home/travis/build/icyphy/ptII/ptolemy/actor/lib/test/auto/TestExceptionAttribute3.xml (RunModel)" time="0.006" />
  <testcase classname="ptolemy.util.test.junit.AutoTests" name="[365] /home/travis/build/icyphy/ptII/ptolemy/actor/lib/test/auto/TestExceptionAttribute4.xml (RunModel)" time="0.006" />
  <testcase classname="ptolemy.util.test.junit.AutoTests" name="[366] /home/travis/build/icyphy/ptII/ptolemy/actor/lib/test/auto/TestExceptionHandler1.xml (RunModel)" time="0.007" />
  <testcase classname="ptolemy.util.test.junit.AutoTests" name="[367] /home/travis/build/icyphy/ptII/ptolemy/actor/lib/test/auto/TestExceptionHandler2.xml (RunModel)" time="0.006" />
  <testcase classname="ptolemy.util.test.junit.AutoTests" name="[368] /home/travis/build/icyphy/ptII/ptolemy/actor/lib/test/auto/TestExceptionHandler3.xml (RunModel)" time="0.011" />
  <testcase classname="ptolemy.util.test.junit.AutoTests" name="[369] /home/travis/build/icyphy/ptII/ptolemy/actor/lib/test/auto/TestExceptionHandler4.xml (RunModel)" time="0.006" />
  <testcase classname="ptolemy.util.test.junit.AutoTests" name="[370] /home/travis/build/icyphy/ptII/ptolemy/actor/lib/test/auto/TestRequireCorrectOrder.xml (RunModel)" time="0.011" />
  <testcase classname="ptolemy.util.test.junit.AutoTests" name="[371] /home/travis/build/icyphy/ptII/ptolemy/actor/lib/test/auto/TestSimple.xml (RunModel)" time="0.007" />
  <testcase classname="ptolemy.util.test.junit.AutoTests" name="[372] /home/travis/build/icyphy/ptII/ptolemy/actor/lib/test/auto/ThrowModelError.xml (RunModel)" time="0.011" />
  <testcase classname="ptolemy.util.test.junit.AutoTests" name="[373] /home/travis/build/icyphy/ptII/ptolemy/actor/lib/test/auto/TimeDelayMicrosteps.xml (RunModel)" time="0.013" />
  <testcase classname="ptolemy.util.test.junit.AutoTests" name="[374] /home/travis/build/icyphy/ptII/ptolemy/actor/lib/test/auto/TimeDelayMicrosteps2.xml (RunModel)" time="0.014" />
  <testcase classname="ptolemy.util.test.junit.AutoTests" name="[375] /home/travis/build/icyphy/ptII/ptolemy/actor/lib/test/auto/TimeDelayMicrosteps3.xml (RunModel)" time="0.012" />
  <testcase classname="ptolemy.util.test.junit.AutoTests" name="[376] /home/travis/build/icyphy/ptII/ptolemy/actor/lib/test/auto/TimeDelayVariableMicrosteps.xml (RunModel)" time="0.011" />
  <testcase classname="ptolemy.util.test.junit.AutoTests" name="[377] /home/travis/build/icyphy/ptII/ptolemy/actor/lib/test/auto/TimeGap.xml (RunModel)" time="0.012" />
  <testcase classname="ptolemy.util.test.junit.AutoTests" name="[378] /home/travis/build/icyphy/ptII/ptolemy/actor/lib/test/auto/TimeGap2.xml (RunModel)" time="0.013" />
  <testcase classname="ptolemy.util.test.junit.AutoTests" name="[379] /home/travis/build/icyphy/ptII/ptolemy/actor/lib/test/auto/TimedSinewave.xml (RunModel)" time="0.038" />
  <testcase classname="ptolemy.util.test.junit.AutoTests" name="[380] /home/travis/build/icyphy/ptII/ptolemy/actor/lib/test/auto/TimedSinewavePhase.xml (RunModel)" time="0.036" />
  <testcase classname="ptolemy.util.test.junit.AutoTests" name="[381] /home/travis/build/icyphy/ptII/ptolemy/actor/lib/test/auto/Timer.xml (RunModel)" time="0.011" />
  <testcase classname="ptolemy.util.test.junit.AutoTests" name="[382] /home/travis/build/icyphy/ptII/ptolemy/actor/lib/test/auto/TriangularDistTestModel.xml (RunModel)" time="0.014" />
  <testcase classname="ptolemy.util.test.junit.AutoTests" name="[383] /home/travis/build/icyphy/ptII/ptolemy/actor/lib/test/auto/TrigFunction.xml (RunModel)" time="0.009" />
  <testcase classname="ptolemy.util.test.junit.AutoTests" name="[384] /home/travis/build/icyphy/ptII/ptolemy/actor/lib/test/auto/TrigFunctionDE.xml (RunModel)" time="0.01" />
  <testcase classname="ptolemy.util.test.junit.AutoTests" name="[385] /home/travis/build/icyphy/ptII/ptolemy/actor/lib/test/auto/TrigFunctionInverse.xml (RunModel)" time="0.009" />
  <testcase classname="ptolemy.util.test.junit.AutoTests" name="[386] /home/travis/build/icyphy/ptII/ptolemy/actor/lib/test/auto/TrigFunctionTan.xml (RunModel)" time="0.006" />
  <testcase classname="ptolemy.util.test.junit.AutoTests" name="[387] /home/travis/build/icyphy/ptII/ptolemy/actor/lib/test/auto/TriggeredClock.xml (RunModel)" time="0.008" />
  <testcase classname="ptolemy.util.test.junit.AutoTests" name="[388] /home/travis/build/icyphy/ptII/ptolemy/actor/lib/test/auto/URLDirectoryReader.xml (RunModel)" time="0.086" />
  <testcase classname="ptolemy.util.test.junit.AutoTests" name="[389] /home/travis/build/icyphy/ptII/ptolemy/actor/lib/test/auto/URLDirectoryReader3.xml (RunModel)" time="1.392" />
  <testcase classname="ptolemy.util.test.junit.AutoTests" name="[390] /home/travis/build/icyphy/ptII/ptolemy/actor/lib/test/auto/UnaryMathFunction.xml (RunModel)" time="0.055" />
  <testcase classname="ptolemy.util.test.junit.AutoTests" name="[391] /home/travis/build/icyphy/ptII/ptolemy/actor/lib/test/auto/Uniform.xml (RunModel)" time="0.045" />
  <testcase classname="ptolemy.util.test.junit.AutoTests" name="[392] /home/travis/build/icyphy/ptII/ptolemy/actor/lib/test/auto/UnionDisassemblerTest.xml (RunModel)" time="0.037" />
  <testcase classname="ptolemy.util.test.junit.AutoTests" name="[393] /home/travis/build/icyphy/ptII/ptolemy/actor/lib/test/auto/UtilityFunctions.xml (RunModel)" time="0.028" />
  <testcase classname="ptolemy.util.test.junit.AutoTests" name="[394] /home/travis/build/icyphy/ptII/ptolemy/actor/lib/test/auto/VariableSleep.xml (RunModel)" time="0.541" />
  <testcase classname="ptolemy.util.test.junit.AutoTests" name="[395] /home/travis/build/icyphy/ptII/ptolemy/actor/lib/test/auto/VectorAssemblerDisassemblerCT.xml (RunModel)" time="0.123" />
  <testcase classname="ptolemy.util.test.junit.AutoTests" name="[396] /home/travis/build/icyphy/ptII/ptolemy/actor/lib/test/auto/VectorAssemblerDisassemblerDE.xml (RunModel)" time="0.017" />
  <testcase classname="ptolemy.util.test.junit.AutoTests" name="[397] /home/travis/build/icyphy/ptII/ptolemy/actor/lib/test/auto/VectorAssemblerDisassemblerSDF.xml (RunModel)" time="0.013" />
  <testcase classname="ptolemy.util.test.junit.AutoTests" name="[398] /home/travis/build/icyphy/ptII/ptolemy/actor/lib/test/auto/WallClockTime.xml (RunModel)" time="1.015" />
  <testcase classname="ptolemy.util.test.junit.AutoTests" name="[399] /home/travis/build/icyphy/ptII/ptolemy/actor/lib/test/auto/WidthTestWithSubscriberPublisher.xml (RunModel)" time="0.058" />
  <testcase classname="ptolemy.util.test.junit.AutoTests" name="[400] /home/travis/build/icyphy/ptII/ptolemy/actor/lib/test/auto/WidthTestWithSubscriberPublisher2.xml (RunModel)" time="0.013" />
  <testcase classname="ptolemy.util.test.junit.AutoTests" name="[401] /home/travis/build/icyphy/ptII/ptolemy/actor/lib/test/auto/WidthTestWithSubscriberPublisher3.xml (RunModel)" time="0.026" />
  <testcase classname="ptolemy.util.test.junit.AutoTests" name="[402] /home/travis/build/icyphy/ptII/ptolemy/actor/lib/test/auto/Writer.xml (RunModel)" time="0.008" />
  <testcase classname="ptolemy.util.test.junit.AutoTests" name="[403] /home/travis/build/icyphy/ptII/ptolemy/actor/lib/test/auto/array.xml (RunModel)" time="0.01" />
  <testcase classname="ptolemy.util.test.junit.AutoTests" name="[404] /home/travis/build/icyphy/ptII/ptolemy/actor/lib/test/auto/array2.xml (RunModel)" time="0.012" />
  <testcase classname="ptolemy.util.test.junit.AutoTests" name="[405] /home/travis/build/icyphy/ptII/ptolemy/actor/lib/test/auto/arrayType.xml (RunModel)" time="0.014" />
  <testcase classname="ptolemy.util.test.junit.AutoTests" name="[406] /home/travis/build/icyphy/ptII/ptolemy/actor/lib/test/auto/arrayType10.xml (RunModel)" time="0.008" />
  <testcase classname="ptolemy.util.test.junit.AutoTests" name="[407] /home/travis/build/icyphy/ptII/ptolemy/actor/lib/test/auto/arrayType11.xml (RunModel)" time="0.009" />
  <testcase classname="ptolemy.util.test.junit.AutoTests" name="[408] /home/travis/build/icyphy/ptII/ptolemy/actor/lib/test/auto/arrayType12.xml (RunModel)" time="0.009" />
  <testcase classname="ptolemy.util.test.junit.AutoTests" name="[409] /home/travis/build/icyphy/ptII/ptolemy/actor/lib/test/auto/arrayType13.xml (RunModel)" time="0.008" />
  <testcase classname="ptolemy.util.test.junit.AutoTests" name="[410] /home/travis/build/icyphy/ptII/ptolemy/actor/lib/test/auto/arrayType14.xml (RunModel)" time="0.01" />
  <testcase classname="ptolemy.util.test.junit.AutoTests" name="[411] /home/travis/build/icyphy/ptII/ptolemy/actor/lib/test/auto/arrayType15.xml (RunModel)" time="0.009" />
  <testcase classname="ptolemy.util.test.junit.AutoTests" name="[412] /home/travis/build/icyphy/ptII/ptolemy/actor/lib/test/auto/arrayType16.xml (RunModel)" time="0.009" />
  <testcase classname="ptolemy.util.test.junit.AutoTests" name="[413] /home/travis/build/icyphy/ptII/ptolemy/actor/lib/test/auto/arrayType17.xml (RunModel)" time="0.008" />
  <testcase classname="ptolemy.util.test.junit.AutoTests" name="[414] /home/travis/build/icyphy/ptII/ptolemy/actor/lib/test/auto/arrayType18.xml (RunModel)" time="0.01" />
  <testcase classname="ptolemy.util.test.junit.AutoTests" name="[415] /home/travis/build/icyphy/ptII/ptolemy/actor/lib/test/auto/arrayType19.xml (RunModel)" time="0.007" />
  <testcase classname="ptolemy.util.test.junit.AutoTests" name="[416] /home/travis/build/icyphy/ptII/ptolemy/actor/lib/test/auto/arrayType2.xml (RunModel)" time="0.01" />
  <testcase classname="ptolemy.util.test.junit.AutoTests" name="[417] /home/travis/build/icyphy/ptII/ptolemy/actor/lib/test/auto/arrayType20.xml (RunModel)" time="0.01" />
  <testcase classname="ptolemy.util.test.junit.AutoTests" name="[418] /home/travis/build/icyphy/ptII/ptolemy/actor/lib/test/auto/arrayType21.xml (RunModel)" time="0.008" />
  <testcase classname="ptolemy.util.test.junit.AutoTests" name="[419] /home/travis/build/icyphy/ptII/ptolemy/actor/lib/test/auto/arrayType22.xml (RunModel)" time="0.008" />
  <testcase classname="ptolemy.util.test.junit.AutoTests" name="[420] /home/travis/build/icyphy/ptII/ptolemy/actor/lib/test/auto/arrayType23.xml (RunModel)" time="0.008" />
  <testcase classname="ptolemy.util.test.junit.AutoTests" name="[421] /home/travis/build/icyphy/ptII/ptolemy/actor/lib/test/auto/arrayType24.xml (RunModel)" time="0.009" />
  <testcase classname="ptolemy.util.test.junit.AutoTests" name="[422] /home/travis/build/icyphy/ptII/ptolemy/actor/lib/test/auto/arrayType25.xml (RunModel)" time="0.009" />
  <testcase classname="ptolemy.util.test.junit.AutoTests" name="[423] /home/travis/build/icyphy/ptII/ptolemy/actor/lib/test/auto/arrayType26.xml (RunModel)" time="0.01" />
  <testcase classname="ptolemy.util.test.junit.AutoTests" name="[424] /home/travis/build/icyphy/ptII/ptolemy/actor/lib/test/auto/arrayType27.xml (RunModel)" time="0.011" />
  <testcase classname="ptolemy.util.test.junit.AutoTests" name="[425] /home/travis/build/icyphy/ptII/ptolemy/actor/lib/test/auto/arrayType28.xml (RunModel)" time="0.012" />
  <testcase classname="ptolemy.util.test.junit.AutoTests" name="[426] /home/travis/build/icyphy/ptII/ptolemy/actor/lib/test/auto/arrayType3.xml (RunModel)" time="0.014" />
  <testcase classname="ptolemy.util.test.junit.AutoTests" name="[427] /home/travis/build/icyphy/ptII/ptolemy/actor/lib/test/auto/arrayType4.xml (RunModel)" time="0.012" />
  <testcase classname="ptolemy.util.test.junit.AutoTests" name="[428] /home/travis/build/icyphy/ptII/ptolemy/actor/lib/test/auto/arrayType5.xml (RunModel)" time="0.011" />
  <testcase classname="ptolemy.util.test.junit.AutoTests" name="[429] /home/travis/build/icyphy/ptII/ptolemy/actor/lib/test/auto/arrayType6.xml (RunModel)" time="0.031" />
  <testcase classname="ptolemy.util.test.junit.AutoTests" name="[430] /home/travis/build/icyphy/ptII/ptolemy/actor/lib/test/auto/arrayType7.xml (RunModel)" time="0.009" />
  <testcase classname="ptolemy.util.test.junit.AutoTests" name="[431] /home/travis/build/icyphy/ptII/ptolemy/actor/lib/test/auto/arrayType8.xml (RunModel)" time="0.021" />
  <testcase classname="ptolemy.util.test.junit.AutoTests" name="[432] /home/travis/build/icyphy/ptII/ptolemy/actor/lib/test/auto/arrayType9.xml (RunModel)" time="0.009" />
  <testcase classname="ptolemy.util.test.junit.AutoTests" name="[433] /home/travis/build/icyphy/ptII/ptolemy/actor/lib/test/auto/cast.xml (RunModel)" time="0.01" />
  <testcase classname="ptolemy.util.test.junit.AutoTests" name="[434] /home/travis/build/icyphy/ptII/ptolemy/actor/lib/test/auto/compositeMultiPort.xml (RunModel)" time="0.019" />
  <testcase classname="ptolemy.util.test.junit.AutoTests" name="[435] /home/travis/build/icyphy/ptII/ptolemy/actor/lib/test/auto/expressionCastInference.xml (RunModel)" time="0.009" />
  <testcase classname="ptolemy.util.test.junit.AutoTests" name="[436] /home/travis/build/icyphy/ptII/ptolemy/actor/lib/test/auto/expressionCastInference2.xml (RunModel)" time="0.008" />
  <testcase classname="ptolemy.util.test.junit.AutoTests" name="[437] /home/travis/build/icyphy/ptII/ptolemy/actor/lib/test/auto/expressionInference.xml (RunModel)" time="0.008" />
  <testcase classname="ptolemy.util.test.junit.AutoTests" name="[438] /home/travis/build/icyphy/ptII/ptolemy/actor/lib/test/auto/expression_bug.xml (RunModel)" time="0.008" />
  <testcase classname="ptolemy.util.test.junit.AutoTests" name="[439] /home/travis/build/icyphy/ptII/ptolemy/actor/lib/test/auto/factorial.xml (RunModel)" time="0.052" />
  <testcase classname="ptolemy.util.test.junit.AutoTests" name="[440] /home/travis/build/icyphy/ptII/ptolemy/actor/lib/test/auto/filterTest1.xml (RunModel)" time="0.016" />
  <testcase classname="ptolemy.util.test.junit.AutoTests" name="[441] /home/travis/build/icyphy/ptII/ptolemy/actor/lib/test/auto/funcApplyInConst.xml (RunModel)" time="0.007" />
  <testcase classname="ptolemy.util.test.junit.AutoTests" name="[442] /home/travis/build/icyphy/ptII/ptolemy/actor/lib/test/auto/funcApplyInExpr.xml (RunModel)" time="0.009" />
  <testcase classname="ptolemy.util.test.junit.AutoTests" name="[443] /home/travis/build/icyphy/ptII/ptolemy/actor/lib/test/auto/function.xml (RunModel)" time="0.01" />
  <testcase classname="ptolemy.util.test.junit.AutoTests" name="[444] /home/travis/build/icyphy/ptII/ptolemy/actor/lib/test/auto/function2.xml (RunModel)" time="0.01" />
  <testcase classname="ptolemy.util.test.junit.AutoTests" name="[445] /home/travis/build/icyphy/ptII/ptolemy/actor/lib/test/auto/function3.xml (RunModel)" time="0.008" />
  <testcase classname="ptolemy.util.test.junit.AutoTests" name="[446] /home/travis/build/icyphy/ptII/ptolemy/actor/lib/test/auto/functionClosureTest1.xml (RunModel)" time="0.011" />
  <testcase classname="ptolemy.util.test.junit.AutoTests" name="[447] /home/travis/build/icyphy/ptII/ptolemy/actor/lib/test/auto/functionClosureTest2.xml (RunModel)" time="0.017" />
  <testcase classname="ptolemy.util.test.junit.AutoTests" name="[448] /home/travis/build/icyphy/ptII/ptolemy/actor/lib/test/auto/functionClosureTest3.xml (RunModel)" time="0.01" />
  <testcase classname="ptolemy.util.test.junit.AutoTests" name="[449] /home/travis/build/icyphy/ptII/ptolemy/actor/lib/test/auto/functionClosureTest4.xml (RunModel)" time="0.016" />
  <testcase classname="ptolemy.util.test.junit.AutoTests" name="[450] /home/travis/build/icyphy/ptII/ptolemy/actor/lib/test/auto/functionClosureTest5.xml (RunModel)" time="0.013" />
  <testcase classname="ptolemy.util.test.junit.AutoTests" name="[451] /home/travis/build/icyphy/ptII/ptolemy/actor/lib/test/auto/functionClosureTest6.xml (RunModel)" time="0.011" />
  <testcase classname="ptolemy.util.test.junit.AutoTests" name="[452] /home/travis/build/icyphy/ptII/ptolemy/actor/lib/test/auto/functionsOnArcs.xml (RunModel)" time="0.01" />
  <testcase classname="ptolemy.util.test.junit.AutoTests" name="[453] /home/travis/build/icyphy/ptII/ptolemy/actor/lib/test/auto/functionsOnArcsHOF.xml (RunModel)" time="0.016" />
  <testcase classname="ptolemy.util.test.junit.AutoTests" name="[454] /home/travis/build/icyphy/ptII/ptolemy/actor/lib/test/auto/logic.xml (RunModel)" time="0.017" />
  <testcase classname="ptolemy.util.test.junit.AutoTests" name="[455] /home/travis/build/icyphy/ptII/ptolemy/actor/lib/test/auto/matrixType.xml (RunModel)" time="0.01" />
  <testcase classname="ptolemy.util.test.junit.AutoTests" name="[456] /home/travis/build/icyphy/ptII/ptolemy/actor/lib/test/auto/matrixType10.xml (RunModel)" time="0.009" />
  <testcase classname="ptolemy.util.test.junit.AutoTests" name="[457] /home/travis/build/icyphy/ptII/ptolemy/actor/lib/test/auto/matrixType11.xml (RunModel)" time="0.008" />
  <testcase classname="ptolemy.util.test.junit.AutoTests" name="[458] /home/travis/build/icyphy/ptII/ptolemy/actor/lib/test/auto/matrixType12.xml (RunModel)" time="0.014" />
  <testcase classname="ptolemy.util.test.junit.AutoTests" name="[459] /home/travis/build/icyphy/ptII/ptolemy/actor/lib/test/auto/matrixType13.xml (RunModel)" time="0.009" />
  <testcase classname="ptolemy.util.test.junit.AutoTests" name="[460] /home/travis/build/icyphy/ptII/ptolemy/actor/lib/test/auto/matrixType14.xml (RunModel)" time="0.01" />
  <testcase classname="ptolemy.util.test.junit.AutoTests" name="[461] /home/travis/build/icyphy/ptII/ptolemy/actor/lib/test/auto/matrixType2.xml (RunModel)" time="0.009" />
  <testcase classname="ptolemy.util.test.junit.AutoTests" name="[462] /home/travis/build/icyphy/ptII/ptolemy/actor/lib/test/auto/matrixType3.xml (RunModel)" time="0.011" />
  <testcase classname="ptolemy.util.test.junit.AutoTests" name="[463] /home/travis/build/icyphy/ptII/ptolemy/actor/lib/test/auto/matrixType4.xml (RunModel)" time="0.009" />
  <testcase classname="ptolemy.util.test.junit.AutoTests" name="[464] /home/travis/build/icyphy/ptII/ptolemy/actor/lib/test/auto/matrixType5.xml (RunModel)" time="0.009" />
  <testcase classname="ptolemy.util.test.junit.AutoTests" name="[465] /home/travis/build/icyphy/ptII/ptolemy/actor/lib/test/auto/matrixType6.xml (RunModel)" time="0.008" />
  <testcase classname="ptolemy.util.test.junit.AutoTests" name="[466] /home/travis/build/icyphy/ptII/ptolemy/actor/lib/test/auto/matrixType7.xml (RunModel)" time="0.009" />
  <testcase classname="ptolemy.util.test.junit.AutoTests" name="[467] /home/travis/build/icyphy/ptII/ptolemy/actor/lib/test/auto/matrixType8.xml (RunModel)" time="0.009" />
  <testcase classname="ptolemy.util.test.junit.AutoTests" name="[468] /home/travis/build/icyphy/ptII/ptolemy/actor/lib/test/auto/matrixType9.xml (RunModel)" time="0.008" />
  <testcase classname="ptolemy.util.test.junit.AutoTests" name="[469] /home/travis/build/icyphy/ptII/ptolemy/actor/lib/test/auto/paraFunctest.xml (RunModel)" time="0.007" />
  <testcase classname="ptolemy.util.test.junit.AutoTests" name="[470] /home/travis/build/icyphy/ptII/ptolemy/actor/lib/test/auto/paraFunctest2.xml (RunModel)" time="0.009" />
  <testcase classname="ptolemy.util.test.junit.AutoTests" name="[471] /home/travis/build/icyphy/ptII/ptolemy/actor/lib/test/auto/parameterPassing.xml (RunModel)" time="0.009" />
  <testcase classname="ptolemy.util.test.junit.AutoTests" name="[472] /home/travis/build/icyphy/ptII/ptolemy/actor/lib/test/auto/record.xml (RunModel)" time="0.009" />
  <testcase classname="ptolemy.util.test.junit.AutoTests" name="[473] /home/travis/build/icyphy/ptII/ptolemy/actor/lib/test/auto/sizedarray1.xml (RunModel)" time="0.01" />
  <testcase classname="ptolemy.util.test.junit.AutoTests" name="[474] /home/travis/build/icyphy/ptII/ptolemy/actor/lib/test/auto/sizedarray2.xml (RunModel)" time="0.01" />
  <testcase classname="ptolemy.util.test.junit.AutoTests" name="[475] /home/travis/build/icyphy/ptII/ptolemy/actor/lib/test/auto/twoPublishers.xml (RunModel)" time="0.027" />
  <system-out><![CDATA[/home/travis/build/icyphy/ptII/ptolemy/actor/lib/test/AbsoluteValue.tcl
testDefs.tcl: setting time out to 9000 seconds at Tue Nov 20 02:46:42 UTC 2018
90 ms. Memory: 116224K Free: 106749K (92%)
9 ms. Memory: 116224K Free: 105551K (91%)
4 ms. Memory: 116224K Free: 104956K (90%)
7 ms. Memory: 116224K Free: 103766K (89%)
/home/travis/build/icyphy/ptII/ptolemy/actor/lib/test/AddSubtract.tcl
6 ms. Memory: 116224K Free: 101964K (88%)
9 ms. Memory: 116224K Free: 100751K (87%)
4 ms. Memory: 116224K Free: 100156K (86%)
5 ms. Memory: 116224K Free: 99553K (86%)
11 ms. Memory: 116224K Free: 98934K (85%)
3 ms. Memory: 116224K Free: 98299K (85%)
/home/travis/build/icyphy/ptII/ptolemy/actor/lib/test/Average.tcl
11 ms. Memory: 116224K Free: 96482K (83%)
6 ms. Memory: 116224K Free: 95277K (82%)
/home/travis/build/icyphy/ptII/ptolemy/actor/lib/test/Bernoulli.tcl
3 ms. Memory: 116224K Free: 93451K (80%)
11 ms. Memory: 116224K Free: 92849K (80%)
/home/travis/build/icyphy/ptII/ptolemy/actor/lib/test/Clock.tcl
preinitializing
resolving types
initializing
executing number 1
wrapping up
idle
9 ms. Memory: 116224K Free: 90453K (78%)
Completed execution with 5 iterations
preinitializing
resolving types
initializing
executing number 1
wrapping up
idle
10 ms. Memory: 116224K Free: 89818K (77%)
Completed execution with 5 iterations
preinitializing
resolving types
initializing
executing number 1
wrapping up
idle
3 ms. Memory: 116224K Free: 89215K (77%)
Completed execution with 5 iterations
/home/travis/build/icyphy/ptII/ptolemy/actor/lib/test/Commutator.tcl
5 ms. Memory: 116224K Free: 87399K (75%)
5 ms. Memory: 116224K Free: 86193K (74%)
7 ms. Memory: 116224K Free: 81903K (70%)
/home/travis/build/icyphy/ptII/ptolemy/actor/lib/test/Const.tcl
8 ms. Memory: 146944K Free: 139977K (95%)
2 ms. Memory: 146944K Free: 138769K (94%)
6 ms. Memory: 146944K Free: 138769K (94%)
6 ms. Memory: 146944K Free: 137561K (94%)
10 ms. Memory: 146944K Free: 137561K (94%)
20 ms. Memory: 146944K Free: 135160K (92%)
4 ms. Memory: 146944K Free: 135160K (92%)
2 ms. Memory: 146944K Free: 133960K (91%)
/home/travis/build/icyphy/ptII/ptolemy/actor/lib/test/CurrentTime.tcl
preinitializing
resolving types
initializing
executing number 1
wrapping up
idle
6 ms. Memory: 146944K Free: 131543K (90%)
Completed execution with 11 iterations
/home/travis/build/icyphy/ptII/ptolemy/actor/lib/test/DB.tcl
3 ms. Memory: 146944K Free: 130342K (89%)
1 ms. Memory: 146944K Free: 129141K (88%)
2 ms. Memory: 146944K Free: 129141K (88%)
/home/travis/build/icyphy/ptII/ptolemy/actor/lib/test/DiscreteRandomSource.tcl
preinitializing
resolving types
initializing
executing number 1
wrapping up
idle
3 ms. Memory: 146944K Free: 127941K (87%)
Completed execution with 4 iterations
preinitializing
resolving types
initializing
executing number 1
wrapping up
idle
2 ms. Memory: 146944K Free: 126741K (86%)
Completed execution with 4 iterations
preinitializing
resolving types
initializing
executing number 1
wrapping up
idle
2 ms. Memory: 146944K Free: 126741K (86%)
Completed execution with 4 iterations
preinitializing
resolving types
initializing
executing number 1
wrapping up
idle
3 ms. Memory: 146944K Free: 125525K (85%)
Completed execution with 4 iterations
preinitializing
resolving types
initializing
executing number 1
wrapping up
idle
4 ms. Memory: 146944K Free: 125525K (85%)
Completed execution with 4 iterations
/home/travis/build/icyphy/ptII/ptolemy/actor/lib/test/Distributor.tcl
11 ms. Memory: 146944K Free: 123095K (84%)
3 ms. Memory: 146944K Free: 121879K (83%)
StreamChangeRequest.changeExecuted(): <deleteEntity name="rec2"/> succeeded
StreamChangeRequest.changeExecuted(): <deleteRelation name="r2"/> succeeded
StreamChangeRequest.changeExecuted(): Record firings per iteration succeeded
12 ms. Memory: 146944K Free: 119447K (81%)
/home/travis/build/icyphy/ptII/ptolemy/actor/lib/test/Exit.tcl
Exit.tcl: this will print a message about Manager.exitAfterWrapup, which can be ignored.
4 ms. Memory: 146944K Free: 116433K (79%)
/home/travis/build/icyphy/ptII/ptolemy/actor/lib/test/Expression.tcl
5 ms. Memory: 146944K Free: 112788K (77%)
3 ms. Memory: 146944K Free: 112788K (77%)
2 ms. Memory: 146944K Free: 111571K (76%)
preinitializing
resolving types
initializing
executing number 1
wrapping up
idle
6 ms. Memory: 146944K Free: 110355K (75%)
Completed execution with 6 iterations
3 ms. Memory: 146944K Free: 109139K (74%)
4 ms. Memory: 146944K Free: 109139K (74%)
4 ms. Memory: 146944K Free: 107936K (73%)
4 ms. Memory: 146944K Free: 106736K (73%)
3 ms. Memory: 146944K Free: 105536K (72%)
/home/travis/build/icyphy/ptII/ptolemy/actor/lib/test/Gaussian.tcl
14 ms. Memory: 146944K Free: 103111K (70%)
sleeping 1 seconds: ..............................................................................................................................................................................................................................................................................................................................................................................................................................................................................................................................................................................................................................................................................................................................................................................................................................................................................................................................................................................................................................................................................................................................................................................................................................................................................................................................................................................................................................................................................................................................................................................................................................................................................................................................................................................................................................................................................................................................................................................................................................................................................................................................................................................................................................................................................................................................................................................................................................................................................................................................................................................................................................................................................................................................................................................................................................................................................................................................................................................................................................................................................................................................................................................................................................................................................................................................................................................................................................................................................................................................................................................................................................................................................................................................................................................................................................................................................................................................................................................................................................................................................................................................................................................................................................................................................................................................................................................................................................................................................................................................................................................................................................................................................................................................................................................................................................................................................................................................................................................................................................................................................................................................................................................................................................................................................................................................................................................................................................................................................................................................................................................................................................................................................................................................................................................................................................................................................................................................................................................................................................................................................................................................................................................................................................................................................................................................................................................................................................................................................................................................................................................................................................................................................................................................................................................................................................................................................................................................................................................................................................................................5 ms. Memory: 146944K Free: 134813K (92%)
4 ms. Memory: 146944K Free: 133628K (91%)
2 ms. Memory: 146944K Free: 132443K (90%)
6 ms. Memory: 146944K Free: 132183K (90%)
5 ms. Memory: 146944K Free: 130999K (89%)
/home/travis/build/icyphy/ptII/ptolemy/actor/lib/test/IIR.tcl
/home/travis/build/icyphy/ptII/ptolemy/actor/lib/test/Interpolator.tcl
2 ms. Memory: 146944K Free: 127428K (87%)
1 ms. Memory: 146944K Free: 127428K (87%)
2 ms. Memory: 146944K Free: 126243K (86%)
1 ms. Memory: 146944K Free: 126243K (86%)
2 ms. Memory: 146944K Free: 125058K (85%)
2 ms. Memory: 146944K Free: 123873K (84%)
2 ms. Memory: 146944K Free: 122688K (83%)
2 ms. Memory: 146944K Free: 122688K (83%)
2 ms. Memory: 146944K Free: 121503K (83%)
2 ms. Memory: 146944K Free: 120318K (82%)
/home/travis/build/icyphy/ptII/ptolemy/actor/lib/test/MathFunction.tcl
10 ms. Memory: 146944K Free: 117948K (80%)
2 ms. Memory: 146944K Free: 116763K (79%)
2 ms. Memory: 146944K Free: 115578K (79%)
5 ms. Memory: 146944K Free: 115578K (79%)
4 ms. Memory: 146944K Free: 114393K (78%)
11 ms. Memory: 146944K Free: 112023K (76%)
/home/travis/build/icyphy/ptII/ptolemy/actor/lib/test/Maximum.tcl
5 ms. Memory: 146944K Free: 109653K (75%)
5 ms. Memory: 146944K Free: 109653K (75%)
5 ms. Memory: 146944K Free: 108468K (74%)
5 ms. Memory: 146944K Free: 108468K (74%)
/home/travis/build/icyphy/ptII/ptolemy/actor/lib/test/Minimum.tcl
3 ms. Memory: 146944K Free: 106098K (72%)
2 ms. Memory: 146944K Free: 106098K (72%)
2 ms. Memory: 146944K Free: 104913K (71%)
7 ms. Memory: 146944K Free: 103729K (71%)
/home/travis/build/icyphy/ptII/ptolemy/actor/lib/test/MultiplyDivide.tcl
7 ms. Memory: 146944K Free: 102544K (70%)
2 ms. Memory: 146944K Free: 101359K (69%)
2 ms. Memory: 146944K Free: 101359K (69%)
8 ms. Memory: 146944K Free: 100174K (68%)
4 ms. Memory: 146944K Free: 98989K (67%)
/home/travis/build/icyphy/ptII/ptolemy/actor/lib/test/OrderedMerge.tcl
Connections changed on port: inputA
Connections changed on port: inputB
Connections changed on port: output
Connections changed on port: output
Connections changed on port: output
Connections changed on port: input
.top. Preinitializing ...
Invoking preinitialize():  .top.OrderedMerge
Called preinitialize()
Invoking preinitialize():  .top.Ramp
Called preinitialize()
Invoking preinitialize():  .top.Ramp2
Called preinitialize()
Invoking preinitialize():  .top.Test
Called preinitialize()
Connections changed on port: inputA
Connections changed on port: output
Connections changed on port: inputB
Connections changed on port: output
Connections changed on port: output
Connections changed on port: input
.top. Finished preinitialize().
Called initialize().
Invoking initialize():  .top.OrderedMerge
Initializing actor: .top.OrderedMerge
Adding a thread: .top.OrderedMerge
Invoking initialize():  .top.Ramp
Initializing actor: .top.Ramp
Adding a thread: .top.Ramp
Invoking initialize():  .top.Ramp2
Initializing actor: .top.Ramp2
Adding a thread: .top.Ramp2
Invoking initialize():  .top.Test
Initializing actor: .top.Test
Adding a thread: .top.Test
-- Starting thread.
Called initialize()
Called prefire()
Called fire()
-- Starting thread.
Called initialize()
Called prefire()
Called fire()
Called postfire()
Called prefire()
Called fire()
-- Starting thread.
Called initialize()
Called prefire()
Called fire()
Called postfire()
Called prefire()
Called fire()
Called fire().
Checking for deadlock:
There are 3 Blocked actors, 0 Stopped actors, and 4 active threads.
Waiting for actors to stop.
-- Starting thread.
Called initialize()
Called prefire()
Called fire()
Checking for deadlock:
There are 2 Blocked actors, 0 Stopped actors, and 4 active threads.
Waiting for actors to stop.
Read input token from inputA with value 0.0
Next port to read input from is inputB
Called postfire()
Called prefire()
Called fire()
Read input token from inputB with value 0.0
Sent output token with value 0.0
Next port to read input from is inputA
Called postfire()
Called prefire()
Called fire()
Checking for deadlock:
Called postfire()
There are 0 Blocked actors, 0 Stopped actors, and 4 active threads.
Called prefire()
Waiting for actors to stop.
Called fire()
Called postfire()
Called prefire()
Called fire()
Checking for deadlock:
There are 2 Blocked actors, 0 Stopped actors, and 4 active threads.
Waiting for actors to stop.
-- Read input: 0.0, which is expected to match: 0.0
Called prefire()
Called fire()
Checking for deadlock:
There are 2 Blocked actors, 0 Stopped actors, and 4 active threads.
Waiting for actors to stop.
Read input token from inputA with value 1.0
Called postfire()
Called prefire()
Called fire()
-- Read input: 0.0, which is expected to match: 0.0
Called prefire()
Called fire()
Checking for deadlock:
There are 3 Blocked actors, 0 Stopped actors, and 4 active threads.
Waiting for actors to stop.
Sent output token with value 0.0
Next port to read input from is inputB
Called postfire()
Called prefire()
Called fire()
Checking for deadlock:
There are 2 Blocked actors, 0 Stopped actors, and 4 active threads.
Read input token from inputB with value 1.5
Waiting for actors to stop.
Called postfire()
Called prefire()
Called fire()
Checking for deadlock:
There are 3 Blocked actors, 0 Stopped actors, and 4 active threads.
Waiting for actors to stop.
Checking for deadlock:
There are 2 Blocked actors, 0 Stopped actors, and 4 active threads.
Sent output token with value 1.0
Waiting for actors to stop.
-- Read input: 1.0, which is expected to match: 1.0
Called prefire()
Called fire()
Checking for deadlock:
There are 3 Blocked actors, 0 Stopped actors, and 4 active threads.
Waiting for actors to stop.
Next port to read input from is inputA
Called postfire()
Called prefire()
Called fire()
Called postfire()
Checking for deadlock:
Called prefire()
Called fire()
There are 2 Blocked actors, 0 Stopped actors, and 4 active threads.
Waiting for actors to stop.
Checking for deadlock:
There are 3 Blocked actors, 0 Stopped actors, and 4 active threads.
Waiting for actors to stop.
Read input token from inputA with value 2.0
Checking for deadlock:
There are 2 Blocked actors, 0 Stopped actors, and 4 active threads.
Waiting for actors to stop.
-- Read input: 1.5, which is expected to match: 1.5
Called prefire()
Called fire()
Checking for deadlock:
Sent output token with value 1.5
There are 3 Blocked actors, 0 Stopped actors, and 4 active threads.
Waiting for actors to stop.
Next port to read input from is inputB
Called postfire()
Called prefire()
Called fire()
Called postfire()
Called prefire()
Called fire()
Checking for deadlock:
There are 3 Blocked actors, 0 Stopped actors, and 4 active threads.
Waiting for actors to stop.
Read input token from inputB with value 3.0
Checking for deadlock:
There are 2 Blocked actors, 0 Stopped actors, and 4 active threads.
Waiting for actors to stop.
Sent output token with value 2.0
-- Read input: 2.0, which is expected to match: 2.0
Next port to read input from is inputA
Called postfire()
Called prefire()
Called prefire()
Called fire()
Called fire()
Checking for deadlock:
There are 2 Blocked actors, 0 Stopped actors, and 4 active threads.
Waiting for actors to stop.
Read input token from inputA with value 3.0
Called postfire()
Called prefire()
Called fire()
Checking for deadlock:
There are 1 Blocked actors, 0 Stopped actors, and 4 active threads.
Waiting for actors to stop.
-- Read input: 3.0, which is expected to match: 3.0
Called prefire()
Called fire()
Checking for deadlock:
There are 3 Blocked actors, 0 Stopped actors, and 4 active threads.
Waiting for actors to stop.
Sent output token with value 3.0
Next port to read input from is inputB
Called postfire()
Called prefire()
Called fire()
Checking for deadlock:
There are 2 Blocked actors, 0 Stopped actors, and 4 active threads.
Waiting for actors to stop.
Called postfire()
Called prefire()
Called fire()
Checking for deadlock:
Read input token from inputB with value 4.5
There are 3 Blocked actors, 0 Stopped actors, and 4 active threads.
Waiting for actors to stop.
Sent output token with value 3.0
Next port to read input from is inputA
Called postfire()
Called prefire()
Called fire()
Checking for deadlock:
There are 2 Blocked actors, 0 Stopped actors, and 4 active threads.
Waiting for actors to stop.
-- Read input: 3.0, which is expected to match: 3.0
Called prefire()
Called fire()
Checking for deadlock:
There are 3 Blocked actors, 0 Stopped actors, and 4 active threads.
Waiting for actors to stop.
Called postfire()
Called prefire()
Checking for deadlock:
Called fire()
There are 2 Blocked actors, 0 Stopped actors, and 4 active threads.
Waiting for actors to stop.
Checking for deadlock:
There are 3 Blocked actors, 0 Stopped actors, and 4 active threads.
Waiting for actors to stop.
Read input token from inputA with value 4.0
Checking for deadlock:
There are 2 Blocked actors, 0 Stopped actors, and 4 active threads.
Waiting for actors to stop.
-- Read input: 4.0, which is expected to match: 4.0
Called prefire()
Called fire()
Past the end of training data. Read and discard all inputs.
Checking for deadlock:
Sent output token with value 4.0
There are 3 Blocked actors, 0 Stopped actors, and 4 active threads.
Waiting for actors to stop.
Next port to read input from is inputA
Called postfire()
Called prefire()
Called fire()
Called postfire()
Checking for deadlock:
Called prefire()
There are 2 Blocked actors, 0 Stopped actors, and 4 active threads.
Called fire()
Waiting for actors to stop.
Checking for deadlock:
There are 3 Blocked actors, 0 Stopped actors, and 4 active threads.
Waiting for actors to stop.
Read input token from inputA with value 5.0
Checking for deadlock:
There are 2 Blocked actors, 0 Stopped actors, and 4 active threads.
Waiting for actors to stop.
Called prefire()
Called fire()
Past the end of training data. Read and discard all inputs.
Checking for deadlock:
There are 3 Blocked actors, 0 Stopped actors, and 4 active threads.
Sent output token with value 4.5
Waiting for actors to stop.
Next port to read input from is inputB
Called postfire()
Called prefire()
Called fire()
Called postfire()
Called prefire()
Called fire()
Checking for deadlock:
There are 3 Blocked actors, 0 Stopped actors, and 4 active threads.
Waiting for actors to stop.
Read input token from inputB with value 6.0
Checking for deadlock:
Sent output token with value 5.0
There are 2 Blocked actors, 0 Stopped actors, and 4 active threads.
Waiting for actors to stop.
Called prefire()
Next port to read input from is inputA
Called fire()
Called postfire()
Past the end of training data. Read and discard all inputs.
Called prefire()
Checking for deadlock:
Called fire()
There are 3 Blocked actors, 0 Stopped actors, and 4 active threads.
Waiting for actors to stop.
Checking for deadlock:
There are 2 Blocked actors, 0 Stopped actors, and 4 active threads.
Waiting for actors to stop.
Read input token from inputA with value 6.0
Called postfire()
Called prefire()
Called fire()
Checking for deadlock:
There are 2 Blocked actors, 0 Stopped actors, and 4 active threads.
Sent output token with value 6.0
Waiting for actors to stop.
Called prefire()
Called fire()
Past the end of training data. Read and discard all inputs.
Checking for deadlock:
There are 3 Blocked actors, 0 Stopped actors, and 4 active threads.
Waiting for actors to stop.
Next port to read input from is inputB
Called postfire()
Called prefire()
Called fire()
Called postfire()
Called prefire()
Called fire()
Checking for deadlock:
There are 3 Blocked actors, 0 Stopped actors, and 4 active threads.
Waiting for actors to stop.
Read input token from inputB with value 7.5
Sent output token with value 6.0
Called prefire()
Called fire()
Past the end of training data. Read and discard all inputs.
Next port to read input from is inputA
Called postfire()
Checking for deadlock:
There are 3 Blocked actors, 0 Stopped actors, and 4 active threads.
Called prefire()
Waiting for actors to stop.
Called fire()
Checking for deadlock:
There are 2 Blocked actors, 0 Stopped actors, and 4 active threads.
Waiting for actors to stop.
Read input token from inputA with value 7.0
Called postfire()
Checking for deadlock:
There are 1 Blocked actors, 0 Stopped actors, and 4 active threads.
Waiting for actors to stop.
Called prefire()
Called fire()
Called prefire()
Past the end of training data. Read and discard all inputs.
Called fire()
Checking for deadlock:
There are 2 Blocked actors, 0 Stopped actors, and 4 active threads.
Waiting for actors to stop.
Checking for deadlock:
There are 3 Blocked actors, 0 Stopped actors, and 4 active threads.
Sent output token with value 7.0
Waiting for actors to stop.
Next port to read input from is inputA
Called postfire()
Called prefire()
Called fire()
Checking for deadlock:
There are 2 Blocked actors, 0 Stopped actors, and 4 active threads.
Read input token from inputA with value 8.0
Waiting for actors to stop.
Checking for deadlock:
There are 1 Blocked actors, 0 Stopped actors, and 4 active threads.
Waiting for actors to stop.
-- Thread wrapup() called.
Called prefire()
Called fire()
Called wrapup()
Past the end of training data. Read and discard all inputs.
Thread .top.Ramp is exiting.
-- Thread stopped.
Sent output token with value 7.5
Checking for deadlock:
There are 1 Blocked actors, 0 Stopped actors, and 3 active threads.
Waiting for actors to stop.
Checking for deadlock:
There are 2 Blocked actors, 0 Stopped actors, and 3 active threads.
Next port to read input from is inputB
Waiting for actors to stop.
Called postfire()
Called prefire()
Called fire()
Checking for deadlock:
There are 1 Blocked actors, 0 Stopped actors, and 3 active threads.
Waiting for actors to stop.
Called postfire()
Called prefire()
Called fire()
Checking for deadlock:
There are 2 Blocked actors, 0 Stopped actors, and 3 active threads.
Waiting for actors to stop.
Read input token from inputB with value 9.0
Checking for deadlock:
There are 1 Blocked actors, 0 Stopped actors, and 3 active threads.
Waiting for actors to stop.
Sent output token with value 8.0
Called prefire()
Called fire()
Past the end of training data. Read and discard all inputs.
Next port to read input from is inputA
Called postfire()
Called prefire()
Called fire()
Checking for deadlock:
There are 2 Blocked actors, 0 Stopped actors, and 3 active threads.
Waiting for actors to stop.
Read input token from inputA with value 9.0
Checking for deadlock:
There are 1 Blocked actors, 0 Stopped actors, and 3 active threads.
Waiting for actors to stop.
Sent output token with value 9.0
Next port to read input from is inputB
Called postfire()
Called prefire()
Called fire()
Read input token from inputB with value 10.5
Called postfire()
Called prefire()
Called fire()
Sent output token with value 9.0
Next port to read input from is inputA
Called postfire()
Called prefire()
Called fire()
Checking for deadlock:
There are 2 Blocked actors, 0 Stopped actors, and 3 active threads.
Waiting for actors to stop.
Called prefire()
Called fire()
Past the end of training data. Read and discard all inputs.
Called prefire()
Called fire()
Past the end of training data. Read and discard all inputs.
Checking for deadlock:
There are 3 Blocked actors, 0 Stopped actors, and 3 active threads.
Actors have stopped.
Checking for deadlock:
There are 3 Blocked actors, 0 Stopped actors, and 3 active threads.
Deadlock detected.
Resolving Deadlock
Checking for deadlock:
There are 3 Blocked actors, 0 Stopped actors, and 3 active threads.
Artificial Deadlock - increasing queue capacity.
increasing the capacity of receiver ptolemy.actor.TypedIOPort {.top.OrderedMerge.inputB} to 2
-- Thread wrapup() called.
Director: Called postfire().
Called postfire().
Called wrapup()
_stopRequested = false
_stopFireRequested = false
Returning from postfire(): true
Thread .top.Ramp2 is exiting.
-- Thread stopped.
Called fire().
Checking for deadlock:
There are 2 Blocked actors, 0 Stopped actors, and 2 active threads.
Actors have stopped.
Checking for deadlock:
There are 2 Blocked actors, 0 Stopped actors, and 2 active threads.
Deadlock detected.
Resolving Deadlock
Checking for deadlock:
There are 2 Blocked actors, 0 Stopped actors, and 2 active threads.
Deadlock detected: no processes blocked on write, but some are blocked on read.
Called postfire().
_stopRequested = false
_stopFireRequested = false
Returning from postfire(): false
Finished deactivating branches.
Called wrapup().
-- Thread wrapup() called.
Called wrapup()
Thread .top.OrderedMerge is exiting.
-- Thread stopped.
-- Blocked Receiver call threw TerminateProcessException.
-- Thread wrapup() called.
Called wrapup()
Thread .top.Test is exiting.
-- Thread stopped.
-- Blocked Receiver call threw TerminateProcessException.
37 ms. Memory: 146944K Free: 94980K (65%)
.top. Preinitializing ...
Invoking preinitialize():  .top.OrderedMerge
Called preinitialize()
Invoking preinitialize():  .top.Ramp
Called preinitialize()
Invoking preinitialize():  .top.Ramp2
Called preinitialize()
Invoking preinitialize():  .top.Test
Called preinitialize()
.top. Finished preinitialize().
Called initialize().
Invoking initialize():  .top.OrderedMerge
Initializing actor: .top.OrderedMerge
Adding a thread: .top.OrderedMerge
Invoking initialize():  .top.Ramp
Initializing actor: .top.Ramp
Adding a thread: .top.Ramp
Invoking initialize():  .top.Ramp2
Initializing actor: .top.Ramp2
Adding a thread: .top.Ramp2
Invoking initialize():  .top.Test
Initializing actor: .top.Test
Adding a thread: .top.Test
-- Starting thread.
Called initialize()
Called prefire()
Called fire()
-- Starting thread.
Called initialize()
Called prefire()
Called fire()
Called postfire()
Called prefire()
Called fire()
-- Starting thread.
Called initialize()
Called prefire()
Called fire()
Called postfire()
Called prefire()
Called fire()
Called fire().
Checking for deadlock:
There are 3 Blocked actors, 0 Stopped actors, and 4 active threads.
Waiting for actors to stop.
-- Starting thread.
Called initialize()
Called prefire()
Called fire()
Checking for deadlock:
There are 2 Blocked actors, 0 Stopped actors, and 4 active threads.
Waiting for actors to stop.
Called postfire()
Called prefire()
Called fire()
Checking for deadlock:
There are 3 Blocked actors, 0 Stopped actors, and 4 active threads.
Waiting for actors to stop.
Read input token from inputA with value 0.0
Next port to read input from is inputB
Called postfire()
Called prefire()
Called fire()
Checking for deadlock:
There are 2 Blocked actors, 0 Stopped actors, and 4 active threads.
Waiting for actors to stop.
Called postfire()
Called prefire()
Called fire()
Checking for deadlock:
There are 3 Blocked actors, 0 Stopped actors, and 4 active threads.
Waiting for actors to stop.
Read input token from inputB with value 0.0
Checking for deadlock:
There are 2 Blocked actors, 0 Stopped actors, and 4 active threads.
Waiting for actors to stop.
-- Read input: 0.0, which is expected to match: 0.0
Called prefire()
Called fire()
Checking for deadlock:
There are 3 Blocked actors, 0 Stopped actors, and 4 active threads.
Waiting for actors to stop.
Sent output token with value 0.0
Next port to read input from is inputA
Called postfire()
Called prefire()
Called fire()
Checking for deadlock:
There are 2 Blocked actors, 0 Stopped actors, and 4 active threads.
Waiting for actors to stop.
Called postfire()
Called prefire()
Called fire()
Checking for deadlock:
There are 3 Blocked actors, 0 Stopped actors, and 4 active threads.
Waiting for actors to stop.
Read input token from inputA with value 1.0
Checking for deadlock:
There are 2 Blocked actors, 0 Stopped actors, and 4 active threads.
Waiting for actors to stop.
-- Read input: 0.0, which is expected to match: 0.0
Called prefire()
Called fire()
Checking for deadlock:
There are 3 Blocked actors, 0 Stopped actors, and 4 active threads.
Waiting for actors to stop.
Sent output token with value 0.0
Next port to read input from is inputB
Called postfire()
Called prefire()
Called fire()
Checking for deadlock:
There are 2 Blocked actors, 0 Stopped actors, and 4 active threads.
Waiting for actors to stop.
Called postfire()
Called prefire()
Called fire()
Checking for deadlock:
There are 3 Blocked actors, 0 Stopped actors, and 4 active threads.
Waiting for actors to stop.
Read input token from inputB with value 1.5
Checking for deadlock:
There are 2 Blocked actors, 0 Stopped actors, and 4 active threads.
Waiting for actors to stop.
-- Read input: 1.0, which is expected to match: 1.0
Called prefire()
Called fire()
Checking for deadlock:
There are 3 Blocked actors, 0 Stopped actors, and 4 active threads.
Waiting for actors to stop.
Sent output token with value 1.0
Next port to read input from is inputA
Called postfire()
Called prefire()
Called fire()
Checking for deadlock:
There are 2 Blocked actors, 0 Stopped actors, and 4 active threads.
Waiting for actors to stop.
Called postfire()
Called prefire()
Called fire()
Checking for deadlock:
There are 3 Blocked actors, 0 Stopped actors, and 4 active threads.
Waiting for actors to stop.
Read input token from inputA with value 2.0
Checking for deadlock:
There are 2 Blocked actors, 0 Stopped actors, and 4 active threads.
Waiting for actors to stop.
-- Read input: 1.5, which is expected to match: 1.5
Called prefire()
Called fire()
Checking for deadlock:
There are 3 Blocked actors, 0 Stopped actors, and 4 active threads.
Waiting for actors to stop.
Sent output token with value 1.5
Next port to read input from is inputB
Called postfire()
Called prefire()
Called fire()
Checking for deadlock:
There are 2 Blocked actors, 0 Stopped actors, and 4 active threads.
Waiting for actors to stop.
Called postfire()
Called prefire()
Called fire()
Checking for deadlock:
There are 3 Blocked actors, 0 Stopped actors, and 4 active threads.
Waiting for actors to stop.
Read input token from inputB with value 3.0
Checking for deadlock:
There are 2 Blocked actors, 0 Stopped actors, and 4 active threads.
Waiting for actors to stop.
-- Read input: 2.0, which is expected to match: 2.0
Called prefire()
Called fire()
Checking for deadlock:
There are 3 Blocked actors, 0 Stopped actors, and 4 active threads.
Waiting for actors to stop.
Sent output token with value 2.0
Next port to read input from is inputA
Called postfire()
Called prefire()
Called fire()
Checking for deadlock:
There are 2 Blocked actors, 0 Stopped actors, and 4 active threads.
Waiting for actors to stop.
Called postfire()
Called prefire()
Called fire()
Checking for deadlock:
There are 3 Blocked actors, 0 Stopped actors, and 4 active threads.
Waiting for actors to stop.
Read input token from inputA with value 3.0
Checking for deadlock:
There are 2 Blocked actors, 0 Stopped actors, and 4 active threads.
Waiting for actors to stop.
-- Read input: 3.0, which is expected to match: 3.0
Called prefire()
Called fire()
Checking for deadlock:
There are 3 Blocked actors, 0 Stopped actors, and 4 active threads.
Waiting for actors to stop.
Sent output token with value 3.0
Next port to read input from is inputB
Called postfire()
Called prefire()
Called fire()
Checking for deadlock:
There are 2 Blocked actors, 0 Stopped actors, and 4 active threads.
Waiting for actors to stop.
Called postfire()
Called prefire()
Called fire()
Checking for deadlock:
There are 3 Blocked actors, 0 Stopped actors, and 4 active threads.
Waiting for actors to stop.
Read input token from inputB with value 4.5
Checking for deadlock:
There are 2 Blocked actors, 0 Stopped actors, and 4 active threads.
Waiting for actors to stop.
-- Read input: 3.0, which is expected to match: 3.0
Called prefire()
Called fire()
Checking for deadlock:
There are 3 Blocked actors, 0 Stopped actors, and 4 active threads.
Waiting for actors to stop.
Sent output token with value 3.0
Next port to read input from is inputA
Called postfire()
Called prefire()
Called fire()
Called postfire()
Called prefire()
Called fire()
Checking for deadlock:
There are 3 Blocked actors, 0 Stopped actors, and 4 active threads.
Waiting for actors to stop.
Read input token from inputA with value 4.0
-- Read input: 4.0, which is expected to match: 4.0
Called prefire()
Called fire()
Past the end of training data. Read and discard all inputs.
Checking for deadlock:
There are 3 Blocked actors, 0 Stopped actors, and 4 active threads.
Waiting for actors to stop.
Sent output token with value 4.0
Next port to read input from is inputA
Called postfire()
Called prefire()
Called fire()
Called postfire()
Called prefire()
Called fire()
Checking for deadlock:
There are 3 Blocked actors, 0 Stopped actors, and 4 active threads.
Waiting for actors to stop.
Read input token from inputA with value 5.0
Called prefire()
Called fire()
Past the end of training data. Read and discard all inputs.
Checking for deadlock:
There are 3 Blocked actors, 0 Stopped actors, and 4 active threads.
Waiting for actors to stop.
Sent output token with value 4.5
Next port to read input from is inputB
Called postfire()
Called prefire()
Called fire()
Checking for deadlock:
There are 2 Blocked actors, 0 Stopped actors, and 4 active threads.
Waiting for actors to stop.
Called postfire()
Called prefire()
Called fire()
Checking for deadlock:
There are 3 Blocked actors, 0 Stopped actors, and 4 active threads.
Waiting for actors to stop.
Read input token from inputB with value 6.0
Checking for deadlock:
There are 2 Blocked actors, 0 Stopped actors, and 4 active threads.
Waiting for actors to stop.
Called prefire()
Called fire()
Past the end of training data. Read and discard all inputs.
Checking for deadlock:
There are 3 Blocked actors, 0 Stopped actors, and 4 active threads.
Waiting for actors to stop.
Sent output token with value 5.0
Next port to read input from is inputA
Called postfire()
Called prefire()
Called fire()
Called postfire()
Called prefire()
Called fire()
Checking for deadlock:
There are 3 Blocked actors, 0 Stopped actors, and 4 active threads.
Waiting for actors to stop.
Read input token from inputA with value 6.0
Called prefire()
Called fire()
Past the end of training data. Read and discard all inputs.
Checking for deadlock:
There are 3 Blocked actors, 0 Stopped actors, and 4 active threads.
Waiting for actors to stop.
Sent output token with value 6.0
Next port to read input from is inputB
Called postfire()
Called prefire()
Called fire()
Checking for deadlock:
There are 2 Blocked actors, 0 Stopped actors, and 4 active threads.
Waiting for actors to stop.
Called postfire()
Called prefire()
Called fire()
Checking for deadlock:
There are 3 Blocked actors, 0 Stopped actors, and 4 active threads.
Waiting for actors to stop.
Read input token from inputB with value 7.5
Checking for deadlock:
There are 2 Blocked actors, 0 Stopped actors, and 4 active threads.
Waiting for actors to stop.
Called prefire()
Called fire()
Past the end of training data. Read and discard all inputs.
Checking for deadlock:
There are 3 Blocked actors, 0 Stopped actors, and 4 active threads.
Waiting for actors to stop.
Sent output token with value 6.0
Next port to read input from is inputA
Called postfire()
Called prefire()
Called fire()
Called postfire()
Called prefire()
Called fire()
Checking for deadlock:
There are 3 Blocked actors, 0 Stopped actors, and 4 active threads.
Waiting for actors to stop.
Read input token from inputA with value 7.0
Called prefire()
Called fire()
Past the end of training data. Read and discard all inputs.
Checking for deadlock:
There are 3 Blocked actors, 0 Stopped actors, and 4 active threads.
Waiting for actors to stop.
Sent output token with value 7.0
Next port to read input from is inputA
Called postfire()
Called prefire()
Called fire()
-- Thread wrapup() called.
Called wrapup()
Thread .top.Ramp is exiting.
-- Thread stopped.
Checking for deadlock:
There are 2 Blocked actors, 0 Stopped actors, and 3 active threads.
Waiting for actors to stop.
Read input token from inputA with value 8.0
Called prefire()
Called fire()
Past the end of training data. Read and discard all inputs.
Checking for deadlock:
There are 2 Blocked actors, 0 Stopped actors, and 3 active threads.
Waiting for actors to stop.
Sent output token with value 7.5
Next port to read input from is inputB
Called postfire()
Called prefire()
Called fire()
Checking for deadlock:
There are 1 Blocked actors, 0 Stopped actors, and 3 active threads.
Waiting for actors to stop.
Called postfire()
Called prefire()
Called fire()
Checking for deadlock:
There are 2 Blocked actors, 0 Stopped actors, and 3 active threads.
Waiting for actors to stop.
Read input token from inputB with value 9.0
Checking for deadlock:
There are 1 Blocked actors, 0 Stopped actors, and 3 active threads.
Waiting for actors to stop.
Called prefire()
Called fire()
Past the end of training data. Read and discard all inputs.
Checking for deadlock:
There are 2 Blocked actors, 0 Stopped actors, and 3 active threads.
Waiting for actors to stop.
Sent output token with value 8.0
Next port to read input from is inputA
Called postfire()
Called prefire()
Called fire()
Read input token from inputA with value 9.0
Checking for deadlock:
There are 1 Blocked actors, 0 Stopped actors, and 3 active threads.
Waiting for actors to stop.
Called prefire()
Called fire()
Past the end of training data. Read and discard all inputs.
Checking for deadlock:
There are 2 Blocked actors, 0 Stopped actors, and 3 active threads.
Waiting for actors to stop.
Sent output token with value 9.0
Next port to read input from is inputB
Called postfire()
Called prefire()
Called fire()
Checking for deadlock:
There are 1 Blocked actors, 0 Stopped actors, and 3 active threads.
Waiting for actors to stop.
Called postfire()
Called prefire()
Called fire()
Checking for deadlock:
There are 2 Blocked actors, 0 Stopped actors, and 3 active threads.
Waiting for actors to stop.
Read input token from inputB with value 10.5
Checking for deadlock:
There are 1 Blocked actors, 0 Stopped actors, and 3 active threads.
Waiting for actors to stop.
Called prefire()
Called fire()
Past the end of training data. Read and discard all inputs.
Checking for deadlock:
There are 2 Blocked actors, 0 Stopped actors, and 3 active threads.
Waiting for actors to stop.
Sent output token with value 9.0
Next port to read input from is inputA
Called postfire()
Called prefire()
Called fire()
Checking for deadlock:
There are 3 Blocked actors, 0 Stopped actors, and 3 active threads.
Actors have stopped.
Checking for deadlock:
There are 3 Blocked actors, 0 Stopped actors, and 3 active threads.
Deadlock detected.
Resolving Deadlock
Checking for deadlock:
There are 3 Blocked actors, 0 Stopped actors, and 3 active threads.
Artificial Deadlock - increasing queue capacity.
increasing the capacity of receiver ptolemy.actor.TypedIOPort {.top.OrderedMerge.inputB} to 2
Director: Called postfire().
Called postfire().
_stopRequested = false
_stopFireRequested = false
Returning from postfire(): true
Called fire().
Checking for deadlock:
There are 2 Blocked actors, 0 Stopped actors, and 3 active threads.
Waiting for actors to stop.
-- Thread wrapup() called.
Called wrapup()
Thread .top.Ramp2 is exiting.
-- Thread stopped.
Checking for deadlock:
There are 2 Blocked actors, 0 Stopped actors, and 2 active threads.
Actors have stopped.
Checking for deadlock:
There are 2 Blocked actors, 0 Stopped actors, and 2 active threads.
Deadlock detected.
Resolving Deadlock
Checking for deadlock:
There are 2 Blocked actors, 0 Stopped actors, and 2 active threads.
Deadlock detected: no processes blocked on write, but some are blocked on read.
Called postfire().
_stopRequested = false
_stopFireRequested = false
Returning from postfire(): false
Finished deactivating branches.
Called wrapup().
-- Thread wrapup() called.
Called wrapup()
Thread .top.Test is exiting.
-- Thread stopped.
-- Blocked Receiver call threw TerminateProcessException.
-- Thread wrapup() called.
Called wrapup()
Thread .top.OrderedMerge is exiting.
-- Thread stopped.
-- Blocked Receiver call threw TerminateProcessException.
34 ms. Memory: 146944K Free: 93342K (64%)
/home/travis/build/icyphy/ptII/ptolemy/actor/lib/test/Publisher.tcl
10 ms. Memory: 146944K Free: 87417K (59%)
4 ms. Memory: 146944K Free: 81489K (55%)
5 ms. Memory: 208384K Free: 196957K (95%)
6 ms. Memory: 208384K Free: 196957K (95%)
4 ms. Memory: 208384K Free: 196957K (95%)
10 ms. Memory: 208384K Free: 194594K (93%)
2 ms. Memory: 208384K Free: 194594K (93%)
8 ms. Memory: 208384K Free: 194594K (93%)
1 ms. Memory: 208384K Free: 185127K (89%)
4 ms. Memory: 208384K Free: 180401K (87%)
3 ms. Memory: 208384K Free: 180401K (87%)
1 ms. Memory: 208384K Free: 178038K (85%)
6 ms. Memory: 208384K Free: 168586K (81%)
5 ms. Memory: 208384K Free: 159135K (76%)
12 ms. Memory: 208384K Free: 147288K (71%)
/home/travis/build/icyphy/ptII/ptolemy/actor/lib/test/Pulse.tcl
2 ms. Memory: 208384K Free: 104755K (50%)
2 ms. Memory: 208384K Free: 104755K (50%)
2 ms. Memory: 208384K Free: 102392K (49%)
3 ms. Memory: 208384K Free: 102392K (49%)
2 ms. Memory: 208384K Free: 102392K (49%)
4 ms. Memory: 208384K Free: 102392K (49%)
8 ms. Memory: 208384K Free: 100030K (48%)
2 ms. Memory: 208384K Free: 100030K (48%)
1 ms. Memory: 208384K Free: 100030K (48%)
/home/travis/build/icyphy/ptII/ptolemy/actor/lib/test/Ramp.tcl
8 ms. Memory: 208384K Free: 97667K (47%)
1 ms. Memory: 208384K Free: 95304K (46%)
2 ms. Memory: 208384K Free: 95304K (46%)
6 ms. Memory: 208384K Free: 95304K (46%)
5 ms. Memory: 208384K Free: 92941K (45%)
8 ms. Memory: 208384K Free: 92941K (45%)
4 ms. Memory: 208384K Free: 92941K (45%)
5 actors
6000 microseconds per iteration to create
11 ms. Memory: 208384K Free: 88215K (42%)
2 ms. Memory: 208384K Free: 88215K (42%)
1 ms. Memory: 208384K Free: 88215K (42%)
9 ms. Memory: 208384K Free: 88215K (42%)
50 actors
41000 microseconds per iteration to create
49 ms. Memory: 208384K Free: 192880K (93%)
13 ms. Memory: 208384K Free: 192880K (93%)
5 ms. Memory: 208384K Free: 190484K (91%)
18 ms. Memory: 208384K Free: 190484K (91%)
500 actors
1268000 microseconds per iteration to create
231 ms. Memory: 332288K Free: 257960K (78%)
37 ms. Memory: 332288K Free: 253161K (76%)
36 ms. Memory: 332288K Free: 248361K (75%)
36 ms. Memory: 332288K Free: 243562K (73%)
/home/travis/build/icyphy/ptII/ptolemy/actor/lib/test/RampContinuous.tcl
7 ms. Memory: 332288K Free: 243562K (73%)
/home/travis/build/icyphy/ptII/ptolemy/actor/lib/test/RecordAssembler.tcl
4 ms. Memory: 332288K Free: 238746K (72%)
3 ms. Memory: 332288K Free: 238746K (72%)
/home/travis/build/icyphy/ptII/ptolemy/actor/lib/test/RecordDisassembler.tcl
4 ms. Memory: 332288K Free: 238746K (72%)
6 ms. Memory: 332288K Free: 238746K (72%)
2 ms. Memory: 332288K Free: 233930K (70%)
/home/travis/build/icyphy/ptII/ptolemy/actor/lib/test/Scale.tcl
3 ms. Memory: 332288K Free: 233930K (70%)
1 ms. Memory: 332288K Free: 233930K (70%)
1 ms. Memory: 332288K Free: 233930K (70%)
2 ms. Memory: 332288K Free: 233930K (70%)
6 ms. Memory: 332288K Free: 229115K (69%)
/home/travis/build/icyphy/ptII/ptolemy/actor/lib/test/SequentialClock.tcl
preinitializing
resolving types
initializing
executing number 1
wrapping up
idle
3 ms. Memory: 332288K Free: 229115K (69%)
Completed execution with 5 iterations
preinitializing
resolving types
initializing
executing number 1
wrapping up
idle
3 ms. Memory: 332288K Free: 229115K (69%)
Completed execution with 5 iterations
preinitializing
resolving types
initializing
executing number 1
wrapping up
idle
1 ms. Memory: 332288K Free: 229115K (69%)
Completed execution with 5 iterations
/home/travis/build/icyphy/ptII/ptolemy/actor/lib/test/SetVariable.tcl
3 ms. Memory: 332288K Free: 224315K (68%)
/home/travis/build/icyphy/ptII/ptolemy/actor/lib/test/Sinewave.tcl
/home/travis/build/icyphy/ptII/ptolemy/actor/lib/test/SubscriptionAggregator.tcl
8 ms. Memory: 332288K Free: 214684K (65%)
2 ms. Memory: 332288K Free: 209884K (63%)
0 ms. Memory: 332288K Free: 209884K (63%)
1 ms. Memory: 332288K Free: 209884K (63%)
1 ms. Memory: 332288K Free: 205069K (62%)
3 ms. Memory: 332288K Free: 205069K (62%)
...............................................................769 ms. Memory: 582144K Free: 404252K (69%)
/home/travis/build/icyphy/ptII/ptolemy/actor/lib/test/Test.tcl
 The next command will produce a warning about training mode,
   which may be ignored.
4 ms. Memory: 582144K Free: 404252K (69%)
2 ms. Memory: 582144K Free: 404252K (69%)
1 ms. Memory: 582144K Free: 404252K (69%)
1 ms. Memory: 582144K Free: 404252K (69%)
3 ms. Memory: 582144K Free: 404252K (69%)
2 ms. Memory: 582144K Free: 404252K (69%)
3 ms. Memory: 582144K Free: 404252K (69%)
 The next command will produce a warning about training mode,
   which may be ignored.
6 ms. Memory: 582144K Free: 394602K (68%)
 The next command will produce a warning about training mode,
   which may be ignored.
4 ms. Memory: 582144K Free: 394602K (68%)
1 ms. Memory: 582144K Free: 394602K (68%)
1 ms. Memory: 582144K Free: 394602K (68%)
1 ms. Memory: 582144K Free: 394602K (68%)
10 ms. Memory: 582144K Free: 394602K (68%)
5 ms. Memory: 582144K Free: 394602K (68%)
/home/travis/build/icyphy/ptII/ptolemy/actor/lib/test/TestExceptionHandler.tcl
 The next command will produce a warning about training mode,
   which may be ignored.
2 ms. Memory: 582144K Free: 394602K (68%)
1 ms. Memory: 582144K Free: 384960K (66%)
1 ms. Memory: 582144K Free: 384960K (66%)
/home/travis/build/icyphy/ptII/ptolemy/actor/lib/test/UnionDisassembler.tcl
14 ms. Memory: 582144K Free: 384960K (66%)
/home/travis/build/icyphy/ptII/ptolemy/actor/lib/test/VariableClock.tcl
preinitializing
resolving types
initializing
executing number 1
wrapping up
idle
9 ms. Memory: 582144K Free: 375318K (64%)
Completed execution with 11 iterations
preinitializing
resolving types
initializing
executing number 1
wrapping up
idle
9 ms. Memory: 582144K Free: 375318K (64%)
Completed execution with 10 iterations
11/20/18 02:46:49
Failed: 0  Total Tests: 234  ((Passed: 234, Newly Passed: 0)  Known Failed: 0) /home/travis/build/icyphy/ptII/ptolemy/actor/lib/test
----------------- testing (KnownFailure) /home/travis/build/icyphy/ptII/ptolemy/actor/lib/test/auto/knownFailedTests/PublisherPortToplevelSubscriber.xml
0 ms. Memory: 582144K Free: 365560K (63%)
Known Failure: java.lang.reflect.InvocationTargetException
----------------- testing (KnownFailure) /home/travis/build/icyphy/ptII/ptolemy/actor/lib/test/auto/knownFailedTests/PublisherSubscriberPortToplevel.xml
1 ms. Memory: 582144K Free: 346042K (59%)
Known Failure: java.lang.reflect.InvocationTargetException
----------------- testing (KnownFailure) /home/travis/build/icyphy/ptII/ptolemy/actor/lib/test/auto/knownFailedTests/PublisherSubscriptionAggregatorPort.xml
1 ms. Memory: 582144K Free: 326524K (56%)
Known Failure: java.lang.reflect.InvocationTargetException
----------------- testing (KnownFailure) /home/travis/build/icyphy/ptII/ptolemy/actor/lib/test/auto/knownFailedTests/sizedarray3.xml
3 ms. Memory: 582144K Free: 307006K (53%)
Known Failure: java.lang.reflect.InvocationTargetException
No auto/linux-amd64/*.xml tests in /home/travis/build/icyphy/ptII/ptolemy/actor/lib/test
AutoTests.java: About to close Vertx.
AutoTests.java: Vertx closed.

===========================================================================================
----------------- testing Tue Nov 20 02:46:49 UTC 2018 /home/travis/build/icyphy/ptII/ptolemy/actor/lib/test/auto/AbsoluteValue.xml
----------------- Instantiating /home/travis/build/icyphy/ptII/ptolemy/actor/lib/test/auto/AbsoluteValue.xml
4 ms. Memory: 582144K Free: 229286K (39%)
----------------- Invoking toplevel() on ptolemy.moml.MoMLSimpleApplication@4d2b5083
----------------- Done invoking toplevel() on ptolemy.moml.MoMLSimpleApplication@4d2b5083
reloadAllAccessors: .AbsoluteValue

===========================================================================================
----------------- testing Tue Nov 20 02:46:49 UTC 2018 /home/travis/build/icyphy/ptII/ptolemy/actor/lib/test/auto/AbsoluteValue2.xml
----------------- Instantiating /home/travis/build/icyphy/ptII/ptolemy/actor/lib/test/auto/AbsoluteValue2.xml
4 ms. Memory: 582144K Free: 204873K (35%)
----------------- Invoking toplevel() on ptolemy.moml.MoMLSimpleApplication@182965e8
----------------- Done invoking toplevel() on ptolemy.moml.MoMLSimpleApplication@182965e8
reloadAllAccessors: .AbsoluteValue2

===========================================================================================
----------------- testing Tue Nov 20 02:46:49 UTC 2018 /home/travis/build/icyphy/ptII/ptolemy/actor/lib/test/auto/Accumulator.xml
----------------- Instantiating /home/travis/build/icyphy/ptII/ptolemy/actor/lib/test/auto/Accumulator.xml
6 ms. Memory: 582144K Free: 195114K (34%)
----------------- Invoking toplevel() on ptolemy.moml.MoMLSimpleApplication@3c246abd
----------------- Done invoking toplevel() on ptolemy.moml.MoMLSimpleApplication@3c246abd
reloadAllAccessors: .Accumulator

===========================================================================================
----------------- testing Tue Nov 20 02:46:49 UTC 2018 /home/travis/build/icyphy/ptII/ptolemy/actor/lib/test/auto/Accumulator2.xml
----------------- Instantiating /home/travis/build/icyphy/ptII/ptolemy/actor/lib/test/auto/Accumulator2.xml
3 ms. Memory: 582144K Free: 185356K (32%)
----------------- Invoking toplevel() on ptolemy.moml.MoMLSimpleApplication@7a5b1ee8
----------------- Done invoking toplevel() on ptolemy.moml.MoMLSimpleApplication@7a5b1ee8
reloadAllAccessors: .Accumulator2

===========================================================================================
----------------- testing Tue Nov 20 02:46:49 UTC 2018 /home/travis/build/icyphy/ptII/ptolemy/actor/lib/test/auto/Accumulator3.xml
----------------- Instantiating /home/travis/build/icyphy/ptII/ptolemy/actor/lib/test/auto/Accumulator3.xml
7 ms. Memory: 582144K Free: 175597K (30%)
----------------- Invoking toplevel() on ptolemy.moml.MoMLSimpleApplication@1cebe6ad
----------------- Done invoking toplevel() on ptolemy.moml.MoMLSimpleApplication@1cebe6ad
reloadAllAccessors: .Accumulator3

===========================================================================================
----------------- testing Tue Nov 20 02:46:49 UTC 2018 /home/travis/build/icyphy/ptII/ptolemy/actor/lib/test/auto/ArrayAppend.xml
----------------- Instantiating /home/travis/build/icyphy/ptII/ptolemy/actor/lib/test/auto/ArrayAppend.xml
21 ms. Memory: 582144K Free: 156196K (27%)
----------------- Invoking toplevel() on ptolemy.moml.MoMLSimpleApplication@7e081a11
----------------- Done invoking toplevel() on ptolemy.moml.MoMLSimpleApplication@7e081a11
reloadAllAccessors: .ArrayAppend

===========================================================================================
----------------- testing Tue Nov 20 02:46:49 UTC 2018 /home/travis/build/icyphy/ptII/ptolemy/actor/lib/test/auto/ArrayAppend2.xml
----------------- Instantiating /home/travis/build/icyphy/ptII/ptolemy/actor/lib/test/auto/ArrayAppend2.xml
380 ms. Memory: 582144K Free: 70853K (12%)
----------------- Invoking toplevel() on ptolemy.moml.MoMLSimpleApplication@53cf0e67
----------------- Done invoking toplevel() on ptolemy.moml.MoMLSimpleApplication@53cf0e67
reloadAllAccessors: .ArrayAppend2

===========================================================================================
----------------- testing Tue Nov 20 02:46:50 UTC 2018 /home/travis/build/icyphy/ptII/ptolemy/actor/lib/test/auto/ArrayAppend3.xml
----------------- Instantiating /home/travis/build/icyphy/ptII/ptolemy/actor/lib/test/auto/ArrayAppend3.xml
2 ms. Memory: 582656K Free: 533675K (92%)
----------------- Invoking toplevel() on ptolemy.moml.MoMLSimpleApplication@7811d28c
----------------- Done invoking toplevel() on ptolemy.moml.MoMLSimpleApplication@7811d28c
reloadAllAccessors: .ArrayAppend3

===========================================================================================
----------------- testing Tue Nov 20 02:46:50 UTC 2018 /home/travis/build/icyphy/ptII/ptolemy/actor/lib/test/auto/ArrayAppend4.xml
----------------- Instantiating /home/travis/build/icyphy/ptII/ptolemy/actor/lib/test/auto/ArrayAppend4.xml
2 ms. Memory: 582656K Free: 516008K (89%)
----------------- Invoking toplevel() on ptolemy.moml.MoMLSimpleApplication@76fd714
----------------- Done invoking toplevel() on ptolemy.moml.MoMLSimpleApplication@76fd714
reloadAllAccessors: .ArrayAppend4

===========================================================================================
----------------- testing Tue Nov 20 02:46:50 UTC 2018 /home/travis/build/icyphy/ptII/ptolemy/actor/lib/test/auto/ArrayAppend5.xml
----------------- Instantiating /home/travis/build/icyphy/ptII/ptolemy/actor/lib/test/auto/ArrayAppend5.xml
8 ms. Memory: 582656K Free: 509503K (87%)
----------------- Invoking toplevel() on ptolemy.moml.MoMLSimpleApplication@34bbdeb0
----------------- Done invoking toplevel() on ptolemy.moml.MoMLSimpleApplication@34bbdeb0
reloadAllAccessors: .ArrayAppend5

===========================================================================================
----------------- testing Tue Nov 20 02:46:50 UTC 2018 /home/travis/build/icyphy/ptII/ptolemy/actor/lib/test/auto/ArrayAppend6.xml
----------------- Instantiating /home/travis/build/icyphy/ptII/ptolemy/actor/lib/test/auto/ArrayAppend6.xml
3 ms. Memory: 582656K Free: 502997K (86%)
----------------- Invoking toplevel() on ptolemy.moml.MoMLSimpleApplication@6e643952
----------------- Done invoking toplevel() on ptolemy.moml.MoMLSimpleApplication@6e643952
reloadAllAccessors: .ArrayAppend6

===========================================================================================
----------------- testing Tue Nov 20 02:46:50 UTC 2018 /home/travis/build/icyphy/ptII/ptolemy/actor/lib/test/auto/ArrayAppendPerformanceTest.xml
----------------- Instantiating /home/travis/build/icyphy/ptII/ptolemy/actor/lib/test/auto/ArrayAppendPerformanceTest.xml
23 ms. Memory: 582656K Free: 482200K (83%)
----------------- Invoking toplevel() on ptolemy.moml.MoMLSimpleApplication@446cea02
----------------- Done invoking toplevel() on ptolemy.moml.MoMLSimpleApplication@446cea02
reloadAllAccessors: .ArrayAppendPerformanceTest

===========================================================================================
----------------- testing Tue Nov 20 02:46:50 UTC 2018 /home/travis/build/icyphy/ptII/ptolemy/actor/lib/test/auto/ArrayAppendWithEmptyInput.xml
----------------- Instantiating /home/travis/build/icyphy/ptII/ptolemy/actor/lib/test/auto/ArrayAppendWithEmptyInput.xml
11 ms. Memory: 582656K Free: 472434K (81%)
----------------- Invoking toplevel() on ptolemy.moml.MoMLSimpleApplication@1a87e794
----------------- Done invoking toplevel() on ptolemy.moml.MoMLSimpleApplication@1a87e794
reloadAllAccessors: .ArrayAppendWithEmptyInput

===========================================================================================
----------------- testing Tue Nov 20 02:46:50 UTC 2018 /home/travis/build/icyphy/ptII/ptolemy/actor/lib/test/auto/ArrayAverage.xml
----------------- Instantiating /home/travis/build/icyphy/ptII/ptolemy/actor/lib/test/auto/ArrayAverage.xml
4 ms. Memory: 582656K Free: 462659K (79%)
----------------- Invoking toplevel() on ptolemy.moml.MoMLSimpleApplication@615bab34
----------------- Done invoking toplevel() on ptolemy.moml.MoMLSimpleApplication@615bab34
reloadAllAccessors: .ArrayAverage

===========================================================================================
----------------- testing Tue Nov 20 02:46:50 UTC 2018 /home/travis/build/icyphy/ptII/ptolemy/actor/lib/test/auto/ArrayContains.xml
----------------- Instantiating /home/travis/build/icyphy/ptII/ptolemy/actor/lib/test/auto/ArrayContains.xml
5 ms. Memory: 582656K Free: 452900K (78%)
----------------- Invoking toplevel() on ptolemy.moml.MoMLSimpleApplication@73bab8a
----------------- Done invoking toplevel() on ptolemy.moml.MoMLSimpleApplication@73bab8a
reloadAllAccessors: .ArrayContains

===========================================================================================
----------------- testing Tue Nov 20 02:46:50 UTC 2018 /home/travis/build/icyphy/ptII/ptolemy/actor/lib/test/auto/ArrayElement.xml
----------------- Instantiating /home/travis/build/icyphy/ptII/ptolemy/actor/lib/test/auto/ArrayElement.xml
4 ms. Memory: 582656K Free: 438642K (75%)
----------------- Invoking toplevel() on ptolemy.moml.MoMLSimpleApplication@1b735958
----------------- Done invoking toplevel() on ptolemy.moml.MoMLSimpleApplication@1b735958
reloadAllAccessors: .ArrayElement

===========================================================================================
----------------- testing Tue Nov 20 02:46:50 UTC 2018 /home/travis/build/icyphy/ptII/ptolemy/actor/lib/test/auto/ArrayElementAsMatrix.xml
----------------- Instantiating /home/travis/build/icyphy/ptII/ptolemy/actor/lib/test/auto/ArrayElementAsMatrix.xml
16 ms. Memory: 582656K Free: 425598K (73%)
----------------- Invoking toplevel() on ptolemy.moml.MoMLSimpleApplication@44017a22
----------------- Done invoking toplevel() on ptolemy.moml.MoMLSimpleApplication@44017a22
reloadAllAccessors: .ArrayElementAsMatrix

===========================================================================================
----------------- testing Tue Nov 20 02:46:50 UTC 2018 /home/travis/build/icyphy/ptII/ptolemy/actor/lib/test/auto/ArrayElementI.xml
----------------- Instantiating /home/travis/build/icyphy/ptII/ptolemy/actor/lib/test/auto/ArrayElementI.xml
3 ms. Memory: 582656K Free: 419092K (72%)
----------------- Invoking toplevel() on ptolemy.moml.MoMLSimpleApplication@2b2245a
----------------- Done invoking toplevel() on ptolemy.moml.MoMLSimpleApplication@2b2245a
reloadAllAccessors: .ArrayElementI

===========================================================================================
----------------- testing Tue Nov 20 02:46:50 UTC 2018 /home/travis/build/icyphy/ptII/ptolemy/actor/lib/test/auto/ArrayExtract.xml
----------------- Instantiating /home/travis/build/icyphy/ptII/ptolemy/actor/lib/test/auto/ArrayExtract.xml
12 ms. Memory: 582656K Free: 401565K (69%)
----------------- Invoking toplevel() on ptolemy.moml.MoMLSimpleApplication@302f93c9
----------------- Done invoking toplevel() on ptolemy.moml.MoMLSimpleApplication@302f93c9
reloadAllAccessors: .ArrayExtract

===========================================================================================
----------------- testing Tue Nov 20 02:46:50 UTC 2018 /home/travis/build/icyphy/ptII/ptolemy/actor/lib/test/auto/ArrayExtract2.xml
----------------- Instantiating /home/travis/build/icyphy/ptII/ptolemy/actor/lib/test/auto/ArrayExtract2.xml
2 ms. Memory: 582656K Free: 395059K (68%)
----------------- Invoking toplevel() on ptolemy.moml.MoMLSimpleApplication@2bf31d31
----------------- Done invoking toplevel() on ptolemy.moml.MoMLSimpleApplication@2bf31d31
reloadAllAccessors: .ArrayExtract2

===========================================================================================
----------------- testing Tue Nov 20 02:46:50 UTC 2018 /home/travis/build/icyphy/ptII/ptolemy/actor/lib/test/auto/ArrayLength.xml
----------------- Instantiating /home/travis/build/icyphy/ptII/ptolemy/actor/lib/test/auto/ArrayLength.xml
1 ms. Memory: 582656K Free: 388553K (67%)
----------------- Invoking toplevel() on ptolemy.moml.MoMLSimpleApplication@147bdf38
----------------- Done invoking toplevel() on ptolemy.moml.MoMLSimpleApplication@147bdf38
reloadAllAccessors: .ArrayLength

===========================================================================================
----------------- testing Tue Nov 20 02:46:50 UTC 2018 /home/travis/build/icyphy/ptII/ptolemy/actor/lib/test/auto/ArrayLevelCrossing.xml
----------------- Instantiating /home/travis/build/icyphy/ptII/ptolemy/actor/lib/test/auto/ArrayLevelCrossing.xml
10 ms. Memory: 582656K Free: 378779K (65%)
----------------- Invoking toplevel() on ptolemy.moml.MoMLSimpleApplication@6678314b
----------------- Done invoking toplevel() on ptolemy.moml.MoMLSimpleApplication@6678314b
reloadAllAccessors: .ArrayLevelCrossing

===========================================================================================
----------------- testing Tue Nov 20 02:46:50 UTC 2018 /home/travis/build/icyphy/ptII/ptolemy/actor/lib/test/auto/ArrayLevelCrossing2.xml
----------------- Instantiating /home/travis/build/icyphy/ptII/ptolemy/actor/lib/test/auto/ArrayLevelCrossing2.xml
6 ms. Memory: 582656K Free: 361251K (62%)
----------------- Invoking toplevel() on ptolemy.moml.MoMLSimpleApplication@22111a25
----------------- Done invoking toplevel() on ptolemy.moml.MoMLSimpleApplication@22111a25
reloadAllAccessors: .ArrayLevelCrossing2

===========================================================================================
----------------- testing Tue Nov 20 02:46:50 UTC 2018 /home/travis/build/icyphy/ptII/ptolemy/actor/lib/test/auto/ArrayPeakSearch.xml
----------------- Instantiating /home/travis/build/icyphy/ptII/ptolemy/actor/lib/test/auto/ArrayPeakSearch.xml
11 ms. Memory: 582656K Free: 345060K (59%)
----------------- Invoking toplevel() on ptolemy.moml.MoMLSimpleApplication@4af2d4cc
----------------- Done invoking toplevel() on ptolemy.moml.MoMLSimpleApplication@4af2d4cc
reloadAllAccessors: .ArrayPeakSearch

===========================================================================================
----------------- testing Tue Nov 20 02:46:51 UTC 2018 /home/travis/build/icyphy/ptII/ptolemy/actor/lib/test/auto/ArrayPeakSearch2.xml
----------------- Instantiating /home/travis/build/icyphy/ptII/ptolemy/actor/lib/test/auto/ArrayPeakSearch2.xml
3 ms. Memory: 582656K Free: 332024K (57%)
----------------- Invoking toplevel() on ptolemy.moml.MoMLSimpleApplication@175da367
----------------- Done invoking toplevel() on ptolemy.moml.MoMLSimpleApplication@175da367
reloadAllAccessors: .ArrayPeakSearch2

===========================================================================================
----------------- testing Tue Nov 20 02:46:51 UTC 2018 /home/travis/build/icyphy/ptII/ptolemy/actor/lib/test/auto/ArrayPeakSearch3.xml
----------------- Instantiating /home/travis/build/icyphy/ptII/ptolemy/actor/lib/test/auto/ArrayPeakSearch3.xml
5 ms. Memory: 582656K Free: 311260K (53%)
----------------- Invoking toplevel() on ptolemy.moml.MoMLSimpleApplication@54875d27
----------------- Done invoking toplevel() on ptolemy.moml.MoMLSimpleApplication@54875d27
reloadAllAccessors: .ArrayPeakSearch3

===========================================================================================
----------------- testing Tue Nov 20 02:46:51 UTC 2018 /home/travis/build/icyphy/ptII/ptolemy/actor/lib/test/auto/ArrayRemoveElement.xml
----------------- Instantiating /home/travis/build/icyphy/ptII/ptolemy/actor/lib/test/auto/ArrayRemoveElement.xml
3 ms. Memory: 582656K Free: 301485K (52%)
----------------- Invoking toplevel() on ptolemy.moml.MoMLSimpleApplication@25ed4155
----------------- Done invoking toplevel() on ptolemy.moml.MoMLSimpleApplication@25ed4155
reloadAllAccessors: .ArrayRemoveElement

===========================================================================================
----------------- testing Tue Nov 20 02:46:51 UTC 2018 /home/travis/build/icyphy/ptII/ptolemy/actor/lib/test/auto/ArraySort.xml
----------------- Instantiating /home/travis/build/icyphy/ptII/ptolemy/actor/lib/test/auto/ArraySort.xml
8 ms. Memory: 582656K Free: 288425K (50%)
----------------- Invoking toplevel() on ptolemy.moml.MoMLSimpleApplication@44e00ce2
----------------- Done invoking toplevel() on ptolemy.moml.MoMLSimpleApplication@44e00ce2
reloadAllAccessors: .ArraySort

===========================================================================================
----------------- testing Tue Nov 20 02:46:51 UTC 2018 /home/travis/build/icyphy/ptII/ptolemy/actor/lib/test/auto/ArraySum.xml
----------------- Instantiating /home/travis/build/icyphy/ptII/ptolemy/actor/lib/test/auto/ArraySum.xml
5 ms. Memory: 582656K Free: 281920K (48%)
----------------- Invoking toplevel() on ptolemy.moml.MoMLSimpleApplication@92284e5
----------------- Done invoking toplevel() on ptolemy.moml.MoMLSimpleApplication@92284e5
reloadAllAccessors: .ArraySum

===========================================================================================
----------------- testing Tue Nov 20 02:46:51 UTC 2018 /home/travis/build/icyphy/ptII/ptolemy/actor/lib/test/auto/ArrayToElements.xml
----------------- Instantiating /home/travis/build/icyphy/ptII/ptolemy/actor/lib/test/auto/ArrayToElements.xml
7 ms. Memory: 582656K Free: 264392K (45%)
----------------- Invoking toplevel() on ptolemy.moml.MoMLSimpleApplication@2f6766e5
----------------- Done invoking toplevel() on ptolemy.moml.MoMLSimpleApplication@2f6766e5
reloadAllAccessors: .ArrayToElements

===========================================================================================
----------------- testing Tue Nov 20 02:46:51 UTC 2018 /home/travis/build/icyphy/ptII/ptolemy/actor/lib/test/auto/ArrayToMatrix.xml
----------------- Instantiating /home/travis/build/icyphy/ptII/ptolemy/actor/lib/test/auto/ArrayToMatrix.xml
9 ms. Memory: 582656K Free: 244859K (42%)
----------------- Invoking toplevel() on ptolemy.moml.MoMLSimpleApplication@68919fec
----------------- Done invoking toplevel() on ptolemy.moml.MoMLSimpleApplication@68919fec
reloadAllAccessors: .ArrayToMatrix

===========================================================================================
----------------- testing Tue Nov 20 02:46:51 UTC 2018 /home/travis/build/icyphy/ptII/ptolemy/actor/lib/test/auto/ArrayUpdate1.xml
----------------- Instantiating /home/travis/build/icyphy/ptII/ptolemy/actor/lib/test/auto/ArrayUpdate1.xml
2 ms. Memory: 582656K Free: 238353K (41%)
----------------- Invoking toplevel() on ptolemy.moml.MoMLSimpleApplication@560baed1
----------------- Done invoking toplevel() on ptolemy.moml.MoMLSimpleApplication@560baed1
reloadAllAccessors: .ArrayUpdate1

===========================================================================================
----------------- testing Tue Nov 20 02:46:51 UTC 2018 /home/travis/build/icyphy/ptII/ptolemy/actor/lib/test/auto/ArrayUpdate2.xml
----------------- Instantiating /home/travis/build/icyphy/ptII/ptolemy/actor/lib/test/auto/ArrayUpdate2.xml
10 ms. Memory: 582656K Free: 220825K (38%)
----------------- Invoking toplevel() on ptolemy.moml.MoMLSimpleApplication@29213a09
----------------- Done invoking toplevel() on ptolemy.moml.MoMLSimpleApplication@29213a09
reloadAllAccessors: .ArrayUpdate2

===========================================================================================
----------------- testing Tue Nov 20 02:46:51 UTC 2018 /home/travis/build/icyphy/ptII/ptolemy/actor/lib/test/auto/ArrayUpdate3.xml
----------------- Instantiating /home/travis/build/icyphy/ptII/ptolemy/actor/lib/test/auto/ArrayUpdate3.xml
5 ms. Memory: 582656K Free: 214320K (37%)
----------------- Invoking toplevel() on ptolemy.moml.MoMLSimpleApplication@328ab53c
----------------- Done invoking toplevel() on ptolemy.moml.MoMLSimpleApplication@328ab53c
reloadAllAccessors: .ArrayUpdate3

===========================================================================================
----------------- testing Tue Nov 20 02:46:51 UTC 2018 /home/travis/build/icyphy/ptII/ptolemy/actor/lib/test/auto/Assert1.xml
----------------- Instantiating /home/travis/build/icyphy/ptII/ptolemy/actor/lib/test/auto/Assert1.xml
2 ms. Memory: 582656K Free: 207814K (36%)
----------------- Invoking toplevel() on ptolemy.moml.MoMLSimpleApplication@252a6c9e
----------------- Done invoking toplevel() on ptolemy.moml.MoMLSimpleApplication@252a6c9e
reloadAllAccessors: .Assert1

===========================================================================================
----------------- testing Tue Nov 20 02:46:51 UTC 2018 /home/travis/build/icyphy/ptII/ptolemy/actor/lib/test/auto/Assert2.xml
----------------- Instantiating /home/travis/build/icyphy/ptII/ptolemy/actor/lib/test/auto/Assert2.xml
6 ms. Memory: 582656K Free: 201308K (35%)
----------------- Invoking toplevel() on ptolemy.moml.MoMLSimpleApplication@54344e82
----------------- Done invoking toplevel() on ptolemy.moml.MoMLSimpleApplication@54344e82
reloadAllAccessors: .Assert2

===========================================================================================
----------------- testing Tue Nov 20 02:46:51 UTC 2018 /home/travis/build/icyphy/ptII/ptolemy/actor/lib/test/auto/BooleanMultiplexor.xml
----------------- Instantiating /home/travis/build/icyphy/ptII/ptolemy/actor/lib/test/auto/BooleanMultiplexor.xml
1 ms. Memory: 582656K Free: 183797K (32%)
----------------- Invoking toplevel() on ptolemy.moml.MoMLSimpleApplication@252004c6
----------------- Done invoking toplevel() on ptolemy.moml.MoMLSimpleApplication@252004c6
reloadAllAccessors: .BooleanMultiplexor

===========================================================================================
----------------- testing Tue Nov 20 02:46:51 UTC 2018 /home/travis/build/icyphy/ptII/ptolemy/actor/lib/test/auto/BooleanMultiplexor2.xml
----------------- Instantiating /home/travis/build/icyphy/ptII/ptolemy/actor/lib/test/auto/BooleanMultiplexor2.xml
3 ms. Memory: 582656K Free: 174030K (30%)
----------------- Invoking toplevel() on ptolemy.moml.MoMLSimpleApplication@3392c0d3
----------------- Done invoking toplevel() on ptolemy.moml.MoMLSimpleApplication@3392c0d3
reloadAllAccessors: .BooleanMultiplexor2

===========================================================================================
----------------- testing Tue Nov 20 02:46:51 UTC 2018 /home/travis/build/icyphy/ptII/ptolemy/actor/lib/test/auto/BooleanMultiplexor3.xml
----------------- Instantiating /home/travis/build/icyphy/ptII/ptolemy/actor/lib/test/auto/BooleanMultiplexor3.xml
2 ms. Memory: 582656K Free: 167524K (29%)
----------------- Invoking toplevel() on ptolemy.moml.MoMLSimpleApplication@43c949f4
----------------- Done invoking toplevel() on ptolemy.moml.MoMLSimpleApplication@43c949f4
reloadAllAccessors: .BooleanMultiplexor3

===========================================================================================
----------------- testing Tue Nov 20 02:46:51 UTC 2018 /home/travis/build/icyphy/ptII/ptolemy/actor/lib/test/auto/BooleanSelect.xml
----------------- Instantiating /home/travis/build/icyphy/ptII/ptolemy/actor/lib/test/auto/BooleanSelect.xml
6 ms. Memory: 582656K Free: 149997K (26%)
----------------- Invoking toplevel() on ptolemy.moml.MoMLSimpleApplication@9b8d890
----------------- Done invoking toplevel() on ptolemy.moml.MoMLSimpleApplication@9b8d890
reloadAllAccessors: .BooleanSelect

===========================================================================================
----------------- testing Tue Nov 20 02:46:51 UTC 2018 /home/travis/build/icyphy/ptII/ptolemy/actor/lib/test/auto/BooleanSelect2.xml
----------------- Instantiating /home/travis/build/icyphy/ptII/ptolemy/actor/lib/test/auto/BooleanSelect2.xml
2 ms. Memory: 582656K Free: 143491K (25%)
----------------- Invoking toplevel() on ptolemy.moml.MoMLSimpleApplication@27be7c3f
----------------- Done invoking toplevel() on ptolemy.moml.MoMLSimpleApplication@27be7c3f
reloadAllAccessors: .BooleanSelect2

===========================================================================================
----------------- testing Tue Nov 20 02:46:51 UTC 2018 /home/travis/build/icyphy/ptII/ptolemy/actor/lib/test/auto/BooleanSwitch.xml
----------------- Instantiating /home/travis/build/icyphy/ptII/ptolemy/actor/lib/test/auto/BooleanSwitch.xml
3 ms. Memory: 582656K Free: 133732K (23%)
----------------- Invoking toplevel() on ptolemy.moml.MoMLSimpleApplication@236b343f
----------------- Done invoking toplevel() on ptolemy.moml.MoMLSimpleApplication@236b343f
reloadAllAccessors: .BooleanSwitch

===========================================================================================
----------------- testing Tue Nov 20 02:46:51 UTC 2018 /home/travis/build/icyphy/ptII/ptolemy/actor/lib/test/auto/BooleanSwitch2.xml
----------------- Instantiating /home/travis/build/icyphy/ptII/ptolemy/actor/lib/test/auto/BooleanSwitch2.xml
2 ms. Memory: 582656K Free: 127227K (22%)
----------------- Invoking toplevel() on ptolemy.moml.MoMLSimpleApplication@7b153b81
----------------- Done invoking toplevel() on ptolemy.moml.MoMLSimpleApplication@7b153b81
reloadAllAccessors: .BooleanSwitch2

===========================================================================================
----------------- testing Tue Nov 20 02:46:51 UTC 2018 /home/travis/build/icyphy/ptII/ptolemy/actor/lib/test/auto/BooleanSwitchCloningBugWithClassRelationGroup.xml
----------------- Instantiating /home/travis/build/icyphy/ptII/ptolemy/actor/lib/test/auto/BooleanSwitchCloningBugWithClassRelationGroup.xml
3 ms. Memory: 582656K Free: 109699K (19%)
----------------- Invoking toplevel() on ptolemy.moml.MoMLSimpleApplication@583e48ad
----------------- Done invoking toplevel() on ptolemy.moml.MoMLSimpleApplication@583e48ad
reloadAllAccessors: .BooleanSwitchCloningBugWithClassRelationGroup

===========================================================================================
----------------- testing Tue Nov 20 02:46:51 UTC 2018 /home/travis/build/icyphy/ptII/ptolemy/actor/lib/test/auto/BusActors.xml
----------------- Instantiating /home/travis/build/icyphy/ptII/ptolemy/actor/lib/test/auto/BusActors.xml
3 ms. Memory: 582656K Free: 96672K (17%)
----------------- Invoking toplevel() on ptolemy.moml.MoMLSimpleApplication@6fa15daf
----------------- Done invoking toplevel() on ptolemy.moml.MoMLSimpleApplication@6fa15daf
reloadAllAccessors: .BusActors

===========================================================================================
----------------- testing Tue Nov 20 02:46:51 UTC 2018 /home/travis/build/icyphy/ptII/ptolemy/actor/lib/test/auto/ClassWrapper.xml
----------------- Instantiating /home/travis/build/icyphy/ptII/ptolemy/actor/lib/test/auto/ClassWrapper.xml
2 ms. Memory: 582656K Free: 90166K (15%)
----------------- Invoking toplevel() on ptolemy.moml.MoMLSimpleApplication@7d3d6f19
----------------- Done invoking toplevel() on ptolemy.moml.MoMLSimpleApplication@7d3d6f19
reloadAllAccessors: .ClassWrapper

===========================================================================================
----------------- testing Tue Nov 20 02:46:51 UTC 2018 /home/travis/build/icyphy/ptII/ptolemy/actor/lib/test/auto/Clock.xml
----------------- Instantiating /home/travis/build/icyphy/ptII/ptolemy/actor/lib/test/auto/Clock.xml
1 ms. Memory: 582656K Free: 75908K (13%)
----------------- Invoking toplevel() on ptolemy.moml.MoMLSimpleApplication@6872d4b1
----------------- Done invoking toplevel() on ptolemy.moml.MoMLSimpleApplication@6872d4b1
reloadAllAccessors: .Clock

===========================================================================================
----------------- testing Tue Nov 20 02:46:51 UTC 2018 /home/travis/build/icyphy/ptII/ptolemy/actor/lib/test/auto/Clock10.xml
----------------- Instantiating /home/travis/build/icyphy/ptII/ptolemy/actor/lib/test/auto/Clock10.xml
3 ms. Memory: 582656K Free: 66133K (11%)
----------------- Invoking toplevel() on ptolemy.moml.MoMLSimpleApplication@5e7b59d2
----------------- Done invoking toplevel() on ptolemy.moml.MoMLSimpleApplication@5e7b59d2
reloadAllAccessors: .Clock10

===========================================================================================
----------------- testing Tue Nov 20 02:46:51 UTC 2018 /home/travis/build/icyphy/ptII/ptolemy/actor/lib/test/auto/Clock11.xml
----------------- Instantiating /home/travis/build/icyphy/ptII/ptolemy/actor/lib/test/auto/Clock11.xml
6 ms. Memory: 582656K Free: 56358K (10%)
----------------- Invoking toplevel() on ptolemy.moml.MoMLSimpleApplication@46006553
----------------- Done invoking toplevel() on ptolemy.moml.MoMLSimpleApplication@46006553
reloadAllAccessors: .Clock11

===========================================================================================
----------------- testing Tue Nov 20 02:46:51 UTC 2018 /home/travis/build/icyphy/ptII/ptolemy/actor/lib/test/auto/Clock12.xml
----------------- Instantiating /home/travis/build/icyphy/ptII/ptolemy/actor/lib/test/auto/Clock12.xml
6 ms. Memory: 881152K Free: 831498K (94%)
----------------- Invoking toplevel() on ptolemy.moml.MoMLSimpleApplication@7b235f2b
----------------- Done invoking toplevel() on ptolemy.moml.MoMLSimpleApplication@7b235f2b
reloadAllAccessors: .Clock12

===========================================================================================
----------------- testing Tue Nov 20 02:46:51 UTC 2018 /home/travis/build/icyphy/ptII/ptolemy/actor/lib/test/auto/Clock13.xml
----------------- Instantiating /home/travis/build/icyphy/ptII/ptolemy/actor/lib/test/auto/Clock13.xml
5 ms. Memory: 881152K Free: 811998K (92%)
----------------- Invoking toplevel() on ptolemy.moml.MoMLSimpleApplication@4f934650
----------------- Done invoking toplevel() on ptolemy.moml.MoMLSimpleApplication@4f934650
reloadAllAccessors: .Clock13

===========================================================================================
----------------- testing Tue Nov 20 02:46:51 UTC 2018 /home/travis/build/icyphy/ptII/ptolemy/actor/lib/test/auto/Clock14.xml
----------------- Instantiating /home/travis/build/icyphy/ptII/ptolemy/actor/lib/test/auto/Clock14.xml
3 ms. Memory: 881152K Free: 801425K (91%)
----------------- Invoking toplevel() on ptolemy.moml.MoMLSimpleApplication@542fe359
----------------- Done invoking toplevel() on ptolemy.moml.MoMLSimpleApplication@542fe359
reloadAllAccessors: .Clock14

===========================================================================================
----------------- testing Tue Nov 20 02:46:51 UTC 2018 /home/travis/build/icyphy/ptII/ptolemy/actor/lib/test/auto/Clock15.xml
----------------- Instantiating /home/travis/build/icyphy/ptII/ptolemy/actor/lib/test/auto/Clock15.xml
2 ms. Memory: 881152K Free: 791015K (90%)
----------------- Invoking toplevel() on ptolemy.moml.MoMLSimpleApplication@6675f1c1
----------------- Done invoking toplevel() on ptolemy.moml.MoMLSimpleApplication@6675f1c1
reloadAllAccessors: .Clock15

===========================================================================================
----------------- testing Tue Nov 20 02:46:51 UTC 2018 /home/travis/build/icyphy/ptII/ptolemy/actor/lib/test/auto/Clock16.xml
----------------- Instantiating /home/travis/build/icyphy/ptII/ptolemy/actor/lib/test/auto/Clock16.xml
18 ms. Memory: 881152K Free: 770161K (87%)
----------------- Invoking toplevel() on ptolemy.moml.MoMLSimpleApplication@f6016e9
----------------- Done invoking toplevel() on ptolemy.moml.MoMLSimpleApplication@f6016e9
reloadAllAccessors: .Clock16

===========================================================================================
----------------- testing Tue Nov 20 02:46:51 UTC 2018 /home/travis/build/icyphy/ptII/ptolemy/actor/lib/test/auto/Clock17.xml
----------------- Instantiating /home/travis/build/icyphy/ptII/ptolemy/actor/lib/test/auto/Clock17.xml
11 ms. Memory: 881152K Free: 745440K (85%)
----------------- Invoking toplevel() on ptolemy.moml.MoMLSimpleApplication@254cec02
----------------- Done invoking toplevel() on ptolemy.moml.MoMLSimpleApplication@254cec02
reloadAllAccessors: .Clock17

===========================================================================================
----------------- testing Tue Nov 20 02:46:52 UTC 2018 /home/travis/build/icyphy/ptII/ptolemy/actor/lib/test/auto/Clock18.xml
----------------- Instantiating /home/travis/build/icyphy/ptII/ptolemy/actor/lib/test/auto/Clock18.xml
20 ms. Memory: 881152K Free: 729808K (83%)
----------------- Invoking toplevel() on ptolemy.moml.MoMLSimpleApplication@7713712
----------------- Done invoking toplevel() on ptolemy.moml.MoMLSimpleApplication@7713712
reloadAllAccessors: .Clock18

===========================================================================================
----------------- testing Tue Nov 20 02:46:52 UTC 2018 /home/travis/build/icyphy/ptII/ptolemy/actor/lib/test/auto/Clock19.xml
----------------- Instantiating /home/travis/build/icyphy/ptII/ptolemy/actor/lib/test/auto/Clock19.xml
17 ms. Memory: 881152K Free: 714192K (81%)
----------------- Invoking toplevel() on ptolemy.moml.MoMLSimpleApplication@48461962
----------------- Done invoking toplevel() on ptolemy.moml.MoMLSimpleApplication@48461962
reloadAllAccessors: .Clock19

===========================================================================================
----------------- testing Tue Nov 20 02:46:52 UTC 2018 /home/travis/build/icyphy/ptII/ptolemy/actor/lib/test/auto/Clock2.xml
----------------- Instantiating /home/travis/build/icyphy/ptII/ptolemy/actor/lib/test/auto/Clock2.xml
8 ms. Memory: 881152K Free: 703781K (80%)
----------------- Invoking toplevel() on ptolemy.moml.MoMLSimpleApplication@7c0b8ce3
----------------- Done invoking toplevel() on ptolemy.moml.MoMLSimpleApplication@7c0b8ce3
reloadAllAccessors: .Clock2

===========================================================================================
----------------- testing Tue Nov 20 02:46:52 UTC 2018 /home/travis/build/icyphy/ptII/ptolemy/actor/lib/test/auto/Clock20.xml
----------------- Instantiating /home/travis/build/icyphy/ptII/ptolemy/actor/lib/test/auto/Clock20.xml
12 ms. Memory: 881152K Free: 684281K (78%)
----------------- Invoking toplevel() on ptolemy.moml.MoMLSimpleApplication@26b1cf51
----------------- Done invoking toplevel() on ptolemy.moml.MoMLSimpleApplication@26b1cf51
reloadAllAccessors: .Clock20

===========================================================================================
----------------- testing Tue Nov 20 02:46:52 UTC 2018 /home/travis/build/icyphy/ptII/ptolemy/actor/lib/test/auto/Clock21.xml
----------------- Instantiating /home/travis/build/icyphy/ptII/ptolemy/actor/lib/test/auto/Clock21.xml
7 ms. Memory: 881152K Free: 673870K (76%)
----------------- Invoking toplevel() on ptolemy.moml.MoMLSimpleApplication@5f1aa583
----------------- Done invoking toplevel() on ptolemy.moml.MoMLSimpleApplication@5f1aa583
reloadAllAccessors: .Clock21

===========================================================================================
----------------- testing Tue Nov 20 02:46:52 UTC 2018 /home/travis/build/icyphy/ptII/ptolemy/actor/lib/test/auto/Clock22.xml
----------------- Instantiating /home/travis/build/icyphy/ptII/ptolemy/actor/lib/test/auto/Clock22.xml
7 ms. Memory: 881152K Free: 663460K (75%)
----------------- Invoking toplevel() on ptolemy.moml.MoMLSimpleApplication@31293bf2
----------------- Done invoking toplevel() on ptolemy.moml.MoMLSimpleApplication@31293bf2
reloadAllAccessors: .Clock22

===========================================================================================
----------------- testing Tue Nov 20 02:46:52 UTC 2018 /home/travis/build/icyphy/ptII/ptolemy/actor/lib/test/auto/Clock23.xml
----------------- Instantiating /home/travis/build/icyphy/ptII/ptolemy/actor/lib/test/auto/Clock23.xml
7 ms. Memory: 881152K Free: 653049K (74%)
----------------- Invoking toplevel() on ptolemy.moml.MoMLSimpleApplication@90f62c
----------------- Done invoking toplevel() on ptolemy.moml.MoMLSimpleApplication@90f62c
reloadAllAccessors: .Clock23

===========================================================================================
----------------- testing Tue Nov 20 02:46:52 UTC 2018 /home/travis/build/icyphy/ptII/ptolemy/actor/lib/test/auto/Clock24.xml
----------------- Instantiating /home/travis/build/icyphy/ptII/ptolemy/actor/lib/test/auto/Clock24.xml
7 ms. Memory: 881152K Free: 633549K (72%)
----------------- Invoking toplevel() on ptolemy.moml.MoMLSimpleApplication@55c9e1a6
----------------- Done invoking toplevel() on ptolemy.moml.MoMLSimpleApplication@55c9e1a6
reloadAllAccessors: .Clock24

===========================================================================================
----------------- testing Tue Nov 20 02:46:52 UTC 2018 /home/travis/build/icyphy/ptII/ptolemy/actor/lib/test/auto/Clock4.xml
----------------- Instantiating /home/travis/build/icyphy/ptII/ptolemy/actor/lib/test/auto/Clock4.xml
6 ms. Memory: 881152K Free: 623138K (71%)
----------------- Invoking toplevel() on ptolemy.moml.MoMLSimpleApplication@33ec445c
----------------- Done invoking toplevel() on ptolemy.moml.MoMLSimpleApplication@33ec445c
reloadAllAccessors: .Clock4

===========================================================================================
----------------- testing Tue Nov 20 02:46:52 UTC 2018 /home/travis/build/icyphy/ptII/ptolemy/actor/lib/test/auto/Clock5.xml
----------------- Instantiating /home/travis/build/icyphy/ptII/ptolemy/actor/lib/test/auto/Clock5.xml
2 ms. Memory: 881152K Free: 612728K (70%)
----------------- Invoking toplevel() on ptolemy.moml.MoMLSimpleApplication@4f2d3d08
----------------- Done invoking toplevel() on ptolemy.moml.MoMLSimpleApplication@4f2d3d08
reloadAllAccessors: .Clock5

===========================================================================================
----------------- testing Tue Nov 20 02:46:52 UTC 2018 /home/travis/build/icyphy/ptII/ptolemy/actor/lib/test/auto/Clock6.xml
----------------- Instantiating /home/travis/build/icyphy/ptII/ptolemy/actor/lib/test/auto/Clock6.xml
1 ms. Memory: 881152K Free: 602317K (68%)
----------------- Invoking toplevel() on ptolemy.moml.MoMLSimpleApplication@92a6905
----------------- Done invoking toplevel() on ptolemy.moml.MoMLSimpleApplication@92a6905
reloadAllAccessors: .Clock6

===========================================================================================
----------------- testing Tue Nov 20 02:46:52 UTC 2018 /home/travis/build/icyphy/ptII/ptolemy/actor/lib/test/auto/Clock7.xml
----------------- Instantiating /home/travis/build/icyphy/ptII/ptolemy/actor/lib/test/auto/Clock7.xml
1 ms. Memory: 881152K Free: 582817K (66%)
----------------- Invoking toplevel() on ptolemy.moml.MoMLSimpleApplication@2b7420fd
----------------- Done invoking toplevel() on ptolemy.moml.MoMLSimpleApplication@2b7420fd
reloadAllAccessors: .Clock7

===========================================================================================
----------------- testing Tue Nov 20 02:46:52 UTC 2018 /home/travis/build/icyphy/ptII/ptolemy/actor/lib/test/auto/Clock8.xml
----------------- Instantiating /home/travis/build/icyphy/ptII/ptolemy/actor/lib/test/auto/Clock8.xml
6 ms. Memory: 881152K Free: 572406K (65%)
----------------- Invoking toplevel() on ptolemy.moml.MoMLSimpleApplication@52ee2be7
----------------- Done invoking toplevel() on ptolemy.moml.MoMLSimpleApplication@52ee2be7
reloadAllAccessors: .Clock8

===========================================================================================
----------------- testing Tue Nov 20 02:46:52 UTC 2018 /home/travis/build/icyphy/ptII/ptolemy/actor/lib/test/auto/Clock9.xml
----------------- Instantiating /home/travis/build/icyphy/ptII/ptolemy/actor/lib/test/auto/Clock9.xml
7 ms. Memory: 881152K Free: 561996K (64%)
----------------- Invoking toplevel() on ptolemy.moml.MoMLSimpleApplication@7188fb6
----------------- Done invoking toplevel() on ptolemy.moml.MoMLSimpleApplication@7188fb6
reloadAllAccessors: .Clock9

===========================================================================================
----------------- testing Tue Nov 20 02:46:52 UTC 2018 /home/travis/build/icyphy/ptII/ptolemy/actor/lib/test/auto/CommDistDiscard.xml
----------------- Instantiating /home/travis/build/icyphy/ptII/ptolemy/actor/lib/test/auto/CommDistDiscard.xml
3 ms. Memory: 881152K Free: 551585K (63%)
----------------- Invoking toplevel() on ptolemy.moml.MoMLSimpleApplication@277cf852
----------------- Done invoking toplevel() on ptolemy.moml.MoMLSimpleApplication@277cf852
reloadAllAccessors: .CommDistDiscard

===========================================================================================
----------------- testing Tue Nov 20 02:46:52 UTC 2018 /home/travis/build/icyphy/ptII/ptolemy/actor/lib/test/auto/Commutator.xml
----------------- Instantiating /home/travis/build/icyphy/ptII/ptolemy/actor/lib/test/auto/Commutator.xml
3 ms. Memory: 881152K Free: 532085K (60%)
----------------- Invoking toplevel() on ptolemy.moml.MoMLSimpleApplication@9a7f9c4
----------------- Done invoking toplevel() on ptolemy.moml.MoMLSimpleApplication@9a7f9c4
reloadAllAccessors: .Commutator

===========================================================================================
----------------- testing Tue Nov 20 02:46:52 UTC 2018 /home/travis/build/icyphy/ptII/ptolemy/actor/lib/test/auto/Commutator2.xml
----------------- Instantiating /home/travis/build/icyphy/ptII/ptolemy/actor/lib/test/auto/Commutator2.xml
1 ms. Memory: 881152K Free: 521674K (59%)
----------------- Invoking toplevel() on ptolemy.moml.MoMLSimpleApplication@1c9cd14c
----------------- Done invoking toplevel() on ptolemy.moml.MoMLSimpleApplication@1c9cd14c
reloadAllAccessors: .Commutator2

===========================================================================================
----------------- testing Tue Nov 20 02:46:52 UTC 2018 /home/travis/build/icyphy/ptII/ptolemy/actor/lib/test/auto/Commutator3.xml
----------------- Instantiating /home/travis/build/icyphy/ptII/ptolemy/actor/lib/test/auto/Commutator3.xml
2 ms. Memory: 881152K Free: 511263K (58%)
----------------- Invoking toplevel() on ptolemy.moml.MoMLSimpleApplication@51471d6d
----------------- Done invoking toplevel() on ptolemy.moml.MoMLSimpleApplication@51471d6d
reloadAllAccessors: .Commutator3

===========================================================================================
----------------- testing Tue Nov 20 02:46:52 UTC 2018 /home/travis/build/icyphy/ptII/ptolemy/actor/lib/test/auto/Compare.xml
----------------- Instantiating /home/travis/build/icyphy/ptII/ptolemy/actor/lib/test/auto/Compare.xml
2 ms. Memory: 881152K Free: 500853K (57%)
----------------- Invoking toplevel() on ptolemy.moml.MoMLSimpleApplication@46084474
----------------- Done invoking toplevel() on ptolemy.moml.MoMLSimpleApplication@46084474
reloadAllAccessors: .Compare

===========================================================================================
----------------- testing Tue Nov 20 02:46:52 UTC 2018 /home/travis/build/icyphy/ptII/ptolemy/actor/lib/test/auto/CompareDE.xml
----------------- Instantiating /home/travis/build/icyphy/ptII/ptolemy/actor/lib/test/auto/CompareDE.xml
4 ms. Memory: 881152K Free: 481353K (55%)
----------------- Invoking toplevel() on ptolemy.moml.MoMLSimpleApplication@4d4a076f
----------------- Done invoking toplevel() on ptolemy.moml.MoMLSimpleApplication@4d4a076f
reloadAllAccessors: .CompareDE

===========================================================================================
----------------- testing Tue Nov 20 02:46:52 UTC 2018 /home/travis/build/icyphy/ptII/ptolemy/actor/lib/test/auto/ComplexDivide.xml
----------------- Instantiating /home/travis/build/icyphy/ptII/ptolemy/actor/lib/test/auto/ComplexDivide.xml
1 ms. Memory: 881152K Free: 470942K (53%)
----------------- Invoking toplevel() on ptolemy.moml.MoMLSimpleApplication@43f1a3da
----------------- Done invoking toplevel() on ptolemy.moml.MoMLSimpleApplication@43f1a3da
reloadAllAccessors: .ComplexDivide

===========================================================================================
----------------- testing Tue Nov 20 02:46:52 UTC 2018 /home/travis/build/icyphy/ptII/ptolemy/actor/lib/test/auto/ComputeHistogram.xml
----------------- Instantiating /home/travis/build/icyphy/ptII/ptolemy/actor/lib/test/auto/ComputeHistogram.xml
34 ms. Memory: 881152K Free: 455326K (52%)
----------------- Invoking toplevel() on ptolemy.moml.MoMLSimpleApplication@1dc46c64
----------------- Done invoking toplevel() on ptolemy.moml.MoMLSimpleApplication@1dc46c64
reloadAllAccessors: .ComputeHistogram

===========================================================================================
----------------- testing Tue Nov 20 02:46:52 UTC 2018 /home/travis/build/icyphy/ptII/ptolemy/actor/lib/test/auto/ConfigurationSelect.xml
----------------- Instantiating /home/travis/build/icyphy/ptII/ptolemy/actor/lib/test/auto/ConfigurationSelect.xml
2 ms. Memory: 881152K Free: 444915K (50%)
----------------- Invoking toplevel() on ptolemy.moml.MoMLSimpleApplication@1896053
----------------- Done invoking toplevel() on ptolemy.moml.MoMLSimpleApplication@1896053
reloadAllAccessors: .ConfigurationSelect

===========================================================================================
----------------- testing Tue Nov 20 02:46:52 UTC 2018 /home/travis/build/icyphy/ptII/ptolemy/actor/lib/test/auto/ConfigurationSelect2.xml
----------------- Instantiating /home/travis/build/icyphy/ptII/ptolemy/actor/lib/test/auto/ConfigurationSelect2.xml
2 ms. Memory: 881152K Free: 425415K (48%)
----------------- Invoking toplevel() on ptolemy.moml.MoMLSimpleApplication@63970ee5
----------------- Done invoking toplevel() on ptolemy.moml.MoMLSimpleApplication@63970ee5
reloadAllAccessors: .ConfigurationSelect2

===========================================================================================
----------------- testing Tue Nov 20 02:46:52 UTC 2018 /home/travis/build/icyphy/ptII/ptolemy/actor/lib/test/auto/ConfigurationSwitch.xml
----------------- Instantiating /home/travis/build/icyphy/ptII/ptolemy/actor/lib/test/auto/ConfigurationSwitch.xml
2 ms. Memory: 881152K Free: 415005K (47%)
----------------- Invoking toplevel() on ptolemy.moml.MoMLSimpleApplication@66f12c46
----------------- Done invoking toplevel() on ptolemy.moml.MoMLSimpleApplication@66f12c46
reloadAllAccessors: .ConfigurationSwitch

===========================================================================================
----------------- testing Tue Nov 20 02:46:52 UTC 2018 /home/travis/build/icyphy/ptII/ptolemy/actor/lib/test/auto/ConfigurationSwitch2.xml
----------------- Instantiating /home/travis/build/icyphy/ptII/ptolemy/actor/lib/test/auto/ConfigurationSwitch2.xml
2 ms. Memory: 881152K Free: 404594K (46%)
----------------- Invoking toplevel() on ptolemy.moml.MoMLSimpleApplication@710b7ab8
----------------- Done invoking toplevel() on ptolemy.moml.MoMLSimpleApplication@710b7ab8
reloadAllAccessors: .ConfigurationSwitch2

===========================================================================================
----------------- testing Tue Nov 20 02:46:52 UTC 2018 /home/travis/build/icyphy/ptII/ptolemy/actor/lib/test/auto/ConfigurationSwitchCloningBugWithClassRelationGroup.xml
----------------- Instantiating /home/travis/build/icyphy/ptII/ptolemy/actor/lib/test/auto/ConfigurationSwitchCloningBugWithClassRelationGroup.xml
1 ms. Memory: 881152K Free: 394183K (45%)
----------------- Invoking toplevel() on ptolemy.moml.MoMLSimpleApplication@30556d4e
----------------- Done invoking toplevel() on ptolemy.moml.MoMLSimpleApplication@30556d4e
reloadAllAccessors: .ConfigurationSwitchCloningBugWithClassRelationGroup

===========================================================================================
----------------- testing Tue Nov 20 02:46:52 UTC 2018 /home/travis/build/icyphy/ptII/ptolemy/actor/lib/test/auto/ConfigurationSwitchSelectSDF.xml
----------------- Instantiating /home/travis/build/icyphy/ptII/ptolemy/actor/lib/test/auto/ConfigurationSwitchSelectSDF.xml
2 ms. Memory: 881152K Free: 374683K (43%)
----------------- Invoking toplevel() on ptolemy.moml.MoMLSimpleApplication@646115da
----------------- Done invoking toplevel() on ptolemy.moml.MoMLSimpleApplication@646115da
reloadAllAccessors: .ConfigurationSwitchSelectSDF

===========================================================================================
----------------- testing Tue Nov 20 02:46:52 UTC 2018 /home/travis/build/icyphy/ptII/ptolemy/actor/lib/test/auto/ConfigurationSwitchSelectSDF2.xml
----------------- Instantiating /home/travis/build/icyphy/ptII/ptolemy/actor/lib/test/auto/ConfigurationSwitchSelectSDF2.xml
2 ms. Memory: 881152K Free: 364272K (41%)
----------------- Invoking toplevel() on ptolemy.moml.MoMLSimpleApplication@5d31bf8a
----------------- Done invoking toplevel() on ptolemy.moml.MoMLSimpleApplication@5d31bf8a
reloadAllAccessors: .ConfigurationSwitchSelectSDF2

===========================================================================================
----------------- testing Tue Nov 20 02:46:52 UTC 2018 /home/travis/build/icyphy/ptII/ptolemy/actor/lib/test/auto/Const.xml
----------------- Instantiating /home/travis/build/icyphy/ptII/ptolemy/actor/lib/test/auto/Const.xml
1 ms. Memory: 881152K Free: 353862K (40%)
----------------- Invoking toplevel() on ptolemy.moml.MoMLSimpleApplication@7b9eaf5b
----------------- Done invoking toplevel() on ptolemy.moml.MoMLSimpleApplication@7b9eaf5b
reloadAllAccessors: .Const

===========================================================================================
----------------- testing Tue Nov 20 02:46:52 UTC 2018 /home/travis/build/icyphy/ptII/ptolemy/actor/lib/test/auto/Const2.xml
----------------- Instantiating /home/travis/build/icyphy/ptII/ptolemy/actor/lib/test/auto/Const2.xml
1 ms. Memory: 881152K Free: 343451K (39%)
----------------- Invoking toplevel() on ptolemy.moml.MoMLSimpleApplication@6ad7ab32
----------------- Done invoking toplevel() on ptolemy.moml.MoMLSimpleApplication@6ad7ab32
reloadAllAccessors: .Const2

===========================================================================================
----------------- testing Tue Nov 20 02:46:52 UTC 2018 /home/travis/build/icyphy/ptII/ptolemy/actor/lib/test/auto/Const3.xml
----------------- Instantiating /home/travis/build/icyphy/ptII/ptolemy/actor/lib/test/auto/Const3.xml
1 ms. Memory: 881152K Free: 323951K (37%)
----------------- Invoking toplevel() on ptolemy.moml.MoMLSimpleApplication@7923fdc9
----------------- Done invoking toplevel() on ptolemy.moml.MoMLSimpleApplication@7923fdc9
reloadAllAccessors: .Const3

===========================================================================================
----------------- testing Tue Nov 20 02:46:52 UTC 2018 /home/travis/build/icyphy/ptII/ptolemy/actor/lib/test/auto/ConstantPublisherPort1.xml
----------------- Instantiating /home/travis/build/icyphy/ptII/ptolemy/actor/lib/test/auto/ConstantPublisherPort1.xml
6 ms. Memory: 881152K Free: 308319K (35%)
----------------- Invoking toplevel() on ptolemy.moml.MoMLSimpleApplication@6eea9d5f
----------------- Done invoking toplevel() on ptolemy.moml.MoMLSimpleApplication@6eea9d5f
reloadAllAccessors: .ConstantPublisherPort1

===========================================================================================
----------------- testing Tue Nov 20 02:46:52 UTC 2018 /home/travis/build/icyphy/ptII/ptolemy/actor/lib/test/auto/ConstantPublisherPort2.xml
----------------- Instantiating /home/travis/build/icyphy/ptII/ptolemy/actor/lib/test/auto/ConstantPublisherPort2.xml
10 ms. Memory: 881152K Free: 297908K (34%)
----------------- Invoking toplevel() on ptolemy.moml.MoMLSimpleApplication@27026176
----------------- Done invoking toplevel() on ptolemy.moml.MoMLSimpleApplication@27026176
reloadAllAccessors: .ConstantPublisherPort2

===========================================================================================
----------------- testing Tue Nov 20 02:46:52 UTC 2018 /home/travis/build/icyphy/ptII/ptolemy/actor/lib/test/auto/ConstantPublisherPort3.xml
----------------- Instantiating /home/travis/build/icyphy/ptII/ptolemy/actor/lib/test/auto/ConstantPublisherPort3.xml
6 ms. Memory: 881152K Free: 287497K (33%)
----------------- Invoking toplevel() on ptolemy.moml.MoMLSimpleApplication@7682e188
----------------- Done invoking toplevel() on ptolemy.moml.MoMLSimpleApplication@7682e188
reloadAllAccessors: .ConstantPublisherPort3

===========================================================================================
----------------- testing Tue Nov 20 02:46:52 UTC 2018 /home/travis/build/icyphy/ptII/ptolemy/actor/lib/test/auto/ConstantPublisherPort4.xml
----------------- Instantiating /home/travis/build/icyphy/ptII/ptolemy/actor/lib/test/auto/ConstantPublisherPort4.xml
4 ms. Memory: 881152K Free: 267997K (30%)
----------------- Invoking toplevel() on ptolemy.moml.MoMLSimpleApplication@1c31a3f4
----------------- Done invoking toplevel() on ptolemy.moml.MoMLSimpleApplication@1c31a3f4
reloadAllAccessors: .ConstantPublisherPort4

===========================================================================================
----------------- testing Tue Nov 20 02:46:52 UTC 2018 /home/travis/build/icyphy/ptII/ptolemy/actor/lib/test/auto/ConstantPublisherPort5.xml
----------------- Instantiating /home/travis/build/icyphy/ptII/ptolemy/actor/lib/test/auto/ConstantPublisherPort5.xml
31 ms. Memory: 881152K Free: 241955K (27%)
----------------- Invoking toplevel() on ptolemy.moml.MoMLSimpleApplication@ed062fa
----------------- Done invoking toplevel() on ptolemy.moml.MoMLSimpleApplication@ed062fa
reloadAllAccessors: .ConstantPublisherPort5

===========================================================================================
----------------- testing Tue Nov 20 02:46:53 UTC 2018 /home/travis/build/icyphy/ptII/ptolemy/actor/lib/test/auto/ConstantPublisherPort6.xml
----------------- Instantiating /home/travis/build/icyphy/ptII/ptolemy/actor/lib/test/auto/ConstantPublisherPort6.xml
20 ms. Memory: 881152K Free: 215928K (25%)
----------------- Invoking toplevel() on ptolemy.moml.MoMLSimpleApplication@4dc23316
----------------- Done invoking toplevel() on ptolemy.moml.MoMLSimpleApplication@4dc23316
reloadAllAccessors: .ConstantPublisherPort6

===========================================================================================
----------------- testing Tue Nov 20 02:46:53 UTC 2018 /home/travis/build/icyphy/ptII/ptolemy/actor/lib/test/auto/ConstantPublisherPort7.xml
----------------- Instantiating /home/travis/build/icyphy/ptII/ptolemy/actor/lib/test/auto/ConstantPublisherPort7.xml
20 ms. Memory: 881152K Free: 189901K (22%)
----------------- Invoking toplevel() on ptolemy.moml.MoMLSimpleApplication@2d4d0432
----------------- Done invoking toplevel() on ptolemy.moml.MoMLSimpleApplication@2d4d0432
reloadAllAccessors: .ConstantPublisherPort7

===========================================================================================
----------------- testing Tue Nov 20 02:46:53 UTC 2018 /home/travis/build/icyphy/ptII/ptolemy/actor/lib/test/auto/ConstraintMonitor1.xml
----------------- Instantiating /home/travis/build/icyphy/ptII/ptolemy/actor/lib/test/auto/ConstraintMonitor1.xml
8 ms. Memory: 881152K Free: 170401K (19%)
----------------- Invoking toplevel() on ptolemy.moml.MoMLSimpleApplication@2eeaeb36
----------------- Done invoking toplevel() on ptolemy.moml.MoMLSimpleApplication@2eeaeb36
reloadAllAccessors: .ConstraintMonitor1

===========================================================================================
----------------- testing Tue Nov 20 02:46:53 UTC 2018 /home/travis/build/icyphy/ptII/ptolemy/actor/lib/test/auto/ConstraintMonitor2.xml
----------------- Instantiating /home/travis/build/icyphy/ptII/ptolemy/actor/lib/test/auto/ConstraintMonitor2.xml
7 ms. Memory: 881152K Free: 159990K (18%)
----------------- Invoking toplevel() on ptolemy.moml.MoMLSimpleApplication@686a0f6b
----------------- Done invoking toplevel() on ptolemy.moml.MoMLSimpleApplication@686a0f6b
reloadAllAccessors: .ConstraintMonitor2

===========================================================================================
----------------- testing Tue Nov 20 02:46:53 UTC 2018 /home/travis/build/icyphy/ptII/ptolemy/actor/lib/test/auto/ConstraintMonitor3.xml
----------------- Instantiating /home/travis/build/icyphy/ptII/ptolemy/actor/lib/test/auto/ConstraintMonitor3.xml
8 ms. Memory: 881152K Free: 149580K (17%)
----------------- Invoking toplevel() on ptolemy.moml.MoMLSimpleApplication@48538aef
----------------- Done invoking toplevel() on ptolemy.moml.MoMLSimpleApplication@48538aef
reloadAllAccessors: .ConstraintMonitor3

===========================================================================================
----------------- testing Tue Nov 20 02:46:53 UTC 2018 /home/travis/build/icyphy/ptII/ptolemy/actor/lib/test/auto/ConstraintMonitor4.xml
----------------- Instantiating /home/travis/build/icyphy/ptII/ptolemy/actor/lib/test/auto/ConstraintMonitor4.xml
8 ms. Memory: 881152K Free: 139169K (16%)
----------------- Invoking toplevel() on ptolemy.moml.MoMLSimpleApplication@5a8c6d13
----------------- Done invoking toplevel() on ptolemy.moml.MoMLSimpleApplication@5a8c6d13
reloadAllAccessors: .ConstraintMonitor4

===========================================================================================
----------------- testing Tue Nov 20 02:46:53 UTC 2018 /home/travis/build/icyphy/ptII/ptolemy/actor/lib/test/auto/ConstraintMonitor5.xml
----------------- Instantiating /home/travis/build/icyphy/ptII/ptolemy/actor/lib/test/auto/ConstraintMonitor5.xml
7 ms. Memory: 881152K Free: 119669K (14%)
----------------- Invoking toplevel() on ptolemy.moml.MoMLSimpleApplication@7d38758d
----------------- Done invoking toplevel() on ptolemy.moml.MoMLSimpleApplication@7d38758d
reloadAllAccessors: .ConstraintMonitor5

===========================================================================================
----------------- testing Tue Nov 20 02:46:53 UTC 2018 /home/travis/build/icyphy/ptII/ptolemy/actor/lib/test/auto/ConstraintMonitor6.xml
----------------- Instantiating /home/travis/build/icyphy/ptII/ptolemy/actor/lib/test/auto/ConstraintMonitor6.xml
8 ms. Memory: 881152K Free: 109258K (12%)
----------------- Invoking toplevel() on ptolemy.moml.MoMLSimpleApplication@10d104c8
----------------- Done invoking toplevel() on ptolemy.moml.MoMLSimpleApplication@10d104c8
reloadAllAccessors: .ConstraintMonitor6

===========================================================================================
----------------- testing Tue Nov 20 02:46:53 UTC 2018 /home/travis/build/icyphy/ptII/ptolemy/actor/lib/test/auto/ConstraintMonitor7.xml
----------------- Instantiating /home/travis/build/icyphy/ptII/ptolemy/actor/lib/test/auto/ConstraintMonitor7.xml
3 ms. Memory: 881152K Free: 98848K (11%)
----------------- Invoking toplevel() on ptolemy.moml.MoMLSimpleApplication@18565f05
----------------- Done invoking toplevel() on ptolemy.moml.MoMLSimpleApplication@18565f05
reloadAllAccessors: .ConstraintMonitor7

===========================================================================================
----------------- testing Tue Nov 20 02:46:53 UTC 2018 /home/travis/build/icyphy/ptII/ptolemy/actor/lib/test/auto/ConstraintMonitor8.xml
----------------- Instantiating /home/travis/build/icyphy/ptII/ptolemy/actor/lib/test/auto/ConstraintMonitor8.xml
7 ms. Memory: 881152K Free: 88437K (10%)
----------------- Invoking toplevel() on ptolemy.moml.MoMLSimpleApplication@43a3270c
----------------- Done invoking toplevel() on ptolemy.moml.MoMLSimpleApplication@43a3270c
reloadAllAccessors: .ConstraintMonitor8

===========================================================================================
----------------- testing Tue Nov 20 02:46:53 UTC 2018 /home/travis/build/icyphy/ptII/ptolemy/actor/lib/test/auto/Counter.xml
----------------- Instantiating /home/travis/build/icyphy/ptII/ptolemy/actor/lib/test/auto/Counter.xml
3 ms. Memory: 881152K Free: 68937K (8%)
----------------- Invoking toplevel() on ptolemy.moml.MoMLSimpleApplication@6170e768
----------------- Done invoking toplevel() on ptolemy.moml.MoMLSimpleApplication@6170e768
reloadAllAccessors: .Counter

===========================================================================================
----------------- testing Tue Nov 20 02:46:53 UTC 2018 /home/travis/build/icyphy/ptII/ptolemy/actor/lib/test/auto/CurrentTimeSDF.xml
----------------- Instantiating /home/travis/build/icyphy/ptII/ptolemy/actor/lib/test/auto/CurrentTimeSDF.xml
1 ms. Memory: 881152K Free: 58578K (7%)
----------------- Invoking toplevel() on ptolemy.moml.MoMLSimpleApplication@2ada833c
----------------- Done invoking toplevel() on ptolemy.moml.MoMLSimpleApplication@2ada833c
reloadAllAccessors: .CurrentTimeSDF

===========================================================================================
----------------- testing Tue Nov 20 02:46:53 UTC 2018 /home/travis/build/icyphy/ptII/ptolemy/actor/lib/test/auto/DB.xml
----------------- Instantiating /home/travis/build/icyphy/ptII/ptolemy/actor/lib/test/auto/DB.xml
2 ms. Memory: 882176K Free: 821925K (93%)
----------------- Invoking toplevel() on ptolemy.moml.MoMLSimpleApplication@50510ec2
----------------- Done invoking toplevel() on ptolemy.moml.MoMLSimpleApplication@50510ec2
reloadAllAccessors: .DB

===========================================================================================
----------------- testing Tue Nov 20 02:46:53 UTC 2018 /home/travis/build/icyphy/ptII/ptolemy/actor/lib/test/auto/DBDE.xml
----------------- Instantiating /home/travis/build/icyphy/ptII/ptolemy/actor/lib/test/auto/DBDE.xml
2 ms. Memory: 882176K Free: 804726K (91%)
----------------- Invoking toplevel() on ptolemy.moml.MoMLSimpleApplication@cf7e09f
----------------- Done invoking toplevel() on ptolemy.moml.MoMLSimpleApplication@cf7e09f
reloadAllAccessors: .DBDE

===========================================================================================
----------------- testing Tue Nov 20 02:46:53 UTC 2018 /home/travis/build/icyphy/ptII/ptolemy/actor/lib/test/auto/DateConstructor.xml
----------------- Instantiating /home/travis/build/icyphy/ptII/ptolemy/actor/lib/test/auto/DateConstructor.xml
15 ms. Memory: 882176K Free: 783889K (89%)
----------------- Invoking toplevel() on ptolemy.moml.MoMLSimpleApplication@42304490
----------------- Done invoking toplevel() on ptolemy.moml.MoMLSimpleApplication@42304490
reloadAllAccessors: .DateConstructor

===========================================================================================
----------------- testing Tue Nov 20 02:46:53 UTC 2018 /home/travis/build/icyphy/ptII/ptolemy/actor/lib/test/auto/DelayTime.xml
----------------- Instantiating /home/travis/build/icyphy/ptII/ptolemy/actor/lib/test/auto/DelayTime.xml
2 ms. Memory: 882176K Free: 766585K (87%)
----------------- Invoking toplevel() on ptolemy.moml.MoMLSimpleApplication@4767e9df
----------------- Done invoking toplevel() on ptolemy.moml.MoMLSimpleApplication@4767e9df
reloadAllAccessors: .DelayTime

===========================================================================================
----------------- testing Tue Nov 20 02:46:53 UTC 2018 /home/travis/build/icyphy/ptII/ptolemy/actor/lib/test/auto/Dictionary1.xml
----------------- Instantiating /home/travis/build/icyphy/ptII/ptolemy/actor/lib/test/auto/Dictionary1.xml
2 ms. Memory: 882176K Free: 756174K (86%)
----------------- Invoking toplevel() on ptolemy.moml.MoMLSimpleApplication@50e5f5b0
----------------- Done invoking toplevel() on ptolemy.moml.MoMLSimpleApplication@50e5f5b0
reloadAllAccessors: .Dictionary1

===========================================================================================
----------------- testing Tue Nov 20 02:46:53 UTC 2018 /home/travis/build/icyphy/ptII/ptolemy/actor/lib/test/auto/Dictionary2.xml
----------------- Instantiating /home/travis/build/icyphy/ptII/ptolemy/actor/lib/test/auto/Dictionary2.xml
3 ms. Memory: 882176K Free: 745763K (85%)
----------------- Invoking toplevel() on ptolemy.moml.MoMLSimpleApplication@6ce04b76
----------------- Done invoking toplevel() on ptolemy.moml.MoMLSimpleApplication@6ce04b76
reloadAllAccessors: .Dictionary2

===========================================================================================
----------------- testing Tue Nov 20 02:46:53 UTC 2018 /home/travis/build/icyphy/ptII/ptolemy/actor/lib/test/auto/Dictionary3.xml
----------------- Instantiating /home/travis/build/icyphy/ptII/ptolemy/actor/lib/test/auto/Dictionary3.xml
1 ms. Memory: 882176K Free: 728565K (83%)
----------------- Invoking toplevel() on ptolemy.moml.MoMLSimpleApplication@516d57fc
----------------- Done invoking toplevel() on ptolemy.moml.MoMLSimpleApplication@516d57fc
reloadAllAccessors: .Dictionary3

===========================================================================================
----------------- testing Tue Nov 20 02:46:53 UTC 2018 /home/travis/build/icyphy/ptII/ptolemy/actor/lib/test/auto/Dictionary4.xml
----------------- Instantiating /home/travis/build/icyphy/ptII/ptolemy/actor/lib/test/auto/Dictionary4.xml
4 ms. Memory: 882176K Free: 718154K (81%)
----------------- Invoking toplevel() on ptolemy.moml.MoMLSimpleApplication@76e81408
----------------- Done invoking toplevel() on ptolemy.moml.MoMLSimpleApplication@76e81408
reloadAllAccessors: .Dictionary4

===========================================================================================
----------------- testing Tue Nov 20 02:46:53 UTC 2018 /home/travis/build/icyphy/ptII/ptolemy/actor/lib/test/auto/Differential.xml
----------------- Instantiating /home/travis/build/icyphy/ptII/ptolemy/actor/lib/test/auto/Differential.xml
3 ms. Memory: 882176K Free: 707743K (80%)
----------------- Invoking toplevel() on ptolemy.moml.MoMLSimpleApplication@41cac28f
----------------- Done invoking toplevel() on ptolemy.moml.MoMLSimpleApplication@41cac28f
reloadAllAccessors: .Differential

===========================================================================================
----------------- testing Tue Nov 20 02:46:53 UTC 2018 /home/travis/build/icyphy/ptII/ptolemy/actor/lib/test/auto/Director.xml
----------------- Instantiating /home/travis/build/icyphy/ptII/ptolemy/actor/lib/test/auto/Director.xml
2 ms. Memory: 882176K Free: 690544K (78%)
----------------- Invoking toplevel() on ptolemy.moml.MoMLSimpleApplication@69216932
----------------- Done invoking toplevel() on ptolemy.moml.MoMLSimpleApplication@69216932
reloadAllAccessors: .Director

===========================================================================================
----------------- testing Tue Nov 20 02:46:53 UTC 2018 /home/travis/build/icyphy/ptII/ptolemy/actor/lib/test/auto/DiscreteClock.xml
----------------- Instantiating /home/travis/build/icyphy/ptII/ptolemy/actor/lib/test/auto/DiscreteClock.xml
1 ms. Memory: 882176K Free: 680134K (77%)
----------------- Invoking toplevel() on ptolemy.moml.MoMLSimpleApplication@12e8f0da
----------------- Done invoking toplevel() on ptolemy.moml.MoMLSimpleApplication@12e8f0da
reloadAllAccessors: .DiscreteClock

===========================================================================================
----------------- testing Tue Nov 20 02:46:53 UTC 2018 /home/travis/build/icyphy/ptII/ptolemy/actor/lib/test/auto/DiscreteClock10.xml
----------------- Instantiating /home/travis/build/icyphy/ptII/ptolemy/actor/lib/test/auto/DiscreteClock10.xml
3 ms. Memory: 882176K Free: 669723K (76%)
----------------- Invoking toplevel() on ptolemy.moml.MoMLSimpleApplication@51c1c0c6
----------------- Done invoking toplevel() on ptolemy.moml.MoMLSimpleApplication@51c1c0c6
reloadAllAccessors: .DiscreteClock10

===========================================================================================
----------------- testing Tue Nov 20 02:46:53 UTC 2018 /home/travis/build/icyphy/ptII/ptolemy/actor/lib/test/auto/DiscreteClock11.xml
----------------- Instantiating /home/travis/build/icyphy/ptII/ptolemy/actor/lib/test/auto/DiscreteClock11.xml
1 ms. Memory: 882176K Free: 652524K (74%)
----------------- Invoking toplevel() on ptolemy.moml.MoMLSimpleApplication@7b2f1f3a
----------------- Done invoking toplevel() on ptolemy.moml.MoMLSimpleApplication@7b2f1f3a
reloadAllAccessors: .DiscreteClock11

===========================================================================================
----------------- testing Tue Nov 20 02:46:53 UTC 2018 /home/travis/build/icyphy/ptII/ptolemy/actor/lib/test/auto/DiscreteClock12.xml
----------------- Instantiating /home/travis/build/icyphy/ptII/ptolemy/actor/lib/test/auto/DiscreteClock12.xml
3 ms. Memory: 882176K Free: 642114K (73%)
----------------- Invoking toplevel() on ptolemy.moml.MoMLSimpleApplication@79b9ff68
----------------- Done invoking toplevel() on ptolemy.moml.MoMLSimpleApplication@79b9ff68
reloadAllAccessors: .DiscreteClock12

===========================================================================================
----------------- testing Tue Nov 20 02:46:53 UTC 2018 /home/travis/build/icyphy/ptII/ptolemy/actor/lib/test/auto/DiscreteClock13.xml
----------------- Instantiating /home/travis/build/icyphy/ptII/ptolemy/actor/lib/test/auto/DiscreteClock13.xml
6 ms. Memory: 882176K Free: 631703K (72%)
----------------- Invoking toplevel() on ptolemy.moml.MoMLSimpleApplication@617b680c
----------------- Done invoking toplevel() on ptolemy.moml.MoMLSimpleApplication@617b680c
reloadAllAccessors: .DiscreteClock13

===========================================================================================
----------------- testing Tue Nov 20 02:46:53 UTC 2018 /home/travis/build/icyphy/ptII/ptolemy/actor/lib/test/auto/DiscreteClock14.xml
----------------- Instantiating /home/travis/build/icyphy/ptII/ptolemy/actor/lib/test/auto/DiscreteClock14.xml
6 ms. Memory: 882176K Free: 614504K (70%)
----------------- Invoking toplevel() on ptolemy.moml.MoMLSimpleApplication@188a875f
----------------- Done invoking toplevel() on ptolemy.moml.MoMLSimpleApplication@188a875f
reloadAllAccessors: .DiscreteClock14

===========================================================================================
----------------- testing Tue Nov 20 02:46:53 UTC 2018 /home/travis/build/icyphy/ptII/ptolemy/actor/lib/test/auto/DiscreteClock15.xml
----------------- Instantiating /home/travis/build/icyphy/ptII/ptolemy/actor/lib/test/auto/DiscreteClock15.xml
6 ms. Memory: 882176K Free: 604093K (68%)
----------------- Invoking toplevel() on ptolemy.moml.MoMLSimpleApplication@19a57187
----------------- Done invoking toplevel() on ptolemy.moml.MoMLSimpleApplication@19a57187
reloadAllAccessors: .DiscreteClock15

===========================================================================================
----------------- testing Tue Nov 20 02:46:53 UTC 2018 /home/travis/build/icyphy/ptII/ptolemy/actor/lib/test/auto/DiscreteClock16.xml
----------------- Instantiating /home/travis/build/icyphy/ptII/ptolemy/actor/lib/test/auto/DiscreteClock16.xml
17 ms. Memory: 882176K Free: 588477K (67%)
----------------- Invoking toplevel() on ptolemy.moml.MoMLSimpleApplication@217d7982
----------------- Done invoking toplevel() on ptolemy.moml.MoMLSimpleApplication@217d7982
reloadAllAccessors: .DiscreteClock16

===========================================================================================
----------------- testing Tue Nov 20 02:46:53 UTC 2018 /home/travis/build/icyphy/ptII/ptolemy/actor/lib/test/auto/DiscreteClock17.xml
----------------- Instantiating /home/travis/build/icyphy/ptII/ptolemy/actor/lib/test/auto/DiscreteClock17.xml
15 ms. Memory: 882176K Free: 566057K (64%)
----------------- Invoking toplevel() on ptolemy.moml.MoMLSimpleApplication@fa9fac
----------------- Done invoking toplevel() on ptolemy.moml.MoMLSimpleApplication@fa9fac
reloadAllAccessors: .DiscreteClock17

===========================================================================================
----------------- testing Tue Nov 20 02:46:53 UTC 2018 /home/travis/build/icyphy/ptII/ptolemy/actor/lib/test/auto/DiscreteClock18.xml
----------------- Instantiating /home/travis/build/icyphy/ptII/ptolemy/actor/lib/test/auto/DiscreteClock18.xml
16 ms. Memory: 882176K Free: 550425K (62%)
----------------- Invoking toplevel() on ptolemy.moml.MoMLSimpleApplication@2e9187a9
----------------- Done invoking toplevel() on ptolemy.moml.MoMLSimpleApplication@2e9187a9
reloadAllAccessors: .DiscreteClock18

===========================================================================================
----------------- testing Tue Nov 20 02:46:53 UTC 2018 /home/travis/build/icyphy/ptII/ptolemy/actor/lib/test/auto/DiscreteClock19.xml
----------------- Instantiating /home/travis/build/icyphy/ptII/ptolemy/actor/lib/test/auto/DiscreteClock19.xml
15 ms. Memory: 882176K Free: 534793K (61%)
----------------- Invoking toplevel() on ptolemy.moml.MoMLSimpleApplication@3d0e9e76
----------------- Done invoking toplevel() on ptolemy.moml.MoMLSimpleApplication@3d0e9e76
reloadAllAccessors: .DiscreteClock19

===========================================================================================
----------------- testing Tue Nov 20 02:46:53 UTC 2018 /home/travis/build/icyphy/ptII/ptolemy/actor/lib/test/auto/DiscreteClock2.xml
----------------- Instantiating /home/travis/build/icyphy/ptII/ptolemy/actor/lib/test/auto/DiscreteClock2.xml
5 ms. Memory: 882176K Free: 517594K (59%)
----------------- Invoking toplevel() on ptolemy.moml.MoMLSimpleApplication@61928afd
----------------- Done invoking toplevel() on ptolemy.moml.MoMLSimpleApplication@61928afd
reloadAllAccessors: .DiscreteClock2

===========================================================================================
----------------- testing Tue Nov 20 02:46:53 UTC 2018 /home/travis/build/icyphy/ptII/ptolemy/actor/lib/test/auto/DiscreteClock20.xml
----------------- Instantiating /home/travis/build/icyphy/ptII/ptolemy/actor/lib/test/auto/DiscreteClock20.xml
6 ms. Memory: 882176K Free: 507184K (57%)
----------------- Invoking toplevel() on ptolemy.moml.MoMLSimpleApplication@5d2f6f8
----------------- Done invoking toplevel() on ptolemy.moml.MoMLSimpleApplication@5d2f6f8
reloadAllAccessors: .DiscreteClock20

===========================================================================================
----------------- testing Tue Nov 20 02:46:53 UTC 2018 /home/travis/build/icyphy/ptII/ptolemy/actor/lib/test/auto/DiscreteClock21.xml
----------------- Instantiating /home/travis/build/icyphy/ptII/ptolemy/actor/lib/test/auto/DiscreteClock21.xml
6 ms. Memory: 882176K Free: 496773K (56%)
----------------- Invoking toplevel() on ptolemy.moml.MoMLSimpleApplication@59122e64
----------------- Done invoking toplevel() on ptolemy.moml.MoMLSimpleApplication@59122e64
reloadAllAccessors: .DiscreteClock21

===========================================================================================
----------------- testing Tue Nov 20 02:46:54 UTC 2018 /home/travis/build/icyphy/ptII/ptolemy/actor/lib/test/auto/DiscreteClock22.xml
----------------- Instantiating /home/travis/build/icyphy/ptII/ptolemy/actor/lib/test/auto/DiscreteClock22.xml
6 ms. Memory: 882176K Free: 479574K (54%)
----------------- Invoking toplevel() on ptolemy.moml.MoMLSimpleApplication@151335f0
----------------- Done invoking toplevel() on ptolemy.moml.MoMLSimpleApplication@151335f0
reloadAllAccessors: .DiscreteClock22

===========================================================================================
----------------- testing Tue Nov 20 02:46:54 UTC 2018 /home/travis/build/icyphy/ptII/ptolemy/actor/lib/test/auto/DiscreteClock23.xml
----------------- Instantiating /home/travis/build/icyphy/ptII/ptolemy/actor/lib/test/auto/DiscreteClock23.xml
6 ms. Memory: 882176K Free: 469164K (53%)
----------------- Invoking toplevel() on ptolemy.moml.MoMLSimpleApplication@1e0c7628
----------------- Done invoking toplevel() on ptolemy.moml.MoMLSimpleApplication@1e0c7628
reloadAllAccessors: .DiscreteClock23

===========================================================================================
----------------- testing Tue Nov 20 02:46:54 UTC 2018 /home/travis/build/icyphy/ptII/ptolemy/actor/lib/test/auto/DiscreteClock24.xml
----------------- Instantiating /home/travis/build/icyphy/ptII/ptolemy/actor/lib/test/auto/DiscreteClock24.xml
5 ms. Memory: 882176K Free: 458753K (52%)
----------------- Invoking toplevel() on ptolemy.moml.MoMLSimpleApplication@68f5ab00
----------------- Done invoking toplevel() on ptolemy.moml.MoMLSimpleApplication@68f5ab00
reloadAllAccessors: .DiscreteClock24

===========================================================================================
----------------- testing Tue Nov 20 02:46:54 UTC 2018 /home/travis/build/icyphy/ptII/ptolemy/actor/lib/test/auto/DiscreteClock4.xml
----------------- Instantiating /home/travis/build/icyphy/ptII/ptolemy/actor/lib/test/auto/DiscreteClock4.xml
2 ms. Memory: 882176K Free: 441554K (50%)
----------------- Invoking toplevel() on ptolemy.moml.MoMLSimpleApplication@294363e9
----------------- Done invoking toplevel() on ptolemy.moml.MoMLSimpleApplication@294363e9
reloadAllAccessors: .DiscreteClock4

===========================================================================================
----------------- testing Tue Nov 20 02:46:54 UTC 2018 /home/travis/build/icyphy/ptII/ptolemy/actor/lib/test/auto/DiscreteClock5.xml
----------------- Instantiating /home/travis/build/icyphy/ptII/ptolemy/actor/lib/test/auto/DiscreteClock5.xml
1 ms. Memory: 882176K Free: 431143K (49%)
----------------- Invoking toplevel() on ptolemy.moml.MoMLSimpleApplication@72205ff0
----------------- Done invoking toplevel() on ptolemy.moml.MoMLSimpleApplication@72205ff0
reloadAllAccessors: .DiscreteClock5

===========================================================================================
----------------- testing Tue Nov 20 02:46:54 UTC 2018 /home/travis/build/icyphy/ptII/ptolemy/actor/lib/test/auto/DiscreteClock6.xml
----------------- Instantiating /home/travis/build/icyphy/ptII/ptolemy/actor/lib/test/auto/DiscreteClock6.xml
1 ms. Memory: 882176K Free: 420733K (48%)
----------------- Invoking toplevel() on ptolemy.moml.MoMLSimpleApplication@1bdaa525
----------------- Done invoking toplevel() on ptolemy.moml.MoMLSimpleApplication@1bdaa525
reloadAllAccessors: .DiscreteClock6

===========================================================================================
----------------- testing Tue Nov 20 02:46:54 UTC 2018 /home/travis/build/icyphy/ptII/ptolemy/actor/lib/test/auto/DiscreteClock7.xml
----------------- Instantiating /home/travis/build/icyphy/ptII/ptolemy/actor/lib/test/auto/DiscreteClock7.xml
2 ms. Memory: 882176K Free: 403534K (46%)
----------------- Invoking toplevel() on ptolemy.moml.MoMLSimpleApplication@3b08a2e5
----------------- Done invoking toplevel() on ptolemy.moml.MoMLSimpleApplication@3b08a2e5
reloadAllAccessors: .DiscreteClock7

===========================================================================================
----------------- testing Tue Nov 20 02:46:54 UTC 2018 /home/travis/build/icyphy/ptII/ptolemy/actor/lib/test/auto/DiscreteClock8.xml
----------------- Instantiating /home/travis/build/icyphy/ptII/ptolemy/actor/lib/test/auto/DiscreteClock8.xml
5 ms. Memory: 882176K Free: 393123K (45%)
----------------- Invoking toplevel() on ptolemy.moml.MoMLSimpleApplication@641ec3c
----------------- Done invoking toplevel() on ptolemy.moml.MoMLSimpleApplication@641ec3c
reloadAllAccessors: .DiscreteClock8

===========================================================================================
----------------- testing Tue Nov 20 02:46:54 UTC 2018 /home/travis/build/icyphy/ptII/ptolemy/actor/lib/test/auto/DiscreteClock9.xml
----------------- Instantiating /home/travis/build/icyphy/ptII/ptolemy/actor/lib/test/auto/DiscreteClock9.xml
8 ms. Memory: 882176K Free: 382713K (43%)
----------------- Invoking toplevel() on ptolemy.moml.MoMLSimpleApplication@146cf30d
----------------- Done invoking toplevel() on ptolemy.moml.MoMLSimpleApplication@146cf30d
reloadAllAccessors: .DiscreteClock9

===========================================================================================
----------------- testing Tue Nov 20 02:46:54 UTC 2018 /home/travis/build/icyphy/ptII/ptolemy/actor/lib/test/auto/DisplayArray.xml
----------------- Instantiating /home/travis/build/icyphy/ptII/ptolemy/actor/lib/test/auto/DisplayArray.xml
1 ms. Memory: 882176K Free: 365514K (41%)
----------------- Invoking toplevel() on ptolemy.moml.MoMLSimpleApplication@1fd6e606
----------------- Done invoking toplevel() on ptolemy.moml.MoMLSimpleApplication@1fd6e606
reloadAllAccessors: .DisplayArray

===========================================================================================
----------------- testing Tue Nov 20 02:46:54 UTC 2018 /home/travis/build/icyphy/ptII/ptolemy/actor/lib/test/auto/Distributor.xml
----------------- Instantiating /home/travis/build/icyphy/ptII/ptolemy/actor/lib/test/auto/Distributor.xml
2 ms. Memory: 882176K Free: 355103K (40%)
----------------- Invoking toplevel() on ptolemy.moml.MoMLSimpleApplication@2fa00167
----------------- Done invoking toplevel() on ptolemy.moml.MoMLSimpleApplication@2fa00167
reloadAllAccessors: .Distributor

===========================================================================================
----------------- testing Tue Nov 20 02:46:54 UTC 2018 /home/travis/build/icyphy/ptII/ptolemy/actor/lib/test/auto/Distributor2.xml
----------------- Instantiating /home/travis/build/icyphy/ptII/ptolemy/actor/lib/test/auto/Distributor2.xml
1 ms. Memory: 882176K Free: 337905K (38%)
----------------- Invoking toplevel() on ptolemy.moml.MoMLSimpleApplication@17c1e7fb
----------------- Done invoking toplevel() on ptolemy.moml.MoMLSimpleApplication@17c1e7fb
reloadAllAccessors: .Distributor2

===========================================================================================
----------------- testing Tue Nov 20 02:46:54 UTC 2018 /home/travis/build/icyphy/ptII/ptolemy/actor/lib/test/auto/DownSample.xml
----------------- Instantiating /home/travis/build/icyphy/ptII/ptolemy/actor/lib/test/auto/DownSample.xml
1 ms. Memory: 882176K Free: 327494K (37%)
----------------- Invoking toplevel() on ptolemy.moml.MoMLSimpleApplication@9dfb17c
----------------- Done invoking toplevel() on ptolemy.moml.MoMLSimpleApplication@9dfb17c
reloadAllAccessors: .DownSample

===========================================================================================
----------------- testing Tue Nov 20 02:46:54 UTC 2018 /home/travis/build/icyphy/ptII/ptolemy/actor/lib/test/auto/ElectronicUnitBase1.xml
----------------- Instantiating /home/travis/build/icyphy/ptII/ptolemy/actor/lib/test/auto/ElectronicUnitBase1.xml
16 ms. Memory: 882176K Free: 306664K (35%)
----------------- Invoking toplevel() on ptolemy.moml.MoMLSimpleApplication@65266209
----------------- Done invoking toplevel() on ptolemy.moml.MoMLSimpleApplication@65266209
reloadAllAccessors: .ElectronicUnitBase1

===========================================================================================
----------------- testing Tue Nov 20 02:46:54 UTC 2018 /home/travis/build/icyphy/ptII/ptolemy/actor/lib/test/auto/ElementsToArray.xml
----------------- Instantiating /home/travis/build/icyphy/ptII/ptolemy/actor/lib/test/auto/ElementsToArray.xml
1 ms. Memory: 882176K Free: 289466K (33%)
----------------- Invoking toplevel() on ptolemy.moml.MoMLSimpleApplication@3c9d1106
----------------- Done invoking toplevel() on ptolemy.moml.MoMLSimpleApplication@3c9d1106
reloadAllAccessors: .ElementsToArray

===========================================================================================
----------------- testing Tue Nov 20 02:46:54 UTC 2018 /home/travis/build/icyphy/ptII/ptolemy/actor/lib/test/auto/Equals.xml
----------------- Instantiating /home/travis/build/icyphy/ptII/ptolemy/actor/lib/test/auto/Equals.xml
1 ms. Memory: 882176K Free: 279055K (32%)
----------------- Invoking toplevel() on ptolemy.moml.MoMLSimpleApplication@a70ed93
----------------- Done invoking toplevel() on ptolemy.moml.MoMLSimpleApplication@a70ed93
reloadAllAccessors: .Equals

===========================================================================================
----------------- testing Tue Nov 20 02:46:54 UTC 2018 /home/travis/build/icyphy/ptII/ptolemy/actor/lib/test/auto/Exec.xml
----------------- Instantiating /home/travis/build/icyphy/ptII/ptolemy/actor/lib/test/auto/Exec.xml
7 ms. Memory: 1368576K Free: 1288318K (94%)
----------------- Invoking toplevel() on ptolemy.moml.MoMLSimpleApplication@c353a59
----------------- Done invoking toplevel() on ptolemy.moml.MoMLSimpleApplication@c353a59
reloadAllAccessors: .Exec

===========================================================================================
----------------- testing Tue Nov 20 02:46:54 UTC 2018 /home/travis/build/icyphy/ptII/ptolemy/actor/lib/test/auto/ExecEnvironment.xml
----------------- Instantiating /home/travis/build/icyphy/ptII/ptolemy/actor/lib/test/auto/ExecEnvironment.xml
25 ms. Memory: 1368576K Free: 1246475K (91%)
----------------- Invoking toplevel() on ptolemy.moml.MoMLSimpleApplication@62f58789
----------------- Done invoking toplevel() on ptolemy.moml.MoMLSimpleApplication@62f58789
reloadAllAccessors: .ExecEnvironment

===========================================================================================
----------------- testing Tue Nov 20 02:46:54 UTC 2018 /home/travis/build/icyphy/ptII/ptolemy/actor/lib/test/auto/ExecNonZeroReturnOutput.xml
----------------- Instantiating /home/travis/build/icyphy/ptII/ptolemy/actor/lib/test/auto/ExecNonZeroReturnOutput.xml
123 ms. Memory: 1368576K Free: 1121546K (82%)
----------------- Invoking toplevel() on ptolemy.moml.MoMLSimpleApplication@4274f67c
----------------- Done invoking toplevel() on ptolemy.moml.MoMLSimpleApplication@4274f67c
reloadAllAccessors: .ExecNonZeroReturnOutput

===========================================================================================
----------------- testing Tue Nov 20 02:46:54 UTC 2018 /home/travis/build/icyphy/ptII/ptolemy/actor/lib/test/auto/ExecRunDemos.xml
----------------- Instantiating /home/travis/build/icyphy/ptII/ptolemy/actor/lib/test/auto/ExecRunDemos.xml
Finished: 69 ms. Memory: 116224K Free: 100087K (86%)

Finished: 49 ms. Memory: 116224K Free: 96344K (83%)

Finished: 42 ms. Memory: 116224K Free: 96891K (83%)

Finished: 60 ms. Memory: 116224K Free: 98268K (85%)

Finished: 55 ms. Memory: 116224K Free: 99505K (86%)

9501 ms. Memory: 1368576K Free: 1013147K (74%)
----------------- Invoking toplevel() on ptolemy.moml.MoMLSimpleApplication@6c3578c6
----------------- Done invoking toplevel() on ptolemy.moml.MoMLSimpleApplication@6c3578c6
reloadAllAccessors: .ExecRunDemos

===========================================================================================
----------------- testing Tue Nov 20 02:47:04 UTC 2018 /home/travis/build/icyphy/ptII/ptolemy/actor/lib/test/auto/ExecStop.xml
----------------- Instantiating /home/travis/build/icyphy/ptII/ptolemy/actor/lib/test/auto/ExecStop.xml
5008 ms. Memory: 1368576K Free: 813061K (59%)
----------------- Invoking toplevel() on ptolemy.moml.MoMLSimpleApplication@3577cf16
----------------- Done invoking toplevel() on ptolemy.moml.MoMLSimpleApplication@3577cf16
reloadAllAccessors: .ExecStop

===========================================================================================
----------------- testing Tue Nov 20 02:47:09 UTC 2018 /home/travis/build/icyphy/ptII/ptolemy/actor/lib/test/auto/ExecutionTimeSDF.xml
----------------- Instantiating /home/travis/build/icyphy/ptII/ptolemy/actor/lib/test/auto/ExecutionTimeSDF.xml
Fired ExecutionTime: -644567296
Fired ExecutionTime: 925600000
Fired ExecutionTime: -1128967296
6004 ms. Memory: 1368576K Free: 788067K (58%)
----------------- Invoking toplevel() on ptolemy.moml.MoMLSimpleApplication@4ce76454
----------------- Done invoking toplevel() on ptolemy.moml.MoMLSimpleApplication@4ce76454
reloadAllAccessors: .ExecutionTimeSDF

===========================================================================================
----------------- testing Tue Nov 20 02:47:15 UTC 2018 /home/travis/build/icyphy/ptII/ptolemy/actor/lib/test/auto/Expression1.xml
----------------- Instantiating /home/travis/build/icyphy/ptII/ptolemy/actor/lib/test/auto/Expression1.xml
1 ms. Memory: 1368576K Free: 771410K (56%)
----------------- Invoking toplevel() on ptolemy.moml.MoMLSimpleApplication@fa4c4a1
----------------- Done invoking toplevel() on ptolemy.moml.MoMLSimpleApplication@fa4c4a1
reloadAllAccessors: .Expression1

===========================================================================================
----------------- testing Tue Nov 20 02:47:15 UTC 2018 /home/travis/build/icyphy/ptII/ptolemy/actor/lib/test/auto/Expression10.xml
----------------- Instantiating /home/travis/build/icyphy/ptII/ptolemy/actor/lib/test/auto/Expression10.xml
5 ms. Memory: 1368576K Free: 754753K (55%)
----------------- Invoking toplevel() on ptolemy.moml.MoMLSimpleApplication@45ffc60
----------------- Done invoking toplevel() on ptolemy.moml.MoMLSimpleApplication@45ffc60
reloadAllAccessors: .Expression10

===========================================================================================
----------------- testing Tue Nov 20 02:47:15 UTC 2018 /home/travis/build/icyphy/ptII/ptolemy/actor/lib/test/auto/Expression11.xml
----------------- Instantiating /home/travis/build/icyphy/ptII/ptolemy/actor/lib/test/auto/Expression11.xml
2 ms. Memory: 1368576K Free: 729566K (53%)
----------------- Invoking toplevel() on ptolemy.moml.MoMLSimpleApplication@2189487c
----------------- Done invoking toplevel() on ptolemy.moml.MoMLSimpleApplication@2189487c
reloadAllAccessors: .Expression11

===========================================================================================
----------------- testing Tue Nov 20 02:47:15 UTC 2018 /home/travis/build/icyphy/ptII/ptolemy/actor/lib/test/auto/Expression12.xml
----------------- Instantiating /home/travis/build/icyphy/ptII/ptolemy/actor/lib/test/auto/Expression12.xml
3 ms. Memory: 1368576K Free: 712909K (52%)
----------------- Invoking toplevel() on ptolemy.moml.MoMLSimpleApplication@7a01f73d
----------------- Done invoking toplevel() on ptolemy.moml.MoMLSimpleApplication@7a01f73d
reloadAllAccessors: .Expression12

===========================================================================================
----------------- testing Tue Nov 20 02:47:15 UTC 2018 /home/travis/build/icyphy/ptII/ptolemy/actor/lib/test/auto/Expression13.xml
----------------- Instantiating /home/travis/build/icyphy/ptII/ptolemy/actor/lib/test/auto/Expression13.xml
3 ms. Memory: 1368576K Free: 696252K (51%)
----------------- Invoking toplevel() on ptolemy.moml.MoMLSimpleApplication@68897a1
----------------- Done invoking toplevel() on ptolemy.moml.MoMLSimpleApplication@68897a1
reloadAllAccessors: .Expression13

===========================================================================================
----------------- testing Tue Nov 20 02:47:15 UTC 2018 /home/travis/build/icyphy/ptII/ptolemy/actor/lib/test/auto/Expression14.xml
----------------- Instantiating /home/travis/build/icyphy/ptII/ptolemy/actor/lib/test/auto/Expression14.xml
4 ms. Memory: 1368576K Free: 679595K (50%)
----------------- Invoking toplevel() on ptolemy.moml.MoMLSimpleApplication@713229a2
----------------- Done invoking toplevel() on ptolemy.moml.MoMLSimpleApplication@713229a2
reloadAllAccessors: .Expression14

===========================================================================================
----------------- testing Tue Nov 20 02:47:15 UTC 2018 /home/travis/build/icyphy/ptII/ptolemy/actor/lib/test/auto/Expression15.xml
----------------- Instantiating /home/travis/build/icyphy/ptII/ptolemy/actor/lib/test/auto/Expression15.xml
9 ms. Memory: 1368576K Free: 654409K (48%)
----------------- Invoking toplevel() on ptolemy.moml.MoMLSimpleApplication@12d119e3
----------------- Done invoking toplevel() on ptolemy.moml.MoMLSimpleApplication@12d119e3
reloadAllAccessors: .Expression15

===========================================================================================
----------------- testing Tue Nov 20 02:47:15 UTC 2018 /home/travis/build/icyphy/ptII/ptolemy/actor/lib/test/auto/Expression16.xml
----------------- Instantiating /home/travis/build/icyphy/ptII/ptolemy/actor/lib/test/auto/Expression16.xml
3 ms. Memory: 1368576K Free: 637752K (47%)
----------------- Invoking toplevel() on ptolemy.moml.MoMLSimpleApplication@691ac36f
----------------- Done invoking toplevel() on ptolemy.moml.MoMLSimpleApplication@691ac36f
reloadAllAccessors: .Expression16

===========================================================================================
----------------- testing Tue Nov 20 02:47:15 UTC 2018 /home/travis/build/icyphy/ptII/ptolemy/actor/lib/test/auto/Expression17.xml
----------------- Instantiating /home/travis/build/icyphy/ptII/ptolemy/actor/lib/test/auto/Expression17.xml
2 ms. Memory: 1368576K Free: 621095K (45%)
----------------- Invoking toplevel() on ptolemy.moml.MoMLSimpleApplication@57956f00
----------------- Done invoking toplevel() on ptolemy.moml.MoMLSimpleApplication@57956f00
reloadAllAccessors: .Expression17

===========================================================================================
----------------- testing Tue Nov 20 02:47:15 UTC 2018 /home/travis/build/icyphy/ptII/ptolemy/actor/lib/test/auto/Expression18.xml
----------------- Instantiating /home/travis/build/icyphy/ptII/ptolemy/actor/lib/test/auto/Expression18.xml
3 ms. Memory: 1368576K Free: 604438K (44%)
----------------- Invoking toplevel() on ptolemy.moml.MoMLSimpleApplication@1617cdb8
----------------- Done invoking toplevel() on ptolemy.moml.MoMLSimpleApplication@1617cdb8
reloadAllAccessors: .Expression18

===========================================================================================
----------------- testing Tue Nov 20 02:47:15 UTC 2018 /home/travis/build/icyphy/ptII/ptolemy/actor/lib/test/auto/Expression2.xml
----------------- Instantiating /home/travis/build/icyphy/ptII/ptolemy/actor/lib/test/auto/Expression2.xml
2 ms. Memory: 1368576K Free: 579251K (42%)
----------------- Invoking toplevel() on ptolemy.moml.MoMLSimpleApplication@2b1d1349
----------------- Done invoking toplevel() on ptolemy.moml.MoMLSimpleApplication@2b1d1349
reloadAllAccessors: .Expression2

===========================================================================================
----------------- testing Tue Nov 20 02:47:15 UTC 2018 /home/travis/build/icyphy/ptII/ptolemy/actor/lib/test/auto/Expression3.xml
----------------- Instantiating /home/travis/build/icyphy/ptII/ptolemy/actor/lib/test/auto/Expression3.xml
5 ms. Memory: 1368576K Free: 562594K (41%)
----------------- Invoking toplevel() on ptolemy.moml.MoMLSimpleApplication@2b98eb0d
----------------- Done invoking toplevel() on ptolemy.moml.MoMLSimpleApplication@2b98eb0d
reloadAllAccessors: .Expression3

===========================================================================================
----------------- testing Tue Nov 20 02:47:15 UTC 2018 /home/travis/build/icyphy/ptII/ptolemy/actor/lib/test/auto/Expression4.xml
----------------- Instantiating /home/travis/build/icyphy/ptII/ptolemy/actor/lib/test/auto/Expression4.xml
6 ms. Memory: 1368576K Free: 545937K (40%)
----------------- Invoking toplevel() on ptolemy.moml.MoMLSimpleApplication@991acbf
----------------- Done invoking toplevel() on ptolemy.moml.MoMLSimpleApplication@991acbf
reloadAllAccessors: .Expression4

===========================================================================================
----------------- testing Tue Nov 20 02:47:15 UTC 2018 /home/travis/build/icyphy/ptII/ptolemy/actor/lib/test/auto/Expression5.xml
----------------- Instantiating /home/travis/build/icyphy/ptII/ptolemy/actor/lib/test/auto/Expression5.xml
4 ms. Memory: 1368576K Free: 520751K (38%)
----------------- Invoking toplevel() on ptolemy.moml.MoMLSimpleApplication@59bc0083
----------------- Done invoking toplevel() on ptolemy.moml.MoMLSimpleApplication@59bc0083
reloadAllAccessors: .Expression5

===========================================================================================
----------------- testing Tue Nov 20 02:47:15 UTC 2018 /home/travis/build/icyphy/ptII/ptolemy/actor/lib/test/auto/Expression6.xml
----------------- Instantiating /home/travis/build/icyphy/ptII/ptolemy/actor/lib/test/auto/Expression6.xml
3 ms. Memory: 1368576K Free: 504094K (37%)
----------------- Invoking toplevel() on ptolemy.moml.MoMLSimpleApplication@2d5c9aeb
----------------- Done invoking toplevel() on ptolemy.moml.MoMLSimpleApplication@2d5c9aeb
reloadAllAccessors: .Expression6

===========================================================================================
----------------- testing Tue Nov 20 02:47:15 UTC 2018 /home/travis/build/icyphy/ptII/ptolemy/actor/lib/test/auto/Expression7.xml
----------------- Instantiating /home/travis/build/icyphy/ptII/ptolemy/actor/lib/test/auto/Expression7.xml
3 ms. Memory: 1368576K Free: 487437K (36%)
----------------- Invoking toplevel() on ptolemy.moml.MoMLSimpleApplication@9d346c6
----------------- Done invoking toplevel() on ptolemy.moml.MoMLSimpleApplication@9d346c6
reloadAllAccessors: .Expression7

===========================================================================================
----------------- testing Tue Nov 20 02:47:15 UTC 2018 /home/travis/build/icyphy/ptII/ptolemy/actor/lib/test/auto/Expression8.xml
----------------- Instantiating /home/travis/build/icyphy/ptII/ptolemy/actor/lib/test/auto/Expression8.xml
8 ms. Memory: 1368576K Free: 470780K (34%)
----------------- Invoking toplevel() on ptolemy.moml.MoMLSimpleApplication@118e99e3
----------------- Done invoking toplevel() on ptolemy.moml.MoMLSimpleApplication@118e99e3
reloadAllAccessors: .Expression8

===========================================================================================
----------------- testing Tue Nov 20 02:47:15 UTC 2018 /home/travis/build/icyphy/ptII/ptolemy/actor/lib/test/auto/Expression9.xml
----------------- Instantiating /home/travis/build/icyphy/ptII/ptolemy/actor/lib/test/auto/Expression9.xml
2 ms. Memory: 1368576K Free: 445593K (33%)
----------------- Invoking toplevel() on ptolemy.moml.MoMLSimpleApplication@74fd9eb
----------------- Done invoking toplevel() on ptolemy.moml.MoMLSimpleApplication@74fd9eb
reloadAllAccessors: .Expression9

===========================================================================================
----------------- testing Tue Nov 20 02:47:15 UTC 2018 /home/travis/build/icyphy/ptII/ptolemy/actor/lib/test/auto/ExpressionConcatenateArrayType.xml
----------------- Instantiating /home/travis/build/icyphy/ptII/ptolemy/actor/lib/test/auto/ExpressionConcatenateArrayType.xml
2 ms. Memory: 1368576K Free: 428936K (31%)
----------------- Invoking toplevel() on ptolemy.moml.MoMLSimpleApplication@9710f59
----------------- Done invoking toplevel() on ptolemy.moml.MoMLSimpleApplication@9710f59
reloadAllAccessors: .ExpressionConcatenateArrayType

===========================================================================================
----------------- testing Tue Nov 20 02:47:16 UTC 2018 /home/travis/build/icyphy/ptII/ptolemy/actor/lib/test/auto/ExpressionConcatenateArrayType2.xml
----------------- Instantiating /home/travis/build/icyphy/ptII/ptolemy/actor/lib/test/auto/ExpressionConcatenateArrayType2.xml
3 ms. Memory: 1368576K Free: 412279K (30%)
----------------- Invoking toplevel() on ptolemy.moml.MoMLSimpleApplication@1734e49c
----------------- Done invoking toplevel() on ptolemy.moml.MoMLSimpleApplication@1734e49c
reloadAllAccessors: .ExpressionConcatenateArrayType2

===========================================================================================
----------------- testing Tue Nov 20 02:47:16 UTC 2018 /home/travis/build/icyphy/ptII/ptolemy/actor/lib/test/auto/ExpressionFix.xml
----------------- Instantiating /home/travis/build/icyphy/ptII/ptolemy/actor/lib/test/auto/ExpressionFix.xml
18 ms. Memory: 1368576K Free: 395622K (29%)
----------------- Invoking toplevel() on ptolemy.moml.MoMLSimpleApplication@613b0c0f
----------------- Done invoking toplevel() on ptolemy.moml.MoMLSimpleApplication@613b0c0f
reloadAllAccessors: .ExpressionFix

===========================================================================================
----------------- testing Tue Nov 20 02:47:16 UTC 2018 /home/travis/build/icyphy/ptII/ptolemy/actor/lib/test/auto/ExpressionFix2.xml
----------------- Instantiating /home/travis/build/icyphy/ptII/ptolemy/actor/lib/test/auto/ExpressionFix2.xml
5 ms. Memory: 1368576K Free: 370436K (27%)
----------------- Invoking toplevel() on ptolemy.moml.MoMLSimpleApplication@5b837ecd
----------------- Done invoking toplevel() on ptolemy.moml.MoMLSimpleApplication@5b837ecd
reloadAllAccessors: .ExpressionFix2

===========================================================================================
----------------- testing Tue Nov 20 02:47:16 UTC 2018 /home/travis/build/icyphy/ptII/ptolemy/actor/lib/test/auto/ExpressionFix3.xml
----------------- Instantiating /home/travis/build/icyphy/ptII/ptolemy/actor/lib/test/auto/ExpressionFix3.xml
3 ms. Memory: 1368576K Free: 353779K (26%)
----------------- Invoking toplevel() on ptolemy.moml.MoMLSimpleApplication@2b9e2bcd
----------------- Done invoking toplevel() on ptolemy.moml.MoMLSimpleApplication@2b9e2bcd
reloadAllAccessors: .ExpressionFix3

===========================================================================================
----------------- testing Tue Nov 20 02:47:16 UTC 2018 /home/travis/build/icyphy/ptII/ptolemy/actor/lib/test/auto/FileWriter1.xml
----------------- Instantiating /home/travis/build/icyphy/ptII/ptolemy/actor/lib/test/auto/FileWriter1.xml
3 ms. Memory: 1368576K Free: 337122K (25%)
----------------- Invoking toplevel() on ptolemy.moml.MoMLSimpleApplication@2c4e2996
----------------- Done invoking toplevel() on ptolemy.moml.MoMLSimpleApplication@2c4e2996
reloadAllAccessors: .FileWriter1

===========================================================================================
----------------- testing Tue Nov 20 02:47:16 UTC 2018 /home/travis/build/icyphy/ptII/ptolemy/actor/lib/test/auto/FileWriter2.xml
----------------- Instantiating /home/travis/build/icyphy/ptII/ptolemy/actor/lib/test/auto/FileWriter2.xml
5 ms. Memory: 1368576K Free: 320464K (23%)
----------------- Invoking toplevel() on ptolemy.moml.MoMLSimpleApplication@101f2410
----------------- Done invoking toplevel() on ptolemy.moml.MoMLSimpleApplication@101f2410
reloadAllAccessors: .FileWriter2

===========================================================================================
----------------- testing Tue Nov 20 02:47:16 UTC 2018 /home/travis/build/icyphy/ptII/ptolemy/actor/lib/test/auto/FileWriter3.xml
----------------- Instantiating /home/travis/build/icyphy/ptII/ptolemy/actor/lib/test/auto/FileWriter3.xml
7 ms. Memory: 1368576K Free: 295278K (22%)
----------------- Invoking toplevel() on ptolemy.moml.MoMLSimpleApplication@1fac66cc
----------------- Done invoking toplevel() on ptolemy.moml.MoMLSimpleApplication@1fac66cc
reloadAllAccessors: .FileWriter3

===========================================================================================
----------------- testing Tue Nov 20 02:47:16 UTC 2018 /home/travis/build/icyphy/ptII/ptolemy/actor/lib/test/auto/Gaussian.xml
----------------- Instantiating /home/travis/build/icyphy/ptII/ptolemy/actor/lib/test/auto/Gaussian.xml
3 ms. Memory: 1368576K Free: 278621K (20%)
----------------- Invoking toplevel() on ptolemy.moml.MoMLSimpleApplication@33799dd8
----------------- Done invoking toplevel() on ptolemy.moml.MoMLSimpleApplication@33799dd8
reloadAllAccessors: .Gaussian

===========================================================================================
----------------- testing Tue Nov 20 02:47:16 UTC 2018 /home/travis/build/icyphy/ptII/ptolemy/actor/lib/test/auto/Gaussian1.xml
----------------- Instantiating /home/travis/build/icyphy/ptII/ptolemy/actor/lib/test/auto/Gaussian1.xml
2 ms. Memory: 1368576K Free: 261964K (19%)
----------------- Invoking toplevel() on ptolemy.moml.MoMLSimpleApplication@38c51607
----------------- Done invoking toplevel() on ptolemy.moml.MoMLSimpleApplication@38c51607
reloadAllAccessors: .Gaussian1

===========================================================================================
----------------- testing Tue Nov 20 02:47:16 UTC 2018 /home/travis/build/icyphy/ptII/ptolemy/actor/lib/test/auto/Gaussian2.xml
----------------- Instantiating /home/travis/build/icyphy/ptII/ptolemy/actor/lib/test/auto/Gaussian2.xml
2 ms. Memory: 1368576K Free: 236778K (17%)
----------------- Invoking toplevel() on ptolemy.moml.MoMLSimpleApplication@2aa71e7
----------------- Done invoking toplevel() on ptolemy.moml.MoMLSimpleApplication@2aa71e7
reloadAllAccessors: .Gaussian2

===========================================================================================
----------------- testing Tue Nov 20 02:47:16 UTC 2018 /home/travis/build/icyphy/ptII/ptolemy/actor/lib/test/auto/GradientAdaptiveLattice.xml
----------------- Instantiating /home/travis/build/icyphy/ptII/ptolemy/actor/lib/test/auto/GradientAdaptiveLattice.xml
6 ms. Memory: 1368576K Free: 220120K (16%)
----------------- Invoking toplevel() on ptolemy.moml.MoMLSimpleApplication@10cdb037
----------------- Done invoking toplevel() on ptolemy.moml.MoMLSimpleApplication@10cdb037
reloadAllAccessors: .GradientAdaptiveLattice

===========================================================================================
----------------- testing Tue Nov 20 02:47:16 UTC 2018 /home/travis/build/icyphy/ptII/ptolemy/actor/lib/test/auto/IIR.xml
----------------- Instantiating /home/travis/build/icyphy/ptII/ptolemy/actor/lib/test/auto/IIR.xml
2 ms. Memory: 1368576K Free: 203463K (15%)
----------------- Invoking toplevel() on ptolemy.moml.MoMLSimpleApplication@5565186
----------------- Done invoking toplevel() on ptolemy.moml.MoMLSimpleApplication@5565186
reloadAllAccessors: .IIR

===========================================================================================
----------------- testing Tue Nov 20 02:47:16 UTC 2018 /home/travis/build/icyphy/ptII/ptolemy/actor/lib/test/auto/InputOutputTransparentPorts.xml
----------------- Instantiating /home/travis/build/icyphy/ptII/ptolemy/actor/lib/test/auto/InputOutputTransparentPorts.xml
4 ms. Memory: 1368576K Free: 186806K (14%)
----------------- Invoking toplevel() on ptolemy.moml.MoMLSimpleApplication@7e0aafd2
----------------- Done invoking toplevel() on ptolemy.moml.MoMLSimpleApplication@7e0aafd2
reloadAllAccessors: .InputOutputTransparentPorts

===========================================================================================
----------------- testing Tue Nov 20 02:47:16 UTC 2018 /home/travis/build/icyphy/ptII/ptolemy/actor/lib/test/auto/Interpolator.xml
----------------- Instantiating /home/travis/build/icyphy/ptII/ptolemy/actor/lib/test/auto/Interpolator.xml
5 ms. Memory: 1368576K Free: 161620K (12%)
----------------- Invoking toplevel() on ptolemy.moml.MoMLSimpleApplication@219b0422
----------------- Done invoking toplevel() on ptolemy.moml.MoMLSimpleApplication@219b0422
reloadAllAccessors: .Interpolator

===========================================================================================
----------------- testing Tue Nov 20 02:47:16 UTC 2018 /home/travis/build/icyphy/ptII/ptolemy/actor/lib/test/auto/InterpolatorFiringLimitDE.xml
----------------- Instantiating /home/travis/build/icyphy/ptII/ptolemy/actor/lib/test/auto/InterpolatorFiringLimitDE.xml
2 ms. Memory: 1368576K Free: 144963K (11%)
----------------- Invoking toplevel() on ptolemy.moml.MoMLSimpleApplication@13616bc2
----------------- Done invoking toplevel() on ptolemy.moml.MoMLSimpleApplication@13616bc2
reloadAllAccessors: .InterpolatorFiringLimitDE

===========================================================================================
----------------- testing Tue Nov 20 02:47:16 UTC 2018 /home/travis/build/icyphy/ptII/ptolemy/actor/lib/test/auto/Lattice.xml
----------------- Instantiating /home/travis/build/icyphy/ptII/ptolemy/actor/lib/test/auto/Lattice.xml
1 ms. Memory: 1368576K Free: 128306K (9%)
----------------- Invoking toplevel() on ptolemy.moml.MoMLSimpleApplication@67b1ea6b
----------------- Done invoking toplevel() on ptolemy.moml.MoMLSimpleApplication@67b1ea6b
reloadAllAccessors: .Lattice

===========================================================================================
----------------- testing Tue Nov 20 02:47:16 UTC 2018 /home/travis/build/icyphy/ptII/ptolemy/actor/lib/test/auto/LazyAOCTestLazy.xml
----------------- Instantiating /home/travis/build/icyphy/ptII/ptolemy/actor/lib/test/auto/LazyAOCTestLazy.xml
19 ms. Memory: 1368576K Free: 111649K (8%)
----------------- Invoking toplevel() on ptolemy.moml.MoMLSimpleApplication@60cf8738
----------------- Done invoking toplevel() on ptolemy.moml.MoMLSimpleApplication@60cf8738
reloadAllAccessors: .LazyAOCTestLazy

===========================================================================================
----------------- testing Tue Nov 20 02:47:16 UTC 2018 /home/travis/build/icyphy/ptII/ptolemy/actor/lib/test/auto/LazyAOCTestNonLazy.xml
----------------- Instantiating /home/travis/build/icyphy/ptII/ptolemy/actor/lib/test/auto/LazyAOCTestNonLazy.xml
2 ms. Memory: 1368576K Free: 86462K (6%)
----------------- Invoking toplevel() on ptolemy.moml.MoMLSimpleApplication@dd54d64
----------------- Done invoking toplevel() on ptolemy.moml.MoMLSimpleApplication@dd54d64
reloadAllAccessors: .LazyAOCTestNonLazy

===========================================================================================
----------------- testing Tue Nov 20 02:47:16 UTC 2018 /home/travis/build/icyphy/ptII/ptolemy/actor/lib/test/auto/LazyInnerClass.xml
----------------- Instantiating /home/travis/build/icyphy/ptII/ptolemy/actor/lib/test/auto/LazyInnerClass.xml
33 ms. Memory: 1368576K Free: 1320252K (96%)
----------------- Invoking toplevel() on ptolemy.moml.MoMLSimpleApplication@4722e0ec
----------------- Done invoking toplevel() on ptolemy.moml.MoMLSimpleApplication@4722e0ec
reloadAllAccessors: .LazyInnerClass

===========================================================================================
----------------- testing Tue Nov 20 02:47:16 UTC 2018 /home/travis/build/icyphy/ptII/ptolemy/actor/lib/test/auto/LazyPubSub.xml
----------------- Instantiating /home/travis/build/icyphy/ptII/ptolemy/actor/lib/test/auto/LazyPubSub.xml
30 ms. Memory: 1368576K Free: 1297322K (95%)
----------------- Invoking toplevel() on ptolemy.moml.MoMLSimpleApplication@5b363aaa
----------------- Done invoking toplevel() on ptolemy.moml.MoMLSimpleApplication@5b363aaa
reloadAllAccessors: .LazyPubSub

===========================================================================================
----------------- testing Tue Nov 20 02:47:16 UTC 2018 /home/travis/build/icyphy/ptII/ptolemy/actor/lib/test/auto/LazyPubSub2.xml
----------------- Instantiating /home/travis/build/icyphy/ptII/ptolemy/actor/lib/test/auto/LazyPubSub2.xml
18 ms. Memory: 1368576K Free: 1284829K (94%)
----------------- Invoking toplevel() on ptolemy.moml.MoMLSimpleApplication@60d5b63
----------------- Done invoking toplevel() on ptolemy.moml.MoMLSimpleApplication@60d5b63
reloadAllAccessors: .LazyPubSub2

===========================================================================================
----------------- testing Tue Nov 20 02:47:16 UTC 2018 /home/travis/build/icyphy/ptII/ptolemy/actor/lib/test/auto/LazyPubSub3.xml
----------------- Instantiating /home/travis/build/icyphy/ptII/ptolemy/actor/lib/test/auto/LazyPubSub3.xml
16 ms. Memory: 1368576K Free: 1266136K (93%)
----------------- Invoking toplevel() on ptolemy.moml.MoMLSimpleApplication@1e225565
----------------- Done invoking toplevel() on ptolemy.moml.MoMLSimpleApplication@1e225565
reloadAllAccessors: .LazyPubSub3

===========================================================================================
----------------- testing Tue Nov 20 02:47:16 UTC 2018 /home/travis/build/icyphy/ptII/ptolemy/actor/lib/test/auto/LazySubClassModel.xml
----------------- Instantiating /home/travis/build/icyphy/ptII/ptolemy/actor/lib/test/auto/LazySubClassModel.xml
1 ms. Memory: 1368576K Free: 1247381K (91%)
----------------- Invoking toplevel() on ptolemy.moml.MoMLSimpleApplication@78c78449
----------------- Done invoking toplevel() on ptolemy.moml.MoMLSimpleApplication@78c78449
reloadAllAccessors: .LazySubClassModel

===========================================================================================
----------------- testing Tue Nov 20 02:47:16 UTC 2018 /home/travis/build/icyphy/ptII/ptolemy/actor/lib/test/auto/LevelCrossTest1.xml
----------------- Instantiating /home/travis/build/icyphy/ptII/ptolemy/actor/lib/test/auto/LevelCrossTest1.xml
1 ms. Memory: 1368576K Free: 1234888K (90%)
----------------- Invoking toplevel() on ptolemy.moml.MoMLSimpleApplication@4ed36603
----------------- Done invoking toplevel() on ptolemy.moml.MoMLSimpleApplication@4ed36603
reloadAllAccessors: .broken

===========================================================================================
----------------- testing Tue Nov 20 02:47:16 UTC 2018 /home/travis/build/icyphy/ptII/ptolemy/actor/lib/test/auto/LevelCrossTest10.xml
----------------- Instantiating /home/travis/build/icyphy/ptII/ptolemy/actor/lib/test/auto/LevelCrossTest10.xml
2 ms. Memory: 1368576K Free: 1216194K (89%)
----------------- Invoking toplevel() on ptolemy.moml.MoMLSimpleApplication@24e72cc
----------------- Done invoking toplevel() on ptolemy.moml.MoMLSimpleApplication@24e72cc
reloadAllAccessors: .LevelCrossTest10

===========================================================================================
----------------- testing Tue Nov 20 02:47:16 UTC 2018 /home/travis/build/icyphy/ptII/ptolemy/actor/lib/test/auto/LevelCrossTest11.xml
----------------- Instantiating /home/travis/build/icyphy/ptII/ptolemy/actor/lib/test/auto/LevelCrossTest11.xml
1 ms. Memory: 1368576K Free: 1203702K (88%)
----------------- Invoking toplevel() on ptolemy.moml.MoMLSimpleApplication@271f6973
----------------- Done invoking toplevel() on ptolemy.moml.MoMLSimpleApplication@271f6973
reloadAllAccessors: .LevelCrossTest11

===========================================================================================
----------------- testing Tue Nov 20 02:47:16 UTC 2018 /home/travis/build/icyphy/ptII/ptolemy/actor/lib/test/auto/LevelCrossTest12.xml
----------------- Instantiating /home/travis/build/icyphy/ptII/ptolemy/actor/lib/test/auto/LevelCrossTest12.xml
1 ms. Memory: 1368576K Free: 1191209K (87%)
----------------- Invoking toplevel() on ptolemy.moml.MoMLSimpleApplication@2ba81f6d
----------------- Done invoking toplevel() on ptolemy.moml.MoMLSimpleApplication@2ba81f6d
reloadAllAccessors: .LevelCrossTest12

===========================================================================================
----------------- testing Tue Nov 20 02:47:16 UTC 2018 /home/travis/build/icyphy/ptII/ptolemy/actor/lib/test/auto/LevelCrossTest13.xml
----------------- Instantiating /home/travis/build/icyphy/ptII/ptolemy/actor/lib/test/auto/LevelCrossTest13.xml
1 ms. Memory: 1368576K Free: 1172515K (86%)
----------------- Invoking toplevel() on ptolemy.moml.MoMLSimpleApplication@345f6c84
----------------- Done invoking toplevel() on ptolemy.moml.MoMLSimpleApplication@345f6c84
reloadAllAccessors: .LevelCrossTest13

===========================================================================================
----------------- testing Tue Nov 20 02:47:16 UTC 2018 /home/travis/build/icyphy/ptII/ptolemy/actor/lib/test/auto/LevelCrossTest2.xml
----------------- Instantiating /home/travis/build/icyphy/ptII/ptolemy/actor/lib/test/auto/LevelCrossTest2.xml
2 ms. Memory: 1368576K Free: 1160022K (85%)
----------------- Invoking toplevel() on ptolemy.moml.MoMLSimpleApplication@5fccc02b
----------------- Done invoking toplevel() on ptolemy.moml.MoMLSimpleApplication@5fccc02b
reloadAllAccessors: .broken

===========================================================================================
----------------- testing Tue Nov 20 02:47:16 UTC 2018 /home/travis/build/icyphy/ptII/ptolemy/actor/lib/test/auto/LevelCrossTest3.xml
----------------- Instantiating /home/travis/build/icyphy/ptII/ptolemy/actor/lib/test/auto/LevelCrossTest3.xml
1 ms. Memory: 1368576K Free: 1141329K (83%)
----------------- Invoking toplevel() on ptolemy.moml.MoMLSimpleApplication@37346185
----------------- Done invoking toplevel() on ptolemy.moml.MoMLSimpleApplication@37346185
reloadAllAccessors: .LevelCrossTest3

===========================================================================================
----------------- testing Tue Nov 20 02:47:16 UTC 2018 /home/travis/build/icyphy/ptII/ptolemy/actor/lib/test/auto/LevelCrossTest4.xml
----------------- Instantiating /home/travis/build/icyphy/ptII/ptolemy/actor/lib/test/auto/LevelCrossTest4.xml
1 ms. Memory: 1368576K Free: 1128836K (82%)
----------------- Invoking toplevel() on ptolemy.moml.MoMLSimpleApplication@54a6a92e
----------------- Done invoking toplevel() on ptolemy.moml.MoMLSimpleApplication@54a6a92e
reloadAllAccessors: .broken

===========================================================================================
----------------- testing Tue Nov 20 02:47:16 UTC 2018 /home/travis/build/icyphy/ptII/ptolemy/actor/lib/test/auto/LevelCrossTest5.xml
----------------- Instantiating /home/travis/build/icyphy/ptII/ptolemy/actor/lib/test/auto/LevelCrossTest5.xml
1 ms. Memory: 1368576K Free: 1116343K (82%)
----------------- Invoking toplevel() on ptolemy.moml.MoMLSimpleApplication@4b850e3d
----------------- Done invoking toplevel() on ptolemy.moml.MoMLSimpleApplication@4b850e3d
reloadAllAccessors: .LevelCrossTest5

===========================================================================================
----------------- testing Tue Nov 20 02:47:16 UTC 2018 /home/travis/build/icyphy/ptII/ptolemy/actor/lib/test/auto/LevelCrossTest6.xml
----------------- Instantiating /home/travis/build/icyphy/ptII/ptolemy/actor/lib/test/auto/LevelCrossTest6.xml
1 ms. Memory: 1368576K Free: 1097650K (80%)
----------------- Invoking toplevel() on ptolemy.moml.MoMLSimpleApplication@268d49d2
----------------- Done invoking toplevel() on ptolemy.moml.MoMLSimpleApplication@268d49d2
reloadAllAccessors: .LevelCrossTest6

===========================================================================================
----------------- testing Tue Nov 20 02:47:16 UTC 2018 /home/travis/build/icyphy/ptII/ptolemy/actor/lib/test/auto/LevelCrossTest7.xml
----------------- Instantiating /home/travis/build/icyphy/ptII/ptolemy/actor/lib/test/auto/LevelCrossTest7.xml
1 ms. Memory: 1368576K Free: 1085157K (79%)
----------------- Invoking toplevel() on ptolemy.moml.MoMLSimpleApplication@a8de4c9
----------------- Done invoking toplevel() on ptolemy.moml.MoMLSimpleApplication@a8de4c9
reloadAllAccessors: .LevelCrossTest7

===========================================================================================
----------------- testing Tue Nov 20 02:47:16 UTC 2018 /home/travis/build/icyphy/ptII/ptolemy/actor/lib/test/auto/LevelCrossTest8.xml
----------------- Instantiating /home/travis/build/icyphy/ptII/ptolemy/actor/lib/test/auto/LevelCrossTest8.xml
1 ms. Memory: 1368576K Free: 1072664K (78%)
----------------- Invoking toplevel() on ptolemy.moml.MoMLSimpleApplication@774d2206
----------------- Done invoking toplevel() on ptolemy.moml.MoMLSimpleApplication@774d2206
reloadAllAccessors: .LevelCrossTest8

===========================================================================================
----------------- testing Tue Nov 20 02:47:17 UTC 2018 /home/travis/build/icyphy/ptII/ptolemy/actor/lib/test/auto/LevelCrossTest9.xml
----------------- Instantiating /home/travis/build/icyphy/ptII/ptolemy/actor/lib/test/auto/LevelCrossTest9.xml
1 ms. Memory: 1368576K Free: 1053970K (77%)
----------------- Invoking toplevel() on ptolemy.moml.MoMLSimpleApplication@2a658abb
----------------- Done invoking toplevel() on ptolemy.moml.MoMLSimpleApplication@2a658abb
reloadAllAccessors: .LevelCrossTest9

===========================================================================================
----------------- testing Tue Nov 20 02:47:17 UTC 2018 /home/travis/build/icyphy/ptII/ptolemy/actor/lib/test/auto/LevinsonDurbin.xml
----------------- Instantiating /home/travis/build/icyphy/ptII/ptolemy/actor/lib/test/auto/LevinsonDurbin.xml
1 ms. Memory: 1368576K Free: 1041478K (76%)
----------------- Invoking toplevel() on ptolemy.moml.MoMLSimpleApplication@478e9346
----------------- Done invoking toplevel() on ptolemy.moml.MoMLSimpleApplication@478e9346
reloadAllAccessors: .LevinsonDurbin

===========================================================================================
----------------- testing Tue Nov 20 02:47:17 UTC 2018 /home/travis/build/icyphy/ptII/ptolemy/actor/lib/test/auto/LevinsonDurbin2.xml
----------------- Instantiating /home/travis/build/icyphy/ptII/ptolemy/actor/lib/test/auto/LevinsonDurbin2.xml
1 ms. Memory: 1368576K Free: 1022784K (75%)
----------------- Invoking toplevel() on ptolemy.moml.MoMLSimpleApplication@665c01fc
----------------- Done invoking toplevel() on ptolemy.moml.MoMLSimpleApplication@665c01fc
reloadAllAccessors: .LevinsonDurbin2

===========================================================================================
----------------- testing Tue Nov 20 02:47:17 UTC 2018 /home/travis/build/icyphy/ptII/ptolemy/actor/lib/test/auto/LevinsonDurbin3.xml
----------------- Instantiating /home/travis/build/icyphy/ptII/ptolemy/actor/lib/test/auto/LevinsonDurbin3.xml
2 ms. Memory: 1368576K Free: 1010291K (74%)
----------------- Invoking toplevel() on ptolemy.moml.MoMLSimpleApplication@157fd5a4
----------------- Done invoking toplevel() on ptolemy.moml.MoMLSimpleApplication@157fd5a4
reloadAllAccessors: .LevinsonDurbin3

===========================================================================================
----------------- testing Tue Nov 20 02:47:17 UTC 2018 /home/travis/build/icyphy/ptII/ptolemy/actor/lib/test/auto/Limiter.xml
----------------- Instantiating /home/travis/build/icyphy/ptII/ptolemy/actor/lib/test/auto/Limiter.xml
3 ms. Memory: 1368576K Free: 991552K (72%)
----------------- Invoking toplevel() on ptolemy.moml.MoMLSimpleApplication@1e37963a
----------------- Done invoking toplevel() on ptolemy.moml.MoMLSimpleApplication@1e37963a
reloadAllAccessors: .Limiter

===========================================================================================
----------------- testing Tue Nov 20 02:47:17 UTC 2018 /home/travis/build/icyphy/ptII/ptolemy/actor/lib/test/auto/LinearDifferenceEquationSystem.xml
----------------- Instantiating /home/travis/build/icyphy/ptII/ptolemy/actor/lib/test/auto/LinearDifferenceEquationSystem.xml
3 ms. Memory: 1368576K Free: 972858K (71%)
----------------- Invoking toplevel() on ptolemy.moml.MoMLSimpleApplication@302d6313
----------------- Done invoking toplevel() on ptolemy.moml.MoMLSimpleApplication@302d6313
reloadAllAccessors: .LinearDifferenceEquationSystem

===========================================================================================
----------------- testing Tue Nov 20 02:47:17 UTC 2018 /home/travis/build/icyphy/ptII/ptolemy/actor/lib/test/auto/LookupTable.xml
----------------- Instantiating /home/travis/build/icyphy/ptII/ptolemy/actor/lib/test/auto/LookupTable.xml
1 ms. Memory: 1368576K Free: 960366K (70%)
----------------- Invoking toplevel() on ptolemy.moml.MoMLSimpleApplication@777b1ecf
----------------- Done invoking toplevel() on ptolemy.moml.MoMLSimpleApplication@777b1ecf
reloadAllAccessors: .LookupTable

===========================================================================================
----------------- testing Tue Nov 20 02:47:17 UTC 2018 /home/travis/build/icyphy/ptII/ptolemy/actor/lib/test/auto/MathFunction.xml
----------------- Instantiating /home/travis/build/icyphy/ptII/ptolemy/actor/lib/test/auto/MathFunction.xml
2 ms. Memory: 1368576K Free: 947873K (69%)
----------------- Invoking toplevel() on ptolemy.moml.MoMLSimpleApplication@2442836c
----------------- Done invoking toplevel() on ptolemy.moml.MoMLSimpleApplication@2442836c
reloadAllAccessors: .MathFunction

===========================================================================================
----------------- testing Tue Nov 20 02:47:17 UTC 2018 /home/travis/build/icyphy/ptII/ptolemy/actor/lib/test/auto/MathFunction2.xml
----------------- Instantiating /home/travis/build/icyphy/ptII/ptolemy/actor/lib/test/auto/MathFunction2.xml
1 ms. Memory: 1368576K Free: 929179K (68%)
----------------- Invoking toplevel() on ptolemy.moml.MoMLSimpleApplication@62cff2e8
----------------- Done invoking toplevel() on ptolemy.moml.MoMLSimpleApplication@62cff2e8
reloadAllAccessors: .MathFunction2

===========================================================================================
----------------- testing Tue Nov 20 02:47:17 UTC 2018 /home/travis/build/icyphy/ptII/ptolemy/actor/lib/test/auto/MathFunction3.xml
----------------- Instantiating /home/travis/build/icyphy/ptII/ptolemy/actor/lib/test/auto/MathFunction3.xml
2 ms. Memory: 1368576K Free: 916686K (67%)
----------------- Invoking toplevel() on ptolemy.moml.MoMLSimpleApplication@1c103b2f
----------------- Done invoking toplevel() on ptolemy.moml.MoMLSimpleApplication@1c103b2f
reloadAllAccessors: .MathFunction3

===========================================================================================
----------------- testing Tue Nov 20 02:47:17 UTC 2018 /home/travis/build/icyphy/ptII/ptolemy/actor/lib/test/auto/MatrixCropBoolean.xml
----------------- Instantiating /home/travis/build/icyphy/ptII/ptolemy/actor/lib/test/auto/MatrixCropBoolean.xml
2 ms. Memory: 1368576K Free: 897993K (66%)
----------------- Invoking toplevel() on ptolemy.moml.MoMLSimpleApplication@2777d4ef
----------------- Done invoking toplevel() on ptolemy.moml.MoMLSimpleApplication@2777d4ef
reloadAllAccessors: .MatrixCropBoolean

===========================================================================================
----------------- testing Tue Nov 20 02:47:17 UTC 2018 /home/travis/build/icyphy/ptII/ptolemy/actor/lib/test/auto/MatrixCropComplex.xml
----------------- Instantiating /home/travis/build/icyphy/ptII/ptolemy/actor/lib/test/auto/MatrixCropComplex.xml
2 ms. Memory: 1368576K Free: 885500K (65%)
----------------- Invoking toplevel() on ptolemy.moml.MoMLSimpleApplication@aaf3b6c
----------------- Done invoking toplevel() on ptolemy.moml.MoMLSimpleApplication@aaf3b6c
reloadAllAccessors: .MatrixCropComplex

===========================================================================================
----------------- testing Tue Nov 20 02:47:17 UTC 2018 /home/travis/build/icyphy/ptII/ptolemy/actor/lib/test/auto/MatrixCropDouble.xml
----------------- Instantiating /home/travis/build/icyphy/ptII/ptolemy/actor/lib/test/auto/MatrixCropDouble.xml
3 ms. Memory: 1368576K Free: 873007K (64%)
----------------- Invoking toplevel() on ptolemy.moml.MoMLSimpleApplication@25e49841
----------------- Done invoking toplevel() on ptolemy.moml.MoMLSimpleApplication@25e49841
reloadAllAccessors: .MatrixCropDouble

===========================================================================================
----------------- testing Tue Nov 20 02:47:17 UTC 2018 /home/travis/build/icyphy/ptII/ptolemy/actor/lib/test/auto/MatrixCropFix.xml
----------------- Instantiating /home/travis/build/icyphy/ptII/ptolemy/actor/lib/test/auto/MatrixCropFix.xml
1 ms. Memory: 1368576K Free: 854314K (62%)
----------------- Invoking toplevel() on ptolemy.moml.MoMLSimpleApplication@93fde79
----------------- Done invoking toplevel() on ptolemy.moml.MoMLSimpleApplication@93fde79
reloadAllAccessors: .MatrixCropFix

===========================================================================================
----------------- testing Tue Nov 20 02:47:17 UTC 2018 /home/travis/build/icyphy/ptII/ptolemy/actor/lib/test/auto/MatrixCropInt.xml
----------------- Instantiating /home/travis/build/icyphy/ptII/ptolemy/actor/lib/test/auto/MatrixCropInt.xml
1 ms. Memory: 1368576K Free: 841821K (62%)
----------------- Invoking toplevel() on ptolemy.moml.MoMLSimpleApplication@198d85f6
----------------- Done invoking toplevel() on ptolemy.moml.MoMLSimpleApplication@198d85f6
reloadAllAccessors: .MatrixCropInt

===========================================================================================
----------------- testing Tue Nov 20 02:47:17 UTC 2018 /home/travis/build/icyphy/ptII/ptolemy/actor/lib/test/auto/MatrixCropLong.xml
----------------- Instantiating /home/travis/build/icyphy/ptII/ptolemy/actor/lib/test/auto/MatrixCropLong.xml
2 ms. Memory: 1368576K Free: 829328K (61%)
----------------- Invoking toplevel() on ptolemy.moml.MoMLSimpleApplication@fec7711
----------------- Done invoking toplevel() on ptolemy.moml.MoMLSimpleApplication@fec7711
reloadAllAccessors: .MatrixCropLong

===========================================================================================
----------------- testing Tue Nov 20 02:47:17 UTC 2018 /home/travis/build/icyphy/ptII/ptolemy/actor/lib/test/auto/MatrixToArray.xml
----------------- Instantiating /home/travis/build/icyphy/ptII/ptolemy/actor/lib/test/auto/MatrixToArray.xml
6 ms. Memory: 1368576K Free: 798126K (58%)
----------------- Invoking toplevel() on ptolemy.moml.MoMLSimpleApplication@7718361e
----------------- Done invoking toplevel() on ptolemy.moml.MoMLSimpleApplication@7718361e
reloadAllAccessors: .MatrixToArray

===========================================================================================
----------------- testing Tue Nov 20 02:47:17 UTC 2018 /home/travis/build/icyphy/ptII/ptolemy/actor/lib/test/auto/MaxIndex.xml
----------------- Instantiating /home/travis/build/icyphy/ptII/ptolemy/actor/lib/test/auto/MaxIndex.xml
2 ms. Memory: 1368576K Free: 785633K (57%)
----------------- Invoking toplevel() on ptolemy.moml.MoMLSimpleApplication@39dd30da
----------------- Done invoking toplevel() on ptolemy.moml.MoMLSimpleApplication@39dd30da
reloadAllAccessors: .MaxIndex

===========================================================================================
----------------- testing Tue Nov 20 02:47:17 UTC 2018 /home/travis/build/icyphy/ptII/ptolemy/actor/lib/test/auto/Maximum.xml
----------------- Instantiating /home/travis/build/icyphy/ptII/ptolemy/actor/lib/test/auto/Maximum.xml
3 ms. Memory: 1368576K Free: 766940K (56%)
----------------- Invoking toplevel() on ptolemy.moml.MoMLSimpleApplication@1923e17d
----------------- Done invoking toplevel() on ptolemy.moml.MoMLSimpleApplication@1923e17d
reloadAllAccessors: .Maximum

===========================================================================================
----------------- testing Tue Nov 20 02:47:17 UTC 2018 /home/travis/build/icyphy/ptII/ptolemy/actor/lib/test/auto/MaximumComplex.xml
----------------- Instantiating /home/travis/build/icyphy/ptII/ptolemy/actor/lib/test/auto/MaximumComplex.xml
5 ms. Memory: 1368576K Free: 754447K (55%)
----------------- Invoking toplevel() on ptolemy.moml.MoMLSimpleApplication@4e8329a9
----------------- Done invoking toplevel() on ptolemy.moml.MoMLSimpleApplication@4e8329a9
reloadAllAccessors: .MaximumComplex

===========================================================================================
----------------- testing Tue Nov 20 02:47:17 UTC 2018 /home/travis/build/icyphy/ptII/ptolemy/actor/lib/test/auto/MethodCallTest.xml
----------------- Instantiating /home/travis/build/icyphy/ptII/ptolemy/actor/lib/test/auto/MethodCallTest.xml
2 ms. Memory: 1368576K Free: 741954K (54%)
----------------- Invoking toplevel() on ptolemy.moml.MoMLSimpleApplication@754a8786
----------------- Done invoking toplevel() on ptolemy.moml.MoMLSimpleApplication@754a8786
reloadAllAccessors: .MethodCallTest

===========================================================================================
----------------- testing Tue Nov 20 02:47:17 UTC 2018 /home/travis/build/icyphy/ptII/ptolemy/actor/lib/test/auto/Minimum.xml
----------------- Instantiating /home/travis/build/icyphy/ptII/ptolemy/actor/lib/test/auto/Minimum.xml
3 ms. Memory: 1368576K Free: 723261K (53%)
----------------- Invoking toplevel() on ptolemy.moml.MoMLSimpleApplication@6e6018ec
----------------- Done invoking toplevel() on ptolemy.moml.MoMLSimpleApplication@6e6018ec
reloadAllAccessors: .Minimum

===========================================================================================
----------------- testing Tue Nov 20 02:47:17 UTC 2018 /home/travis/build/icyphy/ptII/ptolemy/actor/lib/test/auto/MinimumComplex.xml
----------------- Instantiating /home/travis/build/icyphy/ptII/ptolemy/actor/lib/test/auto/MinimumComplex.xml
3 ms. Memory: 1368576K Free: 710768K (52%)
----------------- Invoking toplevel() on ptolemy.moml.MoMLSimpleApplication@4fba9e72
----------------- Done invoking toplevel() on ptolemy.moml.MoMLSimpleApplication@4fba9e72
reloadAllAccessors: .MinimumComplex

===========================================================================================
----------------- testing Tue Nov 20 02:47:17 UTC 2018 /home/travis/build/icyphy/ptII/ptolemy/actor/lib/test/auto/MinimumMultiports.xml
----------------- Instantiating /home/travis/build/icyphy/ptII/ptolemy/actor/lib/test/auto/MinimumMultiports.xml
7 ms. Memory: 1368576K Free: 698275K (51%)
----------------- Invoking toplevel() on ptolemy.moml.MoMLSimpleApplication@3f1c9ee
----------------- Done invoking toplevel() on ptolemy.moml.MoMLSimpleApplication@3f1c9ee
reloadAllAccessors: .MinimumMultiports

===========================================================================================
----------------- testing Tue Nov 20 02:47:17 UTC 2018 /home/travis/build/icyphy/ptII/ptolemy/actor/lib/test/auto/ModifyDate.xml
----------------- Instantiating /home/travis/build/icyphy/ptII/ptolemy/actor/lib/test/auto/ModifyDate.xml
5 ms. Memory: 1368576K Free: 673319K (49%)
----------------- Invoking toplevel() on ptolemy.moml.MoMLSimpleApplication@1128d17a
----------------- Done invoking toplevel() on ptolemy.moml.MoMLSimpleApplication@1128d17a
reloadAllAccessors: .ModifyDate

===========================================================================================
----------------- testing Tue Nov 20 02:47:17 UTC 2018 /home/travis/build/icyphy/ptII/ptolemy/actor/lib/test/auto/ModifyDate2.xml
----------------- Instantiating /home/travis/build/icyphy/ptII/ptolemy/actor/lib/test/auto/ModifyDate2.xml
2 ms. Memory: 1368576K Free: 654579K (48%)
----------------- Invoking toplevel() on ptolemy.moml.MoMLSimpleApplication@3772e6a7
----------------- Done invoking toplevel() on ptolemy.moml.MoMLSimpleApplication@3772e6a7
reloadAllAccessors: .ModifyDate2

===========================================================================================
----------------- testing Tue Nov 20 02:47:17 UTC 2018 /home/travis/build/icyphy/ptII/ptolemy/actor/lib/test/auto/MovingAverage.xml
----------------- Instantiating /home/travis/build/icyphy/ptII/ptolemy/actor/lib/test/auto/MovingAverage.xml
3 ms. Memory: 1368576K Free: 635886K (46%)
----------------- Invoking toplevel() on ptolemy.moml.MoMLSimpleApplication@6c6a7bee
----------------- Done invoking toplevel() on ptolemy.moml.MoMLSimpleApplication@6c6a7bee
reloadAllAccessors: .MovingAverage

===========================================================================================
----------------- testing Tue Nov 20 02:47:17 UTC 2018 /home/travis/build/icyphy/ptII/ptolemy/actor/lib/test/auto/MovingMaximum.xml
----------------- Instantiating /home/travis/build/icyphy/ptII/ptolemy/actor/lib/test/auto/MovingMaximum.xml
2 ms. Memory: 1368576K Free: 623393K (46%)
----------------- Invoking toplevel() on ptolemy.moml.MoMLSimpleApplication@5bd09941
----------------- Done invoking toplevel() on ptolemy.moml.MoMLSimpleApplication@5bd09941
reloadAllAccessors: .MovingMaximum

===========================================================================================
----------------- testing Tue Nov 20 02:47:17 UTC 2018 /home/travis/build/icyphy/ptII/ptolemy/actor/lib/test/auto/MultipleLinksToSameRelation.xml
----------------- Instantiating /home/travis/build/icyphy/ptII/ptolemy/actor/lib/test/auto/MultipleLinksToSameRelation.xml
2 ms. Memory: 1368576K Free: 610900K (45%)
----------------- Invoking toplevel() on ptolemy.moml.MoMLSimpleApplication@39dbaa5a
----------------- Done invoking toplevel() on ptolemy.moml.MoMLSimpleApplication@39dbaa5a
reloadAllAccessors: .MultipleLinksToSameRelation

===========================================================================================
----------------- testing Tue Nov 20 02:47:17 UTC 2018 /home/travis/build/icyphy/ptII/ptolemy/actor/lib/test/auto/MultipleLinksToSameRelationDE.xml
----------------- Instantiating /home/travis/build/icyphy/ptII/ptolemy/actor/lib/test/auto/MultipleLinksToSameRelationDE.xml
1 ms. Memory: 1368576K Free: 592206K (43%)
----------------- Invoking toplevel() on ptolemy.moml.MoMLSimpleApplication@c16b57b
----------------- Done invoking toplevel() on ptolemy.moml.MoMLSimpleApplication@c16b57b
reloadAllAccessors: .MultipleLinksToSameRelationDE

===========================================================================================
----------------- testing Tue Nov 20 02:47:17 UTC 2018 /home/travis/build/icyphy/ptII/ptolemy/actor/lib/test/auto/Multiplexor.xml
----------------- Instantiating /home/travis/build/icyphy/ptII/ptolemy/actor/lib/test/auto/Multiplexor.xml
2 ms. Memory: 1368576K Free: 579714K (42%)
----------------- Invoking toplevel() on ptolemy.moml.MoMLSimpleApplication@24459ae3
----------------- Done invoking toplevel() on ptolemy.moml.MoMLSimpleApplication@24459ae3
reloadAllAccessors: .Multiplexor

===========================================================================================
----------------- testing Tue Nov 20 02:47:17 UTC 2018 /home/travis/build/icyphy/ptII/ptolemy/actor/lib/test/auto/Multiplexor1.xml
----------------- Instantiating /home/travis/build/icyphy/ptII/ptolemy/actor/lib/test/auto/Multiplexor1.xml
1 ms. Memory: 1368576K Free: 561020K (41%)
----------------- Invoking toplevel() on ptolemy.moml.MoMLSimpleApplication@5274d193
----------------- Done invoking toplevel() on ptolemy.moml.MoMLSimpleApplication@5274d193
reloadAllAccessors: .Multiplexor1

===========================================================================================
----------------- testing Tue Nov 20 02:47:17 UTC 2018 /home/travis/build/icyphy/ptII/ptolemy/actor/lib/test/auto/Multiplexor2.xml
----------------- Instantiating /home/travis/build/icyphy/ptII/ptolemy/actor/lib/test/auto/Multiplexor2.xml
2 ms. Memory: 1368576K Free: 548527K (40%)
----------------- Invoking toplevel() on ptolemy.moml.MoMLSimpleApplication@72f79931
----------------- Done invoking toplevel() on ptolemy.moml.MoMLSimpleApplication@72f79931
reloadAllAccessors: .Multiplexor2

===========================================================================================
----------------- testing Tue Nov 20 02:47:17 UTC 2018 /home/travis/build/icyphy/ptII/ptolemy/actor/lib/test/auto/Multiplexor3.xml
----------------- Instantiating /home/travis/build/icyphy/ptII/ptolemy/actor/lib/test/auto/Multiplexor3.xml
4 ms. Memory: 1368576K Free: 536035K (39%)
----------------- Invoking toplevel() on ptolemy.moml.MoMLSimpleApplication@466b6d2d
----------------- Done invoking toplevel() on ptolemy.moml.MoMLSimpleApplication@466b6d2d
reloadAllAccessors: .Multiplexor3

===========================================================================================
----------------- testing Tue Nov 20 02:47:17 UTC 2018 /home/travis/build/icyphy/ptII/ptolemy/actor/lib/test/auto/MultiplexorDE.xml
----------------- Instantiating /home/travis/build/icyphy/ptII/ptolemy/actor/lib/test/auto/MultiplexorDE.xml
2 ms. Memory: 1368576K Free: 517341K (38%)
----------------- Invoking toplevel() on ptolemy.moml.MoMLSimpleApplication@3ac8d57f
----------------- Done invoking toplevel() on ptolemy.moml.MoMLSimpleApplication@3ac8d57f
reloadAllAccessors: .MultiplexorDE

===========================================================================================
----------------- testing Tue Nov 20 02:47:17 UTC 2018 /home/travis/build/icyphy/ptII/ptolemy/actor/lib/test/auto/MultiportBroadcastTest.xml
----------------- Instantiating /home/travis/build/icyphy/ptII/ptolemy/actor/lib/test/auto/MultiportBroadcastTest.xml
56 ms. Memory: 1368576K Free: 504848K (37%)
----------------- Invoking toplevel() on ptolemy.moml.MoMLSimpleApplication@22b46575
----------------- Done invoking toplevel() on ptolemy.moml.MoMLSimpleApplication@22b46575
reloadAllAccessors: .MultiportBroadcastTest

===========================================================================================
----------------- testing Tue Nov 20 02:47:17 UTC 2018 /home/travis/build/icyphy/ptII/ptolemy/actor/lib/test/auto/MultiportOutHangDuringGetWidth.xml
----------------- Instantiating /home/travis/build/icyphy/ptII/ptolemy/actor/lib/test/auto/MultiportOutHangDuringGetWidth.xml
10 ms. Memory: 1368576K Free: 486109K (36%)
----------------- Invoking toplevel() on ptolemy.moml.MoMLSimpleApplication@5a3112fc
----------------- Done invoking toplevel() on ptolemy.moml.MoMLSimpleApplication@5a3112fc
reloadAllAccessors: .MultiportOutHangDuringGetWidth

===========================================================================================
----------------- testing Tue Nov 20 02:47:17 UTC 2018 /home/travis/build/icyphy/ptII/ptolemy/actor/lib/test/auto/NilToken.xml
----------------- Instantiating /home/travis/build/icyphy/ptII/ptolemy/actor/lib/test/auto/NilToken.xml
2 ms. Memory: 1368576K Free: 467415K (34%)
----------------- Invoking toplevel() on ptolemy.moml.MoMLSimpleApplication@2e4423c9
----------------- Done invoking toplevel() on ptolemy.moml.MoMLSimpleApplication@2e4423c9
reloadAllAccessors: .NilToken

===========================================================================================
----------------- testing Tue Nov 20 02:47:17 UTC 2018 /home/travis/build/icyphy/ptII/ptolemy/actor/lib/test/auto/NilTokenNonStrictTest.xml
----------------- Instantiating /home/travis/build/icyphy/ptII/ptolemy/actor/lib/test/auto/NilTokenNonStrictTest.xml
2 ms. Memory: 1368576K Free: 454923K (33%)
----------------- Invoking toplevel() on ptolemy.moml.MoMLSimpleApplication@204e32b4
----------------- Done invoking toplevel() on ptolemy.moml.MoMLSimpleApplication@204e32b4
reloadAllAccessors: .NilTokenNonStrictTest

===========================================================================================
----------------- testing Tue Nov 20 02:47:17 UTC 2018 /home/travis/build/icyphy/ptII/ptolemy/actor/lib/test/auto/NilTokenRecord.xml
----------------- Instantiating /home/travis/build/icyphy/ptII/ptolemy/actor/lib/test/auto/NilTokenRecord.xml
4 ms. Memory: 1368576K Free: 436229K (32%)
----------------- Invoking toplevel() on ptolemy.moml.MoMLSimpleApplication@4ffeb41b
----------------- Done invoking toplevel() on ptolemy.moml.MoMLSimpleApplication@4ffeb41b
reloadAllAccessors: .NilTokenRecord

===========================================================================================
----------------- testing Tue Nov 20 02:47:17 UTC 2018 /home/travis/build/icyphy/ptII/ptolemy/actor/lib/test/auto/NilTokenTypeTest.xml
----------------- Instantiating /home/travis/build/icyphy/ptII/ptolemy/actor/lib/test/auto/NilTokenTypeTest.xml
8 ms. Memory: 1368576K Free: 417474K (31%)
----------------- Invoking toplevel() on ptolemy.moml.MoMLSimpleApplication@aff3f1d
----------------- Done invoking toplevel() on ptolemy.moml.MoMLSimpleApplication@aff3f1d
reloadAllAccessors: .NilTokenTypeTest

===========================================================================================
----------------- testing Tue Nov 20 02:47:18 UTC 2018 /home/travis/build/icyphy/ptII/ptolemy/actor/lib/test/auto/ObjectToken1.xml
----------------- Instantiating /home/travis/build/icyphy/ptII/ptolemy/actor/lib/test/auto/ObjectToken1.xml
1 ms. Memory: 1368576K Free: 404981K (30%)
----------------- Invoking toplevel() on ptolemy.moml.MoMLSimpleApplication@33fb02f0
----------------- Done invoking toplevel() on ptolemy.moml.MoMLSimpleApplication@33fb02f0
reloadAllAccessors: .ObjectToken1

===========================================================================================
----------------- testing Tue Nov 20 02:47:18 UTC 2018 /home/travis/build/icyphy/ptII/ptolemy/actor/lib/test/auto/OrderedMerge.xml
----------------- Instantiating /home/travis/build/icyphy/ptII/ptolemy/actor/lib/test/auto/OrderedMerge.xml
8 ms. Memory: 1368576K Free: 361301K (26%)
----------------- Invoking toplevel() on ptolemy.moml.MoMLSimpleApplication@743a4787
----------------- Done invoking toplevel() on ptolemy.moml.MoMLSimpleApplication@743a4787
reloadAllAccessors: .OrderedMerge

===========================================================================================
----------------- testing Tue Nov 20 02:47:18 UTC 2018 /home/travis/build/icyphy/ptII/ptolemy/actor/lib/test/auto/OrderedRecordDisassembler.xml
----------------- Instantiating /home/travis/build/icyphy/ptII/ptolemy/actor/lib/test/auto/OrderedRecordDisassembler.xml
3 ms. Memory: 1368576K Free: 348809K (25%)
----------------- Invoking toplevel() on ptolemy.moml.MoMLSimpleApplication@3f0265fc
----------------- Done invoking toplevel() on ptolemy.moml.MoMLSimpleApplication@3f0265fc
reloadAllAccessors: .OrderedRecordDisassembler

===========================================================================================
----------------- testing Tue Nov 20 02:47:18 UTC 2018 /home/travis/build/icyphy/ptII/ptolemy/actor/lib/test/auto/OrderedRecordDisassembler2.xml
----------------- Instantiating /home/travis/build/icyphy/ptII/ptolemy/actor/lib/test/auto/OrderedRecordDisassembler2.xml
4 ms. Memory: 1368576K Free: 336316K (25%)
----------------- Invoking toplevel() on ptolemy.moml.MoMLSimpleApplication@70a8286b
----------------- Done invoking toplevel() on ptolemy.moml.MoMLSimpleApplication@70a8286b
reloadAllAccessors: .OrderedRecordDisassembler2

===========================================================================================
----------------- testing Tue Nov 20 02:47:18 UTC 2018 /home/travis/build/icyphy/ptII/ptolemy/actor/lib/test/auto/OrderedRecordUpdater.xml
----------------- Instantiating /home/travis/build/icyphy/ptII/ptolemy/actor/lib/test/auto/OrderedRecordUpdater.xml
5 ms. Memory: 1368576K Free: 317622K (23%)
----------------- Invoking toplevel() on ptolemy.moml.MoMLSimpleApplication@330dbadd
----------------- Done invoking toplevel() on ptolemy.moml.MoMLSimpleApplication@330dbadd
reloadAllAccessors: .RecordUpdater

===========================================================================================
----------------- testing Tue Nov 20 02:47:18 UTC 2018 /home/travis/build/icyphy/ptII/ptolemy/actor/lib/test/auto/OrderedRecordUpdater2.xml
----------------- Instantiating /home/travis/build/icyphy/ptII/ptolemy/actor/lib/test/auto/OrderedRecordUpdater2.xml
2 ms. Memory: 1368576K Free: 305129K (22%)
----------------- Invoking toplevel() on ptolemy.moml.MoMLSimpleApplication@4ca5e54e
----------------- Done invoking toplevel() on ptolemy.moml.MoMLSimpleApplication@4ca5e54e
reloadAllAccessors: .RecordUpdater2

===========================================================================================
----------------- testing Tue Nov 20 02:47:18 UTC 2018 /home/travis/build/icyphy/ptII/ptolemy/actor/lib/test/auto/PhaseUnwrap.xml
----------------- Instantiating /home/travis/build/icyphy/ptII/ptolemy/actor/lib/test/auto/PhaseUnwrap.xml
2 ms. Memory: 1368576K Free: 286436K (21%)
----------------- Invoking toplevel() on ptolemy.moml.MoMLSimpleApplication@152b2954
----------------- Done invoking toplevel() on ptolemy.moml.MoMLSimpleApplication@152b2954
reloadAllAccessors: .PhaseUnwrap

===========================================================================================
----------------- testing Tue Nov 20 02:47:18 UTC 2018 /home/travis/build/icyphy/ptII/ptolemy/actor/lib/test/auto/PoissonClock.xml
----------------- Instantiating /home/travis/build/icyphy/ptII/ptolemy/actor/lib/test/auto/PoissonClock.xml
2 ms. Memory: 1368576K Free: 273943K (20%)
----------------- Invoking toplevel() on ptolemy.moml.MoMLSimpleApplication@4583f58c
----------------- Done invoking toplevel() on ptolemy.moml.MoMLSimpleApplication@4583f58c
reloadAllAccessors: .PoissonClock

===========================================================================================
----------------- testing Tue Nov 20 02:47:18 UTC 2018 /home/travis/build/icyphy/ptII/ptolemy/actor/lib/test/auto/PoissonClock2.xml
----------------- Instantiating /home/travis/build/icyphy/ptII/ptolemy/actor/lib/test/auto/PoissonClock2.xml
1 ms. Memory: 1368576K Free: 261450K (19%)
----------------- Invoking toplevel() on ptolemy.moml.MoMLSimpleApplication@52eef1c
----------------- Done invoking toplevel() on ptolemy.moml.MoMLSimpleApplication@52eef1c
reloadAllAccessors: .PoissonClock2

===========================================================================================
----------------- testing Tue Nov 20 02:47:18 UTC 2018 /home/travis/build/icyphy/ptII/ptolemy/actor/lib/test/auto/PoissonClock3.xml
----------------- Instantiating /home/travis/build/icyphy/ptII/ptolemy/actor/lib/test/auto/PoissonClock3.xml
1 ms. Memory: 1368576K Free: 242757K (18%)
----------------- Invoking toplevel() on ptolemy.moml.MoMLSimpleApplication@d4ff4b3
----------------- Done invoking toplevel() on ptolemy.moml.MoMLSimpleApplication@d4ff4b3
reloadAllAccessors: .PoissonClock3

===========================================================================================
----------------- testing Tue Nov 20 02:47:18 UTC 2018 /home/travis/build/icyphy/ptII/ptolemy/actor/lib/test/auto/PubSubWithInitialTokens.xml
----------------- Instantiating /home/travis/build/icyphy/ptII/ptolemy/actor/lib/test/auto/PubSubWithInitialTokens.xml
3 ms. Memory: 1368576K Free: 230264K (17%)
----------------- Invoking toplevel() on ptolemy.moml.MoMLSimpleApplication@3bd67c74
----------------- Done invoking toplevel() on ptolemy.moml.MoMLSimpleApplication@3bd67c74
reloadAllAccessors: .PubSubWithInitialTokens

===========================================================================================
----------------- testing Tue Nov 20 02:47:18 UTC 2018 /home/travis/build/icyphy/ptII/ptolemy/actor/lib/test/auto/PubSubWithInitialTokens2.xml
----------------- Instantiating /home/travis/build/icyphy/ptII/ptolemy/actor/lib/test/auto/PubSubWithInitialTokens2.xml
2 ms. Memory: 1368576K Free: 211571K (15%)
----------------- Invoking toplevel() on ptolemy.moml.MoMLSimpleApplication@76700eb2
----------------- Done invoking toplevel() on ptolemy.moml.MoMLSimpleApplication@76700eb2
reloadAllAccessors: .PubSubWithInitialTokens2

===========================================================================================
----------------- testing Tue Nov 20 02:47:18 UTC 2018 /home/travis/build/icyphy/ptII/ptolemy/actor/lib/test/auto/PublisherClassNoParameter.xml
----------------- Instantiating /home/travis/build/icyphy/ptII/ptolemy/actor/lib/test/auto/PublisherClassNoParameter.xml
2 ms. Memory: 1368576K Free: 192831K (14%)
----------------- Invoking toplevel() on ptolemy.moml.MoMLSimpleApplication@64d28445
----------------- Done invoking toplevel() on ptolemy.moml.MoMLSimpleApplication@64d28445
reloadAllAccessors: .PublisherClassNoParameter

===========================================================================================
----------------- testing Tue Nov 20 02:47:18 UTC 2018 /home/travis/build/icyphy/ptII/ptolemy/actor/lib/test/auto/PublisherClassParameter.xml
----------------- Instantiating /home/travis/build/icyphy/ptII/ptolemy/actor/lib/test/auto/PublisherClassParameter.xml
1 ms. Memory: 1368576K Free: 174076K (13%)
----------------- Invoking toplevel() on ptolemy.moml.MoMLSimpleApplication@6b588951
----------------- Done invoking toplevel() on ptolemy.moml.MoMLSimpleApplication@6b588951
reloadAllAccessors: .PublisherClassParameter

===========================================================================================
----------------- testing Tue Nov 20 02:47:18 UTC 2018 /home/travis/build/icyphy/ptII/ptolemy/actor/lib/test/auto/PublisherNonStrictTest.xml
----------------- Instantiating /home/travis/build/icyphy/ptII/ptolemy/actor/lib/test/auto/PublisherNonStrictTest.xml
3 ms. Memory: 1368576K Free: 155383K (11%)
----------------- Invoking toplevel() on ptolemy.moml.MoMLSimpleApplication@70f7e1be
----------------- Done invoking toplevel() on ptolemy.moml.MoMLSimpleApplication@70f7e1be
reloadAllAccessors: .PublisherNonStrictTest

===========================================================================================
----------------- testing Tue Nov 20 02:47:18 UTC 2018 /home/travis/build/icyphy/ptII/ptolemy/actor/lib/test/auto/PublisherPort1.xml
----------------- Instantiating /home/travis/build/icyphy/ptII/ptolemy/actor/lib/test/auto/PublisherPort1.xml
3 ms. Memory: 1368576K Free: 142890K (10%)
----------------- Invoking toplevel() on ptolemy.moml.MoMLSimpleApplication@48c4ae54
----------------- Done invoking toplevel() on ptolemy.moml.MoMLSimpleApplication@48c4ae54
reloadAllAccessors: .PublisherPort1

===========================================================================================
----------------- testing Tue Nov 20 02:47:18 UTC 2018 /home/travis/build/icyphy/ptII/ptolemy/actor/lib/test/auto/PublisherPort2.xml
----------------- Instantiating /home/travis/build/icyphy/ptII/ptolemy/actor/lib/test/auto/PublisherPort2.xml
2 ms. Memory: 1368576K Free: 130397K (10%)
----------------- Invoking toplevel() on ptolemy.moml.MoMLSimpleApplication@60e7330b
----------------- Done invoking toplevel() on ptolemy.moml.MoMLSimpleApplication@60e7330b
reloadAllAccessors: .PublisherPort2

===========================================================================================
----------------- testing Tue Nov 20 02:47:18 UTC 2018 /home/travis/build/icyphy/ptII/ptolemy/actor/lib/test/auto/PublisherPort3.xml
----------------- Instantiating /home/travis/build/icyphy/ptII/ptolemy/actor/lib/test/auto/PublisherPort3.xml
10 ms. Memory: 1368576K Free: 111703K (8%)
----------------- Invoking toplevel() on ptolemy.moml.MoMLSimpleApplication@6c2edf7
----------------- Done invoking toplevel() on ptolemy.moml.MoMLSimpleApplication@6c2edf7
reloadAllAccessors: .PublisherPort3

===========================================================================================
----------------- testing Tue Nov 20 02:47:18 UTC 2018 /home/travis/build/icyphy/ptII/ptolemy/actor/lib/test/auto/PublisherPort4.xml
----------------- Instantiating /home/travis/build/icyphy/ptII/ptolemy/actor/lib/test/auto/PublisherPort4.xml
2 ms. Memory: 1368576K Free: 99211K (7%)
----------------- Invoking toplevel() on ptolemy.moml.MoMLSimpleApplication@3abdd393
----------------- Done invoking toplevel() on ptolemy.moml.MoMLSimpleApplication@3abdd393
reloadAllAccessors: .PublisherPort4

===========================================================================================
----------------- testing Tue Nov 20 02:47:18 UTC 2018 /home/travis/build/icyphy/ptII/ptolemy/actor/lib/test/auto/PublisherPort5.xml
----------------- Instantiating /home/travis/build/icyphy/ptII/ptolemy/actor/lib/test/auto/PublisherPort5.xml
3 ms. Memory: 1368576K Free: 80517K (6%)
----------------- Invoking toplevel() on ptolemy.moml.MoMLSimpleApplication@44ad2757
----------------- Done invoking toplevel() on ptolemy.moml.MoMLSimpleApplication@44ad2757
reloadAllAccessors: .PublisherPort5

===========================================================================================
----------------- testing Tue Nov 20 02:47:18 UTC 2018 /home/travis/build/icyphy/ptII/ptolemy/actor/lib/test/auto/PublisherPort5LookAlike.xml
----------------- Instantiating /home/travis/build/icyphy/ptII/ptolemy/actor/lib/test/auto/PublisherPort5LookAlike.xml
6 ms. Memory: 1574912K Free: 1519439K (96%)
----------------- Invoking toplevel() on ptolemy.moml.MoMLSimpleApplication@52c3a3f6
----------------- Done invoking toplevel() on ptolemy.moml.MoMLSimpleApplication@52c3a3f6
reloadAllAccessors: .PublisherPort5LookAlike

===========================================================================================
----------------- testing Tue Nov 20 02:47:18 UTC 2018 /home/travis/build/icyphy/ptII/ptolemy/actor/lib/test/auto/PublisherPort6.xml
----------------- Instantiating /home/travis/build/icyphy/ptII/ptolemy/actor/lib/test/auto/PublisherPort6.xml
3 ms. Memory: 1574912K Free: 1498417K (95%)
----------------- Invoking toplevel() on ptolemy.moml.MoMLSimpleApplication@88e35d7
----------------- Done invoking toplevel() on ptolemy.moml.MoMLSimpleApplication@88e35d7
reloadAllAccessors: .PublisherPort6

===========================================================================================
----------------- testing Tue Nov 20 02:47:18 UTC 2018 /home/travis/build/icyphy/ptII/ptolemy/actor/lib/test/auto/PublisherPort7.xml
----------------- Instantiating /home/travis/build/icyphy/ptII/ptolemy/actor/lib/test/auto/PublisherPort7.xml
3 ms. Memory: 1574912K Free: 1483672K (94%)
----------------- Invoking toplevel() on ptolemy.moml.MoMLSimpleApplication@7e556ea3
----------------- Done invoking toplevel() on ptolemy.moml.MoMLSimpleApplication@7e556ea3
reloadAllAccessors: .PublisherPort7

===========================================================================================
----------------- testing Tue Nov 20 02:47:18 UTC 2018 /home/travis/build/icyphy/ptII/ptolemy/actor/lib/test/auto/PublisherPort8.xml
----------------- Instantiating /home/travis/build/icyphy/ptII/ptolemy/actor/lib/test/auto/PublisherPort8.xml
3 ms. Memory: 1574912K Free: 1462650K (93%)
----------------- Invoking toplevel() on ptolemy.moml.MoMLSimpleApplication@2484e90c
----------------- Done invoking toplevel() on ptolemy.moml.MoMLSimpleApplication@2484e90c
reloadAllAccessors: .PublisherPort8

===========================================================================================
----------------- testing Tue Nov 20 02:47:18 UTC 2018 /home/travis/build/icyphy/ptII/ptolemy/actor/lib/test/auto/PublisherPortSubscriberChannelVariablesAOC2.xml
----------------- Instantiating /home/travis/build/icyphy/ptII/ptolemy/actor/lib/test/auto/PublisherPortSubscriberChannelVariablesAOC2.xml
3 ms. Memory: 1574912K Free: 1433127K (91%)
----------------- Invoking toplevel() on ptolemy.moml.MoMLSimpleApplication@326ca63e
----------------- Done invoking toplevel() on ptolemy.moml.MoMLSimpleApplication@326ca63e
reloadAllAccessors: .PublisherPortSubscriberChannelVariablesAOC2

===========================================================================================
----------------- testing Tue Nov 20 02:47:18 UTC 2018 /home/travis/build/icyphy/ptII/ptolemy/actor/lib/test/auto/PublisherPortSubscriberOpaqueWidthInference.xml
----------------- Instantiating /home/travis/build/icyphy/ptII/ptolemy/actor/lib/test/auto/PublisherPortSubscriberOpaqueWidthInference.xml
3 ms. Memory: 1574912K Free: 1418381K (90%)
----------------- Invoking toplevel() on ptolemy.moml.MoMLSimpleApplication@585600d3
----------------- Done invoking toplevel() on ptolemy.moml.MoMLSimpleApplication@585600d3
reloadAllAccessors: .PublisherPortSubscriberOpaqueWidthInference

===========================================================================================
----------------- testing Tue Nov 20 02:47:18 UTC 2018 /home/travis/build/icyphy/ptII/ptolemy/actor/lib/test/auto/PublisherPortSubscriberPortAdjacent.xml
----------------- Instantiating /home/travis/build/icyphy/ptII/ptolemy/actor/lib/test/auto/PublisherPortSubscriberPortAdjacent.xml
1 ms. Memory: 1574912K Free: 1397359K (89%)
----------------- Invoking toplevel() on ptolemy.moml.MoMLSimpleApplication@45714a4b
----------------- Done invoking toplevel() on ptolemy.moml.MoMLSimpleApplication@45714a4b
reloadAllAccessors: .PublisherPortSubscriberPortAdjacent

===========================================================================================
----------------- testing Tue Nov 20 02:47:18 UTC 2018 /home/travis/build/icyphy/ptII/ptolemy/actor/lib/test/auto/PublisherPortSubscriberPortExpression.xml
----------------- Instantiating /home/travis/build/icyphy/ptII/ptolemy/actor/lib/test/auto/PublisherPortSubscriberPortExpression.xml
5 ms. Memory: 1574912K Free: 1382613K (88%)
----------------- Invoking toplevel() on ptolemy.moml.MoMLSimpleApplication@3b7eeefc
----------------- Done invoking toplevel() on ptolemy.moml.MoMLSimpleApplication@3b7eeefc
reloadAllAccessors: .PublisherPortSubscriberPortExpression

===========================================================================================
----------------- testing Tue Nov 20 02:47:18 UTC 2018 /home/travis/build/icyphy/ptII/ptolemy/actor/lib/test/auto/PublisherPortSubscriberPortOpaqueD3Reverse.xml
----------------- Instantiating /home/travis/build/icyphy/ptII/ptolemy/actor/lib/test/auto/PublisherPortSubscriberPortOpaqueD3Reverse.xml
4 ms. Memory: 1574912K Free: 1361591K (86%)
----------------- Invoking toplevel() on ptolemy.moml.MoMLSimpleApplication@2a7bf795
----------------- Done invoking toplevel() on ptolemy.moml.MoMLSimpleApplication@2a7bf795
reloadAllAccessors: .PublisherPortSubscriberPortOpaqueD3Reverse

===========================================================================================
----------------- testing Tue Nov 20 02:47:18 UTC 2018 /home/travis/build/icyphy/ptII/ptolemy/actor/lib/test/auto/PublisherPortSubscriberPortOpaqueWidthInference.xml
----------------- Instantiating /home/travis/build/icyphy/ptII/ptolemy/actor/lib/test/auto/PublisherPortSubscriberPortOpaqueWidthInference.xml
7 ms. Memory: 1574912K Free: 1346846K (86%)
----------------- Invoking toplevel() on ptolemy.moml.MoMLSimpleApplication@191b05bf
----------------- Done invoking toplevel() on ptolemy.moml.MoMLSimpleApplication@191b05bf
reloadAllAccessors: .PublisherPortSubscriberPortOpaqueWidthInference

===========================================================================================
----------------- testing Tue Nov 20 02:47:18 UTC 2018 /home/travis/build/icyphy/ptII/ptolemy/actor/lib/test/auto/PublisherPortToplevelSubscriberPortAOC.xml
----------------- Instantiating /home/travis/build/icyphy/ptII/ptolemy/actor/lib/test/auto/PublisherPortToplevelSubscriberPortAOC.xml
.PublisherPortToplevelSubscriberPortAOC.TestExceptionAttribute: initialize() was not invoked, but wrapup() was.  This is unusual, but not always a problem.  For example, exporting JNLP will do this.
1 ms. Memory: 1574912K Free: 1332100K (85%)
----------------- Invoking toplevel() on ptolemy.moml.MoMLSimpleApplication@60887f7
----------------- Done invoking toplevel() on ptolemy.moml.MoMLSimpleApplication@60887f7
reloadAllAccessors: .PublisherPortToplevelSubscriberPortAOC

===========================================================================================
----------------- testing Tue Nov 20 02:47:18 UTC 2018 /home/travis/build/icyphy/ptII/ptolemy/actor/lib/test/auto/PublisherSubscriber.xml
----------------- Instantiating /home/travis/build/icyphy/ptII/ptolemy/actor/lib/test/auto/PublisherSubscriber.xml
2 ms. Memory: 1574912K Free: 1311078K (83%)
----------------- Invoking toplevel() on ptolemy.moml.MoMLSimpleApplication@6605e336
----------------- Done invoking toplevel() on ptolemy.moml.MoMLSimpleApplication@6605e336
reloadAllAccessors: .PublisherSubscriber

===========================================================================================
----------------- testing Tue Nov 20 02:47:18 UTC 2018 /home/travis/build/icyphy/ptII/ptolemy/actor/lib/test/auto/PublisherSubscriber10.xml
----------------- Instantiating /home/travis/build/icyphy/ptII/ptolemy/actor/lib/test/auto/PublisherSubscriber10.xml
5 ms. Memory: 1574912K Free: 1296333K (82%)
----------------- Invoking toplevel() on ptolemy.moml.MoMLSimpleApplication@371a76d7
----------------- Done invoking toplevel() on ptolemy.moml.MoMLSimpleApplication@371a76d7
reloadAllAccessors: .PublisherSubscriber10

===========================================================================================
----------------- testing Tue Nov 20 02:47:18 UTC 2018 /home/travis/build/icyphy/ptII/ptolemy/actor/lib/test/auto/PublisherSubscriber10InitialOutputs.xml
----------------- Instantiating /home/travis/build/icyphy/ptII/ptolemy/actor/lib/test/auto/PublisherSubscriber10InitialOutputs.xml
10 ms. Memory: 1574912K Free: 1281587K (81%)
----------------- Invoking toplevel() on ptolemy.moml.MoMLSimpleApplication@4c580310
----------------- Done invoking toplevel() on ptolemy.moml.MoMLSimpleApplication@4c580310
reloadAllAccessors: .PublisherSubscriber10InitialOutputs

===========================================================================================
----------------- testing Tue Nov 20 02:47:18 UTC 2018 /home/travis/build/icyphy/ptII/ptolemy/actor/lib/test/auto/PublisherSubscriber11.xml
----------------- Instantiating /home/travis/build/icyphy/ptII/ptolemy/actor/lib/test/auto/PublisherSubscriber11.xml
2 ms. Memory: 1574912K Free: 1260566K (80%)
----------------- Invoking toplevel() on ptolemy.moml.MoMLSimpleApplication@75e3a0c8
----------------- Done invoking toplevel() on ptolemy.moml.MoMLSimpleApplication@75e3a0c8
reloadAllAccessors: .PublisherSubscriber11

===========================================================================================
----------------- testing Tue Nov 20 02:47:18 UTC 2018 /home/travis/build/icyphy/ptII/ptolemy/actor/lib/test/auto/PublisherSubscriber12.xml
----------------- Instantiating /home/travis/build/icyphy/ptII/ptolemy/actor/lib/test/auto/PublisherSubscriber12.xml
2 ms. Memory: 1574912K Free: 1245820K (79%)
----------------- Invoking toplevel() on ptolemy.moml.MoMLSimpleApplication@4f2a660f
----------------- Done invoking toplevel() on ptolemy.moml.MoMLSimpleApplication@4f2a660f
reloadAllAccessors: .PublisherSubscriber12

===========================================================================================
----------------- testing Tue Nov 20 02:47:18 UTC 2018 /home/travis/build/icyphy/ptII/ptolemy/actor/lib/test/auto/PublisherSubscriber13.xml
----------------- Instantiating /home/travis/build/icyphy/ptII/ptolemy/actor/lib/test/auto/PublisherSubscriber13.xml
1 ms. Memory: 1574912K Free: 1224798K (78%)
----------------- Invoking toplevel() on ptolemy.moml.MoMLSimpleApplication@199331e8
----------------- Done invoking toplevel() on ptolemy.moml.MoMLSimpleApplication@199331e8
reloadAllAccessors: .PublisherSubscriber13

===========================================================================================
----------------- testing Tue Nov 20 02:47:18 UTC 2018 /home/travis/build/icyphy/ptII/ptolemy/actor/lib/test/auto/PublisherSubscriber14.xml
----------------- Instantiating /home/travis/build/icyphy/ptII/ptolemy/actor/lib/test/auto/PublisherSubscriber14.xml
2 ms. Memory: 1574912K Free: 1210053K (77%)
----------------- Invoking toplevel() on ptolemy.moml.MoMLSimpleApplication@1ce30b4a
----------------- Done invoking toplevel() on ptolemy.moml.MoMLSimpleApplication@1ce30b4a
reloadAllAccessors: .PublisherSubscriber14

===========================================================================================
----------------- testing Tue Nov 20 02:47:18 UTC 2018 /home/travis/build/icyphy/ptII/ptolemy/actor/lib/test/auto/PublisherSubscriber2.xml
----------------- Instantiating /home/travis/build/icyphy/ptII/ptolemy/actor/lib/test/auto/PublisherSubscriber2.xml
2 ms. Memory: 1574912K Free: 1195307K (76%)
----------------- Invoking toplevel() on ptolemy.moml.MoMLSimpleApplication@67f7cdbb
----------------- Done invoking toplevel() on ptolemy.moml.MoMLSimpleApplication@67f7cdbb
reloadAllAccessors: .PublisherSubscriber2

===========================================================================================
----------------- testing Tue Nov 20 02:47:18 UTC 2018 /home/travis/build/icyphy/ptII/ptolemy/actor/lib/test/auto/PublisherSubscriber3.xml
----------------- Instantiating /home/travis/build/icyphy/ptII/ptolemy/actor/lib/test/auto/PublisherSubscriber3.xml
1 ms. Memory: 1574912K Free: 1174285K (75%)
----------------- Invoking toplevel() on ptolemy.moml.MoMLSimpleApplication@1e3de6fa
----------------- Done invoking toplevel() on ptolemy.moml.MoMLSimpleApplication@1e3de6fa
reloadAllAccessors: .PublisherSubscriber3

===========================================================================================
----------------- testing Tue Nov 20 02:47:18 UTC 2018 /home/travis/build/icyphy/ptII/ptolemy/actor/lib/test/auto/PublisherSubscriber4.xml
----------------- Instantiating /home/travis/build/icyphy/ptII/ptolemy/actor/lib/test/auto/PublisherSubscriber4.xml
1 ms. Memory: 1574912K Free: 1159539K (74%)
----------------- Invoking toplevel() on ptolemy.moml.MoMLSimpleApplication@16b606b2
----------------- Done invoking toplevel() on ptolemy.moml.MoMLSimpleApplication@16b606b2
reloadAllAccessors: .PublisherSubscriber4

===========================================================================================
----------------- testing Tue Nov 20 02:47:18 UTC 2018 /home/travis/build/icyphy/ptII/ptolemy/actor/lib/test/auto/PublisherSubscriber5.xml
----------------- Instantiating /home/travis/build/icyphy/ptII/ptolemy/actor/lib/test/auto/PublisherSubscriber5.xml
1 ms. Memory: 1574912K Free: 1138517K (72%)
----------------- Invoking toplevel() on ptolemy.moml.MoMLSimpleApplication@7841c739
----------------- Done invoking toplevel() on ptolemy.moml.MoMLSimpleApplication@7841c739
reloadAllAccessors: .PublisherSubscriber5

===========================================================================================
----------------- testing Tue Nov 20 02:47:18 UTC 2018 /home/travis/build/icyphy/ptII/ptolemy/actor/lib/test/auto/PublisherSubscriber6.xml
----------------- Instantiating /home/travis/build/icyphy/ptII/ptolemy/actor/lib/test/auto/PublisherSubscriber6.xml
2 ms. Memory: 1574912K Free: 1123772K (71%)
----------------- Invoking toplevel() on ptolemy.moml.MoMLSimpleApplication@8ab71e0
----------------- Done invoking toplevel() on ptolemy.moml.MoMLSimpleApplication@8ab71e0
reloadAllAccessors: .PublisherSubscriber6

===========================================================================================
----------------- testing Tue Nov 20 02:47:18 UTC 2018 /home/travis/build/icyphy/ptII/ptolemy/actor/lib/test/auto/PublisherSubscriber7.xml
----------------- Instantiating /home/travis/build/icyphy/ptII/ptolemy/actor/lib/test/auto/PublisherSubscriber7.xml
2 ms. Memory: 1574912K Free: 1109026K (70%)
----------------- Invoking toplevel() on ptolemy.moml.MoMLSimpleApplication@726f7480
----------------- Done invoking toplevel() on ptolemy.moml.MoMLSimpleApplication@726f7480
reloadAllAccessors: .PublisherSubscriber7

===========================================================================================
----------------- testing Tue Nov 20 02:47:19 UTC 2018 /home/travis/build/icyphy/ptII/ptolemy/actor/lib/test/auto/PublisherSubscriber8.xml
----------------- Instantiating /home/travis/build/icyphy/ptII/ptolemy/actor/lib/test/auto/PublisherSubscriber8.xml
16 ms. Memory: 1574912K Free: 1014276K (64%)
----------------- Invoking toplevel() on ptolemy.moml.MoMLSimpleApplication@638c72a5
----------------- Done invoking toplevel() on ptolemy.moml.MoMLSimpleApplication@638c72a5
reloadAllAccessors: .PublisherSubscriber8

===========================================================================================
----------------- testing Tue Nov 20 02:47:19 UTC 2018 /home/travis/build/icyphy/ptII/ptolemy/actor/lib/test/auto/PublisherSubscriber9.xml
----------------- Instantiating /home/travis/build/icyphy/ptII/ptolemy/actor/lib/test/auto/PublisherSubscriber9.xml
2 ms. Memory: 1574912K Free: 999530K (63%)
----------------- Invoking toplevel() on ptolemy.moml.MoMLSimpleApplication@62a95d48
----------------- Done invoking toplevel() on ptolemy.moml.MoMLSimpleApplication@62a95d48
reloadAllAccessors: .PublisherSubscriber9

===========================================================================================
----------------- testing Tue Nov 20 02:47:19 UTC 2018 /home/travis/build/icyphy/ptII/ptolemy/actor/lib/test/auto/PublisherSubscriberAdjacent.xml
----------------- Instantiating /home/travis/build/icyphy/ptII/ptolemy/actor/lib/test/auto/PublisherSubscriberAdjacent.xml
1 ms. Memory: 1574912K Free: 978508K (62%)
----------------- Invoking toplevel() on ptolemy.moml.MoMLSimpleApplication@2977c4f1
----------------- Done invoking toplevel() on ptolemy.moml.MoMLSimpleApplication@2977c4f1
reloadAllAccessors: .PublisherSubscriberAdjacent

===========================================================================================
----------------- testing Tue Nov 20 02:47:19 UTC 2018 /home/travis/build/icyphy/ptII/ptolemy/actor/lib/test/auto/PublisherSubscriberChannelVariablesAOC2.xml
----------------- Instantiating /home/travis/build/icyphy/ptII/ptolemy/actor/lib/test/auto/PublisherSubscriberChannelVariablesAOC2.xml
2 ms. Memory: 1574912K Free: 956390K (61%)
----------------- Invoking toplevel() on ptolemy.moml.MoMLSimpleApplication@3a9f66a3
----------------- Done invoking toplevel() on ptolemy.moml.MoMLSimpleApplication@3a9f66a3
reloadAllAccessors: .PublisherSubscriberChannelVariablesAOC2

===========================================================================================
----------------- testing Tue Nov 20 02:47:19 UTC 2018 /home/travis/build/icyphy/ptII/ptolemy/actor/lib/test/auto/PublisherSubscriberD3.xml
----------------- Instantiating /home/travis/build/icyphy/ptII/ptolemy/actor/lib/test/auto/PublisherSubscriberD3.xml
1 ms. Memory: 1574912K Free: 941644K (60%)
----------------- Invoking toplevel() on ptolemy.moml.MoMLSimpleApplication@48785b0b
----------------- Done invoking toplevel() on ptolemy.moml.MoMLSimpleApplication@48785b0b
reloadAllAccessors: .PublisherSubscriberD3

===========================================================================================
----------------- testing Tue Nov 20 02:47:19 UTC 2018 /home/travis/build/icyphy/ptII/ptolemy/actor/lib/test/auto/PublisherSubscriberD3Reverse.xml
----------------- Instantiating /home/travis/build/icyphy/ptII/ptolemy/actor/lib/test/auto/PublisherSubscriberD3Reverse.xml
1 ms. Memory: 1574912K Free: 920622K (58%)
----------------- Invoking toplevel() on ptolemy.moml.MoMLSimpleApplication@5345ba2b
----------------- Done invoking toplevel() on ptolemy.moml.MoMLSimpleApplication@5345ba2b
reloadAllAccessors: .PublisherSubscriberD3Reverse

===========================================================================================
----------------- testing Tue Nov 20 02:47:19 UTC 2018 /home/travis/build/icyphy/ptII/ptolemy/actor/lib/test/auto/PublisherSubscriberExpression.xml
----------------- Instantiating /home/travis/build/icyphy/ptII/ptolemy/actor/lib/test/auto/PublisherSubscriberExpression.xml
2 ms. Memory: 1574912K Free: 905876K (58%)
----------------- Invoking toplevel() on ptolemy.moml.MoMLSimpleApplication@43a7f51e
----------------- Done invoking toplevel() on ptolemy.moml.MoMLSimpleApplication@43a7f51e
reloadAllAccessors: .PublisherSubscriberExpression

===========================================================================================
----------------- testing Tue Nov 20 02:47:19 UTC 2018 /home/travis/build/icyphy/ptII/ptolemy/actor/lib/test/auto/PublisherSubscriberOpaque.xml
----------------- Instantiating /home/travis/build/icyphy/ptII/ptolemy/actor/lib/test/auto/PublisherSubscriberOpaque.xml
3 ms. Memory: 1574912K Free: 891131K (57%)
----------------- Invoking toplevel() on ptolemy.moml.MoMLSimpleApplication@83ba219
----------------- Done invoking toplevel() on ptolemy.moml.MoMLSimpleApplication@83ba219
reloadAllAccessors: .PublisherSubscriberOpaque

===========================================================================================
----------------- testing Tue Nov 20 02:47:19 UTC 2018 /home/travis/build/icyphy/ptII/ptolemy/actor/lib/test/auto/PublisherSubscriberOpaqueD3.xml
----------------- Instantiating /home/travis/build/icyphy/ptII/ptolemy/actor/lib/test/auto/PublisherSubscriberOpaqueD3.xml
4 ms. Memory: 1574912K Free: 862720K (55%)
----------------- Invoking toplevel() on ptolemy.moml.MoMLSimpleApplication@1af5e963
----------------- Done invoking toplevel() on ptolemy.moml.MoMLSimpleApplication@1af5e963
reloadAllAccessors: .PublisherSubscriberOpaqueD3

===========================================================================================
----------------- testing Tue Nov 20 02:47:19 UTC 2018 /home/travis/build/icyphy/ptII/ptolemy/actor/lib/test/auto/PublisherSubscriberOpaqueD3Reverse.xml
----------------- Instantiating /home/travis/build/icyphy/ptII/ptolemy/actor/lib/test/auto/PublisherSubscriberOpaqueD3Reverse.xml
6 ms. Memory: 1574912K Free: 847974K (54%)
----------------- Invoking toplevel() on ptolemy.moml.MoMLSimpleApplication@2f2ba128
----------------- Done invoking toplevel() on ptolemy.moml.MoMLSimpleApplication@2f2ba128
reloadAllAccessors: .PublisherSubscriberOpaqueD3Reverse

===========================================================================================
----------------- testing Tue Nov 20 02:47:19 UTC 2018 /home/travis/build/icyphy/ptII/ptolemy/actor/lib/test/auto/PublisherSubscriberOpaqueWidthInference.xml
----------------- Instantiating /home/travis/build/icyphy/ptII/ptolemy/actor/lib/test/auto/PublisherSubscriberOpaqueWidthInference.xml
4 ms. Memory: 1574912K Free: 826952K (53%)
----------------- Invoking toplevel() on ptolemy.moml.MoMLSimpleApplication@567345cf
----------------- Done invoking toplevel() on ptolemy.moml.MoMLSimpleApplication@567345cf
reloadAllAccessors: .PublisherSubscriberOpaqueWidthInference

===========================================================================================
----------------- testing Tue Nov 20 02:47:19 UTC 2018 /home/travis/build/icyphy/ptII/ptolemy/actor/lib/test/auto/PublisherTestSubscriber.xml
----------------- Instantiating /home/travis/build/icyphy/ptII/ptolemy/actor/lib/test/auto/PublisherTestSubscriber.xml
2 ms. Memory: 1574912K Free: 812207K (52%)
----------------- Invoking toplevel() on ptolemy.moml.MoMLSimpleApplication@34724fbc
----------------- Done invoking toplevel() on ptolemy.moml.MoMLSimpleApplication@34724fbc
reloadAllAccessors: .PublisherTestSubscriber

===========================================================================================
----------------- testing Tue Nov 20 02:47:19 UTC 2018 /home/travis/build/icyphy/ptII/ptolemy/actor/lib/test/auto/PublisherToplevelSubscriberPortAOC.xml
----------------- Instantiating /home/travis/build/icyphy/ptII/ptolemy/actor/lib/test/auto/PublisherToplevelSubscriberPortAOC.xml
1 ms. Memory: 1574912K Free: 797461K (51%)
----------------- Invoking toplevel() on ptolemy.moml.MoMLSimpleApplication@5f847b30
----------------- Done invoking toplevel() on ptolemy.moml.MoMLSimpleApplication@5f847b30
reloadAllAccessors: .PublisherToplevelSubscriberPortAOC

===========================================================================================
----------------- testing Tue Nov 20 02:47:19 UTC 2018 /home/travis/build/icyphy/ptII/ptolemy/actor/lib/test/auto/PulseFiringLimitDE.xml
----------------- Instantiating /home/travis/build/icyphy/ptII/ptolemy/actor/lib/test/auto/PulseFiringLimitDE.xml
1 ms. Memory: 1574912K Free: 776439K (49%)
----------------- Invoking toplevel() on ptolemy.moml.MoMLSimpleApplication@410f12f9
----------------- Done invoking toplevel() on ptolemy.moml.MoMLSimpleApplication@410f12f9
reloadAllAccessors: .PulseFiringLimitDE

===========================================================================================
----------------- testing Tue Nov 20 02:47:19 UTC 2018 /home/travis/build/icyphy/ptII/ptolemy/actor/lib/test/auto/Ramp1.xml
----------------- Instantiating /home/travis/build/icyphy/ptII/ptolemy/actor/lib/test/auto/Ramp1.xml
1 ms. Memory: 1574912K Free: 761694K (48%)
----------------- Invoking toplevel() on ptolemy.moml.MoMLSimpleApplication@f88d98f
----------------- Done invoking toplevel() on ptolemy.moml.MoMLSimpleApplication@f88d98f
reloadAllAccessors: .Ramp1

===========================================================================================
----------------- testing Tue Nov 20 02:47:19 UTC 2018 /home/travis/build/icyphy/ptII/ptolemy/actor/lib/test/auto/RampFiringLimitDE.xml
----------------- Instantiating /home/travis/build/icyphy/ptII/ptolemy/actor/lib/test/auto/RampFiringLimitDE.xml
2 ms. Memory: 1574912K Free: 740672K (47%)
----------------- Invoking toplevel() on ptolemy.moml.MoMLSimpleApplication@361cba04
----------------- Done invoking toplevel() on ptolemy.moml.MoMLSimpleApplication@361cba04
reloadAllAccessors: .RampFiringLimitDE

===========================================================================================
----------------- testing Tue Nov 20 02:47:19 UTC 2018 /home/travis/build/icyphy/ptII/ptolemy/actor/lib/test/auto/RampFiringLimitSDF.xml
----------------- Instantiating /home/travis/build/icyphy/ptII/ptolemy/actor/lib/test/auto/RampFiringLimitSDF.xml
2 ms. Memory: 1574912K Free: 725926K (46%)
----------------- Invoking toplevel() on ptolemy.moml.MoMLSimpleApplication@124f173d
----------------- Done invoking toplevel() on ptolemy.moml.MoMLSimpleApplication@124f173d
reloadAllAccessors: .RampFiringLimitSDF

===========================================================================================
----------------- testing Tue Nov 20 02:47:19 UTC 2018 /home/travis/build/icyphy/ptII/ptolemy/actor/lib/test/auto/RandomInteger.xml
----------------- Instantiating /home/travis/build/icyphy/ptII/ptolemy/actor/lib/test/auto/RandomInteger.xml
1 ms. Memory: 1574912K Free: 711181K (45%)
----------------- Invoking toplevel() on ptolemy.moml.MoMLSimpleApplication@1830fc54
----------------- Done invoking toplevel() on ptolemy.moml.MoMLSimpleApplication@1830fc54
reloadAllAccessors: .RandomInteger

===========================================================================================
----------------- testing Tue Nov 20 02:47:19 UTC 2018 /home/travis/build/icyphy/ptII/ptolemy/actor/lib/test/auto/ReadFile1.xml
----------------- Instantiating /home/travis/build/icyphy/ptII/ptolemy/actor/lib/test/auto/ReadFile1.xml
1 ms. Memory: 1574912K Free: 690159K (44%)
----------------- Invoking toplevel() on ptolemy.moml.MoMLSimpleApplication@4ad92525
----------------- Done invoking toplevel() on ptolemy.moml.MoMLSimpleApplication@4ad92525
reloadAllAccessors: .ReadFile1

===========================================================================================
----------------- testing Tue Nov 20 02:47:19 UTC 2018 /home/travis/build/icyphy/ptII/ptolemy/actor/lib/test/auto/ReadFile2.xml
----------------- Instantiating /home/travis/build/icyphy/ptII/ptolemy/actor/lib/test/auto/ReadFile2.xml
1 ms. Memory: 1574912K Free: 675413K (43%)
----------------- Invoking toplevel() on ptolemy.moml.MoMLSimpleApplication@7262c68a
----------------- Done invoking toplevel() on ptolemy.moml.MoMLSimpleApplication@7262c68a
reloadAllAccessors: .ReadFile2

===========================================================================================
----------------- testing Tue Nov 20 02:47:19 UTC 2018 /home/travis/build/icyphy/ptII/ptolemy/actor/lib/test/auto/Reader.xml
----------------- Instantiating /home/travis/build/icyphy/ptII/ptolemy/actor/lib/test/auto/Reader.xml
actor.lib.Reader is obsolete, use actor.lib.io.ExpressionReader instead
6 ms. Memory: 1574912K Free: 654391K (42%)
----------------- Invoking toplevel() on ptolemy.moml.MoMLSimpleApplication@1c6e3257
----------------- Done invoking toplevel() on ptolemy.moml.MoMLSimpleApplication@1c6e3257
reloadAllAccessors: .Reader

===========================================================================================
----------------- testing Tue Nov 20 02:47:19 UTC 2018 /home/travis/build/icyphy/ptII/ptolemy/actor/lib/test/auto/RecordAssemblerDisplayNameTest.xml
----------------- Instantiating /home/travis/build/icyphy/ptII/ptolemy/actor/lib/test/auto/RecordAssemblerDisplayNameTest.xml
3147 ms. Memory: 1616384K Free: 915527K (57%)
----------------- Invoking toplevel() on ptolemy.moml.MoMLSimpleApplication@5885378e
----------------- Done invoking toplevel() on ptolemy.moml.MoMLSimpleApplication@5885378e
reloadAllAccessors: .RecordAssemblerDisplayNameTest

===========================================================================================
----------------- testing Tue Nov 20 02:47:22 UTC 2018 /home/travis/build/icyphy/ptII/ptolemy/actor/lib/test/auto/RecordAssemblerTypeError.xml
----------------- Instantiating /home/travis/build/icyphy/ptII/ptolemy/actor/lib/test/auto/RecordAssemblerTypeError.xml
10 ms. Memory: 1616384K Free: 884358K (55%)
----------------- Invoking toplevel() on ptolemy.moml.MoMLSimpleApplication@605d6220
----------------- Done invoking toplevel() on ptolemy.moml.MoMLSimpleApplication@605d6220
reloadAllAccessors: .RecordAssemblerTypeError

===========================================================================================
----------------- testing Tue Nov 20 02:47:22 UTC 2018 /home/travis/build/icyphy/ptII/ptolemy/actor/lib/test/auto/RecordDisassember.xml
----------------- Instantiating /home/travis/build/icyphy/ptII/ptolemy/actor/lib/test/auto/RecordDisassember.xml
2 ms. Memory: 1616384K Free: 864457K (53%)
----------------- Invoking toplevel() on ptolemy.moml.MoMLSimpleApplication@4adf4ef9
----------------- Done invoking toplevel() on ptolemy.moml.MoMLSimpleApplication@4adf4ef9
reloadAllAccessors: .RecordDisassember

===========================================================================================
----------------- testing Tue Nov 20 02:47:22 UTC 2018 /home/travis/build/icyphy/ptII/ptolemy/actor/lib/test/auto/RecordDisassemberDisplayNameTest.xml
----------------- Instantiating /home/travis/build/icyphy/ptII/ptolemy/actor/lib/test/auto/RecordDisassemberDisplayNameTest.xml
4 ms. Memory: 1616384K Free: 849481K (53%)
----------------- Invoking toplevel() on ptolemy.moml.MoMLSimpleApplication@28719cc3
----------------- Done invoking toplevel() on ptolemy.moml.MoMLSimpleApplication@28719cc3
reloadAllAccessors: .RecordDisassemberDisplayNameTest

===========================================================================================
----------------- testing Tue Nov 20 02:47:22 UTC 2018 /home/travis/build/icyphy/ptII/ptolemy/actor/lib/test/auto/RecordDisassembler.xml
----------------- Instantiating /home/travis/build/icyphy/ptII/ptolemy/actor/lib/test/auto/RecordDisassembler.xml
2 ms. Memory: 1616384K Free: 829580K (51%)
----------------- Invoking toplevel() on ptolemy.moml.MoMLSimpleApplication@901a126
----------------- Done invoking toplevel() on ptolemy.moml.MoMLSimpleApplication@901a126
reloadAllAccessors: .RecordDisassembler

===========================================================================================
----------------- testing Tue Nov 20 02:47:22 UTC 2018 /home/travis/build/icyphy/ptII/ptolemy/actor/lib/test/auto/RecordDisassembler2.xml
----------------- Instantiating /home/travis/build/icyphy/ptII/ptolemy/actor/lib/test/auto/RecordDisassembler2.xml
3 ms. Memory: 1616384K Free: 814604K (50%)
----------------- Invoking toplevel() on ptolemy.moml.MoMLSimpleApplication@3925943c
----------------- Done invoking toplevel() on ptolemy.moml.MoMLSimpleApplication@3925943c
reloadAllAccessors: .RecordDisassembler2

===========================================================================================
----------------- testing Tue Nov 20 02:47:22 UTC 2018 /home/travis/build/icyphy/ptII/ptolemy/actor/lib/test/auto/RecordUpdater.xml
----------------- Instantiating /home/travis/build/icyphy/ptII/ptolemy/actor/lib/test/auto/RecordUpdater.xml
1 ms. Memory: 1616384K Free: 794703K (49%)
----------------- Invoking toplevel() on ptolemy.moml.MoMLSimpleApplication@7c463941
----------------- Done invoking toplevel() on ptolemy.moml.MoMLSimpleApplication@7c463941
reloadAllAccessors: .RecordUpdater

===========================================================================================
----------------- testing Tue Nov 20 02:47:22 UTC 2018 /home/travis/build/icyphy/ptII/ptolemy/actor/lib/test/auto/RecordUpdater2.xml
----------------- Instantiating /home/travis/build/icyphy/ptII/ptolemy/actor/lib/test/auto/RecordUpdater2.xml
1 ms. Memory: 1616384K Free: 779727K (48%)
----------------- Invoking toplevel() on ptolemy.moml.MoMLSimpleApplication@5a8c34e9
----------------- Done invoking toplevel() on ptolemy.moml.MoMLSimpleApplication@5a8c34e9
reloadAllAccessors: .RecordUpdater2

===========================================================================================
----------------- testing Tue Nov 20 02:47:22 UTC 2018 /home/travis/build/icyphy/ptII/ptolemy/actor/lib/test/auto/RecursiveLattice.xml
----------------- Instantiating /home/travis/build/icyphy/ptII/ptolemy/actor/lib/test/auto/RecursiveLattice.xml
1 ms. Memory: 1616384K Free: 759825K (47%)
----------------- Invoking toplevel() on ptolemy.moml.MoMLSimpleApplication@305d3777
----------------- Done invoking toplevel() on ptolemy.moml.MoMLSimpleApplication@305d3777
reloadAllAccessors: .RecursiveLattice

===========================================================================================
----------------- testing Tue Nov 20 02:47:22 UTC 2018 /home/travis/build/icyphy/ptII/ptolemy/actor/lib/test/auto/Router.xml
----------------- Instantiating /home/travis/build/icyphy/ptII/ptolemy/actor/lib/test/auto/Router.xml
3003 ms. Memory: 1616384K Free: 744849K (46%)
----------------- Invoking toplevel() on ptolemy.moml.MoMLSimpleApplication@3a7cf2ab
----------------- Done invoking toplevel() on ptolemy.moml.MoMLSimpleApplication@3a7cf2ab
reloadAllAccessors: .Router

===========================================================================================
----------------- testing Tue Nov 20 02:47:25 UTC 2018 /home/travis/build/icyphy/ptII/ptolemy/actor/lib/test/auto/Router2.xml
----------------- Instantiating /home/travis/build/icyphy/ptII/ptolemy/actor/lib/test/auto/Router2.xml
3003 ms. Memory: 1616384K Free: 724948K (45%)
----------------- Invoking toplevel() on ptolemy.moml.MoMLSimpleApplication@5a5f8fa5
----------------- Done invoking toplevel() on ptolemy.moml.MoMLSimpleApplication@5a5f8fa5
reloadAllAccessors: .Router2

===========================================================================================
----------------- testing Tue Nov 20 02:47:28 UTC 2018 /home/travis/build/icyphy/ptII/ptolemy/actor/lib/test/auto/RunningMaximum.xml
----------------- Instantiating /home/travis/build/icyphy/ptII/ptolemy/actor/lib/test/auto/RunningMaximum.xml
2 ms. Memory: 1616384K Free: 709972K (44%)
----------------- Invoking toplevel() on ptolemy.moml.MoMLSimpleApplication@396cc293
----------------- Done invoking toplevel() on ptolemy.moml.MoMLSimpleApplication@396cc293
reloadAllAccessors: .RunningMaximum

===========================================================================================
----------------- testing Tue Nov 20 02:47:28 UTC 2018 /home/travis/build/icyphy/ptII/ptolemy/actor/lib/test/auto/RunningMinimum.xml
----------------- Instantiating /home/travis/build/icyphy/ptII/ptolemy/actor/lib/test/auto/RunningMinimum.xml
2 ms. Memory: 1616384K Free: 690071K (43%)
----------------- Invoking toplevel() on ptolemy.moml.MoMLSimpleApplication@70881bc9
----------------- Done invoking toplevel() on ptolemy.moml.MoMLSimpleApplication@70881bc9
reloadAllAccessors: .RunningMinimum

===========================================================================================
----------------- testing Tue Nov 20 02:47:28 UTC 2018 /home/travis/build/icyphy/ptII/ptolemy/actor/lib/test/auto/Scale.xml
----------------- Instantiating /home/travis/build/icyphy/ptII/ptolemy/actor/lib/test/auto/Scale.xml
1 ms. Memory: 1616384K Free: 675095K (42%)
----------------- Invoking toplevel() on ptolemy.moml.MoMLSimpleApplication@6a550d05
----------------- Done invoking toplevel() on ptolemy.moml.MoMLSimpleApplication@6a550d05
reloadAllAccessors: .Scale

===========================================================================================
----------------- testing Tue Nov 20 02:47:28 UTC 2018 /home/travis/build/icyphy/ptII/ptolemy/actor/lib/test/auto/Scale2.xml
----------------- Instantiating /home/travis/build/icyphy/ptII/ptolemy/actor/lib/test/auto/Scale2.xml
1 ms. Memory: 1616384K Free: 655194K (41%)
----------------- Invoking toplevel() on ptolemy.moml.MoMLSimpleApplication@60990722
----------------- Done invoking toplevel() on ptolemy.moml.MoMLSimpleApplication@60990722
reloadAllAccessors: .Scale2

===========================================================================================
----------------- testing Tue Nov 20 02:47:28 UTC 2018 /home/travis/build/icyphy/ptII/ptolemy/actor/lib/test/auto/Scale3.xml
----------------- Instantiating /home/travis/build/icyphy/ptII/ptolemy/actor/lib/test/auto/Scale3.xml
7 ms. Memory: 1616384K Free: 640218K (40%)
----------------- Invoking toplevel() on ptolemy.moml.MoMLSimpleApplication@49ed3c1b
----------------- Done invoking toplevel() on ptolemy.moml.MoMLSimpleApplication@49ed3c1b
reloadAllAccessors: .Scale3

===========================================================================================
----------------- testing Tue Nov 20 02:47:28 UTC 2018 /home/travis/build/icyphy/ptII/ptolemy/actor/lib/test/auto/ScaleArray.xml
----------------- Instantiating /home/travis/build/icyphy/ptII/ptolemy/actor/lib/test/auto/ScaleArray.xml
1 ms. Memory: 1616384K Free: 620317K (38%)
----------------- Invoking toplevel() on ptolemy.moml.MoMLSimpleApplication@8a6c46b
----------------- Done invoking toplevel() on ptolemy.moml.MoMLSimpleApplication@8a6c46b
reloadAllAccessors: .ScaleArray

===========================================================================================
----------------- testing Tue Nov 20 02:47:28 UTC 2018 /home/travis/build/icyphy/ptII/ptolemy/actor/lib/test/auto/ScaleArray2.xml
----------------- Instantiating /home/travis/build/icyphy/ptII/ptolemy/actor/lib/test/auto/ScaleArray2.xml
2 ms. Memory: 1616384K Free: 605341K (37%)
----------------- Invoking toplevel() on ptolemy.moml.MoMLSimpleApplication@492ebac
----------------- Done invoking toplevel() on ptolemy.moml.MoMLSimpleApplication@492ebac
reloadAllAccessors: .ScaleArray2

===========================================================================================
----------------- testing Tue Nov 20 02:47:28 UTC 2018 /home/travis/build/icyphy/ptII/ptolemy/actor/lib/test/auto/ScaleMatrix.xml
----------------- Instantiating /home/travis/build/icyphy/ptII/ptolemy/actor/lib/test/auto/ScaleMatrix.xml
130 ms. Memory: 1616384K Free: 577951K (36%)
----------------- Invoking toplevel() on ptolemy.moml.MoMLSimpleApplication@76239276
----------------- Done invoking toplevel() on ptolemy.moml.MoMLSimpleApplication@76239276
reloadAllAccessors: .ScaleMatrix

===========================================================================================
----------------- testing Tue Nov 20 02:47:29 UTC 2018 /home/travis/build/icyphy/ptII/ptolemy/actor/lib/test/auto/Select.xml
----------------- Instantiating /home/travis/build/icyphy/ptII/ptolemy/actor/lib/test/auto/Select.xml
2 ms. Memory: 1616384K Free: 562975K (35%)
----------------- Invoking toplevel() on ptolemy.moml.MoMLSimpleApplication@6d6d7faa
----------------- Done invoking toplevel() on ptolemy.moml.MoMLSimpleApplication@6d6d7faa
reloadAllAccessors: .Select

===========================================================================================
----------------- testing Tue Nov 20 02:47:29 UTC 2018 /home/travis/build/icyphy/ptII/ptolemy/actor/lib/test/auto/Select2.xml
----------------- Instantiating /home/travis/build/icyphy/ptII/ptolemy/actor/lib/test/auto/Select2.xml
1 ms. Memory: 1616384K Free: 543074K (34%)
----------------- Invoking toplevel() on ptolemy.moml.MoMLSimpleApplication@2c54a28b
----------------- Done invoking toplevel() on ptolemy.moml.MoMLSimpleApplication@2c54a28b
reloadAllAccessors: .Select2

===========================================================================================
----------------- testing Tue Nov 20 02:47:29 UTC 2018 /home/travis/build/icyphy/ptII/ptolemy/actor/lib/test/auto/SequenceToArray2.xml
----------------- Instantiating /home/travis/build/icyphy/ptII/ptolemy/actor/lib/test/auto/SequenceToArray2.xml
90 ms. Memory: 1616384K Free: 453202K (28%)
----------------- Invoking toplevel() on ptolemy.moml.MoMLSimpleApplication@6aefe798
----------------- Done invoking toplevel() on ptolemy.moml.MoMLSimpleApplication@6aefe798
reloadAllAccessors: .SequenceToArray2

===========================================================================================
----------------- testing Tue Nov 20 02:47:29 UTC 2018 /home/travis/build/icyphy/ptII/ptolemy/actor/lib/test/auto/SequentialClock.xml
----------------- Instantiating /home/travis/build/icyphy/ptII/ptolemy/actor/lib/test/auto/SequentialClock.xml
1 ms. Memory: 1616384K Free: 433301K (27%)
----------------- Invoking toplevel() on ptolemy.moml.MoMLSimpleApplication@3dbaf1c2
----------------- Done invoking toplevel() on ptolemy.moml.MoMLSimpleApplication@3dbaf1c2
reloadAllAccessors: .SequentialClock

===========================================================================================
----------------- testing Tue Nov 20 02:47:29 UTC 2018 /home/travis/build/icyphy/ptII/ptolemy/actor/lib/test/auto/SetVariable.xml
----------------- Instantiating /home/travis/build/icyphy/ptII/ptolemy/actor/lib/test/auto/SetVariable.xml
9 ms. Memory: 1616384K Free: 418325K (26%)
----------------- Invoking toplevel() on ptolemy.moml.MoMLSimpleApplication@76f05e55
----------------- Done invoking toplevel() on ptolemy.moml.MoMLSimpleApplication@76f05e55
reloadAllAccessors: .SetVariable

===========================================================================================
----------------- testing Tue Nov 20 02:47:29 UTC 2018 /home/travis/build/icyphy/ptII/ptolemy/actor/lib/test/auto/SetVariable2.xml
----------------- Instantiating /home/travis/build/icyphy/ptII/ptolemy/actor/lib/test/auto/SetVariable2.xml
2 ms. Memory: 1616384K Free: 398423K (25%)
----------------- Invoking toplevel() on ptolemy.moml.MoMLSimpleApplication@5fe0c95
----------------- Done invoking toplevel() on ptolemy.moml.MoMLSimpleApplication@5fe0c95
reloadAllAccessors: .SetVariable2

===========================================================================================
----------------- testing Tue Nov 20 02:47:29 UTC 2018 /home/travis/build/icyphy/ptII/ptolemy/actor/lib/test/auto/SetVariable3.xml
----------------- Instantiating /home/travis/build/icyphy/ptII/ptolemy/actor/lib/test/auto/SetVariable3.xml
7 ms. Memory: 1616384K Free: 383447K (24%)
----------------- Invoking toplevel() on ptolemy.moml.MoMLSimpleApplication@25a84433
----------------- Done invoking toplevel() on ptolemy.moml.MoMLSimpleApplication@25a84433
reloadAllAccessors: .SetVariable3

===========================================================================================
----------------- testing Tue Nov 20 02:47:29 UTC 2018 /home/travis/build/icyphy/ptII/ptolemy/actor/lib/test/auto/SetVariable4.xml
----------------- Instantiating /home/travis/build/icyphy/ptII/ptolemy/actor/lib/test/auto/SetVariable4.xml
17 ms. Memory: 1616384K Free: 311130K (19%)
----------------- Invoking toplevel() on ptolemy.moml.MoMLSimpleApplication@1a5674cf
----------------- Done invoking toplevel() on ptolemy.moml.MoMLSimpleApplication@1a5674cf
reloadAllAccessors: .SetVariable4

===========================================================================================
----------------- testing Tue Nov 20 02:47:29 UTC 2018 /home/travis/build/icyphy/ptII/ptolemy/actor/lib/test/auto/SetVariable5.xml
----------------- Instantiating /home/travis/build/icyphy/ptII/ptolemy/actor/lib/test/auto/SetVariable5.xml
19 ms. Memory: 1616384K Free: 296154K (18%)
----------------- Invoking toplevel() on ptolemy.moml.MoMLSimpleApplication@12678d8c
----------------- Done invoking toplevel() on ptolemy.moml.MoMLSimpleApplication@12678d8c
reloadAllAccessors: .SetVariable5

===========================================================================================
----------------- testing Tue Nov 20 02:47:29 UTC 2018 /home/travis/build/icyphy/ptII/ptolemy/actor/lib/test/auto/Sinewave.xml
----------------- Instantiating /home/travis/build/icyphy/ptII/ptolemy/actor/lib/test/auto/Sinewave.xml
5 ms. Memory: 1616384K Free: 268749K (17%)
----------------- Invoking toplevel() on ptolemy.moml.MoMLSimpleApplication@63c38a0d
----------------- Done invoking toplevel() on ptolemy.moml.MoMLSimpleApplication@63c38a0d
reloadAllAccessors: .Sinewave

===========================================================================================
----------------- testing Tue Nov 20 02:47:29 UTC 2018 /home/travis/build/icyphy/ptII/ptolemy/actor/lib/test/auto/Sinewave2.xml
----------------- Instantiating /home/travis/build/icyphy/ptII/ptolemy/actor/lib/test/auto/Sinewave2.xml
6 ms. Memory: 1616384K Free: 253773K (16%)
----------------- Invoking toplevel() on ptolemy.moml.MoMLSimpleApplication@5e0e84bb
----------------- Done invoking toplevel() on ptolemy.moml.MoMLSimpleApplication@5e0e84bb
reloadAllAccessors: .Sinewave2

===========================================================================================
----------------- testing Tue Nov 20 02:47:29 UTC 2018 /home/travis/build/icyphy/ptII/ptolemy/actor/lib/test/auto/Sinewave3.xml
----------------- Instantiating /home/travis/build/icyphy/ptII/ptolemy/actor/lib/test/auto/Sinewave3.xml
8 ms. Memory: 1616384K Free: 233872K (14%)
----------------- Invoking toplevel() on ptolemy.moml.MoMLSimpleApplication@6ff2afad
----------------- Done invoking toplevel() on ptolemy.moml.MoMLSimpleApplication@6ff2afad
reloadAllAccessors: .Sinewave3

===========================================================================================
----------------- testing Tue Nov 20 02:47:29 UTC 2018 /home/travis/build/icyphy/ptII/ptolemy/actor/lib/test/auto/SingleEvent.xml
----------------- Instantiating /home/travis/build/icyphy/ptII/ptolemy/actor/lib/test/auto/SingleEvent.xml
1 ms. Memory: 1616384K Free: 218896K (14%)
----------------- Invoking toplevel() on ptolemy.moml.MoMLSimpleApplication@77c947be
----------------- Done invoking toplevel() on ptolemy.moml.MoMLSimpleApplication@77c947be
reloadAllAccessors: .SingleEvent

===========================================================================================
----------------- testing Tue Nov 20 02:47:29 UTC 2018 /home/travis/build/icyphy/ptII/ptolemy/actor/lib/test/auto/Sleep.xml
----------------- Instantiating /home/travis/build/icyphy/ptII/ptolemy/actor/lib/test/auto/Sleep.xml
6004 ms. Memory: 1616384K Free: 198994K (12%)
----------------- Invoking toplevel() on ptolemy.moml.MoMLSimpleApplication@28302c6a
----------------- Done invoking toplevel() on ptolemy.moml.MoMLSimpleApplication@28302c6a
reloadAllAccessors: .Sleep

===========================================================================================
----------------- testing Tue Nov 20 02:47:35 UTC 2018 /home/travis/build/icyphy/ptII/ptolemy/actor/lib/test/auto/SleepMultipleFire.xml
----------------- Instantiating /home/travis/build/icyphy/ptII/ptolemy/actor/lib/test/auto/SleepMultipleFire.xml
1005 ms. Memory: 1616384K Free: 184018K (11%)
----------------- Invoking toplevel() on ptolemy.moml.MoMLSimpleApplication@2f887074
----------------- Done invoking toplevel() on ptolemy.moml.MoMLSimpleApplication@2f887074
reloadAllAccessors: .SleepMultipleFire

===========================================================================================
----------------- testing Tue Nov 20 02:47:36 UTC 2018 /home/travis/build/icyphy/ptII/ptolemy/actor/lib/test/auto/StopDE.xml
----------------- Instantiating /home/travis/build/icyphy/ptII/ptolemy/actor/lib/test/auto/StopDE.xml
3 ms. Memory: 1616384K Free: 164117K (10%)
----------------- Invoking toplevel() on ptolemy.moml.MoMLSimpleApplication@6962f986
----------------- Done invoking toplevel() on ptolemy.moml.MoMLSimpleApplication@6962f986
reloadAllAccessors: .StopDE

===========================================================================================
----------------- testing Tue Nov 20 02:47:36 UTC 2018 /home/travis/build/icyphy/ptII/ptolemy/actor/lib/test/auto/StopSDF.xml
----------------- Instantiating /home/travis/build/icyphy/ptII/ptolemy/actor/lib/test/auto/StopSDF.xml
3 ms. Memory: 1616384K Free: 149141K (9%)
----------------- Invoking toplevel() on ptolemy.moml.MoMLSimpleApplication@7e113ce6
----------------- Done invoking toplevel() on ptolemy.moml.MoMLSimpleApplication@7e113ce6
reloadAllAccessors: .StopSDF

===========================================================================================
----------------- testing Tue Nov 20 02:47:36 UTC 2018 /home/travis/build/icyphy/ptII/ptolemy/actor/lib/test/auto/StringConstant.xml
----------------- Instantiating /home/travis/build/icyphy/ptII/ptolemy/actor/lib/test/auto/StringConstant.xml
3 ms. Memory: 1616384K Free: 129240K (8%)
----------------- Invoking toplevel() on ptolemy.moml.MoMLSimpleApplication@1f278e24
----------------- Done invoking toplevel() on ptolemy.moml.MoMLSimpleApplication@1f278e24
reloadAllAccessors: .StringConstant

===========================================================================================
----------------- testing Tue Nov 20 02:47:36 UTC 2018 /home/travis/build/icyphy/ptII/ptolemy/actor/lib/test/auto/SubscriberPortInitialValues1.xml
----------------- Instantiating /home/travis/build/icyphy/ptII/ptolemy/actor/lib/test/auto/SubscriberPortInitialValues1.xml
12 ms. Memory: 1616384K Free: 114264K (7%)
----------------- Invoking toplevel() on ptolemy.moml.MoMLSimpleApplication@2039de50
----------------- Done invoking toplevel() on ptolemy.moml.MoMLSimpleApplication@2039de50
reloadAllAccessors: .SubscriberPortInitialValues1

===========================================================================================
----------------- testing Tue Nov 20 02:47:36 UTC 2018 /home/travis/build/icyphy/ptII/ptolemy/actor/lib/test/auto/SubscriberPortInitialValues13.xml
----------------- Instantiating /home/travis/build/icyphy/ptII/ptolemy/actor/lib/test/auto/SubscriberPortInitialValues13.xml
4 ms. Memory: 1616384K Free: 86875K (5%)
----------------- Invoking toplevel() on ptolemy.moml.MoMLSimpleApplication@e1328b9
----------------- Done invoking toplevel() on ptolemy.moml.MoMLSimpleApplication@e1328b9
reloadAllAccessors: .SubscriberPortInitialValues13

===========================================================================================
----------------- testing Tue Nov 20 02:47:36 UTC 2018 /home/travis/build/icyphy/ptII/ptolemy/actor/lib/test/auto/SubscriberPortInitialValues14.xml
----------------- Instantiating /home/travis/build/icyphy/ptII/ptolemy/actor/lib/test/auto/SubscriberPortInitialValues14.xml
10 ms. Memory: 1782784K Free: 1737522K (97%)
----------------- Invoking toplevel() on ptolemy.moml.MoMLSimpleApplication@4fa1a5b7
----------------- Done invoking toplevel() on ptolemy.moml.MoMLSimpleApplication@4fa1a5b7
reloadAllAccessors: .SubscriberPortInitialValues14

===========================================================================================
----------------- testing Tue Nov 20 02:47:36 UTC 2018 /home/travis/build/icyphy/ptII/ptolemy/actor/lib/test/auto/SubscriberPortInitialValues2.xml
----------------- Instantiating /home/travis/build/icyphy/ptII/ptolemy/actor/lib/test/auto/SubscriberPortInitialValues2.xml
4 ms. Memory: 1782784K Free: 1712385K (96%)
----------------- Invoking toplevel() on ptolemy.moml.MoMLSimpleApplication@3efb1637
----------------- Done invoking toplevel() on ptolemy.moml.MoMLSimpleApplication@3efb1637
reloadAllAccessors: .SubscriberPortInitialValues2

===========================================================================================
----------------- testing Tue Nov 20 02:47:36 UTC 2018 /home/travis/build/icyphy/ptII/ptolemy/actor/lib/test/auto/SubscriberPortInitialValues3.xml
----------------- Instantiating /home/travis/build/icyphy/ptII/ptolemy/actor/lib/test/auto/SubscriberPortInitialValues3.xml
3 ms. Memory: 1782784K Free: 1691414K (95%)
----------------- Invoking toplevel() on ptolemy.moml.MoMLSimpleApplication@55c377dc
----------------- Done invoking toplevel() on ptolemy.moml.MoMLSimpleApplication@55c377dc
reloadAllAccessors: .SubscriberPortInitialValues3

===========================================================================================
----------------- testing Tue Nov 20 02:47:36 UTC 2018 /home/travis/build/icyphy/ptII/ptolemy/actor/lib/test/auto/SubscriptionAggregator.xml
----------------- Instantiating /home/travis/build/icyphy/ptII/ptolemy/actor/lib/test/auto/SubscriptionAggregator.xml
2 ms. Memory: 1782784K Free: 1674753K (94%)
----------------- Invoking toplevel() on ptolemy.moml.MoMLSimpleApplication@74f6c057
----------------- Done invoking toplevel() on ptolemy.moml.MoMLSimpleApplication@74f6c057
reloadAllAccessors: .SubscriptionAggregator

===========================================================================================
----------------- testing Tue Nov 20 02:47:36 UTC 2018 /home/travis/build/icyphy/ptII/ptolemy/actor/lib/test/auto/SubscriptionAggregator2.xml
----------------- Instantiating /home/travis/build/icyphy/ptII/ptolemy/actor/lib/test/auto/SubscriptionAggregator2.xml
2 ms. Memory: 1782784K Free: 1653781K (93%)
----------------- Invoking toplevel() on ptolemy.moml.MoMLSimpleApplication@74e54563
----------------- Done invoking toplevel() on ptolemy.moml.MoMLSimpleApplication@74e54563
reloadAllAccessors: .SubscriptionAggregator2

===========================================================================================
----------------- testing Tue Nov 20 02:47:36 UTC 2018 /home/travis/build/icyphy/ptII/ptolemy/actor/lib/test/auto/SubscriptionAggregator3.xml
----------------- Instantiating /home/travis/build/icyphy/ptII/ptolemy/actor/lib/test/auto/SubscriptionAggregator3.xml
3 ms. Memory: 1782784K Free: 1637121K (92%)
----------------- Invoking toplevel() on ptolemy.moml.MoMLSimpleApplication@35b00a03
----------------- Done invoking toplevel() on ptolemy.moml.MoMLSimpleApplication@35b00a03
reloadAllAccessors: .SubscriptionAggregator3

===========================================================================================
----------------- testing Tue Nov 20 02:47:36 UTC 2018 /home/travis/build/icyphy/ptII/ptolemy/actor/lib/test/auto/SubscriptionAggregatorMultiply.xml
----------------- Instantiating /home/travis/build/icyphy/ptII/ptolemy/actor/lib/test/auto/SubscriptionAggregatorMultiply.xml
3 ms. Memory: 1782784K Free: 1616149K (91%)
----------------- Invoking toplevel() on ptolemy.moml.MoMLSimpleApplication@6b75bdd6
----------------- Done invoking toplevel() on ptolemy.moml.MoMLSimpleApplication@6b75bdd6
reloadAllAccessors: .SubscriptionAggregatorMultiply

===========================================================================================
----------------- testing Tue Nov 20 02:47:36 UTC 2018 /home/travis/build/icyphy/ptII/ptolemy/actor/lib/test/auto/SubscriptionAggregatorPortMultiply1.xml
----------------- Instantiating /home/travis/build/icyphy/ptII/ptolemy/actor/lib/test/auto/SubscriptionAggregatorPortMultiply1.xml
4 ms. Memory: 1782784K Free: 1595177K (89%)
----------------- Invoking toplevel() on ptolemy.moml.MoMLSimpleApplication@6fa6d5fe
----------------- Done invoking toplevel() on ptolemy.moml.MoMLSimpleApplication@6fa6d5fe
reloadAllAccessors: .SubscriptionAggregatorPortMultiply1

===========================================================================================
----------------- testing Tue Nov 20 02:47:36 UTC 2018 /home/travis/build/icyphy/ptII/ptolemy/actor/lib/test/auto/Switch.xml
----------------- Instantiating /home/travis/build/icyphy/ptII/ptolemy/actor/lib/test/auto/Switch.xml
3 ms. Memory: 1782784K Free: 1528509K (86%)
----------------- Invoking toplevel() on ptolemy.moml.MoMLSimpleApplication@502b544e
----------------- Done invoking toplevel() on ptolemy.moml.MoMLSimpleApplication@502b544e
reloadAllAccessors: .Switch

===========================================================================================
----------------- testing Tue Nov 20 02:47:36 UTC 2018 /home/travis/build/icyphy/ptII/ptolemy/actor/lib/test/auto/Switch2.xml
----------------- Instantiating /home/travis/build/icyphy/ptII/ptolemy/actor/lib/test/auto/Switch2.xml
1 ms. Memory: 1782784K Free: 1507537K (85%)
----------------- Invoking toplevel() on ptolemy.moml.MoMLSimpleApplication@3282b60
----------------- Done invoking toplevel() on ptolemy.moml.MoMLSimpleApplication@3282b60
reloadAllAccessors: .Switch2

===========================================================================================
----------------- testing Tue Nov 20 02:47:36 UTC 2018 /home/travis/build/icyphy/ptII/ptolemy/actor/lib/test/auto/SwitchDE.xml
----------------- Instantiating /home/travis/build/icyphy/ptII/ptolemy/actor/lib/test/auto/SwitchDE.xml
2 ms. Memory: 1782784K Free: 1490877K (84%)
----------------- Invoking toplevel() on ptolemy.moml.MoMLSimpleApplication@1e3a14f8
----------------- Done invoking toplevel() on ptolemy.moml.MoMLSimpleApplication@1e3a14f8
reloadAllAccessors: .SwitchDE

===========================================================================================
----------------- testing Tue Nov 20 02:47:36 UTC 2018 /home/travis/build/icyphy/ptII/ptolemy/actor/lib/test/auto/SynchronizerDE.xml
----------------- Instantiating /home/travis/build/icyphy/ptII/ptolemy/actor/lib/test/auto/SynchronizerDE.xml
8 ms. Memory: 1782784K Free: 1469905K (82%)
----------------- Invoking toplevel() on ptolemy.moml.MoMLSimpleApplication@50d5f8b3
----------------- Done invoking toplevel() on ptolemy.moml.MoMLSimpleApplication@50d5f8b3
reloadAllAccessors: .SynchronizerDE

===========================================================================================
----------------- testing Tue Nov 20 02:47:36 UTC 2018 /home/travis/build/icyphy/ptII/ptolemy/actor/lib/test/auto/Test.xml
----------------- Instantiating /home/travis/build/icyphy/ptII/ptolemy/actor/lib/test/auto/Test.xml
2 ms. Memory: 1782784K Free: 1453245K (82%)
----------------- Invoking toplevel() on ptolemy.moml.MoMLSimpleApplication@718ad7d6
----------------- Done invoking toplevel() on ptolemy.moml.MoMLSimpleApplication@718ad7d6
reloadAllAccessors: .Test

===========================================================================================
----------------- testing Tue Nov 20 02:47:36 UTC 2018 /home/travis/build/icyphy/ptII/ptolemy/actor/lib/test/auto/TestExceptionAttribute1.xml
----------------- Instantiating /home/travis/build/icyphy/ptII/ptolemy/actor/lib/test/auto/TestExceptionAttribute1.xml
1 ms. Memory: 1782784K Free: 1432273K (80%)
----------------- Invoking toplevel() on ptolemy.moml.MoMLSimpleApplication@183395b6
----------------- Done invoking toplevel() on ptolemy.moml.MoMLSimpleApplication@183395b6
reloadAllAccessors: .TestExceptionAttribute1

===========================================================================================
----------------- testing Tue Nov 20 02:47:36 UTC 2018 /home/travis/build/icyphy/ptII/ptolemy/actor/lib/test/auto/TestExceptionAttribute2.xml
----------------- Instantiating /home/travis/build/icyphy/ptII/ptolemy/actor/lib/test/auto/TestExceptionAttribute2.xml
1 ms. Memory: 1782784K Free: 1411302K (79%)
----------------- Invoking toplevel() on ptolemy.moml.MoMLSimpleApplication@66b2a6b2
----------------- Done invoking toplevel() on ptolemy.moml.MoMLSimpleApplication@66b2a6b2
reloadAllAccessors: .TestExceptionAttribute2

===========================================================================================
----------------- testing Tue Nov 20 02:47:36 UTC 2018 /home/travis/build/icyphy/ptII/ptolemy/actor/lib/test/auto/TestExceptionAttribute3.xml
----------------- Instantiating /home/travis/build/icyphy/ptII/ptolemy/actor/lib/test/auto/TestExceptionAttribute3.xml
.TestExceptionAttribute3.TestExceptionAttribute: initialize() was not invoked, but wrapup() was.  This is unusual, but not always a problem.  For example, exporting JNLP will do this.
1 ms. Memory: 1782784K Free: 1394641K (78%)
----------------- Invoking toplevel() on ptolemy.moml.MoMLSimpleApplication@6c8548b5
----------------- Done invoking toplevel() on ptolemy.moml.MoMLSimpleApplication@6c8548b5
reloadAllAccessors: .TestExceptionAttribute3

===========================================================================================
----------------- testing Tue Nov 20 02:47:36 UTC 2018 /home/travis/build/icyphy/ptII/ptolemy/actor/lib/test/auto/TestExceptionAttribute4.xml
----------------- Instantiating /home/travis/build/icyphy/ptII/ptolemy/actor/lib/test/auto/TestExceptionAttribute4.xml
.TestExceptionAttribute4.TestExceptionAttribute: initialize() was not invoked, but wrapup() was.  This is unusual, but not always a problem.  For example, exporting JNLP will do this.
.TestExceptionAttribute4.TestExceptionAttribute2: initialize() was not invoked, but wrapup() was.  This is unusual, but not always a problem.  For example, exporting JNLP will do this.
1 ms. Memory: 1782784K Free: 1373670K (77%)
----------------- Invoking toplevel() on ptolemy.moml.MoMLSimpleApplication@1fb92f74
----------------- Done invoking toplevel() on ptolemy.moml.MoMLSimpleApplication@1fb92f74
reloadAllAccessors: .TestExceptionAttribute4

===========================================================================================
----------------- testing Tue Nov 20 02:47:36 UTC 2018 /home/travis/build/icyphy/ptII/ptolemy/actor/lib/test/auto/TestExceptionHandler1.xml
----------------- Instantiating /home/travis/build/icyphy/ptII/ptolemy/actor/lib/test/auto/TestExceptionHandler1.xml
1 ms. Memory: 1782784K Free: 1357009K (76%)
----------------- Invoking toplevel() on ptolemy.moml.MoMLSimpleApplication@8110df1
----------------- Done invoking toplevel() on ptolemy.moml.MoMLSimpleApplication@8110df1
reloadAllAccessors: .TestExceptionHandler1

===========================================================================================
----------------- testing Tue Nov 20 02:47:36 UTC 2018 /home/travis/build/icyphy/ptII/ptolemy/actor/lib/test/auto/TestExceptionHandler2.xml
----------------- Instantiating /home/travis/build/icyphy/ptII/ptolemy/actor/lib/test/auto/TestExceptionHandler2.xml
1 ms. Memory: 1782784K Free: 1336037K (75%)
----------------- Invoking toplevel() on ptolemy.moml.MoMLSimpleApplication@65a3d29d
----------------- Done invoking toplevel() on ptolemy.moml.MoMLSimpleApplication@65a3d29d
reloadAllAccessors: .TestExceptionHandler2

===========================================================================================
----------------- testing Tue Nov 20 02:47:37 UTC 2018 /home/travis/build/icyphy/ptII/ptolemy/actor/lib/test/auto/TestExceptionHandler3.xml
----------------- Instantiating /home/travis/build/icyphy/ptII/ptolemy/actor/lib/test/auto/TestExceptionHandler3.xml
0 ms. Memory: 1782784K Free: 1319377K (74%)
----------------- Invoking toplevel() on ptolemy.moml.MoMLSimpleApplication@437976c9
----------------- Done invoking toplevel() on ptolemy.moml.MoMLSimpleApplication@437976c9
reloadAllAccessors: .TestExceptionHandler3

===========================================================================================
----------------- testing Tue Nov 20 02:47:37 UTC 2018 /home/travis/build/icyphy/ptII/ptolemy/actor/lib/test/auto/TestExceptionHandler4.xml
----------------- Instantiating /home/travis/build/icyphy/ptII/ptolemy/actor/lib/test/auto/TestExceptionHandler4.xml
0 ms. Memory: 1782784K Free: 1298405K (73%)
----------------- Invoking toplevel() on ptolemy.moml.MoMLSimpleApplication@557afaf4
----------------- Done invoking toplevel() on ptolemy.moml.MoMLSimpleApplication@557afaf4
reloadAllAccessors: .TestExceptionHandler4

===========================================================================================
----------------- testing Tue Nov 20 02:47:37 UTC 2018 /home/travis/build/icyphy/ptII/ptolemy/actor/lib/test/auto/TestRequireCorrectOrder.xml
----------------- Instantiating /home/travis/build/icyphy/ptII/ptolemy/actor/lib/test/auto/TestRequireCorrectOrder.xml
4 ms. Memory: 1782784K Free: 1277434K (72%)
----------------- Invoking toplevel() on ptolemy.moml.MoMLSimpleApplication@35f53c62
----------------- Done invoking toplevel() on ptolemy.moml.MoMLSimpleApplication@35f53c62
reloadAllAccessors: .TestRequireCorrectOrder

===========================================================================================
----------------- testing Tue Nov 20 02:47:37 UTC 2018 /home/travis/build/icyphy/ptII/ptolemy/actor/lib/test/auto/TestSimple.xml
----------------- Instantiating /home/travis/build/icyphy/ptII/ptolemy/actor/lib/test/auto/TestSimple.xml
1 ms. Memory: 1782784K Free: 1260773K (71%)
----------------- Invoking toplevel() on ptolemy.moml.MoMLSimpleApplication@7c52bffd
----------------- Done invoking toplevel() on ptolemy.moml.MoMLSimpleApplication@7c52bffd
reloadAllAccessors: .TestSimple

===========================================================================================
----------------- testing Tue Nov 20 02:47:37 UTC 2018 /home/travis/build/icyphy/ptII/ptolemy/actor/lib/test/auto/ThrowModelError.xml
----------------- Instantiating /home/travis/build/icyphy/ptII/ptolemy/actor/lib/test/auto/ThrowModelError.xml
1 ms. Memory: 1782784K Free: 1239802K (70%)
----------------- Invoking toplevel() on ptolemy.moml.MoMLSimpleApplication@46e4c27b
----------------- Done invoking toplevel() on ptolemy.moml.MoMLSimpleApplication@46e4c27b
reloadAllAccessors: .ThrowModelError

===========================================================================================
----------------- testing Tue Nov 20 02:47:37 UTC 2018 /home/travis/build/icyphy/ptII/ptolemy/actor/lib/test/auto/TimeDelayMicrosteps.xml
----------------- Instantiating /home/travis/build/icyphy/ptII/ptolemy/actor/lib/test/auto/TimeDelayMicrosteps.xml
2 ms. Memory: 1782784K Free: 1223141K (69%)
----------------- Invoking toplevel() on ptolemy.moml.MoMLSimpleApplication@58f94375
----------------- Done invoking toplevel() on ptolemy.moml.MoMLSimpleApplication@58f94375
reloadAllAccessors: .TimeDelayMicrosteps

===========================================================================================
----------------- testing Tue Nov 20 02:47:37 UTC 2018 /home/travis/build/icyphy/ptII/ptolemy/actor/lib/test/auto/TimeDelayMicrosteps2.xml
----------------- Instantiating /home/travis/build/icyphy/ptII/ptolemy/actor/lib/test/auto/TimeDelayMicrosteps2.xml
3 ms. Memory: 1782784K Free: 1202170K (67%)
----------------- Invoking toplevel() on ptolemy.moml.MoMLSimpleApplication@32803b25
----------------- Done invoking toplevel() on ptolemy.moml.MoMLSimpleApplication@32803b25
reloadAllAccessors: .TimeDelayMicrosteps2

===========================================================================================
----------------- testing Tue Nov 20 02:47:37 UTC 2018 /home/travis/build/icyphy/ptII/ptolemy/actor/lib/test/auto/TimeDelayMicrosteps3.xml
----------------- Instantiating /home/travis/build/icyphy/ptII/ptolemy/actor/lib/test/auto/TimeDelayMicrosteps3.xml
3 ms. Memory: 1782784K Free: 1185509K (66%)
----------------- Invoking toplevel() on ptolemy.moml.MoMLSimpleApplication@5479337e
----------------- Done invoking toplevel() on ptolemy.moml.MoMLSimpleApplication@5479337e
reloadAllAccessors: .TimeDelayMicrosteps3

===========================================================================================
----------------- testing Tue Nov 20 02:47:37 UTC 2018 /home/travis/build/icyphy/ptII/ptolemy/actor/lib/test/auto/TimeDelayVariableMicrosteps.xml
----------------- Instantiating /home/travis/build/icyphy/ptII/ptolemy/actor/lib/test/auto/TimeDelayVariableMicrosteps.xml
2 ms. Memory: 1782784K Free: 1164538K (65%)
----------------- Invoking toplevel() on ptolemy.moml.MoMLSimpleApplication@5a24b324
----------------- Done invoking toplevel() on ptolemy.moml.MoMLSimpleApplication@5a24b324
reloadAllAccessors: .TimeDelayVariableMicrosteps

===========================================================================================
----------------- testing Tue Nov 20 02:47:37 UTC 2018 /home/travis/build/icyphy/ptII/ptolemy/actor/lib/test/auto/TimeGap.xml
----------------- Instantiating /home/travis/build/icyphy/ptII/ptolemy/actor/lib/test/auto/TimeGap.xml
1 ms. Memory: 1782784K Free: 1143566K (64%)
----------------- Invoking toplevel() on ptolemy.moml.MoMLSimpleApplication@230ffa57
----------------- Done invoking toplevel() on ptolemy.moml.MoMLSimpleApplication@230ffa57
reloadAllAccessors: .TimeGap

===========================================================================================
----------------- testing Tue Nov 20 02:47:37 UTC 2018 /home/travis/build/icyphy/ptII/ptolemy/actor/lib/test/auto/TimeGap2.xml
----------------- Instantiating /home/travis/build/icyphy/ptII/ptolemy/actor/lib/test/auto/TimeGap2.xml
2 ms. Memory: 1782784K Free: 1126906K (63%)
----------------- Invoking toplevel() on ptolemy.moml.MoMLSimpleApplication@7cb6879c
----------------- Done invoking toplevel() on ptolemy.moml.MoMLSimpleApplication@7cb6879c
reloadAllAccessors: .TimeGap2

===========================================================================================
----------------- testing Tue Nov 20 02:47:37 UTC 2018 /home/travis/build/icyphy/ptII/ptolemy/actor/lib/test/auto/TimedSinewave.xml
----------------- Instantiating /home/travis/build/icyphy/ptII/ptolemy/actor/lib/test/auto/TimedSinewave.xml
12 ms. Memory: 1782784K Free: 1097604K (62%)
----------------- Invoking toplevel() on ptolemy.moml.MoMLSimpleApplication@5761c86c
----------------- Done invoking toplevel() on ptolemy.moml.MoMLSimpleApplication@5761c86c
reloadAllAccessors: .TimedSinewave

===========================================================================================
----------------- testing Tue Nov 20 02:47:37 UTC 2018 /home/travis/build/icyphy/ptII/ptolemy/actor/lib/test/auto/TimedSinewavePhase.xml
----------------- Instantiating /home/travis/build/icyphy/ptII/ptolemy/actor/lib/test/auto/TimedSinewavePhase.xml
6 ms. Memory: 1782784K Free: 1080943K (61%)
----------------- Invoking toplevel() on ptolemy.moml.MoMLSimpleApplication@4790a967
----------------- Done invoking toplevel() on ptolemy.moml.MoMLSimpleApplication@4790a967
reloadAllAccessors: .TimedSinewavePhase

===========================================================================================
----------------- testing Tue Nov 20 02:47:37 UTC 2018 /home/travis/build/icyphy/ptII/ptolemy/actor/lib/test/auto/Timer.xml
----------------- Instantiating /home/travis/build/icyphy/ptII/ptolemy/actor/lib/test/auto/Timer.xml
1 ms. Memory: 1782784K Free: 1059972K (59%)
----------------- Invoking toplevel() on ptolemy.moml.MoMLSimpleApplication@1ba09cbe
----------------- Done invoking toplevel() on ptolemy.moml.MoMLSimpleApplication@1ba09cbe
reloadAllAccessors: .Timer

===========================================================================================
----------------- testing Tue Nov 20 02:47:37 UTC 2018 /home/travis/build/icyphy/ptII/ptolemy/actor/lib/test/auto/TriangularDistTestModel.xml
----------------- Instantiating /home/travis/build/icyphy/ptII/ptolemy/actor/lib/test/auto/TriangularDistTestModel.xml
1 ms. Memory: 1782784K Free: 1039000K (58%)
----------------- Invoking toplevel() on ptolemy.moml.MoMLSimpleApplication@408a719d
----------------- Done invoking toplevel() on ptolemy.moml.MoMLSimpleApplication@408a719d
reloadAllAccessors: .TriangularDistTestModel

===========================================================================================
----------------- testing Tue Nov 20 02:47:37 UTC 2018 /home/travis/build/icyphy/ptII/ptolemy/actor/lib/test/auto/TrigFunction.xml
----------------- Instantiating /home/travis/build/icyphy/ptII/ptolemy/actor/lib/test/auto/TrigFunction.xml
2 ms. Memory: 1782784K Free: 1022340K (57%)
----------------- Invoking toplevel() on ptolemy.moml.MoMLSimpleApplication@1905a85f
----------------- Done invoking toplevel() on ptolemy.moml.MoMLSimpleApplication@1905a85f
reloadAllAccessors: .TrigFunction

===========================================================================================
----------------- testing Tue Nov 20 02:47:37 UTC 2018 /home/travis/build/icyphy/ptII/ptolemy/actor/lib/test/auto/TrigFunctionDE.xml
----------------- Instantiating /home/travis/build/icyphy/ptII/ptolemy/actor/lib/test/auto/TrigFunctionDE.xml
1 ms. Memory: 1782784K Free: 1001368K (56%)
----------------- Invoking toplevel() on ptolemy.moml.MoMLSimpleApplication@49e54283
----------------- Done invoking toplevel() on ptolemy.moml.MoMLSimpleApplication@49e54283
reloadAllAccessors: .TrigFunctionDE

===========================================================================================
----------------- testing Tue Nov 20 02:47:37 UTC 2018 /home/travis/build/icyphy/ptII/ptolemy/actor/lib/test/auto/TrigFunctionInverse.xml
----------------- Instantiating /home/travis/build/icyphy/ptII/ptolemy/actor/lib/test/auto/TrigFunctionInverse.xml
2 ms. Memory: 1782784K Free: 984708K (55%)
----------------- Invoking toplevel() on ptolemy.moml.MoMLSimpleApplication@1e64eb71
----------------- Done invoking toplevel() on ptolemy.moml.MoMLSimpleApplication@1e64eb71
reloadAllAccessors: .TrigFunctionInverse

===========================================================================================
----------------- testing Tue Nov 20 02:47:37 UTC 2018 /home/travis/build/icyphy/ptII/ptolemy/actor/lib/test/auto/TrigFunctionTan.xml
----------------- Instantiating /home/travis/build/icyphy/ptII/ptolemy/actor/lib/test/auto/TrigFunctionTan.xml
1 ms. Memory: 1782784K Free: 963736K (54%)
----------------- Invoking toplevel() on ptolemy.moml.MoMLSimpleApplication@35d6c7fd
----------------- Done invoking toplevel() on ptolemy.moml.MoMLSimpleApplication@35d6c7fd
reloadAllAccessors: .TrigFunctionTan

===========================================================================================
----------------- testing Tue Nov 20 02:47:37 UTC 2018 /home/travis/build/icyphy/ptII/ptolemy/actor/lib/test/auto/TriggeredClock.xml
----------------- Instantiating /home/travis/build/icyphy/ptII/ptolemy/actor/lib/test/auto/TriggeredClock.xml
1 ms. Memory: 1782784K Free: 947075K (53%)
----------------- Invoking toplevel() on ptolemy.moml.MoMLSimpleApplication@6829abc2
----------------- Done invoking toplevel() on ptolemy.moml.MoMLSimpleApplication@6829abc2
reloadAllAccessors: .TriggeredClock

===========================================================================================
----------------- testing Tue Nov 20 02:47:37 UTC 2018 /home/travis/build/icyphy/ptII/ptolemy/actor/lib/test/auto/URLDirectoryReader.xml
----------------- Instantiating /home/travis/build/icyphy/ptII/ptolemy/actor/lib/test/auto/URLDirectoryReader.xml
26 ms. Memory: 1782784K Free: 926104K (52%)
----------------- Invoking toplevel() on ptolemy.moml.MoMLSimpleApplication@7f606858
----------------- Done invoking toplevel() on ptolemy.moml.MoMLSimpleApplication@7f606858
reloadAllAccessors: .URLDirectoryReader

===========================================================================================
----------------- testing Tue Nov 20 02:47:37 UTC 2018 /home/travis/build/icyphy/ptII/ptolemy/actor/lib/test/auto/URLDirectoryReader3.xml
----------------- Instantiating /home/travis/build/icyphy/ptII/ptolemy/actor/lib/test/auto/URLDirectoryReader3.xml
1186 ms. Memory: 1782784K Free: 855150K (48%)
----------------- Invoking toplevel() on ptolemy.moml.MoMLSimpleApplication@53a4fe8d
----------------- Done invoking toplevel() on ptolemy.moml.MoMLSimpleApplication@53a4fe8d
reloadAllAccessors: .URLDirectoryReader3

===========================================================================================
----------------- testing Tue Nov 20 02:47:38 UTC 2018 /home/travis/build/icyphy/ptII/ptolemy/actor/lib/test/auto/UnaryMathFunction.xml
----------------- Instantiating /home/travis/build/icyphy/ptII/ptolemy/actor/lib/test/auto/UnaryMathFunction.xml
10 ms. Memory: 1782784K Free: 838490K (47%)
----------------- Invoking toplevel() on ptolemy.moml.MoMLSimpleApplication@5b12ebc3
----------------- Done invoking toplevel() on ptolemy.moml.MoMLSimpleApplication@5b12ebc3
reloadAllAccessors: .UnaryMathFunction

===========================================================================================
----------------- testing Tue Nov 20 02:47:38 UTC 2018 /home/travis/build/icyphy/ptII/ptolemy/actor/lib/test/auto/Uniform.xml
----------------- Instantiating /home/travis/build/icyphy/ptII/ptolemy/actor/lib/test/auto/Uniform.xml
5 ms. Memory: 1782784K Free: 817518K (46%)
----------------- Invoking toplevel() on ptolemy.moml.MoMLSimpleApplication@50d8ddd1
----------------- Done invoking toplevel() on ptolemy.moml.MoMLSimpleApplication@50d8ddd1
reloadAllAccessors: .Uniform

===========================================================================================
----------------- testing Tue Nov 20 02:47:38 UTC 2018 /home/travis/build/icyphy/ptII/ptolemy/actor/lib/test/auto/UnionDisassemblerTest.xml
----------------- Instantiating /home/travis/build/icyphy/ptII/ptolemy/actor/lib/test/auto/UnionDisassemblerTest.xml
17 ms. Memory: 1782784K Free: 800858K (45%)
----------------- Invoking toplevel() on ptolemy.moml.MoMLSimpleApplication@594b3162
----------------- Done invoking toplevel() on ptolemy.moml.MoMLSimpleApplication@594b3162
reloadAllAccessors: .UnionDisassemblerTest

===========================================================================================
----------------- testing Tue Nov 20 02:47:39 UTC 2018 /home/travis/build/icyphy/ptII/ptolemy/actor/lib/test/auto/UtilityFunctions.xml
----------------- Instantiating /home/travis/build/icyphy/ptII/ptolemy/actor/lib/test/auto/UtilityFunctions.xml
4 ms. Memory: 1782784K Free: 779886K (44%)
----------------- Invoking toplevel() on ptolemy.moml.MoMLSimpleApplication@4331d3bc
----------------- Done invoking toplevel() on ptolemy.moml.MoMLSimpleApplication@4331d3bc
reloadAllAccessors: .UtilityFunctions

===========================================================================================
----------------- testing Tue Nov 20 02:47:39 UTC 2018 /home/travis/build/icyphy/ptII/ptolemy/actor/lib/test/auto/VariableSleep.xml
----------------- Instantiating /home/travis/build/icyphy/ptII/ptolemy/actor/lib/test/auto/VariableSleep.xml
515 ms. Memory: 1782784K Free: 758914K (43%)
----------------- Invoking toplevel() on ptolemy.moml.MoMLSimpleApplication@6ff605ee
----------------- Done invoking toplevel() on ptolemy.moml.MoMLSimpleApplication@6ff605ee
reloadAllAccessors: .VariableSleep

===========================================================================================
----------------- testing Tue Nov 20 02:47:39 UTC 2018 /home/travis/build/icyphy/ptII/ptolemy/actor/lib/test/auto/VectorAssemblerDisassemblerCT.xml
----------------- Instantiating /home/travis/build/icyphy/ptII/ptolemy/actor/lib/test/auto/VectorAssemblerDisassemblerCT.xml
80 ms. Memory: 1782784K Free: 725585K (41%)
----------------- Invoking toplevel() on ptolemy.moml.MoMLSimpleApplication@5299cfa
----------------- Done invoking toplevel() on ptolemy.moml.MoMLSimpleApplication@5299cfa
reloadAllAccessors: .VectorAssemblerDisassemblerCT

===========================================================================================
----------------- testing Tue Nov 20 02:47:39 UTC 2018 /home/travis/build/icyphy/ptII/ptolemy/actor/lib/test/auto/VectorAssemblerDisassemblerDE.xml
----------------- Instantiating /home/travis/build/icyphy/ptII/ptolemy/actor/lib/test/auto/VectorAssemblerDisassemblerDE.xml
5 ms. Memory: 1782784K Free: 704614K (40%)
----------------- Invoking toplevel() on ptolemy.moml.MoMLSimpleApplication@5fd4de6e
----------------- Done invoking toplevel() on ptolemy.moml.MoMLSimpleApplication@5fd4de6e
reloadAllAccessors: .VectorAssemblerDisassemblerDE

===========================================================================================
----------------- testing Tue Nov 20 02:47:39 UTC 2018 /home/travis/build/icyphy/ptII/ptolemy/actor/lib/test/auto/VectorAssemblerDisassemblerSDF.xml
----------------- Instantiating /home/travis/build/icyphy/ptII/ptolemy/actor/lib/test/auto/VectorAssemblerDisassemblerSDF.xml
3 ms. Memory: 1782784K Free: 687953K (39%)
----------------- Invoking toplevel() on ptolemy.moml.MoMLSimpleApplication@2a349bfe
----------------- Done invoking toplevel() on ptolemy.moml.MoMLSimpleApplication@2a349bfe
reloadAllAccessors: .VectorAssemblerDisassemblerSDF

===========================================================================================
----------------- testing Tue Nov 20 02:47:39 UTC 2018 /home/travis/build/icyphy/ptII/ptolemy/actor/lib/test/auto/WallClockTime.xml
----------------- Instantiating /home/travis/build/icyphy/ptII/ptolemy/actor/lib/test/auto/WallClockTime.xml
1005 ms. Memory: 1782784K Free: 666982K (37%)
----------------- Invoking toplevel() on ptolemy.moml.MoMLSimpleApplication@48dedc51
----------------- Done invoking toplevel() on ptolemy.moml.MoMLSimpleApplication@48dedc51
reloadAllAccessors: .WallClockTime

===========================================================================================
----------------- testing Tue Nov 20 02:47:40 UTC 2018 /home/travis/build/icyphy/ptII/ptolemy/actor/lib/test/auto/WidthTestWithSubscriberPublisher.xml
----------------- Instantiating /home/travis/build/icyphy/ptII/ptolemy/actor/lib/test/auto/WidthTestWithSubscriberPublisher.xml
6 ms. Memory: 1782784K Free: 637680K (36%)
----------------- Invoking toplevel() on ptolemy.moml.MoMLSimpleApplication@1926fe6b
----------------- Done invoking toplevel() on ptolemy.moml.MoMLSimpleApplication@1926fe6b
reloadAllAccessors: .WidthTestWithSubscriberPublisher

===========================================================================================
----------------- testing Tue Nov 20 02:47:40 UTC 2018 /home/travis/build/icyphy/ptII/ptolemy/actor/lib/test/auto/WidthTestWithSubscriberPublisher2.xml
----------------- Instantiating /home/travis/build/icyphy/ptII/ptolemy/actor/lib/test/auto/WidthTestWithSubscriberPublisher2.xml
2 ms. Memory: 1782784K Free: 621019K (35%)
----------------- Invoking toplevel() on ptolemy.moml.MoMLSimpleApplication@3ed5cd8f
----------------- Done invoking toplevel() on ptolemy.moml.MoMLSimpleApplication@3ed5cd8f
reloadAllAccessors: .WidthTestWithSubscriberPublisher2

===========================================================================================
----------------- testing Tue Nov 20 02:47:40 UTC 2018 /home/travis/build/icyphy/ptII/ptolemy/actor/lib/test/auto/WidthTestWithSubscriberPublisher3.xml
----------------- Instantiating /home/travis/build/icyphy/ptII/ptolemy/actor/lib/test/auto/WidthTestWithSubscriberPublisher3.xml
1 ms. Memory: 1782784K Free: 600047K (34%)
----------------- Invoking toplevel() on ptolemy.moml.MoMLSimpleApplication@14c699ba
----------------- Done invoking toplevel() on ptolemy.moml.MoMLSimpleApplication@14c699ba
reloadAllAccessors: .WidthTestWithSubscriberPublisher3

===========================================================================================
----------------- testing Tue Nov 20 02:47:40 UTC 2018 /home/travis/build/icyphy/ptII/ptolemy/actor/lib/test/auto/Writer.xml
----------------- Instantiating /home/travis/build/icyphy/ptII/ptolemy/actor/lib/test/auto/Writer.xml
0
1
2
3
4
1 ms. Memory: 1782784K Free: 583387K (33%)
----------------- Invoking toplevel() on ptolemy.moml.MoMLSimpleApplication@1e05c6d4
----------------- Done invoking toplevel() on ptolemy.moml.MoMLSimpleApplication@1e05c6d4
reloadAllAccessors: .Writer

===========================================================================================
----------------- testing Tue Nov 20 02:47:40 UTC 2018 /home/travis/build/icyphy/ptII/ptolemy/actor/lib/test/auto/array.xml
----------------- Instantiating /home/travis/build/icyphy/ptII/ptolemy/actor/lib/test/auto/array.xml
1 ms. Memory: 1782784K Free: 562415K (32%)
----------------- Invoking toplevel() on ptolemy.moml.MoMLSimpleApplication@3aebfa79
----------------- Done invoking toplevel() on ptolemy.moml.MoMLSimpleApplication@3aebfa79
reloadAllAccessors: .array

===========================================================================================
----------------- testing Tue Nov 20 02:47:40 UTC 2018 /home/travis/build/icyphy/ptII/ptolemy/actor/lib/test/auto/array2.xml
----------------- Instantiating /home/travis/build/icyphy/ptII/ptolemy/actor/lib/test/auto/array2.xml
1 ms. Memory: 1782784K Free: 545755K (31%)
----------------- Invoking toplevel() on ptolemy.moml.MoMLSimpleApplication@25a1dde0
----------------- Done invoking toplevel() on ptolemy.moml.MoMLSimpleApplication@25a1dde0
reloadAllAccessors: .array2

===========================================================================================
----------------- testing Tue Nov 20 02:47:40 UTC 2018 /home/travis/build/icyphy/ptII/ptolemy/actor/lib/test/auto/arrayType.xml
----------------- Instantiating /home/travis/build/icyphy/ptII/ptolemy/actor/lib/test/auto/arrayType.xml
2 ms. Memory: 1782784K Free: 524783K (29%)
----------------- Invoking toplevel() on ptolemy.moml.MoMLSimpleApplication@573f6bcb
----------------- Done invoking toplevel() on ptolemy.moml.MoMLSimpleApplication@573f6bcb
reloadAllAccessors: .arrayType

===========================================================================================
----------------- testing Tue Nov 20 02:47:40 UTC 2018 /home/travis/build/icyphy/ptII/ptolemy/actor/lib/test/auto/arrayType10.xml
----------------- Instantiating /home/travis/build/icyphy/ptII/ptolemy/actor/lib/test/auto/arrayType10.xml
1 ms. Memory: 1782784K Free: 503811K (28%)
----------------- Invoking toplevel() on ptolemy.moml.MoMLSimpleApplication@1a54b907
----------------- Done invoking toplevel() on ptolemy.moml.MoMLSimpleApplication@1a54b907
reloadAllAccessors: .arrayType10

===========================================================================================
----------------- testing Tue Nov 20 02:47:40 UTC 2018 /home/travis/build/icyphy/ptII/ptolemy/actor/lib/test/auto/arrayType11.xml
----------------- Instantiating /home/travis/build/icyphy/ptII/ptolemy/actor/lib/test/auto/arrayType11.xml
1 ms. Memory: 1782784K Free: 487151K (27%)
----------------- Invoking toplevel() on ptolemy.moml.MoMLSimpleApplication@73e9ed85
----------------- Done invoking toplevel() on ptolemy.moml.MoMLSimpleApplication@73e9ed85
reloadAllAccessors: .arrayType11

===========================================================================================
----------------- testing Tue Nov 20 02:47:40 UTC 2018 /home/travis/build/icyphy/ptII/ptolemy/actor/lib/test/auto/arrayType12.xml
----------------- Instantiating /home/travis/build/icyphy/ptII/ptolemy/actor/lib/test/auto/arrayType12.xml
2 ms. Memory: 1782784K Free: 466179K (26%)
----------------- Invoking toplevel() on ptolemy.moml.MoMLSimpleApplication@638532f8
----------------- Done invoking toplevel() on ptolemy.moml.MoMLSimpleApplication@638532f8
reloadAllAccessors: .arrayType12

===========================================================================================
----------------- testing Tue Nov 20 02:47:40 UTC 2018 /home/travis/build/icyphy/ptII/ptolemy/actor/lib/test/auto/arrayType13.xml
----------------- Instantiating /home/travis/build/icyphy/ptII/ptolemy/actor/lib/test/auto/arrayType13.xml
1 ms. Memory: 1782784K Free: 449519K (25%)
----------------- Invoking toplevel() on ptolemy.moml.MoMLSimpleApplication@3d435dbd
----------------- Done invoking toplevel() on ptolemy.moml.MoMLSimpleApplication@3d435dbd
reloadAllAccessors: .arrayType13

===========================================================================================
----------------- testing Tue Nov 20 02:47:41 UTC 2018 /home/travis/build/icyphy/ptII/ptolemy/actor/lib/test/auto/arrayType14.xml
----------------- Instantiating /home/travis/build/icyphy/ptII/ptolemy/actor/lib/test/auto/arrayType14.xml
2 ms. Memory: 1782784K Free: 428547K (24%)
----------------- Invoking toplevel() on ptolemy.moml.MoMLSimpleApplication@29e8ab4d
----------------- Done invoking toplevel() on ptolemy.moml.MoMLSimpleApplication@29e8ab4d
reloadAllAccessors: .arrayType14

===========================================================================================
----------------- testing Tue Nov 20 02:47:41 UTC 2018 /home/travis/build/icyphy/ptII/ptolemy/actor/lib/test/auto/arrayType15.xml
----------------- Instantiating /home/travis/build/icyphy/ptII/ptolemy/actor/lib/test/auto/arrayType15.xml
2 ms. Memory: 1782784K Free: 407575K (23%)
----------------- Invoking toplevel() on ptolemy.moml.MoMLSimpleApplication@727c9a4e
----------------- Done invoking toplevel() on ptolemy.moml.MoMLSimpleApplication@727c9a4e
reloadAllAccessors: .arrayType15

===========================================================================================
----------------- testing Tue Nov 20 02:47:41 UTC 2018 /home/travis/build/icyphy/ptII/ptolemy/actor/lib/test/auto/arrayType16.xml
----------------- Instantiating /home/travis/build/icyphy/ptII/ptolemy/actor/lib/test/auto/arrayType16.xml
2 ms. Memory: 1782784K Free: 390915K (22%)
----------------- Invoking toplevel() on ptolemy.moml.MoMLSimpleApplication@7032d231
----------------- Done invoking toplevel() on ptolemy.moml.MoMLSimpleApplication@7032d231
reloadAllAccessors: .arrayType16

===========================================================================================
----------------- testing Tue Nov 20 02:47:41 UTC 2018 /home/travis/build/icyphy/ptII/ptolemy/actor/lib/test/auto/arrayType17.xml
----------------- Instantiating /home/travis/build/icyphy/ptII/ptolemy/actor/lib/test/auto/arrayType17.xml
1 ms. Memory: 1782784K Free: 369943K (21%)
----------------- Invoking toplevel() on ptolemy.moml.MoMLSimpleApplication@73355c44
----------------- Done invoking toplevel() on ptolemy.moml.MoMLSimpleApplication@73355c44
reloadAllAccessors: .arrayType17

===========================================================================================
----------------- testing Tue Nov 20 02:47:41 UTC 2018 /home/travis/build/icyphy/ptII/ptolemy/actor/lib/test/auto/arrayType18.xml
----------------- Instantiating /home/travis/build/icyphy/ptII/ptolemy/actor/lib/test/auto/arrayType18.xml
1 ms. Memory: 1782784K Free: 353283K (20%)
----------------- Invoking toplevel() on ptolemy.moml.MoMLSimpleApplication@7d687290
----------------- Done invoking toplevel() on ptolemy.moml.MoMLSimpleApplication@7d687290
reloadAllAccessors: .arrayType18

===========================================================================================
----------------- testing Tue Nov 20 02:47:41 UTC 2018 /home/travis/build/icyphy/ptII/ptolemy/actor/lib/test/auto/arrayType19.xml
----------------- Instantiating /home/travis/build/icyphy/ptII/ptolemy/actor/lib/test/auto/arrayType19.xml
1 ms. Memory: 1782784K Free: 332311K (19%)
----------------- Invoking toplevel() on ptolemy.moml.MoMLSimpleApplication@72c70d8c
----------------- Done invoking toplevel() on ptolemy.moml.MoMLSimpleApplication@72c70d8c
reloadAllAccessors: .arrayType19

===========================================================================================
----------------- testing Tue Nov 20 02:47:41 UTC 2018 /home/travis/build/icyphy/ptII/ptolemy/actor/lib/test/auto/arrayType2.xml
----------------- Instantiating /home/travis/build/icyphy/ptII/ptolemy/actor/lib/test/auto/arrayType2.xml
1 ms. Memory: 1782784K Free: 311339K (17%)
----------------- Invoking toplevel() on ptolemy.moml.MoMLSimpleApplication@7667626e
----------------- Done invoking toplevel() on ptolemy.moml.MoMLSimpleApplication@7667626e
reloadAllAccessors: .arrayType2

===========================================================================================
----------------- testing Tue Nov 20 02:47:41 UTC 2018 /home/travis/build/icyphy/ptII/ptolemy/actor/lib/test/auto/arrayType20.xml
----------------- Instantiating /home/travis/build/icyphy/ptII/ptolemy/actor/lib/test/auto/arrayType20.xml
2 ms. Memory: 1782784K Free: 294679K (17%)
----------------- Invoking toplevel() on ptolemy.moml.MoMLSimpleApplication@13fa1b24
----------------- Done invoking toplevel() on ptolemy.moml.MoMLSimpleApplication@13fa1b24
reloadAllAccessors: .arrayType20

===========================================================================================
----------------- testing Tue Nov 20 02:47:41 UTC 2018 /home/travis/build/icyphy/ptII/ptolemy/actor/lib/test/auto/arrayType21.xml
----------------- Instantiating /home/travis/build/icyphy/ptII/ptolemy/actor/lib/test/auto/arrayType21.xml
1 ms. Memory: 1782784K Free: 273707K (15%)
----------------- Invoking toplevel() on ptolemy.moml.MoMLSimpleApplication@16be1dfa
----------------- Done invoking toplevel() on ptolemy.moml.MoMLSimpleApplication@16be1dfa
reloadAllAccessors: .arrayType21

===========================================================================================
----------------- testing Tue Nov 20 02:47:41 UTC 2018 /home/travis/build/icyphy/ptII/ptolemy/actor/lib/test/auto/arrayType22.xml
----------------- Instantiating /home/travis/build/icyphy/ptII/ptolemy/actor/lib/test/auto/arrayType22.xml
1 ms. Memory: 1782784K Free: 257047K (14%)
----------------- Invoking toplevel() on ptolemy.moml.MoMLSimpleApplication@279c8fe3
----------------- Done invoking toplevel() on ptolemy.moml.MoMLSimpleApplication@279c8fe3
reloadAllAccessors: .arrayType22

===========================================================================================
----------------- testing Tue Nov 20 02:47:41 UTC 2018 /home/travis/build/icyphy/ptII/ptolemy/actor/lib/test/auto/arrayType23.xml
----------------- Instantiating /home/travis/build/icyphy/ptII/ptolemy/actor/lib/test/auto/arrayType23.xml
1 ms. Memory: 1782784K Free: 236075K (13%)
----------------- Invoking toplevel() on ptolemy.moml.MoMLSimpleApplication@665dcff3
----------------- Done invoking toplevel() on ptolemy.moml.MoMLSimpleApplication@665dcff3
reloadAllAccessors: .arrayType23

===========================================================================================
----------------- testing Tue Nov 20 02:47:41 UTC 2018 /home/travis/build/icyphy/ptII/ptolemy/actor/lib/test/auto/arrayType24.xml
----------------- Instantiating /home/travis/build/icyphy/ptII/ptolemy/actor/lib/test/auto/arrayType24.xml
2 ms. Memory: 1782784K Free: 215103K (12%)
----------------- Invoking toplevel() on ptolemy.moml.MoMLSimpleApplication@32c61ee5
----------------- Done invoking toplevel() on ptolemy.moml.MoMLSimpleApplication@32c61ee5
reloadAllAccessors: .arrayType24

===========================================================================================
----------------- testing Tue Nov 20 02:47:41 UTC 2018 /home/travis/build/icyphy/ptII/ptolemy/actor/lib/test/auto/arrayType25.xml
----------------- Instantiating /home/travis/build/icyphy/ptII/ptolemy/actor/lib/test/auto/arrayType25.xml
2 ms. Memory: 1782784K Free: 198443K (11%)
----------------- Invoking toplevel() on ptolemy.moml.MoMLSimpleApplication@5c7780bc
----------------- Done invoking toplevel() on ptolemy.moml.MoMLSimpleApplication@5c7780bc
reloadAllAccessors: .arrayType25

===========================================================================================
----------------- testing Tue Nov 20 02:47:41 UTC 2018 /home/travis/build/icyphy/ptII/ptolemy/actor/lib/test/auto/arrayType26.xml
----------------- Instantiating /home/travis/build/icyphy/ptII/ptolemy/actor/lib/test/auto/arrayType26.xml
2 ms. Memory: 1782784K Free: 177471K (10%)
----------------- Invoking toplevel() on ptolemy.moml.MoMLSimpleApplication@345974cc
----------------- Done invoking toplevel() on ptolemy.moml.MoMLSimpleApplication@345974cc
reloadAllAccessors: .arrayType26

===========================================================================================
----------------- testing Tue Nov 20 02:47:41 UTC 2018 /home/travis/build/icyphy/ptII/ptolemy/actor/lib/test/auto/arrayType27.xml
----------------- Instantiating /home/travis/build/icyphy/ptII/ptolemy/actor/lib/test/auto/arrayType27.xml
1 ms. Memory: 1782784K Free: 160810K (9%)
----------------- Invoking toplevel() on ptolemy.moml.MoMLSimpleApplication@7f2e186c
----------------- Done invoking toplevel() on ptolemy.moml.MoMLSimpleApplication@7f2e186c
reloadAllAccessors: .arrayType27

===========================================================================================
----------------- testing Tue Nov 20 02:47:41 UTC 2018 /home/travis/build/icyphy/ptII/ptolemy/actor/lib/test/auto/arrayType28.xml
----------------- Instantiating /home/travis/build/icyphy/ptII/ptolemy/actor/lib/test/auto/arrayType28.xml
4 ms. Memory: 1782784K Free: 139839K (8%)
----------------- Invoking toplevel() on ptolemy.moml.MoMLSimpleApplication@108ee544
----------------- Done invoking toplevel() on ptolemy.moml.MoMLSimpleApplication@108ee544
reloadAllAccessors: .arrayType28

===========================================================================================
----------------- testing Tue Nov 20 02:47:41 UTC 2018 /home/travis/build/icyphy/ptII/ptolemy/actor/lib/test/auto/arrayType3.xml
----------------- Instantiating /home/travis/build/icyphy/ptII/ptolemy/actor/lib/test/auto/arrayType3.xml
4 ms. Memory: 1782784K Free: 118867K (7%)
----------------- Invoking toplevel() on ptolemy.moml.MoMLSimpleApplication@409eae4f
----------------- Done invoking toplevel() on ptolemy.moml.MoMLSimpleApplication@409eae4f
reloadAllAccessors: .arrayType3

===========================================================================================
----------------- testing Tue Nov 20 02:47:41 UTC 2018 /home/travis/build/icyphy/ptII/ptolemy/actor/lib/test/auto/arrayType4.xml
----------------- Instantiating /home/travis/build/icyphy/ptII/ptolemy/actor/lib/test/auto/arrayType4.xml
2 ms. Memory: 1782784K Free: 102207K (6%)
----------------- Invoking toplevel() on ptolemy.moml.MoMLSimpleApplication@2233fa2c
----------------- Done invoking toplevel() on ptolemy.moml.MoMLSimpleApplication@2233fa2c
reloadAllAccessors: .arrayType4

===========================================================================================
----------------- testing Tue Nov 20 02:47:41 UTC 2018 /home/travis/build/icyphy/ptII/ptolemy/actor/lib/test/auto/arrayType5.xml
----------------- Instantiating /home/travis/build/icyphy/ptII/ptolemy/actor/lib/test/auto/arrayType5.xml
1 ms. Memory: 1782784K Free: 81235K (5%)
----------------- Invoking toplevel() on ptolemy.moml.MoMLSimpleApplication@7426648e
----------------- Done invoking toplevel() on ptolemy.moml.MoMLSimpleApplication@7426648e
reloadAllAccessors: .arrayType5

===========================================================================================
----------------- testing Tue Nov 20 02:47:41 UTC 2018 /home/travis/build/icyphy/ptII/ptolemy/actor/lib/test/auto/arrayType6.xml
----------------- Instantiating /home/travis/build/icyphy/ptII/ptolemy/actor/lib/test/auto/arrayType6.xml
22 ms. Memory: 1783808K Free: 1722865K (97%)
----------------- Invoking toplevel() on ptolemy.moml.MoMLSimpleApplication@6d045df2
----------------- Done invoking toplevel() on ptolemy.moml.MoMLSimpleApplication@6d045df2
reloadAllAccessors: .arrayType6

===========================================================================================
----------------- testing Tue Nov 20 02:47:41 UTC 2018 /home/travis/build/icyphy/ptII/ptolemy/actor/lib/test/auto/arrayType7.xml
----------------- Instantiating /home/travis/build/icyphy/ptII/ptolemy/actor/lib/test/auto/arrayType7.xml
1 ms. Memory: 1783808K Free: 1697826K (95%)
----------------- Invoking toplevel() on ptolemy.moml.MoMLSimpleApplication@663416a2
----------------- Done invoking toplevel() on ptolemy.moml.MoMLSimpleApplication@663416a2
reloadAllAccessors: .arrayType7

===========================================================================================
----------------- testing Tue Nov 20 02:47:41 UTC 2018 /home/travis/build/icyphy/ptII/ptolemy/actor/lib/test/auto/arrayType8.xml
----------------- Instantiating /home/travis/build/icyphy/ptII/ptolemy/actor/lib/test/auto/arrayType8.xml
1 ms. Memory: 1783808K Free: 1676951K (94%)
----------------- Invoking toplevel() on ptolemy.moml.MoMLSimpleApplication@34082289
----------------- Done invoking toplevel() on ptolemy.moml.MoMLSimpleApplication@34082289
reloadAllAccessors: .arrayType8

===========================================================================================
----------------- testing Tue Nov 20 02:47:41 UTC 2018 /home/travis/build/icyphy/ptII/ptolemy/actor/lib/test/auto/arrayType9.xml
----------------- Instantiating /home/travis/build/icyphy/ptII/ptolemy/actor/lib/test/auto/arrayType9.xml
2 ms. Memory: 1783808K Free: 1660291K (93%)
----------------- Invoking toplevel() on ptolemy.moml.MoMLSimpleApplication@3115365
----------------- Done invoking toplevel() on ptolemy.moml.MoMLSimpleApplication@3115365
reloadAllAccessors: .arrayType9

===========================================================================================
----------------- testing Tue Nov 20 02:47:41 UTC 2018 /home/travis/build/icyphy/ptII/ptolemy/actor/lib/test/auto/cast.xml
----------------- Instantiating /home/travis/build/icyphy/ptII/ptolemy/actor/lib/test/auto/cast.xml
2 ms. Memory: 1783808K Free: 1639417K (92%)
----------------- Invoking toplevel() on ptolemy.moml.MoMLSimpleApplication@1cbdb3c4
----------------- Done invoking toplevel() on ptolemy.moml.MoMLSimpleApplication@1cbdb3c4
reloadAllAccessors: .cast

===========================================================================================
----------------- testing Tue Nov 20 02:47:41 UTC 2018 /home/travis/build/icyphy/ptII/ptolemy/actor/lib/test/auto/compositeMultiPort.xml
----------------- Instantiating /home/travis/build/icyphy/ptII/ptolemy/actor/lib/test/auto/compositeMultiPort.xml
4 ms. Memory: 1783808K Free: 1618542K (91%)
----------------- Invoking toplevel() on ptolemy.moml.MoMLSimpleApplication@79a13d8e
----------------- Done invoking toplevel() on ptolemy.moml.MoMLSimpleApplication@79a13d8e
reloadAllAccessors: .compositeMultiPort

===========================================================================================
----------------- testing Tue Nov 20 02:47:41 UTC 2018 /home/travis/build/icyphy/ptII/ptolemy/actor/lib/test/auto/expressionCastInference.xml
----------------- Instantiating /home/travis/build/icyphy/ptII/ptolemy/actor/lib/test/auto/expressionCastInference.xml
1 ms. Memory: 1783808K Free: 1601882K (90%)
----------------- Invoking toplevel() on ptolemy.moml.MoMLSimpleApplication@3a69800a
----------------- Done invoking toplevel() on ptolemy.moml.MoMLSimpleApplication@3a69800a
reloadAllAccessors: .expressionCastInference

===========================================================================================
----------------- testing Tue Nov 20 02:47:41 UTC 2018 /home/travis/build/icyphy/ptII/ptolemy/actor/lib/test/auto/expressionCastInference2.xml
----------------- Instantiating /home/travis/build/icyphy/ptII/ptolemy/actor/lib/test/auto/expressionCastInference2.xml
2 ms. Memory: 1783808K Free: 1581007K (89%)
----------------- Invoking toplevel() on ptolemy.moml.MoMLSimpleApplication@35f84118
----------------- Done invoking toplevel() on ptolemy.moml.MoMLSimpleApplication@35f84118
reloadAllAccessors: .expressionCastInference2

===========================================================================================
----------------- testing Tue Nov 20 02:47:41 UTC 2018 /home/travis/build/icyphy/ptII/ptolemy/actor/lib/test/auto/expressionInference.xml
----------------- Instantiating /home/travis/build/icyphy/ptII/ptolemy/actor/lib/test/auto/expressionInference.xml
1 ms. Memory: 1783808K Free: 1564347K (88%)
----------------- Invoking toplevel() on ptolemy.moml.MoMLSimpleApplication@4d054bd2
----------------- Done invoking toplevel() on ptolemy.moml.MoMLSimpleApplication@4d054bd2
reloadAllAccessors: .expressionInference

===========================================================================================
----------------- testing Tue Nov 20 02:47:41 UTC 2018 /home/travis/build/icyphy/ptII/ptolemy/actor/lib/test/auto/expression_bug.xml
----------------- Instantiating /home/travis/build/icyphy/ptII/ptolemy/actor/lib/test/auto/expression_bug.xml
1 ms. Memory: 1783808K Free: 1543472K (87%)
----------------- Invoking toplevel() on ptolemy.moml.MoMLSimpleApplication@6b70af6f
----------------- Done invoking toplevel() on ptolemy.moml.MoMLSimpleApplication@6b70af6f
reloadAllAccessors: .expression_bug

===========================================================================================
----------------- testing Tue Nov 20 02:47:41 UTC 2018 /home/travis/build/icyphy/ptII/ptolemy/actor/lib/test/auto/factorial.xml
----------------- Instantiating /home/travis/build/icyphy/ptII/ptolemy/actor/lib/test/auto/factorial.xml
29 ms. Memory: 1783808K Free: 1522581K (85%)
----------------- Invoking toplevel() on ptolemy.moml.MoMLSimpleApplication@780dbca7
----------------- Done invoking toplevel() on ptolemy.moml.MoMLSimpleApplication@780dbca7
reloadAllAccessors: .factorial

===========================================================================================
----------------- testing Tue Nov 20 02:47:41 UTC 2018 /home/travis/build/icyphy/ptII/ptolemy/actor/lib/test/auto/filterTest1.xml
----------------- Instantiating /home/travis/build/icyphy/ptII/ptolemy/actor/lib/test/auto/filterTest1.xml
3 ms. Memory: 1783808K Free: 1505920K (84%)
----------------- Invoking toplevel() on ptolemy.moml.MoMLSimpleApplication@50ae3eb2
----------------- Done invoking toplevel() on ptolemy.moml.MoMLSimpleApplication@50ae3eb2
reloadAllAccessors: .filterTest1

===========================================================================================
----------------- testing Tue Nov 20 02:47:41 UTC 2018 /home/travis/build/icyphy/ptII/ptolemy/actor/lib/test/auto/funcApplyInConst.xml
----------------- Instantiating /home/travis/build/icyphy/ptII/ptolemy/actor/lib/test/auto/funcApplyInConst.xml
1 ms. Memory: 1783808K Free: 1485046K (83%)
----------------- Invoking toplevel() on ptolemy.moml.MoMLSimpleApplication@8b3994c
----------------- Done invoking toplevel() on ptolemy.moml.MoMLSimpleApplication@8b3994c
reloadAllAccessors: .funcApplyInConst

===========================================================================================
----------------- testing Tue Nov 20 02:47:41 UTC 2018 /home/travis/build/icyphy/ptII/ptolemy/actor/lib/test/auto/funcApplyInExpr.xml
----------------- Instantiating /home/travis/build/icyphy/ptII/ptolemy/actor/lib/test/auto/funcApplyInExpr.xml
1 ms. Memory: 1783808K Free: 1468385K (82%)
----------------- Invoking toplevel() on ptolemy.moml.MoMLSimpleApplication@5fac77c6
----------------- Done invoking toplevel() on ptolemy.moml.MoMLSimpleApplication@5fac77c6
reloadAllAccessors: .funcApplyInExpr

===========================================================================================
----------------- testing Tue Nov 20 02:47:41 UTC 2018 /home/travis/build/icyphy/ptII/ptolemy/actor/lib/test/auto/function.xml
----------------- Instantiating /home/travis/build/icyphy/ptII/ptolemy/actor/lib/test/auto/function.xml
2 ms. Memory: 1783808K Free: 1447511K (81%)
----------------- Invoking toplevel() on ptolemy.moml.MoMLSimpleApplication@a6f6076
----------------- Done invoking toplevel() on ptolemy.moml.MoMLSimpleApplication@a6f6076
reloadAllAccessors: .function

===========================================================================================
----------------- testing Tue Nov 20 02:47:41 UTC 2018 /home/travis/build/icyphy/ptII/ptolemy/actor/lib/test/auto/function2.xml
----------------- Instantiating /home/travis/build/icyphy/ptII/ptolemy/actor/lib/test/auto/function2.xml
1 ms. Memory: 1783808K Free: 1426636K (80%)
----------------- Invoking toplevel() on ptolemy.moml.MoMLSimpleApplication@4bff0a9c
----------------- Done invoking toplevel() on ptolemy.moml.MoMLSimpleApplication@4bff0a9c
reloadAllAccessors: .function2

===========================================================================================
----------------- testing Tue Nov 20 02:47:41 UTC 2018 /home/travis/build/icyphy/ptII/ptolemy/actor/lib/test/auto/function3.xml
----------------- Instantiating /home/travis/build/icyphy/ptII/ptolemy/actor/lib/test/auto/function3.xml
2 ms. Memory: 1783808K Free: 1409976K (79%)
----------------- Invoking toplevel() on ptolemy.moml.MoMLSimpleApplication@6eae1164
----------------- Done invoking toplevel() on ptolemy.moml.MoMLSimpleApplication@6eae1164
reloadAllAccessors: .function3

===========================================================================================
----------------- testing Tue Nov 20 02:47:41 UTC 2018 /home/travis/build/icyphy/ptII/ptolemy/actor/lib/test/auto/functionClosureTest1.xml
----------------- Instantiating /home/travis/build/icyphy/ptII/ptolemy/actor/lib/test/auto/functionClosureTest1.xml
2 ms. Memory: 1783808K Free: 1389101K (78%)
----------------- Invoking toplevel() on ptolemy.moml.MoMLSimpleApplication@24820787
----------------- Done invoking toplevel() on ptolemy.moml.MoMLSimpleApplication@24820787
reloadAllAccessors: .functionClosureTest1

===========================================================================================
----------------- testing Tue Nov 20 02:47:41 UTC 2018 /home/travis/build/icyphy/ptII/ptolemy/actor/lib/test/auto/functionClosureTest2.xml
----------------- Instantiating /home/travis/build/icyphy/ptII/ptolemy/actor/lib/test/auto/functionClosureTest2.xml
3 ms. Memory: 1783808K Free: 1368227K (77%)
----------------- Invoking toplevel() on ptolemy.moml.MoMLSimpleApplication@72f3b57f
----------------- Done invoking toplevel() on ptolemy.moml.MoMLSimpleApplication@72f3b57f
reloadAllAccessors: .functionClosureTest2

===========================================================================================
----------------- testing Tue Nov 20 02:47:41 UTC 2018 /home/travis/build/icyphy/ptII/ptolemy/actor/lib/test/auto/functionClosureTest3.xml
----------------- Instantiating /home/travis/build/icyphy/ptII/ptolemy/actor/lib/test/auto/functionClosureTest3.xml
1 ms. Memory: 1783808K Free: 1351566K (76%)
----------------- Invoking toplevel() on ptolemy.moml.MoMLSimpleApplication@3bba6c4e
----------------- Done invoking toplevel() on ptolemy.moml.MoMLSimpleApplication@3bba6c4e
reloadAllAccessors: .functionClosureTest3

===========================================================================================
----------------- testing Tue Nov 20 02:47:41 UTC 2018 /home/travis/build/icyphy/ptII/ptolemy/actor/lib/test/auto/functionClosureTest4.xml
----------------- Instantiating /home/travis/build/icyphy/ptII/ptolemy/actor/lib/test/auto/functionClosureTest4.xml
4 ms. Memory: 1783808K Free: 1330692K (75%)
----------------- Invoking toplevel() on ptolemy.moml.MoMLSimpleApplication@49e7e4e
----------------- Done invoking toplevel() on ptolemy.moml.MoMLSimpleApplication@49e7e4e
reloadAllAccessors: .functionClosureTest4

===========================================================================================
----------------- testing Tue Nov 20 02:47:41 UTC 2018 /home/travis/build/icyphy/ptII/ptolemy/actor/lib/test/auto/functionClosureTest5.xml
----------------- Instantiating /home/travis/build/icyphy/ptII/ptolemy/actor/lib/test/auto/functionClosureTest5.xml
4 ms. Memory: 1783808K Free: 1314031K (74%)
----------------- Invoking toplevel() on ptolemy.moml.MoMLSimpleApplication@240d0637
----------------- Done invoking toplevel() on ptolemy.moml.MoMLSimpleApplication@240d0637
reloadAllAccessors: .functionClosureTest5

===========================================================================================
----------------- testing Tue Nov 20 02:47:41 UTC 2018 /home/travis/build/icyphy/ptII/ptolemy/actor/lib/test/auto/functionClosureTest6.xml
----------------- Instantiating /home/travis/build/icyphy/ptII/ptolemy/actor/lib/test/auto/functionClosureTest6.xml
2 ms. Memory: 1783808K Free: 1293156K (72%)
----------------- Invoking toplevel() on ptolemy.moml.MoMLSimpleApplication@878743e
----------------- Done invoking toplevel() on ptolemy.moml.MoMLSimpleApplication@878743e
reloadAllAccessors: .functionClosureTest6

===========================================================================================
----------------- testing Tue Nov 20 02:47:41 UTC 2018 /home/travis/build/icyphy/ptII/ptolemy/actor/lib/test/auto/functionsOnArcs.xml
----------------- Instantiating /home/travis/build/icyphy/ptII/ptolemy/actor/lib/test/auto/functionsOnArcs.xml
2 ms. Memory: 1783808K Free: 1272282K (71%)
----------------- Invoking toplevel() on ptolemy.moml.MoMLSimpleApplication@42213904
----------------- Done invoking toplevel() on ptolemy.moml.MoMLSimpleApplication@42213904
reloadAllAccessors: .functionsOnArcs

===========================================================================================
----------------- testing Tue Nov 20 02:47:41 UTC 2018 /home/travis/build/icyphy/ptII/ptolemy/actor/lib/test/auto/functionsOnArcsHOF.xml
----------------- Instantiating /home/travis/build/icyphy/ptII/ptolemy/actor/lib/test/auto/functionsOnArcsHOF.xml
6 ms. Memory: 1783808K Free: 1255621K (70%)
----------------- Invoking toplevel() on ptolemy.moml.MoMLSimpleApplication@2eddc64a
----------------- Done invoking toplevel() on ptolemy.moml.MoMLSimpleApplication@2eddc64a
reloadAllAccessors: .functionsOnArcsHOF

===========================================================================================
----------------- testing Tue Nov 20 02:47:41 UTC 2018 /home/travis/build/icyphy/ptII/ptolemy/actor/lib/test/auto/logic.xml
----------------- Instantiating /home/travis/build/icyphy/ptII/ptolemy/actor/lib/test/auto/logic.xml
1 ms. Memory: 1783808K Free: 1234747K (69%)
----------------- Invoking toplevel() on ptolemy.moml.MoMLSimpleApplication@1c81227e
----------------- Done invoking toplevel() on ptolemy.moml.MoMLSimpleApplication@1c81227e
reloadAllAccessors: .logic

===========================================================================================
----------------- testing Tue Nov 20 02:47:41 UTC 2018 /home/travis/build/icyphy/ptII/ptolemy/actor/lib/test/auto/matrixType.xml
----------------- Instantiating /home/travis/build/icyphy/ptII/ptolemy/actor/lib/test/auto/matrixType.xml
2 ms. Memory: 1783808K Free: 1218087K (68%)
----------------- Invoking toplevel() on ptolemy.moml.MoMLSimpleApplication@1cf01b60
----------------- Done invoking toplevel() on ptolemy.moml.MoMLSimpleApplication@1cf01b60
reloadAllAccessors: .matrixType

===========================================================================================
----------------- testing Tue Nov 20 02:47:41 UTC 2018 /home/travis/build/icyphy/ptII/ptolemy/actor/lib/test/auto/matrixType10.xml
----------------- Instantiating /home/travis/build/icyphy/ptII/ptolemy/actor/lib/test/auto/matrixType10.xml
2 ms. Memory: 1783808K Free: 1197212K (67%)
----------------- Invoking toplevel() on ptolemy.moml.MoMLSimpleApplication@67abd192
----------------- Done invoking toplevel() on ptolemy.moml.MoMLSimpleApplication@67abd192
reloadAllAccessors: .matrixType10

===========================================================================================
----------------- testing Tue Nov 20 02:47:41 UTC 2018 /home/travis/build/icyphy/ptII/ptolemy/actor/lib/test/auto/matrixType11.xml
----------------- Instantiating /home/travis/build/icyphy/ptII/ptolemy/actor/lib/test/auto/matrixType11.xml
1 ms. Memory: 1783808K Free: 1176338K (66%)
----------------- Invoking toplevel() on ptolemy.moml.MoMLSimpleApplication@1840a29f
----------------- Done invoking toplevel() on ptolemy.moml.MoMLSimpleApplication@1840a29f
reloadAllAccessors: .matrixType11

===========================================================================================
----------------- testing Tue Nov 20 02:47:41 UTC 2018 /home/travis/build/icyphy/ptII/ptolemy/actor/lib/test/auto/matrixType12.xml
----------------- Instantiating /home/travis/build/icyphy/ptII/ptolemy/actor/lib/test/auto/matrixType12.xml
1 ms. Memory: 1783808K Free: 1159677K (65%)
----------------- Invoking toplevel() on ptolemy.moml.MoMLSimpleApplication@13076aab
----------------- Done invoking toplevel() on ptolemy.moml.MoMLSimpleApplication@13076aab
reloadAllAccessors: .matrixType12

===========================================================================================
----------------- testing Tue Nov 20 02:47:41 UTC 2018 /home/travis/build/icyphy/ptII/ptolemy/actor/lib/test/auto/matrixType13.xml
----------------- Instantiating /home/travis/build/icyphy/ptII/ptolemy/actor/lib/test/auto/matrixType13.xml
2 ms. Memory: 1783808K Free: 1138803K (64%)
----------------- Invoking toplevel() on ptolemy.moml.MoMLSimpleApplication@6363ac7e
----------------- Done invoking toplevel() on ptolemy.moml.MoMLSimpleApplication@6363ac7e
reloadAllAccessors: .matrixType13

===========================================================================================
----------------- testing Tue Nov 20 02:47:41 UTC 2018 /home/travis/build/icyphy/ptII/ptolemy/actor/lib/test/auto/matrixType14.xml
----------------- Instantiating /home/travis/build/icyphy/ptII/ptolemy/actor/lib/test/auto/matrixType14.xml
1 ms. Memory: 1783808K Free: 1117929K (63%)
----------------- Invoking toplevel() on ptolemy.moml.MoMLSimpleApplication@169e0a6c
----------------- Done invoking toplevel() on ptolemy.moml.MoMLSimpleApplication@169e0a6c
reloadAllAccessors: .matrixType14

===========================================================================================
----------------- testing Tue Nov 20 02:47:41 UTC 2018 /home/travis/build/icyphy/ptII/ptolemy/actor/lib/test/auto/matrixType2.xml
----------------- Instantiating /home/travis/build/icyphy/ptII/ptolemy/actor/lib/test/auto/matrixType2.xml
1 ms. Memory: 1783808K Free: 1101268K (62%)
----------------- Invoking toplevel() on ptolemy.moml.MoMLSimpleApplication@1e744897
----------------- Done invoking toplevel() on ptolemy.moml.MoMLSimpleApplication@1e744897
reloadAllAccessors: .matrixType2

===========================================================================================
----------------- testing Tue Nov 20 02:47:41 UTC 2018 /home/travis/build/icyphy/ptII/ptolemy/actor/lib/test/auto/matrixType3.xml
----------------- Instantiating /home/travis/build/icyphy/ptII/ptolemy/actor/lib/test/auto/matrixType3.xml
3 ms. Memory: 1783808K Free: 1080394K (61%)
----------------- Invoking toplevel() on ptolemy.moml.MoMLSimpleApplication@1f3ce748
----------------- Done invoking toplevel() on ptolemy.moml.MoMLSimpleApplication@1f3ce748
reloadAllAccessors: .matrixType3

===========================================================================================
----------------- testing Tue Nov 20 02:47:41 UTC 2018 /home/travis/build/icyphy/ptII/ptolemy/actor/lib/test/auto/matrixType4.xml
----------------- Instantiating /home/travis/build/icyphy/ptII/ptolemy/actor/lib/test/auto/matrixType4.xml
1 ms. Memory: 1783808K Free: 1063733K (60%)
----------------- Invoking toplevel() on ptolemy.moml.MoMLSimpleApplication@33165da
----------------- Done invoking toplevel() on ptolemy.moml.MoMLSimpleApplication@33165da
reloadAllAccessors: .matrixType4

===========================================================================================
----------------- testing Tue Nov 20 02:47:41 UTC 2018 /home/travis/build/icyphy/ptII/ptolemy/actor/lib/test/auto/matrixType5.xml
----------------- Instantiating /home/travis/build/icyphy/ptII/ptolemy/actor/lib/test/auto/matrixType5.xml
1 ms. Memory: 1783808K Free: 1042859K (58%)
----------------- Invoking toplevel() on ptolemy.moml.MoMLSimpleApplication@55907ce
----------------- Done invoking toplevel() on ptolemy.moml.MoMLSimpleApplication@55907ce
reloadAllAccessors: .matrixType5

===========================================================================================
----------------- testing Tue Nov 20 02:47:41 UTC 2018 /home/travis/build/icyphy/ptII/ptolemy/actor/lib/test/auto/matrixType6.xml
----------------- Instantiating /home/travis/build/icyphy/ptII/ptolemy/actor/lib/test/auto/matrixType6.xml
1 ms. Memory: 1783808K Free: 1021984K (57%)
----------------- Invoking toplevel() on ptolemy.moml.MoMLSimpleApplication@4e1a00e1
----------------- Done invoking toplevel() on ptolemy.moml.MoMLSimpleApplication@4e1a00e1
reloadAllAccessors: .matrixType6

===========================================================================================
----------------- testing Tue Nov 20 02:47:41 UTC 2018 /home/travis/build/icyphy/ptII/ptolemy/actor/lib/test/auto/matrixType7.xml
----------------- Instantiating /home/travis/build/icyphy/ptII/ptolemy/actor/lib/test/auto/matrixType7.xml
2 ms. Memory: 1783808K Free: 1005324K (56%)
----------------- Invoking toplevel() on ptolemy.moml.MoMLSimpleApplication@23d35d03
----------------- Done invoking toplevel() on ptolemy.moml.MoMLSimpleApplication@23d35d03
reloadAllAccessors: .matrixType7

===========================================================================================
----------------- testing Tue Nov 20 02:47:41 UTC 2018 /home/travis/build/icyphy/ptII/ptolemy/actor/lib/test/auto/matrixType8.xml
----------------- Instantiating /home/travis/build/icyphy/ptII/ptolemy/actor/lib/test/auto/matrixType8.xml
1 ms. Memory: 1783808K Free: 984450K (55%)
----------------- Invoking toplevel() on ptolemy.moml.MoMLSimpleApplication@59887168
----------------- Done invoking toplevel() on ptolemy.moml.MoMLSimpleApplication@59887168
reloadAllAccessors: .matrixType8

===========================================================================================
----------------- testing Tue Nov 20 02:47:41 UTC 2018 /home/travis/build/icyphy/ptII/ptolemy/actor/lib/test/auto/matrixType9.xml
----------------- Instantiating /home/travis/build/icyphy/ptII/ptolemy/actor/lib/test/auto/matrixType9.xml
1 ms. Memory: 1783808K Free: 963575K (54%)
----------------- Invoking toplevel() on ptolemy.moml.MoMLSimpleApplication@14cf4c33
----------------- Done invoking toplevel() on ptolemy.moml.MoMLSimpleApplication@14cf4c33
reloadAllAccessors: .matrixType9

===========================================================================================
----------------- testing Tue Nov 20 02:47:42 UTC 2018 /home/travis/build/icyphy/ptII/ptolemy/actor/lib/test/auto/paraFunctest.xml
----------------- Instantiating /home/travis/build/icyphy/ptII/ptolemy/actor/lib/test/auto/paraFunctest.xml
1 ms. Memory: 1783808K Free: 946915K (53%)
----------------- Invoking toplevel() on ptolemy.moml.MoMLSimpleApplication@280c6625
----------------- Done invoking toplevel() on ptolemy.moml.MoMLSimpleApplication@280c6625
reloadAllAccessors: .paraFunctest

===========================================================================================
----------------- testing Tue Nov 20 02:47:42 UTC 2018 /home/travis/build/icyphy/ptII/ptolemy/actor/lib/test/auto/paraFunctest2.xml
----------------- Instantiating /home/travis/build/icyphy/ptII/ptolemy/actor/lib/test/auto/paraFunctest2.xml
2 ms. Memory: 1783808K Free: 926040K (52%)
----------------- Invoking toplevel() on ptolemy.moml.MoMLSimpleApplication@296e81f3
----------------- Done invoking toplevel() on ptolemy.moml.MoMLSimpleApplication@296e81f3
reloadAllAccessors: .paraFunctest2

===========================================================================================
----------------- testing Tue Nov 20 02:47:42 UTC 2018 /home/travis/build/icyphy/ptII/ptolemy/actor/lib/test/auto/parameterPassing.xml
----------------- Instantiating /home/travis/build/icyphy/ptII/ptolemy/actor/lib/test/auto/parameterPassing.xml
1 ms. Memory: 1783808K Free: 909380K (51%)
----------------- Invoking toplevel() on ptolemy.moml.MoMLSimpleApplication@85d2718
----------------- Done invoking toplevel() on ptolemy.moml.MoMLSimpleApplication@85d2718
reloadAllAccessors: .parameterPassing

===========================================================================================
----------------- testing Tue Nov 20 02:47:42 UTC 2018 /home/travis/build/icyphy/ptII/ptolemy/actor/lib/test/auto/record.xml
----------------- Instantiating /home/travis/build/icyphy/ptII/ptolemy/actor/lib/test/auto/record.xml
2 ms. Memory: 1783808K Free: 888505K (50%)
----------------- Invoking toplevel() on ptolemy.moml.MoMLSimpleApplication@6f871081
----------------- Done invoking toplevel() on ptolemy.moml.MoMLSimpleApplication@6f871081
reloadAllAccessors: .record

===========================================================================================
----------------- testing Tue Nov 20 02:47:42 UTC 2018 /home/travis/build/icyphy/ptII/ptolemy/actor/lib/test/auto/sizedarray1.xml
----------------- Instantiating /home/travis/build/icyphy/ptII/ptolemy/actor/lib/test/auto/sizedarray1.xml
2 ms. Memory: 1783808K Free: 867631K (49%)
----------------- Invoking toplevel() on ptolemy.moml.MoMLSimpleApplication@788993b3
----------------- Done invoking toplevel() on ptolemy.moml.MoMLSimpleApplication@788993b3
reloadAllAccessors: .sizedarray1

===========================================================================================
----------------- testing Tue Nov 20 02:47:42 UTC 2018 /home/travis/build/icyphy/ptII/ptolemy/actor/lib/test/auto/sizedarray2.xml
----------------- Instantiating /home/travis/build/icyphy/ptII/ptolemy/actor/lib/test/auto/sizedarray2.xml
2 ms. Memory: 1783808K Free: 850970K (48%)
----------------- Invoking toplevel() on ptolemy.moml.MoMLSimpleApplication@47234b65
----------------- Done invoking toplevel() on ptolemy.moml.MoMLSimpleApplication@47234b65
reloadAllAccessors: .sizedarray2

===========================================================================================
----------------- testing Tue Nov 20 02:47:42 UTC 2018 /home/travis/build/icyphy/ptII/ptolemy/actor/lib/test/auto/twoPublishers.xml
----------------- Instantiating /home/travis/build/icyphy/ptII/ptolemy/actor/lib/test/auto/twoPublishers.xml
5 ms. Memory: 1783808K Free: 821750K (46%)
----------------- Invoking toplevel() on ptolemy.moml.MoMLSimpleApplication@65d1bbf2
----------------- Done invoking toplevel() on ptolemy.moml.MoMLSimpleApplication@65d1bbf2
reloadAllAccessors: .twoPublishers
AutoTests.java: About to close Vertx.
AutoTests.java: Vertx closed.
]]></system-out>
  <system-err><![CDATA[java.lang.RuntimeException: Execution failed
	at ptolemy.moml.MoMLSimpleApplication$UnloadThread.run(MoMLSimpleApplication.java:402)
Caused by: java.lang.RuntimeException: Normally, we would exit here because Manager.exitAfterWrapup() was called.  However, because the ptolemy.ptII.exitAfterWrapup property is set, we throw this exception instead.
	at ptolemy.util.StringUtilities.exit(StringUtilities.java:363)
	at ptolemy.actor.Manager.wrapup(Manager.java:1531)
	at ptolemy.actor.Manager.execute(Manager.java:407)
	at ptolemy.actor.Manager.run(Manager.java:1263)
	at ptolemy.actor.Manager$PtolemyRunThread.run(Manager.java:1915)
Warning: '.top.test' is in training mode, set the trainingMode parameter to false before checking in
Warning: '.top.test' is in training mode, set the trainingMode parameter to false before checking in
Warning: '.top.test' is in training mode, set the trainingMode parameter to false before checking in
Warning: '.BooleanSwitch_RegressionTest_WrongTrainingValues.Test' is in training mode, set the trainingMode parameter to false before checking in
Warning: '.BooleanSwitch_RegressionTest_WrongTrainingValues.Test2' is in training mode, set the trainingMode parameter to false before checking in
Warning: '.BooleanSwitch_RegressionTest_WrongTrainingValues.Test2' The test produced 0 tokens.
Warning: '.top.testExceptionHandler' is in training mode, set the trainingMode parameter to false before checking in
java.lang.RuntimeException: Execution failed
	at ptolemy.moml.MoMLSimpleApplication$UnloadThread.run(MoMLSimpleApplication.java:402)
Caused by: ptolemy.kernel.util.IllegalActionException: PublisherPorts cannot be used at the top level, use a Publisher actor instead.
  in .PublisherPortToplevelSubscriber.PublisherPort
	at ptolemy.actor.PublisherPort.preinitialize(PublisherPort.java:403)
	at ptolemy.actor.CompositeActor.preinitialize(CompositeActor.java:1769)
	at ptolemy.actor.Manager.preinitializeAndResolveTypes(Manager.java:1040)
	at ptolemy.actor.Manager.initialize(Manager.java:710)
	at ptolemy.actor.Manager.execute(Manager.java:356)
	at ptolemy.actor.Manager.run(Manager.java:1263)
	at ptolemy.actor.Manager$PtolemyRunThread.run(Manager.java:1915)
java.lang.reflect.InvocationTargetException
	at sun.reflect.NativeConstructorAccessorImpl.newInstance0(Native Method)
	at sun.reflect.NativeConstructorAccessorImpl.newInstance(NativeConstructorAccessorImpl.java:62)
	at sun.reflect.DelegatingConstructorAccessorImpl.newInstance(DelegatingConstructorAccessorImpl.java:45)
	at java.lang.reflect.Constructor.newInstance(Constructor.java:423)
	at ptolemy.util.test.junit.AutoKnownFailedTests.RunModel(AutoKnownFailedTests.java:105)
	at sun.reflect.NativeMethodAccessorImpl.invoke0(Native Method)
	at sun.reflect.NativeMethodAccessorImpl.invoke(NativeMethodAccessorImpl.java:62)
	at sun.reflect.DelegatingMethodAccessorImpl.invoke(DelegatingMethodAccessorImpl.java:43)
	at java.lang.reflect.Method.invoke(Method.java:498)
	at org.junit.runners.model.FrameworkMethod$1.runReflectiveCall(FrameworkMethod.java:44)
	at org.junit.internal.runners.model.ReflectiveCallable.run(ReflectiveCallable.java:15)
	at org.junit.runners.model.FrameworkMethod.invokeExplosively(FrameworkMethod.java:41)
	at junitparams.internal.InvokeParameterisedMethod.evaluate(InvokeParameterisedMethod.java:102)
	at org.junit.internal.runners.statements.FailOnTimeout$1.run(FailOnTimeout.java:28)
Caused by: ptolemy.kernel.util.IllegalActionException: PublisherPorts cannot be used at the top level, use a Publisher actor instead.
  in .PublisherPortToplevelSubscriber.PublisherPort
	at ptolemy.actor.PublisherPort.preinitialize(PublisherPort.java:403)
	at ptolemy.actor.CompositeActor.preinitialize(CompositeActor.java:1769)
	at ptolemy.actor.Manager.preinitializeAndResolveTypes(Manager.java:1040)
	at ptolemy.actor.Manager.initialize(Manager.java:710)
	at ptolemy.actor.Manager.execute(Manager.java:356)
	at ptolemy.actor.Manager.run(Manager.java:1263)
	at ptolemy.actor.Manager$PtolemyRunThread.run(Manager.java:1915)
java.lang.RuntimeException: Execution failed
	at ptolemy.moml.MoMLSimpleApplication$UnloadThread.run(MoMLSimpleApplication.java:402)
Caused by: ptolemy.kernel.util.IllegalActionException: SubscriberPorts cannot be used at the top level, use a Subscriber actor instead.
  in .PublisherSubscriberPortToplevel.SubscriberPort
	at ptolemy.actor.SubscriberPort.preinitialize(SubscriberPort.java:328)
	at ptolemy.actor.CompositeActor.preinitialize(CompositeActor.java:1769)
	at ptolemy.actor.Manager.preinitializeAndResolveTypes(Manager.java:1040)
	at ptolemy.actor.Manager.initialize(Manager.java:710)
	at ptolemy.actor.Manager.execute(Manager.java:356)
	at ptolemy.actor.Manager.run(Manager.java:1263)
	at ptolemy.actor.Manager$PtolemyRunThread.run(Manager.java:1915)
java.lang.reflect.InvocationTargetException
	at sun.reflect.NativeConstructorAccessorImpl.newInstance0(Native Method)
	at sun.reflect.NativeConstructorAccessorImpl.newInstance(NativeConstructorAccessorImpl.java:62)
	at sun.reflect.DelegatingConstructorAccessorImpl.newInstance(DelegatingConstructorAccessorImpl.java:45)
	at java.lang.reflect.Constructor.newInstance(Constructor.java:423)
	at ptolemy.util.test.junit.AutoKnownFailedTests.RunModel(AutoKnownFailedTests.java:105)
	at sun.reflect.NativeMethodAccessorImpl.invoke0(Native Method)
	at sun.reflect.NativeMethodAccessorImpl.invoke(NativeMethodAccessorImpl.java:62)
	at sun.reflect.DelegatingMethodAccessorImpl.invoke(DelegatingMethodAccessorImpl.java:43)
	at java.lang.reflect.Method.invoke(Method.java:498)
	at org.junit.runners.model.FrameworkMethod$1.runReflectiveCall(FrameworkMethod.java:44)
	at org.junit.internal.runners.model.ReflectiveCallable.run(ReflectiveCallable.java:15)
	at org.junit.runners.model.FrameworkMethod.invokeExplosively(FrameworkMethod.java:41)
	at junitparams.internal.InvokeParameterisedMethod.evaluate(InvokeParameterisedMethod.java:102)
	at org.junit.internal.runners.statements.FailOnTimeout$1.run(FailOnTimeout.java:28)
Caused by: ptolemy.kernel.util.IllegalActionException: SubscriberPorts cannot be used at the top level, use a Subscriber actor instead.
  in .PublisherSubscriberPortToplevel.SubscriberPort
	at ptolemy.actor.SubscriberPort.preinitialize(SubscriberPort.java:328)
	at ptolemy.actor.CompositeActor.preinitialize(CompositeActor.java:1769)
	at ptolemy.actor.Manager.preinitializeAndResolveTypes(Manager.java:1040)
	at ptolemy.actor.Manager.initialize(Manager.java:710)
	at ptolemy.actor.Manager.execute(Manager.java:356)
	at ptolemy.actor.Manager.run(Manager.java:1263)
	at ptolemy.actor.Manager$PtolemyRunThread.run(Manager.java:1915)
java.lang.RuntimeException: Execution failed
	at ptolemy.moml.MoMLSimpleApplication$UnloadThread.run(MoMLSimpleApplication.java:402)
Caused by: ptolemy.kernel.util.IllegalActionException: SubscriptionAggregatorPorts cannot be used at the top level, use a SubscriptionAggregator actor instead.
  in .PublisherSubscriptionAggregatorPort.SubscriptionAggregatorPort
	at ptolemy.actor.SubscriptionAggregatorPort.preinitialize(SubscriptionAggregatorPort.java:353)
	at ptolemy.actor.CompositeActor.preinitialize(CompositeActor.java:1769)
	at ptolemy.actor.Manager.preinitializeAndResolveTypes(Manager.java:1040)
	at ptolemy.actor.Manager.initialize(Manager.java:710)
	at ptolemy.actor.Manager.execute(Manager.java:356)
	at ptolemy.actor.Manager.run(Manager.java:1263)
	at ptolemy.actor.Manager$PtolemyRunThread.run(Manager.java:1915)
java.lang.reflect.InvocationTargetException
	at sun.reflect.NativeConstructorAccessorImpl.newInstance0(Native Method)
	at sun.reflect.NativeConstructorAccessorImpl.newInstance(NativeConstructorAccessorImpl.java:62)
	at sun.reflect.DelegatingConstructorAccessorImpl.newInstance(DelegatingConstructorAccessorImpl.java:45)
	at java.lang.reflect.Constructor.newInstance(Constructor.java:423)
	at ptolemy.util.test.junit.AutoKnownFailedTests.RunModel(AutoKnownFailedTests.java:105)
	at sun.reflect.NativeMethodAccessorImpl.invoke0(Native Method)
	at sun.reflect.NativeMethodAccessorImpl.invoke(NativeMethodAccessorImpl.java:62)
	at sun.reflect.DelegatingMethodAccessorImpl.invoke(DelegatingMethodAccessorImpl.java:43)
	at java.lang.reflect.Method.invoke(Method.java:498)
	at org.junit.runners.model.FrameworkMethod$1.runReflectiveCall(FrameworkMethod.java:44)
	at org.junit.internal.runners.model.ReflectiveCallable.run(ReflectiveCallable.java:15)
	at org.junit.runners.model.FrameworkMethod.invokeExplosively(FrameworkMethod.java:41)
	at junitparams.internal.InvokeParameterisedMethod.evaluate(InvokeParameterisedMethod.java:102)
	at org.junit.internal.runners.statements.FailOnTimeout$1.run(FailOnTimeout.java:28)
Caused by: ptolemy.kernel.util.IllegalActionException: SubscriptionAggregatorPorts cannot be used at the top level, use a SubscriptionAggregator actor instead.
  in .PublisherSubscriptionAggregatorPort.SubscriptionAggregatorPort
	at ptolemy.actor.SubscriptionAggregatorPort.preinitialize(SubscriptionAggregatorPort.java:353)
	at ptolemy.actor.CompositeActor.preinitialize(CompositeActor.java:1769)
	at ptolemy.actor.Manager.preinitializeAndResolveTypes(Manager.java:1040)
	at ptolemy.actor.Manager.initialize(Manager.java:710)
	at ptolemy.actor.Manager.execute(Manager.java:356)
	at ptolemy.actor.Manager.run(Manager.java:1263)
	at ptolemy.actor.Manager$PtolemyRunThread.run(Manager.java:1915)
java.lang.RuntimeException: Execution failed
	at ptolemy.moml.MoMLSimpleApplication$UnloadThread.run(MoMLSimpleApplication.java:402)
Caused by: ptolemy.kernel.util.IllegalActionException: TypeTest actor has no training data.
  in .sizedarray3.TypeTest
	at ptolemy.actor.lib.TypeTest.initialize(TypeTest.java:250)
	at ptolemy.actor.Director.initialize(Director.java:938)
	at ptolemy.actor.Director.initialize(Director.java:907)
	at ptolemy.actor.sched.StaticSchedulingDirector.initialize(StaticSchedulingDirector.java:159)
	at ptolemy.domains.sdf.kernel.SDFDirector.initialize(SDFDirector.java:544)
	at ptolemy.actor.CompositeActor.initialize(CompositeActor.java:935)
	at ptolemy.actor.Manager.initialize(Manager.java:724)
	at ptolemy.actor.Manager.execute(Manager.java:356)
	at ptolemy.actor.Manager.run(Manager.java:1263)
	at ptolemy.actor.Manager$PtolemyRunThread.run(Manager.java:1915)
java.lang.reflect.InvocationTargetException
	at sun.reflect.NativeConstructorAccessorImpl.newInstance0(Native Method)
	at sun.reflect.NativeConstructorAccessorImpl.newInstance(NativeConstructorAccessorImpl.java:62)
	at sun.reflect.DelegatingConstructorAccessorImpl.newInstance(DelegatingConstructorAccessorImpl.java:45)
	at java.lang.reflect.Constructor.newInstance(Constructor.java:423)
	at ptolemy.util.test.junit.AutoKnownFailedTests.RunModel(AutoKnownFailedTests.java:105)
	at sun.reflect.NativeMethodAccessorImpl.invoke0(Native Method)
	at sun.reflect.NativeMethodAccessorImpl.invoke(NativeMethodAccessorImpl.java:62)
	at sun.reflect.DelegatingMethodAccessorImpl.invoke(DelegatingMethodAccessorImpl.java:43)
	at java.lang.reflect.Method.invoke(Method.java:498)
	at org.junit.runners.model.FrameworkMethod$1.runReflectiveCall(FrameworkMethod.java:44)
	at org.junit.internal.runners.model.ReflectiveCallable.run(ReflectiveCallable.java:15)
	at org.junit.runners.model.FrameworkMethod.invokeExplosively(FrameworkMethod.java:41)
	at junitparams.internal.InvokeParameterisedMethod.evaluate(InvokeParameterisedMethod.java:102)
	at org.junit.internal.runners.statements.FailOnTimeout$1.run(FailOnTimeout.java:28)
Caused by: ptolemy.kernel.util.IllegalActionException: TypeTest actor has no training data.
  in .sizedarray3.TypeTest
	at ptolemy.actor.lib.TypeTest.initialize(TypeTest.java:250)
	at ptolemy.actor.Director.initialize(Director.java:938)
	at ptolemy.actor.Director.initialize(Director.java:907)
	at ptolemy.actor.sched.StaticSchedulingDirector.initialize(StaticSchedulingDirector.java:159)
	at ptolemy.domains.sdf.kernel.SDFDirector.initialize(SDFDirector.java:544)
	at ptolemy.actor.CompositeActor.initialize(CompositeActor.java:935)
	at ptolemy.actor.Manager.initialize(Manager.java:724)
	at ptolemy.actor.Manager.execute(Manager.java:356)
	at ptolemy.actor.Manager.run(Manager.java:1263)
	at ptolemy.actor.Manager$PtolemyRunThread.run(Manager.java:1915)
ptolemy.kernel.util.InternalErrorException: Exec Stderr Gobbler-3: Failed while reading from java.lang.UNIXProcess$ProcessPipeInputStream@5f72abb4. To avoid this, try setting the ignoreIOExceptionReadErrors parameter to true.null
  in .ExecEnvironment.Exec
Because:
Stream closed
	at ptolemy.actor.lib.Exec$_StreamReaderThread._read(Exec.java:762)
	at ptolemy.actor.lib.Exec$_StreamReaderThread.run(Exec.java:706)
Caused by: java.io.IOException: Stream closed
	at sun.nio.cs.StreamDecoder.ensureOpen(StreamDecoder.java:46)
	at sun.nio.cs.StreamDecoder.read(StreamDecoder.java:148)
	at java.io.InputStreamReader.read(InputStreamReader.java:184)
	at ptolemy.actor.lib.Exec$_StreamReaderThread._read(Exec.java:724)
	... 1 more
Caused by: java.io.IOException: Stream closed
	at sun.nio.cs.StreamDecoder.ensureOpen(StreamDecoder.java:46)
	at sun.nio.cs.StreamDecoder.read(StreamDecoder.java:148)
	at java.io.InputStreamReader.read(InputStreamReader.java:184)
	at ptolemy.actor.lib.Exec$_StreamReaderThread._read(Exec.java:724)
	at ptolemy.actor.lib.Exec$_StreamReaderThread.run(Exec.java:706)
]]></system-err>
</testsuite>
