<?xml version="1.0" encoding="UTF-8" ?>
<testsuite errors="0" failures="0" hostname="travis-job-7d0a40c7-17b4-4ab6-b70c-d89bd5d62a2c" name="ptolemy.domains.de.test.junit.JUnitTclTest" skipped="0" tests="101" time="125.911" timestamp="2019-05-14T04:24:03">
  <properties>
    <property name="npm.executable" value="npm" />
    <property name="file.encoding.pkg" value="sun.io" />
    <property name="env.TRAVIS_ROOT" value="/" />
    <property name="ptII.mk.exists" value="true" />
    <property name="env.TRAVIS_APP_HOST" value="build.travis-ci.org" />
    <property name="env.rvm_bin_path" value="/home/travis/.rvm/bin" />
    <property name="java.home" value="/usr/lib/jvm/java-8-oracle/jre" />
    <property name="env.TRAVIS_JOB_NUMBER" value="1130.9" />
    <property name="env.TRAVIS_HOME" value="/home/travis" />
    <property name="env.DISPLAY" value=":99.0" />
    <property name="java.net.preferIPv4Stack" value="true" />
    <property name="env.TRAVIS_INIT" value="upstart" />
    <property name="env.SSH_TTY" value="/dev/pts/0" />
    <property name="env.RUN_TESTS" value="true" />
    <property name="timeout.short" value="1000000" />
    <property name="env.TRAVIS_JOB_NAME" value="" />
    <property name="env.TRAVIS_STACK_NODE_ATTRIBUTES" value="/.node-attributes.yml" />
    <property name="junit.formatter" value="xml" />
    <property name="java.endorsed.dirs" value="/usr/lib/jvm/java-8-oracle/jre/lib/endorsed" />
    <property name="env.TRAVIS_SUDO" value="true" />
    <property name="env.LOGNAME" value="travis" />
    <property name="jsdoc.home" value="node_modules/@terraswarm/jsdoc" />
    <property name="debuglevel" value="source,lines,vars" />
    <property name="checkstyle.formatter" value="xml" />
    <property name="bin.vergil.makeable" value="true" />
    <property name="env._system_version" value="14.04" />
    <property name="sun.os.patch.level" value="unknown" />
    <property name="java.vendor.url" value="http://java.oracle.com/" />
    <property name="env.TRAVIS_BUILD_WEB_URL" value="https://travis-ci.org/icyphy/ptII/builds/532103158" />
    <property name="java.version" value="1.8.0_151" />
    <property name="env.TZ" value="UTC" />
    <property name="env.PT_NO_NET" value="true" />
    <property name="env.TRAVIS_PULL_REQUEST_SHA" value="" />
    <property name="env.TRAVIS_SECURE_ENV_VARS" value="true" />
    <property name="env._system_type" value="Linux" />
    <property name="java.vendor.url.bug" value="http://bugreport.sun.com/bugreport/" />
    <property name="env.SSH_CLIENT" value="10.10.19.215 39504 22" />
    <property name="npmjs-org-is-up" value="true" />
    <property name="env.GEM_HOME" value="/home/travis/.rvm/gems/ruby-2.4.1" />
    <property name="env.HAS_ANTARES_THREE_LITTLE_FRONZIES_BADGE" value="true" />
    <property name="env.PS4" value="+" />
    <property name="ant.project.invoked-targets" value="build,test.core2.xml" />
    <property name="env.TRAVIS_PULL_REQUEST_BRANCH" value="" />
    <property name="env.TRAVIS_REPO_SLUG" value="icyphy/ptII" />
    <property name="env.TRAVIS_APT_PROXY" value="http://build-cache.travisci.net" />
    <property name="node.in.path" value="true" />
    <property name="java.maxmemory" value="1400m" />
    <property name="env.RUBY_VERSION" value="ruby-2.4.1" />
    <property name="user.name" value="travis" />
    <property name="env.LANG" value="en_US.UTF-8" />
    <property name="sun.io.unicode.encoding" value="UnicodeLittle" />
    <property name="sun.jnu.encoding" value="UTF-8" />
    <property name="java.runtime.name" value="Java(TM) SE Runtime Environment" />
    <property name="usefile" value="false" />
    <property name="return.code" value="0" />
    <property name="junit.single.formatter" value="plain" />
    <property name="env.DYLD_LIBRARY_PATH" value="/home/travis/pthla/certi-tools/lib:" />
    <property name="env.DEBIAN_FRONTEND" value="noninteractive" />
    <property name="env.SSH_CONNECTION" value="10.10.19.215 39504 10.20.0.91 22" />
    <property name="env.MYSQL_UNIX_PORT" value="/var/run/mysqld/mysqld.sock" />
    <property name="env.TRAVIS_ALLOW_FAILURE" value="false" />
    <property name="env.LC_ALL" value="en_US.UTF-8" />
    <property name="env.TRAVIS_JOB_WEB_URL" value="https://travis-ci.org/icyphy/ptII/jobs/532103167" />
    <property name="java.specification.name" value="Java Platform API Specification" />
    <property name="node.works" value="true" />
    <property name="user.timezone" value="" />
    <property name="path.separator" value=":" />
    <property name="env.TRAVIS_ENABLE_INFRA_DETECTION" value="true" />
    <property name="env.PYTHON_CFLAGS" value="-g -fstack-protector --param=ssp-buffer-size=4 -Wformat -Werror=format-security" />
    <property name="timeout.long" value="4000000" />
    <property name="env.CERTI_HOME" value="/home/travis/pthla/certi-tools" />
    <property name="file.encoding" value="UTF-8" />
    <property name="ant.file.ptII" value="/home/travis/build/icyphy/ptII/build.xml" />
    <property name="javadoc.packagenames" value="com.*,diva.*,lbnl.*,org.hlacerti.*,org.json.*,org.ptolemy.*,org.terraswarm.*,ptolemy.*,ptserver.*" />
    <property name="env.TRAVIS_PULL_REQUEST_SLUG" value="" />
    <property name="ant.project.default-target" value="build" />
    <property name="env.GIT_ASKPASS" value="echo" />
    <property name="env.HOME" value="/home/travis" />
    <property name="sun.java.command" value="org.apache.tools.ant.taskdefs.optional.junit.JUnitTestRunner ptolemy.domains.de.test.junit.JUnitTclTest skipNonTests=false filtertrace=true haltOnError=false haltOnFailure=false formatter=org.apache.tools.ant.taskdefs.optional.junit.OutErrSummaryJUnitResultFormatter showoutput=true outputtoformatters=true logfailedtests=true threadid=0 logtestlistenerevents=false formatter=org.apache.tools.ant.taskdefs.optional.junit.XMLJUnitResultFormatter,/home/travis/build/icyphy/ptII/reports/junit/TEST-ptolemy.domains.de.test.junit.JUnitTclTest.xml crashfile=/home/travis/build/icyphy/ptII/junitvmwatcher8278691101907348640.properties propsfile=/home/travis/build/icyphy/ptII/junit5256523680969127265.properties" />
    <property name="env.MANPATH" value="/home/travis/.nvm/versions/node/v7.10.1/share/man:/home/travis/.kiex/elixirs/elixir-1.4.5/man:/home/travis/.rvm/rubies/ruby-2.4.1/share/man:/usr/local/man:/usr/local/cmake-3.9.2/man:/usr/local/clang-5.0.0/share/man:/usr/local/share/man:/usr/share/man:/home/travis/.rvm/man" />
    <property name="env.COMPOSER_NO_INTERACTION" value="1" />
    <property name="env.JDK_SWITCHER_DEFAULT" value="oraclejdk8" />
    <property name="env.TRAVIS_TIMER_ID" value="074d6e28" />
    <property name="ant.file" value="/home/travis/build/icyphy/ptII/build.xml" />
    <property name="env.TRAVIS_COMMIT_RANGE" value="1588380d5a0cb681557566111709d60c983d08cd...25358e19e906f8e9155807d44808777cd5710b63" />
    <property name="env._system_name" value="Ubuntu" />
    <property name="timeout" value="2400000" />
    <property name="ptII.classpath.optional.property" value="/home/travis/build/icyphy/ptII/lib/bsh-2.0b4.jar:/home/travis/build/icyphy/ptII/lib/ptCal.jar:/home/travis/build/icyphy/ptII/lib/java_cup.jar:/home/travis/build/icyphy/ptII/lib/saxon8.jar:/home/travis/build/icyphy/ptII/lib/saxon8-dom.jar:/home/travis/build/icyphy/ptII/lib/chic.jar:/home/travis/build/icyphy/ptII/lib/ptcolt.jar:/usr/lib/jvm/java-8-oracle/lib/tools.jar:/home/travis/build/icyphy/ptII/vendors/misc/itext/iText.jar:/home/travis/build/icyphy/ptII/lib/g4ltl.jar:/home/travis/build/icyphy/ptII/lib/StructuralCoder.jar:/home/travis/build/icyphy/ptII/vendors/jai-1_1_2_01/lib/jai_core.jar:/home/travis/build/icyphy/ptII/vendors/jai-1_1_2_01/lib/jai_codec.jar:/home/travis/build/icyphy/ptII/lib/jcerti.jar:/home/travis/build/icyphy/ptII/lib/javax.mail.jar:/home/travis/build/icyphy/ptII/vendors/JMF-2.1.1e/lib/jmf.jar:/home/travis/build/icyphy/ptII/lib/jna-4.0.0-variadic.jar:/home/travis/build/icyphy/ptII/vendors/misc/joystick/Joystick.jar:/home/travis/build/icyphy/ptII/lib/ptjacl.jar:/home/travis/build/icyphy/ptII/lib/jsoup-1.8.2.jar:/home/travis/build/icyphy/ptII/lib/junit-4.8.2.jar:/home/travis/build/icyphy/ptII/lib/JUnitParams-0.4.0.jar:/home/travis/build/icyphy/ptII/ptolemy/actor/lib/excel/jxl.jar:/home/travis/build/icyphy/ptII/lib/jython.jar:/home/travis/build/icyphy/ptII/lib/kieler.jar:/home/travis/build/icyphy/ptII/vendors/opencv/share/OpenCV/java/opencv-341.jar:/home/travis/build/icyphy/ptII/lib/oscP5.jar:/home/travis/build/icyphy/ptII/lib/nrjavaserial-3.11.0.devel.jar:/home/travis/build/icyphy/ptII/vendors/j3d/lib/j3dcore.jar:/home/travis/build/icyphy/ptII/vendors/j3d/lib/j3dutils.jar:/home/travis/build/icyphy/ptII/vendors/j3d/lib/vecmath.jar:/home/travis/build/icyphy/ptII/ptolemy/distributed/jini/jar/jini-core.jar:/home/travis/build/icyphy/ptII/ptolemy/distributed/jini/jar/jini-ext.jar:/home/travis/build/icyphy/ptII/ptolemy/distributed/jini/jar/sun-util.jar:/home/travis/build/icyphy/ptII/lib/protobuf-java-2.4.1.jar:/home/travis/build/icyphy/ptII/lib/org.eclipse.paho.client.mqttv3.jar:/home/travis/build/icyphy/ptII/lib/mapss.jar:/home/travis/build/icyphy/ptII/ptolemy/actor/ptalon/antlr/antlr.jar:/home/travis/build/icyphy/ptII/lib/JRI.jar:/home/travis/build/icyphy/ptII/lib/commons-lang-2.6.jar:/home/travis/build/icyphy/ptII/lib/commons-logging-1.1.1.jar:/home/travis/build/icyphy/ptII/lib/sootclasses.jar:/home/travis/build/icyphy/ptII/ptolemy/actor/lib/database/mysql-connector-java-5.1.6-bin.jar:/home/travis/build/icyphy/ptII/vendors/misc/sphinx4/sphinx4-data-5prealpha.jar:/home/travis/build/icyphy/ptII/vendors/misc/sphinx4/sphinx4-core-5prealpha.jar:/home/travis/build/icyphy/ptII/lib/PDFRenderer.jar:/home/travis/build/icyphy/ptII/lib/svgSalamander.jar:/home/travis/build/icyphy/ptII/lib/rsyntaxtextarea-2.6.0-SNAPSHOT.jar:/home/travis/build/icyphy/ptII/lib/hazelcast-3.8.2.jar:/home/travis/build/icyphy/ptII/lib/jackson-annotations-2.9.0.jar:/home/travis/build/icyphy/ptII/lib/jackson-core-2.9.3.jar:/home/travis/build/icyphy/ptII/lib/jackson-databind-2.9.3.jar:/home/travis/build/icyphy/ptII/lib/netty-buffer-4.1.19.Final.jar:/home/travis/build/icyphy/ptII/lib/netty-codec-4.1.19.Final.jar:/home/travis/build/icyphy/ptII/lib/netty-codec-dns-4.1.19.Final.jar:/home/travis/build/icyphy/ptII/lib/netty-codec-http-4.1.19.Final.jar:/home/travis/build/icyphy/ptII/lib/netty-codec-http2-4.1.19.Final.jar:/home/travis/build/icyphy/ptII/lib/netty-common-4.1.19.Final.jar:/home/travis/build/icyphy/ptII/lib/netty-handler-4.1.19.Final.jar:/home/travis/build/icyphy/ptII/lib/netty-resolver-4.1.19.Final.jar:/home/travis/build/icyphy/ptII/lib/netty-resolver-dns-4.1.19.Final.jar:/home/travis/build/icyphy/ptII/lib/netty-transport-4.1.19.Final.jar:/home/travis/build/icyphy/ptII/lib/vertx-codegen-3.5.1.jar:/home/travis/build/icyphy/ptII/lib/vertx-core-3.5.2-SNAPSHOT.jar:/home/travis/build/icyphy/ptII/lib/vertx-hazelcast-3.5.1.jar:/home/travis/build/icyphy/ptII/lib/vertx-lang-js-3.5.1.jar:/home/travis/build/icyphy/ptII/lib/vertx-service-proxy-3.5.1.jar:/home/travis/build/icyphy/ptII/lib/vertx-web-3.5.1.jar:/home/travis/build/icyphy/ptII/lib/slf4j-api-1.7.13.jar:/home/travis/build/icyphy/ptII/lib/slf4j-simple-1.7.13.jar:/home/travis/build/icyphy/ptII/lib/webcam-capture-0.3.12.jar:/home/travis/build/icyphy/ptII/lib/bridj-0.7.0.jar:/home/travis/build/icyphy/ptII/lib/xbjlib-1.1.0.nrjavaserial.jar" />
    <property name="test.batch" value="**/junit/*.java" />
    <property name="env._" value="/usr/bin/timeout" />
    <property name="java.io.tmpdir" value="/tmp" />
    <property name="env.TRAVIS_INTERNAL_RUBY_REGEX" value="^ruby-(2\.[0-4]\.[0-9]|1\.9\.3)" />
    <property name="user.language" value="en" />
    <property name="env.HISTCONTROL" value="ignoredups:ignorespace" />
    <property name="env.GOROOT" value="/home/travis/.gimme/versions/go1.7.4.linux.amd64" />
    <property name="line.separator" value="&#xa;" />
    <property name="target" value="1.8" />
    <property name="env.TRAVIS_BUILD_DIR" value="/home/travis/build/icyphy/ptII" />
    <property name="env.ANT_OPTS" value="-Xmx2048m" />
    <property name="ant.file.type" value="file" />
    <property name="ptolemy.ptII.batchMode" value="true" />
    <property name="env.HISTSIZE" value="1000" />
    <property name="env.MERB_ENV" value="test" />
    <property name="java.vm.info" value="mixed mode" />
    <property name="source" value="1.8" />
    <property name="java.vm.specification.name" value="Java Virtual Machine Specification" />
    <property name="env.TRAVIS_TEST_RESULT" value="0" />
    <property name="jsdoc.command" value="node_modules/@terraswarm/jsdoc/jsdoc.js" />
    <property name="npm.works" value="true" />
    <property name="cobertura.dir" value="/home/travis/build/icyphy/ptII/vendors/cobertura-2.0.3" />
    <property name="env.rvm_path" value="/home/travis/.rvm" />
    <property name="env.GEM_PATH" value="/home/travis/.rvm/gems/ruby-2.4.1:/home/travis/.rvm/gems/ruby-2.4.1@global" />
    <property name="env.LC_CTYPE" value="en_US.UTF-8" />
    <property name="java.awt.printerjob" value="sun.print.PSPrinterJob" />
    <property name="env.TRAVIS_CMD" value="$PTII/bin/ptIITravisBuild.sh $SECONDS" />
    <property name="env.TRAVIS_STACK_NAME" value="garnet" />
    <property name="env.TRAVIS_TIMER_START_TIME" value="1557807331767822378" />
    <property name="ant.version" value="Apache Ant(TM) version 1.10.1 compiled on February 2 2017" />
    <property name="ptII.reports" value="/home/travis/build/icyphy/ptII/reports" />
    <property name="env.TRAVIS_STACK_TIMESTAMP" value="2017-12-05 19:33:09 UTC" />
    <property name="ant.file.type.ptII" value="file" />
    <property name="env.RBENV_SHELL" value="bash" />
    <property name="os.name" value="Linux" />
    <property name="java.specification.vendor" value="Oracle Corporation" />
    <property name="env.rvm_version" value="1.29.3 (latest)" />
    <property name="env.TRAVIS_INFRA" value="gce" />
    <property name="env.TERM" value="xterm" />
    <property name="java.vm.name" value="Java HotSpot(TM) 64-Bit Server VM" />
    <property name="env.TRAVIS_BUILD_NUMBER" value="1130" />
    <property name="env.CI" value="true" />
    <property name="java.library.path" value="/home/travis/pthla/certi-tools/lib:/usr/lib/jni:/usr/local/share/OpenCV/java/:/usr/share/OpenCV/java::/usr/java/packages/lib/amd64:/usr/lib64:/lib64:/lib:/usr/lib" />
    <property name="env.rvm_prefix" value="/home/travis" />
    <property name="env.PATH" value="/home/travis/pthla/certi-tools/share/scripts:/home/travis/.rvm/gems/ruby-2.4.1/bin:/home/travis/.rvm/gems/ruby-2.4.1@global/bin:/home/travis/.rvm/rubies/ruby-2.4.1/bin:/home/travis/.rvm/bin:/home/travis/.nvm/versions/node/v7.10.1/bin:./node_modules/.bin:/home/travis/build/icyphy/ptII/bin:/home/travis/pthla/certi-tools/bin:/home/travis/bin:/home/travis/.local/bin:/opt/pyenv/shims:/home/travis/.phpenv/shims:/home/travis/perl5/perlbrew/bin:/home/travis/.kiex/elixirs/elixir-1.4.5/bin:/home/travis/.kiex/bin:/home/travis/gopath/bin:/home/travis/.gimme/versions/go1.7.4.linux.amd64/bin:/usr/local/phantomjs/bin:/usr/local/phantomjs:/usr/local/neo4j-3.2.7/bin:/usr/local/maven-3.5.2/bin:/usr/local/cmake-3.9.2/bin:/usr/local/clang-5.0.0/bin:/usr/local/sbin:/usr/local/bin:/usr/sbin:/usr/bin:/sbin:/bin:/home/travis/.phpenv/bin:/opt/pyenv/bin:/home/travis/.yarn/bin" />
    <property name="env.TRAVIS_OS_NAME" value="linux" />
    <property name="ant.java.version" value="1.8" />
    <property name="basedir" value="/home/travis/build/icyphy/ptII" />
    <property name="java.class.version" value="52.0" />
    <property name="env.SHLVL" value="3" />
    <property name="env.LD_LIBRARY_PATH" value="/home/travis/pthla/certi-tools/lib:/usr/lib/jni:/usr/local/share/OpenCV/java/:/usr/share/OpenCV/java:" />
    <property name="env.RACK_ENV" value="test" />
    <property name="ant.home" value="/home/travis/build/icyphy/ptII/ant" />
    <property name="env.PERLBREW_BASHRC_VERSION" value="0.80" />
    <property name="env.NVM_DIR" value="/home/travis/.nvm" />
    <property name="env.TRAVIS_BUILD_ID" value="532103158" />
    <property name="env.CERTI_FOM_PATH" value="/home/travis/pthla/certi-tools/share/federations" />
    <property name="env.PYENV_ROOT" value="/opt/pyenv" />
    <property name="env.TRAVIS_UID" value="2000" />
    <property name="env.rvm_pretty_print_flag" value="auto" />
    <property name="env.NVM_BIN" value="/home/travis/.nvm/versions/node/v7.10.1/bin" />
    <property name="env.TRAVIS_COMMIT" value="25358e19e906f8e9155807d44808777cd5710b63" />
    <property name="env._system_arch" value="x86_64" />
    <property name="node.executable" value="node" />
    <property name="sun.boot.library.path" value="/usr/lib/jvm/java-8-oracle/jre/lib/amd64" />
    <property name="sun.management.compiler" value="HotSpot 64-Bit Tiered Compilers" />
    <property name="env.GOPATH" value="/home/travis/gopath" />
    <property name="java.awt.graphicsenv" value="sun.awt.X11GraphicsEnvironment" />
    <property name="ptolemy.ptII.dir" value="/home/travis/build/icyphy/ptII" />
    <property name="env.USER" value="travis" />
    <property name="env.HISTFILESIZE" value="2000" />
    <property name="timeout.longest" value="19000000" />
    <property name="env.TRAVIS_STACK_FEATURES" value="basic cassandra chromium couchdb disabled-ipv6 docker docker-compose elasticsearch firefox go-toolchain google-chrome jdk memcached mongodb mysql neo4j nodejs_interpreter perl_interpreter perlbrew phantomjs postgresql python_interpreter rabbitmq redis riak ruby_interpreter sqlite xserver" />
    <property name="env.TRAVIS_PULL_REQUEST" value="false" />
    <property name="env.PYENV_SHELL" value="bash" />
    <property name="ant.project.name" value="ptII" />
    <property name="java.vm.specification.version" value="1.8" />
    <property name="env.ANSI_RESET" value="\033[0m" />
    <property name="env.TRAVIS_DIST" value="trusty" />
    <property name="env.CERTI_VERSION" value="4.0.0" />
    <property name="env.NLSPATH" value="/usr/dt/lib/nls/msg/%L/%N.cat" />
    <property name="awt.toolkit" value="sun.awt.X11.XToolkit" />
    <property name="env.CERTI_HOST" value="localhost" />
    <property name="env.MY_RUBY_HOME" value="/home/travis/.rvm/rubies/ruby-2.4.1" />
    <property name="sun.cpu.isalist" value="" />
    <property name="env.TRAVIS_TMPDIR" value="/tmp/tmp.Cc8XHFwi3p" />
    <property name="java.ext.dirs" value="/usr/lib/jvm/java-8-oracle/jre/lib/ext:/usr/java/packages/lib/ext" />
    <property name="os.version" value="4.4.0-101-generic" />
    <property name="user.home" value="/home/travis" />
    <property name="env.MIX_ARCHIVES" value="/home/travis/.kiex/mix/elixir-1.4.5" />
    <property name="java.vm.vendor" value="Oracle Corporation" />
    <property name="env.TRAVIS_TAG" value="nightly" />
    <property name="env.ANSI_YELLOW" value="\033[33;1m" />
    <property name="env.TRAVIS_FILTERED" value="redirect_io" />
    <property name="env.ANSI_GREEN" value="\033[32;1m" />
    <property name="env.JAVA_HOME" value="/usr/lib/jvm/java-8-oracle" />
    <property name="env.PTII" value="/home/travis/build/icyphy/ptII" />
    <property name="javadoc.excludepackagenames" value="adm.cvs2svn.*,build.*,config.*,doc.coding.templates.*,jni.test.jni.meaningOfLife.*,jni.test.jni.testDeux.*,jni.test.jni.testTrois.*,org.terraswarm.accessor.accessors.web.node_modules.*,org.terraswarm.accessor.accessors.web.hosts.cordova.demo.*,org.terraswarm.accessor.accessors.web.hosts.cordova.plugins.*,org.terraswarm.accessor.accessors-svn.*,pt-modules.*,ptolemy.apps.agilent.*,ptolemy.apps.anytimecontrol.*,ptolemy.apps.apes.*,ptolemy.apps.charon.*,ptolemy.apps.crazyboard.*,ptolemy.apps.eclipse.*,ptolemy.apps.etherealSting.*,ptolemy.apps.fullscreen.*,ptolemy.apps.giotto.*,ptolemy.apps.ia.*,ptolemy.apps.interfaces.*,ptolemy.apps.jmf.*,ptolemy.apps.kurt.*,ptolemy.apps.kvm.*,ptolemy.apps.lego.*,ptolemy.apps.lejos.*,ptolemy.apps.midp.*,ptolemy.apps.mobileCoding.*,ptolemy.apps.pendulum.*,ptolemy.apps.rijndael.*,ptolemy.apps.robot.*,ptolemy.apps.security.*,ptolemy.apps.sobel.*,ptolemy.apps.soot.*,ptolemy.apps.throttle.*,ptolemy.apps.tini.*,ptolemy.apps.transmission.*,ptolemy.apps.vergil.*,ptolemy.apps.waba.*,ptolemy.apps.websensor.*,ptolemy.apps.webstart.*,ptolemy.apps.xsl.*,ptolemy.apps.zaurus.*,ptolemy.codegen.c.actor.lib.oldJavaFiles.*,ptolemy.codegen.dsp.lib.*,ptolemy.codegen.kernel.newInterfaces.*,ptolemy.codegen.lib.*,ptolemy.copernicus.kernel.fragment.*,ptolemy.copernicus.shallow.cg.*,ptolemy.domains.giotto.demo.Hierarchy.Hierarchy.*,ptolemy.domains.giotto.demo.Multimode.Multimode.*,ptolemy.domains.giotto.demo.Simple.Simple.*,ptolemy.domains.gr.lib.experimental.*,ptolemy.domains.gro.*,ptolemy.domains.pdf.*,ptolemy.domains.ptinyos.demo.Surge.output.*,ptolemy.moml.test.NoPackageActor.java*,ptolemy.plot.adm.*,ptolemy.plot.servlet.*,reports.*,signed.*,src.*,target.*,vendors.*,ptolemy.apps.eclipse.awt.*,ptolemy.backtrack.*,ptolemy.backtrack.ast.*,ptolemy.cg.adapter.generic.program.procedural.c.mbed*,ptolemy.homer.*,org.ptolemy.scala.*,diva.util.java2d.svg.*,ptolemy.domains.ptinyos.*,ptolemy.actor.lib.fmi.fmipp.*,,org.terraswarm.accessor.accessors.web.node_modules.*,org.terraswarm.accessor.accessors-svn,ptolemy.apps.*,ptolemy.actor.ptalon.demo.ptinyos.SendAndReceiveCnt.output,ptolemy.actor.ptalon.demo.ptinyos.SenseToLeds.output,ptolemy.domains.ptinyos.demo.CntToLedsAndRfm.output,ptolemy.domains.ptinyos.demo.RfmToLeds.output,ptolemy.domains.ptinyos.demo.SendAndReceiveCnt.output,ptolemy.domains.ptinyos.demo.SenseToLeds.output,ptolemy.actor.lib.jjs.modules.udpSocket.*" />
    <property name="env.TRAVIS_COMMIT_MESSAGE" value="Used undocumented tick(min, max) function" />
    <property name="keystore" value="ptKeystore" />
    <property name="env.XDG_SESSION_ID" value="2" />
    <property name="junit.output.dir" value="/home/travis/build/icyphy/ptII/reports/junit" />
    <property name="npm.return.code" value="0" />
    <property name="user.dir" value="/home/travis/build/icyphy/ptII/ptolemy/domains/de/test" />
    <property name="env.TRAVIS_NODE_VERSION" value="7" />
    <property name="env.XFILESEARCHPATH" value="/usr/dt/app-defaults/%L/Dt" />
    <property name="env.TRAVIS_EVENT_TYPE" value="cron" />
    <property name="env.MAIL" value="/var/mail/travis" />
    <property name="env.PWD" value="/home/travis/build/icyphy/ptII" />
    <property name="env.PERLBREW_ROOT" value="/home/travis/perl5/perlbrew" />
    <property name="timeout.npm" value="45000" />
    <property name="env.PT_TRAVIS_TEST_CORE2_XML" value="true" />
    <property name="env.TRAVIS_ARCH" value="amd64" />
    <property name="env.PAGER" value="cat" />
    <property name="sun.cpu.endian" value="little" />
    <property name="env.TRAVIS_BUILD_STAGE_NAME" value="Test" />
    <property name="env.PERLBREW_HOME" value="/home/travis/.perlbrew" />
    <property name="env.RAILS_ENV" value="test" />
    <property name="java.vm.version" value="25.151-b12" />
    <property name="java.class.path" value="/home/travis/build/icyphy/ptII:/home/travis/build/icyphy/ptII/lib/bsh-2.0b4.jar:/home/travis/build/icyphy/ptII/lib/ptCal.jar:/home/travis/build/icyphy/ptII/lib/java_cup.jar:/home/travis/build/icyphy/ptII/lib/saxon8.jar:/home/travis/build/icyphy/ptII/lib/saxon8-dom.jar:/home/travis/build/icyphy/ptII/lib/chic.jar:/home/travis/build/icyphy/ptII/lib/ptcolt.jar:/usr/lib/jvm/java-8-oracle/lib/tools.jar:/home/travis/build/icyphy/ptII/vendors/misc/itext/iText.jar:/home/travis/build/icyphy/ptII/lib/g4ltl.jar:/home/travis/build/icyphy/ptII/lib/StructuralCoder.jar:/home/travis/build/icyphy/ptII/vendors/jai-1_1_2_01/lib/jai_core.jar:/home/travis/build/icyphy/ptII/vendors/jai-1_1_2_01/lib/jai_codec.jar:/home/travis/build/icyphy/ptII/lib/jcerti.jar:/home/travis/build/icyphy/ptII/lib/javax.mail.jar:/home/travis/build/icyphy/ptII/vendors/JMF-2.1.1e/lib/jmf.jar:/home/travis/build/icyphy/ptII/lib/jna-4.0.0-variadic.jar:/home/travis/build/icyphy/ptII/vendors/misc/joystick/Joystick.jar:/home/travis/build/icyphy/ptII/lib/ptjacl.jar:/home/travis/build/icyphy/ptII/lib/jsoup-1.8.2.jar:/home/travis/build/icyphy/ptII/lib/junit-4.8.2.jar:/home/travis/build/icyphy/ptII/lib/JUnitParams-0.4.0.jar:/home/travis/build/icyphy/ptII/ptolemy/actor/lib/excel/jxl.jar:/home/travis/build/icyphy/ptII/lib/jython.jar:/home/travis/build/icyphy/ptII/lib/kieler.jar:/home/travis/build/icyphy/ptII/vendors/opencv/share/OpenCV/java/opencv-341.jar:/home/travis/build/icyphy/ptII/lib/oscP5.jar:/home/travis/build/icyphy/ptII/lib/nrjavaserial-3.11.0.devel.jar:/home/travis/build/icyphy/ptII/vendors/j3d/lib/j3dcore.jar:/home/travis/build/icyphy/ptII/vendors/j3d/lib/j3dutils.jar:/home/travis/build/icyphy/ptII/vendors/j3d/lib/vecmath.jar:/home/travis/build/icyphy/ptII/ptolemy/distributed/jini/jar/jini-core.jar:/home/travis/build/icyphy/ptII/ptolemy/distributed/jini/jar/jini-ext.jar:/home/travis/build/icyphy/ptII/ptolemy/distributed/jini/jar/sun-util.jar:/home/travis/build/icyphy/ptII/lib/protobuf-java-2.4.1.jar:/home/travis/build/icyphy/ptII/lib/org.eclipse.paho.client.mqttv3.jar:/home/travis/build/icyphy/ptII/lib/mapss.jar:/home/travis/build/icyphy/ptII/ptolemy/actor/ptalon/antlr/antlr.jar:/home/travis/build/icyphy/ptII/lib/JRI.jar:/home/travis/build/icyphy/ptII/lib/commons-lang-2.6.jar:/home/travis/build/icyphy/ptII/lib/commons-logging-1.1.1.jar:/home/travis/build/icyphy/ptII/lib/sootclasses.jar:/home/travis/build/icyphy/ptII/ptolemy/actor/lib/database/mysql-connector-java-5.1.6-bin.jar:/home/travis/build/icyphy/ptII/vendors/misc/sphinx4/sphinx4-data-5prealpha.jar:/home/travis/build/icyphy/ptII/vendors/misc/sphinx4/sphinx4-core-5prealpha.jar:/home/travis/build/icyphy/ptII/lib/PDFRenderer.jar:/home/travis/build/icyphy/ptII/lib/svgSalamander.jar:/home/travis/build/icyphy/ptII/lib/rsyntaxtextarea-2.6.0-SNAPSHOT.jar:/home/travis/build/icyphy/ptII/lib/hazelcast-3.8.2.jar:/home/travis/build/icyphy/ptII/lib/jackson-annotations-2.9.0.jar:/home/travis/build/icyphy/ptII/lib/jackson-core-2.9.3.jar:/home/travis/build/icyphy/ptII/lib/jackson-databind-2.9.3.jar:/home/travis/build/icyphy/ptII/lib/netty-buffer-4.1.19.Final.jar:/home/travis/build/icyphy/ptII/lib/netty-codec-4.1.19.Final.jar:/home/travis/build/icyphy/ptII/lib/netty-codec-dns-4.1.19.Final.jar:/home/travis/build/icyphy/ptII/lib/netty-codec-http-4.1.19.Final.jar:/home/travis/build/icyphy/ptII/lib/netty-codec-http2-4.1.19.Final.jar:/home/travis/build/icyphy/ptII/lib/netty-common-4.1.19.Final.jar:/home/travis/build/icyphy/ptII/lib/netty-handler-4.1.19.Final.jar:/home/travis/build/icyphy/ptII/lib/netty-resolver-4.1.19.Final.jar:/home/travis/build/icyphy/ptII/lib/netty-resolver-dns-4.1.19.Final.jar:/home/travis/build/icyphy/ptII/lib/netty-transport-4.1.19.Final.jar:/home/travis/build/icyphy/ptII/lib/vertx-codegen-3.5.1.jar:/home/travis/build/icyphy/ptII/lib/vertx-core-3.5.2-SNAPSHOT.jar:/home/travis/build/icyphy/ptII/lib/vertx-hazelcast-3.5.1.jar:/home/travis/build/icyphy/ptII/lib/vertx-lang-js-3.5.1.jar:/home/travis/build/icyphy/ptII/lib/vertx-service-proxy-3.5.1.jar:/home/travis/build/icyphy/ptII/lib/vertx-web-3.5.1.jar:/home/travis/build/icyphy/ptII/lib/slf4j-api-1.7.13.jar:/home/travis/build/icyphy/ptII/lib/slf4j-simple-1.7.13.jar:/home/travis/build/icyphy/ptII/lib/webcam-capture-0.3.12.jar:/home/travis/build/icyphy/ptII/lib/bridj-0.7.0.jar:/home/travis/build/icyphy/ptII/lib/xbjlib-1.1.0.nrjavaserial.jar:/home/travis/build/icyphy/ptII/ptolemy/moml/test:/home/travis/build/icyphy/ptII/ant/lib/ant-launcher.jar:/home/travis/build/icyphy/ptII/ant/lib/ant.jar:/home/travis/build/icyphy/ptII/ant/lib/ant-junit.jar:/home/travis/build/icyphy/ptII/ant/lib/ant-junit4.jar" />
    <property name="ant.library.dir" value="/home/travis/build/icyphy/ptII/ant/lib" />
    <property name="os.arch" value="amd64" />
    <property name="env.TRAVIS_LANGUAGE" value="node_js" />
    <property name="env.CONTINUOUS_INTEGRATION" value="true" />
    <property name="env.TRAVIS_STACK_LANGUAGES" value="__garnet__ c c++ clojure cplusplus cpp default go groovy java node_js php pure_java python ruby scala" />
    <property name="test.name" value="ptolemy.actor.lib.test.junit.JUnitTclTest" />
    <property name="sun.java.launcher" value="SUN_STANDARD" />
    <property name="env.PYTHON_CONFIGURE_OPTS" value="--enable-unicode=ucs4 --with-wide-unicode --enable-shared --enable-ipv6 --enable-loadable-sqlite-extensions --with-computed-gotos" />
    <property name="ant.core.lib" value="/home/travis/build/icyphy/ptII/ant/lib/ant.jar" />
    <property name="java.vm.specification.vendor" value="Oracle Corporation" />
    <property name="env.BCVTB_HOME" value="/home/travis/build/icyphy/ptII/lbnl" />
    <property name="file.separator" value="/" />
    <property name="spotbugs.home" value="/home/travis/build/icyphy/ptII/vendors/spotbugs-3.1.1" />
    <property name="java.runtime.version" value="1.8.0_151-b12" />
    <property name="sun.boot.class.path" value="/usr/lib/jvm/java-8-oracle/jre/lib/resources.jar:/usr/lib/jvm/java-8-oracle/jre/lib/rt.jar:/usr/lib/jvm/java-8-oracle/jre/lib/sunrsasign.jar:/usr/lib/jvm/java-8-oracle/jre/lib/jsse.jar:/usr/lib/jvm/java-8-oracle/jre/lib/jce.jar:/usr/lib/jvm/java-8-oracle/jre/lib/charsets.jar:/usr/lib/jvm/java-8-oracle/jre/lib/jfr.jar:/usr/lib/jvm/java-8-oracle/jre/classes" />
    <property name="env.ANSI_CLEAR" value="\033[0K" />
    <property name="env.HAS_JOSH_K_SEAL_OF_APPROVAL" value="true" />
    <property name="env.XDG_RUNTIME_DIR" value="/run/user/2000" />
    <property name="env.TRAVIS_OSX_IMAGE" value="" />
    <property name="env.TRAVIS_BRANCH" value="master" />
    <property name="env.TRAVIS_JOB_ID" value="532103167" />
    <property name="user.country" value="US" />
    <property name="env.CERTI_HOME_TRAVIS" value="/home/travis/pthla/certi-tools" />
    <property name="env.SHELL" value="/bin/bash" />
    <property name="java.maxmemory.large" value="5000m" />
    <property name="model" value="" />
    <property name="env.CASHER_DIR" value="/home/travis/.casher" />
    <property name="env.NVM_CD_FLAGS" value="" />
    <property name="jshint.executable" value="/home/travis/node_modules/jshint/bin/jshint" />
    <property name="java.vendor" value="Oracle Corporation" />
    <property name="env.JRUBY_OPTS" value=" --client -J-XX:+TieredCompilation -J-XX:TieredStopAtLevel=1 -J-Xss2m -Xcompile.invokedynamic=false" />
    <property name="env.TRAVIS_PRE_CHEF_BOOTSTRAP_TIME" value="2017-12-05T19:32:55" />
    <property name="env.TRAVIS_STACK_JOB_BOARD_REGISTER" value="/.job-board-register.yml" />
    <property name="env.ELIXIR_VERSION" value="1.4.5" />
    <property name="env.ANSI_RED" value="\033[31;1m" />
    <property name="java.specification.version" value="1.8" />
    <property name="env.TRAVIS" value="true" />
    <property name="env.IRBRC" value="/home/travis/.rvm/rubies/ruby-2.4.1/.irbrc" />
    <property name="sun.arch.data.model" value="64" />
  </properties>
  <testcase classname="ptolemy.util.test.junit.TclTests" name="[0] /home/travis/build/icyphy/ptII/ptolemy/domains/de/test/DependencyLoop.tcl (RunTclFile)" time="0.763" />
  <testcase classname="ptolemy.util.test.junit.TclTests" name="[1] /home/travis/build/icyphy/ptII/ptolemy/domains/de/test/RunDETestsAsQSS.tcl (RunTclFile)" time="86.534" />
  <testcase classname="ptolemy.util.test.junit.AutoKnownFailedTests" name="[0] /home/travis/build/icyphy/ptII/ptolemy/domains/de/test/auto/knownFailedTests/DESDFClockTest.xml (RunModel)" time="2.029" />
  <testcase classname="ptolemy.util.test.junit.AutoKnownFailedTests" name="[1] /home/travis/build/icyphy/ptII/ptolemy/domains/de/test/auto/knownFailedTests/DirectFeedback.xml (RunModel)" time="0.019" />
  <testcase classname="ptolemy.util.test.junit.AutoKnownFailedTests" name="[2] /home/travis/build/icyphy/ptII/ptolemy/domains/de/test/auto/knownFailedTests/FSMSource.xml (RunModel)" time="0.013" />
  <testcase classname="ptolemy.util.test.junit.AutoKnownFailedTests" name="[3] /home/travis/build/icyphy/ptII/ptolemy/domains/de/test/auto/knownFailedTests/HierarchicalModel.xml (RunModel)" time="0.024" />
  <testcase classname="ptolemy.util.test.junit.AutoKnownFailedTests" name="[4] /home/travis/build/icyphy/ptII/ptolemy/domains/de/test/auto/knownFailedTests/dependencyLoop.xml (RunModel)" time="0.022" />
  <testcase classname="ptolemy.util.test.junit.AutoKnownFailedTests" name="[5] /home/travis/build/icyphy/ptII/ptolemy/domains/de/test/auto/knownFailedTests/dependencyLoop2.xml (RunModel)" time="0.032" />
  <testcase classname="ptolemy.util.test.junit.AutoNameArchTests" name="[0] ThereAreNoAutoArchTests (RunModel)" time="0.005" />
  <testcase classname="ptolemy.util.test.junit.AutoTests" name="[0] /home/travis/build/icyphy/ptII/ptolemy/domains/de/test/auto/ActorDepthCalculation_actorWithoutPorts.xml (RunModel)" time="0.014" />
  <testcase classname="ptolemy.util.test.junit.AutoTests" name="[1] /home/travis/build/icyphy/ptII/ptolemy/domains/de/test/auto/AssemblyLine.xml (RunModel)" time="0.014" />
  <testcase classname="ptolemy.util.test.junit.AutoTests" name="[2] /home/travis/build/icyphy/ptII/ptolemy/domains/de/test/auto/CQBug1.xml (RunModel)" time="0.009" />
  <testcase classname="ptolemy.util.test.junit.AutoTests" name="[3] /home/travis/build/icyphy/ptII/ptolemy/domains/de/test/auto/CancelFireAt.xml (RunModel)" time="0.009" />
  <testcase classname="ptolemy.util.test.junit.AutoTests" name="[4] /home/travis/build/icyphy/ptII/ptolemy/domains/de/test/auto/CausalityAndComposabilityAnalysis.xml (RunModel)" time="0.009" />
  <testcase classname="ptolemy.util.test.junit.AutoTests" name="[5] /home/travis/build/icyphy/ptII/ptolemy/domains/de/test/auto/CausalityInterface1.xml (RunModel)" time="0.012" />
  <testcase classname="ptolemy.util.test.junit.AutoTests" name="[6] /home/travis/build/icyphy/ptII/ptolemy/domains/de/test/auto/CausalityInterface15.xml (RunModel)" time="0.01" />
  <testcase classname="ptolemy.util.test.junit.AutoTests" name="[7] /home/travis/build/icyphy/ptII/ptolemy/domains/de/test/auto/CausalityInterface2.xml (RunModel)" time="0.009" />
  <testcase classname="ptolemy.util.test.junit.AutoTests" name="[8] /home/travis/build/icyphy/ptII/ptolemy/domains/de/test/auto/CausalityInterface3.xml (RunModel)" time="0.008" />
  <testcase classname="ptolemy.util.test.junit.AutoTests" name="[9] /home/travis/build/icyphy/ptII/ptolemy/domains/de/test/auto/ClockDrift.xml (RunModel)" time="0.035" />
  <testcase classname="ptolemy.util.test.junit.AutoTests" name="[10] /home/travis/build/icyphy/ptII/ptolemy/domains/de/test/auto/ClockDriftAndValueChange.xml (RunModel)" time="0.02" />
  <testcase classname="ptolemy.util.test.junit.AutoTests" name="[11] /home/travis/build/icyphy/ptII/ptolemy/domains/de/test/auto/ClockDriftChange.xml (RunModel)" time="0.025" />
  <testcase classname="ptolemy.util.test.junit.AutoTests" name="[12] /home/travis/build/icyphy/ptII/ptolemy/domains/de/test/auto/ComposableCausalityAnalysis.xml (RunModel)" time="0.011" />
  <testcase classname="ptolemy.util.test.junit.AutoTests" name="[13] /home/travis/build/icyphy/ptII/ptolemy/domains/de/test/auto/DEFixedPointLimitation.xml (RunModel)" time="0.012" />
  <testcase classname="ptolemy.util.test.junit.AutoTests" name="[14] /home/travis/build/icyphy/ptII/ptolemy/domains/de/test/auto/DEScheduleTest.xml (RunModel)" time="0.009" />
  <testcase classname="ptolemy.util.test.junit.AutoTests" name="[15] /home/travis/build/icyphy/ptII/ptolemy/domains/de/test/auto/DEinDEwithStartTimes.xml (RunModel)" time="0.013" />
  <testcase classname="ptolemy.util.test.junit.AutoTests" name="[16] /home/travis/build/icyphy/ptII/ptolemy/domains/de/test/auto/DEinDEwithStartTimes2.xml (RunModel)" time="0.013" />
  <testcase classname="ptolemy.util.test.junit.AutoTests" name="[17] /home/travis/build/icyphy/ptII/ptolemy/domains/de/test/auto/DateDemo.xml (RunModel)" time="0.022" />
  <testcase classname="ptolemy.util.test.junit.AutoTests" name="[18] /home/travis/build/icyphy/ptII/ptolemy/domains/de/test/auto/DateToEvent.xml (RunModel)" time="2.027" />
  <testcase classname="ptolemy.util.test.junit.AutoTests" name="[19] /home/travis/build/icyphy/ptII/ptolemy/domains/de/test/auto/DepthTest1.xml (RunModel)" time="0.006" />
  <testcase classname="ptolemy.util.test.junit.AutoTests" name="[20] /home/travis/build/icyphy/ptII/ptolemy/domains/de/test/auto/DepthTest2.xml (RunModel)" time="0.011" />
  <testcase classname="ptolemy.util.test.junit.AutoTests" name="[21] /home/travis/build/icyphy/ptII/ptolemy/domains/de/test/auto/DepthTest3.xml (RunModel)" time="0.005" />
  <testcase classname="ptolemy.util.test.junit.AutoTests" name="[22] /home/travis/build/icyphy/ptII/ptolemy/domains/de/test/auto/DepthTest4.xml (RunModel)" time="0.008" />
  <testcase classname="ptolemy.util.test.junit.AutoTests" name="[23] /home/travis/build/icyphy/ptII/ptolemy/domains/de/test/auto/DepthTest5.xml (RunModel)" time="0.009" />
  <testcase classname="ptolemy.util.test.junit.AutoTests" name="[24] /home/travis/build/icyphy/ptII/ptolemy/domains/de/test/auto/DepthTest6.xml (RunModel)" time="0.009" />
  <testcase classname="ptolemy.util.test.junit.AutoTests" name="[25] /home/travis/build/icyphy/ptII/ptolemy/domains/de/test/auto/DepthTest7.xml (RunModel)" time="0.008" />
  <testcase classname="ptolemy.util.test.junit.AutoTests" name="[26] /home/travis/build/icyphy/ptII/ptolemy/domains/de/test/auto/EventToDate.xml (RunModel)" time="3.021" />
  <testcase classname="ptolemy.util.test.junit.AutoTests" name="[27] /home/travis/build/icyphy/ptII/ptolemy/domains/de/test/auto/FSM1.xml (RunModel)" time="0.031" />
  <testcase classname="ptolemy.util.test.junit.AutoTests" name="[28] /home/travis/build/icyphy/ptII/ptolemy/domains/de/test/auto/FSM7.xml (RunModel)" time="0.041" />
  <testcase classname="ptolemy.util.test.junit.AutoTests" name="[29] /home/travis/build/icyphy/ptII/ptolemy/domains/de/test/auto/Inspection.xml (RunModel)" time="0.044" />
  <testcase classname="ptolemy.util.test.junit.AutoTests" name="[30] /home/travis/build/icyphy/ptII/ptolemy/domains/de/test/auto/Iteration.xml (RunModel)" time="0.021" />
  <testcase classname="ptolemy.util.test.junit.AutoTests" name="[31] /home/travis/build/icyphy/ptII/ptolemy/domains/de/test/auto/LineFault.xml (RunModel)" time="0.419" />
  <testcase classname="ptolemy.util.test.junit.AutoTests" name="[32] /home/travis/build/icyphy/ptII/ptolemy/domains/de/test/auto/MergeModel1Add.xml (RunModel)" time="0.032" />
  <testcase classname="ptolemy.util.test.junit.AutoTests" name="[33] /home/travis/build/icyphy/ptII/ptolemy/domains/de/test/auto/MergeModel2Add.xml (RunModel)" time="0.029" />
  <testcase classname="ptolemy.util.test.junit.AutoTests" name="[34] /home/travis/build/icyphy/ptII/ptolemy/domains/de/test/auto/MergeModel3Add.xml (RunModel)" time="0.029" />
  <testcase classname="ptolemy.util.test.junit.AutoTests" name="[35] /home/travis/build/icyphy/ptII/ptolemy/domains/de/test/auto/MergeWithoutDiscard.xml (RunModel)" time="0.007" />
  <testcase classname="ptolemy.util.test.junit.AutoTests" name="[36] /home/travis/build/icyphy/ptII/ptolemy/domains/de/test/auto/Modal1.xml (RunModel)" time="0.025" />
  <testcase classname="ptolemy.util.test.junit.AutoTests" name="[37] /home/travis/build/icyphy/ptII/ptolemy/domains/de/test/auto/Modal2.xml (RunModel)" time="0.02" />
  <testcase classname="ptolemy.util.test.junit.AutoTests" name="[38] /home/travis/build/icyphy/ptII/ptolemy/domains/de/test/auto/Modal3.xml (RunModel)" time="0.019" />
  <testcase classname="ptolemy.util.test.junit.AutoTests" name="[39] /home/travis/build/icyphy/ptII/ptolemy/domains/de/test/auto/Modal4.xml (RunModel)" time="0.02" />
  <testcase classname="ptolemy.util.test.junit.AutoTests" name="[40] /home/travis/build/icyphy/ptII/ptolemy/domains/de/test/auto/Modal5.xml (RunModel)" time="0.027" />
  <testcase classname="ptolemy.util.test.junit.AutoTests" name="[41] /home/travis/build/icyphy/ptII/ptolemy/domains/de/test/auto/Modal6.xml (RunModel)" time="0.021" />
  <testcase classname="ptolemy.util.test.junit.AutoTests" name="[42] /home/travis/build/icyphy/ptII/ptolemy/domains/de/test/auto/Modal7.xml (RunModel)" time="0.021" />
  <testcase classname="ptolemy.util.test.junit.AutoTests" name="[43] /home/travis/build/icyphy/ptII/ptolemy/domains/de/test/auto/ModalModel.xml (RunModel)" time="0.129" />
  <testcase classname="ptolemy.util.test.junit.AutoTests" name="[44] /home/travis/build/icyphy/ptII/ptolemy/domains/de/test/auto/ModalSource.xml (RunModel)" time="0.013" />
  <testcase classname="ptolemy.util.test.junit.AutoTests" name="[45] /home/travis/build/icyphy/ptII/ptolemy/domains/de/test/auto/NonInterruptibleTimerZeroDelay.xml (RunModel)" time="0.007" />
  <testcase classname="ptolemy.util.test.junit.AutoTests" name="[46] /home/travis/build/icyphy/ptII/ptolemy/domains/de/test/auto/OpenQueueingNetwork.xml (RunModel)" time="1.896" />
  <testcase classname="ptolemy.util.test.junit.AutoTests" name="[47] /home/travis/build/icyphy/ptII/ptolemy/domains/de/test/auto/OpenQueuingNetwork.xml (RunModel)" time="0.256" />
  <testcase classname="ptolemy.util.test.junit.AutoTests" name="[48] /home/travis/build/icyphy/ptII/ptolemy/domains/de/test/auto/PeriodicSampler.xml (RunModel)" time="0.011" />
  <testcase classname="ptolemy.util.test.junit.AutoTests" name="[49] /home/travis/build/icyphy/ptII/ptolemy/domains/de/test/auto/PersistentIO.xml (RunModel)" time="0.021" />
  <testcase classname="ptolemy.util.test.junit.AutoTests" name="[50] /home/travis/build/icyphy/ptII/ptolemy/domains/de/test/auto/PortParameterResetOnInitialize.xml (RunModel)" time="0.009" />
  <testcase classname="ptolemy.util.test.junit.AutoTests" name="[51] /home/travis/build/icyphy/ptII/ptolemy/domains/de/test/auto/PortParameterUpdates.xml (RunModel)" time="0.017" />
  <testcase classname="ptolemy.util.test.junit.AutoTests" name="[52] /home/travis/build/icyphy/ptII/ptolemy/domains/de/test/auto/QueueAndServer.xml (RunModel)" time="0.018" />
  <testcase classname="ptolemy.util.test.junit.AutoTests" name="[53] /home/travis/build/icyphy/ptII/ptolemy/domains/de/test/auto/Records.xml (RunModel)" time="0.014" />
  <testcase classname="ptolemy.util.test.junit.AutoTests" name="[54] /home/travis/build/icyphy/ptII/ptolemy/domains/de/test/auto/ResetTransitionWithStartTime1.xml (RunModel)" time="0.015" />
  <testcase classname="ptolemy.util.test.junit.AutoTests" name="[55] /home/travis/build/icyphy/ptII/ptolemy/domains/de/test/auto/ResetTransitionWithStartTime2.xml (RunModel)" time="0.015" />
  <testcase classname="ptolemy.util.test.junit.AutoTests" name="[56] /home/travis/build/icyphy/ptII/ptolemy/domains/de/test/auto/ResetTransitionWithStartTime3.xml (RunModel)" time="0.017" />
  <testcase classname="ptolemy.util.test.junit.AutoTests" name="[57] /home/travis/build/icyphy/ptII/ptolemy/domains/de/test/auto/ResetTransitionWithStartTime4.xml (RunModel)" time="0.018" />
  <testcase classname="ptolemy.util.test.junit.AutoTests" name="[58] /home/travis/build/icyphy/ptII/ptolemy/domains/de/test/auto/ResettableTimer1.xml (RunModel)" time="0.01" />
  <testcase classname="ptolemy.util.test.junit.AutoTests" name="[59] /home/travis/build/icyphy/ptII/ptolemy/domains/de/test/auto/ResettableTimer2.xml (RunModel)" time="0.009" />
  <testcase classname="ptolemy.util.test.junit.AutoTests" name="[60] /home/travis/build/icyphy/ptII/ptolemy/domains/de/test/auto/ResettableTimer3.xml (RunModel)" time="0.008" />
  <testcase classname="ptolemy.util.test.junit.AutoTests" name="[61] /home/travis/build/icyphy/ptII/ptolemy/domains/de/test/auto/ResettableTimer4.xml (RunModel)" time="0.01" />
  <testcase classname="ptolemy.util.test.junit.AutoTests" name="[62] /home/travis/build/icyphy/ptII/ptolemy/domains/de/test/auto/ResettableTimer5.xml (RunModel)" time="0.008" />
  <testcase classname="ptolemy.util.test.junit.AutoTests" name="[63] /home/travis/build/icyphy/ptII/ptolemy/domains/de/test/auto/ResettableTimer6.xml (RunModel)" time="0.017" />
  <testcase classname="ptolemy.util.test.junit.AutoTests" name="[64] /home/travis/build/icyphy/ptII/ptolemy/domains/de/test/auto/ServerZeroDelay.xml (RunModel)" time="0.013" />
  <testcase classname="ptolemy.util.test.junit.AutoTests" name="[65] /home/travis/build/icyphy/ptII/ptolemy/domains/de/test/auto/SmartSender.xml (RunModel)" time="3.009" />
  <testcase classname="ptolemy.util.test.junit.AutoTests" name="[66] /home/travis/build/icyphy/ptII/ptolemy/domains/de/test/auto/ThreadedComposite.xml (RunModel)" time="0.196" />
  <testcase classname="ptolemy.util.test.junit.AutoTests" name="[67] /home/travis/build/icyphy/ptII/ptolemy/domains/de/test/auto/Time.xml (RunModel)" time="0.436" />
  <testcase classname="ptolemy.util.test.junit.AutoTests" name="[68] /home/travis/build/icyphy/ptII/ptolemy/domains/de/test/auto/TimeDelayZeroDelay.xml (RunModel)" time="0.012" />
  <testcase classname="ptolemy.util.test.junit.AutoTests" name="[69] /home/travis/build/icyphy/ptII/ptolemy/domains/de/test/auto/TimerZeroDelay.xml (RunModel)" time="0.01" />
  <testcase classname="ptolemy.util.test.junit.AutoTests" name="[70] /home/travis/build/icyphy/ptII/ptolemy/domains/de/test/auto/TimingParadox.xml (RunModel)" time="0.35" />
  <testcase classname="ptolemy.util.test.junit.AutoTests" name="[71] /home/travis/build/icyphy/ptII/ptolemy/domains/de/test/auto/TransferInputs.xml (RunModel)" time="0.013" />
  <testcase classname="ptolemy.util.test.junit.AutoTests" name="[72] /home/travis/build/icyphy/ptII/ptolemy/domains/de/test/auto/TransferOutputs2.xml (RunModel)" time="0.015" />
  <testcase classname="ptolemy.util.test.junit.AutoTests" name="[73] /home/travis/build/icyphy/ptII/ptolemy/domains/de/test/auto/Trilateration.xml (RunModel)" time="11.335" />
  <testcase classname="ptolemy.util.test.junit.AutoTests" name="[74] /home/travis/build/icyphy/ptII/ptolemy/domains/de/test/auto/TwoSigmaDelta.xml (RunModel)" time="1.904" />
  <testcase classname="ptolemy.util.test.junit.AutoTests" name="[75] /home/travis/build/icyphy/ptII/ptolemy/domains/de/test/auto/VariableDelay.xml (RunModel)" time="0.015" />
  <testcase classname="ptolemy.util.test.junit.AutoTests" name="[76] /home/travis/build/icyphy/ptII/ptolemy/domains/de/test/auto/VariableDelay2.xml (RunModel)" time="0.012" />
  <testcase classname="ptolemy.util.test.junit.AutoTests" name="[77] /home/travis/build/icyphy/ptII/ptolemy/domains/de/test/auto/VariableDelayZeroDelay.xml (RunModel)" time="0.014" />
  <testcase classname="ptolemy.util.test.junit.AutoTests" name="[78] /home/travis/build/icyphy/ptII/ptolemy/domains/de/test/auto/VariableDelayZeroDelay2.xml (RunModel)" time="0.009" />
  <testcase classname="ptolemy.util.test.junit.AutoTests" name="[79] /home/travis/build/icyphy/ptII/ptolemy/domains/de/test/auto/deInCt.xml (RunModel)" time="0.015" />
  <testcase classname="ptolemy.util.test.junit.AutoTests" name="[80] /home/travis/build/icyphy/ptII/ptolemy/domains/de/test/auto/deInCt2.xml (RunModel)" time="0.015" />
  <testcase classname="ptolemy.util.test.junit.AutoTests" name="[81] /home/travis/build/icyphy/ptII/ptolemy/domains/de/test/auto/dynamicCausalityInterface1.xml (RunModel)" time="0.016" />
  <testcase classname="ptolemy.util.test.junit.AutoTests" name="[82] /home/travis/build/icyphy/ptII/ptolemy/domains/de/test/auto/fsm_de_test.xml (RunModel)" time="0.032" />
  <testcase classname="ptolemy.util.test.junit.AutoTests" name="[83] /home/travis/build/icyphy/ptII/ptolemy/domains/de/test/auto/functionDependencyReconstruction.xml (RunModel)" time="0.035" />
  <testcase classname="ptolemy.util.test.junit.AutoTests" name="[84] /home/travis/build/icyphy/ptII/ptolemy/domains/de/test/auto/multirate.xml (RunModel)" time="0.02" />
  <testcase classname="ptolemy.util.test.junit.AutoTests" name="[85] /home/travis/build/icyphy/ptII/ptolemy/domains/de/test/auto/multirate2.xml (RunModel)" time="0.014" />
  <testcase classname="ptolemy.util.test.junit.AutoTests" name="[86] /home/travis/build/icyphy/ptII/ptolemy/domains/de/test/auto/realtime.xml (RunModel)" time="10.011" />
  <testcase classname="ptolemy.util.test.junit.AutoTests" name="[87] /home/travis/build/icyphy/ptII/ptolemy/domains/de/test/auto/relationGroup.xml (RunModel)" time="0.007" />
  <testcase classname="ptolemy.util.test.junit.AutoTests" name="[88] /home/travis/build/icyphy/ptII/ptolemy/domains/de/test/auto/relationGroup2.xml (RunModel)" time="0.007" />
  <testcase classname="ptolemy.util.test.junit.AutoTests" name="[89] /home/travis/build/icyphy/ptII/ptolemy/domains/de/test/auto/sortWithOpaquePorts.xml (RunModel)" time="0.008" />
  <testcase classname="ptolemy.util.test.junit.AutoTests" name="[90] /home/travis/build/icyphy/ptII/ptolemy/domains/de/test/auto/transferInputsandOutputs.xml (RunModel)" time="0.014" />
  <testcase classname="ptolemy.util.test.junit.AutoTests" name="[91] /home/travis/build/icyphy/ptII/ptolemy/domains/de/test/auto/triggerType.xml (RunModel)" time="0.008" />
  <system-out><![CDATA[/home/travis/build/icyphy/ptII/ptolemy/domains/de/test/DependencyLoop.tcl
testDefs.tcl: setting time out to 9000 seconds at Tue May 14 04:24:03 UTC 2019
17 ms. Memory: 116224K Free: 97651K (84%)
24 ms. Memory: 146944K Free: 141126K (96%)
/home/travis/build/icyphy/ptII/ptolemy/domains/de/test/RunDETestsAsQSS.tcl
Run the DE tests using ptolemy.domains.qss.test.QSSDirectorTest, which extends QSSDirector and prints a message in the constructors.
------------------ testing $PTII/ptolemy/domains/de/test/auto/knownFailedTests/dependencyLoop.xml (Known Failure) 
7 ms. Memory: 146944K Free: 136880K (93%)


==== $PTIIhome/travis/build/icyphy/ptII/ptolemy/domains/de/test/../../../../: Auto Automatic test in file $PTII/ptolemy/domains/de/test/auto/knownFailedTests/dependencyLoop.xml
==== Contents of test case:

	    # FIXME: we should use $relativeFilename here, but it
	    # might have backslashes under Windows, which causes no end
	    # of trouble.
	    createAndExecute $file
	    list {}
	
.... Test generated KNOWN error:
    while executing
ptolemy.kernel.util.IllegalActionException: Found a zero delay loop containing .dependencyLoop.original
  in .dependencyLoop and .dependencyLoop.original
	at ptolemy.actor.util.CausalityInterfaceForComposites._computeOutputPortDepth(CausalityInterfaceForComposites.java:759)
	at ptolemy.actor.util.CausalityInterfaceForComposites._computeInputDepth(CausalityInterfaceForComposites.java:696)
	at ptolemy.actor.util.CausalityInterfaceForComposites._computeOutputPortDepth(CausalityInterfaceForComposites.java:765)
	at ptolemy.actor.util.CausalityInterfaceForComposites._computeInputDepth(CausalityInterfaceForComposites.java:696)
	at ptolemy.actor.util.CausalityInterfaceForComposites._computeOutputPortDepth(CausalityInterfaceForComposites.java:765)
	at ptolemy.actor.util.CausalityInterfaceForComposites._computeInputDepth(CausalityInterfaceForComposites.java:696)
	at ptolemy.actor.util.CausalityInterfaceForComposites._computeActorDepth(CausalityInterfaceForComposites.java:532)
	at ptolemy.actor.util.CausalityInterfaceForComposites.checkForCycles(CausalityInterfaceForComposites.java:96)
	at ptolemy.domains.de.kernel.DEDirector.preinitialize(DEDirector.java:1338)
	at ptolemy.actor.CompositeActor.preinitialize(CompositeActor.java:1828)
	at ptolemy.actor.Manager.preinitializeAndResolveTypes(Manager.java:1040)
	at ptolemy.actor.Manager.initialize(Manager.java:710)
	at ptolemy.actor.Manager.execute(Manager.java:356)
	at ptolemy.actor.Manager.run(Manager.java:1263)
	at ptolemy.actor.Manager$PtolemyRunThread.run(Manager.java:1915)

    while executing
ptolemy.kernel.util.IllegalActionException: Found a zero delay loop containing .dependencyLoop.original
  in .dependencyLoop and .dependencyLoop.original
    while executing
"java::new ptolemy.moml.MoMLSimpleApplication $file
"
    (procedure "createAndExecute" line 2)
    invoked from within
"createAndExecute $file"
    ("uplevel" body line 5)
    invoked from within
"uplevel $contents_of_test"
------------------ testing $PTII/ptolemy/domains/de/test/auto/knownFailedTests/DESDFClockTest.xml (Known Failure) 
2078 ms. Memory: 146944K Free: 121316K (83%)


==== $PTIIhome/travis/build/icyphy/ptII/ptolemy/domains/de/test/../../../../: Auto Automatic test in file $PTII/ptolemy/domains/de/test/auto/knownFailedTests/DESDFClockTest.xml
==== Contents of test case:

	    # FIXME: we should use $relativeFilename here, but it
	    # might have backslashes under Windows, which causes no end
	    # of trouble.
	    createAndExecute $file
	    list {}
	
.... Test generated KNOWN error:
    while executing
ptolemy.kernel.util.IllegalActionException: Actor is not ready to fire.  Perhaps UpSample.prefire() returned false? Try debugging the actor by selecting "Listen to Actor".  Also, for SDF check moml for tokenConsumptionRate on input.
  in .DESDFClockTest.Play Bell.Copy1:SDF Director and .DESDFClockTest.Play Bell.UpSample
	at ptolemy.actor.sched.StaticSchedulingDirector.fire(StaticSchedulingDirector.java:227)
	at ptolemy.domains.sdf.kernel.SDFDirector.fire(SDFDirector.java:500)
	at ptolemy.actor.CompositeActor.fire(CompositeActor.java:455)
	at ptolemy.domains.de.kernel.DEDirector._fire(DEDirector.java:1949)
	at ptolemy.domains.de.kernel.DEDirector.fire(DEDirector.java:502)
	at ptolemy.actor.CompositeActor.fire(CompositeActor.java:455)
	at ptolemy.actor.Manager.iterate(Manager.java:851)
	at ptolemy.actor.Manager.execute(Manager.java:369)
	at ptolemy.actor.Manager.run(Manager.java:1263)
	at ptolemy.actor.Manager$PtolemyRunThread.run(Manager.java:1915)

    while executing
ptolemy.kernel.util.IllegalActionException: Actor is not ready to fire.  Perhaps UpSample.prefire() returned false? Try debugging the actor by selecting "Listen to Actor".  Also, for SDF check moml for tokenConsumptionRate on input.
  in .DESDFClockTest.Play Bell.Copy1:SDF Director and .DESDFClockTest.Play Bell.UpSample
    while executing
"java::new ptolemy.moml.MoMLSimpleApplication $file
"
    (procedure "createAndExecute" line 2)
    invoked from within
"createAndExecute $file"
    ("uplevel" body line 5)
    invoked from within
"uplevel $contents_of_test"
------------------ testing $PTII/ptolemy/domains/de/test/auto/knownFailedTests/FSMSource.xml (Known Failure) 
39 ms. Memory: 146944K Free: 112489K (77%)
!!!! Auto was marked as failing, but now passes
------------------ testing $PTII/ptolemy/domains/de/test/auto/knownFailedTests/dependencyLoop2.xml (Known Failure) 
6 ms. Memory: 146944K Free: 110606K (75%)


==== $PTIIhome/travis/build/icyphy/ptII/ptolemy/domains/de/test/../../../../: Auto Automatic test in file $PTII/ptolemy/domains/de/test/auto/knownFailedTests/dependencyLoop2.xml
==== Contents of test case:

	    # FIXME: we should use $relativeFilename here, but it
	    # might have backslashes under Windows, which causes no end
	    # of trouble.
	    createAndExecute $file
	    list {}
	
.... Test generated KNOWN error:
    while executing
ptolemy.kernel.util.IllegalActionException: Found a zero delay loop containing .dependencyLoop2.original
  in .dependencyLoop2 and .dependencyLoop2.original
	at ptolemy.actor.util.CausalityInterfaceForComposites._computeOutputPortDepth(CausalityInterfaceForComposites.java:759)
	at ptolemy.actor.util.CausalityInterfaceForComposites._computeInputDepth(CausalityInterfaceForComposites.java:696)
	at ptolemy.actor.util.CausalityInterfaceForComposites._computeOutputPortDepth(CausalityInterfaceForComposites.java:765)
	at ptolemy.actor.util.CausalityInterfaceForComposites._computeInputDepth(CausalityInterfaceForComposites.java:696)
	at ptolemy.actor.util.CausalityInterfaceForComposites._computeOutputPortDepth(CausalityInterfaceForComposites.java:765)
	at ptolemy.actor.util.CausalityInterfaceForComposites._computeInputDepth(CausalityInterfaceForComposites.java:696)
	at ptolemy.actor.util.CausalityInterfaceForComposites._computeActorDepth(CausalityInterfaceForComposites.java:532)
	at ptolemy.actor.util.CausalityInterfaceForComposites.checkForCycles(CausalityInterfaceForComposites.java:96)
	at ptolemy.domains.de.kernel.DEDirector.preinitialize(DEDirector.java:1338)
	at ptolemy.actor.CompositeActor.preinitialize(CompositeActor.java:1828)
	at ptolemy.actor.Manager.preinitializeAndResolveTypes(Manager.java:1040)
	at ptolemy.actor.Manager.initialize(Manager.java:710)
	at ptolemy.actor.Manager.execute(Manager.java:356)
	at ptolemy.actor.Manager.run(Manager.java:1263)
	at ptolemy.actor.Manager$PtolemyRunThread.run(Manager.java:1915)

    while executing
ptolemy.kernel.util.IllegalActionException: Found a zero delay loop containing .dependencyLoop2.original
  in .dependencyLoop2 and .dependencyLoop2.original
    while executing
"java::new ptolemy.moml.MoMLSimpleApplication $file
"
    (procedure "createAndExecute" line 2)
    invoked from within
"createAndExecute $file"
    ("uplevel" body line 5)
    invoked from within
"uplevel $contents_of_test"
------------------ testing $PTII/ptolemy/domains/de/test/auto/knownFailedTests/HierarchicalModel.xml (Known Failure) 
10 ms. Memory: 146944K Free: 90380K (62%)


==== $PTIIhome/travis/build/icyphy/ptII/ptolemy/domains/de/test/../../../../: Auto Automatic test in file $PTII/ptolemy/domains/de/test/auto/knownFailedTests/HierarchicalModel.xml
==== Contents of test case:

	    # FIXME: we should use $relativeFilename here, but it
	    # might have backslashes under Windows, which causes no end
	    # of trouble.
	    createAndExecute $file
	    list {}
	
.... Test generated KNOWN error:
    while executing
ptolemy.kernel.util.IllegalActionException: Found a zero delay loop containing .HierarchicalModel.A
  in .HierarchicalModel and .HierarchicalModel.A
	at ptolemy.actor.util.CausalityInterfaceForComposites._computeOutputPortDepth(CausalityInterfaceForComposites.java:759)
	at ptolemy.actor.util.CausalityInterfaceForComposites._computeInputDepth(CausalityInterfaceForComposites.java:696)
	at ptolemy.actor.util.CausalityInterfaceForComposites._computeOutputPortDepth(CausalityInterfaceForComposites.java:765)
	at ptolemy.actor.util.CausalityInterfaceForComposites._computeInputDepth(CausalityInterfaceForComposites.java:696)
	at ptolemy.actor.util.CausalityInterfaceForComposites._computeOutputPortDepth(CausalityInterfaceForComposites.java:765)
	at ptolemy.actor.util.CausalityInterfaceForComposites._computeInputDepth(CausalityInterfaceForComposites.java:696)
	at ptolemy.actor.util.CausalityInterfaceForComposites._computeActorDepth(CausalityInterfaceForComposites.java:532)
	at ptolemy.actor.util.CausalityInterfaceForComposites.checkForCycles(CausalityInterfaceForComposites.java:96)
	at ptolemy.domains.de.kernel.DEDirector.preinitialize(DEDirector.java:1338)
	at ptolemy.actor.CompositeActor.preinitialize(CompositeActor.java:1828)
	at ptolemy.actor.Manager.preinitializeAndResolveTypes(Manager.java:1040)
	at ptolemy.actor.Manager.initialize(Manager.java:710)
	at ptolemy.actor.Manager.execute(Manager.java:356)
	at ptolemy.actor.Manager.run(Manager.java:1263)
	at ptolemy.actor.Manager$PtolemyRunThread.run(Manager.java:1915)

    while executing
ptolemy.kernel.util.IllegalActionException: Found a zero delay loop containing .HierarchicalModel.A
  in .HierarchicalModel and .HierarchicalModel.A
    while executing
"java::new ptolemy.moml.MoMLSimpleApplication $file
"
    (procedure "createAndExecute" line 2)
    invoked from within
"createAndExecute $file"
    ("uplevel" body line 5)
    invoked from within
"uplevel $contents_of_test"
------------------ testing $PTII/ptolemy/domains/de/test/auto/knownFailedTests/DirectFeedback.xml (Known Failure) 
3 ms. Memory: 146944K Free: 86269K (59%)


==== $PTIIhome/travis/build/icyphy/ptII/ptolemy/domains/de/test/../../../../: Auto Automatic test in file $PTII/ptolemy/domains/de/test/auto/knownFailedTests/DirectFeedback.xml
==== Contents of test case:

	    # FIXME: we should use $relativeFilename here, but it
	    # might have backslashes under Windows, which causes no end
	    # of trouble.
	    createAndExecute $file
	    list {}
	
.... Test generated KNOWN error:
    while executing
ptolemy.kernel.util.IllegalActionException: Test fails in iteration 1.
Value was: 1.0. Should have been: 2.0
  in .DirectFeedback.Test
	at ptolemy.actor.lib.Test.fire(Test.java:268)
	at ptolemy.domains.de.kernel.DEDirector._fire(DEDirector.java:1949)
	at ptolemy.domains.de.kernel.DEDirector.fire(DEDirector.java:502)
	at ptolemy.actor.CompositeActor.fire(CompositeActor.java:455)
	at ptolemy.actor.Manager.iterate(Manager.java:851)
	at ptolemy.actor.Manager.execute(Manager.java:369)
	at ptolemy.actor.Manager.run(Manager.java:1263)
	at ptolemy.actor.Manager$PtolemyRunThread.run(Manager.java:1915)

    while executing
ptolemy.kernel.util.IllegalActionException: Test fails in iteration 1.
Value was: 1.0. Should have been: 2.0
  in .DirectFeedback.Test
    while executing
"java::new ptolemy.moml.MoMLSimpleApplication $file
"
    (procedure "createAndExecute" line 2)
    invoked from within
"createAndExecute $file"
    ("uplevel" body line 5)
    invoked from within
"uplevel $contents_of_test"
------------------ testing $PTII/ptolemy/domains/de/test/auto/ActorDepthCalculation_actorWithoutPorts.xml
auto.tcl: Setting watchdog for 200 seconds at Tue May 14 04:24:06 UTC 2019
7 ms. Memory: 146944K Free: 138684K (94%)
ptolemy.util.test.WatchDog.cancel(): canceling Tue May 14 04:24:06 UTC 2019
auto.tcl: Setting watchdog for 200 seconds at Tue May 14 04:24:06 UTC 2019
4 ms. Memory: 146944K Free: 137656K (94%)
ptolemy.util.test.WatchDog.cancel(): canceling Tue May 14 04:24:06 UTC 2019
------------------ testing $PTII/ptolemy/domains/de/test/auto/AssemblyLine.xml
auto.tcl: Setting watchdog for 200 seconds at Tue May 14 04:24:06 UTC 2019
19 ms. Memory: 208384K Free: 183340K (88%)
ptolemy.util.test.WatchDog.cancel(): canceling Tue May 14 04:24:07 UTC 2019
auto.tcl: Setting watchdog for 200 seconds at Tue May 14 04:24:07 UTC 2019
11 ms. Memory: 208384K Free: 183340K (88%)
ptolemy.util.test.WatchDog.cancel(): canceling Tue May 14 04:24:07 UTC 2019
------------------ testing $PTII/ptolemy/domains/de/test/auto/CQBug1.xml
auto.tcl: Setting watchdog for 200 seconds at Tue May 14 04:24:07 UTC 2019
6 ms. Memory: 208384K Free: 197875K (95%)
ptolemy.util.test.WatchDog.cancel(): canceling Tue May 14 04:24:07 UTC 2019
auto.tcl: Setting watchdog for 200 seconds at Tue May 14 04:24:07 UTC 2019
2 ms. Memory: 208384K Free: 197875K (95%)
ptolemy.util.test.WatchDog.cancel(): canceling Tue May 14 04:24:07 UTC 2019
------------------ testing $PTII/ptolemy/domains/de/test/auto/CancelFireAt.xml
auto.tcl: Setting watchdog for 200 seconds at Tue May 14 04:24:07 UTC 2019
5 ms. Memory: 208384K Free: 201550K (97%)
ptolemy.util.test.WatchDog.cancel(): canceling Tue May 14 04:24:07 UTC 2019
auto.tcl: Setting watchdog for 200 seconds at Tue May 14 04:24:07 UTC 2019
3 ms. Memory: 208384K Free: 198976K (95%)
ptolemy.util.test.WatchDog.cancel(): canceling Tue May 14 04:24:07 UTC 2019
------------------ testing $PTII/ptolemy/domains/de/test/auto/CausalityAndComposabilityAnalysis.xml
auto.tcl: Setting watchdog for 200 seconds at Tue May 14 04:24:07 UTC 2019
15 ms. Memory: 208384K Free: 198573K (95%)
ptolemy.util.test.WatchDog.cancel(): canceling Tue May 14 04:24:07 UTC 2019
auto.tcl: Setting watchdog for 200 seconds at Tue May 14 04:24:07 UTC 2019
5 ms. Memory: 208384K Free: 196518K (94%)
ptolemy.util.test.WatchDog.cancel(): canceling Tue May 14 04:24:07 UTC 2019
------------------ testing $PTII/ptolemy/domains/de/test/auto/CausalityInterface1.xml
auto.tcl: Setting watchdog for 200 seconds at Tue May 14 04:24:07 UTC 2019
14 ms. Memory: 208384K Free: 198511K (95%)
ptolemy.util.test.WatchDog.cancel(): canceling Tue May 14 04:24:07 UTC 2019
auto.tcl: Setting watchdog for 200 seconds at Tue May 14 04:24:07 UTC 2019
3 ms. Memory: 208384K Free: 196455K (94%)
ptolemy.util.test.WatchDog.cancel(): canceling Tue May 14 04:24:07 UTC 2019
------------------ testing $PTII/ptolemy/domains/de/test/auto/CausalityInterface15.xml
auto.tcl: Setting watchdog for 200 seconds at Tue May 14 04:24:07 UTC 2019
8 ms. Memory: 208384K Free: 196447K (94%)
ptolemy.util.test.WatchDog.cancel(): canceling Tue May 14 04:24:07 UTC 2019
auto.tcl: Setting watchdog for 200 seconds at Tue May 14 04:24:07 UTC 2019
5 ms. Memory: 208384K Free: 196447K (94%)
ptolemy.util.test.WatchDog.cancel(): canceling Tue May 14 04:24:07 UTC 2019
------------------ testing $PTII/ptolemy/domains/de/test/auto/CausalityInterface2.xml
auto.tcl: Setting watchdog for 200 seconds at Tue May 14 04:24:07 UTC 2019
11 ms. Memory: 208384K Free: 196431K (94%)
ptolemy.util.test.WatchDog.cancel(): canceling Tue May 14 04:24:07 UTC 2019
auto.tcl: Setting watchdog for 200 seconds at Tue May 14 04:24:07 UTC 2019
6 ms. Memory: 208384K Free: 196431K (94%)
ptolemy.util.test.WatchDog.cancel(): canceling Tue May 14 04:24:07 UTC 2019
------------------ testing $PTII/ptolemy/domains/de/test/auto/CausalityInterface3.xml
auto.tcl: Setting watchdog for 200 seconds at Tue May 14 04:24:07 UTC 2019
7 ms. Memory: 208384K Free: 196444K (94%)
ptolemy.util.test.WatchDog.cancel(): canceling Tue May 14 04:24:07 UTC 2019
auto.tcl: Setting watchdog for 200 seconds at Tue May 14 04:24:07 UTC 2019
8 ms. Memory: 208384K Free: 196444K (94%)
ptolemy.util.test.WatchDog.cancel(): canceling Tue May 14 04:24:07 UTC 2019
------------------ testing $PTII/ptolemy/domains/de/test/auto/ClockDrift.xml
auto.tcl: Setting watchdog for 200 seconds at Tue May 14 04:24:08 UTC 2019
83 ms. Memory: 208384K Free: 187809K (90%)
ptolemy.util.test.WatchDog.cancel(): canceling Tue May 14 04:24:08 UTC 2019
auto.tcl: Setting watchdog for 200 seconds at Tue May 14 04:24:08 UTC 2019
52 ms. Memory: 208384K Free: 185754K (89%)
ptolemy.util.test.WatchDog.cancel(): canceling Tue May 14 04:24:08 UTC 2019
------------------ testing $PTII/ptolemy/domains/de/test/auto/ClockDriftAndValueChange.xml
auto.tcl: Setting watchdog for 200 seconds at Tue May 14 04:24:08 UTC 2019
38 ms. Memory: 208384K Free: 189698K (91%)
ptolemy.util.test.WatchDog.cancel(): canceling Tue May 14 04:24:08 UTC 2019
auto.tcl: Setting watchdog for 200 seconds at Tue May 14 04:24:08 UTC 2019
33 ms. Memory: 208384K Free: 185587K (89%)
ptolemy.util.test.WatchDog.cancel(): canceling Tue May 14 04:24:08 UTC 2019
------------------ testing $PTII/ptolemy/domains/de/test/auto/ClockDriftChange.xml
auto.tcl: Setting watchdog for 200 seconds at Tue May 14 04:24:08 UTC 2019
19 ms. Memory: 208384K Free: 190668K (91%)
ptolemy.util.test.WatchDog.cancel(): canceling Tue May 14 04:24:08 UTC 2019
auto.tcl: Setting watchdog for 200 seconds at Tue May 14 04:24:08 UTC 2019
23 ms. Memory: 208384K Free: 188613K (91%)
ptolemy.util.test.WatchDog.cancel(): canceling Tue May 14 04:24:08 UTC 2019
------------------ testing $PTII/ptolemy/domains/de/test/auto/ComposableCausalityAnalysis.xml
auto.tcl: Setting watchdog for 200 seconds at Tue May 14 04:24:08 UTC 2019
6 ms. Memory: 208384K Free: 196046K (94%)
ptolemy.util.test.WatchDog.cancel(): canceling Tue May 14 04:24:08 UTC 2019
auto.tcl: Setting watchdog for 200 seconds at Tue May 14 04:24:08 UTC 2019
2 ms. Memory: 208384K Free: 196046K (94%)
ptolemy.util.test.WatchDog.cancel(): canceling Tue May 14 04:24:08 UTC 2019
------------------ testing $PTII/ptolemy/domains/de/test/auto/DEFixedPointLimitation.xml
auto.tcl: Setting watchdog for 200 seconds at Tue May 14 04:24:08 UTC 2019
3 ms. Memory: 208384K Free: 198182K (95%)
ptolemy.util.test.WatchDog.cancel(): canceling Tue May 14 04:24:08 UTC 2019
auto.tcl: Setting watchdog for 200 seconds at Tue May 14 04:24:08 UTC 2019
1 ms. Memory: 208384K Free: 196127K (94%)
ptolemy.util.test.WatchDog.cancel(): canceling Tue May 14 04:24:08 UTC 2019
------------------ testing $PTII/ptolemy/domains/de/test/auto/DEScheduleTest.xml
auto.tcl: Setting watchdog for 200 seconds at Tue May 14 04:24:08 UTC 2019
7 ms. Memory: 208384K Free: 198737K (95%)
ptolemy.util.test.WatchDog.cancel(): canceling Tue May 14 04:24:08 UTC 2019
auto.tcl: Setting watchdog for 200 seconds at Tue May 14 04:24:08 UTC 2019
4 ms. Memory: 208384K Free: 196162K (94%)
ptolemy.util.test.WatchDog.cancel(): canceling Tue May 14 04:24:08 UTC 2019
------------------ testing $PTII/ptolemy/domains/de/test/auto/DEinDEwithStartTimes.xml
auto.tcl: Setting watchdog for 200 seconds at Tue May 14 04:24:08 UTC 2019
5 ms. Memory: 208384K Free: 196132K (94%)
ptolemy.util.test.WatchDog.cancel(): canceling Tue May 14 04:24:08 UTC 2019
auto.tcl: Setting watchdog for 200 seconds at Tue May 14 04:24:08 UTC 2019
3 ms. Memory: 208384K Free: 196132K (94%)
ptolemy.util.test.WatchDog.cancel(): canceling Tue May 14 04:24:08 UTC 2019
------------------ testing $PTII/ptolemy/domains/de/test/auto/DEinDEwithStartTimes2.xml
auto.tcl: Setting watchdog for 200 seconds at Tue May 14 04:24:08 UTC 2019
7 ms. Memory: 208384K Free: 196112K (94%)
ptolemy.util.test.WatchDog.cancel(): canceling Tue May 14 04:24:08 UTC 2019
auto.tcl: Setting watchdog for 200 seconds at Tue May 14 04:24:08 UTC 2019
6 ms. Memory: 208384K Free: 194056K (93%)
ptolemy.util.test.WatchDog.cancel(): canceling Tue May 14 04:24:09 UTC 2019
------------------ testing $PTII/ptolemy/domains/de/test/auto/DateDemo.xml
auto.tcl: Setting watchdog for 200 seconds at Tue May 14 04:24:09 UTC 2019
7 ms. Memory: 208384K Free: 188677K (91%)
ptolemy.util.test.WatchDog.cancel(): canceling Tue May 14 04:24:09 UTC 2019
auto.tcl: Setting watchdog for 200 seconds at Tue May 14 04:24:09 UTC 2019
7 ms. Memory: 208384K Free: 186621K (90%)
ptolemy.util.test.WatchDog.cancel(): canceling Tue May 14 04:24:09 UTC 2019
------------------ testing $PTII/ptolemy/domains/de/test/auto/DateToEvent.xml
auto.tcl: Setting watchdog for 200 seconds at Tue May 14 04:24:09 UTC 2019
2020 ms. Memory: 208384K Free: 183516K (88%)
ptolemy.util.test.WatchDog.cancel(): canceling Tue May 14 04:24:11 UTC 2019
auto.tcl: Setting watchdog for 200 seconds at Tue May 14 04:24:11 UTC 2019
2007 ms. Memory: 208384K Free: 183516K (88%)
ptolemy.util.test.WatchDog.cancel(): canceling Tue May 14 04:24:13 UTC 2019
------------------ testing $PTII/ptolemy/domains/de/test/auto/DepthTest1.xml
auto.tcl: Setting watchdog for 200 seconds at Tue May 14 04:24:13 UTC 2019
3 ms. Memory: 208384K Free: 198267K (95%)
ptolemy.util.test.WatchDog.cancel(): canceling Tue May 14 04:24:13 UTC 2019
auto.tcl: Setting watchdog for 200 seconds at Tue May 14 04:24:13 UTC 2019
2 ms. Memory: 208384K Free: 198267K (95%)
ptolemy.util.test.WatchDog.cancel(): canceling Tue May 14 04:24:13 UTC 2019
------------------ testing $PTII/ptolemy/domains/de/test/auto/DepthTest2.xml
auto.tcl: Setting watchdog for 200 seconds at Tue May 14 04:24:13 UTC 2019
8 ms. Memory: 208384K Free: 194071K (93%)
ptolemy.util.test.WatchDog.cancel(): canceling Tue May 14 04:24:13 UTC 2019
auto.tcl: Setting watchdog for 200 seconds at Tue May 14 04:24:13 UTC 2019
5 ms. Memory: 208384K Free: 194071K (93%)
ptolemy.util.test.WatchDog.cancel(): canceling Tue May 14 04:24:13 UTC 2019
------------------ testing $PTII/ptolemy/domains/de/test/auto/DepthTest3.xml
auto.tcl: Setting watchdog for 200 seconds at Tue May 14 04:24:13 UTC 2019
2 ms. Memory: 208384K Free: 198602K (95%)
ptolemy.util.test.WatchDog.cancel(): canceling Tue May 14 04:24:13 UTC 2019
auto.tcl: Setting watchdog for 200 seconds at Tue May 14 04:24:13 UTC 2019
1 ms. Memory: 208384K Free: 198602K (95%)
ptolemy.util.test.WatchDog.cancel(): canceling Tue May 14 04:24:13 UTC 2019
------------------ testing $PTII/ptolemy/domains/de/test/auto/DepthTest4.xml
auto.tcl: Setting watchdog for 200 seconds at Tue May 14 04:24:13 UTC 2019
3 ms. Memory: 208384K Free: 196115K (94%)
ptolemy.util.test.WatchDog.cancel(): canceling Tue May 14 04:24:13 UTC 2019
auto.tcl: Setting watchdog for 200 seconds at Tue May 14 04:24:13 UTC 2019
2 ms. Memory: 208384K Free: 196115K (94%)
ptolemy.util.test.WatchDog.cancel(): canceling Tue May 14 04:24:13 UTC 2019
------------------ testing $PTII/ptolemy/domains/de/test/auto/DepthTest5.xml
auto.tcl: Setting watchdog for 200 seconds at Tue May 14 04:24:13 UTC 2019
3 ms. Memory: 208384K Free: 196062K (94%)
ptolemy.util.test.WatchDog.cancel(): canceling Tue May 14 04:24:13 UTC 2019
auto.tcl: Setting watchdog for 200 seconds at Tue May 14 04:24:13 UTC 2019
2 ms. Memory: 208384K Free: 196062K (94%)
ptolemy.util.test.WatchDog.cancel(): canceling Tue May 14 04:24:13 UTC 2019
------------------ testing $PTII/ptolemy/domains/de/test/auto/DepthTest6.xml
auto.tcl: Setting watchdog for 200 seconds at Tue May 14 04:24:13 UTC 2019
8 ms. Memory: 208384K Free: 196556K (94%)
ptolemy.util.test.WatchDog.cancel(): canceling Tue May 14 04:24:13 UTC 2019
auto.tcl: Setting watchdog for 200 seconds at Tue May 14 04:24:13 UTC 2019
2 ms. Memory: 208384K Free: 196556K (94%)
ptolemy.util.test.WatchDog.cancel(): canceling Tue May 14 04:24:13 UTC 2019
------------------ testing $PTII/ptolemy/domains/de/test/auto/DepthTest7.xml
auto.tcl: Setting watchdog for 200 seconds at Tue May 14 04:24:13 UTC 2019
2 ms. Memory: 208384K Free: 196019K (94%)
ptolemy.util.test.WatchDog.cancel(): canceling Tue May 14 04:24:13 UTC 2019
auto.tcl: Setting watchdog for 200 seconds at Tue May 14 04:24:13 UTC 2019
2 ms. Memory: 208384K Free: 196019K (94%)
ptolemy.util.test.WatchDog.cancel(): canceling Tue May 14 04:24:13 UTC 2019
------------------ testing $PTII/ptolemy/domains/de/test/auto/EventToDate.xml
auto.tcl: Setting watchdog for 200 seconds at Tue May 14 04:24:13 UTC 2019
3006 ms. Memory: 208384K Free: 187811K (90%)
ptolemy.util.test.WatchDog.cancel(): canceling Tue May 14 04:24:16 UTC 2019
auto.tcl: Setting watchdog for 200 seconds at Tue May 14 04:24:16 UTC 2019
3004 ms. Memory: 208384K Free: 185756K (89%)
ptolemy.util.test.WatchDog.cancel(): canceling Tue May 14 04:24:19 UTC 2019
------------------ testing $PTII/ptolemy/domains/de/test/auto/FSM1.xml
auto.tcl: Setting watchdog for 200 seconds at Tue May 14 04:24:19 UTC 2019
16 ms. Memory: 208384K Free: 189160K (91%)
ptolemy.util.test.WatchDog.cancel(): canceling Tue May 14 04:24:20 UTC 2019
auto.tcl: Setting watchdog for 200 seconds at Tue May 14 04:24:20 UTC 2019
30 ms. Memory: 208384K Free: 185049K (89%)
ptolemy.util.test.WatchDog.cancel(): canceling Tue May 14 04:24:20 UTC 2019
------------------ testing $PTII/ptolemy/domains/de/test/auto/FSM7.xml
auto.tcl: Setting watchdog for 200 seconds at Tue May 14 04:24:20 UTC 2019
16 ms. Memory: 208384K Free: 186905K (90%)
ptolemy.util.test.WatchDog.cancel(): canceling Tue May 14 04:24:20 UTC 2019
auto.tcl: Setting watchdog for 200 seconds at Tue May 14 04:24:20 UTC 2019
13 ms. Memory: 208384K Free: 182794K (88%)
ptolemy.util.test.WatchDog.cancel(): canceling Tue May 14 04:24:20 UTC 2019
------------------ testing $PTII/ptolemy/domains/de/test/auto/Inspection.xml
auto.tcl: Setting watchdog for 200 seconds at Tue May 14 04:24:20 UTC 2019
46 ms. Memory: 208384K Free: 188513K (90%)
ptolemy.util.test.WatchDog.cancel(): canceling Tue May 14 04:24:20 UTC 2019
auto.tcl: Setting watchdog for 200 seconds at Tue May 14 04:24:20 UTC 2019
31 ms. Memory: 208384K Free: 186458K (89%)
ptolemy.util.test.WatchDog.cancel(): canceling Tue May 14 04:24:20 UTC 2019
------------------ testing $PTII/ptolemy/domains/de/test/auto/Iteration.xml
auto.tcl: Setting watchdog for 200 seconds at Tue May 14 04:24:20 UTC 2019
16 ms. Memory: 208384K Free: 195824K (94%)
ptolemy.util.test.WatchDog.cancel(): canceling Tue May 14 04:24:20 UTC 2019
auto.tcl: Setting watchdog for 200 seconds at Tue May 14 04:24:20 UTC 2019
6 ms. Memory: 208384K Free: 193769K (93%)
ptolemy.util.test.WatchDog.cancel(): canceling Tue May 14 04:24:20 UTC 2019
------------------ testing $PTII/ptolemy/domains/de/test/auto/LineFault.xml
auto.tcl: Setting watchdog for 200 seconds at Tue May 14 04:24:20 UTC 2019
730 ms. Memory: 208384K Free: 199279K (96%)
ptolemy.util.test.WatchDog.cancel(): canceling Tue May 14 04:24:21 UTC 2019
auto.tcl: Setting watchdog for 200 seconds at Tue May 14 04:24:21 UTC 2019
643 ms. Memory: 208384K Free: 141816K (68%)
ptolemy.util.test.WatchDog.cancel(): canceling Tue May 14 04:24:22 UTC 2019
------------------ testing $PTII/ptolemy/domains/de/test/auto/MergeModel1Add.xml
auto.tcl: Setting watchdog for 200 seconds at Tue May 14 04:24:22 UTC 2019
29 ms. Memory: 331264K Free: 300432K (91%)
ptolemy.util.test.WatchDog.cancel(): canceling Tue May 14 04:24:22 UTC 2019
auto.tcl: Setting watchdog for 200 seconds at Tue May 14 04:24:22 UTC 2019
11 ms. Memory: 331264K Free: 300432K (91%)
ptolemy.util.test.WatchDog.cancel(): canceling Tue May 14 04:24:22 UTC 2019
------------------ testing $PTII/ptolemy/domains/de/test/auto/MergeModel2Add.xml
auto.tcl: Setting watchdog for 200 seconds at Tue May 14 04:24:22 UTC 2019
12 ms. Memory: 331264K Free: 305361K (92%)
ptolemy.util.test.WatchDog.cancel(): canceling Tue May 14 04:24:22 UTC 2019
auto.tcl: Setting watchdog for 200 seconds at Tue May 14 04:24:22 UTC 2019
12 ms. Memory: 331264K Free: 301769K (91%)
ptolemy.util.test.WatchDog.cancel(): canceling Tue May 14 04:24:22 UTC 2019
------------------ testing $PTII/ptolemy/domains/de/test/auto/MergeModel3Add.xml
auto.tcl: Setting watchdog for 200 seconds at Tue May 14 04:24:22 UTC 2019
14 ms. Memory: 331264K Free: 305371K (92%)
ptolemy.util.test.WatchDog.cancel(): canceling Tue May 14 04:24:22 UTC 2019
auto.tcl: Setting watchdog for 200 seconds at Tue May 14 04:24:22 UTC 2019
10 ms. Memory: 331264K Free: 301780K (91%)
ptolemy.util.test.WatchDog.cancel(): canceling Tue May 14 04:24:22 UTC 2019
------------------ testing $PTII/ptolemy/domains/de/test/auto/MergeWithoutDiscard.xml
auto.tcl: Setting watchdog for 200 seconds at Tue May 14 04:24:22 UTC 2019
2 ms. Memory: 331264K Free: 316417K (96%)
ptolemy.util.test.WatchDog.cancel(): canceling Tue May 14 04:24:22 UTC 2019
auto.tcl: Setting watchdog for 200 seconds at Tue May 14 04:24:22 UTC 2019
1 ms. Memory: 331264K Free: 316417K (96%)
ptolemy.util.test.WatchDog.cancel(): canceling Tue May 14 04:24:22 UTC 2019
------------------ testing $PTII/ptolemy/domains/de/test/auto/Modal1.xml
auto.tcl: Setting watchdog for 200 seconds at Tue May 14 04:24:22 UTC 2019
20 ms. Memory: 331264K Free: 309974K (94%)
ptolemy.util.test.WatchDog.cancel(): canceling Tue May 14 04:24:22 UTC 2019
auto.tcl: Setting watchdog for 200 seconds at Tue May 14 04:24:22 UTC 2019
23 ms. Memory: 331264K Free: 306382K (92%)
ptolemy.util.test.WatchDog.cancel(): canceling Tue May 14 04:24:22 UTC 2019
------------------ testing $PTII/ptolemy/domains/de/test/auto/Modal2.xml
auto.tcl: Setting watchdog for 200 seconds at Tue May 14 04:24:22 UTC 2019
17 ms. Memory: 331264K Free: 309847K (94%)
ptolemy.util.test.WatchDog.cancel(): canceling Tue May 14 04:24:22 UTC 2019
auto.tcl: Setting watchdog for 200 seconds at Tue May 14 04:24:22 UTC 2019
17 ms. Memory: 331264K Free: 306256K (92%)
ptolemy.util.test.WatchDog.cancel(): canceling Tue May 14 04:24:23 UTC 2019
------------------ testing $PTII/ptolemy/domains/de/test/auto/Modal3.xml
auto.tcl: Setting watchdog for 200 seconds at Tue May 14 04:24:23 UTC 2019
15 ms. Memory: 331264K Free: 310521K (94%)
ptolemy.util.test.WatchDog.cancel(): canceling Tue May 14 04:24:23 UTC 2019
auto.tcl: Setting watchdog for 200 seconds at Tue May 14 04:24:23 UTC 2019
14 ms. Memory: 331264K Free: 306254K (92%)
ptolemy.util.test.WatchDog.cancel(): canceling Tue May 14 04:24:23 UTC 2019
------------------ testing $PTII/ptolemy/domains/de/test/auto/Modal4.xml
auto.tcl: Setting watchdog for 200 seconds at Tue May 14 04:24:23 UTC 2019
28 ms. Memory: 331264K Free: 309859K (94%)
ptolemy.util.test.WatchDog.cancel(): canceling Tue May 14 04:24:23 UTC 2019
auto.tcl: Setting watchdog for 200 seconds at Tue May 14 04:24:23 UTC 2019
16 ms. Memory: 331264K Free: 306267K (92%)
ptolemy.util.test.WatchDog.cancel(): canceling Tue May 14 04:24:23 UTC 2019
------------------ testing $PTII/ptolemy/domains/de/test/auto/Modal5.xml
auto.tcl: Setting watchdog for 200 seconds at Tue May 14 04:24:23 UTC 2019
17 ms. Memory: 331264K Free: 309854K (94%)
ptolemy.util.test.WatchDog.cancel(): canceling Tue May 14 04:24:23 UTC 2019
auto.tcl: Setting watchdog for 200 seconds at Tue May 14 04:24:23 UTC 2019
13 ms. Memory: 331264K Free: 306263K (92%)
ptolemy.util.test.WatchDog.cancel(): canceling Tue May 14 04:24:23 UTC 2019
------------------ testing $PTII/ptolemy/domains/de/test/auto/Modal6.xml
auto.tcl: Setting watchdog for 200 seconds at Tue May 14 04:24:23 UTC 2019
15 ms. Memory: 331264K Free: 309859K (94%)
ptolemy.util.test.WatchDog.cancel(): canceling Tue May 14 04:24:23 UTC 2019
auto.tcl: Setting watchdog for 200 seconds at Tue May 14 04:24:23 UTC 2019
18 ms. Memory: 331264K Free: 306268K (92%)
ptolemy.util.test.WatchDog.cancel(): canceling Tue May 14 04:24:23 UTC 2019
------------------ testing $PTII/ptolemy/domains/de/test/auto/Modal7.xml
auto.tcl: Setting watchdog for 200 seconds at Tue May 14 04:24:23 UTC 2019
15 ms. Memory: 331264K Free: 306268K (92%)
ptolemy.util.test.WatchDog.cancel(): canceling Tue May 14 04:24:23 UTC 2019
auto.tcl: Setting watchdog for 200 seconds at Tue May 14 04:24:23 UTC 2019
10 ms. Memory: 331264K Free: 302677K (91%)
ptolemy.util.test.WatchDog.cancel(): canceling Tue May 14 04:24:23 UTC 2019
------------------ testing $PTII/ptolemy/domains/de/test/auto/ModalModel.xml
auto.tcl: Setting watchdog for 200 seconds at Tue May 14 04:24:23 UTC 2019
193 ms. Memory: 331264K Free: 247444K (75%)
ptolemy.util.test.WatchDog.cancel(): canceling Tue May 14 04:24:23 UTC 2019
auto.tcl: Setting watchdog for 200 seconds at Tue May 14 04:24:23 UTC 2019
176 ms. Memory: 331264K Free: 189981K (57%)
ptolemy.util.test.WatchDog.cancel(): canceling Tue May 14 04:24:24 UTC 2019
------------------ testing $PTII/ptolemy/domains/de/test/auto/ModalSource.xml
auto.tcl: Setting watchdog for 200 seconds at Tue May 14 04:24:24 UTC 2019
6 ms. Memory: 331264K Free: 316173K (95%)
ptolemy.util.test.WatchDog.cancel(): canceling Tue May 14 04:24:24 UTC 2019
auto.tcl: Setting watchdog for 200 seconds at Tue May 14 04:24:24 UTC 2019
6 ms. Memory: 331264K Free: 312886K (94%)
ptolemy.util.test.WatchDog.cancel(): canceling Tue May 14 04:24:24 UTC 2019
------------------ testing $PTII/ptolemy/domains/de/test/auto/NonInterruptibleTimerZeroDelay.xml
auto.tcl: Setting watchdog for 200 seconds at Tue May 14 04:24:24 UTC 2019
4 ms. Memory: 331264K Free: 320550K (97%)
ptolemy.util.test.WatchDog.cancel(): canceling Tue May 14 04:24:24 UTC 2019
auto.tcl: Setting watchdog for 200 seconds at Tue May 14 04:24:24 UTC 2019
2 ms. Memory: 331264K Free: 317264K (96%)
ptolemy.util.test.WatchDog.cancel(): canceling Tue May 14 04:24:24 UTC 2019
------------------ testing $PTII/ptolemy/domains/de/test/auto/OpenQueueingNetwork.xml
auto.tcl: Setting watchdog for 200 seconds at Tue May 14 04:24:24 UTC 2019
2983 ms. Memory: 317952K Free: 163008K (51%)
ptolemy.util.test.WatchDog.cancel(): canceling Tue May 14 04:24:27 UTC 2019
auto.tcl: Setting watchdog for 200 seconds at Tue May 14 04:24:27 UTC 2019
2203 ms. Memory: 552960K Free: 77184K (14%)
ptolemy.util.test.WatchDog.cancel(): canceling Tue May 14 04:24:29 UTC 2019
------------------ testing $PTII/ptolemy/domains/de/test/auto/OpenQueuingNetwork.xml
auto.tcl: Setting watchdog for 200 seconds at Tue May 14 04:24:29 UTC 2019
228 ms. Memory: 552448K Free: 449515K (81%)
ptolemy.util.test.WatchDog.cancel(): canceling Tue May 14 04:24:29 UTC 2019
auto.tcl: Setting watchdog for 200 seconds at Tue May 14 04:24:29 UTC 2019
212 ms. Memory: 552448K Free: 389692K (71%)
ptolemy.util.test.WatchDog.cancel(): canceling Tue May 14 04:24:30 UTC 2019
------------------ testing $PTII/ptolemy/domains/de/test/auto/PeriodicSampler.xml
auto.tcl: Setting watchdog for 200 seconds at Tue May 14 04:24:30 UTC 2019
2 ms. Memory: 551936K Free: 535666K (97%)
ptolemy.util.test.WatchDog.cancel(): canceling Tue May 14 04:24:30 UTC 2019
auto.tcl: Setting watchdog for 200 seconds at Tue May 14 04:24:30 UTC 2019
1 ms. Memory: 551936K Free: 535666K (97%)
ptolemy.util.test.WatchDog.cancel(): canceling Tue May 14 04:24:30 UTC 2019
------------------ testing $PTII/ptolemy/domains/de/test/auto/PersistentIO.xml
auto.tcl: Setting watchdog for 200 seconds at Tue May 14 04:24:30 UTC 2019
11 ms. Memory: 551424K Free: 525071K (95%)
ptolemy.util.test.WatchDog.cancel(): canceling Tue May 14 04:24:30 UTC 2019
auto.tcl: Setting watchdog for 200 seconds at Tue May 14 04:24:30 UTC 2019
4 ms. Memory: 551424K Free: 525071K (95%)
ptolemy.util.test.WatchDog.cancel(): canceling Tue May 14 04:24:30 UTC 2019
------------------ testing $PTII/ptolemy/domains/de/test/auto/PortParameterResetOnInitialize.xml
auto.tcl: Setting watchdog for 200 seconds at Tue May 14 04:24:30 UTC 2019
3 ms. Memory: 553472K Free: 532963K (96%)
ptolemy.util.test.WatchDog.cancel(): canceling Tue May 14 04:24:30 UTC 2019
auto.tcl: Setting watchdog for 200 seconds at Tue May 14 04:24:30 UTC 2019
2 ms. Memory: 553472K Free: 532963K (96%)
ptolemy.util.test.WatchDog.cancel(): canceling Tue May 14 04:24:30 UTC 2019
------------------ testing $PTII/ptolemy/domains/de/test/auto/PortParameterUpdates.xml
auto.tcl: Setting watchdog for 200 seconds at Tue May 14 04:24:30 UTC 2019
7 ms. Memory: 551424K Free: 530503K (96%)
ptolemy.util.test.WatchDog.cancel(): canceling Tue May 14 04:24:30 UTC 2019
auto.tcl: Setting watchdog for 200 seconds at Tue May 14 04:24:30 UTC 2019
3 ms. Memory: 551424K Free: 524520K (95%)
ptolemy.util.test.WatchDog.cancel(): canceling Tue May 14 04:24:30 UTC 2019
------------------ testing $PTII/ptolemy/domains/de/test/auto/QueueAndServer.xml
auto.tcl: Setting watchdog for 200 seconds at Tue May 14 04:24:30 UTC 2019
6 ms. Memory: 553472K Free: 526524K (95%)
ptolemy.util.test.WatchDog.cancel(): canceling Tue May 14 04:24:30 UTC 2019
auto.tcl: Setting watchdog for 200 seconds at Tue May 14 04:24:30 UTC 2019
6 ms. Memory: 553472K Free: 526524K (95%)
ptolemy.util.test.WatchDog.cancel(): canceling Tue May 14 04:24:30 UTC 2019
------------------ testing $PTII/ptolemy/domains/de/test/auto/Records.xml
auto.tcl: Setting watchdog for 200 seconds at Tue May 14 04:24:30 UTC 2019
4 ms. Memory: 551424K Free: 535109K (97%)
ptolemy.util.test.WatchDog.cancel(): canceling Tue May 14 04:24:30 UTC 2019
auto.tcl: Setting watchdog for 200 seconds at Tue May 14 04:24:30 UTC 2019
2 ms. Memory: 551424K Free: 535109K (97%)
ptolemy.util.test.WatchDog.cancel(): canceling Tue May 14 04:24:30 UTC 2019
------------------ testing $PTII/ptolemy/domains/de/test/auto/ResetTransitionWithStartTime1.xml
auto.tcl: Setting watchdog for 200 seconds at Tue May 14 04:24:30 UTC 2019
13 ms. Memory: 553472K Free: 531183K (96%)
ptolemy.util.test.WatchDog.cancel(): canceling Tue May 14 04:24:30 UTC 2019
auto.tcl: Setting watchdog for 200 seconds at Tue May 14 04:24:30 UTC 2019
4 ms. Memory: 553472K Free: 531183K (96%)
ptolemy.util.test.WatchDog.cancel(): canceling Tue May 14 04:24:30 UTC 2019
------------------ testing $PTII/ptolemy/domains/de/test/auto/ResetTransitionWithStartTime2.xml
auto.tcl: Setting watchdog for 200 seconds at Tue May 14 04:24:30 UTC 2019
8 ms. Memory: 551424K Free: 529126K (96%)
ptolemy.util.test.WatchDog.cancel(): canceling Tue May 14 04:24:30 UTC 2019
auto.tcl: Setting watchdog for 200 seconds at Tue May 14 04:24:30 UTC 2019
6 ms. Memory: 551424K Free: 529126K (96%)
ptolemy.util.test.WatchDog.cancel(): canceling Tue May 14 04:24:30 UTC 2019
------------------ testing $PTII/ptolemy/domains/de/test/auto/ResetTransitionWithStartTime3.xml
auto.tcl: Setting watchdog for 200 seconds at Tue May 14 04:24:30 UTC 2019
7 ms. Memory: 552960K Free: 530661K (96%)
ptolemy.util.test.WatchDog.cancel(): canceling Tue May 14 04:24:30 UTC 2019
auto.tcl: Setting watchdog for 200 seconds at Tue May 14 04:24:30 UTC 2019
7 ms. Memory: 552960K Free: 530661K (96%)
ptolemy.util.test.WatchDog.cancel(): canceling Tue May 14 04:24:30 UTC 2019
------------------ testing $PTII/ptolemy/domains/de/test/auto/ResetTransitionWithStartTime4.xml
auto.tcl: Setting watchdog for 200 seconds at Tue May 14 04:24:30 UTC 2019
4 ms. Memory: 551424K Free: 529132K (96%)
ptolemy.util.test.WatchDog.cancel(): canceling Tue May 14 04:24:30 UTC 2019
auto.tcl: Setting watchdog for 200 seconds at Tue May 14 04:24:30 UTC 2019
3 ms. Memory: 551424K Free: 529132K (96%)
ptolemy.util.test.WatchDog.cancel(): canceling Tue May 14 04:24:30 UTC 2019
------------------ testing $PTII/ptolemy/domains/de/test/auto/ResettableTimer1.xml
auto.tcl: Setting watchdog for 200 seconds at Tue May 14 04:24:31 UTC 2019
3 ms. Memory: 552960K Free: 536653K (97%)
ptolemy.util.test.WatchDog.cancel(): canceling Tue May 14 04:24:31 UTC 2019
auto.tcl: Setting watchdog for 200 seconds at Tue May 14 04:24:31 UTC 2019
2 ms. Memory: 552960K Free: 536653K (97%)
ptolemy.util.test.WatchDog.cancel(): canceling Tue May 14 04:24:31 UTC 2019
------------------ testing $PTII/ptolemy/domains/de/test/auto/ResettableTimer2.xml
auto.tcl: Setting watchdog for 200 seconds at Tue May 14 04:24:31 UTC 2019
3 ms. Memory: 551424K Free: 535721K (97%)
ptolemy.util.test.WatchDog.cancel(): canceling Tue May 14 04:24:31 UTC 2019
auto.tcl: Setting watchdog for 200 seconds at Tue May 14 04:24:31 UTC 2019
2 ms. Memory: 551424K Free: 535721K (97%)
ptolemy.util.test.WatchDog.cancel(): canceling Tue May 14 04:24:31 UTC 2019
------------------ testing $PTII/ptolemy/domains/de/test/auto/ResettableTimer3.xml
auto.tcl: Setting watchdog for 200 seconds at Tue May 14 04:24:31 UTC 2019
3 ms. Memory: 552960K Free: 536711K (97%)
ptolemy.util.test.WatchDog.cancel(): canceling Tue May 14 04:24:31 UTC 2019
auto.tcl: Setting watchdog for 200 seconds at Tue May 14 04:24:31 UTC 2019
1 ms. Memory: 552960K Free: 536711K (97%)
ptolemy.util.test.WatchDog.cancel(): canceling Tue May 14 04:24:31 UTC 2019
------------------ testing $PTII/ptolemy/domains/de/test/auto/ResettableTimer4.xml
auto.tcl: Setting watchdog for 200 seconds at Tue May 14 04:24:31 UTC 2019
1 ms. Memory: 551424K Free: 535734K (97%)
ptolemy.util.test.WatchDog.cancel(): canceling Tue May 14 04:24:31 UTC 2019
auto.tcl: Setting watchdog for 200 seconds at Tue May 14 04:24:31 UTC 2019
2 ms. Memory: 551424K Free: 535734K (97%)
ptolemy.util.test.WatchDog.cancel(): canceling Tue May 14 04:24:31 UTC 2019
------------------ testing $PTII/ptolemy/domains/de/test/auto/ResettableTimer5.xml
auto.tcl: Setting watchdog for 200 seconds at Tue May 14 04:24:31 UTC 2019
3 ms. Memory: 552448K Free: 532055K (96%)
ptolemy.util.test.WatchDog.cancel(): canceling Tue May 14 04:24:31 UTC 2019
auto.tcl: Setting watchdog for 200 seconds at Tue May 14 04:24:31 UTC 2019
2 ms. Memory: 552448K Free: 532055K (96%)
ptolemy.util.test.WatchDog.cancel(): canceling Tue May 14 04:24:31 UTC 2019
------------------ testing $PTII/ptolemy/domains/de/test/auto/ResettableTimer6.xml
auto.tcl: Setting watchdog for 200 seconds at Tue May 14 04:24:31 UTC 2019
1 ms. Memory: 551424K Free: 530435K (96%)
ptolemy.util.test.WatchDog.cancel(): canceling Tue May 14 04:24:31 UTC 2019
auto.tcl: Setting watchdog for 200 seconds at Tue May 14 04:24:31 UTC 2019
1 ms. Memory: 551424K Free: 530435K (96%)
ptolemy.util.test.WatchDog.cancel(): canceling Tue May 14 04:24:31 UTC 2019
------------------ testing $PTII/ptolemy/domains/de/test/auto/ServerZeroDelay.xml
auto.tcl: Setting watchdog for 200 seconds at Tue May 14 04:24:31 UTC 2019
4 ms. Memory: 552448K Free: 536695K (97%)
ptolemy.util.test.WatchDog.cancel(): canceling Tue May 14 04:24:31 UTC 2019
auto.tcl: Setting watchdog for 200 seconds at Tue May 14 04:24:31 UTC 2019
2 ms. Memory: 552448K Free: 536695K (97%)
ptolemy.util.test.WatchDog.cancel(): canceling Tue May 14 04:24:31 UTC 2019
------------------ testing $PTII/ptolemy/domains/de/test/auto/SmartSender.xml
auto.tcl: Setting watchdog for 200 seconds at Tue May 14 04:24:31 UTC 2019
3001 ms. Memory: 551424K Free: 521566K (95%)
ptolemy.util.test.WatchDog.cancel(): canceling Tue May 14 04:24:34 UTC 2019
auto.tcl: Setting watchdog for 200 seconds at Tue May 14 04:24:34 UTC 2019
3002 ms. Memory: 551424K Free: 521566K (95%)
ptolemy.util.test.WatchDog.cancel(): canceling Tue May 14 04:24:37 UTC 2019
------------------ testing $PTII/ptolemy/domains/de/test/auto/ThreadedComposite.xml
auto.tcl: Setting watchdog for 200 seconds at Tue May 14 04:24:37 UTC 2019
216 ms. Memory: 552448K Free: 516076K (93%)
ptolemy.util.test.WatchDog.cancel(): canceling Tue May 14 04:24:37 UTC 2019
auto.tcl: Setting watchdog for 200 seconds at Tue May 14 04:24:37 UTC 2019
204 ms. Memory: 552448K Free: 495986K (90%)
ptolemy.util.test.WatchDog.cancel(): canceling Tue May 14 04:24:37 UTC 2019
------------------ testing $PTII/ptolemy/domains/de/test/auto/Time.xml
auto.tcl: Setting watchdog for 200 seconds at Tue May 14 04:24:37 UTC 2019
510 ms. Memory: 551424K Free: 487845K (88%)
ptolemy.util.test.WatchDog.cancel(): canceling Tue May 14 04:24:38 UTC 2019
auto.tcl: Setting watchdog for 200 seconds at Tue May 14 04:24:38 UTC 2019
441 ms. Memory: 551424K Free: 434005K (79%)
ptolemy.util.test.WatchDog.cancel(): canceling Tue May 14 04:24:38 UTC 2019
------------------ testing $PTII/ptolemy/domains/de/test/auto/TimeDelayZeroDelay.xml
auto.tcl: Setting watchdog for 200 seconds at Tue May 14 04:24:39 UTC 2019
2 ms. Memory: 552448K Free: 536068K (97%)
ptolemy.util.test.WatchDog.cancel(): canceling Tue May 14 04:24:39 UTC 2019
auto.tcl: Setting watchdog for 200 seconds at Tue May 14 04:24:39 UTC 2019
2 ms. Memory: 552448K Free: 536068K (97%)
ptolemy.util.test.WatchDog.cancel(): canceling Tue May 14 04:24:39 UTC 2019
------------------ testing $PTII/ptolemy/domains/de/test/auto/TimerZeroDelay.xml
auto.tcl: Setting watchdog for 200 seconds at Tue May 14 04:24:39 UTC 2019
4 ms. Memory: 551424K Free: 535633K (97%)
ptolemy.util.test.WatchDog.cancel(): canceling Tue May 14 04:24:39 UTC 2019
auto.tcl: Setting watchdog for 200 seconds at Tue May 14 04:24:39 UTC 2019
2 ms. Memory: 551424K Free: 535633K (97%)
ptolemy.util.test.WatchDog.cancel(): canceling Tue May 14 04:24:39 UTC 2019
------------------ testing $PTII/ptolemy/domains/de/test/auto/TimingParadox.xml
auto.tcl: Setting watchdog for 200 seconds at Tue May 14 04:24:39 UTC 2019
334 ms. Memory: 551936K Free: 472739K (86%)
ptolemy.util.test.WatchDog.cancel(): canceling Tue May 14 04:24:39 UTC 2019
auto.tcl: Setting watchdog for 200 seconds at Tue May 14 04:24:39 UTC 2019
318 ms. Memory: 551936K Free: 436846K (79%)
ptolemy.util.test.WatchDog.cancel(): canceling Tue May 14 04:24:39 UTC 2019
------------------ testing $PTII/ptolemy/domains/de/test/auto/TransferInputs.xml
auto.tcl: Setting watchdog for 200 seconds at Tue May 14 04:24:39 UTC 2019
2 ms. Memory: 551936K Free: 535107K (97%)
ptolemy.util.test.WatchDog.cancel(): canceling Tue May 14 04:24:40 UTC 2019
auto.tcl: Setting watchdog for 200 seconds at Tue May 14 04:24:40 UTC 2019
1 ms. Memory: 551936K Free: 535107K (97%)
ptolemy.util.test.WatchDog.cancel(): canceling Tue May 14 04:24:40 UTC 2019
------------------ testing $PTII/ptolemy/domains/de/test/auto/TransferOutputs2.xml
auto.tcl: Setting watchdog for 200 seconds at Tue May 14 04:24:40 UTC 2019
4 ms. Memory: 551424K Free: 529714K (96%)
ptolemy.util.test.WatchDog.cancel(): canceling Tue May 14 04:24:40 UTC 2019
auto.tcl: Setting watchdog for 200 seconds at Tue May 14 04:24:40 UTC 2019
3 ms. Memory: 551424K Free: 529714K (96%)
ptolemy.util.test.WatchDog.cancel(): canceling Tue May 14 04:24:40 UTC 2019
------------------ testing $PTII/ptolemy/domains/de/test/auto/Trilateration.xml
auto.tcl: Setting watchdog for 200 seconds at Tue May 14 04:24:40 UTC 2019
12773 ms. Memory: 765952K Free: 259905K (34%)
ptolemy.util.test.WatchDog.cancel(): canceling Tue May 14 04:24:53 UTC 2019
auto.tcl: Setting watchdog for 200 seconds at Tue May 14 04:24:53 UTC 2019
10331 ms. Memory: 646144K Free: 104344K (16%)
ptolemy.util.test.WatchDog.cancel(): canceling Tue May 14 04:25:04 UTC 2019
------------------ testing $PTII/ptolemy/domains/de/test/auto/TwoSigmaDelta.xml
auto.tcl: Setting watchdog for 200 seconds at Tue May 14 04:25:04 UTC 2019
2772 ms. Memory: 649728K Free: 340795K (52%)
ptolemy.util.test.WatchDog.cancel(): canceling Tue May 14 04:25:07 UTC 2019
auto.tcl: Setting watchdog for 200 seconds at Tue May 14 04:25:07 UTC 2019
2128 ms. Memory: 649728K Free: 103856K (16%)
ptolemy.util.test.WatchDog.cancel(): canceling Tue May 14 04:25:09 UTC 2019
------------------ testing $PTII/ptolemy/domains/de/test/auto/VariableDelay.xml
auto.tcl: Setting watchdog for 200 seconds at Tue May 14 04:25:09 UTC 2019
6 ms. Memory: 646656K Free: 626802K (97%)
ptolemy.util.test.WatchDog.cancel(): canceling Tue May 14 04:25:09 UTC 2019
auto.tcl: Setting watchdog for 200 seconds at Tue May 14 04:25:09 UTC 2019
2 ms. Memory: 646656K Free: 626802K (97%)
ptolemy.util.test.WatchDog.cancel(): canceling Tue May 14 04:25:09 UTC 2019
------------------ testing $PTII/ptolemy/domains/de/test/auto/VariableDelay2.xml
auto.tcl: Setting watchdog for 200 seconds at Tue May 14 04:25:09 UTC 2019
2 ms. Memory: 646144K Free: 626780K (97%)
ptolemy.util.test.WatchDog.cancel(): canceling Tue May 14 04:25:09 UTC 2019
auto.tcl: Setting watchdog for 200 seconds at Tue May 14 04:25:09 UTC 2019
2 ms. Memory: 646144K Free: 626780K (97%)
ptolemy.util.test.WatchDog.cancel(): canceling Tue May 14 04:25:09 UTC 2019
------------------ testing $PTII/ptolemy/domains/de/test/auto/VariableDelayZeroDelay.xml
auto.tcl: Setting watchdog for 200 seconds at Tue May 14 04:25:09 UTC 2019
4 ms. Memory: 646144K Free: 621131K (96%)
ptolemy.util.test.WatchDog.cancel(): canceling Tue May 14 04:25:09 UTC 2019
auto.tcl: Setting watchdog for 200 seconds at Tue May 14 04:25:09 UTC 2019
2 ms. Memory: 646144K Free: 621131K (96%)
ptolemy.util.test.WatchDog.cancel(): canceling Tue May 14 04:25:09 UTC 2019
------------------ testing $PTII/ptolemy/domains/de/test/auto/VariableDelayZeroDelay2.xml
auto.tcl: Setting watchdog for 200 seconds at Tue May 14 04:25:09 UTC 2019
2 ms. Memory: 649216K Free: 624201K (96%)
ptolemy.util.test.WatchDog.cancel(): canceling Tue May 14 04:25:09 UTC 2019
auto.tcl: Setting watchdog for 200 seconds at Tue May 14 04:25:09 UTC 2019
2 ms. Memory: 649216K Free: 624201K (96%)
ptolemy.util.test.WatchDog.cancel(): canceling Tue May 14 04:25:09 UTC 2019
------------------ testing $PTII/ptolemy/domains/de/test/auto/deInCt.xml
auto.tcl: Setting watchdog for 200 seconds at Tue May 14 04:25:09 UTC 2019
0
1
1
1
0
0
1
1
1
0
0
0
1
1
1
1
1
1
0
0
0
1
1
1
1
0
0
0
0
0
0
9 ms. Memory: 646144K Free: 621126K (96%)
ptolemy.util.test.WatchDog.cancel(): canceling Tue May 14 04:25:09 UTC 2019
auto.tcl: Setting watchdog for 200 seconds at Tue May 14 04:25:09 UTC 2019
0
1
1
1
0
0
0
0
1
1
1
0
0
0
0
1
1
1
0
0
0
0
0
1
1
1
0
0
0
1
1
1
1
0
0
0
1
1
1
1
6 ms. Memory: 646144K Free: 621126K (96%)
ptolemy.util.test.WatchDog.cancel(): canceling Tue May 14 04:25:09 UTC 2019
------------------ testing $PTII/ptolemy/domains/de/test/auto/deInCt2.xml
auto.tcl: Setting watchdog for 200 seconds at Tue May 14 04:25:09 UTC 2019
0
1
1
1
0
0
1
1
1
0
0
1
1
1
0
0
1
1
1
0
0
1
1
1
0
0
1
1
1
0
0
1
1
1
0
0
1
1
1
0
0
0
15 ms. Memory: 648704K Free: 623609K (96%)
ptolemy.util.test.WatchDog.cancel(): canceling Tue May 14 04:25:09 UTC 2019
auto.tcl: Setting watchdog for 200 seconds at Tue May 14 04:25:09 UTC 2019
0
1
1
1
0
0
1
1
1
0
0
1
1
1
0
0
1
1
1
0
0
1
1
1
0
0
1
1
1
0
0
1
1
1
0
0
1
1
1
0
0
0
7 ms. Memory: 648704K Free: 623609K (96%)
ptolemy.util.test.WatchDog.cancel(): canceling Tue May 14 04:25:09 UTC 2019
------------------ testing $PTII/ptolemy/domains/de/test/auto/dynamicCausalityInterface1.xml
auto.tcl: Setting watchdog for 200 seconds at Tue May 14 04:25:09 UTC 2019
1 ms. Memory: 646144K Free: 612559K (95%)
ptolemy.util.test.WatchDog.cancel(): canceling Tue May 14 04:25:09 UTC 2019
auto.tcl: Setting watchdog for 200 seconds at Tue May 14 04:25:09 UTC 2019
1 ms. Memory: 646144K Free: 612559K (95%)
ptolemy.util.test.WatchDog.cancel(): canceling Tue May 14 04:25:09 UTC 2019
------------------ testing $PTII/ptolemy/domains/de/test/auto/fsm_de_test.xml
auto.tcl: Setting watchdog for 200 seconds at Tue May 14 04:25:09 UTC 2019
8 ms. Memory: 648192K Free: 623062K (96%)
ptolemy.util.test.WatchDog.cancel(): canceling Tue May 14 04:25:09 UTC 2019
auto.tcl: Setting watchdog for 200 seconds at Tue May 14 04:25:09 UTC 2019
5 ms. Memory: 648192K Free: 614502K (95%)
ptolemy.util.test.WatchDog.cancel(): canceling Tue May 14 04:25:09 UTC 2019
------------------ testing $PTII/ptolemy/domains/de/test/auto/functionDependencyReconstruction.xml
auto.tcl: Setting watchdog for 200 seconds at Tue May 14 04:25:09 UTC 2019
2 ms. Memory: 646144K Free: 612453K (95%)
ptolemy.util.test.WatchDog.cancel(): canceling Tue May 14 04:25:10 UTC 2019
auto.tcl: Setting watchdog for 200 seconds at Tue May 14 04:25:10 UTC 2019
2 ms. Memory: 646144K Free: 612453K (95%)
ptolemy.util.test.WatchDog.cancel(): canceling Tue May 14 04:25:10 UTC 2019
------------------ testing $PTII/ptolemy/domains/de/test/auto/multirate.xml
auto.tcl: Setting watchdog for 200 seconds at Tue May 14 04:25:10 UTC 2019
4 ms. Memory: 648192K Free: 622853K (96%)
ptolemy.util.test.WatchDog.cancel(): canceling Tue May 14 04:25:10 UTC 2019
auto.tcl: Setting watchdog for 200 seconds at Tue May 14 04:25:10 UTC 2019
2 ms. Memory: 648192K Free: 622853K (96%)
ptolemy.util.test.WatchDog.cancel(): canceling Tue May 14 04:25:10 UTC 2019
------------------ testing $PTII/ptolemy/domains/de/test/auto/multirate2.xml
auto.tcl: Setting watchdog for 200 seconds at Tue May 14 04:25:10 UTC 2019
3 ms. Memory: 646144K Free: 626715K (97%)
ptolemy.util.test.WatchDog.cancel(): canceling Tue May 14 04:25:10 UTC 2019
auto.tcl: Setting watchdog for 200 seconds at Tue May 14 04:25:10 UTC 2019
3 ms. Memory: 646144K Free: 626715K (97%)
ptolemy.util.test.WatchDog.cancel(): canceling Tue May 14 04:25:10 UTC 2019
------------------ testing $PTII/ptolemy/domains/de/test/auto/realtime.xml
auto.tcl: Setting watchdog for 200 seconds at Tue May 14 04:25:10 UTC 2019
10002 ms. Memory: 647680K Free: 622526K (96%)
ptolemy.util.test.WatchDog.cancel(): canceling Tue May 14 04:25:20 UTC 2019
auto.tcl: Setting watchdog for 200 seconds at Tue May 14 04:25:20 UTC 2019
10002 ms. Memory: 647680K Free: 622526K (96%)
ptolemy.util.test.WatchDog.cancel(): canceling Tue May 14 04:25:30 UTC 2019
------------------ testing $PTII/ptolemy/domains/de/test/auto/relationGroup.xml
auto.tcl: Setting watchdog for 200 seconds at Tue May 14 04:25:30 UTC 2019
1 ms. Memory: 646144K Free: 626739K (97%)
ptolemy.util.test.WatchDog.cancel(): canceling Tue May 14 04:25:30 UTC 2019
auto.tcl: Setting watchdog for 200 seconds at Tue May 14 04:25:30 UTC 2019
1 ms. Memory: 646144K Free: 626739K (97%)
ptolemy.util.test.WatchDog.cancel(): canceling Tue May 14 04:25:30 UTC 2019
------------------ testing $PTII/ptolemy/domains/de/test/auto/relationGroup2.xml
auto.tcl: Setting watchdog for 200 seconds at Tue May 14 04:25:30 UTC 2019
1 ms. Memory: 647680K Free: 622654K (96%)
ptolemy.util.test.WatchDog.cancel(): canceling Tue May 14 04:25:30 UTC 2019
auto.tcl: Setting watchdog for 200 seconds at Tue May 14 04:25:30 UTC 2019
1 ms. Memory: 647680K Free: 622654K (96%)
ptolemy.util.test.WatchDog.cancel(): canceling Tue May 14 04:25:30 UTC 2019
------------------ testing $PTII/ptolemy/domains/de/test/auto/sortWithOpaquePorts.xml
auto.tcl: Setting watchdog for 200 seconds at Tue May 14 04:25:30 UTC 2019
1 ms. Memory: 646144K Free: 621119K (96%)
ptolemy.util.test.WatchDog.cancel(): canceling Tue May 14 04:25:30 UTC 2019
auto.tcl: Setting watchdog for 200 seconds at Tue May 14 04:25:30 UTC 2019
1 ms. Memory: 646144K Free: 621119K (96%)
ptolemy.util.test.WatchDog.cancel(): canceling Tue May 14 04:25:30 UTC 2019
------------------ testing $PTII/ptolemy/domains/de/test/auto/transferInputsandOutputs.xml
auto.tcl: Setting watchdog for 200 seconds at Tue May 14 04:25:30 UTC 2019
5 ms. Memory: 647168K Free: 622129K (96%)
ptolemy.util.test.WatchDog.cancel(): canceling Tue May 14 04:25:30 UTC 2019
auto.tcl: Setting watchdog for 200 seconds at Tue May 14 04:25:30 UTC 2019
2 ms. Memory: 647168K Free: 622129K (96%)
ptolemy.util.test.WatchDog.cancel(): canceling Tue May 14 04:25:30 UTC 2019
------------------ testing $PTII/ptolemy/domains/de/test/auto/triggerType.xml
auto.tcl: Setting watchdog for 200 seconds at Tue May 14 04:25:30 UTC 2019
2 ms. Memory: 646144K Free: 621055K (96%)
ptolemy.util.test.WatchDog.cancel(): canceling Tue May 14 04:25:30 UTC 2019
auto.tcl: Setting watchdog for 200 seconds at Tue May 14 04:25:30 UTC 2019
1 ms. Memory: 646144K Free: 621055K (96%)
ptolemy.util.test.WatchDog.cancel(): canceling Tue May 14 04:25:30 UTC 2019
05/14/19 04:25:30
Failed: 0  Total Tests: 192  ((Passed: 187, Newly Passed: 1)  Known Failed: 5) /home/travis/build/icyphy/ptII/ptolemy/domains/de/test
05/14/19 04:25:30
Failed: 0  Total Tests: 192  ((Passed: 187, Newly Passed: 1)  Known Failed: 5) /home/travis/build/icyphy/ptII/ptolemy/domains/de/test
----------------- testing (KnownFailure) /home/travis/build/icyphy/ptII/ptolemy/domains/de/test/auto/knownFailedTests/DESDFClockTest.xml
2012 ms. Memory: 647168K Free: 610761K (94%)
Known Failure: java.lang.reflect.InvocationTargetException
----------------- testing (KnownFailure) /home/travis/build/icyphy/ptII/ptolemy/domains/de/test/auto/knownFailedTests/DirectFeedback.xml
1 ms. Memory: 647168K Free: 565582K (87%)
Known Failure: java.lang.reflect.InvocationTargetException
----------------- testing (KnownFailure) /home/travis/build/icyphy/ptII/ptolemy/domains/de/test/auto/knownFailedTests/FSMSource.xml
5 ms. Memory: 647168K Free: 520403K (80%)
----------------- testing (KnownFailure) /home/travis/build/icyphy/ptII/ptolemy/domains/de/test/auto/knownFailedTests/HierarchicalModel.xml
2 ms. Memory: 647168K Free: 486519K (75%)
Known Failure: java.lang.reflect.InvocationTargetException
----------------- testing (KnownFailure) /home/travis/build/icyphy/ptII/ptolemy/domains/de/test/auto/knownFailedTests/dependencyLoop.xml
2 ms. Memory: 647168K Free: 430045K (66%)
Known Failure: java.lang.reflect.InvocationTargetException
----------------- testing (KnownFailure) /home/travis/build/icyphy/ptII/ptolemy/domains/de/test/auto/knownFailedTests/dependencyLoop2.xml
1 ms. Memory: 647168K Free: 373555K (58%)
Known Failure: java.lang.reflect.InvocationTargetException
No auto/linux-amd64/*.xml tests in /home/travis/build/icyphy/ptII/ptolemy/domains/de/test
AutoTests.java: About to close Vertx.
AutoTests.java: Vertx closed.

===========================================================================================
----------------- testing Tue May 14 04:25:32 UTC 2019 /home/travis/build/icyphy/ptII/ptolemy/domains/de/test/auto/ActorDepthCalculation_actorWithoutPorts.xml
----------------- Instantiating /home/travis/build/icyphy/ptII/ptolemy/domains/de/test/auto/ActorDepthCalculation_actorWithoutPorts.xml
1 ms. Memory: 647168K Free: 317081K (49%)
----------------- Invoking toplevel() on ptolemy.moml.MoMLSimpleApplication@3cf52678
----------------- Done invoking toplevel() on ptolemy.moml.MoMLSimpleApplication@3cf52678
reloadAllAccessors: .ActorDepthCalculation_actorWithoutPorts

===========================================================================================
----------------- testing Tue May 14 04:25:32 UTC 2019 /home/travis/build/icyphy/ptII/ptolemy/domains/de/test/auto/AssemblyLine.xml
----------------- Instantiating /home/travis/build/icyphy/ptII/ptolemy/domains/de/test/auto/AssemblyLine.xml
1 ms. Memory: 647168K Free: 294491K (46%)
----------------- Invoking toplevel() on ptolemy.moml.MoMLSimpleApplication@3ad43b4f
----------------- Done invoking toplevel() on ptolemy.moml.MoMLSimpleApplication@3ad43b4f
reloadAllAccessors: .AssemblyLine

===========================================================================================
----------------- testing Tue May 14 04:25:32 UTC 2019 /home/travis/build/icyphy/ptII/ptolemy/domains/de/test/auto/CQBug1.xml
----------------- Instantiating /home/travis/build/icyphy/ptII/ptolemy/domains/de/test/auto/CQBug1.xml
0 ms. Memory: 647168K Free: 271902K (42%)
----------------- Invoking toplevel() on ptolemy.moml.MoMLSimpleApplication@7746685e
----------------- Done invoking toplevel() on ptolemy.moml.MoMLSimpleApplication@7746685e
reloadAllAccessors: .CQBug1

===========================================================================================
----------------- testing Tue May 14 04:25:32 UTC 2019 /home/travis/build/icyphy/ptII/ptolemy/domains/de/test/auto/CancelFireAt.xml
----------------- Instantiating /home/travis/build/icyphy/ptII/ptolemy/domains/de/test/auto/CancelFireAt.xml
1 ms. Memory: 647168K Free: 249312K (39%)
----------------- Invoking toplevel() on ptolemy.moml.MoMLSimpleApplication@3e8ff8ad
----------------- Done invoking toplevel() on ptolemy.moml.MoMLSimpleApplication@3e8ff8ad
reloadAllAccessors: .CancelFireAt

===========================================================================================
----------------- testing Tue May 14 04:25:32 UTC 2019 /home/travis/build/icyphy/ptII/ptolemy/domains/de/test/auto/CausalityAndComposabilityAnalysis.xml
----------------- Instantiating /home/travis/build/icyphy/ptII/ptolemy/domains/de/test/auto/CausalityAndComposabilityAnalysis.xml
2 ms. Memory: 647168K Free: 226723K (35%)
----------------- Invoking toplevel() on ptolemy.moml.MoMLSimpleApplication@2785fa9b
----------------- Done invoking toplevel() on ptolemy.moml.MoMLSimpleApplication@2785fa9b
reloadAllAccessors: .CausalityAndComposabilityAnalysis

===========================================================================================
----------------- testing Tue May 14 04:25:32 UTC 2019 /home/travis/build/icyphy/ptII/ptolemy/domains/de/test/auto/CausalityInterface1.xml
----------------- Instantiating /home/travis/build/icyphy/ptII/ptolemy/domains/de/test/auto/CausalityInterface1.xml
4 ms. Memory: 647168K Free: 204133K (32%)
----------------- Invoking toplevel() on ptolemy.moml.MoMLSimpleApplication@1d2ab72f
----------------- Done invoking toplevel() on ptolemy.moml.MoMLSimpleApplication@1d2ab72f
reloadAllAccessors: .CausalityInterface1

===========================================================================================
----------------- testing Tue May 14 04:25:32 UTC 2019 /home/travis/build/icyphy/ptII/ptolemy/domains/de/test/auto/CausalityInterface15.xml
----------------- Instantiating /home/travis/build/icyphy/ptII/ptolemy/domains/de/test/auto/CausalityInterface15.xml
1 ms. Memory: 647168K Free: 181544K (28%)
----------------- Invoking toplevel() on ptolemy.moml.MoMLSimpleApplication@4d1c8f0a
----------------- Done invoking toplevel() on ptolemy.moml.MoMLSimpleApplication@4d1c8f0a
reloadAllAccessors: .CausalityInterface15

===========================================================================================
----------------- testing Tue May 14 04:25:32 UTC 2019 /home/travis/build/icyphy/ptII/ptolemy/domains/de/test/auto/CausalityInterface2.xml
----------------- Instantiating /home/travis/build/icyphy/ptII/ptolemy/domains/de/test/auto/CausalityInterface2.xml
1 ms. Memory: 647168K Free: 158954K (25%)
----------------- Invoking toplevel() on ptolemy.moml.MoMLSimpleApplication@4938bbe5
----------------- Done invoking toplevel() on ptolemy.moml.MoMLSimpleApplication@4938bbe5
reloadAllAccessors: .CausalityInterface2

===========================================================================================
----------------- testing Tue May 14 04:25:32 UTC 2019 /home/travis/build/icyphy/ptII/ptolemy/domains/de/test/auto/CausalityInterface3.xml
----------------- Instantiating /home/travis/build/icyphy/ptII/ptolemy/domains/de/test/auto/CausalityInterface3.xml
1 ms. Memory: 647168K Free: 136365K (21%)
----------------- Invoking toplevel() on ptolemy.moml.MoMLSimpleApplication@77e8b67a
----------------- Done invoking toplevel() on ptolemy.moml.MoMLSimpleApplication@77e8b67a
reloadAllAccessors: .CausalityInterface3

===========================================================================================
----------------- testing Tue May 14 04:25:32 UTC 2019 /home/travis/build/icyphy/ptII/ptolemy/domains/de/test/auto/ClockDrift.xml
----------------- Instantiating /home/travis/build/icyphy/ptII/ptolemy/domains/de/test/auto/ClockDrift.xml
16 ms. Memory: 647168K Free: 113775K (18%)
----------------- Invoking toplevel() on ptolemy.moml.MoMLSimpleApplication@2936577a
----------------- Done invoking toplevel() on ptolemy.moml.MoMLSimpleApplication@2936577a
reloadAllAccessors: .ClockDrift

===========================================================================================
----------------- testing Tue May 14 04:25:32 UTC 2019 /home/travis/build/icyphy/ptII/ptolemy/domains/de/test/auto/ClockDriftAndValueChange.xml
----------------- Instantiating /home/travis/build/icyphy/ptII/ptolemy/domains/de/test/auto/ClockDriftAndValueChange.xml
8 ms. Memory: 647168K Free: 91186K (14%)
----------------- Invoking toplevel() on ptolemy.moml.MoMLSimpleApplication@6d9dbaae
----------------- Done invoking toplevel() on ptolemy.moml.MoMLSimpleApplication@6d9dbaae
reloadAllAccessors: .ClockDriftAndValueChange

===========================================================================================
----------------- testing Tue May 14 04:25:32 UTC 2019 /home/travis/build/icyphy/ptII/ptolemy/domains/de/test/auto/ClockDriftChange.xml
----------------- Instantiating /home/travis/build/icyphy/ptII/ptolemy/domains/de/test/auto/ClockDriftChange.xml
7 ms. Memory: 647168K Free: 77235K (12%)
----------------- Invoking toplevel() on ptolemy.moml.MoMLSimpleApplication@3c235776
----------------- Done invoking toplevel() on ptolemy.moml.MoMLSimpleApplication@3c235776
reloadAllAccessors: .ClockDriftChange

===========================================================================================
----------------- testing Tue May 14 04:25:32 UTC 2019 /home/travis/build/icyphy/ptII/ptolemy/domains/de/test/auto/ComposableCausalityAnalysis.xml
----------------- Instantiating /home/travis/build/icyphy/ptII/ptolemy/domains/de/test/auto/ComposableCausalityAnalysis.xml
0 ms. Memory: 619520K Free: 592509K (96%)
----------------- Invoking toplevel() on ptolemy.moml.MoMLSimpleApplication@ebb4a08
----------------- Done invoking toplevel() on ptolemy.moml.MoMLSimpleApplication@ebb4a08
reloadAllAccessors: .ComposableCausalityAnalysis

===========================================================================================
----------------- testing Tue May 14 04:25:32 UTC 2019 /home/travis/build/icyphy/ptII/ptolemy/domains/de/test/auto/DEFixedPointLimitation.xml
----------------- Instantiating /home/travis/build/icyphy/ptII/ptolemy/domains/de/test/auto/DEFixedPointLimitation.xml
1 ms. Memory: 619520K Free: 565693K (91%)
----------------- Invoking toplevel() on ptolemy.moml.MoMLSimpleApplication@1e48b0ff
----------------- Done invoking toplevel() on ptolemy.moml.MoMLSimpleApplication@1e48b0ff
reloadAllAccessors: .DEFixedPointLimitation

===========================================================================================
----------------- testing Tue May 14 04:25:32 UTC 2019 /home/travis/build/icyphy/ptII/ptolemy/domains/de/test/auto/DEScheduleTest.xml
----------------- Instantiating /home/travis/build/icyphy/ptII/ptolemy/domains/de/test/auto/DEScheduleTest.xml
2 ms. Memory: 619520K Free: 544168K (88%)
----------------- Invoking toplevel() on ptolemy.moml.MoMLSimpleApplication@6b886a2a
----------------- Done invoking toplevel() on ptolemy.moml.MoMLSimpleApplication@6b886a2a
reloadAllAccessors: .DEScheduleTest

===========================================================================================
----------------- testing Tue May 14 04:25:32 UTC 2019 /home/travis/build/icyphy/ptII/ptolemy/domains/de/test/auto/DEinDEwithStartTimes.xml
----------------- Instantiating /home/travis/build/icyphy/ptII/ptolemy/domains/de/test/auto/DEinDEwithStartTimes.xml
1 ms. Memory: 619520K Free: 522644K (84%)
----------------- Invoking toplevel() on ptolemy.moml.MoMLSimpleApplication@7bc7e83a
----------------- Done invoking toplevel() on ptolemy.moml.MoMLSimpleApplication@7bc7e83a
reloadAllAccessors: .DEinDEwithStartTimes

===========================================================================================
----------------- testing Tue May 14 04:25:32 UTC 2019 /home/travis/build/icyphy/ptII/ptolemy/domains/de/test/auto/DEinDEwithStartTimes2.xml
----------------- Instantiating /home/travis/build/icyphy/ptII/ptolemy/domains/de/test/auto/DEinDEwithStartTimes2.xml
2 ms. Memory: 619520K Free: 501072K (81%)
----------------- Invoking toplevel() on ptolemy.moml.MoMLSimpleApplication@2b30107f
----------------- Done invoking toplevel() on ptolemy.moml.MoMLSimpleApplication@2b30107f
reloadAllAccessors: .DEinDEwithStartTimes2

===========================================================================================
----------------- testing Tue May 14 04:25:32 UTC 2019 /home/travis/build/icyphy/ptII/ptolemy/domains/de/test/auto/DateDemo.xml
----------------- Instantiating /home/travis/build/icyphy/ptII/ptolemy/domains/de/test/auto/DateDemo.xml
3 ms. Memory: 619520K Free: 479548K (77%)
----------------- Invoking toplevel() on ptolemy.moml.MoMLSimpleApplication@54afb753
----------------- Done invoking toplevel() on ptolemy.moml.MoMLSimpleApplication@54afb753
reloadAllAccessors: .DateDemo

===========================================================================================
----------------- testing Tue May 14 04:25:32 UTC 2019 /home/travis/build/icyphy/ptII/ptolemy/domains/de/test/auto/DateToEvent.xml
----------------- Instantiating /home/travis/build/icyphy/ptII/ptolemy/domains/de/test/auto/DateToEvent.xml
2003 ms. Memory: 619520K Free: 447245K (72%)
----------------- Invoking toplevel() on ptolemy.moml.MoMLSimpleApplication@33a61afe
----------------- Done invoking toplevel() on ptolemy.moml.MoMLSimpleApplication@33a61afe
reloadAllAccessors: .DateToEvent

===========================================================================================
----------------- testing Tue May 14 04:25:35 UTC 2019 /home/travis/build/icyphy/ptII/ptolemy/domains/de/test/auto/DepthTest1.xml
----------------- Instantiating /home/travis/build/icyphy/ptII/ptolemy/domains/de/test/auto/DepthTest1.xml
0 ms. Memory: 619520K Free: 425720K (69%)
----------------- Invoking toplevel() on ptolemy.moml.MoMLSimpleApplication@4e56a0fe
----------------- Done invoking toplevel() on ptolemy.moml.MoMLSimpleApplication@4e56a0fe
reloadAllAccessors: .DepthTest1

===========================================================================================
----------------- testing Tue May 14 04:25:35 UTC 2019 /home/travis/build/icyphy/ptII/ptolemy/domains/de/test/auto/DepthTest2.xml
----------------- Instantiating /home/travis/build/icyphy/ptII/ptolemy/domains/de/test/auto/DepthTest2.xml
1 ms. Memory: 619520K Free: 404196K (65%)
----------------- Invoking toplevel() on ptolemy.moml.MoMLSimpleApplication@6e79088b
----------------- Done invoking toplevel() on ptolemy.moml.MoMLSimpleApplication@6e79088b
reloadAllAccessors: .DepthTest2

===========================================================================================
----------------- testing Tue May 14 04:25:35 UTC 2019 /home/travis/build/icyphy/ptII/ptolemy/domains/de/test/auto/DepthTest3.xml
----------------- Instantiating /home/travis/build/icyphy/ptII/ptolemy/domains/de/test/auto/DepthTest3.xml
0 ms. Memory: 619520K Free: 382671K (62%)
----------------- Invoking toplevel() on ptolemy.moml.MoMLSimpleApplication@1f8e1e05
----------------- Done invoking toplevel() on ptolemy.moml.MoMLSimpleApplication@1f8e1e05
reloadAllAccessors: .DepthTest3

===========================================================================================
----------------- testing Tue May 14 04:25:35 UTC 2019 /home/travis/build/icyphy/ptII/ptolemy/domains/de/test/auto/DepthTest4.xml
----------------- Instantiating /home/travis/build/icyphy/ptII/ptolemy/domains/de/test/auto/DepthTest4.xml
1 ms. Memory: 619520K Free: 361147K (58%)
----------------- Invoking toplevel() on ptolemy.moml.MoMLSimpleApplication@523783ce
----------------- Done invoking toplevel() on ptolemy.moml.MoMLSimpleApplication@523783ce
reloadAllAccessors: .DepthTest4

===========================================================================================
----------------- testing Tue May 14 04:25:35 UTC 2019 /home/travis/build/icyphy/ptII/ptolemy/domains/de/test/auto/DepthTest5.xml
----------------- Instantiating /home/travis/build/icyphy/ptII/ptolemy/domains/de/test/auto/DepthTest5.xml
2 ms. Memory: 619520K Free: 339622K (55%)
----------------- Invoking toplevel() on ptolemy.moml.MoMLSimpleApplication@1470592e
----------------- Done invoking toplevel() on ptolemy.moml.MoMLSimpleApplication@1470592e
reloadAllAccessors: .DepthTest5

===========================================================================================
----------------- testing Tue May 14 04:25:35 UTC 2019 /home/travis/build/icyphy/ptII/ptolemy/domains/de/test/auto/DepthTest6.xml
----------------- Instantiating /home/travis/build/icyphy/ptII/ptolemy/domains/de/test/auto/DepthTest6.xml
1 ms. Memory: 619520K Free: 312806K (50%)
----------------- Invoking toplevel() on ptolemy.moml.MoMLSimpleApplication@45f0a97d
----------------- Done invoking toplevel() on ptolemy.moml.MoMLSimpleApplication@45f0a97d
reloadAllAccessors: .DepthTest6

===========================================================================================
----------------- testing Tue May 14 04:25:35 UTC 2019 /home/travis/build/icyphy/ptII/ptolemy/domains/de/test/auto/DepthTest7.xml
----------------- Instantiating /home/travis/build/icyphy/ptII/ptolemy/domains/de/test/auto/DepthTest7.xml
1 ms. Memory: 619520K Free: 291281K (47%)
----------------- Invoking toplevel() on ptolemy.moml.MoMLSimpleApplication@7f7c08c2
----------------- Done invoking toplevel() on ptolemy.moml.MoMLSimpleApplication@7f7c08c2
reloadAllAccessors: .DepthTest7

===========================================================================================
----------------- testing Tue May 14 04:25:35 UTC 2019 /home/travis/build/icyphy/ptII/ptolemy/domains/de/test/auto/EventToDate.xml
----------------- Instantiating /home/travis/build/icyphy/ptII/ptolemy/domains/de/test/auto/EventToDate.xml
3003 ms. Memory: 619520K Free: 258979K (42%)
----------------- Invoking toplevel() on ptolemy.moml.MoMLSimpleApplication@44f346c1
----------------- Done invoking toplevel() on ptolemy.moml.MoMLSimpleApplication@44f346c1
reloadAllAccessors: .EventToDate

===========================================================================================
----------------- testing Tue May 14 04:25:38 UTC 2019 /home/travis/build/icyphy/ptII/ptolemy/domains/de/test/auto/FSM1.xml
----------------- Instantiating /home/travis/build/icyphy/ptII/ptolemy/domains/de/test/auto/FSM1.xml
14 ms. Memory: 619520K Free: 237454K (38%)
----------------- Invoking toplevel() on ptolemy.moml.MoMLSimpleApplication@11e1d0f
----------------- Done invoking toplevel() on ptolemy.moml.MoMLSimpleApplication@11e1d0f
reloadAllAccessors: .FSM1

===========================================================================================
----------------- testing Tue May 14 04:25:38 UTC 2019 /home/travis/build/icyphy/ptII/ptolemy/domains/de/test/auto/FSM7.xml
----------------- Instantiating /home/travis/build/icyphy/ptII/ptolemy/domains/de/test/auto/FSM7.xml
12 ms. Memory: 619520K Free: 215930K (35%)
----------------- Invoking toplevel() on ptolemy.moml.MoMLSimpleApplication@5c6a320d
----------------- Done invoking toplevel() on ptolemy.moml.MoMLSimpleApplication@5c6a320d
reloadAllAccessors: .FSM7

===========================================================================================
----------------- testing Tue May 14 04:25:38 UTC 2019 /home/travis/build/icyphy/ptII/ptolemy/domains/de/test/auto/Inspection.xml
----------------- Instantiating /home/travis/build/icyphy/ptII/ptolemy/domains/de/test/auto/Inspection.xml
17 ms. Memory: 619520K Free: 183635K (30%)
----------------- Invoking toplevel() on ptolemy.moml.MoMLSimpleApplication@1dd651e3
----------------- Done invoking toplevel() on ptolemy.moml.MoMLSimpleApplication@1dd651e3
reloadAllAccessors: .Inspection

===========================================================================================
----------------- testing Tue May 14 04:25:38 UTC 2019 /home/travis/build/icyphy/ptII/ptolemy/domains/de/test/auto/Iteration.xml
----------------- Instantiating /home/travis/build/icyphy/ptII/ptolemy/domains/de/test/auto/Iteration.xml
10 ms. Memory: 619520K Free: 162110K (26%)
----------------- Invoking toplevel() on ptolemy.moml.MoMLSimpleApplication@5da1e81c
----------------- Done invoking toplevel() on ptolemy.moml.MoMLSimpleApplication@5da1e81c
reloadAllAccessors: .Iteration

===========================================================================================
----------------- testing Tue May 14 04:25:38 UTC 2019 /home/travis/build/icyphy/ptII/ptolemy/domains/de/test/auto/LineFault.xml
----------------- Instantiating /home/travis/build/icyphy/ptII/ptolemy/domains/de/test/auto/LineFault.xml
333 ms. Memory: 595456K Free: 552658K (93%)
----------------- Invoking toplevel() on ptolemy.moml.MoMLSimpleApplication@74a7c89
----------------- Done invoking toplevel() on ptolemy.moml.MoMLSimpleApplication@74a7c89
reloadAllAccessors: .LineFault

===========================================================================================
----------------- testing Tue May 14 04:25:38 UTC 2019 /home/travis/build/icyphy/ptII/ptolemy/domains/de/test/auto/MergeModel1Add.xml
----------------- Instantiating /home/travis/build/icyphy/ptII/ptolemy/domains/de/test/auto/MergeModel1Add.xml
5 ms. Memory: 595456K Free: 517972K (87%)
----------------- Invoking toplevel() on ptolemy.moml.MoMLSimpleApplication@39344da7
----------------- Done invoking toplevel() on ptolemy.moml.MoMLSimpleApplication@39344da7
reloadAllAccessors: .MergeModel1Add

===========================================================================================
----------------- testing Tue May 14 04:25:38 UTC 2019 /home/travis/build/icyphy/ptII/ptolemy/domains/de/test/auto/MergeModel2Add.xml
----------------- Instantiating /home/travis/build/icyphy/ptII/ptolemy/domains/de/test/auto/MergeModel2Add.xml
4 ms. Memory: 595456K Free: 492305K (83%)
----------------- Invoking toplevel() on ptolemy.moml.MoMLSimpleApplication@5065afd4
----------------- Done invoking toplevel() on ptolemy.moml.MoMLSimpleApplication@5065afd4
reloadAllAccessors: .MergeModel2Add

===========================================================================================
----------------- testing Tue May 14 04:25:38 UTC 2019 /home/travis/build/icyphy/ptII/ptolemy/domains/de/test/auto/MergeModel3Add.xml
----------------- Instantiating /home/travis/build/icyphy/ptII/ptolemy/domains/de/test/auto/MergeModel3Add.xml
4 ms. Memory: 595456K Free: 466637K (78%)
----------------- Invoking toplevel() on ptolemy.moml.MoMLSimpleApplication@a7f635b
----------------- Done invoking toplevel() on ptolemy.moml.MoMLSimpleApplication@a7f635b
reloadAllAccessors: .MergeModel3Add

===========================================================================================
----------------- testing Tue May 14 04:25:38 UTC 2019 /home/travis/build/icyphy/ptII/ptolemy/domains/de/test/auto/MergeWithoutDiscard.xml
----------------- Instantiating /home/travis/build/icyphy/ptII/ptolemy/domains/de/test/auto/MergeWithoutDiscard.xml
1 ms. Memory: 595456K Free: 456376K (77%)
----------------- Invoking toplevel() on ptolemy.moml.MoMLSimpleApplication@2ec83592
----------------- Done invoking toplevel() on ptolemy.moml.MoMLSimpleApplication@2ec83592
reloadAllAccessors: .MergeWithoutDiscard

===========================================================================================
----------------- testing Tue May 14 04:25:38 UTC 2019 /home/travis/build/icyphy/ptII/ptolemy/domains/de/test/auto/Modal1.xml
----------------- Instantiating /home/travis/build/icyphy/ptII/ptolemy/domains/de/test/auto/Modal1.xml
4 ms. Memory: 595456K Free: 440940K (74%)
----------------- Invoking toplevel() on ptolemy.moml.MoMLSimpleApplication@771fc0f
----------------- Done invoking toplevel() on ptolemy.moml.MoMLSimpleApplication@771fc0f
reloadAllAccessors: .Modal1

===========================================================================================
----------------- testing Tue May 14 04:25:38 UTC 2019 /home/travis/build/icyphy/ptII/ptolemy/domains/de/test/auto/Modal2.xml
----------------- Instantiating /home/travis/build/icyphy/ptII/ptolemy/domains/de/test/auto/Modal2.xml
5 ms. Memory: 595456K Free: 425533K (71%)
----------------- Invoking toplevel() on ptolemy.moml.MoMLSimpleApplication@79b4fc61
----------------- Done invoking toplevel() on ptolemy.moml.MoMLSimpleApplication@79b4fc61
reloadAllAccessors: .Modal2

===========================================================================================
----------------- testing Tue May 14 04:25:38 UTC 2019 /home/travis/build/icyphy/ptII/ptolemy/domains/de/test/auto/Modal3.xml
----------------- Instantiating /home/travis/build/icyphy/ptII/ptolemy/domains/de/test/auto/Modal3.xml
6 ms. Memory: 595456K Free: 406767K (68%)
----------------- Invoking toplevel() on ptolemy.moml.MoMLSimpleApplication@112b7b73
----------------- Done invoking toplevel() on ptolemy.moml.MoMLSimpleApplication@112b7b73
reloadAllAccessors: .Modal3

===========================================================================================
----------------- testing Tue May 14 04:25:38 UTC 2019 /home/travis/build/icyphy/ptII/ptolemy/domains/de/test/auto/Modal4.xml
----------------- Instantiating /home/travis/build/icyphy/ptII/ptolemy/domains/de/test/auto/Modal4.xml
8 ms. Memory: 595456K Free: 391360K (66%)
----------------- Invoking toplevel() on ptolemy.moml.MoMLSimpleApplication@1c67028e
----------------- Done invoking toplevel() on ptolemy.moml.MoMLSimpleApplication@1c67028e
reloadAllAccessors: .Modal4

===========================================================================================
----------------- testing Tue May 14 04:25:38 UTC 2019 /home/travis/build/icyphy/ptII/ptolemy/domains/de/test/auto/Modal5.xml
----------------- Instantiating /home/travis/build/icyphy/ptII/ptolemy/domains/de/test/auto/Modal5.xml
9 ms. Memory: 595456K Free: 375953K (63%)
----------------- Invoking toplevel() on ptolemy.moml.MoMLSimpleApplication@4a91e0ea
----------------- Done invoking toplevel() on ptolemy.moml.MoMLSimpleApplication@4a91e0ea
reloadAllAccessors: .Modal5

===========================================================================================
----------------- testing Tue May 14 04:25:38 UTC 2019 /home/travis/build/icyphy/ptII/ptolemy/domains/de/test/auto/Modal6.xml
----------------- Instantiating /home/travis/build/icyphy/ptII/ptolemy/domains/de/test/auto/Modal6.xml
6 ms. Memory: 595456K Free: 360547K (61%)
----------------- Invoking toplevel() on ptolemy.moml.MoMLSimpleApplication@29a70a8b
----------------- Done invoking toplevel() on ptolemy.moml.MoMLSimpleApplication@29a70a8b
reloadAllAccessors: .Modal6

===========================================================================================
----------------- testing Tue May 14 04:25:38 UTC 2019 /home/travis/build/icyphy/ptII/ptolemy/domains/de/test/auto/Modal7.xml
----------------- Instantiating /home/travis/build/icyphy/ptII/ptolemy/domains/de/test/auto/Modal7.xml
5 ms. Memory: 595456K Free: 339994K (57%)
----------------- Invoking toplevel() on ptolemy.moml.MoMLSimpleApplication@6101d95e
----------------- Done invoking toplevel() on ptolemy.moml.MoMLSimpleApplication@6101d95e
reloadAllAccessors: .Modal7

===========================================================================================
----------------- testing Tue May 14 04:25:38 UTC 2019 /home/travis/build/icyphy/ptII/ptolemy/domains/de/test/auto/ModalModel.xml
----------------- Instantiating /home/travis/build/icyphy/ptII/ptolemy/domains/de/test/auto/ModalModel.xml
100 ms. Memory: 595456K Free: 268058K (45%)
----------------- Invoking toplevel() on ptolemy.moml.MoMLSimpleApplication@4017e932
----------------- Done invoking toplevel() on ptolemy.moml.MoMLSimpleApplication@4017e932
reloadAllAccessors: .ModalModel

===========================================================================================
----------------- testing Tue May 14 04:25:39 UTC 2019 /home/travis/build/icyphy/ptII/ptolemy/domains/de/test/auto/ModalSource.xml
----------------- Instantiating /home/travis/build/icyphy/ptII/ptolemy/domains/de/test/auto/ModalSource.xml
3 ms. Memory: 595456K Free: 252651K (42%)
----------------- Invoking toplevel() on ptolemy.moml.MoMLSimpleApplication@a48b8fb
----------------- Done invoking toplevel() on ptolemy.moml.MoMLSimpleApplication@a48b8fb
reloadAllAccessors: .ModalSource

===========================================================================================
----------------- testing Tue May 14 04:25:39 UTC 2019 /home/travis/build/icyphy/ptII/ptolemy/domains/de/test/auto/NonInterruptibleTimerZeroDelay.xml
----------------- Instantiating /home/travis/build/icyphy/ptII/ptolemy/domains/de/test/auto/NonInterruptibleTimerZeroDelay.xml
2 ms. Memory: 595456K Free: 239031K (40%)
----------------- Invoking toplevel() on ptolemy.moml.MoMLSimpleApplication@57948312
----------------- Done invoking toplevel() on ptolemy.moml.MoMLSimpleApplication@57948312
reloadAllAccessors: .NonInterruptibleTimerZeroDelay

===========================================================================================
----------------- testing Tue May 14 04:25:39 UTC 2019 /home/travis/build/icyphy/ptII/ptolemy/domains/de/test/auto/OpenQueueingNetwork.xml
----------------- Instantiating /home/travis/build/icyphy/ptII/ptolemy/domains/de/test/auto/OpenQueueingNetwork.xml
1837 ms. Memory: 571392K Free: 102114K (18%)
----------------- Invoking toplevel() on ptolemy.moml.MoMLSimpleApplication@234b35bb
----------------- Done invoking toplevel() on ptolemy.moml.MoMLSimpleApplication@234b35bb
reloadAllAccessors: .OpenQueueingNetwork

===========================================================================================
----------------- testing Tue May 14 04:25:40 UTC 2019 /home/travis/build/icyphy/ptII/ptolemy/domains/de/test/auto/OpenQueuingNetwork.xml
----------------- Instantiating /home/travis/build/icyphy/ptII/ptolemy/domains/de/test/auto/OpenQueuingNetwork.xml
213 ms. Memory: 548352K Free: 470723K (86%)
----------------- Invoking toplevel() on ptolemy.moml.MoMLSimpleApplication@66b402d6
----------------- Done invoking toplevel() on ptolemy.moml.MoMLSimpleApplication@66b402d6
reloadAllAccessors: .OpenQueuingNetwork

===========================================================================================
----------------- testing Tue May 14 04:25:41 UTC 2019 /home/travis/build/icyphy/ptII/ptolemy/domains/de/test/auto/PeriodicSampler.xml
----------------- Instantiating /home/travis/build/icyphy/ptII/ptolemy/domains/de/test/auto/PeriodicSampler.xml
5 ms. Memory: 548352K Free: 461363K (84%)
----------------- Invoking toplevel() on ptolemy.moml.MoMLSimpleApplication@2c82b971
----------------- Done invoking toplevel() on ptolemy.moml.MoMLSimpleApplication@2c82b971
reloadAllAccessors: .PeriodicSampler

===========================================================================================
----------------- testing Tue May 14 04:25:41 UTC 2019 /home/travis/build/icyphy/ptII/ptolemy/domains/de/test/auto/PersistentIO.xml
----------------- Instantiating /home/travis/build/icyphy/ptII/ptolemy/domains/de/test/auto/PersistentIO.xml
7 ms. Memory: 548352K Free: 448916K (82%)
----------------- Invoking toplevel() on ptolemy.moml.MoMLSimpleApplication@73fc0ba3
----------------- Done invoking toplevel() on ptolemy.moml.MoMLSimpleApplication@73fc0ba3
reloadAllAccessors: .PersistentIO

===========================================================================================
----------------- testing Tue May 14 04:25:41 UTC 2019 /home/travis/build/icyphy/ptII/ptolemy/domains/de/test/auto/PortParameterResetOnInitialize.xml
----------------- Instantiating /home/travis/build/icyphy/ptII/ptolemy/domains/de/test/auto/PortParameterResetOnInitialize.xml
1 ms. Memory: 548352K Free: 438234K (80%)
----------------- Invoking toplevel() on ptolemy.moml.MoMLSimpleApplication@7153d01
----------------- Done invoking toplevel() on ptolemy.moml.MoMLSimpleApplication@7153d01
reloadAllAccessors: .PortParameterResetOnInitialize

===========================================================================================
----------------- testing Tue May 14 04:25:41 UTC 2019 /home/travis/build/icyphy/ptII/ptolemy/domains/de/test/auto/PortParameterUpdates.xml
----------------- Instantiating /home/travis/build/icyphy/ptII/ptolemy/domains/de/test/auto/PortParameterUpdates.xml
7 ms. Memory: 548352K Free: 428905K (78%)
----------------- Invoking toplevel() on ptolemy.moml.MoMLSimpleApplication@4b905645
----------------- Done invoking toplevel() on ptolemy.moml.MoMLSimpleApplication@4b905645
reloadAllAccessors: .PortParameterUpdates

===========================================================================================
----------------- testing Tue May 14 04:25:41 UTC 2019 /home/travis/build/icyphy/ptII/ptolemy/domains/de/test/auto/QueueAndServer.xml
----------------- Instantiating /home/travis/build/icyphy/ptII/ptolemy/domains/de/test/auto/QueueAndServer.xml
4 ms. Memory: 548352K Free: 419560K (77%)
----------------- Invoking toplevel() on ptolemy.moml.MoMLSimpleApplication@44fdd819
----------------- Done invoking toplevel() on ptolemy.moml.MoMLSimpleApplication@44fdd819
reloadAllAccessors: .QueueAndServer

===========================================================================================
----------------- testing Tue May 14 04:25:41 UTC 2019 /home/travis/build/icyphy/ptII/ptolemy/domains/de/test/auto/Records.xml
----------------- Instantiating /home/travis/build/icyphy/ptII/ptolemy/domains/de/test/auto/Records.xml
3 ms. Memory: 548352K Free: 408894K (75%)
----------------- Invoking toplevel() on ptolemy.moml.MoMLSimpleApplication@18b9ee3c
----------------- Done invoking toplevel() on ptolemy.moml.MoMLSimpleApplication@18b9ee3c
reloadAllAccessors: .Records

===========================================================================================
----------------- testing Tue May 14 04:25:41 UTC 2019 /home/travis/build/icyphy/ptII/ptolemy/domains/de/test/auto/ResetTransitionWithStartTime1.xml
----------------- Instantiating /home/travis/build/icyphy/ptII/ptolemy/domains/de/test/auto/ResetTransitionWithStartTime1.xml
4 ms. Memory: 548352K Free: 399565K (73%)
----------------- Invoking toplevel() on ptolemy.moml.MoMLSimpleApplication@46460746
----------------- Done invoking toplevel() on ptolemy.moml.MoMLSimpleApplication@46460746
reloadAllAccessors: .ResetTransitionWithStartTime1

===========================================================================================
----------------- testing Tue May 14 04:25:41 UTC 2019 /home/travis/build/icyphy/ptII/ptolemy/domains/de/test/auto/ResetTransitionWithStartTime2.xml
----------------- Instantiating /home/travis/build/icyphy/ptII/ptolemy/domains/de/test/auto/ResetTransitionWithStartTime2.xml
4 ms. Memory: 548352K Free: 388883K (71%)
----------------- Invoking toplevel() on ptolemy.moml.MoMLSimpleApplication@5b3484a5
----------------- Done invoking toplevel() on ptolemy.moml.MoMLSimpleApplication@5b3484a5
reloadAllAccessors: .ResetTransitionWithStartTime2

===========================================================================================
----------------- testing Tue May 14 04:25:41 UTC 2019 /home/travis/build/icyphy/ptII/ptolemy/domains/de/test/auto/ResetTransitionWithStartTime3.xml
----------------- Instantiating /home/travis/build/icyphy/ptII/ptolemy/domains/de/test/auto/ResetTransitionWithStartTime3.xml
4 ms. Memory: 548352K Free: 379554K (69%)
----------------- Invoking toplevel() on ptolemy.moml.MoMLSimpleApplication@b26c9e3
----------------- Done invoking toplevel() on ptolemy.moml.MoMLSimpleApplication@b26c9e3
reloadAllAccessors: .ResetTransitionWithStartTime3

===========================================================================================
----------------- testing Tue May 14 04:25:41 UTC 2019 /home/travis/build/icyphy/ptII/ptolemy/domains/de/test/auto/ResetTransitionWithStartTime4.xml
----------------- Instantiating /home/travis/build/icyphy/ptII/ptolemy/domains/de/test/auto/ResetTransitionWithStartTime4.xml
3 ms. Memory: 548352K Free: 370217K (68%)
----------------- Invoking toplevel() on ptolemy.moml.MoMLSimpleApplication@1f054c6d
----------------- Done invoking toplevel() on ptolemy.moml.MoMLSimpleApplication@1f054c6d
reloadAllAccessors: .ResetTransitionWithStartTime4

===========================================================================================
----------------- testing Tue May 14 04:25:41 UTC 2019 /home/travis/build/icyphy/ptII/ptolemy/domains/de/test/auto/ResettableTimer1.xml
----------------- Instantiating /home/travis/build/icyphy/ptII/ptolemy/domains/de/test/auto/ResettableTimer1.xml
1 ms. Memory: 548352K Free: 362660K (66%)
----------------- Invoking toplevel() on ptolemy.moml.MoMLSimpleApplication@7ab9b3fe
----------------- Done invoking toplevel() on ptolemy.moml.MoMLSimpleApplication@7ab9b3fe
reloadAllAccessors: .ResettableTimer1

===========================================================================================
----------------- testing Tue May 14 04:25:41 UTC 2019 /home/travis/build/icyphy/ptII/ptolemy/domains/de/test/auto/ResettableTimer2.xml
----------------- Instantiating /home/travis/build/icyphy/ptII/ptolemy/domains/de/test/auto/ResettableTimer2.xml
2 ms. Memory: 548352K Free: 356441K (65%)
----------------- Invoking toplevel() on ptolemy.moml.MoMLSimpleApplication@49d7794c
----------------- Done invoking toplevel() on ptolemy.moml.MoMLSimpleApplication@49d7794c
reloadAllAccessors: .ResettableTimer2

===========================================================================================
----------------- testing Tue May 14 04:25:41 UTC 2019 /home/travis/build/icyphy/ptII/ptolemy/domains/de/test/auto/ResettableTimer3.xml
----------------- Instantiating /home/travis/build/icyphy/ptII/ptolemy/domains/de/test/auto/ResettableTimer3.xml
1 ms. Memory: 548352K Free: 350211K (64%)
----------------- Invoking toplevel() on ptolemy.moml.MoMLSimpleApplication@21afaa
----------------- Done invoking toplevel() on ptolemy.moml.MoMLSimpleApplication@21afaa
reloadAllAccessors: .ResettableTimer3

===========================================================================================
----------------- testing Tue May 14 04:25:41 UTC 2019 /home/travis/build/icyphy/ptII/ptolemy/domains/de/test/auto/ResettableTimer4.xml
----------------- Instantiating /home/travis/build/icyphy/ptII/ptolemy/domains/de/test/auto/ResettableTimer4.xml
1 ms. Memory: 548352K Free: 342654K (62%)
----------------- Invoking toplevel() on ptolemy.moml.MoMLSimpleApplication@27a919dc
----------------- Done invoking toplevel() on ptolemy.moml.MoMLSimpleApplication@27a919dc
reloadAllAccessors: .ResettableTimer4

===========================================================================================
----------------- testing Tue May 14 04:25:41 UTC 2019 /home/travis/build/icyphy/ptII/ptolemy/domains/de/test/auto/ResettableTimer5.xml
----------------- Instantiating /home/travis/build/icyphy/ptII/ptolemy/domains/de/test/auto/ResettableTimer5.xml
1 ms. Memory: 548352K Free: 333310K (61%)
----------------- Invoking toplevel() on ptolemy.moml.MoMLSimpleApplication@66d50540
----------------- Done invoking toplevel() on ptolemy.moml.MoMLSimpleApplication@66d50540
reloadAllAccessors: .ResettableTimer5

===========================================================================================
----------------- testing Tue May 14 04:25:41 UTC 2019 /home/travis/build/icyphy/ptII/ptolemy/domains/de/test/auto/ResettableTimer6.xml
----------------- Instantiating /home/travis/build/icyphy/ptII/ptolemy/domains/de/test/auto/ResettableTimer6.xml
1 ms. Memory: 548352K Free: 322636K (59%)
----------------- Invoking toplevel() on ptolemy.moml.MoMLSimpleApplication@6d82c6df
----------------- Done invoking toplevel() on ptolemy.moml.MoMLSimpleApplication@6d82c6df
reloadAllAccessors: .ResettableTimer6

===========================================================================================
----------------- testing Tue May 14 04:25:41 UTC 2019 /home/travis/build/icyphy/ptII/ptolemy/domains/de/test/auto/ServerZeroDelay.xml
----------------- Instantiating /home/travis/build/icyphy/ptII/ptolemy/domains/de/test/auto/ServerZeroDelay.xml
2 ms. Memory: 548352K Free: 316416K (58%)
----------------- Invoking toplevel() on ptolemy.moml.MoMLSimpleApplication@16b52413
----------------- Done invoking toplevel() on ptolemy.moml.MoMLSimpleApplication@16b52413
reloadAllAccessors: .ServerZeroDelay

===========================================================================================
----------------- testing Tue May 14 04:25:41 UTC 2019 /home/travis/build/icyphy/ptII/ptolemy/domains/de/test/auto/SmartSender.xml
----------------- Instantiating /home/travis/build/icyphy/ptII/ptolemy/domains/de/test/auto/SmartSender.xml
3002 ms. Memory: 548352K Free: 307072K (56%)
----------------- Invoking toplevel() on ptolemy.moml.MoMLSimpleApplication@5ebf3636
----------------- Done invoking toplevel() on ptolemy.moml.MoMLSimpleApplication@5ebf3636
reloadAllAccessors: .SmartSender

===========================================================================================
----------------- testing Tue May 14 04:25:44 UTC 2019 /home/travis/build/icyphy/ptII/ptolemy/domains/de/test/auto/ThreadedComposite.xml
----------------- Instantiating /home/travis/build/icyphy/ptII/ptolemy/domains/de/test/auto/ThreadedComposite.xml
169 ms. Memory: 548352K Free: 274606K (50%)
----------------- Invoking toplevel() on ptolemy.moml.MoMLSimpleApplication@13e4b842
----------------- Done invoking toplevel() on ptolemy.moml.MoMLSimpleApplication@13e4b842
reloadAllAccessors: .ThreadedComposite

===========================================================================================
----------------- testing Tue May 14 04:25:44 UTC 2019 /home/travis/build/icyphy/ptII/ptolemy/domains/de/test/auto/Time.xml
----------------- Instantiating /home/travis/build/icyphy/ptII/ptolemy/domains/de/test/auto/Time.xml
426 ms. Memory: 548352K Free: 218618K (40%)
----------------- Invoking toplevel() on ptolemy.moml.MoMLSimpleApplication@37b68ae
----------------- Done invoking toplevel() on ptolemy.moml.MoMLSimpleApplication@37b68ae
reloadAllAccessors: .Time

===========================================================================================
----------------- testing Tue May 14 04:25:45 UTC 2019 /home/travis/build/icyphy/ptII/ptolemy/domains/de/test/auto/TimeDelayZeroDelay.xml
----------------- Instantiating /home/travis/build/icyphy/ptII/ptolemy/domains/de/test/auto/TimeDelayZeroDelay.xml
2 ms. Memory: 548352K Free: 211061K (38%)
----------------- Invoking toplevel() on ptolemy.moml.MoMLSimpleApplication@3e396aa
----------------- Done invoking toplevel() on ptolemy.moml.MoMLSimpleApplication@3e396aa
reloadAllAccessors: .TimeDelayZeroDelay

===========================================================================================
----------------- testing Tue May 14 04:25:45 UTC 2019 /home/travis/build/icyphy/ptII/ptolemy/domains/de/test/auto/TimerZeroDelay.xml
----------------- Instantiating /home/travis/build/icyphy/ptII/ptolemy/domains/de/test/auto/TimerZeroDelay.xml
2 ms. Memory: 548352K Free: 204842K (37%)
----------------- Invoking toplevel() on ptolemy.moml.MoMLSimpleApplication@42de4aeb
----------------- Done invoking toplevel() on ptolemy.moml.MoMLSimpleApplication@42de4aeb
reloadAllAccessors: .TimerZeroDelay

===========================================================================================
----------------- testing Tue May 14 04:25:45 UTC 2019 /home/travis/build/icyphy/ptII/ptolemy/domains/de/test/auto/TimingParadox.xml
----------------- Instantiating /home/travis/build/icyphy/ptII/ptolemy/domains/de/test/auto/TimingParadox.xml
285 ms. Memory: 548352K Free: 136375K (25%)
----------------- Invoking toplevel() on ptolemy.moml.MoMLSimpleApplication@201774e8
----------------- Done invoking toplevel() on ptolemy.moml.MoMLSimpleApplication@201774e8
reloadAllAccessors: .TimingParadox

===========================================================================================
----------------- testing Tue May 14 04:25:45 UTC 2019 /home/travis/build/icyphy/ptII/ptolemy/domains/de/test/auto/TransferInputs.xml
----------------- Instantiating /home/travis/build/icyphy/ptII/ptolemy/domains/de/test/auto/TransferInputs.xml
1 ms. Memory: 548352K Free: 125693K (23%)
----------------- Invoking toplevel() on ptolemy.moml.MoMLSimpleApplication@4aa35e90
----------------- Done invoking toplevel() on ptolemy.moml.MoMLSimpleApplication@4aa35e90
reloadAllAccessors: .TransferInputs

===========================================================================================
----------------- testing Tue May 14 04:25:45 UTC 2019 /home/travis/build/icyphy/ptII/ptolemy/domains/de/test/auto/TransferOutputs2.xml
----------------- Instantiating /home/travis/build/icyphy/ptII/ptolemy/domains/de/test/auto/TransferOutputs2.xml
3 ms. Memory: 548352K Free: 113223K (21%)
----------------- Invoking toplevel() on ptolemy.moml.MoMLSimpleApplication@16cb1f8e
----------------- Done invoking toplevel() on ptolemy.moml.MoMLSimpleApplication@16cb1f8e
reloadAllAccessors: .TransferOutputs2

===========================================================================================
----------------- testing Tue May 14 04:25:45 UTC 2019 /home/travis/build/icyphy/ptII/ptolemy/domains/de/test/auto/Trilateration.xml
----------------- Instantiating /home/travis/build/icyphy/ptII/ptolemy/domains/de/test/auto/Trilateration.xml
10621 ms. Memory: 604160K Free: 547046K (91%)
----------------- Invoking toplevel() on ptolemy.moml.MoMLSimpleApplication@5d677d88
----------------- Done invoking toplevel() on ptolemy.moml.MoMLSimpleApplication@5d677d88
reloadAllAccessors: .Trilateration

===========================================================================================
----------------- testing Tue May 14 04:25:56 UTC 2019 /home/travis/build/icyphy/ptII/ptolemy/domains/de/test/auto/TwoSigmaDelta.xml
----------------- Instantiating /home/travis/build/icyphy/ptII/ptolemy/domains/de/test/auto/TwoSigmaDelta.xml
1865 ms. Memory: 604160K Free: 254174K (42%)
----------------- Invoking toplevel() on ptolemy.moml.MoMLSimpleApplication@18ce1db3
----------------- Done invoking toplevel() on ptolemy.moml.MoMLSimpleApplication@18ce1db3
reloadAllAccessors: .TwoSigmaDelta

===========================================================================================
----------------- testing Tue May 14 04:25:58 UTC 2019 /home/travis/build/icyphy/ptII/ptolemy/domains/de/test/auto/VariableDelay.xml
----------------- Instantiating /home/travis/build/icyphy/ptII/ptolemy/domains/de/test/auto/VariableDelay.xml
2 ms. Memory: 604160K Free: 232547K (38%)
----------------- Invoking toplevel() on ptolemy.moml.MoMLSimpleApplication@401202d9
----------------- Done invoking toplevel() on ptolemy.moml.MoMLSimpleApplication@401202d9
reloadAllAccessors: .VariableDelay

===========================================================================================
----------------- testing Tue May 14 04:25:58 UTC 2019 /home/travis/build/icyphy/ptII/ptolemy/domains/de/test/auto/VariableDelay2.xml
----------------- Instantiating /home/travis/build/icyphy/ptII/ptolemy/domains/de/test/auto/VariableDelay2.xml
3 ms. Memory: 604160K Free: 211985K (35%)
----------------- Invoking toplevel() on ptolemy.moml.MoMLSimpleApplication@6957aaf3
----------------- Done invoking toplevel() on ptolemy.moml.MoMLSimpleApplication@6957aaf3
reloadAllAccessors: .VariableDelay2

===========================================================================================
----------------- testing Tue May 14 04:25:58 UTC 2019 /home/travis/build/icyphy/ptII/ptolemy/domains/de/test/auto/VariableDelayZeroDelay.xml
----------------- Instantiating /home/travis/build/icyphy/ptII/ptolemy/domains/de/test/auto/VariableDelayZeroDelay.xml
5 ms. Memory: 604160K Free: 190358K (32%)
----------------- Invoking toplevel() on ptolemy.moml.MoMLSimpleApplication@1d6cc0c6
----------------- Done invoking toplevel() on ptolemy.moml.MoMLSimpleApplication@1d6cc0c6
reloadAllAccessors: .VariableDelayZeroDelay

===========================================================================================
----------------- testing Tue May 14 04:25:58 UTC 2019 /home/travis/build/icyphy/ptII/ptolemy/domains/de/test/auto/VariableDelayZeroDelay2.xml
----------------- Instantiating /home/travis/build/icyphy/ptII/ptolemy/domains/de/test/auto/VariableDelayZeroDelay2.xml
2 ms. Memory: 604160K Free: 169796K (28%)
----------------- Invoking toplevel() on ptolemy.moml.MoMLSimpleApplication@63587af2
----------------- Done invoking toplevel() on ptolemy.moml.MoMLSimpleApplication@63587af2
reloadAllAccessors: .VariableDelayZeroDelay2

===========================================================================================
----------------- testing Tue May 14 04:25:58 UTC 2019 /home/travis/build/icyphy/ptII/ptolemy/domains/de/test/auto/deInCt.xml
----------------- Instantiating /home/travis/build/icyphy/ptII/ptolemy/domains/de/test/auto/deInCt.xml
0
1
1
1
0
0
0
0
1
1
1
0
0
0
1
1
1
1
0
0
0
1
1
1
1
1
1
1
0
0
0
5 ms. Memory: 604160K Free: 148169K (25%)
----------------- Invoking toplevel() on ptolemy.moml.MoMLSimpleApplication@45eab0f6
----------------- Done invoking toplevel() on ptolemy.moml.MoMLSimpleApplication@45eab0f6
reloadAllAccessors: .deInCt

===========================================================================================
----------------- testing Tue May 14 04:25:58 UTC 2019 /home/travis/build/icyphy/ptII/ptolemy/domains/de/test/auto/deInCt2.xml
----------------- Instantiating /home/travis/build/icyphy/ptII/ptolemy/domains/de/test/auto/deInCt2.xml
0
1
1
1
0
0
1
1
1
0
0
1
1
1
0
0
1
1
1
0
0
1
1
1
0
0
1
1
1
0
0
1
1
1
0
0
1
1
1
0
0
0
4 ms. Memory: 604160K Free: 127607K (21%)
----------------- Invoking toplevel() on ptolemy.moml.MoMLSimpleApplication@6ac392f5
----------------- Done invoking toplevel() on ptolemy.moml.MoMLSimpleApplication@6ac392f5
reloadAllAccessors: .deInCt2

===========================================================================================
----------------- testing Tue May 14 04:25:58 UTC 2019 /home/travis/build/icyphy/ptII/ptolemy/domains/de/test/auto/dynamicCausalityInterface1.xml
----------------- Instantiating /home/travis/build/icyphy/ptII/ptolemy/domains/de/test/auto/dynamicCausalityInterface1.xml
0 ms. Memory: 604160K Free: 105980K (18%)
----------------- Invoking toplevel() on ptolemy.moml.MoMLSimpleApplication@78747a16
----------------- Done invoking toplevel() on ptolemy.moml.MoMLSimpleApplication@78747a16
reloadAllAccessors: .dynamicCausalityInterface1

===========================================================================================
----------------- testing Tue May 14 04:25:58 UTC 2019 /home/travis/build/icyphy/ptII/ptolemy/domains/de/test/auto/fsm_de_test.xml
----------------- Instantiating /home/travis/build/icyphy/ptII/ptolemy/domains/de/test/auto/fsm_de_test.xml
8 ms. Memory: 604160K Free: 85413K (14%)
----------------- Invoking toplevel() on ptolemy.moml.MoMLSimpleApplication@2fcc02bd
----------------- Done invoking toplevel() on ptolemy.moml.MoMLSimpleApplication@2fcc02bd
reloadAllAccessors: .fsm_de_test

===========================================================================================
----------------- testing Tue May 14 04:25:58 UTC 2019 /home/travis/build/icyphy/ptII/ptolemy/domains/de/test/auto/functionDependencyReconstruction.xml
----------------- Instantiating /home/travis/build/icyphy/ptII/ptolemy/domains/de/test/auto/functionDependencyReconstruction.xml
2 ms. Memory: 604160K Free: 60111K (10%)
----------------- Invoking toplevel() on ptolemy.moml.MoMLSimpleApplication@5e30609
----------------- Done invoking toplevel() on ptolemy.moml.MoMLSimpleApplication@5e30609
reloadAllAccessors: .functionDependencyReconstruction

===========================================================================================
----------------- testing Tue May 14 04:25:58 UTC 2019 /home/travis/build/icyphy/ptII/ptolemy/domains/de/test/auto/multirate.xml
----------------- Instantiating /home/travis/build/icyphy/ptII/ptolemy/domains/de/test/auto/multirate.xml
5 ms. Memory: 571392K Free: 526572K (92%)
----------------- Invoking toplevel() on ptolemy.moml.MoMLSimpleApplication@4a085bd3
----------------- Done invoking toplevel() on ptolemy.moml.MoMLSimpleApplication@4a085bd3
reloadAllAccessors: .multirate

===========================================================================================
----------------- testing Tue May 14 04:25:58 UTC 2019 /home/travis/build/icyphy/ptII/ptolemy/domains/de/test/auto/multirate2.xml
----------------- Instantiating /home/travis/build/icyphy/ptII/ptolemy/domains/de/test/auto/multirate2.xml
2 ms. Memory: 571392K Free: 511161K (89%)
----------------- Invoking toplevel() on ptolemy.moml.MoMLSimpleApplication@593b2666
----------------- Done invoking toplevel() on ptolemy.moml.MoMLSimpleApplication@593b2666
reloadAllAccessors: .multirate2

===========================================================================================
----------------- testing Tue May 14 04:25:59 UTC 2019 /home/travis/build/icyphy/ptII/ptolemy/domains/de/test/auto/realtime.xml
----------------- Instantiating /home/travis/build/icyphy/ptII/ptolemy/domains/de/test/auto/realtime.xml
10001 ms. Memory: 571392K Free: 500665K (88%)
----------------- Invoking toplevel() on ptolemy.moml.MoMLSimpleApplication@5b7281f6
----------------- Done invoking toplevel() on ptolemy.moml.MoMLSimpleApplication@5b7281f6
reloadAllAccessors: .realtime

===========================================================================================
----------------- testing Tue May 14 04:26:09 UTC 2019 /home/travis/build/icyphy/ptII/ptolemy/domains/de/test/auto/relationGroup.xml
----------------- Instantiating /home/travis/build/icyphy/ptII/ptolemy/domains/de/test/auto/relationGroup.xml
1 ms. Memory: 571392K Free: 490170K (86%)
----------------- Invoking toplevel() on ptolemy.moml.MoMLSimpleApplication@3a1f3a08
----------------- Done invoking toplevel() on ptolemy.moml.MoMLSimpleApplication@3a1f3a08
reloadAllAccessors: .relationGroup

===========================================================================================
----------------- testing Tue May 14 04:26:09 UTC 2019 /home/travis/build/icyphy/ptII/ptolemy/domains/de/test/auto/relationGroup2.xml
----------------- Instantiating /home/travis/build/icyphy/ptII/ptolemy/domains/de/test/auto/relationGroup2.xml
2 ms. Memory: 571392K Free: 479675K (84%)
----------------- Invoking toplevel() on ptolemy.moml.MoMLSimpleApplication@5b9f2cf4
----------------- Done invoking toplevel() on ptolemy.moml.MoMLSimpleApplication@5b9f2cf4
reloadAllAccessors: .relationGroup2

===========================================================================================
----------------- testing Tue May 14 04:26:09 UTC 2019 /home/travis/build/icyphy/ptII/ptolemy/domains/de/test/auto/sortWithOpaquePorts.xml
----------------- Instantiating /home/travis/build/icyphy/ptII/ptolemy/domains/de/test/auto/sortWithOpaquePorts.xml
1 ms. Memory: 571392K Free: 469875K (82%)
----------------- Invoking toplevel() on ptolemy.moml.MoMLSimpleApplication@4238f109
----------------- Done invoking toplevel() on ptolemy.moml.MoMLSimpleApplication@4238f109
reloadAllAccessors: .sortWithOpaquePorts

===========================================================================================
----------------- testing Tue May 14 04:26:09 UTC 2019 /home/travis/build/icyphy/ptII/ptolemy/domains/de/test/auto/transferInputsandOutputs.xml
----------------- Instantiating /home/travis/build/icyphy/ptII/ptolemy/domains/de/test/auto/transferInputsandOutputs.xml
2 ms. Memory: 571392K Free: 454464K (80%)
----------------- Invoking toplevel() on ptolemy.moml.MoMLSimpleApplication@4328f168
----------------- Done invoking toplevel() on ptolemy.moml.MoMLSimpleApplication@4328f168
reloadAllAccessors: .transferInputsandOutputs

===========================================================================================
----------------- testing Tue May 14 04:26:09 UTC 2019 /home/travis/build/icyphy/ptII/ptolemy/domains/de/test/auto/triggerType.xml
----------------- Instantiating /home/travis/build/icyphy/ptII/ptolemy/domains/de/test/auto/triggerType.xml
1 ms. Memory: 571392K Free: 443968K (78%)
----------------- Invoking toplevel() on ptolemy.moml.MoMLSimpleApplication@55a2df08
----------------- Done invoking toplevel() on ptolemy.moml.MoMLSimpleApplication@55a2df08
reloadAllAccessors: .triggerType
AutoTests.java: About to close Vertx.
AutoTests.java: Vertx closed.
]]></system-out>
  <system-err><![CDATA[java.lang.RuntimeException: Execution failed
	at ptolemy.moml.MoMLSimpleApplication$UnloadThread.run(MoMLSimpleApplication.java:402)
Caused by: ptolemy.kernel.util.IllegalActionException: Found a zero delay loop containing .dependencyLoop.original
  in .dependencyLoop and .dependencyLoop.original
	at ptolemy.actor.util.CausalityInterfaceForComposites._computeOutputPortDepth(CausalityInterfaceForComposites.java:759)
	at ptolemy.actor.util.CausalityInterfaceForComposites._computeInputDepth(CausalityInterfaceForComposites.java:696)
	at ptolemy.actor.util.CausalityInterfaceForComposites._computeOutputPortDepth(CausalityInterfaceForComposites.java:765)
	at ptolemy.actor.util.CausalityInterfaceForComposites._computeInputDepth(CausalityInterfaceForComposites.java:696)
	at ptolemy.actor.util.CausalityInterfaceForComposites._computeOutputPortDepth(CausalityInterfaceForComposites.java:765)
	at ptolemy.actor.util.CausalityInterfaceForComposites._computeInputDepth(CausalityInterfaceForComposites.java:696)
	at ptolemy.actor.util.CausalityInterfaceForComposites._computeActorDepth(CausalityInterfaceForComposites.java:532)
	at ptolemy.actor.util.CausalityInterfaceForComposites.checkForCycles(CausalityInterfaceForComposites.java:96)
	at ptolemy.domains.de.kernel.DEDirector.preinitialize(DEDirector.java:1338)
	at ptolemy.actor.CompositeActor.preinitialize(CompositeActor.java:1828)
	at ptolemy.actor.Manager.preinitializeAndResolveTypes(Manager.java:1040)
	at ptolemy.actor.Manager.initialize(Manager.java:710)
	at ptolemy.actor.Manager.execute(Manager.java:356)
	at ptolemy.actor.Manager.run(Manager.java:1263)
	at ptolemy.actor.Manager$PtolemyRunThread.run(Manager.java:1915)
java.lang.RuntimeException: Execution failed
	at ptolemy.moml.MoMLSimpleApplication$UnloadThread.run(MoMLSimpleApplication.java:402)
Caused by: ptolemy.kernel.util.IllegalActionException: Found a zero delay loop containing .dependencyLoop2.original
  in .dependencyLoop2 and .dependencyLoop2.original
	at ptolemy.actor.util.CausalityInterfaceForComposites._computeOutputPortDepth(CausalityInterfaceForComposites.java:759)
	at ptolemy.actor.util.CausalityInterfaceForComposites._computeInputDepth(CausalityInterfaceForComposites.java:696)
	at ptolemy.actor.util.CausalityInterfaceForComposites._computeOutputPortDepth(CausalityInterfaceForComposites.java:765)
	at ptolemy.actor.util.CausalityInterfaceForComposites._computeInputDepth(CausalityInterfaceForComposites.java:696)
	at ptolemy.actor.util.CausalityInterfaceForComposites._computeOutputPortDepth(CausalityInterfaceForComposites.java:765)
	at ptolemy.actor.util.CausalityInterfaceForComposites._computeInputDepth(CausalityInterfaceForComposites.java:696)
	at ptolemy.actor.util.CausalityInterfaceForComposites._computeActorDepth(CausalityInterfaceForComposites.java:532)
	at ptolemy.actor.util.CausalityInterfaceForComposites.checkForCycles(CausalityInterfaceForComposites.java:96)
	at ptolemy.domains.de.kernel.DEDirector.preinitialize(DEDirector.java:1338)
	at ptolemy.actor.CompositeActor.preinitialize(CompositeActor.java:1828)
	at ptolemy.actor.Manager.preinitializeAndResolveTypes(Manager.java:1040)
	at ptolemy.actor.Manager.initialize(Manager.java:710)
	at ptolemy.actor.Manager.execute(Manager.java:356)
	at ptolemy.actor.Manager.run(Manager.java:1263)
	at ptolemy.actor.Manager$PtolemyRunThread.run(Manager.java:1915)
java.lang.RuntimeException: Execution failed
	at ptolemy.moml.MoMLSimpleApplication$UnloadThread.run(MoMLSimpleApplication.java:402)
Caused by: ptolemy.kernel.util.IllegalActionException: Found a zero delay loop containing .dependencyLoop.original
  in .dependencyLoop and .dependencyLoop.original
	at ptolemy.actor.util.CausalityInterfaceForComposites._computeOutputPortDepth(CausalityInterfaceForComposites.java:759)
	at ptolemy.actor.util.CausalityInterfaceForComposites._computeInputDepth(CausalityInterfaceForComposites.java:696)
	at ptolemy.actor.util.CausalityInterfaceForComposites._computeOutputPortDepth(CausalityInterfaceForComposites.java:765)
	at ptolemy.actor.util.CausalityInterfaceForComposites._computeInputDepth(CausalityInterfaceForComposites.java:696)
	at ptolemy.actor.util.CausalityInterfaceForComposites._computeOutputPortDepth(CausalityInterfaceForComposites.java:765)
	at ptolemy.actor.util.CausalityInterfaceForComposites._computeInputDepth(CausalityInterfaceForComposites.java:696)
	at ptolemy.actor.util.CausalityInterfaceForComposites._computeActorDepth(CausalityInterfaceForComposites.java:532)
	at ptolemy.actor.util.CausalityInterfaceForComposites.checkForCycles(CausalityInterfaceForComposites.java:96)
	at ptolemy.domains.de.kernel.DEDirector.preinitialize(DEDirector.java:1338)
	at ptolemy.actor.CompositeActor.preinitialize(CompositeActor.java:1828)
	at ptolemy.actor.Manager.preinitializeAndResolveTypes(Manager.java:1040)
	at ptolemy.actor.Manager.initialize(Manager.java:710)
	at ptolemy.actor.Manager.execute(Manager.java:356)
	at ptolemy.actor.Manager.run(Manager.java:1263)
	at ptolemy.actor.Manager$PtolemyRunThread.run(Manager.java:1915)
java.lang.RuntimeException: Execution failed
	at ptolemy.moml.MoMLSimpleApplication$UnloadThread.run(MoMLSimpleApplication.java:402)
Caused by: ptolemy.kernel.util.IllegalActionException: Actor is not ready to fire.  Perhaps UpSample.prefire() returned false? Try debugging the actor by selecting "Listen to Actor".  Also, for SDF check moml for tokenConsumptionRate on input.
  in .DESDFClockTest.Play Bell.Copy1:SDF Director and .DESDFClockTest.Play Bell.UpSample
	at ptolemy.actor.sched.StaticSchedulingDirector.fire(StaticSchedulingDirector.java:227)
	at ptolemy.domains.sdf.kernel.SDFDirector.fire(SDFDirector.java:500)
	at ptolemy.actor.CompositeActor.fire(CompositeActor.java:455)
	at ptolemy.domains.de.kernel.DEDirector._fire(DEDirector.java:1949)
	at ptolemy.domains.de.kernel.DEDirector.fire(DEDirector.java:502)
	at ptolemy.actor.CompositeActor.fire(CompositeActor.java:455)
	at ptolemy.actor.Manager.iterate(Manager.java:851)
	at ptolemy.actor.Manager.execute(Manager.java:369)
	at ptolemy.actor.Manager.run(Manager.java:1263)
	at ptolemy.actor.Manager$PtolemyRunThread.run(Manager.java:1915)
java.lang.RuntimeException: Execution failed
	at ptolemy.moml.MoMLSimpleApplication$UnloadThread.run(MoMLSimpleApplication.java:402)
Caused by: ptolemy.kernel.util.IllegalActionException: Found a zero delay loop containing .dependencyLoop2.original
  in .dependencyLoop2 and .dependencyLoop2.original
	at ptolemy.actor.util.CausalityInterfaceForComposites._computeOutputPortDepth(CausalityInterfaceForComposites.java:759)
	at ptolemy.actor.util.CausalityInterfaceForComposites._computeInputDepth(CausalityInterfaceForComposites.java:696)
	at ptolemy.actor.util.CausalityInterfaceForComposites._computeOutputPortDepth(CausalityInterfaceForComposites.java:765)
	at ptolemy.actor.util.CausalityInterfaceForComposites._computeInputDepth(CausalityInterfaceForComposites.java:696)
	at ptolemy.actor.util.CausalityInterfaceForComposites._computeOutputPortDepth(CausalityInterfaceForComposites.java:765)
	at ptolemy.actor.util.CausalityInterfaceForComposites._computeInputDepth(CausalityInterfaceForComposites.java:696)
	at ptolemy.actor.util.CausalityInterfaceForComposites._computeActorDepth(CausalityInterfaceForComposites.java:532)
	at ptolemy.actor.util.CausalityInterfaceForComposites.checkForCycles(CausalityInterfaceForComposites.java:96)
	at ptolemy.domains.de.kernel.DEDirector.preinitialize(DEDirector.java:1338)
	at ptolemy.actor.CompositeActor.preinitialize(CompositeActor.java:1828)
	at ptolemy.actor.Manager.preinitializeAndResolveTypes(Manager.java:1040)
	at ptolemy.actor.Manager.initialize(Manager.java:710)
	at ptolemy.actor.Manager.execute(Manager.java:356)
	at ptolemy.actor.Manager.run(Manager.java:1263)
	at ptolemy.actor.Manager$PtolemyRunThread.run(Manager.java:1915)
java.lang.RuntimeException: Execution failed
	at ptolemy.moml.MoMLSimpleApplication$UnloadThread.run(MoMLSimpleApplication.java:402)
Caused by: ptolemy.kernel.util.IllegalActionException: Found a zero delay loop containing .HierarchicalModel.A
  in .HierarchicalModel and .HierarchicalModel.A
	at ptolemy.actor.util.CausalityInterfaceForComposites._computeOutputPortDepth(CausalityInterfaceForComposites.java:759)
	at ptolemy.actor.util.CausalityInterfaceForComposites._computeInputDepth(CausalityInterfaceForComposites.java:696)
	at ptolemy.actor.util.CausalityInterfaceForComposites._computeOutputPortDepth(CausalityInterfaceForComposites.java:765)
	at ptolemy.actor.util.CausalityInterfaceForComposites._computeInputDepth(CausalityInterfaceForComposites.java:696)
	at ptolemy.actor.util.CausalityInterfaceForComposites._computeOutputPortDepth(CausalityInterfaceForComposites.java:765)
	at ptolemy.actor.util.CausalityInterfaceForComposites._computeInputDepth(CausalityInterfaceForComposites.java:696)
	at ptolemy.actor.util.CausalityInterfaceForComposites._computeActorDepth(CausalityInterfaceForComposites.java:532)
	at ptolemy.actor.util.CausalityInterfaceForComposites.checkForCycles(CausalityInterfaceForComposites.java:96)
	at ptolemy.domains.de.kernel.DEDirector.preinitialize(DEDirector.java:1338)
	at ptolemy.actor.CompositeActor.preinitialize(CompositeActor.java:1828)
	at ptolemy.actor.Manager.preinitializeAndResolveTypes(Manager.java:1040)
	at ptolemy.actor.Manager.initialize(Manager.java:710)
	at ptolemy.actor.Manager.execute(Manager.java:356)
	at ptolemy.actor.Manager.run(Manager.java:1263)
	at ptolemy.actor.Manager$PtolemyRunThread.run(Manager.java:1915)
java.lang.RuntimeException: Execution failed
	at ptolemy.moml.MoMLSimpleApplication$UnloadThread.run(MoMLSimpleApplication.java:402)
Caused by: ptolemy.kernel.util.IllegalActionException: Test fails in iteration 1.
Value was: 1.0. Should have been: 2.0
  in .DirectFeedback.Test
	at ptolemy.actor.lib.Test.fire(Test.java:268)
	at ptolemy.domains.de.kernel.DEDirector._fire(DEDirector.java:1949)
	at ptolemy.domains.de.kernel.DEDirector.fire(DEDirector.java:502)
	at ptolemy.actor.CompositeActor.fire(CompositeActor.java:455)
	at ptolemy.actor.Manager.iterate(Manager.java:851)
	at ptolemy.actor.Manager.execute(Manager.java:369)
	at ptolemy.actor.Manager.run(Manager.java:1263)
	at ptolemy.actor.Manager$PtolemyRunThread.run(Manager.java:1915)
java.lang.RuntimeException: Execution failed
	at ptolemy.moml.MoMLSimpleApplication$UnloadThread.run(MoMLSimpleApplication.java:402)
Caused by: ptolemy.kernel.util.IllegalActionException: Actor is not ready to fire.  Perhaps UpSample.prefire() returned false? Try debugging the actor by selecting "Listen to Actor".  Also, for SDF check moml for tokenConsumptionRate on input.
  in .DESDFClockTest.Play Bell.Copy1:SDF Director and .DESDFClockTest.Play Bell.UpSample
	at ptolemy.actor.sched.StaticSchedulingDirector.fire(StaticSchedulingDirector.java:227)
	at ptolemy.domains.sdf.kernel.SDFDirector.fire(SDFDirector.java:500)
	at ptolemy.actor.CompositeActor.fire(CompositeActor.java:455)
	at ptolemy.domains.de.kernel.DEDirector._fire(DEDirector.java:1949)
	at ptolemy.domains.de.kernel.DEDirector.fire(DEDirector.java:502)
	at ptolemy.actor.CompositeActor.fire(CompositeActor.java:455)
	at ptolemy.actor.Manager.iterate(Manager.java:851)
	at ptolemy.actor.Manager.execute(Manager.java:369)
	at ptolemy.actor.Manager.run(Manager.java:1263)
	at ptolemy.actor.Manager$PtolemyRunThread.run(Manager.java:1915)
java.lang.reflect.InvocationTargetException
	at sun.reflect.NativeConstructorAccessorImpl.newInstance0(Native Method)
	at sun.reflect.NativeConstructorAccessorImpl.newInstance(NativeConstructorAccessorImpl.java:62)
	at sun.reflect.DelegatingConstructorAccessorImpl.newInstance(DelegatingConstructorAccessorImpl.java:45)
	at java.lang.reflect.Constructor.newInstance(Constructor.java:423)
	at ptolemy.util.test.junit.AutoKnownFailedTests.RunModel(AutoKnownFailedTests.java:105)
	at sun.reflect.NativeMethodAccessorImpl.invoke0(Native Method)
	at sun.reflect.NativeMethodAccessorImpl.invoke(NativeMethodAccessorImpl.java:62)
	at sun.reflect.DelegatingMethodAccessorImpl.invoke(DelegatingMethodAccessorImpl.java:43)
	at java.lang.reflect.Method.invoke(Method.java:498)
	at org.junit.runners.model.FrameworkMethod$1.runReflectiveCall(FrameworkMethod.java:44)
	at org.junit.internal.runners.model.ReflectiveCallable.run(ReflectiveCallable.java:15)
	at org.junit.runners.model.FrameworkMethod.invokeExplosively(FrameworkMethod.java:41)
	at junitparams.internal.InvokeParameterisedMethod.evaluate(InvokeParameterisedMethod.java:102)
	at org.junit.internal.runners.statements.FailOnTimeout$1.run(FailOnTimeout.java:28)
Caused by: ptolemy.kernel.util.IllegalActionException: Actor is not ready to fire.  Perhaps UpSample.prefire() returned false? Try debugging the actor by selecting "Listen to Actor".  Also, for SDF check moml for tokenConsumptionRate on input.
  in .DESDFClockTest.Play Bell.Copy1:SDF Director and .DESDFClockTest.Play Bell.UpSample
	at ptolemy.actor.sched.StaticSchedulingDirector.fire(StaticSchedulingDirector.java:227)
	at ptolemy.domains.sdf.kernel.SDFDirector.fire(SDFDirector.java:500)
	at ptolemy.actor.CompositeActor.fire(CompositeActor.java:455)
	at ptolemy.domains.de.kernel.DEDirector._fire(DEDirector.java:1949)
	at ptolemy.domains.de.kernel.DEDirector.fire(DEDirector.java:502)
	at ptolemy.actor.CompositeActor.fire(CompositeActor.java:455)
	at ptolemy.actor.Manager.iterate(Manager.java:851)
	at ptolemy.actor.Manager.execute(Manager.java:369)
	at ptolemy.actor.Manager.run(Manager.java:1263)
	at ptolemy.actor.Manager$PtolemyRunThread.run(Manager.java:1915)
java.lang.RuntimeException: Execution failed
	at ptolemy.moml.MoMLSimpleApplication$UnloadThread.run(MoMLSimpleApplication.java:402)
Caused by: ptolemy.kernel.util.IllegalActionException: Test fails in iteration 1.
Value was: 1.0. Should have been: 2.0
  in .DirectFeedback.Test
	at ptolemy.actor.lib.Test.fire(Test.java:268)
	at ptolemy.domains.de.kernel.DEDirector._fire(DEDirector.java:1949)
	at ptolemy.domains.de.kernel.DEDirector.fire(DEDirector.java:502)
	at ptolemy.actor.CompositeActor.fire(CompositeActor.java:455)
	at ptolemy.actor.Manager.iterate(Manager.java:851)
	at ptolemy.actor.Manager.execute(Manager.java:369)
	at ptolemy.actor.Manager.run(Manager.java:1263)
	at ptolemy.actor.Manager$PtolemyRunThread.run(Manager.java:1915)
java.lang.reflect.InvocationTargetException
	at sun.reflect.NativeConstructorAccessorImpl.newInstance0(Native Method)
	at sun.reflect.NativeConstructorAccessorImpl.newInstance(NativeConstructorAccessorImpl.java:62)
	at sun.reflect.DelegatingConstructorAccessorImpl.newInstance(DelegatingConstructorAccessorImpl.java:45)
	at java.lang.reflect.Constructor.newInstance(Constructor.java:423)
	at ptolemy.util.test.junit.AutoKnownFailedTests.RunModel(AutoKnownFailedTests.java:105)
	at sun.reflect.NativeMethodAccessorImpl.invoke0(Native Method)
	at sun.reflect.NativeMethodAccessorImpl.invoke(NativeMethodAccessorImpl.java:62)
	at sun.reflect.DelegatingMethodAccessorImpl.invoke(DelegatingMethodAccessorImpl.java:43)
	at java.lang.reflect.Method.invoke(Method.java:498)
	at org.junit.runners.model.FrameworkMethod$1.runReflectiveCall(FrameworkMethod.java:44)
	at org.junit.internal.runners.model.ReflectiveCallable.run(ReflectiveCallable.java:15)
	at org.junit.runners.model.FrameworkMethod.invokeExplosively(FrameworkMethod.java:41)
	at junitparams.internal.InvokeParameterisedMethod.evaluate(InvokeParameterisedMethod.java:102)
	at org.junit.internal.runners.statements.FailOnTimeout$1.run(FailOnTimeout.java:28)
Caused by: ptolemy.kernel.util.IllegalActionException: Test fails in iteration 1.
Value was: 1.0. Should have been: 2.0
  in .DirectFeedback.Test
	at ptolemy.actor.lib.Test.fire(Test.java:268)
	at ptolemy.domains.de.kernel.DEDirector._fire(DEDirector.java:1949)
	at ptolemy.domains.de.kernel.DEDirector.fire(DEDirector.java:502)
	at ptolemy.actor.CompositeActor.fire(CompositeActor.java:455)
	at ptolemy.actor.Manager.iterate(Manager.java:851)
	at ptolemy.actor.Manager.execute(Manager.java:369)
	at ptolemy.actor.Manager.run(Manager.java:1263)
	at ptolemy.actor.Manager$PtolemyRunThread.run(Manager.java:1915)
java.lang.RuntimeException: Execution failed
	at ptolemy.moml.MoMLSimpleApplication$UnloadThread.run(MoMLSimpleApplication.java:402)
Caused by: ptolemy.kernel.util.IllegalActionException: Found a zero delay loop containing .HierarchicalModel.A
  in .HierarchicalModel and .HierarchicalModel.A
	at ptolemy.actor.util.CausalityInterfaceForComposites._computeOutputPortDepth(CausalityInterfaceForComposites.java:759)
	at ptolemy.actor.util.CausalityInterfaceForComposites._computeInputDepth(CausalityInterfaceForComposites.java:696)
	at ptolemy.actor.util.CausalityInterfaceForComposites._computeOutputPortDepth(CausalityInterfaceForComposites.java:765)
	at ptolemy.actor.util.CausalityInterfaceForComposites._computeInputDepth(CausalityInterfaceForComposites.java:696)
	at ptolemy.actor.util.CausalityInterfaceForComposites._computeOutputPortDepth(CausalityInterfaceForComposites.java:765)
	at ptolemy.actor.util.CausalityInterfaceForComposites._computeInputDepth(CausalityInterfaceForComposites.java:696)
	at ptolemy.actor.util.CausalityInterfaceForComposites._computeActorDepth(CausalityInterfaceForComposites.java:532)
	at ptolemy.actor.util.CausalityInterfaceForComposites.checkForCycles(CausalityInterfaceForComposites.java:96)
	at ptolemy.domains.de.kernel.DEDirector.preinitialize(DEDirector.java:1338)
	at ptolemy.actor.CompositeActor.preinitialize(CompositeActor.java:1828)
	at ptolemy.actor.Manager.preinitializeAndResolveTypes(Manager.java:1040)
	at ptolemy.actor.Manager.initialize(Manager.java:710)
	at ptolemy.actor.Manager.execute(Manager.java:356)
	at ptolemy.actor.Manager.run(Manager.java:1263)
	at ptolemy.actor.Manager$PtolemyRunThread.run(Manager.java:1915)
java.lang.reflect.InvocationTargetException
	at sun.reflect.NativeConstructorAccessorImpl.newInstance0(Native Method)
	at sun.reflect.NativeConstructorAccessorImpl.newInstance(NativeConstructorAccessorImpl.java:62)
	at sun.reflect.DelegatingConstructorAccessorImpl.newInstance(DelegatingConstructorAccessorImpl.java:45)
	at java.lang.reflect.Constructor.newInstance(Constructor.java:423)
	at ptolemy.util.test.junit.AutoKnownFailedTests.RunModel(AutoKnownFailedTests.java:105)
	at sun.reflect.NativeMethodAccessorImpl.invoke0(Native Method)
	at sun.reflect.NativeMethodAccessorImpl.invoke(NativeMethodAccessorImpl.java:62)
	at sun.reflect.DelegatingMethodAccessorImpl.invoke(DelegatingMethodAccessorImpl.java:43)
	at java.lang.reflect.Method.invoke(Method.java:498)
	at org.junit.runners.model.FrameworkMethod$1.runReflectiveCall(FrameworkMethod.java:44)
	at org.junit.internal.runners.model.ReflectiveCallable.run(ReflectiveCallable.java:15)
	at org.junit.runners.model.FrameworkMethod.invokeExplosively(FrameworkMethod.java:41)
	at junitparams.internal.InvokeParameterisedMethod.evaluate(InvokeParameterisedMethod.java:102)
	at org.junit.internal.runners.statements.FailOnTimeout$1.run(FailOnTimeout.java:28)
Caused by: ptolemy.kernel.util.IllegalActionException: Found a zero delay loop containing .HierarchicalModel.A
  in .HierarchicalModel and .HierarchicalModel.A
	at ptolemy.actor.util.CausalityInterfaceForComposites._computeOutputPortDepth(CausalityInterfaceForComposites.java:759)
	at ptolemy.actor.util.CausalityInterfaceForComposites._computeInputDepth(CausalityInterfaceForComposites.java:696)
	at ptolemy.actor.util.CausalityInterfaceForComposites._computeOutputPortDepth(CausalityInterfaceForComposites.java:765)
	at ptolemy.actor.util.CausalityInterfaceForComposites._computeInputDepth(CausalityInterfaceForComposites.java:696)
	at ptolemy.actor.util.CausalityInterfaceForComposites._computeOutputPortDepth(CausalityInterfaceForComposites.java:765)
	at ptolemy.actor.util.CausalityInterfaceForComposites._computeInputDepth(CausalityInterfaceForComposites.java:696)
	at ptolemy.actor.util.CausalityInterfaceForComposites._computeActorDepth(CausalityInterfaceForComposites.java:532)
	at ptolemy.actor.util.CausalityInterfaceForComposites.checkForCycles(CausalityInterfaceForComposites.java:96)
	at ptolemy.domains.de.kernel.DEDirector.preinitialize(DEDirector.java:1338)
	at ptolemy.actor.CompositeActor.preinitialize(CompositeActor.java:1828)
	at ptolemy.actor.Manager.preinitializeAndResolveTypes(Manager.java:1040)
	at ptolemy.actor.Manager.initialize(Manager.java:710)
	at ptolemy.actor.Manager.execute(Manager.java:356)
	at ptolemy.actor.Manager.run(Manager.java:1263)
	at ptolemy.actor.Manager$PtolemyRunThread.run(Manager.java:1915)
java.lang.RuntimeException: Execution failed
	at ptolemy.moml.MoMLSimpleApplication$UnloadThread.run(MoMLSimpleApplication.java:402)
Caused by: ptolemy.kernel.util.IllegalActionException: Found a zero delay loop containing .dependencyLoop.original
  in .dependencyLoop and .dependencyLoop.original
	at ptolemy.actor.util.CausalityInterfaceForComposites._computeOutputPortDepth(CausalityInterfaceForComposites.java:759)
	at ptolemy.actor.util.CausalityInterfaceForComposites._computeInputDepth(CausalityInterfaceForComposites.java:696)
	at ptolemy.actor.util.CausalityInterfaceForComposites._computeOutputPortDepth(CausalityInterfaceForComposites.java:765)
	at ptolemy.actor.util.CausalityInterfaceForComposites._computeInputDepth(CausalityInterfaceForComposites.java:696)
	at ptolemy.actor.util.CausalityInterfaceForComposites._computeOutputPortDepth(CausalityInterfaceForComposites.java:765)
	at ptolemy.actor.util.CausalityInterfaceForComposites._computeInputDepth(CausalityInterfaceForComposites.java:696)
	at ptolemy.actor.util.CausalityInterfaceForComposites._computeActorDepth(CausalityInterfaceForComposites.java:532)
	at ptolemy.actor.util.CausalityInterfaceForComposites.checkForCycles(CausalityInterfaceForComposites.java:96)
	at ptolemy.domains.de.kernel.DEDirector.preinitialize(DEDirector.java:1338)
	at ptolemy.actor.CompositeActor.preinitialize(CompositeActor.java:1828)
	at ptolemy.actor.Manager.preinitializeAndResolveTypes(Manager.java:1040)
	at ptolemy.actor.Manager.initialize(Manager.java:710)
	at ptolemy.actor.Manager.execute(Manager.java:356)
	at ptolemy.actor.Manager.run(Manager.java:1263)
	at ptolemy.actor.Manager$PtolemyRunThread.run(Manager.java:1915)
java.lang.reflect.InvocationTargetException
	at sun.reflect.NativeConstructorAccessorImpl.newInstance0(Native Method)
	at sun.reflect.NativeConstructorAccessorImpl.newInstance(NativeConstructorAccessorImpl.java:62)
	at sun.reflect.DelegatingConstructorAccessorImpl.newInstance(DelegatingConstructorAccessorImpl.java:45)
	at java.lang.reflect.Constructor.newInstance(Constructor.java:423)
	at ptolemy.util.test.junit.AutoKnownFailedTests.RunModel(AutoKnownFailedTests.java:105)
	at sun.reflect.NativeMethodAccessorImpl.invoke0(Native Method)
	at sun.reflect.NativeMethodAccessorImpl.invoke(NativeMethodAccessorImpl.java:62)
	at sun.reflect.DelegatingMethodAccessorImpl.invoke(DelegatingMethodAccessorImpl.java:43)
	at java.lang.reflect.Method.invoke(Method.java:498)
	at org.junit.runners.model.FrameworkMethod$1.runReflectiveCall(FrameworkMethod.java:44)
	at org.junit.internal.runners.model.ReflectiveCallable.run(ReflectiveCallable.java:15)
	at org.junit.runners.model.FrameworkMethod.invokeExplosively(FrameworkMethod.java:41)
	at junitparams.internal.InvokeParameterisedMethod.evaluate(InvokeParameterisedMethod.java:102)
	at org.junit.internal.runners.statements.FailOnTimeout$1.run(FailOnTimeout.java:28)
Caused by: ptolemy.kernel.util.IllegalActionException: Found a zero delay loop containing .dependencyLoop.original
  in .dependencyLoop and .dependencyLoop.original
	at ptolemy.actor.util.CausalityInterfaceForComposites._computeOutputPortDepth(CausalityInterfaceForComposites.java:759)
	at ptolemy.actor.util.CausalityInterfaceForComposites._computeInputDepth(CausalityInterfaceForComposites.java:696)
	at ptolemy.actor.util.CausalityInterfaceForComposites._computeOutputPortDepth(CausalityInterfaceForComposites.java:765)
	at ptolemy.actor.util.CausalityInterfaceForComposites._computeInputDepth(CausalityInterfaceForComposites.java:696)
	at ptolemy.actor.util.CausalityInterfaceForComposites._computeOutputPortDepth(CausalityInterfaceForComposites.java:765)
	at ptolemy.actor.util.CausalityInterfaceForComposites._computeInputDepth(CausalityInterfaceForComposites.java:696)
	at ptolemy.actor.util.CausalityInterfaceForComposites._computeActorDepth(CausalityInterfaceForComposites.java:532)
	at ptolemy.actor.util.CausalityInterfaceForComposites.checkForCycles(CausalityInterfaceForComposites.java:96)
	at ptolemy.domains.de.kernel.DEDirector.preinitialize(DEDirector.java:1338)
	at ptolemy.actor.CompositeActor.preinitialize(CompositeActor.java:1828)
	at ptolemy.actor.Manager.preinitializeAndResolveTypes(Manager.java:1040)
	at ptolemy.actor.Manager.initialize(Manager.java:710)
	at ptolemy.actor.Manager.execute(Manager.java:356)
	at ptolemy.actor.Manager.run(Manager.java:1263)
	at ptolemy.actor.Manager$PtolemyRunThread.run(Manager.java:1915)
java.lang.RuntimeException: Execution failed
	at ptolemy.moml.MoMLSimpleApplication$UnloadThread.run(MoMLSimpleApplication.java:402)
Caused by: ptolemy.kernel.util.IllegalActionException: Found a zero delay loop containing .dependencyLoop2.original
  in .dependencyLoop2 and .dependencyLoop2.original
	at ptolemy.actor.util.CausalityInterfaceForComposites._computeOutputPortDepth(CausalityInterfaceForComposites.java:759)
	at ptolemy.actor.util.CausalityInterfaceForComposites._computeInputDepth(CausalityInterfaceForComposites.java:696)
	at ptolemy.actor.util.CausalityInterfaceForComposites._computeOutputPortDepth(CausalityInterfaceForComposites.java:765)
	at ptolemy.actor.util.CausalityInterfaceForComposites._computeInputDepth(CausalityInterfaceForComposites.java:696)
	at ptolemy.actor.util.CausalityInterfaceForComposites._computeOutputPortDepth(CausalityInterfaceForComposites.java:765)
	at ptolemy.actor.util.CausalityInterfaceForComposites._computeInputDepth(CausalityInterfaceForComposites.java:696)
	at ptolemy.actor.util.CausalityInterfaceForComposites._computeActorDepth(CausalityInterfaceForComposites.java:532)
	at ptolemy.actor.util.CausalityInterfaceForComposites.checkForCycles(CausalityInterfaceForComposites.java:96)
	at ptolemy.domains.de.kernel.DEDirector.preinitialize(DEDirector.java:1338)
	at ptolemy.actor.CompositeActor.preinitialize(CompositeActor.java:1828)
	at ptolemy.actor.Manager.preinitializeAndResolveTypes(Manager.java:1040)
	at ptolemy.actor.Manager.initialize(Manager.java:710)
	at ptolemy.actor.Manager.execute(Manager.java:356)
	at ptolemy.actor.Manager.run(Manager.java:1263)
	at ptolemy.actor.Manager$PtolemyRunThread.run(Manager.java:1915)
java.lang.reflect.InvocationTargetException
	at sun.reflect.NativeConstructorAccessorImpl.newInstance0(Native Method)
	at sun.reflect.NativeConstructorAccessorImpl.newInstance(NativeConstructorAccessorImpl.java:62)
	at sun.reflect.DelegatingConstructorAccessorImpl.newInstance(DelegatingConstructorAccessorImpl.java:45)
	at java.lang.reflect.Constructor.newInstance(Constructor.java:423)
	at ptolemy.util.test.junit.AutoKnownFailedTests.RunModel(AutoKnownFailedTests.java:105)
	at sun.reflect.NativeMethodAccessorImpl.invoke0(Native Method)
	at sun.reflect.NativeMethodAccessorImpl.invoke(NativeMethodAccessorImpl.java:62)
	at sun.reflect.DelegatingMethodAccessorImpl.invoke(DelegatingMethodAccessorImpl.java:43)
	at java.lang.reflect.Method.invoke(Method.java:498)
	at org.junit.runners.model.FrameworkMethod$1.runReflectiveCall(FrameworkMethod.java:44)
	at org.junit.internal.runners.model.ReflectiveCallable.run(ReflectiveCallable.java:15)
	at org.junit.runners.model.FrameworkMethod.invokeExplosively(FrameworkMethod.java:41)
	at junitparams.internal.InvokeParameterisedMethod.evaluate(InvokeParameterisedMethod.java:102)
	at org.junit.internal.runners.statements.FailOnTimeout$1.run(FailOnTimeout.java:28)
Caused by: ptolemy.kernel.util.IllegalActionException: Found a zero delay loop containing .dependencyLoop2.original
  in .dependencyLoop2 and .dependencyLoop2.original
	at ptolemy.actor.util.CausalityInterfaceForComposites._computeOutputPortDepth(CausalityInterfaceForComposites.java:759)
	at ptolemy.actor.util.CausalityInterfaceForComposites._computeInputDepth(CausalityInterfaceForComposites.java:696)
	at ptolemy.actor.util.CausalityInterfaceForComposites._computeOutputPortDepth(CausalityInterfaceForComposites.java:765)
	at ptolemy.actor.util.CausalityInterfaceForComposites._computeInputDepth(CausalityInterfaceForComposites.java:696)
	at ptolemy.actor.util.CausalityInterfaceForComposites._computeOutputPortDepth(CausalityInterfaceForComposites.java:765)
	at ptolemy.actor.util.CausalityInterfaceForComposites._computeInputDepth(CausalityInterfaceForComposites.java:696)
	at ptolemy.actor.util.CausalityInterfaceForComposites._computeActorDepth(CausalityInterfaceForComposites.java:532)
	at ptolemy.actor.util.CausalityInterfaceForComposites.checkForCycles(CausalityInterfaceForComposites.java:96)
	at ptolemy.domains.de.kernel.DEDirector.preinitialize(DEDirector.java:1338)
	at ptolemy.actor.CompositeActor.preinitialize(CompositeActor.java:1828)
	at ptolemy.actor.Manager.preinitializeAndResolveTypes(Manager.java:1040)
	at ptolemy.actor.Manager.initialize(Manager.java:710)
	at ptolemy.actor.Manager.execute(Manager.java:356)
	at ptolemy.actor.Manager.run(Manager.java:1263)
	at ptolemy.actor.Manager$PtolemyRunThread.run(Manager.java:1915)
]]></system-err>
</testsuite>
