<?xml version="1.0" encoding="UTF-8" ?>
<testsuite errors="1" failures="1" hostname="travis-job-193a3faa-a506-46b7-be4c-a868e58fba6f" name="ptolemy.actor.lib.test.junit.JUnitTclTest" skipped="0" tests="517" time="64.305" timestamp="2019-10-10T18:44:15">
  <properties>
    <property name="npm.executable" value="npm" />
    <property name="env.TRAVIS_ROOT" value="/" />
    <property name="ptII.mk.exists" value="true" />
    <property name="env.TRAVIS_APP_HOST" value="build.travis-ci.org" />
    <property name="env.rvm_bin_path" value="/home/travis/.rvm/bin" />
    <property name="java.home" value="/usr/local/lib/jvm/openjdk11" />
    <property name="env.TRAVIS_JOB_NUMBER" value="1357.8" />
    <property name="env.TRAVIS_HOME" value="/home/travis" />
    <property name="env.DISPLAY" value=":99.0" />
    <property name="env.TRAVIS_INIT" value="systemd" />
    <property name="env.SSH_TTY" value="/dev/pts/0" />
    <property name="java.net.preferIPv4Stack" value="true" />
    <property name="env.RUN_TESTS" value="true" />
    <property name="timeout.short" value="1000000" />
    <property name="junit.formatter" value="xml" />
    <property name="env.TRAVIS_SUDO" value="true" />
    <property name="env.TRAVIS_JOB_NAME" value="" />
    <property name="env.TRAVIS_STACK_NODE_ATTRIBUTES" value="/.node-attributes.yml" />
    <property name="env.LOGNAME" value="travis" />
    <property name="env.PT_TRAVIS_TEST_CORE1_XML" value="true" />
    <property name="jsdoc.home" value="node_modules/@terraswarm/jsdoc" />
    <property name="debuglevel" value="source,lines,vars" />
    <property name="checkstyle.formatter" value="xml" />
    <property name="env._system_version" value="16.04" />
    <property name="bin.vergil.makeable" value="true" />
    <property name="sun.os.patch.level" value="unknown" />
    <property name="java.vendor.url" value="http://java.oracle.com/" />
    <property name="env.TRAVIS_BUILD_WEB_URL" value="https://travis-ci.org/icyphy/ptII/builds/596193747" />
    <property name="java.version" value="11.0.2" />
    <property name="env.TZ" value="UTC" />
    <property name="env.TRAVIS_PULL_REQUEST_SHA" value="" />
    <property name="env.PT_NO_NET" value="true" />
    <property name="env.TRAVIS_SECURE_ENV_VARS" value="true" />
    <property name="env._system_type" value="Linux" />
    <property name="java.vendor.url.bug" value="http://bugreport.java.com/bugreport/" />
    <property name="npmjs-org-is-up" value="true" />
    <property name="env.LANGUAGE" value="en_US.UTF-8" />
    <property name="env.SSH_CLIENT" value="10.24.5.10 41496 22" />
    <property name="env.GEM_HOME" value="/home/travis/.rvm/gems/ruby-2.5.3" />
    <property name="env.HAS_ANTARES_THREE_LITTLE_FRONZIES_BADGE" value="true" />
    <property name="java.version.date" value="2019-01-15" />
    <property name="env.PS4" value="+" />
    <property name="ant.project.invoked-targets" value="build,test.core1.xml" />
    <property name="env.TRAVIS_PULL_REQUEST_BRANCH" value="" />
    <property name="env.TRAVIS_REPO_SLUG" value="icyphy/ptII" />
    <property name="env.XDG_DATA_DIRS" value="/usr/local/share:/usr/share:/var/lib/snapd/desktop" />
    <property name="jdk.debug" value="release" />
    <property name="env.TRAVIS_APT_PROXY" value="http://apt.cache.travis-ci.com" />
    <property name="node.in.path" value="true" />
    <property name="user.name" value="travis" />
    <property name="java.maxmemory" value="1400m" />
    <property name="env.RUBY_VERSION" value="ruby-2.5.3" />
    <property name="env.LANG" value="en_US.UTF-8" />
    <property name="sun.io.unicode.encoding" value="UnicodeLittle" />
    <property name="sun.jnu.encoding" value="UTF-8" />
    <property name="java.runtime.name" value="OpenJDK Runtime Environment" />
    <property name="usefile" value="false" />
    <property name="return.code" value="0" />
    <property name="junit.single.formatter" value="plain" />
    <property name="env.DYLD_LIBRARY_PATH" value="/home/travis/pthla/certi-tools/lib:" />
    <property name="env.DEBIAN_FRONTEND" value="noninteractive" />
    <property name="env.SSH_CONNECTION" value="10.24.5.10 41496 10.20.1.243 22" />
    <property name="env.MYSQL_UNIX_PORT" value="/var/run/mysqld/mysqld.sock" />
    <property name="env.LC_ALL" value="en_US.UTF-8" />
    <property name="env.TRAVIS_ALLOW_FAILURE" value="false" />
    <property name="env.TRAVIS_JOB_WEB_URL" value="https://travis-ci.org/icyphy/ptII/jobs/596193755" />
    <property name="java.specification.name" value="Java Platform API Specification" />
    <property name="node.works" value="true" />
    <property name="user.timezone" value="" />
    <property name="path.separator" value=":" />
    <property name="env.TRAVIS_ENABLE_INFRA_DETECTION" value="true" />
    <property name="env.PYTHON_CFLAGS" value="-g -fstack-protector --param=ssp-buffer-size=4 -Wformat -Werror=format-security" />
    <property name="timeout.long" value="4000000" />
    <property name="env.CERTI_HOME" value="/home/travis/pthla/certi-tools" />
    <property name="ant.file.ptII" value="/home/travis/build/icyphy/ptII/build.xml" />
    <property name="javadoc.packagenames" value="com.*,diva.*,lbnl.*,org.hlacerti.*,org.json.*,org.ptolemy.*,org.terraswarm.*,ptolemy.*,ptserver.*" />
    <property name="file.encoding" value="UTF-8" />
    <property name="env.TRAVIS_PULL_REQUEST_SLUG" value="" />
    <property name="ant.project.default-target" value="build" />
    <property name="env.GIT_ASKPASS" value="echo" />
    <property name="env.HOME" value="/home/travis" />
    <property name="sun.java.command" value="org.apache.tools.ant.taskdefs.optional.junit.JUnitTestRunner ptolemy.actor.lib.test.junit.JUnitTclTest skipNonTests=false filtertrace=true haltOnError=false haltOnFailure=false formatter=org.apache.tools.ant.taskdefs.optional.junit.OutErrSummaryJUnitResultFormatter showoutput=true outputtoformatters=true logfailedtests=true threadid=0 logtestlistenerevents=false formatter=org.apache.tools.ant.taskdefs.optional.junit.XMLJUnitResultFormatter,/home/travis/build/icyphy/ptII/reports/junit/TEST-ptolemy.actor.lib.test.junit.JUnitTclTest.xml crashfile=/home/travis/build/icyphy/ptII/junitvmwatcher2315957173848680869.properties propsfile=/home/travis/build/icyphy/ptII/junit1710723742622189998.properties" />
    <property name="env.COMPOSER_NO_INTERACTION" value="1" />
    <property name="env.MANPATH" value="/home/travis/.nvm/versions/node/v7.10.1/share/man:/home/travis/.rvm/rubies/ruby-2.5.3/share/man:/usr/local/cmake-3.12.4/man:/usr/local/clang-7.0.0/share/man:/usr/local/man:/usr/local/share/man:/usr/share/man:/home/travis/.rvm/man" />
    <property name="env.TRAVIS_TIMER_ID" value="02c1f640" />
    <property name="ant.file" value="/home/travis/build/icyphy/ptII/build.xml" />
    <property name="env.TRAVIS_COMMIT_RANGE" value="de6e956dc8a8...7aa116601be9" />
    <property name="env._system_name" value="Ubuntu" />
    <property name="ptII.classpath.optional.property" value="/home/travis/build/icyphy/ptII/lib/bsh-2.0b4.jar:/home/travis/build/icyphy/ptII/lib/ptCal.jar:/home/travis/build/icyphy/ptII/lib/java_cup.jar:/home/travis/build/icyphy/ptII/lib/saxon8.jar:/home/travis/build/icyphy/ptII/lib/saxon8-dom.jar:/home/travis/build/icyphy/ptII/lib/chic.jar:/home/travis/build/icyphy/ptII/lib/ptcolt.jar:/home/travis/build/icyphy/ptII/vendors/misc/itext/iText.jar:/home/travis/build/icyphy/ptII/lib/g4ltl.jar:/home/travis/build/icyphy/ptII/lib/StructuralCoder.jar:/home/travis/build/icyphy/ptII/lib/jcerti.jar:/home/travis/build/icyphy/ptII/lib/javax.mail.jar:/home/travis/build/icyphy/ptII/vendors/JMF-2.1.1e/lib/jmf.jar:/home/travis/build/icyphy/ptII/lib/jna-4.0.0-variadic.jar:/home/travis/build/icyphy/ptII/vendors/misc/joystick/Joystick.jar:/home/travis/build/icyphy/ptII/lib/ptjacl.jar:/home/travis/build/icyphy/ptII/lib/jsoup-1.8.2.jar:/home/travis/build/icyphy/ptII/lib/junit-4.8.2.jar:/home/travis/build/icyphy/ptII/lib/JUnitParams-0.4.0.jar:/home/travis/build/icyphy/ptII/ptolemy/actor/lib/excel/jxl.jar:/home/travis/build/icyphy/ptII/lib/jython.jar:/home/travis/build/icyphy/ptII/lib/kieler.jar:/home/travis/build/icyphy/ptII/vendors/opencv/share/OpenCV/java/opencv-341.jar:/home/travis/build/icyphy/ptII/lib/oscP5.jar:/home/travis/build/icyphy/ptII/lib/nrjavaserial-3.11.0.devel.jar:/home/travis/build/icyphy/ptII/vendors/j3d/lib/Linux/j3dcore.jar:/home/travis/build/icyphy/ptII/vendors/j3d/lib/Linux/j3dutils.jar:/home/travis/build/icyphy/ptII/vendors/j3d/lib/Linux/vecmath.jar:/home/travis/build/icyphy/ptII/vendors/jogl/lib/Linux/gluegen-rt-natives-linux-amd64.jar:/home/travis/build/icyphy/ptII/vendors/jogl/lib/Linux/gluegen-rt.jar:/home/travis/build/icyphy/ptII/vendors/jogl/lib/Linux/jogl-all-natives-linux-amd64.jar:/home/travis/build/icyphy/ptII/vendors/jogl/lib/Linux/jogl-all.jar:/home/travis/build/icyphy/ptII/ptolemy/distributed/jini/jar/jini-core.jar:/home/travis/build/icyphy/ptII/ptolemy/distributed/jini/jar/jini-ext.jar:/home/travis/build/icyphy/ptII/ptolemy/distributed/jini/jar/sun-util.jar:/home/travis/build/icyphy/ptII/lib/protobuf-java-2.4.1.jar:/home/travis/build/icyphy/ptII/lib/org.eclipse.paho.client.mqttv3.jar:/home/travis/build/icyphy/ptII/lib/mapss.jar:/home/travis/build/icyphy/ptII/ptolemy/actor/ptalon/antlr/antlr.jar:/home/travis/build/icyphy/ptII/lib/JRI.jar:/home/travis/build/icyphy/ptII/lib/commons-lang-2.6.jar:/home/travis/build/icyphy/ptII/lib/commons-logging-1.1.1.jar:/home/travis/build/icyphy/ptII/lib/sootclasses.jar:/home/travis/build/icyphy/ptII/ptolemy/actor/lib/database/mysql-connector-java-5.1.6-bin.jar:/home/travis/build/icyphy/ptII/vendors/misc/sphinx4/sphinx4-data-5prealpha.jar:/home/travis/build/icyphy/ptII/vendors/misc/sphinx4/sphinx4-core-5prealpha.jar:/home/travis/build/icyphy/ptII/lib/PDFRenderer.jar:/home/travis/build/icyphy/ptII/lib/svgSalamander.jar:/home/travis/build/icyphy/ptII/lib/rsyntaxtextarea-2.6.0-SNAPSHOT.jar:/home/travis/build/icyphy/ptII/lib/hazelcast-3.8.2.jar:/home/travis/build/icyphy/ptII/lib/jackson-annotations-2.9.0.jar:/home/travis/build/icyphy/ptII/lib/jackson-core-2.9.3.jar:/home/travis/build/icyphy/ptII/lib/jackson-databind-2.9.3.jar:/home/travis/build/icyphy/ptII/lib/netty-buffer-4.1.19.Final.jar:/home/travis/build/icyphy/ptII/lib/netty-codec-4.1.19.Final.jar:/home/travis/build/icyphy/ptII/lib/netty-codec-dns-4.1.19.Final.jar:/home/travis/build/icyphy/ptII/lib/netty-codec-http-4.1.19.Final.jar:/home/travis/build/icyphy/ptII/lib/netty-codec-http2-4.1.19.Final.jar:/home/travis/build/icyphy/ptII/lib/netty-common-4.1.19.Final.jar:/home/travis/build/icyphy/ptII/lib/netty-handler-4.1.19.Final.jar:/home/travis/build/icyphy/ptII/lib/netty-resolver-4.1.19.Final.jar:/home/travis/build/icyphy/ptII/lib/netty-resolver-dns-4.1.19.Final.jar:/home/travis/build/icyphy/ptII/lib/netty-transport-4.1.19.Final.jar:/home/travis/build/icyphy/ptII/lib/vertx-codegen-3.5.1.jar:/home/travis/build/icyphy/ptII/lib/vertx-core-3.5.2-SNAPSHOT.jar:/home/travis/build/icyphy/ptII/lib/vertx-hazelcast-3.5.1.jar:/home/travis/build/icyphy/ptII/lib/vertx-lang-js-3.5.1.jar:/home/travis/build/icyphy/ptII/lib/vertx-service-proxy-3.5.1.jar:/home/travis/build/icyphy/ptII/lib/vertx-web-3.5.1.jar:/home/travis/build/icyphy/ptII/lib/slf4j-api-1.7.13.jar:/home/travis/build/icyphy/ptII/lib/slf4j-simple-1.7.13.jar:/home/travis/build/icyphy/ptII/lib/webcam-capture-0.3.12.jar:/home/travis/build/icyphy/ptII/lib/bridj-0.7.0.jar:/home/travis/build/icyphy/ptII/lib/xbjlib-1.1.0.nrjavaserial.jar" />
    <property name="timeout" value="2400000" />
    <property name="test.batch" value="**/junit/*.java" />
    <property name="env._" value="/usr/bin/timeout" />
    <property name="java.io.tmpdir" value="/tmp" />
    <property name="user.language" value="en" />
    <property name="env.TRAVIS_INTERNAL_RUBY_REGEX" value="^ruby-(2\.[0-4]\.[0-9]|1\.9\.3)" />
    <property name="env.HISTCONTROL" value="ignoredups:ignorespace" />
    <property name="env.GOROOT" value="/home/travis/.gimme/versions/go1.11.1.linux.amd64" />
    <property name="line.separator" value="&#xa;" />
    <property name="target" value="11" />
    <property name="env.TRAVIS_BUILD_DIR" value="/home/travis/build/icyphy/ptII" />
    <property name="env.ANT_OPTS" value="-Xmx2048m" />
    <property name="ant.file.type" value="file" />
    <property name="ptolemy.ptII.batchMode" value="true" />
    <property name="env.HISTSIZE" value="1000" />
    <property name="env.MERB_ENV" value="test" />
    <property name="java.vm.info" value="mixed mode" />
    <property name="source" value="11" />
    <property name="java.vm.specification.name" value="Java Virtual Machine Specification" />
    <property name="env.TRAVIS_TEST_RESULT" value="0" />
    <property name="jsdoc.command" value="node_modules/@terraswarm/jsdoc/jsdoc.js" />
    <property name="npm.works" value="true" />
    <property name="cobertura.dir" value="/home/travis/build/icyphy/ptII/vendors/cobertura-2.0.3" />
    <property name="jsdoc.command.exists" value="true" />
    <property name="env.rvm_path" value="/home/travis/.rvm" />
    <property name="env.GEM_PATH" value="/home/travis/.rvm/gems/ruby-2.5.3:/home/travis/.rvm/gems/ruby-2.5.3@global" />
    <property name="env.LC_CTYPE" value="en_US.UTF-8" />
    <property name="env.TRAVIS_CMD" value="$PTII/bin/ptIITravisBuild.sh $SECONDS" />
    <property name="java.awt.printerjob" value="sun.print.PSPrinterJob" />
    <property name="env.TRAVIS_STACK_NAME" value="sardonyx" />
    <property name="env.TRAVIS_TIMER_START_TIME" value="1570732351941914110" />
    <property name="ant.version" value="Apache Ant(TM) version 1.10.1 compiled on February 2 2017" />
    <property name="ptII.reports" value="/home/travis/build/icyphy/ptII/reports" />
    <property name="env.TRAVIS_STACK_TIMESTAMP" value="2019-03-25 16:16:56 UTC" />
    <property name="ant.file.type.ptII" value="file" />
    <property name="env.RBENV_SHELL" value="bash" />
    <property name="os.name" value="Linux" />
    <property name="java.specification.vendor" value="Oracle Corporation" />
    <property name="env.rvm_version" value="1.29.7 (latest)" />
    <property name="env.TRAVIS_INFRA" value="unknown" />
    <property name="env.TERM" value="xterm" />
    <property name="java.vm.name" value="OpenJDK 64-Bit Server VM" />
    <property name="env.TRAVIS_BUILD_NUMBER" value="1357" />
    <property name="env.CI" value="true" />
    <property name="java.library.path" value="/home/travis/pthla/certi-tools/lib:/usr/lib/jni:/usr/local/share/OpenCV/java/:/usr/share/OpenCV/java::/usr/java/packages/lib:/usr/lib64:/lib64:/lib:/usr/lib" />
    <property name="jdk.module.path" value="/home/travis/build/icyphy/ptII/vendors/javafx/javafx-sdk-11.0.2/lib:" />
    <property name="env.rvm_prefix" value="/home/travis" />
    <property name="env.PATH" value="/home/travis/pthla/certi-tools/share/scripts:/home/travis/.rvm/gems/ruby-2.5.3/bin:/home/travis/.rvm/gems/ruby-2.5.3@global/bin:/home/travis/.rvm/rubies/ruby-2.5.3/bin:/home/travis/.rvm/bin:/home/travis/.nvm/versions/node/v7.10.1/bin:./node_modules/.bin:/home/travis/build/icyphy/ptII/bin:/home/travis/pthla/certi-tools/bin:/home/travis/bin:/home/travis/.local/bin:/usr/local/lib/jvm/openjdk11/bin:/opt/pyenv/shims:/home/travis/.phpenv/shims:/home/travis/perl5/perlbrew/bin:/home/travis/gopath/bin:/home/travis/.gimme/versions/go1.11.1.linux.amd64/bin:/usr/local/maven-3.6.0/bin:/usr/local/cmake-3.12.4/bin:/usr/local/clang-7.0.0/bin:/usr/local/sbin:/usr/local/bin:/usr/sbin:/usr/bin:/sbin:/bin:/snap/bin:/home/travis/.phpenv/bin:/opt/pyenv/bin:/home/travis/.yarn/bin" />
    <property name="env.TRAVIS_OS_NAME" value="linux" />
    <property name="ant.java.version" value="9" />
    <property name="basedir" value="/home/travis/build/icyphy/ptII" />
    <property name="java.class.version" value="55.0" />
    <property name="env.SHLVL" value="3" />
    <property name="env.LD_LIBRARY_PATH" value="/home/travis/pthla/certi-tools/lib:/usr/lib/jni:/usr/local/share/OpenCV/java/:/usr/share/OpenCV/java:" />
    <property name="env.RACK_ENV" value="test" />
    <property name="ant.home" value="/home/travis/build/icyphy/ptII/ant" />
    <property name="env.NVM_DIR" value="/home/travis/.nvm" />
    <property name="env.CERTI_FOM_PATH" value="/home/travis/pthla/certi-tools/share/federations" />
    <property name="env.TRAVIS_BUILD_ID" value="596193747" />
    <property name="env.PYENV_ROOT" value="/opt/pyenv" />
    <property name="env.TRAVIS_UID" value="2000" />
    <property name="prism.verbose" value="true" />
    <property name="env.NVM_BIN" value="/home/travis/.nvm/versions/node/v7.10.1/bin" />
    <property name="env.TRAVIS_COMMIT" value="7aa116601be9b1391b12e2fe31c548c02d129dba" />
    <property name="env._system_arch" value="x86_64" />
    <property name="node.executable" value="node" />
    <property name="sun.boot.library.path" value="/usr/local/lib/jvm/openjdk11/lib" />
    <property name="sun.management.compiler" value="HotSpot 64-Bit Tiered Compilers" />
    <property name="java.awt.graphicsenv" value="sun.awt.X11GraphicsEnvironment" />
    <property name="env.GOPATH" value="/home/travis/gopath" />
    <property name="ptolemy.ptII.dir" value="/home/travis/build/icyphy/ptII" />
    <property name="env.USER" value="travis" />
    <property name="env.HISTFILESIZE" value="2000" />
    <property name="timeout.longest" value="19000000" />
    <property name="env.PERLBREW_SHELLRC_VERSION" value="0.86" />
    <property name="env.TRAVIS_STACK_FEATURES" value="basic couchdb disabled-ipv6 docker docker-compose elasticsearch firefox go-toolchain google-chrome jdk memcached mongodb mysql nodejs_interpreter perl_interpreter perlbrew phantomjs postgresql python_interpreter redis ruby_interpreter sqlite xserver" />
    <property name="env.TRAVIS_PULL_REQUEST" value="false" />
    <property name="env.PYENV_SHELL" value="bash" />
    <property name="ant.project.name" value="ptII" />
    <property name="env.ANSI_RESET" value="\033[0m" />
    <property name="java.vm.specification.version" value="11" />
    <property name="env.TRAVIS_DIST" value="xenial" />
    <property name="env.CERTI_VERSION" value="4.0.0" />
    <property name="env.CERTI_HOST" value="localhost" />
    <property name="awt.toolkit" value="sun.awt.X11.XToolkit" />
    <property name="env.MY_RUBY_HOME" value="/home/travis/.rvm/rubies/ruby-2.5.3" />
    <property name="sun.cpu.isalist" value="" />
    <property name="env.TRAVIS_TMPDIR" value="/tmp/tmp.FN2qFYVdqa" />
    <property name="java.vm.compressedOopsMode" value="Zero based" />
    <property name="os.version" value="4.15.0-1028-gcp" />
    <property name="user.home" value="/home/travis" />
    <property name="java.vm.vendor" value="Oracle Corporation" />
    <property name="env.TRAVIS_TAG" value="nightly" />
    <property name="env.ANSI_YELLOW" value="\033[33;1m" />
    <property name="env.TRAVIS_FILTERED" value="redirect_io" />
    <property name="env.ANSI_GREEN" value="\033[32;1m" />
    <property name="env.JAVA_HOME" value="/usr/local/lib/jvm/openjdk11" />
    <property name="javadoc.excludepackagenames" value="adm.cvs2svn.*,build.*,config.*,doc.coding.templates.*,jni.test.jni.meaningOfLife.*,jni.test.jni.testDeux.*,jni.test.jni.testTrois.*,org.terraswarm.accessor.accessors.web.node_modules.*,org.terraswarm.accessor.accessors.web.hosts.cordova.demo.*,org.terraswarm.accessor.accessors.web.hosts.cordova.plugins.*,org.terraswarm.accessor.accessors-svn.*,pt-modules.*,ptolemy.apps.agilent.*,ptolemy.apps.anytimecontrol.*,ptolemy.apps.apes.*,ptolemy.apps.charon.*,ptolemy.apps.crazyboard.*,ptolemy.apps.eclipse.*,ptolemy.apps.etherealSting.*,ptolemy.apps.fullscreen.*,ptolemy.apps.giotto.*,ptolemy.apps.ia.*,ptolemy.apps.interfaces.*,ptolemy.apps.jmf.*,ptolemy.apps.kurt.*,ptolemy.apps.kvm.*,ptolemy.apps.lego.*,ptolemy.apps.lejos.*,ptolemy.apps.midp.*,ptolemy.apps.mobileCoding.*,ptolemy.apps.pendulum.*,ptolemy.apps.rijndael.*,ptolemy.apps.robot.*,ptolemy.apps.security.*,ptolemy.apps.sobel.*,ptolemy.apps.soot.*,ptolemy.apps.throttle.*,ptolemy.apps.tini.*,ptolemy.apps.transmission.*,ptolemy.apps.vergil.*,ptolemy.apps.waba.*,ptolemy.apps.websensor.*,ptolemy.apps.webstart.*,ptolemy.apps.xsl.*,ptolemy.apps.zaurus.*,ptolemy.codegen.c.actor.lib.oldJavaFiles.*,ptolemy.codegen.dsp.lib.*,ptolemy.codegen.kernel.newInterfaces.*,ptolemy.codegen.lib.*,ptolemy.copernicus.kernel.fragment.*,ptolemy.copernicus.shallow.cg.*,ptolemy.domains.giotto.demo.Hierarchy.Hierarchy.*,ptolemy.domains.giotto.demo.Multimode.Multimode.*,ptolemy.domains.giotto.demo.Simple.Simple.*,ptolemy.domains.gr.lib.experimental.*,ptolemy.domains.gro.*,ptolemy.domains.pdf.*,ptolemy.domains.ptinyos.demo.Surge.output.*,ptolemy.moml.test.NoPackageActor.java*,ptolemy.plot.adm.*,ptolemy.plot.servlet.*,reports.*,signed.*,src.*,target.*,vendors.*,ptolemy.copernicus.applet.*,ptolemy.media.viewer.*,ptolemy.actor.corba.*,doc.doclets.*,ptolemy.apps.eclipse.awt.*,ptolemy.backtrack.*,ptolemy.backtrack.ast.*,ptolemy.cg.adapter.generic.program.procedural.c.mbed*,ptolemy.homer.*,ptolemy.actor.lib.jai.*,org.ptolemy.scala.*,diva.util.java2d.svg.*,ptolemy.domains.ptinyos.*,ptolemy.actor.lib.fmi.fmipp.*,,org.terraswarm.accessor.accessors.web.node_modules.*,org.terraswarm.accessor.accessors-svn,ptolemy.apps.*,ptolemy.actor.ptalon.demo.ptinyos.SendAndReceiveCnt.output,ptolemy.actor.ptalon.demo.ptinyos.SenseToLeds.output,ptolemy.domains.ptinyos.demo.CntToLedsAndRfm.output,ptolemy.domains.ptinyos.demo.RfmToLeds.output,ptolemy.domains.ptinyos.demo.SendAndReceiveCnt.output,ptolemy.domains.ptinyos.demo.SenseToLeds.output,ptolemy.actor.lib.jjs.modules.udpSocket.*" />
    <property name="env.PTII" value="/home/travis/build/icyphy/ptII" />
    <property name="env.XDG_SESSION_ID" value="2" />
    <property name="keystore" value="ptKeystore" />
    <property name="env.TRAVIS_COMMIT_MESSAGE" value="Adding files cited in previous log." />
    <property name="junit.output.dir" value="/home/travis/build/icyphy/ptII/reports/junit" />
    <property name="npm.return.code" value="0" />
    <property name="user.dir" value="/home/travis/build/icyphy/ptII/ptolemy/actor/lib/test" />
    <property name="env.TRAVIS_NODE_VERSION" value="7" />
    <property name="env.TRAVIS_EVENT_TYPE" value="push" />
    <property name="env.MAIL" value="/var/mail/travis" />
    <property name="env.PERLBREW_ROOT" value="/home/travis/perl5/perlbrew" />
    <property name="env.PWD" value="/home/travis/build/icyphy/ptII" />
    <property name="timeout.npm" value="45000" />
    <property name="env.TRAVIS_ARCH" value="amd64" />
    <property name="sun.cpu.endian" value="little" />
    <property name="env.PAGER" value="cat" />
    <property name="env.TRAVIS_BUILD_STAGE_NAME" value="Test" />
    <property name="env.PERLBREW_HOME" value="/home/travis/.perlbrew" />
    <property name="java.vm.version" value="11.0.2+9" />
    <property name="env.RAILS_ENV" value="test" />
    <property name="java.class.path" value="/home/travis/.ptolemyII:/home/travis/.ptolemyII/*:/home/travis/build/icyphy/ptII:/home/travis/build/icyphy/ptII/lib/bsh-2.0b4.jar:/home/travis/build/icyphy/ptII/lib/ptCal.jar:/home/travis/build/icyphy/ptII/lib/java_cup.jar:/home/travis/build/icyphy/ptII/lib/saxon8.jar:/home/travis/build/icyphy/ptII/lib/saxon8-dom.jar:/home/travis/build/icyphy/ptII/lib/chic.jar:/home/travis/build/icyphy/ptII/lib/ptcolt.jar:/home/travis/build/icyphy/ptII/vendors/misc/itext/iText.jar:/home/travis/build/icyphy/ptII/lib/g4ltl.jar:/home/travis/build/icyphy/ptII/lib/StructuralCoder.jar:/home/travis/build/icyphy/ptII/lib/jcerti.jar:/home/travis/build/icyphy/ptII/lib/javax.mail.jar:/home/travis/build/icyphy/ptII/vendors/JMF-2.1.1e/lib/jmf.jar:/home/travis/build/icyphy/ptII/lib/jna-4.0.0-variadic.jar:/home/travis/build/icyphy/ptII/vendors/misc/joystick/Joystick.jar:/home/travis/build/icyphy/ptII/lib/ptjacl.jar:/home/travis/build/icyphy/ptII/lib/jsoup-1.8.2.jar:/home/travis/build/icyphy/ptII/lib/junit-4.8.2.jar:/home/travis/build/icyphy/ptII/lib/JUnitParams-0.4.0.jar:/home/travis/build/icyphy/ptII/ptolemy/actor/lib/excel/jxl.jar:/home/travis/build/icyphy/ptII/lib/jython.jar:/home/travis/build/icyphy/ptII/lib/kieler.jar:/home/travis/build/icyphy/ptII/vendors/opencv/share/OpenCV/java/opencv-341.jar:/home/travis/build/icyphy/ptII/lib/oscP5.jar:/home/travis/build/icyphy/ptII/lib/nrjavaserial-3.11.0.devel.jar:/home/travis/build/icyphy/ptII/vendors/j3d/lib/Linux/j3dcore.jar:/home/travis/build/icyphy/ptII/vendors/j3d/lib/Linux/j3dutils.jar:/home/travis/build/icyphy/ptII/vendors/j3d/lib/Linux/vecmath.jar:/home/travis/build/icyphy/ptII/vendors/jogl/lib/Linux/gluegen-rt-natives-linux-amd64.jar:/home/travis/build/icyphy/ptII/vendors/jogl/lib/Linux/gluegen-rt.jar:/home/travis/build/icyphy/ptII/vendors/jogl/lib/Linux/jogl-all-natives-linux-amd64.jar:/home/travis/build/icyphy/ptII/vendors/jogl/lib/Linux/jogl-all.jar:/home/travis/build/icyphy/ptII/ptolemy/distributed/jini/jar/jini-core.jar:/home/travis/build/icyphy/ptII/ptolemy/distributed/jini/jar/jini-ext.jar:/home/travis/build/icyphy/ptII/ptolemy/distributed/jini/jar/sun-util.jar:/home/travis/build/icyphy/ptII/lib/protobuf-java-2.4.1.jar:/home/travis/build/icyphy/ptII/lib/org.eclipse.paho.client.mqttv3.jar:/home/travis/build/icyphy/ptII/lib/mapss.jar:/home/travis/build/icyphy/ptII/ptolemy/actor/ptalon/antlr/antlr.jar:/home/travis/build/icyphy/ptII/lib/JRI.jar:/home/travis/build/icyphy/ptII/lib/commons-lang-2.6.jar:/home/travis/build/icyphy/ptII/lib/commons-logging-1.1.1.jar:/home/travis/build/icyphy/ptII/lib/sootclasses.jar:/home/travis/build/icyphy/ptII/ptolemy/actor/lib/database/mysql-connector-java-5.1.6-bin.jar:/home/travis/build/icyphy/ptII/vendors/misc/sphinx4/sphinx4-data-5prealpha.jar:/home/travis/build/icyphy/ptII/vendors/misc/sphinx4/sphinx4-core-5prealpha.jar:/home/travis/build/icyphy/ptII/lib/PDFRenderer.jar:/home/travis/build/icyphy/ptII/lib/svgSalamander.jar:/home/travis/build/icyphy/ptII/lib/rsyntaxtextarea-2.6.0-SNAPSHOT.jar:/home/travis/build/icyphy/ptII/lib/hazelcast-3.8.2.jar:/home/travis/build/icyphy/ptII/lib/jackson-annotations-2.9.0.jar:/home/travis/build/icyphy/ptII/lib/jackson-core-2.9.3.jar:/home/travis/build/icyphy/ptII/lib/jackson-databind-2.9.3.jar:/home/travis/build/icyphy/ptII/lib/netty-buffer-4.1.19.Final.jar:/home/travis/build/icyphy/ptII/lib/netty-codec-4.1.19.Final.jar:/home/travis/build/icyphy/ptII/lib/netty-codec-dns-4.1.19.Final.jar:/home/travis/build/icyphy/ptII/lib/netty-codec-http-4.1.19.Final.jar:/home/travis/build/icyphy/ptII/lib/netty-codec-http2-4.1.19.Final.jar:/home/travis/build/icyphy/ptII/lib/netty-common-4.1.19.Final.jar:/home/travis/build/icyphy/ptII/lib/netty-handler-4.1.19.Final.jar:/home/travis/build/icyphy/ptII/lib/netty-resolver-4.1.19.Final.jar:/home/travis/build/icyphy/ptII/lib/netty-resolver-dns-4.1.19.Final.jar:/home/travis/build/icyphy/ptII/lib/netty-transport-4.1.19.Final.jar:/home/travis/build/icyphy/ptII/lib/vertx-codegen-3.5.1.jar:/home/travis/build/icyphy/ptII/lib/vertx-core-3.5.2-SNAPSHOT.jar:/home/travis/build/icyphy/ptII/lib/vertx-hazelcast-3.5.1.jar:/home/travis/build/icyphy/ptII/lib/vertx-lang-js-3.5.1.jar:/home/travis/build/icyphy/ptII/lib/vertx-service-proxy-3.5.1.jar:/home/travis/build/icyphy/ptII/lib/vertx-web-3.5.1.jar:/home/travis/build/icyphy/ptII/lib/slf4j-api-1.7.13.jar:/home/travis/build/icyphy/ptII/lib/slf4j-simple-1.7.13.jar:/home/travis/build/icyphy/ptII/lib/webcam-capture-0.3.12.jar:/home/travis/build/icyphy/ptII/lib/bridj-0.7.0.jar:/home/travis/build/icyphy/ptII/lib/xbjlib-1.1.0.nrjavaserial.jar:/home/travis/build/icyphy/ptII/ptolemy/moml/test:/home/travis/build/icyphy/ptII/ant/lib/ant-launcher.jar:/home/travis/build/icyphy/ptII/ant/lib/ant.jar:/home/travis/build/icyphy/ptII/ant/lib/ant-junit.jar:/home/travis/build/icyphy/ptII/ant/lib/ant-junit4.jar" />
    <property name="ant.library.dir" value="/home/travis/build/icyphy/ptII/ant/lib" />
    <property name="os.arch" value="amd64" />
    <property name="env.CONTINUOUS_INTEGRATION" value="true" />
    <property name="env.TRAVIS_LANGUAGE" value="node_js" />
    <property name="env.TRAVIS_STACK_LANGUAGES" value="__sardonyx__ c c++ clojure cplusplus cpp default generic go groovy java node_js php pure_java python ruby scala" />
    <property name="test.name" value="ptolemy.actor.lib.test.junit.JUnitTclTest" />
    <property name="env.APT_KEY_DONT_WARN_ON_DANGEROUS_USAGE" value="1" />
    <property name="sun.java.launcher" value="SUN_STANDARD" />
    <property name="env.PYTHON_CONFIGURE_OPTS" value="--enable-unicode=ucs4 --with-wide-unicode --enable-shared --enable-ipv6 --enable-loadable-sqlite-extensions --with-computed-gotos" />
    <property name="ant.core.lib" value="/home/travis/build/icyphy/ptII/ant/lib/ant.jar" />
    <property name="java.vm.specification.vendor" value="Oracle Corporation" />
    <property name="env.BCVTB_HOME" value="/home/travis/build/icyphy/ptII/lbnl" />
    <property name="file.separator" value="/" />
    <property name="spotbugs.home" value="/home/travis/build/icyphy/ptII/vendors/spotbugs-3.1.1" />
    <property name="java.runtime.version" value="11.0.2+9" />
    <property name="env.ANSI_CLEAR" value="\033[0K" />
    <property name="javafx.verbose" value="true" />
    <property name="env.HAS_JOSH_K_SEAL_OF_APPROVAL" value="true" />
    <property name="env.XDG_RUNTIME_DIR" value="/run/user/2000" />
    <property name="env.TRAVIS_OSX_IMAGE" value="" />
    <property name="env.TRAVIS_JOB_ID" value="596193755" />
    <property name="env.TRAVIS_BRANCH" value="master" />
    <property name="user.country" value="US" />
    <property name="env.CERTI_HOME_TRAVIS" value="/home/travis/pthla/certi-tools" />
    <property name="env.SHELL" value="/bin/bash" />
    <property name="java.maxmemory.large" value="3200m" />
    <property name="model" value="" />
    <property name="env.CASHER_DIR" value="/home/travis/.casher" />
    <property name="env.NVM_CD_FLAGS" value="" />
    <property name="java.vendor.version" value="18.9" />
    <property name="jshint.executable" value="/home/travis/node_modules/jshint/bin/jshint" />
    <property name="env.JRUBY_OPTS" value=" --client -J-XX:+TieredCompilation -J-XX:TieredStopAtLevel=1 -J-Xss2m -Xcompile.invokedynamic=false" />
    <property name="java.vendor" value="Oracle Corporation" />
    <property name="env.TRAVIS_PRE_CHEF_BOOTSTRAP_TIME" value="2019-03-25T16:16:42" />
    <property name="env.TRAVIS_STACK_JOB_BOARD_REGISTER" value="/.job-board-register.yml" />
    <property name="env.ANSI_RED" value="\033[31;1m" />
    <property name="java.specification.version" value="11" />
    <property name="env.IRBRC" value="/home/travis/.rvm/rubies/ruby-2.5.3/.irbrc" />
    <property name="env.TRAVIS" value="true" />
    <property name="sun.arch.data.model" value="64" />
  </properties>
  <testcase classname="ptolemy.util.test.junit.TclTests" name="[0] /home/travis/build/icyphy/ptII/ptolemy/actor/lib/test/AbsoluteValue.tcl (RunTclFile)" time="0.672" />
  <testcase classname="ptolemy.util.test.junit.TclTests" name="[1] /home/travis/build/icyphy/ptII/ptolemy/actor/lib/test/AddSubtract.tcl (RunTclFile)" time="0.229" />
  <testcase classname="ptolemy.util.test.junit.TclTests" name="[2] /home/travis/build/icyphy/ptII/ptolemy/actor/lib/test/Average.tcl (RunTclFile)" time="0.072" />
  <testcase classname="ptolemy.util.test.junit.TclTests" name="[3] /home/travis/build/icyphy/ptII/ptolemy/actor/lib/test/Bernoulli.tcl (RunTclFile)" time="0.04" />
  <testcase classname="ptolemy.util.test.junit.TclTests" name="[4] /home/travis/build/icyphy/ptII/ptolemy/actor/lib/test/Clock.tcl (RunTclFile)" time="0.15" />
  <testcase classname="ptolemy.util.test.junit.TclTests" name="[5] /home/travis/build/icyphy/ptII/ptolemy/actor/lib/test/Commutator.tcl (RunTclFile)" time="0.203" />
  <testcase classname="ptolemy.util.test.junit.TclTests" name="[6] /home/travis/build/icyphy/ptII/ptolemy/actor/lib/test/Const.tcl (RunTclFile)" time="0.165" />
  <testcase classname="ptolemy.util.test.junit.TclTests" name="[7] /home/travis/build/icyphy/ptII/ptolemy/actor/lib/test/CurrentTime.tcl (RunTclFile)" time="0.045" />
  <testcase classname="ptolemy.util.test.junit.TclTests" name="[8] /home/travis/build/icyphy/ptII/ptolemy/actor/lib/test/DB.tcl (RunTclFile)" time="0.067" />
  <testcase classname="ptolemy.util.test.junit.TclTests" name="[9] /home/travis/build/icyphy/ptII/ptolemy/actor/lib/test/DiscreteRandomSource.tcl (RunTclFile)" time="0.051" />
  <testcase classname="ptolemy.util.test.junit.TclTests" name="[10] /home/travis/build/icyphy/ptII/ptolemy/actor/lib/test/Distributor.tcl (RunTclFile)" time="0.036" />
  <testcase classname="ptolemy.util.test.junit.TclTests" name="[11] /home/travis/build/icyphy/ptII/ptolemy/actor/lib/test/Exit.tcl (RunTclFile)" time="0.086" />
  <testcase classname="ptolemy.util.test.junit.TclTests" name="[12] /home/travis/build/icyphy/ptII/ptolemy/actor/lib/test/Expression.tcl (RunTclFile)" time="0.152" />
  <testcase classname="ptolemy.util.test.junit.TclTests" name="[13] /home/travis/build/icyphy/ptII/ptolemy/actor/lib/test/Gaussian.tcl (RunTclFile)" time="0.086" />
  <testcase classname="ptolemy.util.test.junit.TclTests" name="[14] /home/travis/build/icyphy/ptII/ptolemy/actor/lib/test/IIR.tcl (RunTclFile)" time="0.057" />
  <testcase classname="ptolemy.util.test.junit.TclTests" name="[15] /home/travis/build/icyphy/ptII/ptolemy/actor/lib/test/Interpolator.tcl (RunTclFile)" time="0.128" />
  <testcase classname="ptolemy.util.test.junit.TclTests" name="[16] /home/travis/build/icyphy/ptII/ptolemy/actor/lib/test/MathFunction.tcl (RunTclFile)" time="0.076" />
  <testcase classname="ptolemy.util.test.junit.TclTests" name="[17] /home/travis/build/icyphy/ptII/ptolemy/actor/lib/test/Maximum.tcl (RunTclFile)" time="0.028" />
  <testcase classname="ptolemy.util.test.junit.TclTests" name="[18] /home/travis/build/icyphy/ptII/ptolemy/actor/lib/test/Minimum.tcl (RunTclFile)" time="0.025" />
  <testcase classname="ptolemy.util.test.junit.TclTests" name="[19] /home/travis/build/icyphy/ptII/ptolemy/actor/lib/test/MultiplyDivide.tcl (RunTclFile)" time="0.033" />
  <testcase classname="ptolemy.util.test.junit.TclTests" name="[20] /home/travis/build/icyphy/ptII/ptolemy/actor/lib/test/OrderedMerge.tcl (RunTclFile)" time="0.163" />
  <testcase classname="ptolemy.util.test.junit.TclTests" name="[21] /home/travis/build/icyphy/ptII/ptolemy/actor/lib/test/Publisher.tcl (RunTclFile)" time="1.027" />
  <testcase classname="ptolemy.util.test.junit.TclTests" name="[22] /home/travis/build/icyphy/ptII/ptolemy/actor/lib/test/Pulse.tcl (RunTclFile)" time="0.088" />
  <testcase classname="ptolemy.util.test.junit.TclTests" name="[23] /home/travis/build/icyphy/ptII/ptolemy/actor/lib/test/Ramp.tcl (RunTclFile)" time="2.504" />
  <testcase classname="ptolemy.util.test.junit.TclTests" name="[24] /home/travis/build/icyphy/ptII/ptolemy/actor/lib/test/RampContinuous.tcl (RunTclFile)" time="0.022" />
  <testcase classname="ptolemy.util.test.junit.TclTests" name="[25] /home/travis/build/icyphy/ptII/ptolemy/actor/lib/test/RecordAssembler.tcl (RunTclFile)" time="0.018" />
  <testcase classname="ptolemy.util.test.junit.TclTests" name="[26] /home/travis/build/icyphy/ptII/ptolemy/actor/lib/test/RecordDisassembler.tcl (RunTclFile)" time="0.023" />
  <testcase classname="ptolemy.util.test.junit.TclTests" name="[27] /home/travis/build/icyphy/ptII/ptolemy/actor/lib/test/Scale.tcl (RunTclFile)" time="0.02" />
  <testcase classname="ptolemy.util.test.junit.TclTests" name="[28] /home/travis/build/icyphy/ptII/ptolemy/actor/lib/test/SequentialClock.tcl (RunTclFile)" time="0.015" />
  <testcase classname="ptolemy.util.test.junit.TclTests" name="[29] /home/travis/build/icyphy/ptII/ptolemy/actor/lib/test/SetVariable.tcl (RunTclFile)" time="0.066">
    <failure message="Number of failed tests is has increased. expected:&lt;0&gt; but was:&lt;1&gt;" type="junit.framework.AssertionFailedError">junit.framework.AssertionFailedError: Number of failed tests is has increased. expected:&lt;0&gt; but was:&lt;1&gt;
	at ptolemy.util.test.junit.TclTests.RunTclFile(TclTests.java:286)
	at jdk.internal.reflect.GeneratedMethodAccessor19.invoke(Unknown Source)
	at java.base/jdk.internal.reflect.DelegatingMethodAccessorImpl.invoke(DelegatingMethodAccessorImpl.java:43)
	at junitparams.internal.InvokeParameterisedMethod.evaluate(InvokeParameterisedMethod.java:102)
	at junitparams.internal.ParameterisedTestMethodRunner.runMethodInvoker(ParameterisedTestMethodRunner.java:47)
	at junitparams.internal.ParameterisedTestMethodRunner.runTestMethod(ParameterisedTestMethodRunner.java:41)
	at junitparams.internal.ParameterisedTestClassRunner.runParameterisedTest(ParameterisedTestClassRunner.java:143)
	at junitparams.JUnitParamsRunner.runChild(JUnitParamsRunner.java:237)
	at junitparams.JUnitParamsRunner.runChild(JUnitParamsRunner.java:215)
</failure>
  </testcase>
  <testcase classname="ptolemy.util.test.junit.TclTests" name="[30] /home/travis/build/icyphy/ptII/ptolemy/actor/lib/test/Sinewave.tcl (RunTclFile)" time="0.037" />
  <testcase classname="ptolemy.util.test.junit.TclTests" name="[31] /home/travis/build/icyphy/ptII/ptolemy/actor/lib/test/SubscriptionAggregator.tcl (RunTclFile)" time="2.552" />
  <testcase classname="ptolemy.util.test.junit.TclTests" name="[32] /home/travis/build/icyphy/ptII/ptolemy/actor/lib/test/Test.tcl (RunTclFile)" time="0.136" />
  <testcase classname="ptolemy.util.test.junit.TclTests" name="[33] /home/travis/build/icyphy/ptII/ptolemy/actor/lib/test/TestExceptionHandler.tcl (RunTclFile)" time="0.016" />
  <testcase classname="ptolemy.util.test.junit.TclTests" name="[34] /home/travis/build/icyphy/ptII/ptolemy/actor/lib/test/UnionDisassembler.tcl (RunTclFile)" time="0.078" />
  <testcase classname="ptolemy.util.test.junit.TclTests" name="[35] /home/travis/build/icyphy/ptII/ptolemy/actor/lib/test/VariableClock.tcl (RunTclFile)" time="0.036" />
  <testcase classname="ptolemy.util.test.junit.AutoKnownFailedTests" name="[0] /home/travis/build/icyphy/ptII/ptolemy/actor/lib/test/auto/knownFailedTests/PublisherPortToplevelSubscriber.xml (RunModel)" time="0.036" />
  <testcase classname="ptolemy.util.test.junit.AutoKnownFailedTests" name="[1] /home/travis/build/icyphy/ptII/ptolemy/actor/lib/test/auto/knownFailedTests/PublisherSubscriberPortToplevel.xml (RunModel)" time="0.031" />
  <testcase classname="ptolemy.util.test.junit.AutoKnownFailedTests" name="[2] /home/travis/build/icyphy/ptII/ptolemy/actor/lib/test/auto/knownFailedTests/PublisherSubscriptionAggregatorPort.xml (RunModel)" time="0.024" />
  <testcase classname="ptolemy.util.test.junit.AutoKnownFailedTests" name="[3] /home/travis/build/icyphy/ptII/ptolemy/actor/lib/test/auto/knownFailedTests/sizedarray3.xml (RunModel)" time="0.028" />
  <testcase classname="ptolemy.util.test.junit.AutoNameArchTests" name="[0] ThereAreNoAutoArchTests (RunModel)" time="0.002" />
  <testcase classname="ptolemy.util.test.junit.AutoTests" name="[0] /home/travis/build/icyphy/ptII/ptolemy/actor/lib/test/auto/AbsoluteValue.xml (RunModel)" time="0.123" />
  <testcase classname="ptolemy.util.test.junit.AutoTests" name="[1] /home/travis/build/icyphy/ptII/ptolemy/actor/lib/test/auto/AbsoluteValue2.xml (RunModel)" time="0.082" />
  <testcase classname="ptolemy.util.test.junit.AutoTests" name="[2] /home/travis/build/icyphy/ptII/ptolemy/actor/lib/test/auto/Accumulator.xml (RunModel)" time="0.055" />
  <testcase classname="ptolemy.util.test.junit.AutoTests" name="[3] /home/travis/build/icyphy/ptII/ptolemy/actor/lib/test/auto/Accumulator2.xml (RunModel)" time="0.038" />
  <testcase classname="ptolemy.util.test.junit.AutoTests" name="[4] /home/travis/build/icyphy/ptII/ptolemy/actor/lib/test/auto/Accumulator3.xml (RunModel)" time="0.034" />
  <testcase classname="ptolemy.util.test.junit.AutoTests" name="[5] /home/travis/build/icyphy/ptII/ptolemy/actor/lib/test/auto/ArrayAppend.xml (RunModel)" time="0.046" />
  <testcase classname="ptolemy.util.test.junit.AutoTests" name="[6] /home/travis/build/icyphy/ptII/ptolemy/actor/lib/test/auto/ArrayAppend2.xml (RunModel)" time="0.395" />
  <testcase classname="ptolemy.util.test.junit.AutoTests" name="[7] /home/travis/build/icyphy/ptII/ptolemy/actor/lib/test/auto/ArrayAppend3.xml (RunModel)" time="0.04" />
  <testcase classname="ptolemy.util.test.junit.AutoTests" name="[8] /home/travis/build/icyphy/ptII/ptolemy/actor/lib/test/auto/ArrayAppend4.xml (RunModel)" time="0.029" />
  <testcase classname="ptolemy.util.test.junit.AutoTests" name="[9] /home/travis/build/icyphy/ptII/ptolemy/actor/lib/test/auto/ArrayAppend5.xml (RunModel)" time="0.027" />
  <testcase classname="ptolemy.util.test.junit.AutoTests" name="[10] /home/travis/build/icyphy/ptII/ptolemy/actor/lib/test/auto/ArrayAppend6.xml (RunModel)" time="0.045" />
  <testcase classname="ptolemy.util.test.junit.AutoTests" name="[11] /home/travis/build/icyphy/ptII/ptolemy/actor/lib/test/auto/ArrayAppendPerformanceTest.xml (RunModel)" time="0.074" />
  <testcase classname="ptolemy.util.test.junit.AutoTests" name="[12] /home/travis/build/icyphy/ptII/ptolemy/actor/lib/test/auto/ArrayAppendWithEmptyInput.xml (RunModel)" time="0.054" />
  <testcase classname="ptolemy.util.test.junit.AutoTests" name="[13] /home/travis/build/icyphy/ptII/ptolemy/actor/lib/test/auto/ArrayAverage.xml (RunModel)" time="0.07" />
  <testcase classname="ptolemy.util.test.junit.AutoTests" name="[14] /home/travis/build/icyphy/ptII/ptolemy/actor/lib/test/auto/ArrayContains.xml (RunModel)" time="0.035" />
  <testcase classname="ptolemy.util.test.junit.AutoTests" name="[15] /home/travis/build/icyphy/ptII/ptolemy/actor/lib/test/auto/ArrayElement.xml (RunModel)" time="0.032" />
  <testcase classname="ptolemy.util.test.junit.AutoTests" name="[16] /home/travis/build/icyphy/ptII/ptolemy/actor/lib/test/auto/ArrayElementAsMatrix.xml (RunModel)" time="0.084" />
  <testcase classname="ptolemy.util.test.junit.AutoTests" name="[17] /home/travis/build/icyphy/ptII/ptolemy/actor/lib/test/auto/ArrayElementI.xml (RunModel)" time="0.032" />
  <testcase classname="ptolemy.util.test.junit.AutoTests" name="[18] /home/travis/build/icyphy/ptII/ptolemy/actor/lib/test/auto/ArrayExtract.xml (RunModel)" time="0.041" />
  <testcase classname="ptolemy.util.test.junit.AutoTests" name="[19] /home/travis/build/icyphy/ptII/ptolemy/actor/lib/test/auto/ArrayExtract2.xml (RunModel)" time="0.019" />
  <testcase classname="ptolemy.util.test.junit.AutoTests" name="[20] /home/travis/build/icyphy/ptII/ptolemy/actor/lib/test/auto/ArrayLength.xml (RunModel)" time="0.025" />
  <testcase classname="ptolemy.util.test.junit.AutoTests" name="[21] /home/travis/build/icyphy/ptII/ptolemy/actor/lib/test/auto/ArrayLevelCrossing.xml (RunModel)" time="0.033" />
  <testcase classname="ptolemy.util.test.junit.AutoTests" name="[22] /home/travis/build/icyphy/ptII/ptolemy/actor/lib/test/auto/ArrayLevelCrossing2.xml (RunModel)" time="0.029" />
  <testcase classname="ptolemy.util.test.junit.AutoTests" name="[23] /home/travis/build/icyphy/ptII/ptolemy/actor/lib/test/auto/ArrayPeakSearch.xml (RunModel)" time="0.046" />
  <testcase classname="ptolemy.util.test.junit.AutoTests" name="[24] /home/travis/build/icyphy/ptII/ptolemy/actor/lib/test/auto/ArrayPeakSearch2.xml (RunModel)" time="0.044" />
  <testcase classname="ptolemy.util.test.junit.AutoTests" name="[25] /home/travis/build/icyphy/ptII/ptolemy/actor/lib/test/auto/ArrayPeakSearch3.xml (RunModel)" time="0.041" />
  <testcase classname="ptolemy.util.test.junit.AutoTests" name="[26] /home/travis/build/icyphy/ptII/ptolemy/actor/lib/test/auto/ArrayRemoveElement.xml (RunModel)" time="0.03" />
  <testcase classname="ptolemy.util.test.junit.AutoTests" name="[27] /home/travis/build/icyphy/ptII/ptolemy/actor/lib/test/auto/ArraySort.xml (RunModel)" time="0.036" />
  <testcase classname="ptolemy.util.test.junit.AutoTests" name="[28] /home/travis/build/icyphy/ptII/ptolemy/actor/lib/test/auto/ArraySum.xml (RunModel)" time="0.02" />
  <testcase classname="ptolemy.util.test.junit.AutoTests" name="[29] /home/travis/build/icyphy/ptII/ptolemy/actor/lib/test/auto/ArrayToElements.xml (RunModel)" time="0.034" />
  <testcase classname="ptolemy.util.test.junit.AutoTests" name="[30] /home/travis/build/icyphy/ptII/ptolemy/actor/lib/test/auto/ArrayToMatrix.xml (RunModel)" time="0.059" />
  <testcase classname="ptolemy.util.test.junit.AutoTests" name="[31] /home/travis/build/icyphy/ptII/ptolemy/actor/lib/test/auto/ArrayUpdate1.xml (RunModel)" time="0.021" />
  <testcase classname="ptolemy.util.test.junit.AutoTests" name="[32] /home/travis/build/icyphy/ptII/ptolemy/actor/lib/test/auto/ArrayUpdate2.xml (RunModel)" time="0.033" />
  <testcase classname="ptolemy.util.test.junit.AutoTests" name="[33] /home/travis/build/icyphy/ptII/ptolemy/actor/lib/test/auto/ArrayUpdate3.xml (RunModel)" time="0.029" />
  <testcase classname="ptolemy.util.test.junit.AutoTests" name="[34] /home/travis/build/icyphy/ptII/ptolemy/actor/lib/test/auto/Assert1.xml (RunModel)" time="0.027" />
  <testcase classname="ptolemy.util.test.junit.AutoTests" name="[35] /home/travis/build/icyphy/ptII/ptolemy/actor/lib/test/auto/Assert2.xml (RunModel)" time="0.013" />
  <testcase classname="ptolemy.util.test.junit.AutoTests" name="[36] /home/travis/build/icyphy/ptII/ptolemy/actor/lib/test/auto/BooleanMultiplexor.xml (RunModel)" time="0.019" />
  <testcase classname="ptolemy.util.test.junit.AutoTests" name="[37] /home/travis/build/icyphy/ptII/ptolemy/actor/lib/test/auto/BooleanMultiplexor2.xml (RunModel)" time="0.075" />
  <testcase classname="ptolemy.util.test.junit.AutoTests" name="[38] /home/travis/build/icyphy/ptII/ptolemy/actor/lib/test/auto/BooleanMultiplexor3.xml (RunModel)" time="0.031" />
  <testcase classname="ptolemy.util.test.junit.AutoTests" name="[39] /home/travis/build/icyphy/ptII/ptolemy/actor/lib/test/auto/BooleanSelect.xml (RunModel)" time="0.027" />
  <testcase classname="ptolemy.util.test.junit.AutoTests" name="[40] /home/travis/build/icyphy/ptII/ptolemy/actor/lib/test/auto/BooleanSelect2.xml (RunModel)" time="0.019" />
  <testcase classname="ptolemy.util.test.junit.AutoTests" name="[41] /home/travis/build/icyphy/ptII/ptolemy/actor/lib/test/auto/BooleanSwitch.xml (RunModel)" time="0.026" />
  <testcase classname="ptolemy.util.test.junit.AutoTests" name="[42] /home/travis/build/icyphy/ptII/ptolemy/actor/lib/test/auto/BooleanSwitch2.xml (RunModel)" time="0.016" />
  <testcase classname="ptolemy.util.test.junit.AutoTests" name="[43] /home/travis/build/icyphy/ptII/ptolemy/actor/lib/test/auto/BooleanSwitchCloningBugWithClassRelationGroup.xml (RunModel)" time="0.039" />
  <testcase classname="ptolemy.util.test.junit.AutoTests" name="[44] /home/travis/build/icyphy/ptII/ptolemy/actor/lib/test/auto/BusActors.xml (RunModel)" time="0.045" />
  <testcase classname="ptolemy.util.test.junit.AutoTests" name="[45] /home/travis/build/icyphy/ptII/ptolemy/actor/lib/test/auto/ClassWrapper.xml (RunModel)" time="0.029" />
  <testcase classname="ptolemy.util.test.junit.AutoTests" name="[46] /home/travis/build/icyphy/ptII/ptolemy/actor/lib/test/auto/Clock.xml (RunModel)" time="0.01" />
  <testcase classname="ptolemy.util.test.junit.AutoTests" name="[47] /home/travis/build/icyphy/ptII/ptolemy/actor/lib/test/auto/Clock10.xml (RunModel)" time="0.021" />
  <testcase classname="ptolemy.util.test.junit.AutoTests" name="[48] /home/travis/build/icyphy/ptII/ptolemy/actor/lib/test/auto/Clock11.xml (RunModel)" time="0.022" />
  <testcase classname="ptolemy.util.test.junit.AutoTests" name="[49] /home/travis/build/icyphy/ptII/ptolemy/actor/lib/test/auto/Clock12.xml (RunModel)" time="0.023" />
  <testcase classname="ptolemy.util.test.junit.AutoTests" name="[50] /home/travis/build/icyphy/ptII/ptolemy/actor/lib/test/auto/Clock13.xml (RunModel)" time="0.021" />
  <testcase classname="ptolemy.util.test.junit.AutoTests" name="[51] /home/travis/build/icyphy/ptII/ptolemy/actor/lib/test/auto/Clock14.xml (RunModel)" time="0.021" />
  <testcase classname="ptolemy.util.test.junit.AutoTests" name="[52] /home/travis/build/icyphy/ptII/ptolemy/actor/lib/test/auto/Clock15.xml (RunModel)" time="0.016" />
  <testcase classname="ptolemy.util.test.junit.AutoTests" name="[53] /home/travis/build/icyphy/ptII/ptolemy/actor/lib/test/auto/Clock16.xml (RunModel)" time="0.101" />
  <testcase classname="ptolemy.util.test.junit.AutoTests" name="[54] /home/travis/build/icyphy/ptII/ptolemy/actor/lib/test/auto/Clock17.xml (RunModel)" time="0.082" />
  <testcase classname="ptolemy.util.test.junit.AutoTests" name="[55] /home/travis/build/icyphy/ptII/ptolemy/actor/lib/test/auto/Clock18.xml (RunModel)" time="0.051" />
  <testcase classname="ptolemy.util.test.junit.AutoTests" name="[56] /home/travis/build/icyphy/ptII/ptolemy/actor/lib/test/auto/Clock19.xml (RunModel)" time="0.048" />
  <testcase classname="ptolemy.util.test.junit.AutoTests" name="[57] /home/travis/build/icyphy/ptII/ptolemy/actor/lib/test/auto/Clock2.xml (RunModel)" time="0.017" />
  <testcase classname="ptolemy.util.test.junit.AutoTests" name="[58] /home/travis/build/icyphy/ptII/ptolemy/actor/lib/test/auto/Clock20.xml (RunModel)" time="0.026" />
  <testcase classname="ptolemy.util.test.junit.AutoTests" name="[59] /home/travis/build/icyphy/ptII/ptolemy/actor/lib/test/auto/Clock21.xml (RunModel)" time="0.022" />
  <testcase classname="ptolemy.util.test.junit.AutoTests" name="[60] /home/travis/build/icyphy/ptII/ptolemy/actor/lib/test/auto/Clock22.xml (RunModel)" time="0.018" />
  <testcase classname="ptolemy.util.test.junit.AutoTests" name="[61] /home/travis/build/icyphy/ptII/ptolemy/actor/lib/test/auto/Clock23.xml (RunModel)" time="0.025" />
  <testcase classname="ptolemy.util.test.junit.AutoTests" name="[62] /home/travis/build/icyphy/ptII/ptolemy/actor/lib/test/auto/Clock24.xml (RunModel)" time="0.021" />
  <testcase classname="ptolemy.util.test.junit.AutoTests" name="[63] /home/travis/build/icyphy/ptII/ptolemy/actor/lib/test/auto/Clock4.xml (RunModel)" time="0.018" />
  <testcase classname="ptolemy.util.test.junit.AutoTests" name="[64] /home/travis/build/icyphy/ptII/ptolemy/actor/lib/test/auto/Clock5.xml (RunModel)" time="0.029" />
  <testcase classname="ptolemy.util.test.junit.AutoTests" name="[65] /home/travis/build/icyphy/ptII/ptolemy/actor/lib/test/auto/Clock6.xml (RunModel)" time="0.013" />
  <testcase classname="ptolemy.util.test.junit.AutoTests" name="[66] /home/travis/build/icyphy/ptII/ptolemy/actor/lib/test/auto/Clock7.xml (RunModel)" time="0.014" />
  <testcase classname="ptolemy.util.test.junit.AutoTests" name="[67] /home/travis/build/icyphy/ptII/ptolemy/actor/lib/test/auto/Clock8.xml (RunModel)" time="0.018" />
  <testcase classname="ptolemy.util.test.junit.AutoTests" name="[68] /home/travis/build/icyphy/ptII/ptolemy/actor/lib/test/auto/Clock9.xml (RunModel)" time="0.018" />
  <testcase classname="ptolemy.util.test.junit.AutoTests" name="[69] /home/travis/build/icyphy/ptII/ptolemy/actor/lib/test/auto/CommDistDiscard.xml (RunModel)" time="0.033" />
  <testcase classname="ptolemy.util.test.junit.AutoTests" name="[70] /home/travis/build/icyphy/ptII/ptolemy/actor/lib/test/auto/Commutator.xml (RunModel)" time="0.018" />
  <testcase classname="ptolemy.util.test.junit.AutoTests" name="[71] /home/travis/build/icyphy/ptII/ptolemy/actor/lib/test/auto/Commutator2.xml (RunModel)" time="0.015" />
  <testcase classname="ptolemy.util.test.junit.AutoTests" name="[72] /home/travis/build/icyphy/ptII/ptolemy/actor/lib/test/auto/Commutator3.xml (RunModel)" time="0.017" />
  <testcase classname="ptolemy.util.test.junit.AutoTests" name="[73] /home/travis/build/icyphy/ptII/ptolemy/actor/lib/test/auto/Compare.xml (RunModel)" time="0.026" />
  <testcase classname="ptolemy.util.test.junit.AutoTests" name="[74] /home/travis/build/icyphy/ptII/ptolemy/actor/lib/test/auto/CompareDE.xml (RunModel)" time="0.027" />
  <testcase classname="ptolemy.util.test.junit.AutoTests" name="[75] /home/travis/build/icyphy/ptII/ptolemy/actor/lib/test/auto/ComplexDivide.xml (RunModel)" time="0.012" />
  <testcase classname="ptolemy.util.test.junit.AutoTests" name="[76] /home/travis/build/icyphy/ptII/ptolemy/actor/lib/test/auto/ComputeHistogram.xml (RunModel)" time="0.087" />
  <testcase classname="ptolemy.util.test.junit.AutoTests" name="[77] /home/travis/build/icyphy/ptII/ptolemy/actor/lib/test/auto/ConfigurationSelect.xml (RunModel)" time="0.03" />
  <testcase classname="ptolemy.util.test.junit.AutoTests" name="[78] /home/travis/build/icyphy/ptII/ptolemy/actor/lib/test/auto/ConfigurationSelect2.xml (RunModel)" time="0.021" />
  <testcase classname="ptolemy.util.test.junit.AutoTests" name="[79] /home/travis/build/icyphy/ptII/ptolemy/actor/lib/test/auto/ConfigurationSwitch.xml (RunModel)" time="0.032" />
  <testcase classname="ptolemy.util.test.junit.AutoTests" name="[80] /home/travis/build/icyphy/ptII/ptolemy/actor/lib/test/auto/ConfigurationSwitch2.xml (RunModel)" time="0.043" />
  <testcase classname="ptolemy.util.test.junit.AutoTests" name="[81] /home/travis/build/icyphy/ptII/ptolemy/actor/lib/test/auto/ConfigurationSwitchCloningBugWithClassRelationGroup.xml (RunModel)" time="0.031" />
  <testcase classname="ptolemy.util.test.junit.AutoTests" name="[82] /home/travis/build/icyphy/ptII/ptolemy/actor/lib/test/auto/ConfigurationSwitchSelectSDF.xml (RunModel)" time="0.023" />
  <testcase classname="ptolemy.util.test.junit.AutoTests" name="[83] /home/travis/build/icyphy/ptII/ptolemy/actor/lib/test/auto/ConfigurationSwitchSelectSDF2.xml (RunModel)" time="0.026" />
  <testcase classname="ptolemy.util.test.junit.AutoTests" name="[84] /home/travis/build/icyphy/ptII/ptolemy/actor/lib/test/auto/Const.xml (RunModel)" time="0.01" />
  <testcase classname="ptolemy.util.test.junit.AutoTests" name="[85] /home/travis/build/icyphy/ptII/ptolemy/actor/lib/test/auto/Const2.xml (RunModel)" time="0.017" />
  <testcase classname="ptolemy.util.test.junit.AutoTests" name="[86] /home/travis/build/icyphy/ptII/ptolemy/actor/lib/test/auto/Const3.xml (RunModel)" time="0.011" />
  <testcase classname="ptolemy.util.test.junit.AutoTests" name="[87] /home/travis/build/icyphy/ptII/ptolemy/actor/lib/test/auto/ConstantPublisherPort1.xml (RunModel)" time="0.029" />
  <testcase classname="ptolemy.util.test.junit.AutoTests" name="[88] /home/travis/build/icyphy/ptII/ptolemy/actor/lib/test/auto/ConstantPublisherPort2.xml (RunModel)" time="0.028" />
  <testcase classname="ptolemy.util.test.junit.AutoTests" name="[89] /home/travis/build/icyphy/ptII/ptolemy/actor/lib/test/auto/ConstantPublisherPort3.xml (RunModel)" time="0.028" />
  <testcase classname="ptolemy.util.test.junit.AutoTests" name="[90] /home/travis/build/icyphy/ptII/ptolemy/actor/lib/test/auto/ConstantPublisherPort4.xml (RunModel)" time="0.023" />
  <testcase classname="ptolemy.util.test.junit.AutoTests" name="[91] /home/travis/build/icyphy/ptII/ptolemy/actor/lib/test/auto/ConstantPublisherPort5.xml (RunModel)" time="0.058" />
  <testcase classname="ptolemy.util.test.junit.AutoTests" name="[92] /home/travis/build/icyphy/ptII/ptolemy/actor/lib/test/auto/ConstantPublisherPort6.xml (RunModel)" time="0.038" />
  <testcase classname="ptolemy.util.test.junit.AutoTests" name="[93] /home/travis/build/icyphy/ptII/ptolemy/actor/lib/test/auto/ConstantPublisherPort7.xml (RunModel)" time="0.038" />
  <testcase classname="ptolemy.util.test.junit.AutoTests" name="[94] /home/travis/build/icyphy/ptII/ptolemy/actor/lib/test/auto/ConstraintMonitor1.xml (RunModel)" time="0.05" />
  <testcase classname="ptolemy.util.test.junit.AutoTests" name="[95] /home/travis/build/icyphy/ptII/ptolemy/actor/lib/test/auto/ConstraintMonitor2.xml (RunModel)" time="0.017" />
  <testcase classname="ptolemy.util.test.junit.AutoTests" name="[96] /home/travis/build/icyphy/ptII/ptolemy/actor/lib/test/auto/ConstraintMonitor3.xml (RunModel)" time="0.02" />
  <testcase classname="ptolemy.util.test.junit.AutoTests" name="[97] /home/travis/build/icyphy/ptII/ptolemy/actor/lib/test/auto/ConstraintMonitor4.xml (RunModel)" time="0.019" />
  <testcase classname="ptolemy.util.test.junit.AutoTests" name="[98] /home/travis/build/icyphy/ptII/ptolemy/actor/lib/test/auto/ConstraintMonitor5.xml (RunModel)" time="0.018" />
  <testcase classname="ptolemy.util.test.junit.AutoTests" name="[99] /home/travis/build/icyphy/ptII/ptolemy/actor/lib/test/auto/ConstraintMonitor6.xml (RunModel)" time="0.024" />
  <testcase classname="ptolemy.util.test.junit.AutoTests" name="[100] /home/travis/build/icyphy/ptII/ptolemy/actor/lib/test/auto/ConstraintMonitor7.xml (RunModel)" time="0.024" />
  <testcase classname="ptolemy.util.test.junit.AutoTests" name="[101] /home/travis/build/icyphy/ptII/ptolemy/actor/lib/test/auto/ConstraintMonitor8.xml (RunModel)" time="0.022" />
  <testcase classname="ptolemy.util.test.junit.AutoTests" name="[102] /home/travis/build/icyphy/ptII/ptolemy/actor/lib/test/auto/Counter.xml (RunModel)" time="0.014" />
  <testcase classname="ptolemy.util.test.junit.AutoTests" name="[103] /home/travis/build/icyphy/ptII/ptolemy/actor/lib/test/auto/CurrentTimeSDF.xml (RunModel)" time="0.012" />
  <testcase classname="ptolemy.util.test.junit.AutoTests" name="[104] /home/travis/build/icyphy/ptII/ptolemy/actor/lib/test/auto/DB.xml (RunModel)" time="0.012" />
  <testcase classname="ptolemy.util.test.junit.AutoTests" name="[105] /home/travis/build/icyphy/ptII/ptolemy/actor/lib/test/auto/DBDE.xml (RunModel)" time="0.013" />
  <testcase classname="ptolemy.util.test.junit.AutoTests" name="[106] /home/travis/build/icyphy/ptII/ptolemy/actor/lib/test/auto/DateConstructor.xml (RunModel)" time="0.068" />
  <testcase classname="ptolemy.util.test.junit.AutoTests" name="[107] /home/travis/build/icyphy/ptII/ptolemy/actor/lib/test/auto/DelayTime.xml (RunModel)" time="0.059" />
  <testcase classname="ptolemy.util.test.junit.AutoTests" name="[108] /home/travis/build/icyphy/ptII/ptolemy/actor/lib/test/auto/Dictionary1.xml (RunModel)" time="0.023" />
  <testcase classname="ptolemy.util.test.junit.AutoTests" name="[109] /home/travis/build/icyphy/ptII/ptolemy/actor/lib/test/auto/Dictionary2.xml (RunModel)" time="0.021" />
  <testcase classname="ptolemy.util.test.junit.AutoTests" name="[110] /home/travis/build/icyphy/ptII/ptolemy/actor/lib/test/auto/Dictionary3.xml (RunModel)" time="0.014" />
  <testcase classname="ptolemy.util.test.junit.AutoTests" name="[111] /home/travis/build/icyphy/ptII/ptolemy/actor/lib/test/auto/Dictionary4.xml (RunModel)" time="0.018" />
  <testcase classname="ptolemy.util.test.junit.AutoTests" name="[112] /home/travis/build/icyphy/ptII/ptolemy/actor/lib/test/auto/Differential.xml (RunModel)" time="0.018" />
  <testcase classname="ptolemy.util.test.junit.AutoTests" name="[113] /home/travis/build/icyphy/ptII/ptolemy/actor/lib/test/auto/Director.xml (RunModel)" time="0.013" />
  <testcase classname="ptolemy.util.test.junit.AutoTests" name="[114] /home/travis/build/icyphy/ptII/ptolemy/actor/lib/test/auto/DiscreteClock.xml (RunModel)" time="0.01" />
  <testcase classname="ptolemy.util.test.junit.AutoTests" name="[115] /home/travis/build/icyphy/ptII/ptolemy/actor/lib/test/auto/DiscreteClock10.xml (RunModel)" time="0.016" />
  <testcase classname="ptolemy.util.test.junit.AutoTests" name="[116] /home/travis/build/icyphy/ptII/ptolemy/actor/lib/test/auto/DiscreteClock11.xml (RunModel)" time="0.013" />
  <testcase classname="ptolemy.util.test.junit.AutoTests" name="[117] /home/travis/build/icyphy/ptII/ptolemy/actor/lib/test/auto/DiscreteClock12.xml (RunModel)" time="0.013" />
  <testcase classname="ptolemy.util.test.junit.AutoTests" name="[118] /home/travis/build/icyphy/ptII/ptolemy/actor/lib/test/auto/DiscreteClock13.xml (RunModel)" time="0.016" />
  <testcase classname="ptolemy.util.test.junit.AutoTests" name="[119] /home/travis/build/icyphy/ptII/ptolemy/actor/lib/test/auto/DiscreteClock14.xml (RunModel)" time="0.015" />
  <testcase classname="ptolemy.util.test.junit.AutoTests" name="[120] /home/travis/build/icyphy/ptII/ptolemy/actor/lib/test/auto/DiscreteClock15.xml (RunModel)" time="0.015" />
  <testcase classname="ptolemy.util.test.junit.AutoTests" name="[121] /home/travis/build/icyphy/ptII/ptolemy/actor/lib/test/auto/DiscreteClock16.xml (RunModel)" time="0.038" />
  <testcase classname="ptolemy.util.test.junit.AutoTests" name="[122] /home/travis/build/icyphy/ptII/ptolemy/actor/lib/test/auto/DiscreteClock17.xml (RunModel)" time="0.038" />
  <testcase classname="ptolemy.util.test.junit.AutoTests" name="[123] /home/travis/build/icyphy/ptII/ptolemy/actor/lib/test/auto/DiscreteClock18.xml (RunModel)" time="0.037" />
  <testcase classname="ptolemy.util.test.junit.AutoTests" name="[124] /home/travis/build/icyphy/ptII/ptolemy/actor/lib/test/auto/DiscreteClock19.xml (RunModel)" time="0.054" />
  <testcase classname="ptolemy.util.test.junit.AutoTests" name="[125] /home/travis/build/icyphy/ptII/ptolemy/actor/lib/test/auto/DiscreteClock2.xml (RunModel)" time="0.017" />
  <testcase classname="ptolemy.util.test.junit.AutoTests" name="[126] /home/travis/build/icyphy/ptII/ptolemy/actor/lib/test/auto/DiscreteClock20.xml (RunModel)" time="0.022" />
  <testcase classname="ptolemy.util.test.junit.AutoTests" name="[127] /home/travis/build/icyphy/ptII/ptolemy/actor/lib/test/auto/DiscreteClock21.xml (RunModel)" time="0.02" />
  <testcase classname="ptolemy.util.test.junit.AutoTests" name="[128] /home/travis/build/icyphy/ptII/ptolemy/actor/lib/test/auto/DiscreteClock22.xml (RunModel)" time="0.015" />
  <testcase classname="ptolemy.util.test.junit.AutoTests" name="[129] /home/travis/build/icyphy/ptII/ptolemy/actor/lib/test/auto/DiscreteClock23.xml (RunModel)" time="0.025" />
  <testcase classname="ptolemy.util.test.junit.AutoTests" name="[130] /home/travis/build/icyphy/ptII/ptolemy/actor/lib/test/auto/DiscreteClock24.xml (RunModel)" time="0.018" />
  <testcase classname="ptolemy.util.test.junit.AutoTests" name="[131] /home/travis/build/icyphy/ptII/ptolemy/actor/lib/test/auto/DiscreteClock4.xml (RunModel)" time="0.018" />
  <testcase classname="ptolemy.util.test.junit.AutoTests" name="[132] /home/travis/build/icyphy/ptII/ptolemy/actor/lib/test/auto/DiscreteClock5.xml (RunModel)" time="0.011" />
  <testcase classname="ptolemy.util.test.junit.AutoTests" name="[133] /home/travis/build/icyphy/ptII/ptolemy/actor/lib/test/auto/DiscreteClock6.xml (RunModel)" time="0.013" />
  <testcase classname="ptolemy.util.test.junit.AutoTests" name="[134] /home/travis/build/icyphy/ptII/ptolemy/actor/lib/test/auto/DiscreteClock7.xml (RunModel)" time="0.012" />
  <testcase classname="ptolemy.util.test.junit.AutoTests" name="[135] /home/travis/build/icyphy/ptII/ptolemy/actor/lib/test/auto/DiscreteClock8.xml (RunModel)" time="0.02" />
  <testcase classname="ptolemy.util.test.junit.AutoTests" name="[136] /home/travis/build/icyphy/ptII/ptolemy/actor/lib/test/auto/DiscreteClock9.xml (RunModel)" time="0.014" />
  <testcase classname="ptolemy.util.test.junit.AutoTests" name="[137] /home/travis/build/icyphy/ptII/ptolemy/actor/lib/test/auto/DisplayArray.xml (RunModel)" time="0.014" />
  <testcase classname="ptolemy.util.test.junit.AutoTests" name="[138] /home/travis/build/icyphy/ptII/ptolemy/actor/lib/test/auto/Distributor.xml (RunModel)" time="0.011" />
  <testcase classname="ptolemy.util.test.junit.AutoTests" name="[139] /home/travis/build/icyphy/ptII/ptolemy/actor/lib/test/auto/Distributor2.xml (RunModel)" time="0.021" />
  <testcase classname="ptolemy.util.test.junit.AutoTests" name="[140] /home/travis/build/icyphy/ptII/ptolemy/actor/lib/test/auto/DownSample.xml (RunModel)" time="0.012" />
  <testcase classname="ptolemy.util.test.junit.AutoTests" name="[141] /home/travis/build/icyphy/ptII/ptolemy/actor/lib/test/auto/ElectronicUnitBase1.xml (RunModel)" time="0.106" />
  <testcase classname="ptolemy.util.test.junit.AutoTests" name="[142] /home/travis/build/icyphy/ptII/ptolemy/actor/lib/test/auto/ElementsToArray.xml (RunModel)" time="0.012" />
  <testcase classname="ptolemy.util.test.junit.AutoTests" name="[143] /home/travis/build/icyphy/ptII/ptolemy/actor/lib/test/auto/Equals.xml (RunModel)" time="0.018" />
  <testcase classname="ptolemy.util.test.junit.AutoTests" name="[144] /home/travis/build/icyphy/ptII/ptolemy/actor/lib/test/auto/Exec.xml (RunModel)" time="0.032" />
  <testcase classname="ptolemy.util.test.junit.AutoTests" name="[145] /home/travis/build/icyphy/ptII/ptolemy/actor/lib/test/auto/ExecEnvironment.xml (RunModel)" time="0.054" />
  <testcase classname="ptolemy.util.test.junit.AutoTests" name="[146] /home/travis/build/icyphy/ptII/ptolemy/actor/lib/test/auto/ExecNonZeroReturnOutput.xml (RunModel)" time="0.229" />
  <testcase classname="ptolemy.util.test.junit.AutoTests" name="[147] /home/travis/build/icyphy/ptII/ptolemy/actor/lib/test/auto/ExecRunDemos.xml (RunModel)" time="10.934" />
  <testcase classname="ptolemy.util.test.junit.AutoTests" name="[148] /home/travis/build/icyphy/ptII/ptolemy/actor/lib/test/auto/ExecStop.xml (RunModel)" time="5.033" />
  <testcase classname="ptolemy.util.test.junit.AutoTests" name="[149] /home/travis/build/icyphy/ptII/ptolemy/actor/lib/test/auto/ExecutionTimeSDF.xml (RunModel)" time="6.03" />
  <testcase classname="ptolemy.util.test.junit.AutoTests" name="[150] /home/travis/build/icyphy/ptII/ptolemy/actor/lib/test/auto/Expression1.xml (RunModel)" time="0.022" />
  <testcase classname="ptolemy.util.test.junit.AutoTests" name="[151] /home/travis/build/icyphy/ptII/ptolemy/actor/lib/test/auto/Expression10.xml (RunModel)" time="0.026" />
  <testcase classname="ptolemy.util.test.junit.AutoTests" name="[152] /home/travis/build/icyphy/ptII/ptolemy/actor/lib/test/auto/Expression11.xml (RunModel)" time="0.015" />
  <testcase classname="ptolemy.util.test.junit.AutoTests" name="[153] /home/travis/build/icyphy/ptII/ptolemy/actor/lib/test/auto/Expression12.xml (RunModel)" time="0.013" />
  <testcase classname="ptolemy.util.test.junit.AutoTests" name="[154] /home/travis/build/icyphy/ptII/ptolemy/actor/lib/test/auto/Expression13.xml (RunModel)" time="0.012" />
  <testcase classname="ptolemy.util.test.junit.AutoTests" name="[155] /home/travis/build/icyphy/ptII/ptolemy/actor/lib/test/auto/Expression14.xml (RunModel)" time="0.016" />
  <testcase classname="ptolemy.util.test.junit.AutoTests" name="[156] /home/travis/build/icyphy/ptII/ptolemy/actor/lib/test/auto/Expression15.xml (RunModel)" time="0.008" />
  <testcase classname="ptolemy.util.test.junit.AutoTests" name="[157] /home/travis/build/icyphy/ptII/ptolemy/actor/lib/test/auto/Expression16.xml (RunModel)" time="0.017" />
  <testcase classname="ptolemy.util.test.junit.AutoTests" name="[158] /home/travis/build/icyphy/ptII/ptolemy/actor/lib/test/auto/Expression17.xml (RunModel)" time="0.011" />
  <testcase classname="ptolemy.util.test.junit.AutoTests" name="[159] /home/travis/build/icyphy/ptII/ptolemy/actor/lib/test/auto/Expression18.xml (RunModel)" time="0.013" />
  <testcase classname="ptolemy.util.test.junit.AutoTests" name="[160] /home/travis/build/icyphy/ptII/ptolemy/actor/lib/test/auto/Expression2.xml (RunModel)" time="0.012" />
  <testcase classname="ptolemy.util.test.junit.AutoTests" name="[161] /home/travis/build/icyphy/ptII/ptolemy/actor/lib/test/auto/Expression3.xml (RunModel)" time="0.017" />
  <testcase classname="ptolemy.util.test.junit.AutoTests" name="[162] /home/travis/build/icyphy/ptII/ptolemy/actor/lib/test/auto/Expression4.xml (RunModel)" time="0.021" />
  <testcase classname="ptolemy.util.test.junit.AutoTests" name="[163] /home/travis/build/icyphy/ptII/ptolemy/actor/lib/test/auto/Expression5.xml (RunModel)" time="0.014" />
  <testcase classname="ptolemy.util.test.junit.AutoTests" name="[164] /home/travis/build/icyphy/ptII/ptolemy/actor/lib/test/auto/Expression6.xml (RunModel)" time="0.014" />
  <testcase classname="ptolemy.util.test.junit.AutoTests" name="[165] /home/travis/build/icyphy/ptII/ptolemy/actor/lib/test/auto/Expression7.xml (RunModel)" time="0.013" />
  <testcase classname="ptolemy.util.test.junit.AutoTests" name="[166] /home/travis/build/icyphy/ptII/ptolemy/actor/lib/test/auto/Expression8.xml (RunModel)" time="0.016" />
  <testcase classname="ptolemy.util.test.junit.AutoTests" name="[167] /home/travis/build/icyphy/ptII/ptolemy/actor/lib/test/auto/Expression9.xml (RunModel)" time="0.008" />
  <testcase classname="ptolemy.util.test.junit.AutoTests" name="[168] /home/travis/build/icyphy/ptII/ptolemy/actor/lib/test/auto/ExpressionConcatenateArrayType.xml (RunModel)" time="0.031" />
  <testcase classname="ptolemy.util.test.junit.AutoTests" name="[169] /home/travis/build/icyphy/ptII/ptolemy/actor/lib/test/auto/ExpressionConcatenateArrayType2.xml (RunModel)" time="0.031" />
  <testcase classname="ptolemy.util.test.junit.AutoTests" name="[170] /home/travis/build/icyphy/ptII/ptolemy/actor/lib/test/auto/ExpressionFix.xml (RunModel)" time="0.052" />
  <testcase classname="ptolemy.util.test.junit.AutoTests" name="[171] /home/travis/build/icyphy/ptII/ptolemy/actor/lib/test/auto/ExpressionFix2.xml (RunModel)" time="0.021" />
  <testcase classname="ptolemy.util.test.junit.AutoTests" name="[172] /home/travis/build/icyphy/ptII/ptolemy/actor/lib/test/auto/ExpressionFix3.xml (RunModel)" time="0.013" />
  <testcase classname="ptolemy.util.test.junit.AutoTests" name="[173] /home/travis/build/icyphy/ptII/ptolemy/actor/lib/test/auto/FileWriter1.xml (RunModel)" time="0.009" />
  <testcase classname="ptolemy.util.test.junit.AutoTests" name="[174] /home/travis/build/icyphy/ptII/ptolemy/actor/lib/test/auto/FileWriter2.xml (RunModel)" time="0.01" />
  <testcase classname="ptolemy.util.test.junit.AutoTests" name="[175] /home/travis/build/icyphy/ptII/ptolemy/actor/lib/test/auto/FileWriter3.xml (RunModel)" time="0.014" />
  <testcase classname="ptolemy.util.test.junit.AutoTests" name="[176] /home/travis/build/icyphy/ptII/ptolemy/actor/lib/test/auto/Gaussian.xml (RunModel)" time="0.012" />
  <testcase classname="ptolemy.util.test.junit.AutoTests" name="[177] /home/travis/build/icyphy/ptII/ptolemy/actor/lib/test/auto/Gaussian1.xml (RunModel)" time="0.015" />
  <testcase classname="ptolemy.util.test.junit.AutoTests" name="[178] /home/travis/build/icyphy/ptII/ptolemy/actor/lib/test/auto/Gaussian2.xml (RunModel)" time="0.016" />
  <testcase classname="ptolemy.util.test.junit.AutoTests" name="[179] /home/travis/build/icyphy/ptII/ptolemy/actor/lib/test/auto/GradientAdaptiveLattice.xml (RunModel)" time="0.02" />
  <testcase classname="ptolemy.util.test.junit.AutoTests" name="[180] /home/travis/build/icyphy/ptII/ptolemy/actor/lib/test/auto/IIR.xml (RunModel)" time="0.01" />
  <testcase classname="ptolemy.util.test.junit.AutoTests" name="[181] /home/travis/build/icyphy/ptII/ptolemy/actor/lib/test/auto/InputOutputTransparentPorts.xml (RunModel)" time="0.022" />
  <testcase classname="ptolemy.util.test.junit.AutoTests" name="[182] /home/travis/build/icyphy/ptII/ptolemy/actor/lib/test/auto/Interpolator.xml (RunModel)" time="0.013" />
  <testcase classname="ptolemy.util.test.junit.AutoTests" name="[183] /home/travis/build/icyphy/ptII/ptolemy/actor/lib/test/auto/InterpolatorFiringLimitDE.xml (RunModel)" time="0.015" />
  <testcase classname="ptolemy.util.test.junit.AutoTests" name="[184] /home/travis/build/icyphy/ptII/ptolemy/actor/lib/test/auto/Lattice.xml (RunModel)" time="0.009" />
  <testcase classname="ptolemy.util.test.junit.AutoTests" name="[185] /home/travis/build/icyphy/ptII/ptolemy/actor/lib/test/auto/LazyAOCTestLazy.xml (RunModel)" time="0.032" />
  <testcase classname="ptolemy.util.test.junit.AutoTests" name="[186] /home/travis/build/icyphy/ptII/ptolemy/actor/lib/test/auto/LazyAOCTestNonLazy.xml (RunModel)" time="0.022" />
  <testcase classname="ptolemy.util.test.junit.AutoTests" name="[187] /home/travis/build/icyphy/ptII/ptolemy/actor/lib/test/auto/LazyInnerClass.xml (RunModel)" time="0.05" />
  <testcase classname="ptolemy.util.test.junit.AutoTests" name="[188] /home/travis/build/icyphy/ptII/ptolemy/actor/lib/test/auto/LazyPubSub.xml (RunModel)" time="0.043" />
  <testcase classname="ptolemy.util.test.junit.AutoTests" name="[189] /home/travis/build/icyphy/ptII/ptolemy/actor/lib/test/auto/LazyPubSub2.xml (RunModel)" time="0.116" />
  <testcase classname="ptolemy.util.test.junit.AutoTests" name="[190] /home/travis/build/icyphy/ptII/ptolemy/actor/lib/test/auto/LazyPubSub3.xml (RunModel)" time="0.035" />
  <testcase classname="ptolemy.util.test.junit.AutoTests" name="[191] /home/travis/build/icyphy/ptII/ptolemy/actor/lib/test/auto/LazySubClassModel.xml (RunModel)" time="0.022" />
  <testcase classname="ptolemy.util.test.junit.AutoTests" name="[192] /home/travis/build/icyphy/ptII/ptolemy/actor/lib/test/auto/LevelCrossTest1.xml (RunModel)" time="0.01" />
  <testcase classname="ptolemy.util.test.junit.AutoTests" name="[193] /home/travis/build/icyphy/ptII/ptolemy/actor/lib/test/auto/LevelCrossTest10.xml (RunModel)" time="0.016" />
  <testcase classname="ptolemy.util.test.junit.AutoTests" name="[194] /home/travis/build/icyphy/ptII/ptolemy/actor/lib/test/auto/LevelCrossTest11.xml (RunModel)" time="0.018" />
  <testcase classname="ptolemy.util.test.junit.AutoTests" name="[195] /home/travis/build/icyphy/ptII/ptolemy/actor/lib/test/auto/LevelCrossTest12.xml (RunModel)" time="0.017" />
  <testcase classname="ptolemy.util.test.junit.AutoTests" name="[196] /home/travis/build/icyphy/ptII/ptolemy/actor/lib/test/auto/LevelCrossTest13.xml (RunModel)" time="0.014" />
  <testcase classname="ptolemy.util.test.junit.AutoTests" name="[197] /home/travis/build/icyphy/ptII/ptolemy/actor/lib/test/auto/LevelCrossTest2.xml (RunModel)" time="0.01" />
  <testcase classname="ptolemy.util.test.junit.AutoTests" name="[198] /home/travis/build/icyphy/ptII/ptolemy/actor/lib/test/auto/LevelCrossTest3.xml (RunModel)" time="0.012" />
  <testcase classname="ptolemy.util.test.junit.AutoTests" name="[199] /home/travis/build/icyphy/ptII/ptolemy/actor/lib/test/auto/LevelCrossTest4.xml (RunModel)" time="0.012" />
  <testcase classname="ptolemy.util.test.junit.AutoTests" name="[200] /home/travis/build/icyphy/ptII/ptolemy/actor/lib/test/auto/LevelCrossTest5.xml (RunModel)" time="0.015" />
  <testcase classname="ptolemy.util.test.junit.AutoTests" name="[201] /home/travis/build/icyphy/ptII/ptolemy/actor/lib/test/auto/LevelCrossTest6.xml (RunModel)" time="0.017" />
  <testcase classname="ptolemy.util.test.junit.AutoTests" name="[202] /home/travis/build/icyphy/ptII/ptolemy/actor/lib/test/auto/LevelCrossTest7.xml (RunModel)" time="0.023" />
  <testcase classname="ptolemy.util.test.junit.AutoTests" name="[203] /home/travis/build/icyphy/ptII/ptolemy/actor/lib/test/auto/LevelCrossTest8.xml (RunModel)" time="0.015" />
  <testcase classname="ptolemy.util.test.junit.AutoTests" name="[204] /home/travis/build/icyphy/ptII/ptolemy/actor/lib/test/auto/LevelCrossTest9.xml (RunModel)" time="0.016" />
  <testcase classname="ptolemy.util.test.junit.AutoTests" name="[205] /home/travis/build/icyphy/ptII/ptolemy/actor/lib/test/auto/LevinsonDurbin.xml (RunModel)" time="0.011" />
  <testcase classname="ptolemy.util.test.junit.AutoTests" name="[206] /home/travis/build/icyphy/ptII/ptolemy/actor/lib/test/auto/LevinsonDurbin2.xml (RunModel)" time="0.011" />
  <testcase classname="ptolemy.util.test.junit.AutoTests" name="[207] /home/travis/build/icyphy/ptII/ptolemy/actor/lib/test/auto/LevinsonDurbin3.xml (RunModel)" time="0.014" />
  <testcase classname="ptolemy.util.test.junit.AutoTests" name="[208] /home/travis/build/icyphy/ptII/ptolemy/actor/lib/test/auto/Limiter.xml (RunModel)" time="0.044" />
  <testcase classname="ptolemy.util.test.junit.AutoTests" name="[209] /home/travis/build/icyphy/ptII/ptolemy/actor/lib/test/auto/LinearDifferenceEquationSystem.xml (RunModel)" time="0.023" />
  <testcase classname="ptolemy.util.test.junit.AutoTests" name="[210] /home/travis/build/icyphy/ptII/ptolemy/actor/lib/test/auto/LookupTable.xml (RunModel)" time="0.011" />
  <testcase classname="ptolemy.util.test.junit.AutoTests" name="[211] /home/travis/build/icyphy/ptII/ptolemy/actor/lib/test/auto/MathFunction.xml (RunModel)" time="0.019" />
  <testcase classname="ptolemy.util.test.junit.AutoTests" name="[212] /home/travis/build/icyphy/ptII/ptolemy/actor/lib/test/auto/MathFunction2.xml (RunModel)" time="0.019" />
  <testcase classname="ptolemy.util.test.junit.AutoTests" name="[213] /home/travis/build/icyphy/ptII/ptolemy/actor/lib/test/auto/MathFunction3.xml (RunModel)" time="0.029" />
  <testcase classname="ptolemy.util.test.junit.AutoTests" name="[214] /home/travis/build/icyphy/ptII/ptolemy/actor/lib/test/auto/MatrixCropBoolean.xml (RunModel)" time="0.015" />
  <testcase classname="ptolemy.util.test.junit.AutoTests" name="[215] /home/travis/build/icyphy/ptII/ptolemy/actor/lib/test/auto/MatrixCropComplex.xml (RunModel)" time="0.015" />
  <testcase classname="ptolemy.util.test.junit.AutoTests" name="[216] /home/travis/build/icyphy/ptII/ptolemy/actor/lib/test/auto/MatrixCropDouble.xml (RunModel)" time="0.01" />
  <testcase classname="ptolemy.util.test.junit.AutoTests" name="[217] /home/travis/build/icyphy/ptII/ptolemy/actor/lib/test/auto/MatrixCropFix.xml (RunModel)" time="0.015" />
  <testcase classname="ptolemy.util.test.junit.AutoTests" name="[218] /home/travis/build/icyphy/ptII/ptolemy/actor/lib/test/auto/MatrixCropInt.xml (RunModel)" time="0.012" />
  <testcase classname="ptolemy.util.test.junit.AutoTests" name="[219] /home/travis/build/icyphy/ptII/ptolemy/actor/lib/test/auto/MatrixCropLong.xml (RunModel)" time="0.01" />
  <testcase classname="ptolemy.util.test.junit.AutoTests" name="[220] /home/travis/build/icyphy/ptII/ptolemy/actor/lib/test/auto/MatrixToArray.xml (RunModel)" time="0.061" />
  <testcase classname="ptolemy.util.test.junit.AutoTests" name="[221] /home/travis/build/icyphy/ptII/ptolemy/actor/lib/test/auto/MaxIndex.xml (RunModel)" time="0.022" />
  <testcase classname="ptolemy.util.test.junit.AutoTests" name="[222] /home/travis/build/icyphy/ptII/ptolemy/actor/lib/test/auto/Maximum.xml (RunModel)" time="0.019" />
  <testcase classname="ptolemy.util.test.junit.AutoTests" name="[223] /home/travis/build/icyphy/ptII/ptolemy/actor/lib/test/auto/MaximumComplex.xml (RunModel)" time="0.016" />
  <testcase classname="ptolemy.util.test.junit.AutoTests" name="[224] /home/travis/build/icyphy/ptII/ptolemy/actor/lib/test/auto/MethodCallTest.xml (RunModel)" time="0.024" />
  <testcase classname="ptolemy.util.test.junit.AutoTests" name="[225] /home/travis/build/icyphy/ptII/ptolemy/actor/lib/test/auto/Minimum.xml (RunModel)" time="0.016" />
  <testcase classname="ptolemy.util.test.junit.AutoTests" name="[226] /home/travis/build/icyphy/ptII/ptolemy/actor/lib/test/auto/MinimumComplex.xml (RunModel)" time="0.027" />
  <testcase classname="ptolemy.util.test.junit.AutoTests" name="[227] /home/travis/build/icyphy/ptII/ptolemy/actor/lib/test/auto/MinimumMultiports.xml (RunModel)" time="0.017" />
  <testcase classname="ptolemy.util.test.junit.AutoTests" name="[228] /home/travis/build/icyphy/ptII/ptolemy/actor/lib/test/auto/ModifyDate.xml (RunModel)" time="0.046" />
  <testcase classname="ptolemy.util.test.junit.AutoTests" name="[229] /home/travis/build/icyphy/ptII/ptolemy/actor/lib/test/auto/ModifyDate2.xml (RunModel)" time="0.037" />
  <testcase classname="ptolemy.util.test.junit.AutoTests" name="[230] /home/travis/build/icyphy/ptII/ptolemy/actor/lib/test/auto/MovingAverage.xml (RunModel)" time="0.013" />
  <testcase classname="ptolemy.util.test.junit.AutoTests" name="[231] /home/travis/build/icyphy/ptII/ptolemy/actor/lib/test/auto/MovingMaximum.xml (RunModel)" time="0.011" />
  <testcase classname="ptolemy.util.test.junit.AutoTests" name="[232] /home/travis/build/icyphy/ptII/ptolemy/actor/lib/test/auto/MultipleLinksToSameRelation.xml (RunModel)" time="0.008" />
  <testcase classname="ptolemy.util.test.junit.AutoTests" name="[233] /home/travis/build/icyphy/ptII/ptolemy/actor/lib/test/auto/MultipleLinksToSameRelationDE.xml (RunModel)" time="0.018" />
  <testcase classname="ptolemy.util.test.junit.AutoTests" name="[234] /home/travis/build/icyphy/ptII/ptolemy/actor/lib/test/auto/Multiplexor.xml (RunModel)" time="0.019" />
  <testcase classname="ptolemy.util.test.junit.AutoTests" name="[235] /home/travis/build/icyphy/ptII/ptolemy/actor/lib/test/auto/Multiplexor1.xml (RunModel)" time="0.013" />
  <testcase classname="ptolemy.util.test.junit.AutoTests" name="[236] /home/travis/build/icyphy/ptII/ptolemy/actor/lib/test/auto/Multiplexor2.xml (RunModel)" time="0.055" />
  <testcase classname="ptolemy.util.test.junit.AutoTests" name="[237] /home/travis/build/icyphy/ptII/ptolemy/actor/lib/test/auto/Multiplexor3.xml (RunModel)" time="0.01" />
  <testcase classname="ptolemy.util.test.junit.AutoTests" name="[238] /home/travis/build/icyphy/ptII/ptolemy/actor/lib/test/auto/MultiplexorDE.xml (RunModel)" time="0.021" />
  <testcase classname="ptolemy.util.test.junit.AutoTests" name="[239] /home/travis/build/icyphy/ptII/ptolemy/actor/lib/test/auto/MultiportBroadcastTest.xml (RunModel)" time="0.103" />
  <testcase classname="ptolemy.util.test.junit.AutoTests" name="[240] /home/travis/build/icyphy/ptII/ptolemy/actor/lib/test/auto/MultiportOutHangDuringGetWidth.xml (RunModel)" time="0.049" />
  <testcase classname="ptolemy.util.test.junit.AutoTests" name="[241] /home/travis/build/icyphy/ptII/ptolemy/actor/lib/test/auto/NilToken.xml (RunModel)" time="0.013" />
  <testcase classname="ptolemy.util.test.junit.AutoTests" name="[242] /home/travis/build/icyphy/ptII/ptolemy/actor/lib/test/auto/NilTokenNonStrictTest.xml (RunModel)" time="0.013" />
  <testcase classname="ptolemy.util.test.junit.AutoTests" name="[243] /home/travis/build/icyphy/ptII/ptolemy/actor/lib/test/auto/NilTokenRecord.xml (RunModel)" time="0.03" />
  <testcase classname="ptolemy.util.test.junit.AutoTests" name="[244] /home/travis/build/icyphy/ptII/ptolemy/actor/lib/test/auto/NilTokenTypeTest.xml (RunModel)" time="0.033" />
  <testcase classname="ptolemy.util.test.junit.AutoTests" name="[245] /home/travis/build/icyphy/ptII/ptolemy/actor/lib/test/auto/ObjectToken1.xml (RunModel)" time="0.009" />
  <testcase classname="ptolemy.util.test.junit.AutoTests" name="[246] /home/travis/build/icyphy/ptII/ptolemy/actor/lib/test/auto/OrderedMerge.xml (RunModel)" time="0.021" />
  <testcase classname="ptolemy.util.test.junit.AutoTests" name="[247] /home/travis/build/icyphy/ptII/ptolemy/actor/lib/test/auto/OrderedRecordDisassembler.xml (RunModel)" time="0.02" />
  <testcase classname="ptolemy.util.test.junit.AutoTests" name="[248] /home/travis/build/icyphy/ptII/ptolemy/actor/lib/test/auto/OrderedRecordDisassembler2.xml (RunModel)" time="0.022" />
  <testcase classname="ptolemy.util.test.junit.AutoTests" name="[249] /home/travis/build/icyphy/ptII/ptolemy/actor/lib/test/auto/OrderedRecordUpdater.xml (RunModel)" time="0.012" />
  <testcase classname="ptolemy.util.test.junit.AutoTests" name="[250] /home/travis/build/icyphy/ptII/ptolemy/actor/lib/test/auto/OrderedRecordUpdater2.xml (RunModel)" time="0.019" />
  <testcase classname="ptolemy.util.test.junit.AutoTests" name="[251] /home/travis/build/icyphy/ptII/ptolemy/actor/lib/test/auto/PhaseUnwrap.xml (RunModel)" time="0.014" />
  <testcase classname="ptolemy.util.test.junit.AutoTests" name="[252] /home/travis/build/icyphy/ptII/ptolemy/actor/lib/test/auto/PoissonClock.xml (RunModel)" time="0.011" />
  <testcase classname="ptolemy.util.test.junit.AutoTests" name="[253] /home/travis/build/icyphy/ptII/ptolemy/actor/lib/test/auto/PoissonClock2.xml (RunModel)" time="0.008" />
  <testcase classname="ptolemy.util.test.junit.AutoTests" name="[254] /home/travis/build/icyphy/ptII/ptolemy/actor/lib/test/auto/PoissonClock3.xml (RunModel)" time="0.026" />
  <testcase classname="ptolemy.util.test.junit.AutoTests" name="[255] /home/travis/build/icyphy/ptII/ptolemy/actor/lib/test/auto/PubSubWithInitialTokens.xml (RunModel)" time="0.012" />
  <testcase classname="ptolemy.util.test.junit.AutoTests" name="[256] /home/travis/build/icyphy/ptII/ptolemy/actor/lib/test/auto/PubSubWithInitialTokens2.xml (RunModel)" time="0.013" />
  <testcase classname="ptolemy.util.test.junit.AutoTests" name="[257] /home/travis/build/icyphy/ptII/ptolemy/actor/lib/test/auto/PublisherClassNoParameter.xml (RunModel)" time="0.024" />
  <testcase classname="ptolemy.util.test.junit.AutoTests" name="[258] /home/travis/build/icyphy/ptII/ptolemy/actor/lib/test/auto/PublisherClassParameter.xml (RunModel)" time="0.02" />
  <testcase classname="ptolemy.util.test.junit.AutoTests" name="[259] /home/travis/build/icyphy/ptII/ptolemy/actor/lib/test/auto/PublisherNonStrictTest.xml (RunModel)" time="0.017" />
  <testcase classname="ptolemy.util.test.junit.AutoTests" name="[260] /home/travis/build/icyphy/ptII/ptolemy/actor/lib/test/auto/PublisherPort1.xml (RunModel)" time="0.011" />
  <testcase classname="ptolemy.util.test.junit.AutoTests" name="[261] /home/travis/build/icyphy/ptII/ptolemy/actor/lib/test/auto/PublisherPort2.xml (RunModel)" time="0.01" />
  <testcase classname="ptolemy.util.test.junit.AutoTests" name="[262] /home/travis/build/icyphy/ptII/ptolemy/actor/lib/test/auto/PublisherPort3.xml (RunModel)" time="0.022" />
  <testcase classname="ptolemy.util.test.junit.AutoTests" name="[263] /home/travis/build/icyphy/ptII/ptolemy/actor/lib/test/auto/PublisherPort4.xml (RunModel)" time="0.02" />
  <testcase classname="ptolemy.util.test.junit.AutoTests" name="[264] /home/travis/build/icyphy/ptII/ptolemy/actor/lib/test/auto/PublisherPort5.xml (RunModel)" time="0.015" />
  <testcase classname="ptolemy.util.test.junit.AutoTests" name="[265] /home/travis/build/icyphy/ptII/ptolemy/actor/lib/test/auto/PublisherPort5LookAlike.xml (RunModel)" time="0.019" />
  <testcase classname="ptolemy.util.test.junit.AutoTests" name="[266] /home/travis/build/icyphy/ptII/ptolemy/actor/lib/test/auto/PublisherPort6.xml (RunModel)" time="0.015" />
  <testcase classname="ptolemy.util.test.junit.AutoTests" name="[267] /home/travis/build/icyphy/ptII/ptolemy/actor/lib/test/auto/PublisherPort7.xml (RunModel)" time="0.018" />
  <testcase classname="ptolemy.util.test.junit.AutoTests" name="[268] /home/travis/build/icyphy/ptII/ptolemy/actor/lib/test/auto/PublisherPort8.xml (RunModel)" time="0.017" />
  <testcase classname="ptolemy.util.test.junit.AutoTests" name="[269] /home/travis/build/icyphy/ptII/ptolemy/actor/lib/test/auto/PublisherPortSubscriberChannelVariablesAOC2.xml (RunModel)" time="0.035" />
  <testcase classname="ptolemy.util.test.junit.AutoTests" name="[270] /home/travis/build/icyphy/ptII/ptolemy/actor/lib/test/auto/PublisherPortSubscriberOpaqueWidthInference.xml (RunModel)" time="0.014" />
  <testcase classname="ptolemy.util.test.junit.AutoTests" name="[271] /home/travis/build/icyphy/ptII/ptolemy/actor/lib/test/auto/PublisherPortSubscriberPortAdjacent.xml (RunModel)" time="0.018" />
  <testcase classname="ptolemy.util.test.junit.AutoTests" name="[272] /home/travis/build/icyphy/ptII/ptolemy/actor/lib/test/auto/PublisherPortSubscriberPortExpression.xml (RunModel)" time="0.017" />
  <testcase classname="ptolemy.util.test.junit.AutoTests" name="[273] /home/travis/build/icyphy/ptII/ptolemy/actor/lib/test/auto/PublisherPortSubscriberPortOpaqueD3Reverse.xml (RunModel)" time="0.035" />
  <testcase classname="ptolemy.util.test.junit.AutoTests" name="[274] /home/travis/build/icyphy/ptII/ptolemy/actor/lib/test/auto/PublisherPortSubscriberPortOpaqueWidthInference.xml (RunModel)" time="0.015" />
  <testcase classname="ptolemy.util.test.junit.AutoTests" name="[275] /home/travis/build/icyphy/ptII/ptolemy/actor/lib/test/auto/PublisherPortToplevelSubscriberPortAOC.xml (RunModel)" time="0.012" />
  <testcase classname="ptolemy.util.test.junit.AutoTests" name="[276] /home/travis/build/icyphy/ptII/ptolemy/actor/lib/test/auto/PublisherSubscriber.xml (RunModel)" time="0.014" />
  <testcase classname="ptolemy.util.test.junit.AutoTests" name="[277] /home/travis/build/icyphy/ptII/ptolemy/actor/lib/test/auto/PublisherSubscriber10.xml (RunModel)" time="0.023" />
  <testcase classname="ptolemy.util.test.junit.AutoTests" name="[278] /home/travis/build/icyphy/ptII/ptolemy/actor/lib/test/auto/PublisherSubscriber10InitialOutputs.xml (RunModel)" time="0.068" />
  <testcase classname="ptolemy.util.test.junit.AutoTests" name="[279] /home/travis/build/icyphy/ptII/ptolemy/actor/lib/test/auto/PublisherSubscriber11.xml (RunModel)" time="0.015" />
  <testcase classname="ptolemy.util.test.junit.AutoTests" name="[280] /home/travis/build/icyphy/ptII/ptolemy/actor/lib/test/auto/PublisherSubscriber12.xml (RunModel)" time="0.023" />
  <testcase classname="ptolemy.util.test.junit.AutoTests" name="[281] /home/travis/build/icyphy/ptII/ptolemy/actor/lib/test/auto/PublisherSubscriber13.xml (RunModel)" time="0.011" />
  <testcase classname="ptolemy.util.test.junit.AutoTests" name="[282] /home/travis/build/icyphy/ptII/ptolemy/actor/lib/test/auto/PublisherSubscriber14.xml (RunModel)" time="0.021" />
  <testcase classname="ptolemy.util.test.junit.AutoTests" name="[283] /home/travis/build/icyphy/ptII/ptolemy/actor/lib/test/auto/PublisherSubscriber2.xml (RunModel)" time="0.011" />
  <testcase classname="ptolemy.util.test.junit.AutoTests" name="[284] /home/travis/build/icyphy/ptII/ptolemy/actor/lib/test/auto/PublisherSubscriber3.xml (RunModel)" time="0.011" />
  <testcase classname="ptolemy.util.test.junit.AutoTests" name="[285] /home/travis/build/icyphy/ptII/ptolemy/actor/lib/test/auto/PublisherSubscriber4.xml (RunModel)" time="0.011" />
  <testcase classname="ptolemy.util.test.junit.AutoTests" name="[286] /home/travis/build/icyphy/ptII/ptolemy/actor/lib/test/auto/PublisherSubscriber5.xml (RunModel)" time="0.012" />
  <testcase classname="ptolemy.util.test.junit.AutoTests" name="[287] /home/travis/build/icyphy/ptII/ptolemy/actor/lib/test/auto/PublisherSubscriber6.xml (RunModel)" time="0.018" />
  <testcase classname="ptolemy.util.test.junit.AutoTests" name="[288] /home/travis/build/icyphy/ptII/ptolemy/actor/lib/test/auto/PublisherSubscriber7.xml (RunModel)" time="0.021" />
  <testcase classname="ptolemy.util.test.junit.AutoTests" name="[289] /home/travis/build/icyphy/ptII/ptolemy/actor/lib/test/auto/PublisherSubscriber8.xml (RunModel)" time="0.036" />
  <testcase classname="ptolemy.util.test.junit.AutoTests" name="[290] /home/travis/build/icyphy/ptII/ptolemy/actor/lib/test/auto/PublisherSubscriber9.xml (RunModel)" time="0.02" />
  <testcase classname="ptolemy.util.test.junit.AutoTests" name="[291] /home/travis/build/icyphy/ptII/ptolemy/actor/lib/test/auto/PublisherSubscriberAdjacent.xml (RunModel)" time="0.014" />
  <testcase classname="ptolemy.util.test.junit.AutoTests" name="[292] /home/travis/build/icyphy/ptII/ptolemy/actor/lib/test/auto/PublisherSubscriberChannelVariablesAOC2.xml (RunModel)" time="0.025" />
  <testcase classname="ptolemy.util.test.junit.AutoTests" name="[293] /home/travis/build/icyphy/ptII/ptolemy/actor/lib/test/auto/PublisherSubscriberD3.xml (RunModel)" time="0.011" />
  <testcase classname="ptolemy.util.test.junit.AutoTests" name="[294] /home/travis/build/icyphy/ptII/ptolemy/actor/lib/test/auto/PublisherSubscriberD3Reverse.xml (RunModel)" time="0.012" />
  <testcase classname="ptolemy.util.test.junit.AutoTests" name="[295] /home/travis/build/icyphy/ptII/ptolemy/actor/lib/test/auto/PublisherSubscriberExpression.xml (RunModel)" time="0.021" />
  <testcase classname="ptolemy.util.test.junit.AutoTests" name="[296] /home/travis/build/icyphy/ptII/ptolemy/actor/lib/test/auto/PublisherSubscriberOpaque.xml (RunModel)" time="0.015" />
  <testcase classname="ptolemy.util.test.junit.AutoTests" name="[297] /home/travis/build/icyphy/ptII/ptolemy/actor/lib/test/auto/PublisherSubscriberOpaqueD3.xml (RunModel)" time="0.025" />
  <testcase classname="ptolemy.util.test.junit.AutoTests" name="[298] /home/travis/build/icyphy/ptII/ptolemy/actor/lib/test/auto/PublisherSubscriberOpaqueD3Reverse.xml (RunModel)" time="0.02" />
  <testcase classname="ptolemy.util.test.junit.AutoTests" name="[299] /home/travis/build/icyphy/ptII/ptolemy/actor/lib/test/auto/PublisherSubscriberOpaqueWidthInference.xml (RunModel)" time="0.016" />
  <testcase classname="ptolemy.util.test.junit.AutoTests" name="[300] /home/travis/build/icyphy/ptII/ptolemy/actor/lib/test/auto/PublisherTestSubscriber.xml (RunModel)" time="0.021" />
  <testcase classname="ptolemy.util.test.junit.AutoTests" name="[301] /home/travis/build/icyphy/ptII/ptolemy/actor/lib/test/auto/PublisherToplevelSubscriberPortAOC.xml (RunModel)" time="0.011" />
  <testcase classname="ptolemy.util.test.junit.AutoTests" name="[302] /home/travis/build/icyphy/ptII/ptolemy/actor/lib/test/auto/PulseFiringLimitDE.xml (RunModel)" time="0.015" />
  <testcase classname="ptolemy.util.test.junit.AutoTests" name="[303] /home/travis/build/icyphy/ptII/ptolemy/actor/lib/test/auto/Ramp1.xml (RunModel)" time="0.007" />
  <testcase classname="ptolemy.util.test.junit.AutoTests" name="[304] /home/travis/build/icyphy/ptII/ptolemy/actor/lib/test/auto/RampFiringLimitDE.xml (RunModel)" time="0.011" />
  <testcase classname="ptolemy.util.test.junit.AutoTests" name="[305] /home/travis/build/icyphy/ptII/ptolemy/actor/lib/test/auto/RampFiringLimitSDF.xml (RunModel)" time="0.012" />
  <testcase classname="ptolemy.util.test.junit.AutoTests" name="[306] /home/travis/build/icyphy/ptII/ptolemy/actor/lib/test/auto/RandomInteger.xml (RunModel)" time="0.01" />
  <testcase classname="ptolemy.util.test.junit.AutoTests" name="[307] /home/travis/build/icyphy/ptII/ptolemy/actor/lib/test/auto/ReadFile1.xml (RunModel)" time="0.009" />
  <testcase classname="ptolemy.util.test.junit.AutoTests" name="[308] /home/travis/build/icyphy/ptII/ptolemy/actor/lib/test/auto/ReadFile2.xml (RunModel)" time="0.007" />
  <testcase classname="ptolemy.util.test.junit.AutoTests" name="[309] /home/travis/build/icyphy/ptII/ptolemy/actor/lib/test/auto/Reader.xml (RunModel)" time="0.013" />
  <testcase classname="ptolemy.util.test.junit.AutoTests" name="[310] /home/travis/build/icyphy/ptII/ptolemy/actor/lib/test/auto/RecordAssemblerDisplayNameTest.xml (RunModel)" time="3.993" />
  <testcase classname="ptolemy.util.test.junit.AutoTests" name="[311] /home/travis/build/icyphy/ptII/ptolemy/actor/lib/test/auto/RecordAssemblerTypeError.xml (RunModel)" time="0.047" />
  <testcase classname="ptolemy.util.test.junit.AutoTests" name="[312] /home/travis/build/icyphy/ptII/ptolemy/actor/lib/test/auto/RecordDisassember.xml (RunModel)" time="0.012" />
  <testcase classname="ptolemy.util.test.junit.AutoTests" name="[313] /home/travis/build/icyphy/ptII/ptolemy/actor/lib/test/auto/RecordDisassemberDisplayNameTest.xml (RunModel)" time="0.019" />
  <testcase classname="ptolemy.util.test.junit.AutoTests" name="[314] /home/travis/build/icyphy/ptII/ptolemy/actor/lib/test/auto/RecordDisassembler.xml (RunModel)" time="0.01" />
  <testcase classname="ptolemy.util.test.junit.AutoTests" name="[315] /home/travis/build/icyphy/ptII/ptolemy/actor/lib/test/auto/RecordDisassembler2.xml (RunModel)" time="0.011" />
  <testcase classname="ptolemy.util.test.junit.AutoTests" name="[316] /home/travis/build/icyphy/ptII/ptolemy/actor/lib/test/auto/RecordUpdater.xml (RunModel)" time="0.012" />
  <testcase classname="ptolemy.util.test.junit.AutoTests" name="[317] /home/travis/build/icyphy/ptII/ptolemy/actor/lib/test/auto/RecordUpdater2.xml (RunModel)" time="0.01" />
  <testcase classname="ptolemy.util.test.junit.AutoTests" name="[318] /home/travis/build/icyphy/ptII/ptolemy/actor/lib/test/auto/RecursiveLattice.xml (RunModel)" time="0.009" />
  <testcase classname="ptolemy.util.test.junit.AutoTests" name="[319] /home/travis/build/icyphy/ptII/ptolemy/actor/lib/test/auto/Router.xml (RunModel)" time="3.027" />
  <testcase classname="ptolemy.util.test.junit.AutoTests" name="[320] /home/travis/build/icyphy/ptII/ptolemy/actor/lib/test/auto/Router2.xml (RunModel)" time="3.068" />
  <testcase classname="ptolemy.util.test.junit.AutoTests" name="[321] /home/travis/build/icyphy/ptII/ptolemy/actor/lib/test/auto/RunningMaximum.xml (RunModel)" time="0.027" />
  <testcase classname="ptolemy.util.test.junit.AutoTests" name="[322] /home/travis/build/icyphy/ptII/ptolemy/actor/lib/test/auto/RunningMinimum.xml (RunModel)" time="0.028" />
  <testcase classname="ptolemy.util.test.junit.AutoTests" name="[323] /home/travis/build/icyphy/ptII/ptolemy/actor/lib/test/auto/Scale.xml (RunModel)" time="0.03" />
  <testcase classname="ptolemy.util.test.junit.AutoTests" name="[324] /home/travis/build/icyphy/ptII/ptolemy/actor/lib/test/auto/Scale2.xml (RunModel)" time="0.012" />
  <testcase classname="ptolemy.util.test.junit.AutoTests" name="[325] /home/travis/build/icyphy/ptII/ptolemy/actor/lib/test/auto/Scale3.xml (RunModel)" time="0.023" />
  <testcase classname="ptolemy.util.test.junit.AutoTests" name="[326] /home/travis/build/icyphy/ptII/ptolemy/actor/lib/test/auto/ScaleArray.xml (RunModel)" time="0.01" />
  <testcase classname="ptolemy.util.test.junit.AutoTests" name="[327] /home/travis/build/icyphy/ptII/ptolemy/actor/lib/test/auto/ScaleArray2.xml (RunModel)" time="0.009" />
  <testcase classname="ptolemy.util.test.junit.AutoTests" name="[328] /home/travis/build/icyphy/ptII/ptolemy/actor/lib/test/auto/ScaleMatrix.xml (RunModel)" time="0.234" />
  <testcase classname="ptolemy.util.test.junit.AutoTests" name="[329] /home/travis/build/icyphy/ptII/ptolemy/actor/lib/test/auto/Select.xml (RunModel)" time="0.019" />
  <testcase classname="ptolemy.util.test.junit.AutoTests" name="[330] /home/travis/build/icyphy/ptII/ptolemy/actor/lib/test/auto/Select2.xml (RunModel)" time="0.01" />
  <testcase classname="ptolemy.util.test.junit.AutoTests" name="[331] /home/travis/build/icyphy/ptII/ptolemy/actor/lib/test/auto/SequenceToArray2.xml (RunModel)" time="0.132" />
  <testcase classname="ptolemy.util.test.junit.AutoTests" name="[332] /home/travis/build/icyphy/ptII/ptolemy/actor/lib/test/auto/SequentialClock.xml (RunModel)" time="0.009" />
  <testcase classname="ptolemy.util.test.junit.AutoTests" name="[333] /home/travis/build/icyphy/ptII/ptolemy/actor/lib/test/auto/SetVariable.xml (RunModel)" time="0.012" />
  <testcase classname="ptolemy.util.test.junit.AutoTests" name="[334] /home/travis/build/icyphy/ptII/ptolemy/actor/lib/test/auto/SetVariable2.xml (RunModel)" time="0.011" />
  <testcase classname="ptolemy.util.test.junit.AutoTests" name="[335] /home/travis/build/icyphy/ptII/ptolemy/actor/lib/test/auto/SetVariable3.xml (RunModel)" time="0.017" />
  <testcase classname="ptolemy.util.test.junit.AutoTests" name="[336] /home/travis/build/icyphy/ptII/ptolemy/actor/lib/test/auto/SetVariable4.xml (RunModel)" time="0.027" />
  <testcase classname="ptolemy.util.test.junit.AutoTests" name="[337] /home/travis/build/icyphy/ptII/ptolemy/actor/lib/test/auto/SetVariable5.xml (RunModel)" time="0.038" />
  <testcase classname="ptolemy.util.test.junit.AutoTests" name="[338] /home/travis/build/icyphy/ptII/ptolemy/actor/lib/test/auto/Sinewave.xml (RunModel)" time="0.025" />
  <testcase classname="ptolemy.util.test.junit.AutoTests" name="[339] /home/travis/build/icyphy/ptII/ptolemy/actor/lib/test/auto/Sinewave2.xml (RunModel)" time="0.015" />
  <testcase classname="ptolemy.util.test.junit.AutoTests" name="[340] /home/travis/build/icyphy/ptII/ptolemy/actor/lib/test/auto/Sinewave3.xml (RunModel)" time="0.03" />
  <testcase classname="ptolemy.util.test.junit.AutoTests" name="[341] /home/travis/build/icyphy/ptII/ptolemy/actor/lib/test/auto/SingleEvent.xml (RunModel)" time="0.008" />
  <testcase classname="ptolemy.util.test.junit.AutoTests" name="[342] /home/travis/build/icyphy/ptII/ptolemy/actor/lib/test/auto/Sleep.xml (RunModel)" time="6.027" />
  <testcase classname="ptolemy.util.test.junit.AutoTests" name="[343] /home/travis/build/icyphy/ptII/ptolemy/actor/lib/test/auto/SleepMultipleFire.xml (RunModel)" time="1.019" />
  <testcase classname="ptolemy.util.test.junit.AutoTests" name="[344] /home/travis/build/icyphy/ptII/ptolemy/actor/lib/test/auto/StopDE.xml (RunModel)" time="0.016" />
  <testcase classname="ptolemy.util.test.junit.AutoTests" name="[345] /home/travis/build/icyphy/ptII/ptolemy/actor/lib/test/auto/StopSDF.xml (RunModel)" time="0.013" />
  <testcase classname="ptolemy.util.test.junit.AutoTests" name="[346] /home/travis/build/icyphy/ptII/ptolemy/actor/lib/test/auto/StringConstant.xml (RunModel)" time="0.02" />
  <testcase classname="ptolemy.util.test.junit.AutoTests" name="[347] /home/travis/build/icyphy/ptII/ptolemy/actor/lib/test/auto/SubscriberPortInitialValues1.xml (RunModel)" time="0.032" />
  <testcase classname="ptolemy.util.test.junit.AutoTests" name="[348] /home/travis/build/icyphy/ptII/ptolemy/actor/lib/test/auto/SubscriberPortInitialValues13.xml (RunModel)" time="0.027" />
  <testcase classname="ptolemy.util.test.junit.AutoTests" name="[349] /home/travis/build/icyphy/ptII/ptolemy/actor/lib/test/auto/SubscriberPortInitialValues14.xml (RunModel)" time="0.018" />
  <testcase classname="ptolemy.util.test.junit.AutoTests" name="[350] /home/travis/build/icyphy/ptII/ptolemy/actor/lib/test/auto/SubscriberPortInitialValues2.xml (RunModel)" time="0.017" />
  <testcase classname="ptolemy.util.test.junit.AutoTests" name="[351] /home/travis/build/icyphy/ptII/ptolemy/actor/lib/test/auto/SubscriberPortInitialValues3.xml (RunModel)" time="0.025" />
  <testcase classname="ptolemy.util.test.junit.AutoTests" name="[352] /home/travis/build/icyphy/ptII/ptolemy/actor/lib/test/auto/SubscriptionAggregator.xml (RunModel)" time="0.012" />
  <testcase classname="ptolemy.util.test.junit.AutoTests" name="[353] /home/travis/build/icyphy/ptII/ptolemy/actor/lib/test/auto/SubscriptionAggregator2.xml (RunModel)" time="0.014" />
  <testcase classname="ptolemy.util.test.junit.AutoTests" name="[354] /home/travis/build/icyphy/ptII/ptolemy/actor/lib/test/auto/SubscriptionAggregator3.xml (RunModel)" time="0.019" />
  <testcase classname="ptolemy.util.test.junit.AutoTests" name="[355] /home/travis/build/icyphy/ptII/ptolemy/actor/lib/test/auto/SubscriptionAggregatorMultiply.xml (RunModel)" time="0.015" />
  <testcase classname="ptolemy.util.test.junit.AutoTests" name="[356] /home/travis/build/icyphy/ptII/ptolemy/actor/lib/test/auto/SubscriptionAggregatorPortMultiply1.xml (RunModel)" time="0.014" />
  <testcase classname="ptolemy.util.test.junit.AutoTests" name="[357] /home/travis/build/icyphy/ptII/ptolemy/actor/lib/test/auto/Switch.xml (RunModel)" time="0.02" />
  <testcase classname="ptolemy.util.test.junit.AutoTests" name="[358] /home/travis/build/icyphy/ptII/ptolemy/actor/lib/test/auto/Switch2.xml (RunModel)" time="0.012" />
  <testcase classname="ptolemy.util.test.junit.AutoTests" name="[359] /home/travis/build/icyphy/ptII/ptolemy/actor/lib/test/auto/SwitchDE.xml (RunModel)" time="0.018" />
  <testcase classname="ptolemy.util.test.junit.AutoTests" name="[360] /home/travis/build/icyphy/ptII/ptolemy/actor/lib/test/auto/SynchronizerDE.xml (RunModel)" time="0.022" />
  <testcase classname="ptolemy.util.test.junit.AutoTests" name="[361] /home/travis/build/icyphy/ptII/ptolemy/actor/lib/test/auto/Test.xml (RunModel)" time="0.045" />
  <testcase classname="ptolemy.util.test.junit.AutoTests" name="[362] /home/travis/build/icyphy/ptII/ptolemy/actor/lib/test/auto/TestExceptionAttribute1.xml (RunModel)" time="0.008" />
  <testcase classname="ptolemy.util.test.junit.AutoTests" name="[363] /home/travis/build/icyphy/ptII/ptolemy/actor/lib/test/auto/TestExceptionAttribute2.xml (RunModel)" time="0.012" />
  <testcase classname="ptolemy.util.test.junit.AutoTests" name="[364] /home/travis/build/icyphy/ptII/ptolemy/actor/lib/test/auto/TestExceptionAttribute3.xml (RunModel)" time="0.012" />
  <testcase classname="ptolemy.util.test.junit.AutoTests" name="[365] /home/travis/build/icyphy/ptII/ptolemy/actor/lib/test/auto/TestExceptionAttribute4.xml (RunModel)" time="0.009" />
  <testcase classname="ptolemy.util.test.junit.AutoTests" name="[366] /home/travis/build/icyphy/ptII/ptolemy/actor/lib/test/auto/TestExceptionHandler1.xml (RunModel)" time="0.011" />
  <testcase classname="ptolemy.util.test.junit.AutoTests" name="[367] /home/travis/build/icyphy/ptII/ptolemy/actor/lib/test/auto/TestExceptionHandler2.xml (RunModel)" time="0.011" />
  <testcase classname="ptolemy.util.test.junit.AutoTests" name="[368] /home/travis/build/icyphy/ptII/ptolemy/actor/lib/test/auto/TestExceptionHandler3.xml (RunModel)" time="0.006" />
  <testcase classname="ptolemy.util.test.junit.AutoTests" name="[369] /home/travis/build/icyphy/ptII/ptolemy/actor/lib/test/auto/TestExceptionHandler4.xml (RunModel)" time="0.007" />
  <testcase classname="ptolemy.util.test.junit.AutoTests" name="[370] /home/travis/build/icyphy/ptII/ptolemy/actor/lib/test/auto/TestRequireCorrectOrder.xml (RunModel)" time="0.018" />
  <testcase classname="ptolemy.util.test.junit.AutoTests" name="[371] /home/travis/build/icyphy/ptII/ptolemy/actor/lib/test/auto/TestSimple.xml (RunModel)" time="0.01" />
  <testcase classname="ptolemy.util.test.junit.AutoTests" name="[372] /home/travis/build/icyphy/ptII/ptolemy/actor/lib/test/auto/ThrowModelError.xml (RunModel)" time="0.011" />
  <testcase classname="ptolemy.util.test.junit.AutoTests" name="[373] /home/travis/build/icyphy/ptII/ptolemy/actor/lib/test/auto/TimeDelayMicrosteps.xml (RunModel)" time="0.013" />
  <testcase classname="ptolemy.util.test.junit.AutoTests" name="[374] /home/travis/build/icyphy/ptII/ptolemy/actor/lib/test/auto/TimeDelayMicrosteps2.xml (RunModel)" time="0.017" />
  <testcase classname="ptolemy.util.test.junit.AutoTests" name="[375] /home/travis/build/icyphy/ptII/ptolemy/actor/lib/test/auto/TimeDelayMicrosteps3.xml (RunModel)" time="0.013" />
  <testcase classname="ptolemy.util.test.junit.AutoTests" name="[376] /home/travis/build/icyphy/ptII/ptolemy/actor/lib/test/auto/TimeDelayVariableMicrosteps.xml (RunModel)" time="0.013" />
  <testcase classname="ptolemy.util.test.junit.AutoTests" name="[377] /home/travis/build/icyphy/ptII/ptolemy/actor/lib/test/auto/TimeGap.xml (RunModel)" time="0.015" />
  <testcase classname="ptolemy.util.test.junit.AutoTests" name="[378] /home/travis/build/icyphy/ptII/ptolemy/actor/lib/test/auto/TimeGap2.xml (RunModel)" time="0.011" />
  <testcase classname="ptolemy.util.test.junit.AutoTests" name="[379] /home/travis/build/icyphy/ptII/ptolemy/actor/lib/test/auto/TimedSinewave.xml (RunModel)" time="0.061" />
  <testcase classname="ptolemy.util.test.junit.AutoTests" name="[380] /home/travis/build/icyphy/ptII/ptolemy/actor/lib/test/auto/TimedSinewavePhase.xml (RunModel)" time="0.033" />
  <testcase classname="ptolemy.util.test.junit.AutoTests" name="[381] /home/travis/build/icyphy/ptII/ptolemy/actor/lib/test/auto/Timer.xml (RunModel)" time="0.019" />
  <testcase classname="ptolemy.util.test.junit.AutoTests" name="[382] /home/travis/build/icyphy/ptII/ptolemy/actor/lib/test/auto/TriangularDistTestModel.xml (RunModel)" time="0.019" />
  <testcase classname="ptolemy.util.test.junit.AutoTests" name="[383] /home/travis/build/icyphy/ptII/ptolemy/actor/lib/test/auto/TrigFunction.xml (RunModel)" time="0.012" />
  <testcase classname="ptolemy.util.test.junit.AutoTests" name="[384] /home/travis/build/icyphy/ptII/ptolemy/actor/lib/test/auto/TrigFunctionDE.xml (RunModel)" time="0.011" />
  <testcase classname="ptolemy.util.test.junit.AutoTests" name="[385] /home/travis/build/icyphy/ptII/ptolemy/actor/lib/test/auto/TrigFunctionInverse.xml (RunModel)" time="0.01" />
  <testcase classname="ptolemy.util.test.junit.AutoTests" name="[386] /home/travis/build/icyphy/ptII/ptolemy/actor/lib/test/auto/TrigFunctionTan.xml (RunModel)" time="0.007" />
  <testcase classname="ptolemy.util.test.junit.AutoTests" name="[387] /home/travis/build/icyphy/ptII/ptolemy/actor/lib/test/auto/TriggeredClock.xml (RunModel)" time="0.009" />
  <testcase classname="ptolemy.util.test.junit.AutoTests" name="[388] /home/travis/build/icyphy/ptII/ptolemy/actor/lib/test/auto/URLDirectoryReader.xml (RunModel)" time="0.124" />
  <testcase classname="ptolemy.util.test.junit.AutoTests" name="[389] /home/travis/build/icyphy/ptII/ptolemy/actor/lib/test/auto/URLDirectoryReader3.xml (RunModel)" time="0.127">
    <error type="java.lang.reflect.InvocationTargetException">java.lang.reflect.InvocationTargetException
	at jdk.internal.reflect.GeneratedConstructorAccessor36.newInstance(Unknown Source)
	at java.base/jdk.internal.reflect.DelegatingConstructorAccessorImpl.newInstance(DelegatingConstructorAccessorImpl.java:45)
	at java.base/java.lang.reflect.Constructor.newInstance(Constructor.java:490)
	at ptolemy.util.test.junit.AutoTests.RunModel(AutoTests.java:193)
	at jdk.internal.reflect.GeneratedMethodAccessor43.invoke(Unknown Source)
	at java.base/jdk.internal.reflect.DelegatingMethodAccessorImpl.invoke(DelegatingMethodAccessorImpl.java:43)
	at junitparams.internal.InvokeParameterisedMethod.evaluate(InvokeParameterisedMethod.java:102)
Caused by: ptolemy.kernel.util.IllegalActionException: Error evaluating expression:
&quot;http://ptolemy.eecs.berkeley.edu/ptolemyII/ptII1.0/ptII1.0/&quot;
  in .URLDirectoryReader3.URLDirectoryReader.sourceURL
Because:
Failed to evaluate sourceURL &apos;&quot;http://ptolemy.eecs.berkeley.edu/ptolemyII/ptII1.0/ptII1.0/&quot;&apos;
  in .URLDirectoryReader3.URLDirectoryReader
Because:
Server returned HTTP response code: 503 for URL: http://ptolemy.eecs.berkeley.edu/ptolemyII/ptII1.0/ptII1.0/
  in .URLDirectoryReader3.URLDirectoryReader.sourceURL
Because:
Error evaluating expression:
&quot;http://ptolemy.eecs.berkeley.edu/ptolemyII/ptII1.0/ptII1.0/&quot;
  in .URLDirectoryReader3.URLDirectoryReader.sourceURL
Because:
Failed to evaluate sourceURL &apos;&quot;http://ptolemy.eecs.berkeley.edu/ptolemyII/ptII1.0/ptII1.0/&quot;&apos;
  in .URLDirectoryReader3.URLDirectoryReader
Because:
Server returned HTTP response code: 503 for URL: http://ptolemy.eecs.berkeley.edu/ptolemyII/ptII1.0/ptII1.0/
	at ptolemy.data.expr.Variable.validate(Variable.java:1619)
	at ptolemy.moml.MoMLParser.endDocument(MoMLParser.java:867)
	at com.microstar.xml.XmlParser.doParse(XmlParser.java:162)
	at com.microstar.xml.XmlParser.parse(XmlParser.java:132)
	at ptolemy.moml.MoMLParser.parse(MoMLParser.java:1660)
	at ptolemy.moml.MoMLParser.parse(MoMLParser.java:1595)
	at ptolemy.moml.MoMLParser.parse(MoMLParser.java:1537)
	at ptolemy.moml.MoMLSimpleApplication.&lt;init&gt;(MoMLSimpleApplication.java:123)
Caused by: ptolemy.kernel.util.IllegalActionException: Error evaluating expression:
&quot;http://ptolemy.eecs.berkeley.edu/ptolemyII/ptII1.0/ptII1.0/&quot;
  in .URLDirectoryReader3.URLDirectoryReader.sourceURL
Because:
Failed to evaluate sourceURL &apos;&quot;http://ptolemy.eecs.berkeley.edu/ptolemyII/ptII1.0/ptII1.0/&quot;&apos;
  in .URLDirectoryReader3.URLDirectoryReader
Because:
Server returned HTTP response code: 503 for URL: http://ptolemy.eecs.berkeley.edu/ptolemyII/ptII1.0/ptII1.0/
	at ptolemy.data.expr.Variable._evaluate(Variable.java:1891)
	at ptolemy.data.expr.Variable._propagate(Variable.java:1984)
	at ptolemy.data.expr.Variable.validate(Variable.java:1596)
Caused by: ptolemy.kernel.util.IllegalActionException: Failed to evaluate sourceURL &apos;&quot;http://ptolemy.eecs.berkeley.edu/ptolemyII/ptII1.0/ptII1.0/&quot;&apos;
  in .URLDirectoryReader3.URLDirectoryReader
Because:
Server returned HTTP response code: 503 for URL: http://ptolemy.eecs.berkeley.edu/ptolemyII/ptII1.0/ptII1.0/
	at ptolemy.actor.lib.URLReader.attributeChanged(URLReader.java:165)
	at ptolemy.actor.lib.URLDirectoryReader.attributeChanged(URLDirectoryReader.java:153)
	at ptolemy.data.expr.Variable._setTokenAndNotify(Variable.java:2271)
	at ptolemy.data.expr.Variable._evaluate(Variable.java:1873)
Caused by: java.io.IOException: Server returned HTTP response code: 503 for URL: http://ptolemy.eecs.berkeley.edu/ptolemyII/ptII1.0/ptII1.0/
	at java.base/sun.net.www.protocol.http.HttpURLConnection.getInputStream0(HttpURLConnection.java:1913)
	at java.base/sun.net.www.protocol.http.HttpURLConnection.getInputStream(HttpURLConnection.java:1509)
	at java.base/java.net.URL.openStream(URL.java:1117)
	at ptolemy.actor.lib.URLReader.attributeChanged(URLReader.java:160)
</error>
  </testcase>
  <testcase classname="ptolemy.util.test.junit.AutoTests" name="[390] /home/travis/build/icyphy/ptII/ptolemy/actor/lib/test/auto/UnaryMathFunction.xml (RunModel)" time="0.028" />
  <testcase classname="ptolemy.util.test.junit.AutoTests" name="[391] /home/travis/build/icyphy/ptII/ptolemy/actor/lib/test/auto/Uniform.xml (RunModel)" time="0.014" />
  <testcase classname="ptolemy.util.test.junit.AutoTests" name="[392] /home/travis/build/icyphy/ptII/ptolemy/actor/lib/test/auto/UnionDisassemblerTest.xml (RunModel)" time="0.016" />
  <testcase classname="ptolemy.util.test.junit.AutoTests" name="[393] /home/travis/build/icyphy/ptII/ptolemy/actor/lib/test/auto/UtilityFunctions.xml (RunModel)" time="0.012" />
  <testcase classname="ptolemy.util.test.junit.AutoTests" name="[394] /home/travis/build/icyphy/ptII/ptolemy/actor/lib/test/auto/VariableSleep.xml (RunModel)" time="0.513" />
  <testcase classname="ptolemy.util.test.junit.AutoTests" name="[395] /home/travis/build/icyphy/ptII/ptolemy/actor/lib/test/auto/VectorAssemblerDisassemblerCT.xml (RunModel)" time="0.136" />
  <testcase classname="ptolemy.util.test.junit.AutoTests" name="[396] /home/travis/build/icyphy/ptII/ptolemy/actor/lib/test/auto/VectorAssemblerDisassemblerDE.xml (RunModel)" time="0.014" />
  <testcase classname="ptolemy.util.test.junit.AutoTests" name="[397] /home/travis/build/icyphy/ptII/ptolemy/actor/lib/test/auto/VectorAssemblerDisassemblerSDF.xml (RunModel)" time="0.014" />
  <testcase classname="ptolemy.util.test.junit.AutoTests" name="[398] /home/travis/build/icyphy/ptII/ptolemy/actor/lib/test/auto/WallClockTime.xml (RunModel)" time="1.013" />
  <testcase classname="ptolemy.util.test.junit.AutoTests" name="[399] /home/travis/build/icyphy/ptII/ptolemy/actor/lib/test/auto/WidthTestWithSubscriberPublisher.xml (RunModel)" time="0.046" />
  <testcase classname="ptolemy.util.test.junit.AutoTests" name="[400] /home/travis/build/icyphy/ptII/ptolemy/actor/lib/test/auto/WidthTestWithSubscriberPublisher2.xml (RunModel)" time="0.014" />
  <testcase classname="ptolemy.util.test.junit.AutoTests" name="[401] /home/travis/build/icyphy/ptII/ptolemy/actor/lib/test/auto/WidthTestWithSubscriberPublisher3.xml (RunModel)" time="0.012" />
  <testcase classname="ptolemy.util.test.junit.AutoTests" name="[402] /home/travis/build/icyphy/ptII/ptolemy/actor/lib/test/auto/Writer.xml (RunModel)" time="0.008" />
  <testcase classname="ptolemy.util.test.junit.AutoTests" name="[403] /home/travis/build/icyphy/ptII/ptolemy/actor/lib/test/auto/array.xml (RunModel)" time="0.026" />
  <testcase classname="ptolemy.util.test.junit.AutoTests" name="[404] /home/travis/build/icyphy/ptII/ptolemy/actor/lib/test/auto/array2.xml (RunModel)" time="0.02" />
  <testcase classname="ptolemy.util.test.junit.AutoTests" name="[405] /home/travis/build/icyphy/ptII/ptolemy/actor/lib/test/auto/arrayType.xml (RunModel)" time="0.011" />
  <testcase classname="ptolemy.util.test.junit.AutoTests" name="[406] /home/travis/build/icyphy/ptII/ptolemy/actor/lib/test/auto/arrayType10.xml (RunModel)" time="0.017" />
  <testcase classname="ptolemy.util.test.junit.AutoTests" name="[407] /home/travis/build/icyphy/ptII/ptolemy/actor/lib/test/auto/arrayType11.xml (RunModel)" time="0.01" />
  <testcase classname="ptolemy.util.test.junit.AutoTests" name="[408] /home/travis/build/icyphy/ptII/ptolemy/actor/lib/test/auto/arrayType12.xml (RunModel)" time="0.011" />
  <testcase classname="ptolemy.util.test.junit.AutoTests" name="[409] /home/travis/build/icyphy/ptII/ptolemy/actor/lib/test/auto/arrayType13.xml (RunModel)" time="0.011" />
  <testcase classname="ptolemy.util.test.junit.AutoTests" name="[410] /home/travis/build/icyphy/ptII/ptolemy/actor/lib/test/auto/arrayType14.xml (RunModel)" time="0.01" />
  <testcase classname="ptolemy.util.test.junit.AutoTests" name="[411] /home/travis/build/icyphy/ptII/ptolemy/actor/lib/test/auto/arrayType15.xml (RunModel)" time="0.046" />
  <testcase classname="ptolemy.util.test.junit.AutoTests" name="[412] /home/travis/build/icyphy/ptII/ptolemy/actor/lib/test/auto/arrayType16.xml (RunModel)" time="0.013" />
  <testcase classname="ptolemy.util.test.junit.AutoTests" name="[413] /home/travis/build/icyphy/ptII/ptolemy/actor/lib/test/auto/arrayType17.xml (RunModel)" time="0.01" />
  <testcase classname="ptolemy.util.test.junit.AutoTests" name="[414] /home/travis/build/icyphy/ptII/ptolemy/actor/lib/test/auto/arrayType18.xml (RunModel)" time="0.009" />
  <testcase classname="ptolemy.util.test.junit.AutoTests" name="[415] /home/travis/build/icyphy/ptII/ptolemy/actor/lib/test/auto/arrayType19.xml (RunModel)" time="0.009" />
  <testcase classname="ptolemy.util.test.junit.AutoTests" name="[416] /home/travis/build/icyphy/ptII/ptolemy/actor/lib/test/auto/arrayType2.xml (RunModel)" time="0.01" />
  <testcase classname="ptolemy.util.test.junit.AutoTests" name="[417] /home/travis/build/icyphy/ptII/ptolemy/actor/lib/test/auto/arrayType20.xml (RunModel)" time="0.01" />
  <testcase classname="ptolemy.util.test.junit.AutoTests" name="[418] /home/travis/build/icyphy/ptII/ptolemy/actor/lib/test/auto/arrayType21.xml (RunModel)" time="0.009" />
  <testcase classname="ptolemy.util.test.junit.AutoTests" name="[419] /home/travis/build/icyphy/ptII/ptolemy/actor/lib/test/auto/arrayType22.xml (RunModel)" time="0.008" />
  <testcase classname="ptolemy.util.test.junit.AutoTests" name="[420] /home/travis/build/icyphy/ptII/ptolemy/actor/lib/test/auto/arrayType23.xml (RunModel)" time="0.009" />
  <testcase classname="ptolemy.util.test.junit.AutoTests" name="[421] /home/travis/build/icyphy/ptII/ptolemy/actor/lib/test/auto/arrayType24.xml (RunModel)" time="0.01" />
  <testcase classname="ptolemy.util.test.junit.AutoTests" name="[422] /home/travis/build/icyphy/ptII/ptolemy/actor/lib/test/auto/arrayType25.xml (RunModel)" time="0.009" />
  <testcase classname="ptolemy.util.test.junit.AutoTests" name="[423] /home/travis/build/icyphy/ptII/ptolemy/actor/lib/test/auto/arrayType26.xml (RunModel)" time="0.009" />
  <testcase classname="ptolemy.util.test.junit.AutoTests" name="[424] /home/travis/build/icyphy/ptII/ptolemy/actor/lib/test/auto/arrayType27.xml (RunModel)" time="0.01" />
  <testcase classname="ptolemy.util.test.junit.AutoTests" name="[425] /home/travis/build/icyphy/ptII/ptolemy/actor/lib/test/auto/arrayType28.xml (RunModel)" time="0.011" />
  <testcase classname="ptolemy.util.test.junit.AutoTests" name="[426] /home/travis/build/icyphy/ptII/ptolemy/actor/lib/test/auto/arrayType3.xml (RunModel)" time="0.01" />
  <testcase classname="ptolemy.util.test.junit.AutoTests" name="[427] /home/travis/build/icyphy/ptII/ptolemy/actor/lib/test/auto/arrayType4.xml (RunModel)" time="0.009" />
  <testcase classname="ptolemy.util.test.junit.AutoTests" name="[428] /home/travis/build/icyphy/ptII/ptolemy/actor/lib/test/auto/arrayType5.xml (RunModel)" time="0.011" />
  <testcase classname="ptolemy.util.test.junit.AutoTests" name="[429] /home/travis/build/icyphy/ptII/ptolemy/actor/lib/test/auto/arrayType6.xml (RunModel)" time="0.009" />
  <testcase classname="ptolemy.util.test.junit.AutoTests" name="[430] /home/travis/build/icyphy/ptII/ptolemy/actor/lib/test/auto/arrayType7.xml (RunModel)" time="0.02" />
  <testcase classname="ptolemy.util.test.junit.AutoTests" name="[431] /home/travis/build/icyphy/ptII/ptolemy/actor/lib/test/auto/arrayType8.xml (RunModel)" time="0.015" />
  <testcase classname="ptolemy.util.test.junit.AutoTests" name="[432] /home/travis/build/icyphy/ptII/ptolemy/actor/lib/test/auto/arrayType9.xml (RunModel)" time="0.009" />
  <testcase classname="ptolemy.util.test.junit.AutoTests" name="[433] /home/travis/build/icyphy/ptII/ptolemy/actor/lib/test/auto/cast.xml (RunModel)" time="0.01" />
  <testcase classname="ptolemy.util.test.junit.AutoTests" name="[434] /home/travis/build/icyphy/ptII/ptolemy/actor/lib/test/auto/compositeMultiPort.xml (RunModel)" time="0.018" />
  <testcase classname="ptolemy.util.test.junit.AutoTests" name="[435] /home/travis/build/icyphy/ptII/ptolemy/actor/lib/test/auto/expressionCastInference.xml (RunModel)" time="0.009" />
  <testcase classname="ptolemy.util.test.junit.AutoTests" name="[436] /home/travis/build/icyphy/ptII/ptolemy/actor/lib/test/auto/expressionCastInference2.xml (RunModel)" time="0.008" />
  <testcase classname="ptolemy.util.test.junit.AutoTests" name="[437] /home/travis/build/icyphy/ptII/ptolemy/actor/lib/test/auto/expressionInference.xml (RunModel)" time="0.007" />
  <testcase classname="ptolemy.util.test.junit.AutoTests" name="[438] /home/travis/build/icyphy/ptII/ptolemy/actor/lib/test/auto/expression_bug.xml (RunModel)" time="0.01" />
  <testcase classname="ptolemy.util.test.junit.AutoTests" name="[439] /home/travis/build/icyphy/ptII/ptolemy/actor/lib/test/auto/factorial.xml (RunModel)" time="0.058" />
  <testcase classname="ptolemy.util.test.junit.AutoTests" name="[440] /home/travis/build/icyphy/ptII/ptolemy/actor/lib/test/auto/filterTest1.xml (RunModel)" time="0.017" />
  <testcase classname="ptolemy.util.test.junit.AutoTests" name="[441] /home/travis/build/icyphy/ptII/ptolemy/actor/lib/test/auto/funcApplyInConst.xml (RunModel)" time="0.006" />
  <testcase classname="ptolemy.util.test.junit.AutoTests" name="[442] /home/travis/build/icyphy/ptII/ptolemy/actor/lib/test/auto/funcApplyInExpr.xml (RunModel)" time="0.006" />
  <testcase classname="ptolemy.util.test.junit.AutoTests" name="[443] /home/travis/build/icyphy/ptII/ptolemy/actor/lib/test/auto/function.xml (RunModel)" time="0.014" />
  <testcase classname="ptolemy.util.test.junit.AutoTests" name="[444] /home/travis/build/icyphy/ptII/ptolemy/actor/lib/test/auto/function2.xml (RunModel)" time="0.011" />
  <testcase classname="ptolemy.util.test.junit.AutoTests" name="[445] /home/travis/build/icyphy/ptII/ptolemy/actor/lib/test/auto/function3.xml (RunModel)" time="0.008" />
  <testcase classname="ptolemy.util.test.junit.AutoTests" name="[446] /home/travis/build/icyphy/ptII/ptolemy/actor/lib/test/auto/functionClosureTest1.xml (RunModel)" time="0.011" />
  <testcase classname="ptolemy.util.test.junit.AutoTests" name="[447] /home/travis/build/icyphy/ptII/ptolemy/actor/lib/test/auto/functionClosureTest2.xml (RunModel)" time="0.008" />
  <testcase classname="ptolemy.util.test.junit.AutoTests" name="[448] /home/travis/build/icyphy/ptII/ptolemy/actor/lib/test/auto/functionClosureTest3.xml (RunModel)" time="0.013" />
  <testcase classname="ptolemy.util.test.junit.AutoTests" name="[449] /home/travis/build/icyphy/ptII/ptolemy/actor/lib/test/auto/functionClosureTest4.xml (RunModel)" time="0.015" />
  <testcase classname="ptolemy.util.test.junit.AutoTests" name="[450] /home/travis/build/icyphy/ptII/ptolemy/actor/lib/test/auto/functionClosureTest5.xml (RunModel)" time="0.015" />
  <testcase classname="ptolemy.util.test.junit.AutoTests" name="[451] /home/travis/build/icyphy/ptII/ptolemy/actor/lib/test/auto/functionClosureTest6.xml (RunModel)" time="0.011" />
  <testcase classname="ptolemy.util.test.junit.AutoTests" name="[452] /home/travis/build/icyphy/ptII/ptolemy/actor/lib/test/auto/functionsOnArcs.xml (RunModel)" time="0.01" />
  <testcase classname="ptolemy.util.test.junit.AutoTests" name="[453] /home/travis/build/icyphy/ptII/ptolemy/actor/lib/test/auto/functionsOnArcsHOF.xml (RunModel)" time="0.012" />
  <testcase classname="ptolemy.util.test.junit.AutoTests" name="[454] /home/travis/build/icyphy/ptII/ptolemy/actor/lib/test/auto/logic.xml (RunModel)" time="0.019" />
  <testcase classname="ptolemy.util.test.junit.AutoTests" name="[455] /home/travis/build/icyphy/ptII/ptolemy/actor/lib/test/auto/matrixType.xml (RunModel)" time="0.009" />
  <testcase classname="ptolemy.util.test.junit.AutoTests" name="[456] /home/travis/build/icyphy/ptII/ptolemy/actor/lib/test/auto/matrixType10.xml (RunModel)" time="0.01" />
  <testcase classname="ptolemy.util.test.junit.AutoTests" name="[457] /home/travis/build/icyphy/ptII/ptolemy/actor/lib/test/auto/matrixType11.xml (RunModel)" time="0.01" />
  <testcase classname="ptolemy.util.test.junit.AutoTests" name="[458] /home/travis/build/icyphy/ptII/ptolemy/actor/lib/test/auto/matrixType12.xml (RunModel)" time="0.012" />
  <testcase classname="ptolemy.util.test.junit.AutoTests" name="[459] /home/travis/build/icyphy/ptII/ptolemy/actor/lib/test/auto/matrixType13.xml (RunModel)" time="0.009" />
  <testcase classname="ptolemy.util.test.junit.AutoTests" name="[460] /home/travis/build/icyphy/ptII/ptolemy/actor/lib/test/auto/matrixType14.xml (RunModel)" time="0.011" />
  <testcase classname="ptolemy.util.test.junit.AutoTests" name="[461] /home/travis/build/icyphy/ptII/ptolemy/actor/lib/test/auto/matrixType2.xml (RunModel)" time="0.01" />
  <testcase classname="ptolemy.util.test.junit.AutoTests" name="[462] /home/travis/build/icyphy/ptII/ptolemy/actor/lib/test/auto/matrixType3.xml (RunModel)" time="0.009" />
  <testcase classname="ptolemy.util.test.junit.AutoTests" name="[463] /home/travis/build/icyphy/ptII/ptolemy/actor/lib/test/auto/matrixType4.xml (RunModel)" time="0.011" />
  <testcase classname="ptolemy.util.test.junit.AutoTests" name="[464] /home/travis/build/icyphy/ptII/ptolemy/actor/lib/test/auto/matrixType5.xml (RunModel)" time="0.009" />
  <testcase classname="ptolemy.util.test.junit.AutoTests" name="[465] /home/travis/build/icyphy/ptII/ptolemy/actor/lib/test/auto/matrixType6.xml (RunModel)" time="0.008" />
  <testcase classname="ptolemy.util.test.junit.AutoTests" name="[466] /home/travis/build/icyphy/ptII/ptolemy/actor/lib/test/auto/matrixType7.xml (RunModel)" time="0.01" />
  <testcase classname="ptolemy.util.test.junit.AutoTests" name="[467] /home/travis/build/icyphy/ptII/ptolemy/actor/lib/test/auto/matrixType8.xml (RunModel)" time="0.009" />
  <testcase classname="ptolemy.util.test.junit.AutoTests" name="[468] /home/travis/build/icyphy/ptII/ptolemy/actor/lib/test/auto/matrixType9.xml (RunModel)" time="0.008" />
  <testcase classname="ptolemy.util.test.junit.AutoTests" name="[469] /home/travis/build/icyphy/ptII/ptolemy/actor/lib/test/auto/paraFunctest.xml (RunModel)" time="0.007" />
  <testcase classname="ptolemy.util.test.junit.AutoTests" name="[470] /home/travis/build/icyphy/ptII/ptolemy/actor/lib/test/auto/paraFunctest2.xml (RunModel)" time="0.013" />
  <testcase classname="ptolemy.util.test.junit.AutoTests" name="[471] /home/travis/build/icyphy/ptII/ptolemy/actor/lib/test/auto/parameterPassing.xml (RunModel)" time="0.025" />
  <testcase classname="ptolemy.util.test.junit.AutoTests" name="[472] /home/travis/build/icyphy/ptII/ptolemy/actor/lib/test/auto/record.xml (RunModel)" time="0.013" />
  <testcase classname="ptolemy.util.test.junit.AutoTests" name="[473] /home/travis/build/icyphy/ptII/ptolemy/actor/lib/test/auto/sizedarray1.xml (RunModel)" time="0.01" />
  <testcase classname="ptolemy.util.test.junit.AutoTests" name="[474] /home/travis/build/icyphy/ptII/ptolemy/actor/lib/test/auto/sizedarray2.xml (RunModel)" time="0.01" />
  <testcase classname="ptolemy.util.test.junit.AutoTests" name="[475] /home/travis/build/icyphy/ptII/ptolemy/actor/lib/test/auto/twoPublishers.xml (RunModel)" time="0.024" />
  <system-out><![CDATA[/home/travis/build/icyphy/ptII/ptolemy/actor/lib/test/AbsoluteValue.tcl
testDefs.tcl: setting time out to 9000 seconds at Thu Oct 10 18:44:15 UTC 2019
135 ms. Memory: 120832K Free: 85427K (71%)
5 ms. Memory: 120832K Free: 83908K (69%)
12 ms. Memory: 120832K Free: 82884K (69%)
13 ms. Memory: 120832K Free: 82370K (68%)
/home/travis/build/icyphy/ptII/ptolemy/actor/lib/test/AddSubtract.tcl
23 ms. Memory: 120832K Free: 80322K (66%)
12 ms. Memory: 120832K Free: 79298K (66%)
11 ms. Memory: 120832K Free: 78788K (65%)
18 ms. Memory: 120832K Free: 77764K (64%)
81 ms. Memory: 120832K Free: 75202K (62%)
16 ms. Memory: 120832K Free: 74178K (61%)
/home/travis/build/icyphy/ptII/ptolemy/actor/lib/test/Average.tcl
19 ms. Memory: 120832K Free: 72644K (60%)
13 ms. Memory: 120832K Free: 71106K (59%)
/home/travis/build/icyphy/ptII/ptolemy/actor/lib/test/Bernoulli.tcl
16 ms. Memory: 120832K Free: 69572K (58%)
2 ms. Memory: 120832K Free: 69572K (58%)
/home/travis/build/icyphy/ptII/ptolemy/actor/lib/test/Clock.tcl
preinitializing
resolving types
initializing
executing number 1
wrapping up
idle
50 ms. Memory: 120832K Free: 66500K (55%)
Completed execution with 5 iterations
preinitializing
resolving types
initializing
executing number 1
wrapping up
idle
10 ms. Memory: 120832K Free: 65986K (55%)
Completed execution with 5 iterations
preinitializing
resolving types
initializing
executing number 1
wrapping up
idle
12 ms. Memory: 120832K Free: 65476K (54%)
Completed execution with 5 iterations
/home/travis/build/icyphy/ptII/ptolemy/actor/lib/test/Commutator.tcl
9 ms. Memory: 120832K Free: 63428K (52%)
15 ms. Memory: 120832K Free: 62404K (52%)
28 ms. Memory: 120832K Free: 56763K (47%)
/home/travis/build/icyphy/ptII/ptolemy/actor/lib/test/Const.tcl
4 ms. Memory: 120832K Free: 55236K (46%)
3 ms. Memory: 120832K Free: 54722K (45%)
7 ms. Memory: 120832K Free: 54212K (45%)
6 ms. Memory: 120832K Free: 53698K (44%)
2 ms. Memory: 120832K Free: 52659K (44%)
21 ms. Memory: 120832K Free: 51140K (42%)
11 ms. Memory: 120832K Free: 50116K (41%)
7 ms. Memory: 120832K Free: 49092K (41%)
/home/travis/build/icyphy/ptII/ptolemy/actor/lib/test/CurrentTime.tcl
preinitializing
resolving types
initializing
executing number 1
wrapping up
idle
14 ms. Memory: 120832K Free: 47554K (39%)
Completed execution with 11 iterations
/home/travis/build/icyphy/ptII/ptolemy/actor/lib/test/DB.tcl
26 ms. Memory: 120832K Free: 107177K (89%)
6 ms. Memory: 120832K Free: 106681K (88%)
1 ms. Memory: 120832K Free: 106167K (88%)
/home/travis/build/icyphy/ptII/ptolemy/actor/lib/test/DiscreteRandomSource.tcl
preinitializing
resolving types
initializing
executing number 1
wrapping up
idle
5 ms. Memory: 120832K Free: 105619K (87%)
Completed execution with 4 iterations
preinitializing
resolving types
initializing
executing number 1
wrapping up
idle
2 ms. Memory: 120832K Free: 104898K (87%)
Completed execution with 4 iterations
preinitializing
resolving types
initializing
executing number 1
wrapping up
idle
3 ms. Memory: 120832K Free: 104595K (87%)
Completed execution with 4 iterations
preinitializing
resolving types
initializing
executing number 1
wrapping up
idle
3 ms. Memory: 120832K Free: 104249K (86%)
Completed execution with 4 iterations
preinitializing
resolving types
initializing
executing number 1
wrapping up
idle
4 ms. Memory: 120832K Free: 103571K (86%)
Completed execution with 4 iterations
/home/travis/build/icyphy/ptII/ptolemy/actor/lib/test/Distributor.tcl
4 ms. Memory: 120832K Free: 102187K (85%)
3 ms. Memory: 120832K Free: 101523K (84%)
StreamChangeRequest.changeExecuted(): <deleteEntity name="rec2"/> succeeded
StreamChangeRequest.changeExecuted(): <deleteRelation name="r2"/> succeeded
StreamChangeRequest.changeExecuted(): Record firings per iteration succeeded
5 ms. Memory: 120832K Free: 99099K (82%)
/home/travis/build/icyphy/ptII/ptolemy/actor/lib/test/Exit.tcl
Exit.tcl: this will print a message about Manager.exitAfterWrapup, which can be ignored.
5 ms. Memory: 120832K Free: 95948K (79%)
/home/travis/build/icyphy/ptII/ptolemy/actor/lib/test/Expression.tcl
24 ms. Memory: 120832K Free: 92640K (77%)
15 ms. Memory: 120832K Free: 91947K (76%)
3 ms. Memory: 120832K Free: 91283K (76%)
preinitializing
resolving types
initializing
executing number 1
wrapping up
idle
16 ms. Memory: 120832K Free: 89569K (74%)
Completed execution with 6 iterations
11 ms. Memory: 120832K Free: 106176K (88%)
8 ms. Memory: 120832K Free: 105678K (87%)
10 ms. Memory: 120832K Free: 104128K (86%)
4 ms. Memory: 120832K Free: 103112K (85%)
4 ms. Memory: 120832K Free: 101584K (84%)
/home/travis/build/icyphy/ptII/ptolemy/actor/lib/test/Gaussian.tcl
5 ms. Memory: 120832K Free: 100046K (83%)
sleeping 1 seconds: ............................................................................................................................................................................................................................................................................................................................................................................................................................................................................................................................................................................................................................................................................................................................................................................................................................................................................................................................................9 ms. Memory: 120832K Free: 95440K (79%)
2 ms. Memory: 120832K Free: 94912K (79%)
1 ms. Memory: 120832K Free: 94416K (78%)
11 ms. Memory: 120832K Free: 93392K (77%)
2 ms. Memory: 120832K Free: 92862K (77%)
/home/travis/build/icyphy/ptII/ptolemy/actor/lib/test/IIR.tcl
/home/travis/build/icyphy/ptII/ptolemy/actor/lib/test/Interpolator.tcl
5 ms. Memory: 120832K Free: 89296K (74%)
2 ms. Memory: 120832K Free: 88768K (73%)
7 ms. Memory: 120832K Free: 88270K (73%)
2 ms. Memory: 120832K Free: 87758K (73%)
8 ms. Memory: 120832K Free: 86704K (72%)
3 ms. Memory: 120832K Free: 85710K (71%)
3 ms. Memory: 120832K Free: 85200K (71%)
11 ms. Memory: 120832K Free: 84176K (70%)
2 ms. Memory: 120832K Free: 83152K (69%)
9 ms. Memory: 120832K Free: 82128K (68%)
/home/travis/build/icyphy/ptII/ptolemy/actor/lib/test/MathFunction.tcl
5 ms. Memory: 120832K Free: 80080K (66%)
3 ms. Memory: 120832K Free: 79056K (65%)
10 ms. Memory: 120832K Free: 78032K (65%)
3 ms. Memory: 120832K Free: 77488K (64%)
4 ms. Memory: 120832K Free: 75984K (63%)
10 ms. Memory: 120832K Free: 105277K (87%)
/home/travis/build/icyphy/ptII/ptolemy/actor/lib/test/Maximum.tcl
4 ms. Memory: 120832K Free: 103711K (86%)
3 ms. Memory: 120832K Free: 102711K (85%)
2 ms. Memory: 120832K Free: 102207K (85%)
3 ms. Memory: 120832K Free: 101679K (84%)
/home/travis/build/icyphy/ptII/ptolemy/actor/lib/test/Minimum.tcl
4 ms. Memory: 120832K Free: 99645K (82%)
2 ms. Memory: 120832K Free: 99133K (82%)
2 ms. Memory: 120832K Free: 98589K (82%)
2 ms. Memory: 120832K Free: 98111K (81%)
/home/travis/build/icyphy/ptII/ptolemy/actor/lib/test/MultiplyDivide.tcl
5 ms. Memory: 120832K Free: 96063K (80%)
3 ms. Memory: 120832K Free: 95039K (79%)
3 ms. Memory: 120832K Free: 94511K (78%)
3 ms. Memory: 120832K Free: 94015K (78%)
3 ms. Memory: 120832K Free: 92991K (77%)
/home/travis/build/icyphy/ptII/ptolemy/actor/lib/test/OrderedMerge.tcl
Connections changed on port: inputA
Connections changed on port: inputB
Connections changed on port: output
Connections changed on port: output
Connections changed on port: output
Connections changed on port: input
.top. Preinitializing ...
Invoking preinitialize():  .top.OrderedMerge
Called preinitialize()
Invoking preinitialize():  .top.Ramp
Called preinitialize()
Invoking preinitialize():  .top.Ramp2
Called preinitialize()
Invoking preinitialize():  .top.Test
Called preinitialize()
Connections changed on port: inputA
Connections changed on port: output
Connections changed on port: output
Connections changed on port: input
Connections changed on port: inputB
Connections changed on port: output
.top. Finished preinitialize().
Called initialize().
Invoking initialize():  .top.OrderedMerge
Initializing actor: .top.OrderedMerge
Adding a thread: .top.OrderedMerge
Invoking initialize():  .top.Ramp
Initializing actor: .top.Ramp
Adding a thread: .top.Ramp
Invoking initialize():  .top.Ramp2
Initializing actor: .top.Ramp2
Adding a thread: .top.Ramp2
Invoking initialize():  .top.Test
Initializing actor: .top.Test
Adding a thread: .top.Test
Called fire().
Checking for deadlock:
-- Starting thread.
Called initialize()
Called prefire()
Called fire()
-- Starting thread.
Called initialize()
Called prefire()
Called fire()
There are 0 Blocked actors, 0 Stopped actors, and 4 active threads.
Waiting for actors to stop.
Called postfire()
Called prefire()
Called fire()
-- Starting thread.
Called initialize()
Called prefire()
Called fire()
Called postfire()
Called prefire()
Called fire()
-- Starting thread.
Called initialize()
Called prefire()
Called fire()
Read input token from inputA with value 0.0
Next port to read input from is inputB
Called postfire()
Called prefire()
Called fire()
Read input token from inputB with value 0.0
Sent output token with value 0.0
Next port to read input from is inputA
Called postfire()
Called prefire()
Called fire()
Checking for deadlock:
There are 1 Blocked actors, 0 Stopped actors, and 4 active threads.
Waiting for actors to stop.
Called postfire()
Called prefire()
Called fire()
Called postfire()
Called prefire()
Called fire()
-- Read input: 0.0, which is expected to match: 0.0
Called prefire()
Called fire()
Checking for deadlock:
There are 3 Blocked actors, 0 Stopped actors, and 4 active threads.
Waiting for actors to stop.
Read input token from inputA with value 1.0
Sent output token with value 0.0
Next port to read input from is inputB
Called postfire()
Called prefire()
Called fire()
Read input token from inputB with value 1.5
Checking for deadlock:
There are 1 Blocked actors, 0 Stopped actors, and 4 active threads.
Waiting for actors to stop.
Called postfire()
Called prefire()
Called fire()
Called postfire()
Called prefire()
Called fire()
-- Read input: 0.0, which is expected to match: 0.0
Called prefire()
Called fire()
Checking for deadlock:
There are 3 Blocked actors, 0 Stopped actors, and 4 active threads.
Waiting for actors to stop.
-- Read input: 1.0, which is expected to match: 1.0
Called prefire()
Called fire()
Checking for deadlock:
There are 3 Blocked actors, 0 Stopped actors, and 4 active threads.
Waiting for actors to stop.
Sent output token with value 1.0
Next port to read input from is inputA
Called postfire()
Called prefire()
Called fire()
Called postfire()
Called prefire()
Called fire()
Checking for deadlock:
There are 3 Blocked actors, 0 Stopped actors, and 4 active threads.
Waiting for actors to stop.
Read input token from inputA with value 2.0
-- Read input: 1.5, which is expected to match: 1.5
Called prefire()
Called fire()
Checking for deadlock:
There are 3 Blocked actors, 0 Stopped actors, and 4 active threads.
Waiting for actors to stop.
Sent output token with value 1.5
Next port to read input from is inputB
Called postfire()
Called prefire()
Called fire()
Checking for deadlock:
There are 2 Blocked actors, 0 Stopped actors, and 4 active threads.
Waiting for actors to stop.
Called postfire()
Called prefire()
Called fire()
Checking for deadlock:
There are 3 Blocked actors, 0 Stopped actors, and 4 active threads.
Waiting for actors to stop.
Read input token from inputB with value 3.0
Checking for deadlock:
There are 2 Blocked actors, 0 Stopped actors, and 4 active threads.
Waiting for actors to stop.
-- Read input: 2.0, which is expected to match: 2.0
Called prefire()
Called fire()
Checking for deadlock:
There are 3 Blocked actors, 0 Stopped actors, and 4 active threads.
Waiting for actors to stop.
Sent output token with value 2.0
Next port to read input from is inputA
Called postfire()
Called prefire()
Called fire()
Called postfire()
Called prefire()
Called fire()
Checking for deadlock:
There are 3 Blocked actors, 0 Stopped actors, and 4 active threads.
Waiting for actors to stop.
Read input token from inputA with value 3.0
-- Read input: 3.0, which is expected to match: 3.0
Called prefire()
Called fire()
Checking for deadlock:
There are 3 Blocked actors, 0 Stopped actors, and 4 active threads.
Waiting for actors to stop.
Sent output token with value 3.0
Next port to read input from is inputB
Called postfire()
Called prefire()
Called fire()
Checking for deadlock:
There are 2 Blocked actors, 0 Stopped actors, and 4 active threads.
Waiting for actors to stop.
Called postfire()
Called prefire()
Called fire()
Checking for deadlock:
There are 3 Blocked actors, 0 Stopped actors, and 4 active threads.
Waiting for actors to stop.
Read input token from inputB with value 4.5
Checking for deadlock:
There are 2 Blocked actors, 0 Stopped actors, and 4 active threads.
Waiting for actors to stop.
-- Read input: 3.0, which is expected to match: 3.0
Called prefire()
Called fire()
Checking for deadlock:
There are 3 Blocked actors, 0 Stopped actors, and 4 active threads.
Waiting for actors to stop.
Sent output token with value 3.0
Next port to read input from is inputA
Called postfire()
Called prefire()
Called fire()
Called postfire()
Called prefire()
Called fire()
Checking for deadlock:
There are 3 Blocked actors, 0 Stopped actors, and 4 active threads.
Waiting for actors to stop.
Read input token from inputA with value 4.0
-- Read input: 4.0, which is expected to match: 4.0
Called prefire()
Called fire()
Past the end of training data. Read and discard all inputs.
Checking for deadlock:
There are 3 Blocked actors, 0 Stopped actors, and 4 active threads.
Waiting for actors to stop.
Sent output token with value 4.0
Next port to read input from is inputA
Called postfire()
Called prefire()
Called fire()
Called postfire()
Called prefire()
Called fire()
Checking for deadlock:
There are 3 Blocked actors, 0 Stopped actors, and 4 active threads.
Waiting for actors to stop.
Read input token from inputA with value 5.0
Called prefire()
Called fire()
Past the end of training data. Read and discard all inputs.
Checking for deadlock:
There are 3 Blocked actors, 0 Stopped actors, and 4 active threads.
Waiting for actors to stop.
Sent output token with value 4.5
Next port to read input from is inputB
Called postfire()
Called prefire()
Called fire()
Checking for deadlock:
There are 2 Blocked actors, 0 Stopped actors, and 4 active threads.
Waiting for actors to stop.
Called postfire()
Called prefire()
Called fire()
Checking for deadlock:
There are 3 Blocked actors, 0 Stopped actors, and 4 active threads.
Waiting for actors to stop.
Read input token from inputB with value 6.0
Checking for deadlock:
There are 2 Blocked actors, 0 Stopped actors, and 4 active threads.
Waiting for actors to stop.
Called prefire()
Called fire()
Past the end of training data. Read and discard all inputs.
Checking for deadlock:
There are 3 Blocked actors, 0 Stopped actors, and 4 active threads.
Waiting for actors to stop.
Sent output token with value 5.0
Next port to read input from is inputA
Called postfire()
Called prefire()
Called fire()
Called postfire()
Called prefire()
Called fire()
Checking for deadlock:
There are 3 Blocked actors, 0 Stopped actors, and 4 active threads.
Waiting for actors to stop.
Read input token from inputA with value 6.0
Called prefire()
Called fire()
Past the end of training data. Read and discard all inputs.
Checking for deadlock:
There are 3 Blocked actors, 0 Stopped actors, and 4 active threads.
Waiting for actors to stop.
Sent output token with value 6.0
Next port to read input from is inputB
Called postfire()
Called prefire()
Called fire()
Checking for deadlock:
There are 2 Blocked actors, 0 Stopped actors, and 4 active threads.
Waiting for actors to stop.
Called postfire()
Called prefire()
Called fire()
Checking for deadlock:
There are 3 Blocked actors, 0 Stopped actors, and 4 active threads.
Waiting for actors to stop.
Read input token from inputB with value 7.5
Checking for deadlock:
There are 2 Blocked actors, 0 Stopped actors, and 4 active threads.
Waiting for actors to stop.
Called prefire()
Called fire()
Past the end of training data. Read and discard all inputs.
Checking for deadlock:
There are 3 Blocked actors, 0 Stopped actors, and 4 active threads.
Waiting for actors to stop.
Sent output token with value 6.0
Next port to read input from is inputA
Called postfire()
Called prefire()
Called fire()
Called postfire()
Called prefire()
Called fire()
Checking for deadlock:
There are 3 Blocked actors, 0 Stopped actors, and 4 active threads.
Waiting for actors to stop.
Read input token from inputA with value 7.0
Called prefire()
Called fire()
Past the end of training data. Read and discard all inputs.
Checking for deadlock:
There are 3 Blocked actors, 0 Stopped actors, and 4 active threads.
Waiting for actors to stop.
Sent output token with value 7.0
Next port to read input from is inputA
Called postfire()
Called prefire()
Called fire()
-- Thread wrapup() called.
Called wrapup()
Thread .top.Ramp is exiting.
-- Thread stopped.
Checking for deadlock:
There are 2 Blocked actors, 0 Stopped actors, and 3 active threads.
Waiting for actors to stop.
Read input token from inputA with value 8.0
Sent output token with value 7.5
Next port to read input from is inputB
Called postfire()
Called prefire()
Called fire()
Read input token from inputB with value 9.0
Checking for deadlock:
There are 1 Blocked actors, 0 Stopped actors, and 3 active threads.
Waiting for actors to stop.
Called prefire()
Called fire()
Past the end of training data. Read and discard all inputs.
Called postfire()
Called prefire()
Called fire()
Checking for deadlock:
There are 2 Blocked actors, 0 Stopped actors, and 3 active threads.
Waiting for actors to stop.
Called prefire()
Called fire()
Past the end of training data. Read and discard all inputs.
Checking for deadlock:
There are 2 Blocked actors, 0 Stopped actors, and 3 active threads.
Waiting for actors to stop.
Sent output token with value 8.0
Next port to read input from is inputA
Called postfire()
Called prefire()
Called fire()
Read input token from inputA with value 9.0
Called prefire()
Called fire()
Past the end of training data. Read and discard all inputs.
Checking for deadlock:
There are 2 Blocked actors, 0 Stopped actors, and 3 active threads.
Waiting for actors to stop.
Sent output token with value 9.0
Next port to read input from is inputB
Called postfire()
Called prefire()
Called fire()
Checking for deadlock:
There are 1 Blocked actors, 0 Stopped actors, and 3 active threads.
Waiting for actors to stop.
Called postfire()
Called prefire()
Called fire()
Checking for deadlock:
There are 2 Blocked actors, 0 Stopped actors, and 3 active threads.
Waiting for actors to stop.
Read input token from inputB with value 10.5
Checking for deadlock:
There are 1 Blocked actors, 0 Stopped actors, and 3 active threads.
Waiting for actors to stop.
Called prefire()
Called fire()
Past the end of training data. Read and discard all inputs.
Checking for deadlock:
There are 2 Blocked actors, 0 Stopped actors, and 3 active threads.
Waiting for actors to stop.
Sent output token with value 9.0
Next port to read input from is inputA
Called postfire()
Called prefire()
Called fire()
Checking for deadlock:
There are 3 Blocked actors, 0 Stopped actors, and 3 active threads.
Actors have stopped.
Checking for deadlock:
There are 3 Blocked actors, 0 Stopped actors, and 3 active threads.
Deadlock detected.
Resolving Deadlock
Checking for deadlock:
There are 3 Blocked actors, 0 Stopped actors, and 3 active threads.
Artificial Deadlock - increasing queue capacity.
increasing the capacity of receiver ptolemy.actor.TypedIOPort {.top.OrderedMerge.inputB} to 2
-- Thread wrapup() called.
Called wrapup()
Thread .top.Ramp2 is exiting.
-- Thread stopped.
Director: Called postfire().
Called postfire().
_stopRequested = false
_stopFireRequested = false
Returning from postfire(): true
Called fire().
Checking for deadlock:
There are 2 Blocked actors, 0 Stopped actors, and 2 active threads.
Actors have stopped.
Checking for deadlock:
There are 2 Blocked actors, 0 Stopped actors, and 2 active threads.
Deadlock detected.
Resolving Deadlock
Checking for deadlock:
There are 2 Blocked actors, 0 Stopped actors, and 2 active threads.
Deadlock detected: no processes blocked on write, but some are blocked on read.
Called postfire().
_stopRequested = false
_stopFireRequested = false
Returning from postfire(): false
Finished deactivating branches.
Called wrapup().
-- Thread wrapup() called.
Called wrapup()
Thread .top.Test is exiting.
-- Thread stopped.
-- Blocked Receiver call threw TerminateProcessException.
-- Thread wrapup() called.
Called wrapup()
Thread .top.OrderedMerge is exiting.
-- Thread stopped.
-- Blocked Receiver call threw TerminateProcessException.
84 ms. Memory: 120832K Free: 88895K (74%)
.top. Preinitializing ...
Invoking preinitialize():  .top.OrderedMerge
Called preinitialize()
Invoking preinitialize():  .top.Ramp
Called preinitialize()
Invoking preinitialize():  .top.Ramp2
Called preinitialize()
Invoking preinitialize():  .top.Test
Called preinitialize()
.top. Finished preinitialize().
Called initialize().
Invoking initialize():  .top.OrderedMerge
Initializing actor: .top.OrderedMerge
Adding a thread: .top.OrderedMerge
Invoking initialize():  .top.Ramp
Initializing actor: .top.Ramp
Adding a thread: .top.Ramp
Invoking initialize():  .top.Ramp2
Initializing actor: .top.Ramp2
Adding a thread: .top.Ramp2
Invoking initialize():  .top.Test
Initializing actor: .top.Test
Adding a thread: .top.Test
-- Starting thread.
Called initialize()
Called prefire()
Called fire()
-- Starting thread.
Called initialize()
Called prefire()
Called fire()
Called postfire()
Called prefire()
Called fire()
-- Starting thread.
Called initialize()
Called prefire()
Called fire()
Called postfire()
Called prefire()
Called fire()
Called fire().
Checking for deadlock:
There are 3 Blocked actors, 0 Stopped actors, and 4 active threads.
Waiting for actors to stop.
-- Starting thread.
Called initialize()
Called prefire()
Called fire()
Checking for deadlock:
There are 2 Blocked actors, 0 Stopped actors, and 4 active threads.
Waiting for actors to stop.
Called postfire()
Called prefire()
Called fire()
Checking for deadlock:
There are 3 Blocked actors, 0 Stopped actors, and 4 active threads.
Waiting for actors to stop.
Read input token from inputA with value 0.0
Next port to read input from is inputB
Called postfire()
Called prefire()
Called fire()
Called postfire()
Called prefire()
Called fire()
Checking for deadlock:
There are 3 Blocked actors, 0 Stopped actors, and 4 active threads.
Waiting for actors to stop.
Read input token from inputB with value 0.0
Checking for deadlock:
There are 2 Blocked actors, 0 Stopped actors, and 4 active threads.
Waiting for actors to stop.
-- Read input: 0.0, which is expected to match: 0.0
Called prefire()
Called fire()
Checking for deadlock:
There are 3 Blocked actors, 0 Stopped actors, and 4 active threads.
Waiting for actors to stop.
Sent output token with value 0.0
Next port to read input from is inputA
Called postfire()
Called prefire()
Called fire()
Called postfire()
Called prefire()
Called fire()
Checking for deadlock:
There are 3 Blocked actors, 0 Stopped actors, and 4 active threads.
Waiting for actors to stop.
Read input token from inputA with value 1.0
-- Read input: 0.0, which is expected to match: 0.0
Called prefire()
Called fire()
Checking for deadlock:
There are 3 Blocked actors, 0 Stopped actors, and 4 active threads.
Waiting for actors to stop.
Sent output token with value 0.0
Next port to read input from is inputB
Called postfire()
Called prefire()
Called fire()
Checking for deadlock:
There are 2 Blocked actors, 0 Stopped actors, and 4 active threads.
Waiting for actors to stop.
Called postfire()
Called prefire()
Called fire()
Checking for deadlock:
There are 3 Blocked actors, 0 Stopped actors, and 4 active threads.
Waiting for actors to stop.
Read input token from inputB with value 1.5
Checking for deadlock:
There are 2 Blocked actors, 0 Stopped actors, and 4 active threads.
Waiting for actors to stop.
-- Read input: 1.0, which is expected to match: 1.0
Called prefire()
Called fire()
Checking for deadlock:
There are 3 Blocked actors, 0 Stopped actors, and 4 active threads.
Waiting for actors to stop.
Sent output token with value 1.0
Next port to read input from is inputA
Called postfire()
Called prefire()
Called fire()
Called postfire()
Called prefire()
Called fire()
Checking for deadlock:
There are 3 Blocked actors, 0 Stopped actors, and 4 active threads.
Waiting for actors to stop.
Read input token from inputA with value 2.0
-- Read input: 1.5, which is expected to match: 1.5
Called prefire()
Called fire()
Checking for deadlock:
There are 3 Blocked actors, 0 Stopped actors, and 4 active threads.
Waiting for actors to stop.
Sent output token with value 1.5
Next port to read input from is inputB
Called postfire()
Called prefire()
Called fire()
Checking for deadlock:
There are 2 Blocked actors, 0 Stopped actors, and 4 active threads.
Waiting for actors to stop.
Called postfire()
Called prefire()
Called fire()
Checking for deadlock:
There are 3 Blocked actors, 0 Stopped actors, and 4 active threads.
Waiting for actors to stop.
Read input token from inputB with value 3.0
Checking for deadlock:
There are 2 Blocked actors, 0 Stopped actors, and 4 active threads.
Waiting for actors to stop.
-- Read input: 2.0, which is expected to match: 2.0
Called prefire()
Called fire()
Checking for deadlock:
There are 3 Blocked actors, 0 Stopped actors, and 4 active threads.
Waiting for actors to stop.
Sent output token with value 2.0
Next port to read input from is inputA
Called postfire()
Called prefire()
Called fire()
Called postfire()
Called prefire()
Called fire()
Checking for deadlock:
There are 3 Blocked actors, 0 Stopped actors, and 4 active threads.
Waiting for actors to stop.
Read input token from inputA with value 3.0
-- Read input: 3.0, which is expected to match: 3.0
Called prefire()
Called fire()
Checking for deadlock:
There are 3 Blocked actors, 0 Stopped actors, and 4 active threads.
Waiting for actors to stop.
Sent output token with value 3.0
Next port to read input from is inputB
Called postfire()
Called prefire()
Called fire()
Checking for deadlock:
There are 2 Blocked actors, 0 Stopped actors, and 4 active threads.
Waiting for actors to stop.
Called postfire()
Called prefire()
Called fire()
Checking for deadlock:
There are 3 Blocked actors, 0 Stopped actors, and 4 active threads.
Waiting for actors to stop.
Read input token from inputB with value 4.5
Checking for deadlock:
There are 2 Blocked actors, 0 Stopped actors, and 4 active threads.
Waiting for actors to stop.
-- Read input: 3.0, which is expected to match: 3.0
Called prefire()
Called fire()
Checking for deadlock:
There are 3 Blocked actors, 0 Stopped actors, and 4 active threads.
Waiting for actors to stop.
Sent output token with value 3.0
Next port to read input from is inputA
Called postfire()
Called prefire()
Called fire()
Called postfire()
Called prefire()
Called fire()
Checking for deadlock:
There are 3 Blocked actors, 0 Stopped actors, and 4 active threads.
Waiting for actors to stop.
Read input token from inputA with value 4.0
-- Read input: 4.0, which is expected to match: 4.0
Called prefire()
Called fire()
Past the end of training data. Read and discard all inputs.
Checking for deadlock:
There are 3 Blocked actors, 0 Stopped actors, and 4 active threads.
Waiting for actors to stop.
Sent output token with value 4.0
Next port to read input from is inputA
Called postfire()
Called prefire()
Called fire()
Called postfire()
Called prefire()
Called fire()
Checking for deadlock:
There are 3 Blocked actors, 0 Stopped actors, and 4 active threads.
Waiting for actors to stop.
Read input token from inputA with value 5.0
Called prefire()
Called fire()
Past the end of training data. Read and discard all inputs.
Checking for deadlock:
There are 3 Blocked actors, 0 Stopped actors, and 4 active threads.
Waiting for actors to stop.
Sent output token with value 4.5
Next port to read input from is inputB
Called postfire()
Called prefire()
Called fire()
Checking for deadlock:
There are 2 Blocked actors, 0 Stopped actors, and 4 active threads.
Waiting for actors to stop.
Called postfire()
Called prefire()
Called fire()
Checking for deadlock:
There are 3 Blocked actors, 0 Stopped actors, and 4 active threads.
Waiting for actors to stop.
Read input token from inputB with value 6.0
Checking for deadlock:
There are 2 Blocked actors, 0 Stopped actors, and 4 active threads.
Waiting for actors to stop.
Called prefire()
Called fire()
Past the end of training data. Read and discard all inputs.
Checking for deadlock:
There are 3 Blocked actors, 0 Stopped actors, and 4 active threads.
Waiting for actors to stop.
Sent output token with value 5.0
Next port to read input from is inputA
Called postfire()
Called prefire()
Called fire()
Called postfire()
Called prefire()
Called fire()
Checking for deadlock:
There are 3 Blocked actors, 0 Stopped actors, and 4 active threads.
Waiting for actors to stop.
Read input token from inputA with value 6.0
Called prefire()
Called fire()
Past the end of training data. Read and discard all inputs.
Checking for deadlock:
There are 3 Blocked actors, 0 Stopped actors, and 4 active threads.
Waiting for actors to stop.
Sent output token with value 6.0
Next port to read input from is inputB
Called postfire()
Called prefire()
Called fire()
Checking for deadlock:
There are 2 Blocked actors, 0 Stopped actors, and 4 active threads.
Waiting for actors to stop.
Called postfire()
Called prefire()
Called fire()
Checking for deadlock:
There are 3 Blocked actors, 0 Stopped actors, and 4 active threads.
Waiting for actors to stop.
Read input token from inputB with value 7.5
Checking for deadlock:
There are 2 Blocked actors, 0 Stopped actors, and 4 active threads.
Waiting for actors to stop.
Called prefire()
Called fire()
Past the end of training data. Read and discard all inputs.
Checking for deadlock:
There are 3 Blocked actors, 0 Stopped actors, and 4 active threads.
Waiting for actors to stop.
Sent output token with value 6.0
Next port to read input from is inputA
Called postfire()
Called prefire()
Called fire()
Called postfire()
Called prefire()
Called fire()
Checking for deadlock:
There are 3 Blocked actors, 0 Stopped actors, and 4 active threads.
Waiting for actors to stop.
Read input token from inputA with value 7.0
Called prefire()
Called fire()
Past the end of training data. Read and discard all inputs.
Checking for deadlock:
There are 3 Blocked actors, 0 Stopped actors, and 4 active threads.
Waiting for actors to stop.
Sent output token with value 7.0
Next port to read input from is inputA
Called postfire()
Called prefire()
Called fire()
-- Thread wrapup() called.
Called wrapup()
Thread .top.Ramp is exiting.
-- Thread stopped.
Checking for deadlock:
There are 2 Blocked actors, 0 Stopped actors, and 3 active threads.
Waiting for actors to stop.
Read input token from inputA with value 8.0
Checking for deadlock:
There are 1 Blocked actors, 0 Stopped actors, and 3 active threads.
Waiting for actors to stop.
Called prefire()
Called fire()
Past the end of training data. Read and discard all inputs.
Checking for deadlock:
There are 2 Blocked actors, 0 Stopped actors, and 3 active threads.
Waiting for actors to stop.
Sent output token with value 7.5
Next port to read input from is inputB
Called postfire()
Called prefire()
Called fire()
Checking for deadlock:
There are 1 Blocked actors, 0 Stopped actors, and 3 active threads.
Waiting for actors to stop.
Called postfire()
Called prefire()
Called fire()
Checking for deadlock:
There are 2 Blocked actors, 0 Stopped actors, and 3 active threads.
Waiting for actors to stop.
Read input token from inputB with value 9.0
Checking for deadlock:
There are 1 Blocked actors, 0 Stopped actors, and 3 active threads.
Waiting for actors to stop.
Called prefire()
Called fire()
Past the end of training data. Read and discard all inputs.
Checking for deadlock:
There are 2 Blocked actors, 0 Stopped actors, and 3 active threads.
Waiting for actors to stop.
Sent output token with value 8.0
Next port to read input from is inputA
Called postfire()
Called prefire()
Called fire()
Read input token from inputA with value 9.0
Called prefire()
Called fire()
Past the end of training data. Read and discard all inputs.
Checking for deadlock:
There are 2 Blocked actors, 0 Stopped actors, and 3 active threads.
Waiting for actors to stop.
Sent output token with value 9.0
Next port to read input from is inputB
Called postfire()
Called prefire()
Called fire()
Called postfire()
Called prefire()
Called fire()
Checking for deadlock:
There are 2 Blocked actors, 0 Stopped actors, and 3 active threads.
Waiting for actors to stop.
Read input token from inputB with value 10.5
Called prefire()
Called fire()
Past the end of training data. Read and discard all inputs.
Checking for deadlock:
There are 2 Blocked actors, 0 Stopped actors, and 3 active threads.
Waiting for actors to stop.
Sent output token with value 9.0
Next port to read input from is inputA
Called postfire()
Called prefire()
Called fire()
Checking for deadlock:
There are 3 Blocked actors, 0 Stopped actors, and 3 active threads.
Actors have stopped.
Checking for deadlock:
There are 3 Blocked actors, 0 Stopped actors, and 3 active threads.
Deadlock detected.
Resolving Deadlock
Checking for deadlock:
There are 3 Blocked actors, 0 Stopped actors, and 3 active threads.
Artificial Deadlock - increasing queue capacity.
increasing the capacity of receiver ptolemy.actor.TypedIOPort {.top.OrderedMerge.inputB} to 2
Director: Called postfire().
Called postfire().
_stopRequested = false
_stopFireRequested = false
Returning from postfire(): true
Called fire().
Checking for deadlock:
There are 2 Blocked actors, 0 Stopped actors, and 3 active threads.
Waiting for actors to stop.
-- Thread wrapup() called.
Called wrapup()
Thread .top.Ramp2 is exiting.
-- Thread stopped.
Checking for deadlock:
There are 2 Blocked actors, 0 Stopped actors, and 2 active threads.
Actors have stopped.
Checking for deadlock:
There are 2 Blocked actors, 0 Stopped actors, and 2 active threads.
Deadlock detected.
Resolving Deadlock
Checking for deadlock:
There are 2 Blocked actors, 0 Stopped actors, and 2 active threads.
Deadlock detected: no processes blocked on write, but some are blocked on read.
Called postfire().
_stopRequested = false
_stopFireRequested = false
Returning from postfire(): false
Finished deactivating branches.
Called wrapup().
-- Thread wrapup() called.
Called wrapup()
-- Thread wrapup() called.
Called wrapup()
Thread .top.OrderedMerge is exiting.
-- Thread stopped.
-- Blocked Receiver call threw TerminateProcessException.
Thread .top.Test is exiting.
-- Thread stopped.
-- Blocked Receiver call threw TerminateProcessException.
46 ms. Memory: 120832K Free: 86847K (72%)
/home/travis/build/icyphy/ptII/ptolemy/actor/lib/test/Publisher.tcl
16 ms. Memory: 120832K Free: 80703K (67%)
12 ms. Memory: 120832K Free: 105032K (87%)
5 ms. Memory: 120832K Free: 101448K (84%)
21 ms. Memory: 120832K Free: 100424K (83%)
6 ms. Memory: 120832K Free: 99896K (83%)
16 ms. Memory: 120832K Free: 98886K (82%)
3 ms. Memory: 120832K Free: 98376K (81%)
5 ms. Memory: 120832K Free: 97352K (81%)
17 ms. Memory: 120832K Free: 87112K (72%)
7 ms. Memory: 120832K Free: 83512K (69%)
4 ms. Memory: 120832K Free: 83016K (69%)
4 ms. Memory: 120832K Free: 80454K (67%)
8 ms. Memory: 120832K Free: 73286K (61%)
15 ms. Memory: 120832K Free: 63560K (53%)
15 ms. Memory: 120832K Free: 52776K (44%)
/home/travis/build/icyphy/ptII/ptolemy/actor/lib/test/Pulse.tcl
5 ms. Memory: 120832K Free: 67445K (56%)
11 ms. Memory: 120832K Free: 66949K (55%)
2 ms. Memory: 120832K Free: 66435K (55%)
1 ms. Memory: 120832K Free: 65925K (55%)
2 ms. Memory: 120832K Free: 65411K (54%)
14 ms. Memory: 120832K Free: 64373K (53%)
6 ms. Memory: 120832K Free: 63349K (52%)
3 ms. Memory: 120832K Free: 62339K (52%)
4 ms. Memory: 120832K Free: 61829K (51%)
/home/travis/build/icyphy/ptII/ptolemy/actor/lib/test/Ramp.tcl
5 ms. Memory: 120832K Free: 59781K (49%)
3 ms. Memory: 120832K Free: 59253K (49%)
2 ms. Memory: 120832K Free: 58243K (48%)
2 ms. Memory: 120832K Free: 57733K (48%)
4 ms. Memory: 120832K Free: 56709K (47%)
9 ms. Memory: 120832K Free: 55685K (46%)
6 ms. Memory: 120832K Free: 55157K (46%)
5 actors
7000 microseconds per iteration to create
10 ms. Memory: 120832K Free: 52093K (43%)
2 ms. Memory: 120832K Free: 51589K (43%)
2 ms. Memory: 120832K Free: 51061K (42%)
4 ms. Memory: 120832K Free: 50565K (42%)
50 actors
67000 microseconds per iteration to create
52 ms. Memory: 147456K Free: 116569K (79%)
9 ms. Memory: 147456K Free: 115569K (78%)
14 ms. Memory: 147456K Free: 114537K (78%)
13 ms. Memory: 147456K Free: 113497K (77%)
500 actors
1817000 microseconds per iteration to create
274 ms. Memory: 147456K Free: 84391K (57%)
64 ms. Memory: 147456K Free: 79271K (54%)
55 ms. Memory: 147456K Free: 74151K (50%)
50 ms. Memory: 147456K Free: 68517K (46%)
/home/travis/build/icyphy/ptII/ptolemy/actor/lib/test/RampContinuous.tcl
7 ms. Memory: 147456K Free: 66983K (45%)
/home/travis/build/icyphy/ptII/ptolemy/actor/lib/test/RecordAssembler.tcl
5 ms. Memory: 147456K Free: 65430K (44%)
3 ms. Memory: 147456K Free: 64390K (44%)
/home/travis/build/icyphy/ptII/ptolemy/actor/lib/test/RecordDisassembler.tcl
6 ms. Memory: 147456K Free: 62887K (43%)
3 ms. Memory: 147456K Free: 62366K (42%)
4 ms. Memory: 147456K Free: 60839K (41%)
/home/travis/build/icyphy/ptII/ptolemy/actor/lib/test/Scale.tcl
2 ms. Memory: 147456K Free: 59301K (40%)
2 ms. Memory: 147456K Free: 58277K (40%)
1 ms. Memory: 147456K Free: 57767K (39%)
2 ms. Memory: 147456K Free: 56743K (38%)
2 ms. Memory: 147456K Free: 56214K (38%)
/home/travis/build/icyphy/ptII/ptolemy/actor/lib/test/SequentialClock.tcl
preinitializing
resolving types
initializing
executing number 1
wrapping up
idle
3 ms. Memory: 147456K Free: 54695K (37%)
Completed execution with 5 iterations
preinitializing
resolving types
initializing
executing number 1
wrapping up
idle
1 ms. Memory: 147456K Free: 54174K (37%)
Completed execution with 5 iterations
preinitializing
resolving types
initializing
executing number 1
wrapping up
idle
1 ms. Memory: 147456K Free: 53671K (36%)
Completed execution with 5 iterations
/home/travis/build/icyphy/ptII/ptolemy/actor/lib/test/SetVariable.tcl
28 ms. Memory: 147456K Free: 124060K (84%)


==== $PTII/ptolemy/actor/lib/test/SetVariable.tcl: SetVariable-3.1 changeFailed
==== Contents of test case:

    #Uses 2.1 above
    jdkCaptureErr {
        # This test was failing if we ran Exit.tcl and then this test.
        # MessageHandler.error() now actually throws the Exception.
	catch {$setVariable changeFailed [java::null]  [java::new Exception {Test exception for SetVariable.changeFailed()}]} errMsg
    } results
    list [string range $results 0 89] "\n" $errMsg

==== Result was:
{java.lang.Exception: Test exception for SetVariable.changeFailed()
	at java.base/jdk.inter} {
} {java.lang.RuntimeException: java.lang.Exception: Test exception for SetVariable.changeFailed()}
---- Result should have been:
{Failed to set variable.
java.lang.Exception: Test exception for SetVariable.changeFailed()} {
} {java.lang.RuntimeException: java.lang.Exception: Test exception for SetVariable.changeFailed()}
---- SetVariable-3.1 FAILED
/home/travis/build/icyphy/ptII/ptolemy/actor/lib/test/Sinewave.tcl
/home/travis/build/icyphy/ptII/ptolemy/actor/lib/test/SubscriptionAggregator.tcl
11 ms. Memory: 147456K Free: 112267K (76%)
2 ms. Memory: 147456K Free: 111772K (76%)
1 ms. Memory: 147456K Free: 111258K (75%)
1 ms. Memory: 147456K Free: 110748K (75%)
2 ms. Memory: 147456K Free: 107162K (73%)
22 ms. Memory: 147456K Free: 105114K (71%)
...............................................................1264 ms. Memory: 258048K Free: 169248K (66%)
/home/travis/build/icyphy/ptII/ptolemy/actor/lib/test/Test.tcl
 The next command will produce a warning about training mode,
   which may be ignored.
5 ms. Memory: 258048K Free: 167203K (65%)
6 ms. Memory: 258048K Free: 166693K (65%)
2 ms. Memory: 258048K Free: 165669K (64%)
4 ms. Memory: 258048K Free: 165155K (64%)
3 ms. Memory: 258048K Free: 164645K (64%)
4 ms. Memory: 258048K Free: 163621K (63%)
4 ms. Memory: 258048K Free: 162077K (63%)
 The next command will produce a warning about training mode,
   which may be ignored.
11 ms. Memory: 258048K Free: 160035K (62%)
 The next command will produce a warning about training mode,
   which may be ignored.
3 ms. Memory: 258048K Free: 158501K (61%)
1 ms. Memory: 258048K Free: 157987K (61%)
3 ms. Memory: 258048K Free: 157477K (61%)
3 ms. Memory: 258048K Free: 156963K (61%)
9 ms. Memory: 258048K Free: 155939K (60%)
7 ms. Memory: 258048K Free: 152357K (59%)
/home/travis/build/icyphy/ptII/ptolemy/actor/lib/test/TestExceptionHandler.tcl
 The next command will produce a warning about training mode,
   which may be ignored.
3 ms. Memory: 258048K Free: 150789K (58%)
1 ms. Memory: 258048K Free: 150309K (58%)
1 ms. Memory: 258048K Free: 149795K (58%)
/home/travis/build/icyphy/ptII/ptolemy/actor/lib/test/UnionDisassembler.tcl
24 ms. Memory: 258048K Free: 142627K (55%)
/home/travis/build/icyphy/ptII/ptolemy/actor/lib/test/VariableClock.tcl
preinitializing
resolving types
initializing
executing number 1
wrapping up
idle
9 ms. Memory: 258048K Free: 141093K (55%)
Completed execution with 11 iterations
preinitializing
resolving types
initializing
executing number 1
wrapping up
idle
9 ms. Memory: 258048K Free: 139525K (54%)
Completed execution with 10 iterations
10/10/19 06:44:25
Failed: 1  Total Tests: 234  ((Passed: 233, Newly Passed: 0)  Known Failed: 0) /home/travis/build/icyphy/ptII/ptolemy/actor/lib/test
----------------- testing (KnownFailure) /home/travis/build/icyphy/ptII/ptolemy/actor/lib/test/auto/knownFailedTests/PublisherPortToplevelSubscriber.xml
1 ms. Memory: 258048K Free: 135973K (53%)
Known Failure: java.lang.reflect.InvocationTargetException
----------------- testing (KnownFailure) /home/travis/build/icyphy/ptII/ptolemy/actor/lib/test/auto/knownFailedTests/PublisherSubscriberPortToplevel.xml
1 ms. Memory: 258048K Free: 131877K (51%)
Known Failure: java.lang.reflect.InvocationTargetException
----------------- testing (KnownFailure) /home/travis/build/icyphy/ptII/ptolemy/actor/lib/test/auto/knownFailedTests/PublisherSubscriptionAggregatorPort.xml
0 ms. Memory: 258048K Free: 128291K (50%)
Known Failure: java.lang.reflect.InvocationTargetException
----------------- testing (KnownFailure) /home/travis/build/icyphy/ptII/ptolemy/actor/lib/test/auto/knownFailedTests/sizedarray3.xml
5 ms. Memory: 258048K Free: 124195K (48%)
Known Failure: java.lang.reflect.InvocationTargetException
No auto/linux-amd64/*.xml tests in /home/travis/build/icyphy/ptII/ptolemy/actor/lib/test
AutoTests.java: About to close Vertx.
AutoTests.java: Vertx closed.

===========================================================================================
----------------- testing Thu Oct 10 18:44:25 UTC 2019 /home/travis/build/icyphy/ptII/ptolemy/actor/lib/test/auto/AbsoluteValue.xml
----------------- Instantiating /home/travis/build/icyphy/ptII/ptolemy/actor/lib/test/auto/AbsoluteValue.xml
14 ms. Memory: 258048K Free: 100643K (39%)
----------------- Invoking toplevel() on ptolemy.moml.MoMLSimpleApplication@1ad5ac04
----------------- Done invoking toplevel() on ptolemy.moml.MoMLSimpleApplication@1ad5ac04
reloadAllAccessors: .AbsoluteValue

===========================================================================================
----------------- testing Thu Oct 10 18:44:25 UTC 2019 /home/travis/build/icyphy/ptII/ptolemy/actor/lib/test/auto/AbsoluteValue2.xml
----------------- Instantiating /home/travis/build/icyphy/ptII/ptolemy/actor/lib/test/auto/AbsoluteValue2.xml
5 ms. Memory: 258048K Free: 93989K (36%)
----------------- Invoking toplevel() on ptolemy.moml.MoMLSimpleApplication@2f1aa7fd
----------------- Done invoking toplevel() on ptolemy.moml.MoMLSimpleApplication@2f1aa7fd
reloadAllAccessors: .AbsoluteValue2

===========================================================================================
----------------- testing Thu Oct 10 18:44:25 UTC 2019 /home/travis/build/icyphy/ptII/ptolemy/actor/lib/test/auto/Accumulator.xml
----------------- Instantiating /home/travis/build/icyphy/ptII/ptolemy/actor/lib/test/auto/Accumulator.xml
6 ms. Memory: 258048K Free: 87845K (34%)
----------------- Invoking toplevel() on ptolemy.moml.MoMLSimpleApplication@6d21292b
----------------- Done invoking toplevel() on ptolemy.moml.MoMLSimpleApplication@6d21292b
reloadAllAccessors: .Accumulator

===========================================================================================
----------------- testing Thu Oct 10 18:44:25 UTC 2019 /home/travis/build/icyphy/ptII/ptolemy/actor/lib/test/auto/Accumulator2.xml
----------------- Instantiating /home/travis/build/icyphy/ptII/ptolemy/actor/lib/test/auto/Accumulator2.xml
3 ms. Memory: 258048K Free: 82211K (32%)
----------------- Invoking toplevel() on ptolemy.moml.MoMLSimpleApplication@620c6432
----------------- Done invoking toplevel() on ptolemy.moml.MoMLSimpleApplication@620c6432
reloadAllAccessors: .Accumulator2

===========================================================================================
----------------- testing Thu Oct 10 18:44:26 UTC 2019 /home/travis/build/icyphy/ptII/ptolemy/actor/lib/test/auto/Accumulator3.xml
----------------- Instantiating /home/travis/build/icyphy/ptII/ptolemy/actor/lib/test/auto/Accumulator3.xml
3 ms. Memory: 258048K Free: 78115K (30%)
----------------- Invoking toplevel() on ptolemy.moml.MoMLSimpleApplication@64c6e0b6
----------------- Done invoking toplevel() on ptolemy.moml.MoMLSimpleApplication@64c6e0b6
reloadAllAccessors: .Accumulator3

===========================================================================================
----------------- testing Thu Oct 10 18:44:26 UTC 2019 /home/travis/build/icyphy/ptII/ptolemy/actor/lib/test/auto/ArrayAppend.xml
----------------- Instantiating /home/travis/build/icyphy/ptII/ptolemy/actor/lib/test/auto/ArrayAppend.xml
4 ms. Memory: 258048K Free: 204275K (79%)
----------------- Invoking toplevel() on ptolemy.moml.MoMLSimpleApplication@3be3bcda
----------------- Done invoking toplevel() on ptolemy.moml.MoMLSimpleApplication@3be3bcda
reloadAllAccessors: .ArrayAppend

===========================================================================================
----------------- testing Thu Oct 10 18:44:26 UTC 2019 /home/travis/build/icyphy/ptII/ptolemy/actor/lib/test/auto/ArrayAppend2.xml
----------------- Instantiating /home/travis/build/icyphy/ptII/ptolemy/actor/lib/test/auto/ArrayAppend2.xml
372 ms. Memory: 258048K Free: 141316K (55%)
----------------- Invoking toplevel() on ptolemy.moml.MoMLSimpleApplication@3452393
----------------- Done invoking toplevel() on ptolemy.moml.MoMLSimpleApplication@3452393
reloadAllAccessors: .ArrayAppend2

===========================================================================================
----------------- testing Thu Oct 10 18:44:26 UTC 2019 /home/travis/build/icyphy/ptII/ptolemy/actor/lib/test/auto/ArrayAppend3.xml
----------------- Instantiating /home/travis/build/icyphy/ptII/ptolemy/actor/lib/test/auto/ArrayAppend3.xml
3 ms. Memory: 258048K Free: 136706K (53%)
----------------- Invoking toplevel() on ptolemy.moml.MoMLSimpleApplication@b5369e9
----------------- Done invoking toplevel() on ptolemy.moml.MoMLSimpleApplication@b5369e9
reloadAllAccessors: .ArrayAppend3

===========================================================================================
----------------- testing Thu Oct 10 18:44:26 UTC 2019 /home/travis/build/icyphy/ptII/ptolemy/actor/lib/test/auto/ArrayAppend4.xml
----------------- Instantiating /home/travis/build/icyphy/ptII/ptolemy/actor/lib/test/auto/ArrayAppend4.xml
4 ms. Memory: 258048K Free: 130562K (51%)
----------------- Invoking toplevel() on ptolemy.moml.MoMLSimpleApplication@556a82f4
----------------- Done invoking toplevel() on ptolemy.moml.MoMLSimpleApplication@556a82f4
reloadAllAccessors: .ArrayAppend4

===========================================================================================
----------------- testing Thu Oct 10 18:44:26 UTC 2019 /home/travis/build/icyphy/ptII/ptolemy/actor/lib/test/auto/ArrayAppend5.xml
----------------- Instantiating /home/travis/build/icyphy/ptII/ptolemy/actor/lib/test/auto/ArrayAppend5.xml
3 ms. Memory: 258048K Free: 125442K (49%)
----------------- Invoking toplevel() on ptolemy.moml.MoMLSimpleApplication@2a354764
----------------- Done invoking toplevel() on ptolemy.moml.MoMLSimpleApplication@2a354764
reloadAllAccessors: .ArrayAppend5

===========================================================================================
----------------- testing Thu Oct 10 18:44:26 UTC 2019 /home/travis/build/icyphy/ptII/ptolemy/actor/lib/test/auto/ArrayAppend6.xml
----------------- Instantiating /home/travis/build/icyphy/ptII/ptolemy/actor/lib/test/auto/ArrayAppend6.xml
5 ms. Memory: 258048K Free: 119812K (46%)
----------------- Invoking toplevel() on ptolemy.moml.MoMLSimpleApplication@46e8ea06
----------------- Done invoking toplevel() on ptolemy.moml.MoMLSimpleApplication@46e8ea06
reloadAllAccessors: .ArrayAppend6

===========================================================================================
----------------- testing Thu Oct 10 18:44:26 UTC 2019 /home/travis/build/icyphy/ptII/ptolemy/actor/lib/test/auto/ArrayAppendPerformanceTest.xml
----------------- Instantiating /home/travis/build/icyphy/ptII/ptolemy/actor/lib/test/auto/ArrayAppendPerformanceTest.xml
43 ms. Memory: 258048K Free: 109058K (42%)
----------------- Invoking toplevel() on ptolemy.moml.MoMLSimpleApplication@159c0df2
----------------- Done invoking toplevel() on ptolemy.moml.MoMLSimpleApplication@159c0df2
reloadAllAccessors: .ArrayAppendPerformanceTest

===========================================================================================
----------------- testing Thu Oct 10 18:44:26 UTC 2019 /home/travis/build/icyphy/ptII/ptolemy/actor/lib/test/auto/ArrayAppendWithEmptyInput.xml
----------------- Instantiating /home/travis/build/icyphy/ptII/ptolemy/actor/lib/test/auto/ArrayAppendWithEmptyInput.xml
11 ms. Memory: 258048K Free: 100866K (39%)
----------------- Invoking toplevel() on ptolemy.moml.MoMLSimpleApplication@a10bbd7
----------------- Done invoking toplevel() on ptolemy.moml.MoMLSimpleApplication@a10bbd7
reloadAllAccessors: .ArrayAppendWithEmptyInput

===========================================================================================
----------------- testing Thu Oct 10 18:44:26 UTC 2019 /home/travis/build/icyphy/ptII/ptolemy/actor/lib/test/auto/ArrayAverage.xml
----------------- Instantiating /home/travis/build/icyphy/ptII/ptolemy/actor/lib/test/auto/ArrayAverage.xml
5 ms. Memory: 258048K Free: 93188K (36%)
----------------- Invoking toplevel() on ptolemy.moml.MoMLSimpleApplication@1f5e969a
----------------- Done invoking toplevel() on ptolemy.moml.MoMLSimpleApplication@1f5e969a
reloadAllAccessors: .ArrayAverage

===========================================================================================
----------------- testing Thu Oct 10 18:44:26 UTC 2019 /home/travis/build/icyphy/ptII/ptolemy/actor/lib/test/auto/ArrayContains.xml
----------------- Instantiating /home/travis/build/icyphy/ptII/ptolemy/actor/lib/test/auto/ArrayContains.xml
6 ms. Memory: 258048K Free: 87044K (34%)
----------------- Invoking toplevel() on ptolemy.moml.MoMLSimpleApplication@771feb00
----------------- Done invoking toplevel() on ptolemy.moml.MoMLSimpleApplication@771feb00
reloadAllAccessors: .ArrayContains

===========================================================================================
----------------- testing Thu Oct 10 18:44:27 UTC 2019 /home/travis/build/icyphy/ptII/ptolemy/actor/lib/test/auto/ArrayElement.xml
----------------- Instantiating /home/travis/build/icyphy/ptII/ptolemy/actor/lib/test/auto/ArrayElement.xml
6 ms. Memory: 258048K Free: 81410K (32%)
----------------- Invoking toplevel() on ptolemy.moml.MoMLSimpleApplication@28841b63
----------------- Done invoking toplevel() on ptolemy.moml.MoMLSimpleApplication@28841b63
reloadAllAccessors: .ArrayElement

===========================================================================================
----------------- testing Thu Oct 10 18:44:27 UTC 2019 /home/travis/build/icyphy/ptII/ptolemy/actor/lib/test/auto/ArrayElementAsMatrix.xml
----------------- Instantiating /home/travis/build/icyphy/ptII/ptolemy/actor/lib/test/auto/ArrayElementAsMatrix.xml
29 ms. Memory: 258048K Free: 71684K (28%)
----------------- Invoking toplevel() on ptolemy.moml.MoMLSimpleApplication@36ff0ea2
----------------- Done invoking toplevel() on ptolemy.moml.MoMLSimpleApplication@36ff0ea2
reloadAllAccessors: .ArrayElementAsMatrix

===========================================================================================
----------------- testing Thu Oct 10 18:44:27 UTC 2019 /home/travis/build/icyphy/ptII/ptolemy/actor/lib/test/auto/ArrayElementI.xml
----------------- Instantiating /home/travis/build/icyphy/ptII/ptolemy/actor/lib/test/auto/ArrayElementI.xml
2 ms. Memory: 258048K Free: 203887K (79%)
----------------- Invoking toplevel() on ptolemy.moml.MoMLSimpleApplication@7a1fa3ff
----------------- Done invoking toplevel() on ptolemy.moml.MoMLSimpleApplication@7a1fa3ff
reloadAllAccessors: .ArrayElementI

===========================================================================================
----------------- testing Thu Oct 10 18:44:27 UTC 2019 /home/travis/build/icyphy/ptII/ptolemy/actor/lib/test/auto/ArrayExtract.xml
----------------- Instantiating /home/travis/build/icyphy/ptII/ptolemy/actor/lib/test/auto/ArrayExtract.xml
6 ms. Memory: 258048K Free: 195695K (76%)
----------------- Invoking toplevel() on ptolemy.moml.MoMLSimpleApplication@3a2b1e15
----------------- Done invoking toplevel() on ptolemy.moml.MoMLSimpleApplication@3a2b1e15
reloadAllAccessors: .ArrayExtract

===========================================================================================
----------------- testing Thu Oct 10 18:44:27 UTC 2019 /home/travis/build/icyphy/ptII/ptolemy/actor/lib/test/auto/ArrayExtract2.xml
----------------- Instantiating /home/travis/build/icyphy/ptII/ptolemy/actor/lib/test/auto/ArrayExtract2.xml
3 ms. Memory: 258048K Free: 190575K (74%)
----------------- Invoking toplevel() on ptolemy.moml.MoMLSimpleApplication@750ac35d
----------------- Done invoking toplevel() on ptolemy.moml.MoMLSimpleApplication@750ac35d
reloadAllAccessors: .ArrayExtract2

===========================================================================================
----------------- testing Thu Oct 10 18:44:27 UTC 2019 /home/travis/build/icyphy/ptII/ptolemy/actor/lib/test/auto/ArrayLength.xml
----------------- Instantiating /home/travis/build/icyphy/ptII/ptolemy/actor/lib/test/auto/ArrayLength.xml
1 ms. Memory: 258048K Free: 186993K (72%)
----------------- Invoking toplevel() on ptolemy.moml.MoMLSimpleApplication@4bc09550
----------------- Done invoking toplevel() on ptolemy.moml.MoMLSimpleApplication@4bc09550
reloadAllAccessors: .ArrayLength

===========================================================================================
----------------- testing Thu Oct 10 18:44:27 UTC 2019 /home/travis/build/icyphy/ptII/ptolemy/actor/lib/test/auto/ArrayLevelCrossing.xml
----------------- Instantiating /home/travis/build/icyphy/ptII/ptolemy/actor/lib/test/auto/ArrayLevelCrossing.xml
5 ms. Memory: 258048K Free: 178801K (69%)
----------------- Invoking toplevel() on ptolemy.moml.MoMLSimpleApplication@fb36cea
----------------- Done invoking toplevel() on ptolemy.moml.MoMLSimpleApplication@fb36cea
reloadAllAccessors: .ArrayLevelCrossing

===========================================================================================
----------------- testing Thu Oct 10 18:44:27 UTC 2019 /home/travis/build/icyphy/ptII/ptolemy/actor/lib/test/auto/ArrayLevelCrossing2.xml
----------------- Instantiating /home/travis/build/icyphy/ptII/ptolemy/actor/lib/test/auto/ArrayLevelCrossing2.xml
4 ms. Memory: 258048K Free: 172129K (67%)
----------------- Invoking toplevel() on ptolemy.moml.MoMLSimpleApplication@7965200d
----------------- Done invoking toplevel() on ptolemy.moml.MoMLSimpleApplication@7965200d
reloadAllAccessors: .ArrayLevelCrossing2

===========================================================================================
----------------- testing Thu Oct 10 18:44:27 UTC 2019 /home/travis/build/icyphy/ptII/ptolemy/actor/lib/test/auto/ArrayPeakSearch.xml
----------------- Instantiating /home/travis/build/icyphy/ptII/ptolemy/actor/lib/test/auto/ArrayPeakSearch.xml
6 ms. Memory: 258048K Free: 162417K (63%)
----------------- Invoking toplevel() on ptolemy.moml.MoMLSimpleApplication@4cfdd2b5
----------------- Done invoking toplevel() on ptolemy.moml.MoMLSimpleApplication@4cfdd2b5
reloadAllAccessors: .ArrayPeakSearch

===========================================================================================
----------------- testing Thu Oct 10 18:44:27 UTC 2019 /home/travis/build/icyphy/ptII/ptolemy/actor/lib/test/auto/ArrayPeakSearch2.xml
----------------- Instantiating /home/travis/build/icyphy/ptII/ptolemy/actor/lib/test/auto/ArrayPeakSearch2.xml
7 ms. Memory: 258048K Free: 152177K (59%)
----------------- Invoking toplevel() on ptolemy.moml.MoMLSimpleApplication@6f8cf88a
----------------- Done invoking toplevel() on ptolemy.moml.MoMLSimpleApplication@6f8cf88a
reloadAllAccessors: .ArrayPeakSearch2

===========================================================================================
----------------- testing Thu Oct 10 18:44:27 UTC 2019 /home/travis/build/icyphy/ptII/ptolemy/actor/lib/test/auto/ArrayPeakSearch3.xml
----------------- Instantiating /home/travis/build/icyphy/ptII/ptolemy/actor/lib/test/auto/ArrayPeakSearch3.xml
6 ms. Memory: 258048K Free: 142961K (55%)
----------------- Invoking toplevel() on ptolemy.moml.MoMLSimpleApplication@3cde7351
----------------- Done invoking toplevel() on ptolemy.moml.MoMLSimpleApplication@3cde7351
reloadAllAccessors: .ArrayPeakSearch3

===========================================================================================
----------------- testing Thu Oct 10 18:44:27 UTC 2019 /home/travis/build/icyphy/ptII/ptolemy/actor/lib/test/auto/ArrayRemoveElement.xml
----------------- Instantiating /home/travis/build/icyphy/ptII/ptolemy/actor/lib/test/auto/ArrayRemoveElement.xml
3 ms. Memory: 258048K Free: 135279K (52%)
----------------- Invoking toplevel() on ptolemy.moml.MoMLSimpleApplication@6b6d1705
----------------- Done invoking toplevel() on ptolemy.moml.MoMLSimpleApplication@6b6d1705
reloadAllAccessors: .ArrayRemoveElement

===========================================================================================
----------------- testing Thu Oct 10 18:44:27 UTC 2019 /home/travis/build/icyphy/ptII/ptolemy/actor/lib/test/auto/ArraySort.xml
----------------- Instantiating /home/travis/build/icyphy/ptII/ptolemy/actor/lib/test/auto/ArraySort.xml
8 ms. Memory: 258048K Free: 126063K (49%)
----------------- Invoking toplevel() on ptolemy.moml.MoMLSimpleApplication@6cc3699
----------------- Done invoking toplevel() on ptolemy.moml.MoMLSimpleApplication@6cc3699
reloadAllAccessors: .ArraySort

===========================================================================================
----------------- testing Thu Oct 10 18:44:27 UTC 2019 /home/travis/build/icyphy/ptII/ptolemy/actor/lib/test/auto/ArraySum.xml
----------------- Instantiating /home/travis/build/icyphy/ptII/ptolemy/actor/lib/test/auto/ArraySum.xml
5 ms. Memory: 258048K Free: 120943K (47%)
----------------- Invoking toplevel() on ptolemy.moml.MoMLSimpleApplication@47a377ae
----------------- Done invoking toplevel() on ptolemy.moml.MoMLSimpleApplication@47a377ae
reloadAllAccessors: .ArraySum

===========================================================================================
----------------- testing Thu Oct 10 18:44:27 UTC 2019 /home/travis/build/icyphy/ptII/ptolemy/actor/lib/test/auto/ArrayToElements.xml
----------------- Instantiating /home/travis/build/icyphy/ptII/ptolemy/actor/lib/test/auto/ArrayToElements.xml
6 ms. Memory: 258048K Free: 115313K (45%)
----------------- Invoking toplevel() on ptolemy.moml.MoMLSimpleApplication@6bc10681
----------------- Done invoking toplevel() on ptolemy.moml.MoMLSimpleApplication@6bc10681
reloadAllAccessors: .ArrayToElements

===========================================================================================
----------------- testing Thu Oct 10 18:44:27 UTC 2019 /home/travis/build/icyphy/ptII/ptolemy/actor/lib/test/auto/ArrayToMatrix.xml
----------------- Instantiating /home/travis/build/icyphy/ptII/ptolemy/actor/lib/test/auto/ArrayToMatrix.xml
14 ms. Memory: 258048K Free: 101487K (39%)
----------------- Invoking toplevel() on ptolemy.moml.MoMLSimpleApplication@24450c26
----------------- Done invoking toplevel() on ptolemy.moml.MoMLSimpleApplication@24450c26
reloadAllAccessors: .ArrayToMatrix

===========================================================================================
----------------- testing Thu Oct 10 18:44:27 UTC 2019 /home/travis/build/icyphy/ptII/ptolemy/actor/lib/test/auto/ArrayUpdate1.xml
----------------- Instantiating /home/travis/build/icyphy/ptII/ptolemy/actor/lib/test/auto/ArrayUpdate1.xml
5 ms. Memory: 258048K Free: 96367K (37%)
----------------- Invoking toplevel() on ptolemy.moml.MoMLSimpleApplication@1b0e6223
----------------- Done invoking toplevel() on ptolemy.moml.MoMLSimpleApplication@1b0e6223
reloadAllAccessors: .ArrayUpdate1

===========================================================================================
----------------- testing Thu Oct 10 18:44:27 UTC 2019 /home/travis/build/icyphy/ptII/ptolemy/actor/lib/test/auto/ArrayUpdate2.xml
----------------- Instantiating /home/travis/build/icyphy/ptII/ptolemy/actor/lib/test/auto/ArrayUpdate2.xml
8 ms. Memory: 258048K Free: 90223K (35%)
----------------- Invoking toplevel() on ptolemy.moml.MoMLSimpleApplication@6eeec2f9
----------------- Done invoking toplevel() on ptolemy.moml.MoMLSimpleApplication@6eeec2f9
reloadAllAccessors: .ArrayUpdate2

===========================================================================================
----------------- testing Thu Oct 10 18:44:27 UTC 2019 /home/travis/build/icyphy/ptII/ptolemy/actor/lib/test/auto/ArrayUpdate3.xml
----------------- Instantiating /home/travis/build/icyphy/ptII/ptolemy/actor/lib/test/auto/ArrayUpdate3.xml
5 ms. Memory: 258048K Free: 85617K (33%)
----------------- Invoking toplevel() on ptolemy.moml.MoMLSimpleApplication@12e4857c
----------------- Done invoking toplevel() on ptolemy.moml.MoMLSimpleApplication@12e4857c
reloadAllAccessors: .ArrayUpdate3

===========================================================================================
----------------- testing Thu Oct 10 18:44:27 UTC 2019 /home/travis/build/icyphy/ptII/ptolemy/actor/lib/test/auto/Assert1.xml
----------------- Instantiating /home/travis/build/icyphy/ptII/ptolemy/actor/lib/test/auto/Assert1.xml
6 ms. Memory: 258048K Free: 81007K (31%)
----------------- Invoking toplevel() on ptolemy.moml.MoMLSimpleApplication@46951da6
----------------- Done invoking toplevel() on ptolemy.moml.MoMLSimpleApplication@46951da6
reloadAllAccessors: .Assert1

===========================================================================================
----------------- testing Thu Oct 10 18:44:27 UTC 2019 /home/travis/build/icyphy/ptII/ptolemy/actor/lib/test/auto/Assert2.xml
----------------- Instantiating /home/travis/build/icyphy/ptII/ptolemy/actor/lib/test/auto/Assert2.xml
3 ms. Memory: 258048K Free: 76911K (30%)
----------------- Invoking toplevel() on ptolemy.moml.MoMLSimpleApplication@a1dba68
----------------- Done invoking toplevel() on ptolemy.moml.MoMLSimpleApplication@a1dba68
reloadAllAccessors: .Assert2

===========================================================================================
----------------- testing Thu Oct 10 18:44:27 UTC 2019 /home/travis/build/icyphy/ptII/ptolemy/actor/lib/test/auto/BooleanMultiplexor.xml
----------------- Instantiating /home/travis/build/icyphy/ptII/ptolemy/actor/lib/test/auto/BooleanMultiplexor.xml
3 ms. Memory: 258048K Free: 70753K (27%)
----------------- Invoking toplevel() on ptolemy.moml.MoMLSimpleApplication@488ade0d
----------------- Done invoking toplevel() on ptolemy.moml.MoMLSimpleApplication@488ade0d
reloadAllAccessors: .BooleanMultiplexor

===========================================================================================
----------------- testing Thu Oct 10 18:44:27 UTC 2019 /home/travis/build/icyphy/ptII/ptolemy/actor/lib/test/auto/BooleanMultiplexor2.xml
----------------- Instantiating /home/travis/build/icyphy/ptII/ptolemy/actor/lib/test/auto/BooleanMultiplexor2.xml
16 ms. Memory: 258048K Free: 205423K (80%)
----------------- Invoking toplevel() on ptolemy.moml.MoMLSimpleApplication@40724705
----------------- Done invoking toplevel() on ptolemy.moml.MoMLSimpleApplication@40724705
reloadAllAccessors: .BooleanMultiplexor2

===========================================================================================
----------------- testing Thu Oct 10 18:44:28 UTC 2019 /home/travis/build/icyphy/ptII/ptolemy/actor/lib/test/auto/BooleanMultiplexor3.xml
----------------- Instantiating /home/travis/build/icyphy/ptII/ptolemy/actor/lib/test/auto/BooleanMultiplexor3.xml
6 ms. Memory: 258048K Free: 201327K (78%)
----------------- Invoking toplevel() on ptolemy.moml.MoMLSimpleApplication@82a98a9
----------------- Done invoking toplevel() on ptolemy.moml.MoMLSimpleApplication@82a98a9
reloadAllAccessors: .BooleanMultiplexor3

===========================================================================================
----------------- testing Thu Oct 10 18:44:28 UTC 2019 /home/travis/build/icyphy/ptII/ptolemy/actor/lib/test/auto/BooleanSelect.xml
----------------- Instantiating /home/travis/build/icyphy/ptII/ptolemy/actor/lib/test/auto/BooleanSelect.xml
9 ms. Memory: 258048K Free: 195169K (76%)
----------------- Invoking toplevel() on ptolemy.moml.MoMLSimpleApplication@35eefbc8
----------------- Done invoking toplevel() on ptolemy.moml.MoMLSimpleApplication@35eefbc8
reloadAllAccessors: .BooleanSelect

===========================================================================================
----------------- testing Thu Oct 10 18:44:28 UTC 2019 /home/travis/build/icyphy/ptII/ptolemy/actor/lib/test/auto/BooleanSelect2.xml
----------------- Instantiating /home/travis/build/icyphy/ptII/ptolemy/actor/lib/test/auto/BooleanSelect2.xml
2 ms. Memory: 258048K Free: 191087K (74%)
----------------- Invoking toplevel() on ptolemy.moml.MoMLSimpleApplication@138c366c
----------------- Done invoking toplevel() on ptolemy.moml.MoMLSimpleApplication@138c366c
reloadAllAccessors: .BooleanSelect2

===========================================================================================
----------------- testing Thu Oct 10 18:44:28 UTC 2019 /home/travis/build/icyphy/ptII/ptolemy/actor/lib/test/auto/BooleanSwitch.xml
----------------- Instantiating /home/travis/build/icyphy/ptII/ptolemy/actor/lib/test/auto/BooleanSwitch.xml
9 ms. Memory: 258048K Free: 184943K (72%)
----------------- Invoking toplevel() on ptolemy.moml.MoMLSimpleApplication@41d09b2e
----------------- Done invoking toplevel() on ptolemy.moml.MoMLSimpleApplication@41d09b2e
reloadAllAccessors: .BooleanSwitch

===========================================================================================
----------------- testing Thu Oct 10 18:44:28 UTC 2019 /home/travis/build/icyphy/ptII/ptolemy/actor/lib/test/auto/BooleanSwitch2.xml
----------------- Instantiating /home/travis/build/icyphy/ptII/ptolemy/actor/lib/test/auto/BooleanSwitch2.xml
2 ms. Memory: 258048K Free: 180847K (70%)
----------------- Invoking toplevel() on ptolemy.moml.MoMLSimpleApplication@18bf3b9c
----------------- Done invoking toplevel() on ptolemy.moml.MoMLSimpleApplication@18bf3b9c
reloadAllAccessors: .BooleanSwitch2

===========================================================================================
----------------- testing Thu Oct 10 18:44:28 UTC 2019 /home/travis/build/icyphy/ptII/ptolemy/actor/lib/test/auto/BooleanSwitchCloningBugWithClassRelationGroup.xml
----------------- Instantiating /home/travis/build/icyphy/ptII/ptolemy/actor/lib/test/auto/BooleanSwitchCloningBugWithClassRelationGroup.xml
4 ms. Memory: 258048K Free: 174193K (68%)
----------------- Invoking toplevel() on ptolemy.moml.MoMLSimpleApplication@3d2ff1a8
----------------- Done invoking toplevel() on ptolemy.moml.MoMLSimpleApplication@3d2ff1a8
reloadAllAccessors: .BooleanSwitchCloningBugWithClassRelationGroup

===========================================================================================
----------------- testing Thu Oct 10 18:44:28 UTC 2019 /home/travis/build/icyphy/ptII/ptolemy/actor/lib/test/auto/BusActors.xml
----------------- Instantiating /home/travis/build/icyphy/ptII/ptolemy/actor/lib/test/auto/BusActors.xml
10 ms. Memory: 258048K Free: 166511K (65%)
----------------- Invoking toplevel() on ptolemy.moml.MoMLSimpleApplication@5adfd937
----------------- Done invoking toplevel() on ptolemy.moml.MoMLSimpleApplication@5adfd937
reloadAllAccessors: .BusActors

===========================================================================================
----------------- testing Thu Oct 10 18:44:28 UTC 2019 /home/travis/build/icyphy/ptII/ptolemy/actor/lib/test/auto/ClassWrapper.xml
----------------- Instantiating /home/travis/build/icyphy/ptII/ptolemy/actor/lib/test/auto/ClassWrapper.xml
3 ms. Memory: 258048K Free: 161905K (63%)
----------------- Invoking toplevel() on ptolemy.moml.MoMLSimpleApplication@1173b639
----------------- Done invoking toplevel() on ptolemy.moml.MoMLSimpleApplication@1173b639
reloadAllAccessors: .ClassWrapper

===========================================================================================
----------------- testing Thu Oct 10 18:44:28 UTC 2019 /home/travis/build/icyphy/ptII/ptolemy/actor/lib/test/auto/Clock.xml
----------------- Instantiating /home/travis/build/icyphy/ptII/ptolemy/actor/lib/test/auto/Clock.xml
1 ms. Memory: 258048K Free: 158319K (61%)
----------------- Invoking toplevel() on ptolemy.moml.MoMLSimpleApplication@685fc656
----------------- Done invoking toplevel() on ptolemy.moml.MoMLSimpleApplication@685fc656
reloadAllAccessors: .Clock

===========================================================================================
----------------- testing Thu Oct 10 18:44:28 UTC 2019 /home/travis/build/icyphy/ptII/ptolemy/actor/lib/test/auto/Clock10.xml
----------------- Instantiating /home/travis/build/icyphy/ptII/ptolemy/actor/lib/test/auto/Clock10.xml
5 ms. Memory: 258048K Free: 152175K (59%)
----------------- Invoking toplevel() on ptolemy.moml.MoMLSimpleApplication@6c3cc137
----------------- Done invoking toplevel() on ptolemy.moml.MoMLSimpleApplication@6c3cc137
reloadAllAccessors: .Clock10

===========================================================================================
----------------- testing Thu Oct 10 18:44:28 UTC 2019 /home/travis/build/icyphy/ptII/ptolemy/actor/lib/test/auto/Clock11.xml
----------------- Instantiating /home/travis/build/icyphy/ptII/ptolemy/actor/lib/test/auto/Clock11.xml
7 ms. Memory: 258048K Free: 146545K (57%)
----------------- Invoking toplevel() on ptolemy.moml.MoMLSimpleApplication@47868bbf
----------------- Done invoking toplevel() on ptolemy.moml.MoMLSimpleApplication@47868bbf
reloadAllAccessors: .Clock11

===========================================================================================
----------------- testing Thu Oct 10 18:44:28 UTC 2019 /home/travis/build/icyphy/ptII/ptolemy/actor/lib/test/auto/Clock12.xml
----------------- Instantiating /home/travis/build/icyphy/ptII/ptolemy/actor/lib/test/auto/Clock12.xml
6 ms. Memory: 258048K Free: 140401K (54%)
----------------- Invoking toplevel() on ptolemy.moml.MoMLSimpleApplication@55b0d23b
----------------- Done invoking toplevel() on ptolemy.moml.MoMLSimpleApplication@55b0d23b
reloadAllAccessors: .Clock12

===========================================================================================
----------------- testing Thu Oct 10 18:44:28 UTC 2019 /home/travis/build/icyphy/ptII/ptolemy/actor/lib/test/auto/Clock13.xml
----------------- Instantiating /home/travis/build/icyphy/ptII/ptolemy/actor/lib/test/auto/Clock13.xml
7 ms. Memory: 258048K Free: 134737K (52%)
----------------- Invoking toplevel() on ptolemy.moml.MoMLSimpleApplication@193b7863
----------------- Done invoking toplevel() on ptolemy.moml.MoMLSimpleApplication@193b7863
reloadAllAccessors: .Clock13

===========================================================================================
----------------- testing Thu Oct 10 18:44:28 UTC 2019 /home/travis/build/icyphy/ptII/ptolemy/actor/lib/test/auto/Clock14.xml
----------------- Instantiating /home/travis/build/icyphy/ptII/ptolemy/actor/lib/test/auto/Clock14.xml
6 ms. Memory: 258048K Free: 128593K (50%)
----------------- Invoking toplevel() on ptolemy.moml.MoMLSimpleApplication@3f60cb6f
----------------- Done invoking toplevel() on ptolemy.moml.MoMLSimpleApplication@3f60cb6f
reloadAllAccessors: .Clock14

===========================================================================================
----------------- testing Thu Oct 10 18:44:28 UTC 2019 /home/travis/build/icyphy/ptII/ptolemy/actor/lib/test/auto/Clock15.xml
----------------- Instantiating /home/travis/build/icyphy/ptII/ptolemy/actor/lib/test/auto/Clock15.xml
5 ms. Memory: 258048K Free: 122473K (47%)
----------------- Invoking toplevel() on ptolemy.moml.MoMLSimpleApplication@187777bb
----------------- Done invoking toplevel() on ptolemy.moml.MoMLSimpleApplication@187777bb
reloadAllAccessors: .Clock15

===========================================================================================
----------------- testing Thu Oct 10 18:44:28 UTC 2019 /home/travis/build/icyphy/ptII/ptolemy/actor/lib/test/auto/Clock16.xml
----------------- Instantiating /home/travis/build/icyphy/ptII/ptolemy/actor/lib/test/auto/Clock16.xml
34 ms. Memory: 258048K Free: 108143K (42%)
----------------- Invoking toplevel() on ptolemy.moml.MoMLSimpleApplication@555f3f20
----------------- Done invoking toplevel() on ptolemy.moml.MoMLSimpleApplication@555f3f20
reloadAllAccessors: .Clock16

===========================================================================================
----------------- testing Thu Oct 10 18:44:28 UTC 2019 /home/travis/build/icyphy/ptII/ptolemy/actor/lib/test/auto/Clock17.xml
----------------- Instantiating /home/travis/build/icyphy/ptII/ptolemy/actor/lib/test/auto/Clock17.xml
32 ms. Memory: 258048K Free: 93793K (36%)
----------------- Invoking toplevel() on ptolemy.moml.MoMLSimpleApplication@6c38b82d
----------------- Done invoking toplevel() on ptolemy.moml.MoMLSimpleApplication@6c38b82d
reloadAllAccessors: .Clock17

===========================================================================================
----------------- testing Thu Oct 10 18:44:28 UTC 2019 /home/travis/build/icyphy/ptII/ptolemy/actor/lib/test/auto/Clock18.xml
----------------- Instantiating /home/travis/build/icyphy/ptII/ptolemy/actor/lib/test/auto/Clock18.xml
15 ms. Memory: 258048K Free: 81009K (31%)
----------------- Invoking toplevel() on ptolemy.moml.MoMLSimpleApplication@759af43a
----------------- Done invoking toplevel() on ptolemy.moml.MoMLSimpleApplication@759af43a
reloadAllAccessors: .Clock18

===========================================================================================
----------------- testing Thu Oct 10 18:44:28 UTC 2019 /home/travis/build/icyphy/ptII/ptolemy/actor/lib/test/auto/Clock19.xml
----------------- Instantiating /home/travis/build/icyphy/ptII/ptolemy/actor/lib/test/auto/Clock19.xml
19 ms. Memory: 258048K Free: 67697K (26%)
----------------- Invoking toplevel() on ptolemy.moml.MoMLSimpleApplication@f060f19
----------------- Done invoking toplevel() on ptolemy.moml.MoMLSimpleApplication@f060f19
reloadAllAccessors: .Clock19

===========================================================================================
----------------- testing Thu Oct 10 18:44:28 UTC 2019 /home/travis/build/icyphy/ptII/ptolemy/actor/lib/test/auto/Clock2.xml
----------------- Instantiating /home/travis/build/icyphy/ptII/ptolemy/actor/lib/test/auto/Clock2.xml
8 ms. Memory: 258048K Free: 63601K (25%)
----------------- Invoking toplevel() on ptolemy.moml.MoMLSimpleApplication@648cd7aa
----------------- Done invoking toplevel() on ptolemy.moml.MoMLSimpleApplication@648cd7aa
reloadAllAccessors: .Clock2

===========================================================================================
----------------- testing Thu Oct 10 18:44:28 UTC 2019 /home/travis/build/icyphy/ptII/ptolemy/actor/lib/test/auto/Clock20.xml
----------------- Instantiating /home/travis/build/icyphy/ptII/ptolemy/actor/lib/test/auto/Clock20.xml
9 ms. Memory: 516096K Free: 461420K (89%)
----------------- Invoking toplevel() on ptolemy.moml.MoMLSimpleApplication@68327270
----------------- Done invoking toplevel() on ptolemy.moml.MoMLSimpleApplication@68327270
reloadAllAccessors: .Clock20

===========================================================================================
----------------- testing Thu Oct 10 18:44:28 UTC 2019 /home/travis/build/icyphy/ptII/ptolemy/actor/lib/test/auto/Clock21.xml
----------------- Instantiating /home/travis/build/icyphy/ptII/ptolemy/actor/lib/test/auto/Clock21.xml
8 ms. Memory: 516096K Free: 455793K (88%)
----------------- Invoking toplevel() on ptolemy.moml.MoMLSimpleApplication@52b4d4a3
----------------- Done invoking toplevel() on ptolemy.moml.MoMLSimpleApplication@52b4d4a3
reloadAllAccessors: .Clock21

===========================================================================================
----------------- testing Thu Oct 10 18:44:28 UTC 2019 /home/travis/build/icyphy/ptII/ptolemy/actor/lib/test/auto/Clock22.xml
----------------- Instantiating /home/travis/build/icyphy/ptII/ptolemy/actor/lib/test/auto/Clock22.xml
3 ms. Memory: 516096K Free: 450673K (87%)
----------------- Invoking toplevel() on ptolemy.moml.MoMLSimpleApplication@16f2b1be
----------------- Done invoking toplevel() on ptolemy.moml.MoMLSimpleApplication@16f2b1be
reloadAllAccessors: .Clock22

===========================================================================================
----------------- testing Thu Oct 10 18:44:28 UTC 2019 /home/travis/build/icyphy/ptII/ptolemy/actor/lib/test/auto/Clock23.xml
----------------- Instantiating /home/travis/build/icyphy/ptII/ptolemy/actor/lib/test/auto/Clock23.xml
5 ms. Memory: 516096K Free: 445039K (86%)
----------------- Invoking toplevel() on ptolemy.moml.MoMLSimpleApplication@44de42e6
----------------- Done invoking toplevel() on ptolemy.moml.MoMLSimpleApplication@44de42e6
reloadAllAccessors: .Clock23

===========================================================================================
----------------- testing Thu Oct 10 18:44:28 UTC 2019 /home/travis/build/icyphy/ptII/ptolemy/actor/lib/test/auto/Clock24.xml
----------------- Instantiating /home/travis/build/icyphy/ptII/ptolemy/actor/lib/test/auto/Clock24.xml
3 ms. Memory: 516096K Free: 439919K (85%)
----------------- Invoking toplevel() on ptolemy.moml.MoMLSimpleApplication@134fd558
----------------- Done invoking toplevel() on ptolemy.moml.MoMLSimpleApplication@134fd558
reloadAllAccessors: .Clock24

===========================================================================================
----------------- testing Thu Oct 10 18:44:28 UTC 2019 /home/travis/build/icyphy/ptII/ptolemy/actor/lib/test/auto/Clock4.xml
----------------- Instantiating /home/travis/build/icyphy/ptII/ptolemy/actor/lib/test/auto/Clock4.xml
2 ms. Memory: 516096K Free: 434769K (84%)
----------------- Invoking toplevel() on ptolemy.moml.MoMLSimpleApplication@551031a6
----------------- Done invoking toplevel() on ptolemy.moml.MoMLSimpleApplication@551031a6
reloadAllAccessors: .Clock4

===========================================================================================
----------------- testing Thu Oct 10 18:44:29 UTC 2019 /home/travis/build/icyphy/ptII/ptolemy/actor/lib/test/auto/Clock5.xml
----------------- Instantiating /home/travis/build/icyphy/ptII/ptolemy/actor/lib/test/auto/Clock5.xml
3 ms. Memory: 516096K Free: 429673K (83%)
----------------- Invoking toplevel() on ptolemy.moml.MoMLSimpleApplication@3fdf6b2b
----------------- Done invoking toplevel() on ptolemy.moml.MoMLSimpleApplication@3fdf6b2b
reloadAllAccessors: .Clock5

===========================================================================================
----------------- testing Thu Oct 10 18:44:29 UTC 2019 /home/travis/build/icyphy/ptII/ptolemy/actor/lib/test/auto/Clock6.xml
----------------- Instantiating /home/travis/build/icyphy/ptII/ptolemy/actor/lib/test/auto/Clock6.xml
3 ms. Memory: 516096K Free: 425073K (82%)
----------------- Invoking toplevel() on ptolemy.moml.MoMLSimpleApplication@71c1a4bf
----------------- Done invoking toplevel() on ptolemy.moml.MoMLSimpleApplication@71c1a4bf
reloadAllAccessors: .Clock6

===========================================================================================
----------------- testing Thu Oct 10 18:44:29 UTC 2019 /home/travis/build/icyphy/ptII/ptolemy/actor/lib/test/auto/Clock7.xml
----------------- Instantiating /home/travis/build/icyphy/ptII/ptolemy/actor/lib/test/auto/Clock7.xml
3 ms. Memory: 516096K Free: 420463K (81%)
----------------- Invoking toplevel() on ptolemy.moml.MoMLSimpleApplication@4caed958
----------------- Done invoking toplevel() on ptolemy.moml.MoMLSimpleApplication@4caed958
reloadAllAccessors: .Clock7

===========================================================================================
----------------- testing Thu Oct 10 18:44:29 UTC 2019 /home/travis/build/icyphy/ptII/ptolemy/actor/lib/test/auto/Clock8.xml
----------------- Instantiating /home/travis/build/icyphy/ptII/ptolemy/actor/lib/test/auto/Clock8.xml
3 ms. Memory: 516096K Free: 415313K (80%)
----------------- Invoking toplevel() on ptolemy.moml.MoMLSimpleApplication@2c88965b
----------------- Done invoking toplevel() on ptolemy.moml.MoMLSimpleApplication@2c88965b
reloadAllAccessors: .Clock8

===========================================================================================
----------------- testing Thu Oct 10 18:44:29 UTC 2019 /home/travis/build/icyphy/ptII/ptolemy/actor/lib/test/auto/Clock9.xml
----------------- Instantiating /home/travis/build/icyphy/ptII/ptolemy/actor/lib/test/auto/Clock9.xml
4 ms. Memory: 516096K Free: 409713K (79%)
----------------- Invoking toplevel() on ptolemy.moml.MoMLSimpleApplication@462bc61d
----------------- Done invoking toplevel() on ptolemy.moml.MoMLSimpleApplication@462bc61d
reloadAllAccessors: .Clock9

===========================================================================================
----------------- testing Thu Oct 10 18:44:29 UTC 2019 /home/travis/build/icyphy/ptII/ptolemy/actor/lib/test/auto/CommDistDiscard.xml
----------------- Instantiating /home/travis/build/icyphy/ptII/ptolemy/actor/lib/test/auto/CommDistDiscard.xml
4 ms. Memory: 516096K Free: 404593K (78%)
----------------- Invoking toplevel() on ptolemy.moml.MoMLSimpleApplication@1b7b3a87
----------------- Done invoking toplevel() on ptolemy.moml.MoMLSimpleApplication@1b7b3a87
reloadAllAccessors: .CommDistDiscard

===========================================================================================
----------------- testing Thu Oct 10 18:44:29 UTC 2019 /home/travis/build/icyphy/ptII/ptolemy/actor/lib/test/auto/Commutator.xml
----------------- Instantiating /home/travis/build/icyphy/ptII/ptolemy/actor/lib/test/auto/Commutator.xml
2 ms. Memory: 516096K Free: 399983K (78%)
----------------- Invoking toplevel() on ptolemy.moml.MoMLSimpleApplication@299bc80b
----------------- Done invoking toplevel() on ptolemy.moml.MoMLSimpleApplication@299bc80b
reloadAllAccessors: .Commutator

===========================================================================================
----------------- testing Thu Oct 10 18:44:29 UTC 2019 /home/travis/build/icyphy/ptII/ptolemy/actor/lib/test/auto/Commutator2.xml
----------------- Instantiating /home/travis/build/icyphy/ptII/ptolemy/actor/lib/test/auto/Commutator2.xml
2 ms. Memory: 516096K Free: 394863K (77%)
----------------- Invoking toplevel() on ptolemy.moml.MoMLSimpleApplication@15b45f4a
----------------- Done invoking toplevel() on ptolemy.moml.MoMLSimpleApplication@15b45f4a
reloadAllAccessors: .Commutator2

===========================================================================================
----------------- testing Thu Oct 10 18:44:29 UTC 2019 /home/travis/build/icyphy/ptII/ptolemy/actor/lib/test/auto/Commutator3.xml
----------------- Instantiating /home/travis/build/icyphy/ptII/ptolemy/actor/lib/test/auto/Commutator3.xml
3 ms. Memory: 516096K Free: 390767K (76%)
----------------- Invoking toplevel() on ptolemy.moml.MoMLSimpleApplication@738d9f4f
----------------- Done invoking toplevel() on ptolemy.moml.MoMLSimpleApplication@738d9f4f
reloadAllAccessors: .Commutator3

===========================================================================================
----------------- testing Thu Oct 10 18:44:29 UTC 2019 /home/travis/build/icyphy/ptII/ptolemy/actor/lib/test/auto/Compare.xml
----------------- Instantiating /home/travis/build/icyphy/ptII/ptolemy/actor/lib/test/auto/Compare.xml
2 ms. Memory: 516096K Free: 384113K (74%)
----------------- Invoking toplevel() on ptolemy.moml.MoMLSimpleApplication@73937a1c
----------------- Done invoking toplevel() on ptolemy.moml.MoMLSimpleApplication@73937a1c
reloadAllAccessors: .Compare

===========================================================================================
----------------- testing Thu Oct 10 18:44:29 UTC 2019 /home/travis/build/icyphy/ptII/ptolemy/actor/lib/test/auto/CompareDE.xml
----------------- Instantiating /home/travis/build/icyphy/ptII/ptolemy/actor/lib/test/auto/CompareDE.xml
6 ms. Memory: 516096K Free: 376945K (73%)
----------------- Invoking toplevel() on ptolemy.moml.MoMLSimpleApplication@37449ca2
----------------- Done invoking toplevel() on ptolemy.moml.MoMLSimpleApplication@37449ca2
reloadAllAccessors: .CompareDE

===========================================================================================
----------------- testing Thu Oct 10 18:44:29 UTC 2019 /home/travis/build/icyphy/ptII/ptolemy/actor/lib/test/auto/ComplexDivide.xml
----------------- Instantiating /home/travis/build/icyphy/ptII/ptolemy/actor/lib/test/auto/ComplexDivide.xml
1 ms. Memory: 516096K Free: 373359K (72%)
----------------- Invoking toplevel() on ptolemy.moml.MoMLSimpleApplication@3e44b5d6
----------------- Done invoking toplevel() on ptolemy.moml.MoMLSimpleApplication@3e44b5d6
reloadAllAccessors: .ComplexDivide

===========================================================================================
----------------- testing Thu Oct 10 18:44:29 UTC 2019 /home/travis/build/icyphy/ptII/ptolemy/actor/lib/test/auto/ComputeHistogram.xml
----------------- Instantiating /home/travis/build/icyphy/ptII/ptolemy/actor/lib/test/auto/ComputeHistogram.xml
40 ms. Memory: 516096K Free: 360561K (70%)
----------------- Invoking toplevel() on ptolemy.moml.MoMLSimpleApplication@4c8513f4
----------------- Done invoking toplevel() on ptolemy.moml.MoMLSimpleApplication@4c8513f4
reloadAllAccessors: .ComputeHistogram

===========================================================================================
----------------- testing Thu Oct 10 18:44:29 UTC 2019 /home/travis/build/icyphy/ptII/ptolemy/actor/lib/test/auto/ConfigurationSelect.xml
----------------- Instantiating /home/travis/build/icyphy/ptII/ptolemy/actor/lib/test/auto/ConfigurationSelect.xml
12 ms. Memory: 516096K Free: 355441K (69%)
----------------- Invoking toplevel() on ptolemy.moml.MoMLSimpleApplication@7b2caae4
----------------- Done invoking toplevel() on ptolemy.moml.MoMLSimpleApplication@7b2caae4
reloadAllAccessors: .ConfigurationSelect

===========================================================================================
----------------- testing Thu Oct 10 18:44:29 UTC 2019 /home/travis/build/icyphy/ptII/ptolemy/actor/lib/test/auto/ConfigurationSelect2.xml
----------------- Instantiating /home/travis/build/icyphy/ptII/ptolemy/actor/lib/test/auto/ConfigurationSelect2.xml
3 ms. Memory: 516096K Free: 350831K (68%)
----------------- Invoking toplevel() on ptolemy.moml.MoMLSimpleApplication@1f25f117
----------------- Done invoking toplevel() on ptolemy.moml.MoMLSimpleApplication@1f25f117
reloadAllAccessors: .ConfigurationSelect2

===========================================================================================
----------------- testing Thu Oct 10 18:44:29 UTC 2019 /home/travis/build/icyphy/ptII/ptolemy/actor/lib/test/auto/ConfigurationSwitch.xml
----------------- Instantiating /home/travis/build/icyphy/ptII/ptolemy/actor/lib/test/auto/ConfigurationSwitch.xml
2 ms. Memory: 516096K Free: 345711K (67%)
----------------- Invoking toplevel() on ptolemy.moml.MoMLSimpleApplication@5b87df9b
----------------- Done invoking toplevel() on ptolemy.moml.MoMLSimpleApplication@5b87df9b
reloadAllAccessors: .ConfigurationSwitch

===========================================================================================
----------------- testing Thu Oct 10 18:44:29 UTC 2019 /home/travis/build/icyphy/ptII/ptolemy/actor/lib/test/auto/ConfigurationSwitch2.xml
----------------- Instantiating /home/travis/build/icyphy/ptII/ptolemy/actor/lib/test/auto/ConfigurationSwitch2.xml
3 ms. Memory: 516096K Free: 340081K (66%)
----------------- Invoking toplevel() on ptolemy.moml.MoMLSimpleApplication@34bd9bb
----------------- Done invoking toplevel() on ptolemy.moml.MoMLSimpleApplication@34bd9bb
reloadAllAccessors: .ConfigurationSwitch2

===========================================================================================
----------------- testing Thu Oct 10 18:44:29 UTC 2019 /home/travis/build/icyphy/ptII/ptolemy/actor/lib/test/auto/ConfigurationSwitchCloningBugWithClassRelationGroup.xml
----------------- Instantiating /home/travis/build/icyphy/ptII/ptolemy/actor/lib/test/auto/ConfigurationSwitchCloningBugWithClassRelationGroup.xml
2 ms. Memory: 516096K Free: 332913K (65%)
----------------- Invoking toplevel() on ptolemy.moml.MoMLSimpleApplication@51757607
----------------- Done invoking toplevel() on ptolemy.moml.MoMLSimpleApplication@51757607
reloadAllAccessors: .ConfigurationSwitchCloningBugWithClassRelationGroup

===========================================================================================
----------------- testing Thu Oct 10 18:44:29 UTC 2019 /home/travis/build/icyphy/ptII/ptolemy/actor/lib/test/auto/ConfigurationSwitchSelectSDF.xml
----------------- Instantiating /home/travis/build/icyphy/ptII/ptolemy/actor/lib/test/auto/ConfigurationSwitchSelectSDF.xml
6 ms. Memory: 516096K Free: 327793K (64%)
----------------- Invoking toplevel() on ptolemy.moml.MoMLSimpleApplication@2bbe307b
----------------- Done invoking toplevel() on ptolemy.moml.MoMLSimpleApplication@2bbe307b
reloadAllAccessors: .ConfigurationSwitchSelectSDF

===========================================================================================
----------------- testing Thu Oct 10 18:44:29 UTC 2019 /home/travis/build/icyphy/ptII/ptolemy/actor/lib/test/auto/ConfigurationSwitchSelectSDF2.xml
----------------- Instantiating /home/travis/build/icyphy/ptII/ptolemy/actor/lib/test/auto/ConfigurationSwitchSelectSDF2.xml
3 ms. Memory: 516096K Free: 321649K (62%)
----------------- Invoking toplevel() on ptolemy.moml.MoMLSimpleApplication@3dbe829d
----------------- Done invoking toplevel() on ptolemy.moml.MoMLSimpleApplication@3dbe829d
reloadAllAccessors: .ConfigurationSwitchSelectSDF2

===========================================================================================
----------------- testing Thu Oct 10 18:44:29 UTC 2019 /home/travis/build/icyphy/ptII/ptolemy/actor/lib/test/auto/Const.xml
----------------- Instantiating /home/travis/build/icyphy/ptII/ptolemy/actor/lib/test/auto/Const.xml
1 ms. Memory: 516096K Free: 318577K (62%)
----------------- Invoking toplevel() on ptolemy.moml.MoMLSimpleApplication@37d54a0e
----------------- Done invoking toplevel() on ptolemy.moml.MoMLSimpleApplication@37d54a0e
reloadAllAccessors: .Const

===========================================================================================
----------------- testing Thu Oct 10 18:44:29 UTC 2019 /home/travis/build/icyphy/ptII/ptolemy/actor/lib/test/auto/Const2.xml
----------------- Instantiating /home/travis/build/icyphy/ptII/ptolemy/actor/lib/test/auto/Const2.xml
2 ms. Memory: 516096K Free: 314481K (61%)
----------------- Invoking toplevel() on ptolemy.moml.MoMLSimpleApplication@5272c2ae
----------------- Done invoking toplevel() on ptolemy.moml.MoMLSimpleApplication@5272c2ae
reloadAllAccessors: .Const2

===========================================================================================
----------------- testing Thu Oct 10 18:44:29 UTC 2019 /home/travis/build/icyphy/ptII/ptolemy/actor/lib/test/auto/Const3.xml
----------------- Instantiating /home/travis/build/icyphy/ptII/ptolemy/actor/lib/test/auto/Const3.xml
1 ms. Memory: 516096K Free: 311409K (60%)
----------------- Invoking toplevel() on ptolemy.moml.MoMLSimpleApplication@352f7eab
----------------- Done invoking toplevel() on ptolemy.moml.MoMLSimpleApplication@352f7eab
reloadAllAccessors: .Const3

===========================================================================================
----------------- testing Thu Oct 10 18:44:29 UTC 2019 /home/travis/build/icyphy/ptII/ptolemy/actor/lib/test/auto/ConstantPublisherPort1.xml
----------------- Instantiating /home/travis/build/icyphy/ptII/ptolemy/actor/lib/test/auto/ConstantPublisherPort1.xml
8 ms. Memory: 516096K Free: 303217K (59%)
----------------- Invoking toplevel() on ptolemy.moml.MoMLSimpleApplication@501b43e6
----------------- Done invoking toplevel() on ptolemy.moml.MoMLSimpleApplication@501b43e6
reloadAllAccessors: .ConstantPublisherPort1

===========================================================================================
----------------- testing Thu Oct 10 18:44:29 UTC 2019 /home/travis/build/icyphy/ptII/ptolemy/actor/lib/test/auto/ConstantPublisherPort2.xml
----------------- Instantiating /home/travis/build/icyphy/ptII/ptolemy/actor/lib/test/auto/ConstantPublisherPort2.xml
11 ms. Memory: 516096K Free: 295535K (57%)
----------------- Invoking toplevel() on ptolemy.moml.MoMLSimpleApplication@47a331a8
----------------- Done invoking toplevel() on ptolemy.moml.MoMLSimpleApplication@47a331a8
reloadAllAccessors: .ConstantPublisherPort2

===========================================================================================
----------------- testing Thu Oct 10 18:44:29 UTC 2019 /home/travis/build/icyphy/ptII/ptolemy/actor/lib/test/auto/ConstantPublisherPort3.xml
----------------- Instantiating /home/travis/build/icyphy/ptII/ptolemy/actor/lib/test/auto/ConstantPublisherPort3.xml
6 ms. Memory: 516096K Free: 287857K (56%)
----------------- Invoking toplevel() on ptolemy.moml.MoMLSimpleApplication@33deb37a
----------------- Done invoking toplevel() on ptolemy.moml.MoMLSimpleApplication@33deb37a
reloadAllAccessors: .ConstantPublisherPort3

===========================================================================================
----------------- testing Thu Oct 10 18:44:29 UTC 2019 /home/travis/build/icyphy/ptII/ptolemy/actor/lib/test/auto/ConstantPublisherPort4.xml
----------------- Instantiating /home/travis/build/icyphy/ptII/ptolemy/actor/lib/test/auto/ConstantPublisherPort4.xml
6 ms. Memory: 516096K Free: 280689K (54%)
----------------- Invoking toplevel() on ptolemy.moml.MoMLSimpleApplication@79150138
----------------- Done invoking toplevel() on ptolemy.moml.MoMLSimpleApplication@79150138
reloadAllAccessors: .ConstantPublisherPort4

===========================================================================================
----------------- testing Thu Oct 10 18:44:29 UTC 2019 /home/travis/build/icyphy/ptII/ptolemy/actor/lib/test/auto/ConstantPublisherPort5.xml
----------------- Instantiating /home/travis/build/icyphy/ptII/ptolemy/actor/lib/test/auto/ConstantPublisherPort5.xml
36 ms. Memory: 516096K Free: 271473K (53%)
----------------- Invoking toplevel() on ptolemy.moml.MoMLSimpleApplication@4e821cc0
----------------- Done invoking toplevel() on ptolemy.moml.MoMLSimpleApplication@4e821cc0
reloadAllAccessors: .ConstantPublisherPort5

===========================================================================================
----------------- testing Thu Oct 10 18:44:29 UTC 2019 /home/travis/build/icyphy/ptII/ptolemy/actor/lib/test/auto/ConstantPublisherPort6.xml
----------------- Instantiating /home/travis/build/icyphy/ptII/ptolemy/actor/lib/test/auto/ConstantPublisherPort6.xml
21 ms. Memory: 516096K Free: 261743K (51%)
----------------- Invoking toplevel() on ptolemy.moml.MoMLSimpleApplication@7a2b50e5
----------------- Done invoking toplevel() on ptolemy.moml.MoMLSimpleApplication@7a2b50e5
reloadAllAccessors: .ConstantPublisherPort6

===========================================================================================
----------------- testing Thu Oct 10 18:44:29 UTC 2019 /home/travis/build/icyphy/ptII/ptolemy/actor/lib/test/auto/ConstantPublisherPort7.xml
----------------- Instantiating /home/travis/build/icyphy/ptII/ptolemy/actor/lib/test/auto/ConstantPublisherPort7.xml
17 ms. Memory: 516096K Free: 252527K (49%)
----------------- Invoking toplevel() on ptolemy.moml.MoMLSimpleApplication@5a11c581
----------------- Done invoking toplevel() on ptolemy.moml.MoMLSimpleApplication@5a11c581
reloadAllAccessors: .ConstantPublisherPort7

===========================================================================================
----------------- testing Thu Oct 10 18:44:29 UTC 2019 /home/travis/build/icyphy/ptII/ptolemy/actor/lib/test/auto/ConstraintMonitor1.xml
----------------- Instantiating /home/travis/build/icyphy/ptII/ptolemy/actor/lib/test/auto/ConstraintMonitor1.xml
7 ms. Memory: 516096K Free: 247407K (48%)
----------------- Invoking toplevel() on ptolemy.moml.MoMLSimpleApplication@543ace31
----------------- Done invoking toplevel() on ptolemy.moml.MoMLSimpleApplication@543ace31
reloadAllAccessors: .ConstraintMonitor1

===========================================================================================
----------------- testing Thu Oct 10 18:44:30 UTC 2019 /home/travis/build/icyphy/ptII/ptolemy/actor/lib/test/auto/ConstraintMonitor2.xml
----------------- Instantiating /home/travis/build/icyphy/ptII/ptolemy/actor/lib/test/auto/ConstraintMonitor2.xml
3 ms. Memory: 516096K Free: 242801K (47%)
----------------- Invoking toplevel() on ptolemy.moml.MoMLSimpleApplication@f21ea81
----------------- Done invoking toplevel() on ptolemy.moml.MoMLSimpleApplication@f21ea81
reloadAllAccessors: .ConstraintMonitor2

===========================================================================================
----------------- testing Thu Oct 10 18:44:30 UTC 2019 /home/travis/build/icyphy/ptII/ptolemy/actor/lib/test/auto/ConstraintMonitor3.xml
----------------- Instantiating /home/travis/build/icyphy/ptII/ptolemy/actor/lib/test/auto/ConstraintMonitor3.xml
5 ms. Memory: 516096K Free: 237681K (46%)
----------------- Invoking toplevel() on ptolemy.moml.MoMLSimpleApplication@f71785f
----------------- Done invoking toplevel() on ptolemy.moml.MoMLSimpleApplication@f71785f
reloadAllAccessors: .ConstraintMonitor3

===========================================================================================
----------------- testing Thu Oct 10 18:44:30 UTC 2019 /home/travis/build/icyphy/ptII/ptolemy/actor/lib/test/auto/ConstraintMonitor4.xml
----------------- Instantiating /home/travis/build/icyphy/ptII/ptolemy/actor/lib/test/auto/ConstraintMonitor4.xml
4 ms. Memory: 516096K Free: 233071K (45%)
----------------- Invoking toplevel() on ptolemy.moml.MoMLSimpleApplication@a9e0e4e
----------------- Done invoking toplevel() on ptolemy.moml.MoMLSimpleApplication@a9e0e4e
reloadAllAccessors: .ConstraintMonitor4

===========================================================================================
----------------- testing Thu Oct 10 18:44:30 UTC 2019 /home/travis/build/icyphy/ptII/ptolemy/actor/lib/test/auto/ConstraintMonitor5.xml
----------------- Instantiating /home/travis/build/icyphy/ptII/ptolemy/actor/lib/test/auto/ConstraintMonitor5.xml
5 ms. Memory: 516096K Free: 227951K (44%)
----------------- Invoking toplevel() on ptolemy.moml.MoMLSimpleApplication@2c4dbbaa
----------------- Done invoking toplevel() on ptolemy.moml.MoMLSimpleApplication@2c4dbbaa
reloadAllAccessors: .ConstraintMonitor5

===========================================================================================
----------------- testing Thu Oct 10 18:44:30 UTC 2019 /home/travis/build/icyphy/ptII/ptolemy/actor/lib/test/auto/ConstraintMonitor6.xml
----------------- Instantiating /home/travis/build/icyphy/ptII/ptolemy/actor/lib/test/auto/ConstraintMonitor6.xml
8 ms. Memory: 516096K Free: 222321K (43%)
----------------- Invoking toplevel() on ptolemy.moml.MoMLSimpleApplication@12e84516
----------------- Done invoking toplevel() on ptolemy.moml.MoMLSimpleApplication@12e84516
reloadAllAccessors: .ConstraintMonitor6

===========================================================================================
----------------- testing Thu Oct 10 18:44:30 UTC 2019 /home/travis/build/icyphy/ptII/ptolemy/actor/lib/test/auto/ConstraintMonitor7.xml
----------------- Instantiating /home/travis/build/icyphy/ptII/ptolemy/actor/lib/test/auto/ConstraintMonitor7.xml
8 ms. Memory: 516096K Free: 215649K (42%)
----------------- Invoking toplevel() on ptolemy.moml.MoMLSimpleApplication@26fff5eb
----------------- Done invoking toplevel() on ptolemy.moml.MoMLSimpleApplication@26fff5eb
reloadAllAccessors: .ConstraintMonitor7

===========================================================================================
----------------- testing Thu Oct 10 18:44:30 UTC 2019 /home/travis/build/icyphy/ptII/ptolemy/actor/lib/test/auto/ConstraintMonitor8.xml
----------------- Instantiating /home/travis/build/icyphy/ptII/ptolemy/actor/lib/test/auto/ConstraintMonitor8.xml
5 ms. Memory: 516096K Free: 207985K (40%)
----------------- Invoking toplevel() on ptolemy.moml.MoMLSimpleApplication@522c531b
----------------- Done invoking toplevel() on ptolemy.moml.MoMLSimpleApplication@522c531b
reloadAllAccessors: .ConstraintMonitor8

===========================================================================================
----------------- testing Thu Oct 10 18:44:30 UTC 2019 /home/travis/build/icyphy/ptII/ptolemy/actor/lib/test/auto/Counter.xml
----------------- Instantiating /home/travis/build/icyphy/ptII/ptolemy/actor/lib/test/auto/Counter.xml
2 ms. Memory: 516096K Free: 203375K (39%)
----------------- Invoking toplevel() on ptolemy.moml.MoMLSimpleApplication@128f7c9f
----------------- Done invoking toplevel() on ptolemy.moml.MoMLSimpleApplication@128f7c9f
reloadAllAccessors: .Counter

===========================================================================================
----------------- testing Thu Oct 10 18:44:30 UTC 2019 /home/travis/build/icyphy/ptII/ptolemy/actor/lib/test/auto/CurrentTimeSDF.xml
----------------- Instantiating /home/travis/build/icyphy/ptII/ptolemy/actor/lib/test/auto/CurrentTimeSDF.xml
2 ms. Memory: 516096K Free: 199279K (39%)
----------------- Invoking toplevel() on ptolemy.moml.MoMLSimpleApplication@3759b46
----------------- Done invoking toplevel() on ptolemy.moml.MoMLSimpleApplication@3759b46
reloadAllAccessors: .CurrentTimeSDF

===========================================================================================
----------------- testing Thu Oct 10 18:44:30 UTC 2019 /home/travis/build/icyphy/ptII/ptolemy/actor/lib/test/auto/DB.xml
----------------- Instantiating /home/travis/build/icyphy/ptII/ptolemy/actor/lib/test/auto/DB.xml
2 ms. Memory: 516096K Free: 193649K (38%)
----------------- Invoking toplevel() on ptolemy.moml.MoMLSimpleApplication@2ad03fa5
----------------- Done invoking toplevel() on ptolemy.moml.MoMLSimpleApplication@2ad03fa5
reloadAllAccessors: .DB

===========================================================================================
----------------- testing Thu Oct 10 18:44:30 UTC 2019 /home/travis/build/icyphy/ptII/ptolemy/actor/lib/test/auto/DBDE.xml
----------------- Instantiating /home/travis/build/icyphy/ptII/ptolemy/actor/lib/test/auto/DBDE.xml
2 ms. Memory: 516096K Free: 187985K (36%)
----------------- Invoking toplevel() on ptolemy.moml.MoMLSimpleApplication@148b6163
----------------- Done invoking toplevel() on ptolemy.moml.MoMLSimpleApplication@148b6163
reloadAllAccessors: .DBDE

===========================================================================================
----------------- testing Thu Oct 10 18:44:30 UTC 2019 /home/travis/build/icyphy/ptII/ptolemy/actor/lib/test/auto/DateConstructor.xml
----------------- Instantiating /home/travis/build/icyphy/ptII/ptolemy/actor/lib/test/auto/DateConstructor.xml
27 ms. Memory: 516096K Free: 170097K (33%)
----------------- Invoking toplevel() on ptolemy.moml.MoMLSimpleApplication@3ba85932
----------------- Done invoking toplevel() on ptolemy.moml.MoMLSimpleApplication@3ba85932
reloadAllAccessors: .DateConstructor

===========================================================================================
----------------- testing Thu Oct 10 18:44:30 UTC 2019 /home/travis/build/icyphy/ptII/ptolemy/actor/lib/test/auto/DelayTime.xml
----------------- Instantiating /home/travis/build/icyphy/ptII/ptolemy/actor/lib/test/auto/DelayTime.xml
7 ms. Memory: 516096K Free: 464497K (90%)
----------------- Invoking toplevel() on ptolemy.moml.MoMLSimpleApplication@3928bc94
----------------- Done invoking toplevel() on ptolemy.moml.MoMLSimpleApplication@3928bc94
reloadAllAccessors: .DelayTime

===========================================================================================
----------------- testing Thu Oct 10 18:44:30 UTC 2019 /home/travis/build/icyphy/ptII/ptolemy/actor/lib/test/auto/Dictionary1.xml
----------------- Instantiating /home/travis/build/icyphy/ptII/ptolemy/actor/lib/test/auto/Dictionary1.xml
2 ms. Memory: 516096K Free: 458863K (89%)
----------------- Invoking toplevel() on ptolemy.moml.MoMLSimpleApplication@819b32d
----------------- Done invoking toplevel() on ptolemy.moml.MoMLSimpleApplication@819b32d
reloadAllAccessors: .Dictionary1

===========================================================================================
----------------- testing Thu Oct 10 18:44:30 UTC 2019 /home/travis/build/icyphy/ptII/ptolemy/actor/lib/test/auto/Dictionary2.xml
----------------- Instantiating /home/travis/build/icyphy/ptII/ptolemy/actor/lib/test/auto/Dictionary2.xml
4 ms. Memory: 516096K Free: 453233K (88%)
----------------- Invoking toplevel() on ptolemy.moml.MoMLSimpleApplication@41b42e6d
----------------- Done invoking toplevel() on ptolemy.moml.MoMLSimpleApplication@41b42e6d
reloadAllAccessors: .Dictionary2

===========================================================================================
----------------- testing Thu Oct 10 18:44:30 UTC 2019 /home/travis/build/icyphy/ptII/ptolemy/actor/lib/test/auto/Dictionary3.xml
----------------- Instantiating /home/travis/build/icyphy/ptII/ptolemy/actor/lib/test/auto/Dictionary3.xml
2 ms. Memory: 516096K Free: 447599K (87%)
----------------- Invoking toplevel() on ptolemy.moml.MoMLSimpleApplication@35cd9292
----------------- Done invoking toplevel() on ptolemy.moml.MoMLSimpleApplication@35cd9292
reloadAllAccessors: .Dictionary3

===========================================================================================
----------------- testing Thu Oct 10 18:44:30 UTC 2019 /home/travis/build/icyphy/ptII/ptolemy/actor/lib/test/auto/Dictionary4.xml
----------------- Instantiating /home/travis/build/icyphy/ptII/ptolemy/actor/lib/test/auto/Dictionary4.xml
3 ms. Memory: 516096K Free: 440945K (85%)
----------------- Invoking toplevel() on ptolemy.moml.MoMLSimpleApplication@1b5b96aa
----------------- Done invoking toplevel() on ptolemy.moml.MoMLSimpleApplication@1b5b96aa
reloadAllAccessors: .Dictionary4

===========================================================================================
----------------- testing Thu Oct 10 18:44:30 UTC 2019 /home/travis/build/icyphy/ptII/ptolemy/actor/lib/test/auto/Differential.xml
----------------- Instantiating /home/travis/build/icyphy/ptII/ptolemy/actor/lib/test/auto/Differential.xml
4 ms. Memory: 516096K Free: 436335K (85%)
----------------- Invoking toplevel() on ptolemy.moml.MoMLSimpleApplication@565cf63a
----------------- Done invoking toplevel() on ptolemy.moml.MoMLSimpleApplication@565cf63a
reloadAllAccessors: .Differential

===========================================================================================
----------------- testing Thu Oct 10 18:44:30 UTC 2019 /home/travis/build/icyphy/ptII/ptolemy/actor/lib/test/auto/Director.xml
----------------- Instantiating /home/travis/build/icyphy/ptII/ptolemy/actor/lib/test/auto/Director.xml
2 ms. Memory: 516096K Free: 432753K (84%)
----------------- Invoking toplevel() on ptolemy.moml.MoMLSimpleApplication@1acc2e05
----------------- Done invoking toplevel() on ptolemy.moml.MoMLSimpleApplication@1acc2e05
reloadAllAccessors: .Director

===========================================================================================
----------------- testing Thu Oct 10 18:44:30 UTC 2019 /home/travis/build/icyphy/ptII/ptolemy/actor/lib/test/auto/DiscreteClock.xml
----------------- Instantiating /home/travis/build/icyphy/ptII/ptolemy/actor/lib/test/auto/DiscreteClock.xml
2 ms. Memory: 516096K Free: 429167K (83%)
----------------- Invoking toplevel() on ptolemy.moml.MoMLSimpleApplication@1de6514e
----------------- Done invoking toplevel() on ptolemy.moml.MoMLSimpleApplication@1de6514e
reloadAllAccessors: .DiscreteClock

===========================================================================================
----------------- testing Thu Oct 10 18:44:30 UTC 2019 /home/travis/build/icyphy/ptII/ptolemy/actor/lib/test/auto/DiscreteClock10.xml
----------------- Instantiating /home/travis/build/icyphy/ptII/ptolemy/actor/lib/test/auto/DiscreteClock10.xml
5 ms. Memory: 516096K Free: 423023K (82%)
----------------- Invoking toplevel() on ptolemy.moml.MoMLSimpleApplication@39d107c2
----------------- Done invoking toplevel() on ptolemy.moml.MoMLSimpleApplication@39d107c2
reloadAllAccessors: .DiscreteClock10

===========================================================================================
----------------- testing Thu Oct 10 18:44:30 UTC 2019 /home/travis/build/icyphy/ptII/ptolemy/actor/lib/test/auto/DiscreteClock11.xml
----------------- Instantiating /home/travis/build/icyphy/ptII/ptolemy/actor/lib/test/auto/DiscreteClock11.xml
2 ms. Memory: 516096K Free: 416879K (81%)
----------------- Invoking toplevel() on ptolemy.moml.MoMLSimpleApplication@7d6273c7
----------------- Done invoking toplevel() on ptolemy.moml.MoMLSimpleApplication@7d6273c7
reloadAllAccessors: .DiscreteClock11

===========================================================================================
----------------- testing Thu Oct 10 18:44:30 UTC 2019 /home/travis/build/icyphy/ptII/ptolemy/actor/lib/test/auto/DiscreteClock12.xml
----------------- Instantiating /home/travis/build/icyphy/ptII/ptolemy/actor/lib/test/auto/DiscreteClock12.xml
2 ms. Memory: 516096K Free: 410735K (80%)
----------------- Invoking toplevel() on ptolemy.moml.MoMLSimpleApplication@5c343331
----------------- Done invoking toplevel() on ptolemy.moml.MoMLSimpleApplication@5c343331
reloadAllAccessors: .DiscreteClock12

===========================================================================================
----------------- testing Thu Oct 10 18:44:30 UTC 2019 /home/travis/build/icyphy/ptII/ptolemy/actor/lib/test/auto/DiscreteClock13.xml
----------------- Instantiating /home/travis/build/icyphy/ptII/ptolemy/actor/lib/test/auto/DiscreteClock13.xml
5 ms. Memory: 516096K Free: 405105K (78%)
----------------- Invoking toplevel() on ptolemy.moml.MoMLSimpleApplication@69269ace
----------------- Done invoking toplevel() on ptolemy.moml.MoMLSimpleApplication@69269ace
reloadAllAccessors: .DiscreteClock13

===========================================================================================
----------------- testing Thu Oct 10 18:44:30 UTC 2019 /home/travis/build/icyphy/ptII/ptolemy/actor/lib/test/auto/DiscreteClock14.xml
----------------- Instantiating /home/travis/build/icyphy/ptII/ptolemy/actor/lib/test/auto/DiscreteClock14.xml
5 ms. Memory: 516096K Free: 398961K (77%)
----------------- Invoking toplevel() on ptolemy.moml.MoMLSimpleApplication@7695799a
----------------- Done invoking toplevel() on ptolemy.moml.MoMLSimpleApplication@7695799a
reloadAllAccessors: .DiscreteClock14

===========================================================================================
----------------- testing Thu Oct 10 18:44:30 UTC 2019 /home/travis/build/icyphy/ptII/ptolemy/actor/lib/test/auto/DiscreteClock15.xml
----------------- Instantiating /home/travis/build/icyphy/ptII/ptolemy/actor/lib/test/auto/DiscreteClock15.xml
4 ms. Memory: 516096K Free: 392817K (76%)
----------------- Invoking toplevel() on ptolemy.moml.MoMLSimpleApplication@6d78399e
----------------- Done invoking toplevel() on ptolemy.moml.MoMLSimpleApplication@6d78399e
reloadAllAccessors: .DiscreteClock15

===========================================================================================
----------------- testing Thu Oct 10 18:44:30 UTC 2019 /home/travis/build/icyphy/ptII/ptolemy/actor/lib/test/auto/DiscreteClock16.xml
----------------- Instantiating /home/travis/build/icyphy/ptII/ptolemy/actor/lib/test/auto/DiscreteClock16.xml
13 ms. Memory: 516096K Free: 378977K (73%)
----------------- Invoking toplevel() on ptolemy.moml.MoMLSimpleApplication@3e413344
----------------- Done invoking toplevel() on ptolemy.moml.MoMLSimpleApplication@3e413344
reloadAllAccessors: .DiscreteClock16

===========================================================================================
----------------- testing Thu Oct 10 18:44:30 UTC 2019 /home/travis/build/icyphy/ptII/ptolemy/actor/lib/test/auto/DiscreteClock17.xml
----------------- Instantiating /home/travis/build/icyphy/ptII/ptolemy/actor/lib/test/auto/DiscreteClock17.xml
17 ms. Memory: 516096K Free: 364625K (71%)
----------------- Invoking toplevel() on ptolemy.moml.MoMLSimpleApplication@69034409
----------------- Done invoking toplevel() on ptolemy.moml.MoMLSimpleApplication@69034409
reloadAllAccessors: .DiscreteClock17

===========================================================================================
----------------- testing Thu Oct 10 18:44:30 UTC 2019 /home/travis/build/icyphy/ptII/ptolemy/actor/lib/test/auto/DiscreteClock18.xml
----------------- Instantiating /home/travis/build/icyphy/ptII/ptolemy/actor/lib/test/auto/DiscreteClock18.xml
14 ms. Memory: 516096K Free: 350833K (68%)
----------------- Invoking toplevel() on ptolemy.moml.MoMLSimpleApplication@67114902
----------------- Done invoking toplevel() on ptolemy.moml.MoMLSimpleApplication@67114902
reloadAllAccessors: .DiscreteClock18

===========================================================================================
----------------- testing Thu Oct 10 18:44:30 UTC 2019 /home/travis/build/icyphy/ptII/ptolemy/actor/lib/test/auto/DiscreteClock19.xml
----------------- Instantiating /home/travis/build/icyphy/ptII/ptolemy/actor/lib/test/auto/DiscreteClock19.xml
24 ms. Memory: 516096K Free: 337007K (65%)
----------------- Invoking toplevel() on ptolemy.moml.MoMLSimpleApplication@644625d9
----------------- Done invoking toplevel() on ptolemy.moml.MoMLSimpleApplication@644625d9
reloadAllAccessors: .DiscreteClock19

===========================================================================================
----------------- testing Thu Oct 10 18:44:30 UTC 2019 /home/travis/build/icyphy/ptII/ptolemy/actor/lib/test/auto/DiscreteClock2.xml
----------------- Instantiating /home/travis/build/icyphy/ptII/ptolemy/actor/lib/test/auto/DiscreteClock2.xml
5 ms. Memory: 516096K Free: 331873K (64%)
----------------- Invoking toplevel() on ptolemy.moml.MoMLSimpleApplication@58512104
----------------- Done invoking toplevel() on ptolemy.moml.MoMLSimpleApplication@58512104
reloadAllAccessors: .DiscreteClock2

===========================================================================================
----------------- testing Thu Oct 10 18:44:30 UTC 2019 /home/travis/build/icyphy/ptII/ptolemy/actor/lib/test/auto/DiscreteClock20.xml
----------------- Instantiating /home/travis/build/icyphy/ptII/ptolemy/actor/lib/test/auto/DiscreteClock20.xml
9 ms. Memory: 516096K Free: 326764K (63%)
----------------- Invoking toplevel() on ptolemy.moml.MoMLSimpleApplication@1481247b
----------------- Done invoking toplevel() on ptolemy.moml.MoMLSimpleApplication@1481247b
reloadAllAccessors: .DiscreteClock20

===========================================================================================
----------------- testing Thu Oct 10 18:44:30 UTC 2019 /home/travis/build/icyphy/ptII/ptolemy/actor/lib/test/auto/DiscreteClock21.xml
----------------- Instantiating /home/travis/build/icyphy/ptII/ptolemy/actor/lib/test/auto/DiscreteClock21.xml
6 ms. Memory: 516096K Free: 321137K (62%)
----------------- Invoking toplevel() on ptolemy.moml.MoMLSimpleApplication@dede4e4
----------------- Done invoking toplevel() on ptolemy.moml.MoMLSimpleApplication@dede4e4
reloadAllAccessors: .DiscreteClock21

===========================================================================================
----------------- testing Thu Oct 10 18:44:31 UTC 2019 /home/travis/build/icyphy/ptII/ptolemy/actor/lib/test/auto/DiscreteClock22.xml
----------------- Instantiating /home/travis/build/icyphy/ptII/ptolemy/actor/lib/test/auto/DiscreteClock22.xml
5 ms. Memory: 516096K Free: 315503K (61%)
----------------- Invoking toplevel() on ptolemy.moml.MoMLSimpleApplication@1180cfbc
----------------- Done invoking toplevel() on ptolemy.moml.MoMLSimpleApplication@1180cfbc
reloadAllAccessors: .DiscreteClock22

===========================================================================================
----------------- testing Thu Oct 10 18:44:31 UTC 2019 /home/travis/build/icyphy/ptII/ptolemy/actor/lib/test/auto/DiscreteClock23.xml
----------------- Instantiating /home/travis/build/icyphy/ptII/ptolemy/actor/lib/test/auto/DiscreteClock23.xml
11 ms. Memory: 516096K Free: 309873K (60%)
----------------- Invoking toplevel() on ptolemy.moml.MoMLSimpleApplication@373f7eb5
----------------- Done invoking toplevel() on ptolemy.moml.MoMLSimpleApplication@373f7eb5
reloadAllAccessors: .DiscreteClock23

===========================================================================================
----------------- testing Thu Oct 10 18:44:31 UTC 2019 /home/travis/build/icyphy/ptII/ptolemy/actor/lib/test/auto/DiscreteClock24.xml
----------------- Instantiating /home/travis/build/icyphy/ptII/ptolemy/actor/lib/test/auto/DiscreteClock24.xml
5 ms. Memory: 516096K Free: 304239K (59%)
----------------- Invoking toplevel() on ptolemy.moml.MoMLSimpleApplication@1c299df5
----------------- Done invoking toplevel() on ptolemy.moml.MoMLSimpleApplication@1c299df5
reloadAllAccessors: .DiscreteClock24

===========================================================================================
----------------- testing Thu Oct 10 18:44:31 UTC 2019 /home/travis/build/icyphy/ptII/ptolemy/actor/lib/test/auto/DiscreteClock4.xml
----------------- Instantiating /home/travis/build/icyphy/ptII/ptolemy/actor/lib/test/auto/DiscreteClock4.xml
4 ms. Memory: 516096K Free: 299105K (58%)
----------------- Invoking toplevel() on ptolemy.moml.MoMLSimpleApplication@65c58e6a
----------------- Done invoking toplevel() on ptolemy.moml.MoMLSimpleApplication@65c58e6a
reloadAllAccessors: .DiscreteClock4

===========================================================================================
----------------- testing Thu Oct 10 18:44:31 UTC 2019 /home/travis/build/icyphy/ptII/ptolemy/actor/lib/test/auto/DiscreteClock5.xml
----------------- Instantiating /home/travis/build/icyphy/ptII/ptolemy/actor/lib/test/auto/DiscreteClock5.xml
2 ms. Memory: 516096K Free: 293489K (57%)
----------------- Invoking toplevel() on ptolemy.moml.MoMLSimpleApplication@69e84896
----------------- Done invoking toplevel() on ptolemy.moml.MoMLSimpleApplication@69e84896
reloadAllAccessors: .DiscreteClock5

===========================================================================================
----------------- testing Thu Oct 10 18:44:31 UTC 2019 /home/travis/build/icyphy/ptII/ptolemy/actor/lib/test/auto/DiscreteClock6.xml
----------------- Instantiating /home/travis/build/icyphy/ptII/ptolemy/actor/lib/test/auto/DiscreteClock6.xml
2 ms. Memory: 516096K Free: 289393K (56%)
----------------- Invoking toplevel() on ptolemy.moml.MoMLSimpleApplication@752e8642
----------------- Done invoking toplevel() on ptolemy.moml.MoMLSimpleApplication@752e8642
reloadAllAccessors: .DiscreteClock6

===========================================================================================
----------------- testing Thu Oct 10 18:44:31 UTC 2019 /home/travis/build/icyphy/ptII/ptolemy/actor/lib/test/auto/DiscreteClock7.xml
----------------- Instantiating /home/travis/build/icyphy/ptII/ptolemy/actor/lib/test/auto/DiscreteClock7.xml
2 ms. Memory: 516096K Free: 284783K (55%)
----------------- Invoking toplevel() on ptolemy.moml.MoMLSimpleApplication@58897940
----------------- Done invoking toplevel() on ptolemy.moml.MoMLSimpleApplication@58897940
reloadAllAccessors: .DiscreteClock7

===========================================================================================
----------------- testing Thu Oct 10 18:44:31 UTC 2019 /home/travis/build/icyphy/ptII/ptolemy/actor/lib/test/auto/DiscreteClock8.xml
----------------- Instantiating /home/travis/build/icyphy/ptII/ptolemy/actor/lib/test/auto/DiscreteClock8.xml
2 ms. Memory: 516096K Free: 279633K (54%)
----------------- Invoking toplevel() on ptolemy.moml.MoMLSimpleApplication@5cfc54d1
----------------- Done invoking toplevel() on ptolemy.moml.MoMLSimpleApplication@5cfc54d1
reloadAllAccessors: .DiscreteClock8

===========================================================================================
----------------- testing Thu Oct 10 18:44:31 UTC 2019 /home/travis/build/icyphy/ptII/ptolemy/actor/lib/test/auto/DiscreteClock9.xml
----------------- Instantiating /home/travis/build/icyphy/ptII/ptolemy/actor/lib/test/auto/DiscreteClock9.xml
3 ms. Memory: 516096K Free: 273489K (53%)
----------------- Invoking toplevel() on ptolemy.moml.MoMLSimpleApplication@48fd7ecb
----------------- Done invoking toplevel() on ptolemy.moml.MoMLSimpleApplication@48fd7ecb
reloadAllAccessors: .DiscreteClock9

===========================================================================================
----------------- testing Thu Oct 10 18:44:31 UTC 2019 /home/travis/build/icyphy/ptII/ptolemy/actor/lib/test/auto/DisplayArray.xml
----------------- Instantiating /home/travis/build/icyphy/ptII/ptolemy/actor/lib/test/auto/DisplayArray.xml
1 ms. Memory: 516096K Free: 269937K (52%)
----------------- Invoking toplevel() on ptolemy.moml.MoMLSimpleApplication@2d42ecd8
----------------- Done invoking toplevel() on ptolemy.moml.MoMLSimpleApplication@2d42ecd8
reloadAllAccessors: .DisplayArray

===========================================================================================
----------------- testing Thu Oct 10 18:44:31 UTC 2019 /home/travis/build/icyphy/ptII/ptolemy/actor/lib/test/auto/Distributor.xml
----------------- Instantiating /home/travis/build/icyphy/ptII/ptolemy/actor/lib/test/auto/Distributor.xml
1 ms. Memory: 516096K Free: 264817K (51%)
----------------- Invoking toplevel() on ptolemy.moml.MoMLSimpleApplication@4feecef1
----------------- Done invoking toplevel() on ptolemy.moml.MoMLSimpleApplication@4feecef1
reloadAllAccessors: .Distributor

===========================================================================================
----------------- testing Thu Oct 10 18:44:31 UTC 2019 /home/travis/build/icyphy/ptII/ptolemy/actor/lib/test/auto/Distributor2.xml
----------------- Instantiating /home/travis/build/icyphy/ptII/ptolemy/actor/lib/test/auto/Distributor2.xml
2 ms. Memory: 516096K Free: 259697K (50%)
----------------- Invoking toplevel() on ptolemy.moml.MoMLSimpleApplication@15c37734
----------------- Done invoking toplevel() on ptolemy.moml.MoMLSimpleApplication@15c37734
reloadAllAccessors: .Distributor2

===========================================================================================
----------------- testing Thu Oct 10 18:44:31 UTC 2019 /home/travis/build/icyphy/ptII/ptolemy/actor/lib/test/auto/DownSample.xml
----------------- Instantiating /home/travis/build/icyphy/ptII/ptolemy/actor/lib/test/auto/DownSample.xml
2 ms. Memory: 516096K Free: 255601K (50%)
----------------- Invoking toplevel() on ptolemy.moml.MoMLSimpleApplication@33e98bc3
----------------- Done invoking toplevel() on ptolemy.moml.MoMLSimpleApplication@33e98bc3
reloadAllAccessors: .DownSample

===========================================================================================
----------------- testing Thu Oct 10 18:44:31 UTC 2019 /home/travis/build/icyphy/ptII/ptolemy/actor/lib/test/auto/ElectronicUnitBase1.xml
----------------- Instantiating /home/travis/build/icyphy/ptII/ptolemy/actor/lib/test/auto/ElectronicUnitBase1.xml
22 ms. Memory: 516096K Free: 239727K (46%)
----------------- Invoking toplevel() on ptolemy.moml.MoMLSimpleApplication@5c2ee973
----------------- Done invoking toplevel() on ptolemy.moml.MoMLSimpleApplication@5c2ee973
reloadAllAccessors: .ElectronicUnitBase1

===========================================================================================
----------------- testing Thu Oct 10 18:44:31 UTC 2019 /home/travis/build/icyphy/ptII/ptolemy/actor/lib/test/auto/ElementsToArray.xml
----------------- Instantiating /home/travis/build/icyphy/ptII/ptolemy/actor/lib/test/auto/ElementsToArray.xml
3 ms. Memory: 516096K Free: 234607K (45%)
----------------- Invoking toplevel() on ptolemy.moml.MoMLSimpleApplication@52412e33
----------------- Done invoking toplevel() on ptolemy.moml.MoMLSimpleApplication@52412e33
reloadAllAccessors: .ElementsToArray

===========================================================================================
----------------- testing Thu Oct 10 18:44:31 UTC 2019 /home/travis/build/icyphy/ptII/ptolemy/actor/lib/test/auto/Equals.xml
----------------- Instantiating /home/travis/build/icyphy/ptII/ptolemy/actor/lib/test/auto/Equals.xml
4 ms. Memory: 516096K Free: 230001K (45%)
----------------- Invoking toplevel() on ptolemy.moml.MoMLSimpleApplication@b00e9a7
----------------- Done invoking toplevel() on ptolemy.moml.MoMLSimpleApplication@b00e9a7
reloadAllAccessors: .Equals

===========================================================================================
----------------- testing Thu Oct 10 18:44:31 UTC 2019 /home/travis/build/icyphy/ptII/ptolemy/actor/lib/test/auto/Exec.xml
----------------- Instantiating /home/travis/build/icyphy/ptII/ptolemy/actor/lib/test/auto/Exec.xml
20 ms. Memory: 516096K Free: 224367K (43%)
----------------- Invoking toplevel() on ptolemy.moml.MoMLSimpleApplication@626babfc
----------------- Done invoking toplevel() on ptolemy.moml.MoMLSimpleApplication@626babfc
reloadAllAccessors: .Exec

===========================================================================================
----------------- testing Thu Oct 10 18:44:31 UTC 2019 /home/travis/build/icyphy/ptII/ptolemy/actor/lib/test/auto/ExecEnvironment.xml
----------------- Instantiating /home/travis/build/icyphy/ptII/ptolemy/actor/lib/test/auto/ExecEnvironment.xml
37 ms. Memory: 516096K Free: 219247K (42%)
----------------- Invoking toplevel() on ptolemy.moml.MoMLSimpleApplication@78526383
----------------- Done invoking toplevel() on ptolemy.moml.MoMLSimpleApplication@78526383
reloadAllAccessors: .ExecEnvironment

===========================================================================================
----------------- testing Thu Oct 10 18:44:31 UTC 2019 /home/travis/build/icyphy/ptII/ptolemy/actor/lib/test/auto/ExecNonZeroReturnOutput.xml
----------------- Instantiating /home/travis/build/icyphy/ptII/ptolemy/actor/lib/test/auto/ExecNonZeroReturnOutput.xml
200 ms. Memory: 516096K Free: 207473K (40%)
----------------- Invoking toplevel() on ptolemy.moml.MoMLSimpleApplication@3aa26cd5
----------------- Done invoking toplevel() on ptolemy.moml.MoMLSimpleApplication@3aa26cd5
reloadAllAccessors: .ExecNonZeroReturnOutput

===========================================================================================
----------------- testing Thu Oct 10 18:44:31 UTC 2019 /home/travis/build/icyphy/ptII/ptolemy/actor/lib/test/auto/ExecRunDemos.xml
----------------- Instantiating /home/travis/build/icyphy/ptII/ptolemy/actor/lib/test/auto/ExecRunDemos.xml
Finished: 100 ms. Memory: 120832K Free: 104622K (87%)

Finished: 94 ms. Memory: 120832K Free: 110906K (92%)

Finished: 97 ms. Memory: 120832K Free: 110633K (92%)

Finished: 69 ms. Memory: 120832K Free: 103153K (85%)

Finished: 103 ms. Memory: 120832K Free: 104250K (86%)

10888 ms. Memory: 516096K Free: 187503K (36%)
----------------- Invoking toplevel() on ptolemy.moml.MoMLSimpleApplication@2effc36a
----------------- Done invoking toplevel() on ptolemy.moml.MoMLSimpleApplication@2effc36a
reloadAllAccessors: .ExecRunDemos

===========================================================================================
----------------- testing Thu Oct 10 18:44:42 UTC 2019 /home/travis/build/icyphy/ptII/ptolemy/actor/lib/test/auto/ExecStop.xml
----------------- Instantiating /home/travis/build/icyphy/ptII/ptolemy/actor/lib/test/auto/ExecStop.xml
5016 ms. Memory: 516096K Free: 393583K (76%)
----------------- Invoking toplevel() on ptolemy.moml.MoMLSimpleApplication@469784a7
----------------- Done invoking toplevel() on ptolemy.moml.MoMLSimpleApplication@469784a7
reloadAllAccessors: .ExecStop

===========================================================================================
----------------- testing Thu Oct 10 18:44:47 UTC 2019 /home/travis/build/icyphy/ptII/ptolemy/actor/lib/test/auto/ExecutionTimeSDF.xml
----------------- Instantiating /home/travis/build/icyphy/ptII/ptolemy/actor/lib/test/auto/ExecutionTimeSDF.xml
Fired ExecutionTime: 2130400000
Fired ExecutionTime: 1040000000
Fired ExecutionTime: -754567296
6004 ms. Memory: 516096K Free: 381025K (74%)
----------------- Invoking toplevel() on ptolemy.moml.MoMLSimpleApplication@d1ece20
----------------- Done invoking toplevel() on ptolemy.moml.MoMLSimpleApplication@d1ece20
reloadAllAccessors: .ExecutionTimeSDF

===========================================================================================
----------------- testing Thu Oct 10 18:44:53 UTC 2019 /home/travis/build/icyphy/ptII/ptolemy/actor/lib/test/auto/Expression1.xml
----------------- Instantiating /home/travis/build/icyphy/ptII/ptolemy/actor/lib/test/auto/Expression1.xml
2 ms. Memory: 516096K Free: 377457K (73%)
----------------- Invoking toplevel() on ptolemy.moml.MoMLSimpleApplication@6b0c5603
----------------- Done invoking toplevel() on ptolemy.moml.MoMLSimpleApplication@6b0c5603
reloadAllAccessors: .Expression1

===========================================================================================
----------------- testing Thu Oct 10 18:44:53 UTC 2019 /home/travis/build/icyphy/ptII/ptolemy/actor/lib/test/auto/Expression10.xml
----------------- Instantiating /home/travis/build/icyphy/ptII/ptolemy/actor/lib/test/auto/Expression10.xml
5 ms. Memory: 516096K Free: 372337K (72%)
----------------- Invoking toplevel() on ptolemy.moml.MoMLSimpleApplication@2dc430ef
----------------- Done invoking toplevel() on ptolemy.moml.MoMLSimpleApplication@2dc430ef
reloadAllAccessors: .Expression10

===========================================================================================
----------------- testing Thu Oct 10 18:44:53 UTC 2019 /home/travis/build/icyphy/ptII/ptolemy/actor/lib/test/auto/Expression11.xml
----------------- Instantiating /home/travis/build/icyphy/ptII/ptolemy/actor/lib/test/auto/Expression11.xml
2 ms. Memory: 516096K Free: 367727K (71%)
----------------- Invoking toplevel() on ptolemy.moml.MoMLSimpleApplication@40aec7fb
----------------- Done invoking toplevel() on ptolemy.moml.MoMLSimpleApplication@40aec7fb
reloadAllAccessors: .Expression11

===========================================================================================
----------------- testing Thu Oct 10 18:44:53 UTC 2019 /home/travis/build/icyphy/ptII/ptolemy/actor/lib/test/auto/Expression12.xml
----------------- Instantiating /home/travis/build/icyphy/ptII/ptolemy/actor/lib/test/auto/Expression12.xml
2 ms. Memory: 516096K Free: 362607K (70%)
----------------- Invoking toplevel() on ptolemy.moml.MoMLSimpleApplication@2cfb4289
----------------- Done invoking toplevel() on ptolemy.moml.MoMLSimpleApplication@2cfb4289
reloadAllAccessors: .Expression12

===========================================================================================
----------------- testing Thu Oct 10 18:44:53 UTC 2019 /home/travis/build/icyphy/ptII/ptolemy/actor/lib/test/auto/Expression13.xml
----------------- Instantiating /home/travis/build/icyphy/ptII/ptolemy/actor/lib/test/auto/Expression13.xml
3 ms. Memory: 516096K Free: 357487K (69%)
----------------- Invoking toplevel() on ptolemy.moml.MoMLSimpleApplication@452e3bd8
----------------- Done invoking toplevel() on ptolemy.moml.MoMLSimpleApplication@452e3bd8
reloadAllAccessors: .Expression13

===========================================================================================
----------------- testing Thu Oct 10 18:44:53 UTC 2019 /home/travis/build/icyphy/ptII/ptolemy/actor/lib/test/auto/Expression14.xml
----------------- Instantiating /home/travis/build/icyphy/ptII/ptolemy/actor/lib/test/auto/Expression14.xml
3 ms. Memory: 516096K Free: 351343K (68%)
----------------- Invoking toplevel() on ptolemy.moml.MoMLSimpleApplication@6ee1f4be
----------------- Done invoking toplevel() on ptolemy.moml.MoMLSimpleApplication@6ee1f4be
reloadAllAccessors: .Expression14

===========================================================================================
----------------- testing Thu Oct 10 18:44:53 UTC 2019 /home/travis/build/icyphy/ptII/ptolemy/actor/lib/test/auto/Expression15.xml
----------------- Instantiating /home/travis/build/icyphy/ptII/ptolemy/actor/lib/test/auto/Expression15.xml
1 ms. Memory: 516096K Free: 347761K (67%)
----------------- Invoking toplevel() on ptolemy.moml.MoMLSimpleApplication@4222486d
----------------- Done invoking toplevel() on ptolemy.moml.MoMLSimpleApplication@4222486d
reloadAllAccessors: .Expression15

===========================================================================================
----------------- testing Thu Oct 10 18:44:53 UTC 2019 /home/travis/build/icyphy/ptII/ptolemy/actor/lib/test/auto/Expression16.xml
----------------- Instantiating /home/travis/build/icyphy/ptII/ptolemy/actor/lib/test/auto/Expression16.xml
2 ms. Memory: 516096K Free: 342641K (66%)
----------------- Invoking toplevel() on ptolemy.moml.MoMLSimpleApplication@35571e09
----------------- Done invoking toplevel() on ptolemy.moml.MoMLSimpleApplication@35571e09
reloadAllAccessors: .Expression16

===========================================================================================
----------------- testing Thu Oct 10 18:44:53 UTC 2019 /home/travis/build/icyphy/ptII/ptolemy/actor/lib/test/auto/Expression17.xml
----------------- Instantiating /home/travis/build/icyphy/ptII/ptolemy/actor/lib/test/auto/Expression17.xml
2 ms. Memory: 516096K Free: 338031K (65%)
----------------- Invoking toplevel() on ptolemy.moml.MoMLSimpleApplication@7e2c2326
----------------- Done invoking toplevel() on ptolemy.moml.MoMLSimpleApplication@7e2c2326
reloadAllAccessors: .Expression17

===========================================================================================
----------------- testing Thu Oct 10 18:44:54 UTC 2019 /home/travis/build/icyphy/ptII/ptolemy/actor/lib/test/auto/Expression18.xml
----------------- Instantiating /home/travis/build/icyphy/ptII/ptolemy/actor/lib/test/auto/Expression18.xml
3 ms. Memory: 516096K Free: 332911K (65%)
----------------- Invoking toplevel() on ptolemy.moml.MoMLSimpleApplication@2cd09e80
----------------- Done invoking toplevel() on ptolemy.moml.MoMLSimpleApplication@2cd09e80
reloadAllAccessors: .Expression18

===========================================================================================
----------------- testing Thu Oct 10 18:44:54 UTC 2019 /home/travis/build/icyphy/ptII/ptolemy/actor/lib/test/auto/Expression2.xml
----------------- Instantiating /home/travis/build/icyphy/ptII/ptolemy/actor/lib/test/auto/Expression2.xml
3 ms. Memory: 516096K Free: 327791K (64%)
----------------- Invoking toplevel() on ptolemy.moml.MoMLSimpleApplication@423f0e05
----------------- Done invoking toplevel() on ptolemy.moml.MoMLSimpleApplication@423f0e05
reloadAllAccessors: .Expression2

===========================================================================================
----------------- testing Thu Oct 10 18:44:54 UTC 2019 /home/travis/build/icyphy/ptII/ptolemy/actor/lib/test/auto/Expression3.xml
----------------- Instantiating /home/travis/build/icyphy/ptII/ptolemy/actor/lib/test/auto/Expression3.xml
7 ms. Memory: 516096K Free: 323185K (63%)
----------------- Invoking toplevel() on ptolemy.moml.MoMLSimpleApplication@21989ef
----------------- Done invoking toplevel() on ptolemy.moml.MoMLSimpleApplication@21989ef
reloadAllAccessors: .Expression3

===========================================================================================
----------------- testing Thu Oct 10 18:44:54 UTC 2019 /home/travis/build/icyphy/ptII/ptolemy/actor/lib/test/auto/Expression4.xml
----------------- Instantiating /home/travis/build/icyphy/ptII/ptolemy/actor/lib/test/auto/Expression4.xml
7 ms. Memory: 516096K Free: 315503K (61%)
----------------- Invoking toplevel() on ptolemy.moml.MoMLSimpleApplication@6dc6c4ba
----------------- Done invoking toplevel() on ptolemy.moml.MoMLSimpleApplication@6dc6c4ba
reloadAllAccessors: .Expression4

===========================================================================================
----------------- testing Thu Oct 10 18:44:54 UTC 2019 /home/travis/build/icyphy/ptII/ptolemy/actor/lib/test/auto/Expression5.xml
----------------- Instantiating /home/travis/build/icyphy/ptII/ptolemy/actor/lib/test/auto/Expression5.xml
5 ms. Memory: 516096K Free: 310897K (60%)
----------------- Invoking toplevel() on ptolemy.moml.MoMLSimpleApplication@1e16884f
----------------- Done invoking toplevel() on ptolemy.moml.MoMLSimpleApplication@1e16884f
reloadAllAccessors: .Expression5

===========================================================================================
----------------- testing Thu Oct 10 18:44:54 UTC 2019 /home/travis/build/icyphy/ptII/ptolemy/actor/lib/test/auto/Expression6.xml
----------------- Instantiating /home/travis/build/icyphy/ptII/ptolemy/actor/lib/test/auto/Expression6.xml
2 ms. Memory: 516096K Free: 306287K (59%)
----------------- Invoking toplevel() on ptolemy.moml.MoMLSimpleApplication@43d5b0ec
----------------- Done invoking toplevel() on ptolemy.moml.MoMLSimpleApplication@43d5b0ec
reloadAllAccessors: .Expression6

===========================================================================================
----------------- testing Thu Oct 10 18:44:54 UTC 2019 /home/travis/build/icyphy/ptII/ptolemy/actor/lib/test/auto/Expression7.xml
----------------- Instantiating /home/travis/build/icyphy/ptII/ptolemy/actor/lib/test/auto/Expression7.xml
3 ms. Memory: 516096K Free: 301681K (58%)
----------------- Invoking toplevel() on ptolemy.moml.MoMLSimpleApplication@6f003773
----------------- Done invoking toplevel() on ptolemy.moml.MoMLSimpleApplication@6f003773
reloadAllAccessors: .Expression7

===========================================================================================
----------------- testing Thu Oct 10 18:44:54 UTC 2019 /home/travis/build/icyphy/ptII/ptolemy/actor/lib/test/auto/Expression8.xml
----------------- Instantiating /home/travis/build/icyphy/ptII/ptolemy/actor/lib/test/auto/Expression8.xml
8 ms. Memory: 516096K Free: 296561K (57%)
----------------- Invoking toplevel() on ptolemy.moml.MoMLSimpleApplication@b77de5c
----------------- Done invoking toplevel() on ptolemy.moml.MoMLSimpleApplication@b77de5c
reloadAllAccessors: .Expression8

===========================================================================================
----------------- testing Thu Oct 10 18:44:54 UTC 2019 /home/travis/build/icyphy/ptII/ptolemy/actor/lib/test/auto/Expression9.xml
----------------- Instantiating /home/travis/build/icyphy/ptII/ptolemy/actor/lib/test/auto/Expression9.xml
1 ms. Memory: 516096K Free: 292465K (57%)
----------------- Invoking toplevel() on ptolemy.moml.MoMLSimpleApplication@4f09122c
----------------- Done invoking toplevel() on ptolemy.moml.MoMLSimpleApplication@4f09122c
reloadAllAccessors: .Expression9

===========================================================================================
----------------- testing Thu Oct 10 18:44:54 UTC 2019 /home/travis/build/icyphy/ptII/ptolemy/actor/lib/test/auto/ExpressionConcatenateArrayType.xml
----------------- Instantiating /home/travis/build/icyphy/ptII/ptolemy/actor/lib/test/auto/ExpressionConcatenateArrayType.xml
3 ms. Memory: 516096K Free: 286321K (55%)
----------------- Invoking toplevel() on ptolemy.moml.MoMLSimpleApplication@b8f75be
----------------- Done invoking toplevel() on ptolemy.moml.MoMLSimpleApplication@b8f75be
reloadAllAccessors: .ExpressionConcatenateArrayType

===========================================================================================
----------------- testing Thu Oct 10 18:44:54 UTC 2019 /home/travis/build/icyphy/ptII/ptolemy/actor/lib/test/auto/ExpressionConcatenateArrayType2.xml
----------------- Instantiating /home/travis/build/icyphy/ptII/ptolemy/actor/lib/test/auto/ExpressionConcatenateArrayType2.xml
2 ms. Memory: 516096K Free: 280687K (54%)
----------------- Invoking toplevel() on ptolemy.moml.MoMLSimpleApplication@3a09cfed
----------------- Done invoking toplevel() on ptolemy.moml.MoMLSimpleApplication@3a09cfed
reloadAllAccessors: .ExpressionConcatenateArrayType2

===========================================================================================
----------------- testing Thu Oct 10 18:44:54 UTC 2019 /home/travis/build/icyphy/ptII/ptolemy/actor/lib/test/auto/ExpressionFix.xml
----------------- Instantiating /home/travis/build/icyphy/ptII/ptolemy/actor/lib/test/auto/ExpressionFix.xml
25 ms. Memory: 516096K Free: 274033K (53%)
----------------- Invoking toplevel() on ptolemy.moml.MoMLSimpleApplication@5c830de8
----------------- Done invoking toplevel() on ptolemy.moml.MoMLSimpleApplication@5c830de8
reloadAllAccessors: .ExpressionFix

===========================================================================================
----------------- testing Thu Oct 10 18:44:54 UTC 2019 /home/travis/build/icyphy/ptII/ptolemy/actor/lib/test/auto/ExpressionFix2.xml
----------------- Instantiating /home/travis/build/icyphy/ptII/ptolemy/actor/lib/test/auto/ExpressionFix2.xml
4 ms. Memory: 516096K Free: 270447K (52%)
----------------- Invoking toplevel() on ptolemy.moml.MoMLSimpleApplication@45a5f165
----------------- Done invoking toplevel() on ptolemy.moml.MoMLSimpleApplication@45a5f165
reloadAllAccessors: .ExpressionFix2

===========================================================================================
----------------- testing Thu Oct 10 18:44:54 UTC 2019 /home/travis/build/icyphy/ptII/ptolemy/actor/lib/test/auto/ExpressionFix3.xml
----------------- Instantiating /home/travis/build/icyphy/ptII/ptolemy/actor/lib/test/auto/ExpressionFix3.xml
3 ms. Memory: 516096K Free: 265841K (52%)
----------------- Invoking toplevel() on ptolemy.moml.MoMLSimpleApplication@7b932ffc
----------------- Done invoking toplevel() on ptolemy.moml.MoMLSimpleApplication@7b932ffc
reloadAllAccessors: .ExpressionFix3

===========================================================================================
----------------- testing Thu Oct 10 18:44:54 UTC 2019 /home/travis/build/icyphy/ptII/ptolemy/actor/lib/test/auto/FileWriter1.xml
----------------- Instantiating /home/travis/build/icyphy/ptII/ptolemy/actor/lib/test/auto/FileWriter1.xml
2 ms. Memory: 516096K Free: 261745K (51%)
----------------- Invoking toplevel() on ptolemy.moml.MoMLSimpleApplication@63fe9a26
----------------- Done invoking toplevel() on ptolemy.moml.MoMLSimpleApplication@63fe9a26
reloadAllAccessors: .FileWriter1

===========================================================================================
----------------- testing Thu Oct 10 18:44:54 UTC 2019 /home/travis/build/icyphy/ptII/ptolemy/actor/lib/test/auto/FileWriter2.xml
----------------- Instantiating /home/travis/build/icyphy/ptII/ptolemy/actor/lib/test/auto/FileWriter2.xml
2 ms. Memory: 516096K Free: 257121K (50%)
----------------- Invoking toplevel() on ptolemy.moml.MoMLSimpleApplication@53d55e97
----------------- Done invoking toplevel() on ptolemy.moml.MoMLSimpleApplication@53d55e97
reloadAllAccessors: .FileWriter2

===========================================================================================
----------------- testing Thu Oct 10 18:44:54 UTC 2019 /home/travis/build/icyphy/ptII/ptolemy/actor/lib/test/auto/FileWriter3.xml
----------------- Instantiating /home/travis/build/icyphy/ptII/ptolemy/actor/lib/test/auto/FileWriter3.xml
4 ms. Memory: 516096K Free: 253039K (49%)
----------------- Invoking toplevel() on ptolemy.moml.MoMLSimpleApplication@2f40d181
----------------- Done invoking toplevel() on ptolemy.moml.MoMLSimpleApplication@2f40d181
reloadAllAccessors: .FileWriter3

===========================================================================================
----------------- testing Thu Oct 10 18:44:54 UTC 2019 /home/travis/build/icyphy/ptII/ptolemy/actor/lib/test/auto/Gaussian.xml
----------------- Instantiating /home/travis/build/icyphy/ptII/ptolemy/actor/lib/test/auto/Gaussian.xml
1 ms. Memory: 516096K Free: 248943K (48%)
----------------- Invoking toplevel() on ptolemy.moml.MoMLSimpleApplication@45af8696
----------------- Done invoking toplevel() on ptolemy.moml.MoMLSimpleApplication@45af8696
reloadAllAccessors: .Gaussian

===========================================================================================
----------------- testing Thu Oct 10 18:44:54 UTC 2019 /home/travis/build/icyphy/ptII/ptolemy/actor/lib/test/auto/Gaussian1.xml
----------------- Instantiating /home/travis/build/icyphy/ptII/ptolemy/actor/lib/test/auto/Gaussian1.xml
2 ms. Memory: 516096K Free: 243313K (47%)
----------------- Invoking toplevel() on ptolemy.moml.MoMLSimpleApplication@6d1f3bf
----------------- Done invoking toplevel() on ptolemy.moml.MoMLSimpleApplication@6d1f3bf
reloadAllAccessors: .Gaussian1

===========================================================================================
----------------- testing Thu Oct 10 18:44:54 UTC 2019 /home/travis/build/icyphy/ptII/ptolemy/actor/lib/test/auto/Gaussian2.xml
----------------- Instantiating /home/travis/build/icyphy/ptII/ptolemy/actor/lib/test/auto/Gaussian2.xml
1 ms. Memory: 516096K Free: 237665K (46%)
----------------- Invoking toplevel() on ptolemy.moml.MoMLSimpleApplication@7a303cac
----------------- Done invoking toplevel() on ptolemy.moml.MoMLSimpleApplication@7a303cac
reloadAllAccessors: .Gaussian2

===========================================================================================
----------------- testing Thu Oct 10 18:44:54 UTC 2019 /home/travis/build/icyphy/ptII/ptolemy/actor/lib/test/auto/GradientAdaptiveLattice.xml
----------------- Instantiating /home/travis/build/icyphy/ptII/ptolemy/actor/lib/test/auto/GradientAdaptiveLattice.xml
3 ms. Memory: 516096K Free: 233073K (45%)
----------------- Invoking toplevel() on ptolemy.moml.MoMLSimpleApplication@26728fe2
----------------- Done invoking toplevel() on ptolemy.moml.MoMLSimpleApplication@26728fe2
reloadAllAccessors: .GradientAdaptiveLattice

===========================================================================================
----------------- testing Thu Oct 10 18:44:54 UTC 2019 /home/travis/build/icyphy/ptII/ptolemy/actor/lib/test/auto/IIR.xml
----------------- Instantiating /home/travis/build/icyphy/ptII/ptolemy/actor/lib/test/auto/IIR.xml
1 ms. Memory: 516096K Free: 228463K (44%)
----------------- Invoking toplevel() on ptolemy.moml.MoMLSimpleApplication@68776b39
----------------- Done invoking toplevel() on ptolemy.moml.MoMLSimpleApplication@68776b39
reloadAllAccessors: .IIR

===========================================================================================
----------------- testing Thu Oct 10 18:44:54 UTC 2019 /home/travis/build/icyphy/ptII/ptolemy/actor/lib/test/auto/InputOutputTransparentPorts.xml
----------------- Instantiating /home/travis/build/icyphy/ptII/ptolemy/actor/lib/test/auto/InputOutputTransparentPorts.xml
2 ms. Memory: 516096K Free: 221295K (43%)
----------------- Invoking toplevel() on ptolemy.moml.MoMLSimpleApplication@2bcaeb34
----------------- Done invoking toplevel() on ptolemy.moml.MoMLSimpleApplication@2bcaeb34
reloadAllAccessors: .InputOutputTransparentPorts

===========================================================================================
----------------- testing Thu Oct 10 18:44:54 UTC 2019 /home/travis/build/icyphy/ptII/ptolemy/actor/lib/test/auto/Interpolator.xml
----------------- Instantiating /home/travis/build/icyphy/ptII/ptolemy/actor/lib/test/auto/Interpolator.xml
4 ms. Memory: 516096K Free: 217199K (42%)
----------------- Invoking toplevel() on ptolemy.moml.MoMLSimpleApplication@71973db1
----------------- Done invoking toplevel() on ptolemy.moml.MoMLSimpleApplication@71973db1
reloadAllAccessors: .Interpolator

===========================================================================================
----------------- testing Thu Oct 10 18:44:54 UTC 2019 /home/travis/build/icyphy/ptII/ptolemy/actor/lib/test/auto/InterpolatorFiringLimitDE.xml
----------------- Instantiating /home/travis/build/icyphy/ptII/ptolemy/actor/lib/test/auto/InterpolatorFiringLimitDE.xml
2 ms. Memory: 516096K Free: 211055K (41%)
----------------- Invoking toplevel() on ptolemy.moml.MoMLSimpleApplication@5e2191f8
----------------- Done invoking toplevel() on ptolemy.moml.MoMLSimpleApplication@5e2191f8
reloadAllAccessors: .InterpolatorFiringLimitDE

===========================================================================================
----------------- testing Thu Oct 10 18:44:54 UTC 2019 /home/travis/build/icyphy/ptII/ptolemy/actor/lib/test/auto/Lattice.xml
----------------- Instantiating /home/travis/build/icyphy/ptII/ptolemy/actor/lib/test/auto/Lattice.xml
1 ms. Memory: 516096K Free: 207473K (40%)
----------------- Invoking toplevel() on ptolemy.moml.MoMLSimpleApplication@2461e2db
----------------- Done invoking toplevel() on ptolemy.moml.MoMLSimpleApplication@2461e2db
reloadAllAccessors: .Lattice

===========================================================================================
----------------- testing Thu Oct 10 18:44:54 UTC 2019 /home/travis/build/icyphy/ptII/ptolemy/actor/lib/test/auto/LazyAOCTestLazy.xml
----------------- Instantiating /home/travis/build/icyphy/ptII/ptolemy/actor/lib/test/auto/LazyAOCTestLazy.xml
19 ms. Memory: 516096K Free: 201329K (39%)
----------------- Invoking toplevel() on ptolemy.moml.MoMLSimpleApplication@40aad18a
----------------- Done invoking toplevel() on ptolemy.moml.MoMLSimpleApplication@40aad18a
reloadAllAccessors: .LazyAOCTestLazy

===========================================================================================
----------------- testing Thu Oct 10 18:44:54 UTC 2019 /home/travis/build/icyphy/ptII/ptolemy/actor/lib/test/auto/LazyAOCTestNonLazy.xml
----------------- Instantiating /home/travis/build/icyphy/ptII/ptolemy/actor/lib/test/auto/LazyAOCTestNonLazy.xml
2 ms. Memory: 516096K Free: 194671K (38%)
----------------- Invoking toplevel() on ptolemy.moml.MoMLSimpleApplication@4910f340
----------------- Done invoking toplevel() on ptolemy.moml.MoMLSimpleApplication@4910f340
reloadAllAccessors: .LazyAOCTestNonLazy

===========================================================================================
----------------- testing Thu Oct 10 18:44:54 UTC 2019 /home/travis/build/icyphy/ptII/ptolemy/actor/lib/test/auto/LazyInnerClass.xml
----------------- Instantiating /home/travis/build/icyphy/ptII/ptolemy/actor/lib/test/auto/LazyInnerClass.xml
19 ms. Memory: 516096K Free: 186465K (36%)
----------------- Invoking toplevel() on ptolemy.moml.MoMLSimpleApplication@189d360f
----------------- Done invoking toplevel() on ptolemy.moml.MoMLSimpleApplication@189d360f
reloadAllAccessors: .LazyInnerClass

===========================================================================================
----------------- testing Thu Oct 10 18:44:54 UTC 2019 /home/travis/build/icyphy/ptII/ptolemy/actor/lib/test/auto/LazyPubSub.xml
----------------- Instantiating /home/travis/build/icyphy/ptII/ptolemy/actor/lib/test/auto/LazyPubSub.xml
23 ms. Memory: 516096K Free: 176239K (34%)
----------------- Invoking toplevel() on ptolemy.moml.MoMLSimpleApplication@186ed15e
----------------- Done invoking toplevel() on ptolemy.moml.MoMLSimpleApplication@186ed15e
reloadAllAccessors: .LazyPubSub

===========================================================================================
----------------- testing Thu Oct 10 18:44:54 UTC 2019 /home/travis/build/icyphy/ptII/ptolemy/actor/lib/test/auto/LazyPubSub2.xml
----------------- Instantiating /home/travis/build/icyphy/ptII/ptolemy/actor/lib/test/auto/LazyPubSub2.xml
76 ms. Memory: 516096K Free: 465741K (90%)
----------------- Invoking toplevel() on ptolemy.moml.MoMLSimpleApplication@25eb2cd4
----------------- Done invoking toplevel() on ptolemy.moml.MoMLSimpleApplication@25eb2cd4
reloadAllAccessors: .LazyPubSub2

===========================================================================================
----------------- testing Thu Oct 10 18:44:54 UTC 2019 /home/travis/build/icyphy/ptII/ptolemy/actor/lib/test/auto/LazyPubSub3.xml
----------------- Instantiating /home/travis/build/icyphy/ptII/ptolemy/actor/lib/test/auto/LazyPubSub3.xml
18 ms. Memory: 516096K Free: 455279K (88%)
----------------- Invoking toplevel() on ptolemy.moml.MoMLSimpleApplication@23dfd9
----------------- Done invoking toplevel() on ptolemy.moml.MoMLSimpleApplication@23dfd9
reloadAllAccessors: .LazyPubSub3

===========================================================================================
----------------- testing Thu Oct 10 18:44:54 UTC 2019 /home/travis/build/icyphy/ptII/ptolemy/actor/lib/test/auto/LazySubClassModel.xml
----------------- Instantiating /home/travis/build/icyphy/ptII/ptolemy/actor/lib/test/auto/LazySubClassModel.xml
2 ms. Memory: 516096K Free: 446063K (86%)
----------------- Invoking toplevel() on ptolemy.moml.MoMLSimpleApplication@6271ba0e
----------------- Done invoking toplevel() on ptolemy.moml.MoMLSimpleApplication@6271ba0e
reloadAllAccessors: .LazySubClassModel

===========================================================================================
----------------- testing Thu Oct 10 18:44:54 UTC 2019 /home/travis/build/icyphy/ptII/ptolemy/actor/lib/test/auto/LevelCrossTest1.xml
----------------- Instantiating /home/travis/build/icyphy/ptII/ptolemy/actor/lib/test/auto/LevelCrossTest1.xml
1 ms. Memory: 516096K Free: 440433K (85%)
----------------- Invoking toplevel() on ptolemy.moml.MoMLSimpleApplication@1341305e
----------------- Done invoking toplevel() on ptolemy.moml.MoMLSimpleApplication@1341305e
reloadAllAccessors: .broken

===========================================================================================
----------------- testing Thu Oct 10 18:44:54 UTC 2019 /home/travis/build/icyphy/ptII/ptolemy/actor/lib/test/auto/LevelCrossTest10.xml
----------------- Instantiating /home/travis/build/icyphy/ptII/ptolemy/actor/lib/test/auto/LevelCrossTest10.xml
1 ms. Memory: 516096K Free: 433265K (84%)
----------------- Invoking toplevel() on ptolemy.moml.MoMLSimpleApplication@4e833de9
----------------- Done invoking toplevel() on ptolemy.moml.MoMLSimpleApplication@4e833de9
reloadAllAccessors: .LevelCrossTest10

===========================================================================================
----------------- testing Thu Oct 10 18:44:54 UTC 2019 /home/travis/build/icyphy/ptII/ptolemy/actor/lib/test/auto/LevelCrossTest11.xml
----------------- Instantiating /home/travis/build/icyphy/ptII/ptolemy/actor/lib/test/auto/LevelCrossTest11.xml
1 ms. Memory: 516096K Free: 426097K (83%)
----------------- Invoking toplevel() on ptolemy.moml.MoMLSimpleApplication@5dadfd30
----------------- Done invoking toplevel() on ptolemy.moml.MoMLSimpleApplication@5dadfd30
reloadAllAccessors: .LevelCrossTest11

===========================================================================================
----------------- testing Thu Oct 10 18:44:54 UTC 2019 /home/travis/build/icyphy/ptII/ptolemy/actor/lib/test/auto/LevelCrossTest12.xml
----------------- Instantiating /home/travis/build/icyphy/ptII/ptolemy/actor/lib/test/auto/LevelCrossTest12.xml
1 ms. Memory: 516096K Free: 419439K (81%)
----------------- Invoking toplevel() on ptolemy.moml.MoMLSimpleApplication@3bc7a39a
----------------- Done invoking toplevel() on ptolemy.moml.MoMLSimpleApplication@3bc7a39a
reloadAllAccessors: .LevelCrossTest12

===========================================================================================
----------------- testing Thu Oct 10 18:44:54 UTC 2019 /home/travis/build/icyphy/ptII/ptolemy/actor/lib/test/auto/LevelCrossTest13.xml
----------------- Instantiating /home/travis/build/icyphy/ptII/ptolemy/actor/lib/test/auto/LevelCrossTest13.xml
2 ms. Memory: 516096K Free: 412271K (80%)
----------------- Invoking toplevel() on ptolemy.moml.MoMLSimpleApplication@7b389d72
----------------- Done invoking toplevel() on ptolemy.moml.MoMLSimpleApplication@7b389d72
reloadAllAccessors: .LevelCrossTest13

===========================================================================================
----------------- testing Thu Oct 10 18:44:54 UTC 2019 /home/travis/build/icyphy/ptII/ptolemy/actor/lib/test/auto/LevelCrossTest2.xml
----------------- Instantiating /home/travis/build/icyphy/ptII/ptolemy/actor/lib/test/auto/LevelCrossTest2.xml
2 ms. Memory: 516096K Free: 406641K (79%)
----------------- Invoking toplevel() on ptolemy.moml.MoMLSimpleApplication@1f7db71b
----------------- Done invoking toplevel() on ptolemy.moml.MoMLSimpleApplication@1f7db71b
reloadAllAccessors: .broken

===========================================================================================
----------------- testing Thu Oct 10 18:44:54 UTC 2019 /home/travis/build/icyphy/ptII/ptolemy/actor/lib/test/auto/LevelCrossTest3.xml
----------------- Instantiating /home/travis/build/icyphy/ptII/ptolemy/actor/lib/test/auto/LevelCrossTest3.xml
1 ms. Memory: 516096K Free: 400497K (78%)
----------------- Invoking toplevel() on ptolemy.moml.MoMLSimpleApplication@3c1cfb53
----------------- Done invoking toplevel() on ptolemy.moml.MoMLSimpleApplication@3c1cfb53
reloadAllAccessors: .LevelCrossTest3

===========================================================================================
----------------- testing Thu Oct 10 18:44:55 UTC 2019 /home/travis/build/icyphy/ptII/ptolemy/actor/lib/test/auto/LevelCrossTest4.xml
----------------- Instantiating /home/travis/build/icyphy/ptII/ptolemy/actor/lib/test/auto/LevelCrossTest4.xml
2 ms. Memory: 516096K Free: 394863K (77%)
----------------- Invoking toplevel() on ptolemy.moml.MoMLSimpleApplication@47f27972
----------------- Done invoking toplevel() on ptolemy.moml.MoMLSimpleApplication@47f27972
reloadAllAccessors: .broken

===========================================================================================
----------------- testing Thu Oct 10 18:44:55 UTC 2019 /home/travis/build/icyphy/ptII/ptolemy/actor/lib/test/auto/LevelCrossTest5.xml
----------------- Instantiating /home/travis/build/icyphy/ptII/ptolemy/actor/lib/test/auto/LevelCrossTest5.xml
4 ms. Memory: 516096K Free: 388719K (75%)
----------------- Invoking toplevel() on ptolemy.moml.MoMLSimpleApplication@76384af9
----------------- Done invoking toplevel() on ptolemy.moml.MoMLSimpleApplication@76384af9
reloadAllAccessors: .LevelCrossTest5

===========================================================================================
----------------- testing Thu Oct 10 18:44:55 UTC 2019 /home/travis/build/icyphy/ptII/ptolemy/actor/lib/test/auto/LevelCrossTest6.xml
----------------- Instantiating /home/travis/build/icyphy/ptII/ptolemy/actor/lib/test/auto/LevelCrossTest6.xml
4 ms. Memory: 516096K Free: 381551K (74%)
----------------- Invoking toplevel() on ptolemy.moml.MoMLSimpleApplication@74bbae7a
----------------- Done invoking toplevel() on ptolemy.moml.MoMLSimpleApplication@74bbae7a
reloadAllAccessors: .LevelCrossTest6

===========================================================================================
----------------- testing Thu Oct 10 18:44:55 UTC 2019 /home/travis/build/icyphy/ptII/ptolemy/actor/lib/test/auto/LevelCrossTest7.xml
----------------- Instantiating /home/travis/build/icyphy/ptII/ptolemy/actor/lib/test/auto/LevelCrossTest7.xml
1 ms. Memory: 516096K Free: 373873K (72%)
----------------- Invoking toplevel() on ptolemy.moml.MoMLSimpleApplication@22caf9b9
----------------- Done invoking toplevel() on ptolemy.moml.MoMLSimpleApplication@22caf9b9
reloadAllAccessors: .LevelCrossTest7

===========================================================================================
----------------- testing Thu Oct 10 18:44:55 UTC 2019 /home/travis/build/icyphy/ptII/ptolemy/actor/lib/test/auto/LevelCrossTest8.xml
----------------- Instantiating /home/travis/build/icyphy/ptII/ptolemy/actor/lib/test/auto/LevelCrossTest8.xml
1 ms. Memory: 516096K Free: 367729K (71%)
----------------- Invoking toplevel() on ptolemy.moml.MoMLSimpleApplication@6327cb2f
----------------- Done invoking toplevel() on ptolemy.moml.MoMLSimpleApplication@6327cb2f
reloadAllAccessors: .LevelCrossTest8

===========================================================================================
----------------- testing Thu Oct 10 18:44:55 UTC 2019 /home/travis/build/icyphy/ptII/ptolemy/actor/lib/test/auto/LevelCrossTest9.xml
----------------- Instantiating /home/travis/build/icyphy/ptII/ptolemy/actor/lib/test/auto/LevelCrossTest9.xml
2 ms. Memory: 516096K Free: 360047K (70%)
----------------- Invoking toplevel() on ptolemy.moml.MoMLSimpleApplication@3e464904
----------------- Done invoking toplevel() on ptolemy.moml.MoMLSimpleApplication@3e464904
reloadAllAccessors: .LevelCrossTest9

===========================================================================================
----------------- testing Thu Oct 10 18:44:55 UTC 2019 /home/travis/build/icyphy/ptII/ptolemy/actor/lib/test/auto/LevinsonDurbin.xml
----------------- Instantiating /home/travis/build/icyphy/ptII/ptolemy/actor/lib/test/auto/LevinsonDurbin.xml
2 ms. Memory: 516096K Free: 355951K (69%)
----------------- Invoking toplevel() on ptolemy.moml.MoMLSimpleApplication@1429bc3a
----------------- Done invoking toplevel() on ptolemy.moml.MoMLSimpleApplication@1429bc3a
reloadAllAccessors: .LevinsonDurbin

===========================================================================================
----------------- testing Thu Oct 10 18:44:55 UTC 2019 /home/travis/build/icyphy/ptII/ptolemy/actor/lib/test/auto/LevinsonDurbin2.xml
----------------- Instantiating /home/travis/build/icyphy/ptII/ptolemy/actor/lib/test/auto/LevinsonDurbin2.xml
1 ms. Memory: 516096K Free: 351855K (68%)
----------------- Invoking toplevel() on ptolemy.moml.MoMLSimpleApplication@cc88d08
----------------- Done invoking toplevel() on ptolemy.moml.MoMLSimpleApplication@cc88d08
reloadAllAccessors: .LevinsonDurbin2

===========================================================================================
----------------- testing Thu Oct 10 18:44:55 UTC 2019 /home/travis/build/icyphy/ptII/ptolemy/actor/lib/test/auto/LevinsonDurbin3.xml
----------------- Instantiating /home/travis/build/icyphy/ptII/ptolemy/actor/lib/test/auto/LevinsonDurbin3.xml
2 ms. Memory: 516096K Free: 348273K (67%)
----------------- Invoking toplevel() on ptolemy.moml.MoMLSimpleApplication@389c365
----------------- Done invoking toplevel() on ptolemy.moml.MoMLSimpleApplication@389c365
reloadAllAccessors: .LevinsonDurbin3

===========================================================================================
----------------- testing Thu Oct 10 18:44:55 UTC 2019 /home/travis/build/icyphy/ptII/ptolemy/actor/lib/test/auto/Limiter.xml
----------------- Instantiating /home/travis/build/icyphy/ptII/ptolemy/actor/lib/test/auto/Limiter.xml
4 ms. Memory: 516096K Free: 339057K (66%)
----------------- Invoking toplevel() on ptolemy.moml.MoMLSimpleApplication@3956c23
----------------- Done invoking toplevel() on ptolemy.moml.MoMLSimpleApplication@3956c23
reloadAllAccessors: .Limiter

===========================================================================================
----------------- testing Thu Oct 10 18:44:55 UTC 2019 /home/travis/build/icyphy/ptII/ptolemy/actor/lib/test/auto/LinearDifferenceEquationSystem.xml
----------------- Instantiating /home/travis/build/icyphy/ptII/ptolemy/actor/lib/test/auto/LinearDifferenceEquationSystem.xml
4 ms. Memory: 516096K Free: 331889K (64%)
----------------- Invoking toplevel() on ptolemy.moml.MoMLSimpleApplication@51f30970
----------------- Done invoking toplevel() on ptolemy.moml.MoMLSimpleApplication@51f30970
reloadAllAccessors: .LinearDifferenceEquationSystem

===========================================================================================
----------------- testing Thu Oct 10 18:44:55 UTC 2019 /home/travis/build/icyphy/ptII/ptolemy/actor/lib/test/auto/LookupTable.xml
----------------- Instantiating /home/travis/build/icyphy/ptII/ptolemy/actor/lib/test/auto/LookupTable.xml
1 ms. Memory: 516096K Free: 327279K (63%)
----------------- Invoking toplevel() on ptolemy.moml.MoMLSimpleApplication@d829ff5
----------------- Done invoking toplevel() on ptolemy.moml.MoMLSimpleApplication@d829ff5
reloadAllAccessors: .LookupTable

===========================================================================================
----------------- testing Thu Oct 10 18:44:55 UTC 2019 /home/travis/build/icyphy/ptII/ptolemy/actor/lib/test/auto/MathFunction.xml
----------------- Instantiating /home/travis/build/icyphy/ptII/ptolemy/actor/lib/test/auto/MathFunction.xml
2 ms. Memory: 516096K Free: 319601K (62%)
----------------- Invoking toplevel() on ptolemy.moml.MoMLSimpleApplication@76412630
----------------- Done invoking toplevel() on ptolemy.moml.MoMLSimpleApplication@76412630
reloadAllAccessors: .MathFunction

===========================================================================================
----------------- testing Thu Oct 10 18:44:55 UTC 2019 /home/travis/build/icyphy/ptII/ptolemy/actor/lib/test/auto/MathFunction2.xml
----------------- Instantiating /home/travis/build/icyphy/ptII/ptolemy/actor/lib/test/auto/MathFunction2.xml
8 ms. Memory: 516096K Free: 315505K (61%)
----------------- Invoking toplevel() on ptolemy.moml.MoMLSimpleApplication@76d64264
----------------- Done invoking toplevel() on ptolemy.moml.MoMLSimpleApplication@76d64264
reloadAllAccessors: .MathFunction2

===========================================================================================
----------------- testing Thu Oct 10 18:44:55 UTC 2019 /home/travis/build/icyphy/ptII/ptolemy/actor/lib/test/auto/MathFunction3.xml
----------------- Instantiating /home/travis/build/icyphy/ptII/ptolemy/actor/lib/test/auto/MathFunction3.xml
2 ms. Memory: 516096K Free: 308337K (60%)
----------------- Invoking toplevel() on ptolemy.moml.MoMLSimpleApplication@169fa57a
----------------- Done invoking toplevel() on ptolemy.moml.MoMLSimpleApplication@169fa57a
reloadAllAccessors: .MathFunction3

===========================================================================================
----------------- testing Thu Oct 10 18:44:55 UTC 2019 /home/travis/build/icyphy/ptII/ptolemy/actor/lib/test/auto/MatrixCropBoolean.xml
----------------- Instantiating /home/travis/build/icyphy/ptII/ptolemy/actor/lib/test/auto/MatrixCropBoolean.xml
1 ms. Memory: 516096K Free: 303217K (59%)
----------------- Invoking toplevel() on ptolemy.moml.MoMLSimpleApplication@5c2e67be
----------------- Done invoking toplevel() on ptolemy.moml.MoMLSimpleApplication@5c2e67be
reloadAllAccessors: .MatrixCropBoolean

===========================================================================================
----------------- testing Thu Oct 10 18:44:55 UTC 2019 /home/travis/build/icyphy/ptII/ptolemy/actor/lib/test/auto/MatrixCropComplex.xml
----------------- Instantiating /home/travis/build/icyphy/ptII/ptolemy/actor/lib/test/auto/MatrixCropComplex.xml
2 ms. Memory: 516096K Free: 298577K (58%)
----------------- Invoking toplevel() on ptolemy.moml.MoMLSimpleApplication@6e14fb14
----------------- Done invoking toplevel() on ptolemy.moml.MoMLSimpleApplication@6e14fb14
reloadAllAccessors: .MatrixCropComplex

===========================================================================================
----------------- testing Thu Oct 10 18:44:55 UTC 2019 /home/travis/build/icyphy/ptII/ptolemy/actor/lib/test/auto/MatrixCropDouble.xml
----------------- Instantiating /home/travis/build/icyphy/ptII/ptolemy/actor/lib/test/auto/MatrixCropDouble.xml
2 ms. Memory: 516096K Free: 293457K (57%)
----------------- Invoking toplevel() on ptolemy.moml.MoMLSimpleApplication@46c262d1
----------------- Done invoking toplevel() on ptolemy.moml.MoMLSimpleApplication@46c262d1
reloadAllAccessors: .MatrixCropDouble

===========================================================================================
----------------- testing Thu Oct 10 18:44:55 UTC 2019 /home/travis/build/icyphy/ptII/ptolemy/actor/lib/test/auto/MatrixCropFix.xml
----------------- Instantiating /home/travis/build/icyphy/ptII/ptolemy/actor/lib/test/auto/MatrixCropFix.xml
2 ms. Memory: 516096K Free: 288361K (56%)
----------------- Invoking toplevel() on ptolemy.moml.MoMLSimpleApplication@5cff2439
----------------- Done invoking toplevel() on ptolemy.moml.MoMLSimpleApplication@5cff2439
reloadAllAccessors: .MatrixCropFix

===========================================================================================
----------------- testing Thu Oct 10 18:44:55 UTC 2019 /home/travis/build/icyphy/ptII/ptolemy/actor/lib/test/auto/MatrixCropInt.xml
----------------- Instantiating /home/travis/build/icyphy/ptII/ptolemy/actor/lib/test/auto/MatrixCropInt.xml
2 ms. Memory: 516096K Free: 283217K (55%)
----------------- Invoking toplevel() on ptolemy.moml.MoMLSimpleApplication@7d40888
----------------- Done invoking toplevel() on ptolemy.moml.MoMLSimpleApplication@7d40888
reloadAllAccessors: .MatrixCropInt

===========================================================================================
----------------- testing Thu Oct 10 18:44:55 UTC 2019 /home/travis/build/icyphy/ptII/ptolemy/actor/lib/test/auto/MatrixCropLong.xml
----------------- Instantiating /home/travis/build/icyphy/ptII/ptolemy/actor/lib/test/auto/MatrixCropLong.xml
2 ms. Memory: 516096K Free: 278641K (54%)
----------------- Invoking toplevel() on ptolemy.moml.MoMLSimpleApplication@399c1abe
----------------- Done invoking toplevel() on ptolemy.moml.MoMLSimpleApplication@399c1abe
reloadAllAccessors: .MatrixCropLong

===========================================================================================
----------------- testing Thu Oct 10 18:44:55 UTC 2019 /home/travis/build/icyphy/ptII/ptolemy/actor/lib/test/auto/MatrixToArray.xml
----------------- Instantiating /home/travis/build/icyphy/ptII/ptolemy/actor/lib/test/auto/MatrixToArray.xml
7 ms. Memory: 516096K Free: 263791K (51%)
----------------- Invoking toplevel() on ptolemy.moml.MoMLSimpleApplication@6a4d586
----------------- Done invoking toplevel() on ptolemy.moml.MoMLSimpleApplication@6a4d586
reloadAllAccessors: .MatrixToArray

===========================================================================================
----------------- testing Thu Oct 10 18:44:55 UTC 2019 /home/travis/build/icyphy/ptII/ptolemy/actor/lib/test/auto/MaxIndex.xml
----------------- Instantiating /home/travis/build/icyphy/ptII/ptolemy/actor/lib/test/auto/MaxIndex.xml
2 ms. Memory: 516096K Free: 258671K (50%)
----------------- Invoking toplevel() on ptolemy.moml.MoMLSimpleApplication@4463706e
----------------- Done invoking toplevel() on ptolemy.moml.MoMLSimpleApplication@4463706e
reloadAllAccessors: .MaxIndex

===========================================================================================
----------------- testing Thu Oct 10 18:44:55 UTC 2019 /home/travis/build/icyphy/ptII/ptolemy/actor/lib/test/auto/Maximum.xml
----------------- Instantiating /home/travis/build/icyphy/ptII/ptolemy/actor/lib/test/auto/Maximum.xml
6 ms. Memory: 516096K Free: 252017K (49%)
----------------- Invoking toplevel() on ptolemy.moml.MoMLSimpleApplication@4162440d
----------------- Done invoking toplevel() on ptolemy.moml.MoMLSimpleApplication@4162440d
reloadAllAccessors: .Maximum

===========================================================================================
----------------- testing Thu Oct 10 18:44:55 UTC 2019 /home/travis/build/icyphy/ptII/ptolemy/actor/lib/test/auto/MaximumComplex.xml
----------------- Instantiating /home/travis/build/icyphy/ptII/ptolemy/actor/lib/test/auto/MaximumComplex.xml
4 ms. Memory: 516096K Free: 245873K (48%)
----------------- Invoking toplevel() on ptolemy.moml.MoMLSimpleApplication@46bf26c
----------------- Done invoking toplevel() on ptolemy.moml.MoMLSimpleApplication@46bf26c
reloadAllAccessors: .MaximumComplex

===========================================================================================
----------------- testing Thu Oct 10 18:44:55 UTC 2019 /home/travis/build/icyphy/ptII/ptolemy/actor/lib/test/auto/MethodCallTest.xml
----------------- Instantiating /home/travis/build/icyphy/ptII/ptolemy/actor/lib/test/auto/MethodCallTest.xml
3 ms. Memory: 516096K Free: 239729K (46%)
----------------- Invoking toplevel() on ptolemy.moml.MoMLSimpleApplication@1ee34b10
----------------- Done invoking toplevel() on ptolemy.moml.MoMLSimpleApplication@1ee34b10
reloadAllAccessors: .MethodCallTest

===========================================================================================
----------------- testing Thu Oct 10 18:44:55 UTC 2019 /home/travis/build/icyphy/ptII/ptolemy/actor/lib/test/auto/Minimum.xml
----------------- Instantiating /home/travis/build/icyphy/ptII/ptolemy/actor/lib/test/auto/Minimum.xml
2 ms. Memory: 516096K Free: 233585K (45%)
----------------- Invoking toplevel() on ptolemy.moml.MoMLSimpleApplication@35ae4c9a
----------------- Done invoking toplevel() on ptolemy.moml.MoMLSimpleApplication@35ae4c9a
reloadAllAccessors: .Minimum

===========================================================================================
----------------- testing Thu Oct 10 18:44:55 UTC 2019 /home/travis/build/icyphy/ptII/ptolemy/actor/lib/test/auto/MinimumComplex.xml
----------------- Instantiating /home/travis/build/icyphy/ptII/ptolemy/actor/lib/test/auto/MinimumComplex.xml
3 ms. Memory: 516096K Free: 227441K (44%)
----------------- Invoking toplevel() on ptolemy.moml.MoMLSimpleApplication@35346a0c
----------------- Done invoking toplevel() on ptolemy.moml.MoMLSimpleApplication@35346a0c
reloadAllAccessors: .MinimumComplex

===========================================================================================
----------------- testing Thu Oct 10 18:44:55 UTC 2019 /home/travis/build/icyphy/ptII/ptolemy/actor/lib/test/auto/MinimumMultiports.xml
----------------- Instantiating /home/travis/build/icyphy/ptII/ptolemy/actor/lib/test/auto/MinimumMultiports.xml
4 ms. Memory: 516096K Free: 218729K (42%)
----------------- Invoking toplevel() on ptolemy.moml.MoMLSimpleApplication@51c84afd
----------------- Done invoking toplevel() on ptolemy.moml.MoMLSimpleApplication@51c84afd
reloadAllAccessors: .MinimumMultiports

===========================================================================================
----------------- testing Thu Oct 10 18:44:55 UTC 2019 /home/travis/build/icyphy/ptII/ptolemy/actor/lib/test/auto/ModifyDate.xml
----------------- Instantiating /home/travis/build/icyphy/ptII/ptolemy/actor/lib/test/auto/ModifyDate.xml
8 ms. Memory: 516096K Free: 205937K (40%)
----------------- Invoking toplevel() on ptolemy.moml.MoMLSimpleApplication@30dc99d0
----------------- Done invoking toplevel() on ptolemy.moml.MoMLSimpleApplication@30dc99d0
reloadAllAccessors: .ModifyDate

===========================================================================================
----------------- testing Thu Oct 10 18:44:55 UTC 2019 /home/travis/build/icyphy/ptII/ptolemy/actor/lib/test/auto/ModifyDate2.xml
----------------- Instantiating /home/travis/build/icyphy/ptII/ptolemy/actor/lib/test/auto/ModifyDate2.xml
5 ms. Memory: 516096K Free: 197745K (38%)
----------------- Invoking toplevel() on ptolemy.moml.MoMLSimpleApplication@39403143
----------------- Done invoking toplevel() on ptolemy.moml.MoMLSimpleApplication@39403143
reloadAllAccessors: .ModifyDate2

===========================================================================================
----------------- testing Thu Oct 10 18:44:55 UTC 2019 /home/travis/build/icyphy/ptII/ptolemy/actor/lib/test/auto/MovingAverage.xml
----------------- Instantiating /home/travis/build/icyphy/ptII/ptolemy/actor/lib/test/auto/MovingAverage.xml
2 ms. Memory: 516096K Free: 192625K (37%)
----------------- Invoking toplevel() on ptolemy.moml.MoMLSimpleApplication@407a8b4c
----------------- Done invoking toplevel() on ptolemy.moml.MoMLSimpleApplication@407a8b4c
reloadAllAccessors: .MovingAverage

===========================================================================================
----------------- testing Thu Oct 10 18:44:55 UTC 2019 /home/travis/build/icyphy/ptII/ptolemy/actor/lib/test/auto/MovingMaximum.xml
----------------- Instantiating /home/travis/build/icyphy/ptII/ptolemy/actor/lib/test/auto/MovingMaximum.xml
1 ms. Memory: 516096K Free: 188015K (36%)
----------------- Invoking toplevel() on ptolemy.moml.MoMLSimpleApplication@638a23d6
----------------- Done invoking toplevel() on ptolemy.moml.MoMLSimpleApplication@638a23d6
reloadAllAccessors: .MovingMaximum

===========================================================================================
----------------- testing Thu Oct 10 18:44:55 UTC 2019 /home/travis/build/icyphy/ptII/ptolemy/actor/lib/test/auto/MultipleLinksToSameRelation.xml
----------------- Instantiating /home/travis/build/icyphy/ptII/ptolemy/actor/lib/test/auto/MultipleLinksToSameRelation.xml
3 ms. Memory: 516096K Free: 183919K (36%)
----------------- Invoking toplevel() on ptolemy.moml.MoMLSimpleApplication@33abaef7
----------------- Done invoking toplevel() on ptolemy.moml.MoMLSimpleApplication@33abaef7
reloadAllAccessors: .MultipleLinksToSameRelation

===========================================================================================
----------------- testing Thu Oct 10 18:44:55 UTC 2019 /home/travis/build/icyphy/ptII/ptolemy/actor/lib/test/auto/MultipleLinksToSameRelationDE.xml
----------------- Instantiating /home/travis/build/icyphy/ptII/ptolemy/actor/lib/test/auto/MultipleLinksToSameRelationDE.xml
11 ms. Memory: 516096K Free: 179313K (35%)
----------------- Invoking toplevel() on ptolemy.moml.MoMLSimpleApplication@21d503e8
----------------- Done invoking toplevel() on ptolemy.moml.MoMLSimpleApplication@21d503e8
reloadAllAccessors: .MultipleLinksToSameRelationDE

===========================================================================================
----------------- testing Thu Oct 10 18:44:55 UTC 2019 /home/travis/build/icyphy/ptII/ptolemy/actor/lib/test/auto/Multiplexor.xml
----------------- Instantiating /home/travis/build/icyphy/ptII/ptolemy/actor/lib/test/auto/Multiplexor.xml
2 ms. Memory: 516096K Free: 174193K (34%)
----------------- Invoking toplevel() on ptolemy.moml.MoMLSimpleApplication@478a7bdf
----------------- Done invoking toplevel() on ptolemy.moml.MoMLSimpleApplication@478a7bdf
reloadAllAccessors: .Multiplexor

===========================================================================================
----------------- testing Thu Oct 10 18:44:55 UTC 2019 /home/travis/build/icyphy/ptII/ptolemy/actor/lib/test/auto/Multiplexor1.xml
----------------- Instantiating /home/travis/build/icyphy/ptII/ptolemy/actor/lib/test/auto/Multiplexor1.xml
3 ms. Memory: 516096K Free: 168553K (33%)
----------------- Invoking toplevel() on ptolemy.moml.MoMLSimpleApplication@45d92717
----------------- Done invoking toplevel() on ptolemy.moml.MoMLSimpleApplication@45d92717
reloadAllAccessors: .Multiplexor1

===========================================================================================
----------------- testing Thu Oct 10 18:44:55 UTC 2019 /home/travis/build/icyphy/ptII/ptolemy/actor/lib/test/auto/Multiplexor2.xml
----------------- Instantiating /home/travis/build/icyphy/ptII/ptolemy/actor/lib/test/auto/Multiplexor2.xml
3 ms. Memory: 516096K Free: 460401K (89%)
----------------- Invoking toplevel() on ptolemy.moml.MoMLSimpleApplication@701a40c3
----------------- Done invoking toplevel() on ptolemy.moml.MoMLSimpleApplication@701a40c3
reloadAllAccessors: .Multiplexor2

===========================================================================================
----------------- testing Thu Oct 10 18:44:55 UTC 2019 /home/travis/build/icyphy/ptII/ptolemy/actor/lib/test/auto/Multiplexor3.xml
----------------- Instantiating /home/travis/build/icyphy/ptII/ptolemy/actor/lib/test/auto/Multiplexor3.xml
1 ms. Memory: 516096K Free: 456305K (88%)
----------------- Invoking toplevel() on ptolemy.moml.MoMLSimpleApplication@10918683
----------------- Done invoking toplevel() on ptolemy.moml.MoMLSimpleApplication@10918683
reloadAllAccessors: .Multiplexor3

===========================================================================================
----------------- testing Thu Oct 10 18:44:55 UTC 2019 /home/travis/build/icyphy/ptII/ptolemy/actor/lib/test/auto/MultiplexorDE.xml
----------------- Instantiating /home/travis/build/icyphy/ptII/ptolemy/actor/lib/test/auto/MultiplexorDE.xml
2 ms. Memory: 516096K Free: 448593K (87%)
----------------- Invoking toplevel() on ptolemy.moml.MoMLSimpleApplication@54f40290
----------------- Done invoking toplevel() on ptolemy.moml.MoMLSimpleApplication@54f40290
reloadAllAccessors: .MultiplexorDE

===========================================================================================
----------------- testing Thu Oct 10 18:44:55 UTC 2019 /home/travis/build/icyphy/ptII/ptolemy/actor/lib/test/auto/MultiportBroadcastTest.xml
----------------- Instantiating /home/travis/build/icyphy/ptII/ptolemy/actor/lib/test/auto/MultiportBroadcastTest.xml
92 ms. Memory: 516096K Free: 442473K (86%)
----------------- Invoking toplevel() on ptolemy.moml.MoMLSimpleApplication@3a5bc9dc
----------------- Done invoking toplevel() on ptolemy.moml.MoMLSimpleApplication@3a5bc9dc
reloadAllAccessors: .MultiportBroadcastTest

===========================================================================================
----------------- testing Thu Oct 10 18:44:56 UTC 2019 /home/travis/build/icyphy/ptII/ptolemy/actor/lib/test/auto/MultiportOutHangDuringGetWidth.xml
----------------- Instantiating /home/travis/build/icyphy/ptII/ptolemy/actor/lib/test/auto/MultiportOutHangDuringGetWidth.xml
5 ms. Memory: 516096K Free: 429681K (83%)
----------------- Invoking toplevel() on ptolemy.moml.MoMLSimpleApplication@7d850cc6
----------------- Done invoking toplevel() on ptolemy.moml.MoMLSimpleApplication@7d850cc6
reloadAllAccessors: .MultiportOutHangDuringGetWidth

===========================================================================================
----------------- testing Thu Oct 10 18:44:56 UTC 2019 /home/travis/build/icyphy/ptII/ptolemy/actor/lib/test/auto/NilToken.xml
----------------- Instantiating /home/travis/build/icyphy/ptII/ptolemy/actor/lib/test/auto/NilToken.xml
1 ms. Memory: 516096K Free: 425585K (82%)
----------------- Invoking toplevel() on ptolemy.moml.MoMLSimpleApplication@7378f62
----------------- Done invoking toplevel() on ptolemy.moml.MoMLSimpleApplication@7378f62
reloadAllAccessors: .NilToken

===========================================================================================
----------------- testing Thu Oct 10 18:44:56 UTC 2019 /home/travis/build/icyphy/ptII/ptolemy/actor/lib/test/auto/NilTokenNonStrictTest.xml
----------------- Instantiating /home/travis/build/icyphy/ptII/ptolemy/actor/lib/test/auto/NilTokenNonStrictTest.xml
1 ms. Memory: 516096K Free: 420975K (82%)
----------------- Invoking toplevel() on ptolemy.moml.MoMLSimpleApplication@61f6faf6
----------------- Done invoking toplevel() on ptolemy.moml.MoMLSimpleApplication@61f6faf6
reloadAllAccessors: .NilTokenNonStrictTest

===========================================================================================
----------------- testing Thu Oct 10 18:44:56 UTC 2019 /home/travis/build/icyphy/ptII/ptolemy/actor/lib/test/auto/NilTokenRecord.xml
----------------- Instantiating /home/travis/build/icyphy/ptII/ptolemy/actor/lib/test/auto/NilTokenRecord.xml
11 ms. Memory: 516096K Free: 414321K (80%)
----------------- Invoking toplevel() on ptolemy.moml.MoMLSimpleApplication@4b01ff96
----------------- Done invoking toplevel() on ptolemy.moml.MoMLSimpleApplication@4b01ff96
reloadAllAccessors: .NilTokenRecord

===========================================================================================
----------------- testing Thu Oct 10 18:44:56 UTC 2019 /home/travis/build/icyphy/ptII/ptolemy/actor/lib/test/auto/NilTokenTypeTest.xml
----------------- Instantiating /home/travis/build/icyphy/ptII/ptolemy/actor/lib/test/auto/NilTokenTypeTest.xml
6 ms. Memory: 516096K Free: 404591K (78%)
----------------- Invoking toplevel() on ptolemy.moml.MoMLSimpleApplication@73fcea79
----------------- Done invoking toplevel() on ptolemy.moml.MoMLSimpleApplication@73fcea79
reloadAllAccessors: .NilTokenTypeTest

===========================================================================================
----------------- testing Thu Oct 10 18:44:56 UTC 2019 /home/travis/build/icyphy/ptII/ptolemy/actor/lib/test/auto/ObjectToken1.xml
----------------- Instantiating /home/travis/build/icyphy/ptII/ptolemy/actor/lib/test/auto/ObjectToken1.xml
2 ms. Memory: 516096K Free: 400495K (78%)
----------------- Invoking toplevel() on ptolemy.moml.MoMLSimpleApplication@556809cb
----------------- Done invoking toplevel() on ptolemy.moml.MoMLSimpleApplication@556809cb
reloadAllAccessors: .ObjectToken1

===========================================================================================
----------------- testing Thu Oct 10 18:44:56 UTC 2019 /home/travis/build/icyphy/ptII/ptolemy/actor/lib/test/auto/OrderedMerge.xml
----------------- Instantiating /home/travis/build/icyphy/ptII/ptolemy/actor/lib/test/auto/OrderedMerge.xml
12 ms. Memory: 516096K Free: 394865K (77%)
----------------- Invoking toplevel() on ptolemy.moml.MoMLSimpleApplication@25e7b44a
----------------- Done invoking toplevel() on ptolemy.moml.MoMLSimpleApplication@25e7b44a
reloadAllAccessors: .OrderedMerge

===========================================================================================
----------------- testing Thu Oct 10 18:44:56 UTC 2019 /home/travis/build/icyphy/ptII/ptolemy/actor/lib/test/auto/OrderedRecordDisassembler.xml
----------------- Instantiating /home/travis/build/icyphy/ptII/ptolemy/actor/lib/test/auto/OrderedRecordDisassembler.xml
3 ms. Memory: 516096K Free: 389745K (76%)
----------------- Invoking toplevel() on ptolemy.moml.MoMLSimpleApplication@5140aed4
----------------- Done invoking toplevel() on ptolemy.moml.MoMLSimpleApplication@5140aed4
reloadAllAccessors: .OrderedRecordDisassembler

===========================================================================================
----------------- testing Thu Oct 10 18:44:56 UTC 2019 /home/travis/build/icyphy/ptII/ptolemy/actor/lib/test/auto/OrderedRecordDisassembler2.xml
----------------- Instantiating /home/travis/build/icyphy/ptII/ptolemy/actor/lib/test/auto/OrderedRecordDisassembler2.xml
4 ms. Memory: 516096K Free: 382049K (74%)
----------------- Invoking toplevel() on ptolemy.moml.MoMLSimpleApplication@68960475
----------------- Done invoking toplevel() on ptolemy.moml.MoMLSimpleApplication@68960475
reloadAllAccessors: .OrderedRecordDisassembler2

===========================================================================================
----------------- testing Thu Oct 10 18:44:56 UTC 2019 /home/travis/build/icyphy/ptII/ptolemy/actor/lib/test/auto/OrderedRecordUpdater.xml
----------------- Instantiating /home/travis/build/icyphy/ptII/ptolemy/actor/lib/test/auto/OrderedRecordUpdater.xml
2 ms. Memory: 516096K Free: 377457K (73%)
----------------- Invoking toplevel() on ptolemy.moml.MoMLSimpleApplication@631fe77c
----------------- Done invoking toplevel() on ptolemy.moml.MoMLSimpleApplication@631fe77c
reloadAllAccessors: .RecordUpdater

===========================================================================================
----------------- testing Thu Oct 10 18:44:56 UTC 2019 /home/travis/build/icyphy/ptII/ptolemy/actor/lib/test/auto/OrderedRecordUpdater2.xml
----------------- Instantiating /home/travis/build/icyphy/ptII/ptolemy/actor/lib/test/auto/OrderedRecordUpdater2.xml
2 ms. Memory: 516096K Free: 372847K (72%)
----------------- Invoking toplevel() on ptolemy.moml.MoMLSimpleApplication@3b34cef5
----------------- Done invoking toplevel() on ptolemy.moml.MoMLSimpleApplication@3b34cef5
reloadAllAccessors: .RecordUpdater2

===========================================================================================
----------------- testing Thu Oct 10 18:44:56 UTC 2019 /home/travis/build/icyphy/ptII/ptolemy/actor/lib/test/auto/PhaseUnwrap.xml
----------------- Instantiating /home/travis/build/icyphy/ptII/ptolemy/actor/lib/test/auto/PhaseUnwrap.xml
2 ms. Memory: 516096K Free: 368241K (71%)
----------------- Invoking toplevel() on ptolemy.moml.MoMLSimpleApplication@1afebb0
----------------- Done invoking toplevel() on ptolemy.moml.MoMLSimpleApplication@1afebb0
reloadAllAccessors: .PhaseUnwrap

===========================================================================================
----------------- testing Thu Oct 10 18:44:56 UTC 2019 /home/travis/build/icyphy/ptII/ptolemy/actor/lib/test/auto/PoissonClock.xml
----------------- Instantiating /home/travis/build/icyphy/ptII/ptolemy/actor/lib/test/auto/PoissonClock.xml
2 ms. Memory: 516096K Free: 364145K (71%)
----------------- Invoking toplevel() on ptolemy.moml.MoMLSimpleApplication@630e6e8e
----------------- Done invoking toplevel() on ptolemy.moml.MoMLSimpleApplication@630e6e8e
reloadAllAccessors: .PoissonClock

===========================================================================================
----------------- testing Thu Oct 10 18:44:56 UTC 2019 /home/travis/build/icyphy/ptII/ptolemy/actor/lib/test/auto/PoissonClock2.xml
----------------- Instantiating /home/travis/build/icyphy/ptII/ptolemy/actor/lib/test/auto/PoissonClock2.xml
2 ms. Memory: 516096K Free: 359535K (70%)
----------------- Invoking toplevel() on ptolemy.moml.MoMLSimpleApplication@235a582c
----------------- Done invoking toplevel() on ptolemy.moml.MoMLSimpleApplication@235a582c
reloadAllAccessors: .PoissonClock2

===========================================================================================
----------------- testing Thu Oct 10 18:44:56 UTC 2019 /home/travis/build/icyphy/ptII/ptolemy/actor/lib/test/auto/PoissonClock3.xml
----------------- Instantiating /home/travis/build/icyphy/ptII/ptolemy/actor/lib/test/auto/PoissonClock3.xml
2 ms. Memory: 516096K Free: 354929K (69%)
----------------- Invoking toplevel() on ptolemy.moml.MoMLSimpleApplication@6b215441
----------------- Done invoking toplevel() on ptolemy.moml.MoMLSimpleApplication@6b215441
reloadAllAccessors: .PoissonClock3

===========================================================================================
----------------- testing Thu Oct 10 18:44:56 UTC 2019 /home/travis/build/icyphy/ptII/ptolemy/actor/lib/test/auto/PubSubWithInitialTokens.xml
----------------- Instantiating /home/travis/build/icyphy/ptII/ptolemy/actor/lib/test/auto/PubSubWithInitialTokens.xml
2 ms. Memory: 516096K Free: 349289K (68%)
----------------- Invoking toplevel() on ptolemy.moml.MoMLSimpleApplication@16598dd2
----------------- Done invoking toplevel() on ptolemy.moml.MoMLSimpleApplication@16598dd2
reloadAllAccessors: .PubSubWithInitialTokens

===========================================================================================
----------------- testing Thu Oct 10 18:44:56 UTC 2019 /home/travis/build/icyphy/ptII/ptolemy/actor/lib/test/auto/PubSubWithInitialTokens2.xml
----------------- Instantiating /home/travis/build/icyphy/ptII/ptolemy/actor/lib/test/auto/PubSubWithInitialTokens2.xml
3 ms. Memory: 516096K Free: 343665K (67%)
----------------- Invoking toplevel() on ptolemy.moml.MoMLSimpleApplication@76a4f283
----------------- Done invoking toplevel() on ptolemy.moml.MoMLSimpleApplication@76a4f283
reloadAllAccessors: .PubSubWithInitialTokens2

===========================================================================================
----------------- testing Thu Oct 10 18:44:56 UTC 2019 /home/travis/build/icyphy/ptII/ptolemy/actor/lib/test/auto/PublisherClassNoParameter.xml
----------------- Instantiating /home/travis/build/icyphy/ptII/ptolemy/actor/lib/test/auto/PublisherClassNoParameter.xml
2 ms. Memory: 516096K Free: 333425K (65%)
----------------- Invoking toplevel() on ptolemy.moml.MoMLSimpleApplication@223b8b12
----------------- Done invoking toplevel() on ptolemy.moml.MoMLSimpleApplication@223b8b12
reloadAllAccessors: .PublisherClassNoParameter

===========================================================================================
----------------- testing Thu Oct 10 18:44:56 UTC 2019 /home/travis/build/icyphy/ptII/ptolemy/actor/lib/test/auto/PublisherClassParameter.xml
----------------- Instantiating /home/travis/build/icyphy/ptII/ptolemy/actor/lib/test/auto/PublisherClassParameter.xml
2 ms. Memory: 516096K Free: 323185K (63%)
----------------- Invoking toplevel() on ptolemy.moml.MoMLSimpleApplication@1b033206
----------------- Done invoking toplevel() on ptolemy.moml.MoMLSimpleApplication@1b033206
reloadAllAccessors: .PublisherClassParameter

===========================================================================================
----------------- testing Thu Oct 10 18:44:56 UTC 2019 /home/travis/build/icyphy/ptII/ptolemy/actor/lib/test/auto/PublisherNonStrictTest.xml
----------------- Instantiating /home/travis/build/icyphy/ptII/ptolemy/actor/lib/test/auto/PublisherNonStrictTest.xml
3 ms. Memory: 516096K Free: 315497K (61%)
----------------- Invoking toplevel() on ptolemy.moml.MoMLSimpleApplication@2e2fa565
----------------- Done invoking toplevel() on ptolemy.moml.MoMLSimpleApplication@2e2fa565
reloadAllAccessors: .PublisherNonStrictTest

===========================================================================================
----------------- testing Thu Oct 10 18:44:56 UTC 2019 /home/travis/build/icyphy/ptII/ptolemy/actor/lib/test/auto/PublisherPort1.xml
----------------- Instantiating /home/travis/build/icyphy/ptII/ptolemy/actor/lib/test/auto/PublisherPort1.xml
2 ms. Memory: 516096K Free: 309873K (60%)
----------------- Invoking toplevel() on ptolemy.moml.MoMLSimpleApplication@18b61cb4
----------------- Done invoking toplevel() on ptolemy.moml.MoMLSimpleApplication@18b61cb4
reloadAllAccessors: .PublisherPort1

===========================================================================================
----------------- testing Thu Oct 10 18:44:56 UTC 2019 /home/travis/build/icyphy/ptII/ptolemy/actor/lib/test/auto/PublisherPort2.xml
----------------- Instantiating /home/travis/build/icyphy/ptII/ptolemy/actor/lib/test/auto/PublisherPort2.xml
1 ms. Memory: 516096K Free: 304753K (59%)
----------------- Invoking toplevel() on ptolemy.moml.MoMLSimpleApplication@5636fbef
----------------- Done invoking toplevel() on ptolemy.moml.MoMLSimpleApplication@5636fbef
reloadAllAccessors: .PublisherPort2

===========================================================================================
----------------- testing Thu Oct 10 18:44:56 UTC 2019 /home/travis/build/icyphy/ptII/ptolemy/actor/lib/test/auto/PublisherPort3.xml
----------------- Instantiating /home/travis/build/icyphy/ptII/ptolemy/actor/lib/test/auto/PublisherPort3.xml
12 ms. Memory: 516096K Free: 298065K (58%)
----------------- Invoking toplevel() on ptolemy.moml.MoMLSimpleApplication@5737451d
----------------- Done invoking toplevel() on ptolemy.moml.MoMLSimpleApplication@5737451d
reloadAllAccessors: .PublisherPort3

===========================================================================================
----------------- testing Thu Oct 10 18:44:56 UTC 2019 /home/travis/build/icyphy/ptII/ptolemy/actor/lib/test/auto/PublisherPort4.xml
----------------- Instantiating /home/travis/build/icyphy/ptII/ptolemy/actor/lib/test/auto/PublisherPort4.xml
2 ms. Memory: 516096K Free: 292465K (57%)
----------------- Invoking toplevel() on ptolemy.moml.MoMLSimpleApplication@6c1c5727
----------------- Done invoking toplevel() on ptolemy.moml.MoMLSimpleApplication@6c1c5727
reloadAllAccessors: .PublisherPort4

===========================================================================================
----------------- testing Thu Oct 10 18:44:56 UTC 2019 /home/travis/build/icyphy/ptII/ptolemy/actor/lib/test/auto/PublisherPort5.xml
----------------- Instantiating /home/travis/build/icyphy/ptII/ptolemy/actor/lib/test/auto/PublisherPort5.xml
4 ms. Memory: 516096K Free: 285297K (55%)
----------------- Invoking toplevel() on ptolemy.moml.MoMLSimpleApplication@7c83af15
----------------- Done invoking toplevel() on ptolemy.moml.MoMLSimpleApplication@7c83af15
reloadAllAccessors: .PublisherPort5

===========================================================================================
----------------- testing Thu Oct 10 18:44:56 UTC 2019 /home/travis/build/icyphy/ptII/ptolemy/actor/lib/test/auto/PublisherPort5LookAlike.xml
----------------- Instantiating /home/travis/build/icyphy/ptII/ptolemy/actor/lib/test/auto/PublisherPort5LookAlike.xml
6 ms. Memory: 516096K Free: 277609K (54%)
----------------- Invoking toplevel() on ptolemy.moml.MoMLSimpleApplication@774aa784
----------------- Done invoking toplevel() on ptolemy.moml.MoMLSimpleApplication@774aa784
reloadAllAccessors: .PublisherPort5LookAlike

===========================================================================================
----------------- testing Thu Oct 10 18:44:56 UTC 2019 /home/travis/build/icyphy/ptII/ptolemy/actor/lib/test/auto/PublisherPort6.xml
----------------- Instantiating /home/travis/build/icyphy/ptII/ptolemy/actor/lib/test/auto/PublisherPort6.xml
2 ms. Memory: 516096K Free: 270961K (53%)
----------------- Invoking toplevel() on ptolemy.moml.MoMLSimpleApplication@1b45f041
----------------- Done invoking toplevel() on ptolemy.moml.MoMLSimpleApplication@1b45f041
reloadAllAccessors: .PublisherPort6

===========================================================================================
----------------- testing Thu Oct 10 18:44:56 UTC 2019 /home/travis/build/icyphy/ptII/ptolemy/actor/lib/test/auto/PublisherPort7.xml
----------------- Instantiating /home/travis/build/icyphy/ptII/ptolemy/actor/lib/test/auto/PublisherPort7.xml
3 ms. Memory: 516096K Free: 263279K (51%)
----------------- Invoking toplevel() on ptolemy.moml.MoMLSimpleApplication@1f208b10
----------------- Done invoking toplevel() on ptolemy.moml.MoMLSimpleApplication@1f208b10
reloadAllAccessors: .PublisherPort7

===========================================================================================
----------------- testing Thu Oct 10 18:44:56 UTC 2019 /home/travis/build/icyphy/ptII/ptolemy/actor/lib/test/auto/PublisherPort8.xml
----------------- Instantiating /home/travis/build/icyphy/ptII/ptolemy/actor/lib/test/auto/PublisherPort8.xml
4 ms. Memory: 516096K Free: 254577K (49%)
----------------- Invoking toplevel() on ptolemy.moml.MoMLSimpleApplication@b0c7eea
----------------- Done invoking toplevel() on ptolemy.moml.MoMLSimpleApplication@b0c7eea
reloadAllAccessors: .PublisherPort8

===========================================================================================
----------------- testing Thu Oct 10 18:44:56 UTC 2019 /home/travis/build/icyphy/ptII/ptolemy/actor/lib/test/auto/PublisherPortSubscriberChannelVariablesAOC2.xml
----------------- Instantiating /home/travis/build/icyphy/ptII/ptolemy/actor/lib/test/auto/PublisherPortSubscriberChannelVariablesAOC2.xml
3 ms. Memory: 516096K Free: 237169K (46%)
----------------- Invoking toplevel() on ptolemy.moml.MoMLSimpleApplication@10ed9133
----------------- Done invoking toplevel() on ptolemy.moml.MoMLSimpleApplication@10ed9133
reloadAllAccessors: .PublisherPortSubscriberChannelVariablesAOC2

===========================================================================================
----------------- testing Thu Oct 10 18:44:56 UTC 2019 /home/travis/build/icyphy/ptII/ptolemy/actor/lib/test/auto/PublisherPortSubscriberOpaqueWidthInference.xml
----------------- Instantiating /home/travis/build/icyphy/ptII/ptolemy/actor/lib/test/auto/PublisherPortSubscriberOpaqueWidthInference.xml
3 ms. Memory: 516096K Free: 229473K (44%)
----------------- Invoking toplevel() on ptolemy.moml.MoMLSimpleApplication@6768958c
----------------- Done invoking toplevel() on ptolemy.moml.MoMLSimpleApplication@6768958c
reloadAllAccessors: .PublisherPortSubscriberOpaqueWidthInference

===========================================================================================
----------------- testing Thu Oct 10 18:44:56 UTC 2019 /home/travis/build/icyphy/ptII/ptolemy/actor/lib/test/auto/PublisherPortSubscriberPortAdjacent.xml
----------------- Instantiating /home/travis/build/icyphy/ptII/ptolemy/actor/lib/test/auto/PublisherPortSubscriberPortAdjacent.xml
1 ms. Memory: 516096K Free: 221295K (43%)
----------------- Invoking toplevel() on ptolemy.moml.MoMLSimpleApplication@24e78dd3
----------------- Done invoking toplevel() on ptolemy.moml.MoMLSimpleApplication@24e78dd3
reloadAllAccessors: .PublisherPortSubscriberPortAdjacent

===========================================================================================
----------------- testing Thu Oct 10 18:44:56 UTC 2019 /home/travis/build/icyphy/ptII/ptolemy/actor/lib/test/auto/PublisherPortSubscriberPortExpression.xml
----------------- Instantiating /home/travis/build/icyphy/ptII/ptolemy/actor/lib/test/auto/PublisherPortSubscriberPortExpression.xml
4 ms. Memory: 516096K Free: 213617K (41%)
----------------- Invoking toplevel() on ptolemy.moml.MoMLSimpleApplication@db1d306
----------------- Done invoking toplevel() on ptolemy.moml.MoMLSimpleApplication@db1d306
reloadAllAccessors: .PublisherPortSubscriberPortExpression

===========================================================================================
----------------- testing Thu Oct 10 18:44:56 UTC 2019 /home/travis/build/icyphy/ptII/ptolemy/actor/lib/test/auto/PublisherPortSubscriberPortOpaqueD3Reverse.xml
----------------- Instantiating /home/travis/build/icyphy/ptII/ptolemy/actor/lib/test/auto/PublisherPortSubscriberPortOpaqueD3Reverse.xml
5 ms. Memory: 516096K Free: 203377K (39%)
----------------- Invoking toplevel() on ptolemy.moml.MoMLSimpleApplication@607f9561
----------------- Done invoking toplevel() on ptolemy.moml.MoMLSimpleApplication@607f9561
reloadAllAccessors: .PublisherPortSubscriberPortOpaqueD3Reverse

===========================================================================================
----------------- testing Thu Oct 10 18:44:56 UTC 2019 /home/travis/build/icyphy/ptII/ptolemy/actor/lib/test/auto/PublisherPortSubscriberPortOpaqueWidthInference.xml
----------------- Instantiating /home/travis/build/icyphy/ptII/ptolemy/actor/lib/test/auto/PublisherPortSubscriberPortOpaqueWidthInference.xml
3 ms. Memory: 516096K Free: 195681K (38%)
----------------- Invoking toplevel() on ptolemy.moml.MoMLSimpleApplication@31c64c51
----------------- Done invoking toplevel() on ptolemy.moml.MoMLSimpleApplication@31c64c51
reloadAllAccessors: .PublisherPortSubscriberPortOpaqueWidthInference

===========================================================================================
----------------- testing Thu Oct 10 18:44:56 UTC 2019 /home/travis/build/icyphy/ptII/ptolemy/actor/lib/test/auto/PublisherPortToplevelSubscriberPortAOC.xml
----------------- Instantiating /home/travis/build/icyphy/ptII/ptolemy/actor/lib/test/auto/PublisherPortToplevelSubscriberPortAOC.xml
.PublisherPortToplevelSubscriberPortAOC.TestExceptionAttribute: initialize() was not invoked, but wrapup() was.  This is unusual, but not always a problem.  For example, exporting JNLP will do this.
1 ms. Memory: 516096K Free: 190065K (37%)
----------------- Invoking toplevel() on ptolemy.moml.MoMLSimpleApplication@475bc38c
----------------- Done invoking toplevel() on ptolemy.moml.MoMLSimpleApplication@475bc38c
reloadAllAccessors: .PublisherPortToplevelSubscriberPortAOC

===========================================================================================
----------------- testing Thu Oct 10 18:44:56 UTC 2019 /home/travis/build/icyphy/ptII/ptolemy/actor/lib/test/auto/PublisherSubscriber.xml
----------------- Instantiating /home/travis/build/icyphy/ptII/ptolemy/actor/lib/test/auto/PublisherSubscriber.xml
2 ms. Memory: 516096K Free: 182897K (35%)
----------------- Invoking toplevel() on ptolemy.moml.MoMLSimpleApplication@5b6e006c
----------------- Done invoking toplevel() on ptolemy.moml.MoMLSimpleApplication@5b6e006c
reloadAllAccessors: .PublisherSubscriber

===========================================================================================
----------------- testing Thu Oct 10 18:44:56 UTC 2019 /home/travis/build/icyphy/ptII/ptolemy/actor/lib/test/auto/PublisherSubscriber10.xml
----------------- Instantiating /home/travis/build/icyphy/ptII/ptolemy/actor/lib/test/auto/PublisherSubscriber10.xml
8 ms. Memory: 516096K Free: 173167K (34%)
----------------- Invoking toplevel() on ptolemy.moml.MoMLSimpleApplication@a0356a2
----------------- Done invoking toplevel() on ptolemy.moml.MoMLSimpleApplication@a0356a2
reloadAllAccessors: .PublisherSubscriber10

===========================================================================================
----------------- testing Thu Oct 10 18:44:56 UTC 2019 /home/travis/build/icyphy/ptII/ptolemy/actor/lib/test/auto/PublisherSubscriber10InitialOutputs.xml
----------------- Instantiating /home/travis/build/icyphy/ptII/ptolemy/actor/lib/test/auto/PublisherSubscriber10InitialOutputs.xml
13 ms. Memory: 516096K Free: 462959K (90%)
----------------- Invoking toplevel() on ptolemy.moml.MoMLSimpleApplication@2582f6c9
----------------- Done invoking toplevel() on ptolemy.moml.MoMLSimpleApplication@2582f6c9
reloadAllAccessors: .PublisherSubscriber10InitialOutputs

===========================================================================================
----------------- testing Thu Oct 10 18:44:57 UTC 2019 /home/travis/build/icyphy/ptII/ptolemy/actor/lib/test/auto/PublisherSubscriber11.xml
----------------- Instantiating /home/travis/build/icyphy/ptII/ptolemy/actor/lib/test/auto/PublisherSubscriber11.xml
3 ms. Memory: 516096K Free: 456305K (88%)
----------------- Invoking toplevel() on ptolemy.moml.MoMLSimpleApplication@70d78bde
----------------- Done invoking toplevel() on ptolemy.moml.MoMLSimpleApplication@70d78bde
reloadAllAccessors: .PublisherSubscriber11

===========================================================================================
----------------- testing Thu Oct 10 18:44:57 UTC 2019 /home/travis/build/icyphy/ptII/ptolemy/actor/lib/test/auto/PublisherSubscriber12.xml
----------------- Instantiating /home/travis/build/icyphy/ptII/ptolemy/actor/lib/test/auto/PublisherSubscriber12.xml
5 ms. Memory: 516096K Free: 449647K (87%)
----------------- Invoking toplevel() on ptolemy.moml.MoMLSimpleApplication@331132de
----------------- Done invoking toplevel() on ptolemy.moml.MoMLSimpleApplication@331132de
reloadAllAccessors: .PublisherSubscriber12

===========================================================================================
----------------- testing Thu Oct 10 18:44:57 UTC 2019 /home/travis/build/icyphy/ptII/ptolemy/actor/lib/test/auto/PublisherSubscriber13.xml
----------------- Instantiating /home/travis/build/icyphy/ptII/ptolemy/actor/lib/test/auto/PublisherSubscriber13.xml
2 ms. Memory: 516096K Free: 444017K (86%)
----------------- Invoking toplevel() on ptolemy.moml.MoMLSimpleApplication@1d0d6542
----------------- Done invoking toplevel() on ptolemy.moml.MoMLSimpleApplication@1d0d6542
reloadAllAccessors: .PublisherSubscriber13

===========================================================================================
----------------- testing Thu Oct 10 18:44:57 UTC 2019 /home/travis/build/icyphy/ptII/ptolemy/actor/lib/test/auto/PublisherSubscriber14.xml
----------------- Instantiating /home/travis/build/icyphy/ptII/ptolemy/actor/lib/test/auto/PublisherSubscriber14.xml
2 ms. Memory: 516096K Free: 435297K (84%)
----------------- Invoking toplevel() on ptolemy.moml.MoMLSimpleApplication@1648b8d7
----------------- Done invoking toplevel() on ptolemy.moml.MoMLSimpleApplication@1648b8d7
reloadAllAccessors: .PublisherSubscriber14

===========================================================================================
----------------- testing Thu Oct 10 18:44:57 UTC 2019 /home/travis/build/icyphy/ptII/ptolemy/actor/lib/test/auto/PublisherSubscriber2.xml
----------------- Instantiating /home/travis/build/icyphy/ptII/ptolemy/actor/lib/test/auto/PublisherSubscriber2.xml
3 ms. Memory: 516096K Free: 429681K (83%)
----------------- Invoking toplevel() on ptolemy.moml.MoMLSimpleApplication@11d70726
----------------- Done invoking toplevel() on ptolemy.moml.MoMLSimpleApplication@11d70726
reloadAllAccessors: .PublisherSubscriber2

===========================================================================================
----------------- testing Thu Oct 10 18:44:57 UTC 2019 /home/travis/build/icyphy/ptII/ptolemy/actor/lib/test/auto/PublisherSubscriber3.xml
----------------- Instantiating /home/travis/build/icyphy/ptII/ptolemy/actor/lib/test/auto/PublisherSubscriber3.xml
2 ms. Memory: 516096K Free: 424047K (82%)
----------------- Invoking toplevel() on ptolemy.moml.MoMLSimpleApplication@7ea4236
----------------- Done invoking toplevel() on ptolemy.moml.MoMLSimpleApplication@7ea4236
reloadAllAccessors: .PublisherSubscriber3

===========================================================================================
----------------- testing Thu Oct 10 18:44:57 UTC 2019 /home/travis/build/icyphy/ptII/ptolemy/actor/lib/test/auto/PublisherSubscriber4.xml
----------------- Instantiating /home/travis/build/icyphy/ptII/ptolemy/actor/lib/test/auto/PublisherSubscriber4.xml
2 ms. Memory: 516096K Free: 418913K (81%)
----------------- Invoking toplevel() on ptolemy.moml.MoMLSimpleApplication@47fc7632
----------------- Done invoking toplevel() on ptolemy.moml.MoMLSimpleApplication@47fc7632
reloadAllAccessors: .PublisherSubscriber4

===========================================================================================
----------------- testing Thu Oct 10 18:44:57 UTC 2019 /home/travis/build/icyphy/ptII/ptolemy/actor/lib/test/auto/PublisherSubscriber5.xml
----------------- Instantiating /home/travis/build/icyphy/ptII/ptolemy/actor/lib/test/auto/PublisherSubscriber5.xml
2 ms. Memory: 516096K Free: 412273K (80%)
----------------- Invoking toplevel() on ptolemy.moml.MoMLSimpleApplication@61f95d1c
----------------- Done invoking toplevel() on ptolemy.moml.MoMLSimpleApplication@61f95d1c
reloadAllAccessors: .PublisherSubscriber5

===========================================================================================
----------------- testing Thu Oct 10 18:44:57 UTC 2019 /home/travis/build/icyphy/ptII/ptolemy/actor/lib/test/auto/PublisherSubscriber6.xml
----------------- Instantiating /home/travis/build/icyphy/ptII/ptolemy/actor/lib/test/auto/PublisherSubscriber6.xml
3 ms. Memory: 516096K Free: 405601K (79%)
----------------- Invoking toplevel() on ptolemy.moml.MoMLSimpleApplication@6426f574
----------------- Done invoking toplevel() on ptolemy.moml.MoMLSimpleApplication@6426f574
reloadAllAccessors: .PublisherSubscriber6

===========================================================================================
----------------- testing Thu Oct 10 18:44:57 UTC 2019 /home/travis/build/icyphy/ptII/ptolemy/actor/lib/test/auto/PublisherSubscriber7.xml
----------------- Instantiating /home/travis/build/icyphy/ptII/ptolemy/actor/lib/test/auto/PublisherSubscriber7.xml
7 ms. Memory: 516096K Free: 398961K (77%)
----------------- Invoking toplevel() on ptolemy.moml.MoMLSimpleApplication@6109d4c6
----------------- Done invoking toplevel() on ptolemy.moml.MoMLSimpleApplication@6109d4c6
reloadAllAccessors: .PublisherSubscriber7

===========================================================================================
----------------- testing Thu Oct 10 18:44:57 UTC 2019 /home/travis/build/icyphy/ptII/ptolemy/actor/lib/test/auto/PublisherSubscriber8.xml
----------------- Instantiating /home/travis/build/icyphy/ptII/ptolemy/actor/lib/test/auto/PublisherSubscriber8.xml
23 ms. Memory: 516096K Free: 387695K (75%)
----------------- Invoking toplevel() on ptolemy.moml.MoMLSimpleApplication@5f0e50fa
----------------- Done invoking toplevel() on ptolemy.moml.MoMLSimpleApplication@5f0e50fa
reloadAllAccessors: .PublisherSubscriber8

===========================================================================================
----------------- testing Thu Oct 10 18:44:57 UTC 2019 /home/travis/build/icyphy/ptII/ptolemy/actor/lib/test/auto/PublisherSubscriber9.xml
----------------- Instantiating /home/travis/build/icyphy/ptII/ptolemy/actor/lib/test/auto/PublisherSubscriber9.xml
3 ms. Memory: 516096K Free: 380529K (74%)
----------------- Invoking toplevel() on ptolemy.moml.MoMLSimpleApplication@27c024bd
----------------- Done invoking toplevel() on ptolemy.moml.MoMLSimpleApplication@27c024bd
reloadAllAccessors: .PublisherSubscriber9

===========================================================================================
----------------- testing Thu Oct 10 18:44:57 UTC 2019 /home/travis/build/icyphy/ptII/ptolemy/actor/lib/test/auto/PublisherSubscriberAdjacent.xml
----------------- Instantiating /home/travis/build/icyphy/ptII/ptolemy/actor/lib/test/auto/PublisherSubscriberAdjacent.xml
2 ms. Memory: 516096K Free: 372337K (72%)
----------------- Invoking toplevel() on ptolemy.moml.MoMLSimpleApplication@39bb67d7
----------------- Done invoking toplevel() on ptolemy.moml.MoMLSimpleApplication@39bb67d7
reloadAllAccessors: .PublisherSubscriberAdjacent

===========================================================================================
----------------- testing Thu Oct 10 18:44:57 UTC 2019 /home/travis/build/icyphy/ptII/ptolemy/actor/lib/test/auto/PublisherSubscriberChannelVariablesAOC2.xml
----------------- Instantiating /home/travis/build/icyphy/ptII/ptolemy/actor/lib/test/auto/PublisherSubscriberChannelVariablesAOC2.xml
2 ms. Memory: 516096K Free: 358001K (69%)
----------------- Invoking toplevel() on ptolemy.moml.MoMLSimpleApplication@2e20fd9c
----------------- Done invoking toplevel() on ptolemy.moml.MoMLSimpleApplication@2e20fd9c
reloadAllAccessors: .PublisherSubscriberChannelVariablesAOC2

===========================================================================================
----------------- testing Thu Oct 10 18:44:57 UTC 2019 /home/travis/build/icyphy/ptII/ptolemy/actor/lib/test/auto/PublisherSubscriberD3.xml
----------------- Instantiating /home/travis/build/icyphy/ptII/ptolemy/actor/lib/test/auto/PublisherSubscriberD3.xml
1 ms. Memory: 516096K Free: 350833K (68%)
----------------- Invoking toplevel() on ptolemy.moml.MoMLSimpleApplication@34243788
----------------- Done invoking toplevel() on ptolemy.moml.MoMLSimpleApplication@34243788
reloadAllAccessors: .PublisherSubscriberD3

===========================================================================================
----------------- testing Thu Oct 10 18:44:57 UTC 2019 /home/travis/build/icyphy/ptII/ptolemy/actor/lib/test/auto/PublisherSubscriberD3Reverse.xml
----------------- Instantiating /home/travis/build/icyphy/ptII/ptolemy/actor/lib/test/auto/PublisherSubscriberD3Reverse.xml
2 ms. Memory: 516096K Free: 344689K (67%)
----------------- Invoking toplevel() on ptolemy.moml.MoMLSimpleApplication@6fa001ea
----------------- Done invoking toplevel() on ptolemy.moml.MoMLSimpleApplication@6fa001ea
reloadAllAccessors: .PublisherSubscriberD3Reverse

===========================================================================================
----------------- testing Thu Oct 10 18:44:57 UTC 2019 /home/travis/build/icyphy/ptII/ptolemy/actor/lib/test/auto/PublisherSubscriberExpression.xml
----------------- Instantiating /home/travis/build/icyphy/ptII/ptolemy/actor/lib/test/auto/PublisherSubscriberExpression.xml
5 ms. Memory: 516096K Free: 336497K (65%)
----------------- Invoking toplevel() on ptolemy.moml.MoMLSimpleApplication@48ed4561
----------------- Done invoking toplevel() on ptolemy.moml.MoMLSimpleApplication@48ed4561
reloadAllAccessors: .PublisherSubscriberExpression

===========================================================================================
----------------- testing Thu Oct 10 18:44:57 UTC 2019 /home/travis/build/icyphy/ptII/ptolemy/actor/lib/test/auto/PublisherSubscriberOpaque.xml
----------------- Instantiating /home/travis/build/icyphy/ptII/ptolemy/actor/lib/test/auto/PublisherSubscriberOpaque.xml
3 ms. Memory: 516096K Free: 328305K (64%)
----------------- Invoking toplevel() on ptolemy.moml.MoMLSimpleApplication@5c893b09
----------------- Done invoking toplevel() on ptolemy.moml.MoMLSimpleApplication@5c893b09
reloadAllAccessors: .PublisherSubscriberOpaque

===========================================================================================
----------------- testing Thu Oct 10 18:44:57 UTC 2019 /home/travis/build/icyphy/ptII/ptolemy/actor/lib/test/auto/PublisherSubscriberOpaqueD3.xml
----------------- Instantiating /home/travis/build/icyphy/ptII/ptolemy/actor/lib/test/auto/PublisherSubscriberOpaqueD3.xml
4 ms. Memory: 516096K Free: 316527K (61%)
----------------- Invoking toplevel() on ptolemy.moml.MoMLSimpleApplication@7a090144
----------------- Done invoking toplevel() on ptolemy.moml.MoMLSimpleApplication@7a090144
reloadAllAccessors: .PublisherSubscriberOpaqueD3

===========================================================================================
----------------- testing Thu Oct 10 18:44:57 UTC 2019 /home/travis/build/icyphy/ptII/ptolemy/actor/lib/test/auto/PublisherSubscriberOpaqueD3Reverse.xml
----------------- Instantiating /home/travis/build/icyphy/ptII/ptolemy/actor/lib/test/auto/PublisherSubscriberOpaqueD3Reverse.xml
7 ms. Memory: 516096K Free: 305777K (59%)
----------------- Invoking toplevel() on ptolemy.moml.MoMLSimpleApplication@6975be9e
----------------- Done invoking toplevel() on ptolemy.moml.MoMLSimpleApplication@6975be9e
reloadAllAccessors: .PublisherSubscriberOpaqueD3Reverse

===========================================================================================
----------------- testing Thu Oct 10 18:44:57 UTC 2019 /home/travis/build/icyphy/ptII/ptolemy/actor/lib/test/auto/PublisherSubscriberOpaqueWidthInference.xml
----------------- Instantiating /home/travis/build/icyphy/ptII/ptolemy/actor/lib/test/auto/PublisherSubscriberOpaqueWidthInference.xml
5 ms. Memory: 516096K Free: 297585K (58%)
----------------- Invoking toplevel() on ptolemy.moml.MoMLSimpleApplication@2ca14e43
----------------- Done invoking toplevel() on ptolemy.moml.MoMLSimpleApplication@2ca14e43
reloadAllAccessors: .PublisherSubscriberOpaqueWidthInference

===========================================================================================
----------------- testing Thu Oct 10 18:44:57 UTC 2019 /home/travis/build/icyphy/ptII/ptolemy/actor/lib/test/auto/PublisherTestSubscriber.xml
----------------- Instantiating /home/travis/build/icyphy/ptII/ptolemy/actor/lib/test/auto/PublisherTestSubscriber.xml
2 ms. Memory: 516096K Free: 289897K (56%)
----------------- Invoking toplevel() on ptolemy.moml.MoMLSimpleApplication@1ad8f3
----------------- Done invoking toplevel() on ptolemy.moml.MoMLSimpleApplication@1ad8f3
reloadAllAccessors: .PublisherTestSubscriber

===========================================================================================
----------------- testing Thu Oct 10 18:44:57 UTC 2019 /home/travis/build/icyphy/ptII/ptolemy/actor/lib/test/auto/PublisherToplevelSubscriberPortAOC.xml
----------------- Instantiating /home/travis/build/icyphy/ptII/ptolemy/actor/lib/test/auto/PublisherToplevelSubscriberPortAOC.xml
2 ms. Memory: 516096K Free: 283729K (55%)
----------------- Invoking toplevel() on ptolemy.moml.MoMLSimpleApplication@6ba80490
----------------- Done invoking toplevel() on ptolemy.moml.MoMLSimpleApplication@6ba80490
reloadAllAccessors: .PublisherToplevelSubscriberPortAOC

===========================================================================================
----------------- testing Thu Oct 10 18:44:57 UTC 2019 /home/travis/build/icyphy/ptII/ptolemy/actor/lib/test/auto/PulseFiringLimitDE.xml
----------------- Instantiating /home/travis/build/icyphy/ptII/ptolemy/actor/lib/test/auto/PulseFiringLimitDE.xml
2 ms. Memory: 516096K Free: 277615K (54%)
----------------- Invoking toplevel() on ptolemy.moml.MoMLSimpleApplication@bca5ad3
----------------- Done invoking toplevel() on ptolemy.moml.MoMLSimpleApplication@bca5ad3
reloadAllAccessors: .PulseFiringLimitDE

===========================================================================================
----------------- testing Thu Oct 10 18:44:57 UTC 2019 /home/travis/build/icyphy/ptII/ptolemy/actor/lib/test/auto/Ramp1.xml
----------------- Instantiating /home/travis/build/icyphy/ptII/ptolemy/actor/lib/test/auto/Ramp1.xml
1 ms. Memory: 516096K Free: 273513K (53%)
----------------- Invoking toplevel() on ptolemy.moml.MoMLSimpleApplication@7d3d4c19
----------------- Done invoking toplevel() on ptolemy.moml.MoMLSimpleApplication@7d3d4c19
reloadAllAccessors: .Ramp1

===========================================================================================
----------------- testing Thu Oct 10 18:44:57 UTC 2019 /home/travis/build/icyphy/ptII/ptolemy/actor/lib/test/auto/RampFiringLimitDE.xml
----------------- Instantiating /home/travis/build/icyphy/ptII/ptolemy/actor/lib/test/auto/RampFiringLimitDE.xml
2 ms. Memory: 516096K Free: 267361K (52%)
----------------- Invoking toplevel() on ptolemy.moml.MoMLSimpleApplication@6a45fa72
----------------- Done invoking toplevel() on ptolemy.moml.MoMLSimpleApplication@6a45fa72
reloadAllAccessors: .RampFiringLimitDE

===========================================================================================
----------------- testing Thu Oct 10 18:44:57 UTC 2019 /home/travis/build/icyphy/ptII/ptolemy/actor/lib/test/auto/RampFiringLimitSDF.xml
----------------- Instantiating /home/travis/build/icyphy/ptII/ptolemy/actor/lib/test/auto/RampFiringLimitSDF.xml
2 ms. Memory: 516096K Free: 262241K (51%)
----------------- Invoking toplevel() on ptolemy.moml.MoMLSimpleApplication@59f49965
----------------- Done invoking toplevel() on ptolemy.moml.MoMLSimpleApplication@59f49965
reloadAllAccessors: .RampFiringLimitSDF

===========================================================================================
----------------- testing Thu Oct 10 18:44:57 UTC 2019 /home/travis/build/icyphy/ptII/ptolemy/actor/lib/test/auto/RandomInteger.xml
----------------- Instantiating /home/travis/build/icyphy/ptII/ptolemy/actor/lib/test/auto/RandomInteger.xml
1 ms. Memory: 516096K Free: 258159K (50%)
----------------- Invoking toplevel() on ptolemy.moml.MoMLSimpleApplication@11f4e54
----------------- Done invoking toplevel() on ptolemy.moml.MoMLSimpleApplication@11f4e54
reloadAllAccessors: .RandomInteger

===========================================================================================
----------------- testing Thu Oct 10 18:44:57 UTC 2019 /home/travis/build/icyphy/ptII/ptolemy/actor/lib/test/auto/ReadFile1.xml
----------------- Instantiating /home/travis/build/icyphy/ptII/ptolemy/actor/lib/test/auto/ReadFile1.xml
1 ms. Memory: 516096K Free: 253553K (49%)
----------------- Invoking toplevel() on ptolemy.moml.MoMLSimpleApplication@72588a4b
----------------- Done invoking toplevel() on ptolemy.moml.MoMLSimpleApplication@72588a4b
reloadAllAccessors: .ReadFile1

===========================================================================================
----------------- testing Thu Oct 10 18:44:57 UTC 2019 /home/travis/build/icyphy/ptII/ptolemy/actor/lib/test/auto/ReadFile2.xml
----------------- Instantiating /home/travis/build/icyphy/ptII/ptolemy/actor/lib/test/auto/ReadFile2.xml
1 ms. Memory: 516096K Free: 249457K (48%)
----------------- Invoking toplevel() on ptolemy.moml.MoMLSimpleApplication@370a9ab
----------------- Done invoking toplevel() on ptolemy.moml.MoMLSimpleApplication@370a9ab
reloadAllAccessors: .ReadFile2

===========================================================================================
----------------- testing Thu Oct 10 18:44:57 UTC 2019 /home/travis/build/icyphy/ptII/ptolemy/actor/lib/test/auto/Reader.xml
----------------- Instantiating /home/travis/build/icyphy/ptII/ptolemy/actor/lib/test/auto/Reader.xml
actor.lib.Reader is obsolete, use actor.lib.io.ExpressionReader instead
5 ms. Memory: 516096K Free: 245361K (48%)
----------------- Invoking toplevel() on ptolemy.moml.MoMLSimpleApplication@6f51c3bb
----------------- Done invoking toplevel() on ptolemy.moml.MoMLSimpleApplication@6f51c3bb
reloadAllAccessors: .Reader

===========================================================================================
----------------- testing Thu Oct 10 18:44:57 UTC 2019 /home/travis/build/icyphy/ptII/ptolemy/actor/lib/test/auto/RecordAssemblerDisplayNameTest.xml
----------------- Instantiating /home/travis/build/icyphy/ptII/ptolemy/actor/lib/test/auto/RecordAssemblerDisplayNameTest.xml
3984 ms. Memory: 516096K Free: 231535K (45%)
----------------- Invoking toplevel() on ptolemy.moml.MoMLSimpleApplication@1798553f
----------------- Done invoking toplevel() on ptolemy.moml.MoMLSimpleApplication@1798553f
reloadAllAccessors: .RecordAssemblerDisplayNameTest

===========================================================================================
----------------- testing Thu Oct 10 18:45:01 UTC 2019 /home/travis/build/icyphy/ptII/ptolemy/actor/lib/test/auto/RecordAssemblerTypeError.xml
----------------- Instantiating /home/travis/build/icyphy/ptII/ptolemy/actor/lib/test/auto/RecordAssemblerTypeError.xml
18 ms. Memory: 516096K Free: 221809K (43%)
----------------- Invoking toplevel() on ptolemy.moml.MoMLSimpleApplication@4994585e
----------------- Done invoking toplevel() on ptolemy.moml.MoMLSimpleApplication@4994585e
reloadAllAccessors: .RecordAssemblerTypeError

===========================================================================================
----------------- testing Thu Oct 10 18:45:01 UTC 2019 /home/travis/build/icyphy/ptII/ptolemy/actor/lib/test/auto/RecordDisassember.xml
----------------- Instantiating /home/travis/build/icyphy/ptII/ptolemy/actor/lib/test/auto/RecordDisassember.xml
2 ms. Memory: 516096K Free: 217169K (42%)
----------------- Invoking toplevel() on ptolemy.moml.MoMLSimpleApplication@5b31c70b
----------------- Done invoking toplevel() on ptolemy.moml.MoMLSimpleApplication@5b31c70b
reloadAllAccessors: .RecordDisassember

===========================================================================================
----------------- testing Thu Oct 10 18:45:01 UTC 2019 /home/travis/build/icyphy/ptII/ptolemy/actor/lib/test/auto/RecordDisassemberDisplayNameTest.xml
----------------- Instantiating /home/travis/build/icyphy/ptII/ptolemy/actor/lib/test/auto/RecordDisassemberDisplayNameTest.xml
5 ms. Memory: 516096K Free: 209521K (41%)
----------------- Invoking toplevel() on ptolemy.moml.MoMLSimpleApplication@39c2b56a
----------------- Done invoking toplevel() on ptolemy.moml.MoMLSimpleApplication@39c2b56a
reloadAllAccessors: .RecordDisassemberDisplayNameTest

===========================================================================================
----------------- testing Thu Oct 10 18:45:01 UTC 2019 /home/travis/build/icyphy/ptII/ptolemy/actor/lib/test/auto/RecordDisassembler.xml
----------------- Instantiating /home/travis/build/icyphy/ptII/ptolemy/actor/lib/test/auto/RecordDisassembler.xml
2 ms. Memory: 516096K Free: 203881K (40%)
----------------- Invoking toplevel() on ptolemy.moml.MoMLSimpleApplication@30c639c3
----------------- Done invoking toplevel() on ptolemy.moml.MoMLSimpleApplication@30c639c3
reloadAllAccessors: .RecordDisassembler

===========================================================================================
----------------- testing Thu Oct 10 18:45:01 UTC 2019 /home/travis/build/icyphy/ptII/ptolemy/actor/lib/test/auto/RecordDisassembler2.xml
----------------- Instantiating /home/travis/build/icyphy/ptII/ptolemy/actor/lib/test/auto/RecordDisassembler2.xml
3 ms. Memory: 516096K Free: 198753K (39%)
----------------- Invoking toplevel() on ptolemy.moml.MoMLSimpleApplication@5c9a4059
----------------- Done invoking toplevel() on ptolemy.moml.MoMLSimpleApplication@5c9a4059
reloadAllAccessors: .RecordDisassembler2

===========================================================================================
----------------- testing Thu Oct 10 18:45:01 UTC 2019 /home/travis/build/icyphy/ptII/ptolemy/actor/lib/test/auto/RecordUpdater.xml
----------------- Instantiating /home/travis/build/icyphy/ptII/ptolemy/actor/lib/test/auto/RecordUpdater.xml
2 ms. Memory: 516096K Free: 194161K (38%)
----------------- Invoking toplevel() on ptolemy.moml.MoMLSimpleApplication@5cc95135
----------------- Done invoking toplevel() on ptolemy.moml.MoMLSimpleApplication@5cc95135
reloadAllAccessors: .RecordUpdater

===========================================================================================
----------------- testing Thu Oct 10 18:45:01 UTC 2019 /home/travis/build/icyphy/ptII/ptolemy/actor/lib/test/auto/RecordUpdater2.xml
----------------- Instantiating /home/travis/build/icyphy/ptII/ptolemy/actor/lib/test/auto/RecordUpdater2.xml
2 ms. Memory: 516096K Free: 189551K (37%)
----------------- Invoking toplevel() on ptolemy.moml.MoMLSimpleApplication@37ca0931
----------------- Done invoking toplevel() on ptolemy.moml.MoMLSimpleApplication@37ca0931
reloadAllAccessors: .RecordUpdater2

===========================================================================================
----------------- testing Thu Oct 10 18:45:01 UTC 2019 /home/travis/build/icyphy/ptII/ptolemy/actor/lib/test/auto/RecursiveLattice.xml
----------------- Instantiating /home/travis/build/icyphy/ptII/ptolemy/actor/lib/test/auto/RecursiveLattice.xml
2 ms. Memory: 516096K Free: 185455K (36%)
----------------- Invoking toplevel() on ptolemy.moml.MoMLSimpleApplication@3712d98c
----------------- Done invoking toplevel() on ptolemy.moml.MoMLSimpleApplication@3712d98c
reloadAllAccessors: .RecursiveLattice

===========================================================================================
----------------- testing Thu Oct 10 18:45:01 UTC 2019 /home/travis/build/icyphy/ptII/ptolemy/actor/lib/test/auto/Router.xml
----------------- Instantiating /home/travis/build/icyphy/ptII/ptolemy/actor/lib/test/auto/Router.xml
3004 ms. Memory: 516096K Free: 174705K (34%)
----------------- Invoking toplevel() on ptolemy.moml.MoMLSimpleApplication@73428c92
----------------- Done invoking toplevel() on ptolemy.moml.MoMLSimpleApplication@73428c92
reloadAllAccessors: .Router

===========================================================================================
----------------- testing Thu Oct 10 18:45:04 UTC 2019 /home/travis/build/icyphy/ptII/ptolemy/actor/lib/test/auto/Router2.xml
----------------- Instantiating /home/travis/build/icyphy/ptII/ptolemy/actor/lib/test/auto/Router2.xml
3035 ms. Memory: 516096K Free: 464229K (90%)
----------------- Invoking toplevel() on ptolemy.moml.MoMLSimpleApplication@3b46f60
----------------- Done invoking toplevel() on ptolemy.moml.MoMLSimpleApplication@3b46f60
reloadAllAccessors: .Router2

===========================================================================================
----------------- testing Thu Oct 10 18:45:07 UTC 2019 /home/travis/build/icyphy/ptII/ptolemy/actor/lib/test/auto/RunningMaximum.xml
----------------- Instantiating /home/travis/build/icyphy/ptII/ptolemy/actor/lib/test/auto/RunningMaximum.xml
4 ms. Memory: 516096K Free: 458863K (89%)
----------------- Invoking toplevel() on ptolemy.moml.MoMLSimpleApplication@66b312b0
----------------- Done invoking toplevel() on ptolemy.moml.MoMLSimpleApplication@66b312b0
reloadAllAccessors: .RunningMaximum

===========================================================================================
----------------- testing Thu Oct 10 18:45:07 UTC 2019 /home/travis/build/icyphy/ptII/ptolemy/actor/lib/test/auto/RunningMinimum.xml
----------------- Instantiating /home/travis/build/icyphy/ptII/ptolemy/actor/lib/test/auto/RunningMinimum.xml
2 ms. Memory: 516096K Free: 454257K (88%)
----------------- Invoking toplevel() on ptolemy.moml.MoMLSimpleApplication@6a72701e
----------------- Done invoking toplevel() on ptolemy.moml.MoMLSimpleApplication@6a72701e
reloadAllAccessors: .RunningMinimum

===========================================================================================
----------------- testing Thu Oct 10 18:45:07 UTC 2019 /home/travis/build/icyphy/ptII/ptolemy/actor/lib/test/auto/Scale.xml
----------------- Instantiating /home/travis/build/icyphy/ptII/ptolemy/actor/lib/test/auto/Scale.xml
1 ms. Memory: 516096K Free: 449647K (87%)
----------------- Invoking toplevel() on ptolemy.moml.MoMLSimpleApplication@4671ff7c
----------------- Done invoking toplevel() on ptolemy.moml.MoMLSimpleApplication@4671ff7c
reloadAllAccessors: .Scale

===========================================================================================
----------------- testing Thu Oct 10 18:45:07 UTC 2019 /home/travis/build/icyphy/ptII/ptolemy/actor/lib/test/auto/Scale2.xml
----------------- Instantiating /home/travis/build/icyphy/ptII/ptolemy/actor/lib/test/auto/Scale2.xml
2 ms. Memory: 516096K Free: 445041K (86%)
----------------- Invoking toplevel() on ptolemy.moml.MoMLSimpleApplication@59f50702
----------------- Done invoking toplevel() on ptolemy.moml.MoMLSimpleApplication@59f50702
reloadAllAccessors: .Scale2

===========================================================================================
----------------- testing Thu Oct 10 18:45:07 UTC 2019 /home/travis/build/icyphy/ptII/ptolemy/actor/lib/test/auto/Scale3.xml
----------------- Instantiating /home/travis/build/icyphy/ptII/ptolemy/actor/lib/test/auto/Scale3.xml
10 ms. Memory: 516096K Free: 438383K (85%)
----------------- Invoking toplevel() on ptolemy.moml.MoMLSimpleApplication@5a2cb514
----------------- Done invoking toplevel() on ptolemy.moml.MoMLSimpleApplication@5a2cb514
reloadAllAccessors: .Scale3

===========================================================================================
----------------- testing Thu Oct 10 18:45:08 UTC 2019 /home/travis/build/icyphy/ptII/ptolemy/actor/lib/test/auto/ScaleArray.xml
----------------- Instantiating /home/travis/build/icyphy/ptII/ptolemy/actor/lib/test/auto/ScaleArray.xml
2 ms. Memory: 516096K Free: 433777K (84%)
----------------- Invoking toplevel() on ptolemy.moml.MoMLSimpleApplication@3931c7cc
----------------- Done invoking toplevel() on ptolemy.moml.MoMLSimpleApplication@3931c7cc
reloadAllAccessors: .ScaleArray

===========================================================================================
----------------- testing Thu Oct 10 18:45:08 UTC 2019 /home/travis/build/icyphy/ptII/ptolemy/actor/lib/test/auto/ScaleArray2.xml
----------------- Instantiating /home/travis/build/icyphy/ptII/ptolemy/actor/lib/test/auto/ScaleArray2.xml
1 ms. Memory: 516096K Free: 429167K (83%)
----------------- Invoking toplevel() on ptolemy.moml.MoMLSimpleApplication@6de06b7f
----------------- Done invoking toplevel() on ptolemy.moml.MoMLSimpleApplication@6de06b7f
reloadAllAccessors: .ScaleArray2

===========================================================================================
----------------- testing Thu Oct 10 18:45:08 UTC 2019 /home/travis/build/icyphy/ptII/ptolemy/actor/lib/test/auto/ScaleMatrix.xml
----------------- Instantiating /home/travis/build/icyphy/ptII/ptolemy/actor/lib/test/auto/ScaleMatrix.xml
225 ms. Memory: 516096K Free: 413297K (80%)
----------------- Invoking toplevel() on ptolemy.moml.MoMLSimpleApplication@3ed0e12f
----------------- Done invoking toplevel() on ptolemy.moml.MoMLSimpleApplication@3ed0e12f
reloadAllAccessors: .ScaleMatrix

===========================================================================================
----------------- testing Thu Oct 10 18:45:08 UTC 2019 /home/travis/build/icyphy/ptII/ptolemy/actor/lib/test/auto/Select.xml
----------------- Instantiating /home/travis/build/icyphy/ptII/ptolemy/actor/lib/test/auto/Select.xml
3 ms. Memory: 516096K Free: 407153K (79%)
----------------- Invoking toplevel() on ptolemy.moml.MoMLSimpleApplication@930d68
----------------- Done invoking toplevel() on ptolemy.moml.MoMLSimpleApplication@930d68
reloadAllAccessors: .Select

===========================================================================================
----------------- testing Thu Oct 10 18:45:08 UTC 2019 /home/travis/build/icyphy/ptII/ptolemy/actor/lib/test/auto/Select2.xml
----------------- Instantiating /home/travis/build/icyphy/ptII/ptolemy/actor/lib/test/auto/Select2.xml
1 ms. Memory: 516096K Free: 402543K (78%)
----------------- Invoking toplevel() on ptolemy.moml.MoMLSimpleApplication@7d0df74b
----------------- Done invoking toplevel() on ptolemy.moml.MoMLSimpleApplication@7d0df74b
reloadAllAccessors: .Select2

===========================================================================================
----------------- testing Thu Oct 10 18:45:08 UTC 2019 /home/travis/build/icyphy/ptII/ptolemy/actor/lib/test/auto/SequenceToArray2.xml
----------------- Instantiating /home/travis/build/icyphy/ptII/ptolemy/actor/lib/test/auto/SequenceToArray2.xml
95 ms. Memory: 516096K Free: 378481K (73%)
----------------- Invoking toplevel() on ptolemy.moml.MoMLSimpleApplication@7d68ce4a
----------------- Done invoking toplevel() on ptolemy.moml.MoMLSimpleApplication@7d68ce4a
reloadAllAccessors: .SequenceToArray2

===========================================================================================
----------------- testing Thu Oct 10 18:45:08 UTC 2019 /home/travis/build/icyphy/ptII/ptolemy/actor/lib/test/auto/SequentialClock.xml
----------------- Instantiating /home/travis/build/icyphy/ptII/ptolemy/actor/lib/test/auto/SequentialClock.xml
1 ms. Memory: 516096K Free: 374385K (73%)
----------------- Invoking toplevel() on ptolemy.moml.MoMLSimpleApplication@4a4d7db7
----------------- Done invoking toplevel() on ptolemy.moml.MoMLSimpleApplication@4a4d7db7
reloadAllAccessors: .SequentialClock

===========================================================================================
----------------- testing Thu Oct 10 18:45:08 UTC 2019 /home/travis/build/icyphy/ptII/ptolemy/actor/lib/test/auto/SetVariable.xml
----------------- Instantiating /home/travis/build/icyphy/ptII/ptolemy/actor/lib/test/auto/SetVariable.xml
3 ms. Memory: 516096K Free: 369775K (72%)
----------------- Invoking toplevel() on ptolemy.moml.MoMLSimpleApplication@6d3026a8
----------------- Done invoking toplevel() on ptolemy.moml.MoMLSimpleApplication@6d3026a8
reloadAllAccessors: .SetVariable

===========================================================================================
----------------- testing Thu Oct 10 18:45:08 UTC 2019 /home/travis/build/icyphy/ptII/ptolemy/actor/lib/test/auto/SetVariable2.xml
----------------- Instantiating /home/travis/build/icyphy/ptII/ptolemy/actor/lib/test/auto/SetVariable2.xml
3 ms. Memory: 516096K Free: 364145K (71%)
----------------- Invoking toplevel() on ptolemy.moml.MoMLSimpleApplication@edd71f0
----------------- Done invoking toplevel() on ptolemy.moml.MoMLSimpleApplication@edd71f0
reloadAllAccessors: .SetVariable2

===========================================================================================
----------------- testing Thu Oct 10 18:45:08 UTC 2019 /home/travis/build/icyphy/ptII/ptolemy/actor/lib/test/auto/SetVariable3.xml
----------------- Instantiating /home/travis/build/icyphy/ptII/ptolemy/actor/lib/test/auto/SetVariable3.xml
6 ms. Memory: 516096K Free: 359025K (70%)
----------------- Invoking toplevel() on ptolemy.moml.MoMLSimpleApplication@6737542c
----------------- Done invoking toplevel() on ptolemy.moml.MoMLSimpleApplication@6737542c
reloadAllAccessors: .SetVariable3

===========================================================================================
----------------- testing Thu Oct 10 18:45:08 UTC 2019 /home/travis/build/icyphy/ptII/ptolemy/actor/lib/test/auto/SetVariable4.xml
----------------- Instantiating /home/travis/build/icyphy/ptII/ptolemy/actor/lib/test/auto/SetVariable4.xml
15 ms. Memory: 516096K Free: 349807K (68%)
----------------- Invoking toplevel() on ptolemy.moml.MoMLSimpleApplication@5dad9976
----------------- Done invoking toplevel() on ptolemy.moml.MoMLSimpleApplication@5dad9976
reloadAllAccessors: .SetVariable4

===========================================================================================
----------------- testing Thu Oct 10 18:45:08 UTC 2019 /home/travis/build/icyphy/ptII/ptolemy/actor/lib/test/auto/SetVariable5.xml
----------------- Instantiating /home/travis/build/icyphy/ptII/ptolemy/actor/lib/test/auto/SetVariable5.xml
18 ms. Memory: 516096K Free: 340593K (66%)
----------------- Invoking toplevel() on ptolemy.moml.MoMLSimpleApplication@3a19007a
----------------- Done invoking toplevel() on ptolemy.moml.MoMLSimpleApplication@3a19007a
reloadAllAccessors: .SetVariable5

===========================================================================================
----------------- testing Thu Oct 10 18:45:08 UTC 2019 /home/travis/build/icyphy/ptII/ptolemy/actor/lib/test/auto/Sinewave.xml
----------------- Instantiating /home/travis/build/icyphy/ptII/ptolemy/actor/lib/test/auto/Sinewave.xml
4 ms. Memory: 516096K Free: 330353K (64%)
----------------- Invoking toplevel() on ptolemy.moml.MoMLSimpleApplication@22aeb2fa
----------------- Done invoking toplevel() on ptolemy.moml.MoMLSimpleApplication@22aeb2fa
reloadAllAccessors: .Sinewave

===========================================================================================
----------------- testing Thu Oct 10 18:45:08 UTC 2019 /home/travis/build/icyphy/ptII/ptolemy/actor/lib/test/auto/Sinewave2.xml
----------------- Instantiating /home/travis/build/icyphy/ptII/ptolemy/actor/lib/test/auto/Sinewave2.xml
4 ms. Memory: 516096K Free: 322161K (62%)
----------------- Invoking toplevel() on ptolemy.moml.MoMLSimpleApplication@6469fac0
----------------- Done invoking toplevel() on ptolemy.moml.MoMLSimpleApplication@6469fac0
reloadAllAccessors: .Sinewave2

===========================================================================================
----------------- testing Thu Oct 10 18:45:08 UTC 2019 /home/travis/build/icyphy/ptII/ptolemy/actor/lib/test/auto/Sinewave3.xml
----------------- Instantiating /home/travis/build/icyphy/ptII/ptolemy/actor/lib/test/auto/Sinewave3.xml
16 ms. Memory: 516096K Free: 313967K (61%)
----------------- Invoking toplevel() on ptolemy.moml.MoMLSimpleApplication@685b9b43
----------------- Done invoking toplevel() on ptolemy.moml.MoMLSimpleApplication@685b9b43
reloadAllAccessors: .Sinewave3

===========================================================================================
----------------- testing Thu Oct 10 18:45:08 UTC 2019 /home/travis/build/icyphy/ptII/ptolemy/actor/lib/test/auto/SingleEvent.xml
----------------- Instantiating /home/travis/build/icyphy/ptII/ptolemy/actor/lib/test/auto/SingleEvent.xml
1 ms. Memory: 516096K Free: 309359K (60%)
----------------- Invoking toplevel() on ptolemy.moml.MoMLSimpleApplication@319eb9fe
----------------- Done invoking toplevel() on ptolemy.moml.MoMLSimpleApplication@319eb9fe
reloadAllAccessors: .SingleEvent

===========================================================================================
----------------- testing Thu Oct 10 18:45:08 UTC 2019 /home/travis/build/icyphy/ptII/ptolemy/actor/lib/test/auto/Sleep.xml
----------------- Instantiating /home/travis/build/icyphy/ptII/ptolemy/actor/lib/test/auto/Sleep.xml
6003 ms. Memory: 516096K Free: 303215K (59%)
----------------- Invoking toplevel() on ptolemy.moml.MoMLSimpleApplication@20b48935
----------------- Done invoking toplevel() on ptolemy.moml.MoMLSimpleApplication@20b48935
reloadAllAccessors: .Sleep

===========================================================================================
----------------- testing Thu Oct 10 18:45:14 UTC 2019 /home/travis/build/icyphy/ptII/ptolemy/actor/lib/test/auto/SleepMultipleFire.xml
----------------- Instantiating /home/travis/build/icyphy/ptII/ptolemy/actor/lib/test/auto/SleepMultipleFire.xml
1005 ms. Memory: 516096K Free: 297585K (58%)
----------------- Invoking toplevel() on ptolemy.moml.MoMLSimpleApplication@7511ce
----------------- Done invoking toplevel() on ptolemy.moml.MoMLSimpleApplication@7511ce
reloadAllAccessors: .SleepMultipleFire

===========================================================================================
----------------- testing Thu Oct 10 18:45:15 UTC 2019 /home/travis/build/icyphy/ptII/ptolemy/actor/lib/test/auto/StopDE.xml
----------------- Instantiating /home/travis/build/icyphy/ptII/ptolemy/actor/lib/test/auto/StopDE.xml
3 ms. Memory: 516096K Free: 291441K (56%)
----------------- Invoking toplevel() on ptolemy.moml.MoMLSimpleApplication@69936b0b
----------------- Done invoking toplevel() on ptolemy.moml.MoMLSimpleApplication@69936b0b
reloadAllAccessors: .StopDE

===========================================================================================
----------------- testing Thu Oct 10 18:45:15 UTC 2019 /home/travis/build/icyphy/ptII/ptolemy/actor/lib/test/auto/StopSDF.xml
----------------- Instantiating /home/travis/build/icyphy/ptII/ptolemy/actor/lib/test/auto/StopSDF.xml
3 ms. Memory: 516096K Free: 286321K (55%)
----------------- Invoking toplevel() on ptolemy.moml.MoMLSimpleApplication@20cc2814
----------------- Done invoking toplevel() on ptolemy.moml.MoMLSimpleApplication@20cc2814
reloadAllAccessors: .StopSDF

===========================================================================================
----------------- testing Thu Oct 10 18:45:15 UTC 2019 /home/travis/build/icyphy/ptII/ptolemy/actor/lib/test/auto/StringConstant.xml
----------------- Instantiating /home/travis/build/icyphy/ptII/ptolemy/actor/lib/test/auto/StringConstant.xml
12 ms. Memory: 516096K Free: 282225K (55%)
----------------- Invoking toplevel() on ptolemy.moml.MoMLSimpleApplication@598a0bbb
----------------- Done invoking toplevel() on ptolemy.moml.MoMLSimpleApplication@598a0bbb
reloadAllAccessors: .StringConstant

===========================================================================================
----------------- testing Thu Oct 10 18:45:15 UTC 2019 /home/travis/build/icyphy/ptII/ptolemy/actor/lib/test/auto/SubscriberPortInitialValues1.xml
----------------- Instantiating /home/travis/build/icyphy/ptII/ptolemy/actor/lib/test/auto/SubscriberPortInitialValues1.xml
11 ms. Memory: 516096K Free: 273519K (53%)
----------------- Invoking toplevel() on ptolemy.moml.MoMLSimpleApplication@3edbd363
----------------- Done invoking toplevel() on ptolemy.moml.MoMLSimpleApplication@3edbd363
reloadAllAccessors: .SubscriberPortInitialValues1

===========================================================================================
----------------- testing Thu Oct 10 18:45:15 UTC 2019 /home/travis/build/icyphy/ptII/ptolemy/actor/lib/test/auto/SubscriberPortInitialValues13.xml
----------------- Instantiating /home/travis/build/icyphy/ptII/ptolemy/actor/lib/test/auto/SubscriberPortInitialValues13.xml
6 ms. Memory: 516096K Free: 260207K (50%)
----------------- Invoking toplevel() on ptolemy.moml.MoMLSimpleApplication@1d1c8fb4
----------------- Done invoking toplevel() on ptolemy.moml.MoMLSimpleApplication@1d1c8fb4
reloadAllAccessors: .SubscriberPortInitialValues13

===========================================================================================
----------------- testing Thu Oct 10 18:45:15 UTC 2019 /home/travis/build/icyphy/ptII/ptolemy/actor/lib/test/auto/SubscriberPortInitialValues14.xml
----------------- Instantiating /home/travis/build/icyphy/ptII/ptolemy/actor/lib/test/auto/SubscriberPortInitialValues14.xml
6 ms. Memory: 516096K Free: 252529K (49%)
----------------- Invoking toplevel() on ptolemy.moml.MoMLSimpleApplication@7c55223b
----------------- Done invoking toplevel() on ptolemy.moml.MoMLSimpleApplication@7c55223b
reloadAllAccessors: .SubscriberPortInitialValues14

===========================================================================================
----------------- testing Thu Oct 10 18:45:15 UTC 2019 /home/travis/build/icyphy/ptII/ptolemy/actor/lib/test/auto/SubscriberPortInitialValues2.xml
----------------- Instantiating /home/travis/build/icyphy/ptII/ptolemy/actor/lib/test/auto/SubscriberPortInitialValues2.xml
5 ms. Memory: 516096K Free: 244847K (47%)
----------------- Invoking toplevel() on ptolemy.moml.MoMLSimpleApplication@4347359
----------------- Done invoking toplevel() on ptolemy.moml.MoMLSimpleApplication@4347359
reloadAllAccessors: .SubscriberPortInitialValues2

===========================================================================================
----------------- testing Thu Oct 10 18:45:15 UTC 2019 /home/travis/build/icyphy/ptII/ptolemy/actor/lib/test/auto/SubscriberPortInitialValues3.xml
----------------- Instantiating /home/travis/build/icyphy/ptII/ptolemy/actor/lib/test/auto/SubscriberPortInitialValues3.xml
4 ms. Memory: 516096K Free: 234097K (45%)
----------------- Invoking toplevel() on ptolemy.moml.MoMLSimpleApplication@2be3b8c2
----------------- Done invoking toplevel() on ptolemy.moml.MoMLSimpleApplication@2be3b8c2
reloadAllAccessors: .SubscriberPortInitialValues3

===========================================================================================
----------------- testing Thu Oct 10 18:45:15 UTC 2019 /home/travis/build/icyphy/ptII/ptolemy/actor/lib/test/auto/SubscriptionAggregator.xml
----------------- Instantiating /home/travis/build/icyphy/ptII/ptolemy/actor/lib/test/auto/SubscriptionAggregator.xml
3 ms. Memory: 516096K Free: 227425K (44%)
----------------- Invoking toplevel() on ptolemy.moml.MoMLSimpleApplication@17da6726
----------------- Done invoking toplevel() on ptolemy.moml.MoMLSimpleApplication@17da6726
reloadAllAccessors: .SubscriptionAggregator

===========================================================================================
----------------- testing Thu Oct 10 18:45:15 UTC 2019 /home/travis/build/icyphy/ptII/ptolemy/actor/lib/test/auto/SubscriptionAggregator2.xml
----------------- Instantiating /home/travis/build/icyphy/ptII/ptolemy/actor/lib/test/auto/SubscriptionAggregator2.xml
2 ms. Memory: 516096K Free: 220785K (43%)
----------------- Invoking toplevel() on ptolemy.moml.MoMLSimpleApplication@15106249
----------------- Done invoking toplevel() on ptolemy.moml.MoMLSimpleApplication@15106249
reloadAllAccessors: .SubscriptionAggregator2

===========================================================================================
----------------- testing Thu Oct 10 18:45:15 UTC 2019 /home/travis/build/icyphy/ptII/ptolemy/actor/lib/test/auto/SubscriptionAggregator3.xml
----------------- Instantiating /home/travis/build/icyphy/ptII/ptolemy/actor/lib/test/auto/SubscriptionAggregator3.xml
5 ms. Memory: 516096K Free: 212079K (41%)
----------------- Invoking toplevel() on ptolemy.moml.MoMLSimpleApplication@6c11b0a8
----------------- Done invoking toplevel() on ptolemy.moml.MoMLSimpleApplication@6c11b0a8
reloadAllAccessors: .SubscriptionAggregator3

===========================================================================================
----------------- testing Thu Oct 10 18:45:15 UTC 2019 /home/travis/build/icyphy/ptII/ptolemy/actor/lib/test/auto/SubscriptionAggregatorMultiply.xml
----------------- Instantiating /home/travis/build/icyphy/ptII/ptolemy/actor/lib/test/auto/SubscriptionAggregatorMultiply.xml
3 ms. Memory: 516096K Free: 203881K (40%)
----------------- Invoking toplevel() on ptolemy.moml.MoMLSimpleApplication@577a889e
----------------- Done invoking toplevel() on ptolemy.moml.MoMLSimpleApplication@577a889e
reloadAllAccessors: .SubscriptionAggregatorMultiply

===========================================================================================
----------------- testing Thu Oct 10 18:45:16 UTC 2019 /home/travis/build/icyphy/ptII/ptolemy/actor/lib/test/auto/SubscriptionAggregatorPortMultiply1.xml
----------------- Instantiating /home/travis/build/icyphy/ptII/ptolemy/actor/lib/test/auto/SubscriptionAggregatorPortMultiply1.xml
4 ms. Memory: 516096K Free: 195695K (38%)
----------------- Invoking toplevel() on ptolemy.moml.MoMLSimpleApplication@46ffd34d
----------------- Done invoking toplevel() on ptolemy.moml.MoMLSimpleApplication@46ffd34d
reloadAllAccessors: .SubscriptionAggregatorPortMultiply1

===========================================================================================
----------------- testing Thu Oct 10 18:45:16 UTC 2019 /home/travis/build/icyphy/ptII/ptolemy/actor/lib/test/auto/Switch.xml
----------------- Instantiating /home/travis/build/icyphy/ptII/ptolemy/actor/lib/test/auto/Switch.xml
10 ms. Memory: 516096K Free: 187503K (36%)
----------------- Invoking toplevel() on ptolemy.moml.MoMLSimpleApplication@524fc00d
----------------- Done invoking toplevel() on ptolemy.moml.MoMLSimpleApplication@524fc00d
reloadAllAccessors: .Switch

===========================================================================================
----------------- testing Thu Oct 10 18:45:16 UTC 2019 /home/travis/build/icyphy/ptII/ptolemy/actor/lib/test/auto/Switch2.xml
----------------- Instantiating /home/travis/build/icyphy/ptII/ptolemy/actor/lib/test/auto/Switch2.xml
1 ms. Memory: 516096K Free: 182897K (35%)
----------------- Invoking toplevel() on ptolemy.moml.MoMLSimpleApplication@4256359f
----------------- Done invoking toplevel() on ptolemy.moml.MoMLSimpleApplication@4256359f
reloadAllAccessors: .Switch2

===========================================================================================
----------------- testing Thu Oct 10 18:45:16 UTC 2019 /home/travis/build/icyphy/ptII/ptolemy/actor/lib/test/auto/SwitchDE.xml
----------------- Instantiating /home/travis/build/icyphy/ptII/ptolemy/actor/lib/test/auto/SwitchDE.xml
4 ms. Memory: 516096K Free: 176753K (34%)
----------------- Invoking toplevel() on ptolemy.moml.MoMLSimpleApplication@7a031068
----------------- Done invoking toplevel() on ptolemy.moml.MoMLSimpleApplication@7a031068
reloadAllAccessors: .SwitchDE

===========================================================================================
----------------- testing Thu Oct 10 18:45:16 UTC 2019 /home/travis/build/icyphy/ptII/ptolemy/actor/lib/test/auto/SynchronizerDE.xml
----------------- Instantiating /home/travis/build/icyphy/ptII/ptolemy/actor/lib/test/auto/SynchronizerDE.xml
7 ms. Memory: 516096K Free: 168561K (33%)
----------------- Invoking toplevel() on ptolemy.moml.MoMLSimpleApplication@7e02d943
----------------- Done invoking toplevel() on ptolemy.moml.MoMLSimpleApplication@7e02d943
reloadAllAccessors: .SynchronizerDE

===========================================================================================
----------------- testing Thu Oct 10 18:45:16 UTC 2019 /home/travis/build/icyphy/ptII/ptolemy/actor/lib/test/auto/Test.xml
----------------- Instantiating /home/travis/build/icyphy/ptII/ptolemy/actor/lib/test/auto/Test.xml
2 ms. Memory: 516096K Free: 462449K (90%)
----------------- Invoking toplevel() on ptolemy.moml.MoMLSimpleApplication@30f0cbd6
----------------- Done invoking toplevel() on ptolemy.moml.MoMLSimpleApplication@30f0cbd6
reloadAllAccessors: .Test

===========================================================================================
----------------- testing Thu Oct 10 18:45:16 UTC 2019 /home/travis/build/icyphy/ptII/ptolemy/actor/lib/test/auto/TestExceptionAttribute1.xml
----------------- Instantiating /home/travis/build/icyphy/ptII/ptolemy/actor/lib/test/auto/TestExceptionAttribute1.xml
1 ms. Memory: 516096K Free: 458353K (89%)
----------------- Invoking toplevel() on ptolemy.moml.MoMLSimpleApplication@6720f63d
----------------- Done invoking toplevel() on ptolemy.moml.MoMLSimpleApplication@6720f63d
reloadAllAccessors: .TestExceptionAttribute1

===========================================================================================
----------------- testing Thu Oct 10 18:45:16 UTC 2019 /home/travis/build/icyphy/ptII/ptolemy/actor/lib/test/auto/TestExceptionAttribute2.xml
----------------- Instantiating /home/travis/build/icyphy/ptII/ptolemy/actor/lib/test/auto/TestExceptionAttribute2.xml
1 ms. Memory: 516096K Free: 454767K (88%)
----------------- Invoking toplevel() on ptolemy.moml.MoMLSimpleApplication@716b0944
----------------- Done invoking toplevel() on ptolemy.moml.MoMLSimpleApplication@716b0944
reloadAllAccessors: .TestExceptionAttribute2

===========================================================================================
----------------- testing Thu Oct 10 18:45:16 UTC 2019 /home/travis/build/icyphy/ptII/ptolemy/actor/lib/test/auto/TestExceptionAttribute3.xml
----------------- Instantiating /home/travis/build/icyphy/ptII/ptolemy/actor/lib/test/auto/TestExceptionAttribute3.xml
.TestExceptionAttribute3.TestExceptionAttribute: initialize() was not invoked, but wrapup() was.  This is unusual, but not always a problem.  For example, exporting JNLP will do this.
0 ms. Memory: 516096K Free: 451185K (87%)
----------------- Invoking toplevel() on ptolemy.moml.MoMLSimpleApplication@549521bb
----------------- Done invoking toplevel() on ptolemy.moml.MoMLSimpleApplication@549521bb
reloadAllAccessors: .TestExceptionAttribute3

===========================================================================================
----------------- testing Thu Oct 10 18:45:16 UTC 2019 /home/travis/build/icyphy/ptII/ptolemy/actor/lib/test/auto/TestExceptionAttribute4.xml
----------------- Instantiating /home/travis/build/icyphy/ptII/ptolemy/actor/lib/test/auto/TestExceptionAttribute4.xml
.TestExceptionAttribute4.TestExceptionAttribute: initialize() was not invoked, but wrapup() was.  This is unusual, but not always a problem.  For example, exporting JNLP will do this.
.TestExceptionAttribute4.TestExceptionAttribute2: initialize() was not invoked, but wrapup() was.  This is unusual, but not always a problem.  For example, exporting JNLP will do this.
0 ms. Memory: 516096K Free: 447089K (87%)
----------------- Invoking toplevel() on ptolemy.moml.MoMLSimpleApplication@36cddfa
----------------- Done invoking toplevel() on ptolemy.moml.MoMLSimpleApplication@36cddfa
reloadAllAccessors: .TestExceptionAttribute4

===========================================================================================
----------------- testing Thu Oct 10 18:45:16 UTC 2019 /home/travis/build/icyphy/ptII/ptolemy/actor/lib/test/auto/TestExceptionHandler1.xml
----------------- Instantiating /home/travis/build/icyphy/ptII/ptolemy/actor/lib/test/auto/TestExceptionHandler1.xml
1 ms. Memory: 516096K Free: 443503K (86%)
----------------- Invoking toplevel() on ptolemy.moml.MoMLSimpleApplication@6633df56
----------------- Done invoking toplevel() on ptolemy.moml.MoMLSimpleApplication@6633df56
reloadAllAccessors: .TestExceptionHandler1

===========================================================================================
----------------- testing Thu Oct 10 18:45:16 UTC 2019 /home/travis/build/icyphy/ptII/ptolemy/actor/lib/test/auto/TestExceptionHandler2.xml
----------------- Instantiating /home/travis/build/icyphy/ptII/ptolemy/actor/lib/test/auto/TestExceptionHandler2.xml
2 ms. Memory: 516096K Free: 439921K (85%)
----------------- Invoking toplevel() on ptolemy.moml.MoMLSimpleApplication@42adafff
----------------- Done invoking toplevel() on ptolemy.moml.MoMLSimpleApplication@42adafff
reloadAllAccessors: .TestExceptionHandler2

===========================================================================================
----------------- testing Thu Oct 10 18:45:16 UTC 2019 /home/travis/build/icyphy/ptII/ptolemy/actor/lib/test/auto/TestExceptionHandler3.xml
----------------- Instantiating /home/travis/build/icyphy/ptII/ptolemy/actor/lib/test/auto/TestExceptionHandler3.xml
1 ms. Memory: 516096K Free: 436335K (85%)
----------------- Invoking toplevel() on ptolemy.moml.MoMLSimpleApplication@44e7db5d
----------------- Done invoking toplevel() on ptolemy.moml.MoMLSimpleApplication@44e7db5d
reloadAllAccessors: .TestExceptionHandler3

===========================================================================================
----------------- testing Thu Oct 10 18:45:16 UTC 2019 /home/travis/build/icyphy/ptII/ptolemy/actor/lib/test/auto/TestExceptionHandler4.xml
----------------- Instantiating /home/travis/build/icyphy/ptII/ptolemy/actor/lib/test/auto/TestExceptionHandler4.xml
1 ms. Memory: 516096K Free: 432239K (84%)
----------------- Invoking toplevel() on ptolemy.moml.MoMLSimpleApplication@5a97e52f
----------------- Done invoking toplevel() on ptolemy.moml.MoMLSimpleApplication@5a97e52f
reloadAllAccessors: .TestExceptionHandler4

===========================================================================================
----------------- testing Thu Oct 10 18:45:16 UTC 2019 /home/travis/build/icyphy/ptII/ptolemy/actor/lib/test/auto/TestRequireCorrectOrder.xml
----------------- Instantiating /home/travis/build/icyphy/ptII/ptolemy/actor/lib/test/auto/TestRequireCorrectOrder.xml
10 ms. Memory: 516096K Free: 427105K (83%)
----------------- Invoking toplevel() on ptolemy.moml.MoMLSimpleApplication@6e3dbab3
----------------- Done invoking toplevel() on ptolemy.moml.MoMLSimpleApplication@6e3dbab3
reloadAllAccessors: .TestRequireCorrectOrder

===========================================================================================
----------------- testing Thu Oct 10 18:45:16 UTC 2019 /home/travis/build/icyphy/ptII/ptolemy/actor/lib/test/auto/TestSimple.xml
----------------- Instantiating /home/travis/build/icyphy/ptII/ptolemy/actor/lib/test/auto/TestSimple.xml
2 ms. Memory: 516096K Free: 421993K (82%)
----------------- Invoking toplevel() on ptolemy.moml.MoMLSimpleApplication@5b0c704e
----------------- Done invoking toplevel() on ptolemy.moml.MoMLSimpleApplication@5b0c704e
reloadAllAccessors: .TestSimple

===========================================================================================
----------------- testing Thu Oct 10 18:45:16 UTC 2019 /home/travis/build/icyphy/ptII/ptolemy/actor/lib/test/auto/ThrowModelError.xml
----------------- Instantiating /home/travis/build/icyphy/ptII/ptolemy/actor/lib/test/auto/ThrowModelError.xml
1 ms. Memory: 516096K Free: 417393K (81%)
----------------- Invoking toplevel() on ptolemy.moml.MoMLSimpleApplication@142fbdd8
----------------- Done invoking toplevel() on ptolemy.moml.MoMLSimpleApplication@142fbdd8
reloadAllAccessors: .ThrowModelError

===========================================================================================
----------------- testing Thu Oct 10 18:45:16 UTC 2019 /home/travis/build/icyphy/ptII/ptolemy/actor/lib/test/auto/TimeDelayMicrosteps.xml
----------------- Instantiating /home/travis/build/icyphy/ptII/ptolemy/actor/lib/test/auto/TimeDelayMicrosteps.xml
3 ms. Memory: 516096K Free: 410729K (80%)
----------------- Invoking toplevel() on ptolemy.moml.MoMLSimpleApplication@192d970d
----------------- Done invoking toplevel() on ptolemy.moml.MoMLSimpleApplication@192d970d
reloadAllAccessors: .TimeDelayMicrosteps

===========================================================================================
----------------- testing Thu Oct 10 18:45:16 UTC 2019 /home/travis/build/icyphy/ptII/ptolemy/actor/lib/test/auto/TimeDelayMicrosteps2.xml
----------------- Instantiating /home/travis/build/icyphy/ptII/ptolemy/actor/lib/test/auto/TimeDelayMicrosteps2.xml
4 ms. Memory: 516096K Free: 403537K (78%)
----------------- Invoking toplevel() on ptolemy.moml.MoMLSimpleApplication@de90990
----------------- Done invoking toplevel() on ptolemy.moml.MoMLSimpleApplication@de90990
reloadAllAccessors: .TimeDelayMicrosteps2

===========================================================================================
----------------- testing Thu Oct 10 18:45:16 UTC 2019 /home/travis/build/icyphy/ptII/ptolemy/actor/lib/test/auto/TimeDelayMicrosteps3.xml
----------------- Instantiating /home/travis/build/icyphy/ptII/ptolemy/actor/lib/test/auto/TimeDelayMicrosteps3.xml
2 ms. Memory: 516096K Free: 396913K (77%)
----------------- Invoking toplevel() on ptolemy.moml.MoMLSimpleApplication@3acf70b9
----------------- Done invoking toplevel() on ptolemy.moml.MoMLSimpleApplication@3acf70b9
reloadAllAccessors: .TimeDelayMicrosteps3

===========================================================================================
----------------- testing Thu Oct 10 18:45:16 UTC 2019 /home/travis/build/icyphy/ptII/ptolemy/actor/lib/test/auto/TimeDelayVariableMicrosteps.xml
----------------- Instantiating /home/travis/build/icyphy/ptII/ptolemy/actor/lib/test/auto/TimeDelayVariableMicrosteps.xml
3 ms. Memory: 516096K Free: 390252K (76%)
----------------- Invoking toplevel() on ptolemy.moml.MoMLSimpleApplication@23a4f1b4
----------------- Done invoking toplevel() on ptolemy.moml.MoMLSimpleApplication@23a4f1b4
reloadAllAccessors: .TimeDelayVariableMicrosteps

===========================================================================================
----------------- testing Thu Oct 10 18:45:16 UTC 2019 /home/travis/build/icyphy/ptII/ptolemy/actor/lib/test/auto/TimeGap.xml
----------------- Instantiating /home/travis/build/icyphy/ptII/ptolemy/actor/lib/test/auto/TimeGap.xml
4 ms. Memory: 516096K Free: 385105K (75%)
----------------- Invoking toplevel() on ptolemy.moml.MoMLSimpleApplication@120d86d5
----------------- Done invoking toplevel() on ptolemy.moml.MoMLSimpleApplication@120d86d5
reloadAllAccessors: .TimeGap

===========================================================================================
----------------- testing Thu Oct 10 18:45:16 UTC 2019 /home/travis/build/icyphy/ptII/ptolemy/actor/lib/test/auto/TimeGap2.xml
----------------- Instantiating /home/travis/build/icyphy/ptII/ptolemy/actor/lib/test/auto/TimeGap2.xml
2 ms. Memory: 516096K Free: 378961K (73%)
----------------- Invoking toplevel() on ptolemy.moml.MoMLSimpleApplication@4cc5c442
----------------- Done invoking toplevel() on ptolemy.moml.MoMLSimpleApplication@4cc5c442
reloadAllAccessors: .TimeGap2

===========================================================================================
----------------- testing Thu Oct 10 18:45:16 UTC 2019 /home/travis/build/icyphy/ptII/ptolemy/actor/lib/test/auto/TimedSinewave.xml
----------------- Instantiating /home/travis/build/icyphy/ptII/ptolemy/actor/lib/test/auto/TimedSinewave.xml
23 ms. Memory: 516096K Free: 365169K (71%)
----------------- Invoking toplevel() on ptolemy.moml.MoMLSimpleApplication@4f1d0d59
----------------- Done invoking toplevel() on ptolemy.moml.MoMLSimpleApplication@4f1d0d59
reloadAllAccessors: .TimedSinewave

===========================================================================================
----------------- testing Thu Oct 10 18:45:16 UTC 2019 /home/travis/build/icyphy/ptII/ptolemy/actor/lib/test/auto/TimedSinewavePhase.xml
----------------- Instantiating /home/travis/build/icyphy/ptII/ptolemy/actor/lib/test/auto/TimedSinewavePhase.xml
12 ms. Memory: 516096K Free: 355439K (69%)
----------------- Invoking toplevel() on ptolemy.moml.MoMLSimpleApplication@72f8dbb5
----------------- Done invoking toplevel() on ptolemy.moml.MoMLSimpleApplication@72f8dbb5
reloadAllAccessors: .TimedSinewavePhase

===========================================================================================
----------------- testing Thu Oct 10 18:45:16 UTC 2019 /home/travis/build/icyphy/ptII/ptolemy/actor/lib/test/auto/Timer.xml
----------------- Instantiating /home/travis/build/icyphy/ptII/ptolemy/actor/lib/test/auto/Timer.xml
2 ms. Memory: 516096K Free: 349809K (68%)
----------------- Invoking toplevel() on ptolemy.moml.MoMLSimpleApplication@236ccd93
----------------- Done invoking toplevel() on ptolemy.moml.MoMLSimpleApplication@236ccd93
reloadAllAccessors: .Timer

===========================================================================================
----------------- testing Thu Oct 10 18:45:16 UTC 2019 /home/travis/build/icyphy/ptII/ptolemy/actor/lib/test/auto/TriangularDistTestModel.xml
----------------- Instantiating /home/travis/build/icyphy/ptII/ptolemy/actor/lib/test/auto/TriangularDistTestModel.xml
2 ms. Memory: 516096K Free: 344161K (67%)
----------------- Invoking toplevel() on ptolemy.moml.MoMLSimpleApplication@558c47cd
----------------- Done invoking toplevel() on ptolemy.moml.MoMLSimpleApplication@558c47cd
reloadAllAccessors: .TriangularDistTestModel

===========================================================================================
----------------- testing Thu Oct 10 18:45:16 UTC 2019 /home/travis/build/icyphy/ptII/ptolemy/actor/lib/test/auto/TrigFunction.xml
----------------- Instantiating /home/travis/build/icyphy/ptII/ptolemy/actor/lib/test/auto/TrigFunction.xml
1 ms. Memory: 516096K Free: 339055K (66%)
----------------- Invoking toplevel() on ptolemy.moml.MoMLSimpleApplication@7828cc6f
----------------- Done invoking toplevel() on ptolemy.moml.MoMLSimpleApplication@7828cc6f
reloadAllAccessors: .TrigFunction

===========================================================================================
----------------- testing Thu Oct 10 18:45:16 UTC 2019 /home/travis/build/icyphy/ptII/ptolemy/actor/lib/test/auto/TrigFunctionDE.xml
----------------- Instantiating /home/travis/build/icyphy/ptII/ptolemy/actor/lib/test/auto/TrigFunctionDE.xml
2 ms. Memory: 516096K Free: 332911K (65%)
----------------- Invoking toplevel() on ptolemy.moml.MoMLSimpleApplication@431a8ef6
----------------- Done invoking toplevel() on ptolemy.moml.MoMLSimpleApplication@431a8ef6
reloadAllAccessors: .TrigFunctionDE

===========================================================================================
----------------- testing Thu Oct 10 18:45:16 UTC 2019 /home/travis/build/icyphy/ptII/ptolemy/actor/lib/test/auto/TrigFunctionInverse.xml
----------------- Instantiating /home/travis/build/icyphy/ptII/ptolemy/actor/lib/test/auto/TrigFunctionInverse.xml
1 ms. Memory: 516096K Free: 327791K (64%)
----------------- Invoking toplevel() on ptolemy.moml.MoMLSimpleApplication@75974bc1
----------------- Done invoking toplevel() on ptolemy.moml.MoMLSimpleApplication@75974bc1
reloadAllAccessors: .TrigFunctionInverse

===========================================================================================
----------------- testing Thu Oct 10 18:45:16 UTC 2019 /home/travis/build/icyphy/ptII/ptolemy/actor/lib/test/auto/TrigFunctionTan.xml
----------------- Instantiating /home/travis/build/icyphy/ptII/ptolemy/actor/lib/test/auto/TrigFunctionTan.xml
2 ms. Memory: 516096K Free: 323185K (63%)
----------------- Invoking toplevel() on ptolemy.moml.MoMLSimpleApplication@4e1ae10d
----------------- Done invoking toplevel() on ptolemy.moml.MoMLSimpleApplication@4e1ae10d
reloadAllAccessors: .TrigFunctionTan

===========================================================================================
----------------- testing Thu Oct 10 18:45:16 UTC 2019 /home/travis/build/icyphy/ptII/ptolemy/actor/lib/test/auto/TriggeredClock.xml
----------------- Instantiating /home/travis/build/icyphy/ptII/ptolemy/actor/lib/test/auto/TriggeredClock.xml
1 ms. Memory: 516096K Free: 318065K (62%)
----------------- Invoking toplevel() on ptolemy.moml.MoMLSimpleApplication@69803177
----------------- Done invoking toplevel() on ptolemy.moml.MoMLSimpleApplication@69803177
reloadAllAccessors: .TriggeredClock

===========================================================================================
----------------- testing Thu Oct 10 18:45:16 UTC 2019 /home/travis/build/icyphy/ptII/ptolemy/actor/lib/test/auto/URLDirectoryReader.xml
----------------- Instantiating /home/travis/build/icyphy/ptII/ptolemy/actor/lib/test/auto/URLDirectoryReader.xml
30 ms. Memory: 516096K Free: 308849K (60%)
----------------- Invoking toplevel() on ptolemy.moml.MoMLSimpleApplication@4a25b4c3
----------------- Done invoking toplevel() on ptolemy.moml.MoMLSimpleApplication@4a25b4c3
reloadAllAccessors: .URLDirectoryReader

===========================================================================================
----------------- testing Thu Oct 10 18:45:16 UTC 2019 /home/travis/build/icyphy/ptII/ptolemy/actor/lib/test/auto/URLDirectoryReader3.xml
----------------- Instantiating /home/travis/build/icyphy/ptII/ptolemy/actor/lib/test/auto/URLDirectoryReader3.xml

===========================================================================================
----------------- testing Thu Oct 10 18:45:16 UTC 2019 /home/travis/build/icyphy/ptII/ptolemy/actor/lib/test/auto/UnaryMathFunction.xml
----------------- Instantiating /home/travis/build/icyphy/ptII/ptolemy/actor/lib/test/auto/UnaryMathFunction.xml
2 ms. Memory: 516096K Free: 298095K (58%)
----------------- Invoking toplevel() on ptolemy.moml.MoMLSimpleApplication@4ea96872
----------------- Done invoking toplevel() on ptolemy.moml.MoMLSimpleApplication@4ea96872
reloadAllAccessors: .UnaryMathFunction

===========================================================================================
----------------- testing Thu Oct 10 18:45:16 UTC 2019 /home/travis/build/icyphy/ptII/ptolemy/actor/lib/test/auto/Uniform.xml
----------------- Instantiating /home/travis/build/icyphy/ptII/ptolemy/actor/lib/test/auto/Uniform.xml
4 ms. Memory: 516096K Free: 293489K (57%)
----------------- Invoking toplevel() on ptolemy.moml.MoMLSimpleApplication@7a17551b
----------------- Done invoking toplevel() on ptolemy.moml.MoMLSimpleApplication@7a17551b
reloadAllAccessors: .Uniform

===========================================================================================
----------------- testing Thu Oct 10 18:45:16 UTC 2019 /home/travis/build/icyphy/ptII/ptolemy/actor/lib/test/auto/UnionDisassemblerTest.xml
----------------- Instantiating /home/travis/build/icyphy/ptII/ptolemy/actor/lib/test/auto/UnionDisassemblerTest.xml
15 ms. Memory: 516096K Free: 289889K (56%)
----------------- Invoking toplevel() on ptolemy.moml.MoMLSimpleApplication@7c015bbc
----------------- Done invoking toplevel() on ptolemy.moml.MoMLSimpleApplication@7c015bbc
reloadAllAccessors: .UnionDisassemblerTest

===========================================================================================
----------------- testing Thu Oct 10 18:45:16 UTC 2019 /home/travis/build/icyphy/ptII/ptolemy/actor/lib/test/auto/UtilityFunctions.xml
----------------- Instantiating /home/travis/build/icyphy/ptII/ptolemy/actor/lib/test/auto/UtilityFunctions.xml
4 ms. Memory: 516096K Free: 285807K (55%)
----------------- Invoking toplevel() on ptolemy.moml.MoMLSimpleApplication@8848bbd
----------------- Done invoking toplevel() on ptolemy.moml.MoMLSimpleApplication@8848bbd
reloadAllAccessors: .UtilityFunctions

===========================================================================================
----------------- testing Thu Oct 10 18:45:16 UTC 2019 /home/travis/build/icyphy/ptII/ptolemy/actor/lib/test/auto/VariableSleep.xml
----------------- Instantiating /home/travis/build/icyphy/ptII/ptolemy/actor/lib/test/auto/VariableSleep.xml
503 ms. Memory: 516096K Free: 280687K (54%)
----------------- Invoking toplevel() on ptolemy.moml.MoMLSimpleApplication@73743ca9
----------------- Done invoking toplevel() on ptolemy.moml.MoMLSimpleApplication@73743ca9
reloadAllAccessors: .VariableSleep

===========================================================================================
----------------- testing Thu Oct 10 18:45:17 UTC 2019 /home/travis/build/icyphy/ptII/ptolemy/actor/lib/test/auto/VectorAssemblerDisassemblerCT.xml
----------------- Instantiating /home/travis/build/icyphy/ptII/ptolemy/actor/lib/test/auto/VectorAssemblerDisassemblerCT.xml
79 ms. Memory: 516096K Free: 260204K (50%)
----------------- Invoking toplevel() on ptolemy.moml.MoMLSimpleApplication@3f0b1055
----------------- Done invoking toplevel() on ptolemy.moml.MoMLSimpleApplication@3f0b1055
reloadAllAccessors: .VectorAssemblerDisassemblerCT

===========================================================================================
----------------- testing Thu Oct 10 18:45:17 UTC 2019 /home/travis/build/icyphy/ptII/ptolemy/actor/lib/test/auto/VectorAssemblerDisassemblerDE.xml
----------------- Instantiating /home/travis/build/icyphy/ptII/ptolemy/actor/lib/test/auto/VectorAssemblerDisassemblerDE.xml
3 ms. Memory: 516096K Free: 253039K (49%)
----------------- Invoking toplevel() on ptolemy.moml.MoMLSimpleApplication@3b7fc032
----------------- Done invoking toplevel() on ptolemy.moml.MoMLSimpleApplication@3b7fc032
reloadAllAccessors: .VectorAssemblerDisassemblerDE

===========================================================================================
----------------- testing Thu Oct 10 18:45:17 UTC 2019 /home/travis/build/icyphy/ptII/ptolemy/actor/lib/test/auto/VectorAssemblerDisassemblerSDF.xml
----------------- Instantiating /home/travis/build/icyphy/ptII/ptolemy/actor/lib/test/auto/VectorAssemblerDisassemblerSDF.xml
2 ms. Memory: 516096K Free: 246895K (48%)
----------------- Invoking toplevel() on ptolemy.moml.MoMLSimpleApplication@4198ae59
----------------- Done invoking toplevel() on ptolemy.moml.MoMLSimpleApplication@4198ae59
reloadAllAccessors: .VectorAssemblerDisassemblerSDF

===========================================================================================
----------------- testing Thu Oct 10 18:45:17 UTC 2019 /home/travis/build/icyphy/ptII/ptolemy/actor/lib/test/auto/WallClockTime.xml
----------------- Instantiating /home/travis/build/icyphy/ptII/ptolemy/actor/lib/test/auto/WallClockTime.xml
1005 ms. Memory: 516096K Free: 241775K (47%)
----------------- Invoking toplevel() on ptolemy.moml.MoMLSimpleApplication@71c6c7e7
----------------- Done invoking toplevel() on ptolemy.moml.MoMLSimpleApplication@71c6c7e7
reloadAllAccessors: .WallClockTime

===========================================================================================
----------------- testing Thu Oct 10 18:45:18 UTC 2019 /home/travis/build/icyphy/ptII/ptolemy/actor/lib/test/auto/WidthTestWithSubscriberPublisher.xml
----------------- Instantiating /home/travis/build/icyphy/ptII/ptolemy/actor/lib/test/auto/WidthTestWithSubscriberPublisher.xml
10 ms. Memory: 516096K Free: 223857K (43%)
----------------- Invoking toplevel() on ptolemy.moml.MoMLSimpleApplication@380ae866
----------------- Done invoking toplevel() on ptolemy.moml.MoMLSimpleApplication@380ae866
reloadAllAccessors: .WidthTestWithSubscriberPublisher

===========================================================================================
----------------- testing Thu Oct 10 18:45:18 UTC 2019 /home/travis/build/icyphy/ptII/ptolemy/actor/lib/test/auto/WidthTestWithSubscriberPublisher2.xml
----------------- Instantiating /home/travis/build/icyphy/ptII/ptolemy/actor/lib/test/auto/WidthTestWithSubscriberPublisher2.xml
2 ms. Memory: 516096K Free: 217199K (42%)
----------------- Invoking toplevel() on ptolemy.moml.MoMLSimpleApplication@4a271df0
----------------- Done invoking toplevel() on ptolemy.moml.MoMLSimpleApplication@4a271df0
reloadAllAccessors: .WidthTestWithSubscriberPublisher2

===========================================================================================
----------------- testing Thu Oct 10 18:45:18 UTC 2019 /home/travis/build/icyphy/ptII/ptolemy/actor/lib/test/auto/WidthTestWithSubscriberPublisher3.xml
----------------- Instantiating /home/travis/build/icyphy/ptII/ptolemy/actor/lib/test/auto/WidthTestWithSubscriberPublisher3.xml
2 ms. Memory: 516096K Free: 211569K (41%)
----------------- Invoking toplevel() on ptolemy.moml.MoMLSimpleApplication@1b2ef9f
----------------- Done invoking toplevel() on ptolemy.moml.MoMLSimpleApplication@1b2ef9f
reloadAllAccessors: .WidthTestWithSubscriberPublisher3

===========================================================================================
----------------- testing Thu Oct 10 18:45:18 UTC 2019 /home/travis/build/icyphy/ptII/ptolemy/actor/lib/test/auto/Writer.xml
----------------- Instantiating /home/travis/build/icyphy/ptII/ptolemy/actor/lib/test/auto/Writer.xml
0
1
2
3
4
2 ms. Memory: 516096K Free: 207473K (40%)
----------------- Invoking toplevel() on ptolemy.moml.MoMLSimpleApplication@551912c9
----------------- Done invoking toplevel() on ptolemy.moml.MoMLSimpleApplication@551912c9
reloadAllAccessors: .Writer

===========================================================================================
----------------- testing Thu Oct 10 18:45:18 UTC 2019 /home/travis/build/icyphy/ptII/ptolemy/actor/lib/test/auto/array.xml
----------------- Instantiating /home/travis/build/icyphy/ptII/ptolemy/actor/lib/test/auto/array.xml
2 ms. Memory: 516096K Free: 202863K (39%)
----------------- Invoking toplevel() on ptolemy.moml.MoMLSimpleApplication@aea17b7
----------------- Done invoking toplevel() on ptolemy.moml.MoMLSimpleApplication@aea17b7
reloadAllAccessors: .array

===========================================================================================
----------------- testing Thu Oct 10 18:45:18 UTC 2019 /home/travis/build/icyphy/ptII/ptolemy/actor/lib/test/auto/array2.xml
----------------- Instantiating /home/travis/build/icyphy/ptII/ptolemy/actor/lib/test/auto/array2.xml
5 ms. Memory: 516096K Free: 198257K (38%)
----------------- Invoking toplevel() on ptolemy.moml.MoMLSimpleApplication@260b6eb4
----------------- Done invoking toplevel() on ptolemy.moml.MoMLSimpleApplication@260b6eb4
reloadAllAccessors: .array2

===========================================================================================
----------------- testing Thu Oct 10 18:45:18 UTC 2019 /home/travis/build/icyphy/ptII/ptolemy/actor/lib/test/auto/arrayType.xml
----------------- Instantiating /home/travis/build/icyphy/ptII/ptolemy/actor/lib/test/auto/arrayType.xml
1 ms. Memory: 516096K Free: 192623K (37%)
----------------- Invoking toplevel() on ptolemy.moml.MoMLSimpleApplication@5f5c0777
----------------- Done invoking toplevel() on ptolemy.moml.MoMLSimpleApplication@5f5c0777
reloadAllAccessors: .arrayType

===========================================================================================
----------------- testing Thu Oct 10 18:45:18 UTC 2019 /home/travis/build/icyphy/ptII/ptolemy/actor/lib/test/auto/arrayType10.xml
----------------- Instantiating /home/travis/build/icyphy/ptII/ptolemy/actor/lib/test/auto/arrayType10.xml
2 ms. Memory: 516096K Free: 188017K (36%)
----------------- Invoking toplevel() on ptolemy.moml.MoMLSimpleApplication@3dadc31
----------------- Done invoking toplevel() on ptolemy.moml.MoMLSimpleApplication@3dadc31
reloadAllAccessors: .arrayType10

===========================================================================================
----------------- testing Thu Oct 10 18:45:18 UTC 2019 /home/travis/build/icyphy/ptII/ptolemy/actor/lib/test/auto/arrayType11.xml
----------------- Instantiating /home/travis/build/icyphy/ptII/ptolemy/actor/lib/test/auto/arrayType11.xml
2 ms. Memory: 516096K Free: 183407K (36%)
----------------- Invoking toplevel() on ptolemy.moml.MoMLSimpleApplication@94b502c
----------------- Done invoking toplevel() on ptolemy.moml.MoMLSimpleApplication@94b502c
reloadAllAccessors: .arrayType11

===========================================================================================
----------------- testing Thu Oct 10 18:45:18 UTC 2019 /home/travis/build/icyphy/ptII/ptolemy/actor/lib/test/auto/arrayType12.xml
----------------- Instantiating /home/travis/build/icyphy/ptII/ptolemy/actor/lib/test/auto/arrayType12.xml
2 ms. Memory: 516096K Free: 178801K (35%)
----------------- Invoking toplevel() on ptolemy.moml.MoMLSimpleApplication@278eac78
----------------- Done invoking toplevel() on ptolemy.moml.MoMLSimpleApplication@278eac78
reloadAllAccessors: .arrayType12

===========================================================================================
----------------- testing Thu Oct 10 18:45:18 UTC 2019 /home/travis/build/icyphy/ptII/ptolemy/actor/lib/test/auto/arrayType13.xml
----------------- Instantiating /home/travis/build/icyphy/ptII/ptolemy/actor/lib/test/auto/arrayType13.xml
2 ms. Memory: 516096K Free: 173167K (34%)
----------------- Invoking toplevel() on ptolemy.moml.MoMLSimpleApplication@5ff8668a
----------------- Done invoking toplevel() on ptolemy.moml.MoMLSimpleApplication@5ff8668a
reloadAllAccessors: .arrayType13

===========================================================================================
----------------- testing Thu Oct 10 18:45:18 UTC 2019 /home/travis/build/icyphy/ptII/ptolemy/actor/lib/test/auto/arrayType14.xml
----------------- Instantiating /home/travis/build/icyphy/ptII/ptolemy/actor/lib/test/auto/arrayType14.xml
2 ms. Memory: 516096K Free: 168033K (33%)
----------------- Invoking toplevel() on ptolemy.moml.MoMLSimpleApplication@7c8912f
----------------- Done invoking toplevel() on ptolemy.moml.MoMLSimpleApplication@7c8912f
reloadAllAccessors: .arrayType14

===========================================================================================
----------------- testing Thu Oct 10 18:45:18 UTC 2019 /home/travis/build/icyphy/ptII/ptolemy/actor/lib/test/auto/arrayType15.xml
----------------- Instantiating /home/travis/build/icyphy/ptII/ptolemy/actor/lib/test/auto/arrayType15.xml
3 ms. Memory: 516096K Free: 460528K (89%)
----------------- Invoking toplevel() on ptolemy.moml.MoMLSimpleApplication@6cd3f60b
----------------- Done invoking toplevel() on ptolemy.moml.MoMLSimpleApplication@6cd3f60b
reloadAllAccessors: .arrayType15

===========================================================================================
----------------- testing Thu Oct 10 18:45:18 UTC 2019 /home/travis/build/icyphy/ptII/ptolemy/actor/lib/test/auto/arrayType16.xml
----------------- Instantiating /home/travis/build/icyphy/ptII/ptolemy/actor/lib/test/auto/arrayType16.xml
2 ms. Memory: 516096K Free: 454894K (88%)
----------------- Invoking toplevel() on ptolemy.moml.MoMLSimpleApplication@47fc409a
----------------- Done invoking toplevel() on ptolemy.moml.MoMLSimpleApplication@47fc409a
reloadAllAccessors: .arrayType16

===========================================================================================
----------------- testing Thu Oct 10 18:45:19 UTC 2019 /home/travis/build/icyphy/ptII/ptolemy/actor/lib/test/auto/arrayType17.xml
----------------- Instantiating /home/travis/build/icyphy/ptII/ptolemy/actor/lib/test/auto/arrayType17.xml
1 ms. Memory: 516096K Free: 449774K (87%)
----------------- Invoking toplevel() on ptolemy.moml.MoMLSimpleApplication@4250cc98
----------------- Done invoking toplevel() on ptolemy.moml.MoMLSimpleApplication@4250cc98
reloadAllAccessors: .arrayType17

===========================================================================================
----------------- testing Thu Oct 10 18:45:19 UTC 2019 /home/travis/build/icyphy/ptII/ptolemy/actor/lib/test/auto/arrayType18.xml
----------------- Instantiating /home/travis/build/icyphy/ptII/ptolemy/actor/lib/test/auto/arrayType18.xml
1 ms. Memory: 516096K Free: 445168K (86%)
----------------- Invoking toplevel() on ptolemy.moml.MoMLSimpleApplication@6c8e6831
----------------- Done invoking toplevel() on ptolemy.moml.MoMLSimpleApplication@6c8e6831
reloadAllAccessors: .arrayType18

===========================================================================================
----------------- testing Thu Oct 10 18:45:19 UTC 2019 /home/travis/build/icyphy/ptII/ptolemy/actor/lib/test/auto/arrayType19.xml
----------------- Instantiating /home/travis/build/icyphy/ptII/ptolemy/actor/lib/test/auto/arrayType19.xml
1 ms. Memory: 516096K Free: 439534K (85%)
----------------- Invoking toplevel() on ptolemy.moml.MoMLSimpleApplication@45d9c97d
----------------- Done invoking toplevel() on ptolemy.moml.MoMLSimpleApplication@45d9c97d
reloadAllAccessors: .arrayType19

===========================================================================================
----------------- testing Thu Oct 10 18:45:19 UTC 2019 /home/travis/build/icyphy/ptII/ptolemy/actor/lib/test/auto/arrayType2.xml
----------------- Instantiating /home/travis/build/icyphy/ptII/ptolemy/actor/lib/test/auto/arrayType2.xml
1 ms. Memory: 516096K Free: 433904K (84%)
----------------- Invoking toplevel() on ptolemy.moml.MoMLSimpleApplication@32a32da9
----------------- Done invoking toplevel() on ptolemy.moml.MoMLSimpleApplication@32a32da9
reloadAllAccessors: .arrayType2

===========================================================================================
----------------- testing Thu Oct 10 18:45:19 UTC 2019 /home/travis/build/icyphy/ptII/ptolemy/actor/lib/test/auto/arrayType20.xml
----------------- Instantiating /home/travis/build/icyphy/ptII/ptolemy/actor/lib/test/auto/arrayType20.xml
1 ms. Memory: 516096K Free: 429294K (83%)
----------------- Invoking toplevel() on ptolemy.moml.MoMLSimpleApplication@46ed277c
----------------- Done invoking toplevel() on ptolemy.moml.MoMLSimpleApplication@46ed277c
reloadAllAccessors: .arrayType20

===========================================================================================
----------------- testing Thu Oct 10 18:45:19 UTC 2019 /home/travis/build/icyphy/ptII/ptolemy/actor/lib/test/auto/arrayType21.xml
----------------- Instantiating /home/travis/build/icyphy/ptII/ptolemy/actor/lib/test/auto/arrayType21.xml
1 ms. Memory: 516096K Free: 424688K (82%)
----------------- Invoking toplevel() on ptolemy.moml.MoMLSimpleApplication@11c91a9d
----------------- Done invoking toplevel() on ptolemy.moml.MoMLSimpleApplication@11c91a9d
reloadAllAccessors: .arrayType21

===========================================================================================
----------------- testing Thu Oct 10 18:45:19 UTC 2019 /home/travis/build/icyphy/ptII/ptolemy/actor/lib/test/auto/arrayType22.xml
----------------- Instantiating /home/travis/build/icyphy/ptII/ptolemy/actor/lib/test/auto/arrayType22.xml
1 ms. Memory: 516096K Free: 420078K (81%)
----------------- Invoking toplevel() on ptolemy.moml.MoMLSimpleApplication@2875e7b9
----------------- Done invoking toplevel() on ptolemy.moml.MoMLSimpleApplication@2875e7b9
reloadAllAccessors: .arrayType22

===========================================================================================
----------------- testing Thu Oct 10 18:45:19 UTC 2019 /home/travis/build/icyphy/ptII/ptolemy/actor/lib/test/auto/arrayType23.xml
----------------- Instantiating /home/travis/build/icyphy/ptII/ptolemy/actor/lib/test/auto/arrayType23.xml
2 ms. Memory: 516096K Free: 414958K (80%)
----------------- Invoking toplevel() on ptolemy.moml.MoMLSimpleApplication@4c528e2e
----------------- Done invoking toplevel() on ptolemy.moml.MoMLSimpleApplication@4c528e2e
reloadAllAccessors: .arrayType23

===========================================================================================
----------------- testing Thu Oct 10 18:45:19 UTC 2019 /home/travis/build/icyphy/ptII/ptolemy/actor/lib/test/auto/arrayType24.xml
----------------- Instantiating /home/travis/build/icyphy/ptII/ptolemy/actor/lib/test/auto/arrayType24.xml
2 ms. Memory: 516096K Free: 410352K (80%)
----------------- Invoking toplevel() on ptolemy.moml.MoMLSimpleApplication@34199dfb
----------------- Done invoking toplevel() on ptolemy.moml.MoMLSimpleApplication@34199dfb
reloadAllAccessors: .arrayType24

===========================================================================================
----------------- testing Thu Oct 10 18:45:19 UTC 2019 /home/travis/build/icyphy/ptII/ptolemy/actor/lib/test/auto/arrayType25.xml
----------------- Instantiating /home/travis/build/icyphy/ptII/ptolemy/actor/lib/test/auto/arrayType25.xml
2 ms. Memory: 516096K Free: 405232K (79%)
----------------- Invoking toplevel() on ptolemy.moml.MoMLSimpleApplication@7cb6dca8
----------------- Done invoking toplevel() on ptolemy.moml.MoMLSimpleApplication@7cb6dca8
reloadAllAccessors: .arrayType25

===========================================================================================
----------------- testing Thu Oct 10 18:45:19 UTC 2019 /home/travis/build/icyphy/ptII/ptolemy/actor/lib/test/auto/arrayType26.xml
----------------- Instantiating /home/travis/build/icyphy/ptII/ptolemy/actor/lib/test/auto/arrayType26.xml
2 ms. Memory: 516096K Free: 400112K (78%)
----------------- Invoking toplevel() on ptolemy.moml.MoMLSimpleApplication@1421554d
----------------- Done invoking toplevel() on ptolemy.moml.MoMLSimpleApplication@1421554d
reloadAllAccessors: .arrayType26

===========================================================================================
----------------- testing Thu Oct 10 18:45:19 UTC 2019 /home/travis/build/icyphy/ptII/ptolemy/actor/lib/test/auto/arrayType27.xml
----------------- Instantiating /home/travis/build/icyphy/ptII/ptolemy/actor/lib/test/auto/arrayType27.xml
2 ms. Memory: 516096K Free: 394478K (76%)
----------------- Invoking toplevel() on ptolemy.moml.MoMLSimpleApplication@ecc364a
----------------- Done invoking toplevel() on ptolemy.moml.MoMLSimpleApplication@ecc364a
reloadAllAccessors: .arrayType27

===========================================================================================
----------------- testing Thu Oct 10 18:45:19 UTC 2019 /home/travis/build/icyphy/ptII/ptolemy/actor/lib/test/auto/arrayType28.xml
----------------- Instantiating /home/travis/build/icyphy/ptII/ptolemy/actor/lib/test/auto/arrayType28.xml
1 ms. Memory: 516096K Free: 389358K (75%)
----------------- Invoking toplevel() on ptolemy.moml.MoMLSimpleApplication@e5ffda2
----------------- Done invoking toplevel() on ptolemy.moml.MoMLSimpleApplication@e5ffda2
reloadAllAccessors: .arrayType28

===========================================================================================
----------------- testing Thu Oct 10 18:45:19 UTC 2019 /home/travis/build/icyphy/ptII/ptolemy/actor/lib/test/auto/arrayType3.xml
----------------- Instantiating /home/travis/build/icyphy/ptII/ptolemy/actor/lib/test/auto/arrayType3.xml
1 ms. Memory: 516096K Free: 384238K (74%)
----------------- Invoking toplevel() on ptolemy.moml.MoMLSimpleApplication@58a8d16
----------------- Done invoking toplevel() on ptolemy.moml.MoMLSimpleApplication@58a8d16
reloadAllAccessors: .arrayType3

===========================================================================================
----------------- testing Thu Oct 10 18:45:19 UTC 2019 /home/travis/build/icyphy/ptII/ptolemy/actor/lib/test/auto/arrayType4.xml
----------------- Instantiating /home/travis/build/icyphy/ptII/ptolemy/actor/lib/test/auto/arrayType4.xml
2 ms. Memory: 516096K Free: 379118K (73%)
----------------- Invoking toplevel() on ptolemy.moml.MoMLSimpleApplication@436fb4c1
----------------- Done invoking toplevel() on ptolemy.moml.MoMLSimpleApplication@436fb4c1
reloadAllAccessors: .arrayType4

===========================================================================================
----------------- testing Thu Oct 10 18:45:19 UTC 2019 /home/travis/build/icyphy/ptII/ptolemy/actor/lib/test/auto/arrayType5.xml
----------------- Instantiating /home/travis/build/icyphy/ptII/ptolemy/actor/lib/test/auto/arrayType5.xml
3 ms. Memory: 516096K Free: 373488K (72%)
----------------- Invoking toplevel() on ptolemy.moml.MoMLSimpleApplication@37203d1a
----------------- Done invoking toplevel() on ptolemy.moml.MoMLSimpleApplication@37203d1a
reloadAllAccessors: .arrayType5

===========================================================================================
----------------- testing Thu Oct 10 18:45:19 UTC 2019 /home/travis/build/icyphy/ptII/ptolemy/actor/lib/test/auto/arrayType6.xml
----------------- Instantiating /home/travis/build/icyphy/ptII/ptolemy/actor/lib/test/auto/arrayType6.xml
1 ms. Memory: 516096K Free: 368878K (71%)
----------------- Invoking toplevel() on ptolemy.moml.MoMLSimpleApplication@c8c803c
----------------- Done invoking toplevel() on ptolemy.moml.MoMLSimpleApplication@c8c803c
reloadAllAccessors: .arrayType6

===========================================================================================
----------------- testing Thu Oct 10 18:45:19 UTC 2019 /home/travis/build/icyphy/ptII/ptolemy/actor/lib/test/auto/arrayType7.xml
----------------- Instantiating /home/travis/build/icyphy/ptII/ptolemy/actor/lib/test/auto/arrayType7.xml
2 ms. Memory: 516096K Free: 364272K (71%)
----------------- Invoking toplevel() on ptolemy.moml.MoMLSimpleApplication@34ea3d11
----------------- Done invoking toplevel() on ptolemy.moml.MoMLSimpleApplication@34ea3d11
reloadAllAccessors: .arrayType7

===========================================================================================
----------------- testing Thu Oct 10 18:45:19 UTC 2019 /home/travis/build/icyphy/ptII/ptolemy/actor/lib/test/auto/arrayType8.xml
----------------- Instantiating /home/travis/build/icyphy/ptII/ptolemy/actor/lib/test/auto/arrayType8.xml
7 ms. Memory: 516096K Free: 359152K (70%)
----------------- Invoking toplevel() on ptolemy.moml.MoMLSimpleApplication@29981659
----------------- Done invoking toplevel() on ptolemy.moml.MoMLSimpleApplication@29981659
reloadAllAccessors: .arrayType8

===========================================================================================
----------------- testing Thu Oct 10 18:45:19 UTC 2019 /home/travis/build/icyphy/ptII/ptolemy/actor/lib/test/auto/arrayType9.xml
----------------- Instantiating /home/travis/build/icyphy/ptII/ptolemy/actor/lib/test/auto/arrayType9.xml
2 ms. Memory: 516096K Free: 354542K (69%)
----------------- Invoking toplevel() on ptolemy.moml.MoMLSimpleApplication@3d774fb0
----------------- Done invoking toplevel() on ptolemy.moml.MoMLSimpleApplication@3d774fb0
reloadAllAccessors: .arrayType9

===========================================================================================
----------------- testing Thu Oct 10 18:45:19 UTC 2019 /home/travis/build/icyphy/ptII/ptolemy/actor/lib/test/auto/cast.xml
----------------- Instantiating /home/travis/build/icyphy/ptII/ptolemy/actor/lib/test/auto/cast.xml
2 ms. Memory: 516096K Free: 349936K (68%)
----------------- Invoking toplevel() on ptolemy.moml.MoMLSimpleApplication@4d074428
----------------- Done invoking toplevel() on ptolemy.moml.MoMLSimpleApplication@4d074428
reloadAllAccessors: .cast

===========================================================================================
----------------- testing Thu Oct 10 18:45:19 UTC 2019 /home/travis/build/icyphy/ptII/ptolemy/actor/lib/test/auto/compositeMultiPort.xml
----------------- Instantiating /home/travis/build/icyphy/ptII/ptolemy/actor/lib/test/auto/compositeMultiPort.xml
4 ms. Memory: 516096K Free: 341223K (66%)
----------------- Invoking toplevel() on ptolemy.moml.MoMLSimpleApplication@5647eab8
----------------- Done invoking toplevel() on ptolemy.moml.MoMLSimpleApplication@5647eab8
reloadAllAccessors: .compositeMultiPort

===========================================================================================
----------------- testing Thu Oct 10 18:45:19 UTC 2019 /home/travis/build/icyphy/ptII/ptolemy/actor/lib/test/auto/expressionCastInference.xml
----------------- Instantiating /home/travis/build/icyphy/ptII/ptolemy/actor/lib/test/auto/expressionCastInference.xml
3 ms. Memory: 516096K Free: 336110K (65%)
----------------- Invoking toplevel() on ptolemy.moml.MoMLSimpleApplication@5df15bb7
----------------- Done invoking toplevel() on ptolemy.moml.MoMLSimpleApplication@5df15bb7
reloadAllAccessors: .expressionCastInference

===========================================================================================
----------------- testing Thu Oct 10 18:45:19 UTC 2019 /home/travis/build/icyphy/ptII/ptolemy/actor/lib/test/auto/expressionCastInference2.xml
----------------- Instantiating /home/travis/build/icyphy/ptII/ptolemy/actor/lib/test/auto/expressionCastInference2.xml
2 ms. Memory: 516096K Free: 331504K (64%)
----------------- Invoking toplevel() on ptolemy.moml.MoMLSimpleApplication@2d0bfef7
----------------- Done invoking toplevel() on ptolemy.moml.MoMLSimpleApplication@2d0bfef7
reloadAllAccessors: .expressionCastInference2

===========================================================================================
----------------- testing Thu Oct 10 18:45:19 UTC 2019 /home/travis/build/icyphy/ptII/ptolemy/actor/lib/test/auto/expressionInference.xml
----------------- Instantiating /home/travis/build/icyphy/ptII/ptolemy/actor/lib/test/auto/expressionInference.xml
2 ms. Memory: 516096K Free: 327408K (63%)
----------------- Invoking toplevel() on ptolemy.moml.MoMLSimpleApplication@4a0adfe
----------------- Done invoking toplevel() on ptolemy.moml.MoMLSimpleApplication@4a0adfe
reloadAllAccessors: .expressionInference

===========================================================================================
----------------- testing Thu Oct 10 18:45:19 UTC 2019 /home/travis/build/icyphy/ptII/ptolemy/actor/lib/test/auto/expression_bug.xml
----------------- Instantiating /home/travis/build/icyphy/ptII/ptolemy/actor/lib/test/auto/expression_bug.xml
1 ms. Memory: 516096K Free: 322798K (63%)
----------------- Invoking toplevel() on ptolemy.moml.MoMLSimpleApplication@40e3519a
----------------- Done invoking toplevel() on ptolemy.moml.MoMLSimpleApplication@40e3519a
reloadAllAccessors: .expression_bug

===========================================================================================
----------------- testing Thu Oct 10 18:45:19 UTC 2019 /home/travis/build/icyphy/ptII/ptolemy/actor/lib/test/auto/factorial.xml
----------------- Instantiating /home/travis/build/icyphy/ptII/ptolemy/actor/lib/test/auto/factorial.xml
45 ms. Memory: 516096K Free: 314606K (61%)
----------------- Invoking toplevel() on ptolemy.moml.MoMLSimpleApplication@38fe35a
----------------- Done invoking toplevel() on ptolemy.moml.MoMLSimpleApplication@38fe35a
reloadAllAccessors: .factorial

===========================================================================================
----------------- testing Thu Oct 10 18:45:19 UTC 2019 /home/travis/build/icyphy/ptII/ptolemy/actor/lib/test/auto/filterTest1.xml
----------------- Instantiating /home/travis/build/icyphy/ptII/ptolemy/actor/lib/test/auto/filterTest1.xml
3 ms. Memory: 516096K Free: 308976K (60%)
----------------- Invoking toplevel() on ptolemy.moml.MoMLSimpleApplication@585504c2
----------------- Done invoking toplevel() on ptolemy.moml.MoMLSimpleApplication@585504c2
reloadAllAccessors: .filterTest1

===========================================================================================
----------------- testing Thu Oct 10 18:45:19 UTC 2019 /home/travis/build/icyphy/ptII/ptolemy/actor/lib/test/auto/funcApplyInConst.xml
----------------- Instantiating /home/travis/build/icyphy/ptII/ptolemy/actor/lib/test/auto/funcApplyInConst.xml
1 ms. Memory: 516096K Free: 304880K (59%)
----------------- Invoking toplevel() on ptolemy.moml.MoMLSimpleApplication@15fbae9f
----------------- Done invoking toplevel() on ptolemy.moml.MoMLSimpleApplication@15fbae9f
reloadAllAccessors: .funcApplyInConst

===========================================================================================
----------------- testing Thu Oct 10 18:45:19 UTC 2019 /home/travis/build/icyphy/ptII/ptolemy/actor/lib/test/auto/funcApplyInExpr.xml
----------------- Instantiating /home/travis/build/icyphy/ptII/ptolemy/actor/lib/test/auto/funcApplyInExpr.xml
1 ms. Memory: 516096K Free: 301294K (58%)
----------------- Invoking toplevel() on ptolemy.moml.MoMLSimpleApplication@71e18f24
----------------- Done invoking toplevel() on ptolemy.moml.MoMLSimpleApplication@71e18f24
reloadAllAccessors: .funcApplyInExpr

===========================================================================================
----------------- testing Thu Oct 10 18:45:19 UTC 2019 /home/travis/build/icyphy/ptII/ptolemy/actor/lib/test/auto/function.xml
----------------- Instantiating /home/travis/build/icyphy/ptII/ptolemy/actor/lib/test/auto/function.xml
2 ms. Memory: 516096K Free: 296688K (57%)
----------------- Invoking toplevel() on ptolemy.moml.MoMLSimpleApplication@3bbed042
----------------- Done invoking toplevel() on ptolemy.moml.MoMLSimpleApplication@3bbed042
reloadAllAccessors: .function

===========================================================================================
----------------- testing Thu Oct 10 18:45:19 UTC 2019 /home/travis/build/icyphy/ptII/ptolemy/actor/lib/test/auto/function2.xml
----------------- Instantiating /home/travis/build/icyphy/ptII/ptolemy/actor/lib/test/auto/function2.xml
3 ms. Memory: 516096K Free: 291568K (56%)
----------------- Invoking toplevel() on ptolemy.moml.MoMLSimpleApplication@4829f822
----------------- Done invoking toplevel() on ptolemy.moml.MoMLSimpleApplication@4829f822
reloadAllAccessors: .function2

===========================================================================================
----------------- testing Thu Oct 10 18:45:19 UTC 2019 /home/travis/build/icyphy/ptII/ptolemy/actor/lib/test/auto/function3.xml
----------------- Instantiating /home/travis/build/icyphy/ptII/ptolemy/actor/lib/test/auto/function3.xml
1 ms. Memory: 516096K Free: 287982K (56%)
----------------- Invoking toplevel() on ptolemy.moml.MoMLSimpleApplication@3cf73ee0
----------------- Done invoking toplevel() on ptolemy.moml.MoMLSimpleApplication@3cf73ee0
reloadAllAccessors: .function3

===========================================================================================
----------------- testing Thu Oct 10 18:45:19 UTC 2019 /home/travis/build/icyphy/ptII/ptolemy/actor/lib/test/auto/functionClosureTest1.xml
----------------- Instantiating /home/travis/build/icyphy/ptII/ptolemy/actor/lib/test/auto/functionClosureTest1.xml
2 ms. Memory: 516096K Free: 282352K (55%)
----------------- Invoking toplevel() on ptolemy.moml.MoMLSimpleApplication@4b4d98dd
----------------- Done invoking toplevel() on ptolemy.moml.MoMLSimpleApplication@4b4d98dd
reloadAllAccessors: .functionClosureTest1

===========================================================================================
----------------- testing Thu Oct 10 18:45:19 UTC 2019 /home/travis/build/icyphy/ptII/ptolemy/actor/lib/test/auto/functionClosureTest2.xml
----------------- Instantiating /home/travis/build/icyphy/ptII/ptolemy/actor/lib/test/auto/functionClosureTest2.xml
1 ms. Memory: 516096K Free: 278256K (54%)
----------------- Invoking toplevel() on ptolemy.moml.MoMLSimpleApplication@422db0f6
----------------- Done invoking toplevel() on ptolemy.moml.MoMLSimpleApplication@422db0f6
reloadAllAccessors: .functionClosureTest2

===========================================================================================
----------------- testing Thu Oct 10 18:45:19 UTC 2019 /home/travis/build/icyphy/ptII/ptolemy/actor/lib/test/auto/functionClosureTest3.xml
----------------- Instantiating /home/travis/build/icyphy/ptII/ptolemy/actor/lib/test/auto/functionClosureTest3.xml
6 ms. Memory: 516096K Free: 273136K (53%)
----------------- Invoking toplevel() on ptolemy.moml.MoMLSimpleApplication@4634bdbb
----------------- Done invoking toplevel() on ptolemy.moml.MoMLSimpleApplication@4634bdbb
reloadAllAccessors: .functionClosureTest3

===========================================================================================
----------------- testing Thu Oct 10 18:45:19 UTC 2019 /home/travis/build/icyphy/ptII/ptolemy/actor/lib/test/auto/functionClosureTest4.xml
----------------- Instantiating /home/travis/build/icyphy/ptII/ptolemy/actor/lib/test/auto/functionClosureTest4.xml
4 ms. Memory: 516096K Free: 266992K (52%)
----------------- Invoking toplevel() on ptolemy.moml.MoMLSimpleApplication@72e7d498
----------------- Done invoking toplevel() on ptolemy.moml.MoMLSimpleApplication@72e7d498
reloadAllAccessors: .functionClosureTest4

===========================================================================================
----------------- testing Thu Oct 10 18:45:19 UTC 2019 /home/travis/build/icyphy/ptII/ptolemy/actor/lib/test/auto/functionClosureTest5.xml
----------------- Instantiating /home/travis/build/icyphy/ptII/ptolemy/actor/lib/test/auto/functionClosureTest5.xml
4 ms. Memory: 516096K Free: 261872K (51%)
----------------- Invoking toplevel() on ptolemy.moml.MoMLSimpleApplication@68efa9e3
----------------- Done invoking toplevel() on ptolemy.moml.MoMLSimpleApplication@68efa9e3
reloadAllAccessors: .functionClosureTest5

===========================================================================================
----------------- testing Thu Oct 10 18:45:19 UTC 2019 /home/travis/build/icyphy/ptII/ptolemy/actor/lib/test/auto/functionClosureTest6.xml
----------------- Instantiating /home/travis/build/icyphy/ptII/ptolemy/actor/lib/test/auto/functionClosureTest6.xml
1 ms. Memory: 516096K Free: 256752K (50%)
----------------- Invoking toplevel() on ptolemy.moml.MoMLSimpleApplication@6ecab406
----------------- Done invoking toplevel() on ptolemy.moml.MoMLSimpleApplication@6ecab406
reloadAllAccessors: .functionClosureTest6

===========================================================================================
----------------- testing Thu Oct 10 18:45:19 UTC 2019 /home/travis/build/icyphy/ptII/ptolemy/actor/lib/test/auto/functionsOnArcs.xml
----------------- Instantiating /home/travis/build/icyphy/ptII/ptolemy/actor/lib/test/auto/functionsOnArcs.xml
2 ms. Memory: 516096K Free: 251632K (49%)
----------------- Invoking toplevel() on ptolemy.moml.MoMLSimpleApplication@740b49c8
----------------- Done invoking toplevel() on ptolemy.moml.MoMLSimpleApplication@740b49c8
reloadAllAccessors: .functionsOnArcs

===========================================================================================
----------------- testing Thu Oct 10 18:45:19 UTC 2019 /home/travis/build/icyphy/ptII/ptolemy/actor/lib/test/auto/functionsOnArcsHOF.xml
----------------- Instantiating /home/travis/build/icyphy/ptII/ptolemy/actor/lib/test/auto/functionsOnArcsHOF.xml
3 ms. Memory: 516096K Free: 245488K (48%)
----------------- Invoking toplevel() on ptolemy.moml.MoMLSimpleApplication@4c1a70a8
----------------- Done invoking toplevel() on ptolemy.moml.MoMLSimpleApplication@4c1a70a8
reloadAllAccessors: .functionsOnArcsHOF

===========================================================================================
----------------- testing Thu Oct 10 18:45:19 UTC 2019 /home/travis/build/icyphy/ptII/ptolemy/actor/lib/test/auto/logic.xml
----------------- Instantiating /home/travis/build/icyphy/ptII/ptolemy/actor/lib/test/auto/logic.xml
1 ms. Memory: 516096K Free: 238320K (46%)
----------------- Invoking toplevel() on ptolemy.moml.MoMLSimpleApplication@4cbe6e85
----------------- Done invoking toplevel() on ptolemy.moml.MoMLSimpleApplication@4cbe6e85
reloadAllAccessors: .logic

===========================================================================================
----------------- testing Thu Oct 10 18:45:19 UTC 2019 /home/travis/build/icyphy/ptII/ptolemy/actor/lib/test/auto/matrixType.xml
----------------- Instantiating /home/travis/build/icyphy/ptII/ptolemy/actor/lib/test/auto/matrixType.xml
2 ms. Memory: 516096K Free: 233710K (45%)
----------------- Invoking toplevel() on ptolemy.moml.MoMLSimpleApplication@4a7ca38
----------------- Done invoking toplevel() on ptolemy.moml.MoMLSimpleApplication@4a7ca38
reloadAllAccessors: .matrixType

===========================================================================================
----------------- testing Thu Oct 10 18:45:19 UTC 2019 /home/travis/build/icyphy/ptII/ptolemy/actor/lib/test/auto/matrixType10.xml
----------------- Instantiating /home/travis/build/icyphy/ptII/ptolemy/actor/lib/test/auto/matrixType10.xml
2 ms. Memory: 516096K Free: 228590K (44%)
----------------- Invoking toplevel() on ptolemy.moml.MoMLSimpleApplication@adfce2
----------------- Done invoking toplevel() on ptolemy.moml.MoMLSimpleApplication@adfce2
reloadAllAccessors: .matrixType10

===========================================================================================
----------------- testing Thu Oct 10 18:45:19 UTC 2019 /home/travis/build/icyphy/ptII/ptolemy/actor/lib/test/auto/matrixType11.xml
----------------- Instantiating /home/travis/build/icyphy/ptII/ptolemy/actor/lib/test/auto/matrixType11.xml
1 ms. Memory: 516096K Free: 223984K (43%)
----------------- Invoking toplevel() on ptolemy.moml.MoMLSimpleApplication@786d7e66
----------------- Done invoking toplevel() on ptolemy.moml.MoMLSimpleApplication@786d7e66
reloadAllAccessors: .matrixType11

===========================================================================================
----------------- testing Thu Oct 10 18:45:19 UTC 2019 /home/travis/build/icyphy/ptII/ptolemy/actor/lib/test/auto/matrixType12.xml
----------------- Instantiating /home/travis/build/icyphy/ptII/ptolemy/actor/lib/test/auto/matrixType12.xml
1 ms. Memory: 516096K Free: 219374K (43%)
----------------- Invoking toplevel() on ptolemy.moml.MoMLSimpleApplication@78e83a10
----------------- Done invoking toplevel() on ptolemy.moml.MoMLSimpleApplication@78e83a10
reloadAllAccessors: .matrixType12

===========================================================================================
----------------- testing Thu Oct 10 18:45:19 UTC 2019 /home/travis/build/icyphy/ptII/ptolemy/actor/lib/test/auto/matrixType13.xml
----------------- Instantiating /home/travis/build/icyphy/ptII/ptolemy/actor/lib/test/auto/matrixType13.xml
2 ms. Memory: 516096K Free: 214254K (42%)
----------------- Invoking toplevel() on ptolemy.moml.MoMLSimpleApplication@2e24b03a
----------------- Done invoking toplevel() on ptolemy.moml.MoMLSimpleApplication@2e24b03a
reloadAllAccessors: .matrixType13

===========================================================================================
----------------- testing Thu Oct 10 18:45:19 UTC 2019 /home/travis/build/icyphy/ptII/ptolemy/actor/lib/test/auto/matrixType14.xml
----------------- Instantiating /home/travis/build/icyphy/ptII/ptolemy/actor/lib/test/auto/matrixType14.xml
1 ms. Memory: 516096K Free: 209119K (41%)
----------------- Invoking toplevel() on ptolemy.moml.MoMLSimpleApplication@391e4eee
----------------- Done invoking toplevel() on ptolemy.moml.MoMLSimpleApplication@391e4eee
reloadAllAccessors: .matrixType14

===========================================================================================
----------------- testing Thu Oct 10 18:45:19 UTC 2019 /home/travis/build/icyphy/ptII/ptolemy/actor/lib/test/auto/matrixType2.xml
----------------- Instantiating /home/travis/build/icyphy/ptII/ptolemy/actor/lib/test/auto/matrixType2.xml
1 ms. Memory: 516096K Free: 204014K (40%)
----------------- Invoking toplevel() on ptolemy.moml.MoMLSimpleApplication@55e353d5
----------------- Done invoking toplevel() on ptolemy.moml.MoMLSimpleApplication@55e353d5
reloadAllAccessors: .matrixType2

===========================================================================================
----------------- testing Thu Oct 10 18:45:19 UTC 2019 /home/travis/build/icyphy/ptII/ptolemy/actor/lib/test/auto/matrixType3.xml
----------------- Instantiating /home/travis/build/icyphy/ptII/ptolemy/actor/lib/test/auto/matrixType3.xml
1 ms. Memory: 516096K Free: 198894K (39%)
----------------- Invoking toplevel() on ptolemy.moml.MoMLSimpleApplication@6f422119
----------------- Done invoking toplevel() on ptolemy.moml.MoMLSimpleApplication@6f422119
reloadAllAccessors: .matrixType3

===========================================================================================
----------------- testing Thu Oct 10 18:45:19 UTC 2019 /home/travis/build/icyphy/ptII/ptolemy/actor/lib/test/auto/matrixType4.xml
----------------- Instantiating /home/travis/build/icyphy/ptII/ptolemy/actor/lib/test/auto/matrixType4.xml
4 ms. Memory: 516096K Free: 194288K (38%)
----------------- Invoking toplevel() on ptolemy.moml.MoMLSimpleApplication@12a2c680
----------------- Done invoking toplevel() on ptolemy.moml.MoMLSimpleApplication@12a2c680
reloadAllAccessors: .matrixType4

===========================================================================================
----------------- testing Thu Oct 10 18:45:19 UTC 2019 /home/travis/build/icyphy/ptII/ptolemy/actor/lib/test/auto/matrixType5.xml
----------------- Instantiating /home/travis/build/icyphy/ptII/ptolemy/actor/lib/test/auto/matrixType5.xml
2 ms. Memory: 516096K Free: 189168K (37%)
----------------- Invoking toplevel() on ptolemy.moml.MoMLSimpleApplication@3318e3a4
----------------- Done invoking toplevel() on ptolemy.moml.MoMLSimpleApplication@3318e3a4
reloadAllAccessors: .matrixType5

===========================================================================================
----------------- testing Thu Oct 10 18:45:19 UTC 2019 /home/travis/build/icyphy/ptII/ptolemy/actor/lib/test/auto/matrixType6.xml
----------------- Instantiating /home/travis/build/icyphy/ptII/ptolemy/actor/lib/test/auto/matrixType6.xml
2 ms. Memory: 516096K Free: 184558K (36%)
----------------- Invoking toplevel() on ptolemy.moml.MoMLSimpleApplication@39087fec
----------------- Done invoking toplevel() on ptolemy.moml.MoMLSimpleApplication@39087fec
reloadAllAccessors: .matrixType6

===========================================================================================
----------------- testing Thu Oct 10 18:45:19 UTC 2019 /home/travis/build/icyphy/ptII/ptolemy/actor/lib/test/auto/matrixType7.xml
----------------- Instantiating /home/travis/build/icyphy/ptII/ptolemy/actor/lib/test/auto/matrixType7.xml
2 ms. Memory: 516096K Free: 179952K (35%)
----------------- Invoking toplevel() on ptolemy.moml.MoMLSimpleApplication@18af9b04
----------------- Done invoking toplevel() on ptolemy.moml.MoMLSimpleApplication@18af9b04
reloadAllAccessors: .matrixType7

===========================================================================================
----------------- testing Thu Oct 10 18:45:19 UTC 2019 /home/travis/build/icyphy/ptII/ptolemy/actor/lib/test/auto/matrixType8.xml
----------------- Instantiating /home/travis/build/icyphy/ptII/ptolemy/actor/lib/test/auto/matrixType8.xml
1 ms. Memory: 516096K Free: 174832K (34%)
----------------- Invoking toplevel() on ptolemy.moml.MoMLSimpleApplication@53aa9aee
----------------- Done invoking toplevel() on ptolemy.moml.MoMLSimpleApplication@53aa9aee
reloadAllAccessors: .matrixType8

===========================================================================================
----------------- testing Thu Oct 10 18:45:19 UTC 2019 /home/travis/build/icyphy/ptII/ptolemy/actor/lib/test/auto/matrixType9.xml
----------------- Instantiating /home/travis/build/icyphy/ptII/ptolemy/actor/lib/test/auto/matrixType9.xml
1 ms. Memory: 516096K Free: 170222K (33%)
----------------- Invoking toplevel() on ptolemy.moml.MoMLSimpleApplication@3bd4dc54
----------------- Done invoking toplevel() on ptolemy.moml.MoMLSimpleApplication@3bd4dc54
reloadAllAccessors: .matrixType9

===========================================================================================
----------------- testing Thu Oct 10 18:45:19 UTC 2019 /home/travis/build/icyphy/ptII/ptolemy/actor/lib/test/auto/paraFunctest.xml
----------------- Instantiating /home/travis/build/icyphy/ptII/ptolemy/actor/lib/test/auto/paraFunctest.xml
2 ms. Memory: 516096K Free: 166640K (32%)
----------------- Invoking toplevel() on ptolemy.moml.MoMLSimpleApplication@7feb2926
----------------- Done invoking toplevel() on ptolemy.moml.MoMLSimpleApplication@7feb2926
reloadAllAccessors: .paraFunctest

===========================================================================================
----------------- testing Thu Oct 10 18:45:19 UTC 2019 /home/travis/build/icyphy/ptII/ptolemy/actor/lib/test/auto/paraFunctest2.xml
----------------- Instantiating /home/travis/build/icyphy/ptII/ptolemy/actor/lib/test/auto/paraFunctest2.xml
1 ms. Memory: 516096K Free: 162030K (31%)
----------------- Invoking toplevel() on ptolemy.moml.MoMLSimpleApplication@66e5c59f
----------------- Done invoking toplevel() on ptolemy.moml.MoMLSimpleApplication@66e5c59f
reloadAllAccessors: .paraFunctest2

===========================================================================================
----------------- testing Thu Oct 10 18:45:19 UTC 2019 /home/travis/build/icyphy/ptII/ptolemy/actor/lib/test/auto/parameterPassing.xml
----------------- Instantiating /home/travis/build/icyphy/ptII/ptolemy/actor/lib/test/auto/parameterPassing.xml
19 ms. Memory: 516096K Free: 462984K (90%)
----------------- Invoking toplevel() on ptolemy.moml.MoMLSimpleApplication@4f373ea2
----------------- Done invoking toplevel() on ptolemy.moml.MoMLSimpleApplication@4f373ea2
reloadAllAccessors: .parameterPassing

===========================================================================================
----------------- testing Thu Oct 10 18:45:19 UTC 2019 /home/travis/build/icyphy/ptII/ptolemy/actor/lib/test/auto/record.xml
----------------- Instantiating /home/travis/build/icyphy/ptII/ptolemy/actor/lib/test/auto/record.xml
5 ms. Memory: 516096K Free: 457864K (89%)
----------------- Invoking toplevel() on ptolemy.moml.MoMLSimpleApplication@49d0fbf7
----------------- Done invoking toplevel() on ptolemy.moml.MoMLSimpleApplication@49d0fbf7
reloadAllAccessors: .record

===========================================================================================
----------------- testing Thu Oct 10 18:45:19 UTC 2019 /home/travis/build/icyphy/ptII/ptolemy/actor/lib/test/auto/sizedarray1.xml
----------------- Instantiating /home/travis/build/icyphy/ptII/ptolemy/actor/lib/test/auto/sizedarray1.xml
1 ms. Memory: 516096K Free: 452234K (88%)
----------------- Invoking toplevel() on ptolemy.moml.MoMLSimpleApplication@cda8cba
----------------- Done invoking toplevel() on ptolemy.moml.MoMLSimpleApplication@cda8cba
reloadAllAccessors: .sizedarray1

===========================================================================================
----------------- testing Thu Oct 10 18:45:19 UTC 2019 /home/travis/build/icyphy/ptII/ptolemy/actor/lib/test/auto/sizedarray2.xml
----------------- Instantiating /home/travis/build/icyphy/ptII/ptolemy/actor/lib/test/auto/sizedarray2.xml
1 ms. Memory: 516096K Free: 447114K (87%)
----------------- Invoking toplevel() on ptolemy.moml.MoMLSimpleApplication@147aef0c
----------------- Done invoking toplevel() on ptolemy.moml.MoMLSimpleApplication@147aef0c
reloadAllAccessors: .sizedarray2

===========================================================================================
----------------- testing Thu Oct 10 18:45:19 UTC 2019 /home/travis/build/icyphy/ptII/ptolemy/actor/lib/test/auto/twoPublishers.xml
----------------- Instantiating /home/travis/build/icyphy/ptII/ptolemy/actor/lib/test/auto/twoPublishers.xml
3 ms. Memory: 516096K Free: 435850K (84%)
----------------- Invoking toplevel() on ptolemy.moml.MoMLSimpleApplication@56aea80f
----------------- Done invoking toplevel() on ptolemy.moml.MoMLSimpleApplication@56aea80f
reloadAllAccessors: .twoPublishers
AutoTests.java: About to close Vertx.
AutoTests.java: Vertx closed.
]]></system-out>
  <system-err><![CDATA[java.lang.RuntimeException: Execution failed
	at ptolemy.moml.MoMLSimpleApplication$UnloadThread.run(MoMLSimpleApplication.java:402)
Caused by: java.lang.RuntimeException: StringUtilities.exit() was called. Normally, we would exit here because Manager.exitAfterWrapup() was called.  However, because the ptolemy.ptII.exitAfterWrapup property is set, we throw this exception instead.
	at ptolemy.util.StringUtilities.exit(StringUtilities.java:365)
	at ptolemy.actor.Manager.wrapup(Manager.java:1549)
	at ptolemy.actor.Manager.execute(Manager.java:407)
	at ptolemy.actor.Manager.run(Manager.java:1263)
	at ptolemy.actor.Manager$PtolemyRunThread.run(Manager.java:1933)
Warning: '.top.test' is in training mode, set the trainingMode parameter to false before checking in
Warning: '.top.test' is in training mode, set the trainingMode parameter to false before checking in
Warning: '.top.test' is in training mode, set the trainingMode parameter to false before checking in
Warning: '.BooleanSwitch_RegressionTest_WrongTrainingValues.Test' is in training mode, set the trainingMode parameter to false before checking in
Warning: '.BooleanSwitch_RegressionTest_WrongTrainingValues.Test2' is in training mode, set the trainingMode parameter to false before checking in
Warning: '.BooleanSwitch_RegressionTest_WrongTrainingValues.Test2' The test produced 0 tokens.
Warning: '.top.testExceptionHandler' is in training mode, set the trainingMode parameter to false before checking in
java.lang.RuntimeException: Execution failed
	at ptolemy.moml.MoMLSimpleApplication$UnloadThread.run(MoMLSimpleApplication.java:402)
Caused by: ptolemy.kernel.util.IllegalActionException: PublisherPorts cannot be used at the top level, use a Publisher actor instead.
  in .PublisherPortToplevelSubscriber.PublisherPort
	at ptolemy.actor.PublisherPort.preinitialize(PublisherPort.java:403)
	at ptolemy.actor.CompositeActor.preinitialize(CompositeActor.java:1769)
	at ptolemy.actor.Manager.preinitializeAndResolveTypes(Manager.java:1040)
	at ptolemy.actor.Manager.initialize(Manager.java:710)
	at ptolemy.actor.Manager.execute(Manager.java:356)
	at ptolemy.actor.Manager.run(Manager.java:1263)
	at ptolemy.actor.Manager$PtolemyRunThread.run(Manager.java:1933)
java.lang.reflect.InvocationTargetException
	at java.base/jdk.internal.reflect.NativeConstructorAccessorImpl.newInstance0(Native Method)
	at java.base/jdk.internal.reflect.NativeConstructorAccessorImpl.newInstance(NativeConstructorAccessorImpl.java:62)
	at java.base/jdk.internal.reflect.DelegatingConstructorAccessorImpl.newInstance(DelegatingConstructorAccessorImpl.java:45)
	at java.base/java.lang.reflect.Constructor.newInstance(Constructor.java:490)
	at ptolemy.util.test.junit.AutoKnownFailedTests.RunModel(AutoKnownFailedTests.java:105)
	at java.base/jdk.internal.reflect.NativeMethodAccessorImpl.invoke0(Native Method)
	at java.base/jdk.internal.reflect.NativeMethodAccessorImpl.invoke(NativeMethodAccessorImpl.java:62)
	at java.base/jdk.internal.reflect.DelegatingMethodAccessorImpl.invoke(DelegatingMethodAccessorImpl.java:43)
	at java.base/java.lang.reflect.Method.invoke(Method.java:566)
	at org.junit.runners.model.FrameworkMethod$1.runReflectiveCall(FrameworkMethod.java:44)
	at org.junit.internal.runners.model.ReflectiveCallable.run(ReflectiveCallable.java:15)
	at org.junit.runners.model.FrameworkMethod.invokeExplosively(FrameworkMethod.java:41)
	at junitparams.internal.InvokeParameterisedMethod.evaluate(InvokeParameterisedMethod.java:102)
	at org.junit.internal.runners.statements.FailOnTimeout$1.run(FailOnTimeout.java:28)
Caused by: ptolemy.kernel.util.IllegalActionException: PublisherPorts cannot be used at the top level, use a Publisher actor instead.
  in .PublisherPortToplevelSubscriber.PublisherPort
	at ptolemy.actor.PublisherPort.preinitialize(PublisherPort.java:403)
	at ptolemy.actor.CompositeActor.preinitialize(CompositeActor.java:1769)
	at ptolemy.actor.Manager.preinitializeAndResolveTypes(Manager.java:1040)
	at ptolemy.actor.Manager.initialize(Manager.java:710)
	at ptolemy.actor.Manager.execute(Manager.java:356)
	at ptolemy.actor.Manager.run(Manager.java:1263)
	at ptolemy.actor.Manager$PtolemyRunThread.run(Manager.java:1933)
java.lang.RuntimeException: Execution failed
	at ptolemy.moml.MoMLSimpleApplication$UnloadThread.run(MoMLSimpleApplication.java:402)
Caused by: ptolemy.kernel.util.IllegalActionException: SubscriberPorts cannot be used at the top level, use a Subscriber actor instead.
  in .PublisherSubscriberPortToplevel.SubscriberPort
	at ptolemy.actor.SubscriberPort.preinitialize(SubscriberPort.java:328)
	at ptolemy.actor.CompositeActor.preinitialize(CompositeActor.java:1769)
	at ptolemy.actor.Manager.preinitializeAndResolveTypes(Manager.java:1040)
	at ptolemy.actor.Manager.initialize(Manager.java:710)
	at ptolemy.actor.Manager.execute(Manager.java:356)
	at ptolemy.actor.Manager.run(Manager.java:1263)
	at ptolemy.actor.Manager$PtolemyRunThread.run(Manager.java:1933)
java.lang.reflect.InvocationTargetException
	at java.base/jdk.internal.reflect.NativeConstructorAccessorImpl.newInstance0(Native Method)
	at java.base/jdk.internal.reflect.NativeConstructorAccessorImpl.newInstance(NativeConstructorAccessorImpl.java:62)
	at java.base/jdk.internal.reflect.DelegatingConstructorAccessorImpl.newInstance(DelegatingConstructorAccessorImpl.java:45)
	at java.base/java.lang.reflect.Constructor.newInstance(Constructor.java:490)
	at ptolemy.util.test.junit.AutoKnownFailedTests.RunModel(AutoKnownFailedTests.java:105)
	at java.base/jdk.internal.reflect.NativeMethodAccessorImpl.invoke0(Native Method)
	at java.base/jdk.internal.reflect.NativeMethodAccessorImpl.invoke(NativeMethodAccessorImpl.java:62)
	at java.base/jdk.internal.reflect.DelegatingMethodAccessorImpl.invoke(DelegatingMethodAccessorImpl.java:43)
	at java.base/java.lang.reflect.Method.invoke(Method.java:566)
	at org.junit.runners.model.FrameworkMethod$1.runReflectiveCall(FrameworkMethod.java:44)
	at org.junit.internal.runners.model.ReflectiveCallable.run(ReflectiveCallable.java:15)
	at org.junit.runners.model.FrameworkMethod.invokeExplosively(FrameworkMethod.java:41)
	at junitparams.internal.InvokeParameterisedMethod.evaluate(InvokeParameterisedMethod.java:102)
	at org.junit.internal.runners.statements.FailOnTimeout$1.run(FailOnTimeout.java:28)
Caused by: ptolemy.kernel.util.IllegalActionException: SubscriberPorts cannot be used at the top level, use a Subscriber actor instead.
  in .PublisherSubscriberPortToplevel.SubscriberPort
	at ptolemy.actor.SubscriberPort.preinitialize(SubscriberPort.java:328)
	at ptolemy.actor.CompositeActor.preinitialize(CompositeActor.java:1769)
	at ptolemy.actor.Manager.preinitializeAndResolveTypes(Manager.java:1040)
	at ptolemy.actor.Manager.initialize(Manager.java:710)
	at ptolemy.actor.Manager.execute(Manager.java:356)
	at ptolemy.actor.Manager.run(Manager.java:1263)
	at ptolemy.actor.Manager$PtolemyRunThread.run(Manager.java:1933)
java.lang.RuntimeException: Execution failed
	at ptolemy.moml.MoMLSimpleApplication$UnloadThread.run(MoMLSimpleApplication.java:402)
Caused by: ptolemy.kernel.util.IllegalActionException: SubscriptionAggregatorPorts cannot be used at the top level, use a SubscriptionAggregator actor instead.
  in .PublisherSubscriptionAggregatorPort.SubscriptionAggregatorPort
	at ptolemy.actor.SubscriptionAggregatorPort.preinitialize(SubscriptionAggregatorPort.java:353)
	at ptolemy.actor.CompositeActor.preinitialize(CompositeActor.java:1769)
	at ptolemy.actor.Manager.preinitializeAndResolveTypes(Manager.java:1040)
	at ptolemy.actor.Manager.initialize(Manager.java:710)
	at ptolemy.actor.Manager.execute(Manager.java:356)
	at ptolemy.actor.Manager.run(Manager.java:1263)
	at ptolemy.actor.Manager$PtolemyRunThread.run(Manager.java:1933)
java.lang.reflect.InvocationTargetException
	at java.base/jdk.internal.reflect.NativeConstructorAccessorImpl.newInstance0(Native Method)
	at java.base/jdk.internal.reflect.NativeConstructorAccessorImpl.newInstance(NativeConstructorAccessorImpl.java:62)
	at java.base/jdk.internal.reflect.DelegatingConstructorAccessorImpl.newInstance(DelegatingConstructorAccessorImpl.java:45)
	at java.base/java.lang.reflect.Constructor.newInstance(Constructor.java:490)
	at ptolemy.util.test.junit.AutoKnownFailedTests.RunModel(AutoKnownFailedTests.java:105)
	at java.base/jdk.internal.reflect.NativeMethodAccessorImpl.invoke0(Native Method)
	at java.base/jdk.internal.reflect.NativeMethodAccessorImpl.invoke(NativeMethodAccessorImpl.java:62)
	at java.base/jdk.internal.reflect.DelegatingMethodAccessorImpl.invoke(DelegatingMethodAccessorImpl.java:43)
	at java.base/java.lang.reflect.Method.invoke(Method.java:566)
	at org.junit.runners.model.FrameworkMethod$1.runReflectiveCall(FrameworkMethod.java:44)
	at org.junit.internal.runners.model.ReflectiveCallable.run(ReflectiveCallable.java:15)
	at org.junit.runners.model.FrameworkMethod.invokeExplosively(FrameworkMethod.java:41)
	at junitparams.internal.InvokeParameterisedMethod.evaluate(InvokeParameterisedMethod.java:102)
	at org.junit.internal.runners.statements.FailOnTimeout$1.run(FailOnTimeout.java:28)
Caused by: ptolemy.kernel.util.IllegalActionException: SubscriptionAggregatorPorts cannot be used at the top level, use a SubscriptionAggregator actor instead.
  in .PublisherSubscriptionAggregatorPort.SubscriptionAggregatorPort
	at ptolemy.actor.SubscriptionAggregatorPort.preinitialize(SubscriptionAggregatorPort.java:353)
	at ptolemy.actor.CompositeActor.preinitialize(CompositeActor.java:1769)
	at ptolemy.actor.Manager.preinitializeAndResolveTypes(Manager.java:1040)
	at ptolemy.actor.Manager.initialize(Manager.java:710)
	at ptolemy.actor.Manager.execute(Manager.java:356)
	at ptolemy.actor.Manager.run(Manager.java:1263)
	at ptolemy.actor.Manager$PtolemyRunThread.run(Manager.java:1933)
java.lang.RuntimeException: Execution failed
	at ptolemy.moml.MoMLSimpleApplication$UnloadThread.run(MoMLSimpleApplication.java:402)
Caused by: ptolemy.kernel.util.IllegalActionException: TypeTest actor has no training data.
  in .sizedarray3.TypeTest
	at ptolemy.actor.lib.TypeTest.initialize(TypeTest.java:250)
	at ptolemy.actor.Director.initialize(Director.java:938)
	at ptolemy.actor.Director.initialize(Director.java:907)
	at ptolemy.actor.sched.StaticSchedulingDirector.initialize(StaticSchedulingDirector.java:159)
	at ptolemy.domains.sdf.kernel.SDFDirector.initialize(SDFDirector.java:544)
	at ptolemy.actor.CompositeActor.initialize(CompositeActor.java:935)
	at ptolemy.actor.Manager.initialize(Manager.java:724)
	at ptolemy.actor.Manager.execute(Manager.java:356)
	at ptolemy.actor.Manager.run(Manager.java:1263)
	at ptolemy.actor.Manager$PtolemyRunThread.run(Manager.java:1933)
java.lang.reflect.InvocationTargetException
	at java.base/jdk.internal.reflect.NativeConstructorAccessorImpl.newInstance0(Native Method)
	at java.base/jdk.internal.reflect.NativeConstructorAccessorImpl.newInstance(NativeConstructorAccessorImpl.java:62)
	at java.base/jdk.internal.reflect.DelegatingConstructorAccessorImpl.newInstance(DelegatingConstructorAccessorImpl.java:45)
	at java.base/java.lang.reflect.Constructor.newInstance(Constructor.java:490)
	at ptolemy.util.test.junit.AutoKnownFailedTests.RunModel(AutoKnownFailedTests.java:105)
	at java.base/jdk.internal.reflect.NativeMethodAccessorImpl.invoke0(Native Method)
	at java.base/jdk.internal.reflect.NativeMethodAccessorImpl.invoke(NativeMethodAccessorImpl.java:62)
	at java.base/jdk.internal.reflect.DelegatingMethodAccessorImpl.invoke(DelegatingMethodAccessorImpl.java:43)
	at java.base/java.lang.reflect.Method.invoke(Method.java:566)
	at org.junit.runners.model.FrameworkMethod$1.runReflectiveCall(FrameworkMethod.java:44)
	at org.junit.internal.runners.model.ReflectiveCallable.run(ReflectiveCallable.java:15)
	at org.junit.runners.model.FrameworkMethod.invokeExplosively(FrameworkMethod.java:41)
	at junitparams.internal.InvokeParameterisedMethod.evaluate(InvokeParameterisedMethod.java:102)
	at org.junit.internal.runners.statements.FailOnTimeout$1.run(FailOnTimeout.java:28)
Caused by: ptolemy.kernel.util.IllegalActionException: TypeTest actor has no training data.
  in .sizedarray3.TypeTest
	at ptolemy.actor.lib.TypeTest.initialize(TypeTest.java:250)
	at ptolemy.actor.Director.initialize(Director.java:938)
	at ptolemy.actor.Director.initialize(Director.java:907)
	at ptolemy.actor.sched.StaticSchedulingDirector.initialize(StaticSchedulingDirector.java:159)
	at ptolemy.domains.sdf.kernel.SDFDirector.initialize(SDFDirector.java:544)
	at ptolemy.actor.CompositeActor.initialize(CompositeActor.java:935)
	at ptolemy.actor.Manager.initialize(Manager.java:724)
	at ptolemy.actor.Manager.execute(Manager.java:356)
	at ptolemy.actor.Manager.run(Manager.java:1263)
	at ptolemy.actor.Manager$PtolemyRunThread.run(Manager.java:1933)
]]></system-err>
</testsuite>
