<?xml version="1.0" encoding="UTF-8" ?>
<testsuite errors="0" failures="0" hostname="travis-job-82ebc975-1f7e-41ec-b2be-ca0484c9e8be" name="ptolemy.actor.lib.test.junit.JUnitTclTest" skipped="0" tests="518" time="63.731" timestamp="2018-06-11T02:25:14">
  <properties>
    <property name="npm.executable" value="npm" />
    <property name="file.encoding.pkg" value="sun.io" />
    <property name="ptII.mk.exists" value="true" />
    <property name="env.rvm_bin_path" value="/home/travis/.rvm/bin" />
    <property name="java.home" value="/usr/lib/jvm/java-8-oracle/jre" />
    <property name="env.TRAVIS_JOB_NUMBER" value="561.7" />
    <property name="env.DISPLAY" value=":99.0" />
    <property name="java.net.preferIPv4Stack" value="true" />
    <property name="env.SSH_TTY" value="/dev/pts/0" />
    <property name="env.RUN_TESTS" value="true" />
    <property name="timeout.short" value="1000000" />
    <property name="env.TRAVIS_STACK_NODE_ATTRIBUTES" value="/.node-attributes.yml" />
    <property name="junit.formatter" value="xml" />
    <property name="java.endorsed.dirs" value="/usr/lib/jvm/java-8-oracle/jre/lib/endorsed" />
    <property name="env.TRAVIS_SUDO" value="true" />
    <property name="env.LOGNAME" value="travis" />
    <property name="env.PT_TRAVIS_TEST_CORE1_XML" value="true" />
    <property name="jsdoc.home" value="node_modules/@terraswarm/jsdoc" />
    <property name="debuglevel" value="source,lines,vars" />
    <property name="checkstyle.formatter" value="xml" />
    <property name="bin.vergil.makeable" value="true" />
    <property name="env._system_version" value="14.04" />
    <property name="sun.os.patch.level" value="unknown" />
    <property name="java.vendor.url" value="http://java.oracle.com/" />
    <property name="java.version" value="1.8.0_151" />
    <property name="env.TZ" value="UTC" />
    <property name="env.PT_NO_NET" value="true" />
    <property name="env.TRAVIS_PULL_REQUEST_SHA" value="" />
    <property name="env.TRAVIS_SECURE_ENV_VARS" value="true" />
    <property name="env._system_type" value="Linux" />
    <property name="java.vendor.url.bug" value="http://bugreport.sun.com/bugreport/" />
    <property name="env.SSH_CLIENT" value="10.10.4.27 41406 22" />
    <property name="npmjs-org-is-up" value="true" />
    <property name="env.GEM_HOME" value="/home/travis/.rvm/gems/ruby-2.4.1" />
    <property name="env.HAS_ANTARES_THREE_LITTLE_FRONZIES_BADGE" value="true" />
    <property name="env.PS4" value="+" />
    <property name="ant.project.invoked-targets" value="build,test.core1.xml" />
    <property name="env.TRAVIS_PULL_REQUEST_BRANCH" value="" />
    <property name="env.TRAVIS_REPO_SLUG" value="icyphy/ptII" />
    <property name="node.in.path" value="true" />
    <property name="java.maxmemory" value="1400m" />
    <property name="env.RUBY_VERSION" value="ruby-2.4.1" />
    <property name="user.name" value="travis" />
    <property name="env.LANG" value="en_US.UTF-8" />
    <property name="sun.io.unicode.encoding" value="UnicodeLittle" />
    <property name="sun.jnu.encoding" value="UTF-8" />
    <property name="java.runtime.name" value="Java(TM) SE Runtime Environment" />
    <property name="usefile" value="false" />
    <property name="return.code" value="0" />
    <property name="junit.single.formatter" value="plain" />
    <property name="env.DYLD_LIBRARY_PATH" value="/home/travis/pthla/certi-tools/lib:" />
    <property name="env.DEBIAN_FRONTEND" value="noninteractive" />
    <property name="env.SSH_CONNECTION" value="10.10.4.27 41406 10.20.0.64 22" />
    <property name="env.MYSQL_UNIX_PORT" value="/var/run/mysqld/mysqld.sock" />
    <property name="env.TRAVIS_ALLOW_FAILURE" value="false" />
    <property name="env.LC_ALL" value="en_US.UTF-8" />
    <property name="java.specification.name" value="Java Platform API Specification" />
    <property name="node.works" value="true" />
    <property name="user.timezone" value="" />
    <property name="path.separator" value=":" />
    <property name="env.PYTHON_CFLAGS" value="-g -fstack-protector --param=ssp-buffer-size=4 -Wformat -Werror=format-security" />
    <property name="timeout.long" value="4000000" />
    <property name="env.CERTI_HOME" value="/home/travis/pthla/certi-tools" />
    <property name="file.encoding" value="UTF-8" />
    <property name="ant.file.ptII" value="/home/travis/build/icyphy/ptII/build.xml" />
    <property name="javadoc.packagenames" value="com.*,diva.*,lbnl.*,org.hlacerti.*,org.json.*,org.ptolemy.*,org.terraswarm.*,ptolemy.*,ptserver.*" />
    <property name="env.TRAVIS_PULL_REQUEST_SLUG" value="" />
    <property name="ant.project.default-target" value="build" />
    <property name="env.GIT_ASKPASS" value="echo" />
    <property name="env.HOME" value="/home/travis" />
    <property name="sun.java.command" value="org.apache.tools.ant.taskdefs.optional.junit.JUnitTestRunner ptolemy.actor.lib.test.junit.JUnitTclTest skipNonTests=false filtertrace=true haltOnError=false haltOnFailure=false formatter=org.apache.tools.ant.taskdefs.optional.junit.OutErrSummaryJUnitResultFormatter showoutput=true outputtoformatters=true logfailedtests=true threadid=0 logtestlistenerevents=false formatter=org.apache.tools.ant.taskdefs.optional.junit.XMLJUnitResultFormatter,/home/travis/build/icyphy/ptII/reports/junit/TEST-ptolemy.actor.lib.test.junit.JUnitTclTest.xml crashfile=/home/travis/build/icyphy/ptII/junitvmwatcher2612978185470119208.properties propsfile=/home/travis/build/icyphy/ptII/junit6033221605824453598.properties" />
    <property name="env.MANPATH" value="/home/travis/.nvm/versions/node/v7.10.1/share/man:/home/travis/.kiex/elixirs/elixir-1.4.5/man:/home/travis/.rvm/rubies/ruby-2.4.1/share/man:/usr/local/man:/usr/local/cmake-3.9.2/man:/usr/local/clang-5.0.0/share/man:/usr/local/share/man:/usr/share/man:/home/travis/.rvm/man" />
    <property name="env.COMPOSER_NO_INTERACTION" value="1" />
    <property name="env.JDK_SWITCHER_DEFAULT" value="oraclejdk8" />
    <property name="ant.file" value="/home/travis/build/icyphy/ptII/build.xml" />
    <property name="env.TRAVIS_COMMIT_RANGE" value="a7142c1f5e8c...86d7e42b5cee" />
    <property name="env._system_name" value="Ubuntu" />
    <property name="timeout" value="2400000" />
    <property name="ptII.classpath.optional.property" value="/home/travis/build/icyphy/ptII/lib/bsh-2.0b4.jar:/home/travis/build/icyphy/ptII/lib/ptCal.jar:/home/travis/build/icyphy/ptII/lib/java_cup.jar:/home/travis/build/icyphy/ptII/lib/saxon8.jar:/home/travis/build/icyphy/ptII/lib/saxon8-dom.jar:/home/travis/build/icyphy/ptII/lib/chic.jar:/home/travis/build/icyphy/ptII/lib/ptcolt.jar:/usr/lib/jvm/java-8-oracle/lib/tools.jar:/usr/lib/eclipse/plugins/org.eclipse.jdt.core_3.8.2.dist.jar:/usr/lib/eclipse/plugins/org.eclipse.core.runtime_3.8.0.dist.jar:/usr/lib/eclipse/plugins/org.eclipse.osgi_3.8.1.dist.jar:/usr/lib/eclipse/plugins/org.eclipse.core.resources_3.8.1.dist.jar:/usr/lib/eclipse/plugins/org.eclipse.equinox.common_3.6.100.dist.jar:/usr/lib/eclipse/plugins/org.eclipse.core.jobs_3.5.200.dist.jar:/usr/lib/eclipse/plugins/org.eclipse.core.contenttype_3.4.200.dist.jar:/usr/lib/eclipse/plugins/org.eclipse.equinox.preferences_3.5.0.dist.jar:/usr/lib/eclipse/plugins/org.eclipse.text_3.5.200.dist.jar:/usr/lib/eclipse/plugins/org.eclipse.ui.workbench_3.8.1.dist.jar:/usr/lib/eclipse/plugins/org.eclipse.jface_3.8.0.dist.jar:/usr/lib/eclipse/plugins/org.eclipse.swt_3.8.2.jar:/usr/lib/eclipse/plugins/org.eclipse.jface.text_3.8.1.dist.jar:/usr/lib/eclipse/plugins/org.eclipse.ui.workbench.texteditor_3.8.0.dist.jar:/usr/lib/eclipse/plugins/org.eclipse.ui.editors_3.8.0.dist.jar:/usr/lib/eclipse/plugins/org.eclipse.core.commands_3.6.1.dist.jar:/usr/lib/eclipse/plugins/org.eclipse.equinox.registry_3.5.200.dist.jar:/usr/lib/eclipse/plugins/org.eclipse.ui.console_3.5.100.dist.jar:/usr/lib/eclipse/plugins/org.eclipse.ui.forms_3.5.200.dist.jar:/usr/lib/eclipse/plugins/org.eclipse.ui.ide_3.8.1.dist.jar:/home/travis/build/icyphy/ptII/vendors/oracle/dbxml.jar:/home/travis/build/icyphy/ptII/vendors/oracle/db.jar:/home/travis/build/icyphy/ptII/vendors/misc/itext/iText.jar:/home/travis/build/icyphy/ptII/lib/g4ltl.jar:/home/travis/build/icyphy/ptII/lib/StructuralCoder.jar:/home/travis/build/icyphy/ptII/lib/org-openide-util.jar:/home/travis/build/icyphy/ptII/lib/org-openide-util-lookup.jar:/home/travis/build/icyphy/ptII/lib/org-netbeans-api-visual.jar:/home/travis/build/icyphy/ptII/vendors/jai-1_1_2_01/lib/jai_core.jar:/home/travis/build/icyphy/ptII/vendors/jai-1_1_2_01/lib/jai_codec.jar:/home/travis/build/icyphy/ptII/lib/jcerti.jar:/home/travis/build/icyphy/ptII/lib/smack.jar:/home/travis/build/icyphy/ptII/lib/smackx.jar:/home/travis/build/icyphy/ptII/lib/jetty-all-8.1.5-v20120716.jar:/home/travis/build/icyphy/ptII/lib/javax.servlet-api-3.0.1.jar:/home/travis/build/icyphy/ptII/lib/javax.mail.jar:/home/travis/build/icyphy/ptII/vendors/JMF-2.1.1e/lib/jmf.jar:/home/travis/build/icyphy/ptII/lib/jna-4.0.0-variadic.jar:/home/travis/build/icyphy/ptII/vendors/misc/joystick/Joystick.jar:/home/travis/build/icyphy/ptII/lib/ptjacl.jar:/home/travis/build/icyphy/ptII/lib/jsoup-1.8.2.jar:/home/travis/build/icyphy/ptII/lib/junit-4.8.2.jar:/home/travis/build/icyphy/ptII/lib/JUnitParams-0.4.0.jar:/home/travis/build/icyphy/ptII/ptolemy/actor/lib/excel/jxl.jar:/home/travis/build/icyphy/ptII/lib/jython.jar:/home/travis/build/icyphy/ptII/lib/kieler.jar:/home/travis/build/icyphy/ptII/vendors/opencv/share/OpenCV/java/opencv-341.jar:/home/travis/build/icyphy/ptII/lib/oscP5.jar:/home/travis/build/icyphy/ptII/lib/nrjavaserial-3.11.0.devel.jar:/usr/share/java/j3dcore.jar:/usr/share/java/j3dutils.jar:/usr/share/java/vecmath.jar:/home/travis/build/icyphy/ptII/ptolemy/distributed/jini/jar/jini-core.jar:/home/travis/build/icyphy/ptII/ptolemy/distributed/jini/jar/jini-ext.jar:/home/travis/build/icyphy/ptII/ptolemy/distributed/jini/jar/sun-util.jar:/home/travis/build/icyphy/ptII/lib/protobuf-java-2.4.1.jar:/home/travis/build/icyphy/ptII/lib/org.eclipse.paho.client.mqttv3.jar:/home/travis/build/icyphy/ptII/ptserver/lib/hessian-4.0.7.jar:/home/travis/build/icyphy/ptII/ptserver/lib/wmqtt.jar:/home/travis/build/icyphy/ptII/lib/mapss.jar:/home/travis/build/icyphy/ptII/ptolemy/actor/ptalon/antlr/antlr.jar:/home/travis/build/icyphy/ptII/lib/JRI.jar:/home/travis/build/icyphy/ptII/lib/commons-lang-2.6.jar:/home/travis/build/icyphy/ptII/lib/commons-logging-1.1.1.jar:/home/travis/build/icyphy/ptII/lib/sootclasses.jar:/home/travis/build/icyphy/ptII/ptolemy/actor/lib/database/mysql-connector-java-5.1.6-bin.jar:/home/travis/build/icyphy/ptII/vendors/misc/sphinx4/sphinx4-data-5prealpha.jar:/home/travis/build/icyphy/ptII/vendors/misc/sphinx4/sphinx4-core-5prealpha.jar:/home/travis/build/icyphy/ptII/lib/PDFRenderer.jar:/home/travis/build/icyphy/ptII/lib/svgSalamander.jar:/home/travis/build/icyphy/ptII/lib/rsyntaxtextarea-2.6.0-SNAPSHOT.jar:/home/travis/build/icyphy/ptII/lib/hazelcast-3.8.2.jar:/home/travis/build/icyphy/ptII/lib/jackson-annotations-2.9.0.jar:/home/travis/build/icyphy/ptII/lib/jackson-core-2.9.3.jar:/home/travis/build/icyphy/ptII/lib/jackson-databind-2.9.3.jar:/home/travis/build/icyphy/ptII/lib/netty-buffer-4.1.19.Final.jar:/home/travis/build/icyphy/ptII/lib/netty-codec-4.1.19.Final.jar:/home/travis/build/icyphy/ptII/lib/netty-codec-dns-4.1.19.Final.jar:/home/travis/build/icyphy/ptII/lib/netty-codec-http-4.1.19.Final.jar:/home/travis/build/icyphy/ptII/lib/netty-codec-http2-4.1.19.Final.jar:/home/travis/build/icyphy/ptII/lib/netty-common-4.1.19.Final.jar:/home/travis/build/icyphy/ptII/lib/netty-handler-4.1.19.Final.jar:/home/travis/build/icyphy/ptII/lib/netty-resolver-4.1.19.Final.jar:/home/travis/build/icyphy/ptII/lib/netty-resolver-dns-4.1.19.Final.jar:/home/travis/build/icyphy/ptII/lib/netty-transport-4.1.19.Final.jar:/home/travis/build/icyphy/ptII/lib/vertx-codegen-3.5.1.jar:/home/travis/build/icyphy/ptII/lib/vertx-core-3.5.2-SNAPSHOT.jar:/home/travis/build/icyphy/ptII/lib/vertx-hazelcast-3.5.1.jar:/home/travis/build/icyphy/ptII/lib/vertx-lang-js-3.5.1.jar:/home/travis/build/icyphy/ptII/lib/vertx-service-proxy-3.5.1.jar:/home/travis/build/icyphy/ptII/lib/vertx-web-3.5.1.jar:/home/travis/build/icyphy/ptII/lib/slf4j-api-1.7.13.jar:/home/travis/build/icyphy/ptII/lib/slf4j-simple-1.7.13.jar:/home/travis/build/icyphy/ptII/lib/webcam-capture-0.3.12.jar:/home/travis/build/icyphy/ptII/lib/bridj-0.7.0.jar:/home/travis/build/icyphy/ptII/lib/xbjlib-1.1.0.nrjavaserial.jar" />
    <property name="test.batch" value="**/junit/*.java" />
    <property name="env._" value="/usr/bin/timeout" />
    <property name="java.io.tmpdir" value="/tmp" />
    <property name="user.language" value="en" />
    <property name="env.HISTCONTROL" value="ignoredups:ignorespace" />
    <property name="env.GOROOT" value="/home/travis/.gimme/versions/go1.7.4.linux.amd64" />
    <property name="line.separator" value="&#xa;" />
    <property name="target" value="1.8" />
    <property name="env.TRAVIS_BUILD_DIR" value="/home/travis/build/icyphy/ptII" />
    <property name="env.ANT_OPTS" value="-Xmx2048m" />
    <property name="ant.file.type" value="file" />
    <property name="ptolemy.ptII.batchMode" value="true" />
    <property name="env.HISTSIZE" value="1000" />
    <property name="env.MERB_ENV" value="test" />
    <property name="java.vm.info" value="mixed mode" />
    <property name="source" value="1.8" />
    <property name="java.vm.specification.name" value="Java Virtual Machine Specification" />
    <property name="env.TRAVIS_TEST_RESULT" value="0" />
    <property name="jsdoc.command" value="node_modules/@terraswarm/jsdoc/jsdoc.js" />
    <property name="npm.works" value="true" />
    <property name="cobertura.dir" value="/home/travis/build/icyphy/ptII/vendors/cobertura-2.0.3" />
    <property name="env.rvm_path" value="/home/travis/.rvm" />
    <property name="env.GEM_PATH" value="/home/travis/.rvm/gems/ruby-2.4.1:/home/travis/.rvm/gems/ruby-2.4.1@global" />
    <property name="env.LC_CTYPE" value="en_US.UTF-8" />
    <property name="java.awt.printerjob" value="sun.print.PSPrinterJob" />
    <property name="env.TRAVIS_STACK_NAME" value="garnet" />
    <property name="ant.version" value="Apache Ant(TM) version 1.10.1 compiled on February 2 2017" />
    <property name="ptII.reports" value="/home/travis/build/icyphy/ptII/reports" />
    <property name="env.TRAVIS_STACK_TIMESTAMP" value="2017-12-05 19:33:09 UTC" />
    <property name="ant.file.type.ptII" value="file" />
    <property name="env.RBENV_SHELL" value="bash" />
    <property name="os.name" value="Linux" />
    <property name="java.specification.vendor" value="Oracle Corporation" />
    <property name="env.rvm_version" value="1.29.3 (latest)" />
    <property name="env.TERM" value="xterm" />
    <property name="java.vm.name" value="Java HotSpot(TM) 64-Bit Server VM" />
    <property name="env.TRAVIS_BUILD_NUMBER" value="561" />
    <property name="env.CI" value="true" />
    <property name="java.library.path" value="/home/travis/pthla/certi-tools/lib:/usr/lib/jni:/usr/local/share/OpenCV/java/:/usr/share/OpenCV/java::/usr/java/packages/lib/amd64:/usr/lib64:/lib64:/lib:/usr/lib" />
    <property name="env.rvm_prefix" value="/home/travis" />
    <property name="env.PATH" value="/home/travis/pthla/certi-tools/share/scripts:/home/travis/.rvm/gems/ruby-2.4.1/bin:/home/travis/.rvm/gems/ruby-2.4.1@global/bin:/home/travis/.rvm/rubies/ruby-2.4.1/bin:/home/travis/.rvm/bin:/home/travis/.nvm/versions/node/v7.10.1/bin:./node_modules/.bin:/home/travis/build/icyphy/ptII/bin:/home/travis/pthla/certi-tools/bin:/home/travis/bin:/home/travis/.local/bin:/opt/pyenv/shims:/home/travis/.phpenv/shims:/home/travis/perl5/perlbrew/bin:/home/travis/.kiex/elixirs/elixir-1.4.5/bin:/home/travis/.kiex/bin:/home/travis/gopath/bin:/home/travis/.gimme/versions/go1.7.4.linux.amd64/bin:/usr/local/phantomjs/bin:/usr/local/phantomjs:/usr/local/neo4j-3.2.7/bin:/usr/local/maven-3.5.2/bin:/usr/local/cmake-3.9.2/bin:/usr/local/clang-5.0.0/bin:/usr/local/sbin:/usr/local/bin:/usr/sbin:/usr/bin:/sbin:/bin:/home/travis/.phpenv/bin:/opt/pyenv/bin:/home/travis/.yarn/bin" />
    <property name="env.TRAVIS_OS_NAME" value="linux" />
    <property name="ant.java.version" value="1.8" />
    <property name="basedir" value="/home/travis/build/icyphy/ptII" />
    <property name="java.class.version" value="52.0" />
    <property name="env.SHLVL" value="3" />
    <property name="env.LD_LIBRARY_PATH" value="/home/travis/pthla/certi-tools/lib:/usr/lib/jni:/usr/local/share/OpenCV/java/:/usr/share/OpenCV/java:" />
    <property name="env.RACK_ENV" value="test" />
    <property name="ant.home" value="/home/travis/build/icyphy/ptII/ant" />
    <property name="env.NVM_DIR" value="/home/travis/.nvm" />
    <property name="env.PERLBREW_BASHRC_VERSION" value="0.80" />
    <property name="env.CERTI_FOM_PATH" value="/home/travis/pthla/certi-tools/share/federations" />
    <property name="env.TRAVIS_BUILD_ID" value="390567108" />
    <property name="env.PYENV_ROOT" value="/opt/pyenv" />
    <property name="env.TRAVIS_UID" value="2000" />
    <property name="env.rvm_pretty_print_flag" value="auto" />
    <property name="env.NVM_BIN" value="/home/travis/.nvm/versions/node/v7.10.1/bin" />
    <property name="env.TRAVIS_COMMIT" value="86d7e42b5ceebb6fcd2c6b35fa861f5d2382df99" />
    <property name="env._system_arch" value="x86_64" />
    <property name="node.executable" value="node" />
    <property name="sun.boot.library.path" value="/usr/lib/jvm/java-8-oracle/jre/lib/amd64" />
    <property name="sun.management.compiler" value="HotSpot 64-Bit Tiered Compilers" />
    <property name="env.GOPATH" value="/home/travis/gopath" />
    <property name="java.awt.graphicsenv" value="sun.awt.X11GraphicsEnvironment" />
    <property name="ptolemy.ptII.dir" value="/home/travis/build/icyphy/ptII" />
    <property name="env.USER" value="travis" />
    <property name="env.HISTFILESIZE" value="2000" />
    <property name="timeout.longest" value="19000000" />
    <property name="env.TRAVIS_STACK_FEATURES" value="basic cassandra chromium couchdb disabled-ipv6 docker docker-compose elasticsearch firefox go-toolchain google-chrome jdk memcached mongodb mysql neo4j nodejs_interpreter perl_interpreter perlbrew phantomjs postgresql python_interpreter rabbitmq redis riak ruby_interpreter sqlite xserver" />
    <property name="env.TRAVIS_PULL_REQUEST" value="false" />
    <property name="env.PYENV_SHELL" value="bash" />
    <property name="ant.project.name" value="ptII" />
    <property name="java.vm.specification.version" value="1.8" />
    <property name="env.CERTI_VERSION" value="4.0.0" />
    <property name="env.NLSPATH" value="/usr/dt/lib/nls/msg/%L/%N.cat" />
    <property name="awt.toolkit" value="sun.awt.X11.XToolkit" />
    <property name="env.CERTI_HOST" value="localhost" />
    <property name="env.MY_RUBY_HOME" value="/home/travis/.rvm/rubies/ruby-2.4.1" />
    <property name="sun.cpu.isalist" value="" />
    <property name="java.ext.dirs" value="/usr/lib/jvm/java-8-oracle/jre/lib/ext:/usr/java/packages/lib/ext" />
    <property name="os.version" value="4.4.0-101-generic" />
    <property name="user.home" value="/home/travis" />
    <property name="env.MIX_ARCHIVES" value="/home/travis/.kiex/mix/elixir-1.4.5" />
    <property name="java.vm.vendor" value="Oracle Corporation" />
    <property name="env.TRAVIS_TAG" value="nightly" />
    <property name="env.TRAVIS_FILTERED" value="redirect_io" />
    <property name="javadoc.excludepackagenames" value="adm.cvs2svn.*,build.*,config.*,doc.coding.templates.*,jni.test.jni.meaningOfLife.*,jni.test.jni.testDeux.*,jni.test.jni.testTrois.*,org.terraswarm.accessor.accessors.web.node_modules.*,org.terraswarm.accessor.accessors.web.hosts.cordova.demo.*,org.terraswarm.accessor.accessors.web.hosts.cordova.plugins.*,org.terraswarm.accessor.accessors-svn.*,pt-modules.*,ptolemy.apps.agilent.*,ptolemy.apps.anytimecontrol.*,ptolemy.apps.apes.*,ptolemy.apps.charon.*,ptolemy.apps.crazyboard.*,ptolemy.apps.eclipse.*,ptolemy.apps.etherealSting.*,ptolemy.apps.fullscreen.*,ptolemy.apps.giotto.*,ptolemy.apps.ia.*,ptolemy.apps.interfaces.*,ptolemy.apps.jmf.*,ptolemy.apps.kurt.*,ptolemy.apps.kvm.*,ptolemy.apps.lego.*,ptolemy.apps.lejos.*,ptolemy.apps.midp.*,ptolemy.apps.mobileCoding.*,ptolemy.apps.pendulum.*,ptolemy.apps.rijndael.*,ptolemy.apps.robot.*,ptolemy.apps.security.*,ptolemy.apps.sobel.*,ptolemy.apps.soot.*,ptolemy.apps.throttle.*,ptolemy.apps.tini.*,ptolemy.apps.transmission.*,ptolemy.apps.vergil.*,ptolemy.apps.waba.*,ptolemy.apps.websensor.*,ptolemy.apps.webstart.*,ptolemy.apps.xsl.*,ptolemy.apps.zaurus.*,ptolemy.backtrack.eclipse.plugin.*,ptolemy.backtrack.test.*,ptolemy.codegen.c.actor.lib.oldJavaFiles.*,ptolemy.codegen.dsp.lib.*,ptolemy.codegen.kernel.newInterfaces.*,ptolemy.codegen.lib.*,ptolemy.copernicus.kernel.fragment.*,ptolemy.copernicus.shallow.cg.*,ptolemy.domains.giotto.demo.Hierarchy.Hierarchy.*,ptolemy.domains.giotto.demo.Multimode.Multimode.*,ptolemy.domains.giotto.demo.Simple.Simple.*,ptolemy.domains.gr.lib.experimental.*,ptolemy.domains.gro.*,ptolemy.domains.pdf.*,ptolemy.domains.ptinyos.demo.Surge.output.*,ptolemy.moml.test.NoPackageActor.java*,ptolemy.plot.adm.*,ptolemy.plot.servlet.*,reports.*,signed.*,src.*,target.*,vendors.*,ptolemy.cg.adapter.generic.program.procedural.c.mbed*,ptolemy.actor.lib.fmi.fmus.omc*,ptolemy.domains.openmodelica*,ptdb.kernel.bl.save.test.*,ptdb.kernel.bl.load.test.*,ptdb.kernel.bl.search.test.*,ptdb.kernel.bl.migration.test.*,ptdb.kernel.database.test.*,ptdb.test.*,ptdb.gui.test.*,org.ptolemy.scala.*,diva.util.java2d.svg.*,ptolemy.domains.ptinyos.*,ptolemy.actor.lib.fmi.fmipp.*,,org.terraswarm.accessor.accessors.web.node_modules.*,org.terraswarm.accessor.accessors-svn,ptolemy.apps.*,ptolemy.actor.ptalon.demo.ptinyos.SendAndReceiveCnt.output,ptolemy.actor.ptalon.demo.ptinyos.SenseToLeds.output,ptolemy.domains.ptinyos.demo.CntToLedsAndRfm.output,ptolemy.domains.ptinyos.demo.RfmToLeds.output,ptolemy.domains.ptinyos.demo.SendAndReceiveCnt.output,ptolemy.domains.ptinyos.demo.SenseToLeds.output,ptolemy.actor.lib.jjs.modules.udpSocket.*" />
    <property name="env.JAVA_HOME" value="/usr/lib/jvm/java-8-oracle" />
    <property name="env.PTII" value="/home/travis/build/icyphy/ptII" />
    <property name="env.TRAVIS_COMMIT_MESSAGE" value="Demo tuning" />
    <property name="keystore" value="ptKeystore" />
    <property name="env.XDG_SESSION_ID" value="2" />
    <property name="junit.output.dir" value="/home/travis/build/icyphy/ptII/reports/junit" />
    <property name="npm.return.code" value="0" />
    <property name="user.dir" value="/home/travis/build/icyphy/ptII/ptolemy/actor/lib/test" />
    <property name="env.TRAVIS_NODE_VERSION" value="7" />
    <property name="env.XFILESEARCHPATH" value="/usr/dt/app-defaults/%L/Dt" />
    <property name="env.TRAVIS_EVENT_TYPE" value="push" />
    <property name="env.MAIL" value="/var/mail/travis" />
    <property name="env.PWD" value="/home/travis/build/icyphy/ptII" />
    <property name="env.PERLBREW_ROOT" value="/home/travis/perl5/perlbrew" />
    <property name="timeout.npm" value="45000" />
    <property name="env.PAGER" value="cat" />
    <property name="sun.cpu.endian" value="little" />
    <property name="env.TRAVIS_BUILD_STAGE_NAME" value="Test" />
    <property name="env.PERLBREW_HOME" value="/home/travis/.perlbrew" />
    <property name="env.RAILS_ENV" value="test" />
    <property name="java.vm.version" value="25.151-b12" />
    <property name="java.class.path" value="/home/travis/.ptolemyII:/home/travis/.ptolemyII/*:/home/travis/build/icyphy/ptII:/home/travis/build/icyphy/ptII/lib/bsh-2.0b4.jar:/home/travis/build/icyphy/ptII/lib/ptCal.jar:/home/travis/build/icyphy/ptII/lib/java_cup.jar:/home/travis/build/icyphy/ptII/lib/saxon8.jar:/home/travis/build/icyphy/ptII/lib/saxon8-dom.jar:/home/travis/build/icyphy/ptII/lib/chic.jar:/home/travis/build/icyphy/ptII/lib/ptcolt.jar:/usr/lib/jvm/java-8-oracle/lib/tools.jar:/usr/lib/eclipse/plugins/org.eclipse.jdt.core_3.8.2.dist.jar:/usr/lib/eclipse/plugins/org.eclipse.core.runtime_3.8.0.dist.jar:/usr/lib/eclipse/plugins/org.eclipse.osgi_3.8.1.dist.jar:/usr/lib/eclipse/plugins/org.eclipse.core.resources_3.8.1.dist.jar:/usr/lib/eclipse/plugins/org.eclipse.equinox.common_3.6.100.dist.jar:/usr/lib/eclipse/plugins/org.eclipse.core.jobs_3.5.200.dist.jar:/usr/lib/eclipse/plugins/org.eclipse.core.contenttype_3.4.200.dist.jar:/usr/lib/eclipse/plugins/org.eclipse.equinox.preferences_3.5.0.dist.jar:/usr/lib/eclipse/plugins/org.eclipse.text_3.5.200.dist.jar:/usr/lib/eclipse/plugins/org.eclipse.ui.workbench_3.8.1.dist.jar:/usr/lib/eclipse/plugins/org.eclipse.jface_3.8.0.dist.jar:/usr/lib/eclipse/plugins/org.eclipse.swt_3.8.2.jar:/usr/lib/eclipse/plugins/org.eclipse.jface.text_3.8.1.dist.jar:/usr/lib/eclipse/plugins/org.eclipse.ui.workbench.texteditor_3.8.0.dist.jar:/usr/lib/eclipse/plugins/org.eclipse.ui.editors_3.8.0.dist.jar:/usr/lib/eclipse/plugins/org.eclipse.core.commands_3.6.1.dist.jar:/usr/lib/eclipse/plugins/org.eclipse.equinox.registry_3.5.200.dist.jar:/usr/lib/eclipse/plugins/org.eclipse.ui.console_3.5.100.dist.jar:/usr/lib/eclipse/plugins/org.eclipse.ui.forms_3.5.200.dist.jar:/usr/lib/eclipse/plugins/org.eclipse.ui.ide_3.8.1.dist.jar:/home/travis/build/icyphy/ptII/vendors/oracle/dbxml.jar:/home/travis/build/icyphy/ptII/vendors/oracle/db.jar:/home/travis/build/icyphy/ptII/vendors/misc/itext/iText.jar:/home/travis/build/icyphy/ptII/lib/g4ltl.jar:/home/travis/build/icyphy/ptII/lib/StructuralCoder.jar:/home/travis/build/icyphy/ptII/lib/org-openide-util.jar:/home/travis/build/icyphy/ptII/lib/org-openide-util-lookup.jar:/home/travis/build/icyphy/ptII/lib/org-netbeans-api-visual.jar:/home/travis/build/icyphy/ptII/vendors/jai-1_1_2_01/lib/jai_core.jar:/home/travis/build/icyphy/ptII/vendors/jai-1_1_2_01/lib/jai_codec.jar:/home/travis/build/icyphy/ptII/lib/jcerti.jar:/home/travis/build/icyphy/ptII/lib/smack.jar:/home/travis/build/icyphy/ptII/lib/smackx.jar:/home/travis/build/icyphy/ptII/lib/jetty-all-8.1.5-v20120716.jar:/home/travis/build/icyphy/ptII/lib/javax.servlet-api-3.0.1.jar:/home/travis/build/icyphy/ptII/lib/javax.mail.jar:/home/travis/build/icyphy/ptII/vendors/JMF-2.1.1e/lib/jmf.jar:/home/travis/build/icyphy/ptII/lib/jna-4.0.0-variadic.jar:/home/travis/build/icyphy/ptII/vendors/misc/joystick/Joystick.jar:/home/travis/build/icyphy/ptII/lib/ptjacl.jar:/home/travis/build/icyphy/ptII/lib/jsoup-1.8.2.jar:/home/travis/build/icyphy/ptII/lib/junit-4.8.2.jar:/home/travis/build/icyphy/ptII/lib/JUnitParams-0.4.0.jar:/home/travis/build/icyphy/ptII/ptolemy/actor/lib/excel/jxl.jar:/home/travis/build/icyphy/ptII/lib/jython.jar:/home/travis/build/icyphy/ptII/lib/kieler.jar:/home/travis/build/icyphy/ptII/vendors/opencv/share/OpenCV/java/opencv-341.jar:/home/travis/build/icyphy/ptII/lib/oscP5.jar:/home/travis/build/icyphy/ptII/lib/nrjavaserial-3.11.0.devel.jar:/usr/share/java/j3dcore.jar:/usr/share/java/j3dutils.jar:/usr/share/java/vecmath.jar:/home/travis/build/icyphy/ptII/ptolemy/distributed/jini/jar/jini-core.jar:/home/travis/build/icyphy/ptII/ptolemy/distributed/jini/jar/jini-ext.jar:/home/travis/build/icyphy/ptII/ptolemy/distributed/jini/jar/sun-util.jar:/home/travis/build/icyphy/ptII/lib/protobuf-java-2.4.1.jar:/home/travis/build/icyphy/ptII/lib/org.eclipse.paho.client.mqttv3.jar:/home/travis/build/icyphy/ptII/ptserver/lib/hessian-4.0.7.jar:/home/travis/build/icyphy/ptII/ptserver/lib/wmqtt.jar:/home/travis/build/icyphy/ptII/lib/mapss.jar:/home/travis/build/icyphy/ptII/ptolemy/actor/ptalon/antlr/antlr.jar:/home/travis/build/icyphy/ptII/lib/JRI.jar:/home/travis/build/icyphy/ptII/lib/commons-lang-2.6.jar:/home/travis/build/icyphy/ptII/lib/commons-logging-1.1.1.jar:/home/travis/build/icyphy/ptII/lib/sootclasses.jar:/home/travis/build/icyphy/ptII/ptolemy/actor/lib/database/mysql-connector-java-5.1.6-bin.jar:/home/travis/build/icyphy/ptII/vendors/misc/sphinx4/sphinx4-data-5prealpha.jar:/home/travis/build/icyphy/ptII/vendors/misc/sphinx4/sphinx4-core-5prealpha.jar:/home/travis/build/icyphy/ptII/lib/PDFRenderer.jar:/home/travis/build/icyphy/ptII/lib/svgSalamander.jar:/home/travis/build/icyphy/ptII/lib/rsyntaxtextarea-2.6.0-SNAPSHOT.jar:/home/travis/build/icyphy/ptII/lib/hazelcast-3.8.2.jar:/home/travis/build/icyphy/ptII/lib/jackson-annotations-2.9.0.jar:/home/travis/build/icyphy/ptII/lib/jackson-core-2.9.3.jar:/home/travis/build/icyphy/ptII/lib/jackson-databind-2.9.3.jar:/home/travis/build/icyphy/ptII/lib/netty-buffer-4.1.19.Final.jar:/home/travis/build/icyphy/ptII/lib/netty-codec-4.1.19.Final.jar:/home/travis/build/icyphy/ptII/lib/netty-codec-dns-4.1.19.Final.jar:/home/travis/build/icyphy/ptII/lib/netty-codec-http-4.1.19.Final.jar:/home/travis/build/icyphy/ptII/lib/netty-codec-http2-4.1.19.Final.jar:/home/travis/build/icyphy/ptII/lib/netty-common-4.1.19.Final.jar:/home/travis/build/icyphy/ptII/lib/netty-handler-4.1.19.Final.jar:/home/travis/build/icyphy/ptII/lib/netty-resolver-4.1.19.Final.jar:/home/travis/build/icyphy/ptII/lib/netty-resolver-dns-4.1.19.Final.jar:/home/travis/build/icyphy/ptII/lib/netty-transport-4.1.19.Final.jar:/home/travis/build/icyphy/ptII/lib/vertx-codegen-3.5.1.jar:/home/travis/build/icyphy/ptII/lib/vertx-core-3.5.2-SNAPSHOT.jar:/home/travis/build/icyphy/ptII/lib/vertx-hazelcast-3.5.1.jar:/home/travis/build/icyphy/ptII/lib/vertx-lang-js-3.5.1.jar:/home/travis/build/icyphy/ptII/lib/vertx-service-proxy-3.5.1.jar:/home/travis/build/icyphy/ptII/lib/vertx-web-3.5.1.jar:/home/travis/build/icyphy/ptII/lib/slf4j-api-1.7.13.jar:/home/travis/build/icyphy/ptII/lib/slf4j-simple-1.7.13.jar:/home/travis/build/icyphy/ptII/lib/webcam-capture-0.3.12.jar:/home/travis/build/icyphy/ptII/lib/bridj-0.7.0.jar:/home/travis/build/icyphy/ptII/lib/xbjlib-1.1.0.nrjavaserial.jar:/home/travis/build/icyphy/ptII/ptolemy/moml/test:/home/travis/build/icyphy/ptII/ant/lib/ant-launcher.jar:/home/travis/build/icyphy/ptII/ant/lib/ant.jar:/home/travis/build/icyphy/ptII/ant/lib/ant-junit.jar:/home/travis/build/icyphy/ptII/ant/lib/ant-junit4.jar" />
    <property name="ant.library.dir" value="/home/travis/build/icyphy/ptII/ant/lib" />
    <property name="os.arch" value="amd64" />
    <property name="env.TRAVIS_LANGUAGE" value="node_js" />
    <property name="env.CONTINUOUS_INTEGRATION" value="true" />
    <property name="env.TRAVIS_STACK_LANGUAGES" value="__garnet__ c c++ clojure cplusplus cpp default go groovy java node_js php pure_java python ruby scala" />
    <property name="test.name" value="ptolemy.actor.lib.test.junit.JUnitTclTest" />
    <property name="sun.java.launcher" value="SUN_STANDARD" />
    <property name="env.PYTHON_CONFIGURE_OPTS" value="--enable-unicode=ucs4 --with-wide-unicode --enable-shared --enable-ipv6 --enable-loadable-sqlite-extensions --with-computed-gotos" />
    <property name="ant.core.lib" value="/home/travis/build/icyphy/ptII/ant/lib/ant.jar" />
    <property name="java.vm.specification.vendor" value="Oracle Corporation" />
    <property name="env.BCVTB_HOME" value="/home/travis/build/icyphy/ptII/lbnl" />
    <property name="file.separator" value="/" />
    <property name="java.runtime.version" value="1.8.0_151-b12" />
    <property name="spotbugs.home" value="/home/travis/build/icyphy/ptII/vendors/spotbugs-3.1.1" />
    <property name="sun.boot.class.path" value="/usr/lib/jvm/java-8-oracle/jre/lib/resources.jar:/usr/lib/jvm/java-8-oracle/jre/lib/rt.jar:/usr/lib/jvm/java-8-oracle/jre/lib/sunrsasign.jar:/usr/lib/jvm/java-8-oracle/jre/lib/jsse.jar:/usr/lib/jvm/java-8-oracle/jre/lib/jce.jar:/usr/lib/jvm/java-8-oracle/jre/lib/charsets.jar:/usr/lib/jvm/java-8-oracle/jre/lib/jfr.jar:/usr/lib/jvm/java-8-oracle/jre/classes" />
    <property name="env.HAS_JOSH_K_SEAL_OF_APPROVAL" value="true" />
    <property name="env.TRAVIS_OSX_IMAGE" value="" />
    <property name="env.XDG_RUNTIME_DIR" value="/run/user/2000" />
    <property name="env.TRAVIS_BRANCH" value="master" />
    <property name="env.TRAVIS_JOB_ID" value="390567115" />
    <property name="env.CERTI_HOME_TRAVIS" value="/home/travis/pthla/certi-tools" />
    <property name="user.country" value="US" />
    <property name="env.SHELL" value="/bin/bash" />
    <property name="java.maxmemory.large" value="5000m" />
    <property name="model" value="" />
    <property name="env.CASHER_DIR" value="/home/travis/.casher" />
    <property name="env.NVM_CD_FLAGS" value="" />
    <property name="jshint.executable" value="/home/travis/node_modules/jshint/bin/jshint" />
    <property name="java.vendor" value="Oracle Corporation" />
    <property name="env.JRUBY_OPTS" value=" --client -J-XX:+TieredCompilation -J-XX:TieredStopAtLevel=1 -J-Xss2m -Xcompile.invokedynamic=false" />
    <property name="env.TRAVIS_PRE_CHEF_BOOTSTRAP_TIME" value="2017-12-05T19:32:55" />
    <property name="env.TRAVIS_STACK_JOB_BOARD_REGISTER" value="/.job-board-register.yml" />
    <property name="env.ELIXIR_VERSION" value="1.4.5" />
    <property name="java.specification.version" value="1.8" />
    <property name="env.IRBRC" value="/home/travis/.rvm/rubies/ruby-2.4.1/.irbrc" />
    <property name="env.TRAVIS" value="true" />
    <property name="sun.arch.data.model" value="64" />
  </properties>
  <testcase classname="ptolemy.util.test.junit.TclTests" name="[0] /home/travis/build/icyphy/ptII/ptolemy/actor/lib/test/AbsoluteValue.tcl (RunTclFile)" time="0.493" />
  <testcase classname="ptolemy.util.test.junit.TclTests" name="[1] /home/travis/build/icyphy/ptII/ptolemy/actor/lib/test/AddSubtract.tcl (RunTclFile)" time="0.109" />
  <testcase classname="ptolemy.util.test.junit.TclTests" name="[2] /home/travis/build/icyphy/ptII/ptolemy/actor/lib/test/Average.tcl (RunTclFile)" time="0.031" />
  <testcase classname="ptolemy.util.test.junit.TclTests" name="[3] /home/travis/build/icyphy/ptII/ptolemy/actor/lib/test/Bernoulli.tcl (RunTclFile)" time="0.035" />
  <testcase classname="ptolemy.util.test.junit.TclTests" name="[4] /home/travis/build/icyphy/ptII/ptolemy/actor/lib/test/Clock.tcl (RunTclFile)" time="0.079" />
  <testcase classname="ptolemy.util.test.junit.TclTests" name="[5] /home/travis/build/icyphy/ptII/ptolemy/actor/lib/test/Commutator.tcl (RunTclFile)" time="0.123" />
  <testcase classname="ptolemy.util.test.junit.TclTests" name="[6] /home/travis/build/icyphy/ptII/ptolemy/actor/lib/test/Const.tcl (RunTclFile)" time="0.107" />
  <testcase classname="ptolemy.util.test.junit.TclTests" name="[7] /home/travis/build/icyphy/ptII/ptolemy/actor/lib/test/CurrentTime.tcl (RunTclFile)" time="0.021" />
  <testcase classname="ptolemy.util.test.junit.TclTests" name="[8] /home/travis/build/icyphy/ptII/ptolemy/actor/lib/test/DB.tcl (RunTclFile)" time="0.021" />
  <testcase classname="ptolemy.util.test.junit.TclTests" name="[9] /home/travis/build/icyphy/ptII/ptolemy/actor/lib/test/DiscreteRandomSource.tcl (RunTclFile)" time="0.041" />
  <testcase classname="ptolemy.util.test.junit.TclTests" name="[10] /home/travis/build/icyphy/ptII/ptolemy/actor/lib/test/Distributor.tcl (RunTclFile)" time="0.04" />
  <testcase classname="ptolemy.util.test.junit.TclTests" name="[11] /home/travis/build/icyphy/ptII/ptolemy/actor/lib/test/Exit.tcl (RunTclFile)" time="0.07" />
  <testcase classname="ptolemy.util.test.junit.TclTests" name="[12] /home/travis/build/icyphy/ptII/ptolemy/actor/lib/test/Expression.tcl (RunTclFile)" time="0.124" />
  <testcase classname="ptolemy.util.test.junit.TclTests" name="[13] /home/travis/build/icyphy/ptII/ptolemy/actor/lib/test/Gaussian.tcl (RunTclFile)" time="0.833" />
  <testcase classname="ptolemy.util.test.junit.TclTests" name="[14] /home/travis/build/icyphy/ptII/ptolemy/actor/lib/test/IIR.tcl (RunTclFile)" time="0.034" />
  <testcase classname="ptolemy.util.test.junit.TclTests" name="[15] /home/travis/build/icyphy/ptII/ptolemy/actor/lib/test/Interpolator.tcl (RunTclFile)" time="0.065" />
  <testcase classname="ptolemy.util.test.junit.TclTests" name="[16] /home/travis/build/icyphy/ptII/ptolemy/actor/lib/test/MathFunction.tcl (RunTclFile)" time="0.074" />
  <testcase classname="ptolemy.util.test.junit.TclTests" name="[17] /home/travis/build/icyphy/ptII/ptolemy/actor/lib/test/Maximum.tcl (RunTclFile)" time="0.054" />
  <testcase classname="ptolemy.util.test.junit.TclTests" name="[18] /home/travis/build/icyphy/ptII/ptolemy/actor/lib/test/Minimum.tcl (RunTclFile)" time="0.051" />
  <testcase classname="ptolemy.util.test.junit.TclTests" name="[19] /home/travis/build/icyphy/ptII/ptolemy/actor/lib/test/MultiplyDivide.tcl (RunTclFile)" time="0.065" />
  <testcase classname="ptolemy.util.test.junit.TclTests" name="[20] /home/travis/build/icyphy/ptII/ptolemy/actor/lib/test/OrderedMerge.tcl (RunTclFile)" time="0.087" />
  <testcase classname="ptolemy.util.test.junit.TclTests" name="[21] /home/travis/build/icyphy/ptII/ptolemy/actor/lib/test/Publisher.tcl (RunTclFile)" time="0.667" />
  <testcase classname="ptolemy.util.test.junit.TclTests" name="[22] /home/travis/build/icyphy/ptII/ptolemy/actor/lib/test/Pulse.tcl (RunTclFile)" time="0.077" />
  <testcase classname="ptolemy.util.test.junit.TclTests" name="[23] /home/travis/build/icyphy/ptII/ptolemy/actor/lib/test/Ramp.tcl (RunTclFile)" time="2.157" />
  <testcase classname="ptolemy.util.test.junit.TclTests" name="[24] /home/travis/build/icyphy/ptII/ptolemy/actor/lib/test/RampContinuous.tcl (RunTclFile)" time="0.026" />
  <testcase classname="ptolemy.util.test.junit.TclTests" name="[25] /home/travis/build/icyphy/ptII/ptolemy/actor/lib/test/RecordAssembler.tcl (RunTclFile)" time="0.02" />
  <testcase classname="ptolemy.util.test.junit.TclTests" name="[26] /home/travis/build/icyphy/ptII/ptolemy/actor/lib/test/RecordDisassembler.tcl (RunTclFile)" time="0.03" />
  <testcase classname="ptolemy.util.test.junit.TclTests" name="[27] /home/travis/build/icyphy/ptII/ptolemy/actor/lib/test/Scale.tcl (RunTclFile)" time="0.042" />
  <testcase classname="ptolemy.util.test.junit.TclTests" name="[28] /home/travis/build/icyphy/ptII/ptolemy/actor/lib/test/SequentialClock.tcl (RunTclFile)" time="0.013" />
  <testcase classname="ptolemy.util.test.junit.TclTests" name="[29] /home/travis/build/icyphy/ptII/ptolemy/actor/lib/test/SetVariable.tcl (RunTclFile)" time="0.014" />
  <testcase classname="ptolemy.util.test.junit.TclTests" name="[30] /home/travis/build/icyphy/ptII/ptolemy/actor/lib/test/Sinewave.tcl (RunTclFile)" time="0.042" />
  <testcase classname="ptolemy.util.test.junit.TclTests" name="[31] /home/travis/build/icyphy/ptII/ptolemy/actor/lib/test/SubscriptionAggregator.tcl (RunTclFile)" time="2.26" />
  <testcase classname="ptolemy.util.test.junit.TclTests" name="[32] /home/travis/build/icyphy/ptII/ptolemy/actor/lib/test/Test.tcl (RunTclFile)" time="0.072" />
  <testcase classname="ptolemy.util.test.junit.TclTests" name="[33] /home/travis/build/icyphy/ptII/ptolemy/actor/lib/test/TestExceptionHandler.tcl (RunTclFile)" time="0.01" />
  <testcase classname="ptolemy.util.test.junit.TclTests" name="[34] /home/travis/build/icyphy/ptII/ptolemy/actor/lib/test/UnionDisassembler.tcl (RunTclFile)" time="0.124" />
  <testcase classname="ptolemy.util.test.junit.TclTests" name="[35] /home/travis/build/icyphy/ptII/ptolemy/actor/lib/test/VariableClock.tcl (RunTclFile)" time="0.028" />
  <testcase classname="ptolemy.util.test.junit.AutoKnownFailedTests" name="[0] /home/travis/build/icyphy/ptII/ptolemy/actor/lib/test/auto/knownFailedTests/PublisherPortToplevelSubscriber.xml (RunModel)" time="0.019" />
  <testcase classname="ptolemy.util.test.junit.AutoKnownFailedTests" name="[1] /home/travis/build/icyphy/ptII/ptolemy/actor/lib/test/auto/knownFailedTests/PublisherSubscriberPortToplevel.xml (RunModel)" time="0.017" />
  <testcase classname="ptolemy.util.test.junit.AutoKnownFailedTests" name="[2] /home/travis/build/icyphy/ptII/ptolemy/actor/lib/test/auto/knownFailedTests/PublisherSubscriptionAggregatorPort.xml (RunModel)" time="0.03" />
  <testcase classname="ptolemy.util.test.junit.AutoKnownFailedTests" name="[3] /home/travis/build/icyphy/ptII/ptolemy/actor/lib/test/auto/knownFailedTests/sizedarray3.xml (RunModel)" time="0.023" />
  <testcase classname="ptolemy.util.test.junit.AutoNameArchTests" name="[0] ThereAreNoAutoArchTests (RunModel)" time="0.001" />
  <testcase classname="ptolemy.util.test.junit.AutoTests" name="[0] /home/travis/build/icyphy/ptII/ptolemy/actor/lib/test/auto/AbsoluteValue.xml (RunModel)" time="0.092" />
  <testcase classname="ptolemy.util.test.junit.AutoTests" name="[1] /home/travis/build/icyphy/ptII/ptolemy/actor/lib/test/auto/AbsoluteValue2.xml (RunModel)" time="0.068" />
  <testcase classname="ptolemy.util.test.junit.AutoTests" name="[2] /home/travis/build/icyphy/ptII/ptolemy/actor/lib/test/auto/Accumulator.xml (RunModel)" time="0.063" />
  <testcase classname="ptolemy.util.test.junit.AutoTests" name="[3] /home/travis/build/icyphy/ptII/ptolemy/actor/lib/test/auto/Accumulator2.xml (RunModel)" time="0.024" />
  <testcase classname="ptolemy.util.test.junit.AutoTests" name="[4] /home/travis/build/icyphy/ptII/ptolemy/actor/lib/test/auto/Accumulator3.xml (RunModel)" time="0.017" />
  <testcase classname="ptolemy.util.test.junit.AutoTests" name="[5] /home/travis/build/icyphy/ptII/ptolemy/actor/lib/test/auto/ArrayAppend.xml (RunModel)" time="0.03" />
  <testcase classname="ptolemy.util.test.junit.AutoTests" name="[6] /home/travis/build/icyphy/ptII/ptolemy/actor/lib/test/auto/ArrayAppend2.xml (RunModel)" time="0.339" />
  <testcase classname="ptolemy.util.test.junit.AutoTests" name="[7] /home/travis/build/icyphy/ptII/ptolemy/actor/lib/test/auto/ArrayAppend3.xml (RunModel)" time="0.022" />
  <testcase classname="ptolemy.util.test.junit.AutoTests" name="[8] /home/travis/build/icyphy/ptII/ptolemy/actor/lib/test/auto/ArrayAppend4.xml (RunModel)" time="0.019" />
  <testcase classname="ptolemy.util.test.junit.AutoTests" name="[9] /home/travis/build/icyphy/ptII/ptolemy/actor/lib/test/auto/ArrayAppend5.xml (RunModel)" time="0.019" />
  <testcase classname="ptolemy.util.test.junit.AutoTests" name="[10] /home/travis/build/icyphy/ptII/ptolemy/actor/lib/test/auto/ArrayAppend6.xml (RunModel)" time="0.02" />
  <testcase classname="ptolemy.util.test.junit.AutoTests" name="[11] /home/travis/build/icyphy/ptII/ptolemy/actor/lib/test/auto/ArrayAppendPerformanceTest.xml (RunModel)" time="0.049" />
  <testcase classname="ptolemy.util.test.junit.AutoTests" name="[12] /home/travis/build/icyphy/ptII/ptolemy/actor/lib/test/auto/ArrayAppendWithEmptyInput.xml (RunModel)" time="0.074" />
  <testcase classname="ptolemy.util.test.junit.AutoTests" name="[13] /home/travis/build/icyphy/ptII/ptolemy/actor/lib/test/auto/ArrayAverage.xml (RunModel)" time="0.042" />
  <testcase classname="ptolemy.util.test.junit.AutoTests" name="[14] /home/travis/build/icyphy/ptII/ptolemy/actor/lib/test/auto/ArrayContains.xml (RunModel)" time="0.025" />
  <testcase classname="ptolemy.util.test.junit.AutoTests" name="[15] /home/travis/build/icyphy/ptII/ptolemy/actor/lib/test/auto/ArrayElement.xml (RunModel)" time="0.038" />
  <testcase classname="ptolemy.util.test.junit.AutoTests" name="[16] /home/travis/build/icyphy/ptII/ptolemy/actor/lib/test/auto/ArrayElementAsMatrix.xml (RunModel)" time="0.068" />
  <testcase classname="ptolemy.util.test.junit.AutoTests" name="[17] /home/travis/build/icyphy/ptII/ptolemy/actor/lib/test/auto/ArrayElementI.xml (RunModel)" time="0.067" />
  <testcase classname="ptolemy.util.test.junit.AutoTests" name="[18] /home/travis/build/icyphy/ptII/ptolemy/actor/lib/test/auto/ArrayExtract.xml (RunModel)" time="0.029" />
  <testcase classname="ptolemy.util.test.junit.AutoTests" name="[19] /home/travis/build/icyphy/ptII/ptolemy/actor/lib/test/auto/ArrayExtract2.xml (RunModel)" time="0.029" />
  <testcase classname="ptolemy.util.test.junit.AutoTests" name="[20] /home/travis/build/icyphy/ptII/ptolemy/actor/lib/test/auto/ArrayLength.xml (RunModel)" time="0.035" />
  <testcase classname="ptolemy.util.test.junit.AutoTests" name="[21] /home/travis/build/icyphy/ptII/ptolemy/actor/lib/test/auto/ArrayLevelCrossing.xml (RunModel)" time="0.029" />
  <testcase classname="ptolemy.util.test.junit.AutoTests" name="[22] /home/travis/build/icyphy/ptII/ptolemy/actor/lib/test/auto/ArrayLevelCrossing2.xml (RunModel)" time="0.029" />
  <testcase classname="ptolemy.util.test.junit.AutoTests" name="[23] /home/travis/build/icyphy/ptII/ptolemy/actor/lib/test/auto/ArrayPeakSearch.xml (RunModel)" time="0.055" />
  <testcase classname="ptolemy.util.test.junit.AutoTests" name="[24] /home/travis/build/icyphy/ptII/ptolemy/actor/lib/test/auto/ArrayPeakSearch2.xml (RunModel)" time="0.038" />
  <testcase classname="ptolemy.util.test.junit.AutoTests" name="[25] /home/travis/build/icyphy/ptII/ptolemy/actor/lib/test/auto/ArrayPeakSearch3.xml (RunModel)" time="0.033" />
  <testcase classname="ptolemy.util.test.junit.AutoTests" name="[26] /home/travis/build/icyphy/ptII/ptolemy/actor/lib/test/auto/ArrayRemoveElement.xml (RunModel)" time="0.035" />
  <testcase classname="ptolemy.util.test.junit.AutoTests" name="[27] /home/travis/build/icyphy/ptII/ptolemy/actor/lib/test/auto/ArraySort.xml (RunModel)" time="0.033" />
  <testcase classname="ptolemy.util.test.junit.AutoTests" name="[28] /home/travis/build/icyphy/ptII/ptolemy/actor/lib/test/auto/ArraySum.xml (RunModel)" time="0.019" />
  <testcase classname="ptolemy.util.test.junit.AutoTests" name="[29] /home/travis/build/icyphy/ptII/ptolemy/actor/lib/test/auto/ArrayToElements.xml (RunModel)" time="0.026" />
  <testcase classname="ptolemy.util.test.junit.AutoTests" name="[30] /home/travis/build/icyphy/ptII/ptolemy/actor/lib/test/auto/ArrayToMatrix.xml (RunModel)" time="0.059" />
  <testcase classname="ptolemy.util.test.junit.AutoTests" name="[31] /home/travis/build/icyphy/ptII/ptolemy/actor/lib/test/auto/ArrayUpdate1.xml (RunModel)" time="0.017" />
  <testcase classname="ptolemy.util.test.junit.AutoTests" name="[32] /home/travis/build/icyphy/ptII/ptolemy/actor/lib/test/auto/ArrayUpdate2.xml (RunModel)" time="0.028" />
  <testcase classname="ptolemy.util.test.junit.AutoTests" name="[33] /home/travis/build/icyphy/ptII/ptolemy/actor/lib/test/auto/ArrayUpdate3.xml (RunModel)" time="0.017" />
  <testcase classname="ptolemy.util.test.junit.AutoTests" name="[34] /home/travis/build/icyphy/ptII/ptolemy/actor/lib/test/auto/Assert1.xml (RunModel)" time="0.023" />
  <testcase classname="ptolemy.util.test.junit.AutoTests" name="[35] /home/travis/build/icyphy/ptII/ptolemy/actor/lib/test/auto/Assert2.xml (RunModel)" time="0.018" />
  <testcase classname="ptolemy.util.test.junit.AutoTests" name="[36] /home/travis/build/icyphy/ptII/ptolemy/actor/lib/test/auto/BooleanMultiplexor.xml (RunModel)" time="0.02" />
  <testcase classname="ptolemy.util.test.junit.AutoTests" name="[37] /home/travis/build/icyphy/ptII/ptolemy/actor/lib/test/auto/BooleanMultiplexor2.xml (RunModel)" time="0.029" />
  <testcase classname="ptolemy.util.test.junit.AutoTests" name="[38] /home/travis/build/icyphy/ptII/ptolemy/actor/lib/test/auto/BooleanMultiplexor3.xml (RunModel)" time="0.017" />
  <testcase classname="ptolemy.util.test.junit.AutoTests" name="[39] /home/travis/build/icyphy/ptII/ptolemy/actor/lib/test/auto/BooleanSelect.xml (RunModel)" time="0.032" />
  <testcase classname="ptolemy.util.test.junit.AutoTests" name="[40] /home/travis/build/icyphy/ptII/ptolemy/actor/lib/test/auto/BooleanSelect2.xml (RunModel)" time="0.014" />
  <testcase classname="ptolemy.util.test.junit.AutoTests" name="[41] /home/travis/build/icyphy/ptII/ptolemy/actor/lib/test/auto/BooleanSwitch.xml (RunModel)" time="0.021" />
  <testcase classname="ptolemy.util.test.junit.AutoTests" name="[42] /home/travis/build/icyphy/ptII/ptolemy/actor/lib/test/auto/BooleanSwitch2.xml (RunModel)" time="0.015" />
  <testcase classname="ptolemy.util.test.junit.AutoTests" name="[43] /home/travis/build/icyphy/ptII/ptolemy/actor/lib/test/auto/BooleanSwitchCloningBugWithClassRelationGroup.xml (RunModel)" time="0.029" />
  <testcase classname="ptolemy.util.test.junit.AutoTests" name="[44] /home/travis/build/icyphy/ptII/ptolemy/actor/lib/test/auto/BusActors.xml (RunModel)" time="0.035" />
  <testcase classname="ptolemy.util.test.junit.AutoTests" name="[45] /home/travis/build/icyphy/ptII/ptolemy/actor/lib/test/auto/ClassWrapper.xml (RunModel)" time="0.012" />
  <testcase classname="ptolemy.util.test.junit.AutoTests" name="[46] /home/travis/build/icyphy/ptII/ptolemy/actor/lib/test/auto/Clock.xml (RunModel)" time="0.01" />
  <testcase classname="ptolemy.util.test.junit.AutoTests" name="[47] /home/travis/build/icyphy/ptII/ptolemy/actor/lib/test/auto/Clock10.xml (RunModel)" time="0.02" />
  <testcase classname="ptolemy.util.test.junit.AutoTests" name="[48] /home/travis/build/icyphy/ptII/ptolemy/actor/lib/test/auto/Clock11.xml (RunModel)" time="0.026" />
  <testcase classname="ptolemy.util.test.junit.AutoTests" name="[49] /home/travis/build/icyphy/ptII/ptolemy/actor/lib/test/auto/Clock12.xml (RunModel)" time="0.039" />
  <testcase classname="ptolemy.util.test.junit.AutoTests" name="[50] /home/travis/build/icyphy/ptII/ptolemy/actor/lib/test/auto/Clock13.xml (RunModel)" time="0.03" />
  <testcase classname="ptolemy.util.test.junit.AutoTests" name="[51] /home/travis/build/icyphy/ptII/ptolemy/actor/lib/test/auto/Clock14.xml (RunModel)" time="0.034" />
  <testcase classname="ptolemy.util.test.junit.AutoTests" name="[52] /home/travis/build/icyphy/ptII/ptolemy/actor/lib/test/auto/Clock15.xml (RunModel)" time="0.014" />
  <testcase classname="ptolemy.util.test.junit.AutoTests" name="[53] /home/travis/build/icyphy/ptII/ptolemy/actor/lib/test/auto/Clock16.xml (RunModel)" time="0.101" />
  <testcase classname="ptolemy.util.test.junit.AutoTests" name="[54] /home/travis/build/icyphy/ptII/ptolemy/actor/lib/test/auto/Clock17.xml (RunModel)" time="0.048" />
  <testcase classname="ptolemy.util.test.junit.AutoTests" name="[55] /home/travis/build/icyphy/ptII/ptolemy/actor/lib/test/auto/Clock18.xml (RunModel)" time="0.063" />
  <testcase classname="ptolemy.util.test.junit.AutoTests" name="[56] /home/travis/build/icyphy/ptII/ptolemy/actor/lib/test/auto/Clock19.xml (RunModel)" time="0.045" />
  <testcase classname="ptolemy.util.test.junit.AutoTests" name="[57] /home/travis/build/icyphy/ptII/ptolemy/actor/lib/test/auto/Clock2.xml (RunModel)" time="0.015" />
  <testcase classname="ptolemy.util.test.junit.AutoTests" name="[58] /home/travis/build/icyphy/ptII/ptolemy/actor/lib/test/auto/Clock20.xml (RunModel)" time="0.021" />
  <testcase classname="ptolemy.util.test.junit.AutoTests" name="[59] /home/travis/build/icyphy/ptII/ptolemy/actor/lib/test/auto/Clock21.xml (RunModel)" time="0.019" />
  <testcase classname="ptolemy.util.test.junit.AutoTests" name="[60] /home/travis/build/icyphy/ptII/ptolemy/actor/lib/test/auto/Clock22.xml (RunModel)" time="0.018" />
  <testcase classname="ptolemy.util.test.junit.AutoTests" name="[61] /home/travis/build/icyphy/ptII/ptolemy/actor/lib/test/auto/Clock23.xml (RunModel)" time="0.021" />
  <testcase classname="ptolemy.util.test.junit.AutoTests" name="[62] /home/travis/build/icyphy/ptII/ptolemy/actor/lib/test/auto/Clock24.xml (RunModel)" time="0.02" />
  <testcase classname="ptolemy.util.test.junit.AutoTests" name="[63] /home/travis/build/icyphy/ptII/ptolemy/actor/lib/test/auto/Clock4.xml (RunModel)" time="0.017" />
  <testcase classname="ptolemy.util.test.junit.AutoTests" name="[64] /home/travis/build/icyphy/ptII/ptolemy/actor/lib/test/auto/Clock5.xml (RunModel)" time="0.016" />
  <testcase classname="ptolemy.util.test.junit.AutoTests" name="[65] /home/travis/build/icyphy/ptII/ptolemy/actor/lib/test/auto/Clock6.xml (RunModel)" time="0.01" />
  <testcase classname="ptolemy.util.test.junit.AutoTests" name="[66] /home/travis/build/icyphy/ptII/ptolemy/actor/lib/test/auto/Clock7.xml (RunModel)" time="0.01" />
  <testcase classname="ptolemy.util.test.junit.AutoTests" name="[67] /home/travis/build/icyphy/ptII/ptolemy/actor/lib/test/auto/Clock8.xml (RunModel)" time="0.028" />
  <testcase classname="ptolemy.util.test.junit.AutoTests" name="[68] /home/travis/build/icyphy/ptII/ptolemy/actor/lib/test/auto/Clock9.xml (RunModel)" time="0.011" />
  <testcase classname="ptolemy.util.test.junit.AutoTests" name="[69] /home/travis/build/icyphy/ptII/ptolemy/actor/lib/test/auto/CommDistDiscard.xml (RunModel)" time="0.022" />
  <testcase classname="ptolemy.util.test.junit.AutoTests" name="[70] /home/travis/build/icyphy/ptII/ptolemy/actor/lib/test/auto/Commutator.xml (RunModel)" time="0.014" />
  <testcase classname="ptolemy.util.test.junit.AutoTests" name="[71] /home/travis/build/icyphy/ptII/ptolemy/actor/lib/test/auto/Commutator2.xml (RunModel)" time="0.014" />
  <testcase classname="ptolemy.util.test.junit.AutoTests" name="[72] /home/travis/build/icyphy/ptII/ptolemy/actor/lib/test/auto/Commutator3.xml (RunModel)" time="0.013" />
  <testcase classname="ptolemy.util.test.junit.AutoTests" name="[73] /home/travis/build/icyphy/ptII/ptolemy/actor/lib/test/auto/Compare.xml (RunModel)" time="0.02" />
  <testcase classname="ptolemy.util.test.junit.AutoTests" name="[74] /home/travis/build/icyphy/ptII/ptolemy/actor/lib/test/auto/CompareDE.xml (RunModel)" time="0.02" />
  <testcase classname="ptolemy.util.test.junit.AutoTests" name="[75] /home/travis/build/icyphy/ptII/ptolemy/actor/lib/test/auto/ComplexDivide.xml (RunModel)" time="0.01" />
  <testcase classname="ptolemy.util.test.junit.AutoTests" name="[76] /home/travis/build/icyphy/ptII/ptolemy/actor/lib/test/auto/ComputeHistogram.xml (RunModel)" time="0.075" />
  <testcase classname="ptolemy.util.test.junit.AutoTests" name="[77] /home/travis/build/icyphy/ptII/ptolemy/actor/lib/test/auto/ConfigurationSelect.xml (RunModel)" time="0.019" />
  <testcase classname="ptolemy.util.test.junit.AutoTests" name="[78] /home/travis/build/icyphy/ptII/ptolemy/actor/lib/test/auto/ConfigurationSelect2.xml (RunModel)" time="0.016" />
  <testcase classname="ptolemy.util.test.junit.AutoTests" name="[79] /home/travis/build/icyphy/ptII/ptolemy/actor/lib/test/auto/ConfigurationSwitch.xml (RunModel)" time="0.022" />
  <testcase classname="ptolemy.util.test.junit.AutoTests" name="[80] /home/travis/build/icyphy/ptII/ptolemy/actor/lib/test/auto/ConfigurationSwitch2.xml (RunModel)" time="0.015" />
  <testcase classname="ptolemy.util.test.junit.AutoTests" name="[81] /home/travis/build/icyphy/ptII/ptolemy/actor/lib/test/auto/ConfigurationSwitchCloningBugWithClassRelationGroup.xml (RunModel)" time="0.021" />
  <testcase classname="ptolemy.util.test.junit.AutoTests" name="[82] /home/travis/build/icyphy/ptII/ptolemy/actor/lib/test/auto/ConfigurationSwitchSelectSDF.xml (RunModel)" time="0.017" />
  <testcase classname="ptolemy.util.test.junit.AutoTests" name="[83] /home/travis/build/icyphy/ptII/ptolemy/actor/lib/test/auto/ConfigurationSwitchSelectSDF2.xml (RunModel)" time="0.014" />
  <testcase classname="ptolemy.util.test.junit.AutoTests" name="[84] /home/travis/build/icyphy/ptII/ptolemy/actor/lib/test/auto/Const.xml (RunModel)" time="0.008" />
  <testcase classname="ptolemy.util.test.junit.AutoTests" name="[85] /home/travis/build/icyphy/ptII/ptolemy/actor/lib/test/auto/Const2.xml (RunModel)" time="0.009" />
  <testcase classname="ptolemy.util.test.junit.AutoTests" name="[86] /home/travis/build/icyphy/ptII/ptolemy/actor/lib/test/auto/Const3.xml (RunModel)" time="0.01" />
  <testcase classname="ptolemy.util.test.junit.AutoTests" name="[87] /home/travis/build/icyphy/ptII/ptolemy/actor/lib/test/auto/ConstantPublisherPort1.xml (RunModel)" time="0.028" />
  <testcase classname="ptolemy.util.test.junit.AutoTests" name="[88] /home/travis/build/icyphy/ptII/ptolemy/actor/lib/test/auto/ConstantPublisherPort2.xml (RunModel)" time="0.028" />
  <testcase classname="ptolemy.util.test.junit.AutoTests" name="[89] /home/travis/build/icyphy/ptII/ptolemy/actor/lib/test/auto/ConstantPublisherPort3.xml (RunModel)" time="0.022" />
  <testcase classname="ptolemy.util.test.junit.AutoTests" name="[90] /home/travis/build/icyphy/ptII/ptolemy/actor/lib/test/auto/ConstantPublisherPort4.xml (RunModel)" time="0.02" />
  <testcase classname="ptolemy.util.test.junit.AutoTests" name="[91] /home/travis/build/icyphy/ptII/ptolemy/actor/lib/test/auto/ConstantPublisherPort5.xml (RunModel)" time="0.038" />
  <testcase classname="ptolemy.util.test.junit.AutoTests" name="[92] /home/travis/build/icyphy/ptII/ptolemy/actor/lib/test/auto/ConstantPublisherPort6.xml (RunModel)" time="0.043" />
  <testcase classname="ptolemy.util.test.junit.AutoTests" name="[93] /home/travis/build/icyphy/ptII/ptolemy/actor/lib/test/auto/ConstantPublisherPort7.xml (RunModel)" time="0.035" />
  <testcase classname="ptolemy.util.test.junit.AutoTests" name="[94] /home/travis/build/icyphy/ptII/ptolemy/actor/lib/test/auto/ConstraintMonitor1.xml (RunModel)" time="0.038" />
  <testcase classname="ptolemy.util.test.junit.AutoTests" name="[95] /home/travis/build/icyphy/ptII/ptolemy/actor/lib/test/auto/ConstraintMonitor2.xml (RunModel)" time="0.016" />
  <testcase classname="ptolemy.util.test.junit.AutoTests" name="[96] /home/travis/build/icyphy/ptII/ptolemy/actor/lib/test/auto/ConstraintMonitor3.xml (RunModel)" time="0.017" />
  <testcase classname="ptolemy.util.test.junit.AutoTests" name="[97] /home/travis/build/icyphy/ptII/ptolemy/actor/lib/test/auto/ConstraintMonitor4.xml (RunModel)" time="0.016" />
  <testcase classname="ptolemy.util.test.junit.AutoTests" name="[98] /home/travis/build/icyphy/ptII/ptolemy/actor/lib/test/auto/ConstraintMonitor5.xml (RunModel)" time="0.012" />
  <testcase classname="ptolemy.util.test.junit.AutoTests" name="[99] /home/travis/build/icyphy/ptII/ptolemy/actor/lib/test/auto/ConstraintMonitor6.xml (RunModel)" time="0.015" />
  <testcase classname="ptolemy.util.test.junit.AutoTests" name="[100] /home/travis/build/icyphy/ptII/ptolemy/actor/lib/test/auto/ConstraintMonitor7.xml (RunModel)" time="0.024" />
  <testcase classname="ptolemy.util.test.junit.AutoTests" name="[101] /home/travis/build/icyphy/ptII/ptolemy/actor/lib/test/auto/ConstraintMonitor8.xml (RunModel)" time="0.021" />
  <testcase classname="ptolemy.util.test.junit.AutoTests" name="[102] /home/travis/build/icyphy/ptII/ptolemy/actor/lib/test/auto/Counter.xml (RunModel)" time="0.014" />
  <testcase classname="ptolemy.util.test.junit.AutoTests" name="[103] /home/travis/build/icyphy/ptII/ptolemy/actor/lib/test/auto/CurrentTimeSDF.xml (RunModel)" time="0.01" />
  <testcase classname="ptolemy.util.test.junit.AutoTests" name="[104] /home/travis/build/icyphy/ptII/ptolemy/actor/lib/test/auto/DB.xml (RunModel)" time="0.014" />
  <testcase classname="ptolemy.util.test.junit.AutoTests" name="[105] /home/travis/build/icyphy/ptII/ptolemy/actor/lib/test/auto/DBDE.xml (RunModel)" time="0.016" />
  <testcase classname="ptolemy.util.test.junit.AutoTests" name="[106] /home/travis/build/icyphy/ptII/ptolemy/actor/lib/test/auto/DateConstructor.xml (RunModel)" time="0.069" />
  <testcase classname="ptolemy.util.test.junit.AutoTests" name="[107] /home/travis/build/icyphy/ptII/ptolemy/actor/lib/test/auto/DelayTime.xml (RunModel)" time="0.017" />
  <testcase classname="ptolemy.util.test.junit.AutoTests" name="[108] /home/travis/build/icyphy/ptII/ptolemy/actor/lib/test/auto/Dictionary1.xml (RunModel)" time="0.018" />
  <testcase classname="ptolemy.util.test.junit.AutoTests" name="[109] /home/travis/build/icyphy/ptII/ptolemy/actor/lib/test/auto/Dictionary2.xml (RunModel)" time="0.018" />
  <testcase classname="ptolemy.util.test.junit.AutoTests" name="[110] /home/travis/build/icyphy/ptII/ptolemy/actor/lib/test/auto/Dictionary3.xml (RunModel)" time="0.014" />
  <testcase classname="ptolemy.util.test.junit.AutoTests" name="[111] /home/travis/build/icyphy/ptII/ptolemy/actor/lib/test/auto/Dictionary4.xml (RunModel)" time="0.025" />
  <testcase classname="ptolemy.util.test.junit.AutoTests" name="[112] /home/travis/build/icyphy/ptII/ptolemy/actor/lib/test/auto/Differential.xml (RunModel)" time="0.013" />
  <testcase classname="ptolemy.util.test.junit.AutoTests" name="[113] /home/travis/build/icyphy/ptII/ptolemy/actor/lib/test/auto/Director.xml (RunModel)" time="0.01" />
  <testcase classname="ptolemy.util.test.junit.AutoTests" name="[114] /home/travis/build/icyphy/ptII/ptolemy/actor/lib/test/auto/DiscreteClock.xml (RunModel)" time="0.009" />
  <testcase classname="ptolemy.util.test.junit.AutoTests" name="[115] /home/travis/build/icyphy/ptII/ptolemy/actor/lib/test/auto/DiscreteClock10.xml (RunModel)" time="0.023" />
  <testcase classname="ptolemy.util.test.junit.AutoTests" name="[116] /home/travis/build/icyphy/ptII/ptolemy/actor/lib/test/auto/DiscreteClock11.xml (RunModel)" time="0.013" />
  <testcase classname="ptolemy.util.test.junit.AutoTests" name="[117] /home/travis/build/icyphy/ptII/ptolemy/actor/lib/test/auto/DiscreteClock12.xml (RunModel)" time="0.017" />
  <testcase classname="ptolemy.util.test.junit.AutoTests" name="[118] /home/travis/build/icyphy/ptII/ptolemy/actor/lib/test/auto/DiscreteClock13.xml (RunModel)" time="0.018" />
  <testcase classname="ptolemy.util.test.junit.AutoTests" name="[119] /home/travis/build/icyphy/ptII/ptolemy/actor/lib/test/auto/DiscreteClock14.xml (RunModel)" time="0.018" />
  <testcase classname="ptolemy.util.test.junit.AutoTests" name="[120] /home/travis/build/icyphy/ptII/ptolemy/actor/lib/test/auto/DiscreteClock15.xml (RunModel)" time="0.018" />
  <testcase classname="ptolemy.util.test.junit.AutoTests" name="[121] /home/travis/build/icyphy/ptII/ptolemy/actor/lib/test/auto/DiscreteClock16.xml (RunModel)" time="0.052" />
  <testcase classname="ptolemy.util.test.junit.AutoTests" name="[122] /home/travis/build/icyphy/ptII/ptolemy/actor/lib/test/auto/DiscreteClock17.xml (RunModel)" time="0.047" />
  <testcase classname="ptolemy.util.test.junit.AutoTests" name="[123] /home/travis/build/icyphy/ptII/ptolemy/actor/lib/test/auto/DiscreteClock18.xml (RunModel)" time="0.554" />
  <testcase classname="ptolemy.util.test.junit.AutoTests" name="[124] /home/travis/build/icyphy/ptII/ptolemy/actor/lib/test/auto/DiscreteClock19.xml (RunModel)" time="0.062" />
  <testcase classname="ptolemy.util.test.junit.AutoTests" name="[125] /home/travis/build/icyphy/ptII/ptolemy/actor/lib/test/auto/DiscreteClock2.xml (RunModel)" time="0.009" />
  <testcase classname="ptolemy.util.test.junit.AutoTests" name="[126] /home/travis/build/icyphy/ptII/ptolemy/actor/lib/test/auto/DiscreteClock20.xml (RunModel)" time="0.021" />
  <testcase classname="ptolemy.util.test.junit.AutoTests" name="[127] /home/travis/build/icyphy/ptII/ptolemy/actor/lib/test/auto/DiscreteClock21.xml (RunModel)" time="0.021" />
  <testcase classname="ptolemy.util.test.junit.AutoTests" name="[128] /home/travis/build/icyphy/ptII/ptolemy/actor/lib/test/auto/DiscreteClock22.xml (RunModel)" time="0.02" />
  <testcase classname="ptolemy.util.test.junit.AutoTests" name="[129] /home/travis/build/icyphy/ptII/ptolemy/actor/lib/test/auto/DiscreteClock23.xml (RunModel)" time="0.023" />
  <testcase classname="ptolemy.util.test.junit.AutoTests" name="[130] /home/travis/build/icyphy/ptII/ptolemy/actor/lib/test/auto/DiscreteClock24.xml (RunModel)" time="0.024" />
  <testcase classname="ptolemy.util.test.junit.AutoTests" name="[131] /home/travis/build/icyphy/ptII/ptolemy/actor/lib/test/auto/DiscreteClock4.xml (RunModel)" time="0.014" />
  <testcase classname="ptolemy.util.test.junit.AutoTests" name="[132] /home/travis/build/icyphy/ptII/ptolemy/actor/lib/test/auto/DiscreteClock5.xml (RunModel)" time="0.011" />
  <testcase classname="ptolemy.util.test.junit.AutoTests" name="[133] /home/travis/build/icyphy/ptII/ptolemy/actor/lib/test/auto/DiscreteClock6.xml (RunModel)" time="0.01" />
  <testcase classname="ptolemy.util.test.junit.AutoTests" name="[134] /home/travis/build/icyphy/ptII/ptolemy/actor/lib/test/auto/DiscreteClock7.xml (RunModel)" time="0.013" />
  <testcase classname="ptolemy.util.test.junit.AutoTests" name="[135] /home/travis/build/icyphy/ptII/ptolemy/actor/lib/test/auto/DiscreteClock8.xml (RunModel)" time="0.016" />
  <testcase classname="ptolemy.util.test.junit.AutoTests" name="[136] /home/travis/build/icyphy/ptII/ptolemy/actor/lib/test/auto/DiscreteClock9.xml (RunModel)" time="0.016" />
  <testcase classname="ptolemy.util.test.junit.AutoTests" name="[137] /home/travis/build/icyphy/ptII/ptolemy/actor/lib/test/auto/DisplayArray.xml (RunModel)" time="0.02" />
  <testcase classname="ptolemy.util.test.junit.AutoTests" name="[138] /home/travis/build/icyphy/ptII/ptolemy/actor/lib/test/auto/Distributor.xml (RunModel)" time="0.01" />
  <testcase classname="ptolemy.util.test.junit.AutoTests" name="[139] /home/travis/build/icyphy/ptII/ptolemy/actor/lib/test/auto/Distributor2.xml (RunModel)" time="0.013" />
  <testcase classname="ptolemy.util.test.junit.AutoTests" name="[140] /home/travis/build/icyphy/ptII/ptolemy/actor/lib/test/auto/DownSample.xml (RunModel)" time="0.013" />
  <testcase classname="ptolemy.util.test.junit.AutoTests" name="[141] /home/travis/build/icyphy/ptII/ptolemy/actor/lib/test/auto/ElectronicUnitBase1.xml (RunModel)" time="0.076" />
  <testcase classname="ptolemy.util.test.junit.AutoTests" name="[142] /home/travis/build/icyphy/ptII/ptolemy/actor/lib/test/auto/ElementsToArray.xml (RunModel)" time="0.011" />
  <testcase classname="ptolemy.util.test.junit.AutoTests" name="[143] /home/travis/build/icyphy/ptII/ptolemy/actor/lib/test/auto/Equals.xml (RunModel)" time="0.015" />
  <testcase classname="ptolemy.util.test.junit.AutoTests" name="[144] /home/travis/build/icyphy/ptII/ptolemy/actor/lib/test/auto/Exec.xml (RunModel)" time="0.021" />
  <testcase classname="ptolemy.util.test.junit.AutoTests" name="[145] /home/travis/build/icyphy/ptII/ptolemy/actor/lib/test/auto/ExecEnvironment.xml (RunModel)" time="0.038" />
  <testcase classname="ptolemy.util.test.junit.AutoTests" name="[146] /home/travis/build/icyphy/ptII/ptolemy/actor/lib/test/auto/ExecNonZeroReturnOutput.xml (RunModel)" time="0.146" />
  <testcase classname="ptolemy.util.test.junit.AutoTests" name="[147] /home/travis/build/icyphy/ptII/ptolemy/actor/lib/test/auto/ExecRunDemos.xml (RunModel)" time="9.593" />
  <testcase classname="ptolemy.util.test.junit.AutoTests" name="[148] /home/travis/build/icyphy/ptII/ptolemy/actor/lib/test/auto/ExecStop.xml (RunModel)" time="5.023" />
  <testcase classname="ptolemy.util.test.junit.AutoTests" name="[149] /home/travis/build/icyphy/ptII/ptolemy/actor/lib/test/auto/ExecutionTimePN.xml (RunModel)" time="2.035" />
  <testcase classname="ptolemy.util.test.junit.AutoTests" name="[150] /home/travis/build/icyphy/ptII/ptolemy/actor/lib/test/auto/ExecutionTimeSDF.xml (RunModel)" time="6.025" />
  <testcase classname="ptolemy.util.test.junit.AutoTests" name="[151] /home/travis/build/icyphy/ptII/ptolemy/actor/lib/test/auto/Expression1.xml (RunModel)" time="0.018" />
  <testcase classname="ptolemy.util.test.junit.AutoTests" name="[152] /home/travis/build/icyphy/ptII/ptolemy/actor/lib/test/auto/Expression10.xml (RunModel)" time="0.016" />
  <testcase classname="ptolemy.util.test.junit.AutoTests" name="[153] /home/travis/build/icyphy/ptII/ptolemy/actor/lib/test/auto/Expression11.xml (RunModel)" time="0.012" />
  <testcase classname="ptolemy.util.test.junit.AutoTests" name="[154] /home/travis/build/icyphy/ptII/ptolemy/actor/lib/test/auto/Expression12.xml (RunModel)" time="0.015" />
  <testcase classname="ptolemy.util.test.junit.AutoTests" name="[155] /home/travis/build/icyphy/ptII/ptolemy/actor/lib/test/auto/Expression13.xml (RunModel)" time="0.015" />
  <testcase classname="ptolemy.util.test.junit.AutoTests" name="[156] /home/travis/build/icyphy/ptII/ptolemy/actor/lib/test/auto/Expression14.xml (RunModel)" time="0.018" />
  <testcase classname="ptolemy.util.test.junit.AutoTests" name="[157] /home/travis/build/icyphy/ptII/ptolemy/actor/lib/test/auto/Expression15.xml (RunModel)" time="0.01" />
  <testcase classname="ptolemy.util.test.junit.AutoTests" name="[158] /home/travis/build/icyphy/ptII/ptolemy/actor/lib/test/auto/Expression16.xml (RunModel)" time="0.015" />
  <testcase classname="ptolemy.util.test.junit.AutoTests" name="[159] /home/travis/build/icyphy/ptII/ptolemy/actor/lib/test/auto/Expression17.xml (RunModel)" time="0.015" />
  <testcase classname="ptolemy.util.test.junit.AutoTests" name="[160] /home/travis/build/icyphy/ptII/ptolemy/actor/lib/test/auto/Expression18.xml (RunModel)" time="0.017" />
  <testcase classname="ptolemy.util.test.junit.AutoTests" name="[161] /home/travis/build/icyphy/ptII/ptolemy/actor/lib/test/auto/Expression2.xml (RunModel)" time="0.017" />
  <testcase classname="ptolemy.util.test.junit.AutoTests" name="[162] /home/travis/build/icyphy/ptII/ptolemy/actor/lib/test/auto/Expression3.xml (RunModel)" time="0.019" />
  <testcase classname="ptolemy.util.test.junit.AutoTests" name="[163] /home/travis/build/icyphy/ptII/ptolemy/actor/lib/test/auto/Expression4.xml (RunModel)" time="0.025" />
  <testcase classname="ptolemy.util.test.junit.AutoTests" name="[164] /home/travis/build/icyphy/ptII/ptolemy/actor/lib/test/auto/Expression5.xml (RunModel)" time="0.024" />
  <testcase classname="ptolemy.util.test.junit.AutoTests" name="[165] /home/travis/build/icyphy/ptII/ptolemy/actor/lib/test/auto/Expression6.xml (RunModel)" time="0.013" />
  <testcase classname="ptolemy.util.test.junit.AutoTests" name="[166] /home/travis/build/icyphy/ptII/ptolemy/actor/lib/test/auto/Expression7.xml (RunModel)" time="0.013" />
  <testcase classname="ptolemy.util.test.junit.AutoTests" name="[167] /home/travis/build/icyphy/ptII/ptolemy/actor/lib/test/auto/Expression8.xml (RunModel)" time="0.02" />
  <testcase classname="ptolemy.util.test.junit.AutoTests" name="[168] /home/travis/build/icyphy/ptII/ptolemy/actor/lib/test/auto/Expression9.xml (RunModel)" time="0.01" />
  <testcase classname="ptolemy.util.test.junit.AutoTests" name="[169] /home/travis/build/icyphy/ptII/ptolemy/actor/lib/test/auto/ExpressionConcatenateArrayType.xml (RunModel)" time="0.029" />
  <testcase classname="ptolemy.util.test.junit.AutoTests" name="[170] /home/travis/build/icyphy/ptII/ptolemy/actor/lib/test/auto/ExpressionConcatenateArrayType2.xml (RunModel)" time="0.026" />
  <testcase classname="ptolemy.util.test.junit.AutoTests" name="[171] /home/travis/build/icyphy/ptII/ptolemy/actor/lib/test/auto/ExpressionFix.xml (RunModel)" time="0.048" />
  <testcase classname="ptolemy.util.test.junit.AutoTests" name="[172] /home/travis/build/icyphy/ptII/ptolemy/actor/lib/test/auto/ExpressionFix2.xml (RunModel)" time="0.019" />
  <testcase classname="ptolemy.util.test.junit.AutoTests" name="[173] /home/travis/build/icyphy/ptII/ptolemy/actor/lib/test/auto/ExpressionFix3.xml (RunModel)" time="0.014" />
  <testcase classname="ptolemy.util.test.junit.AutoTests" name="[174] /home/travis/build/icyphy/ptII/ptolemy/actor/lib/test/auto/FileWriter1.xml (RunModel)" time="0.012" />
  <testcase classname="ptolemy.util.test.junit.AutoTests" name="[175] /home/travis/build/icyphy/ptII/ptolemy/actor/lib/test/auto/FileWriter2.xml (RunModel)" time="0.02" />
  <testcase classname="ptolemy.util.test.junit.AutoTests" name="[176] /home/travis/build/icyphy/ptII/ptolemy/actor/lib/test/auto/FileWriter3.xml (RunModel)" time="0.01" />
  <testcase classname="ptolemy.util.test.junit.AutoTests" name="[177] /home/travis/build/icyphy/ptII/ptolemy/actor/lib/test/auto/Gaussian.xml (RunModel)" time="0.012" />
  <testcase classname="ptolemy.util.test.junit.AutoTests" name="[178] /home/travis/build/icyphy/ptII/ptolemy/actor/lib/test/auto/Gaussian1.xml (RunModel)" time="0.012" />
  <testcase classname="ptolemy.util.test.junit.AutoTests" name="[179] /home/travis/build/icyphy/ptII/ptolemy/actor/lib/test/auto/Gaussian2.xml (RunModel)" time="0.017" />
  <testcase classname="ptolemy.util.test.junit.AutoTests" name="[180] /home/travis/build/icyphy/ptII/ptolemy/actor/lib/test/auto/GradientAdaptiveLattice.xml (RunModel)" time="0.023" />
  <testcase classname="ptolemy.util.test.junit.AutoTests" name="[181] /home/travis/build/icyphy/ptII/ptolemy/actor/lib/test/auto/IIR.xml (RunModel)" time="0.012" />
  <testcase classname="ptolemy.util.test.junit.AutoTests" name="[182] /home/travis/build/icyphy/ptII/ptolemy/actor/lib/test/auto/InputOutputTransparentPorts.xml (RunModel)" time="0.018" />
  <testcase classname="ptolemy.util.test.junit.AutoTests" name="[183] /home/travis/build/icyphy/ptII/ptolemy/actor/lib/test/auto/Interpolator.xml (RunModel)" time="0.011" />
  <testcase classname="ptolemy.util.test.junit.AutoTests" name="[184] /home/travis/build/icyphy/ptII/ptolemy/actor/lib/test/auto/InterpolatorFiringLimitDE.xml (RunModel)" time="0.013" />
  <testcase classname="ptolemy.util.test.junit.AutoTests" name="[185] /home/travis/build/icyphy/ptII/ptolemy/actor/lib/test/auto/Lattice.xml (RunModel)" time="0.008" />
  <testcase classname="ptolemy.util.test.junit.AutoTests" name="[186] /home/travis/build/icyphy/ptII/ptolemy/actor/lib/test/auto/LazyAOCTestLazy.xml (RunModel)" time="0.02" />
  <testcase classname="ptolemy.util.test.junit.AutoTests" name="[187] /home/travis/build/icyphy/ptII/ptolemy/actor/lib/test/auto/LazyAOCTestNonLazy.xml (RunModel)" time="0.045" />
  <testcase classname="ptolemy.util.test.junit.AutoTests" name="[188] /home/travis/build/icyphy/ptII/ptolemy/actor/lib/test/auto/LazyInnerClass.xml (RunModel)" time="0.06" />
  <testcase classname="ptolemy.util.test.junit.AutoTests" name="[189] /home/travis/build/icyphy/ptII/ptolemy/actor/lib/test/auto/LazyPubSub.xml (RunModel)" time="0.066" />
  <testcase classname="ptolemy.util.test.junit.AutoTests" name="[190] /home/travis/build/icyphy/ptII/ptolemy/actor/lib/test/auto/LazyPubSub2.xml (RunModel)" time="0.052" />
  <testcase classname="ptolemy.util.test.junit.AutoTests" name="[191] /home/travis/build/icyphy/ptII/ptolemy/actor/lib/test/auto/LazyPubSub3.xml (RunModel)" time="0.03" />
  <testcase classname="ptolemy.util.test.junit.AutoTests" name="[192] /home/travis/build/icyphy/ptII/ptolemy/actor/lib/test/auto/LazySubClassModel.xml (RunModel)" time="0.029" />
  <testcase classname="ptolemy.util.test.junit.AutoTests" name="[193] /home/travis/build/icyphy/ptII/ptolemy/actor/lib/test/auto/LevelCrossTest1.xml (RunModel)" time="0.011" />
  <testcase classname="ptolemy.util.test.junit.AutoTests" name="[194] /home/travis/build/icyphy/ptII/ptolemy/actor/lib/test/auto/LevelCrossTest10.xml (RunModel)" time="0.016" />
  <testcase classname="ptolemy.util.test.junit.AutoTests" name="[195] /home/travis/build/icyphy/ptII/ptolemy/actor/lib/test/auto/LevelCrossTest11.xml (RunModel)" time="0.015" />
  <testcase classname="ptolemy.util.test.junit.AutoTests" name="[196] /home/travis/build/icyphy/ptII/ptolemy/actor/lib/test/auto/LevelCrossTest12.xml (RunModel)" time="0.016" />
  <testcase classname="ptolemy.util.test.junit.AutoTests" name="[197] /home/travis/build/icyphy/ptII/ptolemy/actor/lib/test/auto/LevelCrossTest13.xml (RunModel)" time="0.016" />
  <testcase classname="ptolemy.util.test.junit.AutoTests" name="[198] /home/travis/build/icyphy/ptII/ptolemy/actor/lib/test/auto/LevelCrossTest2.xml (RunModel)" time="0.012" />
  <testcase classname="ptolemy.util.test.junit.AutoTests" name="[199] /home/travis/build/icyphy/ptII/ptolemy/actor/lib/test/auto/LevelCrossTest3.xml (RunModel)" time="0.013" />
  <testcase classname="ptolemy.util.test.junit.AutoTests" name="[200] /home/travis/build/icyphy/ptII/ptolemy/actor/lib/test/auto/LevelCrossTest4.xml (RunModel)" time="0.012" />
  <testcase classname="ptolemy.util.test.junit.AutoTests" name="[201] /home/travis/build/icyphy/ptII/ptolemy/actor/lib/test/auto/LevelCrossTest5.xml (RunModel)" time="0.014" />
  <testcase classname="ptolemy.util.test.junit.AutoTests" name="[202] /home/travis/build/icyphy/ptII/ptolemy/actor/lib/test/auto/LevelCrossTest6.xml (RunModel)" time="0.015" />
  <testcase classname="ptolemy.util.test.junit.AutoTests" name="[203] /home/travis/build/icyphy/ptII/ptolemy/actor/lib/test/auto/LevelCrossTest7.xml (RunModel)" time="0.016" />
  <testcase classname="ptolemy.util.test.junit.AutoTests" name="[204] /home/travis/build/icyphy/ptII/ptolemy/actor/lib/test/auto/LevelCrossTest8.xml (RunModel)" time="0.014" />
  <testcase classname="ptolemy.util.test.junit.AutoTests" name="[205] /home/travis/build/icyphy/ptII/ptolemy/actor/lib/test/auto/LevelCrossTest9.xml (RunModel)" time="0.014" />
  <testcase classname="ptolemy.util.test.junit.AutoTests" name="[206] /home/travis/build/icyphy/ptII/ptolemy/actor/lib/test/auto/LevinsonDurbin.xml (RunModel)" time="0.008" />
  <testcase classname="ptolemy.util.test.junit.AutoTests" name="[207] /home/travis/build/icyphy/ptII/ptolemy/actor/lib/test/auto/LevinsonDurbin2.xml (RunModel)" time="0.008" />
  <testcase classname="ptolemy.util.test.junit.AutoTests" name="[208] /home/travis/build/icyphy/ptII/ptolemy/actor/lib/test/auto/LevinsonDurbin3.xml (RunModel)" time="0.008" />
  <testcase classname="ptolemy.util.test.junit.AutoTests" name="[209] /home/travis/build/icyphy/ptII/ptolemy/actor/lib/test/auto/Limiter.xml (RunModel)" time="0.024" />
  <testcase classname="ptolemy.util.test.junit.AutoTests" name="[210] /home/travis/build/icyphy/ptII/ptolemy/actor/lib/test/auto/LinearDifferenceEquationSystem.xml (RunModel)" time="0.021" />
  <testcase classname="ptolemy.util.test.junit.AutoTests" name="[211] /home/travis/build/icyphy/ptII/ptolemy/actor/lib/test/auto/LookupTable.xml (RunModel)" time="0.01" />
  <testcase classname="ptolemy.util.test.junit.AutoTests" name="[212] /home/travis/build/icyphy/ptII/ptolemy/actor/lib/test/auto/MathFunction.xml (RunModel)" time="0.02" />
  <testcase classname="ptolemy.util.test.junit.AutoTests" name="[213] /home/travis/build/icyphy/ptII/ptolemy/actor/lib/test/auto/MathFunction2.xml (RunModel)" time="0.01" />
  <testcase classname="ptolemy.util.test.junit.AutoTests" name="[214] /home/travis/build/icyphy/ptII/ptolemy/actor/lib/test/auto/MathFunction3.xml (RunModel)" time="0.018" />
  <testcase classname="ptolemy.util.test.junit.AutoTests" name="[215] /home/travis/build/icyphy/ptII/ptolemy/actor/lib/test/auto/MatrixCropBoolean.xml (RunModel)" time="0.011" />
  <testcase classname="ptolemy.util.test.junit.AutoTests" name="[216] /home/travis/build/icyphy/ptII/ptolemy/actor/lib/test/auto/MatrixCropComplex.xml (RunModel)" time="0.01" />
  <testcase classname="ptolemy.util.test.junit.AutoTests" name="[217] /home/travis/build/icyphy/ptII/ptolemy/actor/lib/test/auto/MatrixCropDouble.xml (RunModel)" time="0.01" />
  <testcase classname="ptolemy.util.test.junit.AutoTests" name="[218] /home/travis/build/icyphy/ptII/ptolemy/actor/lib/test/auto/MatrixCropFix.xml (RunModel)" time="0.01" />
  <testcase classname="ptolemy.util.test.junit.AutoTests" name="[219] /home/travis/build/icyphy/ptII/ptolemy/actor/lib/test/auto/MatrixCropInt.xml (RunModel)" time="0.009" />
  <testcase classname="ptolemy.util.test.junit.AutoTests" name="[220] /home/travis/build/icyphy/ptII/ptolemy/actor/lib/test/auto/MatrixCropLong.xml (RunModel)" time="0.009" />
  <testcase classname="ptolemy.util.test.junit.AutoTests" name="[221] /home/travis/build/icyphy/ptII/ptolemy/actor/lib/test/auto/MatrixToArray.xml (RunModel)" time="0.043" />
  <testcase classname="ptolemy.util.test.junit.AutoTests" name="[222] /home/travis/build/icyphy/ptII/ptolemy/actor/lib/test/auto/MaxIndex.xml (RunModel)" time="0.012" />
  <testcase classname="ptolemy.util.test.junit.AutoTests" name="[223] /home/travis/build/icyphy/ptII/ptolemy/actor/lib/test/auto/Maximum.xml (RunModel)" time="0.013" />
  <testcase classname="ptolemy.util.test.junit.AutoTests" name="[224] /home/travis/build/icyphy/ptII/ptolemy/actor/lib/test/auto/MaximumComplex.xml (RunModel)" time="0.014" />
  <testcase classname="ptolemy.util.test.junit.AutoTests" name="[225] /home/travis/build/icyphy/ptII/ptolemy/actor/lib/test/auto/MethodCallTest.xml (RunModel)" time="0.019" />
  <testcase classname="ptolemy.util.test.junit.AutoTests" name="[226] /home/travis/build/icyphy/ptII/ptolemy/actor/lib/test/auto/Minimum.xml (RunModel)" time="0.014" />
  <testcase classname="ptolemy.util.test.junit.AutoTests" name="[227] /home/travis/build/icyphy/ptII/ptolemy/actor/lib/test/auto/MinimumComplex.xml (RunModel)" time="0.014" />
  <testcase classname="ptolemy.util.test.junit.AutoTests" name="[228] /home/travis/build/icyphy/ptII/ptolemy/actor/lib/test/auto/MinimumMultiports.xml (RunModel)" time="0.021" />
  <testcase classname="ptolemy.util.test.junit.AutoTests" name="[229] /home/travis/build/icyphy/ptII/ptolemy/actor/lib/test/auto/ModifyDate.xml (RunModel)" time="0.042" />
  <testcase classname="ptolemy.util.test.junit.AutoTests" name="[230] /home/travis/build/icyphy/ptII/ptolemy/actor/lib/test/auto/ModifyDate2.xml (RunModel)" time="0.033" />
  <testcase classname="ptolemy.util.test.junit.AutoTests" name="[231] /home/travis/build/icyphy/ptII/ptolemy/actor/lib/test/auto/MovingAverage.xml (RunModel)" time="0.014" />
  <testcase classname="ptolemy.util.test.junit.AutoTests" name="[232] /home/travis/build/icyphy/ptII/ptolemy/actor/lib/test/auto/MovingMaximum.xml (RunModel)" time="0.011" />
  <testcase classname="ptolemy.util.test.junit.AutoTests" name="[233] /home/travis/build/icyphy/ptII/ptolemy/actor/lib/test/auto/MultipleLinksToSameRelation.xml (RunModel)" time="0.009" />
  <testcase classname="ptolemy.util.test.junit.AutoTests" name="[234] /home/travis/build/icyphy/ptII/ptolemy/actor/lib/test/auto/MultipleLinksToSameRelationDE.xml (RunModel)" time="0.011" />
  <testcase classname="ptolemy.util.test.junit.AutoTests" name="[235] /home/travis/build/icyphy/ptII/ptolemy/actor/lib/test/auto/Multiplexor.xml (RunModel)" time="0.014" />
  <testcase classname="ptolemy.util.test.junit.AutoTests" name="[236] /home/travis/build/icyphy/ptII/ptolemy/actor/lib/test/auto/Multiplexor1.xml (RunModel)" time="0.013" />
  <testcase classname="ptolemy.util.test.junit.AutoTests" name="[237] /home/travis/build/icyphy/ptII/ptolemy/actor/lib/test/auto/Multiplexor2.xml (RunModel)" time="0.015" />
  <testcase classname="ptolemy.util.test.junit.AutoTests" name="[238] /home/travis/build/icyphy/ptII/ptolemy/actor/lib/test/auto/Multiplexor3.xml (RunModel)" time="0.01" />
  <testcase classname="ptolemy.util.test.junit.AutoTests" name="[239] /home/travis/build/icyphy/ptII/ptolemy/actor/lib/test/auto/MultiplexorDE.xml (RunModel)" time="0.022" />
  <testcase classname="ptolemy.util.test.junit.AutoTests" name="[240] /home/travis/build/icyphy/ptII/ptolemy/actor/lib/test/auto/MultiportBroadcastTest.xml (RunModel)" time="0.061" />
  <testcase classname="ptolemy.util.test.junit.AutoTests" name="[241] /home/travis/build/icyphy/ptII/ptolemy/actor/lib/test/auto/MultiportOutHangDuringGetWidth.xml (RunModel)" time="0.031" />
  <testcase classname="ptolemy.util.test.junit.AutoTests" name="[242] /home/travis/build/icyphy/ptII/ptolemy/actor/lib/test/auto/NilToken.xml (RunModel)" time="0.007" />
  <testcase classname="ptolemy.util.test.junit.AutoTests" name="[243] /home/travis/build/icyphy/ptII/ptolemy/actor/lib/test/auto/NilTokenNonStrictTest.xml (RunModel)" time="0.011" />
  <testcase classname="ptolemy.util.test.junit.AutoTests" name="[244] /home/travis/build/icyphy/ptII/ptolemy/actor/lib/test/auto/NilTokenRecord.xml (RunModel)" time="0.019" />
  <testcase classname="ptolemy.util.test.junit.AutoTests" name="[245] /home/travis/build/icyphy/ptII/ptolemy/actor/lib/test/auto/NilTokenTypeTest.xml (RunModel)" time="0.031" />
  <testcase classname="ptolemy.util.test.junit.AutoTests" name="[246] /home/travis/build/icyphy/ptII/ptolemy/actor/lib/test/auto/ObjectToken1.xml (RunModel)" time="0.008" />
  <testcase classname="ptolemy.util.test.junit.AutoTests" name="[247] /home/travis/build/icyphy/ptII/ptolemy/actor/lib/test/auto/OrderedMerge.xml (RunModel)" time="0.015" />
  <testcase classname="ptolemy.util.test.junit.AutoTests" name="[248] /home/travis/build/icyphy/ptII/ptolemy/actor/lib/test/auto/OrderedRecordDisassembler.xml (RunModel)" time="0.016" />
  <testcase classname="ptolemy.util.test.junit.AutoTests" name="[249] /home/travis/build/icyphy/ptII/ptolemy/actor/lib/test/auto/OrderedRecordDisassembler2.xml (RunModel)" time="0.018" />
  <testcase classname="ptolemy.util.test.junit.AutoTests" name="[250] /home/travis/build/icyphy/ptII/ptolemy/actor/lib/test/auto/OrderedRecordUpdater.xml (RunModel)" time="0.01" />
  <testcase classname="ptolemy.util.test.junit.AutoTests" name="[251] /home/travis/build/icyphy/ptII/ptolemy/actor/lib/test/auto/OrderedRecordUpdater2.xml (RunModel)" time="0.01" />
  <testcase classname="ptolemy.util.test.junit.AutoTests" name="[252] /home/travis/build/icyphy/ptII/ptolemy/actor/lib/test/auto/PhaseUnwrap.xml (RunModel)" time="0.011" />
  <testcase classname="ptolemy.util.test.junit.AutoTests" name="[253] /home/travis/build/icyphy/ptII/ptolemy/actor/lib/test/auto/PoissonClock.xml (RunModel)" time="0.009" />
  <testcase classname="ptolemy.util.test.junit.AutoTests" name="[254] /home/travis/build/icyphy/ptII/ptolemy/actor/lib/test/auto/PoissonClock2.xml (RunModel)" time="0.009" />
  <testcase classname="ptolemy.util.test.junit.AutoTests" name="[255] /home/travis/build/icyphy/ptII/ptolemy/actor/lib/test/auto/PoissonClock3.xml (RunModel)" time="0.009" />
  <testcase classname="ptolemy.util.test.junit.AutoTests" name="[256] /home/travis/build/icyphy/ptII/ptolemy/actor/lib/test/auto/PubSubWithInitialTokens.xml (RunModel)" time="0.011" />
  <testcase classname="ptolemy.util.test.junit.AutoTests" name="[257] /home/travis/build/icyphy/ptII/ptolemy/actor/lib/test/auto/PubSubWithInitialTokens2.xml (RunModel)" time="0.012" />
  <testcase classname="ptolemy.util.test.junit.AutoTests" name="[258] /home/travis/build/icyphy/ptII/ptolemy/actor/lib/test/auto/PublisherClassNoParameter.xml (RunModel)" time="0.022" />
  <testcase classname="ptolemy.util.test.junit.AutoTests" name="[259] /home/travis/build/icyphy/ptII/ptolemy/actor/lib/test/auto/PublisherClassParameter.xml (RunModel)" time="0.022" />
  <testcase classname="ptolemy.util.test.junit.AutoTests" name="[260] /home/travis/build/icyphy/ptII/ptolemy/actor/lib/test/auto/PublisherNonStrictTest.xml (RunModel)" time="0.015" />
  <testcase classname="ptolemy.util.test.junit.AutoTests" name="[261] /home/travis/build/icyphy/ptII/ptolemy/actor/lib/test/auto/PublisherPort1.xml (RunModel)" time="0.011" />
  <testcase classname="ptolemy.util.test.junit.AutoTests" name="[262] /home/travis/build/icyphy/ptII/ptolemy/actor/lib/test/auto/PublisherPort2.xml (RunModel)" time="0.009" />
  <testcase classname="ptolemy.util.test.junit.AutoTests" name="[263] /home/travis/build/icyphy/ptII/ptolemy/actor/lib/test/auto/PublisherPort3.xml (RunModel)" time="0.013" />
  <testcase classname="ptolemy.util.test.junit.AutoTests" name="[264] /home/travis/build/icyphy/ptII/ptolemy/actor/lib/test/auto/PublisherPort4.xml (RunModel)" time="0.011" />
  <testcase classname="ptolemy.util.test.junit.AutoTests" name="[265] /home/travis/build/icyphy/ptII/ptolemy/actor/lib/test/auto/PublisherPort5.xml (RunModel)" time="0.015" />
  <testcase classname="ptolemy.util.test.junit.AutoTests" name="[266] /home/travis/build/icyphy/ptII/ptolemy/actor/lib/test/auto/PublisherPort5LookAlike.xml (RunModel)" time="0.015" />
  <testcase classname="ptolemy.util.test.junit.AutoTests" name="[267] /home/travis/build/icyphy/ptII/ptolemy/actor/lib/test/auto/PublisherPort6.xml (RunModel)" time="0.014" />
  <testcase classname="ptolemy.util.test.junit.AutoTests" name="[268] /home/travis/build/icyphy/ptII/ptolemy/actor/lib/test/auto/PublisherPort7.xml (RunModel)" time="0.015" />
  <testcase classname="ptolemy.util.test.junit.AutoTests" name="[269] /home/travis/build/icyphy/ptII/ptolemy/actor/lib/test/auto/PublisherPort8.xml (RunModel)" time="0.016" />
  <testcase classname="ptolemy.util.test.junit.AutoTests" name="[270] /home/travis/build/icyphy/ptII/ptolemy/actor/lib/test/auto/PublisherPortSubscriberChannelVariablesAOC2.xml (RunModel)" time="0.033" />
  <testcase classname="ptolemy.util.test.junit.AutoTests" name="[271] /home/travis/build/icyphy/ptII/ptolemy/actor/lib/test/auto/PublisherPortSubscriberOpaqueWidthInference.xml (RunModel)" time="0.016" />
  <testcase classname="ptolemy.util.test.junit.AutoTests" name="[272] /home/travis/build/icyphy/ptII/ptolemy/actor/lib/test/auto/PublisherPortSubscriberPortAdjacent.xml (RunModel)" time="0.02" />
  <testcase classname="ptolemy.util.test.junit.AutoTests" name="[273] /home/travis/build/icyphy/ptII/ptolemy/actor/lib/test/auto/PublisherPortSubscriberPortExpression.xml (RunModel)" time="0.018" />
  <testcase classname="ptolemy.util.test.junit.AutoTests" name="[274] /home/travis/build/icyphy/ptII/ptolemy/actor/lib/test/auto/PublisherPortSubscriberPortOpaqueD3Reverse.xml (RunModel)" time="0.02" />
  <testcase classname="ptolemy.util.test.junit.AutoTests" name="[275] /home/travis/build/icyphy/ptII/ptolemy/actor/lib/test/auto/PublisherPortSubscriberPortOpaqueWidthInference.xml (RunModel)" time="0.016" />
  <testcase classname="ptolemy.util.test.junit.AutoTests" name="[276] /home/travis/build/icyphy/ptII/ptolemy/actor/lib/test/auto/PublisherPortToplevelSubscriberPortAOC.xml (RunModel)" time="0.01" />
  <testcase classname="ptolemy.util.test.junit.AutoTests" name="[277] /home/travis/build/icyphy/ptII/ptolemy/actor/lib/test/auto/PublisherSubscriber.xml (RunModel)" time="0.013" />
  <testcase classname="ptolemy.util.test.junit.AutoTests" name="[278] /home/travis/build/icyphy/ptII/ptolemy/actor/lib/test/auto/PublisherSubscriber10.xml (RunModel)" time="0.02" />
  <testcase classname="ptolemy.util.test.junit.AutoTests" name="[279] /home/travis/build/icyphy/ptII/ptolemy/actor/lib/test/auto/PublisherSubscriber10InitialOutputs.xml (RunModel)" time="0.02" />
  <testcase classname="ptolemy.util.test.junit.AutoTests" name="[280] /home/travis/build/icyphy/ptII/ptolemy/actor/lib/test/auto/PublisherSubscriber11.xml (RunModel)" time="0.012" />
  <testcase classname="ptolemy.util.test.junit.AutoTests" name="[281] /home/travis/build/icyphy/ptII/ptolemy/actor/lib/test/auto/PublisherSubscriber12.xml (RunModel)" time="0.013" />
  <testcase classname="ptolemy.util.test.junit.AutoTests" name="[282] /home/travis/build/icyphy/ptII/ptolemy/actor/lib/test/auto/PublisherSubscriber13.xml (RunModel)" time="0.01" />
  <testcase classname="ptolemy.util.test.junit.AutoTests" name="[283] /home/travis/build/icyphy/ptII/ptolemy/actor/lib/test/auto/PublisherSubscriber14.xml (RunModel)" time="0.019" />
  <testcase classname="ptolemy.util.test.junit.AutoTests" name="[284] /home/travis/build/icyphy/ptII/ptolemy/actor/lib/test/auto/PublisherSubscriber2.xml (RunModel)" time="0.01" />
  <testcase classname="ptolemy.util.test.junit.AutoTests" name="[285] /home/travis/build/icyphy/ptII/ptolemy/actor/lib/test/auto/PublisherSubscriber3.xml (RunModel)" time="0.01" />
  <testcase classname="ptolemy.util.test.junit.AutoTests" name="[286] /home/travis/build/icyphy/ptII/ptolemy/actor/lib/test/auto/PublisherSubscriber4.xml (RunModel)" time="0.009" />
  <testcase classname="ptolemy.util.test.junit.AutoTests" name="[287] /home/travis/build/icyphy/ptII/ptolemy/actor/lib/test/auto/PublisherSubscriber5.xml (RunModel)" time="0.013" />
  <testcase classname="ptolemy.util.test.junit.AutoTests" name="[288] /home/travis/build/icyphy/ptII/ptolemy/actor/lib/test/auto/PublisherSubscriber6.xml (RunModel)" time="0.013" />
  <testcase classname="ptolemy.util.test.junit.AutoTests" name="[289] /home/travis/build/icyphy/ptII/ptolemy/actor/lib/test/auto/PublisherSubscriber7.xml (RunModel)" time="0.014" />
  <testcase classname="ptolemy.util.test.junit.AutoTests" name="[290] /home/travis/build/icyphy/ptII/ptolemy/actor/lib/test/auto/PublisherSubscriber8.xml (RunModel)" time="0.023" />
  <testcase classname="ptolemy.util.test.junit.AutoTests" name="[291] /home/travis/build/icyphy/ptII/ptolemy/actor/lib/test/auto/PublisherSubscriber9.xml (RunModel)" time="0.02" />
  <testcase classname="ptolemy.util.test.junit.AutoTests" name="[292] /home/travis/build/icyphy/ptII/ptolemy/actor/lib/test/auto/PublisherSubscriberAdjacent.xml (RunModel)" time="0.02" />
  <testcase classname="ptolemy.util.test.junit.AutoTests" name="[293] /home/travis/build/icyphy/ptII/ptolemy/actor/lib/test/auto/PublisherSubscriberChannelVariablesAOC2.xml (RunModel)" time="0.03" />
  <testcase classname="ptolemy.util.test.junit.AutoTests" name="[294] /home/travis/build/icyphy/ptII/ptolemy/actor/lib/test/auto/PublisherSubscriberD3.xml (RunModel)" time="0.015" />
  <testcase classname="ptolemy.util.test.junit.AutoTests" name="[295] /home/travis/build/icyphy/ptII/ptolemy/actor/lib/test/auto/PublisherSubscriberD3Reverse.xml (RunModel)" time="0.013" />
  <testcase classname="ptolemy.util.test.junit.AutoTests" name="[296] /home/travis/build/icyphy/ptII/ptolemy/actor/lib/test/auto/PublisherSubscriberExpression.xml (RunModel)" time="0.021" />
  <testcase classname="ptolemy.util.test.junit.AutoTests" name="[297] /home/travis/build/icyphy/ptII/ptolemy/actor/lib/test/auto/PublisherSubscriberOpaque.xml (RunModel)" time="0.018" />
  <testcase classname="ptolemy.util.test.junit.AutoTests" name="[298] /home/travis/build/icyphy/ptII/ptolemy/actor/lib/test/auto/PublisherSubscriberOpaqueD3.xml (RunModel)" time="0.025" />
  <testcase classname="ptolemy.util.test.junit.AutoTests" name="[299] /home/travis/build/icyphy/ptII/ptolemy/actor/lib/test/auto/PublisherSubscriberOpaqueD3Reverse.xml (RunModel)" time="0.021" />
  <testcase classname="ptolemy.util.test.junit.AutoTests" name="[300] /home/travis/build/icyphy/ptII/ptolemy/actor/lib/test/auto/PublisherSubscriberOpaqueWidthInference.xml (RunModel)" time="0.017" />
  <testcase classname="ptolemy.util.test.junit.AutoTests" name="[301] /home/travis/build/icyphy/ptII/ptolemy/actor/lib/test/auto/PublisherTestSubscriber.xml (RunModel)" time="0.016" />
  <testcase classname="ptolemy.util.test.junit.AutoTests" name="[302] /home/travis/build/icyphy/ptII/ptolemy/actor/lib/test/auto/PublisherToplevelSubscriberPortAOC.xml (RunModel)" time="0.011" />
  <testcase classname="ptolemy.util.test.junit.AutoTests" name="[303] /home/travis/build/icyphy/ptII/ptolemy/actor/lib/test/auto/PulseFiringLimitDE.xml (RunModel)" time="0.014" />
  <testcase classname="ptolemy.util.test.junit.AutoTests" name="[304] /home/travis/build/icyphy/ptII/ptolemy/actor/lib/test/auto/Ramp1.xml (RunModel)" time="0.008" />
  <testcase classname="ptolemy.util.test.junit.AutoTests" name="[305] /home/travis/build/icyphy/ptII/ptolemy/actor/lib/test/auto/RampFiringLimitDE.xml (RunModel)" time="0.014" />
  <testcase classname="ptolemy.util.test.junit.AutoTests" name="[306] /home/travis/build/icyphy/ptII/ptolemy/actor/lib/test/auto/RampFiringLimitSDF.xml (RunModel)" time="0.012" />
  <testcase classname="ptolemy.util.test.junit.AutoTests" name="[307] /home/travis/build/icyphy/ptII/ptolemy/actor/lib/test/auto/RandomInteger.xml (RunModel)" time="0.009" />
  <testcase classname="ptolemy.util.test.junit.AutoTests" name="[308] /home/travis/build/icyphy/ptII/ptolemy/actor/lib/test/auto/ReadFile1.xml (RunModel)" time="0.01" />
  <testcase classname="ptolemy.util.test.junit.AutoTests" name="[309] /home/travis/build/icyphy/ptII/ptolemy/actor/lib/test/auto/ReadFile2.xml (RunModel)" time="0.009" />
  <testcase classname="ptolemy.util.test.junit.AutoTests" name="[310] /home/travis/build/icyphy/ptII/ptolemy/actor/lib/test/auto/Reader.xml (RunModel)" time="0.011" />
  <testcase classname="ptolemy.util.test.junit.AutoTests" name="[311] /home/travis/build/icyphy/ptII/ptolemy/actor/lib/test/auto/RecordAssemblerDisplayNameTest.xml (RunModel)" time="3.479" />
  <testcase classname="ptolemy.util.test.junit.AutoTests" name="[312] /home/travis/build/icyphy/ptII/ptolemy/actor/lib/test/auto/RecordAssemblerTypeError.xml (RunModel)" time="0.038" />
  <testcase classname="ptolemy.util.test.junit.AutoTests" name="[313] /home/travis/build/icyphy/ptII/ptolemy/actor/lib/test/auto/RecordDisassember.xml (RunModel)" time="0.011" />
  <testcase classname="ptolemy.util.test.junit.AutoTests" name="[314] /home/travis/build/icyphy/ptII/ptolemy/actor/lib/test/auto/RecordDisassemberDisplayNameTest.xml (RunModel)" time="0.022" />
  <testcase classname="ptolemy.util.test.junit.AutoTests" name="[315] /home/travis/build/icyphy/ptII/ptolemy/actor/lib/test/auto/RecordDisassembler.xml (RunModel)" time="0.011" />
  <testcase classname="ptolemy.util.test.junit.AutoTests" name="[316] /home/travis/build/icyphy/ptII/ptolemy/actor/lib/test/auto/RecordDisassembler2.xml (RunModel)" time="0.013" />
  <testcase classname="ptolemy.util.test.junit.AutoTests" name="[317] /home/travis/build/icyphy/ptII/ptolemy/actor/lib/test/auto/RecordUpdater.xml (RunModel)" time="0.013" />
  <testcase classname="ptolemy.util.test.junit.AutoTests" name="[318] /home/travis/build/icyphy/ptII/ptolemy/actor/lib/test/auto/RecordUpdater2.xml (RunModel)" time="0.012" />
  <testcase classname="ptolemy.util.test.junit.AutoTests" name="[319] /home/travis/build/icyphy/ptII/ptolemy/actor/lib/test/auto/RecursiveLattice.xml (RunModel)" time="0.009" />
  <testcase classname="ptolemy.util.test.junit.AutoTests" name="[320] /home/travis/build/icyphy/ptII/ptolemy/actor/lib/test/auto/Router.xml (RunModel)" time="3.035" />
  <testcase classname="ptolemy.util.test.junit.AutoTests" name="[321] /home/travis/build/icyphy/ptII/ptolemy/actor/lib/test/auto/Router2.xml (RunModel)" time="3.053" />
  <testcase classname="ptolemy.util.test.junit.AutoTests" name="[322] /home/travis/build/icyphy/ptII/ptolemy/actor/lib/test/auto/RunningMaximum.xml (RunModel)" time="0.011" />
  <testcase classname="ptolemy.util.test.junit.AutoTests" name="[323] /home/travis/build/icyphy/ptII/ptolemy/actor/lib/test/auto/RunningMinimum.xml (RunModel)" time="0.01" />
  <testcase classname="ptolemy.util.test.junit.AutoTests" name="[324] /home/travis/build/icyphy/ptII/ptolemy/actor/lib/test/auto/Scale.xml (RunModel)" time="0.007" />
  <testcase classname="ptolemy.util.test.junit.AutoTests" name="[325] /home/travis/build/icyphy/ptII/ptolemy/actor/lib/test/auto/Scale2.xml (RunModel)" time="0.01" />
  <testcase classname="ptolemy.util.test.junit.AutoTests" name="[326] /home/travis/build/icyphy/ptII/ptolemy/actor/lib/test/auto/Scale3.xml (RunModel)" time="0.014" />
  <testcase classname="ptolemy.util.test.junit.AutoTests" name="[327] /home/travis/build/icyphy/ptII/ptolemy/actor/lib/test/auto/ScaleArray.xml (RunModel)" time="0.007" />
  <testcase classname="ptolemy.util.test.junit.AutoTests" name="[328] /home/travis/build/icyphy/ptII/ptolemy/actor/lib/test/auto/ScaleArray2.xml (RunModel)" time="0.007" />
  <testcase classname="ptolemy.util.test.junit.AutoTests" name="[329] /home/travis/build/icyphy/ptII/ptolemy/actor/lib/test/auto/ScaleMatrix.xml (RunModel)" time="0.117" />
  <testcase classname="ptolemy.util.test.junit.AutoTests" name="[330] /home/travis/build/icyphy/ptII/ptolemy/actor/lib/test/auto/Select.xml (RunModel)" time="0.013" />
  <testcase classname="ptolemy.util.test.junit.AutoTests" name="[331] /home/travis/build/icyphy/ptII/ptolemy/actor/lib/test/auto/Select2.xml (RunModel)" time="0.009" />
  <testcase classname="ptolemy.util.test.junit.AutoTests" name="[332] /home/travis/build/icyphy/ptII/ptolemy/actor/lib/test/auto/SequenceToArray2.xml (RunModel)" time="0.108" />
  <testcase classname="ptolemy.util.test.junit.AutoTests" name="[333] /home/travis/build/icyphy/ptII/ptolemy/actor/lib/test/auto/SequentialClock.xml (RunModel)" time="0.013" />
  <testcase classname="ptolemy.util.test.junit.AutoTests" name="[334] /home/travis/build/icyphy/ptII/ptolemy/actor/lib/test/auto/SetVariable.xml (RunModel)" time="0.011" />
  <testcase classname="ptolemy.util.test.junit.AutoTests" name="[335] /home/travis/build/icyphy/ptII/ptolemy/actor/lib/test/auto/SetVariable2.xml (RunModel)" time="0.01" />
  <testcase classname="ptolemy.util.test.junit.AutoTests" name="[336] /home/travis/build/icyphy/ptII/ptolemy/actor/lib/test/auto/SetVariable3.xml (RunModel)" time="0.011" />
  <testcase classname="ptolemy.util.test.junit.AutoTests" name="[337] /home/travis/build/icyphy/ptII/ptolemy/actor/lib/test/auto/SetVariable4.xml (RunModel)" time="0.029" />
  <testcase classname="ptolemy.util.test.junit.AutoTests" name="[338] /home/travis/build/icyphy/ptII/ptolemy/actor/lib/test/auto/SetVariable5.xml (RunModel)" time="0.025" />
  <testcase classname="ptolemy.util.test.junit.AutoTests" name="[339] /home/travis/build/icyphy/ptII/ptolemy/actor/lib/test/auto/Sinewave.xml (RunModel)" time="0.026" />
  <testcase classname="ptolemy.util.test.junit.AutoTests" name="[340] /home/travis/build/icyphy/ptII/ptolemy/actor/lib/test/auto/Sinewave2.xml (RunModel)" time="0.015" />
  <testcase classname="ptolemy.util.test.junit.AutoTests" name="[341] /home/travis/build/icyphy/ptII/ptolemy/actor/lib/test/auto/Sinewave3.xml (RunModel)" time="0.015" />
  <testcase classname="ptolemy.util.test.junit.AutoTests" name="[342] /home/travis/build/icyphy/ptII/ptolemy/actor/lib/test/auto/SingleEvent.xml (RunModel)" time="0.012" />
  <testcase classname="ptolemy.util.test.junit.AutoTests" name="[343] /home/travis/build/icyphy/ptII/ptolemy/actor/lib/test/auto/Sleep.xml (RunModel)" time="6.013" />
  <testcase classname="ptolemy.util.test.junit.AutoTests" name="[344] /home/travis/build/icyphy/ptII/ptolemy/actor/lib/test/auto/SleepMultipleFire.xml (RunModel)" time="1.018" />
  <testcase classname="ptolemy.util.test.junit.AutoTests" name="[345] /home/travis/build/icyphy/ptII/ptolemy/actor/lib/test/auto/StopDE.xml (RunModel)" time="0.013" />
  <testcase classname="ptolemy.util.test.junit.AutoTests" name="[346] /home/travis/build/icyphy/ptII/ptolemy/actor/lib/test/auto/StopSDF.xml (RunModel)" time="0.02" />
  <testcase classname="ptolemy.util.test.junit.AutoTests" name="[347] /home/travis/build/icyphy/ptII/ptolemy/actor/lib/test/auto/StringConstant.xml (RunModel)" time="0.009" />
  <testcase classname="ptolemy.util.test.junit.AutoTests" name="[348] /home/travis/build/icyphy/ptII/ptolemy/actor/lib/test/auto/SubscriberPortInitialValues1.xml (RunModel)" time="0.018" />
  <testcase classname="ptolemy.util.test.junit.AutoTests" name="[349] /home/travis/build/icyphy/ptII/ptolemy/actor/lib/test/auto/SubscriberPortInitialValues13.xml (RunModel)" time="0.025" />
  <testcase classname="ptolemy.util.test.junit.AutoTests" name="[350] /home/travis/build/icyphy/ptII/ptolemy/actor/lib/test/auto/SubscriberPortInitialValues14.xml (RunModel)" time="0.015" />
  <testcase classname="ptolemy.util.test.junit.AutoTests" name="[351] /home/travis/build/icyphy/ptII/ptolemy/actor/lib/test/auto/SubscriberPortInitialValues2.xml (RunModel)" time="0.016" />
  <testcase classname="ptolemy.util.test.junit.AutoTests" name="[352] /home/travis/build/icyphy/ptII/ptolemy/actor/lib/test/auto/SubscriberPortInitialValues3.xml (RunModel)" time="0.019" />
  <testcase classname="ptolemy.util.test.junit.AutoTests" name="[353] /home/travis/build/icyphy/ptII/ptolemy/actor/lib/test/auto/SubscriptionAggregator.xml (RunModel)" time="0.011" />
  <testcase classname="ptolemy.util.test.junit.AutoTests" name="[354] /home/travis/build/icyphy/ptII/ptolemy/actor/lib/test/auto/SubscriptionAggregator2.xml (RunModel)" time="0.012" />
  <testcase classname="ptolemy.util.test.junit.AutoTests" name="[355] /home/travis/build/icyphy/ptII/ptolemy/actor/lib/test/auto/SubscriptionAggregator3.xml (RunModel)" time="0.017" />
  <testcase classname="ptolemy.util.test.junit.AutoTests" name="[356] /home/travis/build/icyphy/ptII/ptolemy/actor/lib/test/auto/SubscriptionAggregatorMultiply.xml (RunModel)" time="0.016" />
  <testcase classname="ptolemy.util.test.junit.AutoTests" name="[357] /home/travis/build/icyphy/ptII/ptolemy/actor/lib/test/auto/SubscriptionAggregatorPortMultiply1.xml (RunModel)" time="0.014" />
  <testcase classname="ptolemy.util.test.junit.AutoTests" name="[358] /home/travis/build/icyphy/ptII/ptolemy/actor/lib/test/auto/Switch.xml (RunModel)" time="0.013" />
  <testcase classname="ptolemy.util.test.junit.AutoTests" name="[359] /home/travis/build/icyphy/ptII/ptolemy/actor/lib/test/auto/Switch2.xml (RunModel)" time="0.014" />
  <testcase classname="ptolemy.util.test.junit.AutoTests" name="[360] /home/travis/build/icyphy/ptII/ptolemy/actor/lib/test/auto/SwitchDE.xml (RunModel)" time="0.013" />
  <testcase classname="ptolemy.util.test.junit.AutoTests" name="[361] /home/travis/build/icyphy/ptII/ptolemy/actor/lib/test/auto/SynchronizerDE.xml (RunModel)" time="0.02" />
  <testcase classname="ptolemy.util.test.junit.AutoTests" name="[362] /home/travis/build/icyphy/ptII/ptolemy/actor/lib/test/auto/Test.xml (RunModel)" time="0.009" />
  <testcase classname="ptolemy.util.test.junit.AutoTests" name="[363] /home/travis/build/icyphy/ptII/ptolemy/actor/lib/test/auto/TestExceptionAttribute1.xml (RunModel)" time="0.006" />
  <testcase classname="ptolemy.util.test.junit.AutoTests" name="[364] /home/travis/build/icyphy/ptII/ptolemy/actor/lib/test/auto/TestExceptionAttribute2.xml (RunModel)" time="0.006" />
  <testcase classname="ptolemy.util.test.junit.AutoTests" name="[365] /home/travis/build/icyphy/ptII/ptolemy/actor/lib/test/auto/TestExceptionAttribute3.xml (RunModel)" time="0.006" />
  <testcase classname="ptolemy.util.test.junit.AutoTests" name="[366] /home/travis/build/icyphy/ptII/ptolemy/actor/lib/test/auto/TestExceptionAttribute4.xml (RunModel)" time="0.006" />
  <testcase classname="ptolemy.util.test.junit.AutoTests" name="[367] /home/travis/build/icyphy/ptII/ptolemy/actor/lib/test/auto/TestExceptionHandler1.xml (RunModel)" time="0.005" />
  <testcase classname="ptolemy.util.test.junit.AutoTests" name="[368] /home/travis/build/icyphy/ptII/ptolemy/actor/lib/test/auto/TestExceptionHandler2.xml (RunModel)" time="0.006" />
  <testcase classname="ptolemy.util.test.junit.AutoTests" name="[369] /home/travis/build/icyphy/ptII/ptolemy/actor/lib/test/auto/TestExceptionHandler3.xml (RunModel)" time="0.005" />
  <testcase classname="ptolemy.util.test.junit.AutoTests" name="[370] /home/travis/build/icyphy/ptII/ptolemy/actor/lib/test/auto/TestExceptionHandler4.xml (RunModel)" time="0.006" />
  <testcase classname="ptolemy.util.test.junit.AutoTests" name="[371] /home/travis/build/icyphy/ptII/ptolemy/actor/lib/test/auto/TestRequireCorrectOrder.xml (RunModel)" time="0.01" />
  <testcase classname="ptolemy.util.test.junit.AutoTests" name="[372] /home/travis/build/icyphy/ptII/ptolemy/actor/lib/test/auto/TestSimple.xml (RunModel)" time="0.007" />
  <testcase classname="ptolemy.util.test.junit.AutoTests" name="[373] /home/travis/build/icyphy/ptII/ptolemy/actor/lib/test/auto/ThrowModelError.xml (RunModel)" time="0.011" />
  <testcase classname="ptolemy.util.test.junit.AutoTests" name="[374] /home/travis/build/icyphy/ptII/ptolemy/actor/lib/test/auto/TimeDelayMicrosteps.xml (RunModel)" time="0.013" />
  <testcase classname="ptolemy.util.test.junit.AutoTests" name="[375] /home/travis/build/icyphy/ptII/ptolemy/actor/lib/test/auto/TimeDelayMicrosteps2.xml (RunModel)" time="0.014" />
  <testcase classname="ptolemy.util.test.junit.AutoTests" name="[376] /home/travis/build/icyphy/ptII/ptolemy/actor/lib/test/auto/TimeDelayMicrosteps3.xml (RunModel)" time="0.013" />
  <testcase classname="ptolemy.util.test.junit.AutoTests" name="[377] /home/travis/build/icyphy/ptII/ptolemy/actor/lib/test/auto/TimeDelayVariableMicrosteps.xml (RunModel)" time="0.013" />
  <testcase classname="ptolemy.util.test.junit.AutoTests" name="[378] /home/travis/build/icyphy/ptII/ptolemy/actor/lib/test/auto/TimeGap.xml (RunModel)" time="0.013" />
  <testcase classname="ptolemy.util.test.junit.AutoTests" name="[379] /home/travis/build/icyphy/ptII/ptolemy/actor/lib/test/auto/TimeGap2.xml (RunModel)" time="0.01" />
  <testcase classname="ptolemy.util.test.junit.AutoTests" name="[380] /home/travis/build/icyphy/ptII/ptolemy/actor/lib/test/auto/TimedSinewave.xml (RunModel)" time="0.043" />
  <testcase classname="ptolemy.util.test.junit.AutoTests" name="[381] /home/travis/build/icyphy/ptII/ptolemy/actor/lib/test/auto/TimedSinewavePhase.xml (RunModel)" time="0.025" />
  <testcase classname="ptolemy.util.test.junit.AutoTests" name="[382] /home/travis/build/icyphy/ptII/ptolemy/actor/lib/test/auto/Timer.xml (RunModel)" time="0.012" />
  <testcase classname="ptolemy.util.test.junit.AutoTests" name="[383] /home/travis/build/icyphy/ptII/ptolemy/actor/lib/test/auto/TriangularDistTestModel.xml (RunModel)" time="0.015" />
  <testcase classname="ptolemy.util.test.junit.AutoTests" name="[384] /home/travis/build/icyphy/ptII/ptolemy/actor/lib/test/auto/TrigFunction.xml (RunModel)" time="0.009" />
  <testcase classname="ptolemy.util.test.junit.AutoTests" name="[385] /home/travis/build/icyphy/ptII/ptolemy/actor/lib/test/auto/TrigFunctionDE.xml (RunModel)" time="0.012" />
  <testcase classname="ptolemy.util.test.junit.AutoTests" name="[386] /home/travis/build/icyphy/ptII/ptolemy/actor/lib/test/auto/TrigFunctionInverse.xml (RunModel)" time="0.011" />
  <testcase classname="ptolemy.util.test.junit.AutoTests" name="[387] /home/travis/build/icyphy/ptII/ptolemy/actor/lib/test/auto/TrigFunctionTan.xml (RunModel)" time="0.008" />
  <testcase classname="ptolemy.util.test.junit.AutoTests" name="[388] /home/travis/build/icyphy/ptII/ptolemy/actor/lib/test/auto/TriggeredClock.xml (RunModel)" time="0.01" />
  <testcase classname="ptolemy.util.test.junit.AutoTests" name="[389] /home/travis/build/icyphy/ptII/ptolemy/actor/lib/test/auto/URLDirectoryReader.xml (RunModel)" time="0.101" />
  <testcase classname="ptolemy.util.test.junit.AutoTests" name="[390] /home/travis/build/icyphy/ptII/ptolemy/actor/lib/test/auto/URLDirectoryReader3.xml (RunModel)" time="1.315" />
  <testcase classname="ptolemy.util.test.junit.AutoTests" name="[391] /home/travis/build/icyphy/ptII/ptolemy/actor/lib/test/auto/UnaryMathFunction.xml (RunModel)" time="0.089" />
  <testcase classname="ptolemy.util.test.junit.AutoTests" name="[392] /home/travis/build/icyphy/ptII/ptolemy/actor/lib/test/auto/Uniform.xml (RunModel)" time="0.012" />
  <testcase classname="ptolemy.util.test.junit.AutoTests" name="[393] /home/travis/build/icyphy/ptII/ptolemy/actor/lib/test/auto/UnionDisassemblerTest.xml (RunModel)" time="0.009" />
  <testcase classname="ptolemy.util.test.junit.AutoTests" name="[394] /home/travis/build/icyphy/ptII/ptolemy/actor/lib/test/auto/UtilityFunctions.xml (RunModel)" time="0.007" />
  <testcase classname="ptolemy.util.test.junit.AutoTests" name="[395] /home/travis/build/icyphy/ptII/ptolemy/actor/lib/test/auto/VariableSleep.xml (RunModel)" time="0.513" />
  <testcase classname="ptolemy.util.test.junit.AutoTests" name="[396] /home/travis/build/icyphy/ptII/ptolemy/actor/lib/test/auto/VectorAssemblerDisassemblerCT.xml (RunModel)" time="0.114" />
  <testcase classname="ptolemy.util.test.junit.AutoTests" name="[397] /home/travis/build/icyphy/ptII/ptolemy/actor/lib/test/auto/VectorAssemblerDisassemblerDE.xml (RunModel)" time="0.015" />
  <testcase classname="ptolemy.util.test.junit.AutoTests" name="[398] /home/travis/build/icyphy/ptII/ptolemy/actor/lib/test/auto/VectorAssemblerDisassemblerSDF.xml (RunModel)" time="0.014" />
  <testcase classname="ptolemy.util.test.junit.AutoTests" name="[399] /home/travis/build/icyphy/ptII/ptolemy/actor/lib/test/auto/WallClockTime.xml (RunModel)" time="1.015" />
  <testcase classname="ptolemy.util.test.junit.AutoTests" name="[400] /home/travis/build/icyphy/ptII/ptolemy/actor/lib/test/auto/WidthTestWithSubscriberPublisher.xml (RunModel)" time="0.048" />
  <testcase classname="ptolemy.util.test.junit.AutoTests" name="[401] /home/travis/build/icyphy/ptII/ptolemy/actor/lib/test/auto/WidthTestWithSubscriberPublisher2.xml (RunModel)" time="0.015" />
  <testcase classname="ptolemy.util.test.junit.AutoTests" name="[402] /home/travis/build/icyphy/ptII/ptolemy/actor/lib/test/auto/WidthTestWithSubscriberPublisher3.xml (RunModel)" time="0.027" />
  <testcase classname="ptolemy.util.test.junit.AutoTests" name="[403] /home/travis/build/icyphy/ptII/ptolemy/actor/lib/test/auto/Writer.xml (RunModel)" time="0.007" />
  <testcase classname="ptolemy.util.test.junit.AutoTests" name="[404] /home/travis/build/icyphy/ptII/ptolemy/actor/lib/test/auto/array.xml (RunModel)" time="0.012" />
  <testcase classname="ptolemy.util.test.junit.AutoTests" name="[405] /home/travis/build/icyphy/ptII/ptolemy/actor/lib/test/auto/array2.xml (RunModel)" time="0.009" />
  <testcase classname="ptolemy.util.test.junit.AutoTests" name="[406] /home/travis/build/icyphy/ptII/ptolemy/actor/lib/test/auto/arrayType.xml (RunModel)" time="0.016" />
  <testcase classname="ptolemy.util.test.junit.AutoTests" name="[407] /home/travis/build/icyphy/ptII/ptolemy/actor/lib/test/auto/arrayType10.xml (RunModel)" time="0.009" />
  <testcase classname="ptolemy.util.test.junit.AutoTests" name="[408] /home/travis/build/icyphy/ptII/ptolemy/actor/lib/test/auto/arrayType11.xml (RunModel)" time="0.009" />
  <testcase classname="ptolemy.util.test.junit.AutoTests" name="[409] /home/travis/build/icyphy/ptII/ptolemy/actor/lib/test/auto/arrayType12.xml (RunModel)" time="0.009" />
  <testcase classname="ptolemy.util.test.junit.AutoTests" name="[410] /home/travis/build/icyphy/ptII/ptolemy/actor/lib/test/auto/arrayType13.xml (RunModel)" time="0.019" />
  <testcase classname="ptolemy.util.test.junit.AutoTests" name="[411] /home/travis/build/icyphy/ptII/ptolemy/actor/lib/test/auto/arrayType14.xml (RunModel)" time="0.009" />
  <testcase classname="ptolemy.util.test.junit.AutoTests" name="[412] /home/travis/build/icyphy/ptII/ptolemy/actor/lib/test/auto/arrayType15.xml (RunModel)" time="0.01" />
  <testcase classname="ptolemy.util.test.junit.AutoTests" name="[413] /home/travis/build/icyphy/ptII/ptolemy/actor/lib/test/auto/arrayType16.xml (RunModel)" time="0.01" />
  <testcase classname="ptolemy.util.test.junit.AutoTests" name="[414] /home/travis/build/icyphy/ptII/ptolemy/actor/lib/test/auto/arrayType17.xml (RunModel)" time="0.012" />
  <testcase classname="ptolemy.util.test.junit.AutoTests" name="[415] /home/travis/build/icyphy/ptII/ptolemy/actor/lib/test/auto/arrayType18.xml (RunModel)" time="0.009" />
  <testcase classname="ptolemy.util.test.junit.AutoTests" name="[416] /home/travis/build/icyphy/ptII/ptolemy/actor/lib/test/auto/arrayType19.xml (RunModel)" time="0.011" />
  <testcase classname="ptolemy.util.test.junit.AutoTests" name="[417] /home/travis/build/icyphy/ptII/ptolemy/actor/lib/test/auto/arrayType2.xml (RunModel)" time="0.012" />
  <testcase classname="ptolemy.util.test.junit.AutoTests" name="[418] /home/travis/build/icyphy/ptII/ptolemy/actor/lib/test/auto/arrayType20.xml (RunModel)" time="0.01" />
  <testcase classname="ptolemy.util.test.junit.AutoTests" name="[419] /home/travis/build/icyphy/ptII/ptolemy/actor/lib/test/auto/arrayType21.xml (RunModel)" time="0.009" />
  <testcase classname="ptolemy.util.test.junit.AutoTests" name="[420] /home/travis/build/icyphy/ptII/ptolemy/actor/lib/test/auto/arrayType22.xml (RunModel)" time="0.009" />
  <testcase classname="ptolemy.util.test.junit.AutoTests" name="[421] /home/travis/build/icyphy/ptII/ptolemy/actor/lib/test/auto/arrayType23.xml (RunModel)" time="0.012" />
  <testcase classname="ptolemy.util.test.junit.AutoTests" name="[422] /home/travis/build/icyphy/ptII/ptolemy/actor/lib/test/auto/arrayType24.xml (RunModel)" time="0.009" />
  <testcase classname="ptolemy.util.test.junit.AutoTests" name="[423] /home/travis/build/icyphy/ptII/ptolemy/actor/lib/test/auto/arrayType25.xml (RunModel)" time="0.01" />
  <testcase classname="ptolemy.util.test.junit.AutoTests" name="[424] /home/travis/build/icyphy/ptII/ptolemy/actor/lib/test/auto/arrayType26.xml (RunModel)" time="0.009" />
  <testcase classname="ptolemy.util.test.junit.AutoTests" name="[425] /home/travis/build/icyphy/ptII/ptolemy/actor/lib/test/auto/arrayType27.xml (RunModel)" time="0.009" />
  <testcase classname="ptolemy.util.test.junit.AutoTests" name="[426] /home/travis/build/icyphy/ptII/ptolemy/actor/lib/test/auto/arrayType28.xml (RunModel)" time="0.011" />
  <testcase classname="ptolemy.util.test.junit.AutoTests" name="[427] /home/travis/build/icyphy/ptII/ptolemy/actor/lib/test/auto/arrayType3.xml (RunModel)" time="0.01" />
  <testcase classname="ptolemy.util.test.junit.AutoTests" name="[428] /home/travis/build/icyphy/ptII/ptolemy/actor/lib/test/auto/arrayType4.xml (RunModel)" time="0.01" />
  <testcase classname="ptolemy.util.test.junit.AutoTests" name="[429] /home/travis/build/icyphy/ptII/ptolemy/actor/lib/test/auto/arrayType5.xml (RunModel)" time="0.026" />
  <testcase classname="ptolemy.util.test.junit.AutoTests" name="[430] /home/travis/build/icyphy/ptII/ptolemy/actor/lib/test/auto/arrayType6.xml (RunModel)" time="0.008" />
  <testcase classname="ptolemy.util.test.junit.AutoTests" name="[431] /home/travis/build/icyphy/ptII/ptolemy/actor/lib/test/auto/arrayType7.xml (RunModel)" time="0.008" />
  <testcase classname="ptolemy.util.test.junit.AutoTests" name="[432] /home/travis/build/icyphy/ptII/ptolemy/actor/lib/test/auto/arrayType8.xml (RunModel)" time="0.011" />
  <testcase classname="ptolemy.util.test.junit.AutoTests" name="[433] /home/travis/build/icyphy/ptII/ptolemy/actor/lib/test/auto/arrayType9.xml (RunModel)" time="0.009" />
  <testcase classname="ptolemy.util.test.junit.AutoTests" name="[434] /home/travis/build/icyphy/ptII/ptolemy/actor/lib/test/auto/cast.xml (RunModel)" time="0.009" />
  <testcase classname="ptolemy.util.test.junit.AutoTests" name="[435] /home/travis/build/icyphy/ptII/ptolemy/actor/lib/test/auto/compositeMultiPort.xml (RunModel)" time="0.019" />
  <testcase classname="ptolemy.util.test.junit.AutoTests" name="[436] /home/travis/build/icyphy/ptII/ptolemy/actor/lib/test/auto/expressionCastInference.xml (RunModel)" time="0.008" />
  <testcase classname="ptolemy.util.test.junit.AutoTests" name="[437] /home/travis/build/icyphy/ptII/ptolemy/actor/lib/test/auto/expressionCastInference2.xml (RunModel)" time="0.008" />
  <testcase classname="ptolemy.util.test.junit.AutoTests" name="[438] /home/travis/build/icyphy/ptII/ptolemy/actor/lib/test/auto/expressionInference.xml (RunModel)" time="0.007" />
  <testcase classname="ptolemy.util.test.junit.AutoTests" name="[439] /home/travis/build/icyphy/ptII/ptolemy/actor/lib/test/auto/expression_bug.xml (RunModel)" time="0.007" />
  <testcase classname="ptolemy.util.test.junit.AutoTests" name="[440] /home/travis/build/icyphy/ptII/ptolemy/actor/lib/test/auto/factorial.xml (RunModel)" time="0.075" />
  <testcase classname="ptolemy.util.test.junit.AutoTests" name="[441] /home/travis/build/icyphy/ptII/ptolemy/actor/lib/test/auto/filterTest1.xml (RunModel)" time="0.014" />
  <testcase classname="ptolemy.util.test.junit.AutoTests" name="[442] /home/travis/build/icyphy/ptII/ptolemy/actor/lib/test/auto/funcApplyInConst.xml (RunModel)" time="0.006" />
  <testcase classname="ptolemy.util.test.junit.AutoTests" name="[443] /home/travis/build/icyphy/ptII/ptolemy/actor/lib/test/auto/funcApplyInExpr.xml (RunModel)" time="0.006" />
  <testcase classname="ptolemy.util.test.junit.AutoTests" name="[444] /home/travis/build/icyphy/ptII/ptolemy/actor/lib/test/auto/function.xml (RunModel)" time="0.008" />
  <testcase classname="ptolemy.util.test.junit.AutoTests" name="[445] /home/travis/build/icyphy/ptII/ptolemy/actor/lib/test/auto/function2.xml (RunModel)" time="0.009" />
  <testcase classname="ptolemy.util.test.junit.AutoTests" name="[446] /home/travis/build/icyphy/ptII/ptolemy/actor/lib/test/auto/function3.xml (RunModel)" time="0.008" />
  <testcase classname="ptolemy.util.test.junit.AutoTests" name="[447] /home/travis/build/icyphy/ptII/ptolemy/actor/lib/test/auto/functionClosureTest1.xml (RunModel)" time="0.012" />
  <testcase classname="ptolemy.util.test.junit.AutoTests" name="[448] /home/travis/build/icyphy/ptII/ptolemy/actor/lib/test/auto/functionClosureTest2.xml (RunModel)" time="0.007" />
  <testcase classname="ptolemy.util.test.junit.AutoTests" name="[449] /home/travis/build/icyphy/ptII/ptolemy/actor/lib/test/auto/functionClosureTest3.xml (RunModel)" time="0.01" />
  <testcase classname="ptolemy.util.test.junit.AutoTests" name="[450] /home/travis/build/icyphy/ptII/ptolemy/actor/lib/test/auto/functionClosureTest4.xml (RunModel)" time="0.014" />
  <testcase classname="ptolemy.util.test.junit.AutoTests" name="[451] /home/travis/build/icyphy/ptII/ptolemy/actor/lib/test/auto/functionClosureTest5.xml (RunModel)" time="0.011" />
  <testcase classname="ptolemy.util.test.junit.AutoTests" name="[452] /home/travis/build/icyphy/ptII/ptolemy/actor/lib/test/auto/functionClosureTest6.xml (RunModel)" time="0.008" />
  <testcase classname="ptolemy.util.test.junit.AutoTests" name="[453] /home/travis/build/icyphy/ptII/ptolemy/actor/lib/test/auto/functionsOnArcs.xml (RunModel)" time="0.01" />
  <testcase classname="ptolemy.util.test.junit.AutoTests" name="[454] /home/travis/build/icyphy/ptII/ptolemy/actor/lib/test/auto/functionsOnArcsHOF.xml (RunModel)" time="0.013" />
  <testcase classname="ptolemy.util.test.junit.AutoTests" name="[455] /home/travis/build/icyphy/ptII/ptolemy/actor/lib/test/auto/logic.xml (RunModel)" time="0.017" />
  <testcase classname="ptolemy.util.test.junit.AutoTests" name="[456] /home/travis/build/icyphy/ptII/ptolemy/actor/lib/test/auto/matrixType.xml (RunModel)" time="0.009" />
  <testcase classname="ptolemy.util.test.junit.AutoTests" name="[457] /home/travis/build/icyphy/ptII/ptolemy/actor/lib/test/auto/matrixType10.xml (RunModel)" time="0.009" />
  <testcase classname="ptolemy.util.test.junit.AutoTests" name="[458] /home/travis/build/icyphy/ptII/ptolemy/actor/lib/test/auto/matrixType11.xml (RunModel)" time="0.008" />
  <testcase classname="ptolemy.util.test.junit.AutoTests" name="[459] /home/travis/build/icyphy/ptII/ptolemy/actor/lib/test/auto/matrixType12.xml (RunModel)" time="0.009" />
  <testcase classname="ptolemy.util.test.junit.AutoTests" name="[460] /home/travis/build/icyphy/ptII/ptolemy/actor/lib/test/auto/matrixType13.xml (RunModel)" time="0.009" />
  <testcase classname="ptolemy.util.test.junit.AutoTests" name="[461] /home/travis/build/icyphy/ptII/ptolemy/actor/lib/test/auto/matrixType14.xml (RunModel)" time="0.01" />
  <testcase classname="ptolemy.util.test.junit.AutoTests" name="[462] /home/travis/build/icyphy/ptII/ptolemy/actor/lib/test/auto/matrixType2.xml (RunModel)" time="0.009" />
  <testcase classname="ptolemy.util.test.junit.AutoTests" name="[463] /home/travis/build/icyphy/ptII/ptolemy/actor/lib/test/auto/matrixType3.xml (RunModel)" time="0.008" />
  <testcase classname="ptolemy.util.test.junit.AutoTests" name="[464] /home/travis/build/icyphy/ptII/ptolemy/actor/lib/test/auto/matrixType4.xml (RunModel)" time="0.008" />
  <testcase classname="ptolemy.util.test.junit.AutoTests" name="[465] /home/travis/build/icyphy/ptII/ptolemy/actor/lib/test/auto/matrixType5.xml (RunModel)" time="0.008" />
  <testcase classname="ptolemy.util.test.junit.AutoTests" name="[466] /home/travis/build/icyphy/ptII/ptolemy/actor/lib/test/auto/matrixType6.xml (RunModel)" time="0.008" />
  <testcase classname="ptolemy.util.test.junit.AutoTests" name="[467] /home/travis/build/icyphy/ptII/ptolemy/actor/lib/test/auto/matrixType7.xml (RunModel)" time="0.008" />
  <testcase classname="ptolemy.util.test.junit.AutoTests" name="[468] /home/travis/build/icyphy/ptII/ptolemy/actor/lib/test/auto/matrixType8.xml (RunModel)" time="0.009" />
  <testcase classname="ptolemy.util.test.junit.AutoTests" name="[469] /home/travis/build/icyphy/ptII/ptolemy/actor/lib/test/auto/matrixType9.xml (RunModel)" time="0.008" />
  <testcase classname="ptolemy.util.test.junit.AutoTests" name="[470] /home/travis/build/icyphy/ptII/ptolemy/actor/lib/test/auto/paraFunctest.xml (RunModel)" time="0.008" />
  <testcase classname="ptolemy.util.test.junit.AutoTests" name="[471] /home/travis/build/icyphy/ptII/ptolemy/actor/lib/test/auto/paraFunctest2.xml (RunModel)" time="0.008" />
  <testcase classname="ptolemy.util.test.junit.AutoTests" name="[472] /home/travis/build/icyphy/ptII/ptolemy/actor/lib/test/auto/parameterPassing.xml (RunModel)" time="0.009" />
  <testcase classname="ptolemy.util.test.junit.AutoTests" name="[473] /home/travis/build/icyphy/ptII/ptolemy/actor/lib/test/auto/record.xml (RunModel)" time="0.009" />
  <testcase classname="ptolemy.util.test.junit.AutoTests" name="[474] /home/travis/build/icyphy/ptII/ptolemy/actor/lib/test/auto/sizedarray1.xml (RunModel)" time="0.01" />
  <testcase classname="ptolemy.util.test.junit.AutoTests" name="[475] /home/travis/build/icyphy/ptII/ptolemy/actor/lib/test/auto/sizedarray2.xml (RunModel)" time="0.02" />
  <testcase classname="ptolemy.util.test.junit.AutoTests" name="[476] /home/travis/build/icyphy/ptII/ptolemy/actor/lib/test/auto/twoPublishers.xml (RunModel)" time="0.02" />
  <system-out><![CDATA[/home/travis/build/icyphy/ptII/ptolemy/actor/lib/test/AbsoluteValue.tcl
testDefs.tcl: setting time out to 9000 seconds at Mon Jun 11 02:25:14 UTC 2018
85 ms. Memory: 116224K Free: 107838K (93%)
4 ms. Memory: 116224K Free: 106631K (92%)
4 ms. Memory: 116224K Free: 106011K (91%)
4 ms. Memory: 116224K Free: 105416K (91%)
/home/travis/build/icyphy/ptII/ptolemy/actor/lib/test/AddSubtract.tcl
12 ms. Memory: 116224K Free: 103002K (89%)
6 ms. Memory: 116224K Free: 102399K (88%)
5 ms. Memory: 116224K Free: 101788K (88%)
11 ms. Memory: 116224K Free: 100597K (87%)
14 ms. Memory: 116224K Free: 99985K (86%)
10 ms. Memory: 116224K Free: 99382K (86%)
/home/travis/build/icyphy/ptII/ptolemy/actor/lib/test/Average.tcl
7 ms. Memory: 116224K Free: 97555K (84%)
6 ms. Memory: 116224K Free: 96349K (83%)
/home/travis/build/icyphy/ptII/ptolemy/actor/lib/test/Bernoulli.tcl
5 ms. Memory: 116224K Free: 94546K (81%)
1 ms. Memory: 116224K Free: 93935K (81%)
/home/travis/build/icyphy/ptII/ptolemy/actor/lib/test/Clock.tcl
preinitializing
resolving types
initializing
executing number 1
wrapping up
idle
11 ms. Memory: 116224K Free: 92125K (79%)
Completed execution with 5 iterations
preinitializing
resolving types
initializing
executing number 1
wrapping up
idle
4 ms. Memory: 116224K Free: 90926K (78%)
Completed execution with 5 iterations
preinitializing
resolving types
initializing
executing number 1
wrapping up
idle
3 ms. Memory: 116224K Free: 90322K (78%)
Completed execution with 5 iterations
/home/travis/build/icyphy/ptII/ptolemy/actor/lib/test/Commutator.tcl
6 ms. Memory: 116224K Free: 88495K (76%)
6 ms. Memory: 116224K Free: 87280K (75%)
10 ms. Memory: 116224K Free: 83032K (71%)
/home/travis/build/icyphy/ptII/ptolemy/actor/lib/test/Const.tcl
3 ms. Memory: 116224K Free: 81246K (70%)
22 ms. Memory: 116224K Free: 110799K (95%)
2 ms. Memory: 116224K Free: 109984K (95%)
2 ms. Memory: 116224K Free: 109384K (94%)
2 ms. Memory: 116224K Free: 108745K (94%)
21 ms. Memory: 116224K Free: 106915K (92%)
6 ms. Memory: 116224K Free: 106300K (91%)
4 ms. Memory: 116224K Free: 105085K (90%)
/home/travis/build/icyphy/ptII/ptolemy/actor/lib/test/CurrentTime.tcl
preinitializing
resolving types
initializing
executing number 1
wrapping up
idle
8 ms. Memory: 116224K Free: 103272K (89%)
Completed execution with 11 iterations
/home/travis/build/icyphy/ptII/ptolemy/actor/lib/test/DB.tcl
4 ms. Memory: 116224K Free: 101458K (87%)
2 ms. Memory: 116224K Free: 100842K (87%)
2 ms. Memory: 116224K Free: 100227K (86%)
/home/travis/build/icyphy/ptII/ptolemy/actor/lib/test/DiscreteRandomSource.tcl
preinitializing
resolving types
initializing
executing number 1
wrapping up
idle
4 ms. Memory: 116224K Free: 99013K (85%)
Completed execution with 4 iterations
preinitializing
resolving types
initializing
executing number 1
wrapping up
idle
2 ms. Memory: 116224K Free: 98397K (85%)
Completed execution with 4 iterations
preinitializing
resolving types
initializing
executing number 1
wrapping up
idle
2 ms. Memory: 116224K Free: 97798K (84%)
Completed execution with 4 iterations
preinitializing
resolving types
initializing
executing number 1
wrapping up
idle
7 ms. Memory: 116224K Free: 97798K (84%)
Completed execution with 4 iterations
preinitializing
resolving types
initializing
executing number 1
wrapping up
idle
3 ms. Memory: 116224K Free: 97159K (84%)
Completed execution with 4 iterations
/home/travis/build/icyphy/ptII/ptolemy/actor/lib/test/Distributor.tcl
5 ms. Memory: 116224K Free: 94706K (81%)
3 ms. Memory: 116224K Free: 94091K (81%)
StreamChangeRequest.changeExecuted(): <deleteEntity name="rec2"/> succeeded
StreamChangeRequest.changeExecuted(): <deleteRelation name="r2"/> succeeded
StreamChangeRequest.changeExecuted(): Record firings per iteration succeeded
6 ms. Memory: 116224K Free: 91630K (79%)
/home/travis/build/icyphy/ptII/ptolemy/actor/lib/test/Exit.tcl
Exit.tcl: this will print a message about Manager.exitAfterWrapup, which can be ignored.
5 ms. Memory: 116224K Free: 87978K (76%)
/home/travis/build/icyphy/ptII/ptolemy/actor/lib/test/Expression.tcl
15 ms. Memory: 116224K Free: 85534K (74%)
3 ms. Memory: 116224K Free: 84918K (73%)
3 ms. Memory: 116224K Free: 84303K (73%)
preinitializing
resolving types
initializing
executing number 1
wrapping up
idle
6 ms. Memory: 116224K Free: 83088K (71%)
Completed execution with 6 iterations
5 ms. Memory: 116224K Free: 81874K (70%)
3 ms. Memory: 116224K Free: 81293K (70%)
23 ms. Memory: 116224K Free: 110179K (95%)
4 ms. Memory: 116224K Free: 108976K (94%)
4 ms. Memory: 116224K Free: 107774K (93%)
/home/travis/build/icyphy/ptII/ptolemy/actor/lib/test/Gaussian.tcl
13 ms. Memory: 116224K Free: 105889K (91%)
sleeping 1 seconds: .................................................................................................................................................................................................................................................................................................................................................................................................................................................................................................................................................................................................................................................................................................................................................................................................................................................................................................................................................................................................................................................................................................................................................................................................................................................................................................................................................................................................................................................................................................................................................................................................................................................................................................................................................................................................................................................................................................................................................................................................................................................................................................................................................................................................................................................................................................................................................................................................................................................................................................................................................................................................................................................................................................................................................................................................................................................................................................................................................................................................................................................................................................................................................................................................................................................................................................................................................................................................................................................................................................................................................................................................................................................................................................................................................................................................................................................................................................................................................................................................................................................................................................................................................................................................................................................................................................................................................................................................................................................................................................................................................................................................................................................................................................................................................................................................................................................................................................................................................................................................................................................................................................................................................................................................................................................................................................................................................................................................................................................................................................................................................................................................................................................................................................................................................................................................................................................................................................................................................................................................................................................................................................................................................................................................................................................................................................................................................................................................................................................................................................................................................................................................................................................................................................................................................................................................................................................................................................................................................................................................................................................................................................................................................................................................................................................................................................................................................................................................................................................................................................................................................................................................................................................................................................................................................................................................................................................................................................................................................................................................................................................................................................................................................................................................................................................................................................................................................................................................................................................................................................................................................................................................................................................................................................................................................................................................................................................................................................................................................................................................................................................................................................................................................................................................................................................................................................................................................................................................................................................................................................................................................................................................................................................................................................................................................................................................................................................................................................................................................................................................................................................................................................................................................................................................................................................................................................................................................................................................................................................................................................................................................................................................................................................................................................................................................................................................................................................................................................................................................................................................................................................................................................................................................................................................................................................................................................................................................................................................................................................................................................................................................................................................................................................................................................................................................................................................................................................................................................................................................................................................................................................................................................................................................................................................................................................................................................................................................................................................................................................................................................................................................................................................................................................................................................................................................................................................................................................................................................................................................................................................................................................................................................................................................................................................................................................................................................................................................................................................................................................................................................................................................................................................................................................................................................................................................................................................................................................................................................................................................................................................................................................................................................................................................................................................................................................................................................................................................................................................................................................................................................................................................................................................................................................................................................................................................................................................................................................................................................................................................................................................................................................................................................................................................................................................................................................................................................................................................................................................................................................................................................................................................................................................................................................................................................................................................................................................................................................................................................................................................................................................................................................................................................................................................................................................................................................................................................................................................................................................................................................................................................................................................................................................................................................................................................................................................................................................................................................................................................................................................................................................................................................................................................................................................................................................................................................................................................................................................................................................................................................................................................................................................................................................................................................................................................................................................................................................................................................................................................................................................................................................................................................................................................................................................................................................................................................................................................................................................................................................................................................................................................................................................................................................................................................................................................................................................................................................................................................................................................................................................................................................................................................................................................................................................................................................................................................................................................................................................................................................................................................................................................................................................................................................................................................................................................................................................................................................................................................................................................................................................................................................................................................................................................................................................................................................................................................................................................................................................................................................................................................................................................................................................................................................................................................................................................................................................................................................................................................................................................................................................................................................................................................................................................................................................................................................................................................................................................................................................................................................................................................................................................................................................................................................................................................................................................................................................................................................................................................................................................................................................................................................................................................................................................................................................................................................................................................................................................................................................................................................................................................................................................................................................................................................................................................................................................................................................................................................................................................................................................................................................................................................................................................................................................................................................................................................................................................................................................................................................................................................................................................................................................................................................................................................................................................................................................................................................................................................................................................................................................................................................................................................................................................................................................................................................................................................................................................................................................................................................................................................................................................................................................................................................................................................................................................................................................................................................................................................................................................................................................................................................................................................................................................................................................................................................................................................................................................................................................................................................................................................................................................................................................................................................................................................................................................................................................................................................................................................................................................................................................................................................................................................................................................................................................................................................................................................................................................................................................................................................................................................................................................................................................................................................................................................................................................................................................................................................................................................................................................................................................................................................................................................................................................................................................................................................................................................................................................................................................................................................................................................................................................................................................................................................................................................................................................................................................................................................................................................................................................................................................................................................................................................................................................................................................................................................................................................................................................................................................................................................................................................................................................................................................................................................................................................................................................................................................................................................................................................................................................................................................................................................................................................................................................................................................................................................................................................................................................................................................................................................................................................................................................................................................................................................................................................................................................................................................................................................................................................................................................................................................................................................................................................................................................................................................................................................................................................................................................................................................................................................................................................................................................................................................................................................................................................................................................................................................................................................................................................................................................................................................................................................................................................................................................................................................................................................................................................................................................................................................................................................................................................................................................................................................................................................................................................................................................................................................................................................................................................................................................................................................................................................................................................................................................................................................................................................................................................................................................................................................................................................................................................................................................................................................................................................................................................................................................................................................................................................................................................................................................................................................................................................................................................................................................................................................................................................................................................................................................................................................................................................................................................................................................................................................................................................................................................................................................................................................................................................................................................................................................................................................................................................................................................................................................................................................................................................................................................................................................................................................................................................................................................................................................................................................................................................................................................................................................................................................................................................................................................................................................................................................................................................................................................................................................................................................................................................................................................................................................................................................................................................................................................................................................................................................................................................................................................................................................................................................................................................................................................................................................................................................................................................................................................................................................................................................................................................................................................................................................................................................................................................................................................................................................................................................................................................................................................................................................................................................................................................................................................................................................................................................................................................................................................................................................................................................................................................................................................................................................................................................................................................................................................................................................................................................................................................................................................................................................................................................................................................................................................................................................................................................................................................................................................................................................................................................................................................................................................................................................................................................................................................................................................................................................................................................................................................................................................................................................................................................................................................................................................................................................................................................................................................................................................................................................................................................................................................................................................................................................................................................................................................................................................................................................................................................................................................................................................................................................................................................................................................................................................................................................................................................................................................................................................................................................................................................................................................................................................................................................................................................................................................................................................................................................................................................................................................................................................................................................................................................................................................................................................................................................................................................................................................................................................................................................................................................................................................................................................................................................................................................................................................................................................................................................................................................................................................................................................................................................................................................................................................................................................................................................................................................................................................................................................................................................................................................................................................................................................................................................................................................................................................................................................................................................................................................................................................................................................................................................................................................................................................................................................................................................................................................................................................................................................................................................................................................................................................................................................................................................................................................................................................................................................................................................................................................................................................................................................................................................................................................................................................................................................................................................................................................................................................................................................................................................................................................................................................................................................................................................................................................................................................................................................................................................................................................................................................................................................................................................................................................................................................................................................................................................................................................................................................................................................................................................................................................................................................................................................................................................................................................................................................................................................................................................................................................................................................................................................................................................................................................................................................................................................................................................................................................................................................................................................................................................................................................................................................................................................................................................................................................................................................................................................................................................................................................................................................................................................................................................................................................................................................................................................................................................................................................................................................................................................................................................................................................................................................................................................................................................................................................................................................................................................................................................................................................................................................................................................................................................................................................................................................................................................................................................................................................................................................................................................................................................................................................................................................................................................................................................................................................................................................................................................................................................................................................................................................................................................................................................................................................................................................................................................................................................................................................................................................................................................................................................................................................................................................................................................................................................................................................................................................................................................................................................................................................................................................................................................................................................................................................................................................................................................................................................................................................................................................................................................................................................................................................................................................................................................................................................................................................................................................................................................................................................................................................................................................................................................................................................................................................................................................................................................................................................................................................................................................................................................................................................................................................................................................................................................................................................................................................................................................................................................................................................................................................................................................................................................................................................................................................................................................................................................................................................................................................................................................................................................................................................................................................................................................................................................................................................................................................................................................................................................................................................................................................................................................................................................................................................................................................................................................................................................................................................................................................................................................................................................................................................................................................................................................................................................................................................................................................................................................................................................................................................................................................................................................................................................................................................................................................................................................................................................................................................................................................................................................................................................................................................................................................................................................................................................................................................................................................................................................................................................................................................................................................................................................................................................................................................................................................................................................................................................................................................................................................................................................................................................................................................................................................................................................................................................................................................................................................................................................................................................................................................................................................................................................................................................................................................................................................................................................................................................................................................................................................................................................................................................................................................................................................................................................................................................................................................................................................................................................................................................................................................................................................................................................................................................................................................................................................................................................................................................................................................................................................................................................................................................................................................................................................................................................................................................................................................................................................................................................................................................................................................................................................................................................................................................................................................................................................................................................................................................................................................................................................................................................................................................................................................................................................................................................................................................................................................................................................................................................................................................................................................................................................................................................................................................................................................................................................................................................................................................................................................................................................................................................................................................................................................................................................................................................................................................................................................................................................................................................................................................................................................................................................................................................................................................................................................................7 ms. Memory: 208896K Free: 111275K (53%)
2 ms. Memory: 208896K Free: 108850K (52%)
3 ms. Memory: 208896K Free: 108850K (52%)
2 ms. Memory: 208896K Free: 108850K (52%)
2 ms. Memory: 208896K Free: 108850K (52%)
/home/travis/build/icyphy/ptII/ptolemy/actor/lib/test/IIR.tcl
/home/travis/build/icyphy/ptII/ptolemy/actor/lib/test/Interpolator.tcl
3 ms. Memory: 208896K Free: 103999K (50%)
2 ms. Memory: 208896K Free: 103999K (50%)
2 ms. Memory: 208896K Free: 103999K (50%)
2 ms. Memory: 208896K Free: 101573K (49%)
4 ms. Memory: 208896K Free: 101573K (49%)
2 ms. Memory: 208896K Free: 101573K (49%)
3 ms. Memory: 208896K Free: 99148K (47%)
3 ms. Memory: 208896K Free: 99148K (47%)
2 ms. Memory: 208896K Free: 99148K (47%)
3 ms. Memory: 208896K Free: 96722K (46%)
/home/travis/build/icyphy/ptII/ptolemy/actor/lib/test/MathFunction.tcl
5 ms. Memory: 208896K Free: 94297K (45%)
10 ms. Memory: 208896K Free: 94297K (45%)
10 ms. Memory: 208896K Free: 91871K (44%)
2 ms. Memory: 208896K Free: 91871K (44%)
4 ms. Memory: 208896K Free: 91871K (44%)
8 ms. Memory: 208896K Free: 89446K (43%)
/home/travis/build/icyphy/ptII/ptolemy/actor/lib/test/Maximum.tcl
10 ms. Memory: 208896K Free: 87021K (42%)
7 ms. Memory: 208896K Free: 87021K (42%)
3 ms. Memory: 208896K Free: 84595K (40%)
13 ms. Memory: 208896K Free: 84595K (40%)
/home/travis/build/icyphy/ptII/ptolemy/actor/lib/test/Minimum.tcl
9 ms. Memory: 208896K Free: 82170K (39%)
2 ms. Memory: 208896K Free: 82170K (39%)
3 ms. Memory: 208896K Free: 82170K (39%)
7 ms. Memory: 208896K Free: 82170K (39%)
/home/travis/build/icyphy/ptII/ptolemy/actor/lib/test/MultiplyDivide.tcl
27 ms. Memory: 208896K Free: 200608K (96%)
3 ms. Memory: 208896K Free: 200608K (96%)
14 ms. Memory: 208896K Free: 200388K (96%)
2 ms. Memory: 208896K Free: 197952K (95%)
7 ms. Memory: 208896K Free: 197952K (95%)
/home/travis/build/icyphy/ptII/ptolemy/actor/lib/test/OrderedMerge.tcl
Connections changed on port: inputA
Connections changed on port: inputB
Connections changed on port: output
Connections changed on port: output
Connections changed on port: output
Connections changed on port: input
.top. Preinitializing ...
Invoking preinitialize():  .top.OrderedMerge
Called preinitialize()
Invoking preinitialize():  .top.Ramp
Called preinitialize()
Invoking preinitialize():  .top.Ramp2
Called preinitialize()
Invoking preinitialize():  .top.Test
Called preinitialize()
Connections changed on port: inputA
Connections changed on port: output
Connections changed on port: inputB
Connections changed on port: output
Connections changed on port: output
Connections changed on port: input
.top. Finished preinitialize().
Called initialize().
Invoking initialize():  .top.OrderedMerge
Initializing actor: .top.OrderedMerge
Adding a thread: .top.OrderedMerge
Invoking initialize():  .top.Ramp
Initializing actor: .top.Ramp
Adding a thread: .top.Ramp
Invoking initialize():  .top.Ramp2
Initializing actor: .top.Ramp2
Adding a thread: .top.Ramp2
Invoking initialize():  .top.Test
Initializing actor: .top.Test
Adding a thread: .top.Test
-- Starting thread.
-- Starting thread.
Called initialize()
Called initialize()
Called prefire()
Called fire()
Called fire().
Checking for deadlock:
There are 0 Blocked actors, 0 Stopped actors, and 4 active threads.
Waiting for actors to stop.
Checking for deadlock:
There are 1 Blocked actors, 0 Stopped actors, and 4 active threads.
Waiting for actors to stop.
-- Starting thread.
Called initialize()
Called prefire()
Called fire()
Checking for deadlock:
There are 2 Blocked actors, 0 Stopped actors, and 4 active threads.
Waiting for actors to stop.
Called prefire()
Called fire()
-- Starting thread.
Called initialize()
Called postfire()
Called prefire()
Called fire()
Checking for deadlock:
There are 3 Blocked actors, 0 Stopped actors, and 4 active threads.
Waiting for actors to stop.
Called prefire()
Called fire()
Called postfire()
Checking for deadlock:
Called prefire()
Called fire()
There are 2 Blocked actors, 0 Stopped actors, and 4 active threads.
Waiting for actors to stop.
Checking for deadlock:
Called postfire()
There are 2 Blocked actors, 0 Stopped actors, and 4 active threads.
Waiting for actors to stop.
Called prefire()
Called fire()
Checking for deadlock:
Read input token from inputA with value 0.0
There are 3 Blocked actors, 0 Stopped actors, and 4 active threads.
Waiting for actors to stop.
Next port to read input from is inputB
Called postfire()
Called prefire()
Called fire()
Checking for deadlock:
There are 2 Blocked actors, 0 Stopped actors, and 4 active threads.
Waiting for actors to stop.
Called postfire()
Called prefire()
Called fire()
Checking for deadlock:
There are 3 Blocked actors, 0 Stopped actors, and 4 active threads.
Waiting for actors to stop.
Read input token from inputB with value 0.0
Sent output token with value 0.0
Checking for deadlock:
There are 2 Blocked actors, 0 Stopped actors, and 4 active threads.
Waiting for actors to stop.
Next port to read input from is inputA
Called postfire()
Called prefire()
Called fire()
Read input token from inputA with value 1.0
-- Read input: 0.0, which is expected to match: 0.0
Called prefire()
Called fire()
-- Read input: 0.0, which is expected to match: 0.0
Called prefire()
Called fire()
Called postfire()
Called prefire()
Called fire()
Checking for deadlock:
There are 3 Blocked actors, 0 Stopped actors, and 4 active threads.
Waiting for actors to stop.
Sent output token with value 0.0
Next port to read input from is inputB
Called postfire()
Called prefire()
Called fire()
Checking for deadlock:
There are 2 Blocked actors, 0 Stopped actors, and 4 active threads.
Waiting for actors to stop.
Read input token from inputB with value 1.5
Sent output token with value 1.0
Next port to read input from is inputA
Called postfire()
Called prefire()
Called fire()
Called postfire()
Checking for deadlock:
There are 1 Blocked actors, 0 Stopped actors, and 4 active threads.
Waiting for actors to stop.
Called prefire()
Called fire()
Read input token from inputA with value 2.0
Sent output token with value 1.5
-- Read input: 1.0, which is expected to match: 1.0
Called prefire()
Called fire()
Next port to read input from is inputB
Called postfire()
Called prefire()
Called fire()
-- Read input: 1.5, which is expected to match: 1.5
Read input token from inputB with value 3.0
Called prefire()
Called fire()
Sent output token with value 2.0
-- Read input: 2.0, which is expected to match: 2.0
Next port to read input from is inputA
Called postfire()
Called prefire()
Called prefire()
Called fire()
Checking for deadlock:
There are 0 Blocked actors, 0 Stopped actors, and 4 active threads.
Waiting for actors to stop.
Called fire()
Called postfire()
Called prefire()
Checking for deadlock:
Called fire()
Read input token from inputA with value 3.0
There are 1 Blocked actors, 0 Stopped actors, and 4 active threads.
Waiting for actors to stop.
Called postfire()
Sent output token with value 3.0
Called prefire()
Called fire()
Next port to read input from is inputB
Called postfire()
Called prefire()
Called fire()
Checking for deadlock:
There are 1 Blocked actors, 0 Stopped actors, and 4 active threads.
Called postfire()
Waiting for actors to stop.
Called prefire()
Called fire()
Checking for deadlock:
There are 2 Blocked actors, 0 Stopped actors, and 4 active threads.
Waiting for actors to stop.
-- Read input: 3.0, which is expected to match: 3.0
Called prefire()
Called fire()
Read input token from inputB with value 4.5
Sent output token with value 3.0
Next port to read input from is inputA
Called postfire()
Called prefire()
Called fire()
Read input token from inputA with value 4.0
Checking for deadlock:
Called postfire()
There are 1 Blocked actors, 0 Stopped actors, and 4 active threads.
Called prefire()
Waiting for actors to stop.
Called fire()
Checking for deadlock:
There are 0 Blocked actors, 0 Stopped actors, and 4 active threads.
Waiting for actors to stop.
Checking for deadlock:
There are 1 Blocked actors, 0 Stopped actors, and 4 active threads.
Waiting for actors to stop.
-- Read input: 3.0, which is expected to match: 3.0
Called prefire()
Called fire()
Sent output token with value 4.0
Next port to read input from is inputA
Called postfire()
Called prefire()
-- Read input: 4.0, which is expected to match: 4.0
Called fire()
Called prefire()
Called fire()
Checking for deadlock:
Past the end of training data. Read and discard all inputs.
There are 0 Blocked actors, 0 Stopped actors, and 4 active threads.
Waiting for actors to stop.
Called postfire()
Called prefire()
Called fire()
Read input token from inputA with value 5.0
Sent output token with value 4.5
Next port to read input from is inputB
Called postfire()
Called prefire()
Called fire()
Checking for deadlock:
Called prefire()
Called fire()
There are 2 Blocked actors, 0 Stopped actors, and 4 active threads.
Past the end of training data. Read and discard all inputs.
Waiting for actors to stop.
Checking for deadlock:
There are 3 Blocked actors, 0 Stopped actors, and 4 active threads.
Waiting for actors to stop.
Called postfire()
Checking for deadlock:
Called prefire()
There are 2 Blocked actors, 0 Stopped actors, and 4 active threads.
Called fire()
Waiting for actors to stop.
Checking for deadlock:
There are 3 Blocked actors, 0 Stopped actors, and 4 active threads.
Waiting for actors to stop.
Checking for deadlock:
There are 2 Blocked actors, 0 Stopped actors, and 4 active threads.
Read input token from inputB with value 6.0
Waiting for actors to stop.
Checking for deadlock:
Sent output token with value 5.0
There are 1 Blocked actors, 0 Stopped actors, and 4 active threads.
Waiting for actors to stop.
Called prefire()
Called fire()
Past the end of training data. Read and discard all inputs.
Checking for deadlock:
There are 2 Blocked actors, 0 Stopped actors, and 4 active threads.
Waiting for actors to stop.
Called postfire()
Called prefire()
Called fire()
Checking for deadlock:
There are 3 Blocked actors, 0 Stopped actors, and 4 active threads.
Waiting for actors to stop.
Next port to read input from is inputA
Called postfire()
Called prefire()
Called fire()
Read input token from inputA with value 6.0
Checking for deadlock:
There are 2 Blocked actors, 0 Stopped actors, and 4 active threads.
Waiting for actors to stop.
Called postfire()
Called prefire()
Called fire()
Checking for deadlock:
There are 3 Blocked actors, 0 Stopped actors, and 4 active threads.
Waiting for actors to stop.
Checking for deadlock:
There are 2 Blocked actors, 0 Stopped actors, and 4 active threads.
Waiting for actors to stop.
Sent output token with value 6.0
Called prefire()
Called fire()
Past the end of training data. Read and discard all inputs.
Next port to read input from is inputB
Called postfire()
Called prefire()
Called fire()
Read input token from inputB with value 7.5
Sent output token with value 6.0
Next port to read input from is inputA
Called postfire()
Called prefire()
Called fire()
Read input token from inputA with value 7.0
Called postfire()
Called prefire()
Called fire()
Called postfire()
Called prefire()
Called fire()
Checking for deadlock:
There are 2 Blocked actors, 0 Stopped actors, and 4 active threads.
Waiting for actors to stop.
Called prefire()
Called fire()
Past the end of training data. Read and discard all inputs.
Called prefire()
Called fire()
Past the end of training data. Read and discard all inputs.
Sent output token with value 7.0
Next port to read input from is inputA
Called postfire()
Called prefire()
Called fire()
Read input token from inputA with value 8.0
Sent output token with value 7.5
Next port to read input from is inputB
Called postfire()
Called prefire()
Called fire()
Read input token from inputB with value 9.0
Called postfire()
Called prefire()
Called prefire()
Called fire()
Past the end of training data. Read and discard all inputs.
Called fire()
Checking for deadlock:
There are 1 Blocked actors, 0 Stopped actors, and 4 active threads.
Waiting for actors to stop.
-- Thread wrapup() called.
Called wrapup()
Thread .top.Ramp is exiting.
-- Thread stopped.
Sent output token with value 8.0
Next port to read input from is inputA
Called postfire()
Called prefire()
Called fire()
Read input token from inputA with value 9.0
Checking for deadlock:
There are 2 Blocked actors, 0 Stopped actors, and 3 active threads.
Waiting for actors to stop.
Checking for deadlock:
There are 1 Blocked actors, 0 Stopped actors, and 3 active threads.
Waiting for actors to stop.
Called prefire()
Called fire()
Past the end of training data. Read and discard all inputs.
Sent output token with value 9.0
Called prefire()
Called fire()
Past the end of training data. Read and discard all inputs.
Next port to read input from is inputB
Called postfire()
Called prefire()
Checking for deadlock:
There are 2 Blocked actors, 0 Stopped actors, and 3 active threads.
Called fire()
Waiting for actors to stop.
Read input token from inputB with value 10.5
Sent output token with value 9.0
Next port to read input from is inputA
Called postfire()
Called prefire()
Called fire()
Checking for deadlock:
There are 1 Blocked actors, 0 Stopped actors, and 3 active threads.
Waiting for actors to stop.
Called prefire()
Called fire()
Past the end of training data. Read and discard all inputs.
Checking for deadlock:
There are 2 Blocked actors, 0 Stopped actors, and 3 active threads.
Waiting for actors to stop.
Called postfire()
Called prefire()
Called fire()
Checking for deadlock:
There are 3 Blocked actors, 0 Stopped actors, and 3 active threads.
Actors have stopped.
Checking for deadlock:
There are 3 Blocked actors, 0 Stopped actors, and 3 active threads.
Deadlock detected.
Resolving Deadlock
Checking for deadlock:
There are 3 Blocked actors, 0 Stopped actors, and 3 active threads.
Artificial Deadlock - increasing queue capacity.
increasing the capacity of receiver ptolemy.actor.TypedIOPort {.top.OrderedMerge.inputB} to 2
Director: Called postfire().
Called postfire().
-- Thread wrapup() called.
Called wrapup()
_stopRequested = false
_stopFireRequested = false
Returning from postfire(): true
Thread .top.Ramp2 is exiting.
-- Thread stopped.
Called fire().
Checking for deadlock:
There are 2 Blocked actors, 0 Stopped actors, and 2 active threads.
Actors have stopped.
Checking for deadlock:
There are 2 Blocked actors, 0 Stopped actors, and 2 active threads.
Deadlock detected.
Resolving Deadlock
Checking for deadlock:
There are 2 Blocked actors, 0 Stopped actors, and 2 active threads.
Deadlock detected: no processes blocked on write, but some are blocked on read.
Called postfire().
_stopRequested = false
_stopFireRequested = false
Returning from postfire(): false
Finished deactivating branches.
Called wrapup().
-- Thread wrapup() called.
Called wrapup()
Thread .top.OrderedMerge is exiting.
-- Thread stopped.
-- Blocked Receiver call threw TerminateProcessException.
-- Thread wrapup() called.
Called wrapup()
Thread .top.Test is exiting.
-- Thread stopped.
-- Blocked Receiver call threw TerminateProcessException.
42 ms. Memory: 208896K Free: 190600K (91%)
.top. Preinitializing ...
Invoking preinitialize():  .top.OrderedMerge
Called preinitialize()
Invoking preinitialize():  .top.Ramp
Called preinitialize()
Invoking preinitialize():  .top.Ramp2
Called preinitialize()
Invoking preinitialize():  .top.Test
Called preinitialize()
.top. Finished preinitialize().
Called initialize().
Invoking initialize():  .top.OrderedMerge
Initializing actor: .top.OrderedMerge
Adding a thread: .top.OrderedMerge
Invoking initialize():  .top.Ramp
Initializing actor: .top.Ramp
Adding a thread: .top.Ramp
Invoking initialize():  .top.Ramp2
Initializing actor: .top.Ramp2
Adding a thread: .top.Ramp2
Invoking initialize():  .top.Test
Initializing actor: .top.Test
Adding a thread: .top.Test
-- Starting thread.
Called initialize()
Called prefire()
Called fire()
-- Starting thread.
Called initialize()
Called prefire()
Called fire()
Called postfire()
Called prefire()
Called fire()
-- Starting thread.
Called initialize()
Called prefire()
Called fire()
Called postfire()
Called prefire()
Called fire()
Called fire().
Checking for deadlock:
There are 3 Blocked actors, 0 Stopped actors, and 4 active threads.
Waiting for actors to stop.
-- Starting thread.
Called initialize()
Called prefire()
Called fire()
Checking for deadlock:
There are 2 Blocked actors, 0 Stopped actors, and 4 active threads.
Waiting for actors to stop.
Called postfire()
Called prefire()
Called fire()
Checking for deadlock:
There are 3 Blocked actors, 0 Stopped actors, and 4 active threads.
Waiting for actors to stop.
Read input token from inputA with value 0.0
Next port to read input from is inputB
Called postfire()
Called prefire()
Called fire()
Checking for deadlock:
There are 2 Blocked actors, 0 Stopped actors, and 4 active threads.
Waiting for actors to stop.
Called postfire()
Called prefire()
Called fire()
Checking for deadlock:
There are 3 Blocked actors, 0 Stopped actors, and 4 active threads.
Waiting for actors to stop.
Read input token from inputB with value 0.0
Checking for deadlock:
There are 2 Blocked actors, 0 Stopped actors, and 4 active threads.
Waiting for actors to stop.
-- Read input: 0.0, which is expected to match: 0.0
Called prefire()
Called fire()
Checking for deadlock:
There are 3 Blocked actors, 0 Stopped actors, and 4 active threads.
Waiting for actors to stop.
Sent output token with value 0.0
Next port to read input from is inputA
Called postfire()
Called prefire()
Called fire()
Checking for deadlock:
There are 2 Blocked actors, 0 Stopped actors, and 4 active threads.
Waiting for actors to stop.
Called postfire()
Called prefire()
Called fire()
Checking for deadlock:
There are 3 Blocked actors, 0 Stopped actors, and 4 active threads.
Waiting for actors to stop.
Read input token from inputA with value 1.0
Checking for deadlock:
There are 2 Blocked actors, 0 Stopped actors, and 4 active threads.
Waiting for actors to stop.
-- Read input: 0.0, which is expected to match: 0.0
Called prefire()
Called fire()
Checking for deadlock:
There are 3 Blocked actors, 0 Stopped actors, and 4 active threads.
Waiting for actors to stop.
Sent output token with value 0.0
Next port to read input from is inputB
Called postfire()
Called prefire()
Called fire()
Checking for deadlock:
There are 2 Blocked actors, 0 Stopped actors, and 4 active threads.
Waiting for actors to stop.
Called postfire()
Called prefire()
Called fire()
Checking for deadlock:
There are 3 Blocked actors, 0 Stopped actors, and 4 active threads.
Waiting for actors to stop.
Read input token from inputB with value 1.5
Checking for deadlock:
There are 2 Blocked actors, 0 Stopped actors, and 4 active threads.
Waiting for actors to stop.
-- Read input: 1.0, which is expected to match: 1.0
Called prefire()
Called fire()
Checking for deadlock:
There are 3 Blocked actors, 0 Stopped actors, and 4 active threads.
Waiting for actors to stop.
Sent output token with value 1.0
Next port to read input from is inputA
Called postfire()
Called prefire()
Called fire()
Called postfire()
Called prefire()
Called fire()
Checking for deadlock:
There are 3 Blocked actors, 0 Stopped actors, and 4 active threads.
Waiting for actors to stop.
Read input token from inputA with value 2.0
-- Read input: 1.5, which is expected to match: 1.5
Called prefire()
Called fire()
Checking for deadlock:
There are 3 Blocked actors, 0 Stopped actors, and 4 active threads.
Waiting for actors to stop.
Sent output token with value 1.5
Next port to read input from is inputB
Called postfire()
Called prefire()
Called fire()
Checking for deadlock:
There are 2 Blocked actors, 0 Stopped actors, and 4 active threads.
Waiting for actors to stop.
Called postfire()
Called prefire()
Called fire()
Checking for deadlock:
There are 3 Blocked actors, 0 Stopped actors, and 4 active threads.
Waiting for actors to stop.
Read input token from inputB with value 3.0
Checking for deadlock:
There are 2 Blocked actors, 0 Stopped actors, and 4 active threads.
Waiting for actors to stop.
-- Read input: 2.0, which is expected to match: 2.0
Called prefire()
Called fire()
Checking for deadlock:
There are 3 Blocked actors, 0 Stopped actors, and 4 active threads.
Waiting for actors to stop.
Sent output token with value 2.0
Next port to read input from is inputA
Called postfire()
Called prefire()
Called fire()
Called postfire()
Called prefire()
Called fire()
Checking for deadlock:
There are 3 Blocked actors, 0 Stopped actors, and 4 active threads.
Waiting for actors to stop.
Read input token from inputA with value 3.0
-- Read input: 3.0, which is expected to match: 3.0
Called prefire()
Called fire()
Checking for deadlock:
There are 3 Blocked actors, 0 Stopped actors, and 4 active threads.
Waiting for actors to stop.
Sent output token with value 3.0
Next port to read input from is inputB
Called postfire()
Called prefire()
Called fire()
Checking for deadlock:
There are 2 Blocked actors, 0 Stopped actors, and 4 active threads.
Waiting for actors to stop.
Called postfire()
Called prefire()
Called fire()
Checking for deadlock:
There are 3 Blocked actors, 0 Stopped actors, and 4 active threads.
Waiting for actors to stop.
Read input token from inputB with value 4.5
Checking for deadlock:
There are 2 Blocked actors, 0 Stopped actors, and 4 active threads.
Waiting for actors to stop.
-- Read input: 3.0, which is expected to match: 3.0
Called prefire()
Called fire()
Checking for deadlock:
There are 3 Blocked actors, 0 Stopped actors, and 4 active threads.
Waiting for actors to stop.
Sent output token with value 3.0
Next port to read input from is inputA
Called postfire()
Called prefire()
Called fire()
Called postfire()
Called prefire()
Called fire()
Checking for deadlock:
There are 3 Blocked actors, 0 Stopped actors, and 4 active threads.
Waiting for actors to stop.
Read input token from inputA with value 4.0
-- Read input: 4.0, which is expected to match: 4.0
Called prefire()
Called fire()
Past the end of training data. Read and discard all inputs.
Checking for deadlock:
There are 3 Blocked actors, 0 Stopped actors, and 4 active threads.
Waiting for actors to stop.
Sent output token with value 4.0
Next port to read input from is inputA
Called postfire()
Called prefire()
Called fire()
Called postfire()
Called prefire()
Called fire()
Checking for deadlock:
There are 3 Blocked actors, 0 Stopped actors, and 4 active threads.
Waiting for actors to stop.
Read input token from inputA with value 5.0
Called prefire()
Called fire()
Past the end of training data. Read and discard all inputs.
Checking for deadlock:
There are 3 Blocked actors, 0 Stopped actors, and 4 active threads.
Waiting for actors to stop.
Sent output token with value 4.5
Next port to read input from is inputB
Called postfire()
Called prefire()
Called fire()
Checking for deadlock:
There are 2 Blocked actors, 0 Stopped actors, and 4 active threads.
Waiting for actors to stop.
Called postfire()
Called prefire()
Called fire()
Checking for deadlock:
There are 3 Blocked actors, 0 Stopped actors, and 4 active threads.
Waiting for actors to stop.
Read input token from inputB with value 6.0
Checking for deadlock:
There are 2 Blocked actors, 0 Stopped actors, and 4 active threads.
Waiting for actors to stop.
Called prefire()
Called fire()
Past the end of training data. Read and discard all inputs.
Checking for deadlock:
There are 3 Blocked actors, 0 Stopped actors, and 4 active threads.
Waiting for actors to stop.
Sent output token with value 5.0
Next port to read input from is inputA
Called postfire()
Called prefire()
Called fire()
Called postfire()
Called prefire()
Called fire()
Checking for deadlock:
There are 3 Blocked actors, 0 Stopped actors, and 4 active threads.
Waiting for actors to stop.
Read input token from inputA with value 6.0
Called prefire()
Called fire()
Past the end of training data. Read and discard all inputs.
Checking for deadlock:
There are 3 Blocked actors, 0 Stopped actors, and 4 active threads.
Waiting for actors to stop.
Sent output token with value 6.0
Next port to read input from is inputB
Called postfire()
Called prefire()
Called fire()
Checking for deadlock:
There are 2 Blocked actors, 0 Stopped actors, and 4 active threads.
Waiting for actors to stop.
Called postfire()
Called prefire()
Called fire()
Checking for deadlock:
There are 3 Blocked actors, 0 Stopped actors, and 4 active threads.
Waiting for actors to stop.
Read input token from inputB with value 7.5
Checking for deadlock:
There are 2 Blocked actors, 0 Stopped actors, and 4 active threads.
Waiting for actors to stop.
Called prefire()
Called fire()
Past the end of training data. Read and discard all inputs.
Checking for deadlock:
There are 3 Blocked actors, 0 Stopped actors, and 4 active threads.
Waiting for actors to stop.
Sent output token with value 6.0
Next port to read input from is inputA
Called postfire()
Called prefire()
Called fire()
Called postfire()
Called prefire()
Called fire()
Checking for deadlock:
There are 3 Blocked actors, 0 Stopped actors, and 4 active threads.
Waiting for actors to stop.
Read input token from inputA with value 7.0
Called prefire()
Called fire()
Past the end of training data. Read and discard all inputs.
Checking for deadlock:
There are 3 Blocked actors, 0 Stopped actors, and 4 active threads.
Waiting for actors to stop.
Sent output token with value 7.0
Next port to read input from is inputA
Called postfire()
Called prefire()
Called fire()
-- Thread wrapup() called.
Called wrapup()
Thread .top.Ramp is exiting.
-- Thread stopped.
Checking for deadlock:
There are 2 Blocked actors, 0 Stopped actors, and 3 active threads.
Waiting for actors to stop.
Read input token from inputA with value 8.0
Called prefire()
Called fire()
Past the end of training data. Read and discard all inputs.
Checking for deadlock:
There are 2 Blocked actors, 0 Stopped actors, and 3 active threads.
Waiting for actors to stop.
Sent output token with value 7.5
Next port to read input from is inputB
Called postfire()
Called prefire()
Called fire()
Checking for deadlock:
There are 1 Blocked actors, 0 Stopped actors, and 3 active threads.
Waiting for actors to stop.
Called postfire()
Called prefire()
Called fire()
Checking for deadlock:
There are 2 Blocked actors, 0 Stopped actors, and 3 active threads.
Waiting for actors to stop.
Read input token from inputB with value 9.0
Checking for deadlock:
There are 1 Blocked actors, 0 Stopped actors, and 3 active threads.
Waiting for actors to stop.
Called prefire()
Called fire()
Past the end of training data. Read and discard all inputs.
Checking for deadlock:
There are 2 Blocked actors, 0 Stopped actors, and 3 active threads.
Waiting for actors to stop.
Sent output token with value 8.0
Next port to read input from is inputA
Called postfire()
Called prefire()
Called fire()
Read input token from inputA with value 9.0
Checking for deadlock:
There are 1 Blocked actors, 0 Stopped actors, and 3 active threads.
Waiting for actors to stop.
Called prefire()
Called fire()
Past the end of training data. Read and discard all inputs.
Checking for deadlock:
There are 2 Blocked actors, 0 Stopped actors, and 3 active threads.
Waiting for actors to stop.
Sent output token with value 9.0
Next port to read input from is inputB
Called postfire()
Called prefire()
Called fire()
Checking for deadlock:
There are 1 Blocked actors, 0 Stopped actors, and 3 active threads.
Waiting for actors to stop.
Called postfire()
Called prefire()
Called fire()
Checking for deadlock:
There are 2 Blocked actors, 0 Stopped actors, and 3 active threads.
Waiting for actors to stop.
Read input token from inputB with value 10.5
Checking for deadlock:
There are 1 Blocked actors, 0 Stopped actors, and 3 active threads.
Waiting for actors to stop.
Called prefire()
Called fire()
Past the end of training data. Read and discard all inputs.
Checking for deadlock:
There are 2 Blocked actors, 0 Stopped actors, and 3 active threads.
Waiting for actors to stop.
Sent output token with value 9.0
Next port to read input from is inputA
Called postfire()
Called prefire()
Called fire()
Checking for deadlock:
There are 3 Blocked actors, 0 Stopped actors, and 3 active threads.
Actors have stopped.
Checking for deadlock:
There are 3 Blocked actors, 0 Stopped actors, and 3 active threads.
Deadlock detected.
Resolving Deadlock
Checking for deadlock:
There are 3 Blocked actors, 0 Stopped actors, and 3 active threads.
Artificial Deadlock - increasing queue capacity.
increasing the capacity of receiver ptolemy.actor.TypedIOPort {.top.OrderedMerge.inputB} to 2
Director: Called postfire().
Called postfire().
_stopRequested = false
_stopFireRequested = false
Returning from postfire(): true
Called fire().
Checking for deadlock:
There are 2 Blocked actors, 0 Stopped actors, and 3 active threads.
Waiting for actors to stop.
-- Thread wrapup() called.
Called wrapup()
Thread .top.Ramp2 is exiting.
-- Thread stopped.
Checking for deadlock:
There are 2 Blocked actors, 0 Stopped actors, and 2 active threads.
Actors have stopped.
Checking for deadlock:
There are 2 Blocked actors, 0 Stopped actors, and 2 active threads.
Deadlock detected.
Resolving Deadlock
Checking for deadlock:
There are 2 Blocked actors, 0 Stopped actors, and 2 active threads.
Deadlock detected: no processes blocked on write, but some are blocked on read.
Called postfire().
_stopRequested = false
_stopFireRequested = false
Returning from postfire(): false
Finished deactivating branches.
Called wrapup().
-- Thread wrapup() called.
Called wrapup()
Thread .top.Test is exiting.
-- Thread stopped.
-- Blocked Receiver call threw TerminateProcessException.
-- Thread wrapup() called.
Called wrapup()
Thread .top.OrderedMerge is exiting.
13 ms. Memory: 208896K Free: 185685K (89%)
/home/travis/build/icyphy/ptII/ptolemy/actor/lib/test/Publisher.tcl
-- Thread stopped.
-- Blocked Receiver call threw TerminateProcessException.
22 ms. Memory: 208896K Free: 178374K (85%)
4 ms. Memory: 208896K Free: 173501K (83%)
10 ms. Memory: 208896K Free: 168627K (81%)
4 ms. Memory: 208896K Free: 168627K (81%)
15 ms. Memory: 208896K Free: 168627K (81%)
4 ms. Memory: 208896K Free: 166191K (80%)
11 ms. Memory: 208896K Free: 166191K (80%)
8 ms. Memory: 208896K Free: 166191K (80%)
1 ms. Memory: 208896K Free: 156388K (75%)
4 ms. Memory: 208896K Free: 151498K (73%)
2 ms. Memory: 208896K Free: 151498K (73%)
1 ms. Memory: 208896K Free: 149046K (71%)
6 ms. Memory: 208896K Free: 141720K (68%)
6 ms. Memory: 208896K Free: 129520K (62%)
6 ms. Memory: 208896K Free: 119725K (57%)
/home/travis/build/icyphy/ptII/ptolemy/actor/lib/test/Pulse.tcl
2 ms. Memory: 331776K Free: 319483K (96%)
2 ms. Memory: 331776K Free: 319483K (96%)
1 ms. Memory: 331776K Free: 319483K (96%)
1 ms. Memory: 331776K Free: 319483K (96%)
2 ms. Memory: 331776K Free: 314732K (95%)
2 ms. Memory: 331776K Free: 314732K (95%)
13 ms. Memory: 331776K Free: 314447K (95%)
2 ms. Memory: 331776K Free: 314447K (95%)
2 ms. Memory: 331776K Free: 314447K (95%)
/home/travis/build/icyphy/ptII/ptolemy/actor/lib/test/Ramp.tcl
3 ms. Memory: 331776K Free: 309713K (93%)
1 ms. Memory: 331776K Free: 309713K (93%)
2 ms. Memory: 331776K Free: 309713K (93%)
2 ms. Memory: 331776K Free: 309713K (93%)
3 ms. Memory: 331776K Free: 309713K (93%)
4 ms. Memory: 331776K Free: 309713K (93%)
4 ms. Memory: 331776K Free: 304978K (92%)
5 actors
6000 microseconds per iteration to create
6 ms. Memory: 331776K Free: 304978K (92%)
3 ms. Memory: 331776K Free: 304978K (92%)
2 ms. Memory: 331776K Free: 300244K (90%)
2 ms. Memory: 331776K Free: 300244K (90%)
50 actors
30000 microseconds per iteration to create
33 ms. Memory: 331776K Free: 286016K (86%)
6 ms. Memory: 331776K Free: 286016K (86%)
7 ms. Memory: 331776K Free: 286016K (86%)
6 ms. Memory: 331776K Free: 281282K (85%)
500 actors
1551000 microseconds per iteration to create
325 ms. Memory: 331776K Free: 124811K (38%)
54 ms. Memory: 331776K Free: 120077K (36%)
42 ms. Memory: 331776K Free: 115342K (35%)
38 ms. Memory: 331776K Free: 110608K (33%)
/home/travis/build/icyphy/ptII/ptolemy/actor/lib/test/RampContinuous.tcl
11 ms. Memory: 331776K Free: 105874K (32%)
/home/travis/build/icyphy/ptII/ptolemy/actor/lib/test/RecordAssembler.tcl
7 ms. Memory: 331776K Free: 105874K (32%)
5 ms. Memory: 331776K Free: 105874K (32%)
/home/travis/build/icyphy/ptII/ptolemy/actor/lib/test/RecordDisassembler.tcl
8 ms. Memory: 331776K Free: 101139K (30%)
7 ms. Memory: 331776K Free: 101139K (30%)
4 ms. Memory: 331776K Free: 101139K (30%)
/home/travis/build/icyphy/ptII/ptolemy/actor/lib/test/Scale.tcl
4 ms. Memory: 331776K Free: 96404K (29%)
3 ms. Memory: 331776K Free: 96404K (29%)
3 ms. Memory: 331776K Free: 96404K (29%)
7 ms. Memory: 331776K Free: 96404K (29%)
3 ms. Memory: 331776K Free: 96404K (29%)
/home/travis/build/icyphy/ptII/ptolemy/actor/lib/test/SequentialClock.tcl
preinitializing
resolving types
initializing
executing number 1
wrapping up
idle
3 ms. Memory: 331776K Free: 96404K (29%)
Completed execution with 5 iterations
preinitializing
resolving types
initializing
executing number 1
wrapping up
idle
1 ms. Memory: 331776K Free: 91662K (28%)
Completed execution with 5 iterations
preinitializing
resolving types
initializing
executing number 1
wrapping up
idle
2 ms. Memory: 331776K Free: 91662K (28%)
Completed execution with 5 iterations
/home/travis/build/icyphy/ptII/ptolemy/actor/lib/test/SetVariable.tcl
5 ms. Memory: 331776K Free: 91662K (28%)
/home/travis/build/icyphy/ptII/ptolemy/actor/lib/test/Sinewave.tcl
/home/travis/build/icyphy/ptII/ptolemy/actor/lib/test/SubscriptionAggregator.tcl
5 ms. Memory: 331776K Free: 79001K (24%)
7 ms. Memory: 331776K Free: 79001K (24%)
34 ms. Memory: 332288K Free: 314436K (95%)
1 ms. Memory: 332288K Free: 314436K (95%)
1 ms. Memory: 332288K Free: 314436K (95%)
4 ms. Memory: 332288K Free: 309645K (93%)
...............................................................996 ms. Memory: 477184K Free: 92023K (19%)
/home/travis/build/icyphy/ptII/ptolemy/actor/lib/test/Test.tcl
 The next command will produce a warning about training mode,
   which may be ignored.
4 ms. Memory: 477184K Free: 92023K (19%)
2 ms. Memory: 477184K Free: 84346K (18%)
2 ms. Memory: 477184K Free: 84346K (18%)
2 ms. Memory: 477184K Free: 84346K (18%)
1 ms. Memory: 477184K Free: 84346K (18%)
3 ms. Memory: 477184K Free: 84346K (18%)
2 ms. Memory: 477184K Free: 84346K (18%)
 The next command will produce a warning about training mode,
   which may be ignored.
4 ms. Memory: 477184K Free: 84346K (18%)
 The next command will produce a warning about training mode,
   which may be ignored.
3 ms. Memory: 477184K Free: 76669K (16%)
1 ms. Memory: 477184K Free: 76669K (16%)
1 ms. Memory: 477184K Free: 76669K (16%)
1 ms. Memory: 477184K Free: 76669K (16%)
1 ms. Memory: 477184K Free: 76669K (16%)
3 ms. Memory: 477184K Free: 76669K (16%)
/home/travis/build/icyphy/ptII/ptolemy/actor/lib/test/TestExceptionHandler.tcl
 The next command will produce a warning about training mode,
   which may be ignored.
2 ms. Memory: 477184K Free: 69000K (14%)
1 ms. Memory: 477184K Free: 69000K (14%)
1 ms. Memory: 477184K Free: 69000K (14%)
/home/travis/build/icyphy/ptII/ptolemy/actor/lib/test/UnionDisassembler.tcl
85 ms. Memory: 480768K Free: 437154K (91%)
/home/travis/build/icyphy/ptII/ptolemy/actor/lib/test/VariableClock.tcl
preinitializing
resolving types
initializing
executing number 1
wrapping up
idle
9 ms. Memory: 480768K Free: 437154K (91%)
Completed execution with 11 iterations
preinitializing
resolving types
initializing
executing number 1
wrapping up
idle
9 ms. Memory: 480768K Free: 437154K (91%)
Completed execution with 10 iterations
06/11/18 02:25:23
Failed: 0  Total Tests: 234  ((Passed: 234, Newly Passed: 0)  Known Failed: 0) /home/travis/build/icyphy/ptII/ptolemy/actor/lib/test
----------------- testing (KnownFailure) /home/travis/build/icyphy/ptII/ptolemy/actor/lib/test/auto/knownFailedTests/PublisherPortToplevelSubscriber.xml
0 ms. Memory: 480768K Free: 429371K (89%)
Known Failure: java.lang.reflect.InvocationTargetException
----------------- testing (KnownFailure) /home/travis/build/icyphy/ptII/ptolemy/actor/lib/test/auto/knownFailedTests/PublisherSubscriberPortToplevel.xml
1 ms. Memory: 480768K Free: 413806K (86%)
Known Failure: java.lang.reflect.InvocationTargetException
----------------- testing (KnownFailure) /home/travis/build/icyphy/ptII/ptolemy/actor/lib/test/auto/knownFailedTests/PublisherSubscriptionAggregatorPort.xml
2 ms. Memory: 480768K Free: 398241K (83%)
Known Failure: java.lang.reflect.InvocationTargetException
----------------- testing (KnownFailure) /home/travis/build/icyphy/ptII/ptolemy/actor/lib/test/auto/knownFailedTests/sizedarray3.xml
3 ms. Memory: 480768K Free: 382676K (80%)
Known Failure: java.lang.reflect.InvocationTargetException
No auto/linux-amd64/*.xml tests in /home/travis/build/icyphy/ptII/ptolemy/actor/lib/test
AutoTests.java: About to close Vertx.
AutoTests.java: Vertx closed.

===========================================================================================
----------------- testing Mon Jun 11 02:25:23 UTC 2018 /home/travis/build/icyphy/ptII/ptolemy/actor/lib/test/auto/AbsoluteValue.xml
----------------- Instantiating /home/travis/build/icyphy/ptII/ptolemy/actor/lib/test/auto/AbsoluteValue.xml
13 ms. Memory: 480768K Free: 305286K (63%)
----------------- Invoking toplevel() on ptolemy.moml.MoMLSimpleApplication@40d4fa51
----------------- Done invoking toplevel() on ptolemy.moml.MoMLSimpleApplication@40d4fa51
reloadAllAccessors: .AbsoluteValue

===========================================================================================
----------------- testing Mon Jun 11 02:25:23 UTC 2018 /home/travis/build/icyphy/ptII/ptolemy/actor/lib/test/auto/AbsoluteValue2.xml
----------------- Instantiating /home/travis/build/icyphy/ptII/ptolemy/actor/lib/test/auto/AbsoluteValue2.xml
11 ms. Memory: 480768K Free: 293612K (61%)
----------------- Invoking toplevel() on ptolemy.moml.MoMLSimpleApplication@16cede01
----------------- Done invoking toplevel() on ptolemy.moml.MoMLSimpleApplication@16cede01
reloadAllAccessors: .AbsoluteValue2

===========================================================================================
----------------- testing Mon Jun 11 02:25:23 UTC 2018 /home/travis/build/icyphy/ptII/ptolemy/actor/lib/test/auto/Accumulator.xml
----------------- Instantiating /home/travis/build/icyphy/ptII/ptolemy/actor/lib/test/auto/Accumulator.xml
8 ms. Memory: 480768K Free: 281930K (59%)
----------------- Invoking toplevel() on ptolemy.moml.MoMLSimpleApplication@74c768bb
----------------- Done invoking toplevel() on ptolemy.moml.MoMLSimpleApplication@74c768bb
reloadAllAccessors: .Accumulator

===========================================================================================
----------------- testing Mon Jun 11 02:25:23 UTC 2018 /home/travis/build/icyphy/ptII/ptolemy/actor/lib/test/auto/Accumulator2.xml
----------------- Instantiating /home/travis/build/icyphy/ptII/ptolemy/actor/lib/test/auto/Accumulator2.xml
4 ms. Memory: 480768K Free: 274148K (57%)
----------------- Invoking toplevel() on ptolemy.moml.MoMLSimpleApplication@7322cde3
----------------- Done invoking toplevel() on ptolemy.moml.MoMLSimpleApplication@7322cde3
reloadAllAccessors: .Accumulator2

===========================================================================================
----------------- testing Mon Jun 11 02:25:23 UTC 2018 /home/travis/build/icyphy/ptII/ptolemy/actor/lib/test/auto/Accumulator3.xml
----------------- Instantiating /home/travis/build/icyphy/ptII/ptolemy/actor/lib/test/auto/Accumulator3.xml
3 ms. Memory: 480768K Free: 258692K (54%)
----------------- Invoking toplevel() on ptolemy.moml.MoMLSimpleApplication@35d02f73
----------------- Done invoking toplevel() on ptolemy.moml.MoMLSimpleApplication@35d02f73
reloadAllAccessors: .Accumulator3

===========================================================================================
----------------- testing Mon Jun 11 02:25:23 UTC 2018 /home/travis/build/icyphy/ptII/ptolemy/actor/lib/test/auto/ArrayAppend.xml
----------------- Instantiating /home/travis/build/icyphy/ptII/ptolemy/actor/lib/test/auto/ArrayAppend.xml
5 ms. Memory: 480768K Free: 247010K (51%)
----------------- Invoking toplevel() on ptolemy.moml.MoMLSimpleApplication@7668593c
----------------- Done invoking toplevel() on ptolemy.moml.MoMLSimpleApplication@7668593c
reloadAllAccessors: .ArrayAppend

===========================================================================================
----------------- testing Mon Jun 11 02:25:23 UTC 2018 /home/travis/build/icyphy/ptII/ptolemy/actor/lib/test/auto/ArrayAppend2.xml
----------------- Instantiating /home/travis/build/icyphy/ptII/ptolemy/actor/lib/test/auto/ArrayAppend2.xml
317 ms. Memory: 480768K Free: 176968K (37%)
----------------- Invoking toplevel() on ptolemy.moml.MoMLSimpleApplication@739202e
----------------- Done invoking toplevel() on ptolemy.moml.MoMLSimpleApplication@739202e
reloadAllAccessors: .ArrayAppend2

===========================================================================================
----------------- testing Mon Jun 11 02:25:24 UTC 2018 /home/travis/build/icyphy/ptII/ptolemy/actor/lib/test/auto/ArrayAppend3.xml
----------------- Instantiating /home/travis/build/icyphy/ptII/ptolemy/actor/lib/test/auto/ArrayAppend3.xml
4 ms. Memory: 480768K Free: 169186K (35%)
----------------- Invoking toplevel() on ptolemy.moml.MoMLSimpleApplication@3ea85941
----------------- Done invoking toplevel() on ptolemy.moml.MoMLSimpleApplication@3ea85941
reloadAllAccessors: .ArrayAppend3

===========================================================================================
----------------- testing Mon Jun 11 02:25:24 UTC 2018 /home/travis/build/icyphy/ptII/ptolemy/actor/lib/test/auto/ArrayAppend4.xml
----------------- Instantiating /home/travis/build/icyphy/ptII/ptolemy/actor/lib/test/auto/ArrayAppend4.xml
2 ms. Memory: 480768K Free: 153730K (32%)
----------------- Invoking toplevel() on ptolemy.moml.MoMLSimpleApplication@6df56a6
----------------- Done invoking toplevel() on ptolemy.moml.MoMLSimpleApplication@6df56a6
reloadAllAccessors: .ArrayAppend4

===========================================================================================
----------------- testing Mon Jun 11 02:25:24 UTC 2018 /home/travis/build/icyphy/ptII/ptolemy/actor/lib/test/auto/ArrayAppend5.xml
----------------- Instantiating /home/travis/build/icyphy/ptII/ptolemy/actor/lib/test/auto/ArrayAppend5.xml
2 ms. Memory: 480768K Free: 145947K (30%)
----------------- Invoking toplevel() on ptolemy.moml.MoMLSimpleApplication@a00fc43
----------------- Done invoking toplevel() on ptolemy.moml.MoMLSimpleApplication@a00fc43
reloadAllAccessors: .ArrayAppend5

===========================================================================================
----------------- testing Mon Jun 11 02:25:24 UTC 2018 /home/travis/build/icyphy/ptII/ptolemy/actor/lib/test/auto/ArrayAppend6.xml
----------------- Instantiating /home/travis/build/icyphy/ptII/ptolemy/actor/lib/test/auto/ArrayAppend6.xml
6 ms. Memory: 480768K Free: 138165K (29%)
----------------- Invoking toplevel() on ptolemy.moml.MoMLSimpleApplication@4b705eff
----------------- Done invoking toplevel() on ptolemy.moml.MoMLSimpleApplication@4b705eff
reloadAllAccessors: .ArrayAppend6

===========================================================================================
----------------- testing Mon Jun 11 02:25:24 UTC 2018 /home/travis/build/icyphy/ptII/ptolemy/actor/lib/test/auto/ArrayAppendPerformanceTest.xml
----------------- Instantiating /home/travis/build/icyphy/ptII/ptolemy/actor/lib/test/auto/ArrayAppendPerformanceTest.xml
21 ms. Memory: 480768K Free: 114902K (24%)
----------------- Invoking toplevel() on ptolemy.moml.MoMLSimpleApplication@49e1e782
----------------- Done invoking toplevel() on ptolemy.moml.MoMLSimpleApplication@49e1e782
reloadAllAccessors: .ArrayAppendPerformanceTest

===========================================================================================
----------------- testing Mon Jun 11 02:25:24 UTC 2018 /home/travis/build/icyphy/ptII/ptolemy/actor/lib/test/auto/ArrayAppendWithEmptyInput.xml
----------------- Instantiating /home/travis/build/icyphy/ptII/ptolemy/actor/lib/test/auto/ArrayAppendWithEmptyInput.xml
23 ms. Memory: 480768K Free: 103213K (21%)
----------------- Invoking toplevel() on ptolemy.moml.MoMLSimpleApplication@2be11a2
----------------- Done invoking toplevel() on ptolemy.moml.MoMLSimpleApplication@2be11a2
reloadAllAccessors: .ArrayAppendWithEmptyInput

===========================================================================================
----------------- testing Mon Jun 11 02:25:24 UTC 2018 /home/travis/build/icyphy/ptII/ptolemy/actor/lib/test/auto/ArrayAverage.xml
----------------- Instantiating /home/travis/build/icyphy/ptII/ptolemy/actor/lib/test/auto/ArrayAverage.xml
4 ms. Memory: 480768K Free: 91523K (19%)
----------------- Invoking toplevel() on ptolemy.moml.MoMLSimpleApplication@3e99d1c1
----------------- Done invoking toplevel() on ptolemy.moml.MoMLSimpleApplication@3e99d1c1
reloadAllAccessors: .ArrayAverage

===========================================================================================
----------------- testing Mon Jun 11 02:25:24 UTC 2018 /home/travis/build/icyphy/ptII/ptolemy/actor/lib/test/auto/ArrayContains.xml
----------------- Instantiating /home/travis/build/icyphy/ptII/ptolemy/actor/lib/test/auto/ArrayContains.xml
2 ms. Memory: 480768K Free: 83740K (17%)
----------------- Invoking toplevel() on ptolemy.moml.MoMLSimpleApplication@66b88447
----------------- Done invoking toplevel() on ptolemy.moml.MoMLSimpleApplication@66b88447
reloadAllAccessors: .ArrayContains

===========================================================================================
----------------- testing Mon Jun 11 02:25:24 UTC 2018 /home/travis/build/icyphy/ptII/ptolemy/actor/lib/test/auto/ArrayElement.xml
----------------- Instantiating /home/travis/build/icyphy/ptII/ptolemy/actor/lib/test/auto/ArrayElement.xml
12 ms. Memory: 480768K Free: 68284K (14%)
----------------- Invoking toplevel() on ptolemy.moml.MoMLSimpleApplication@84772d3
----------------- Done invoking toplevel() on ptolemy.moml.MoMLSimpleApplication@84772d3
reloadAllAccessors: .ArrayElement

===========================================================================================
----------------- testing Mon Jun 11 02:25:24 UTC 2018 /home/travis/build/icyphy/ptII/ptolemy/actor/lib/test/auto/ArrayElementAsMatrix.xml
----------------- Instantiating /home/travis/build/icyphy/ptII/ptolemy/actor/lib/test/auto/ArrayElementAsMatrix.xml
32 ms. Memory: 480768K Free: 56610K (12%)
----------------- Invoking toplevel() on ptolemy.moml.MoMLSimpleApplication@7d407e64
----------------- Done invoking toplevel() on ptolemy.moml.MoMLSimpleApplication@7d407e64
reloadAllAccessors: .ArrayElementAsMatrix

===========================================================================================
----------------- testing Mon Jun 11 02:25:24 UTC 2018 /home/travis/build/icyphy/ptII/ptolemy/actor/lib/test/auto/ArrayElementI.xml
----------------- Instantiating /home/travis/build/icyphy/ptII/ptolemy/actor/lib/test/auto/ArrayElementI.xml
5 ms. Memory: 718848K Free: 666163K (93%)
----------------- Invoking toplevel() on ptolemy.moml.MoMLSimpleApplication@3e68765d
----------------- Done invoking toplevel() on ptolemy.moml.MoMLSimpleApplication@3e68765d
reloadAllAccessors: .ArrayElementI

===========================================================================================
----------------- testing Mon Jun 11 02:25:24 UTC 2018 /home/travis/build/icyphy/ptII/ptolemy/actor/lib/test/auto/ArrayExtract.xml
----------------- Instantiating /home/travis/build/icyphy/ptII/ptolemy/actor/lib/test/auto/ArrayExtract.xml
5 ms. Memory: 718848K Free: 644897K (90%)
----------------- Invoking toplevel() on ptolemy.moml.MoMLSimpleApplication@771443e3
----------------- Done invoking toplevel() on ptolemy.moml.MoMLSimpleApplication@771443e3
reloadAllAccessors: .ArrayExtract

===========================================================================================
----------------- testing Mon Jun 11 02:25:24 UTC 2018 /home/travis/build/icyphy/ptII/ptolemy/actor/lib/test/auto/ArrayExtract2.xml
----------------- Instantiating /home/travis/build/icyphy/ptII/ptolemy/actor/lib/test/auto/ArrayExtract2.xml
3 ms. Memory: 718848K Free: 636596K (89%)
----------------- Invoking toplevel() on ptolemy.moml.MoMLSimpleApplication@7bee26ea
----------------- Done invoking toplevel() on ptolemy.moml.MoMLSimpleApplication@7bee26ea
reloadAllAccessors: .ArrayExtract2

===========================================================================================
----------------- testing Mon Jun 11 02:25:24 UTC 2018 /home/travis/build/icyphy/ptII/ptolemy/actor/lib/test/auto/ArrayLength.xml
----------------- Instantiating /home/travis/build/icyphy/ptII/ptolemy/actor/lib/test/auto/ArrayLength.xml
1 ms. Memory: 718848K Free: 628295K (87%)
----------------- Invoking toplevel() on ptolemy.moml.MoMLSimpleApplication@2fef025f
----------------- Done invoking toplevel() on ptolemy.moml.MoMLSimpleApplication@2fef025f
reloadAllAccessors: .ArrayLength

===========================================================================================
----------------- testing Mon Jun 11 02:25:24 UTC 2018 /home/travis/build/icyphy/ptII/ptolemy/actor/lib/test/auto/ArrayLevelCrossing.xml
----------------- Instantiating /home/travis/build/icyphy/ptII/ptolemy/actor/lib/test/auto/ArrayLevelCrossing.xml
2 ms. Memory: 718848K Free: 607159K (84%)
----------------- Invoking toplevel() on ptolemy.moml.MoMLSimpleApplication@f3f9d3c
----------------- Done invoking toplevel() on ptolemy.moml.MoMLSimpleApplication@f3f9d3c
reloadAllAccessors: .ArrayLevelCrossing

===========================================================================================
----------------- testing Mon Jun 11 02:25:24 UTC 2018 /home/travis/build/icyphy/ptII/ptolemy/actor/lib/test/auto/ArrayLevelCrossing2.xml
----------------- Instantiating /home/travis/build/icyphy/ptII/ptolemy/actor/lib/test/auto/ArrayLevelCrossing2.xml
8 ms. Memory: 718848K Free: 594707K (83%)
----------------- Invoking toplevel() on ptolemy.moml.MoMLSimpleApplication@40ba563b
----------------- Done invoking toplevel() on ptolemy.moml.MoMLSimpleApplication@40ba563b
reloadAllAccessors: .ArrayLevelCrossing2

===========================================================================================
----------------- testing Mon Jun 11 02:25:24 UTC 2018 /home/travis/build/icyphy/ptII/ptolemy/actor/lib/test/auto/ArrayPeakSearch.xml
----------------- Instantiating /home/travis/build/icyphy/ptII/ptolemy/actor/lib/test/auto/ArrayPeakSearch.xml
7 ms. Memory: 718848K Free: 582239K (81%)
----------------- Invoking toplevel() on ptolemy.moml.MoMLSimpleApplication@5086bfe5
----------------- Done invoking toplevel() on ptolemy.moml.MoMLSimpleApplication@5086bfe5
reloadAllAccessors: .ArrayPeakSearch

===========================================================================================
----------------- testing Mon Jun 11 02:25:25 UTC 2018 /home/travis/build/icyphy/ptII/ptolemy/actor/lib/test/auto/ArrayPeakSearch2.xml
----------------- Instantiating /home/travis/build/icyphy/ptII/ptolemy/actor/lib/test/auto/ArrayPeakSearch2.xml
9 ms. Memory: 718848K Free: 569787K (79%)
----------------- Invoking toplevel() on ptolemy.moml.MoMLSimpleApplication@148b8126
----------------- Done invoking toplevel() on ptolemy.moml.MoMLSimpleApplication@148b8126
reloadAllAccessors: .ArrayPeakSearch2

===========================================================================================
----------------- testing Mon Jun 11 02:25:25 UTC 2018 /home/travis/build/icyphy/ptII/ptolemy/actor/lib/test/auto/ArrayPeakSearch3.xml
----------------- Instantiating /home/travis/build/icyphy/ptII/ptolemy/actor/lib/test/auto/ArrayPeakSearch3.xml
3 ms. Memory: 718848K Free: 548659K (76%)
----------------- Invoking toplevel() on ptolemy.moml.MoMLSimpleApplication@d73974e
----------------- Done invoking toplevel() on ptolemy.moml.MoMLSimpleApplication@d73974e
reloadAllAccessors: .ArrayPeakSearch3

===========================================================================================
----------------- testing Mon Jun 11 02:25:25 UTC 2018 /home/travis/build/icyphy/ptII/ptolemy/actor/lib/test/auto/ArrayRemoveElement.xml
----------------- Instantiating /home/travis/build/icyphy/ptII/ptolemy/actor/lib/test/auto/ArrayRemoveElement.xml
3 ms. Memory: 718848K Free: 536199K (75%)
----------------- Invoking toplevel() on ptolemy.moml.MoMLSimpleApplication@5a330364
----------------- Done invoking toplevel() on ptolemy.moml.MoMLSimpleApplication@5a330364
reloadAllAccessors: .ArrayRemoveElement

===========================================================================================
----------------- testing Mon Jun 11 02:25:25 UTC 2018 /home/travis/build/icyphy/ptII/ptolemy/actor/lib/test/auto/ArraySort.xml
----------------- Instantiating /home/travis/build/icyphy/ptII/ptolemy/actor/lib/test/auto/ArraySort.xml
3 ms. Memory: 718848K Free: 523731K (73%)
----------------- Invoking toplevel() on ptolemy.moml.MoMLSimpleApplication@52b27e47
----------------- Done invoking toplevel() on ptolemy.moml.MoMLSimpleApplication@52b27e47
reloadAllAccessors: .ArraySort

===========================================================================================
----------------- testing Mon Jun 11 02:25:25 UTC 2018 /home/travis/build/icyphy/ptII/ptolemy/actor/lib/test/auto/ArraySum.xml
----------------- Instantiating /home/travis/build/icyphy/ptII/ptolemy/actor/lib/test/auto/ArraySum.xml
3 ms. Memory: 718848K Free: 515430K (72%)
----------------- Invoking toplevel() on ptolemy.moml.MoMLSimpleApplication@2d8ab3f0
----------------- Done invoking toplevel() on ptolemy.moml.MoMLSimpleApplication@2d8ab3f0
reloadAllAccessors: .ArraySum

===========================================================================================
----------------- testing Mon Jun 11 02:25:25 UTC 2018 /home/travis/build/icyphy/ptII/ptolemy/actor/lib/test/auto/ArrayToElements.xml
----------------- Instantiating /home/travis/build/icyphy/ptII/ptolemy/actor/lib/test/auto/ArrayToElements.xml
8 ms. Memory: 718848K Free: 498460K (69%)
----------------- Invoking toplevel() on ptolemy.moml.MoMLSimpleApplication@7cd0d341
----------------- Done invoking toplevel() on ptolemy.moml.MoMLSimpleApplication@7cd0d341
reloadAllAccessors: .ArrayToElements

===========================================================================================
----------------- testing Mon Jun 11 02:25:25 UTC 2018 /home/travis/build/icyphy/ptII/ptolemy/actor/lib/test/auto/ArrayToMatrix.xml
----------------- Instantiating /home/travis/build/icyphy/ptII/ptolemy/actor/lib/test/auto/ArrayToMatrix.xml
8 ms. Memory: 718848K Free: 477683K (66%)
----------------- Invoking toplevel() on ptolemy.moml.MoMLSimpleApplication@5a5fa3ce
----------------- Done invoking toplevel() on ptolemy.moml.MoMLSimpleApplication@5a5fa3ce
reloadAllAccessors: .ArrayToMatrix

===========================================================================================
----------------- testing Mon Jun 11 02:25:25 UTC 2018 /home/travis/build/icyphy/ptII/ptolemy/actor/lib/test/auto/ArrayUpdate1.xml
----------------- Instantiating /home/travis/build/icyphy/ptII/ptolemy/actor/lib/test/auto/ArrayUpdate1.xml
2 ms. Memory: 718848K Free: 469382K (65%)
----------------- Invoking toplevel() on ptolemy.moml.MoMLSimpleApplication@8a150f5
----------------- Done invoking toplevel() on ptolemy.moml.MoMLSimpleApplication@8a150f5
reloadAllAccessors: .ArrayUpdate1

===========================================================================================
----------------- testing Mon Jun 11 02:25:25 UTC 2018 /home/travis/build/icyphy/ptII/ptolemy/actor/lib/test/auto/ArrayUpdate2.xml
----------------- Instantiating /home/travis/build/icyphy/ptII/ptolemy/actor/lib/test/auto/ArrayUpdate2.xml
5 ms. Memory: 718848K Free: 461081K (64%)
----------------- Invoking toplevel() on ptolemy.moml.MoMLSimpleApplication@3dfe56a1
----------------- Done invoking toplevel() on ptolemy.moml.MoMLSimpleApplication@3dfe56a1
reloadAllAccessors: .ArrayUpdate2

===========================================================================================
----------------- testing Mon Jun 11 02:25:25 UTC 2018 /home/travis/build/icyphy/ptII/ptolemy/actor/lib/test/auto/ArrayUpdate3.xml
----------------- Instantiating /home/travis/build/icyphy/ptII/ptolemy/actor/lib/test/auto/ArrayUpdate3.xml
2 ms. Memory: 718848K Free: 444111K (62%)
----------------- Invoking toplevel() on ptolemy.moml.MoMLSimpleApplication@22adbef
----------------- Done invoking toplevel() on ptolemy.moml.MoMLSimpleApplication@22adbef
reloadAllAccessors: .ArrayUpdate3

===========================================================================================
----------------- testing Mon Jun 11 02:25:25 UTC 2018 /home/travis/build/icyphy/ptII/ptolemy/actor/lib/test/auto/Assert1.xml
----------------- Instantiating /home/travis/build/icyphy/ptII/ptolemy/actor/lib/test/auto/Assert1.xml
2 ms. Memory: 718848K Free: 435809K (61%)
----------------- Invoking toplevel() on ptolemy.moml.MoMLSimpleApplication@5118c89c
----------------- Done invoking toplevel() on ptolemy.moml.MoMLSimpleApplication@5118c89c
reloadAllAccessors: .Assert1

===========================================================================================
----------------- testing Mon Jun 11 02:25:25 UTC 2018 /home/travis/build/icyphy/ptII/ptolemy/actor/lib/test/auto/Assert2.xml
----------------- Instantiating /home/travis/build/icyphy/ptII/ptolemy/actor/lib/test/auto/Assert2.xml
6 ms. Memory: 718848K Free: 427508K (59%)
----------------- Invoking toplevel() on ptolemy.moml.MoMLSimpleApplication@67e9c9f3
----------------- Done invoking toplevel() on ptolemy.moml.MoMLSimpleApplication@67e9c9f3
reloadAllAccessors: .Assert2

===========================================================================================
----------------- testing Mon Jun 11 02:25:25 UTC 2018 /home/travis/build/icyphy/ptII/ptolemy/actor/lib/test/auto/BooleanMultiplexor.xml
----------------- Instantiating /home/travis/build/icyphy/ptII/ptolemy/actor/lib/test/auto/BooleanMultiplexor.xml
4 ms. Memory: 718848K Free: 419207K (58%)
----------------- Invoking toplevel() on ptolemy.moml.MoMLSimpleApplication@1c361e9d
----------------- Done invoking toplevel() on ptolemy.moml.MoMLSimpleApplication@1c361e9d
reloadAllAccessors: .BooleanMultiplexor

===========================================================================================
----------------- testing Mon Jun 11 02:25:25 UTC 2018 /home/travis/build/icyphy/ptII/ptolemy/actor/lib/test/auto/BooleanMultiplexor2.xml
----------------- Instantiating /home/travis/build/icyphy/ptII/ptolemy/actor/lib/test/auto/BooleanMultiplexor2.xml
9 ms. Memory: 718848K Free: 398079K (55%)
----------------- Invoking toplevel() on ptolemy.moml.MoMLSimpleApplication@5099bc20
----------------- Done invoking toplevel() on ptolemy.moml.MoMLSimpleApplication@5099bc20
reloadAllAccessors: .BooleanMultiplexor2

===========================================================================================
----------------- testing Mon Jun 11 02:25:25 UTC 2018 /home/travis/build/icyphy/ptII/ptolemy/actor/lib/test/auto/BooleanMultiplexor3.xml
----------------- Instantiating /home/travis/build/icyphy/ptII/ptolemy/actor/lib/test/auto/BooleanMultiplexor3.xml
2 ms. Memory: 718848K Free: 389778K (54%)
----------------- Invoking toplevel() on ptolemy.moml.MoMLSimpleApplication@1ba2fc8a
----------------- Done invoking toplevel() on ptolemy.moml.MoMLSimpleApplication@1ba2fc8a
reloadAllAccessors: .BooleanMultiplexor3

===========================================================================================
----------------- testing Mon Jun 11 02:25:25 UTC 2018 /home/travis/build/icyphy/ptII/ptolemy/actor/lib/test/auto/BooleanSelect.xml
----------------- Instantiating /home/travis/build/icyphy/ptII/ptolemy/actor/lib/test/auto/BooleanSelect.xml
8 ms. Memory: 718848K Free: 381476K (53%)
----------------- Invoking toplevel() on ptolemy.moml.MoMLSimpleApplication@52d56ef9
----------------- Done invoking toplevel() on ptolemy.moml.MoMLSimpleApplication@52d56ef9
reloadAllAccessors: .BooleanSelect

===========================================================================================
----------------- testing Mon Jun 11 02:25:25 UTC 2018 /home/travis/build/icyphy/ptII/ptolemy/actor/lib/test/auto/BooleanSelect2.xml
----------------- Instantiating /home/travis/build/icyphy/ptII/ptolemy/actor/lib/test/auto/BooleanSelect2.xml
2 ms. Memory: 718848K Free: 373175K (52%)
----------------- Invoking toplevel() on ptolemy.moml.MoMLSimpleApplication@790eb180
----------------- Done invoking toplevel() on ptolemy.moml.MoMLSimpleApplication@790eb180
reloadAllAccessors: .BooleanSelect2

===========================================================================================
----------------- testing Mon Jun 11 02:25:25 UTC 2018 /home/travis/build/icyphy/ptII/ptolemy/actor/lib/test/auto/BooleanSwitch.xml
----------------- Instantiating /home/travis/build/icyphy/ptII/ptolemy/actor/lib/test/auto/BooleanSwitch.xml
4 ms. Memory: 718848K Free: 356205K (50%)
----------------- Invoking toplevel() on ptolemy.moml.MoMLSimpleApplication@2bd9ad59
----------------- Done invoking toplevel() on ptolemy.moml.MoMLSimpleApplication@2bd9ad59
reloadAllAccessors: .BooleanSwitch

===========================================================================================
----------------- testing Mon Jun 11 02:25:25 UTC 2018 /home/travis/build/icyphy/ptII/ptolemy/actor/lib/test/auto/BooleanSwitch2.xml
----------------- Instantiating /home/travis/build/icyphy/ptII/ptolemy/actor/lib/test/auto/BooleanSwitch2.xml
1 ms. Memory: 718848K Free: 347904K (48%)
----------------- Invoking toplevel() on ptolemy.moml.MoMLSimpleApplication@4835edae
----------------- Done invoking toplevel() on ptolemy.moml.MoMLSimpleApplication@4835edae
reloadAllAccessors: .BooleanSwitch2

===========================================================================================
----------------- testing Mon Jun 11 02:25:25 UTC 2018 /home/travis/build/icyphy/ptII/ptolemy/actor/lib/test/auto/BooleanSwitchCloningBugWithClassRelationGroup.xml
----------------- Instantiating /home/travis/build/icyphy/ptII/ptolemy/actor/lib/test/auto/BooleanSwitchCloningBugWithClassRelationGroup.xml
5 ms. Memory: 718848K Free: 335444K (47%)
----------------- Invoking toplevel() on ptolemy.moml.MoMLSimpleApplication@364839bb
----------------- Done invoking toplevel() on ptolemy.moml.MoMLSimpleApplication@364839bb
reloadAllAccessors: .BooleanSwitchCloningBugWithClassRelationGroup

===========================================================================================
----------------- testing Mon Jun 11 02:25:25 UTC 2018 /home/travis/build/icyphy/ptII/ptolemy/actor/lib/test/auto/BusActors.xml
----------------- Instantiating /home/travis/build/icyphy/ptII/ptolemy/actor/lib/test/auto/BusActors.xml
4 ms. Memory: 718848K Free: 322976K (45%)
----------------- Invoking toplevel() on ptolemy.moml.MoMLSimpleApplication@693517ad
----------------- Done invoking toplevel() on ptolemy.moml.MoMLSimpleApplication@693517ad
reloadAllAccessors: .BusActors

===========================================================================================
----------------- testing Mon Jun 11 02:25:25 UTC 2018 /home/travis/build/icyphy/ptII/ptolemy/actor/lib/test/auto/ClassWrapper.xml
----------------- Instantiating /home/travis/build/icyphy/ptII/ptolemy/actor/lib/test/auto/ClassWrapper.xml
2 ms. Memory: 718848K Free: 306006K (43%)
----------------- Invoking toplevel() on ptolemy.moml.MoMLSimpleApplication@308429df
----------------- Done invoking toplevel() on ptolemy.moml.MoMLSimpleApplication@308429df
reloadAllAccessors: .ClassWrapper

===========================================================================================
----------------- testing Mon Jun 11 02:25:25 UTC 2018 /home/travis/build/icyphy/ptII/ptolemy/actor/lib/test/auto/Clock.xml
----------------- Instantiating /home/travis/build/icyphy/ptII/ptolemy/actor/lib/test/auto/Clock.xml
2 ms. Memory: 718848K Free: 297705K (41%)
----------------- Invoking toplevel() on ptolemy.moml.MoMLSimpleApplication@79e6b110
----------------- Done invoking toplevel() on ptolemy.moml.MoMLSimpleApplication@79e6b110
reloadAllAccessors: .Clock

===========================================================================================
----------------- testing Mon Jun 11 02:25:25 UTC 2018 /home/travis/build/icyphy/ptII/ptolemy/actor/lib/test/auto/Clock10.xml
----------------- Instantiating /home/travis/build/icyphy/ptII/ptolemy/actor/lib/test/auto/Clock10.xml
4 ms. Memory: 718848K Free: 289404K (40%)
----------------- Invoking toplevel() on ptolemy.moml.MoMLSimpleApplication@46006553
----------------- Done invoking toplevel() on ptolemy.moml.MoMLSimpleApplication@46006553
reloadAllAccessors: .Clock10

===========================================================================================
----------------- testing Mon Jun 11 02:25:25 UTC 2018 /home/travis/build/icyphy/ptII/ptolemy/actor/lib/test/auto/Clock11.xml
----------------- Instantiating /home/travis/build/icyphy/ptII/ptolemy/actor/lib/test/auto/Clock11.xml
6 ms. Memory: 718848K Free: 281103K (39%)
----------------- Invoking toplevel() on ptolemy.moml.MoMLSimpleApplication@3ed6f476
----------------- Done invoking toplevel() on ptolemy.moml.MoMLSimpleApplication@3ed6f476
reloadAllAccessors: .Clock11

===========================================================================================
----------------- testing Mon Jun 11 02:25:25 UTC 2018 /home/travis/build/icyphy/ptII/ptolemy/actor/lib/test/auto/Clock12.xml
----------------- Instantiating /home/travis/build/icyphy/ptII/ptolemy/actor/lib/test/auto/Clock12.xml
5 ms. Memory: 718848K Free: 264133K (37%)
----------------- Invoking toplevel() on ptolemy.moml.MoMLSimpleApplication@7157a98c
----------------- Done invoking toplevel() on ptolemy.moml.MoMLSimpleApplication@7157a98c
reloadAllAccessors: .Clock12

===========================================================================================
----------------- testing Mon Jun 11 02:25:25 UTC 2018 /home/travis/build/icyphy/ptII/ptolemy/actor/lib/test/auto/Clock13.xml
----------------- Instantiating /home/travis/build/icyphy/ptII/ptolemy/actor/lib/test/auto/Clock13.xml
3 ms. Memory: 718848K Free: 255832K (36%)
----------------- Invoking toplevel() on ptolemy.moml.MoMLSimpleApplication@27a6bd35
----------------- Done invoking toplevel() on ptolemy.moml.MoMLSimpleApplication@27a6bd35
reloadAllAccessors: .Clock13

===========================================================================================
----------------- testing Mon Jun 11 02:25:25 UTC 2018 /home/travis/build/icyphy/ptII/ptolemy/actor/lib/test/auto/Clock14.xml
----------------- Instantiating /home/travis/build/icyphy/ptII/ptolemy/actor/lib/test/auto/Clock14.xml
14 ms. Memory: 718848K Free: 247531K (34%)
----------------- Invoking toplevel() on ptolemy.moml.MoMLSimpleApplication@e779e9
----------------- Done invoking toplevel() on ptolemy.moml.MoMLSimpleApplication@e779e9
reloadAllAccessors: .Clock14

===========================================================================================
----------------- testing Mon Jun 11 02:25:25 UTC 2018 /home/travis/build/icyphy/ptII/ptolemy/actor/lib/test/auto/Clock15.xml
----------------- Instantiating /home/travis/build/icyphy/ptII/ptolemy/actor/lib/test/auto/Clock15.xml
2 ms. Memory: 718848K Free: 239229K (33%)
----------------- Invoking toplevel() on ptolemy.moml.MoMLSimpleApplication@3e9b7a2b
----------------- Done invoking toplevel() on ptolemy.moml.MoMLSimpleApplication@3e9b7a2b
reloadAllAccessors: .Clock15

===========================================================================================
----------------- testing Mon Jun 11 02:25:25 UTC 2018 /home/travis/build/icyphy/ptII/ptolemy/actor/lib/test/auto/Clock16.xml
----------------- Instantiating /home/travis/build/icyphy/ptII/ptolemy/actor/lib/test/auto/Clock16.xml
34 ms. Memory: 718848K Free: 213942K (30%)
----------------- Invoking toplevel() on ptolemy.moml.MoMLSimpleApplication@69184b6c
----------------- Done invoking toplevel() on ptolemy.moml.MoMLSimpleApplication@69184b6c
reloadAllAccessors: .Clock16

===========================================================================================
----------------- testing Mon Jun 11 02:25:26 UTC 2018 /home/travis/build/icyphy/ptII/ptolemy/actor/lib/test/auto/Clock17.xml
----------------- Instantiating /home/travis/build/icyphy/ptII/ptolemy/actor/lib/test/auto/Clock17.xml
15 ms. Memory: 718848K Free: 197324K (27%)
----------------- Invoking toplevel() on ptolemy.moml.MoMLSimpleApplication@4c1f90dc
----------------- Done invoking toplevel() on ptolemy.moml.MoMLSimpleApplication@4c1f90dc
reloadAllAccessors: .Clock17

===========================================================================================
----------------- testing Mon Jun 11 02:25:26 UTC 2018 /home/travis/build/icyphy/ptII/ptolemy/actor/lib/test/auto/Clock18.xml
----------------- Instantiating /home/travis/build/icyphy/ptII/ptolemy/actor/lib/test/auto/Clock18.xml
19 ms. Memory: 718848K Free: 180697K (25%)
----------------- Invoking toplevel() on ptolemy.moml.MoMLSimpleApplication@a54f1cf
----------------- Done invoking toplevel() on ptolemy.moml.MoMLSimpleApplication@a54f1cf
reloadAllAccessors: .Clock18

===========================================================================================
----------------- testing Mon Jun 11 02:25:26 UTC 2018 /home/travis/build/icyphy/ptII/ptolemy/actor/lib/test/auto/Clock19.xml
----------------- Instantiating /home/travis/build/icyphy/ptII/ptolemy/actor/lib/test/auto/Clock19.xml
11 ms. Memory: 718848K Free: 155410K (22%)
----------------- Invoking toplevel() on ptolemy.moml.MoMLSimpleApplication@da3b997
----------------- Done invoking toplevel() on ptolemy.moml.MoMLSimpleApplication@da3b997
reloadAllAccessors: .Clock19

===========================================================================================
----------------- testing Mon Jun 11 02:25:26 UTC 2018 /home/travis/build/icyphy/ptII/ptolemy/actor/lib/test/auto/Clock2.xml
----------------- Instantiating /home/travis/build/icyphy/ptII/ptolemy/actor/lib/test/auto/Clock2.xml
7 ms. Memory: 718848K Free: 147109K (20%)
----------------- Invoking toplevel() on ptolemy.moml.MoMLSimpleApplication@42e8c63a
----------------- Done invoking toplevel() on ptolemy.moml.MoMLSimpleApplication@42e8c63a
reloadAllAccessors: .Clock2

===========================================================================================
----------------- testing Mon Jun 11 02:25:26 UTC 2018 /home/travis/build/icyphy/ptII/ptolemy/actor/lib/test/auto/Clock20.xml
----------------- Instantiating /home/travis/build/icyphy/ptII/ptolemy/actor/lib/test/auto/Clock20.xml
9 ms. Memory: 718848K Free: 138808K (19%)
----------------- Invoking toplevel() on ptolemy.moml.MoMLSimpleApplication@119822db
----------------- Done invoking toplevel() on ptolemy.moml.MoMLSimpleApplication@119822db
reloadAllAccessors: .Clock20

===========================================================================================
----------------- testing Mon Jun 11 02:25:26 UTC 2018 /home/travis/build/icyphy/ptII/ptolemy/actor/lib/test/auto/Clock21.xml
----------------- Instantiating /home/travis/build/icyphy/ptII/ptolemy/actor/lib/test/auto/Clock21.xml
7 ms. Memory: 718848K Free: 130506K (18%)
----------------- Invoking toplevel() on ptolemy.moml.MoMLSimpleApplication@7acac30
----------------- Done invoking toplevel() on ptolemy.moml.MoMLSimpleApplication@7acac30
reloadAllAccessors: .Clock21

===========================================================================================
----------------- testing Mon Jun 11 02:25:26 UTC 2018 /home/travis/build/icyphy/ptII/ptolemy/actor/lib/test/auto/Clock22.xml
----------------- Instantiating /home/travis/build/icyphy/ptII/ptolemy/actor/lib/test/auto/Clock22.xml
7 ms. Memory: 718848K Free: 113537K (16%)
----------------- Invoking toplevel() on ptolemy.moml.MoMLSimpleApplication@636d642
----------------- Done invoking toplevel() on ptolemy.moml.MoMLSimpleApplication@636d642
reloadAllAccessors: .Clock22

===========================================================================================
----------------- testing Mon Jun 11 02:25:26 UTC 2018 /home/travis/build/icyphy/ptII/ptolemy/actor/lib/test/auto/Clock23.xml
----------------- Instantiating /home/travis/build/icyphy/ptII/ptolemy/actor/lib/test/auto/Clock23.xml
8 ms. Memory: 718848K Free: 105236K (15%)
----------------- Invoking toplevel() on ptolemy.moml.MoMLSimpleApplication@49ba2478
----------------- Done invoking toplevel() on ptolemy.moml.MoMLSimpleApplication@49ba2478
reloadAllAccessors: .Clock23

===========================================================================================
----------------- testing Mon Jun 11 02:25:26 UTC 2018 /home/travis/build/icyphy/ptII/ptolemy/actor/lib/test/auto/Clock24.xml
----------------- Instantiating /home/travis/build/icyphy/ptII/ptolemy/actor/lib/test/auto/Clock24.xml
7 ms. Memory: 718848K Free: 96934K (13%)
----------------- Invoking toplevel() on ptolemy.moml.MoMLSimpleApplication@686e0db0
----------------- Done invoking toplevel() on ptolemy.moml.MoMLSimpleApplication@686e0db0
reloadAllAccessors: .Clock24

===========================================================================================
----------------- testing Mon Jun 11 02:25:26 UTC 2018 /home/travis/build/icyphy/ptII/ptolemy/actor/lib/test/auto/Clock4.xml
----------------- Instantiating /home/travis/build/icyphy/ptII/ptolemy/actor/lib/test/auto/Clock4.xml
6 ms. Memory: 718848K Free: 88633K (12%)
----------------- Invoking toplevel() on ptolemy.moml.MoMLSimpleApplication@8500a8c
----------------- Done invoking toplevel() on ptolemy.moml.MoMLSimpleApplication@8500a8c
reloadAllAccessors: .Clock4

===========================================================================================
----------------- testing Mon Jun 11 02:25:26 UTC 2018 /home/travis/build/icyphy/ptII/ptolemy/actor/lib/test/auto/Clock5.xml
----------------- Instantiating /home/travis/build/icyphy/ptII/ptolemy/actor/lib/test/auto/Clock5.xml
2 ms. Memory: 718848K Free: 71664K (10%)
----------------- Invoking toplevel() on ptolemy.moml.MoMLSimpleApplication@19e79d63
----------------- Done invoking toplevel() on ptolemy.moml.MoMLSimpleApplication@19e79d63
reloadAllAccessors: .Clock5

===========================================================================================
----------------- testing Mon Jun 11 02:25:26 UTC 2018 /home/travis/build/icyphy/ptII/ptolemy/actor/lib/test/auto/Clock6.xml
----------------- Instantiating /home/travis/build/icyphy/ptII/ptolemy/actor/lib/test/auto/Clock6.xml
2 ms. Memory: 718848K Free: 63362K (9%)
----------------- Invoking toplevel() on ptolemy.moml.MoMLSimpleApplication@245810ce
----------------- Done invoking toplevel() on ptolemy.moml.MoMLSimpleApplication@245810ce
reloadAllAccessors: .Clock6

===========================================================================================
----------------- testing Mon Jun 11 02:25:26 UTC 2018 /home/travis/build/icyphy/ptII/ptolemy/actor/lib/test/auto/Clock7.xml
----------------- Instantiating /home/travis/build/icyphy/ptII/ptolemy/actor/lib/test/auto/Clock7.xml
2 ms. Memory: 718848K Free: 57073K (8%)
----------------- Invoking toplevel() on ptolemy.moml.MoMLSimpleApplication@17e46e9d
----------------- Done invoking toplevel() on ptolemy.moml.MoMLSimpleApplication@17e46e9d
reloadAllAccessors: .Clock7

===========================================================================================
----------------- testing Mon Jun 11 02:25:26 UTC 2018 /home/travis/build/icyphy/ptII/ptolemy/actor/lib/test/auto/Clock8.xml
----------------- Instantiating /home/travis/build/icyphy/ptII/ptolemy/actor/lib/test/auto/Clock8.xml
8 ms. Memory: 719360K Free: 673346K (94%)
----------------- Invoking toplevel() on ptolemy.moml.MoMLSimpleApplication@36e18c67
----------------- Done invoking toplevel() on ptolemy.moml.MoMLSimpleApplication@36e18c67
reloadAllAccessors: .Clock8

===========================================================================================
----------------- testing Mon Jun 11 02:25:26 UTC 2018 /home/travis/build/icyphy/ptII/ptolemy/actor/lib/test/auto/Clock9.xml
----------------- Instantiating /home/travis/build/icyphy/ptII/ptolemy/actor/lib/test/auto/Clock9.xml
2 ms. Memory: 719360K Free: 658637K (92%)
----------------- Invoking toplevel() on ptolemy.moml.MoMLSimpleApplication@5590e856
----------------- Done invoking toplevel() on ptolemy.moml.MoMLSimpleApplication@5590e856
reloadAllAccessors: .Clock9

===========================================================================================
----------------- testing Mon Jun 11 02:25:26 UTC 2018 /home/travis/build/icyphy/ptII/ptolemy/actor/lib/test/auto/CommDistDiscard.xml
----------------- Instantiating /home/travis/build/icyphy/ptII/ptolemy/actor/lib/test/auto/CommDistDiscard.xml
3 ms. Memory: 719360K Free: 650335K (90%)
----------------- Invoking toplevel() on ptolemy.moml.MoMLSimpleApplication@5944a528
----------------- Done invoking toplevel() on ptolemy.moml.MoMLSimpleApplication@5944a528
reloadAllAccessors: .CommDistDiscard

===========================================================================================
----------------- testing Mon Jun 11 02:25:26 UTC 2018 /home/travis/build/icyphy/ptII/ptolemy/actor/lib/test/auto/Commutator.xml
----------------- Instantiating /home/travis/build/icyphy/ptII/ptolemy/actor/lib/test/auto/Commutator.xml
1 ms. Memory: 719360K Free: 635626K (88%)
----------------- Invoking toplevel() on ptolemy.moml.MoMLSimpleApplication@49da1e75
----------------- Done invoking toplevel() on ptolemy.moml.MoMLSimpleApplication@49da1e75
reloadAllAccessors: .Commutator

===========================================================================================
----------------- testing Mon Jun 11 02:25:26 UTC 2018 /home/travis/build/icyphy/ptII/ptolemy/actor/lib/test/auto/Commutator2.xml
----------------- Instantiating /home/travis/build/icyphy/ptII/ptolemy/actor/lib/test/auto/Commutator2.xml
2 ms. Memory: 719360K Free: 627324K (87%)
----------------- Invoking toplevel() on ptolemy.moml.MoMLSimpleApplication@1c8736c
----------------- Done invoking toplevel() on ptolemy.moml.MoMLSimpleApplication@1c8736c
reloadAllAccessors: .Commutator2

===========================================================================================
----------------- testing Mon Jun 11 02:25:26 UTC 2018 /home/travis/build/icyphy/ptII/ptolemy/actor/lib/test/auto/Commutator3.xml
----------------- Instantiating /home/travis/build/icyphy/ptII/ptolemy/actor/lib/test/auto/Commutator3.xml
2 ms. Memory: 719360K Free: 619023K (86%)
----------------- Invoking toplevel() on ptolemy.moml.MoMLSimpleApplication@cf81d8c
----------------- Done invoking toplevel() on ptolemy.moml.MoMLSimpleApplication@cf81d8c
reloadAllAccessors: .Commutator3

===========================================================================================
----------------- testing Mon Jun 11 02:25:26 UTC 2018 /home/travis/build/icyphy/ptII/ptolemy/actor/lib/test/auto/Compare.xml
----------------- Instantiating /home/travis/build/icyphy/ptII/ptolemy/actor/lib/test/auto/Compare.xml
2 ms. Memory: 719360K Free: 600146K (83%)
----------------- Invoking toplevel() on ptolemy.moml.MoMLSimpleApplication@1aa5e2d4
----------------- Done invoking toplevel() on ptolemy.moml.MoMLSimpleApplication@1aa5e2d4
reloadAllAccessors: .Compare

===========================================================================================
----------------- testing Mon Jun 11 02:25:26 UTC 2018 /home/travis/build/icyphy/ptII/ptolemy/actor/lib/test/auto/CompareDE.xml
----------------- Instantiating /home/travis/build/icyphy/ptII/ptolemy/actor/lib/test/auto/CompareDE.xml
4 ms. Memory: 719360K Free: 587679K (82%)
----------------- Invoking toplevel() on ptolemy.moml.MoMLSimpleApplication@31d22709
----------------- Done invoking toplevel() on ptolemy.moml.MoMLSimpleApplication@31d22709
reloadAllAccessors: .CompareDE

===========================================================================================
----------------- testing Mon Jun 11 02:25:26 UTC 2018 /home/travis/build/icyphy/ptII/ptolemy/actor/lib/test/auto/ComplexDivide.xml
----------------- Instantiating /home/travis/build/icyphy/ptII/ptolemy/actor/lib/test/auto/ComplexDivide.xml
1 ms. Memory: 719360K Free: 579377K (81%)
----------------- Invoking toplevel() on ptolemy.moml.MoMLSimpleApplication@71b843b9
----------------- Done invoking toplevel() on ptolemy.moml.MoMLSimpleApplication@71b843b9
reloadAllAccessors: .ComplexDivide

===========================================================================================
----------------- testing Mon Jun 11 02:25:26 UTC 2018 /home/travis/build/icyphy/ptII/ptolemy/actor/lib/test/auto/ComputeHistogram.xml
----------------- Instantiating /home/travis/build/icyphy/ptII/ptolemy/actor/lib/test/auto/ComputeHistogram.xml
39 ms. Memory: 719360K Free: 556350K (77%)
----------------- Invoking toplevel() on ptolemy.moml.MoMLSimpleApplication@5538c2d3
----------------- Done invoking toplevel() on ptolemy.moml.MoMLSimpleApplication@5538c2d3
reloadAllAccessors: .ComputeHistogram

===========================================================================================
----------------- testing Mon Jun 11 02:25:26 UTC 2018 /home/travis/build/icyphy/ptII/ptolemy/actor/lib/test/auto/ConfigurationSelect.xml
----------------- Instantiating /home/travis/build/icyphy/ptII/ptolemy/actor/lib/test/auto/ConfigurationSelect.xml
3 ms. Memory: 719360K Free: 548049K (76%)
----------------- Invoking toplevel() on ptolemy.moml.MoMLSimpleApplication@69c68b77
----------------- Done invoking toplevel() on ptolemy.moml.MoMLSimpleApplication@69c68b77
reloadAllAccessors: .ConfigurationSelect

===========================================================================================
----------------- testing Mon Jun 11 02:25:26 UTC 2018 /home/travis/build/icyphy/ptII/ptolemy/actor/lib/test/auto/ConfigurationSelect2.xml
----------------- Instantiating /home/travis/build/icyphy/ptII/ptolemy/actor/lib/test/auto/ConfigurationSelect2.xml
2 ms. Memory: 719360K Free: 539748K (75%)
----------------- Invoking toplevel() on ptolemy.moml.MoMLSimpleApplication@6c92f748
----------------- Done invoking toplevel() on ptolemy.moml.MoMLSimpleApplication@6c92f748
reloadAllAccessors: .ConfigurationSelect2

===========================================================================================
----------------- testing Mon Jun 11 02:25:26 UTC 2018 /home/travis/build/icyphy/ptII/ptolemy/actor/lib/test/auto/ConfigurationSwitch.xml
----------------- Instantiating /home/travis/build/icyphy/ptII/ptolemy/actor/lib/test/auto/ConfigurationSwitch.xml
2 ms. Memory: 719360K Free: 525038K (73%)
----------------- Invoking toplevel() on ptolemy.moml.MoMLSimpleApplication@1c0250cc
----------------- Done invoking toplevel() on ptolemy.moml.MoMLSimpleApplication@1c0250cc
reloadAllAccessors: .ConfigurationSwitch

===========================================================================================
----------------- testing Mon Jun 11 02:25:26 UTC 2018 /home/travis/build/icyphy/ptII/ptolemy/actor/lib/test/auto/ConfigurationSwitch2.xml
----------------- Instantiating /home/travis/build/icyphy/ptII/ptolemy/actor/lib/test/auto/ConfigurationSwitch2.xml
3 ms. Memory: 719360K Free: 516737K (72%)
----------------- Invoking toplevel() on ptolemy.moml.MoMLSimpleApplication@5fe40afd
----------------- Done invoking toplevel() on ptolemy.moml.MoMLSimpleApplication@5fe40afd
reloadAllAccessors: .ConfigurationSwitch2

===========================================================================================
----------------- testing Mon Jun 11 02:25:26 UTC 2018 /home/travis/build/icyphy/ptII/ptolemy/actor/lib/test/auto/ConfigurationSwitchCloningBugWithClassRelationGroup.xml
----------------- Instantiating /home/travis/build/icyphy/ptII/ptolemy/actor/lib/test/auto/ConfigurationSwitchCloningBugWithClassRelationGroup.xml
1 ms. Memory: 719360K Free: 504269K (70%)
----------------- Invoking toplevel() on ptolemy.moml.MoMLSimpleApplication@4b3b6b64
----------------- Done invoking toplevel() on ptolemy.moml.MoMLSimpleApplication@4b3b6b64
reloadAllAccessors: .ConfigurationSwitchCloningBugWithClassRelationGroup

===========================================================================================
----------------- testing Mon Jun 11 02:25:26 UTC 2018 /home/travis/build/icyphy/ptII/ptolemy/actor/lib/test/auto/ConfigurationSwitchSelectSDF.xml
----------------- Instantiating /home/travis/build/icyphy/ptII/ptolemy/actor/lib/test/auto/ConfigurationSwitchSelectSDF.xml
3 ms. Memory: 719360K Free: 489559K (68%)
----------------- Invoking toplevel() on ptolemy.moml.MoMLSimpleApplication@7960a41
----------------- Done invoking toplevel() on ptolemy.moml.MoMLSimpleApplication@7960a41
reloadAllAccessors: .ConfigurationSwitchSelectSDF

===========================================================================================
----------------- testing Mon Jun 11 02:25:27 UTC 2018 /home/travis/build/icyphy/ptII/ptolemy/actor/lib/test/auto/ConfigurationSwitchSelectSDF2.xml
----------------- Instantiating /home/travis/build/icyphy/ptII/ptolemy/actor/lib/test/auto/ConfigurationSwitchSelectSDF2.xml
3 ms. Memory: 719360K Free: 481258K (67%)
----------------- Invoking toplevel() on ptolemy.moml.MoMLSimpleApplication@7b9b4b42
----------------- Done invoking toplevel() on ptolemy.moml.MoMLSimpleApplication@7b9b4b42
reloadAllAccessors: .ConfigurationSwitchSelectSDF2

===========================================================================================
----------------- testing Mon Jun 11 02:25:27 UTC 2018 /home/travis/build/icyphy/ptII/ptolemy/actor/lib/test/auto/Const.xml
----------------- Instantiating /home/travis/build/icyphy/ptII/ptolemy/actor/lib/test/auto/Const.xml
1 ms. Memory: 719360K Free: 466548K (65%)
----------------- Invoking toplevel() on ptolemy.moml.MoMLSimpleApplication@5106852c
----------------- Done invoking toplevel() on ptolemy.moml.MoMLSimpleApplication@5106852c
reloadAllAccessors: .Const

===========================================================================================
----------------- testing Mon Jun 11 02:25:27 UTC 2018 /home/travis/build/icyphy/ptII/ptolemy/actor/lib/test/auto/Const2.xml
----------------- Instantiating /home/travis/build/icyphy/ptII/ptolemy/actor/lib/test/auto/Const2.xml
1 ms. Memory: 719360K Free: 458247K (64%)
----------------- Invoking toplevel() on ptolemy.moml.MoMLSimpleApplication@5160a252
----------------- Done invoking toplevel() on ptolemy.moml.MoMLSimpleApplication@5160a252
reloadAllAccessors: .Const2

===========================================================================================
----------------- testing Mon Jun 11 02:25:27 UTC 2018 /home/travis/build/icyphy/ptII/ptolemy/actor/lib/test/auto/Const3.xml
----------------- Instantiating /home/travis/build/icyphy/ptII/ptolemy/actor/lib/test/auto/Const3.xml
1 ms. Memory: 719360K Free: 449946K (63%)
----------------- Invoking toplevel() on ptolemy.moml.MoMLSimpleApplication@1bd3791d
----------------- Done invoking toplevel() on ptolemy.moml.MoMLSimpleApplication@1bd3791d
reloadAllAccessors: .Const3

===========================================================================================
----------------- testing Mon Jun 11 02:25:27 UTC 2018 /home/travis/build/icyphy/ptII/ptolemy/actor/lib/test/auto/ConstantPublisherPort1.xml
----------------- Instantiating /home/travis/build/icyphy/ptII/ptolemy/actor/lib/test/auto/ConstantPublisherPort1.xml
9 ms. Memory: 719360K Free: 431070K (60%)
----------------- Invoking toplevel() on ptolemy.moml.MoMLSimpleApplication@79a642ee
----------------- Done invoking toplevel() on ptolemy.moml.MoMLSimpleApplication@79a642ee
reloadAllAccessors: .ConstantPublisherPort1

===========================================================================================
----------------- testing Mon Jun 11 02:25:27 UTC 2018 /home/travis/build/icyphy/ptII/ptolemy/actor/lib/test/auto/ConstantPublisherPort2.xml
----------------- Instantiating /home/travis/build/icyphy/ptII/ptolemy/actor/lib/test/auto/ConstantPublisherPort2.xml
9 ms. Memory: 719360K Free: 418602K (58%)
----------------- Invoking toplevel() on ptolemy.moml.MoMLSimpleApplication@60874e9c
----------------- Done invoking toplevel() on ptolemy.moml.MoMLSimpleApplication@60874e9c
reloadAllAccessors: .ConstantPublisherPort2

===========================================================================================
----------------- testing Mon Jun 11 02:25:27 UTC 2018 /home/travis/build/icyphy/ptII/ptolemy/actor/lib/test/auto/ConstantPublisherPort3.xml
----------------- Instantiating /home/travis/build/icyphy/ptII/ptolemy/actor/lib/test/auto/ConstantPublisherPort3.xml
6 ms. Memory: 719360K Free: 406142K (56%)
----------------- Invoking toplevel() on ptolemy.moml.MoMLSimpleApplication@154c117a
----------------- Done invoking toplevel() on ptolemy.moml.MoMLSimpleApplication@154c117a
reloadAllAccessors: .ConstantPublisherPort3

===========================================================================================
----------------- testing Mon Jun 11 02:25:27 UTC 2018 /home/travis/build/icyphy/ptII/ptolemy/actor/lib/test/auto/ConstantPublisherPort4.xml
----------------- Instantiating /home/travis/build/icyphy/ptII/ptolemy/actor/lib/test/auto/ConstantPublisherPort4.xml
5 ms. Memory: 719360K Free: 387266K (54%)
----------------- Invoking toplevel() on ptolemy.moml.MoMLSimpleApplication@7631a692
----------------- Done invoking toplevel() on ptolemy.moml.MoMLSimpleApplication@7631a692
reloadAllAccessors: .ConstantPublisherPort4

===========================================================================================
----------------- testing Mon Jun 11 02:25:27 UTC 2018 /home/travis/build/icyphy/ptII/ptolemy/actor/lib/test/auto/ConstantPublisherPort5.xml
----------------- Instantiating /home/travis/build/icyphy/ptII/ptolemy/actor/lib/test/auto/ConstantPublisherPort5.xml
21 ms. Memory: 719360K Free: 366497K (51%)
----------------- Invoking toplevel() on ptolemy.moml.MoMLSimpleApplication@5e706c87
----------------- Done invoking toplevel() on ptolemy.moml.MoMLSimpleApplication@5e706c87
reloadAllAccessors: .ConstantPublisherPort5

===========================================================================================
----------------- testing Mon Jun 11 02:25:27 UTC 2018 /home/travis/build/icyphy/ptII/ptolemy/actor/lib/test/auto/ConstantPublisherPort6.xml
----------------- Instantiating /home/travis/build/icyphy/ptII/ptolemy/actor/lib/test/auto/ConstantPublisherPort6.xml
22 ms. Memory: 719360K Free: 341577K (47%)
----------------- Invoking toplevel() on ptolemy.moml.MoMLSimpleApplication@5ccd6701
----------------- Done invoking toplevel() on ptolemy.moml.MoMLSimpleApplication@5ccd6701
reloadAllAccessors: .ConstantPublisherPort6

===========================================================================================
----------------- testing Mon Jun 11 02:25:27 UTC 2018 /home/travis/build/icyphy/ptII/ptolemy/actor/lib/test/auto/ConstantPublisherPort7.xml
----------------- Instantiating /home/travis/build/icyphy/ptII/ptolemy/actor/lib/test/auto/ConstantPublisherPort7.xml
19 ms. Memory: 719360K Free: 310249K (43%)
----------------- Invoking toplevel() on ptolemy.moml.MoMLSimpleApplication@4c6f9912
----------------- Done invoking toplevel() on ptolemy.moml.MoMLSimpleApplication@4c6f9912
reloadAllAccessors: .ConstantPublisherPort7

===========================================================================================
----------------- testing Mon Jun 11 02:25:27 UTC 2018 /home/travis/build/icyphy/ptII/ptolemy/actor/lib/test/auto/ConstraintMonitor1.xml
----------------- Instantiating /home/travis/build/icyphy/ptII/ptolemy/actor/lib/test/auto/ConstraintMonitor1.xml
4 ms. Memory: 719360K Free: 301947K (42%)
----------------- Invoking toplevel() on ptolemy.moml.MoMLSimpleApplication@12eb57e7
----------------- Done invoking toplevel() on ptolemy.moml.MoMLSimpleApplication@12eb57e7
reloadAllAccessors: .ConstraintMonitor1

===========================================================================================
----------------- testing Mon Jun 11 02:25:27 UTC 2018 /home/travis/build/icyphy/ptII/ptolemy/actor/lib/test/auto/ConstraintMonitor2.xml
----------------- Instantiating /home/travis/build/icyphy/ptII/ptolemy/actor/lib/test/auto/ConstraintMonitor2.xml
6 ms. Memory: 719360K Free: 293646K (41%)
----------------- Invoking toplevel() on ptolemy.moml.MoMLSimpleApplication@84bf6b3
----------------- Done invoking toplevel() on ptolemy.moml.MoMLSimpleApplication@84bf6b3
reloadAllAccessors: .ConstraintMonitor2

===========================================================================================
----------------- testing Mon Jun 11 02:25:27 UTC 2018 /home/travis/build/icyphy/ptII/ptolemy/actor/lib/test/auto/ConstraintMonitor3.xml
----------------- Instantiating /home/travis/build/icyphy/ptII/ptolemy/actor/lib/test/auto/ConstraintMonitor3.xml
2 ms. Memory: 719360K Free: 278936K (39%)
----------------- Invoking toplevel() on ptolemy.moml.MoMLSimpleApplication@7d911a0d
----------------- Done invoking toplevel() on ptolemy.moml.MoMLSimpleApplication@7d911a0d
reloadAllAccessors: .ConstraintMonitor3

===========================================================================================
----------------- testing Mon Jun 11 02:25:27 UTC 2018 /home/travis/build/icyphy/ptII/ptolemy/actor/lib/test/auto/ConstraintMonitor4.xml
----------------- Instantiating /home/travis/build/icyphy/ptII/ptolemy/actor/lib/test/auto/ConstraintMonitor4.xml
6 ms. Memory: 719360K Free: 270635K (38%)
----------------- Invoking toplevel() on ptolemy.moml.MoMLSimpleApplication@402bd3b3
----------------- Done invoking toplevel() on ptolemy.moml.MoMLSimpleApplication@402bd3b3
reloadAllAccessors: .ConstraintMonitor4

===========================================================================================
----------------- testing Mon Jun 11 02:25:27 UTC 2018 /home/travis/build/icyphy/ptII/ptolemy/actor/lib/test/auto/ConstraintMonitor5.xml
----------------- Instantiating /home/travis/build/icyphy/ptII/ptolemy/actor/lib/test/auto/ConstraintMonitor5.xml
1 ms. Memory: 719360K Free: 255925K (36%)
----------------- Invoking toplevel() on ptolemy.moml.MoMLSimpleApplication@109e6c
----------------- Done invoking toplevel() on ptolemy.moml.MoMLSimpleApplication@109e6c
reloadAllAccessors: .ConstraintMonitor5

===========================================================================================
----------------- testing Mon Jun 11 02:25:27 UTC 2018 /home/travis/build/icyphy/ptII/ptolemy/actor/lib/test/auto/ConstraintMonitor6.xml
----------------- Instantiating /home/travis/build/icyphy/ptII/ptolemy/actor/lib/test/auto/ConstraintMonitor6.xml
2 ms. Memory: 719360K Free: 247624K (34%)
----------------- Invoking toplevel() on ptolemy.moml.MoMLSimpleApplication@72e84ce8
----------------- Done invoking toplevel() on ptolemy.moml.MoMLSimpleApplication@72e84ce8
reloadAllAccessors: .ConstraintMonitor6

===========================================================================================
----------------- testing Mon Jun 11 02:25:27 UTC 2018 /home/travis/build/icyphy/ptII/ptolemy/actor/lib/test/auto/ConstraintMonitor7.xml
----------------- Instantiating /home/travis/build/icyphy/ptII/ptolemy/actor/lib/test/auto/ConstraintMonitor7.xml
8 ms. Memory: 719360K Free: 235156K (33%)
----------------- Invoking toplevel() on ptolemy.moml.MoMLSimpleApplication@6f073030
----------------- Done invoking toplevel() on ptolemy.moml.MoMLSimpleApplication@6f073030
reloadAllAccessors: .ConstraintMonitor7

===========================================================================================
----------------- testing Mon Jun 11 02:25:27 UTC 2018 /home/travis/build/icyphy/ptII/ptolemy/actor/lib/test/auto/ConstraintMonitor8.xml
----------------- Instantiating /home/travis/build/icyphy/ptII/ptolemy/actor/lib/test/auto/ConstraintMonitor8.xml
8 ms. Memory: 719360K Free: 216280K (30%)
----------------- Invoking toplevel() on ptolemy.moml.MoMLSimpleApplication@3bf6580
----------------- Done invoking toplevel() on ptolemy.moml.MoMLSimpleApplication@3bf6580
reloadAllAccessors: .ConstraintMonitor8

===========================================================================================
----------------- testing Mon Jun 11 02:25:27 UTC 2018 /home/travis/build/icyphy/ptII/ptolemy/actor/lib/test/auto/Counter.xml
----------------- Instantiating /home/travis/build/icyphy/ptII/ptolemy/actor/lib/test/auto/Counter.xml
3 ms. Memory: 719360K Free: 207979K (29%)
----------------- Invoking toplevel() on ptolemy.moml.MoMLSimpleApplication@13dcf6a1
----------------- Done invoking toplevel() on ptolemy.moml.MoMLSimpleApplication@13dcf6a1
reloadAllAccessors: .Counter

===========================================================================================
----------------- testing Mon Jun 11 02:25:27 UTC 2018 /home/travis/build/icyphy/ptII/ptolemy/actor/lib/test/auto/CurrentTimeSDF.xml
----------------- Instantiating /home/travis/build/icyphy/ptII/ptolemy/actor/lib/test/auto/CurrentTimeSDF.xml
2 ms. Memory: 719360K Free: 199677K (28%)
----------------- Invoking toplevel() on ptolemy.moml.MoMLSimpleApplication@4ef4f768
----------------- Done invoking toplevel() on ptolemy.moml.MoMLSimpleApplication@4ef4f768
reloadAllAccessors: .CurrentTimeSDF

===========================================================================================
----------------- testing Mon Jun 11 02:25:27 UTC 2018 /home/travis/build/icyphy/ptII/ptolemy/actor/lib/test/auto/DB.xml
----------------- Instantiating /home/travis/build/icyphy/ptII/ptolemy/actor/lib/test/auto/DB.xml
2 ms. Memory: 719360K Free: 184968K (26%)
----------------- Invoking toplevel() on ptolemy.moml.MoMLSimpleApplication@7c66f381
----------------- Done invoking toplevel() on ptolemy.moml.MoMLSimpleApplication@7c66f381
reloadAllAccessors: .DB

===========================================================================================
----------------- testing Mon Jun 11 02:25:27 UTC 2018 /home/travis/build/icyphy/ptII/ptolemy/actor/lib/test/auto/DBDE.xml
----------------- Instantiating /home/travis/build/icyphy/ptII/ptolemy/actor/lib/test/auto/DBDE.xml
4 ms. Memory: 719360K Free: 176667K (25%)
----------------- Invoking toplevel() on ptolemy.moml.MoMLSimpleApplication@2737dee0
----------------- Done invoking toplevel() on ptolemy.moml.MoMLSimpleApplication@2737dee0
reloadAllAccessors: .DBDE

===========================================================================================
----------------- testing Mon Jun 11 02:25:27 UTC 2018 /home/travis/build/icyphy/ptII/ptolemy/actor/lib/test/auto/DateConstructor.xml
----------------- Instantiating /home/travis/build/icyphy/ptII/ptolemy/actor/lib/test/auto/DateConstructor.xml
19 ms. Memory: 719360K Free: 155865K (22%)
----------------- Invoking toplevel() on ptolemy.moml.MoMLSimpleApplication@47d8f543
----------------- Done invoking toplevel() on ptolemy.moml.MoMLSimpleApplication@47d8f543
reloadAllAccessors: .DateConstructor

===========================================================================================
----------------- testing Mon Jun 11 02:25:27 UTC 2018 /home/travis/build/icyphy/ptII/ptolemy/actor/lib/test/auto/DelayTime.xml
----------------- Instantiating /home/travis/build/icyphy/ptII/ptolemy/actor/lib/test/auto/DelayTime.xml
3 ms. Memory: 719360K Free: 141156K (20%)
----------------- Invoking toplevel() on ptolemy.moml.MoMLSimpleApplication@34fe971
----------------- Done invoking toplevel() on ptolemy.moml.MoMLSimpleApplication@34fe971
reloadAllAccessors: .DelayTime

===========================================================================================
----------------- testing Mon Jun 11 02:25:27 UTC 2018 /home/travis/build/icyphy/ptII/ptolemy/actor/lib/test/auto/Dictionary1.xml
----------------- Instantiating /home/travis/build/icyphy/ptII/ptolemy/actor/lib/test/auto/Dictionary1.xml
1 ms. Memory: 719360K Free: 132854K (18%)
----------------- Invoking toplevel() on ptolemy.moml.MoMLSimpleApplication@68b6ba9d
----------------- Done invoking toplevel() on ptolemy.moml.MoMLSimpleApplication@68b6ba9d
reloadAllAccessors: .Dictionary1

===========================================================================================
----------------- testing Mon Jun 11 02:25:27 UTC 2018 /home/travis/build/icyphy/ptII/ptolemy/actor/lib/test/auto/Dictionary2.xml
----------------- Instantiating /home/travis/build/icyphy/ptII/ptolemy/actor/lib/test/auto/Dictionary2.xml
4 ms. Memory: 719360K Free: 118145K (16%)
----------------- Invoking toplevel() on ptolemy.moml.MoMLSimpleApplication@1911d1a9
----------------- Done invoking toplevel() on ptolemy.moml.MoMLSimpleApplication@1911d1a9
reloadAllAccessors: .Dictionary2

===========================================================================================
----------------- testing Mon Jun 11 02:25:27 UTC 2018 /home/travis/build/icyphy/ptII/ptolemy/actor/lib/test/auto/Dictionary3.xml
----------------- Instantiating /home/travis/build/icyphy/ptII/ptolemy/actor/lib/test/auto/Dictionary3.xml
2 ms. Memory: 719360K Free: 109843K (15%)
----------------- Invoking toplevel() on ptolemy.moml.MoMLSimpleApplication@55c158f9
----------------- Done invoking toplevel() on ptolemy.moml.MoMLSimpleApplication@55c158f9
reloadAllAccessors: .Dictionary3

===========================================================================================
----------------- testing Mon Jun 11 02:25:27 UTC 2018 /home/travis/build/icyphy/ptII/ptolemy/actor/lib/test/auto/Dictionary4.xml
----------------- Instantiating /home/travis/build/icyphy/ptII/ptolemy/actor/lib/test/auto/Dictionary4.xml
4 ms. Memory: 719360K Free: 97376K (14%)
----------------- Invoking toplevel() on ptolemy.moml.MoMLSimpleApplication@6ba663f3
----------------- Done invoking toplevel() on ptolemy.moml.MoMLSimpleApplication@6ba663f3
reloadAllAccessors: .Dictionary4

===========================================================================================
----------------- testing Mon Jun 11 02:25:27 UTC 2018 /home/travis/build/icyphy/ptII/ptolemy/actor/lib/test/auto/Differential.xml
----------------- Instantiating /home/travis/build/icyphy/ptII/ptolemy/actor/lib/test/auto/Differential.xml
2 ms. Memory: 719360K Free: 82666K (11%)
----------------- Invoking toplevel() on ptolemy.moml.MoMLSimpleApplication@4e42e2e7
----------------- Done invoking toplevel() on ptolemy.moml.MoMLSimpleApplication@4e42e2e7
reloadAllAccessors: .Differential

===========================================================================================
----------------- testing Mon Jun 11 02:25:27 UTC 2018 /home/travis/build/icyphy/ptII/ptolemy/actor/lib/test/auto/Director.xml
----------------- Instantiating /home/travis/build/icyphy/ptII/ptolemy/actor/lib/test/auto/Director.xml
2 ms. Memory: 719360K Free: 74365K (10%)
----------------- Invoking toplevel() on ptolemy.moml.MoMLSimpleApplication@3b4449f9
----------------- Done invoking toplevel() on ptolemy.moml.MoMLSimpleApplication@3b4449f9
reloadAllAccessors: .Director

===========================================================================================
----------------- testing Mon Jun 11 02:25:27 UTC 2018 /home/travis/build/icyphy/ptII/ptolemy/actor/lib/test/auto/DiscreteClock.xml
----------------- Instantiating /home/travis/build/icyphy/ptII/ptolemy/actor/lib/test/auto/DiscreteClock.xml
2 ms. Memory: 719360K Free: 66063K (9%)
----------------- Invoking toplevel() on ptolemy.moml.MoMLSimpleApplication@43c4c685
----------------- Done invoking toplevel() on ptolemy.moml.MoMLSimpleApplication@43c4c685
reloadAllAccessors: .DiscreteClock

===========================================================================================
----------------- testing Mon Jun 11 02:25:27 UTC 2018 /home/travis/build/icyphy/ptII/ptolemy/actor/lib/test/auto/DiscreteClock10.xml
----------------- Instantiating /home/travis/build/icyphy/ptII/ptolemy/actor/lib/test/auto/DiscreteClock10.xml
5 ms. Memory: 1092608K Free: 1037702K (95%)
----------------- Invoking toplevel() on ptolemy.moml.MoMLSimpleApplication@6a2fe023
----------------- Done invoking toplevel() on ptolemy.moml.MoMLSimpleApplication@6a2fe023
reloadAllAccessors: .DiscreteClock10

===========================================================================================
----------------- testing Mon Jun 11 02:25:27 UTC 2018 /home/travis/build/icyphy/ptII/ptolemy/actor/lib/test/auto/DiscreteClock11.xml
----------------- Instantiating /home/travis/build/icyphy/ptII/ptolemy/actor/lib/test/auto/DiscreteClock11.xml
2 ms. Memory: 1092608K Free: 1016445K (93%)
----------------- Invoking toplevel() on ptolemy.moml.MoMLSimpleApplication@524a92fb
----------------- Done invoking toplevel() on ptolemy.moml.MoMLSimpleApplication@524a92fb
reloadAllAccessors: .DiscreteClock11

===========================================================================================
----------------- testing Mon Jun 11 02:25:28 UTC 2018 /home/travis/build/icyphy/ptII/ptolemy/actor/lib/test/auto/DiscreteClock12.xml
----------------- Instantiating /home/travis/build/icyphy/ptII/ptolemy/actor/lib/test/auto/DiscreteClock12.xml
3 ms. Memory: 1092608K Free: 1003073K (92%)
----------------- Invoking toplevel() on ptolemy.moml.MoMLSimpleApplication@1d4d73cf
----------------- Done invoking toplevel() on ptolemy.moml.MoMLSimpleApplication@1d4d73cf
reloadAllAccessors: .DiscreteClock12

===========================================================================================
----------------- testing Mon Jun 11 02:25:28 UTC 2018 /home/travis/build/icyphy/ptII/ptolemy/actor/lib/test/auto/DiscreteClock13.xml
----------------- Instantiating /home/travis/build/icyphy/ptII/ptolemy/actor/lib/test/auto/DiscreteClock13.xml
6 ms. Memory: 1092608K Free: 989788K (91%)
----------------- Invoking toplevel() on ptolemy.moml.MoMLSimpleApplication@4353db90
----------------- Done invoking toplevel() on ptolemy.moml.MoMLSimpleApplication@4353db90
reloadAllAccessors: .DiscreteClock13

===========================================================================================
----------------- testing Mon Jun 11 02:25:28 UTC 2018 /home/travis/build/icyphy/ptII/ptolemy/actor/lib/test/auto/DiscreteClock14.xml
----------------- Instantiating /home/travis/build/icyphy/ptII/ptolemy/actor/lib/test/auto/DiscreteClock14.xml
7 ms. Memory: 1092608K Free: 968532K (89%)
----------------- Invoking toplevel() on ptolemy.moml.MoMLSimpleApplication@549d18f9
----------------- Done invoking toplevel() on ptolemy.moml.MoMLSimpleApplication@549d18f9
reloadAllAccessors: .DiscreteClock14

===========================================================================================
----------------- testing Mon Jun 11 02:25:28 UTC 2018 /home/travis/build/icyphy/ptII/ptolemy/actor/lib/test/auto/DiscreteClock15.xml
----------------- Instantiating /home/travis/build/icyphy/ptII/ptolemy/actor/lib/test/auto/DiscreteClock15.xml
7 ms. Memory: 1092608K Free: 955247K (87%)
----------------- Invoking toplevel() on ptolemy.moml.MoMLSimpleApplication@79335b2b
----------------- Done invoking toplevel() on ptolemy.moml.MoMLSimpleApplication@79335b2b
reloadAllAccessors: .DiscreteClock15

===========================================================================================
----------------- testing Mon Jun 11 02:25:28 UTC 2018 /home/travis/build/icyphy/ptII/ptolemy/actor/lib/test/auto/DiscreteClock16.xml
----------------- Instantiating /home/travis/build/icyphy/ptII/ptolemy/actor/lib/test/auto/DiscreteClock16.xml
20 ms. Memory: 1092608K Free: 935304K (86%)
----------------- Invoking toplevel() on ptolemy.moml.MoMLSimpleApplication@f401cc0
----------------- Done invoking toplevel() on ptolemy.moml.MoMLSimpleApplication@f401cc0
reloadAllAccessors: .DiscreteClock16

===========================================================================================
----------------- testing Mon Jun 11 02:25:28 UTC 2018 /home/travis/build/icyphy/ptII/ptolemy/actor/lib/test/auto/DiscreteClock17.xml
----------------- Instantiating /home/travis/build/icyphy/ptII/ptolemy/actor/lib/test/auto/DiscreteClock17.xml
19 ms. Memory: 1092608K Free: 907389K (83%)
----------------- Invoking toplevel() on ptolemy.moml.MoMLSimpleApplication@7459919f
----------------- Done invoking toplevel() on ptolemy.moml.MoMLSimpleApplication@7459919f
reloadAllAccessors: .DiscreteClock17

===========================================================================================
----------------- testing Mon Jun 11 02:25:28 UTC 2018 /home/travis/build/icyphy/ptII/ptolemy/actor/lib/test/auto/DiscreteClock18.xml
----------------- Instantiating /home/travis/build/icyphy/ptII/ptolemy/actor/lib/test/auto/DiscreteClock18.xml
528 ms. Memory: 1109504K Free: 1065608K (96%)
----------------- Invoking toplevel() on ptolemy.moml.MoMLSimpleApplication@18d935a0
----------------- Done invoking toplevel() on ptolemy.moml.MoMLSimpleApplication@18d935a0
reloadAllAccessors: .DiscreteClock18

===========================================================================================
----------------- testing Mon Jun 11 02:25:28 UTC 2018 /home/travis/build/icyphy/ptII/ptolemy/actor/lib/test/auto/DiscreteClock19.xml
----------------- Instantiating /home/travis/build/icyphy/ptII/ptolemy/actor/lib/test/auto/DiscreteClock19.xml
16 ms. Memory: 1109504K Free: 1031035K (93%)
----------------- Invoking toplevel() on ptolemy.moml.MoMLSimpleApplication@5ef16cac
----------------- Done invoking toplevel() on ptolemy.moml.MoMLSimpleApplication@5ef16cac
reloadAllAccessors: .DiscreteClock19

===========================================================================================
----------------- testing Mon Jun 11 02:25:28 UTC 2018 /home/travis/build/icyphy/ptII/ptolemy/actor/lib/test/auto/DiscreteClock2.xml
----------------- Instantiating /home/travis/build/icyphy/ptII/ptolemy/actor/lib/test/auto/DiscreteClock2.xml
1 ms. Memory: 1109504K Free: 1021071K (92%)
----------------- Invoking toplevel() on ptolemy.moml.MoMLSimpleApplication@2e0b6ddb
----------------- Done invoking toplevel() on ptolemy.moml.MoMLSimpleApplication@2e0b6ddb
reloadAllAccessors: .DiscreteClock2

===========================================================================================
----------------- testing Mon Jun 11 02:25:28 UTC 2018 /home/travis/build/icyphy/ptII/ptolemy/actor/lib/test/auto/DiscreteClock20.xml
----------------- Instantiating /home/travis/build/icyphy/ptII/ptolemy/actor/lib/test/auto/DiscreteClock20.xml
6 ms. Memory: 1109504K Free: 1011108K (91%)
----------------- Invoking toplevel() on ptolemy.moml.MoMLSimpleApplication@121c7bdb
----------------- Done invoking toplevel() on ptolemy.moml.MoMLSimpleApplication@121c7bdb
reloadAllAccessors: .DiscreteClock20

===========================================================================================
----------------- testing Mon Jun 11 02:25:28 UTC 2018 /home/travis/build/icyphy/ptII/ptolemy/actor/lib/test/auto/DiscreteClock21.xml
----------------- Instantiating /home/travis/build/icyphy/ptII/ptolemy/actor/lib/test/auto/DiscreteClock21.xml
7 ms. Memory: 1109504K Free: 993173K (90%)
----------------- Invoking toplevel() on ptolemy.moml.MoMLSimpleApplication@62eef561
----------------- Done invoking toplevel() on ptolemy.moml.MoMLSimpleApplication@62eef561
reloadAllAccessors: .DiscreteClock21

===========================================================================================
----------------- testing Mon Jun 11 02:25:28 UTC 2018 /home/travis/build/icyphy/ptII/ptolemy/actor/lib/test/auto/DiscreteClock22.xml
----------------- Instantiating /home/travis/build/icyphy/ptII/ptolemy/actor/lib/test/auto/DiscreteClock22.xml
8 ms. Memory: 1109504K Free: 983209K (89%)
----------------- Invoking toplevel() on ptolemy.moml.MoMLSimpleApplication@c4ec072
----------------- Done invoking toplevel() on ptolemy.moml.MoMLSimpleApplication@c4ec072
reloadAllAccessors: .DiscreteClock22

===========================================================================================
----------------- testing Mon Jun 11 02:25:28 UTC 2018 /home/travis/build/icyphy/ptII/ptolemy/actor/lib/test/auto/DiscreteClock23.xml
----------------- Instantiating /home/travis/build/icyphy/ptII/ptolemy/actor/lib/test/auto/DiscreteClock23.xml
12 ms. Memory: 1109504K Free: 973245K (88%)
----------------- Invoking toplevel() on ptolemy.moml.MoMLSimpleApplication@1c7f9c33
----------------- Done invoking toplevel() on ptolemy.moml.MoMLSimpleApplication@1c7f9c33
reloadAllAccessors: .DiscreteClock23

===========================================================================================
----------------- testing Mon Jun 11 02:25:29 UTC 2018 /home/travis/build/icyphy/ptII/ptolemy/actor/lib/test/auto/DiscreteClock24.xml
----------------- Instantiating /home/travis/build/icyphy/ptII/ptolemy/actor/lib/test/auto/DiscreteClock24.xml
9 ms. Memory: 1109504K Free: 955310K (86%)
----------------- Invoking toplevel() on ptolemy.moml.MoMLSimpleApplication@7a8e333a
----------------- Done invoking toplevel() on ptolemy.moml.MoMLSimpleApplication@7a8e333a
reloadAllAccessors: .DiscreteClock24

===========================================================================================
----------------- testing Mon Jun 11 02:25:29 UTC 2018 /home/travis/build/icyphy/ptII/ptolemy/actor/lib/test/auto/DiscreteClock4.xml
----------------- Instantiating /home/travis/build/icyphy/ptII/ptolemy/actor/lib/test/auto/DiscreteClock4.xml
4 ms. Memory: 1109504K Free: 945347K (85%)
----------------- Invoking toplevel() on ptolemy.moml.MoMLSimpleApplication@5bdd2100
----------------- Done invoking toplevel() on ptolemy.moml.MoMLSimpleApplication@5bdd2100
reloadAllAccessors: .DiscreteClock4

===========================================================================================
----------------- testing Mon Jun 11 02:25:29 UTC 2018 /home/travis/build/icyphy/ptII/ptolemy/actor/lib/test/auto/DiscreteClock5.xml
----------------- Instantiating /home/travis/build/icyphy/ptII/ptolemy/actor/lib/test/auto/DiscreteClock5.xml
2 ms. Memory: 1109504K Free: 935383K (84%)
----------------- Invoking toplevel() on ptolemy.moml.MoMLSimpleApplication@56b63cce
----------------- Done invoking toplevel() on ptolemy.moml.MoMLSimpleApplication@56b63cce
reloadAllAccessors: .DiscreteClock5

===========================================================================================
----------------- testing Mon Jun 11 02:25:29 UTC 2018 /home/travis/build/icyphy/ptII/ptolemy/actor/lib/test/auto/DiscreteClock6.xml
----------------- Instantiating /home/travis/build/icyphy/ptII/ptolemy/actor/lib/test/auto/DiscreteClock6.xml
1 ms. Memory: 1109504K Free: 925419K (83%)
----------------- Invoking toplevel() on ptolemy.moml.MoMLSimpleApplication@5094b3f5
----------------- Done invoking toplevel() on ptolemy.moml.MoMLSimpleApplication@5094b3f5
reloadAllAccessors: .DiscreteClock6

===========================================================================================
----------------- testing Mon Jun 11 02:25:29 UTC 2018 /home/travis/build/icyphy/ptII/ptolemy/actor/lib/test/auto/DiscreteClock7.xml
----------------- Instantiating /home/travis/build/icyphy/ptII/ptolemy/actor/lib/test/auto/DiscreteClock7.xml
1 ms. Memory: 1109504K Free: 907484K (82%)
----------------- Invoking toplevel() on ptolemy.moml.MoMLSimpleApplication@66e87477
----------------- Done invoking toplevel() on ptolemy.moml.MoMLSimpleApplication@66e87477
reloadAllAccessors: .DiscreteClock7

===========================================================================================
----------------- testing Mon Jun 11 02:25:29 UTC 2018 /home/travis/build/icyphy/ptII/ptolemy/actor/lib/test/auto/DiscreteClock8.xml
----------------- Instantiating /home/travis/build/icyphy/ptII/ptolemy/actor/lib/test/auto/DiscreteClock8.xml
7 ms. Memory: 1109504K Free: 897521K (81%)
----------------- Invoking toplevel() on ptolemy.moml.MoMLSimpleApplication@3040ac9b
----------------- Done invoking toplevel() on ptolemy.moml.MoMLSimpleApplication@3040ac9b
reloadAllAccessors: .DiscreteClock8

===========================================================================================
----------------- testing Mon Jun 11 02:25:29 UTC 2018 /home/travis/build/icyphy/ptII/ptolemy/actor/lib/test/auto/DiscreteClock9.xml
----------------- Instantiating /home/travis/build/icyphy/ptII/ptolemy/actor/lib/test/auto/DiscreteClock9.xml
6 ms. Memory: 1109504K Free: 887557K (80%)
----------------- Invoking toplevel() on ptolemy.moml.MoMLSimpleApplication@67e776d9
----------------- Done invoking toplevel() on ptolemy.moml.MoMLSimpleApplication@67e776d9
reloadAllAccessors: .DiscreteClock9

===========================================================================================
----------------- testing Mon Jun 11 02:25:29 UTC 2018 /home/travis/build/icyphy/ptII/ptolemy/actor/lib/test/auto/DisplayArray.xml
----------------- Instantiating /home/travis/build/icyphy/ptII/ptolemy/actor/lib/test/auto/DisplayArray.xml
3 ms. Memory: 1109504K Free: 869622K (78%)
----------------- Invoking toplevel() on ptolemy.moml.MoMLSimpleApplication@efa3aae
----------------- Done invoking toplevel() on ptolemy.moml.MoMLSimpleApplication@efa3aae
reloadAllAccessors: .DisplayArray

===========================================================================================
----------------- testing Mon Jun 11 02:25:29 UTC 2018 /home/travis/build/icyphy/ptII/ptolemy/actor/lib/test/auto/Distributor.xml
----------------- Instantiating /home/travis/build/icyphy/ptII/ptolemy/actor/lib/test/auto/Distributor.xml
1 ms. Memory: 1109504K Free: 859658K (77%)
----------------- Invoking toplevel() on ptolemy.moml.MoMLSimpleApplication@de5c3f4
----------------- Done invoking toplevel() on ptolemy.moml.MoMLSimpleApplication@de5c3f4
reloadAllAccessors: .Distributor

===========================================================================================
----------------- testing Mon Jun 11 02:25:29 UTC 2018 /home/travis/build/icyphy/ptII/ptolemy/actor/lib/test/auto/Distributor2.xml
----------------- Instantiating /home/travis/build/icyphy/ptII/ptolemy/actor/lib/test/auto/Distributor2.xml
1 ms. Memory: 1109504K Free: 849695K (77%)
----------------- Invoking toplevel() on ptolemy.moml.MoMLSimpleApplication@56f3a56f
----------------- Done invoking toplevel() on ptolemy.moml.MoMLSimpleApplication@56f3a56f
reloadAllAccessors: .Distributor2

===========================================================================================
----------------- testing Mon Jun 11 02:25:29 UTC 2018 /home/travis/build/icyphy/ptII/ptolemy/actor/lib/test/auto/DownSample.xml
----------------- Instantiating /home/travis/build/icyphy/ptII/ptolemy/actor/lib/test/auto/DownSample.xml
1 ms. Memory: 1109504K Free: 831760K (75%)
----------------- Invoking toplevel() on ptolemy.moml.MoMLSimpleApplication@de7b19f
----------------- Done invoking toplevel() on ptolemy.moml.MoMLSimpleApplication@de7b19f
reloadAllAccessors: .DownSample

===========================================================================================
----------------- testing Mon Jun 11 02:25:29 UTC 2018 /home/travis/build/icyphy/ptII/ptolemy/actor/lib/test/auto/ElectronicUnitBase1.xml
----------------- Instantiating /home/travis/build/icyphy/ptII/ptolemy/actor/lib/test/auto/ElectronicUnitBase1.xml
22 ms. Memory: 1109504K Free: 811817K (73%)
----------------- Invoking toplevel() on ptolemy.moml.MoMLSimpleApplication@7e6cede9
----------------- Done invoking toplevel() on ptolemy.moml.MoMLSimpleApplication@7e6cede9
reloadAllAccessors: .ElectronicUnitBase1

===========================================================================================
----------------- testing Mon Jun 11 02:25:29 UTC 2018 /home/travis/build/icyphy/ptII/ptolemy/actor/lib/test/auto/ElementsToArray.xml
----------------- Instantiating /home/travis/build/icyphy/ptII/ptolemy/actor/lib/test/auto/ElementsToArray.xml
3 ms. Memory: 1109504K Free: 801853K (72%)
----------------- Invoking toplevel() on ptolemy.moml.MoMLSimpleApplication@281bd4f9
----------------- Done invoking toplevel() on ptolemy.moml.MoMLSimpleApplication@281bd4f9
reloadAllAccessors: .ElementsToArray

===========================================================================================
----------------- testing Mon Jun 11 02:25:29 UTC 2018 /home/travis/build/icyphy/ptII/ptolemy/actor/lib/test/auto/Equals.xml
----------------- Instantiating /home/travis/build/icyphy/ptII/ptolemy/actor/lib/test/auto/Equals.xml
3 ms. Memory: 1109504K Free: 791889K (71%)
----------------- Invoking toplevel() on ptolemy.moml.MoMLSimpleApplication@4a1bb54d
----------------- Done invoking toplevel() on ptolemy.moml.MoMLSimpleApplication@4a1bb54d
reloadAllAccessors: .Equals

===========================================================================================
----------------- testing Mon Jun 11 02:25:29 UTC 2018 /home/travis/build/icyphy/ptII/ptolemy/actor/lib/test/auto/Exec.xml
----------------- Instantiating /home/travis/build/icyphy/ptII/ptolemy/actor/lib/test/auto/Exec.xml
11 ms. Memory: 1109504K Free: 763991K (69%)
----------------- Invoking toplevel() on ptolemy.moml.MoMLSimpleApplication@5799f510
----------------- Done invoking toplevel() on ptolemy.moml.MoMLSimpleApplication@5799f510
reloadAllAccessors: .Exec

===========================================================================================
----------------- testing Mon Jun 11 02:25:29 UTC 2018 /home/travis/build/icyphy/ptII/ptolemy/actor/lib/test/auto/ExecEnvironment.xml
----------------- Instantiating /home/travis/build/icyphy/ptII/ptolemy/actor/lib/test/auto/ExecEnvironment.xml
23 ms. Memory: 1109504K Free: 754027K (68%)
----------------- Invoking toplevel() on ptolemy.moml.MoMLSimpleApplication@240e357e
----------------- Done invoking toplevel() on ptolemy.moml.MoMLSimpleApplication@240e357e
reloadAllAccessors: .ExecEnvironment

===========================================================================================
----------------- testing Mon Jun 11 02:25:29 UTC 2018 /home/travis/build/icyphy/ptII/ptolemy/actor/lib/test/auto/ExecNonZeroReturnOutput.xml
----------------- Instantiating /home/travis/build/icyphy/ptII/ptolemy/actor/lib/test/auto/ExecNonZeroReturnOutput.xml
128 ms. Memory: 1109504K Free: 679300K (61%)
----------------- Invoking toplevel() on ptolemy.moml.MoMLSimpleApplication@3c85f629
----------------- Done invoking toplevel() on ptolemy.moml.MoMLSimpleApplication@3c85f629
reloadAllAccessors: .ExecNonZeroReturnOutput

===========================================================================================
----------------- testing Mon Jun 11 02:25:29 UTC 2018 /home/travis/build/icyphy/ptII/ptolemy/actor/lib/test/auto/ExecRunDemos.xml
----------------- Instantiating /home/travis/build/icyphy/ptII/ptolemy/actor/lib/test/auto/ExecRunDemos.xml
Finished: 58 ms. Memory: 116224K Free: 100789K (87%)

Finished: 63 ms. Memory: 116224K Free: 98295K (85%)

Finished: 55 ms. Memory: 116224K Free: 98342K (85%)

Finished: 64 ms. Memory: 116224K Free: 99536K (86%)

Finished: 48 ms. Memory: 116224K Free: 100823K (87%)

9539 ms. Memory: 1109504K Free: 601553K (54%)
----------------- Invoking toplevel() on ptolemy.moml.MoMLSimpleApplication@78323f1e
----------------- Done invoking toplevel() on ptolemy.moml.MoMLSimpleApplication@78323f1e
reloadAllAccessors: .ExecRunDemos

===========================================================================================
----------------- testing Mon Jun 11 02:25:39 UTC 2018 /home/travis/build/icyphy/ptII/ptolemy/actor/lib/test/auto/ExecStop.xml
----------------- Instantiating /home/travis/build/icyphy/ptII/ptolemy/actor/lib/test/auto/ExecStop.xml
5007 ms. Memory: 1109504K Free: 452099K (41%)
----------------- Invoking toplevel() on ptolemy.moml.MoMLSimpleApplication@e5e9a1f
----------------- Done invoking toplevel() on ptolemy.moml.MoMLSimpleApplication@e5e9a1f
reloadAllAccessors: .ExecStop

===========================================================================================
----------------- testing Mon Jun 11 02:25:44 UTC 2018 /home/travis/build/icyphy/ptII/ptolemy/actor/lib/test/auto/ExecutionTimePN.xml
----------------- Instantiating /home/travis/build/icyphy/ptII/ptolemy/actor/lib/test/auto/ExecutionTimePN.xml
Fired ExecutionTime: 1053200000
Fired ExecutionTime: 932000000
Fired ExecutionTime: 741600000
2011 ms. Memory: 1109504K Free: 402273K (36%)
----------------- Invoking toplevel() on ptolemy.moml.MoMLSimpleApplication@771198cc
----------------- Done invoking toplevel() on ptolemy.moml.MoMLSimpleApplication@771198cc
reloadAllAccessors: .ExecutionTimePN

===========================================================================================
----------------- testing Mon Jun 11 02:25:46 UTC 2018 /home/travis/build/icyphy/ptII/ptolemy/actor/lib/test/auto/ExecutionTimeSDF.xml
----------------- Instantiating /home/travis/build/icyphy/ptII/ptolemy/actor/lib/test/auto/ExecutionTimeSDF.xml
Fired ExecutionTime: 853600000
Fired ExecutionTime: -806967296
Fired ExecutionTime: -810967296
6003 ms. Memory: 1109504K Free: 387320K (35%)
----------------- Invoking toplevel() on ptolemy.moml.MoMLSimpleApplication@44d0eb9c
----------------- Done invoking toplevel() on ptolemy.moml.MoMLSimpleApplication@44d0eb9c
reloadAllAccessors: .ExecutionTimeSDF

===========================================================================================
----------------- testing Mon Jun 11 02:25:52 UTC 2018 /home/travis/build/icyphy/ptII/ptolemy/actor/lib/test/auto/Expression1.xml
----------------- Instantiating /home/travis/build/icyphy/ptII/ptolemy/actor/lib/test/auto/Expression1.xml
2 ms. Memory: 1109504K Free: 369384K (33%)
----------------- Invoking toplevel() on ptolemy.moml.MoMLSimpleApplication@4851fd67
----------------- Done invoking toplevel() on ptolemy.moml.MoMLSimpleApplication@4851fd67
reloadAllAccessors: .Expression1

===========================================================================================
----------------- testing Mon Jun 11 02:25:52 UTC 2018 /home/travis/build/icyphy/ptII/ptolemy/actor/lib/test/auto/Expression10.xml
----------------- Instantiating /home/travis/build/icyphy/ptII/ptolemy/actor/lib/test/auto/Expression10.xml
5 ms. Memory: 1109504K Free: 359421K (32%)
----------------- Invoking toplevel() on ptolemy.moml.MoMLSimpleApplication@7a02b5d3
----------------- Done invoking toplevel() on ptolemy.moml.MoMLSimpleApplication@7a02b5d3
reloadAllAccessors: .Expression10

===========================================================================================
----------------- testing Mon Jun 11 02:25:52 UTC 2018 /home/travis/build/icyphy/ptII/ptolemy/actor/lib/test/auto/Expression11.xml
----------------- Instantiating /home/travis/build/icyphy/ptII/ptolemy/actor/lib/test/auto/Expression11.xml
2 ms. Memory: 1109504K Free: 349457K (31%)
----------------- Invoking toplevel() on ptolemy.moml.MoMLSimpleApplication@33c8e9ac
----------------- Done invoking toplevel() on ptolemy.moml.MoMLSimpleApplication@33c8e9ac
reloadAllAccessors: .Expression11

===========================================================================================
----------------- testing Mon Jun 11 02:25:52 UTC 2018 /home/travis/build/icyphy/ptII/ptolemy/actor/lib/test/auto/Expression12.xml
----------------- Instantiating /home/travis/build/icyphy/ptII/ptolemy/actor/lib/test/auto/Expression12.xml
3 ms. Memory: 1109504K Free: 331522K (30%)
----------------- Invoking toplevel() on ptolemy.moml.MoMLSimpleApplication@53d926bf
----------------- Done invoking toplevel() on ptolemy.moml.MoMLSimpleApplication@53d926bf
reloadAllAccessors: .Expression12

===========================================================================================
----------------- testing Mon Jun 11 02:25:52 UTC 2018 /home/travis/build/icyphy/ptII/ptolemy/actor/lib/test/auto/Expression13.xml
----------------- Instantiating /home/travis/build/icyphy/ptII/ptolemy/actor/lib/test/auto/Expression13.xml
4 ms. Memory: 1109504K Free: 321558K (29%)
----------------- Invoking toplevel() on ptolemy.moml.MoMLSimpleApplication@623727d9
----------------- Done invoking toplevel() on ptolemy.moml.MoMLSimpleApplication@623727d9
reloadAllAccessors: .Expression13

===========================================================================================
----------------- testing Mon Jun 11 02:25:52 UTC 2018 /home/travis/build/icyphy/ptII/ptolemy/actor/lib/test/auto/Expression14.xml
----------------- Instantiating /home/travis/build/icyphy/ptII/ptolemy/actor/lib/test/auto/Expression14.xml
4 ms. Memory: 1109504K Free: 311595K (28%)
----------------- Invoking toplevel() on ptolemy.moml.MoMLSimpleApplication@7db0e10f
----------------- Done invoking toplevel() on ptolemy.moml.MoMLSimpleApplication@7db0e10f
reloadAllAccessors: .Expression14

===========================================================================================
----------------- testing Mon Jun 11 02:25:52 UTC 2018 /home/travis/build/icyphy/ptII/ptolemy/actor/lib/test/auto/Expression15.xml
----------------- Instantiating /home/travis/build/icyphy/ptII/ptolemy/actor/lib/test/auto/Expression15.xml
2 ms. Memory: 1109504K Free: 301631K (27%)
----------------- Invoking toplevel() on ptolemy.moml.MoMLSimpleApplication@60330c2
----------------- Done invoking toplevel() on ptolemy.moml.MoMLSimpleApplication@60330c2
reloadAllAccessors: .Expression15

===========================================================================================
----------------- testing Mon Jun 11 02:25:52 UTC 2018 /home/travis/build/icyphy/ptII/ptolemy/actor/lib/test/auto/Expression16.xml
----------------- Instantiating /home/travis/build/icyphy/ptII/ptolemy/actor/lib/test/auto/Expression16.xml
5 ms. Memory: 1109504K Free: 283696K (26%)
----------------- Invoking toplevel() on ptolemy.moml.MoMLSimpleApplication@5aa3851b
----------------- Done invoking toplevel() on ptolemy.moml.MoMLSimpleApplication@5aa3851b
reloadAllAccessors: .Expression16

===========================================================================================
----------------- testing Mon Jun 11 02:25:52 UTC 2018 /home/travis/build/icyphy/ptII/ptolemy/actor/lib/test/auto/Expression17.xml
----------------- Instantiating /home/travis/build/icyphy/ptII/ptolemy/actor/lib/test/auto/Expression17.xml
3 ms. Memory: 1109504K Free: 273732K (25%)
----------------- Invoking toplevel() on ptolemy.moml.MoMLSimpleApplication@48e56c94
----------------- Done invoking toplevel() on ptolemy.moml.MoMLSimpleApplication@48e56c94
reloadAllAccessors: .Expression17

===========================================================================================
----------------- testing Mon Jun 11 02:25:52 UTC 2018 /home/travis/build/icyphy/ptII/ptolemy/actor/lib/test/auto/Expression18.xml
----------------- Instantiating /home/travis/build/icyphy/ptII/ptolemy/actor/lib/test/auto/Expression18.xml
4 ms. Memory: 1109504K Free: 263769K (24%)
----------------- Invoking toplevel() on ptolemy.moml.MoMLSimpleApplication@17ab92f6
----------------- Done invoking toplevel() on ptolemy.moml.MoMLSimpleApplication@17ab92f6
reloadAllAccessors: .Expression18

===========================================================================================
----------------- testing Mon Jun 11 02:25:52 UTC 2018 /home/travis/build/icyphy/ptII/ptolemy/actor/lib/test/auto/Expression2.xml
----------------- Instantiating /home/travis/build/icyphy/ptII/ptolemy/actor/lib/test/auto/Expression2.xml
3 ms. Memory: 1109504K Free: 245833K (22%)
----------------- Invoking toplevel() on ptolemy.moml.MoMLSimpleApplication@599e0be4
----------------- Done invoking toplevel() on ptolemy.moml.MoMLSimpleApplication@599e0be4
reloadAllAccessors: .Expression2

===========================================================================================
----------------- testing Mon Jun 11 02:25:52 UTC 2018 /home/travis/build/icyphy/ptII/ptolemy/actor/lib/test/auto/Expression3.xml
----------------- Instantiating /home/travis/build/icyphy/ptII/ptolemy/actor/lib/test/auto/Expression3.xml
7 ms. Memory: 1109504K Free: 235870K (21%)
----------------- Invoking toplevel() on ptolemy.moml.MoMLSimpleApplication@356c8904
----------------- Done invoking toplevel() on ptolemy.moml.MoMLSimpleApplication@356c8904
reloadAllAccessors: .Expression3

===========================================================================================
----------------- testing Mon Jun 11 02:25:52 UTC 2018 /home/travis/build/icyphy/ptII/ptolemy/actor/lib/test/auto/Expression4.xml
----------------- Instantiating /home/travis/build/icyphy/ptII/ptolemy/actor/lib/test/auto/Expression4.xml
5 ms. Memory: 1109504K Free: 220909K (20%)
----------------- Invoking toplevel() on ptolemy.moml.MoMLSimpleApplication@3ff84a0b
----------------- Done invoking toplevel() on ptolemy.moml.MoMLSimpleApplication@3ff84a0b
reloadAllAccessors: .Expression4

===========================================================================================
----------------- testing Mon Jun 11 02:25:52 UTC 2018 /home/travis/build/icyphy/ptII/ptolemy/actor/lib/test/auto/Expression5.xml
----------------- Instantiating /home/travis/build/icyphy/ptII/ptolemy/actor/lib/test/auto/Expression5.xml
6 ms. Memory: 1109504K Free: 210945K (19%)
----------------- Invoking toplevel() on ptolemy.moml.MoMLSimpleApplication@4735ea4a
----------------- Done invoking toplevel() on ptolemy.moml.MoMLSimpleApplication@4735ea4a
reloadAllAccessors: .Expression5

===========================================================================================
----------------- testing Mon Jun 11 02:25:52 UTC 2018 /home/travis/build/icyphy/ptII/ptolemy/actor/lib/test/auto/Expression6.xml
----------------- Instantiating /home/travis/build/icyphy/ptII/ptolemy/actor/lib/test/auto/Expression6.xml
3 ms. Memory: 1109504K Free: 193010K (17%)
----------------- Invoking toplevel() on ptolemy.moml.MoMLSimpleApplication@71d6ef5b
----------------- Done invoking toplevel() on ptolemy.moml.MoMLSimpleApplication@71d6ef5b
reloadAllAccessors: .Expression6

===========================================================================================
----------------- testing Mon Jun 11 02:25:52 UTC 2018 /home/travis/build/icyphy/ptII/ptolemy/actor/lib/test/auto/Expression7.xml
----------------- Instantiating /home/travis/build/icyphy/ptII/ptolemy/actor/lib/test/auto/Expression7.xml
3 ms. Memory: 1109504K Free: 183046K (16%)
----------------- Invoking toplevel() on ptolemy.moml.MoMLSimpleApplication@657675ea
----------------- Done invoking toplevel() on ptolemy.moml.MoMLSimpleApplication@657675ea
reloadAllAccessors: .Expression7

===========================================================================================
----------------- testing Mon Jun 11 02:25:52 UTC 2018 /home/travis/build/icyphy/ptII/ptolemy/actor/lib/test/auto/Expression8.xml
----------------- Instantiating /home/travis/build/icyphy/ptII/ptolemy/actor/lib/test/auto/Expression8.xml
8 ms. Memory: 1109504K Free: 173083K (16%)
----------------- Invoking toplevel() on ptolemy.moml.MoMLSimpleApplication@78229d8f
----------------- Done invoking toplevel() on ptolemy.moml.MoMLSimpleApplication@78229d8f
reloadAllAccessors: .Expression8

===========================================================================================
----------------- testing Mon Jun 11 02:25:52 UTC 2018 /home/travis/build/icyphy/ptII/ptolemy/actor/lib/test/auto/Expression9.xml
----------------- Instantiating /home/travis/build/icyphy/ptII/ptolemy/actor/lib/test/auto/Expression9.xml
2 ms. Memory: 1109504K Free: 155147K (14%)
----------------- Invoking toplevel() on ptolemy.moml.MoMLSimpleApplication@3882bedb
----------------- Done invoking toplevel() on ptolemy.moml.MoMLSimpleApplication@3882bedb
reloadAllAccessors: .Expression9

===========================================================================================
----------------- testing Mon Jun 11 02:25:52 UTC 2018 /home/travis/build/icyphy/ptII/ptolemy/actor/lib/test/auto/ExpressionConcatenateArrayType.xml
----------------- Instantiating /home/travis/build/icyphy/ptII/ptolemy/actor/lib/test/auto/ExpressionConcatenateArrayType.xml
2 ms. Memory: 1109504K Free: 140186K (13%)
----------------- Invoking toplevel() on ptolemy.moml.MoMLSimpleApplication@39f0c4c2
----------------- Done invoking toplevel() on ptolemy.moml.MoMLSimpleApplication@39f0c4c2
reloadAllAccessors: .ExpressionConcatenateArrayType

===========================================================================================
----------------- testing Mon Jun 11 02:25:52 UTC 2018 /home/travis/build/icyphy/ptII/ptolemy/actor/lib/test/auto/ExpressionConcatenateArrayType2.xml
----------------- Instantiating /home/travis/build/icyphy/ptII/ptolemy/actor/lib/test/auto/ExpressionConcatenateArrayType2.xml
1 ms. Memory: 1109504K Free: 130222K (12%)
----------------- Invoking toplevel() on ptolemy.moml.MoMLSimpleApplication@2706daea
----------------- Done invoking toplevel() on ptolemy.moml.MoMLSimpleApplication@2706daea
reloadAllAccessors: .ExpressionConcatenateArrayType2

===========================================================================================
----------------- testing Mon Jun 11 02:25:52 UTC 2018 /home/travis/build/icyphy/ptII/ptolemy/actor/lib/test/auto/ExpressionFix.xml
----------------- Instantiating /home/travis/build/icyphy/ptII/ptolemy/actor/lib/test/auto/ExpressionFix.xml
22 ms. Memory: 1109504K Free: 120259K (11%)
----------------- Invoking toplevel() on ptolemy.moml.MoMLSimpleApplication@1e9d351a
----------------- Done invoking toplevel() on ptolemy.moml.MoMLSimpleApplication@1e9d351a
reloadAllAccessors: .ExpressionFix

===========================================================================================
----------------- testing Mon Jun 11 02:25:52 UTC 2018 /home/travis/build/icyphy/ptII/ptolemy/actor/lib/test/auto/ExpressionFix2.xml
----------------- Instantiating /home/travis/build/icyphy/ptII/ptolemy/actor/lib/test/auto/ExpressionFix2.xml
5 ms. Memory: 1109504K Free: 102323K (9%)
----------------- Invoking toplevel() on ptolemy.moml.MoMLSimpleApplication@4e8ddd25
----------------- Done invoking toplevel() on ptolemy.moml.MoMLSimpleApplication@4e8ddd25
reloadAllAccessors: .ExpressionFix2

===========================================================================================
----------------- testing Mon Jun 11 02:25:52 UTC 2018 /home/travis/build/icyphy/ptII/ptolemy/actor/lib/test/auto/ExpressionFix3.xml
----------------- Instantiating /home/travis/build/icyphy/ptII/ptolemy/actor/lib/test/auto/ExpressionFix3.xml
4 ms. Memory: 1109504K Free: 92360K (8%)
----------------- Invoking toplevel() on ptolemy.moml.MoMLSimpleApplication@6444d92f
----------------- Done invoking toplevel() on ptolemy.moml.MoMLSimpleApplication@6444d92f
reloadAllAccessors: .ExpressionFix3

===========================================================================================
----------------- testing Mon Jun 11 02:25:52 UTC 2018 /home/travis/build/icyphy/ptII/ptolemy/actor/lib/test/auto/FileWriter1.xml
----------------- Instantiating /home/travis/build/icyphy/ptII/ptolemy/actor/lib/test/auto/FileWriter1.xml
4 ms. Memory: 1109504K Free: 82396K (7%)
----------------- Invoking toplevel() on ptolemy.moml.MoMLSimpleApplication@70c81f86
----------------- Done invoking toplevel() on ptolemy.moml.MoMLSimpleApplication@70c81f86
reloadAllAccessors: .FileWriter1

===========================================================================================
----------------- testing Mon Jun 11 02:25:52 UTC 2018 /home/travis/build/icyphy/ptII/ptolemy/actor/lib/test/auto/FileWriter2.xml
----------------- Instantiating /home/travis/build/icyphy/ptII/ptolemy/actor/lib/test/auto/FileWriter2.xml
5 ms. Memory: 1275904K Free: 1224239K (96%)
----------------- Invoking toplevel() on ptolemy.moml.MoMLSimpleApplication@f680ff6
----------------- Done invoking toplevel() on ptolemy.moml.MoMLSimpleApplication@f680ff6
reloadAllAccessors: .FileWriter2

===========================================================================================
----------------- testing Mon Jun 11 02:25:52 UTC 2018 /home/travis/build/icyphy/ptII/ptolemy/actor/lib/test/auto/FileWriter3.xml
----------------- Instantiating /home/travis/build/icyphy/ptII/ptolemy/actor/lib/test/auto/FileWriter3.xml
2 ms. Memory: 1275904K Free: 1201425K (94%)
----------------- Invoking toplevel() on ptolemy.moml.MoMLSimpleApplication@14d9765d
----------------- Done invoking toplevel() on ptolemy.moml.MoMLSimpleApplication@14d9765d
reloadAllAccessors: .FileWriter3

===========================================================================================
----------------- testing Mon Jun 11 02:25:52 UTC 2018 /home/travis/build/icyphy/ptII/ptolemy/actor/lib/test/auto/Gaussian.xml
----------------- Instantiating /home/travis/build/icyphy/ptII/ptolemy/actor/lib/test/auto/Gaussian.xml
2 ms. Memory: 1275904K Free: 1185723K (93%)
----------------- Invoking toplevel() on ptolemy.moml.MoMLSimpleApplication@77ac5d56
----------------- Done invoking toplevel() on ptolemy.moml.MoMLSimpleApplication@77ac5d56
reloadAllAccessors: .Gaussian

===========================================================================================
----------------- testing Mon Jun 11 02:25:52 UTC 2018 /home/travis/build/icyphy/ptII/ptolemy/actor/lib/test/auto/Gaussian1.xml
----------------- Instantiating /home/travis/build/icyphy/ptII/ptolemy/actor/lib/test/auto/Gaussian1.xml
2 ms. Memory: 1275904K Free: 1170022K (92%)
----------------- Invoking toplevel() on ptolemy.moml.MoMLSimpleApplication@26424fe9
----------------- Done invoking toplevel() on ptolemy.moml.MoMLSimpleApplication@26424fe9
reloadAllAccessors: .Gaussian1

===========================================================================================
----------------- testing Mon Jun 11 02:25:52 UTC 2018 /home/travis/build/icyphy/ptII/ptolemy/actor/lib/test/auto/Gaussian2.xml
----------------- Instantiating /home/travis/build/icyphy/ptII/ptolemy/actor/lib/test/auto/Gaussian2.xml
2 ms. Memory: 1275904K Free: 1147207K (90%)
----------------- Invoking toplevel() on ptolemy.moml.MoMLSimpleApplication@143f188
----------------- Done invoking toplevel() on ptolemy.moml.MoMLSimpleApplication@143f188
reloadAllAccessors: .Gaussian2

===========================================================================================
----------------- testing Mon Jun 11 02:25:52 UTC 2018 /home/travis/build/icyphy/ptII/ptolemy/actor/lib/test/auto/GradientAdaptiveLattice.xml
----------------- Instantiating /home/travis/build/icyphy/ptII/ptolemy/actor/lib/test/auto/GradientAdaptiveLattice.xml
8 ms. Memory: 1275904K Free: 1131506K (89%)
----------------- Invoking toplevel() on ptolemy.moml.MoMLSimpleApplication@2fc9601
----------------- Done invoking toplevel() on ptolemy.moml.MoMLSimpleApplication@2fc9601
reloadAllAccessors: .GradientAdaptiveLattice

===========================================================================================
----------------- testing Mon Jun 11 02:25:53 UTC 2018 /home/travis/build/icyphy/ptII/ptolemy/actor/lib/test/auto/IIR.xml
----------------- Instantiating /home/travis/build/icyphy/ptII/ptolemy/actor/lib/test/auto/IIR.xml
2 ms. Memory: 1275904K Free: 1115804K (87%)
----------------- Invoking toplevel() on ptolemy.moml.MoMLSimpleApplication@71a0dfda
----------------- Done invoking toplevel() on ptolemy.moml.MoMLSimpleApplication@71a0dfda
reloadAllAccessors: .IIR

===========================================================================================
----------------- testing Mon Jun 11 02:25:53 UTC 2018 /home/travis/build/icyphy/ptII/ptolemy/actor/lib/test/auto/InputOutputTransparentPorts.xml
----------------- Instantiating /home/travis/build/icyphy/ptII/ptolemy/actor/lib/test/auto/InputOutputTransparentPorts.xml
1 ms. Memory: 1275904K Free: 1092989K (86%)
----------------- Invoking toplevel() on ptolemy.moml.MoMLSimpleApplication@1d7526de
----------------- Done invoking toplevel() on ptolemy.moml.MoMLSimpleApplication@1d7526de
reloadAllAccessors: .InputOutputTransparentPorts

===========================================================================================
----------------- testing Mon Jun 11 02:25:53 UTC 2018 /home/travis/build/icyphy/ptII/ptolemy/actor/lib/test/auto/Interpolator.xml
----------------- Instantiating /home/travis/build/icyphy/ptII/ptolemy/actor/lib/test/auto/Interpolator.xml
3 ms. Memory: 1275904K Free: 1077288K (84%)
----------------- Invoking toplevel() on ptolemy.moml.MoMLSimpleApplication@8f35a71
----------------- Done invoking toplevel() on ptolemy.moml.MoMLSimpleApplication@8f35a71
reloadAllAccessors: .Interpolator

===========================================================================================
----------------- testing Mon Jun 11 02:25:53 UTC 2018 /home/travis/build/icyphy/ptII/ptolemy/actor/lib/test/auto/InterpolatorFiringLimitDE.xml
----------------- Instantiating /home/travis/build/icyphy/ptII/ptolemy/actor/lib/test/auto/InterpolatorFiringLimitDE.xml
2 ms. Memory: 1275904K Free: 1061587K (83%)
----------------- Invoking toplevel() on ptolemy.moml.MoMLSimpleApplication@292f5db9
----------------- Done invoking toplevel() on ptolemy.moml.MoMLSimpleApplication@292f5db9
reloadAllAccessors: .InterpolatorFiringLimitDE

===========================================================================================
----------------- testing Mon Jun 11 02:25:53 UTC 2018 /home/travis/build/icyphy/ptII/ptolemy/actor/lib/test/auto/Lattice.xml
----------------- Instantiating /home/travis/build/icyphy/ptII/ptolemy/actor/lib/test/auto/Lattice.xml
2 ms. Memory: 1275904K Free: 1038772K (81%)
----------------- Invoking toplevel() on ptolemy.moml.MoMLSimpleApplication@290cea8a
----------------- Done invoking toplevel() on ptolemy.moml.MoMLSimpleApplication@290cea8a
reloadAllAccessors: .Lattice

===========================================================================================
----------------- testing Mon Jun 11 02:25:53 UTC 2018 /home/travis/build/icyphy/ptII/ptolemy/actor/lib/test/auto/LazyAOCTestLazy.xml
----------------- Instantiating /home/travis/build/icyphy/ptII/ptolemy/actor/lib/test/auto/LazyAOCTestLazy.xml
7 ms. Memory: 1275904K Free: 1023070K (80%)
----------------- Invoking toplevel() on ptolemy.moml.MoMLSimpleApplication@424a13bf
----------------- Done invoking toplevel() on ptolemy.moml.MoMLSimpleApplication@424a13bf
reloadAllAccessors: .LazyAOCTestLazy

===========================================================================================
----------------- testing Mon Jun 11 02:25:53 UTC 2018 /home/travis/build/icyphy/ptII/ptolemy/actor/lib/test/auto/LazyAOCTestNonLazy.xml
----------------- Instantiating /home/travis/build/icyphy/ptII/ptolemy/actor/lib/test/auto/LazyAOCTestNonLazy.xml
2 ms. Memory: 1275904K Free: 1007369K (79%)
----------------- Invoking toplevel() on ptolemy.moml.MoMLSimpleApplication@bf743
----------------- Done invoking toplevel() on ptolemy.moml.MoMLSimpleApplication@bf743
reloadAllAccessors: .LazyAOCTestNonLazy

===========================================================================================
----------------- testing Mon Jun 11 02:25:53 UTC 2018 /home/travis/build/icyphy/ptII/ptolemy/actor/lib/test/auto/LazyInnerClass.xml
----------------- Instantiating /home/travis/build/icyphy/ptII/ptolemy/actor/lib/test/auto/LazyInnerClass.xml
26 ms. Memory: 1275904K Free: 984554K (77%)
----------------- Invoking toplevel() on ptolemy.moml.MoMLSimpleApplication@2644dd48
----------------- Done invoking toplevel() on ptolemy.moml.MoMLSimpleApplication@2644dd48
reloadAllAccessors: .LazyInnerClass

===========================================================================================
----------------- testing Mon Jun 11 02:25:53 UTC 2018 /home/travis/build/icyphy/ptII/ptolemy/actor/lib/test/auto/LazyPubSub.xml
----------------- Instantiating /home/travis/build/icyphy/ptII/ptolemy/actor/lib/test/auto/LazyPubSub.xml
20 ms. Memory: 1275904K Free: 968853K (76%)
----------------- Invoking toplevel() on ptolemy.moml.MoMLSimpleApplication@67367cbb
----------------- Done invoking toplevel() on ptolemy.moml.MoMLSimpleApplication@67367cbb
reloadAllAccessors: .LazyPubSub

===========================================================================================
----------------- testing Mon Jun 11 02:25:53 UTC 2018 /home/travis/build/icyphy/ptII/ptolemy/actor/lib/test/auto/LazyPubSub2.xml
----------------- Instantiating /home/travis/build/icyphy/ptII/ptolemy/actor/lib/test/auto/LazyPubSub2.xml
20 ms. Memory: 1275904K Free: 953084K (75%)
----------------- Invoking toplevel() on ptolemy.moml.MoMLSimpleApplication@75832986
----------------- Done invoking toplevel() on ptolemy.moml.MoMLSimpleApplication@75832986
reloadAllAccessors: .LazyPubSub2

===========================================================================================
----------------- testing Mon Jun 11 02:25:53 UTC 2018 /home/travis/build/icyphy/ptII/ptolemy/actor/lib/test/auto/LazyPubSub3.xml
----------------- Instantiating /home/travis/build/icyphy/ptII/ptolemy/actor/lib/test/auto/LazyPubSub3.xml
15 ms. Memory: 1275904K Free: 930269K (73%)
----------------- Invoking toplevel() on ptolemy.moml.MoMLSimpleApplication@497c7607
----------------- Done invoking toplevel() on ptolemy.moml.MoMLSimpleApplication@497c7607
reloadAllAccessors: .LazyPubSub3

===========================================================================================
----------------- testing Mon Jun 11 02:25:53 UTC 2018 /home/travis/build/icyphy/ptII/ptolemy/actor/lib/test/auto/LazySubClassModel.xml
----------------- Instantiating /home/travis/build/icyphy/ptII/ptolemy/actor/lib/test/auto/LazySubClassModel.xml
2 ms. Memory: 1275904K Free: 914568K (72%)
----------------- Invoking toplevel() on ptolemy.moml.MoMLSimpleApplication@ad523b0
----------------- Done invoking toplevel() on ptolemy.moml.MoMLSimpleApplication@ad523b0
reloadAllAccessors: .LazySubClassModel

===========================================================================================
----------------- testing Mon Jun 11 02:25:53 UTC 2018 /home/travis/build/icyphy/ptII/ptolemy/actor/lib/test/auto/LevelCrossTest1.xml
----------------- Instantiating /home/travis/build/icyphy/ptII/ptolemy/actor/lib/test/auto/LevelCrossTest1.xml
1 ms. Memory: 1275904K Free: 898866K (70%)
----------------- Invoking toplevel() on ptolemy.moml.MoMLSimpleApplication@33834409
----------------- Done invoking toplevel() on ptolemy.moml.MoMLSimpleApplication@33834409
reloadAllAccessors: .broken

===========================================================================================
----------------- testing Mon Jun 11 02:25:53 UTC 2018 /home/travis/build/icyphy/ptII/ptolemy/actor/lib/test/auto/LevelCrossTest10.xml
----------------- Instantiating /home/travis/build/icyphy/ptII/ptolemy/actor/lib/test/auto/LevelCrossTest10.xml
1 ms. Memory: 1275904K Free: 876052K (69%)
----------------- Invoking toplevel() on ptolemy.moml.MoMLSimpleApplication@6ad02107
----------------- Done invoking toplevel() on ptolemy.moml.MoMLSimpleApplication@6ad02107
reloadAllAccessors: .LevelCrossTest10

===========================================================================================
----------------- testing Mon Jun 11 02:25:53 UTC 2018 /home/travis/build/icyphy/ptII/ptolemy/actor/lib/test/auto/LevelCrossTest11.xml
----------------- Instantiating /home/travis/build/icyphy/ptII/ptolemy/actor/lib/test/auto/LevelCrossTest11.xml
1 ms. Memory: 1275904K Free: 860350K (67%)
----------------- Invoking toplevel() on ptolemy.moml.MoMLSimpleApplication@3fcb7ee
----------------- Done invoking toplevel() on ptolemy.moml.MoMLSimpleApplication@3fcb7ee
reloadAllAccessors: .LevelCrossTest11

===========================================================================================
----------------- testing Mon Jun 11 02:25:53 UTC 2018 /home/travis/build/icyphy/ptII/ptolemy/actor/lib/test/auto/LevelCrossTest12.xml
----------------- Instantiating /home/travis/build/icyphy/ptII/ptolemy/actor/lib/test/auto/LevelCrossTest12.xml
1 ms. Memory: 1275904K Free: 844649K (66%)
----------------- Invoking toplevel() on ptolemy.moml.MoMLSimpleApplication@4e7ad700
----------------- Done invoking toplevel() on ptolemy.moml.MoMLSimpleApplication@4e7ad700
reloadAllAccessors: .LevelCrossTest12

===========================================================================================
----------------- testing Mon Jun 11 02:25:53 UTC 2018 /home/travis/build/icyphy/ptII/ptolemy/actor/lib/test/auto/LevelCrossTest13.xml
----------------- Instantiating /home/travis/build/icyphy/ptII/ptolemy/actor/lib/test/auto/LevelCrossTest13.xml
1 ms. Memory: 1275904K Free: 821834K (64%)
----------------- Invoking toplevel() on ptolemy.moml.MoMLSimpleApplication@12a3448a
----------------- Done invoking toplevel() on ptolemy.moml.MoMLSimpleApplication@12a3448a
reloadAllAccessors: .LevelCrossTest13

===========================================================================================
----------------- testing Mon Jun 11 02:25:53 UTC 2018 /home/travis/build/icyphy/ptII/ptolemy/actor/lib/test/auto/LevelCrossTest2.xml
----------------- Instantiating /home/travis/build/icyphy/ptII/ptolemy/actor/lib/test/auto/LevelCrossTest2.xml
1 ms. Memory: 1275904K Free: 806133K (63%)
----------------- Invoking toplevel() on ptolemy.moml.MoMLSimpleApplication@15706550
----------------- Done invoking toplevel() on ptolemy.moml.MoMLSimpleApplication@15706550
reloadAllAccessors: .broken

===========================================================================================
----------------- testing Mon Jun 11 02:25:53 UTC 2018 /home/travis/build/icyphy/ptII/ptolemy/actor/lib/test/auto/LevelCrossTest3.xml
----------------- Instantiating /home/travis/build/icyphy/ptII/ptolemy/actor/lib/test/auto/LevelCrossTest3.xml
1 ms. Memory: 1275904K Free: 790431K (62%)
----------------- Invoking toplevel() on ptolemy.moml.MoMLSimpleApplication@1797325
----------------- Done invoking toplevel() on ptolemy.moml.MoMLSimpleApplication@1797325
reloadAllAccessors: .LevelCrossTest3

===========================================================================================
----------------- testing Mon Jun 11 02:25:53 UTC 2018 /home/travis/build/icyphy/ptII/ptolemy/actor/lib/test/auto/LevelCrossTest4.xml
----------------- Instantiating /home/travis/build/icyphy/ptII/ptolemy/actor/lib/test/auto/LevelCrossTest4.xml
1 ms. Memory: 1275904K Free: 767616K (60%)
----------------- Invoking toplevel() on ptolemy.moml.MoMLSimpleApplication@5a6a4c9c
----------------- Done invoking toplevel() on ptolemy.moml.MoMLSimpleApplication@5a6a4c9c
reloadAllAccessors: .broken

===========================================================================================
----------------- testing Mon Jun 11 02:25:53 UTC 2018 /home/travis/build/icyphy/ptII/ptolemy/actor/lib/test/auto/LevelCrossTest5.xml
----------------- Instantiating /home/travis/build/icyphy/ptII/ptolemy/actor/lib/test/auto/LevelCrossTest5.xml
1 ms. Memory: 1275904K Free: 751915K (59%)
----------------- Invoking toplevel() on ptolemy.moml.MoMLSimpleApplication@20f7f93c
----------------- Done invoking toplevel() on ptolemy.moml.MoMLSimpleApplication@20f7f93c
reloadAllAccessors: .LevelCrossTest5

===========================================================================================
----------------- testing Mon Jun 11 02:25:53 UTC 2018 /home/travis/build/icyphy/ptII/ptolemy/actor/lib/test/auto/LevelCrossTest6.xml
----------------- Instantiating /home/travis/build/icyphy/ptII/ptolemy/actor/lib/test/auto/LevelCrossTest6.xml
1 ms. Memory: 1275904K Free: 736214K (58%)
----------------- Invoking toplevel() on ptolemy.moml.MoMLSimpleApplication@238c97c0
----------------- Done invoking toplevel() on ptolemy.moml.MoMLSimpleApplication@238c97c0
reloadAllAccessors: .LevelCrossTest6

===========================================================================================
----------------- testing Mon Jun 11 02:25:53 UTC 2018 /home/travis/build/icyphy/ptII/ptolemy/actor/lib/test/auto/LevelCrossTest7.xml
----------------- Instantiating /home/travis/build/icyphy/ptII/ptolemy/actor/lib/test/auto/LevelCrossTest7.xml
1 ms. Memory: 1275904K Free: 713399K (56%)
----------------- Invoking toplevel() on ptolemy.moml.MoMLSimpleApplication@4344d492
----------------- Done invoking toplevel() on ptolemy.moml.MoMLSimpleApplication@4344d492
reloadAllAccessors: .LevelCrossTest7

===========================================================================================
----------------- testing Mon Jun 11 02:25:53 UTC 2018 /home/travis/build/icyphy/ptII/ptolemy/actor/lib/test/auto/LevelCrossTest8.xml
----------------- Instantiating /home/travis/build/icyphy/ptII/ptolemy/actor/lib/test/auto/LevelCrossTest8.xml
1 ms. Memory: 1275904K Free: 697697K (55%)
----------------- Invoking toplevel() on ptolemy.moml.MoMLSimpleApplication@5ce2a2d2
----------------- Done invoking toplevel() on ptolemy.moml.MoMLSimpleApplication@5ce2a2d2
reloadAllAccessors: .LevelCrossTest8

===========================================================================================
----------------- testing Mon Jun 11 02:25:53 UTC 2018 /home/travis/build/icyphy/ptII/ptolemy/actor/lib/test/auto/LevelCrossTest9.xml
----------------- Instantiating /home/travis/build/icyphy/ptII/ptolemy/actor/lib/test/auto/LevelCrossTest9.xml
1 ms. Memory: 1275904K Free: 681996K (53%)
----------------- Invoking toplevel() on ptolemy.moml.MoMLSimpleApplication@5c57e21
----------------- Done invoking toplevel() on ptolemy.moml.MoMLSimpleApplication@5c57e21
reloadAllAccessors: .LevelCrossTest9

===========================================================================================
----------------- testing Mon Jun 11 02:25:53 UTC 2018 /home/travis/build/icyphy/ptII/ptolemy/actor/lib/test/auto/LevinsonDurbin.xml
----------------- Instantiating /home/travis/build/icyphy/ptII/ptolemy/actor/lib/test/auto/LevinsonDurbin.xml
1 ms. Memory: 1275904K Free: 659181K (52%)
----------------- Invoking toplevel() on ptolemy.moml.MoMLSimpleApplication@7a6270af
----------------- Done invoking toplevel() on ptolemy.moml.MoMLSimpleApplication@7a6270af
reloadAllAccessors: .LevinsonDurbin

===========================================================================================
----------------- testing Mon Jun 11 02:25:53 UTC 2018 /home/travis/build/icyphy/ptII/ptolemy/actor/lib/test/auto/LevinsonDurbin2.xml
----------------- Instantiating /home/travis/build/icyphy/ptII/ptolemy/actor/lib/test/auto/LevinsonDurbin2.xml
2 ms. Memory: 1275904K Free: 643480K (50%)
----------------- Invoking toplevel() on ptolemy.moml.MoMLSimpleApplication@7f9a109c
----------------- Done invoking toplevel() on ptolemy.moml.MoMLSimpleApplication@7f9a109c
reloadAllAccessors: .LevinsonDurbin2

===========================================================================================
----------------- testing Mon Jun 11 02:25:53 UTC 2018 /home/travis/build/icyphy/ptII/ptolemy/actor/lib/test/auto/LevinsonDurbin3.xml
----------------- Instantiating /home/travis/build/icyphy/ptII/ptolemy/actor/lib/test/auto/LevinsonDurbin3.xml
1 ms. Memory: 1275904K Free: 627778K (49%)
----------------- Invoking toplevel() on ptolemy.moml.MoMLSimpleApplication@528f300e
----------------- Done invoking toplevel() on ptolemy.moml.MoMLSimpleApplication@528f300e
reloadAllAccessors: .LevinsonDurbin3

===========================================================================================
----------------- testing Mon Jun 11 02:25:53 UTC 2018 /home/travis/build/icyphy/ptII/ptolemy/actor/lib/test/auto/Limiter.xml
----------------- Instantiating /home/travis/build/icyphy/ptII/ptolemy/actor/lib/test/auto/Limiter.xml
4 ms. Memory: 1275904K Free: 604963K (47%)
----------------- Invoking toplevel() on ptolemy.moml.MoMLSimpleApplication@780d0087
----------------- Done invoking toplevel() on ptolemy.moml.MoMLSimpleApplication@780d0087
reloadAllAccessors: .Limiter

===========================================================================================
----------------- testing Mon Jun 11 02:25:53 UTC 2018 /home/travis/build/icyphy/ptII/ptolemy/actor/lib/test/auto/LinearDifferenceEquationSystem.xml
----------------- Instantiating /home/travis/build/icyphy/ptII/ptolemy/actor/lib/test/auto/LinearDifferenceEquationSystem.xml
3 ms. Memory: 1275904K Free: 589262K (46%)
----------------- Invoking toplevel() on ptolemy.moml.MoMLSimpleApplication@13be7ebf
----------------- Done invoking toplevel() on ptolemy.moml.MoMLSimpleApplication@13be7ebf
reloadAllAccessors: .LinearDifferenceEquationSystem

===========================================================================================
----------------- testing Mon Jun 11 02:25:53 UTC 2018 /home/travis/build/icyphy/ptII/ptolemy/actor/lib/test/auto/LookupTable.xml
----------------- Instantiating /home/travis/build/icyphy/ptII/ptolemy/actor/lib/test/auto/LookupTable.xml
2 ms. Memory: 1275904K Free: 573561K (45%)
----------------- Invoking toplevel() on ptolemy.moml.MoMLSimpleApplication@6d6bc27
----------------- Done invoking toplevel() on ptolemy.moml.MoMLSimpleApplication@6d6bc27
reloadAllAccessors: .LookupTable

===========================================================================================
----------------- testing Mon Jun 11 02:25:53 UTC 2018 /home/travis/build/icyphy/ptII/ptolemy/actor/lib/test/auto/MathFunction.xml
----------------- Instantiating /home/travis/build/icyphy/ptII/ptolemy/actor/lib/test/auto/MathFunction.xml
2 ms. Memory: 1275904K Free: 550746K (43%)
----------------- Invoking toplevel() on ptolemy.moml.MoMLSimpleApplication@466bbd0c
----------------- Done invoking toplevel() on ptolemy.moml.MoMLSimpleApplication@466bbd0c
reloadAllAccessors: .MathFunction

===========================================================================================
----------------- testing Mon Jun 11 02:25:53 UTC 2018 /home/travis/build/icyphy/ptII/ptolemy/actor/lib/test/auto/MathFunction2.xml
----------------- Instantiating /home/travis/build/icyphy/ptII/ptolemy/actor/lib/test/auto/MathFunction2.xml
2 ms. Memory: 1275904K Free: 535044K (42%)
----------------- Invoking toplevel() on ptolemy.moml.MoMLSimpleApplication@53f3001e
----------------- Done invoking toplevel() on ptolemy.moml.MoMLSimpleApplication@53f3001e
reloadAllAccessors: .MathFunction2

===========================================================================================
----------------- testing Mon Jun 11 02:25:53 UTC 2018 /home/travis/build/icyphy/ptII/ptolemy/actor/lib/test/auto/MathFunction3.xml
----------------- Instantiating /home/travis/build/icyphy/ptII/ptolemy/actor/lib/test/auto/MathFunction3.xml
2 ms. Memory: 1275904K Free: 519343K (41%)
----------------- Invoking toplevel() on ptolemy.moml.MoMLSimpleApplication@d49f914
----------------- Done invoking toplevel() on ptolemy.moml.MoMLSimpleApplication@d49f914
reloadAllAccessors: .MathFunction3

===========================================================================================
----------------- testing Mon Jun 11 02:25:53 UTC 2018 /home/travis/build/icyphy/ptII/ptolemy/actor/lib/test/auto/MatrixCropBoolean.xml
----------------- Instantiating /home/travis/build/icyphy/ptII/ptolemy/actor/lib/test/auto/MatrixCropBoolean.xml
1 ms. Memory: 1275904K Free: 503642K (39%)
----------------- Invoking toplevel() on ptolemy.moml.MoMLSimpleApplication@22dbf940
----------------- Done invoking toplevel() on ptolemy.moml.MoMLSimpleApplication@22dbf940
reloadAllAccessors: .MatrixCropBoolean

===========================================================================================
----------------- testing Mon Jun 11 02:25:53 UTC 2018 /home/travis/build/icyphy/ptII/ptolemy/actor/lib/test/auto/MatrixCropComplex.xml
----------------- Instantiating /home/travis/build/icyphy/ptII/ptolemy/actor/lib/test/auto/MatrixCropComplex.xml
2 ms. Memory: 1275904K Free: 480827K (38%)
----------------- Invoking toplevel() on ptolemy.moml.MoMLSimpleApplication@4d394031
----------------- Done invoking toplevel() on ptolemy.moml.MoMLSimpleApplication@4d394031
reloadAllAccessors: .MatrixCropComplex

===========================================================================================
----------------- testing Mon Jun 11 02:25:53 UTC 2018 /home/travis/build/icyphy/ptII/ptolemy/actor/lib/test/auto/MatrixCropDouble.xml
----------------- Instantiating /home/travis/build/icyphy/ptII/ptolemy/actor/lib/test/auto/MatrixCropDouble.xml
2 ms. Memory: 1275904K Free: 465125K (36%)
----------------- Invoking toplevel() on ptolemy.moml.MoMLSimpleApplication@201c58be
----------------- Done invoking toplevel() on ptolemy.moml.MoMLSimpleApplication@201c58be
reloadAllAccessors: .MatrixCropDouble

===========================================================================================
----------------- testing Mon Jun 11 02:25:53 UTC 2018 /home/travis/build/icyphy/ptII/ptolemy/actor/lib/test/auto/MatrixCropFix.xml
----------------- Instantiating /home/travis/build/icyphy/ptII/ptolemy/actor/lib/test/auto/MatrixCropFix.xml
2 ms. Memory: 1275904K Free: 449424K (35%)
----------------- Invoking toplevel() on ptolemy.moml.MoMLSimpleApplication@5cc3a61e
----------------- Done invoking toplevel() on ptolemy.moml.MoMLSimpleApplication@5cc3a61e
reloadAllAccessors: .MatrixCropFix

===========================================================================================
----------------- testing Mon Jun 11 02:25:53 UTC 2018 /home/travis/build/icyphy/ptII/ptolemy/actor/lib/test/auto/MatrixCropInt.xml
----------------- Instantiating /home/travis/build/icyphy/ptII/ptolemy/actor/lib/test/auto/MatrixCropInt.xml
2 ms. Memory: 1275904K Free: 426609K (33%)
----------------- Invoking toplevel() on ptolemy.moml.MoMLSimpleApplication@7c15bc2b
----------------- Done invoking toplevel() on ptolemy.moml.MoMLSimpleApplication@7c15bc2b
reloadAllAccessors: .MatrixCropInt

===========================================================================================
----------------- testing Mon Jun 11 02:25:53 UTC 2018 /home/travis/build/icyphy/ptII/ptolemy/actor/lib/test/auto/MatrixCropLong.xml
----------------- Instantiating /home/travis/build/icyphy/ptII/ptolemy/actor/lib/test/auto/MatrixCropLong.xml
2 ms. Memory: 1275904K Free: 410907K (32%)
----------------- Invoking toplevel() on ptolemy.moml.MoMLSimpleApplication@3572eeb1
----------------- Done invoking toplevel() on ptolemy.moml.MoMLSimpleApplication@3572eeb1
reloadAllAccessors: .MatrixCropLong

===========================================================================================
----------------- testing Mon Jun 11 02:25:53 UTC 2018 /home/travis/build/icyphy/ptII/ptolemy/actor/lib/test/auto/MatrixToArray.xml
----------------- Instantiating /home/travis/build/icyphy/ptII/ptolemy/actor/lib/test/auto/MatrixToArray.xml
5 ms. Memory: 1275904K Free: 387355K (30%)
----------------- Invoking toplevel() on ptolemy.moml.MoMLSimpleApplication@8a5bd29
----------------- Done invoking toplevel() on ptolemy.moml.MoMLSimpleApplication@8a5bd29
reloadAllAccessors: .MatrixToArray

===========================================================================================
----------------- testing Mon Jun 11 02:25:53 UTC 2018 /home/travis/build/icyphy/ptII/ptolemy/actor/lib/test/auto/MaxIndex.xml
----------------- Instantiating /home/travis/build/icyphy/ptII/ptolemy/actor/lib/test/auto/MaxIndex.xml
2 ms. Memory: 1275904K Free: 364541K (29%)
----------------- Invoking toplevel() on ptolemy.moml.MoMLSimpleApplication@7afc55ee
----------------- Done invoking toplevel() on ptolemy.moml.MoMLSimpleApplication@7afc55ee
reloadAllAccessors: .MaxIndex

===========================================================================================
----------------- testing Mon Jun 11 02:25:53 UTC 2018 /home/travis/build/icyphy/ptII/ptolemy/actor/lib/test/auto/Maximum.xml
----------------- Instantiating /home/travis/build/icyphy/ptII/ptolemy/actor/lib/test/auto/Maximum.xml
2 ms. Memory: 1275904K Free: 348839K (27%)
----------------- Invoking toplevel() on ptolemy.moml.MoMLSimpleApplication@5464896f
----------------- Done invoking toplevel() on ptolemy.moml.MoMLSimpleApplication@5464896f
reloadAllAccessors: .Maximum

===========================================================================================
----------------- testing Mon Jun 11 02:25:53 UTC 2018 /home/travis/build/icyphy/ptII/ptolemy/actor/lib/test/auto/MaximumComplex.xml
----------------- Instantiating /home/travis/build/icyphy/ptII/ptolemy/actor/lib/test/auto/MaximumComplex.xml
3 ms. Memory: 1275904K Free: 333138K (26%)
----------------- Invoking toplevel() on ptolemy.moml.MoMLSimpleApplication@6a701053
----------------- Done invoking toplevel() on ptolemy.moml.MoMLSimpleApplication@6a701053
reloadAllAccessors: .MaximumComplex

===========================================================================================
----------------- testing Mon Jun 11 02:25:53 UTC 2018 /home/travis/build/icyphy/ptII/ptolemy/actor/lib/test/auto/MethodCallTest.xml
----------------- Instantiating /home/travis/build/icyphy/ptII/ptolemy/actor/lib/test/auto/MethodCallTest.xml
2 ms. Memory: 1275904K Free: 310323K (24%)
----------------- Invoking toplevel() on ptolemy.moml.MoMLSimpleApplication@a9a7533
----------------- Done invoking toplevel() on ptolemy.moml.MoMLSimpleApplication@a9a7533
reloadAllAccessors: .MethodCallTest

===========================================================================================
----------------- testing Mon Jun 11 02:25:54 UTC 2018 /home/travis/build/icyphy/ptII/ptolemy/actor/lib/test/auto/Minimum.xml
----------------- Instantiating /home/travis/build/icyphy/ptII/ptolemy/actor/lib/test/auto/Minimum.xml
2 ms. Memory: 1275904K Free: 294622K (23%)
----------------- Invoking toplevel() on ptolemy.moml.MoMLSimpleApplication@122158e0
----------------- Done invoking toplevel() on ptolemy.moml.MoMLSimpleApplication@122158e0
reloadAllAccessors: .Minimum

===========================================================================================
----------------- testing Mon Jun 11 02:25:54 UTC 2018 /home/travis/build/icyphy/ptII/ptolemy/actor/lib/test/auto/MinimumComplex.xml
----------------- Instantiating /home/travis/build/icyphy/ptII/ptolemy/actor/lib/test/auto/MinimumComplex.xml
3 ms. Memory: 1275904K Free: 278920K (22%)
----------------- Invoking toplevel() on ptolemy.moml.MoMLSimpleApplication@297df5e1
----------------- Done invoking toplevel() on ptolemy.moml.MoMLSimpleApplication@297df5e1
reloadAllAccessors: .MinimumComplex

===========================================================================================
----------------- testing Mon Jun 11 02:25:54 UTC 2018 /home/travis/build/icyphy/ptII/ptolemy/actor/lib/test/auto/MinimumMultiports.xml
----------------- Instantiating /home/travis/build/icyphy/ptII/ptolemy/actor/lib/test/auto/MinimumMultiports.xml
4 ms. Memory: 1275904K Free: 256105K (20%)
----------------- Invoking toplevel() on ptolemy.moml.MoMLSimpleApplication@33747bcd
----------------- Done invoking toplevel() on ptolemy.moml.MoMLSimpleApplication@33747bcd
reloadAllAccessors: .MinimumMultiports

===========================================================================================
----------------- testing Mon Jun 11 02:25:54 UTC 2018 /home/travis/build/icyphy/ptII/ptolemy/actor/lib/test/auto/ModifyDate.xml
----------------- Instantiating /home/travis/build/icyphy/ptII/ptolemy/actor/lib/test/auto/ModifyDate.xml
5 ms. Memory: 1275904K Free: 232537K (18%)
----------------- Invoking toplevel() on ptolemy.moml.MoMLSimpleApplication@1868850c
----------------- Done invoking toplevel() on ptolemy.moml.MoMLSimpleApplication@1868850c
reloadAllAccessors: .ModifyDate

===========================================================================================
----------------- testing Mon Jun 11 02:25:54 UTC 2018 /home/travis/build/icyphy/ptII/ptolemy/actor/lib/test/auto/ModifyDate2.xml
----------------- Instantiating /home/travis/build/icyphy/ptII/ptolemy/actor/lib/test/auto/ModifyDate2.xml
3 ms. Memory: 1275904K Free: 208969K (16%)
----------------- Invoking toplevel() on ptolemy.moml.MoMLSimpleApplication@2706c897
----------------- Done invoking toplevel() on ptolemy.moml.MoMLSimpleApplication@2706c897
reloadAllAccessors: .ModifyDate2

===========================================================================================
----------------- testing Mon Jun 11 02:25:54 UTC 2018 /home/travis/build/icyphy/ptII/ptolemy/actor/lib/test/auto/MovingAverage.xml
----------------- Instantiating /home/travis/build/icyphy/ptII/ptolemy/actor/lib/test/auto/MovingAverage.xml
2 ms. Memory: 1275904K Free: 186154K (15%)
----------------- Invoking toplevel() on ptolemy.moml.MoMLSimpleApplication@228aabe6
----------------- Done invoking toplevel() on ptolemy.moml.MoMLSimpleApplication@228aabe6
reloadAllAccessors: .MovingAverage

===========================================================================================
----------------- testing Mon Jun 11 02:25:54 UTC 2018 /home/travis/build/icyphy/ptII/ptolemy/actor/lib/test/auto/MovingMaximum.xml
----------------- Instantiating /home/travis/build/icyphy/ptII/ptolemy/actor/lib/test/auto/MovingMaximum.xml
2 ms. Memory: 1275904K Free: 162798K (13%)
----------------- Invoking toplevel() on ptolemy.moml.MoMLSimpleApplication@29966b7
----------------- Done invoking toplevel() on ptolemy.moml.MoMLSimpleApplication@29966b7
reloadAllAccessors: .MovingMaximum

===========================================================================================
----------------- testing Mon Jun 11 02:25:54 UTC 2018 /home/travis/build/icyphy/ptII/ptolemy/actor/lib/test/auto/MultipleLinksToSameRelation.xml
----------------- Instantiating /home/travis/build/icyphy/ptII/ptolemy/actor/lib/test/auto/MultipleLinksToSameRelation.xml
2 ms. Memory: 1275904K Free: 147097K (12%)
----------------- Invoking toplevel() on ptolemy.moml.MoMLSimpleApplication@f97af22
----------------- Done invoking toplevel() on ptolemy.moml.MoMLSimpleApplication@f97af22
reloadAllAccessors: .MultipleLinksToSameRelation

===========================================================================================
----------------- testing Mon Jun 11 02:25:54 UTC 2018 /home/travis/build/icyphy/ptII/ptolemy/actor/lib/test/auto/MultipleLinksToSameRelationDE.xml
----------------- Instantiating /home/travis/build/icyphy/ptII/ptolemy/actor/lib/test/auto/MultipleLinksToSameRelationDE.xml
2 ms. Memory: 1275904K Free: 124282K (10%)
----------------- Invoking toplevel() on ptolemy.moml.MoMLSimpleApplication@33a3d45
----------------- Done invoking toplevel() on ptolemy.moml.MoMLSimpleApplication@33a3d45
reloadAllAccessors: .MultipleLinksToSameRelationDE

===========================================================================================
----------------- testing Mon Jun 11 02:25:54 UTC 2018 /home/travis/build/icyphy/ptII/ptolemy/actor/lib/test/auto/Multiplexor.xml
----------------- Instantiating /home/travis/build/icyphy/ptII/ptolemy/actor/lib/test/auto/Multiplexor.xml
2 ms. Memory: 1275904K Free: 108581K (9%)
----------------- Invoking toplevel() on ptolemy.moml.MoMLSimpleApplication@501d5de8
----------------- Done invoking toplevel() on ptolemy.moml.MoMLSimpleApplication@501d5de8
reloadAllAccessors: .Multiplexor

===========================================================================================
----------------- testing Mon Jun 11 02:25:54 UTC 2018 /home/travis/build/icyphy/ptII/ptolemy/actor/lib/test/auto/Multiplexor1.xml
----------------- Instantiating /home/travis/build/icyphy/ptII/ptolemy/actor/lib/test/auto/Multiplexor1.xml
2 ms. Memory: 1275904K Free: 92879K (7%)
----------------- Invoking toplevel() on ptolemy.moml.MoMLSimpleApplication@73830aee
----------------- Done invoking toplevel() on ptolemy.moml.MoMLSimpleApplication@73830aee
reloadAllAccessors: .Multiplexor1

===========================================================================================
----------------- testing Mon Jun 11 02:25:54 UTC 2018 /home/travis/build/icyphy/ptII/ptolemy/actor/lib/test/auto/Multiplexor2.xml
----------------- Instantiating /home/travis/build/icyphy/ptII/ptolemy/actor/lib/test/auto/Multiplexor2.xml
3 ms. Memory: 1275904K Free: 70064K (5%)
----------------- Invoking toplevel() on ptolemy.moml.MoMLSimpleApplication@28974c53
----------------- Done invoking toplevel() on ptolemy.moml.MoMLSimpleApplication@28974c53
reloadAllAccessors: .Multiplexor2

===========================================================================================
----------------- testing Mon Jun 11 02:25:54 UTC 2018 /home/travis/build/icyphy/ptII/ptolemy/actor/lib/test/auto/Multiplexor3.xml
----------------- Instantiating /home/travis/build/icyphy/ptII/ptolemy/actor/lib/test/auto/Multiplexor3.xml
2 ms. Memory: 1275904K Free: 60378K (5%)
----------------- Invoking toplevel() on ptolemy.moml.MoMLSimpleApplication@5ae64349
----------------- Done invoking toplevel() on ptolemy.moml.MoMLSimpleApplication@5ae64349
reloadAllAccessors: .Multiplexor3

===========================================================================================
----------------- testing Mon Jun 11 02:25:54 UTC 2018 /home/travis/build/icyphy/ptII/ptolemy/actor/lib/test/auto/MultiplexorDE.xml
----------------- Instantiating /home/travis/build/icyphy/ptII/ptolemy/actor/lib/test/auto/MultiplexorDE.xml
2 ms. Memory: 1397760K Free: 1344167K (96%)
----------------- Invoking toplevel() on ptolemy.moml.MoMLSimpleApplication@97c6c25
----------------- Done invoking toplevel() on ptolemy.moml.MoMLSimpleApplication@97c6c25
reloadAllAccessors: .MultiplexorDE

===========================================================================================
----------------- testing Mon Jun 11 02:25:54 UTC 2018 /home/travis/build/icyphy/ptII/ptolemy/actor/lib/test/auto/MultiportBroadcastTest.xml
----------------- Instantiating /home/travis/build/icyphy/ptII/ptolemy/actor/lib/test/auto/MultiportBroadcastTest.xml
53 ms. Memory: 1397760K Free: 1324974K (95%)
----------------- Invoking toplevel() on ptolemy.moml.MoMLSimpleApplication@baa9508
----------------- Done invoking toplevel() on ptolemy.moml.MoMLSimpleApplication@baa9508
reloadAllAccessors: .MultiportBroadcastTest

===========================================================================================
----------------- testing Mon Jun 11 02:25:54 UTC 2018 /home/travis/build/icyphy/ptII/ptolemy/actor/lib/test/auto/MultiportOutHangDuringGetWidth.xml
----------------- Instantiating /home/travis/build/icyphy/ptII/ptolemy/actor/lib/test/auto/MultiportOutHangDuringGetWidth.xml
4 ms. Memory: 1397760K Free: 1305490K (93%)
----------------- Invoking toplevel() on ptolemy.moml.MoMLSimpleApplication@6d50696a
----------------- Done invoking toplevel() on ptolemy.moml.MoMLSimpleApplication@6d50696a
reloadAllAccessors: .MultiportOutHangDuringGetWidth

===========================================================================================
----------------- testing Mon Jun 11 02:25:54 UTC 2018 /home/travis/build/icyphy/ptII/ptolemy/actor/lib/test/auto/NilToken.xml
----------------- Instantiating /home/travis/build/icyphy/ptII/ptolemy/actor/lib/test/auto/NilToken.xml
1 ms. Memory: 1397760K Free: 1286297K (92%)
----------------- Invoking toplevel() on ptolemy.moml.MoMLSimpleApplication@f6b90f5
----------------- Done invoking toplevel() on ptolemy.moml.MoMLSimpleApplication@f6b90f5
reloadAllAccessors: .NilToken

===========================================================================================
----------------- testing Mon Jun 11 02:25:54 UTC 2018 /home/travis/build/icyphy/ptII/ptolemy/actor/lib/test/auto/NilTokenNonStrictTest.xml
----------------- Instantiating /home/travis/build/icyphy/ptII/ptolemy/actor/lib/test/auto/NilTokenNonStrictTest.xml
1 ms. Memory: 1397760K Free: 1273307K (91%)
----------------- Invoking toplevel() on ptolemy.moml.MoMLSimpleApplication@6e479993
----------------- Done invoking toplevel() on ptolemy.moml.MoMLSimpleApplication@6e479993
reloadAllAccessors: .NilTokenNonStrictTest

===========================================================================================
----------------- testing Mon Jun 11 02:25:54 UTC 2018 /home/travis/build/icyphy/ptII/ptolemy/actor/lib/test/auto/NilTokenRecord.xml
----------------- Instantiating /home/travis/build/icyphy/ptII/ptolemy/actor/lib/test/auto/NilTokenRecord.xml
4 ms. Memory: 1397760K Free: 1260318K (90%)
----------------- Invoking toplevel() on ptolemy.moml.MoMLSimpleApplication@1de614b2
----------------- Done invoking toplevel() on ptolemy.moml.MoMLSimpleApplication@1de614b2
reloadAllAccessors: .NilTokenRecord

===========================================================================================
----------------- testing Mon Jun 11 02:25:54 UTC 2018 /home/travis/build/icyphy/ptII/ptolemy/actor/lib/test/auto/NilTokenTypeTest.xml
----------------- Instantiating /home/travis/build/icyphy/ptII/ptolemy/actor/lib/test/auto/NilTokenTypeTest.xml
7 ms. Memory: 1397760K Free: 1234622K (88%)
----------------- Invoking toplevel() on ptolemy.moml.MoMLSimpleApplication@2a9479f2
----------------- Done invoking toplevel() on ptolemy.moml.MoMLSimpleApplication@2a9479f2
reloadAllAccessors: .NilTokenTypeTest

===========================================================================================
----------------- testing Mon Jun 11 02:25:54 UTC 2018 /home/travis/build/icyphy/ptII/ptolemy/actor/lib/test/auto/ObjectToken1.xml
----------------- Instantiating /home/travis/build/icyphy/ptII/ptolemy/actor/lib/test/auto/ObjectToken1.xml
1 ms. Memory: 1397760K Free: 1221632K (87%)
----------------- Invoking toplevel() on ptolemy.moml.MoMLSimpleApplication@7255016b
----------------- Done invoking toplevel() on ptolemy.moml.MoMLSimpleApplication@7255016b
reloadAllAccessors: .ObjectToken1

===========================================================================================
----------------- testing Mon Jun 11 02:25:54 UTC 2018 /home/travis/build/icyphy/ptII/ptolemy/actor/lib/test/auto/OrderedMerge.xml
----------------- Instantiating /home/travis/build/icyphy/ptII/ptolemy/actor/lib/test/auto/OrderedMerge.xml
9 ms. Memory: 1397760K Free: 1176460K (84%)
----------------- Invoking toplevel() on ptolemy.moml.MoMLSimpleApplication@4a1c94f1
----------------- Done invoking toplevel() on ptolemy.moml.MoMLSimpleApplication@4a1c94f1
reloadAllAccessors: .OrderedMerge

===========================================================================================
----------------- testing Mon Jun 11 02:25:54 UTC 2018 /home/travis/build/icyphy/ptII/ptolemy/actor/lib/test/auto/OrderedRecordDisassembler.xml
----------------- Instantiating /home/travis/build/icyphy/ptII/ptolemy/actor/lib/test/auto/OrderedRecordDisassembler.xml
3 ms. Memory: 1397760K Free: 1163471K (83%)
----------------- Invoking toplevel() on ptolemy.moml.MoMLSimpleApplication@640854d8
----------------- Done invoking toplevel() on ptolemy.moml.MoMLSimpleApplication@640854d8
reloadAllAccessors: .OrderedRecordDisassembler

===========================================================================================
----------------- testing Mon Jun 11 02:25:54 UTC 2018 /home/travis/build/icyphy/ptII/ptolemy/actor/lib/test/auto/OrderedRecordDisassembler2.xml
----------------- Instantiating /home/travis/build/icyphy/ptII/ptolemy/actor/lib/test/auto/OrderedRecordDisassembler2.xml
3 ms. Memory: 1397760K Free: 1150481K (82%)
----------------- Invoking toplevel() on ptolemy.moml.MoMLSimpleApplication@14f9c138
----------------- Done invoking toplevel() on ptolemy.moml.MoMLSimpleApplication@14f9c138
reloadAllAccessors: .OrderedRecordDisassembler2

===========================================================================================
----------------- testing Mon Jun 11 02:25:54 UTC 2018 /home/travis/build/icyphy/ptII/ptolemy/actor/lib/test/auto/OrderedRecordUpdater.xml
----------------- Instantiating /home/travis/build/icyphy/ptII/ptolemy/actor/lib/test/auto/OrderedRecordUpdater.xml
1 ms. Memory: 1397760K Free: 1131288K (81%)
----------------- Invoking toplevel() on ptolemy.moml.MoMLSimpleApplication@6c2414c9
----------------- Done invoking toplevel() on ptolemy.moml.MoMLSimpleApplication@6c2414c9
reloadAllAccessors: .RecordUpdater

===========================================================================================
----------------- testing Mon Jun 11 02:25:54 UTC 2018 /home/travis/build/icyphy/ptII/ptolemy/actor/lib/test/auto/OrderedRecordUpdater2.xml
----------------- Instantiating /home/travis/build/icyphy/ptII/ptolemy/actor/lib/test/auto/OrderedRecordUpdater2.xml
2 ms. Memory: 1397760K Free: 1118298K (80%)
----------------- Invoking toplevel() on ptolemy.moml.MoMLSimpleApplication@f072909
----------------- Done invoking toplevel() on ptolemy.moml.MoMLSimpleApplication@f072909
reloadAllAccessors: .RecordUpdater2

===========================================================================================
----------------- testing Mon Jun 11 02:25:54 UTC 2018 /home/travis/build/icyphy/ptII/ptolemy/actor/lib/test/auto/PhaseUnwrap.xml
----------------- Instantiating /home/travis/build/icyphy/ptII/ptolemy/actor/lib/test/auto/PhaseUnwrap.xml
1 ms. Memory: 1397760K Free: 1105309K (79%)
----------------- Invoking toplevel() on ptolemy.moml.MoMLSimpleApplication@50e473dd
----------------- Done invoking toplevel() on ptolemy.moml.MoMLSimpleApplication@50e473dd
reloadAllAccessors: .PhaseUnwrap

===========================================================================================
----------------- testing Mon Jun 11 02:25:54 UTC 2018 /home/travis/build/icyphy/ptII/ptolemy/actor/lib/test/auto/PoissonClock.xml
----------------- Instantiating /home/travis/build/icyphy/ptII/ptolemy/actor/lib/test/auto/PoissonClock.xml
1 ms. Memory: 1397760K Free: 1086116K (78%)
----------------- Invoking toplevel() on ptolemy.moml.MoMLSimpleApplication@2b9af21a
----------------- Done invoking toplevel() on ptolemy.moml.MoMLSimpleApplication@2b9af21a
reloadAllAccessors: .PoissonClock

===========================================================================================
----------------- testing Mon Jun 11 02:25:54 UTC 2018 /home/travis/build/icyphy/ptII/ptolemy/actor/lib/test/auto/PoissonClock2.xml
----------------- Instantiating /home/travis/build/icyphy/ptII/ptolemy/actor/lib/test/auto/PoissonClock2.xml
1 ms. Memory: 1397760K Free: 1073126K (77%)
----------------- Invoking toplevel() on ptolemy.moml.MoMLSimpleApplication@39ad1901
----------------- Done invoking toplevel() on ptolemy.moml.MoMLSimpleApplication@39ad1901
reloadAllAccessors: .PoissonClock2

===========================================================================================
----------------- testing Mon Jun 11 02:25:54 UTC 2018 /home/travis/build/icyphy/ptII/ptolemy/actor/lib/test/auto/PoissonClock3.xml
----------------- Instantiating /home/travis/build/icyphy/ptII/ptolemy/actor/lib/test/auto/PoissonClock3.xml
2 ms. Memory: 1397760K Free: 1053932K (75%)
----------------- Invoking toplevel() on ptolemy.moml.MoMLSimpleApplication@70db589c
----------------- Done invoking toplevel() on ptolemy.moml.MoMLSimpleApplication@70db589c
reloadAllAccessors: .PoissonClock3

===========================================================================================
----------------- testing Mon Jun 11 02:25:54 UTC 2018 /home/travis/build/icyphy/ptII/ptolemy/actor/lib/test/auto/PubSubWithInitialTokens.xml
----------------- Instantiating /home/travis/build/icyphy/ptII/ptolemy/actor/lib/test/auto/PubSubWithInitialTokens.xml
2 ms. Memory: 1397760K Free: 1040943K (74%)
----------------- Invoking toplevel() on ptolemy.moml.MoMLSimpleApplication@30ceaba7
----------------- Done invoking toplevel() on ptolemy.moml.MoMLSimpleApplication@30ceaba7
reloadAllAccessors: .PubSubWithInitialTokens

===========================================================================================
----------------- testing Mon Jun 11 02:25:54 UTC 2018 /home/travis/build/icyphy/ptII/ptolemy/actor/lib/test/auto/PubSubWithInitialTokens2.xml
----------------- Instantiating /home/travis/build/icyphy/ptII/ptolemy/actor/lib/test/auto/PubSubWithInitialTokens2.xml
2 ms. Memory: 1397760K Free: 1027954K (74%)
----------------- Invoking toplevel() on ptolemy.moml.MoMLSimpleApplication@21386f6a
----------------- Done invoking toplevel() on ptolemy.moml.MoMLSimpleApplication@21386f6a
reloadAllAccessors: .PubSubWithInitialTokens2

===========================================================================================
----------------- testing Mon Jun 11 02:25:54 UTC 2018 /home/travis/build/icyphy/ptII/ptolemy/actor/lib/test/auto/PublisherClassNoParameter.xml
----------------- Instantiating /home/travis/build/icyphy/ptII/ptolemy/actor/lib/test/auto/PublisherClassNoParameter.xml
2 ms. Memory: 1397760K Free: 1002249K (72%)
----------------- Invoking toplevel() on ptolemy.moml.MoMLSimpleApplication@17ca1ba7
----------------- Done invoking toplevel() on ptolemy.moml.MoMLSimpleApplication@17ca1ba7
reloadAllAccessors: .PublisherClassNoParameter

===========================================================================================
----------------- testing Mon Jun 11 02:25:54 UTC 2018 /home/travis/build/icyphy/ptII/ptolemy/actor/lib/test/auto/PublisherClassParameter.xml
----------------- Instantiating /home/travis/build/icyphy/ptII/ptolemy/actor/lib/test/auto/PublisherClassParameter.xml
2 ms. Memory: 1397760K Free: 982749K (70%)
----------------- Invoking toplevel() on ptolemy.moml.MoMLSimpleApplication@4baa8d6c
----------------- Done invoking toplevel() on ptolemy.moml.MoMLSimpleApplication@4baa8d6c
reloadAllAccessors: .PublisherClassParameter

===========================================================================================
----------------- testing Mon Jun 11 02:25:54 UTC 2018 /home/travis/build/icyphy/ptII/ptolemy/actor/lib/test/auto/PublisherNonStrictTest.xml
----------------- Instantiating /home/travis/build/icyphy/ptII/ptolemy/actor/lib/test/auto/PublisherNonStrictTest.xml
3 ms. Memory: 1397760K Free: 963556K (69%)
----------------- Invoking toplevel() on ptolemy.moml.MoMLSimpleApplication@3d1f8d33
----------------- Done invoking toplevel() on ptolemy.moml.MoMLSimpleApplication@3d1f8d33
reloadAllAccessors: .PublisherNonStrictTest

===========================================================================================
----------------- testing Mon Jun 11 02:25:54 UTC 2018 /home/travis/build/icyphy/ptII/ptolemy/actor/lib/test/auto/PublisherPort1.xml
----------------- Instantiating /home/travis/build/icyphy/ptII/ptolemy/actor/lib/test/auto/PublisherPort1.xml
3 ms. Memory: 1397760K Free: 950566K (68%)
----------------- Invoking toplevel() on ptolemy.moml.MoMLSimpleApplication@20390bb9
----------------- Done invoking toplevel() on ptolemy.moml.MoMLSimpleApplication@20390bb9
reloadAllAccessors: .PublisherPort1

===========================================================================================
----------------- testing Mon Jun 11 02:25:54 UTC 2018 /home/travis/build/icyphy/ptII/ptolemy/actor/lib/test/auto/PublisherPort2.xml
----------------- Instantiating /home/travis/build/icyphy/ptII/ptolemy/actor/lib/test/auto/PublisherPort2.xml
2 ms. Memory: 1397760K Free: 937577K (67%)
----------------- Invoking toplevel() on ptolemy.moml.MoMLSimpleApplication@2785eb81
----------------- Done invoking toplevel() on ptolemy.moml.MoMLSimpleApplication@2785eb81
reloadAllAccessors: .PublisherPort2

===========================================================================================
----------------- testing Mon Jun 11 02:25:54 UTC 2018 /home/travis/build/icyphy/ptII/ptolemy/actor/lib/test/auto/PublisherPort3.xml
----------------- Instantiating /home/travis/build/icyphy/ptII/ptolemy/actor/lib/test/auto/PublisherPort3.xml
3 ms. Memory: 1397760K Free: 918383K (66%)
----------------- Invoking toplevel() on ptolemy.moml.MoMLSimpleApplication@7a2183
----------------- Done invoking toplevel() on ptolemy.moml.MoMLSimpleApplication@7a2183
reloadAllAccessors: .PublisherPort3

===========================================================================================
----------------- testing Mon Jun 11 02:25:54 UTC 2018 /home/travis/build/icyphy/ptII/ptolemy/actor/lib/test/auto/PublisherPort4.xml
----------------- Instantiating /home/travis/build/icyphy/ptII/ptolemy/actor/lib/test/auto/PublisherPort4.xml
2 ms. Memory: 1397760K Free: 905394K (65%)
----------------- Invoking toplevel() on ptolemy.moml.MoMLSimpleApplication@194c91d6
----------------- Done invoking toplevel() on ptolemy.moml.MoMLSimpleApplication@194c91d6
reloadAllAccessors: .PublisherPort4

===========================================================================================
----------------- testing Mon Jun 11 02:25:54 UTC 2018 /home/travis/build/icyphy/ptII/ptolemy/actor/lib/test/auto/PublisherPort5.xml
----------------- Instantiating /home/travis/build/icyphy/ptII/ptolemy/actor/lib/test/auto/PublisherPort5.xml
4 ms. Memory: 1397760K Free: 886201K (63%)
----------------- Invoking toplevel() on ptolemy.moml.MoMLSimpleApplication@7e556ea3
----------------- Done invoking toplevel() on ptolemy.moml.MoMLSimpleApplication@7e556ea3
reloadAllAccessors: .PublisherPort5

===========================================================================================
----------------- testing Mon Jun 11 02:25:54 UTC 2018 /home/travis/build/icyphy/ptII/ptolemy/actor/lib/test/auto/PublisherPort5LookAlike.xml
----------------- Instantiating /home/travis/build/icyphy/ptII/ptolemy/actor/lib/test/auto/PublisherPort5LookAlike.xml
3 ms. Memory: 1397760K Free: 873211K (62%)
----------------- Invoking toplevel() on ptolemy.moml.MoMLSimpleApplication@23924e79
----------------- Done invoking toplevel() on ptolemy.moml.MoMLSimpleApplication@23924e79
reloadAllAccessors: .PublisherPort5LookAlike

===========================================================================================
----------------- testing Mon Jun 11 02:25:54 UTC 2018 /home/travis/build/icyphy/ptII/ptolemy/actor/lib/test/auto/PublisherPort6.xml
----------------- Instantiating /home/travis/build/icyphy/ptII/ptolemy/actor/lib/test/auto/PublisherPort6.xml
2 ms. Memory: 1397760K Free: 860222K (62%)
----------------- Invoking toplevel() on ptolemy.moml.MoMLSimpleApplication@2d9be87e
----------------- Done invoking toplevel() on ptolemy.moml.MoMLSimpleApplication@2d9be87e
reloadAllAccessors: .PublisherPort6

===========================================================================================
----------------- testing Mon Jun 11 02:25:54 UTC 2018 /home/travis/build/icyphy/ptII/ptolemy/actor/lib/test/auto/PublisherPort7.xml
----------------- Instantiating /home/travis/build/icyphy/ptII/ptolemy/actor/lib/test/auto/PublisherPort7.xml
3 ms. Memory: 1397760K Free: 841028K (60%)
----------------- Invoking toplevel() on ptolemy.moml.MoMLSimpleApplication@234624ae
----------------- Done invoking toplevel() on ptolemy.moml.MoMLSimpleApplication@234624ae
reloadAllAccessors: .PublisherPort7

===========================================================================================
----------------- testing Mon Jun 11 02:25:54 UTC 2018 /home/travis/build/icyphy/ptII/ptolemy/actor/lib/test/auto/PublisherPort8.xml
----------------- Instantiating /home/travis/build/icyphy/ptII/ptolemy/actor/lib/test/auto/PublisherPort8.xml
4 ms. Memory: 1397760K Free: 828039K (59%)
----------------- Invoking toplevel() on ptolemy.moml.MoMLSimpleApplication@6ba46e04
----------------- Done invoking toplevel() on ptolemy.moml.MoMLSimpleApplication@6ba46e04
reloadAllAccessors: .PublisherPort8

===========================================================================================
----------------- testing Mon Jun 11 02:25:54 UTC 2018 /home/travis/build/icyphy/ptII/ptolemy/actor/lib/test/auto/PublisherPortSubscriberChannelVariablesAOC2.xml
----------------- Instantiating /home/travis/build/icyphy/ptII/ptolemy/actor/lib/test/auto/PublisherPortSubscriberChannelVariablesAOC2.xml
3 ms. Memory: 1397760K Free: 802028K (57%)
----------------- Invoking toplevel() on ptolemy.moml.MoMLSimpleApplication@15fb7800
----------------- Done invoking toplevel() on ptolemy.moml.MoMLSimpleApplication@15fb7800
reloadAllAccessors: .PublisherPortSubscriberChannelVariablesAOC2

===========================================================================================
----------------- testing Mon Jun 11 02:25:54 UTC 2018 /home/travis/build/icyphy/ptII/ptolemy/actor/lib/test/auto/PublisherPortSubscriberOpaqueWidthInference.xml
----------------- Instantiating /home/travis/build/icyphy/ptII/ptolemy/actor/lib/test/auto/PublisherPortSubscriberOpaqueWidthInference.xml
3 ms. Memory: 1397760K Free: 782835K (56%)
----------------- Invoking toplevel() on ptolemy.moml.MoMLSimpleApplication@7f747a9
----------------- Done invoking toplevel() on ptolemy.moml.MoMLSimpleApplication@7f747a9
reloadAllAccessors: .PublisherPortSubscriberOpaqueWidthInference

===========================================================================================
----------------- testing Mon Jun 11 02:25:54 UTC 2018 /home/travis/build/icyphy/ptII/ptolemy/actor/lib/test/auto/PublisherPortSubscriberPortAdjacent.xml
----------------- Instantiating /home/travis/build/icyphy/ptII/ptolemy/actor/lib/test/auto/PublisherPortSubscriberPortAdjacent.xml
2 ms. Memory: 1397760K Free: 763350K (55%)
----------------- Invoking toplevel() on ptolemy.moml.MoMLSimpleApplication@35facd98
----------------- Done invoking toplevel() on ptolemy.moml.MoMLSimpleApplication@35facd98
reloadAllAccessors: .PublisherPortSubscriberPortAdjacent

===========================================================================================
----------------- testing Mon Jun 11 02:25:55 UTC 2018 /home/travis/build/icyphy/ptII/ptolemy/actor/lib/test/auto/PublisherPortSubscriberPortExpression.xml
----------------- Instantiating /home/travis/build/icyphy/ptII/ptolemy/actor/lib/test/auto/PublisherPortSubscriberPortExpression.xml
3 ms. Memory: 1397760K Free: 744156K (53%)
----------------- Invoking toplevel() on ptolemy.moml.MoMLSimpleApplication@4cb3cd7a
----------------- Done invoking toplevel() on ptolemy.moml.MoMLSimpleApplication@4cb3cd7a
reloadAllAccessors: .PublisherPortSubscriberPortExpression

===========================================================================================
----------------- testing Mon Jun 11 02:25:55 UTC 2018 /home/travis/build/icyphy/ptII/ptolemy/actor/lib/test/auto/PublisherPortSubscriberPortOpaqueD3Reverse.xml
----------------- Instantiating /home/travis/build/icyphy/ptII/ptolemy/actor/lib/test/auto/PublisherPortSubscriberPortOpaqueD3Reverse.xml
5 ms. Memory: 1397760K Free: 731167K (52%)
----------------- Invoking toplevel() on ptolemy.moml.MoMLSimpleApplication@5115a7bd
----------------- Done invoking toplevel() on ptolemy.moml.MoMLSimpleApplication@5115a7bd
reloadAllAccessors: .PublisherPortSubscriberPortOpaqueD3Reverse

===========================================================================================
----------------- testing Mon Jun 11 02:25:55 UTC 2018 /home/travis/build/icyphy/ptII/ptolemy/actor/lib/test/auto/PublisherPortSubscriberPortOpaqueWidthInference.xml
----------------- Instantiating /home/travis/build/icyphy/ptII/ptolemy/actor/lib/test/auto/PublisherPortSubscriberPortOpaqueWidthInference.xml
3 ms. Memory: 1397760K Free: 718177K (51%)
----------------- Invoking toplevel() on ptolemy.moml.MoMLSimpleApplication@2ded623b
----------------- Done invoking toplevel() on ptolemy.moml.MoMLSimpleApplication@2ded623b
reloadAllAccessors: .PublisherPortSubscriberPortOpaqueWidthInference

===========================================================================================
----------------- testing Mon Jun 11 02:25:55 UTC 2018 /home/travis/build/icyphy/ptII/ptolemy/actor/lib/test/auto/PublisherPortToplevelSubscriberPortAOC.xml
----------------- Instantiating /home/travis/build/icyphy/ptII/ptolemy/actor/lib/test/auto/PublisherPortToplevelSubscriberPortAOC.xml
.PublisherPortToplevelSubscriberPortAOC.TestExceptionAttribute: initialize() was not invoked, but wrapup() was.  This is unusual, but not always a problem.  For example, exporting JNLP will do this.
0 ms. Memory: 1397760K Free: 698984K (50%)
----------------- Invoking toplevel() on ptolemy.moml.MoMLSimpleApplication@15f862ee
----------------- Done invoking toplevel() on ptolemy.moml.MoMLSimpleApplication@15f862ee
reloadAllAccessors: .PublisherPortToplevelSubscriberPortAOC

===========================================================================================
----------------- testing Mon Jun 11 02:25:55 UTC 2018 /home/travis/build/icyphy/ptII/ptolemy/actor/lib/test/auto/PublisherSubscriber.xml
----------------- Instantiating /home/travis/build/icyphy/ptII/ptolemy/actor/lib/test/auto/PublisherSubscriber.xml
2 ms. Memory: 1397760K Free: 685994K (49%)
----------------- Invoking toplevel() on ptolemy.moml.MoMLSimpleApplication@1055ffbb
----------------- Done invoking toplevel() on ptolemy.moml.MoMLSimpleApplication@1055ffbb
reloadAllAccessors: .PublisherSubscriber

===========================================================================================
----------------- testing Mon Jun 11 02:25:55 UTC 2018 /home/travis/build/icyphy/ptII/ptolemy/actor/lib/test/auto/PublisherSubscriber10.xml
----------------- Instantiating /home/travis/build/icyphy/ptII/ptolemy/actor/lib/test/auto/PublisherSubscriber10.xml
5 ms. Memory: 1397760K Free: 660290K (47%)
----------------- Invoking toplevel() on ptolemy.moml.MoMLSimpleApplication@3b27a121
----------------- Done invoking toplevel() on ptolemy.moml.MoMLSimpleApplication@3b27a121
reloadAllAccessors: .PublisherSubscriber10

===========================================================================================
----------------- testing Mon Jun 11 02:25:55 UTC 2018 /home/travis/build/icyphy/ptII/ptolemy/actor/lib/test/auto/PublisherSubscriber10InitialOutputs.xml
----------------- Instantiating /home/travis/build/icyphy/ptII/ptolemy/actor/lib/test/auto/PublisherSubscriber10InitialOutputs.xml
4 ms. Memory: 1397760K Free: 647301K (46%)
----------------- Invoking toplevel() on ptolemy.moml.MoMLSimpleApplication@53c12181
----------------- Done invoking toplevel() on ptolemy.moml.MoMLSimpleApplication@53c12181
reloadAllAccessors: .PublisherSubscriber10InitialOutputs

===========================================================================================
----------------- testing Mon Jun 11 02:25:55 UTC 2018 /home/travis/build/icyphy/ptII/ptolemy/actor/lib/test/auto/PublisherSubscriber11.xml
----------------- Instantiating /home/travis/build/icyphy/ptII/ptolemy/actor/lib/test/auto/PublisherSubscriber11.xml
2 ms. Memory: 1397760K Free: 634311K (45%)
----------------- Invoking toplevel() on ptolemy.moml.MoMLSimpleApplication@1671be
----------------- Done invoking toplevel() on ptolemy.moml.MoMLSimpleApplication@1671be
reloadAllAccessors: .PublisherSubscriber11

===========================================================================================
----------------- testing Mon Jun 11 02:25:55 UTC 2018 /home/travis/build/icyphy/ptII/ptolemy/actor/lib/test/auto/PublisherSubscriber12.xml
----------------- Instantiating /home/travis/build/icyphy/ptII/ptolemy/actor/lib/test/auto/PublisherSubscriber12.xml
2 ms. Memory: 1397760K Free: 615118K (44%)
----------------- Invoking toplevel() on ptolemy.moml.MoMLSimpleApplication@30e2d851
----------------- Done invoking toplevel() on ptolemy.moml.MoMLSimpleApplication@30e2d851
reloadAllAccessors: .PublisherSubscriber12

===========================================================================================
----------------- testing Mon Jun 11 02:25:55 UTC 2018 /home/travis/build/icyphy/ptII/ptolemy/actor/lib/test/auto/PublisherSubscriber13.xml
----------------- Instantiating /home/travis/build/icyphy/ptII/ptolemy/actor/lib/test/auto/PublisherSubscriber13.xml
2 ms. Memory: 1397760K Free: 602128K (43%)
----------------- Invoking toplevel() on ptolemy.moml.MoMLSimpleApplication@12ae84b0
----------------- Done invoking toplevel() on ptolemy.moml.MoMLSimpleApplication@12ae84b0
reloadAllAccessors: .PublisherSubscriber13

===========================================================================================
----------------- testing Mon Jun 11 02:25:55 UTC 2018 /home/travis/build/icyphy/ptII/ptolemy/actor/lib/test/auto/PublisherSubscriber14.xml
----------------- Instantiating /home/travis/build/icyphy/ptII/ptolemy/actor/lib/test/auto/PublisherSubscriber14.xml
2 ms. Memory: 1397760K Free: 582935K (42%)
----------------- Invoking toplevel() on ptolemy.moml.MoMLSimpleApplication@7c14426a
----------------- Done invoking toplevel() on ptolemy.moml.MoMLSimpleApplication@7c14426a
reloadAllAccessors: .PublisherSubscriber14

===========================================================================================
----------------- testing Mon Jun 11 02:25:55 UTC 2018 /home/travis/build/icyphy/ptII/ptolemy/actor/lib/test/auto/PublisherSubscriber2.xml
----------------- Instantiating /home/travis/build/icyphy/ptII/ptolemy/actor/lib/test/auto/PublisherSubscriber2.xml
1 ms. Memory: 1397760K Free: 569946K (41%)
----------------- Invoking toplevel() on ptolemy.moml.MoMLSimpleApplication@4b9402cd
----------------- Done invoking toplevel() on ptolemy.moml.MoMLSimpleApplication@4b9402cd
reloadAllAccessors: .PublisherSubscriber2

===========================================================================================
----------------- testing Mon Jun 11 02:25:55 UTC 2018 /home/travis/build/icyphy/ptII/ptolemy/actor/lib/test/auto/PublisherSubscriber3.xml
----------------- Instantiating /home/travis/build/icyphy/ptII/ptolemy/actor/lib/test/auto/PublisherSubscriber3.xml
2 ms. Memory: 1397760K Free: 556956K (40%)
----------------- Invoking toplevel() on ptolemy.moml.MoMLSimpleApplication@3a60c2f
----------------- Done invoking toplevel() on ptolemy.moml.MoMLSimpleApplication@3a60c2f
reloadAllAccessors: .PublisherSubscriber3

===========================================================================================
----------------- testing Mon Jun 11 02:25:55 UTC 2018 /home/travis/build/icyphy/ptII/ptolemy/actor/lib/test/auto/PublisherSubscriber4.xml
----------------- Instantiating /home/travis/build/icyphy/ptII/ptolemy/actor/lib/test/auto/PublisherSubscriber4.xml
2 ms. Memory: 1397760K Free: 537763K (38%)
----------------- Invoking toplevel() on ptolemy.moml.MoMLSimpleApplication@c21e58d
----------------- Done invoking toplevel() on ptolemy.moml.MoMLSimpleApplication@c21e58d
reloadAllAccessors: .PublisherSubscriber4

===========================================================================================
----------------- testing Mon Jun 11 02:25:55 UTC 2018 /home/travis/build/icyphy/ptII/ptolemy/actor/lib/test/auto/PublisherSubscriber5.xml
----------------- Instantiating /home/travis/build/icyphy/ptII/ptolemy/actor/lib/test/auto/PublisherSubscriber5.xml
2 ms. Memory: 1397760K Free: 524774K (38%)
----------------- Invoking toplevel() on ptolemy.moml.MoMLSimpleApplication@267a7a64
----------------- Done invoking toplevel() on ptolemy.moml.MoMLSimpleApplication@267a7a64
reloadAllAccessors: .PublisherSubscriber5

===========================================================================================
----------------- testing Mon Jun 11 02:25:55 UTC 2018 /home/travis/build/icyphy/ptII/ptolemy/actor/lib/test/auto/PublisherSubscriber6.xml
----------------- Instantiating /home/travis/build/icyphy/ptII/ptolemy/actor/lib/test/auto/PublisherSubscriber6.xml
2 ms. Memory: 1397760K Free: 511784K (37%)
----------------- Invoking toplevel() on ptolemy.moml.MoMLSimpleApplication@6bf8d75f
----------------- Done invoking toplevel() on ptolemy.moml.MoMLSimpleApplication@6bf8d75f
reloadAllAccessors: .PublisherSubscriber6

===========================================================================================
----------------- testing Mon Jun 11 02:25:55 UTC 2018 /home/travis/build/icyphy/ptII/ptolemy/actor/lib/test/auto/PublisherSubscriber7.xml
----------------- Instantiating /home/travis/build/icyphy/ptII/ptolemy/actor/lib/test/auto/PublisherSubscriber7.xml
2 ms. Memory: 1397760K Free: 492591K (35%)
----------------- Invoking toplevel() on ptolemy.moml.MoMLSimpleApplication@778a90fd
----------------- Done invoking toplevel() on ptolemy.moml.MoMLSimpleApplication@778a90fd
reloadAllAccessors: .PublisherSubscriber7

===========================================================================================
----------------- testing Mon Jun 11 02:25:55 UTC 2018 /home/travis/build/icyphy/ptII/ptolemy/actor/lib/test/auto/PublisherSubscriber8.xml
----------------- Instantiating /home/travis/build/icyphy/ptII/ptolemy/actor/lib/test/auto/PublisherSubscriber8.xml
9 ms. Memory: 1397760K Free: 414654K (30%)
----------------- Invoking toplevel() on ptolemy.moml.MoMLSimpleApplication@428bec97
----------------- Done invoking toplevel() on ptolemy.moml.MoMLSimpleApplication@428bec97
reloadAllAccessors: .PublisherSubscriber8

===========================================================================================
----------------- testing Mon Jun 11 02:25:55 UTC 2018 /home/travis/build/icyphy/ptII/ptolemy/actor/lib/test/auto/PublisherSubscriber9.xml
----------------- Instantiating /home/travis/build/icyphy/ptII/ptolemy/actor/lib/test/auto/PublisherSubscriber9.xml
2 ms. Memory: 1397760K Free: 395460K (28%)
----------------- Invoking toplevel() on ptolemy.moml.MoMLSimpleApplication@165847cd
----------------- Done invoking toplevel() on ptolemy.moml.MoMLSimpleApplication@165847cd
reloadAllAccessors: .PublisherSubscriber9

===========================================================================================
----------------- testing Mon Jun 11 02:25:55 UTC 2018 /home/travis/build/icyphy/ptII/ptolemy/actor/lib/test/auto/PublisherSubscriberAdjacent.xml
----------------- Instantiating /home/travis/build/icyphy/ptII/ptolemy/actor/lib/test/auto/PublisherSubscriberAdjacent.xml
2 ms. Memory: 1397760K Free: 375968K (27%)
----------------- Invoking toplevel() on ptolemy.moml.MoMLSimpleApplication@25f64c47
----------------- Done invoking toplevel() on ptolemy.moml.MoMLSimpleApplication@25f64c47
reloadAllAccessors: .PublisherSubscriberAdjacent

===========================================================================================
----------------- testing Mon Jun 11 02:25:55 UTC 2018 /home/travis/build/icyphy/ptII/ptolemy/actor/lib/test/auto/PublisherSubscriberChannelVariablesAOC2.xml
----------------- Instantiating /home/travis/build/icyphy/ptII/ptolemy/actor/lib/test/auto/PublisherSubscriberChannelVariablesAOC2.xml
2 ms. Memory: 1397760K Free: 356476K (26%)
----------------- Invoking toplevel() on ptolemy.moml.MoMLSimpleApplication@19e69a51
----------------- Done invoking toplevel() on ptolemy.moml.MoMLSimpleApplication@19e69a51
reloadAllAccessors: .PublisherSubscriberChannelVariablesAOC2

===========================================================================================
----------------- testing Mon Jun 11 02:25:55 UTC 2018 /home/travis/build/icyphy/ptII/ptolemy/actor/lib/test/auto/PublisherSubscriberD3.xml
----------------- Instantiating /home/travis/build/icyphy/ptII/ptolemy/actor/lib/test/auto/PublisherSubscriberD3.xml
2 ms. Memory: 1397760K Free: 337283K (24%)
----------------- Invoking toplevel() on ptolemy.moml.MoMLSimpleApplication@3e903f50
----------------- Done invoking toplevel() on ptolemy.moml.MoMLSimpleApplication@3e903f50
reloadAllAccessors: .PublisherSubscriberD3

===========================================================================================
----------------- testing Mon Jun 11 02:25:55 UTC 2018 /home/travis/build/icyphy/ptII/ptolemy/actor/lib/test/auto/PublisherSubscriberD3Reverse.xml
----------------- Instantiating /home/travis/build/icyphy/ptII/ptolemy/actor/lib/test/auto/PublisherSubscriberD3Reverse.xml
2 ms. Memory: 1397760K Free: 324293K (23%)
----------------- Invoking toplevel() on ptolemy.moml.MoMLSimpleApplication@62546b67
----------------- Done invoking toplevel() on ptolemy.moml.MoMLSimpleApplication@62546b67
reloadAllAccessors: .PublisherSubscriberD3Reverse

===========================================================================================
----------------- testing Mon Jun 11 02:25:55 UTC 2018 /home/travis/build/icyphy/ptII/ptolemy/actor/lib/test/auto/PublisherSubscriberExpression.xml
----------------- Instantiating /home/travis/build/icyphy/ptII/ptolemy/actor/lib/test/auto/PublisherSubscriberExpression.xml
3 ms. Memory: 1397760K Free: 305100K (22%)
----------------- Invoking toplevel() on ptolemy.moml.MoMLSimpleApplication@e6aad3
----------------- Done invoking toplevel() on ptolemy.moml.MoMLSimpleApplication@e6aad3
reloadAllAccessors: .PublisherSubscriberExpression

===========================================================================================
----------------- testing Mon Jun 11 02:25:55 UTC 2018 /home/travis/build/icyphy/ptII/ptolemy/actor/lib/test/auto/PublisherSubscriberOpaque.xml
----------------- Instantiating /home/travis/build/icyphy/ptII/ptolemy/actor/lib/test/auto/PublisherSubscriberOpaque.xml
3 ms. Memory: 1397760K Free: 292110K (21%)
----------------- Invoking toplevel() on ptolemy.moml.MoMLSimpleApplication@10a1a164
----------------- Done invoking toplevel() on ptolemy.moml.MoMLSimpleApplication@10a1a164
reloadAllAccessors: .PublisherSubscriberOpaque

===========================================================================================
----------------- testing Mon Jun 11 02:25:55 UTC 2018 /home/travis/build/icyphy/ptII/ptolemy/actor/lib/test/auto/PublisherSubscriberOpaqueD3.xml
----------------- Instantiating /home/travis/build/icyphy/ptII/ptolemy/actor/lib/test/auto/PublisherSubscriberOpaqueD3.xml
5 ms. Memory: 1397760K Free: 272610K (20%)
----------------- Invoking toplevel() on ptolemy.moml.MoMLSimpleApplication@101d1f0f
----------------- Done invoking toplevel() on ptolemy.moml.MoMLSimpleApplication@101d1f0f
reloadAllAccessors: .PublisherSubscriberOpaqueD3

===========================================================================================
----------------- testing Mon Jun 11 02:25:55 UTC 2018 /home/travis/build/icyphy/ptII/ptolemy/actor/lib/test/auto/PublisherSubscriberOpaqueD3Reverse.xml
----------------- Instantiating /home/travis/build/icyphy/ptII/ptolemy/actor/lib/test/auto/PublisherSubscriberOpaqueD3Reverse.xml
6 ms. Memory: 1397760K Free: 246906K (18%)
----------------- Invoking toplevel() on ptolemy.moml.MoMLSimpleApplication@47ffb76c
----------------- Done invoking toplevel() on ptolemy.moml.MoMLSimpleApplication@47ffb76c
reloadAllAccessors: .PublisherSubscriberOpaqueD3Reverse

===========================================================================================
----------------- testing Mon Jun 11 02:25:55 UTC 2018 /home/travis/build/icyphy/ptII/ptolemy/actor/lib/test/auto/PublisherSubscriberOpaqueWidthInference.xml
----------------- Instantiating /home/travis/build/icyphy/ptII/ptolemy/actor/lib/test/auto/PublisherSubscriberOpaqueWidthInference.xml
4 ms. Memory: 1397760K Free: 233916K (17%)
----------------- Invoking toplevel() on ptolemy.moml.MoMLSimpleApplication@1baf8142
----------------- Done invoking toplevel() on ptolemy.moml.MoMLSimpleApplication@1baf8142
reloadAllAccessors: .PublisherSubscriberOpaqueWidthInference

===========================================================================================
----------------- testing Mon Jun 11 02:25:55 UTC 2018 /home/travis/build/icyphy/ptII/ptolemy/actor/lib/test/auto/PublisherTestSubscriber.xml
----------------- Instantiating /home/travis/build/icyphy/ptII/ptolemy/actor/lib/test/auto/PublisherTestSubscriber.xml
3 ms. Memory: 1397760K Free: 214723K (15%)
----------------- Invoking toplevel() on ptolemy.moml.MoMLSimpleApplication@4ebc1441
----------------- Done invoking toplevel() on ptolemy.moml.MoMLSimpleApplication@4ebc1441
reloadAllAccessors: .PublisherTestSubscriber

===========================================================================================
----------------- testing Mon Jun 11 02:25:55 UTC 2018 /home/travis/build/icyphy/ptII/ptolemy/actor/lib/test/auto/PublisherToplevelSubscriberPortAOC.xml
----------------- Instantiating /home/travis/build/icyphy/ptII/ptolemy/actor/lib/test/auto/PublisherToplevelSubscriberPortAOC.xml
2 ms. Memory: 1397760K Free: 201734K (14%)
----------------- Invoking toplevel() on ptolemy.moml.MoMLSimpleApplication@4cb79ce5
----------------- Done invoking toplevel() on ptolemy.moml.MoMLSimpleApplication@4cb79ce5
reloadAllAccessors: .PublisherToplevelSubscriberPortAOC

===========================================================================================
----------------- testing Mon Jun 11 02:25:55 UTC 2018 /home/travis/build/icyphy/ptII/ptolemy/actor/lib/test/auto/PulseFiringLimitDE.xml
----------------- Instantiating /home/travis/build/icyphy/ptII/ptolemy/actor/lib/test/auto/PulseFiringLimitDE.xml
2 ms. Memory: 1397760K Free: 188744K (14%)
----------------- Invoking toplevel() on ptolemy.moml.MoMLSimpleApplication@496d739b
----------------- Done invoking toplevel() on ptolemy.moml.MoMLSimpleApplication@496d739b
reloadAllAccessors: .PulseFiringLimitDE

===========================================================================================
----------------- testing Mon Jun 11 02:25:55 UTC 2018 /home/travis/build/icyphy/ptII/ptolemy/actor/lib/test/auto/Ramp1.xml
----------------- Instantiating /home/travis/build/icyphy/ptII/ptolemy/actor/lib/test/auto/Ramp1.xml
2 ms. Memory: 1397760K Free: 169551K (12%)
----------------- Invoking toplevel() on ptolemy.moml.MoMLSimpleApplication@684b8b2f
----------------- Done invoking toplevel() on ptolemy.moml.MoMLSimpleApplication@684b8b2f
reloadAllAccessors: .Ramp1

===========================================================================================
----------------- testing Mon Jun 11 02:25:55 UTC 2018 /home/travis/build/icyphy/ptII/ptolemy/actor/lib/test/auto/RampFiringLimitDE.xml
----------------- Instantiating /home/travis/build/icyphy/ptII/ptolemy/actor/lib/test/auto/RampFiringLimitDE.xml
4 ms. Memory: 1397760K Free: 156562K (11%)
----------------- Invoking toplevel() on ptolemy.moml.MoMLSimpleApplication@23ded94d
----------------- Done invoking toplevel() on ptolemy.moml.MoMLSimpleApplication@23ded94d
reloadAllAccessors: .RampFiringLimitDE

===========================================================================================
----------------- testing Mon Jun 11 02:25:55 UTC 2018 /home/travis/build/icyphy/ptII/ptolemy/actor/lib/test/auto/RampFiringLimitSDF.xml
----------------- Instantiating /home/travis/build/icyphy/ptII/ptolemy/actor/lib/test/auto/RampFiringLimitSDF.xml
2 ms. Memory: 1397760K Free: 137368K (10%)
----------------- Invoking toplevel() on ptolemy.moml.MoMLSimpleApplication@6305fd84
----------------- Done invoking toplevel() on ptolemy.moml.MoMLSimpleApplication@6305fd84
reloadAllAccessors: .RampFiringLimitSDF

===========================================================================================
----------------- testing Mon Jun 11 02:25:55 UTC 2018 /home/travis/build/icyphy/ptII/ptolemy/actor/lib/test/auto/RandomInteger.xml
----------------- Instantiating /home/travis/build/icyphy/ptII/ptolemy/actor/lib/test/auto/RandomInteger.xml
1 ms. Memory: 1397760K Free: 124379K (9%)
----------------- Invoking toplevel() on ptolemy.moml.MoMLSimpleApplication@6a1e17cf
----------------- Done invoking toplevel() on ptolemy.moml.MoMLSimpleApplication@6a1e17cf
reloadAllAccessors: .RandomInteger

===========================================================================================
----------------- testing Mon Jun 11 02:25:55 UTC 2018 /home/travis/build/icyphy/ptII/ptolemy/actor/lib/test/auto/ReadFile1.xml
----------------- Instantiating /home/travis/build/icyphy/ptII/ptolemy/actor/lib/test/auto/ReadFile1.xml
2 ms. Memory: 1397760K Free: 111389K (8%)
----------------- Invoking toplevel() on ptolemy.moml.MoMLSimpleApplication@78404fd4
----------------- Done invoking toplevel() on ptolemy.moml.MoMLSimpleApplication@78404fd4
reloadAllAccessors: .ReadFile1

===========================================================================================
----------------- testing Mon Jun 11 02:25:55 UTC 2018 /home/travis/build/icyphy/ptII/ptolemy/actor/lib/test/auto/ReadFile2.xml
----------------- Instantiating /home/travis/build/icyphy/ptII/ptolemy/actor/lib/test/auto/ReadFile2.xml
1 ms. Memory: 1397760K Free: 92196K (7%)
----------------- Invoking toplevel() on ptolemy.moml.MoMLSimpleApplication@5c61ee1f
----------------- Done invoking toplevel() on ptolemy.moml.MoMLSimpleApplication@5c61ee1f
reloadAllAccessors: .ReadFile2

===========================================================================================
----------------- testing Mon Jun 11 02:25:55 UTC 2018 /home/travis/build/icyphy/ptII/ptolemy/actor/lib/test/auto/Reader.xml
----------------- Instantiating /home/travis/build/icyphy/ptII/ptolemy/actor/lib/test/auto/Reader.xml
actor.lib.Reader is obsolete, use actor.lib.io.ExpressionReader instead
2 ms. Memory: 1397760K Free: 79207K (6%)
----------------- Invoking toplevel() on ptolemy.moml.MoMLSimpleApplication@8b9e05e
----------------- Done invoking toplevel() on ptolemy.moml.MoMLSimpleApplication@8b9e05e
reloadAllAccessors: .Reader

===========================================================================================
----------------- testing Mon Jun 11 02:25:55 UTC 2018 /home/travis/build/icyphy/ptII/ptolemy/actor/lib/test/auto/RecordAssemblerDisplayNameTest.xml
----------------- Instantiating /home/travis/build/icyphy/ptII/ptolemy/actor/lib/test/auto/RecordAssemblerDisplayNameTest.xml
3467 ms. Memory: 1512960K Free: 208166K (14%)
----------------- Invoking toplevel() on ptolemy.moml.MoMLSimpleApplication@11059693
----------------- Done invoking toplevel() on ptolemy.moml.MoMLSimpleApplication@11059693
reloadAllAccessors: .RecordAssemblerDisplayNameTest

===========================================================================================
----------------- testing Mon Jun 11 02:25:59 UTC 2018 /home/travis/build/icyphy/ptII/ptolemy/actor/lib/test/auto/RecordAssemblerTypeError.xml
----------------- Instantiating /home/travis/build/icyphy/ptII/ptolemy/actor/lib/test/auto/RecordAssemblerTypeError.xml
5 ms. Memory: 1512960K Free: 177665K (12%)
----------------- Invoking toplevel() on ptolemy.moml.MoMLSimpleApplication@36d933af
----------------- Done invoking toplevel() on ptolemy.moml.MoMLSimpleApplication@36d933af
reloadAllAccessors: .RecordAssemblerTypeError

===========================================================================================
----------------- testing Mon Jun 11 02:25:59 UTC 2018 /home/travis/build/icyphy/ptII/ptolemy/actor/lib/test/auto/RecordDisassember.xml
----------------- Instantiating /home/travis/build/icyphy/ptII/ptolemy/actor/lib/test/auto/RecordDisassember.xml
3 ms. Memory: 1512960K Free: 163529K (11%)
----------------- Invoking toplevel() on ptolemy.moml.MoMLSimpleApplication@5f1c0001
----------------- Done invoking toplevel() on ptolemy.moml.MoMLSimpleApplication@5f1c0001
reloadAllAccessors: .RecordDisassember

===========================================================================================
----------------- testing Mon Jun 11 02:25:59 UTC 2018 /home/travis/build/icyphy/ptII/ptolemy/actor/lib/test/auto/RecordDisassemberDisplayNameTest.xml
----------------- Instantiating /home/travis/build/icyphy/ptII/ptolemy/actor/lib/test/auto/RecordDisassemberDisplayNameTest.xml
5 ms. Memory: 1512960K Free: 143630K (9%)
----------------- Invoking toplevel() on ptolemy.moml.MoMLSimpleApplication@1df1225e
----------------- Done invoking toplevel() on ptolemy.moml.MoMLSimpleApplication@1df1225e
reloadAllAccessors: .RecordDisassemberDisplayNameTest

===========================================================================================
----------------- testing Mon Jun 11 02:25:59 UTC 2018 /home/travis/build/icyphy/ptII/ptolemy/actor/lib/test/auto/RecordDisassembler.xml
----------------- Instantiating /home/travis/build/icyphy/ptII/ptolemy/actor/lib/test/auto/RecordDisassembler.xml
3 ms. Memory: 1512960K Free: 129494K (9%)
----------------- Invoking toplevel() on ptolemy.moml.MoMLSimpleApplication@6bcc7211
----------------- Done invoking toplevel() on ptolemy.moml.MoMLSimpleApplication@6bcc7211
reloadAllAccessors: .RecordDisassembler

===========================================================================================
----------------- testing Mon Jun 11 02:25:59 UTC 2018 /home/travis/build/icyphy/ptII/ptolemy/actor/lib/test/auto/RecordDisassembler2.xml
----------------- Instantiating /home/travis/build/icyphy/ptII/ptolemy/actor/lib/test/auto/RecordDisassembler2.xml
3 ms. Memory: 1512960K Free: 109595K (7%)
----------------- Invoking toplevel() on ptolemy.moml.MoMLSimpleApplication@42ae8180
----------------- Done invoking toplevel() on ptolemy.moml.MoMLSimpleApplication@42ae8180
reloadAllAccessors: .RecordDisassembler2

===========================================================================================
----------------- testing Mon Jun 11 02:25:59 UTC 2018 /home/travis/build/icyphy/ptII/ptolemy/actor/lib/test/auto/RecordUpdater.xml
----------------- Instantiating /home/travis/build/icyphy/ptII/ptolemy/actor/lib/test/auto/RecordUpdater.xml
2 ms. Memory: 1512960K Free: 95425K (6%)
----------------- Invoking toplevel() on ptolemy.moml.MoMLSimpleApplication@66c10951
----------------- Done invoking toplevel() on ptolemy.moml.MoMLSimpleApplication@66c10951
reloadAllAccessors: .RecordUpdater

===========================================================================================
----------------- testing Mon Jun 11 02:25:59 UTC 2018 /home/travis/build/icyphy/ptII/ptolemy/actor/lib/test/auto/RecordUpdater2.xml
----------------- Instantiating /home/travis/build/icyphy/ptII/ptolemy/actor/lib/test/auto/RecordUpdater2.xml
2 ms. Memory: 1512960K Free: 75526K (5%)
----------------- Invoking toplevel() on ptolemy.moml.MoMLSimpleApplication@b4e63e2
----------------- Done invoking toplevel() on ptolemy.moml.MoMLSimpleApplication@b4e63e2
reloadAllAccessors: .RecordUpdater2

===========================================================================================
----------------- testing Mon Jun 11 02:25:59 UTC 2018 /home/travis/build/icyphy/ptII/ptolemy/actor/lib/test/auto/RecursiveLattice.xml
----------------- Instantiating /home/travis/build/icyphy/ptII/ptolemy/actor/lib/test/auto/RecursiveLattice.xml
1 ms. Memory: 1512960K Free: 61390K (4%)
----------------- Invoking toplevel() on ptolemy.moml.MoMLSimpleApplication@1cc275f9
----------------- Done invoking toplevel() on ptolemy.moml.MoMLSimpleApplication@1cc275f9
reloadAllAccessors: .RecursiveLattice

===========================================================================================
----------------- testing Mon Jun 11 02:25:59 UTC 2018 /home/travis/build/icyphy/ptII/ptolemy/actor/lib/test/auto/Router.xml
----------------- Instantiating /home/travis/build/icyphy/ptII/ptolemy/actor/lib/test/auto/Router.xml
3004 ms. Memory: 1617408K Free: 1563340K (97%)
----------------- Invoking toplevel() on ptolemy.moml.MoMLSimpleApplication@74b0bbc5
----------------- Done invoking toplevel() on ptolemy.moml.MoMLSimpleApplication@74b0bbc5
reloadAllAccessors: .Router

===========================================================================================
----------------- testing Mon Jun 11 02:26:02 UTC 2018 /home/travis/build/icyphy/ptII/ptolemy/actor/lib/test/auto/Router2.xml
----------------- Instantiating /home/travis/build/icyphy/ptII/ptolemy/actor/lib/test/auto/Router2.xml
3003 ms. Memory: 1617408K Free: 1544005K (95%)
----------------- Invoking toplevel() on ptolemy.moml.MoMLSimpleApplication@24264c22
----------------- Done invoking toplevel() on ptolemy.moml.MoMLSimpleApplication@24264c22
reloadAllAccessors: .Router2

===========================================================================================
----------------- testing Mon Jun 11 02:26:05 UTC 2018 /home/travis/build/icyphy/ptII/ptolemy/actor/lib/test/auto/RunningMaximum.xml
----------------- Instantiating /home/travis/build/icyphy/ptII/ptolemy/actor/lib/test/auto/RunningMaximum.xml
2 ms. Memory: 1617408K Free: 1524669K (94%)
----------------- Invoking toplevel() on ptolemy.moml.MoMLSimpleApplication@6c3bbcb4
----------------- Done invoking toplevel() on ptolemy.moml.MoMLSimpleApplication@6c3bbcb4
reloadAllAccessors: .RunningMaximum

===========================================================================================
----------------- testing Mon Jun 11 02:26:05 UTC 2018 /home/travis/build/icyphy/ptII/ptolemy/actor/lib/test/auto/RunningMinimum.xml
----------------- Instantiating /home/travis/build/icyphy/ptII/ptolemy/actor/lib/test/auto/RunningMinimum.xml
2 ms. Memory: 1617408K Free: 1509488K (93%)
----------------- Invoking toplevel() on ptolemy.moml.MoMLSimpleApplication@74301ee8
----------------- Done invoking toplevel() on ptolemy.moml.MoMLSimpleApplication@74301ee8
reloadAllAccessors: .RunningMinimum

===========================================================================================
----------------- testing Mon Jun 11 02:26:05 UTC 2018 /home/travis/build/icyphy/ptII/ptolemy/actor/lib/test/auto/Scale.xml
----------------- Instantiating /home/travis/build/icyphy/ptII/ptolemy/actor/lib/test/auto/Scale.xml
1 ms. Memory: 1617408K Free: 1490152K (92%)
----------------- Invoking toplevel() on ptolemy.moml.MoMLSimpleApplication@6f92b5f6
----------------- Done invoking toplevel() on ptolemy.moml.MoMLSimpleApplication@6f92b5f6
reloadAllAccessors: .Scale

===========================================================================================
----------------- testing Mon Jun 11 02:26:05 UTC 2018 /home/travis/build/icyphy/ptII/ptolemy/actor/lib/test/auto/Scale2.xml
----------------- Instantiating /home/travis/build/icyphy/ptII/ptolemy/actor/lib/test/auto/Scale2.xml
1 ms. Memory: 1617408K Free: 1474971K (91%)
----------------- Invoking toplevel() on ptolemy.moml.MoMLSimpleApplication@77779bd8
----------------- Done invoking toplevel() on ptolemy.moml.MoMLSimpleApplication@77779bd8
reloadAllAccessors: .Scale2

===========================================================================================
----------------- testing Mon Jun 11 02:26:05 UTC 2018 /home/travis/build/icyphy/ptII/ptolemy/actor/lib/test/auto/Scale3.xml
----------------- Instantiating /home/travis/build/icyphy/ptII/ptolemy/actor/lib/test/auto/Scale3.xml
2 ms. Memory: 1617408K Free: 1455635K (90%)
----------------- Invoking toplevel() on ptolemy.moml.MoMLSimpleApplication@7bac6ffc
----------------- Done invoking toplevel() on ptolemy.moml.MoMLSimpleApplication@7bac6ffc
reloadAllAccessors: .Scale3

===========================================================================================
----------------- testing Mon Jun 11 02:26:05 UTC 2018 /home/travis/build/icyphy/ptII/ptolemy/actor/lib/test/auto/ScaleArray.xml
----------------- Instantiating /home/travis/build/icyphy/ptII/ptolemy/actor/lib/test/auto/ScaleArray.xml
1 ms. Memory: 1617408K Free: 1436300K (89%)
----------------- Invoking toplevel() on ptolemy.moml.MoMLSimpleApplication@17d74561
----------------- Done invoking toplevel() on ptolemy.moml.MoMLSimpleApplication@17d74561
reloadAllAccessors: .ScaleArray

===========================================================================================
----------------- testing Mon Jun 11 02:26:05 UTC 2018 /home/travis/build/icyphy/ptII/ptolemy/actor/lib/test/auto/ScaleArray2.xml
----------------- Instantiating /home/travis/build/icyphy/ptII/ptolemy/actor/lib/test/auto/ScaleArray2.xml
1 ms. Memory: 1617408K Free: 1421119K (88%)
----------------- Invoking toplevel() on ptolemy.moml.MoMLSimpleApplication@38050bf3
----------------- Done invoking toplevel() on ptolemy.moml.MoMLSimpleApplication@38050bf3
reloadAllAccessors: .ScaleArray2

===========================================================================================
----------------- testing Mon Jun 11 02:26:05 UTC 2018 /home/travis/build/icyphy/ptII/ptolemy/actor/lib/test/auto/ScaleMatrix.xml
----------------- Instantiating /home/travis/build/icyphy/ptII/ptolemy/actor/lib/test/auto/ScaleMatrix.xml
109 ms. Memory: 1617408K Free: 1394168K (86%)
----------------- Invoking toplevel() on ptolemy.moml.MoMLSimpleApplication@8ba8370
----------------- Done invoking toplevel() on ptolemy.moml.MoMLSimpleApplication@8ba8370
reloadAllAccessors: .ScaleMatrix

===========================================================================================
----------------- testing Mon Jun 11 02:26:05 UTC 2018 /home/travis/build/icyphy/ptII/ptolemy/actor/lib/test/auto/Select.xml
----------------- Instantiating /home/travis/build/icyphy/ptII/ptolemy/actor/lib/test/auto/Select.xml
1 ms. Memory: 1617408K Free: 1378988K (85%)
----------------- Invoking toplevel() on ptolemy.moml.MoMLSimpleApplication@100062f9
----------------- Done invoking toplevel() on ptolemy.moml.MoMLSimpleApplication@100062f9
reloadAllAccessors: .Select

===========================================================================================
----------------- testing Mon Jun 11 02:26:05 UTC 2018 /home/travis/build/icyphy/ptII/ptolemy/actor/lib/test/auto/Select2.xml
----------------- Instantiating /home/travis/build/icyphy/ptII/ptolemy/actor/lib/test/auto/Select2.xml
1 ms. Memory: 1617408K Free: 1359652K (84%)
----------------- Invoking toplevel() on ptolemy.moml.MoMLSimpleApplication@568c4a77
----------------- Done invoking toplevel() on ptolemy.moml.MoMLSimpleApplication@568c4a77
reloadAllAccessors: .Select2

===========================================================================================
----------------- testing Mon Jun 11 02:26:05 UTC 2018 /home/travis/build/icyphy/ptII/ptolemy/actor/lib/test/auto/SequenceToArray2.xml
----------------- Instantiating /home/travis/build/icyphy/ptII/ptolemy/actor/lib/test/auto/SequenceToArray2.xml
70 ms. Memory: 1617408K Free: 1264396K (78%)
----------------- Invoking toplevel() on ptolemy.moml.MoMLSimpleApplication@7a8a7c09
----------------- Done invoking toplevel() on ptolemy.moml.MoMLSimpleApplication@7a8a7c09
reloadAllAccessors: .SequenceToArray2

===========================================================================================
----------------- testing Mon Jun 11 02:26:05 UTC 2018 /home/travis/build/icyphy/ptII/ptolemy/actor/lib/test/auto/SequentialClock.xml
----------------- Instantiating /home/travis/build/icyphy/ptII/ptolemy/actor/lib/test/auto/SequentialClock.xml
1 ms. Memory: 1617408K Free: 1249215K (77%)
----------------- Invoking toplevel() on ptolemy.moml.MoMLSimpleApplication@48de2985
----------------- Done invoking toplevel() on ptolemy.moml.MoMLSimpleApplication@48de2985
reloadAllAccessors: .SequentialClock

===========================================================================================
----------------- testing Mon Jun 11 02:26:05 UTC 2018 /home/travis/build/icyphy/ptII/ptolemy/actor/lib/test/auto/SetVariable.xml
----------------- Instantiating /home/travis/build/icyphy/ptII/ptolemy/actor/lib/test/auto/SetVariable.xml
3 ms. Memory: 1617408K Free: 1229879K (76%)
----------------- Invoking toplevel() on ptolemy.moml.MoMLSimpleApplication@3fd6330e
----------------- Done invoking toplevel() on ptolemy.moml.MoMLSimpleApplication@3fd6330e
reloadAllAccessors: .SetVariable

===========================================================================================
----------------- testing Mon Jun 11 02:26:05 UTC 2018 /home/travis/build/icyphy/ptII/ptolemy/actor/lib/test/auto/SetVariable2.xml
----------------- Instantiating /home/travis/build/icyphy/ptII/ptolemy/actor/lib/test/auto/SetVariable2.xml
2 ms. Memory: 1617408K Free: 1214698K (75%)
----------------- Invoking toplevel() on ptolemy.moml.MoMLSimpleApplication@765eb15c
----------------- Done invoking toplevel() on ptolemy.moml.MoMLSimpleApplication@765eb15c
reloadAllAccessors: .SetVariable2

===========================================================================================
----------------- testing Mon Jun 11 02:26:05 UTC 2018 /home/travis/build/icyphy/ptII/ptolemy/actor/lib/test/auto/SetVariable3.xml
----------------- Instantiating /home/travis/build/icyphy/ptII/ptolemy/actor/lib/test/auto/SetVariable3.xml
2 ms. Memory: 1617408K Free: 1195362K (74%)
----------------- Invoking toplevel() on ptolemy.moml.MoMLSimpleApplication@31c4616d
----------------- Done invoking toplevel() on ptolemy.moml.MoMLSimpleApplication@31c4616d
reloadAllAccessors: .SetVariable3

===========================================================================================
----------------- testing Mon Jun 11 02:26:05 UTC 2018 /home/travis/build/icyphy/ptII/ptolemy/actor/lib/test/auto/SetVariable4.xml
----------------- Instantiating /home/travis/build/icyphy/ptII/ptolemy/actor/lib/test/auto/SetVariable4.xml
17 ms. Memory: 1617408K Free: 1122894K (69%)
----------------- Invoking toplevel() on ptolemy.moml.MoMLSimpleApplication@4fe56f9e
----------------- Done invoking toplevel() on ptolemy.moml.MoMLSimpleApplication@4fe56f9e
reloadAllAccessors: .SetVariable4

===========================================================================================
----------------- testing Mon Jun 11 02:26:06 UTC 2018 /home/travis/build/icyphy/ptII/ptolemy/actor/lib/test/auto/SetVariable5.xml
----------------- Instantiating /home/travis/build/icyphy/ptII/ptolemy/actor/lib/test/auto/SetVariable5.xml
9 ms. Memory: 1617408K Free: 1107713K (68%)
----------------- Invoking toplevel() on ptolemy.moml.MoMLSimpleApplication@40bf29a3
----------------- Done invoking toplevel() on ptolemy.moml.MoMLSimpleApplication@40bf29a3
reloadAllAccessors: .SetVariable5

===========================================================================================
----------------- testing Mon Jun 11 02:26:06 UTC 2018 /home/travis/build/icyphy/ptII/ptolemy/actor/lib/test/auto/Sinewave.xml
----------------- Instantiating /home/travis/build/icyphy/ptII/ptolemy/actor/lib/test/auto/Sinewave.xml
3 ms. Memory: 1617408K Free: 1080771K (67%)
----------------- Invoking toplevel() on ptolemy.moml.MoMLSimpleApplication@52065faf
----------------- Done invoking toplevel() on ptolemy.moml.MoMLSimpleApplication@52065faf
reloadAllAccessors: .Sinewave

===========================================================================================
----------------- testing Mon Jun 11 02:26:06 UTC 2018 /home/travis/build/icyphy/ptII/ptolemy/actor/lib/test/auto/Sinewave2.xml
----------------- Instantiating /home/travis/build/icyphy/ptII/ptolemy/actor/lib/test/auto/Sinewave2.xml
5 ms. Memory: 1617408K Free: 1065590K (66%)
----------------- Invoking toplevel() on ptolemy.moml.MoMLSimpleApplication@2af7cc35
----------------- Done invoking toplevel() on ptolemy.moml.MoMLSimpleApplication@2af7cc35
reloadAllAccessors: .Sinewave2

===========================================================================================
----------------- testing Mon Jun 11 02:26:06 UTC 2018 /home/travis/build/icyphy/ptII/ptolemy/actor/lib/test/auto/Sinewave3.xml
----------------- Instantiating /home/travis/build/icyphy/ptII/ptolemy/actor/lib/test/auto/Sinewave3.xml
5 ms. Memory: 1617408K Free: 1046254K (65%)
----------------- Invoking toplevel() on ptolemy.moml.MoMLSimpleApplication@6a5f0c82
----------------- Done invoking toplevel() on ptolemy.moml.MoMLSimpleApplication@6a5f0c82
reloadAllAccessors: .Sinewave3

===========================================================================================
----------------- testing Mon Jun 11 02:26:06 UTC 2018 /home/travis/build/icyphy/ptII/ptolemy/actor/lib/test/auto/SingleEvent.xml
----------------- Instantiating /home/travis/build/icyphy/ptII/ptolemy/actor/lib/test/auto/SingleEvent.xml
1 ms. Memory: 1617408K Free: 1026918K (63%)
----------------- Invoking toplevel() on ptolemy.moml.MoMLSimpleApplication@3dbb14c0
----------------- Done invoking toplevel() on ptolemy.moml.MoMLSimpleApplication@3dbb14c0
reloadAllAccessors: .SingleEvent

===========================================================================================
----------------- testing Mon Jun 11 02:26:06 UTC 2018 /home/travis/build/icyphy/ptII/ptolemy/actor/lib/test/auto/Sleep.xml
----------------- Instantiating /home/travis/build/icyphy/ptII/ptolemy/actor/lib/test/auto/Sleep.xml
6003 ms. Memory: 1617408K Free: 1011737K (63%)
----------------- Invoking toplevel() on ptolemy.moml.MoMLSimpleApplication@6fedaf7a
----------------- Done invoking toplevel() on ptolemy.moml.MoMLSimpleApplication@6fedaf7a
reloadAllAccessors: .Sleep

===========================================================================================
----------------- testing Mon Jun 11 02:26:12 UTC 2018 /home/travis/build/icyphy/ptII/ptolemy/actor/lib/test/auto/SleepMultipleFire.xml
----------------- Instantiating /home/travis/build/icyphy/ptII/ptolemy/actor/lib/test/auto/SleepMultipleFire.xml
1004 ms. Memory: 1617408K Free: 992402K (61%)
----------------- Invoking toplevel() on ptolemy.moml.MoMLSimpleApplication@9153850
----------------- Done invoking toplevel() on ptolemy.moml.MoMLSimpleApplication@9153850
reloadAllAccessors: .SleepMultipleFire

===========================================================================================
----------------- testing Mon Jun 11 02:26:13 UTC 2018 /home/travis/build/icyphy/ptII/ptolemy/actor/lib/test/auto/StopDE.xml
----------------- Instantiating /home/travis/build/icyphy/ptII/ptolemy/actor/lib/test/auto/StopDE.xml
3 ms. Memory: 1617408K Free: 973066K (60%)
----------------- Invoking toplevel() on ptolemy.moml.MoMLSimpleApplication@55781dee
----------------- Done invoking toplevel() on ptolemy.moml.MoMLSimpleApplication@55781dee
reloadAllAccessors: .StopDE

===========================================================================================
----------------- testing Mon Jun 11 02:26:13 UTC 2018 /home/travis/build/icyphy/ptII/ptolemy/actor/lib/test/auto/StopSDF.xml
----------------- Instantiating /home/travis/build/icyphy/ptII/ptolemy/actor/lib/test/auto/StopSDF.xml
2 ms. Memory: 1617408K Free: 957885K (59%)
----------------- Invoking toplevel() on ptolemy.moml.MoMLSimpleApplication@506e02fc
----------------- Done invoking toplevel() on ptolemy.moml.MoMLSimpleApplication@506e02fc
reloadAllAccessors: .StopSDF

===========================================================================================
----------------- testing Mon Jun 11 02:26:13 UTC 2018 /home/travis/build/icyphy/ptII/ptolemy/actor/lib/test/auto/StringConstant.xml
----------------- Instantiating /home/travis/build/icyphy/ptII/ptolemy/actor/lib/test/auto/StringConstant.xml
1 ms. Memory: 1617408K Free: 938549K (58%)
----------------- Invoking toplevel() on ptolemy.moml.MoMLSimpleApplication@5b7cb308
----------------- Done invoking toplevel() on ptolemy.moml.MoMLSimpleApplication@5b7cb308
reloadAllAccessors: .StringConstant

===========================================================================================
----------------- testing Mon Jun 11 02:26:13 UTC 2018 /home/travis/build/icyphy/ptII/ptolemy/actor/lib/test/auto/SubscriberPortInitialValues1.xml
----------------- Instantiating /home/travis/build/icyphy/ptII/ptolemy/actor/lib/test/auto/SubscriberPortInitialValues1.xml
4 ms. Memory: 1617408K Free: 923368K (57%)
----------------- Invoking toplevel() on ptolemy.moml.MoMLSimpleApplication@2f3b18b3
----------------- Done invoking toplevel() on ptolemy.moml.MoMLSimpleApplication@2f3b18b3
reloadAllAccessors: .SubscriberPortInitialValues1

===========================================================================================
----------------- testing Mon Jun 11 02:26:13 UTC 2018 /home/travis/build/icyphy/ptII/ptolemy/actor/lib/test/auto/SubscriberPortInitialValues13.xml
----------------- Instantiating /home/travis/build/icyphy/ptII/ptolemy/actor/lib/test/auto/SubscriberPortInitialValues13.xml
4 ms. Memory: 1617408K Free: 896434K (55%)
----------------- Invoking toplevel() on ptolemy.moml.MoMLSimpleApplication@7bc401ad
----------------- Done invoking toplevel() on ptolemy.moml.MoMLSimpleApplication@7bc401ad
reloadAllAccessors: .SubscriberPortInitialValues13

===========================================================================================
----------------- testing Mon Jun 11 02:26:13 UTC 2018 /home/travis/build/icyphy/ptII/ptolemy/actor/lib/test/auto/SubscriberPortInitialValues14.xml
----------------- Instantiating /home/travis/build/icyphy/ptII/ptolemy/actor/lib/test/auto/SubscriberPortInitialValues14.xml
4 ms. Memory: 1617408K Free: 877098K (54%)
----------------- Invoking toplevel() on ptolemy.moml.MoMLSimpleApplication@68ed9e6f
----------------- Done invoking toplevel() on ptolemy.moml.MoMLSimpleApplication@68ed9e6f
reloadAllAccessors: .SubscriberPortInitialValues14

===========================================================================================
----------------- testing Mon Jun 11 02:26:13 UTC 2018 /home/travis/build/icyphy/ptII/ptolemy/actor/lib/test/auto/SubscriberPortInitialValues2.xml
----------------- Instantiating /home/travis/build/icyphy/ptII/ptolemy/actor/lib/test/auto/SubscriberPortInitialValues2.xml
3 ms. Memory: 1617408K Free: 861917K (53%)
----------------- Invoking toplevel() on ptolemy.moml.MoMLSimpleApplication@68bcc944
----------------- Done invoking toplevel() on ptolemy.moml.MoMLSimpleApplication@68bcc944
reloadAllAccessors: .SubscriberPortInitialValues2

===========================================================================================
----------------- testing Mon Jun 11 02:26:13 UTC 2018 /home/travis/build/icyphy/ptII/ptolemy/actor/lib/test/auto/SubscriberPortInitialValues3.xml
----------------- Instantiating /home/travis/build/icyphy/ptII/ptolemy/actor/lib/test/auto/SubscriberPortInitialValues3.xml
4 ms. Memory: 1617408K Free: 834983K (52%)
----------------- Invoking toplevel() on ptolemy.moml.MoMLSimpleApplication@ec664d1
----------------- Done invoking toplevel() on ptolemy.moml.MoMLSimpleApplication@ec664d1
reloadAllAccessors: .SubscriberPortInitialValues3

===========================================================================================
----------------- testing Mon Jun 11 02:26:13 UTC 2018 /home/travis/build/icyphy/ptII/ptolemy/actor/lib/test/auto/SubscriptionAggregator.xml
----------------- Instantiating /home/travis/build/icyphy/ptII/ptolemy/actor/lib/test/auto/SubscriptionAggregator.xml
2 ms. Memory: 1617408K Free: 819802K (51%)
----------------- Invoking toplevel() on ptolemy.moml.MoMLSimpleApplication@35aedfd6
----------------- Done invoking toplevel() on ptolemy.moml.MoMLSimpleApplication@35aedfd6
reloadAllAccessors: .SubscriptionAggregator

===========================================================================================
----------------- testing Mon Jun 11 02:26:13 UTC 2018 /home/travis/build/icyphy/ptII/ptolemy/actor/lib/test/auto/SubscriptionAggregator2.xml
----------------- Instantiating /home/travis/build/icyphy/ptII/ptolemy/actor/lib/test/auto/SubscriptionAggregator2.xml
2 ms. Memory: 1617408K Free: 800466K (49%)
----------------- Invoking toplevel() on ptolemy.moml.MoMLSimpleApplication@6d93a4a7
----------------- Done invoking toplevel() on ptolemy.moml.MoMLSimpleApplication@6d93a4a7
reloadAllAccessors: .SubscriptionAggregator2

===========================================================================================
----------------- testing Mon Jun 11 02:26:13 UTC 2018 /home/travis/build/icyphy/ptII/ptolemy/actor/lib/test/auto/SubscriptionAggregator3.xml
----------------- Instantiating /home/travis/build/icyphy/ptII/ptolemy/actor/lib/test/auto/SubscriptionAggregator3.xml
3 ms. Memory: 1617408K Free: 781130K (48%)
----------------- Invoking toplevel() on ptolemy.moml.MoMLSimpleApplication@2bd0609a
----------------- Done invoking toplevel() on ptolemy.moml.MoMLSimpleApplication@2bd0609a
reloadAllAccessors: .SubscriptionAggregator3

===========================================================================================
----------------- testing Mon Jun 11 02:26:13 UTC 2018 /home/travis/build/icyphy/ptII/ptolemy/actor/lib/test/auto/SubscriptionAggregatorMultiply.xml
----------------- Instantiating /home/travis/build/icyphy/ptII/ptolemy/actor/lib/test/auto/SubscriptionAggregatorMultiply.xml
3 ms. Memory: 1617408K Free: 765949K (47%)
----------------- Invoking toplevel() on ptolemy.moml.MoMLSimpleApplication@75dd2b26
----------------- Done invoking toplevel() on ptolemy.moml.MoMLSimpleApplication@75dd2b26
reloadAllAccessors: .SubscriptionAggregatorMultiply

===========================================================================================
----------------- testing Mon Jun 11 02:26:13 UTC 2018 /home/travis/build/icyphy/ptII/ptolemy/actor/lib/test/auto/SubscriptionAggregatorPortMultiply1.xml
----------------- Instantiating /home/travis/build/icyphy/ptII/ptolemy/actor/lib/test/auto/SubscriptionAggregatorPortMultiply1.xml
4 ms. Memory: 1617408K Free: 746614K (46%)
----------------- Invoking toplevel() on ptolemy.moml.MoMLSimpleApplication@32ee2543
----------------- Done invoking toplevel() on ptolemy.moml.MoMLSimpleApplication@32ee2543
reloadAllAccessors: .SubscriptionAggregatorPortMultiply1

===========================================================================================
----------------- testing Mon Jun 11 02:26:13 UTC 2018 /home/travis/build/icyphy/ptII/ptolemy/actor/lib/test/auto/Switch.xml
----------------- Instantiating /home/travis/build/icyphy/ptII/ptolemy/actor/lib/test/auto/Switch.xml
4 ms. Memory: 1617408K Free: 685890K (42%)
----------------- Invoking toplevel() on ptolemy.moml.MoMLSimpleApplication@7dc2b8ef
----------------- Done invoking toplevel() on ptolemy.moml.MoMLSimpleApplication@7dc2b8ef
reloadAllAccessors: .Switch

===========================================================================================
----------------- testing Mon Jun 11 02:26:13 UTC 2018 /home/travis/build/icyphy/ptII/ptolemy/actor/lib/test/auto/Switch2.xml
----------------- Instantiating /home/travis/build/icyphy/ptII/ptolemy/actor/lib/test/auto/Switch2.xml
1 ms. Memory: 1617408K Free: 666554K (41%)
----------------- Invoking toplevel() on ptolemy.moml.MoMLSimpleApplication@29238760
----------------- Done invoking toplevel() on ptolemy.moml.MoMLSimpleApplication@29238760
reloadAllAccessors: .Switch2

===========================================================================================
----------------- testing Mon Jun 11 02:26:13 UTC 2018 /home/travis/build/icyphy/ptII/ptolemy/actor/lib/test/auto/SwitchDE.xml
----------------- Instantiating /home/travis/build/icyphy/ptII/ptolemy/actor/lib/test/auto/SwitchDE.xml
1 ms. Memory: 1617408K Free: 647219K (40%)
----------------- Invoking toplevel() on ptolemy.moml.MoMLSimpleApplication@30210feb
----------------- Done invoking toplevel() on ptolemy.moml.MoMLSimpleApplication@30210feb
reloadAllAccessors: .SwitchDE

===========================================================================================
----------------- testing Mon Jun 11 02:26:13 UTC 2018 /home/travis/build/icyphy/ptII/ptolemy/actor/lib/test/auto/SynchronizerDE.xml
----------------- Instantiating /home/travis/build/icyphy/ptII/ptolemy/actor/lib/test/auto/SynchronizerDE.xml
3 ms. Memory: 1617408K Free: 632038K (39%)
----------------- Invoking toplevel() on ptolemy.moml.MoMLSimpleApplication@6014d1e5
----------------- Done invoking toplevel() on ptolemy.moml.MoMLSimpleApplication@6014d1e5
reloadAllAccessors: .SynchronizerDE

===========================================================================================
----------------- testing Mon Jun 11 02:26:13 UTC 2018 /home/travis/build/icyphy/ptII/ptolemy/actor/lib/test/auto/Test.xml
----------------- Instantiating /home/travis/build/icyphy/ptII/ptolemy/actor/lib/test/auto/Test.xml
2 ms. Memory: 1617408K Free: 612702K (38%)
----------------- Invoking toplevel() on ptolemy.moml.MoMLSimpleApplication@427f3e0a
----------------- Done invoking toplevel() on ptolemy.moml.MoMLSimpleApplication@427f3e0a
reloadAllAccessors: .Test

===========================================================================================
----------------- testing Mon Jun 11 02:26:13 UTC 2018 /home/travis/build/icyphy/ptII/ptolemy/actor/lib/test/auto/TestExceptionAttribute1.xml
----------------- Instantiating /home/travis/build/icyphy/ptII/ptolemy/actor/lib/test/auto/TestExceptionAttribute1.xml
0 ms. Memory: 1617408K Free: 597521K (37%)
----------------- Invoking toplevel() on ptolemy.moml.MoMLSimpleApplication@78b1a738
----------------- Done invoking toplevel() on ptolemy.moml.MoMLSimpleApplication@78b1a738
reloadAllAccessors: .TestExceptionAttribute1

===========================================================================================
----------------- testing Mon Jun 11 02:26:13 UTC 2018 /home/travis/build/icyphy/ptII/ptolemy/actor/lib/test/auto/TestExceptionAttribute2.xml
----------------- Instantiating /home/travis/build/icyphy/ptII/ptolemy/actor/lib/test/auto/TestExceptionAttribute2.xml
1 ms. Memory: 1617408K Free: 578185K (36%)
----------------- Invoking toplevel() on ptolemy.moml.MoMLSimpleApplication@2e813544
----------------- Done invoking toplevel() on ptolemy.moml.MoMLSimpleApplication@2e813544
reloadAllAccessors: .TestExceptionAttribute2

===========================================================================================
----------------- testing Mon Jun 11 02:26:13 UTC 2018 /home/travis/build/icyphy/ptII/ptolemy/actor/lib/test/auto/TestExceptionAttribute3.xml
----------------- Instantiating /home/travis/build/icyphy/ptII/ptolemy/actor/lib/test/auto/TestExceptionAttribute3.xml
.TestExceptionAttribute3.TestExceptionAttribute: initialize() was not invoked, but wrapup() was.  This is unusual, but not always a problem.  For example, exporting JNLP will do this.
0 ms. Memory: 1617408K Free: 558849K (35%)
----------------- Invoking toplevel() on ptolemy.moml.MoMLSimpleApplication@75f5a409
----------------- Done invoking toplevel() on ptolemy.moml.MoMLSimpleApplication@75f5a409
reloadAllAccessors: .TestExceptionAttribute3

===========================================================================================
----------------- testing Mon Jun 11 02:26:13 UTC 2018 /home/travis/build/icyphy/ptII/ptolemy/actor/lib/test/auto/TestExceptionAttribute4.xml
----------------- Instantiating /home/travis/build/icyphy/ptII/ptolemy/actor/lib/test/auto/TestExceptionAttribute4.xml
.TestExceptionAttribute4.TestExceptionAttribute: initialize() was not invoked, but wrapup() was.  This is unusual, but not always a problem.  For example, exporting JNLP will do this.
.TestExceptionAttribute4.TestExceptionAttribute2: initialize() was not invoked, but wrapup() was.  This is unusual, but not always a problem.  For example, exporting JNLP will do this.
1 ms. Memory: 1617408K Free: 543668K (34%)
----------------- Invoking toplevel() on ptolemy.moml.MoMLSimpleApplication@518a2834
----------------- Done invoking toplevel() on ptolemy.moml.MoMLSimpleApplication@518a2834
reloadAllAccessors: .TestExceptionAttribute4

===========================================================================================
----------------- testing Mon Jun 11 02:26:13 UTC 2018 /home/travis/build/icyphy/ptII/ptolemy/actor/lib/test/auto/TestExceptionHandler1.xml
----------------- Instantiating /home/travis/build/icyphy/ptII/ptolemy/actor/lib/test/auto/TestExceptionHandler1.xml
1 ms. Memory: 1617408K Free: 524333K (32%)
----------------- Invoking toplevel() on ptolemy.moml.MoMLSimpleApplication@12c8c49
----------------- Done invoking toplevel() on ptolemy.moml.MoMLSimpleApplication@12c8c49
reloadAllAccessors: .TestExceptionHandler1

===========================================================================================
----------------- testing Mon Jun 11 02:26:13 UTC 2018 /home/travis/build/icyphy/ptII/ptolemy/actor/lib/test/auto/TestExceptionHandler2.xml
----------------- Instantiating /home/travis/build/icyphy/ptII/ptolemy/actor/lib/test/auto/TestExceptionHandler2.xml
1 ms. Memory: 1617408K Free: 509152K (31%)
----------------- Invoking toplevel() on ptolemy.moml.MoMLSimpleApplication@a28b7c8
----------------- Done invoking toplevel() on ptolemy.moml.MoMLSimpleApplication@a28b7c8
reloadAllAccessors: .TestExceptionHandler2

===========================================================================================
----------------- testing Mon Jun 11 02:26:13 UTC 2018 /home/travis/build/icyphy/ptII/ptolemy/actor/lib/test/auto/TestExceptionHandler3.xml
----------------- Instantiating /home/travis/build/icyphy/ptII/ptolemy/actor/lib/test/auto/TestExceptionHandler3.xml
0 ms. Memory: 1617408K Free: 489816K (30%)
----------------- Invoking toplevel() on ptolemy.moml.MoMLSimpleApplication@5b4089fc
----------------- Done invoking toplevel() on ptolemy.moml.MoMLSimpleApplication@5b4089fc
reloadAllAccessors: .TestExceptionHandler3

===========================================================================================
----------------- testing Mon Jun 11 02:26:13 UTC 2018 /home/travis/build/icyphy/ptII/ptolemy/actor/lib/test/auto/TestExceptionHandler4.xml
----------------- Instantiating /home/travis/build/icyphy/ptII/ptolemy/actor/lib/test/auto/TestExceptionHandler4.xml
1 ms. Memory: 1617408K Free: 470480K (29%)
----------------- Invoking toplevel() on ptolemy.moml.MoMLSimpleApplication@5bef522b
----------------- Done invoking toplevel() on ptolemy.moml.MoMLSimpleApplication@5bef522b
reloadAllAccessors: .TestExceptionHandler4

===========================================================================================
----------------- testing Mon Jun 11 02:26:13 UTC 2018 /home/travis/build/icyphy/ptII/ptolemy/actor/lib/test/auto/TestRequireCorrectOrder.xml
----------------- Instantiating /home/travis/build/icyphy/ptII/ptolemy/actor/lib/test/auto/TestRequireCorrectOrder.xml
2 ms. Memory: 1617408K Free: 455299K (28%)
----------------- Invoking toplevel() on ptolemy.moml.MoMLSimpleApplication@458a9a5
----------------- Done invoking toplevel() on ptolemy.moml.MoMLSimpleApplication@458a9a5
reloadAllAccessors: .TestRequireCorrectOrder

===========================================================================================
----------------- testing Mon Jun 11 02:26:13 UTC 2018 /home/travis/build/icyphy/ptII/ptolemy/actor/lib/test/auto/TestSimple.xml
----------------- Instantiating /home/travis/build/icyphy/ptII/ptolemy/actor/lib/test/auto/TestSimple.xml
1 ms. Memory: 1617408K Free: 435963K (27%)
----------------- Invoking toplevel() on ptolemy.moml.MoMLSimpleApplication@6a30e505
----------------- Done invoking toplevel() on ptolemy.moml.MoMLSimpleApplication@6a30e505
reloadAllAccessors: .TestSimple

===========================================================================================
----------------- testing Mon Jun 11 02:26:13 UTC 2018 /home/travis/build/icyphy/ptII/ptolemy/actor/lib/test/auto/ThrowModelError.xml
----------------- Instantiating /home/travis/build/icyphy/ptII/ptolemy/actor/lib/test/auto/ThrowModelError.xml
2 ms. Memory: 1617408K Free: 416627K (26%)
----------------- Invoking toplevel() on ptolemy.moml.MoMLSimpleApplication@6b027d0a
----------------- Done invoking toplevel() on ptolemy.moml.MoMLSimpleApplication@6b027d0a
reloadAllAccessors: .ThrowModelError

===========================================================================================
----------------- testing Mon Jun 11 02:26:13 UTC 2018 /home/travis/build/icyphy/ptII/ptolemy/actor/lib/test/auto/TimeDelayMicrosteps.xml
----------------- Instantiating /home/travis/build/icyphy/ptII/ptolemy/actor/lib/test/auto/TimeDelayMicrosteps.xml
3 ms. Memory: 1617408K Free: 401447K (25%)
----------------- Invoking toplevel() on ptolemy.moml.MoMLSimpleApplication@42cf9d11
----------------- Done invoking toplevel() on ptolemy.moml.MoMLSimpleApplication@42cf9d11
reloadAllAccessors: .TimeDelayMicrosteps

===========================================================================================
----------------- testing Mon Jun 11 02:26:13 UTC 2018 /home/travis/build/icyphy/ptII/ptolemy/actor/lib/test/auto/TimeDelayMicrosteps2.xml
----------------- Instantiating /home/travis/build/icyphy/ptII/ptolemy/actor/lib/test/auto/TimeDelayMicrosteps2.xml
3 ms. Memory: 1617408K Free: 382111K (24%)
----------------- Invoking toplevel() on ptolemy.moml.MoMLSimpleApplication@7fe58dd6
----------------- Done invoking toplevel() on ptolemy.moml.MoMLSimpleApplication@7fe58dd6
reloadAllAccessors: .TimeDelayMicrosteps2

===========================================================================================
----------------- testing Mon Jun 11 02:26:13 UTC 2018 /home/travis/build/icyphy/ptII/ptolemy/actor/lib/test/auto/TimeDelayMicrosteps3.xml
----------------- Instantiating /home/travis/build/icyphy/ptII/ptolemy/actor/lib/test/auto/TimeDelayMicrosteps3.xml
2 ms. Memory: 1617408K Free: 366930K (23%)
----------------- Invoking toplevel() on ptolemy.moml.MoMLSimpleApplication@52667a2d
----------------- Done invoking toplevel() on ptolemy.moml.MoMLSimpleApplication@52667a2d
reloadAllAccessors: .TimeDelayMicrosteps3

===========================================================================================
----------------- testing Mon Jun 11 02:26:13 UTC 2018 /home/travis/build/icyphy/ptII/ptolemy/actor/lib/test/auto/TimeDelayVariableMicrosteps.xml
----------------- Instantiating /home/travis/build/icyphy/ptII/ptolemy/actor/lib/test/auto/TimeDelayVariableMicrosteps.xml
3 ms. Memory: 1617408K Free: 347594K (21%)
----------------- Invoking toplevel() on ptolemy.moml.MoMLSimpleApplication@1b5700e3
----------------- Done invoking toplevel() on ptolemy.moml.MoMLSimpleApplication@1b5700e3
reloadAllAccessors: .TimeDelayVariableMicrosteps

===========================================================================================
----------------- testing Mon Jun 11 02:26:13 UTC 2018 /home/travis/build/icyphy/ptII/ptolemy/actor/lib/test/auto/TimeGap.xml
----------------- Instantiating /home/travis/build/icyphy/ptII/ptolemy/actor/lib/test/auto/TimeGap.xml
3 ms. Memory: 1617408K Free: 328258K (20%)
----------------- Invoking toplevel() on ptolemy.moml.MoMLSimpleApplication@71c77bae
----------------- Done invoking toplevel() on ptolemy.moml.MoMLSimpleApplication@71c77bae
reloadAllAccessors: .TimeGap

===========================================================================================
----------------- testing Mon Jun 11 02:26:13 UTC 2018 /home/travis/build/icyphy/ptII/ptolemy/actor/lib/test/auto/TimeGap2.xml
----------------- Instantiating /home/travis/build/icyphy/ptII/ptolemy/actor/lib/test/auto/TimeGap2.xml
2 ms. Memory: 1617408K Free: 313077K (19%)
----------------- Invoking toplevel() on ptolemy.moml.MoMLSimpleApplication@56134058
----------------- Done invoking toplevel() on ptolemy.moml.MoMLSimpleApplication@56134058
reloadAllAccessors: .TimeGap2

===========================================================================================
----------------- testing Mon Jun 11 02:26:13 UTC 2018 /home/travis/build/icyphy/ptII/ptolemy/actor/lib/test/auto/TimedSinewave.xml
----------------- Instantiating /home/travis/build/icyphy/ptII/ptolemy/actor/lib/test/auto/TimedSinewave.xml
14 ms. Memory: 1617408K Free: 286151K (18%)
----------------- Invoking toplevel() on ptolemy.moml.MoMLSimpleApplication@43e9ec57
----------------- Done invoking toplevel() on ptolemy.moml.MoMLSimpleApplication@43e9ec57
reloadAllAccessors: .TimedSinewave

===========================================================================================
----------------- testing Mon Jun 11 02:26:13 UTC 2018 /home/travis/build/icyphy/ptII/ptolemy/actor/lib/test/auto/TimedSinewavePhase.xml
----------------- Instantiating /home/travis/build/icyphy/ptII/ptolemy/actor/lib/test/auto/TimedSinewavePhase.xml
11 ms. Memory: 1617408K Free: 270970K (17%)
----------------- Invoking toplevel() on ptolemy.moml.MoMLSimpleApplication@5ad70a2e
----------------- Done invoking toplevel() on ptolemy.moml.MoMLSimpleApplication@5ad70a2e
reloadAllAccessors: .TimedSinewavePhase

===========================================================================================
----------------- testing Mon Jun 11 02:26:13 UTC 2018 /home/travis/build/icyphy/ptII/ptolemy/actor/lib/test/auto/Timer.xml
----------------- Instantiating /home/travis/build/icyphy/ptII/ptolemy/actor/lib/test/auto/Timer.xml
2 ms. Memory: 1617408K Free: 251634K (16%)
----------------- Invoking toplevel() on ptolemy.moml.MoMLSimpleApplication@4ba1d249
----------------- Done invoking toplevel() on ptolemy.moml.MoMLSimpleApplication@4ba1d249
reloadAllAccessors: .Timer

===========================================================================================
----------------- testing Mon Jun 11 02:26:13 UTC 2018 /home/travis/build/icyphy/ptII/ptolemy/actor/lib/test/auto/TriangularDistTestModel.xml
----------------- Instantiating /home/travis/build/icyphy/ptII/ptolemy/actor/lib/test/auto/TriangularDistTestModel.xml
2 ms. Memory: 1617408K Free: 232298K (14%)
----------------- Invoking toplevel() on ptolemy.moml.MoMLSimpleApplication@3b018f39
----------------- Done invoking toplevel() on ptolemy.moml.MoMLSimpleApplication@3b018f39
reloadAllAccessors: .TriangularDistTestModel

===========================================================================================
----------------- testing Mon Jun 11 02:26:13 UTC 2018 /home/travis/build/icyphy/ptII/ptolemy/actor/lib/test/auto/TrigFunction.xml
----------------- Instantiating /home/travis/build/icyphy/ptII/ptolemy/actor/lib/test/auto/TrigFunction.xml
2 ms. Memory: 1617408K Free: 217117K (13%)
----------------- Invoking toplevel() on ptolemy.moml.MoMLSimpleApplication@169c2e48
----------------- Done invoking toplevel() on ptolemy.moml.MoMLSimpleApplication@169c2e48
reloadAllAccessors: .TrigFunction

===========================================================================================
----------------- testing Mon Jun 11 02:26:13 UTC 2018 /home/travis/build/icyphy/ptII/ptolemy/actor/lib/test/auto/TrigFunctionDE.xml
----------------- Instantiating /home/travis/build/icyphy/ptII/ptolemy/actor/lib/test/auto/TrigFunctionDE.xml
2 ms. Memory: 1617408K Free: 197781K (12%)
----------------- Invoking toplevel() on ptolemy.moml.MoMLSimpleApplication@3e6b702e
----------------- Done invoking toplevel() on ptolemy.moml.MoMLSimpleApplication@3e6b702e
reloadAllAccessors: .TrigFunctionDE

===========================================================================================
----------------- testing Mon Jun 11 02:26:13 UTC 2018 /home/travis/build/icyphy/ptII/ptolemy/actor/lib/test/auto/TrigFunctionInverse.xml
----------------- Instantiating /home/travis/build/icyphy/ptII/ptolemy/actor/lib/test/auto/TrigFunctionInverse.xml
3 ms. Memory: 1617408K Free: 178445K (11%)
----------------- Invoking toplevel() on ptolemy.moml.MoMLSimpleApplication@6837e471
----------------- Done invoking toplevel() on ptolemy.moml.MoMLSimpleApplication@6837e471
reloadAllAccessors: .TrigFunctionInverse

===========================================================================================
----------------- testing Mon Jun 11 02:26:13 UTC 2018 /home/travis/build/icyphy/ptII/ptolemy/actor/lib/test/auto/TrigFunctionTan.xml
----------------- Instantiating /home/travis/build/icyphy/ptII/ptolemy/actor/lib/test/auto/TrigFunctionTan.xml
2 ms. Memory: 1617408K Free: 163265K (10%)
----------------- Invoking toplevel() on ptolemy.moml.MoMLSimpleApplication@52efd9cf
----------------- Done invoking toplevel() on ptolemy.moml.MoMLSimpleApplication@52efd9cf
reloadAllAccessors: .TrigFunctionTan

===========================================================================================
----------------- testing Mon Jun 11 02:26:13 UTC 2018 /home/travis/build/icyphy/ptII/ptolemy/actor/lib/test/auto/TriggeredClock.xml
----------------- Instantiating /home/travis/build/icyphy/ptII/ptolemy/actor/lib/test/auto/TriggeredClock.xml
2 ms. Memory: 1617408K Free: 143929K (9%)
----------------- Invoking toplevel() on ptolemy.moml.MoMLSimpleApplication@6ff10343
----------------- Done invoking toplevel() on ptolemy.moml.MoMLSimpleApplication@6ff10343
reloadAllAccessors: .TriggeredClock

===========================================================================================
----------------- testing Mon Jun 11 02:26:13 UTC 2018 /home/travis/build/icyphy/ptII/ptolemy/actor/lib/test/auto/URLDirectoryReader.xml
----------------- Instantiating /home/travis/build/icyphy/ptII/ptolemy/actor/lib/test/auto/URLDirectoryReader.xml
44 ms. Memory: 1617408K Free: 128748K (8%)
----------------- Invoking toplevel() on ptolemy.moml.MoMLSimpleApplication@ac77ba4
----------------- Done invoking toplevel() on ptolemy.moml.MoMLSimpleApplication@ac77ba4
reloadAllAccessors: .URLDirectoryReader

===========================================================================================
----------------- testing Mon Jun 11 02:26:14 UTC 2018 /home/travis/build/icyphy/ptII/ptolemy/actor/lib/test/auto/URLDirectoryReader3.xml
----------------- Instantiating /home/travis/build/icyphy/ptII/ptolemy/actor/lib/test/auto/URLDirectoryReader3.xml
1110 ms. Memory: 1617408K Free: 71460K (4%)
----------------- Invoking toplevel() on ptolemy.moml.MoMLSimpleApplication@7ee7a83a
----------------- Done invoking toplevel() on ptolemy.moml.MoMLSimpleApplication@7ee7a83a
reloadAllAccessors: .URLDirectoryReader3

===========================================================================================
----------------- testing Mon Jun 11 02:26:15 UTC 2018 /home/travis/build/icyphy/ptII/ptolemy/actor/lib/test/auto/UnaryMathFunction.xml
----------------- Instantiating /home/travis/build/icyphy/ptII/ptolemy/actor/lib/test/auto/UnaryMathFunction.xml
38 ms. Memory: 1679360K Free: 1617412K (96%)
----------------- Invoking toplevel() on ptolemy.moml.MoMLSimpleApplication@13f99ad5
----------------- Done invoking toplevel() on ptolemy.moml.MoMLSimpleApplication@13f99ad5
reloadAllAccessors: .UnaryMathFunction

===========================================================================================
----------------- testing Mon Jun 11 02:26:15 UTC 2018 /home/travis/build/icyphy/ptII/ptolemy/actor/lib/test/auto/Uniform.xml
----------------- Instantiating /home/travis/build/icyphy/ptII/ptolemy/actor/lib/test/auto/Uniform.xml
1 ms. Memory: 1679360K Free: 1593691K (95%)
----------------- Invoking toplevel() on ptolemy.moml.MoMLSimpleApplication@5c149fb2
----------------- Done invoking toplevel() on ptolemy.moml.MoMLSimpleApplication@5c149fb2
reloadAllAccessors: .Uniform

===========================================================================================
----------------- testing Mon Jun 11 02:26:15 UTC 2018 /home/travis/build/icyphy/ptII/ptolemy/actor/lib/test/auto/UnionDisassemblerTest.xml
----------------- Instantiating /home/travis/build/icyphy/ptII/ptolemy/actor/lib/test/auto/UnionDisassemblerTest.xml
7 ms. Memory: 1679360K Free: 1573890K (94%)
----------------- Invoking toplevel() on ptolemy.moml.MoMLSimpleApplication@58d78b89
----------------- Done invoking toplevel() on ptolemy.moml.MoMLSimpleApplication@58d78b89
reloadAllAccessors: .UnionDisassemblerTest

===========================================================================================
----------------- testing Mon Jun 11 02:26:15 UTC 2018 /home/travis/build/icyphy/ptII/ptolemy/actor/lib/test/auto/UtilityFunctions.xml
----------------- Instantiating /home/travis/build/icyphy/ptII/ptolemy/actor/lib/test/auto/UtilityFunctions.xml
1 ms. Memory: 1679360K Free: 1558208K (93%)
----------------- Invoking toplevel() on ptolemy.moml.MoMLSimpleApplication@502582ad
----------------- Done invoking toplevel() on ptolemy.moml.MoMLSimpleApplication@502582ad
reloadAllAccessors: .UtilityFunctions

===========================================================================================
----------------- testing Mon Jun 11 02:26:15 UTC 2018 /home/travis/build/icyphy/ptII/ptolemy/actor/lib/test/auto/VariableSleep.xml
----------------- Instantiating /home/travis/build/icyphy/ptII/ptolemy/actor/lib/test/auto/VariableSleep.xml
503 ms. Memory: 1679360K Free: 1538407K (92%)
----------------- Invoking toplevel() on ptolemy.moml.MoMLSimpleApplication@5638a4c1
----------------- Done invoking toplevel() on ptolemy.moml.MoMLSimpleApplication@5638a4c1
reloadAllAccessors: .VariableSleep

===========================================================================================
----------------- testing Mon Jun 11 02:26:16 UTC 2018 /home/travis/build/icyphy/ptII/ptolemy/actor/lib/test/auto/VectorAssemblerDisassemblerCT.xml
----------------- Instantiating /home/travis/build/icyphy/ptII/ptolemy/actor/lib/test/auto/VectorAssemblerDisassemblerCT.xml
67 ms. Memory: 1679360K Free: 1502908K (89%)
----------------- Invoking toplevel() on ptolemy.moml.MoMLSimpleApplication@343fd62
----------------- Done invoking toplevel() on ptolemy.moml.MoMLSimpleApplication@343fd62
reloadAllAccessors: .VectorAssemblerDisassemblerCT

===========================================================================================
----------------- testing Mon Jun 11 02:26:16 UTC 2018 /home/travis/build/icyphy/ptII/ptolemy/actor/lib/test/auto/VectorAssemblerDisassemblerDE.xml
----------------- Instantiating /home/travis/build/icyphy/ptII/ptolemy/actor/lib/test/auto/VectorAssemblerDisassemblerDE.xml
2 ms. Memory: 1679360K Free: 1487225K (89%)
----------------- Invoking toplevel() on ptolemy.moml.MoMLSimpleApplication@172dbb72
----------------- Done invoking toplevel() on ptolemy.moml.MoMLSimpleApplication@172dbb72
reloadAllAccessors: .VectorAssemblerDisassemblerDE

===========================================================================================
----------------- testing Mon Jun 11 02:26:16 UTC 2018 /home/travis/build/icyphy/ptII/ptolemy/actor/lib/test/auto/VectorAssemblerDisassemblerSDF.xml
----------------- Instantiating /home/travis/build/icyphy/ptII/ptolemy/actor/lib/test/auto/VectorAssemblerDisassemblerSDF.xml
3 ms. Memory: 1679360K Free: 1467425K (87%)
----------------- Invoking toplevel() on ptolemy.moml.MoMLSimpleApplication@23f1e182
----------------- Done invoking toplevel() on ptolemy.moml.MoMLSimpleApplication@23f1e182
reloadAllAccessors: .VectorAssemblerDisassemblerSDF

===========================================================================================
----------------- testing Mon Jun 11 02:26:16 UTC 2018 /home/travis/build/icyphy/ptII/ptolemy/actor/lib/test/auto/WallClockTime.xml
----------------- Instantiating /home/travis/build/icyphy/ptII/ptolemy/actor/lib/test/auto/WallClockTime.xml
1004 ms. Memory: 1679360K Free: 1451742K (86%)
----------------- Invoking toplevel() on ptolemy.moml.MoMLSimpleApplication@1b140a40
----------------- Done invoking toplevel() on ptolemy.moml.MoMLSimpleApplication@1b140a40
reloadAllAccessors: .WallClockTime

===========================================================================================
----------------- testing Mon Jun 11 02:26:17 UTC 2018 /home/travis/build/icyphy/ptII/ptolemy/actor/lib/test/auto/WidthTestWithSubscriberPublisher.xml
----------------- Instantiating /home/travis/build/icyphy/ptII/ptolemy/actor/lib/test/auto/WidthTestWithSubscriberPublisher.xml
7 ms. Memory: 1679360K Free: 1416227K (84%)
----------------- Invoking toplevel() on ptolemy.moml.MoMLSimpleApplication@261a1a2b
----------------- Done invoking toplevel() on ptolemy.moml.MoMLSimpleApplication@261a1a2b
reloadAllAccessors: .WidthTestWithSubscriberPublisher

===========================================================================================
----------------- testing Mon Jun 11 02:26:17 UTC 2018 /home/travis/build/icyphy/ptII/ptolemy/actor/lib/test/auto/WidthTestWithSubscriberPublisher2.xml
----------------- Instantiating /home/travis/build/icyphy/ptII/ptolemy/actor/lib/test/auto/WidthTestWithSubscriberPublisher2.xml
2 ms. Memory: 1679360K Free: 1396427K (83%)
----------------- Invoking toplevel() on ptolemy.moml.MoMLSimpleApplication@78f3f68c
----------------- Done invoking toplevel() on ptolemy.moml.MoMLSimpleApplication@78f3f68c
reloadAllAccessors: .WidthTestWithSubscriberPublisher2

===========================================================================================
----------------- testing Mon Jun 11 02:26:17 UTC 2018 /home/travis/build/icyphy/ptII/ptolemy/actor/lib/test/auto/WidthTestWithSubscriberPublisher3.xml
----------------- Instantiating /home/travis/build/icyphy/ptII/ptolemy/actor/lib/test/auto/WidthTestWithSubscriberPublisher3.xml
1 ms. Memory: 1679360K Free: 1380744K (82%)
----------------- Invoking toplevel() on ptolemy.moml.MoMLSimpleApplication@54f432a4
----------------- Done invoking toplevel() on ptolemy.moml.MoMLSimpleApplication@54f432a4
reloadAllAccessors: .WidthTestWithSubscriberPublisher3

===========================================================================================
----------------- testing Mon Jun 11 02:26:17 UTC 2018 /home/travis/build/icyphy/ptII/ptolemy/actor/lib/test/auto/Writer.xml
----------------- Instantiating /home/travis/build/icyphy/ptII/ptolemy/actor/lib/test/auto/Writer.xml
0
1
2
3
4
1 ms. Memory: 1679360K Free: 1360943K (81%)
----------------- Invoking toplevel() on ptolemy.moml.MoMLSimpleApplication@3b6b3015
----------------- Done invoking toplevel() on ptolemy.moml.MoMLSimpleApplication@3b6b3015
reloadAllAccessors: .Writer

===========================================================================================
----------------- testing Mon Jun 11 02:26:17 UTC 2018 /home/travis/build/icyphy/ptII/ptolemy/actor/lib/test/auto/array.xml
----------------- Instantiating /home/travis/build/icyphy/ptII/ptolemy/actor/lib/test/auto/array.xml
1 ms. Memory: 1679360K Free: 1341143K (80%)
----------------- Invoking toplevel() on ptolemy.moml.MoMLSimpleApplication@484e11d0
----------------- Done invoking toplevel() on ptolemy.moml.MoMLSimpleApplication@484e11d0
reloadAllAccessors: .array

===========================================================================================
----------------- testing Mon Jun 11 02:26:17 UTC 2018 /home/travis/build/icyphy/ptII/ptolemy/actor/lib/test/auto/array2.xml
----------------- Instantiating /home/travis/build/icyphy/ptII/ptolemy/actor/lib/test/auto/array2.xml
2 ms. Memory: 1679360K Free: 1325460K (79%)
----------------- Invoking toplevel() on ptolemy.moml.MoMLSimpleApplication@2e03c80c
----------------- Done invoking toplevel() on ptolemy.moml.MoMLSimpleApplication@2e03c80c
reloadAllAccessors: .array2

===========================================================================================
----------------- testing Mon Jun 11 02:26:17 UTC 2018 /home/travis/build/icyphy/ptII/ptolemy/actor/lib/test/auto/arrayType.xml
----------------- Instantiating /home/travis/build/icyphy/ptII/ptolemy/actor/lib/test/auto/arrayType.xml
5 ms. Memory: 1679360K Free: 1305660K (78%)
----------------- Invoking toplevel() on ptolemy.moml.MoMLSimpleApplication@1f6c60d8
----------------- Done invoking toplevel() on ptolemy.moml.MoMLSimpleApplication@1f6c60d8
reloadAllAccessors: .arrayType

===========================================================================================
----------------- testing Mon Jun 11 02:26:17 UTC 2018 /home/travis/build/icyphy/ptII/ptolemy/actor/lib/test/auto/arrayType10.xml
----------------- Instantiating /home/travis/build/icyphy/ptII/ptolemy/actor/lib/test/auto/arrayType10.xml
2 ms. Memory: 1679360K Free: 1289977K (77%)
----------------- Invoking toplevel() on ptolemy.moml.MoMLSimpleApplication@6545046
----------------- Done invoking toplevel() on ptolemy.moml.MoMLSimpleApplication@6545046
reloadAllAccessors: .arrayType10

===========================================================================================
----------------- testing Mon Jun 11 02:26:17 UTC 2018 /home/travis/build/icyphy/ptII/ptolemy/actor/lib/test/auto/arrayType11.xml
----------------- Instantiating /home/travis/build/icyphy/ptII/ptolemy/actor/lib/test/auto/arrayType11.xml
1 ms. Memory: 1679360K Free: 1270176K (76%)
----------------- Invoking toplevel() on ptolemy.moml.MoMLSimpleApplication@41b0b869
----------------- Done invoking toplevel() on ptolemy.moml.MoMLSimpleApplication@41b0b869
reloadAllAccessors: .arrayType11

===========================================================================================
----------------- testing Mon Jun 11 02:26:17 UTC 2018 /home/travis/build/icyphy/ptII/ptolemy/actor/lib/test/auto/arrayType12.xml
----------------- Instantiating /home/travis/build/icyphy/ptII/ptolemy/actor/lib/test/auto/arrayType12.xml
1 ms. Memory: 1679360K Free: 1250376K (74%)
----------------- Invoking toplevel() on ptolemy.moml.MoMLSimpleApplication@2417609f
----------------- Done invoking toplevel() on ptolemy.moml.MoMLSimpleApplication@2417609f
reloadAllAccessors: .arrayType12

===========================================================================================
----------------- testing Mon Jun 11 02:26:17 UTC 2018 /home/travis/build/icyphy/ptII/ptolemy/actor/lib/test/auto/arrayType13.xml
----------------- Instantiating /home/travis/build/icyphy/ptII/ptolemy/actor/lib/test/auto/arrayType13.xml
6 ms. Memory: 1679360K Free: 1234693K (74%)
----------------- Invoking toplevel() on ptolemy.moml.MoMLSimpleApplication@20174ce3
----------------- Done invoking toplevel() on ptolemy.moml.MoMLSimpleApplication@20174ce3
reloadAllAccessors: .arrayType13

===========================================================================================
----------------- testing Mon Jun 11 02:26:17 UTC 2018 /home/travis/build/icyphy/ptII/ptolemy/actor/lib/test/auto/arrayType14.xml
----------------- Instantiating /home/travis/build/icyphy/ptII/ptolemy/actor/lib/test/auto/arrayType14.xml
1 ms. Memory: 1679360K Free: 1214893K (72%)
----------------- Invoking toplevel() on ptolemy.moml.MoMLSimpleApplication@1147eaad
----------------- Done invoking toplevel() on ptolemy.moml.MoMLSimpleApplication@1147eaad
reloadAllAccessors: .arrayType14

===========================================================================================
----------------- testing Mon Jun 11 02:26:17 UTC 2018 /home/travis/build/icyphy/ptII/ptolemy/actor/lib/test/auto/arrayType15.xml
----------------- Instantiating /home/travis/build/icyphy/ptII/ptolemy/actor/lib/test/auto/arrayType15.xml
2 ms. Memory: 1679360K Free: 1195092K (71%)
----------------- Invoking toplevel() on ptolemy.moml.MoMLSimpleApplication@25588c29
----------------- Done invoking toplevel() on ptolemy.moml.MoMLSimpleApplication@25588c29
reloadAllAccessors: .arrayType15

===========================================================================================
----------------- testing Mon Jun 11 02:26:17 UTC 2018 /home/travis/build/icyphy/ptII/ptolemy/actor/lib/test/auto/arrayType16.xml
----------------- Instantiating /home/travis/build/icyphy/ptII/ptolemy/actor/lib/test/auto/arrayType16.xml
1 ms. Memory: 1679360K Free: 1179410K (70%)
----------------- Invoking toplevel() on ptolemy.moml.MoMLSimpleApplication@2018f712
----------------- Done invoking toplevel() on ptolemy.moml.MoMLSimpleApplication@2018f712
reloadAllAccessors: .arrayType16

===========================================================================================
----------------- testing Mon Jun 11 02:26:17 UTC 2018 /home/travis/build/icyphy/ptII/ptolemy/actor/lib/test/auto/arrayType17.xml
----------------- Instantiating /home/travis/build/icyphy/ptII/ptolemy/actor/lib/test/auto/arrayType17.xml
2 ms. Memory: 1679360K Free: 1159609K (69%)
----------------- Invoking toplevel() on ptolemy.moml.MoMLSimpleApplication@441bbaaf
----------------- Done invoking toplevel() on ptolemy.moml.MoMLSimpleApplication@441bbaaf
reloadAllAccessors: .arrayType17

===========================================================================================
----------------- testing Mon Jun 11 02:26:17 UTC 2018 /home/travis/build/icyphy/ptII/ptolemy/actor/lib/test/auto/arrayType18.xml
----------------- Instantiating /home/travis/build/icyphy/ptII/ptolemy/actor/lib/test/auto/arrayType18.xml
1 ms. Memory: 1679360K Free: 1143926K (68%)
----------------- Invoking toplevel() on ptolemy.moml.MoMLSimpleApplication@242d8634
----------------- Done invoking toplevel() on ptolemy.moml.MoMLSimpleApplication@242d8634
reloadAllAccessors: .arrayType18

===========================================================================================
----------------- testing Mon Jun 11 02:26:17 UTC 2018 /home/travis/build/icyphy/ptII/ptolemy/actor/lib/test/auto/arrayType19.xml
----------------- Instantiating /home/travis/build/icyphy/ptII/ptolemy/actor/lib/test/auto/arrayType19.xml
2 ms. Memory: 1679360K Free: 1124125K (67%)
----------------- Invoking toplevel() on ptolemy.moml.MoMLSimpleApplication@d29f91b
----------------- Done invoking toplevel() on ptolemy.moml.MoMLSimpleApplication@d29f91b
reloadAllAccessors: .arrayType19

===========================================================================================
----------------- testing Mon Jun 11 02:26:17 UTC 2018 /home/travis/build/icyphy/ptII/ptolemy/actor/lib/test/auto/arrayType2.xml
----------------- Instantiating /home/travis/build/icyphy/ptII/ptolemy/actor/lib/test/auto/arrayType2.xml
2 ms. Memory: 1679360K Free: 1104325K (66%)
----------------- Invoking toplevel() on ptolemy.moml.MoMLSimpleApplication@5a2bc648
----------------- Done invoking toplevel() on ptolemy.moml.MoMLSimpleApplication@5a2bc648
reloadAllAccessors: .arrayType2

===========================================================================================
----------------- testing Mon Jun 11 02:26:17 UTC 2018 /home/travis/build/icyphy/ptII/ptolemy/actor/lib/test/auto/arrayType20.xml
----------------- Instantiating /home/travis/build/icyphy/ptII/ptolemy/actor/lib/test/auto/arrayType20.xml
1 ms. Memory: 1679360K Free: 1088642K (65%)
----------------- Invoking toplevel() on ptolemy.moml.MoMLSimpleApplication@6982bab9
----------------- Done invoking toplevel() on ptolemy.moml.MoMLSimpleApplication@6982bab9
reloadAllAccessors: .arrayType20

===========================================================================================
----------------- testing Mon Jun 11 02:26:17 UTC 2018 /home/travis/build/icyphy/ptII/ptolemy/actor/lib/test/auto/arrayType21.xml
----------------- Instantiating /home/travis/build/icyphy/ptII/ptolemy/actor/lib/test/auto/arrayType21.xml
1 ms. Memory: 1679360K Free: 1068842K (64%)
----------------- Invoking toplevel() on ptolemy.moml.MoMLSimpleApplication@185bdb1
----------------- Done invoking toplevel() on ptolemy.moml.MoMLSimpleApplication@185bdb1
reloadAllAccessors: .arrayType21

===========================================================================================
----------------- testing Mon Jun 11 02:26:17 UTC 2018 /home/travis/build/icyphy/ptII/ptolemy/actor/lib/test/auto/arrayType22.xml
----------------- Instantiating /home/travis/build/icyphy/ptII/ptolemy/actor/lib/test/auto/arrayType22.xml
1 ms. Memory: 1679360K Free: 1053159K (63%)
----------------- Invoking toplevel() on ptolemy.moml.MoMLSimpleApplication@3e6f30dc
----------------- Done invoking toplevel() on ptolemy.moml.MoMLSimpleApplication@3e6f30dc
reloadAllAccessors: .arrayType22

===========================================================================================
----------------- testing Mon Jun 11 02:26:17 UTC 2018 /home/travis/build/icyphy/ptII/ptolemy/actor/lib/test/auto/arrayType23.xml
----------------- Instantiating /home/travis/build/icyphy/ptII/ptolemy/actor/lib/test/auto/arrayType23.xml
3 ms. Memory: 1679360K Free: 1033358K (62%)
----------------- Invoking toplevel() on ptolemy.moml.MoMLSimpleApplication@1c9241ae
----------------- Done invoking toplevel() on ptolemy.moml.MoMLSimpleApplication@1c9241ae
reloadAllAccessors: .arrayType23

===========================================================================================
----------------- testing Mon Jun 11 02:26:17 UTC 2018 /home/travis/build/icyphy/ptII/ptolemy/actor/lib/test/auto/arrayType24.xml
----------------- Instantiating /home/travis/build/icyphy/ptII/ptolemy/actor/lib/test/auto/arrayType24.xml
2 ms. Memory: 1679360K Free: 1013558K (60%)
----------------- Invoking toplevel() on ptolemy.moml.MoMLSimpleApplication@2c6d720c
----------------- Done invoking toplevel() on ptolemy.moml.MoMLSimpleApplication@2c6d720c
reloadAllAccessors: .arrayType24

===========================================================================================
----------------- testing Mon Jun 11 02:26:17 UTC 2018 /home/travis/build/icyphy/ptII/ptolemy/actor/lib/test/auto/arrayType25.xml
----------------- Instantiating /home/travis/build/icyphy/ptII/ptolemy/actor/lib/test/auto/arrayType25.xml
2 ms. Memory: 1679360K Free: 997875K (59%)
----------------- Invoking toplevel() on ptolemy.moml.MoMLSimpleApplication@1d3d83a5
----------------- Done invoking toplevel() on ptolemy.moml.MoMLSimpleApplication@1d3d83a5
reloadAllAccessors: .arrayType25

===========================================================================================
----------------- testing Mon Jun 11 02:26:17 UTC 2018 /home/travis/build/icyphy/ptII/ptolemy/actor/lib/test/auto/arrayType26.xml
----------------- Instantiating /home/travis/build/icyphy/ptII/ptolemy/actor/lib/test/auto/arrayType26.xml
2 ms. Memory: 1679360K Free: 978075K (58%)
----------------- Invoking toplevel() on ptolemy.moml.MoMLSimpleApplication@3ba7e83f
----------------- Done invoking toplevel() on ptolemy.moml.MoMLSimpleApplication@3ba7e83f
reloadAllAccessors: .arrayType26

===========================================================================================
----------------- testing Mon Jun 11 02:26:17 UTC 2018 /home/travis/build/icyphy/ptII/ptolemy/actor/lib/test/auto/arrayType27.xml
----------------- Instantiating /home/travis/build/icyphy/ptII/ptolemy/actor/lib/test/auto/arrayType27.xml
1 ms. Memory: 1679360K Free: 958274K (57%)
----------------- Invoking toplevel() on ptolemy.moml.MoMLSimpleApplication@5d34e511
----------------- Done invoking toplevel() on ptolemy.moml.MoMLSimpleApplication@5d34e511
reloadAllAccessors: .arrayType27

===========================================================================================
----------------- testing Mon Jun 11 02:26:17 UTC 2018 /home/travis/build/icyphy/ptII/ptolemy/actor/lib/test/auto/arrayType28.xml
----------------- Instantiating /home/travis/build/icyphy/ptII/ptolemy/actor/lib/test/auto/arrayType28.xml
3 ms. Memory: 1679360K Free: 942592K (56%)
----------------- Invoking toplevel() on ptolemy.moml.MoMLSimpleApplication@4f17b73c
----------------- Done invoking toplevel() on ptolemy.moml.MoMLSimpleApplication@4f17b73c
reloadAllAccessors: .arrayType28

===========================================================================================
----------------- testing Mon Jun 11 02:26:17 UTC 2018 /home/travis/build/icyphy/ptII/ptolemy/actor/lib/test/auto/arrayType3.xml
----------------- Instantiating /home/travis/build/icyphy/ptII/ptolemy/actor/lib/test/auto/arrayType3.xml
1 ms. Memory: 1679360K Free: 922791K (55%)
----------------- Invoking toplevel() on ptolemy.moml.MoMLSimpleApplication@79da5674
----------------- Done invoking toplevel() on ptolemy.moml.MoMLSimpleApplication@79da5674
reloadAllAccessors: .arrayType3

===========================================================================================
----------------- testing Mon Jun 11 02:26:17 UTC 2018 /home/travis/build/icyphy/ptII/ptolemy/actor/lib/test/auto/arrayType4.xml
----------------- Instantiating /home/travis/build/icyphy/ptII/ptolemy/actor/lib/test/auto/arrayType4.xml
2 ms. Memory: 1679360K Free: 907109K (54%)
----------------- Invoking toplevel() on ptolemy.moml.MoMLSimpleApplication@4f7048a0
----------------- Done invoking toplevel() on ptolemy.moml.MoMLSimpleApplication@4f7048a0
reloadAllAccessors: .arrayType4

===========================================================================================
----------------- testing Mon Jun 11 02:26:17 UTC 2018 /home/travis/build/icyphy/ptII/ptolemy/actor/lib/test/auto/arrayType5.xml
----------------- Instantiating /home/travis/build/icyphy/ptII/ptolemy/actor/lib/test/auto/arrayType5.xml
2 ms. Memory: 1679360K Free: 887308K (53%)
----------------- Invoking toplevel() on ptolemy.moml.MoMLSimpleApplication@29ae82bc
----------------- Done invoking toplevel() on ptolemy.moml.MoMLSimpleApplication@29ae82bc
reloadAllAccessors: .arrayType5

===========================================================================================
----------------- testing Mon Jun 11 02:26:17 UTC 2018 /home/travis/build/icyphy/ptII/ptolemy/actor/lib/test/auto/arrayType6.xml
----------------- Instantiating /home/travis/build/icyphy/ptII/ptolemy/actor/lib/test/auto/arrayType6.xml
1 ms. Memory: 1679360K Free: 867508K (52%)
----------------- Invoking toplevel() on ptolemy.moml.MoMLSimpleApplication@31f09844
----------------- Done invoking toplevel() on ptolemy.moml.MoMLSimpleApplication@31f09844
reloadAllAccessors: .arrayType6

===========================================================================================
----------------- testing Mon Jun 11 02:26:17 UTC 2018 /home/travis/build/icyphy/ptII/ptolemy/actor/lib/test/auto/arrayType7.xml
----------------- Instantiating /home/travis/build/icyphy/ptII/ptolemy/actor/lib/test/auto/arrayType7.xml
1 ms. Memory: 1679360K Free: 851825K (51%)
----------------- Invoking toplevel() on ptolemy.moml.MoMLSimpleApplication@28a35aca
----------------- Done invoking toplevel() on ptolemy.moml.MoMLSimpleApplication@28a35aca
reloadAllAccessors: .arrayType7

===========================================================================================
----------------- testing Mon Jun 11 02:26:17 UTC 2018 /home/travis/build/icyphy/ptII/ptolemy/actor/lib/test/auto/arrayType8.xml
----------------- Instantiating /home/travis/build/icyphy/ptII/ptolemy/actor/lib/test/auto/arrayType8.xml
3 ms. Memory: 1679360K Free: 832024K (50%)
----------------- Invoking toplevel() on ptolemy.moml.MoMLSimpleApplication@7ca772c8
----------------- Done invoking toplevel() on ptolemy.moml.MoMLSimpleApplication@7ca772c8
reloadAllAccessors: .arrayType8

===========================================================================================
----------------- testing Mon Jun 11 02:26:17 UTC 2018 /home/travis/build/icyphy/ptII/ptolemy/actor/lib/test/auto/arrayType9.xml
----------------- Instantiating /home/travis/build/icyphy/ptII/ptolemy/actor/lib/test/auto/arrayType9.xml
2 ms. Memory: 1679360K Free: 812224K (48%)
----------------- Invoking toplevel() on ptolemy.moml.MoMLSimpleApplication@364c8309
----------------- Done invoking toplevel() on ptolemy.moml.MoMLSimpleApplication@364c8309
reloadAllAccessors: .arrayType9

===========================================================================================
----------------- testing Mon Jun 11 02:26:17 UTC 2018 /home/travis/build/icyphy/ptII/ptolemy/actor/lib/test/auto/cast.xml
----------------- Instantiating /home/travis/build/icyphy/ptII/ptolemy/actor/lib/test/auto/cast.xml
2 ms. Memory: 1679360K Free: 796541K (47%)
----------------- Invoking toplevel() on ptolemy.moml.MoMLSimpleApplication@11bd4ce0
----------------- Done invoking toplevel() on ptolemy.moml.MoMLSimpleApplication@11bd4ce0
reloadAllAccessors: .cast

===========================================================================================
----------------- testing Mon Jun 11 02:26:17 UTC 2018 /home/travis/build/icyphy/ptII/ptolemy/actor/lib/test/auto/compositeMultiPort.xml
----------------- Instantiating /home/travis/build/icyphy/ptII/ptolemy/actor/lib/test/auto/compositeMultiPort.xml
3 ms. Memory: 1679360K Free: 776741K (46%)
----------------- Invoking toplevel() on ptolemy.moml.MoMLSimpleApplication@262fd88b
----------------- Done invoking toplevel() on ptolemy.moml.MoMLSimpleApplication@262fd88b
reloadAllAccessors: .compositeMultiPort

===========================================================================================
----------------- testing Mon Jun 11 02:26:17 UTC 2018 /home/travis/build/icyphy/ptII/ptolemy/actor/lib/test/auto/expressionCastInference.xml
----------------- Instantiating /home/travis/build/icyphy/ptII/ptolemy/actor/lib/test/auto/expressionCastInference.xml
1 ms. Memory: 1679360K Free: 756940K (45%)
----------------- Invoking toplevel() on ptolemy.moml.MoMLSimpleApplication@7fe0801e
----------------- Done invoking toplevel() on ptolemy.moml.MoMLSimpleApplication@7fe0801e
reloadAllAccessors: .expressionCastInference

===========================================================================================
----------------- testing Mon Jun 11 02:26:17 UTC 2018 /home/travis/build/icyphy/ptII/ptolemy/actor/lib/test/auto/expressionCastInference2.xml
----------------- Instantiating /home/travis/build/icyphy/ptII/ptolemy/actor/lib/test/auto/expressionCastInference2.xml
2 ms. Memory: 1679360K Free: 741258K (44%)
----------------- Invoking toplevel() on ptolemy.moml.MoMLSimpleApplication@7fb3ea91
----------------- Done invoking toplevel() on ptolemy.moml.MoMLSimpleApplication@7fb3ea91
reloadAllAccessors: .expressionCastInference2

===========================================================================================
----------------- testing Mon Jun 11 02:26:17 UTC 2018 /home/travis/build/icyphy/ptII/ptolemy/actor/lib/test/auto/expressionInference.xml
----------------- Instantiating /home/travis/build/icyphy/ptII/ptolemy/actor/lib/test/auto/expressionInference.xml
2 ms. Memory: 1679360K Free: 721457K (43%)
----------------- Invoking toplevel() on ptolemy.moml.MoMLSimpleApplication@31c32352
----------------- Done invoking toplevel() on ptolemy.moml.MoMLSimpleApplication@31c32352
reloadAllAccessors: .expressionInference

===========================================================================================
----------------- testing Mon Jun 11 02:26:17 UTC 2018 /home/travis/build/icyphy/ptII/ptolemy/actor/lib/test/auto/expression_bug.xml
----------------- Instantiating /home/travis/build/icyphy/ptII/ptolemy/actor/lib/test/auto/expression_bug.xml
2 ms. Memory: 1679360K Free: 705775K (42%)
----------------- Invoking toplevel() on ptolemy.moml.MoMLSimpleApplication@2e61f9fa
----------------- Done invoking toplevel() on ptolemy.moml.MoMLSimpleApplication@2e61f9fa
reloadAllAccessors: .expression_bug

===========================================================================================
----------------- testing Mon Jun 11 02:26:17 UTC 2018 /home/travis/build/icyphy/ptII/ptolemy/actor/lib/test/auto/factorial.xml
----------------- Instantiating /home/travis/build/icyphy/ptII/ptolemy/actor/lib/test/auto/factorial.xml
47 ms. Memory: 1679360K Free: 685974K (41%)
----------------- Invoking toplevel() on ptolemy.moml.MoMLSimpleApplication@2f2209a
----------------- Done invoking toplevel() on ptolemy.moml.MoMLSimpleApplication@2f2209a
reloadAllAccessors: .factorial

===========================================================================================
----------------- testing Mon Jun 11 02:26:17 UTC 2018 /home/travis/build/icyphy/ptII/ptolemy/actor/lib/test/auto/filterTest1.xml
----------------- Instantiating /home/travis/build/icyphy/ptII/ptolemy/actor/lib/test/auto/filterTest1.xml
2 ms. Memory: 1679360K Free: 666174K (40%)
----------------- Invoking toplevel() on ptolemy.moml.MoMLSimpleApplication@39d7ca85
----------------- Done invoking toplevel() on ptolemy.moml.MoMLSimpleApplication@39d7ca85
reloadAllAccessors: .filterTest1

===========================================================================================
----------------- testing Mon Jun 11 02:26:17 UTC 2018 /home/travis/build/icyphy/ptII/ptolemy/actor/lib/test/auto/funcApplyInConst.xml
----------------- Instantiating /home/travis/build/icyphy/ptII/ptolemy/actor/lib/test/auto/funcApplyInConst.xml
1 ms. Memory: 1679360K Free: 650491K (39%)
----------------- Invoking toplevel() on ptolemy.moml.MoMLSimpleApplication@1de97321
----------------- Done invoking toplevel() on ptolemy.moml.MoMLSimpleApplication@1de97321
reloadAllAccessors: .funcApplyInConst

===========================================================================================
----------------- testing Mon Jun 11 02:26:17 UTC 2018 /home/travis/build/icyphy/ptII/ptolemy/actor/lib/test/auto/funcApplyInExpr.xml
----------------- Instantiating /home/travis/build/icyphy/ptII/ptolemy/actor/lib/test/auto/funcApplyInExpr.xml
1 ms. Memory: 1679360K Free: 630690K (38%)
----------------- Invoking toplevel() on ptolemy.moml.MoMLSimpleApplication@36aaab82
----------------- Done invoking toplevel() on ptolemy.moml.MoMLSimpleApplication@36aaab82
reloadAllAccessors: .funcApplyInExpr

===========================================================================================
----------------- testing Mon Jun 11 02:26:17 UTC 2018 /home/travis/build/icyphy/ptII/ptolemy/actor/lib/test/auto/function.xml
----------------- Instantiating /home/travis/build/icyphy/ptII/ptolemy/actor/lib/test/auto/function.xml
2 ms. Memory: 1679360K Free: 610890K (36%)
----------------- Invoking toplevel() on ptolemy.moml.MoMLSimpleApplication@62fcf680
----------------- Done invoking toplevel() on ptolemy.moml.MoMLSimpleApplication@62fcf680
reloadAllAccessors: .function

===========================================================================================
----------------- testing Mon Jun 11 02:26:17 UTC 2018 /home/travis/build/icyphy/ptII/ptolemy/actor/lib/test/auto/function2.xml
----------------- Instantiating /home/travis/build/icyphy/ptII/ptolemy/actor/lib/test/auto/function2.xml
2 ms. Memory: 1679360K Free: 595207K (35%)
----------------- Invoking toplevel() on ptolemy.moml.MoMLSimpleApplication@13f7de97
----------------- Done invoking toplevel() on ptolemy.moml.MoMLSimpleApplication@13f7de97
reloadAllAccessors: .function2

===========================================================================================
----------------- testing Mon Jun 11 02:26:18 UTC 2018 /home/travis/build/icyphy/ptII/ptolemy/actor/lib/test/auto/function3.xml
----------------- Instantiating /home/travis/build/icyphy/ptII/ptolemy/actor/lib/test/auto/function3.xml
1 ms. Memory: 1679360K Free: 575406K (34%)
----------------- Invoking toplevel() on ptolemy.moml.MoMLSimpleApplication@46fb15e3
----------------- Done invoking toplevel() on ptolemy.moml.MoMLSimpleApplication@46fb15e3
reloadAllAccessors: .function3

===========================================================================================
----------------- testing Mon Jun 11 02:26:18 UTC 2018 /home/travis/build/icyphy/ptII/ptolemy/actor/lib/test/auto/functionClosureTest1.xml
----------------- Instantiating /home/travis/build/icyphy/ptII/ptolemy/actor/lib/test/auto/functionClosureTest1.xml
2 ms. Memory: 1679360K Free: 559724K (33%)
----------------- Invoking toplevel() on ptolemy.moml.MoMLSimpleApplication@73e6cc48
----------------- Done invoking toplevel() on ptolemy.moml.MoMLSimpleApplication@73e6cc48
reloadAllAccessors: .functionClosureTest1

===========================================================================================
----------------- testing Mon Jun 11 02:26:18 UTC 2018 /home/travis/build/icyphy/ptII/ptolemy/actor/lib/test/auto/functionClosureTest2.xml
----------------- Instantiating /home/travis/build/icyphy/ptII/ptolemy/actor/lib/test/auto/functionClosureTest2.xml
1 ms. Memory: 1679360K Free: 539923K (32%)
----------------- Invoking toplevel() on ptolemy.moml.MoMLSimpleApplication@334d99c7
----------------- Done invoking toplevel() on ptolemy.moml.MoMLSimpleApplication@334d99c7
reloadAllAccessors: .functionClosureTest2

===========================================================================================
----------------- testing Mon Jun 11 02:26:18 UTC 2018 /home/travis/build/icyphy/ptII/ptolemy/actor/lib/test/auto/functionClosureTest3.xml
----------------- Instantiating /home/travis/build/icyphy/ptII/ptolemy/actor/lib/test/auto/functionClosureTest3.xml
2 ms. Memory: 1679360K Free: 520122K (31%)
----------------- Invoking toplevel() on ptolemy.moml.MoMLSimpleApplication@2e72d6cc
----------------- Done invoking toplevel() on ptolemy.moml.MoMLSimpleApplication@2e72d6cc
reloadAllAccessors: .functionClosureTest3

===========================================================================================
----------------- testing Mon Jun 11 02:26:18 UTC 2018 /home/travis/build/icyphy/ptII/ptolemy/actor/lib/test/auto/functionClosureTest4.xml
----------------- Instantiating /home/travis/build/icyphy/ptII/ptolemy/actor/lib/test/auto/functionClosureTest4.xml
2 ms. Memory: 1679360K Free: 504440K (30%)
----------------- Invoking toplevel() on ptolemy.moml.MoMLSimpleApplication@10c1ca41
----------------- Done invoking toplevel() on ptolemy.moml.MoMLSimpleApplication@10c1ca41
reloadAllAccessors: .functionClosureTest4

===========================================================================================
----------------- testing Mon Jun 11 02:26:18 UTC 2018 /home/travis/build/icyphy/ptII/ptolemy/actor/lib/test/auto/functionClosureTest5.xml
----------------- Instantiating /home/travis/build/icyphy/ptII/ptolemy/actor/lib/test/auto/functionClosureTest5.xml
3 ms. Memory: 1679360K Free: 484639K (29%)
----------------- Invoking toplevel() on ptolemy.moml.MoMLSimpleApplication@1b6409ba
----------------- Done invoking toplevel() on ptolemy.moml.MoMLSimpleApplication@1b6409ba
reloadAllAccessors: .functionClosureTest5

===========================================================================================
----------------- testing Mon Jun 11 02:26:18 UTC 2018 /home/travis/build/icyphy/ptII/ptolemy/actor/lib/test/auto/functionClosureTest6.xml
----------------- Instantiating /home/travis/build/icyphy/ptII/ptolemy/actor/lib/test/auto/functionClosureTest6.xml
1 ms. Memory: 1679360K Free: 464839K (28%)
----------------- Invoking toplevel() on ptolemy.moml.MoMLSimpleApplication@6e105364
----------------- Done invoking toplevel() on ptolemy.moml.MoMLSimpleApplication@6e105364
reloadAllAccessors: .functionClosureTest6

===========================================================================================
----------------- testing Mon Jun 11 02:26:18 UTC 2018 /home/travis/build/icyphy/ptII/ptolemy/actor/lib/test/auto/functionsOnArcs.xml
----------------- Instantiating /home/travis/build/icyphy/ptII/ptolemy/actor/lib/test/auto/functionsOnArcs.xml
2 ms. Memory: 1679360K Free: 449156K (27%)
----------------- Invoking toplevel() on ptolemy.moml.MoMLSimpleApplication@5205d855
----------------- Done invoking toplevel() on ptolemy.moml.MoMLSimpleApplication@5205d855
reloadAllAccessors: .functionsOnArcs

===========================================================================================
----------------- testing Mon Jun 11 02:26:18 UTC 2018 /home/travis/build/icyphy/ptII/ptolemy/actor/lib/test/auto/functionsOnArcsHOF.xml
----------------- Instantiating /home/travis/build/icyphy/ptII/ptolemy/actor/lib/test/auto/functionsOnArcsHOF.xml
3 ms. Memory: 1679360K Free: 429356K (26%)
----------------- Invoking toplevel() on ptolemy.moml.MoMLSimpleApplication@4c2dde5c
----------------- Done invoking toplevel() on ptolemy.moml.MoMLSimpleApplication@4c2dde5c
reloadAllAccessors: .functionsOnArcsHOF

===========================================================================================
----------------- testing Mon Jun 11 02:26:18 UTC 2018 /home/travis/build/icyphy/ptII/ptolemy/actor/lib/test/auto/logic.xml
----------------- Instantiating /home/travis/build/icyphy/ptII/ptolemy/actor/lib/test/auto/logic.xml
2 ms. Memory: 1679360K Free: 409555K (24%)
----------------- Invoking toplevel() on ptolemy.moml.MoMLSimpleApplication@7e49650b
----------------- Done invoking toplevel() on ptolemy.moml.MoMLSimpleApplication@7e49650b
reloadAllAccessors: .logic

===========================================================================================
----------------- testing Mon Jun 11 02:26:18 UTC 2018 /home/travis/build/icyphy/ptII/ptolemy/actor/lib/test/auto/matrixType.xml
----------------- Instantiating /home/travis/build/icyphy/ptII/ptolemy/actor/lib/test/auto/matrixType.xml
1 ms. Memory: 1679360K Free: 393873K (23%)
----------------- Invoking toplevel() on ptolemy.moml.MoMLSimpleApplication@66dc15e0
----------------- Done invoking toplevel() on ptolemy.moml.MoMLSimpleApplication@66dc15e0
reloadAllAccessors: .matrixType

===========================================================================================
----------------- testing Mon Jun 11 02:26:18 UTC 2018 /home/travis/build/icyphy/ptII/ptolemy/actor/lib/test/auto/matrixType10.xml
----------------- Instantiating /home/travis/build/icyphy/ptII/ptolemy/actor/lib/test/auto/matrixType10.xml
2 ms. Memory: 1679360K Free: 374072K (22%)
----------------- Invoking toplevel() on ptolemy.moml.MoMLSimpleApplication@1d340885
----------------- Done invoking toplevel() on ptolemy.moml.MoMLSimpleApplication@1d340885
reloadAllAccessors: .matrixType10

===========================================================================================
----------------- testing Mon Jun 11 02:26:18 UTC 2018 /home/travis/build/icyphy/ptII/ptolemy/actor/lib/test/auto/matrixType11.xml
----------------- Instantiating /home/travis/build/icyphy/ptII/ptolemy/actor/lib/test/auto/matrixType11.xml
1 ms. Memory: 1679360K Free: 358389K (21%)
----------------- Invoking toplevel() on ptolemy.moml.MoMLSimpleApplication@52eaa3a1
----------------- Done invoking toplevel() on ptolemy.moml.MoMLSimpleApplication@52eaa3a1
reloadAllAccessors: .matrixType11

===========================================================================================
----------------- testing Mon Jun 11 02:26:18 UTC 2018 /home/travis/build/icyphy/ptII/ptolemy/actor/lib/test/auto/matrixType12.xml
----------------- Instantiating /home/travis/build/icyphy/ptII/ptolemy/actor/lib/test/auto/matrixType12.xml
1 ms. Memory: 1679360K Free: 338589K (20%)
----------------- Invoking toplevel() on ptolemy.moml.MoMLSimpleApplication@61c69fb8
----------------- Done invoking toplevel() on ptolemy.moml.MoMLSimpleApplication@61c69fb8
reloadAllAccessors: .matrixType12

===========================================================================================
----------------- testing Mon Jun 11 02:26:18 UTC 2018 /home/travis/build/icyphy/ptII/ptolemy/actor/lib/test/auto/matrixType13.xml
----------------- Instantiating /home/travis/build/icyphy/ptII/ptolemy/actor/lib/test/auto/matrixType13.xml
1 ms. Memory: 1679360K Free: 318789K (19%)
----------------- Invoking toplevel() on ptolemy.moml.MoMLSimpleApplication@33165da
----------------- Done invoking toplevel() on ptolemy.moml.MoMLSimpleApplication@33165da
reloadAllAccessors: .matrixType13

===========================================================================================
----------------- testing Mon Jun 11 02:26:18 UTC 2018 /home/travis/build/icyphy/ptII/ptolemy/actor/lib/test/auto/matrixType14.xml
----------------- Instantiating /home/travis/build/icyphy/ptII/ptolemy/actor/lib/test/auto/matrixType14.xml
2 ms. Memory: 1679360K Free: 303106K (18%)
----------------- Invoking toplevel() on ptolemy.moml.MoMLSimpleApplication@36f9c855
----------------- Done invoking toplevel() on ptolemy.moml.MoMLSimpleApplication@36f9c855
reloadAllAccessors: .matrixType14

===========================================================================================
----------------- testing Mon Jun 11 02:26:18 UTC 2018 /home/travis/build/icyphy/ptII/ptolemy/actor/lib/test/auto/matrixType2.xml
----------------- Instantiating /home/travis/build/icyphy/ptII/ptolemy/actor/lib/test/auto/matrixType2.xml
2 ms. Memory: 1679360K Free: 283306K (17%)
----------------- Invoking toplevel() on ptolemy.moml.MoMLSimpleApplication@5f47936a
----------------- Done invoking toplevel() on ptolemy.moml.MoMLSimpleApplication@5f47936a
reloadAllAccessors: .matrixType2

===========================================================================================
----------------- testing Mon Jun 11 02:26:18 UTC 2018 /home/travis/build/icyphy/ptII/ptolemy/actor/lib/test/auto/matrixType3.xml
----------------- Instantiating /home/travis/build/icyphy/ptII/ptolemy/actor/lib/test/auto/matrixType3.xml
1 ms. Memory: 1679360K Free: 263505K (16%)
----------------- Invoking toplevel() on ptolemy.moml.MoMLSimpleApplication@23d35d03
----------------- Done invoking toplevel() on ptolemy.moml.MoMLSimpleApplication@23d35d03
reloadAllAccessors: .matrixType3

===========================================================================================
----------------- testing Mon Jun 11 02:26:18 UTC 2018 /home/travis/build/icyphy/ptII/ptolemy/actor/lib/test/auto/matrixType4.xml
----------------- Instantiating /home/travis/build/icyphy/ptII/ptolemy/actor/lib/test/auto/matrixType4.xml
1 ms. Memory: 1679360K Free: 247822K (15%)
----------------- Invoking toplevel() on ptolemy.moml.MoMLSimpleApplication@5b0feda6
----------------- Done invoking toplevel() on ptolemy.moml.MoMLSimpleApplication@5b0feda6
reloadAllAccessors: .matrixType4

===========================================================================================
----------------- testing Mon Jun 11 02:26:18 UTC 2018 /home/travis/build/icyphy/ptII/ptolemy/actor/lib/test/auto/matrixType5.xml
----------------- Instantiating /home/travis/build/icyphy/ptII/ptolemy/actor/lib/test/auto/matrixType5.xml
2 ms. Memory: 1679360K Free: 228022K (14%)
----------------- Invoking toplevel() on ptolemy.moml.MoMLSimpleApplication@14cf4c33
----------------- Done invoking toplevel() on ptolemy.moml.MoMLSimpleApplication@14cf4c33
reloadAllAccessors: .matrixType5

===========================================================================================
----------------- testing Mon Jun 11 02:26:18 UTC 2018 /home/travis/build/icyphy/ptII/ptolemy/actor/lib/test/auto/matrixType6.xml
----------------- Instantiating /home/travis/build/icyphy/ptII/ptolemy/actor/lib/test/auto/matrixType6.xml
1 ms. Memory: 1679360K Free: 208221K (12%)
----------------- Invoking toplevel() on ptolemy.moml.MoMLSimpleApplication@ac8ab1d
----------------- Done invoking toplevel() on ptolemy.moml.MoMLSimpleApplication@ac8ab1d
reloadAllAccessors: .matrixType6

===========================================================================================
----------------- testing Mon Jun 11 02:26:18 UTC 2018 /home/travis/build/icyphy/ptII/ptolemy/actor/lib/test/auto/matrixType7.xml
----------------- Instantiating /home/travis/build/icyphy/ptII/ptolemy/actor/lib/test/auto/matrixType7.xml
1 ms. Memory: 1679360K Free: 192539K (11%)
----------------- Invoking toplevel() on ptolemy.moml.MoMLSimpleApplication@73f9b70b
----------------- Done invoking toplevel() on ptolemy.moml.MoMLSimpleApplication@73f9b70b
reloadAllAccessors: .matrixType7

===========================================================================================
----------------- testing Mon Jun 11 02:26:18 UTC 2018 /home/travis/build/icyphy/ptII/ptolemy/actor/lib/test/auto/matrixType8.xml
----------------- Instantiating /home/travis/build/icyphy/ptII/ptolemy/actor/lib/test/auto/matrixType8.xml
1 ms. Memory: 1679360K Free: 172738K (10%)
----------------- Invoking toplevel() on ptolemy.moml.MoMLSimpleApplication@2952e587
----------------- Done invoking toplevel() on ptolemy.moml.MoMLSimpleApplication@2952e587
reloadAllAccessors: .matrixType8

===========================================================================================
----------------- testing Mon Jun 11 02:26:18 UTC 2018 /home/travis/build/icyphy/ptII/ptolemy/actor/lib/test/auto/matrixType9.xml
----------------- Instantiating /home/travis/build/icyphy/ptII/ptolemy/actor/lib/test/auto/matrixType9.xml
1 ms. Memory: 1679360K Free: 157056K (9%)
----------------- Invoking toplevel() on ptolemy.moml.MoMLSimpleApplication@5815f1da
----------------- Done invoking toplevel() on ptolemy.moml.MoMLSimpleApplication@5815f1da
reloadAllAccessors: .matrixType9

===========================================================================================
----------------- testing Mon Jun 11 02:26:18 UTC 2018 /home/travis/build/icyphy/ptII/ptolemy/actor/lib/test/auto/paraFunctest.xml
----------------- Instantiating /home/travis/build/icyphy/ptII/ptolemy/actor/lib/test/auto/paraFunctest.xml
1 ms. Memory: 1679360K Free: 137255K (8%)
----------------- Invoking toplevel() on ptolemy.moml.MoMLSimpleApplication@32793d54
----------------- Done invoking toplevel() on ptolemy.moml.MoMLSimpleApplication@32793d54
reloadAllAccessors: .paraFunctest

===========================================================================================
----------------- testing Mon Jun 11 02:26:18 UTC 2018 /home/travis/build/icyphy/ptII/ptolemy/actor/lib/test/auto/paraFunctest2.xml
----------------- Instantiating /home/travis/build/icyphy/ptII/ptolemy/actor/lib/test/auto/paraFunctest2.xml
2 ms. Memory: 1679360K Free: 117454K (7%)
----------------- Invoking toplevel() on ptolemy.moml.MoMLSimpleApplication@5be0a7a8
----------------- Done invoking toplevel() on ptolemy.moml.MoMLSimpleApplication@5be0a7a8
reloadAllAccessors: .paraFunctest2

===========================================================================================
----------------- testing Mon Jun 11 02:26:18 UTC 2018 /home/travis/build/icyphy/ptII/ptolemy/actor/lib/test/auto/parameterPassing.xml
----------------- Instantiating /home/travis/build/icyphy/ptII/ptolemy/actor/lib/test/auto/parameterPassing.xml
1 ms. Memory: 1679360K Free: 101772K (6%)
----------------- Invoking toplevel() on ptolemy.moml.MoMLSimpleApplication@147b0aaa
----------------- Done invoking toplevel() on ptolemy.moml.MoMLSimpleApplication@147b0aaa
reloadAllAccessors: .parameterPassing

===========================================================================================
----------------- testing Mon Jun 11 02:26:18 UTC 2018 /home/travis/build/icyphy/ptII/ptolemy/actor/lib/test/auto/record.xml
----------------- Instantiating /home/travis/build/icyphy/ptII/ptolemy/actor/lib/test/auto/record.xml
2 ms. Memory: 1679360K Free: 81971K (5%)
----------------- Invoking toplevel() on ptolemy.moml.MoMLSimpleApplication@1e938df3
----------------- Done invoking toplevel() on ptolemy.moml.MoMLSimpleApplication@1e938df3
reloadAllAccessors: .record

===========================================================================================
----------------- testing Mon Jun 11 02:26:18 UTC 2018 /home/travis/build/icyphy/ptII/ptolemy/actor/lib/test/auto/sizedarray1.xml
----------------- Instantiating /home/travis/build/icyphy/ptII/ptolemy/actor/lib/test/auto/sizedarray1.xml
2 ms. Memory: 1679360K Free: 67191K (4%)
----------------- Invoking toplevel() on ptolemy.moml.MoMLSimpleApplication@76fe542b
----------------- Done invoking toplevel() on ptolemy.moml.MoMLSimpleApplication@76fe542b
reloadAllAccessors: .sizedarray1

===========================================================================================
----------------- testing Mon Jun 11 02:26:18 UTC 2018 /home/travis/build/icyphy/ptII/ptolemy/actor/lib/test/auto/sizedarray2.xml
----------------- Instantiating /home/travis/build/icyphy/ptII/ptolemy/actor/lib/test/auto/sizedarray2.xml
1 ms. Memory: 1679360K Free: 1625156K (97%)
----------------- Invoking toplevel() on ptolemy.moml.MoMLSimpleApplication@55b406e
----------------- Done invoking toplevel() on ptolemy.moml.MoMLSimpleApplication@55b406e
reloadAllAccessors: .sizedarray2

===========================================================================================
----------------- testing Mon Jun 11 02:26:18 UTC 2018 /home/travis/build/icyphy/ptII/ptolemy/actor/lib/test/auto/twoPublishers.xml
----------------- Instantiating /home/travis/build/icyphy/ptII/ptolemy/actor/lib/test/auto/twoPublishers.xml
2 ms. Memory: 1679360K Free: 1597451K (95%)
----------------- Invoking toplevel() on ptolemy.moml.MoMLSimpleApplication@30e17dd1
----------------- Done invoking toplevel() on ptolemy.moml.MoMLSimpleApplication@30e17dd1
reloadAllAccessors: .twoPublishers
AutoTests.java: About to close Vertx.
AutoTests.java: Vertx closed.
]]></system-out>
  <system-err><![CDATA[java.lang.RuntimeException: Execution failed
	at ptolemy.moml.MoMLSimpleApplication$UnloadThread.run(MoMLSimpleApplication.java:402)
Caused by: java.lang.RuntimeException: Normally, we would exit here because Manager.exitAfterWrapup() was called.  However, because the ptolemy.ptII.exitAfterWrapup property is set, we throw this exception instead.
	at ptolemy.util.StringUtilities.exit(StringUtilities.java:363)
	at ptolemy.actor.Manager.wrapup(Manager.java:1531)
	at ptolemy.actor.Manager.execute(Manager.java:407)
	at ptolemy.actor.Manager.run(Manager.java:1263)
	at ptolemy.actor.Manager$PtolemyRunThread.run(Manager.java:1915)
Warning: '.top.test' is in training mode, set the trainingMode parameter to false before checking in
Warning: '.top.test' is in training mode, set the trainingMode parameter to false before checking in
Warning: '.top.test' is in training mode, set the trainingMode parameter to false before checking in
Warning: '.BooleanSwitch_RegressionTest_WrongTrainingValues.Test' is in training mode, set the trainingMode parameter to false before checking in
Warning: '.BooleanSwitch_RegressionTest_WrongTrainingValues.Test2' is in training mode, set the trainingMode parameter to false before checking in
Warning: '.BooleanSwitch_RegressionTest_WrongTrainingValues.Test2' The test produced 0 tokens.
Warning: '.top.testExceptionHandler' is in training mode, set the trainingMode parameter to false before checking in
java.lang.RuntimeException: Execution failed
	at ptolemy.moml.MoMLSimpleApplication$UnloadThread.run(MoMLSimpleApplication.java:402)
Caused by: ptolemy.kernel.util.IllegalActionException: PublisherPorts cannot be used at the top level, use a Publisher actor instead.
  in .PublisherPortToplevelSubscriber.PublisherPort
	at ptolemy.actor.PublisherPort.preinitialize(PublisherPort.java:403)
	at ptolemy.actor.CompositeActor.preinitialize(CompositeActor.java:1769)
	at ptolemy.actor.Manager.preinitializeAndResolveTypes(Manager.java:1040)
	at ptolemy.actor.Manager.initialize(Manager.java:710)
	at ptolemy.actor.Manager.execute(Manager.java:356)
	at ptolemy.actor.Manager.run(Manager.java:1263)
	at ptolemy.actor.Manager$PtolemyRunThread.run(Manager.java:1915)
java.lang.reflect.InvocationTargetException
	at sun.reflect.NativeConstructorAccessorImpl.newInstance0(Native Method)
	at sun.reflect.NativeConstructorAccessorImpl.newInstance(NativeConstructorAccessorImpl.java:62)
	at sun.reflect.DelegatingConstructorAccessorImpl.newInstance(DelegatingConstructorAccessorImpl.java:45)
	at java.lang.reflect.Constructor.newInstance(Constructor.java:423)
	at ptolemy.util.test.junit.AutoKnownFailedTests.RunModel(AutoKnownFailedTests.java:107)
	at sun.reflect.NativeMethodAccessorImpl.invoke0(Native Method)
	at sun.reflect.NativeMethodAccessorImpl.invoke(NativeMethodAccessorImpl.java:62)
	at sun.reflect.DelegatingMethodAccessorImpl.invoke(DelegatingMethodAccessorImpl.java:43)
	at java.lang.reflect.Method.invoke(Method.java:498)
	at org.junit.runners.model.FrameworkMethod$1.runReflectiveCall(FrameworkMethod.java:44)
	at org.junit.internal.runners.model.ReflectiveCallable.run(ReflectiveCallable.java:15)
	at org.junit.runners.model.FrameworkMethod.invokeExplosively(FrameworkMethod.java:41)
	at junitparams.internal.InvokeParameterisedMethod.evaluate(InvokeParameterisedMethod.java:102)
	at org.junit.internal.runners.statements.FailOnTimeout$1.run(FailOnTimeout.java:28)
Caused by: ptolemy.kernel.util.IllegalActionException: PublisherPorts cannot be used at the top level, use a Publisher actor instead.
  in .PublisherPortToplevelSubscriber.PublisherPort
	at ptolemy.actor.PublisherPort.preinitialize(PublisherPort.java:403)
	at ptolemy.actor.CompositeActor.preinitialize(CompositeActor.java:1769)
	at ptolemy.actor.Manager.preinitializeAndResolveTypes(Manager.java:1040)
	at ptolemy.actor.Manager.initialize(Manager.java:710)
	at ptolemy.actor.Manager.execute(Manager.java:356)
	at ptolemy.actor.Manager.run(Manager.java:1263)
	at ptolemy.actor.Manager$PtolemyRunThread.run(Manager.java:1915)
java.lang.RuntimeException: Execution failed
	at ptolemy.moml.MoMLSimpleApplication$UnloadThread.run(MoMLSimpleApplication.java:402)
Caused by: ptolemy.kernel.util.IllegalActionException: SubscriberPorts cannot be used at the top level, use a Subscriber actor instead.
  in .PublisherSubscriberPortToplevel.SubscriberPort
	at ptolemy.actor.SubscriberPort.preinitialize(SubscriberPort.java:328)
	at ptolemy.actor.CompositeActor.preinitialize(CompositeActor.java:1769)
	at ptolemy.actor.Manager.preinitializeAndResolveTypes(Manager.java:1040)
	at ptolemy.actor.Manager.initialize(Manager.java:710)
	at ptolemy.actor.Manager.execute(Manager.java:356)
	at ptolemy.actor.Manager.run(Manager.java:1263)
	at ptolemy.actor.Manager$PtolemyRunThread.run(Manager.java:1915)
java.lang.reflect.InvocationTargetException
	at sun.reflect.NativeConstructorAccessorImpl.newInstance0(Native Method)
	at sun.reflect.NativeConstructorAccessorImpl.newInstance(NativeConstructorAccessorImpl.java:62)
	at sun.reflect.DelegatingConstructorAccessorImpl.newInstance(DelegatingConstructorAccessorImpl.java:45)
	at java.lang.reflect.Constructor.newInstance(Constructor.java:423)
	at ptolemy.util.test.junit.AutoKnownFailedTests.RunModel(AutoKnownFailedTests.java:107)
	at sun.reflect.NativeMethodAccessorImpl.invoke0(Native Method)
	at sun.reflect.NativeMethodAccessorImpl.invoke(NativeMethodAccessorImpl.java:62)
	at sun.reflect.DelegatingMethodAccessorImpl.invoke(DelegatingMethodAccessorImpl.java:43)
	at java.lang.reflect.Method.invoke(Method.java:498)
	at org.junit.runners.model.FrameworkMethod$1.runReflectiveCall(FrameworkMethod.java:44)
	at org.junit.internal.runners.model.ReflectiveCallable.run(ReflectiveCallable.java:15)
	at org.junit.runners.model.FrameworkMethod.invokeExplosively(FrameworkMethod.java:41)
	at junitparams.internal.InvokeParameterisedMethod.evaluate(InvokeParameterisedMethod.java:102)
	at org.junit.internal.runners.statements.FailOnTimeout$1.run(FailOnTimeout.java:28)
Caused by: ptolemy.kernel.util.IllegalActionException: SubscriberPorts cannot be used at the top level, use a Subscriber actor instead.
  in .PublisherSubscriberPortToplevel.SubscriberPort
	at ptolemy.actor.SubscriberPort.preinitialize(SubscriberPort.java:328)
	at ptolemy.actor.CompositeActor.preinitialize(CompositeActor.java:1769)
	at ptolemy.actor.Manager.preinitializeAndResolveTypes(Manager.java:1040)
	at ptolemy.actor.Manager.initialize(Manager.java:710)
	at ptolemy.actor.Manager.execute(Manager.java:356)
	at ptolemy.actor.Manager.run(Manager.java:1263)
	at ptolemy.actor.Manager$PtolemyRunThread.run(Manager.java:1915)
java.lang.RuntimeException: Execution failed
	at ptolemy.moml.MoMLSimpleApplication$UnloadThread.run(MoMLSimpleApplication.java:402)
Caused by: ptolemy.kernel.util.IllegalActionException: SubscriptionAggregatorPorts cannot be used at the top level, use a SubscriptionAggregator actor instead.
  in .PublisherSubscriptionAggregatorPort.SubscriptionAggregatorPort
	at ptolemy.actor.SubscriptionAggregatorPort.preinitialize(SubscriptionAggregatorPort.java:353)
	at ptolemy.actor.CompositeActor.preinitialize(CompositeActor.java:1769)
	at ptolemy.actor.Manager.preinitializeAndResolveTypes(Manager.java:1040)
	at ptolemy.actor.Manager.initialize(Manager.java:710)
	at ptolemy.actor.Manager.execute(Manager.java:356)
	at ptolemy.actor.Manager.run(Manager.java:1263)
	at ptolemy.actor.Manager$PtolemyRunThread.run(Manager.java:1915)
java.lang.reflect.InvocationTargetException
	at sun.reflect.NativeConstructorAccessorImpl.newInstance0(Native Method)
	at sun.reflect.NativeConstructorAccessorImpl.newInstance(NativeConstructorAccessorImpl.java:62)
	at sun.reflect.DelegatingConstructorAccessorImpl.newInstance(DelegatingConstructorAccessorImpl.java:45)
	at java.lang.reflect.Constructor.newInstance(Constructor.java:423)
	at ptolemy.util.test.junit.AutoKnownFailedTests.RunModel(AutoKnownFailedTests.java:107)
	at sun.reflect.NativeMethodAccessorImpl.invoke0(Native Method)
	at sun.reflect.NativeMethodAccessorImpl.invoke(NativeMethodAccessorImpl.java:62)
	at sun.reflect.DelegatingMethodAccessorImpl.invoke(DelegatingMethodAccessorImpl.java:43)
	at java.lang.reflect.Method.invoke(Method.java:498)
	at org.junit.runners.model.FrameworkMethod$1.runReflectiveCall(FrameworkMethod.java:44)
	at org.junit.internal.runners.model.ReflectiveCallable.run(ReflectiveCallable.java:15)
	at org.junit.runners.model.FrameworkMethod.invokeExplosively(FrameworkMethod.java:41)
	at junitparams.internal.InvokeParameterisedMethod.evaluate(InvokeParameterisedMethod.java:102)
	at org.junit.internal.runners.statements.FailOnTimeout$1.run(FailOnTimeout.java:28)
Caused by: ptolemy.kernel.util.IllegalActionException: SubscriptionAggregatorPorts cannot be used at the top level, use a SubscriptionAggregator actor instead.
  in .PublisherSubscriptionAggregatorPort.SubscriptionAggregatorPort
	at ptolemy.actor.SubscriptionAggregatorPort.preinitialize(SubscriptionAggregatorPort.java:353)
	at ptolemy.actor.CompositeActor.preinitialize(CompositeActor.java:1769)
	at ptolemy.actor.Manager.preinitializeAndResolveTypes(Manager.java:1040)
	at ptolemy.actor.Manager.initialize(Manager.java:710)
	at ptolemy.actor.Manager.execute(Manager.java:356)
	at ptolemy.actor.Manager.run(Manager.java:1263)
	at ptolemy.actor.Manager$PtolemyRunThread.run(Manager.java:1915)
java.lang.RuntimeException: Execution failed
	at ptolemy.moml.MoMLSimpleApplication$UnloadThread.run(MoMLSimpleApplication.java:402)
Caused by: ptolemy.kernel.util.IllegalActionException: TypeTest actor has no training data.
  in .sizedarray3.TypeTest
	at ptolemy.actor.lib.TypeTest.initialize(TypeTest.java:250)
	at ptolemy.actor.Director.initialize(Director.java:938)
	at ptolemy.actor.Director.initialize(Director.java:907)
	at ptolemy.actor.sched.StaticSchedulingDirector.initialize(StaticSchedulingDirector.java:159)
	at ptolemy.domains.sdf.kernel.SDFDirector.initialize(SDFDirector.java:544)
	at ptolemy.actor.CompositeActor.initialize(CompositeActor.java:935)
	at ptolemy.actor.Manager.initialize(Manager.java:724)
	at ptolemy.actor.Manager.execute(Manager.java:356)
	at ptolemy.actor.Manager.run(Manager.java:1263)
	at ptolemy.actor.Manager$PtolemyRunThread.run(Manager.java:1915)
java.lang.reflect.InvocationTargetException
	at sun.reflect.NativeConstructorAccessorImpl.newInstance0(Native Method)
	at sun.reflect.NativeConstructorAccessorImpl.newInstance(NativeConstructorAccessorImpl.java:62)
	at sun.reflect.DelegatingConstructorAccessorImpl.newInstance(DelegatingConstructorAccessorImpl.java:45)
	at java.lang.reflect.Constructor.newInstance(Constructor.java:423)
	at ptolemy.util.test.junit.AutoKnownFailedTests.RunModel(AutoKnownFailedTests.java:107)
	at sun.reflect.NativeMethodAccessorImpl.invoke0(Native Method)
	at sun.reflect.NativeMethodAccessorImpl.invoke(NativeMethodAccessorImpl.java:62)
	at sun.reflect.DelegatingMethodAccessorImpl.invoke(DelegatingMethodAccessorImpl.java:43)
	at java.lang.reflect.Method.invoke(Method.java:498)
	at org.junit.runners.model.FrameworkMethod$1.runReflectiveCall(FrameworkMethod.java:44)
	at org.junit.internal.runners.model.ReflectiveCallable.run(ReflectiveCallable.java:15)
	at org.junit.runners.model.FrameworkMethod.invokeExplosively(FrameworkMethod.java:41)
	at junitparams.internal.InvokeParameterisedMethod.evaluate(InvokeParameterisedMethod.java:102)
	at org.junit.internal.runners.statements.FailOnTimeout$1.run(FailOnTimeout.java:28)
Caused by: ptolemy.kernel.util.IllegalActionException: TypeTest actor has no training data.
  in .sizedarray3.TypeTest
	at ptolemy.actor.lib.TypeTest.initialize(TypeTest.java:250)
	at ptolemy.actor.Director.initialize(Director.java:938)
	at ptolemy.actor.Director.initialize(Director.java:907)
	at ptolemy.actor.sched.StaticSchedulingDirector.initialize(StaticSchedulingDirector.java:159)
	at ptolemy.domains.sdf.kernel.SDFDirector.initialize(SDFDirector.java:544)
	at ptolemy.actor.CompositeActor.initialize(CompositeActor.java:935)
	at ptolemy.actor.Manager.initialize(Manager.java:724)
	at ptolemy.actor.Manager.execute(Manager.java:356)
	at ptolemy.actor.Manager.run(Manager.java:1263)
	at ptolemy.actor.Manager$PtolemyRunThread.run(Manager.java:1915)
]]></system-err>
</testsuite>
