<?xml version="1.0" encoding="UTF-8" ?>
<testsuite errors="1" failures="1" hostname="travis-job-01b4390c-7a41-461c-af2f-5eaadce07821" name="ptolemy.actor.lib.test.junit.JUnitTclTest" skipped="0" tests="517" time="63.442" timestamp="2019-07-14T18:15:53">
  <properties>
    <property name="npm.executable" value="npm" />
    <property name="env.TRAVIS_ROOT" value="/" />
    <property name="ptII.mk.exists" value="true" />
    <property name="env.TRAVIS_APP_HOST" value="build.travis-ci.org" />
    <property name="env.rvm_bin_path" value="/home/travis/.rvm/bin" />
    <property name="java.home" value="/usr/local/lib/jvm/openjdk11" />
    <property name="env.TRAVIS_JOB_NUMBER" value="1235.8" />
    <property name="env.TRAVIS_HOME" value="/home/travis" />
    <property name="env.DISPLAY" value=":99.0" />
    <property name="env.TRAVIS_INIT" value="systemd" />
    <property name="env.SSH_TTY" value="/dev/pts/0" />
    <property name="java.net.preferIPv4Stack" value="true" />
    <property name="env.RUN_TESTS" value="true" />
    <property name="timeout.short" value="1000000" />
    <property name="junit.formatter" value="xml" />
    <property name="env.TRAVIS_SUDO" value="true" />
    <property name="env.TRAVIS_JOB_NAME" value="" />
    <property name="env.TRAVIS_STACK_NODE_ATTRIBUTES" value="/.node-attributes.yml" />
    <property name="env.LOGNAME" value="travis" />
    <property name="env.PT_TRAVIS_TEST_CORE1_XML" value="true" />
    <property name="jsdoc.home" value="node_modules/@terraswarm/jsdoc" />
    <property name="debuglevel" value="source,lines,vars" />
    <property name="checkstyle.formatter" value="xml" />
    <property name="env._system_version" value="16.04" />
    <property name="bin.vergil.makeable" value="true" />
    <property name="sun.os.patch.level" value="unknown" />
    <property name="java.vendor.url" value="http://java.oracle.com/" />
    <property name="env.TRAVIS_BUILD_WEB_URL" value="https://travis-ci.org/icyphy/ptII/builds/558611297" />
    <property name="java.version" value="11.0.2" />
    <property name="env.TZ" value="UTC" />
    <property name="env.TRAVIS_PULL_REQUEST_SHA" value="" />
    <property name="env.PT_NO_NET" value="true" />
    <property name="env.TRAVIS_SECURE_ENV_VARS" value="true" />
    <property name="env._system_type" value="Linux" />
    <property name="java.vendor.url.bug" value="http://bugreport.java.com/bugreport/" />
    <property name="npmjs-org-is-up" value="true" />
    <property name="env.LANGUAGE" value="en_US.UTF-8" />
    <property name="env.SSH_CLIENT" value="10.10.16.109 45530 22" />
    <property name="env.GEM_HOME" value="/home/travis/.rvm/gems/ruby-2.5.3" />
    <property name="env.HAS_ANTARES_THREE_LITTLE_FRONZIES_BADGE" value="true" />
    <property name="java.version.date" value="2019-01-15" />
    <property name="env.PS4" value="+" />
    <property name="ant.project.invoked-targets" value="build,test.core1.xml" />
    <property name="env.TRAVIS_PULL_REQUEST_BRANCH" value="" />
    <property name="env.TRAVIS_REPO_SLUG" value="icyphy/ptII" />
    <property name="env.XDG_DATA_DIRS" value="/usr/local/share:/usr/share:/var/lib/snapd/desktop" />
    <property name="jdk.debug" value="release" />
    <property name="env.TRAVIS_APT_PROXY" value="http://apt.cache.travis-ci.com" />
    <property name="node.in.path" value="true" />
    <property name="user.name" value="travis" />
    <property name="java.maxmemory" value="1400m" />
    <property name="env.RUBY_VERSION" value="ruby-2.5.3" />
    <property name="env.LANG" value="en_US.UTF-8" />
    <property name="sun.io.unicode.encoding" value="UnicodeLittle" />
    <property name="sun.jnu.encoding" value="UTF-8" />
    <property name="java.runtime.name" value="OpenJDK Runtime Environment" />
    <property name="usefile" value="false" />
    <property name="return.code" value="0" />
    <property name="junit.single.formatter" value="plain" />
    <property name="env.DYLD_LIBRARY_PATH" value="/home/travis/pthla/certi-tools/lib:" />
    <property name="env.DEBIAN_FRONTEND" value="noninteractive" />
    <property name="env.SSH_CONNECTION" value="10.10.16.109 45530 10.20.0.85 22" />
    <property name="env.MYSQL_UNIX_PORT" value="/var/run/mysqld/mysqld.sock" />
    <property name="env.LC_ALL" value="en_US.UTF-8" />
    <property name="env.TRAVIS_ALLOW_FAILURE" value="false" />
    <property name="env.TRAVIS_JOB_WEB_URL" value="https://travis-ci.org/icyphy/ptII/jobs/558611305" />
    <property name="java.specification.name" value="Java Platform API Specification" />
    <property name="node.works" value="true" />
    <property name="user.timezone" value="" />
    <property name="path.separator" value=":" />
    <property name="env.TRAVIS_ENABLE_INFRA_DETECTION" value="true" />
    <property name="env.PYTHON_CFLAGS" value="-g -fstack-protector --param=ssp-buffer-size=4 -Wformat -Werror=format-security" />
    <property name="timeout.long" value="4000000" />
    <property name="env.CERTI_HOME" value="/home/travis/pthla/certi-tools" />
    <property name="ant.file.ptII" value="/home/travis/build/icyphy/ptII/build.xml" />
    <property name="javadoc.packagenames" value="com.*,diva.*,lbnl.*,org.hlacerti.*,org.json.*,org.ptolemy.*,org.terraswarm.*,ptolemy.*,ptserver.*" />
    <property name="file.encoding" value="UTF-8" />
    <property name="env.TRAVIS_PULL_REQUEST_SLUG" value="" />
    <property name="ant.project.default-target" value="build" />
    <property name="env.GIT_ASKPASS" value="echo" />
    <property name="env.HOME" value="/home/travis" />
    <property name="sun.java.command" value="org.apache.tools.ant.taskdefs.optional.junit.JUnitTestRunner ptolemy.actor.lib.test.junit.JUnitTclTest skipNonTests=false filtertrace=true haltOnError=false haltOnFailure=false formatter=org.apache.tools.ant.taskdefs.optional.junit.OutErrSummaryJUnitResultFormatter showoutput=true outputtoformatters=true logfailedtests=true threadid=0 logtestlistenerevents=false formatter=org.apache.tools.ant.taskdefs.optional.junit.XMLJUnitResultFormatter,/home/travis/build/icyphy/ptII/reports/junit/TEST-ptolemy.actor.lib.test.junit.JUnitTclTest.xml crashfile=/home/travis/build/icyphy/ptII/junitvmwatcher14560625379562849453.properties propsfile=/home/travis/build/icyphy/ptII/junit528004639276230929.properties" />
    <property name="env.COMPOSER_NO_INTERACTION" value="1" />
    <property name="env.MANPATH" value="/home/travis/.nvm/versions/node/v7.10.1/share/man:/home/travis/.rvm/rubies/ruby-2.5.3/share/man:/usr/local/cmake-3.12.4/man:/usr/local/clang-7.0.0/share/man:/usr/local/man:/usr/local/share/man:/usr/share/man:/home/travis/.rvm/man" />
    <property name="env.TRAVIS_TIMER_ID" value="0bb02696" />
    <property name="ant.file" value="/home/travis/build/icyphy/ptII/build.xml" />
    <property name="env.TRAVIS_COMMIT_RANGE" value="2577831f9fab...7ed03940a27c" />
    <property name="env._system_name" value="Ubuntu" />
    <property name="ptII.classpath.optional.property" value="/home/travis/build/icyphy/ptII/lib/bsh-2.0b4.jar:/home/travis/build/icyphy/ptII/lib/ptCal.jar:/home/travis/build/icyphy/ptII/lib/java_cup.jar:/home/travis/build/icyphy/ptII/lib/saxon8.jar:/home/travis/build/icyphy/ptII/lib/saxon8-dom.jar:/home/travis/build/icyphy/ptII/lib/chic.jar:/home/travis/build/icyphy/ptII/lib/ptcolt.jar:/home/travis/build/icyphy/ptII/vendors/misc/itext/iText.jar:/home/travis/build/icyphy/ptII/lib/g4ltl.jar:/home/travis/build/icyphy/ptII/lib/StructuralCoder.jar:/home/travis/build/icyphy/ptII/lib/jcerti.jar:/home/travis/build/icyphy/ptII/lib/javax.mail.jar:/home/travis/build/icyphy/ptII/vendors/JMF-2.1.1e/lib/jmf.jar:/home/travis/build/icyphy/ptII/lib/jna-4.0.0-variadic.jar:/home/travis/build/icyphy/ptII/vendors/misc/joystick/Joystick.jar:/home/travis/build/icyphy/ptII/lib/ptjacl.jar:/home/travis/build/icyphy/ptII/lib/jsoup-1.8.2.jar:/home/travis/build/icyphy/ptII/lib/junit-4.8.2.jar:/home/travis/build/icyphy/ptII/lib/JUnitParams-0.4.0.jar:/home/travis/build/icyphy/ptII/ptolemy/actor/lib/excel/jxl.jar:/home/travis/build/icyphy/ptII/lib/jython.jar:/home/travis/build/icyphy/ptII/lib/kieler.jar:/home/travis/build/icyphy/ptII/vendors/opencv/share/OpenCV/java/opencv-341.jar:/home/travis/build/icyphy/ptII/lib/oscP5.jar:/home/travis/build/icyphy/ptII/lib/nrjavaserial-3.11.0.devel.jar:/home/travis/build/icyphy/ptII/vendors/j3d/lib/Linux/j3dcore.jar:/home/travis/build/icyphy/ptII/vendors/j3d/lib/Linux/j3dutils.jar:/home/travis/build/icyphy/ptII/vendors/j3d/lib/Linux/vecmath.jar:/home/travis/build/icyphy/ptII/vendors/jogl/lib/Linux/gluegen-rt-natives-linux-amd64.jar:/home/travis/build/icyphy/ptII/vendors/jogl/lib/Linux/gluegen-rt.jar:/home/travis/build/icyphy/ptII/vendors/jogl/lib/Linux/jogl-all-natives-linux-amd64.jar:/home/travis/build/icyphy/ptII/vendors/jogl/lib/Linux/jogl-all.jar:/home/travis/build/icyphy/ptII/vendors/jogl/lib/natives/linux-amd64/gluegen-rt-natives-linux-amd64.jar:/home/travis/build/icyphy/ptII/vendors/jogl/lib/natives/linux-amd64/jogl-all-natives-linux-amd64.jar:/home/travis/build/icyphy/ptII/ptolemy/distributed/jini/jar/jini-core.jar:/home/travis/build/icyphy/ptII/ptolemy/distributed/jini/jar/jini-ext.jar:/home/travis/build/icyphy/ptII/ptolemy/distributed/jini/jar/sun-util.jar:/home/travis/build/icyphy/ptII/lib/protobuf-java-2.4.1.jar:/home/travis/build/icyphy/ptII/lib/org.eclipse.paho.client.mqttv3.jar:/home/travis/build/icyphy/ptII/lib/mapss.jar:/home/travis/build/icyphy/ptII/ptolemy/actor/ptalon/antlr/antlr.jar:/home/travis/build/icyphy/ptII/lib/JRI.jar:/home/travis/build/icyphy/ptII/lib/commons-lang-2.6.jar:/home/travis/build/icyphy/ptII/lib/commons-logging-1.1.1.jar:/home/travis/build/icyphy/ptII/lib/sootclasses.jar:/home/travis/build/icyphy/ptII/ptolemy/actor/lib/database/mysql-connector-java-5.1.6-bin.jar:/home/travis/build/icyphy/ptII/vendors/misc/sphinx4/sphinx4-data-5prealpha.jar:/home/travis/build/icyphy/ptII/vendors/misc/sphinx4/sphinx4-core-5prealpha.jar:/home/travis/build/icyphy/ptII/lib/PDFRenderer.jar:/home/travis/build/icyphy/ptII/lib/svgSalamander.jar:/home/travis/build/icyphy/ptII/lib/rsyntaxtextarea-2.6.0-SNAPSHOT.jar:/home/travis/build/icyphy/ptII/lib/hazelcast-3.8.2.jar:/home/travis/build/icyphy/ptII/lib/jackson-annotations-2.9.0.jar:/home/travis/build/icyphy/ptII/lib/jackson-core-2.9.3.jar:/home/travis/build/icyphy/ptII/lib/jackson-databind-2.9.3.jar:/home/travis/build/icyphy/ptII/lib/netty-buffer-4.1.19.Final.jar:/home/travis/build/icyphy/ptII/lib/netty-codec-4.1.19.Final.jar:/home/travis/build/icyphy/ptII/lib/netty-codec-dns-4.1.19.Final.jar:/home/travis/build/icyphy/ptII/lib/netty-codec-http-4.1.19.Final.jar:/home/travis/build/icyphy/ptII/lib/netty-codec-http2-4.1.19.Final.jar:/home/travis/build/icyphy/ptII/lib/netty-common-4.1.19.Final.jar:/home/travis/build/icyphy/ptII/lib/netty-handler-4.1.19.Final.jar:/home/travis/build/icyphy/ptII/lib/netty-resolver-4.1.19.Final.jar:/home/travis/build/icyphy/ptII/lib/netty-resolver-dns-4.1.19.Final.jar:/home/travis/build/icyphy/ptII/lib/netty-transport-4.1.19.Final.jar:/home/travis/build/icyphy/ptII/lib/vertx-codegen-3.5.1.jar:/home/travis/build/icyphy/ptII/lib/vertx-core-3.5.2-SNAPSHOT.jar:/home/travis/build/icyphy/ptII/lib/vertx-hazelcast-3.5.1.jar:/home/travis/build/icyphy/ptII/lib/vertx-lang-js-3.5.1.jar:/home/travis/build/icyphy/ptII/lib/vertx-service-proxy-3.5.1.jar:/home/travis/build/icyphy/ptII/lib/vertx-web-3.5.1.jar:/home/travis/build/icyphy/ptII/lib/slf4j-api-1.7.13.jar:/home/travis/build/icyphy/ptII/lib/slf4j-simple-1.7.13.jar:/home/travis/build/icyphy/ptII/lib/webcam-capture-0.3.12.jar:/home/travis/build/icyphy/ptII/lib/bridj-0.7.0.jar:/home/travis/build/icyphy/ptII/lib/xbjlib-1.1.0.nrjavaserial.jar" />
    <property name="timeout" value="2400000" />
    <property name="test.batch" value="**/junit/*.java" />
    <property name="env._" value="/usr/bin/timeout" />
    <property name="java.io.tmpdir" value="/tmp" />
    <property name="user.language" value="en" />
    <property name="env.TRAVIS_INTERNAL_RUBY_REGEX" value="^ruby-(2\.[0-4]\.[0-9]|1\.9\.3)" />
    <property name="env.HISTCONTROL" value="ignoredups:ignorespace" />
    <property name="env.GOROOT" value="/home/travis/.gimme/versions/go1.11.1.linux.amd64" />
    <property name="line.separator" value="&#xa;" />
    <property name="target" value="11" />
    <property name="env.TRAVIS_BUILD_DIR" value="/home/travis/build/icyphy/ptII" />
    <property name="env.ANT_OPTS" value="-Xmx2048m" />
    <property name="ant.file.type" value="file" />
    <property name="ptolemy.ptII.batchMode" value="true" />
    <property name="env.HISTSIZE" value="1000" />
    <property name="env.MERB_ENV" value="test" />
    <property name="java.vm.info" value="mixed mode" />
    <property name="source" value="11" />
    <property name="java.vm.specification.name" value="Java Virtual Machine Specification" />
    <property name="env.TRAVIS_TEST_RESULT" value="0" />
    <property name="jsdoc.command" value="node_modules/@terraswarm/jsdoc/jsdoc.js" />
    <property name="npm.works" value="true" />
    <property name="cobertura.dir" value="/home/travis/build/icyphy/ptII/vendors/cobertura-2.0.3" />
    <property name="jsdoc.command.exists" value="true" />
    <property name="env.rvm_path" value="/home/travis/.rvm" />
    <property name="env.GEM_PATH" value="/home/travis/.rvm/gems/ruby-2.5.3:/home/travis/.rvm/gems/ruby-2.5.3@global" />
    <property name="env.LC_CTYPE" value="en_US.UTF-8" />
    <property name="env.TRAVIS_CMD" value="$PTII/bin/ptIITravisBuild.sh $SECONDS" />
    <property name="java.awt.printerjob" value="sun.print.PSPrinterJob" />
    <property name="env.TRAVIS_STACK_NAME" value="sardonyx" />
    <property name="env.TRAVIS_TIMER_START_TIME" value="1563127426929807224" />
    <property name="ant.version" value="Apache Ant(TM) version 1.10.1 compiled on February 2 2017" />
    <property name="ptII.reports" value="/home/travis/build/icyphy/ptII/reports" />
    <property name="env.TRAVIS_STACK_TIMESTAMP" value="2019-03-25 16:16:56 UTC" />
    <property name="ant.file.type.ptII" value="file" />
    <property name="env.RBENV_SHELL" value="bash" />
    <property name="os.name" value="Linux" />
    <property name="java.specification.vendor" value="Oracle Corporation" />
    <property name="env.rvm_version" value="1.29.7 (latest)" />
    <property name="env.TRAVIS_INFRA" value="unknown" />
    <property name="env.TERM" value="xterm" />
    <property name="java.vm.name" value="OpenJDK 64-Bit Server VM" />
    <property name="env.TRAVIS_BUILD_NUMBER" value="1235" />
    <property name="env.CI" value="true" />
    <property name="java.library.path" value="/home/travis/pthla/certi-tools/lib:/usr/lib/jni:/usr/local/share/OpenCV/java/:/usr/share/OpenCV/java::/usr/java/packages/lib:/usr/lib64:/lib64:/lib:/usr/lib" />
    <property name="jdk.module.path" value="/home/travis/build/icyphy/ptII/vendors/javafx/javafx-sdk-11.0.2/lib:" />
    <property name="env.rvm_prefix" value="/home/travis" />
    <property name="env.PATH" value="/home/travis/pthla/certi-tools/share/scripts:/home/travis/.rvm/gems/ruby-2.5.3/bin:/home/travis/.rvm/gems/ruby-2.5.3@global/bin:/home/travis/.rvm/rubies/ruby-2.5.3/bin:/home/travis/.rvm/bin:/home/travis/.nvm/versions/node/v7.10.1/bin:./node_modules/.bin:/home/travis/build/icyphy/ptII/bin:/home/travis/pthla/certi-tools/bin:/home/travis/bin:/home/travis/.local/bin:/usr/local/lib/jvm/openjdk11/bin:/opt/pyenv/shims:/home/travis/.phpenv/shims:/home/travis/perl5/perlbrew/bin:/home/travis/gopath/bin:/home/travis/.gimme/versions/go1.11.1.linux.amd64/bin:/usr/local/maven-3.6.0/bin:/usr/local/cmake-3.12.4/bin:/usr/local/clang-7.0.0/bin:/usr/local/sbin:/usr/local/bin:/usr/sbin:/usr/bin:/sbin:/bin:/snap/bin:/home/travis/.phpenv/bin:/opt/pyenv/bin:/home/travis/.yarn/bin" />
    <property name="env.TRAVIS_OS_NAME" value="linux" />
    <property name="ant.java.version" value="9" />
    <property name="basedir" value="/home/travis/build/icyphy/ptII" />
    <property name="java.class.version" value="55.0" />
    <property name="env.SHLVL" value="3" />
    <property name="env.LD_LIBRARY_PATH" value="/home/travis/pthla/certi-tools/lib:/usr/lib/jni:/usr/local/share/OpenCV/java/:/usr/share/OpenCV/java:" />
    <property name="env.RACK_ENV" value="test" />
    <property name="ant.home" value="/home/travis/build/icyphy/ptII/ant" />
    <property name="env.NVM_DIR" value="/home/travis/.nvm" />
    <property name="env.CERTI_FOM_PATH" value="/home/travis/pthla/certi-tools/share/federations" />
    <property name="env.TRAVIS_BUILD_ID" value="558611297" />
    <property name="env.PYENV_ROOT" value="/opt/pyenv" />
    <property name="env.TRAVIS_UID" value="2000" />
    <property name="prism.verbose" value="true" />
    <property name="env.NVM_BIN" value="/home/travis/.nvm/versions/node/v7.10.1/bin" />
    <property name="env.TRAVIS_COMMIT" value="7ed03940a27c58a1dd6cb979ce8e44874fb11271" />
    <property name="env._system_arch" value="x86_64" />
    <property name="node.executable" value="node" />
    <property name="sun.boot.library.path" value="/usr/local/lib/jvm/openjdk11/lib" />
    <property name="sun.management.compiler" value="HotSpot 64-Bit Tiered Compilers" />
    <property name="java.awt.graphicsenv" value="sun.awt.X11GraphicsEnvironment" />
    <property name="env.GOPATH" value="/home/travis/gopath" />
    <property name="ptolemy.ptII.dir" value="/home/travis/build/icyphy/ptII" />
    <property name="env.USER" value="travis" />
    <property name="env.HISTFILESIZE" value="2000" />
    <property name="timeout.longest" value="19000000" />
    <property name="env.PERLBREW_SHELLRC_VERSION" value="0.86" />
    <property name="env.TRAVIS_STACK_FEATURES" value="basic couchdb disabled-ipv6 docker docker-compose elasticsearch firefox go-toolchain google-chrome jdk memcached mongodb mysql nodejs_interpreter perl_interpreter perlbrew phantomjs postgresql python_interpreter redis ruby_interpreter sqlite xserver" />
    <property name="env.TRAVIS_PULL_REQUEST" value="false" />
    <property name="env.PYENV_SHELL" value="bash" />
    <property name="ant.project.name" value="ptII" />
    <property name="env.ANSI_RESET" value="\033[0m" />
    <property name="java.vm.specification.version" value="11" />
    <property name="env.TRAVIS_DIST" value="xenial" />
    <property name="env.CERTI_VERSION" value="4.0.0" />
    <property name="env.CERTI_HOST" value="localhost" />
    <property name="awt.toolkit" value="sun.awt.X11.XToolkit" />
    <property name="env.MY_RUBY_HOME" value="/home/travis/.rvm/rubies/ruby-2.5.3" />
    <property name="sun.cpu.isalist" value="" />
    <property name="env.TRAVIS_TMPDIR" value="/tmp/tmp.fjwTjkHxR3" />
    <property name="java.vm.compressedOopsMode" value="Zero based" />
    <property name="os.version" value="4.15.0-1028-gcp" />
    <property name="user.home" value="/home/travis" />
    <property name="java.vm.vendor" value="Oracle Corporation" />
    <property name="env.TRAVIS_TAG" value="nightly" />
    <property name="env.ANSI_YELLOW" value="\033[33;1m" />
    <property name="env.TRAVIS_FILTERED" value="redirect_io" />
    <property name="env.ANSI_GREEN" value="\033[32;1m" />
    <property name="env.JAVA_HOME" value="/usr/local/lib/jvm/openjdk11" />
    <property name="javadoc.excludepackagenames" value="adm.cvs2svn.*,build.*,config.*,doc.coding.templates.*,jni.test.jni.meaningOfLife.*,jni.test.jni.testDeux.*,jni.test.jni.testTrois.*,org.terraswarm.accessor.accessors.web.node_modules.*,org.terraswarm.accessor.accessors.web.hosts.cordova.demo.*,org.terraswarm.accessor.accessors.web.hosts.cordova.plugins.*,org.terraswarm.accessor.accessors-svn.*,pt-modules.*,ptolemy.apps.agilent.*,ptolemy.apps.anytimecontrol.*,ptolemy.apps.apes.*,ptolemy.apps.charon.*,ptolemy.apps.crazyboard.*,ptolemy.apps.eclipse.*,ptolemy.apps.etherealSting.*,ptolemy.apps.fullscreen.*,ptolemy.apps.giotto.*,ptolemy.apps.ia.*,ptolemy.apps.interfaces.*,ptolemy.apps.jmf.*,ptolemy.apps.kurt.*,ptolemy.apps.kvm.*,ptolemy.apps.lego.*,ptolemy.apps.lejos.*,ptolemy.apps.midp.*,ptolemy.apps.mobileCoding.*,ptolemy.apps.pendulum.*,ptolemy.apps.rijndael.*,ptolemy.apps.robot.*,ptolemy.apps.security.*,ptolemy.apps.sobel.*,ptolemy.apps.soot.*,ptolemy.apps.throttle.*,ptolemy.apps.tini.*,ptolemy.apps.transmission.*,ptolemy.apps.vergil.*,ptolemy.apps.waba.*,ptolemy.apps.websensor.*,ptolemy.apps.webstart.*,ptolemy.apps.xsl.*,ptolemy.apps.zaurus.*,ptolemy.codegen.c.actor.lib.oldJavaFiles.*,ptolemy.codegen.dsp.lib.*,ptolemy.codegen.kernel.newInterfaces.*,ptolemy.codegen.lib.*,ptolemy.copernicus.kernel.fragment.*,ptolemy.copernicus.shallow.cg.*,ptolemy.domains.giotto.demo.Hierarchy.Hierarchy.*,ptolemy.domains.giotto.demo.Multimode.Multimode.*,ptolemy.domains.giotto.demo.Simple.Simple.*,ptolemy.domains.gr.lib.experimental.*,ptolemy.domains.gro.*,ptolemy.domains.pdf.*,ptolemy.domains.ptinyos.demo.Surge.output.*,ptolemy.moml.test.NoPackageActor.java*,ptolemy.plot.adm.*,ptolemy.plot.servlet.*,reports.*,signed.*,src.*,target.*,vendors.*,ptolemy.copernicus.applet.*,ptolemy.media.viewer.*,ptolemy.actor.corba.*,doc.doclets.*,ptolemy.apps.eclipse.awt.*,ptolemy.backtrack.*,ptolemy.backtrack.ast.*,ptolemy.cg.adapter.generic.program.procedural.c.mbed*,ptolemy.homer.*,ptolemy.actor.lib.jai.*,org.ptolemy.scala.*,diva.util.java2d.svg.*,ptolemy.domains.ptinyos.*,ptolemy.actor.lib.fmi.fmipp.*,,org.terraswarm.accessor.accessors.web.node_modules.*,org.terraswarm.accessor.accessors-svn,ptolemy.apps.*,ptolemy.actor.ptalon.demo.ptinyos.SendAndReceiveCnt.output,ptolemy.actor.ptalon.demo.ptinyos.SenseToLeds.output,ptolemy.domains.ptinyos.demo.CntToLedsAndRfm.output,ptolemy.domains.ptinyos.demo.RfmToLeds.output,ptolemy.domains.ptinyos.demo.SendAndReceiveCnt.output,ptolemy.domains.ptinyos.demo.SenseToLeds.output,ptolemy.actor.lib.jjs.modules.udpSocket.*" />
    <property name="env.PTII" value="/home/travis/build/icyphy/ptII" />
    <property name="env.XDG_SESSION_ID" value="2" />
    <property name="keystore" value="ptKeystore" />
    <property name="env.TRAVIS_COMMIT_MESSAGE" value="Removed JAI from the installer because it will not work with JDK 9 and later.  See https://wiki.eecs.berkeley.edu/ptexternal/Main/JAI" />
    <property name="junit.output.dir" value="/home/travis/build/icyphy/ptII/reports/junit" />
    <property name="npm.return.code" value="0" />
    <property name="user.dir" value="/home/travis/build/icyphy/ptII/ptolemy/actor/lib/test" />
    <property name="env.TRAVIS_NODE_VERSION" value="7" />
    <property name="env.TRAVIS_EVENT_TYPE" value="push" />
    <property name="env.MAIL" value="/var/mail/travis" />
    <property name="env.PERLBREW_ROOT" value="/home/travis/perl5/perlbrew" />
    <property name="env.PWD" value="/home/travis/build/icyphy/ptII" />
    <property name="timeout.npm" value="45000" />
    <property name="env.TRAVIS_ARCH" value="amd64" />
    <property name="sun.cpu.endian" value="little" />
    <property name="env.PAGER" value="cat" />
    <property name="env.TRAVIS_BUILD_STAGE_NAME" value="Test" />
    <property name="env.PERLBREW_HOME" value="/home/travis/.perlbrew" />
    <property name="java.vm.version" value="11.0.2+9" />
    <property name="env.RAILS_ENV" value="test" />
    <property name="java.class.path" value="/home/travis/.ptolemyII:/home/travis/.ptolemyII/*:/home/travis/build/icyphy/ptII:/home/travis/build/icyphy/ptII/lib/bsh-2.0b4.jar:/home/travis/build/icyphy/ptII/lib/ptCal.jar:/home/travis/build/icyphy/ptII/lib/java_cup.jar:/home/travis/build/icyphy/ptII/lib/saxon8.jar:/home/travis/build/icyphy/ptII/lib/saxon8-dom.jar:/home/travis/build/icyphy/ptII/lib/chic.jar:/home/travis/build/icyphy/ptII/lib/ptcolt.jar:/home/travis/build/icyphy/ptII/vendors/misc/itext/iText.jar:/home/travis/build/icyphy/ptII/lib/g4ltl.jar:/home/travis/build/icyphy/ptII/lib/StructuralCoder.jar:/home/travis/build/icyphy/ptII/lib/jcerti.jar:/home/travis/build/icyphy/ptII/lib/javax.mail.jar:/home/travis/build/icyphy/ptII/vendors/JMF-2.1.1e/lib/jmf.jar:/home/travis/build/icyphy/ptII/lib/jna-4.0.0-variadic.jar:/home/travis/build/icyphy/ptII/vendors/misc/joystick/Joystick.jar:/home/travis/build/icyphy/ptII/lib/ptjacl.jar:/home/travis/build/icyphy/ptII/lib/jsoup-1.8.2.jar:/home/travis/build/icyphy/ptII/lib/junit-4.8.2.jar:/home/travis/build/icyphy/ptII/lib/JUnitParams-0.4.0.jar:/home/travis/build/icyphy/ptII/ptolemy/actor/lib/excel/jxl.jar:/home/travis/build/icyphy/ptII/lib/jython.jar:/home/travis/build/icyphy/ptII/lib/kieler.jar:/home/travis/build/icyphy/ptII/vendors/opencv/share/OpenCV/java/opencv-341.jar:/home/travis/build/icyphy/ptII/lib/oscP5.jar:/home/travis/build/icyphy/ptII/lib/nrjavaserial-3.11.0.devel.jar:/home/travis/build/icyphy/ptII/vendors/j3d/lib/Linux/j3dcore.jar:/home/travis/build/icyphy/ptII/vendors/j3d/lib/Linux/j3dutils.jar:/home/travis/build/icyphy/ptII/vendors/j3d/lib/Linux/vecmath.jar:/home/travis/build/icyphy/ptII/vendors/jogl/lib/Linux/gluegen-rt-natives-linux-amd64.jar:/home/travis/build/icyphy/ptII/vendors/jogl/lib/Linux/gluegen-rt.jar:/home/travis/build/icyphy/ptII/vendors/jogl/lib/Linux/jogl-all-natives-linux-amd64.jar:/home/travis/build/icyphy/ptII/vendors/jogl/lib/Linux/jogl-all.jar:/home/travis/build/icyphy/ptII/vendors/jogl/lib/natives/linux-amd64/gluegen-rt-natives-linux-amd64.jar:/home/travis/build/icyphy/ptII/vendors/jogl/lib/natives/linux-amd64/jogl-all-natives-linux-amd64.jar:/home/travis/build/icyphy/ptII/ptolemy/distributed/jini/jar/jini-core.jar:/home/travis/build/icyphy/ptII/ptolemy/distributed/jini/jar/jini-ext.jar:/home/travis/build/icyphy/ptII/ptolemy/distributed/jini/jar/sun-util.jar:/home/travis/build/icyphy/ptII/lib/protobuf-java-2.4.1.jar:/home/travis/build/icyphy/ptII/lib/org.eclipse.paho.client.mqttv3.jar:/home/travis/build/icyphy/ptII/lib/mapss.jar:/home/travis/build/icyphy/ptII/ptolemy/actor/ptalon/antlr/antlr.jar:/home/travis/build/icyphy/ptII/lib/JRI.jar:/home/travis/build/icyphy/ptII/lib/commons-lang-2.6.jar:/home/travis/build/icyphy/ptII/lib/commons-logging-1.1.1.jar:/home/travis/build/icyphy/ptII/lib/sootclasses.jar:/home/travis/build/icyphy/ptII/ptolemy/actor/lib/database/mysql-connector-java-5.1.6-bin.jar:/home/travis/build/icyphy/ptII/vendors/misc/sphinx4/sphinx4-data-5prealpha.jar:/home/travis/build/icyphy/ptII/vendors/misc/sphinx4/sphinx4-core-5prealpha.jar:/home/travis/build/icyphy/ptII/lib/PDFRenderer.jar:/home/travis/build/icyphy/ptII/lib/svgSalamander.jar:/home/travis/build/icyphy/ptII/lib/rsyntaxtextarea-2.6.0-SNAPSHOT.jar:/home/travis/build/icyphy/ptII/lib/hazelcast-3.8.2.jar:/home/travis/build/icyphy/ptII/lib/jackson-annotations-2.9.0.jar:/home/travis/build/icyphy/ptII/lib/jackson-core-2.9.3.jar:/home/travis/build/icyphy/ptII/lib/jackson-databind-2.9.3.jar:/home/travis/build/icyphy/ptII/lib/netty-buffer-4.1.19.Final.jar:/home/travis/build/icyphy/ptII/lib/netty-codec-4.1.19.Final.jar:/home/travis/build/icyphy/ptII/lib/netty-codec-dns-4.1.19.Final.jar:/home/travis/build/icyphy/ptII/lib/netty-codec-http-4.1.19.Final.jar:/home/travis/build/icyphy/ptII/lib/netty-codec-http2-4.1.19.Final.jar:/home/travis/build/icyphy/ptII/lib/netty-common-4.1.19.Final.jar:/home/travis/build/icyphy/ptII/lib/netty-handler-4.1.19.Final.jar:/home/travis/build/icyphy/ptII/lib/netty-resolver-4.1.19.Final.jar:/home/travis/build/icyphy/ptII/lib/netty-resolver-dns-4.1.19.Final.jar:/home/travis/build/icyphy/ptII/lib/netty-transport-4.1.19.Final.jar:/home/travis/build/icyphy/ptII/lib/vertx-codegen-3.5.1.jar:/home/travis/build/icyphy/ptII/lib/vertx-core-3.5.2-SNAPSHOT.jar:/home/travis/build/icyphy/ptII/lib/vertx-hazelcast-3.5.1.jar:/home/travis/build/icyphy/ptII/lib/vertx-lang-js-3.5.1.jar:/home/travis/build/icyphy/ptII/lib/vertx-service-proxy-3.5.1.jar:/home/travis/build/icyphy/ptII/lib/vertx-web-3.5.1.jar:/home/travis/build/icyphy/ptII/lib/slf4j-api-1.7.13.jar:/home/travis/build/icyphy/ptII/lib/slf4j-simple-1.7.13.jar:/home/travis/build/icyphy/ptII/lib/webcam-capture-0.3.12.jar:/home/travis/build/icyphy/ptII/lib/bridj-0.7.0.jar:/home/travis/build/icyphy/ptII/lib/xbjlib-1.1.0.nrjavaserial.jar:/home/travis/build/icyphy/ptII/ptolemy/moml/test:/home/travis/build/icyphy/ptII/ant/lib/ant-launcher.jar:/home/travis/build/icyphy/ptII/ant/lib/ant.jar:/home/travis/build/icyphy/ptII/ant/lib/ant-junit.jar:/home/travis/build/icyphy/ptII/ant/lib/ant-junit4.jar" />
    <property name="ant.library.dir" value="/home/travis/build/icyphy/ptII/ant/lib" />
    <property name="os.arch" value="amd64" />
    <property name="env.CONTINUOUS_INTEGRATION" value="true" />
    <property name="env.TRAVIS_LANGUAGE" value="node_js" />
    <property name="env.TRAVIS_STACK_LANGUAGES" value="__sardonyx__ c c++ clojure cplusplus cpp default generic go groovy java node_js php pure_java python ruby scala" />
    <property name="test.name" value="ptolemy.actor.lib.test.junit.JUnitTclTest" />
    <property name="env.APT_KEY_DONT_WARN_ON_DANGEROUS_USAGE" value="1" />
    <property name="sun.java.launcher" value="SUN_STANDARD" />
    <property name="env.PYTHON_CONFIGURE_OPTS" value="--enable-unicode=ucs4 --with-wide-unicode --enable-shared --enable-ipv6 --enable-loadable-sqlite-extensions --with-computed-gotos" />
    <property name="ant.core.lib" value="/home/travis/build/icyphy/ptII/ant/lib/ant.jar" />
    <property name="java.vm.specification.vendor" value="Oracle Corporation" />
    <property name="env.BCVTB_HOME" value="/home/travis/build/icyphy/ptII/lbnl" />
    <property name="file.separator" value="/" />
    <property name="spotbugs.home" value="/home/travis/build/icyphy/ptII/vendors/spotbugs-3.1.1" />
    <property name="java.runtime.version" value="11.0.2+9" />
    <property name="env.ANSI_CLEAR" value="\033[0K" />
    <property name="javafx.verbose" value="true" />
    <property name="env.HAS_JOSH_K_SEAL_OF_APPROVAL" value="true" />
    <property name="env.XDG_RUNTIME_DIR" value="/run/user/2000" />
    <property name="env.TRAVIS_OSX_IMAGE" value="" />
    <property name="env.TRAVIS_JOB_ID" value="558611305" />
    <property name="env.TRAVIS_BRANCH" value="master" />
    <property name="user.country" value="US" />
    <property name="env.CERTI_HOME_TRAVIS" value="/home/travis/pthla/certi-tools" />
    <property name="env.SHELL" value="/bin/bash" />
    <property name="java.maxmemory.large" value="5000m" />
    <property name="model" value="" />
    <property name="env.CASHER_DIR" value="/home/travis/.casher" />
    <property name="env.NVM_CD_FLAGS" value="" />
    <property name="java.vendor.version" value="18.9" />
    <property name="jshint.executable" value="/home/travis/node_modules/jshint/bin/jshint" />
    <property name="env.JRUBY_OPTS" value=" --client -J-XX:+TieredCompilation -J-XX:TieredStopAtLevel=1 -J-Xss2m -Xcompile.invokedynamic=false" />
    <property name="java.vendor" value="Oracle Corporation" />
    <property name="env.TRAVIS_PRE_CHEF_BOOTSTRAP_TIME" value="2019-03-25T16:16:42" />
    <property name="env.TRAVIS_STACK_JOB_BOARD_REGISTER" value="/.job-board-register.yml" />
    <property name="env.ANSI_RED" value="\033[31;1m" />
    <property name="java.specification.version" value="11" />
    <property name="env.IRBRC" value="/home/travis/.rvm/rubies/ruby-2.5.3/.irbrc" />
    <property name="env.TRAVIS" value="true" />
    <property name="sun.arch.data.model" value="64" />
  </properties>
  <testcase classname="ptolemy.util.test.junit.TclTests" name="[0] /home/travis/build/icyphy/ptII/ptolemy/actor/lib/test/AbsoluteValue.tcl (RunTclFile)" time="0.55" />
  <testcase classname="ptolemy.util.test.junit.TclTests" name="[1] /home/travis/build/icyphy/ptII/ptolemy/actor/lib/test/AddSubtract.tcl (RunTclFile)" time="0.156" />
  <testcase classname="ptolemy.util.test.junit.TclTests" name="[2] /home/travis/build/icyphy/ptII/ptolemy/actor/lib/test/Average.tcl (RunTclFile)" time="0.068" />
  <testcase classname="ptolemy.util.test.junit.TclTests" name="[3] /home/travis/build/icyphy/ptII/ptolemy/actor/lib/test/Bernoulli.tcl (RunTclFile)" time="0.037" />
  <testcase classname="ptolemy.util.test.junit.TclTests" name="[4] /home/travis/build/icyphy/ptII/ptolemy/actor/lib/test/Clock.tcl (RunTclFile)" time="0.12" />
  <testcase classname="ptolemy.util.test.junit.TclTests" name="[5] /home/travis/build/icyphy/ptII/ptolemy/actor/lib/test/Commutator.tcl (RunTclFile)" time="0.202" />
  <testcase classname="ptolemy.util.test.junit.TclTests" name="[6] /home/travis/build/icyphy/ptII/ptolemy/actor/lib/test/Const.tcl (RunTclFile)" time="0.164" />
  <testcase classname="ptolemy.util.test.junit.TclTests" name="[7] /home/travis/build/icyphy/ptII/ptolemy/actor/lib/test/CurrentTime.tcl (RunTclFile)" time="0.055" />
  <testcase classname="ptolemy.util.test.junit.TclTests" name="[8] /home/travis/build/icyphy/ptII/ptolemy/actor/lib/test/DB.tcl (RunTclFile)" time="0.078" />
  <testcase classname="ptolemy.util.test.junit.TclTests" name="[9] /home/travis/build/icyphy/ptII/ptolemy/actor/lib/test/DiscreteRandomSource.tcl (RunTclFile)" time="0.057" />
  <testcase classname="ptolemy.util.test.junit.TclTests" name="[10] /home/travis/build/icyphy/ptII/ptolemy/actor/lib/test/Distributor.tcl (RunTclFile)" time="0.077" />
  <testcase classname="ptolemy.util.test.junit.TclTests" name="[11] /home/travis/build/icyphy/ptII/ptolemy/actor/lib/test/Exit.tcl (RunTclFile)" time="0.105" />
  <testcase classname="ptolemy.util.test.junit.TclTests" name="[12] /home/travis/build/icyphy/ptII/ptolemy/actor/lib/test/Expression.tcl (RunTclFile)" time="0.138" />
  <testcase classname="ptolemy.util.test.junit.TclTests" name="[13] /home/travis/build/icyphy/ptII/ptolemy/actor/lib/test/Gaussian.tcl (RunTclFile)" time="0.275" />
  <testcase classname="ptolemy.util.test.junit.TclTests" name="[14] /home/travis/build/icyphy/ptII/ptolemy/actor/lib/test/IIR.tcl (RunTclFile)" time="0.043" />
  <testcase classname="ptolemy.util.test.junit.TclTests" name="[15] /home/travis/build/icyphy/ptII/ptolemy/actor/lib/test/Interpolator.tcl (RunTclFile)" time="0.116" />
  <testcase classname="ptolemy.util.test.junit.TclTests" name="[16] /home/travis/build/icyphy/ptII/ptolemy/actor/lib/test/MathFunction.tcl (RunTclFile)" time="0.081" />
  <testcase classname="ptolemy.util.test.junit.TclTests" name="[17] /home/travis/build/icyphy/ptII/ptolemy/actor/lib/test/Maximum.tcl (RunTclFile)" time="0.023" />
  <testcase classname="ptolemy.util.test.junit.TclTests" name="[18] /home/travis/build/icyphy/ptII/ptolemy/actor/lib/test/Minimum.tcl (RunTclFile)" time="0.032" />
  <testcase classname="ptolemy.util.test.junit.TclTests" name="[19] /home/travis/build/icyphy/ptII/ptolemy/actor/lib/test/MultiplyDivide.tcl (RunTclFile)" time="0.043" />
  <testcase classname="ptolemy.util.test.junit.TclTests" name="[20] /home/travis/build/icyphy/ptII/ptolemy/actor/lib/test/OrderedMerge.tcl (RunTclFile)" time="0.137" />
  <testcase classname="ptolemy.util.test.junit.TclTests" name="[21] /home/travis/build/icyphy/ptII/ptolemy/actor/lib/test/Publisher.tcl (RunTclFile)" time="0.906" />
  <testcase classname="ptolemy.util.test.junit.TclTests" name="[22] /home/travis/build/icyphy/ptII/ptolemy/actor/lib/test/Pulse.tcl (RunTclFile)" time="0.063" />
  <testcase classname="ptolemy.util.test.junit.TclTests" name="[23] /home/travis/build/icyphy/ptII/ptolemy/actor/lib/test/Ramp.tcl (RunTclFile)" time="2.498" />
  <testcase classname="ptolemy.util.test.junit.TclTests" name="[24] /home/travis/build/icyphy/ptII/ptolemy/actor/lib/test/RampContinuous.tcl (RunTclFile)" time="0.02" />
  <testcase classname="ptolemy.util.test.junit.TclTests" name="[25] /home/travis/build/icyphy/ptII/ptolemy/actor/lib/test/RecordAssembler.tcl (RunTclFile)" time="0.022" />
  <testcase classname="ptolemy.util.test.junit.TclTests" name="[26] /home/travis/build/icyphy/ptII/ptolemy/actor/lib/test/RecordDisassembler.tcl (RunTclFile)" time="0.035" />
  <testcase classname="ptolemy.util.test.junit.TclTests" name="[27] /home/travis/build/icyphy/ptII/ptolemy/actor/lib/test/Scale.tcl (RunTclFile)" time="0.026" />
  <testcase classname="ptolemy.util.test.junit.TclTests" name="[28] /home/travis/build/icyphy/ptII/ptolemy/actor/lib/test/SequentialClock.tcl (RunTclFile)" time="0.016" />
  <testcase classname="ptolemy.util.test.junit.TclTests" name="[29] /home/travis/build/icyphy/ptII/ptolemy/actor/lib/test/SetVariable.tcl (RunTclFile)" time="0.025">
    <failure message="Number of failed tests is has increased. expected:&lt;0&gt; but was:&lt;1&gt;" type="junit.framework.AssertionFailedError">junit.framework.AssertionFailedError: Number of failed tests is has increased. expected:&lt;0&gt; but was:&lt;1&gt;
	at ptolemy.util.test.junit.TclTests.RunTclFile(TclTests.java:286)
	at jdk.internal.reflect.GeneratedMethodAccessor19.invoke(Unknown Source)
	at java.base/jdk.internal.reflect.DelegatingMethodAccessorImpl.invoke(DelegatingMethodAccessorImpl.java:43)
	at junitparams.internal.InvokeParameterisedMethod.evaluate(InvokeParameterisedMethod.java:102)
	at junitparams.internal.ParameterisedTestMethodRunner.runMethodInvoker(ParameterisedTestMethodRunner.java:47)
	at junitparams.internal.ParameterisedTestMethodRunner.runTestMethod(ParameterisedTestMethodRunner.java:41)
	at junitparams.internal.ParameterisedTestClassRunner.runParameterisedTest(ParameterisedTestClassRunner.java:143)
	at junitparams.JUnitParamsRunner.runChild(JUnitParamsRunner.java:237)
	at junitparams.JUnitParamsRunner.runChild(JUnitParamsRunner.java:215)
</failure>
  </testcase>
  <testcase classname="ptolemy.util.test.junit.TclTests" name="[30] /home/travis/build/icyphy/ptII/ptolemy/actor/lib/test/Sinewave.tcl (RunTclFile)" time="0.062" />
  <testcase classname="ptolemy.util.test.junit.TclTests" name="[31] /home/travis/build/icyphy/ptII/ptolemy/actor/lib/test/SubscriptionAggregator.tcl (RunTclFile)" time="2.381" />
  <testcase classname="ptolemy.util.test.junit.TclTests" name="[32] /home/travis/build/icyphy/ptII/ptolemy/actor/lib/test/Test.tcl (RunTclFile)" time="0.138" />
  <testcase classname="ptolemy.util.test.junit.TclTests" name="[33] /home/travis/build/icyphy/ptII/ptolemy/actor/lib/test/TestExceptionHandler.tcl (RunTclFile)" time="0.015" />
  <testcase classname="ptolemy.util.test.junit.TclTests" name="[34] /home/travis/build/icyphy/ptII/ptolemy/actor/lib/test/UnionDisassembler.tcl (RunTclFile)" time="0.077" />
  <testcase classname="ptolemy.util.test.junit.TclTests" name="[35] /home/travis/build/icyphy/ptII/ptolemy/actor/lib/test/VariableClock.tcl (RunTclFile)" time="0.034" />
  <testcase classname="ptolemy.util.test.junit.AutoKnownFailedTests" name="[0] /home/travis/build/icyphy/ptII/ptolemy/actor/lib/test/auto/knownFailedTests/PublisherPortToplevelSubscriber.xml (RunModel)" time="0.026" />
  <testcase classname="ptolemy.util.test.junit.AutoKnownFailedTests" name="[1] /home/travis/build/icyphy/ptII/ptolemy/actor/lib/test/auto/knownFailedTests/PublisherSubscriberPortToplevel.xml (RunModel)" time="0.032" />
  <testcase classname="ptolemy.util.test.junit.AutoKnownFailedTests" name="[2] /home/travis/build/icyphy/ptII/ptolemy/actor/lib/test/auto/knownFailedTests/PublisherSubscriptionAggregatorPort.xml (RunModel)" time="0.03" />
  <testcase classname="ptolemy.util.test.junit.AutoKnownFailedTests" name="[3] /home/travis/build/icyphy/ptII/ptolemy/actor/lib/test/auto/knownFailedTests/sizedarray3.xml (RunModel)" time="0.026" />
  <testcase classname="ptolemy.util.test.junit.AutoNameArchTests" name="[0] ThereAreNoAutoArchTests (RunModel)" time="0.001" />
  <testcase classname="ptolemy.util.test.junit.AutoTests" name="[0] /home/travis/build/icyphy/ptII/ptolemy/actor/lib/test/auto/AbsoluteValue.xml (RunModel)" time="0.178" />
  <testcase classname="ptolemy.util.test.junit.AutoTests" name="[1] /home/travis/build/icyphy/ptII/ptolemy/actor/lib/test/auto/AbsoluteValue2.xml (RunModel)" time="0.076" />
  <testcase classname="ptolemy.util.test.junit.AutoTests" name="[2] /home/travis/build/icyphy/ptII/ptolemy/actor/lib/test/auto/Accumulator.xml (RunModel)" time="0.075" />
  <testcase classname="ptolemy.util.test.junit.AutoTests" name="[3] /home/travis/build/icyphy/ptII/ptolemy/actor/lib/test/auto/Accumulator2.xml (RunModel)" time="0.059" />
  <testcase classname="ptolemy.util.test.junit.AutoTests" name="[4] /home/travis/build/icyphy/ptII/ptolemy/actor/lib/test/auto/Accumulator3.xml (RunModel)" time="0.043" />
  <testcase classname="ptolemy.util.test.junit.AutoTests" name="[5] /home/travis/build/icyphy/ptII/ptolemy/actor/lib/test/auto/ArrayAppend.xml (RunModel)" time="0.054" />
  <testcase classname="ptolemy.util.test.junit.AutoTests" name="[6] /home/travis/build/icyphy/ptII/ptolemy/actor/lib/test/auto/ArrayAppend2.xml (RunModel)" time="0.397" />
  <testcase classname="ptolemy.util.test.junit.AutoTests" name="[7] /home/travis/build/icyphy/ptII/ptolemy/actor/lib/test/auto/ArrayAppend3.xml (RunModel)" time="0.028" />
  <testcase classname="ptolemy.util.test.junit.AutoTests" name="[8] /home/travis/build/icyphy/ptII/ptolemy/actor/lib/test/auto/ArrayAppend4.xml (RunModel)" time="0.067" />
  <testcase classname="ptolemy.util.test.junit.AutoTests" name="[9] /home/travis/build/icyphy/ptII/ptolemy/actor/lib/test/auto/ArrayAppend5.xml (RunModel)" time="0.022" />
  <testcase classname="ptolemy.util.test.junit.AutoTests" name="[10] /home/travis/build/icyphy/ptII/ptolemy/actor/lib/test/auto/ArrayAppend6.xml (RunModel)" time="0.03" />
  <testcase classname="ptolemy.util.test.junit.AutoTests" name="[11] /home/travis/build/icyphy/ptII/ptolemy/actor/lib/test/auto/ArrayAppendPerformanceTest.xml (RunModel)" time="0.073" />
  <testcase classname="ptolemy.util.test.junit.AutoTests" name="[12] /home/travis/build/icyphy/ptII/ptolemy/actor/lib/test/auto/ArrayAppendWithEmptyInput.xml (RunModel)" time="0.064" />
  <testcase classname="ptolemy.util.test.junit.AutoTests" name="[13] /home/travis/build/icyphy/ptII/ptolemy/actor/lib/test/auto/ArrayAverage.xml (RunModel)" time="0.06" />
  <testcase classname="ptolemy.util.test.junit.AutoTests" name="[14] /home/travis/build/icyphy/ptII/ptolemy/actor/lib/test/auto/ArrayContains.xml (RunModel)" time="0.054" />
  <testcase classname="ptolemy.util.test.junit.AutoTests" name="[15] /home/travis/build/icyphy/ptII/ptolemy/actor/lib/test/auto/ArrayElement.xml (RunModel)" time="0.033" />
  <testcase classname="ptolemy.util.test.junit.AutoTests" name="[16] /home/travis/build/icyphy/ptII/ptolemy/actor/lib/test/auto/ArrayElementAsMatrix.xml (RunModel)" time="0.069" />
  <testcase classname="ptolemy.util.test.junit.AutoTests" name="[17] /home/travis/build/icyphy/ptII/ptolemy/actor/lib/test/auto/ArrayElementI.xml (RunModel)" time="0.029" />
  <testcase classname="ptolemy.util.test.junit.AutoTests" name="[18] /home/travis/build/icyphy/ptII/ptolemy/actor/lib/test/auto/ArrayExtract.xml (RunModel)" time="0.03" />
  <testcase classname="ptolemy.util.test.junit.AutoTests" name="[19] /home/travis/build/icyphy/ptII/ptolemy/actor/lib/test/auto/ArrayExtract2.xml (RunModel)" time="0.017" />
  <testcase classname="ptolemy.util.test.junit.AutoTests" name="[20] /home/travis/build/icyphy/ptII/ptolemy/actor/lib/test/auto/ArrayLength.xml (RunModel)" time="0.019" />
  <testcase classname="ptolemy.util.test.junit.AutoTests" name="[21] /home/travis/build/icyphy/ptII/ptolemy/actor/lib/test/auto/ArrayLevelCrossing.xml (RunModel)" time="0.027" />
  <testcase classname="ptolemy.util.test.junit.AutoTests" name="[22] /home/travis/build/icyphy/ptII/ptolemy/actor/lib/test/auto/ArrayLevelCrossing2.xml (RunModel)" time="0.022" />
  <testcase classname="ptolemy.util.test.junit.AutoTests" name="[23] /home/travis/build/icyphy/ptII/ptolemy/actor/lib/test/auto/ArrayPeakSearch.xml (RunModel)" time="0.03" />
  <testcase classname="ptolemy.util.test.junit.AutoTests" name="[24] /home/travis/build/icyphy/ptII/ptolemy/actor/lib/test/auto/ArrayPeakSearch2.xml (RunModel)" time="0.04" />
  <testcase classname="ptolemy.util.test.junit.AutoTests" name="[25] /home/travis/build/icyphy/ptII/ptolemy/actor/lib/test/auto/ArrayPeakSearch3.xml (RunModel)" time="0.031" />
  <testcase classname="ptolemy.util.test.junit.AutoTests" name="[26] /home/travis/build/icyphy/ptII/ptolemy/actor/lib/test/auto/ArrayRemoveElement.xml (RunModel)" time="0.027" />
  <testcase classname="ptolemy.util.test.junit.AutoTests" name="[27] /home/travis/build/icyphy/ptII/ptolemy/actor/lib/test/auto/ArraySort.xml (RunModel)" time="0.036" />
  <testcase classname="ptolemy.util.test.junit.AutoTests" name="[28] /home/travis/build/icyphy/ptII/ptolemy/actor/lib/test/auto/ArraySum.xml (RunModel)" time="0.021" />
  <testcase classname="ptolemy.util.test.junit.AutoTests" name="[29] /home/travis/build/icyphy/ptII/ptolemy/actor/lib/test/auto/ArrayToElements.xml (RunModel)" time="0.018" />
  <testcase classname="ptolemy.util.test.junit.AutoTests" name="[30] /home/travis/build/icyphy/ptII/ptolemy/actor/lib/test/auto/ArrayToMatrix.xml (RunModel)" time="0.048" />
  <testcase classname="ptolemy.util.test.junit.AutoTests" name="[31] /home/travis/build/icyphy/ptII/ptolemy/actor/lib/test/auto/ArrayUpdate1.xml (RunModel)" time="0.016" />
  <testcase classname="ptolemy.util.test.junit.AutoTests" name="[32] /home/travis/build/icyphy/ptII/ptolemy/actor/lib/test/auto/ArrayUpdate2.xml (RunModel)" time="0.027" />
  <testcase classname="ptolemy.util.test.junit.AutoTests" name="[33] /home/travis/build/icyphy/ptII/ptolemy/actor/lib/test/auto/ArrayUpdate3.xml (RunModel)" time="0.015" />
  <testcase classname="ptolemy.util.test.junit.AutoTests" name="[34] /home/travis/build/icyphy/ptII/ptolemy/actor/lib/test/auto/Assert1.xml (RunModel)" time="0.026" />
  <testcase classname="ptolemy.util.test.junit.AutoTests" name="[35] /home/travis/build/icyphy/ptII/ptolemy/actor/lib/test/auto/Assert2.xml (RunModel)" time="0.012" />
  <testcase classname="ptolemy.util.test.junit.AutoTests" name="[36] /home/travis/build/icyphy/ptII/ptolemy/actor/lib/test/auto/BooleanMultiplexor.xml (RunModel)" time="0.026" />
  <testcase classname="ptolemy.util.test.junit.AutoTests" name="[37] /home/travis/build/icyphy/ptII/ptolemy/actor/lib/test/auto/BooleanMultiplexor2.xml (RunModel)" time="0.03" />
  <testcase classname="ptolemy.util.test.junit.AutoTests" name="[38] /home/travis/build/icyphy/ptII/ptolemy/actor/lib/test/auto/BooleanMultiplexor3.xml (RunModel)" time="0.02" />
  <testcase classname="ptolemy.util.test.junit.AutoTests" name="[39] /home/travis/build/icyphy/ptII/ptolemy/actor/lib/test/auto/BooleanSelect.xml (RunModel)" time="0.028" />
  <testcase classname="ptolemy.util.test.junit.AutoTests" name="[40] /home/travis/build/icyphy/ptII/ptolemy/actor/lib/test/auto/BooleanSelect2.xml (RunModel)" time="0.016" />
  <testcase classname="ptolemy.util.test.junit.AutoTests" name="[41] /home/travis/build/icyphy/ptII/ptolemy/actor/lib/test/auto/BooleanSwitch.xml (RunModel)" time="0.023" />
  <testcase classname="ptolemy.util.test.junit.AutoTests" name="[42] /home/travis/build/icyphy/ptII/ptolemy/actor/lib/test/auto/BooleanSwitch2.xml (RunModel)" time="0.014" />
  <testcase classname="ptolemy.util.test.junit.AutoTests" name="[43] /home/travis/build/icyphy/ptII/ptolemy/actor/lib/test/auto/BooleanSwitchCloningBugWithClassRelationGroup.xml (RunModel)" time="0.045" />
  <testcase classname="ptolemy.util.test.junit.AutoTests" name="[44] /home/travis/build/icyphy/ptII/ptolemy/actor/lib/test/auto/BusActors.xml (RunModel)" time="0.042" />
  <testcase classname="ptolemy.util.test.junit.AutoTests" name="[45] /home/travis/build/icyphy/ptII/ptolemy/actor/lib/test/auto/ClassWrapper.xml (RunModel)" time="0.024" />
  <testcase classname="ptolemy.util.test.junit.AutoTests" name="[46] /home/travis/build/icyphy/ptII/ptolemy/actor/lib/test/auto/Clock.xml (RunModel)" time="0.01" />
  <testcase classname="ptolemy.util.test.junit.AutoTests" name="[47] /home/travis/build/icyphy/ptII/ptolemy/actor/lib/test/auto/Clock10.xml (RunModel)" time="0.022" />
  <testcase classname="ptolemy.util.test.junit.AutoTests" name="[48] /home/travis/build/icyphy/ptII/ptolemy/actor/lib/test/auto/Clock11.xml (RunModel)" time="0.022" />
  <testcase classname="ptolemy.util.test.junit.AutoTests" name="[49] /home/travis/build/icyphy/ptII/ptolemy/actor/lib/test/auto/Clock12.xml (RunModel)" time="0.017" />
  <testcase classname="ptolemy.util.test.junit.AutoTests" name="[50] /home/travis/build/icyphy/ptII/ptolemy/actor/lib/test/auto/Clock13.xml (RunModel)" time="0.012" />
  <testcase classname="ptolemy.util.test.junit.AutoTests" name="[51] /home/travis/build/icyphy/ptII/ptolemy/actor/lib/test/auto/Clock14.xml (RunModel)" time="0.013" />
  <testcase classname="ptolemy.util.test.junit.AutoTests" name="[52] /home/travis/build/icyphy/ptII/ptolemy/actor/lib/test/auto/Clock15.xml (RunModel)" time="0.022" />
  <testcase classname="ptolemy.util.test.junit.AutoTests" name="[53] /home/travis/build/icyphy/ptII/ptolemy/actor/lib/test/auto/Clock16.xml (RunModel)" time="0.087" />
  <testcase classname="ptolemy.util.test.junit.AutoTests" name="[54] /home/travis/build/icyphy/ptII/ptolemy/actor/lib/test/auto/Clock17.xml (RunModel)" time="0.041" />
  <testcase classname="ptolemy.util.test.junit.AutoTests" name="[55] /home/travis/build/icyphy/ptII/ptolemy/actor/lib/test/auto/Clock18.xml (RunModel)" time="0.047" />
  <testcase classname="ptolemy.util.test.junit.AutoTests" name="[56] /home/travis/build/icyphy/ptII/ptolemy/actor/lib/test/auto/Clock19.xml (RunModel)" time="0.043" />
  <testcase classname="ptolemy.util.test.junit.AutoTests" name="[57] /home/travis/build/icyphy/ptII/ptolemy/actor/lib/test/auto/Clock2.xml (RunModel)" time="0.014" />
  <testcase classname="ptolemy.util.test.junit.AutoTests" name="[58] /home/travis/build/icyphy/ptII/ptolemy/actor/lib/test/auto/Clock20.xml (RunModel)" time="0.024" />
  <testcase classname="ptolemy.util.test.junit.AutoTests" name="[59] /home/travis/build/icyphy/ptII/ptolemy/actor/lib/test/auto/Clock21.xml (RunModel)" time="0.019" />
  <testcase classname="ptolemy.util.test.junit.AutoTests" name="[60] /home/travis/build/icyphy/ptII/ptolemy/actor/lib/test/auto/Clock22.xml (RunModel)" time="0.014" />
  <testcase classname="ptolemy.util.test.junit.AutoTests" name="[61] /home/travis/build/icyphy/ptII/ptolemy/actor/lib/test/auto/Clock23.xml (RunModel)" time="0.016" />
  <testcase classname="ptolemy.util.test.junit.AutoTests" name="[62] /home/travis/build/icyphy/ptII/ptolemy/actor/lib/test/auto/Clock24.xml (RunModel)" time="0.02" />
  <testcase classname="ptolemy.util.test.junit.AutoTests" name="[63] /home/travis/build/icyphy/ptII/ptolemy/actor/lib/test/auto/Clock4.xml (RunModel)" time="0.013" />
  <testcase classname="ptolemy.util.test.junit.AutoTests" name="[64] /home/travis/build/icyphy/ptII/ptolemy/actor/lib/test/auto/Clock5.xml (RunModel)" time="0.015" />
  <testcase classname="ptolemy.util.test.junit.AutoTests" name="[65] /home/travis/build/icyphy/ptII/ptolemy/actor/lib/test/auto/Clock6.xml (RunModel)" time="0.019" />
  <testcase classname="ptolemy.util.test.junit.AutoTests" name="[66] /home/travis/build/icyphy/ptII/ptolemy/actor/lib/test/auto/Clock7.xml (RunModel)" time="0.011" />
  <testcase classname="ptolemy.util.test.junit.AutoTests" name="[67] /home/travis/build/icyphy/ptII/ptolemy/actor/lib/test/auto/Clock8.xml (RunModel)" time="0.024" />
  <testcase classname="ptolemy.util.test.junit.AutoTests" name="[68] /home/travis/build/icyphy/ptII/ptolemy/actor/lib/test/auto/Clock9.xml (RunModel)" time="0.016" />
  <testcase classname="ptolemy.util.test.junit.AutoTests" name="[69] /home/travis/build/icyphy/ptII/ptolemy/actor/lib/test/auto/CommDistDiscard.xml (RunModel)" time="0.023" />
  <testcase classname="ptolemy.util.test.junit.AutoTests" name="[70] /home/travis/build/icyphy/ptII/ptolemy/actor/lib/test/auto/Commutator.xml (RunModel)" time="0.013" />
  <testcase classname="ptolemy.util.test.junit.AutoTests" name="[71] /home/travis/build/icyphy/ptII/ptolemy/actor/lib/test/auto/Commutator2.xml (RunModel)" time="0.01" />
  <testcase classname="ptolemy.util.test.junit.AutoTests" name="[72] /home/travis/build/icyphy/ptII/ptolemy/actor/lib/test/auto/Commutator3.xml (RunModel)" time="0.013" />
  <testcase classname="ptolemy.util.test.junit.AutoTests" name="[73] /home/travis/build/icyphy/ptII/ptolemy/actor/lib/test/auto/Compare.xml (RunModel)" time="0.025" />
  <testcase classname="ptolemy.util.test.junit.AutoTests" name="[74] /home/travis/build/icyphy/ptII/ptolemy/actor/lib/test/auto/CompareDE.xml (RunModel)" time="0.017" />
  <testcase classname="ptolemy.util.test.junit.AutoTests" name="[75] /home/travis/build/icyphy/ptII/ptolemy/actor/lib/test/auto/ComplexDivide.xml (RunModel)" time="0.01" />
  <testcase classname="ptolemy.util.test.junit.AutoTests" name="[76] /home/travis/build/icyphy/ptII/ptolemy/actor/lib/test/auto/ComputeHistogram.xml (RunModel)" time="0.073" />
  <testcase classname="ptolemy.util.test.junit.AutoTests" name="[77] /home/travis/build/icyphy/ptII/ptolemy/actor/lib/test/auto/ConfigurationSelect.xml (RunModel)" time="0.022" />
  <testcase classname="ptolemy.util.test.junit.AutoTests" name="[78] /home/travis/build/icyphy/ptII/ptolemy/actor/lib/test/auto/ConfigurationSelect2.xml (RunModel)" time="0.022" />
  <testcase classname="ptolemy.util.test.junit.AutoTests" name="[79] /home/travis/build/icyphy/ptII/ptolemy/actor/lib/test/auto/ConfigurationSwitch.xml (RunModel)" time="0.024" />
  <testcase classname="ptolemy.util.test.junit.AutoTests" name="[80] /home/travis/build/icyphy/ptII/ptolemy/actor/lib/test/auto/ConfigurationSwitch2.xml (RunModel)" time="0.029" />
  <testcase classname="ptolemy.util.test.junit.AutoTests" name="[81] /home/travis/build/icyphy/ptII/ptolemy/actor/lib/test/auto/ConfigurationSwitchCloningBugWithClassRelationGroup.xml (RunModel)" time="0.023" />
  <testcase classname="ptolemy.util.test.junit.AutoTests" name="[82] /home/travis/build/icyphy/ptII/ptolemy/actor/lib/test/auto/ConfigurationSwitchSelectSDF.xml (RunModel)" time="0.018" />
  <testcase classname="ptolemy.util.test.junit.AutoTests" name="[83] /home/travis/build/icyphy/ptII/ptolemy/actor/lib/test/auto/ConfigurationSwitchSelectSDF2.xml (RunModel)" time="0.018" />
  <testcase classname="ptolemy.util.test.junit.AutoTests" name="[84] /home/travis/build/icyphy/ptII/ptolemy/actor/lib/test/auto/Const.xml (RunModel)" time="0.008" />
  <testcase classname="ptolemy.util.test.junit.AutoTests" name="[85] /home/travis/build/icyphy/ptII/ptolemy/actor/lib/test/auto/Const2.xml (RunModel)" time="0.011" />
  <testcase classname="ptolemy.util.test.junit.AutoTests" name="[86] /home/travis/build/icyphy/ptII/ptolemy/actor/lib/test/auto/Const3.xml (RunModel)" time="0.009" />
  <testcase classname="ptolemy.util.test.junit.AutoTests" name="[87] /home/travis/build/icyphy/ptII/ptolemy/actor/lib/test/auto/ConstantPublisherPort1.xml (RunModel)" time="0.023" />
  <testcase classname="ptolemy.util.test.junit.AutoTests" name="[88] /home/travis/build/icyphy/ptII/ptolemy/actor/lib/test/auto/ConstantPublisherPort2.xml (RunModel)" time="0.025" />
  <testcase classname="ptolemy.util.test.junit.AutoTests" name="[89] /home/travis/build/icyphy/ptII/ptolemy/actor/lib/test/auto/ConstantPublisherPort3.xml (RunModel)" time="0.024" />
  <testcase classname="ptolemy.util.test.junit.AutoTests" name="[90] /home/travis/build/icyphy/ptII/ptolemy/actor/lib/test/auto/ConstantPublisherPort4.xml (RunModel)" time="0.018" />
  <testcase classname="ptolemy.util.test.junit.AutoTests" name="[91] /home/travis/build/icyphy/ptII/ptolemy/actor/lib/test/auto/ConstantPublisherPort5.xml (RunModel)" time="0.042" />
  <testcase classname="ptolemy.util.test.junit.AutoTests" name="[92] /home/travis/build/icyphy/ptII/ptolemy/actor/lib/test/auto/ConstantPublisherPort6.xml (RunModel)" time="0.026" />
  <testcase classname="ptolemy.util.test.junit.AutoTests" name="[93] /home/travis/build/icyphy/ptII/ptolemy/actor/lib/test/auto/ConstantPublisherPort7.xml (RunModel)" time="0.034" />
  <testcase classname="ptolemy.util.test.junit.AutoTests" name="[94] /home/travis/build/icyphy/ptII/ptolemy/actor/lib/test/auto/ConstraintMonitor1.xml (RunModel)" time="0.054" />
  <testcase classname="ptolemy.util.test.junit.AutoTests" name="[95] /home/travis/build/icyphy/ptII/ptolemy/actor/lib/test/auto/ConstraintMonitor2.xml (RunModel)" time="0.019" />
  <testcase classname="ptolemy.util.test.junit.AutoTests" name="[96] /home/travis/build/icyphy/ptII/ptolemy/actor/lib/test/auto/ConstraintMonitor3.xml (RunModel)" time="0.015" />
  <testcase classname="ptolemy.util.test.junit.AutoTests" name="[97] /home/travis/build/icyphy/ptII/ptolemy/actor/lib/test/auto/ConstraintMonitor4.xml (RunModel)" time="0.017" />
  <testcase classname="ptolemy.util.test.junit.AutoTests" name="[98] /home/travis/build/icyphy/ptII/ptolemy/actor/lib/test/auto/ConstraintMonitor5.xml (RunModel)" time="0.014" />
  <testcase classname="ptolemy.util.test.junit.AutoTests" name="[99] /home/travis/build/icyphy/ptII/ptolemy/actor/lib/test/auto/ConstraintMonitor6.xml (RunModel)" time="0.018" />
  <testcase classname="ptolemy.util.test.junit.AutoTests" name="[100] /home/travis/build/icyphy/ptII/ptolemy/actor/lib/test/auto/ConstraintMonitor7.xml (RunModel)" time="0.023" />
  <testcase classname="ptolemy.util.test.junit.AutoTests" name="[101] /home/travis/build/icyphy/ptII/ptolemy/actor/lib/test/auto/ConstraintMonitor8.xml (RunModel)" time="0.015" />
  <testcase classname="ptolemy.util.test.junit.AutoTests" name="[102] /home/travis/build/icyphy/ptII/ptolemy/actor/lib/test/auto/Counter.xml (RunModel)" time="0.018" />
  <testcase classname="ptolemy.util.test.junit.AutoTests" name="[103] /home/travis/build/icyphy/ptII/ptolemy/actor/lib/test/auto/CurrentTimeSDF.xml (RunModel)" time="0.009" />
  <testcase classname="ptolemy.util.test.junit.AutoTests" name="[104] /home/travis/build/icyphy/ptII/ptolemy/actor/lib/test/auto/DB.xml (RunModel)" time="0.013" />
  <testcase classname="ptolemy.util.test.junit.AutoTests" name="[105] /home/travis/build/icyphy/ptII/ptolemy/actor/lib/test/auto/DBDE.xml (RunModel)" time="0.014" />
  <testcase classname="ptolemy.util.test.junit.AutoTests" name="[106] /home/travis/build/icyphy/ptII/ptolemy/actor/lib/test/auto/DateConstructor.xml (RunModel)" time="0.073" />
  <testcase classname="ptolemy.util.test.junit.AutoTests" name="[107] /home/travis/build/icyphy/ptII/ptolemy/actor/lib/test/auto/DelayTime.xml (RunModel)" time="0.017" />
  <testcase classname="ptolemy.util.test.junit.AutoTests" name="[108] /home/travis/build/icyphy/ptII/ptolemy/actor/lib/test/auto/Dictionary1.xml (RunModel)" time="0.019" />
  <testcase classname="ptolemy.util.test.junit.AutoTests" name="[109] /home/travis/build/icyphy/ptII/ptolemy/actor/lib/test/auto/Dictionary2.xml (RunModel)" time="0.022" />
  <testcase classname="ptolemy.util.test.junit.AutoTests" name="[110] /home/travis/build/icyphy/ptII/ptolemy/actor/lib/test/auto/Dictionary3.xml (RunModel)" time="0.014" />
  <testcase classname="ptolemy.util.test.junit.AutoTests" name="[111] /home/travis/build/icyphy/ptII/ptolemy/actor/lib/test/auto/Dictionary4.xml (RunModel)" time="0.02" />
  <testcase classname="ptolemy.util.test.junit.AutoTests" name="[112] /home/travis/build/icyphy/ptII/ptolemy/actor/lib/test/auto/Differential.xml (RunModel)" time="0.013" />
  <testcase classname="ptolemy.util.test.junit.AutoTests" name="[113] /home/travis/build/icyphy/ptII/ptolemy/actor/lib/test/auto/Director.xml (RunModel)" time="0.012" />
  <testcase classname="ptolemy.util.test.junit.AutoTests" name="[114] /home/travis/build/icyphy/ptII/ptolemy/actor/lib/test/auto/DiscreteClock.xml (RunModel)" time="0.01" />
  <testcase classname="ptolemy.util.test.junit.AutoTests" name="[115] /home/travis/build/icyphy/ptII/ptolemy/actor/lib/test/auto/DiscreteClock10.xml (RunModel)" time="0.012" />
  <testcase classname="ptolemy.util.test.junit.AutoTests" name="[116] /home/travis/build/icyphy/ptII/ptolemy/actor/lib/test/auto/DiscreteClock11.xml (RunModel)" time="0.013" />
  <testcase classname="ptolemy.util.test.junit.AutoTests" name="[117] /home/travis/build/icyphy/ptII/ptolemy/actor/lib/test/auto/DiscreteClock12.xml (RunModel)" time="0.012" />
  <testcase classname="ptolemy.util.test.junit.AutoTests" name="[118] /home/travis/build/icyphy/ptII/ptolemy/actor/lib/test/auto/DiscreteClock13.xml (RunModel)" time="0.017" />
  <testcase classname="ptolemy.util.test.junit.AutoTests" name="[119] /home/travis/build/icyphy/ptII/ptolemy/actor/lib/test/auto/DiscreteClock14.xml (RunModel)" time="0.024" />
  <testcase classname="ptolemy.util.test.junit.AutoTests" name="[120] /home/travis/build/icyphy/ptII/ptolemy/actor/lib/test/auto/DiscreteClock15.xml (RunModel)" time="0.015" />
  <testcase classname="ptolemy.util.test.junit.AutoTests" name="[121] /home/travis/build/icyphy/ptII/ptolemy/actor/lib/test/auto/DiscreteClock16.xml (RunModel)" time="0.048" />
  <testcase classname="ptolemy.util.test.junit.AutoTests" name="[122] /home/travis/build/icyphy/ptII/ptolemy/actor/lib/test/auto/DiscreteClock17.xml (RunModel)" time="0.046" />
  <testcase classname="ptolemy.util.test.junit.AutoTests" name="[123] /home/travis/build/icyphy/ptII/ptolemy/actor/lib/test/auto/DiscreteClock18.xml (RunModel)" time="0.041" />
  <testcase classname="ptolemy.util.test.junit.AutoTests" name="[124] /home/travis/build/icyphy/ptII/ptolemy/actor/lib/test/auto/DiscreteClock19.xml (RunModel)" time="0.035" />
  <testcase classname="ptolemy.util.test.junit.AutoTests" name="[125] /home/travis/build/icyphy/ptII/ptolemy/actor/lib/test/auto/DiscreteClock2.xml (RunModel)" time="0.011" />
  <testcase classname="ptolemy.util.test.junit.AutoTests" name="[126] /home/travis/build/icyphy/ptII/ptolemy/actor/lib/test/auto/DiscreteClock20.xml (RunModel)" time="0.016" />
  <testcase classname="ptolemy.util.test.junit.AutoTests" name="[127] /home/travis/build/icyphy/ptII/ptolemy/actor/lib/test/auto/DiscreteClock21.xml (RunModel)" time="0.012" />
  <testcase classname="ptolemy.util.test.junit.AutoTests" name="[128] /home/travis/build/icyphy/ptII/ptolemy/actor/lib/test/auto/DiscreteClock22.xml (RunModel)" time="0.015" />
  <testcase classname="ptolemy.util.test.junit.AutoTests" name="[129] /home/travis/build/icyphy/ptII/ptolemy/actor/lib/test/auto/DiscreteClock23.xml (RunModel)" time="0.014" />
  <testcase classname="ptolemy.util.test.junit.AutoTests" name="[130] /home/travis/build/icyphy/ptII/ptolemy/actor/lib/test/auto/DiscreteClock24.xml (RunModel)" time="0.014" />
  <testcase classname="ptolemy.util.test.junit.AutoTests" name="[131] /home/travis/build/icyphy/ptII/ptolemy/actor/lib/test/auto/DiscreteClock4.xml (RunModel)" time="0.013" />
  <testcase classname="ptolemy.util.test.junit.AutoTests" name="[132] /home/travis/build/icyphy/ptII/ptolemy/actor/lib/test/auto/DiscreteClock5.xml (RunModel)" time="0.011" />
  <testcase classname="ptolemy.util.test.junit.AutoTests" name="[133] /home/travis/build/icyphy/ptII/ptolemy/actor/lib/test/auto/DiscreteClock6.xml (RunModel)" time="0.013" />
  <testcase classname="ptolemy.util.test.junit.AutoTests" name="[134] /home/travis/build/icyphy/ptII/ptolemy/actor/lib/test/auto/DiscreteClock7.xml (RunModel)" time="0.011" />
  <testcase classname="ptolemy.util.test.junit.AutoTests" name="[135] /home/travis/build/icyphy/ptII/ptolemy/actor/lib/test/auto/DiscreteClock8.xml (RunModel)" time="0.023" />
  <testcase classname="ptolemy.util.test.junit.AutoTests" name="[136] /home/travis/build/icyphy/ptII/ptolemy/actor/lib/test/auto/DiscreteClock9.xml (RunModel)" time="0.015" />
  <testcase classname="ptolemy.util.test.junit.AutoTests" name="[137] /home/travis/build/icyphy/ptII/ptolemy/actor/lib/test/auto/DisplayArray.xml (RunModel)" time="0.01" />
  <testcase classname="ptolemy.util.test.junit.AutoTests" name="[138] /home/travis/build/icyphy/ptII/ptolemy/actor/lib/test/auto/Distributor.xml (RunModel)" time="0.009" />
  <testcase classname="ptolemy.util.test.junit.AutoTests" name="[139] /home/travis/build/icyphy/ptII/ptolemy/actor/lib/test/auto/Distributor2.xml (RunModel)" time="0.015" />
  <testcase classname="ptolemy.util.test.junit.AutoTests" name="[140] /home/travis/build/icyphy/ptII/ptolemy/actor/lib/test/auto/DownSample.xml (RunModel)" time="0.009" />
  <testcase classname="ptolemy.util.test.junit.AutoTests" name="[141] /home/travis/build/icyphy/ptII/ptolemy/actor/lib/test/auto/ElectronicUnitBase1.xml (RunModel)" time="0.071" />
  <testcase classname="ptolemy.util.test.junit.AutoTests" name="[142] /home/travis/build/icyphy/ptII/ptolemy/actor/lib/test/auto/ElementsToArray.xml (RunModel)" time="0.01" />
  <testcase classname="ptolemy.util.test.junit.AutoTests" name="[143] /home/travis/build/icyphy/ptII/ptolemy/actor/lib/test/auto/Equals.xml (RunModel)" time="0.014" />
  <testcase classname="ptolemy.util.test.junit.AutoTests" name="[144] /home/travis/build/icyphy/ptII/ptolemy/actor/lib/test/auto/Exec.xml (RunModel)" time="0.03" />
  <testcase classname="ptolemy.util.test.junit.AutoTests" name="[145] /home/travis/build/icyphy/ptII/ptolemy/actor/lib/test/auto/ExecEnvironment.xml (RunModel)" time="0.038" />
  <testcase classname="ptolemy.util.test.junit.AutoTests" name="[146] /home/travis/build/icyphy/ptII/ptolemy/actor/lib/test/auto/ExecNonZeroReturnOutput.xml (RunModel)" time="0.217" />
  <testcase classname="ptolemy.util.test.junit.AutoTests" name="[147] /home/travis/build/icyphy/ptII/ptolemy/actor/lib/test/auto/ExecRunDemos.xml (RunModel)" time="10.784">
    <error type="java.lang.reflect.InvocationTargetException">java.lang.reflect.InvocationTargetException
	at jdk.internal.reflect.GeneratedConstructorAccessor36.newInstance(Unknown Source)
	at java.base/jdk.internal.reflect.DelegatingConstructorAccessorImpl.newInstance(DelegatingConstructorAccessorImpl.java:45)
	at java.base/java.lang.reflect.Constructor.newInstance(Constructor.java:490)
	at ptolemy.util.test.junit.AutoTests.RunModel(AutoTests.java:193)
	at jdk.internal.reflect.GeneratedMethodAccessor43.invoke(Unknown Source)
	at java.base/jdk.internal.reflect.DelegatingMethodAccessorImpl.invoke(DelegatingMethodAccessorImpl.java:43)
	at junitparams.internal.InvokeParameterisedMethod.evaluate(InvokeParameterisedMethod.java:102)
Caused by: ptolemy.kernel.util.IllegalActionException: Test fails in iteration 0.
Value was: &quot;WARNING: An illegal reflective access operation has occurred\nWARNING: Illegal reflective access by io.netty.util.internal.ReflectionUtil (file:/home/travis/build/icyphy/ptII/lib/netty-common-4.1.19.Final.jar) to constructor java.nio.DirectByteBuffer(long,int)\nWARNING: Please consider reporting this to the maintainers of io.netty.util.internal.ReflectionUtil\nWARNING: Use --illegal-access=warn to enable warnings of further illegal reflective access operations\nWARNING: All illegal access operations will be denied in a future release\n&quot;. Should have been: &quot;&quot;
  in .ExecRunDemos.Test
	at ptolemy.actor.lib.Test.fire(Test.java:268)
	at ptolemy.actor.AtomicActor.iterate(AtomicActor.java:512)
	at ptolemy.actor.sched.StaticSchedulingDirector.fire(StaticSchedulingDirector.java:216)
	at ptolemy.domains.sdf.kernel.SDFDirector.fire(SDFDirector.java:500)
	at ptolemy.actor.CompositeActor.fire(CompositeActor.java:455)
	at ptolemy.actor.Manager.iterate(Manager.java:851)
	at ptolemy.actor.Manager.execute(Manager.java:369)
	at ptolemy.actor.Manager.run(Manager.java:1263)
	at ptolemy.actor.Manager$PtolemyRunThread.run(Manager.java:1915)
</error>
  </testcase>
  <testcase classname="ptolemy.util.test.junit.AutoTests" name="[148] /home/travis/build/icyphy/ptII/ptolemy/actor/lib/test/auto/ExecStop.xml (RunModel)" time="5.035" />
  <testcase classname="ptolemy.util.test.junit.AutoTests" name="[149] /home/travis/build/icyphy/ptII/ptolemy/actor/lib/test/auto/ExecutionTimeSDF.xml (RunModel)" time="6.041" />
  <testcase classname="ptolemy.util.test.junit.AutoTests" name="[150] /home/travis/build/icyphy/ptII/ptolemy/actor/lib/test/auto/Expression1.xml (RunModel)" time="0.008" />
  <testcase classname="ptolemy.util.test.junit.AutoTests" name="[151] /home/travis/build/icyphy/ptII/ptolemy/actor/lib/test/auto/Expression10.xml (RunModel)" time="0.015" />
  <testcase classname="ptolemy.util.test.junit.AutoTests" name="[152] /home/travis/build/icyphy/ptII/ptolemy/actor/lib/test/auto/Expression11.xml (RunModel)" time="0.012" />
  <testcase classname="ptolemy.util.test.junit.AutoTests" name="[153] /home/travis/build/icyphy/ptII/ptolemy/actor/lib/test/auto/Expression12.xml (RunModel)" time="0.013" />
  <testcase classname="ptolemy.util.test.junit.AutoTests" name="[154] /home/travis/build/icyphy/ptII/ptolemy/actor/lib/test/auto/Expression13.xml (RunModel)" time="0.012" />
  <testcase classname="ptolemy.util.test.junit.AutoTests" name="[155] /home/travis/build/icyphy/ptII/ptolemy/actor/lib/test/auto/Expression14.xml (RunModel)" time="0.018" />
  <testcase classname="ptolemy.util.test.junit.AutoTests" name="[156] /home/travis/build/icyphy/ptII/ptolemy/actor/lib/test/auto/Expression15.xml (RunModel)" time="0.009" />
  <testcase classname="ptolemy.util.test.junit.AutoTests" name="[157] /home/travis/build/icyphy/ptII/ptolemy/actor/lib/test/auto/Expression16.xml (RunModel)" time="0.014" />
  <testcase classname="ptolemy.util.test.junit.AutoTests" name="[158] /home/travis/build/icyphy/ptII/ptolemy/actor/lib/test/auto/Expression17.xml (RunModel)" time="0.01" />
  <testcase classname="ptolemy.util.test.junit.AutoTests" name="[159] /home/travis/build/icyphy/ptII/ptolemy/actor/lib/test/auto/Expression18.xml (RunModel)" time="0.022" />
  <testcase classname="ptolemy.util.test.junit.AutoTests" name="[160] /home/travis/build/icyphy/ptII/ptolemy/actor/lib/test/auto/Expression2.xml (RunModel)" time="0.014" />
  <testcase classname="ptolemy.util.test.junit.AutoTests" name="[161] /home/travis/build/icyphy/ptII/ptolemy/actor/lib/test/auto/Expression3.xml (RunModel)" time="0.014" />
  <testcase classname="ptolemy.util.test.junit.AutoTests" name="[162] /home/travis/build/icyphy/ptII/ptolemy/actor/lib/test/auto/Expression4.xml (RunModel)" time="0.019" />
  <testcase classname="ptolemy.util.test.junit.AutoTests" name="[163] /home/travis/build/icyphy/ptII/ptolemy/actor/lib/test/auto/Expression5.xml (RunModel)" time="0.015" />
  <testcase classname="ptolemy.util.test.junit.AutoTests" name="[164] /home/travis/build/icyphy/ptII/ptolemy/actor/lib/test/auto/Expression6.xml (RunModel)" time="0.01" />
  <testcase classname="ptolemy.util.test.junit.AutoTests" name="[165] /home/travis/build/icyphy/ptII/ptolemy/actor/lib/test/auto/Expression7.xml (RunModel)" time="0.016" />
  <testcase classname="ptolemy.util.test.junit.AutoTests" name="[166] /home/travis/build/icyphy/ptII/ptolemy/actor/lib/test/auto/Expression8.xml (RunModel)" time="0.011" />
  <testcase classname="ptolemy.util.test.junit.AutoTests" name="[167] /home/travis/build/icyphy/ptII/ptolemy/actor/lib/test/auto/Expression9.xml (RunModel)" time="0.008" />
  <testcase classname="ptolemy.util.test.junit.AutoTests" name="[168] /home/travis/build/icyphy/ptII/ptolemy/actor/lib/test/auto/ExpressionConcatenateArrayType.xml (RunModel)" time="0.028" />
  <testcase classname="ptolemy.util.test.junit.AutoTests" name="[169] /home/travis/build/icyphy/ptII/ptolemy/actor/lib/test/auto/ExpressionConcatenateArrayType2.xml (RunModel)" time="0.022" />
  <testcase classname="ptolemy.util.test.junit.AutoTests" name="[170] /home/travis/build/icyphy/ptII/ptolemy/actor/lib/test/auto/ExpressionFix.xml (RunModel)" time="0.054" />
  <testcase classname="ptolemy.util.test.junit.AutoTests" name="[171] /home/travis/build/icyphy/ptII/ptolemy/actor/lib/test/auto/ExpressionFix2.xml (RunModel)" time="0.018" />
  <testcase classname="ptolemy.util.test.junit.AutoTests" name="[172] /home/travis/build/icyphy/ptII/ptolemy/actor/lib/test/auto/ExpressionFix3.xml (RunModel)" time="0.013" />
  <testcase classname="ptolemy.util.test.junit.AutoTests" name="[173] /home/travis/build/icyphy/ptII/ptolemy/actor/lib/test/auto/FileWriter1.xml (RunModel)" time="0.009" />
  <testcase classname="ptolemy.util.test.junit.AutoTests" name="[174] /home/travis/build/icyphy/ptII/ptolemy/actor/lib/test/auto/FileWriter2.xml (RunModel)" time="0.015" />
  <testcase classname="ptolemy.util.test.junit.AutoTests" name="[175] /home/travis/build/icyphy/ptII/ptolemy/actor/lib/test/auto/FileWriter3.xml (RunModel)" time="0.016" />
  <testcase classname="ptolemy.util.test.junit.AutoTests" name="[176] /home/travis/build/icyphy/ptII/ptolemy/actor/lib/test/auto/Gaussian.xml (RunModel)" time="0.013" />
  <testcase classname="ptolemy.util.test.junit.AutoTests" name="[177] /home/travis/build/icyphy/ptII/ptolemy/actor/lib/test/auto/Gaussian1.xml (RunModel)" time="0.014" />
  <testcase classname="ptolemy.util.test.junit.AutoTests" name="[178] /home/travis/build/icyphy/ptII/ptolemy/actor/lib/test/auto/Gaussian2.xml (RunModel)" time="0.027" />
  <testcase classname="ptolemy.util.test.junit.AutoTests" name="[179] /home/travis/build/icyphy/ptII/ptolemy/actor/lib/test/auto/GradientAdaptiveLattice.xml (RunModel)" time="0.019" />
  <testcase classname="ptolemy.util.test.junit.AutoTests" name="[180] /home/travis/build/icyphy/ptII/ptolemy/actor/lib/test/auto/IIR.xml (RunModel)" time="0.01" />
  <testcase classname="ptolemy.util.test.junit.AutoTests" name="[181] /home/travis/build/icyphy/ptII/ptolemy/actor/lib/test/auto/InputOutputTransparentPorts.xml (RunModel)" time="0.018" />
  <testcase classname="ptolemy.util.test.junit.AutoTests" name="[182] /home/travis/build/icyphy/ptII/ptolemy/actor/lib/test/auto/Interpolator.xml (RunModel)" time="0.013" />
  <testcase classname="ptolemy.util.test.junit.AutoTests" name="[183] /home/travis/build/icyphy/ptII/ptolemy/actor/lib/test/auto/InterpolatorFiringLimitDE.xml (RunModel)" time="0.014" />
  <testcase classname="ptolemy.util.test.junit.AutoTests" name="[184] /home/travis/build/icyphy/ptII/ptolemy/actor/lib/test/auto/Lattice.xml (RunModel)" time="0.01" />
  <testcase classname="ptolemy.util.test.junit.AutoTests" name="[185] /home/travis/build/icyphy/ptII/ptolemy/actor/lib/test/auto/LazyAOCTestLazy.xml (RunModel)" time="0.036" />
  <testcase classname="ptolemy.util.test.junit.AutoTests" name="[186] /home/travis/build/icyphy/ptII/ptolemy/actor/lib/test/auto/LazyAOCTestNonLazy.xml (RunModel)" time="0.044" />
  <testcase classname="ptolemy.util.test.junit.AutoTests" name="[187] /home/travis/build/icyphy/ptII/ptolemy/actor/lib/test/auto/LazyInnerClass.xml (RunModel)" time="0.035" />
  <testcase classname="ptolemy.util.test.junit.AutoTests" name="[188] /home/travis/build/icyphy/ptII/ptolemy/actor/lib/test/auto/LazyPubSub.xml (RunModel)" time="0.072" />
  <testcase classname="ptolemy.util.test.junit.AutoTests" name="[189] /home/travis/build/icyphy/ptII/ptolemy/actor/lib/test/auto/LazyPubSub2.xml (RunModel)" time="0.063" />
  <testcase classname="ptolemy.util.test.junit.AutoTests" name="[190] /home/travis/build/icyphy/ptII/ptolemy/actor/lib/test/auto/LazyPubSub3.xml (RunModel)" time="0.051" />
  <testcase classname="ptolemy.util.test.junit.AutoTests" name="[191] /home/travis/build/icyphy/ptII/ptolemy/actor/lib/test/auto/LazySubClassModel.xml (RunModel)" time="0.024" />
  <testcase classname="ptolemy.util.test.junit.AutoTests" name="[192] /home/travis/build/icyphy/ptII/ptolemy/actor/lib/test/auto/LevelCrossTest1.xml (RunModel)" time="0.01" />
  <testcase classname="ptolemy.util.test.junit.AutoTests" name="[193] /home/travis/build/icyphy/ptII/ptolemy/actor/lib/test/auto/LevelCrossTest10.xml (RunModel)" time="0.015" />
  <testcase classname="ptolemy.util.test.junit.AutoTests" name="[194] /home/travis/build/icyphy/ptII/ptolemy/actor/lib/test/auto/LevelCrossTest11.xml (RunModel)" time="0.017" />
  <testcase classname="ptolemy.util.test.junit.AutoTests" name="[195] /home/travis/build/icyphy/ptII/ptolemy/actor/lib/test/auto/LevelCrossTest12.xml (RunModel)" time="0.018" />
  <testcase classname="ptolemy.util.test.junit.AutoTests" name="[196] /home/travis/build/icyphy/ptII/ptolemy/actor/lib/test/auto/LevelCrossTest13.xml (RunModel)" time="0.014" />
  <testcase classname="ptolemy.util.test.junit.AutoTests" name="[197] /home/travis/build/icyphy/ptII/ptolemy/actor/lib/test/auto/LevelCrossTest2.xml (RunModel)" time="0.01" />
  <testcase classname="ptolemy.util.test.junit.AutoTests" name="[198] /home/travis/build/icyphy/ptII/ptolemy/actor/lib/test/auto/LevelCrossTest3.xml (RunModel)" time="0.012" />
  <testcase classname="ptolemy.util.test.junit.AutoTests" name="[199] /home/travis/build/icyphy/ptII/ptolemy/actor/lib/test/auto/LevelCrossTest4.xml (RunModel)" time="0.023" />
  <testcase classname="ptolemy.util.test.junit.AutoTests" name="[200] /home/travis/build/icyphy/ptII/ptolemy/actor/lib/test/auto/LevelCrossTest5.xml (RunModel)" time="0.021" />
  <testcase classname="ptolemy.util.test.junit.AutoTests" name="[201] /home/travis/build/icyphy/ptII/ptolemy/actor/lib/test/auto/LevelCrossTest6.xml (RunModel)" time="0.018" />
  <testcase classname="ptolemy.util.test.junit.AutoTests" name="[202] /home/travis/build/icyphy/ptII/ptolemy/actor/lib/test/auto/LevelCrossTest7.xml (RunModel)" time="0.018" />
  <testcase classname="ptolemy.util.test.junit.AutoTests" name="[203] /home/travis/build/icyphy/ptII/ptolemy/actor/lib/test/auto/LevelCrossTest8.xml (RunModel)" time="0.014" />
  <testcase classname="ptolemy.util.test.junit.AutoTests" name="[204] /home/travis/build/icyphy/ptII/ptolemy/actor/lib/test/auto/LevelCrossTest9.xml (RunModel)" time="0.016" />
  <testcase classname="ptolemy.util.test.junit.AutoTests" name="[205] /home/travis/build/icyphy/ptII/ptolemy/actor/lib/test/auto/LevinsonDurbin.xml (RunModel)" time="0.016" />
  <testcase classname="ptolemy.util.test.junit.AutoTests" name="[206] /home/travis/build/icyphy/ptII/ptolemy/actor/lib/test/auto/LevinsonDurbin2.xml (RunModel)" time="0.011" />
  <testcase classname="ptolemy.util.test.junit.AutoTests" name="[207] /home/travis/build/icyphy/ptII/ptolemy/actor/lib/test/auto/LevinsonDurbin3.xml (RunModel)" time="0.016" />
  <testcase classname="ptolemy.util.test.junit.AutoTests" name="[208] /home/travis/build/icyphy/ptII/ptolemy/actor/lib/test/auto/Limiter.xml (RunModel)" time="0.047" />
  <testcase classname="ptolemy.util.test.junit.AutoTests" name="[209] /home/travis/build/icyphy/ptII/ptolemy/actor/lib/test/auto/LinearDifferenceEquationSystem.xml (RunModel)" time="0.025" />
  <testcase classname="ptolemy.util.test.junit.AutoTests" name="[210] /home/travis/build/icyphy/ptII/ptolemy/actor/lib/test/auto/LookupTable.xml (RunModel)" time="0.012" />
  <testcase classname="ptolemy.util.test.junit.AutoTests" name="[211] /home/travis/build/icyphy/ptII/ptolemy/actor/lib/test/auto/MathFunction.xml (RunModel)" time="0.032" />
  <testcase classname="ptolemy.util.test.junit.AutoTests" name="[212] /home/travis/build/icyphy/ptII/ptolemy/actor/lib/test/auto/MathFunction2.xml (RunModel)" time="0.012" />
  <testcase classname="ptolemy.util.test.junit.AutoTests" name="[213] /home/travis/build/icyphy/ptII/ptolemy/actor/lib/test/auto/MathFunction3.xml (RunModel)" time="0.023" />
  <testcase classname="ptolemy.util.test.junit.AutoTests" name="[214] /home/travis/build/icyphy/ptII/ptolemy/actor/lib/test/auto/MatrixCropBoolean.xml (RunModel)" time="0.014" />
  <testcase classname="ptolemy.util.test.junit.AutoTests" name="[215] /home/travis/build/icyphy/ptII/ptolemy/actor/lib/test/auto/MatrixCropComplex.xml (RunModel)" time="0.012" />
  <testcase classname="ptolemy.util.test.junit.AutoTests" name="[216] /home/travis/build/icyphy/ptII/ptolemy/actor/lib/test/auto/MatrixCropDouble.xml (RunModel)" time="0.009" />
  <testcase classname="ptolemy.util.test.junit.AutoTests" name="[217] /home/travis/build/icyphy/ptII/ptolemy/actor/lib/test/auto/MatrixCropFix.xml (RunModel)" time="0.014" />
  <testcase classname="ptolemy.util.test.junit.AutoTests" name="[218] /home/travis/build/icyphy/ptII/ptolemy/actor/lib/test/auto/MatrixCropInt.xml (RunModel)" time="0.01" />
  <testcase classname="ptolemy.util.test.junit.AutoTests" name="[219] /home/travis/build/icyphy/ptII/ptolemy/actor/lib/test/auto/MatrixCropLong.xml (RunModel)" time="0.009" />
  <testcase classname="ptolemy.util.test.junit.AutoTests" name="[220] /home/travis/build/icyphy/ptII/ptolemy/actor/lib/test/auto/MatrixToArray.xml (RunModel)" time="0.066" />
  <testcase classname="ptolemy.util.test.junit.AutoTests" name="[221] /home/travis/build/icyphy/ptII/ptolemy/actor/lib/test/auto/MaxIndex.xml (RunModel)" time="0.018" />
  <testcase classname="ptolemy.util.test.junit.AutoTests" name="[222] /home/travis/build/icyphy/ptII/ptolemy/actor/lib/test/auto/Maximum.xml (RunModel)" time="0.013" />
  <testcase classname="ptolemy.util.test.junit.AutoTests" name="[223] /home/travis/build/icyphy/ptII/ptolemy/actor/lib/test/auto/MaximumComplex.xml (RunModel)" time="0.015" />
  <testcase classname="ptolemy.util.test.junit.AutoTests" name="[224] /home/travis/build/icyphy/ptII/ptolemy/actor/lib/test/auto/MethodCallTest.xml (RunModel)" time="0.021" />
  <testcase classname="ptolemy.util.test.junit.AutoTests" name="[225] /home/travis/build/icyphy/ptII/ptolemy/actor/lib/test/auto/Minimum.xml (RunModel)" time="0.017" />
  <testcase classname="ptolemy.util.test.junit.AutoTests" name="[226] /home/travis/build/icyphy/ptII/ptolemy/actor/lib/test/auto/MinimumComplex.xml (RunModel)" time="0.026" />
  <testcase classname="ptolemy.util.test.junit.AutoTests" name="[227] /home/travis/build/icyphy/ptII/ptolemy/actor/lib/test/auto/MinimumMultiports.xml (RunModel)" time="0.027" />
  <testcase classname="ptolemy.util.test.junit.AutoTests" name="[228] /home/travis/build/icyphy/ptII/ptolemy/actor/lib/test/auto/ModifyDate.xml (RunModel)" time="0.047" />
  <testcase classname="ptolemy.util.test.junit.AutoTests" name="[229] /home/travis/build/icyphy/ptII/ptolemy/actor/lib/test/auto/ModifyDate2.xml (RunModel)" time="0.028" />
  <testcase classname="ptolemy.util.test.junit.AutoTests" name="[230] /home/travis/build/icyphy/ptII/ptolemy/actor/lib/test/auto/MovingAverage.xml (RunModel)" time="0.012" />
  <testcase classname="ptolemy.util.test.junit.AutoTests" name="[231] /home/travis/build/icyphy/ptII/ptolemy/actor/lib/test/auto/MovingMaximum.xml (RunModel)" time="0.012" />
  <testcase classname="ptolemy.util.test.junit.AutoTests" name="[232] /home/travis/build/icyphy/ptII/ptolemy/actor/lib/test/auto/MultipleLinksToSameRelation.xml (RunModel)" time="0.007" />
  <testcase classname="ptolemy.util.test.junit.AutoTests" name="[233] /home/travis/build/icyphy/ptII/ptolemy/actor/lib/test/auto/MultipleLinksToSameRelationDE.xml (RunModel)" time="0.008" />
  <testcase classname="ptolemy.util.test.junit.AutoTests" name="[234] /home/travis/build/icyphy/ptII/ptolemy/actor/lib/test/auto/Multiplexor.xml (RunModel)" time="0.011" />
  <testcase classname="ptolemy.util.test.junit.AutoTests" name="[235] /home/travis/build/icyphy/ptII/ptolemy/actor/lib/test/auto/Multiplexor1.xml (RunModel)" time="0.012" />
  <testcase classname="ptolemy.util.test.junit.AutoTests" name="[236] /home/travis/build/icyphy/ptII/ptolemy/actor/lib/test/auto/Multiplexor2.xml (RunModel)" time="0.018" />
  <testcase classname="ptolemy.util.test.junit.AutoTests" name="[237] /home/travis/build/icyphy/ptII/ptolemy/actor/lib/test/auto/Multiplexor3.xml (RunModel)" time="0.009" />
  <testcase classname="ptolemy.util.test.junit.AutoTests" name="[238] /home/travis/build/icyphy/ptII/ptolemy/actor/lib/test/auto/MultiplexorDE.xml (RunModel)" time="0.018" />
  <testcase classname="ptolemy.util.test.junit.AutoTests" name="[239] /home/travis/build/icyphy/ptII/ptolemy/actor/lib/test/auto/MultiportBroadcastTest.xml (RunModel)" time="0.103" />
  <testcase classname="ptolemy.util.test.junit.AutoTests" name="[240] /home/travis/build/icyphy/ptII/ptolemy/actor/lib/test/auto/MultiportOutHangDuringGetWidth.xml (RunModel)" time="0.034" />
  <testcase classname="ptolemy.util.test.junit.AutoTests" name="[241] /home/travis/build/icyphy/ptII/ptolemy/actor/lib/test/auto/NilToken.xml (RunModel)" time="0.014" />
  <testcase classname="ptolemy.util.test.junit.AutoTests" name="[242] /home/travis/build/icyphy/ptII/ptolemy/actor/lib/test/auto/NilTokenNonStrictTest.xml (RunModel)" time="0.017" />
  <testcase classname="ptolemy.util.test.junit.AutoTests" name="[243] /home/travis/build/icyphy/ptII/ptolemy/actor/lib/test/auto/NilTokenRecord.xml (RunModel)" time="0.026" />
  <testcase classname="ptolemy.util.test.junit.AutoTests" name="[244] /home/travis/build/icyphy/ptII/ptolemy/actor/lib/test/auto/NilTokenTypeTest.xml (RunModel)" time="0.035" />
  <testcase classname="ptolemy.util.test.junit.AutoTests" name="[245] /home/travis/build/icyphy/ptII/ptolemy/actor/lib/test/auto/ObjectToken1.xml (RunModel)" time="0.008" />
  <testcase classname="ptolemy.util.test.junit.AutoTests" name="[246] /home/travis/build/icyphy/ptII/ptolemy/actor/lib/test/auto/OrderedMerge.xml (RunModel)" time="0.026" />
  <testcase classname="ptolemy.util.test.junit.AutoTests" name="[247] /home/travis/build/icyphy/ptII/ptolemy/actor/lib/test/auto/OrderedRecordDisassembler.xml (RunModel)" time="0.02" />
  <testcase classname="ptolemy.util.test.junit.AutoTests" name="[248] /home/travis/build/icyphy/ptII/ptolemy/actor/lib/test/auto/OrderedRecordDisassembler2.xml (RunModel)" time="0.02" />
  <testcase classname="ptolemy.util.test.junit.AutoTests" name="[249] /home/travis/build/icyphy/ptII/ptolemy/actor/lib/test/auto/OrderedRecordUpdater.xml (RunModel)" time="0.016" />
  <testcase classname="ptolemy.util.test.junit.AutoTests" name="[250] /home/travis/build/icyphy/ptII/ptolemy/actor/lib/test/auto/OrderedRecordUpdater2.xml (RunModel)" time="0.022" />
  <testcase classname="ptolemy.util.test.junit.AutoTests" name="[251] /home/travis/build/icyphy/ptII/ptolemy/actor/lib/test/auto/PhaseUnwrap.xml (RunModel)" time="0.015" />
  <testcase classname="ptolemy.util.test.junit.AutoTests" name="[252] /home/travis/build/icyphy/ptII/ptolemy/actor/lib/test/auto/PoissonClock.xml (RunModel)" time="0.011" />
  <testcase classname="ptolemy.util.test.junit.AutoTests" name="[253] /home/travis/build/icyphy/ptII/ptolemy/actor/lib/test/auto/PoissonClock2.xml (RunModel)" time="0.008" />
  <testcase classname="ptolemy.util.test.junit.AutoTests" name="[254] /home/travis/build/icyphy/ptII/ptolemy/actor/lib/test/auto/PoissonClock3.xml (RunModel)" time="0.025" />
  <testcase classname="ptolemy.util.test.junit.AutoTests" name="[255] /home/travis/build/icyphy/ptII/ptolemy/actor/lib/test/auto/PubSubWithInitialTokens.xml (RunModel)" time="0.011" />
  <testcase classname="ptolemy.util.test.junit.AutoTests" name="[256] /home/travis/build/icyphy/ptII/ptolemy/actor/lib/test/auto/PubSubWithInitialTokens2.xml (RunModel)" time="0.02" />
  <testcase classname="ptolemy.util.test.junit.AutoTests" name="[257] /home/travis/build/icyphy/ptII/ptolemy/actor/lib/test/auto/PublisherClassNoParameter.xml (RunModel)" time="0.024" />
  <testcase classname="ptolemy.util.test.junit.AutoTests" name="[258] /home/travis/build/icyphy/ptII/ptolemy/actor/lib/test/auto/PublisherClassParameter.xml (RunModel)" time="0.024" />
  <testcase classname="ptolemy.util.test.junit.AutoTests" name="[259] /home/travis/build/icyphy/ptII/ptolemy/actor/lib/test/auto/PublisherNonStrictTest.xml (RunModel)" time="0.016" />
  <testcase classname="ptolemy.util.test.junit.AutoTests" name="[260] /home/travis/build/icyphy/ptII/ptolemy/actor/lib/test/auto/PublisherPort1.xml (RunModel)" time="0.012" />
  <testcase classname="ptolemy.util.test.junit.AutoTests" name="[261] /home/travis/build/icyphy/ptII/ptolemy/actor/lib/test/auto/PublisherPort2.xml (RunModel)" time="0.022" />
  <testcase classname="ptolemy.util.test.junit.AutoTests" name="[262] /home/travis/build/icyphy/ptII/ptolemy/actor/lib/test/auto/PublisherPort3.xml (RunModel)" time="0.013" />
  <testcase classname="ptolemy.util.test.junit.AutoTests" name="[263] /home/travis/build/icyphy/ptII/ptolemy/actor/lib/test/auto/PublisherPort4.xml (RunModel)" time="0.012" />
  <testcase classname="ptolemy.util.test.junit.AutoTests" name="[264] /home/travis/build/icyphy/ptII/ptolemy/actor/lib/test/auto/PublisherPort5.xml (RunModel)" time="0.015" />
  <testcase classname="ptolemy.util.test.junit.AutoTests" name="[265] /home/travis/build/icyphy/ptII/ptolemy/actor/lib/test/auto/PublisherPort5LookAlike.xml (RunModel)" time="0.02" />
  <testcase classname="ptolemy.util.test.junit.AutoTests" name="[266] /home/travis/build/icyphy/ptII/ptolemy/actor/lib/test/auto/PublisherPort6.xml (RunModel)" time="0.012" />
  <testcase classname="ptolemy.util.test.junit.AutoTests" name="[267] /home/travis/build/icyphy/ptII/ptolemy/actor/lib/test/auto/PublisherPort7.xml (RunModel)" time="0.016" />
  <testcase classname="ptolemy.util.test.junit.AutoTests" name="[268] /home/travis/build/icyphy/ptII/ptolemy/actor/lib/test/auto/PublisherPort8.xml (RunModel)" time="0.018" />
  <testcase classname="ptolemy.util.test.junit.AutoTests" name="[269] /home/travis/build/icyphy/ptII/ptolemy/actor/lib/test/auto/PublisherPortSubscriberChannelVariablesAOC2.xml (RunModel)" time="0.045" />
  <testcase classname="ptolemy.util.test.junit.AutoTests" name="[270] /home/travis/build/icyphy/ptII/ptolemy/actor/lib/test/auto/PublisherPortSubscriberOpaqueWidthInference.xml (RunModel)" time="0.015" />
  <testcase classname="ptolemy.util.test.junit.AutoTests" name="[271] /home/travis/build/icyphy/ptII/ptolemy/actor/lib/test/auto/PublisherPortSubscriberPortAdjacent.xml (RunModel)" time="0.017" />
  <testcase classname="ptolemy.util.test.junit.AutoTests" name="[272] /home/travis/build/icyphy/ptII/ptolemy/actor/lib/test/auto/PublisherPortSubscriberPortExpression.xml (RunModel)" time="0.018" />
  <testcase classname="ptolemy.util.test.junit.AutoTests" name="[273] /home/travis/build/icyphy/ptII/ptolemy/actor/lib/test/auto/PublisherPortSubscriberPortOpaqueD3Reverse.xml (RunModel)" time="0.057" />
  <testcase classname="ptolemy.util.test.junit.AutoTests" name="[274] /home/travis/build/icyphy/ptII/ptolemy/actor/lib/test/auto/PublisherPortSubscriberPortOpaqueWidthInference.xml (RunModel)" time="0.015" />
  <testcase classname="ptolemy.util.test.junit.AutoTests" name="[275] /home/travis/build/icyphy/ptII/ptolemy/actor/lib/test/auto/PublisherPortToplevelSubscriberPortAOC.xml (RunModel)" time="0.009" />
  <testcase classname="ptolemy.util.test.junit.AutoTests" name="[276] /home/travis/build/icyphy/ptII/ptolemy/actor/lib/test/auto/PublisherSubscriber.xml (RunModel)" time="0.016" />
  <testcase classname="ptolemy.util.test.junit.AutoTests" name="[277] /home/travis/build/icyphy/ptII/ptolemy/actor/lib/test/auto/PublisherSubscriber10.xml (RunModel)" time="0.026" />
  <testcase classname="ptolemy.util.test.junit.AutoTests" name="[278] /home/travis/build/icyphy/ptII/ptolemy/actor/lib/test/auto/PublisherSubscriber10InitialOutputs.xml (RunModel)" time="0.035" />
  <testcase classname="ptolemy.util.test.junit.AutoTests" name="[279] /home/travis/build/icyphy/ptII/ptolemy/actor/lib/test/auto/PublisherSubscriber11.xml (RunModel)" time="0.014" />
  <testcase classname="ptolemy.util.test.junit.AutoTests" name="[280] /home/travis/build/icyphy/ptII/ptolemy/actor/lib/test/auto/PublisherSubscriber12.xml (RunModel)" time="0.021" />
  <testcase classname="ptolemy.util.test.junit.AutoTests" name="[281] /home/travis/build/icyphy/ptII/ptolemy/actor/lib/test/auto/PublisherSubscriber13.xml (RunModel)" time="0.012" />
  <testcase classname="ptolemy.util.test.junit.AutoTests" name="[282] /home/travis/build/icyphy/ptII/ptolemy/actor/lib/test/auto/PublisherSubscriber14.xml (RunModel)" time="0.023" />
  <testcase classname="ptolemy.util.test.junit.AutoTests" name="[283] /home/travis/build/icyphy/ptII/ptolemy/actor/lib/test/auto/PublisherSubscriber2.xml (RunModel)" time="0.011" />
  <testcase classname="ptolemy.util.test.junit.AutoTests" name="[284] /home/travis/build/icyphy/ptII/ptolemy/actor/lib/test/auto/PublisherSubscriber3.xml (RunModel)" time="0.01" />
  <testcase classname="ptolemy.util.test.junit.AutoTests" name="[285] /home/travis/build/icyphy/ptII/ptolemy/actor/lib/test/auto/PublisherSubscriber4.xml (RunModel)" time="0.019" />
  <testcase classname="ptolemy.util.test.junit.AutoTests" name="[286] /home/travis/build/icyphy/ptII/ptolemy/actor/lib/test/auto/PublisherSubscriber5.xml (RunModel)" time="0.014" />
  <testcase classname="ptolemy.util.test.junit.AutoTests" name="[287] /home/travis/build/icyphy/ptII/ptolemy/actor/lib/test/auto/PublisherSubscriber6.xml (RunModel)" time="0.016" />
  <testcase classname="ptolemy.util.test.junit.AutoTests" name="[288] /home/travis/build/icyphy/ptII/ptolemy/actor/lib/test/auto/PublisherSubscriber7.xml (RunModel)" time="0.024" />
  <testcase classname="ptolemy.util.test.junit.AutoTests" name="[289] /home/travis/build/icyphy/ptII/ptolemy/actor/lib/test/auto/PublisherSubscriber8.xml (RunModel)" time="0.046" />
  <testcase classname="ptolemy.util.test.junit.AutoTests" name="[290] /home/travis/build/icyphy/ptII/ptolemy/actor/lib/test/auto/PublisherSubscriber9.xml (RunModel)" time="0.016" />
  <testcase classname="ptolemy.util.test.junit.AutoTests" name="[291] /home/travis/build/icyphy/ptII/ptolemy/actor/lib/test/auto/PublisherSubscriberAdjacent.xml (RunModel)" time="0.016" />
  <testcase classname="ptolemy.util.test.junit.AutoTests" name="[292] /home/travis/build/icyphy/ptII/ptolemy/actor/lib/test/auto/PublisherSubscriberChannelVariablesAOC2.xml (RunModel)" time="0.034" />
  <testcase classname="ptolemy.util.test.junit.AutoTests" name="[293] /home/travis/build/icyphy/ptII/ptolemy/actor/lib/test/auto/PublisherSubscriberD3.xml (RunModel)" time="0.013" />
  <testcase classname="ptolemy.util.test.junit.AutoTests" name="[294] /home/travis/build/icyphy/ptII/ptolemy/actor/lib/test/auto/PublisherSubscriberD3Reverse.xml (RunModel)" time="0.01" />
  <testcase classname="ptolemy.util.test.junit.AutoTests" name="[295] /home/travis/build/icyphy/ptII/ptolemy/actor/lib/test/auto/PublisherSubscriberExpression.xml (RunModel)" time="0.018" />
  <testcase classname="ptolemy.util.test.junit.AutoTests" name="[296] /home/travis/build/icyphy/ptII/ptolemy/actor/lib/test/auto/PublisherSubscriberOpaque.xml (RunModel)" time="0.015" />
  <testcase classname="ptolemy.util.test.junit.AutoTests" name="[297] /home/travis/build/icyphy/ptII/ptolemy/actor/lib/test/auto/PublisherSubscriberOpaqueD3.xml (RunModel)" time="0.021" />
  <testcase classname="ptolemy.util.test.junit.AutoTests" name="[298] /home/travis/build/icyphy/ptII/ptolemy/actor/lib/test/auto/PublisherSubscriberOpaqueD3Reverse.xml (RunModel)" time="0.022" />
  <testcase classname="ptolemy.util.test.junit.AutoTests" name="[299] /home/travis/build/icyphy/ptII/ptolemy/actor/lib/test/auto/PublisherSubscriberOpaqueWidthInference.xml (RunModel)" time="0.015" />
  <testcase classname="ptolemy.util.test.junit.AutoTests" name="[300] /home/travis/build/icyphy/ptII/ptolemy/actor/lib/test/auto/PublisherTestSubscriber.xml (RunModel)" time="0.015" />
  <testcase classname="ptolemy.util.test.junit.AutoTests" name="[301] /home/travis/build/icyphy/ptII/ptolemy/actor/lib/test/auto/PublisherToplevelSubscriberPortAOC.xml (RunModel)" time="0.01" />
  <testcase classname="ptolemy.util.test.junit.AutoTests" name="[302] /home/travis/build/icyphy/ptII/ptolemy/actor/lib/test/auto/PulseFiringLimitDE.xml (RunModel)" time="0.015" />
  <testcase classname="ptolemy.util.test.junit.AutoTests" name="[303] /home/travis/build/icyphy/ptII/ptolemy/actor/lib/test/auto/Ramp1.xml (RunModel)" time="0.007" />
  <testcase classname="ptolemy.util.test.junit.AutoTests" name="[304] /home/travis/build/icyphy/ptII/ptolemy/actor/lib/test/auto/RampFiringLimitDE.xml (RunModel)" time="0.013" />
  <testcase classname="ptolemy.util.test.junit.AutoTests" name="[305] /home/travis/build/icyphy/ptII/ptolemy/actor/lib/test/auto/RampFiringLimitSDF.xml (RunModel)" time="0.01" />
  <testcase classname="ptolemy.util.test.junit.AutoTests" name="[306] /home/travis/build/icyphy/ptII/ptolemy/actor/lib/test/auto/RandomInteger.xml (RunModel)" time="0.008" />
  <testcase classname="ptolemy.util.test.junit.AutoTests" name="[307] /home/travis/build/icyphy/ptII/ptolemy/actor/lib/test/auto/ReadFile1.xml (RunModel)" time="0.008" />
  <testcase classname="ptolemy.util.test.junit.AutoTests" name="[308] /home/travis/build/icyphy/ptII/ptolemy/actor/lib/test/auto/ReadFile2.xml (RunModel)" time="0.007" />
  <testcase classname="ptolemy.util.test.junit.AutoTests" name="[309] /home/travis/build/icyphy/ptII/ptolemy/actor/lib/test/auto/Reader.xml (RunModel)" time="0.012" />
  <testcase classname="ptolemy.util.test.junit.AutoTests" name="[310] /home/travis/build/icyphy/ptII/ptolemy/actor/lib/test/auto/RecordAssemblerDisplayNameTest.xml (RunModel)" time="3.418" />
  <testcase classname="ptolemy.util.test.junit.AutoTests" name="[311] /home/travis/build/icyphy/ptII/ptolemy/actor/lib/test/auto/RecordAssemblerTypeError.xml (RunModel)" time="0.06" />
  <testcase classname="ptolemy.util.test.junit.AutoTests" name="[312] /home/travis/build/icyphy/ptII/ptolemy/actor/lib/test/auto/RecordDisassember.xml (RunModel)" time="0.011" />
  <testcase classname="ptolemy.util.test.junit.AutoTests" name="[313] /home/travis/build/icyphy/ptII/ptolemy/actor/lib/test/auto/RecordDisassemberDisplayNameTest.xml (RunModel)" time="0.028" />
  <testcase classname="ptolemy.util.test.junit.AutoTests" name="[314] /home/travis/build/icyphy/ptII/ptolemy/actor/lib/test/auto/RecordDisassembler.xml (RunModel)" time="0.013" />
  <testcase classname="ptolemy.util.test.junit.AutoTests" name="[315] /home/travis/build/icyphy/ptII/ptolemy/actor/lib/test/auto/RecordDisassembler2.xml (RunModel)" time="0.009" />
  <testcase classname="ptolemy.util.test.junit.AutoTests" name="[316] /home/travis/build/icyphy/ptII/ptolemy/actor/lib/test/auto/RecordUpdater.xml (RunModel)" time="0.009" />
  <testcase classname="ptolemy.util.test.junit.AutoTests" name="[317] /home/travis/build/icyphy/ptII/ptolemy/actor/lib/test/auto/RecordUpdater2.xml (RunModel)" time="0.009" />
  <testcase classname="ptolemy.util.test.junit.AutoTests" name="[318] /home/travis/build/icyphy/ptII/ptolemy/actor/lib/test/auto/RecursiveLattice.xml (RunModel)" time="0.008" />
  <testcase classname="ptolemy.util.test.junit.AutoTests" name="[319] /home/travis/build/icyphy/ptII/ptolemy/actor/lib/test/auto/Router.xml (RunModel)" time="3.024" />
  <testcase classname="ptolemy.util.test.junit.AutoTests" name="[320] /home/travis/build/icyphy/ptII/ptolemy/actor/lib/test/auto/Router2.xml (RunModel)" time="3.047" />
  <testcase classname="ptolemy.util.test.junit.AutoTests" name="[321] /home/travis/build/icyphy/ptII/ptolemy/actor/lib/test/auto/RunningMaximum.xml (RunModel)" time="0.021" />
  <testcase classname="ptolemy.util.test.junit.AutoTests" name="[322] /home/travis/build/icyphy/ptII/ptolemy/actor/lib/test/auto/RunningMinimum.xml (RunModel)" time="0.025" />
  <testcase classname="ptolemy.util.test.junit.AutoTests" name="[323] /home/travis/build/icyphy/ptII/ptolemy/actor/lib/test/auto/Scale.xml (RunModel)" time="0.01" />
  <testcase classname="ptolemy.util.test.junit.AutoTests" name="[324] /home/travis/build/icyphy/ptII/ptolemy/actor/lib/test/auto/Scale2.xml (RunModel)" time="0.01" />
  <testcase classname="ptolemy.util.test.junit.AutoTests" name="[325] /home/travis/build/icyphy/ptII/ptolemy/actor/lib/test/auto/Scale3.xml (RunModel)" time="0.013" />
  <testcase classname="ptolemy.util.test.junit.AutoTests" name="[326] /home/travis/build/icyphy/ptII/ptolemy/actor/lib/test/auto/ScaleArray.xml (RunModel)" time="0.007" />
  <testcase classname="ptolemy.util.test.junit.AutoTests" name="[327] /home/travis/build/icyphy/ptII/ptolemy/actor/lib/test/auto/ScaleArray2.xml (RunModel)" time="0.009" />
  <testcase classname="ptolemy.util.test.junit.AutoTests" name="[328] /home/travis/build/icyphy/ptII/ptolemy/actor/lib/test/auto/ScaleMatrix.xml (RunModel)" time="0.187" />
  <testcase classname="ptolemy.util.test.junit.AutoTests" name="[329] /home/travis/build/icyphy/ptII/ptolemy/actor/lib/test/auto/Select.xml (RunModel)" time="0.014" />
  <testcase classname="ptolemy.util.test.junit.AutoTests" name="[330] /home/travis/build/icyphy/ptII/ptolemy/actor/lib/test/auto/Select2.xml (RunModel)" time="0.008" />
  <testcase classname="ptolemy.util.test.junit.AutoTests" name="[331] /home/travis/build/icyphy/ptII/ptolemy/actor/lib/test/auto/SequenceToArray2.xml (RunModel)" time="0.14" />
  <testcase classname="ptolemy.util.test.junit.AutoTests" name="[332] /home/travis/build/icyphy/ptII/ptolemy/actor/lib/test/auto/SequentialClock.xml (RunModel)" time="0.01" />
  <testcase classname="ptolemy.util.test.junit.AutoTests" name="[333] /home/travis/build/icyphy/ptII/ptolemy/actor/lib/test/auto/SetVariable.xml (RunModel)" time="0.01" />
  <testcase classname="ptolemy.util.test.junit.AutoTests" name="[334] /home/travis/build/icyphy/ptII/ptolemy/actor/lib/test/auto/SetVariable2.xml (RunModel)" time="0.01" />
  <testcase classname="ptolemy.util.test.junit.AutoTests" name="[335] /home/travis/build/icyphy/ptII/ptolemy/actor/lib/test/auto/SetVariable3.xml (RunModel)" time="0.017" />
  <testcase classname="ptolemy.util.test.junit.AutoTests" name="[336] /home/travis/build/icyphy/ptII/ptolemy/actor/lib/test/auto/SetVariable4.xml (RunModel)" time="0.033" />
  <testcase classname="ptolemy.util.test.junit.AutoTests" name="[337] /home/travis/build/icyphy/ptII/ptolemy/actor/lib/test/auto/SetVariable5.xml (RunModel)" time="0.029" />
  <testcase classname="ptolemy.util.test.junit.AutoTests" name="[338] /home/travis/build/icyphy/ptII/ptolemy/actor/lib/test/auto/Sinewave.xml (RunModel)" time="0.027" />
  <testcase classname="ptolemy.util.test.junit.AutoTests" name="[339] /home/travis/build/icyphy/ptII/ptolemy/actor/lib/test/auto/Sinewave2.xml (RunModel)" time="0.019" />
  <testcase classname="ptolemy.util.test.junit.AutoTests" name="[340] /home/travis/build/icyphy/ptII/ptolemy/actor/lib/test/auto/Sinewave3.xml (RunModel)" time="0.017" />
  <testcase classname="ptolemy.util.test.junit.AutoTests" name="[341] /home/travis/build/icyphy/ptII/ptolemy/actor/lib/test/auto/SingleEvent.xml (RunModel)" time="0.008" />
  <testcase classname="ptolemy.util.test.junit.AutoTests" name="[342] /home/travis/build/icyphy/ptII/ptolemy/actor/lib/test/auto/Sleep.xml (RunModel)" time="6.014" />
  <testcase classname="ptolemy.util.test.junit.AutoTests" name="[343] /home/travis/build/icyphy/ptII/ptolemy/actor/lib/test/auto/SleepMultipleFire.xml (RunModel)" time="1.017" />
  <testcase classname="ptolemy.util.test.junit.AutoTests" name="[344] /home/travis/build/icyphy/ptII/ptolemy/actor/lib/test/auto/StopDE.xml (RunModel)" time="0.017" />
  <testcase classname="ptolemy.util.test.junit.AutoTests" name="[345] /home/travis/build/icyphy/ptII/ptolemy/actor/lib/test/auto/StopSDF.xml (RunModel)" time="0.012" />
  <testcase classname="ptolemy.util.test.junit.AutoTests" name="[346] /home/travis/build/icyphy/ptII/ptolemy/actor/lib/test/auto/StringConstant.xml (RunModel)" time="0.015" />
  <testcase classname="ptolemy.util.test.junit.AutoTests" name="[347] /home/travis/build/icyphy/ptII/ptolemy/actor/lib/test/auto/SubscriberPortInitialValues1.xml (RunModel)" time="0.021" />
  <testcase classname="ptolemy.util.test.junit.AutoTests" name="[348] /home/travis/build/icyphy/ptII/ptolemy/actor/lib/test/auto/SubscriberPortInitialValues13.xml (RunModel)" time="0.025" />
  <testcase classname="ptolemy.util.test.junit.AutoTests" name="[349] /home/travis/build/icyphy/ptII/ptolemy/actor/lib/test/auto/SubscriberPortInitialValues14.xml (RunModel)" time="0.015" />
  <testcase classname="ptolemy.util.test.junit.AutoTests" name="[350] /home/travis/build/icyphy/ptII/ptolemy/actor/lib/test/auto/SubscriberPortInitialValues2.xml (RunModel)" time="0.018" />
  <testcase classname="ptolemy.util.test.junit.AutoTests" name="[351] /home/travis/build/icyphy/ptII/ptolemy/actor/lib/test/auto/SubscriberPortInitialValues3.xml (RunModel)" time="0.022" />
  <testcase classname="ptolemy.util.test.junit.AutoTests" name="[352] /home/travis/build/icyphy/ptII/ptolemy/actor/lib/test/auto/SubscriptionAggregator.xml (RunModel)" time="0.012" />
  <testcase classname="ptolemy.util.test.junit.AutoTests" name="[353] /home/travis/build/icyphy/ptII/ptolemy/actor/lib/test/auto/SubscriptionAggregator2.xml (RunModel)" time="0.013" />
  <testcase classname="ptolemy.util.test.junit.AutoTests" name="[354] /home/travis/build/icyphy/ptII/ptolemy/actor/lib/test/auto/SubscriptionAggregator3.xml (RunModel)" time="0.017" />
  <testcase classname="ptolemy.util.test.junit.AutoTests" name="[355] /home/travis/build/icyphy/ptII/ptolemy/actor/lib/test/auto/SubscriptionAggregatorMultiply.xml (RunModel)" time="0.021" />
  <testcase classname="ptolemy.util.test.junit.AutoTests" name="[356] /home/travis/build/icyphy/ptII/ptolemy/actor/lib/test/auto/SubscriptionAggregatorPortMultiply1.xml (RunModel)" time="0.019" />
  <testcase classname="ptolemy.util.test.junit.AutoTests" name="[357] /home/travis/build/icyphy/ptII/ptolemy/actor/lib/test/auto/Switch.xml (RunModel)" time="0.018" />
  <testcase classname="ptolemy.util.test.junit.AutoTests" name="[358] /home/travis/build/icyphy/ptII/ptolemy/actor/lib/test/auto/Switch2.xml (RunModel)" time="0.019" />
  <testcase classname="ptolemy.util.test.junit.AutoTests" name="[359] /home/travis/build/icyphy/ptII/ptolemy/actor/lib/test/auto/SwitchDE.xml (RunModel)" time="0.018" />
  <testcase classname="ptolemy.util.test.junit.AutoTests" name="[360] /home/travis/build/icyphy/ptII/ptolemy/actor/lib/test/auto/SynchronizerDE.xml (RunModel)" time="0.021" />
  <testcase classname="ptolemy.util.test.junit.AutoTests" name="[361] /home/travis/build/icyphy/ptII/ptolemy/actor/lib/test/auto/Test.xml (RunModel)" time="0.017" />
  <testcase classname="ptolemy.util.test.junit.AutoTests" name="[362] /home/travis/build/icyphy/ptII/ptolemy/actor/lib/test/auto/TestExceptionAttribute1.xml (RunModel)" time="0.008" />
  <testcase classname="ptolemy.util.test.junit.AutoTests" name="[363] /home/travis/build/icyphy/ptII/ptolemy/actor/lib/test/auto/TestExceptionAttribute2.xml (RunModel)" time="0.008" />
  <testcase classname="ptolemy.util.test.junit.AutoTests" name="[364] /home/travis/build/icyphy/ptII/ptolemy/actor/lib/test/auto/TestExceptionAttribute3.xml (RunModel)" time="0.006" />
  <testcase classname="ptolemy.util.test.junit.AutoTests" name="[365] /home/travis/build/icyphy/ptII/ptolemy/actor/lib/test/auto/TestExceptionAttribute4.xml (RunModel)" time="0.007" />
  <testcase classname="ptolemy.util.test.junit.AutoTests" name="[366] /home/travis/build/icyphy/ptII/ptolemy/actor/lib/test/auto/TestExceptionHandler1.xml (RunModel)" time="0.009" />
  <testcase classname="ptolemy.util.test.junit.AutoTests" name="[367] /home/travis/build/icyphy/ptII/ptolemy/actor/lib/test/auto/TestExceptionHandler2.xml (RunModel)" time="0.017" />
  <testcase classname="ptolemy.util.test.junit.AutoTests" name="[368] /home/travis/build/icyphy/ptII/ptolemy/actor/lib/test/auto/TestExceptionHandler3.xml (RunModel)" time="0.006" />
  <testcase classname="ptolemy.util.test.junit.AutoTests" name="[369] /home/travis/build/icyphy/ptII/ptolemy/actor/lib/test/auto/TestExceptionHandler4.xml (RunModel)" time="0.006" />
  <testcase classname="ptolemy.util.test.junit.AutoTests" name="[370] /home/travis/build/icyphy/ptII/ptolemy/actor/lib/test/auto/TestRequireCorrectOrder.xml (RunModel)" time="0.009" />
  <testcase classname="ptolemy.util.test.junit.AutoTests" name="[371] /home/travis/build/icyphy/ptII/ptolemy/actor/lib/test/auto/TestSimple.xml (RunModel)" time="0.007" />
  <testcase classname="ptolemy.util.test.junit.AutoTests" name="[372] /home/travis/build/icyphy/ptII/ptolemy/actor/lib/test/auto/ThrowModelError.xml (RunModel)" time="0.011" />
  <testcase classname="ptolemy.util.test.junit.AutoTests" name="[373] /home/travis/build/icyphy/ptII/ptolemy/actor/lib/test/auto/TimeDelayMicrosteps.xml (RunModel)" time="0.016" />
  <testcase classname="ptolemy.util.test.junit.AutoTests" name="[374] /home/travis/build/icyphy/ptII/ptolemy/actor/lib/test/auto/TimeDelayMicrosteps2.xml (RunModel)" time="0.015" />
  <testcase classname="ptolemy.util.test.junit.AutoTests" name="[375] /home/travis/build/icyphy/ptII/ptolemy/actor/lib/test/auto/TimeDelayMicrosteps3.xml (RunModel)" time="0.012" />
  <testcase classname="ptolemy.util.test.junit.AutoTests" name="[376] /home/travis/build/icyphy/ptII/ptolemy/actor/lib/test/auto/TimeDelayVariableMicrosteps.xml (RunModel)" time="0.012" />
  <testcase classname="ptolemy.util.test.junit.AutoTests" name="[377] /home/travis/build/icyphy/ptII/ptolemy/actor/lib/test/auto/TimeGap.xml (RunModel)" time="0.02" />
  <testcase classname="ptolemy.util.test.junit.AutoTests" name="[378] /home/travis/build/icyphy/ptII/ptolemy/actor/lib/test/auto/TimeGap2.xml (RunModel)" time="0.014" />
  <testcase classname="ptolemy.util.test.junit.AutoTests" name="[379] /home/travis/build/icyphy/ptII/ptolemy/actor/lib/test/auto/TimedSinewave.xml (RunModel)" time="0.056" />
  <testcase classname="ptolemy.util.test.junit.AutoTests" name="[380] /home/travis/build/icyphy/ptII/ptolemy/actor/lib/test/auto/TimedSinewavePhase.xml (RunModel)" time="0.039" />
  <testcase classname="ptolemy.util.test.junit.AutoTests" name="[381] /home/travis/build/icyphy/ptII/ptolemy/actor/lib/test/auto/Timer.xml (RunModel)" time="0.017" />
  <testcase classname="ptolemy.util.test.junit.AutoTests" name="[382] /home/travis/build/icyphy/ptII/ptolemy/actor/lib/test/auto/TriangularDistTestModel.xml (RunModel)" time="0.018" />
  <testcase classname="ptolemy.util.test.junit.AutoTests" name="[383] /home/travis/build/icyphy/ptII/ptolemy/actor/lib/test/auto/TrigFunction.xml (RunModel)" time="0.012" />
  <testcase classname="ptolemy.util.test.junit.AutoTests" name="[384] /home/travis/build/icyphy/ptII/ptolemy/actor/lib/test/auto/TrigFunctionDE.xml (RunModel)" time="0.012" />
  <testcase classname="ptolemy.util.test.junit.AutoTests" name="[385] /home/travis/build/icyphy/ptII/ptolemy/actor/lib/test/auto/TrigFunctionInverse.xml (RunModel)" time="0.01" />
  <testcase classname="ptolemy.util.test.junit.AutoTests" name="[386] /home/travis/build/icyphy/ptII/ptolemy/actor/lib/test/auto/TrigFunctionTan.xml (RunModel)" time="0.007" />
  <testcase classname="ptolemy.util.test.junit.AutoTests" name="[387] /home/travis/build/icyphy/ptII/ptolemy/actor/lib/test/auto/TriggeredClock.xml (RunModel)" time="0.008" />
  <testcase classname="ptolemy.util.test.junit.AutoTests" name="[388] /home/travis/build/icyphy/ptII/ptolemy/actor/lib/test/auto/URLDirectoryReader.xml (RunModel)" time="0.146" />
  <testcase classname="ptolemy.util.test.junit.AutoTests" name="[389] /home/travis/build/icyphy/ptII/ptolemy/actor/lib/test/auto/URLDirectoryReader3.xml (RunModel)" time="1.368" />
  <testcase classname="ptolemy.util.test.junit.AutoTests" name="[390] /home/travis/build/icyphy/ptII/ptolemy/actor/lib/test/auto/UnaryMathFunction.xml (RunModel)" time="0.028" />
  <testcase classname="ptolemy.util.test.junit.AutoTests" name="[391] /home/travis/build/icyphy/ptII/ptolemy/actor/lib/test/auto/Uniform.xml (RunModel)" time="0.01" />
  <testcase classname="ptolemy.util.test.junit.AutoTests" name="[392] /home/travis/build/icyphy/ptII/ptolemy/actor/lib/test/auto/UnionDisassemblerTest.xml (RunModel)" time="0.011" />
  <testcase classname="ptolemy.util.test.junit.AutoTests" name="[393] /home/travis/build/icyphy/ptII/ptolemy/actor/lib/test/auto/UtilityFunctions.xml (RunModel)" time="0.008" />
  <testcase classname="ptolemy.util.test.junit.AutoTests" name="[394] /home/travis/build/icyphy/ptII/ptolemy/actor/lib/test/auto/VariableSleep.xml (RunModel)" time="0.513" />
  <testcase classname="ptolemy.util.test.junit.AutoTests" name="[395] /home/travis/build/icyphy/ptII/ptolemy/actor/lib/test/auto/VectorAssemblerDisassemblerCT.xml (RunModel)" time="0.116" />
  <testcase classname="ptolemy.util.test.junit.AutoTests" name="[396] /home/travis/build/icyphy/ptII/ptolemy/actor/lib/test/auto/VectorAssemblerDisassemblerDE.xml (RunModel)" time="0.015" />
  <testcase classname="ptolemy.util.test.junit.AutoTests" name="[397] /home/travis/build/icyphy/ptII/ptolemy/actor/lib/test/auto/VectorAssemblerDisassemblerSDF.xml (RunModel)" time="0.012" />
  <testcase classname="ptolemy.util.test.junit.AutoTests" name="[398] /home/travis/build/icyphy/ptII/ptolemy/actor/lib/test/auto/WallClockTime.xml (RunModel)" time="1.019" />
  <testcase classname="ptolemy.util.test.junit.AutoTests" name="[399] /home/travis/build/icyphy/ptII/ptolemy/actor/lib/test/auto/WidthTestWithSubscriberPublisher.xml (RunModel)" time="0.054" />
  <testcase classname="ptolemy.util.test.junit.AutoTests" name="[400] /home/travis/build/icyphy/ptII/ptolemy/actor/lib/test/auto/WidthTestWithSubscriberPublisher2.xml (RunModel)" time="0.013" />
  <testcase classname="ptolemy.util.test.junit.AutoTests" name="[401] /home/travis/build/icyphy/ptII/ptolemy/actor/lib/test/auto/WidthTestWithSubscriberPublisher3.xml (RunModel)" time="0.012" />
  <testcase classname="ptolemy.util.test.junit.AutoTests" name="[402] /home/travis/build/icyphy/ptII/ptolemy/actor/lib/test/auto/Writer.xml (RunModel)" time="0.008" />
  <testcase classname="ptolemy.util.test.junit.AutoTests" name="[403] /home/travis/build/icyphy/ptII/ptolemy/actor/lib/test/auto/array.xml (RunModel)" time="0.009" />
  <testcase classname="ptolemy.util.test.junit.AutoTests" name="[404] /home/travis/build/icyphy/ptII/ptolemy/actor/lib/test/auto/array2.xml (RunModel)" time="0.028" />
  <testcase classname="ptolemy.util.test.junit.AutoTests" name="[405] /home/travis/build/icyphy/ptII/ptolemy/actor/lib/test/auto/arrayType.xml (RunModel)" time="0.011" />
  <testcase classname="ptolemy.util.test.junit.AutoTests" name="[406] /home/travis/build/icyphy/ptII/ptolemy/actor/lib/test/auto/arrayType10.xml (RunModel)" time="0.008" />
  <testcase classname="ptolemy.util.test.junit.AutoTests" name="[407] /home/travis/build/icyphy/ptII/ptolemy/actor/lib/test/auto/arrayType11.xml (RunModel)" time="0.009" />
  <testcase classname="ptolemy.util.test.junit.AutoTests" name="[408] /home/travis/build/icyphy/ptII/ptolemy/actor/lib/test/auto/arrayType12.xml (RunModel)" time="0.009" />
  <testcase classname="ptolemy.util.test.junit.AutoTests" name="[409] /home/travis/build/icyphy/ptII/ptolemy/actor/lib/test/auto/arrayType13.xml (RunModel)" time="0.009" />
  <testcase classname="ptolemy.util.test.junit.AutoTests" name="[410] /home/travis/build/icyphy/ptII/ptolemy/actor/lib/test/auto/arrayType14.xml (RunModel)" time="0.009" />
  <testcase classname="ptolemy.util.test.junit.AutoTests" name="[411] /home/travis/build/icyphy/ptII/ptolemy/actor/lib/test/auto/arrayType15.xml (RunModel)" time="0.013" />
  <testcase classname="ptolemy.util.test.junit.AutoTests" name="[412] /home/travis/build/icyphy/ptII/ptolemy/actor/lib/test/auto/arrayType16.xml (RunModel)" time="0.01" />
  <testcase classname="ptolemy.util.test.junit.AutoTests" name="[413] /home/travis/build/icyphy/ptII/ptolemy/actor/lib/test/auto/arrayType17.xml (RunModel)" time="0.009" />
  <testcase classname="ptolemy.util.test.junit.AutoTests" name="[414] /home/travis/build/icyphy/ptII/ptolemy/actor/lib/test/auto/arrayType18.xml (RunModel)" time="0.026" />
  <testcase classname="ptolemy.util.test.junit.AutoTests" name="[415] /home/travis/build/icyphy/ptII/ptolemy/actor/lib/test/auto/arrayType19.xml (RunModel)" time="0.034" />
  <testcase classname="ptolemy.util.test.junit.AutoTests" name="[416] /home/travis/build/icyphy/ptII/ptolemy/actor/lib/test/auto/arrayType2.xml (RunModel)" time="0.033" />
  <testcase classname="ptolemy.util.test.junit.AutoTests" name="[417] /home/travis/build/icyphy/ptII/ptolemy/actor/lib/test/auto/arrayType20.xml (RunModel)" time="0.01" />
  <testcase classname="ptolemy.util.test.junit.AutoTests" name="[418] /home/travis/build/icyphy/ptII/ptolemy/actor/lib/test/auto/arrayType21.xml (RunModel)" time="0.01" />
  <testcase classname="ptolemy.util.test.junit.AutoTests" name="[419] /home/travis/build/icyphy/ptII/ptolemy/actor/lib/test/auto/arrayType22.xml (RunModel)" time="0.008" />
  <testcase classname="ptolemy.util.test.junit.AutoTests" name="[420] /home/travis/build/icyphy/ptII/ptolemy/actor/lib/test/auto/arrayType23.xml (RunModel)" time="0.009" />
  <testcase classname="ptolemy.util.test.junit.AutoTests" name="[421] /home/travis/build/icyphy/ptII/ptolemy/actor/lib/test/auto/arrayType24.xml (RunModel)" time="0.009" />
  <testcase classname="ptolemy.util.test.junit.AutoTests" name="[422] /home/travis/build/icyphy/ptII/ptolemy/actor/lib/test/auto/arrayType25.xml (RunModel)" time="0.011" />
  <testcase classname="ptolemy.util.test.junit.AutoTests" name="[423] /home/travis/build/icyphy/ptII/ptolemy/actor/lib/test/auto/arrayType26.xml (RunModel)" time="0.009" />
  <testcase classname="ptolemy.util.test.junit.AutoTests" name="[424] /home/travis/build/icyphy/ptII/ptolemy/actor/lib/test/auto/arrayType27.xml (RunModel)" time="0.011" />
  <testcase classname="ptolemy.util.test.junit.AutoTests" name="[425] /home/travis/build/icyphy/ptII/ptolemy/actor/lib/test/auto/arrayType28.xml (RunModel)" time="0.024" />
  <testcase classname="ptolemy.util.test.junit.AutoTests" name="[426] /home/travis/build/icyphy/ptII/ptolemy/actor/lib/test/auto/arrayType3.xml (RunModel)" time="0.065" />
  <testcase classname="ptolemy.util.test.junit.AutoTests" name="[427] /home/travis/build/icyphy/ptII/ptolemy/actor/lib/test/auto/arrayType4.xml (RunModel)" time="0.036" />
  <testcase classname="ptolemy.util.test.junit.AutoTests" name="[428] /home/travis/build/icyphy/ptII/ptolemy/actor/lib/test/auto/arrayType5.xml (RunModel)" time="0.033" />
  <testcase classname="ptolemy.util.test.junit.AutoTests" name="[429] /home/travis/build/icyphy/ptII/ptolemy/actor/lib/test/auto/arrayType6.xml (RunModel)" time="0.022" />
  <testcase classname="ptolemy.util.test.junit.AutoTests" name="[430] /home/travis/build/icyphy/ptII/ptolemy/actor/lib/test/auto/arrayType7.xml (RunModel)" time="0.009" />
  <testcase classname="ptolemy.util.test.junit.AutoTests" name="[431] /home/travis/build/icyphy/ptII/ptolemy/actor/lib/test/auto/arrayType8.xml (RunModel)" time="0.014" />
  <testcase classname="ptolemy.util.test.junit.AutoTests" name="[432] /home/travis/build/icyphy/ptII/ptolemy/actor/lib/test/auto/arrayType9.xml (RunModel)" time="0.008" />
  <testcase classname="ptolemy.util.test.junit.AutoTests" name="[433] /home/travis/build/icyphy/ptII/ptolemy/actor/lib/test/auto/cast.xml (RunModel)" time="0.008" />
  <testcase classname="ptolemy.util.test.junit.AutoTests" name="[434] /home/travis/build/icyphy/ptII/ptolemy/actor/lib/test/auto/compositeMultiPort.xml (RunModel)" time="0.016" />
  <testcase classname="ptolemy.util.test.junit.AutoTests" name="[435] /home/travis/build/icyphy/ptII/ptolemy/actor/lib/test/auto/expressionCastInference.xml (RunModel)" time="0.008" />
  <testcase classname="ptolemy.util.test.junit.AutoTests" name="[436] /home/travis/build/icyphy/ptII/ptolemy/actor/lib/test/auto/expressionCastInference2.xml (RunModel)" time="0.007" />
  <testcase classname="ptolemy.util.test.junit.AutoTests" name="[437] /home/travis/build/icyphy/ptII/ptolemy/actor/lib/test/auto/expressionInference.xml (RunModel)" time="0.007" />
  <testcase classname="ptolemy.util.test.junit.AutoTests" name="[438] /home/travis/build/icyphy/ptII/ptolemy/actor/lib/test/auto/expression_bug.xml (RunModel)" time="0.008" />
  <testcase classname="ptolemy.util.test.junit.AutoTests" name="[439] /home/travis/build/icyphy/ptII/ptolemy/actor/lib/test/auto/factorial.xml (RunModel)" time="0.051" />
  <testcase classname="ptolemy.util.test.junit.AutoTests" name="[440] /home/travis/build/icyphy/ptII/ptolemy/actor/lib/test/auto/filterTest1.xml (RunModel)" time="0.013" />
  <testcase classname="ptolemy.util.test.junit.AutoTests" name="[441] /home/travis/build/icyphy/ptII/ptolemy/actor/lib/test/auto/funcApplyInConst.xml (RunModel)" time="0.009" />
  <testcase classname="ptolemy.util.test.junit.AutoTests" name="[442] /home/travis/build/icyphy/ptII/ptolemy/actor/lib/test/auto/funcApplyInExpr.xml (RunModel)" time="0.005" />
  <testcase classname="ptolemy.util.test.junit.AutoTests" name="[443] /home/travis/build/icyphy/ptII/ptolemy/actor/lib/test/auto/function.xml (RunModel)" time="0.011" />
  <testcase classname="ptolemy.util.test.junit.AutoTests" name="[444] /home/travis/build/icyphy/ptII/ptolemy/actor/lib/test/auto/function2.xml (RunModel)" time="0.009" />
  <testcase classname="ptolemy.util.test.junit.AutoTests" name="[445] /home/travis/build/icyphy/ptII/ptolemy/actor/lib/test/auto/function3.xml (RunModel)" time="0.007" />
  <testcase classname="ptolemy.util.test.junit.AutoTests" name="[446] /home/travis/build/icyphy/ptII/ptolemy/actor/lib/test/auto/functionClosureTest1.xml (RunModel)" time="0.01" />
  <testcase classname="ptolemy.util.test.junit.AutoTests" name="[447] /home/travis/build/icyphy/ptII/ptolemy/actor/lib/test/auto/functionClosureTest2.xml (RunModel)" time="0.019" />
  <testcase classname="ptolemy.util.test.junit.AutoTests" name="[448] /home/travis/build/icyphy/ptII/ptolemy/actor/lib/test/auto/functionClosureTest3.xml (RunModel)" time="0.009" />
  <testcase classname="ptolemy.util.test.junit.AutoTests" name="[449] /home/travis/build/icyphy/ptII/ptolemy/actor/lib/test/auto/functionClosureTest4.xml (RunModel)" time="0.017" />
  <testcase classname="ptolemy.util.test.junit.AutoTests" name="[450] /home/travis/build/icyphy/ptII/ptolemy/actor/lib/test/auto/functionClosureTest5.xml (RunModel)" time="0.013" />
  <testcase classname="ptolemy.util.test.junit.AutoTests" name="[451] /home/travis/build/icyphy/ptII/ptolemy/actor/lib/test/auto/functionClosureTest6.xml (RunModel)" time="0.008" />
  <testcase classname="ptolemy.util.test.junit.AutoTests" name="[452] /home/travis/build/icyphy/ptII/ptolemy/actor/lib/test/auto/functionsOnArcs.xml (RunModel)" time="0.009" />
  <testcase classname="ptolemy.util.test.junit.AutoTests" name="[453] /home/travis/build/icyphy/ptII/ptolemy/actor/lib/test/auto/functionsOnArcsHOF.xml (RunModel)" time="0.012" />
  <testcase classname="ptolemy.util.test.junit.AutoTests" name="[454] /home/travis/build/icyphy/ptII/ptolemy/actor/lib/test/auto/logic.xml (RunModel)" time="0.017" />
  <testcase classname="ptolemy.util.test.junit.AutoTests" name="[455] /home/travis/build/icyphy/ptII/ptolemy/actor/lib/test/auto/matrixType.xml (RunModel)" time="0.009" />
  <testcase classname="ptolemy.util.test.junit.AutoTests" name="[456] /home/travis/build/icyphy/ptII/ptolemy/actor/lib/test/auto/matrixType10.xml (RunModel)" time="0.009" />
  <testcase classname="ptolemy.util.test.junit.AutoTests" name="[457] /home/travis/build/icyphy/ptII/ptolemy/actor/lib/test/auto/matrixType11.xml (RunModel)" time="0.008" />
  <testcase classname="ptolemy.util.test.junit.AutoTests" name="[458] /home/travis/build/icyphy/ptII/ptolemy/actor/lib/test/auto/matrixType12.xml (RunModel)" time="0.011" />
  <testcase classname="ptolemy.util.test.junit.AutoTests" name="[459] /home/travis/build/icyphy/ptII/ptolemy/actor/lib/test/auto/matrixType13.xml (RunModel)" time="0.009" />
  <testcase classname="ptolemy.util.test.junit.AutoTests" name="[460] /home/travis/build/icyphy/ptII/ptolemy/actor/lib/test/auto/matrixType14.xml (RunModel)" time="0.011" />
  <testcase classname="ptolemy.util.test.junit.AutoTests" name="[461] /home/travis/build/icyphy/ptII/ptolemy/actor/lib/test/auto/matrixType2.xml (RunModel)" time="0.009" />
  <testcase classname="ptolemy.util.test.junit.AutoTests" name="[462] /home/travis/build/icyphy/ptII/ptolemy/actor/lib/test/auto/matrixType3.xml (RunModel)" time="0.01" />
  <testcase classname="ptolemy.util.test.junit.AutoTests" name="[463] /home/travis/build/icyphy/ptII/ptolemy/actor/lib/test/auto/matrixType4.xml (RunModel)" time="0.008" />
  <testcase classname="ptolemy.util.test.junit.AutoTests" name="[464] /home/travis/build/icyphy/ptII/ptolemy/actor/lib/test/auto/matrixType5.xml (RunModel)" time="0.008" />
  <testcase classname="ptolemy.util.test.junit.AutoTests" name="[465] /home/travis/build/icyphy/ptII/ptolemy/actor/lib/test/auto/matrixType6.xml (RunModel)" time="0.007" />
  <testcase classname="ptolemy.util.test.junit.AutoTests" name="[466] /home/travis/build/icyphy/ptII/ptolemy/actor/lib/test/auto/matrixType7.xml (RunModel)" time="0.008" />
  <testcase classname="ptolemy.util.test.junit.AutoTests" name="[467] /home/travis/build/icyphy/ptII/ptolemy/actor/lib/test/auto/matrixType8.xml (RunModel)" time="0.009" />
  <testcase classname="ptolemy.util.test.junit.AutoTests" name="[468] /home/travis/build/icyphy/ptII/ptolemy/actor/lib/test/auto/matrixType9.xml (RunModel)" time="0.009" />
  <testcase classname="ptolemy.util.test.junit.AutoTests" name="[469] /home/travis/build/icyphy/ptII/ptolemy/actor/lib/test/auto/paraFunctest.xml (RunModel)" time="0.008" />
  <testcase classname="ptolemy.util.test.junit.AutoTests" name="[470] /home/travis/build/icyphy/ptII/ptolemy/actor/lib/test/auto/paraFunctest2.xml (RunModel)" time="0.01" />
  <testcase classname="ptolemy.util.test.junit.AutoTests" name="[471] /home/travis/build/icyphy/ptII/ptolemy/actor/lib/test/auto/parameterPassing.xml (RunModel)" time="0.007" />
  <testcase classname="ptolemy.util.test.junit.AutoTests" name="[472] /home/travis/build/icyphy/ptII/ptolemy/actor/lib/test/auto/record.xml (RunModel)" time="0.011" />
  <testcase classname="ptolemy.util.test.junit.AutoTests" name="[473] /home/travis/build/icyphy/ptII/ptolemy/actor/lib/test/auto/sizedarray1.xml (RunModel)" time="0.01" />
  <testcase classname="ptolemy.util.test.junit.AutoTests" name="[474] /home/travis/build/icyphy/ptII/ptolemy/actor/lib/test/auto/sizedarray2.xml (RunModel)" time="0.01" />
  <testcase classname="ptolemy.util.test.junit.AutoTests" name="[475] /home/travis/build/icyphy/ptII/ptolemy/actor/lib/test/auto/twoPublishers.xml (RunModel)" time="0.023" />
  <system-out><![CDATA[/home/travis/build/icyphy/ptII/ptolemy/actor/lib/test/AbsoluteValue.tcl
testDefs.tcl: setting time out to 9000 seconds at Sun Jul 14 18:15:53 UTC 2019
129 ms. Memory: 120832K Free: 85960K (71%)
11 ms. Memory: 120832K Free: 83912K (69%)
10 ms. Memory: 120832K Free: 83367K (69%)
7 ms. Memory: 120832K Free: 82359K (68%)
/home/travis/build/icyphy/ptII/ptolemy/actor/lib/test/AddSubtract.tcl
22 ms. Memory: 120832K Free: 80311K (66%)
12 ms. Memory: 120832K Free: 79816K (66%)
6 ms. Memory: 120832K Free: 78792K (65%)
9 ms. Memory: 120832K Free: 78263K (65%)
44 ms. Memory: 120832K Free: 75206K (62%)
6 ms. Memory: 120832K Free: 74182K (61%)
/home/travis/build/icyphy/ptII/ptolemy/actor/lib/test/Average.tcl
15 ms. Memory: 120832K Free: 72648K (60%)
7 ms. Memory: 120832K Free: 71624K (59%)
/home/travis/build/icyphy/ptII/ptolemy/actor/lib/test/Bernoulli.tcl
11 ms. Memory: 120832K Free: 70071K (58%)
7 ms. Memory: 120832K Free: 69576K (58%)
/home/travis/build/icyphy/ptII/ptolemy/actor/lib/test/Clock.tcl
preinitializing
resolving types
initializing
executing number 1
wrapping up
idle
40 ms. Memory: 120832K Free: 67014K (55%)
Completed execution with 5 iterations
preinitializing
resolving types
initializing
executing number 1
wrapping up
idle
12 ms. Memory: 120832K Free: 65959K (55%)
Completed execution with 5 iterations
preinitializing
resolving types
initializing
executing number 1
wrapping up
idle
3 ms. Memory: 120832K Free: 65480K (54%)
Completed execution with 5 iterations
/home/travis/build/icyphy/ptII/ptolemy/actor/lib/test/Commutator.tcl
12 ms. Memory: 120832K Free: 63432K (52%)
14 ms. Memory: 120832K Free: 62408K (52%)
21 ms. Memory: 120832K Free: 56759K (47%)
/home/travis/build/icyphy/ptII/ptolemy/actor/lib/test/Const.tcl
4 ms. Memory: 120832K Free: 55240K (46%)
6 ms. Memory: 120832K Free: 54719K (45%)
9 ms. Memory: 120832K Free: 54216K (45%)
3 ms. Memory: 120832K Free: 53702K (44%)
5 ms. Memory: 120832K Free: 53192K (44%)
28 ms. Memory: 120832K Free: 51144K (42%)
6 ms. Memory: 120832K Free: 50120K (41%)
4 ms. Memory: 120832K Free: 49606K (41%)
/home/travis/build/icyphy/ptII/ptolemy/actor/lib/test/CurrentTime.tcl
preinitializing
resolving types
initializing
executing number 1
wrapping up
idle
19 ms. Memory: 120832K Free: 47048K (39%)
Completed execution with 11 iterations
/home/travis/build/icyphy/ptII/ptolemy/actor/lib/test/DB.tcl
36 ms. Memory: 120832K Free: 106974K (89%)
3 ms. Memory: 120832K Free: 106479K (88%)
8 ms. Memory: 120832K Free: 105778K (88%)
/home/travis/build/icyphy/ptII/ptolemy/actor/lib/test/DiscreteRandomSource.tcl
preinitializing
resolving types
initializing
executing number 1
wrapping up
idle
7 ms. Memory: 120832K Free: 103917K (86%)
Completed execution with 4 iterations
preinitializing
resolving types
initializing
executing number 1
wrapping up
idle
5 ms. Memory: 120832K Free: 103917K (86%)
Completed execution with 4 iterations
preinitializing
resolving types
initializing
executing number 1
wrapping up
idle
6 ms. Memory: 120832K Free: 103407K (86%)
Completed execution with 4 iterations
preinitializing
resolving types
initializing
executing number 1
wrapping up
idle
9 ms. Memory: 120832K Free: 102878K (85%)
Completed execution with 4 iterations
preinitializing
resolving types
initializing
executing number 1
wrapping up
idle
12 ms. Memory: 120832K Free: 102383K (85%)
Completed execution with 4 iterations
/home/travis/build/icyphy/ptII/ptolemy/actor/lib/test/Distributor.tcl
12 ms. Memory: 120832K Free: 100838K (83%)
4 ms. Memory: 120832K Free: 99806K (83%)
StreamChangeRequest.changeExecuted(): <deleteEntity name="rec2"/> succeeded
StreamChangeRequest.changeExecuted(): <deleteRelation name="r2"/> succeeded
StreamChangeRequest.changeExecuted(): Record firings per iteration succeeded
8 ms. Memory: 120832K Free: 97773K (81%)
/home/travis/build/icyphy/ptII/ptolemy/actor/lib/test/Exit.tcl
Exit.tcl: this will print a message about Manager.exitAfterWrapup, which can be ignored.
4 ms. Memory: 120832K Free: 94639K (78%)
/home/travis/build/icyphy/ptII/ptolemy/actor/lib/test/Expression.tcl
21 ms. Memory: 120832K Free: 104920K (87%)
9 ms. Memory: 120832K Free: 104400K (86%)
4 ms. Memory: 120832K Free: 103376K (86%)
preinitializing
resolving types
initializing
executing number 1
wrapping up
idle
14 ms. Memory: 120832K Free: 101848K (84%)
Completed execution with 6 iterations
11 ms. Memory: 120832K Free: 101304K (84%)
4 ms. Memory: 120832K Free: 100296K (83%)
7 ms. Memory: 120832K Free: 99286K (82%)
9 ms. Memory: 120832K Free: 97752K (81%)
7 ms. Memory: 120832K Free: 96728K (80%)
/home/travis/build/icyphy/ptII/ptolemy/actor/lib/test/Gaussian.tcl
6 ms. Memory: 120832K Free: 95160K (79%)
sleeping 1 seconds: ....................................................................................................................................................................................................................................................................................................................................................................................................................................................................................................................................................................................................................................................................................................................................................................................................................................................................................................................................................................................................................................................................................................................................................................................................................................................................................................................................................................................................................................................................................................................................................................................................................................................................................................................................................................................................................................................................................................................................................................................................................................................................................................................................................................................................................................................................................................................................................................................................................................................................................................................................................................................................................................................................................................................................................................................................................................................................................................................................................................................................................................................................................................................................................................................................................................................................................................................................................................................................................................................................................................................................................................................................................................................................................................................................................................................................................................................................................................................................................................................................................................................................................................................................................................................................................................................................................................................................................................................................................................................................................................................................................................................................................................................................................................................................................................................................................................................................................................................................................................................................................................................................................................................................................................................................................................................................................................................................................................................................................................................................................................................................................................................................................................................................................................................................................................................................................................................................................................................................................................................................................................................................................................................................................................................................................................................................................................................................................................................................................................................................................................................................................................................................................................................................................................................................................................................................................................................................................................................................................................................................................................................................................................................................................................................................................................................................................................................................................................................................................................................................................................................................................................................................................................................................................................................................................................................................................................................................................................................................................................................................................................................................................................................................................................................................................................................................................................................................................................................................................................................................................................................................................................................................................................................................................................................................................................................................................................................................................................................................................................................................................................................................................................................................................................................................................................................................................................................................................................................................................................................................................................................................................................................................................................................................................................................................................................................................................................................................................................3 ms. Memory: 120832K Free: 81722K (68%)
3 ms. Memory: 120832K Free: 81218K (67%)
2 ms. Memory: 120832K Free: 80194K (66%)
5 ms. Memory: 120832K Free: 79570K (66%)
4 ms. Memory: 120832K Free: 79170K (66%)
/home/travis/build/icyphy/ptII/ptolemy/actor/lib/test/IIR.tcl
/home/travis/build/icyphy/ptII/ptolemy/actor/lib/test/Interpolator.tcl
6 ms. Memory: 120832K Free: 75074K (62%)
2 ms. Memory: 120832K Free: 74546K (62%)
4 ms. Memory: 120832K Free: 74050K (61%)
5 ms. Memory: 120832K Free: 73530K (61%)
3 ms. Memory: 120832K Free: 72506K (60%)
6 ms. Memory: 120832K Free: 72002K (60%)
3 ms. Memory: 120832K Free: 70978K (59%)
9 ms. Memory: 120832K Free: 69954K (58%)
2 ms. Memory: 120832K Free: 69426K (57%)
9 ms. Memory: 120832K Free: 106183K (88%)
/home/travis/build/icyphy/ptII/ptolemy/actor/lib/test/MathFunction.tcl
5 ms. Memory: 120832K Free: 104135K (86%)
2 ms. Memory: 120832K Free: 103125K (85%)
2 ms. Memory: 120832K Free: 102095K (84%)
2 ms. Memory: 120832K Free: 101063K (84%)
3 ms. Memory: 120832K Free: 99543K (82%)
5 ms. Memory: 120832K Free: 98005K (81%)
/home/travis/build/icyphy/ptII/ptolemy/actor/lib/test/Maximum.tcl
4 ms. Memory: 120832K Free: 95957K (79%)
2 ms. Memory: 120832K Free: 95447K (79%)
2 ms. Memory: 120832K Free: 94423K (78%)
2 ms. Memory: 120832K Free: 93909K (78%)
/home/travis/build/icyphy/ptII/ptolemy/actor/lib/test/Minimum.tcl
4 ms. Memory: 120832K Free: 92375K (76%)
4 ms. Memory: 120832K Free: 91351K (76%)
4 ms. Memory: 120832K Free: 90823K (75%)
3 ms. Memory: 120832K Free: 90327K (75%)
/home/travis/build/icyphy/ptII/ptolemy/actor/lib/test/MultiplyDivide.tcl
9 ms. Memory: 120832K Free: 88279K (73%)
8 ms. Memory: 120832K Free: 87649K (73%)
2 ms. Memory: 120832K Free: 86741K (72%)
4 ms. Memory: 120832K Free: 86231K (71%)
4 ms. Memory: 120832K Free: 85207K (71%)
/home/travis/build/icyphy/ptII/ptolemy/actor/lib/test/OrderedMerge.tcl
Connections changed on port: inputA
Connections changed on port: inputB
Connections changed on port: output
Connections changed on port: output
Connections changed on port: output
Connections changed on port: input
.top. Preinitializing ...
Invoking preinitialize():  .top.OrderedMerge
Called preinitialize()
Invoking preinitialize():  .top.Ramp
Called preinitialize()
Invoking preinitialize():  .top.Ramp2
Called preinitialize()
Invoking preinitialize():  .top.Test
Called preinitialize()
Connections changed on port: inputA
Connections changed on port: output
Connections changed on port: inputB
Connections changed on port: output
Connections changed on port: output
Connections changed on port: input
.top. Finished preinitialize().
Called initialize().
Invoking initialize():  .top.OrderedMerge
Initializing actor: .top.OrderedMerge
Adding a thread: .top.OrderedMerge
Invoking initialize():  .top.Ramp
Initializing actor: .top.Ramp
Adding a thread: .top.Ramp
Invoking initialize():  .top.Ramp2
Initializing actor: .top.Ramp2
Adding a thread: .top.Ramp2
Invoking initialize():  .top.Test
Initializing actor: .top.Test
Adding a thread: .top.Test
Called fire().
Checking for deadlock:
-- Starting thread.
Called initialize()
Called prefire()
Called fire()
-- Starting thread.
Called initialize()
-- Starting thread.
Called initialize()
Called prefire()
Called prefire()
Called fire()
-- Starting thread.
Called fire()
Called initialize()
Called prefire()
Called fire()
There are 0 Blocked actors, 0 Stopped actors, and 4 active threads.
Waiting for actors to stop.
Called postfire()
Called postfire()
Called prefire()
Called prefire()
Called fire()
Called fire()
Checking for deadlock:
There are 2 Blocked actors, 0 Stopped actors, and 4 active threads.
Waiting for actors to stop.
Read input token from inputA with value 0.0
Called postfire()
Called prefire()
Called fire()
Next port to read input from is inputB
Called postfire()
Called prefire()
Called fire()
Read input token from inputB with value 0.0
Checking for deadlock:
Sent output token with value 0.0
There are 1 Blocked actors, 0 Stopped actors, and 4 active threads.
Waiting for actors to stop.
Next port to read input from is inputA
Called postfire()
Called prefire()
Called fire()
Read input token from inputA with value 1.0
Sent output token with value 0.0
Next port to read input from is inputB
Called postfire()
Called prefire()
Called fire()
-- Read input: 0.0, which is expected to match: 0.0
Called prefire()
Called fire()
-- Read input: 0.0, which is expected to match: 0.0
Called prefire()
Called fire()
Called postfire()
Called prefire()
Called fire()
Called postfire()
Called prefire()
Called fire()
Read input token from inputB with value 1.5
Sent output token with value 1.0
Next port to read input from is inputA
Called postfire()
Called prefire()
Called fire()
Read input token from inputA with value 2.0
Checking for deadlock:
There are 1 Blocked actors, 0 Stopped actors, and 4 active threads.
Waiting for actors to stop.
-- Read input: 1.0, which is expected to match: 1.0
Called prefire()
Called fire()
Called postfire()
Called prefire()
Called fire()
Called postfire()
Called prefire()
Called fire()
Checking for deadlock:
There are 3 Blocked actors, 0 Stopped actors, and 4 active threads.
Waiting for actors to stop.
Checking for deadlock:
Sent output token with value 1.5
There are 2 Blocked actors, 0 Stopped actors, and 4 active threads.
Waiting for actors to stop.
Next port to read input from is inputB
Called postfire()
Called prefire()
Called fire()
-- Read input: 1.5, which is expected to match: 1.5
Read input token from inputB with value 3.0
Called prefire()
Called fire()
Sent output token with value 2.0
-- Read input: 2.0, which is expected to match: 2.0
Next port to read input from is inputA
Called postfire()
Called prefire()
Called fire()
Called prefire()
Called fire()
Checking for deadlock:
There are 2 Blocked actors, 0 Stopped actors, and 4 active threads.
Waiting for actors to stop.
Called postfire()
Called prefire()
Called fire()
Called postfire()
Called prefire()
Called fire()
Read input token from inputA with value 3.0
Checking for deadlock:
Sent output token with value 3.0
There are 2 Blocked actors, 0 Stopped actors, and 4 active threads.
Waiting for actors to stop.
Next port to read input from is inputB
Called postfire()
Called prefire()
Called fire()
-- Read input: 3.0, which is expected to match: 3.0
Called prefire()
Called fire()
Read input token from inputB with value 4.5
Sent output token with value 3.0
Called postfire()
Called prefire()
Called fire()
Next port to read input from is inputA
Called postfire()
Called prefire()
Called fire()
Checking for deadlock:
Read input token from inputA with value 4.0
There are 1 Blocked actors, 0 Stopped actors, and 4 active threads.
Waiting for actors to stop.
-- Read input: 3.0, which is expected to match: 3.0
Called prefire()
Called fire()
-- Read input: 4.0, which is expected to match: 4.0
Called prefire()
Called fire()
Past the end of training data. Read and discard all inputs.
Called postfire()
Called prefire()
Called fire()
Checking for deadlock:
There are 3 Blocked actors, 0 Stopped actors, and 4 active threads.
Waiting for actors to stop.
Sent output token with value 4.0
Next port to read input from is inputA
Called postfire()
Called prefire()
Called fire()
Read input token from inputA with value 5.0
Called postfire()
Called prefire()
Sent output token with value 4.5
Called fire()
Next port to read input from is inputB
Called postfire()
Checking for deadlock:
Called prefire()
Called fire()
There are 2 Blocked actors, 0 Stopped actors, and 4 active threads.
Waiting for actors to stop.
Called prefire()
Called fire()
Past the end of training data. Read and discard all inputs.
Checking for deadlock:
There are 3 Blocked actors, 0 Stopped actors, and 4 active threads.
Waiting for actors to stop.
Checking for deadlock:
Read input token from inputB with value 6.0
There are 2 Blocked actors, 0 Stopped actors, and 4 active threads.
Waiting for actors to stop.
Called postfire()
Called prefire()
Called fire()
Sent output token with value 5.0
Next port to read input from is inputA
Called postfire()
Called prefire()
Called fire()
Read input token from inputA with value 6.0
Checking for deadlock:
There are 2 Blocked actors, 0 Stopped actors, and 4 active threads.
Waiting for actors to stop.
Called prefire()
Called fire()
Past the end of training data. Read and discard all inputs.
Called postfire()
Called prefire()
Called fire()
Checking for deadlock:
There are 3 Blocked actors, 0 Stopped actors, and 4 active threads.
Waiting for actors to stop.
Sent output token with value 6.0
Checking for deadlock:
There are 2 Blocked actors, 0 Stopped actors, and 4 active threads.
Waiting for actors to stop.
Next port to read input from is inputB
Called postfire()
Called prefire()
Called prefire()
Called fire()
Called fire()
Past the end of training data. Read and discard all inputs.
Read input token from inputB with value 7.5
Called postfire()
Called prefire()
Called fire()
Sent output token with value 6.0
Checking for deadlock:
There are 2 Blocked actors, 0 Stopped actors, and 4 active threads.
Waiting for actors to stop.
Next port to read input from is inputA
Called postfire()
Called prefire()
Called fire()
Called prefire()
Called fire()
Past the end of training data. Read and discard all inputs.
Read input token from inputA with value 7.0
Called postfire()
Called prefire()
Sent output token with value 7.0
Called fire()
Next port to read input from is inputA
Called postfire()
Called prefire()
Called fire()
Read input token from inputA with value 8.0
Checking for deadlock:
There are 2 Blocked actors, 0 Stopped actors, and 4 active threads.
Waiting for actors to stop.
-- Thread wrapup() called.
Called wrapup()
Thread .top.Ramp is exiting.
-- Thread stopped.
Called prefire()
Called fire()
Past the end of training data. Read and discard all inputs.
Checking for deadlock:
There are 2 Blocked actors, 0 Stopped actors, and 3 active threads.
Waiting for actors to stop.
Called prefire()
Called fire()
Past the end of training data. Read and discard all inputs.
Sent output token with value 7.5
Checking for deadlock:
There are 2 Blocked actors, 0 Stopped actors, and 3 active threads.
Waiting for actors to stop.
Next port to read input from is inputB
Called postfire()
Called prefire()
Called fire()
Read input token from inputB with value 9.0
Called postfire()
Called prefire()
Sent output token with value 8.0
Called fire()
Next port to read input from is inputA
Called postfire()
Called prefire()
Called fire()
Checking for deadlock:
There are 1 Blocked actors, 0 Stopped actors, and 3 active threads.
Waiting for actors to stop.
Read input token from inputA with value 9.0
Called prefire()
Called fire()
Past the end of training data. Read and discard all inputs.
Called prefire()
Called fire()
Sent output token with value 9.0
Past the end of training data. Read and discard all inputs.
Next port to read input from is inputB
Called postfire()
Called prefire()
Called fire()
Checking for deadlock:
There are 1 Blocked actors, 0 Stopped actors, and 3 active threads.
Read input token from inputB with value 10.5
Waiting for actors to stop.
Called postfire()
Sent output token with value 9.0
Called prefire()
Called fire()
Next port to read input from is inputA
Called postfire()
Called prefire()
Called prefire()
Called fire()
Past the end of training data. Read and discard all inputs.
Called fire()
Checking for deadlock:
There are 2 Blocked actors, 0 Stopped actors, and 3 active threads.
Waiting for actors to stop.
Checking for deadlock:
There are 3 Blocked actors, 0 Stopped actors, and 3 active threads.
Actors have stopped.
Checking for deadlock:
There are 3 Blocked actors, 0 Stopped actors, and 3 active threads.
Deadlock detected.
Resolving Deadlock
Checking for deadlock:
There are 3 Blocked actors, 0 Stopped actors, and 3 active threads.
Artificial Deadlock - increasing queue capacity.
increasing the capacity of receiver ptolemy.actor.TypedIOPort {.top.OrderedMerge.inputB} to 2
-- Thread wrapup() called.
Called wrapup()
Thread .top.Ramp2 is exiting.
-- Thread stopped.
Director: Called postfire().
Called postfire().
_stopRequested = false
_stopFireRequested = false
Returning from postfire(): true
Called fire().
Checking for deadlock:
There are 2 Blocked actors, 0 Stopped actors, and 2 active threads.
Actors have stopped.
Checking for deadlock:
There are 2 Blocked actors, 0 Stopped actors, and 2 active threads.
Deadlock detected.
Resolving Deadlock
Checking for deadlock:
There are 2 Blocked actors, 0 Stopped actors, and 2 active threads.
Deadlock detected: no processes blocked on write, but some are blocked on read.
Called postfire().
_stopRequested = false
_stopFireRequested = false
Returning from postfire(): false
Finished deactivating branches.
Called wrapup().
-- Thread wrapup() called.
Called wrapup()
-- Thread wrapup() called.
Called wrapup()
Thread .top.OrderedMerge is exiting.
-- Thread stopped.
Thread .top.Test is exiting.
-- Blocked Receiver call threw TerminateProcessException.
-- Thread stopped.
-- Blocked Receiver call threw TerminateProcessException.
60 ms. Memory: 120832K Free: 81140K (67%)
.top. Preinitializing ...
Invoking preinitialize():  .top.OrderedMerge
Called preinitialize()
Invoking preinitialize():  .top.Ramp
Called preinitialize()
Invoking preinitialize():  .top.Ramp2
Called preinitialize()
Invoking preinitialize():  .top.Test
Called preinitialize()
.top. Finished preinitialize().
Called initialize().
Invoking initialize():  .top.OrderedMerge
Initializing actor: .top.OrderedMerge
Adding a thread: .top.OrderedMerge
Invoking initialize():  .top.Ramp
Initializing actor: .top.Ramp
Adding a thread: .top.Ramp
Invoking initialize():  .top.Ramp2
Initializing actor: .top.Ramp2
Adding a thread: .top.Ramp2
Invoking initialize():  .top.Test
Initializing actor: .top.Test
Adding a thread: .top.Test
-- Starting thread.
Called initialize()
Called prefire()
Called fire()
-- Starting thread.
Called initialize()
Called prefire()
Called fire()
Called postfire()
Called prefire()
Called fire()
-- Starting thread.
Called fire().
Checking for deadlock:
There are 2 Blocked actors, 0 Stopped actors, and 4 active threads.
Waiting for actors to stop.
Called initialize()
-- Starting thread.
Called initialize()
Called prefire()
Called fire()
Called prefire()
Called fire()
Called postfire()
Called prefire()
Called fire()
Read input token from inputA with value 0.0
Next port to read input from is inputB
Called postfire()
Called prefire()
Called fire()
Read input token from inputB with value 0.0
Sent output token with value 0.0
Next port to read input from is inputA
Called postfire()
Called prefire()
Called fire()
Checking for deadlock:
There are 1 Blocked actors, 0 Stopped actors, and 4 active threads.
Waiting for actors to stop.
-- Read input: 0.0, which is expected to match: 0.0
Called prefire()
Called fire()
Called postfire()
Called prefire()
Called fire()
Called postfire()
Called prefire()
Called fire()
Checking for deadlock:
There are 3 Blocked actors, 0 Stopped actors, and 4 active threads.
Waiting for actors to stop.
Read input token from inputA with value 1.0
Sent output token with value 0.0
Next port to read input from is inputB
Called postfire()
Called prefire()
Called fire()
Read input token from inputB with value 1.5
Checking for deadlock:
There are 1 Blocked actors, 0 Stopped actors, and 4 active threads.
Waiting for actors to stop.
-- Read input: 0.0, which is expected to match: 0.0
Called prefire()
Called fire()
Checking for deadlock:
There are 1 Blocked actors, 0 Stopped actors, and 4 active threads.
Waiting for actors to stop.
Called postfire()
Called prefire()
Called fire()
Sent output token with value 1.0
Called postfire()
Next port to read input from is inputA
Called postfire()
Called prefire()
Called prefire()
Called fire()
Read input token from inputA with value 2.0
Checking for deadlock:
There are 2 Blocked actors, 0 Stopped actors, and 4 active threads.
Waiting for actors to stop.
-- Read input: 1.0, which is expected to match: 1.0
Called prefire()
Called fire()
Checking for deadlock:
Called fire()
There are 2 Blocked actors, 0 Stopped actors, and 4 active threads.
Waiting for actors to stop.
Sent output token with value 1.5
Next port to read input from is inputB
Called postfire()
Called prefire()
Called fire()
Read input token from inputB with value 3.0
Checking for deadlock:
Called postfire()
Called prefire()
Called fire()
There are 1 Blocked actors, 0 Stopped actors, and 4 active threads.
Waiting for actors to stop.
Called postfire()
Called prefire()
Called fire()
Checking for deadlock:
There are 1 Blocked actors, 0 Stopped actors, and 4 active threads.
Waiting for actors to stop.
-- Read input: 1.5, which is expected to match: 1.5
Called prefire()
Sent output token with value 2.0
Called fire()
Next port to read input from is inputA
-- Read input: 2.0, which is expected to match: 2.0
Called postfire()
Called prefire()
Called fire()
Called prefire()
Called fire()
Read input token from inputA with value 3.0
Sent output token with value 3.0
Next port to read input from is inputB
Called postfire()
Called prefire()
Called fire()
Read input token from inputB with value 4.5
Called postfire()
Called prefire()
Called fire()
Checking for deadlock:
There are 1 Blocked actors, 0 Stopped actors, and 4 active threads.
Waiting for actors to stop.
-- Read input: 3.0, which is expected to match: 3.0
Called prefire()
Called fire()
Checking for deadlock:
There are 2 Blocked actors, 0 Stopped actors, and 4 active threads.
Waiting for actors to stop.
Sent output token with value 3.0
Next port to read input from is inputA
Called postfire()
Called prefire()
Called fire()
Read input token from inputA with value 4.0
Checking for deadlock:
Called postfire()
There are 2 Blocked actors, 0 Stopped actors, and 4 active threads.
Waiting for actors to stop.
-- Read input: 3.0, which is expected to match: 3.0
Called prefire()
Called fire()
Called prefire()
Checking for deadlock:
There are 2 Blocked actors, 0 Stopped actors, and 4 active threads.
Called fire()
Waiting for actors to stop.
Called postfire()
Called prefire()
Called fire()
Sent output token with value 4.0
Next port to read input from is inputA
Called postfire()
Called prefire()
Called fire()
-- Read input: 4.0, which is expected to match: 4.0
Called prefire()
Read input token from inputA with value 5.0
Sent output token with value 4.5
Next port to read input from is inputB
Called postfire()
Called prefire()
Called fire()
Read input token from inputB with value 6.0
Checking for deadlock:
There are 1 Blocked actors, 0 Stopped actors, and 4 active threads.
Waiting for actors to stop.
Called fire()
Past the end of training data. Read and discard all inputs.
Called prefire()
Called fire()
Past the end of training data. Read and discard all inputs.
Checking for deadlock:
There are 1 Blocked actors, 0 Stopped actors, and 4 active threads.
Waiting for actors to stop.
Sent output token with value 5.0
Next port to read input from is inputA
Called postfire()
Called prefire()
Called fire()
Checking for deadlock:
There are 1 Blocked actors, 0 Stopped actors, and 4 active threads.
Waiting for actors to stop.
Called prefire()
Called fire()
Past the end of training data. Read and discard all inputs.
Checking for deadlock:
There are 2 Blocked actors, 0 Stopped actors, and 4 active threads.
Waiting for actors to stop.
Called postfire()
Called prefire()
Called fire()
Called postfire()
Called prefire()
Called fire()
Read input token from inputA with value 6.0
Sent output token with value 6.0
Next port to read input from is inputB
Called postfire()
Called prefire()
Called fire()
Read input token from inputB with value 7.5
Checking for deadlock:
There are 1 Blocked actors, 0 Stopped actors, and 4 active threads.
Waiting for actors to stop.
Called prefire()
Called fire()
Past the end of training data. Read and discard all inputs.
Called postfire()
Called prefire()
Called fire()
Called postfire()
Called prefire()
Called fire()
Checking for deadlock:
There are 3 Blocked actors, 0 Stopped actors, and 4 active threads.
Waiting for actors to stop.
Sent output token with value 6.0
Next port to read input from is inputA
Called postfire()
Called prefire()
Called fire()
Read input token from inputA with value 7.0
Checking for deadlock:
There are 2 Blocked actors, 0 Stopped actors, and 4 active threads.
Waiting for actors to stop.
Called prefire()
Called fire()
Past the end of training data. Read and discard all inputs.
Called postfire()
Called prefire()
Called fire()
Checking for deadlock:
There are 3 Blocked actors, 0 Stopped actors, and 4 active threads.
Waiting for actors to stop.
Sent output token with value 7.0
Next port to read input from is inputA
Called postfire()
Called prefire()
Called fire()
Read input token from inputA with value 8.0
Checking for deadlock:
There are 2 Blocked actors, 0 Stopped actors, and 4 active threads.
Waiting for actors to stop.
Called prefire()
Called fire()
Past the end of training data. Read and discard all inputs.
Checking for deadlock:
There are 2 Blocked actors, 0 Stopped actors, and 4 active threads.
Waiting for actors to stop.
-- Thread wrapup() called.
Called wrapup()
Sent output token with value 7.5
Thread .top.Ramp is exiting.
-- Thread stopped.
Next port to read input from is inputB
Called postfire()
Called prefire()
Called fire()
Read input token from inputB with value 9.0
Called postfire()
Called prefire()
Called fire()
Checking for deadlock:
There are 1 Blocked actors, 0 Stopped actors, and 3 active threads.
Waiting for actors to stop.
Called prefire()
Called fire()
Past the end of training data. Read and discard all inputs.
Checking for deadlock:
There are 2 Blocked actors, 0 Stopped actors, and 3 active threads.
Waiting for actors to stop.
Sent output token with value 8.0
Next port to read input from is inputA
Called postfire()
Called prefire()
Called fire()
Read input token from inputA with value 9.0
Checking for deadlock:
There are 2 Blocked actors, 0 Stopped actors, and 3 active threads.
Waiting for actors to stop.
Called prefire()
Called fire()
Past the end of training data. Read and discard all inputs.
Checking for deadlock:
There are 2 Blocked actors, 0 Stopped actors, and 3 active threads.
Waiting for actors to stop.
Called prefire()
Called fire()
Sent output token with value 9.0
Past the end of training data. Read and discard all inputs.
Next port to read input from is inputB
Called postfire()
Called prefire()
Called fire()
Read input token from inputB with value 10.5
Sent output token with value 9.0
Next port to read input from is inputA
Called postfire()
Called prefire()
Called fire()
Checking for deadlock:
There are 1 Blocked actors, 0 Stopped actors, and 3 active threads.
Waiting for actors to stop.
Called postfire()
Called prefire()
Called fire()
Checking for deadlock:
Called prefire()
There are 2 Blocked actors, 0 Stopped actors, and 3 active threads.
Called fire()
Waiting for actors to stop.
Past the end of training data. Read and discard all inputs.
Checking for deadlock:
There are 3 Blocked actors, 0 Stopped actors, and 3 active threads.
Actors have stopped.
Checking for deadlock:
There are 3 Blocked actors, 0 Stopped actors, and 3 active threads.
Deadlock detected.
Resolving Deadlock
Checking for deadlock:
There are 3 Blocked actors, 0 Stopped actors, and 3 active threads.
Artificial Deadlock - increasing queue capacity.
increasing the capacity of receiver ptolemy.actor.TypedIOPort {.top.OrderedMerge.inputB} to 2
Director: Called postfire().
Called postfire().
_stopRequested = false
_stopFireRequested = false
Returning from postfire(): true
Called fire().
Checking for deadlock:
There are 2 Blocked actors, 0 Stopped actors, and 3 active threads.
Waiting for actors to stop.
-- Thread wrapup() called.
Called wrapup()
Thread .top.Ramp2 is exiting.
-- Thread stopped.
Checking for deadlock:
There are 2 Blocked actors, 0 Stopped actors, and 2 active threads.
Actors have stopped.
Checking for deadlock:
There are 2 Blocked actors, 0 Stopped actors, and 2 active threads.
Deadlock detected.
Resolving Deadlock
Checking for deadlock:
There are 2 Blocked actors, 0 Stopped actors, and 2 active threads.
Deadlock detected: no processes blocked on write, but some are blocked on read.
Called postfire().
_stopRequested = false
_stopFireRequested = false
Returning from postfire(): false
Finished deactivating branches.
Called wrapup().
-- Thread wrapup() called.
Called wrapup()
-- Thread wrapup() called.
Called wrapup()
Thread .top.Test is exiting.
-- Thread stopped.
-- Blocked Receiver call threw TerminateProcessException.
Thread .top.OrderedMerge is exiting.
-- Thread stopped.
-- Blocked Receiver call threw TerminateProcessException.
46 ms. Memory: 120832K Free: 78580K (65%)
/home/travis/build/icyphy/ptII/ptolemy/actor/lib/test/Publisher.tcl
12 ms. Memory: 120832K Free: 72405K (60%)
5 ms. Memory: 120832K Free: 67279K (56%)
8 ms. Memory: 120832K Free: 63189K (52%)
6 ms. Memory: 120832K Free: 62135K (51%)
4 ms. Memory: 120832K Free: 61655K (51%)
17 ms. Memory: 120832K Free: 105221K (87%)
2 ms. Memory: 120832K Free: 104773K (87%)
3 ms. Memory: 120832K Free: 103749K (86%)
25 ms. Memory: 120832K Free: 94019K (78%)
7 ms. Memory: 120832K Free: 89917K (74%)
2 ms. Memory: 120832K Free: 89413K (74%)
5 ms. Memory: 120832K Free: 86837K (72%)
6 ms. Memory: 120832K Free: 79173K (66%)
15 ms. Memory: 120832K Free: 69957K (58%)
6 ms. Memory: 120832K Free: 58693K (49%)
/home/travis/build/icyphy/ptII/ptolemy/actor/lib/test/Pulse.tcl
4 ms. Memory: 120832K Free: 75758K (63%)
2 ms. Memory: 120832K Free: 75262K (62%)
2 ms. Memory: 120832K Free: 74734K (62%)
7 ms. Memory: 120832K Free: 74238K (61%)
3 ms. Memory: 120832K Free: 73710K (61%)
7 ms. Memory: 120832K Free: 72700K (60%)
6 ms. Memory: 120832K Free: 71676K (59%)
7 ms. Memory: 120832K Free: 70652K (58%)
1 ms. Memory: 120832K Free: 70142K (58%)
/home/travis/build/icyphy/ptII/ptolemy/actor/lib/test/Ramp.tcl
8 ms. Memory: 120832K Free: 68094K (56%)
4 ms. Memory: 120832K Free: 67580K (56%)
3 ms. Memory: 120832K Free: 67070K (56%)
2 ms. Memory: 120832K Free: 66046K (55%)
4 ms. Memory: 120832K Free: 65502K (54%)
9 ms. Memory: 120832K Free: 64494K (53%)
5 ms. Memory: 120832K Free: 63470K (53%)
5 actors
6000 microseconds per iteration to create
10 ms. Memory: 120832K Free: 60926K (50%)
9 ms. Memory: 120832K Free: 59902K (50%)
2 ms. Memory: 120832K Free: 59388K (49%)
4 ms. Memory: 120832K Free: 58878K (49%)
50 actors
43000 microseconds per iteration to create
54 ms. Memory: 145408K Free: 125310K (86%)
6 ms. Memory: 145408K Free: 123772K (85%)
18 ms. Memory: 145408K Free: 122734K (84%)
5 ms. Memory: 145408K Free: 121710K (84%)
500 actors
1811000 microseconds per iteration to create
317 ms. Memory: 145408K Free: 99933K (69%)
42 ms. Memory: 145408K Free: 94299K (65%)
50 ms. Memory: 145408K Free: 89179K (61%)
45 ms. Memory: 145408K Free: 84059K (58%)
/home/travis/build/icyphy/ptII/ptolemy/actor/lib/test/RampContinuous.tcl
9 ms. Memory: 145408K Free: 82525K (57%)
/home/travis/build/icyphy/ptII/ptolemy/actor/lib/test/RecordAssembler.tcl
6 ms. Memory: 145408K Free: 80956K (56%)
7 ms. Memory: 145408K Free: 79948K (55%)
/home/travis/build/icyphy/ptII/ptolemy/actor/lib/test/RecordDisassembler.tcl
13 ms. Memory: 145408K Free: 77915K (54%)
4 ms. Memory: 145408K Free: 77405K (53%)
6 ms. Memory: 145408K Free: 76381K (53%)
/home/travis/build/icyphy/ptII/ptolemy/actor/lib/test/Scale.tcl
2 ms. Memory: 145408K Free: 74333K (51%)
1 ms. Memory: 145408K Free: 73804K (51%)
1 ms. Memory: 145408K Free: 72788K (50%)
2 ms. Memory: 145408K Free: 71756K (49%)
2 ms. Memory: 145408K Free: 71261K (49%)
/home/travis/build/icyphy/ptII/ptolemy/actor/lib/test/SequentialClock.tcl
preinitializing
resolving types
initializing
executing number 1
wrapping up
idle
3 ms. Memory: 145408K Free: 69716K (48%)
Completed execution with 5 iterations
preinitializing
resolving types
initializing
executing number 1
wrapping up
idle
1 ms. Memory: 145408K Free: 69213K (48%)
Completed execution with 5 iterations
preinitializing
resolving types
initializing
executing number 1
wrapping up
idle
2 ms. Memory: 145408K Free: 68684K (47%)
Completed execution with 5 iterations
/home/travis/build/icyphy/ptII/ptolemy/actor/lib/test/SetVariable.tcl
4 ms. Memory: 145408K Free: 67165K (46%)


==== $PTII/ptolemy/actor/lib/test/SetVariable.tcl: SetVariable-3.1 changeFailed
==== Contents of test case:

    #Uses 2.1 above
    jdkCaptureErr {
        # This test was failing if we ran Exit.tcl and then this test.
        # MessageHandler.error() now actually throws the Exception.
	catch {$setVariable changeFailed [java::null]  [java::new Exception {Test exception for SetVariable.changeFailed()}]} errMsg
    } results
    list [string range $results 0 89] "\n" $errMsg

==== Result was:
{java.lang.Exception: Test exception for SetVariable.changeFailed()
	at java.base/jdk.inter} {
} {java.lang.RuntimeException: java.lang.Exception: Test exception for SetVariable.changeFailed()}
---- Result should have been:
{Failed to set variable.
java.lang.Exception: Test exception for SetVariable.changeFailed()} {
} {java.lang.RuntimeException: java.lang.Exception: Test exception for SetVariable.changeFailed()}
---- SetVariable-3.1 FAILED
/home/travis/build/icyphy/ptII/ptolemy/actor/lib/test/Sinewave.tcl
/home/travis/build/icyphy/ptII/ptolemy/actor/lib/test/SubscriptionAggregator.tcl
4 ms. Memory: 145408K Free: 54877K (38%)
5 ms. Memory: 145408K Free: 54348K (37%)
0 ms. Memory: 145408K Free: 53853K (37%)
1 ms. Memory: 145408K Free: 53332K (37%)
5 ms. Memory: 145408K Free: 121617K (84%)
12 ms. Memory: 145408K Free: 119055K (82%)
...............................................................1060 ms. Memory: 240640K Free: 145998K (61%)
/home/travis/build/icyphy/ptII/ptolemy/actor/lib/test/Test.tcl
 The next command will produce a warning about training mode,
   which may be ignored.
5 ms. Memory: 240640K Free: 143950K (60%)
6 ms. Memory: 240640K Free: 143436K (60%)
2 ms. Memory: 240640K Free: 142926K (59%)
1 ms. Memory: 240640K Free: 142382K (59%)
3 ms. Memory: 240640K Free: 141374K (59%)
14 ms. Memory: 240640K Free: 140364K (58%)
13 ms. Memory: 240640K Free: 138830K (58%)
 The next command will produce a warning about training mode,
   which may be ignored.
10 ms. Memory: 240640K Free: 136782K (57%)
 The next command will produce a warning about training mode,
   which may be ignored.
3 ms. Memory: 240640K Free: 135244K (56%)
1 ms. Memory: 240640K Free: 135244K (56%)
1 ms. Memory: 240640K Free: 134734K (56%)
3 ms. Memory: 240640K Free: 134206K (56%)
8 ms. Memory: 240640K Free: 133190K (55%)
6 ms. Memory: 240640K Free: 129100K (54%)
/home/travis/build/icyphy/ptII/ptolemy/actor/lib/test/TestExceptionHandler.tcl
 The next command will produce a warning about training mode,
   which may be ignored.
4 ms. Memory: 240640K Free: 128062K (53%)
1 ms. Memory: 240640K Free: 127566K (53%)
1 ms. Memory: 240640K Free: 127052K (53%)
/home/travis/build/icyphy/ptII/ptolemy/actor/lib/test/UnionDisassembler.tcl
24 ms. Memory: 240640K Free: 119374K (50%)
/home/travis/build/icyphy/ptII/ptolemy/actor/lib/test/VariableClock.tcl
preinitializing
resolving types
initializing
executing number 1
wrapping up
idle
10 ms. Memory: 240640K Free: 117822K (49%)
Completed execution with 11 iterations
preinitializing
resolving types
initializing
executing number 1
wrapping up
idle
6 ms. Memory: 240640K Free: 116302K (48%)
Completed execution with 10 iterations
07/14/19 06:16:02
Failed: 1  Total Tests: 234  ((Passed: 233, Newly Passed: 0)  Known Failed: 0) /home/travis/build/icyphy/ptII/ptolemy/actor/lib/test
----------------- testing (KnownFailure) /home/travis/build/icyphy/ptII/ptolemy/actor/lib/test/auto/knownFailedTests/PublisherPortToplevelSubscriber.xml
1 ms. Memory: 240640K Free: 112716K (47%)
Known Failure: java.lang.reflect.InvocationTargetException
----------------- testing (KnownFailure) /home/travis/build/icyphy/ptII/ptolemy/actor/lib/test/auto/knownFailedTests/PublisherSubscriberPortToplevel.xml
0 ms. Memory: 240640K Free: 108620K (45%)
Known Failure: java.lang.reflect.InvocationTargetException
----------------- testing (KnownFailure) /home/travis/build/icyphy/ptII/ptolemy/actor/lib/test/auto/knownFailedTests/PublisherSubscriptionAggregatorPort.xml
1 ms. Memory: 240640K Free: 104524K (43%)
Known Failure: java.lang.reflect.InvocationTargetException
----------------- testing (KnownFailure) /home/travis/build/icyphy/ptII/ptolemy/actor/lib/test/auto/knownFailedTests/sizedarray3.xml
4 ms. Memory: 240640K Free: 100428K (42%)
Known Failure: java.lang.reflect.InvocationTargetException
No auto/linux-amd64/*.xml tests in /home/travis/build/icyphy/ptII/ptolemy/actor/lib/test
AutoTests.java: About to close Vertx.
AutoTests.java: Vertx closed.

===========================================================================================
----------------- testing Sun Jul 14 18:16:03 UTC 2019 /home/travis/build/icyphy/ptII/ptolemy/actor/lib/test/auto/AbsoluteValue.xml
----------------- Instantiating /home/travis/build/icyphy/ptII/ptolemy/actor/lib/test/auto/AbsoluteValue.xml
12 ms. Memory: 240640K Free: 191174K (79%)
----------------- Invoking toplevel() on ptolemy.moml.MoMLSimpleApplication@4466f48
----------------- Done invoking toplevel() on ptolemy.moml.MoMLSimpleApplication@4466f48
reloadAllAccessors: .AbsoluteValue

===========================================================================================
----------------- testing Sun Jul 14 18:16:03 UTC 2019 /home/travis/build/icyphy/ptII/ptolemy/actor/lib/test/auto/AbsoluteValue2.xml
----------------- Instantiating /home/travis/build/icyphy/ptII/ptolemy/actor/lib/test/auto/AbsoluteValue2.xml
7 ms. Memory: 240640K Free: 184006K (76%)
----------------- Invoking toplevel() on ptolemy.moml.MoMLSimpleApplication@3733d9d8
----------------- Done invoking toplevel() on ptolemy.moml.MoMLSimpleApplication@3733d9d8
reloadAllAccessors: .AbsoluteValue2

===========================================================================================
----------------- testing Sun Jul 14 18:16:03 UTC 2019 /home/travis/build/icyphy/ptII/ptolemy/actor/lib/test/auto/Accumulator.xml
----------------- Instantiating /home/travis/build/icyphy/ptII/ptolemy/actor/lib/test/auto/Accumulator.xml
6 ms. Memory: 240640K Free: 177352K (74%)
----------------- Invoking toplevel() on ptolemy.moml.MoMLSimpleApplication@29d924fb
----------------- Done invoking toplevel() on ptolemy.moml.MoMLSimpleApplication@29d924fb
reloadAllAccessors: .Accumulator

===========================================================================================
----------------- testing Sun Jul 14 18:16:03 UTC 2019 /home/travis/build/icyphy/ptII/ptolemy/actor/lib/test/auto/Accumulator2.xml
----------------- Instantiating /home/travis/build/icyphy/ptII/ptolemy/actor/lib/test/auto/Accumulator2.xml
6 ms. Memory: 240640K Free: 171718K (71%)
----------------- Invoking toplevel() on ptolemy.moml.MoMLSimpleApplication@45615a43
----------------- Done invoking toplevel() on ptolemy.moml.MoMLSimpleApplication@45615a43
reloadAllAccessors: .Accumulator2

===========================================================================================
----------------- testing Sun Jul 14 18:16:03 UTC 2019 /home/travis/build/icyphy/ptII/ptolemy/actor/lib/test/auto/Accumulator3.xml
----------------- Instantiating /home/travis/build/icyphy/ptII/ptolemy/actor/lib/test/auto/Accumulator3.xml
3 ms. Memory: 240640K Free: 167622K (70%)
----------------- Invoking toplevel() on ptolemy.moml.MoMLSimpleApplication@2d2483fe
----------------- Done invoking toplevel() on ptolemy.moml.MoMLSimpleApplication@2d2483fe
reloadAllAccessors: .Accumulator3

===========================================================================================
----------------- testing Sun Jul 14 18:16:03 UTC 2019 /home/travis/build/icyphy/ptII/ptolemy/actor/lib/test/auto/ArrayAppend.xml
----------------- Instantiating /home/travis/build/icyphy/ptII/ptolemy/actor/lib/test/auto/ArrayAppend.xml
9 ms. Memory: 240640K Free: 161463K (67%)
----------------- Invoking toplevel() on ptolemy.moml.MoMLSimpleApplication@a82f860
----------------- Done invoking toplevel() on ptolemy.moml.MoMLSimpleApplication@a82f860
reloadAllAccessors: .ArrayAppend

===========================================================================================
----------------- testing Sun Jul 14 18:16:03 UTC 2019 /home/travis/build/icyphy/ptII/ptolemy/actor/lib/test/auto/ArrayAppend2.xml
----------------- Instantiating /home/travis/build/icyphy/ptII/ptolemy/actor/lib/test/auto/ArrayAppend2.xml
370 ms. Memory: 240640K Free: 79048K (33%)
----------------- Invoking toplevel() on ptolemy.moml.MoMLSimpleApplication@2f9aeddd
----------------- Done invoking toplevel() on ptolemy.moml.MoMLSimpleApplication@2f9aeddd
reloadAllAccessors: .ArrayAppend2

===========================================================================================
----------------- testing Sun Jul 14 18:16:04 UTC 2019 /home/travis/build/icyphy/ptII/ptolemy/actor/lib/test/auto/ArrayAppend3.xml
----------------- Instantiating /home/travis/build/icyphy/ptII/ptolemy/actor/lib/test/auto/ArrayAppend3.xml
12 ms. Memory: 240640K Free: 73928K (31%)
----------------- Invoking toplevel() on ptolemy.moml.MoMLSimpleApplication@4cd1d19b
----------------- Done invoking toplevel() on ptolemy.moml.MoMLSimpleApplication@4cd1d19b
reloadAllAccessors: .ArrayAppend3

===========================================================================================
----------------- testing Sun Jul 14 18:16:04 UTC 2019 /home/travis/build/icyphy/ptII/ptolemy/actor/lib/test/auto/ArrayAppend4.xml
----------------- Instantiating /home/travis/build/icyphy/ptII/ptolemy/actor/lib/test/auto/ArrayAppend4.xml
3 ms. Memory: 240640K Free: 192512K (80%)
----------------- Invoking toplevel() on ptolemy.moml.MoMLSimpleApplication@2a4c5588
----------------- Done invoking toplevel() on ptolemy.moml.MoMLSimpleApplication@2a4c5588
reloadAllAccessors: .ArrayAppend4

===========================================================================================
----------------- testing Sun Jul 14 18:16:04 UTC 2019 /home/travis/build/icyphy/ptII/ptolemy/actor/lib/test/auto/ArrayAppend5.xml
----------------- Instantiating /home/travis/build/icyphy/ptII/ptolemy/actor/lib/test/auto/ArrayAppend5.xml
3 ms. Memory: 240640K Free: 186878K (78%)
----------------- Invoking toplevel() on ptolemy.moml.MoMLSimpleApplication@75ec0f02
----------------- Done invoking toplevel() on ptolemy.moml.MoMLSimpleApplication@75ec0f02
reloadAllAccessors: .ArrayAppend5

===========================================================================================
----------------- testing Sun Jul 14 18:16:04 UTC 2019 /home/travis/build/icyphy/ptII/ptolemy/actor/lib/test/auto/ArrayAppend6.xml
----------------- Instantiating /home/travis/build/icyphy/ptII/ptolemy/actor/lib/test/auto/ArrayAppend6.xml
4 ms. Memory: 240640K Free: 181758K (76%)
----------------- Invoking toplevel() on ptolemy.moml.MoMLSimpleApplication@72f3ebe7
----------------- Done invoking toplevel() on ptolemy.moml.MoMLSimpleApplication@72f3ebe7
reloadAllAccessors: .ArrayAppend6

===========================================================================================
----------------- testing Sun Jul 14 18:16:04 UTC 2019 /home/travis/build/icyphy/ptII/ptolemy/actor/lib/test/auto/ArrayAppendPerformanceTest.xml
----------------- Instantiating /home/travis/build/icyphy/ptII/ptolemy/actor/lib/test/auto/ArrayAppendPerformanceTest.xml
38 ms. Memory: 240640K Free: 170494K (71%)
----------------- Invoking toplevel() on ptolemy.moml.MoMLSimpleApplication@2ea4ed57
----------------- Done invoking toplevel() on ptolemy.moml.MoMLSimpleApplication@2ea4ed57
reloadAllAccessors: .ArrayAppendPerformanceTest

===========================================================================================
----------------- testing Sun Jul 14 18:16:04 UTC 2019 /home/travis/build/icyphy/ptII/ptolemy/actor/lib/test/auto/ArrayAppendWithEmptyInput.xml
----------------- Instantiating /home/travis/build/icyphy/ptII/ptolemy/actor/lib/test/auto/ArrayAppendWithEmptyInput.xml
14 ms. Memory: 240640K Free: 162816K (68%)
----------------- Invoking toplevel() on ptolemy.moml.MoMLSimpleApplication@28370e34
----------------- Done invoking toplevel() on ptolemy.moml.MoMLSimpleApplication@28370e34
reloadAllAccessors: .ArrayAppendWithEmptyInput

===========================================================================================
----------------- testing Sun Jul 14 18:16:04 UTC 2019 /home/travis/build/icyphy/ptII/ptolemy/actor/lib/test/auto/ArrayAverage.xml
----------------- Instantiating /home/travis/build/icyphy/ptII/ptolemy/actor/lib/test/auto/ArrayAverage.xml
6 ms. Memory: 240640K Free: 154624K (64%)
----------------- Invoking toplevel() on ptolemy.moml.MoMLSimpleApplication@71fc5f72
----------------- Done invoking toplevel() on ptolemy.moml.MoMLSimpleApplication@71fc5f72
reloadAllAccessors: .ArrayAverage

===========================================================================================
----------------- testing Sun Jul 14 18:16:04 UTC 2019 /home/travis/build/icyphy/ptII/ptolemy/actor/lib/test/auto/ArrayContains.xml
----------------- Instantiating /home/travis/build/icyphy/ptII/ptolemy/actor/lib/test/auto/ArrayContains.xml
4 ms. Memory: 240640K Free: 148990K (62%)
----------------- Invoking toplevel() on ptolemy.moml.MoMLSimpleApplication@73e49b4d
----------------- Done invoking toplevel() on ptolemy.moml.MoMLSimpleApplication@73e49b4d
reloadAllAccessors: .ArrayContains

===========================================================================================
----------------- testing Sun Jul 14 18:16:04 UTC 2019 /home/travis/build/icyphy/ptII/ptolemy/actor/lib/test/auto/ArrayElement.xml
----------------- Instantiating /home/travis/build/icyphy/ptII/ptolemy/actor/lib/test/auto/ArrayElement.xml
3 ms. Memory: 240640K Free: 143360K (60%)
----------------- Invoking toplevel() on ptolemy.moml.MoMLSimpleApplication@7634ebfc
----------------- Done invoking toplevel() on ptolemy.moml.MoMLSimpleApplication@7634ebfc
reloadAllAccessors: .ArrayElement

===========================================================================================
----------------- testing Sun Jul 14 18:16:04 UTC 2019 /home/travis/build/icyphy/ptII/ptolemy/actor/lib/test/auto/ArrayElementAsMatrix.xml
----------------- Instantiating /home/travis/build/icyphy/ptII/ptolemy/actor/lib/test/auto/ArrayElementAsMatrix.xml
25 ms. Memory: 240640K Free: 133120K (55%)
----------------- Invoking toplevel() on ptolemy.moml.MoMLSimpleApplication@63d353e9
----------------- Done invoking toplevel() on ptolemy.moml.MoMLSimpleApplication@63d353e9
reloadAllAccessors: .ArrayElementAsMatrix

===========================================================================================
----------------- testing Sun Jul 14 18:16:04 UTC 2019 /home/travis/build/icyphy/ptII/ptolemy/actor/lib/test/auto/ArrayElementI.xml
----------------- Instantiating /home/travis/build/icyphy/ptII/ptolemy/actor/lib/test/auto/ArrayElementI.xml
3 ms. Memory: 240640K Free: 128510K (53%)
----------------- Invoking toplevel() on ptolemy.moml.MoMLSimpleApplication@dc94bd9
----------------- Done invoking toplevel() on ptolemy.moml.MoMLSimpleApplication@dc94bd9
reloadAllAccessors: .ArrayElementI

===========================================================================================
----------------- testing Sun Jul 14 18:16:04 UTC 2019 /home/travis/build/icyphy/ptII/ptolemy/actor/lib/test/auto/ArrayExtract.xml
----------------- Instantiating /home/travis/build/icyphy/ptII/ptolemy/actor/lib/test/auto/ArrayExtract.xml
5 ms. Memory: 240640K Free: 119808K (50%)
----------------- Invoking toplevel() on ptolemy.moml.MoMLSimpleApplication@32260fad
----------------- Done invoking toplevel() on ptolemy.moml.MoMLSimpleApplication@32260fad
reloadAllAccessors: .ArrayExtract

===========================================================================================
----------------- testing Sun Jul 14 18:16:04 UTC 2019 /home/travis/build/icyphy/ptII/ptolemy/actor/lib/test/auto/ArrayExtract2.xml
----------------- Instantiating /home/travis/build/icyphy/ptII/ptolemy/actor/lib/test/auto/ArrayExtract2.xml
2 ms. Memory: 240640K Free: 114688K (48%)
----------------- Invoking toplevel() on ptolemy.moml.MoMLSimpleApplication@651802ce
----------------- Done invoking toplevel() on ptolemy.moml.MoMLSimpleApplication@651802ce
reloadAllAccessors: .ArrayExtract2

===========================================================================================
----------------- testing Sun Jul 14 18:16:04 UTC 2019 /home/travis/build/icyphy/ptII/ptolemy/actor/lib/test/auto/ArrayLength.xml
----------------- Instantiating /home/travis/build/icyphy/ptII/ptolemy/actor/lib/test/auto/ArrayLength.xml
2 ms. Memory: 240640K Free: 110592K (46%)
----------------- Invoking toplevel() on ptolemy.moml.MoMLSimpleApplication@5c6683ef
----------------- Done invoking toplevel() on ptolemy.moml.MoMLSimpleApplication@5c6683ef
reloadAllAccessors: .ArrayLength

===========================================================================================
----------------- testing Sun Jul 14 18:16:04 UTC 2019 /home/travis/build/icyphy/ptII/ptolemy/actor/lib/test/auto/ArrayLevelCrossing.xml
----------------- Instantiating /home/travis/build/icyphy/ptII/ptolemy/actor/lib/test/auto/ArrayLevelCrossing.xml
3 ms. Memory: 240640K Free: 102910K (43%)
----------------- Invoking toplevel() on ptolemy.moml.MoMLSimpleApplication@3ae676d2
----------------- Done invoking toplevel() on ptolemy.moml.MoMLSimpleApplication@3ae676d2
reloadAllAccessors: .ArrayLevelCrossing

===========================================================================================
----------------- testing Sun Jul 14 18:16:04 UTC 2019 /home/travis/build/icyphy/ptII/ptolemy/actor/lib/test/auto/ArrayLevelCrossing2.xml
----------------- Instantiating /home/travis/build/icyphy/ptII/ptolemy/actor/lib/test/auto/ArrayLevelCrossing2.xml
3 ms. Memory: 240640K Free: 95232K (40%)
----------------- Invoking toplevel() on ptolemy.moml.MoMLSimpleApplication@27a93d1e
----------------- Done invoking toplevel() on ptolemy.moml.MoMLSimpleApplication@27a93d1e
reloadAllAccessors: .ArrayLevelCrossing2

===========================================================================================
----------------- testing Sun Jul 14 18:16:04 UTC 2019 /home/travis/build/icyphy/ptII/ptolemy/actor/lib/test/auto/ArrayPeakSearch.xml
----------------- Instantiating /home/travis/build/icyphy/ptII/ptolemy/actor/lib/test/auto/ArrayPeakSearch.xml
4 ms. Memory: 240640K Free: 86526K (36%)
----------------- Invoking toplevel() on ptolemy.moml.MoMLSimpleApplication@506934db
----------------- Done invoking toplevel() on ptolemy.moml.MoMLSimpleApplication@506934db
reloadAllAccessors: .ArrayPeakSearch

===========================================================================================
----------------- testing Sun Jul 14 18:16:04 UTC 2019 /home/travis/build/icyphy/ptII/ptolemy/actor/lib/test/auto/ArrayPeakSearch2.xml
----------------- Instantiating /home/travis/build/icyphy/ptII/ptolemy/actor/lib/test/auto/ArrayPeakSearch2.xml
10 ms. Memory: 240640K Free: 75776K (31%)
----------------- Invoking toplevel() on ptolemy.moml.MoMLSimpleApplication@ddea603
----------------- Done invoking toplevel() on ptolemy.moml.MoMLSimpleApplication@ddea603
reloadAllAccessors: .ArrayPeakSearch2

===========================================================================================
----------------- testing Sun Jul 14 18:16:05 UTC 2019 /home/travis/build/icyphy/ptII/ptolemy/actor/lib/test/auto/ArrayPeakSearch3.xml
----------------- Instantiating /home/travis/build/icyphy/ptII/ptolemy/actor/lib/test/auto/ArrayPeakSearch3.xml
4 ms. Memory: 240640K Free: 67070K (28%)
----------------- Invoking toplevel() on ptolemy.moml.MoMLSimpleApplication@1322a608
----------------- Done invoking toplevel() on ptolemy.moml.MoMLSimpleApplication@1322a608
reloadAllAccessors: .ArrayPeakSearch3

===========================================================================================
----------------- testing Sun Jul 14 18:16:05 UTC 2019 /home/travis/build/icyphy/ptII/ptolemy/actor/lib/test/auto/ArrayRemoveElement.xml
----------------- Instantiating /home/travis/build/icyphy/ptII/ptolemy/actor/lib/test/auto/ArrayRemoveElement.xml
4 ms. Memory: 240640K Free: 58878K (24%)
----------------- Invoking toplevel() on ptolemy.moml.MoMLSimpleApplication@6ee3269a
----------------- Done invoking toplevel() on ptolemy.moml.MoMLSimpleApplication@6ee3269a
reloadAllAccessors: .ArrayRemoveElement

===========================================================================================
----------------- testing Sun Jul 14 18:16:05 UTC 2019 /home/travis/build/icyphy/ptII/ptolemy/actor/lib/test/auto/ArraySort.xml
----------------- Instantiating /home/travis/build/icyphy/ptII/ptolemy/actor/lib/test/auto/ArraySort.xml
9 ms. Memory: 240640K Free: 192512K (80%)
----------------- Invoking toplevel() on ptolemy.moml.MoMLSimpleApplication@1aceae13
----------------- Done invoking toplevel() on ptolemy.moml.MoMLSimpleApplication@1aceae13
reloadAllAccessors: .ArraySort

===========================================================================================
----------------- testing Sun Jul 14 18:16:05 UTC 2019 /home/travis/build/icyphy/ptII/ptolemy/actor/lib/test/auto/ArraySum.xml
----------------- Instantiating /home/travis/build/icyphy/ptII/ptolemy/actor/lib/test/auto/ArraySum.xml
9 ms. Memory: 240640K Free: 186368K (77%)
----------------- Invoking toplevel() on ptolemy.moml.MoMLSimpleApplication@7984e3e9
----------------- Done invoking toplevel() on ptolemy.moml.MoMLSimpleApplication@7984e3e9
reloadAllAccessors: .ArraySum

===========================================================================================
----------------- testing Sun Jul 14 18:16:05 UTC 2019 /home/travis/build/icyphy/ptII/ptolemy/actor/lib/test/auto/ArrayToElements.xml
----------------- Instantiating /home/travis/build/icyphy/ptII/ptolemy/actor/lib/test/auto/ArrayToElements.xml
6 ms. Memory: 240640K Free: 181248K (75%)
----------------- Invoking toplevel() on ptolemy.moml.MoMLSimpleApplication@32ff2edd
----------------- Done invoking toplevel() on ptolemy.moml.MoMLSimpleApplication@32ff2edd
reloadAllAccessors: .ArrayToElements

===========================================================================================
----------------- testing Sun Jul 14 18:16:05 UTC 2019 /home/travis/build/icyphy/ptII/ptolemy/actor/lib/test/auto/ArrayToMatrix.xml
----------------- Instantiating /home/travis/build/icyphy/ptII/ptolemy/actor/lib/test/auto/ArrayToMatrix.xml
10 ms. Memory: 240640K Free: 166912K (69%)
----------------- Invoking toplevel() on ptolemy.moml.MoMLSimpleApplication@6d537e61
----------------- Done invoking toplevel() on ptolemy.moml.MoMLSimpleApplication@6d537e61
reloadAllAccessors: .ArrayToMatrix

===========================================================================================
----------------- testing Sun Jul 14 18:16:05 UTC 2019 /home/travis/build/icyphy/ptII/ptolemy/actor/lib/test/auto/ArrayUpdate1.xml
----------------- Instantiating /home/travis/build/icyphy/ptII/ptolemy/actor/lib/test/auto/ArrayUpdate1.xml
5 ms. Memory: 240640K Free: 162302K (67%)
----------------- Invoking toplevel() on ptolemy.moml.MoMLSimpleApplication@853eca4
----------------- Done invoking toplevel() on ptolemy.moml.MoMLSimpleApplication@853eca4
reloadAllAccessors: .ArrayUpdate1

===========================================================================================
----------------- testing Sun Jul 14 18:16:05 UTC 2019 /home/travis/build/icyphy/ptII/ptolemy/actor/lib/test/auto/ArrayUpdate2.xml
----------------- Instantiating /home/travis/build/icyphy/ptII/ptolemy/actor/lib/test/auto/ArrayUpdate2.xml
8 ms. Memory: 240640K Free: 155648K (65%)
----------------- Invoking toplevel() on ptolemy.moml.MoMLSimpleApplication@4e82256
----------------- Done invoking toplevel() on ptolemy.moml.MoMLSimpleApplication@4e82256
reloadAllAccessors: .ArrayUpdate2

===========================================================================================
----------------- testing Sun Jul 14 18:16:05 UTC 2019 /home/travis/build/icyphy/ptII/ptolemy/actor/lib/test/auto/ArrayUpdate3.xml
----------------- Instantiating /home/travis/build/icyphy/ptII/ptolemy/actor/lib/test/auto/ArrayUpdate3.xml
6 ms. Memory: 240640K Free: 151038K (63%)
----------------- Invoking toplevel() on ptolemy.moml.MoMLSimpleApplication@6120cc75
----------------- Done invoking toplevel() on ptolemy.moml.MoMLSimpleApplication@6120cc75
reloadAllAccessors: .ArrayUpdate3

===========================================================================================
----------------- testing Sun Jul 14 18:16:05 UTC 2019 /home/travis/build/icyphy/ptII/ptolemy/actor/lib/test/auto/Assert1.xml
----------------- Instantiating /home/travis/build/icyphy/ptII/ptolemy/actor/lib/test/auto/Assert1.xml
6 ms. Memory: 240640K Free: 146432K (61%)
----------------- Invoking toplevel() on ptolemy.moml.MoMLSimpleApplication@7da1e083
----------------- Done invoking toplevel() on ptolemy.moml.MoMLSimpleApplication@7da1e083
reloadAllAccessors: .Assert1

===========================================================================================
----------------- testing Sun Jul 14 18:16:05 UTC 2019 /home/travis/build/icyphy/ptII/ptolemy/actor/lib/test/auto/Assert2.xml
----------------- Instantiating /home/travis/build/icyphy/ptII/ptolemy/actor/lib/test/auto/Assert2.xml
2 ms. Memory: 240640K Free: 141312K (59%)
----------------- Invoking toplevel() on ptolemy.moml.MoMLSimpleApplication@f373163
----------------- Done invoking toplevel() on ptolemy.moml.MoMLSimpleApplication@f373163
reloadAllAccessors: .Assert2

===========================================================================================
----------------- testing Sun Jul 14 18:16:05 UTC 2019 /home/travis/build/icyphy/ptII/ptolemy/actor/lib/test/auto/BooleanMultiplexor.xml
----------------- Instantiating /home/travis/build/icyphy/ptII/ptolemy/actor/lib/test/auto/BooleanMultiplexor.xml
3 ms. Memory: 240640K Free: 135663K (56%)
----------------- Invoking toplevel() on ptolemy.moml.MoMLSimpleApplication@50778b13
----------------- Done invoking toplevel() on ptolemy.moml.MoMLSimpleApplication@50778b13
reloadAllAccessors: .BooleanMultiplexor

===========================================================================================
----------------- testing Sun Jul 14 18:16:05 UTC 2019 /home/travis/build/icyphy/ptII/ptolemy/actor/lib/test/auto/BooleanMultiplexor2.xml
----------------- Instantiating /home/travis/build/icyphy/ptII/ptolemy/actor/lib/test/auto/BooleanMultiplexor2.xml
14 ms. Memory: 240640K Free: 129534K (54%)
----------------- Invoking toplevel() on ptolemy.moml.MoMLSimpleApplication@33f24bda
----------------- Done invoking toplevel() on ptolemy.moml.MoMLSimpleApplication@33f24bda
reloadAllAccessors: .BooleanMultiplexor2

===========================================================================================
----------------- testing Sun Jul 14 18:16:05 UTC 2019 /home/travis/build/icyphy/ptII/ptolemy/actor/lib/test/auto/BooleanMultiplexor3.xml
----------------- Instantiating /home/travis/build/icyphy/ptII/ptolemy/actor/lib/test/auto/BooleanMultiplexor3.xml
2 ms. Memory: 240640K Free: 125438K (52%)
----------------- Invoking toplevel() on ptolemy.moml.MoMLSimpleApplication@102a46fe
----------------- Done invoking toplevel() on ptolemy.moml.MoMLSimpleApplication@102a46fe
reloadAllAccessors: .BooleanMultiplexor3

===========================================================================================
----------------- testing Sun Jul 14 18:16:05 UTC 2019 /home/travis/build/icyphy/ptII/ptolemy/actor/lib/test/auto/BooleanSelect.xml
----------------- Instantiating /home/travis/build/icyphy/ptII/ptolemy/actor/lib/test/auto/BooleanSelect.xml
9 ms. Memory: 240640K Free: 119808K (50%)
----------------- Invoking toplevel() on ptolemy.moml.MoMLSimpleApplication@466b1d11
----------------- Done invoking toplevel() on ptolemy.moml.MoMLSimpleApplication@466b1d11
reloadAllAccessors: .BooleanSelect

===========================================================================================
----------------- testing Sun Jul 14 18:16:05 UTC 2019 /home/travis/build/icyphy/ptII/ptolemy/actor/lib/test/auto/BooleanSelect2.xml
----------------- Instantiating /home/travis/build/icyphy/ptII/ptolemy/actor/lib/test/auto/BooleanSelect2.xml
2 ms. Memory: 240640K Free: 115198K (48%)
----------------- Invoking toplevel() on ptolemy.moml.MoMLSimpleApplication@1d2fd320
----------------- Done invoking toplevel() on ptolemy.moml.MoMLSimpleApplication@1d2fd320
reloadAllAccessors: .BooleanSelect2

===========================================================================================
----------------- testing Sun Jul 14 18:16:05 UTC 2019 /home/travis/build/icyphy/ptII/ptolemy/actor/lib/test/auto/BooleanSwitch.xml
----------------- Instantiating /home/travis/build/icyphy/ptII/ptolemy/actor/lib/test/auto/BooleanSwitch.xml
7 ms. Memory: 240640K Free: 109568K (46%)
----------------- Invoking toplevel() on ptolemy.moml.MoMLSimpleApplication@942ba81
----------------- Done invoking toplevel() on ptolemy.moml.MoMLSimpleApplication@942ba81
reloadAllAccessors: .BooleanSwitch

===========================================================================================
----------------- testing Sun Jul 14 18:16:05 UTC 2019 /home/travis/build/icyphy/ptII/ptolemy/actor/lib/test/auto/BooleanSwitch2.xml
----------------- Instantiating /home/travis/build/icyphy/ptII/ptolemy/actor/lib/test/auto/BooleanSwitch2.xml
2 ms. Memory: 240640K Free: 104958K (44%)
----------------- Invoking toplevel() on ptolemy.moml.MoMLSimpleApplication@7f2f6ee0
----------------- Done invoking toplevel() on ptolemy.moml.MoMLSimpleApplication@7f2f6ee0
reloadAllAccessors: .BooleanSwitch2

===========================================================================================
----------------- testing Sun Jul 14 18:16:05 UTC 2019 /home/travis/build/icyphy/ptII/ptolemy/actor/lib/test/auto/BooleanSwitchCloningBugWithClassRelationGroup.xml
----------------- Instantiating /home/travis/build/icyphy/ptII/ptolemy/actor/lib/test/auto/BooleanSwitchCloningBugWithClassRelationGroup.xml
4 ms. Memory: 240640K Free: 98814K (41%)
----------------- Invoking toplevel() on ptolemy.moml.MoMLSimpleApplication@248a44bb
----------------- Done invoking toplevel() on ptolemy.moml.MoMLSimpleApplication@248a44bb
reloadAllAccessors: .BooleanSwitchCloningBugWithClassRelationGroup

===========================================================================================
----------------- testing Sun Jul 14 18:16:05 UTC 2019 /home/travis/build/icyphy/ptII/ptolemy/actor/lib/test/auto/BusActors.xml
----------------- Instantiating /home/travis/build/icyphy/ptII/ptolemy/actor/lib/test/auto/BusActors.xml
7 ms. Memory: 240640K Free: 90622K (38%)
----------------- Invoking toplevel() on ptolemy.moml.MoMLSimpleApplication@1151d7fc
----------------- Done invoking toplevel() on ptolemy.moml.MoMLSimpleApplication@1151d7fc
reloadAllAccessors: .BusActors

===========================================================================================
----------------- testing Sun Jul 14 18:16:05 UTC 2019 /home/travis/build/icyphy/ptII/ptolemy/actor/lib/test/auto/ClassWrapper.xml
----------------- Instantiating /home/travis/build/icyphy/ptII/ptolemy/actor/lib/test/auto/ClassWrapper.xml
5 ms. Memory: 240640K Free: 86526K (36%)
----------------- Invoking toplevel() on ptolemy.moml.MoMLSimpleApplication@403d6a99
----------------- Done invoking toplevel() on ptolemy.moml.MoMLSimpleApplication@403d6a99
reloadAllAccessors: .ClassWrapper

===========================================================================================
----------------- testing Sun Jul 14 18:16:05 UTC 2019 /home/travis/build/icyphy/ptII/ptolemy/actor/lib/test/auto/Clock.xml
----------------- Instantiating /home/travis/build/icyphy/ptII/ptolemy/actor/lib/test/auto/Clock.xml
2 ms. Memory: 240640K Free: 82430K (34%)
----------------- Invoking toplevel() on ptolemy.moml.MoMLSimpleApplication@7726c403
----------------- Done invoking toplevel() on ptolemy.moml.MoMLSimpleApplication@7726c403
reloadAllAccessors: .Clock

===========================================================================================
----------------- testing Sun Jul 14 18:16:05 UTC 2019 /home/travis/build/icyphy/ptII/ptolemy/actor/lib/test/auto/Clock10.xml
----------------- Instantiating /home/travis/build/icyphy/ptII/ptolemy/actor/lib/test/auto/Clock10.xml
5 ms. Memory: 240640K Free: 76800K (32%)
----------------- Invoking toplevel() on ptolemy.moml.MoMLSimpleApplication@5258965a
----------------- Done invoking toplevel() on ptolemy.moml.MoMLSimpleApplication@5258965a
reloadAllAccessors: .Clock10

===========================================================================================
----------------- testing Sun Jul 14 18:16:05 UTC 2019 /home/travis/build/icyphy/ptII/ptolemy/actor/lib/test/auto/Clock11.xml
----------------- Instantiating /home/travis/build/icyphy/ptII/ptolemy/actor/lib/test/auto/Clock11.xml
2 ms. Memory: 240640K Free: 70656K (29%)
----------------- Invoking toplevel() on ptolemy.moml.MoMLSimpleApplication@7e968e92
----------------- Done invoking toplevel() on ptolemy.moml.MoMLSimpleApplication@7e968e92
reloadAllAccessors: .Clock11

===========================================================================================
----------------- testing Sun Jul 14 18:16:05 UTC 2019 /home/travis/build/icyphy/ptII/ptolemy/actor/lib/test/auto/Clock12.xml
----------------- Instantiating /home/travis/build/icyphy/ptII/ptolemy/actor/lib/test/auto/Clock12.xml
3 ms. Memory: 240640K Free: 65022K (27%)
----------------- Invoking toplevel() on ptolemy.moml.MoMLSimpleApplication@3310083b
----------------- Done invoking toplevel() on ptolemy.moml.MoMLSimpleApplication@3310083b
reloadAllAccessors: .Clock12

===========================================================================================
----------------- testing Sun Jul 14 18:16:05 UTC 2019 /home/travis/build/icyphy/ptII/ptolemy/actor/lib/test/auto/Clock13.xml
----------------- Instantiating /home/travis/build/icyphy/ptII/ptolemy/actor/lib/test/auto/Clock13.xml
3 ms. Memory: 240640K Free: 58847K (24%)
----------------- Invoking toplevel() on ptolemy.moml.MoMLSimpleApplication@59bdc8c1
----------------- Done invoking toplevel() on ptolemy.moml.MoMLSimpleApplication@59bdc8c1
reloadAllAccessors: .Clock13

===========================================================================================
----------------- testing Sun Jul 14 18:16:05 UTC 2019 /home/travis/build/icyphy/ptII/ptolemy/actor/lib/test/auto/Clock14.xml
----------------- Instantiating /home/travis/build/icyphy/ptII/ptolemy/actor/lib/test/auto/Clock14.xml
2 ms. Memory: 240640K Free: 52727K (22%)
----------------- Invoking toplevel() on ptolemy.moml.MoMLSimpleApplication@268f4021
----------------- Done invoking toplevel() on ptolemy.moml.MoMLSimpleApplication@268f4021
reloadAllAccessors: .Clock14

===========================================================================================
----------------- testing Sun Jul 14 18:16:05 UTC 2019 /home/travis/build/icyphy/ptII/ptolemy/actor/lib/test/auto/Clock15.xml
----------------- Instantiating /home/travis/build/icyphy/ptII/ptolemy/actor/lib/test/auto/Clock15.xml
6 ms. Memory: 240640K Free: 190493K (79%)
----------------- Invoking toplevel() on ptolemy.moml.MoMLSimpleApplication@5f627726
----------------- Done invoking toplevel() on ptolemy.moml.MoMLSimpleApplication@5f627726
reloadAllAccessors: .Clock15

===========================================================================================
----------------- testing Sun Jul 14 18:16:05 UTC 2019 /home/travis/build/icyphy/ptII/ptolemy/actor/lib/test/auto/Clock16.xml
----------------- Instantiating /home/travis/build/icyphy/ptII/ptolemy/actor/lib/test/auto/Clock16.xml
27 ms. Memory: 240640K Free: 175637K (73%)
----------------- Invoking toplevel() on ptolemy.moml.MoMLSimpleApplication@50374c03
----------------- Done invoking toplevel() on ptolemy.moml.MoMLSimpleApplication@50374c03
reloadAllAccessors: .Clock16

===========================================================================================
----------------- testing Sun Jul 14 18:16:05 UTC 2019 /home/travis/build/icyphy/ptII/ptolemy/actor/lib/test/auto/Clock17.xml
----------------- Instantiating /home/travis/build/icyphy/ptII/ptolemy/actor/lib/test/auto/Clock17.xml
17 ms. Memory: 240640K Free: 161293K (67%)
----------------- Invoking toplevel() on ptolemy.moml.MoMLSimpleApplication@2c7d2798
----------------- Done invoking toplevel() on ptolemy.moml.MoMLSimpleApplication@2c7d2798
reloadAllAccessors: .Clock17

===========================================================================================
----------------- testing Sun Jul 14 18:16:05 UTC 2019 /home/travis/build/icyphy/ptII/ptolemy/actor/lib/test/auto/Clock18.xml
----------------- Instantiating /home/travis/build/icyphy/ptII/ptolemy/actor/lib/test/auto/Clock18.xml
23 ms. Memory: 240640K Free: 147981K (61%)
----------------- Invoking toplevel() on ptolemy.moml.MoMLSimpleApplication@7f3c9a6c
----------------- Done invoking toplevel() on ptolemy.moml.MoMLSimpleApplication@7f3c9a6c
reloadAllAccessors: .Clock18

===========================================================================================
----------------- testing Sun Jul 14 18:16:06 UTC 2019 /home/travis/build/icyphy/ptII/ptolemy/actor/lib/test/auto/Clock19.xml
----------------- Instantiating /home/travis/build/icyphy/ptII/ptolemy/actor/lib/test/auto/Clock19.xml
13 ms. Memory: 240640K Free: 134677K (56%)
----------------- Invoking toplevel() on ptolemy.moml.MoMLSimpleApplication@222e8a75
----------------- Done invoking toplevel() on ptolemy.moml.MoMLSimpleApplication@222e8a75
reloadAllAccessors: .Clock19

===========================================================================================
----------------- testing Sun Jul 14 18:16:06 UTC 2019 /home/travis/build/icyphy/ptII/ptolemy/actor/lib/test/auto/Clock2.xml
----------------- Instantiating /home/travis/build/icyphy/ptII/ptolemy/actor/lib/test/auto/Clock2.xml
5 ms. Memory: 240640K Free: 130077K (54%)
----------------- Invoking toplevel() on ptolemy.moml.MoMLSimpleApplication@45911132
----------------- Done invoking toplevel() on ptolemy.moml.MoMLSimpleApplication@45911132
reloadAllAccessors: .Clock2

===========================================================================================
----------------- testing Sun Jul 14 18:16:06 UTC 2019 /home/travis/build/icyphy/ptII/ptolemy/actor/lib/test/auto/Clock20.xml
----------------- Instantiating /home/travis/build/icyphy/ptII/ptolemy/actor/lib/test/auto/Clock20.xml
9 ms. Memory: 240640K Free: 124443K (52%)
----------------- Invoking toplevel() on ptolemy.moml.MoMLSimpleApplication@35186593
----------------- Done invoking toplevel() on ptolemy.moml.MoMLSimpleApplication@35186593
reloadAllAccessors: .Clock20

===========================================================================================
----------------- testing Sun Jul 14 18:16:06 UTC 2019 /home/travis/build/icyphy/ptII/ptolemy/actor/lib/test/auto/Clock21.xml
----------------- Instantiating /home/travis/build/icyphy/ptII/ptolemy/actor/lib/test/auto/Clock21.xml
8 ms. Memory: 240640K Free: 119323K (50%)
----------------- Invoking toplevel() on ptolemy.moml.MoMLSimpleApplication@134fd558
----------------- Done invoking toplevel() on ptolemy.moml.MoMLSimpleApplication@134fd558
reloadAllAccessors: .Clock21

===========================================================================================
----------------- testing Sun Jul 14 18:16:06 UTC 2019 /home/travis/build/icyphy/ptII/ptolemy/actor/lib/test/auto/Clock22.xml
----------------- Instantiating /home/travis/build/icyphy/ptII/ptolemy/actor/lib/test/auto/Clock22.xml
4 ms. Memory: 240640K Free: 113693K (47%)
----------------- Invoking toplevel() on ptolemy.moml.MoMLSimpleApplication@1690b8de
----------------- Done invoking toplevel() on ptolemy.moml.MoMLSimpleApplication@1690b8de
reloadAllAccessors: .Clock22

===========================================================================================
----------------- testing Sun Jul 14 18:16:06 UTC 2019 /home/travis/build/icyphy/ptII/ptolemy/actor/lib/test/auto/Clock23.xml
----------------- Instantiating /home/travis/build/icyphy/ptII/ptolemy/actor/lib/test/auto/Clock23.xml
2 ms. Memory: 240640K Free: 108059K (45%)
----------------- Invoking toplevel() on ptolemy.moml.MoMLSimpleApplication@25b52041
----------------- Done invoking toplevel() on ptolemy.moml.MoMLSimpleApplication@25b52041
reloadAllAccessors: .Clock23

===========================================================================================
----------------- testing Sun Jul 14 18:16:06 UTC 2019 /home/travis/build/icyphy/ptII/ptolemy/actor/lib/test/auto/Clock24.xml
----------------- Instantiating /home/travis/build/icyphy/ptII/ptolemy/actor/lib/test/auto/Clock24.xml
6 ms. Memory: 240640K Free: 102939K (43%)
----------------- Invoking toplevel() on ptolemy.moml.MoMLSimpleApplication@7a11eb16
----------------- Done invoking toplevel() on ptolemy.moml.MoMLSimpleApplication@7a11eb16
reloadAllAccessors: .Clock24

===========================================================================================
----------------- testing Sun Jul 14 18:16:06 UTC 2019 /home/travis/build/icyphy/ptII/ptolemy/actor/lib/test/auto/Clock4.xml
----------------- Instantiating /home/travis/build/icyphy/ptII/ptolemy/actor/lib/test/auto/Clock4.xml
2 ms. Memory: 240640K Free: 97813K (41%)
----------------- Invoking toplevel() on ptolemy.moml.MoMLSimpleApplication@2d62f5ec
----------------- Done invoking toplevel() on ptolemy.moml.MoMLSimpleApplication@2d62f5ec
reloadAllAccessors: .Clock4

===========================================================================================
----------------- testing Sun Jul 14 18:16:06 UTC 2019 /home/travis/build/icyphy/ptII/ptolemy/actor/lib/test/auto/Clock5.xml
----------------- Instantiating /home/travis/build/icyphy/ptII/ptolemy/actor/lib/test/auto/Clock5.xml
5 ms. Memory: 240640K Free: 92693K (39%)
----------------- Invoking toplevel() on ptolemy.moml.MoMLSimpleApplication@3a523f28
----------------- Done invoking toplevel() on ptolemy.moml.MoMLSimpleApplication@3a523f28
reloadAllAccessors: .Clock5

===========================================================================================
----------------- testing Sun Jul 14 18:16:06 UTC 2019 /home/travis/build/icyphy/ptII/ptolemy/actor/lib/test/auto/Clock6.xml
----------------- Instantiating /home/travis/build/icyphy/ptII/ptolemy/actor/lib/test/auto/Clock6.xml
3 ms. Memory: 240640K Free: 88093K (37%)
----------------- Invoking toplevel() on ptolemy.moml.MoMLSimpleApplication@75c396af
----------------- Done invoking toplevel() on ptolemy.moml.MoMLSimpleApplication@75c396af
reloadAllAccessors: .Clock6

===========================================================================================
----------------- testing Sun Jul 14 18:16:06 UTC 2019 /home/travis/build/icyphy/ptII/ptolemy/actor/lib/test/auto/Clock7.xml
----------------- Instantiating /home/travis/build/icyphy/ptII/ptolemy/actor/lib/test/auto/Clock7.xml
3 ms. Memory: 240640K Free: 83483K (35%)
----------------- Invoking toplevel() on ptolemy.moml.MoMLSimpleApplication@54a9ea48
----------------- Done invoking toplevel() on ptolemy.moml.MoMLSimpleApplication@54a9ea48
reloadAllAccessors: .Clock7

===========================================================================================
----------------- testing Sun Jul 14 18:16:06 UTC 2019 /home/travis/build/icyphy/ptII/ptolemy/actor/lib/test/auto/Clock8.xml
----------------- Instantiating /home/travis/build/icyphy/ptII/ptolemy/actor/lib/test/auto/Clock8.xml
7 ms. Memory: 240640K Free: 78349K (33%)
----------------- Invoking toplevel() on ptolemy.moml.MoMLSimpleApplication@35005ad9
----------------- Done invoking toplevel() on ptolemy.moml.MoMLSimpleApplication@35005ad9
reloadAllAccessors: .Clock8

===========================================================================================
----------------- testing Sun Jul 14 18:16:06 UTC 2019 /home/travis/build/icyphy/ptII/ptolemy/actor/lib/test/auto/Clock9.xml
----------------- Instantiating /home/travis/build/icyphy/ptII/ptolemy/actor/lib/test/auto/Clock9.xml
6 ms. Memory: 240640K Free: 72733K (30%)
----------------- Invoking toplevel() on ptolemy.moml.MoMLSimpleApplication@1feb96b
----------------- Done invoking toplevel() on ptolemy.moml.MoMLSimpleApplication@1feb96b
reloadAllAccessors: .Clock9

===========================================================================================
----------------- testing Sun Jul 14 18:16:06 UTC 2019 /home/travis/build/icyphy/ptII/ptolemy/actor/lib/test/auto/CommDistDiscard.xml
----------------- Instantiating /home/travis/build/icyphy/ptII/ptolemy/actor/lib/test/auto/CommDistDiscard.xml
4 ms. Memory: 240640K Free: 67613K (28%)
----------------- Invoking toplevel() on ptolemy.moml.MoMLSimpleApplication@b38cac4
----------------- Done invoking toplevel() on ptolemy.moml.MoMLSimpleApplication@b38cac4
reloadAllAccessors: .CommDistDiscard

===========================================================================================
----------------- testing Sun Jul 14 18:16:06 UTC 2019 /home/travis/build/icyphy/ptII/ptolemy/actor/lib/test/auto/Commutator.xml
----------------- Instantiating /home/travis/build/icyphy/ptII/ptolemy/actor/lib/test/auto/Commutator.xml
2 ms. Memory: 240640K Free: 63003K (26%)
----------------- Invoking toplevel() on ptolemy.moml.MoMLSimpleApplication@2ffc9faf
----------------- Done invoking toplevel() on ptolemy.moml.MoMLSimpleApplication@2ffc9faf
reloadAllAccessors: .Commutator

===========================================================================================
----------------- testing Sun Jul 14 18:16:06 UTC 2019 /home/travis/build/icyphy/ptII/ptolemy/actor/lib/test/auto/Commutator2.xml
----------------- Instantiating /home/travis/build/icyphy/ptII/ptolemy/actor/lib/test/auto/Commutator2.xml
1 ms. Memory: 240640K Free: 58397K (24%)
----------------- Invoking toplevel() on ptolemy.moml.MoMLSimpleApplication@643db64d
----------------- Done invoking toplevel() on ptolemy.moml.MoMLSimpleApplication@643db64d
reloadAllAccessors: .Commutator2

===========================================================================================
----------------- testing Sun Jul 14 18:16:06 UTC 2019 /home/travis/build/icyphy/ptII/ptolemy/actor/lib/test/auto/Commutator3.xml
----------------- Instantiating /home/travis/build/icyphy/ptII/ptolemy/actor/lib/test/auto/Commutator3.xml
2 ms. Memory: 240640K Free: 54301K (23%)
----------------- Invoking toplevel() on ptolemy.moml.MoMLSimpleApplication@54356170
----------------- Done invoking toplevel() on ptolemy.moml.MoMLSimpleApplication@54356170
reloadAllAccessors: .Commutator3

===========================================================================================
----------------- testing Sun Jul 14 18:16:06 UTC 2019 /home/travis/build/icyphy/ptII/ptolemy/actor/lib/test/auto/Compare.xml
----------------- Instantiating /home/travis/build/icyphy/ptII/ptolemy/actor/lib/test/auto/Compare.xml
3 ms. Memory: 240640K Free: 191296K (79%)
----------------- Invoking toplevel() on ptolemy.moml.MoMLSimpleApplication@77ff381b
----------------- Done invoking toplevel() on ptolemy.moml.MoMLSimpleApplication@77ff381b
reloadAllAccessors: .Compare

===========================================================================================
----------------- testing Sun Jul 14 18:16:06 UTC 2019 /home/travis/build/icyphy/ptII/ptolemy/actor/lib/test/auto/CompareDE.xml
----------------- Instantiating /home/travis/build/icyphy/ptII/ptolemy/actor/lib/test/auto/CompareDE.xml
4 ms. Memory: 240640K Free: 184128K (77%)
----------------- Invoking toplevel() on ptolemy.moml.MoMLSimpleApplication@21511ccb
----------------- Done invoking toplevel() on ptolemy.moml.MoMLSimpleApplication@21511ccb
reloadAllAccessors: .CompareDE

===========================================================================================
----------------- testing Sun Jul 14 18:16:06 UTC 2019 /home/travis/build/icyphy/ptII/ptolemy/actor/lib/test/auto/ComplexDivide.xml
----------------- Instantiating /home/travis/build/icyphy/ptII/ptolemy/actor/lib/test/auto/ComplexDivide.xml
1 ms. Memory: 240640K Free: 180032K (75%)
----------------- Invoking toplevel() on ptolemy.moml.MoMLSimpleApplication@18935fa1
----------------- Done invoking toplevel() on ptolemy.moml.MoMLSimpleApplication@18935fa1
reloadAllAccessors: .ComplexDivide

===========================================================================================
----------------- testing Sun Jul 14 18:16:06 UTC 2019 /home/travis/build/icyphy/ptII/ptolemy/actor/lib/test/auto/ComputeHistogram.xml
----------------- Instantiating /home/travis/build/icyphy/ptII/ptolemy/actor/lib/test/auto/ComputeHistogram.xml
34 ms. Memory: 240640K Free: 167744K (70%)
----------------- Invoking toplevel() on ptolemy.moml.MoMLSimpleApplication@53d73fe5
----------------- Done invoking toplevel() on ptolemy.moml.MoMLSimpleApplication@53d73fe5
reloadAllAccessors: .ComputeHistogram

===========================================================================================
----------------- testing Sun Jul 14 18:16:06 UTC 2019 /home/travis/build/icyphy/ptII/ptolemy/actor/lib/test/auto/ConfigurationSelect.xml
----------------- Instantiating /home/travis/build/icyphy/ptII/ptolemy/actor/lib/test/auto/ConfigurationSelect.xml
10 ms. Memory: 240640K Free: 162096K (67%)
----------------- Invoking toplevel() on ptolemy.moml.MoMLSimpleApplication@7928f574
----------------- Done invoking toplevel() on ptolemy.moml.MoMLSimpleApplication@7928f574
reloadAllAccessors: .ConfigurationSelect

===========================================================================================
----------------- testing Sun Jul 14 18:16:06 UTC 2019 /home/travis/build/icyphy/ptII/ptolemy/actor/lib/test/auto/ConfigurationSelect2.xml
----------------- Instantiating /home/travis/build/icyphy/ptII/ptolemy/actor/lib/test/auto/ConfigurationSelect2.xml
2 ms. Memory: 240640K Free: 157504K (65%)
----------------- Invoking toplevel() on ptolemy.moml.MoMLSimpleApplication@779f66fa
----------------- Done invoking toplevel() on ptolemy.moml.MoMLSimpleApplication@779f66fa
reloadAllAccessors: .ConfigurationSelect2

===========================================================================================
----------------- testing Sun Jul 14 18:16:06 UTC 2019 /home/travis/build/icyphy/ptII/ptolemy/actor/lib/test/auto/ConfigurationSwitch.xml
----------------- Instantiating /home/travis/build/icyphy/ptII/ptolemy/actor/lib/test/auto/ConfigurationSwitch.xml
3 ms. Memory: 240640K Free: 152384K (63%)
----------------- Invoking toplevel() on ptolemy.moml.MoMLSimpleApplication@6c8e4c2e
----------------- Done invoking toplevel() on ptolemy.moml.MoMLSimpleApplication@6c8e4c2e
reloadAllAccessors: .ConfigurationSwitch

===========================================================================================
----------------- testing Sun Jul 14 18:16:06 UTC 2019 /home/travis/build/icyphy/ptII/ptolemy/actor/lib/test/auto/ConfigurationSwitch2.xml
----------------- Instantiating /home/travis/build/icyphy/ptII/ptolemy/actor/lib/test/auto/ConfigurationSwitch2.xml
4 ms. Memory: 240640K Free: 146750K (61%)
----------------- Invoking toplevel() on ptolemy.moml.MoMLSimpleApplication@e6e3454
----------------- Done invoking toplevel() on ptolemy.moml.MoMLSimpleApplication@e6e3454
reloadAllAccessors: .ConfigurationSwitch2

===========================================================================================
----------------- testing Sun Jul 14 18:16:06 UTC 2019 /home/travis/build/icyphy/ptII/ptolemy/actor/lib/test/auto/ConfigurationSwitchCloningBugWithClassRelationGroup.xml
----------------- Instantiating /home/travis/build/icyphy/ptII/ptolemy/actor/lib/test/auto/ConfigurationSwitchCloningBugWithClassRelationGroup.xml
1 ms. Memory: 240640K Free: 140096K (58%)
----------------- Invoking toplevel() on ptolemy.moml.MoMLSimpleApplication@259e356f
----------------- Done invoking toplevel() on ptolemy.moml.MoMLSimpleApplication@259e356f
reloadAllAccessors: .ConfigurationSwitchCloningBugWithClassRelationGroup

===========================================================================================
----------------- testing Sun Jul 14 18:16:06 UTC 2019 /home/travis/build/icyphy/ptII/ptolemy/actor/lib/test/auto/ConfigurationSwitchSelectSDF.xml
----------------- Instantiating /home/travis/build/icyphy/ptII/ptolemy/actor/lib/test/auto/ConfigurationSwitchSelectSDF.xml
3 ms. Memory: 240640K Free: 133952K (56%)
----------------- Invoking toplevel() on ptolemy.moml.MoMLSimpleApplication@246abbe8
----------------- Done invoking toplevel() on ptolemy.moml.MoMLSimpleApplication@246abbe8
reloadAllAccessors: .ConfigurationSwitchSelectSDF

===========================================================================================
----------------- testing Sun Jul 14 18:16:06 UTC 2019 /home/travis/build/icyphy/ptII/ptolemy/actor/lib/test/auto/ConfigurationSwitchSelectSDF2.xml
----------------- Instantiating /home/travis/build/icyphy/ptII/ptolemy/actor/lib/test/auto/ConfigurationSwitchSelectSDF2.xml
3 ms. Memory: 240640K Free: 127808K (53%)
----------------- Invoking toplevel() on ptolemy.moml.MoMLSimpleApplication@27001bbe
----------------- Done invoking toplevel() on ptolemy.moml.MoMLSimpleApplication@27001bbe
reloadAllAccessors: .ConfigurationSwitchSelectSDF2

===========================================================================================
----------------- testing Sun Jul 14 18:16:06 UTC 2019 /home/travis/build/icyphy/ptII/ptolemy/actor/lib/test/auto/Const.xml
----------------- Instantiating /home/travis/build/icyphy/ptII/ptolemy/actor/lib/test/auto/Const.xml
1 ms. Memory: 240640K Free: 124736K (52%)
----------------- Invoking toplevel() on ptolemy.moml.MoMLSimpleApplication@7588d8d8
----------------- Done invoking toplevel() on ptolemy.moml.MoMLSimpleApplication@7588d8d8
reloadAllAccessors: .Const

===========================================================================================
----------------- testing Sun Jul 14 18:16:06 UTC 2019 /home/travis/build/icyphy/ptII/ptolemy/actor/lib/test/auto/Const2.xml
----------------- Instantiating /home/travis/build/icyphy/ptII/ptolemy/actor/lib/test/auto/Const2.xml
1 ms. Memory: 240640K Free: 120640K (50%)
----------------- Invoking toplevel() on ptolemy.moml.MoMLSimpleApplication@36345b56
----------------- Done invoking toplevel() on ptolemy.moml.MoMLSimpleApplication@36345b56
reloadAllAccessors: .Const2

===========================================================================================
----------------- testing Sun Jul 14 18:16:06 UTC 2019 /home/travis/build/icyphy/ptII/ptolemy/actor/lib/test/auto/Const3.xml
----------------- Instantiating /home/travis/build/icyphy/ptII/ptolemy/actor/lib/test/auto/Const3.xml
1 ms. Memory: 240640K Free: 117568K (49%)
----------------- Invoking toplevel() on ptolemy.moml.MoMLSimpleApplication@33216fd4
----------------- Done invoking toplevel() on ptolemy.moml.MoMLSimpleApplication@33216fd4
reloadAllAccessors: .Const3

===========================================================================================
----------------- testing Sun Jul 14 18:16:06 UTC 2019 /home/travis/build/icyphy/ptII/ptolemy/actor/lib/test/auto/ConstantPublisherPort1.xml
----------------- Instantiating /home/travis/build/icyphy/ptII/ptolemy/actor/lib/test/auto/ConstantPublisherPort1.xml
8 ms. Memory: 240640K Free: 109376K (45%)
----------------- Invoking toplevel() on ptolemy.moml.MoMLSimpleApplication@69974488
----------------- Done invoking toplevel() on ptolemy.moml.MoMLSimpleApplication@69974488
reloadAllAccessors: .ConstantPublisherPort1

===========================================================================================
----------------- testing Sun Jul 14 18:16:06 UTC 2019 /home/travis/build/icyphy/ptII/ptolemy/actor/lib/test/auto/ConstantPublisherPort2.xml
----------------- Instantiating /home/travis/build/icyphy/ptII/ptolemy/actor/lib/test/auto/ConstantPublisherPort2.xml
11 ms. Memory: 240640K Free: 101184K (42%)
----------------- Invoking toplevel() on ptolemy.moml.MoMLSimpleApplication@456eab15
----------------- Done invoking toplevel() on ptolemy.moml.MoMLSimpleApplication@456eab15
reloadAllAccessors: .ConstantPublisherPort2

===========================================================================================
----------------- testing Sun Jul 14 18:16:06 UTC 2019 /home/travis/build/icyphy/ptII/ptolemy/actor/lib/test/auto/ConstantPublisherPort3.xml
----------------- Instantiating /home/travis/build/icyphy/ptII/ptolemy/actor/lib/test/auto/ConstantPublisherPort3.xml
6 ms. Memory: 240640K Free: 92992K (39%)
----------------- Invoking toplevel() on ptolemy.moml.MoMLSimpleApplication@480ec01e
----------------- Done invoking toplevel() on ptolemy.moml.MoMLSimpleApplication@480ec01e
reloadAllAccessors: .ConstantPublisherPort3

===========================================================================================
----------------- testing Sun Jul 14 18:16:06 UTC 2019 /home/travis/build/icyphy/ptII/ptolemy/actor/lib/test/auto/ConstantPublisherPort4.xml
----------------- Instantiating /home/travis/build/icyphy/ptII/ptolemy/actor/lib/test/auto/ConstantPublisherPort4.xml
5 ms. Memory: 240640K Free: 86334K (36%)
----------------- Invoking toplevel() on ptolemy.moml.MoMLSimpleApplication@73c9fc2a
----------------- Done invoking toplevel() on ptolemy.moml.MoMLSimpleApplication@73c9fc2a
reloadAllAccessors: .ConstantPublisherPort4

===========================================================================================
----------------- testing Sun Jul 14 18:16:06 UTC 2019 /home/travis/build/icyphy/ptII/ptolemy/actor/lib/test/auto/ConstantPublisherPort5.xml
----------------- Instantiating /home/travis/build/icyphy/ptII/ptolemy/actor/lib/test/auto/ConstantPublisherPort5.xml
26 ms. Memory: 240640K Free: 77118K (32%)
----------------- Invoking toplevel() on ptolemy.moml.MoMLSimpleApplication@6d56699e
----------------- Done invoking toplevel() on ptolemy.moml.MoMLSimpleApplication@6d56699e
reloadAllAccessors: .ConstantPublisherPort5

===========================================================================================
----------------- testing Sun Jul 14 18:16:06 UTC 2019 /home/travis/build/icyphy/ptII/ptolemy/actor/lib/test/auto/ConstantPublisherPort6.xml
----------------- Instantiating /home/travis/build/icyphy/ptII/ptolemy/actor/lib/test/auto/ConstantPublisherPort6.xml
13 ms. Memory: 240640K Free: 68416K (28%)
----------------- Invoking toplevel() on ptolemy.moml.MoMLSimpleApplication@8478045
----------------- Done invoking toplevel() on ptolemy.moml.MoMLSimpleApplication@8478045
reloadAllAccessors: .ConstantPublisherPort6

===========================================================================================
----------------- testing Sun Jul 14 18:16:06 UTC 2019 /home/travis/build/icyphy/ptII/ptolemy/actor/lib/test/auto/ConstantPublisherPort7.xml
----------------- Instantiating /home/travis/build/icyphy/ptII/ptolemy/actor/lib/test/auto/ConstantPublisherPort7.xml
20 ms. Memory: 240640K Free: 59200K (25%)
----------------- Invoking toplevel() on ptolemy.moml.MoMLSimpleApplication@5d131d4d
----------------- Done invoking toplevel() on ptolemy.moml.MoMLSimpleApplication@5d131d4d
reloadAllAccessors: .ConstantPublisherPort7

===========================================================================================
----------------- testing Sun Jul 14 18:16:06 UTC 2019 /home/travis/build/icyphy/ptII/ptolemy/actor/lib/test/auto/ConstraintMonitor1.xml
----------------- Instantiating /home/travis/build/icyphy/ptII/ptolemy/actor/lib/test/auto/ConstraintMonitor1.xml
9 ms. Memory: 240640K Free: 53566K (22%)
----------------- Invoking toplevel() on ptolemy.moml.MoMLSimpleApplication@7802e85b
----------------- Done invoking toplevel() on ptolemy.moml.MoMLSimpleApplication@7802e85b
reloadAllAccessors: .ConstraintMonitor1

===========================================================================================
----------------- testing Sun Jul 14 18:16:07 UTC 2019 /home/travis/build/icyphy/ptII/ptolemy/actor/lib/test/auto/ConstraintMonitor2.xml
----------------- Instantiating /home/travis/build/icyphy/ptII/ptolemy/actor/lib/test/auto/ConstraintMonitor2.xml
2 ms. Memory: 240640K Free: 190511K (79%)
----------------- Invoking toplevel() on ptolemy.moml.MoMLSimpleApplication@66dca348
----------------- Done invoking toplevel() on ptolemy.moml.MoMLSimpleApplication@66dca348
reloadAllAccessors: .ConstraintMonitor2

===========================================================================================
----------------- testing Sun Jul 14 18:16:07 UTC 2019 /home/travis/build/icyphy/ptII/ptolemy/actor/lib/test/auto/ConstraintMonitor3.xml
----------------- Instantiating /home/travis/build/icyphy/ptII/ptolemy/actor/lib/test/auto/ConstraintMonitor3.xml
2 ms. Memory: 240640K Free: 185905K (77%)
----------------- Invoking toplevel() on ptolemy.moml.MoMLSimpleApplication@39b97ed6
----------------- Done invoking toplevel() on ptolemy.moml.MoMLSimpleApplication@39b97ed6
reloadAllAccessors: .ConstraintMonitor3

===========================================================================================
----------------- testing Sun Jul 14 18:16:07 UTC 2019 /home/travis/build/icyphy/ptII/ptolemy/actor/lib/test/auto/ConstraintMonitor4.xml
----------------- Instantiating /home/travis/build/icyphy/ptII/ptolemy/actor/lib/test/auto/ConstraintMonitor4.xml
5 ms. Memory: 240640K Free: 180785K (75%)
----------------- Invoking toplevel() on ptolemy.moml.MoMLSimpleApplication@46b835e
----------------- Done invoking toplevel() on ptolemy.moml.MoMLSimpleApplication@46b835e
reloadAllAccessors: .ConstraintMonitor4

===========================================================================================
----------------- testing Sun Jul 14 18:16:07 UTC 2019 /home/travis/build/icyphy/ptII/ptolemy/actor/lib/test/auto/ConstraintMonitor5.xml
----------------- Instantiating /home/travis/build/icyphy/ptII/ptolemy/actor/lib/test/auto/ConstraintMonitor5.xml
2 ms. Memory: 240640K Free: 176175K (73%)
----------------- Invoking toplevel() on ptolemy.moml.MoMLSimpleApplication@4ed725bc
----------------- Done invoking toplevel() on ptolemy.moml.MoMLSimpleApplication@4ed725bc
reloadAllAccessors: .ConstraintMonitor5

===========================================================================================
----------------- testing Sun Jul 14 18:16:07 UTC 2019 /home/travis/build/icyphy/ptII/ptolemy/actor/lib/test/auto/ConstraintMonitor6.xml
----------------- Instantiating /home/travis/build/icyphy/ptII/ptolemy/actor/lib/test/auto/ConstraintMonitor6.xml
2 ms. Memory: 240640K Free: 170025K (71%)
----------------- Invoking toplevel() on ptolemy.moml.MoMLSimpleApplication@301b5608
----------------- Done invoking toplevel() on ptolemy.moml.MoMLSimpleApplication@301b5608
reloadAllAccessors: .ConstraintMonitor6

===========================================================================================
----------------- testing Sun Jul 14 18:16:07 UTC 2019 /home/travis/build/icyphy/ptII/ptolemy/actor/lib/test/auto/ConstraintMonitor7.xml
----------------- Instantiating /home/travis/build/icyphy/ptII/ptolemy/actor/lib/test/auto/ConstraintMonitor7.xml
8 ms. Memory: 240640K Free: 163377K (68%)
----------------- Invoking toplevel() on ptolemy.moml.MoMLSimpleApplication@42ac47f6
----------------- Done invoking toplevel() on ptolemy.moml.MoMLSimpleApplication@42ac47f6
reloadAllAccessors: .ConstraintMonitor7

===========================================================================================
----------------- testing Sun Jul 14 18:16:07 UTC 2019 /home/travis/build/icyphy/ptII/ptolemy/actor/lib/test/auto/ConstraintMonitor8.xml
----------------- Instantiating /home/travis/build/icyphy/ptII/ptolemy/actor/lib/test/auto/ConstraintMonitor8.xml
3 ms. Memory: 240640K Free: 156209K (65%)
----------------- Invoking toplevel() on ptolemy.moml.MoMLSimpleApplication@314a88c0
----------------- Done invoking toplevel() on ptolemy.moml.MoMLSimpleApplication@314a88c0
reloadAllAccessors: .ConstraintMonitor8

===========================================================================================
----------------- testing Sun Jul 14 18:16:07 UTC 2019 /home/travis/build/icyphy/ptII/ptolemy/actor/lib/test/auto/Counter.xml
----------------- Instantiating /home/travis/build/icyphy/ptII/ptolemy/actor/lib/test/auto/Counter.xml
2 ms. Memory: 240640K Free: 151089K (63%)
----------------- Invoking toplevel() on ptolemy.moml.MoMLSimpleApplication@54e4f1a0
----------------- Done invoking toplevel() on ptolemy.moml.MoMLSimpleApplication@54e4f1a0
reloadAllAccessors: .Counter

===========================================================================================
----------------- testing Sun Jul 14 18:16:07 UTC 2019 /home/travis/build/icyphy/ptII/ptolemy/actor/lib/test/auto/CurrentTimeSDF.xml
----------------- Instantiating /home/travis/build/icyphy/ptII/ptolemy/actor/lib/test/auto/CurrentTimeSDF.xml
1 ms. Memory: 240640K Free: 146993K (61%)
----------------- Invoking toplevel() on ptolemy.moml.MoMLSimpleApplication@392ef2bd
----------------- Done invoking toplevel() on ptolemy.moml.MoMLSimpleApplication@392ef2bd
reloadAllAccessors: .CurrentTimeSDF

===========================================================================================
----------------- testing Sun Jul 14 18:16:07 UTC 2019 /home/travis/build/icyphy/ptII/ptolemy/actor/lib/test/auto/DB.xml
----------------- Instantiating /home/travis/build/icyphy/ptII/ptolemy/actor/lib/test/auto/DB.xml
2 ms. Memory: 240640K Free: 142383K (59%)
----------------- Invoking toplevel() on ptolemy.moml.MoMLSimpleApplication@163b95d8
----------------- Done invoking toplevel() on ptolemy.moml.MoMLSimpleApplication@163b95d8
reloadAllAccessors: .DB

===========================================================================================
----------------- testing Sun Jul 14 18:16:07 UTC 2019 /home/travis/build/icyphy/ptII/ptolemy/actor/lib/test/auto/DBDE.xml
----------------- Instantiating /home/travis/build/icyphy/ptII/ptolemy/actor/lib/test/auto/DBDE.xml
2 ms. Memory: 240640K Free: 136233K (57%)
----------------- Invoking toplevel() on ptolemy.moml.MoMLSimpleApplication@5ac8c5c0
----------------- Done invoking toplevel() on ptolemy.moml.MoMLSimpleApplication@5ac8c5c0
reloadAllAccessors: .DBDE

===========================================================================================
----------------- testing Sun Jul 14 18:16:07 UTC 2019 /home/travis/build/icyphy/ptII/ptolemy/actor/lib/test/auto/DateConstructor.xml
----------------- Instantiating /home/travis/build/icyphy/ptII/ptolemy/actor/lib/test/auto/DateConstructor.xml
28 ms. Memory: 240640K Free: 118321K (49%)
----------------- Invoking toplevel() on ptolemy.moml.MoMLSimpleApplication@4e0a015
----------------- Done invoking toplevel() on ptolemy.moml.MoMLSimpleApplication@4e0a015
reloadAllAccessors: .DateConstructor

===========================================================================================
----------------- testing Sun Jul 14 18:16:07 UTC 2019 /home/travis/build/icyphy/ptII/ptolemy/actor/lib/test/auto/DelayTime.xml
----------------- Instantiating /home/travis/build/icyphy/ptII/ptolemy/actor/lib/test/auto/DelayTime.xml
6 ms. Memory: 240640K Free: 113711K (47%)
----------------- Invoking toplevel() on ptolemy.moml.MoMLSimpleApplication@1476aef0
----------------- Done invoking toplevel() on ptolemy.moml.MoMLSimpleApplication@1476aef0
reloadAllAccessors: .DelayTime

===========================================================================================
----------------- testing Sun Jul 14 18:16:07 UTC 2019 /home/travis/build/icyphy/ptII/ptolemy/actor/lib/test/auto/Dictionary1.xml
----------------- Instantiating /home/travis/build/icyphy/ptII/ptolemy/actor/lib/test/auto/Dictionary1.xml
2 ms. Memory: 240640K Free: 108081K (45%)
----------------- Invoking toplevel() on ptolemy.moml.MoMLSimpleApplication@faa2cf1
----------------- Done invoking toplevel() on ptolemy.moml.MoMLSimpleApplication@faa2cf1
reloadAllAccessors: .Dictionary1

===========================================================================================
----------------- testing Sun Jul 14 18:16:07 UTC 2019 /home/travis/build/icyphy/ptII/ptolemy/actor/lib/test/auto/Dictionary2.xml
----------------- Instantiating /home/travis/build/icyphy/ptII/ptolemy/actor/lib/test/auto/Dictionary2.xml
4 ms. Memory: 240640K Free: 102447K (43%)
----------------- Invoking toplevel() on ptolemy.moml.MoMLSimpleApplication@1b12d9d0
----------------- Done invoking toplevel() on ptolemy.moml.MoMLSimpleApplication@1b12d9d0
reloadAllAccessors: .Dictionary2

===========================================================================================
----------------- testing Sun Jul 14 18:16:07 UTC 2019 /home/travis/build/icyphy/ptII/ptolemy/actor/lib/test/auto/Dictionary3.xml
----------------- Instantiating /home/travis/build/icyphy/ptII/ptolemy/actor/lib/test/auto/Dictionary3.xml
1 ms. Memory: 240640K Free: 97327K (40%)
----------------- Invoking toplevel() on ptolemy.moml.MoMLSimpleApplication@2ce77c21
----------------- Done invoking toplevel() on ptolemy.moml.MoMLSimpleApplication@2ce77c21
reloadAllAccessors: .Dictionary3

===========================================================================================
----------------- testing Sun Jul 14 18:16:07 UTC 2019 /home/travis/build/icyphy/ptII/ptolemy/actor/lib/test/auto/Dictionary4.xml
----------------- Instantiating /home/travis/build/icyphy/ptII/ptolemy/actor/lib/test/auto/Dictionary4.xml
5 ms. Memory: 240640K Free: 90159K (37%)
----------------- Invoking toplevel() on ptolemy.moml.MoMLSimpleApplication@6a56f9f1
----------------- Done invoking toplevel() on ptolemy.moml.MoMLSimpleApplication@6a56f9f1
reloadAllAccessors: .Dictionary4

===========================================================================================
----------------- testing Sun Jul 14 18:16:07 UTC 2019 /home/travis/build/icyphy/ptII/ptolemy/actor/lib/test/auto/Differential.xml
----------------- Instantiating /home/travis/build/icyphy/ptII/ptolemy/actor/lib/test/auto/Differential.xml
3 ms. Memory: 240640K Free: 85553K (36%)
----------------- Invoking toplevel() on ptolemy.moml.MoMLSimpleApplication@356cd97a
----------------- Done invoking toplevel() on ptolemy.moml.MoMLSimpleApplication@356cd97a
reloadAllAccessors: .Differential

===========================================================================================
----------------- testing Sun Jul 14 18:16:07 UTC 2019 /home/travis/build/icyphy/ptII/ptolemy/actor/lib/test/auto/Director.xml
----------------- Instantiating /home/travis/build/icyphy/ptII/ptolemy/actor/lib/test/auto/Director.xml
4 ms. Memory: 240640K Free: 82481K (34%)
----------------- Invoking toplevel() on ptolemy.moml.MoMLSimpleApplication@260c4bd8
----------------- Done invoking toplevel() on ptolemy.moml.MoMLSimpleApplication@260c4bd8
reloadAllAccessors: .Director

===========================================================================================
----------------- testing Sun Jul 14 18:16:07 UTC 2019 /home/travis/build/icyphy/ptII/ptolemy/actor/lib/test/auto/DiscreteClock.xml
----------------- Instantiating /home/travis/build/icyphy/ptII/ptolemy/actor/lib/test/auto/DiscreteClock.xml
2 ms. Memory: 240640K Free: 78385K (33%)
----------------- Invoking toplevel() on ptolemy.moml.MoMLSimpleApplication@3d3f219
----------------- Done invoking toplevel() on ptolemy.moml.MoMLSimpleApplication@3d3f219
reloadAllAccessors: .DiscreteClock

===========================================================================================
----------------- testing Sun Jul 14 18:16:07 UTC 2019 /home/travis/build/icyphy/ptII/ptolemy/actor/lib/test/auto/DiscreteClock10.xml
----------------- Instantiating /home/travis/build/icyphy/ptII/ptolemy/actor/lib/test/auto/DiscreteClock10.xml
2 ms. Memory: 240640K Free: 72241K (30%)
----------------- Invoking toplevel() on ptolemy.moml.MoMLSimpleApplication@5c16c450
----------------- Done invoking toplevel() on ptolemy.moml.MoMLSimpleApplication@5c16c450
reloadAllAccessors: .DiscreteClock10

===========================================================================================
----------------- testing Sun Jul 14 18:16:07 UTC 2019 /home/travis/build/icyphy/ptII/ptolemy/actor/lib/test/auto/DiscreteClock11.xml
----------------- Instantiating /home/travis/build/icyphy/ptII/ptolemy/actor/lib/test/auto/DiscreteClock11.xml
2 ms. Memory: 240640K Free: 66097K (27%)
----------------- Invoking toplevel() on ptolemy.moml.MoMLSimpleApplication@34e26c98
----------------- Done invoking toplevel() on ptolemy.moml.MoMLSimpleApplication@34e26c98
reloadAllAccessors: .DiscreteClock11

===========================================================================================
----------------- testing Sun Jul 14 18:16:07 UTC 2019 /home/travis/build/icyphy/ptII/ptolemy/actor/lib/test/auto/DiscreteClock12.xml
----------------- Instantiating /home/travis/build/icyphy/ptII/ptolemy/actor/lib/test/auto/DiscreteClock12.xml
3 ms. Memory: 240640K Free: 60463K (25%)
----------------- Invoking toplevel() on ptolemy.moml.MoMLSimpleApplication@2fb460e4
----------------- Done invoking toplevel() on ptolemy.moml.MoMLSimpleApplication@2fb460e4
reloadAllAccessors: .DiscreteClock12

===========================================================================================
----------------- testing Sun Jul 14 18:16:07 UTC 2019 /home/travis/build/icyphy/ptII/ptolemy/actor/lib/test/auto/DiscreteClock13.xml
----------------- Instantiating /home/travis/build/icyphy/ptII/ptolemy/actor/lib/test/auto/DiscreteClock13.xml
5 ms. Memory: 240640K Free: 54289K (23%)
----------------- Invoking toplevel() on ptolemy.moml.MoMLSimpleApplication@40a41124
----------------- Done invoking toplevel() on ptolemy.moml.MoMLSimpleApplication@40a41124
reloadAllAccessors: .DiscreteClock13

===========================================================================================
----------------- testing Sun Jul 14 18:16:07 UTC 2019 /home/travis/build/icyphy/ptII/ptolemy/actor/lib/test/auto/DiscreteClock14.xml
----------------- Instantiating /home/travis/build/icyphy/ptII/ptolemy/actor/lib/test/auto/DiscreteClock14.xml
6 ms. Memory: 240640K Free: 190274K (79%)
----------------- Invoking toplevel() on ptolemy.moml.MoMLSimpleApplication@906502b
----------------- Done invoking toplevel() on ptolemy.moml.MoMLSimpleApplication@906502b
reloadAllAccessors: .DiscreteClock14

===========================================================================================
----------------- testing Sun Jul 14 18:16:07 UTC 2019 /home/travis/build/icyphy/ptII/ptolemy/actor/lib/test/auto/DiscreteClock15.xml
----------------- Instantiating /home/travis/build/icyphy/ptII/ptolemy/actor/lib/test/auto/DiscreteClock15.xml
5 ms. Memory: 240640K Free: 184138K (77%)
----------------- Invoking toplevel() on ptolemy.moml.MoMLSimpleApplication@51908ec6
----------------- Done invoking toplevel() on ptolemy.moml.MoMLSimpleApplication@51908ec6
reloadAllAccessors: .DiscreteClock15

===========================================================================================
----------------- testing Sun Jul 14 18:16:07 UTC 2019 /home/travis/build/icyphy/ptII/ptolemy/actor/lib/test/auto/DiscreteClock16.xml
----------------- Instantiating /home/travis/build/icyphy/ptII/ptolemy/actor/lib/test/auto/DiscreteClock16.xml
18 ms. Memory: 240640K Free: 170322K (71%)
----------------- Invoking toplevel() on ptolemy.moml.MoMLSimpleApplication@679cda39
----------------- Done invoking toplevel() on ptolemy.moml.MoMLSimpleApplication@679cda39
reloadAllAccessors: .DiscreteClock16

===========================================================================================
----------------- testing Sun Jul 14 18:16:07 UTC 2019 /home/travis/build/icyphy/ptII/ptolemy/actor/lib/test/auto/DiscreteClock17.xml
----------------- Instantiating /home/travis/build/icyphy/ptII/ptolemy/actor/lib/test/auto/DiscreteClock17.xml
21 ms. Memory: 240640K Free: 155458K (65%)
----------------- Invoking toplevel() on ptolemy.moml.MoMLSimpleApplication@24054d52
----------------- Done invoking toplevel() on ptolemy.moml.MoMLSimpleApplication@24054d52
reloadAllAccessors: .DiscreteClock17

===========================================================================================
----------------- testing Sun Jul 14 18:16:07 UTC 2019 /home/travis/build/icyphy/ptII/ptolemy/actor/lib/test/auto/DiscreteClock18.xml
----------------- Instantiating /home/travis/build/icyphy/ptII/ptolemy/actor/lib/test/auto/DiscreteClock18.xml
12 ms. Memory: 240640K Free: 141650K (59%)
----------------- Invoking toplevel() on ptolemy.moml.MoMLSimpleApplication@41ff35ea
----------------- Done invoking toplevel() on ptolemy.moml.MoMLSimpleApplication@41ff35ea
reloadAllAccessors: .DiscreteClock18

===========================================================================================
----------------- testing Sun Jul 14 18:16:07 UTC 2019 /home/travis/build/icyphy/ptII/ptolemy/actor/lib/test/auto/DiscreteClock19.xml
----------------- Instantiating /home/travis/build/icyphy/ptII/ptolemy/actor/lib/test/auto/DiscreteClock19.xml
10 ms. Memory: 240640K Free: 128338K (53%)
----------------- Invoking toplevel() on ptolemy.moml.MoMLSimpleApplication@41e5dba8
----------------- Done invoking toplevel() on ptolemy.moml.MoMLSimpleApplication@41e5dba8
reloadAllAccessors: .DiscreteClock19

===========================================================================================
----------------- testing Sun Jul 14 18:16:07 UTC 2019 /home/travis/build/icyphy/ptII/ptolemy/actor/lib/test/auto/DiscreteClock2.xml
----------------- Instantiating /home/travis/build/icyphy/ptII/ptolemy/actor/lib/test/auto/DiscreteClock2.xml
4 ms. Memory: 240640K Free: 123218K (51%)
----------------- Invoking toplevel() on ptolemy.moml.MoMLSimpleApplication@7bd7a956
----------------- Done invoking toplevel() on ptolemy.moml.MoMLSimpleApplication@7bd7a956
reloadAllAccessors: .DiscreteClock2

===========================================================================================
----------------- testing Sun Jul 14 18:16:07 UTC 2019 /home/travis/build/icyphy/ptII/ptolemy/actor/lib/test/auto/DiscreteClock20.xml
----------------- Instantiating /home/travis/build/icyphy/ptII/ptolemy/actor/lib/test/auto/DiscreteClock20.xml
7 ms. Memory: 240640K Free: 117584K (49%)
----------------- Invoking toplevel() on ptolemy.moml.MoMLSimpleApplication@55e736f
----------------- Done invoking toplevel() on ptolemy.moml.MoMLSimpleApplication@55e736f
reloadAllAccessors: .DiscreteClock20

===========================================================================================
----------------- testing Sun Jul 14 18:16:07 UTC 2019 /home/travis/build/icyphy/ptII/ptolemy/actor/lib/test/auto/DiscreteClock21.xml
----------------- Instantiating /home/travis/build/icyphy/ptII/ptolemy/actor/lib/test/auto/DiscreteClock21.xml
3 ms. Memory: 240640K Free: 111954K (47%)
----------------- Invoking toplevel() on ptolemy.moml.MoMLSimpleApplication@541671a5
----------------- Done invoking toplevel() on ptolemy.moml.MoMLSimpleApplication@541671a5
reloadAllAccessors: .DiscreteClock21

===========================================================================================
----------------- testing Sun Jul 14 18:16:07 UTC 2019 /home/travis/build/icyphy/ptII/ptolemy/actor/lib/test/auto/DiscreteClock22.xml
----------------- Instantiating /home/travis/build/icyphy/ptII/ptolemy/actor/lib/test/auto/DiscreteClock22.xml
5 ms. Memory: 240640K Free: 106834K (44%)
----------------- Invoking toplevel() on ptolemy.moml.MoMLSimpleApplication@e50db4e
----------------- Done invoking toplevel() on ptolemy.moml.MoMLSimpleApplication@e50db4e
reloadAllAccessors: .DiscreteClock22

===========================================================================================
----------------- testing Sun Jul 14 18:16:07 UTC 2019 /home/travis/build/icyphy/ptII/ptolemy/actor/lib/test/auto/DiscreteClock23.xml
----------------- Instantiating /home/travis/build/icyphy/ptII/ptolemy/actor/lib/test/auto/DiscreteClock23.xml
5 ms. Memory: 240640K Free: 101200K (42%)
----------------- Invoking toplevel() on ptolemy.moml.MoMLSimpleApplication@632722df
----------------- Done invoking toplevel() on ptolemy.moml.MoMLSimpleApplication@632722df
reloadAllAccessors: .DiscreteClock23

===========================================================================================
----------------- testing Sun Jul 14 18:16:07 UTC 2019 /home/travis/build/icyphy/ptII/ptolemy/actor/lib/test/auto/DiscreteClock24.xml
----------------- Instantiating /home/travis/build/icyphy/ptII/ptolemy/actor/lib/test/auto/DiscreteClock24.xml
5 ms. Memory: 240640K Free: 95570K (40%)
----------------- Invoking toplevel() on ptolemy.moml.MoMLSimpleApplication@599326b6
----------------- Done invoking toplevel() on ptolemy.moml.MoMLSimpleApplication@599326b6
reloadAllAccessors: .DiscreteClock24

===========================================================================================
----------------- testing Sun Jul 14 18:16:07 UTC 2019 /home/travis/build/icyphy/ptII/ptolemy/actor/lib/test/auto/DiscreteClock4.xml
----------------- Instantiating /home/travis/build/icyphy/ptII/ptolemy/actor/lib/test/auto/DiscreteClock4.xml
4 ms. Memory: 240640K Free: 89922K (37%)
----------------- Invoking toplevel() on ptolemy.moml.MoMLSimpleApplication@2ca05e28
----------------- Done invoking toplevel() on ptolemy.moml.MoMLSimpleApplication@2ca05e28
reloadAllAccessors: .DiscreteClock4

===========================================================================================
----------------- testing Sun Jul 14 18:16:07 UTC 2019 /home/travis/build/icyphy/ptII/ptolemy/actor/lib/test/auto/DiscreteClock5.xml
----------------- Instantiating /home/travis/build/icyphy/ptII/ptolemy/actor/lib/test/auto/DiscreteClock5.xml
2 ms. Memory: 240640K Free: 84816K (35%)
----------------- Invoking toplevel() on ptolemy.moml.MoMLSimpleApplication@66f27b5f
----------------- Done invoking toplevel() on ptolemy.moml.MoMLSimpleApplication@66f27b5f
reloadAllAccessors: .DiscreteClock5

===========================================================================================
----------------- testing Sun Jul 14 18:16:07 UTC 2019 /home/travis/build/icyphy/ptII/ptolemy/actor/lib/test/auto/DiscreteClock6.xml
----------------- Instantiating /home/travis/build/icyphy/ptII/ptolemy/actor/lib/test/auto/DiscreteClock6.xml
1 ms. Memory: 240640K Free: 80210K (33%)
----------------- Invoking toplevel() on ptolemy.moml.MoMLSimpleApplication@490bb7cc
----------------- Done invoking toplevel() on ptolemy.moml.MoMLSimpleApplication@490bb7cc
reloadAllAccessors: .DiscreteClock6

===========================================================================================
----------------- testing Sun Jul 14 18:16:07 UTC 2019 /home/travis/build/icyphy/ptII/ptolemy/actor/lib/test/auto/DiscreteClock7.xml
----------------- Instantiating /home/travis/build/icyphy/ptII/ptolemy/actor/lib/test/auto/DiscreteClock7.xml
2 ms. Memory: 240640K Free: 75600K (31%)
----------------- Invoking toplevel() on ptolemy.moml.MoMLSimpleApplication@7dfe858b
----------------- Done invoking toplevel() on ptolemy.moml.MoMLSimpleApplication@7dfe858b
reloadAllAccessors: .DiscreteClock7

===========================================================================================
----------------- testing Sun Jul 14 18:16:08 UTC 2019 /home/travis/build/icyphy/ptII/ptolemy/actor/lib/test/auto/DiscreteClock8.xml
----------------- Instantiating /home/travis/build/icyphy/ptII/ptolemy/actor/lib/test/auto/DiscreteClock8.xml
6 ms. Memory: 240640K Free: 69970K (29%)
----------------- Invoking toplevel() on ptolemy.moml.MoMLSimpleApplication@7e141c92
----------------- Done invoking toplevel() on ptolemy.moml.MoMLSimpleApplication@7e141c92
reloadAllAccessors: .DiscreteClock8

===========================================================================================
----------------- testing Sun Jul 14 18:16:08 UTC 2019 /home/travis/build/icyphy/ptII/ptolemy/actor/lib/test/auto/DiscreteClock9.xml
----------------- Instantiating /home/travis/build/icyphy/ptII/ptolemy/actor/lib/test/auto/DiscreteClock9.xml
5 ms. Memory: 240640K Free: 63826K (27%)
----------------- Invoking toplevel() on ptolemy.moml.MoMLSimpleApplication@2d2de1db
----------------- Done invoking toplevel() on ptolemy.moml.MoMLSimpleApplication@2d2de1db
reloadAllAccessors: .DiscreteClock9

===========================================================================================
----------------- testing Sun Jul 14 18:16:08 UTC 2019 /home/travis/build/icyphy/ptII/ptolemy/actor/lib/test/auto/DisplayArray.xml
----------------- Instantiating /home/travis/build/icyphy/ptII/ptolemy/actor/lib/test/auto/DisplayArray.xml
1 ms. Memory: 240640K Free: 60754K (25%)
----------------- Invoking toplevel() on ptolemy.moml.MoMLSimpleApplication@41513e53
----------------- Done invoking toplevel() on ptolemy.moml.MoMLSimpleApplication@41513e53
reloadAllAccessors: .DisplayArray

===========================================================================================
----------------- testing Sun Jul 14 18:16:08 UTC 2019 /home/travis/build/icyphy/ptII/ptolemy/actor/lib/test/auto/Distributor.xml
----------------- Instantiating /home/travis/build/icyphy/ptII/ptolemy/actor/lib/test/auto/Distributor.xml
2 ms. Memory: 240640K Free: 55634K (23%)
----------------- Invoking toplevel() on ptolemy.moml.MoMLSimpleApplication@657dea2e
----------------- Done invoking toplevel() on ptolemy.moml.MoMLSimpleApplication@657dea2e
reloadAllAccessors: .Distributor

===========================================================================================
----------------- testing Sun Jul 14 18:16:08 UTC 2019 /home/travis/build/icyphy/ptII/ptolemy/actor/lib/test/auto/Distributor2.xml
----------------- Instantiating /home/travis/build/icyphy/ptII/ptolemy/actor/lib/test/auto/Distributor2.xml
1 ms. Memory: 240640K Free: 50514K (21%)
----------------- Invoking toplevel() on ptolemy.moml.MoMLSimpleApplication@54335f06
----------------- Done invoking toplevel() on ptolemy.moml.MoMLSimpleApplication@54335f06
reloadAllAccessors: .Distributor2

===========================================================================================
----------------- testing Sun Jul 14 18:16:08 UTC 2019 /home/travis/build/icyphy/ptII/ptolemy/actor/lib/test/auto/DownSample.xml
----------------- Instantiating /home/travis/build/icyphy/ptII/ptolemy/actor/lib/test/auto/DownSample.xml
2 ms. Memory: 240640K Free: 188392K (78%)
----------------- Invoking toplevel() on ptolemy.moml.MoMLSimpleApplication@67588f5f
----------------- Done invoking toplevel() on ptolemy.moml.MoMLSimpleApplication@67588f5f
reloadAllAccessors: .DownSample

===========================================================================================
----------------- testing Sun Jul 14 18:16:08 UTC 2019 /home/travis/build/icyphy/ptII/ptolemy/actor/lib/test/auto/ElectronicUnitBase1.xml
----------------- Instantiating /home/travis/build/icyphy/ptII/ptolemy/actor/lib/test/auto/ElectronicUnitBase1.xml
18 ms. Memory: 240640K Free: 172522K (72%)
----------------- Invoking toplevel() on ptolemy.moml.MoMLSimpleApplication@29bfc54d
----------------- Done invoking toplevel() on ptolemy.moml.MoMLSimpleApplication@29bfc54d
reloadAllAccessors: .ElectronicUnitBase1

===========================================================================================
----------------- testing Sun Jul 14 18:16:08 UTC 2019 /home/travis/build/icyphy/ptII/ptolemy/actor/lib/test/auto/ElementsToArray.xml
----------------- Instantiating /home/travis/build/icyphy/ptII/ptolemy/actor/lib/test/auto/ElementsToArray.xml
3 ms. Memory: 240640K Free: 167402K (70%)
----------------- Invoking toplevel() on ptolemy.moml.MoMLSimpleApplication@12033806
----------------- Done invoking toplevel() on ptolemy.moml.MoMLSimpleApplication@12033806
reloadAllAccessors: .ElementsToArray

===========================================================================================
----------------- testing Sun Jul 14 18:16:08 UTC 2019 /home/travis/build/icyphy/ptII/ptolemy/actor/lib/test/auto/Equals.xml
----------------- Instantiating /home/travis/build/icyphy/ptII/ptolemy/actor/lib/test/auto/Equals.xml
3 ms. Memory: 240640K Free: 162792K (68%)
----------------- Invoking toplevel() on ptolemy.moml.MoMLSimpleApplication@62f677c2
----------------- Done invoking toplevel() on ptolemy.moml.MoMLSimpleApplication@62f677c2
reloadAllAccessors: .Equals

===========================================================================================
----------------- testing Sun Jul 14 18:16:08 UTC 2019 /home/travis/build/icyphy/ptII/ptolemy/actor/lib/test/auto/Exec.xml
----------------- Instantiating /home/travis/build/icyphy/ptII/ptolemy/actor/lib/test/auto/Exec.xml
19 ms. Memory: 240640K Free: 156648K (65%)
----------------- Invoking toplevel() on ptolemy.moml.MoMLSimpleApplication@288481ea
----------------- Done invoking toplevel() on ptolemy.moml.MoMLSimpleApplication@288481ea
reloadAllAccessors: .Exec

===========================================================================================
----------------- testing Sun Jul 14 18:16:08 UTC 2019 /home/travis/build/icyphy/ptII/ptolemy/actor/lib/test/auto/ExecEnvironment.xml
----------------- Instantiating /home/travis/build/icyphy/ptII/ptolemy/actor/lib/test/auto/ExecEnvironment.xml
25 ms. Memory: 240640K Free: 151514K (63%)
----------------- Invoking toplevel() on ptolemy.moml.MoMLSimpleApplication@27dbd5cc
----------------- Done invoking toplevel() on ptolemy.moml.MoMLSimpleApplication@27dbd5cc
reloadAllAccessors: .ExecEnvironment

===========================================================================================
----------------- testing Sun Jul 14 18:16:08 UTC 2019 /home/travis/build/icyphy/ptII/ptolemy/actor/lib/test/auto/ExecNonZeroReturnOutput.xml
----------------- Instantiating /home/travis/build/icyphy/ptII/ptolemy/actor/lib/test/auto/ExecNonZeroReturnOutput.xml
192 ms. Memory: 240640K Free: 140778K (59%)
----------------- Invoking toplevel() on ptolemy.moml.MoMLSimpleApplication@41b215a9
----------------- Done invoking toplevel() on ptolemy.moml.MoMLSimpleApplication@41b215a9
reloadAllAccessors: .ExecNonZeroReturnOutput

===========================================================================================
----------------- testing Sun Jul 14 18:16:08 UTC 2019 /home/travis/build/icyphy/ptII/ptolemy/actor/lib/test/auto/ExecRunDemos.xml
----------------- Instantiating /home/travis/build/icyphy/ptII/ptolemy/actor/lib/test/auto/ExecRunDemos.xml
10734 ms. Memory: 240640K Free: 121322K (50%)

===========================================================================================
----------------- testing Sun Jul 14 18:16:19 UTC 2019 /home/travis/build/icyphy/ptII/ptolemy/actor/lib/test/auto/ExecStop.xml
----------------- Instantiating /home/travis/build/icyphy/ptII/ptolemy/actor/lib/test/auto/ExecStop.xml
5019 ms. Memory: 240640K Free: 142194K (59%)
----------------- Invoking toplevel() on ptolemy.moml.MoMLSimpleApplication@2486fedd
----------------- Done invoking toplevel() on ptolemy.moml.MoMLSimpleApplication@2486fedd
reloadAllAccessors: .ExecStop

===========================================================================================
----------------- testing Sun Jul 14 18:16:24 UTC 2019 /home/travis/build/icyphy/ptII/ptolemy/actor/lib/test/auto/ExecutionTimeSDF.xml
----------------- Instantiating /home/travis/build/icyphy/ptII/ptolemy/actor/lib/test/auto/ExecutionTimeSDF.xml
Fired ExecutionTime: -1755767296
Fired ExecutionTime: 938400000
Fired ExecutionTime: -1044567296
6015 ms. Memory: 240640K Free: 129183K (54%)
----------------- Invoking toplevel() on ptolemy.moml.MoMLSimpleApplication@51b75dbe
----------------- Done invoking toplevel() on ptolemy.moml.MoMLSimpleApplication@51b75dbe
reloadAllAccessors: .ExecutionTimeSDF

===========================================================================================
----------------- testing Sun Jul 14 18:16:30 UTC 2019 /home/travis/build/icyphy/ptII/ptolemy/actor/lib/test/auto/Expression1.xml
----------------- Instantiating /home/travis/build/icyphy/ptII/ptolemy/actor/lib/test/auto/Expression1.xml
1 ms. Memory: 240640K Free: 125810K (52%)
----------------- Invoking toplevel() on ptolemy.moml.MoMLSimpleApplication@2c82d8d3
----------------- Done invoking toplevel() on ptolemy.moml.MoMLSimpleApplication@2c82d8d3
reloadAllAccessors: .Expression1

===========================================================================================
----------------- testing Sun Jul 14 18:16:30 UTC 2019 /home/travis/build/icyphy/ptII/ptolemy/actor/lib/test/auto/Expression10.xml
----------------- Instantiating /home/travis/build/icyphy/ptII/ptolemy/actor/lib/test/auto/Expression10.xml
5 ms. Memory: 240640K Free: 120334K (50%)
----------------- Invoking toplevel() on ptolemy.moml.MoMLSimpleApplication@8239452
----------------- Done invoking toplevel() on ptolemy.moml.MoMLSimpleApplication@8239452
reloadAllAccessors: .Expression10

===========================================================================================
----------------- testing Sun Jul 14 18:16:30 UTC 2019 /home/travis/build/icyphy/ptII/ptolemy/actor/lib/test/auto/Expression11.xml
----------------- Instantiating /home/travis/build/icyphy/ptII/ptolemy/actor/lib/test/auto/Expression11.xml
2 ms. Memory: 240640K Free: 116208K (48%)
----------------- Invoking toplevel() on ptolemy.moml.MoMLSimpleApplication@738b238e
----------------- Done invoking toplevel() on ptolemy.moml.MoMLSimpleApplication@738b238e
reloadAllAccessors: .Expression11

===========================================================================================
----------------- testing Sun Jul 14 18:16:30 UTC 2019 /home/travis/build/icyphy/ptII/ptolemy/actor/lib/test/auto/Expression12.xml
----------------- Instantiating /home/travis/build/icyphy/ptII/ptolemy/actor/lib/test/auto/Expression12.xml
2 ms. Memory: 240640K Free: 110450K (46%)
----------------- Invoking toplevel() on ptolemy.moml.MoMLSimpleApplication@1ae0bd92
----------------- Done invoking toplevel() on ptolemy.moml.MoMLSimpleApplication@1ae0bd92
reloadAllAccessors: .Expression12

===========================================================================================
----------------- testing Sun Jul 14 18:16:30 UTC 2019 /home/travis/build/icyphy/ptII/ptolemy/actor/lib/test/auto/Expression13.xml
----------------- Instantiating /home/travis/build/icyphy/ptII/ptolemy/actor/lib/test/auto/Expression13.xml
3 ms. Memory: 240640K Free: 105330K (44%)
----------------- Invoking toplevel() on ptolemy.moml.MoMLSimpleApplication@110baa97
----------------- Done invoking toplevel() on ptolemy.moml.MoMLSimpleApplication@110baa97
reloadAllAccessors: .Expression13

===========================================================================================
----------------- testing Sun Jul 14 18:16:30 UTC 2019 /home/travis/build/icyphy/ptII/ptolemy/actor/lib/test/auto/Expression14.xml
----------------- Instantiating /home/travis/build/icyphy/ptII/ptolemy/actor/lib/test/auto/Expression14.xml
4 ms. Memory: 240640K Free: 99501K (41%)
----------------- Invoking toplevel() on ptolemy.moml.MoMLSimpleApplication@7dccf99b
----------------- Done invoking toplevel() on ptolemy.moml.MoMLSimpleApplication@7dccf99b
reloadAllAccessors: .Expression14

===========================================================================================
----------------- testing Sun Jul 14 18:16:30 UTC 2019 /home/travis/build/icyphy/ptII/ptolemy/actor/lib/test/auto/Expression15.xml
----------------- Instantiating /home/travis/build/icyphy/ptII/ptolemy/actor/lib/test/auto/Expression15.xml
1 ms. Memory: 240640K Free: 95090K (40%)
----------------- Invoking toplevel() on ptolemy.moml.MoMLSimpleApplication@5a1d875b
----------------- Done invoking toplevel() on ptolemy.moml.MoMLSimpleApplication@5a1d875b
reloadAllAccessors: .Expression15

===========================================================================================
----------------- testing Sun Jul 14 18:16:30 UTC 2019 /home/travis/build/icyphy/ptII/ptolemy/actor/lib/test/auto/Expression16.xml
----------------- Instantiating /home/travis/build/icyphy/ptII/ptolemy/actor/lib/test/auto/Expression16.xml
4 ms. Memory: 240640K Free: 90638K (38%)
----------------- Invoking toplevel() on ptolemy.moml.MoMLSimpleApplication@396bbc60
----------------- Done invoking toplevel() on ptolemy.moml.MoMLSimpleApplication@396bbc60
reloadAllAccessors: .Expression16

===========================================================================================
----------------- testing Sun Jul 14 18:16:30 UTC 2019 /home/travis/build/icyphy/ptII/ptolemy/actor/lib/test/auto/Expression17.xml
----------------- Instantiating /home/travis/build/icyphy/ptII/ptolemy/actor/lib/test/auto/Expression17.xml
2 ms. Memory: 240640K Free: 85504K (36%)
----------------- Invoking toplevel() on ptolemy.moml.MoMLSimpleApplication@7b737e32
----------------- Done invoking toplevel() on ptolemy.moml.MoMLSimpleApplication@7b737e32
reloadAllAccessors: .Expression17

===========================================================================================
----------------- testing Sun Jul 14 18:16:30 UTC 2019 /home/travis/build/icyphy/ptII/ptolemy/actor/lib/test/auto/Expression18.xml
----------------- Instantiating /home/travis/build/icyphy/ptII/ptolemy/actor/lib/test/auto/Expression18.xml
5 ms. Memory: 240640K Free: 80754K (34%)
----------------- Invoking toplevel() on ptolemy.moml.MoMLSimpleApplication@2cd09e80
----------------- Done invoking toplevel() on ptolemy.moml.MoMLSimpleApplication@2cd09e80
reloadAllAccessors: .Expression18

===========================================================================================
----------------- testing Sun Jul 14 18:16:30 UTC 2019 /home/travis/build/icyphy/ptII/ptolemy/actor/lib/test/auto/Expression2.xml
----------------- Instantiating /home/travis/build/icyphy/ptII/ptolemy/actor/lib/test/auto/Expression2.xml
3 ms. Memory: 240640K Free: 75634K (31%)
----------------- Invoking toplevel() on ptolemy.moml.MoMLSimpleApplication@423f0e05
----------------- Done invoking toplevel() on ptolemy.moml.MoMLSimpleApplication@423f0e05
reloadAllAccessors: .Expression2

===========================================================================================
----------------- testing Sun Jul 14 18:16:30 UTC 2019 /home/travis/build/icyphy/ptII/ptolemy/actor/lib/test/auto/Expression3.xml
----------------- Instantiating /home/travis/build/icyphy/ptII/ptolemy/actor/lib/test/auto/Expression3.xml
7 ms. Memory: 240640K Free: 70791K (29%)
----------------- Invoking toplevel() on ptolemy.moml.MoMLSimpleApplication@21989ef
----------------- Done invoking toplevel() on ptolemy.moml.MoMLSimpleApplication@21989ef
reloadAllAccessors: .Expression3

===========================================================================================
----------------- testing Sun Jul 14 18:16:30 UTC 2019 /home/travis/build/icyphy/ptII/ptolemy/actor/lib/test/auto/Expression4.xml
----------------- Instantiating /home/travis/build/icyphy/ptII/ptolemy/actor/lib/test/auto/Expression4.xml
5 ms. Memory: 240640K Free: 63621K (26%)
----------------- Invoking toplevel() on ptolemy.moml.MoMLSimpleApplication@6dc6c4ba
----------------- Done invoking toplevel() on ptolemy.moml.MoMLSimpleApplication@6dc6c4ba
reloadAllAccessors: .Expression4

===========================================================================================
----------------- testing Sun Jul 14 18:16:30 UTC 2019 /home/travis/build/icyphy/ptII/ptolemy/actor/lib/test/auto/Expression5.xml
----------------- Instantiating /home/travis/build/icyphy/ptII/ptolemy/actor/lib/test/auto/Expression5.xml
6 ms. Memory: 240640K Free: 58226K (24%)
----------------- Invoking toplevel() on ptolemy.moml.MoMLSimpleApplication@1e16884f
----------------- Done invoking toplevel() on ptolemy.moml.MoMLSimpleApplication@1e16884f
reloadAllAccessors: .Expression5

===========================================================================================
----------------- testing Sun Jul 14 18:16:30 UTC 2019 /home/travis/build/icyphy/ptII/ptolemy/actor/lib/test/auto/Expression6.xml
----------------- Instantiating /home/travis/build/icyphy/ptII/ptolemy/actor/lib/test/auto/Expression6.xml
3 ms. Memory: 240640K Free: 54130K (22%)
----------------- Invoking toplevel() on ptolemy.moml.MoMLSimpleApplication@43d5b0ec
----------------- Done invoking toplevel() on ptolemy.moml.MoMLSimpleApplication@43d5b0ec
reloadAllAccessors: .Expression6

===========================================================================================
----------------- testing Sun Jul 14 18:16:30 UTC 2019 /home/travis/build/icyphy/ptII/ptolemy/actor/lib/test/auto/Expression7.xml
----------------- Instantiating /home/travis/build/icyphy/ptII/ptolemy/actor/lib/test/auto/Expression7.xml
2 ms. Memory: 240640K Free: 190311K (79%)
----------------- Invoking toplevel() on ptolemy.moml.MoMLSimpleApplication@6f003773
----------------- Done invoking toplevel() on ptolemy.moml.MoMLSimpleApplication@6f003773
reloadAllAccessors: .Expression7

===========================================================================================
----------------- testing Sun Jul 14 18:16:30 UTC 2019 /home/travis/build/icyphy/ptII/ptolemy/actor/lib/test/auto/Expression8.xml
----------------- Instantiating /home/travis/build/icyphy/ptII/ptolemy/actor/lib/test/auto/Expression8.xml
3 ms. Memory: 240640K Free: 185253K (77%)
----------------- Invoking toplevel() on ptolemy.moml.MoMLSimpleApplication@7d8f5254
----------------- Done invoking toplevel() on ptolemy.moml.MoMLSimpleApplication@7d8f5254
reloadAllAccessors: .Expression8

===========================================================================================
----------------- testing Sun Jul 14 18:16:30 UTC 2019 /home/travis/build/icyphy/ptII/ptolemy/actor/lib/test/auto/Expression9.xml
----------------- Instantiating /home/travis/build/icyphy/ptII/ptolemy/actor/lib/test/auto/Expression9.xml
2 ms. Memory: 240640K Free: 181127K (75%)
----------------- Invoking toplevel() on ptolemy.moml.MoMLSimpleApplication@7e00fde0
----------------- Done invoking toplevel() on ptolemy.moml.MoMLSimpleApplication@7e00fde0
reloadAllAccessors: .Expression9

===========================================================================================
----------------- testing Sun Jul 14 18:16:30 UTC 2019 /home/travis/build/icyphy/ptII/ptolemy/actor/lib/test/auto/ExpressionConcatenateArrayType.xml
----------------- Instantiating /home/travis/build/icyphy/ptII/ptolemy/actor/lib/test/auto/ExpressionConcatenateArrayType.xml
4 ms. Memory: 240640K Free: 174460K (72%)
----------------- Invoking toplevel() on ptolemy.moml.MoMLSimpleApplication@288402c5
----------------- Done invoking toplevel() on ptolemy.moml.MoMLSimpleApplication@288402c5
reloadAllAccessors: .ExpressionConcatenateArrayType

===========================================================================================
----------------- testing Sun Jul 14 18:16:30 UTC 2019 /home/travis/build/icyphy/ptII/ptolemy/actor/lib/test/auto/ExpressionConcatenateArrayType2.xml
----------------- Instantiating /home/travis/build/icyphy/ptII/ptolemy/actor/lib/test/auto/ExpressionConcatenateArrayType2.xml
2 ms. Memory: 240640K Free: 168789K (70%)
----------------- Invoking toplevel() on ptolemy.moml.MoMLSimpleApplication@9931054
----------------- Done invoking toplevel() on ptolemy.moml.MoMLSimpleApplication@9931054
reloadAllAccessors: .ExpressionConcatenateArrayType2

===========================================================================================
----------------- testing Sun Jul 14 18:16:30 UTC 2019 /home/travis/build/icyphy/ptII/ptolemy/actor/lib/test/auto/ExpressionFix.xml
----------------- Instantiating /home/travis/build/icyphy/ptII/ptolemy/actor/lib/test/auto/ExpressionFix.xml
27 ms. Memory: 240640K Free: 162172K (67%)
----------------- Invoking toplevel() on ptolemy.moml.MoMLSimpleApplication@6c5e1d9e
----------------- Done invoking toplevel() on ptolemy.moml.MoMLSimpleApplication@6c5e1d9e
reloadAllAccessors: .ExpressionFix

===========================================================================================
----------------- testing Sun Jul 14 18:16:30 UTC 2019 /home/travis/build/icyphy/ptII/ptolemy/actor/lib/test/auto/ExpressionFix2.xml
----------------- Instantiating /home/travis/build/icyphy/ptII/ptolemy/actor/lib/test/auto/ExpressionFix2.xml
4 ms. Memory: 240640K Free: 158062K (66%)
----------------- Invoking toplevel() on ptolemy.moml.MoMLSimpleApplication@1cf46748
----------------- Done invoking toplevel() on ptolemy.moml.MoMLSimpleApplication@1cf46748
reloadAllAccessors: .ExpressionFix2

===========================================================================================
----------------- testing Sun Jul 14 18:16:30 UTC 2019 /home/travis/build/icyphy/ptII/ptolemy/actor/lib/test/auto/ExpressionFix3.xml
----------------- Instantiating /home/travis/build/icyphy/ptII/ptolemy/actor/lib/test/auto/ExpressionFix3.xml
3 ms. Memory: 240640K Free: 154453K (64%)
----------------- Invoking toplevel() on ptolemy.moml.MoMLSimpleApplication@7b932ffc
----------------- Done invoking toplevel() on ptolemy.moml.MoMLSimpleApplication@7b932ffc
reloadAllAccessors: .ExpressionFix3

===========================================================================================
----------------- testing Sun Jul 14 18:16:30 UTC 2019 /home/travis/build/icyphy/ptII/ptolemy/actor/lib/test/auto/FileWriter1.xml
----------------- Instantiating /home/travis/build/icyphy/ptII/ptolemy/actor/lib/test/auto/FileWriter1.xml
2 ms. Memory: 240640K Free: 150437K (63%)
----------------- Invoking toplevel() on ptolemy.moml.MoMLSimpleApplication@324e667e
----------------- Done invoking toplevel() on ptolemy.moml.MoMLSimpleApplication@324e667e
reloadAllAccessors: .FileWriter1

===========================================================================================
----------------- testing Sun Jul 14 18:16:30 UTC 2019 /home/travis/build/icyphy/ptII/ptolemy/actor/lib/test/auto/FileWriter2.xml
----------------- Instantiating /home/travis/build/icyphy/ptII/ptolemy/actor/lib/test/auto/FileWriter2.xml
3 ms. Memory: 240640K Free: 145788K (61%)
----------------- Invoking toplevel() on ptolemy.moml.MoMLSimpleApplication@8ff2b3
----------------- Done invoking toplevel() on ptolemy.moml.MoMLSimpleApplication@8ff2b3
reloadAllAccessors: .FileWriter2

===========================================================================================
----------------- testing Sun Jul 14 18:16:30 UTC 2019 /home/travis/build/icyphy/ptII/ptolemy/actor/lib/test/auto/FileWriter3.xml
----------------- Instantiating /home/travis/build/icyphy/ptII/ptolemy/actor/lib/test/auto/FileWriter3.xml
7 ms. Memory: 240640K Free: 141692K (59%)
----------------- Invoking toplevel() on ptolemy.moml.MoMLSimpleApplication@6c332920
----------------- Done invoking toplevel() on ptolemy.moml.MoMLSimpleApplication@6c332920
reloadAllAccessors: .FileWriter3

===========================================================================================
----------------- testing Sun Jul 14 18:16:30 UTC 2019 /home/travis/build/icyphy/ptII/ptolemy/actor/lib/test/auto/Gaussian.xml
----------------- Instantiating /home/travis/build/icyphy/ptII/ptolemy/actor/lib/test/auto/Gaussian.xml
3 ms. Memory: 240640K Free: 137574K (57%)
----------------- Invoking toplevel() on ptolemy.moml.MoMLSimpleApplication@56cce53b
----------------- Done invoking toplevel() on ptolemy.moml.MoMLSimpleApplication@56cce53b
reloadAllAccessors: .Gaussian

===========================================================================================
----------------- testing Sun Jul 14 18:16:30 UTC 2019 /home/travis/build/icyphy/ptII/ptolemy/actor/lib/test/auto/Gaussian1.xml
----------------- Instantiating /home/travis/build/icyphy/ptII/ptolemy/actor/lib/test/auto/Gaussian1.xml
2 ms. Memory: 240640K Free: 131975K (55%)
----------------- Invoking toplevel() on ptolemy.moml.MoMLSimpleApplication@d8298b7
----------------- Done invoking toplevel() on ptolemy.moml.MoMLSimpleApplication@d8298b7
reloadAllAccessors: .Gaussian1

===========================================================================================
----------------- testing Sun Jul 14 18:16:30 UTC 2019 /home/travis/build/icyphy/ptII/ptolemy/actor/lib/test/auto/Gaussian2.xml
----------------- Instantiating /home/travis/build/icyphy/ptII/ptolemy/actor/lib/test/auto/Gaussian2.xml
10 ms. Memory: 240640K Free: 126332K (52%)
----------------- Invoking toplevel() on ptolemy.moml.MoMLSimpleApplication@5e1fdbd1
----------------- Done invoking toplevel() on ptolemy.moml.MoMLSimpleApplication@5e1fdbd1
reloadAllAccessors: .Gaussian2

===========================================================================================
----------------- testing Sun Jul 14 18:16:30 UTC 2019 /home/travis/build/icyphy/ptII/ptolemy/actor/lib/test/auto/GradientAdaptiveLattice.xml
----------------- Instantiating /home/travis/build/icyphy/ptII/ptolemy/actor/lib/test/auto/GradientAdaptiveLattice.xml
2 ms. Memory: 240640K Free: 121212K (50%)
----------------- Invoking toplevel() on ptolemy.moml.MoMLSimpleApplication@298def75
----------------- Done invoking toplevel() on ptolemy.moml.MoMLSimpleApplication@298def75
reloadAllAccessors: .GradientAdaptiveLattice

===========================================================================================
----------------- testing Sun Jul 14 18:16:31 UTC 2019 /home/travis/build/icyphy/ptII/ptolemy/actor/lib/test/auto/IIR.xml
----------------- Instantiating /home/travis/build/icyphy/ptII/ptolemy/actor/lib/test/auto/IIR.xml
2 ms. Memory: 240640K Free: 116645K (48%)
----------------- Invoking toplevel() on ptolemy.moml.MoMLSimpleApplication@68776b39
----------------- Done invoking toplevel() on ptolemy.moml.MoMLSimpleApplication@68776b39
reloadAllAccessors: .IIR

===========================================================================================
----------------- testing Sun Jul 14 18:16:31 UTC 2019 /home/travis/build/icyphy/ptII/ptolemy/actor/lib/test/auto/InputOutputTransparentPorts.xml
----------------- Instantiating /home/travis/build/icyphy/ptII/ptolemy/actor/lib/test/auto/InputOutputTransparentPorts.xml
2 ms. Memory: 240640K Free: 109918K (46%)
----------------- Invoking toplevel() on ptolemy.moml.MoMLSimpleApplication@2bcaeb34
----------------- Done invoking toplevel() on ptolemy.moml.MoMLSimpleApplication@2bcaeb34
reloadAllAccessors: .InputOutputTransparentPorts

===========================================================================================
----------------- testing Sun Jul 14 18:16:31 UTC 2019 /home/travis/build/icyphy/ptII/ptolemy/actor/lib/test/auto/Interpolator.xml
----------------- Instantiating /home/travis/build/icyphy/ptII/ptolemy/actor/lib/test/auto/Interpolator.xml
4 ms. Memory: 240640K Free: 105381K (44%)
----------------- Invoking toplevel() on ptolemy.moml.MoMLSimpleApplication@71973db1
----------------- Done invoking toplevel() on ptolemy.moml.MoMLSimpleApplication@71973db1
reloadAllAccessors: .Interpolator

===========================================================================================
----------------- testing Sun Jul 14 18:16:31 UTC 2019 /home/travis/build/icyphy/ptII/ptolemy/actor/lib/test/auto/InterpolatorFiringLimitDE.xml
----------------- Instantiating /home/travis/build/icyphy/ptII/ptolemy/actor/lib/test/auto/InterpolatorFiringLimitDE.xml
2 ms. Memory: 240640K Free: 99223K (41%)
----------------- Invoking toplevel() on ptolemy.moml.MoMLSimpleApplication@5a016ee4
----------------- Done invoking toplevel() on ptolemy.moml.MoMLSimpleApplication@5a016ee4
reloadAllAccessors: .InterpolatorFiringLimitDE

===========================================================================================
----------------- testing Sun Jul 14 18:16:31 UTC 2019 /home/travis/build/icyphy/ptII/ptolemy/actor/lib/test/auto/Lattice.xml
----------------- Instantiating /home/travis/build/icyphy/ptII/ptolemy/actor/lib/test/auto/Lattice.xml
1 ms. Memory: 240640K Free: 95141K (40%)
----------------- Invoking toplevel() on ptolemy.moml.MoMLSimpleApplication@3aa3da40
----------------- Done invoking toplevel() on ptolemy.moml.MoMLSimpleApplication@3aa3da40
reloadAllAccessors: .Lattice

===========================================================================================
----------------- testing Sun Jul 14 18:16:31 UTC 2019 /home/travis/build/icyphy/ptII/ptolemy/actor/lib/test/auto/LazyAOCTestLazy.xml
----------------- Instantiating /home/travis/build/icyphy/ptII/ptolemy/actor/lib/test/auto/LazyAOCTestLazy.xml
9 ms. Memory: 240640K Free: 89446K (37%)
----------------- Invoking toplevel() on ptolemy.moml.MoMLSimpleApplication@7238e69
----------------- Done invoking toplevel() on ptolemy.moml.MoMLSimpleApplication@7238e69
reloadAllAccessors: .LazyAOCTestLazy

===========================================================================================
----------------- testing Sun Jul 14 18:16:31 UTC 2019 /home/travis/build/icyphy/ptII/ptolemy/actor/lib/test/auto/LazyAOCTestNonLazy.xml
----------------- Instantiating /home/travis/build/icyphy/ptII/ptolemy/actor/lib/test/auto/LazyAOCTestNonLazy.xml
2 ms. Memory: 240640K Free: 82839K (34%)
----------------- Invoking toplevel() on ptolemy.moml.MoMLSimpleApplication@41996295
----------------- Done invoking toplevel() on ptolemy.moml.MoMLSimpleApplication@41996295
reloadAllAccessors: .LazyAOCTestNonLazy

===========================================================================================
----------------- testing Sun Jul 14 18:16:31 UTC 2019 /home/travis/build/icyphy/ptII/ptolemy/actor/lib/test/auto/LazyInnerClass.xml
----------------- Instantiating /home/travis/build/icyphy/ptII/ptolemy/actor/lib/test/auto/LazyInnerClass.xml
11 ms. Memory: 240640K Free: 73623K (31%)
----------------- Invoking toplevel() on ptolemy.moml.MoMLSimpleApplication@63829a
----------------- Done invoking toplevel() on ptolemy.moml.MoMLSimpleApplication@63829a
reloadAllAccessors: .LazyInnerClass

===========================================================================================
----------------- testing Sun Jul 14 18:16:31 UTC 2019 /home/travis/build/icyphy/ptII/ptolemy/actor/lib/test/auto/LazyPubSub.xml
----------------- Instantiating /home/travis/build/icyphy/ptII/ptolemy/actor/lib/test/auto/LazyPubSub.xml
31 ms. Memory: 240640K Free: 63397K (26%)
----------------- Invoking toplevel() on ptolemy.moml.MoMLSimpleApplication@73493a14
----------------- Done invoking toplevel() on ptolemy.moml.MoMLSimpleApplication@73493a14
reloadAllAccessors: .LazyPubSub

===========================================================================================
----------------- testing Sun Jul 14 18:16:31 UTC 2019 /home/travis/build/icyphy/ptII/ptolemy/actor/lib/test/auto/LazyPubSub2.xml
----------------- Instantiating /home/travis/build/icyphy/ptII/ptolemy/actor/lib/test/auto/LazyPubSub2.xml
26 ms. Memory: 240640K Free: 54143K (22%)
----------------- Invoking toplevel() on ptolemy.moml.MoMLSimpleApplication@721841dd
----------------- Done invoking toplevel() on ptolemy.moml.MoMLSimpleApplication@721841dd
reloadAllAccessors: .LazyPubSub2

===========================================================================================
----------------- testing Sun Jul 14 18:16:31 UTC 2019 /home/travis/build/icyphy/ptII/ptolemy/actor/lib/test/auto/LazyPubSub3.xml
----------------- Instantiating /home/travis/build/icyphy/ptII/ptolemy/actor/lib/test/auto/LazyPubSub3.xml
15 ms. Memory: 240640K Free: 184494K (77%)
----------------- Invoking toplevel() on ptolemy.moml.MoMLSimpleApplication@7b900395
----------------- Done invoking toplevel() on ptolemy.moml.MoMLSimpleApplication@7b900395
reloadAllAccessors: .LazyPubSub3

===========================================================================================
----------------- testing Sun Jul 14 18:16:31 UTC 2019 /home/travis/build/icyphy/ptII/ptolemy/actor/lib/test/auto/LazySubClassModel.xml
----------------- Instantiating /home/travis/build/icyphy/ptII/ptolemy/actor/lib/test/auto/LazySubClassModel.xml
2 ms. Memory: 240640K Free: 175278K (73%)
----------------- Invoking toplevel() on ptolemy.moml.MoMLSimpleApplication@3042b19b
----------------- Done invoking toplevel() on ptolemy.moml.MoMLSimpleApplication@3042b19b
reloadAllAccessors: .LazySubClassModel

===========================================================================================
----------------- testing Sun Jul 14 18:16:31 UTC 2019 /home/travis/build/icyphy/ptII/ptolemy/actor/lib/test/auto/LevelCrossTest1.xml
----------------- Instantiating /home/travis/build/icyphy/ptII/ptolemy/actor/lib/test/auto/LevelCrossTest1.xml
2 ms. Memory: 240640K Free: 169644K (70%)
----------------- Invoking toplevel() on ptolemy.moml.MoMLSimpleApplication@30b3402e
----------------- Done invoking toplevel() on ptolemy.moml.MoMLSimpleApplication@30b3402e
reloadAllAccessors: .broken

===========================================================================================
----------------- testing Sun Jul 14 18:16:31 UTC 2019 /home/travis/build/icyphy/ptII/ptolemy/actor/lib/test/auto/LevelCrossTest10.xml
----------------- Instantiating /home/travis/build/icyphy/ptII/ptolemy/actor/lib/test/auto/LevelCrossTest10.xml
2 ms. Memory: 240640K Free: 161966K (67%)
----------------- Invoking toplevel() on ptolemy.moml.MoMLSimpleApplication@b1a8c41
----------------- Done invoking toplevel() on ptolemy.moml.MoMLSimpleApplication@b1a8c41
reloadAllAccessors: .LevelCrossTest10

===========================================================================================
----------------- testing Sun Jul 14 18:16:31 UTC 2019 /home/travis/build/icyphy/ptII/ptolemy/actor/lib/test/auto/LevelCrossTest11.xml
----------------- Instantiating /home/travis/build/icyphy/ptII/ptolemy/actor/lib/test/auto/LevelCrossTest11.xml
1 ms. Memory: 240640K Free: 154798K (64%)
----------------- Invoking toplevel() on ptolemy.moml.MoMLSimpleApplication@67f5122e
----------------- Done invoking toplevel() on ptolemy.moml.MoMLSimpleApplication@67f5122e
reloadAllAccessors: .LevelCrossTest11

===========================================================================================
----------------- testing Sun Jul 14 18:16:31 UTC 2019 /home/travis/build/icyphy/ptII/ptolemy/actor/lib/test/auto/LevelCrossTest12.xml
----------------- Instantiating /home/travis/build/icyphy/ptII/ptolemy/actor/lib/test/auto/LevelCrossTest12.xml
1 ms. Memory: 240640K Free: 148140K (62%)
----------------- Invoking toplevel() on ptolemy.moml.MoMLSimpleApplication@20fb4dd3
----------------- Done invoking toplevel() on ptolemy.moml.MoMLSimpleApplication@20fb4dd3
reloadAllAccessors: .LevelCrossTest12

===========================================================================================
----------------- testing Sun Jul 14 18:16:31 UTC 2019 /home/travis/build/icyphy/ptII/ptolemy/actor/lib/test/auto/LevelCrossTest13.xml
----------------- Instantiating /home/travis/build/icyphy/ptII/ptolemy/actor/lib/test/auto/LevelCrossTest13.xml
1 ms. Memory: 240640K Free: 139948K (58%)
----------------- Invoking toplevel() on ptolemy.moml.MoMLSimpleApplication@126be235
----------------- Done invoking toplevel() on ptolemy.moml.MoMLSimpleApplication@126be235
reloadAllAccessors: .LevelCrossTest13

===========================================================================================
----------------- testing Sun Jul 14 18:16:31 UTC 2019 /home/travis/build/icyphy/ptII/ptolemy/actor/lib/test/auto/LevelCrossTest2.xml
----------------- Instantiating /home/travis/build/icyphy/ptII/ptolemy/actor/lib/test/auto/LevelCrossTest2.xml
1 ms. Memory: 240640K Free: 134318K (56%)
----------------- Invoking toplevel() on ptolemy.moml.MoMLSimpleApplication@3e54e18d
----------------- Done invoking toplevel() on ptolemy.moml.MoMLSimpleApplication@3e54e18d
reloadAllAccessors: .broken

===========================================================================================
----------------- testing Sun Jul 14 18:16:31 UTC 2019 /home/travis/build/icyphy/ptII/ptolemy/actor/lib/test/auto/LevelCrossTest3.xml
----------------- Instantiating /home/travis/build/icyphy/ptII/ptolemy/actor/lib/test/auto/LevelCrossTest3.xml
1 ms. Memory: 240640K Free: 127660K (53%)
----------------- Invoking toplevel() on ptolemy.moml.MoMLSimpleApplication@73d2c7ba
----------------- Done invoking toplevel() on ptolemy.moml.MoMLSimpleApplication@73d2c7ba
reloadAllAccessors: .LevelCrossTest3

===========================================================================================
----------------- testing Sun Jul 14 18:16:31 UTC 2019 /home/travis/build/icyphy/ptII/ptolemy/actor/lib/test/auto/LevelCrossTest4.xml
----------------- Instantiating /home/travis/build/icyphy/ptII/ptolemy/actor/lib/test/auto/LevelCrossTest4.xml
13 ms. Memory: 240640K Free: 122030K (51%)
----------------- Invoking toplevel() on ptolemy.moml.MoMLSimpleApplication@6f25eb66
----------------- Done invoking toplevel() on ptolemy.moml.MoMLSimpleApplication@6f25eb66
reloadAllAccessors: .broken

===========================================================================================
----------------- testing Sun Jul 14 18:16:31 UTC 2019 /home/travis/build/icyphy/ptII/ptolemy/actor/lib/test/auto/LevelCrossTest5.xml
----------------- Instantiating /home/travis/build/icyphy/ptII/ptolemy/actor/lib/test/auto/LevelCrossTest5.xml
4 ms. Memory: 240640K Free: 115886K (48%)
----------------- Invoking toplevel() on ptolemy.moml.MoMLSimpleApplication@1947981b
----------------- Done invoking toplevel() on ptolemy.moml.MoMLSimpleApplication@1947981b
reloadAllAccessors: .LevelCrossTest5

===========================================================================================
----------------- testing Sun Jul 14 18:16:31 UTC 2019 /home/travis/build/icyphy/ptII/ptolemy/actor/lib/test/auto/LevelCrossTest6.xml
----------------- Instantiating /home/travis/build/icyphy/ptII/ptolemy/actor/lib/test/auto/LevelCrossTest6.xml
2 ms. Memory: 240640K Free: 108718K (45%)
----------------- Invoking toplevel() on ptolemy.moml.MoMLSimpleApplication@7f9f7b0e
----------------- Done invoking toplevel() on ptolemy.moml.MoMLSimpleApplication@7f9f7b0e
reloadAllAccessors: .LevelCrossTest6

===========================================================================================
----------------- testing Sun Jul 14 18:16:31 UTC 2019 /home/travis/build/icyphy/ptII/ptolemy/actor/lib/test/auto/LevelCrossTest7.xml
----------------- Instantiating /home/travis/build/icyphy/ptII/ptolemy/actor/lib/test/auto/LevelCrossTest7.xml
1 ms. Memory: 240640K Free: 100526K (42%)
----------------- Invoking toplevel() on ptolemy.moml.MoMLSimpleApplication@57788d9d
----------------- Done invoking toplevel() on ptolemy.moml.MoMLSimpleApplication@57788d9d
reloadAllAccessors: .LevelCrossTest7

===========================================================================================
----------------- testing Sun Jul 14 18:16:31 UTC 2019 /home/travis/build/icyphy/ptII/ptolemy/actor/lib/test/auto/LevelCrossTest8.xml
----------------- Instantiating /home/travis/build/icyphy/ptII/ptolemy/actor/lib/test/auto/LevelCrossTest8.xml
2 ms. Memory: 240640K Free: 93868K (39%)
----------------- Invoking toplevel() on ptolemy.moml.MoMLSimpleApplication@7aa721f8
----------------- Done invoking toplevel() on ptolemy.moml.MoMLSimpleApplication@7aa721f8
reloadAllAccessors: .LevelCrossTest8

===========================================================================================
----------------- testing Sun Jul 14 18:16:31 UTC 2019 /home/travis/build/icyphy/ptII/ptolemy/actor/lib/test/auto/LevelCrossTest9.xml
----------------- Instantiating /home/travis/build/icyphy/ptII/ptolemy/actor/lib/test/auto/LevelCrossTest9.xml
2 ms. Memory: 240640K Free: 86700K (36%)
----------------- Invoking toplevel() on ptolemy.moml.MoMLSimpleApplication@203d18ba
----------------- Done invoking toplevel() on ptolemy.moml.MoMLSimpleApplication@203d18ba
reloadAllAccessors: .LevelCrossTest9

===========================================================================================
----------------- testing Sun Jul 14 18:16:31 UTC 2019 /home/travis/build/icyphy/ptII/ptolemy/actor/lib/test/auto/LevinsonDurbin.xml
----------------- Instantiating /home/travis/build/icyphy/ptII/ptolemy/actor/lib/test/auto/LevinsonDurbin.xml
9 ms. Memory: 240640K Free: 82604K (34%)
----------------- Invoking toplevel() on ptolemy.moml.MoMLSimpleApplication@1b90f2ea
----------------- Done invoking toplevel() on ptolemy.moml.MoMLSimpleApplication@1b90f2ea
reloadAllAccessors: .LevinsonDurbin

===========================================================================================
----------------- testing Sun Jul 14 18:16:31 UTC 2019 /home/travis/build/icyphy/ptII/ptolemy/actor/lib/test/auto/LevinsonDurbin2.xml
----------------- Instantiating /home/travis/build/icyphy/ptII/ptolemy/actor/lib/test/auto/LevinsonDurbin2.xml
2 ms. Memory: 240640K Free: 78508K (33%)
----------------- Invoking toplevel() on ptolemy.moml.MoMLSimpleApplication@6f93ff79
----------------- Done invoking toplevel() on ptolemy.moml.MoMLSimpleApplication@6f93ff79
reloadAllAccessors: .LevinsonDurbin2

===========================================================================================
----------------- testing Sun Jul 14 18:16:31 UTC 2019 /home/travis/build/icyphy/ptII/ptolemy/actor/lib/test/auto/LevinsonDurbin3.xml
----------------- Instantiating /home/travis/build/icyphy/ptII/ptolemy/actor/lib/test/auto/LevinsonDurbin3.xml
6 ms. Memory: 240640K Free: 74412K (31%)
----------------- Invoking toplevel() on ptolemy.moml.MoMLSimpleApplication@3f2c6952
----------------- Done invoking toplevel() on ptolemy.moml.MoMLSimpleApplication@3f2c6952
reloadAllAccessors: .LevinsonDurbin3

===========================================================================================
----------------- testing Sun Jul 14 18:16:31 UTC 2019 /home/travis/build/icyphy/ptII/ptolemy/actor/lib/test/auto/Limiter.xml
----------------- Instantiating /home/travis/build/icyphy/ptII/ptolemy/actor/lib/test/auto/Limiter.xml
7 ms. Memory: 240640K Free: 65196K (27%)
----------------- Invoking toplevel() on ptolemy.moml.MoMLSimpleApplication@1d337390
----------------- Done invoking toplevel() on ptolemy.moml.MoMLSimpleApplication@1d337390
reloadAllAccessors: .Limiter

===========================================================================================
----------------- testing Sun Jul 14 18:16:31 UTC 2019 /home/travis/build/icyphy/ptII/ptolemy/actor/lib/test/auto/LinearDifferenceEquationSystem.xml
----------------- Instantiating /home/travis/build/icyphy/ptII/ptolemy/actor/lib/test/auto/LinearDifferenceEquationSystem.xml
4 ms. Memory: 240640K Free: 58028K (24%)
----------------- Invoking toplevel() on ptolemy.moml.MoMLSimpleApplication@403f16e0
----------------- Done invoking toplevel() on ptolemy.moml.MoMLSimpleApplication@403f16e0
reloadAllAccessors: .LinearDifferenceEquationSystem

===========================================================================================
----------------- testing Sun Jul 14 18:16:31 UTC 2019 /home/travis/build/icyphy/ptII/ptolemy/actor/lib/test/auto/LookupTable.xml
----------------- Instantiating /home/travis/build/icyphy/ptII/ptolemy/actor/lib/test/auto/LookupTable.xml
2 ms. Memory: 240640K Free: 53422K (22%)
----------------- Invoking toplevel() on ptolemy.moml.MoMLSimpleApplication@1c3ddc6e
----------------- Done invoking toplevel() on ptolemy.moml.MoMLSimpleApplication@1c3ddc6e
reloadAllAccessors: .LookupTable

===========================================================================================
----------------- testing Sun Jul 14 18:16:31 UTC 2019 /home/travis/build/icyphy/ptII/ptolemy/actor/lib/test/auto/MathFunction.xml
----------------- Instantiating /home/travis/build/icyphy/ptII/ptolemy/actor/lib/test/auto/MathFunction.xml
2 ms. Memory: 240640K Free: 187169K (78%)
----------------- Invoking toplevel() on ptolemy.moml.MoMLSimpleApplication@1de446fb
----------------- Done invoking toplevel() on ptolemy.moml.MoMLSimpleApplication@1de446fb
reloadAllAccessors: .MathFunction

===========================================================================================
----------------- testing Sun Jul 14 18:16:31 UTC 2019 /home/travis/build/icyphy/ptII/ptolemy/actor/lib/test/auto/MathFunction2.xml
----------------- Instantiating /home/travis/build/icyphy/ptII/ptolemy/actor/lib/test/auto/MathFunction2.xml
1 ms. Memory: 240640K Free: 183087K (76%)
----------------- Invoking toplevel() on ptolemy.moml.MoMLSimpleApplication@c6f065a
----------------- Done invoking toplevel() on ptolemy.moml.MoMLSimpleApplication@c6f065a
reloadAllAccessors: .MathFunction2

===========================================================================================
----------------- testing Sun Jul 14 18:16:31 UTC 2019 /home/travis/build/icyphy/ptII/ptolemy/actor/lib/test/auto/MathFunction3.xml
----------------- Instantiating /home/travis/build/icyphy/ptII/ptolemy/actor/lib/test/auto/MathFunction3.xml
2 ms. Memory: 240640K Free: 175919K (73%)
----------------- Invoking toplevel() on ptolemy.moml.MoMLSimpleApplication@52fc7b29
----------------- Done invoking toplevel() on ptolemy.moml.MoMLSimpleApplication@52fc7b29
reloadAllAccessors: .MathFunction3

===========================================================================================
----------------- testing Sun Jul 14 18:16:31 UTC 2019 /home/travis/build/icyphy/ptII/ptolemy/actor/lib/test/auto/MatrixCropBoolean.xml
----------------- Instantiating /home/travis/build/icyphy/ptII/ptolemy/actor/lib/test/auto/MatrixCropBoolean.xml
3 ms. Memory: 240640K Free: 170769K (71%)
----------------- Invoking toplevel() on ptolemy.moml.MoMLSimpleApplication@63f7e36c
----------------- Done invoking toplevel() on ptolemy.moml.MoMLSimpleApplication@63f7e36c
reloadAllAccessors: .MatrixCropBoolean

===========================================================================================
----------------- testing Sun Jul 14 18:16:31 UTC 2019 /home/travis/build/icyphy/ptII/ptolemy/actor/lib/test/auto/MatrixCropComplex.xml
----------------- Instantiating /home/travis/build/icyphy/ptII/ptolemy/actor/lib/test/auto/MatrixCropComplex.xml
1 ms. Memory: 240640K Free: 166193K (69%)
----------------- Invoking toplevel() on ptolemy.moml.MoMLSimpleApplication@7624dc0d
----------------- Done invoking toplevel() on ptolemy.moml.MoMLSimpleApplication@7624dc0d
reloadAllAccessors: .MatrixCropComplex

===========================================================================================
----------------- testing Sun Jul 14 18:16:31 UTC 2019 /home/travis/build/icyphy/ptII/ptolemy/actor/lib/test/auto/MatrixCropDouble.xml
----------------- Instantiating /home/travis/build/icyphy/ptII/ptolemy/actor/lib/test/auto/MatrixCropDouble.xml
3 ms. Memory: 240640K Free: 161577K (67%)
----------------- Invoking toplevel() on ptolemy.moml.MoMLSimpleApplication@30f5ca93
----------------- Done invoking toplevel() on ptolemy.moml.MoMLSimpleApplication@30f5ca93
reloadAllAccessors: .MatrixCropDouble

===========================================================================================
----------------- testing Sun Jul 14 18:16:31 UTC 2019 /home/travis/build/icyphy/ptII/ptolemy/actor/lib/test/auto/MatrixCropFix.xml
----------------- Instantiating /home/travis/build/icyphy/ptII/ptolemy/actor/lib/test/auto/MatrixCropFix.xml
2 ms. Memory: 240640K Free: 156433K (65%)
----------------- Invoking toplevel() on ptolemy.moml.MoMLSimpleApplication@19284900
----------------- Done invoking toplevel() on ptolemy.moml.MoMLSimpleApplication@19284900
reloadAllAccessors: .MatrixCropFix

===========================================================================================
----------------- testing Sun Jul 14 18:16:32 UTC 2019 /home/travis/build/icyphy/ptII/ptolemy/actor/lib/test/auto/MatrixCropInt.xml
----------------- Instantiating /home/travis/build/icyphy/ptII/ptolemy/actor/lib/test/auto/MatrixCropInt.xml
2 ms. Memory: 240640K Free: 151337K (63%)
----------------- Invoking toplevel() on ptolemy.moml.MoMLSimpleApplication@29e21cc0
----------------- Done invoking toplevel() on ptolemy.moml.MoMLSimpleApplication@29e21cc0
reloadAllAccessors: .MatrixCropInt

===========================================================================================
----------------- testing Sun Jul 14 18:16:32 UTC 2019 /home/travis/build/icyphy/ptII/ptolemy/actor/lib/test/auto/MatrixCropLong.xml
----------------- Instantiating /home/travis/build/icyphy/ptII/ptolemy/actor/lib/test/auto/MatrixCropLong.xml
1 ms. Memory: 240640K Free: 146193K (61%)
----------------- Invoking toplevel() on ptolemy.moml.MoMLSimpleApplication@5d4f812b
----------------- Done invoking toplevel() on ptolemy.moml.MoMLSimpleApplication@5d4f812b
reloadAllAccessors: .MatrixCropLong

===========================================================================================
----------------- testing Sun Jul 14 18:16:32 UTC 2019 /home/travis/build/icyphy/ptII/ptolemy/actor/lib/test/auto/MatrixToArray.xml
----------------- Instantiating /home/travis/build/icyphy/ptII/ptolemy/actor/lib/test/auto/MatrixToArray.xml
11 ms. Memory: 240640K Free: 131377K (55%)
----------------- Invoking toplevel() on ptolemy.moml.MoMLSimpleApplication@3f7812c5
----------------- Done invoking toplevel() on ptolemy.moml.MoMLSimpleApplication@3f7812c5
reloadAllAccessors: .MatrixToArray

===========================================================================================
----------------- testing Sun Jul 14 18:16:32 UTC 2019 /home/travis/build/icyphy/ptII/ptolemy/actor/lib/test/auto/MaxIndex.xml
----------------- Instantiating /home/travis/build/icyphy/ptII/ptolemy/actor/lib/test/auto/MaxIndex.xml
2 ms. Memory: 240640K Free: 126257K (52%)
----------------- Invoking toplevel() on ptolemy.moml.MoMLSimpleApplication@7f37a26d
----------------- Done invoking toplevel() on ptolemy.moml.MoMLSimpleApplication@7f37a26d
reloadAllAccessors: .MaxIndex

===========================================================================================
----------------- testing Sun Jul 14 18:16:32 UTC 2019 /home/travis/build/icyphy/ptII/ptolemy/actor/lib/test/auto/Maximum.xml
----------------- Instantiating /home/travis/build/icyphy/ptII/ptolemy/actor/lib/test/auto/Maximum.xml
3 ms. Memory: 240640K Free: 119585K (50%)
----------------- Invoking toplevel() on ptolemy.moml.MoMLSimpleApplication@43e7758f
----------------- Done invoking toplevel() on ptolemy.moml.MoMLSimpleApplication@43e7758f
reloadAllAccessors: .Maximum

===========================================================================================
----------------- testing Sun Jul 14 18:16:32 UTC 2019 /home/travis/build/icyphy/ptII/ptolemy/actor/lib/test/auto/MaximumComplex.xml
----------------- Instantiating /home/travis/build/icyphy/ptII/ptolemy/actor/lib/test/auto/MaximumComplex.xml
4 ms. Memory: 240640K Free: 113425K (47%)
----------------- Invoking toplevel() on ptolemy.moml.MoMLSimpleApplication@425133df
----------------- Done invoking toplevel() on ptolemy.moml.MoMLSimpleApplication@425133df
reloadAllAccessors: .MaximumComplex

===========================================================================================
----------------- testing Sun Jul 14 18:16:32 UTC 2019 /home/travis/build/icyphy/ptII/ptolemy/actor/lib/test/auto/MethodCallTest.xml
----------------- Instantiating /home/travis/build/icyphy/ptII/ptolemy/actor/lib/test/auto/MethodCallTest.xml
2 ms. Memory: 240640K Free: 106801K (44%)
----------------- Invoking toplevel() on ptolemy.moml.MoMLSimpleApplication@503d1275
----------------- Done invoking toplevel() on ptolemy.moml.MoMLSimpleApplication@503d1275
reloadAllAccessors: .MethodCallTest

===========================================================================================
----------------- testing Sun Jul 14 18:16:32 UTC 2019 /home/travis/build/icyphy/ptII/ptolemy/actor/lib/test/auto/Minimum.xml
----------------- Instantiating /home/travis/build/icyphy/ptII/ptolemy/actor/lib/test/auto/Minimum.xml
3 ms. Memory: 240640K Free: 100657K (42%)
----------------- Invoking toplevel() on ptolemy.moml.MoMLSimpleApplication@51f49e4a
----------------- Done invoking toplevel() on ptolemy.moml.MoMLSimpleApplication@51f49e4a
reloadAllAccessors: .Minimum

===========================================================================================
----------------- testing Sun Jul 14 18:16:32 UTC 2019 /home/travis/build/icyphy/ptII/ptolemy/actor/lib/test/auto/MinimumComplex.xml
----------------- Instantiating /home/travis/build/icyphy/ptII/ptolemy/actor/lib/test/auto/MinimumComplex.xml
3 ms. Memory: 240640K Free: 94513K (39%)
----------------- Invoking toplevel() on ptolemy.moml.MoMLSimpleApplication@4b9bcd4a
----------------- Done invoking toplevel() on ptolemy.moml.MoMLSimpleApplication@4b9bcd4a
reloadAllAccessors: .MinimumComplex

===========================================================================================
----------------- testing Sun Jul 14 18:16:32 UTC 2019 /home/travis/build/icyphy/ptII/ptolemy/actor/lib/test/auto/MinimumMultiports.xml
----------------- Instantiating /home/travis/build/icyphy/ptII/ptolemy/actor/lib/test/auto/MinimumMultiports.xml
4 ms. Memory: 240640K Free: 85793K (36%)
----------------- Invoking toplevel() on ptolemy.moml.MoMLSimpleApplication@5c35297d
----------------- Done invoking toplevel() on ptolemy.moml.MoMLSimpleApplication@5c35297d
reloadAllAccessors: .MinimumMultiports

===========================================================================================
----------------- testing Sun Jul 14 18:16:32 UTC 2019 /home/travis/build/icyphy/ptII/ptolemy/actor/lib/test/auto/ModifyDate.xml
----------------- Instantiating /home/travis/build/icyphy/ptII/ptolemy/actor/lib/test/auto/ModifyDate.xml
10 ms. Memory: 240640K Free: 73009K (30%)
----------------- Invoking toplevel() on ptolemy.moml.MoMLSimpleApplication@444a2047
----------------- Done invoking toplevel() on ptolemy.moml.MoMLSimpleApplication@444a2047
reloadAllAccessors: .ModifyDate

===========================================================================================
----------------- testing Sun Jul 14 18:16:32 UTC 2019 /home/travis/build/icyphy/ptII/ptolemy/actor/lib/test/auto/ModifyDate2.xml
----------------- Instantiating /home/travis/build/icyphy/ptII/ptolemy/actor/lib/test/auto/ModifyDate2.xml
5 ms. Memory: 240640K Free: 64289K (27%)
----------------- Invoking toplevel() on ptolemy.moml.MoMLSimpleApplication@61755c2c
----------------- Done invoking toplevel() on ptolemy.moml.MoMLSimpleApplication@61755c2c
reloadAllAccessors: .ModifyDate2

===========================================================================================
----------------- testing Sun Jul 14 18:16:32 UTC 2019 /home/travis/build/icyphy/ptII/ptolemy/actor/lib/test/auto/MovingAverage.xml
----------------- Instantiating /home/travis/build/icyphy/ptII/ptolemy/actor/lib/test/auto/MovingAverage.xml
2 ms. Memory: 240640K Free: 59183K (25%)
----------------- Invoking toplevel() on ptolemy.moml.MoMLSimpleApplication@58d713df
----------------- Done invoking toplevel() on ptolemy.moml.MoMLSimpleApplication@58d713df
reloadAllAccessors: .MovingAverage

===========================================================================================
----------------- testing Sun Jul 14 18:16:32 UTC 2019 /home/travis/build/icyphy/ptII/ptolemy/actor/lib/test/auto/MovingMaximum.xml
----------------- Instantiating /home/travis/build/icyphy/ptII/ptolemy/actor/lib/test/auto/MovingMaximum.xml
1 ms. Memory: 240640K Free: 54577K (23%)
----------------- Invoking toplevel() on ptolemy.moml.MoMLSimpleApplication@76e56396
----------------- Done invoking toplevel() on ptolemy.moml.MoMLSimpleApplication@76e56396
reloadAllAccessors: .MovingMaximum

===========================================================================================
----------------- testing Sun Jul 14 18:16:32 UTC 2019 /home/travis/build/icyphy/ptII/ptolemy/actor/lib/test/auto/MultipleLinksToSameRelation.xml
----------------- Instantiating /home/travis/build/icyphy/ptII/ptolemy/actor/lib/test/auto/MultipleLinksToSameRelation.xml
2 ms. Memory: 240640K Free: 50481K (21%)
----------------- Invoking toplevel() on ptolemy.moml.MoMLSimpleApplication@19268f9d
----------------- Done invoking toplevel() on ptolemy.moml.MoMLSimpleApplication@19268f9d
reloadAllAccessors: .MultipleLinksToSameRelation

===========================================================================================
----------------- testing Sun Jul 14 18:16:32 UTC 2019 /home/travis/build/icyphy/ptII/ptolemy/actor/lib/test/auto/MultipleLinksToSameRelationDE.xml
----------------- Instantiating /home/travis/build/icyphy/ptII/ptolemy/actor/lib/test/auto/MultipleLinksToSameRelationDE.xml
1 ms. Memory: 240640K Free: 187669K (78%)
----------------- Invoking toplevel() on ptolemy.moml.MoMLSimpleApplication@31702fce
----------------- Done invoking toplevel() on ptolemy.moml.MoMLSimpleApplication@31702fce
reloadAllAccessors: .MultipleLinksToSameRelationDE

===========================================================================================
----------------- testing Sun Jul 14 18:16:32 UTC 2019 /home/travis/build/icyphy/ptII/ptolemy/actor/lib/test/auto/Multiplexor.xml
----------------- Instantiating /home/travis/build/icyphy/ptII/ptolemy/actor/lib/test/auto/Multiplexor.xml
1 ms. Memory: 240640K Free: 182053K (76%)
----------------- Invoking toplevel() on ptolemy.moml.MoMLSimpleApplication@1a5877c7
----------------- Done invoking toplevel() on ptolemy.moml.MoMLSimpleApplication@1a5877c7
reloadAllAccessors: .Multiplexor

===========================================================================================
----------------- testing Sun Jul 14 18:16:32 UTC 2019 /home/travis/build/icyphy/ptII/ptolemy/actor/lib/test/auto/Multiplexor1.xml
----------------- Instantiating /home/travis/build/icyphy/ptII/ptolemy/actor/lib/test/auto/Multiplexor1.xml
2 ms. Memory: 240640K Free: 176389K (73%)
----------------- Invoking toplevel() on ptolemy.moml.MoMLSimpleApplication@656faefe
----------------- Done invoking toplevel() on ptolemy.moml.MoMLSimpleApplication@656faefe
reloadAllAccessors: .Multiplexor1

===========================================================================================
----------------- testing Sun Jul 14 18:16:32 UTC 2019 /home/travis/build/icyphy/ptII/ptolemy/actor/lib/test/auto/Multiplexor2.xml
----------------- Instantiating /home/travis/build/icyphy/ptII/ptolemy/actor/lib/test/auto/Multiplexor2.xml
5 ms. Memory: 240640K Free: 169249K (70%)
----------------- Invoking toplevel() on ptolemy.moml.MoMLSimpleApplication@58712de5
----------------- Done invoking toplevel() on ptolemy.moml.MoMLSimpleApplication@58712de5
reloadAllAccessors: .Multiplexor2

===========================================================================================
----------------- testing Sun Jul 14 18:16:32 UTC 2019 /home/travis/build/icyphy/ptII/ptolemy/actor/lib/test/auto/Multiplexor3.xml
----------------- Instantiating /home/travis/build/icyphy/ptII/ptolemy/actor/lib/test/auto/Multiplexor3.xml
1 ms. Memory: 240640K Free: 165155K (69%)
----------------- Invoking toplevel() on ptolemy.moml.MoMLSimpleApplication@f34e70b
----------------- Done invoking toplevel() on ptolemy.moml.MoMLSimpleApplication@f34e70b
reloadAllAccessors: .Multiplexor3

===========================================================================================
----------------- testing Sun Jul 14 18:16:32 UTC 2019 /home/travis/build/icyphy/ptII/ptolemy/actor/lib/test/auto/MultiplexorDE.xml
----------------- Instantiating /home/travis/build/icyphy/ptII/ptolemy/actor/lib/test/auto/MultiplexorDE.xml
3 ms. Memory: 240640K Free: 157477K (65%)
----------------- Invoking toplevel() on ptolemy.moml.MoMLSimpleApplication@7bf6a1ab
----------------- Done invoking toplevel() on ptolemy.moml.MoMLSimpleApplication@7bf6a1ab
reloadAllAccessors: .MultiplexorDE

===========================================================================================
----------------- testing Sun Jul 14 18:16:32 UTC 2019 /home/travis/build/icyphy/ptII/ptolemy/actor/lib/test/auto/MultiportBroadcastTest.xml
----------------- Instantiating /home/travis/build/icyphy/ptII/ptolemy/actor/lib/test/auto/MultiportBroadcastTest.xml
93 ms. Memory: 240640K Free: 151333K (63%)
----------------- Invoking toplevel() on ptolemy.moml.MoMLSimpleApplication@72036c89
----------------- Done invoking toplevel() on ptolemy.moml.MoMLSimpleApplication@72036c89
reloadAllAccessors: .MultiportBroadcastTest

===========================================================================================
----------------- testing Sun Jul 14 18:16:32 UTC 2019 /home/travis/build/icyphy/ptII/ptolemy/actor/lib/test/auto/MultiportOutHangDuringGetWidth.xml
----------------- Instantiating /home/travis/build/icyphy/ptII/ptolemy/actor/lib/test/auto/MultiportOutHangDuringGetWidth.xml
6 ms. Memory: 240640K Free: 139045K (58%)
----------------- Invoking toplevel() on ptolemy.moml.MoMLSimpleApplication@b321a14
----------------- Done invoking toplevel() on ptolemy.moml.MoMLSimpleApplication@b321a14
reloadAllAccessors: .MultiportOutHangDuringGetWidth

===========================================================================================
----------------- testing Sun Jul 14 18:16:32 UTC 2019 /home/travis/build/icyphy/ptII/ptolemy/actor/lib/test/auto/NilToken.xml
----------------- Instantiating /home/travis/build/icyphy/ptII/ptolemy/actor/lib/test/auto/NilToken.xml
1 ms. Memory: 240640K Free: 134949K (56%)
----------------- Invoking toplevel() on ptolemy.moml.MoMLSimpleApplication@66264a22
----------------- Done invoking toplevel() on ptolemy.moml.MoMLSimpleApplication@66264a22
reloadAllAccessors: .NilToken

===========================================================================================
----------------- testing Sun Jul 14 18:16:32 UTC 2019 /home/travis/build/icyphy/ptII/ptolemy/actor/lib/test/auto/NilTokenNonStrictTest.xml
----------------- Instantiating /home/travis/build/icyphy/ptII/ptolemy/actor/lib/test/auto/NilTokenNonStrictTest.xml
6 ms. Memory: 240640K Free: 129315K (54%)
----------------- Invoking toplevel() on ptolemy.moml.MoMLSimpleApplication@439245f8
----------------- Done invoking toplevel() on ptolemy.moml.MoMLSimpleApplication@439245f8
reloadAllAccessors: .NilTokenNonStrictTest

===========================================================================================
----------------- testing Sun Jul 14 18:16:32 UTC 2019 /home/travis/build/icyphy/ptII/ptolemy/actor/lib/test/auto/NilTokenRecord.xml
----------------- Instantiating /home/travis/build/icyphy/ptII/ptolemy/actor/lib/test/auto/NilTokenRecord.xml
7 ms. Memory: 240640K Free: 122661K (51%)
----------------- Invoking toplevel() on ptolemy.moml.MoMLSimpleApplication@35eeef00
----------------- Done invoking toplevel() on ptolemy.moml.MoMLSimpleApplication@35eeef00
reloadAllAccessors: .NilTokenRecord

===========================================================================================
----------------- testing Sun Jul 14 18:16:32 UTC 2019 /home/travis/build/icyphy/ptII/ptolemy/actor/lib/test/auto/NilTokenTypeTest.xml
----------------- Instantiating /home/travis/build/icyphy/ptII/ptolemy/actor/lib/test/auto/NilTokenTypeTest.xml
11 ms. Memory: 240640K Free: 112931K (47%)
----------------- Invoking toplevel() on ptolemy.moml.MoMLSimpleApplication@516230c3
----------------- Done invoking toplevel() on ptolemy.moml.MoMLSimpleApplication@516230c3
reloadAllAccessors: .NilTokenTypeTest

===========================================================================================
----------------- testing Sun Jul 14 18:16:32 UTC 2019 /home/travis/build/icyphy/ptII/ptolemy/actor/lib/test/auto/ObjectToken1.xml
----------------- Instantiating /home/travis/build/icyphy/ptII/ptolemy/actor/lib/test/auto/ObjectToken1.xml
2 ms. Memory: 240640K Free: 108835K (45%)
----------------- Invoking toplevel() on ptolemy.moml.MoMLSimpleApplication@70144215
----------------- Done invoking toplevel() on ptolemy.moml.MoMLSimpleApplication@70144215
reloadAllAccessors: .ObjectToken1

===========================================================================================
----------------- testing Sun Jul 14 18:16:32 UTC 2019 /home/travis/build/icyphy/ptII/ptolemy/actor/lib/test/auto/OrderedMerge.xml
----------------- Instantiating /home/travis/build/icyphy/ptII/ptolemy/actor/lib/test/auto/OrderedMerge.xml
6 ms. Memory: 240640K Free: 103205K (43%)
----------------- Invoking toplevel() on ptolemy.moml.MoMLSimpleApplication@1891eb41
----------------- Done invoking toplevel() on ptolemy.moml.MoMLSimpleApplication@1891eb41
reloadAllAccessors: .OrderedMerge

===========================================================================================
----------------- testing Sun Jul 14 18:16:32 UTC 2019 /home/travis/build/icyphy/ptII/ptolemy/actor/lib/test/auto/OrderedRecordDisassembler.xml
----------------- Instantiating /home/travis/build/icyphy/ptII/ptolemy/actor/lib/test/auto/OrderedRecordDisassembler.xml
3 ms. Memory: 240640K Free: 98085K (41%)
----------------- Invoking toplevel() on ptolemy.moml.MoMLSimpleApplication@19ad4a08
----------------- Done invoking toplevel() on ptolemy.moml.MoMLSimpleApplication@19ad4a08
reloadAllAccessors: .OrderedRecordDisassembler

===========================================================================================
----------------- testing Sun Jul 14 18:16:32 UTC 2019 /home/travis/build/icyphy/ptII/ptolemy/actor/lib/test/auto/OrderedRecordDisassembler2.xml
----------------- Instantiating /home/travis/build/icyphy/ptII/ptolemy/actor/lib/test/auto/OrderedRecordDisassembler2.xml
5 ms. Memory: 240640K Free: 90403K (38%)
----------------- Invoking toplevel() on ptolemy.moml.MoMLSimpleApplication@729c2798
----------------- Done invoking toplevel() on ptolemy.moml.MoMLSimpleApplication@729c2798
reloadAllAccessors: .OrderedRecordDisassembler2

===========================================================================================
----------------- testing Sun Jul 14 18:16:32 UTC 2019 /home/travis/build/icyphy/ptII/ptolemy/actor/lib/test/auto/OrderedRecordUpdater.xml
----------------- Instantiating /home/travis/build/icyphy/ptII/ptolemy/actor/lib/test/auto/OrderedRecordUpdater.xml
6 ms. Memory: 240640K Free: 85283K (35%)
----------------- Invoking toplevel() on ptolemy.moml.MoMLSimpleApplication@6afa352
----------------- Done invoking toplevel() on ptolemy.moml.MoMLSimpleApplication@6afa352
reloadAllAccessors: .RecordUpdater

===========================================================================================
----------------- testing Sun Jul 14 18:16:32 UTC 2019 /home/travis/build/icyphy/ptII/ptolemy/actor/lib/test/auto/OrderedRecordUpdater2.xml
----------------- Instantiating /home/travis/build/icyphy/ptII/ptolemy/actor/lib/test/auto/OrderedRecordUpdater2.xml
3 ms. Memory: 240640K Free: 80163K (33%)
----------------- Invoking toplevel() on ptolemy.moml.MoMLSimpleApplication@5f600367
----------------- Done invoking toplevel() on ptolemy.moml.MoMLSimpleApplication@5f600367
reloadAllAccessors: .RecordUpdater2

===========================================================================================
----------------- testing Sun Jul 14 18:16:32 UTC 2019 /home/travis/build/icyphy/ptII/ptolemy/actor/lib/test/auto/PhaseUnwrap.xml
----------------- Instantiating /home/travis/build/icyphy/ptII/ptolemy/actor/lib/test/auto/PhaseUnwrap.xml
1 ms. Memory: 240640K Free: 75557K (31%)
----------------- Invoking toplevel() on ptolemy.moml.MoMLSimpleApplication@7a5155f4
----------------- Done invoking toplevel() on ptolemy.moml.MoMLSimpleApplication@7a5155f4
reloadAllAccessors: .PhaseUnwrap

===========================================================================================
----------------- testing Sun Jul 14 18:16:32 UTC 2019 /home/travis/build/icyphy/ptII/ptolemy/actor/lib/test/auto/PoissonClock.xml
----------------- Instantiating /home/travis/build/icyphy/ptII/ptolemy/actor/lib/test/auto/PoissonClock.xml
1 ms. Memory: 240640K Free: 71461K (30%)
----------------- Invoking toplevel() on ptolemy.moml.MoMLSimpleApplication@5877d270
----------------- Done invoking toplevel() on ptolemy.moml.MoMLSimpleApplication@5877d270
reloadAllAccessors: .PoissonClock

===========================================================================================
----------------- testing Sun Jul 14 18:16:32 UTC 2019 /home/travis/build/icyphy/ptII/ptolemy/actor/lib/test/auto/PoissonClock2.xml
----------------- Instantiating /home/travis/build/icyphy/ptII/ptolemy/actor/lib/test/auto/PoissonClock2.xml
1 ms. Memory: 240640K Free: 66851K (28%)
----------------- Invoking toplevel() on ptolemy.moml.MoMLSimpleApplication@5ad74cd5
----------------- Done invoking toplevel() on ptolemy.moml.MoMLSimpleApplication@5ad74cd5
reloadAllAccessors: .PoissonClock2

===========================================================================================
----------------- testing Sun Jul 14 18:16:32 UTC 2019 /home/travis/build/icyphy/ptII/ptolemy/actor/lib/test/auto/PoissonClock3.xml
----------------- Instantiating /home/travis/build/icyphy/ptII/ptolemy/actor/lib/test/auto/PoissonClock3.xml
1 ms. Memory: 240640K Free: 62245K (26%)
----------------- Invoking toplevel() on ptolemy.moml.MoMLSimpleApplication@7a02f675
----------------- Done invoking toplevel() on ptolemy.moml.MoMLSimpleApplication@7a02f675
reloadAllAccessors: .PoissonClock3

===========================================================================================
----------------- testing Sun Jul 14 18:16:32 UTC 2019 /home/travis/build/icyphy/ptII/ptolemy/actor/lib/test/auto/PubSubWithInitialTokens.xml
----------------- Instantiating /home/travis/build/icyphy/ptII/ptolemy/actor/lib/test/auto/PubSubWithInitialTokens.xml
2 ms. Memory: 240640K Free: 56605K (24%)
----------------- Invoking toplevel() on ptolemy.moml.MoMLSimpleApplication@39c54a0c
----------------- Done invoking toplevel() on ptolemy.moml.MoMLSimpleApplication@39c54a0c
reloadAllAccessors: .PubSubWithInitialTokens

===========================================================================================
----------------- testing Sun Jul 14 18:16:32 UTC 2019 /home/travis/build/icyphy/ptII/ptolemy/actor/lib/test/auto/PubSubWithInitialTokens2.xml
----------------- Instantiating /home/travis/build/icyphy/ptII/ptolemy/actor/lib/test/auto/PubSubWithInitialTokens2.xml
11 ms. Memory: 240640K Free: 191359K (80%)
----------------- Invoking toplevel() on ptolemy.moml.MoMLSimpleApplication@172402f6
----------------- Done invoking toplevel() on ptolemy.moml.MoMLSimpleApplication@172402f6
reloadAllAccessors: .PubSubWithInitialTokens2

===========================================================================================
----------------- testing Sun Jul 14 18:16:32 UTC 2019 /home/travis/build/icyphy/ptII/ptolemy/actor/lib/test/auto/PublisherClassNoParameter.xml
----------------- Instantiating /home/travis/build/icyphy/ptII/ptolemy/actor/lib/test/auto/PublisherClassNoParameter.xml
2 ms. Memory: 240640K Free: 181151K (75%)
----------------- Invoking toplevel() on ptolemy.moml.MoMLSimpleApplication@4fa94514
----------------- Done invoking toplevel() on ptolemy.moml.MoMLSimpleApplication@4fa94514
reloadAllAccessors: .PublisherClassNoParameter

===========================================================================================
----------------- testing Sun Jul 14 18:16:33 UTC 2019 /home/travis/build/icyphy/ptII/ptolemy/actor/lib/test/auto/PublisherClassParameter.xml
----------------- Instantiating /home/travis/build/icyphy/ptII/ptolemy/actor/lib/test/auto/PublisherClassParameter.xml
3 ms. Memory: 240640K Free: 170401K (71%)
----------------- Invoking toplevel() on ptolemy.moml.MoMLSimpleApplication@588bfbdc
----------------- Done invoking toplevel() on ptolemy.moml.MoMLSimpleApplication@588bfbdc
reloadAllAccessors: .PublisherClassParameter

===========================================================================================
----------------- testing Sun Jul 14 18:16:33 UTC 2019 /home/travis/build/icyphy/ptII/ptolemy/actor/lib/test/auto/PublisherNonStrictTest.xml
----------------- Instantiating /home/travis/build/icyphy/ptII/ptolemy/actor/lib/test/auto/PublisherNonStrictTest.xml
3 ms. Memory: 240640K Free: 162719K (68%)
----------------- Invoking toplevel() on ptolemy.moml.MoMLSimpleApplication@16b91b8c
----------------- Done invoking toplevel() on ptolemy.moml.MoMLSimpleApplication@16b91b8c
reloadAllAccessors: .PublisherNonStrictTest

===========================================================================================
----------------- testing Sun Jul 14 18:16:33 UTC 2019 /home/travis/build/icyphy/ptII/ptolemy/actor/lib/test/auto/PublisherPort1.xml
----------------- Instantiating /home/travis/build/icyphy/ptII/ptolemy/actor/lib/test/auto/PublisherPort1.xml
3 ms. Memory: 240640K Free: 157089K (65%)
----------------- Invoking toplevel() on ptolemy.moml.MoMLSimpleApplication@3194e100
----------------- Done invoking toplevel() on ptolemy.moml.MoMLSimpleApplication@3194e100
reloadAllAccessors: .PublisherPort1

===========================================================================================
----------------- testing Sun Jul 14 18:16:33 UTC 2019 /home/travis/build/icyphy/ptII/ptolemy/actor/lib/test/auto/PublisherPort2.xml
----------------- Instantiating /home/travis/build/icyphy/ptII/ptolemy/actor/lib/test/auto/PublisherPort2.xml
14 ms. Memory: 240640K Free: 151455K (63%)
----------------- Invoking toplevel() on ptolemy.moml.MoMLSimpleApplication@749a38ab
----------------- Done invoking toplevel() on ptolemy.moml.MoMLSimpleApplication@749a38ab
reloadAllAccessors: .PublisherPort2

===========================================================================================
----------------- testing Sun Jul 14 18:16:33 UTC 2019 /home/travis/build/icyphy/ptII/ptolemy/actor/lib/test/auto/PublisherPort3.xml
----------------- Instantiating /home/travis/build/icyphy/ptII/ptolemy/actor/lib/test/auto/PublisherPort3.xml
4 ms. Memory: 240640K Free: 144801K (60%)
----------------- Invoking toplevel() on ptolemy.moml.MoMLSimpleApplication@38b873bd
----------------- Done invoking toplevel() on ptolemy.moml.MoMLSimpleApplication@38b873bd
reloadAllAccessors: .PublisherPort3

===========================================================================================
----------------- testing Sun Jul 14 18:16:33 UTC 2019 /home/travis/build/icyphy/ptII/ptolemy/actor/lib/test/auto/PublisherPort4.xml
----------------- Instantiating /home/travis/build/icyphy/ptII/ptolemy/actor/lib/test/auto/PublisherPort4.xml
3 ms. Memory: 240640K Free: 139153K (58%)
----------------- Invoking toplevel() on ptolemy.moml.MoMLSimpleApplication@4907cd28
----------------- Done invoking toplevel() on ptolemy.moml.MoMLSimpleApplication@4907cd28
reloadAllAccessors: .PublisherPort4

===========================================================================================
----------------- testing Sun Jul 14 18:16:33 UTC 2019 /home/travis/build/icyphy/ptII/ptolemy/actor/lib/test/auto/PublisherPort5.xml
----------------- Instantiating /home/travis/build/icyphy/ptII/ptolemy/actor/lib/test/auto/PublisherPort5.xml
4 ms. Memory: 240640K Free: 131489K (55%)
----------------- Invoking toplevel() on ptolemy.moml.MoMLSimpleApplication@79ad72d7
----------------- Done invoking toplevel() on ptolemy.moml.MoMLSimpleApplication@79ad72d7
reloadAllAccessors: .PublisherPort5

===========================================================================================
----------------- testing Sun Jul 14 18:16:33 UTC 2019 /home/travis/build/icyphy/ptII/ptolemy/actor/lib/test/auto/PublisherPort5LookAlike.xml
----------------- Instantiating /home/travis/build/icyphy/ptII/ptolemy/actor/lib/test/auto/PublisherPort5LookAlike.xml
9 ms. Memory: 240640K Free: 123807K (51%)
----------------- Invoking toplevel() on ptolemy.moml.MoMLSimpleApplication@221e1687
----------------- Done invoking toplevel() on ptolemy.moml.MoMLSimpleApplication@221e1687
reloadAllAccessors: .PublisherPort5LookAlike

===========================================================================================
----------------- testing Sun Jul 14 18:16:33 UTC 2019 /home/travis/build/icyphy/ptII/ptolemy/actor/lib/test/auto/PublisherPort6.xml
----------------- Instantiating /home/travis/build/icyphy/ptII/ptolemy/actor/lib/test/auto/PublisherPort6.xml
2 ms. Memory: 240640K Free: 117153K (49%)
----------------- Invoking toplevel() on ptolemy.moml.MoMLSimpleApplication@a1fd3df
----------------- Done invoking toplevel() on ptolemy.moml.MoMLSimpleApplication@a1fd3df
reloadAllAccessors: .PublisherPort6

===========================================================================================
----------------- testing Sun Jul 14 18:16:33 UTC 2019 /home/travis/build/icyphy/ptII/ptolemy/actor/lib/test/auto/PublisherPort7.xml
----------------- Instantiating /home/travis/build/icyphy/ptII/ptolemy/actor/lib/test/auto/PublisherPort7.xml
3 ms. Memory: 240640K Free: 109471K (45%)
----------------- Invoking toplevel() on ptolemy.moml.MoMLSimpleApplication@5983fd1a
----------------- Done invoking toplevel() on ptolemy.moml.MoMLSimpleApplication@5983fd1a
reloadAllAccessors: .PublisherPort7

===========================================================================================
----------------- testing Sun Jul 14 18:16:33 UTC 2019 /home/travis/build/icyphy/ptII/ptolemy/actor/lib/test/auto/PublisherPort8.xml
----------------- Instantiating /home/travis/build/icyphy/ptII/ptolemy/actor/lib/test/auto/PublisherPort8.xml
4 ms. Memory: 240640K Free: 100769K (42%)
----------------- Invoking toplevel() on ptolemy.moml.MoMLSimpleApplication@3f7c40f8
----------------- Done invoking toplevel() on ptolemy.moml.MoMLSimpleApplication@3f7c40f8
reloadAllAccessors: .PublisherPort8

===========================================================================================
----------------- testing Sun Jul 14 18:16:33 UTC 2019 /home/travis/build/icyphy/ptII/ptolemy/actor/lib/test/auto/PublisherPortSubscriberChannelVariablesAOC2.xml
----------------- Instantiating /home/travis/build/icyphy/ptII/ptolemy/actor/lib/test/auto/PublisherPortSubscriberChannelVariablesAOC2.xml
2 ms. Memory: 240640K Free: 82847K (34%)
----------------- Invoking toplevel() on ptolemy.moml.MoMLSimpleApplication@31be18ee
----------------- Done invoking toplevel() on ptolemy.moml.MoMLSimpleApplication@31be18ee
reloadAllAccessors: .PublisherPortSubscriberChannelVariablesAOC2

===========================================================================================
----------------- testing Sun Jul 14 18:16:33 UTC 2019 /home/travis/build/icyphy/ptII/ptolemy/actor/lib/test/auto/PublisherPortSubscriberOpaqueWidthInference.xml
----------------- Instantiating /home/travis/build/icyphy/ptII/ptolemy/actor/lib/test/auto/PublisherPortSubscriberOpaqueWidthInference.xml
3 ms. Memory: 240640K Free: 75169K (31%)
----------------- Invoking toplevel() on ptolemy.moml.MoMLSimpleApplication@5c747879
----------------- Done invoking toplevel() on ptolemy.moml.MoMLSimpleApplication@5c747879
reloadAllAccessors: .PublisherPortSubscriberOpaqueWidthInference

===========================================================================================
----------------- testing Sun Jul 14 18:16:33 UTC 2019 /home/travis/build/icyphy/ptII/ptolemy/actor/lib/test/auto/PublisherPortSubscriberPortAdjacent.xml
----------------- Instantiating /home/travis/build/icyphy/ptII/ptolemy/actor/lib/test/auto/PublisherPortSubscriberPortAdjacent.xml
2 ms. Memory: 240640K Free: 66463K (28%)
----------------- Invoking toplevel() on ptolemy.moml.MoMLSimpleApplication@3b05c0dd
----------------- Done invoking toplevel() on ptolemy.moml.MoMLSimpleApplication@3b05c0dd
reloadAllAccessors: .PublisherPortSubscriberPortAdjacent

===========================================================================================
----------------- testing Sun Jul 14 18:16:33 UTC 2019 /home/travis/build/icyphy/ptII/ptolemy/actor/lib/test/auto/PublisherPortSubscriberPortExpression.xml
----------------- Instantiating /home/travis/build/icyphy/ptII/ptolemy/actor/lib/test/auto/PublisherPortSubscriberPortExpression.xml
4 ms. Memory: 240640K Free: 58785K (24%)
----------------- Invoking toplevel() on ptolemy.moml.MoMLSimpleApplication@27f1c957
----------------- Done invoking toplevel() on ptolemy.moml.MoMLSimpleApplication@27f1c957
reloadAllAccessors: .PublisherPortSubscriberPortExpression

===========================================================================================
----------------- testing Sun Jul 14 18:16:33 UTC 2019 /home/travis/build/icyphy/ptII/ptolemy/actor/lib/test/auto/PublisherPortSubscriberPortOpaqueD3Reverse.xml
----------------- Instantiating /home/travis/build/icyphy/ptII/ptolemy/actor/lib/test/auto/PublisherPortSubscriberPortOpaqueD3Reverse.xml
29 ms. Memory: 240640K Free: 190229K (79%)
----------------- Invoking toplevel() on ptolemy.moml.MoMLSimpleApplication@2f2fbb9d
----------------- Done invoking toplevel() on ptolemy.moml.MoMLSimpleApplication@2f2fbb9d
reloadAllAccessors: .PublisherPortSubscriberPortOpaqueD3Reverse

===========================================================================================
----------------- testing Sun Jul 14 18:16:33 UTC 2019 /home/travis/build/icyphy/ptII/ptolemy/actor/lib/test/auto/PublisherPortSubscriberPortOpaqueWidthInference.xml
----------------- Instantiating /home/travis/build/icyphy/ptII/ptolemy/actor/lib/test/auto/PublisherPortSubscriberPortOpaqueWidthInference.xml
4 ms. Memory: 240640K Free: 182113K (76%)
----------------- Invoking toplevel() on ptolemy.moml.MoMLSimpleApplication@2230265c
----------------- Done invoking toplevel() on ptolemy.moml.MoMLSimpleApplication@2230265c
reloadAllAccessors: .PublisherPortSubscriberPortOpaqueWidthInference

===========================================================================================
----------------- testing Sun Jul 14 18:16:33 UTC 2019 /home/travis/build/icyphy/ptII/ptolemy/actor/lib/test/auto/PublisherPortToplevelSubscriberPortAOC.xml
----------------- Instantiating /home/travis/build/icyphy/ptII/ptolemy/actor/lib/test/auto/PublisherPortToplevelSubscriberPortAOC.xml
.PublisherPortToplevelSubscriberPortAOC.TestExceptionAttribute: initialize() was not invoked, but wrapup() was.  This is unusual, but not always a problem.  For example, exporting JNLP will do this.
1 ms. Memory: 240640K Free: 175983K (73%)
----------------- Invoking toplevel() on ptolemy.moml.MoMLSimpleApplication@3018386b
----------------- Done invoking toplevel() on ptolemy.moml.MoMLSimpleApplication@3018386b
reloadAllAccessors: .PublisherPortToplevelSubscriberPortAOC

===========================================================================================
----------------- testing Sun Jul 14 18:16:33 UTC 2019 /home/travis/build/icyphy/ptII/ptolemy/actor/lib/test/auto/PublisherSubscriber.xml
----------------- Instantiating /home/travis/build/icyphy/ptII/ptolemy/actor/lib/test/auto/PublisherSubscriber.xml
3 ms. Memory: 240640K Free: 168305K (70%)
----------------- Invoking toplevel() on ptolemy.moml.MoMLSimpleApplication@1ff1c6e4
----------------- Done invoking toplevel() on ptolemy.moml.MoMLSimpleApplication@1ff1c6e4
reloadAllAccessors: .PublisherSubscriber

===========================================================================================
----------------- testing Sun Jul 14 18:16:33 UTC 2019 /home/travis/build/icyphy/ptII/ptolemy/actor/lib/test/auto/PublisherSubscriber10.xml
----------------- Instantiating /home/travis/build/icyphy/ptII/ptolemy/actor/lib/test/auto/PublisherSubscriber10.xml
9 ms. Memory: 240640K Free: 158575K (66%)
----------------- Invoking toplevel() on ptolemy.moml.MoMLSimpleApplication@2dbb88db
----------------- Done invoking toplevel() on ptolemy.moml.MoMLSimpleApplication@2dbb88db
reloadAllAccessors: .PublisherSubscriber10

===========================================================================================
----------------- testing Sun Jul 14 18:16:33 UTC 2019 /home/travis/build/icyphy/ptII/ptolemy/actor/lib/test/auto/PublisherSubscriber10InitialOutputs.xml
----------------- Instantiating /home/travis/build/icyphy/ptII/ptolemy/actor/lib/test/auto/PublisherSubscriber10InitialOutputs.xml
18 ms. Memory: 240640K Free: 149359K (62%)
----------------- Invoking toplevel() on ptolemy.moml.MoMLSimpleApplication@ee7e19
----------------- Done invoking toplevel() on ptolemy.moml.MoMLSimpleApplication@ee7e19
reloadAllAccessors: .PublisherSubscriber10InitialOutputs

===========================================================================================
----------------- testing Sun Jul 14 18:16:33 UTC 2019 /home/travis/build/icyphy/ptII/ptolemy/actor/lib/test/auto/PublisherSubscriber11.xml
----------------- Instantiating /home/travis/build/icyphy/ptII/ptolemy/actor/lib/test/auto/PublisherSubscriber11.xml
4 ms. Memory: 240640K Free: 142705K (59%)
----------------- Invoking toplevel() on ptolemy.moml.MoMLSimpleApplication@5f1c035f
----------------- Done invoking toplevel() on ptolemy.moml.MoMLSimpleApplication@5f1c035f
reloadAllAccessors: .PublisherSubscriber11

===========================================================================================
----------------- testing Sun Jul 14 18:16:33 UTC 2019 /home/travis/build/icyphy/ptII/ptolemy/actor/lib/test/auto/PublisherSubscriber12.xml
----------------- Instantiating /home/travis/build/icyphy/ptII/ptolemy/actor/lib/test/auto/PublisherSubscriber12.xml
3 ms. Memory: 240640K Free: 135537K (56%)
----------------- Invoking toplevel() on ptolemy.moml.MoMLSimpleApplication@927d17d
----------------- Done invoking toplevel() on ptolemy.moml.MoMLSimpleApplication@927d17d
reloadAllAccessors: .PublisherSubscriber12

===========================================================================================
----------------- testing Sun Jul 14 18:16:33 UTC 2019 /home/travis/build/icyphy/ptII/ptolemy/actor/lib/test/auto/PublisherSubscriber13.xml
----------------- Instantiating /home/travis/build/icyphy/ptII/ptolemy/actor/lib/test/auto/PublisherSubscriber13.xml
2 ms. Memory: 240640K Free: 129873K (54%)
----------------- Invoking toplevel() on ptolemy.moml.MoMLSimpleApplication@7a3b9351
----------------- Done invoking toplevel() on ptolemy.moml.MoMLSimpleApplication@7a3b9351
reloadAllAccessors: .PublisherSubscriber13

===========================================================================================
----------------- testing Sun Jul 14 18:16:33 UTC 2019 /home/travis/build/icyphy/ptII/ptolemy/actor/lib/test/auto/PublisherSubscriber14.xml
----------------- Instantiating /home/travis/build/icyphy/ptII/ptolemy/actor/lib/test/auto/PublisherSubscriber14.xml
2 ms. Memory: 240640K Free: 121201K (50%)
----------------- Invoking toplevel() on ptolemy.moml.MoMLSimpleApplication@5c4b5b7a
----------------- Done invoking toplevel() on ptolemy.moml.MoMLSimpleApplication@5c4b5b7a
reloadAllAccessors: .PublisherSubscriber14

===========================================================================================
----------------- testing Sun Jul 14 18:16:33 UTC 2019 /home/travis/build/icyphy/ptII/ptolemy/actor/lib/test/auto/PublisherSubscriber2.xml
----------------- Instantiating /home/travis/build/icyphy/ptII/ptolemy/actor/lib/test/auto/PublisherSubscriber2.xml
3 ms. Memory: 240640K Free: 115057K (48%)
----------------- Invoking toplevel() on ptolemy.moml.MoMLSimpleApplication@4e1db602
----------------- Done invoking toplevel() on ptolemy.moml.MoMLSimpleApplication@4e1db602
reloadAllAccessors: .PublisherSubscriber2

===========================================================================================
----------------- testing Sun Jul 14 18:16:33 UTC 2019 /home/travis/build/icyphy/ptII/ptolemy/actor/lib/test/auto/PublisherSubscriber3.xml
----------------- Instantiating /home/travis/build/icyphy/ptII/ptolemy/actor/lib/test/auto/PublisherSubscriber3.xml
2 ms. Memory: 240640K Free: 109393K (45%)
----------------- Invoking toplevel() on ptolemy.moml.MoMLSimpleApplication@42825fbe
----------------- Done invoking toplevel() on ptolemy.moml.MoMLSimpleApplication@42825fbe
reloadAllAccessors: .PublisherSubscriber3

===========================================================================================
----------------- testing Sun Jul 14 18:16:33 UTC 2019 /home/travis/build/icyphy/ptII/ptolemy/actor/lib/test/auto/PublisherSubscriber4.xml
----------------- Instantiating /home/travis/build/icyphy/ptII/ptolemy/actor/lib/test/auto/PublisherSubscriber4.xml
2 ms. Memory: 240640K Free: 104273K (43%)
----------------- Invoking toplevel() on ptolemy.moml.MoMLSimpleApplication@45109ba
----------------- Done invoking toplevel() on ptolemy.moml.MoMLSimpleApplication@45109ba
reloadAllAccessors: .PublisherSubscriber4

===========================================================================================
----------------- testing Sun Jul 14 18:16:33 UTC 2019 /home/travis/build/icyphy/ptII/ptolemy/actor/lib/test/auto/PublisherSubscriber5.xml
----------------- Instantiating /home/travis/build/icyphy/ptII/ptolemy/actor/lib/test/auto/PublisherSubscriber5.xml
2 ms. Memory: 240640K Free: 97649K (41%)
----------------- Invoking toplevel() on ptolemy.moml.MoMLSimpleApplication@51863259
----------------- Done invoking toplevel() on ptolemy.moml.MoMLSimpleApplication@51863259
reloadAllAccessors: .PublisherSubscriber5

===========================================================================================
----------------- testing Sun Jul 14 18:16:33 UTC 2019 /home/travis/build/icyphy/ptII/ptolemy/actor/lib/test/auto/PublisherSubscriber6.xml
----------------- Instantiating /home/travis/build/icyphy/ptII/ptolemy/actor/lib/test/auto/PublisherSubscriber6.xml
4 ms. Memory: 240640K Free: 90991K (38%)
----------------- Invoking toplevel() on ptolemy.moml.MoMLSimpleApplication@59cf6b3c
----------------- Done invoking toplevel() on ptolemy.moml.MoMLSimpleApplication@59cf6b3c
reloadAllAccessors: .PublisherSubscriber6

===========================================================================================
----------------- testing Sun Jul 14 18:16:33 UTC 2019 /home/travis/build/icyphy/ptII/ptolemy/actor/lib/test/auto/PublisherSubscriber7.xml
----------------- Instantiating /home/travis/build/icyphy/ptII/ptolemy/actor/lib/test/auto/PublisherSubscriber7.xml
8 ms. Memory: 240640K Free: 84337K (35%)
----------------- Invoking toplevel() on ptolemy.moml.MoMLSimpleApplication@576e119e
----------------- Done invoking toplevel() on ptolemy.moml.MoMLSimpleApplication@576e119e
reloadAllAccessors: .PublisherSubscriber7

===========================================================================================
----------------- testing Sun Jul 14 18:16:33 UTC 2019 /home/travis/build/icyphy/ptII/ptolemy/actor/lib/test/auto/PublisherSubscriber8.xml
----------------- Instantiating /home/travis/build/icyphy/ptII/ptolemy/actor/lib/test/auto/PublisherSubscriber8.xml
29 ms. Memory: 240640K Free: 71535K (30%)
----------------- Invoking toplevel() on ptolemy.moml.MoMLSimpleApplication@3b17c87a
----------------- Done invoking toplevel() on ptolemy.moml.MoMLSimpleApplication@3b17c87a
reloadAllAccessors: .PublisherSubscriber8

===========================================================================================
----------------- testing Sun Jul 14 18:16:33 UTC 2019 /home/travis/build/icyphy/ptII/ptolemy/actor/lib/test/auto/PublisherSubscriber9.xml
----------------- Instantiating /home/travis/build/icyphy/ptII/ptolemy/actor/lib/test/auto/PublisherSubscriber9.xml
2 ms. Memory: 240640K Free: 64353K (27%)
----------------- Invoking toplevel() on ptolemy.moml.MoMLSimpleApplication@78a9e9c9
----------------- Done invoking toplevel() on ptolemy.moml.MoMLSimpleApplication@78a9e9c9
reloadAllAccessors: .PublisherSubscriber9

===========================================================================================
----------------- testing Sun Jul 14 18:16:33 UTC 2019 /home/travis/build/icyphy/ptII/ptolemy/actor/lib/test/auto/PublisherSubscriberAdjacent.xml
----------------- Instantiating /home/travis/build/icyphy/ptII/ptolemy/actor/lib/test/auto/PublisherSubscriberAdjacent.xml
2 ms. Memory: 240640K Free: 55665K (23%)
----------------- Invoking toplevel() on ptolemy.moml.MoMLSimpleApplication@3dbfde9d
----------------- Done invoking toplevel() on ptolemy.moml.MoMLSimpleApplication@3dbfde9d
reloadAllAccessors: .PublisherSubscriberAdjacent

===========================================================================================
----------------- testing Sun Jul 14 18:16:33 UTC 2019 /home/travis/build/icyphy/ptII/ptolemy/actor/lib/test/auto/PublisherSubscriberChannelVariablesAOC2.xml
----------------- Instantiating /home/travis/build/icyphy/ptII/ptolemy/actor/lib/test/auto/PublisherSubscriberChannelVariablesAOC2.xml
4 ms. Memory: 240640K Free: 182272K (76%)
----------------- Invoking toplevel() on ptolemy.moml.MoMLSimpleApplication@567f871c
----------------- Done invoking toplevel() on ptolemy.moml.MoMLSimpleApplication@567f871c
reloadAllAccessors: .PublisherSubscriberChannelVariablesAOC2

===========================================================================================
----------------- testing Sun Jul 14 18:16:33 UTC 2019 /home/travis/build/icyphy/ptII/ptolemy/actor/lib/test/auto/PublisherSubscriberD3.xml
----------------- Instantiating /home/travis/build/icyphy/ptII/ptolemy/actor/lib/test/auto/PublisherSubscriberD3.xml
2 ms. Memory: 240640K Free: 174590K (73%)
----------------- Invoking toplevel() on ptolemy.moml.MoMLSimpleApplication@55ff06ff
----------------- Done invoking toplevel() on ptolemy.moml.MoMLSimpleApplication@55ff06ff
reloadAllAccessors: .PublisherSubscriberD3

===========================================================================================
----------------- testing Sun Jul 14 18:16:33 UTC 2019 /home/travis/build/icyphy/ptII/ptolemy/actor/lib/test/auto/PublisherSubscriberD3Reverse.xml
----------------- Instantiating /home/travis/build/icyphy/ptII/ptolemy/actor/lib/test/auto/PublisherSubscriberD3Reverse.xml
2 ms. Memory: 240640K Free: 168446K (70%)
----------------- Invoking toplevel() on ptolemy.moml.MoMLSimpleApplication@1ac5a574
----------------- Done invoking toplevel() on ptolemy.moml.MoMLSimpleApplication@1ac5a574
reloadAllAccessors: .PublisherSubscriberD3Reverse

===========================================================================================
----------------- testing Sun Jul 14 18:16:33 UTC 2019 /home/travis/build/icyphy/ptII/ptolemy/actor/lib/test/auto/PublisherSubscriberExpression.xml
----------------- Instantiating /home/travis/build/icyphy/ptII/ptolemy/actor/lib/test/auto/PublisherSubscriberExpression.xml
4 ms. Memory: 240640K Free: 160223K (67%)
----------------- Invoking toplevel() on ptolemy.moml.MoMLSimpleApplication@375a758e
----------------- Done invoking toplevel() on ptolemy.moml.MoMLSimpleApplication@375a758e
reloadAllAccessors: .PublisherSubscriberExpression

===========================================================================================
----------------- testing Sun Jul 14 18:16:33 UTC 2019 /home/travis/build/icyphy/ptII/ptolemy/actor/lib/test/auto/PublisherSubscriberOpaque.xml
----------------- Instantiating /home/travis/build/icyphy/ptII/ptolemy/actor/lib/test/auto/PublisherSubscriberOpaque.xml
3 ms. Memory: 240640K Free: 152047K (63%)
----------------- Invoking toplevel() on ptolemy.moml.MoMLSimpleApplication@1834c0e1
----------------- Done invoking toplevel() on ptolemy.moml.MoMLSimpleApplication@1834c0e1
reloadAllAccessors: .PublisherSubscriberOpaque

===========================================================================================
----------------- testing Sun Jul 14 18:16:33 UTC 2019 /home/travis/build/icyphy/ptII/ptolemy/actor/lib/test/auto/PublisherSubscriberOpaqueD3.xml
----------------- Instantiating /home/travis/build/icyphy/ptII/ptolemy/actor/lib/test/auto/PublisherSubscriberOpaqueD3.xml
5 ms. Memory: 240640K Free: 140798K (59%)
----------------- Invoking toplevel() on ptolemy.moml.MoMLSimpleApplication@2c688122
----------------- Done invoking toplevel() on ptolemy.moml.MoMLSimpleApplication@2c688122
reloadAllAccessors: .PublisherSubscriberOpaqueD3

===========================================================================================
----------------- testing Sun Jul 14 18:16:33 UTC 2019 /home/travis/build/icyphy/ptII/ptolemy/actor/lib/test/auto/PublisherSubscriberOpaqueD3Reverse.xml
----------------- Instantiating /home/travis/build/icyphy/ptII/ptolemy/actor/lib/test/auto/PublisherSubscriberOpaqueD3Reverse.xml
7 ms. Memory: 240640K Free: 129534K (54%)
----------------- Invoking toplevel() on ptolemy.moml.MoMLSimpleApplication@1378d45a
----------------- Done invoking toplevel() on ptolemy.moml.MoMLSimpleApplication@1378d45a
reloadAllAccessors: .PublisherSubscriberOpaqueD3Reverse

===========================================================================================
----------------- testing Sun Jul 14 18:16:33 UTC 2019 /home/travis/build/icyphy/ptII/ptolemy/actor/lib/test/auto/PublisherSubscriberOpaqueWidthInference.xml
----------------- Instantiating /home/travis/build/icyphy/ptII/ptolemy/actor/lib/test/auto/PublisherSubscriberOpaqueWidthInference.xml
5 ms. Memory: 240640K Free: 121327K (50%)
----------------- Invoking toplevel() on ptolemy.moml.MoMLSimpleApplication@144b4c69
----------------- Done invoking toplevel() on ptolemy.moml.MoMLSimpleApplication@144b4c69
reloadAllAccessors: .PublisherSubscriberOpaqueWidthInference

===========================================================================================
----------------- testing Sun Jul 14 18:16:34 UTC 2019 /home/travis/build/icyphy/ptII/ptolemy/actor/lib/test/auto/PublisherTestSubscriber.xml
----------------- Instantiating /home/travis/build/icyphy/ptII/ptolemy/actor/lib/test/auto/PublisherTestSubscriber.xml
3 ms. Memory: 240640K Free: 113664K (47%)
----------------- Invoking toplevel() on ptolemy.moml.MoMLSimpleApplication@58bb6e4a
----------------- Done invoking toplevel() on ptolemy.moml.MoMLSimpleApplication@58bb6e4a
reloadAllAccessors: .PublisherTestSubscriber

===========================================================================================
----------------- testing Sun Jul 14 18:16:34 UTC 2019 /home/travis/build/icyphy/ptII/ptolemy/actor/lib/test/auto/PublisherToplevelSubscriberPortAOC.xml
----------------- Instantiating /home/travis/build/icyphy/ptII/ptolemy/actor/lib/test/auto/PublisherToplevelSubscriberPortAOC.xml
2 ms. Memory: 240640K Free: 106496K (44%)
----------------- Invoking toplevel() on ptolemy.moml.MoMLSimpleApplication@2f7e6b5b
----------------- Done invoking toplevel() on ptolemy.moml.MoMLSimpleApplication@2f7e6b5b
reloadAllAccessors: .PublisherToplevelSubscriberPortAOC

===========================================================================================
----------------- testing Sun Jul 14 18:16:34 UTC 2019 /home/travis/build/icyphy/ptII/ptolemy/actor/lib/test/auto/PulseFiringLimitDE.xml
----------------- Instantiating /home/travis/build/icyphy/ptII/ptolemy/actor/lib/test/auto/PulseFiringLimitDE.xml
3 ms. Memory: 240640K Free: 100352K (42%)
----------------- Invoking toplevel() on ptolemy.moml.MoMLSimpleApplication@3ae8450f
----------------- Done invoking toplevel() on ptolemy.moml.MoMLSimpleApplication@3ae8450f
reloadAllAccessors: .PulseFiringLimitDE

===========================================================================================
----------------- testing Sun Jul 14 18:16:34 UTC 2019 /home/travis/build/icyphy/ptII/ptolemy/actor/lib/test/auto/Ramp1.xml
----------------- Instantiating /home/travis/build/icyphy/ptII/ptolemy/actor/lib/test/auto/Ramp1.xml
2 ms. Memory: 240640K Free: 95727K (40%)
----------------- Invoking toplevel() on ptolemy.moml.MoMLSimpleApplication@4b9b5498
----------------- Done invoking toplevel() on ptolemy.moml.MoMLSimpleApplication@4b9b5498
reloadAllAccessors: .Ramp1

===========================================================================================
----------------- testing Sun Jul 14 18:16:34 UTC 2019 /home/travis/build/icyphy/ptII/ptolemy/actor/lib/test/auto/RampFiringLimitDE.xml
----------------- Instantiating /home/travis/build/icyphy/ptII/ptolemy/actor/lib/test/auto/RampFiringLimitDE.xml
3 ms. Memory: 240640K Free: 89583K (37%)
----------------- Invoking toplevel() on ptolemy.moml.MoMLSimpleApplication@f96b0a5
----------------- Done invoking toplevel() on ptolemy.moml.MoMLSimpleApplication@f96b0a5
reloadAllAccessors: .RampFiringLimitDE

===========================================================================================
----------------- testing Sun Jul 14 18:16:34 UTC 2019 /home/travis/build/icyphy/ptII/ptolemy/actor/lib/test/auto/RampFiringLimitSDF.xml
----------------- Instantiating /home/travis/build/icyphy/ptII/ptolemy/actor/lib/test/auto/RampFiringLimitSDF.xml
2 ms. Memory: 240640K Free: 84447K (35%)
----------------- Invoking toplevel() on ptolemy.moml.MoMLSimpleApplication@78c42965
----------------- Done invoking toplevel() on ptolemy.moml.MoMLSimpleApplication@78c42965
reloadAllAccessors: .RampFiringLimitSDF

===========================================================================================
----------------- testing Sun Jul 14 18:16:34 UTC 2019 /home/travis/build/icyphy/ptII/ptolemy/actor/lib/test/auto/RandomInteger.xml
----------------- Instantiating /home/travis/build/icyphy/ptII/ptolemy/actor/lib/test/auto/RandomInteger.xml
1 ms. Memory: 240640K Free: 80382K (33%)
----------------- Invoking toplevel() on ptolemy.moml.MoMLSimpleApplication@5c598968
----------------- Done invoking toplevel() on ptolemy.moml.MoMLSimpleApplication@5c598968
reloadAllAccessors: .RandomInteger

===========================================================================================
----------------- testing Sun Jul 14 18:16:34 UTC 2019 /home/travis/build/icyphy/ptII/ptolemy/actor/lib/test/auto/ReadFile1.xml
----------------- Instantiating /home/travis/build/icyphy/ptII/ptolemy/actor/lib/test/auto/ReadFile1.xml
1 ms. Memory: 240640K Free: 75776K (31%)
----------------- Invoking toplevel() on ptolemy.moml.MoMLSimpleApplication@7c530e56
----------------- Done invoking toplevel() on ptolemy.moml.MoMLSimpleApplication@7c530e56
reloadAllAccessors: .ReadFile1

===========================================================================================
----------------- testing Sun Jul 14 18:16:34 UTC 2019 /home/travis/build/icyphy/ptII/ptolemy/actor/lib/test/auto/ReadFile2.xml
----------------- Instantiating /home/travis/build/icyphy/ptII/ptolemy/actor/lib/test/auto/ReadFile2.xml
1 ms. Memory: 240640K Free: 71166K (30%)
----------------- Invoking toplevel() on ptolemy.moml.MoMLSimpleApplication@13afcdb0
----------------- Done invoking toplevel() on ptolemy.moml.MoMLSimpleApplication@13afcdb0
reloadAllAccessors: .ReadFile2

===========================================================================================
----------------- testing Sun Jul 14 18:16:34 UTC 2019 /home/travis/build/icyphy/ptII/ptolemy/actor/lib/test/auto/Reader.xml
----------------- Instantiating /home/travis/build/icyphy/ptII/ptolemy/actor/lib/test/auto/Reader.xml
actor.lib.Reader is obsolete, use actor.lib.io.ExpressionReader instead
4 ms. Memory: 240640K Free: 67070K (28%)
----------------- Invoking toplevel() on ptolemy.moml.MoMLSimpleApplication@75d8f621
----------------- Done invoking toplevel() on ptolemy.moml.MoMLSimpleApplication@75d8f621
reloadAllAccessors: .Reader

===========================================================================================
----------------- testing Sun Jul 14 18:16:34 UTC 2019 /home/travis/build/icyphy/ptII/ptolemy/actor/lib/test/auto/RecordAssemblerDisplayNameTest.xml
----------------- Instantiating /home/travis/build/icyphy/ptII/ptolemy/actor/lib/test/auto/RecordAssemblerDisplayNameTest.xml
3405 ms. Memory: 288768K Free: 77342K (27%)
----------------- Invoking toplevel() on ptolemy.moml.MoMLSimpleApplication@5c196f2b
----------------- Done invoking toplevel() on ptolemy.moml.MoMLSimpleApplication@5c196f2b
reloadAllAccessors: .RecordAssemblerDisplayNameTest

===========================================================================================
----------------- testing Sun Jul 14 18:16:37 UTC 2019 /home/travis/build/icyphy/ptII/ptolemy/actor/lib/test/auto/RecordAssemblerTypeError.xml
----------------- Instantiating /home/travis/build/icyphy/ptII/ptolemy/actor/lib/test/auto/RecordAssemblerTypeError.xml
32 ms. Memory: 288768K Free: 238390K (83%)
----------------- Invoking toplevel() on ptolemy.moml.MoMLSimpleApplication@3c9293a1
----------------- Done invoking toplevel() on ptolemy.moml.MoMLSimpleApplication@3c9293a1
reloadAllAccessors: .RecordAssemblerTypeError

===========================================================================================
----------------- testing Sun Jul 14 18:16:37 UTC 2019 /home/travis/build/icyphy/ptII/ptolemy/actor/lib/test/auto/RecordDisassember.xml
----------------- Instantiating /home/travis/build/icyphy/ptII/ptolemy/actor/lib/test/auto/RecordDisassember.xml
2 ms. Memory: 288768K Free: 233270K (81%)
----------------- Invoking toplevel() on ptolemy.moml.MoMLSimpleApplication@429fb45c
----------------- Done invoking toplevel() on ptolemy.moml.MoMLSimpleApplication@429fb45c
reloadAllAccessors: .RecordDisassember

===========================================================================================
----------------- testing Sun Jul 14 18:16:37 UTC 2019 /home/travis/build/icyphy/ptII/ptolemy/actor/lib/test/auto/RecordDisassemberDisplayNameTest.xml
----------------- Instantiating /home/travis/build/icyphy/ptII/ptolemy/actor/lib/test/auto/RecordDisassemberDisplayNameTest.xml
6 ms. Memory: 288768K Free: 224564K (78%)
----------------- Invoking toplevel() on ptolemy.moml.MoMLSimpleApplication@3a50fe0
----------------- Done invoking toplevel() on ptolemy.moml.MoMLSimpleApplication@3a50fe0
reloadAllAccessors: .RecordDisassemberDisplayNameTest

===========================================================================================
----------------- testing Sun Jul 14 18:16:37 UTC 2019 /home/travis/build/icyphy/ptII/ptolemy/actor/lib/test/auto/RecordDisassembler.xml
----------------- Instantiating /home/travis/build/icyphy/ptII/ptolemy/actor/lib/test/auto/RecordDisassembler.xml
3 ms. Memory: 288768K Free: 219414K (76%)
----------------- Invoking toplevel() on ptolemy.moml.MoMLSimpleApplication@4fef6714
----------------- Done invoking toplevel() on ptolemy.moml.MoMLSimpleApplication@4fef6714
reloadAllAccessors: .RecordDisassembler

===========================================================================================
----------------- testing Sun Jul 14 18:16:37 UTC 2019 /home/travis/build/icyphy/ptII/ptolemy/actor/lib/test/auto/RecordDisassembler2.xml
----------------- Instantiating /home/travis/build/icyphy/ptII/ptolemy/actor/lib/test/auto/RecordDisassembler2.xml
3 ms. Memory: 288768K Free: 214310K (74%)
----------------- Invoking toplevel() on ptolemy.moml.MoMLSimpleApplication@3a04ef8c
----------------- Done invoking toplevel() on ptolemy.moml.MoMLSimpleApplication@3a04ef8c
reloadAllAccessors: .RecordDisassembler2

===========================================================================================
----------------- testing Sun Jul 14 18:16:37 UTC 2019 /home/travis/build/icyphy/ptII/ptolemy/actor/lib/test/auto/RecordUpdater.xml
----------------- Instantiating /home/travis/build/icyphy/ptII/ptolemy/actor/lib/test/auto/RecordUpdater.xml
2 ms. Memory: 288768K Free: 209204K (72%)
----------------- Invoking toplevel() on ptolemy.moml.MoMLSimpleApplication@8a6452a
----------------- Done invoking toplevel() on ptolemy.moml.MoMLSimpleApplication@8a6452a
reloadAllAccessors: .RecordUpdater

===========================================================================================
----------------- testing Sun Jul 14 18:16:37 UTC 2019 /home/travis/build/icyphy/ptII/ptolemy/actor/lib/test/auto/RecordUpdater2.xml
----------------- Instantiating /home/travis/build/icyphy/ptII/ptolemy/actor/lib/test/auto/RecordUpdater2.xml
1 ms. Memory: 288768K Free: 204084K (71%)
----------------- Invoking toplevel() on ptolemy.moml.MoMLSimpleApplication@2e23d551
----------------- Done invoking toplevel() on ptolemy.moml.MoMLSimpleApplication@2e23d551
reloadAllAccessors: .RecordUpdater2

===========================================================================================
----------------- testing Sun Jul 14 18:16:37 UTC 2019 /home/travis/build/icyphy/ptII/ptolemy/actor/lib/test/auto/RecursiveLattice.xml
----------------- Instantiating /home/travis/build/icyphy/ptII/ptolemy/actor/lib/test/auto/RecursiveLattice.xml
1 ms. Memory: 288768K Free: 199988K (69%)
----------------- Invoking toplevel() on ptolemy.moml.MoMLSimpleApplication@7c86430
----------------- Done invoking toplevel() on ptolemy.moml.MoMLSimpleApplication@7c86430
reloadAllAccessors: .RecursiveLattice

===========================================================================================
----------------- testing Sun Jul 14 18:16:37 UTC 2019 /home/travis/build/icyphy/ptII/ptolemy/actor/lib/test/auto/Router.xml
----------------- Instantiating /home/travis/build/icyphy/ptII/ptolemy/actor/lib/test/auto/Router.xml
3004 ms. Memory: 288768K Free: 188724K (65%)
----------------- Invoking toplevel() on ptolemy.moml.MoMLSimpleApplication@30b2405a
----------------- Done invoking toplevel() on ptolemy.moml.MoMLSimpleApplication@30b2405a
reloadAllAccessors: .Router

===========================================================================================
----------------- testing Sun Jul 14 18:16:40 UTC 2019 /home/travis/build/icyphy/ptII/ptolemy/actor/lib/test/auto/Router2.xml
----------------- Instantiating /home/travis/build/icyphy/ptII/ptolemy/actor/lib/test/auto/Router2.xml
3010 ms. Memory: 288768K Free: 177974K (62%)
----------------- Invoking toplevel() on ptolemy.moml.MoMLSimpleApplication@1ee08ab1
----------------- Done invoking toplevel() on ptolemy.moml.MoMLSimpleApplication@1ee08ab1
reloadAllAccessors: .Router2

===========================================================================================
----------------- testing Sun Jul 14 18:16:43 UTC 2019 /home/travis/build/icyphy/ptII/ptolemy/actor/lib/test/auto/RunningMaximum.xml
----------------- Instantiating /home/travis/build/icyphy/ptII/ptolemy/actor/lib/test/auto/RunningMaximum.xml
2 ms. Memory: 288768K Free: 172854K (60%)
----------------- Invoking toplevel() on ptolemy.moml.MoMLSimpleApplication@7f747e81
----------------- Done invoking toplevel() on ptolemy.moml.MoMLSimpleApplication@7f747e81
reloadAllAccessors: .RunningMaximum

===========================================================================================
----------------- testing Sun Jul 14 18:16:43 UTC 2019 /home/travis/build/icyphy/ptII/ptolemy/actor/lib/test/auto/RunningMinimum.xml
----------------- Instantiating /home/travis/build/icyphy/ptII/ptolemy/actor/lib/test/auto/RunningMinimum.xml
14 ms. Memory: 288768K Free: 168244K (58%)
----------------- Invoking toplevel() on ptolemy.moml.MoMLSimpleApplication@cf2e16a
----------------- Done invoking toplevel() on ptolemy.moml.MoMLSimpleApplication@cf2e16a
reloadAllAccessors: .RunningMinimum

===========================================================================================
----------------- testing Sun Jul 14 18:16:43 UTC 2019 /home/travis/build/icyphy/ptII/ptolemy/actor/lib/test/auto/Scale.xml
----------------- Instantiating /home/travis/build/icyphy/ptII/ptolemy/actor/lib/test/auto/Scale.xml
2 ms. Memory: 288768K Free: 163638K (57%)
----------------- Invoking toplevel() on ptolemy.moml.MoMLSimpleApplication@63520a1f
----------------- Done invoking toplevel() on ptolemy.moml.MoMLSimpleApplication@63520a1f
reloadAllAccessors: .Scale

===========================================================================================
----------------- testing Sun Jul 14 18:16:43 UTC 2019 /home/travis/build/icyphy/ptII/ptolemy/actor/lib/test/auto/Scale2.xml
----------------- Instantiating /home/travis/build/icyphy/ptII/ptolemy/actor/lib/test/auto/Scale2.xml
1 ms. Memory: 288768K Free: 159028K (55%)
----------------- Invoking toplevel() on ptolemy.moml.MoMLSimpleApplication@9cd3838
----------------- Done invoking toplevel() on ptolemy.moml.MoMLSimpleApplication@9cd3838
reloadAllAccessors: .Scale2

===========================================================================================
----------------- testing Sun Jul 14 18:16:43 UTC 2019 /home/travis/build/icyphy/ptII/ptolemy/actor/lib/test/auto/Scale3.xml
----------------- Instantiating /home/travis/build/icyphy/ptII/ptolemy/actor/lib/test/auto/Scale3.xml
3 ms. Memory: 288768K Free: 152374K (53%)
----------------- Invoking toplevel() on ptolemy.moml.MoMLSimpleApplication@7e07aa4a
----------------- Done invoking toplevel() on ptolemy.moml.MoMLSimpleApplication@7e07aa4a
reloadAllAccessors: .Scale3

===========================================================================================
----------------- testing Sun Jul 14 18:16:43 UTC 2019 /home/travis/build/icyphy/ptII/ptolemy/actor/lib/test/auto/ScaleArray.xml
----------------- Instantiating /home/travis/build/icyphy/ptII/ptolemy/actor/lib/test/auto/ScaleArray.xml
2 ms. Memory: 288768K Free: 147764K (51%)
----------------- Invoking toplevel() on ptolemy.moml.MoMLSimpleApplication@6fb81b27
----------------- Done invoking toplevel() on ptolemy.moml.MoMLSimpleApplication@6fb81b27
reloadAllAccessors: .ScaleArray

===========================================================================================
----------------- testing Sun Jul 14 18:16:43 UTC 2019 /home/travis/build/icyphy/ptII/ptolemy/actor/lib/test/auto/ScaleArray2.xml
----------------- Instantiating /home/travis/build/icyphy/ptII/ptolemy/actor/lib/test/auto/ScaleArray2.xml
1 ms. Memory: 288768K Free: 143158K (50%)
----------------- Invoking toplevel() on ptolemy.moml.MoMLSimpleApplication@5022a7b
----------------- Done invoking toplevel() on ptolemy.moml.MoMLSimpleApplication@5022a7b
reloadAllAccessors: .ScaleArray2

===========================================================================================
----------------- testing Sun Jul 14 18:16:43 UTC 2019 /home/travis/build/icyphy/ptII/ptolemy/actor/lib/test/auto/ScaleMatrix.xml
----------------- Instantiating /home/travis/build/icyphy/ptII/ptolemy/actor/lib/test/auto/ScaleMatrix.xml
180 ms. Memory: 288768K Free: 127284K (44%)
----------------- Invoking toplevel() on ptolemy.moml.MoMLSimpleApplication@3b0ca98d
----------------- Done invoking toplevel() on ptolemy.moml.MoMLSimpleApplication@3b0ca98d
reloadAllAccessors: .ScaleMatrix

===========================================================================================
----------------- testing Sun Jul 14 18:16:44 UTC 2019 /home/travis/build/icyphy/ptII/ptolemy/actor/lib/test/auto/Select.xml
----------------- Instantiating /home/travis/build/icyphy/ptII/ptolemy/actor/lib/test/auto/Select.xml
2 ms. Memory: 288768K Free: 121126K (42%)
----------------- Invoking toplevel() on ptolemy.moml.MoMLSimpleApplication@5e082d09
----------------- Done invoking toplevel() on ptolemy.moml.MoMLSimpleApplication@5e082d09
reloadAllAccessors: .Select

===========================================================================================
----------------- testing Sun Jul 14 18:16:44 UTC 2019 /home/travis/build/icyphy/ptII/ptolemy/actor/lib/test/auto/Select2.xml
----------------- Instantiating /home/travis/build/icyphy/ptII/ptolemy/actor/lib/test/auto/Select2.xml
1 ms. Memory: 288768K Free: 116534K (40%)
----------------- Invoking toplevel() on ptolemy.moml.MoMLSimpleApplication@225a34e4
----------------- Done invoking toplevel() on ptolemy.moml.MoMLSimpleApplication@225a34e4
reloadAllAccessors: .Select2

===========================================================================================
----------------- testing Sun Jul 14 18:16:44 UTC 2019 /home/travis/build/icyphy/ptII/ptolemy/actor/lib/test/auto/SequenceToArray2.xml
----------------- Instantiating /home/travis/build/icyphy/ptII/ptolemy/actor/lib/test/auto/SequenceToArray2.xml
103 ms. Memory: 288768K Free: 91958K (32%)
----------------- Invoking toplevel() on ptolemy.moml.MoMLSimpleApplication@4e0c9b9a
----------------- Done invoking toplevel() on ptolemy.moml.MoMLSimpleApplication@4e0c9b9a
reloadAllAccessors: .SequenceToArray2

===========================================================================================
----------------- testing Sun Jul 14 18:16:44 UTC 2019 /home/travis/build/icyphy/ptII/ptolemy/actor/lib/test/auto/SequentialClock.xml
----------------- Instantiating /home/travis/build/icyphy/ptII/ptolemy/actor/lib/test/auto/SequentialClock.xml
1 ms. Memory: 288768K Free: 87862K (30%)
----------------- Invoking toplevel() on ptolemy.moml.MoMLSimpleApplication@1de34dd3
----------------- Done invoking toplevel() on ptolemy.moml.MoMLSimpleApplication@1de34dd3
reloadAllAccessors: .SequentialClock

===========================================================================================
----------------- testing Sun Jul 14 18:16:44 UTC 2019 /home/travis/build/icyphy/ptII/ptolemy/actor/lib/test/auto/SetVariable.xml
----------------- Instantiating /home/travis/build/icyphy/ptII/ptolemy/actor/lib/test/auto/SetVariable.xml
3 ms. Memory: 288768K Free: 83252K (29%)
----------------- Invoking toplevel() on ptolemy.moml.MoMLSimpleApplication@59b23082
----------------- Done invoking toplevel() on ptolemy.moml.MoMLSimpleApplication@59b23082
reloadAllAccessors: .SetVariable

===========================================================================================
----------------- testing Sun Jul 14 18:16:44 UTC 2019 /home/travis/build/icyphy/ptII/ptolemy/actor/lib/test/auto/SetVariable2.xml
----------------- Instantiating /home/travis/build/icyphy/ptII/ptolemy/actor/lib/test/auto/SetVariable2.xml
2 ms. Memory: 288768K Free: 78132K (27%)
----------------- Invoking toplevel() on ptolemy.moml.MoMLSimpleApplication@2c1f7eb3
----------------- Done invoking toplevel() on ptolemy.moml.MoMLSimpleApplication@2c1f7eb3
reloadAllAccessors: .SetVariable2

===========================================================================================
----------------- testing Sun Jul 14 18:16:44 UTC 2019 /home/travis/build/icyphy/ptII/ptolemy/actor/lib/test/auto/SetVariable3.xml
----------------- Instantiating /home/travis/build/icyphy/ptII/ptolemy/actor/lib/test/auto/SetVariable3.xml
9 ms. Memory: 288768K Free: 72502K (25%)
----------------- Invoking toplevel() on ptolemy.moml.MoMLSimpleApplication@645e7c58
----------------- Done invoking toplevel() on ptolemy.moml.MoMLSimpleApplication@645e7c58
reloadAllAccessors: .SetVariable3

===========================================================================================
----------------- testing Sun Jul 14 18:16:44 UTC 2019 /home/travis/build/icyphy/ptII/ptolemy/actor/lib/test/auto/SetVariable4.xml
----------------- Instantiating /home/travis/build/icyphy/ptII/ptolemy/actor/lib/test/auto/SetVariable4.xml
12 ms. Memory: 288768K Free: 234015K (81%)
----------------- Invoking toplevel() on ptolemy.moml.MoMLSimpleApplication@4a668e57
----------------- Done invoking toplevel() on ptolemy.moml.MoMLSimpleApplication@4a668e57
reloadAllAccessors: .SetVariable4

===========================================================================================
----------------- testing Sun Jul 14 18:16:44 UTC 2019 /home/travis/build/icyphy/ptII/ptolemy/actor/lib/test/auto/SetVariable5.xml
----------------- Instantiating /home/travis/build/icyphy/ptII/ptolemy/actor/lib/test/auto/SetVariable5.xml
9 ms. Memory: 288768K Free: 224281K (78%)
----------------- Invoking toplevel() on ptolemy.moml.MoMLSimpleApplication@1741f80a
----------------- Done invoking toplevel() on ptolemy.moml.MoMLSimpleApplication@1741f80a
reloadAllAccessors: .SetVariable5

===========================================================================================
----------------- testing Sun Jul 14 18:16:44 UTC 2019 /home/travis/build/icyphy/ptII/ptolemy/actor/lib/test/auto/Sinewave.xml
----------------- Instantiating /home/travis/build/icyphy/ptII/ptolemy/actor/lib/test/auto/Sinewave.xml
4 ms. Memory: 288768K Free: 214047K (74%)
----------------- Invoking toplevel() on ptolemy.moml.MoMLSimpleApplication@84ffff9
----------------- Done invoking toplevel() on ptolemy.moml.MoMLSimpleApplication@84ffff9
reloadAllAccessors: .Sinewave

===========================================================================================
----------------- testing Sun Jul 14 18:16:44 UTC 2019 /home/travis/build/icyphy/ptII/ptolemy/actor/lib/test/auto/Sinewave2.xml
----------------- Instantiating /home/travis/build/icyphy/ptII/ptolemy/actor/lib/test/auto/Sinewave2.xml
8 ms. Memory: 288768K Free: 205855K (71%)
----------------- Invoking toplevel() on ptolemy.moml.MoMLSimpleApplication@1888b1c0
----------------- Done invoking toplevel() on ptolemy.moml.MoMLSimpleApplication@1888b1c0
reloadAllAccessors: .Sinewave2

===========================================================================================
----------------- testing Sun Jul 14 18:16:44 UTC 2019 /home/travis/build/icyphy/ptII/ptolemy/actor/lib/test/auto/Sinewave3.xml
----------------- Instantiating /home/travis/build/icyphy/ptII/ptolemy/actor/lib/test/auto/Sinewave3.xml
6 ms. Memory: 288768K Free: 197649K (68%)
----------------- Invoking toplevel() on ptolemy.moml.MoMLSimpleApplication@2c7cf762
----------------- Done invoking toplevel() on ptolemy.moml.MoMLSimpleApplication@2c7cf762
reloadAllAccessors: .Sinewave3

===========================================================================================
----------------- testing Sun Jul 14 18:16:44 UTC 2019 /home/travis/build/icyphy/ptII/ptolemy/actor/lib/test/auto/SingleEvent.xml
----------------- Instantiating /home/travis/build/icyphy/ptII/ptolemy/actor/lib/test/auto/SingleEvent.xml
1 ms. Memory: 288768K Free: 193057K (67%)
----------------- Invoking toplevel() on ptolemy.moml.MoMLSimpleApplication@70e1404d
----------------- Done invoking toplevel() on ptolemy.moml.MoMLSimpleApplication@70e1404d
reloadAllAccessors: .SingleEvent

===========================================================================================
----------------- testing Sun Jul 14 18:16:44 UTC 2019 /home/travis/build/icyphy/ptII/ptolemy/actor/lib/test/auto/Sleep.xml
----------------- Instantiating /home/travis/build/icyphy/ptII/ptolemy/actor/lib/test/auto/Sleep.xml
6004 ms. Memory: 288768K Free: 187423K (65%)
----------------- Invoking toplevel() on ptolemy.moml.MoMLSimpleApplication@38ae7ce0
----------------- Done invoking toplevel() on ptolemy.moml.MoMLSimpleApplication@38ae7ce0
reloadAllAccessors: .Sleep

===========================================================================================
----------------- testing Sun Jul 14 18:16:50 UTC 2019 /home/travis/build/icyphy/ptII/ptolemy/actor/lib/test/auto/SleepMultipleFire.xml
----------------- Instantiating /home/travis/build/icyphy/ptII/ptolemy/actor/lib/test/auto/SleepMultipleFire.xml
1007 ms. Memory: 288768K Free: 181793K (63%)
----------------- Invoking toplevel() on ptolemy.moml.MoMLSimpleApplication@69587545
----------------- Done invoking toplevel() on ptolemy.moml.MoMLSimpleApplication@69587545
reloadAllAccessors: .SleepMultipleFire

===========================================================================================
----------------- testing Sun Jul 14 18:16:51 UTC 2019 /home/travis/build/icyphy/ptII/ptolemy/actor/lib/test/auto/StopDE.xml
----------------- Instantiating /home/travis/build/icyphy/ptII/ptolemy/actor/lib/test/auto/StopDE.xml
6 ms. Memory: 288768K Free: 176159K (61%)
----------------- Invoking toplevel() on ptolemy.moml.MoMLSimpleApplication@69dbed0b
----------------- Done invoking toplevel() on ptolemy.moml.MoMLSimpleApplication@69dbed0b
reloadAllAccessors: .StopDE

===========================================================================================
----------------- testing Sun Jul 14 18:16:51 UTC 2019 /home/travis/build/icyphy/ptII/ptolemy/actor/lib/test/auto/StopSDF.xml
----------------- Instantiating /home/travis/build/icyphy/ptII/ptolemy/actor/lib/test/auto/StopSDF.xml
3 ms. Memory: 288768K Free: 170529K (59%)
----------------- Invoking toplevel() on ptolemy.moml.MoMLSimpleApplication@33ee37dd
----------------- Done invoking toplevel() on ptolemy.moml.MoMLSimpleApplication@33ee37dd
reloadAllAccessors: .StopSDF

===========================================================================================
----------------- testing Sun Jul 14 18:16:51 UTC 2019 /home/travis/build/icyphy/ptII/ptolemy/actor/lib/test/auto/StringConstant.xml
----------------- Instantiating /home/travis/build/icyphy/ptII/ptolemy/actor/lib/test/auto/StringConstant.xml
8 ms. Memory: 288768K Free: 166433K (58%)
----------------- Invoking toplevel() on ptolemy.moml.MoMLSimpleApplication@58c0ce78
----------------- Done invoking toplevel() on ptolemy.moml.MoMLSimpleApplication@58c0ce78
reloadAllAccessors: .StringConstant

===========================================================================================
----------------- testing Sun Jul 14 18:16:51 UTC 2019 /home/travis/build/icyphy/ptII/ptolemy/actor/lib/test/auto/SubscriberPortInitialValues1.xml
----------------- Instantiating /home/travis/build/icyphy/ptII/ptolemy/actor/lib/test/auto/SubscriberPortInitialValues1.xml
7 ms. Memory: 288768K Free: 157727K (55%)
----------------- Invoking toplevel() on ptolemy.moml.MoMLSimpleApplication@56ed7ade
----------------- Done invoking toplevel() on ptolemy.moml.MoMLSimpleApplication@56ed7ade
reloadAllAccessors: .SubscriberPortInitialValues1

===========================================================================================
----------------- testing Sun Jul 14 18:16:51 UTC 2019 /home/travis/build/icyphy/ptII/ptolemy/actor/lib/test/auto/SubscriberPortInitialValues13.xml
----------------- Instantiating /home/travis/build/icyphy/ptII/ptolemy/actor/lib/test/auto/SubscriberPortInitialValues13.xml
5 ms. Memory: 288768K Free: 144929K (50%)
----------------- Invoking toplevel() on ptolemy.moml.MoMLSimpleApplication@41c9a5d9
----------------- Done invoking toplevel() on ptolemy.moml.MoMLSimpleApplication@41c9a5d9
reloadAllAccessors: .SubscriberPortInitialValues13

===========================================================================================
----------------- testing Sun Jul 14 18:16:51 UTC 2019 /home/travis/build/icyphy/ptII/ptolemy/actor/lib/test/auto/SubscriberPortInitialValues14.xml
----------------- Instantiating /home/travis/build/icyphy/ptII/ptolemy/actor/lib/test/auto/SubscriberPortInitialValues14.xml
4 ms. Memory: 288768K Free: 136737K (47%)
----------------- Invoking toplevel() on ptolemy.moml.MoMLSimpleApplication@34578dbe
----------------- Done invoking toplevel() on ptolemy.moml.MoMLSimpleApplication@34578dbe
reloadAllAccessors: .SubscriberPortInitialValues14

===========================================================================================
----------------- testing Sun Jul 14 18:16:51 UTC 2019 /home/travis/build/icyphy/ptII/ptolemy/actor/lib/test/auto/SubscriberPortInitialValues2.xml
----------------- Instantiating /home/travis/build/icyphy/ptII/ptolemy/actor/lib/test/auto/SubscriberPortInitialValues2.xml
4 ms. Memory: 288768K Free: 129055K (45%)
----------------- Invoking toplevel() on ptolemy.moml.MoMLSimpleApplication@18a4dbd7
----------------- Done invoking toplevel() on ptolemy.moml.MoMLSimpleApplication@18a4dbd7
reloadAllAccessors: .SubscriberPortInitialValues2

===========================================================================================
----------------- testing Sun Jul 14 18:16:51 UTC 2019 /home/travis/build/icyphy/ptII/ptolemy/actor/lib/test/auto/SubscriberPortInitialValues3.xml
----------------- Instantiating /home/travis/build/icyphy/ptII/ptolemy/actor/lib/test/auto/SubscriberPortInitialValues3.xml
4 ms. Memory: 288768K Free: 117791K (41%)
----------------- Invoking toplevel() on ptolemy.moml.MoMLSimpleApplication@483b9879
----------------- Done invoking toplevel() on ptolemy.moml.MoMLSimpleApplication@483b9879
reloadAllAccessors: .SubscriberPortInitialValues3

===========================================================================================
----------------- testing Sun Jul 14 18:16:51 UTC 2019 /home/travis/build/icyphy/ptII/ptolemy/actor/lib/test/auto/SubscriptionAggregator.xml
----------------- Instantiating /home/travis/build/icyphy/ptII/ptolemy/actor/lib/test/auto/SubscriptionAggregator.xml
2 ms. Memory: 288768K Free: 111137K (38%)
----------------- Invoking toplevel() on ptolemy.moml.MoMLSimpleApplication@3516bcac
----------------- Done invoking toplevel() on ptolemy.moml.MoMLSimpleApplication@3516bcac
reloadAllAccessors: .SubscriptionAggregator

===========================================================================================
----------------- testing Sun Jul 14 18:16:51 UTC 2019 /home/travis/build/icyphy/ptII/ptolemy/actor/lib/test/auto/SubscriptionAggregator2.xml
----------------- Instantiating /home/travis/build/icyphy/ptII/ptolemy/actor/lib/test/auto/SubscriptionAggregator2.xml
3 ms. Memory: 288768K Free: 103449K (36%)
----------------- Invoking toplevel() on ptolemy.moml.MoMLSimpleApplication@41323566
----------------- Done invoking toplevel() on ptolemy.moml.MoMLSimpleApplication@41323566
reloadAllAccessors: .SubscriptionAggregator2

===========================================================================================
----------------- testing Sun Jul 14 18:16:51 UTC 2019 /home/travis/build/icyphy/ptII/ptolemy/actor/lib/test/auto/SubscriptionAggregator3.xml
----------------- Instantiating /home/travis/build/icyphy/ptII/ptolemy/actor/lib/test/auto/SubscriptionAggregator3.xml
4 ms. Memory: 288768K Free: 94753K (33%)
----------------- Invoking toplevel() on ptolemy.moml.MoMLSimpleApplication@2fd69536
----------------- Done invoking toplevel() on ptolemy.moml.MoMLSimpleApplication@2fd69536
reloadAllAccessors: .SubscriptionAggregator3

===========================================================================================
----------------- testing Sun Jul 14 18:16:51 UTC 2019 /home/travis/build/icyphy/ptII/ptolemy/actor/lib/test/auto/SubscriptionAggregatorMultiply.xml
----------------- Instantiating /home/travis/build/icyphy/ptII/ptolemy/actor/lib/test/auto/SubscriptionAggregatorMultiply.xml
10 ms. Memory: 288768K Free: 86047K (30%)
----------------- Invoking toplevel() on ptolemy.moml.MoMLSimpleApplication@31f6ef52
----------------- Done invoking toplevel() on ptolemy.moml.MoMLSimpleApplication@31f6ef52
reloadAllAccessors: .SubscriptionAggregatorMultiply

===========================================================================================
----------------- testing Sun Jul 14 18:16:51 UTC 2019 /home/travis/build/icyphy/ptII/ptolemy/actor/lib/test/auto/SubscriptionAggregatorPortMultiply1.xml
----------------- Instantiating /home/travis/build/icyphy/ptII/ptolemy/actor/lib/test/auto/SubscriptionAggregatorPortMultiply1.xml
3 ms. Memory: 288768K Free: 78369K (27%)
----------------- Invoking toplevel() on ptolemy.moml.MoMLSimpleApplication@46ffd34d
----------------- Done invoking toplevel() on ptolemy.moml.MoMLSimpleApplication@46ffd34d
reloadAllAccessors: .SubscriptionAggregatorPortMultiply1

===========================================================================================
----------------- testing Sun Jul 14 18:16:51 UTC 2019 /home/travis/build/icyphy/ptII/ptolemy/actor/lib/test/auto/Switch.xml
----------------- Instantiating /home/travis/build/icyphy/ptII/ptolemy/actor/lib/test/auto/Switch.xml
7 ms. Memory: 288768K Free: 69663K (24%)
----------------- Invoking toplevel() on ptolemy.moml.MoMLSimpleApplication@18d01f65
----------------- Done invoking toplevel() on ptolemy.moml.MoMLSimpleApplication@18d01f65
reloadAllAccessors: .Switch

===========================================================================================
----------------- testing Sun Jul 14 18:16:51 UTC 2019 /home/travis/build/icyphy/ptII/ptolemy/actor/lib/test/auto/Switch2.xml
----------------- Instantiating /home/travis/build/icyphy/ptII/ptolemy/actor/lib/test/auto/Switch2.xml
1 ms. Memory: 288768K Free: 236158K (82%)
----------------- Invoking toplevel() on ptolemy.moml.MoMLSimpleApplication@6c253331
----------------- Done invoking toplevel() on ptolemy.moml.MoMLSimpleApplication@6c253331
reloadAllAccessors: .Switch2

===========================================================================================
----------------- testing Sun Jul 14 18:16:51 UTC 2019 /home/travis/build/icyphy/ptII/ptolemy/actor/lib/test/auto/SwitchDE.xml
----------------- Instantiating /home/travis/build/icyphy/ptII/ptolemy/actor/lib/test/auto/SwitchDE.xml
4 ms. Memory: 288768K Free: 229469K (79%)
----------------- Invoking toplevel() on ptolemy.moml.MoMLSimpleApplication@48f80b15
----------------- Done invoking toplevel() on ptolemy.moml.MoMLSimpleApplication@48f80b15
reloadAllAccessors: .SwitchDE

===========================================================================================
----------------- testing Sun Jul 14 18:16:51 UTC 2019 /home/travis/build/icyphy/ptII/ptolemy/actor/lib/test/auto/SynchronizerDE.xml
----------------- Instantiating /home/travis/build/icyphy/ptII/ptolemy/actor/lib/test/auto/SynchronizerDE.xml
7 ms. Memory: 288768K Free: 221293K (77%)
----------------- Invoking toplevel() on ptolemy.moml.MoMLSimpleApplication@6b817279
----------------- Done invoking toplevel() on ptolemy.moml.MoMLSimpleApplication@6b817279
reloadAllAccessors: .SynchronizerDE

===========================================================================================
----------------- testing Sun Jul 14 18:16:51 UTC 2019 /home/travis/build/icyphy/ptII/ptolemy/actor/lib/test/auto/Test.xml
----------------- Instantiating /home/travis/build/icyphy/ptII/ptolemy/actor/lib/test/auto/Test.xml
11 ms. Memory: 288768K Free: 216157K (75%)
----------------- Invoking toplevel() on ptolemy.moml.MoMLSimpleApplication@18918547
----------------- Done invoking toplevel() on ptolemy.moml.MoMLSimpleApplication@18918547
reloadAllAccessors: .Test

===========================================================================================
----------------- testing Sun Jul 14 18:16:51 UTC 2019 /home/travis/build/icyphy/ptII/ptolemy/actor/lib/test/auto/TestExceptionAttribute1.xml
----------------- Instantiating /home/travis/build/icyphy/ptII/ptolemy/actor/lib/test/auto/TestExceptionAttribute1.xml
1 ms. Memory: 288768K Free: 212092K (73%)
----------------- Invoking toplevel() on ptolemy.moml.MoMLSimpleApplication@1369d7f9
----------------- Done invoking toplevel() on ptolemy.moml.MoMLSimpleApplication@1369d7f9
reloadAllAccessors: .TestExceptionAttribute1

===========================================================================================
----------------- testing Sun Jul 14 18:16:51 UTC 2019 /home/travis/build/icyphy/ptII/ptolemy/actor/lib/test/auto/TestExceptionAttribute2.xml
----------------- Instantiating /home/travis/build/icyphy/ptII/ptolemy/actor/lib/test/auto/TestExceptionAttribute2.xml
2 ms. Memory: 288768K Free: 208510K (72%)
----------------- Invoking toplevel() on ptolemy.moml.MoMLSimpleApplication@518771e6
----------------- Done invoking toplevel() on ptolemy.moml.MoMLSimpleApplication@518771e6
reloadAllAccessors: .TestExceptionAttribute2

===========================================================================================
----------------- testing Sun Jul 14 18:16:52 UTC 2019 /home/travis/build/icyphy/ptII/ptolemy/actor/lib/test/auto/TestExceptionAttribute3.xml
----------------- Instantiating /home/travis/build/icyphy/ptII/ptolemy/actor/lib/test/auto/TestExceptionAttribute3.xml
.TestExceptionAttribute3.TestExceptionAttribute: initialize() was not invoked, but wrapup() was.  This is unusual, but not always a problem.  For example, exporting JNLP will do this.
1 ms. Memory: 288768K Free: 204924K (71%)
----------------- Invoking toplevel() on ptolemy.moml.MoMLSimpleApplication@549521bb
----------------- Done invoking toplevel() on ptolemy.moml.MoMLSimpleApplication@549521bb
reloadAllAccessors: .TestExceptionAttribute3

===========================================================================================
----------------- testing Sun Jul 14 18:16:52 UTC 2019 /home/travis/build/icyphy/ptII/ptolemy/actor/lib/test/auto/TestExceptionAttribute4.xml
----------------- Instantiating /home/travis/build/icyphy/ptII/ptolemy/actor/lib/test/auto/TestExceptionAttribute4.xml
.TestExceptionAttribute4.TestExceptionAttribute: initialize() was not invoked, but wrapup() was.  This is unusual, but not always a problem.  For example, exporting JNLP will do this.
.TestExceptionAttribute4.TestExceptionAttribute2: initialize() was not invoked, but wrapup() was.  This is unusual, but not always a problem.  For example, exporting JNLP will do this.
1 ms. Memory: 288768K Free: 200318K (69%)
----------------- Invoking toplevel() on ptolemy.moml.MoMLSimpleApplication@36cddfa
----------------- Done invoking toplevel() on ptolemy.moml.MoMLSimpleApplication@36cddfa
reloadAllAccessors: .TestExceptionAttribute4

===========================================================================================
----------------- testing Sun Jul 14 18:16:52 UTC 2019 /home/travis/build/icyphy/ptII/ptolemy/actor/lib/test/auto/TestExceptionHandler1.xml
----------------- Instantiating /home/travis/build/icyphy/ptII/ptolemy/actor/lib/test/auto/TestExceptionHandler1.xml
1 ms. Memory: 288768K Free: 196732K (68%)
----------------- Invoking toplevel() on ptolemy.moml.MoMLSimpleApplication@6633df56
----------------- Done invoking toplevel() on ptolemy.moml.MoMLSimpleApplication@6633df56
reloadAllAccessors: .TestExceptionHandler1

===========================================================================================
----------------- testing Sun Jul 14 18:16:52 UTC 2019 /home/travis/build/icyphy/ptII/ptolemy/actor/lib/test/auto/TestExceptionHandler2.xml
----------------- Instantiating /home/travis/build/icyphy/ptII/ptolemy/actor/lib/test/auto/TestExceptionHandler2.xml
2 ms. Memory: 288768K Free: 193150K (67%)
----------------- Invoking toplevel() on ptolemy.moml.MoMLSimpleApplication@1d9d5731
----------------- Done invoking toplevel() on ptolemy.moml.MoMLSimpleApplication@1d9d5731
reloadAllAccessors: .TestExceptionHandler2

===========================================================================================
----------------- testing Sun Jul 14 18:16:52 UTC 2019 /home/travis/build/icyphy/ptII/ptolemy/actor/lib/test/auto/TestExceptionHandler3.xml
----------------- Instantiating /home/travis/build/icyphy/ptII/ptolemy/actor/lib/test/auto/TestExceptionHandler3.xml
1 ms. Memory: 288768K Free: 189564K (66%)
----------------- Invoking toplevel() on ptolemy.moml.MoMLSimpleApplication@4edd48f2
----------------- Done invoking toplevel() on ptolemy.moml.MoMLSimpleApplication@4edd48f2
reloadAllAccessors: .TestExceptionHandler3

===========================================================================================
----------------- testing Sun Jul 14 18:16:52 UTC 2019 /home/travis/build/icyphy/ptII/ptolemy/actor/lib/test/auto/TestExceptionHandler4.xml
----------------- Instantiating /home/travis/build/icyphy/ptII/ptolemy/actor/lib/test/auto/TestExceptionHandler4.xml
0 ms. Memory: 288768K Free: 184958K (64%)
----------------- Invoking toplevel() on ptolemy.moml.MoMLSimpleApplication@63edbd6d
----------------- Done invoking toplevel() on ptolemy.moml.MoMLSimpleApplication@63edbd6d
reloadAllAccessors: .TestExceptionHandler4

===========================================================================================
----------------- testing Sun Jul 14 18:16:52 UTC 2019 /home/travis/build/icyphy/ptII/ptolemy/actor/lib/test/auto/TestRequireCorrectOrder.xml
----------------- Instantiating /home/travis/build/icyphy/ptII/ptolemy/actor/lib/test/auto/TestRequireCorrectOrder.xml
2 ms. Memory: 288768K Free: 179838K (62%)
----------------- Invoking toplevel() on ptolemy.moml.MoMLSimpleApplication@2f61b686
----------------- Done invoking toplevel() on ptolemy.moml.MoMLSimpleApplication@2f61b686
reloadAllAccessors: .TestRequireCorrectOrder

===========================================================================================
----------------- testing Sun Jul 14 18:16:52 UTC 2019 /home/travis/build/icyphy/ptII/ptolemy/actor/lib/test/auto/TestSimple.xml
----------------- Instantiating /home/travis/build/icyphy/ptII/ptolemy/actor/lib/test/auto/TestSimple.xml
2 ms. Memory: 288768K Free: 175228K (61%)
----------------- Invoking toplevel() on ptolemy.moml.MoMLSimpleApplication@6b8b763a
----------------- Done invoking toplevel() on ptolemy.moml.MoMLSimpleApplication@6b8b763a
reloadAllAccessors: .TestSimple

===========================================================================================
----------------- testing Sun Jul 14 18:16:52 UTC 2019 /home/travis/build/icyphy/ptII/ptolemy/actor/lib/test/auto/ThrowModelError.xml
----------------- Instantiating /home/travis/build/icyphy/ptII/ptolemy/actor/lib/test/auto/ThrowModelError.xml
1 ms. Memory: 288768K Free: 170108K (59%)
----------------- Invoking toplevel() on ptolemy.moml.MoMLSimpleApplication@698889cc
----------------- Done invoking toplevel() on ptolemy.moml.MoMLSimpleApplication@698889cc
reloadAllAccessors: .ThrowModelError

===========================================================================================
----------------- testing Sun Jul 14 18:16:52 UTC 2019 /home/travis/build/icyphy/ptII/ptolemy/actor/lib/test/auto/TimeDelayMicrosteps.xml
----------------- Instantiating /home/travis/build/icyphy/ptII/ptolemy/actor/lib/test/auto/TimeDelayMicrosteps.xml
4 ms. Memory: 288768K Free: 163454K (57%)
----------------- Invoking toplevel() on ptolemy.moml.MoMLSimpleApplication@192d970d
----------------- Done invoking toplevel() on ptolemy.moml.MoMLSimpleApplication@192d970d
reloadAllAccessors: .TimeDelayMicrosteps

===========================================================================================
----------------- testing Sun Jul 14 18:16:52 UTC 2019 /home/travis/build/icyphy/ptII/ptolemy/actor/lib/test/auto/TimeDelayMicrosteps2.xml
----------------- Instantiating /home/travis/build/icyphy/ptII/ptolemy/actor/lib/test/auto/TimeDelayMicrosteps2.xml
3 ms. Memory: 288768K Free: 156286K (54%)
----------------- Invoking toplevel() on ptolemy.moml.MoMLSimpleApplication@49748b65
----------------- Done invoking toplevel() on ptolemy.moml.MoMLSimpleApplication@49748b65
reloadAllAccessors: .TimeDelayMicrosteps2

===========================================================================================
----------------- testing Sun Jul 14 18:16:52 UTC 2019 /home/travis/build/icyphy/ptII/ptolemy/actor/lib/test/auto/TimeDelayMicrosteps3.xml
----------------- Instantiating /home/travis/build/icyphy/ptII/ptolemy/actor/lib/test/auto/TimeDelayMicrosteps3.xml
3 ms. Memory: 288768K Free: 149118K (52%)
----------------- Invoking toplevel() on ptolemy.moml.MoMLSimpleApplication@67fd3231
----------------- Done invoking toplevel() on ptolemy.moml.MoMLSimpleApplication@67fd3231
reloadAllAccessors: .TimeDelayMicrosteps3

===========================================================================================
----------------- testing Sun Jul 14 18:16:52 UTC 2019 /home/travis/build/icyphy/ptII/ptolemy/actor/lib/test/auto/TimeDelayVariableMicrosteps.xml
----------------- Instantiating /home/travis/build/icyphy/ptII/ptolemy/actor/lib/test/auto/TimeDelayVariableMicrosteps.xml
2 ms. Memory: 288768K Free: 142460K (49%)
----------------- Invoking toplevel() on ptolemy.moml.MoMLSimpleApplication@5e524d1b
----------------- Done invoking toplevel() on ptolemy.moml.MoMLSimpleApplication@5e524d1b
reloadAllAccessors: .TimeDelayVariableMicrosteps

===========================================================================================
----------------- testing Sun Jul 14 18:16:52 UTC 2019 /home/travis/build/icyphy/ptII/ptolemy/actor/lib/test/auto/TimeGap.xml
----------------- Instantiating /home/travis/build/icyphy/ptII/ptolemy/actor/lib/test/auto/TimeGap.xml
4 ms. Memory: 288768K Free: 137325K (48%)
----------------- Invoking toplevel() on ptolemy.moml.MoMLSimpleApplication@68aec8e6
----------------- Done invoking toplevel() on ptolemy.moml.MoMLSimpleApplication@68aec8e6
reloadAllAccessors: .TimeGap

===========================================================================================
----------------- testing Sun Jul 14 18:16:52 UTC 2019 /home/travis/build/icyphy/ptII/ptolemy/actor/lib/test/auto/TimeGap2.xml
----------------- Instantiating /home/travis/build/icyphy/ptII/ptolemy/actor/lib/test/auto/TimeGap2.xml
2 ms. Memory: 288768K Free: 131181K (45%)
----------------- Invoking toplevel() on ptolemy.moml.MoMLSimpleApplication@4cc5c442
----------------- Done invoking toplevel() on ptolemy.moml.MoMLSimpleApplication@4cc5c442
reloadAllAccessors: .TimeGap2

===========================================================================================
----------------- testing Sun Jul 14 18:16:52 UTC 2019 /home/travis/build/icyphy/ptII/ptolemy/actor/lib/test/auto/TimedSinewave.xml
----------------- Instantiating /home/travis/build/icyphy/ptII/ptolemy/actor/lib/test/auto/TimedSinewave.xml
27 ms. Memory: 288768K Free: 116860K (40%)
----------------- Invoking toplevel() on ptolemy.moml.MoMLSimpleApplication@4625fd2c
----------------- Done invoking toplevel() on ptolemy.moml.MoMLSimpleApplication@4625fd2c
reloadAllAccessors: .TimedSinewave

===========================================================================================
----------------- testing Sun Jul 14 18:16:52 UTC 2019 /home/travis/build/icyphy/ptII/ptolemy/actor/lib/test/auto/TimedSinewavePhase.xml
----------------- Instantiating /home/travis/build/icyphy/ptII/ptolemy/actor/lib/test/auto/TimedSinewavePhase.xml
11 ms. Memory: 288768K Free: 107134K (37%)
----------------- Invoking toplevel() on ptolemy.moml.MoMLSimpleApplication@ef1279f
----------------- Done invoking toplevel() on ptolemy.moml.MoMLSimpleApplication@ef1279f
reloadAllAccessors: .TimedSinewavePhase

===========================================================================================
----------------- testing Sun Jul 14 18:16:52 UTC 2019 /home/travis/build/icyphy/ptII/ptolemy/actor/lib/test/auto/Timer.xml
----------------- Instantiating /home/travis/build/icyphy/ptII/ptolemy/actor/lib/test/auto/Timer.xml
2 ms. Memory: 288768K Free: 100990K (35%)
----------------- Invoking toplevel() on ptolemy.moml.MoMLSimpleApplication@71efe5a0
----------------- Done invoking toplevel() on ptolemy.moml.MoMLSimpleApplication@71efe5a0
reloadAllAccessors: .Timer

===========================================================================================
----------------- testing Sun Jul 14 18:16:52 UTC 2019 /home/travis/build/icyphy/ptII/ptolemy/actor/lib/test/auto/TriangularDistTestModel.xml
----------------- Instantiating /home/travis/build/icyphy/ptII/ptolemy/actor/lib/test/auto/TriangularDistTestModel.xml
2 ms. Memory: 288768K Free: 95341K (33%)
----------------- Invoking toplevel() on ptolemy.moml.MoMLSimpleApplication@441a99d8
----------------- Done invoking toplevel() on ptolemy.moml.MoMLSimpleApplication@441a99d8
reloadAllAccessors: .TriangularDistTestModel

===========================================================================================
----------------- testing Sun Jul 14 18:16:52 UTC 2019 /home/travis/build/icyphy/ptII/ptolemy/actor/lib/test/auto/TrigFunction.xml
----------------- Instantiating /home/travis/build/icyphy/ptII/ptolemy/actor/lib/test/auto/TrigFunction.xml
2 ms. Memory: 288768K Free: 90236K (31%)
----------------- Invoking toplevel() on ptolemy.moml.MoMLSimpleApplication@342633db
----------------- Done invoking toplevel() on ptolemy.moml.MoMLSimpleApplication@342633db
reloadAllAccessors: .TrigFunction

===========================================================================================
----------------- testing Sun Jul 14 18:16:52 UTC 2019 /home/travis/build/icyphy/ptII/ptolemy/actor/lib/test/auto/TrigFunctionDE.xml
----------------- Instantiating /home/travis/build/icyphy/ptII/ptolemy/actor/lib/test/auto/TrigFunctionDE.xml
2 ms. Memory: 288768K Free: 84077K (29%)
----------------- Invoking toplevel() on ptolemy.moml.MoMLSimpleApplication@9cdcae0
----------------- Done invoking toplevel() on ptolemy.moml.MoMLSimpleApplication@9cdcae0
reloadAllAccessors: .TrigFunctionDE

===========================================================================================
----------------- testing Sun Jul 14 18:16:52 UTC 2019 /home/travis/build/icyphy/ptII/ptolemy/actor/lib/test/auto/TrigFunctionInverse.xml
----------------- Instantiating /home/travis/build/icyphy/ptII/ptolemy/actor/lib/test/auto/TrigFunctionInverse.xml
2 ms. Memory: 288768K Free: 78972K (27%)
----------------- Invoking toplevel() on ptolemy.moml.MoMLSimpleApplication@75974bc1
----------------- Done invoking toplevel() on ptolemy.moml.MoMLSimpleApplication@75974bc1
reloadAllAccessors: .TrigFunctionInverse

===========================================================================================
----------------- testing Sun Jul 14 18:16:52 UTC 2019 /home/travis/build/icyphy/ptII/ptolemy/actor/lib/test/auto/TrigFunctionTan.xml
----------------- Instantiating /home/travis/build/icyphy/ptII/ptolemy/actor/lib/test/auto/TrigFunctionTan.xml
2 ms. Memory: 288768K Free: 74876K (26%)
----------------- Invoking toplevel() on ptolemy.moml.MoMLSimpleApplication@294a29bc
----------------- Done invoking toplevel() on ptolemy.moml.MoMLSimpleApplication@294a29bc
reloadAllAccessors: .TrigFunctionTan

===========================================================================================
----------------- testing Sun Jul 14 18:16:52 UTC 2019 /home/travis/build/icyphy/ptII/ptolemy/actor/lib/test/auto/TriggeredClock.xml
----------------- Instantiating /home/travis/build/icyphy/ptII/ptolemy/actor/lib/test/auto/TriggeredClock.xml
1 ms. Memory: 288768K Free: 69739K (24%)
----------------- Invoking toplevel() on ptolemy.moml.MoMLSimpleApplication@83788ae
----------------- Done invoking toplevel() on ptolemy.moml.MoMLSimpleApplication@83788ae
reloadAllAccessors: .TriggeredClock

===========================================================================================
----------------- testing Sun Jul 14 18:16:52 UTC 2019 /home/travis/build/icyphy/ptII/ptolemy/actor/lib/test/auto/URLDirectoryReader.xml
----------------- Instantiating /home/travis/build/icyphy/ptII/ptolemy/actor/lib/test/auto/URLDirectoryReader.xml
48 ms. Memory: 288768K Free: 232298K (80%)
----------------- Invoking toplevel() on ptolemy.moml.MoMLSimpleApplication@10a1ad1c
----------------- Done invoking toplevel() on ptolemy.moml.MoMLSimpleApplication@10a1ad1c
reloadAllAccessors: .URLDirectoryReader

===========================================================================================
----------------- testing Sun Jul 14 18:16:52 UTC 2019 /home/travis/build/icyphy/ptII/ptolemy/actor/lib/test/auto/URLDirectoryReader3.xml
----------------- Instantiating /home/travis/build/icyphy/ptII/ptolemy/actor/lib/test/auto/URLDirectoryReader3.xml
1147 ms. Memory: 288768K Free: 230096K (80%)
----------------- Invoking toplevel() on ptolemy.moml.MoMLSimpleApplication@6257c98c
----------------- Done invoking toplevel() on ptolemy.moml.MoMLSimpleApplication@6257c98c
reloadAllAccessors: .URLDirectoryReader3

===========================================================================================
----------------- testing Sun Jul 14 18:16:53 UTC 2019 /home/travis/build/icyphy/ptII/ptolemy/actor/lib/test/auto/UnaryMathFunction.xml
----------------- Instantiating /home/travis/build/icyphy/ptII/ptolemy/actor/lib/test/auto/UnaryMathFunction.xml
2 ms. Memory: 288768K Free: 221903K (77%)
----------------- Invoking toplevel() on ptolemy.moml.MoMLSimpleApplication@6616a15a
----------------- Done invoking toplevel() on ptolemy.moml.MoMLSimpleApplication@6616a15a
reloadAllAccessors: .UnaryMathFunction

===========================================================================================
----------------- testing Sun Jul 14 18:16:54 UTC 2019 /home/travis/build/icyphy/ptII/ptolemy/actor/lib/test/auto/Uniform.xml
----------------- Instantiating /home/travis/build/icyphy/ptII/ptolemy/actor/lib/test/auto/Uniform.xml
2 ms. Memory: 288768K Free: 217293K (75%)
----------------- Invoking toplevel() on ptolemy.moml.MoMLSimpleApplication@6f269012
----------------- Done invoking toplevel() on ptolemy.moml.MoMLSimpleApplication@6f269012
reloadAllAccessors: .Uniform

===========================================================================================
----------------- testing Sun Jul 14 18:16:54 UTC 2019 /home/travis/build/icyphy/ptII/ptolemy/actor/lib/test/auto/UnionDisassemblerTest.xml
----------------- Instantiating /home/travis/build/icyphy/ptII/ptolemy/actor/lib/test/auto/UnionDisassemblerTest.xml
10 ms. Memory: 288768K Free: 212687K (74%)
----------------- Invoking toplevel() on ptolemy.moml.MoMLSimpleApplication@7823ff07
----------------- Done invoking toplevel() on ptolemy.moml.MoMLSimpleApplication@7823ff07
reloadAllAccessors: .UnionDisassemblerTest

===========================================================================================
----------------- testing Sun Jul 14 18:16:54 UTC 2019 /home/travis/build/icyphy/ptII/ptolemy/actor/lib/test/auto/UtilityFunctions.xml
----------------- Instantiating /home/travis/build/icyphy/ptII/ptolemy/actor/lib/test/auto/UtilityFunctions.xml
1 ms. Memory: 288768K Free: 208591K (72%)
----------------- Invoking toplevel() on ptolemy.moml.MoMLSimpleApplication@3844ad77
----------------- Done invoking toplevel() on ptolemy.moml.MoMLSimpleApplication@3844ad77
reloadAllAccessors: .UtilityFunctions

===========================================================================================
----------------- testing Sun Jul 14 18:16:54 UTC 2019 /home/travis/build/icyphy/ptII/ptolemy/actor/lib/test/auto/VariableSleep.xml
----------------- Instantiating /home/travis/build/icyphy/ptII/ptolemy/actor/lib/test/auto/VariableSleep.xml
503 ms. Memory: 288768K Free: 203471K (70%)
----------------- Invoking toplevel() on ptolemy.moml.MoMLSimpleApplication@cb39254
----------------- Done invoking toplevel() on ptolemy.moml.MoMLSimpleApplication@cb39254
reloadAllAccessors: .VariableSleep

===========================================================================================
----------------- testing Sun Jul 14 18:16:54 UTC 2019 /home/travis/build/icyphy/ptII/ptolemy/actor/lib/test/auto/VectorAssemblerDisassemblerCT.xml
----------------- Instantiating /home/travis/build/icyphy/ptII/ptolemy/actor/lib/test/auto/VectorAssemblerDisassemblerCT.xml
69 ms. Memory: 288768K Free: 182477K (63%)
----------------- Invoking toplevel() on ptolemy.moml.MoMLSimpleApplication@1b6407dc
----------------- Done invoking toplevel() on ptolemy.moml.MoMLSimpleApplication@1b6407dc
reloadAllAccessors: .VectorAssemblerDisassemblerCT

===========================================================================================
----------------- testing Sun Jul 14 18:16:54 UTC 2019 /home/travis/build/icyphy/ptII/ptolemy/actor/lib/test/auto/VectorAssemblerDisassemblerDE.xml
----------------- Instantiating /home/travis/build/icyphy/ptII/ptolemy/actor/lib/test/auto/VectorAssemblerDisassemblerDE.xml
5 ms. Memory: 288768K Free: 175309K (61%)
----------------- Invoking toplevel() on ptolemy.moml.MoMLSimpleApplication@39b484b1
----------------- Done invoking toplevel() on ptolemy.moml.MoMLSimpleApplication@39b484b1
reloadAllAccessors: .VectorAssemblerDisassemblerDE

===========================================================================================
----------------- testing Sun Jul 14 18:16:54 UTC 2019 /home/travis/build/icyphy/ptII/ptolemy/actor/lib/test/auto/VectorAssemblerDisassemblerSDF.xml
----------------- Instantiating /home/travis/build/icyphy/ptII/ptolemy/actor/lib/test/auto/VectorAssemblerDisassemblerSDF.xml
3 ms. Memory: 288768K Free: 168127K (58%)
----------------- Invoking toplevel() on ptolemy.moml.MoMLSimpleApplication@1486a9ba
----------------- Done invoking toplevel() on ptolemy.moml.MoMLSimpleApplication@1486a9ba
reloadAllAccessors: .VectorAssemblerDisassemblerSDF

===========================================================================================
----------------- testing Sun Jul 14 18:16:54 UTC 2019 /home/travis/build/icyphy/ptII/ptolemy/actor/lib/test/auto/WallClockTime.xml
----------------- Instantiating /home/travis/build/icyphy/ptII/ptolemy/actor/lib/test/auto/WallClockTime.xml
1008 ms. Memory: 288768K Free: 163021K (56%)
----------------- Invoking toplevel() on ptolemy.moml.MoMLSimpleApplication@79d865f6
----------------- Done invoking toplevel() on ptolemy.moml.MoMLSimpleApplication@79d865f6
reloadAllAccessors: .WallClockTime

===========================================================================================
----------------- testing Sun Jul 14 18:16:55 UTC 2019 /home/travis/build/icyphy/ptII/ptolemy/actor/lib/test/auto/WidthTestWithSubscriberPublisher.xml
----------------- Instantiating /home/travis/build/icyphy/ptII/ptolemy/actor/lib/test/auto/WidthTestWithSubscriberPublisher.xml
13 ms. Memory: 288768K Free: 145103K (50%)
----------------- Invoking toplevel() on ptolemy.moml.MoMLSimpleApplication@57d4f540
----------------- Done invoking toplevel() on ptolemy.moml.MoMLSimpleApplication@57d4f540
reloadAllAccessors: .WidthTestWithSubscriberPublisher

===========================================================================================
----------------- testing Sun Jul 14 18:16:55 UTC 2019 /home/travis/build/icyphy/ptII/ptolemy/actor/lib/test/auto/WidthTestWithSubscriberPublisher2.xml
----------------- Instantiating /home/travis/build/icyphy/ptII/ptolemy/actor/lib/test/auto/WidthTestWithSubscriberPublisher2.xml
3 ms. Memory: 288768K Free: 138445K (48%)
----------------- Invoking toplevel() on ptolemy.moml.MoMLSimpleApplication@4e32bbc9
----------------- Done invoking toplevel() on ptolemy.moml.MoMLSimpleApplication@4e32bbc9
reloadAllAccessors: .WidthTestWithSubscriberPublisher2

===========================================================================================
----------------- testing Sun Jul 14 18:16:55 UTC 2019 /home/travis/build/icyphy/ptII/ptolemy/actor/lib/test/auto/WidthTestWithSubscriberPublisher3.xml
----------------- Instantiating /home/travis/build/icyphy/ptII/ptolemy/actor/lib/test/auto/WidthTestWithSubscriberPublisher3.xml
4 ms. Memory: 288768K Free: 132815K (46%)
----------------- Invoking toplevel() on ptolemy.moml.MoMLSimpleApplication@33cfbb71
----------------- Done invoking toplevel() on ptolemy.moml.MoMLSimpleApplication@33cfbb71
reloadAllAccessors: .WidthTestWithSubscriberPublisher3

===========================================================================================
----------------- testing Sun Jul 14 18:16:55 UTC 2019 /home/travis/build/icyphy/ptII/ptolemy/actor/lib/test/auto/Writer.xml
----------------- Instantiating /home/travis/build/icyphy/ptII/ptolemy/actor/lib/test/auto/Writer.xml
0
1
2
3
4
1 ms. Memory: 288768K Free: 128191K (44%)
----------------- Invoking toplevel() on ptolemy.moml.MoMLSimpleApplication@68e5ec3f
----------------- Done invoking toplevel() on ptolemy.moml.MoMLSimpleApplication@68e5ec3f
reloadAllAccessors: .Writer

===========================================================================================
----------------- testing Sun Jul 14 18:16:55 UTC 2019 /home/travis/build/icyphy/ptII/ptolemy/actor/lib/test/auto/array.xml
----------------- Instantiating /home/travis/build/icyphy/ptII/ptolemy/actor/lib/test/auto/array.xml
3 ms. Memory: 288768K Free: 123599K (43%)
----------------- Invoking toplevel() on ptolemy.moml.MoMLSimpleApplication@77e54f7e
----------------- Done invoking toplevel() on ptolemy.moml.MoMLSimpleApplication@77e54f7e
reloadAllAccessors: .array

===========================================================================================
----------------- testing Sun Jul 14 18:16:55 UTC 2019 /home/travis/build/icyphy/ptII/ptolemy/actor/lib/test/auto/array2.xml
----------------- Instantiating /home/travis/build/icyphy/ptII/ptolemy/actor/lib/test/auto/array2.xml
3 ms. Memory: 288768K Free: 117951K (41%)
----------------- Invoking toplevel() on ptolemy.moml.MoMLSimpleApplication@7bde1296
----------------- Done invoking toplevel() on ptolemy.moml.MoMLSimpleApplication@7bde1296
reloadAllAccessors: .array2

===========================================================================================
----------------- testing Sun Jul 14 18:16:55 UTC 2019 /home/travis/build/icyphy/ptII/ptolemy/actor/lib/test/auto/arrayType.xml
----------------- Instantiating /home/travis/build/icyphy/ptII/ptolemy/actor/lib/test/auto/arrayType.xml
1 ms. Memory: 288768K Free: 112845K (39%)
----------------- Invoking toplevel() on ptolemy.moml.MoMLSimpleApplication@7b0de886
----------------- Done invoking toplevel() on ptolemy.moml.MoMLSimpleApplication@7b0de886
reloadAllAccessors: .arrayType

===========================================================================================
----------------- testing Sun Jul 14 18:16:55 UTC 2019 /home/travis/build/icyphy/ptII/ptolemy/actor/lib/test/auto/arrayType10.xml
----------------- Instantiating /home/travis/build/icyphy/ptII/ptolemy/actor/lib/test/auto/arrayType10.xml
2 ms. Memory: 288768K Free: 108239K (37%)
----------------- Invoking toplevel() on ptolemy.moml.MoMLSimpleApplication@211ec6d2
----------------- Done invoking toplevel() on ptolemy.moml.MoMLSimpleApplication@211ec6d2
reloadAllAccessors: .arrayType10

===========================================================================================
----------------- testing Sun Jul 14 18:16:55 UTC 2019 /home/travis/build/icyphy/ptII/ptolemy/actor/lib/test/auto/arrayType11.xml
----------------- Instantiating /home/travis/build/icyphy/ptII/ptolemy/actor/lib/test/auto/arrayType11.xml
1 ms. Memory: 288768K Free: 103119K (36%)
----------------- Invoking toplevel() on ptolemy.moml.MoMLSimpleApplication@3a2c4012
----------------- Done invoking toplevel() on ptolemy.moml.MoMLSimpleApplication@3a2c4012
reloadAllAccessors: .arrayType11

===========================================================================================
----------------- testing Sun Jul 14 18:16:55 UTC 2019 /home/travis/build/icyphy/ptII/ptolemy/actor/lib/test/auto/arrayType12.xml
----------------- Instantiating /home/travis/build/icyphy/ptII/ptolemy/actor/lib/test/auto/arrayType12.xml
1 ms. Memory: 288768K Free: 98495K (34%)
----------------- Invoking toplevel() on ptolemy.moml.MoMLSimpleApplication@40ae1773
----------------- Done invoking toplevel() on ptolemy.moml.MoMLSimpleApplication@40ae1773
reloadAllAccessors: .arrayType12

===========================================================================================
----------------- testing Sun Jul 14 18:16:55 UTC 2019 /home/travis/build/icyphy/ptII/ptolemy/actor/lib/test/auto/arrayType13.xml
----------------- Instantiating /home/travis/build/icyphy/ptII/ptolemy/actor/lib/test/auto/arrayType13.xml
2 ms. Memory: 288768K Free: 91855K (32%)
----------------- Invoking toplevel() on ptolemy.moml.MoMLSimpleApplication@59af8b12
----------------- Done invoking toplevel() on ptolemy.moml.MoMLSimpleApplication@59af8b12
reloadAllAccessors: .arrayType13

===========================================================================================
----------------- testing Sun Jul 14 18:16:55 UTC 2019 /home/travis/build/icyphy/ptII/ptolemy/actor/lib/test/auto/arrayType14.xml
----------------- Instantiating /home/travis/build/icyphy/ptII/ptolemy/actor/lib/test/auto/arrayType14.xml
1 ms. Memory: 288768K Free: 86735K (30%)
----------------- Invoking toplevel() on ptolemy.moml.MoMLSimpleApplication@771d7f39
----------------- Done invoking toplevel() on ptolemy.moml.MoMLSimpleApplication@771d7f39
reloadAllAccessors: .arrayType14

===========================================================================================
----------------- testing Sun Jul 14 18:16:55 UTC 2019 /home/travis/build/icyphy/ptII/ptolemy/actor/lib/test/auto/arrayType15.xml
----------------- Instantiating /home/travis/build/icyphy/ptII/ptolemy/actor/lib/test/auto/arrayType15.xml
6 ms. Memory: 288768K Free: 81101K (28%)
----------------- Invoking toplevel() on ptolemy.moml.MoMLSimpleApplication@55cfae3e
----------------- Done invoking toplevel() on ptolemy.moml.MoMLSimpleApplication@55cfae3e
reloadAllAccessors: .arrayType15

===========================================================================================
----------------- testing Sun Jul 14 18:16:56 UTC 2019 /home/travis/build/icyphy/ptII/ptolemy/actor/lib/test/auto/arrayType16.xml
----------------- Instantiating /home/travis/build/icyphy/ptII/ptolemy/actor/lib/test/auto/arrayType16.xml
1 ms. Memory: 288768K Free: 75981K (26%)
----------------- Invoking toplevel() on ptolemy.moml.MoMLSimpleApplication@76e95c06
----------------- Done invoking toplevel() on ptolemy.moml.MoMLSimpleApplication@76e95c06
reloadAllAccessors: .arrayType16

===========================================================================================
----------------- testing Sun Jul 14 18:16:56 UTC 2019 /home/travis/build/icyphy/ptII/ptolemy/actor/lib/test/auto/arrayType17.xml
----------------- Instantiating /home/travis/build/icyphy/ptII/ptolemy/actor/lib/test/auto/arrayType17.xml
1 ms. Memory: 288768K Free: 70351K (24%)
----------------- Invoking toplevel() on ptolemy.moml.MoMLSimpleApplication@c95e396
----------------- Done invoking toplevel() on ptolemy.moml.MoMLSimpleApplication@c95e396
reloadAllAccessors: .arrayType17

===========================================================================================
----------------- testing Sun Jul 14 18:16:56 UTC 2019 /home/travis/build/icyphy/ptII/ptolemy/actor/lib/test/auto/arrayType18.xml
----------------- Instantiating /home/travis/build/icyphy/ptII/ptolemy/actor/lib/test/auto/arrayType18.xml
20 ms. Memory: 288768K Free: 234413K (81%)
----------------- Invoking toplevel() on ptolemy.moml.MoMLSimpleApplication@6b7f7ba1
----------------- Done invoking toplevel() on ptolemy.moml.MoMLSimpleApplication@6b7f7ba1
reloadAllAccessors: .arrayType18

===========================================================================================
----------------- testing Sun Jul 14 18:16:56 UTC 2019 /home/travis/build/icyphy/ptII/ptolemy/actor/lib/test/auto/arrayType19.xml
----------------- Instantiating /home/travis/build/icyphy/ptII/ptolemy/actor/lib/test/auto/arrayType19.xml
2 ms. Memory: 288768K Free: 229292K (79%)
----------------- Invoking toplevel() on ptolemy.moml.MoMLSimpleApplication@40ec7dba
----------------- Done invoking toplevel() on ptolemy.moml.MoMLSimpleApplication@40ec7dba
reloadAllAccessors: .arrayType19

===========================================================================================
----------------- testing Sun Jul 14 18:16:56 UTC 2019 /home/travis/build/icyphy/ptII/ptolemy/actor/lib/test/auto/arrayType2.xml
----------------- Instantiating /home/travis/build/icyphy/ptII/ptolemy/actor/lib/test/auto/arrayType2.xml
10 ms. Memory: 288768K Free: 223658K (77%)
----------------- Invoking toplevel() on ptolemy.moml.MoMLSimpleApplication@64f011a3
----------------- Done invoking toplevel() on ptolemy.moml.MoMLSimpleApplication@64f011a3
reloadAllAccessors: .arrayType2

===========================================================================================
----------------- testing Sun Jul 14 18:16:56 UTC 2019 /home/travis/build/icyphy/ptII/ptolemy/actor/lib/test/auto/arrayType20.xml
----------------- Instantiating /home/travis/build/icyphy/ptII/ptolemy/actor/lib/test/auto/arrayType20.xml
1 ms. Memory: 288768K Free: 219052K (76%)
----------------- Invoking toplevel() on ptolemy.moml.MoMLSimpleApplication@1af02da3
----------------- Done invoking toplevel() on ptolemy.moml.MoMLSimpleApplication@1af02da3
reloadAllAccessors: .arrayType20

===========================================================================================
----------------- testing Sun Jul 14 18:16:56 UTC 2019 /home/travis/build/icyphy/ptII/ptolemy/actor/lib/test/auto/arrayType21.xml
----------------- Instantiating /home/travis/build/icyphy/ptII/ptolemy/actor/lib/test/auto/arrayType21.xml
1 ms. Memory: 288768K Free: 213932K (74%)
----------------- Invoking toplevel() on ptolemy.moml.MoMLSimpleApplication@8393d69
----------------- Done invoking toplevel() on ptolemy.moml.MoMLSimpleApplication@8393d69
reloadAllAccessors: .arrayType21

===========================================================================================
----------------- testing Sun Jul 14 18:16:56 UTC 2019 /home/travis/build/icyphy/ptII/ptolemy/actor/lib/test/auto/arrayType22.xml
----------------- Instantiating /home/travis/build/icyphy/ptII/ptolemy/actor/lib/test/auto/arrayType22.xml
2 ms. Memory: 288768K Free: 209322K (72%)
----------------- Invoking toplevel() on ptolemy.moml.MoMLSimpleApplication@899583a
----------------- Done invoking toplevel() on ptolemy.moml.MoMLSimpleApplication@899583a
reloadAllAccessors: .arrayType22

===========================================================================================
----------------- testing Sun Jul 14 18:16:56 UTC 2019 /home/travis/build/icyphy/ptII/ptolemy/actor/lib/test/auto/arrayType23.xml
----------------- Instantiating /home/travis/build/icyphy/ptII/ptolemy/actor/lib/test/auto/arrayType23.xml
1 ms. Memory: 288768K Free: 204202K (71%)
----------------- Invoking toplevel() on ptolemy.moml.MoMLSimpleApplication@458d9aee
----------------- Done invoking toplevel() on ptolemy.moml.MoMLSimpleApplication@458d9aee
reloadAllAccessors: .arrayType23

===========================================================================================
----------------- testing Sun Jul 14 18:16:56 UTC 2019 /home/travis/build/icyphy/ptII/ptolemy/actor/lib/test/auto/arrayType24.xml
----------------- Instantiating /home/travis/build/icyphy/ptII/ptolemy/actor/lib/test/auto/arrayType24.xml
2 ms. Memory: 288768K Free: 199594K (69%)
----------------- Invoking toplevel() on ptolemy.moml.MoMLSimpleApplication@18c16368
----------------- Done invoking toplevel() on ptolemy.moml.MoMLSimpleApplication@18c16368
reloadAllAccessors: .arrayType24

===========================================================================================
----------------- testing Sun Jul 14 18:16:56 UTC 2019 /home/travis/build/icyphy/ptII/ptolemy/actor/lib/test/auto/arrayType25.xml
----------------- Instantiating /home/travis/build/icyphy/ptII/ptolemy/actor/lib/test/auto/arrayType25.xml
1 ms. Memory: 288768K Free: 193962K (67%)
----------------- Invoking toplevel() on ptolemy.moml.MoMLSimpleApplication@6f264dc4
----------------- Done invoking toplevel() on ptolemy.moml.MoMLSimpleApplication@6f264dc4
reloadAllAccessors: .arrayType25

===========================================================================================
----------------- testing Sun Jul 14 18:16:56 UTC 2019 /home/travis/build/icyphy/ptII/ptolemy/actor/lib/test/auto/arrayType26.xml
----------------- Instantiating /home/travis/build/icyphy/ptII/ptolemy/actor/lib/test/auto/arrayType26.xml
2 ms. Memory: 288768K Free: 188842K (65%)
----------------- Invoking toplevel() on ptolemy.moml.MoMLSimpleApplication@7231b342
----------------- Done invoking toplevel() on ptolemy.moml.MoMLSimpleApplication@7231b342
reloadAllAccessors: .arrayType26

===========================================================================================
----------------- testing Sun Jul 14 18:16:56 UTC 2019 /home/travis/build/icyphy/ptII/ptolemy/actor/lib/test/auto/arrayType27.xml
----------------- Instantiating /home/travis/build/icyphy/ptII/ptolemy/actor/lib/test/auto/arrayType27.xml
3 ms. Memory: 288768K Free: 183212K (63%)
----------------- Invoking toplevel() on ptolemy.moml.MoMLSimpleApplication@1edcd49e
----------------- Done invoking toplevel() on ptolemy.moml.MoMLSimpleApplication@1edcd49e
reloadAllAccessors: .arrayType27

===========================================================================================
----------------- testing Sun Jul 14 18:16:56 UTC 2019 /home/travis/build/icyphy/ptII/ptolemy/actor/lib/test/auto/arrayType28.xml
----------------- Instantiating /home/travis/build/icyphy/ptII/ptolemy/actor/lib/test/auto/arrayType28.xml
2 ms. Memory: 288768K Free: 178092K (62%)
----------------- Invoking toplevel() on ptolemy.moml.MoMLSimpleApplication@4af2e287
----------------- Done invoking toplevel() on ptolemy.moml.MoMLSimpleApplication@4af2e287
reloadAllAccessors: .arrayType28

===========================================================================================
----------------- testing Sun Jul 14 18:16:56 UTC 2019 /home/travis/build/icyphy/ptII/ptolemy/actor/lib/test/auto/arrayType3.xml
----------------- Instantiating /home/travis/build/icyphy/ptII/ptolemy/actor/lib/test/auto/arrayType3.xml
2 ms. Memory: 288768K Free: 172458K (60%)
----------------- Invoking toplevel() on ptolemy.moml.MoMLSimpleApplication@c26d1c1
----------------- Done invoking toplevel() on ptolemy.moml.MoMLSimpleApplication@c26d1c1
reloadAllAccessors: .arrayType3

===========================================================================================
----------------- testing Sun Jul 14 18:16:56 UTC 2019 /home/travis/build/icyphy/ptII/ptolemy/actor/lib/test/auto/arrayType4.xml
----------------- Instantiating /home/travis/build/icyphy/ptII/ptolemy/actor/lib/test/auto/arrayType4.xml
2 ms. Memory: 288768K Free: 167338K (58%)
----------------- Invoking toplevel() on ptolemy.moml.MoMLSimpleApplication@9fc368b
----------------- Done invoking toplevel() on ptolemy.moml.MoMLSimpleApplication@9fc368b
reloadAllAccessors: .arrayType4

===========================================================================================
----------------- testing Sun Jul 14 18:16:56 UTC 2019 /home/travis/build/icyphy/ptII/ptolemy/actor/lib/test/auto/arrayType5.xml
----------------- Instantiating /home/travis/build/icyphy/ptII/ptolemy/actor/lib/test/auto/arrayType5.xml
2 ms. Memory: 288768K Free: 161708K (56%)
----------------- Invoking toplevel() on ptolemy.moml.MoMLSimpleApplication@500ec170
----------------- Done invoking toplevel() on ptolemy.moml.MoMLSimpleApplication@500ec170
reloadAllAccessors: .arrayType5

===========================================================================================
----------------- testing Sun Jul 14 18:16:56 UTC 2019 /home/travis/build/icyphy/ptII/ptolemy/actor/lib/test/auto/arrayType6.xml
----------------- Instantiating /home/travis/build/icyphy/ptII/ptolemy/actor/lib/test/auto/arrayType6.xml
1 ms. Memory: 288768K Free: 157098K (54%)
----------------- Invoking toplevel() on ptolemy.moml.MoMLSimpleApplication@1c891512
----------------- Done invoking toplevel() on ptolemy.moml.MoMLSimpleApplication@1c891512
reloadAllAccessors: .arrayType6

===========================================================================================
----------------- testing Sun Jul 14 18:16:56 UTC 2019 /home/travis/build/icyphy/ptII/ptolemy/actor/lib/test/auto/arrayType7.xml
----------------- Instantiating /home/travis/build/icyphy/ptII/ptolemy/actor/lib/test/auto/arrayType7.xml
1 ms. Memory: 288768K Free: 151978K (53%)
----------------- Invoking toplevel() on ptolemy.moml.MoMLSimpleApplication@79f09b3
----------------- Done invoking toplevel() on ptolemy.moml.MoMLSimpleApplication@79f09b3
reloadAllAccessors: .arrayType7

===========================================================================================
----------------- testing Sun Jul 14 18:16:56 UTC 2019 /home/travis/build/icyphy/ptII/ptolemy/actor/lib/test/auto/arrayType8.xml
----------------- Instantiating /home/travis/build/icyphy/ptII/ptolemy/actor/lib/test/auto/arrayType8.xml
6 ms. Memory: 288768K Free: 147370K (51%)
----------------- Invoking toplevel() on ptolemy.moml.MoMLSimpleApplication@4b1478e8
----------------- Done invoking toplevel() on ptolemy.moml.MoMLSimpleApplication@4b1478e8
reloadAllAccessors: .arrayType8

===========================================================================================
----------------- testing Sun Jul 14 18:16:56 UTC 2019 /home/travis/build/icyphy/ptII/ptolemy/actor/lib/test/auto/arrayType9.xml
----------------- Instantiating /home/travis/build/icyphy/ptII/ptolemy/actor/lib/test/auto/arrayType9.xml
1 ms. Memory: 288768K Free: 142252K (49%)
----------------- Invoking toplevel() on ptolemy.moml.MoMLSimpleApplication@a082b69
----------------- Done invoking toplevel() on ptolemy.moml.MoMLSimpleApplication@a082b69
reloadAllAccessors: .arrayType9

===========================================================================================
----------------- testing Sun Jul 14 18:16:56 UTC 2019 /home/travis/build/icyphy/ptII/ptolemy/actor/lib/test/auto/cast.xml
----------------- Instantiating /home/travis/build/icyphy/ptII/ptolemy/actor/lib/test/auto/cast.xml
2 ms. Memory: 288768K Free: 137642K (48%)
----------------- Invoking toplevel() on ptolemy.moml.MoMLSimpleApplication@2cafcb40
----------------- Done invoking toplevel() on ptolemy.moml.MoMLSimpleApplication@2cafcb40
reloadAllAccessors: .cast

===========================================================================================
----------------- testing Sun Jul 14 18:16:56 UTC 2019 /home/travis/build/icyphy/ptII/ptolemy/actor/lib/test/auto/compositeMultiPort.xml
----------------- Instantiating /home/travis/build/icyphy/ptII/ptolemy/actor/lib/test/auto/compositeMultiPort.xml
4 ms. Memory: 288768K Free: 128420K (44%)
----------------- Invoking toplevel() on ptolemy.moml.MoMLSimpleApplication@7cb9d9ed
----------------- Done invoking toplevel() on ptolemy.moml.MoMLSimpleApplication@7cb9d9ed
reloadAllAccessors: .compositeMultiPort

===========================================================================================
----------------- testing Sun Jul 14 18:16:56 UTC 2019 /home/travis/build/icyphy/ptII/ptolemy/actor/lib/test/auto/expressionCastInference.xml
----------------- Instantiating /home/travis/build/icyphy/ptII/ptolemy/actor/lib/test/auto/expressionCastInference.xml
3 ms. Memory: 288768K Free: 123820K (43%)
----------------- Invoking toplevel() on ptolemy.moml.MoMLSimpleApplication@314cf43
----------------- Done invoking toplevel() on ptolemy.moml.MoMLSimpleApplication@314cf43
reloadAllAccessors: .expressionCastInference

===========================================================================================
----------------- testing Sun Jul 14 18:16:56 UTC 2019 /home/travis/build/icyphy/ptII/ptolemy/actor/lib/test/auto/expressionCastInference2.xml
----------------- Instantiating /home/travis/build/icyphy/ptII/ptolemy/actor/lib/test/auto/expressionCastInference2.xml
2 ms. Memory: 288768K Free: 118700K (41%)
----------------- Invoking toplevel() on ptolemy.moml.MoMLSimpleApplication@1ba43b2f
----------------- Done invoking toplevel() on ptolemy.moml.MoMLSimpleApplication@1ba43b2f
reloadAllAccessors: .expressionCastInference2

===========================================================================================
----------------- testing Sun Jul 14 18:16:56 UTC 2019 /home/travis/build/icyphy/ptII/ptolemy/actor/lib/test/auto/expressionInference.xml
----------------- Instantiating /home/travis/build/icyphy/ptII/ptolemy/actor/lib/test/auto/expressionInference.xml
2 ms. Memory: 288768K Free: 114604K (40%)
----------------- Invoking toplevel() on ptolemy.moml.MoMLSimpleApplication@120d9674
----------------- Done invoking toplevel() on ptolemy.moml.MoMLSimpleApplication@120d9674
reloadAllAccessors: .expressionInference

===========================================================================================
----------------- testing Sun Jul 14 18:16:56 UTC 2019 /home/travis/build/icyphy/ptII/ptolemy/actor/lib/test/auto/expression_bug.xml
----------------- Instantiating /home/travis/build/icyphy/ptII/ptolemy/actor/lib/test/auto/expression_bug.xml
2 ms. Memory: 288768K Free: 109994K (38%)
----------------- Invoking toplevel() on ptolemy.moml.MoMLSimpleApplication@506603ca
----------------- Done invoking toplevel() on ptolemy.moml.MoMLSimpleApplication@506603ca
reloadAllAccessors: .expression_bug

===========================================================================================
----------------- testing Sun Jul 14 18:16:56 UTC 2019 /home/travis/build/icyphy/ptII/ptolemy/actor/lib/test/auto/factorial.xml
----------------- Instantiating /home/travis/build/icyphy/ptII/ptolemy/actor/lib/test/auto/factorial.xml
31 ms. Memory: 288768K Free: 101292K (35%)
----------------- Invoking toplevel() on ptolemy.moml.MoMLSimpleApplication@4c825590
----------------- Done invoking toplevel() on ptolemy.moml.MoMLSimpleApplication@4c825590
reloadAllAccessors: .factorial

===========================================================================================
----------------- testing Sun Jul 14 18:16:56 UTC 2019 /home/travis/build/icyphy/ptII/ptolemy/actor/lib/test/auto/filterTest1.xml
----------------- Instantiating /home/travis/build/icyphy/ptII/ptolemy/actor/lib/test/auto/filterTest1.xml
3 ms. Memory: 288768K Free: 95148K (33%)
----------------- Invoking toplevel() on ptolemy.moml.MoMLSimpleApplication@633e4286
----------------- Done invoking toplevel() on ptolemy.moml.MoMLSimpleApplication@633e4286
reloadAllAccessors: .filterTest1

===========================================================================================
----------------- testing Sun Jul 14 18:16:56 UTC 2019 /home/travis/build/icyphy/ptII/ptolemy/actor/lib/test/auto/funcApplyInConst.xml
----------------- Instantiating /home/travis/build/icyphy/ptII/ptolemy/actor/lib/test/auto/funcApplyInConst.xml
1 ms. Memory: 288768K Free: 91562K (32%)
----------------- Invoking toplevel() on ptolemy.moml.MoMLSimpleApplication@50a878f
----------------- Done invoking toplevel() on ptolemy.moml.MoMLSimpleApplication@50a878f
reloadAllAccessors: .funcApplyInConst

===========================================================================================
----------------- testing Sun Jul 14 18:16:56 UTC 2019 /home/travis/build/icyphy/ptII/ptolemy/actor/lib/test/auto/funcApplyInExpr.xml
----------------- Instantiating /home/travis/build/icyphy/ptII/ptolemy/actor/lib/test/auto/funcApplyInExpr.xml
1 ms. Memory: 288768K Free: 87466K (30%)
----------------- Invoking toplevel() on ptolemy.moml.MoMLSimpleApplication@3fc84d5a
----------------- Done invoking toplevel() on ptolemy.moml.MoMLSimpleApplication@3fc84d5a
reloadAllAccessors: .funcApplyInExpr

===========================================================================================
----------------- testing Sun Jul 14 18:16:56 UTC 2019 /home/travis/build/icyphy/ptII/ptolemy/actor/lib/test/auto/function.xml
----------------- Instantiating /home/travis/build/icyphy/ptII/ptolemy/actor/lib/test/auto/function.xml
2 ms. Memory: 288768K Free: 82860K (29%)
----------------- Invoking toplevel() on ptolemy.moml.MoMLSimpleApplication@2304ecee
----------------- Done invoking toplevel() on ptolemy.moml.MoMLSimpleApplication@2304ecee
reloadAllAccessors: .function

===========================================================================================
----------------- testing Sun Jul 14 18:16:56 UTC 2019 /home/travis/build/icyphy/ptII/ptolemy/actor/lib/test/auto/function2.xml
----------------- Instantiating /home/travis/build/icyphy/ptII/ptolemy/actor/lib/test/auto/function2.xml
3 ms. Memory: 288768K Free: 77740K (27%)
----------------- Invoking toplevel() on ptolemy.moml.MoMLSimpleApplication@6099c6d4
----------------- Done invoking toplevel() on ptolemy.moml.MoMLSimpleApplication@6099c6d4
reloadAllAccessors: .function2

===========================================================================================
----------------- testing Sun Jul 14 18:16:56 UTC 2019 /home/travis/build/icyphy/ptII/ptolemy/actor/lib/test/auto/function3.xml
----------------- Instantiating /home/travis/build/icyphy/ptII/ptolemy/actor/lib/test/auto/function3.xml
2 ms. Memory: 288768K Free: 74154K (26%)
----------------- Invoking toplevel() on ptolemy.moml.MoMLSimpleApplication@ccffa17
----------------- Done invoking toplevel() on ptolemy.moml.MoMLSimpleApplication@ccffa17
reloadAllAccessors: .function3

===========================================================================================
----------------- testing Sun Jul 14 18:16:56 UTC 2019 /home/travis/build/icyphy/ptII/ptolemy/actor/lib/test/auto/functionClosureTest1.xml
----------------- Instantiating /home/travis/build/icyphy/ptII/ptolemy/actor/lib/test/auto/functionClosureTest1.xml
1 ms. Memory: 288768K Free: 68010K (24%)
----------------- Invoking toplevel() on ptolemy.moml.MoMLSimpleApplication@678a1b9a
----------------- Done invoking toplevel() on ptolemy.moml.MoMLSimpleApplication@678a1b9a
reloadAllAccessors: .functionClosureTest1

===========================================================================================
----------------- testing Sun Jul 14 18:16:56 UTC 2019 /home/travis/build/icyphy/ptII/ptolemy/actor/lib/test/auto/functionClosureTest2.xml
----------------- Instantiating /home/travis/build/icyphy/ptII/ptolemy/actor/lib/test/auto/functionClosureTest2.xml
1 ms. Memory: 288768K Free: 233157K (81%)
----------------- Invoking toplevel() on ptolemy.moml.MoMLSimpleApplication@30e6b704
----------------- Done invoking toplevel() on ptolemy.moml.MoMLSimpleApplication@30e6b704
reloadAllAccessors: .functionClosureTest2

===========================================================================================
----------------- testing Sun Jul 14 18:16:56 UTC 2019 /home/travis/build/icyphy/ptII/ptolemy/actor/lib/test/auto/functionClosureTest3.xml
----------------- Instantiating /home/travis/build/icyphy/ptII/ptolemy/actor/lib/test/auto/functionClosureTest3.xml
2 ms. Memory: 288768K Free: 227509K (79%)
----------------- Invoking toplevel() on ptolemy.moml.MoMLSimpleApplication@7464b4f6
----------------- Done invoking toplevel() on ptolemy.moml.MoMLSimpleApplication@7464b4f6
reloadAllAccessors: .functionClosureTest3

===========================================================================================
----------------- testing Sun Jul 14 18:16:56 UTC 2019 /home/travis/build/icyphy/ptII/ptolemy/actor/lib/test/auto/functionClosureTest4.xml
----------------- Instantiating /home/travis/build/icyphy/ptII/ptolemy/actor/lib/test/auto/functionClosureTest4.xml
4 ms. Memory: 288768K Free: 220869K (76%)
----------------- Invoking toplevel() on ptolemy.moml.MoMLSimpleApplication@15a09a37
----------------- Done invoking toplevel() on ptolemy.moml.MoMLSimpleApplication@15a09a37
reloadAllAccessors: .functionClosureTest4

===========================================================================================
----------------- testing Sun Jul 14 18:16:56 UTC 2019 /home/travis/build/icyphy/ptII/ptolemy/actor/lib/test/auto/functionClosureTest5.xml
----------------- Instantiating /home/travis/build/icyphy/ptII/ptolemy/actor/lib/test/auto/functionClosureTest5.xml
4 ms. Memory: 288768K Free: 215749K (75%)
----------------- Invoking toplevel() on ptolemy.moml.MoMLSimpleApplication@74e91aff
----------------- Done invoking toplevel() on ptolemy.moml.MoMLSimpleApplication@74e91aff
reloadAllAccessors: .functionClosureTest5

===========================================================================================
----------------- testing Sun Jul 14 18:16:56 UTC 2019 /home/travis/build/icyphy/ptII/ptolemy/actor/lib/test/auto/functionClosureTest6.xml
----------------- Instantiating /home/travis/build/icyphy/ptII/ptolemy/actor/lib/test/auto/functionClosureTest6.xml
2 ms. Memory: 288768K Free: 210629K (73%)
----------------- Invoking toplevel() on ptolemy.moml.MoMLSimpleApplication@4131f27f
----------------- Done invoking toplevel() on ptolemy.moml.MoMLSimpleApplication@4131f27f
reloadAllAccessors: .functionClosureTest6

===========================================================================================
----------------- testing Sun Jul 14 18:16:56 UTC 2019 /home/travis/build/icyphy/ptII/ptolemy/actor/lib/test/auto/functionsOnArcs.xml
----------------- Instantiating /home/travis/build/icyphy/ptII/ptolemy/actor/lib/test/auto/functionsOnArcs.xml
1 ms. Memory: 288768K Free: 205509K (71%)
----------------- Invoking toplevel() on ptolemy.moml.MoMLSimpleApplication@3a9af29c
----------------- Done invoking toplevel() on ptolemy.moml.MoMLSimpleApplication@3a9af29c
reloadAllAccessors: .functionsOnArcs

===========================================================================================
----------------- testing Sun Jul 14 18:16:56 UTC 2019 /home/travis/build/icyphy/ptII/ptolemy/actor/lib/test/auto/functionsOnArcsHOF.xml
----------------- Instantiating /home/travis/build/icyphy/ptII/ptolemy/actor/lib/test/auto/functionsOnArcsHOF.xml
4 ms. Memory: 288768K Free: 199365K (69%)
----------------- Invoking toplevel() on ptolemy.moml.MoMLSimpleApplication@606b3b4b
----------------- Done invoking toplevel() on ptolemy.moml.MoMLSimpleApplication@606b3b4b
reloadAllAccessors: .functionsOnArcsHOF

===========================================================================================
----------------- testing Sun Jul 14 18:16:56 UTC 2019 /home/travis/build/icyphy/ptII/ptolemy/actor/lib/test/auto/logic.xml
----------------- Instantiating /home/travis/build/icyphy/ptII/ptolemy/actor/lib/test/auto/logic.xml
2 ms. Memory: 288768K Free: 192197K (67%)
----------------- Invoking toplevel() on ptolemy.moml.MoMLSimpleApplication@749f2c08
----------------- Done invoking toplevel() on ptolemy.moml.MoMLSimpleApplication@749f2c08
reloadAllAccessors: .logic

===========================================================================================
----------------- testing Sun Jul 14 18:16:56 UTC 2019 /home/travis/build/icyphy/ptII/ptolemy/actor/lib/test/auto/matrixType.xml
----------------- Instantiating /home/travis/build/icyphy/ptII/ptolemy/actor/lib/test/auto/matrixType.xml
1 ms. Memory: 288768K Free: 186563K (65%)
----------------- Invoking toplevel() on ptolemy.moml.MoMLSimpleApplication@6cf8fe1
----------------- Done invoking toplevel() on ptolemy.moml.MoMLSimpleApplication@6cf8fe1
reloadAllAccessors: .matrixType

===========================================================================================
----------------- testing Sun Jul 14 18:16:56 UTC 2019 /home/travis/build/icyphy/ptII/ptolemy/actor/lib/test/auto/matrixType10.xml
----------------- Instantiating /home/travis/build/icyphy/ptII/ptolemy/actor/lib/test/auto/matrixType10.xml
2 ms. Memory: 288768K Free: 181957K (63%)
----------------- Invoking toplevel() on ptolemy.moml.MoMLSimpleApplication@4485c385
----------------- Done invoking toplevel() on ptolemy.moml.MoMLSimpleApplication@4485c385
reloadAllAccessors: .matrixType10

===========================================================================================
----------------- testing Sun Jul 14 18:16:56 UTC 2019 /home/travis/build/icyphy/ptII/ptolemy/actor/lib/test/auto/matrixType11.xml
----------------- Instantiating /home/travis/build/icyphy/ptII/ptolemy/actor/lib/test/auto/matrixType11.xml
2 ms. Memory: 288768K Free: 176837K (61%)
----------------- Invoking toplevel() on ptolemy.moml.MoMLSimpleApplication@2dc6de92
----------------- Done invoking toplevel() on ptolemy.moml.MoMLSimpleApplication@2dc6de92
reloadAllAccessors: .matrixType11

===========================================================================================
----------------- testing Sun Jul 14 18:16:56 UTC 2019 /home/travis/build/icyphy/ptII/ptolemy/actor/lib/test/auto/matrixType12.xml
----------------- Instantiating /home/travis/build/icyphy/ptII/ptolemy/actor/lib/test/auto/matrixType12.xml
1 ms. Memory: 288768K Free: 171717K (59%)
----------------- Invoking toplevel() on ptolemy.moml.MoMLSimpleApplication@1f4f780e
----------------- Done invoking toplevel() on ptolemy.moml.MoMLSimpleApplication@1f4f780e
reloadAllAccessors: .matrixType12

===========================================================================================
----------------- testing Sun Jul 14 18:16:56 UTC 2019 /home/travis/build/icyphy/ptII/ptolemy/actor/lib/test/auto/matrixType13.xml
----------------- Instantiating /home/travis/build/icyphy/ptII/ptolemy/actor/lib/test/auto/matrixType13.xml
1 ms. Memory: 288768K Free: 167107K (58%)
----------------- Invoking toplevel() on ptolemy.moml.MoMLSimpleApplication@1e6d4455
----------------- Done invoking toplevel() on ptolemy.moml.MoMLSimpleApplication@1e6d4455
reloadAllAccessors: .matrixType13

===========================================================================================
----------------- testing Sun Jul 14 18:16:56 UTC 2019 /home/travis/build/icyphy/ptII/ptolemy/actor/lib/test/auto/matrixType14.xml
----------------- Instantiating /home/travis/build/icyphy/ptII/ptolemy/actor/lib/test/auto/matrixType14.xml
2 ms. Memory: 288768K Free: 161987K (56%)
----------------- Invoking toplevel() on ptolemy.moml.MoMLSimpleApplication@2a86e48f
----------------- Done invoking toplevel() on ptolemy.moml.MoMLSimpleApplication@2a86e48f
reloadAllAccessors: .matrixType14

===========================================================================================
----------------- testing Sun Jul 14 18:16:56 UTC 2019 /home/travis/build/icyphy/ptII/ptolemy/actor/lib/test/auto/matrixType2.xml
----------------- Instantiating /home/travis/build/icyphy/ptII/ptolemy/actor/lib/test/auto/matrixType2.xml
1 ms. Memory: 288768K Free: 156867K (54%)
----------------- Invoking toplevel() on ptolemy.moml.MoMLSimpleApplication@5028bfca
----------------- Done invoking toplevel() on ptolemy.moml.MoMLSimpleApplication@5028bfca
reloadAllAccessors: .matrixType2

===========================================================================================
----------------- testing Sun Jul 14 18:16:56 UTC 2019 /home/travis/build/icyphy/ptII/ptolemy/actor/lib/test/auto/matrixType3.xml
----------------- Instantiating /home/travis/build/icyphy/ptII/ptolemy/actor/lib/test/auto/matrixType3.xml
4 ms. Memory: 288768K Free: 151747K (53%)
----------------- Invoking toplevel() on ptolemy.moml.MoMLSimpleApplication@37cc48ae
----------------- Done invoking toplevel() on ptolemy.moml.MoMLSimpleApplication@37cc48ae
reloadAllAccessors: .matrixType3

===========================================================================================
----------------- testing Sun Jul 14 18:16:56 UTC 2019 /home/travis/build/icyphy/ptII/ptolemy/actor/lib/test/auto/matrixType4.xml
----------------- Instantiating /home/travis/build/icyphy/ptII/ptolemy/actor/lib/test/auto/matrixType4.xml
1 ms. Memory: 288768K Free: 146627K (51%)
----------------- Invoking toplevel() on ptolemy.moml.MoMLSimpleApplication@f346832
----------------- Done invoking toplevel() on ptolemy.moml.MoMLSimpleApplication@f346832
reloadAllAccessors: .matrixType4

===========================================================================================
----------------- testing Sun Jul 14 18:16:56 UTC 2019 /home/travis/build/icyphy/ptII/ptolemy/actor/lib/test/auto/matrixType5.xml
----------------- Instantiating /home/travis/build/icyphy/ptII/ptolemy/actor/lib/test/auto/matrixType5.xml
2 ms. Memory: 288768K Free: 142021K (49%)
----------------- Invoking toplevel() on ptolemy.moml.MoMLSimpleApplication@16a110d0
----------------- Done invoking toplevel() on ptolemy.moml.MoMLSimpleApplication@16a110d0
reloadAllAccessors: .matrixType5

===========================================================================================
----------------- testing Sun Jul 14 18:16:57 UTC 2019 /home/travis/build/icyphy/ptII/ptolemy/actor/lib/test/auto/matrixType6.xml
----------------- Instantiating /home/travis/build/icyphy/ptII/ptolemy/actor/lib/test/auto/matrixType6.xml
1 ms. Memory: 288768K Free: 136901K (47%)
----------------- Invoking toplevel() on ptolemy.moml.MoMLSimpleApplication@31d4a3c
----------------- Done invoking toplevel() on ptolemy.moml.MoMLSimpleApplication@31d4a3c
reloadAllAccessors: .matrixType6

===========================================================================================
----------------- testing Sun Jul 14 18:16:57 UTC 2019 /home/travis/build/icyphy/ptII/ptolemy/actor/lib/test/auto/matrixType7.xml
----------------- Instantiating /home/travis/build/icyphy/ptII/ptolemy/actor/lib/test/auto/matrixType7.xml
1 ms. Memory: 288768K Free: 132291K (46%)
----------------- Invoking toplevel() on ptolemy.moml.MoMLSimpleApplication@32341c65
----------------- Done invoking toplevel() on ptolemy.moml.MoMLSimpleApplication@32341c65
reloadAllAccessors: .matrixType7

===========================================================================================
----------------- testing Sun Jul 14 18:16:57 UTC 2019 /home/travis/build/icyphy/ptII/ptolemy/actor/lib/test/auto/matrixType8.xml
----------------- Instantiating /home/travis/build/icyphy/ptII/ptolemy/actor/lib/test/auto/matrixType8.xml
1 ms. Memory: 288768K Free: 126661K (44%)
----------------- Invoking toplevel() on ptolemy.moml.MoMLSimpleApplication@60ac5b7a
----------------- Done invoking toplevel() on ptolemy.moml.MoMLSimpleApplication@60ac5b7a
reloadAllAccessors: .matrixType8

===========================================================================================
----------------- testing Sun Jul 14 18:16:57 UTC 2019 /home/travis/build/icyphy/ptII/ptolemy/actor/lib/test/auto/matrixType9.xml
----------------- Instantiating /home/travis/build/icyphy/ptII/ptolemy/actor/lib/test/auto/matrixType9.xml
1 ms. Memory: 288768K Free: 122051K (42%)
----------------- Invoking toplevel() on ptolemy.moml.MoMLSimpleApplication@7fc4a161
----------------- Done invoking toplevel() on ptolemy.moml.MoMLSimpleApplication@7fc4a161
reloadAllAccessors: .matrixType9

===========================================================================================
----------------- testing Sun Jul 14 18:16:57 UTC 2019 /home/travis/build/icyphy/ptII/ptolemy/actor/lib/test/auto/paraFunctest.xml
----------------- Instantiating /home/travis/build/icyphy/ptII/ptolemy/actor/lib/test/auto/paraFunctest.xml
1 ms. Memory: 288768K Free: 117445K (41%)
----------------- Invoking toplevel() on ptolemy.moml.MoMLSimpleApplication@6d8d69ec
----------------- Done invoking toplevel() on ptolemy.moml.MoMLSimpleApplication@6d8d69ec
reloadAllAccessors: .paraFunctest

===========================================================================================
----------------- testing Sun Jul 14 18:16:57 UTC 2019 /home/travis/build/icyphy/ptII/ptolemy/actor/lib/test/auto/paraFunctest2.xml
----------------- Instantiating /home/travis/build/icyphy/ptII/ptolemy/actor/lib/test/auto/paraFunctest2.xml
1 ms. Memory: 288768K Free: 112835K (39%)
----------------- Invoking toplevel() on ptolemy.moml.MoMLSimpleApplication@53c713c4
----------------- Done invoking toplevel() on ptolemy.moml.MoMLSimpleApplication@53c713c4
reloadAllAccessors: .paraFunctest2

===========================================================================================
----------------- testing Sun Jul 14 18:16:57 UTC 2019 /home/travis/build/icyphy/ptII/ptolemy/actor/lib/test/auto/parameterPassing.xml
----------------- Instantiating /home/travis/build/icyphy/ptII/ptolemy/actor/lib/test/auto/parameterPassing.xml
1 ms. Memory: 288768K Free: 108739K (38%)
----------------- Invoking toplevel() on ptolemy.moml.MoMLSimpleApplication@4f8c673a
----------------- Done invoking toplevel() on ptolemy.moml.MoMLSimpleApplication@4f8c673a
reloadAllAccessors: .parameterPassing

===========================================================================================
----------------- testing Sun Jul 14 18:16:57 UTC 2019 /home/travis/build/icyphy/ptII/ptolemy/actor/lib/test/auto/record.xml
----------------- Instantiating /home/travis/build/icyphy/ptII/ptolemy/actor/lib/test/auto/record.xml
3 ms. Memory: 288768K Free: 103619K (36%)
----------------- Invoking toplevel() on ptolemy.moml.MoMLSimpleApplication@317d36b7
----------------- Done invoking toplevel() on ptolemy.moml.MoMLSimpleApplication@317d36b7
reloadAllAccessors: .record

===========================================================================================
----------------- testing Sun Jul 14 18:16:57 UTC 2019 /home/travis/build/icyphy/ptII/ptolemy/actor/lib/test/auto/sizedarray1.xml
----------------- Instantiating /home/travis/build/icyphy/ptII/ptolemy/actor/lib/test/auto/sizedarray1.xml
2 ms. Memory: 288768K Free: 97989K (34%)
----------------- Invoking toplevel() on ptolemy.moml.MoMLSimpleApplication@5d16e7ff
----------------- Done invoking toplevel() on ptolemy.moml.MoMLSimpleApplication@5d16e7ff
reloadAllAccessors: .sizedarray1

===========================================================================================
----------------- testing Sun Jul 14 18:16:57 UTC 2019 /home/travis/build/icyphy/ptII/ptolemy/actor/lib/test/auto/sizedarray2.xml
----------------- Instantiating /home/travis/build/icyphy/ptII/ptolemy/actor/lib/test/auto/sizedarray2.xml
3 ms. Memory: 288768K Free: 92355K (32%)
----------------- Invoking toplevel() on ptolemy.moml.MoMLSimpleApplication@19be0312
----------------- Done invoking toplevel() on ptolemy.moml.MoMLSimpleApplication@19be0312
reloadAllAccessors: .sizedarray2

===========================================================================================
----------------- testing Sun Jul 14 18:16:57 UTC 2019 /home/travis/build/icyphy/ptII/ptolemy/actor/lib/test/auto/twoPublishers.xml
----------------- Instantiating /home/travis/build/icyphy/ptII/ptolemy/actor/lib/test/auto/twoPublishers.xml
7 ms. Memory: 288768K Free: 81091K (28%)
----------------- Invoking toplevel() on ptolemy.moml.MoMLSimpleApplication@5c2db3f7
----------------- Done invoking toplevel() on ptolemy.moml.MoMLSimpleApplication@5c2db3f7
reloadAllAccessors: .twoPublishers
AutoTests.java: About to close Vertx.
AutoTests.java: Vertx closed.
]]></system-out>
  <system-err><![CDATA[java.lang.RuntimeException: Execution failed
	at ptolemy.moml.MoMLSimpleApplication$UnloadThread.run(MoMLSimpleApplication.java:402)
Caused by: java.lang.RuntimeException: StringUtilities.exit() was called. Normally, we would exit here because Manager.exitAfterWrapup() was called.  However, because the ptolemy.ptII.exitAfterWrapup property is set, we throw this exception instead.
	at ptolemy.util.StringUtilities.exit(StringUtilities.java:363)
	at ptolemy.actor.Manager.wrapup(Manager.java:1531)
	at ptolemy.actor.Manager.execute(Manager.java:407)
	at ptolemy.actor.Manager.run(Manager.java:1263)
	at ptolemy.actor.Manager$PtolemyRunThread.run(Manager.java:1915)
Warning: '.top.test' is in training mode, set the trainingMode parameter to false before checking in
Warning: '.top.test' is in training mode, set the trainingMode parameter to false before checking in
Warning: '.top.test' is in training mode, set the trainingMode parameter to false before checking in
Warning: '.BooleanSwitch_RegressionTest_WrongTrainingValues.Test' is in training mode, set the trainingMode parameter to false before checking in
Warning: '.BooleanSwitch_RegressionTest_WrongTrainingValues.Test2' is in training mode, set the trainingMode parameter to false before checking in
Warning: '.BooleanSwitch_RegressionTest_WrongTrainingValues.Test2' The test produced 0 tokens.
Warning: '.top.testExceptionHandler' is in training mode, set the trainingMode parameter to false before checking in
java.lang.RuntimeException: Execution failed
	at ptolemy.moml.MoMLSimpleApplication$UnloadThread.run(MoMLSimpleApplication.java:402)
Caused by: ptolemy.kernel.util.IllegalActionException: PublisherPorts cannot be used at the top level, use a Publisher actor instead.
  in .PublisherPortToplevelSubscriber.PublisherPort
	at ptolemy.actor.PublisherPort.preinitialize(PublisherPort.java:403)
	at ptolemy.actor.CompositeActor.preinitialize(CompositeActor.java:1769)
	at ptolemy.actor.Manager.preinitializeAndResolveTypes(Manager.java:1040)
	at ptolemy.actor.Manager.initialize(Manager.java:710)
	at ptolemy.actor.Manager.execute(Manager.java:356)
	at ptolemy.actor.Manager.run(Manager.java:1263)
	at ptolemy.actor.Manager$PtolemyRunThread.run(Manager.java:1915)
java.lang.reflect.InvocationTargetException
	at java.base/jdk.internal.reflect.NativeConstructorAccessorImpl.newInstance0(Native Method)
	at java.base/jdk.internal.reflect.NativeConstructorAccessorImpl.newInstance(NativeConstructorAccessorImpl.java:62)
	at java.base/jdk.internal.reflect.DelegatingConstructorAccessorImpl.newInstance(DelegatingConstructorAccessorImpl.java:45)
	at java.base/java.lang.reflect.Constructor.newInstance(Constructor.java:490)
	at ptolemy.util.test.junit.AutoKnownFailedTests.RunModel(AutoKnownFailedTests.java:105)
	at java.base/jdk.internal.reflect.NativeMethodAccessorImpl.invoke0(Native Method)
	at java.base/jdk.internal.reflect.NativeMethodAccessorImpl.invoke(NativeMethodAccessorImpl.java:62)
	at java.base/jdk.internal.reflect.DelegatingMethodAccessorImpl.invoke(DelegatingMethodAccessorImpl.java:43)
	at java.base/java.lang.reflect.Method.invoke(Method.java:566)
	at org.junit.runners.model.FrameworkMethod$1.runReflectiveCall(FrameworkMethod.java:44)
	at org.junit.internal.runners.model.ReflectiveCallable.run(ReflectiveCallable.java:15)
	at org.junit.runners.model.FrameworkMethod.invokeExplosively(FrameworkMethod.java:41)
	at junitparams.internal.InvokeParameterisedMethod.evaluate(InvokeParameterisedMethod.java:102)
	at org.junit.internal.runners.statements.FailOnTimeout$1.run(FailOnTimeout.java:28)
Caused by: ptolemy.kernel.util.IllegalActionException: PublisherPorts cannot be used at the top level, use a Publisher actor instead.
  in .PublisherPortToplevelSubscriber.PublisherPort
	at ptolemy.actor.PublisherPort.preinitialize(PublisherPort.java:403)
	at ptolemy.actor.CompositeActor.preinitialize(CompositeActor.java:1769)
	at ptolemy.actor.Manager.preinitializeAndResolveTypes(Manager.java:1040)
	at ptolemy.actor.Manager.initialize(Manager.java:710)
	at ptolemy.actor.Manager.execute(Manager.java:356)
	at ptolemy.actor.Manager.run(Manager.java:1263)
	at ptolemy.actor.Manager$PtolemyRunThread.run(Manager.java:1915)
java.lang.RuntimeException: Execution failed
	at ptolemy.moml.MoMLSimpleApplication$UnloadThread.run(MoMLSimpleApplication.java:402)
Caused by: ptolemy.kernel.util.IllegalActionException: SubscriberPorts cannot be used at the top level, use a Subscriber actor instead.
  in .PublisherSubscriberPortToplevel.SubscriberPort
	at ptolemy.actor.SubscriberPort.preinitialize(SubscriberPort.java:328)
	at ptolemy.actor.CompositeActor.preinitialize(CompositeActor.java:1769)
	at ptolemy.actor.Manager.preinitializeAndResolveTypes(Manager.java:1040)
	at ptolemy.actor.Manager.initialize(Manager.java:710)
	at ptolemy.actor.Manager.execute(Manager.java:356)
	at ptolemy.actor.Manager.run(Manager.java:1263)
	at ptolemy.actor.Manager$PtolemyRunThread.run(Manager.java:1915)
java.lang.reflect.InvocationTargetException
	at java.base/jdk.internal.reflect.NativeConstructorAccessorImpl.newInstance0(Native Method)
	at java.base/jdk.internal.reflect.NativeConstructorAccessorImpl.newInstance(NativeConstructorAccessorImpl.java:62)
	at java.base/jdk.internal.reflect.DelegatingConstructorAccessorImpl.newInstance(DelegatingConstructorAccessorImpl.java:45)
	at java.base/java.lang.reflect.Constructor.newInstance(Constructor.java:490)
	at ptolemy.util.test.junit.AutoKnownFailedTests.RunModel(AutoKnownFailedTests.java:105)
	at java.base/jdk.internal.reflect.NativeMethodAccessorImpl.invoke0(Native Method)
	at java.base/jdk.internal.reflect.NativeMethodAccessorImpl.invoke(NativeMethodAccessorImpl.java:62)
	at java.base/jdk.internal.reflect.DelegatingMethodAccessorImpl.invoke(DelegatingMethodAccessorImpl.java:43)
	at java.base/java.lang.reflect.Method.invoke(Method.java:566)
	at org.junit.runners.model.FrameworkMethod$1.runReflectiveCall(FrameworkMethod.java:44)
	at org.junit.internal.runners.model.ReflectiveCallable.run(ReflectiveCallable.java:15)
	at org.junit.runners.model.FrameworkMethod.invokeExplosively(FrameworkMethod.java:41)
	at junitparams.internal.InvokeParameterisedMethod.evaluate(InvokeParameterisedMethod.java:102)
	at org.junit.internal.runners.statements.FailOnTimeout$1.run(FailOnTimeout.java:28)
Caused by: ptolemy.kernel.util.IllegalActionException: SubscriberPorts cannot be used at the top level, use a Subscriber actor instead.
  in .PublisherSubscriberPortToplevel.SubscriberPort
	at ptolemy.actor.SubscriberPort.preinitialize(SubscriberPort.java:328)
	at ptolemy.actor.CompositeActor.preinitialize(CompositeActor.java:1769)
	at ptolemy.actor.Manager.preinitializeAndResolveTypes(Manager.java:1040)
	at ptolemy.actor.Manager.initialize(Manager.java:710)
	at ptolemy.actor.Manager.execute(Manager.java:356)
	at ptolemy.actor.Manager.run(Manager.java:1263)
	at ptolemy.actor.Manager$PtolemyRunThread.run(Manager.java:1915)
java.lang.RuntimeException: Execution failed
	at ptolemy.moml.MoMLSimpleApplication$UnloadThread.run(MoMLSimpleApplication.java:402)
Caused by: ptolemy.kernel.util.IllegalActionException: SubscriptionAggregatorPorts cannot be used at the top level, use a SubscriptionAggregator actor instead.
  in .PublisherSubscriptionAggregatorPort.SubscriptionAggregatorPort
	at ptolemy.actor.SubscriptionAggregatorPort.preinitialize(SubscriptionAggregatorPort.java:353)
	at ptolemy.actor.CompositeActor.preinitialize(CompositeActor.java:1769)
	at ptolemy.actor.Manager.preinitializeAndResolveTypes(Manager.java:1040)
	at ptolemy.actor.Manager.initialize(Manager.java:710)
	at ptolemy.actor.Manager.execute(Manager.java:356)
	at ptolemy.actor.Manager.run(Manager.java:1263)
	at ptolemy.actor.Manager$PtolemyRunThread.run(Manager.java:1915)
java.lang.reflect.InvocationTargetException
	at java.base/jdk.internal.reflect.NativeConstructorAccessorImpl.newInstance0(Native Method)
	at java.base/jdk.internal.reflect.NativeConstructorAccessorImpl.newInstance(NativeConstructorAccessorImpl.java:62)
	at java.base/jdk.internal.reflect.DelegatingConstructorAccessorImpl.newInstance(DelegatingConstructorAccessorImpl.java:45)
	at java.base/java.lang.reflect.Constructor.newInstance(Constructor.java:490)
	at ptolemy.util.test.junit.AutoKnownFailedTests.RunModel(AutoKnownFailedTests.java:105)
	at java.base/jdk.internal.reflect.NativeMethodAccessorImpl.invoke0(Native Method)
	at java.base/jdk.internal.reflect.NativeMethodAccessorImpl.invoke(NativeMethodAccessorImpl.java:62)
	at java.base/jdk.internal.reflect.DelegatingMethodAccessorImpl.invoke(DelegatingMethodAccessorImpl.java:43)
	at java.base/java.lang.reflect.Method.invoke(Method.java:566)
	at org.junit.runners.model.FrameworkMethod$1.runReflectiveCall(FrameworkMethod.java:44)
	at org.junit.internal.runners.model.ReflectiveCallable.run(ReflectiveCallable.java:15)
	at org.junit.runners.model.FrameworkMethod.invokeExplosively(FrameworkMethod.java:41)
	at junitparams.internal.InvokeParameterisedMethod.evaluate(InvokeParameterisedMethod.java:102)
	at org.junit.internal.runners.statements.FailOnTimeout$1.run(FailOnTimeout.java:28)
Caused by: ptolemy.kernel.util.IllegalActionException: SubscriptionAggregatorPorts cannot be used at the top level, use a SubscriptionAggregator actor instead.
  in .PublisherSubscriptionAggregatorPort.SubscriptionAggregatorPort
	at ptolemy.actor.SubscriptionAggregatorPort.preinitialize(SubscriptionAggregatorPort.java:353)
	at ptolemy.actor.CompositeActor.preinitialize(CompositeActor.java:1769)
	at ptolemy.actor.Manager.preinitializeAndResolveTypes(Manager.java:1040)
	at ptolemy.actor.Manager.initialize(Manager.java:710)
	at ptolemy.actor.Manager.execute(Manager.java:356)
	at ptolemy.actor.Manager.run(Manager.java:1263)
	at ptolemy.actor.Manager$PtolemyRunThread.run(Manager.java:1915)
java.lang.RuntimeException: Execution failed
	at ptolemy.moml.MoMLSimpleApplication$UnloadThread.run(MoMLSimpleApplication.java:402)
Caused by: ptolemy.kernel.util.IllegalActionException: TypeTest actor has no training data.
  in .sizedarray3.TypeTest
	at ptolemy.actor.lib.TypeTest.initialize(TypeTest.java:250)
	at ptolemy.actor.Director.initialize(Director.java:938)
	at ptolemy.actor.Director.initialize(Director.java:907)
	at ptolemy.actor.sched.StaticSchedulingDirector.initialize(StaticSchedulingDirector.java:159)
	at ptolemy.domains.sdf.kernel.SDFDirector.initialize(SDFDirector.java:544)
	at ptolemy.actor.CompositeActor.initialize(CompositeActor.java:935)
	at ptolemy.actor.Manager.initialize(Manager.java:724)
	at ptolemy.actor.Manager.execute(Manager.java:356)
	at ptolemy.actor.Manager.run(Manager.java:1263)
	at ptolemy.actor.Manager$PtolemyRunThread.run(Manager.java:1915)
java.lang.reflect.InvocationTargetException
	at java.base/jdk.internal.reflect.NativeConstructorAccessorImpl.newInstance0(Native Method)
	at java.base/jdk.internal.reflect.NativeConstructorAccessorImpl.newInstance(NativeConstructorAccessorImpl.java:62)
	at java.base/jdk.internal.reflect.DelegatingConstructorAccessorImpl.newInstance(DelegatingConstructorAccessorImpl.java:45)
	at java.base/java.lang.reflect.Constructor.newInstance(Constructor.java:490)
	at ptolemy.util.test.junit.AutoKnownFailedTests.RunModel(AutoKnownFailedTests.java:105)
	at java.base/jdk.internal.reflect.NativeMethodAccessorImpl.invoke0(Native Method)
	at java.base/jdk.internal.reflect.NativeMethodAccessorImpl.invoke(NativeMethodAccessorImpl.java:62)
	at java.base/jdk.internal.reflect.DelegatingMethodAccessorImpl.invoke(DelegatingMethodAccessorImpl.java:43)
	at java.base/java.lang.reflect.Method.invoke(Method.java:566)
	at org.junit.runners.model.FrameworkMethod$1.runReflectiveCall(FrameworkMethod.java:44)
	at org.junit.internal.runners.model.ReflectiveCallable.run(ReflectiveCallable.java:15)
	at org.junit.runners.model.FrameworkMethod.invokeExplosively(FrameworkMethod.java:41)
	at junitparams.internal.InvokeParameterisedMethod.evaluate(InvokeParameterisedMethod.java:102)
	at org.junit.internal.runners.statements.FailOnTimeout$1.run(FailOnTimeout.java:28)
Caused by: ptolemy.kernel.util.IllegalActionException: TypeTest actor has no training data.
  in .sizedarray3.TypeTest
	at ptolemy.actor.lib.TypeTest.initialize(TypeTest.java:250)
	at ptolemy.actor.Director.initialize(Director.java:938)
	at ptolemy.actor.Director.initialize(Director.java:907)
	at ptolemy.actor.sched.StaticSchedulingDirector.initialize(StaticSchedulingDirector.java:159)
	at ptolemy.domains.sdf.kernel.SDFDirector.initialize(SDFDirector.java:544)
	at ptolemy.actor.CompositeActor.initialize(CompositeActor.java:935)
	at ptolemy.actor.Manager.initialize(Manager.java:724)
	at ptolemy.actor.Manager.execute(Manager.java:356)
	at ptolemy.actor.Manager.run(Manager.java:1263)
	at ptolemy.actor.Manager$PtolemyRunThread.run(Manager.java:1915)
java.lang.RuntimeException: Execution failed
	at ptolemy.moml.MoMLSimpleApplication$UnloadThread.run(MoMLSimpleApplication.java:402)
Caused by: ptolemy.kernel.util.IllegalActionException: Test fails in iteration 0.
Value was: "WARNING: An illegal reflective access operation has occurred\nWARNING: Illegal reflective access by io.netty.util.internal.ReflectionUtil (file:/home/travis/build/icyphy/ptII/lib/netty-common-4.1.19.Final.jar) to constructor java.nio.DirectByteBuffer(long,int)\nWARNING: Please consider reporting this to the maintainers of io.netty.util.internal.ReflectionUtil\nWARNING: Use --illegal-access=warn to enable warnings of further illegal reflective access operations\nWARNING: All illegal access operations will be denied in a future release\n". Should have been: ""
  in .ExecRunDemos.Test
	at ptolemy.actor.lib.Test.fire(Test.java:268)
	at ptolemy.actor.AtomicActor.iterate(AtomicActor.java:512)
	at ptolemy.actor.sched.StaticSchedulingDirector.fire(StaticSchedulingDirector.java:216)
	at ptolemy.domains.sdf.kernel.SDFDirector.fire(SDFDirector.java:500)
	at ptolemy.actor.CompositeActor.fire(CompositeActor.java:455)
	at ptolemy.actor.Manager.iterate(Manager.java:851)
	at ptolemy.actor.Manager.execute(Manager.java:369)
	at ptolemy.actor.Manager.run(Manager.java:1263)
	at ptolemy.actor.Manager$PtolemyRunThread.run(Manager.java:1915)
]]></system-err>
</testsuite>
