<?xml version="1.0" encoding="UTF-8" ?>
<testsuite errors="0" failures="0" hostname="travis-job-b10a230d-97f6-4c55-881b-108000988be1" name="ptolemy.actor.lib.test.junit.JUnitTclTest" skipped="0" tests="517" time="62.158" timestamp="2020-09-10T15:44:24">
  <properties>
    <property name="npm.executable" value="npm" />
    <property name="env.TRAVIS_ROOT" value="/" />
    <property name="ptII.mk.exists" value="true" />
    <property name="env.TRAVIS_APP_HOST" value="build.travis-ci.org" />
    <property name="env.rvm_bin_path" value="/home/travis/.rvm/bin" />
    <property name="java.home" value="/usr/local/lib/jvm/openjdk11" />
    <property name="env.TRAVIS_JOB_NUMBER" value="1760.8" />
    <property name="env.TRAVIS_HOME" value="/home/travis" />
    <property name="env.DISPLAY" value=":99.0" />
    <property name="env.TRAVIS_INIT" value="systemd" />
    <property name="env.SSH_TTY" value="/dev/pts/0" />
    <property name="java.net.preferIPv4Stack" value="true" />
    <property name="env.RUN_TESTS" value="true" />
    <property name="timeout.short" value="1000000" />
    <property name="junit.formatter" value="xml" />
    <property name="env.TRAVIS_SUDO" value="true" />
    <property name="env.TRAVIS_JOB_NAME" value="" />
    <property name="env.TRAVIS_STACK_NODE_ATTRIBUTES" value="/.node-attributes.yml" />
    <property name="env.LOGNAME" value="travis" />
    <property name="env.PT_TRAVIS_TEST_CORE1_XML" value="true" />
    <property name="jsdoc.home" value="node_modules/@terraswarm/jsdoc" />
    <property name="debuglevel" value="source,lines,vars" />
    <property name="checkstyle.formatter" value="xml" />
    <property name="bin.vergil.makeable" value="true" />
    <property name="sun.os.patch.level" value="unknown" />
    <property name="java.vendor.url" value="http://java.oracle.com/" />
    <property name="env.TRAVIS_BUILD_WEB_URL" value="https://travis-ci.org/icyphy/ptII/builds/725970544" />
    <property name="java.version" value="11.0.2" />
    <property name="env.TZ" value="UTC" />
    <property name="env.TRAVIS_PULL_REQUEST_SHA" value="" />
    <property name="env.PT_NO_NET" value="true" />
    <property name="env.TRAVIS_SECURE_ENV_VARS" value="true" />
    <property name="java.vendor.url.bug" value="http://bugreport.java.com/bugreport/" />
    <property name="npmjs-org-is-up" value="true" />
    <property name="env.LANGUAGE" value="en_US.UTF-8" />
    <property name="env.SSH_CLIENT" value="10.44.2.99 60014 22" />
    <property name="env.GEM_HOME" value="/home/travis/.rvm/gems/ruby-2.5.3" />
    <property name="env.HAS_ANTARES_THREE_LITTLE_FRONZIES_BADGE" value="true" />
    <property name="java.version.date" value="2019-01-15" />
    <property name="env.PS4" value="+" />
    <property name="ant.project.invoked-targets" value="build,test.core1.xml" />
    <property name="env.TRAVIS_PULL_REQUEST_BRANCH" value="" />
    <property name="env.TRAVIS_REPO_SLUG" value="icyphy/ptII" />
    <property name="env.XDG_DATA_DIRS" value="/usr/local/share:/usr/share:/var/lib/snapd/desktop" />
    <property name="jdk.debug" value="release" />
    <property name="env.TRAVIS_APT_PROXY" value="http://build-cache.travisci.net" />
    <property name="env.TRAVIS_CPU_ARCH" value="amd64" />
    <property name="node.in.path" value="true" />
    <property name="user.name" value="travis" />
    <property name="java.maxmemory" value="1400m" />
    <property name="env.RUBY_VERSION" value="ruby-2.5.3" />
    <property name="env.LANG" value="en_US.UTF-8" />
    <property name="sun.io.unicode.encoding" value="UnicodeLittle" />
    <property name="sun.jnu.encoding" value="UTF-8" />
    <property name="java.runtime.name" value="OpenJDK Runtime Environment" />
    <property name="usefile" value="false" />
    <property name="return.code" value="0" />
    <property name="junit.single.formatter" value="plain" />
    <property name="env.DYLD_LIBRARY_PATH" value="/home/travis/pthla/certi-tools/lib:" />
    <property name="env.DEBIAN_FRONTEND" value="noninteractive" />
    <property name="env.SSH_CONNECTION" value="10.44.2.99 60014 10.20.0.17 22" />
    <property name="env.MYSQL_UNIX_PORT" value="/var/run/mysqld/mysqld.sock" />
    <property name="env.LC_ALL" value="en_US.UTF-8" />
    <property name="env.TRAVIS_ALLOW_FAILURE" value="" />
    <property name="env.TRAVIS_JOB_WEB_URL" value="https://travis-ci.org/icyphy/ptII/jobs/725970553" />
    <property name="java.specification.name" value="Java Platform API Specification" />
    <property name="node.works" value="true" />
    <property name="user.timezone" value="" />
    <property name="path.separator" value=":" />
    <property name="env.TRAVIS_ENABLE_INFRA_DETECTION" value="true" />
    <property name="env.PYTHON_CFLAGS" value="-g -fstack-protector --param=ssp-buffer-size=4 -Wformat -Werror=format-security" />
    <property name="timeout.long" value="4000000" />
    <property name="env.CERTI_HOME" value="/home/travis/pthla/certi-tools" />
    <property name="ant.file.ptII" value="/home/travis/build/icyphy/ptII/build.xml" />
    <property name="javadoc.packagenames" value="com.*,diva.*,lbnl.*,org.hlacerti.*,org.json.*,org.ptolemy.*,org.terraswarm.*,ptolemy.*,ptserver.*" />
    <property name="file.encoding" value="UTF-8" />
    <property name="env.TRAVIS_PULL_REQUEST_SLUG" value="" />
    <property name="ant.project.default-target" value="build" />
    <property name="env.GIT_ASKPASS" value="echo" />
    <property name="env.HOME" value="/home/travis" />
    <property name="sun.java.command" value="org.apache.tools.ant.taskdefs.optional.junit.JUnitTestRunner ptolemy.actor.lib.test.junit.JUnitTclTest skipNonTests=false filtertrace=true haltOnError=false haltOnFailure=false formatter=org.apache.tools.ant.taskdefs.optional.junit.OutErrSummaryJUnitResultFormatter showoutput=true outputtoformatters=true logfailedtests=true threadid=0 logtestlistenerevents=false formatter=org.apache.tools.ant.taskdefs.optional.junit.XMLJUnitResultFormatter,/home/travis/build/icyphy/ptII/reports/junit/TEST-ptolemy.actor.lib.test.junit.JUnitTclTest.xml crashfile=/home/travis/build/icyphy/ptII/junitvmwatcher13380843359192882318.properties propsfile=/home/travis/build/icyphy/ptII/junit7650332634434691542.properties" />
    <property name="env.COMPOSER_NO_INTERACTION" value="1" />
    <property name="env.MANPATH" value="/home/travis/.nvm/versions/node/v7.10.1/share/man:/home/travis/.rvm/rubies/ruby-2.5.3/share/man:/usr/local/cmake-3.12.4/man:/usr/local/clang-7.0.0/share/man:/usr/local/man:/usr/local/share/man:/usr/share/man:/home/travis/.rvm/man" />
    <property name="env.TRAVIS_TIMER_ID" value="16c17ea0" />
    <property name="ant.file" value="/home/travis/build/icyphy/ptII/build.xml" />
    <property name="env.TRAVIS_COMMIT_RANGE" value="3bb573e462e9b4151952318d01b7e361e9f419ad...74248200255084cca0f8d02e5ad09f36c0965423" />
    <property name="ptII.classpath.optional.property" value="/home/travis/build/icyphy/ptII/lib/bsh-2.0b4.jar:/home/travis/build/icyphy/ptII/lib/ptCal.jar:/home/travis/build/icyphy/ptII/lib/java_cup.jar:/home/travis/build/icyphy/ptII/lib/saxon8.jar:/home/travis/build/icyphy/ptII/lib/saxon8-dom.jar:/home/travis/build/icyphy/ptII/lib/chic.jar:/home/travis/build/icyphy/ptII/lib/ptcolt.jar:/home/travis/build/icyphy/ptII/vendors/misc/itext/iText.jar:/home/travis/build/icyphy/ptII/lib/g4ltl.jar:/home/travis/build/icyphy/ptII/lib/StructuralCoder.jar:/home/travis/build/icyphy/ptII/lib/jcerti.jar:/home/travis/build/icyphy/ptII/lib/javax.mail.jar:/home/travis/build/icyphy/ptII/vendors/JMF-2.1.1e/lib/jmf.jar:/home/travis/build/icyphy/ptII/lib/jna-4.0.0-variadic.jar:/home/travis/build/icyphy/ptII/vendors/misc/joystick/Joystick.jar:/home/travis/build/icyphy/ptII/lib/ptjacl.jar:/home/travis/build/icyphy/ptII/lib/jsoup-1.8.2.jar:/home/travis/build/icyphy/ptII/lib/junit-4.8.2.jar:/home/travis/build/icyphy/ptII/lib/JUnitParams-0.4.0.jar:/home/travis/build/icyphy/ptII/ptolemy/actor/lib/excel/jxl.jar:/home/travis/build/icyphy/ptII/lib/jython.jar:/home/travis/build/icyphy/ptII/lib/kieler.jar:/home/travis/build/icyphy/ptII/vendors/opencv/share/OpenCV/java/opencv-341.jar:/home/travis/build/icyphy/ptII/lib/oscP5.jar:/home/travis/build/icyphy/ptII/lib/nrjavaserial-3.11.0.devel.jar:/home/travis/build/icyphy/ptII/vendors/j3d/lib/Linux/j3dcore.jar:/home/travis/build/icyphy/ptII/vendors/j3d/lib/Linux/j3dutils.jar:/home/travis/build/icyphy/ptII/vendors/j3d/lib/Linux/vecmath.jar:/home/travis/build/icyphy/ptII/vendors/jogl/lib/Linux/gluegen-rt-natives-linux-amd64.jar:/home/travis/build/icyphy/ptII/vendors/jogl/lib/Linux/gluegen-rt.jar:/home/travis/build/icyphy/ptII/vendors/jogl/lib/Linux/jogl-all-natives-linux-amd64.jar:/home/travis/build/icyphy/ptII/vendors/jogl/lib/Linux/jogl-all.jar:/home/travis/build/icyphy/ptII/ptolemy/distributed/jini/jar/jini-core.jar:/home/travis/build/icyphy/ptII/ptolemy/distributed/jini/jar/jini-ext.jar:/home/travis/build/icyphy/ptII/ptolemy/distributed/jini/jar/sun-util.jar:/home/travis/build/icyphy/ptII/lib/protobuf-java-2.4.1.jar:/home/travis/build/icyphy/ptII/lib/org.eclipse.paho.client.mqttv3.jar:/home/travis/build/icyphy/ptII/lib/mapss.jar:/home/travis/build/icyphy/ptII/ptolemy/actor/ptalon/antlr/antlr.jar:/home/travis/build/icyphy/ptII/lib/JRI.jar:/home/travis/build/icyphy/ptII/lib/commons-lang-2.6.jar:/home/travis/build/icyphy/ptII/lib/commons-logging-1.1.1.jar:/home/travis/build/icyphy/ptII/lib/sootclasses.jar:/home/travis/build/icyphy/ptII/ptolemy/actor/lib/database/mysql-connector-java-5.1.6-bin.jar:/home/travis/build/icyphy/ptII/vendors/misc/sphinx4/sphinx4-data-5prealpha.jar:/home/travis/build/icyphy/ptII/vendors/misc/sphinx4/sphinx4-core-5prealpha.jar:/home/travis/build/icyphy/ptII/lib/PDFRenderer.jar:/home/travis/build/icyphy/ptII/lib/svgSalamander.jar:/home/travis/build/icyphy/ptII/lib/rsyntaxtextarea-2.6.0-SNAPSHOT.jar:/home/travis/build/icyphy/ptII/lib/hazelcast-3.8.2.jar:/home/travis/build/icyphy/ptII/lib/jackson-annotations-2.9.0.jar:/home/travis/build/icyphy/ptII/lib/jackson-core-2.9.3.jar:/home/travis/build/icyphy/ptII/lib/jackson-databind-2.9.3.jar:/home/travis/build/icyphy/ptII/lib/netty-buffer-4.1.19.Final.jar:/home/travis/build/icyphy/ptII/lib/netty-codec-4.1.19.Final.jar:/home/travis/build/icyphy/ptII/lib/netty-codec-dns-4.1.19.Final.jar:/home/travis/build/icyphy/ptII/lib/netty-codec-http-4.1.19.Final.jar:/home/travis/build/icyphy/ptII/lib/netty-codec-http2-4.1.19.Final.jar:/home/travis/build/icyphy/ptII/lib/netty-common-4.1.19.Final.jar:/home/travis/build/icyphy/ptII/lib/netty-handler-4.1.19.Final.jar:/home/travis/build/icyphy/ptII/lib/netty-resolver-4.1.19.Final.jar:/home/travis/build/icyphy/ptII/lib/netty-resolver-dns-4.1.19.Final.jar:/home/travis/build/icyphy/ptII/lib/netty-transport-4.1.19.Final.jar:/home/travis/build/icyphy/ptII/lib/vertx-codegen-3.5.1.jar:/home/travis/build/icyphy/ptII/lib/vertx-core-3.5.2-SNAPSHOT.jar:/home/travis/build/icyphy/ptII/lib/vertx-hazelcast-3.5.1.jar:/home/travis/build/icyphy/ptII/lib/vertx-lang-js-3.5.1.jar:/home/travis/build/icyphy/ptII/lib/vertx-service-proxy-3.5.1.jar:/home/travis/build/icyphy/ptII/lib/vertx-web-3.5.1.jar:/home/travis/build/icyphy/ptII/lib/slf4j-api-1.7.13.jar:/home/travis/build/icyphy/ptII/lib/slf4j-simple-1.7.13.jar:/home/travis/build/icyphy/ptII/lib/webcam-capture-0.3.12.jar:/home/travis/build/icyphy/ptII/lib/bridj-0.7.0.jar:/home/travis/build/icyphy/ptII/lib/xbjlib-1.1.0.nrjavaserial.jar" />
    <property name="timeout" value="2400000" />
    <property name="test.batch" value="**/junit/*.java" />
    <property name="env._" value="/usr/bin/timeout" />
    <property name="java.io.tmpdir" value="/tmp" />
    <property name="user.language" value="en" />
    <property name="env.TRAVIS_INTERNAL_RUBY_REGEX" value="^ruby-(2\.[0-4]\.[0-9]|1\.9\.3)" />
    <property name="env.HISTCONTROL" value="ignoredups:ignorespace" />
    <property name="env.GOROOT" value="/home/travis/.gimme/versions/go1.11.1.linux.amd64" />
    <property name="line.separator" value="&#xa;" />
    <property name="target" value="11" />
    <property name="env.TRAVIS_BUILD_DIR" value="/home/travis/build/icyphy/ptII" />
    <property name="env.ANT_OPTS" value="-Xmx2048m" />
    <property name="ant.file.type" value="file" />
    <property name="ptolemy.ptII.batchMode" value="true" />
    <property name="env.HISTSIZE" value="1000" />
    <property name="env.MERB_ENV" value="test" />
    <property name="java.vm.info" value="mixed mode" />
    <property name="source" value="11" />
    <property name="java.vm.specification.name" value="Java Virtual Machine Specification" />
    <property name="env.TRAVIS_TEST_RESULT" value="0" />
    <property name="jsdoc.command" value="node_modules/@terraswarm/jsdoc/jsdoc.js" />
    <property name="npm.works" value="true" />
    <property name="cobertura.dir" value="/home/travis/build/icyphy/ptII/vendors/cobertura-2.0.3" />
    <property name="jsdoc.command.exists" value="true" />
    <property name="env.rvm_path" value="/home/travis/.rvm" />
    <property name="env.GEM_PATH" value="/home/travis/.rvm/gems/ruby-2.5.3:/home/travis/.rvm/gems/ruby-2.5.3@global" />
    <property name="env.LC_CTYPE" value="en_US.UTF-8" />
    <property name="env.TRAVIS_CMD" value="$PTII/bin/ptIITravisBuild.sh $SECONDS" />
    <property name="java.awt.printerjob" value="sun.print.PSPrinterJob" />
    <property name="env.TRAVIS_STACK_NAME" value="sardonyx" />
    <property name="env.TRAVIS_TIMER_START_TIME" value="1599752021288489515" />
    <property name="ant.version" value="Apache Ant(TM) version 1.10.1 compiled on February 2 2017" />
    <property name="ptII.reports" value="/home/travis/build/icyphy/ptII/reports" />
    <property name="env.TRAVIS_STACK_TIMESTAMP" value="2020-06-24 13:13:18 UTC" />
    <property name="ant.file.type.ptII" value="file" />
    <property name="env.RBENV_SHELL" value="bash" />
    <property name="os.name" value="Linux" />
    <property name="java.specification.vendor" value="Oracle Corporation" />
    <property name="env.rvm_version" value="1.29.10 (latest)" />
    <property name="env.TRAVIS_INFRA" value="unknown" />
    <property name="env.TERM" value="xterm" />
    <property name="java.vm.name" value="OpenJDK 64-Bit Server VM" />
    <property name="env.TRAVIS_BUILD_NUMBER" value="1760" />
    <property name="env.CI" value="true" />
    <property name="java.library.path" value="/home/travis/pthla/certi-tools/lib:/usr/lib/jni:/usr/local/share/OpenCV/java/:/usr/share/OpenCV/java::/usr/java/packages/lib:/usr/lib64:/lib64:/lib:/usr/lib" />
    <property name="jdk.module.path" value="/home/travis/build/icyphy/ptII/vendors/javafx/javafx-sdk-11.0.2/lib:" />
    <property name="env.rvm_prefix" value="/home/travis" />
    <property name="env.PATH" value="/home/travis/pthla/certi-tools/share/scripts:/home/travis/.rvm/gems/ruby-2.5.3/bin:/home/travis/.rvm/gems/ruby-2.5.3@global/bin:/home/travis/.rvm/rubies/ruby-2.5.3/bin:/home/travis/.rvm/bin:/home/travis/.nvm/versions/node/v7.10.1/bin:./node_modules/.bin:/home/travis/build/icyphy/ptII/bin:/home/travis/pthla/certi-tools/bin:/home/travis/bin:/home/travis/.local/bin:/usr/local/lib/jvm/openjdk11/bin:/opt/pyenv/shims:/home/travis/.phpenv/shims:/home/travis/perl5/perlbrew/bin:/home/travis/gopath/bin:/home/travis/.gimme/versions/go1.11.1.linux.amd64/bin:/usr/local/maven-3.6.3/bin:/usr/local/cmake-3.12.4/bin:/usr/local/clang-7.0.0/bin:/usr/local/sbin:/usr/local/bin:/usr/sbin:/usr/bin:/sbin:/bin:/snap/bin:/home/travis/.phpenv/bin:/opt/pyenv/bin:/home/travis/.yarn/bin" />
    <property name="env.TRAVIS_OS_NAME" value="linux" />
    <property name="ant.java.version" value="9" />
    <property name="basedir" value="/home/travis/build/icyphy/ptII" />
    <property name="java.class.version" value="55.0" />
    <property name="env.SHLVL" value="3" />
    <property name="env.LD_LIBRARY_PATH" value="/home/travis/pthla/certi-tools/lib:/usr/lib/jni:/usr/local/share/OpenCV/java/:/usr/share/OpenCV/java:" />
    <property name="env.RACK_ENV" value="test" />
    <property name="ant.home" value="/home/travis/build/icyphy/ptII/ant" />
    <property name="env.NVM_DIR" value="/home/travis/.nvm" />
    <property name="env.CERTI_FOM_PATH" value="/home/travis/pthla/certi-tools/share/federations" />
    <property name="env.TRAVIS_BUILD_ID" value="725970544" />
    <property name="env.PYENV_ROOT" value="/opt/pyenv" />
    <property name="env.TRAVIS_UID" value="2000" />
    <property name="prism.verbose" value="true" />
    <property name="env.NVM_BIN" value="/home/travis/.nvm/versions/node/v7.10.1/bin" />
    <property name="env.TRAVIS_COMMIT" value="74248200255084cca0f8d02e5ad09f36c0965423" />
    <property name="node.executable" value="node" />
    <property name="sun.boot.library.path" value="/usr/local/lib/jvm/openjdk11/lib" />
    <property name="sun.management.compiler" value="HotSpot 64-Bit Tiered Compilers" />
    <property name="java.awt.graphicsenv" value="sun.awt.X11GraphicsEnvironment" />
    <property name="env.GOPATH" value="/home/travis/gopath" />
    <property name="ptolemy.ptII.dir" value="/home/travis/build/icyphy/ptII" />
    <property name="env.USER" value="travis" />
    <property name="env.HISTFILESIZE" value="2000" />
    <property name="env.NVM_INC" value="/home/travis/.nvm/versions/node/v7.10.1/include/node" />
    <property name="timeout.longest" value="19000000" />
    <property name="env.PERLBREW_SHELLRC_VERSION" value="0.88" />
    <property name="env.TRAVIS_STACK_FEATURES" value="basic couchdb disabled-ipv6 docker docker-compose elasticsearch firefox go-toolchain google-chrome jdk memcached mongodb mysql nodejs_interpreter perl_interpreter perlbrew phantomjs postgresql python_interpreter redis ruby_interpreter sqlite xserver" />
    <property name="env.TRAVIS_PULL_REQUEST" value="false" />
    <property name="env.PYENV_SHELL" value="bash" />
    <property name="ant.project.name" value="ptII" />
    <property name="env.ANSI_RESET" value="\033[0m" />
    <property name="java.vm.specification.version" value="11" />
    <property name="env.TRAVIS_DIST" value="xenial" />
    <property name="env.CERTI_VERSION" value="4.0.0" />
    <property name="env.CERTI_HOST" value="localhost" />
    <property name="awt.toolkit" value="sun.awt.X11.XToolkit" />
    <property name="env.MY_RUBY_HOME" value="/home/travis/.rvm/rubies/ruby-2.5.3" />
    <property name="sun.cpu.isalist" value="" />
    <property name="env.TRAVIS_TMPDIR" value="/tmp/tmp.NXVUkaGo9c" />
    <property name="java.vm.compressedOopsMode" value="Zero based" />
    <property name="os.version" value="4.15.0-1077-gcp" />
    <property name="user.home" value="/home/travis" />
    <property name="java.vm.vendor" value="Oracle Corporation" />
    <property name="env.TRAVIS_TAG" value="nightly" />
    <property name="env.ANSI_YELLOW" value="\033[33;1m" />
    <property name="env.TRAVIS_FILTERED" value="redirect_io" />
    <property name="env.ANSI_GREEN" value="\033[32;1m" />
    <property name="env.JAVA_HOME" value="/usr/local/lib/jvm/openjdk11" />
    <property name="javadoc.excludepackagenames" value="adm.cvs2svn.*,build.*,config.*,doc.coding.templates.*,jni.test.jni.meaningOfLife.*,jni.test.jni.testDeux.*,jni.test.jni.testTrois.*,org.terraswarm.accessor.accessors.web.node_modules.*,org.terraswarm.accessor.accessors.web.hosts.cordova.demo.*,org.terraswarm.accessor.accessors.web.hosts.cordova.plugins.*,org.terraswarm.accessor.accessors-svn.*,pt-modules.*,ptolemy.apps.agilent.*,ptolemy.apps.anytimecontrol.*,ptolemy.apps.apes.*,ptolemy.apps.charon.*,ptolemy.apps.crazyboard.*,ptolemy.apps.eclipse.*,ptolemy.apps.etherealSting.*,ptolemy.apps.fullscreen.*,ptolemy.apps.giotto.*,ptolemy.apps.ia.*,ptolemy.apps.interfaces.*,ptolemy.apps.jmf.*,ptolemy.apps.kurt.*,ptolemy.apps.kvm.*,ptolemy.apps.lego.*,ptolemy.apps.lejos.*,ptolemy.apps.midp.*,ptolemy.apps.mobileCoding.*,ptolemy.apps.pendulum.*,ptolemy.apps.rijndael.*,ptolemy.apps.robot.*,ptolemy.apps.security.*,ptolemy.apps.sobel.*,ptolemy.apps.soot.*,ptolemy.apps.throttle.*,ptolemy.apps.tini.*,ptolemy.apps.transmission.*,ptolemy.apps.vergil.*,ptolemy.apps.waba.*,ptolemy.apps.websensor.*,ptolemy.apps.webstart.*,ptolemy.apps.xsl.*,ptolemy.apps.zaurus.*,ptolemy.codegen.c.actor.lib.oldJavaFiles.*,ptolemy.codegen.dsp.lib.*,ptolemy.codegen.kernel.newInterfaces.*,ptolemy.codegen.lib.*,ptolemy.copernicus.kernel.fragment.*,ptolemy.copernicus.shallow.cg.*,ptolemy.domains.giotto.demo.Hierarchy.Hierarchy.*,ptolemy.domains.giotto.demo.Multimode.Multimode.*,ptolemy.domains.giotto.demo.Simple.Simple.*,ptolemy.domains.gr.lib.experimental.*,ptolemy.domains.gro.*,ptolemy.domains.pdf.*,ptolemy.domains.ptinyos.demo.Surge.output.*,ptolemy.moml.test.NoPackageActor.java*,ptolemy.plot.adm.*,ptolemy.plot.servlet.*,reports.*,signed.*,src.*,target.*,vendors.*,ptolemy.copernicus.applet.*,ptolemy.media.viewer.*,ptolemy.actor.corba.*,doc.doclets.*,ptolemy.apps.eclipse.awt.*,ptolemy.backtrack.*,ptolemy.backtrack.ast.*,ptolemy.cg.adapter.generic.program.procedural.c.mbed*,ptolemy.homer.*,ptolemy.actor.lib.jai.*,org.ptolemy.scala.*,diva.util.java2d.svg.*,ptolemy.domains.ptinyos.*,ptolemy.actor.lib.fmi.fmipp.*,,org.terraswarm.accessor.accessors.web.node_modules.*,org.terraswarm.accessor.accessors-svn,ptolemy.apps.*,ptolemy.actor.ptalon.demo.ptinyos.SendAndReceiveCnt.output,ptolemy.actor.ptalon.demo.ptinyos.SenseToLeds.output,ptolemy.domains.ptinyos.demo.CntToLedsAndRfm.output,ptolemy.domains.ptinyos.demo.RfmToLeds.output,ptolemy.domains.ptinyos.demo.SendAndReceiveCnt.output,ptolemy.domains.ptinyos.demo.SenseToLeds.output,ptolemy.actor.lib.jjs.modules.udpSocket.*" />
    <property name="env.PTII" value="/home/travis/build/icyphy/ptII" />
    <property name="env.XDG_SESSION_ID" value="2" />
    <property name="keystore" value="ptKeystore" />
    <property name="env.TRAVIS_COMMIT_MESSAGE" value="Exclude org/hlacerti/newModels1516e/VariableArrayPTIIJavaFed" />
    <property name="junit.output.dir" value="/home/travis/build/icyphy/ptII/reports/junit" />
    <property name="npm.return.code" value="0" />
    <property name="user.dir" value="/home/travis/build/icyphy/ptII/ptolemy/actor/lib/test" />
    <property name="env.TRAVIS_NODE_VERSION" value="7" />
    <property name="env.TRAVIS_EVENT_TYPE" value="cron" />
    <property name="env.MAIL" value="/var/mail/travis" />
    <property name="env.PERLBREW_ROOT" value="/home/travis/perl5/perlbrew" />
    <property name="env.PWD" value="/home/travis/build/icyphy/ptII" />
    <property name="timeout.npm" value="45000" />
    <property name="env.TRAVIS_ARCH" value="amd64" />
    <property name="sun.cpu.endian" value="little" />
    <property name="env.PAGER" value="cat" />
    <property name="env.TRAVIS_BUILD_STAGE_NAME" value="test" />
    <property name="env.PERLBREW_HOME" value="/home/travis/.perlbrew" />
    <property name="java.vm.version" value="11.0.2+9" />
    <property name="env.RAILS_ENV" value="test" />
    <property name="java.class.path" value="/home/travis/.ptolemyII:/home/travis/.ptolemyII/*:/home/travis/build/icyphy/ptII:/home/travis/build/icyphy/ptII/lib/bsh-2.0b4.jar:/home/travis/build/icyphy/ptII/lib/ptCal.jar:/home/travis/build/icyphy/ptII/lib/java_cup.jar:/home/travis/build/icyphy/ptII/lib/saxon8.jar:/home/travis/build/icyphy/ptII/lib/saxon8-dom.jar:/home/travis/build/icyphy/ptII/lib/chic.jar:/home/travis/build/icyphy/ptII/lib/ptcolt.jar:/home/travis/build/icyphy/ptII/vendors/misc/itext/iText.jar:/home/travis/build/icyphy/ptII/lib/g4ltl.jar:/home/travis/build/icyphy/ptII/lib/StructuralCoder.jar:/home/travis/build/icyphy/ptII/lib/jcerti.jar:/home/travis/build/icyphy/ptII/lib/javax.mail.jar:/home/travis/build/icyphy/ptII/vendors/JMF-2.1.1e/lib/jmf.jar:/home/travis/build/icyphy/ptII/lib/jna-4.0.0-variadic.jar:/home/travis/build/icyphy/ptII/vendors/misc/joystick/Joystick.jar:/home/travis/build/icyphy/ptII/lib/ptjacl.jar:/home/travis/build/icyphy/ptII/lib/jsoup-1.8.2.jar:/home/travis/build/icyphy/ptII/lib/junit-4.8.2.jar:/home/travis/build/icyphy/ptII/lib/JUnitParams-0.4.0.jar:/home/travis/build/icyphy/ptII/ptolemy/actor/lib/excel/jxl.jar:/home/travis/build/icyphy/ptII/lib/jython.jar:/home/travis/build/icyphy/ptII/lib/kieler.jar:/home/travis/build/icyphy/ptII/vendors/opencv/share/OpenCV/java/opencv-341.jar:/home/travis/build/icyphy/ptII/lib/oscP5.jar:/home/travis/build/icyphy/ptII/lib/nrjavaserial-3.11.0.devel.jar:/home/travis/build/icyphy/ptII/vendors/j3d/lib/Linux/j3dcore.jar:/home/travis/build/icyphy/ptII/vendors/j3d/lib/Linux/j3dutils.jar:/home/travis/build/icyphy/ptII/vendors/j3d/lib/Linux/vecmath.jar:/home/travis/build/icyphy/ptII/vendors/jogl/lib/Linux/gluegen-rt-natives-linux-amd64.jar:/home/travis/build/icyphy/ptII/vendors/jogl/lib/Linux/gluegen-rt.jar:/home/travis/build/icyphy/ptII/vendors/jogl/lib/Linux/jogl-all-natives-linux-amd64.jar:/home/travis/build/icyphy/ptII/vendors/jogl/lib/Linux/jogl-all.jar:/home/travis/build/icyphy/ptII/ptolemy/distributed/jini/jar/jini-core.jar:/home/travis/build/icyphy/ptII/ptolemy/distributed/jini/jar/jini-ext.jar:/home/travis/build/icyphy/ptII/ptolemy/distributed/jini/jar/sun-util.jar:/home/travis/build/icyphy/ptII/lib/protobuf-java-2.4.1.jar:/home/travis/build/icyphy/ptII/lib/org.eclipse.paho.client.mqttv3.jar:/home/travis/build/icyphy/ptII/lib/mapss.jar:/home/travis/build/icyphy/ptII/ptolemy/actor/ptalon/antlr/antlr.jar:/home/travis/build/icyphy/ptII/lib/JRI.jar:/home/travis/build/icyphy/ptII/lib/commons-lang-2.6.jar:/home/travis/build/icyphy/ptII/lib/commons-logging-1.1.1.jar:/home/travis/build/icyphy/ptII/lib/sootclasses.jar:/home/travis/build/icyphy/ptII/ptolemy/actor/lib/database/mysql-connector-java-5.1.6-bin.jar:/home/travis/build/icyphy/ptII/vendors/misc/sphinx4/sphinx4-data-5prealpha.jar:/home/travis/build/icyphy/ptII/vendors/misc/sphinx4/sphinx4-core-5prealpha.jar:/home/travis/build/icyphy/ptII/lib/PDFRenderer.jar:/home/travis/build/icyphy/ptII/lib/svgSalamander.jar:/home/travis/build/icyphy/ptII/lib/rsyntaxtextarea-2.6.0-SNAPSHOT.jar:/home/travis/build/icyphy/ptII/lib/hazelcast-3.8.2.jar:/home/travis/build/icyphy/ptII/lib/jackson-annotations-2.9.0.jar:/home/travis/build/icyphy/ptII/lib/jackson-core-2.9.3.jar:/home/travis/build/icyphy/ptII/lib/jackson-databind-2.9.3.jar:/home/travis/build/icyphy/ptII/lib/netty-buffer-4.1.19.Final.jar:/home/travis/build/icyphy/ptII/lib/netty-codec-4.1.19.Final.jar:/home/travis/build/icyphy/ptII/lib/netty-codec-dns-4.1.19.Final.jar:/home/travis/build/icyphy/ptII/lib/netty-codec-http-4.1.19.Final.jar:/home/travis/build/icyphy/ptII/lib/netty-codec-http2-4.1.19.Final.jar:/home/travis/build/icyphy/ptII/lib/netty-common-4.1.19.Final.jar:/home/travis/build/icyphy/ptII/lib/netty-handler-4.1.19.Final.jar:/home/travis/build/icyphy/ptII/lib/netty-resolver-4.1.19.Final.jar:/home/travis/build/icyphy/ptII/lib/netty-resolver-dns-4.1.19.Final.jar:/home/travis/build/icyphy/ptII/lib/netty-transport-4.1.19.Final.jar:/home/travis/build/icyphy/ptII/lib/vertx-codegen-3.5.1.jar:/home/travis/build/icyphy/ptII/lib/vertx-core-3.5.2-SNAPSHOT.jar:/home/travis/build/icyphy/ptII/lib/vertx-hazelcast-3.5.1.jar:/home/travis/build/icyphy/ptII/lib/vertx-lang-js-3.5.1.jar:/home/travis/build/icyphy/ptII/lib/vertx-service-proxy-3.5.1.jar:/home/travis/build/icyphy/ptII/lib/vertx-web-3.5.1.jar:/home/travis/build/icyphy/ptII/lib/slf4j-api-1.7.13.jar:/home/travis/build/icyphy/ptII/lib/slf4j-simple-1.7.13.jar:/home/travis/build/icyphy/ptII/lib/webcam-capture-0.3.12.jar:/home/travis/build/icyphy/ptII/lib/bridj-0.7.0.jar:/home/travis/build/icyphy/ptII/lib/xbjlib-1.1.0.nrjavaserial.jar:/home/travis/build/icyphy/ptII/ptolemy/moml/test:/home/travis/build/icyphy/ptII/ant/lib/ant-launcher.jar:/home/travis/build/icyphy/ptII/ant/lib/ant.jar:/home/travis/build/icyphy/ptII/ant/lib/ant-junit.jar:/home/travis/build/icyphy/ptII/ant/lib/ant-junit4.jar" />
    <property name="ant.library.dir" value="/home/travis/build/icyphy/ptII/ant/lib" />
    <property name="os.arch" value="amd64" />
    <property name="env.CONTINUOUS_INTEGRATION" value="true" />
    <property name="env.TRAVIS_LANGUAGE" value="node_js" />
    <property name="env.TRAVIS_STACK_LANGUAGES" value="__sardonyx__ c c++ clojure cplusplus cpp default generic go groovy java node_js php pure_java python ruby scala" />
    <property name="test.name" value="ptolemy.actor.lib.test.junit.JUnitTclTest" />
    <property name="env.APT_KEY_DONT_WARN_ON_DANGEROUS_USAGE" value="1" />
    <property name="sun.java.launcher" value="SUN_STANDARD" />
    <property name="env.PYTHON_CONFIGURE_OPTS" value="--enable-unicode=ucs4 --with-wide-unicode --enable-shared --enable-ipv6 --enable-loadable-sqlite-extensions --with-computed-gotos" />
    <property name="ant.core.lib" value="/home/travis/build/icyphy/ptII/ant/lib/ant.jar" />
    <property name="java.vm.specification.vendor" value="Oracle Corporation" />
    <property name="env.BCVTB_HOME" value="/home/travis/build/icyphy/ptII/lbnl" />
    <property name="file.separator" value="/" />
    <property name="spotbugs.home" value="/home/travis/build/icyphy/ptII/vendors/spotbugs-3.1.1" />
    <property name="java.runtime.version" value="11.0.2+9" />
    <property name="env.ANSI_CLEAR" value="\033[0K" />
    <property name="javafx.verbose" value="true" />
    <property name="env.HAS_JOSH_K_SEAL_OF_APPROVAL" value="true" />
    <property name="env.XDG_RUNTIME_DIR" value="/run/user/2000" />
    <property name="env.TRAVIS_OSX_IMAGE" value="" />
    <property name="env.TRAVIS_JOB_ID" value="725970553" />
    <property name="env.TRAVIS_BRANCH" value="master" />
    <property name="user.country" value="US" />
    <property name="env.CERTI_HOME_TRAVIS" value="/home/travis/pthla/certi-tools" />
    <property name="env.SHELL" value="/bin/bash" />
    <property name="java.maxmemory.large" value="3200m" />
    <property name="model" value="" />
    <property name="env.CASHER_DIR" value="/home/travis/.casher" />
    <property name="env.NVM_CD_FLAGS" value="" />
    <property name="java.vendor.version" value="18.9" />
    <property name="jshint.executable" value="/home/travis/node_modules/jshint/bin/jshint" />
    <property name="env.JRUBY_OPTS" value=" --client -J-XX:+TieredCompilation -J-XX:TieredStopAtLevel=1 -J-Xss2m -Xcompile.invokedynamic=false" />
    <property name="java.vendor" value="Oracle Corporation" />
    <property name="env.TRAVIS_PRE_CHEF_BOOTSTRAP_TIME" value="2020-06-24T13:13:03" />
    <property name="env.TRAVIS_STACK_JOB_BOARD_REGISTER" value="/.job-board-register.yml" />
    <property name="env.ANSI_RED" value="\033[31;1m" />
    <property name="java.specification.version" value="11" />
    <property name="env.IRBRC" value="/home/travis/.rvm/rubies/ruby-2.5.3/.irbrc" />
    <property name="env.TRAVIS" value="true" />
    <property name="sun.arch.data.model" value="64" />
  </properties>
  <testcase classname="ptolemy.util.test.junit.TclTests" name="[0] /home/travis/build/icyphy/ptII/ptolemy/actor/lib/test/AbsoluteValue.tcl (RunTclFile)" time="0.561" />
  <testcase classname="ptolemy.util.test.junit.TclTests" name="[1] /home/travis/build/icyphy/ptII/ptolemy/actor/lib/test/AddSubtract.tcl (RunTclFile)" time="0.192" />
  <testcase classname="ptolemy.util.test.junit.TclTests" name="[2] /home/travis/build/icyphy/ptII/ptolemy/actor/lib/test/Average.tcl (RunTclFile)" time="0.038" />
  <testcase classname="ptolemy.util.test.junit.TclTests" name="[3] /home/travis/build/icyphy/ptII/ptolemy/actor/lib/test/Bernoulli.tcl (RunTclFile)" time="0.02" />
  <testcase classname="ptolemy.util.test.junit.TclTests" name="[4] /home/travis/build/icyphy/ptII/ptolemy/actor/lib/test/Clock.tcl (RunTclFile)" time="0.064" />
  <testcase classname="ptolemy.util.test.junit.TclTests" name="[5] /home/travis/build/icyphy/ptII/ptolemy/actor/lib/test/Commutator.tcl (RunTclFile)" time="0.119" />
  <testcase classname="ptolemy.util.test.junit.TclTests" name="[6] /home/travis/build/icyphy/ptII/ptolemy/actor/lib/test/Const.tcl (RunTclFile)" time="0.157" />
  <testcase classname="ptolemy.util.test.junit.TclTests" name="[7] /home/travis/build/icyphy/ptII/ptolemy/actor/lib/test/CurrentTime.tcl (RunTclFile)" time="0.042" />
  <testcase classname="ptolemy.util.test.junit.TclTests" name="[8] /home/travis/build/icyphy/ptII/ptolemy/actor/lib/test/DB.tcl (RunTclFile)" time="0.049" />
  <testcase classname="ptolemy.util.test.junit.TclTests" name="[9] /home/travis/build/icyphy/ptII/ptolemy/actor/lib/test/DiscreteRandomSource.tcl (RunTclFile)" time="0.056" />
  <testcase classname="ptolemy.util.test.junit.TclTests" name="[10] /home/travis/build/icyphy/ptII/ptolemy/actor/lib/test/Distributor.tcl (RunTclFile)" time="0.101" />
  <testcase classname="ptolemy.util.test.junit.TclTests" name="[11] /home/travis/build/icyphy/ptII/ptolemy/actor/lib/test/Exit.tcl (RunTclFile)" time="0.087" />
  <testcase classname="ptolemy.util.test.junit.TclTests" name="[12] /home/travis/build/icyphy/ptII/ptolemy/actor/lib/test/Expression.tcl (RunTclFile)" time="0.068" />
  <testcase classname="ptolemy.util.test.junit.TclTests" name="[13] /home/travis/build/icyphy/ptII/ptolemy/actor/lib/test/Gaussian.tcl (RunTclFile)" time="0.733" />
  <testcase classname="ptolemy.util.test.junit.TclTests" name="[14] /home/travis/build/icyphy/ptII/ptolemy/actor/lib/test/IIR.tcl (RunTclFile)" time="0.055" />
  <testcase classname="ptolemy.util.test.junit.TclTests" name="[15] /home/travis/build/icyphy/ptII/ptolemy/actor/lib/test/Interpolator.tcl (RunTclFile)" time="0.109" />
  <testcase classname="ptolemy.util.test.junit.TclTests" name="[16] /home/travis/build/icyphy/ptII/ptolemy/actor/lib/test/MathFunction.tcl (RunTclFile)" time="0.081" />
  <testcase classname="ptolemy.util.test.junit.TclTests" name="[17] /home/travis/build/icyphy/ptII/ptolemy/actor/lib/test/Maximum.tcl (RunTclFile)" time="0.047" />
  <testcase classname="ptolemy.util.test.junit.TclTests" name="[18] /home/travis/build/icyphy/ptII/ptolemy/actor/lib/test/Minimum.tcl (RunTclFile)" time="0.03" />
  <testcase classname="ptolemy.util.test.junit.TclTests" name="[19] /home/travis/build/icyphy/ptII/ptolemy/actor/lib/test/MultiplyDivide.tcl (RunTclFile)" time="0.042" />
  <testcase classname="ptolemy.util.test.junit.TclTests" name="[20] /home/travis/build/icyphy/ptII/ptolemy/actor/lib/test/OrderedMerge.tcl (RunTclFile)" time="0.098" />
  <testcase classname="ptolemy.util.test.junit.TclTests" name="[21] /home/travis/build/icyphy/ptII/ptolemy/actor/lib/test/Publisher.tcl (RunTclFile)" time="0.821" />
  <testcase classname="ptolemy.util.test.junit.TclTests" name="[22] /home/travis/build/icyphy/ptII/ptolemy/actor/lib/test/Pulse.tcl (RunTclFile)" time="0.089" />
  <testcase classname="ptolemy.util.test.junit.TclTests" name="[23] /home/travis/build/icyphy/ptII/ptolemy/actor/lib/test/Ramp.tcl (RunTclFile)" time="1.947" />
  <testcase classname="ptolemy.util.test.junit.TclTests" name="[24] /home/travis/build/icyphy/ptII/ptolemy/actor/lib/test/RampContinuous.tcl (RunTclFile)" time="0.017" />
  <testcase classname="ptolemy.util.test.junit.TclTests" name="[25] /home/travis/build/icyphy/ptII/ptolemy/actor/lib/test/RecordAssembler.tcl (RunTclFile)" time="0.015" />
  <testcase classname="ptolemy.util.test.junit.TclTests" name="[26] /home/travis/build/icyphy/ptII/ptolemy/actor/lib/test/RecordDisassembler.tcl (RunTclFile)" time="0.022" />
  <testcase classname="ptolemy.util.test.junit.TclTests" name="[27] /home/travis/build/icyphy/ptII/ptolemy/actor/lib/test/Scale.tcl (RunTclFile)" time="0.028" />
  <testcase classname="ptolemy.util.test.junit.TclTests" name="[28] /home/travis/build/icyphy/ptII/ptolemy/actor/lib/test/SequentialClock.tcl (RunTclFile)" time="0.012" />
  <testcase classname="ptolemy.util.test.junit.TclTests" name="[29] /home/travis/build/icyphy/ptII/ptolemy/actor/lib/test/SetVariable.tcl (RunTclFile)" time="0.01" />
  <testcase classname="ptolemy.util.test.junit.TclTests" name="[30] /home/travis/build/icyphy/ptII/ptolemy/actor/lib/test/Sinewave.tcl (RunTclFile)" time="0.056" />
  <testcase classname="ptolemy.util.test.junit.TclTests" name="[31] /home/travis/build/icyphy/ptII/ptolemy/actor/lib/test/SubscriptionAggregator.tcl (RunTclFile)" time="2.197" />
  <testcase classname="ptolemy.util.test.junit.TclTests" name="[32] /home/travis/build/icyphy/ptII/ptolemy/actor/lib/test/Test.tcl (RunTclFile)" time="0.103" />
  <testcase classname="ptolemy.util.test.junit.TclTests" name="[33] /home/travis/build/icyphy/ptII/ptolemy/actor/lib/test/TestExceptionHandler.tcl (RunTclFile)" time="0.016" />
  <testcase classname="ptolemy.util.test.junit.TclTests" name="[34] /home/travis/build/icyphy/ptII/ptolemy/actor/lib/test/UnionDisassembler.tcl (RunTclFile)" time="0.079" />
  <testcase classname="ptolemy.util.test.junit.TclTests" name="[35] /home/travis/build/icyphy/ptII/ptolemy/actor/lib/test/VariableClock.tcl (RunTclFile)" time="0.032" />
  <testcase classname="ptolemy.util.test.junit.AutoKnownFailedTests" name="[0] /home/travis/build/icyphy/ptII/ptolemy/actor/lib/test/auto/knownFailedTests/PublisherPortToplevelSubscriber.xml (RunModel)" time="0.032" />
  <testcase classname="ptolemy.util.test.junit.AutoKnownFailedTests" name="[1] /home/travis/build/icyphy/ptII/ptolemy/actor/lib/test/auto/knownFailedTests/PublisherSubscriberPortToplevel.xml (RunModel)" time="0.032" />
  <testcase classname="ptolemy.util.test.junit.AutoKnownFailedTests" name="[2] /home/travis/build/icyphy/ptII/ptolemy/actor/lib/test/auto/knownFailedTests/PublisherSubscriptionAggregatorPort.xml (RunModel)" time="0.026" />
  <testcase classname="ptolemy.util.test.junit.AutoKnownFailedTests" name="[3] /home/travis/build/icyphy/ptII/ptolemy/actor/lib/test/auto/knownFailedTests/sizedarray3.xml (RunModel)" time="0.049" />
  <testcase classname="ptolemy.util.test.junit.AutoNameArchTests" name="[0] ThereAreNoAutoArchTests (RunModel)" time="0.004" />
  <testcase classname="ptolemy.util.test.junit.AutoTests" name="[0] /home/travis/build/icyphy/ptII/ptolemy/actor/lib/test/auto/AbsoluteValue.xml (RunModel)" time="0.112" />
  <testcase classname="ptolemy.util.test.junit.AutoTests" name="[1] /home/travis/build/icyphy/ptII/ptolemy/actor/lib/test/auto/AbsoluteValue2.xml (RunModel)" time="0.091" />
  <testcase classname="ptolemy.util.test.junit.AutoTests" name="[2] /home/travis/build/icyphy/ptII/ptolemy/actor/lib/test/auto/Accumulator.xml (RunModel)" time="0.059" />
  <testcase classname="ptolemy.util.test.junit.AutoTests" name="[3] /home/travis/build/icyphy/ptII/ptolemy/actor/lib/test/auto/Accumulator2.xml (RunModel)" time="0.036" />
  <testcase classname="ptolemy.util.test.junit.AutoTests" name="[4] /home/travis/build/icyphy/ptII/ptolemy/actor/lib/test/auto/Accumulator3.xml (RunModel)" time="0.016" />
  <testcase classname="ptolemy.util.test.junit.AutoTests" name="[5] /home/travis/build/icyphy/ptII/ptolemy/actor/lib/test/auto/ArrayAppend.xml (RunModel)" time="0.03" />
  <testcase classname="ptolemy.util.test.junit.AutoTests" name="[6] /home/travis/build/icyphy/ptII/ptolemy/actor/lib/test/auto/ArrayAppend2.xml (RunModel)" time="0.376" />
  <testcase classname="ptolemy.util.test.junit.AutoTests" name="[7] /home/travis/build/icyphy/ptII/ptolemy/actor/lib/test/auto/ArrayAppend3.xml (RunModel)" time="0.015" />
  <testcase classname="ptolemy.util.test.junit.AutoTests" name="[8] /home/travis/build/icyphy/ptII/ptolemy/actor/lib/test/auto/ArrayAppend4.xml (RunModel)" time="0.034" />
  <testcase classname="ptolemy.util.test.junit.AutoTests" name="[9] /home/travis/build/icyphy/ptII/ptolemy/actor/lib/test/auto/ArrayAppend5.xml (RunModel)" time="0.016" />
  <testcase classname="ptolemy.util.test.junit.AutoTests" name="[10] /home/travis/build/icyphy/ptII/ptolemy/actor/lib/test/auto/ArrayAppend6.xml (RunModel)" time="0.014" />
  <testcase classname="ptolemy.util.test.junit.AutoTests" name="[11] /home/travis/build/icyphy/ptII/ptolemy/actor/lib/test/auto/ArrayAppendPerformanceTest.xml (RunModel)" time="0.043" />
  <testcase classname="ptolemy.util.test.junit.AutoTests" name="[12] /home/travis/build/icyphy/ptII/ptolemy/actor/lib/test/auto/ArrayAppendWithEmptyInput.xml (RunModel)" time="0.03" />
  <testcase classname="ptolemy.util.test.junit.AutoTests" name="[13] /home/travis/build/icyphy/ptII/ptolemy/actor/lib/test/auto/ArrayAverage.xml (RunModel)" time="0.04" />
  <testcase classname="ptolemy.util.test.junit.AutoTests" name="[14] /home/travis/build/icyphy/ptII/ptolemy/actor/lib/test/auto/ArrayContains.xml (RunModel)" time="0.034" />
  <testcase classname="ptolemy.util.test.junit.AutoTests" name="[15] /home/travis/build/icyphy/ptII/ptolemy/actor/lib/test/auto/ArrayElement.xml (RunModel)" time="0.021" />
  <testcase classname="ptolemy.util.test.junit.AutoTests" name="[16] /home/travis/build/icyphy/ptII/ptolemy/actor/lib/test/auto/ArrayElementAsMatrix.xml (RunModel)" time="0.038" />
  <testcase classname="ptolemy.util.test.junit.AutoTests" name="[17] /home/travis/build/icyphy/ptII/ptolemy/actor/lib/test/auto/ArrayElementI.xml (RunModel)" time="0.018" />
  <testcase classname="ptolemy.util.test.junit.AutoTests" name="[18] /home/travis/build/icyphy/ptII/ptolemy/actor/lib/test/auto/ArrayExtract.xml (RunModel)" time="0.032" />
  <testcase classname="ptolemy.util.test.junit.AutoTests" name="[19] /home/travis/build/icyphy/ptII/ptolemy/actor/lib/test/auto/ArrayExtract2.xml (RunModel)" time="0.018" />
  <testcase classname="ptolemy.util.test.junit.AutoTests" name="[20] /home/travis/build/icyphy/ptII/ptolemy/actor/lib/test/auto/ArrayLength.xml (RunModel)" time="0.026" />
  <testcase classname="ptolemy.util.test.junit.AutoTests" name="[21] /home/travis/build/icyphy/ptII/ptolemy/actor/lib/test/auto/ArrayLevelCrossing.xml (RunModel)" time="0.028" />
  <testcase classname="ptolemy.util.test.junit.AutoTests" name="[22] /home/travis/build/icyphy/ptII/ptolemy/actor/lib/test/auto/ArrayLevelCrossing2.xml (RunModel)" time="0.021" />
  <testcase classname="ptolemy.util.test.junit.AutoTests" name="[23] /home/travis/build/icyphy/ptII/ptolemy/actor/lib/test/auto/ArrayPeakSearch.xml (RunModel)" time="0.045" />
  <testcase classname="ptolemy.util.test.junit.AutoTests" name="[24] /home/travis/build/icyphy/ptII/ptolemy/actor/lib/test/auto/ArrayPeakSearch2.xml (RunModel)" time="0.043" />
  <testcase classname="ptolemy.util.test.junit.AutoTests" name="[25] /home/travis/build/icyphy/ptII/ptolemy/actor/lib/test/auto/ArrayPeakSearch3.xml (RunModel)" time="0.035" />
  <testcase classname="ptolemy.util.test.junit.AutoTests" name="[26] /home/travis/build/icyphy/ptII/ptolemy/actor/lib/test/auto/ArrayRemoveElement.xml (RunModel)" time="0.051" />
  <testcase classname="ptolemy.util.test.junit.AutoTests" name="[27] /home/travis/build/icyphy/ptII/ptolemy/actor/lib/test/auto/ArraySort.xml (RunModel)" time="0.037" />
  <testcase classname="ptolemy.util.test.junit.AutoTests" name="[28] /home/travis/build/icyphy/ptII/ptolemy/actor/lib/test/auto/ArraySum.xml (RunModel)" time="0.021" />
  <testcase classname="ptolemy.util.test.junit.AutoTests" name="[29] /home/travis/build/icyphy/ptII/ptolemy/actor/lib/test/auto/ArrayToElements.xml (RunModel)" time="0.03" />
  <testcase classname="ptolemy.util.test.junit.AutoTests" name="[30] /home/travis/build/icyphy/ptII/ptolemy/actor/lib/test/auto/ArrayToMatrix.xml (RunModel)" time="0.057" />
  <testcase classname="ptolemy.util.test.junit.AutoTests" name="[31] /home/travis/build/icyphy/ptII/ptolemy/actor/lib/test/auto/ArrayUpdate1.xml (RunModel)" time="0.02" />
  <testcase classname="ptolemy.util.test.junit.AutoTests" name="[32] /home/travis/build/icyphy/ptII/ptolemy/actor/lib/test/auto/ArrayUpdate2.xml (RunModel)" time="0.022" />
  <testcase classname="ptolemy.util.test.junit.AutoTests" name="[33] /home/travis/build/icyphy/ptII/ptolemy/actor/lib/test/auto/ArrayUpdate3.xml (RunModel)" time="0.017" />
  <testcase classname="ptolemy.util.test.junit.AutoTests" name="[34] /home/travis/build/icyphy/ptII/ptolemy/actor/lib/test/auto/Assert1.xml (RunModel)" time="0.022" />
  <testcase classname="ptolemy.util.test.junit.AutoTests" name="[35] /home/travis/build/icyphy/ptII/ptolemy/actor/lib/test/auto/Assert2.xml (RunModel)" time="0.016" />
  <testcase classname="ptolemy.util.test.junit.AutoTests" name="[36] /home/travis/build/icyphy/ptII/ptolemy/actor/lib/test/auto/BooleanMultiplexor.xml (RunModel)" time="0.017" />
  <testcase classname="ptolemy.util.test.junit.AutoTests" name="[37] /home/travis/build/icyphy/ptII/ptolemy/actor/lib/test/auto/BooleanMultiplexor2.xml (RunModel)" time="0.026" />
  <testcase classname="ptolemy.util.test.junit.AutoTests" name="[38] /home/travis/build/icyphy/ptII/ptolemy/actor/lib/test/auto/BooleanMultiplexor3.xml (RunModel)" time="0.021" />
  <testcase classname="ptolemy.util.test.junit.AutoTests" name="[39] /home/travis/build/icyphy/ptII/ptolemy/actor/lib/test/auto/BooleanSelect.xml (RunModel)" time="0.032" />
  <testcase classname="ptolemy.util.test.junit.AutoTests" name="[40] /home/travis/build/icyphy/ptII/ptolemy/actor/lib/test/auto/BooleanSelect2.xml (RunModel)" time="0.017" />
  <testcase classname="ptolemy.util.test.junit.AutoTests" name="[41] /home/travis/build/icyphy/ptII/ptolemy/actor/lib/test/auto/BooleanSwitch.xml (RunModel)" time="0.025" />
  <testcase classname="ptolemy.util.test.junit.AutoTests" name="[42] /home/travis/build/icyphy/ptII/ptolemy/actor/lib/test/auto/BooleanSwitch2.xml (RunModel)" time="0.013" />
  <testcase classname="ptolemy.util.test.junit.AutoTests" name="[43] /home/travis/build/icyphy/ptII/ptolemy/actor/lib/test/auto/BooleanSwitchCloningBugWithClassRelationGroup.xml (RunModel)" time="0.029" />
  <testcase classname="ptolemy.util.test.junit.AutoTests" name="[44] /home/travis/build/icyphy/ptII/ptolemy/actor/lib/test/auto/BusActors.xml (RunModel)" time="0.056" />
  <testcase classname="ptolemy.util.test.junit.AutoTests" name="[45] /home/travis/build/icyphy/ptII/ptolemy/actor/lib/test/auto/ClassWrapper.xml (RunModel)" time="0.011" />
  <testcase classname="ptolemy.util.test.junit.AutoTests" name="[46] /home/travis/build/icyphy/ptII/ptolemy/actor/lib/test/auto/Clock.xml (RunModel)" time="0.01" />
  <testcase classname="ptolemy.util.test.junit.AutoTests" name="[47] /home/travis/build/icyphy/ptII/ptolemy/actor/lib/test/auto/Clock10.xml (RunModel)" time="0.016" />
  <testcase classname="ptolemy.util.test.junit.AutoTests" name="[48] /home/travis/build/icyphy/ptII/ptolemy/actor/lib/test/auto/Clock11.xml (RunModel)" time="0.016" />
  <testcase classname="ptolemy.util.test.junit.AutoTests" name="[49] /home/travis/build/icyphy/ptII/ptolemy/actor/lib/test/auto/Clock12.xml (RunModel)" time="0.02" />
  <testcase classname="ptolemy.util.test.junit.AutoTests" name="[50] /home/travis/build/icyphy/ptII/ptolemy/actor/lib/test/auto/Clock13.xml (RunModel)" time="0.018" />
  <testcase classname="ptolemy.util.test.junit.AutoTests" name="[51] /home/travis/build/icyphy/ptII/ptolemy/actor/lib/test/auto/Clock14.xml (RunModel)" time="0.024" />
  <testcase classname="ptolemy.util.test.junit.AutoTests" name="[52] /home/travis/build/icyphy/ptII/ptolemy/actor/lib/test/auto/Clock15.xml (RunModel)" time="0.045" />
  <testcase classname="ptolemy.util.test.junit.AutoTests" name="[53] /home/travis/build/icyphy/ptII/ptolemy/actor/lib/test/auto/Clock16.xml (RunModel)" time="0.131" />
  <testcase classname="ptolemy.util.test.junit.AutoTests" name="[54] /home/travis/build/icyphy/ptII/ptolemy/actor/lib/test/auto/Clock17.xml (RunModel)" time="0.078" />
  <testcase classname="ptolemy.util.test.junit.AutoTests" name="[55] /home/travis/build/icyphy/ptII/ptolemy/actor/lib/test/auto/Clock18.xml (RunModel)" time="0.063" />
  <testcase classname="ptolemy.util.test.junit.AutoTests" name="[56] /home/travis/build/icyphy/ptII/ptolemy/actor/lib/test/auto/Clock19.xml (RunModel)" time="0.051" />
  <testcase classname="ptolemy.util.test.junit.AutoTests" name="[57] /home/travis/build/icyphy/ptII/ptolemy/actor/lib/test/auto/Clock2.xml (RunModel)" time="0.017" />
  <testcase classname="ptolemy.util.test.junit.AutoTests" name="[58] /home/travis/build/icyphy/ptII/ptolemy/actor/lib/test/auto/Clock20.xml (RunModel)" time="0.029" />
  <testcase classname="ptolemy.util.test.junit.AutoTests" name="[59] /home/travis/build/icyphy/ptII/ptolemy/actor/lib/test/auto/Clock21.xml (RunModel)" time="0.021" />
  <testcase classname="ptolemy.util.test.junit.AutoTests" name="[60] /home/travis/build/icyphy/ptII/ptolemy/actor/lib/test/auto/Clock22.xml (RunModel)" time="0.017" />
  <testcase classname="ptolemy.util.test.junit.AutoTests" name="[61] /home/travis/build/icyphy/ptII/ptolemy/actor/lib/test/auto/Clock23.xml (RunModel)" time="0.021" />
  <testcase classname="ptolemy.util.test.junit.AutoTests" name="[62] /home/travis/build/icyphy/ptII/ptolemy/actor/lib/test/auto/Clock24.xml (RunModel)" time="0.016" />
  <testcase classname="ptolemy.util.test.junit.AutoTests" name="[63] /home/travis/build/icyphy/ptII/ptolemy/actor/lib/test/auto/Clock4.xml (RunModel)" time="0.013" />
  <testcase classname="ptolemy.util.test.junit.AutoTests" name="[64] /home/travis/build/icyphy/ptII/ptolemy/actor/lib/test/auto/Clock5.xml (RunModel)" time="0.013" />
  <testcase classname="ptolemy.util.test.junit.AutoTests" name="[65] /home/travis/build/icyphy/ptII/ptolemy/actor/lib/test/auto/Clock6.xml (RunModel)" time="0.017" />
  <testcase classname="ptolemy.util.test.junit.AutoTests" name="[66] /home/travis/build/icyphy/ptII/ptolemy/actor/lib/test/auto/Clock7.xml (RunModel)" time="0.012" />
  <testcase classname="ptolemy.util.test.junit.AutoTests" name="[67] /home/travis/build/icyphy/ptII/ptolemy/actor/lib/test/auto/Clock8.xml (RunModel)" time="0.018" />
  <testcase classname="ptolemy.util.test.junit.AutoTests" name="[68] /home/travis/build/icyphy/ptII/ptolemy/actor/lib/test/auto/Clock9.xml (RunModel)" time="0.019" />
  <testcase classname="ptolemy.util.test.junit.AutoTests" name="[69] /home/travis/build/icyphy/ptII/ptolemy/actor/lib/test/auto/CommDistDiscard.xml (RunModel)" time="0.028" />
  <testcase classname="ptolemy.util.test.junit.AutoTests" name="[70] /home/travis/build/icyphy/ptII/ptolemy/actor/lib/test/auto/Commutator.xml (RunModel)" time="0.018" />
  <testcase classname="ptolemy.util.test.junit.AutoTests" name="[71] /home/travis/build/icyphy/ptII/ptolemy/actor/lib/test/auto/Commutator2.xml (RunModel)" time="0.014" />
  <testcase classname="ptolemy.util.test.junit.AutoTests" name="[72] /home/travis/build/icyphy/ptII/ptolemy/actor/lib/test/auto/Commutator3.xml (RunModel)" time="0.017" />
  <testcase classname="ptolemy.util.test.junit.AutoTests" name="[73] /home/travis/build/icyphy/ptII/ptolemy/actor/lib/test/auto/Compare.xml (RunModel)" time="0.024" />
  <testcase classname="ptolemy.util.test.junit.AutoTests" name="[74] /home/travis/build/icyphy/ptII/ptolemy/actor/lib/test/auto/CompareDE.xml (RunModel)" time="0.024" />
  <testcase classname="ptolemy.util.test.junit.AutoTests" name="[75] /home/travis/build/icyphy/ptII/ptolemy/actor/lib/test/auto/ComplexDivide.xml (RunModel)" time="0.011" />
  <testcase classname="ptolemy.util.test.junit.AutoTests" name="[76] /home/travis/build/icyphy/ptII/ptolemy/actor/lib/test/auto/ComputeHistogram.xml (RunModel)" time="0.073" />
  <testcase classname="ptolemy.util.test.junit.AutoTests" name="[77] /home/travis/build/icyphy/ptII/ptolemy/actor/lib/test/auto/ConfigurationSelect.xml (RunModel)" time="0.023" />
  <testcase classname="ptolemy.util.test.junit.AutoTests" name="[78] /home/travis/build/icyphy/ptII/ptolemy/actor/lib/test/auto/ConfigurationSelect2.xml (RunModel)" time="0.017" />
  <testcase classname="ptolemy.util.test.junit.AutoTests" name="[79] /home/travis/build/icyphy/ptII/ptolemy/actor/lib/test/auto/ConfigurationSwitch.xml (RunModel)" time="0.022" />
  <testcase classname="ptolemy.util.test.junit.AutoTests" name="[80] /home/travis/build/icyphy/ptII/ptolemy/actor/lib/test/auto/ConfigurationSwitch2.xml (RunModel)" time="0.025" />
  <testcase classname="ptolemy.util.test.junit.AutoTests" name="[81] /home/travis/build/icyphy/ptII/ptolemy/actor/lib/test/auto/ConfigurationSwitchCloningBugWithClassRelationGroup.xml (RunModel)" time="0.021" />
  <testcase classname="ptolemy.util.test.junit.AutoTests" name="[82] /home/travis/build/icyphy/ptII/ptolemy/actor/lib/test/auto/ConfigurationSwitchSelectSDF.xml (RunModel)" time="0.013" />
  <testcase classname="ptolemy.util.test.junit.AutoTests" name="[83] /home/travis/build/icyphy/ptII/ptolemy/actor/lib/test/auto/ConfigurationSwitchSelectSDF2.xml (RunModel)" time="0.013" />
  <testcase classname="ptolemy.util.test.junit.AutoTests" name="[84] /home/travis/build/icyphy/ptII/ptolemy/actor/lib/test/auto/Const.xml (RunModel)" time="0.008" />
  <testcase classname="ptolemy.util.test.junit.AutoTests" name="[85] /home/travis/build/icyphy/ptII/ptolemy/actor/lib/test/auto/Const2.xml (RunModel)" time="0.009" />
  <testcase classname="ptolemy.util.test.junit.AutoTests" name="[86] /home/travis/build/icyphy/ptII/ptolemy/actor/lib/test/auto/Const3.xml (RunModel)" time="0.006" />
  <testcase classname="ptolemy.util.test.junit.AutoTests" name="[87] /home/travis/build/icyphy/ptII/ptolemy/actor/lib/test/auto/ConstantPublisherPort1.xml (RunModel)" time="0.019" />
  <testcase classname="ptolemy.util.test.junit.AutoTests" name="[88] /home/travis/build/icyphy/ptII/ptolemy/actor/lib/test/auto/ConstantPublisherPort2.xml (RunModel)" time="0.017" />
  <testcase classname="ptolemy.util.test.junit.AutoTests" name="[89] /home/travis/build/icyphy/ptII/ptolemy/actor/lib/test/auto/ConstantPublisherPort3.xml (RunModel)" time="0.017" />
  <testcase classname="ptolemy.util.test.junit.AutoTests" name="[90] /home/travis/build/icyphy/ptII/ptolemy/actor/lib/test/auto/ConstantPublisherPort4.xml (RunModel)" time="0.015" />
  <testcase classname="ptolemy.util.test.junit.AutoTests" name="[91] /home/travis/build/icyphy/ptII/ptolemy/actor/lib/test/auto/ConstantPublisherPort5.xml (RunModel)" time="0.066" />
  <testcase classname="ptolemy.util.test.junit.AutoTests" name="[92] /home/travis/build/icyphy/ptII/ptolemy/actor/lib/test/auto/ConstantPublisherPort6.xml (RunModel)" time="0.024" />
  <testcase classname="ptolemy.util.test.junit.AutoTests" name="[93] /home/travis/build/icyphy/ptII/ptolemy/actor/lib/test/auto/ConstantPublisherPort7.xml (RunModel)" time="0.044" />
  <testcase classname="ptolemy.util.test.junit.AutoTests" name="[94] /home/travis/build/icyphy/ptII/ptolemy/actor/lib/test/auto/ConstraintMonitor1.xml (RunModel)" time="0.037" />
  <testcase classname="ptolemy.util.test.junit.AutoTests" name="[95] /home/travis/build/icyphy/ptII/ptolemy/actor/lib/test/auto/ConstraintMonitor2.xml (RunModel)" time="0.016" />
  <testcase classname="ptolemy.util.test.junit.AutoTests" name="[96] /home/travis/build/icyphy/ptII/ptolemy/actor/lib/test/auto/ConstraintMonitor3.xml (RunModel)" time="0.014" />
  <testcase classname="ptolemy.util.test.junit.AutoTests" name="[97] /home/travis/build/icyphy/ptII/ptolemy/actor/lib/test/auto/ConstraintMonitor4.xml (RunModel)" time="0.012" />
  <testcase classname="ptolemy.util.test.junit.AutoTests" name="[98] /home/travis/build/icyphy/ptII/ptolemy/actor/lib/test/auto/ConstraintMonitor5.xml (RunModel)" time="0.016" />
  <testcase classname="ptolemy.util.test.junit.AutoTests" name="[99] /home/travis/build/icyphy/ptII/ptolemy/actor/lib/test/auto/ConstraintMonitor6.xml (RunModel)" time="0.015" />
  <testcase classname="ptolemy.util.test.junit.AutoTests" name="[100] /home/travis/build/icyphy/ptII/ptolemy/actor/lib/test/auto/ConstraintMonitor7.xml (RunModel)" time="0.017" />
  <testcase classname="ptolemy.util.test.junit.AutoTests" name="[101] /home/travis/build/icyphy/ptII/ptolemy/actor/lib/test/auto/ConstraintMonitor8.xml (RunModel)" time="0.023" />
  <testcase classname="ptolemy.util.test.junit.AutoTests" name="[102] /home/travis/build/icyphy/ptII/ptolemy/actor/lib/test/auto/Counter.xml (RunModel)" time="0.017" />
  <testcase classname="ptolemy.util.test.junit.AutoTests" name="[103] /home/travis/build/icyphy/ptII/ptolemy/actor/lib/test/auto/CurrentTimeSDF.xml (RunModel)" time="0.01" />
  <testcase classname="ptolemy.util.test.junit.AutoTests" name="[104] /home/travis/build/icyphy/ptII/ptolemy/actor/lib/test/auto/DB.xml (RunModel)" time="0.015" />
  <testcase classname="ptolemy.util.test.junit.AutoTests" name="[105] /home/travis/build/icyphy/ptII/ptolemy/actor/lib/test/auto/DBDE.xml (RunModel)" time="0.014" />
  <testcase classname="ptolemy.util.test.junit.AutoTests" name="[106] /home/travis/build/icyphy/ptII/ptolemy/actor/lib/test/auto/DateConstructor.xml (RunModel)" time="0.071" />
  <testcase classname="ptolemy.util.test.junit.AutoTests" name="[107] /home/travis/build/icyphy/ptII/ptolemy/actor/lib/test/auto/DelayTime.xml (RunModel)" time="0.016" />
  <testcase classname="ptolemy.util.test.junit.AutoTests" name="[108] /home/travis/build/icyphy/ptII/ptolemy/actor/lib/test/auto/Dictionary1.xml (RunModel)" time="0.015" />
  <testcase classname="ptolemy.util.test.junit.AutoTests" name="[109] /home/travis/build/icyphy/ptII/ptolemy/actor/lib/test/auto/Dictionary2.xml (RunModel)" time="0.015" />
  <testcase classname="ptolemy.util.test.junit.AutoTests" name="[110] /home/travis/build/icyphy/ptII/ptolemy/actor/lib/test/auto/Dictionary3.xml (RunModel)" time="0.014" />
  <testcase classname="ptolemy.util.test.junit.AutoTests" name="[111] /home/travis/build/icyphy/ptII/ptolemy/actor/lib/test/auto/Dictionary4.xml (RunModel)" time="0.018" />
  <testcase classname="ptolemy.util.test.junit.AutoTests" name="[112] /home/travis/build/icyphy/ptII/ptolemy/actor/lib/test/auto/Differential.xml (RunModel)" time="0.012" />
  <testcase classname="ptolemy.util.test.junit.AutoTests" name="[113] /home/travis/build/icyphy/ptII/ptolemy/actor/lib/test/auto/Director.xml (RunModel)" time="0.011" />
  <testcase classname="ptolemy.util.test.junit.AutoTests" name="[114] /home/travis/build/icyphy/ptII/ptolemy/actor/lib/test/auto/DiscreteClock.xml (RunModel)" time="0.011" />
  <testcase classname="ptolemy.util.test.junit.AutoTests" name="[115] /home/travis/build/icyphy/ptII/ptolemy/actor/lib/test/auto/DiscreteClock10.xml (RunModel)" time="0.013" />
  <testcase classname="ptolemy.util.test.junit.AutoTests" name="[116] /home/travis/build/icyphy/ptII/ptolemy/actor/lib/test/auto/DiscreteClock11.xml (RunModel)" time="0.014" />
  <testcase classname="ptolemy.util.test.junit.AutoTests" name="[117] /home/travis/build/icyphy/ptII/ptolemy/actor/lib/test/auto/DiscreteClock12.xml (RunModel)" time="0.018" />
  <testcase classname="ptolemy.util.test.junit.AutoTests" name="[118] /home/travis/build/icyphy/ptII/ptolemy/actor/lib/test/auto/DiscreteClock13.xml (RunModel)" time="0.012" />
  <testcase classname="ptolemy.util.test.junit.AutoTests" name="[119] /home/travis/build/icyphy/ptII/ptolemy/actor/lib/test/auto/DiscreteClock14.xml (RunModel)" time="0.019" />
  <testcase classname="ptolemy.util.test.junit.AutoTests" name="[120] /home/travis/build/icyphy/ptII/ptolemy/actor/lib/test/auto/DiscreteClock15.xml (RunModel)" time="0.015" />
  <testcase classname="ptolemy.util.test.junit.AutoTests" name="[121] /home/travis/build/icyphy/ptII/ptolemy/actor/lib/test/auto/DiscreteClock16.xml (RunModel)" time="0.059" />
  <testcase classname="ptolemy.util.test.junit.AutoTests" name="[122] /home/travis/build/icyphy/ptII/ptolemy/actor/lib/test/auto/DiscreteClock17.xml (RunModel)" time="0.04" />
  <testcase classname="ptolemy.util.test.junit.AutoTests" name="[123] /home/travis/build/icyphy/ptII/ptolemy/actor/lib/test/auto/DiscreteClock18.xml (RunModel)" time="0.047" />
  <testcase classname="ptolemy.util.test.junit.AutoTests" name="[124] /home/travis/build/icyphy/ptII/ptolemy/actor/lib/test/auto/DiscreteClock19.xml (RunModel)" time="0.052" />
  <testcase classname="ptolemy.util.test.junit.AutoTests" name="[125] /home/travis/build/icyphy/ptII/ptolemy/actor/lib/test/auto/DiscreteClock2.xml (RunModel)" time="0.012" />
  <testcase classname="ptolemy.util.test.junit.AutoTests" name="[126] /home/travis/build/icyphy/ptII/ptolemy/actor/lib/test/auto/DiscreteClock20.xml (RunModel)" time="0.023" />
  <testcase classname="ptolemy.util.test.junit.AutoTests" name="[127] /home/travis/build/icyphy/ptII/ptolemy/actor/lib/test/auto/DiscreteClock21.xml (RunModel)" time="0.02" />
  <testcase classname="ptolemy.util.test.junit.AutoTests" name="[128] /home/travis/build/icyphy/ptII/ptolemy/actor/lib/test/auto/DiscreteClock22.xml (RunModel)" time="0.014" />
  <testcase classname="ptolemy.util.test.junit.AutoTests" name="[129] /home/travis/build/icyphy/ptII/ptolemy/actor/lib/test/auto/DiscreteClock23.xml (RunModel)" time="0.036" />
  <testcase classname="ptolemy.util.test.junit.AutoTests" name="[130] /home/travis/build/icyphy/ptII/ptolemy/actor/lib/test/auto/DiscreteClock24.xml (RunModel)" time="0.012" />
  <testcase classname="ptolemy.util.test.junit.AutoTests" name="[131] /home/travis/build/icyphy/ptII/ptolemy/actor/lib/test/auto/DiscreteClock4.xml (RunModel)" time="0.015" />
  <testcase classname="ptolemy.util.test.junit.AutoTests" name="[132] /home/travis/build/icyphy/ptII/ptolemy/actor/lib/test/auto/DiscreteClock5.xml (RunModel)" time="0.01" />
  <testcase classname="ptolemy.util.test.junit.AutoTests" name="[133] /home/travis/build/icyphy/ptII/ptolemy/actor/lib/test/auto/DiscreteClock6.xml (RunModel)" time="0.011" />
  <testcase classname="ptolemy.util.test.junit.AutoTests" name="[134] /home/travis/build/icyphy/ptII/ptolemy/actor/lib/test/auto/DiscreteClock7.xml (RunModel)" time="0.01" />
  <testcase classname="ptolemy.util.test.junit.AutoTests" name="[135] /home/travis/build/icyphy/ptII/ptolemy/actor/lib/test/auto/DiscreteClock8.xml (RunModel)" time="0.018" />
  <testcase classname="ptolemy.util.test.junit.AutoTests" name="[136] /home/travis/build/icyphy/ptII/ptolemy/actor/lib/test/auto/DiscreteClock9.xml (RunModel)" time="0.013" />
  <testcase classname="ptolemy.util.test.junit.AutoTests" name="[137] /home/travis/build/icyphy/ptII/ptolemy/actor/lib/test/auto/DisplayArray.xml (RunModel)" time="0.008" />
  <testcase classname="ptolemy.util.test.junit.AutoTests" name="[138] /home/travis/build/icyphy/ptII/ptolemy/actor/lib/test/auto/Distributor.xml (RunModel)" time="0.01" />
  <testcase classname="ptolemy.util.test.junit.AutoTests" name="[139] /home/travis/build/icyphy/ptII/ptolemy/actor/lib/test/auto/Distributor2.xml (RunModel)" time="0.011" />
  <testcase classname="ptolemy.util.test.junit.AutoTests" name="[140] /home/travis/build/icyphy/ptII/ptolemy/actor/lib/test/auto/DownSample.xml (RunModel)" time="0.012" />
  <testcase classname="ptolemy.util.test.junit.AutoTests" name="[141] /home/travis/build/icyphy/ptII/ptolemy/actor/lib/test/auto/ElectronicUnitBase1.xml (RunModel)" time="0.062" />
  <testcase classname="ptolemy.util.test.junit.AutoTests" name="[142] /home/travis/build/icyphy/ptII/ptolemy/actor/lib/test/auto/ElementsToArray.xml (RunModel)" time="0.01" />
  <testcase classname="ptolemy.util.test.junit.AutoTests" name="[143] /home/travis/build/icyphy/ptII/ptolemy/actor/lib/test/auto/Equals.xml (RunModel)" time="0.014" />
  <testcase classname="ptolemy.util.test.junit.AutoTests" name="[144] /home/travis/build/icyphy/ptII/ptolemy/actor/lib/test/auto/Exec.xml (RunModel)" time="0.028" />
  <testcase classname="ptolemy.util.test.junit.AutoTests" name="[145] /home/travis/build/icyphy/ptII/ptolemy/actor/lib/test/auto/ExecEnvironment.xml (RunModel)" time="0.045" />
  <testcase classname="ptolemy.util.test.junit.AutoTests" name="[146] /home/travis/build/icyphy/ptII/ptolemy/actor/lib/test/auto/ExecNonZeroReturnOutput.xml (RunModel)" time="0.19" />
  <testcase classname="ptolemy.util.test.junit.AutoTests" name="[147] /home/travis/build/icyphy/ptII/ptolemy/actor/lib/test/auto/ExecRunDemos.xml (RunModel)" time="10.527" />
  <testcase classname="ptolemy.util.test.junit.AutoTests" name="[148] /home/travis/build/icyphy/ptII/ptolemy/actor/lib/test/auto/ExecStop.xml (RunModel)" time="5.03" />
  <testcase classname="ptolemy.util.test.junit.AutoTests" name="[149] /home/travis/build/icyphy/ptII/ptolemy/actor/lib/test/auto/ExecutionTimeSDF.xml (RunModel)" time="6.04" />
  <testcase classname="ptolemy.util.test.junit.AutoTests" name="[150] /home/travis/build/icyphy/ptII/ptolemy/actor/lib/test/auto/Expression1.xml (RunModel)" time="0.011" />
  <testcase classname="ptolemy.util.test.junit.AutoTests" name="[151] /home/travis/build/icyphy/ptII/ptolemy/actor/lib/test/auto/Expression10.xml (RunModel)" time="0.031" />
  <testcase classname="ptolemy.util.test.junit.AutoTests" name="[152] /home/travis/build/icyphy/ptII/ptolemy/actor/lib/test/auto/Expression11.xml (RunModel)" time="0.027" />
  <testcase classname="ptolemy.util.test.junit.AutoTests" name="[153] /home/travis/build/icyphy/ptII/ptolemy/actor/lib/test/auto/Expression12.xml (RunModel)" time="0.017" />
  <testcase classname="ptolemy.util.test.junit.AutoTests" name="[154] /home/travis/build/icyphy/ptII/ptolemy/actor/lib/test/auto/Expression13.xml (RunModel)" time="0.015" />
  <testcase classname="ptolemy.util.test.junit.AutoTests" name="[155] /home/travis/build/icyphy/ptII/ptolemy/actor/lib/test/auto/Expression14.xml (RunModel)" time="0.018" />
  <testcase classname="ptolemy.util.test.junit.AutoTests" name="[156] /home/travis/build/icyphy/ptII/ptolemy/actor/lib/test/auto/Expression15.xml (RunModel)" time="0.009" />
  <testcase classname="ptolemy.util.test.junit.AutoTests" name="[157] /home/travis/build/icyphy/ptII/ptolemy/actor/lib/test/auto/Expression16.xml (RunModel)" time="0.015" />
  <testcase classname="ptolemy.util.test.junit.AutoTests" name="[158] /home/travis/build/icyphy/ptII/ptolemy/actor/lib/test/auto/Expression17.xml (RunModel)" time="0.011" />
  <testcase classname="ptolemy.util.test.junit.AutoTests" name="[159] /home/travis/build/icyphy/ptII/ptolemy/actor/lib/test/auto/Expression18.xml (RunModel)" time="0.012" />
  <testcase classname="ptolemy.util.test.junit.AutoTests" name="[160] /home/travis/build/icyphy/ptII/ptolemy/actor/lib/test/auto/Expression2.xml (RunModel)" time="0.011" />
  <testcase classname="ptolemy.util.test.junit.AutoTests" name="[161] /home/travis/build/icyphy/ptII/ptolemy/actor/lib/test/auto/Expression3.xml (RunModel)" time="0.013" />
  <testcase classname="ptolemy.util.test.junit.AutoTests" name="[162] /home/travis/build/icyphy/ptII/ptolemy/actor/lib/test/auto/Expression4.xml (RunModel)" time="0.017" />
  <testcase classname="ptolemy.util.test.junit.AutoTests" name="[163] /home/travis/build/icyphy/ptII/ptolemy/actor/lib/test/auto/Expression5.xml (RunModel)" time="0.013" />
  <testcase classname="ptolemy.util.test.junit.AutoTests" name="[164] /home/travis/build/icyphy/ptII/ptolemy/actor/lib/test/auto/Expression6.xml (RunModel)" time="0.01" />
  <testcase classname="ptolemy.util.test.junit.AutoTests" name="[165] /home/travis/build/icyphy/ptII/ptolemy/actor/lib/test/auto/Expression7.xml (RunModel)" time="0.012" />
  <testcase classname="ptolemy.util.test.junit.AutoTests" name="[166] /home/travis/build/icyphy/ptII/ptolemy/actor/lib/test/auto/Expression8.xml (RunModel)" time="0.015" />
  <testcase classname="ptolemy.util.test.junit.AutoTests" name="[167] /home/travis/build/icyphy/ptII/ptolemy/actor/lib/test/auto/Expression9.xml (RunModel)" time="0.008" />
  <testcase classname="ptolemy.util.test.junit.AutoTests" name="[168] /home/travis/build/icyphy/ptII/ptolemy/actor/lib/test/auto/ExpressionConcatenateArrayType.xml (RunModel)" time="0.044" />
  <testcase classname="ptolemy.util.test.junit.AutoTests" name="[169] /home/travis/build/icyphy/ptII/ptolemy/actor/lib/test/auto/ExpressionConcatenateArrayType2.xml (RunModel)" time="0.021" />
  <testcase classname="ptolemy.util.test.junit.AutoTests" name="[170] /home/travis/build/icyphy/ptII/ptolemy/actor/lib/test/auto/ExpressionFix.xml (RunModel)" time="0.026" />
  <testcase classname="ptolemy.util.test.junit.AutoTests" name="[171] /home/travis/build/icyphy/ptII/ptolemy/actor/lib/test/auto/ExpressionFix2.xml (RunModel)" time="0.013" />
  <testcase classname="ptolemy.util.test.junit.AutoTests" name="[172] /home/travis/build/icyphy/ptII/ptolemy/actor/lib/test/auto/ExpressionFix3.xml (RunModel)" time="0.013" />
  <testcase classname="ptolemy.util.test.junit.AutoTests" name="[173] /home/travis/build/icyphy/ptII/ptolemy/actor/lib/test/auto/FileWriter1.xml (RunModel)" time="0.009" />
  <testcase classname="ptolemy.util.test.junit.AutoTests" name="[174] /home/travis/build/icyphy/ptII/ptolemy/actor/lib/test/auto/FileWriter2.xml (RunModel)" time="0.013" />
  <testcase classname="ptolemy.util.test.junit.AutoTests" name="[175] /home/travis/build/icyphy/ptII/ptolemy/actor/lib/test/auto/FileWriter3.xml (RunModel)" time="0.013" />
  <testcase classname="ptolemy.util.test.junit.AutoTests" name="[176] /home/travis/build/icyphy/ptII/ptolemy/actor/lib/test/auto/Gaussian.xml (RunModel)" time="0.012" />
  <testcase classname="ptolemy.util.test.junit.AutoTests" name="[177] /home/travis/build/icyphy/ptII/ptolemy/actor/lib/test/auto/Gaussian1.xml (RunModel)" time="0.018" />
  <testcase classname="ptolemy.util.test.junit.AutoTests" name="[178] /home/travis/build/icyphy/ptII/ptolemy/actor/lib/test/auto/Gaussian2.xml (RunModel)" time="0.017" />
  <testcase classname="ptolemy.util.test.junit.AutoTests" name="[179] /home/travis/build/icyphy/ptII/ptolemy/actor/lib/test/auto/GradientAdaptiveLattice.xml (RunModel)" time="0.021" />
  <testcase classname="ptolemy.util.test.junit.AutoTests" name="[180] /home/travis/build/icyphy/ptII/ptolemy/actor/lib/test/auto/IIR.xml (RunModel)" time="0.016" />
  <testcase classname="ptolemy.util.test.junit.AutoTests" name="[181] /home/travis/build/icyphy/ptII/ptolemy/actor/lib/test/auto/InputOutputTransparentPorts.xml (RunModel)" time="0.019" />
  <testcase classname="ptolemy.util.test.junit.AutoTests" name="[182] /home/travis/build/icyphy/ptII/ptolemy/actor/lib/test/auto/Interpolator.xml (RunModel)" time="0.009" />
  <testcase classname="ptolemy.util.test.junit.AutoTests" name="[183] /home/travis/build/icyphy/ptII/ptolemy/actor/lib/test/auto/InterpolatorFiringLimitDE.xml (RunModel)" time="0.011" />
  <testcase classname="ptolemy.util.test.junit.AutoTests" name="[184] /home/travis/build/icyphy/ptII/ptolemy/actor/lib/test/auto/Lattice.xml (RunModel)" time="0.008" />
  <testcase classname="ptolemy.util.test.junit.AutoTests" name="[185] /home/travis/build/icyphy/ptII/ptolemy/actor/lib/test/auto/LazyAOCTestLazy.xml (RunModel)" time="0.034" />
  <testcase classname="ptolemy.util.test.junit.AutoTests" name="[186] /home/travis/build/icyphy/ptII/ptolemy/actor/lib/test/auto/LazyAOCTestNonLazy.xml (RunModel)" time="0.018" />
  <testcase classname="ptolemy.util.test.junit.AutoTests" name="[187] /home/travis/build/icyphy/ptII/ptolemy/actor/lib/test/auto/LazyInnerClass.xml (RunModel)" time="0.019" />
  <testcase classname="ptolemy.util.test.junit.AutoTests" name="[188] /home/travis/build/icyphy/ptII/ptolemy/actor/lib/test/auto/LazyPubSub.xml (RunModel)" time="0.03" />
  <testcase classname="ptolemy.util.test.junit.AutoTests" name="[189] /home/travis/build/icyphy/ptII/ptolemy/actor/lib/test/auto/LazyPubSub2.xml (RunModel)" time="0.056" />
  <testcase classname="ptolemy.util.test.junit.AutoTests" name="[190] /home/travis/build/icyphy/ptII/ptolemy/actor/lib/test/auto/LazyPubSub3.xml (RunModel)" time="0.044" />
  <testcase classname="ptolemy.util.test.junit.AutoTests" name="[191] /home/travis/build/icyphy/ptII/ptolemy/actor/lib/test/auto/LazySubClassModel.xml (RunModel)" time="0.038" />
  <testcase classname="ptolemy.util.test.junit.AutoTests" name="[192] /home/travis/build/icyphy/ptII/ptolemy/actor/lib/test/auto/LevelCrossTest1.xml (RunModel)" time="0.012" />
  <testcase classname="ptolemy.util.test.junit.AutoTests" name="[193] /home/travis/build/icyphy/ptII/ptolemy/actor/lib/test/auto/LevelCrossTest10.xml (RunModel)" time="0.015" />
  <testcase classname="ptolemy.util.test.junit.AutoTests" name="[194] /home/travis/build/icyphy/ptII/ptolemy/actor/lib/test/auto/LevelCrossTest11.xml (RunModel)" time="0.014" />
  <testcase classname="ptolemy.util.test.junit.AutoTests" name="[195] /home/travis/build/icyphy/ptII/ptolemy/actor/lib/test/auto/LevelCrossTest12.xml (RunModel)" time="0.04" />
  <testcase classname="ptolemy.util.test.junit.AutoTests" name="[196] /home/travis/build/icyphy/ptII/ptolemy/actor/lib/test/auto/LevelCrossTest13.xml (RunModel)" time="0.014" />
  <testcase classname="ptolemy.util.test.junit.AutoTests" name="[197] /home/travis/build/icyphy/ptII/ptolemy/actor/lib/test/auto/LevelCrossTest2.xml (RunModel)" time="0.01" />
  <testcase classname="ptolemy.util.test.junit.AutoTests" name="[198] /home/travis/build/icyphy/ptII/ptolemy/actor/lib/test/auto/LevelCrossTest3.xml (RunModel)" time="0.013" />
  <testcase classname="ptolemy.util.test.junit.AutoTests" name="[199] /home/travis/build/icyphy/ptII/ptolemy/actor/lib/test/auto/LevelCrossTest4.xml (RunModel)" time="0.012" />
  <testcase classname="ptolemy.util.test.junit.AutoTests" name="[200] /home/travis/build/icyphy/ptII/ptolemy/actor/lib/test/auto/LevelCrossTest5.xml (RunModel)" time="0.016" />
  <testcase classname="ptolemy.util.test.junit.AutoTests" name="[201] /home/travis/build/icyphy/ptII/ptolemy/actor/lib/test/auto/LevelCrossTest6.xml (RunModel)" time="0.014" />
  <testcase classname="ptolemy.util.test.junit.AutoTests" name="[202] /home/travis/build/icyphy/ptII/ptolemy/actor/lib/test/auto/LevelCrossTest7.xml (RunModel)" time="0.023" />
  <testcase classname="ptolemy.util.test.junit.AutoTests" name="[203] /home/travis/build/icyphy/ptII/ptolemy/actor/lib/test/auto/LevelCrossTest8.xml (RunModel)" time="0.015" />
  <testcase classname="ptolemy.util.test.junit.AutoTests" name="[204] /home/travis/build/icyphy/ptII/ptolemy/actor/lib/test/auto/LevelCrossTest9.xml (RunModel)" time="0.014" />
  <testcase classname="ptolemy.util.test.junit.AutoTests" name="[205] /home/travis/build/icyphy/ptII/ptolemy/actor/lib/test/auto/LevinsonDurbin.xml (RunModel)" time="0.019" />
  <testcase classname="ptolemy.util.test.junit.AutoTests" name="[206] /home/travis/build/icyphy/ptII/ptolemy/actor/lib/test/auto/LevinsonDurbin2.xml (RunModel)" time="0.012" />
  <testcase classname="ptolemy.util.test.junit.AutoTests" name="[207] /home/travis/build/icyphy/ptII/ptolemy/actor/lib/test/auto/LevinsonDurbin3.xml (RunModel)" time="0.009" />
  <testcase classname="ptolemy.util.test.junit.AutoTests" name="[208] /home/travis/build/icyphy/ptII/ptolemy/actor/lib/test/auto/Limiter.xml (RunModel)" time="0.038" />
  <testcase classname="ptolemy.util.test.junit.AutoTests" name="[209] /home/travis/build/icyphy/ptII/ptolemy/actor/lib/test/auto/LinearDifferenceEquationSystem.xml (RunModel)" time="0.032" />
  <testcase classname="ptolemy.util.test.junit.AutoTests" name="[210] /home/travis/build/icyphy/ptII/ptolemy/actor/lib/test/auto/LookupTable.xml (RunModel)" time="0.013" />
  <testcase classname="ptolemy.util.test.junit.AutoTests" name="[211] /home/travis/build/icyphy/ptII/ptolemy/actor/lib/test/auto/MathFunction.xml (RunModel)" time="0.018" />
  <testcase classname="ptolemy.util.test.junit.AutoTests" name="[212] /home/travis/build/icyphy/ptII/ptolemy/actor/lib/test/auto/MathFunction2.xml (RunModel)" time="0.01" />
  <testcase classname="ptolemy.util.test.junit.AutoTests" name="[213] /home/travis/build/icyphy/ptII/ptolemy/actor/lib/test/auto/MathFunction3.xml (RunModel)" time="0.017" />
  <testcase classname="ptolemy.util.test.junit.AutoTests" name="[214] /home/travis/build/icyphy/ptII/ptolemy/actor/lib/test/auto/MatrixCropBoolean.xml (RunModel)" time="0.013" />
  <testcase classname="ptolemy.util.test.junit.AutoTests" name="[215] /home/travis/build/icyphy/ptII/ptolemy/actor/lib/test/auto/MatrixCropComplex.xml (RunModel)" time="0.01" />
  <testcase classname="ptolemy.util.test.junit.AutoTests" name="[216] /home/travis/build/icyphy/ptII/ptolemy/actor/lib/test/auto/MatrixCropDouble.xml (RunModel)" time="0.01" />
  <testcase classname="ptolemy.util.test.junit.AutoTests" name="[217] /home/travis/build/icyphy/ptII/ptolemy/actor/lib/test/auto/MatrixCropFix.xml (RunModel)" time="0.017" />
  <testcase classname="ptolemy.util.test.junit.AutoTests" name="[218] /home/travis/build/icyphy/ptII/ptolemy/actor/lib/test/auto/MatrixCropInt.xml (RunModel)" time="0.011" />
  <testcase classname="ptolemy.util.test.junit.AutoTests" name="[219] /home/travis/build/icyphy/ptII/ptolemy/actor/lib/test/auto/MatrixCropLong.xml (RunModel)" time="0.011" />
  <testcase classname="ptolemy.util.test.junit.AutoTests" name="[220] /home/travis/build/icyphy/ptII/ptolemy/actor/lib/test/auto/MatrixToArray.xml (RunModel)" time="0.052" />
  <testcase classname="ptolemy.util.test.junit.AutoTests" name="[221] /home/travis/build/icyphy/ptII/ptolemy/actor/lib/test/auto/MaxIndex.xml (RunModel)" time="0.021" />
  <testcase classname="ptolemy.util.test.junit.AutoTests" name="[222] /home/travis/build/icyphy/ptII/ptolemy/actor/lib/test/auto/Maximum.xml (RunModel)" time="0.018" />
  <testcase classname="ptolemy.util.test.junit.AutoTests" name="[223] /home/travis/build/icyphy/ptII/ptolemy/actor/lib/test/auto/MaximumComplex.xml (RunModel)" time="0.015" />
  <testcase classname="ptolemy.util.test.junit.AutoTests" name="[224] /home/travis/build/icyphy/ptII/ptolemy/actor/lib/test/auto/MethodCallTest.xml (RunModel)" time="0.021" />
  <testcase classname="ptolemy.util.test.junit.AutoTests" name="[225] /home/travis/build/icyphy/ptII/ptolemy/actor/lib/test/auto/Minimum.xml (RunModel)" time="0.014" />
  <testcase classname="ptolemy.util.test.junit.AutoTests" name="[226] /home/travis/build/icyphy/ptII/ptolemy/actor/lib/test/auto/MinimumComplex.xml (RunModel)" time="0.025" />
  <testcase classname="ptolemy.util.test.junit.AutoTests" name="[227] /home/travis/build/icyphy/ptII/ptolemy/actor/lib/test/auto/MinimumMultiports.xml (RunModel)" time="0.016" />
  <testcase classname="ptolemy.util.test.junit.AutoTests" name="[228] /home/travis/build/icyphy/ptII/ptolemy/actor/lib/test/auto/ModifyDate.xml (RunModel)" time="0.041" />
  <testcase classname="ptolemy.util.test.junit.AutoTests" name="[229] /home/travis/build/icyphy/ptII/ptolemy/actor/lib/test/auto/ModifyDate2.xml (RunModel)" time="0.029" />
  <testcase classname="ptolemy.util.test.junit.AutoTests" name="[230] /home/travis/build/icyphy/ptII/ptolemy/actor/lib/test/auto/MovingAverage.xml (RunModel)" time="0.011" />
  <testcase classname="ptolemy.util.test.junit.AutoTests" name="[231] /home/travis/build/icyphy/ptII/ptolemy/actor/lib/test/auto/MovingMaximum.xml (RunModel)" time="0.011" />
  <testcase classname="ptolemy.util.test.junit.AutoTests" name="[232] /home/travis/build/icyphy/ptII/ptolemy/actor/lib/test/auto/MultipleLinksToSameRelation.xml (RunModel)" time="0.008" />
  <testcase classname="ptolemy.util.test.junit.AutoTests" name="[233] /home/travis/build/icyphy/ptII/ptolemy/actor/lib/test/auto/MultipleLinksToSameRelationDE.xml (RunModel)" time="0.009" />
  <testcase classname="ptolemy.util.test.junit.AutoTests" name="[234] /home/travis/build/icyphy/ptII/ptolemy/actor/lib/test/auto/Multiplexor.xml (RunModel)" time="0.012" />
  <testcase classname="ptolemy.util.test.junit.AutoTests" name="[235] /home/travis/build/icyphy/ptII/ptolemy/actor/lib/test/auto/Multiplexor1.xml (RunModel)" time="0.012" />
  <testcase classname="ptolemy.util.test.junit.AutoTests" name="[236] /home/travis/build/icyphy/ptII/ptolemy/actor/lib/test/auto/Multiplexor2.xml (RunModel)" time="0.012" />
  <testcase classname="ptolemy.util.test.junit.AutoTests" name="[237] /home/travis/build/icyphy/ptII/ptolemy/actor/lib/test/auto/Multiplexor3.xml (RunModel)" time="0.008" />
  <testcase classname="ptolemy.util.test.junit.AutoTests" name="[238] /home/travis/build/icyphy/ptII/ptolemy/actor/lib/test/auto/MultiplexorDE.xml (RunModel)" time="0.024" />
  <testcase classname="ptolemy.util.test.junit.AutoTests" name="[239] /home/travis/build/icyphy/ptII/ptolemy/actor/lib/test/auto/MultiportBroadcastTest.xml (RunModel)" time="0.097" />
  <testcase classname="ptolemy.util.test.junit.AutoTests" name="[240] /home/travis/build/icyphy/ptII/ptolemy/actor/lib/test/auto/MultiportOutHangDuringGetWidth.xml (RunModel)" time="0.028" />
  <testcase classname="ptolemy.util.test.junit.AutoTests" name="[241] /home/travis/build/icyphy/ptII/ptolemy/actor/lib/test/auto/NilToken.xml (RunModel)" time="0.007" />
  <testcase classname="ptolemy.util.test.junit.AutoTests" name="[242] /home/travis/build/icyphy/ptII/ptolemy/actor/lib/test/auto/NilTokenNonStrictTest.xml (RunModel)" time="0.01" />
  <testcase classname="ptolemy.util.test.junit.AutoTests" name="[243] /home/travis/build/icyphy/ptII/ptolemy/actor/lib/test/auto/NilTokenRecord.xml (RunModel)" time="0.019" />
  <testcase classname="ptolemy.util.test.junit.AutoTests" name="[244] /home/travis/build/icyphy/ptII/ptolemy/actor/lib/test/auto/NilTokenTypeTest.xml (RunModel)" time="0.034" />
  <testcase classname="ptolemy.util.test.junit.AutoTests" name="[245] /home/travis/build/icyphy/ptII/ptolemy/actor/lib/test/auto/ObjectToken1.xml (RunModel)" time="0.009" />
  <testcase classname="ptolemy.util.test.junit.AutoTests" name="[246] /home/travis/build/icyphy/ptII/ptolemy/actor/lib/test/auto/OrderedMerge.xml (RunModel)" time="0.025" />
  <testcase classname="ptolemy.util.test.junit.AutoTests" name="[247] /home/travis/build/icyphy/ptII/ptolemy/actor/lib/test/auto/OrderedRecordDisassembler.xml (RunModel)" time="0.015" />
  <testcase classname="ptolemy.util.test.junit.AutoTests" name="[248] /home/travis/build/icyphy/ptII/ptolemy/actor/lib/test/auto/OrderedRecordDisassembler2.xml (RunModel)" time="0.018" />
  <testcase classname="ptolemy.util.test.junit.AutoTests" name="[249] /home/travis/build/icyphy/ptII/ptolemy/actor/lib/test/auto/OrderedRecordUpdater.xml (RunModel)" time="0.01" />
  <testcase classname="ptolemy.util.test.junit.AutoTests" name="[250] /home/travis/build/icyphy/ptII/ptolemy/actor/lib/test/auto/OrderedRecordUpdater2.xml (RunModel)" time="0.017" />
  <testcase classname="ptolemy.util.test.junit.AutoTests" name="[251] /home/travis/build/icyphy/ptII/ptolemy/actor/lib/test/auto/PhaseUnwrap.xml (RunModel)" time="0.012" />
  <testcase classname="ptolemy.util.test.junit.AutoTests" name="[252] /home/travis/build/icyphy/ptII/ptolemy/actor/lib/test/auto/PoissonClock.xml (RunModel)" time="0.01" />
  <testcase classname="ptolemy.util.test.junit.AutoTests" name="[253] /home/travis/build/icyphy/ptII/ptolemy/actor/lib/test/auto/PoissonClock2.xml (RunModel)" time="0.008" />
  <testcase classname="ptolemy.util.test.junit.AutoTests" name="[254] /home/travis/build/icyphy/ptII/ptolemy/actor/lib/test/auto/PoissonClock3.xml (RunModel)" time="0.023" />
  <testcase classname="ptolemy.util.test.junit.AutoTests" name="[255] /home/travis/build/icyphy/ptII/ptolemy/actor/lib/test/auto/PubSubWithInitialTokens.xml (RunModel)" time="0.015" />
  <testcase classname="ptolemy.util.test.junit.AutoTests" name="[256] /home/travis/build/icyphy/ptII/ptolemy/actor/lib/test/auto/PubSubWithInitialTokens2.xml (RunModel)" time="0.01" />
  <testcase classname="ptolemy.util.test.junit.AutoTests" name="[257] /home/travis/build/icyphy/ptII/ptolemy/actor/lib/test/auto/PublisherClassNoParameter.xml (RunModel)" time="0.027" />
  <testcase classname="ptolemy.util.test.junit.AutoTests" name="[258] /home/travis/build/icyphy/ptII/ptolemy/actor/lib/test/auto/PublisherClassParameter.xml (RunModel)" time="0.022" />
  <testcase classname="ptolemy.util.test.junit.AutoTests" name="[259] /home/travis/build/icyphy/ptII/ptolemy/actor/lib/test/auto/PublisherNonStrictTest.xml (RunModel)" time="0.015" />
  <testcase classname="ptolemy.util.test.junit.AutoTests" name="[260] /home/travis/build/icyphy/ptII/ptolemy/actor/lib/test/auto/PublisherPort1.xml (RunModel)" time="0.02" />
  <testcase classname="ptolemy.util.test.junit.AutoTests" name="[261] /home/travis/build/icyphy/ptII/ptolemy/actor/lib/test/auto/PublisherPort2.xml (RunModel)" time="0.018" />
  <testcase classname="ptolemy.util.test.junit.AutoTests" name="[262] /home/travis/build/icyphy/ptII/ptolemy/actor/lib/test/auto/PublisherPort3.xml (RunModel)" time="0.011" />
  <testcase classname="ptolemy.util.test.junit.AutoTests" name="[263] /home/travis/build/icyphy/ptII/ptolemy/actor/lib/test/auto/PublisherPort4.xml (RunModel)" time="0.01" />
  <testcase classname="ptolemy.util.test.junit.AutoTests" name="[264] /home/travis/build/icyphy/ptII/ptolemy/actor/lib/test/auto/PublisherPort5.xml (RunModel)" time="0.013" />
  <testcase classname="ptolemy.util.test.junit.AutoTests" name="[265] /home/travis/build/icyphy/ptII/ptolemy/actor/lib/test/auto/PublisherPort5LookAlike.xml (RunModel)" time="0.017" />
  <testcase classname="ptolemy.util.test.junit.AutoTests" name="[266] /home/travis/build/icyphy/ptII/ptolemy/actor/lib/test/auto/PublisherPort6.xml (RunModel)" time="0.011" />
  <testcase classname="ptolemy.util.test.junit.AutoTests" name="[267] /home/travis/build/icyphy/ptII/ptolemy/actor/lib/test/auto/PublisherPort7.xml (RunModel)" time="0.014" />
  <testcase classname="ptolemy.util.test.junit.AutoTests" name="[268] /home/travis/build/icyphy/ptII/ptolemy/actor/lib/test/auto/PublisherPort8.xml (RunModel)" time="0.016" />
  <testcase classname="ptolemy.util.test.junit.AutoTests" name="[269] /home/travis/build/icyphy/ptII/ptolemy/actor/lib/test/auto/PublisherPortSubscriberChannelVariablesAOC2.xml (RunModel)" time="0.032" />
  <testcase classname="ptolemy.util.test.junit.AutoTests" name="[270] /home/travis/build/icyphy/ptII/ptolemy/actor/lib/test/auto/PublisherPortSubscriberOpaqueWidthInference.xml (RunModel)" time="0.015" />
  <testcase classname="ptolemy.util.test.junit.AutoTests" name="[271] /home/travis/build/icyphy/ptII/ptolemy/actor/lib/test/auto/PublisherPortSubscriberPortAdjacent.xml (RunModel)" time="0.019" />
  <testcase classname="ptolemy.util.test.junit.AutoTests" name="[272] /home/travis/build/icyphy/ptII/ptolemy/actor/lib/test/auto/PublisherPortSubscriberPortExpression.xml (RunModel)" time="0.016" />
  <testcase classname="ptolemy.util.test.junit.AutoTests" name="[273] /home/travis/build/icyphy/ptII/ptolemy/actor/lib/test/auto/PublisherPortSubscriberPortOpaqueD3Reverse.xml (RunModel)" time="0.035" />
  <testcase classname="ptolemy.util.test.junit.AutoTests" name="[274] /home/travis/build/icyphy/ptII/ptolemy/actor/lib/test/auto/PublisherPortSubscriberPortOpaqueWidthInference.xml (RunModel)" time="0.015" />
  <testcase classname="ptolemy.util.test.junit.AutoTests" name="[275] /home/travis/build/icyphy/ptII/ptolemy/actor/lib/test/auto/PublisherPortToplevelSubscriberPortAOC.xml (RunModel)" time="0.011" />
  <testcase classname="ptolemy.util.test.junit.AutoTests" name="[276] /home/travis/build/icyphy/ptII/ptolemy/actor/lib/test/auto/PublisherSubscriber.xml (RunModel)" time="0.012" />
  <testcase classname="ptolemy.util.test.junit.AutoTests" name="[277] /home/travis/build/icyphy/ptII/ptolemy/actor/lib/test/auto/PublisherSubscriber10.xml (RunModel)" time="0.019" />
  <testcase classname="ptolemy.util.test.junit.AutoTests" name="[278] /home/travis/build/icyphy/ptII/ptolemy/actor/lib/test/auto/PublisherSubscriber10InitialOutputs.xml (RunModel)" time="0.027" />
  <testcase classname="ptolemy.util.test.junit.AutoTests" name="[279] /home/travis/build/icyphy/ptII/ptolemy/actor/lib/test/auto/PublisherSubscriber11.xml (RunModel)" time="0.014" />
  <testcase classname="ptolemy.util.test.junit.AutoTests" name="[280] /home/travis/build/icyphy/ptII/ptolemy/actor/lib/test/auto/PublisherSubscriber12.xml (RunModel)" time="0.024" />
  <testcase classname="ptolemy.util.test.junit.AutoTests" name="[281] /home/travis/build/icyphy/ptII/ptolemy/actor/lib/test/auto/PublisherSubscriber13.xml (RunModel)" time="0.01" />
  <testcase classname="ptolemy.util.test.junit.AutoTests" name="[282] /home/travis/build/icyphy/ptII/ptolemy/actor/lib/test/auto/PublisherSubscriber14.xml (RunModel)" time="0.019" />
  <testcase classname="ptolemy.util.test.junit.AutoTests" name="[283] /home/travis/build/icyphy/ptII/ptolemy/actor/lib/test/auto/PublisherSubscriber2.xml (RunModel)" time="0.011" />
  <testcase classname="ptolemy.util.test.junit.AutoTests" name="[284] /home/travis/build/icyphy/ptII/ptolemy/actor/lib/test/auto/PublisherSubscriber3.xml (RunModel)" time="0.01" />
  <testcase classname="ptolemy.util.test.junit.AutoTests" name="[285] /home/travis/build/icyphy/ptII/ptolemy/actor/lib/test/auto/PublisherSubscriber4.xml (RunModel)" time="0.01" />
  <testcase classname="ptolemy.util.test.junit.AutoTests" name="[286] /home/travis/build/icyphy/ptII/ptolemy/actor/lib/test/auto/PublisherSubscriber5.xml (RunModel)" time="0.012" />
  <testcase classname="ptolemy.util.test.junit.AutoTests" name="[287] /home/travis/build/icyphy/ptII/ptolemy/actor/lib/test/auto/PublisherSubscriber6.xml (RunModel)" time="0.016" />
  <testcase classname="ptolemy.util.test.junit.AutoTests" name="[288] /home/travis/build/icyphy/ptII/ptolemy/actor/lib/test/auto/PublisherSubscriber7.xml (RunModel)" time="0.026" />
  <testcase classname="ptolemy.util.test.junit.AutoTests" name="[289] /home/travis/build/icyphy/ptII/ptolemy/actor/lib/test/auto/PublisherSubscriber8.xml (RunModel)" time="0.029" />
  <testcase classname="ptolemy.util.test.junit.AutoTests" name="[290] /home/travis/build/icyphy/ptII/ptolemy/actor/lib/test/auto/PublisherSubscriber9.xml (RunModel)" time="0.018" />
  <testcase classname="ptolemy.util.test.junit.AutoTests" name="[291] /home/travis/build/icyphy/ptII/ptolemy/actor/lib/test/auto/PublisherSubscriberAdjacent.xml (RunModel)" time="0.013" />
  <testcase classname="ptolemy.util.test.junit.AutoTests" name="[292] /home/travis/build/icyphy/ptII/ptolemy/actor/lib/test/auto/PublisherSubscriberChannelVariablesAOC2.xml (RunModel)" time="0.028" />
  <testcase classname="ptolemy.util.test.junit.AutoTests" name="[293] /home/travis/build/icyphy/ptII/ptolemy/actor/lib/test/auto/PublisherSubscriberD3.xml (RunModel)" time="0.012" />
  <testcase classname="ptolemy.util.test.junit.AutoTests" name="[294] /home/travis/build/icyphy/ptII/ptolemy/actor/lib/test/auto/PublisherSubscriberD3Reverse.xml (RunModel)" time="0.011" />
  <testcase classname="ptolemy.util.test.junit.AutoTests" name="[295] /home/travis/build/icyphy/ptII/ptolemy/actor/lib/test/auto/PublisherSubscriberExpression.xml (RunModel)" time="0.016" />
  <testcase classname="ptolemy.util.test.junit.AutoTests" name="[296] /home/travis/build/icyphy/ptII/ptolemy/actor/lib/test/auto/PublisherSubscriberOpaque.xml (RunModel)" time="0.02" />
  <testcase classname="ptolemy.util.test.junit.AutoTests" name="[297] /home/travis/build/icyphy/ptII/ptolemy/actor/lib/test/auto/PublisherSubscriberOpaqueD3.xml (RunModel)" time="0.02" />
  <testcase classname="ptolemy.util.test.junit.AutoTests" name="[298] /home/travis/build/icyphy/ptII/ptolemy/actor/lib/test/auto/PublisherSubscriberOpaqueD3Reverse.xml (RunModel)" time="0.02" />
  <testcase classname="ptolemy.util.test.junit.AutoTests" name="[299] /home/travis/build/icyphy/ptII/ptolemy/actor/lib/test/auto/PublisherSubscriberOpaqueWidthInference.xml (RunModel)" time="0.016" />
  <testcase classname="ptolemy.util.test.junit.AutoTests" name="[300] /home/travis/build/icyphy/ptII/ptolemy/actor/lib/test/auto/PublisherTestSubscriber.xml (RunModel)" time="0.014" />
  <testcase classname="ptolemy.util.test.junit.AutoTests" name="[301] /home/travis/build/icyphy/ptII/ptolemy/actor/lib/test/auto/PublisherToplevelSubscriberPortAOC.xml (RunModel)" time="0.009" />
  <testcase classname="ptolemy.util.test.junit.AutoTests" name="[302] /home/travis/build/icyphy/ptII/ptolemy/actor/lib/test/auto/PulseFiringLimitDE.xml (RunModel)" time="0.012" />
  <testcase classname="ptolemy.util.test.junit.AutoTests" name="[303] /home/travis/build/icyphy/ptII/ptolemy/actor/lib/test/auto/Ramp1.xml (RunModel)" time="0.006" />
  <testcase classname="ptolemy.util.test.junit.AutoTests" name="[304] /home/travis/build/icyphy/ptII/ptolemy/actor/lib/test/auto/RampFiringLimitDE.xml (RunModel)" time="0.01" />
  <testcase classname="ptolemy.util.test.junit.AutoTests" name="[305] /home/travis/build/icyphy/ptII/ptolemy/actor/lib/test/auto/RampFiringLimitSDF.xml (RunModel)" time="0.009" />
  <testcase classname="ptolemy.util.test.junit.AutoTests" name="[306] /home/travis/build/icyphy/ptII/ptolemy/actor/lib/test/auto/RandomInteger.xml (RunModel)" time="0.007" />
  <testcase classname="ptolemy.util.test.junit.AutoTests" name="[307] /home/travis/build/icyphy/ptII/ptolemy/actor/lib/test/auto/ReadFile1.xml (RunModel)" time="0.029" />
  <testcase classname="ptolemy.util.test.junit.AutoTests" name="[308] /home/travis/build/icyphy/ptII/ptolemy/actor/lib/test/auto/ReadFile2.xml (RunModel)" time="0.007" />
  <testcase classname="ptolemy.util.test.junit.AutoTests" name="[309] /home/travis/build/icyphy/ptII/ptolemy/actor/lib/test/auto/Reader.xml (RunModel)" time="0.01" />
  <testcase classname="ptolemy.util.test.junit.AutoTests" name="[310] /home/travis/build/icyphy/ptII/ptolemy/actor/lib/test/auto/RecordAssemblerDisplayNameTest.xml (RunModel)" time="3.191" />
  <testcase classname="ptolemy.util.test.junit.AutoTests" name="[311] /home/travis/build/icyphy/ptII/ptolemy/actor/lib/test/auto/RecordAssemblerTypeError.xml (RunModel)" time="0.033" />
  <testcase classname="ptolemy.util.test.junit.AutoTests" name="[312] /home/travis/build/icyphy/ptII/ptolemy/actor/lib/test/auto/RecordDisassember.xml (RunModel)" time="0.015" />
  <testcase classname="ptolemy.util.test.junit.AutoTests" name="[313] /home/travis/build/icyphy/ptII/ptolemy/actor/lib/test/auto/RecordDisassemberDisplayNameTest.xml (RunModel)" time="0.019" />
  <testcase classname="ptolemy.util.test.junit.AutoTests" name="[314] /home/travis/build/icyphy/ptII/ptolemy/actor/lib/test/auto/RecordDisassembler.xml (RunModel)" time="0.01" />
  <testcase classname="ptolemy.util.test.junit.AutoTests" name="[315] /home/travis/build/icyphy/ptII/ptolemy/actor/lib/test/auto/RecordDisassembler2.xml (RunModel)" time="0.009" />
  <testcase classname="ptolemy.util.test.junit.AutoTests" name="[316] /home/travis/build/icyphy/ptII/ptolemy/actor/lib/test/auto/RecordUpdater.xml (RunModel)" time="0.011" />
  <testcase classname="ptolemy.util.test.junit.AutoTests" name="[317] /home/travis/build/icyphy/ptII/ptolemy/actor/lib/test/auto/RecordUpdater2.xml (RunModel)" time="0.009" />
  <testcase classname="ptolemy.util.test.junit.AutoTests" name="[318] /home/travis/build/icyphy/ptII/ptolemy/actor/lib/test/auto/RecursiveLattice.xml (RunModel)" time="0.008" />
  <testcase classname="ptolemy.util.test.junit.AutoTests" name="[319] /home/travis/build/icyphy/ptII/ptolemy/actor/lib/test/auto/Router.xml (RunModel)" time="3.025" />
  <testcase classname="ptolemy.util.test.junit.AutoTests" name="[320] /home/travis/build/icyphy/ptII/ptolemy/actor/lib/test/auto/Router2.xml (RunModel)" time="3.046" />
  <testcase classname="ptolemy.util.test.junit.AutoTests" name="[321] /home/travis/build/icyphy/ptII/ptolemy/actor/lib/test/auto/RunningMaximum.xml (RunModel)" time="0.015" />
  <testcase classname="ptolemy.util.test.junit.AutoTests" name="[322] /home/travis/build/icyphy/ptII/ptolemy/actor/lib/test/auto/RunningMinimum.xml (RunModel)" time="0.017" />
  <testcase classname="ptolemy.util.test.junit.AutoTests" name="[323] /home/travis/build/icyphy/ptII/ptolemy/actor/lib/test/auto/Scale.xml (RunModel)" time="0.007" />
  <testcase classname="ptolemy.util.test.junit.AutoTests" name="[324] /home/travis/build/icyphy/ptII/ptolemy/actor/lib/test/auto/Scale2.xml (RunModel)" time="0.009" />
  <testcase classname="ptolemy.util.test.junit.AutoTests" name="[325] /home/travis/build/icyphy/ptII/ptolemy/actor/lib/test/auto/Scale3.xml (RunModel)" time="0.018" />
  <testcase classname="ptolemy.util.test.junit.AutoTests" name="[326] /home/travis/build/icyphy/ptII/ptolemy/actor/lib/test/auto/ScaleArray.xml (RunModel)" time="0.013" />
  <testcase classname="ptolemy.util.test.junit.AutoTests" name="[327] /home/travis/build/icyphy/ptII/ptolemy/actor/lib/test/auto/ScaleArray2.xml (RunModel)" time="0.008" />
  <testcase classname="ptolemy.util.test.junit.AutoTests" name="[328] /home/travis/build/icyphy/ptII/ptolemy/actor/lib/test/auto/ScaleMatrix.xml (RunModel)" time="0.156" />
  <testcase classname="ptolemy.util.test.junit.AutoTests" name="[329] /home/travis/build/icyphy/ptII/ptolemy/actor/lib/test/auto/Select.xml (RunModel)" time="0.014" />
  <testcase classname="ptolemy.util.test.junit.AutoTests" name="[330] /home/travis/build/icyphy/ptII/ptolemy/actor/lib/test/auto/Select2.xml (RunModel)" time="0.008" />
  <testcase classname="ptolemy.util.test.junit.AutoTests" name="[331] /home/travis/build/icyphy/ptII/ptolemy/actor/lib/test/auto/SequenceToArray2.xml (RunModel)" time="0.138" />
  <testcase classname="ptolemy.util.test.junit.AutoTests" name="[332] /home/travis/build/icyphy/ptII/ptolemy/actor/lib/test/auto/SequentialClock.xml (RunModel)" time="0.01" />
  <testcase classname="ptolemy.util.test.junit.AutoTests" name="[333] /home/travis/build/icyphy/ptII/ptolemy/actor/lib/test/auto/SetVariable.xml (RunModel)" time="0.01" />
  <testcase classname="ptolemy.util.test.junit.AutoTests" name="[334] /home/travis/build/icyphy/ptII/ptolemy/actor/lib/test/auto/SetVariable2.xml (RunModel)" time="0.017" />
  <testcase classname="ptolemy.util.test.junit.AutoTests" name="[335] /home/travis/build/icyphy/ptII/ptolemy/actor/lib/test/auto/SetVariable3.xml (RunModel)" time="0.018" />
  <testcase classname="ptolemy.util.test.junit.AutoTests" name="[336] /home/travis/build/icyphy/ptII/ptolemy/actor/lib/test/auto/SetVariable4.xml (RunModel)" time="0.025" />
  <testcase classname="ptolemy.util.test.junit.AutoTests" name="[337] /home/travis/build/icyphy/ptII/ptolemy/actor/lib/test/auto/SetVariable5.xml (RunModel)" time="0.036" />
  <testcase classname="ptolemy.util.test.junit.AutoTests" name="[338] /home/travis/build/icyphy/ptII/ptolemy/actor/lib/test/auto/Sinewave.xml (RunModel)" time="0.041" />
  <testcase classname="ptolemy.util.test.junit.AutoTests" name="[339] /home/travis/build/icyphy/ptII/ptolemy/actor/lib/test/auto/Sinewave2.xml (RunModel)" time="0.022" />
  <testcase classname="ptolemy.util.test.junit.AutoTests" name="[340] /home/travis/build/icyphy/ptII/ptolemy/actor/lib/test/auto/Sinewave3.xml (RunModel)" time="0.018" />
  <testcase classname="ptolemy.util.test.junit.AutoTests" name="[341] /home/travis/build/icyphy/ptII/ptolemy/actor/lib/test/auto/SingleEvent.xml (RunModel)" time="0.007" />
  <testcase classname="ptolemy.util.test.junit.AutoTests" name="[342] /home/travis/build/icyphy/ptII/ptolemy/actor/lib/test/auto/Sleep.xml (RunModel)" time="6.014" />
  <testcase classname="ptolemy.util.test.junit.AutoTests" name="[343] /home/travis/build/icyphy/ptII/ptolemy/actor/lib/test/auto/SleepMultipleFire.xml (RunModel)" time="1.018" />
  <testcase classname="ptolemy.util.test.junit.AutoTests" name="[344] /home/travis/build/icyphy/ptII/ptolemy/actor/lib/test/auto/StopDE.xml (RunModel)" time="0.02" />
  <testcase classname="ptolemy.util.test.junit.AutoTests" name="[345] /home/travis/build/icyphy/ptII/ptolemy/actor/lib/test/auto/StopSDF.xml (RunModel)" time="0.01" />
  <testcase classname="ptolemy.util.test.junit.AutoTests" name="[346] /home/travis/build/icyphy/ptII/ptolemy/actor/lib/test/auto/StringConstant.xml (RunModel)" time="0.014" />
  <testcase classname="ptolemy.util.test.junit.AutoTests" name="[347] /home/travis/build/icyphy/ptII/ptolemy/actor/lib/test/auto/SubscriberPortInitialValues1.xml (RunModel)" time="0.02" />
  <testcase classname="ptolemy.util.test.junit.AutoTests" name="[348] /home/travis/build/icyphy/ptII/ptolemy/actor/lib/test/auto/SubscriberPortInitialValues13.xml (RunModel)" time="0.026" />
  <testcase classname="ptolemy.util.test.junit.AutoTests" name="[349] /home/travis/build/icyphy/ptII/ptolemy/actor/lib/test/auto/SubscriberPortInitialValues14.xml (RunModel)" time="0.014" />
  <testcase classname="ptolemy.util.test.junit.AutoTests" name="[350] /home/travis/build/icyphy/ptII/ptolemy/actor/lib/test/auto/SubscriberPortInitialValues2.xml (RunModel)" time="0.02" />
  <testcase classname="ptolemy.util.test.junit.AutoTests" name="[351] /home/travis/build/icyphy/ptII/ptolemy/actor/lib/test/auto/SubscriberPortInitialValues3.xml (RunModel)" time="0.018" />
  <testcase classname="ptolemy.util.test.junit.AutoTests" name="[352] /home/travis/build/icyphy/ptII/ptolemy/actor/lib/test/auto/SubscriptionAggregator.xml (RunModel)" time="0.012" />
  <testcase classname="ptolemy.util.test.junit.AutoTests" name="[353] /home/travis/build/icyphy/ptII/ptolemy/actor/lib/test/auto/SubscriptionAggregator2.xml (RunModel)" time="0.01" />
  <testcase classname="ptolemy.util.test.junit.AutoTests" name="[354] /home/travis/build/icyphy/ptII/ptolemy/actor/lib/test/auto/SubscriptionAggregator3.xml (RunModel)" time="0.015" />
  <testcase classname="ptolemy.util.test.junit.AutoTests" name="[355] /home/travis/build/icyphy/ptII/ptolemy/actor/lib/test/auto/SubscriptionAggregatorMultiply.xml (RunModel)" time="0.031" />
  <testcase classname="ptolemy.util.test.junit.AutoTests" name="[356] /home/travis/build/icyphy/ptII/ptolemy/actor/lib/test/auto/SubscriptionAggregatorPortMultiply1.xml (RunModel)" time="0.018" />
  <testcase classname="ptolemy.util.test.junit.AutoTests" name="[357] /home/travis/build/icyphy/ptII/ptolemy/actor/lib/test/auto/Switch.xml (RunModel)" time="0.017" />
  <testcase classname="ptolemy.util.test.junit.AutoTests" name="[358] /home/travis/build/icyphy/ptII/ptolemy/actor/lib/test/auto/Switch2.xml (RunModel)" time="0.012" />
  <testcase classname="ptolemy.util.test.junit.AutoTests" name="[359] /home/travis/build/icyphy/ptII/ptolemy/actor/lib/test/auto/SwitchDE.xml (RunModel)" time="0.013" />
  <testcase classname="ptolemy.util.test.junit.AutoTests" name="[360] /home/travis/build/icyphy/ptII/ptolemy/actor/lib/test/auto/SynchronizerDE.xml (RunModel)" time="0.019" />
  <testcase classname="ptolemy.util.test.junit.AutoTests" name="[361] /home/travis/build/icyphy/ptII/ptolemy/actor/lib/test/auto/Test.xml (RunModel)" time="0.015" />
  <testcase classname="ptolemy.util.test.junit.AutoTests" name="[362] /home/travis/build/icyphy/ptII/ptolemy/actor/lib/test/auto/TestExceptionAttribute1.xml (RunModel)" time="0.008" />
  <testcase classname="ptolemy.util.test.junit.AutoTests" name="[363] /home/travis/build/icyphy/ptII/ptolemy/actor/lib/test/auto/TestExceptionAttribute2.xml (RunModel)" time="0.007" />
  <testcase classname="ptolemy.util.test.junit.AutoTests" name="[364] /home/travis/build/icyphy/ptII/ptolemy/actor/lib/test/auto/TestExceptionAttribute3.xml (RunModel)" time="0.009" />
  <testcase classname="ptolemy.util.test.junit.AutoTests" name="[365] /home/travis/build/icyphy/ptII/ptolemy/actor/lib/test/auto/TestExceptionAttribute4.xml (RunModel)" time="0.006" />
  <testcase classname="ptolemy.util.test.junit.AutoTests" name="[366] /home/travis/build/icyphy/ptII/ptolemy/actor/lib/test/auto/TestExceptionHandler1.xml (RunModel)" time="0.013" />
  <testcase classname="ptolemy.util.test.junit.AutoTests" name="[367] /home/travis/build/icyphy/ptII/ptolemy/actor/lib/test/auto/TestExceptionHandler2.xml (RunModel)" time="0.007" />
  <testcase classname="ptolemy.util.test.junit.AutoTests" name="[368] /home/travis/build/icyphy/ptII/ptolemy/actor/lib/test/auto/TestExceptionHandler3.xml (RunModel)" time="0.007" />
  <testcase classname="ptolemy.util.test.junit.AutoTests" name="[369] /home/travis/build/icyphy/ptII/ptolemy/actor/lib/test/auto/TestExceptionHandler4.xml (RunModel)" time="0.005" />
  <testcase classname="ptolemy.util.test.junit.AutoTests" name="[370] /home/travis/build/icyphy/ptII/ptolemy/actor/lib/test/auto/TestRequireCorrectOrder.xml (RunModel)" time="0.008" />
  <testcase classname="ptolemy.util.test.junit.AutoTests" name="[371] /home/travis/build/icyphy/ptII/ptolemy/actor/lib/test/auto/TestSimple.xml (RunModel)" time="0.006" />
  <testcase classname="ptolemy.util.test.junit.AutoTests" name="[372] /home/travis/build/icyphy/ptII/ptolemy/actor/lib/test/auto/ThrowModelError.xml (RunModel)" time="0.01" />
  <testcase classname="ptolemy.util.test.junit.AutoTests" name="[373] /home/travis/build/icyphy/ptII/ptolemy/actor/lib/test/auto/TimeDelayMicrosteps.xml (RunModel)" time="0.013" />
  <testcase classname="ptolemy.util.test.junit.AutoTests" name="[374] /home/travis/build/icyphy/ptII/ptolemy/actor/lib/test/auto/TimeDelayMicrosteps2.xml (RunModel)" time="0.014" />
  <testcase classname="ptolemy.util.test.junit.AutoTests" name="[375] /home/travis/build/icyphy/ptII/ptolemy/actor/lib/test/auto/TimeDelayMicrosteps3.xml (RunModel)" time="0.012" />
  <testcase classname="ptolemy.util.test.junit.AutoTests" name="[376] /home/travis/build/icyphy/ptII/ptolemy/actor/lib/test/auto/TimeDelayVariableMicrosteps.xml (RunModel)" time="0.012" />
  <testcase classname="ptolemy.util.test.junit.AutoTests" name="[377] /home/travis/build/icyphy/ptII/ptolemy/actor/lib/test/auto/TimeGap.xml (RunModel)" time="0.034" />
  <testcase classname="ptolemy.util.test.junit.AutoTests" name="[378] /home/travis/build/icyphy/ptII/ptolemy/actor/lib/test/auto/TimeGap2.xml (RunModel)" time="0.012" />
  <testcase classname="ptolemy.util.test.junit.AutoTests" name="[379] /home/travis/build/icyphy/ptII/ptolemy/actor/lib/test/auto/TimedSinewave.xml (RunModel)" time="0.047" />
  <testcase classname="ptolemy.util.test.junit.AutoTests" name="[380] /home/travis/build/icyphy/ptII/ptolemy/actor/lib/test/auto/TimedSinewavePhase.xml (RunModel)" time="0.043" />
  <testcase classname="ptolemy.util.test.junit.AutoTests" name="[381] /home/travis/build/icyphy/ptII/ptolemy/actor/lib/test/auto/Timer.xml (RunModel)" time="0.019" />
  <testcase classname="ptolemy.util.test.junit.AutoTests" name="[382] /home/travis/build/icyphy/ptII/ptolemy/actor/lib/test/auto/TriangularDistTestModel.xml (RunModel)" time="0.016" />
  <testcase classname="ptolemy.util.test.junit.AutoTests" name="[383] /home/travis/build/icyphy/ptII/ptolemy/actor/lib/test/auto/TrigFunction.xml (RunModel)" time="0.008" />
  <testcase classname="ptolemy.util.test.junit.AutoTests" name="[384] /home/travis/build/icyphy/ptII/ptolemy/actor/lib/test/auto/TrigFunctionDE.xml (RunModel)" time="0.012" />
  <testcase classname="ptolemy.util.test.junit.AutoTests" name="[385] /home/travis/build/icyphy/ptII/ptolemy/actor/lib/test/auto/TrigFunctionInverse.xml (RunModel)" time="0.009" />
  <testcase classname="ptolemy.util.test.junit.AutoTests" name="[386] /home/travis/build/icyphy/ptII/ptolemy/actor/lib/test/auto/TrigFunctionTan.xml (RunModel)" time="0.006" />
  <testcase classname="ptolemy.util.test.junit.AutoTests" name="[387] /home/travis/build/icyphy/ptII/ptolemy/actor/lib/test/auto/TriggeredClock.xml (RunModel)" time="0.008" />
  <testcase classname="ptolemy.util.test.junit.AutoTests" name="[388] /home/travis/build/icyphy/ptII/ptolemy/actor/lib/test/auto/URLDirectoryReader.xml (RunModel)" time="0.106" />
  <testcase classname="ptolemy.util.test.junit.AutoTests" name="[389] /home/travis/build/icyphy/ptII/ptolemy/actor/lib/test/auto/URLDirectoryReader3.xml (RunModel)" time="1.828" />
  <testcase classname="ptolemy.util.test.junit.AutoTests" name="[390] /home/travis/build/icyphy/ptII/ptolemy/actor/lib/test/auto/UnaryMathFunction.xml (RunModel)" time="0.028" />
  <testcase classname="ptolemy.util.test.junit.AutoTests" name="[391] /home/travis/build/icyphy/ptII/ptolemy/actor/lib/test/auto/Uniform.xml (RunModel)" time="0.02" />
  <testcase classname="ptolemy.util.test.junit.AutoTests" name="[392] /home/travis/build/icyphy/ptII/ptolemy/actor/lib/test/auto/UnionDisassemblerTest.xml (RunModel)" time="0.012" />
  <testcase classname="ptolemy.util.test.junit.AutoTests" name="[393] /home/travis/build/icyphy/ptII/ptolemy/actor/lib/test/auto/UtilityFunctions.xml (RunModel)" time="0.007" />
  <testcase classname="ptolemy.util.test.junit.AutoTests" name="[394] /home/travis/build/icyphy/ptII/ptolemy/actor/lib/test/auto/VariableSleep.xml (RunModel)" time="0.511" />
  <testcase classname="ptolemy.util.test.junit.AutoTests" name="[395] /home/travis/build/icyphy/ptII/ptolemy/actor/lib/test/auto/VectorAssemblerDisassemblerCT.xml (RunModel)" time="0.115" />
  <testcase classname="ptolemy.util.test.junit.AutoTests" name="[396] /home/travis/build/icyphy/ptII/ptolemy/actor/lib/test/auto/VectorAssemblerDisassemblerDE.xml (RunModel)" time="0.013" />
  <testcase classname="ptolemy.util.test.junit.AutoTests" name="[397] /home/travis/build/icyphy/ptII/ptolemy/actor/lib/test/auto/VectorAssemblerDisassemblerSDF.xml (RunModel)" time="0.012" />
  <testcase classname="ptolemy.util.test.junit.AutoTests" name="[398] /home/travis/build/icyphy/ptII/ptolemy/actor/lib/test/auto/WallClockTime.xml (RunModel)" time="1.012" />
  <testcase classname="ptolemy.util.test.junit.AutoTests" name="[399] /home/travis/build/icyphy/ptII/ptolemy/actor/lib/test/auto/WidthTestWithSubscriberPublisher.xml (RunModel)" time="0.042" />
  <testcase classname="ptolemy.util.test.junit.AutoTests" name="[400] /home/travis/build/icyphy/ptII/ptolemy/actor/lib/test/auto/WidthTestWithSubscriberPublisher2.xml (RunModel)" time="0.014" />
  <testcase classname="ptolemy.util.test.junit.AutoTests" name="[401] /home/travis/build/icyphy/ptII/ptolemy/actor/lib/test/auto/WidthTestWithSubscriberPublisher3.xml (RunModel)" time="0.012" />
  <testcase classname="ptolemy.util.test.junit.AutoTests" name="[402] /home/travis/build/icyphy/ptII/ptolemy/actor/lib/test/auto/Writer.xml (RunModel)" time="0.007" />
  <testcase classname="ptolemy.util.test.junit.AutoTests" name="[403] /home/travis/build/icyphy/ptII/ptolemy/actor/lib/test/auto/array.xml (RunModel)" time="0.009" />
  <testcase classname="ptolemy.util.test.junit.AutoTests" name="[404] /home/travis/build/icyphy/ptII/ptolemy/actor/lib/test/auto/array2.xml (RunModel)" time="0.012" />
  <testcase classname="ptolemy.util.test.junit.AutoTests" name="[405] /home/travis/build/icyphy/ptII/ptolemy/actor/lib/test/auto/arrayType.xml (RunModel)" time="0.011" />
  <testcase classname="ptolemy.util.test.junit.AutoTests" name="[406] /home/travis/build/icyphy/ptII/ptolemy/actor/lib/test/auto/arrayType10.xml (RunModel)" time="0.008" />
  <testcase classname="ptolemy.util.test.junit.AutoTests" name="[407] /home/travis/build/icyphy/ptII/ptolemy/actor/lib/test/auto/arrayType11.xml (RunModel)" time="0.007" />
  <testcase classname="ptolemy.util.test.junit.AutoTests" name="[408] /home/travis/build/icyphy/ptII/ptolemy/actor/lib/test/auto/arrayType12.xml (RunModel)" time="0.009" />
  <testcase classname="ptolemy.util.test.junit.AutoTests" name="[409] /home/travis/build/icyphy/ptII/ptolemy/actor/lib/test/auto/arrayType13.xml (RunModel)" time="0.007" />
  <testcase classname="ptolemy.util.test.junit.AutoTests" name="[410] /home/travis/build/icyphy/ptII/ptolemy/actor/lib/test/auto/arrayType14.xml (RunModel)" time="0.009" />
  <testcase classname="ptolemy.util.test.junit.AutoTests" name="[411] /home/travis/build/icyphy/ptII/ptolemy/actor/lib/test/auto/arrayType15.xml (RunModel)" time="0.01" />
  <testcase classname="ptolemy.util.test.junit.AutoTests" name="[412] /home/travis/build/icyphy/ptII/ptolemy/actor/lib/test/auto/arrayType16.xml (RunModel)" time="0.01" />
  <testcase classname="ptolemy.util.test.junit.AutoTests" name="[413] /home/travis/build/icyphy/ptII/ptolemy/actor/lib/test/auto/arrayType17.xml (RunModel)" time="0.008" />
  <testcase classname="ptolemy.util.test.junit.AutoTests" name="[414] /home/travis/build/icyphy/ptII/ptolemy/actor/lib/test/auto/arrayType18.xml (RunModel)" time="0.008" />
  <testcase classname="ptolemy.util.test.junit.AutoTests" name="[415] /home/travis/build/icyphy/ptII/ptolemy/actor/lib/test/auto/arrayType19.xml (RunModel)" time="0.008" />
  <testcase classname="ptolemy.util.test.junit.AutoTests" name="[416] /home/travis/build/icyphy/ptII/ptolemy/actor/lib/test/auto/arrayType2.xml (RunModel)" time="0.008" />
  <testcase classname="ptolemy.util.test.junit.AutoTests" name="[417] /home/travis/build/icyphy/ptII/ptolemy/actor/lib/test/auto/arrayType20.xml (RunModel)" time="0.008" />
  <testcase classname="ptolemy.util.test.junit.AutoTests" name="[418] /home/travis/build/icyphy/ptII/ptolemy/actor/lib/test/auto/arrayType21.xml (RunModel)" time="0.007" />
  <testcase classname="ptolemy.util.test.junit.AutoTests" name="[419] /home/travis/build/icyphy/ptII/ptolemy/actor/lib/test/auto/arrayType22.xml (RunModel)" time="0.009" />
  <testcase classname="ptolemy.util.test.junit.AutoTests" name="[420] /home/travis/build/icyphy/ptII/ptolemy/actor/lib/test/auto/arrayType23.xml (RunModel)" time="0.008" />
  <testcase classname="ptolemy.util.test.junit.AutoTests" name="[421] /home/travis/build/icyphy/ptII/ptolemy/actor/lib/test/auto/arrayType24.xml (RunModel)" time="0.009" />
  <testcase classname="ptolemy.util.test.junit.AutoTests" name="[422] /home/travis/build/icyphy/ptII/ptolemy/actor/lib/test/auto/arrayType25.xml (RunModel)" time="0.012" />
  <testcase classname="ptolemy.util.test.junit.AutoTests" name="[423] /home/travis/build/icyphy/ptII/ptolemy/actor/lib/test/auto/arrayType26.xml (RunModel)" time="0.007" />
  <testcase classname="ptolemy.util.test.junit.AutoTests" name="[424] /home/travis/build/icyphy/ptII/ptolemy/actor/lib/test/auto/arrayType27.xml (RunModel)" time="0.008" />
  <testcase classname="ptolemy.util.test.junit.AutoTests" name="[425] /home/travis/build/icyphy/ptII/ptolemy/actor/lib/test/auto/arrayType28.xml (RunModel)" time="0.008" />
  <testcase classname="ptolemy.util.test.junit.AutoTests" name="[426] /home/travis/build/icyphy/ptII/ptolemy/actor/lib/test/auto/arrayType3.xml (RunModel)" time="0.017" />
  <testcase classname="ptolemy.util.test.junit.AutoTests" name="[427] /home/travis/build/icyphy/ptII/ptolemy/actor/lib/test/auto/arrayType4.xml (RunModel)" time="0.008" />
  <testcase classname="ptolemy.util.test.junit.AutoTests" name="[428] /home/travis/build/icyphy/ptII/ptolemy/actor/lib/test/auto/arrayType5.xml (RunModel)" time="0.008" />
  <testcase classname="ptolemy.util.test.junit.AutoTests" name="[429] /home/travis/build/icyphy/ptII/ptolemy/actor/lib/test/auto/arrayType6.xml (RunModel)" time="0.007" />
  <testcase classname="ptolemy.util.test.junit.AutoTests" name="[430] /home/travis/build/icyphy/ptII/ptolemy/actor/lib/test/auto/arrayType7.xml (RunModel)" time="0.014" />
  <testcase classname="ptolemy.util.test.junit.AutoTests" name="[431] /home/travis/build/icyphy/ptII/ptolemy/actor/lib/test/auto/arrayType8.xml (RunModel)" time="0.008" />
  <testcase classname="ptolemy.util.test.junit.AutoTests" name="[432] /home/travis/build/icyphy/ptII/ptolemy/actor/lib/test/auto/arrayType9.xml (RunModel)" time="0.007" />
  <testcase classname="ptolemy.util.test.junit.AutoTests" name="[433] /home/travis/build/icyphy/ptII/ptolemy/actor/lib/test/auto/cast.xml (RunModel)" time="0.045" />
  <testcase classname="ptolemy.util.test.junit.AutoTests" name="[434] /home/travis/build/icyphy/ptII/ptolemy/actor/lib/test/auto/compositeMultiPort.xml (RunModel)" time="0.044" />
  <testcase classname="ptolemy.util.test.junit.AutoTests" name="[435] /home/travis/build/icyphy/ptII/ptolemy/actor/lib/test/auto/expressionCastInference.xml (RunModel)" time="0.026" />
  <testcase classname="ptolemy.util.test.junit.AutoTests" name="[436] /home/travis/build/icyphy/ptII/ptolemy/actor/lib/test/auto/expressionCastInference2.xml (RunModel)" time="0.031" />
  <testcase classname="ptolemy.util.test.junit.AutoTests" name="[437] /home/travis/build/icyphy/ptII/ptolemy/actor/lib/test/auto/expressionInference.xml (RunModel)" time="0.043" />
  <testcase classname="ptolemy.util.test.junit.AutoTests" name="[438] /home/travis/build/icyphy/ptII/ptolemy/actor/lib/test/auto/expression_bug.xml (RunModel)" time="0.03" />
  <testcase classname="ptolemy.util.test.junit.AutoTests" name="[439] /home/travis/build/icyphy/ptII/ptolemy/actor/lib/test/auto/factorial.xml (RunModel)" time="0.08" />
  <testcase classname="ptolemy.util.test.junit.AutoTests" name="[440] /home/travis/build/icyphy/ptII/ptolemy/actor/lib/test/auto/filterTest1.xml (RunModel)" time="0.015" />
  <testcase classname="ptolemy.util.test.junit.AutoTests" name="[441] /home/travis/build/icyphy/ptII/ptolemy/actor/lib/test/auto/funcApplyInConst.xml (RunModel)" time="0.006" />
  <testcase classname="ptolemy.util.test.junit.AutoTests" name="[442] /home/travis/build/icyphy/ptII/ptolemy/actor/lib/test/auto/funcApplyInExpr.xml (RunModel)" time="0.005" />
  <testcase classname="ptolemy.util.test.junit.AutoTests" name="[443] /home/travis/build/icyphy/ptII/ptolemy/actor/lib/test/auto/function.xml (RunModel)" time="0.013" />
  <testcase classname="ptolemy.util.test.junit.AutoTests" name="[444] /home/travis/build/icyphy/ptII/ptolemy/actor/lib/test/auto/function2.xml (RunModel)" time="0.008" />
  <testcase classname="ptolemy.util.test.junit.AutoTests" name="[445] /home/travis/build/icyphy/ptII/ptolemy/actor/lib/test/auto/function3.xml (RunModel)" time="0.006" />
  <testcase classname="ptolemy.util.test.junit.AutoTests" name="[446] /home/travis/build/icyphy/ptII/ptolemy/actor/lib/test/auto/functionClosureTest1.xml (RunModel)" time="0.01" />
  <testcase classname="ptolemy.util.test.junit.AutoTests" name="[447] /home/travis/build/icyphy/ptII/ptolemy/actor/lib/test/auto/functionClosureTest2.xml (RunModel)" time="0.006" />
  <testcase classname="ptolemy.util.test.junit.AutoTests" name="[448] /home/travis/build/icyphy/ptII/ptolemy/actor/lib/test/auto/functionClosureTest3.xml (RunModel)" time="0.01" />
  <testcase classname="ptolemy.util.test.junit.AutoTests" name="[449] /home/travis/build/icyphy/ptII/ptolemy/actor/lib/test/auto/functionClosureTest4.xml (RunModel)" time="0.014" />
  <testcase classname="ptolemy.util.test.junit.AutoTests" name="[450] /home/travis/build/icyphy/ptII/ptolemy/actor/lib/test/auto/functionClosureTest5.xml (RunModel)" time="0.011" />
  <testcase classname="ptolemy.util.test.junit.AutoTests" name="[451] /home/travis/build/icyphy/ptII/ptolemy/actor/lib/test/auto/functionClosureTest6.xml (RunModel)" time="0.008" />
  <testcase classname="ptolemy.util.test.junit.AutoTests" name="[452] /home/travis/build/icyphy/ptII/ptolemy/actor/lib/test/auto/functionsOnArcs.xml (RunModel)" time="0.008" />
  <testcase classname="ptolemy.util.test.junit.AutoTests" name="[453] /home/travis/build/icyphy/ptII/ptolemy/actor/lib/test/auto/functionsOnArcsHOF.xml (RunModel)" time="0.014" />
  <testcase classname="ptolemy.util.test.junit.AutoTests" name="[454] /home/travis/build/icyphy/ptII/ptolemy/actor/lib/test/auto/logic.xml (RunModel)" time="0.016" />
  <testcase classname="ptolemy.util.test.junit.AutoTests" name="[455] /home/travis/build/icyphy/ptII/ptolemy/actor/lib/test/auto/matrixType.xml (RunModel)" time="0.008" />
  <testcase classname="ptolemy.util.test.junit.AutoTests" name="[456] /home/travis/build/icyphy/ptII/ptolemy/actor/lib/test/auto/matrixType10.xml (RunModel)" time="0.007" />
  <testcase classname="ptolemy.util.test.junit.AutoTests" name="[457] /home/travis/build/icyphy/ptII/ptolemy/actor/lib/test/auto/matrixType11.xml (RunModel)" time="0.007" />
  <testcase classname="ptolemy.util.test.junit.AutoTests" name="[458] /home/travis/build/icyphy/ptII/ptolemy/actor/lib/test/auto/matrixType12.xml (RunModel)" time="0.01" />
  <testcase classname="ptolemy.util.test.junit.AutoTests" name="[459] /home/travis/build/icyphy/ptII/ptolemy/actor/lib/test/auto/matrixType13.xml (RunModel)" time="0.008" />
  <testcase classname="ptolemy.util.test.junit.AutoTests" name="[460] /home/travis/build/icyphy/ptII/ptolemy/actor/lib/test/auto/matrixType14.xml (RunModel)" time="0.009" />
  <testcase classname="ptolemy.util.test.junit.AutoTests" name="[461] /home/travis/build/icyphy/ptII/ptolemy/actor/lib/test/auto/matrixType2.xml (RunModel)" time="0.008" />
  <testcase classname="ptolemy.util.test.junit.AutoTests" name="[462] /home/travis/build/icyphy/ptII/ptolemy/actor/lib/test/auto/matrixType3.xml (RunModel)" time="0.01" />
  <testcase classname="ptolemy.util.test.junit.AutoTests" name="[463] /home/travis/build/icyphy/ptII/ptolemy/actor/lib/test/auto/matrixType4.xml (RunModel)" time="0.007" />
  <testcase classname="ptolemy.util.test.junit.AutoTests" name="[464] /home/travis/build/icyphy/ptII/ptolemy/actor/lib/test/auto/matrixType5.xml (RunModel)" time="0.007" />
  <testcase classname="ptolemy.util.test.junit.AutoTests" name="[465] /home/travis/build/icyphy/ptII/ptolemy/actor/lib/test/auto/matrixType6.xml (RunModel)" time="0.009" />
  <testcase classname="ptolemy.util.test.junit.AutoTests" name="[466] /home/travis/build/icyphy/ptII/ptolemy/actor/lib/test/auto/matrixType7.xml (RunModel)" time="0.007" />
  <testcase classname="ptolemy.util.test.junit.AutoTests" name="[467] /home/travis/build/icyphy/ptII/ptolemy/actor/lib/test/auto/matrixType8.xml (RunModel)" time="0.008" />
  <testcase classname="ptolemy.util.test.junit.AutoTests" name="[468] /home/travis/build/icyphy/ptII/ptolemy/actor/lib/test/auto/matrixType9.xml (RunModel)" time="0.007" />
  <testcase classname="ptolemy.util.test.junit.AutoTests" name="[469] /home/travis/build/icyphy/ptII/ptolemy/actor/lib/test/auto/paraFunctest.xml (RunModel)" time="0.007" />
  <testcase classname="ptolemy.util.test.junit.AutoTests" name="[470] /home/travis/build/icyphy/ptII/ptolemy/actor/lib/test/auto/paraFunctest2.xml (RunModel)" time="0.012" />
  <testcase classname="ptolemy.util.test.junit.AutoTests" name="[471] /home/travis/build/icyphy/ptII/ptolemy/actor/lib/test/auto/parameterPassing.xml (RunModel)" time="0.007" />
  <testcase classname="ptolemy.util.test.junit.AutoTests" name="[472] /home/travis/build/icyphy/ptII/ptolemy/actor/lib/test/auto/record.xml (RunModel)" time="0.009" />
  <testcase classname="ptolemy.util.test.junit.AutoTests" name="[473] /home/travis/build/icyphy/ptII/ptolemy/actor/lib/test/auto/sizedarray1.xml (RunModel)" time="0.008" />
  <testcase classname="ptolemy.util.test.junit.AutoTests" name="[474] /home/travis/build/icyphy/ptII/ptolemy/actor/lib/test/auto/sizedarray2.xml (RunModel)" time="0.009" />
  <testcase classname="ptolemy.util.test.junit.AutoTests" name="[475] /home/travis/build/icyphy/ptII/ptolemy/actor/lib/test/auto/twoPublishers.xml (RunModel)" time="0.02" />
  <system-out><![CDATA[/home/travis/build/icyphy/ptII/ptolemy/actor/lib/test/AbsoluteValue.tcl
testDefs.tcl: setting time out to 9000 seconds at Thu Sep 10 15:44:24 UTC 2020
103 ms. Memory: 129024K Free: 92614K (72%)
11 ms. Memory: 129024K Free: 90551K (70%)
8 ms. Memory: 129024K Free: 90056K (70%)
11 ms. Memory: 129024K Free: 89032K (69%)
/home/travis/build/icyphy/ptII/ptolemy/actor/lib/test/AddSubtract.tcl
14 ms. Memory: 129024K Free: 86984K (67%)
14 ms. Memory: 129024K Free: 86455K (67%)
14 ms. Memory: 129024K Free: 85446K (66%)
17 ms. Memory: 129024K Free: 84936K (66%)
72 ms. Memory: 129024K Free: 81864K (63%)
12 ms. Memory: 129024K Free: 81319K (63%)
/home/travis/build/icyphy/ptII/ptolemy/actor/lib/test/Average.tcl
7 ms. Memory: 129024K Free: 79295K (61%)
6 ms. Memory: 129024K Free: 78278K (61%)
/home/travis/build/icyphy/ptII/ptolemy/actor/lib/test/Bernoulli.tcl
4 ms. Memory: 129024K Free: 76744K (59%)
2 ms. Memory: 129024K Free: 76215K (59%)
/home/travis/build/icyphy/ptII/ptolemy/actor/lib/test/Clock.tcl
preinitializing
resolving types
initializing
executing number 1
wrapping up
idle
20 ms. Memory: 129024K Free: 73672K (57%)
Completed execution with 5 iterations
preinitializing
resolving types
initializing
executing number 1
wrapping up
idle
3 ms. Memory: 129024K Free: 72648K (56%)
Completed execution with 5 iterations
preinitializing
resolving types
initializing
executing number 1
wrapping up
idle
3 ms. Memory: 129024K Free: 72119K (56%)
Completed execution with 5 iterations
/home/travis/build/icyphy/ptII/ptolemy/actor/lib/test/Commutator.tcl
7 ms. Memory: 129024K Free: 70086K (54%)
6 ms. Memory: 129024K Free: 69062K (54%)
18 ms. Memory: 129024K Free: 63432K (49%)
/home/travis/build/icyphy/ptII/ptolemy/actor/lib/test/Const.tcl
10 ms. Memory: 129024K Free: 61894K (48%)
2 ms. Memory: 129024K Free: 61384K (48%)
10 ms. Memory: 129024K Free: 60855K (47%)
7 ms. Memory: 129024K Free: 60360K (47%)
3 ms. Memory: 129024K Free: 59846K (46%)
21 ms. Memory: 129024K Free: 58312K (45%)
5 ms. Memory: 129024K Free: 56759K (44%)
3 ms. Memory: 129024K Free: 56264K (44%)
/home/travis/build/icyphy/ptII/ptolemy/actor/lib/test/CurrentTime.tcl
preinitializing
resolving types
initializing
executing number 1
wrapping up
idle
12 ms. Memory: 129024K Free: 54216K (42%)
Completed execution with 11 iterations
/home/travis/build/icyphy/ptII/ptolemy/actor/lib/test/DB.tcl
4 ms. Memory: 129024K Free: 52663K (41%)
4 ms. Memory: 129024K Free: 52168K (40%)
3 ms. Memory: 129024K Free: 51654K (40%)
/home/travis/build/icyphy/ptII/ptolemy/actor/lib/test/DiscreteRandomSource.tcl
preinitializing
resolving types
initializing
executing number 1
wrapping up
idle
9 ms. Memory: 129024K Free: 50120K (39%)
Completed execution with 4 iterations
preinitializing
resolving types
initializing
executing number 1
wrapping up
idle
5 ms. Memory: 129024K Free: 49599K (38%)
Completed execution with 4 iterations
preinitializing
resolving types
initializing
executing number 1
wrapping up
idle
6 ms. Memory: 129024K Free: 49096K (38%)
Completed execution with 4 iterations
preinitializing
resolving types
initializing
executing number 1
wrapping up
idle
14 ms. Memory: 129024K Free: 48567K (38%)
Completed execution with 4 iterations
preinitializing
resolving types
initializing
executing number 1
wrapping up
idle
4 ms. Memory: 129024K Free: 48072K (37%)
Completed execution with 4 iterations
/home/travis/build/icyphy/ptII/ptolemy/actor/lib/test/Distributor.tcl
6 ms. Memory: 129024K Free: 113033K (88%)
12 ms. Memory: 129024K Free: 112422K (87%)
StreamChangeRequest.changeExecuted(): <deleteEntity name="rec2"/> succeeded
StreamChangeRequest.changeExecuted(): <deleteRelation name="r2"/> succeeded
StreamChangeRequest.changeExecuted(): Record firings per iteration succeeded
11 ms. Memory: 129024K Free: 109947K (85%)
/home/travis/build/icyphy/ptII/ptolemy/actor/lib/test/Exit.tcl
Exit.tcl: this will print a message about Manager.exitAfterWrapup, which can be ignored.
6 ms. Memory: 129024K Free: 106992K (83%)
/home/travis/build/icyphy/ptII/ptolemy/actor/lib/test/Expression.tcl
13 ms. Memory: 129024K Free: 103332K (80%)
3 ms. Memory: 129024K Free: 102792K (80%)
2 ms. Memory: 129024K Free: 102308K (79%)
preinitializing
resolving types
initializing
executing number 1
wrapping up
idle
5 ms. Memory: 129024K Free: 100714K (78%)
Completed execution with 6 iterations
3 ms. Memory: 129024K Free: 99699K (77%)
2 ms. Memory: 129024K Free: 99255K (77%)
4 ms. Memory: 129024K Free: 97658K (76%)
4 ms. Memory: 129024K Free: 96649K (75%)
6 ms. Memory: 129024K Free: 95166K (74%)
/home/travis/build/icyphy/ptII/ptolemy/actor/lib/test/Gaussian.tcl
5 ms. Memory: 129024K Free: 93555K (73%)
sleeping 1 seconds: ..........................................................................................................................................................................................................................................................................................................................................................................................................................................................................................................................................................................................................................................................................................................................................................................................................................................................................................................................................................................................................................................................................................................................................................................................................................................................................................................................................................................................................................................................................................................................................................................................................................................................................................................................................................................................................................................................................................................................................................................................................................................................................................................................................................................................................................................................................................................................................................................................................................................................................................................................................................................................................................................................................................................................................................................................................................................................................................................................................................................................................................................................................................................................................................................................................................................................................................................................................................................................................................................................................................................................................................................................................................................................................................................................................................................................................................................................................................................................................................................................................................................................................................................................................................................................................................................................................................................................................................................................................................................................................................................................................................................................................................................................................................................................................................................................................................................................................................................................................................................................................................................................................................................................................................................................................................................................................................................................................................................................................................................................................................................................................................................................................................................................................................................................................................................................................................................................................................................................................................................................................................................................................................................................................................................................................................................................................................................................................................................................................................................................................................................................................................................................................................................................................................................................................................................................................................................................................................................................................................................................................................................................................................................................................................................................................................................................................................................................................................................................................................................................................................................................................................................................................................................................................................................................................................................................................................................................................................................................................................................................................................................................................................................................................................................................................................................................................................................................................................................................................................................................................................................................................................................................................................................................................................................................................................................................................................................................................................................................................................................................................................................................................................................................................................................................................................................................................................................................................................................................................................................................................................................................................................................................................................................................................................................................................................................................................................................................................................................................................................................................................................................................................................................................................................................................................................................................................................................................................................................................................................................................................................................................................................................................................................................................................................................................................................................................................................................................................................................................................................................................................................................................................................................................................................................................................................................................................................................................................................................................................................................................................................................................................................................................................................................................................................................................................................................................................................................................................................................................................................................................................................................................................................................................................................................................................................................................................................................................................................................................................................................................................................................................................................................................................................................................................................................................................................................................................................................................................................................................................................................................................................................................................................................................................................................................................................................................................................................................................................................................................................................................................................................................................................................................................................................................................................................................................................................................................................................................................................................................................................................................................................................................................................................................................................................................................................................................................................................................................................................................................................................................................................................................................................................................................................................................................................................................................................................................................................................................................................................................................................................................................................................................................................................................................................................................................................................................................................................................................................................................................................................................................................................................................................................................................................................................................................................................................................................................................................................................................................................................................................................................................................................................................................................................................................................................................................................................................................................................................................................................................................................................................................................................................................................................................................................................................................................................................................................................................................................................................................................................................................................................................................................................................................................................................................................................................................................................................................................................................................................................................................................................................................................................................................................................................................................................................................................................................................................................................................................................................................................................................................................................................................................................................................................................................................................................................................................................................................................................................................................................................................................................................................................................................................................................................................................................................................................................................................................................................................................................................................................................................................................................................................................................................................................................................................................................................................................................................................................................................................................................................................................................................................................................................................................................................................................................................................................................................................................................................................................................................................................................................................................................................................................................................................................................................................................................................................................................................................................................................................................................................................................................................................................................................................................................................................................................................................................................................................................................................................................................................................................................................................................................................................................................................................................................................................................................................................................................................................................................................................................................................................................................................................................................................................................................................................................................................................................................................................................................................................................................................................................................................................................................................................................................................................................................................................................................................................................................................................................................................................................................................................................................................................................................................................................................................................................................................................................................................................................................................................................................................................................................................................................................................................................................................................................................................................................................................................................................................................................................................................................................................................................................................................................................................................................................................................................................................................................................................................................................................................................................................................................................................................................................................................................................................................................................................................................................................................................................................................................................................................................................................................................................................................................................................................................................................................................................................................................................................................................................................................................................................................................................................................................................................................................................................................................................................................................................................................................................................................................................................................................................................................................................................................................................................................................................................................................................................................................................................................................................................................................................................................................................................................................................................................................................................................................................................................................................................................................................................................................................................................................................................................................................................................................................................................................................................................................................................................................................................................................................................................................................................................................................................................................................................................................................................................................................................................................................................................................................................................................................................................................................................................................................................................................................................................................................................................................................................................................................................................................................................................................................................................................................................................................................................................................................................................................................................................................................................................................................................................................................................................................................................................................................................................................................................................................................................................................................................................................................................................................................................................................................................................................................................................................................................................................................................................................................................................................................................................................................................................................................................................................................................................................................................................................................................................................................................................................................................................................................................................................................................................................................................................................................................................................................................................................................................................................................................................................................................................................................................................................................................................................................................................................................................................................................................................................................................................................................................................................................................................................................................................................................................................................................................................................................................................................................................................................................................................................................................................................................................................................................................................................................................................................................................................................................................................................................................................................................................................................................................................................................................................................................................................................................................................................................................................................................................................................................................................................................................................................................................................................................................................................................................................................................................................................................................................................................................................................................................................................................................................................................................................................................................................................................................................................................................................................................................................................................................................................................................................................................................................................................................................................................................................................................................................................................................................................................................................................................................................................................................................................................................................................................................................................................................................................................................................................................................................................................................................................................................................................................................................................................................................................................................................................................................................................................................................................................................................................................................................................................................................................................................................................................................................................................................................................................................................................................................................................................................................................................................................................................................................................................................................................................................................................................................................................................................................................................................................................................................................................................................................................................................................................................................................................................................................................................................................................................................................................................................................................................................................................................................................................................................................................................................................................................................................................................................................................................................................................................................................................................................................................................................................................................................................................................................................................................................................................................................................................................................................................................................................................................................................................................................................................................................................................................................................................................................................................................................................................................................................................................................................................................................................................................................................................................................................................................................................................................................................................................................................................................................................................................................................................................................................................................................................................................................................................................................................................................................................................................................................................................................................................................................................................................................................................................................................................................................................................................................................................................................................................................................................................................................................................................................................................................................................................................................................................................................................................................................................................................................................................................................................................................................................................................................................................................................................................................................................................................................................................................................................................................................................................................................................................................................................................................................................................................................................................................................................................................................................................................................................................................................................................................................................................................................................................................................................................................................................................................................................................................................................................................................................................................................................................................................................................................................................................................................................................................................................................................................................................................................................................................................................................................................................................................................................................................................................................................................................................................................................................................................................................................................................................................................................................................................................................................................................................................................................................................................................................................................................................................................................................................................................................................................................................................................................................................................................................................................................................................................................................3 ms. Memory: 129024K Free: 79929K (62%)
3 ms. Memory: 129024K Free: 79419K (62%)
2 ms. Memory: 129024K Free: 78891K (61%)
2 ms. Memory: 129024K Free: 77881K (60%)
3 ms. Memory: 129024K Free: 77371K (60%)
/home/travis/build/icyphy/ptII/ptolemy/actor/lib/test/IIR.tcl
/home/travis/build/icyphy/ptII/ptolemy/actor/lib/test/Interpolator.tcl
4 ms. Memory: 129024K Free: 73785K (57%)
2 ms. Memory: 129024K Free: 73275K (57%)
3 ms. Memory: 129024K Free: 72761K (56%)
5 ms. Memory: 129024K Free: 71737K (56%)
5 ms. Memory: 129024K Free: 71227K (55%)
2 ms. Memory: 129024K Free: 70203K (54%)
3 ms. Memory: 129024K Free: 69179K (54%)
5 ms. Memory: 129024K Free: 68651K (53%)
2 ms. Memory: 129024K Free: 67627K (52%)
2 ms. Memory: 129024K Free: 66587K (52%)
/home/travis/build/icyphy/ptII/ptolemy/actor/lib/test/MathFunction.tcl
5 ms. Memory: 129024K Free: 64569K (50%)
2 ms. Memory: 129024K Free: 63531K (49%)
2 ms. Memory: 129024K Free: 62521K (48%)
1 ms. Memory: 129024K Free: 61483K (48%)
4 ms. Memory: 129024K Free: 59963K (46%)
14 ms. Memory: 129024K Free: 58395K (45%)
/home/travis/build/icyphy/ptII/ptolemy/actor/lib/test/Maximum.tcl
5 ms. Memory: 129024K Free: 56363K (44%)
8 ms. Memory: 129024K Free: 55867K (43%)
6 ms. Memory: 129024K Free: 54843K (43%)
2 ms. Memory: 129024K Free: 54315K (42%)
/home/travis/build/icyphy/ptII/ptolemy/actor/lib/test/Minimum.tcl
4 ms. Memory: 129024K Free: 52795K (41%)
1 ms. Memory: 129024K Free: 112605K (87%)
1 ms. Memory: 129024K Free: 112077K (87%)
5 ms. Memory: 129024K Free: 111579K (86%)
/home/travis/build/icyphy/ptII/ptolemy/actor/lib/test/MultiplyDivide.tcl
3 ms. Memory: 129024K Free: 109533K (85%)
10 ms. Memory: 129024K Free: 108890K (84%)
2 ms. Memory: 129024K Free: 107995K (84%)
6 ms. Memory: 129024K Free: 107485K (83%)
3 ms. Memory: 129024K Free: 106461K (83%)
/home/travis/build/icyphy/ptII/ptolemy/actor/lib/test/OrderedMerge.tcl
Connections changed on port: inputA
Connections changed on port: inputB
Connections changed on port: output
Connections changed on port: output
Connections changed on port: output
Connections changed on port: input
.top. Preinitializing ...
Invoking preinitialize():  .top.OrderedMerge
Called preinitialize()
Invoking preinitialize():  .top.Ramp
Called preinitialize()
Invoking preinitialize():  .top.Ramp2
Called preinitialize()
Invoking preinitialize():  .top.Test
Called preinitialize()
Connections changed on port: inputA
Connections changed on port: output
Connections changed on port: output
Connections changed on port: input
Connections changed on port: inputB
Connections changed on port: output
.top. Finished preinitialize().
Called initialize().
Invoking initialize():  .top.OrderedMerge
Initializing actor: .top.OrderedMerge
Adding a thread: .top.OrderedMerge
Invoking initialize():  .top.Ramp
Initializing actor: .top.Ramp
Adding a thread: .top.Ramp
Invoking initialize():  .top.Ramp2
Initializing actor: .top.Ramp2
Adding a thread: .top.Ramp2
Invoking initialize():  .top.Test
Initializing actor: .top.Test
Adding a thread: .top.Test
Called fire().
Checking for deadlock:
-- Starting thread.
Called initialize()
Called prefire()
Called fire()
-- Starting thread.
Called initialize()
-- Starting thread.
Called initialize()
-- Starting thread.
Called initialize()
Called prefire()
Called prefire()
Called fire()
Called prefire()
Called fire()
Called fire()
There are 0 Blocked actors, 0 Stopped actors, and 4 active threads.
Waiting for actors to stop.
Called postfire()
Called postfire()
Called prefire()
Called prefire()
Called fire()
Called fire()
Read input token from inputA with value 0.0
Next port to read input from is inputB
Called postfire()
Called prefire()
Called fire()
Read input token from inputB with value 0.0
Sent output token with value 0.0
Next port to read input from is inputA
Called postfire()
Called prefire()
Called fire()
Checking for deadlock:
There are 1 Blocked actors, 0 Stopped actors, and 4 active threads.
Waiting for actors to stop.
Called postfire()
Called prefire()
Called fire()
-- Read input: 0.0, which is expected to match: 0.0
Called prefire()
Called fire()
Called postfire()
Called prefire()
Called fire()
Checking for deadlock:
There are 2 Blocked actors, 0 Stopped actors, and 4 active threads.
Waiting for actors to stop.
Read input token from inputA with value 1.0
Sent output token with value 0.0
Next port to read input from is inputB
Called postfire()
Called prefire()
Called fire()
Read input token from inputB with value 1.5
Called postfire()
Called prefire()
Checking for deadlock:
Called fire()
There are 1 Blocked actors, 0 Stopped actors, and 4 active threads.
Waiting for actors to stop.
Called postfire()
Called prefire()
Called fire()
-- Read input: 0.0, which is expected to match: 0.0
Called prefire()
Called fire()
Checking for deadlock:
There are 2 Blocked actors, 0 Stopped actors, and 4 active threads.
Waiting for actors to stop.
-- Read input: 1.0, which is expected to match: 1.0
Called prefire()
Called fire()
Sent output token with value 1.0
Next port to read input from is inputA
Called postfire()
Called prefire()
Called fire()
Read input token from inputA with value 2.0
Sent output token with value 1.5
Next port to read input from is inputB
Called postfire()
Called prefire()
Called fire()
Read input token from inputB with value 3.0
Checking for deadlock:
There are 1 Blocked actors, 0 Stopped actors, and 4 active threads.
Waiting for actors to stop.
Called postfire()
Called prefire()
Called fire()
-- Read input: 1.5, which is expected to match: 1.5
Called prefire()
Called fire()
Checking for deadlock:
There are 2 Blocked actors, 0 Stopped actors, and 4 active threads.
Waiting for actors to stop.
Called postfire()
Called prefire()
Called fire()
-- Read input: 2.0, which is expected to match: 2.0
Called prefire()
Called fire()
Sent output token with value 2.0
Next port to read input from is inputA
Called postfire()
Called prefire()
Called fire()
Read input token from inputA with value 3.0
Sent output token with value 3.0
Next port to read input from is inputB
Called postfire()
Called prefire()
Called fire()
Read input token from inputB with value 4.5
Checking for deadlock:
There are 1 Blocked actors, 0 Stopped actors, and 4 active threads.
Waiting for actors to stop.
Called postfire()
Called prefire()
Called fire()
-- Read input: 3.0, which is expected to match: 3.0
Called postfire()
Called prefire()
Called prefire()
Called fire()
Called fire()
Checking for deadlock:
There are 3 Blocked actors, 0 Stopped actors, and 4 active threads.
Waiting for actors to stop.
Sent output token with value 3.0
Next port to read input from is inputA
Called postfire()
Called prefire()
Called fire()
Read input token from inputA with value 4.0
Checking for deadlock:
There are 2 Blocked actors, 0 Stopped actors, and 4 active threads.
Waiting for actors to stop.
-- Read input: 3.0, which is expected to match: 3.0
Called postfire()
Called prefire()
Called prefire()
Called fire()
Called fire()
Checking for deadlock:
There are 3 Blocked actors, 0 Stopped actors, and 4 active threads.
Waiting for actors to stop.
Sent output token with value 4.0
Next port to read input from is inputA
Called postfire()
Called prefire()
Called fire()
Read input token from inputA with value 5.0
Checking for deadlock:
There are 2 Blocked actors, 0 Stopped actors, and 4 active threads.
Waiting for actors to stop.
Called postfire()
Called prefire()
-- Read input: 4.0, which is expected to match: 4.0
Called fire()
Called prefire()
Called fire()
Past the end of training data. Read and discard all inputs.
Checking for deadlock:
There are 3 Blocked actors, 0 Stopped actors, and 4 active threads.
Waiting for actors to stop.
Called prefire()
Called fire()
Past the end of training data. Read and discard all inputs.
Checking for deadlock:
There are 3 Blocked actors, 0 Stopped actors, and 4 active threads.
Waiting for actors to stop.
Sent output token with value 4.5
Next port to read input from is inputB
Called postfire()
Called prefire()
Called fire()
Read input token from inputB with value 6.0
Sent output token with value 5.0
Next port to read input from is inputA
Called postfire()
Called prefire()
Called fire()
Read input token from inputA with value 6.0
Checking for deadlock:
There are 1 Blocked actors, 0 Stopped actors, and 4 active threads.
Waiting for actors to stop.
Called postfire()
Called postfire()
Called prefire()
Called prefire()
Called fire()
Called fire()
Called prefire()
Called fire()
Past the end of training data. Read and discard all inputs.
Checking for deadlock:
There are 3 Blocked actors, 0 Stopped actors, and 4 active threads.
Waiting for actors to stop.
Called prefire()
Called fire()
Past the end of training data. Read and discard all inputs.
Sent output token with value 6.0
Checking for deadlock:
There are 3 Blocked actors, 0 Stopped actors, and 4 active threads.
Waiting for actors to stop.
Next port to read input from is inputB
Called postfire()
Called prefire()
Called fire()
Checking for deadlock:
There are 2 Blocked actors, 0 Stopped actors, and 4 active threads.
Waiting for actors to stop.
Called postfire()
Called prefire()
Called fire()
Read input token from inputB with value 7.5
Sent output token with value 6.0
Next port to read input from is inputA
Called postfire()
Called prefire()
Called fire()
Read input token from inputA with value 7.0
Checking for deadlock:
There are 2 Blocked actors, 0 Stopped actors, and 4 active threads.
Waiting for actors to stop.
Called postfire()
Called prefire()
Called fire()
Called prefire()
Called fire()
Past the end of training data. Read and discard all inputs.
Checking for deadlock:
There are 3 Blocked actors, 0 Stopped actors, and 4 active threads.
Waiting for actors to stop.
Called prefire()
Called fire()
Past the end of training data. Read and discard all inputs.
Checking for deadlock:
There are 3 Blocked actors, 0 Stopped actors, and 4 active threads.
Waiting for actors to stop.
Sent output token with value 7.0
Next port to read input from is inputA
Called postfire()
Called prefire()
Called fire()
Checking for deadlock:
There are 2 Blocked actors, 0 Stopped actors, and 4 active threads.
-- Thread wrapup() called.
Waiting for actors to stop.
Called wrapup()
Read input token from inputA with value 8.0
Thread .top.Ramp is exiting.
-- Thread stopped.
Checking for deadlock:
There are 2 Blocked actors, 0 Stopped actors, and 3 active threads.
Waiting for actors to stop.
Called prefire()
Called fire()
Past the end of training data. Read and discard all inputs.
Checking for deadlock:
There are 2 Blocked actors, 0 Stopped actors, and 3 active threads.
Waiting for actors to stop.
Sent output token with value 7.5
Next port to read input from is inputB
Called postfire()
Called prefire()
Called fire()
Checking for deadlock:
There are 1 Blocked actors, 0 Stopped actors, and 3 active threads.
Waiting for actors to stop.
Called postfire()
Called prefire()
Called fire()
Checking for deadlock:
There are 2 Blocked actors, 0 Stopped actors, and 3 active threads.
Waiting for actors to stop.
Read input token from inputB with value 9.0
Checking for deadlock:
There are 1 Blocked actors, 0 Stopped actors, and 3 active threads.
Waiting for actors to stop.
Called prefire()
Called fire()
Past the end of training data. Read and discard all inputs.
Checking for deadlock:
There are 2 Blocked actors, 0 Stopped actors, and 3 active threads.
Waiting for actors to stop.
Sent output token with value 8.0
Next port to read input from is inputA
Called postfire()
Called prefire()
Called fire()
Read input token from inputA with value 9.0
Called prefire()
Called fire()
Past the end of training data. Read and discard all inputs.
Checking for deadlock:
There are 2 Blocked actors, 0 Stopped actors, and 3 active threads.
Waiting for actors to stop.
Sent output token with value 9.0
Next port to read input from is inputB
Called postfire()
Called prefire()
Called fire()
Called postfire()
Called prefire()
Called fire()
Checking for deadlock:
There are 2 Blocked actors, 0 Stopped actors, and 3 active threads.
Waiting for actors to stop.
Read input token from inputB with value 10.5
Called prefire()
Called fire()
Past the end of training data. Read and discard all inputs.
Checking for deadlock:
There are 2 Blocked actors, 0 Stopped actors, and 3 active threads.
Waiting for actors to stop.
Sent output token with value 9.0
Next port to read input from is inputA
Called postfire()
Called prefire()
Called fire()
Checking for deadlock:
There are 3 Blocked actors, 0 Stopped actors, and 3 active threads.
Actors have stopped.
Checking for deadlock:
There are 3 Blocked actors, 0 Stopped actors, and 3 active threads.
Deadlock detected.
Resolving Deadlock
Checking for deadlock:
There are 3 Blocked actors, 0 Stopped actors, and 3 active threads.
Artificial Deadlock - increasing queue capacity.
increasing the capacity of receiver ptolemy.actor.TypedIOPort {.top.OrderedMerge.inputB} to 2
-- Thread wrapup() called.
Called wrapup()
Thread .top.Ramp2 is exiting.
-- Thread stopped.
Director: Called postfire().
Called postfire().
_stopRequested = false
_stopFireRequested = false
Returning from postfire(): true
Called fire().
Checking for deadlock:
There are 2 Blocked actors, 0 Stopped actors, and 2 active threads.
Actors have stopped.
Checking for deadlock:
There are 2 Blocked actors, 0 Stopped actors, and 2 active threads.
Deadlock detected.
Resolving Deadlock
Checking for deadlock:
There are 2 Blocked actors, 0 Stopped actors, and 2 active threads.
Deadlock detected: no processes blocked on write, but some are blocked on read.
Called postfire().
_stopRequested = false
_stopFireRequested = false
Returning from postfire(): false
Finished deactivating branches.
Called wrapup().
-- Thread wrapup() called.
Called wrapup()
Thread .top.Test is exiting.
-- Thread stopped.
-- Blocked Receiver call threw TerminateProcessException.
-- Thread wrapup() called.
Called wrapup()
Thread .top.OrderedMerge is exiting.
-- Thread stopped.
-- Blocked Receiver call threw TerminateProcessException.
46 ms. Memory: 129024K Free: 101851K (79%)
.top. Preinitializing ...
Invoking preinitialize():  .top.OrderedMerge
Called preinitialize()
Invoking preinitialize():  .top.Ramp
Called preinitialize()
Invoking preinitialize():  .top.Ramp2
Called preinitialize()
Invoking preinitialize():  .top.Test
Called preinitialize()
.top. Finished preinitialize().
Called initialize().
Invoking initialize():  .top.OrderedMerge
Initializing actor: .top.OrderedMerge
Adding a thread: .top.OrderedMerge
Invoking initialize():  .top.Ramp
Initializing actor: .top.Ramp
Adding a thread: .top.Ramp
Invoking initialize():  .top.Ramp2
Initializing actor: .top.Ramp2
Adding a thread: .top.Ramp2
Invoking initialize():  .top.Test
Initializing actor: .top.Test
Adding a thread: .top.Test
-- Starting thread.
Called initialize()
Called prefire()
Called fire()
-- Starting thread.
Called initialize()
Called prefire()
Called fire()
Called postfire()
Called prefire()
Called fire()
-- Starting thread.
Called initialize()
Called prefire()
Called fire()
Called postfire()
Called prefire()
Called fire()
Called fire().
Checking for deadlock:
There are 3 Blocked actors, 0 Stopped actors, and 4 active threads.
Waiting for actors to stop.
-- Starting thread.
Called initialize()
Called prefire()
Called fire()
Checking for deadlock:
There are 2 Blocked actors, 0 Stopped actors, and 4 active threads.
Waiting for actors to stop.
Called postfire()
Called prefire()
Called fire()
Checking for deadlock:
There are 3 Blocked actors, 0 Stopped actors, and 4 active threads.
Waiting for actors to stop.
Read input token from inputA with value 0.0
Next port to read input from is inputB
Called postfire()
Called prefire()
Called fire()
Called postfire()
Called prefire()
Called fire()
Checking for deadlock:
There are 3 Blocked actors, 0 Stopped actors, and 4 active threads.
Waiting for actors to stop.
Read input token from inputB with value 0.0
-- Read input: 0.0, which is expected to match: 0.0
Called prefire()
Called fire()
Checking for deadlock:
There are 3 Blocked actors, 0 Stopped actors, and 4 active threads.
Waiting for actors to stop.
Sent output token with value 0.0
Next port to read input from is inputA
Called postfire()
Called prefire()
Called fire()
Checking for deadlock:
There are 2 Blocked actors, 0 Stopped actors, and 4 active threads.
Waiting for actors to stop.
Called postfire()
Called prefire()
Called fire()
Checking for deadlock:
There are 3 Blocked actors, 0 Stopped actors, and 4 active threads.
Waiting for actors to stop.
Read input token from inputA with value 1.0
Checking for deadlock:
There are 2 Blocked actors, 0 Stopped actors, and 4 active threads.
Waiting for actors to stop.
-- Read input: 0.0, which is expected to match: 0.0
Called prefire()
Called fire()
Checking for deadlock:
There are 3 Blocked actors, 0 Stopped actors, and 4 active threads.
Waiting for actors to stop.
Sent output token with value 0.0
Next port to read input from is inputB
Called postfire()
Called prefire()
Called fire()
Checking for deadlock:
There are 2 Blocked actors, 0 Stopped actors, and 4 active threads.
Waiting for actors to stop.
Called postfire()
Called prefire()
Called fire()
Checking for deadlock:
There are 3 Blocked actors, 0 Stopped actors, and 4 active threads.
Waiting for actors to stop.
Read input token from inputB with value 1.5
Checking for deadlock:
There are 2 Blocked actors, 0 Stopped actors, and 4 active threads.
Waiting for actors to stop.
-- Read input: 1.0, which is expected to match: 1.0
Called prefire()
Called fire()
Checking for deadlock:
There are 3 Blocked actors, 0 Stopped actors, and 4 active threads.
Waiting for actors to stop.
Sent output token with value 1.0
Next port to read input from is inputA
Called postfire()
Called prefire()
Called fire()
Checking for deadlock:
There are 2 Blocked actors, 0 Stopped actors, and 4 active threads.
Waiting for actors to stop.
Called postfire()
Called prefire()
Called fire()
Checking for deadlock:
There are 3 Blocked actors, 0 Stopped actors, and 4 active threads.
Waiting for actors to stop.
Read input token from inputA with value 2.0
Checking for deadlock:
There are 2 Blocked actors, 0 Stopped actors, and 4 active threads.
Waiting for actors to stop.
-- Read input: 1.5, which is expected to match: 1.5
Called prefire()
Called fire()
Checking for deadlock:
There are 3 Blocked actors, 0 Stopped actors, and 4 active threads.
Waiting for actors to stop.
Sent output token with value 1.5
Next port to read input from is inputB
Called postfire()
Called prefire()
Called fire()
Called postfire()
Called prefire()
Called fire()
Checking for deadlock:
There are 3 Blocked actors, 0 Stopped actors, and 4 active threads.
Waiting for actors to stop.
Read input token from inputB with value 3.0
-- Read input: 2.0, which is expected to match: 2.0
Called prefire()
Called fire()
Checking for deadlock:
There are 3 Blocked actors, 0 Stopped actors, and 4 active threads.
Waiting for actors to stop.
Sent output token with value 2.0
Next port to read input from is inputA
Called postfire()
Called prefire()
Called fire()
Checking for deadlock:
There are 2 Blocked actors, 0 Stopped actors, and 4 active threads.
Waiting for actors to stop.
Called postfire()
Called prefire()
Called fire()
Checking for deadlock:
There are 3 Blocked actors, 0 Stopped actors, and 4 active threads.
Waiting for actors to stop.
Read input token from inputA with value 3.0
Checking for deadlock:
There are 2 Blocked actors, 0 Stopped actors, and 4 active threads.
Waiting for actors to stop.
-- Read input: 3.0, which is expected to match: 3.0
Called prefire()
Called fire()
Checking for deadlock:
There are 3 Blocked actors, 0 Stopped actors, and 4 active threads.
Waiting for actors to stop.
Sent output token with value 3.0
Next port to read input from is inputB
Called postfire()
Called prefire()
Called fire()
Checking for deadlock:
There are 2 Blocked actors, 0 Stopped actors, and 4 active threads.
Waiting for actors to stop.
Called postfire()
Called prefire()
Called fire()
Checking for deadlock:
There are 3 Blocked actors, 0 Stopped actors, and 4 active threads.
Waiting for actors to stop.
Read input token from inputB with value 4.5
Checking for deadlock:
There are 2 Blocked actors, 0 Stopped actors, and 4 active threads.
Waiting for actors to stop.
-- Read input: 3.0, which is expected to match: 3.0
Called prefire()
Called fire()
Checking for deadlock:
There are 3 Blocked actors, 0 Stopped actors, and 4 active threads.
Waiting for actors to stop.
Sent output token with value 3.0
Next port to read input from is inputA
Called postfire()
Called prefire()
Called fire()
Called postfire()
Called prefire()
Called fire()
Checking for deadlock:
There are 3 Blocked actors, 0 Stopped actors, and 4 active threads.
Waiting for actors to stop.
Read input token from inputA with value 4.0
-- Read input: 4.0, which is expected to match: 4.0
Called prefire()
Called fire()
Past the end of training data. Read and discard all inputs.
Checking for deadlock:
There are 3 Blocked actors, 0 Stopped actors, and 4 active threads.
Waiting for actors to stop.
Sent output token with value 4.0
Next port to read input from is inputA
Called postfire()
Called prefire()
Called fire()
Called postfire()
Called prefire()
Called fire()
Checking for deadlock:
There are 3 Blocked actors, 0 Stopped actors, and 4 active threads.
Waiting for actors to stop.
Read input token from inputA with value 5.0
Called prefire()
Called fire()
Past the end of training data. Read and discard all inputs.
Checking for deadlock:
There are 3 Blocked actors, 0 Stopped actors, and 4 active threads.
Waiting for actors to stop.
Sent output token with value 4.5
Next port to read input from is inputB
Called postfire()
Called prefire()
Called fire()
Checking for deadlock:
There are 2 Blocked actors, 0 Stopped actors, and 4 active threads.
Waiting for actors to stop.
Called postfire()
Called prefire()
Called fire()
Checking for deadlock:
There are 3 Blocked actors, 0 Stopped actors, and 4 active threads.
Waiting for actors to stop.
Read input token from inputB with value 6.0
Checking for deadlock:
There are 2 Blocked actors, 0 Stopped actors, and 4 active threads.
Waiting for actors to stop.
Called prefire()
Called fire()
Past the end of training data. Read and discard all inputs.
Checking for deadlock:
There are 3 Blocked actors, 0 Stopped actors, and 4 active threads.
Waiting for actors to stop.
Sent output token with value 5.0
Next port to read input from is inputA
Called postfire()
Called prefire()
Called fire()
Called postfire()
Called prefire()
Called fire()
Checking for deadlock:
There are 3 Blocked actors, 0 Stopped actors, and 4 active threads.
Waiting for actors to stop.
Read input token from inputA with value 6.0
Called prefire()
Called fire()
Past the end of training data. Read and discard all inputs.
Checking for deadlock:
There are 3 Blocked actors, 0 Stopped actors, and 4 active threads.
Waiting for actors to stop.
Sent output token with value 6.0
Next port to read input from is inputB
Called postfire()
Called prefire()
Called fire()
Checking for deadlock:
There are 2 Blocked actors, 0 Stopped actors, and 4 active threads.
Waiting for actors to stop.
Called postfire()
Called prefire()
Called fire()
Checking for deadlock:
There are 3 Blocked actors, 0 Stopped actors, and 4 active threads.
Waiting for actors to stop.
Read input token from inputB with value 7.5
Checking for deadlock:
There are 2 Blocked actors, 0 Stopped actors, and 4 active threads.
Waiting for actors to stop.
Called prefire()
Called fire()
Past the end of training data. Read and discard all inputs.
Checking for deadlock:
There are 3 Blocked actors, 0 Stopped actors, and 4 active threads.
Waiting for actors to stop.
Sent output token with value 6.0
Next port to read input from is inputA
Called postfire()
Called prefire()
Called fire()
Called postfire()
Called prefire()
Called fire()
Checking for deadlock:
There are 3 Blocked actors, 0 Stopped actors, and 4 active threads.
Waiting for actors to stop.
Read input token from inputA with value 7.0
Called prefire()
Called fire()
Past the end of training data. Read and discard all inputs.
Checking for deadlock:
There are 3 Blocked actors, 0 Stopped actors, and 4 active threads.
Waiting for actors to stop.
Sent output token with value 7.0
Next port to read input from is inputA
Called postfire()
Called prefire()
Called fire()
-- Thread wrapup() called.
Called wrapup()
Thread .top.Ramp is exiting.
-- Thread stopped.
Checking for deadlock:
There are 2 Blocked actors, 0 Stopped actors, and 3 active threads.
Waiting for actors to stop.
Read input token from inputA with value 8.0
Checking for deadlock:
There are 1 Blocked actors, 0 Stopped actors, and 3 active threads.
Waiting for actors to stop.
Called prefire()
Called fire()
Past the end of training data. Read and discard all inputs.
Checking for deadlock:
There are 2 Blocked actors, 0 Stopped actors, and 3 active threads.
Waiting for actors to stop.
Sent output token with value 7.5
Next port to read input from is inputB
Called postfire()
Called prefire()
Called fire()
Checking for deadlock:
There are 1 Blocked actors, 0 Stopped actors, and 3 active threads.
Waiting for actors to stop.
Called postfire()
Called prefire()
Called fire()
Checking for deadlock:
There are 2 Blocked actors, 0 Stopped actors, and 3 active threads.
Waiting for actors to stop.
Read input token from inputB with value 9.0
Checking for deadlock:
There are 1 Blocked actors, 0 Stopped actors, and 3 active threads.
Waiting for actors to stop.
Called prefire()
Called fire()
Past the end of training data. Read and discard all inputs.
Checking for deadlock:
There are 2 Blocked actors, 0 Stopped actors, and 3 active threads.
Waiting for actors to stop.
Sent output token with value 8.0
Next port to read input from is inputA
Called postfire()
Called prefire()
Called fire()
Read input token from inputA with value 9.0
Called prefire()
Called fire()
Past the end of training data. Read and discard all inputs.
Checking for deadlock:
There are 2 Blocked actors, 0 Stopped actors, and 3 active threads.
Waiting for actors to stop.
Sent output token with value 9.0
Next port to read input from is inputB
Called postfire()
Called prefire()
Called fire()
Called postfire()
Called prefire()
Called fire()
Checking for deadlock:
There are 2 Blocked actors, 0 Stopped actors, and 3 active threads.
Waiting for actors to stop.
Read input token from inputB with value 10.5
Called prefire()
Called fire()
Past the end of training data. Read and discard all inputs.
Checking for deadlock:
There are 2 Blocked actors, 0 Stopped actors, and 3 active threads.
Waiting for actors to stop.
Sent output token with value 9.0
Next port to read input from is inputA
Called postfire()
Called prefire()
Called fire()
Checking for deadlock:
There are 3 Blocked actors, 0 Stopped actors, and 3 active threads.
Actors have stopped.
Checking for deadlock:
There are 3 Blocked actors, 0 Stopped actors, and 3 active threads.
Deadlock detected.
Resolving Deadlock
Checking for deadlock:
There are 3 Blocked actors, 0 Stopped actors, and 3 active threads.
Artificial Deadlock - increasing queue capacity.
increasing the capacity of receiver ptolemy.actor.TypedIOPort {.top.OrderedMerge.inputB} to 2
Director: Called postfire().
Called postfire().
_stopRequested = false
_stopFireRequested = false
Returning from postfire(): true
Called fire().
Checking for deadlock:
There are 2 Blocked actors, 0 Stopped actors, and 3 active threads.
Waiting for actors to stop.
-- Thread wrapup() called.
Called wrapup()
Thread .top.Ramp2 is exiting.
-- Thread stopped.
Checking for deadlock:
There are 2 Blocked actors, 0 Stopped actors, and 2 active threads.
Actors have stopped.
Checking for deadlock:
There are 2 Blocked actors, 0 Stopped actors, and 2 active threads.
Deadlock detected.
Resolving Deadlock
Checking for deadlock:
There are 2 Blocked actors, 0 Stopped actors, and 2 active threads.
Deadlock detected: no processes blocked on write, but some are blocked on read.
Called postfire().
_stopRequested = false
_stopFireRequested = false
Returning from postfire(): false
Finished deactivating branches.
Called wrapup().
-- Thread wrapup() called.
Called wrapup()
-- Thread wrapup() called.
Called wrapup()
Thread .top.Test is exiting.
-- Thread stopped.
-- Blocked Receiver call threw TerminateProcessException.
Thread .top.OrderedMerge is exiting.
-- Thread stopped.
-- Blocked Receiver call threw TerminateProcessException.
30 ms. Memory: 129024K Free: 99293K (77%)
/home/travis/build/icyphy/ptII/ptolemy/actor/lib/test/Publisher.tcl
7 ms. Memory: 129024K Free: 93149K (72%)
12 ms. Memory: 129024K Free: 87515K (68%)
2 ms. Memory: 129024K Free: 83933K (65%)
12 ms. Memory: 129024K Free: 82909K (64%)
3 ms. Memory: 129024K Free: 82381K (64%)
3 ms. Memory: 129024K Free: 81365K (63%)
10 ms. Memory: 129024K Free: 80347K (62%)
11 ms. Memory: 129024K Free: 79837K (62%)
23 ms. Memory: 129024K Free: 69597K (54%)
14 ms. Memory: 129024K Free: 109077K (85%)
3 ms. Memory: 129024K Free: 108643K (84%)
4 ms. Memory: 129024K Free: 106595K (83%)
13 ms. Memory: 129024K Free: 98913K (77%)
5 ms. Memory: 129024K Free: 89187K (69%)
6 ms. Memory: 129024K Free: 78419K (61%)
/home/travis/build/icyphy/ptII/ptolemy/actor/lib/test/Pulse.tcl
11 ms. Memory: 158720K Free: 134775K (85%)
2 ms. Memory: 158720K Free: 134279K (85%)
1 ms. Memory: 158720K Free: 133751K (84%)
2 ms. Memory: 158720K Free: 133255K (84%)
2 ms. Memory: 158720K Free: 132727K (84%)
6 ms. Memory: 158720K Free: 131717K (83%)
9 ms. Memory: 158720K Free: 130633K (82%)
2 ms. Memory: 158720K Free: 129639K (82%)
1 ms. Memory: 158720K Free: 129159K (81%)
/home/travis/build/icyphy/ptII/ptolemy/actor/lib/test/Ramp.tcl
6 ms. Memory: 158720K Free: 127111K (80%)
5 ms. Memory: 158720K Free: 126567K (80%)
6 ms. Memory: 158720K Free: 125573K (79%)
4 ms. Memory: 158720K Free: 125063K (79%)
7 ms. Memory: 158720K Free: 124039K (78%)
10 ms. Memory: 158720K Free: 123519K (78%)
7 ms. Memory: 158720K Free: 122487K (77%)
5 actors
5000 microseconds per iteration to create
13 ms. Memory: 158720K Free: 119429K (75%)
8 ms. Memory: 158720K Free: 118919K (75%)
2 ms. Memory: 158720K Free: 118391K (75%)
6 ms. Memory: 158720K Free: 117895K (74%)
50 actors
48000 microseconds per iteration to create
47 ms. Memory: 158720K Free: 102535K (65%)
5 ms. Memory: 158720K Free: 101511K (64%)
5 ms. Memory: 158720K Free: 99973K (63%)
4 ms. Memory: 158720K Free: 98949K (62%)
500 actors
1367000 microseconds per iteration to create
250 ms. Memory: 158720K Free: 105149K (66%)
35 ms. Memory: 158720K Free: 99515K (63%)
39 ms. Memory: 158720K Free: 94395K (59%)
33 ms. Memory: 158720K Free: 89275K (56%)
/home/travis/build/icyphy/ptII/ptolemy/actor/lib/test/RampContinuous.tcl
6 ms. Memory: 158720K Free: 87741K (55%)
/home/travis/build/icyphy/ptII/ptolemy/actor/lib/test/RecordAssembler.tcl
5 ms. Memory: 158720K Free: 86203K (54%)
3 ms. Memory: 158720K Free: 85179K (54%)
/home/travis/build/icyphy/ptII/ptolemy/actor/lib/test/RecordDisassembler.tcl
5 ms. Memory: 158720K Free: 83131K (52%)
3 ms. Memory: 158720K Free: 82621K (52%)
6 ms. Memory: 158720K Free: 81597K (51%)
/home/travis/build/icyphy/ptII/ptolemy/actor/lib/test/Scale.tcl
5 ms. Memory: 158720K Free: 79549K (50%)
2 ms. Memory: 158720K Free: 79035K (50%)
1 ms. Memory: 158720K Free: 78011K (49%)
4 ms. Memory: 158720K Free: 77501K (49%)
4 ms. Memory: 158720K Free: 76477K (48%)
/home/travis/build/icyphy/ptII/ptolemy/actor/lib/test/SequentialClock.tcl
preinitializing
resolving types
initializing
executing number 1
wrapping up
idle
2 ms. Memory: 158720K Free: 75453K (48%)
Completed execution with 5 iterations
preinitializing
resolving types
initializing
executing number 1
wrapping up
idle
1 ms. Memory: 158720K Free: 74429K (47%)
Completed execution with 5 iterations
preinitializing
resolving types
initializing
executing number 1
wrapping up
idle
1 ms. Memory: 158720K Free: 73915K (47%)
Completed execution with 5 iterations
/home/travis/build/icyphy/ptII/ptolemy/actor/lib/test/SetVariable.tcl
4 ms. Memory: 158720K Free: 72381K (46%)
/home/travis/build/icyphy/ptII/ptolemy/actor/lib/test/Sinewave.tcl
/home/travis/build/icyphy/ptII/ptolemy/actor/lib/test/SubscriptionAggregator.tcl
4 ms. Memory: 158720K Free: 61117K (39%)
2 ms. Memory: 158720K Free: 60093K (38%)
1 ms. Memory: 158720K Free: 59564K (38%)
0 ms. Memory: 158720K Free: 59564K (38%)
4 ms. Memory: 158720K Free: 55468K (35%)
15 ms. Memory: 158720K Free: 53435K (34%)
...............................................................1004 ms. Memory: 269312K Free: 212990K (79%)
/home/travis/build/icyphy/ptII/ptolemy/actor/lib/test/Test.tcl
 The next command will produce a warning about training mode,
   which may be ignored.
5 ms. Memory: 269312K Free: 210944K (78%)
3 ms. Memory: 269312K Free: 209920K (78%)
1 ms. Memory: 269312K Free: 209391K (78%)
2 ms. Memory: 269312K Free: 208896K (78%)
2 ms. Memory: 269312K Free: 208382K (77%)
4 ms. Memory: 269312K Free: 206848K (77%)
4 ms. Memory: 269312K Free: 205824K (76%)
 The next command will produce a warning about training mode,
   which may be ignored.
5 ms. Memory: 269312K Free: 203247K (75%)
 The next command will produce a warning about training mode,
   which may be ignored.
3 ms. Memory: 269312K Free: 202231K (75%)
1 ms. Memory: 269312K Free: 201728K (75%)
2 ms. Memory: 269312K Free: 201199K (75%)
2 ms. Memory: 269312K Free: 200704K (75%)
6 ms. Memory: 269312K Free: 199680K (74%)
4 ms. Memory: 269312K Free: 196063K (73%)
/home/travis/build/icyphy/ptII/ptolemy/actor/lib/test/TestExceptionHandler.tcl
 The next command will produce a warning about training mode,
   which may be ignored.
4 ms. Memory: 269312K Free: 194560K (72%)
1 ms. Memory: 269312K Free: 194031K (72%)
1 ms. Memory: 269312K Free: 193536K (72%)
/home/travis/build/icyphy/ptII/ptolemy/actor/lib/test/UnionDisassembler.tcl
27 ms. Memory: 269312K Free: 186368K (69%)
/home/travis/build/icyphy/ptII/ptolemy/actor/lib/test/VariableClock.tcl
preinitializing
resolving types
initializing
executing number 1
wrapping up
idle
9 ms. Memory: 269312K Free: 184320K (68%)
Completed execution with 11 iterations
preinitializing
resolving types
initializing
executing number 1
wrapping up
idle
8 ms. Memory: 269312K Free: 182782K (68%)
Completed execution with 10 iterations
09/10/20 03:44:32
Failed: 0  Total Tests: 233  ((Passed: 233, Newly Passed: 0)  Known Failed: 0) /home/travis/build/icyphy/ptII/ptolemy/actor/lib/test
----------------- testing (KnownFailure) /home/travis/build/icyphy/ptII/ptolemy/actor/lib/test/auto/knownFailedTests/PublisherPortToplevelSubscriber.xml
1 ms. Memory: 269312K Free: 179710K (67%)
Known Failure: java.lang.reflect.InvocationTargetException
----------------- testing (KnownFailure) /home/travis/build/icyphy/ptII/ptolemy/actor/lib/test/auto/knownFailedTests/PublisherSubscriberPortToplevel.xml
1 ms. Memory: 269312K Free: 175614K (65%)
Known Failure: java.lang.reflect.InvocationTargetException
----------------- testing (KnownFailure) /home/travis/build/icyphy/ptII/ptolemy/actor/lib/test/auto/knownFailedTests/PublisherSubscriptionAggregatorPort.xml
0 ms. Memory: 269312K Free: 171518K (64%)
Known Failure: java.lang.reflect.InvocationTargetException
----------------- testing (KnownFailure) /home/travis/build/icyphy/ptII/ptolemy/actor/lib/test/auto/knownFailedTests/sizedarray3.xml
8 ms. Memory: 269312K Free: 167422K (62%)
Known Failure: java.lang.reflect.InvocationTargetException
No auto/linux-amd64/*.xml tests in /home/travis/build/icyphy/ptII/ptolemy/actor/lib/test
AutoTests.java: About to close Vertx.
AutoTests.java: Vertx closed.

===========================================================================================
----------------- testing Thu Sep 10 15:44:33 UTC 2020 /home/travis/build/icyphy/ptII/ptolemy/actor/lib/test/auto/AbsoluteValue.xml
----------------- Instantiating /home/travis/build/icyphy/ptII/ptolemy/actor/lib/test/auto/AbsoluteValue.xml
8 ms. Memory: 269312K Free: 143870K (53%)
----------------- Invoking toplevel() on ptolemy.moml.MoMLSimpleApplication@27fff38
----------------- Done invoking toplevel() on ptolemy.moml.MoMLSimpleApplication@27fff38
reloadAllAccessors: .AbsoluteValue

===========================================================================================
----------------- testing Thu Sep 10 15:44:33 UTC 2020 /home/travis/build/icyphy/ptII/ptolemy/actor/lib/test/auto/AbsoluteValue2.xml
----------------- Instantiating /home/travis/build/icyphy/ptII/ptolemy/actor/lib/test/auto/AbsoluteValue2.xml
5 ms. Memory: 269312K Free: 210942K (78%)
----------------- Invoking toplevel() on ptolemy.moml.MoMLSimpleApplication@635a5e06
----------------- Done invoking toplevel() on ptolemy.moml.MoMLSimpleApplication@635a5e06
reloadAllAccessors: .AbsoluteValue2

===========================================================================================
----------------- testing Thu Sep 10 15:44:33 UTC 2020 /home/travis/build/icyphy/ptII/ptolemy/actor/lib/test/auto/Accumulator.xml
----------------- Instantiating /home/travis/build/icyphy/ptII/ptolemy/actor/lib/test/auto/Accumulator.xml
6 ms. Memory: 269312K Free: 204288K (76%)
----------------- Invoking toplevel() on ptolemy.moml.MoMLSimpleApplication@4044401f
----------------- Done invoking toplevel() on ptolemy.moml.MoMLSimpleApplication@4044401f
reloadAllAccessors: .Accumulator

===========================================================================================
----------------- testing Thu Sep 10 15:44:33 UTC 2020 /home/travis/build/icyphy/ptII/ptolemy/actor/lib/test/auto/Accumulator2.xml
----------------- Instantiating /home/travis/build/icyphy/ptII/ptolemy/actor/lib/test/auto/Accumulator2.xml
3 ms. Memory: 269312K Free: 199168K (74%)
----------------- Invoking toplevel() on ptolemy.moml.MoMLSimpleApplication@40951c4b
----------------- Done invoking toplevel() on ptolemy.moml.MoMLSimpleApplication@40951c4b
reloadAllAccessors: .Accumulator2

===========================================================================================
----------------- testing Thu Sep 10 15:44:33 UTC 2020 /home/travis/build/icyphy/ptII/ptolemy/actor/lib/test/auto/Accumulator3.xml
----------------- Instantiating /home/travis/build/icyphy/ptII/ptolemy/actor/lib/test/auto/Accumulator3.xml
2 ms. Memory: 269312K Free: 195072K (72%)
----------------- Invoking toplevel() on ptolemy.moml.MoMLSimpleApplication@4e746d61
----------------- Done invoking toplevel() on ptolemy.moml.MoMLSimpleApplication@4e746d61
reloadAllAccessors: .Accumulator3

===========================================================================================
----------------- testing Thu Sep 10 15:44:33 UTC 2020 /home/travis/build/icyphy/ptII/ptolemy/actor/lib/test/auto/ArrayAppend.xml
----------------- Instantiating /home/travis/build/icyphy/ptII/ptolemy/actor/lib/test/auto/ArrayAppend.xml
5 ms. Memory: 269312K Free: 188399K (70%)
----------------- Invoking toplevel() on ptolemy.moml.MoMLSimpleApplication@709a028b
----------------- Done invoking toplevel() on ptolemy.moml.MoMLSimpleApplication@709a028b
reloadAllAccessors: .ArrayAppend

===========================================================================================
----------------- testing Thu Sep 10 15:44:33 UTC 2020 /home/travis/build/icyphy/ptII/ptolemy/actor/lib/test/auto/ArrayAppend2.xml
----------------- Instantiating /home/travis/build/icyphy/ptII/ptolemy/actor/lib/test/auto/ArrayAppend2.xml
350 ms. Memory: 269312K Free: 105984K (39%)
----------------- Invoking toplevel() on ptolemy.moml.MoMLSimpleApplication@5f308949
----------------- Done invoking toplevel() on ptolemy.moml.MoMLSimpleApplication@5f308949
reloadAllAccessors: .ArrayAppend2

===========================================================================================
----------------- testing Thu Sep 10 15:44:34 UTC 2020 /home/travis/build/icyphy/ptII/ptolemy/actor/lib/test/auto/ArrayAppend3.xml
----------------- Instantiating /home/travis/build/icyphy/ptII/ptolemy/actor/lib/test/auto/ArrayAppend3.xml
3 ms. Memory: 269312K Free: 100350K (37%)
----------------- Invoking toplevel() on ptolemy.moml.MoMLSimpleApplication@457689e9
----------------- Done invoking toplevel() on ptolemy.moml.MoMLSimpleApplication@457689e9
reloadAllAccessors: .ArrayAppend3

===========================================================================================
----------------- testing Thu Sep 10 15:44:34 UTC 2020 /home/travis/build/icyphy/ptII/ptolemy/actor/lib/test/auto/ArrayAppend4.xml
----------------- Instantiating /home/travis/build/icyphy/ptII/ptolemy/actor/lib/test/auto/ArrayAppend4.xml
3 ms. Memory: 269312K Free: 216085K (80%)
----------------- Invoking toplevel() on ptolemy.moml.MoMLSimpleApplication@87736b0
----------------- Done invoking toplevel() on ptolemy.moml.MoMLSimpleApplication@87736b0
reloadAllAccessors: .ArrayAppend4

===========================================================================================
----------------- testing Thu Sep 10 15:44:34 UTC 2020 /home/travis/build/icyphy/ptII/ptolemy/actor/lib/test/auto/ArrayAppend5.xml
----------------- Instantiating /home/travis/build/icyphy/ptII/ptolemy/actor/lib/test/auto/ArrayAppend5.xml
2 ms. Memory: 269312K Free: 210451K (78%)
----------------- Invoking toplevel() on ptolemy.moml.MoMLSimpleApplication@13afbc28
----------------- Done invoking toplevel() on ptolemy.moml.MoMLSimpleApplication@13afbc28
reloadAllAccessors: .ArrayAppend5

===========================================================================================
----------------- testing Thu Sep 10 15:44:34 UTC 2020 /home/travis/build/icyphy/ptII/ptolemy/actor/lib/test/auto/ArrayAppend6.xml
----------------- Instantiating /home/travis/build/icyphy/ptII/ptolemy/actor/lib/test/auto/ArrayAppend6.xml
1 ms. Memory: 269312K Free: 205331K (76%)
----------------- Invoking toplevel() on ptolemy.moml.MoMLSimpleApplication@4ebd1a66
----------------- Done invoking toplevel() on ptolemy.moml.MoMLSimpleApplication@4ebd1a66
reloadAllAccessors: .ArrayAppend6

===========================================================================================
----------------- testing Thu Sep 10 15:44:34 UTC 2020 /home/travis/build/icyphy/ptII/ptolemy/actor/lib/test/auto/ArrayAppendPerformanceTest.xml
----------------- Instantiating /home/travis/build/icyphy/ptII/ptolemy/actor/lib/test/auto/ArrayAppendPerformanceTest.xml
22 ms. Memory: 269312K Free: 194067K (72%)
----------------- Invoking toplevel() on ptolemy.moml.MoMLSimpleApplication@4e0699bb
----------------- Done invoking toplevel() on ptolemy.moml.MoMLSimpleApplication@4e0699bb
reloadAllAccessors: .ArrayAppendPerformanceTest

===========================================================================================
----------------- testing Thu Sep 10 15:44:34 UTC 2020 /home/travis/build/icyphy/ptII/ptolemy/actor/lib/test/auto/ArrayAppendWithEmptyInput.xml
----------------- Instantiating /home/travis/build/icyphy/ptII/ptolemy/actor/lib/test/auto/ArrayAppendWithEmptyInput.xml
8 ms. Memory: 269312K Free: 186389K (69%)
----------------- Invoking toplevel() on ptolemy.moml.MoMLSimpleApplication@2b8ae56e
----------------- Done invoking toplevel() on ptolemy.moml.MoMLSimpleApplication@2b8ae56e
reloadAllAccessors: .ArrayAppendWithEmptyInput

===========================================================================================
----------------- testing Thu Sep 10 15:44:34 UTC 2020 /home/travis/build/icyphy/ptII/ptolemy/actor/lib/test/auto/ArrayAverage.xml
----------------- Instantiating /home/travis/build/icyphy/ptII/ptolemy/actor/lib/test/auto/ArrayAverage.xml
5 ms. Memory: 269312K Free: 178197K (66%)
----------------- Invoking toplevel() on ptolemy.moml.MoMLSimpleApplication@15c2307e
----------------- Done invoking toplevel() on ptolemy.moml.MoMLSimpleApplication@15c2307e
reloadAllAccessors: .ArrayAverage

===========================================================================================
----------------- testing Thu Sep 10 15:44:34 UTC 2020 /home/travis/build/icyphy/ptII/ptolemy/actor/lib/test/auto/ArrayContains.xml
----------------- Instantiating /home/travis/build/icyphy/ptII/ptolemy/actor/lib/test/auto/ArrayContains.xml
12 ms. Memory: 269312K Free: 172053K (64%)
----------------- Invoking toplevel() on ptolemy.moml.MoMLSimpleApplication@57a91a8f
----------------- Done invoking toplevel() on ptolemy.moml.MoMLSimpleApplication@57a91a8f
reloadAllAccessors: .ArrayContains

===========================================================================================
----------------- testing Thu Sep 10 15:44:34 UTC 2020 /home/travis/build/icyphy/ptII/ptolemy/actor/lib/test/auto/ArrayElement.xml
----------------- Instantiating /home/travis/build/icyphy/ptII/ptolemy/actor/lib/test/auto/ArrayElement.xml
3 ms. Memory: 269312K Free: 166389K (62%)
----------------- Invoking toplevel() on ptolemy.moml.MoMLSimpleApplication@581f8a1f
----------------- Done invoking toplevel() on ptolemy.moml.MoMLSimpleApplication@581f8a1f
reloadAllAccessors: .ArrayElement

===========================================================================================
----------------- testing Thu Sep 10 15:44:34 UTC 2020 /home/travis/build/icyphy/ptII/ptolemy/actor/lib/test/auto/ArrayElementAsMatrix.xml
----------------- Instantiating /home/travis/build/icyphy/ptII/ptolemy/actor/lib/test/auto/ArrayElementAsMatrix.xml
9 ms. Memory: 269312K Free: 156693K (58%)
----------------- Invoking toplevel() on ptolemy.moml.MoMLSimpleApplication@e08b4b
----------------- Done invoking toplevel() on ptolemy.moml.MoMLSimpleApplication@e08b4b
reloadAllAccessors: .ArrayElementAsMatrix

===========================================================================================
----------------- testing Thu Sep 10 15:44:34 UTC 2020 /home/travis/build/icyphy/ptII/ptolemy/actor/lib/test/auto/ArrayElementI.xml
----------------- Instantiating /home/travis/build/icyphy/ptII/ptolemy/actor/lib/test/auto/ArrayElementI.xml
2 ms. Memory: 269312K Free: 151059K (56%)
----------------- Invoking toplevel() on ptolemy.moml.MoMLSimpleApplication@31314b77
----------------- Done invoking toplevel() on ptolemy.moml.MoMLSimpleApplication@31314b77
reloadAllAccessors: .ArrayElementI

===========================================================================================
----------------- testing Thu Sep 10 15:44:34 UTC 2020 /home/travis/build/icyphy/ptII/ptolemy/actor/lib/test/auto/ArrayExtract.xml
----------------- Instantiating /home/travis/build/icyphy/ptII/ptolemy/actor/lib/test/auto/ArrayExtract.xml
4 ms. Memory: 269312K Free: 142867K (53%)
----------------- Invoking toplevel() on ptolemy.moml.MoMLSimpleApplication@78a7ded
----------------- Done invoking toplevel() on ptolemy.moml.MoMLSimpleApplication@78a7ded
reloadAllAccessors: .ArrayExtract

===========================================================================================
----------------- testing Thu Sep 10 15:44:34 UTC 2020 /home/travis/build/icyphy/ptII/ptolemy/actor/lib/test/auto/ArrayExtract2.xml
----------------- Instantiating /home/travis/build/icyphy/ptII/ptolemy/actor/lib/test/auto/ArrayExtract2.xml
4 ms. Memory: 269312K Free: 137717K (51%)
----------------- Invoking toplevel() on ptolemy.moml.MoMLSimpleApplication@4b336742
----------------- Done invoking toplevel() on ptolemy.moml.MoMLSimpleApplication@4b336742
reloadAllAccessors: .ArrayExtract2

===========================================================================================
----------------- testing Thu Sep 10 15:44:34 UTC 2020 /home/travis/build/icyphy/ptII/ptolemy/actor/lib/test/auto/ArrayLength.xml
----------------- Instantiating /home/travis/build/icyphy/ptII/ptolemy/actor/lib/test/auto/ArrayLength.xml
2 ms. Memory: 269312K Free: 133651K (50%)
----------------- Invoking toplevel() on ptolemy.moml.MoMLSimpleApplication@2463d9a
----------------- Done invoking toplevel() on ptolemy.moml.MoMLSimpleApplication@2463d9a
reloadAllAccessors: .ArrayLength

===========================================================================================
----------------- testing Thu Sep 10 15:44:34 UTC 2020 /home/travis/build/icyphy/ptII/ptolemy/actor/lib/test/auto/ArrayLevelCrossing.xml
----------------- Instantiating /home/travis/build/icyphy/ptII/ptolemy/actor/lib/test/auto/ArrayLevelCrossing.xml
4 ms. Memory: 269312K Free: 125459K (47%)
----------------- Invoking toplevel() on ptolemy.moml.MoMLSimpleApplication@1b921f87
----------------- Done invoking toplevel() on ptolemy.moml.MoMLSimpleApplication@1b921f87
reloadAllAccessors: .ArrayLevelCrossing

===========================================================================================
----------------- testing Thu Sep 10 15:44:34 UTC 2020 /home/travis/build/icyphy/ptII/ptolemy/actor/lib/test/auto/ArrayLevelCrossing2.xml
----------------- Instantiating /home/travis/build/icyphy/ptII/ptolemy/actor/lib/test/auto/ArrayLevelCrossing2.xml
3 ms. Memory: 269312K Free: 117781K (44%)
----------------- Invoking toplevel() on ptolemy.moml.MoMLSimpleApplication@4e2448df
----------------- Done invoking toplevel() on ptolemy.moml.MoMLSimpleApplication@4e2448df
reloadAllAccessors: .ArrayLevelCrossing2

===========================================================================================
----------------- testing Thu Sep 10 15:44:34 UTC 2020 /home/travis/build/icyphy/ptII/ptolemy/actor/lib/test/auto/ArrayPeakSearch.xml
----------------- Instantiating /home/travis/build/icyphy/ptII/ptolemy/actor/lib/test/auto/ArrayPeakSearch.xml
9 ms. Memory: 269312K Free: 109075K (41%)
----------------- Invoking toplevel() on ptolemy.moml.MoMLSimpleApplication@f34f95e
----------------- Done invoking toplevel() on ptolemy.moml.MoMLSimpleApplication@f34f95e
reloadAllAccessors: .ArrayPeakSearch

===========================================================================================
----------------- testing Thu Sep 10 15:44:34 UTC 2020 /home/travis/build/icyphy/ptII/ptolemy/actor/lib/test/auto/ArrayPeakSearch2.xml
----------------- Instantiating /home/travis/build/icyphy/ptII/ptolemy/actor/lib/test/auto/ArrayPeakSearch2.xml
7 ms. Memory: 269312K Free: 98325K (37%)
----------------- Invoking toplevel() on ptolemy.moml.MoMLSimpleApplication@43e860c2
----------------- Done invoking toplevel() on ptolemy.moml.MoMLSimpleApplication@43e860c2
reloadAllAccessors: .ArrayPeakSearch2

===========================================================================================
----------------- testing Thu Sep 10 15:44:34 UTC 2020 /home/travis/build/icyphy/ptII/ptolemy/actor/lib/test/auto/ArrayPeakSearch3.xml
----------------- Instantiating /home/travis/build/icyphy/ptII/ptolemy/actor/lib/test/auto/ArrayPeakSearch3.xml
5 ms. Memory: 269312K Free: 89619K (33%)
----------------- Invoking toplevel() on ptolemy.moml.MoMLSimpleApplication@7c224343
----------------- Done invoking toplevel() on ptolemy.moml.MoMLSimpleApplication@7c224343
reloadAllAccessors: .ArrayPeakSearch3

===========================================================================================
----------------- testing Thu Sep 10 15:44:34 UTC 2020 /home/travis/build/icyphy/ptII/ptolemy/actor/lib/test/auto/ArrayRemoveElement.xml
----------------- Instantiating /home/travis/build/icyphy/ptII/ptolemy/actor/lib/test/auto/ArrayRemoveElement.xml
3 ms. Memory: 269312K Free: 214707K (80%)
----------------- Invoking toplevel() on ptolemy.moml.MoMLSimpleApplication@54b70705
----------------- Done invoking toplevel() on ptolemy.moml.MoMLSimpleApplication@54b70705
reloadAllAccessors: .ArrayRemoveElement

===========================================================================================
----------------- testing Thu Sep 10 15:44:34 UTC 2020 /home/travis/build/icyphy/ptII/ptolemy/actor/lib/test/auto/ArraySort.xml
----------------- Instantiating /home/travis/build/icyphy/ptII/ptolemy/actor/lib/test/auto/ArraySort.xml
7 ms. Memory: 269312K Free: 205491K (76%)
----------------- Invoking toplevel() on ptolemy.moml.MoMLSimpleApplication@122d6eee
----------------- Done invoking toplevel() on ptolemy.moml.MoMLSimpleApplication@122d6eee
reloadAllAccessors: .ArraySort

===========================================================================================
----------------- testing Thu Sep 10 15:44:35 UTC 2020 /home/travis/build/icyphy/ptII/ptolemy/actor/lib/test/auto/ArraySum.xml
----------------- Instantiating /home/travis/build/icyphy/ptII/ptolemy/actor/lib/test/auto/ArraySum.xml
9 ms. Memory: 269312K Free: 200371K (74%)
----------------- Invoking toplevel() on ptolemy.moml.MoMLSimpleApplication@3940c9ec
----------------- Done invoking toplevel() on ptolemy.moml.MoMLSimpleApplication@3940c9ec
reloadAllAccessors: .ArraySum

===========================================================================================
----------------- testing Thu Sep 10 15:44:35 UTC 2020 /home/travis/build/icyphy/ptII/ptolemy/actor/lib/test/auto/ArrayToElements.xml
----------------- Instantiating /home/travis/build/icyphy/ptII/ptolemy/actor/lib/test/auto/ArrayToElements.xml
6 ms. Memory: 269312K Free: 194741K (72%)
----------------- Invoking toplevel() on ptolemy.moml.MoMLSimpleApplication@604b6eda
----------------- Done invoking toplevel() on ptolemy.moml.MoMLSimpleApplication@604b6eda
reloadAllAccessors: .ArrayToElements

===========================================================================================
----------------- testing Thu Sep 10 15:44:35 UTC 2020 /home/travis/build/icyphy/ptII/ptolemy/actor/lib/test/auto/ArrayToMatrix.xml
----------------- Instantiating /home/travis/build/icyphy/ptII/ptolemy/actor/lib/test/auto/ArrayToMatrix.xml
16 ms. Memory: 269312K Free: 180915K (67%)
----------------- Invoking toplevel() on ptolemy.moml.MoMLSimpleApplication@49f6de71
----------------- Done invoking toplevel() on ptolemy.moml.MoMLSimpleApplication@49f6de71
reloadAllAccessors: .ArrayToMatrix

===========================================================================================
----------------- testing Thu Sep 10 15:44:35 UTC 2020 /home/travis/build/icyphy/ptII/ptolemy/actor/lib/test/auto/ArrayUpdate1.xml
----------------- Instantiating /home/travis/build/icyphy/ptII/ptolemy/actor/lib/test/auto/ArrayUpdate1.xml
4 ms. Memory: 269312K Free: 175795K (65%)
----------------- Invoking toplevel() on ptolemy.moml.MoMLSimpleApplication@2b5073d7
----------------- Done invoking toplevel() on ptolemy.moml.MoMLSimpleApplication@2b5073d7
reloadAllAccessors: .ArrayUpdate1

===========================================================================================
----------------- testing Thu Sep 10 15:44:35 UTC 2020 /home/travis/build/icyphy/ptII/ptolemy/actor/lib/test/auto/ArrayUpdate2.xml
----------------- Instantiating /home/travis/build/icyphy/ptII/ptolemy/actor/lib/test/auto/ArrayUpdate2.xml
5 ms. Memory: 269312K Free: 170165K (63%)
----------------- Invoking toplevel() on ptolemy.moml.MoMLSimpleApplication@45b6ac32
----------------- Done invoking toplevel() on ptolemy.moml.MoMLSimpleApplication@45b6ac32
reloadAllAccessors: .ArrayUpdate2

===========================================================================================
----------------- testing Thu Sep 10 15:44:35 UTC 2020 /home/travis/build/icyphy/ptII/ptolemy/actor/lib/test/auto/ArrayUpdate3.xml
----------------- Instantiating /home/travis/build/icyphy/ptII/ptolemy/actor/lib/test/auto/ArrayUpdate3.xml
2 ms. Memory: 269312K Free: 165045K (61%)
----------------- Invoking toplevel() on ptolemy.moml.MoMLSimpleApplication@1b4130ed
----------------- Done invoking toplevel() on ptolemy.moml.MoMLSimpleApplication@1b4130ed
reloadAllAccessors: .ArrayUpdate3

===========================================================================================
----------------- testing Thu Sep 10 15:44:35 UTC 2020 /home/travis/build/icyphy/ptII/ptolemy/actor/lib/test/auto/Assert1.xml
----------------- Instantiating /home/travis/build/icyphy/ptII/ptolemy/actor/lib/test/auto/Assert1.xml
7 ms. Memory: 269312K Free: 160949K (60%)
----------------- Invoking toplevel() on ptolemy.moml.MoMLSimpleApplication@2a9b50f5
----------------- Done invoking toplevel() on ptolemy.moml.MoMLSimpleApplication@2a9b50f5
reloadAllAccessors: .Assert1

===========================================================================================
----------------- testing Thu Sep 10 15:44:35 UTC 2020 /home/travis/build/icyphy/ptII/ptolemy/actor/lib/test/auto/Assert2.xml
----------------- Instantiating /home/travis/build/icyphy/ptII/ptolemy/actor/lib/test/auto/Assert2.xml
2 ms. Memory: 269312K Free: 156339K (58%)
----------------- Invoking toplevel() on ptolemy.moml.MoMLSimpleApplication@3103ab32
----------------- Done invoking toplevel() on ptolemy.moml.MoMLSimpleApplication@3103ab32
reloadAllAccessors: .Assert2

===========================================================================================
----------------- testing Thu Sep 10 15:44:35 UTC 2020 /home/travis/build/icyphy/ptII/ptolemy/actor/lib/test/auto/BooleanMultiplexor.xml
----------------- Instantiating /home/travis/build/icyphy/ptII/ptolemy/actor/lib/test/auto/BooleanMultiplexor.xml
2 ms. Memory: 269312K Free: 151189K (56%)
----------------- Invoking toplevel() on ptolemy.moml.MoMLSimpleApplication@78717dbf
----------------- Done invoking toplevel() on ptolemy.moml.MoMLSimpleApplication@78717dbf
reloadAllAccessors: .BooleanMultiplexor

===========================================================================================
----------------- testing Thu Sep 10 15:44:35 UTC 2020 /home/travis/build/icyphy/ptII/ptolemy/actor/lib/test/auto/BooleanMultiplexor2.xml
----------------- Instantiating /home/travis/build/icyphy/ptII/ptolemy/actor/lib/test/auto/BooleanMultiplexor2.xml
11 ms. Memory: 269312K Free: 144565K (54%)
----------------- Invoking toplevel() on ptolemy.moml.MoMLSimpleApplication@c912da3
----------------- Done invoking toplevel() on ptolemy.moml.MoMLSimpleApplication@c912da3
reloadAllAccessors: .BooleanMultiplexor2

===========================================================================================
----------------- testing Thu Sep 10 15:44:35 UTC 2020 /home/travis/build/icyphy/ptII/ptolemy/actor/lib/test/auto/BooleanMultiplexor3.xml
----------------- Instantiating /home/travis/build/icyphy/ptII/ptolemy/actor/lib/test/auto/BooleanMultiplexor3.xml
4 ms. Memory: 269312K Free: 140979K (52%)
----------------- Invoking toplevel() on ptolemy.moml.MoMLSimpleApplication@5d625386
----------------- Done invoking toplevel() on ptolemy.moml.MoMLSimpleApplication@5d625386
reloadAllAccessors: .BooleanMultiplexor3

===========================================================================================
----------------- testing Thu Sep 10 15:44:35 UTC 2020 /home/travis/build/icyphy/ptII/ptolemy/actor/lib/test/auto/BooleanSelect.xml
----------------- Instantiating /home/travis/build/icyphy/ptII/ptolemy/actor/lib/test/auto/BooleanSelect.xml
9 ms. Memory: 269312K Free: 134821K (50%)
----------------- Invoking toplevel() on ptolemy.moml.MoMLSimpleApplication@c6feef6
----------------- Done invoking toplevel() on ptolemy.moml.MoMLSimpleApplication@c6feef6
reloadAllAccessors: .BooleanSelect

===========================================================================================
----------------- testing Thu Sep 10 15:44:35 UTC 2020 /home/travis/build/icyphy/ptII/ptolemy/actor/lib/test/auto/BooleanSelect2.xml
----------------- Instantiating /home/travis/build/icyphy/ptII/ptolemy/actor/lib/test/auto/BooleanSelect2.xml
1 ms. Memory: 269312K Free: 130229K (48%)
----------------- Invoking toplevel() on ptolemy.moml.MoMLSimpleApplication@2f83e7ac
----------------- Done invoking toplevel() on ptolemy.moml.MoMLSimpleApplication@2f83e7ac
reloadAllAccessors: .BooleanSelect2

===========================================================================================
----------------- testing Thu Sep 10 15:44:35 UTC 2020 /home/travis/build/icyphy/ptII/ptolemy/actor/lib/test/auto/BooleanSwitch.xml
----------------- Instantiating /home/travis/build/icyphy/ptII/ptolemy/actor/lib/test/auto/BooleanSwitch.xml
7 ms. Memory: 269312K Free: 124595K (46%)
----------------- Invoking toplevel() on ptolemy.moml.MoMLSimpleApplication@528ea48b
----------------- Done invoking toplevel() on ptolemy.moml.MoMLSimpleApplication@528ea48b
reloadAllAccessors: .BooleanSwitch

===========================================================================================
----------------- testing Thu Sep 10 15:44:35 UTC 2020 /home/travis/build/icyphy/ptII/ptolemy/actor/lib/test/auto/BooleanSwitch2.xml
----------------- Instantiating /home/travis/build/icyphy/ptII/ptolemy/actor/lib/test/auto/BooleanSwitch2.xml
1 ms. Memory: 269312K Free: 119989K (45%)
----------------- Invoking toplevel() on ptolemy.moml.MoMLSimpleApplication@165f2b58
----------------- Done invoking toplevel() on ptolemy.moml.MoMLSimpleApplication@165f2b58
reloadAllAccessors: .BooleanSwitch2

===========================================================================================
----------------- testing Thu Sep 10 15:44:35 UTC 2020 /home/travis/build/icyphy/ptII/ptolemy/actor/lib/test/auto/BooleanSwitchCloningBugWithClassRelationGroup.xml
----------------- Instantiating /home/travis/build/icyphy/ptII/ptolemy/actor/lib/test/auto/BooleanSwitchCloningBugWithClassRelationGroup.xml
4 ms. Memory: 269312K Free: 113845K (42%)
----------------- Invoking toplevel() on ptolemy.moml.MoMLSimpleApplication@5e3f5851
----------------- Done invoking toplevel() on ptolemy.moml.MoMLSimpleApplication@5e3f5851
reloadAllAccessors: .BooleanSwitchCloningBugWithClassRelationGroup

===========================================================================================
----------------- testing Thu Sep 10 15:44:35 UTC 2020 /home/travis/build/icyphy/ptII/ptolemy/actor/lib/test/auto/BusActors.xml
----------------- Instantiating /home/travis/build/icyphy/ptII/ptolemy/actor/lib/test/auto/BusActors.xml
8 ms. Memory: 269312K Free: 105653K (39%)
----------------- Invoking toplevel() on ptolemy.moml.MoMLSimpleApplication@5a2552b3
----------------- Done invoking toplevel() on ptolemy.moml.MoMLSimpleApplication@5a2552b3
reloadAllAccessors: .BusActors

===========================================================================================
----------------- testing Thu Sep 10 15:44:35 UTC 2020 /home/travis/build/icyphy/ptII/ptolemy/actor/lib/test/auto/ClassWrapper.xml
----------------- Instantiating /home/travis/build/icyphy/ptII/ptolemy/actor/lib/test/auto/ClassWrapper.xml
2 ms. Memory: 269312K Free: 101557K (38%)
----------------- Invoking toplevel() on ptolemy.moml.MoMLSimpleApplication@5a970950
----------------- Done invoking toplevel() on ptolemy.moml.MoMLSimpleApplication@5a970950
reloadAllAccessors: .ClassWrapper

===========================================================================================
----------------- testing Thu Sep 10 15:44:35 UTC 2020 /home/travis/build/icyphy/ptII/ptolemy/actor/lib/test/auto/Clock.xml
----------------- Instantiating /home/travis/build/icyphy/ptII/ptolemy/actor/lib/test/auto/Clock.xml
2 ms. Memory: 269312K Free: 97461K (36%)
----------------- Invoking toplevel() on ptolemy.moml.MoMLSimpleApplication@76ea1560
----------------- Done invoking toplevel() on ptolemy.moml.MoMLSimpleApplication@76ea1560
reloadAllAccessors: .Clock

===========================================================================================
----------------- testing Thu Sep 10 15:44:35 UTC 2020 /home/travis/build/icyphy/ptII/ptolemy/actor/lib/test/auto/Clock10.xml
----------------- Instantiating /home/travis/build/icyphy/ptII/ptolemy/actor/lib/test/auto/Clock10.xml
3 ms. Memory: 269312K Free: 91827K (34%)
----------------- Invoking toplevel() on ptolemy.moml.MoMLSimpleApplication@458ff7e3
----------------- Done invoking toplevel() on ptolemy.moml.MoMLSimpleApplication@458ff7e3
reloadAllAccessors: .Clock10

===========================================================================================
----------------- testing Thu Sep 10 15:44:35 UTC 2020 /home/travis/build/icyphy/ptII/ptolemy/actor/lib/test/auto/Clock11.xml
----------------- Instantiating /home/travis/build/icyphy/ptII/ptolemy/actor/lib/test/auto/Clock11.xml
2 ms. Memory: 269312K Free: 85683K (32%)
----------------- Invoking toplevel() on ptolemy.moml.MoMLSimpleApplication@46ac74b5
----------------- Done invoking toplevel() on ptolemy.moml.MoMLSimpleApplication@46ac74b5
reloadAllAccessors: .Clock11

===========================================================================================
----------------- testing Thu Sep 10 15:44:35 UTC 2020 /home/travis/build/icyphy/ptII/ptolemy/actor/lib/test/auto/Clock12.xml
----------------- Instantiating /home/travis/build/icyphy/ptII/ptolemy/actor/lib/test/auto/Clock12.xml
4 ms. Memory: 269312K Free: 80053K (30%)
----------------- Invoking toplevel() on ptolemy.moml.MoMLSimpleApplication@15a910b0
----------------- Done invoking toplevel() on ptolemy.moml.MoMLSimpleApplication@15a910b0
reloadAllAccessors: .Clock12

===========================================================================================
----------------- testing Thu Sep 10 15:44:35 UTC 2020 /home/travis/build/icyphy/ptII/ptolemy/actor/lib/test/auto/Clock13.xml
----------------- Instantiating /home/travis/build/icyphy/ptII/ptolemy/actor/lib/test/auto/Clock13.xml
5 ms. Memory: 269312K Free: 73909K (27%)
----------------- Invoking toplevel() on ptolemy.moml.MoMLSimpleApplication@13e3f5a2
----------------- Done invoking toplevel() on ptolemy.moml.MoMLSimpleApplication@13e3f5a2
reloadAllAccessors: .Clock13

===========================================================================================
----------------- testing Thu Sep 10 15:44:35 UTC 2020 /home/travis/build/icyphy/ptII/ptolemy/actor/lib/test/auto/Clock14.xml
----------------- Instantiating /home/travis/build/icyphy/ptII/ptolemy/actor/lib/test/auto/Clock14.xml
5 ms. Memory: 269312K Free: 68269K (25%)
----------------- Invoking toplevel() on ptolemy.moml.MoMLSimpleApplication@51550dd6
----------------- Done invoking toplevel() on ptolemy.moml.MoMLSimpleApplication@51550dd6
reloadAllAccessors: .Clock14

===========================================================================================
----------------- testing Thu Sep 10 15:44:35 UTC 2020 /home/travis/build/icyphy/ptII/ptolemy/actor/lib/test/auto/Clock15.xml
----------------- Instantiating /home/travis/build/icyphy/ptII/ptolemy/actor/lib/test/auto/Clock15.xml
3 ms. Memory: 441344K Free: 387783K (88%)
----------------- Invoking toplevel() on ptolemy.moml.MoMLSimpleApplication@578b3689
----------------- Done invoking toplevel() on ptolemy.moml.MoMLSimpleApplication@578b3689
reloadAllAccessors: .Clock15

===========================================================================================
----------------- testing Thu Sep 10 15:44:35 UTC 2020 /home/travis/build/icyphy/ptII/ptolemy/actor/lib/test/auto/Clock16.xml
----------------- Instantiating /home/travis/build/icyphy/ptII/ptolemy/actor/lib/test/auto/Clock16.xml
49 ms. Memory: 441344K Free: 372393K (84%)
----------------- Invoking toplevel() on ptolemy.moml.MoMLSimpleApplication@568ce65b
----------------- Done invoking toplevel() on ptolemy.moml.MoMLSimpleApplication@568ce65b
reloadAllAccessors: .Clock16

===========================================================================================
----------------- testing Thu Sep 10 15:44:35 UTC 2020 /home/travis/build/icyphy/ptII/ptolemy/actor/lib/test/auto/Clock17.xml
----------------- Instantiating /home/travis/build/icyphy/ptII/ptolemy/actor/lib/test/auto/Clock17.xml
26 ms. Memory: 441344K Free: 358073K (81%)
----------------- Invoking toplevel() on ptolemy.moml.MoMLSimpleApplication@74ed0248
----------------- Done invoking toplevel() on ptolemy.moml.MoMLSimpleApplication@74ed0248
reloadAllAccessors: .Clock17

===========================================================================================
----------------- testing Thu Sep 10 15:44:35 UTC 2020 /home/travis/build/icyphy/ptII/ptolemy/actor/lib/test/auto/Clock18.xml
----------------- Instantiating /home/travis/build/icyphy/ptII/ptolemy/actor/lib/test/auto/Clock18.xml
27 ms. Memory: 441344K Free: 345289K (78%)
----------------- Invoking toplevel() on ptolemy.moml.MoMLSimpleApplication@1dc193e8
----------------- Done invoking toplevel() on ptolemy.moml.MoMLSimpleApplication@1dc193e8
reloadAllAccessors: .Clock18

===========================================================================================
----------------- testing Thu Sep 10 15:44:36 UTC 2020 /home/travis/build/icyphy/ptII/ptolemy/actor/lib/test/auto/Clock19.xml
----------------- Instantiating /home/travis/build/icyphy/ptII/ptolemy/actor/lib/test/auto/Clock19.xml
18 ms. Memory: 441344K Free: 331977K (75%)
----------------- Invoking toplevel() on ptolemy.moml.MoMLSimpleApplication@1ea6a4cf
----------------- Done invoking toplevel() on ptolemy.moml.MoMLSimpleApplication@1ea6a4cf
reloadAllAccessors: .Clock19

===========================================================================================
----------------- testing Thu Sep 10 15:44:36 UTC 2020 /home/travis/build/icyphy/ptII/ptolemy/actor/lib/test/auto/Clock2.xml
----------------- Instantiating /home/travis/build/icyphy/ptII/ptolemy/actor/lib/test/auto/Clock2.xml
5 ms. Memory: 441344K Free: 327337K (74%)
----------------- Invoking toplevel() on ptolemy.moml.MoMLSimpleApplication@2def9421
----------------- Done invoking toplevel() on ptolemy.moml.MoMLSimpleApplication@2def9421
reloadAllAccessors: .Clock2

===========================================================================================
----------------- testing Thu Sep 10 15:44:36 UTC 2020 /home/travis/build/icyphy/ptII/ptolemy/actor/lib/test/auto/Clock20.xml
----------------- Instantiating /home/travis/build/icyphy/ptII/ptolemy/actor/lib/test/auto/Clock20.xml
11 ms. Memory: 441344K Free: 321737K (73%)
----------------- Invoking toplevel() on ptolemy.moml.MoMLSimpleApplication@1b68072b
----------------- Done invoking toplevel() on ptolemy.moml.MoMLSimpleApplication@1b68072b
reloadAllAccessors: .Clock20

===========================================================================================
----------------- testing Thu Sep 10 15:44:36 UTC 2020 /home/travis/build/icyphy/ptII/ptolemy/actor/lib/test/auto/Clock21.xml
----------------- Instantiating /home/travis/build/icyphy/ptII/ptolemy/actor/lib/test/auto/Clock21.xml
9 ms. Memory: 441344K Free: 316103K (72%)
----------------- Invoking toplevel() on ptolemy.moml.MoMLSimpleApplication@1bafb89a
----------------- Done invoking toplevel() on ptolemy.moml.MoMLSimpleApplication@1bafb89a
reloadAllAccessors: .Clock21

===========================================================================================
----------------- testing Thu Sep 10 15:44:36 UTC 2020 /home/travis/build/icyphy/ptII/ptolemy/actor/lib/test/auto/Clock22.xml
----------------- Instantiating /home/travis/build/icyphy/ptII/ptolemy/actor/lib/test/auto/Clock22.xml
5 ms. Memory: 441344K Free: 310983K (70%)
----------------- Invoking toplevel() on ptolemy.moml.MoMLSimpleApplication@51e39657
----------------- Done invoking toplevel() on ptolemy.moml.MoMLSimpleApplication@51e39657
reloadAllAccessors: .Clock22

===========================================================================================
----------------- testing Thu Sep 10 15:44:36 UTC 2020 /home/travis/build/icyphy/ptII/ptolemy/actor/lib/test/auto/Clock23.xml
----------------- Instantiating /home/travis/build/icyphy/ptII/ptolemy/actor/lib/test/auto/Clock23.xml
8 ms. Memory: 441344K Free: 305353K (69%)
----------------- Invoking toplevel() on ptolemy.moml.MoMLSimpleApplication@4144926d
----------------- Done invoking toplevel() on ptolemy.moml.MoMLSimpleApplication@4144926d
reloadAllAccessors: .Clock23

===========================================================================================
----------------- testing Thu Sep 10 15:44:36 UTC 2020 /home/travis/build/icyphy/ptII/ptolemy/actor/lib/test/auto/Clock24.xml
----------------- Instantiating /home/travis/build/icyphy/ptII/ptolemy/actor/lib/test/auto/Clock24.xml
5 ms. Memory: 441344K Free: 300233K (68%)
----------------- Invoking toplevel() on ptolemy.moml.MoMLSimpleApplication@11e27ed4
----------------- Done invoking toplevel() on ptolemy.moml.MoMLSimpleApplication@11e27ed4
reloadAllAccessors: .Clock24

===========================================================================================
----------------- testing Thu Sep 10 15:44:36 UTC 2020 /home/travis/build/icyphy/ptII/ptolemy/actor/lib/test/auto/Clock4.xml
----------------- Instantiating /home/travis/build/icyphy/ptII/ptolemy/actor/lib/test/auto/Clock4.xml
1 ms. Memory: 441344K Free: 295113K (67%)
----------------- Invoking toplevel() on ptolemy.moml.MoMLSimpleApplication@2598e9d0
----------------- Done invoking toplevel() on ptolemy.moml.MoMLSimpleApplication@2598e9d0
reloadAllAccessors: .Clock4

===========================================================================================
----------------- testing Thu Sep 10 15:44:36 UTC 2020 /home/travis/build/icyphy/ptII/ptolemy/actor/lib/test/auto/Clock5.xml
----------------- Instantiating /home/travis/build/icyphy/ptII/ptolemy/actor/lib/test/auto/Clock5.xml
2 ms. Memory: 441344K Free: 289993K (66%)
----------------- Invoking toplevel() on ptolemy.moml.MoMLSimpleApplication@6978c70
----------------- Done invoking toplevel() on ptolemy.moml.MoMLSimpleApplication@6978c70
reloadAllAccessors: .Clock5

===========================================================================================
----------------- testing Thu Sep 10 15:44:36 UTC 2020 /home/travis/build/icyphy/ptII/ptolemy/actor/lib/test/auto/Clock6.xml
----------------- Instantiating /home/travis/build/icyphy/ptII/ptolemy/actor/lib/test/auto/Clock6.xml
3 ms. Memory: 441344K Free: 285383K (65%)
----------------- Invoking toplevel() on ptolemy.moml.MoMLSimpleApplication@508b1505
----------------- Done invoking toplevel() on ptolemy.moml.MoMLSimpleApplication@508b1505
reloadAllAccessors: .Clock6

===========================================================================================
----------------- testing Thu Sep 10 15:44:36 UTC 2020 /home/travis/build/icyphy/ptII/ptolemy/actor/lib/test/auto/Clock7.xml
----------------- Instantiating /home/travis/build/icyphy/ptII/ptolemy/actor/lib/test/auto/Clock7.xml
2 ms. Memory: 441344K Free: 280263K (64%)
----------------- Invoking toplevel() on ptolemy.moml.MoMLSimpleApplication@10cc3d81
----------------- Done invoking toplevel() on ptolemy.moml.MoMLSimpleApplication@10cc3d81
reloadAllAccessors: .Clock7

===========================================================================================
----------------- testing Thu Sep 10 15:44:36 UTC 2020 /home/travis/build/icyphy/ptII/ptolemy/actor/lib/test/auto/Clock8.xml
----------------- Instantiating /home/travis/build/icyphy/ptII/ptolemy/actor/lib/test/auto/Clock8.xml
6 ms. Memory: 441344K Free: 275137K (62%)
----------------- Invoking toplevel() on ptolemy.moml.MoMLSimpleApplication@3682bc14
----------------- Done invoking toplevel() on ptolemy.moml.MoMLSimpleApplication@3682bc14
reloadAllAccessors: .Clock8

===========================================================================================
----------------- testing Thu Sep 10 15:44:36 UTC 2020 /home/travis/build/icyphy/ptII/ptolemy/actor/lib/test/auto/Clock9.xml
----------------- Instantiating /home/travis/build/icyphy/ptII/ptolemy/actor/lib/test/auto/Clock9.xml
7 ms. Memory: 441344K Free: 269513K (61%)
----------------- Invoking toplevel() on ptolemy.moml.MoMLSimpleApplication@1991b1c0
----------------- Done invoking toplevel() on ptolemy.moml.MoMLSimpleApplication@1991b1c0
reloadAllAccessors: .Clock9

===========================================================================================
----------------- testing Thu Sep 10 15:44:36 UTC 2020 /home/travis/build/icyphy/ptII/ptolemy/actor/lib/test/auto/CommDistDiscard.xml
----------------- Instantiating /home/travis/build/icyphy/ptII/ptolemy/actor/lib/test/auto/CommDistDiscard.xml
5 ms. Memory: 441344K Free: 264393K (60%)
----------------- Invoking toplevel() on ptolemy.moml.MoMLSimpleApplication@67dedd0e
----------------- Done invoking toplevel() on ptolemy.moml.MoMLSimpleApplication@67dedd0e
reloadAllAccessors: .CommDistDiscard

===========================================================================================
----------------- testing Thu Sep 10 15:44:36 UTC 2020 /home/travis/build/icyphy/ptII/ptolemy/actor/lib/test/auto/Commutator.xml
----------------- Instantiating /home/travis/build/icyphy/ptII/ptolemy/actor/lib/test/auto/Commutator.xml
4 ms. Memory: 441344K Free: 259783K (59%)
----------------- Invoking toplevel() on ptolemy.moml.MoMLSimpleApplication@3fa311b3
----------------- Done invoking toplevel() on ptolemy.moml.MoMLSimpleApplication@3fa311b3
reloadAllAccessors: .Commutator

===========================================================================================
----------------- testing Thu Sep 10 15:44:36 UTC 2020 /home/travis/build/icyphy/ptII/ptolemy/actor/lib/test/auto/Commutator2.xml
----------------- Instantiating /home/travis/build/icyphy/ptII/ptolemy/actor/lib/test/auto/Commutator2.xml
2 ms. Memory: 441344K Free: 255177K (58%)
----------------- Invoking toplevel() on ptolemy.moml.MoMLSimpleApplication@35d8b3f0
----------------- Done invoking toplevel() on ptolemy.moml.MoMLSimpleApplication@35d8b3f0
reloadAllAccessors: .Commutator2

===========================================================================================
----------------- testing Thu Sep 10 15:44:36 UTC 2020 /home/travis/build/icyphy/ptII/ptolemy/actor/lib/test/auto/Commutator3.xml
----------------- Instantiating /home/travis/build/icyphy/ptII/ptolemy/actor/lib/test/auto/Commutator3.xml
2 ms. Memory: 441344K Free: 251081K (57%)
----------------- Invoking toplevel() on ptolemy.moml.MoMLSimpleApplication@3fff6a0f
----------------- Done invoking toplevel() on ptolemy.moml.MoMLSimpleApplication@3fff6a0f
reloadAllAccessors: .Commutator3

===========================================================================================
----------------- testing Thu Sep 10 15:44:36 UTC 2020 /home/travis/build/icyphy/ptII/ptolemy/actor/lib/test/auto/Compare.xml
----------------- Instantiating /home/travis/build/icyphy/ptII/ptolemy/actor/lib/test/auto/Compare.xml
2 ms. Memory: 441344K Free: 244423K (55%)
----------------- Invoking toplevel() on ptolemy.moml.MoMLSimpleApplication@1b566aec
----------------- Done invoking toplevel() on ptolemy.moml.MoMLSimpleApplication@1b566aec
reloadAllAccessors: .Compare

===========================================================================================
----------------- testing Thu Sep 10 15:44:36 UTC 2020 /home/travis/build/icyphy/ptII/ptolemy/actor/lib/test/auto/CompareDE.xml
----------------- Instantiating /home/travis/build/icyphy/ptII/ptolemy/actor/lib/test/auto/CompareDE.xml
7 ms. Memory: 441344K Free: 237769K (54%)
----------------- Invoking toplevel() on ptolemy.moml.MoMLSimpleApplication@66c8439d
----------------- Done invoking toplevel() on ptolemy.moml.MoMLSimpleApplication@66c8439d
reloadAllAccessors: .CompareDE

===========================================================================================
----------------- testing Thu Sep 10 15:44:36 UTC 2020 /home/travis/build/icyphy/ptII/ptolemy/actor/lib/test/auto/ComplexDivide.xml
----------------- Instantiating /home/travis/build/icyphy/ptII/ptolemy/actor/lib/test/auto/ComplexDivide.xml
1 ms. Memory: 441344K Free: 233673K (53%)
----------------- Invoking toplevel() on ptolemy.moml.MoMLSimpleApplication@2acb8fce
----------------- Done invoking toplevel() on ptolemy.moml.MoMLSimpleApplication@2acb8fce
reloadAllAccessors: .ComplexDivide

===========================================================================================
----------------- testing Thu Sep 10 15:44:36 UTC 2020 /home/travis/build/icyphy/ptII/ptolemy/actor/lib/test/auto/ComputeHistogram.xml
----------------- Instantiating /home/travis/build/icyphy/ptII/ptolemy/actor/lib/test/auto/ComputeHistogram.xml
32 ms. Memory: 441344K Free: 220871K (50%)
----------------- Invoking toplevel() on ptolemy.moml.MoMLSimpleApplication@504ca894
----------------- Done invoking toplevel() on ptolemy.moml.MoMLSimpleApplication@504ca894
reloadAllAccessors: .ComputeHistogram

===========================================================================================
----------------- testing Thu Sep 10 15:44:36 UTC 2020 /home/travis/build/icyphy/ptII/ptolemy/actor/lib/test/auto/ConfigurationSelect.xml
----------------- Instantiating /home/travis/build/icyphy/ptII/ptolemy/actor/lib/test/auto/ConfigurationSelect.xml
7 ms. Memory: 441344K Free: 215745K (49%)
----------------- Invoking toplevel() on ptolemy.moml.MoMLSimpleApplication@1179cf5e
----------------- Done invoking toplevel() on ptolemy.moml.MoMLSimpleApplication@1179cf5e
reloadAllAccessors: .ConfigurationSelect

===========================================================================================
----------------- testing Thu Sep 10 15:44:36 UTC 2020 /home/travis/build/icyphy/ptII/ptolemy/actor/lib/test/auto/ConfigurationSelect2.xml
----------------- Instantiating /home/travis/build/icyphy/ptII/ptolemy/actor/lib/test/auto/ConfigurationSelect2.xml
2 ms. Memory: 441344K Free: 211145K (48%)
----------------- Invoking toplevel() on ptolemy.moml.MoMLSimpleApplication@13457b24
----------------- Done invoking toplevel() on ptolemy.moml.MoMLSimpleApplication@13457b24
reloadAllAccessors: .ConfigurationSelect2

===========================================================================================
----------------- testing Thu Sep 10 15:44:36 UTC 2020 /home/travis/build/icyphy/ptII/ptolemy/actor/lib/test/auto/ConfigurationSwitch.xml
----------------- Instantiating /home/travis/build/icyphy/ptII/ptolemy/actor/lib/test/auto/ConfigurationSwitch.xml
2 ms. Memory: 441344K Free: 206025K (47%)
----------------- Invoking toplevel() on ptolemy.moml.MoMLSimpleApplication@31dcc555
----------------- Done invoking toplevel() on ptolemy.moml.MoMLSimpleApplication@31dcc555
reloadAllAccessors: .ConfigurationSwitch

===========================================================================================
----------------- testing Thu Sep 10 15:44:36 UTC 2020 /home/travis/build/icyphy/ptII/ptolemy/actor/lib/test/auto/ConfigurationSwitch2.xml
----------------- Instantiating /home/travis/build/icyphy/ptII/ptolemy/actor/lib/test/auto/ConfigurationSwitch2.xml
2 ms. Memory: 441344K Free: 200391K (45%)
----------------- Invoking toplevel() on ptolemy.moml.MoMLSimpleApplication@1f35de0e
----------------- Done invoking toplevel() on ptolemy.moml.MoMLSimpleApplication@1f35de0e
reloadAllAccessors: .ConfigurationSwitch2

===========================================================================================
----------------- testing Thu Sep 10 15:44:36 UTC 2020 /home/travis/build/icyphy/ptII/ptolemy/actor/lib/test/auto/ConfigurationSwitchCloningBugWithClassRelationGroup.xml
----------------- Instantiating /home/travis/build/icyphy/ptII/ptolemy/actor/lib/test/auto/ConfigurationSwitchCloningBugWithClassRelationGroup.xml
1 ms. Memory: 441344K Free: 193737K (44%)
----------------- Invoking toplevel() on ptolemy.moml.MoMLSimpleApplication@39b602fa
----------------- Done invoking toplevel() on ptolemy.moml.MoMLSimpleApplication@39b602fa
reloadAllAccessors: .ConfigurationSwitchCloningBugWithClassRelationGroup

===========================================================================================
----------------- testing Thu Sep 10 15:44:36 UTC 2020 /home/travis/build/icyphy/ptII/ptolemy/actor/lib/test/auto/ConfigurationSwitchSelectSDF.xml
----------------- Instantiating /home/travis/build/icyphy/ptII/ptolemy/actor/lib/test/auto/ConfigurationSwitchSelectSDF.xml
2 ms. Memory: 441344K Free: 188617K (43%)
----------------- Invoking toplevel() on ptolemy.moml.MoMLSimpleApplication@48aada1d
----------------- Done invoking toplevel() on ptolemy.moml.MoMLSimpleApplication@48aada1d
reloadAllAccessors: .ConfigurationSwitchSelectSDF

===========================================================================================
----------------- testing Thu Sep 10 15:44:36 UTC 2020 /home/travis/build/icyphy/ptII/ptolemy/actor/lib/test/auto/ConfigurationSwitchSelectSDF2.xml
----------------- Instantiating /home/travis/build/icyphy/ptII/ptolemy/actor/lib/test/auto/ConfigurationSwitchSelectSDF2.xml
2 ms. Memory: 441344K Free: 182473K (41%)
----------------- Invoking toplevel() on ptolemy.moml.MoMLSimpleApplication@12d40689
----------------- Done invoking toplevel() on ptolemy.moml.MoMLSimpleApplication@12d40689
reloadAllAccessors: .ConfigurationSwitchSelectSDF2

===========================================================================================
----------------- testing Thu Sep 10 15:44:36 UTC 2020 /home/travis/build/icyphy/ptII/ptolemy/actor/lib/test/auto/Const.xml
----------------- Instantiating /home/travis/build/icyphy/ptII/ptolemy/actor/lib/test/auto/Const.xml
1 ms. Memory: 441344K Free: 178887K (41%)
----------------- Invoking toplevel() on ptolemy.moml.MoMLSimpleApplication@886fc2c
----------------- Done invoking toplevel() on ptolemy.moml.MoMLSimpleApplication@886fc2c
reloadAllAccessors: .Const

===========================================================================================
----------------- testing Thu Sep 10 15:44:36 UTC 2020 /home/travis/build/icyphy/ptII/ptolemy/actor/lib/test/auto/Const2.xml
----------------- Instantiating /home/travis/build/icyphy/ptII/ptolemy/actor/lib/test/auto/Const2.xml
1 ms. Memory: 441344K Free: 175305K (40%)
----------------- Invoking toplevel() on ptolemy.moml.MoMLSimpleApplication@2d1c0380
----------------- Done invoking toplevel() on ptolemy.moml.MoMLSimpleApplication@2d1c0380
reloadAllAccessors: .Const2

===========================================================================================
----------------- testing Thu Sep 10 15:44:36 UTC 2020 /home/travis/build/icyphy/ptII/ptolemy/actor/lib/test/auto/Const3.xml
----------------- Instantiating /home/travis/build/icyphy/ptII/ptolemy/actor/lib/test/auto/Const3.xml
1 ms. Memory: 441344K Free: 172233K (39%)
----------------- Invoking toplevel() on ptolemy.moml.MoMLSimpleApplication@3c790ae1
----------------- Done invoking toplevel() on ptolemy.moml.MoMLSimpleApplication@3c790ae1
reloadAllAccessors: .Const3

===========================================================================================
----------------- testing Thu Sep 10 15:44:36 UTC 2020 /home/travis/build/icyphy/ptII/ptolemy/actor/lib/test/auto/ConstantPublisherPort1.xml
----------------- Instantiating /home/travis/build/icyphy/ptII/ptolemy/actor/lib/test/auto/ConstantPublisherPort1.xml
5 ms. Memory: 441344K Free: 163527K (37%)
----------------- Invoking toplevel() on ptolemy.moml.MoMLSimpleApplication@27e2a5a8
----------------- Done invoking toplevel() on ptolemy.moml.MoMLSimpleApplication@27e2a5a8
reloadAllAccessors: .ConstantPublisherPort1

===========================================================================================
----------------- testing Thu Sep 10 15:44:36 UTC 2020 /home/travis/build/icyphy/ptII/ptolemy/actor/lib/test/auto/ConstantPublisherPort2.xml
----------------- Instantiating /home/travis/build/icyphy/ptII/ptolemy/actor/lib/test/auto/ConstantPublisherPort2.xml
4 ms. Memory: 441344K Free: 156359K (35%)
----------------- Invoking toplevel() on ptolemy.moml.MoMLSimpleApplication@71f4575e
----------------- Done invoking toplevel() on ptolemy.moml.MoMLSimpleApplication@71f4575e
reloadAllAccessors: .ConstantPublisherPort2

===========================================================================================
----------------- testing Thu Sep 10 15:44:36 UTC 2020 /home/travis/build/icyphy/ptII/ptolemy/actor/lib/test/auto/ConstantPublisherPort3.xml
----------------- Instantiating /home/travis/build/icyphy/ptII/ptolemy/actor/lib/test/auto/ConstantPublisherPort3.xml
4 ms. Memory: 441344K Free: 148167K (34%)
----------------- Invoking toplevel() on ptolemy.moml.MoMLSimpleApplication@1a18a820
----------------- Done invoking toplevel() on ptolemy.moml.MoMLSimpleApplication@1a18a820
reloadAllAccessors: .ConstantPublisherPort3

===========================================================================================
----------------- testing Thu Sep 10 15:44:36 UTC 2020 /home/travis/build/icyphy/ptII/ptolemy/actor/lib/test/auto/ConstantPublisherPort4.xml
----------------- Instantiating /home/travis/build/icyphy/ptII/ptolemy/actor/lib/test/auto/ConstantPublisherPort4.xml
2 ms. Memory: 441344K Free: 140999K (32%)
----------------- Invoking toplevel() on ptolemy.moml.MoMLSimpleApplication@3f0902a5
----------------- Done invoking toplevel() on ptolemy.moml.MoMLSimpleApplication@3f0902a5
reloadAllAccessors: .ConstantPublisherPort4

===========================================================================================
----------------- testing Thu Sep 10 15:44:36 UTC 2020 /home/travis/build/icyphy/ptII/ptolemy/actor/lib/test/auto/ConstantPublisherPort5.xml
----------------- Instantiating /home/travis/build/icyphy/ptII/ptolemy/actor/lib/test/auto/ConstantPublisherPort5.xml
51 ms. Memory: 441344K Free: 387994K (88%)
----------------- Invoking toplevel() on ptolemy.moml.MoMLSimpleApplication@17576d72
----------------- Done invoking toplevel() on ptolemy.moml.MoMLSimpleApplication@17576d72
reloadAllAccessors: .ConstantPublisherPort5

===========================================================================================
----------------- testing Thu Sep 10 15:44:37 UTC 2020 /home/travis/build/icyphy/ptII/ptolemy/actor/lib/test/auto/ConstantPublisherPort6.xml
----------------- Instantiating /home/travis/build/icyphy/ptII/ptolemy/actor/lib/test/auto/ConstantPublisherPort6.xml
11 ms. Memory: 441344K Free: 378264K (86%)
----------------- Invoking toplevel() on ptolemy.moml.MoMLSimpleApplication@677cf626
----------------- Done invoking toplevel() on ptolemy.moml.MoMLSimpleApplication@677cf626
reloadAllAccessors: .ConstantPublisherPort6

===========================================================================================
----------------- testing Thu Sep 10 15:44:37 UTC 2020 /home/travis/build/icyphy/ptII/ptolemy/actor/lib/test/auto/ConstantPublisherPort7.xml
----------------- Instantiating /home/travis/build/icyphy/ptII/ptolemy/actor/lib/test/auto/ConstantPublisherPort7.xml
30 ms. Memory: 441344K Free: 368538K (84%)
----------------- Invoking toplevel() on ptolemy.moml.MoMLSimpleApplication@221f56b2
----------------- Done invoking toplevel() on ptolemy.moml.MoMLSimpleApplication@221f56b2
reloadAllAccessors: .ConstantPublisherPort7

===========================================================================================
----------------- testing Thu Sep 10 15:44:37 UTC 2020 /home/travis/build/icyphy/ptII/ptolemy/actor/lib/test/auto/ConstraintMonitor1.xml
----------------- Instantiating /home/travis/build/icyphy/ptII/ptolemy/actor/lib/test/auto/ConstraintMonitor1.xml
5 ms. Memory: 441344K Free: 362904K (82%)
----------------- Invoking toplevel() on ptolemy.moml.MoMLSimpleApplication@4205d6c0
----------------- Done invoking toplevel() on ptolemy.moml.MoMLSimpleApplication@4205d6c0
reloadAllAccessors: .ConstraintMonitor1

===========================================================================================
----------------- testing Thu Sep 10 15:44:37 UTC 2020 /home/travis/build/icyphy/ptII/ptolemy/actor/lib/test/auto/ConstraintMonitor2.xml
----------------- Instantiating /home/travis/build/icyphy/ptII/ptolemy/actor/lib/test/auto/ConstraintMonitor2.xml
5 ms. Memory: 441344K Free: 357784K (81%)
----------------- Invoking toplevel() on ptolemy.moml.MoMLSimpleApplication@4bfd3fe0
----------------- Done invoking toplevel() on ptolemy.moml.MoMLSimpleApplication@4bfd3fe0
reloadAllAccessors: .ConstraintMonitor2

===========================================================================================
----------------- testing Thu Sep 10 15:44:37 UTC 2020 /home/travis/build/icyphy/ptII/ptolemy/actor/lib/test/auto/ConstraintMonitor3.xml
----------------- Instantiating /home/travis/build/icyphy/ptII/ptolemy/actor/lib/test/auto/ConstraintMonitor3.xml
2 ms. Memory: 441344K Free: 353178K (80%)
----------------- Invoking toplevel() on ptolemy.moml.MoMLSimpleApplication@9d213e3
----------------- Done invoking toplevel() on ptolemy.moml.MoMLSimpleApplication@9d213e3
reloadAllAccessors: .ConstraintMonitor3

===========================================================================================
----------------- testing Thu Sep 10 15:44:37 UTC 2020 /home/travis/build/icyphy/ptII/ptolemy/actor/lib/test/auto/ConstraintMonitor4.xml
----------------- Instantiating /home/travis/build/icyphy/ptII/ptolemy/actor/lib/test/auto/ConstraintMonitor4.xml
4 ms. Memory: 441344K Free: 348058K (79%)
----------------- Invoking toplevel() on ptolemy.moml.MoMLSimpleApplication@5bab8b8e
----------------- Done invoking toplevel() on ptolemy.moml.MoMLSimpleApplication@5bab8b8e
reloadAllAccessors: .ConstraintMonitor4

===========================================================================================
----------------- testing Thu Sep 10 15:44:37 UTC 2020 /home/travis/build/icyphy/ptII/ptolemy/actor/lib/test/auto/ConstraintMonitor5.xml
----------------- Instantiating /home/travis/build/icyphy/ptII/ptolemy/actor/lib/test/auto/ConstraintMonitor5.xml
4 ms. Memory: 441344K Free: 342424K (78%)
----------------- Invoking toplevel() on ptolemy.moml.MoMLSimpleApplication@383a528f
----------------- Done invoking toplevel() on ptolemy.moml.MoMLSimpleApplication@383a528f
reloadAllAccessors: .ConstraintMonitor5

===========================================================================================
----------------- testing Thu Sep 10 15:44:37 UTC 2020 /home/travis/build/icyphy/ptII/ptolemy/actor/lib/test/auto/ConstraintMonitor6.xml
----------------- Instantiating /home/travis/build/icyphy/ptII/ptolemy/actor/lib/test/auto/ConstraintMonitor6.xml
3 ms. Memory: 441344K Free: 336794K (76%)
----------------- Invoking toplevel() on ptolemy.moml.MoMLSimpleApplication@3e9fcfa9
----------------- Done invoking toplevel() on ptolemy.moml.MoMLSimpleApplication@3e9fcfa9
reloadAllAccessors: .ConstraintMonitor6

===========================================================================================
----------------- testing Thu Sep 10 15:44:37 UTC 2020 /home/travis/build/icyphy/ptII/ptolemy/actor/lib/test/auto/ConstraintMonitor7.xml
----------------- Instantiating /home/travis/build/icyphy/ptII/ptolemy/actor/lib/test/auto/ConstraintMonitor7.xml
2 ms. Memory: 441344K Free: 330650K (75%)
----------------- Invoking toplevel() on ptolemy.moml.MoMLSimpleApplication@2c45da2c
----------------- Done invoking toplevel() on ptolemy.moml.MoMLSimpleApplication@2c45da2c
reloadAllAccessors: .ConstraintMonitor7

===========================================================================================
----------------- testing Thu Sep 10 15:44:37 UTC 2020 /home/travis/build/icyphy/ptII/ptolemy/actor/lib/test/auto/ConstraintMonitor8.xml
----------------- Instantiating /home/travis/build/icyphy/ptII/ptolemy/actor/lib/test/auto/ConstraintMonitor8.xml
4 ms. Memory: 441344K Free: 322968K (73%)
----------------- Invoking toplevel() on ptolemy.moml.MoMLSimpleApplication@7f045054
----------------- Done invoking toplevel() on ptolemy.moml.MoMLSimpleApplication@7f045054
reloadAllAccessors: .ConstraintMonitor8

===========================================================================================
----------------- testing Thu Sep 10 15:44:37 UTC 2020 /home/travis/build/icyphy/ptII/ptolemy/actor/lib/test/auto/Counter.xml
----------------- Instantiating /home/travis/build/icyphy/ptII/ptolemy/actor/lib/test/auto/Counter.xml
3 ms. Memory: 441344K Free: 317848K (72%)
----------------- Invoking toplevel() on ptolemy.moml.MoMLSimpleApplication@1637d348
----------------- Done invoking toplevel() on ptolemy.moml.MoMLSimpleApplication@1637d348
reloadAllAccessors: .Counter

===========================================================================================
----------------- testing Thu Sep 10 15:44:37 UTC 2020 /home/travis/build/icyphy/ptII/ptolemy/actor/lib/test/auto/CurrentTimeSDF.xml
----------------- Instantiating /home/travis/build/icyphy/ptII/ptolemy/actor/lib/test/auto/CurrentTimeSDF.xml
2 ms. Memory: 441344K Free: 314266K (71%)
----------------- Invoking toplevel() on ptolemy.moml.MoMLSimpleApplication@22acdca0
----------------- Done invoking toplevel() on ptolemy.moml.MoMLSimpleApplication@22acdca0
reloadAllAccessors: .CurrentTimeSDF

===========================================================================================
----------------- testing Thu Sep 10 15:44:37 UTC 2020 /home/travis/build/icyphy/ptII/ptolemy/actor/lib/test/auto/DB.xml
----------------- Instantiating /home/travis/build/icyphy/ptII/ptolemy/actor/lib/test/auto/DB.xml
2 ms. Memory: 441344K Free: 308632K (70%)
----------------- Invoking toplevel() on ptolemy.moml.MoMLSimpleApplication@40bec107
----------------- Done invoking toplevel() on ptolemy.moml.MoMLSimpleApplication@40bec107
reloadAllAccessors: .DB

===========================================================================================
----------------- testing Thu Sep 10 15:44:37 UTC 2020 /home/travis/build/icyphy/ptII/ptolemy/actor/lib/test/auto/DBDE.xml
----------------- Instantiating /home/travis/build/icyphy/ptII/ptolemy/actor/lib/test/auto/DBDE.xml
2 ms. Memory: 441344K Free: 302458K (69%)
----------------- Invoking toplevel() on ptolemy.moml.MoMLSimpleApplication@1cb54ad
----------------- Done invoking toplevel() on ptolemy.moml.MoMLSimpleApplication@1cb54ad
reloadAllAccessors: .DBDE

===========================================================================================
----------------- testing Thu Sep 10 15:44:37 UTC 2020 /home/travis/build/icyphy/ptII/ptolemy/actor/lib/test/auto/DateConstructor.xml
----------------- Instantiating /home/travis/build/icyphy/ptII/ptolemy/actor/lib/test/auto/DateConstructor.xml
24 ms. Memory: 441344K Free: 285594K (65%)
----------------- Invoking toplevel() on ptolemy.moml.MoMLSimpleApplication@562090a7
----------------- Done invoking toplevel() on ptolemy.moml.MoMLSimpleApplication@562090a7
reloadAllAccessors: .DateConstructor

===========================================================================================
----------------- testing Thu Sep 10 15:44:37 UTC 2020 /home/travis/build/icyphy/ptII/ptolemy/actor/lib/test/auto/DelayTime.xml
----------------- Instantiating /home/travis/build/icyphy/ptII/ptolemy/actor/lib/test/auto/DelayTime.xml
6 ms. Memory: 441344K Free: 280474K (64%)
----------------- Invoking toplevel() on ptolemy.moml.MoMLSimpleApplication@6e2f836
----------------- Done invoking toplevel() on ptolemy.moml.MoMLSimpleApplication@6e2f836
reloadAllAccessors: .DelayTime

===========================================================================================
----------------- testing Thu Sep 10 15:44:37 UTC 2020 /home/travis/build/icyphy/ptII/ptolemy/actor/lib/test/auto/Dictionary1.xml
----------------- Instantiating /home/travis/build/icyphy/ptII/ptolemy/actor/lib/test/auto/Dictionary1.xml
2 ms. Memory: 441344K Free: 274840K (62%)
----------------- Invoking toplevel() on ptolemy.moml.MoMLSimpleApplication@6c31c531
----------------- Done invoking toplevel() on ptolemy.moml.MoMLSimpleApplication@6c31c531
reloadAllAccessors: .Dictionary1

===========================================================================================
----------------- testing Thu Sep 10 15:44:37 UTC 2020 /home/travis/build/icyphy/ptII/ptolemy/actor/lib/test/auto/Dictionary2.xml
----------------- Instantiating /home/travis/build/icyphy/ptII/ptolemy/actor/lib/test/auto/Dictionary2.xml
2 ms. Memory: 441344K Free: 269720K (61%)
----------------- Invoking toplevel() on ptolemy.moml.MoMLSimpleApplication@647ad057
----------------- Done invoking toplevel() on ptolemy.moml.MoMLSimpleApplication@647ad057
reloadAllAccessors: .Dictionary2

===========================================================================================
----------------- testing Thu Sep 10 15:44:37 UTC 2020 /home/travis/build/icyphy/ptII/ptolemy/actor/lib/test/auto/Dictionary3.xml
----------------- Instantiating /home/travis/build/icyphy/ptII/ptolemy/actor/lib/test/auto/Dictionary3.xml
2 ms. Memory: 441344K Free: 264090K (60%)
----------------- Invoking toplevel() on ptolemy.moml.MoMLSimpleApplication@50a7b8ae
----------------- Done invoking toplevel() on ptolemy.moml.MoMLSimpleApplication@50a7b8ae
reloadAllAccessors: .Dictionary3

===========================================================================================
----------------- testing Thu Sep 10 15:44:37 UTC 2020 /home/travis/build/icyphy/ptII/ptolemy/actor/lib/test/auto/Dictionary4.xml
----------------- Instantiating /home/travis/build/icyphy/ptII/ptolemy/actor/lib/test/auto/Dictionary4.xml
3 ms. Memory: 441344K Free: 256922K (58%)
----------------- Invoking toplevel() on ptolemy.moml.MoMLSimpleApplication@211d2b39
----------------- Done invoking toplevel() on ptolemy.moml.MoMLSimpleApplication@211d2b39
reloadAllAccessors: .Dictionary4

===========================================================================================
----------------- testing Thu Sep 10 15:44:37 UTC 2020 /home/travis/build/icyphy/ptII/ptolemy/actor/lib/test/auto/Differential.xml
----------------- Instantiating /home/travis/build/icyphy/ptII/ptolemy/actor/lib/test/auto/Differential.xml
2 ms. Memory: 441344K Free: 252312K (57%)
----------------- Invoking toplevel() on ptolemy.moml.MoMLSimpleApplication@6c534bd6
----------------- Done invoking toplevel() on ptolemy.moml.MoMLSimpleApplication@6c534bd6
reloadAllAccessors: .Differential

===========================================================================================
----------------- testing Thu Sep 10 15:44:37 UTC 2020 /home/travis/build/icyphy/ptII/ptolemy/actor/lib/test/auto/Director.xml
----------------- Instantiating /home/travis/build/icyphy/ptII/ptolemy/actor/lib/test/auto/Director.xml
1 ms. Memory: 441344K Free: 249240K (56%)
----------------- Invoking toplevel() on ptolemy.moml.MoMLSimpleApplication@3b4cfc67
----------------- Done invoking toplevel() on ptolemy.moml.MoMLSimpleApplication@3b4cfc67
reloadAllAccessors: .Director

===========================================================================================
----------------- testing Thu Sep 10 15:44:37 UTC 2020 /home/travis/build/icyphy/ptII/ptolemy/actor/lib/test/auto/DiscreteClock.xml
----------------- Instantiating /home/travis/build/icyphy/ptII/ptolemy/actor/lib/test/auto/DiscreteClock.xml
1 ms. Memory: 441344K Free: 245144K (56%)
----------------- Invoking toplevel() on ptolemy.moml.MoMLSimpleApplication@7c880302
----------------- Done invoking toplevel() on ptolemy.moml.MoMLSimpleApplication@7c880302
reloadAllAccessors: .DiscreteClock

===========================================================================================
----------------- testing Thu Sep 10 15:44:37 UTC 2020 /home/travis/build/icyphy/ptII/ptolemy/actor/lib/test/auto/DiscreteClock10.xml
----------------- Instantiating /home/travis/build/icyphy/ptII/ptolemy/actor/lib/test/auto/DiscreteClock10.xml
3 ms. Memory: 441344K Free: 239000K (54%)
----------------- Invoking toplevel() on ptolemy.moml.MoMLSimpleApplication@58e83f2a
----------------- Done invoking toplevel() on ptolemy.moml.MoMLSimpleApplication@58e83f2a
reloadAllAccessors: .DiscreteClock10

===========================================================================================
----------------- testing Thu Sep 10 15:44:37 UTC 2020 /home/travis/build/icyphy/ptII/ptolemy/actor/lib/test/auto/DiscreteClock11.xml
----------------- Instantiating /home/travis/build/icyphy/ptII/ptolemy/actor/lib/test/auto/DiscreteClock11.xml
2 ms. Memory: 441344K Free: 233370K (53%)
----------------- Invoking toplevel() on ptolemy.moml.MoMLSimpleApplication@dcfd22c
----------------- Done invoking toplevel() on ptolemy.moml.MoMLSimpleApplication@dcfd22c
reloadAllAccessors: .DiscreteClock11

===========================================================================================
----------------- testing Thu Sep 10 15:44:37 UTC 2020 /home/travis/build/icyphy/ptII/ptolemy/actor/lib/test/auto/DiscreteClock12.xml
----------------- Instantiating /home/travis/build/icyphy/ptII/ptolemy/actor/lib/test/auto/DiscreteClock12.xml
3 ms. Memory: 441344K Free: 227226K (51%)
----------------- Invoking toplevel() on ptolemy.moml.MoMLSimpleApplication@10e89a59
----------------- Done invoking toplevel() on ptolemy.moml.MoMLSimpleApplication@10e89a59
reloadAllAccessors: .DiscreteClock12

===========================================================================================
----------------- testing Thu Sep 10 15:44:37 UTC 2020 /home/travis/build/icyphy/ptII/ptolemy/actor/lib/test/auto/DiscreteClock13.xml
----------------- Instantiating /home/travis/build/icyphy/ptII/ptolemy/actor/lib/test/auto/DiscreteClock13.xml
2 ms. Memory: 441344K Free: 221082K (50%)
----------------- Invoking toplevel() on ptolemy.moml.MoMLSimpleApplication@4330bfdf
----------------- Done invoking toplevel() on ptolemy.moml.MoMLSimpleApplication@4330bfdf
reloadAllAccessors: .DiscreteClock13

===========================================================================================
----------------- testing Thu Sep 10 15:44:37 UTC 2020 /home/travis/build/icyphy/ptII/ptolemy/actor/lib/test/auto/DiscreteClock14.xml
----------------- Instantiating /home/travis/build/icyphy/ptII/ptolemy/actor/lib/test/auto/DiscreteClock14.xml
9 ms. Memory: 441344K Free: 214938K (49%)
----------------- Invoking toplevel() on ptolemy.moml.MoMLSimpleApplication@2ac2d542
----------------- Done invoking toplevel() on ptolemy.moml.MoMLSimpleApplication@2ac2d542
reloadAllAccessors: .DiscreteClock14

===========================================================================================
----------------- testing Thu Sep 10 15:44:37 UTC 2020 /home/travis/build/icyphy/ptII/ptolemy/actor/lib/test/auto/DiscreteClock15.xml
----------------- Instantiating /home/travis/build/icyphy/ptII/ptolemy/actor/lib/test/auto/DiscreteClock15.xml
4 ms. Memory: 441344K Free: 209274K (47%)
----------------- Invoking toplevel() on ptolemy.moml.MoMLSimpleApplication@5d4d0aaa
----------------- Done invoking toplevel() on ptolemy.moml.MoMLSimpleApplication@5d4d0aaa
reloadAllAccessors: .DiscreteClock15

===========================================================================================
----------------- testing Thu Sep 10 15:44:37 UTC 2020 /home/travis/build/icyphy/ptII/ptolemy/actor/lib/test/auto/DiscreteClock16.xml
----------------- Instantiating /home/travis/build/icyphy/ptII/ptolemy/actor/lib/test/auto/DiscreteClock16.xml
17 ms. Memory: 441344K Free: 195482K (44%)
----------------- Invoking toplevel() on ptolemy.moml.MoMLSimpleApplication@433b37fd
----------------- Done invoking toplevel() on ptolemy.moml.MoMLSimpleApplication@433b37fd
reloadAllAccessors: .DiscreteClock16

===========================================================================================
----------------- testing Thu Sep 10 15:44:37 UTC 2020 /home/travis/build/icyphy/ptII/ptolemy/actor/lib/test/auto/DiscreteClock17.xml
----------------- Instantiating /home/travis/build/icyphy/ptII/ptolemy/actor/lib/test/auto/DiscreteClock17.xml
17 ms. Memory: 441344K Free: 180618K (41%)
----------------- Invoking toplevel() on ptolemy.moml.MoMLSimpleApplication@5c4f69bb
----------------- Done invoking toplevel() on ptolemy.moml.MoMLSimpleApplication@5c4f69bb
reloadAllAccessors: .DiscreteClock17

===========================================================================================
----------------- testing Thu Sep 10 15:44:37 UTC 2020 /home/travis/build/icyphy/ptII/ptolemy/actor/lib/test/auto/DiscreteClock18.xml
----------------- Instantiating /home/travis/build/icyphy/ptII/ptolemy/actor/lib/test/auto/DiscreteClock18.xml
23 ms. Memory: 441344K Free: 166810K (38%)
----------------- Invoking toplevel() on ptolemy.moml.MoMLSimpleApplication@71f3fd85
----------------- Done invoking toplevel() on ptolemy.moml.MoMLSimpleApplication@71f3fd85
reloadAllAccessors: .DiscreteClock18

===========================================================================================
----------------- testing Thu Sep 10 15:44:37 UTC 2020 /home/travis/build/icyphy/ptII/ptolemy/actor/lib/test/auto/DiscreteClock19.xml
----------------- Instantiating /home/travis/build/icyphy/ptII/ptolemy/actor/lib/test/auto/DiscreteClock19.xml
21 ms. Memory: 441344K Free: 153498K (35%)
----------------- Invoking toplevel() on ptolemy.moml.MoMLSimpleApplication@185cc1d3
----------------- Done invoking toplevel() on ptolemy.moml.MoMLSimpleApplication@185cc1d3
reloadAllAccessors: .DiscreteClock19

===========================================================================================
----------------- testing Thu Sep 10 15:44:37 UTC 2020 /home/travis/build/icyphy/ptII/ptolemy/actor/lib/test/auto/DiscreteClock2.xml
----------------- Instantiating /home/travis/build/icyphy/ptII/ptolemy/actor/lib/test/auto/DiscreteClock2.xml
5 ms. Memory: 441344K Free: 148378K (34%)
----------------- Invoking toplevel() on ptolemy.moml.MoMLSimpleApplication@3ab1ed5
----------------- Done invoking toplevel() on ptolemy.moml.MoMLSimpleApplication@3ab1ed5
reloadAllAccessors: .DiscreteClock2

===========================================================================================
----------------- testing Thu Sep 10 15:44:37 UTC 2020 /home/travis/build/icyphy/ptII/ptolemy/actor/lib/test/auto/DiscreteClock20.xml
----------------- Instantiating /home/travis/build/icyphy/ptII/ptolemy/actor/lib/test/auto/DiscreteClock20.xml
8 ms. Memory: 441344K Free: 142744K (32%)
----------------- Invoking toplevel() on ptolemy.moml.MoMLSimpleApplication@398ad115
----------------- Done invoking toplevel() on ptolemy.moml.MoMLSimpleApplication@398ad115
reloadAllAccessors: .DiscreteClock20

===========================================================================================
----------------- testing Thu Sep 10 15:44:37 UTC 2020 /home/travis/build/icyphy/ptII/ptolemy/actor/lib/test/auto/DiscreteClock21.xml
----------------- Instantiating /home/travis/build/icyphy/ptII/ptolemy/actor/lib/test/auto/DiscreteClock21.xml
5 ms. Memory: 441344K Free: 137114K (31%)
----------------- Invoking toplevel() on ptolemy.moml.MoMLSimpleApplication@539b556c
----------------- Done invoking toplevel() on ptolemy.moml.MoMLSimpleApplication@539b556c
reloadAllAccessors: .DiscreteClock21

===========================================================================================
----------------- testing Thu Sep 10 15:44:38 UTC 2020 /home/travis/build/icyphy/ptII/ptolemy/actor/lib/test/auto/DiscreteClock22.xml
----------------- Instantiating /home/travis/build/icyphy/ptII/ptolemy/actor/lib/test/auto/DiscreteClock22.xml
4 ms. Memory: 441344K Free: 131994K (30%)
----------------- Invoking toplevel() on ptolemy.moml.MoMLSimpleApplication@148da92
----------------- Done invoking toplevel() on ptolemy.moml.MoMLSimpleApplication@148da92
reloadAllAccessors: .DiscreteClock22

===========================================================================================
----------------- testing Thu Sep 10 15:44:38 UTC 2020 /home/travis/build/icyphy/ptII/ptolemy/actor/lib/test/auto/DiscreteClock23.xml
----------------- Instantiating /home/travis/build/icyphy/ptII/ptolemy/actor/lib/test/auto/DiscreteClock23.xml
3 ms. Memory: 441344K Free: 386088K (87%)
----------------- Invoking toplevel() on ptolemy.moml.MoMLSimpleApplication@536af5e1
----------------- Done invoking toplevel() on ptolemy.moml.MoMLSimpleApplication@536af5e1
reloadAllAccessors: .DiscreteClock23

===========================================================================================
----------------- testing Thu Sep 10 15:44:38 UTC 2020 /home/travis/build/icyphy/ptII/ptolemy/actor/lib/test/auto/DiscreteClock24.xml
----------------- Instantiating /home/travis/build/icyphy/ptII/ptolemy/actor/lib/test/auto/DiscreteClock24.xml
2 ms. Memory: 441344K Free: 380472K (86%)
----------------- Invoking toplevel() on ptolemy.moml.MoMLSimpleApplication@4b7c0640
----------------- Done invoking toplevel() on ptolemy.moml.MoMLSimpleApplication@4b7c0640
reloadAllAccessors: .DiscreteClock24

===========================================================================================
----------------- testing Thu Sep 10 15:44:38 UTC 2020 /home/travis/build/icyphy/ptII/ptolemy/actor/lib/test/auto/DiscreteClock4.xml
----------------- Instantiating /home/travis/build/icyphy/ptII/ptolemy/actor/lib/test/auto/DiscreteClock4.xml
4 ms. Memory: 441344K Free: 374821K (85%)
----------------- Invoking toplevel() on ptolemy.moml.MoMLSimpleApplication@12f074df
----------------- Done invoking toplevel() on ptolemy.moml.MoMLSimpleApplication@12f074df
reloadAllAccessors: .DiscreteClock4

===========================================================================================
----------------- testing Thu Sep 10 15:44:38 UTC 2020 /home/travis/build/icyphy/ptII/ptolemy/actor/lib/test/auto/DiscreteClock5.xml
----------------- Instantiating /home/travis/build/icyphy/ptII/ptolemy/actor/lib/test/auto/DiscreteClock5.xml
1 ms. Memory: 441344K Free: 369208K (84%)
----------------- Invoking toplevel() on ptolemy.moml.MoMLSimpleApplication@66d7aa5b
----------------- Done invoking toplevel() on ptolemy.moml.MoMLSimpleApplication@66d7aa5b
reloadAllAccessors: .DiscreteClock5

===========================================================================================
----------------- testing Thu Sep 10 15:44:38 UTC 2020 /home/travis/build/icyphy/ptII/ptolemy/actor/lib/test/auto/DiscreteClock6.xml
----------------- Instantiating /home/travis/build/icyphy/ptII/ptolemy/actor/lib/test/auto/DiscreteClock6.xml
1 ms. Memory: 441344K Free: 364598K (83%)
----------------- Invoking toplevel() on ptolemy.moml.MoMLSimpleApplication@7d0cb9c0
----------------- Done invoking toplevel() on ptolemy.moml.MoMLSimpleApplication@7d0cb9c0
reloadAllAccessors: .DiscreteClock6

===========================================================================================
----------------- testing Thu Sep 10 15:44:38 UTC 2020 /home/travis/build/icyphy/ptII/ptolemy/actor/lib/test/auto/DiscreteClock7.xml
----------------- Instantiating /home/travis/build/icyphy/ptII/ptolemy/actor/lib/test/auto/DiscreteClock7.xml
1 ms. Memory: 441344K Free: 360502K (82%)
----------------- Invoking toplevel() on ptolemy.moml.MoMLSimpleApplication@2b324c81
----------------- Done invoking toplevel() on ptolemy.moml.MoMLSimpleApplication@2b324c81
reloadAllAccessors: .DiscreteClock7

===========================================================================================
----------------- testing Thu Sep 10 15:44:38 UTC 2020 /home/travis/build/icyphy/ptII/ptolemy/actor/lib/test/auto/DiscreteClock8.xml
----------------- Instantiating /home/travis/build/icyphy/ptII/ptolemy/actor/lib/test/auto/DiscreteClock8.xml
1 ms. Memory: 441344K Free: 354872K (80%)
----------------- Invoking toplevel() on ptolemy.moml.MoMLSimpleApplication@5001ef87
----------------- Done invoking toplevel() on ptolemy.moml.MoMLSimpleApplication@5001ef87
reloadAllAccessors: .DiscreteClock8

===========================================================================================
----------------- testing Thu Sep 10 15:44:38 UTC 2020 /home/travis/build/icyphy/ptII/ptolemy/actor/lib/test/auto/DiscreteClock9.xml
----------------- Instantiating /home/travis/build/icyphy/ptII/ptolemy/actor/lib/test/auto/DiscreteClock9.xml
2 ms. Memory: 441344K Free: 348728K (79%)
----------------- Invoking toplevel() on ptolemy.moml.MoMLSimpleApplication@67d24a8f
----------------- Done invoking toplevel() on ptolemy.moml.MoMLSimpleApplication@67d24a8f
reloadAllAccessors: .DiscreteClock9

===========================================================================================
----------------- testing Thu Sep 10 15:44:38 UTC 2020 /home/travis/build/icyphy/ptII/ptolemy/actor/lib/test/auto/DisplayArray.xml
----------------- Instantiating /home/travis/build/icyphy/ptII/ptolemy/actor/lib/test/auto/DisplayArray.xml
1 ms. Memory: 441344K Free: 345142K (78%)
----------------- Invoking toplevel() on ptolemy.moml.MoMLSimpleApplication@46bb3c26
----------------- Done invoking toplevel() on ptolemy.moml.MoMLSimpleApplication@46bb3c26
reloadAllAccessors: .DisplayArray

===========================================================================================
----------------- testing Thu Sep 10 15:44:38 UTC 2020 /home/travis/build/icyphy/ptII/ptolemy/actor/lib/test/auto/Distributor.xml
----------------- Instantiating /home/travis/build/icyphy/ptII/ptolemy/actor/lib/test/auto/Distributor.xml
2 ms. Memory: 441344K Free: 340022K (77%)
----------------- Invoking toplevel() on ptolemy.moml.MoMLSimpleApplication@7e4786d8
----------------- Done invoking toplevel() on ptolemy.moml.MoMLSimpleApplication@7e4786d8
reloadAllAccessors: .Distributor

===========================================================================================
----------------- testing Thu Sep 10 15:44:38 UTC 2020 /home/travis/build/icyphy/ptII/ptolemy/actor/lib/test/auto/Distributor2.xml
----------------- Instantiating /home/travis/build/icyphy/ptII/ptolemy/actor/lib/test/auto/Distributor2.xml
1 ms. Memory: 441344K Free: 335416K (76%)
----------------- Invoking toplevel() on ptolemy.moml.MoMLSimpleApplication@c72e59e
----------------- Done invoking toplevel() on ptolemy.moml.MoMLSimpleApplication@c72e59e
reloadAllAccessors: .Distributor2

===========================================================================================
----------------- testing Thu Sep 10 15:44:38 UTC 2020 /home/travis/build/icyphy/ptII/ptolemy/actor/lib/test/auto/DownSample.xml
----------------- Instantiating /home/travis/build/icyphy/ptII/ptolemy/actor/lib/test/auto/DownSample.xml
2 ms. Memory: 441344K Free: 330806K (75%)
----------------- Invoking toplevel() on ptolemy.moml.MoMLSimpleApplication@1de43563
----------------- Done invoking toplevel() on ptolemy.moml.MoMLSimpleApplication@1de43563
reloadAllAccessors: .DownSample

===========================================================================================
----------------- testing Thu Sep 10 15:44:38 UTC 2020 /home/travis/build/icyphy/ptII/ptolemy/actor/lib/test/auto/ElectronicUnitBase1.xml
----------------- Instantiating /home/travis/build/icyphy/ptII/ptolemy/actor/lib/test/auto/ElectronicUnitBase1.xml
16 ms. Memory: 441344K Free: 314422K (71%)
----------------- Invoking toplevel() on ptolemy.moml.MoMLSimpleApplication@30dfce6c
----------------- Done invoking toplevel() on ptolemy.moml.MoMLSimpleApplication@30dfce6c
reloadAllAccessors: .ElectronicUnitBase1

===========================================================================================
----------------- testing Thu Sep 10 15:44:38 UTC 2020 /home/travis/build/icyphy/ptII/ptolemy/actor/lib/test/auto/ElementsToArray.xml
----------------- Instantiating /home/travis/build/icyphy/ptII/ptolemy/actor/lib/test/auto/ElementsToArray.xml
2 ms. Memory: 441344K Free: 309302K (70%)
----------------- Invoking toplevel() on ptolemy.moml.MoMLSimpleApplication@3f4b126c
----------------- Done invoking toplevel() on ptolemy.moml.MoMLSimpleApplication@3f4b126c
reloadAllAccessors: .ElementsToArray

===========================================================================================
----------------- testing Thu Sep 10 15:44:38 UTC 2020 /home/travis/build/icyphy/ptII/ptolemy/actor/lib/test/auto/Equals.xml
----------------- Instantiating /home/travis/build/icyphy/ptII/ptolemy/actor/lib/test/auto/Equals.xml
3 ms. Memory: 441344K Free: 304696K (69%)
----------------- Invoking toplevel() on ptolemy.moml.MoMLSimpleApplication@12845e39
----------------- Done invoking toplevel() on ptolemy.moml.MoMLSimpleApplication@12845e39
reloadAllAccessors: .Equals

===========================================================================================
----------------- testing Thu Sep 10 15:44:38 UTC 2020 /home/travis/build/icyphy/ptII/ptolemy/actor/lib/test/auto/Exec.xml
----------------- Instantiating /home/travis/build/icyphy/ptII/ptolemy/actor/lib/test/auto/Exec.xml
19 ms. Memory: 441344K Free: 299062K (68%)
----------------- Invoking toplevel() on ptolemy.moml.MoMLSimpleApplication@44b8452c
----------------- Done invoking toplevel() on ptolemy.moml.MoMLSimpleApplication@44b8452c
reloadAllAccessors: .Exec

===========================================================================================
----------------- testing Thu Sep 10 15:44:38 UTC 2020 /home/travis/build/icyphy/ptII/ptolemy/actor/lib/test/auto/ExecEnvironment.xml
----------------- Instantiating /home/travis/build/icyphy/ptII/ptolemy/actor/lib/test/auto/ExecEnvironment.xml
30 ms. Memory: 441344K Free: 293430K (66%)
----------------- Invoking toplevel() on ptolemy.moml.MoMLSimpleApplication@5f3b7a2d
----------------- Done invoking toplevel() on ptolemy.moml.MoMLSimpleApplication@5f3b7a2d
reloadAllAccessors: .ExecEnvironment

===========================================================================================
----------------- testing Thu Sep 10 15:44:38 UTC 2020 /home/travis/build/icyphy/ptII/ptolemy/actor/lib/test/auto/ExecNonZeroReturnOutput.xml
----------------- Instantiating /home/travis/build/icyphy/ptII/ptolemy/actor/lib/test/auto/ExecNonZeroReturnOutput.xml
167 ms. Memory: 441344K Free: 282168K (64%)
----------------- Invoking toplevel() on ptolemy.moml.MoMLSimpleApplication@4ea06c9d
----------------- Done invoking toplevel() on ptolemy.moml.MoMLSimpleApplication@4ea06c9d
reloadAllAccessors: .ExecNonZeroReturnOutput

===========================================================================================
----------------- testing Thu Sep 10 15:44:38 UTC 2020 /home/travis/build/icyphy/ptII/ptolemy/actor/lib/test/auto/ExecRunDemos.xml
----------------- Instantiating /home/travis/build/icyphy/ptII/ptolemy/actor/lib/test/auto/ExecRunDemos.xml
Finished: 67 ms. Memory: 129024K Free: 112372K (87%)

Finished: 74 ms. Memory: 129024K Free: 109404K (85%)

Finished: 81 ms. Memory: 129024K Free: 109567K (85%)

Finished: 68 ms. Memory: 129024K Free: 111150K (86%)

Finished: 90 ms. Memory: 129024K Free: 111903K (87%)

10473 ms. Memory: 441344K Free: 260664K (59%)
----------------- Invoking toplevel() on ptolemy.moml.MoMLSimpleApplication@7b05bf6f
----------------- Done invoking toplevel() on ptolemy.moml.MoMLSimpleApplication@7b05bf6f
reloadAllAccessors: .ExecRunDemos

===========================================================================================
----------------- testing Thu Sep 10 15:44:49 UTC 2020 /home/travis/build/icyphy/ptII/ptolemy/actor/lib/test/auto/ExecStop.xml
----------------- Instantiating /home/travis/build/icyphy/ptII/ptolemy/actor/lib/test/auto/ExecStop.xml
5016 ms. Memory: 441344K Free: 145462K (33%)
----------------- Invoking toplevel() on ptolemy.moml.MoMLSimpleApplication@31495433
----------------- Done invoking toplevel() on ptolemy.moml.MoMLSimpleApplication@31495433
reloadAllAccessors: .ExecStop

===========================================================================================
----------------- testing Thu Sep 10 15:44:54 UTC 2020 /home/travis/build/icyphy/ptII/ptolemy/actor/lib/test/auto/ExecutionTimeSDF.xml
----------------- Instantiating /home/travis/build/icyphy/ptII/ptolemy/actor/lib/test/auto/ExecutionTimeSDF.xml
Fired ExecutionTime: -1049367296
Fired ExecutionTime: 1330800000
Fired ExecutionTime: -173367296
6007 ms. Memory: 441344K Free: 133688K (30%)
----------------- Invoking toplevel() on ptolemy.moml.MoMLSimpleApplication@1ca7449d
----------------- Done invoking toplevel() on ptolemy.moml.MoMLSimpleApplication@1ca7449d
reloadAllAccessors: .ExecutionTimeSDF

===========================================================================================
----------------- testing Thu Sep 10 15:45:00 UTC 2020 /home/travis/build/icyphy/ptII/ptolemy/actor/lib/test/auto/Expression1.xml
----------------- Instantiating /home/travis/build/icyphy/ptII/ptolemy/actor/lib/test/auto/Expression1.xml
1 ms. Memory: 441344K Free: 130102K (29%)
----------------- Invoking toplevel() on ptolemy.moml.MoMLSimpleApplication@71175d1
----------------- Done invoking toplevel() on ptolemy.moml.MoMLSimpleApplication@71175d1
reloadAllAccessors: .Expression1

===========================================================================================
----------------- testing Thu Sep 10 15:45:00 UTC 2020 /home/travis/build/icyphy/ptII/ptolemy/actor/lib/test/auto/Expression10.xml
----------------- Instantiating /home/travis/build/icyphy/ptII/ptolemy/actor/lib/test/auto/Expression10.xml
8 ms. Memory: 441344K Free: 384153K (87%)
----------------- Invoking toplevel() on ptolemy.moml.MoMLSimpleApplication@7969ecc2
----------------- Done invoking toplevel() on ptolemy.moml.MoMLSimpleApplication@7969ecc2
reloadAllAccessors: .Expression10

===========================================================================================
----------------- testing Thu Sep 10 15:45:00 UTC 2020 /home/travis/build/icyphy/ptII/ptolemy/actor/lib/test/auto/Expression11.xml
----------------- Instantiating /home/travis/build/icyphy/ptII/ptolemy/actor/lib/test/auto/Expression11.xml
2 ms. Memory: 441344K Free: 379543K (86%)
----------------- Invoking toplevel() on ptolemy.moml.MoMLSimpleApplication@aaf32b2
----------------- Done invoking toplevel() on ptolemy.moml.MoMLSimpleApplication@aaf32b2
reloadAllAccessors: .Expression11

===========================================================================================
----------------- testing Thu Sep 10 15:45:00 UTC 2020 /home/travis/build/icyphy/ptII/ptolemy/actor/lib/test/auto/Expression12.xml
----------------- Instantiating /home/travis/build/icyphy/ptII/ptolemy/actor/lib/test/auto/Expression12.xml
4 ms. Memory: 441344K Free: 373913K (85%)
----------------- Invoking toplevel() on ptolemy.moml.MoMLSimpleApplication@4b499281
----------------- Done invoking toplevel() on ptolemy.moml.MoMLSimpleApplication@4b499281
reloadAllAccessors: .Expression12

===========================================================================================
----------------- testing Thu Sep 10 15:45:00 UTC 2020 /home/travis/build/icyphy/ptII/ptolemy/actor/lib/test/auto/Expression13.xml
----------------- Instantiating /home/travis/build/icyphy/ptII/ptolemy/actor/lib/test/auto/Expression13.xml
3 ms. Memory: 441344K Free: 368793K (84%)
----------------- Invoking toplevel() on ptolemy.moml.MoMLSimpleApplication@54f1c0ff
----------------- Done invoking toplevel() on ptolemy.moml.MoMLSimpleApplication@54f1c0ff
reloadAllAccessors: .Expression13

===========================================================================================
----------------- testing Thu Sep 10 15:45:00 UTC 2020 /home/travis/build/icyphy/ptII/ptolemy/actor/lib/test/auto/Expression14.xml
----------------- Instantiating /home/travis/build/icyphy/ptII/ptolemy/actor/lib/test/auto/Expression14.xml
7 ms. Memory: 441344K Free: 362649K (82%)
----------------- Invoking toplevel() on ptolemy.moml.MoMLSimpleApplication@29e53a32
----------------- Done invoking toplevel() on ptolemy.moml.MoMLSimpleApplication@29e53a32
reloadAllAccessors: .Expression14

===========================================================================================
----------------- testing Thu Sep 10 15:45:00 UTC 2020 /home/travis/build/icyphy/ptII/ptolemy/actor/lib/test/auto/Expression15.xml
----------------- Instantiating /home/travis/build/icyphy/ptII/ptolemy/actor/lib/test/auto/Expression15.xml
1 ms. Memory: 441344K Free: 359063K (81%)
----------------- Invoking toplevel() on ptolemy.moml.MoMLSimpleApplication@32567b8a
----------------- Done invoking toplevel() on ptolemy.moml.MoMLSimpleApplication@32567b8a
reloadAllAccessors: .Expression15

===========================================================================================
----------------- testing Thu Sep 10 15:45:00 UTC 2020 /home/travis/build/icyphy/ptII/ptolemy/actor/lib/test/auto/Expression16.xml
----------------- Instantiating /home/travis/build/icyphy/ptII/ptolemy/actor/lib/test/auto/Expression16.xml
4 ms. Memory: 441344K Free: 353943K (80%)
----------------- Invoking toplevel() on ptolemy.moml.MoMLSimpleApplication@7b12675b
----------------- Done invoking toplevel() on ptolemy.moml.MoMLSimpleApplication@7b12675b
reloadAllAccessors: .Expression16

===========================================================================================
----------------- testing Thu Sep 10 15:45:00 UTC 2020 /home/travis/build/icyphy/ptII/ptolemy/actor/lib/test/auto/Expression17.xml
----------------- Instantiating /home/travis/build/icyphy/ptII/ptolemy/actor/lib/test/auto/Expression17.xml
4 ms. Memory: 441344K Free: 348823K (79%)
----------------- Invoking toplevel() on ptolemy.moml.MoMLSimpleApplication@181b69cc
----------------- Done invoking toplevel() on ptolemy.moml.MoMLSimpleApplication@181b69cc
reloadAllAccessors: .Expression17

===========================================================================================
----------------- testing Thu Sep 10 15:45:00 UTC 2020 /home/travis/build/icyphy/ptII/ptolemy/actor/lib/test/auto/Expression18.xml
----------------- Instantiating /home/travis/build/icyphy/ptII/ptolemy/actor/lib/test/auto/Expression18.xml
2 ms. Memory: 441344K Free: 343703K (78%)
----------------- Invoking toplevel() on ptolemy.moml.MoMLSimpleApplication@71b741ea
----------------- Done invoking toplevel() on ptolemy.moml.MoMLSimpleApplication@71b741ea
reloadAllAccessors: .Expression18

===========================================================================================
----------------- testing Thu Sep 10 15:45:00 UTC 2020 /home/travis/build/icyphy/ptII/ptolemy/actor/lib/test/auto/Expression2.xml
----------------- Instantiating /home/travis/build/icyphy/ptII/ptolemy/actor/lib/test/auto/Expression2.xml
3 ms. Memory: 441344K Free: 338583K (77%)
----------------- Invoking toplevel() on ptolemy.moml.MoMLSimpleApplication@4ac7e766
----------------- Done invoking toplevel() on ptolemy.moml.MoMLSimpleApplication@4ac7e766
reloadAllAccessors: .Expression2

===========================================================================================
----------------- testing Thu Sep 10 15:45:00 UTC 2020 /home/travis/build/icyphy/ptII/ptolemy/actor/lib/test/auto/Expression3.xml
----------------- Instantiating /home/travis/build/icyphy/ptII/ptolemy/actor/lib/test/auto/Expression3.xml
6 ms. Memory: 441344K Free: 333977K (76%)
----------------- Invoking toplevel() on ptolemy.moml.MoMLSimpleApplication@3fa456ff
----------------- Done invoking toplevel() on ptolemy.moml.MoMLSimpleApplication@3fa456ff
reloadAllAccessors: .Expression3

===========================================================================================
----------------- testing Thu Sep 10 15:45:00 UTC 2020 /home/travis/build/icyphy/ptII/ptolemy/actor/lib/test/auto/Expression4.xml
----------------- Instantiating /home/travis/build/icyphy/ptII/ptolemy/actor/lib/test/auto/Expression4.xml
4 ms. Memory: 441344K Free: 326295K (74%)
----------------- Invoking toplevel() on ptolemy.moml.MoMLSimpleApplication@533a8f13
----------------- Done invoking toplevel() on ptolemy.moml.MoMLSimpleApplication@533a8f13
reloadAllAccessors: .Expression4

===========================================================================================
----------------- testing Thu Sep 10 15:45:00 UTC 2020 /home/travis/build/icyphy/ptII/ptolemy/actor/lib/test/auto/Expression5.xml
----------------- Instantiating /home/travis/build/icyphy/ptII/ptolemy/actor/lib/test/auto/Expression5.xml
4 ms. Memory: 441344K Free: 321175K (73%)
----------------- Invoking toplevel() on ptolemy.moml.MoMLSimpleApplication@e994567
----------------- Done invoking toplevel() on ptolemy.moml.MoMLSimpleApplication@e994567
reloadAllAccessors: .Expression5

===========================================================================================
----------------- testing Thu Sep 10 15:45:00 UTC 2020 /home/travis/build/icyphy/ptII/ptolemy/actor/lib/test/auto/Expression6.xml
----------------- Instantiating /home/travis/build/icyphy/ptII/ptolemy/actor/lib/test/auto/Expression6.xml
2 ms. Memory: 441344K Free: 316569K (72%)
----------------- Invoking toplevel() on ptolemy.moml.MoMLSimpleApplication@6ad69986
----------------- Done invoking toplevel() on ptolemy.moml.MoMLSimpleApplication@6ad69986
reloadAllAccessors: .Expression6

===========================================================================================
----------------- testing Thu Sep 10 15:45:00 UTC 2020 /home/travis/build/icyphy/ptII/ptolemy/actor/lib/test/auto/Expression7.xml
----------------- Instantiating /home/travis/build/icyphy/ptII/ptolemy/actor/lib/test/auto/Expression7.xml
2 ms. Memory: 441344K Free: 311449K (71%)
----------------- Invoking toplevel() on ptolemy.moml.MoMLSimpleApplication@5748ac1b
----------------- Done invoking toplevel() on ptolemy.moml.MoMLSimpleApplication@5748ac1b
reloadAllAccessors: .Expression7

===========================================================================================
----------------- testing Thu Sep 10 15:45:00 UTC 2020 /home/travis/build/icyphy/ptII/ptolemy/actor/lib/test/auto/Expression8.xml
----------------- Instantiating /home/travis/build/icyphy/ptII/ptolemy/actor/lib/test/auto/Expression8.xml
8 ms. Memory: 441344K Free: 306839K (70%)
----------------- Invoking toplevel() on ptolemy.moml.MoMLSimpleApplication@6694cb60
----------------- Done invoking toplevel() on ptolemy.moml.MoMLSimpleApplication@6694cb60
reloadAllAccessors: .Expression8

===========================================================================================
----------------- testing Thu Sep 10 15:45:00 UTC 2020 /home/travis/build/icyphy/ptII/ptolemy/actor/lib/test/auto/Expression9.xml
----------------- Instantiating /home/travis/build/icyphy/ptII/ptolemy/actor/lib/test/auto/Expression9.xml
1 ms. Memory: 441344K Free: 302743K (69%)
----------------- Invoking toplevel() on ptolemy.moml.MoMLSimpleApplication@506a6d7f
----------------- Done invoking toplevel() on ptolemy.moml.MoMLSimpleApplication@506a6d7f
reloadAllAccessors: .Expression9

===========================================================================================
----------------- testing Thu Sep 10 15:45:00 UTC 2020 /home/travis/build/icyphy/ptII/ptolemy/actor/lib/test/auto/ExpressionConcatenateArrayType.xml
----------------- Instantiating /home/travis/build/icyphy/ptII/ptolemy/actor/lib/test/auto/ExpressionConcatenateArrayType.xml
5 ms. Memory: 441344K Free: 296089K (67%)
----------------- Invoking toplevel() on ptolemy.moml.MoMLSimpleApplication@3a768945
----------------- Done invoking toplevel() on ptolemy.moml.MoMLSimpleApplication@3a768945
reloadAllAccessors: .ExpressionConcatenateArrayType

===========================================================================================
----------------- testing Thu Sep 10 15:45:00 UTC 2020 /home/travis/build/icyphy/ptII/ptolemy/actor/lib/test/auto/ExpressionConcatenateArrayType2.xml
----------------- Instantiating /home/travis/build/icyphy/ptII/ptolemy/actor/lib/test/auto/ExpressionConcatenateArrayType2.xml
2 ms. Memory: 441344K Free: 290455K (66%)
----------------- Invoking toplevel() on ptolemy.moml.MoMLSimpleApplication@41fc8325
----------------- Done invoking toplevel() on ptolemy.moml.MoMLSimpleApplication@41fc8325
reloadAllAccessors: .ExpressionConcatenateArrayType2

===========================================================================================
----------------- testing Thu Sep 10 15:45:00 UTC 2020 /home/travis/build/icyphy/ptII/ptolemy/actor/lib/test/auto/ExpressionFix.xml
----------------- Instantiating /home/travis/build/icyphy/ptII/ptolemy/actor/lib/test/auto/ExpressionFix.xml
10 ms. Memory: 441344K Free: 283801K (64%)
----------------- Invoking toplevel() on ptolemy.moml.MoMLSimpleApplication@fc2b3b0
----------------- Done invoking toplevel() on ptolemy.moml.MoMLSimpleApplication@fc2b3b0
reloadAllAccessors: .ExpressionFix

===========================================================================================
----------------- testing Thu Sep 10 15:45:00 UTC 2020 /home/travis/build/icyphy/ptII/ptolemy/actor/lib/test/auto/ExpressionFix2.xml
----------------- Instantiating /home/travis/build/icyphy/ptII/ptolemy/actor/lib/test/auto/ExpressionFix2.xml
6 ms. Memory: 441344K Free: 279191K (63%)
----------------- Invoking toplevel() on ptolemy.moml.MoMLSimpleApplication@62f1a56c
----------------- Done invoking toplevel() on ptolemy.moml.MoMLSimpleApplication@62f1a56c
reloadAllAccessors: .ExpressionFix2

===========================================================================================
----------------- testing Thu Sep 10 15:45:00 UTC 2020 /home/travis/build/icyphy/ptII/ptolemy/actor/lib/test/auto/ExpressionFix3.xml
----------------- Instantiating /home/travis/build/icyphy/ptII/ptolemy/actor/lib/test/auto/ExpressionFix3.xml
3 ms. Memory: 441344K Free: 275095K (62%)
----------------- Invoking toplevel() on ptolemy.moml.MoMLSimpleApplication@7837834b
----------------- Done invoking toplevel() on ptolemy.moml.MoMLSimpleApplication@7837834b
reloadAllAccessors: .ExpressionFix3

===========================================================================================
----------------- testing Thu Sep 10 15:45:00 UTC 2020 /home/travis/build/icyphy/ptII/ptolemy/actor/lib/test/auto/FileWriter1.xml
----------------- Instantiating /home/travis/build/icyphy/ptII/ptolemy/actor/lib/test/auto/FileWriter1.xml
2 ms. Memory: 441344K Free: 270999K (61%)
----------------- Invoking toplevel() on ptolemy.moml.MoMLSimpleApplication@1015d313
----------------- Done invoking toplevel() on ptolemy.moml.MoMLSimpleApplication@1015d313
reloadAllAccessors: .FileWriter1

===========================================================================================
----------------- testing Thu Sep 10 15:45:00 UTC 2020 /home/travis/build/icyphy/ptII/ptolemy/actor/lib/test/auto/FileWriter2.xml
----------------- Instantiating /home/travis/build/icyphy/ptII/ptolemy/actor/lib/test/auto/FileWriter2.xml
6 ms. Memory: 441344K Free: 266393K (60%)
----------------- Invoking toplevel() on ptolemy.moml.MoMLSimpleApplication@153b2721
----------------- Done invoking toplevel() on ptolemy.moml.MoMLSimpleApplication@153b2721
reloadAllAccessors: .FileWriter2

===========================================================================================
----------------- testing Thu Sep 10 15:45:00 UTC 2020 /home/travis/build/icyphy/ptII/ptolemy/actor/lib/test/auto/FileWriter3.xml
----------------- Instantiating /home/travis/build/icyphy/ptII/ptolemy/actor/lib/test/auto/FileWriter3.xml
4 ms. Memory: 441344K Free: 262297K (59%)
----------------- Invoking toplevel() on ptolemy.moml.MoMLSimpleApplication@38acbb79
----------------- Done invoking toplevel() on ptolemy.moml.MoMLSimpleApplication@38acbb79
reloadAllAccessors: .FileWriter3

===========================================================================================
----------------- testing Thu Sep 10 15:45:00 UTC 2020 /home/travis/build/icyphy/ptII/ptolemy/actor/lib/test/auto/Gaussian.xml
----------------- Instantiating /home/travis/build/icyphy/ptII/ptolemy/actor/lib/test/auto/Gaussian.xml
2 ms. Memory: 441344K Free: 257687K (58%)
----------------- Invoking toplevel() on ptolemy.moml.MoMLSimpleApplication@8929f7f
----------------- Done invoking toplevel() on ptolemy.moml.MoMLSimpleApplication@8929f7f
reloadAllAccessors: .Gaussian

===========================================================================================
----------------- testing Thu Sep 10 15:45:00 UTC 2020 /home/travis/build/icyphy/ptII/ptolemy/actor/lib/test/auto/Gaussian1.xml
----------------- Instantiating /home/travis/build/icyphy/ptII/ptolemy/actor/lib/test/auto/Gaussian1.xml
8 ms. Memory: 441344K Free: 252057K (57%)
----------------- Invoking toplevel() on ptolemy.moml.MoMLSimpleApplication@6c311d55
----------------- Done invoking toplevel() on ptolemy.moml.MoMLSimpleApplication@6c311d55
reloadAllAccessors: .Gaussian1

===========================================================================================
----------------- testing Thu Sep 10 15:45:00 UTC 2020 /home/travis/build/icyphy/ptII/ptolemy/actor/lib/test/auto/Gaussian2.xml
----------------- Instantiating /home/travis/build/icyphy/ptII/ptolemy/actor/lib/test/auto/Gaussian2.xml
2 ms. Memory: 441344K Free: 246937K (56%)
----------------- Invoking toplevel() on ptolemy.moml.MoMLSimpleApplication@2635344b
----------------- Done invoking toplevel() on ptolemy.moml.MoMLSimpleApplication@2635344b
reloadAllAccessors: .Gaussian2

===========================================================================================
----------------- testing Thu Sep 10 15:45:00 UTC 2020 /home/travis/build/icyphy/ptII/ptolemy/actor/lib/test/auto/GradientAdaptiveLattice.xml
----------------- Instantiating /home/travis/build/icyphy/ptII/ptolemy/actor/lib/test/auto/GradientAdaptiveLattice.xml
5 ms. Memory: 441344K Free: 241817K (55%)
----------------- Invoking toplevel() on ptolemy.moml.MoMLSimpleApplication@6e20c899
----------------- Done invoking toplevel() on ptolemy.moml.MoMLSimpleApplication@6e20c899
reloadAllAccessors: .GradientAdaptiveLattice

===========================================================================================
----------------- testing Thu Sep 10 15:45:00 UTC 2020 /home/travis/build/icyphy/ptII/ptolemy/actor/lib/test/auto/IIR.xml
----------------- Instantiating /home/travis/build/icyphy/ptII/ptolemy/actor/lib/test/auto/IIR.xml
7 ms. Memory: 441344K Free: 237207K (54%)
----------------- Invoking toplevel() on ptolemy.moml.MoMLSimpleApplication@1e8ae94e
----------------- Done invoking toplevel() on ptolemy.moml.MoMLSimpleApplication@1e8ae94e
reloadAllAccessors: .IIR

===========================================================================================
----------------- testing Thu Sep 10 15:45:00 UTC 2020 /home/travis/build/icyphy/ptII/ptolemy/actor/lib/test/auto/InputOutputTransparentPorts.xml
----------------- Instantiating /home/travis/build/icyphy/ptII/ptolemy/actor/lib/test/auto/InputOutputTransparentPorts.xml
2 ms. Memory: 441344K Free: 230039K (52%)
----------------- Invoking toplevel() on ptolemy.moml.MoMLSimpleApplication@5c87bad4
----------------- Done invoking toplevel() on ptolemy.moml.MoMLSimpleApplication@5c87bad4
reloadAllAccessors: .InputOutputTransparentPorts

===========================================================================================
----------------- testing Thu Sep 10 15:45:00 UTC 2020 /home/travis/build/icyphy/ptII/ptolemy/actor/lib/test/auto/Interpolator.xml
----------------- Instantiating /home/travis/build/icyphy/ptII/ptolemy/actor/lib/test/auto/Interpolator.xml
3 ms. Memory: 441344K Free: 224919K (51%)
----------------- Invoking toplevel() on ptolemy.moml.MoMLSimpleApplication@617326f7
----------------- Done invoking toplevel() on ptolemy.moml.MoMLSimpleApplication@617326f7
reloadAllAccessors: .Interpolator

===========================================================================================
----------------- testing Thu Sep 10 15:45:00 UTC 2020 /home/travis/build/icyphy/ptII/ptolemy/actor/lib/test/auto/InterpolatorFiringLimitDE.xml
----------------- Instantiating /home/travis/build/icyphy/ptII/ptolemy/actor/lib/test/auto/InterpolatorFiringLimitDE.xml
2 ms. Memory: 441344K Free: 218775K (50%)
----------------- Invoking toplevel() on ptolemy.moml.MoMLSimpleApplication@7761f702
----------------- Done invoking toplevel() on ptolemy.moml.MoMLSimpleApplication@7761f702
reloadAllAccessors: .InterpolatorFiringLimitDE

===========================================================================================
----------------- testing Thu Sep 10 15:45:00 UTC 2020 /home/travis/build/icyphy/ptII/ptolemy/actor/lib/test/auto/Lattice.xml
----------------- Instantiating /home/travis/build/icyphy/ptII/ptolemy/actor/lib/test/auto/Lattice.xml
1 ms. Memory: 441344K Free: 214679K (49%)
----------------- Invoking toplevel() on ptolemy.moml.MoMLSimpleApplication@19f9a8dc
----------------- Done invoking toplevel() on ptolemy.moml.MoMLSimpleApplication@19f9a8dc
reloadAllAccessors: .Lattice

===========================================================================================
----------------- testing Thu Sep 10 15:45:00 UTC 2020 /home/travis/build/icyphy/ptII/ptolemy/actor/lib/test/auto/LazyAOCTestLazy.xml
----------------- Instantiating /home/travis/build/icyphy/ptII/ptolemy/actor/lib/test/auto/LazyAOCTestLazy.xml
7 ms. Memory: 441344K Free: 209049K (47%)
----------------- Invoking toplevel() on ptolemy.moml.MoMLSimpleApplication@399d45a7
----------------- Done invoking toplevel() on ptolemy.moml.MoMLSimpleApplication@399d45a7
reloadAllAccessors: .LazyAOCTestLazy

===========================================================================================
----------------- testing Thu Sep 10 15:45:00 UTC 2020 /home/travis/build/icyphy/ptII/ptolemy/actor/lib/test/auto/LazyAOCTestNonLazy.xml
----------------- Instantiating /home/travis/build/icyphy/ptII/ptolemy/actor/lib/test/auto/LazyAOCTestNonLazy.xml
2 ms. Memory: 441344K Free: 202391K (46%)
----------------- Invoking toplevel() on ptolemy.moml.MoMLSimpleApplication@202fa750
----------------- Done invoking toplevel() on ptolemy.moml.MoMLSimpleApplication@202fa750
reloadAllAccessors: .LazyAOCTestNonLazy

===========================================================================================
----------------- testing Thu Sep 10 15:45:00 UTC 2020 /home/travis/build/icyphy/ptII/ptolemy/actor/lib/test/auto/LazyInnerClass.xml
----------------- Instantiating /home/travis/build/icyphy/ptII/ptolemy/actor/lib/test/auto/LazyInnerClass.xml
10 ms. Memory: 441344K Free: 193689K (44%)
----------------- Invoking toplevel() on ptolemy.moml.MoMLSimpleApplication@12675953
----------------- Done invoking toplevel() on ptolemy.moml.MoMLSimpleApplication@12675953
reloadAllAccessors: .LazyInnerClass

===========================================================================================
----------------- testing Thu Sep 10 15:45:01 UTC 2020 /home/travis/build/icyphy/ptII/ptolemy/actor/lib/test/auto/LazyPubSub.xml
----------------- Instantiating /home/travis/build/icyphy/ptII/ptolemy/actor/lib/test/auto/LazyPubSub.xml
19 ms. Memory: 441344K Free: 183449K (42%)
----------------- Invoking toplevel() on ptolemy.moml.MoMLSimpleApplication@4855b7c4
----------------- Done invoking toplevel() on ptolemy.moml.MoMLSimpleApplication@4855b7c4
reloadAllAccessors: .LazyPubSub

===========================================================================================
----------------- testing Thu Sep 10 15:45:01 UTC 2020 /home/travis/build/icyphy/ptII/ptolemy/actor/lib/test/auto/LazyPubSub2.xml
----------------- Instantiating /home/travis/build/icyphy/ptII/ptolemy/actor/lib/test/auto/LazyPubSub2.xml
20 ms. Memory: 441344K Free: 173719K (39%)
----------------- Invoking toplevel() on ptolemy.moml.MoMLSimpleApplication@15f6c726
----------------- Done invoking toplevel() on ptolemy.moml.MoMLSimpleApplication@15f6c726
reloadAllAccessors: .LazyPubSub2

===========================================================================================
----------------- testing Thu Sep 10 15:45:01 UTC 2020 /home/travis/build/icyphy/ptII/ptolemy/actor/lib/test/auto/LazyPubSub3.xml
----------------- Instantiating /home/travis/build/icyphy/ptII/ptolemy/actor/lib/test/auto/LazyPubSub3.xml
27 ms. Memory: 441344K Free: 162969K (37%)
----------------- Invoking toplevel() on ptolemy.moml.MoMLSimpleApplication@23dedd8
----------------- Done invoking toplevel() on ptolemy.moml.MoMLSimpleApplication@23dedd8
reloadAllAccessors: .LazyPubSub3

===========================================================================================
----------------- testing Thu Sep 10 15:45:01 UTC 2020 /home/travis/build/icyphy/ptII/ptolemy/actor/lib/test/auto/LazySubClassModel.xml
----------------- Instantiating /home/travis/build/icyphy/ptII/ptolemy/actor/lib/test/auto/LazySubClassModel.xml
5 ms. Memory: 441344K Free: 153239K (35%)
----------------- Invoking toplevel() on ptolemy.moml.MoMLSimpleApplication@543d9c64
----------------- Done invoking toplevel() on ptolemy.moml.MoMLSimpleApplication@543d9c64
reloadAllAccessors: .LazySubClassModel

===========================================================================================
----------------- testing Thu Sep 10 15:45:01 UTC 2020 /home/travis/build/icyphy/ptII/ptolemy/actor/lib/test/auto/LevelCrossTest1.xml
----------------- Instantiating /home/travis/build/icyphy/ptII/ptolemy/actor/lib/test/auto/LevelCrossTest1.xml
1 ms. Memory: 441344K Free: 147609K (33%)
----------------- Invoking toplevel() on ptolemy.moml.MoMLSimpleApplication@60c4d3c5
----------------- Done invoking toplevel() on ptolemy.moml.MoMLSimpleApplication@60c4d3c5
reloadAllAccessors: .broken

===========================================================================================
----------------- testing Thu Sep 10 15:45:01 UTC 2020 /home/travis/build/icyphy/ptII/ptolemy/actor/lib/test/auto/LevelCrossTest10.xml
----------------- Instantiating /home/travis/build/icyphy/ptII/ptolemy/actor/lib/test/auto/LevelCrossTest10.xml
1 ms. Memory: 441344K Free: 140951K (32%)
----------------- Invoking toplevel() on ptolemy.moml.MoMLSimpleApplication@2e68ad65
----------------- Done invoking toplevel() on ptolemy.moml.MoMLSimpleApplication@2e68ad65
reloadAllAccessors: .LevelCrossTest10

===========================================================================================
----------------- testing Thu Sep 10 15:45:01 UTC 2020 /home/travis/build/icyphy/ptII/ptolemy/actor/lib/test/auto/LevelCrossTest11.xml
----------------- Instantiating /home/travis/build/icyphy/ptII/ptolemy/actor/lib/test/auto/LevelCrossTest11.xml
2 ms. Memory: 441344K Free: 133273K (30%)
----------------- Invoking toplevel() on ptolemy.moml.MoMLSimpleApplication@c70e16
----------------- Done invoking toplevel() on ptolemy.moml.MoMLSimpleApplication@c70e16
reloadAllAccessors: .LevelCrossTest11

===========================================================================================
----------------- testing Thu Sep 10 15:45:01 UTC 2020 /home/travis/build/icyphy/ptII/ptolemy/actor/lib/test/auto/LevelCrossTest12.xml
----------------- Instantiating /home/travis/build/icyphy/ptII/ptolemy/actor/lib/test/auto/LevelCrossTest12.xml
1 ms. Memory: 441344K Free: 384810K (87%)
----------------- Invoking toplevel() on ptolemy.moml.MoMLSimpleApplication@355c5fb0
----------------- Done invoking toplevel() on ptolemy.moml.MoMLSimpleApplication@355c5fb0
reloadAllAccessors: .LevelCrossTest12

===========================================================================================
----------------- testing Thu Sep 10 15:45:01 UTC 2020 /home/travis/build/icyphy/ptII/ptolemy/actor/lib/test/auto/LevelCrossTest13.xml
----------------- Instantiating /home/travis/build/icyphy/ptII/ptolemy/actor/lib/test/auto/LevelCrossTest13.xml
1 ms. Memory: 441344K Free: 377128K (85%)
----------------- Invoking toplevel() on ptolemy.moml.MoMLSimpleApplication@40ca3fea
----------------- Done invoking toplevel() on ptolemy.moml.MoMLSimpleApplication@40ca3fea
reloadAllAccessors: .LevelCrossTest13

===========================================================================================
----------------- testing Thu Sep 10 15:45:01 UTC 2020 /home/travis/build/icyphy/ptII/ptolemy/actor/lib/test/auto/LevelCrossTest2.xml
----------------- Instantiating /home/travis/build/icyphy/ptII/ptolemy/actor/lib/test/auto/LevelCrossTest2.xml
1 ms. Memory: 441344K Free: 371498K (84%)
----------------- Invoking toplevel() on ptolemy.moml.MoMLSimpleApplication@7a6d64f7
----------------- Done invoking toplevel() on ptolemy.moml.MoMLSimpleApplication@7a6d64f7
reloadAllAccessors: .broken

===========================================================================================
----------------- testing Thu Sep 10 15:45:01 UTC 2020 /home/travis/build/icyphy/ptII/ptolemy/actor/lib/test/auto/LevelCrossTest3.xml
----------------- Instantiating /home/travis/build/icyphy/ptII/ptolemy/actor/lib/test/auto/LevelCrossTest3.xml
1 ms. Memory: 441344K Free: 365354K (83%)
----------------- Invoking toplevel() on ptolemy.moml.MoMLSimpleApplication@73307c9b
----------------- Done invoking toplevel() on ptolemy.moml.MoMLSimpleApplication@73307c9b
reloadAllAccessors: .LevelCrossTest3

===========================================================================================
----------------- testing Thu Sep 10 15:45:01 UTC 2020 /home/travis/build/icyphy/ptII/ptolemy/actor/lib/test/auto/LevelCrossTest4.xml
----------------- Instantiating /home/travis/build/icyphy/ptII/ptolemy/actor/lib/test/auto/LevelCrossTest4.xml
1 ms. Memory: 441344K Free: 360234K (82%)
----------------- Invoking toplevel() on ptolemy.moml.MoMLSimpleApplication@7028bc71
----------------- Done invoking toplevel() on ptolemy.moml.MoMLSimpleApplication@7028bc71
reloadAllAccessors: .broken

===========================================================================================
----------------- testing Thu Sep 10 15:45:01 UTC 2020 /home/travis/build/icyphy/ptII/ptolemy/actor/lib/test/auto/LevelCrossTest5.xml
----------------- Instantiating /home/travis/build/icyphy/ptII/ptolemy/actor/lib/test/auto/LevelCrossTest5.xml
4 ms. Memory: 441344K Free: 352552K (80%)
----------------- Invoking toplevel() on ptolemy.moml.MoMLSimpleApplication@34ebff99
----------------- Done invoking toplevel() on ptolemy.moml.MoMLSimpleApplication@34ebff99
reloadAllAccessors: .LevelCrossTest5

===========================================================================================
----------------- testing Thu Sep 10 15:45:01 UTC 2020 /home/travis/build/icyphy/ptII/ptolemy/actor/lib/test/auto/LevelCrossTest6.xml
----------------- Instantiating /home/travis/build/icyphy/ptII/ptolemy/actor/lib/test/auto/LevelCrossTest6.xml
1 ms. Memory: 441344K Free: 345384K (78%)
----------------- Invoking toplevel() on ptolemy.moml.MoMLSimpleApplication@123ef489
----------------- Done invoking toplevel() on ptolemy.moml.MoMLSimpleApplication@123ef489
reloadAllAccessors: .LevelCrossTest6

===========================================================================================
----------------- testing Thu Sep 10 15:45:01 UTC 2020 /home/travis/build/icyphy/ptII/ptolemy/actor/lib/test/auto/LevelCrossTest7.xml
----------------- Instantiating /home/travis/build/icyphy/ptII/ptolemy/actor/lib/test/auto/LevelCrossTest7.xml
1 ms. Memory: 441344K Free: 337706K (77%)
----------------- Invoking toplevel() on ptolemy.moml.MoMLSimpleApplication@442de746
----------------- Done invoking toplevel() on ptolemy.moml.MoMLSimpleApplication@442de746
reloadAllAccessors: .LevelCrossTest7

===========================================================================================
----------------- testing Thu Sep 10 15:45:01 UTC 2020 /home/travis/build/icyphy/ptII/ptolemy/actor/lib/test/auto/LevelCrossTest8.xml
----------------- Instantiating /home/travis/build/icyphy/ptII/ptolemy/actor/lib/test/auto/LevelCrossTest8.xml
2 ms. Memory: 441344K Free: 330538K (75%)
----------------- Invoking toplevel() on ptolemy.moml.MoMLSimpleApplication@6d61e3d4
----------------- Done invoking toplevel() on ptolemy.moml.MoMLSimpleApplication@6d61e3d4
reloadAllAccessors: .LevelCrossTest8

===========================================================================================
----------------- testing Thu Sep 10 15:45:01 UTC 2020 /home/travis/build/icyphy/ptII/ptolemy/actor/lib/test/auto/LevelCrossTest9.xml
----------------- Instantiating /home/travis/build/icyphy/ptII/ptolemy/actor/lib/test/auto/LevelCrossTest9.xml
2 ms. Memory: 441344K Free: 323880K (73%)
----------------- Invoking toplevel() on ptolemy.moml.MoMLSimpleApplication@1523f2ae
----------------- Done invoking toplevel() on ptolemy.moml.MoMLSimpleApplication@1523f2ae
reloadAllAccessors: .LevelCrossTest9

===========================================================================================
----------------- testing Thu Sep 10 15:45:01 UTC 2020 /home/travis/build/icyphy/ptII/ptolemy/actor/lib/test/auto/LevinsonDurbin.xml
----------------- Instantiating /home/travis/build/icyphy/ptII/ptolemy/actor/lib/test/auto/LevinsonDurbin.xml
10 ms. Memory: 441344K Free: 319784K (72%)
----------------- Invoking toplevel() on ptolemy.moml.MoMLSimpleApplication@5b794cfe
----------------- Done invoking toplevel() on ptolemy.moml.MoMLSimpleApplication@5b794cfe
reloadAllAccessors: .LevinsonDurbin

===========================================================================================
----------------- testing Thu Sep 10 15:45:01 UTC 2020 /home/travis/build/icyphy/ptII/ptolemy/actor/lib/test/auto/LevinsonDurbin2.xml
----------------- Instantiating /home/travis/build/icyphy/ptII/ptolemy/actor/lib/test/auto/LevinsonDurbin2.xml
2 ms. Memory: 441344K Free: 315688K (72%)
----------------- Invoking toplevel() on ptolemy.moml.MoMLSimpleApplication@6c593923
----------------- Done invoking toplevel() on ptolemy.moml.MoMLSimpleApplication@6c593923
reloadAllAccessors: .LevinsonDurbin2

===========================================================================================
----------------- testing Thu Sep 10 15:45:01 UTC 2020 /home/travis/build/icyphy/ptII/ptolemy/actor/lib/test/auto/LevinsonDurbin3.xml
----------------- Instantiating /home/travis/build/icyphy/ptII/ptolemy/actor/lib/test/auto/LevinsonDurbin3.xml
2 ms. Memory: 441344K Free: 312106K (71%)
----------------- Invoking toplevel() on ptolemy.moml.MoMLSimpleApplication@3ab8998a
----------------- Done invoking toplevel() on ptolemy.moml.MoMLSimpleApplication@3ab8998a
reloadAllAccessors: .LevinsonDurbin3

===========================================================================================
----------------- testing Thu Sep 10 15:45:01 UTC 2020 /home/travis/build/icyphy/ptII/ptolemy/actor/lib/test/auto/Limiter.xml
----------------- Instantiating /home/travis/build/icyphy/ptII/ptolemy/actor/lib/test/auto/Limiter.xml
4 ms. Memory: 441344K Free: 302890K (69%)
----------------- Invoking toplevel() on ptolemy.moml.MoMLSimpleApplication@5faf9513
----------------- Done invoking toplevel() on ptolemy.moml.MoMLSimpleApplication@5faf9513
reloadAllAccessors: .Limiter

===========================================================================================
----------------- testing Thu Sep 10 15:45:01 UTC 2020 /home/travis/build/icyphy/ptII/ptolemy/actor/lib/test/auto/LinearDifferenceEquationSystem.xml
----------------- Instantiating /home/travis/build/icyphy/ptII/ptolemy/actor/lib/test/auto/LinearDifferenceEquationSystem.xml
16 ms. Memory: 441344K Free: 295208K (67%)
----------------- Invoking toplevel() on ptolemy.moml.MoMLSimpleApplication@5e0ffeca
----------------- Done invoking toplevel() on ptolemy.moml.MoMLSimpleApplication@5e0ffeca
reloadAllAccessors: .LinearDifferenceEquationSystem

===========================================================================================
----------------- testing Thu Sep 10 15:45:01 UTC 2020 /home/travis/build/icyphy/ptII/ptolemy/actor/lib/test/auto/LookupTable.xml
----------------- Instantiating /home/travis/build/icyphy/ptII/ptolemy/actor/lib/test/auto/LookupTable.xml
2 ms. Memory: 441344K Free: 290602K (66%)
----------------- Invoking toplevel() on ptolemy.moml.MoMLSimpleApplication@50e2a864
----------------- Done invoking toplevel() on ptolemy.moml.MoMLSimpleApplication@50e2a864
reloadAllAccessors: .LookupTable

===========================================================================================
----------------- testing Thu Sep 10 15:45:01 UTC 2020 /home/travis/build/icyphy/ptII/ptolemy/actor/lib/test/auto/MathFunction.xml
----------------- Instantiating /home/travis/build/icyphy/ptII/ptolemy/actor/lib/test/auto/MathFunction.xml
3 ms. Memory: 441344K Free: 282410K (64%)
----------------- Invoking toplevel() on ptolemy.moml.MoMLSimpleApplication@7f4c1747
----------------- Done invoking toplevel() on ptolemy.moml.MoMLSimpleApplication@7f4c1747
reloadAllAccessors: .MathFunction

===========================================================================================
----------------- testing Thu Sep 10 15:45:01 UTC 2020 /home/travis/build/icyphy/ptII/ptolemy/actor/lib/test/auto/MathFunction2.xml
----------------- Instantiating /home/travis/build/icyphy/ptII/ptolemy/actor/lib/test/auto/MathFunction2.xml
1 ms. Memory: 441344K Free: 278314K (63%)
----------------- Invoking toplevel() on ptolemy.moml.MoMLSimpleApplication@108c5eec
----------------- Done invoking toplevel() on ptolemy.moml.MoMLSimpleApplication@108c5eec
reloadAllAccessors: .MathFunction2

===========================================================================================
----------------- testing Thu Sep 10 15:45:01 UTC 2020 /home/travis/build/icyphy/ptII/ptolemy/actor/lib/test/auto/MathFunction3.xml
----------------- Instantiating /home/travis/build/icyphy/ptII/ptolemy/actor/lib/test/auto/MathFunction3.xml
2 ms. Memory: 441344K Free: 271146K (61%)
----------------- Invoking toplevel() on ptolemy.moml.MoMLSimpleApplication@6bb87408
----------------- Done invoking toplevel() on ptolemy.moml.MoMLSimpleApplication@6bb87408
reloadAllAccessors: .MathFunction3

===========================================================================================
----------------- testing Thu Sep 10 15:45:01 UTC 2020 /home/travis/build/icyphy/ptII/ptolemy/actor/lib/test/auto/MatrixCropBoolean.xml
----------------- Instantiating /home/travis/build/icyphy/ptII/ptolemy/actor/lib/test/auto/MatrixCropBoolean.xml
2 ms. Memory: 441344K Free: 266026K (60%)
----------------- Invoking toplevel() on ptolemy.moml.MoMLSimpleApplication@4b602ce9
----------------- Done invoking toplevel() on ptolemy.moml.MoMLSimpleApplication@4b602ce9
reloadAllAccessors: .MatrixCropBoolean

===========================================================================================
----------------- testing Thu Sep 10 15:45:01 UTC 2020 /home/travis/build/icyphy/ptII/ptolemy/actor/lib/test/auto/MatrixCropComplex.xml
----------------- Instantiating /home/travis/build/icyphy/ptII/ptolemy/actor/lib/test/auto/MatrixCropComplex.xml
2 ms. Memory: 441344K Free: 261410K (59%)
----------------- Invoking toplevel() on ptolemy.moml.MoMLSimpleApplication@7aa73fe5
----------------- Done invoking toplevel() on ptolemy.moml.MoMLSimpleApplication@7aa73fe5
reloadAllAccessors: .MatrixCropComplex

===========================================================================================
----------------- testing Thu Sep 10 15:45:01 UTC 2020 /home/travis/build/icyphy/ptII/ptolemy/actor/lib/test/auto/MatrixCropDouble.xml
----------------- Instantiating /home/travis/build/icyphy/ptII/ptolemy/actor/lib/test/auto/MatrixCropDouble.xml
2 ms. Memory: 441344K Free: 256290K (58%)
----------------- Invoking toplevel() on ptolemy.moml.MoMLSimpleApplication@19bf768b
----------------- Done invoking toplevel() on ptolemy.moml.MoMLSimpleApplication@19bf768b
reloadAllAccessors: .MatrixCropDouble

===========================================================================================
----------------- testing Thu Sep 10 15:45:01 UTC 2020 /home/travis/build/icyphy/ptII/ptolemy/actor/lib/test/auto/MatrixCropFix.xml
----------------- Instantiating /home/travis/build/icyphy/ptII/ptolemy/actor/lib/test/auto/MatrixCropFix.xml
2 ms. Memory: 441344K Free: 251162K (57%)
----------------- Invoking toplevel() on ptolemy.moml.MoMLSimpleApplication@2db39403
----------------- Done invoking toplevel() on ptolemy.moml.MoMLSimpleApplication@2db39403
reloadAllAccessors: .MatrixCropFix

===========================================================================================
----------------- testing Thu Sep 10 15:45:01 UTC 2020 /home/travis/build/icyphy/ptII/ptolemy/actor/lib/test/auto/MatrixCropInt.xml
----------------- Instantiating /home/travis/build/icyphy/ptII/ptolemy/actor/lib/test/auto/MatrixCropInt.xml
2 ms. Memory: 441344K Free: 246026K (56%)
----------------- Invoking toplevel() on ptolemy.moml.MoMLSimpleApplication@6bf5406a
----------------- Done invoking toplevel() on ptolemy.moml.MoMLSimpleApplication@6bf5406a
reloadAllAccessors: .MatrixCropInt

===========================================================================================
----------------- testing Thu Sep 10 15:45:01 UTC 2020 /home/travis/build/icyphy/ptII/ptolemy/actor/lib/test/auto/MatrixCropLong.xml
----------------- Instantiating /home/travis/build/icyphy/ptII/ptolemy/actor/lib/test/auto/MatrixCropLong.xml
1 ms. Memory: 441344K Free: 240906K (55%)
----------------- Invoking toplevel() on ptolemy.moml.MoMLSimpleApplication@1cb91115
----------------- Done invoking toplevel() on ptolemy.moml.MoMLSimpleApplication@1cb91115
reloadAllAccessors: .MatrixCropLong

===========================================================================================
----------------- testing Thu Sep 10 15:45:01 UTC 2020 /home/travis/build/icyphy/ptII/ptolemy/actor/lib/test/auto/MatrixToArray.xml
----------------- Instantiating /home/travis/build/icyphy/ptII/ptolemy/actor/lib/test/auto/MatrixToArray.xml
7 ms. Memory: 441344K Free: 226090K (51%)
----------------- Invoking toplevel() on ptolemy.moml.MoMLSimpleApplication@167167c2
----------------- Done invoking toplevel() on ptolemy.moml.MoMLSimpleApplication@167167c2
reloadAllAccessors: .MatrixToArray

===========================================================================================
----------------- testing Thu Sep 10 15:45:01 UTC 2020 /home/travis/build/icyphy/ptII/ptolemy/actor/lib/test/auto/MaxIndex.xml
----------------- Instantiating /home/travis/build/icyphy/ptII/ptolemy/actor/lib/test/auto/MaxIndex.xml
2 ms. Memory: 441344K Free: 220970K (50%)
----------------- Invoking toplevel() on ptolemy.moml.MoMLSimpleApplication@17d5be2f
----------------- Done invoking toplevel() on ptolemy.moml.MoMLSimpleApplication@17d5be2f
reloadAllAccessors: .MaxIndex

===========================================================================================
----------------- testing Thu Sep 10 15:45:01 UTC 2020 /home/travis/build/icyphy/ptII/ptolemy/actor/lib/test/auto/Maximum.xml
----------------- Instantiating /home/travis/build/icyphy/ptII/ptolemy/actor/lib/test/auto/Maximum.xml
3 ms. Memory: 441344K Free: 214282K (49%)
----------------- Invoking toplevel() on ptolemy.moml.MoMLSimpleApplication@89e1802
----------------- Done invoking toplevel() on ptolemy.moml.MoMLSimpleApplication@89e1802
reloadAllAccessors: .Maximum

===========================================================================================
----------------- testing Thu Sep 10 15:45:01 UTC 2020 /home/travis/build/icyphy/ptII/ptolemy/actor/lib/test/auto/MaximumComplex.xml
----------------- Instantiating /home/travis/build/icyphy/ptII/ptolemy/actor/lib/test/auto/MaximumComplex.xml
4 ms. Memory: 441344K Free: 208168K (47%)
----------------- Invoking toplevel() on ptolemy.moml.MoMLSimpleApplication@51413467
----------------- Done invoking toplevel() on ptolemy.moml.MoMLSimpleApplication@51413467
reloadAllAccessors: .MaximumComplex

===========================================================================================
----------------- testing Thu Sep 10 15:45:01 UTC 2020 /home/travis/build/icyphy/ptII/ptolemy/actor/lib/test/auto/MethodCallTest.xml
----------------- Instantiating /home/travis/build/icyphy/ptII/ptolemy/actor/lib/test/auto/MethodCallTest.xml
2 ms. Memory: 441344K Free: 201514K (46%)
----------------- Invoking toplevel() on ptolemy.moml.MoMLSimpleApplication@3bbe01d4
----------------- Done invoking toplevel() on ptolemy.moml.MoMLSimpleApplication@3bbe01d4
reloadAllAccessors: .MethodCallTest

===========================================================================================
----------------- testing Thu Sep 10 15:45:01 UTC 2020 /home/travis/build/icyphy/ptII/ptolemy/actor/lib/test/auto/Minimum.xml
----------------- Instantiating /home/travis/build/icyphy/ptII/ptolemy/actor/lib/test/auto/Minimum.xml
3 ms. Memory: 441344K Free: 194842K (44%)
----------------- Invoking toplevel() on ptolemy.moml.MoMLSimpleApplication@e14eaa1
----------------- Done invoking toplevel() on ptolemy.moml.MoMLSimpleApplication@e14eaa1
reloadAllAccessors: .Minimum

===========================================================================================
----------------- testing Thu Sep 10 15:45:01 UTC 2020 /home/travis/build/icyphy/ptII/ptolemy/actor/lib/test/auto/MinimumComplex.xml
----------------- Instantiating /home/travis/build/icyphy/ptII/ptolemy/actor/lib/test/auto/MinimumComplex.xml
3 ms. Memory: 441344K Free: 188698K (43%)
----------------- Invoking toplevel() on ptolemy.moml.MoMLSimpleApplication@1652d8dc
----------------- Done invoking toplevel() on ptolemy.moml.MoMLSimpleApplication@1652d8dc
reloadAllAccessors: .MinimumComplex

===========================================================================================
----------------- testing Thu Sep 10 15:45:01 UTC 2020 /home/travis/build/icyphy/ptII/ptolemy/actor/lib/test/auto/MinimumMultiports.xml
----------------- Instantiating /home/travis/build/icyphy/ptII/ptolemy/actor/lib/test/auto/MinimumMultiports.xml
3 ms. Memory: 441344K Free: 180010K (41%)
----------------- Invoking toplevel() on ptolemy.moml.MoMLSimpleApplication@25fa4945
----------------- Done invoking toplevel() on ptolemy.moml.MoMLSimpleApplication@25fa4945
reloadAllAccessors: .MinimumMultiports

===========================================================================================
----------------- testing Thu Sep 10 15:45:01 UTC 2020 /home/travis/build/icyphy/ptII/ptolemy/actor/lib/test/auto/ModifyDate.xml
----------------- Instantiating /home/travis/build/icyphy/ptII/ptolemy/actor/lib/test/auto/ModifyDate.xml
9 ms. Memory: 441344K Free: 167208K (38%)
----------------- Invoking toplevel() on ptolemy.moml.MoMLSimpleApplication@3385fa15
----------------- Done invoking toplevel() on ptolemy.moml.MoMLSimpleApplication@3385fa15
reloadAllAccessors: .ModifyDate

===========================================================================================
----------------- testing Thu Sep 10 15:45:01 UTC 2020 /home/travis/build/icyphy/ptII/ptolemy/actor/lib/test/auto/ModifyDate2.xml
----------------- Instantiating /home/travis/build/icyphy/ptII/ptolemy/actor/lib/test/auto/ModifyDate2.xml
3 ms. Memory: 441344K Free: 158506K (36%)
----------------- Invoking toplevel() on ptolemy.moml.MoMLSimpleApplication@3cfba457
----------------- Done invoking toplevel() on ptolemy.moml.MoMLSimpleApplication@3cfba457
reloadAllAccessors: .ModifyDate2

===========================================================================================
----------------- testing Thu Sep 10 15:45:02 UTC 2020 /home/travis/build/icyphy/ptII/ptolemy/actor/lib/test/auto/MovingAverage.xml
----------------- Instantiating /home/travis/build/icyphy/ptII/ptolemy/actor/lib/test/auto/MovingAverage.xml
1 ms. Memory: 441344K Free: 153386K (35%)
----------------- Invoking toplevel() on ptolemy.moml.MoMLSimpleApplication@2beffb63
----------------- Done invoking toplevel() on ptolemy.moml.MoMLSimpleApplication@2beffb63
reloadAllAccessors: .MovingAverage

===========================================================================================
----------------- testing Thu Sep 10 15:45:02 UTC 2020 /home/travis/build/icyphy/ptII/ptolemy/actor/lib/test/auto/MovingMaximum.xml
----------------- Instantiating /home/travis/build/icyphy/ptII/ptolemy/actor/lib/test/auto/MovingMaximum.xml
2 ms. Memory: 441344K Free: 148776K (34%)
----------------- Invoking toplevel() on ptolemy.moml.MoMLSimpleApplication@68eb2021
----------------- Done invoking toplevel() on ptolemy.moml.MoMLSimpleApplication@68eb2021
reloadAllAccessors: .MovingMaximum

===========================================================================================
----------------- testing Thu Sep 10 15:45:02 UTC 2020 /home/travis/build/icyphy/ptII/ptolemy/actor/lib/test/auto/MultipleLinksToSameRelation.xml
----------------- Instantiating /home/travis/build/icyphy/ptII/ptolemy/actor/lib/test/auto/MultipleLinksToSameRelation.xml
2 ms. Memory: 441344K Free: 144680K (33%)
----------------- Invoking toplevel() on ptolemy.moml.MoMLSimpleApplication@683f62f1
----------------- Done invoking toplevel() on ptolemy.moml.MoMLSimpleApplication@683f62f1
reloadAllAccessors: .MultipleLinksToSameRelation

===========================================================================================
----------------- testing Thu Sep 10 15:45:02 UTC 2020 /home/travis/build/icyphy/ptII/ptolemy/actor/lib/test/auto/MultipleLinksToSameRelationDE.xml
----------------- Instantiating /home/travis/build/icyphy/ptII/ptolemy/actor/lib/test/auto/MultipleLinksToSameRelationDE.xml
1 ms. Memory: 441344K Free: 140074K (32%)
----------------- Invoking toplevel() on ptolemy.moml.MoMLSimpleApplication@11444723
----------------- Done invoking toplevel() on ptolemy.moml.MoMLSimpleApplication@11444723
reloadAllAccessors: .MultipleLinksToSameRelationDE

===========================================================================================
----------------- testing Thu Sep 10 15:45:02 UTC 2020 /home/travis/build/icyphy/ptII/ptolemy/actor/lib/test/auto/Multiplexor.xml
----------------- Instantiating /home/travis/build/icyphy/ptII/ptolemy/actor/lib/test/auto/Multiplexor.xml
1 ms. Memory: 441344K Free: 134440K (30%)
----------------- Invoking toplevel() on ptolemy.moml.MoMLSimpleApplication@126c58f8
----------------- Done invoking toplevel() on ptolemy.moml.MoMLSimpleApplication@126c58f8
reloadAllAccessors: .Multiplexor

===========================================================================================
----------------- testing Thu Sep 10 15:45:02 UTC 2020 /home/travis/build/icyphy/ptII/ptolemy/actor/lib/test/auto/Multiplexor1.xml
----------------- Instantiating /home/travis/build/icyphy/ptII/ptolemy/actor/lib/test/auto/Multiplexor1.xml
2 ms. Memory: 441344K Free: 128810K (29%)
----------------- Invoking toplevel() on ptolemy.moml.MoMLSimpleApplication@2c5fb2c3
----------------- Done invoking toplevel() on ptolemy.moml.MoMLSimpleApplication@2c5fb2c3
reloadAllAccessors: .Multiplexor1

===========================================================================================
----------------- testing Thu Sep 10 15:45:02 UTC 2020 /home/travis/build/icyphy/ptII/ptolemy/actor/lib/test/auto/Multiplexor2.xml
----------------- Instantiating /home/travis/build/icyphy/ptII/ptolemy/actor/lib/test/auto/Multiplexor2.xml
2 ms. Memory: 441344K Free: 381543K (86%)
----------------- Invoking toplevel() on ptolemy.moml.MoMLSimpleApplication@2005511e
----------------- Done invoking toplevel() on ptolemy.moml.MoMLSimpleApplication@2005511e
reloadAllAccessors: .Multiplexor2

===========================================================================================
----------------- testing Thu Sep 10 15:45:02 UTC 2020 /home/travis/build/icyphy/ptII/ptolemy/actor/lib/test/auto/Multiplexor3.xml
----------------- Instantiating /home/travis/build/icyphy/ptII/ptolemy/actor/lib/test/auto/Multiplexor3.xml
1 ms. Memory: 441344K Free: 377447K (86%)
----------------- Invoking toplevel() on ptolemy.moml.MoMLSimpleApplication@4796f1c3
----------------- Done invoking toplevel() on ptolemy.moml.MoMLSimpleApplication@4796f1c3
reloadAllAccessors: .Multiplexor3

===========================================================================================
----------------- testing Thu Sep 10 15:45:02 UTC 2020 /home/travis/build/icyphy/ptII/ptolemy/actor/lib/test/auto/MultiplexorDE.xml
----------------- Instantiating /home/travis/build/icyphy/ptII/ptolemy/actor/lib/test/auto/MultiplexorDE.xml
2 ms. Memory: 441344K Free: 369241K (84%)
----------------- Invoking toplevel() on ptolemy.moml.MoMLSimpleApplication@15094dea
----------------- Done invoking toplevel() on ptolemy.moml.MoMLSimpleApplication@15094dea
reloadAllAccessors: .MultiplexorDE

===========================================================================================
----------------- testing Thu Sep 10 15:45:02 UTC 2020 /home/travis/build/icyphy/ptII/ptolemy/actor/lib/test/auto/MultiportBroadcastTest.xml
----------------- Instantiating /home/travis/build/icyphy/ptII/ptolemy/actor/lib/test/auto/MultiportBroadcastTest.xml
88 ms. Memory: 441344K Free: 363105K (82%)
----------------- Invoking toplevel() on ptolemy.moml.MoMLSimpleApplication@7dc0533b
----------------- Done invoking toplevel() on ptolemy.moml.MoMLSimpleApplication@7dc0533b
reloadAllAccessors: .MultiportBroadcastTest

===========================================================================================
----------------- testing Thu Sep 10 15:45:02 UTC 2020 /home/travis/build/icyphy/ptII/ptolemy/actor/lib/test/auto/MultiportOutHangDuringGetWidth.xml
----------------- Instantiating /home/travis/build/icyphy/ptII/ptolemy/actor/lib/test/auto/MultiportOutHangDuringGetWidth.xml
4 ms. Memory: 441344K Free: 351337K (80%)
----------------- Invoking toplevel() on ptolemy.moml.MoMLSimpleApplication@78c7e38a
----------------- Done invoking toplevel() on ptolemy.moml.MoMLSimpleApplication@78c7e38a
reloadAllAccessors: .MultiportOutHangDuringGetWidth

===========================================================================================
----------------- testing Thu Sep 10 15:45:02 UTC 2020 /home/travis/build/icyphy/ptII/ptolemy/actor/lib/test/auto/NilToken.xml
----------------- Instantiating /home/travis/build/icyphy/ptII/ptolemy/actor/lib/test/auto/NilToken.xml
1 ms. Memory: 441344K Free: 347241K (79%)
----------------- Invoking toplevel() on ptolemy.moml.MoMLSimpleApplication@44a172ca
----------------- Done invoking toplevel() on ptolemy.moml.MoMLSimpleApplication@44a172ca
reloadAllAccessors: .NilToken

===========================================================================================
----------------- testing Thu Sep 10 15:45:02 UTC 2020 /home/travis/build/icyphy/ptII/ptolemy/actor/lib/test/auto/NilTokenNonStrictTest.xml
----------------- Instantiating /home/travis/build/icyphy/ptII/ptolemy/actor/lib/test/auto/NilTokenNonStrictTest.xml
1 ms. Memory: 441344K Free: 342631K (78%)
----------------- Invoking toplevel() on ptolemy.moml.MoMLSimpleApplication@3e9a3fd3
----------------- Done invoking toplevel() on ptolemy.moml.MoMLSimpleApplication@3e9a3fd3
reloadAllAccessors: .NilTokenNonStrictTest

===========================================================================================
----------------- testing Thu Sep 10 15:45:02 UTC 2020 /home/travis/build/icyphy/ptII/ptolemy/actor/lib/test/auto/NilTokenRecord.xml
----------------- Instantiating /home/travis/build/icyphy/ptII/ptolemy/actor/lib/test/auto/NilTokenRecord.xml
5 ms. Memory: 441344K Free: 335977K (76%)
----------------- Invoking toplevel() on ptolemy.moml.MoMLSimpleApplication@1dbce0f5
----------------- Done invoking toplevel() on ptolemy.moml.MoMLSimpleApplication@1dbce0f5
reloadAllAccessors: .NilTokenRecord

===========================================================================================
----------------- testing Thu Sep 10 15:45:02 UTC 2020 /home/travis/build/icyphy/ptII/ptolemy/actor/lib/test/auto/NilTokenTypeTest.xml
----------------- Instantiating /home/travis/build/icyphy/ptII/ptolemy/actor/lib/test/auto/NilTokenTypeTest.xml
10 ms. Memory: 441344K Free: 326247K (74%)
----------------- Invoking toplevel() on ptolemy.moml.MoMLSimpleApplication@3020a4f5
----------------- Done invoking toplevel() on ptolemy.moml.MoMLSimpleApplication@3020a4f5
reloadAllAccessors: .NilTokenTypeTest

===========================================================================================
----------------- testing Thu Sep 10 15:45:02 UTC 2020 /home/travis/build/icyphy/ptII/ptolemy/actor/lib/test/auto/ObjectToken1.xml
----------------- Instantiating /home/travis/build/icyphy/ptII/ptolemy/actor/lib/test/auto/ObjectToken1.xml
2 ms. Memory: 441344K Free: 322151K (73%)
----------------- Invoking toplevel() on ptolemy.moml.MoMLSimpleApplication@3e6c6d03
----------------- Done invoking toplevel() on ptolemy.moml.MoMLSimpleApplication@3e6c6d03
reloadAllAccessors: .ObjectToken1

===========================================================================================
----------------- testing Thu Sep 10 15:45:02 UTC 2020 /home/travis/build/icyphy/ptII/ptolemy/actor/lib/test/auto/OrderedMerge.xml
----------------- Instantiating /home/travis/build/icyphy/ptII/ptolemy/actor/lib/test/auto/OrderedMerge.xml
16 ms. Memory: 441344K Free: 316521K (72%)
----------------- Invoking toplevel() on ptolemy.moml.MoMLSimpleApplication@4d3b1daa
----------------- Done invoking toplevel() on ptolemy.moml.MoMLSimpleApplication@4d3b1daa
reloadAllAccessors: .OrderedMerge

===========================================================================================
----------------- testing Thu Sep 10 15:45:02 UTC 2020 /home/travis/build/icyphy/ptII/ptolemy/actor/lib/test/auto/OrderedRecordDisassembler.xml
----------------- Instantiating /home/travis/build/icyphy/ptII/ptolemy/actor/lib/test/auto/OrderedRecordDisassembler.xml
3 ms. Memory: 441344K Free: 311401K (71%)
----------------- Invoking toplevel() on ptolemy.moml.MoMLSimpleApplication@6587bb4
----------------- Done invoking toplevel() on ptolemy.moml.MoMLSimpleApplication@6587bb4
reloadAllAccessors: .OrderedRecordDisassembler

===========================================================================================
----------------- testing Thu Sep 10 15:45:02 UTC 2020 /home/travis/build/icyphy/ptII/ptolemy/actor/lib/test/auto/OrderedRecordDisassembler2.xml
----------------- Instantiating /home/travis/build/icyphy/ptII/ptolemy/actor/lib/test/auto/OrderedRecordDisassembler2.xml
4 ms. Memory: 441344K Free: 303705K (69%)
----------------- Invoking toplevel() on ptolemy.moml.MoMLSimpleApplication@2d80423a
----------------- Done invoking toplevel() on ptolemy.moml.MoMLSimpleApplication@2d80423a
reloadAllAccessors: .OrderedRecordDisassembler2

===========================================================================================
----------------- testing Thu Sep 10 15:45:02 UTC 2020 /home/travis/build/icyphy/ptII/ptolemy/actor/lib/test/auto/OrderedRecordUpdater.xml
----------------- Instantiating /home/travis/build/icyphy/ptII/ptolemy/actor/lib/test/auto/OrderedRecordUpdater.xml
2 ms. Memory: 441344K Free: 298599K (68%)
----------------- Invoking toplevel() on ptolemy.moml.MoMLSimpleApplication@5f9454ee
----------------- Done invoking toplevel() on ptolemy.moml.MoMLSimpleApplication@5f9454ee
reloadAllAccessors: .RecordUpdater

===========================================================================================
----------------- testing Thu Sep 10 15:45:02 UTC 2020 /home/travis/build/icyphy/ptII/ptolemy/actor/lib/test/auto/OrderedRecordUpdater2.xml
----------------- Instantiating /home/travis/build/icyphy/ptII/ptolemy/actor/lib/test/auto/OrderedRecordUpdater2.xml
3 ms. Memory: 441344K Free: 293993K (67%)
----------------- Invoking toplevel() on ptolemy.moml.MoMLSimpleApplication@400175a
----------------- Done invoking toplevel() on ptolemy.moml.MoMLSimpleApplication@400175a
reloadAllAccessors: .RecordUpdater2

===========================================================================================
----------------- testing Thu Sep 10 15:45:02 UTC 2020 /home/travis/build/icyphy/ptII/ptolemy/actor/lib/test/auto/PhaseUnwrap.xml
----------------- Instantiating /home/travis/build/icyphy/ptII/ptolemy/actor/lib/test/auto/PhaseUnwrap.xml
2 ms. Memory: 441344K Free: 289383K (66%)
----------------- Invoking toplevel() on ptolemy.moml.MoMLSimpleApplication@2c5f2f0c
----------------- Done invoking toplevel() on ptolemy.moml.MoMLSimpleApplication@2c5f2f0c
reloadAllAccessors: .PhaseUnwrap

===========================================================================================
----------------- testing Thu Sep 10 15:45:02 UTC 2020 /home/travis/build/icyphy/ptII/ptolemy/actor/lib/test/auto/PoissonClock.xml
----------------- Instantiating /home/travis/build/icyphy/ptII/ptolemy/actor/lib/test/auto/PoissonClock.xml
1 ms. Memory: 441344K Free: 285287K (65%)
----------------- Invoking toplevel() on ptolemy.moml.MoMLSimpleApplication@cd4fda2
----------------- Done invoking toplevel() on ptolemy.moml.MoMLSimpleApplication@cd4fda2
reloadAllAccessors: .PoissonClock

===========================================================================================
----------------- testing Thu Sep 10 15:45:02 UTC 2020 /home/travis/build/icyphy/ptII/ptolemy/actor/lib/test/auto/PoissonClock2.xml
----------------- Instantiating /home/travis/build/icyphy/ptII/ptolemy/actor/lib/test/auto/PoissonClock2.xml
1 ms. Memory: 441344K Free: 280167K (63%)
----------------- Invoking toplevel() on ptolemy.moml.MoMLSimpleApplication@3ac0ed4
----------------- Done invoking toplevel() on ptolemy.moml.MoMLSimpleApplication@3ac0ed4
reloadAllAccessors: .PoissonClock2

===========================================================================================
----------------- testing Thu Sep 10 15:45:02 UTC 2020 /home/travis/build/icyphy/ptII/ptolemy/actor/lib/test/auto/PoissonClock3.xml
----------------- Instantiating /home/travis/build/icyphy/ptII/ptolemy/actor/lib/test/auto/PoissonClock3.xml
2 ms. Memory: 441344K Free: 275561K (62%)
----------------- Invoking toplevel() on ptolemy.moml.MoMLSimpleApplication@18517117
----------------- Done invoking toplevel() on ptolemy.moml.MoMLSimpleApplication@18517117
reloadAllAccessors: .PoissonClock3

===========================================================================================
----------------- testing Thu Sep 10 15:45:02 UTC 2020 /home/travis/build/icyphy/ptII/ptolemy/actor/lib/test/auto/PubSubWithInitialTokens.xml
----------------- Instantiating /home/travis/build/icyphy/ptII/ptolemy/actor/lib/test/auto/PubSubWithInitialTokens.xml
2 ms. Memory: 441344K Free: 269897K (61%)
----------------- Invoking toplevel() on ptolemy.moml.MoMLSimpleApplication@3a456f11
----------------- Done invoking toplevel() on ptolemy.moml.MoMLSimpleApplication@3a456f11
reloadAllAccessors: .PubSubWithInitialTokens

===========================================================================================
----------------- testing Thu Sep 10 15:45:02 UTC 2020 /home/travis/build/icyphy/ptII/ptolemy/actor/lib/test/auto/PubSubWithInitialTokens2.xml
----------------- Instantiating /home/travis/build/icyphy/ptII/ptolemy/actor/lib/test/auto/PubSubWithInitialTokens2.xml
1 ms. Memory: 441344K Free: 263777K (60%)
----------------- Invoking toplevel() on ptolemy.moml.MoMLSimpleApplication@4e279029
----------------- Done invoking toplevel() on ptolemy.moml.MoMLSimpleApplication@4e279029
reloadAllAccessors: .PubSubWithInitialTokens2

===========================================================================================
----------------- testing Thu Sep 10 15:45:02 UTC 2020 /home/travis/build/icyphy/ptII/ptolemy/actor/lib/test/auto/PublisherClassNoParameter.xml
----------------- Instantiating /home/travis/build/icyphy/ptII/ptolemy/actor/lib/test/auto/PublisherClassNoParameter.xml
2 ms. Memory: 441344K Free: 254057K (58%)
----------------- Invoking toplevel() on ptolemy.moml.MoMLSimpleApplication@c10c690
----------------- Done invoking toplevel() on ptolemy.moml.MoMLSimpleApplication@c10c690
reloadAllAccessors: .PublisherClassNoParameter

===========================================================================================
----------------- testing Thu Sep 10 15:45:02 UTC 2020 /home/travis/build/icyphy/ptII/ptolemy/actor/lib/test/auto/PublisherClassParameter.xml
----------------- Instantiating /home/travis/build/icyphy/ptII/ptolemy/actor/lib/test/auto/PublisherClassParameter.xml
2 ms. Memory: 441344K Free: 243817K (55%)
----------------- Invoking toplevel() on ptolemy.moml.MoMLSimpleApplication@1618777a
----------------- Done invoking toplevel() on ptolemy.moml.MoMLSimpleApplication@1618777a
reloadAllAccessors: .PublisherClassParameter

===========================================================================================
----------------- testing Thu Sep 10 15:45:02 UTC 2020 /home/travis/build/icyphy/ptII/ptolemy/actor/lib/test/auto/PublisherNonStrictTest.xml
----------------- Instantiating /home/travis/build/icyphy/ptII/ptolemy/actor/lib/test/auto/PublisherNonStrictTest.xml
3 ms. Memory: 441344K Free: 236129K (54%)
----------------- Invoking toplevel() on ptolemy.moml.MoMLSimpleApplication@2e625e86
----------------- Done invoking toplevel() on ptolemy.moml.MoMLSimpleApplication@2e625e86
reloadAllAccessors: .PublisherNonStrictTest

===========================================================================================
----------------- testing Thu Sep 10 15:45:02 UTC 2020 /home/travis/build/icyphy/ptII/ptolemy/actor/lib/test/auto/PublisherPort1.xml
----------------- Instantiating /home/travis/build/icyphy/ptII/ptolemy/actor/lib/test/auto/PublisherPort1.xml
13 ms. Memory: 441344K Free: 230505K (52%)
----------------- Invoking toplevel() on ptolemy.moml.MoMLSimpleApplication@55246286
----------------- Done invoking toplevel() on ptolemy.moml.MoMLSimpleApplication@55246286
reloadAllAccessors: .PublisherPort1

===========================================================================================
----------------- testing Thu Sep 10 15:45:02 UTC 2020 /home/travis/build/icyphy/ptII/ptolemy/actor/lib/test/auto/PublisherPort2.xml
----------------- Instantiating /home/travis/build/icyphy/ptII/ptolemy/actor/lib/test/auto/PublisherPort2.xml
2 ms. Memory: 441344K Free: 225385K (51%)
----------------- Invoking toplevel() on ptolemy.moml.MoMLSimpleApplication@6b7dc65e
----------------- Done invoking toplevel() on ptolemy.moml.MoMLSimpleApplication@6b7dc65e
reloadAllAccessors: .PublisherPort2

===========================================================================================
----------------- testing Thu Sep 10 15:45:02 UTC 2020 /home/travis/build/icyphy/ptII/ptolemy/actor/lib/test/auto/PublisherPort3.xml
----------------- Instantiating /home/travis/build/icyphy/ptII/ptolemy/actor/lib/test/auto/PublisherPort3.xml
3 ms. Memory: 441344K Free: 218697K (50%)
----------------- Invoking toplevel() on ptolemy.moml.MoMLSimpleApplication@d884a58
----------------- Done invoking toplevel() on ptolemy.moml.MoMLSimpleApplication@d884a58
reloadAllAccessors: .PublisherPort3

===========================================================================================
----------------- testing Thu Sep 10 15:45:02 UTC 2020 /home/travis/build/icyphy/ptII/ptolemy/actor/lib/test/auto/PublisherPort4.xml
----------------- Instantiating /home/travis/build/icyphy/ptII/ptolemy/actor/lib/test/auto/PublisherPort4.xml
2 ms. Memory: 441344K Free: 213097K (48%)
----------------- Invoking toplevel() on ptolemy.moml.MoMLSimpleApplication@7004295c
----------------- Done invoking toplevel() on ptolemy.moml.MoMLSimpleApplication@7004295c
reloadAllAccessors: .PublisherPort4

===========================================================================================
----------------- testing Thu Sep 10 15:45:02 UTC 2020 /home/travis/build/icyphy/ptII/ptolemy/actor/lib/test/auto/PublisherPort5.xml
----------------- Instantiating /home/travis/build/icyphy/ptII/ptolemy/actor/lib/test/auto/PublisherPort5.xml
3 ms. Memory: 441344K Free: 205415K (47%)
----------------- Invoking toplevel() on ptolemy.moml.MoMLSimpleApplication@368af67d
----------------- Done invoking toplevel() on ptolemy.moml.MoMLSimpleApplication@368af67d
reloadAllAccessors: .PublisherPort5

===========================================================================================
----------------- testing Thu Sep 10 15:45:02 UTC 2020 /home/travis/build/icyphy/ptII/ptolemy/actor/lib/test/auto/PublisherPort5LookAlike.xml
----------------- Instantiating /home/travis/build/icyphy/ptII/ptolemy/actor/lib/test/auto/PublisherPort5LookAlike.xml
8 ms. Memory: 441344K Free: 197223K (45%)
----------------- Invoking toplevel() on ptolemy.moml.MoMLSimpleApplication@3ec75398
----------------- Done invoking toplevel() on ptolemy.moml.MoMLSimpleApplication@3ec75398
reloadAllAccessors: .PublisherPort5LookAlike

===========================================================================================
----------------- testing Thu Sep 10 15:45:02 UTC 2020 /home/travis/build/icyphy/ptII/ptolemy/actor/lib/test/auto/PublisherPort6.xml
----------------- Instantiating /home/travis/build/icyphy/ptII/ptolemy/actor/lib/test/auto/PublisherPort6.xml
2 ms. Memory: 441344K Free: 190569K (43%)
----------------- Invoking toplevel() on ptolemy.moml.MoMLSimpleApplication@5797a90e
----------------- Done invoking toplevel() on ptolemy.moml.MoMLSimpleApplication@5797a90e
reloadAllAccessors: .PublisherPort6

===========================================================================================
----------------- testing Thu Sep 10 15:45:02 UTC 2020 /home/travis/build/icyphy/ptII/ptolemy/actor/lib/test/auto/PublisherPort7.xml
----------------- Instantiating /home/travis/build/icyphy/ptII/ptolemy/actor/lib/test/auto/PublisherPort7.xml
3 ms. Memory: 441344K Free: 182887K (41%)
----------------- Invoking toplevel() on ptolemy.moml.MoMLSimpleApplication@31a9ae5e
----------------- Done invoking toplevel() on ptolemy.moml.MoMLSimpleApplication@31a9ae5e
reloadAllAccessors: .PublisherPort7

===========================================================================================
----------------- testing Thu Sep 10 15:45:02 UTC 2020 /home/travis/build/icyphy/ptII/ptolemy/actor/lib/test/auto/PublisherPort8.xml
----------------- Instantiating /home/travis/build/icyphy/ptII/ptolemy/actor/lib/test/auto/PublisherPort8.xml
4 ms. Memory: 441344K Free: 174185K (39%)
----------------- Invoking toplevel() on ptolemy.moml.MoMLSimpleApplication@17d7fb22
----------------- Done invoking toplevel() on ptolemy.moml.MoMLSimpleApplication@17d7fb22
reloadAllAccessors: .PublisherPort8

===========================================================================================
----------------- testing Thu Sep 10 15:45:02 UTC 2020 /home/travis/build/icyphy/ptII/ptolemy/actor/lib/test/auto/PublisherPortSubscriberChannelVariablesAOC2.xml
----------------- Instantiating /home/travis/build/icyphy/ptII/ptolemy/actor/lib/test/auto/PublisherPortSubscriberChannelVariablesAOC2.xml
2 ms. Memory: 441344K Free: 156777K (36%)
----------------- Invoking toplevel() on ptolemy.moml.MoMLSimpleApplication@96e4581
----------------- Done invoking toplevel() on ptolemy.moml.MoMLSimpleApplication@96e4581
reloadAllAccessors: .PublisherPortSubscriberChannelVariablesAOC2

===========================================================================================
----------------- testing Thu Sep 10 15:45:02 UTC 2020 /home/travis/build/icyphy/ptII/ptolemy/actor/lib/test/auto/PublisherPortSubscriberOpaqueWidthInference.xml
----------------- Instantiating /home/travis/build/icyphy/ptII/ptolemy/actor/lib/test/auto/PublisherPortSubscriberOpaqueWidthInference.xml
4 ms. Memory: 441344K Free: 149081K (34%)
----------------- Invoking toplevel() on ptolemy.moml.MoMLSimpleApplication@2fecd3bb
----------------- Done invoking toplevel() on ptolemy.moml.MoMLSimpleApplication@2fecd3bb
reloadAllAccessors: .PublisherPortSubscriberOpaqueWidthInference

===========================================================================================
----------------- testing Thu Sep 10 15:45:02 UTC 2020 /home/travis/build/icyphy/ptII/ptolemy/actor/lib/test/auto/PublisherPortSubscriberPortAdjacent.xml
----------------- Instantiating /home/travis/build/icyphy/ptII/ptolemy/actor/lib/test/auto/PublisherPortSubscriberPortAdjacent.xml
2 ms. Memory: 441344K Free: 140903K (32%)
----------------- Invoking toplevel() on ptolemy.moml.MoMLSimpleApplication@6640d558
----------------- Done invoking toplevel() on ptolemy.moml.MoMLSimpleApplication@6640d558
reloadAllAccessors: .PublisherPortSubscriberPortAdjacent

===========================================================================================
----------------- testing Thu Sep 10 15:45:02 UTC 2020 /home/travis/build/icyphy/ptII/ptolemy/actor/lib/test/auto/PublisherPortSubscriberPortExpression.xml
----------------- Instantiating /home/travis/build/icyphy/ptII/ptolemy/actor/lib/test/auto/PublisherPortSubscriberPortExpression.xml
3 ms. Memory: 441344K Free: 133225K (30%)
----------------- Invoking toplevel() on ptolemy.moml.MoMLSimpleApplication@13168dbe
----------------- Done invoking toplevel() on ptolemy.moml.MoMLSimpleApplication@13168dbe
reloadAllAccessors: .PublisherPortSubscriberPortExpression

===========================================================================================
----------------- testing Thu Sep 10 15:45:02 UTC 2020 /home/travis/build/icyphy/ptII/ptolemy/actor/lib/test/auto/PublisherPortSubscriberPortOpaqueD3Reverse.xml
----------------- Instantiating /home/travis/build/icyphy/ptII/ptolemy/actor/lib/test/auto/PublisherPortSubscriberPortOpaqueD3Reverse.xml
6 ms. Memory: 441344K Free: 382170K (87%)
----------------- Invoking toplevel() on ptolemy.moml.MoMLSimpleApplication@40087c10
----------------- Done invoking toplevel() on ptolemy.moml.MoMLSimpleApplication@40087c10
reloadAllAccessors: .PublisherPortSubscriberPortOpaqueD3Reverse

===========================================================================================
----------------- testing Thu Sep 10 15:45:02 UTC 2020 /home/travis/build/icyphy/ptII/ptolemy/actor/lib/test/auto/PublisherPortSubscriberPortOpaqueWidthInference.xml
----------------- Instantiating /home/travis/build/icyphy/ptII/ptolemy/actor/lib/test/auto/PublisherPortSubscriberPortOpaqueWidthInference.xml
3 ms. Memory: 441344K Free: 373964K (85%)
----------------- Invoking toplevel() on ptolemy.moml.MoMLSimpleApplication@a053780
----------------- Done invoking toplevel() on ptolemy.moml.MoMLSimpleApplication@a053780
reloadAllAccessors: .PublisherPortSubscriberPortOpaqueWidthInference

===========================================================================================
----------------- testing Thu Sep 10 15:45:02 UTC 2020 /home/travis/build/icyphy/ptII/ptolemy/actor/lib/test/auto/PublisherPortToplevelSubscriberPortAOC.xml
----------------- Instantiating /home/travis/build/icyphy/ptII/ptolemy/actor/lib/test/auto/PublisherPortToplevelSubscriberPortAOC.xml
.PublisherPortToplevelSubscriberPortAOC.TestExceptionAttribute: initialize() was not invoked, but wrapup() was.  This is unusual, but not always a problem.  For example, exporting JNLP will do this.
0 ms. Memory: 441344K Free: 368348K (83%)
----------------- Invoking toplevel() on ptolemy.moml.MoMLSimpleApplication@431ea8ba
----------------- Done invoking toplevel() on ptolemy.moml.MoMLSimpleApplication@431ea8ba
reloadAllAccessors: .PublisherPortToplevelSubscriberPortAOC

===========================================================================================
----------------- testing Thu Sep 10 15:45:03 UTC 2020 /home/travis/build/icyphy/ptII/ptolemy/actor/lib/test/auto/PublisherSubscriber.xml
----------------- Instantiating /home/travis/build/icyphy/ptII/ptolemy/actor/lib/test/auto/PublisherSubscriber.xml
2 ms. Memory: 441344K Free: 361180K (82%)
----------------- Invoking toplevel() on ptolemy.moml.MoMLSimpleApplication@62acf570
----------------- Done invoking toplevel() on ptolemy.moml.MoMLSimpleApplication@62acf570
reloadAllAccessors: .PublisherSubscriber

===========================================================================================
----------------- testing Thu Sep 10 15:45:03 UTC 2020 /home/travis/build/icyphy/ptII/ptolemy/actor/lib/test/auto/PublisherSubscriber10.xml
----------------- Instantiating /home/travis/build/icyphy/ptII/ptolemy/actor/lib/test/auto/PublisherSubscriber10.xml
6 ms. Memory: 441344K Free: 351450K (80%)
----------------- Invoking toplevel() on ptolemy.moml.MoMLSimpleApplication@5a3eb23e
----------------- Done invoking toplevel() on ptolemy.moml.MoMLSimpleApplication@5a3eb23e
reloadAllAccessors: .PublisherSubscriber10

===========================================================================================
----------------- testing Thu Sep 10 15:45:03 UTC 2020 /home/travis/build/icyphy/ptII/ptolemy/actor/lib/test/auto/PublisherSubscriber10InitialOutputs.xml
----------------- Instantiating /home/travis/build/icyphy/ptII/ptolemy/actor/lib/test/auto/PublisherSubscriber10InitialOutputs.xml
14 ms. Memory: 441344K Free: 342234K (78%)
----------------- Invoking toplevel() on ptolemy.moml.MoMLSimpleApplication@757a7dcf
----------------- Done invoking toplevel() on ptolemy.moml.MoMLSimpleApplication@757a7dcf
reloadAllAccessors: .PublisherSubscriber10InitialOutputs

===========================================================================================
----------------- testing Thu Sep 10 15:45:03 UTC 2020 /home/travis/build/icyphy/ptII/ptolemy/actor/lib/test/auto/PublisherSubscriber11.xml
----------------- Instantiating /home/travis/build/icyphy/ptII/ptolemy/actor/lib/test/auto/PublisherSubscriber11.xml
3 ms. Memory: 441344K Free: 336076K (76%)
----------------- Invoking toplevel() on ptolemy.moml.MoMLSimpleApplication@2f5be818
----------------- Done invoking toplevel() on ptolemy.moml.MoMLSimpleApplication@2f5be818
reloadAllAccessors: .PublisherSubscriber11

===========================================================================================
----------------- testing Thu Sep 10 15:45:03 UTC 2020 /home/travis/build/icyphy/ptII/ptolemy/actor/lib/test/auto/PublisherSubscriber12.xml
----------------- Instantiating /home/travis/build/icyphy/ptII/ptolemy/actor/lib/test/auto/PublisherSubscriber12.xml
3 ms. Memory: 441344K Free: 329436K (75%)
----------------- Invoking toplevel() on ptolemy.moml.MoMLSimpleApplication@1d2d7303
----------------- Done invoking toplevel() on ptolemy.moml.MoMLSimpleApplication@1d2d7303
reloadAllAccessors: .PublisherSubscriber12

===========================================================================================
----------------- testing Thu Sep 10 15:45:03 UTC 2020 /home/travis/build/icyphy/ptII/ptolemy/actor/lib/test/auto/PublisherSubscriber13.xml
----------------- Instantiating /home/travis/build/icyphy/ptII/ptolemy/actor/lib/test/auto/PublisherSubscriber13.xml
3 ms. Memory: 441344K Free: 323292K (73%)
----------------- Invoking toplevel() on ptolemy.moml.MoMLSimpleApplication@3189a0be
----------------- Done invoking toplevel() on ptolemy.moml.MoMLSimpleApplication@3189a0be
reloadAllAccessors: .PublisherSubscriber13

===========================================================================================
----------------- testing Thu Sep 10 15:45:03 UTC 2020 /home/travis/build/icyphy/ptII/ptolemy/actor/lib/test/auto/PublisherSubscriber14.xml
----------------- Instantiating /home/travis/build/icyphy/ptII/ptolemy/actor/lib/test/auto/PublisherSubscriber14.xml
2 ms. Memory: 441344K Free: 314572K (71%)
----------------- Invoking toplevel() on ptolemy.moml.MoMLSimpleApplication@15d61f14
----------------- Done invoking toplevel() on ptolemy.moml.MoMLSimpleApplication@15d61f14
reloadAllAccessors: .PublisherSubscriber14

===========================================================================================
----------------- testing Thu Sep 10 15:45:03 UTC 2020 /home/travis/build/icyphy/ptII/ptolemy/actor/lib/test/auto/PublisherSubscriber2.xml
----------------- Instantiating /home/travis/build/icyphy/ptII/ptolemy/actor/lib/test/auto/PublisherSubscriber2.xml
3 ms. Memory: 441344K Free: 308956K (70%)
----------------- Invoking toplevel() on ptolemy.moml.MoMLSimpleApplication@2f8c5575
----------------- Done invoking toplevel() on ptolemy.moml.MoMLSimpleApplication@2f8c5575
reloadAllAccessors: .PublisherSubscriber2

===========================================================================================
----------------- testing Thu Sep 10 15:45:03 UTC 2020 /home/travis/build/icyphy/ptII/ptolemy/actor/lib/test/auto/PublisherSubscriber3.xml
----------------- Instantiating /home/travis/build/icyphy/ptII/ptolemy/actor/lib/test/auto/PublisherSubscriber3.xml
2 ms. Memory: 441344K Free: 303308K (69%)
----------------- Invoking toplevel() on ptolemy.moml.MoMLSimpleApplication@2b3f2cb9
----------------- Done invoking toplevel() on ptolemy.moml.MoMLSimpleApplication@2b3f2cb9
reloadAllAccessors: .PublisherSubscriber3

===========================================================================================
----------------- testing Thu Sep 10 15:45:03 UTC 2020 /home/travis/build/icyphy/ptII/ptolemy/actor/lib/test/auto/PublisherSubscriber4.xml
----------------- Instantiating /home/travis/build/icyphy/ptII/ptolemy/actor/lib/test/auto/PublisherSubscriber4.xml
1 ms. Memory: 441344K Free: 297692K (67%)
----------------- Invoking toplevel() on ptolemy.moml.MoMLSimpleApplication@55189b68
----------------- Done invoking toplevel() on ptolemy.moml.MoMLSimpleApplication@55189b68
reloadAllAccessors: .PublisherSubscriber4

===========================================================================================
----------------- testing Thu Sep 10 15:45:03 UTC 2020 /home/travis/build/icyphy/ptII/ptolemy/actor/lib/test/auto/PublisherSubscriber5.xml
----------------- Instantiating /home/travis/build/icyphy/ptII/ptolemy/actor/lib/test/auto/PublisherSubscriber5.xml
2 ms. Memory: 441344K Free: 290524K (66%)
----------------- Invoking toplevel() on ptolemy.moml.MoMLSimpleApplication@2260fcbd
----------------- Done invoking toplevel() on ptolemy.moml.MoMLSimpleApplication@2260fcbd
reloadAllAccessors: .PublisherSubscriber5

===========================================================================================
----------------- testing Thu Sep 10 15:45:03 UTC 2020 /home/travis/build/icyphy/ptII/ptolemy/actor/lib/test/auto/PublisherSubscriber6.xml
----------------- Instantiating /home/travis/build/icyphy/ptII/ptolemy/actor/lib/test/auto/PublisherSubscriber6.xml
4 ms. Memory: 441344K Free: 283860K (64%)
----------------- Invoking toplevel() on ptolemy.moml.MoMLSimpleApplication@f71c99e
----------------- Done invoking toplevel() on ptolemy.moml.MoMLSimpleApplication@f71c99e
reloadAllAccessors: .PublisherSubscriber6

===========================================================================================
----------------- testing Thu Sep 10 15:45:03 UTC 2020 /home/travis/build/icyphy/ptII/ptolemy/actor/lib/test/auto/PublisherSubscriber7.xml
----------------- Instantiating /home/travis/build/icyphy/ptII/ptolemy/actor/lib/test/auto/PublisherSubscriber7.xml
5 ms. Memory: 441344K Free: 276188K (63%)
----------------- Invoking toplevel() on ptolemy.moml.MoMLSimpleApplication@40748484
----------------- Done invoking toplevel() on ptolemy.moml.MoMLSimpleApplication@40748484
reloadAllAccessors: .PublisherSubscriber7

===========================================================================================
----------------- testing Thu Sep 10 15:45:03 UTC 2020 /home/travis/build/icyphy/ptII/ptolemy/actor/lib/test/auto/PublisherSubscriber8.xml
----------------- Instantiating /home/travis/build/icyphy/ptII/ptolemy/actor/lib/test/auto/PublisherSubscriber8.xml
13 ms. Memory: 441344K Free: 264410K (60%)
----------------- Invoking toplevel() on ptolemy.moml.MoMLSimpleApplication@63808dff
----------------- Done invoking toplevel() on ptolemy.moml.MoMLSimpleApplication@63808dff
reloadAllAccessors: .PublisherSubscriber8

===========================================================================================
----------------- testing Thu Sep 10 15:45:03 UTC 2020 /home/travis/build/icyphy/ptII/ptolemy/actor/lib/test/auto/PublisherSubscriber9.xml
----------------- Instantiating /home/travis/build/icyphy/ptII/ptolemy/actor/lib/test/auto/PublisherSubscriber9.xml
3 ms. Memory: 441344K Free: 257242K (58%)
----------------- Invoking toplevel() on ptolemy.moml.MoMLSimpleApplication@5b168a4f
----------------- Done invoking toplevel() on ptolemy.moml.MoMLSimpleApplication@5b168a4f
reloadAllAccessors: .PublisherSubscriber9

===========================================================================================
----------------- testing Thu Sep 10 15:45:03 UTC 2020 /home/travis/build/icyphy/ptII/ptolemy/actor/lib/test/auto/PublisherSubscriberAdjacent.xml
----------------- Instantiating /home/travis/build/icyphy/ptII/ptolemy/actor/lib/test/auto/PublisherSubscriberAdjacent.xml
2 ms. Memory: 441344K Free: 249050K (56%)
----------------- Invoking toplevel() on ptolemy.moml.MoMLSimpleApplication@5bce2f78
----------------- Done invoking toplevel() on ptolemy.moml.MoMLSimpleApplication@5bce2f78
reloadAllAccessors: .PublisherSubscriberAdjacent

===========================================================================================
----------------- testing Thu Sep 10 15:45:03 UTC 2020 /home/travis/build/icyphy/ptII/ptolemy/actor/lib/test/auto/PublisherSubscriberChannelVariablesAOC2.xml
----------------- Instantiating /home/travis/build/icyphy/ptII/ptolemy/actor/lib/test/auto/PublisherSubscriberChannelVariablesAOC2.xml
4 ms. Memory: 441344K Free: 234204K (53%)
----------------- Invoking toplevel() on ptolemy.moml.MoMLSimpleApplication@5a9b2937
----------------- Done invoking toplevel() on ptolemy.moml.MoMLSimpleApplication@5a9b2937
reloadAllAccessors: .PublisherSubscriberChannelVariablesAOC2

===========================================================================================
----------------- testing Thu Sep 10 15:45:03 UTC 2020 /home/travis/build/icyphy/ptII/ptolemy/actor/lib/test/auto/PublisherSubscriberD3.xml
----------------- Instantiating /home/travis/build/icyphy/ptII/ptolemy/actor/lib/test/auto/PublisherSubscriberD3.xml
1 ms. Memory: 441344K Free: 227036K (51%)
----------------- Invoking toplevel() on ptolemy.moml.MoMLSimpleApplication@335f123b
----------------- Done invoking toplevel() on ptolemy.moml.MoMLSimpleApplication@335f123b
reloadAllAccessors: .PublisherSubscriberD3

===========================================================================================
----------------- testing Thu Sep 10 15:45:03 UTC 2020 /home/travis/build/icyphy/ptII/ptolemy/actor/lib/test/auto/PublisherSubscriberD3Reverse.xml
----------------- Instantiating /home/travis/build/icyphy/ptII/ptolemy/actor/lib/test/auto/PublisherSubscriberD3Reverse.xml
2 ms. Memory: 441344K Free: 220378K (50%)
----------------- Invoking toplevel() on ptolemy.moml.MoMLSimpleApplication@28823e8c
----------------- Done invoking toplevel() on ptolemy.moml.MoMLSimpleApplication@28823e8c
reloadAllAccessors: .PublisherSubscriberD3Reverse

===========================================================================================
----------------- testing Thu Sep 10 15:45:03 UTC 2020 /home/travis/build/icyphy/ptII/ptolemy/actor/lib/test/auto/PublisherSubscriberExpression.xml
----------------- Instantiating /home/travis/build/icyphy/ptII/ptolemy/actor/lib/test/auto/PublisherSubscriberExpression.xml
3 ms. Memory: 441344K Free: 211676K (48%)
----------------- Invoking toplevel() on ptolemy.moml.MoMLSimpleApplication@236aa9df
----------------- Done invoking toplevel() on ptolemy.moml.MoMLSimpleApplication@236aa9df
reloadAllAccessors: .PublisherSubscriberExpression

===========================================================================================
----------------- testing Thu Sep 10 15:45:03 UTC 2020 /home/travis/build/icyphy/ptII/ptolemy/actor/lib/test/auto/PublisherSubscriberOpaque.xml
----------------- Instantiating /home/travis/build/icyphy/ptII/ptolemy/actor/lib/test/auto/PublisherSubscriberOpaque.xml
3 ms. Memory: 441344K Free: 203484K (46%)
----------------- Invoking toplevel() on ptolemy.moml.MoMLSimpleApplication@6ebfbcb9
----------------- Done invoking toplevel() on ptolemy.moml.MoMLSimpleApplication@6ebfbcb9
reloadAllAccessors: .PublisherSubscriberOpaque

===========================================================================================
----------------- testing Thu Sep 10 15:45:03 UTC 2020 /home/travis/build/icyphy/ptII/ptolemy/actor/lib/test/auto/PublisherSubscriberOpaqueD3.xml
----------------- Instantiating /home/travis/build/icyphy/ptII/ptolemy/actor/lib/test/auto/PublisherSubscriberOpaqueD3.xml
6 ms. Memory: 441344K Free: 191706K (43%)
----------------- Invoking toplevel() on ptolemy.moml.MoMLSimpleApplication@3b7f5a9c
----------------- Done invoking toplevel() on ptolemy.moml.MoMLSimpleApplication@3b7f5a9c
reloadAllAccessors: .PublisherSubscriberOpaqueD3

===========================================================================================
----------------- testing Thu Sep 10 15:45:03 UTC 2020 /home/travis/build/icyphy/ptII/ptolemy/actor/lib/test/auto/PublisherSubscriberOpaqueD3Reverse.xml
----------------- Instantiating /home/travis/build/icyphy/ptII/ptolemy/actor/lib/test/auto/PublisherSubscriberOpaqueD3Reverse.xml
8 ms. Memory: 441344K Free: 181466K (41%)
----------------- Invoking toplevel() on ptolemy.moml.MoMLSimpleApplication@c54a780
----------------- Done invoking toplevel() on ptolemy.moml.MoMLSimpleApplication@c54a780
reloadAllAccessors: .PublisherSubscriberOpaqueD3Reverse

===========================================================================================
----------------- testing Thu Sep 10 15:45:03 UTC 2020 /home/travis/build/icyphy/ptII/ptolemy/actor/lib/test/auto/PublisherSubscriberOpaqueWidthInference.xml
----------------- Instantiating /home/travis/build/icyphy/ptII/ptolemy/actor/lib/test/auto/PublisherSubscriberOpaqueWidthInference.xml
4 ms. Memory: 441344K Free: 172764K (39%)
----------------- Invoking toplevel() on ptolemy.moml.MoMLSimpleApplication@6bc08866
----------------- Done invoking toplevel() on ptolemy.moml.MoMLSimpleApplication@6bc08866
reloadAllAccessors: .PublisherSubscriberOpaqueWidthInference

===========================================================================================
----------------- testing Thu Sep 10 15:45:03 UTC 2020 /home/travis/build/icyphy/ptII/ptolemy/actor/lib/test/auto/PublisherTestSubscriber.xml
----------------- Instantiating /home/travis/build/icyphy/ptII/ptolemy/actor/lib/test/auto/PublisherTestSubscriber.xml
2 ms. Memory: 441344K Free: 165076K (37%)
----------------- Invoking toplevel() on ptolemy.moml.MoMLSimpleApplication@266ef241
----------------- Done invoking toplevel() on ptolemy.moml.MoMLSimpleApplication@266ef241
reloadAllAccessors: .PublisherTestSubscriber

===========================================================================================
----------------- testing Thu Sep 10 15:45:03 UTC 2020 /home/travis/build/icyphy/ptII/ptolemy/actor/lib/test/auto/PublisherToplevelSubscriberPortAOC.xml
----------------- Instantiating /home/travis/build/icyphy/ptII/ptolemy/actor/lib/test/auto/PublisherToplevelSubscriberPortAOC.xml
1 ms. Memory: 441344K Free: 158428K (36%)
----------------- Invoking toplevel() on ptolemy.moml.MoMLSimpleApplication@75cbb282
----------------- Done invoking toplevel() on ptolemy.moml.MoMLSimpleApplication@75cbb282
reloadAllAccessors: .PublisherToplevelSubscriberPortAOC

===========================================================================================
----------------- testing Thu Sep 10 15:45:03 UTC 2020 /home/travis/build/icyphy/ptII/ptolemy/actor/lib/test/auto/PulseFiringLimitDE.xml
----------------- Instantiating /home/travis/build/icyphy/ptII/ptolemy/actor/lib/test/auto/PulseFiringLimitDE.xml
2 ms. Memory: 441344K Free: 152284K (35%)
----------------- Invoking toplevel() on ptolemy.moml.MoMLSimpleApplication@362b9f4f
----------------- Done invoking toplevel() on ptolemy.moml.MoMLSimpleApplication@362b9f4f
reloadAllAccessors: .PulseFiringLimitDE

===========================================================================================
----------------- testing Thu Sep 10 15:45:03 UTC 2020 /home/travis/build/icyphy/ptII/ptolemy/actor/lib/test/auto/Ramp1.xml
----------------- Instantiating /home/travis/build/icyphy/ptII/ptolemy/actor/lib/test/auto/Ramp1.xml
1 ms. Memory: 441344K Free: 148188K (34%)
----------------- Invoking toplevel() on ptolemy.moml.MoMLSimpleApplication@4044ba27
----------------- Done invoking toplevel() on ptolemy.moml.MoMLSimpleApplication@4044ba27
reloadAllAccessors: .Ramp1

===========================================================================================
----------------- testing Thu Sep 10 15:45:03 UTC 2020 /home/travis/build/icyphy/ptII/ptolemy/actor/lib/test/auto/RampFiringLimitDE.xml
----------------- Instantiating /home/travis/build/icyphy/ptII/ptolemy/actor/lib/test/auto/RampFiringLimitDE.xml
3 ms. Memory: 441344K Free: 141516K (32%)
----------------- Invoking toplevel() on ptolemy.moml.MoMLSimpleApplication@59c745d9
----------------- Done invoking toplevel() on ptolemy.moml.MoMLSimpleApplication@59c745d9
reloadAllAccessors: .RampFiringLimitDE

===========================================================================================
----------------- testing Thu Sep 10 15:45:03 UTC 2020 /home/travis/build/icyphy/ptII/ptolemy/actor/lib/test/auto/RampFiringLimitSDF.xml
----------------- Instantiating /home/travis/build/icyphy/ptII/ptolemy/actor/lib/test/auto/RampFiringLimitSDF.xml
2 ms. Memory: 441344K Free: 136396K (31%)
----------------- Invoking toplevel() on ptolemy.moml.MoMLSimpleApplication@5921ca80
----------------- Done invoking toplevel() on ptolemy.moml.MoMLSimpleApplication@5921ca80
reloadAllAccessors: .RampFiringLimitSDF

===========================================================================================
----------------- testing Thu Sep 10 15:45:03 UTC 2020 /home/travis/build/icyphy/ptII/ptolemy/actor/lib/test/auto/RandomInteger.xml
----------------- Instantiating /home/travis/build/icyphy/ptII/ptolemy/actor/lib/test/auto/RandomInteger.xml
2 ms. Memory: 441344K Free: 132314K (30%)
----------------- Invoking toplevel() on ptolemy.moml.MoMLSimpleApplication@5796dec8
----------------- Done invoking toplevel() on ptolemy.moml.MoMLSimpleApplication@5796dec8
reloadAllAccessors: .RandomInteger

===========================================================================================
----------------- testing Thu Sep 10 15:45:03 UTC 2020 /home/travis/build/icyphy/ptII/ptolemy/actor/lib/test/auto/ReadFile1.xml
----------------- Instantiating /home/travis/build/icyphy/ptII/ptolemy/actor/lib/test/auto/ReadFile1.xml
22 ms. Memory: 441344K Free: 386729K (88%)
----------------- Invoking toplevel() on ptolemy.moml.MoMLSimpleApplication@1db8076a
----------------- Done invoking toplevel() on ptolemy.moml.MoMLSimpleApplication@1db8076a
reloadAllAccessors: .ReadFile1

===========================================================================================
----------------- testing Thu Sep 10 15:45:03 UTC 2020 /home/travis/build/icyphy/ptII/ptolemy/actor/lib/test/auto/ReadFile2.xml
----------------- Instantiating /home/travis/build/icyphy/ptII/ptolemy/actor/lib/test/auto/ReadFile2.xml
1 ms. Memory: 441344K Free: 382119K (87%)
----------------- Invoking toplevel() on ptolemy.moml.MoMLSimpleApplication@2063d912
----------------- Done invoking toplevel() on ptolemy.moml.MoMLSimpleApplication@2063d912
reloadAllAccessors: .ReadFile2

===========================================================================================
----------------- testing Thu Sep 10 15:45:03 UTC 2020 /home/travis/build/icyphy/ptII/ptolemy/actor/lib/test/auto/Reader.xml
----------------- Instantiating /home/travis/build/icyphy/ptII/ptolemy/actor/lib/test/auto/Reader.xml
actor.lib.Reader is obsolete, use actor.lib.io.ExpressionReader instead
4 ms. Memory: 441344K Free: 378023K (86%)
----------------- Invoking toplevel() on ptolemy.moml.MoMLSimpleApplication@4af99945
----------------- Done invoking toplevel() on ptolemy.moml.MoMLSimpleApplication@4af99945
reloadAllAccessors: .Reader

===========================================================================================
----------------- testing Thu Sep 10 15:45:03 UTC 2020 /home/travis/build/icyphy/ptII/ptolemy/actor/lib/test/auto/RecordAssemblerDisplayNameTest.xml
----------------- Instantiating /home/travis/build/icyphy/ptII/ptolemy/actor/lib/test/auto/RecordAssemblerDisplayNameTest.xml
3180 ms. Memory: 441344K Free: 191663K (43%)
----------------- Invoking toplevel() on ptolemy.moml.MoMLSimpleApplication@24012a44
----------------- Done invoking toplevel() on ptolemy.moml.MoMLSimpleApplication@24012a44
reloadAllAccessors: .RecordAssemblerDisplayNameTest

===========================================================================================
----------------- testing Thu Sep 10 15:45:06 UTC 2020 /home/travis/build/icyphy/ptII/ptolemy/actor/lib/test/auto/RecordAssemblerTypeError.xml
----------------- Instantiating /home/travis/build/icyphy/ptII/ptolemy/actor/lib/test/auto/RecordAssemblerTypeError.xml
13 ms. Memory: 441344K Free: 181937K (41%)
----------------- Invoking toplevel() on ptolemy.moml.MoMLSimpleApplication@51fd0df
----------------- Done invoking toplevel() on ptolemy.moml.MoMLSimpleApplication@51fd0df
reloadAllAccessors: .RecordAssemblerTypeError

===========================================================================================
----------------- testing Thu Sep 10 15:45:06 UTC 2020 /home/travis/build/icyphy/ptII/ptolemy/actor/lib/test/auto/RecordDisassember.xml
----------------- Instantiating /home/travis/build/icyphy/ptII/ptolemy/actor/lib/test/auto/RecordDisassember.xml
4 ms. Memory: 441344K Free: 177297K (40%)
----------------- Invoking toplevel() on ptolemy.moml.MoMLSimpleApplication@68aea9ee
----------------- Done invoking toplevel() on ptolemy.moml.MoMLSimpleApplication@68aea9ee
reloadAllAccessors: .RecordDisassember

===========================================================================================
----------------- testing Thu Sep 10 15:45:06 UTC 2020 /home/travis/build/icyphy/ptII/ptolemy/actor/lib/test/auto/RecordDisassemberDisplayNameTest.xml
----------------- Instantiating /home/travis/build/icyphy/ptII/ptolemy/actor/lib/test/auto/RecordDisassemberDisplayNameTest.xml
5 ms. Memory: 441344K Free: 168625K (38%)
----------------- Invoking toplevel() on ptolemy.moml.MoMLSimpleApplication@a4f2ae2
----------------- Done invoking toplevel() on ptolemy.moml.MoMLSimpleApplication@a4f2ae2
reloadAllAccessors: .RecordDisassemberDisplayNameTest

===========================================================================================
----------------- testing Thu Sep 10 15:45:06 UTC 2020 /home/travis/build/icyphy/ptII/ptolemy/actor/lib/test/auto/RecordDisassembler.xml
----------------- Instantiating /home/travis/build/icyphy/ptII/ptolemy/actor/lib/test/auto/RecordDisassembler.xml
3 ms. Memory: 441344K Free: 163505K (37%)
----------------- Invoking toplevel() on ptolemy.moml.MoMLSimpleApplication@3de4afd8
----------------- Done invoking toplevel() on ptolemy.moml.MoMLSimpleApplication@3de4afd8
reloadAllAccessors: .RecordDisassembler

===========================================================================================
----------------- testing Thu Sep 10 15:45:06 UTC 2020 /home/travis/build/icyphy/ptII/ptolemy/actor/lib/test/auto/RecordDisassembler2.xml
----------------- Instantiating /home/travis/build/icyphy/ptII/ptolemy/actor/lib/test/auto/RecordDisassembler2.xml
3 ms. Memory: 441344K Free: 158385K (36%)
----------------- Invoking toplevel() on ptolemy.moml.MoMLSimpleApplication@59c58994
----------------- Done invoking toplevel() on ptolemy.moml.MoMLSimpleApplication@59c58994
reloadAllAccessors: .RecordDisassembler2

===========================================================================================
----------------- testing Thu Sep 10 15:45:06 UTC 2020 /home/travis/build/icyphy/ptII/ptolemy/actor/lib/test/auto/RecordUpdater.xml
----------------- Instantiating /home/travis/build/icyphy/ptII/ptolemy/actor/lib/test/auto/RecordUpdater.xml
1 ms. Memory: 441344K Free: 153775K (35%)
----------------- Invoking toplevel() on ptolemy.moml.MoMLSimpleApplication@340da980
----------------- Done invoking toplevel() on ptolemy.moml.MoMLSimpleApplication@340da980
reloadAllAccessors: .RecordUpdater

===========================================================================================
----------------- testing Thu Sep 10 15:45:06 UTC 2020 /home/travis/build/icyphy/ptII/ptolemy/actor/lib/test/auto/RecordUpdater2.xml
----------------- Instantiating /home/travis/build/icyphy/ptII/ptolemy/actor/lib/test/auto/RecordUpdater2.xml
2 ms. Memory: 441344K Free: 148145K (34%)
----------------- Invoking toplevel() on ptolemy.moml.MoMLSimpleApplication@4ccff6e2
----------------- Done invoking toplevel() on ptolemy.moml.MoMLSimpleApplication@4ccff6e2
reloadAllAccessors: .RecordUpdater2

===========================================================================================
----------------- testing Thu Sep 10 15:45:06 UTC 2020 /home/travis/build/icyphy/ptII/ptolemy/actor/lib/test/auto/RecursiveLattice.xml
----------------- Instantiating /home/travis/build/icyphy/ptII/ptolemy/actor/lib/test/auto/RecursiveLattice.xml
1 ms. Memory: 441344K Free: 144049K (33%)
----------------- Invoking toplevel() on ptolemy.moml.MoMLSimpleApplication@323ce5e7
----------------- Done invoking toplevel() on ptolemy.moml.MoMLSimpleApplication@323ce5e7
reloadAllAccessors: .RecursiveLattice

===========================================================================================
----------------- testing Thu Sep 10 15:45:07 UTC 2020 /home/travis/build/icyphy/ptII/ptolemy/actor/lib/test/auto/Router.xml
----------------- Instantiating /home/travis/build/icyphy/ptII/ptolemy/actor/lib/test/auto/Router.xml
3003 ms. Memory: 441344K Free: 133295K (30%)
----------------- Invoking toplevel() on ptolemy.moml.MoMLSimpleApplication@579a36eb
----------------- Done invoking toplevel() on ptolemy.moml.MoMLSimpleApplication@579a36eb
reloadAllAccessors: .Router

===========================================================================================
----------------- testing Thu Sep 10 15:45:10 UTC 2020 /home/travis/build/icyphy/ptII/ptolemy/actor/lib/test/auto/Router2.xml
----------------- Instantiating /home/travis/build/icyphy/ptII/ptolemy/actor/lib/test/auto/Router2.xml
3004 ms. Memory: 441344K Free: 382221K (87%)
----------------- Invoking toplevel() on ptolemy.moml.MoMLSimpleApplication@8e9c2d0
----------------- Done invoking toplevel() on ptolemy.moml.MoMLSimpleApplication@8e9c2d0
reloadAllAccessors: .Router2

===========================================================================================
----------------- testing Thu Sep 10 15:45:13 UTC 2020 /home/travis/build/icyphy/ptII/ptolemy/actor/lib/test/auto/RunningMaximum.xml
----------------- Instantiating /home/travis/build/icyphy/ptII/ptolemy/actor/lib/test/auto/RunningMaximum.xml
3 ms. Memory: 441344K Free: 377101K (85%)
----------------- Invoking toplevel() on ptolemy.moml.MoMLSimpleApplication@71b5b554
----------------- Done invoking toplevel() on ptolemy.moml.MoMLSimpleApplication@71b5b554
reloadAllAccessors: .RunningMaximum

===========================================================================================
----------------- testing Thu Sep 10 15:45:13 UTC 2020 /home/travis/build/icyphy/ptII/ptolemy/actor/lib/test/auto/RunningMinimum.xml
----------------- Instantiating /home/travis/build/icyphy/ptII/ptolemy/actor/lib/test/auto/RunningMinimum.xml
7 ms. Memory: 441344K Free: 372491K (84%)
----------------- Invoking toplevel() on ptolemy.moml.MoMLSimpleApplication@705ca0ea
----------------- Done invoking toplevel() on ptolemy.moml.MoMLSimpleApplication@705ca0ea
reloadAllAccessors: .RunningMinimum

===========================================================================================
----------------- testing Thu Sep 10 15:45:13 UTC 2020 /home/travis/build/icyphy/ptII/ptolemy/actor/lib/test/auto/Scale.xml
----------------- Instantiating /home/travis/build/icyphy/ptII/ptolemy/actor/lib/test/auto/Scale.xml
1 ms. Memory: 441344K Free: 367885K (83%)
----------------- Invoking toplevel() on ptolemy.moml.MoMLSimpleApplication@429c89f1
----------------- Done invoking toplevel() on ptolemy.moml.MoMLSimpleApplication@429c89f1
reloadAllAccessors: .Scale

===========================================================================================
----------------- testing Thu Sep 10 15:45:13 UTC 2020 /home/travis/build/icyphy/ptII/ptolemy/actor/lib/test/auto/Scale2.xml
----------------- Instantiating /home/travis/build/icyphy/ptII/ptolemy/actor/lib/test/auto/Scale2.xml
2 ms. Memory: 441344K Free: 363275K (82%)
----------------- Invoking toplevel() on ptolemy.moml.MoMLSimpleApplication@707d0bc0
----------------- Done invoking toplevel() on ptolemy.moml.MoMLSimpleApplication@707d0bc0
reloadAllAccessors: .Scale2

===========================================================================================
----------------- testing Thu Sep 10 15:45:13 UTC 2020 /home/travis/build/icyphy/ptII/ptolemy/actor/lib/test/auto/Scale3.xml
----------------- Instantiating /home/travis/build/icyphy/ptII/ptolemy/actor/lib/test/auto/Scale3.xml
8 ms. Memory: 441344K Free: 356621K (81%)
----------------- Invoking toplevel() on ptolemy.moml.MoMLSimpleApplication@68dbc1c4
----------------- Done invoking toplevel() on ptolemy.moml.MoMLSimpleApplication@68dbc1c4
reloadAllAccessors: .Scale3

===========================================================================================
----------------- testing Thu Sep 10 15:45:13 UTC 2020 /home/travis/build/icyphy/ptII/ptolemy/actor/lib/test/auto/ScaleArray.xml
----------------- Instantiating /home/travis/build/icyphy/ptII/ptolemy/actor/lib/test/auto/ScaleArray.xml
1 ms. Memory: 441344K Free: 352011K (80%)
----------------- Invoking toplevel() on ptolemy.moml.MoMLSimpleApplication@68e0b0f1
----------------- Done invoking toplevel() on ptolemy.moml.MoMLSimpleApplication@68e0b0f1
reloadAllAccessors: .ScaleArray

===========================================================================================
----------------- testing Thu Sep 10 15:45:13 UTC 2020 /home/travis/build/icyphy/ptII/ptolemy/actor/lib/test/auto/ScaleArray2.xml
----------------- Instantiating /home/travis/build/icyphy/ptII/ptolemy/actor/lib/test/auto/ScaleArray2.xml
1 ms. Memory: 441344K Free: 347884K (79%)
----------------- Invoking toplevel() on ptolemy.moml.MoMLSimpleApplication@7498aaed
----------------- Done invoking toplevel() on ptolemy.moml.MoMLSimpleApplication@7498aaed
reloadAllAccessors: .ScaleArray2

===========================================================================================
----------------- testing Thu Sep 10 15:45:13 UTC 2020 /home/travis/build/icyphy/ptII/ptolemy/actor/lib/test/auto/ScaleMatrix.xml
----------------- Instantiating /home/travis/build/icyphy/ptII/ptolemy/actor/lib/test/auto/ScaleMatrix.xml
148 ms. Memory: 441344K Free: 333069K (75%)
----------------- Invoking toplevel() on ptolemy.moml.MoMLSimpleApplication@2723843d
----------------- Done invoking toplevel() on ptolemy.moml.MoMLSimpleApplication@2723843d
reloadAllAccessors: .ScaleMatrix

===========================================================================================
----------------- testing Thu Sep 10 15:45:13 UTC 2020 /home/travis/build/icyphy/ptII/ptolemy/actor/lib/test/auto/Select.xml
----------------- Instantiating /home/travis/build/icyphy/ptII/ptolemy/actor/lib/test/auto/Select.xml
2 ms. Memory: 441344K Free: 326925K (74%)
----------------- Invoking toplevel() on ptolemy.moml.MoMLSimpleApplication@35e29180
----------------- Done invoking toplevel() on ptolemy.moml.MoMLSimpleApplication@35e29180
reloadAllAccessors: .Select

===========================================================================================
----------------- testing Thu Sep 10 15:45:13 UTC 2020 /home/travis/build/icyphy/ptII/ptolemy/actor/lib/test/auto/Select2.xml
----------------- Instantiating /home/travis/build/icyphy/ptII/ptolemy/actor/lib/test/auto/Select2.xml
1 ms. Memory: 441344K Free: 322315K (73%)
----------------- Invoking toplevel() on ptolemy.moml.MoMLSimpleApplication@35544c63
----------------- Done invoking toplevel() on ptolemy.moml.MoMLSimpleApplication@35544c63
reloadAllAccessors: .Select2

===========================================================================================
----------------- testing Thu Sep 10 15:45:13 UTC 2020 /home/travis/build/icyphy/ptII/ptolemy/actor/lib/test/auto/SequenceToArray2.xml
----------------- Instantiating /home/travis/build/icyphy/ptII/ptolemy/actor/lib/test/auto/SequenceToArray2.xml
102 ms. Memory: 441344K Free: 297739K (67%)
----------------- Invoking toplevel() on ptolemy.moml.MoMLSimpleApplication@7a88cda
----------------- Done invoking toplevel() on ptolemy.moml.MoMLSimpleApplication@7a88cda
reloadAllAccessors: .SequenceToArray2

===========================================================================================
----------------- testing Thu Sep 10 15:45:13 UTC 2020 /home/travis/build/icyphy/ptII/ptolemy/actor/lib/test/auto/SequentialClock.xml
----------------- Instantiating /home/travis/build/icyphy/ptII/ptolemy/actor/lib/test/auto/SequentialClock.xml
2 ms. Memory: 441344K Free: 293133K (66%)
----------------- Invoking toplevel() on ptolemy.moml.MoMLSimpleApplication@2a77abee
----------------- Done invoking toplevel() on ptolemy.moml.MoMLSimpleApplication@2a77abee
reloadAllAccessors: .SequentialClock

===========================================================================================
----------------- testing Thu Sep 10 15:45:13 UTC 2020 /home/travis/build/icyphy/ptII/ptolemy/actor/lib/test/auto/SetVariable.xml
----------------- Instantiating /home/travis/build/icyphy/ptII/ptolemy/actor/lib/test/auto/SetVariable.xml
3 ms. Memory: 441344K Free: 288523K (65%)
----------------- Invoking toplevel() on ptolemy.moml.MoMLSimpleApplication@4aba3306
----------------- Done invoking toplevel() on ptolemy.moml.MoMLSimpleApplication@4aba3306
reloadAllAccessors: .SetVariable

===========================================================================================
----------------- testing Thu Sep 10 15:45:13 UTC 2020 /home/travis/build/icyphy/ptII/ptolemy/actor/lib/test/auto/SetVariable2.xml
----------------- Instantiating /home/travis/build/icyphy/ptII/ptolemy/actor/lib/test/auto/SetVariable2.xml
9 ms. Memory: 441344K Free: 283403K (64%)
----------------- Invoking toplevel() on ptolemy.moml.MoMLSimpleApplication@11177369
----------------- Done invoking toplevel() on ptolemy.moml.MoMLSimpleApplication@11177369
reloadAllAccessors: .SetVariable2

===========================================================================================
----------------- testing Thu Sep 10 15:45:13 UTC 2020 /home/travis/build/icyphy/ptII/ptolemy/actor/lib/test/auto/SetVariable3.xml
----------------- Instantiating /home/travis/build/icyphy/ptII/ptolemy/actor/lib/test/auto/SetVariable3.xml
9 ms. Memory: 441344K Free: 277773K (63%)
----------------- Invoking toplevel() on ptolemy.moml.MoMLSimpleApplication@3e60f628
----------------- Done invoking toplevel() on ptolemy.moml.MoMLSimpleApplication@3e60f628
reloadAllAccessors: .SetVariable3

===========================================================================================
----------------- testing Thu Sep 10 15:45:13 UTC 2020 /home/travis/build/icyphy/ptII/ptolemy/actor/lib/test/auto/SetVariable4.xml
----------------- Instantiating /home/travis/build/icyphy/ptII/ptolemy/actor/lib/test/auto/SetVariable4.xml
15 ms. Memory: 441344K Free: 268555K (61%)
----------------- Invoking toplevel() on ptolemy.moml.MoMLSimpleApplication@2391f6a1
----------------- Done invoking toplevel() on ptolemy.moml.MoMLSimpleApplication@2391f6a1
reloadAllAccessors: .SetVariable4

===========================================================================================
----------------- testing Thu Sep 10 15:45:13 UTC 2020 /home/travis/build/icyphy/ptII/ptolemy/actor/lib/test/auto/SetVariable5.xml
----------------- Instantiating /home/travis/build/icyphy/ptII/ptolemy/actor/lib/test/auto/SetVariable5.xml
18 ms. Memory: 441344K Free: 259341K (59%)
----------------- Invoking toplevel() on ptolemy.moml.MoMLSimpleApplication@7f6facc5
----------------- Done invoking toplevel() on ptolemy.moml.MoMLSimpleApplication@7f6facc5
reloadAllAccessors: .SetVariable5

===========================================================================================
----------------- testing Thu Sep 10 15:45:13 UTC 2020 /home/travis/build/icyphy/ptII/ptolemy/actor/lib/test/auto/Sinewave.xml
----------------- Instantiating /home/travis/build/icyphy/ptII/ptolemy/actor/lib/test/auto/Sinewave.xml
7 ms. Memory: 441344K Free: 249101K (56%)
----------------- Invoking toplevel() on ptolemy.moml.MoMLSimpleApplication@8a06705
----------------- Done invoking toplevel() on ptolemy.moml.MoMLSimpleApplication@8a06705
reloadAllAccessors: .Sinewave

===========================================================================================
----------------- testing Thu Sep 10 15:45:13 UTC 2020 /home/travis/build/icyphy/ptII/ptolemy/actor/lib/test/auto/Sinewave2.xml
----------------- Instantiating /home/travis/build/icyphy/ptII/ptolemy/actor/lib/test/auto/Sinewave2.xml
11 ms. Memory: 441344K Free: 240380K (54%)
----------------- Invoking toplevel() on ptolemy.moml.MoMLSimpleApplication@16173844
----------------- Done invoking toplevel() on ptolemy.moml.MoMLSimpleApplication@16173844
reloadAllAccessors: .Sinewave2

===========================================================================================
----------------- testing Thu Sep 10 15:45:13 UTC 2020 /home/travis/build/icyphy/ptII/ptolemy/actor/lib/test/auto/Sinewave3.xml
----------------- Instantiating /home/travis/build/icyphy/ptII/ptolemy/actor/lib/test/auto/Sinewave3.xml
6 ms. Memory: 441344K Free: 232172K (53%)
----------------- Invoking toplevel() on ptolemy.moml.MoMLSimpleApplication@3d7a6c6b
----------------- Done invoking toplevel() on ptolemy.moml.MoMLSimpleApplication@3d7a6c6b
reloadAllAccessors: .Sinewave3

===========================================================================================
----------------- testing Thu Sep 10 15:45:13 UTC 2020 /home/travis/build/icyphy/ptII/ptolemy/actor/lib/test/auto/SingleEvent.xml
----------------- Instantiating /home/travis/build/icyphy/ptII/ptolemy/actor/lib/test/auto/SingleEvent.xml
2 ms. Memory: 441344K Free: 228107K (52%)
----------------- Invoking toplevel() on ptolemy.moml.MoMLSimpleApplication@22caccc1
----------------- Done invoking toplevel() on ptolemy.moml.MoMLSimpleApplication@22caccc1
reloadAllAccessors: .SingleEvent

===========================================================================================
----------------- testing Thu Sep 10 15:45:13 UTC 2020 /home/travis/build/icyphy/ptII/ptolemy/actor/lib/test/auto/Sleep.xml
----------------- Instantiating /home/travis/build/icyphy/ptII/ptolemy/actor/lib/test/auto/Sleep.xml
6004 ms. Memory: 441344K Free: 221948K (50%)
----------------- Invoking toplevel() on ptolemy.moml.MoMLSimpleApplication@4c964ee2
----------------- Done invoking toplevel() on ptolemy.moml.MoMLSimpleApplication@4c964ee2
reloadAllAccessors: .Sleep

===========================================================================================
----------------- testing Thu Sep 10 15:45:19 UTC 2020 /home/travis/build/icyphy/ptII/ptolemy/actor/lib/test/auto/SleepMultipleFire.xml
----------------- Instantiating /home/travis/build/icyphy/ptII/ptolemy/actor/lib/test/auto/SleepMultipleFire.xml
1005 ms. Memory: 441344K Free: 216333K (49%)
----------------- Invoking toplevel() on ptolemy.moml.MoMLSimpleApplication@4946afdf
----------------- Done invoking toplevel() on ptolemy.moml.MoMLSimpleApplication@4946afdf
reloadAllAccessors: .SleepMultipleFire

===========================================================================================
----------------- testing Thu Sep 10 15:45:20 UTC 2020 /home/travis/build/icyphy/ptII/ptolemy/actor/lib/test/auto/StopDE.xml
----------------- Instantiating /home/travis/build/icyphy/ptII/ptolemy/actor/lib/test/auto/StopDE.xml
5 ms. Memory: 441344K Free: 210699K (48%)
----------------- Invoking toplevel() on ptolemy.moml.MoMLSimpleApplication@6067207c
----------------- Done invoking toplevel() on ptolemy.moml.MoMLSimpleApplication@6067207c
reloadAllAccessors: .StopDE

===========================================================================================
----------------- testing Thu Sep 10 15:45:20 UTC 2020 /home/travis/build/icyphy/ptII/ptolemy/actor/lib/test/auto/StopSDF.xml
----------------- Instantiating /home/travis/build/icyphy/ptII/ptolemy/actor/lib/test/auto/StopSDF.xml
3 ms. Memory: 441344K Free: 205069K (46%)
----------------- Invoking toplevel() on ptolemy.moml.MoMLSimpleApplication@6a625b44
----------------- Done invoking toplevel() on ptolemy.moml.MoMLSimpleApplication@6a625b44
reloadAllAccessors: .StopSDF

===========================================================================================
----------------- testing Thu Sep 10 15:45:20 UTC 2020 /home/travis/build/icyphy/ptII/ptolemy/actor/lib/test/auto/StringConstant.xml
----------------- Instantiating /home/travis/build/icyphy/ptII/ptolemy/actor/lib/test/auto/StringConstant.xml
8 ms. Memory: 441344K Free: 200973K (46%)
----------------- Invoking toplevel() on ptolemy.moml.MoMLSimpleApplication@cf4e7cb
----------------- Done invoking toplevel() on ptolemy.moml.MoMLSimpleApplication@cf4e7cb
reloadAllAccessors: .StringConstant

===========================================================================================
----------------- testing Thu Sep 10 15:45:20 UTC 2020 /home/travis/build/icyphy/ptII/ptolemy/actor/lib/test/auto/SubscriberPortInitialValues1.xml
----------------- Instantiating /home/travis/build/icyphy/ptII/ptolemy/actor/lib/test/auto/SubscriberPortInitialValues1.xml
9 ms. Memory: 441344K Free: 192267K (44%)
----------------- Invoking toplevel() on ptolemy.moml.MoMLSimpleApplication@7443b637
----------------- Done invoking toplevel() on ptolemy.moml.MoMLSimpleApplication@7443b637
reloadAllAccessors: .SubscriberPortInitialValues1

===========================================================================================
----------------- testing Thu Sep 10 15:45:20 UTC 2020 /home/travis/build/icyphy/ptII/ptolemy/actor/lib/test/auto/SubscriberPortInitialValues13.xml
----------------- Instantiating /home/travis/build/icyphy/ptII/ptolemy/actor/lib/test/auto/SubscriberPortInitialValues13.xml
5 ms. Memory: 441344K Free: 178955K (41%)
----------------- Invoking toplevel() on ptolemy.moml.MoMLSimpleApplication@38169f0e
----------------- Done invoking toplevel() on ptolemy.moml.MoMLSimpleApplication@38169f0e
reloadAllAccessors: .SubscriberPortInitialValues13

===========================================================================================
----------------- testing Thu Sep 10 15:45:20 UTC 2020 /home/travis/build/icyphy/ptII/ptolemy/actor/lib/test/auto/SubscriberPortInitialValues14.xml
----------------- Instantiating /home/travis/build/icyphy/ptII/ptolemy/actor/lib/test/auto/SubscriberPortInitialValues14.xml
4 ms. Memory: 441344K Free: 171277K (39%)
----------------- Invoking toplevel() on ptolemy.moml.MoMLSimpleApplication@3c3ebd7c
----------------- Done invoking toplevel() on ptolemy.moml.MoMLSimpleApplication@3c3ebd7c
reloadAllAccessors: .SubscriberPortInitialValues14

===========================================================================================
----------------- testing Thu Sep 10 15:45:20 UTC 2020 /home/travis/build/icyphy/ptII/ptolemy/actor/lib/test/auto/SubscriberPortInitialValues2.xml
----------------- Instantiating /home/travis/build/icyphy/ptII/ptolemy/actor/lib/test/auto/SubscriberPortInitialValues2.xml
5 ms. Memory: 441344K Free: 163085K (37%)
----------------- Invoking toplevel() on ptolemy.moml.MoMLSimpleApplication@39e420d2
----------------- Done invoking toplevel() on ptolemy.moml.MoMLSimpleApplication@39e420d2
reloadAllAccessors: .SubscriberPortInitialValues2

===========================================================================================
----------------- testing Thu Sep 10 15:45:20 UTC 2020 /home/travis/build/icyphy/ptII/ptolemy/actor/lib/test/auto/SubscriberPortInitialValues3.xml
----------------- Instantiating /home/travis/build/icyphy/ptII/ptolemy/actor/lib/test/auto/SubscriberPortInitialValues3.xml
4 ms. Memory: 441344K Free: 150797K (34%)
----------------- Invoking toplevel() on ptolemy.moml.MoMLSimpleApplication@6328650a
----------------- Done invoking toplevel() on ptolemy.moml.MoMLSimpleApplication@6328650a
reloadAllAccessors: .SubscriberPortInitialValues3

===========================================================================================
----------------- testing Thu Sep 10 15:45:20 UTC 2020 /home/travis/build/icyphy/ptII/ptolemy/actor/lib/test/auto/SubscriptionAggregator.xml
----------------- Instantiating /home/travis/build/icyphy/ptII/ptolemy/actor/lib/test/auto/SubscriptionAggregator.xml
3 ms. Memory: 441344K Free: 144124K (33%)
----------------- Invoking toplevel() on ptolemy.moml.MoMLSimpleApplication@691c82d2
----------------- Done invoking toplevel() on ptolemy.moml.MoMLSimpleApplication@691c82d2
reloadAllAccessors: .SubscriptionAggregator

===========================================================================================
----------------- testing Thu Sep 10 15:45:20 UTC 2020 /home/travis/build/icyphy/ptII/ptolemy/actor/lib/test/auto/SubscriptionAggregator2.xml
----------------- Instantiating /home/travis/build/icyphy/ptII/ptolemy/actor/lib/test/auto/SubscriptionAggregator2.xml
2 ms. Memory: 441344K Free: 136964K (31%)
----------------- Invoking toplevel() on ptolemy.moml.MoMLSimpleApplication@49e2be76
----------------- Done invoking toplevel() on ptolemy.moml.MoMLSimpleApplication@49e2be76
reloadAllAccessors: .SubscriptionAggregator2

===========================================================================================
----------------- testing Thu Sep 10 15:45:21 UTC 2020 /home/travis/build/icyphy/ptII/ptolemy/actor/lib/test/auto/SubscriptionAggregator3.xml
----------------- Instantiating /home/travis/build/icyphy/ptII/ptolemy/actor/lib/test/auto/SubscriptionAggregator3.xml
3 ms. Memory: 441344K Free: 127755K (29%)
----------------- Invoking toplevel() on ptolemy.moml.MoMLSimpleApplication@485c0b4c
----------------- Done invoking toplevel() on ptolemy.moml.MoMLSimpleApplication@485c0b4c
reloadAllAccessors: .SubscriptionAggregator3

===========================================================================================
----------------- testing Thu Sep 10 15:45:21 UTC 2020 /home/travis/build/icyphy/ptII/ptolemy/actor/lib/test/auto/SubscriptionAggregatorMultiply.xml
----------------- Instantiating /home/travis/build/icyphy/ptII/ptolemy/actor/lib/test/auto/SubscriptionAggregatorMultiply.xml
13 ms. Memory: 441344K Free: 380722K (86%)
----------------- Invoking toplevel() on ptolemy.moml.MoMLSimpleApplication@7ddcf0
----------------- Done invoking toplevel() on ptolemy.moml.MoMLSimpleApplication@7ddcf0
reloadAllAccessors: .SubscriptionAggregatorMultiply

===========================================================================================
----------------- testing Thu Sep 10 15:45:21 UTC 2020 /home/travis/build/icyphy/ptII/ptolemy/actor/lib/test/auto/SubscriptionAggregatorPortMultiply1.xml
----------------- Instantiating /home/travis/build/icyphy/ptII/ptolemy/actor/lib/test/auto/SubscriptionAggregatorPortMultiply1.xml
3 ms. Memory: 441344K Free: 372026K (84%)
----------------- Invoking toplevel() on ptolemy.moml.MoMLSimpleApplication@215f7529
----------------- Done invoking toplevel() on ptolemy.moml.MoMLSimpleApplication@215f7529
reloadAllAccessors: .SubscriptionAggregatorPortMultiply1

===========================================================================================
----------------- testing Thu Sep 10 15:45:21 UTC 2020 /home/travis/build/icyphy/ptII/ptolemy/actor/lib/test/auto/Switch.xml
----------------- Instantiating /home/travis/build/icyphy/ptII/ptolemy/actor/lib/test/auto/Switch.xml
7 ms. Memory: 441344K Free: 363834K (82%)
----------------- Invoking toplevel() on ptolemy.moml.MoMLSimpleApplication@67665e69
----------------- Done invoking toplevel() on ptolemy.moml.MoMLSimpleApplication@67665e69
reloadAllAccessors: .Switch

===========================================================================================
----------------- testing Thu Sep 10 15:45:21 UTC 2020 /home/travis/build/icyphy/ptII/ptolemy/actor/lib/test/auto/Switch2.xml
----------------- Instantiating /home/travis/build/icyphy/ptII/ptolemy/actor/lib/test/auto/Switch2.xml
1 ms. Memory: 441344K Free: 359224K (81%)
----------------- Invoking toplevel() on ptolemy.moml.MoMLSimpleApplication@6eae6140
----------------- Done invoking toplevel() on ptolemy.moml.MoMLSimpleApplication@6eae6140
reloadAllAccessors: .Switch2

===========================================================================================
----------------- testing Thu Sep 10 15:45:21 UTC 2020 /home/travis/build/icyphy/ptII/ptolemy/actor/lib/test/auto/SwitchDE.xml
----------------- Instantiating /home/travis/build/icyphy/ptII/ptolemy/actor/lib/test/auto/SwitchDE.xml
3 ms. Memory: 441344K Free: 352570K (80%)
----------------- Invoking toplevel() on ptolemy.moml.MoMLSimpleApplication@1f2f921d
----------------- Done invoking toplevel() on ptolemy.moml.MoMLSimpleApplication@1f2f921d
reloadAllAccessors: .SwitchDE

===========================================================================================
----------------- testing Thu Sep 10 15:45:21 UTC 2020 /home/travis/build/icyphy/ptII/ptolemy/actor/lib/test/auto/SynchronizerDE.xml
----------------- Instantiating /home/travis/build/icyphy/ptII/ptolemy/actor/lib/test/auto/SynchronizerDE.xml
6 ms. Memory: 441344K Free: 344378K (78%)
----------------- Invoking toplevel() on ptolemy.moml.MoMLSimpleApplication@7e63efba
----------------- Done invoking toplevel() on ptolemy.moml.MoMLSimpleApplication@7e63efba
reloadAllAccessors: .SynchronizerDE

===========================================================================================
----------------- testing Thu Sep 10 15:45:21 UTC 2020 /home/travis/build/icyphy/ptII/ptolemy/actor/lib/test/auto/Test.xml
----------------- Instantiating /home/travis/build/icyphy/ptII/ptolemy/actor/lib/test/auto/Test.xml
9 ms. Memory: 441344K Free: 339258K (77%)
----------------- Invoking toplevel() on ptolemy.moml.MoMLSimpleApplication@e4a0355
----------------- Done invoking toplevel() on ptolemy.moml.MoMLSimpleApplication@e4a0355
reloadAllAccessors: .Test

===========================================================================================
----------------- testing Thu Sep 10 15:45:21 UTC 2020 /home/travis/build/icyphy/ptII/ptolemy/actor/lib/test/auto/TestExceptionAttribute1.xml
----------------- Instantiating /home/travis/build/icyphy/ptII/ptolemy/actor/lib/test/auto/TestExceptionAttribute1.xml
1 ms. Memory: 441344K Free: 335672K (76%)
----------------- Invoking toplevel() on ptolemy.moml.MoMLSimpleApplication@213ac334
----------------- Done invoking toplevel() on ptolemy.moml.MoMLSimpleApplication@213ac334
reloadAllAccessors: .TestExceptionAttribute1

===========================================================================================
----------------- testing Thu Sep 10 15:45:21 UTC 2020 /home/travis/build/icyphy/ptII/ptolemy/actor/lib/test/auto/TestExceptionAttribute2.xml
----------------- Instantiating /home/travis/build/icyphy/ptII/ptolemy/actor/lib/test/auto/TestExceptionAttribute2.xml
1 ms. Memory: 441344K Free: 331576K (75%)
----------------- Invoking toplevel() on ptolemy.moml.MoMLSimpleApplication@61f53134
----------------- Done invoking toplevel() on ptolemy.moml.MoMLSimpleApplication@61f53134
reloadAllAccessors: .TestExceptionAttribute2

===========================================================================================
----------------- testing Thu Sep 10 15:45:21 UTC 2020 /home/travis/build/icyphy/ptII/ptolemy/actor/lib/test/auto/TestExceptionAttribute3.xml
----------------- Instantiating /home/travis/build/icyphy/ptII/ptolemy/actor/lib/test/auto/TestExceptionAttribute3.xml
.TestExceptionAttribute3.TestExceptionAttribute: initialize() was not invoked, but wrapup() was.  This is unusual, but not always a problem.  For example, exporting JNLP will do this.
0 ms. Memory: 441344K Free: 327994K (74%)
----------------- Invoking toplevel() on ptolemy.moml.MoMLSimpleApplication@58712ddf
----------------- Done invoking toplevel() on ptolemy.moml.MoMLSimpleApplication@58712ddf
reloadAllAccessors: .TestExceptionAttribute3

===========================================================================================
----------------- testing Thu Sep 10 15:45:21 UTC 2020 /home/travis/build/icyphy/ptII/ptolemy/actor/lib/test/auto/TestExceptionAttribute4.xml
----------------- Instantiating /home/travis/build/icyphy/ptII/ptolemy/actor/lib/test/auto/TestExceptionAttribute4.xml
.TestExceptionAttribute4.TestExceptionAttribute: initialize() was not invoked, but wrapup() was.  This is unusual, but not always a problem.  For example, exporting JNLP will do this.
.TestExceptionAttribute4.TestExceptionAttribute2: initialize() was not invoked, but wrapup() was.  This is unusual, but not always a problem.  For example, exporting JNLP will do this.
0 ms. Memory: 441344K Free: 323898K (73%)
----------------- Invoking toplevel() on ptolemy.moml.MoMLSimpleApplication@64f8fb7f
----------------- Done invoking toplevel() on ptolemy.moml.MoMLSimpleApplication@64f8fb7f
reloadAllAccessors: .TestExceptionAttribute4

===========================================================================================
----------------- testing Thu Sep 10 15:45:21 UTC 2020 /home/travis/build/icyphy/ptII/ptolemy/actor/lib/test/auto/TestExceptionHandler1.xml
----------------- Instantiating /home/travis/build/icyphy/ptII/ptolemy/actor/lib/test/auto/TestExceptionHandler1.xml
1 ms. Memory: 441344K Free: 319802K (72%)
----------------- Invoking toplevel() on ptolemy.moml.MoMLSimpleApplication@2c678dd6
----------------- Done invoking toplevel() on ptolemy.moml.MoMLSimpleApplication@2c678dd6
reloadAllAccessors: .TestExceptionHandler1

===========================================================================================
----------------- testing Thu Sep 10 15:45:21 UTC 2020 /home/travis/build/icyphy/ptII/ptolemy/actor/lib/test/auto/TestExceptionHandler2.xml
----------------- Instantiating /home/travis/build/icyphy/ptII/ptolemy/actor/lib/test/auto/TestExceptionHandler2.xml
1 ms. Memory: 441344K Free: 316216K (72%)
----------------- Invoking toplevel() on ptolemy.moml.MoMLSimpleApplication@1f860ad8
----------------- Done invoking toplevel() on ptolemy.moml.MoMLSimpleApplication@1f860ad8
reloadAllAccessors: .TestExceptionHandler2

===========================================================================================
----------------- testing Thu Sep 10 15:45:21 UTC 2020 /home/travis/build/icyphy/ptII/ptolemy/actor/lib/test/auto/TestExceptionHandler3.xml
----------------- Instantiating /home/travis/build/icyphy/ptII/ptolemy/actor/lib/test/auto/TestExceptionHandler3.xml
1 ms. Memory: 441344K Free: 312634K (71%)
----------------- Invoking toplevel() on ptolemy.moml.MoMLSimpleApplication@cd12ac2
----------------- Done invoking toplevel() on ptolemy.moml.MoMLSimpleApplication@cd12ac2
reloadAllAccessors: .TestExceptionHandler3

===========================================================================================
----------------- testing Thu Sep 10 15:45:21 UTC 2020 /home/travis/build/icyphy/ptII/ptolemy/actor/lib/test/auto/TestExceptionHandler4.xml
----------------- Instantiating /home/travis/build/icyphy/ptII/ptolemy/actor/lib/test/auto/TestExceptionHandler4.xml
1 ms. Memory: 441344K Free: 308538K (70%)
----------------- Invoking toplevel() on ptolemy.moml.MoMLSimpleApplication@246a87cd
----------------- Done invoking toplevel() on ptolemy.moml.MoMLSimpleApplication@246a87cd
reloadAllAccessors: .TestExceptionHandler4

===========================================================================================
----------------- testing Thu Sep 10 15:45:21 UTC 2020 /home/travis/build/icyphy/ptII/ptolemy/actor/lib/test/auto/TestRequireCorrectOrder.xml
----------------- Instantiating /home/travis/build/icyphy/ptII/ptolemy/actor/lib/test/auto/TestRequireCorrectOrder.xml
2 ms. Memory: 441344K Free: 302874K (69%)
----------------- Invoking toplevel() on ptolemy.moml.MoMLSimpleApplication@2d141b7e
----------------- Done invoking toplevel() on ptolemy.moml.MoMLSimpleApplication@2d141b7e
reloadAllAccessors: .TestRequireCorrectOrder

===========================================================================================
----------------- testing Thu Sep 10 15:45:21 UTC 2020 /home/travis/build/icyphy/ptII/ptolemy/actor/lib/test/auto/TestSimple.xml
----------------- Instantiating /home/travis/build/icyphy/ptII/ptolemy/actor/lib/test/auto/TestSimple.xml
1 ms. Memory: 441344K Free: 298298K (68%)
----------------- Invoking toplevel() on ptolemy.moml.MoMLSimpleApplication@110702b3
----------------- Done invoking toplevel() on ptolemy.moml.MoMLSimpleApplication@110702b3
reloadAllAccessors: .TestSimple

===========================================================================================
----------------- testing Thu Sep 10 15:45:21 UTC 2020 /home/travis/build/icyphy/ptII/ptolemy/actor/lib/test/auto/ThrowModelError.xml
----------------- Instantiating /home/travis/build/icyphy/ptII/ptolemy/actor/lib/test/auto/ThrowModelError.xml
1 ms. Memory: 441344K Free: 293688K (67%)
----------------- Invoking toplevel() on ptolemy.moml.MoMLSimpleApplication@737c2159
----------------- Done invoking toplevel() on ptolemy.moml.MoMLSimpleApplication@737c2159
reloadAllAccessors: .ThrowModelError

===========================================================================================
----------------- testing Thu Sep 10 15:45:21 UTC 2020 /home/travis/build/icyphy/ptII/ptolemy/actor/lib/test/auto/TimeDelayMicrosteps.xml
----------------- Instantiating /home/travis/build/icyphy/ptII/ptolemy/actor/lib/test/auto/TimeDelayMicrosteps.xml
2 ms. Memory: 441344K Free: 286514K (65%)
----------------- Invoking toplevel() on ptolemy.moml.MoMLSimpleApplication@147e2142
----------------- Done invoking toplevel() on ptolemy.moml.MoMLSimpleApplication@147e2142
reloadAllAccessors: .TimeDelayMicrosteps

===========================================================================================
----------------- testing Thu Sep 10 15:45:21 UTC 2020 /home/travis/build/icyphy/ptII/ptolemy/actor/lib/test/auto/TimeDelayMicrosteps2.xml
----------------- Instantiating /home/travis/build/icyphy/ptII/ptolemy/actor/lib/test/auto/TimeDelayMicrosteps2.xml
4 ms. Memory: 441344K Free: 279322K (63%)
----------------- Invoking toplevel() on ptolemy.moml.MoMLSimpleApplication@4cdbbdf9
----------------- Done invoking toplevel() on ptolemy.moml.MoMLSimpleApplication@4cdbbdf9
reloadAllAccessors: .TimeDelayMicrosteps2

===========================================================================================
----------------- testing Thu Sep 10 15:45:21 UTC 2020 /home/travis/build/icyphy/ptII/ptolemy/actor/lib/test/auto/TimeDelayMicrosteps3.xml
----------------- Instantiating /home/travis/build/icyphy/ptII/ptolemy/actor/lib/test/auto/TimeDelayMicrosteps3.xml
2 ms. Memory: 441344K Free: 272698K (62%)
----------------- Invoking toplevel() on ptolemy.moml.MoMLSimpleApplication@251dffaf
----------------- Done invoking toplevel() on ptolemy.moml.MoMLSimpleApplication@251dffaf
reloadAllAccessors: .TimeDelayMicrosteps3

===========================================================================================
----------------- testing Thu Sep 10 15:45:21 UTC 2020 /home/travis/build/icyphy/ptII/ptolemy/actor/lib/test/auto/TimeDelayVariableMicrosteps.xml
----------------- Instantiating /home/travis/build/icyphy/ptII/ptolemy/actor/lib/test/auto/TimeDelayVariableMicrosteps.xml
3 ms. Memory: 441344K Free: 265528K (60%)
----------------- Invoking toplevel() on ptolemy.moml.MoMLSimpleApplication@1ef50218
----------------- Done invoking toplevel() on ptolemy.moml.MoMLSimpleApplication@1ef50218
reloadAllAccessors: .TimeDelayVariableMicrosteps

===========================================================================================
----------------- testing Thu Sep 10 15:45:21 UTC 2020 /home/travis/build/icyphy/ptII/ptolemy/actor/lib/test/auto/TimeGap.xml
----------------- Instantiating /home/travis/build/icyphy/ptII/ptolemy/actor/lib/test/auto/TimeGap.xml
4 ms. Memory: 441344K Free: 260410K (59%)
----------------- Invoking toplevel() on ptolemy.moml.MoMLSimpleApplication@b95bc7b
----------------- Done invoking toplevel() on ptolemy.moml.MoMLSimpleApplication@b95bc7b
reloadAllAccessors: .TimeGap

===========================================================================================
----------------- testing Thu Sep 10 15:45:21 UTC 2020 /home/travis/build/icyphy/ptII/ptolemy/actor/lib/test/auto/TimeGap2.xml
----------------- Instantiating /home/travis/build/icyphy/ptII/ptolemy/actor/lib/test/auto/TimeGap2.xml
2 ms. Memory: 441344K Free: 254746K (58%)
----------------- Invoking toplevel() on ptolemy.moml.MoMLSimpleApplication@6b044efd
----------------- Done invoking toplevel() on ptolemy.moml.MoMLSimpleApplication@6b044efd
reloadAllAccessors: .TimeGap2

===========================================================================================
----------------- testing Thu Sep 10 15:45:21 UTC 2020 /home/travis/build/icyphy/ptII/ptolemy/actor/lib/test/auto/TimedSinewave.xml
----------------- Instantiating /home/travis/build/icyphy/ptII/ptolemy/actor/lib/test/auto/TimedSinewave.xml
21 ms. Memory: 441344K Free: 240440K (54%)
----------------- Invoking toplevel() on ptolemy.moml.MoMLSimpleApplication@72f07e26
----------------- Done invoking toplevel() on ptolemy.moml.MoMLSimpleApplication@72f07e26
reloadAllAccessors: .TimedSinewave

===========================================================================================
----------------- testing Thu Sep 10 15:45:21 UTC 2020 /home/travis/build/icyphy/ptII/ptolemy/actor/lib/test/auto/TimedSinewavePhase.xml
----------------- Instantiating /home/travis/build/icyphy/ptII/ptolemy/actor/lib/test/auto/TimedSinewavePhase.xml
10 ms. Memory: 441344K Free: 230714K (52%)
----------------- Invoking toplevel() on ptolemy.moml.MoMLSimpleApplication@1bc5de74
----------------- Done invoking toplevel() on ptolemy.moml.MoMLSimpleApplication@1bc5de74
reloadAllAccessors: .TimedSinewavePhase

===========================================================================================
----------------- testing Thu Sep 10 15:45:21 UTC 2020 /home/travis/build/icyphy/ptII/ptolemy/actor/lib/test/auto/Timer.xml
----------------- Instantiating /home/travis/build/icyphy/ptII/ptolemy/actor/lib/test/auto/Timer.xml
3 ms. Memory: 441344K Free: 225074K (51%)
----------------- Invoking toplevel() on ptolemy.moml.MoMLSimpleApplication@3fc11c95
----------------- Done invoking toplevel() on ptolemy.moml.MoMLSimpleApplication@3fc11c95
reloadAllAccessors: .Timer

===========================================================================================
----------------- testing Thu Sep 10 15:45:21 UTC 2020 /home/travis/build/icyphy/ptII/ptolemy/actor/lib/test/auto/TriangularDistTestModel.xml
----------------- Instantiating /home/travis/build/icyphy/ptII/ptolemy/actor/lib/test/auto/TriangularDistTestModel.xml
2 ms. Memory: 441344K Free: 218906K (50%)
----------------- Invoking toplevel() on ptolemy.moml.MoMLSimpleApplication@78894177
----------------- Done invoking toplevel() on ptolemy.moml.MoMLSimpleApplication@78894177
reloadAllAccessors: .TriangularDistTestModel

===========================================================================================
----------------- testing Thu Sep 10 15:45:21 UTC 2020 /home/travis/build/icyphy/ptII/ptolemy/actor/lib/test/auto/TrigFunction.xml
----------------- Instantiating /home/travis/build/icyphy/ptII/ptolemy/actor/lib/test/auto/TrigFunction.xml
1 ms. Memory: 441344K Free: 214330K (49%)
----------------- Invoking toplevel() on ptolemy.moml.MoMLSimpleApplication@352b7891
----------------- Done invoking toplevel() on ptolemy.moml.MoMLSimpleApplication@352b7891
reloadAllAccessors: .TrigFunction

===========================================================================================
----------------- testing Thu Sep 10 15:45:21 UTC 2020 /home/travis/build/icyphy/ptII/ptolemy/actor/lib/test/auto/TrigFunctionDE.xml
----------------- Instantiating /home/travis/build/icyphy/ptII/ptolemy/actor/lib/test/auto/TrigFunctionDE.xml
2 ms. Memory: 441344K Free: 208186K (47%)
----------------- Invoking toplevel() on ptolemy.moml.MoMLSimpleApplication@6d46100b
----------------- Done invoking toplevel() on ptolemy.moml.MoMLSimpleApplication@6d46100b
reloadAllAccessors: .TrigFunctionDE

===========================================================================================
----------------- testing Thu Sep 10 15:45:21 UTC 2020 /home/travis/build/icyphy/ptII/ptolemy/actor/lib/test/auto/TrigFunctionInverse.xml
----------------- Instantiating /home/travis/build/icyphy/ptII/ptolemy/actor/lib/test/auto/TrigFunctionInverse.xml
1 ms. Memory: 441344K Free: 203066K (46%)
----------------- Invoking toplevel() on ptolemy.moml.MoMLSimpleApplication@7761c0ff
----------------- Done invoking toplevel() on ptolemy.moml.MoMLSimpleApplication@7761c0ff
reloadAllAccessors: .TrigFunctionInverse

===========================================================================================
----------------- testing Thu Sep 10 15:45:21 UTC 2020 /home/travis/build/icyphy/ptII/ptolemy/actor/lib/test/auto/TrigFunctionTan.xml
----------------- Instantiating /home/travis/build/icyphy/ptII/ptolemy/actor/lib/test/auto/TrigFunctionTan.xml
1 ms. Memory: 441344K Free: 198970K (45%)
----------------- Invoking toplevel() on ptolemy.moml.MoMLSimpleApplication@700fa769
----------------- Done invoking toplevel() on ptolemy.moml.MoMLSimpleApplication@700fa769
reloadAllAccessors: .TrigFunctionTan

===========================================================================================
----------------- testing Thu Sep 10 15:45:21 UTC 2020 /home/travis/build/icyphy/ptII/ptolemy/actor/lib/test/auto/TriggeredClock.xml
----------------- Instantiating /home/travis/build/icyphy/ptII/ptolemy/actor/lib/test/auto/TriggeredClock.xml
2 ms. Memory: 441344K Free: 193818K (44%)
----------------- Invoking toplevel() on ptolemy.moml.MoMLSimpleApplication@58439ba2
----------------- Done invoking toplevel() on ptolemy.moml.MoMLSimpleApplication@58439ba2
reloadAllAccessors: .TriggeredClock

===========================================================================================
----------------- testing Thu Sep 10 15:45:21 UTC 2020 /home/travis/build/icyphy/ptII/ptolemy/actor/lib/test/auto/URLDirectoryReader.xml
----------------- Instantiating /home/travis/build/icyphy/ptII/ptolemy/actor/lib/test/auto/URLDirectoryReader.xml
41 ms. Memory: 441344K Free: 184634K (42%)
----------------- Invoking toplevel() on ptolemy.moml.MoMLSimpleApplication@1af4784f
----------------- Done invoking toplevel() on ptolemy.moml.MoMLSimpleApplication@1af4784f
reloadAllAccessors: .URLDirectoryReader

===========================================================================================
----------------- testing Thu Sep 10 15:45:21 UTC 2020 /home/travis/build/icyphy/ptII/ptolemy/actor/lib/test/auto/URLDirectoryReader3.xml
----------------- Instantiating /home/travis/build/icyphy/ptII/ptolemy/actor/lib/test/auto/URLDirectoryReader3.xml
1409 ms. Memory: 441344K Free: 378155K (86%)
----------------- Invoking toplevel() on ptolemy.moml.MoMLSimpleApplication@5adb2cac
----------------- Done invoking toplevel() on ptolemy.moml.MoMLSimpleApplication@5adb2cac
reloadAllAccessors: .URLDirectoryReader3

===========================================================================================
----------------- testing Thu Sep 10 15:45:23 UTC 2020 /home/travis/build/icyphy/ptII/ptolemy/actor/lib/test/auto/UnaryMathFunction.xml
----------------- Instantiating /home/travis/build/icyphy/ptII/ptolemy/actor/lib/test/auto/UnaryMathFunction.xml
3 ms. Memory: 441344K Free: 370473K (84%)
----------------- Invoking toplevel() on ptolemy.moml.MoMLSimpleApplication@28367711
----------------- Done invoking toplevel() on ptolemy.moml.MoMLSimpleApplication@28367711
reloadAllAccessors: .UnaryMathFunction

===========================================================================================
----------------- testing Thu Sep 10 15:45:23 UTC 2020 /home/travis/build/icyphy/ptII/ptolemy/actor/lib/test/auto/Uniform.xml
----------------- Instantiating /home/travis/build/icyphy/ptII/ptolemy/actor/lib/test/auto/Uniform.xml
1 ms. Memory: 441344K Free: 365353K (83%)
----------------- Invoking toplevel() on ptolemy.moml.MoMLSimpleApplication@5884e308
----------------- Done invoking toplevel() on ptolemy.moml.MoMLSimpleApplication@5884e308
reloadAllAccessors: .Uniform

===========================================================================================
----------------- testing Thu Sep 10 15:45:23 UTC 2020 /home/travis/build/icyphy/ptII/ptolemy/actor/lib/test/auto/UnionDisassemblerTest.xml
----------------- Instantiating /home/travis/build/icyphy/ptII/ptolemy/actor/lib/test/auto/UnionDisassemblerTest.xml
9 ms. Memory: 441344K Free: 361257K (82%)
----------------- Invoking toplevel() on ptolemy.moml.MoMLSimpleApplication@448a9408
----------------- Done invoking toplevel() on ptolemy.moml.MoMLSimpleApplication@448a9408
reloadAllAccessors: .UnionDisassemblerTest

===========================================================================================
----------------- testing Thu Sep 10 15:45:23 UTC 2020 /home/travis/build/icyphy/ptII/ptolemy/actor/lib/test/auto/UtilityFunctions.xml
----------------- Instantiating /home/travis/build/icyphy/ptII/ptolemy/actor/lib/test/auto/UtilityFunctions.xml
1 ms. Memory: 441344K Free: 356651K (81%)
----------------- Invoking toplevel() on ptolemy.moml.MoMLSimpleApplication@14a78c7d
----------------- Done invoking toplevel() on ptolemy.moml.MoMLSimpleApplication@14a78c7d
reloadAllAccessors: .UtilityFunctions

===========================================================================================
----------------- testing Thu Sep 10 15:45:23 UTC 2020 /home/travis/build/icyphy/ptII/ptolemy/actor/lib/test/auto/VariableSleep.xml
----------------- Instantiating /home/travis/build/icyphy/ptII/ptolemy/actor/lib/test/auto/VariableSleep.xml
502 ms. Memory: 441344K Free: 351531K (80%)
----------------- Invoking toplevel() on ptolemy.moml.MoMLSimpleApplication@23763d04
----------------- Done invoking toplevel() on ptolemy.moml.MoMLSimpleApplication@23763d04
reloadAllAccessors: .VariableSleep

===========================================================================================
----------------- testing Thu Sep 10 15:45:24 UTC 2020 /home/travis/build/icyphy/ptII/ptolemy/actor/lib/test/auto/VectorAssemblerDisassemblerCT.xml
----------------- Instantiating /home/travis/build/icyphy/ptII/ptolemy/actor/lib/test/auto/VectorAssemblerDisassemblerCT.xml
75 ms. Memory: 441344K Free: 331561K (75%)
----------------- Invoking toplevel() on ptolemy.moml.MoMLSimpleApplication@40bc7cd0
----------------- Done invoking toplevel() on ptolemy.moml.MoMLSimpleApplication@40bc7cd0
reloadAllAccessors: .VectorAssemblerDisassemblerCT

===========================================================================================
----------------- testing Thu Sep 10 15:45:24 UTC 2020 /home/travis/build/icyphy/ptII/ptolemy/actor/lib/test/auto/VectorAssemblerDisassemblerDE.xml
----------------- Instantiating /home/travis/build/icyphy/ptII/ptolemy/actor/lib/test/auto/VectorAssemblerDisassemblerDE.xml
2 ms. Memory: 441344K Free: 324393K (74%)
----------------- Invoking toplevel() on ptolemy.moml.MoMLSimpleApplication@69efdfcc
----------------- Done invoking toplevel() on ptolemy.moml.MoMLSimpleApplication@69efdfcc
reloadAllAccessors: .VectorAssemblerDisassemblerDE

===========================================================================================
----------------- testing Thu Sep 10 15:45:24 UTC 2020 /home/travis/build/icyphy/ptII/ptolemy/actor/lib/test/auto/VectorAssemblerDisassemblerSDF.xml
----------------- Instantiating /home/travis/build/icyphy/ptII/ptolemy/actor/lib/test/auto/VectorAssemblerDisassemblerSDF.xml
2 ms. Memory: 441344K Free: 317739K (72%)
----------------- Invoking toplevel() on ptolemy.moml.MoMLSimpleApplication@17a7854b
----------------- Done invoking toplevel() on ptolemy.moml.MoMLSimpleApplication@17a7854b
reloadAllAccessors: .VectorAssemblerDisassemblerSDF

===========================================================================================
----------------- testing Thu Sep 10 15:45:24 UTC 2020 /home/travis/build/icyphy/ptII/ptolemy/actor/lib/test/auto/WallClockTime.xml
----------------- Instantiating /home/travis/build/icyphy/ptII/ptolemy/actor/lib/test/auto/WallClockTime.xml
1005 ms. Memory: 441344K Free: 312619K (71%)
----------------- Invoking toplevel() on ptolemy.moml.MoMLSimpleApplication@6927923c
----------------- Done invoking toplevel() on ptolemy.moml.MoMLSimpleApplication@6927923c
reloadAllAccessors: .WallClockTime

===========================================================================================
----------------- testing Thu Sep 10 15:45:25 UTC 2020 /home/travis/build/icyphy/ptII/ptolemy/actor/lib/test/auto/WidthTestWithSubscriberPublisher.xml
----------------- Instantiating /home/travis/build/icyphy/ptII/ptolemy/actor/lib/test/auto/WidthTestWithSubscriberPublisher.xml
7 ms. Memory: 441344K Free: 294697K (67%)
----------------- Invoking toplevel() on ptolemy.moml.MoMLSimpleApplication@7ff025bd
----------------- Done invoking toplevel() on ptolemy.moml.MoMLSimpleApplication@7ff025bd
reloadAllAccessors: .WidthTestWithSubscriberPublisher

===========================================================================================
----------------- testing Thu Sep 10 15:45:25 UTC 2020 /home/travis/build/icyphy/ptII/ptolemy/actor/lib/test/auto/WidthTestWithSubscriberPublisher2.xml
----------------- Instantiating /home/travis/build/icyphy/ptII/ptolemy/actor/lib/test/auto/WidthTestWithSubscriberPublisher2.xml
2 ms. Memory: 441344K Free: 288043K (65%)
----------------- Invoking toplevel() on ptolemy.moml.MoMLSimpleApplication@332447de
----------------- Done invoking toplevel() on ptolemy.moml.MoMLSimpleApplication@332447de
reloadAllAccessors: .WidthTestWithSubscriberPublisher2

===========================================================================================
----------------- testing Thu Sep 10 15:45:25 UTC 2020 /home/travis/build/icyphy/ptII/ptolemy/actor/lib/test/auto/WidthTestWithSubscriberPublisher3.xml
----------------- Instantiating /home/travis/build/icyphy/ptII/ptolemy/actor/lib/test/auto/WidthTestWithSubscriberPublisher3.xml
3 ms. Memory: 441344K Free: 281899K (64%)
----------------- Invoking toplevel() on ptolemy.moml.MoMLSimpleApplication@211fb4b0
----------------- Done invoking toplevel() on ptolemy.moml.MoMLSimpleApplication@211fb4b0
reloadAllAccessors: .WidthTestWithSubscriberPublisher3

===========================================================================================
----------------- testing Thu Sep 10 15:45:25 UTC 2020 /home/travis/build/icyphy/ptII/ptolemy/actor/lib/test/auto/Writer.xml
----------------- Instantiating /home/travis/build/icyphy/ptII/ptolemy/actor/lib/test/auto/Writer.xml
0
1
2
3
4
2 ms. Memory: 441344K Free: 277803K (63%)
----------------- Invoking toplevel() on ptolemy.moml.MoMLSimpleApplication@1bcea2ea
----------------- Done invoking toplevel() on ptolemy.moml.MoMLSimpleApplication@1bcea2ea
reloadAllAccessors: .Writer

===========================================================================================
----------------- testing Thu Sep 10 15:45:25 UTC 2020 /home/travis/build/icyphy/ptII/ptolemy/actor/lib/test/auto/array.xml
----------------- Instantiating /home/travis/build/icyphy/ptII/ptolemy/actor/lib/test/auto/array.xml
2 ms. Memory: 441344K Free: 272683K (62%)
----------------- Invoking toplevel() on ptolemy.moml.MoMLSimpleApplication@41b027fc
----------------- Done invoking toplevel() on ptolemy.moml.MoMLSimpleApplication@41b027fc
reloadAllAccessors: .array

===========================================================================================
----------------- testing Thu Sep 10 15:45:25 UTC 2020 /home/travis/build/icyphy/ptII/ptolemy/actor/lib/test/auto/array2.xml
----------------- Instantiating /home/travis/build/icyphy/ptII/ptolemy/actor/lib/test/auto/array2.xml
5 ms. Memory: 441344K Free: 268059K (61%)
----------------- Invoking toplevel() on ptolemy.moml.MoMLSimpleApplication@70226e4a
----------------- Done invoking toplevel() on ptolemy.moml.MoMLSimpleApplication@70226e4a
reloadAllAccessors: .array2

===========================================================================================
----------------- testing Thu Sep 10 15:45:25 UTC 2020 /home/travis/build/icyphy/ptII/ptolemy/actor/lib/test/auto/arrayType.xml
----------------- Instantiating /home/travis/build/icyphy/ptII/ptolemy/actor/lib/test/auto/arrayType.xml
1 ms. Memory: 441344K Free: 262953K (60%)
----------------- Invoking toplevel() on ptolemy.moml.MoMLSimpleApplication@6c702475
----------------- Done invoking toplevel() on ptolemy.moml.MoMLSimpleApplication@6c702475
reloadAllAccessors: .arrayType

===========================================================================================
----------------- testing Thu Sep 10 15:45:25 UTC 2020 /home/travis/build/icyphy/ptII/ptolemy/actor/lib/test/auto/arrayType10.xml
----------------- Instantiating /home/travis/build/icyphy/ptII/ptolemy/actor/lib/test/auto/arrayType10.xml
2 ms. Memory: 441344K Free: 257833K (58%)
----------------- Invoking toplevel() on ptolemy.moml.MoMLSimpleApplication@4d70be91
----------------- Done invoking toplevel() on ptolemy.moml.MoMLSimpleApplication@4d70be91
reloadAllAccessors: .arrayType10

===========================================================================================
----------------- testing Thu Sep 10 15:45:25 UTC 2020 /home/travis/build/icyphy/ptII/ptolemy/actor/lib/test/auto/arrayType11.xml
----------------- Instantiating /home/travis/build/icyphy/ptII/ptolemy/actor/lib/test/auto/arrayType11.xml
1 ms. Memory: 441344K Free: 253227K (57%)
----------------- Invoking toplevel() on ptolemy.moml.MoMLSimpleApplication@4173ef17
----------------- Done invoking toplevel() on ptolemy.moml.MoMLSimpleApplication@4173ef17
reloadAllAccessors: .arrayType11

===========================================================================================
----------------- testing Thu Sep 10 15:45:25 UTC 2020 /home/travis/build/icyphy/ptII/ptolemy/actor/lib/test/auto/arrayType12.xml
----------------- Instantiating /home/travis/build/icyphy/ptII/ptolemy/actor/lib/test/auto/arrayType12.xml
1 ms. Memory: 441344K Free: 248617K (56%)
----------------- Invoking toplevel() on ptolemy.moml.MoMLSimpleApplication@37b1313f
----------------- Done invoking toplevel() on ptolemy.moml.MoMLSimpleApplication@37b1313f
reloadAllAccessors: .arrayType12

===========================================================================================
----------------- testing Thu Sep 10 15:45:25 UTC 2020 /home/travis/build/icyphy/ptII/ptolemy/actor/lib/test/auto/arrayType13.xml
----------------- Instantiating /home/travis/build/icyphy/ptII/ptolemy/actor/lib/test/auto/arrayType13.xml
1 ms. Memory: 441344K Free: 242473K (55%)
----------------- Invoking toplevel() on ptolemy.moml.MoMLSimpleApplication@5e6e14f2
----------------- Done invoking toplevel() on ptolemy.moml.MoMLSimpleApplication@5e6e14f2
reloadAllAccessors: .arrayType13

===========================================================================================
----------------- testing Thu Sep 10 15:45:25 UTC 2020 /home/travis/build/icyphy/ptII/ptolemy/actor/lib/test/auto/arrayType14.xml
----------------- Instantiating /home/travis/build/icyphy/ptII/ptolemy/actor/lib/test/auto/arrayType14.xml
1 ms. Memory: 441344K Free: 237353K (54%)
----------------- Invoking toplevel() on ptolemy.moml.MoMLSimpleApplication@3bcbe1d3
----------------- Done invoking toplevel() on ptolemy.moml.MoMLSimpleApplication@3bcbe1d3
reloadAllAccessors: .arrayType14

===========================================================================================
----------------- testing Thu Sep 10 15:45:25 UTC 2020 /home/travis/build/icyphy/ptII/ptolemy/actor/lib/test/auto/arrayType15.xml
----------------- Instantiating /home/travis/build/icyphy/ptII/ptolemy/actor/lib/test/auto/arrayType15.xml
2 ms. Memory: 441344K Free: 232233K (53%)
----------------- Invoking toplevel() on ptolemy.moml.MoMLSimpleApplication@58060266
----------------- Done invoking toplevel() on ptolemy.moml.MoMLSimpleApplication@58060266
reloadAllAccessors: .arrayType15

===========================================================================================
----------------- testing Thu Sep 10 15:45:25 UTC 2020 /home/travis/build/icyphy/ptII/ptolemy/actor/lib/test/auto/arrayType16.xml
----------------- Instantiating /home/travis/build/icyphy/ptII/ptolemy/actor/lib/test/auto/arrayType16.xml
2 ms. Memory: 441344K Free: 226603K (51%)
----------------- Invoking toplevel() on ptolemy.moml.MoMLSimpleApplication@43c1bec6
----------------- Done invoking toplevel() on ptolemy.moml.MoMLSimpleApplication@43c1bec6
reloadAllAccessors: .arrayType16

===========================================================================================
----------------- testing Thu Sep 10 15:45:25 UTC 2020 /home/travis/build/icyphy/ptII/ptolemy/actor/lib/test/auto/arrayType17.xml
----------------- Instantiating /home/travis/build/icyphy/ptII/ptolemy/actor/lib/test/auto/arrayType17.xml
1 ms. Memory: 441344K Free: 221483K (50%)
----------------- Invoking toplevel() on ptolemy.moml.MoMLSimpleApplication@9eb655a
----------------- Done invoking toplevel() on ptolemy.moml.MoMLSimpleApplication@9eb655a
reloadAllAccessors: .arrayType17

===========================================================================================
----------------- testing Thu Sep 10 15:45:25 UTC 2020 /home/travis/build/icyphy/ptII/ptolemy/actor/lib/test/auto/arrayType18.xml
----------------- Instantiating /home/travis/build/icyphy/ptII/ptolemy/actor/lib/test/auto/arrayType18.xml
2 ms. Memory: 441344K Free: 216873K (49%)
----------------- Invoking toplevel() on ptolemy.moml.MoMLSimpleApplication@2a594b5c
----------------- Done invoking toplevel() on ptolemy.moml.MoMLSimpleApplication@2a594b5c
reloadAllAccessors: .arrayType18

===========================================================================================
----------------- testing Thu Sep 10 15:45:25 UTC 2020 /home/travis/build/icyphy/ptII/ptolemy/actor/lib/test/auto/arrayType19.xml
----------------- Instantiating /home/travis/build/icyphy/ptII/ptolemy/actor/lib/test/auto/arrayType19.xml
1 ms. Memory: 441344K Free: 211753K (48%)
----------------- Invoking toplevel() on ptolemy.moml.MoMLSimpleApplication@6b2411ba
----------------- Done invoking toplevel() on ptolemy.moml.MoMLSimpleApplication@6b2411ba
reloadAllAccessors: .arrayType19

===========================================================================================
----------------- testing Thu Sep 10 15:45:25 UTC 2020 /home/travis/build/icyphy/ptII/ptolemy/actor/lib/test/auto/arrayType2.xml
----------------- Instantiating /home/travis/build/icyphy/ptII/ptolemy/actor/lib/test/auto/arrayType2.xml
2 ms. Memory: 441344K Free: 206633K (47%)
----------------- Invoking toplevel() on ptolemy.moml.MoMLSimpleApplication@3bbe650d
----------------- Done invoking toplevel() on ptolemy.moml.MoMLSimpleApplication@3bbe650d
reloadAllAccessors: .arrayType2

===========================================================================================
----------------- testing Thu Sep 10 15:45:25 UTC 2020 /home/travis/build/icyphy/ptII/ptolemy/actor/lib/test/auto/arrayType20.xml
----------------- Instantiating /home/travis/build/icyphy/ptII/ptolemy/actor/lib/test/auto/arrayType20.xml
1 ms. Memory: 441344K Free: 202027K (46%)
----------------- Invoking toplevel() on ptolemy.moml.MoMLSimpleApplication@626dd0c
----------------- Done invoking toplevel() on ptolemy.moml.MoMLSimpleApplication@626dd0c
reloadAllAccessors: .arrayType20

===========================================================================================
----------------- testing Thu Sep 10 15:45:25 UTC 2020 /home/travis/build/icyphy/ptII/ptolemy/actor/lib/test/auto/arrayType21.xml
----------------- Instantiating /home/travis/build/icyphy/ptII/ptolemy/actor/lib/test/auto/arrayType21.xml
2 ms. Memory: 441344K Free: 196907K (45%)
----------------- Invoking toplevel() on ptolemy.moml.MoMLSimpleApplication@16c25ea5
----------------- Done invoking toplevel() on ptolemy.moml.MoMLSimpleApplication@16c25ea5
reloadAllAccessors: .arrayType21

===========================================================================================
----------------- testing Thu Sep 10 15:45:25 UTC 2020 /home/travis/build/icyphy/ptII/ptolemy/actor/lib/test/auto/arrayType22.xml
----------------- Instantiating /home/travis/build/icyphy/ptII/ptolemy/actor/lib/test/auto/arrayType22.xml
2 ms. Memory: 441344K Free: 192297K (44%)
----------------- Invoking toplevel() on ptolemy.moml.MoMLSimpleApplication@33bc10ac
----------------- Done invoking toplevel() on ptolemy.moml.MoMLSimpleApplication@33bc10ac
reloadAllAccessors: .arrayType22

===========================================================================================
----------------- testing Thu Sep 10 15:45:25 UTC 2020 /home/travis/build/icyphy/ptII/ptolemy/actor/lib/test/auto/arrayType23.xml
----------------- Instantiating /home/travis/build/icyphy/ptII/ptolemy/actor/lib/test/auto/arrayType23.xml
1 ms. Memory: 441344K Free: 187177K (42%)
----------------- Invoking toplevel() on ptolemy.moml.MoMLSimpleApplication@b97e76f
----------------- Done invoking toplevel() on ptolemy.moml.MoMLSimpleApplication@b97e76f
reloadAllAccessors: .arrayType23

===========================================================================================
----------------- testing Thu Sep 10 15:45:25 UTC 2020 /home/travis/build/icyphy/ptII/ptolemy/actor/lib/test/auto/arrayType24.xml
----------------- Instantiating /home/travis/build/icyphy/ptII/ptolemy/actor/lib/test/auto/arrayType24.xml
1 ms. Memory: 441344K Free: 182571K (41%)
----------------- Invoking toplevel() on ptolemy.moml.MoMLSimpleApplication@5927d287
----------------- Done invoking toplevel() on ptolemy.moml.MoMLSimpleApplication@5927d287
reloadAllAccessors: .arrayType24

===========================================================================================
----------------- testing Thu Sep 10 15:45:25 UTC 2020 /home/travis/build/icyphy/ptII/ptolemy/actor/lib/test/auto/arrayType25.xml
----------------- Instantiating /home/travis/build/icyphy/ptII/ptolemy/actor/lib/test/auto/arrayType25.xml
2 ms. Memory: 441344K Free: 177451K (40%)
----------------- Invoking toplevel() on ptolemy.moml.MoMLSimpleApplication@582d009e
----------------- Done invoking toplevel() on ptolemy.moml.MoMLSimpleApplication@582d009e
reloadAllAccessors: .arrayType25

===========================================================================================
----------------- testing Thu Sep 10 15:45:25 UTC 2020 /home/travis/build/icyphy/ptII/ptolemy/actor/lib/test/auto/arrayType26.xml
----------------- Instantiating /home/travis/build/icyphy/ptII/ptolemy/actor/lib/test/auto/arrayType26.xml
1 ms. Memory: 441344K Free: 171817K (39%)
----------------- Invoking toplevel() on ptolemy.moml.MoMLSimpleApplication@4629aaf3
----------------- Done invoking toplevel() on ptolemy.moml.MoMLSimpleApplication@4629aaf3
reloadAllAccessors: .arrayType26

===========================================================================================
----------------- testing Thu Sep 10 15:45:25 UTC 2020 /home/travis/build/icyphy/ptII/ptolemy/actor/lib/test/auto/arrayType27.xml
----------------- Instantiating /home/travis/build/icyphy/ptII/ptolemy/actor/lib/test/auto/arrayType27.xml
1 ms. Memory: 441344K Free: 166697K (38%)
----------------- Invoking toplevel() on ptolemy.moml.MoMLSimpleApplication@5aba48f6
----------------- Done invoking toplevel() on ptolemy.moml.MoMLSimpleApplication@5aba48f6
reloadAllAccessors: .arrayType27

===========================================================================================
----------------- testing Thu Sep 10 15:45:25 UTC 2020 /home/travis/build/icyphy/ptII/ptolemy/actor/lib/test/auto/arrayType28.xml
----------------- Instantiating /home/travis/build/icyphy/ptII/ptolemy/actor/lib/test/auto/arrayType28.xml
2 ms. Memory: 441344K Free: 161577K (37%)
----------------- Invoking toplevel() on ptolemy.moml.MoMLSimpleApplication@12f65f51
----------------- Done invoking toplevel() on ptolemy.moml.MoMLSimpleApplication@12f65f51
reloadAllAccessors: .arrayType28

===========================================================================================
----------------- testing Thu Sep 10 15:45:25 UTC 2020 /home/travis/build/icyphy/ptII/ptolemy/actor/lib/test/auto/arrayType3.xml
----------------- Instantiating /home/travis/build/icyphy/ptII/ptolemy/actor/lib/test/auto/arrayType3.xml
5 ms. Memory: 441344K Free: 155947K (35%)
----------------- Invoking toplevel() on ptolemy.moml.MoMLSimpleApplication@7eee3fd5
----------------- Done invoking toplevel() on ptolemy.moml.MoMLSimpleApplication@7eee3fd5
reloadAllAccessors: .arrayType3

===========================================================================================
----------------- testing Thu Sep 10 15:45:25 UTC 2020 /home/travis/build/icyphy/ptII/ptolemy/actor/lib/test/auto/arrayType4.xml
----------------- Instantiating /home/travis/build/icyphy/ptII/ptolemy/actor/lib/test/auto/arrayType4.xml
1 ms. Memory: 441344K Free: 150827K (34%)
----------------- Invoking toplevel() on ptolemy.moml.MoMLSimpleApplication@686304f0
----------------- Done invoking toplevel() on ptolemy.moml.MoMLSimpleApplication@686304f0
reloadAllAccessors: .arrayType4

===========================================================================================
----------------- testing Thu Sep 10 15:45:25 UTC 2020 /home/travis/build/icyphy/ptII/ptolemy/actor/lib/test/auto/arrayType5.xml
----------------- Instantiating /home/travis/build/icyphy/ptII/ptolemy/actor/lib/test/auto/arrayType5.xml
2 ms. Memory: 441344K Free: 145193K (33%)
----------------- Invoking toplevel() on ptolemy.moml.MoMLSimpleApplication@1e36f632
----------------- Done invoking toplevel() on ptolemy.moml.MoMLSimpleApplication@1e36f632
reloadAllAccessors: .arrayType5

===========================================================================================
----------------- testing Thu Sep 10 15:45:25 UTC 2020 /home/travis/build/icyphy/ptII/ptolemy/actor/lib/test/auto/arrayType6.xml
----------------- Instantiating /home/travis/build/icyphy/ptII/ptolemy/actor/lib/test/auto/arrayType6.xml
1 ms. Memory: 441344K Free: 140587K (32%)
----------------- Invoking toplevel() on ptolemy.moml.MoMLSimpleApplication@6bafebec
----------------- Done invoking toplevel() on ptolemy.moml.MoMLSimpleApplication@6bafebec
reloadAllAccessors: .arrayType6

===========================================================================================
----------------- testing Thu Sep 10 15:45:25 UTC 2020 /home/travis/build/icyphy/ptII/ptolemy/actor/lib/test/auto/arrayType7.xml
----------------- Instantiating /home/travis/build/icyphy/ptII/ptolemy/actor/lib/test/auto/arrayType7.xml
6 ms. Memory: 441344K Free: 135977K (31%)
----------------- Invoking toplevel() on ptolemy.moml.MoMLSimpleApplication@7aadcdcc
----------------- Done invoking toplevel() on ptolemy.moml.MoMLSimpleApplication@7aadcdcc
reloadAllAccessors: .arrayType7

===========================================================================================
----------------- testing Thu Sep 10 15:45:25 UTC 2020 /home/travis/build/icyphy/ptII/ptolemy/actor/lib/test/auto/arrayType8.xml
----------------- Instantiating /home/travis/build/icyphy/ptII/ptolemy/actor/lib/test/auto/arrayType8.xml
1 ms. Memory: 441344K Free: 130347K (30%)
----------------- Invoking toplevel() on ptolemy.moml.MoMLSimpleApplication@119ab80a
----------------- Done invoking toplevel() on ptolemy.moml.MoMLSimpleApplication@119ab80a
reloadAllAccessors: .arrayType8

===========================================================================================
----------------- testing Thu Sep 10 15:45:25 UTC 2020 /home/travis/build/icyphy/ptII/ptolemy/actor/lib/test/auto/arrayType9.xml
----------------- Instantiating /home/travis/build/icyphy/ptII/ptolemy/actor/lib/test/auto/arrayType9.xml
1 ms. Memory: 441344K Free: 125737K (28%)
----------------- Invoking toplevel() on ptolemy.moml.MoMLSimpleApplication@1ddc1360
----------------- Done invoking toplevel() on ptolemy.moml.MoMLSimpleApplication@1ddc1360
reloadAllAccessors: .arrayType9

===========================================================================================
----------------- testing Thu Sep 10 15:45:25 UTC 2020 /home/travis/build/icyphy/ptII/ptolemy/actor/lib/test/auto/cast.xml
----------------- Instantiating /home/travis/build/icyphy/ptII/ptolemy/actor/lib/test/auto/cast.xml
12 ms. Memory: 441344K Free: 378659K (86%)
----------------- Invoking toplevel() on ptolemy.moml.MoMLSimpleApplication@28c88c1b
----------------- Done invoking toplevel() on ptolemy.moml.MoMLSimpleApplication@28c88c1b
reloadAllAccessors: .cast

===========================================================================================
----------------- testing Thu Sep 10 15:45:25 UTC 2020 /home/travis/build/icyphy/ptII/ptolemy/actor/lib/test/auto/compositeMultiPort.xml
----------------- Instantiating /home/travis/build/icyphy/ptII/ptolemy/actor/lib/test/auto/compositeMultiPort.xml
3 ms. Memory: 441344K Free: 369923K (84%)
----------------- Invoking toplevel() on ptolemy.moml.MoMLSimpleApplication@ecadc7b
----------------- Done invoking toplevel() on ptolemy.moml.MoMLSimpleApplication@ecadc7b
reloadAllAccessors: .compositeMultiPort

===========================================================================================
----------------- testing Thu Sep 10 15:45:25 UTC 2020 /home/travis/build/icyphy/ptII/ptolemy/actor/lib/test/auto/expressionCastInference.xml
----------------- Instantiating /home/travis/build/icyphy/ptII/ptolemy/actor/lib/test/auto/expressionCastInference.xml
2 ms. Memory: 441344K Free: 364833K (83%)
----------------- Invoking toplevel() on ptolemy.moml.MoMLSimpleApplication@2d39c098
----------------- Done invoking toplevel() on ptolemy.moml.MoMLSimpleApplication@2d39c098
reloadAllAccessors: .expressionCastInference

===========================================================================================
----------------- testing Thu Sep 10 15:45:25 UTC 2020 /home/travis/build/icyphy/ptII/ptolemy/actor/lib/test/auto/expressionCastInference2.xml
----------------- Instantiating /home/travis/build/icyphy/ptII/ptolemy/actor/lib/test/auto/expressionCastInference2.xml
2 ms. Memory: 441344K Free: 360227K (82%)
----------------- Invoking toplevel() on ptolemy.moml.MoMLSimpleApplication@354d5723
----------------- Done invoking toplevel() on ptolemy.moml.MoMLSimpleApplication@354d5723
reloadAllAccessors: .expressionCastInference2

===========================================================================================
----------------- testing Thu Sep 10 15:45:26 UTC 2020 /home/travis/build/icyphy/ptII/ptolemy/actor/lib/test/auto/expressionInference.xml
----------------- Instantiating /home/travis/build/icyphy/ptII/ptolemy/actor/lib/test/auto/expressionInference.xml
1 ms. Memory: 441344K Free: 356131K (81%)
----------------- Invoking toplevel() on ptolemy.moml.MoMLSimpleApplication@16ceefcf
----------------- Done invoking toplevel() on ptolemy.moml.MoMLSimpleApplication@16ceefcf
reloadAllAccessors: .expressionInference

===========================================================================================
----------------- testing Thu Sep 10 15:45:26 UTC 2020 /home/travis/build/icyphy/ptII/ptolemy/actor/lib/test/auto/expression_bug.xml
----------------- Instantiating /home/travis/build/icyphy/ptII/ptolemy/actor/lib/test/auto/expression_bug.xml
1 ms. Memory: 441344K Free: 351521K (80%)
----------------- Invoking toplevel() on ptolemy.moml.MoMLSimpleApplication@7714a5ab
----------------- Done invoking toplevel() on ptolemy.moml.MoMLSimpleApplication@7714a5ab
reloadAllAccessors: .expression_bug

===========================================================================================
----------------- testing Thu Sep 10 15:45:26 UTC 2020 /home/travis/build/icyphy/ptII/ptolemy/actor/lib/test/auto/factorial.xml
----------------- Instantiating /home/travis/build/icyphy/ptII/ptolemy/actor/lib/test/auto/factorial.xml
38 ms. Memory: 441344K Free: 342819K (78%)
----------------- Invoking toplevel() on ptolemy.moml.MoMLSimpleApplication@10fa128
----------------- Done invoking toplevel() on ptolemy.moml.MoMLSimpleApplication@10fa128
reloadAllAccessors: .factorial

===========================================================================================
----------------- testing Thu Sep 10 15:45:26 UTC 2020 /home/travis/build/icyphy/ptII/ptolemy/actor/lib/test/auto/filterTest1.xml
----------------- Instantiating /home/travis/build/icyphy/ptII/ptolemy/actor/lib/test/auto/filterTest1.xml
3 ms. Memory: 441344K Free: 336675K (76%)
----------------- Invoking toplevel() on ptolemy.moml.MoMLSimpleApplication@410a063d
----------------- Done invoking toplevel() on ptolemy.moml.MoMLSimpleApplication@410a063d
reloadAllAccessors: .filterTest1

===========================================================================================
----------------- testing Thu Sep 10 15:45:26 UTC 2020 /home/travis/build/icyphy/ptII/ptolemy/actor/lib/test/auto/funcApplyInConst.xml
----------------- Instantiating /home/travis/build/icyphy/ptII/ptolemy/actor/lib/test/auto/funcApplyInConst.xml
1 ms. Memory: 441344K Free: 333089K (75%)
----------------- Invoking toplevel() on ptolemy.moml.MoMLSimpleApplication@60dbe53
----------------- Done invoking toplevel() on ptolemy.moml.MoMLSimpleApplication@60dbe53
reloadAllAccessors: .funcApplyInConst

===========================================================================================
----------------- testing Thu Sep 10 15:45:26 UTC 2020 /home/travis/build/icyphy/ptII/ptolemy/actor/lib/test/auto/funcApplyInExpr.xml
----------------- Instantiating /home/travis/build/icyphy/ptII/ptolemy/actor/lib/test/auto/funcApplyInExpr.xml
1 ms. Memory: 441344K Free: 329507K (75%)
----------------- Invoking toplevel() on ptolemy.moml.MoMLSimpleApplication@6a6ee3a4
----------------- Done invoking toplevel() on ptolemy.moml.MoMLSimpleApplication@6a6ee3a4
reloadAllAccessors: .funcApplyInExpr

===========================================================================================
----------------- testing Thu Sep 10 15:45:26 UTC 2020 /home/travis/build/icyphy/ptII/ptolemy/actor/lib/test/auto/function.xml
----------------- Instantiating /home/travis/build/icyphy/ptII/ptolemy/actor/lib/test/auto/function.xml
1 ms. Memory: 441344K Free: 324387K (73%)
----------------- Invoking toplevel() on ptolemy.moml.MoMLSimpleApplication@1dcd3626
----------------- Done invoking toplevel() on ptolemy.moml.MoMLSimpleApplication@1dcd3626
reloadAllAccessors: .function

===========================================================================================
----------------- testing Thu Sep 10 15:45:26 UTC 2020 /home/travis/build/icyphy/ptII/ptolemy/actor/lib/test/auto/function2.xml
----------------- Instantiating /home/travis/build/icyphy/ptII/ptolemy/actor/lib/test/auto/function2.xml
2 ms. Memory: 441344K Free: 319777K (72%)
----------------- Invoking toplevel() on ptolemy.moml.MoMLSimpleApplication@52b05e33
----------------- Done invoking toplevel() on ptolemy.moml.MoMLSimpleApplication@52b05e33
reloadAllAccessors: .function2

===========================================================================================
----------------- testing Thu Sep 10 15:45:26 UTC 2020 /home/travis/build/icyphy/ptII/ptolemy/actor/lib/test/auto/function3.xml
----------------- Instantiating /home/travis/build/icyphy/ptII/ptolemy/actor/lib/test/auto/function3.xml
1 ms. Memory: 441344K Free: 315681K (72%)
----------------- Invoking toplevel() on ptolemy.moml.MoMLSimpleApplication@24ba0880
----------------- Done invoking toplevel() on ptolemy.moml.MoMLSimpleApplication@24ba0880
reloadAllAccessors: .function3

===========================================================================================
----------------- testing Thu Sep 10 15:45:26 UTC 2020 /home/travis/build/icyphy/ptII/ptolemy/actor/lib/test/auto/functionClosureTest1.xml
----------------- Instantiating /home/travis/build/icyphy/ptII/ptolemy/actor/lib/test/auto/functionClosureTest1.xml
2 ms. Memory: 441344K Free: 310051K (70%)
----------------- Invoking toplevel() on ptolemy.moml.MoMLSimpleApplication@42d0d7d2
----------------- Done invoking toplevel() on ptolemy.moml.MoMLSimpleApplication@42d0d7d2
reloadAllAccessors: .functionClosureTest1

===========================================================================================
----------------- testing Thu Sep 10 15:45:26 UTC 2020 /home/travis/build/icyphy/ptII/ptolemy/actor/lib/test/auto/functionClosureTest2.xml
----------------- Instantiating /home/travis/build/icyphy/ptII/ptolemy/actor/lib/test/auto/functionClosureTest2.xml
1 ms. Memory: 441344K Free: 305955K (69%)
----------------- Invoking toplevel() on ptolemy.moml.MoMLSimpleApplication@54336a55
----------------- Done invoking toplevel() on ptolemy.moml.MoMLSimpleApplication@54336a55
reloadAllAccessors: .functionClosureTest2

===========================================================================================
----------------- testing Thu Sep 10 15:45:26 UTC 2020 /home/travis/build/icyphy/ptII/ptolemy/actor/lib/test/auto/functionClosureTest3.xml
----------------- Instantiating /home/travis/build/icyphy/ptII/ptolemy/actor/lib/test/auto/functionClosureTest3.xml
4 ms. Memory: 441344K Free: 300835K (68%)
----------------- Invoking toplevel() on ptolemy.moml.MoMLSimpleApplication@5df9866b
----------------- Done invoking toplevel() on ptolemy.moml.MoMLSimpleApplication@5df9866b
reloadAllAccessors: .functionClosureTest3

===========================================================================================
----------------- testing Thu Sep 10 15:45:26 UTC 2020 /home/travis/build/icyphy/ptII/ptolemy/actor/lib/test/auto/functionClosureTest4.xml
----------------- Instantiating /home/travis/build/icyphy/ptII/ptolemy/actor/lib/test/auto/functionClosureTest4.xml
3 ms. Memory: 441344K Free: 294177K (67%)
----------------- Invoking toplevel() on ptolemy.moml.MoMLSimpleApplication@617626e1
----------------- Done invoking toplevel() on ptolemy.moml.MoMLSimpleApplication@617626e1
reloadAllAccessors: .functionClosureTest4

===========================================================================================
----------------- testing Thu Sep 10 15:45:26 UTC 2020 /home/travis/build/icyphy/ptII/ptolemy/actor/lib/test/auto/functionClosureTest5.xml
----------------- Instantiating /home/travis/build/icyphy/ptII/ptolemy/actor/lib/test/auto/functionClosureTest5.xml
4 ms. Memory: 441344K Free: 289043K (65%)
----------------- Invoking toplevel() on ptolemy.moml.MoMLSimpleApplication@1d4519b1
----------------- Done invoking toplevel() on ptolemy.moml.MoMLSimpleApplication@1d4519b1
reloadAllAccessors: .functionClosureTest5

===========================================================================================
----------------- testing Thu Sep 10 15:45:26 UTC 2020 /home/travis/build/icyphy/ptII/ptolemy/actor/lib/test/auto/functionClosureTest6.xml
----------------- Instantiating /home/travis/build/icyphy/ptII/ptolemy/actor/lib/test/auto/functionClosureTest6.xml
2 ms. Memory: 441344K Free: 283937K (64%)
----------------- Invoking toplevel() on ptolemy.moml.MoMLSimpleApplication@5059df49
----------------- Done invoking toplevel() on ptolemy.moml.MoMLSimpleApplication@5059df49
reloadAllAccessors: .functionClosureTest6

===========================================================================================
----------------- testing Thu Sep 10 15:45:26 UTC 2020 /home/travis/build/icyphy/ptII/ptolemy/actor/lib/test/auto/functionsOnArcs.xml
----------------- Instantiating /home/travis/build/icyphy/ptII/ptolemy/actor/lib/test/auto/functionsOnArcs.xml
1 ms. Memory: 441344K Free: 278817K (63%)
----------------- Invoking toplevel() on ptolemy.moml.MoMLSimpleApplication@f9f6673
----------------- Done invoking toplevel() on ptolemy.moml.MoMLSimpleApplication@f9f6673
reloadAllAccessors: .functionsOnArcs

===========================================================================================
----------------- testing Thu Sep 10 15:45:26 UTC 2020 /home/travis/build/icyphy/ptII/ptolemy/actor/lib/test/auto/functionsOnArcsHOF.xml
----------------- Instantiating /home/travis/build/icyphy/ptII/ptolemy/actor/lib/test/auto/functionsOnArcsHOF.xml
7 ms. Memory: 441344K Free: 273187K (62%)
----------------- Invoking toplevel() on ptolemy.moml.MoMLSimpleApplication@786cbdd6
----------------- Done invoking toplevel() on ptolemy.moml.MoMLSimpleApplication@786cbdd6
reloadAllAccessors: .functionsOnArcsHOF

===========================================================================================
----------------- testing Thu Sep 10 15:45:26 UTC 2020 /home/travis/build/icyphy/ptII/ptolemy/actor/lib/test/auto/logic.xml
----------------- Instantiating /home/travis/build/icyphy/ptII/ptolemy/actor/lib/test/auto/logic.xml
2 ms. Memory: 441344K Free: 265505K (60%)
----------------- Invoking toplevel() on ptolemy.moml.MoMLSimpleApplication@52f9e0f8
----------------- Done invoking toplevel() on ptolemy.moml.MoMLSimpleApplication@52f9e0f8
reloadAllAccessors: .logic

===========================================================================================
----------------- testing Thu Sep 10 15:45:26 UTC 2020 /home/travis/build/icyphy/ptII/ptolemy/actor/lib/test/auto/matrixType.xml
----------------- Instantiating /home/travis/build/icyphy/ptII/ptolemy/actor/lib/test/auto/matrixType.xml
1 ms. Memory: 441344K Free: 260371K (59%)
----------------- Invoking toplevel() on ptolemy.moml.MoMLSimpleApplication@15d12abd
----------------- Done invoking toplevel() on ptolemy.moml.MoMLSimpleApplication@15d12abd
reloadAllAccessors: .matrixType

===========================================================================================
----------------- testing Thu Sep 10 15:45:26 UTC 2020 /home/travis/build/icyphy/ptII/ptolemy/actor/lib/test/auto/matrixType10.xml
----------------- Instantiating /home/travis/build/icyphy/ptII/ptolemy/actor/lib/test/auto/matrixType10.xml
2 ms. Memory: 441344K Free: 255265K (58%)
----------------- Invoking toplevel() on ptolemy.moml.MoMLSimpleApplication@648576e9
----------------- Done invoking toplevel() on ptolemy.moml.MoMLSimpleApplication@648576e9
reloadAllAccessors: .matrixType10

===========================================================================================
----------------- testing Thu Sep 10 15:45:26 UTC 2020 /home/travis/build/icyphy/ptII/ptolemy/actor/lib/test/auto/matrixType11.xml
----------------- Instantiating /home/travis/build/icyphy/ptII/ptolemy/actor/lib/test/auto/matrixType11.xml
2 ms. Memory: 441344K Free: 250659K (57%)
----------------- Invoking toplevel() on ptolemy.moml.MoMLSimpleApplication@2221842c
----------------- Done invoking toplevel() on ptolemy.moml.MoMLSimpleApplication@2221842c
reloadAllAccessors: .matrixType11

===========================================================================================
----------------- testing Thu Sep 10 15:45:26 UTC 2020 /home/travis/build/icyphy/ptII/ptolemy/actor/lib/test/auto/matrixType12.xml
----------------- Instantiating /home/travis/build/icyphy/ptII/ptolemy/actor/lib/test/auto/matrixType12.xml
1 ms. Memory: 441344K Free: 245539K (56%)
----------------- Invoking toplevel() on ptolemy.moml.MoMLSimpleApplication@21db6be8
----------------- Done invoking toplevel() on ptolemy.moml.MoMLSimpleApplication@21db6be8
reloadAllAccessors: .matrixType12

===========================================================================================
----------------- testing Thu Sep 10 15:45:26 UTC 2020 /home/travis/build/icyphy/ptII/ptolemy/actor/lib/test/auto/matrixType13.xml
----------------- Instantiating /home/travis/build/icyphy/ptII/ptolemy/actor/lib/test/auto/matrixType13.xml
1 ms. Memory: 441344K Free: 240929K (55%)
----------------- Invoking toplevel() on ptolemy.moml.MoMLSimpleApplication@1c16c82b
----------------- Done invoking toplevel() on ptolemy.moml.MoMLSimpleApplication@1c16c82b
reloadAllAccessors: .matrixType13

===========================================================================================
----------------- testing Thu Sep 10 15:45:26 UTC 2020 /home/travis/build/icyphy/ptII/ptolemy/actor/lib/test/auto/matrixType14.xml
----------------- Instantiating /home/travis/build/icyphy/ptII/ptolemy/actor/lib/test/auto/matrixType14.xml
1 ms. Memory: 441344K Free: 235809K (53%)
----------------- Invoking toplevel() on ptolemy.moml.MoMLSimpleApplication@7231b342
----------------- Done invoking toplevel() on ptolemy.moml.MoMLSimpleApplication@7231b342
reloadAllAccessors: .matrixType14

===========================================================================================
----------------- testing Thu Sep 10 15:45:26 UTC 2020 /home/travis/build/icyphy/ptII/ptolemy/actor/lib/test/auto/matrixType2.xml
----------------- Instantiating /home/travis/build/icyphy/ptII/ptolemy/actor/lib/test/auto/matrixType2.xml
1 ms. Memory: 441344K Free: 230689K (52%)
----------------- Invoking toplevel() on ptolemy.moml.MoMLSimpleApplication@258e1237
----------------- Done invoking toplevel() on ptolemy.moml.MoMLSimpleApplication@258e1237
reloadAllAccessors: .matrixType2

===========================================================================================
----------------- testing Thu Sep 10 15:45:26 UTC 2020 /home/travis/build/icyphy/ptII/ptolemy/actor/lib/test/auto/matrixType3.xml
----------------- Instantiating /home/travis/build/icyphy/ptII/ptolemy/actor/lib/test/auto/matrixType3.xml
3 ms. Memory: 441344K Free: 225569K (51%)
----------------- Invoking toplevel() on ptolemy.moml.MoMLSimpleApplication@91f278a
----------------- Done invoking toplevel() on ptolemy.moml.MoMLSimpleApplication@91f278a
reloadAllAccessors: .matrixType3

===========================================================================================
----------------- testing Thu Sep 10 15:45:26 UTC 2020 /home/travis/build/icyphy/ptII/ptolemy/actor/lib/test/auto/matrixType4.xml
----------------- Instantiating /home/travis/build/icyphy/ptII/ptolemy/actor/lib/test/auto/matrixType4.xml
1 ms. Memory: 441344K Free: 220963K (50%)
----------------- Invoking toplevel() on ptolemy.moml.MoMLSimpleApplication@c18355d
----------------- Done invoking toplevel() on ptolemy.moml.MoMLSimpleApplication@c18355d
reloadAllAccessors: .matrixType4

===========================================================================================
----------------- testing Thu Sep 10 15:45:26 UTC 2020 /home/travis/build/icyphy/ptII/ptolemy/actor/lib/test/auto/matrixType5.xml
----------------- Instantiating /home/travis/build/icyphy/ptII/ptolemy/actor/lib/test/auto/matrixType5.xml
2 ms. Memory: 441344K Free: 215843K (49%)
----------------- Invoking toplevel() on ptolemy.moml.MoMLSimpleApplication@56eaac0b
----------------- Done invoking toplevel() on ptolemy.moml.MoMLSimpleApplication@56eaac0b
reloadAllAccessors: .matrixType5

===========================================================================================
----------------- testing Thu Sep 10 15:45:26 UTC 2020 /home/travis/build/icyphy/ptII/ptolemy/actor/lib/test/auto/matrixType6.xml
----------------- Instantiating /home/travis/build/icyphy/ptII/ptolemy/actor/lib/test/auto/matrixType6.xml
2 ms. Memory: 441344K Free: 211233K (48%)
----------------- Invoking toplevel() on ptolemy.moml.MoMLSimpleApplication@3bae6b6
----------------- Done invoking toplevel() on ptolemy.moml.MoMLSimpleApplication@3bae6b6
reloadAllAccessors: .matrixType6

===========================================================================================
----------------- testing Thu Sep 10 15:45:26 UTC 2020 /home/travis/build/icyphy/ptII/ptolemy/actor/lib/test/auto/matrixType7.xml
----------------- Instantiating /home/travis/build/icyphy/ptII/ptolemy/actor/lib/test/auto/matrixType7.xml
1 ms. Memory: 441344K Free: 206113K (47%)
----------------- Invoking toplevel() on ptolemy.moml.MoMLSimpleApplication@6c37a36f
----------------- Done invoking toplevel() on ptolemy.moml.MoMLSimpleApplication@6c37a36f
reloadAllAccessors: .matrixType7

===========================================================================================
----------------- testing Thu Sep 10 15:45:26 UTC 2020 /home/travis/build/icyphy/ptII/ptolemy/actor/lib/test/auto/matrixType8.xml
----------------- Instantiating /home/travis/build/icyphy/ptII/ptolemy/actor/lib/test/auto/matrixType8.xml
1 ms. Memory: 441344K Free: 201507K (46%)
----------------- Invoking toplevel() on ptolemy.moml.MoMLSimpleApplication@2b029ba8
----------------- Done invoking toplevel() on ptolemy.moml.MoMLSimpleApplication@2b029ba8
reloadAllAccessors: .matrixType8

===========================================================================================
----------------- testing Thu Sep 10 15:45:26 UTC 2020 /home/travis/build/icyphy/ptII/ptolemy/actor/lib/test/auto/matrixType9.xml
----------------- Instantiating /home/travis/build/icyphy/ptII/ptolemy/actor/lib/test/auto/matrixType9.xml
1 ms. Memory: 441344K Free: 196387K (44%)
----------------- Invoking toplevel() on ptolemy.moml.MoMLSimpleApplication@3d43b162
----------------- Done invoking toplevel() on ptolemy.moml.MoMLSimpleApplication@3d43b162
reloadAllAccessors: .matrixType9

===========================================================================================
----------------- testing Thu Sep 10 15:45:26 UTC 2020 /home/travis/build/icyphy/ptII/ptolemy/actor/lib/test/auto/paraFunctest.xml
----------------- Instantiating /home/travis/build/icyphy/ptII/ptolemy/actor/lib/test/auto/paraFunctest.xml
2 ms. Memory: 441344K Free: 192801K (44%)
----------------- Invoking toplevel() on ptolemy.moml.MoMLSimpleApplication@72c246f4
----------------- Done invoking toplevel() on ptolemy.moml.MoMLSimpleApplication@72c246f4
reloadAllAccessors: .paraFunctest

===========================================================================================
----------------- testing Thu Sep 10 15:45:26 UTC 2020 /home/travis/build/icyphy/ptII/ptolemy/actor/lib/test/auto/paraFunctest2.xml
----------------- Instantiating /home/travis/build/icyphy/ptII/ptolemy/actor/lib/test/auto/paraFunctest2.xml
1 ms. Memory: 441344K Free: 187681K (43%)
----------------- Invoking toplevel() on ptolemy.moml.MoMLSimpleApplication@3dcdf6c3
----------------- Done invoking toplevel() on ptolemy.moml.MoMLSimpleApplication@3dcdf6c3
reloadAllAccessors: .paraFunctest2

===========================================================================================
----------------- testing Thu Sep 10 15:45:26 UTC 2020 /home/travis/build/icyphy/ptII/ptolemy/actor/lib/test/auto/parameterPassing.xml
----------------- Instantiating /home/travis/build/icyphy/ptII/ptolemy/actor/lib/test/auto/parameterPassing.xml
1 ms. Memory: 441344K Free: 183585K (42%)
----------------- Invoking toplevel() on ptolemy.moml.MoMLSimpleApplication@5a22b0b4
----------------- Done invoking toplevel() on ptolemy.moml.MoMLSimpleApplication@5a22b0b4
reloadAllAccessors: .parameterPassing

===========================================================================================
----------------- testing Thu Sep 10 15:45:26 UTC 2020 /home/travis/build/icyphy/ptII/ptolemy/actor/lib/test/auto/record.xml
----------------- Instantiating /home/travis/build/icyphy/ptII/ptolemy/actor/lib/test/auto/record.xml
3 ms. Memory: 441344K Free: 178465K (40%)
----------------- Invoking toplevel() on ptolemy.moml.MoMLSimpleApplication@3828dc8f
----------------- Done invoking toplevel() on ptolemy.moml.MoMLSimpleApplication@3828dc8f
reloadAllAccessors: .record

===========================================================================================
----------------- testing Thu Sep 10 15:45:26 UTC 2020 /home/travis/build/icyphy/ptII/ptolemy/actor/lib/test/auto/sizedarray1.xml
----------------- Instantiating /home/travis/build/icyphy/ptII/ptolemy/actor/lib/test/auto/sizedarray1.xml
1 ms. Memory: 441344K Free: 173345K (39%)
----------------- Invoking toplevel() on ptolemy.moml.MoMLSimpleApplication@4e5614df
----------------- Done invoking toplevel() on ptolemy.moml.MoMLSimpleApplication@4e5614df
reloadAllAccessors: .sizedarray1

===========================================================================================
----------------- testing Thu Sep 10 15:45:26 UTC 2020 /home/travis/build/icyphy/ptII/ptolemy/actor/lib/test/auto/sizedarray2.xml
----------------- Instantiating /home/travis/build/icyphy/ptII/ptolemy/actor/lib/test/auto/sizedarray2.xml
3 ms. Memory: 441344K Free: 167715K (38%)
----------------- Invoking toplevel() on ptolemy.moml.MoMLSimpleApplication@2a257569
----------------- Done invoking toplevel() on ptolemy.moml.MoMLSimpleApplication@2a257569
reloadAllAccessors: .sizedarray2

===========================================================================================
----------------- testing Thu Sep 10 15:45:26 UTC 2020 /home/travis/build/icyphy/ptII/ptolemy/actor/lib/test/auto/twoPublishers.xml
----------------- Instantiating /home/travis/build/icyphy/ptII/ptolemy/actor/lib/test/auto/twoPublishers.xml
5 ms. Memory: 441344K Free: 157475K (36%)
----------------- Invoking toplevel() on ptolemy.moml.MoMLSimpleApplication@2ebfe5d8
----------------- Done invoking toplevel() on ptolemy.moml.MoMLSimpleApplication@2ebfe5d8
reloadAllAccessors: .twoPublishers
AutoTests.java: About to close Vertx.
AutoTests.java: Vertx closed.
]]></system-out>
  <system-err><![CDATA[java.lang.RuntimeException: Execution failed
	at ptolemy.moml.MoMLSimpleApplication$UnloadThread.run(MoMLSimpleApplication.java:402)
Caused by: java.lang.RuntimeException: StringUtilities.exit() was called. Normally, we would exit here because Manager.exitAfterWrapup() was called.  However, because the ptolemy.ptII.exitAfterWrapup property is set, we throw this exception instead.
	at ptolemy.util.StringUtilities.exit(StringUtilities.java:365)
	at ptolemy.actor.Manager.wrapup(Manager.java:1549)
	at ptolemy.actor.Manager.execute(Manager.java:407)
	at ptolemy.actor.Manager.run(Manager.java:1263)
	at ptolemy.actor.Manager$PtolemyRunThread.run(Manager.java:1933)
Warning: '.top.test' is in training mode, set the trainingMode parameter to false before checking in
Warning: '.top.test' is in training mode, set the trainingMode parameter to false before checking in
Warning: '.top.test' is in training mode, set the trainingMode parameter to false before checking in
Warning: '.BooleanSwitch_RegressionTest_WrongTrainingValues.Test' is in training mode, set the trainingMode parameter to false before checking in
Warning: '.BooleanSwitch_RegressionTest_WrongTrainingValues.Test2' is in training mode, set the trainingMode parameter to false before checking in
Warning: '.BooleanSwitch_RegressionTest_WrongTrainingValues.Test2' The test produced 0 tokens.
Warning: '.top.testExceptionHandler' is in training mode, set the trainingMode parameter to false before checking in
java.lang.RuntimeException: Execution failed
	at ptolemy.moml.MoMLSimpleApplication$UnloadThread.run(MoMLSimpleApplication.java:402)
Caused by: ptolemy.kernel.util.IllegalActionException: PublisherPorts cannot be used at the top level, use a Publisher actor instead.
  in .PublisherPortToplevelSubscriber.PublisherPort
	at ptolemy.actor.PublisherPort.preinitialize(PublisherPort.java:403)
	at ptolemy.actor.CompositeActor.preinitialize(CompositeActor.java:1769)
	at ptolemy.actor.Manager.preinitializeAndResolveTypes(Manager.java:1040)
	at ptolemy.actor.Manager.initialize(Manager.java:710)
	at ptolemy.actor.Manager.execute(Manager.java:356)
	at ptolemy.actor.Manager.run(Manager.java:1263)
	at ptolemy.actor.Manager$PtolemyRunThread.run(Manager.java:1933)
java.lang.reflect.InvocationTargetException
	at java.base/jdk.internal.reflect.NativeConstructorAccessorImpl.newInstance0(Native Method)
	at java.base/jdk.internal.reflect.NativeConstructorAccessorImpl.newInstance(NativeConstructorAccessorImpl.java:62)
	at java.base/jdk.internal.reflect.DelegatingConstructorAccessorImpl.newInstance(DelegatingConstructorAccessorImpl.java:45)
	at java.base/java.lang.reflect.Constructor.newInstance(Constructor.java:490)
	at ptolemy.util.test.junit.AutoKnownFailedTests.RunModel(AutoKnownFailedTests.java:105)
	at java.base/jdk.internal.reflect.NativeMethodAccessorImpl.invoke0(Native Method)
	at java.base/jdk.internal.reflect.NativeMethodAccessorImpl.invoke(NativeMethodAccessorImpl.java:62)
	at java.base/jdk.internal.reflect.DelegatingMethodAccessorImpl.invoke(DelegatingMethodAccessorImpl.java:43)
	at java.base/java.lang.reflect.Method.invoke(Method.java:566)
	at org.junit.runners.model.FrameworkMethod$1.runReflectiveCall(FrameworkMethod.java:44)
	at org.junit.internal.runners.model.ReflectiveCallable.run(ReflectiveCallable.java:15)
	at org.junit.runners.model.FrameworkMethod.invokeExplosively(FrameworkMethod.java:41)
	at junitparams.internal.InvokeParameterisedMethod.evaluate(InvokeParameterisedMethod.java:102)
	at org.junit.internal.runners.statements.FailOnTimeout$1.run(FailOnTimeout.java:28)
Caused by: ptolemy.kernel.util.IllegalActionException: PublisherPorts cannot be used at the top level, use a Publisher actor instead.
  in .PublisherPortToplevelSubscriber.PublisherPort
	at ptolemy.actor.PublisherPort.preinitialize(PublisherPort.java:403)
	at ptolemy.actor.CompositeActor.preinitialize(CompositeActor.java:1769)
	at ptolemy.actor.Manager.preinitializeAndResolveTypes(Manager.java:1040)
	at ptolemy.actor.Manager.initialize(Manager.java:710)
	at ptolemy.actor.Manager.execute(Manager.java:356)
	at ptolemy.actor.Manager.run(Manager.java:1263)
	at ptolemy.actor.Manager$PtolemyRunThread.run(Manager.java:1933)
java.lang.RuntimeException: Execution failed
	at ptolemy.moml.MoMLSimpleApplication$UnloadThread.run(MoMLSimpleApplication.java:402)
Caused by: ptolemy.kernel.util.IllegalActionException: SubscriberPorts cannot be used at the top level, use a Subscriber actor instead.
  in .PublisherSubscriberPortToplevel.SubscriberPort
	at ptolemy.actor.SubscriberPort.preinitialize(SubscriberPort.java:328)
	at ptolemy.actor.CompositeActor.preinitialize(CompositeActor.java:1769)
	at ptolemy.actor.Manager.preinitializeAndResolveTypes(Manager.java:1040)
	at ptolemy.actor.Manager.initialize(Manager.java:710)
	at ptolemy.actor.Manager.execute(Manager.java:356)
	at ptolemy.actor.Manager.run(Manager.java:1263)
	at ptolemy.actor.Manager$PtolemyRunThread.run(Manager.java:1933)
java.lang.reflect.InvocationTargetException
	at java.base/jdk.internal.reflect.NativeConstructorAccessorImpl.newInstance0(Native Method)
	at java.base/jdk.internal.reflect.NativeConstructorAccessorImpl.newInstance(NativeConstructorAccessorImpl.java:62)
	at java.base/jdk.internal.reflect.DelegatingConstructorAccessorImpl.newInstance(DelegatingConstructorAccessorImpl.java:45)
	at java.base/java.lang.reflect.Constructor.newInstance(Constructor.java:490)
	at ptolemy.util.test.junit.AutoKnownFailedTests.RunModel(AutoKnownFailedTests.java:105)
	at java.base/jdk.internal.reflect.NativeMethodAccessorImpl.invoke0(Native Method)
	at java.base/jdk.internal.reflect.NativeMethodAccessorImpl.invoke(NativeMethodAccessorImpl.java:62)
	at java.base/jdk.internal.reflect.DelegatingMethodAccessorImpl.invoke(DelegatingMethodAccessorImpl.java:43)
	at java.base/java.lang.reflect.Method.invoke(Method.java:566)
	at org.junit.runners.model.FrameworkMethod$1.runReflectiveCall(FrameworkMethod.java:44)
	at org.junit.internal.runners.model.ReflectiveCallable.run(ReflectiveCallable.java:15)
	at org.junit.runners.model.FrameworkMethod.invokeExplosively(FrameworkMethod.java:41)
	at junitparams.internal.InvokeParameterisedMethod.evaluate(InvokeParameterisedMethod.java:102)
	at org.junit.internal.runners.statements.FailOnTimeout$1.run(FailOnTimeout.java:28)
Caused by: ptolemy.kernel.util.IllegalActionException: SubscriberPorts cannot be used at the top level, use a Subscriber actor instead.
  in .PublisherSubscriberPortToplevel.SubscriberPort
	at ptolemy.actor.SubscriberPort.preinitialize(SubscriberPort.java:328)
	at ptolemy.actor.CompositeActor.preinitialize(CompositeActor.java:1769)
	at ptolemy.actor.Manager.preinitializeAndResolveTypes(Manager.java:1040)
	at ptolemy.actor.Manager.initialize(Manager.java:710)
	at ptolemy.actor.Manager.execute(Manager.java:356)
	at ptolemy.actor.Manager.run(Manager.java:1263)
	at ptolemy.actor.Manager$PtolemyRunThread.run(Manager.java:1933)
java.lang.RuntimeException: Execution failed
	at ptolemy.moml.MoMLSimpleApplication$UnloadThread.run(MoMLSimpleApplication.java:402)
Caused by: ptolemy.kernel.util.IllegalActionException: SubscriptionAggregatorPorts cannot be used at the top level, use a SubscriptionAggregator actor instead.
  in .PublisherSubscriptionAggregatorPort.SubscriptionAggregatorPort
	at ptolemy.actor.SubscriptionAggregatorPort.preinitialize(SubscriptionAggregatorPort.java:353)
	at ptolemy.actor.CompositeActor.preinitialize(CompositeActor.java:1769)
	at ptolemy.actor.Manager.preinitializeAndResolveTypes(Manager.java:1040)
	at ptolemy.actor.Manager.initialize(Manager.java:710)
	at ptolemy.actor.Manager.execute(Manager.java:356)
	at ptolemy.actor.Manager.run(Manager.java:1263)
	at ptolemy.actor.Manager$PtolemyRunThread.run(Manager.java:1933)
java.lang.reflect.InvocationTargetException
	at java.base/jdk.internal.reflect.NativeConstructorAccessorImpl.newInstance0(Native Method)
	at java.base/jdk.internal.reflect.NativeConstructorAccessorImpl.newInstance(NativeConstructorAccessorImpl.java:62)
	at java.base/jdk.internal.reflect.DelegatingConstructorAccessorImpl.newInstance(DelegatingConstructorAccessorImpl.java:45)
	at java.base/java.lang.reflect.Constructor.newInstance(Constructor.java:490)
	at ptolemy.util.test.junit.AutoKnownFailedTests.RunModel(AutoKnownFailedTests.java:105)
	at java.base/jdk.internal.reflect.NativeMethodAccessorImpl.invoke0(Native Method)
	at java.base/jdk.internal.reflect.NativeMethodAccessorImpl.invoke(NativeMethodAccessorImpl.java:62)
	at java.base/jdk.internal.reflect.DelegatingMethodAccessorImpl.invoke(DelegatingMethodAccessorImpl.java:43)
	at java.base/java.lang.reflect.Method.invoke(Method.java:566)
	at org.junit.runners.model.FrameworkMethod$1.runReflectiveCall(FrameworkMethod.java:44)
	at org.junit.internal.runners.model.ReflectiveCallable.run(ReflectiveCallable.java:15)
	at org.junit.runners.model.FrameworkMethod.invokeExplosively(FrameworkMethod.java:41)
	at junitparams.internal.InvokeParameterisedMethod.evaluate(InvokeParameterisedMethod.java:102)
	at org.junit.internal.runners.statements.FailOnTimeout$1.run(FailOnTimeout.java:28)
Caused by: ptolemy.kernel.util.IllegalActionException: SubscriptionAggregatorPorts cannot be used at the top level, use a SubscriptionAggregator actor instead.
  in .PublisherSubscriptionAggregatorPort.SubscriptionAggregatorPort
	at ptolemy.actor.SubscriptionAggregatorPort.preinitialize(SubscriptionAggregatorPort.java:353)
	at ptolemy.actor.CompositeActor.preinitialize(CompositeActor.java:1769)
	at ptolemy.actor.Manager.preinitializeAndResolveTypes(Manager.java:1040)
	at ptolemy.actor.Manager.initialize(Manager.java:710)
	at ptolemy.actor.Manager.execute(Manager.java:356)
	at ptolemy.actor.Manager.run(Manager.java:1263)
	at ptolemy.actor.Manager$PtolemyRunThread.run(Manager.java:1933)
java.lang.RuntimeException: Execution failed
	at ptolemy.moml.MoMLSimpleApplication$UnloadThread.run(MoMLSimpleApplication.java:402)
Caused by: ptolemy.kernel.util.IllegalActionException: TypeTest actor has no training data.
  in .sizedarray3.TypeTest
	at ptolemy.actor.lib.TypeTest.initialize(TypeTest.java:250)
	at ptolemy.actor.Director.initialize(Director.java:938)
	at ptolemy.actor.Director.initialize(Director.java:907)
	at ptolemy.actor.sched.StaticSchedulingDirector.initialize(StaticSchedulingDirector.java:159)
	at ptolemy.domains.sdf.kernel.SDFDirector.initialize(SDFDirector.java:544)
	at ptolemy.actor.CompositeActor.initialize(CompositeActor.java:935)
	at ptolemy.actor.Manager.initialize(Manager.java:724)
	at ptolemy.actor.Manager.execute(Manager.java:356)
	at ptolemy.actor.Manager.run(Manager.java:1263)
	at ptolemy.actor.Manager$PtolemyRunThread.run(Manager.java:1933)
java.lang.reflect.InvocationTargetException
	at java.base/jdk.internal.reflect.NativeConstructorAccessorImpl.newInstance0(Native Method)
	at java.base/jdk.internal.reflect.NativeConstructorAccessorImpl.newInstance(NativeConstructorAccessorImpl.java:62)
	at java.base/jdk.internal.reflect.DelegatingConstructorAccessorImpl.newInstance(DelegatingConstructorAccessorImpl.java:45)
	at java.base/java.lang.reflect.Constructor.newInstance(Constructor.java:490)
	at ptolemy.util.test.junit.AutoKnownFailedTests.RunModel(AutoKnownFailedTests.java:105)
	at java.base/jdk.internal.reflect.NativeMethodAccessorImpl.invoke0(Native Method)
	at java.base/jdk.internal.reflect.NativeMethodAccessorImpl.invoke(NativeMethodAccessorImpl.java:62)
	at java.base/jdk.internal.reflect.DelegatingMethodAccessorImpl.invoke(DelegatingMethodAccessorImpl.java:43)
	at java.base/java.lang.reflect.Method.invoke(Method.java:566)
	at org.junit.runners.model.FrameworkMethod$1.runReflectiveCall(FrameworkMethod.java:44)
	at org.junit.internal.runners.model.ReflectiveCallable.run(ReflectiveCallable.java:15)
	at org.junit.runners.model.FrameworkMethod.invokeExplosively(FrameworkMethod.java:41)
	at junitparams.internal.InvokeParameterisedMethod.evaluate(InvokeParameterisedMethod.java:102)
	at org.junit.internal.runners.statements.FailOnTimeout$1.run(FailOnTimeout.java:28)
Caused by: ptolemy.kernel.util.IllegalActionException: TypeTest actor has no training data.
  in .sizedarray3.TypeTest
	at ptolemy.actor.lib.TypeTest.initialize(TypeTest.java:250)
	at ptolemy.actor.Director.initialize(Director.java:938)
	at ptolemy.actor.Director.initialize(Director.java:907)
	at ptolemy.actor.sched.StaticSchedulingDirector.initialize(StaticSchedulingDirector.java:159)
	at ptolemy.domains.sdf.kernel.SDFDirector.initialize(SDFDirector.java:544)
	at ptolemy.actor.CompositeActor.initialize(CompositeActor.java:935)
	at ptolemy.actor.Manager.initialize(Manager.java:724)
	at ptolemy.actor.Manager.execute(Manager.java:356)
	at ptolemy.actor.Manager.run(Manager.java:1263)
	at ptolemy.actor.Manager$PtolemyRunThread.run(Manager.java:1933)
]]></system-err>
</testsuite>
