<?xml version="1.0" encoding="UTF-8" ?>
<testsuite errors="0" failures="0" hostname="travis-job-c9f6a880-d068-4eb3-abc5-0c931f9418cf" name="ptolemy.domains.de.test.junit.JUnitTclTest" skipped="0" tests="101" time="126.855" timestamp="2020-08-11T15:24:15">
  <properties>
    <property name="npm.executable" value="npm" />
    <property name="env.TRAVIS_ROOT" value="/" />
    <property name="ptII.mk.exists" value="true" />
    <property name="env.TRAVIS_APP_HOST" value="build.travis-ci.org" />
    <property name="env.rvm_bin_path" value="/home/travis/.rvm/bin" />
    <property name="java.home" value="/usr/local/lib/jvm/openjdk11" />
    <property name="env.TRAVIS_JOB_NUMBER" value="1729.9" />
    <property name="env.TRAVIS_HOME" value="/home/travis" />
    <property name="env.DISPLAY" value=":99.0" />
    <property name="env.TRAVIS_INIT" value="systemd" />
    <property name="env.SSH_TTY" value="/dev/pts/0" />
    <property name="java.net.preferIPv4Stack" value="true" />
    <property name="env.RUN_TESTS" value="true" />
    <property name="timeout.short" value="1000000" />
    <property name="junit.formatter" value="xml" />
    <property name="env.TRAVIS_SUDO" value="true" />
    <property name="env.TRAVIS_JOB_NAME" value="" />
    <property name="env.TRAVIS_STACK_NODE_ATTRIBUTES" value="/.node-attributes.yml" />
    <property name="env.LOGNAME" value="travis" />
    <property name="jsdoc.home" value="node_modules/@terraswarm/jsdoc" />
    <property name="debuglevel" value="source,lines,vars" />
    <property name="checkstyle.formatter" value="xml" />
    <property name="bin.vergil.makeable" value="true" />
    <property name="sun.os.patch.level" value="unknown" />
    <property name="java.vendor.url" value="http://java.oracle.com/" />
    <property name="env.TRAVIS_BUILD_WEB_URL" value="https://travis-ci.org/icyphy/ptII/builds/716948884" />
    <property name="java.version" value="11.0.2" />
    <property name="env.TZ" value="UTC" />
    <property name="env.TRAVIS_PULL_REQUEST_SHA" value="" />
    <property name="env.PT_NO_NET" value="true" />
    <property name="env.TRAVIS_SECURE_ENV_VARS" value="true" />
    <property name="java.vendor.url.bug" value="http://bugreport.java.com/bugreport/" />
    <property name="npmjs-org-is-up" value="true" />
    <property name="env.LANGUAGE" value="en_US.UTF-8" />
    <property name="env.SSH_CLIENT" value="10.24.0.97 52008 22" />
    <property name="env.GEM_HOME" value="/home/travis/.rvm/gems/ruby-2.5.3" />
    <property name="env.HAS_ANTARES_THREE_LITTLE_FRONZIES_BADGE" value="true" />
    <property name="java.version.date" value="2019-01-15" />
    <property name="env.PS4" value="+" />
    <property name="ant.project.invoked-targets" value="build,test.core2.xml" />
    <property name="env.TRAVIS_PULL_REQUEST_BRANCH" value="" />
    <property name="env.TRAVIS_REPO_SLUG" value="icyphy/ptII" />
    <property name="env.XDG_DATA_DIRS" value="/usr/local/share:/usr/share:/var/lib/snapd/desktop" />
    <property name="jdk.debug" value="release" />
    <property name="env.TRAVIS_APT_PROXY" value="http://build-cache.travisci.net" />
    <property name="env.TRAVIS_CPU_ARCH" value="amd64" />
    <property name="node.in.path" value="true" />
    <property name="user.name" value="travis" />
    <property name="java.maxmemory" value="1400m" />
    <property name="env.RUBY_VERSION" value="ruby-2.5.3" />
    <property name="env.LANG" value="en_US.UTF-8" />
    <property name="sun.io.unicode.encoding" value="UnicodeLittle" />
    <property name="sun.jnu.encoding" value="UTF-8" />
    <property name="java.runtime.name" value="OpenJDK Runtime Environment" />
    <property name="usefile" value="false" />
    <property name="return.code" value="0" />
    <property name="junit.single.formatter" value="plain" />
    <property name="env.DYLD_LIBRARY_PATH" value="/home/travis/pthla/certi-tools/lib:" />
    <property name="env.DEBIAN_FRONTEND" value="noninteractive" />
    <property name="env.SSH_CONNECTION" value="10.24.0.97 52008 10.20.0.137 22" />
    <property name="env.MYSQL_UNIX_PORT" value="/var/run/mysqld/mysqld.sock" />
    <property name="env.LC_ALL" value="en_US.UTF-8" />
    <property name="env.TRAVIS_ALLOW_FAILURE" value="" />
    <property name="env.TRAVIS_JOB_WEB_URL" value="https://travis-ci.org/icyphy/ptII/jobs/716948912" />
    <property name="java.specification.name" value="Java Platform API Specification" />
    <property name="node.works" value="true" />
    <property name="user.timezone" value="" />
    <property name="path.separator" value=":" />
    <property name="env.TRAVIS_ENABLE_INFRA_DETECTION" value="true" />
    <property name="env.PYTHON_CFLAGS" value="-g -fstack-protector --param=ssp-buffer-size=4 -Wformat -Werror=format-security" />
    <property name="timeout.long" value="4000000" />
    <property name="env.CERTI_HOME" value="/home/travis/pthla/certi-tools" />
    <property name="ant.file.ptII" value="/home/travis/build/icyphy/ptII/build.xml" />
    <property name="javadoc.packagenames" value="com.*,diva.*,lbnl.*,org.hlacerti.*,org.json.*,org.ptolemy.*,org.terraswarm.*,ptolemy.*,ptserver.*" />
    <property name="file.encoding" value="UTF-8" />
    <property name="env.TRAVIS_PULL_REQUEST_SLUG" value="" />
    <property name="ant.project.default-target" value="build" />
    <property name="env.GIT_ASKPASS" value="echo" />
    <property name="env.HOME" value="/home/travis" />
    <property name="sun.java.command" value="org.apache.tools.ant.taskdefs.optional.junit.JUnitTestRunner ptolemy.domains.de.test.junit.JUnitTclTest skipNonTests=false filtertrace=true haltOnError=false haltOnFailure=false formatter=org.apache.tools.ant.taskdefs.optional.junit.OutErrSummaryJUnitResultFormatter showoutput=true outputtoformatters=true logfailedtests=true threadid=0 logtestlistenerevents=false formatter=org.apache.tools.ant.taskdefs.optional.junit.XMLJUnitResultFormatter,/home/travis/build/icyphy/ptII/reports/junit/TEST-ptolemy.domains.de.test.junit.JUnitTclTest.xml crashfile=/home/travis/build/icyphy/ptII/junitvmwatcher1696322895135718952.properties propsfile=/home/travis/build/icyphy/ptII/junit10863354180302681051.properties" />
    <property name="env.COMPOSER_NO_INTERACTION" value="1" />
    <property name="env.MANPATH" value="/home/travis/.nvm/versions/node/v7.10.1/share/man:/home/travis/.rvm/rubies/ruby-2.5.3/share/man:/usr/local/cmake-3.12.4/man:/usr/local/clang-7.0.0/share/man:/usr/local/man:/usr/local/share/man:/usr/share/man:/home/travis/.rvm/man" />
    <property name="env.TRAVIS_TIMER_ID" value="02f6ba38" />
    <property name="ant.file" value="/home/travis/build/icyphy/ptII/build.xml" />
    <property name="env.TRAVIS_COMMIT_RANGE" value="17979da7832bb1a899771395d4b6dec33713c3c1...3bb573e462e9b4151952318d01b7e361e9f419ad" />
    <property name="ptII.classpath.optional.property" value="/home/travis/build/icyphy/ptII/lib/bsh-2.0b4.jar:/home/travis/build/icyphy/ptII/lib/ptCal.jar:/home/travis/build/icyphy/ptII/lib/java_cup.jar:/home/travis/build/icyphy/ptII/lib/saxon8.jar:/home/travis/build/icyphy/ptII/lib/saxon8-dom.jar:/home/travis/build/icyphy/ptII/lib/chic.jar:/home/travis/build/icyphy/ptII/lib/ptcolt.jar:/home/travis/build/icyphy/ptII/vendors/misc/itext/iText.jar:/home/travis/build/icyphy/ptII/lib/g4ltl.jar:/home/travis/build/icyphy/ptII/lib/StructuralCoder.jar:/home/travis/build/icyphy/ptII/lib/jcerti.jar:/home/travis/build/icyphy/ptII/lib/javax.mail.jar:/home/travis/build/icyphy/ptII/vendors/JMF-2.1.1e/lib/jmf.jar:/home/travis/build/icyphy/ptII/lib/jna-4.0.0-variadic.jar:/home/travis/build/icyphy/ptII/vendors/misc/joystick/Joystick.jar:/home/travis/build/icyphy/ptII/lib/ptjacl.jar:/home/travis/build/icyphy/ptII/lib/jsoup-1.8.2.jar:/home/travis/build/icyphy/ptII/lib/junit-4.8.2.jar:/home/travis/build/icyphy/ptII/lib/JUnitParams-0.4.0.jar:/home/travis/build/icyphy/ptII/ptolemy/actor/lib/excel/jxl.jar:/home/travis/build/icyphy/ptII/lib/jython.jar:/home/travis/build/icyphy/ptII/lib/kieler.jar:/home/travis/build/icyphy/ptII/vendors/opencv/share/OpenCV/java/opencv-341.jar:/home/travis/build/icyphy/ptII/lib/oscP5.jar:/home/travis/build/icyphy/ptII/lib/nrjavaserial-3.11.0.devel.jar:/home/travis/build/icyphy/ptII/vendors/j3d/lib/Linux/j3dcore.jar:/home/travis/build/icyphy/ptII/vendors/j3d/lib/Linux/j3dutils.jar:/home/travis/build/icyphy/ptII/vendors/j3d/lib/Linux/vecmath.jar:/home/travis/build/icyphy/ptII/vendors/jogl/lib/Linux/gluegen-rt-natives-linux-amd64.jar:/home/travis/build/icyphy/ptII/vendors/jogl/lib/Linux/gluegen-rt.jar:/home/travis/build/icyphy/ptII/vendors/jogl/lib/Linux/jogl-all-natives-linux-amd64.jar:/home/travis/build/icyphy/ptII/vendors/jogl/lib/Linux/jogl-all.jar:/home/travis/build/icyphy/ptII/ptolemy/distributed/jini/jar/jini-core.jar:/home/travis/build/icyphy/ptII/ptolemy/distributed/jini/jar/jini-ext.jar:/home/travis/build/icyphy/ptII/ptolemy/distributed/jini/jar/sun-util.jar:/home/travis/build/icyphy/ptII/lib/protobuf-java-2.4.1.jar:/home/travis/build/icyphy/ptII/lib/org.eclipse.paho.client.mqttv3.jar:/home/travis/build/icyphy/ptII/lib/mapss.jar:/home/travis/build/icyphy/ptII/ptolemy/actor/ptalon/antlr/antlr.jar:/home/travis/build/icyphy/ptII/lib/JRI.jar:/home/travis/build/icyphy/ptII/lib/commons-lang-2.6.jar:/home/travis/build/icyphy/ptII/lib/commons-logging-1.1.1.jar:/home/travis/build/icyphy/ptII/lib/sootclasses.jar:/home/travis/build/icyphy/ptII/ptolemy/actor/lib/database/mysql-connector-java-5.1.6-bin.jar:/home/travis/build/icyphy/ptII/vendors/misc/sphinx4/sphinx4-data-5prealpha.jar:/home/travis/build/icyphy/ptII/vendors/misc/sphinx4/sphinx4-core-5prealpha.jar:/home/travis/build/icyphy/ptII/lib/PDFRenderer.jar:/home/travis/build/icyphy/ptII/lib/svgSalamander.jar:/home/travis/build/icyphy/ptII/lib/rsyntaxtextarea-2.6.0-SNAPSHOT.jar:/home/travis/build/icyphy/ptII/lib/hazelcast-3.8.2.jar:/home/travis/build/icyphy/ptII/lib/jackson-annotations-2.9.0.jar:/home/travis/build/icyphy/ptII/lib/jackson-core-2.9.3.jar:/home/travis/build/icyphy/ptII/lib/jackson-databind-2.9.3.jar:/home/travis/build/icyphy/ptII/lib/netty-buffer-4.1.19.Final.jar:/home/travis/build/icyphy/ptII/lib/netty-codec-4.1.19.Final.jar:/home/travis/build/icyphy/ptII/lib/netty-codec-dns-4.1.19.Final.jar:/home/travis/build/icyphy/ptII/lib/netty-codec-http-4.1.19.Final.jar:/home/travis/build/icyphy/ptII/lib/netty-codec-http2-4.1.19.Final.jar:/home/travis/build/icyphy/ptII/lib/netty-common-4.1.19.Final.jar:/home/travis/build/icyphy/ptII/lib/netty-handler-4.1.19.Final.jar:/home/travis/build/icyphy/ptII/lib/netty-resolver-4.1.19.Final.jar:/home/travis/build/icyphy/ptII/lib/netty-resolver-dns-4.1.19.Final.jar:/home/travis/build/icyphy/ptII/lib/netty-transport-4.1.19.Final.jar:/home/travis/build/icyphy/ptII/lib/vertx-codegen-3.5.1.jar:/home/travis/build/icyphy/ptII/lib/vertx-core-3.5.2-SNAPSHOT.jar:/home/travis/build/icyphy/ptII/lib/vertx-hazelcast-3.5.1.jar:/home/travis/build/icyphy/ptII/lib/vertx-lang-js-3.5.1.jar:/home/travis/build/icyphy/ptII/lib/vertx-service-proxy-3.5.1.jar:/home/travis/build/icyphy/ptII/lib/vertx-web-3.5.1.jar:/home/travis/build/icyphy/ptII/lib/slf4j-api-1.7.13.jar:/home/travis/build/icyphy/ptII/lib/slf4j-simple-1.7.13.jar:/home/travis/build/icyphy/ptII/lib/webcam-capture-0.3.12.jar:/home/travis/build/icyphy/ptII/lib/bridj-0.7.0.jar:/home/travis/build/icyphy/ptII/lib/xbjlib-1.1.0.nrjavaserial.jar" />
    <property name="timeout" value="2400000" />
    <property name="test.batch" value="**/junit/*.java" />
    <property name="env._" value="/usr/bin/timeout" />
    <property name="java.io.tmpdir" value="/tmp" />
    <property name="user.language" value="en" />
    <property name="env.TRAVIS_INTERNAL_RUBY_REGEX" value="^ruby-(2\.[0-4]\.[0-9]|1\.9\.3)" />
    <property name="env.HISTCONTROL" value="ignoredups:ignorespace" />
    <property name="env.GOROOT" value="/home/travis/.gimme/versions/go1.11.1.linux.amd64" />
    <property name="line.separator" value="&#xa;" />
    <property name="target" value="11" />
    <property name="env.TRAVIS_BUILD_DIR" value="/home/travis/build/icyphy/ptII" />
    <property name="env.ANT_OPTS" value="-Xmx2048m" />
    <property name="ant.file.type" value="file" />
    <property name="ptolemy.ptII.batchMode" value="true" />
    <property name="env.HISTSIZE" value="1000" />
    <property name="env.MERB_ENV" value="test" />
    <property name="java.vm.info" value="mixed mode" />
    <property name="source" value="11" />
    <property name="java.vm.specification.name" value="Java Virtual Machine Specification" />
    <property name="env.TRAVIS_TEST_RESULT" value="0" />
    <property name="jsdoc.command" value="node_modules/@terraswarm/jsdoc/jsdoc.js" />
    <property name="npm.works" value="true" />
    <property name="cobertura.dir" value="/home/travis/build/icyphy/ptII/vendors/cobertura-2.0.3" />
    <property name="jsdoc.command.exists" value="true" />
    <property name="env.rvm_path" value="/home/travis/.rvm" />
    <property name="env.GEM_PATH" value="/home/travis/.rvm/gems/ruby-2.5.3:/home/travis/.rvm/gems/ruby-2.5.3@global" />
    <property name="env.LC_CTYPE" value="en_US.UTF-8" />
    <property name="env.TRAVIS_CMD" value="$PTII/bin/ptIITravisBuild.sh $SECONDS" />
    <property name="java.awt.printerjob" value="sun.print.PSPrinterJob" />
    <property name="env.TRAVIS_STACK_NAME" value="sardonyx" />
    <property name="env.TRAVIS_TIMER_START_TIME" value="1597159248007786264" />
    <property name="ant.version" value="Apache Ant(TM) version 1.10.1 compiled on February 2 2017" />
    <property name="ptII.reports" value="/home/travis/build/icyphy/ptII/reports" />
    <property name="env.TRAVIS_STACK_TIMESTAMP" value="2020-06-24 13:13:18 UTC" />
    <property name="ant.file.type.ptII" value="file" />
    <property name="env.RBENV_SHELL" value="bash" />
    <property name="os.name" value="Linux" />
    <property name="java.specification.vendor" value="Oracle Corporation" />
    <property name="env.rvm_version" value="1.29.10 (latest)" />
    <property name="env.TRAVIS_INFRA" value="unknown" />
    <property name="env.TERM" value="xterm" />
    <property name="java.vm.name" value="OpenJDK 64-Bit Server VM" />
    <property name="env.TRAVIS_BUILD_NUMBER" value="1729" />
    <property name="env.CI" value="true" />
    <property name="java.library.path" value="/home/travis/pthla/certi-tools/lib:/usr/lib/jni:/usr/local/share/OpenCV/java/:/usr/share/OpenCV/java::/usr/java/packages/lib:/usr/lib64:/lib64:/lib:/usr/lib" />
    <property name="jdk.module.path" value="/home/travis/build/icyphy/ptII/vendors/javafx/javafx-sdk-11.0.2/lib:" />
    <property name="env.rvm_prefix" value="/home/travis" />
    <property name="env.PATH" value="/home/travis/pthla/certi-tools/share/scripts:/home/travis/.rvm/gems/ruby-2.5.3/bin:/home/travis/.rvm/gems/ruby-2.5.3@global/bin:/home/travis/.rvm/rubies/ruby-2.5.3/bin:/home/travis/.rvm/bin:/home/travis/.nvm/versions/node/v7.10.1/bin:./node_modules/.bin:/home/travis/build/icyphy/ptII/bin:/home/travis/pthla/certi-tools/bin:/home/travis/bin:/home/travis/.local/bin:/usr/local/lib/jvm/openjdk11/bin:/opt/pyenv/shims:/home/travis/.phpenv/shims:/home/travis/perl5/perlbrew/bin:/home/travis/gopath/bin:/home/travis/.gimme/versions/go1.11.1.linux.amd64/bin:/usr/local/maven-3.6.3/bin:/usr/local/cmake-3.12.4/bin:/usr/local/clang-7.0.0/bin:/usr/local/sbin:/usr/local/bin:/usr/sbin:/usr/bin:/sbin:/bin:/snap/bin:/home/travis/.phpenv/bin:/opt/pyenv/bin:/home/travis/.yarn/bin" />
    <property name="env.TRAVIS_OS_NAME" value="linux" />
    <property name="ant.java.version" value="9" />
    <property name="basedir" value="/home/travis/build/icyphy/ptII" />
    <property name="java.class.version" value="55.0" />
    <property name="env.SHLVL" value="3" />
    <property name="env.LD_LIBRARY_PATH" value="/home/travis/pthla/certi-tools/lib:/usr/lib/jni:/usr/local/share/OpenCV/java/:/usr/share/OpenCV/java:" />
    <property name="env.RACK_ENV" value="test" />
    <property name="ant.home" value="/home/travis/build/icyphy/ptII/ant" />
    <property name="env.NVM_DIR" value="/home/travis/.nvm" />
    <property name="env.CERTI_FOM_PATH" value="/home/travis/pthla/certi-tools/share/federations" />
    <property name="env.TRAVIS_BUILD_ID" value="716948884" />
    <property name="env.PYENV_ROOT" value="/opt/pyenv" />
    <property name="env.TRAVIS_UID" value="2000" />
    <property name="prism.verbose" value="true" />
    <property name="env.NVM_BIN" value="/home/travis/.nvm/versions/node/v7.10.1/bin" />
    <property name="env.TRAVIS_COMMIT" value="3bb573e462e9b4151952318d01b7e361e9f419ad" />
    <property name="node.executable" value="node" />
    <property name="sun.boot.library.path" value="/usr/local/lib/jvm/openjdk11/lib" />
    <property name="sun.management.compiler" value="HotSpot 64-Bit Tiered Compilers" />
    <property name="java.awt.graphicsenv" value="sun.awt.X11GraphicsEnvironment" />
    <property name="env.GOPATH" value="/home/travis/gopath" />
    <property name="ptolemy.ptII.dir" value="/home/travis/build/icyphy/ptII" />
    <property name="env.USER" value="travis" />
    <property name="env.HISTFILESIZE" value="2000" />
    <property name="env.NVM_INC" value="/home/travis/.nvm/versions/node/v7.10.1/include/node" />
    <property name="timeout.longest" value="19000000" />
    <property name="env.PERLBREW_SHELLRC_VERSION" value="0.88" />
    <property name="env.TRAVIS_STACK_FEATURES" value="basic couchdb disabled-ipv6 docker docker-compose elasticsearch firefox go-toolchain google-chrome jdk memcached mongodb mysql nodejs_interpreter perl_interpreter perlbrew phantomjs postgresql python_interpreter redis ruby_interpreter sqlite xserver" />
    <property name="env.TRAVIS_PULL_REQUEST" value="false" />
    <property name="env.PYENV_SHELL" value="bash" />
    <property name="ant.project.name" value="ptII" />
    <property name="env.ANSI_RESET" value="\033[0m" />
    <property name="java.vm.specification.version" value="11" />
    <property name="env.TRAVIS_DIST" value="xenial" />
    <property name="env.CERTI_VERSION" value="4.0.0" />
    <property name="env.CERTI_HOST" value="localhost" />
    <property name="awt.toolkit" value="sun.awt.X11.XToolkit" />
    <property name="env.MY_RUBY_HOME" value="/home/travis/.rvm/rubies/ruby-2.5.3" />
    <property name="sun.cpu.isalist" value="" />
    <property name="env.TRAVIS_TMPDIR" value="/tmp/tmp.eUB0ybXvfy" />
    <property name="java.vm.compressedOopsMode" value="Zero based" />
    <property name="os.version" value="4.15.0-1077-gcp" />
    <property name="user.home" value="/home/travis" />
    <property name="java.vm.vendor" value="Oracle Corporation" />
    <property name="env.TRAVIS_TAG" value="nightly" />
    <property name="env.ANSI_YELLOW" value="\033[33;1m" />
    <property name="env.TRAVIS_FILTERED" value="redirect_io" />
    <property name="env.ANSI_GREEN" value="\033[32;1m" />
    <property name="env.JAVA_HOME" value="/usr/local/lib/jvm/openjdk11" />
    <property name="javadoc.excludepackagenames" value="adm.cvs2svn.*,build.*,config.*,doc.coding.templates.*,jni.test.jni.meaningOfLife.*,jni.test.jni.testDeux.*,jni.test.jni.testTrois.*,org.terraswarm.accessor.accessors.web.node_modules.*,org.terraswarm.accessor.accessors.web.hosts.cordova.demo.*,org.terraswarm.accessor.accessors.web.hosts.cordova.plugins.*,org.terraswarm.accessor.accessors-svn.*,pt-modules.*,ptolemy.apps.agilent.*,ptolemy.apps.anytimecontrol.*,ptolemy.apps.apes.*,ptolemy.apps.charon.*,ptolemy.apps.crazyboard.*,ptolemy.apps.eclipse.*,ptolemy.apps.etherealSting.*,ptolemy.apps.fullscreen.*,ptolemy.apps.giotto.*,ptolemy.apps.ia.*,ptolemy.apps.interfaces.*,ptolemy.apps.jmf.*,ptolemy.apps.kurt.*,ptolemy.apps.kvm.*,ptolemy.apps.lego.*,ptolemy.apps.lejos.*,ptolemy.apps.midp.*,ptolemy.apps.mobileCoding.*,ptolemy.apps.pendulum.*,ptolemy.apps.rijndael.*,ptolemy.apps.robot.*,ptolemy.apps.security.*,ptolemy.apps.sobel.*,ptolemy.apps.soot.*,ptolemy.apps.throttle.*,ptolemy.apps.tini.*,ptolemy.apps.transmission.*,ptolemy.apps.vergil.*,ptolemy.apps.waba.*,ptolemy.apps.websensor.*,ptolemy.apps.webstart.*,ptolemy.apps.xsl.*,ptolemy.apps.zaurus.*,ptolemy.codegen.c.actor.lib.oldJavaFiles.*,ptolemy.codegen.dsp.lib.*,ptolemy.codegen.kernel.newInterfaces.*,ptolemy.codegen.lib.*,ptolemy.copernicus.kernel.fragment.*,ptolemy.copernicus.shallow.cg.*,ptolemy.domains.giotto.demo.Hierarchy.Hierarchy.*,ptolemy.domains.giotto.demo.Multimode.Multimode.*,ptolemy.domains.giotto.demo.Simple.Simple.*,ptolemy.domains.gr.lib.experimental.*,ptolemy.domains.gro.*,ptolemy.domains.pdf.*,ptolemy.domains.ptinyos.demo.Surge.output.*,ptolemy.moml.test.NoPackageActor.java*,ptolemy.plot.adm.*,ptolemy.plot.servlet.*,reports.*,signed.*,src.*,target.*,vendors.*,ptolemy.copernicus.applet.*,ptolemy.media.viewer.*,ptolemy.actor.corba.*,doc.doclets.*,ptolemy.apps.eclipse.awt.*,ptolemy.backtrack.*,ptolemy.backtrack.ast.*,ptolemy.cg.adapter.generic.program.procedural.c.mbed*,ptolemy.homer.*,ptolemy.actor.lib.jai.*,org.ptolemy.scala.*,diva.util.java2d.svg.*,ptolemy.domains.ptinyos.*,ptolemy.actor.lib.fmi.fmipp.*,,org.terraswarm.accessor.accessors.web.node_modules.*,org.terraswarm.accessor.accessors-svn,ptolemy.apps.*,ptolemy.actor.ptalon.demo.ptinyos.SendAndReceiveCnt.output,ptolemy.actor.ptalon.demo.ptinyos.SenseToLeds.output,ptolemy.domains.ptinyos.demo.CntToLedsAndRfm.output,ptolemy.domains.ptinyos.demo.RfmToLeds.output,ptolemy.domains.ptinyos.demo.SendAndReceiveCnt.output,ptolemy.domains.ptinyos.demo.SenseToLeds.output,ptolemy.actor.lib.jjs.modules.udpSocket.*" />
    <property name="env.PTII" value="/home/travis/build/icyphy/ptII" />
    <property name="env.XDG_SESSION_ID" value="2" />
    <property name="keystore" value="ptKeystore" />
    <property name="env.TRAVIS_COMMIT_MESSAGE" value="Removed duplicate $CLASSPATH/ptolemy/domains/sdf/demo/MaximumEntropySpectrum/MaximumEntropySpectrum.xml" />
    <property name="junit.output.dir" value="/home/travis/build/icyphy/ptII/reports/junit" />
    <property name="npm.return.code" value="0" />
    <property name="user.dir" value="/home/travis/build/icyphy/ptII/ptolemy/domains/de/test" />
    <property name="env.TRAVIS_NODE_VERSION" value="7" />
    <property name="env.TRAVIS_EVENT_TYPE" value="cron" />
    <property name="env.MAIL" value="/var/mail/travis" />
    <property name="env.PERLBREW_ROOT" value="/home/travis/perl5/perlbrew" />
    <property name="env.PWD" value="/home/travis/build/icyphy/ptII" />
    <property name="timeout.npm" value="45000" />
    <property name="env.PT_TRAVIS_TEST_CORE2_XML" value="true" />
    <property name="env.TRAVIS_ARCH" value="amd64" />
    <property name="sun.cpu.endian" value="little" />
    <property name="env.PAGER" value="cat" />
    <property name="env.TRAVIS_BUILD_STAGE_NAME" value="test" />
    <property name="env.PERLBREW_HOME" value="/home/travis/.perlbrew" />
    <property name="java.vm.version" value="11.0.2+9" />
    <property name="env.RAILS_ENV" value="test" />
    <property name="java.class.path" value="/home/travis/build/icyphy/ptII:/home/travis/build/icyphy/ptII/lib/bsh-2.0b4.jar:/home/travis/build/icyphy/ptII/lib/ptCal.jar:/home/travis/build/icyphy/ptII/lib/java_cup.jar:/home/travis/build/icyphy/ptII/lib/saxon8.jar:/home/travis/build/icyphy/ptII/lib/saxon8-dom.jar:/home/travis/build/icyphy/ptII/lib/chic.jar:/home/travis/build/icyphy/ptII/lib/ptcolt.jar:/home/travis/build/icyphy/ptII/vendors/misc/itext/iText.jar:/home/travis/build/icyphy/ptII/lib/g4ltl.jar:/home/travis/build/icyphy/ptII/lib/StructuralCoder.jar:/home/travis/build/icyphy/ptII/lib/jcerti.jar:/home/travis/build/icyphy/ptII/lib/javax.mail.jar:/home/travis/build/icyphy/ptII/vendors/JMF-2.1.1e/lib/jmf.jar:/home/travis/build/icyphy/ptII/lib/jna-4.0.0-variadic.jar:/home/travis/build/icyphy/ptII/vendors/misc/joystick/Joystick.jar:/home/travis/build/icyphy/ptII/lib/ptjacl.jar:/home/travis/build/icyphy/ptII/lib/jsoup-1.8.2.jar:/home/travis/build/icyphy/ptII/lib/junit-4.8.2.jar:/home/travis/build/icyphy/ptII/lib/JUnitParams-0.4.0.jar:/home/travis/build/icyphy/ptII/ptolemy/actor/lib/excel/jxl.jar:/home/travis/build/icyphy/ptII/lib/jython.jar:/home/travis/build/icyphy/ptII/lib/kieler.jar:/home/travis/build/icyphy/ptII/vendors/opencv/share/OpenCV/java/opencv-341.jar:/home/travis/build/icyphy/ptII/lib/oscP5.jar:/home/travis/build/icyphy/ptII/lib/nrjavaserial-3.11.0.devel.jar:/home/travis/build/icyphy/ptII/vendors/j3d/lib/Linux/j3dcore.jar:/home/travis/build/icyphy/ptII/vendors/j3d/lib/Linux/j3dutils.jar:/home/travis/build/icyphy/ptII/vendors/j3d/lib/Linux/vecmath.jar:/home/travis/build/icyphy/ptII/vendors/jogl/lib/Linux/gluegen-rt-natives-linux-amd64.jar:/home/travis/build/icyphy/ptII/vendors/jogl/lib/Linux/gluegen-rt.jar:/home/travis/build/icyphy/ptII/vendors/jogl/lib/Linux/jogl-all-natives-linux-amd64.jar:/home/travis/build/icyphy/ptII/vendors/jogl/lib/Linux/jogl-all.jar:/home/travis/build/icyphy/ptII/ptolemy/distributed/jini/jar/jini-core.jar:/home/travis/build/icyphy/ptII/ptolemy/distributed/jini/jar/jini-ext.jar:/home/travis/build/icyphy/ptII/ptolemy/distributed/jini/jar/sun-util.jar:/home/travis/build/icyphy/ptII/lib/protobuf-java-2.4.1.jar:/home/travis/build/icyphy/ptII/lib/org.eclipse.paho.client.mqttv3.jar:/home/travis/build/icyphy/ptII/lib/mapss.jar:/home/travis/build/icyphy/ptII/ptolemy/actor/ptalon/antlr/antlr.jar:/home/travis/build/icyphy/ptII/lib/JRI.jar:/home/travis/build/icyphy/ptII/lib/commons-lang-2.6.jar:/home/travis/build/icyphy/ptII/lib/commons-logging-1.1.1.jar:/home/travis/build/icyphy/ptII/lib/sootclasses.jar:/home/travis/build/icyphy/ptII/ptolemy/actor/lib/database/mysql-connector-java-5.1.6-bin.jar:/home/travis/build/icyphy/ptII/vendors/misc/sphinx4/sphinx4-data-5prealpha.jar:/home/travis/build/icyphy/ptII/vendors/misc/sphinx4/sphinx4-core-5prealpha.jar:/home/travis/build/icyphy/ptII/lib/PDFRenderer.jar:/home/travis/build/icyphy/ptII/lib/svgSalamander.jar:/home/travis/build/icyphy/ptII/lib/rsyntaxtextarea-2.6.0-SNAPSHOT.jar:/home/travis/build/icyphy/ptII/lib/hazelcast-3.8.2.jar:/home/travis/build/icyphy/ptII/lib/jackson-annotations-2.9.0.jar:/home/travis/build/icyphy/ptII/lib/jackson-core-2.9.3.jar:/home/travis/build/icyphy/ptII/lib/jackson-databind-2.9.3.jar:/home/travis/build/icyphy/ptII/lib/netty-buffer-4.1.19.Final.jar:/home/travis/build/icyphy/ptII/lib/netty-codec-4.1.19.Final.jar:/home/travis/build/icyphy/ptII/lib/netty-codec-dns-4.1.19.Final.jar:/home/travis/build/icyphy/ptII/lib/netty-codec-http-4.1.19.Final.jar:/home/travis/build/icyphy/ptII/lib/netty-codec-http2-4.1.19.Final.jar:/home/travis/build/icyphy/ptII/lib/netty-common-4.1.19.Final.jar:/home/travis/build/icyphy/ptII/lib/netty-handler-4.1.19.Final.jar:/home/travis/build/icyphy/ptII/lib/netty-resolver-4.1.19.Final.jar:/home/travis/build/icyphy/ptII/lib/netty-resolver-dns-4.1.19.Final.jar:/home/travis/build/icyphy/ptII/lib/netty-transport-4.1.19.Final.jar:/home/travis/build/icyphy/ptII/lib/vertx-codegen-3.5.1.jar:/home/travis/build/icyphy/ptII/lib/vertx-core-3.5.2-SNAPSHOT.jar:/home/travis/build/icyphy/ptII/lib/vertx-hazelcast-3.5.1.jar:/home/travis/build/icyphy/ptII/lib/vertx-lang-js-3.5.1.jar:/home/travis/build/icyphy/ptII/lib/vertx-service-proxy-3.5.1.jar:/home/travis/build/icyphy/ptII/lib/vertx-web-3.5.1.jar:/home/travis/build/icyphy/ptII/lib/slf4j-api-1.7.13.jar:/home/travis/build/icyphy/ptII/lib/slf4j-simple-1.7.13.jar:/home/travis/build/icyphy/ptII/lib/webcam-capture-0.3.12.jar:/home/travis/build/icyphy/ptII/lib/bridj-0.7.0.jar:/home/travis/build/icyphy/ptII/lib/xbjlib-1.1.0.nrjavaserial.jar:/home/travis/build/icyphy/ptII/ptolemy/moml/test:/home/travis/build/icyphy/ptII/ant/lib/ant-launcher.jar:/home/travis/build/icyphy/ptII/ant/lib/ant.jar:/home/travis/build/icyphy/ptII/ant/lib/ant-junit.jar:/home/travis/build/icyphy/ptII/ant/lib/ant-junit4.jar" />
    <property name="ant.library.dir" value="/home/travis/build/icyphy/ptII/ant/lib" />
    <property name="os.arch" value="amd64" />
    <property name="env.CONTINUOUS_INTEGRATION" value="true" />
    <property name="env.TRAVIS_LANGUAGE" value="node_js" />
    <property name="env.TRAVIS_STACK_LANGUAGES" value="__sardonyx__ c c++ clojure cplusplus cpp default generic go groovy java node_js php pure_java python ruby scala" />
    <property name="test.name" value="ptolemy.actor.lib.test.junit.JUnitTclTest" />
    <property name="env.APT_KEY_DONT_WARN_ON_DANGEROUS_USAGE" value="1" />
    <property name="sun.java.launcher" value="SUN_STANDARD" />
    <property name="env.PYTHON_CONFIGURE_OPTS" value="--enable-unicode=ucs4 --with-wide-unicode --enable-shared --enable-ipv6 --enable-loadable-sqlite-extensions --with-computed-gotos" />
    <property name="ant.core.lib" value="/home/travis/build/icyphy/ptII/ant/lib/ant.jar" />
    <property name="java.vm.specification.vendor" value="Oracle Corporation" />
    <property name="env.BCVTB_HOME" value="/home/travis/build/icyphy/ptII/lbnl" />
    <property name="file.separator" value="/" />
    <property name="spotbugs.home" value="/home/travis/build/icyphy/ptII/vendors/spotbugs-3.1.1" />
    <property name="java.runtime.version" value="11.0.2+9" />
    <property name="javafx.verbose" value="true" />
    <property name="env.ANSI_CLEAR" value="\033[0K" />
    <property name="env.HAS_JOSH_K_SEAL_OF_APPROVAL" value="true" />
    <property name="env.XDG_RUNTIME_DIR" value="/run/user/2000" />
    <property name="env.TRAVIS_OSX_IMAGE" value="" />
    <property name="env.TRAVIS_JOB_ID" value="716948912" />
    <property name="env.TRAVIS_BRANCH" value="master" />
    <property name="user.country" value="US" />
    <property name="env.CERTI_HOME_TRAVIS" value="/home/travis/pthla/certi-tools" />
    <property name="env.SHELL" value="/bin/bash" />
    <property name="java.maxmemory.large" value="3200m" />
    <property name="model" value="" />
    <property name="env.CASHER_DIR" value="/home/travis/.casher" />
    <property name="env.NVM_CD_FLAGS" value="" />
    <property name="java.vendor.version" value="18.9" />
    <property name="jshint.executable" value="/home/travis/node_modules/jshint/bin/jshint" />
    <property name="env.JRUBY_OPTS" value=" --client -J-XX:+TieredCompilation -J-XX:TieredStopAtLevel=1 -J-Xss2m -Xcompile.invokedynamic=false" />
    <property name="java.vendor" value="Oracle Corporation" />
    <property name="env.TRAVIS_PRE_CHEF_BOOTSTRAP_TIME" value="2020-06-24T13:13:03" />
    <property name="env.TRAVIS_STACK_JOB_BOARD_REGISTER" value="/.job-board-register.yml" />
    <property name="env.ANSI_RED" value="\033[31;1m" />
    <property name="java.specification.version" value="11" />
    <property name="env.IRBRC" value="/home/travis/.rvm/rubies/ruby-2.5.3/.irbrc" />
    <property name="env.TRAVIS" value="true" />
    <property name="sun.arch.data.model" value="64" />
  </properties>
  <testcase classname="ptolemy.util.test.junit.TclTests" name="[0] /home/travis/build/icyphy/ptII/ptolemy/domains/de/test/DependencyLoop.tcl (RunTclFile)" time="1.054" />
  <testcase classname="ptolemy.util.test.junit.TclTests" name="[1] /home/travis/build/icyphy/ptII/ptolemy/domains/de/test/RunDETestsAsQSS.tcl (RunTclFile)" time="86.711" />
  <testcase classname="ptolemy.util.test.junit.AutoKnownFailedTests" name="[0] /home/travis/build/icyphy/ptII/ptolemy/domains/de/test/auto/knownFailedTests/DESDFClockTest.xml (RunModel)" time="2.053" />
  <testcase classname="ptolemy.util.test.junit.AutoKnownFailedTests" name="[1] /home/travis/build/icyphy/ptII/ptolemy/domains/de/test/auto/knownFailedTests/DirectFeedback.xml (RunModel)" time="0.019" />
  <testcase classname="ptolemy.util.test.junit.AutoKnownFailedTests" name="[2] /home/travis/build/icyphy/ptII/ptolemy/domains/de/test/auto/knownFailedTests/FSMSource.xml (RunModel)" time="0.037" />
  <testcase classname="ptolemy.util.test.junit.AutoKnownFailedTests" name="[3] /home/travis/build/icyphy/ptII/ptolemy/domains/de/test/auto/knownFailedTests/HierarchicalModel.xml (RunModel)" time="0.041" />
  <testcase classname="ptolemy.util.test.junit.AutoKnownFailedTests" name="[4] /home/travis/build/icyphy/ptII/ptolemy/domains/de/test/auto/knownFailedTests/dependencyLoop.xml (RunModel)" time="0.043" />
  <testcase classname="ptolemy.util.test.junit.AutoKnownFailedTests" name="[5] /home/travis/build/icyphy/ptII/ptolemy/domains/de/test/auto/knownFailedTests/dependencyLoop2.xml (RunModel)" time="0.046" />
  <testcase classname="ptolemy.util.test.junit.AutoNameArchTests" name="[0] ThereAreNoAutoArchTests (RunModel)" time="0.004" />
  <testcase classname="ptolemy.util.test.junit.AutoTests" name="[0] /home/travis/build/icyphy/ptII/ptolemy/domains/de/test/auto/ActorDepthCalculation_actorWithoutPorts.xml (RunModel)" time="0.019" />
  <testcase classname="ptolemy.util.test.junit.AutoTests" name="[1] /home/travis/build/icyphy/ptII/ptolemy/domains/de/test/auto/AssemblyLine.xml (RunModel)" time="0.024" />
  <testcase classname="ptolemy.util.test.junit.AutoTests" name="[2] /home/travis/build/icyphy/ptII/ptolemy/domains/de/test/auto/CQBug1.xml (RunModel)" time="0.008" />
  <testcase classname="ptolemy.util.test.junit.AutoTests" name="[3] /home/travis/build/icyphy/ptII/ptolemy/domains/de/test/auto/CancelFireAt.xml (RunModel)" time="0.016" />
  <testcase classname="ptolemy.util.test.junit.AutoTests" name="[4] /home/travis/build/icyphy/ptII/ptolemy/domains/de/test/auto/CausalityAndComposabilityAnalysis.xml (RunModel)" time="0.012" />
  <testcase classname="ptolemy.util.test.junit.AutoTests" name="[5] /home/travis/build/icyphy/ptII/ptolemy/domains/de/test/auto/CausalityInterface1.xml (RunModel)" time="0.021" />
  <testcase classname="ptolemy.util.test.junit.AutoTests" name="[6] /home/travis/build/icyphy/ptII/ptolemy/domains/de/test/auto/CausalityInterface15.xml (RunModel)" time="0.016" />
  <testcase classname="ptolemy.util.test.junit.AutoTests" name="[7] /home/travis/build/icyphy/ptII/ptolemy/domains/de/test/auto/CausalityInterface2.xml (RunModel)" time="0.013" />
  <testcase classname="ptolemy.util.test.junit.AutoTests" name="[8] /home/travis/build/icyphy/ptII/ptolemy/domains/de/test/auto/CausalityInterface3.xml (RunModel)" time="0.011" />
  <testcase classname="ptolemy.util.test.junit.AutoTests" name="[9] /home/travis/build/icyphy/ptII/ptolemy/domains/de/test/auto/ClockDrift.xml (RunModel)" time="0.044" />
  <testcase classname="ptolemy.util.test.junit.AutoTests" name="[10] /home/travis/build/icyphy/ptII/ptolemy/domains/de/test/auto/ClockDriftAndValueChange.xml (RunModel)" time="0.033" />
  <testcase classname="ptolemy.util.test.junit.AutoTests" name="[11] /home/travis/build/icyphy/ptII/ptolemy/domains/de/test/auto/ClockDriftChange.xml (RunModel)" time="0.027" />
  <testcase classname="ptolemy.util.test.junit.AutoTests" name="[12] /home/travis/build/icyphy/ptII/ptolemy/domains/de/test/auto/ComposableCausalityAnalysis.xml (RunModel)" time="0.014" />
  <testcase classname="ptolemy.util.test.junit.AutoTests" name="[13] /home/travis/build/icyphy/ptII/ptolemy/domains/de/test/auto/DEFixedPointLimitation.xml (RunModel)" time="0.009" />
  <testcase classname="ptolemy.util.test.junit.AutoTests" name="[14] /home/travis/build/icyphy/ptII/ptolemy/domains/de/test/auto/DEScheduleTest.xml (RunModel)" time="0.019" />
  <testcase classname="ptolemy.util.test.junit.AutoTests" name="[15] /home/travis/build/icyphy/ptII/ptolemy/domains/de/test/auto/DEinDEwithStartTimes.xml (RunModel)" time="0.017" />
  <testcase classname="ptolemy.util.test.junit.AutoTests" name="[16] /home/travis/build/icyphy/ptII/ptolemy/domains/de/test/auto/DEinDEwithStartTimes2.xml (RunModel)" time="0.019" />
  <testcase classname="ptolemy.util.test.junit.AutoTests" name="[17] /home/travis/build/icyphy/ptII/ptolemy/domains/de/test/auto/DateDemo.xml (RunModel)" time="0.04" />
  <testcase classname="ptolemy.util.test.junit.AutoTests" name="[18] /home/travis/build/icyphy/ptII/ptolemy/domains/de/test/auto/DateToEvent.xml (RunModel)" time="2.046" />
  <testcase classname="ptolemy.util.test.junit.AutoTests" name="[19] /home/travis/build/icyphy/ptII/ptolemy/domains/de/test/auto/DepthTest1.xml (RunModel)" time="0.013" />
  <testcase classname="ptolemy.util.test.junit.AutoTests" name="[20] /home/travis/build/icyphy/ptII/ptolemy/domains/de/test/auto/DepthTest2.xml (RunModel)" time="0.02" />
  <testcase classname="ptolemy.util.test.junit.AutoTests" name="[21] /home/travis/build/icyphy/ptII/ptolemy/domains/de/test/auto/DepthTest3.xml (RunModel)" time="0.009" />
  <testcase classname="ptolemy.util.test.junit.AutoTests" name="[22] /home/travis/build/icyphy/ptII/ptolemy/domains/de/test/auto/DepthTest4.xml (RunModel)" time="0.02" />
  <testcase classname="ptolemy.util.test.junit.AutoTests" name="[23] /home/travis/build/icyphy/ptII/ptolemy/domains/de/test/auto/DepthTest5.xml (RunModel)" time="0.015" />
  <testcase classname="ptolemy.util.test.junit.AutoTests" name="[24] /home/travis/build/icyphy/ptII/ptolemy/domains/de/test/auto/DepthTest6.xml (RunModel)" time="0.017" />
  <testcase classname="ptolemy.util.test.junit.AutoTests" name="[25] /home/travis/build/icyphy/ptII/ptolemy/domains/de/test/auto/DepthTest7.xml (RunModel)" time="0.011" />
  <testcase classname="ptolemy.util.test.junit.AutoTests" name="[26] /home/travis/build/icyphy/ptII/ptolemy/domains/de/test/auto/EventToDate.xml (RunModel)" time="3.045" />
  <testcase classname="ptolemy.util.test.junit.AutoTests" name="[27] /home/travis/build/icyphy/ptII/ptolemy/domains/de/test/auto/FSM1.xml (RunModel)" time="0.038" />
  <testcase classname="ptolemy.util.test.junit.AutoTests" name="[28] /home/travis/build/icyphy/ptII/ptolemy/domains/de/test/auto/FSM7.xml (RunModel)" time="0.061" />
  <testcase classname="ptolemy.util.test.junit.AutoTests" name="[29] /home/travis/build/icyphy/ptII/ptolemy/domains/de/test/auto/Inspection.xml (RunModel)" time="0.055" />
  <testcase classname="ptolemy.util.test.junit.AutoTests" name="[30] /home/travis/build/icyphy/ptII/ptolemy/domains/de/test/auto/Iteration.xml (RunModel)" time="0.029" />
  <testcase classname="ptolemy.util.test.junit.AutoTests" name="[31] /home/travis/build/icyphy/ptII/ptolemy/domains/de/test/auto/LineFault.xml (RunModel)" time="0.598" />
  <testcase classname="ptolemy.util.test.junit.AutoTests" name="[32] /home/travis/build/icyphy/ptII/ptolemy/domains/de/test/auto/MergeModel1Add.xml (RunModel)" time="0.056" />
  <testcase classname="ptolemy.util.test.junit.AutoTests" name="[33] /home/travis/build/icyphy/ptII/ptolemy/domains/de/test/auto/MergeModel2Add.xml (RunModel)" time="0.035" />
  <testcase classname="ptolemy.util.test.junit.AutoTests" name="[34] /home/travis/build/icyphy/ptII/ptolemy/domains/de/test/auto/MergeModel3Add.xml (RunModel)" time="0.043" />
  <testcase classname="ptolemy.util.test.junit.AutoTests" name="[35] /home/travis/build/icyphy/ptII/ptolemy/domains/de/test/auto/MergeWithoutDiscard.xml (RunModel)" time="0.015" />
  <testcase classname="ptolemy.util.test.junit.AutoTests" name="[36] /home/travis/build/icyphy/ptII/ptolemy/domains/de/test/auto/Modal1.xml (RunModel)" time="0.031" />
  <testcase classname="ptolemy.util.test.junit.AutoTests" name="[37] /home/travis/build/icyphy/ptII/ptolemy/domains/de/test/auto/Modal2.xml (RunModel)" time="0.026" />
  <testcase classname="ptolemy.util.test.junit.AutoTests" name="[38] /home/travis/build/icyphy/ptII/ptolemy/domains/de/test/auto/Modal3.xml (RunModel)" time="0.031" />
  <testcase classname="ptolemy.util.test.junit.AutoTests" name="[39] /home/travis/build/icyphy/ptII/ptolemy/domains/de/test/auto/Modal4.xml (RunModel)" time="0.03" />
  <testcase classname="ptolemy.util.test.junit.AutoTests" name="[40] /home/travis/build/icyphy/ptII/ptolemy/domains/de/test/auto/Modal5.xml (RunModel)" time="0.033" />
  <testcase classname="ptolemy.util.test.junit.AutoTests" name="[41] /home/travis/build/icyphy/ptII/ptolemy/domains/de/test/auto/Modal6.xml (RunModel)" time="0.026" />
  <testcase classname="ptolemy.util.test.junit.AutoTests" name="[42] /home/travis/build/icyphy/ptII/ptolemy/domains/de/test/auto/Modal7.xml (RunModel)" time="0.033" />
  <testcase classname="ptolemy.util.test.junit.AutoTests" name="[43] /home/travis/build/icyphy/ptII/ptolemy/domains/de/test/auto/ModalModel.xml (RunModel)" time="0.166" />
  <testcase classname="ptolemy.util.test.junit.AutoTests" name="[44] /home/travis/build/icyphy/ptII/ptolemy/domains/de/test/auto/ModalSource.xml (RunModel)" time="0.026" />
  <testcase classname="ptolemy.util.test.junit.AutoTests" name="[45] /home/travis/build/icyphy/ptII/ptolemy/domains/de/test/auto/NonInterruptibleTimerZeroDelay.xml (RunModel)" time="0.014" />
  <testcase classname="ptolemy.util.test.junit.AutoTests" name="[46] /home/travis/build/icyphy/ptII/ptolemy/domains/de/test/auto/OpenQueueingNetwork.xml (RunModel)" time="2.231" />
  <testcase classname="ptolemy.util.test.junit.AutoTests" name="[47] /home/travis/build/icyphy/ptII/ptolemy/domains/de/test/auto/OpenQueuingNetwork.xml (RunModel)" time="0.28" />
  <testcase classname="ptolemy.util.test.junit.AutoTests" name="[48] /home/travis/build/icyphy/ptII/ptolemy/domains/de/test/auto/PeriodicSampler.xml (RunModel)" time="0.011" />
  <testcase classname="ptolemy.util.test.junit.AutoTests" name="[49] /home/travis/build/icyphy/ptII/ptolemy/domains/de/test/auto/PersistentIO.xml (RunModel)" time="0.027" />
  <testcase classname="ptolemy.util.test.junit.AutoTests" name="[50] /home/travis/build/icyphy/ptII/ptolemy/domains/de/test/auto/PortParameterResetOnInitialize.xml (RunModel)" time="0.014" />
  <testcase classname="ptolemy.util.test.junit.AutoTests" name="[51] /home/travis/build/icyphy/ptII/ptolemy/domains/de/test/auto/PortParameterUpdates.xml (RunModel)" time="0.017" />
  <testcase classname="ptolemy.util.test.junit.AutoTests" name="[52] /home/travis/build/icyphy/ptII/ptolemy/domains/de/test/auto/QueueAndServer.xml (RunModel)" time="0.025" />
  <testcase classname="ptolemy.util.test.junit.AutoTests" name="[53] /home/travis/build/icyphy/ptII/ptolemy/domains/de/test/auto/Records.xml (RunModel)" time="0.015" />
  <testcase classname="ptolemy.util.test.junit.AutoTests" name="[54] /home/travis/build/icyphy/ptII/ptolemy/domains/de/test/auto/ResetTransitionWithStartTime1.xml (RunModel)" time="0.02" />
  <testcase classname="ptolemy.util.test.junit.AutoTests" name="[55] /home/travis/build/icyphy/ptII/ptolemy/domains/de/test/auto/ResetTransitionWithStartTime2.xml (RunModel)" time="0.023" />
  <testcase classname="ptolemy.util.test.junit.AutoTests" name="[56] /home/travis/build/icyphy/ptII/ptolemy/domains/de/test/auto/ResetTransitionWithStartTime3.xml (RunModel)" time="0.022" />
  <testcase classname="ptolemy.util.test.junit.AutoTests" name="[57] /home/travis/build/icyphy/ptII/ptolemy/domains/de/test/auto/ResetTransitionWithStartTime4.xml (RunModel)" time="0.019" />
  <testcase classname="ptolemy.util.test.junit.AutoTests" name="[58] /home/travis/build/icyphy/ptII/ptolemy/domains/de/test/auto/ResettableTimer1.xml (RunModel)" time="0.01" />
  <testcase classname="ptolemy.util.test.junit.AutoTests" name="[59] /home/travis/build/icyphy/ptII/ptolemy/domains/de/test/auto/ResettableTimer2.xml (RunModel)" time="0.009" />
  <testcase classname="ptolemy.util.test.junit.AutoTests" name="[60] /home/travis/build/icyphy/ptII/ptolemy/domains/de/test/auto/ResettableTimer3.xml (RunModel)" time="0.009" />
  <testcase classname="ptolemy.util.test.junit.AutoTests" name="[61] /home/travis/build/icyphy/ptII/ptolemy/domains/de/test/auto/ResettableTimer4.xml (RunModel)" time="0.011" />
  <testcase classname="ptolemy.util.test.junit.AutoTests" name="[62] /home/travis/build/icyphy/ptII/ptolemy/domains/de/test/auto/ResettableTimer5.xml (RunModel)" time="0.01" />
  <testcase classname="ptolemy.util.test.junit.AutoTests" name="[63] /home/travis/build/icyphy/ptII/ptolemy/domains/de/test/auto/ResettableTimer6.xml (RunModel)" time="0.02" />
  <testcase classname="ptolemy.util.test.junit.AutoTests" name="[64] /home/travis/build/icyphy/ptII/ptolemy/domains/de/test/auto/ServerZeroDelay.xml (RunModel)" time="0.01" />
  <testcase classname="ptolemy.util.test.junit.AutoTests" name="[65] /home/travis/build/icyphy/ptII/ptolemy/domains/de/test/auto/SmartSender.xml (RunModel)" time="3.008" />
  <testcase classname="ptolemy.util.test.junit.AutoTests" name="[66] /home/travis/build/icyphy/ptII/ptolemy/domains/de/test/auto/ThreadedComposite.xml (RunModel)" time="0.28" />
  <testcase classname="ptolemy.util.test.junit.AutoTests" name="[67] /home/travis/build/icyphy/ptII/ptolemy/domains/de/test/auto/Time.xml (RunModel)" time="0.441" />
  <testcase classname="ptolemy.util.test.junit.AutoTests" name="[68] /home/travis/build/icyphy/ptII/ptolemy/domains/de/test/auto/TimeDelayZeroDelay.xml (RunModel)" time="0.015" />
  <testcase classname="ptolemy.util.test.junit.AutoTests" name="[69] /home/travis/build/icyphy/ptII/ptolemy/domains/de/test/auto/TimerZeroDelay.xml (RunModel)" time="0.013" />
  <testcase classname="ptolemy.util.test.junit.AutoTests" name="[70] /home/travis/build/icyphy/ptII/ptolemy/domains/de/test/auto/TimingParadox.xml (RunModel)" time="0.333" />
  <testcase classname="ptolemy.util.test.junit.AutoTests" name="[71] /home/travis/build/icyphy/ptII/ptolemy/domains/de/test/auto/TransferInputs.xml (RunModel)" time="0.016" />
  <testcase classname="ptolemy.util.test.junit.AutoTests" name="[72] /home/travis/build/icyphy/ptII/ptolemy/domains/de/test/auto/TransferOutputs2.xml (RunModel)" time="0.016" />
  <testcase classname="ptolemy.util.test.junit.AutoTests" name="[73] /home/travis/build/icyphy/ptII/ptolemy/domains/de/test/auto/Trilateration.xml (RunModel)" time="10.536" />
  <testcase classname="ptolemy.util.test.junit.AutoTests" name="[74] /home/travis/build/icyphy/ptII/ptolemy/domains/de/test/auto/TwoSigmaDelta.xml (RunModel)" time="1.871" />
  <testcase classname="ptolemy.util.test.junit.AutoTests" name="[75] /home/travis/build/icyphy/ptII/ptolemy/domains/de/test/auto/VariableDelay.xml (RunModel)" time="0.011" />
  <testcase classname="ptolemy.util.test.junit.AutoTests" name="[76] /home/travis/build/icyphy/ptII/ptolemy/domains/de/test/auto/VariableDelay2.xml (RunModel)" time="0.009" />
  <testcase classname="ptolemy.util.test.junit.AutoTests" name="[77] /home/travis/build/icyphy/ptII/ptolemy/domains/de/test/auto/VariableDelayZeroDelay.xml (RunModel)" time="0.015" />
  <testcase classname="ptolemy.util.test.junit.AutoTests" name="[78] /home/travis/build/icyphy/ptII/ptolemy/domains/de/test/auto/VariableDelayZeroDelay2.xml (RunModel)" time="0.013" />
  <testcase classname="ptolemy.util.test.junit.AutoTests" name="[79] /home/travis/build/icyphy/ptII/ptolemy/domains/de/test/auto/deInCt.xml (RunModel)" time="0.015" />
  <testcase classname="ptolemy.util.test.junit.AutoTests" name="[80] /home/travis/build/icyphy/ptII/ptolemy/domains/de/test/auto/deInCt2.xml (RunModel)" time="0.02" />
  <testcase classname="ptolemy.util.test.junit.AutoTests" name="[81] /home/travis/build/icyphy/ptII/ptolemy/domains/de/test/auto/dynamicCausalityInterface1.xml (RunModel)" time="0.017" />
  <testcase classname="ptolemy.util.test.junit.AutoTests" name="[82] /home/travis/build/icyphy/ptII/ptolemy/domains/de/test/auto/fsm_de_test.xml (RunModel)" time="0.022" />
  <testcase classname="ptolemy.util.test.junit.AutoTests" name="[83] /home/travis/build/icyphy/ptII/ptolemy/domains/de/test/auto/functionDependencyReconstruction.xml (RunModel)" time="0.035" />
  <testcase classname="ptolemy.util.test.junit.AutoTests" name="[84] /home/travis/build/icyphy/ptII/ptolemy/domains/de/test/auto/multirate.xml (RunModel)" time="0.016" />
  <testcase classname="ptolemy.util.test.junit.AutoTests" name="[85] /home/travis/build/icyphy/ptII/ptolemy/domains/de/test/auto/multirate2.xml (RunModel)" time="0.019" />
  <testcase classname="ptolemy.util.test.junit.AutoTests" name="[86] /home/travis/build/icyphy/ptII/ptolemy/domains/de/test/auto/realtime.xml (RunModel)" time="10.01" />
  <testcase classname="ptolemy.util.test.junit.AutoTests" name="[87] /home/travis/build/icyphy/ptII/ptolemy/domains/de/test/auto/relationGroup.xml (RunModel)" time="0.011" />
  <testcase classname="ptolemy.util.test.junit.AutoTests" name="[88] /home/travis/build/icyphy/ptII/ptolemy/domains/de/test/auto/relationGroup2.xml (RunModel)" time="0.007" />
  <testcase classname="ptolemy.util.test.junit.AutoTests" name="[89] /home/travis/build/icyphy/ptII/ptolemy/domains/de/test/auto/sortWithOpaquePorts.xml (RunModel)" time="0.012" />
  <testcase classname="ptolemy.util.test.junit.AutoTests" name="[90] /home/travis/build/icyphy/ptII/ptolemy/domains/de/test/auto/transferInputsandOutputs.xml (RunModel)" time="0.015" />
  <testcase classname="ptolemy.util.test.junit.AutoTests" name="[91] /home/travis/build/icyphy/ptII/ptolemy/domains/de/test/auto/triggerType.xml (RunModel)" time="0.011" />
  <system-out><![CDATA[/home/travis/build/icyphy/ptII/ptolemy/domains/de/test/DependencyLoop.tcl
testDefs.tcl: setting time out to 9000 seconds at Tue Aug 11 15:24:15 UTC 2020
83 ms. Memory: 129024K Free: 78792K (61%)
14 ms. Memory: 129024K Free: 61384K (48%)
/home/travis/build/icyphy/ptII/ptolemy/domains/de/test/RunDETestsAsQSS.tcl
Run the DE tests using ptolemy.domains.qss.test.QSSDirectorTest, which extends QSSDirector and prints a message in the constructors.
------------------ testing $PTII/ptolemy/domains/de/test/auto/knownFailedTests/DirectFeedback.xml (Known Failure) 
44 ms. Memory: 129024K Free: 56264K (44%)


==== $PTIIhome/travis/build/icyphy/ptII/ptolemy/domains/de/test/../../../../: Auto Automatic test in file $PTII/ptolemy/domains/de/test/auto/knownFailedTests/DirectFeedback.xml
==== Contents of test case:

	    # FIXME: we should use $relativeFilename here, but it
	    # might have backslashes under Windows, which causes no end
	    # of trouble.
	    createAndExecute $file
	    list {}
	
.... Test generated KNOWN error:
    while executing
ptolemy.kernel.util.IllegalActionException: Test fails in iteration 1.
Value was: 1.0. Should have been: 2.0
  in .DirectFeedback.Test
	at ptolemy.actor.lib.Test.fire(Test.java:268)
	at ptolemy.domains.de.kernel.DEDirector._fire(DEDirector.java:1949)
	at ptolemy.domains.de.kernel.DEDirector.fire(DEDirector.java:502)
	at ptolemy.actor.CompositeActor.fire(CompositeActor.java:455)
	at ptolemy.actor.Manager.iterate(Manager.java:851)
	at ptolemy.actor.Manager.execute(Manager.java:369)
	at ptolemy.actor.Manager.run(Manager.java:1263)
	at ptolemy.actor.Manager$PtolemyRunThread.run(Manager.java:1933)

    while executing
ptolemy.kernel.util.IllegalActionException: Test fails in iteration 1.
Value was: 1.0. Should have been: 2.0
  in .DirectFeedback.Test
    while executing
"java::new ptolemy.moml.MoMLSimpleApplication $file
"
    (procedure "createAndExecute" line 2)
    invoked from within
"createAndExecute $file"
    ("uplevel" body line 5)
    invoked from within
"uplevel $contents_of_test"
------------------ testing $PTII/ptolemy/domains/de/test/auto/knownFailedTests/dependencyLoop.xml (Known Failure) 
9 ms. Memory: 129024K Free: 53192K (41%)


==== $PTIIhome/travis/build/icyphy/ptII/ptolemy/domains/de/test/../../../../: Auto Automatic test in file $PTII/ptolemy/domains/de/test/auto/knownFailedTests/dependencyLoop.xml
==== Contents of test case:

	    # FIXME: we should use $relativeFilename here, but it
	    # might have backslashes under Windows, which causes no end
	    # of trouble.
	    createAndExecute $file
	    list {}
	
.... Test generated KNOWN error:
    while executing
ptolemy.kernel.util.IllegalActionException: Found a zero delay loop containing .dependencyLoop.original
  in .dependencyLoop and .dependencyLoop.original
	at ptolemy.actor.util.CausalityInterfaceForComposites._computeOutputPortDepth(CausalityInterfaceForComposites.java:759)
	at ptolemy.actor.util.CausalityInterfaceForComposites._computeInputDepth(CausalityInterfaceForComposites.java:696)
	at ptolemy.actor.util.CausalityInterfaceForComposites._computeOutputPortDepth(CausalityInterfaceForComposites.java:765)
	at ptolemy.actor.util.CausalityInterfaceForComposites._computeInputDepth(CausalityInterfaceForComposites.java:696)
	at ptolemy.actor.util.CausalityInterfaceForComposites._computeOutputPortDepth(CausalityInterfaceForComposites.java:765)
	at ptolemy.actor.util.CausalityInterfaceForComposites._computeInputDepth(CausalityInterfaceForComposites.java:696)
	at ptolemy.actor.util.CausalityInterfaceForComposites._computeActorDepth(CausalityInterfaceForComposites.java:532)
	at ptolemy.actor.util.CausalityInterfaceForComposites.checkForCycles(CausalityInterfaceForComposites.java:96)
	at ptolemy.domains.de.kernel.DEDirector.preinitialize(DEDirector.java:1338)
	at ptolemy.actor.CompositeActor.preinitialize(CompositeActor.java:1828)
	at ptolemy.actor.Manager.preinitializeAndResolveTypes(Manager.java:1040)
	at ptolemy.actor.Manager.initialize(Manager.java:710)
	at ptolemy.actor.Manager.execute(Manager.java:356)
	at ptolemy.actor.Manager.run(Manager.java:1263)
	at ptolemy.actor.Manager$PtolemyRunThread.run(Manager.java:1933)

    while executing
ptolemy.kernel.util.IllegalActionException: Found a zero delay loop containing .dependencyLoop.original
  in .dependencyLoop and .dependencyLoop.original
    while executing
"java::new ptolemy.moml.MoMLSimpleApplication $file
"
    (procedure "createAndExecute" line 2)
    invoked from within
"createAndExecute $file"
    ("uplevel" body line 5)
    invoked from within
"uplevel $contents_of_test"
------------------ testing $PTII/ptolemy/domains/de/test/auto/knownFailedTests/FSMSource.xml (Known Failure) 
76 ms. Memory: 129024K Free: 111629K (87%)
!!!! Auto was marked as failing, but now passes
------------------ testing $PTII/ptolemy/domains/de/test/auto/knownFailedTests/HierarchicalModel.xml (Known Failure) 
9 ms. Memory: 129024K Free: 94229K (73%)


==== $PTIIhome/travis/build/icyphy/ptII/ptolemy/domains/de/test/../../../../: Auto Automatic test in file $PTII/ptolemy/domains/de/test/auto/knownFailedTests/HierarchicalModel.xml
==== Contents of test case:

	    # FIXME: we should use $relativeFilename here, but it
	    # might have backslashes under Windows, which causes no end
	    # of trouble.
	    createAndExecute $file
	    list {}
	
.... Test generated KNOWN error:
    while executing
ptolemy.kernel.util.IllegalActionException: Found a zero delay loop containing .HierarchicalModel.A
  in .HierarchicalModel and .HierarchicalModel.A
	at ptolemy.actor.util.CausalityInterfaceForComposites._computeOutputPortDepth(CausalityInterfaceForComposites.java:759)
	at ptolemy.actor.util.CausalityInterfaceForComposites._computeInputDepth(CausalityInterfaceForComposites.java:696)
	at ptolemy.actor.util.CausalityInterfaceForComposites._computeOutputPortDepth(CausalityInterfaceForComposites.java:765)
	at ptolemy.actor.util.CausalityInterfaceForComposites._computeInputDepth(CausalityInterfaceForComposites.java:696)
	at ptolemy.actor.util.CausalityInterfaceForComposites._computeOutputPortDepth(CausalityInterfaceForComposites.java:765)
	at ptolemy.actor.util.CausalityInterfaceForComposites._computeInputDepth(CausalityInterfaceForComposites.java:696)
	at ptolemy.actor.util.CausalityInterfaceForComposites._computeActorDepth(CausalityInterfaceForComposites.java:532)
	at ptolemy.actor.util.CausalityInterfaceForComposites.checkForCycles(CausalityInterfaceForComposites.java:96)
	at ptolemy.domains.de.kernel.DEDirector.preinitialize(DEDirector.java:1338)
	at ptolemy.actor.CompositeActor.preinitialize(CompositeActor.java:1828)
	at ptolemy.actor.Manager.preinitializeAndResolveTypes(Manager.java:1040)
	at ptolemy.actor.Manager.initialize(Manager.java:710)
	at ptolemy.actor.Manager.execute(Manager.java:356)
	at ptolemy.actor.Manager.run(Manager.java:1263)
	at ptolemy.actor.Manager$PtolemyRunThread.run(Manager.java:1933)

    while executing
ptolemy.kernel.util.IllegalActionException: Found a zero delay loop containing .HierarchicalModel.A
  in .HierarchicalModel and .HierarchicalModel.A
    while executing
"java::new ptolemy.moml.MoMLSimpleApplication $file
"
    (procedure "createAndExecute" line 2)
    invoked from within
"createAndExecute $file"
    ("uplevel" body line 5)
    invoked from within
"uplevel $contents_of_test"
------------------ testing $PTII/ptolemy/domains/de/test/auto/knownFailedTests/dependencyLoop2.xml (Known Failure) 
6 ms. Memory: 129024K Free: 77843K (60%)


==== $PTIIhome/travis/build/icyphy/ptII/ptolemy/domains/de/test/../../../../: Auto Automatic test in file $PTII/ptolemy/domains/de/test/auto/knownFailedTests/dependencyLoop2.xml
==== Contents of test case:

	    # FIXME: we should use $relativeFilename here, but it
	    # might have backslashes under Windows, which causes no end
	    # of trouble.
	    createAndExecute $file
	    list {}
	
.... Test generated KNOWN error:
    while executing
ptolemy.kernel.util.IllegalActionException: Found a zero delay loop containing .dependencyLoop2.original
  in .dependencyLoop2 and .dependencyLoop2.original
	at ptolemy.actor.util.CausalityInterfaceForComposites._computeOutputPortDepth(CausalityInterfaceForComposites.java:759)
	at ptolemy.actor.util.CausalityInterfaceForComposites._computeInputDepth(CausalityInterfaceForComposites.java:696)
	at ptolemy.actor.util.CausalityInterfaceForComposites._computeOutputPortDepth(CausalityInterfaceForComposites.java:765)
	at ptolemy.actor.util.CausalityInterfaceForComposites._computeInputDepth(CausalityInterfaceForComposites.java:696)
	at ptolemy.actor.util.CausalityInterfaceForComposites._computeOutputPortDepth(CausalityInterfaceForComposites.java:765)
	at ptolemy.actor.util.CausalityInterfaceForComposites._computeInputDepth(CausalityInterfaceForComposites.java:696)
	at ptolemy.actor.util.CausalityInterfaceForComposites._computeActorDepth(CausalityInterfaceForComposites.java:532)
	at ptolemy.actor.util.CausalityInterfaceForComposites.checkForCycles(CausalityInterfaceForComposites.java:96)
	at ptolemy.domains.de.kernel.DEDirector.preinitialize(DEDirector.java:1338)
	at ptolemy.actor.CompositeActor.preinitialize(CompositeActor.java:1828)
	at ptolemy.actor.Manager.preinitializeAndResolveTypes(Manager.java:1040)
	at ptolemy.actor.Manager.initialize(Manager.java:710)
	at ptolemy.actor.Manager.execute(Manager.java:356)
	at ptolemy.actor.Manager.run(Manager.java:1263)
	at ptolemy.actor.Manager$PtolemyRunThread.run(Manager.java:1933)

    while executing
ptolemy.kernel.util.IllegalActionException: Found a zero delay loop containing .dependencyLoop2.original
  in .dependencyLoop2 and .dependencyLoop2.original
    while executing
"java::new ptolemy.moml.MoMLSimpleApplication $file
"
    (procedure "createAndExecute" line 2)
    invoked from within
"createAndExecute $file"
    ("uplevel" body line 5)
    invoked from within
"uplevel $contents_of_test"
------------------ testing $PTII/ptolemy/domains/de/test/auto/knownFailedTests/DESDFClockTest.xml (Known Failure) 
2041 ms. Memory: 129024K Free: 108501K (84%)


==== $PTIIhome/travis/build/icyphy/ptII/ptolemy/domains/de/test/../../../../: Auto Automatic test in file $PTII/ptolemy/domains/de/test/auto/knownFailedTests/DESDFClockTest.xml
==== Contents of test case:

	    # FIXME: we should use $relativeFilename here, but it
	    # might have backslashes under Windows, which causes no end
	    # of trouble.
	    createAndExecute $file
	    list {}
	
.... Test generated KNOWN error:
    while executing
ptolemy.kernel.util.IllegalActionException: Actor is not ready to fire.  Perhaps UpSample.prefire() returned false? Try debugging the actor by selecting "Listen to Actor".  Also, for SDF check moml for tokenConsumptionRate on input.
  in .DESDFClockTest.Play Bell.Copy1:SDF Director and .DESDFClockTest.Play Bell.UpSample
	at ptolemy.actor.sched.StaticSchedulingDirector.fire(StaticSchedulingDirector.java:227)
	at ptolemy.domains.sdf.kernel.SDFDirector.fire(SDFDirector.java:500)
	at ptolemy.actor.CompositeActor.fire(CompositeActor.java:455)
	at ptolemy.domains.de.kernel.DEDirector._fire(DEDirector.java:1949)
	at ptolemy.domains.de.kernel.DEDirector.fire(DEDirector.java:502)
	at ptolemy.actor.CompositeActor.fire(CompositeActor.java:455)
	at ptolemy.actor.Manager.iterate(Manager.java:851)
	at ptolemy.actor.Manager.execute(Manager.java:369)
	at ptolemy.actor.Manager.run(Manager.java:1263)
	at ptolemy.actor.Manager$PtolemyRunThread.run(Manager.java:1933)

    while executing
ptolemy.kernel.util.IllegalActionException: Actor is not ready to fire.  Perhaps UpSample.prefire() returned false? Try debugging the actor by selecting "Listen to Actor".  Also, for SDF check moml for tokenConsumptionRate on input.
  in .DESDFClockTest.Play Bell.Copy1:SDF Director and .DESDFClockTest.Play Bell.UpSample
    while executing
"java::new ptolemy.moml.MoMLSimpleApplication $file
"
    (procedure "createAndExecute" line 2)
    invoked from within
"createAndExecute $file"
    ("uplevel" body line 5)
    invoked from within
"uplevel $contents_of_test"
------------------ testing $PTII/ptolemy/domains/de/test/auto/ActorDepthCalculation_actorWithoutPorts.xml
auto.tcl: Setting watchdog for 200 seconds at Tue Aug 11 15:24:19 UTC 2020
4 ms. Memory: 129024K Free: 100823K (78%)
ptolemy.util.test.WatchDog.cancel(): canceling Tue Aug 11 15:24:19 UTC 2020
auto.tcl: Setting watchdog for 200 seconds at Tue Aug 11 15:24:19 UTC 2020
4 ms. Memory: 129024K Free: 99271K (77%)
ptolemy.util.test.WatchDog.cancel(): canceling Tue Aug 11 15:24:19 UTC 2020
------------------ testing $PTII/ptolemy/domains/de/test/auto/AssemblyLine.xml
auto.tcl: Setting watchdog for 200 seconds at Tue Aug 11 15:24:20 UTC 2020
10 ms. Memory: 51200K Free: 28166K (55%)
ptolemy.util.test.WatchDog.cancel(): canceling Tue Aug 11 15:24:20 UTC 2020
auto.tcl: Setting watchdog for 200 seconds at Tue Aug 11 15:24:20 UTC 2020
6 ms. Memory: 51200K Free: 27284K (53%)
ptolemy.util.test.WatchDog.cancel(): canceling Tue Aug 11 15:24:20 UTC 2020
------------------ testing $PTII/ptolemy/domains/de/test/auto/CQBug1.xml
auto.tcl: Setting watchdog for 200 seconds at Tue Aug 11 15:24:20 UTC 2020
3 ms. Memory: 51200K Free: 33242K (65%)
ptolemy.util.test.WatchDog.cancel(): canceling Tue Aug 11 15:24:20 UTC 2020
auto.tcl: Setting watchdog for 200 seconds at Tue Aug 11 15:24:20 UTC 2020
3 ms. Memory: 51200K Free: 33242K (65%)
ptolemy.util.test.WatchDog.cancel(): canceling Tue Aug 11 15:24:20 UTC 2020
------------------ testing $PTII/ptolemy/domains/de/test/auto/CancelFireAt.xml
auto.tcl: Setting watchdog for 200 seconds at Tue Aug 11 15:24:20 UTC 2020
3 ms. Memory: 51200K Free: 34474K (67%)
ptolemy.util.test.WatchDog.cancel(): canceling Tue Aug 11 15:24:20 UTC 2020
auto.tcl: Setting watchdog for 200 seconds at Tue Aug 11 15:24:20 UTC 2020
2 ms. Memory: 51200K Free: 33997K (66%)
ptolemy.util.test.WatchDog.cancel(): canceling Tue Aug 11 15:24:20 UTC 2020
------------------ testing $PTII/ptolemy/domains/de/test/auto/CausalityAndComposabilityAnalysis.xml
auto.tcl: Setting watchdog for 200 seconds at Tue Aug 11 15:24:20 UTC 2020
6 ms. Memory: 51200K Free: 32354K (63%)
ptolemy.util.test.WatchDog.cancel(): canceling Tue Aug 11 15:24:20 UTC 2020
auto.tcl: Setting watchdog for 200 seconds at Tue Aug 11 15:24:20 UTC 2020
5 ms. Memory: 51200K Free: 31958K (62%)
ptolemy.util.test.WatchDog.cancel(): canceling Tue Aug 11 15:24:20 UTC 2020
------------------ testing $PTII/ptolemy/domains/de/test/auto/CausalityInterface1.xml
auto.tcl: Setting watchdog for 200 seconds at Tue Aug 11 15:24:20 UTC 2020
45 ms. Memory: 51200K Free: 31363K (61%)
ptolemy.util.test.WatchDog.cancel(): canceling Tue Aug 11 15:24:20 UTC 2020
auto.tcl: Setting watchdog for 200 seconds at Tue Aug 11 15:24:20 UTC 2020
10 ms. Memory: 51200K Free: 30364K (59%)
ptolemy.util.test.WatchDog.cancel(): canceling Tue Aug 11 15:24:20 UTC 2020
------------------ testing $PTII/ptolemy/domains/de/test/auto/CausalityInterface15.xml
auto.tcl: Setting watchdog for 200 seconds at Tue Aug 11 15:24:20 UTC 2020
12 ms. Memory: 51200K Free: 31282K (61%)
ptolemy.util.test.WatchDog.cancel(): canceling Tue Aug 11 15:24:20 UTC 2020
auto.tcl: Setting watchdog for 200 seconds at Tue Aug 11 15:24:20 UTC 2020
7 ms. Memory: 51200K Free: 30338K (59%)
ptolemy.util.test.WatchDog.cancel(): canceling Tue Aug 11 15:24:20 UTC 2020
------------------ testing $PTII/ptolemy/domains/de/test/auto/CausalityInterface2.xml
auto.tcl: Setting watchdog for 200 seconds at Tue Aug 11 15:24:20 UTC 2020
5 ms. Memory: 51200K Free: 32008K (63%)
ptolemy.util.test.WatchDog.cancel(): canceling Tue Aug 11 15:24:20 UTC 2020
auto.tcl: Setting watchdog for 200 seconds at Tue Aug 11 15:24:20 UTC 2020
3 ms. Memory: 51200K Free: 30863K (60%)
ptolemy.util.test.WatchDog.cancel(): canceling Tue Aug 11 15:24:20 UTC 2020
------------------ testing $PTII/ptolemy/domains/de/test/auto/CausalityInterface3.xml
auto.tcl: Setting watchdog for 200 seconds at Tue Aug 11 15:24:21 UTC 2020
4 ms. Memory: 51200K Free: 31575K (62%)
ptolemy.util.test.WatchDog.cancel(): canceling Tue Aug 11 15:24:21 UTC 2020
auto.tcl: Setting watchdog for 200 seconds at Tue Aug 11 15:24:21 UTC 2020
4 ms. Memory: 51200K Free: 31090K (61%)
ptolemy.util.test.WatchDog.cancel(): canceling Tue Aug 11 15:24:21 UTC 2020
------------------ testing $PTII/ptolemy/domains/de/test/auto/ClockDrift.xml
auto.tcl: Setting watchdog for 200 seconds at Tue Aug 11 15:24:21 UTC 2020
99 ms. Memory: 51200K Free: 24129K (47%)
ptolemy.util.test.WatchDog.cancel(): canceling Tue Aug 11 15:24:21 UTC 2020
auto.tcl: Setting watchdog for 200 seconds at Tue Aug 11 15:24:21 UTC 2020
64 ms. Memory: 51200K Free: 21120K (41%)
ptolemy.util.test.WatchDog.cancel(): canceling Tue Aug 11 15:24:21 UTC 2020
------------------ testing $PTII/ptolemy/domains/de/test/auto/ClockDriftAndValueChange.xml
auto.tcl: Setting watchdog for 200 seconds at Tue Aug 11 15:24:21 UTC 2020
59 ms. Memory: 51200K Free: 23968K (47%)
ptolemy.util.test.WatchDog.cancel(): canceling Tue Aug 11 15:24:21 UTC 2020
auto.tcl: Setting watchdog for 200 seconds at Tue Aug 11 15:24:21 UTC 2020
28 ms. Memory: 51200K Free: 20981K (41%)
ptolemy.util.test.WatchDog.cancel(): canceling Tue Aug 11 15:24:21 UTC 2020
------------------ testing $PTII/ptolemy/domains/de/test/auto/ClockDriftChange.xml
auto.tcl: Setting watchdog for 200 seconds at Tue Aug 11 15:24:21 UTC 2020
19 ms. Memory: 51200K Free: 26037K (51%)
ptolemy.util.test.WatchDog.cancel(): canceling Tue Aug 11 15:24:21 UTC 2020
auto.tcl: Setting watchdog for 200 seconds at Tue Aug 11 15:24:21 UTC 2020
26 ms. Memory: 51200K Free: 23479K (46%)
ptolemy.util.test.WatchDog.cancel(): canceling Tue Aug 11 15:24:21 UTC 2020
------------------ testing $PTII/ptolemy/domains/de/test/auto/ComposableCausalityAnalysis.xml
auto.tcl: Setting watchdog for 200 seconds at Tue Aug 11 15:24:21 UTC 2020
2 ms. Memory: 51200K Free: 30790K (60%)
ptolemy.util.test.WatchDog.cancel(): canceling Tue Aug 11 15:24:21 UTC 2020
auto.tcl: Setting watchdog for 200 seconds at Tue Aug 11 15:24:21 UTC 2020
4 ms. Memory: 51200K Free: 29829K (58%)
ptolemy.util.test.WatchDog.cancel(): canceling Tue Aug 11 15:24:21 UTC 2020
------------------ testing $PTII/ptolemy/domains/de/test/auto/DEFixedPointLimitation.xml
auto.tcl: Setting watchdog for 200 seconds at Tue Aug 11 15:24:21 UTC 2020
2 ms. Memory: 51200K Free: 32200K (63%)
ptolemy.util.test.WatchDog.cancel(): canceling Tue Aug 11 15:24:21 UTC 2020
auto.tcl: Setting watchdog for 200 seconds at Tue Aug 11 15:24:21 UTC 2020
1 ms. Memory: 51200K Free: 31329K (61%)
ptolemy.util.test.WatchDog.cancel(): canceling Tue Aug 11 15:24:21 UTC 2020
------------------ testing $PTII/ptolemy/domains/de/test/auto/DEScheduleTest.xml
auto.tcl: Setting watchdog for 200 seconds at Tue Aug 11 15:24:21 UTC 2020
5 ms. Memory: 51200K Free: 32580K (64%)
ptolemy.util.test.WatchDog.cancel(): canceling Tue Aug 11 15:24:21 UTC 2020
auto.tcl: Setting watchdog for 200 seconds at Tue Aug 11 15:24:21 UTC 2020
3 ms. Memory: 51200K Free: 31824K (62%)
ptolemy.util.test.WatchDog.cancel(): canceling Tue Aug 11 15:24:21 UTC 2020
------------------ testing $PTII/ptolemy/domains/de/test/auto/DEinDEwithStartTimes.xml
auto.tcl: Setting watchdog for 200 seconds at Tue Aug 11 15:24:21 UTC 2020
4 ms. Memory: 51200K Free: 30751K (60%)
ptolemy.util.test.WatchDog.cancel(): canceling Tue Aug 11 15:24:21 UTC 2020
auto.tcl: Setting watchdog for 200 seconds at Tue Aug 11 15:24:21 UTC 2020
3 ms. Memory: 51200K Free: 29727K (58%)
ptolemy.util.test.WatchDog.cancel(): canceling Tue Aug 11 15:24:21 UTC 2020
------------------ testing $PTII/ptolemy/domains/de/test/auto/DEinDEwithStartTimes2.xml
auto.tcl: Setting watchdog for 200 seconds at Tue Aug 11 15:24:22 UTC 2020
9 ms. Memory: 51200K Free: 29890K (58%)
ptolemy.util.test.WatchDog.cancel(): canceling Tue Aug 11 15:24:22 UTC 2020
auto.tcl: Setting watchdog for 200 seconds at Tue Aug 11 15:24:22 UTC 2020
4 ms. Memory: 51200K Free: 28682K (56%)
ptolemy.util.test.WatchDog.cancel(): canceling Tue Aug 11 15:24:22 UTC 2020
------------------ testing $PTII/ptolemy/domains/de/test/auto/DateDemo.xml
auto.tcl: Setting watchdog for 200 seconds at Tue Aug 11 15:24:22 UTC 2020
20 ms. Memory: 51200K Free: 24293K (47%)
ptolemy.util.test.WatchDog.cancel(): canceling Tue Aug 11 15:24:22 UTC 2020
auto.tcl: Setting watchdog for 200 seconds at Tue Aug 11 15:24:22 UTC 2020
17 ms. Memory: 51200K Free: 22658K (44%)
ptolemy.util.test.WatchDog.cancel(): canceling Tue Aug 11 15:24:22 UTC 2020
------------------ testing $PTII/ptolemy/domains/de/test/auto/DateToEvent.xml
auto.tcl: Setting watchdog for 200 seconds at Tue Aug 11 15:24:22 UTC 2020
2009 ms. Memory: 51200K Free: 20246K (40%)
ptolemy.util.test.WatchDog.cancel(): canceling Tue Aug 11 15:24:24 UTC 2020
auto.tcl: Setting watchdog for 200 seconds at Tue Aug 11 15:24:24 UTC 2020
2009 ms. Memory: 51200K Free: 19368K (38%)
ptolemy.util.test.WatchDog.cancel(): canceling Tue Aug 11 15:24:26 UTC 2020
------------------ testing $PTII/ptolemy/domains/de/test/auto/DepthTest1.xml
auto.tcl: Setting watchdog for 200 seconds at Tue Aug 11 15:24:26 UTC 2020
3 ms. Memory: 51200K Free: 32801K (64%)
ptolemy.util.test.WatchDog.cancel(): canceling Tue Aug 11 15:24:26 UTC 2020
auto.tcl: Setting watchdog for 200 seconds at Tue Aug 11 15:24:26 UTC 2020
2 ms. Memory: 51200K Free: 32369K (63%)
ptolemy.util.test.WatchDog.cancel(): canceling Tue Aug 11 15:24:26 UTC 2020
------------------ testing $PTII/ptolemy/domains/de/test/auto/DepthTest2.xml
auto.tcl: Setting watchdog for 200 seconds at Tue Aug 11 15:24:26 UTC 2020
4 ms. Memory: 51200K Free: 30194K (59%)
ptolemy.util.test.WatchDog.cancel(): canceling Tue Aug 11 15:24:26 UTC 2020
auto.tcl: Setting watchdog for 200 seconds at Tue Aug 11 15:24:26 UTC 2020
2 ms. Memory: 51200K Free: 29740K (58%)
ptolemy.util.test.WatchDog.cancel(): canceling Tue Aug 11 15:24:26 UTC 2020
------------------ testing $PTII/ptolemy/domains/de/test/auto/DepthTest3.xml
auto.tcl: Setting watchdog for 200 seconds at Tue Aug 11 15:24:26 UTC 2020
5 ms. Memory: 51200K Free: 33723K (66%)
ptolemy.util.test.WatchDog.cancel(): canceling Tue Aug 11 15:24:26 UTC 2020
auto.tcl: Setting watchdog for 200 seconds at Tue Aug 11 15:24:26 UTC 2020
2 ms. Memory: 51200K Free: 33253K (65%)
ptolemy.util.test.WatchDog.cancel(): canceling Tue Aug 11 15:24:26 UTC 2020
------------------ testing $PTII/ptolemy/domains/de/test/auto/DepthTest4.xml
auto.tcl: Setting watchdog for 200 seconds at Tue Aug 11 15:24:26 UTC 2020
4 ms. Memory: 51200K Free: 31965K (62%)
ptolemy.util.test.WatchDog.cancel(): canceling Tue Aug 11 15:24:26 UTC 2020
auto.tcl: Setting watchdog for 200 seconds at Tue Aug 11 15:24:26 UTC 2020
2 ms. Memory: 51200K Free: 31302K (61%)
ptolemy.util.test.WatchDog.cancel(): canceling Tue Aug 11 15:24:26 UTC 2020
------------------ testing $PTII/ptolemy/domains/de/test/auto/DepthTest5.xml
auto.tcl: Setting watchdog for 200 seconds at Tue Aug 11 15:24:26 UTC 2020
3 ms. Memory: 51200K Free: 31451K (61%)
ptolemy.util.test.WatchDog.cancel(): canceling Tue Aug 11 15:24:26 UTC 2020
auto.tcl: Setting watchdog for 200 seconds at Tue Aug 11 15:24:26 UTC 2020
3 ms. Memory: 51200K Free: 30685K (60%)
ptolemy.util.test.WatchDog.cancel(): canceling Tue Aug 11 15:24:26 UTC 2020
------------------ testing $PTII/ptolemy/domains/de/test/auto/DepthTest6.xml
auto.tcl: Setting watchdog for 200 seconds at Tue Aug 11 15:24:26 UTC 2020
5 ms. Memory: 51200K Free: 30856K (60%)
ptolemy.util.test.WatchDog.cancel(): canceling Tue Aug 11 15:24:26 UTC 2020
auto.tcl: Setting watchdog for 200 seconds at Tue Aug 11 15:24:26 UTC 2020
2 ms. Memory: 51200K Free: 30177K (59%)
ptolemy.util.test.WatchDog.cancel(): canceling Tue Aug 11 15:24:26 UTC 2020
------------------ testing $PTII/ptolemy/domains/de/test/auto/DepthTest7.xml
auto.tcl: Setting watchdog for 200 seconds at Tue Aug 11 15:24:26 UTC 2020
3 ms. Memory: 51200K Free: 31682K (62%)
ptolemy.util.test.WatchDog.cancel(): canceling Tue Aug 11 15:24:26 UTC 2020
auto.tcl: Setting watchdog for 200 seconds at Tue Aug 11 15:24:26 UTC 2020
2 ms. Memory: 51200K Free: 30807K (60%)
ptolemy.util.test.WatchDog.cancel(): canceling Tue Aug 11 15:24:26 UTC 2020
------------------ testing $PTII/ptolemy/domains/de/test/auto/EventToDate.xml
auto.tcl: Setting watchdog for 200 seconds at Tue Aug 11 15:24:26 UTC 2020
3009 ms. Memory: 51200K Free: 22487K (44%)
ptolemy.util.test.WatchDog.cancel(): canceling Tue Aug 11 15:24:30 UTC 2020
auto.tcl: Setting watchdog for 200 seconds at Tue Aug 11 15:24:30 UTC 2020
3007 ms. Memory: 51200K Free: 22040K (43%)
ptolemy.util.test.WatchDog.cancel(): canceling Tue Aug 11 15:24:33 UTC 2020
------------------ testing $PTII/ptolemy/domains/de/test/auto/FSM1.xml
auto.tcl: Setting watchdog for 200 seconds at Tue Aug 11 15:24:33 UTC 2020
34 ms. Memory: 51200K Free: 23938K (47%)
ptolemy.util.test.WatchDog.cancel(): canceling Tue Aug 11 15:24:33 UTC 2020
auto.tcl: Setting watchdog for 200 seconds at Tue Aug 11 15:24:33 UTC 2020
24 ms. Memory: 51200K Free: 20691K (40%)
ptolemy.util.test.WatchDog.cancel(): canceling Tue Aug 11 15:24:33 UTC 2020
------------------ testing $PTII/ptolemy/domains/de/test/auto/FSM7.xml
auto.tcl: Setting watchdog for 200 seconds at Tue Aug 11 15:24:33 UTC 2020
15 ms. Memory: 51200K Free: 23847K (47%)
ptolemy.util.test.WatchDog.cancel(): canceling Tue Aug 11 15:24:33 UTC 2020
auto.tcl: Setting watchdog for 200 seconds at Tue Aug 11 15:24:33 UTC 2020
15 ms. Memory: 51200K Free: 20401K (40%)
ptolemy.util.test.WatchDog.cancel(): canceling Tue Aug 11 15:24:33 UTC 2020
------------------ testing $PTII/ptolemy/domains/de/test/auto/Inspection.xml
auto.tcl: Setting watchdog for 200 seconds at Tue Aug 11 15:24:33 UTC 2020
32 ms. Memory: 51200K Free: 23645K (46%)
ptolemy.util.test.WatchDog.cancel(): canceling Tue Aug 11 15:24:33 UTC 2020
auto.tcl: Setting watchdog for 200 seconds at Tue Aug 11 15:24:33 UTC 2020
32 ms. Memory: 51200K Free: 21948K (43%)
ptolemy.util.test.WatchDog.cancel(): canceling Tue Aug 11 15:24:33 UTC 2020
------------------ testing $PTII/ptolemy/domains/de/test/auto/Iteration.xml
auto.tcl: Setting watchdog for 200 seconds at Tue Aug 11 15:24:33 UTC 2020
7 ms. Memory: 51200K Free: 29182K (57%)
ptolemy.util.test.WatchDog.cancel(): canceling Tue Aug 11 15:24:33 UTC 2020
auto.tcl: Setting watchdog for 200 seconds at Tue Aug 11 15:24:33 UTC 2020
7 ms. Memory: 51200K Free: 27990K (55%)
ptolemy.util.test.WatchDog.cancel(): canceling Tue Aug 11 15:24:33 UTC 2020
------------------ testing $PTII/ptolemy/domains/de/test/auto/LineFault.xml
auto.tcl: Setting watchdog for 200 seconds at Tue Aug 11 15:24:33 UTC 2020
666 ms. Memory: 51200K Free: 17471K (34%)
ptolemy.util.test.WatchDog.cancel(): canceling Tue Aug 11 15:24:34 UTC 2020
auto.tcl: Setting watchdog for 200 seconds at Tue Aug 11 15:24:34 UTC 2020
598 ms. Memory: 61440K Free: 19547K (32%)
ptolemy.util.test.WatchDog.cancel(): canceling Tue Aug 11 15:24:35 UTC 2020
------------------ testing $PTII/ptolemy/domains/de/test/auto/MergeModel1Add.xml
auto.tcl: Setting watchdog for 200 seconds at Tue Aug 11 15:24:35 UTC 2020
15 ms. Memory: 55296K Free: 19522K (35%)
ptolemy.util.test.WatchDog.cancel(): canceling Tue Aug 11 15:24:35 UTC 2020
auto.tcl: Setting watchdog for 200 seconds at Tue Aug 11 15:24:35 UTC 2020
9 ms. Memory: 55296K Free: 17903K (32%)
ptolemy.util.test.WatchDog.cancel(): canceling Tue Aug 11 15:24:35 UTC 2020
------------------ testing $PTII/ptolemy/domains/de/test/auto/MergeModel2Add.xml
auto.tcl: Setting watchdog for 200 seconds at Tue Aug 11 15:24:35 UTC 2020
12 ms. Memory: 55296K Free: 21308K (39%)
ptolemy.util.test.WatchDog.cancel(): canceling Tue Aug 11 15:24:35 UTC 2020
auto.tcl: Setting watchdog for 200 seconds at Tue Aug 11 15:24:35 UTC 2020
12 ms. Memory: 55296K Free: 19610K (35%)
ptolemy.util.test.WatchDog.cancel(): canceling Tue Aug 11 15:24:35 UTC 2020
------------------ testing $PTII/ptolemy/domains/de/test/auto/MergeModel3Add.xml
auto.tcl: Setting watchdog for 200 seconds at Tue Aug 11 15:24:35 UTC 2020
11 ms. Memory: 55296K Free: 21545K (39%)
ptolemy.util.test.WatchDog.cancel(): canceling Tue Aug 11 15:24:35 UTC 2020
auto.tcl: Setting watchdog for 200 seconds at Tue Aug 11 15:24:35 UTC 2020
11 ms. Memory: 55296K Free: 20131K (36%)
ptolemy.util.test.WatchDog.cancel(): canceling Tue Aug 11 15:24:35 UTC 2020
------------------ testing $PTII/ptolemy/domains/de/test/auto/MergeWithoutDiscard.xml
auto.tcl: Setting watchdog for 200 seconds at Tue Aug 11 15:24:35 UTC 2020
4 ms. Memory: 55296K Free: 36452K (66%)
ptolemy.util.test.WatchDog.cancel(): canceling Tue Aug 11 15:24:35 UTC 2020
auto.tcl: Setting watchdog for 200 seconds at Tue Aug 11 15:24:35 UTC 2020
2 ms. Memory: 55296K Free: 35530K (64%)
ptolemy.util.test.WatchDog.cancel(): canceling Tue Aug 11 15:24:35 UTC 2020
------------------ testing $PTII/ptolemy/domains/de/test/auto/Modal1.xml
auto.tcl: Setting watchdog for 200 seconds at Tue Aug 11 15:24:35 UTC 2020
19 ms. Memory: 55296K Free: 28055K (51%)
ptolemy.util.test.WatchDog.cancel(): canceling Tue Aug 11 15:24:35 UTC 2020
auto.tcl: Setting watchdog for 200 seconds at Tue Aug 11 15:24:35 UTC 2020
19 ms. Memory: 55296K Free: 24561K (44%)
ptolemy.util.test.WatchDog.cancel(): canceling Tue Aug 11 15:24:35 UTC 2020
------------------ testing $PTII/ptolemy/domains/de/test/auto/Modal2.xml
auto.tcl: Setting watchdog for 200 seconds at Tue Aug 11 15:24:35 UTC 2020
22 ms. Memory: 55296K Free: 27890K (50%)
ptolemy.util.test.WatchDog.cancel(): canceling Tue Aug 11 15:24:35 UTC 2020
auto.tcl: Setting watchdog for 200 seconds at Tue Aug 11 15:24:35 UTC 2020
15 ms. Memory: 55296K Free: 24432K (44%)
ptolemy.util.test.WatchDog.cancel(): canceling Tue Aug 11 15:24:35 UTC 2020
------------------ testing $PTII/ptolemy/domains/de/test/auto/Modal3.xml
auto.tcl: Setting watchdog for 200 seconds at Tue Aug 11 15:24:35 UTC 2020
11 ms. Memory: 51200K Free: 24061K (47%)
ptolemy.util.test.WatchDog.cancel(): canceling Tue Aug 11 15:24:35 UTC 2020
auto.tcl: Setting watchdog for 200 seconds at Tue Aug 11 15:24:35 UTC 2020
12 ms. Memory: 51200K Free: 20833K (41%)
ptolemy.util.test.WatchDog.cancel(): canceling Tue Aug 11 15:24:35 UTC 2020
------------------ testing $PTII/ptolemy/domains/de/test/auto/Modal4.xml
auto.tcl: Setting watchdog for 200 seconds at Tue Aug 11 15:24:35 UTC 2020
14 ms. Memory: 51200K Free: 23044K (45%)
ptolemy.util.test.WatchDog.cancel(): canceling Tue Aug 11 15:24:36 UTC 2020
auto.tcl: Setting watchdog for 200 seconds at Tue Aug 11 15:24:36 UTC 2020
21 ms. Memory: 51200K Free: 19226K (38%)
ptolemy.util.test.WatchDog.cancel(): canceling Tue Aug 11 15:24:36 UTC 2020
------------------ testing $PTII/ptolemy/domains/de/test/auto/Modal5.xml
auto.tcl: Setting watchdog for 200 seconds at Tue Aug 11 15:24:36 UTC 2020
17 ms. Memory: 51200K Free: 23061K (45%)
ptolemy.util.test.WatchDog.cancel(): canceling Tue Aug 11 15:24:36 UTC 2020
auto.tcl: Setting watchdog for 200 seconds at Tue Aug 11 15:24:36 UTC 2020
13 ms. Memory: 51200K Free: 19213K (38%)
ptolemy.util.test.WatchDog.cancel(): canceling Tue Aug 11 15:24:36 UTC 2020
------------------ testing $PTII/ptolemy/domains/de/test/auto/Modal6.xml
auto.tcl: Setting watchdog for 200 seconds at Tue Aug 11 15:24:36 UTC 2020
19 ms. Memory: 51200K Free: 23785K (46%)
ptolemy.util.test.WatchDog.cancel(): canceling Tue Aug 11 15:24:36 UTC 2020
auto.tcl: Setting watchdog for 200 seconds at Tue Aug 11 15:24:36 UTC 2020
16 ms. Memory: 51200K Free: 19817K (39%)
ptolemy.util.test.WatchDog.cancel(): canceling Tue Aug 11 15:24:36 UTC 2020
------------------ testing $PTII/ptolemy/domains/de/test/auto/Modal7.xml
auto.tcl: Setting watchdog for 200 seconds at Tue Aug 11 15:24:36 UTC 2020
17 ms. Memory: 51200K Free: 22794K (45%)
ptolemy.util.test.WatchDog.cancel(): canceling Tue Aug 11 15:24:36 UTC 2020
auto.tcl: Setting watchdog for 200 seconds at Tue Aug 11 15:24:36 UTC 2020
10 ms. Memory: 51200K Free: 19212K (38%)
ptolemy.util.test.WatchDog.cancel(): canceling Tue Aug 11 15:24:36 UTC 2020
------------------ testing $PTII/ptolemy/domains/de/test/auto/ModalModel.xml
auto.tcl: Setting watchdog for 200 seconds at Tue Aug 11 15:24:36 UTC 2020
239 ms. Memory: 51200K Free: 17326K (34%)
ptolemy.util.test.WatchDog.cancel(): canceling Tue Aug 11 15:24:36 UTC 2020
auto.tcl: Setting watchdog for 200 seconds at Tue Aug 11 15:24:36 UTC 2020
207 ms. Memory: 64512K Free: 24028K (37%)
ptolemy.util.test.WatchDog.cancel(): canceling Tue Aug 11 15:24:36 UTC 2020
------------------ testing $PTII/ptolemy/domains/de/test/auto/ModalSource.xml
auto.tcl: Setting watchdog for 200 seconds at Tue Aug 11 15:24:37 UTC 2020
7 ms. Memory: 55296K Free: 31982K (58%)
ptolemy.util.test.WatchDog.cancel(): canceling Tue Aug 11 15:24:37 UTC 2020
auto.tcl: Setting watchdog for 200 seconds at Tue Aug 11 15:24:37 UTC 2020
7 ms. Memory: 55296K Free: 29934K (54%)
ptolemy.util.test.WatchDog.cancel(): canceling Tue Aug 11 15:24:37 UTC 2020
------------------ testing $PTII/ptolemy/domains/de/test/auto/NonInterruptibleTimerZeroDelay.xml
auto.tcl: Setting watchdog for 200 seconds at Tue Aug 11 15:24:37 UTC 2020
4 ms. Memory: 51200K Free: 32820K (64%)
ptolemy.util.test.WatchDog.cancel(): canceling Tue Aug 11 15:24:37 UTC 2020
auto.tcl: Setting watchdog for 200 seconds at Tue Aug 11 15:24:37 UTC 2020
2 ms. Memory: 51200K Free: 32172K (63%)
ptolemy.util.test.WatchDog.cancel(): canceling Tue Aug 11 15:24:37 UTC 2020
------------------ testing $PTII/ptolemy/domains/de/test/auto/OpenQueueingNetwork.xml
auto.tcl: Setting watchdog for 200 seconds at Tue Aug 11 15:24:37 UTC 2020
2918 ms. Memory: 118784K Free: 80514K (68%)
ptolemy.util.test.WatchDog.cancel(): canceling Tue Aug 11 15:24:40 UTC 2020
auto.tcl: Setting watchdog for 200 seconds at Tue Aug 11 15:24:40 UTC 2020
2556 ms. Memory: 143360K Free: 73915K (52%)
ptolemy.util.test.WatchDog.cancel(): canceling Tue Aug 11 15:24:42 UTC 2020
------------------ testing $PTII/ptolemy/domains/de/test/auto/OpenQueuingNetwork.xml
auto.tcl: Setting watchdog for 200 seconds at Tue Aug 11 15:24:42 UTC 2020
223 ms. Memory: 58368K Free: 31451K (54%)
ptolemy.util.test.WatchDog.cancel(): canceling Tue Aug 11 15:24:43 UTC 2020
auto.tcl: Setting watchdog for 200 seconds at Tue Aug 11 15:24:43 UTC 2020
201 ms. Memory: 58368K Free: 11930K (20%)
ptolemy.util.test.WatchDog.cancel(): canceling Tue Aug 11 15:24:43 UTC 2020
------------------ testing $PTII/ptolemy/domains/de/test/auto/PeriodicSampler.xml
auto.tcl: Setting watchdog for 200 seconds at Tue Aug 11 15:24:43 UTC 2020
3 ms. Memory: 51200K Free: 32023K (63%)
ptolemy.util.test.WatchDog.cancel(): canceling Tue Aug 11 15:24:43 UTC 2020
auto.tcl: Setting watchdog for 200 seconds at Tue Aug 11 15:24:43 UTC 2020
1 ms. Memory: 51200K Free: 31503K (62%)
ptolemy.util.test.WatchDog.cancel(): canceling Tue Aug 11 15:24:43 UTC 2020
------------------ testing $PTII/ptolemy/domains/de/test/auto/PersistentIO.xml
auto.tcl: Setting watchdog for 200 seconds at Tue Aug 11 15:24:43 UTC 2020
10 ms. Memory: 51200K Free: 26947K (53%)
ptolemy.util.test.WatchDog.cancel(): canceling Tue Aug 11 15:24:43 UTC 2020
auto.tcl: Setting watchdog for 200 seconds at Tue Aug 11 15:24:43 UTC 2020
4 ms. Memory: 51200K Free: 25427K (50%)
ptolemy.util.test.WatchDog.cancel(): canceling Tue Aug 11 15:24:43 UTC 2020
------------------ testing $PTII/ptolemy/domains/de/test/auto/PortParameterResetOnInitialize.xml
auto.tcl: Setting watchdog for 200 seconds at Tue Aug 11 15:24:43 UTC 2020
8 ms. Memory: 51200K Free: 31945K (62%)
ptolemy.util.test.WatchDog.cancel(): canceling Tue Aug 11 15:24:43 UTC 2020
auto.tcl: Setting watchdog for 200 seconds at Tue Aug 11 15:24:43 UTC 2020
2 ms. Memory: 51200K Free: 31435K (61%)
ptolemy.util.test.WatchDog.cancel(): canceling Tue Aug 11 15:24:43 UTC 2020
------------------ testing $PTII/ptolemy/domains/de/test/auto/PortParameterUpdates.xml
auto.tcl: Setting watchdog for 200 seconds at Tue Aug 11 15:24:43 UTC 2020
5 ms. Memory: 51200K Free: 30230K (59%)
ptolemy.util.test.WatchDog.cancel(): canceling Tue Aug 11 15:24:43 UTC 2020
auto.tcl: Setting watchdog for 200 seconds at Tue Aug 11 15:24:43 UTC 2020
5 ms. Memory: 51200K Free: 28999K (57%)
ptolemy.util.test.WatchDog.cancel(): canceling Tue Aug 11 15:24:43 UTC 2020
------------------ testing $PTII/ptolemy/domains/de/test/auto/QueueAndServer.xml
auto.tcl: Setting watchdog for 200 seconds at Tue Aug 11 15:24:43 UTC 2020
13 ms. Memory: 51200K Free: 28887K (56%)
ptolemy.util.test.WatchDog.cancel(): canceling Tue Aug 11 15:24:43 UTC 2020
auto.tcl: Setting watchdog for 200 seconds at Tue Aug 11 15:24:43 UTC 2020
10 ms. Memory: 51200K Free: 27435K (54%)
ptolemy.util.test.WatchDog.cancel(): canceling Tue Aug 11 15:24:43 UTC 2020
------------------ testing $PTII/ptolemy/domains/de/test/auto/Records.xml
auto.tcl: Setting watchdog for 200 seconds at Tue Aug 11 15:24:43 UTC 2020
4 ms. Memory: 51200K Free: 31176K (61%)
ptolemy.util.test.WatchDog.cancel(): canceling Tue Aug 11 15:24:43 UTC 2020
auto.tcl: Setting watchdog for 200 seconds at Tue Aug 11 15:24:43 UTC 2020
3 ms. Memory: 51200K Free: 30645K (60%)
ptolemy.util.test.WatchDog.cancel(): canceling Tue Aug 11 15:24:43 UTC 2020
------------------ testing $PTII/ptolemy/domains/de/test/auto/ResetTransitionWithStartTime1.xml
auto.tcl: Setting watchdog for 200 seconds at Tue Aug 11 15:24:43 UTC 2020
10 ms. Memory: 51200K Free: 28431K (56%)
ptolemy.util.test.WatchDog.cancel(): canceling Tue Aug 11 15:24:43 UTC 2020
auto.tcl: Setting watchdog for 200 seconds at Tue Aug 11 15:24:43 UTC 2020
6 ms. Memory: 51200K Free: 26383K (52%)
ptolemy.util.test.WatchDog.cancel(): canceling Tue Aug 11 15:24:43 UTC 2020
------------------ testing $PTII/ptolemy/domains/de/test/auto/ResetTransitionWithStartTime2.xml
auto.tcl: Setting watchdog for 200 seconds at Tue Aug 11 15:24:43 UTC 2020
6 ms. Memory: 51200K Free: 28423K (56%)
ptolemy.util.test.WatchDog.cancel(): canceling Tue Aug 11 15:24:43 UTC 2020
auto.tcl: Setting watchdog for 200 seconds at Tue Aug 11 15:24:43 UTC 2020
6 ms. Memory: 51200K Free: 26338K (51%)
ptolemy.util.test.WatchDog.cancel(): canceling Tue Aug 11 15:24:43 UTC 2020
------------------ testing $PTII/ptolemy/domains/de/test/auto/ResetTransitionWithStartTime3.xml
auto.tcl: Setting watchdog for 200 seconds at Tue Aug 11 15:24:44 UTC 2020
6 ms. Memory: 51200K Free: 28422K (56%)
ptolemy.util.test.WatchDog.cancel(): canceling Tue Aug 11 15:24:44 UTC 2020
auto.tcl: Setting watchdog for 200 seconds at Tue Aug 11 15:24:44 UTC 2020
6 ms. Memory: 51200K Free: 26337K (51%)
ptolemy.util.test.WatchDog.cancel(): canceling Tue Aug 11 15:24:44 UTC 2020
------------------ testing $PTII/ptolemy/domains/de/test/auto/ResetTransitionWithStartTime4.xml
auto.tcl: Setting watchdog for 200 seconds at Tue Aug 11 15:24:44 UTC 2020
8 ms. Memory: 51200K Free: 28808K (56%)
ptolemy.util.test.WatchDog.cancel(): canceling Tue Aug 11 15:24:44 UTC 2020
auto.tcl: Setting watchdog for 200 seconds at Tue Aug 11 15:24:44 UTC 2020
4 ms. Memory: 51200K Free: 27358K (53%)
ptolemy.util.test.WatchDog.cancel(): canceling Tue Aug 11 15:24:44 UTC 2020
------------------ testing $PTII/ptolemy/domains/de/test/auto/ResettableTimer1.xml
auto.tcl: Setting watchdog for 200 seconds at Tue Aug 11 15:24:44 UTC 2020
3 ms. Memory: 51200K Free: 32560K (64%)
ptolemy.util.test.WatchDog.cancel(): canceling Tue Aug 11 15:24:44 UTC 2020
auto.tcl: Setting watchdog for 200 seconds at Tue Aug 11 15:24:44 UTC 2020
2 ms. Memory: 51200K Free: 31933K (62%)
ptolemy.util.test.WatchDog.cancel(): canceling Tue Aug 11 15:24:44 UTC 2020
------------------ testing $PTII/ptolemy/domains/de/test/auto/ResettableTimer2.xml
auto.tcl: Setting watchdog for 200 seconds at Tue Aug 11 15:24:44 UTC 2020
3 ms. Memory: 51200K Free: 32616K (64%)
ptolemy.util.test.WatchDog.cancel(): canceling Tue Aug 11 15:24:44 UTC 2020
auto.tcl: Setting watchdog for 200 seconds at Tue Aug 11 15:24:44 UTC 2020
3 ms. Memory: 51200K Free: 31997K (62%)
ptolemy.util.test.WatchDog.cancel(): canceling Tue Aug 11 15:24:44 UTC 2020
------------------ testing $PTII/ptolemy/domains/de/test/auto/ResettableTimer3.xml
auto.tcl: Setting watchdog for 200 seconds at Tue Aug 11 15:24:44 UTC 2020
1 ms. Memory: 51200K Free: 32516K (64%)
ptolemy.util.test.WatchDog.cancel(): canceling Tue Aug 11 15:24:44 UTC 2020
auto.tcl: Setting watchdog for 200 seconds at Tue Aug 11 15:24:44 UTC 2020
1 ms. Memory: 51200K Free: 32516K (64%)
ptolemy.util.test.WatchDog.cancel(): canceling Tue Aug 11 15:24:44 UTC 2020
------------------ testing $PTII/ptolemy/domains/de/test/auto/ResettableTimer4.xml
auto.tcl: Setting watchdog for 200 seconds at Tue Aug 11 15:24:44 UTC 2020
1 ms. Memory: 51200K Free: 32529K (64%)
ptolemy.util.test.WatchDog.cancel(): canceling Tue Aug 11 15:24:44 UTC 2020
auto.tcl: Setting watchdog for 200 seconds at Tue Aug 11 15:24:44 UTC 2020
2 ms. Memory: 51200K Free: 32028K (63%)
ptolemy.util.test.WatchDog.cancel(): canceling Tue Aug 11 15:24:44 UTC 2020
------------------ testing $PTII/ptolemy/domains/de/test/auto/ResettableTimer5.xml
auto.tcl: Setting watchdog for 200 seconds at Tue Aug 11 15:24:44 UTC 2020
2 ms. Memory: 51200K Free: 32014K (63%)
ptolemy.util.test.WatchDog.cancel(): canceling Tue Aug 11 15:24:44 UTC 2020
auto.tcl: Setting watchdog for 200 seconds at Tue Aug 11 15:24:44 UTC 2020
2 ms. Memory: 51200K Free: 31515K (62%)
ptolemy.util.test.WatchDog.cancel(): canceling Tue Aug 11 15:24:44 UTC 2020
------------------ testing $PTII/ptolemy/domains/de/test/auto/ResettableTimer6.xml
auto.tcl: Setting watchdog for 200 seconds at Tue Aug 11 15:24:44 UTC 2020
2 ms. Memory: 51200K Free: 32004K (63%)
ptolemy.util.test.WatchDog.cancel(): canceling Tue Aug 11 15:24:44 UTC 2020
auto.tcl: Setting watchdog for 200 seconds at Tue Aug 11 15:24:44 UTC 2020
2 ms. Memory: 51200K Free: 31494K (62%)
ptolemy.util.test.WatchDog.cancel(): canceling Tue Aug 11 15:24:44 UTC 2020
------------------ testing $PTII/ptolemy/domains/de/test/auto/ServerZeroDelay.xml
auto.tcl: Setting watchdog for 200 seconds at Tue Aug 11 15:24:44 UTC 2020
3 ms. Memory: 51200K Free: 32592K (64%)
ptolemy.util.test.WatchDog.cancel(): canceling Tue Aug 11 15:24:44 UTC 2020
auto.tcl: Setting watchdog for 200 seconds at Tue Aug 11 15:24:44 UTC 2020
2 ms. Memory: 51200K Free: 31485K (61%)
ptolemy.util.test.WatchDog.cancel(): canceling Tue Aug 11 15:24:44 UTC 2020
------------------ testing $PTII/ptolemy/domains/de/test/auto/SmartSender.xml
auto.tcl: Setting watchdog for 200 seconds at Tue Aug 11 15:24:44 UTC 2020
3002 ms. Memory: 51200K Free: 31990K (62%)
ptolemy.util.test.WatchDog.cancel(): canceling Tue Aug 11 15:24:47 UTC 2020
auto.tcl: Setting watchdog for 200 seconds at Tue Aug 11 15:24:47 UTC 2020
3003 ms. Memory: 51200K Free: 31480K (61%)
ptolemy.util.test.WatchDog.cancel(): canceling Tue Aug 11 15:24:50 UTC 2020
------------------ testing $PTII/ptolemy/domains/de/test/auto/ThreadedComposite.xml
auto.tcl: Setting watchdog for 200 seconds at Tue Aug 11 15:24:50 UTC 2020
233 ms. Memory: 51200K Free: 11013K (22%)
ptolemy.util.test.WatchDog.cancel(): canceling Tue Aug 11 15:24:50 UTC 2020
auto.tcl: Setting watchdog for 200 seconds at Tue Aug 11 15:24:50 UTC 2020
281 ms. Memory: 51200K Free: 16757K (33%)
ptolemy.util.test.WatchDog.cancel(): canceling Tue Aug 11 15:24:51 UTC 2020
------------------ testing $PTII/ptolemy/domains/de/test/auto/Time.xml
auto.tcl: Setting watchdog for 200 seconds at Tue Aug 11 15:24:51 UTC 2020
420 ms. Memory: 51200K Free: 8083K (16%)
ptolemy.util.test.WatchDog.cancel(): canceling Tue Aug 11 15:24:51 UTC 2020
auto.tcl: Setting watchdog for 200 seconds at Tue Aug 11 15:24:51 UTC 2020
371 ms. Memory: 51200K Free: 11698K (23%)
ptolemy.util.test.WatchDog.cancel(): canceling Tue Aug 11 15:24:52 UTC 2020
------------------ testing $PTII/ptolemy/domains/de/test/auto/TimeDelayZeroDelay.xml
auto.tcl: Setting watchdog for 200 seconds at Tue Aug 11 15:24:52 UTC 2020
2 ms. Memory: 51200K Free: 32929K (64%)
ptolemy.util.test.WatchDog.cancel(): canceling Tue Aug 11 15:24:52 UTC 2020
auto.tcl: Setting watchdog for 200 seconds at Tue Aug 11 15:24:52 UTC 2020
2 ms. Memory: 51200K Free: 32021K (63%)
ptolemy.util.test.WatchDog.cancel(): canceling Tue Aug 11 15:24:52 UTC 2020
------------------ testing $PTII/ptolemy/domains/de/test/auto/TimerZeroDelay.xml
auto.tcl: Setting watchdog for 200 seconds at Tue Aug 11 15:24:52 UTC 2020
4 ms. Memory: 51200K Free: 32882K (64%)
ptolemy.util.test.WatchDog.cancel(): canceling Tue Aug 11 15:24:52 UTC 2020
auto.tcl: Setting watchdog for 200 seconds at Tue Aug 11 15:24:52 UTC 2020
2 ms. Memory: 51200K Free: 32064K (63%)
ptolemy.util.test.WatchDog.cancel(): canceling Tue Aug 11 15:24:52 UTC 2020
------------------ testing $PTII/ptolemy/domains/de/test/auto/TimingParadox.xml
auto.tcl: Setting watchdog for 200 seconds at Tue Aug 11 15:24:52 UTC 2020
320 ms. Memory: 64512K Free: 43074K (67%)
ptolemy.util.test.WatchDog.cancel(): canceling Tue Aug 11 15:24:52 UTC 2020
auto.tcl: Setting watchdog for 200 seconds at Tue Aug 11 15:24:52 UTC 2020
350 ms. Memory: 64512K Free: 42041K (65%)
ptolemy.util.test.WatchDog.cancel(): canceling Tue Aug 11 15:24:53 UTC 2020
------------------ testing $PTII/ptolemy/domains/de/test/auto/TransferInputs.xml
auto.tcl: Setting watchdog for 200 seconds at Tue Aug 11 15:24:53 UTC 2020
2 ms. Memory: 55296K Free: 35024K (63%)
ptolemy.util.test.WatchDog.cancel(): canceling Tue Aug 11 15:24:53 UTC 2020
auto.tcl: Setting watchdog for 200 seconds at Tue Aug 11 15:24:53 UTC 2020
2 ms. Memory: 55296K Free: 34115K (62%)
ptolemy.util.test.WatchDog.cancel(): canceling Tue Aug 11 15:24:53 UTC 2020
------------------ testing $PTII/ptolemy/domains/de/test/auto/TransferOutputs2.xml
auto.tcl: Setting watchdog for 200 seconds at Tue Aug 11 15:24:53 UTC 2020
3 ms. Memory: 51200K Free: 28386K (55%)
ptolemy.util.test.WatchDog.cancel(): canceling Tue Aug 11 15:24:53 UTC 2020
auto.tcl: Setting watchdog for 200 seconds at Tue Aug 11 15:24:53 UTC 2020
3 ms. Memory: 51200K Free: 26982K (53%)
ptolemy.util.test.WatchDog.cancel(): canceling Tue Aug 11 15:24:53 UTC 2020
------------------ testing $PTII/ptolemy/domains/de/test/auto/Trilateration.xml
auto.tcl: Setting watchdog for 200 seconds at Tue Aug 11 15:24:53 UTC 2020
13972 ms. Memory: 368640K Free: 158454K (43%)
ptolemy.util.test.WatchDog.cancel(): canceling Tue Aug 11 15:25:08 UTC 2020
auto.tcl: Setting watchdog for 200 seconds at Tue Aug 11 15:25:08 UTC 2020
9229 ms. Memory: 368640K Free: 320233K (87%)
ptolemy.util.test.WatchDog.cancel(): canceling Tue Aug 11 15:25:17 UTC 2020
------------------ testing $PTII/ptolemy/domains/de/test/auto/TwoSigmaDelta.xml
auto.tcl: Setting watchdog for 200 seconds at Tue Aug 11 15:25:17 UTC 2020
2366 ms. Memory: 89088K Free: 26506K (30%)
ptolemy.util.test.WatchDog.cancel(): canceling Tue Aug 11 15:25:20 UTC 2020
auto.tcl: Setting watchdog for 200 seconds at Tue Aug 11 15:25:20 UTC 2020
1976 ms. Memory: 89088K Free: 22999K (26%)
ptolemy.util.test.WatchDog.cancel(): canceling Tue Aug 11 15:25:22 UTC 2020
------------------ testing $PTII/ptolemy/domains/de/test/auto/VariableDelay.xml
auto.tcl: Setting watchdog for 200 seconds at Tue Aug 11 15:25:22 UTC 2020
2 ms. Memory: 55296K Free: 35531K (64%)
ptolemy.util.test.WatchDog.cancel(): canceling Tue Aug 11 15:25:22 UTC 2020
auto.tcl: Setting watchdog for 200 seconds at Tue Aug 11 15:25:22 UTC 2020
2 ms. Memory: 55296K Free: 34515K (62%)
ptolemy.util.test.WatchDog.cancel(): canceling Tue Aug 11 15:25:22 UTC 2020
------------------ testing $PTII/ptolemy/domains/de/test/auto/VariableDelay2.xml
auto.tcl: Setting watchdog for 200 seconds at Tue Aug 11 15:25:22 UTC 2020
2 ms. Memory: 55296K Free: 36116K (65%)
ptolemy.util.test.WatchDog.cancel(): canceling Tue Aug 11 15:25:22 UTC 2020
auto.tcl: Setting watchdog for 200 seconds at Tue Aug 11 15:25:22 UTC 2020
2 ms. Memory: 55296K Free: 35604K (64%)
ptolemy.util.test.WatchDog.cancel(): canceling Tue Aug 11 15:25:22 UTC 2020
------------------ testing $PTII/ptolemy/domains/de/test/auto/VariableDelayZeroDelay.xml
auto.tcl: Setting watchdog for 200 seconds at Tue Aug 11 15:25:22 UTC 2020
2 ms. Memory: 51200K Free: 32361K (63%)
ptolemy.util.test.WatchDog.cancel(): canceling Tue Aug 11 15:25:22 UTC 2020
auto.tcl: Setting watchdog for 200 seconds at Tue Aug 11 15:25:22 UTC 2020
2 ms. Memory: 51200K Free: 31833K (62%)
ptolemy.util.test.WatchDog.cancel(): canceling Tue Aug 11 15:25:22 UTC 2020
------------------ testing $PTII/ptolemy/domains/de/test/auto/VariableDelayZeroDelay2.xml
auto.tcl: Setting watchdog for 200 seconds at Tue Aug 11 15:25:22 UTC 2020
3 ms. Memory: 51200K Free: 32359K (63%)
ptolemy.util.test.WatchDog.cancel(): canceling Tue Aug 11 15:25:22 UTC 2020
auto.tcl: Setting watchdog for 200 seconds at Tue Aug 11 15:25:22 UTC 2020
1 ms. Memory: 51200K Free: 31335K (61%)
ptolemy.util.test.WatchDog.cancel(): canceling Tue Aug 11 15:25:22 UTC 2020
------------------ testing $PTII/ptolemy/domains/de/test/auto/deInCt.xml
auto.tcl: Setting watchdog for 200 seconds at Tue Aug 11 15:25:22 UTC 2020
0
1
1
1
1
0
0
0
1
1
1
0
0
0
1
1
1
0
0
0
0
1
1
1
0
0
1
1
1
1
0
0
0
0
0
13 ms. Memory: 51200K Free: 31333K (61%)
ptolemy.util.test.WatchDog.cancel(): canceling Tue Aug 11 15:25:22 UTC 2020
auto.tcl: Setting watchdog for 200 seconds at Tue Aug 11 15:25:22 UTC 2020
0
1
1
1
0
0
0
1
1
1
1
1
0
0
0
0
1
1
1
0
0
0
1
1
1
0
0
1
1
0
0
0
1
1
1
0
0
0
1
1
1
1
1
11 ms. Memory: 51200K Free: 29799K (58%)
ptolemy.util.test.WatchDog.cancel(): canceling Tue Aug 11 15:25:22 UTC 2020
------------------ testing $PTII/ptolemy/domains/de/test/auto/deInCt2.xml
auto.tcl: Setting watchdog for 200 seconds at Tue Aug 11 15:25:22 UTC 2020
0
1
1
1
0
0
1
1
1
0
0
1
1
1
0
0
1
1
1
0
0
1
1
1
0
0
1
1
1
0
0
1
1
1
0
0
1
1
1
0
0
0
11 ms. Memory: 51200K Free: 31335K (61%)
ptolemy.util.test.WatchDog.cancel(): canceling Tue Aug 11 15:25:22 UTC 2020
auto.tcl: Setting watchdog for 200 seconds at Tue Aug 11 15:25:22 UTC 2020
0
1
1
1
0
0
1
1
1
0
0
1
1
1
0
0
1
1
1
0
0
1
1
1
0
0
1
1
1
0
0
1
1
1
0
0
1
1
1
0
0
0
12 ms. Memory: 51200K Free: 29783K (58%)
ptolemy.util.test.WatchDog.cancel(): canceling Tue Aug 11 15:25:22 UTC 2020
------------------ testing $PTII/ptolemy/domains/de/test/auto/dynamicCausalityInterface1.xml
auto.tcl: Setting watchdog for 200 seconds at Tue Aug 11 15:25:22 UTC 2020
2 ms. Memory: 51200K Free: 27233K (53%)
ptolemy.util.test.WatchDog.cancel(): canceling Tue Aug 11 15:25:22 UTC 2020
auto.tcl: Setting watchdog for 200 seconds at Tue Aug 11 15:25:22 UTC 2020
1 ms. Memory: 51200K Free: 26723K (52%)
ptolemy.util.test.WatchDog.cancel(): canceling Tue Aug 11 15:25:22 UTC 2020
------------------ testing $PTII/ptolemy/domains/de/test/auto/fsm_de_test.xml
auto.tcl: Setting watchdog for 200 seconds at Tue Aug 11 15:25:22 UTC 2020
10 ms. Memory: 51200K Free: 27132K (53%)
ptolemy.util.test.WatchDog.cancel(): canceling Tue Aug 11 15:25:22 UTC 2020
auto.tcl: Setting watchdog for 200 seconds at Tue Aug 11 15:25:22 UTC 2020
8 ms. Memory: 51200K Free: 25084K (49%)
ptolemy.util.test.WatchDog.cancel(): canceling Tue Aug 11 15:25:22 UTC 2020
------------------ testing $PTII/ptolemy/domains/de/test/auto/functionDependencyReconstruction.xml
auto.tcl: Setting watchdog for 200 seconds at Tue Aug 11 15:25:22 UTC 2020
3 ms. Memory: 51200K Free: 21067K (41%)
ptolemy.util.test.WatchDog.cancel(): canceling Tue Aug 11 15:25:22 UTC 2020
auto.tcl: Setting watchdog for 200 seconds at Tue Aug 11 15:25:22 UTC 2020
3 ms. Memory: 51200K Free: 18930K (37%)
ptolemy.util.test.WatchDog.cancel(): canceling Tue Aug 11 15:25:22 UTC 2020
------------------ testing $PTII/ptolemy/domains/de/test/auto/multirate.xml
auto.tcl: Setting watchdog for 200 seconds at Tue Aug 11 15:25:23 UTC 2020
3 ms. Memory: 51200K Free: 29739K (58%)
ptolemy.util.test.WatchDog.cancel(): canceling Tue Aug 11 15:25:23 UTC 2020
auto.tcl: Setting watchdog for 200 seconds at Tue Aug 11 15:25:23 UTC 2020
3 ms. Memory: 51200K Free: 28028K (55%)
ptolemy.util.test.WatchDog.cancel(): canceling Tue Aug 11 15:25:23 UTC 2020
------------------ testing $PTII/ptolemy/domains/de/test/auto/multirate2.xml
auto.tcl: Setting watchdog for 200 seconds at Tue Aug 11 15:25:23 UTC 2020
3 ms. Memory: 51200K Free: 29728K (58%)
ptolemy.util.test.WatchDog.cancel(): canceling Tue Aug 11 15:25:23 UTC 2020
auto.tcl: Setting watchdog for 200 seconds at Tue Aug 11 15:25:23 UTC 2020
2 ms. Memory: 51200K Free: 28212K (55%)
ptolemy.util.test.WatchDog.cancel(): canceling Tue Aug 11 15:25:23 UTC 2020
------------------ testing $PTII/ptolemy/domains/de/test/auto/realtime.xml
auto.tcl: Setting watchdog for 200 seconds at Tue Aug 11 15:25:23 UTC 2020
10002 ms. Memory: 51200K Free: 31993K (62%)
ptolemy.util.test.WatchDog.cancel(): canceling Tue Aug 11 15:25:33 UTC 2020
auto.tcl: Setting watchdog for 200 seconds at Tue Aug 11 15:25:33 UTC 2020
10001 ms. Memory: 51200K Free: 31279K (61%)
ptolemy.util.test.WatchDog.cancel(): canceling Tue Aug 11 15:25:43 UTC 2020
------------------ testing $PTII/ptolemy/domains/de/test/auto/relationGroup.xml
auto.tcl: Setting watchdog for 200 seconds at Tue Aug 11 15:25:43 UTC 2020
2 ms. Memory: 51200K Free: 33084K (65%)
ptolemy.util.test.WatchDog.cancel(): canceling Tue Aug 11 15:25:43 UTC 2020
auto.tcl: Setting watchdog for 200 seconds at Tue Aug 11 15:25:43 UTC 2020
2 ms. Memory: 51200K Free: 32556K (64%)
ptolemy.util.test.WatchDog.cancel(): canceling Tue Aug 11 15:25:43 UTC 2020
------------------ testing $PTII/ptolemy/domains/de/test/auto/relationGroup2.xml
auto.tcl: Setting watchdog for 200 seconds at Tue Aug 11 15:25:43 UTC 2020
1 ms. Memory: 51200K Free: 33110K (65%)
ptolemy.util.test.WatchDog.cancel(): canceling Tue Aug 11 15:25:43 UTC 2020
auto.tcl: Setting watchdog for 200 seconds at Tue Aug 11 15:25:43 UTC 2020
1 ms. Memory: 51200K Free: 32598K (64%)
ptolemy.util.test.WatchDog.cancel(): canceling Tue Aug 11 15:25:43 UTC 2020
------------------ testing $PTII/ptolemy/domains/de/test/auto/sortWithOpaquePorts.xml
auto.tcl: Setting watchdog for 200 seconds at Tue Aug 11 15:25:43 UTC 2020
2 ms. Memory: 51200K Free: 31861K (62%)
ptolemy.util.test.WatchDog.cancel(): canceling Tue Aug 11 15:25:43 UTC 2020
auto.tcl: Setting watchdog for 200 seconds at Tue Aug 11 15:25:43 UTC 2020
2 ms. Memory: 51200K Free: 30839K (60%)
ptolemy.util.test.WatchDog.cancel(): canceling Tue Aug 11 15:25:43 UTC 2020
------------------ testing $PTII/ptolemy/domains/de/test/auto/transferInputsandOutputs.xml
auto.tcl: Setting watchdog for 200 seconds at Tue Aug 11 15:25:43 UTC 2020
2 ms. Memory: 51200K Free: 29301K (57%)
ptolemy.util.test.WatchDog.cancel(): canceling Tue Aug 11 15:25:43 UTC 2020
auto.tcl: Setting watchdog for 200 seconds at Tue Aug 11 15:25:43 UTC 2020
2 ms. Memory: 51200K Free: 28277K (55%)
ptolemy.util.test.WatchDog.cancel(): canceling Tue Aug 11 15:25:43 UTC 2020
------------------ testing $PTII/ptolemy/domains/de/test/auto/triggerType.xml
auto.tcl: Setting watchdog for 200 seconds at Tue Aug 11 15:25:43 UTC 2020
2 ms. Memory: 51200K Free: 32326K (63%)
ptolemy.util.test.WatchDog.cancel(): canceling Tue Aug 11 15:25:43 UTC 2020
auto.tcl: Setting watchdog for 200 seconds at Tue Aug 11 15:25:43 UTC 2020
2 ms. Memory: 51200K Free: 31302K (61%)
ptolemy.util.test.WatchDog.cancel(): canceling Tue Aug 11 15:25:43 UTC 2020
08/11/20 03:25:43
Failed: 0  Total Tests: 192  ((Passed: 187, Newly Passed: 1)  Known Failed: 5) /home/travis/build/icyphy/ptII/ptolemy/domains/de/test
08/11/20 03:25:43
Failed: 0  Total Tests: 192  ((Passed: 187, Newly Passed: 1)  Known Failed: 5) /home/travis/build/icyphy/ptII/ptolemy/domains/de/test
----------------- testing (KnownFailure) /home/travis/build/icyphy/ptII/ptolemy/domains/de/test/auto/knownFailedTests/DESDFClockTest.xml
2018 ms. Memory: 51200K Free: 25211K (49%)
Known Failure: java.lang.reflect.InvocationTargetException
----------------- testing (KnownFailure) /home/travis/build/icyphy/ptII/ptolemy/domains/de/test/auto/knownFailedTests/DirectFeedback.xml
2 ms. Memory: 51200K Free: 21625K (42%)
Known Failure: java.lang.reflect.InvocationTargetException
----------------- testing (KnownFailure) /home/travis/build/icyphy/ptII/ptolemy/domains/de/test/auto/knownFailedTests/FSMSource.xml
17 ms. Memory: 51200K Free: 13947K (27%)
----------------- testing (KnownFailure) /home/travis/build/icyphy/ptII/ptolemy/domains/de/test/auto/knownFailedTests/HierarchicalModel.xml
3 ms. Memory: 51200K Free: 27192K (53%)
Known Failure: java.lang.reflect.InvocationTargetException
----------------- testing (KnownFailure) /home/travis/build/icyphy/ptII/ptolemy/domains/de/test/auto/knownFailedTests/dependencyLoop.xml
2 ms. Memory: 51200K Free: 12134K (24%)
Known Failure: java.lang.reflect.InvocationTargetException
----------------- testing (KnownFailure) /home/travis/build/icyphy/ptII/ptolemy/domains/de/test/auto/knownFailedTests/dependencyLoop2.xml
7 ms. Memory: 51200K Free: 25728K (50%)
Known Failure: java.lang.reflect.InvocationTargetException
No auto/linux-amd64/*.xml tests in /home/travis/build/icyphy/ptII/ptolemy/domains/de/test
AutoTests.java: About to close Vertx.
AutoTests.java: Vertx closed.

===========================================================================================
----------------- testing Tue Aug 11 15:25:45 UTC 2020 /home/travis/build/icyphy/ptII/ptolemy/domains/de/test/auto/ActorDepthCalculation_actorWithoutPorts.xml
----------------- Instantiating /home/travis/build/icyphy/ptII/ptolemy/domains/de/test/auto/ActorDepthCalculation_actorWithoutPorts.xml
1 ms. Memory: 51200K Free: 18946K (37%)
----------------- Invoking toplevel() on ptolemy.moml.MoMLSimpleApplication@6f8eb189
----------------- Done invoking toplevel() on ptolemy.moml.MoMLSimpleApplication@6f8eb189
reloadAllAccessors: .ActorDepthCalculation_actorWithoutPorts

===========================================================================================
----------------- testing Tue Aug 11 15:25:45 UTC 2020 /home/travis/build/icyphy/ptII/ptolemy/domains/de/test/auto/AssemblyLine.xml
----------------- Instantiating /home/travis/build/icyphy/ptII/ptolemy/domains/de/test/auto/AssemblyLine.xml
3 ms. Memory: 51200K Free: 11778K (23%)
----------------- Invoking toplevel() on ptolemy.moml.MoMLSimpleApplication@39e64b1b
----------------- Done invoking toplevel() on ptolemy.moml.MoMLSimpleApplication@39e64b1b
reloadAllAccessors: .AssemblyLine

===========================================================================================
----------------- testing Tue Aug 11 15:25:45 UTC 2020 /home/travis/build/icyphy/ptII/ptolemy/domains/de/test/auto/CQBug1.xml
----------------- Instantiating /home/travis/build/icyphy/ptII/ptolemy/domains/de/test/auto/CQBug1.xml
1 ms. Memory: 51200K Free: 8761K (17%)
----------------- Invoking toplevel() on ptolemy.moml.MoMLSimpleApplication@58326ba2
----------------- Done invoking toplevel() on ptolemy.moml.MoMLSimpleApplication@58326ba2
reloadAllAccessors: .CQBug1

===========================================================================================
----------------- testing Tue Aug 11 15:25:45 UTC 2020 /home/travis/build/icyphy/ptII/ptolemy/domains/de/test/auto/CancelFireAt.xml
----------------- Instantiating /home/travis/build/icyphy/ptII/ptolemy/domains/de/test/auto/CancelFireAt.xml
1 ms. Memory: 51200K Free: 35152K (69%)
----------------- Invoking toplevel() on ptolemy.moml.MoMLSimpleApplication@75ee2e12
----------------- Done invoking toplevel() on ptolemy.moml.MoMLSimpleApplication@75ee2e12
reloadAllAccessors: .CancelFireAt

===========================================================================================
----------------- testing Tue Aug 11 15:25:45 UTC 2020 /home/travis/build/icyphy/ptII/ptolemy/domains/de/test/auto/CausalityAndComposabilityAnalysis.xml
----------------- Instantiating /home/travis/build/icyphy/ptII/ptolemy/domains/de/test/auto/CausalityAndComposabilityAnalysis.xml
3 ms. Memory: 51200K Free: 30768K (60%)
----------------- Invoking toplevel() on ptolemy.moml.MoMLSimpleApplication@5b3ef720
----------------- Done invoking toplevel() on ptolemy.moml.MoMLSimpleApplication@5b3ef720
reloadAllAccessors: .CausalityAndComposabilityAnalysis

===========================================================================================
----------------- testing Tue Aug 11 15:25:45 UTC 2020 /home/travis/build/icyphy/ptII/ptolemy/domains/de/test/auto/CausalityInterface1.xml
----------------- Instantiating /home/travis/build/icyphy/ptII/ptolemy/domains/de/test/auto/CausalityInterface1.xml
6 ms. Memory: 51200K Free: 25648K (50%)
----------------- Invoking toplevel() on ptolemy.moml.MoMLSimpleApplication@20041969
----------------- Done invoking toplevel() on ptolemy.moml.MoMLSimpleApplication@20041969
reloadAllAccessors: .CausalityInterface1

===========================================================================================
----------------- testing Tue Aug 11 15:25:45 UTC 2020 /home/travis/build/icyphy/ptII/ptolemy/domains/de/test/auto/CausalityInterface15.xml
----------------- Instantiating /home/travis/build/icyphy/ptII/ptolemy/domains/de/test/auto/CausalityInterface15.xml
2 ms. Memory: 51200K Free: 20195K (39%)
----------------- Invoking toplevel() on ptolemy.moml.MoMLSimpleApplication@4fdd2eb0
----------------- Done invoking toplevel() on ptolemy.moml.MoMLSimpleApplication@4fdd2eb0
reloadAllAccessors: .CausalityInterface15

===========================================================================================
----------------- testing Tue Aug 11 15:25:45 UTC 2020 /home/travis/build/icyphy/ptII/ptolemy/domains/de/test/auto/CausalityInterface2.xml
----------------- Instantiating /home/travis/build/icyphy/ptII/ptolemy/domains/de/test/auto/CausalityInterface2.xml
2 ms. Memory: 51200K Free: 15407K (30%)
----------------- Invoking toplevel() on ptolemy.moml.MoMLSimpleApplication@65aa9be5
----------------- Done invoking toplevel() on ptolemy.moml.MoMLSimpleApplication@65aa9be5
reloadAllAccessors: .CausalityInterface2

===========================================================================================
----------------- testing Tue Aug 11 15:25:45 UTC 2020 /home/travis/build/icyphy/ptII/ptolemy/domains/de/test/auto/CausalityInterface3.xml
----------------- Instantiating /home/travis/build/icyphy/ptII/ptolemy/domains/de/test/auto/CausalityInterface3.xml
3 ms. Memory: 51200K Free: 10576K (21%)
----------------- Invoking toplevel() on ptolemy.moml.MoMLSimpleApplication@7046b2a
----------------- Done invoking toplevel() on ptolemy.moml.MoMLSimpleApplication@7046b2a
reloadAllAccessors: .CausalityInterface3

===========================================================================================
----------------- testing Tue Aug 11 15:25:45 UTC 2020 /home/travis/build/icyphy/ptII/ptolemy/domains/de/test/auto/ClockDrift.xml
----------------- Instantiating /home/travis/build/icyphy/ptII/ptolemy/domains/de/test/auto/ClockDrift.xml
15 ms. Memory: 51200K Free: 27111K (53%)
----------------- Invoking toplevel() on ptolemy.moml.MoMLSimpleApplication@2b1cef6b
----------------- Done invoking toplevel() on ptolemy.moml.MoMLSimpleApplication@2b1cef6b
reloadAllAccessors: .ClockDrift

===========================================================================================
----------------- testing Tue Aug 11 15:25:46 UTC 2020 /home/travis/build/icyphy/ptII/ptolemy/domains/de/test/auto/ClockDriftAndValueChange.xml
----------------- Instantiating /home/travis/build/icyphy/ptII/ptolemy/domains/de/test/auto/ClockDriftAndValueChange.xml
10 ms. Memory: 51200K Free: 15376K (30%)
----------------- Invoking toplevel() on ptolemy.moml.MoMLSimpleApplication@6324d9a9
----------------- Done invoking toplevel() on ptolemy.moml.MoMLSimpleApplication@6324d9a9
reloadAllAccessors: .ClockDriftAndValueChange

===========================================================================================
----------------- testing Tue Aug 11 15:25:46 UTC 2020 /home/travis/build/icyphy/ptII/ptolemy/domains/de/test/auto/ClockDriftChange.xml
----------------- Instantiating /home/travis/build/icyphy/ptII/ptolemy/domains/de/test/auto/ClockDriftChange.xml
8 ms. Memory: 51200K Free: 33040K (65%)
----------------- Invoking toplevel() on ptolemy.moml.MoMLSimpleApplication@469788fd
----------------- Done invoking toplevel() on ptolemy.moml.MoMLSimpleApplication@469788fd
reloadAllAccessors: .ClockDriftChange

===========================================================================================
----------------- testing Tue Aug 11 15:25:46 UTC 2020 /home/travis/build/icyphy/ptII/ptolemy/domains/de/test/auto/ComposableCausalityAnalysis.xml
----------------- Instantiating /home/travis/build/icyphy/ptII/ptolemy/domains/de/test/auto/ComposableCausalityAnalysis.xml
1 ms. Memory: 51200K Free: 27162K (53%)
----------------- Invoking toplevel() on ptolemy.moml.MoMLSimpleApplication@63bc95de
----------------- Done invoking toplevel() on ptolemy.moml.MoMLSimpleApplication@63bc95de
reloadAllAccessors: .ComposableCausalityAnalysis

===========================================================================================
----------------- testing Tue Aug 11 15:25:46 UTC 2020 /home/travis/build/icyphy/ptII/ptolemy/domains/de/test/auto/DEFixedPointLimitation.xml
----------------- Instantiating /home/travis/build/icyphy/ptII/ptolemy/domains/de/test/auto/DEFixedPointLimitation.xml
1 ms. Memory: 51200K Free: 22475K (44%)
----------------- Invoking toplevel() on ptolemy.moml.MoMLSimpleApplication@16a71fe9
----------------- Done invoking toplevel() on ptolemy.moml.MoMLSimpleApplication@16a71fe9
reloadAllAccessors: .DEFixedPointLimitation

===========================================================================================
----------------- testing Tue Aug 11 15:25:46 UTC 2020 /home/travis/build/icyphy/ptII/ptolemy/domains/de/test/auto/DEScheduleTest.xml
----------------- Instantiating /home/travis/build/icyphy/ptII/ptolemy/domains/de/test/auto/DEScheduleTest.xml
2 ms. Memory: 51200K Free: 18217K (36%)
----------------- Invoking toplevel() on ptolemy.moml.MoMLSimpleApplication@64230490
----------------- Done invoking toplevel() on ptolemy.moml.MoMLSimpleApplication@64230490
reloadAllAccessors: .DEScheduleTest

===========================================================================================
----------------- testing Tue Aug 11 15:25:46 UTC 2020 /home/travis/build/icyphy/ptII/ptolemy/domains/de/test/auto/DEinDEwithStartTimes.xml
----------------- Instantiating /home/travis/build/icyphy/ptII/ptolemy/domains/de/test/auto/DEinDEwithStartTimes.xml
2 ms. Memory: 51200K Free: 12459K (24%)
----------------- Invoking toplevel() on ptolemy.moml.MoMLSimpleApplication@571a703b
----------------- Done invoking toplevel() on ptolemy.moml.MoMLSimpleApplication@571a703b
reloadAllAccessors: .DEinDEwithStartTimes

===========================================================================================
----------------- testing Tue Aug 11 15:25:46 UTC 2020 /home/travis/build/icyphy/ptII/ptolemy/domains/de/test/auto/DEinDEwithStartTimes2.xml
----------------- Instantiating /home/travis/build/icyphy/ptII/ptolemy/domains/de/test/auto/DEinDEwithStartTimes2.xml
2 ms. Memory: 51200K Free: 33709K (66%)
----------------- Invoking toplevel() on ptolemy.moml.MoMLSimpleApplication@496dc0ea
----------------- Done invoking toplevel() on ptolemy.moml.MoMLSimpleApplication@496dc0ea
reloadAllAccessors: .DEinDEwithStartTimes2

===========================================================================================
----------------- testing Tue Aug 11 15:25:46 UTC 2020 /home/travis/build/icyphy/ptII/ptolemy/domains/de/test/auto/DateDemo.xml
----------------- Instantiating /home/travis/build/icyphy/ptII/ptolemy/domains/de/test/auto/DateDemo.xml
15 ms. Memory: 51200K Free: 22651K (44%)
----------------- Invoking toplevel() on ptolemy.moml.MoMLSimpleApplication@3582c2fd
----------------- Done invoking toplevel() on ptolemy.moml.MoMLSimpleApplication@3582c2fd
reloadAllAccessors: .DateDemo

===========================================================================================
----------------- testing Tue Aug 11 15:25:46 UTC 2020 /home/travis/build/icyphy/ptII/ptolemy/domains/de/test/auto/DateToEvent.xml
----------------- Instantiating /home/travis/build/icyphy/ptII/ptolemy/domains/de/test/auto/DateToEvent.xml
2013 ms. Memory: 51200K Free: 34835K (68%)
----------------- Invoking toplevel() on ptolemy.moml.MoMLSimpleApplication@9c32e86
----------------- Done invoking toplevel() on ptolemy.moml.MoMLSimpleApplication@9c32e86
reloadAllAccessors: .DateToEvent

===========================================================================================
----------------- testing Tue Aug 11 15:25:48 UTC 2020 /home/travis/build/icyphy/ptII/ptolemy/domains/de/test/auto/DepthTest1.xml
----------------- Instantiating /home/travis/build/icyphy/ptII/ptolemy/domains/de/test/auto/DepthTest1.xml
2 ms. Memory: 51200K Free: 31837K (62%)
----------------- Invoking toplevel() on ptolemy.moml.MoMLSimpleApplication@ffb4ce6
----------------- Done invoking toplevel() on ptolemy.moml.MoMLSimpleApplication@ffb4ce6
reloadAllAccessors: .DepthTest1

===========================================================================================
----------------- testing Tue Aug 11 15:25:48 UTC 2020 /home/travis/build/icyphy/ptII/ptolemy/domains/de/test/auto/DepthTest2.xml
----------------- Instantiating /home/travis/build/icyphy/ptII/ptolemy/domains/de/test/auto/DepthTest2.xml
2 ms. Memory: 51200K Free: 25519K (50%)
----------------- Invoking toplevel() on ptolemy.moml.MoMLSimpleApplication@66e8ee4b
----------------- Done invoking toplevel() on ptolemy.moml.MoMLSimpleApplication@66e8ee4b
reloadAllAccessors: .DepthTest2

===========================================================================================
----------------- testing Tue Aug 11 15:25:48 UTC 2020 /home/travis/build/icyphy/ptII/ptolemy/domains/de/test/auto/DepthTest3.xml
----------------- Instantiating /home/travis/build/icyphy/ptII/ptolemy/domains/de/test/auto/DepthTest3.xml
1 ms. Memory: 51200K Free: 22447K (44%)
----------------- Invoking toplevel() on ptolemy.moml.MoMLSimpleApplication@3f62a3b1
----------------- Done invoking toplevel() on ptolemy.moml.MoMLSimpleApplication@3f62a3b1
reloadAllAccessors: .DepthTest3

===========================================================================================
----------------- testing Tue Aug 11 15:25:48 UTC 2020 /home/travis/build/icyphy/ptII/ptolemy/domains/de/test/auto/DepthTest4.xml
----------------- Instantiating /home/travis/build/icyphy/ptII/ptolemy/domains/de/test/auto/DepthTest4.xml
2 ms. Memory: 51200K Free: 17748K (35%)
----------------- Invoking toplevel() on ptolemy.moml.MoMLSimpleApplication@a427487
----------------- Done invoking toplevel() on ptolemy.moml.MoMLSimpleApplication@a427487
reloadAllAccessors: .DepthTest4

===========================================================================================
----------------- testing Tue Aug 11 15:25:48 UTC 2020 /home/travis/build/icyphy/ptII/ptolemy/domains/de/test/auto/DepthTest5.xml
----------------- Instantiating /home/travis/build/icyphy/ptII/ptolemy/domains/de/test/auto/DepthTest5.xml
2 ms. Memory: 51200K Free: 12443K (24%)
----------------- Invoking toplevel() on ptolemy.moml.MoMLSimpleApplication@2ebe1239
----------------- Done invoking toplevel() on ptolemy.moml.MoMLSimpleApplication@2ebe1239
reloadAllAccessors: .DepthTest5

===========================================================================================
----------------- testing Tue Aug 11 15:25:48 UTC 2020 /home/travis/build/icyphy/ptII/ptolemy/domains/de/test/auto/DepthTest6.xml
----------------- Instantiating /home/travis/build/icyphy/ptII/ptolemy/domains/de/test/auto/DepthTest6.xml
2 ms. Memory: 51200K Free: 34871K (68%)
----------------- Invoking toplevel() on ptolemy.moml.MoMLSimpleApplication@35795650
----------------- Done invoking toplevel() on ptolemy.moml.MoMLSimpleApplication@35795650
reloadAllAccessors: .DepthTest6

===========================================================================================
----------------- testing Tue Aug 11 15:25:48 UTC 2020 /home/travis/build/icyphy/ptII/ptolemy/domains/de/test/auto/DepthTest7.xml
----------------- Instantiating /home/travis/build/icyphy/ptII/ptolemy/domains/de/test/auto/DepthTest7.xml
1 ms. Memory: 51200K Free: 29987K (59%)
----------------- Invoking toplevel() on ptolemy.moml.MoMLSimpleApplication@4156cb55
----------------- Done invoking toplevel() on ptolemy.moml.MoMLSimpleApplication@4156cb55
reloadAllAccessors: .DepthTest7

===========================================================================================
----------------- testing Tue Aug 11 15:25:48 UTC 2020 /home/travis/build/icyphy/ptII/ptolemy/domains/de/test/auto/EventToDate.xml
----------------- Instantiating /home/travis/build/icyphy/ptII/ptolemy/domains/de/test/auto/EventToDate.xml
3015 ms. Memory: 51200K Free: 16661K (33%)
----------------- Invoking toplevel() on ptolemy.moml.MoMLSimpleApplication@46351f0
----------------- Done invoking toplevel() on ptolemy.moml.MoMLSimpleApplication@46351f0
reloadAllAccessors: .EventToDate

===========================================================================================
----------------- testing Tue Aug 11 15:25:51 UTC 2020 /home/travis/build/icyphy/ptII/ptolemy/domains/de/test/auto/FSM1.xml
----------------- Instantiating /home/travis/build/icyphy/ptII/ptolemy/domains/de/test/auto/FSM1.xml
14 ms. Memory: 51200K Free: 32353K (63%)
----------------- Invoking toplevel() on ptolemy.moml.MoMLSimpleApplication@274b63cd
----------------- Done invoking toplevel() on ptolemy.moml.MoMLSimpleApplication@274b63cd
reloadAllAccessors: .FSM1

===========================================================================================
----------------- testing Tue Aug 11 15:25:51 UTC 2020 /home/travis/build/icyphy/ptII/ptolemy/domains/de/test/auto/FSM7.xml
----------------- Instantiating /home/travis/build/icyphy/ptII/ptolemy/domains/de/test/auto/FSM7.xml
39 ms. Memory: 51200K Free: 20095K (39%)
----------------- Invoking toplevel() on ptolemy.moml.MoMLSimpleApplication@63d27260
----------------- Done invoking toplevel() on ptolemy.moml.MoMLSimpleApplication@63d27260
reloadAllAccessors: .FSM7

===========================================================================================
----------------- testing Tue Aug 11 15:25:51 UTC 2020 /home/travis/build/icyphy/ptII/ptolemy/domains/de/test/auto/Inspection.xml
----------------- Instantiating /home/travis/build/icyphy/ptII/ptolemy/domains/de/test/auto/Inspection.xml
14 ms. Memory: 51200K Free: 35656K (70%)
----------------- Invoking toplevel() on ptolemy.moml.MoMLSimpleApplication@1e83b25
----------------- Done invoking toplevel() on ptolemy.moml.MoMLSimpleApplication@1e83b25
reloadAllAccessors: .Inspection

===========================================================================================
----------------- testing Tue Aug 11 15:25:51 UTC 2020 /home/travis/build/icyphy/ptII/ptolemy/domains/de/test/auto/Iteration.xml
----------------- Instantiating /home/travis/build/icyphy/ptII/ptolemy/domains/de/test/auto/Iteration.xml
11 ms. Memory: 51200K Free: 28775K (56%)
----------------- Invoking toplevel() on ptolemy.moml.MoMLSimpleApplication@5538ef87
----------------- Done invoking toplevel() on ptolemy.moml.MoMLSimpleApplication@5538ef87
reloadAllAccessors: .Iteration

===========================================================================================
----------------- testing Tue Aug 11 15:25:51 UTC 2020 /home/travis/build/icyphy/ptII/ptolemy/domains/de/test/auto/LineFault.xml
----------------- Instantiating /home/travis/build/icyphy/ptII/ptolemy/domains/de/test/auto/LineFault.xml
478 ms. Memory: 51200K Free: 20534K (40%)
----------------- Invoking toplevel() on ptolemy.moml.MoMLSimpleApplication@73acd1b3
----------------- Done invoking toplevel() on ptolemy.moml.MoMLSimpleApplication@73acd1b3
reloadAllAccessors: .LineFault

===========================================================================================
----------------- testing Tue Aug 11 15:25:52 UTC 2020 /home/travis/build/icyphy/ptII/ptolemy/domains/de/test/auto/MergeModel1Add.xml
----------------- Instantiating /home/travis/build/icyphy/ptII/ptolemy/domains/de/test/auto/MergeModel1Add.xml
5 ms. Memory: 51200K Free: 27903K (54%)
----------------- Invoking toplevel() on ptolemy.moml.MoMLSimpleApplication@2911197a
----------------- Done invoking toplevel() on ptolemy.moml.MoMLSimpleApplication@2911197a
reloadAllAccessors: .MergeModel1Add

===========================================================================================
----------------- testing Tue Aug 11 15:25:52 UTC 2020 /home/travis/build/icyphy/ptII/ptolemy/domains/de/test/auto/MergeModel2Add.xml
----------------- Instantiating /home/travis/build/icyphy/ptII/ptolemy/domains/de/test/auto/MergeModel2Add.xml
5 ms. Memory: 51200K Free: 10239K (20%)
----------------- Invoking toplevel() on ptolemy.moml.MoMLSimpleApplication@22d0c307
----------------- Done invoking toplevel() on ptolemy.moml.MoMLSimpleApplication@22d0c307
reloadAllAccessors: .MergeModel2Add

===========================================================================================
----------------- testing Tue Aug 11 15:25:52 UTC 2020 /home/travis/build/icyphy/ptII/ptolemy/domains/de/test/auto/MergeModel3Add.xml
----------------- Instantiating /home/travis/build/icyphy/ptII/ptolemy/domains/de/test/auto/MergeModel3Add.xml
5 ms. Memory: 51200K Free: 19158K (37%)
----------------- Invoking toplevel() on ptolemy.moml.MoMLSimpleApplication@6c94ac1e
----------------- Done invoking toplevel() on ptolemy.moml.MoMLSimpleApplication@6c94ac1e
reloadAllAccessors: .MergeModel3Add

===========================================================================================
----------------- testing Tue Aug 11 15:25:52 UTC 2020 /home/travis/build/icyphy/ptII/ptolemy/domains/de/test/auto/MergeWithoutDiscard.xml
----------------- Instantiating /home/travis/build/icyphy/ptII/ptolemy/domains/de/test/auto/MergeWithoutDiscard.xml
1 ms. Memory: 51200K Free: 15048K (29%)
----------------- Invoking toplevel() on ptolemy.moml.MoMLSimpleApplication@7118ba8e
----------------- Done invoking toplevel() on ptolemy.moml.MoMLSimpleApplication@7118ba8e
reloadAllAccessors: .MergeWithoutDiscard

===========================================================================================
----------------- testing Tue Aug 11 15:25:52 UTC 2020 /home/travis/build/icyphy/ptII/ptolemy/domains/de/test/auto/Modal1.xml
----------------- Instantiating /home/travis/build/icyphy/ptII/ptolemy/domains/de/test/auto/Modal1.xml
11 ms. Memory: 51200K Free: 28515K (56%)
----------------- Invoking toplevel() on ptolemy.moml.MoMLSimpleApplication@16fa8e7c
----------------- Done invoking toplevel() on ptolemy.moml.MoMLSimpleApplication@16fa8e7c
reloadAllAccessors: .Modal1

===========================================================================================
----------------- testing Tue Aug 11 15:25:52 UTC 2020 /home/travis/build/icyphy/ptII/ptolemy/domains/de/test/auto/Modal2.xml
----------------- Instantiating /home/travis/build/icyphy/ptII/ptolemy/domains/de/test/auto/Modal2.xml
9 ms. Memory: 51200K Free: 16386K (32%)
----------------- Invoking toplevel() on ptolemy.moml.MoMLSimpleApplication@68e1fe58
----------------- Done invoking toplevel() on ptolemy.moml.MoMLSimpleApplication@68e1fe58
reloadAllAccessors: .Modal2

===========================================================================================
----------------- testing Tue Aug 11 15:25:52 UTC 2020 /home/travis/build/icyphy/ptII/ptolemy/domains/de/test/auto/Modal3.xml
----------------- Instantiating /home/travis/build/icyphy/ptII/ptolemy/domains/de/test/auto/Modal3.xml
7 ms. Memory: 51200K Free: 29699K (58%)
----------------- Invoking toplevel() on ptolemy.moml.MoMLSimpleApplication@1a6fecb6
----------------- Done invoking toplevel() on ptolemy.moml.MoMLSimpleApplication@1a6fecb6
reloadAllAccessors: .Modal3

===========================================================================================
----------------- testing Tue Aug 11 15:25:52 UTC 2020 /home/travis/build/icyphy/ptII/ptolemy/domains/de/test/auto/Modal4.xml
----------------- Instantiating /home/travis/build/icyphy/ptII/ptolemy/domains/de/test/auto/Modal4.xml
12 ms. Memory: 51200K Free: 16729K (33%)
----------------- Invoking toplevel() on ptolemy.moml.MoMLSimpleApplication@a0f780b
----------------- Done invoking toplevel() on ptolemy.moml.MoMLSimpleApplication@a0f780b
reloadAllAccessors: .Modal4

===========================================================================================
----------------- testing Tue Aug 11 15:25:52 UTC 2020 /home/travis/build/icyphy/ptII/ptolemy/domains/de/test/auto/Modal5.xml
----------------- Instantiating /home/travis/build/icyphy/ptII/ptolemy/domains/de/test/auto/Modal5.xml
10 ms. Memory: 51200K Free: 29272K (57%)
----------------- Invoking toplevel() on ptolemy.moml.MoMLSimpleApplication@4ac63d0a
----------------- Done invoking toplevel() on ptolemy.moml.MoMLSimpleApplication@4ac63d0a
reloadAllAccessors: .Modal5

===========================================================================================
----------------- testing Tue Aug 11 15:25:52 UTC 2020 /home/travis/build/icyphy/ptII/ptolemy/domains/de/test/auto/Modal6.xml
----------------- Instantiating /home/travis/build/icyphy/ptII/ptolemy/domains/de/test/auto/Modal6.xml
9 ms. Memory: 51200K Free: 16998K (33%)
----------------- Invoking toplevel() on ptolemy.moml.MoMLSimpleApplication@29323404
----------------- Done invoking toplevel() on ptolemy.moml.MoMLSimpleApplication@29323404
reloadAllAccessors: .Modal6

===========================================================================================
----------------- testing Tue Aug 11 15:25:52 UTC 2020 /home/travis/build/icyphy/ptII/ptolemy/domains/de/test/auto/Modal7.xml
----------------- Instantiating /home/travis/build/icyphy/ptII/ptolemy/domains/de/test/auto/Modal7.xml
6 ms. Memory: 51200K Free: 29263K (57%)
----------------- Invoking toplevel() on ptolemy.moml.MoMLSimpleApplication@5403757
----------------- Done invoking toplevel() on ptolemy.moml.MoMLSimpleApplication@5403757
reloadAllAccessors: .Modal7

===========================================================================================
----------------- testing Tue Aug 11 15:25:52 UTC 2020 /home/travis/build/icyphy/ptII/ptolemy/domains/de/test/auto/ModalModel.xml
----------------- Instantiating /home/travis/build/icyphy/ptII/ptolemy/domains/de/test/auto/ModalModel.xml
130 ms. Memory: 51200K Free: 12329K (24%)
----------------- Invoking toplevel() on ptolemy.moml.MoMLSimpleApplication@500194d5
----------------- Done invoking toplevel() on ptolemy.moml.MoMLSimpleApplication@500194d5
reloadAllAccessors: .ModalModel

===========================================================================================
----------------- testing Tue Aug 11 15:25:52 UTC 2020 /home/travis/build/icyphy/ptII/ptolemy/domains/de/test/auto/ModalSource.xml
----------------- Instantiating /home/travis/build/icyphy/ptII/ptolemy/domains/de/test/auto/ModalSource.xml
7 ms. Memory: 61440K Free: 39512K (64%)
----------------- Invoking toplevel() on ptolemy.moml.MoMLSimpleApplication@2cb0094a
----------------- Done invoking toplevel() on ptolemy.moml.MoMLSimpleApplication@2cb0094a
reloadAllAccessors: .ModalSource

===========================================================================================
----------------- testing Tue Aug 11 15:25:52 UTC 2020 /home/travis/build/icyphy/ptII/ptolemy/domains/de/test/auto/NonInterruptibleTimerZeroDelay.xml
----------------- Instantiating /home/travis/build/icyphy/ptII/ptolemy/domains/de/test/auto/NonInterruptibleTimerZeroDelay.xml
2 ms. Memory: 61440K Free: 35761K (58%)
----------------- Invoking toplevel() on ptolemy.moml.MoMLSimpleApplication@17f4ffe
----------------- Done invoking toplevel() on ptolemy.moml.MoMLSimpleApplication@17f4ffe
reloadAllAccessors: .NonInterruptibleTimerZeroDelay

===========================================================================================
----------------- testing Tue Aug 11 15:25:52 UTC 2020 /home/travis/build/icyphy/ptII/ptolemy/domains/de/test/auto/OpenQueueingNetwork.xml
----------------- Instantiating /home/travis/build/icyphy/ptII/ptolemy/domains/de/test/auto/OpenQueueingNetwork.xml
2143 ms. Memory: 131072K Free: 52214K (40%)
----------------- Invoking toplevel() on ptolemy.moml.MoMLSimpleApplication@668affa2
----------------- Done invoking toplevel() on ptolemy.moml.MoMLSimpleApplication@668affa2
reloadAllAccessors: .OpenQueueingNetwork

===========================================================================================
----------------- testing Tue Aug 11 15:25:55 UTC 2020 /home/travis/build/icyphy/ptII/ptolemy/domains/de/test/auto/OpenQueuingNetwork.xml
----------------- Instantiating /home/travis/build/icyphy/ptII/ptolemy/domains/de/test/auto/OpenQueuingNetwork.xml
218 ms. Memory: 131072K Free: 46444K (35%)
----------------- Invoking toplevel() on ptolemy.moml.MoMLSimpleApplication@16d92068
----------------- Done invoking toplevel() on ptolemy.moml.MoMLSimpleApplication@16d92068
reloadAllAccessors: .OpenQueuingNetwork

===========================================================================================
----------------- testing Tue Aug 11 15:25:55 UTC 2020 /home/travis/build/icyphy/ptII/ptolemy/domains/de/test/auto/PeriodicSampler.xml
----------------- Instantiating /home/travis/build/icyphy/ptII/ptolemy/domains/de/test/auto/PeriodicSampler.xml
2 ms. Memory: 131072K Free: 42348K (32%)
----------------- Invoking toplevel() on ptolemy.moml.MoMLSimpleApplication@77705f60
----------------- Done invoking toplevel() on ptolemy.moml.MoMLSimpleApplication@77705f60
reloadAllAccessors: .PeriodicSampler

===========================================================================================
----------------- testing Tue Aug 11 15:25:55 UTC 2020 /home/travis/build/icyphy/ptII/ptolemy/domains/de/test/auto/PersistentIO.xml
----------------- Instantiating /home/travis/build/icyphy/ptII/ptolemy/domains/de/test/auto/PersistentIO.xml
4 ms. Memory: 157696K Free: 133131K (84%)
----------------- Invoking toplevel() on ptolemy.moml.MoMLSimpleApplication@37c8c7f2
----------------- Done invoking toplevel() on ptolemy.moml.MoMLSimpleApplication@37c8c7f2
reloadAllAccessors: .PersistentIO

===========================================================================================
----------------- testing Tue Aug 11 15:25:55 UTC 2020 /home/travis/build/icyphy/ptII/ptolemy/domains/de/test/auto/PortParameterResetOnInitialize.xml
----------------- Instantiating /home/travis/build/icyphy/ptII/ptolemy/domains/de/test/auto/PortParameterResetOnInitialize.xml
4 ms. Memory: 157696K Free: 128507K (81%)
----------------- Invoking toplevel() on ptolemy.moml.MoMLSimpleApplication@efdcd7d
----------------- Done invoking toplevel() on ptolemy.moml.MoMLSimpleApplication@efdcd7d
reloadAllAccessors: .PortParameterResetOnInitialize

===========================================================================================
----------------- testing Tue Aug 11 15:25:55 UTC 2020 /home/travis/build/icyphy/ptII/ptolemy/domains/de/test/auto/PortParameterUpdates.xml
----------------- Instantiating /home/travis/build/icyphy/ptII/ptolemy/domains/de/test/auto/PortParameterUpdates.xml
4 ms. Memory: 157696K Free: 121867K (77%)
----------------- Invoking toplevel() on ptolemy.moml.MoMLSimpleApplication@45474b47
----------------- Done invoking toplevel() on ptolemy.moml.MoMLSimpleApplication@45474b47
reloadAllAccessors: .PortParameterUpdates

===========================================================================================
----------------- testing Tue Aug 11 15:25:55 UTC 2020 /home/travis/build/icyphy/ptII/ptolemy/domains/de/test/auto/QueueAndServer.xml
----------------- Instantiating /home/travis/build/icyphy/ptII/ptolemy/domains/de/test/auto/QueueAndServer.xml
4 ms. Memory: 157696K Free: 114185K (72%)
----------------- Invoking toplevel() on ptolemy.moml.MoMLSimpleApplication@2fe3a46a
----------------- Done invoking toplevel() on ptolemy.moml.MoMLSimpleApplication@2fe3a46a
reloadAllAccessors: .QueueAndServer

===========================================================================================
----------------- testing Tue Aug 11 15:25:55 UTC 2020 /home/travis/build/icyphy/ptII/ptolemy/domains/de/test/auto/Records.xml
----------------- Instantiating /home/travis/build/icyphy/ptII/ptolemy/domains/de/test/auto/Records.xml
3 ms. Memory: 157696K Free: 108555K (69%)
----------------- Invoking toplevel() on ptolemy.moml.MoMLSimpleApplication@4775e5a6
----------------- Done invoking toplevel() on ptolemy.moml.MoMLSimpleApplication@4775e5a6
reloadAllAccessors: .Records

===========================================================================================
----------------- testing Tue Aug 11 15:25:55 UTC 2020 /home/travis/build/icyphy/ptII/ptolemy/domains/de/test/auto/ResetTransitionWithStartTime1.xml
----------------- Instantiating /home/travis/build/icyphy/ptII/ptolemy/domains/de/test/auto/ResetTransitionWithStartTime1.xml
8 ms. Memory: 157696K Free: 100363K (64%)
----------------- Invoking toplevel() on ptolemy.moml.MoMLSimpleApplication@3d9171d8
----------------- Done invoking toplevel() on ptolemy.moml.MoMLSimpleApplication@3d9171d8
reloadAllAccessors: .ResetTransitionWithStartTime1

===========================================================================================
----------------- testing Tue Aug 11 15:25:55 UTC 2020 /home/travis/build/icyphy/ptII/ptolemy/domains/de/test/auto/ResetTransitionWithStartTime2.xml
----------------- Instantiating /home/travis/build/icyphy/ptII/ptolemy/domains/de/test/auto/ResetTransitionWithStartTime2.xml
5 ms. Memory: 157696K Free: 92171K (58%)
----------------- Invoking toplevel() on ptolemy.moml.MoMLSimpleApplication@49ba03b0
----------------- Done invoking toplevel() on ptolemy.moml.MoMLSimpleApplication@49ba03b0
reloadAllAccessors: .ResetTransitionWithStartTime2

===========================================================================================
----------------- testing Tue Aug 11 15:25:55 UTC 2020 /home/travis/build/icyphy/ptII/ptolemy/domains/de/test/auto/ResetTransitionWithStartTime3.xml
----------------- Instantiating /home/travis/build/icyphy/ptII/ptolemy/domains/de/test/auto/ResetTransitionWithStartTime3.xml
4 ms. Memory: 157696K Free: 83979K (53%)
----------------- Invoking toplevel() on ptolemy.moml.MoMLSimpleApplication@58bfab89
----------------- Done invoking toplevel() on ptolemy.moml.MoMLSimpleApplication@58bfab89
reloadAllAccessors: .ResetTransitionWithStartTime3

===========================================================================================
----------------- testing Tue Aug 11 15:25:55 UTC 2020 /home/travis/build/icyphy/ptII/ptolemy/domains/de/test/auto/ResetTransitionWithStartTime4.xml
----------------- Instantiating /home/travis/build/icyphy/ptII/ptolemy/domains/de/test/auto/ResetTransitionWithStartTime4.xml
3 ms. Memory: 157696K Free: 76291K (48%)
----------------- Invoking toplevel() on ptolemy.moml.MoMLSimpleApplication@528554c5
----------------- Done invoking toplevel() on ptolemy.moml.MoMLSimpleApplication@528554c5
reloadAllAccessors: .ResetTransitionWithStartTime4

===========================================================================================
----------------- testing Tue Aug 11 15:25:55 UTC 2020 /home/travis/build/icyphy/ptII/ptolemy/domains/de/test/auto/ResettableTimer1.xml
----------------- Instantiating /home/travis/build/icyphy/ptII/ptolemy/domains/de/test/auto/ResettableTimer1.xml
1 ms. Memory: 157696K Free: 72171K (46%)
----------------- Invoking toplevel() on ptolemy.moml.MoMLSimpleApplication@63c9615a
----------------- Done invoking toplevel() on ptolemy.moml.MoMLSimpleApplication@63c9615a
reloadAllAccessors: .ResettableTimer1

===========================================================================================
----------------- testing Tue Aug 11 15:25:55 UTC 2020 /home/travis/build/icyphy/ptII/ptolemy/domains/de/test/auto/ResettableTimer2.xml
----------------- Instantiating /home/travis/build/icyphy/ptII/ptolemy/domains/de/test/auto/ResettableTimer2.xml
2 ms. Memory: 157696K Free: 68091K (43%)
----------------- Invoking toplevel() on ptolemy.moml.MoMLSimpleApplication@4d78bcae
----------------- Done invoking toplevel() on ptolemy.moml.MoMLSimpleApplication@4d78bcae
reloadAllAccessors: .ResettableTimer2

===========================================================================================
----------------- testing Tue Aug 11 15:25:55 UTC 2020 /home/travis/build/icyphy/ptII/ptolemy/domains/de/test/auto/ResettableTimer3.xml
----------------- Instantiating /home/travis/build/icyphy/ptII/ptolemy/domains/de/test/auto/ResettableTimer3.xml
1 ms. Memory: 157696K Free: 64009K (41%)
----------------- Invoking toplevel() on ptolemy.moml.MoMLSimpleApplication@a3c85b6
----------------- Done invoking toplevel() on ptolemy.moml.MoMLSimpleApplication@a3c85b6
reloadAllAccessors: .ResettableTimer3

===========================================================================================
----------------- testing Tue Aug 11 15:25:55 UTC 2020 /home/travis/build/icyphy/ptII/ptolemy/domains/de/test/auto/ResettableTimer4.xml
----------------- Instantiating /home/travis/build/icyphy/ptII/ptolemy/domains/de/test/auto/ResettableTimer4.xml
2 ms. Memory: 157696K Free: 59913K (38%)
----------------- Invoking toplevel() on ptolemy.moml.MoMLSimpleApplication@759e8d42
----------------- Done invoking toplevel() on ptolemy.moml.MoMLSimpleApplication@759e8d42
reloadAllAccessors: .ResettableTimer4

===========================================================================================
----------------- testing Tue Aug 11 15:25:55 UTC 2020 /home/travis/build/icyphy/ptII/ptolemy/domains/de/test/auto/ResettableTimer5.xml
----------------- Instantiating /home/travis/build/icyphy/ptII/ptolemy/domains/de/test/auto/ResettableTimer5.xml
1 ms. Memory: 157696K Free: 55817K (35%)
----------------- Invoking toplevel() on ptolemy.moml.MoMLSimpleApplication@6a57b352
----------------- Done invoking toplevel() on ptolemy.moml.MoMLSimpleApplication@6a57b352
reloadAllAccessors: .ResettableTimer5

===========================================================================================
----------------- testing Tue Aug 11 15:25:55 UTC 2020 /home/travis/build/icyphy/ptII/ptolemy/domains/de/test/auto/ResettableTimer6.xml
----------------- Instantiating /home/travis/build/icyphy/ptII/ptolemy/domains/de/test/auto/ResettableTimer6.xml
6 ms. Memory: 157696K Free: 138560K (88%)
----------------- Invoking toplevel() on ptolemy.moml.MoMLSimpleApplication@6df1edf9
----------------- Done invoking toplevel() on ptolemy.moml.MoMLSimpleApplication@6df1edf9
reloadAllAccessors: .ResettableTimer6

===========================================================================================
----------------- testing Tue Aug 11 15:25:55 UTC 2020 /home/travis/build/icyphy/ptII/ptolemy/domains/de/test/auto/ServerZeroDelay.xml
----------------- Instantiating /home/travis/build/icyphy/ptII/ptolemy/domains/de/test/auto/ServerZeroDelay.xml
3 ms. Memory: 157696K Free: 134434K (85%)
----------------- Invoking toplevel() on ptolemy.moml.MoMLSimpleApplication@79af2aa6
----------------- Done invoking toplevel() on ptolemy.moml.MoMLSimpleApplication@79af2aa6
reloadAllAccessors: .ServerZeroDelay

===========================================================================================
----------------- testing Tue Aug 11 15:25:55 UTC 2020 /home/travis/build/icyphy/ptII/ptolemy/domains/de/test/auto/SmartSender.xml
----------------- Instantiating /home/travis/build/icyphy/ptII/ptolemy/domains/de/test/auto/SmartSender.xml
3000 ms. Memory: 157696K Free: 130368K (83%)
----------------- Invoking toplevel() on ptolemy.moml.MoMLSimpleApplication@7e305564
----------------- Done invoking toplevel() on ptolemy.moml.MoMLSimpleApplication@7e305564
reloadAllAccessors: .SmartSender

===========================================================================================
----------------- testing Tue Aug 11 15:25:58 UTC 2020 /home/travis/build/icyphy/ptII/ptolemy/domains/de/test/auto/ThreadedComposite.xml
----------------- Instantiating /home/travis/build/icyphy/ptII/ptolemy/domains/de/test/auto/ThreadedComposite.xml
253 ms. Memory: 157696K Free: 104258K (66%)
----------------- Invoking toplevel() on ptolemy.moml.MoMLSimpleApplication@23ae001f
----------------- Done invoking toplevel() on ptolemy.moml.MoMLSimpleApplication@23ae001f
reloadAllAccessors: .ThreadedComposite

===========================================================================================
----------------- testing Tue Aug 11 15:25:58 UTC 2020 /home/travis/build/icyphy/ptII/ptolemy/domains/de/test/auto/Time.xml
----------------- Instantiating /home/travis/build/icyphy/ptII/ptolemy/domains/de/test/auto/Time.xml
427 ms. Memory: 157696K Free: 49986K (32%)
----------------- Invoking toplevel() on ptolemy.moml.MoMLSimpleApplication@7d30f447
----------------- Done invoking toplevel() on ptolemy.moml.MoMLSimpleApplication@7d30f447
reloadAllAccessors: .Time

===========================================================================================
----------------- testing Tue Aug 11 15:25:59 UTC 2020 /home/travis/build/icyphy/ptII/ptolemy/domains/de/test/auto/TimeDelayZeroDelay.xml
----------------- Instantiating /home/travis/build/icyphy/ptII/ptolemy/domains/de/test/auto/TimeDelayZeroDelay.xml
2 ms. Memory: 157696K Free: 139609K (89%)
----------------- Invoking toplevel() on ptolemy.moml.MoMLSimpleApplication@31b4a1de
----------------- Done invoking toplevel() on ptolemy.moml.MoMLSimpleApplication@31b4a1de
reloadAllAccessors: .TimeDelayZeroDelay

===========================================================================================
----------------- testing Tue Aug 11 15:25:59 UTC 2020 /home/travis/build/icyphy/ptII/ptolemy/domains/de/test/auto/TimerZeroDelay.xml
----------------- Instantiating /home/travis/build/icyphy/ptII/ptolemy/domains/de/test/auto/TimerZeroDelay.xml
2 ms. Memory: 157696K Free: 135499K (86%)
----------------- Invoking toplevel() on ptolemy.moml.MoMLSimpleApplication@56130266
----------------- Done invoking toplevel() on ptolemy.moml.MoMLSimpleApplication@56130266
reloadAllAccessors: .TimerZeroDelay

===========================================================================================
----------------- testing Tue Aug 11 15:25:59 UTC 2020 /home/travis/build/icyphy/ptII/ptolemy/domains/de/test/auto/TimingParadox.xml
----------------- Instantiating /home/travis/build/icyphy/ptII/ptolemy/domains/de/test/auto/TimingParadox.xml
269 ms. Memory: 157696K Free: 67929K (43%)
----------------- Invoking toplevel() on ptolemy.moml.MoMLSimpleApplication@727e36ba
----------------- Done invoking toplevel() on ptolemy.moml.MoMLSimpleApplication@727e36ba
reloadAllAccessors: .TimingParadox

===========================================================================================
----------------- testing Tue Aug 11 15:25:59 UTC 2020 /home/travis/build/icyphy/ptII/ptolemy/domains/de/test/auto/TransferInputs.xml
----------------- Instantiating /home/travis/build/icyphy/ptII/ptolemy/domains/de/test/auto/TransferInputs.xml
2 ms. Memory: 157696K Free: 63323K (40%)
----------------- Invoking toplevel() on ptolemy.moml.MoMLSimpleApplication@1ce22b3e
----------------- Done invoking toplevel() on ptolemy.moml.MoMLSimpleApplication@1ce22b3e
reloadAllAccessors: .TransferInputs

===========================================================================================
----------------- testing Tue Aug 11 15:25:59 UTC 2020 /home/travis/build/icyphy/ptII/ptolemy/domains/de/test/auto/TransferOutputs2.xml
----------------- Instantiating /home/travis/build/icyphy/ptII/ptolemy/domains/de/test/auto/TransferOutputs2.xml
3 ms. Memory: 157696K Free: 55131K (35%)
----------------- Invoking toplevel() on ptolemy.moml.MoMLSimpleApplication@5f7e5f56
----------------- Done invoking toplevel() on ptolemy.moml.MoMLSimpleApplication@5f7e5f56
reloadAllAccessors: .TransferOutputs2

===========================================================================================
----------------- testing Tue Aug 11 15:25:59 UTC 2020 /home/travis/build/icyphy/ptII/ptolemy/domains/de/test/auto/Trilateration.xml
----------------- Instantiating /home/travis/build/icyphy/ptII/ptolemy/domains/de/test/auto/Trilateration.xml
9839 ms. Memory: 353280K Free: 196265K (56%)
----------------- Invoking toplevel() on ptolemy.moml.MoMLSimpleApplication@4a48fa17
----------------- Done invoking toplevel() on ptolemy.moml.MoMLSimpleApplication@4a48fa17
reloadAllAccessors: .Trilateration

===========================================================================================
----------------- testing Tue Aug 11 15:26:10 UTC 2020 /home/travis/build/icyphy/ptII/ptolemy/domains/de/test/auto/TwoSigmaDelta.xml
----------------- Instantiating /home/travis/build/icyphy/ptII/ptolemy/domains/de/test/auto/TwoSigmaDelta.xml
1825 ms. Memory: 353280K Free: 204957K (58%)
----------------- Invoking toplevel() on ptolemy.moml.MoMLSimpleApplication@40e983bc
----------------- Done invoking toplevel() on ptolemy.moml.MoMLSimpleApplication@40e983bc
reloadAllAccessors: .TwoSigmaDelta

===========================================================================================
----------------- testing Tue Aug 11 15:26:12 UTC 2020 /home/travis/build/icyphy/ptII/ptolemy/domains/de/test/auto/VariableDelay.xml
----------------- Instantiating /home/travis/build/icyphy/ptII/ptolemy/domains/de/test/auto/VariableDelay.xml
2 ms. Memory: 353280K Free: 199837K (57%)
----------------- Invoking toplevel() on ptolemy.moml.MoMLSimpleApplication@4b8fecd0
----------------- Done invoking toplevel() on ptolemy.moml.MoMLSimpleApplication@4b8fecd0
reloadAllAccessors: .VariableDelay

===========================================================================================
----------------- testing Tue Aug 11 15:26:12 UTC 2020 /home/travis/build/icyphy/ptII/ptolemy/domains/de/test/auto/VariableDelay2.xml
----------------- Instantiating /home/travis/build/icyphy/ptII/ptolemy/domains/de/test/auto/VariableDelay2.xml
2 ms. Memory: 353280K Free: 195213K (55%)
----------------- Invoking toplevel() on ptolemy.moml.MoMLSimpleApplication@623a7b31
----------------- Done invoking toplevel() on ptolemy.moml.MoMLSimpleApplication@623a7b31
reloadAllAccessors: .VariableDelay2

===========================================================================================
----------------- testing Tue Aug 11 15:26:12 UTC 2020 /home/travis/build/icyphy/ptII/ptolemy/domains/de/test/auto/VariableDelayZeroDelay.xml
----------------- Instantiating /home/travis/build/icyphy/ptII/ptolemy/domains/de/test/auto/VariableDelayZeroDelay.xml
6 ms. Memory: 353280K Free: 191131K (54%)
----------------- Invoking toplevel() on ptolemy.moml.MoMLSimpleApplication@5e916231
----------------- Done invoking toplevel() on ptolemy.moml.MoMLSimpleApplication@5e916231
reloadAllAccessors: .VariableDelayZeroDelay

===========================================================================================
----------------- testing Tue Aug 11 15:26:12 UTC 2020 /home/travis/build/icyphy/ptII/ptolemy/domains/de/test/auto/VariableDelayZeroDelay2.xml
----------------- Instantiating /home/travis/build/icyphy/ptII/ptolemy/domains/de/test/auto/VariableDelayZeroDelay2.xml
2 ms. Memory: 353280K Free: 187035K (53%)
----------------- Invoking toplevel() on ptolemy.moml.MoMLSimpleApplication@4f32d6d
----------------- Done invoking toplevel() on ptolemy.moml.MoMLSimpleApplication@4f32d6d
reloadAllAccessors: .VariableDelayZeroDelay2

===========================================================================================
----------------- testing Tue Aug 11 15:26:12 UTC 2020 /home/travis/build/icyphy/ptII/ptolemy/domains/de/test/auto/deInCt.xml
----------------- Instantiating /home/travis/build/icyphy/ptII/ptolemy/domains/de/test/auto/deInCt.xml
0
1
1
0
0
0
1
1
1
0
0
0
1
1
1
1
1
0
0
0
1
1
1
1
0
0
1
1
0
0
1
1
1
0
0
0
1
1
1
1
0
0
0
1
1
1
0
0
0
0
1
1
1
1
7 ms. Memory: 353280K Free: 181915K (51%)
----------------- Invoking toplevel() on ptolemy.moml.MoMLSimpleApplication@7a38c3fd
----------------- Done invoking toplevel() on ptolemy.moml.MoMLSimpleApplication@7a38c3fd
reloadAllAccessors: .deInCt

===========================================================================================
----------------- testing Tue Aug 11 15:26:12 UTC 2020 /home/travis/build/icyphy/ptII/ptolemy/domains/de/test/auto/deInCt2.xml
----------------- Instantiating /home/travis/build/icyphy/ptII/ptolemy/domains/de/test/auto/deInCt2.xml
0
1
1
1
0
0
1
1
1
0
0
1
1
1
0
0
1
1
1
0
0
1
1
1
0
0
1
1
1
0
0
1
1
1
0
0
1
1
1
0
0
0
11 ms. Memory: 353280K Free: 176786K (50%)
----------------- Invoking toplevel() on ptolemy.moml.MoMLSimpleApplication@2d18cd1e
----------------- Done invoking toplevel() on ptolemy.moml.MoMLSimpleApplication@2d18cd1e
reloadAllAccessors: .deInCt2

===========================================================================================
----------------- testing Tue Aug 11 15:26:12 UTC 2020 /home/travis/build/icyphy/ptII/ptolemy/domains/de/test/auto/dynamicCausalityInterface1.xml
----------------- Instantiating /home/travis/build/icyphy/ptII/ptolemy/domains/de/test/auto/dynamicCausalityInterface1.xml
1 ms. Memory: 353280K Free: 167579K (47%)
----------------- Invoking toplevel() on ptolemy.moml.MoMLSimpleApplication@77809d98
----------------- Done invoking toplevel() on ptolemy.moml.MoMLSimpleApplication@77809d98
reloadAllAccessors: .dynamicCausalityInterface1

===========================================================================================
----------------- testing Tue Aug 11 15:26:12 UTC 2020 /home/travis/build/icyphy/ptII/ptolemy/domains/de/test/auto/fsm_de_test.xml
----------------- Instantiating /home/travis/build/icyphy/ptII/ptolemy/domains/de/test/auto/fsm_de_test.xml
5 ms. Memory: 353280K Free: 158333K (45%)
----------------- Invoking toplevel() on ptolemy.moml.MoMLSimpleApplication@2a1a3d6f
----------------- Done invoking toplevel() on ptolemy.moml.MoMLSimpleApplication@2a1a3d6f
reloadAllAccessors: .fsm_de_test

===========================================================================================
----------------- testing Tue Aug 11 15:26:12 UTC 2020 /home/travis/build/icyphy/ptII/ptolemy/domains/de/test/auto/functionDependencyReconstruction.xml
----------------- Instantiating /home/travis/build/icyphy/ptII/ptolemy/domains/de/test/auto/functionDependencyReconstruction.xml
2 ms. Memory: 353280K Free: 143517K (41%)
----------------- Invoking toplevel() on ptolemy.moml.MoMLSimpleApplication@61dcf4e1
----------------- Done invoking toplevel() on ptolemy.moml.MoMLSimpleApplication@61dcf4e1
reloadAllAccessors: .functionDependencyReconstruction

===========================================================================================
----------------- testing Tue Aug 11 15:26:12 UTC 2020 /home/travis/build/icyphy/ptII/ptolemy/domains/de/test/auto/multirate.xml
----------------- Instantiating /home/travis/build/icyphy/ptII/ptolemy/domains/de/test/auto/multirate.xml
4 ms. Memory: 353280K Free: 136845K (39%)
----------------- Invoking toplevel() on ptolemy.moml.MoMLSimpleApplication@580bf6a7
----------------- Done invoking toplevel() on ptolemy.moml.MoMLSimpleApplication@580bf6a7
reloadAllAccessors: .multirate

===========================================================================================
----------------- testing Tue Aug 11 15:26:12 UTC 2020 /home/travis/build/icyphy/ptII/ptolemy/domains/de/test/auto/multirate2.xml
----------------- Instantiating /home/travis/build/icyphy/ptII/ptolemy/domains/de/test/auto/multirate2.xml
3 ms. Memory: 353280K Free: 130205K (37%)
----------------- Invoking toplevel() on ptolemy.moml.MoMLSimpleApplication@4b46ddc3
----------------- Done invoking toplevel() on ptolemy.moml.MoMLSimpleApplication@4b46ddc3
reloadAllAccessors: .multirate2

===========================================================================================
----------------- testing Tue Aug 11 15:26:12 UTC 2020 /home/travis/build/icyphy/ptII/ptolemy/domains/de/test/auto/realtime.xml
----------------- Instantiating /home/travis/build/icyphy/ptII/ptolemy/domains/de/test/auto/realtime.xml
10001 ms. Memory: 353280K Free: 125595K (36%)
----------------- Invoking toplevel() on ptolemy.moml.MoMLSimpleApplication@25f15c11
----------------- Done invoking toplevel() on ptolemy.moml.MoMLSimpleApplication@25f15c11
reloadAllAccessors: .realtime

===========================================================================================
----------------- testing Tue Aug 11 15:26:22 UTC 2020 /home/travis/build/icyphy/ptII/ptolemy/domains/de/test/auto/relationGroup.xml
----------------- Instantiating /home/travis/build/icyphy/ptII/ptolemy/domains/de/test/auto/relationGroup.xml
1 ms. Memory: 353280K Free: 122013K (35%)
----------------- Invoking toplevel() on ptolemy.moml.MoMLSimpleApplication@6b834327
----------------- Done invoking toplevel() on ptolemy.moml.MoMLSimpleApplication@6b834327
reloadAllAccessors: .relationGroup

===========================================================================================
----------------- testing Tue Aug 11 15:26:22 UTC 2020 /home/travis/build/icyphy/ptII/ptolemy/domains/de/test/auto/relationGroup2.xml
----------------- Instantiating /home/travis/build/icyphy/ptII/ptolemy/domains/de/test/auto/relationGroup2.xml
1 ms. Memory: 353280K Free: 118427K (34%)
----------------- Invoking toplevel() on ptolemy.moml.MoMLSimpleApplication@4083d12b
----------------- Done invoking toplevel() on ptolemy.moml.MoMLSimpleApplication@4083d12b
reloadAllAccessors: .relationGroup2

===========================================================================================
----------------- testing Tue Aug 11 15:26:22 UTC 2020 /home/travis/build/icyphy/ptII/ptolemy/domains/de/test/auto/sortWithOpaquePorts.xml
----------------- Instantiating /home/travis/build/icyphy/ptII/ptolemy/domains/de/test/auto/sortWithOpaquePorts.xml
1 ms. Memory: 353280K Free: 113821K (32%)
----------------- Invoking toplevel() on ptolemy.moml.MoMLSimpleApplication@4c894bd1
----------------- Done invoking toplevel() on ptolemy.moml.MoMLSimpleApplication@4c894bd1
reloadAllAccessors: .sortWithOpaquePorts

===========================================================================================
----------------- testing Tue Aug 11 15:26:22 UTC 2020 /home/travis/build/icyphy/ptII/ptolemy/domains/de/test/auto/transferInputsandOutputs.xml
----------------- Instantiating /home/travis/build/icyphy/ptII/ptolemy/domains/de/test/auto/transferInputsandOutputs.xml
2 ms. Memory: 353280K Free: 317946K (90%)
----------------- Invoking toplevel() on ptolemy.moml.MoMLSimpleApplication@b54aba9
----------------- Done invoking toplevel() on ptolemy.moml.MoMLSimpleApplication@b54aba9
reloadAllAccessors: .transferInputsandOutputs

===========================================================================================
----------------- testing Tue Aug 11 15:26:22 UTC 2020 /home/travis/build/icyphy/ptII/ptolemy/domains/de/test/auto/triggerType.xml
----------------- Instantiating /home/travis/build/icyphy/ptII/ptolemy/domains/de/test/auto/triggerType.xml
1 ms. Memory: 353280K Free: 313850K (89%)
----------------- Invoking toplevel() on ptolemy.moml.MoMLSimpleApplication@76d3b1f3
----------------- Done invoking toplevel() on ptolemy.moml.MoMLSimpleApplication@76d3b1f3
reloadAllAccessors: .triggerType
AutoTests.java: About to close Vertx.
AutoTests.java: Vertx closed.
]]></system-out>
  <system-err><![CDATA[java.lang.RuntimeException: Execution failed
	at ptolemy.moml.MoMLSimpleApplication$UnloadThread.run(MoMLSimpleApplication.java:402)
Caused by: ptolemy.kernel.util.IllegalActionException: Found a zero delay loop containing .dependencyLoop.original
  in .dependencyLoop and .dependencyLoop.original
	at ptolemy.actor.util.CausalityInterfaceForComposites._computeOutputPortDepth(CausalityInterfaceForComposites.java:759)
	at ptolemy.actor.util.CausalityInterfaceForComposites._computeInputDepth(CausalityInterfaceForComposites.java:696)
	at ptolemy.actor.util.CausalityInterfaceForComposites._computeOutputPortDepth(CausalityInterfaceForComposites.java:765)
	at ptolemy.actor.util.CausalityInterfaceForComposites._computeInputDepth(CausalityInterfaceForComposites.java:696)
	at ptolemy.actor.util.CausalityInterfaceForComposites._computeOutputPortDepth(CausalityInterfaceForComposites.java:765)
	at ptolemy.actor.util.CausalityInterfaceForComposites._computeInputDepth(CausalityInterfaceForComposites.java:696)
	at ptolemy.actor.util.CausalityInterfaceForComposites._computeActorDepth(CausalityInterfaceForComposites.java:532)
	at ptolemy.actor.util.CausalityInterfaceForComposites.checkForCycles(CausalityInterfaceForComposites.java:96)
	at ptolemy.domains.de.kernel.DEDirector.preinitialize(DEDirector.java:1338)
	at ptolemy.actor.CompositeActor.preinitialize(CompositeActor.java:1828)
	at ptolemy.actor.Manager.preinitializeAndResolveTypes(Manager.java:1040)
	at ptolemy.actor.Manager.initialize(Manager.java:710)
	at ptolemy.actor.Manager.execute(Manager.java:356)
	at ptolemy.actor.Manager.run(Manager.java:1263)
	at ptolemy.actor.Manager$PtolemyRunThread.run(Manager.java:1933)
java.lang.RuntimeException: Execution failed
	at ptolemy.moml.MoMLSimpleApplication$UnloadThread.run(MoMLSimpleApplication.java:402)
Caused by: ptolemy.kernel.util.IllegalActionException: Found a zero delay loop containing .dependencyLoop2.original
  in .dependencyLoop2 and .dependencyLoop2.original
	at ptolemy.actor.util.CausalityInterfaceForComposites._computeOutputPortDepth(CausalityInterfaceForComposites.java:759)
	at ptolemy.actor.util.CausalityInterfaceForComposites._computeInputDepth(CausalityInterfaceForComposites.java:696)
	at ptolemy.actor.util.CausalityInterfaceForComposites._computeOutputPortDepth(CausalityInterfaceForComposites.java:765)
	at ptolemy.actor.util.CausalityInterfaceForComposites._computeInputDepth(CausalityInterfaceForComposites.java:696)
	at ptolemy.actor.util.CausalityInterfaceForComposites._computeOutputPortDepth(CausalityInterfaceForComposites.java:765)
	at ptolemy.actor.util.CausalityInterfaceForComposites._computeInputDepth(CausalityInterfaceForComposites.java:696)
	at ptolemy.actor.util.CausalityInterfaceForComposites._computeActorDepth(CausalityInterfaceForComposites.java:532)
	at ptolemy.actor.util.CausalityInterfaceForComposites.checkForCycles(CausalityInterfaceForComposites.java:96)
	at ptolemy.domains.de.kernel.DEDirector.preinitialize(DEDirector.java:1338)
	at ptolemy.actor.CompositeActor.preinitialize(CompositeActor.java:1828)
	at ptolemy.actor.Manager.preinitializeAndResolveTypes(Manager.java:1040)
	at ptolemy.actor.Manager.initialize(Manager.java:710)
	at ptolemy.actor.Manager.execute(Manager.java:356)
	at ptolemy.actor.Manager.run(Manager.java:1263)
	at ptolemy.actor.Manager$PtolemyRunThread.run(Manager.java:1933)
java.lang.RuntimeException: Execution failed
	at ptolemy.moml.MoMLSimpleApplication$UnloadThread.run(MoMLSimpleApplication.java:402)
Caused by: ptolemy.kernel.util.IllegalActionException: Test fails in iteration 1.
Value was: 1.0. Should have been: 2.0
  in .DirectFeedback.Test
	at ptolemy.actor.lib.Test.fire(Test.java:268)
	at ptolemy.domains.de.kernel.DEDirector._fire(DEDirector.java:1949)
	at ptolemy.domains.de.kernel.DEDirector.fire(DEDirector.java:502)
	at ptolemy.actor.CompositeActor.fire(CompositeActor.java:455)
	at ptolemy.actor.Manager.iterate(Manager.java:851)
	at ptolemy.actor.Manager.execute(Manager.java:369)
	at ptolemy.actor.Manager.run(Manager.java:1263)
	at ptolemy.actor.Manager$PtolemyRunThread.run(Manager.java:1933)
java.lang.RuntimeException: Execution failed
	at ptolemy.moml.MoMLSimpleApplication$UnloadThread.run(MoMLSimpleApplication.java:402)
Caused by: ptolemy.kernel.util.IllegalActionException: Found a zero delay loop containing .dependencyLoop.original
  in .dependencyLoop and .dependencyLoop.original
	at ptolemy.actor.util.CausalityInterfaceForComposites._computeOutputPortDepth(CausalityInterfaceForComposites.java:759)
	at ptolemy.actor.util.CausalityInterfaceForComposites._computeInputDepth(CausalityInterfaceForComposites.java:696)
	at ptolemy.actor.util.CausalityInterfaceForComposites._computeOutputPortDepth(CausalityInterfaceForComposites.java:765)
	at ptolemy.actor.util.CausalityInterfaceForComposites._computeInputDepth(CausalityInterfaceForComposites.java:696)
	at ptolemy.actor.util.CausalityInterfaceForComposites._computeOutputPortDepth(CausalityInterfaceForComposites.java:765)
	at ptolemy.actor.util.CausalityInterfaceForComposites._computeInputDepth(CausalityInterfaceForComposites.java:696)
	at ptolemy.actor.util.CausalityInterfaceForComposites._computeActorDepth(CausalityInterfaceForComposites.java:532)
	at ptolemy.actor.util.CausalityInterfaceForComposites.checkForCycles(CausalityInterfaceForComposites.java:96)
	at ptolemy.domains.de.kernel.DEDirector.preinitialize(DEDirector.java:1338)
	at ptolemy.actor.CompositeActor.preinitialize(CompositeActor.java:1828)
	at ptolemy.actor.Manager.preinitializeAndResolveTypes(Manager.java:1040)
	at ptolemy.actor.Manager.initialize(Manager.java:710)
	at ptolemy.actor.Manager.execute(Manager.java:356)
	at ptolemy.actor.Manager.run(Manager.java:1263)
	at ptolemy.actor.Manager$PtolemyRunThread.run(Manager.java:1933)
java.lang.RuntimeException: Execution failed
	at ptolemy.moml.MoMLSimpleApplication$UnloadThread.run(MoMLSimpleApplication.java:402)
Caused by: ptolemy.kernel.util.IllegalActionException: Found a zero delay loop containing .HierarchicalModel.A
  in .HierarchicalModel and .HierarchicalModel.A
	at ptolemy.actor.util.CausalityInterfaceForComposites._computeOutputPortDepth(CausalityInterfaceForComposites.java:759)
	at ptolemy.actor.util.CausalityInterfaceForComposites._computeInputDepth(CausalityInterfaceForComposites.java:696)
	at ptolemy.actor.util.CausalityInterfaceForComposites._computeOutputPortDepth(CausalityInterfaceForComposites.java:765)
	at ptolemy.actor.util.CausalityInterfaceForComposites._computeInputDepth(CausalityInterfaceForComposites.java:696)
	at ptolemy.actor.util.CausalityInterfaceForComposites._computeOutputPortDepth(CausalityInterfaceForComposites.java:765)
	at ptolemy.actor.util.CausalityInterfaceForComposites._computeInputDepth(CausalityInterfaceForComposites.java:696)
	at ptolemy.actor.util.CausalityInterfaceForComposites._computeActorDepth(CausalityInterfaceForComposites.java:532)
	at ptolemy.actor.util.CausalityInterfaceForComposites.checkForCycles(CausalityInterfaceForComposites.java:96)
	at ptolemy.domains.de.kernel.DEDirector.preinitialize(DEDirector.java:1338)
	at ptolemy.actor.CompositeActor.preinitialize(CompositeActor.java:1828)
	at ptolemy.actor.Manager.preinitializeAndResolveTypes(Manager.java:1040)
	at ptolemy.actor.Manager.initialize(Manager.java:710)
	at ptolemy.actor.Manager.execute(Manager.java:356)
	at ptolemy.actor.Manager.run(Manager.java:1263)
	at ptolemy.actor.Manager$PtolemyRunThread.run(Manager.java:1933)
java.lang.RuntimeException: Execution failed
	at ptolemy.moml.MoMLSimpleApplication$UnloadThread.run(MoMLSimpleApplication.java:402)
Caused by: ptolemy.kernel.util.IllegalActionException: Found a zero delay loop containing .dependencyLoop2.original
  in .dependencyLoop2 and .dependencyLoop2.original
	at ptolemy.actor.util.CausalityInterfaceForComposites._computeOutputPortDepth(CausalityInterfaceForComposites.java:759)
	at ptolemy.actor.util.CausalityInterfaceForComposites._computeInputDepth(CausalityInterfaceForComposites.java:696)
	at ptolemy.actor.util.CausalityInterfaceForComposites._computeOutputPortDepth(CausalityInterfaceForComposites.java:765)
	at ptolemy.actor.util.CausalityInterfaceForComposites._computeInputDepth(CausalityInterfaceForComposites.java:696)
	at ptolemy.actor.util.CausalityInterfaceForComposites._computeOutputPortDepth(CausalityInterfaceForComposites.java:765)
	at ptolemy.actor.util.CausalityInterfaceForComposites._computeInputDepth(CausalityInterfaceForComposites.java:696)
	at ptolemy.actor.util.CausalityInterfaceForComposites._computeActorDepth(CausalityInterfaceForComposites.java:532)
	at ptolemy.actor.util.CausalityInterfaceForComposites.checkForCycles(CausalityInterfaceForComposites.java:96)
	at ptolemy.domains.de.kernel.DEDirector.preinitialize(DEDirector.java:1338)
	at ptolemy.actor.CompositeActor.preinitialize(CompositeActor.java:1828)
	at ptolemy.actor.Manager.preinitializeAndResolveTypes(Manager.java:1040)
	at ptolemy.actor.Manager.initialize(Manager.java:710)
	at ptolemy.actor.Manager.execute(Manager.java:356)
	at ptolemy.actor.Manager.run(Manager.java:1263)
	at ptolemy.actor.Manager$PtolemyRunThread.run(Manager.java:1933)
java.lang.RuntimeException: Execution failed
	at ptolemy.moml.MoMLSimpleApplication$UnloadThread.run(MoMLSimpleApplication.java:402)
Caused by: ptolemy.kernel.util.IllegalActionException: Actor is not ready to fire.  Perhaps UpSample.prefire() returned false? Try debugging the actor by selecting "Listen to Actor".  Also, for SDF check moml for tokenConsumptionRate on input.
  in .DESDFClockTest.Play Bell.Copy1:SDF Director and .DESDFClockTest.Play Bell.UpSample
	at ptolemy.actor.sched.StaticSchedulingDirector.fire(StaticSchedulingDirector.java:227)
	at ptolemy.domains.sdf.kernel.SDFDirector.fire(SDFDirector.java:500)
	at ptolemy.actor.CompositeActor.fire(CompositeActor.java:455)
	at ptolemy.domains.de.kernel.DEDirector._fire(DEDirector.java:1949)
	at ptolemy.domains.de.kernel.DEDirector.fire(DEDirector.java:502)
	at ptolemy.actor.CompositeActor.fire(CompositeActor.java:455)
	at ptolemy.actor.Manager.iterate(Manager.java:851)
	at ptolemy.actor.Manager.execute(Manager.java:369)
	at ptolemy.actor.Manager.run(Manager.java:1263)
	at ptolemy.actor.Manager$PtolemyRunThread.run(Manager.java:1933)
java.lang.RuntimeException: Execution failed
	at ptolemy.moml.MoMLSimpleApplication$UnloadThread.run(MoMLSimpleApplication.java:402)
Caused by: ptolemy.kernel.util.IllegalActionException: Actor is not ready to fire.  Perhaps UpSample.prefire() returned false? Try debugging the actor by selecting "Listen to Actor".  Also, for SDF check moml for tokenConsumptionRate on input.
  in .DESDFClockTest.Play Bell.Copy1:SDF Director and .DESDFClockTest.Play Bell.UpSample
	at ptolemy.actor.sched.StaticSchedulingDirector.fire(StaticSchedulingDirector.java:227)
	at ptolemy.domains.sdf.kernel.SDFDirector.fire(SDFDirector.java:500)
	at ptolemy.actor.CompositeActor.fire(CompositeActor.java:455)
	at ptolemy.domains.de.kernel.DEDirector._fire(DEDirector.java:1949)
	at ptolemy.domains.de.kernel.DEDirector.fire(DEDirector.java:502)
	at ptolemy.actor.CompositeActor.fire(CompositeActor.java:455)
	at ptolemy.actor.Manager.iterate(Manager.java:851)
	at ptolemy.actor.Manager.execute(Manager.java:369)
	at ptolemy.actor.Manager.run(Manager.java:1263)
	at ptolemy.actor.Manager$PtolemyRunThread.run(Manager.java:1933)
java.lang.reflect.InvocationTargetException
	at java.base/jdk.internal.reflect.NativeConstructorAccessorImpl.newInstance0(Native Method)
	at java.base/jdk.internal.reflect.NativeConstructorAccessorImpl.newInstance(NativeConstructorAccessorImpl.java:62)
	at java.base/jdk.internal.reflect.DelegatingConstructorAccessorImpl.newInstance(DelegatingConstructorAccessorImpl.java:45)
	at java.base/java.lang.reflect.Constructor.newInstance(Constructor.java:490)
	at ptolemy.util.test.junit.AutoKnownFailedTests.RunModel(AutoKnownFailedTests.java:105)
	at java.base/jdk.internal.reflect.NativeMethodAccessorImpl.invoke0(Native Method)
	at java.base/jdk.internal.reflect.NativeMethodAccessorImpl.invoke(NativeMethodAccessorImpl.java:62)
	at java.base/jdk.internal.reflect.DelegatingMethodAccessorImpl.invoke(DelegatingMethodAccessorImpl.java:43)
	at java.base/java.lang.reflect.Method.invoke(Method.java:566)
	at org.junit.runners.model.FrameworkMethod$1.runReflectiveCall(FrameworkMethod.java:44)
	at org.junit.internal.runners.model.ReflectiveCallable.run(ReflectiveCallable.java:15)
	at org.junit.runners.model.FrameworkMethod.invokeExplosively(FrameworkMethod.java:41)
	at junitparams.internal.InvokeParameterisedMethod.evaluate(InvokeParameterisedMethod.java:102)
	at org.junit.internal.runners.statements.FailOnTimeout$1.run(FailOnTimeout.java:28)
Caused by: ptolemy.kernel.util.IllegalActionException: Actor is not ready to fire.  Perhaps UpSample.prefire() returned false? Try debugging the actor by selecting "Listen to Actor".  Also, for SDF check moml for tokenConsumptionRate on input.
  in .DESDFClockTest.Play Bell.Copy1:SDF Director and .DESDFClockTest.Play Bell.UpSample
	at ptolemy.actor.sched.StaticSchedulingDirector.fire(StaticSchedulingDirector.java:227)
	at ptolemy.domains.sdf.kernel.SDFDirector.fire(SDFDirector.java:500)
	at ptolemy.actor.CompositeActor.fire(CompositeActor.java:455)
	at ptolemy.domains.de.kernel.DEDirector._fire(DEDirector.java:1949)
	at ptolemy.domains.de.kernel.DEDirector.fire(DEDirector.java:502)
	at ptolemy.actor.CompositeActor.fire(CompositeActor.java:455)
	at ptolemy.actor.Manager.iterate(Manager.java:851)
	at ptolemy.actor.Manager.execute(Manager.java:369)
	at ptolemy.actor.Manager.run(Manager.java:1263)
	at ptolemy.actor.Manager$PtolemyRunThread.run(Manager.java:1933)
java.lang.RuntimeException: Execution failed
	at ptolemy.moml.MoMLSimpleApplication$UnloadThread.run(MoMLSimpleApplication.java:402)
Caused by: ptolemy.kernel.util.IllegalActionException: Test fails in iteration 1.
Value was: 1.0. Should have been: 2.0
  in .DirectFeedback.Test
	at ptolemy.actor.lib.Test.fire(Test.java:268)
	at ptolemy.domains.de.kernel.DEDirector._fire(DEDirector.java:1949)
	at ptolemy.domains.de.kernel.DEDirector.fire(DEDirector.java:502)
	at ptolemy.actor.CompositeActor.fire(CompositeActor.java:455)
	at ptolemy.actor.Manager.iterate(Manager.java:851)
	at ptolemy.actor.Manager.execute(Manager.java:369)
	at ptolemy.actor.Manager.run(Manager.java:1263)
	at ptolemy.actor.Manager$PtolemyRunThread.run(Manager.java:1933)
java.lang.reflect.InvocationTargetException
	at java.base/jdk.internal.reflect.NativeConstructorAccessorImpl.newInstance0(Native Method)
	at java.base/jdk.internal.reflect.NativeConstructorAccessorImpl.newInstance(NativeConstructorAccessorImpl.java:62)
	at java.base/jdk.internal.reflect.DelegatingConstructorAccessorImpl.newInstance(DelegatingConstructorAccessorImpl.java:45)
	at java.base/java.lang.reflect.Constructor.newInstance(Constructor.java:490)
	at ptolemy.util.test.junit.AutoKnownFailedTests.RunModel(AutoKnownFailedTests.java:105)
	at java.base/jdk.internal.reflect.NativeMethodAccessorImpl.invoke0(Native Method)
	at java.base/jdk.internal.reflect.NativeMethodAccessorImpl.invoke(NativeMethodAccessorImpl.java:62)
	at java.base/jdk.internal.reflect.DelegatingMethodAccessorImpl.invoke(DelegatingMethodAccessorImpl.java:43)
	at java.base/java.lang.reflect.Method.invoke(Method.java:566)
	at org.junit.runners.model.FrameworkMethod$1.runReflectiveCall(FrameworkMethod.java:44)
	at org.junit.internal.runners.model.ReflectiveCallable.run(ReflectiveCallable.java:15)
	at org.junit.runners.model.FrameworkMethod.invokeExplosively(FrameworkMethod.java:41)
	at junitparams.internal.InvokeParameterisedMethod.evaluate(InvokeParameterisedMethod.java:102)
	at org.junit.internal.runners.statements.FailOnTimeout$1.run(FailOnTimeout.java:28)
Caused by: ptolemy.kernel.util.IllegalActionException: Test fails in iteration 1.
Value was: 1.0. Should have been: 2.0
  in .DirectFeedback.Test
	at ptolemy.actor.lib.Test.fire(Test.java:268)
	at ptolemy.domains.de.kernel.DEDirector._fire(DEDirector.java:1949)
	at ptolemy.domains.de.kernel.DEDirector.fire(DEDirector.java:502)
	at ptolemy.actor.CompositeActor.fire(CompositeActor.java:455)
	at ptolemy.actor.Manager.iterate(Manager.java:851)
	at ptolemy.actor.Manager.execute(Manager.java:369)
	at ptolemy.actor.Manager.run(Manager.java:1263)
	at ptolemy.actor.Manager$PtolemyRunThread.run(Manager.java:1933)
java.lang.RuntimeException: Execution failed
	at ptolemy.moml.MoMLSimpleApplication$UnloadThread.run(MoMLSimpleApplication.java:402)
Caused by: ptolemy.kernel.util.IllegalActionException: Found a zero delay loop containing .HierarchicalModel.A
  in .HierarchicalModel and .HierarchicalModel.A
	at ptolemy.actor.util.CausalityInterfaceForComposites._computeOutputPortDepth(CausalityInterfaceForComposites.java:759)
	at ptolemy.actor.util.CausalityInterfaceForComposites._computeInputDepth(CausalityInterfaceForComposites.java:696)
	at ptolemy.actor.util.CausalityInterfaceForComposites._computeOutputPortDepth(CausalityInterfaceForComposites.java:765)
	at ptolemy.actor.util.CausalityInterfaceForComposites._computeInputDepth(CausalityInterfaceForComposites.java:696)
	at ptolemy.actor.util.CausalityInterfaceForComposites._computeOutputPortDepth(CausalityInterfaceForComposites.java:765)
	at ptolemy.actor.util.CausalityInterfaceForComposites._computeInputDepth(CausalityInterfaceForComposites.java:696)
	at ptolemy.actor.util.CausalityInterfaceForComposites._computeActorDepth(CausalityInterfaceForComposites.java:532)
	at ptolemy.actor.util.CausalityInterfaceForComposites.checkForCycles(CausalityInterfaceForComposites.java:96)
	at ptolemy.domains.de.kernel.DEDirector.preinitialize(DEDirector.java:1338)
	at ptolemy.actor.CompositeActor.preinitialize(CompositeActor.java:1828)
	at ptolemy.actor.Manager.preinitializeAndResolveTypes(Manager.java:1040)
	at ptolemy.actor.Manager.initialize(Manager.java:710)
	at ptolemy.actor.Manager.execute(Manager.java:356)
	at ptolemy.actor.Manager.run(Manager.java:1263)
	at ptolemy.actor.Manager$PtolemyRunThread.run(Manager.java:1933)
java.lang.reflect.InvocationTargetException
	at java.base/jdk.internal.reflect.NativeConstructorAccessorImpl.newInstance0(Native Method)
	at java.base/jdk.internal.reflect.NativeConstructorAccessorImpl.newInstance(NativeConstructorAccessorImpl.java:62)
	at java.base/jdk.internal.reflect.DelegatingConstructorAccessorImpl.newInstance(DelegatingConstructorAccessorImpl.java:45)
	at java.base/java.lang.reflect.Constructor.newInstance(Constructor.java:490)
	at ptolemy.util.test.junit.AutoKnownFailedTests.RunModel(AutoKnownFailedTests.java:105)
	at java.base/jdk.internal.reflect.NativeMethodAccessorImpl.invoke0(Native Method)
	at java.base/jdk.internal.reflect.NativeMethodAccessorImpl.invoke(NativeMethodAccessorImpl.java:62)
	at java.base/jdk.internal.reflect.DelegatingMethodAccessorImpl.invoke(DelegatingMethodAccessorImpl.java:43)
	at java.base/java.lang.reflect.Method.invoke(Method.java:566)
	at org.junit.runners.model.FrameworkMethod$1.runReflectiveCall(FrameworkMethod.java:44)
	at org.junit.internal.runners.model.ReflectiveCallable.run(ReflectiveCallable.java:15)
	at org.junit.runners.model.FrameworkMethod.invokeExplosively(FrameworkMethod.java:41)
	at junitparams.internal.InvokeParameterisedMethod.evaluate(InvokeParameterisedMethod.java:102)
	at org.junit.internal.runners.statements.FailOnTimeout$1.run(FailOnTimeout.java:28)
Caused by: ptolemy.kernel.util.IllegalActionException: Found a zero delay loop containing .HierarchicalModel.A
  in .HierarchicalModel and .HierarchicalModel.A
	at ptolemy.actor.util.CausalityInterfaceForComposites._computeOutputPortDepth(CausalityInterfaceForComposites.java:759)
	at ptolemy.actor.util.CausalityInterfaceForComposites._computeInputDepth(CausalityInterfaceForComposites.java:696)
	at ptolemy.actor.util.CausalityInterfaceForComposites._computeOutputPortDepth(CausalityInterfaceForComposites.java:765)
	at ptolemy.actor.util.CausalityInterfaceForComposites._computeInputDepth(CausalityInterfaceForComposites.java:696)
	at ptolemy.actor.util.CausalityInterfaceForComposites._computeOutputPortDepth(CausalityInterfaceForComposites.java:765)
	at ptolemy.actor.util.CausalityInterfaceForComposites._computeInputDepth(CausalityInterfaceForComposites.java:696)
	at ptolemy.actor.util.CausalityInterfaceForComposites._computeActorDepth(CausalityInterfaceForComposites.java:532)
	at ptolemy.actor.util.CausalityInterfaceForComposites.checkForCycles(CausalityInterfaceForComposites.java:96)
	at ptolemy.domains.de.kernel.DEDirector.preinitialize(DEDirector.java:1338)
	at ptolemy.actor.CompositeActor.preinitialize(CompositeActor.java:1828)
	at ptolemy.actor.Manager.preinitializeAndResolveTypes(Manager.java:1040)
	at ptolemy.actor.Manager.initialize(Manager.java:710)
	at ptolemy.actor.Manager.execute(Manager.java:356)
	at ptolemy.actor.Manager.run(Manager.java:1263)
	at ptolemy.actor.Manager$PtolemyRunThread.run(Manager.java:1933)
java.lang.RuntimeException: Execution failed
	at ptolemy.moml.MoMLSimpleApplication$UnloadThread.run(MoMLSimpleApplication.java:402)
Caused by: ptolemy.kernel.util.IllegalActionException: Found a zero delay loop containing .dependencyLoop.original
  in .dependencyLoop and .dependencyLoop.original
	at ptolemy.actor.util.CausalityInterfaceForComposites._computeOutputPortDepth(CausalityInterfaceForComposites.java:759)
	at ptolemy.actor.util.CausalityInterfaceForComposites._computeInputDepth(CausalityInterfaceForComposites.java:696)
	at ptolemy.actor.util.CausalityInterfaceForComposites._computeOutputPortDepth(CausalityInterfaceForComposites.java:765)
	at ptolemy.actor.util.CausalityInterfaceForComposites._computeInputDepth(CausalityInterfaceForComposites.java:696)
	at ptolemy.actor.util.CausalityInterfaceForComposites._computeOutputPortDepth(CausalityInterfaceForComposites.java:765)
	at ptolemy.actor.util.CausalityInterfaceForComposites._computeInputDepth(CausalityInterfaceForComposites.java:696)
	at ptolemy.actor.util.CausalityInterfaceForComposites._computeActorDepth(CausalityInterfaceForComposites.java:532)
	at ptolemy.actor.util.CausalityInterfaceForComposites.checkForCycles(CausalityInterfaceForComposites.java:96)
	at ptolemy.domains.de.kernel.DEDirector.preinitialize(DEDirector.java:1338)
	at ptolemy.actor.CompositeActor.preinitialize(CompositeActor.java:1828)
	at ptolemy.actor.Manager.preinitializeAndResolveTypes(Manager.java:1040)
	at ptolemy.actor.Manager.initialize(Manager.java:710)
	at ptolemy.actor.Manager.execute(Manager.java:356)
	at ptolemy.actor.Manager.run(Manager.java:1263)
	at ptolemy.actor.Manager$PtolemyRunThread.run(Manager.java:1933)
java.lang.reflect.InvocationTargetException
	at java.base/jdk.internal.reflect.NativeConstructorAccessorImpl.newInstance0(Native Method)
	at java.base/jdk.internal.reflect.NativeConstructorAccessorImpl.newInstance(NativeConstructorAccessorImpl.java:62)
	at java.base/jdk.internal.reflect.DelegatingConstructorAccessorImpl.newInstance(DelegatingConstructorAccessorImpl.java:45)
	at java.base/java.lang.reflect.Constructor.newInstance(Constructor.java:490)
	at ptolemy.util.test.junit.AutoKnownFailedTests.RunModel(AutoKnownFailedTests.java:105)
	at java.base/jdk.internal.reflect.NativeMethodAccessorImpl.invoke0(Native Method)
	at java.base/jdk.internal.reflect.NativeMethodAccessorImpl.invoke(NativeMethodAccessorImpl.java:62)
	at java.base/jdk.internal.reflect.DelegatingMethodAccessorImpl.invoke(DelegatingMethodAccessorImpl.java:43)
	at java.base/java.lang.reflect.Method.invoke(Method.java:566)
	at org.junit.runners.model.FrameworkMethod$1.runReflectiveCall(FrameworkMethod.java:44)
	at org.junit.internal.runners.model.ReflectiveCallable.run(ReflectiveCallable.java:15)
	at org.junit.runners.model.FrameworkMethod.invokeExplosively(FrameworkMethod.java:41)
	at junitparams.internal.InvokeParameterisedMethod.evaluate(InvokeParameterisedMethod.java:102)
	at org.junit.internal.runners.statements.FailOnTimeout$1.run(FailOnTimeout.java:28)
Caused by: ptolemy.kernel.util.IllegalActionException: Found a zero delay loop containing .dependencyLoop.original
  in .dependencyLoop and .dependencyLoop.original
	at ptolemy.actor.util.CausalityInterfaceForComposites._computeOutputPortDepth(CausalityInterfaceForComposites.java:759)
	at ptolemy.actor.util.CausalityInterfaceForComposites._computeInputDepth(CausalityInterfaceForComposites.java:696)
	at ptolemy.actor.util.CausalityInterfaceForComposites._computeOutputPortDepth(CausalityInterfaceForComposites.java:765)
	at ptolemy.actor.util.CausalityInterfaceForComposites._computeInputDepth(CausalityInterfaceForComposites.java:696)
	at ptolemy.actor.util.CausalityInterfaceForComposites._computeOutputPortDepth(CausalityInterfaceForComposites.java:765)
	at ptolemy.actor.util.CausalityInterfaceForComposites._computeInputDepth(CausalityInterfaceForComposites.java:696)
	at ptolemy.actor.util.CausalityInterfaceForComposites._computeActorDepth(CausalityInterfaceForComposites.java:532)
	at ptolemy.actor.util.CausalityInterfaceForComposites.checkForCycles(CausalityInterfaceForComposites.java:96)
	at ptolemy.domains.de.kernel.DEDirector.preinitialize(DEDirector.java:1338)
	at ptolemy.actor.CompositeActor.preinitialize(CompositeActor.java:1828)
	at ptolemy.actor.Manager.preinitializeAndResolveTypes(Manager.java:1040)
	at ptolemy.actor.Manager.initialize(Manager.java:710)
	at ptolemy.actor.Manager.execute(Manager.java:356)
	at ptolemy.actor.Manager.run(Manager.java:1263)
	at ptolemy.actor.Manager$PtolemyRunThread.run(Manager.java:1933)
java.lang.RuntimeException: Execution failed
	at ptolemy.moml.MoMLSimpleApplication$UnloadThread.run(MoMLSimpleApplication.java:402)
Caused by: ptolemy.kernel.util.IllegalActionException: Found a zero delay loop containing .dependencyLoop2.original
  in .dependencyLoop2 and .dependencyLoop2.original
	at ptolemy.actor.util.CausalityInterfaceForComposites._computeOutputPortDepth(CausalityInterfaceForComposites.java:759)
	at ptolemy.actor.util.CausalityInterfaceForComposites._computeInputDepth(CausalityInterfaceForComposites.java:696)
	at ptolemy.actor.util.CausalityInterfaceForComposites._computeOutputPortDepth(CausalityInterfaceForComposites.java:765)
	at ptolemy.actor.util.CausalityInterfaceForComposites._computeInputDepth(CausalityInterfaceForComposites.java:696)
	at ptolemy.actor.util.CausalityInterfaceForComposites._computeOutputPortDepth(CausalityInterfaceForComposites.java:765)
	at ptolemy.actor.util.CausalityInterfaceForComposites._computeInputDepth(CausalityInterfaceForComposites.java:696)
	at ptolemy.actor.util.CausalityInterfaceForComposites._computeActorDepth(CausalityInterfaceForComposites.java:532)
	at ptolemy.actor.util.CausalityInterfaceForComposites.checkForCycles(CausalityInterfaceForComposites.java:96)
	at ptolemy.domains.de.kernel.DEDirector.preinitialize(DEDirector.java:1338)
	at ptolemy.actor.CompositeActor.preinitialize(CompositeActor.java:1828)
	at ptolemy.actor.Manager.preinitializeAndResolveTypes(Manager.java:1040)
	at ptolemy.actor.Manager.initialize(Manager.java:710)
	at ptolemy.actor.Manager.execute(Manager.java:356)
	at ptolemy.actor.Manager.run(Manager.java:1263)
	at ptolemy.actor.Manager$PtolemyRunThread.run(Manager.java:1933)
java.lang.reflect.InvocationTargetException
	at java.base/jdk.internal.reflect.NativeConstructorAccessorImpl.newInstance0(Native Method)
	at java.base/jdk.internal.reflect.NativeConstructorAccessorImpl.newInstance(NativeConstructorAccessorImpl.java:62)
	at java.base/jdk.internal.reflect.DelegatingConstructorAccessorImpl.newInstance(DelegatingConstructorAccessorImpl.java:45)
	at java.base/java.lang.reflect.Constructor.newInstance(Constructor.java:490)
	at ptolemy.util.test.junit.AutoKnownFailedTests.RunModel(AutoKnownFailedTests.java:105)
	at java.base/jdk.internal.reflect.NativeMethodAccessorImpl.invoke0(Native Method)
	at java.base/jdk.internal.reflect.NativeMethodAccessorImpl.invoke(NativeMethodAccessorImpl.java:62)
	at java.base/jdk.internal.reflect.DelegatingMethodAccessorImpl.invoke(DelegatingMethodAccessorImpl.java:43)
	at java.base/java.lang.reflect.Method.invoke(Method.java:566)
	at org.junit.runners.model.FrameworkMethod$1.runReflectiveCall(FrameworkMethod.java:44)
	at org.junit.internal.runners.model.ReflectiveCallable.run(ReflectiveCallable.java:15)
	at org.junit.runners.model.FrameworkMethod.invokeExplosively(FrameworkMethod.java:41)
	at junitparams.internal.InvokeParameterisedMethod.evaluate(InvokeParameterisedMethod.java:102)
	at org.junit.internal.runners.statements.FailOnTimeout$1.run(FailOnTimeout.java:28)
Caused by: ptolemy.kernel.util.IllegalActionException: Found a zero delay loop containing .dependencyLoop2.original
  in .dependencyLoop2 and .dependencyLoop2.original
	at ptolemy.actor.util.CausalityInterfaceForComposites._computeOutputPortDepth(CausalityInterfaceForComposites.java:759)
	at ptolemy.actor.util.CausalityInterfaceForComposites._computeInputDepth(CausalityInterfaceForComposites.java:696)
	at ptolemy.actor.util.CausalityInterfaceForComposites._computeOutputPortDepth(CausalityInterfaceForComposites.java:765)
	at ptolemy.actor.util.CausalityInterfaceForComposites._computeInputDepth(CausalityInterfaceForComposites.java:696)
	at ptolemy.actor.util.CausalityInterfaceForComposites._computeOutputPortDepth(CausalityInterfaceForComposites.java:765)
	at ptolemy.actor.util.CausalityInterfaceForComposites._computeInputDepth(CausalityInterfaceForComposites.java:696)
	at ptolemy.actor.util.CausalityInterfaceForComposites._computeActorDepth(CausalityInterfaceForComposites.java:532)
	at ptolemy.actor.util.CausalityInterfaceForComposites.checkForCycles(CausalityInterfaceForComposites.java:96)
	at ptolemy.domains.de.kernel.DEDirector.preinitialize(DEDirector.java:1338)
	at ptolemy.actor.CompositeActor.preinitialize(CompositeActor.java:1828)
	at ptolemy.actor.Manager.preinitializeAndResolveTypes(Manager.java:1040)
	at ptolemy.actor.Manager.initialize(Manager.java:710)
	at ptolemy.actor.Manager.execute(Manager.java:356)
	at ptolemy.actor.Manager.run(Manager.java:1263)
	at ptolemy.actor.Manager$PtolemyRunThread.run(Manager.java:1933)
]]></system-err>
</testsuite>
