<?xml version="1.0" encoding="UTF-8" ?>
<testsuite errors="0" failures="0" hostname="travis-job-d8b43dda-5481-4921-911d-495b9b7ebc42" name="ptolemy.configs.test.constraints.test.junit.JUnitTclTest" skipped="0" tests="4" time="1354.4" timestamp="2020-09-01T15:50:48">
  <properties>
    <property name="npm.executable" value="npm" />
    <property name="env.TRAVIS_ROOT" value="/" />
    <property name="ptII.mk.exists" value="true" />
    <property name="env.TRAVIS_APP_HOST" value="build.travis-ci.org" />
    <property name="env.rvm_bin_path" value="/home/travis/.rvm/bin" />
    <property name="java.home" value="/usr/local/lib/jvm/openjdk11" />
    <property name="env.TRAVIS_JOB_NUMBER" value="1751.13" />
    <property name="env.TRAVIS_HOME" value="/home/travis" />
    <property name="env.DISPLAY" value=":99.0" />
    <property name="env.TRAVIS_INIT" value="systemd" />
    <property name="env.SSH_TTY" value="/dev/pts/0" />
    <property name="java.net.preferIPv4Stack" value="true" />
    <property name="env.RUN_TESTS" value="true" />
    <property name="timeout.short" value="1000000" />
    <property name="junit.formatter" value="xml" />
    <property name="env.TRAVIS_SUDO" value="true" />
    <property name="env.TRAVIS_JOB_NAME" value="" />
    <property name="env.TRAVIS_STACK_NODE_ATTRIBUTES" value="/.node-attributes.yml" />
    <property name="env.LOGNAME" value="travis" />
    <property name="jsdoc.home" value="node_modules/@terraswarm/jsdoc" />
    <property name="debuglevel" value="source,lines,vars" />
    <property name="checkstyle.formatter" value="xml" />
    <property name="bin.vergil.makeable" value="true" />
    <property name="sun.os.patch.level" value="unknown" />
    <property name="java.vendor.url" value="http://java.oracle.com/" />
    <property name="env.TRAVIS_BUILD_WEB_URL" value="https://travis-ci.org/icyphy/ptII/builds/723122088" />
    <property name="java.version" value="11.0.2" />
    <property name="env.TZ" value="UTC" />
    <property name="env.TRAVIS_PULL_REQUEST_SHA" value="" />
    <property name="env.PT_NO_NET" value="true" />
    <property name="env.TRAVIS_SECURE_ENV_VARS" value="true" />
    <property name="java.vendor.url.bug" value="http://bugreport.java.com/bugreport/" />
    <property name="npmjs-org-is-up" value="true" />
    <property name="env.LANGUAGE" value="en_US.UTF-8" />
    <property name="env.SSH_CLIENT" value="10.44.1.146 49244 22" />
    <property name="env.GEM_HOME" value="/home/travis/.rvm/gems/ruby-2.5.3" />
    <property name="env.HAS_ANTARES_THREE_LITTLE_FRONZIES_BADGE" value="true" />
    <property name="java.version.date" value="2019-01-15" />
    <property name="env.PS4" value="+" />
    <property name="ant.project.invoked-targets" value="build,test.core6.xml" />
    <property name="env.TRAVIS_PULL_REQUEST_BRANCH" value="" />
    <property name="env.TRAVIS_REPO_SLUG" value="icyphy/ptII" />
    <property name="env.XDG_DATA_DIRS" value="/usr/local/share:/usr/share:/var/lib/snapd/desktop" />
    <property name="jdk.debug" value="release" />
    <property name="env.TRAVIS_APT_PROXY" value="http://build-cache.travisci.net" />
    <property name="env.TRAVIS_CPU_ARCH" value="amd64" />
    <property name="node.in.path" value="true" />
    <property name="user.name" value="travis" />
    <property name="java.maxmemory" value="1400m" />
    <property name="env.RUBY_VERSION" value="ruby-2.5.3" />
    <property name="env.LANG" value="en_US.UTF-8" />
    <property name="sun.io.unicode.encoding" value="UnicodeLittle" />
    <property name="sun.jnu.encoding" value="UTF-8" />
    <property name="java.runtime.name" value="OpenJDK Runtime Environment" />
    <property name="usefile" value="false" />
    <property name="return.code" value="0" />
    <property name="junit.single.formatter" value="plain" />
    <property name="env.DYLD_LIBRARY_PATH" value="/home/travis/pthla/certi-tools/lib:" />
    <property name="env.DEBIAN_FRONTEND" value="noninteractive" />
    <property name="env.SSH_CONNECTION" value="10.44.1.146 49244 10.20.0.108 22" />
    <property name="env.MYSQL_UNIX_PORT" value="/var/run/mysqld/mysqld.sock" />
    <property name="env.LC_ALL" value="en_US.UTF-8" />
    <property name="env.TRAVIS_ALLOW_FAILURE" value="" />
    <property name="env.TRAVIS_JOB_WEB_URL" value="https://travis-ci.org/icyphy/ptII/jobs/723122122" />
    <property name="java.specification.name" value="Java Platform API Specification" />
    <property name="node.works" value="true" />
    <property name="user.timezone" value="" />
    <property name="path.separator" value=":" />
    <property name="env.TRAVIS_ENABLE_INFRA_DETECTION" value="true" />
    <property name="env.PYTHON_CFLAGS" value="-g -fstack-protector --param=ssp-buffer-size=4 -Wformat -Werror=format-security" />
    <property name="timeout.long" value="4000000" />
    <property name="env.CERTI_HOME" value="/home/travis/pthla/certi-tools" />
    <property name="ant.file.ptII" value="/home/travis/build/icyphy/ptII/build.xml" />
    <property name="javadoc.packagenames" value="com.*,diva.*,lbnl.*,org.hlacerti.*,org.json.*,org.ptolemy.*,org.terraswarm.*,ptolemy.*,ptserver.*" />
    <property name="file.encoding" value="UTF-8" />
    <property name="env.TRAVIS_PULL_REQUEST_SLUG" value="" />
    <property name="ant.project.default-target" value="build" />
    <property name="env.GIT_ASKPASS" value="echo" />
    <property name="env.HOME" value="/home/travis" />
    <property name="sun.java.command" value="org.apache.tools.ant.taskdefs.optional.junit.JUnitTestRunner ptolemy.configs.test.constraints.test.junit.JUnitTclTest skipNonTests=false filtertrace=true haltOnError=false haltOnFailure=false formatter=org.apache.tools.ant.taskdefs.optional.junit.OutErrSummaryJUnitResultFormatter showoutput=true outputtoformatters=true logfailedtests=true threadid=0 logtestlistenerevents=false formatter=org.apache.tools.ant.taskdefs.optional.junit.XMLJUnitResultFormatter,/home/travis/build/icyphy/ptII/reports/junit/TEST-ptolemy.configs.test.constraints.test.junit.JUnitTclTest.xml crashfile=/home/travis/build/icyphy/ptII/junitvmwatcher18348739273984363187.properties propsfile=/home/travis/build/icyphy/ptII/junit9602089615637996916.properties" />
    <property name="env.COMPOSER_NO_INTERACTION" value="1" />
    <property name="env.MANPATH" value="/home/travis/.nvm/versions/node/v7.10.1/share/man:/home/travis/.rvm/rubies/ruby-2.5.3/share/man:/usr/local/cmake-3.12.4/man:/usr/local/clang-7.0.0/share/man:/usr/local/man:/usr/local/share/man:/usr/share/man:/home/travis/.rvm/man" />
    <property name="env.TRAVIS_TIMER_ID" value="187dea1e" />
    <property name="ant.file" value="/home/travis/build/icyphy/ptII/build.xml" />
    <property name="env.TRAVIS_COMMIT_RANGE" value="3bb573e462e9b4151952318d01b7e361e9f419ad...74248200255084cca0f8d02e5ad09f36c0965423" />
    <property name="ptII.classpath.optional.property" value="/home/travis/build/icyphy/ptII/lib/bsh-2.0b4.jar:/home/travis/build/icyphy/ptII/lib/ptCal.jar:/home/travis/build/icyphy/ptII/lib/java_cup.jar:/home/travis/build/icyphy/ptII/lib/saxon8.jar:/home/travis/build/icyphy/ptII/lib/saxon8-dom.jar:/home/travis/build/icyphy/ptII/lib/chic.jar:/home/travis/build/icyphy/ptII/lib/ptcolt.jar:/home/travis/build/icyphy/ptII/vendors/misc/itext/iText.jar:/home/travis/build/icyphy/ptII/lib/g4ltl.jar:/home/travis/build/icyphy/ptII/lib/StructuralCoder.jar:/home/travis/build/icyphy/ptII/lib/jcerti.jar:/home/travis/build/icyphy/ptII/lib/javax.mail.jar:/home/travis/build/icyphy/ptII/vendors/JMF-2.1.1e/lib/jmf.jar:/home/travis/build/icyphy/ptII/lib/jna-4.0.0-variadic.jar:/home/travis/build/icyphy/ptII/vendors/misc/joystick/Joystick.jar:/home/travis/build/icyphy/ptII/lib/ptjacl.jar:/home/travis/build/icyphy/ptII/lib/jsoup-1.8.2.jar:/home/travis/build/icyphy/ptII/lib/junit-4.8.2.jar:/home/travis/build/icyphy/ptII/lib/JUnitParams-0.4.0.jar:/home/travis/build/icyphy/ptII/ptolemy/actor/lib/excel/jxl.jar:/home/travis/build/icyphy/ptII/lib/jython.jar:/home/travis/build/icyphy/ptII/lib/kieler.jar:/home/travis/build/icyphy/ptII/vendors/opencv/share/OpenCV/java/opencv-341.jar:/home/travis/build/icyphy/ptII/lib/oscP5.jar:/home/travis/build/icyphy/ptII/lib/nrjavaserial-3.11.0.devel.jar:/home/travis/build/icyphy/ptII/vendors/j3d/lib/Linux/j3dcore.jar:/home/travis/build/icyphy/ptII/vendors/j3d/lib/Linux/j3dutils.jar:/home/travis/build/icyphy/ptII/vendors/j3d/lib/Linux/vecmath.jar:/home/travis/build/icyphy/ptII/vendors/jogl/lib/Linux/gluegen-rt-natives-linux-amd64.jar:/home/travis/build/icyphy/ptII/vendors/jogl/lib/Linux/gluegen-rt.jar:/home/travis/build/icyphy/ptII/vendors/jogl/lib/Linux/jogl-all-natives-linux-amd64.jar:/home/travis/build/icyphy/ptII/vendors/jogl/lib/Linux/jogl-all.jar:/home/travis/build/icyphy/ptII/ptolemy/distributed/jini/jar/jini-core.jar:/home/travis/build/icyphy/ptII/ptolemy/distributed/jini/jar/jini-ext.jar:/home/travis/build/icyphy/ptII/ptolemy/distributed/jini/jar/sun-util.jar:/home/travis/build/icyphy/ptII/lib/protobuf-java-2.4.1.jar:/home/travis/build/icyphy/ptII/lib/org.eclipse.paho.client.mqttv3.jar:/home/travis/build/icyphy/ptII/lib/mapss.jar:/home/travis/build/icyphy/ptII/ptolemy/actor/ptalon/antlr/antlr.jar:/home/travis/build/icyphy/ptII/lib/JRI.jar:/home/travis/build/icyphy/ptII/lib/commons-lang-2.6.jar:/home/travis/build/icyphy/ptII/lib/commons-logging-1.1.1.jar:/home/travis/build/icyphy/ptII/lib/sootclasses.jar:/home/travis/build/icyphy/ptII/ptolemy/actor/lib/database/mysql-connector-java-5.1.6-bin.jar:/home/travis/build/icyphy/ptII/vendors/misc/sphinx4/sphinx4-data-5prealpha.jar:/home/travis/build/icyphy/ptII/vendors/misc/sphinx4/sphinx4-core-5prealpha.jar:/home/travis/build/icyphy/ptII/lib/PDFRenderer.jar:/home/travis/build/icyphy/ptII/lib/svgSalamander.jar:/home/travis/build/icyphy/ptII/lib/rsyntaxtextarea-2.6.0-SNAPSHOT.jar:/home/travis/build/icyphy/ptII/lib/hazelcast-3.8.2.jar:/home/travis/build/icyphy/ptII/lib/jackson-annotations-2.9.0.jar:/home/travis/build/icyphy/ptII/lib/jackson-core-2.9.3.jar:/home/travis/build/icyphy/ptII/lib/jackson-databind-2.9.3.jar:/home/travis/build/icyphy/ptII/lib/netty-buffer-4.1.19.Final.jar:/home/travis/build/icyphy/ptII/lib/netty-codec-4.1.19.Final.jar:/home/travis/build/icyphy/ptII/lib/netty-codec-dns-4.1.19.Final.jar:/home/travis/build/icyphy/ptII/lib/netty-codec-http-4.1.19.Final.jar:/home/travis/build/icyphy/ptII/lib/netty-codec-http2-4.1.19.Final.jar:/home/travis/build/icyphy/ptII/lib/netty-common-4.1.19.Final.jar:/home/travis/build/icyphy/ptII/lib/netty-handler-4.1.19.Final.jar:/home/travis/build/icyphy/ptII/lib/netty-resolver-4.1.19.Final.jar:/home/travis/build/icyphy/ptII/lib/netty-resolver-dns-4.1.19.Final.jar:/home/travis/build/icyphy/ptII/lib/netty-transport-4.1.19.Final.jar:/home/travis/build/icyphy/ptII/lib/vertx-codegen-3.5.1.jar:/home/travis/build/icyphy/ptII/lib/vertx-core-3.5.2-SNAPSHOT.jar:/home/travis/build/icyphy/ptII/lib/vertx-hazelcast-3.5.1.jar:/home/travis/build/icyphy/ptII/lib/vertx-lang-js-3.5.1.jar:/home/travis/build/icyphy/ptII/lib/vertx-service-proxy-3.5.1.jar:/home/travis/build/icyphy/ptII/lib/vertx-web-3.5.1.jar:/home/travis/build/icyphy/ptII/lib/slf4j-api-1.7.13.jar:/home/travis/build/icyphy/ptII/lib/slf4j-simple-1.7.13.jar:/home/travis/build/icyphy/ptII/lib/webcam-capture-0.3.12.jar:/home/travis/build/icyphy/ptII/lib/bridj-0.7.0.jar:/home/travis/build/icyphy/ptII/lib/xbjlib-1.1.0.nrjavaserial.jar" />
    <property name="timeout" value="2400000" />
    <property name="test.batch" value="**/junit/*.java" />
    <property name="env._" value="/usr/bin/timeout" />
    <property name="java.io.tmpdir" value="/tmp" />
    <property name="user.language" value="en" />
    <property name="env.TRAVIS_INTERNAL_RUBY_REGEX" value="^ruby-(2\.[0-4]\.[0-9]|1\.9\.3)" />
    <property name="env.HISTCONTROL" value="ignoredups:ignorespace" />
    <property name="env.GOROOT" value="/home/travis/.gimme/versions/go1.11.1.linux.amd64" />
    <property name="line.separator" value="&#xa;" />
    <property name="target" value="11" />
    <property name="env.TRAVIS_BUILD_DIR" value="/home/travis/build/icyphy/ptII" />
    <property name="env.ANT_OPTS" value="-Xmx2048m" />
    <property name="ant.file.type" value="file" />
    <property name="ptolemy.ptII.batchMode" value="true" />
    <property name="env.HISTSIZE" value="1000" />
    <property name="env.MERB_ENV" value="test" />
    <property name="java.vm.info" value="mixed mode" />
    <property name="source" value="11" />
    <property name="java.vm.specification.name" value="Java Virtual Machine Specification" />
    <property name="env.TRAVIS_TEST_RESULT" value="0" />
    <property name="jsdoc.command" value="node_modules/@terraswarm/jsdoc/jsdoc.js" />
    <property name="npm.works" value="true" />
    <property name="cobertura.dir" value="/home/travis/build/icyphy/ptII/vendors/cobertura-2.0.3" />
    <property name="jsdoc.command.exists" value="true" />
    <property name="env.rvm_path" value="/home/travis/.rvm" />
    <property name="env.GEM_PATH" value="/home/travis/.rvm/gems/ruby-2.5.3:/home/travis/.rvm/gems/ruby-2.5.3@global" />
    <property name="env.LC_CTYPE" value="en_US.UTF-8" />
    <property name="env.TRAVIS_CMD" value="$PTII/bin/ptIITravisBuild.sh $SECONDS" />
    <property name="java.awt.printerjob" value="sun.print.PSPrinterJob" />
    <property name="env.TRAVIS_STACK_NAME" value="sardonyx" />
    <property name="env.TRAVIS_TIMER_START_TIME" value="1598975365722801361" />
    <property name="ant.version" value="Apache Ant(TM) version 1.10.1 compiled on February 2 2017" />
    <property name="ptII.reports" value="/home/travis/build/icyphy/ptII/reports" />
    <property name="env.TRAVIS_STACK_TIMESTAMP" value="2020-06-24 13:13:18 UTC" />
    <property name="ant.file.type.ptII" value="file" />
    <property name="env.RBENV_SHELL" value="bash" />
    <property name="os.name" value="Linux" />
    <property name="java.specification.vendor" value="Oracle Corporation" />
    <property name="env.rvm_version" value="1.29.10 (latest)" />
    <property name="env.TRAVIS_INFRA" value="unknown" />
    <property name="env.TERM" value="xterm" />
    <property name="java.vm.name" value="OpenJDK 64-Bit Server VM" />
    <property name="env.TRAVIS_BUILD_NUMBER" value="1751" />
    <property name="env.CI" value="true" />
    <property name="java.library.path" value="/home/travis/pthla/certi-tools/lib:/usr/lib/jni:/usr/local/share/OpenCV/java/:/usr/share/OpenCV/java::/usr/java/packages/lib:/usr/lib64:/lib64:/lib:/usr/lib" />
    <property name="jdk.module.path" value="/home/travis/build/icyphy/ptII/vendors/javafx/javafx-sdk-11.0.2/lib:" />
    <property name="env.rvm_prefix" value="/home/travis" />
    <property name="env.PATH" value="/home/travis/pthla/certi-tools/share/scripts:/home/travis/.rvm/gems/ruby-2.5.3/bin:/home/travis/.rvm/gems/ruby-2.5.3@global/bin:/home/travis/.rvm/rubies/ruby-2.5.3/bin:/home/travis/.rvm/bin:/home/travis/.nvm/versions/node/v7.10.1/bin:./node_modules/.bin:/home/travis/build/icyphy/ptII/bin:/home/travis/pthla/certi-tools/bin:/home/travis/bin:/home/travis/.local/bin:/usr/local/lib/jvm/openjdk11/bin:/opt/pyenv/shims:/home/travis/.phpenv/shims:/home/travis/perl5/perlbrew/bin:/home/travis/gopath/bin:/home/travis/.gimme/versions/go1.11.1.linux.amd64/bin:/usr/local/maven-3.6.3/bin:/usr/local/cmake-3.12.4/bin:/usr/local/clang-7.0.0/bin:/usr/local/sbin:/usr/local/bin:/usr/sbin:/usr/bin:/sbin:/bin:/snap/bin:/home/travis/.phpenv/bin:/opt/pyenv/bin:/home/travis/.yarn/bin" />
    <property name="env.TRAVIS_OS_NAME" value="linux" />
    <property name="ant.java.version" value="9" />
    <property name="basedir" value="/home/travis/build/icyphy/ptII" />
    <property name="java.class.version" value="55.0" />
    <property name="env.SHLVL" value="3" />
    <property name="env.LD_LIBRARY_PATH" value="/home/travis/pthla/certi-tools/lib:/usr/lib/jni:/usr/local/share/OpenCV/java/:/usr/share/OpenCV/java:" />
    <property name="env.RACK_ENV" value="test" />
    <property name="ant.home" value="/home/travis/build/icyphy/ptII/ant" />
    <property name="env.NVM_DIR" value="/home/travis/.nvm" />
    <property name="env.CERTI_FOM_PATH" value="/home/travis/pthla/certi-tools/share/federations" />
    <property name="env.TRAVIS_BUILD_ID" value="723122088" />
    <property name="env.PYENV_ROOT" value="/opt/pyenv" />
    <property name="env.TRAVIS_UID" value="2000" />
    <property name="prism.verbose" value="true" />
    <property name="env.NVM_BIN" value="/home/travis/.nvm/versions/node/v7.10.1/bin" />
    <property name="env.TRAVIS_COMMIT" value="74248200255084cca0f8d02e5ad09f36c0965423" />
    <property name="node.executable" value="node" />
    <property name="sun.boot.library.path" value="/usr/local/lib/jvm/openjdk11/lib" />
    <property name="sun.management.compiler" value="HotSpot 64-Bit Tiered Compilers" />
    <property name="java.awt.graphicsenv" value="sun.awt.X11GraphicsEnvironment" />
    <property name="env.GOPATH" value="/home/travis/gopath" />
    <property name="ptolemy.ptII.dir" value="/home/travis/build/icyphy/ptII" />
    <property name="env.USER" value="travis" />
    <property name="env.HISTFILESIZE" value="2000" />
    <property name="env.PT_TRAVIS_TEST_CORE6_XML" value="true" />
    <property name="env.NVM_INC" value="/home/travis/.nvm/versions/node/v7.10.1/include/node" />
    <property name="timeout.longest" value="19000000" />
    <property name="env.PERLBREW_SHELLRC_VERSION" value="0.88" />
    <property name="env.TRAVIS_STACK_FEATURES" value="basic couchdb disabled-ipv6 docker docker-compose elasticsearch firefox go-toolchain google-chrome jdk memcached mongodb mysql nodejs_interpreter perl_interpreter perlbrew phantomjs postgresql python_interpreter redis ruby_interpreter sqlite xserver" />
    <property name="env.TRAVIS_PULL_REQUEST" value="false" />
    <property name="env.PYENV_SHELL" value="bash" />
    <property name="ant.project.name" value="ptII" />
    <property name="env.ANSI_RESET" value="\033[0m" />
    <property name="java.vm.specification.version" value="11" />
    <property name="env.TRAVIS_DIST" value="xenial" />
    <property name="env.CERTI_VERSION" value="4.0.0" />
    <property name="env.CERTI_HOST" value="localhost" />
    <property name="awt.toolkit" value="sun.awt.X11.XToolkit" />
    <property name="env.MY_RUBY_HOME" value="/home/travis/.rvm/rubies/ruby-2.5.3" />
    <property name="sun.cpu.isalist" value="" />
    <property name="env.TRAVIS_TMPDIR" value="/tmp/tmp.oYKd8lQxAl" />
    <property name="java.vm.compressedOopsMode" value="Zero based" />
    <property name="os.version" value="4.15.0-1077-gcp" />
    <property name="user.home" value="/home/travis" />
    <property name="java.vm.vendor" value="Oracle Corporation" />
    <property name="env.TRAVIS_TAG" value="nightly" />
    <property name="env.ANSI_YELLOW" value="\033[33;1m" />
    <property name="env.TRAVIS_FILTERED" value="redirect_io" />
    <property name="env.ANSI_GREEN" value="\033[32;1m" />
    <property name="env.JAVA_HOME" value="/usr/local/lib/jvm/openjdk11" />
    <property name="javadoc.excludepackagenames" value="adm.cvs2svn.*,build.*,config.*,doc.coding.templates.*,jni.test.jni.meaningOfLife.*,jni.test.jni.testDeux.*,jni.test.jni.testTrois.*,org.terraswarm.accessor.accessors.web.node_modules.*,org.terraswarm.accessor.accessors.web.hosts.cordova.demo.*,org.terraswarm.accessor.accessors.web.hosts.cordova.plugins.*,org.terraswarm.accessor.accessors-svn.*,pt-modules.*,ptolemy.apps.agilent.*,ptolemy.apps.anytimecontrol.*,ptolemy.apps.apes.*,ptolemy.apps.charon.*,ptolemy.apps.crazyboard.*,ptolemy.apps.eclipse.*,ptolemy.apps.etherealSting.*,ptolemy.apps.fullscreen.*,ptolemy.apps.giotto.*,ptolemy.apps.ia.*,ptolemy.apps.interfaces.*,ptolemy.apps.jmf.*,ptolemy.apps.kurt.*,ptolemy.apps.kvm.*,ptolemy.apps.lego.*,ptolemy.apps.lejos.*,ptolemy.apps.midp.*,ptolemy.apps.mobileCoding.*,ptolemy.apps.pendulum.*,ptolemy.apps.rijndael.*,ptolemy.apps.robot.*,ptolemy.apps.security.*,ptolemy.apps.sobel.*,ptolemy.apps.soot.*,ptolemy.apps.throttle.*,ptolemy.apps.tini.*,ptolemy.apps.transmission.*,ptolemy.apps.vergil.*,ptolemy.apps.waba.*,ptolemy.apps.websensor.*,ptolemy.apps.webstart.*,ptolemy.apps.xsl.*,ptolemy.apps.zaurus.*,ptolemy.codegen.c.actor.lib.oldJavaFiles.*,ptolemy.codegen.dsp.lib.*,ptolemy.codegen.kernel.newInterfaces.*,ptolemy.codegen.lib.*,ptolemy.copernicus.kernel.fragment.*,ptolemy.copernicus.shallow.cg.*,ptolemy.domains.giotto.demo.Hierarchy.Hierarchy.*,ptolemy.domains.giotto.demo.Multimode.Multimode.*,ptolemy.domains.giotto.demo.Simple.Simple.*,ptolemy.domains.gr.lib.experimental.*,ptolemy.domains.gro.*,ptolemy.domains.pdf.*,ptolemy.domains.ptinyos.demo.Surge.output.*,ptolemy.moml.test.NoPackageActor.java*,ptolemy.plot.adm.*,ptolemy.plot.servlet.*,reports.*,signed.*,src.*,target.*,vendors.*,ptolemy.copernicus.applet.*,ptolemy.media.viewer.*,ptolemy.actor.corba.*,doc.doclets.*,ptolemy.apps.eclipse.awt.*,ptolemy.backtrack.*,ptolemy.backtrack.ast.*,ptolemy.cg.adapter.generic.program.procedural.c.mbed*,ptolemy.homer.*,ptolemy.actor.lib.jai.*,org.ptolemy.scala.*,diva.util.java2d.svg.*,ptolemy.domains.ptinyos.*,ptolemy.actor.lib.fmi.fmipp.*,,org.terraswarm.accessor.accessors.web.node_modules.*,org.terraswarm.accessor.accessors-svn,ptolemy.apps.*,ptolemy.actor.ptalon.demo.ptinyos.SendAndReceiveCnt.output,ptolemy.actor.ptalon.demo.ptinyos.SenseToLeds.output,ptolemy.domains.ptinyos.demo.CntToLedsAndRfm.output,ptolemy.domains.ptinyos.demo.RfmToLeds.output,ptolemy.domains.ptinyos.demo.SendAndReceiveCnt.output,ptolemy.domains.ptinyos.demo.SenseToLeds.output,ptolemy.actor.lib.jjs.modules.udpSocket.*" />
    <property name="env.PTII" value="/home/travis/build/icyphy/ptII" />
    <property name="env.XDG_SESSION_ID" value="2" />
    <property name="keystore" value="ptKeystore" />
    <property name="env.TRAVIS_COMMIT_MESSAGE" value="Exclude org/hlacerti/newModels1516e/VariableArrayPTIIJavaFed" />
    <property name="junit.output.dir" value="/home/travis/build/icyphy/ptII/reports/junit" />
    <property name="npm.return.code" value="0" />
    <property name="user.dir" value="/home/travis/build/icyphy/ptII/ptolemy/configs/test/constraints/test" />
    <property name="env.TRAVIS_NODE_VERSION" value="7" />
    <property name="env.TRAVIS_EVENT_TYPE" value="cron" />
    <property name="env.MAIL" value="/var/mail/travis" />
    <property name="env.PERLBREW_ROOT" value="/home/travis/perl5/perlbrew" />
    <property name="env.PWD" value="/home/travis/build/icyphy/ptII" />
    <property name="timeout.npm" value="45000" />
    <property name="env.TRAVIS_ARCH" value="amd64" />
    <property name="sun.cpu.endian" value="little" />
    <property name="env.PAGER" value="cat" />
    <property name="env.TRAVIS_BUILD_STAGE_NAME" value="test" />
    <property name="env.PERLBREW_HOME" value="/home/travis/.perlbrew" />
    <property name="java.vm.version" value="11.0.2+9" />
    <property name="env.RAILS_ENV" value="test" />
    <property name="java.class.path" value="/home/travis/build/icyphy/ptII:/home/travis/build/icyphy/ptII/lib/bsh-2.0b4.jar:/home/travis/build/icyphy/ptII/lib/ptCal.jar:/home/travis/build/icyphy/ptII/lib/java_cup.jar:/home/travis/build/icyphy/ptII/lib/saxon8.jar:/home/travis/build/icyphy/ptII/lib/saxon8-dom.jar:/home/travis/build/icyphy/ptII/lib/chic.jar:/home/travis/build/icyphy/ptII/lib/ptcolt.jar:/home/travis/build/icyphy/ptII/vendors/misc/itext/iText.jar:/home/travis/build/icyphy/ptII/lib/g4ltl.jar:/home/travis/build/icyphy/ptII/lib/StructuralCoder.jar:/home/travis/build/icyphy/ptII/lib/jcerti.jar:/home/travis/build/icyphy/ptII/lib/javax.mail.jar:/home/travis/build/icyphy/ptII/vendors/JMF-2.1.1e/lib/jmf.jar:/home/travis/build/icyphy/ptII/lib/jna-4.0.0-variadic.jar:/home/travis/build/icyphy/ptII/vendors/misc/joystick/Joystick.jar:/home/travis/build/icyphy/ptII/lib/ptjacl.jar:/home/travis/build/icyphy/ptII/lib/jsoup-1.8.2.jar:/home/travis/build/icyphy/ptII/lib/junit-4.8.2.jar:/home/travis/build/icyphy/ptII/lib/JUnitParams-0.4.0.jar:/home/travis/build/icyphy/ptII/ptolemy/actor/lib/excel/jxl.jar:/home/travis/build/icyphy/ptII/lib/jython.jar:/home/travis/build/icyphy/ptII/lib/kieler.jar:/home/travis/build/icyphy/ptII/vendors/opencv/share/OpenCV/java/opencv-341.jar:/home/travis/build/icyphy/ptII/lib/oscP5.jar:/home/travis/build/icyphy/ptII/lib/nrjavaserial-3.11.0.devel.jar:/home/travis/build/icyphy/ptII/vendors/j3d/lib/Linux/j3dcore.jar:/home/travis/build/icyphy/ptII/vendors/j3d/lib/Linux/j3dutils.jar:/home/travis/build/icyphy/ptII/vendors/j3d/lib/Linux/vecmath.jar:/home/travis/build/icyphy/ptII/vendors/jogl/lib/Linux/gluegen-rt-natives-linux-amd64.jar:/home/travis/build/icyphy/ptII/vendors/jogl/lib/Linux/gluegen-rt.jar:/home/travis/build/icyphy/ptII/vendors/jogl/lib/Linux/jogl-all-natives-linux-amd64.jar:/home/travis/build/icyphy/ptII/vendors/jogl/lib/Linux/jogl-all.jar:/home/travis/build/icyphy/ptII/ptolemy/distributed/jini/jar/jini-core.jar:/home/travis/build/icyphy/ptII/ptolemy/distributed/jini/jar/jini-ext.jar:/home/travis/build/icyphy/ptII/ptolemy/distributed/jini/jar/sun-util.jar:/home/travis/build/icyphy/ptII/lib/protobuf-java-2.4.1.jar:/home/travis/build/icyphy/ptII/lib/org.eclipse.paho.client.mqttv3.jar:/home/travis/build/icyphy/ptII/lib/mapss.jar:/home/travis/build/icyphy/ptII/ptolemy/actor/ptalon/antlr/antlr.jar:/home/travis/build/icyphy/ptII/lib/JRI.jar:/home/travis/build/icyphy/ptII/lib/commons-lang-2.6.jar:/home/travis/build/icyphy/ptII/lib/commons-logging-1.1.1.jar:/home/travis/build/icyphy/ptII/lib/sootclasses.jar:/home/travis/build/icyphy/ptII/ptolemy/actor/lib/database/mysql-connector-java-5.1.6-bin.jar:/home/travis/build/icyphy/ptII/vendors/misc/sphinx4/sphinx4-data-5prealpha.jar:/home/travis/build/icyphy/ptII/vendors/misc/sphinx4/sphinx4-core-5prealpha.jar:/home/travis/build/icyphy/ptII/lib/PDFRenderer.jar:/home/travis/build/icyphy/ptII/lib/svgSalamander.jar:/home/travis/build/icyphy/ptII/lib/rsyntaxtextarea-2.6.0-SNAPSHOT.jar:/home/travis/build/icyphy/ptII/lib/hazelcast-3.8.2.jar:/home/travis/build/icyphy/ptII/lib/jackson-annotations-2.9.0.jar:/home/travis/build/icyphy/ptII/lib/jackson-core-2.9.3.jar:/home/travis/build/icyphy/ptII/lib/jackson-databind-2.9.3.jar:/home/travis/build/icyphy/ptII/lib/netty-buffer-4.1.19.Final.jar:/home/travis/build/icyphy/ptII/lib/netty-codec-4.1.19.Final.jar:/home/travis/build/icyphy/ptII/lib/netty-codec-dns-4.1.19.Final.jar:/home/travis/build/icyphy/ptII/lib/netty-codec-http-4.1.19.Final.jar:/home/travis/build/icyphy/ptII/lib/netty-codec-http2-4.1.19.Final.jar:/home/travis/build/icyphy/ptII/lib/netty-common-4.1.19.Final.jar:/home/travis/build/icyphy/ptII/lib/netty-handler-4.1.19.Final.jar:/home/travis/build/icyphy/ptII/lib/netty-resolver-4.1.19.Final.jar:/home/travis/build/icyphy/ptII/lib/netty-resolver-dns-4.1.19.Final.jar:/home/travis/build/icyphy/ptII/lib/netty-transport-4.1.19.Final.jar:/home/travis/build/icyphy/ptII/lib/vertx-codegen-3.5.1.jar:/home/travis/build/icyphy/ptII/lib/vertx-core-3.5.2-SNAPSHOT.jar:/home/travis/build/icyphy/ptII/lib/vertx-hazelcast-3.5.1.jar:/home/travis/build/icyphy/ptII/lib/vertx-lang-js-3.5.1.jar:/home/travis/build/icyphy/ptII/lib/vertx-service-proxy-3.5.1.jar:/home/travis/build/icyphy/ptII/lib/vertx-web-3.5.1.jar:/home/travis/build/icyphy/ptII/lib/slf4j-api-1.7.13.jar:/home/travis/build/icyphy/ptII/lib/slf4j-simple-1.7.13.jar:/home/travis/build/icyphy/ptII/lib/webcam-capture-0.3.12.jar:/home/travis/build/icyphy/ptII/lib/bridj-0.7.0.jar:/home/travis/build/icyphy/ptII/lib/xbjlib-1.1.0.nrjavaserial.jar:/home/travis/build/icyphy/ptII/ptolemy/moml/test:/home/travis/build/icyphy/ptII/ant/lib/ant-launcher.jar:/home/travis/build/icyphy/ptII/ant/lib/ant.jar:/home/travis/build/icyphy/ptII/ant/lib/ant-junit.jar:/home/travis/build/icyphy/ptII/ant/lib/ant-junit4.jar" />
    <property name="ant.library.dir" value="/home/travis/build/icyphy/ptII/ant/lib" />
    <property name="os.arch" value="amd64" />
    <property name="env.CONTINUOUS_INTEGRATION" value="true" />
    <property name="env.TRAVIS_LANGUAGE" value="node_js" />
    <property name="env.TRAVIS_STACK_LANGUAGES" value="__sardonyx__ c c++ clojure cplusplus cpp default generic go groovy java node_js php pure_java python ruby scala" />
    <property name="test.name" value="ptolemy.actor.lib.test.junit.JUnitTclTest" />
    <property name="env.APT_KEY_DONT_WARN_ON_DANGEROUS_USAGE" value="1" />
    <property name="sun.java.launcher" value="SUN_STANDARD" />
    <property name="env.PYTHON_CONFIGURE_OPTS" value="--enable-unicode=ucs4 --with-wide-unicode --enable-shared --enable-ipv6 --enable-loadable-sqlite-extensions --with-computed-gotos" />
    <property name="ant.core.lib" value="/home/travis/build/icyphy/ptII/ant/lib/ant.jar" />
    <property name="java.vm.specification.vendor" value="Oracle Corporation" />
    <property name="env.BCVTB_HOME" value="/home/travis/build/icyphy/ptII/lbnl" />
    <property name="file.separator" value="/" />
    <property name="spotbugs.home" value="/home/travis/build/icyphy/ptII/vendors/spotbugs-3.1.1" />
    <property name="java.runtime.version" value="11.0.2+9" />
    <property name="env.ANSI_CLEAR" value="\033[0K" />
    <property name="javafx.verbose" value="true" />
    <property name="env.HAS_JOSH_K_SEAL_OF_APPROVAL" value="true" />
    <property name="env.XDG_RUNTIME_DIR" value="/run/user/2000" />
    <property name="env.TRAVIS_OSX_IMAGE" value="" />
    <property name="env.TRAVIS_JOB_ID" value="723122122" />
    <property name="env.TRAVIS_BRANCH" value="master" />
    <property name="user.country" value="US" />
    <property name="env.CERTI_HOME_TRAVIS" value="/home/travis/pthla/certi-tools" />
    <property name="env.SHELL" value="/bin/bash" />
    <property name="java.maxmemory.large" value="3200m" />
    <property name="model" value="" />
    <property name="env.CASHER_DIR" value="/home/travis/.casher" />
    <property name="env.NVM_CD_FLAGS" value="" />
    <property name="java.vendor.version" value="18.9" />
    <property name="jshint.executable" value="/home/travis/node_modules/jshint/bin/jshint" />
    <property name="env.JRUBY_OPTS" value=" --client -J-XX:+TieredCompilation -J-XX:TieredStopAtLevel=1 -J-Xss2m -Xcompile.invokedynamic=false" />
    <property name="java.vendor" value="Oracle Corporation" />
    <property name="env.TRAVIS_PRE_CHEF_BOOTSTRAP_TIME" value="2020-06-24T13:13:03" />
    <property name="env.TRAVIS_STACK_JOB_BOARD_REGISTER" value="/.job-board-register.yml" />
    <property name="env.ANSI_RED" value="\033[31;1m" />
    <property name="java.specification.version" value="11" />
    <property name="env.IRBRC" value="/home/travis/.rvm/rubies/ruby-2.5.3/.irbrc" />
    <property name="env.TRAVIS" value="true" />
    <property name="sun.arch.data.model" value="64" />
  </properties>
  <testcase classname="ptolemy.util.test.junit.TclTests" name="[0] /home/travis/build/icyphy/ptII/ptolemy/configs/test/constraints/test/checkFullConstraints.tcl (RunTclFile)" time="1354.147" />
  <testcase classname="ptolemy.util.test.junit.AutoKnownFailedTests" name="[0] ThereAreNoKnowFailedTests (RunModel)" time="0.02" />
  <testcase classname="ptolemy.util.test.junit.AutoNameArchTests" name="[0] ThereAreNoAutoArchTests (RunModel)" time="0.011" />
  <testcase classname="ptolemy.util.test.junit.AutoTests" name="[0] ThereAreNoAutoTests (RunModel)" time="0.011" />
  <system-out><![CDATA[/home/travis/build/icyphy/ptII/ptolemy/configs/test/constraints/test/checkFullConstraints.tcl
testDefs.tcl: setting time out to 9000 seconds at Tue Sep 01 15:50:48 UTC 2020
FIXME FIXME FIXME FIXME FIXME FIXME
ptolemy/configs/test/checkFullConstraints.tcl: FIXME: Invoking Configuration.check() 
results in a memory leak that consumes
more than 4gig of memory and causes problems under Travis.
so, we check the constraints only of the full configuration.
FIXME FIXME FIXME FIXME FIXME FIXME
 Force everything to get expanded ptolemy/configs/configurationFile
    (Skipping certain optional packages, jxta and viptos)
JSAccessor: PT_NO_NET environment variable is set, so git pull and ptdoc are not being run.
Retrieving library from file:/home/travis/build/icyphy/ptII/org/terraswarm/accessor/accessors/web/index.json
Retrieving library from file:/home/travis/build/icyphy/ptII/org/terraswarm/accessor/accessors/web/adapters/index.json
Retrieving library from file:/home/travis/build/icyphy/ptII/org/terraswarm/accessor/accessors/web/audio/index.json
Prism pipeline init order: es2 sw 
Using Double Precision Marlin Rasterizer
Using dirty region optimizations
Not using texture mask for primitives
Not forcing power of 2 sizes for textures
Using hardware CLAMP_TO_ZERO mode
Opting in for HiDPI pixel scaling
Prism pipeline name = com.sun.prism.es2.ES2Pipeline
Loading ES2 native library ... prism_es2
	succeeded.
GLFactory using com.sun.prism.es2.X11GLFactory
(X) Got class = class com.sun.prism.es2.ES2Pipeline
Prism pipeline name = com.sun.prism.sw.SWPipeline
(X) Got class = class com.sun.prism.sw.SWPipeline
Initialized prism pipeline: com.sun.prism.sw.SWPipeline
Retrieving library from file:/home/travis/build/icyphy/ptII/org/terraswarm/accessor/accessors/web/cameras/index.json
No physical cameras found, using WebcamDummyDriver.
Retrieving library from file:/home/travis/build/icyphy/ptII/org/terraswarm/accessor/accessors/web/dashboard/index.json
Retrieving library from file:/home/travis/build/icyphy/ptII/org/terraswarm/accessor/accessors/web/devices/index.json
Retrieving library from file:/home/travis/build/icyphy/ptII/org/terraswarm/accessor/accessors/web/image/index.json
CharacterRecognition: The tesseract module was not present.  The CharacterRecognition accessor is not supported on this accessor host. (Thread[main,5,main])
CharacterRecognition: The tesseract module was not present.  The CharacterRecognition accessor is not supported on this accessor host. (Thread[main,5,main])
Retrieving library from file:/home/travis/build/icyphy/ptII/org/terraswarm/accessor/accessors/web/net/index.json
Retrieving library from file:/home/travis/build/icyphy/ptII/org/terraswarm/accessor/accessors/web/robotics/index.json
Retrieving library from file:/home/travis/build/icyphy/ptII/org/terraswarm/accessor/accessors/web/geodesy/index.json
Retrieving library from file:/home/travis/build/icyphy/ptII/org/terraswarm/accessor/accessors/web/services/index.json
Retrieving library from file:/home/travis/build/icyphy/ptII/org/terraswarm/accessor/accessors/web/signals/index.json
Retrieving library from file:/home/travis/build/icyphy/ptII/org/terraswarm/accessor/accessors/web/test/index.json
Retrieving library from file:/home/travis/build/icyphy/ptII/org/terraswarm/accessor/accessors/web/utilities/index.json
The Mutable accessor original file has no documentation, so we are not running jsdoc on https://accessors.org/utilities/Mutable.js
HLA version is 1.3.
HLA version is 1.3.
Retrieving library from file:/home/travis/build/icyphy/ptII/org/terraswarm/accessor/accessors/web/index.json
Retrieving library from file:/home/travis/build/icyphy/ptII/org/terraswarm/accessor/accessors/web/adapters/index.json
Retrieving library from file:/home/travis/build/icyphy/ptII/org/terraswarm/accessor/accessors/web/audio/index.json
Retrieving library from file:/home/travis/build/icyphy/ptII/org/terraswarm/accessor/accessors/web/cameras/index.json
Retrieving library from file:/home/travis/build/icyphy/ptII/org/terraswarm/accessor/accessors/web/dashboard/index.json
Retrieving library from file:/home/travis/build/icyphy/ptII/org/terraswarm/accessor/accessors/web/devices/index.json
Retrieving library from file:/home/travis/build/icyphy/ptII/org/terraswarm/accessor/accessors/web/image/index.json
CharacterRecognition: The tesseract module was not present.  The CharacterRecognition accessor is not supported on this accessor host. (Thread[main,5,main])
CharacterRecognition: The tesseract module was not present.  The CharacterRecognition accessor is not supported on this accessor host. (Thread[main,5,main])
Retrieving library from file:/home/travis/build/icyphy/ptII/org/terraswarm/accessor/accessors/web/net/index.json
Retrieving library from file:/home/travis/build/icyphy/ptII/org/terraswarm/accessor/accessors/web/robotics/index.json
Retrieving library from file:/home/travis/build/icyphy/ptII/org/terraswarm/accessor/accessors/web/geodesy/index.json
Retrieving library from file:/home/travis/build/icyphy/ptII/org/terraswarm/accessor/accessors/web/services/index.json
Retrieving library from file:/home/travis/build/icyphy/ptII/org/terraswarm/accessor/accessors/web/signals/index.json
Retrieving library from file:/home/travis/build/icyphy/ptII/org/terraswarm/accessor/accessors/web/test/index.json
Retrieving library from file:/home/travis/build/icyphy/ptII/org/terraswarm/accessor/accessors/web/utilities/index.json
The Mutable accessor original file has no documentation, so we are not running jsdoc on https://accessors.org/utilities/Mutable.js
HLA version is 1.3.
HLA version is 1.3.
Retrieving library from file:/home/travis/build/icyphy/ptII/org/terraswarm/accessor/accessors/web/index.json
Retrieving library from file:/home/travis/build/icyphy/ptII/org/terraswarm/accessor/accessors/web/adapters/index.json
Retrieving library from file:/home/travis/build/icyphy/ptII/org/terraswarm/accessor/accessors/web/audio/index.json
Retrieving library from file:/home/travis/build/icyphy/ptII/org/terraswarm/accessor/accessors/web/cameras/index.json
Retrieving library from file:/home/travis/build/icyphy/ptII/org/terraswarm/accessor/accessors/web/dashboard/index.json
Retrieving library from file:/home/travis/build/icyphy/ptII/org/terraswarm/accessor/accessors/web/devices/index.json
Retrieving library from file:/home/travis/build/icyphy/ptII/org/terraswarm/accessor/accessors/web/image/index.json
CharacterRecognition: The tesseract module was not present.  The CharacterRecognition accessor is not supported on this accessor host. (Thread[main,5,main])
CharacterRecognition: The tesseract module was not present.  The CharacterRecognition accessor is not supported on this accessor host. (Thread[main,5,main])
Retrieving library from file:/home/travis/build/icyphy/ptII/org/terraswarm/accessor/accessors/web/net/index.json
Retrieving library from file:/home/travis/build/icyphy/ptII/org/terraswarm/accessor/accessors/web/robotics/index.json
Retrieving library from file:/home/travis/build/icyphy/ptII/org/terraswarm/accessor/accessors/web/geodesy/index.json
Retrieving library from file:/home/travis/build/icyphy/ptII/org/terraswarm/accessor/accessors/web/services/index.json
Retrieving library from file:/home/travis/build/icyphy/ptII/org/terraswarm/accessor/accessors/web/signals/index.json
Retrieving library from file:/home/travis/build/icyphy/ptII/org/terraswarm/accessor/accessors/web/test/index.json
Retrieving library from file:/home/travis/build/icyphy/ptII/org/terraswarm/accessor/accessors/web/utilities/index.json
The Mutable accessor original file has no documentation, so we are not running jsdoc on https://accessors.org/utilities/Mutable.js
HLA version is 1.3.
HLA version is 1.3.
HLA version is 1.3.
Configuration.check: entity: ptolemy.actor.lib.Assert {.configuration.actor library.Utilities.Analysis.Assert} 1 ms. Memory: 2527232K Free: 221252K (9%)
#Configuration.check: entity: ptolemy.actor.lib.jjs.JavaScript {.configuration.actor library.Utilities.JavaScript.JavaScript} 63 ms. Memory: 2527232K Free: 205382K (8%)
#Configuration.check: entity: ptolemy.vergil.basic.export.html.jsoup.HTMLPageAssembler {.configuration.actor library.Utilities.WebExport.HTMLPageAssembler} 4423 ms. Memory: 2527232K Free: 184443K (7%)
#Configuration.check: entity: ptolemy.actor.lib.Const {.configuration.actor library.Actors.Sources.GenericSources.Const} 4470 ms. Memory: 2527232K Free: 172140K (7%)
#Configuration.check: entity: ptolemy.actor.lib.StringConst {.configuration.actor library.Actors.Sources.GenericSources.StringConst} 4917 ms. Memory: 2578432K Free: 272336K (11%)
#Configuration.check: entity: ptolemy.actor.lib.Subscriber {.configuration.actor library.Actors.Sources.GenericSources.Subscriber} 4918 ms. Memory: 2578432K Free: 272336K (11%)
#Configuration.check: entity: ptolemy.actor.lib.SubscriptionAggregator {.configuration.actor library.Actors.Sources.GenericSources.SubscriptionAggregator} 4921 ms. Memory: 2578432K Free: 271808K (11%)
#Configuration.check: entity: ptolemy.actor.lib.CurrentDate {.configuration.actor library.Actors.Sources.TimedSources.CurrentDate} 4923 ms. Memory: 2578432K Free: 271312K (11%)
#Configuration.check: entity: ptolemy.actor.lib.CurrentTime {.configuration.actor library.Actors.Sources.TimedSources.CurrentTime} 4984 ms. Memory: 2578432K Free: 252880K (10%)
#Configuration.check: entity: ptolemy.actor.lib.CurrentMicrostep {.configuration.actor library.Actors.Sources.TimedSources.CurrentMicrostep} 4984 ms. Memory: 2578432K Free: 252880K (10%)
#Configuration.check: entity: ptolemy.actor.lib.DiscreteClock {.configuration.actor library.Actors.Sources.TimedSources.DiscreteClock} 4985 ms. Memory: 2578432K Free: 252880K (10%)
#Configuration.check: entity: ptolemy.actor.lib.PoissonClock {.configuration.actor library.Actors.Sources.TimedSources.PoissonClock} 4989 ms. Memory: 2578432K Free: 252366K (10%)
#Configuration.check: entity: ptolemy.actor.lib.gui.InteractiveDialog {.configuration.actor library.Actors.Sources.SequenceSources.InteractiveDialog} 4992 ms. Memory: 2578432K Free: 252366K (10%)
#Configuration.check: entity: ptolemy.actor.lib.gui.InteractiveShell {.configuration.actor library.Actors.Sources.SequenceSources.InteractiveShell} 5045 ms. Memory: 2578432K Free: 231739K (9%)
#Configuration.check: entity: ptolemy.actor.lib.Interpolator {.configuration.actor library.Actors.Sources.SequenceSources.Interpolator} 5048 ms. Memory: 2578432K Free: 231739K (9%)
#Configuration.check: entity: ptolemy.actor.lib.Pulse {.configuration.actor library.Actors.Sources.SequenceSources.Pulse} 5049 ms. Memory: 2578432K Free: 231376K (9%)
#Configuration.check: entity: ptolemy.actor.lib.Ramp {.configuration.actor library.Actors.Sources.SequenceSources.Ramp} 5055 ms. Memory: 2578432K Free: 230862K (9%)
#Configuration.check: entity: ptolemy.actor.lib.Sequence {.configuration.actor library.Actors.Sources.SequenceSources.Sequence} 5060 ms. Memory: 2578432K Free: 230862K (9%)
#Configuration.check: entity: ptolemy.actor.lib.gui.SketchedSource {.configuration.actor library.Actors.Sources.SequenceSources.SketchedSource} 5061 ms. Memory: 2578432K Free: 230862K (9%)
#Configuration.check: entity: ptolemy.actor.lib.gui.ArrayPlotterXY {.configuration.actor library.Actors.Sinks.GenericSinks.ArrayPlotterXY} 5065 ms. Memory: 2578432K Free: 230352K (9%)
#Configuration.check: entity: ptolemy.actor.lib.Discard {.configuration.actor library.Actors.Sinks.GenericSinks.Discard} 5079 ms. Memory: 2578432K Free: 225232K (9%)
#Configuration.check: entity: ptolemy.actor.lib.gui.Display {.configuration.actor library.Actors.Sinks.GenericSinks.Display} 5080 ms. Memory: 2578432K Free: 224718K (9%)
#Configuration.check: entity: ptolemy.actor.lib.gui.MonitorValue {.configuration.actor library.Actors.Sinks.GenericSinks.MonitorValue} 5081 ms. Memory: 2578432K Free: 224718K (9%)
#Configuration.check: entity: ptolemy.actor.lib.Publisher {.configuration.actor library.Actors.Sinks.GenericSinks.Publisher} 5082 ms. Memory: 2578432K Free: 224718K (9%)
#Configuration.check: entity: ptolemy.actor.lib.Recorder {.configuration.actor library.Actors.Sinks.GenericSinks.Recorder} 5084 ms. Memory: 2578432K Free: 224208K (9%)
#Configuration.check: entity: ptolemy.actor.lib.SetVariable {.configuration.actor library.Actors.Sinks.GenericSinks.SetVariable} 5084 ms. Memory: 2578432K Free: 224208K (9%)
#Configuration.check: entity: ptolemy.actor.lib.gui.XYPlotter {.configuration.actor library.Actors.Sinks.GenericSinks.XYPlotter} 5085 ms. Memory: 2578432K Free: 224208K (9%)
#Configuration.check: entity: ptolemy.actor.lib.gui.XYScope {.configuration.actor library.Actors.Sinks.GenericSinks.XYScope} 5085 ms. Memory: 2578432K Free: 223694K (9%)
#Configuration.check: entity: ptolemy.actor.lib.gui.TimedDisplay {.configuration.actor library.Actors.Sinks.TimedSinks.TimedDisplay} 5085 ms. Memory: 2578432K Free: 223694K (9%)
#Configuration.check: entity: ptolemy.actor.lib.gui.TimedMonitorValue {.configuration.actor library.Actors.Sinks.TimedSinks.TimedMonitorValue} 5104 ms. Memory: 2578432K Free: 222901K (9%)
#Configuration.check: entity: ptolemy.actor.lib.gui.TimedPlotter {.configuration.actor library.Actors.Sinks.TimedSinks.TimedPlotter} 5105 ms. Memory: 2578432K Free: 222901K (9%)
#Configuration.check: entity: ptolemy.actor.lib.gui.TimedScope {.configuration.actor library.Actors.Sinks.TimedSinks.TimedScope} 5105 ms. Memory: 2578432K Free: 222389K (9%)
#Configuration.check: entity: ptolemy.actor.lib.gui.ArrayPlotter {.configuration.actor library.Actors.Sinks.SequenceSinks.ArrayPlotter} 5106 ms. Memory: 2578432K Free: 222389K (9%)
#Configuration.check: entity: ptolemy.actor.lib.gui.BarGraph {.configuration.actor library.Actors.Sinks.SequenceSinks.BarGraph} 5109 ms. Memory: 2578432K Free: 221646K (9%)
#Configuration.check: entity: ptolemy.actor.lib.gui.HistogramPlotter {.configuration.actor library.Actors.Sinks.SequenceSinks.HistogramPlotter} 5110 ms. Memory: 2578432K Free: 221646K (9%)
#Configuration.check: entity: ptolemy.actor.lib.gui.SequencePlotter {.configuration.actor library.Actors.Sinks.SequenceSinks.SequencePlotter} 5110 ms. Memory: 2578432K Free: 221646K (9%)
#Configuration.check: entity: ptolemy.actor.lib.gui.SequenceScope {.configuration.actor library.Actors.Sinks.SequenceSinks.SequenceScope} 5111 ms. Memory: 2578432K Free: 221646K (9%)
#Configuration.check: entity: ptolemy.actor.lib.ArrayAccumulate {.configuration.actor library.Actors.Array.ArrayAccumulate} 5119 ms. Memory: 2578432K Free: 221646K (9%)
#Configuration.check: entity: ptolemy.actor.lib.ArrayAppend {.configuration.actor library.Actors.Array.ArrayAppend} 5516 ms. Memory: 2578432K Free: 251382K (10%)
#Configuration.check: entity: ptolemy.actor.lib.ArrayAverage {.configuration.actor library.Actors.Array.ArrayAverage} 5517 ms. Memory: 2578432K Free: 250868K (10%)
#Configuration.check: entity: ptolemy.actor.lib.ArrayContains {.configuration.actor library.Actors.Array.ArrayContains} 5518 ms. Memory: 2578432K Free: 250358K (10%)
#Configuration.check: entity: ptolemy.actor.lib.ArrayElement {.configuration.actor library.Actors.Array.ArrayElement} 5526 ms. Memory: 2578432K Free: 250358K (10%)
#Configuration.check: entity: ptolemy.actor.lib.ArrayElementAsMatrix {.configuration.actor library.Actors.Array.ArrayElementAsMatrix} 5527 ms. Memory: 2578432K Free: 249844K (10%)
#Configuration.check: entity: ptolemy.actor.lib.ArrayExtract {.configuration.actor library.Actors.Array.ArrayExtract} 5530 ms. Memory: 2578432K Free: 249334K (10%)
#Configuration.check: entity: ptolemy.actor.lib.ArrayLength {.configuration.actor library.Actors.Array.ArrayLength} 5532 ms. Memory: 2578432K Free: 248805K (10%)
#Configuration.check: entity: ptolemy.actor.lib.ArrayLevelCrossing {.configuration.actor library.Actors.Array.ArrayLevelCrossing} 5533 ms. Memory: 2578432K Free: 248805K (10%)
#Configuration.check: entity: ptolemy.actor.lib.ArrayMaximum {.configuration.actor library.Actors.Array.ArrayMaximum} 5535 ms. Memory: 2578432K Free: 248310K (10%)
#Configuration.check: entity: ptolemy.actor.lib.ArrayMinimum {.configuration.actor library.Actors.Array.ArrayMinimum} 5535 ms. Memory: 2578432K Free: 248310K (10%)
#Configuration.check: entity: ptolemy.actor.lib.ArrayPeakSearch {.configuration.actor library.Actors.Array.ArrayPeakSearch} 5536 ms. Memory: 2578432K Free: 247796K (10%)
#Configuration.check: entity: ptolemy.actor.lib.ArrayRemoveElement {.configuration.actor library.Actors.Array.ArrayRemoveElement} 5538 ms. Memory: 2578432K Free: 247286K (10%)
#Configuration.check: entity: ptolemy.actor.lib.ArraySort {.configuration.actor library.Actors.Array.ArraySort} 5539 ms. Memory: 2578432K Free: 247286K (10%)
#Configuration.check: entity: ptolemy.actor.lib.ArraySum {.configuration.actor library.Actors.Array.ArraySum} 5540 ms. Memory: 2578432K Free: 246772K (10%)
#Configuration.check: entity: ptolemy.actor.lib.ArrayToElements {.configuration.actor library.Actors.Array.ArrayToElements} 5541 ms. Memory: 2578432K Free: 246772K (10%)
#Configuration.check: entity: ptolemy.domains.sdf.lib.ArrayToSequence {.configuration.actor library.Actors.Array.ArrayToSequence} 5541 ms. Memory: 2578432K Free: 246262K (10%)
#Configuration.check: entity: ptolemy.actor.lib.ArrayUpdate {.configuration.actor library.Actors.Array.ArrayUpdate} 5543 ms. Memory: 2578432K Free: 245748K (10%)
#Configuration.check: entity: ptolemy.actor.lib.ElementsToArray {.configuration.actor library.Actors.Array.ElementsToArray} 5545 ms. Memory: 2578432K Free: 245238K (10%)
#Configuration.check: entity: ptolemy.domains.sdf.lib.SequenceToArray {.configuration.actor library.Actors.Array.SequenceToArray} 5545 ms. Memory: 2578432K Free: 245238K (10%)
#Configuration.check: entity: ptolemy.actor.lib.conversions.AnythingToDouble {.configuration.actor library.Actors.Conversions.AnythingToDouble} 5558 ms. Memory: 2578432K Free: 244214K (9%)
#Configuration.check: entity: ptolemy.actor.lib.conversions.BooleanToAnything {.configuration.actor library.Actors.Conversions.BooleanToAnything} 5567 ms. Memory: 2578432K Free: 241652K (9%)
#Configuration.check: entity: ptolemy.domains.sdf.lib.BitsToInt {.configuration.actor library.Actors.Conversions.BitsToInt} 5568 ms. Memory: 2578432K Free: 241652K (9%)
#Configuration.check: entity: ptolemy.actor.lib.conversions.CartesianToComplex {.configuration.actor library.Actors.Conversions.CartesianToComplex} 5568 ms. Memory: 2578432K Free: 241652K (9%)
#Configuration.check: entity: ptolemy.actor.lib.conversions.CartesianToPolar {.configuration.actor library.Actors.Conversions.CartesianToPolar} 5569 ms. Memory: 2578432K Free: 241652K (9%)
#Configuration.check: entity: ptolemy.actor.lib.conversions.ComplexToCartesian {.configuration.actor library.Actors.Conversions.ComplexToCartesian} 5569 ms. Memory: 2578432K Free: 241142K (9%)
#Configuration.check: entity: ptolemy.actor.lib.conversions.ComplexToPolar {.configuration.actor library.Actors.Conversions.ComplexToPolar} 5569 ms. Memory: 2578432K Free: 241142K (9%)
#Configuration.check: entity: ptolemy.actor.lib.conversions.DateToString {.configuration.actor library.Actors.Conversions.DateToString} 5575 ms. Memory: 2578432K Free: 241142K (9%)
#Configuration.check: entity: ptolemy.actor.lib.conversions.DoubleToFix {.configuration.actor library.Actors.Conversions.DoubleToFix} 5575 ms. Memory: 2578432K Free: 241142K (9%)
#Configuration.check: entity: ptolemy.actor.lib.conversions.ExpressionToToken {.configuration.actor library.Actors.Conversions.ExpressionToToken} 5576 ms. Memory: 2578432K Free: 241142K (9%)
#Configuration.check: entity: ptolemy.actor.lib.conversions.FixToDouble {.configuration.actor library.Actors.Conversions.FixToDouble} 5576 ms. Memory: 2578432K Free: 241142K (9%)
#Configuration.check: entity: ptolemy.actor.lib.conversions.FixToFix {.configuration.actor library.Actors.Conversions.FixToFix} 5576 ms. Memory: 2578432K Free: 241142K (9%)
#Configuration.check: entity: ptolemy.actor.lib.conversions.ImageToString {.configuration.actor library.Actors.Conversions.ImageToString} 5586 ms. Memory: 2578432K Free: 241142K (9%)
#Configuration.check: entity: ptolemy.actor.lib.conversions.IntArrayToString {.configuration.actor library.Actors.Conversions.IntArrayToString} 5586 ms. Memory: 2578432K Free: 241142K (9%)
#Configuration.check: entity: ptolemy.domains.sdf.lib.IntToBits {.configuration.actor library.Actors.Conversions.IntToBits} 5587 ms. Memory: 2578432K Free: 241142K (9%)
#Configuration.check: entity: ptolemy.actor.lib.conversions.InUnitsOf {.configuration.actor library.Actors.Conversions.InUnitsOf} 5587 ms. Memory: 2578432K Free: 240597K (9%)
#Configuration.check: entity: ptolemy.actor.lib.conversions.json.JSONToToken {.configuration.actor library.Actors.Conversions.JSON.JSONToToken} 5588 ms. Memory: 2578432K Free: 240597K (9%)
#Configuration.check: entity: ptolemy.actor.lib.conversions.json.TokenToJSON {.configuration.actor library.Actors.Conversions.JSON.TokenToJSON} 5589 ms. Memory: 2578432K Free: 240597K (9%)
#Configuration.check: entity: ptolemy.actor.lib.conversions.LongToDouble {.configuration.actor library.Actors.Conversions.LongToDouble} 5589 ms. Memory: 2578432K Free: 240597K (9%)
#Configuration.check: entity: ptolemy.actor.lib.conversions.PolarToCartesian {.configuration.actor library.Actors.Conversions.PolarToCartesian} 5589 ms. Memory: 2578432K Free: 240597K (9%)
#Configuration.check: entity: ptolemy.actor.lib.conversions.PolarToComplex {.configuration.actor library.Actors.Conversions.PolarToComplex} 5589 ms. Memory: 2578432K Free: 240597K (9%)
#Configuration.check: entity: ptolemy.actor.lib.conversions.Round {.configuration.actor library.Actors.Conversions.Round} 5589 ms. Memory: 2578432K Free: 240118K (9%)
#Configuration.check: entity: ptolemy.actor.lib.conversions.SmoothToDouble {.configuration.actor library.Actors.Conversions.SmoothToDouble} 5590 ms. Memory: 2578432K Free: 240118K (9%)
#Configuration.check: entity: ptolemy.actor.lib.conversions.StringToBoolean {.configuration.actor library.Actors.Conversions.StringToBoolean} 5590 ms. Memory: 2578432K Free: 240118K (9%)
#Configuration.check: entity: ptolemy.actor.lib.conversions.StringToDouble {.configuration.actor library.Actors.Conversions.StringToDouble} 5590 ms. Memory: 2578432K Free: 240118K (9%)
#Configuration.check: entity: ptolemy.actor.lib.conversions.StringToInt {.configuration.actor library.Actors.Conversions.StringToInt} 5590 ms. Memory: 2578432K Free: 240118K (9%)
#Configuration.check: entity: ptolemy.actor.lib.conversions.StringToIntArray {.configuration.actor library.Actors.Conversions.StringToIntArray} 5590 ms. Memory: 2578432K Free: 240118K (9%)
#Configuration.check: entity: ptolemy.actor.lib.conversions.StringToUnsignedByteArray {.configuration.actor library.Actors.Conversions.StringToUnsignedByteArray} 5590 ms. Memory: 2578432K Free: 240118K (9%)
#Configuration.check: entity: ptolemy.actor.lib.conversions.StringToXML {.configuration.actor library.Actors.Conversions.StringToXML} 5591 ms. Memory: 2578432K Free: 240118K (9%)
#Configuration.check: entity: ptolemy.actor.lib.conversions.TokenToExpression {.configuration.actor library.Actors.Conversions.TokenToExpression} 5591 ms. Memory: 2578432K Free: 240118K (9%)
#Configuration.check: entity: ptolemy.actor.lib.conversions.UnsignedByteArrayToString {.configuration.actor library.Actors.Conversions.UnsignedByteArrayToString} 5591 ms. Memory: 2578432K Free: 240118K (9%)
#Configuration.check: entity: ptolemy.actor.lib.BusAssembler {.configuration.actor library.Actors.FlowControl.Aggregators.BusAssembler} 5591 ms. Memory: 2578432K Free: 240118K (9%)
#Configuration.check: entity: ptolemy.actor.lib.BusDisassembler {.configuration.actor library.Actors.FlowControl.Aggregators.BusDisassembler} 5682 ms. Memory: 2578432K Free: 205781K (8%)
#Configuration.check: entity: ptolemy.actor.lib.Commutator {.configuration.actor library.Actors.FlowControl.Aggregators.Commutator} 5682 ms. Memory: 2578432K Free: 205781K (8%)
#Configuration.check: entity: ptolemy.actor.lib.Distributor {.configuration.actor library.Actors.FlowControl.Aggregators.Distributor} 5684 ms. Memory: 2578432K Free: 205302K (8%)
#Configuration.check: entity: ptolemy.actor.lib.Multiplexor {.configuration.actor library.Actors.FlowControl.Aggregators.Multiplexor} 5685 ms. Memory: 2578432K Free: 204788K (8%)
#Configuration.check: entity: ptolemy.actor.lib.OrderedRecordAssembler {.configuration.actor library.Actors.FlowControl.Aggregators.OrderedRecordAssembler} 5686 ms. Memory: 2578432K Free: 204788K (8%)
#Configuration.check: entity: ptolemy.actor.lib.RecordAssembler {.configuration.actor library.Actors.FlowControl.Aggregators.RecordAssembler} 5688 ms. Memory: 2578432K Free: 204278K (8%)
#Configuration.check: entity: ptolemy.actor.lib.RecordDisassembler {.configuration.actor library.Actors.FlowControl.Aggregators.RecordDisassembler} 5688 ms. Memory: 2578432K Free: 204278K (8%)
#Configuration.check: entity: ptolemy.actor.lib.RecordUpdater {.configuration.actor library.Actors.FlowControl.Aggregators.RecordUpdater} 5688 ms. Memory: 2578432K Free: 204278K (8%)
#Configuration.check: entity: ptolemy.actor.lib.Sampler {.configuration.actor library.Actors.FlowControl.Aggregators.Sampler} 5689 ms. Memory: 2578432K Free: 204278K (8%)
#Configuration.check: entity: ptolemy.actor.lib.Select {.configuration.actor library.Actors.FlowControl.Aggregators.Select} 5690 ms. Memory: 2578432K Free: 204278K (8%)
#Configuration.check: entity: ptolemy.actor.lib.SingleTokenCommutator {.configuration.actor library.Actors.FlowControl.Aggregators.SingleTokenCommutator} 5691 ms. Memory: 2578432K Free: 203764K (8%)
#Configuration.check: entity: ptolemy.actor.lib.Switch {.configuration.actor library.Actors.FlowControl.Aggregators.Switch} 5691 ms. Memory: 2578432K Free: 203764K (8%)
#Configuration.check: entity: ptolemy.actor.lib.Synchronizer {.configuration.actor library.Actors.FlowControl.Aggregators.Synchronizer} 5695 ms. Memory: 2578432K Free: 203254K (8%)
#Configuration.check: entity: ptolemy.actor.lib.UnionDisassembler {.configuration.actor library.Actors.FlowControl.Aggregators.UnionDisassembler} 5695 ms. Memory: 2578432K Free: 202740K (8%)
#Configuration.check: entity: ptolemy.actor.lib.UnionMerge {.configuration.actor library.Actors.FlowControl.Aggregators.UnionMerge} 5696 ms. Memory: 2578432K Free: 202740K (8%)
#Configuration.check: entity: ptolemy.actor.lib.VectorAssembler {.configuration.actor library.Actors.FlowControl.Aggregators.VectorAssembler} 5697 ms. Memory: 2578432K Free: 202740K (8%)
#Configuration.check: entity: ptolemy.actor.lib.VectorDisassembler {.configuration.actor library.Actors.FlowControl.Aggregators.VectorDisassembler} 5697 ms. Memory: 2578432K Free: 202740K (8%)
#Configuration.check: entity: ptolemy.actor.lib.BooleanMultiplexor {.configuration.actor library.Actors.FlowControl.BooleanFlowControl.BooleanMultiplexor} 5697 ms. Memory: 2578432K Free: 202740K (8%)
#Configuration.check: entity: ptolemy.actor.lib.BooleanSelect {.configuration.actor library.Actors.FlowControl.BooleanFlowControl.BooleanSelect} 5861 ms. Memory: 2578432K Free: 288756K (11%)
#Configuration.check: entity: ptolemy.actor.lib.BooleanSwitch {.configuration.actor library.Actors.FlowControl.BooleanFlowControl.BooleanSwitch} 5873 ms. Memory: 2578432K Free: 288246K (11%)
#Configuration.check: entity: ptolemy.actor.lib.ConfigurationSelect {.configuration.actor library.Actors.FlowControl.BooleanFlowControl.ConfigurationSelect} 5874 ms. Memory: 2578432K Free: 287732K (11%)
#Configuration.check: entity: ptolemy.actor.lib.ConfigurationSwitch {.configuration.actor library.Actors.FlowControl.BooleanFlowControl.ConfigurationSwitch} 5876 ms. Memory: 2578432K Free: 287222K (11%)
#Configuration.check: entity: ptolemy.domains.sdf.lib.CountTrues {.configuration.actor library.Actors.FlowControl.BooleanFlowControl.CountTrues} 5877 ms. Memory: 2578432K Free: 286708K (11%)
#Configuration.check: entity: ptolemy.domains.sdf.lib.Chop {.configuration.actor library.Actors.FlowControl.SequenceControl.Chop} 5878 ms. Memory: 2578432K Free: 286708K (11%)
#Configuration.check: entity: ptolemy.actor.lib.Default {.configuration.actor library.Actors.FlowControl.SequenceControl.Default} 5974 ms. Memory: 2578432K Free: 258029K (10%)
#Configuration.check: entity: ptolemy.domains.sdf.lib.Repeat {.configuration.actor library.Actors.FlowControl.SequenceControl.Repeat} 5976 ms. Memory: 2578432K Free: 257526K (10%)
#Configuration.check: entity: ptolemy.domains.sdf.lib.SampleDelay {.configuration.actor library.Actors.FlowControl.SequenceControl.SampleDelay} 5979 ms. Memory: 2578432K Free: 256502K (10%)
#Configuration.check: entity: ptolemy.actor.lib.Sequencer {.configuration.actor library.Actors.FlowControl.SequenceControl.Sequencer} 5981 ms. Memory: 2578432K Free: 255957K (10%)
#Configuration.check: entity: ptolemy.actor.lib.Exit {.configuration.actor library.Actors.FlowControl.ExecutionControl.Exit} 5988 ms. Memory: 2578432K Free: 255957K (10%)
#Configuration.check: entity: ptolemy.actor.lib.Stop {.configuration.actor library.Actors.FlowControl.ExecutionControl.Stop} 5990 ms. Memory: 2578432K Free: 254957K (10%)
#Configuration.check: entity: ptolemy.actor.lib.Pause {.configuration.actor library.Actors.FlowControl.ExecutionControl.Pause} 5991 ms. Memory: 2578432K Free: 254957K (10%)
#Configuration.check: entity: ptolemy.actor.lib.ThrowException {.configuration.actor library.Actors.FlowControl.ExecutionControl.ThrowException} 5991 ms. Memory: 2578432K Free: 254957K (10%)
#Configuration.check: entity: ptolemy.actor.lib.ThrowModelError {.configuration.actor library.Actors.FlowControl.ExecutionControl.ThrowModelError} 5991 ms. Memory: 2578432K Free: 254957K (10%)
#Configuration.check: entity: ptolemy.actor.lib.Dictionary {.configuration.actor library.Actors.DataStores.Dictionary} 5991 ms. Memory: 2578432K Free: 254957K (10%)
#Configuration.check: entity: ptolemy.actor.lib.hoc.ApplyFunction {.configuration.actor library.Actors.HigherOrderActors.ApplyFunction} 6041 ms. Memory: 2578432K Free: 243685K (9%)
#Configuration.check: entity: ptolemy.vergil.actor.lib.ModelDisplay {.configuration.actor library.Actors.HigherOrderActors.ModelDisplay} 6053 ms. Memory: 2578432K Free: 243685K (9%)
#Configuration.check: entity: ptolemy.actor.lib.hoc.ModelReference {.configuration.actor library.Actors.HigherOrderActors.ModelReference} 6054 ms. Memory: 2578432K Free: 243190K (9%)
#Configuration.check: entity: ptolemy.vergil.actor.lib.VisualModelReference {.configuration.actor library.Actors.HigherOrderActors.VisualModelReference} 6058 ms. Memory: 2578432K Free: 242676K (9%)
#Configuration.check: entity: ptolemy.actor.lib.gui.ArrowKeySensor {.configuration.actor library.Actors.IO.ArrowKeySensor} 6061 ms. Memory: 2578432K Free: 242166K (9%)
#Configuration.check: entity: ptolemy.actor.lib.io.CSVReader {.configuration.actor library.Actors.IO.CSVReader} 6105 ms. Memory: 2578432K Free: 226285K (9%)
#Configuration.check: entity: ptolemy.actor.lib.io.CSVWriter {.configuration.actor library.Actors.IO.CSVWriter} 6107 ms. Memory: 2578432K Free: 226285K (9%)
#Configuration.check: entity: ptolemy.actor.lib.net.DatagramReader {.configuration.actor library.Actors.IO.DatagramReader} 6108 ms. Memory: 2578432K Free: 226285K (9%)
#Configuration.check: entity: ptolemy.actor.lib.net.DatagramWriter {.configuration.actor library.Actors.IO.DatagramWriter} 6112 ms. Memory: 2578432K Free: 225782K (9%)
#Configuration.check: entity: ptolemy.actor.lib.io.DirectoryListing {.configuration.actor library.Actors.IO.DirectoryListing} 6113 ms. Memory: 2578432K Free: 225782K (9%)
#Configuration.check: entity: ptolemy.actor.lib.io.FileReader {.configuration.actor library.Actors.IO.FileReader} 6118 ms. Memory: 2578432K Free: 225782K (9%)
#Configuration.check: entity: ptolemy.actor.lib.net.IPAddress {.configuration.actor library.Actors.IO.IPAddress} 6119 ms. Memory: 2578432K Free: 225268K (9%)
#Configuration.check: entity: ptolemy.actor.lib.FileWriter {.configuration.actor library.Actors.IO.FileWriter} 6119 ms. Memory: 2578432K Free: 225268K (9%)
#Configuration.check: entity: ptolemy.actor.lib.io.LineReader {.configuration.actor library.Actors.IO.LineReader} 6120 ms. Memory: 2578432K Free: 225268K (9%)
#Configuration.check: entity: ptolemy.actor.lib.io.LineWriter {.configuration.actor library.Actors.IO.LineWriter} 6121 ms. Memory: 2578432K Free: 225268K (9%)
#Configuration.check: entity: ptolemy.actor.lib.logic.Comparator {.configuration.actor library.Actors.Logic.Comparator} 6121 ms. Memory: 2578432K Free: 225268K (9%)
#Configuration.check: entity: ptolemy.actor.lib.logic.Equals {.configuration.actor library.Actors.Logic.Equals} 6195 ms. Memory: 2578432K Free: 211446K (8%)
#Configuration.check: entity: ptolemy.actor.lib.logic.IsPresent {.configuration.actor library.Actors.Logic.IsPresent} 6195 ms. Memory: 2578432K Free: 211446K (8%)
#Configuration.check: entity: ptolemy.actor.lib.logic.LogicalNot {.configuration.actor library.Actors.Logic.LogicalNot} 6196 ms. Memory: 2578432K Free: 210932K (8%)
#Configuration.check: entity: ptolemy.actor.lib.logic.LogicGate {.configuration.actor library.Actors.Logic.LogicGate} 6196 ms. Memory: 2578432K Free: 210932K (8%)
#Configuration.check: entity: ptolemy.actor.lib.logic.TrueGate {.configuration.actor library.Actors.Logic.TrueGate} 6199 ms. Memory: 2578432K Free: 210422K (8%)
#Configuration.check: entity: ptolemy.actor.lib.AbsoluteValue {.configuration.actor library.Actors.Math.AbsoluteValue} 6199 ms. Memory: 2578432K Free: 210422K (8%)
#Configuration.check: entity: ptolemy.actor.lib.AddSubtract {.configuration.actor library.Actors.Math.AddSubtract} 6588 ms. Memory: 2578432K Free: 237037K (9%)
#Configuration.check: entity: ptolemy.actor.lib.Accumulator {.configuration.actor library.Actors.Math.Accumulator} 6588 ms. Memory: 2578432K Free: 237037K (9%)
#Configuration.check: entity: ptolemy.actor.lib.Average {.configuration.actor library.Actors.Math.Average} 6589 ms. Memory: 2578432K Free: 237037K (9%)
#Configuration.check: entity: ptolemy.actor.lib.Counter {.configuration.actor library.Actors.Math.Counter} 6590 ms. Memory: 2578432K Free: 236020K (9%)
#Configuration.check: entity: ptolemy.actor.lib.Differential {.configuration.actor library.Actors.Math.Differential} 6591 ms. Memory: 2578432K Free: 236020K (9%)
#Configuration.check: entity: ptolemy.domains.sdf.lib.DotProduct {.configuration.actor library.Actors.Math.DotProduct} 6592 ms. Memory: 2578432K Free: 235510K (9%)
#Configuration.check: entity: ptolemy.actor.lib.Expression {.configuration.actor library.Actors.Math.Expression} 6594 ms. Memory: 2578432K Free: 234486K (9%)
#Configuration.check: entity: ptolemy.actor.lib.Limiter {.configuration.actor library.Actors.Math.Limiter} 6602 ms. Memory: 2578432K Free: 234484K (9%)
#Configuration.check: entity: ptolemy.actor.lib.LookupTable {.configuration.actor library.Actors.Math.LookupTable} 6603 ms. Memory: 2578432K Free: 233972K (9%)
#Configuration.check: entity: ptolemy.actor.lib.Maximum {.configuration.actor library.Actors.Math.Maximum} 6604 ms. Memory: 2578432K Free: 233462K (9%)
#Configuration.check: entity: ptolemy.actor.lib.Minimum {.configuration.actor library.Actors.Math.Minimum} 6605 ms. Memory: 2578432K Free: 233462K (9%)
#Configuration.check: entity: ptolemy.actor.lib.MovingAverage {.configuration.actor library.Actors.Math.MovingAverage} 6606 ms. Memory: 2578432K Free: 232948K (9%)
#Configuration.check: entity: ptolemy.actor.lib.MultiplyDivide {.configuration.actor library.Actors.Math.MultiplyDivide} 6608 ms. Memory: 2578432K Free: 232438K (9%)
#Configuration.check: entity: ptolemy.actor.lib.Quantizer {.configuration.actor library.Actors.Math.Quantizer} 6608 ms. Memory: 2578432K Free: 232438K (9%)
#Configuration.check: entity: ptolemy.actor.lib.Remainder {.configuration.actor library.Actors.Math.Remainder} 6610 ms. Memory: 2578432K Free: 231924K (9%)
#Configuration.check: entity: ptolemy.actor.lib.RunningMaximum {.configuration.actor library.Actors.Math.RunningMaximum} 6611 ms. Memory: 2578432K Free: 231414K (9%)
#Configuration.check: entity: ptolemy.actor.lib.RunningMinimum {.configuration.actor library.Actors.Math.RunningMinimum} 6612 ms. Memory: 2578432K Free: 231414K (9%)
#Configuration.check: entity: ptolemy.actor.lib.Scale {.configuration.actor library.Actors.Math.Scale} 6613 ms. Memory: 2578432K Free: 230900K (9%)
#Configuration.check: entity: ptolemy.actor.lib.TrigFunction {.configuration.actor library.Actors.Math.TrigFunction} 6613 ms. Memory: 2578432K Free: 230900K (9%)
#Configuration.check: entity: ptolemy.actor.lib.UnaryMathFunction {.configuration.actor library.Actors.Math.UnaryMathFunction} 6613 ms. Memory: 2578432K Free: 230900K (9%)
#Configuration.check: entity: ptolemy.actor.lib.ArrayToMatrix {.configuration.actor library.Actors.Matrix.ArrayToMatrix} 6613 ms. Memory: 2578432K Free: 230900K (9%)
#Configuration.check: entity: ptolemy.domains.sdf.lib.MatrixJoin {.configuration.actor library.Actors.Matrix.MatrixJoin} 6646 ms. Memory: 2578432K Free: 212453K (8%)
#Configuration.check: entity: ptolemy.domains.sdf.lib.MatrixSplit {.configuration.actor library.Actors.Matrix.MatrixSplit} 6648 ms. Memory: 2578432K Free: 211429K (8%)
#Configuration.check: entity: ptolemy.actor.lib.MatrixToArray {.configuration.actor library.Actors.Matrix.MatrixToArray} 6650 ms. Memory: 2578432K Free: 210405K (8%)
#Configuration.check: entity: ptolemy.domains.sdf.lib.MatrixToSequence {.configuration.actor library.Actors.Matrix.MatrixToSequence} 6651 ms. Memory: 2578432K Free: 210405K (8%)
#Configuration.check: entity: ptolemy.actor.lib.gui.MatrixViewer {.configuration.actor library.Actors.Matrix.MatrixViewer} 6652 ms. Memory: 2578432K Free: 210405K (8%)
#Configuration.check: entity: ptolemy.domains.sdf.lib.SequenceToMatrix {.configuration.actor library.Actors.Matrix.SequenceToMatrix} 6652 ms. Memory: 2578432K Free: 209910K (8%)
#Configuration.check: entity: ptolemy.actor.lib.SubMatrix {.configuration.actor library.Actors.Matrix.SubMatrix} 6653 ms. Memory: 2578432K Free: 209910K (8%)
#Configuration.check: entity: ptolemy.actor.lib.Bernoulli {.configuration.actor library.Actors.Random.Bernoulli} 6654 ms. Memory: 2578432K Free: 209396K (8%)
#Configuration.check: entity: ptolemy.actor.lib.DiscreteRandomSource {.configuration.actor library.Actors.Random.DiscreteRandomSource} 6860 ms. Memory: 2578432K Free: 284909K (11%)
#Configuration.check: entity: ptolemy.actor.lib.Gaussian {.configuration.actor library.Actors.Random.Gaussian} 6872 ms. Memory: 2578432K Free: 284909K (11%)
#Configuration.check: entity: ptolemy.actor.lib.RandomInteger {.configuration.actor library.Actors.Random.RandomInteger} 6874 ms. Memory: 2578432K Free: 283885K (11%)
#Configuration.check: entity: ptolemy.actor.lib.Rician {.configuration.actor library.Actors.Random.Rician} 6875 ms. Memory: 2578432K Free: 283885K (11%)
#Configuration.check: entity: ptolemy.actor.lib.Triangular {.configuration.actor library.Actors.Random.Triangular} 6875 ms. Memory: 2578432K Free: 283885K (11%)
#Configuration.check: entity: ptolemy.actor.lib.Uniform {.configuration.actor library.Actors.Random.Uniform} 6878 ms. Memory: 2578432K Free: 282861K (11%)
#Configuration.check: entity: ptolemy.actor.lib.colt.ColtBeta {.configuration.actor library.Actors.Random.Colt.ColtBeta} 6880 ms. Memory: 2578432K Free: 282347K (11%)
#Configuration.check: entity: ptolemy.actor.lib.colt.ColtBinomial {.configuration.actor library.Actors.Random.Colt.ColtBinomial} 7141 ms. Memory: 2578432K Free: 250093K (10%)
#Configuration.check: entity: ptolemy.actor.lib.colt.ColtBinomialSelector {.configuration.actor library.Actors.Random.Colt.ColtBinomialSelector} 7143 ms. Memory: 2578432K Free: 249579K (10%)
#Configuration.check: entity: ptolemy.actor.lib.colt.ColtBreitWigner {.configuration.actor library.Actors.Random.Colt.ColtBreitWigner} 7152 ms. Memory: 2578432K Free: 249579K (10%)
#Configuration.check: entity: ptolemy.actor.lib.colt.ColtChiSquare {.configuration.actor library.Actors.Random.Colt.ColtChiSquare} 7154 ms. Memory: 2578432K Free: 249069K (10%)
#Configuration.check: entity: ptolemy.actor.lib.colt.ColtExponential {.configuration.actor library.Actors.Random.Colt.ColtExponential} 7175 ms. Memory: 2578432K Free: 249069K (10%)
#Configuration.check: entity: ptolemy.actor.lib.colt.ColtExponentialPower {.configuration.actor library.Actors.Random.Colt.ColtExponentialPower} 7177 ms. Memory: 2578432K Free: 248555K (10%)
#Configuration.check: entity: ptolemy.actor.lib.colt.ColtGamma {.configuration.actor library.Actors.Random.Colt.ColtGamma} 7181 ms. Memory: 2578432K Free: 248523K (10%)
#Configuration.check: entity: ptolemy.actor.lib.colt.ColtHyperGeometric {.configuration.actor library.Actors.Random.Colt.ColtHyperGeometric} 7183 ms. Memory: 2578432K Free: 248523K (10%)
#Configuration.check: entity: ptolemy.actor.lib.colt.ColtLogarithmic {.configuration.actor library.Actors.Random.Colt.ColtLogarithmic} 7185 ms. Memory: 2578432K Free: 248045K (10%)
#Configuration.check: entity: ptolemy.actor.lib.colt.ColtNegativeBinomial {.configuration.actor library.Actors.Random.Colt.ColtNegativeBinomial} 7192 ms. Memory: 2578432K Free: 248045K (10%)
#Configuration.check: entity: ptolemy.actor.lib.colt.ColtNormal {.configuration.actor library.Actors.Random.Colt.ColtNormal} 7200 ms. Memory: 2578432K Free: 247021K (10%)
#Configuration.check: entity: ptolemy.actor.lib.colt.ColtPoisson {.configuration.actor library.Actors.Random.Colt.ColtPoisson} 7216 ms. Memory: 2578432K Free: 246964K (10%)
#Configuration.check: entity: ptolemy.actor.lib.colt.ColtPoissonSlow {.configuration.actor library.Actors.Random.Colt.ColtPoissonSlow} 7218 ms. Memory: 2578432K Free: 246452K (10%)
#Configuration.check: entity: ptolemy.actor.lib.colt.ColtStudentT {.configuration.actor library.Actors.Random.Colt.ColtStudentT} 7224 ms. Memory: 2578432K Free: 246452K (10%)
#Configuration.check: entity: ptolemy.actor.lib.colt.ColtVonMises {.configuration.actor library.Actors.Random.Colt.ColtVonMises} 7226 ms. Memory: 2578432K Free: 246452K (10%)
#Configuration.check: entity: ptolemy.actor.lib.colt.ColtZeta {.configuration.actor library.Actors.Random.Colt.ColtZeta} 7232 ms. Memory: 2578432K Free: 245997K (10%)
#Configuration.check: entity: ptolemy.actor.lib.DelayStart {.configuration.actor library.Actors.RealTime.DelayStart} 7234 ms. Memory: 2578432K Free: 245997K (10%)
#Configuration.check: entity: ptolemy.actor.lib.ExecutionTime {.configuration.actor library.Actors.RealTime.ExecutionTime} 7261 ms. Memory: 2578432K Free: 241901K (9%)
#Configuration.check: entity: ptolemy.actor.lib.gui.RealTimePlotter {.configuration.actor library.Actors.RealTime.RealTimePlotter} 7262 ms. Memory: 2578432K Free: 241901K (9%)
#Configuration.check: entity: ptolemy.actor.lib.Sleep {.configuration.actor library.Actors.RealTime.Sleep} 7262 ms. Memory: 2578432K Free: 241901K (9%)
#Configuration.check: entity: ptolemy.actor.lib.VariableSleep {.configuration.actor library.Actors.RealTime.VariableSleep} 7263 ms. Memory: 2578432K Free: 241387K (9%)
#Configuration.check: entity: ptolemy.actor.lib.WallClockTime {.configuration.actor library.Actors.RealTime.WallClockTime} 7263 ms. Memory: 2578432K Free: 241387K (9%)
#Configuration.check: entity: ptolemy.actor.lib.javasound.AudioCapture {.configuration.actor library.Actors.SignalProcessing.Audio.AudioCapture} 7263 ms. Memory: 2578432K Free: 241387K (9%)
#Configuration.check: entity: ptolemy.actor.lib.javasound.AudioReader {.configuration.actor library.Actors.SignalProcessing.Audio.AudioReader} 7317 ms. Memory: 2578432K Free: 229613K (9%)
#Configuration.check: entity: ptolemy.actor.lib.javasound.AudioPlayer {.configuration.actor library.Actors.SignalProcessing.Audio.AudioPlayer} 7319 ms. Memory: 2578432K Free: 229613K (9%)
#Configuration.check: entity: ptolemy.actor.lib.javasound.AudioWriter {.configuration.actor library.Actors.SignalProcessing.Audio.AudioWriter} 7325 ms. Memory: 2578432K Free: 229099K (9%)
#Configuration.check: entity: ptolemy.actor.lib.javasound.ClipPlayer {.configuration.actor library.Actors.SignalProcessing.Audio.ClipPlayer} 7327 ms. Memory: 2578432K Free: 229099K (9%)
#Configuration.check: entity: ptolemy.actor.lib.comm.ConvolutionalCoder {.configuration.actor library.Actors.SignalProcessing.communications.ConvolutionalCoder} 7336 ms. Memory: 2578432K Free: 229099K (9%)
#Configuration.check: entity: ptolemy.actor.lib.comm.DeScrambler {.configuration.actor library.Actors.SignalProcessing.communications.DeScrambler} 7394 ms. Memory: 2578432K Free: 211181K (8%)
#Configuration.check: entity: ptolemy.actor.lib.comm.HadamardCode {.configuration.actor library.Actors.SignalProcessing.communications.HadamardCode} 7395 ms. Memory: 2578432K Free: 211181K (8%)
#Configuration.check: entity: ptolemy.actor.lib.comm.HammingCoder {.configuration.actor library.Actors.SignalProcessing.communications.HammingCoder} 7395 ms. Memory: 2578432K Free: 211181K (8%)
#Configuration.check: entity: ptolemy.actor.lib.comm.HammingDecoder {.configuration.actor library.Actors.SignalProcessing.communications.HammingDecoder} 7396 ms. Memory: 2578432K Free: 211181K (8%)
#Configuration.check: entity: ptolemy.actor.lib.comm.HuffmanCoder {.configuration.actor library.Actors.SignalProcessing.communications.HuffmanCoder} 7396 ms. Memory: 2578432K Free: 211181K (8%)
#Configuration.check: entity: ptolemy.actor.lib.comm.HuffmanDecoder {.configuration.actor library.Actors.SignalProcessing.communications.HuffmanDecoder} 7396 ms. Memory: 2578432K Free: 211181K (8%)
#Configuration.check: entity: ptolemy.actor.lib.comm.LempelZivCoder {.configuration.actor library.Actors.SignalProcessing.communications.LempelZivCoder} 7397 ms. Memory: 2578432K Free: 210667K (8%)
#Configuration.check: entity: ptolemy.actor.lib.comm.LempelZivDecoder {.configuration.actor library.Actors.SignalProcessing.communications.LempelZIvDecoder} 7397 ms. Memory: 2578432K Free: 210667K (8%)
#Configuration.check: entity: ptolemy.domains.sdf.lib.LineCoder {.configuration.actor library.Actors.SignalProcessing.communications.LineCoder} 7397 ms. Memory: 2578432K Free: 210667K (8%)
#Configuration.check: entity: ptolemy.domains.sdf.lib.LMSAdaptive {.configuration.actor library.Actors.SignalProcessing.communications.LMSAdaptive} 7398 ms. Memory: 2578432K Free: 210667K (8%)
#Configuration.check: entity: ptolemy.domains.sdf.lib.RaisedCosine {.configuration.actor library.Actors.SignalProcessing.communications.RaisedCosine} 7403 ms. Memory: 2578432K Free: 209133K (8%)
#Configuration.check: entity: ptolemy.actor.lib.comm.Scrambler {.configuration.actor library.Actors.SignalProcessing.communications.Scrambler} 7404 ms. Memory: 2578432K Free: 208619K (8%)
#Configuration.check: entity: ptolemy.actor.lib.comm.Slicer {.configuration.actor library.Actors.SignalProcessing.communications.Slicer} 7404 ms. Memory: 2578432K Free: 208619K (8%)
#Configuration.check: entity: ptolemy.actor.lib.comm.TrellisDecoder {.configuration.actor library.Actors.SignalProcessing.communications.TrellisDecoder} 7405 ms. Memory: 2578432K Free: 208619K (8%)
#Configuration.check: entity: ptolemy.actor.lib.comm.ViterbiDecoder {.configuration.actor library.Actors.SignalProcessing.communications.ViterbiDecoder} 7406 ms. Memory: 2578432K Free: 208619K (8%)
#Configuration.check: entity: ptolemy.domains.sdf.lib.DelayLine {.configuration.actor library.Actors.SignalProcessing.Filtering.DelayLine} 7407 ms. Memory: 2578432K Free: 208109K (8%)
#Configuration.check: entity: ptolemy.domains.sdf.lib.DownSample {.configuration.actor library.Actors.SignalProcessing.Filtering.DownSample} 7677 ms. Memory: 2578432K Free: 257261K (10%)
#Configuration.check: entity: ptolemy.domains.sdf.lib.FIR {.configuration.actor library.Actors.SignalProcessing.Filtering.FIR} 7679 ms. Memory: 2578432K Free: 256732K (10%)
#Configuration.check: entity: ptolemy.actor.lib.GradientAdaptiveLattice {.configuration.actor library.Actors.SignalProcessing.Filtering.GradientAdaptiveLattice} 7682 ms. Memory: 2578432K Free: 255708K (10%)
#Configuration.check: entity: ptolemy.actor.lib.IIR {.configuration.actor library.Actors.SignalProcessing.Filtering.IIR} 7691 ms. Memory: 2578432K Free: 255708K (10%)
#Configuration.check: entity: ptolemy.actor.lib.Lattice {.configuration.actor library.Actors.SignalProcessing.Filtering.Lattice} 7693 ms. Memory: 2578432K Free: 255213K (10%)
#Configuration.check: entity: ptolemy.actor.lib.LinearDifferenceEquationSystem {.configuration.actor library.Actors.SignalProcessing.Filtering.LinearDifferenceEquationSystem} 7694 ms. Memory: 2578432K Free: 255213K (10%)
#Configuration.check: entity: ptolemy.domains.sdf.lib.LMSAdaptive {.configuration.actor library.Actors.SignalProcessing.Filtering.LMSAdaptive} 7694 ms. Memory: 2578432K Free: 255213K (10%)
#Configuration.check: entity: ptolemy.actor.lib.RecursiveLattice {.configuration.actor library.Actors.SignalProcessing.Filtering.RecursiveLattice} 7700 ms. Memory: 2578432K Free: 253675K (10%)
#Configuration.check: entity: ptolemy.domains.sdf.lib.UpSample {.configuration.actor library.Actors.SignalProcessing.Filtering.UpSample} 7707 ms. Memory: 2578432K Free: 253675K (10%)
#Configuration.check: entity: ptolemy.domains.sdf.lib.VariableFIR {.configuration.actor library.Actors.SignalProcessing.Filtering.VariableFIR} 7709 ms. Memory: 2578432K Free: 253165K (10%)
#Configuration.check: entity: ptolemy.domains.sdf.lib.VariableLattice {.configuration.actor library.Actors.SignalProcessing.Filtering.VariableLattice} 7713 ms. Memory: 2578432K Free: 251612K (10%)
#Configuration.check: entity: ptolemy.domains.sdf.lib.VariableRecursiveLattice {.configuration.actor library.Actors.SignalProcessing.Filtering.VariableRecursiveLattice} 7713 ms. Memory: 2578432K Free: 251612K (10%)
#Configuration.check: entity: ptolemy.actor.lib.DB {.configuration.actor library.Actors.SignalProcessing.Spectrum.DB} 7714 ms. Memory: 2578432K Free: 251117K (10%)
#Configuration.check: entity: ptolemy.domains.sdf.lib.FFT {.configuration.actor library.Actors.SignalProcessing.Spectrum.FFT} 8124 ms. Memory: 2578432K Free: 255303K (10%)
#Configuration.check: entity: ptolemy.domains.sdf.lib.IFFT {.configuration.actor library.Actors.SignalProcessing.Spectrum.IFFT} 8127 ms. Memory: 2578432K Free: 254764K (10%)
#Configuration.check: entity: ptolemy.actor.lib.LevinsonDurbin {.configuration.actor library.Actors.SignalProcessing.Spectrum.LevinsonDurbin} 8128 ms. Memory: 2578432K Free: 253752K (10%)
#Configuration.check: entity: ptolemy.actor.lib.PhaseUnwrap {.configuration.actor library.Actors.SignalProcessing.Spectrum.PhaseUnwrap} 8129 ms. Memory: 2578432K Free: 253752K (10%)
#Configuration.check: entity: ptolemy.domains.sdf.lib.Autocorrelation {.configuration.actor library.Actors.SignalProcessing.Statistical.Autocorrelation} 8129 ms. Memory: 2578432K Free: 253752K (10%)
#Configuration.check: entity: ptolemy.actor.lib.ComputeHistogram {.configuration.actor library.Actors.SignalProcessing.Statistical.ComputeHistogram} 8180 ms. Memory: 2578432K Free: 239400K (9%)
#Configuration.check: entity: ptolemy.actor.lib.IIR {.configuration.actor library.Actors.SignalProcessing.Statistical.PowerEstimate.IIR} 8182 ms. Memory: 2578432K Free: 238921K (9%)
#Configuration.check: entity: ptolemy.actor.lib.DB {.configuration.actor library.Actors.SignalProcessing.Statistical.PowerEstimate.DB} 8185 ms. Memory: 2578432K Free: 238407K (9%)
#Configuration.check: entity: ptolemy.actor.lib.Scale {.configuration.actor library.Actors.SignalProcessing.Statistical.PowerEstimate.Scale} 8185 ms. Memory: 2578432K Free: 237897K (9%)
#Configuration.check: entity: ptolemy.actor.lib.MathFunction {.configuration.actor library.Actors.SignalProcessing.Statistical.PowerEstimate.MathFunction} 8186 ms. Memory: 2578432K Free: 237897K (9%)
#Configuration.check: entity: ptolemy.actor.lib.string.StringCompare {.configuration.actor library.Actors.String.StringCompare} 8186 ms. Memory: 2578432K Free: 237897K (9%)
#Configuration.check: entity: ptolemy.actor.lib.string.StringFunction {.configuration.actor library.Actors.String.StringFunction} 8307 ms. Memory: 2578432K Free: 209720K (8%)
#Configuration.check: entity: ptolemy.actor.lib.string.StringIndexOf {.configuration.actor library.Actors.String.StringIndexOf} 8308 ms. Memory: 2578432K Free: 209720K (8%)
#Configuration.check: entity: ptolemy.actor.lib.string.StringLength {.configuration.actor library.Actors.String.StringLength} 8309 ms. Memory: 2578432K Free: 209225K (8%)
#Configuration.check: entity: ptolemy.actor.lib.string.StringMatches {.configuration.actor library.Actors.String.StringMatches} 8310 ms. Memory: 2578432K Free: 208711K (8%)
#Configuration.check: entity: ptolemy.actor.lib.string.StringReplace {.configuration.actor library.Actors.String.StringReplace} 8312 ms. Memory: 2578432K Free: 208711K (8%)
#Configuration.check: entity: ptolemy.actor.lib.string.StringSplit {.configuration.actor library.Actors.String.StringSplit} 8313 ms. Memory: 2578432K Free: 208201K (8%)
#Configuration.check: entity: ptolemy.actor.lib.string.StringSubstring {.configuration.actor library.Actors.String.StringSubstring} 8316 ms. Memory: 2578432K Free: 208201K (8%)
#Configuration.check: entity: ptolemy.actor.lib.DiscreteClock {.configuration.actor library.Actors.DomainSpecific.Continuous.Signal Generators.ContinuousClock.DiscreteClock} 8318 ms. Memory: 2578432K Free: 207687K (8%)
#Configuration.check: entity: ptolemy.domains.continuous.lib.ZeroOrderHold {.configuration.actor library.Actors.DomainSpecific.Continuous.Signal Generators.ContinuousClock.ZeroOrderHold} 8610 ms. Memory: 2578432K Free: 212550K (8%)
#Configuration.check: entity: ptolemy.actor.lib.DiscreteClock {.configuration.actor library.Actors.DomainSpecific.Continuous.Signal Generators.DiscreteClock} 8611 ms. Memory: 2578432K Free: 212550K (8%)
#Configuration.check: entity: ptolemy.actor.lib.SingleEvent {.configuration.actor library.Actors.DomainSpecific.Continuous.Signal Generators.SingleEvent} 8612 ms. Memory: 2578432K Free: 212059K (8%)
#Configuration.check: entity: ptolemy.domains.continuous.lib.Waveform {.configuration.actor library.Actors.DomainSpecific.Continuous.Signal Generators.Waveform} 8613 ms. Memory: 2578432K Free: 212059K (8%)
#Configuration.check: entity: ptolemy.domains.continuous.lib.LevelCrossingDetector {.configuration.actor library.Actors.DomainSpecific.Continuous.Continuous to Discrete.LevelCrossingDetector} 8614 ms. Memory: 2578432K Free: 211515K (8%)
#Configuration.check: entity: ptolemy.domains.continuous.lib.PeriodicSampler {.configuration.actor library.Actors.DomainSpecific.Continuous.Continuous to Discrete.PeriodicSampler} 8624 ms. Memory: 2578432K Free: 211348K (8%)
#Configuration.check: entity: ptolemy.actor.lib.Sampler {.configuration.actor library.Actors.DomainSpecific.Continuous.Continuous to Discrete.Sampler} 8625 ms. Memory: 2578432K Free: 211035K (8%)
#Configuration.check: entity: ptolemy.domains.continuous.lib.ZeroOrderHold {.configuration.actor library.Actors.DomainSpecific.Continuous.Discrete to Continuous.ZeroOrderHold} 8625 ms. Memory: 2578432K Free: 211035K (8%)
#Configuration.check: entity: ptolemy.actor.lib.Scale {.configuration.actor library.Actors.DomainSpecific.Continuous.Dynamics.DCMotor.Scale} 8625 ms. Memory: 2578432K Free: 211035K (8%)
#Configuration.check: entity: ptolemy.actor.lib.AddSubtract {.configuration.actor library.Actors.DomainSpecific.Continuous.Dynamics.DCMotor.AddSubtract} 8625 ms. Memory: 2578432K Free: 211035K (8%)
#Configuration.check: entity: ptolemy.actor.lib.Scale {.configuration.actor library.Actors.DomainSpecific.Continuous.Dynamics.DCMotor.Scale2} 8626 ms. Memory: 2578432K Free: 211035K (8%)
#Configuration.check: entity: ptolemy.actor.lib.AddSubtract {.configuration.actor library.Actors.DomainSpecific.Continuous.Dynamics.DCMotor.AddSubtract2} 8626 ms. Memory: 2578432K Free: 210521K (8%)
#Configuration.check: entity: ptolemy.domains.continuous.lib.Integrator {.configuration.actor library.Actors.DomainSpecific.Continuous.Dynamics.DCMotor.Integrator} 8626 ms. Memory: 2578432K Free: 210521K (8%)
#Configuration.check: entity: ptolemy.actor.lib.Scale {.configuration.actor library.Actors.DomainSpecific.Continuous.Dynamics.DCMotor.Scale3} 8627 ms. Memory: 2578432K Free: 210521K (8%)
#Configuration.check: entity: ptolemy.actor.lib.Scale {.configuration.actor library.Actors.DomainSpecific.Continuous.Dynamics.DCMotor.Scale4} 8628 ms. Memory: 2578432K Free: 210521K (8%)
#Configuration.check: entity: ptolemy.actor.lib.Scale {.configuration.actor library.Actors.DomainSpecific.Continuous.Dynamics.DCMotor.Scale5} 8628 ms. Memory: 2578432K Free: 210521K (8%)
#Configuration.check: entity: ptolemy.domains.continuous.lib.Integrator {.configuration.actor library.Actors.DomainSpecific.Continuous.Dynamics.DCMotor.Integrator2} 8628 ms. Memory: 2578432K Free: 210521K (8%)
#Configuration.check: entity: ptolemy.actor.lib.Default {.configuration.actor library.Actors.DomainSpecific.Continuous.Dynamics.DCMotor.Default} 8629 ms. Memory: 2578432K Free: 210011K (8%)
#Configuration.check: entity: ptolemy.actor.lib.Const {.configuration.actor library.Actors.DomainSpecific.Continuous.Dynamics.DCMotor.Const} 8630 ms. Memory: 2578432K Free: 209497K (8%)
#Configuration.check: entity: ptolemy.domains.continuous.lib.Derivative {.configuration.actor library.Actors.DomainSpecific.Continuous.Dynamics.Derivative} 8631 ms. Memory: 2578432K Free: 209497K (8%)
#Configuration.check: entity: ptolemy.domains.continuous.lib.Integrator {.configuration.actor library.Actors.DomainSpecific.Continuous.Dynamics.Integrator} 8647 ms. Memory: 2578432K Free: 209478K (8%)
#Configuration.check: entity: ptolemy.domains.continuous.lib.BandlimitedNoise {.configuration.actor library.Actors.DomainSpecific.Continuous.Random.BandlimitedNoise} 8654 ms. Memory: 2578432K Free: 209478K (8%)
#Configuration.check: entity: ptolemy.domains.continuous.lib.Noise {.configuration.actor library.Actors.DomainSpecific.Continuous.Random.Noise} 8657 ms. Memory: 2578432K Free: 208473K (8%)
#Configuration.check: entity: ptolemy.actor.lib.MicrostepDelay {.configuration.actor library.Actors.DomainSpecific.Continuous.Miscellaneous.MicrostepDelay} 8659 ms. Memory: 2578432K Free: 207963K (8%)
#Configuration.check: entity: ptolemy.actor.lib.ResettableTimer {.configuration.actor library.Actors.DomainSpecific.Continuous.Miscellaneous.ResettableTimer} 8660 ms. Memory: 2578432K Free: 207449K (8%)
#Configuration.check: entity: ptolemy.domains.continuous.lib.ContinuousMerge {.configuration.actor library.Actors.DomainSpecific.Continuous.Miscellaneous.ContinuousMerge} 8661 ms. Memory: 2578432K Free: 207430K (8%)
#Configuration.check: entity: ptolemy.domains.ddf.lib.DDFSingleTokenCommutator {.configuration.actor library.Actors.DomainSpecific.DynamicDataFlow.DDFSingleTokenCommutator} 8661 ms. Memory: 2578432K Free: 207430K (8%)
#Configuration.check: entity: ptolemy.actor.lib.CurrentDate {.configuration.actor library.Actors.DomainSpecific.DiscreteEvent.Date.CurrentDate} 8671 ms. Memory: 2578432K Free: 206939K (8%)
#Configuration.check: entity: ptolemy.actor.lib.DateElements {.configuration.actor library.Actors.DomainSpecific.DiscreteEvent.Date.DateElements} 9015 ms. Memory: 2578432K Free: 298839K (12%)
#Configuration.check: entity: ptolemy.actor.lib.DateConstructor {.configuration.actor library.Actors.DomainSpecific.DiscreteEvent.Date.DateConstructor} 9017 ms. Memory: 2578432K Free: 297815K (12%)
#Configuration.check: entity: ptolemy.domains.de.lib.DateToEvent {.configuration.actor library.Actors.DomainSpecific.DiscreteEvent.Date.DateToEvent} 9021 ms. Memory: 2578432K Free: 296791K (12%)
#Configuration.check: entity: ptolemy.domains.de.lib.DateToModelTime {.configuration.actor library.Actors.DomainSpecific.DiscreteEvent.Date.DateToModelTime} 9024 ms. Memory: 2578432K Free: 295767K (11%)
#Configuration.check: entity: ptolemy.domains.de.lib.EventToDate {.configuration.actor library.Actors.DomainSpecific.DiscreteEvent.Date.EventToDate} 9026 ms. Memory: 2578432K Free: 294743K (11%)
#Configuration.check: entity: ptolemy.actor.lib.ModifyDate {.configuration.actor library.Actors.DomainSpecific.DiscreteEvent.Date.ModifyDate} 9029 ms. Memory: 2578432K Free: 294233K (11%)
#Configuration.check: entity: ptolemy.actor.lib.conversions.StringToDate {.configuration.actor library.Actors.DomainSpecific.DiscreteEvent.Date.StringToDate} 9031 ms. Memory: 2578432K Free: 293209K (11%)
#Configuration.check: entity: ptolemy.domains.de.lib.AverageOverTime {.configuration.actor library.Actors.DomainSpecific.DiscreteEvent.AverageOverTime} 9031 ms. Memory: 2578432K Free: 293209K (11%)
#Configuration.check: entity: ptolemy.domains.de.lib.Derivative {.configuration.actor library.Actors.DomainSpecific.DiscreteEvent.Derivative} 9032 ms. Memory: 2578432K Free: 293209K (11%)
#Configuration.check: entity: ptolemy.actor.lib.gui.EventButton {.configuration.actor library.Actors.DomainSpecific.DiscreteEvent.EventButton} 9033 ms. Memory: 2578432K Free: 293209K (11%)
#Configuration.check: entity: ptolemy.domains.de.lib.EventFilter {.configuration.actor library.Actors.DomainSpecific.DiscreteEvent.EventFilter} 9034 ms. Memory: 2578432K Free: 292684K (11%)
#Configuration.check: entity: ptolemy.domains.de.lib.Inhibit {.configuration.actor library.Actors.DomainSpecific.DiscreteEvent.Inhibit} 9035 ms. Memory: 2578432K Free: 292684K (11%)
#Configuration.check: entity: ptolemy.domains.de.lib.Integrator {.configuration.actor library.Actors.DomainSpecific.DiscreteEvent.Integrator} 9035 ms. Memory: 2578432K Free: 292185K (11%)
#Configuration.check: entity: ptolemy.domains.de.lib.Merge {.configuration.actor library.Actors.DomainSpecific.DiscreteEvent.Merge} 9035 ms. Memory: 2578432K Free: 292185K (11%)
#Configuration.check: entity: ptolemy.actor.lib.MicrostepDelay {.configuration.actor library.Actors.DomainSpecific.DiscreteEvent.MicrostepDelay} 9036 ms. Memory: 2578432K Free: 292185K (11%)
#Configuration.check: entity: ptolemy.domains.de.lib.MostRecent {.configuration.actor library.Actors.DomainSpecific.DiscreteEvent.MostRecent} 9036 ms. Memory: 2578432K Free: 292185K (11%)
#Configuration.check: entity: ptolemy.domains.de.lib.PID {.configuration.actor library.Actors.DomainSpecific.DiscreteEvent.PID} 9037 ms. Memory: 2578432K Free: 292185K (11%)
#Configuration.check: entity: ptolemy.domains.de.lib.Previous {.configuration.actor library.Actors.DomainSpecific.DiscreteEvent.Previous} 9037 ms. Memory: 2578432K Free: 292185K (11%)
#Configuration.check: entity: ptolemy.domains.de.lib.Queue {.configuration.actor library.Actors.DomainSpecific.DiscreteEvent.Queue} 9038 ms. Memory: 2578432K Free: 291671K (11%)
#Configuration.check: entity: ptolemy.domains.de.lib.Register {.configuration.actor library.Actors.DomainSpecific.DiscreteEvent.Register} 9039 ms. Memory: 2578432K Free: 291161K (11%)
#Configuration.check: entity: ptolemy.actor.lib.ResettableTimer {.configuration.actor library.Actors.DomainSpecific.DiscreteEvent.ResettableTimer} 9039 ms. Memory: 2578432K Free: 291161K (11%)
#Configuration.check: entity: ptolemy.domains.de.lib.Server {.configuration.actor library.Actors.DomainSpecific.DiscreteEvent.Server} 9040 ms. Memory: 2578432K Free: 291161K (11%)
#Configuration.check: entity: ptolemy.domains.de.lib.SharedQueue {.configuration.actor library.Actors.DomainSpecific.DiscreteEvent.SharedQueue} 9041 ms. Memory: 2578432K Free: 290647K (11%)
#Configuration.check: entity: ptolemy.actor.lib.SingleEvent {.configuration.actor library.Actors.DomainSpecific.DiscreteEvent.SingleEvent} 9043 ms. Memory: 2578432K Free: 290137K (11%)
#Configuration.check: entity: ptolemy.domains.de.lib.TimeCompare {.configuration.actor library.Actors.DomainSpecific.DiscreteEvent.TimeCompare} 9043 ms. Memory: 2578432K Free: 290137K (11%)
#Configuration.check: entity: ptolemy.actor.lib.TimeDelay {.configuration.actor library.Actors.DomainSpecific.DiscreteEvent.TimeDelay} 9044 ms. Memory: 2578432K Free: 289623K (11%)
#Configuration.check: entity: ptolemy.domains.de.lib.TimeGap {.configuration.actor library.Actors.DomainSpecific.DiscreteEvent.TimeGap} 9045 ms. Memory: 2578432K Free: 289623K (11%)
#Configuration.check: entity: ptolemy.domains.de.lib.WaitingTime {.configuration.actor library.Actors.DomainSpecific.DiscreteEvent.WaitingTime} 9046 ms. Memory: 2578432K Free: 289113K (11%)
#Configuration.check: entity: ptolemy.actor.lib.OrderedMerge {.configuration.actor library.Actors.DomainSpecific.ProcessNetworks.OrderedMerge} 9050 ms. Memory: 2578432K Free: 288599K (11%)
#Configuration.check: entity: ptolemy.actor.lib.Sequencer {.configuration.actor library.Actors.DomainSpecific.ProcessNetworks.Sequencer} 9074 ms. Memory: 2578432K Free: 276825K (11%)
#Configuration.check: entity: ptolemy.domains.pn.lib.Starver {.configuration.actor library.Actors.DomainSpecific.ProcessNetworks.Starver} 9075 ms. Memory: 2578432K Free: 276311K (11%)
#Configuration.check: entity: ptolemy.actor.lib.Stop {.configuration.actor library.Actors.DomainSpecific.ProcessNetworks.Stop} 9077 ms. Memory: 2578432K Free: 276300K (11%)
#Configuration.check: entity: ptolemy.actor.lib.Synchronizer {.configuration.actor library.Actors.DomainSpecific.ProcessNetworks.Synchronizer} 9078 ms. Memory: 2578432K Free: 275801K (11%)
#Configuration.check: entity: ptolemy.domains.rendezvous.lib.Barrier {.configuration.actor library.Actors.DomainSpecific.Rendezvous.Barrier} 9078 ms. Memory: 2578432K Free: 275801K (11%)
#Configuration.check: entity: ptolemy.domains.rendezvous.lib.Buffer {.configuration.actor library.Actors.DomainSpecific.Rendezvous.Buffer} 9117 ms. Memory: 2578432K Free: 258903K (10%)
#Configuration.check: entity: ptolemy.domains.rendezvous.lib.Merge {.configuration.actor library.Actors.DomainSpecific.Rendezvous.Merge} 9118 ms. Memory: 2578432K Free: 258393K (10%)
#Configuration.check: entity: ptolemy.domains.rendezvous.lib.ResourcePool {.configuration.actor library.Actors.DomainSpecific.Rendezvous.ResourcePool} 9119 ms. Memory: 2578432K Free: 258393K (10%)
#Configuration.check: entity: ptolemy.domains.sr.lib.Absent {.configuration.actor library.Actors.DomainSpecific.SynchronousReactive.Absent} 9120 ms. Memory: 2578432K Free: 258393K (10%)
#Configuration.check: entity: ptolemy.domains.sr.lib.Current {.configuration.actor library.Actors.DomainSpecific.SynchronousReactive.Current} 9313 ms. Memory: 2578432K Free: 559285K (22%)
#Configuration.check: entity: ptolemy.actor.lib.Default {.configuration.actor library.Actors.DomainSpecific.SynchronousReactive.Default} 9314 ms. Memory: 2578432K Free: 558799K (22%)
#Configuration.check: entity: ptolemy.domains.sr.lib.InstantaneousDialogGenerator {.configuration.actor library.Actors.DomainSpecific.SynchronousReactive.InstantaneousDialogGenerator} 9315 ms. Memory: 2578432K Free: 558799K (22%)
#Configuration.check: entity: ptolemy.actor.lib.logic.IsPresent {.configuration.actor library.Actors.DomainSpecific.SynchronousReactive.IsPresent} 9315 ms. Memory: 2578432K Free: 558799K (22%)
#Configuration.check: entity: ptolemy.domains.sr.lib.NonStrictDelay {.configuration.actor library.Actors.DomainSpecific.SynchronousReactive.NonStrictDelay} 9315 ms. Memory: 2578432K Free: 558799K (22%)
#Configuration.check: entity: ptolemy.domains.sr.lib.gui.NonStrictDisplay {.configuration.actor library.Actors.DomainSpecific.SynchronousReactive.NonStrictDisplay} 9315 ms. Memory: 2578432K Free: 558285K (22%)
#Configuration.check: entity: ptolemy.domains.sr.lib.BinaryNonStrictLogicGate {.configuration.actor library.Actors.DomainSpecific.SynchronousReactive.BinaryNonStrictLogicGate} 9316 ms. Memory: 2578432K Free: 558285K (22%)
#Configuration.check: entity: ptolemy.domains.sr.lib.NonStrictLogicGate {.configuration.actor library.Actors.DomainSpecific.SynchronousReactive.NonStrictLogicGate} 9317 ms. Memory: 2578432K Free: 557775K (22%)
#Configuration.check: entity: ptolemy.domains.sr.lib.NonStrictAndGate {.configuration.actor library.Actors.DomainSpecific.SynchronousReactive.NonStrictAndGate} 9319 ms. Memory: 2578432K Free: 557251K (22%)
#Configuration.check: entity: ptolemy.domains.sr.lib.NonStrictOrGate {.configuration.actor library.Actors.DomainSpecific.SynchronousReactive.NonStrictOrGate} 9320 ms. Memory: 2578432K Free: 556237K (22%)
#Configuration.check: entity: ptolemy.domains.sr.lib.NonStrictXorGate {.configuration.actor library.Actors.DomainSpecific.SynchronousReactive.NonStrictXorGate} 9322 ms. Memory: 2578432K Free: 555727K (22%)
#Configuration.check: entity: ptolemy.domains.sr.lib.NonStrictThreeBitAdder {.configuration.actor library.Actors.DomainSpecific.SynchronousReactive.NonStrictThreeBitAdder} 9323 ms. Memory: 2578432K Free: 555213K (22%)
#Configuration.check: entity: ptolemy.domains.sr.lib.Pre {.configuration.actor library.Actors.DomainSpecific.SynchronousReactive.Pre} 9324 ms. Memory: 2578432K Free: 555213K (22%)
#Configuration.check: entity: ptolemy.domains.sr.lib.SingleTokenDistributor {.configuration.actor library.Actors.DomainSpecific.SynchronousReactive.SingleTokenDistributor} 9324 ms. Memory: 2578432K Free: 554703K (22%)
#Configuration.check: entity: ptolemy.domains.sr.lib.When {.configuration.actor library.Actors.DomainSpecific.SynchronousReactive.When} 9324 ms. Memory: 2578432K Free: 554703K (22%)
#Configuration.check: entity: ptolemy.actor.lib.logic.TrueGate {.configuration.actor library.Actors.DomainSpecific.SynchronousReactive.TrueGate} 9325 ms. Memory: 2578432K Free: 554703K (22%)
#Configuration.check: entity: org.terraswarm.accessor.JSAccessor {.configuration.actor library.MoreLibraries.Accessors.adapters.Adapter} 9325 ms. Memory: 2578432K Free: 554703K (22%)
#Retrieving library from file:/home/travis/build/icyphy/ptII/org/terraswarm/accessor/accessors/web/index.json
Retrieving library from file:/home/travis/build/icyphy/ptII/org/terraswarm/accessor/accessors/web/adapters/index.json
Configuration.check: entity: org.terraswarm.accessor.JSAccessor {.configuration.actor library.MoreLibraries.Accessors.adapters.CelsiusToFahrenheit} 19334 ms. Memory: 2738176K Free: 903538K (33%)
#Configuration.check: entity: org.terraswarm.accessor.JSAccessor {.configuration.actor library.MoreLibraries.Accessors.adapters.Identity} 19346 ms. Memory: 2738176K Free: 902514K (33%)
#Configuration.check: entity: org.terraswarm.accessor.JSAccessor {.configuration.actor library.MoreLibraries.Accessors.adapters.KelvinToFahrenheit} 19350 ms. Memory: 2738176K Free: 901490K (33%)
#Configuration.check: entity: org.terraswarm.accessor.JSAccessor {.configuration.actor library.MoreLibraries.Accessors.audio.AudioCapture} 19353 ms. Memory: 2738176K Free: 899952K (33%)
#Retrieving library from file:/home/travis/build/icyphy/ptII/org/terraswarm/accessor/accessors/web/audio/index.json
Configuration.check: entity: org.terraswarm.accessor.JSAccessor {.configuration.actor library.MoreLibraries.Accessors.audio.AudioPlayer} 26926 ms. Memory: 2738176K Free: 539648K (20%)
#Configuration.check: entity: org.terraswarm.accessor.JSAccessor {.configuration.actor library.MoreLibraries.Accessors.audio.ClipPlayer} 26930 ms. Memory: 2738176K Free: 538624K (20%)
#Configuration.check: entity: org.terraswarm.accessor.JSAccessor {.configuration.actor library.MoreLibraries.Accessors.cameras.Camera} 26934 ms. Memory: 2738176K Free: 536576K (20%)
#Retrieving library from file:/home/travis/build/icyphy/ptII/org/terraswarm/accessor/accessors/web/cameras/index.json
Configuration.check: entity: org.terraswarm.accessor.JSAccessor {.configuration.actor library.MoreLibraries.Accessors.cameras.Foscam} 32254 ms. Memory: 2738176K Free: 603631K (22%)
#Configuration.check: entity: org.terraswarm.accessor.JSAccessor {.configuration.actor library.MoreLibraries.Accessors.dashboard.GraphComponent} 32263 ms. Memory: 2738176K Free: 602112K (22%)
#Retrieving library from file:/home/travis/build/icyphy/ptII/org/terraswarm/accessor/accessors/web/dashboard/index.json
Configuration.check: entity: org.terraswarm.accessor.JSAccessor {.configuration.actor library.MoreLibraries.Accessors.dashboard.OdometerComponent} 53071 ms. Memory: 2738176K Free: 561647K (21%)
#Configuration.check: entity: org.terraswarm.accessor.JSAccessor {.configuration.actor library.MoreLibraries.Accessors.dashboard.ParkingComponent} 53074 ms. Memory: 2738176K Free: 560128K (20%)
#Configuration.check: entity: org.terraswarm.accessor.JSAccessor {.configuration.actor library.MoreLibraries.Accessors.dashboard.RestaurantComponent} 53077 ms. Memory: 2738176K Free: 559104K (20%)
#Configuration.check: entity: org.terraswarm.accessor.JSAccessor {.configuration.actor library.MoreLibraries.Accessors.dashboard.RoutingWebSocketServer} 53079 ms. Memory: 2738176K Free: 558080K (20%)
#Configuration.check: entity: org.terraswarm.accessor.JSAccessor {.configuration.actor library.MoreLibraries.Accessors.dashboard.SpeedometerComponent} 53082 ms. Memory: 2738176K Free: 557056K (20%)
#Configuration.check: entity: org.terraswarm.accessor.JSAccessor {.configuration.actor library.MoreLibraries.Accessors.dashboard.UIComponent} 53084 ms. Memory: 2738176K Free: 556032K (20%)
#Configuration.check: entity: org.terraswarm.accessor.JSAccessor {.configuration.actor library.MoreLibraries.Accessors.dashboard.VideoComponent} 53087 ms. Memory: 2738176K Free: 555008K (20%)
#Configuration.check: entity: org.terraswarm.accessor.JSAccessor {.configuration.actor library.MoreLibraries.Accessors.devices.AdsB} 53090 ms. Memory: 2738176K Free: 553984K (20%)
#Retrieving library from file:/home/travis/build/icyphy/ptII/org/terraswarm/accessor/accessors/web/devices/index.json
Configuration.check: entity: org.terraswarm.accessor.JSAccessor {.configuration.actor library.MoreLibraries.Accessors.devices.Hue} 73488 ms. Memory: 2738176K Free: 467968K (17%)
#Configuration.check: entity: org.terraswarm.accessor.JSAccessor {.configuration.actor library.MoreLibraries.Accessors.devices.Moto360SensorListener} 73491 ms. Memory: 2738176K Free: 466944K (17%)
#Configuration.check: entity: org.terraswarm.accessor.JSAccessor {.configuration.actor library.MoreLibraries.Accessors.devices.DrDose} 73494 ms. Memory: 2738176K Free: 465920K (17%)
#Configuration.check: entity: org.terraswarm.accessor.JSAccessor {.configuration.actor library.MoreLibraries.Accessors.devices.PhSensor} 73501 ms. Memory: 2738176K Free: 463872K (17%)
#Configuration.check: entity: org.terraswarm.accessor.JSAccessor {.configuration.actor library.MoreLibraries.Accessors.devices.EcSensor} 73506 ms. Memory: 2738176K Free: 462334K (17%)
#Configuration.check: entity: org.terraswarm.accessor.JSAccessor {.configuration.actor library.MoreLibraries.Accessors.devices.Lifx} 73510 ms. Memory: 2738176K Free: 460800K (17%)
#Configuration.check: entity: org.terraswarm.accessor.JSAccessor {.configuration.actor library.MoreLibraries.Accessors.image.AprilTags} 73515 ms. Memory: 2738176K Free: 459776K (17%)
#Retrieving library from file:/home/travis/build/icyphy/ptII/org/terraswarm/accessor/accessors/web/image/index.json
CharacterRecognition: The tesseract module was not present.  The CharacterRecognition accessor is not supported on this accessor host. (Thread[main,5,main])
CharacterRecognition: The tesseract module was not present.  The CharacterRecognition accessor is not supported on this accessor host. (Thread[main,5,main])
Configuration.check: entity: org.terraswarm.accessor.JSAccessor {.configuration.actor library.MoreLibraries.Accessors.image.CharacterRecognition} 95456 ms. Memory: 2738176K Free: 437246K (16%)
#Configuration.check: entity: org.terraswarm.accessor.JSAccessor {.configuration.actor library.MoreLibraries.Accessors.image.ComputerVision} 95465 ms. Memory: 2738176K Free: 435712K (16%)
#Configuration.check: entity: org.terraswarm.accessor.JSAccessor {.configuration.actor library.MoreLibraries.Accessors.image.FaceDetector} 95474 ms. Memory: 2738176K Free: 434688K (16%)
#Configuration.check: entity: org.terraswarm.accessor.JSAccessor {.configuration.actor library.MoreLibraries.Accessors.image.ImageAnnotate} 95484 ms. Memory: 2738176K Free: 433664K (16%)
#Configuration.check: entity: org.terraswarm.accessor.JSAccessor {.configuration.actor library.MoreLibraries.Accessors.image.ImageDisplay} 95489 ms. Memory: 2738176K Free: 432111K (16%)
#Configuration.check: entity: org.terraswarm.accessor.JSAccessor {.configuration.actor library.MoreLibraries.Accessors.image.ImageFilter} 95494 ms. Memory: 2738176K Free: 431087K (16%)
#Configuration.check: entity: org.terraswarm.accessor.JSAccessor {.configuration.actor library.MoreLibraries.Accessors.image.MotionDetector} 95498 ms. Memory: 2738176K Free: 430063K (16%)
#Configuration.check: entity: org.terraswarm.accessor.JSAccessor {.configuration.actor library.MoreLibraries.Accessors.net.Discovery} 95504 ms. Memory: 2738176K Free: 428030K (16%)
#Retrieving library from file:/home/travis/build/icyphy/ptII/org/terraswarm/accessor/accessors/web/net/index.json
Configuration.check: entity: org.terraswarm.accessor.JSAccessor {.configuration.actor library.MoreLibraries.Accessors.net.IPAddress} 161966 ms. Memory: 2846720K Free: 807424K (28%)
#Configuration.check: entity: org.terraswarm.accessor.JSAccessor {.configuration.actor library.MoreLibraries.Accessors.net.KeyValueStore} 161969 ms. Memory: 2846720K Free: 806400K (28%)
#Configuration.check: entity: org.terraswarm.accessor.JSAccessor {.configuration.actor library.MoreLibraries.Accessors.net.MQTTPublisher} 161977 ms. Memory: 2846720K Free: 805376K (28%)
#Configuration.check: entity: org.terraswarm.accessor.JSAccessor {.configuration.actor library.MoreLibraries.Accessors.net.MQTTSubscriber} 161982 ms. Memory: 2846720K Free: 804352K (28%)
#Configuration.check: entity: org.terraswarm.accessor.JSAccessor {.configuration.actor library.MoreLibraries.Accessors.net.REST} 161987 ms. Memory: 2846720K Free: 802807K (28%)
#Configuration.check: entity: org.terraswarm.accessor.JSAccessor {.configuration.actor library.MoreLibraries.Accessors.net.SecureCommClient} 161993 ms. Memory: 2846720K Free: 800766K (28%)
#Configuration.check: entity: org.terraswarm.accessor.JSAccessor {.configuration.actor library.MoreLibraries.Accessors.net.SecureCommServer} 162000 ms. Memory: 2846720K Free: 799232K (28%)
#Configuration.check: entity: org.terraswarm.accessor.JSAccessor {.configuration.actor library.MoreLibraries.Accessors.net.SecurePublisher} 162005 ms. Memory: 2846720K Free: 797679K (28%)
#Configuration.check: entity: org.terraswarm.accessor.JSAccessor {.configuration.actor library.MoreLibraries.Accessors.net.SecureSubscriber} 162010 ms. Memory: 2846720K Free: 796160K (28%)
#Configuration.check: entity: org.terraswarm.accessor.JSAccessor {.configuration.actor library.MoreLibraries.Accessors.net.SerialPort} 162016 ms. Memory: 2846720K Free: 794112K (28%)
#Configuration.check: entity: org.terraswarm.accessor.JSAccessor {.configuration.actor library.MoreLibraries.Accessors.net.TCPSocketClient} 162021 ms. Memory: 2846720K Free: 793088K (28%)
#Configuration.check: entity: org.terraswarm.accessor.JSAccessor {.configuration.actor library.MoreLibraries.Accessors.net.TCPSocketServer} 162028 ms. Memory: 2846720K Free: 792064K (28%)
#Configuration.check: entity: org.terraswarm.accessor.JSAccessor {.configuration.actor library.MoreLibraries.Accessors.net.UDPSocketListener} 162033 ms. Memory: 2846720K Free: 790519K (28%)
#Configuration.check: entity: org.terraswarm.accessor.JSAccessor {.configuration.actor library.MoreLibraries.Accessors.net.UDPSocketSender} 162037 ms. Memory: 2846720K Free: 789495K (28%)
#Configuration.check: entity: org.terraswarm.accessor.JSAccessor {.configuration.actor library.MoreLibraries.Accessors.net.VertxPublish} 162041 ms. Memory: 2846720K Free: 788478K (28%)
#Configuration.check: entity: org.terraswarm.accessor.JSAccessor {.configuration.actor library.MoreLibraries.Accessors.net.VertxSubscribe} 162045 ms. Memory: 2846720K Free: 786944K (28%)
#Configuration.check: entity: org.terraswarm.accessor.JSAccessor {.configuration.actor library.MoreLibraries.Accessors.net.WebServer} 162048 ms. Memory: 2846720K Free: 785920K (28%)
#Configuration.check: entity: org.terraswarm.accessor.JSAccessor {.configuration.actor library.MoreLibraries.Accessors.net.WebSocketClient} 162052 ms. Memory: 2846720K Free: 784896K (28%)
#Configuration.check: entity: org.terraswarm.accessor.JSAccessor {.configuration.actor library.MoreLibraries.Accessors.net.WebSocketServer} 162057 ms. Memory: 2846720K Free: 783872K (28%)
#Configuration.check: entity: org.terraswarm.accessor.JSAccessor {.configuration.actor library.MoreLibraries.Accessors.net.XBee} 162060 ms. Memory: 2846720K Free: 782334K (27%)
#Configuration.check: entity: org.terraswarm.accessor.JSAccessor {.configuration.actor library.MoreLibraries.Accessors.robotics.RosNavigationPose} 162064 ms. Memory: 2846720K Free: 781310K (27%)
#Retrieving library from file:/home/travis/build/icyphy/ptII/org/terraswarm/accessor/accessors/web/robotics/index.json
Configuration.check: entity: org.terraswarm.accessor.JSAccessor {.configuration.actor library.MoreLibraries.Accessors.robotics.RosPublisher} 182033 ms. Memory: 2846720K Free: 461824K (16%)
#Configuration.check: entity: org.terraswarm.accessor.JSAccessor {.configuration.actor library.MoreLibraries.Accessors.robotics.RosSubscriber} 182039 ms. Memory: 2846720K Free: 460800K (16%)
#Configuration.check: entity: org.terraswarm.accessor.JSAccessor {.configuration.actor library.MoreLibraries.Accessors.robotics.LocationRosPublisher} 182044 ms. Memory: 2846720K Free: 458752K (16%)
#Configuration.check: entity: org.terraswarm.accessor.JSAccessor {.configuration.actor library.MoreLibraries.Accessors.robotics.Scarab} 182049 ms. Memory: 2846720K Free: 457214K (16%)
#Configuration.check: entity: org.terraswarm.accessor.JSAccessor {.configuration.actor library.MoreLibraries.Accessors.robotics.DroneLocation} 182053 ms. Memory: 2846720K Free: 456175K (16%)
#Configuration.check: entity: org.terraswarm.accessor.JSAccessor {.configuration.actor library.MoreLibraries.Accessors.robotics.Global2LatLonAlt} 182057 ms. Memory: 2846720K Free: 455151K (16%)
#Configuration.check: entity: org.terraswarm.accessor.JSAccessor {.configuration.actor library.MoreLibraries.Accessors.geodesy.Lla2Ecef} 182061 ms. Memory: 2846720K Free: 453632K (16%)
#Retrieving library from file:/home/travis/build/icyphy/ptII/org/terraswarm/accessor/accessors/web/geodesy/index.json
Configuration.check: entity: org.terraswarm.accessor.JSAccessor {.configuration.actor library.MoreLibraries.Accessors.geodesy.LlaDist} 189855 ms. Memory: 2846720K Free: 495614K (17%)
#Configuration.check: entity: org.terraswarm.accessor.JSAccessor {.configuration.actor library.MoreLibraries.Accessors.geodesy.EuclideanDist} 189859 ms. Memory: 2846720K Free: 493566K (17%)
#Configuration.check: entity: org.terraswarm.accessor.JSAccessor {.configuration.actor library.MoreLibraries.Accessors.services.FINDLocation} 189862 ms. Memory: 2846720K Free: 492527K (17%)
#Retrieving library from file:/home/travis/build/icyphy/ptII/org/terraswarm/accessor/accessors/web/services/index.json
Configuration.check: entity: org.terraswarm.accessor.JSAccessor {.configuration.actor library.MoreLibraries.Accessors.services.FINDTracker} 241992 ms. Memory: 2846720K Free: 394750K (14%)
#Configuration.check: entity: org.terraswarm.accessor.JSAccessor {.configuration.actor library.MoreLibraries.Accessors.services.GeoCoder} 241997 ms. Memory: 2846720K Free: 392687K (14%)
#Configuration.check: entity: org.terraswarm.accessor.JSAccessor {.configuration.actor library.MoreLibraries.Accessors.services.GeoLocation} 242001 ms. Memory: 2846720K Free: 391168K (14%)
#Configuration.check: entity: org.terraswarm.accessor.JSAccessor {.configuration.actor library.MoreLibraries.Accessors.services.Heartbeat} 242003 ms. Memory: 2846720K Free: 390144K (14%)
#Configuration.check: entity: org.terraswarm.accessor.JSAccessor {.configuration.actor library.MoreLibraries.Accessors.services.HostCompatibility} 242006 ms. Memory: 2846720K Free: 389120K (14%)
#Configuration.check: entity: org.terraswarm.accessor.JSAccessor {.configuration.actor library.MoreLibraries.Accessors.services.NaturalLanguage} 242009 ms. Memory: 2846720K Free: 387567K (14%)
#Configuration.check: entity: org.terraswarm.accessor.JSAccessor {.configuration.actor library.MoreLibraries.Accessors.services.RedPinLocation} 242012 ms. Memory: 2846720K Free: 386551K (14%)
#Configuration.check: entity: org.terraswarm.accessor.JSAccessor {.configuration.actor library.MoreLibraries.Accessors.services.ReverseGeoCoder} 242017 ms. Memory: 2846720K Free: 385024K (14%)
#Configuration.check: entity: org.terraswarm.accessor.JSAccessor {.configuration.actor library.MoreLibraries.Accessors.services.SemanticRepositoryUpdate} 242021 ms. Memory: 2846720K Free: 383486K (13%)
#Configuration.check: entity: org.terraswarm.accessor.JSAccessor {.configuration.actor library.MoreLibraries.Accessors.services.SemanticRepositoryQuery} 242024 ms. Memory: 2846720K Free: 381952K (13%)
#Configuration.check: entity: org.terraswarm.accessor.JSAccessor {.configuration.actor library.MoreLibraries.Accessors.services.SemanticYelpSearch} 242027 ms. Memory: 2846720K Free: 380407K (13%)
#Configuration.check: entity: org.terraswarm.accessor.JSAccessor {.configuration.actor library.MoreLibraries.Accessors.services.SpeechRecognition} 242030 ms. Memory: 2846720K Free: 378366K (13%)
#Configuration.check: entity: org.terraswarm.accessor.JSAccessor {.configuration.actor library.MoreLibraries.Accessors.services.Weather} 242033 ms. Memory: 2846720K Free: 377335K (13%)
#Configuration.check: entity: org.terraswarm.accessor.JSAccessor {.configuration.actor library.MoreLibraries.Accessors.services.WiFiScan} 242037 ms. Memory: 2846720K Free: 375294K (13%)
#Configuration.check: entity: org.terraswarm.accessor.JSAccessor {.configuration.actor library.MoreLibraries.Accessors.services.YelpSearch} 242039 ms. Memory: 2846720K Free: 374270K (13%)
#Configuration.check: entity: org.terraswarm.accessor.JSAccessor {.configuration.actor library.MoreLibraries.Accessors.signals.FFT} 242042 ms. Memory: 2846720K Free: 372736K (13%)
#Retrieving library from file:/home/travis/build/icyphy/ptII/org/terraswarm/accessor/accessors/web/signals/index.json
Configuration.check: entity: org.terraswarm.accessor.JSAccessor {.configuration.actor library.MoreLibraries.Accessors.test.MochaTest} 244938 ms. Memory: 2846720K Free: 363540K (13%)
#Retrieving library from file:/home/travis/build/icyphy/ptII/org/terraswarm/accessor/accessors/web/test/index.json
Configuration.check: entity: org.terraswarm.accessor.JSAccessor {.configuration.actor library.MoreLibraries.Accessors.test.TestAccessor} 295852 ms. Memory: 2846720K Free: 697856K (25%)
#Configuration.check: entity: org.terraswarm.accessor.JSAccessor {.configuration.actor library.MoreLibraries.Accessors.test.TestAdder} 295856 ms. Memory: 2846720K Free: 696318K (24%)
#Configuration.check: entity: org.terraswarm.accessor.JSAccessor {.configuration.actor library.MoreLibraries.Accessors.test.TestBaseC} 295859 ms. Memory: 2846720K Free: 695294K (24%)
#Configuration.check: entity: org.terraswarm.accessor.JSAccessor {.configuration.actor library.MoreLibraries.Accessors.test.TestComposite} 295861 ms. Memory: 2846720K Free: 694270K (24%)
#Configuration.check: entity: org.terraswarm.accessor.JSAccessor {.configuration.actor library.MoreLibraries.Accessors.test.TestCompositeSpontaneous} 295864 ms. Memory: 2846720K Free: 693246K (24%)
#Configuration.check: entity: org.terraswarm.accessor.JSAccessor {.configuration.actor library.MoreLibraries.Accessors.test.TestDerivedAgainA} 295866 ms. Memory: 2846720K Free: 692736K (24%)
#Configuration.check: entity: org.terraswarm.accessor.JSAccessor {.configuration.actor library.MoreLibraries.Accessors.test.TestDerivedC} 295869 ms. Memory: 2846720K Free: 691712K (24%)
#Configuration.check: entity: org.terraswarm.accessor.JSAccessor {.configuration.actor library.MoreLibraries.Accessors.test.TestFunctions} 295872 ms. Memory: 2846720K Free: 690688K (24%)
#Configuration.check: entity: org.terraswarm.accessor.JSAccessor {.configuration.actor library.MoreLibraries.Accessors.test.TestGain} 295876 ms. Memory: 2846720K Free: 689664K (24%)
#Configuration.check: entity: org.terraswarm.accessor.JSAccessor {.configuration.actor library.MoreLibraries.Accessors.test.TestImplement} 295880 ms. Memory: 2846720K Free: 688640K (24%)
#Configuration.check: entity: org.terraswarm.accessor.JSAccessor {.configuration.actor library.MoreLibraries.Accessors.test.TestInheritance} 295884 ms. Memory: 2846720K Free: 687616K (24%)
#Configuration.check: entity: org.terraswarm.accessor.JSAccessor {.configuration.actor library.MoreLibraries.Accessors.test.TestRequire} 295888 ms. Memory: 2846720K Free: 686063K (24%)
#Configuration.check: entity: org.terraswarm.accessor.JSAccessor {.configuration.actor library.MoreLibraries.Accessors.test.TestSpontaneous} 295890 ms. Memory: 2846720K Free: 684544K (24%)
#Configuration.check: entity: org.terraswarm.accessor.JSAccessor {.configuration.actor library.MoreLibraries.Accessors.test.TestSpontaneousOnce} 295893 ms. Memory: 2846720K Free: 684015K (24%)
#Configuration.check: entity: org.terraswarm.accessor.JSAccessor {.configuration.actor library.MoreLibraries.Accessors.test.TrainableTest} 295895 ms. Memory: 2846720K Free: 682991K (24%)
#Configuration.check: entity: org.terraswarm.accessor.JSAccessor {.configuration.actor library.MoreLibraries.Accessors.utilities.Clock} 295897 ms. Memory: 2846720K Free: 681472K (24%)
#Retrieving library from file:/home/travis/build/icyphy/ptII/org/terraswarm/accessor/accessors/web/utilities/index.json
The Mutable accessor original file has no documentation, so we are not running jsdoc on https://accessors.org/utilities/Mutable.js
Configuration.check: entity: org.terraswarm.accessor.JSAccessor {.configuration.actor library.MoreLibraries.Accessors.utilities.Cron} 327140 ms. Memory: 2846720K Free: 412672K (14%)
#Configuration.check: entity: org.terraswarm.accessor.JSAccessor {.configuration.actor library.MoreLibraries.Accessors.utilities.Exec} 327148 ms. Memory: 2846720K Free: 409600K (14%)
#Configuration.check: entity: org.terraswarm.accessor.JSAccessor {.configuration.actor library.MoreLibraries.Accessors.utilities.GetAccessor} 327151 ms. Memory: 2846720K Free: 408576K (14%)
#Configuration.check: entity: org.terraswarm.accessor.JSAccessor {.configuration.actor library.MoreLibraries.Accessors.utilities.GetResource} 327154 ms. Memory: 2846720K Free: 407038K (14%)
#Configuration.check: entity: org.terraswarm.accessor.JSAccessor {.configuration.actor library.MoreLibraries.Accessors.utilities.HostName} 327156 ms. Memory: 2846720K Free: 406014K (14%)
#Configuration.check: entity: org.terraswarm.accessor.JSAccessor {.configuration.actor library.MoreLibraries.Accessors.utilities.LocalStorage} 327159 ms. Memory: 2846720K Free: 404990K (14%)
#Configuration.check: entity: org.terraswarm.accessor.JSAccessor {.configuration.actor library.MoreLibraries.Accessors.utilities.Mutable} 327162 ms. Memory: 2846720K Free: 403456K (14%)
#Configuration.check: entity: org.terraswarm.accessor.JSAccessor {.configuration.actor library.MoreLibraries.Accessors.utilities.MutableBase} 327165 ms. Memory: 2846720K Free: 402432K (14%)
#Configuration.check: entity: org.terraswarm.accessor.JSAccessor {.configuration.actor library.MoreLibraries.Accessors.utilities.Stop} 327167 ms. Memory: 2846720K Free: 401918K (14%)
#Configuration.check: entity: org.terraswarm.accessor.JSAccessor {.configuration.actor library.MoreLibraries.Accessors.utilities.TextDisplay} 327170 ms. Memory: 2846720K Free: 400887K (14%)
#Configuration.check: entity: org.terraswarm.accessor.JSAccessor {.configuration.actor library.MoreLibraries.Accessors.utilities.UserInterface} 327173 ms. Memory: 2846720K Free: 399870K (14%)
#Configuration.check: entity: ptolemy.domains.de.lib.aspect.AFDXESs {.configuration.actor library.MoreLibraries.Aspects.AFDX_ESs} 327177 ms. Memory: 2846720K Free: 398336K (14%)
#Configuration.check: entity: ptolemy.domains.de.lib.aspect.AFDXSwitch {.configuration.actor library.MoreLibraries.Aspects.AFDX_SW} 327359 ms. Memory: 2846720K Free: 546304K (19%)
#Configuration.check: entity: ptolemy.domains.de.lib.aspect.Bus {.configuration.actor library.MoreLibraries.Aspects.Bus} 327360 ms. Memory: 2846720K Free: 545790K (19%)
#Configuration.check: entity: ptolemy.domains.de.lib.aspect.BasicSwitch {.configuration.actor library.MoreLibraries.Aspects.BasicSwitch} 327362 ms. Memory: 2846720K Free: 545280K (19%)
#Configuration.check: entity: ptolemy.actor.lib.aspect.CanBus {.configuration.actor library.MoreLibraries.Aspects.CanBus} 327363 ms. Memory: 2846720K Free: 544766K (19%)
#Configuration.check: entity: ptolemy.actor.gui.CommunicationAspectMonitor {.configuration.actor library.MoreLibraries.Aspects.CommunicationAspectMonitor} 327364 ms. Memory: 2846720K Free: 544766K (19%)
#Configuration.check: entity: ptolemy.domains.de.lib.aspect.CrossbarSwitch {.configuration.actor library.MoreLibraries.Aspects.CrossbarSwitch} 327364 ms. Memory: 2846720K Free: 544256K (19%)
#Configuration.check: entity: ptolemy.actor.lib.aspect.DynamicCoreAssignmentScheduler {.configuration.actor library.MoreLibraries.Aspects.DynamicCoreAssignmentScheduler} 327366 ms. Memory: 2846720K Free: 543742K (19%)
#Configuration.check: entity: ptolemy.actor.lib.aspect.EDFScheduler {.configuration.actor library.MoreLibraries.Aspects.EDFScheduler} 327367 ms. Memory: 2846720K Free: 543232K (19%)
#Configuration.check: entity: ptolemy.actor.lib.aspect.FixedPriorityScheduler {.configuration.actor library.MoreLibraries.Aspects.FixedPriorityScheduler} 327368 ms. Memory: 2846720K Free: 543232K (19%)
#Configuration.check: entity: ptolemy.domains.de.lib.aspect.TTESwitch {.configuration.actor library.MoreLibraries.Aspects.TTESwitch} 327368 ms. Memory: 2846720K Free: 542718K (19%)
#Configuration.check: entity: lbnl.actor.lib.Simulator {.configuration.actor library.MoreLibraries.Co-Simulation.Simulator.Simulator} 327370 ms. Memory: 2846720K Free: 542208K (19%)
#Configuration.check: entity: lbnl.actor.lib.SystemCommand {.configuration.actor library.MoreLibraries.Co-Simulation.Simulator.SystemCommand} 327376 ms. Memory: 2846720K Free: 540655K (19%)
#Configuration.check: entity: org.hlacerti.lib.HlaAttributeUpdater {.configuration.actor library.MoreLibraries.Co-Simulation.HLA.HlaAttributeUpdater} 327377 ms. Memory: 2846720K Free: 540655K (19%)
#HLA version is 1.3.
HLA version is 1.3.
Configuration.check: entity: org.hlacerti.lib.HlaAttributeReflector {.configuration.actor library.MoreLibraries.Co-Simulation.HLA.HlaAttributeReflector} 327429 ms. Memory: 2846720K Free: 515039K (18%)
#Configuration.check: entity: ptolemy.actor.lib.database.DatabaseManager {.configuration.actor library.MoreLibraries.DatabaseActors.DatabaseManager} 327431 ms. Memory: 2846720K Free: 514560K (18%)
#Configuration.check: entity: ptolemy.actor.lib.database.DatabaseQuery {.configuration.actor library.MoreLibraries.DatabaseActors.DatabaseQuery} 327444 ms. Memory: 2846720K Free: 508895K (18%)
#Configuration.check: entity: ptolemy.actor.lib.database.DatabaseSelect {.configuration.actor library.MoreLibraries.DatabaseActors.DatabaseSelect} 327445 ms. Memory: 2846720K Free: 508895K (18%)
#Configuration.check: entity: ptolemy.actor.lib.database.DatabaseInsert {.configuration.actor library.MoreLibraries.DatabaseActors.DatabaseInsert} 327446 ms. Memory: 2846720K Free: 508895K (18%)
#Configuration.check: entity: ptolemy.actor.lib.database.SQLStatement {.configuration.actor library.MoreLibraries.DatabaseActors.SQLStatement} 327446 ms. Memory: 2846720K Free: 508416K (18%)
#Configuration.check: entity: ptolemy.actor.lib.database.ArrayOfRecordsRecorder {.configuration.actor library.MoreLibraries.DatabaseActors.ArrayOfRecordsRecorder} 327447 ms. Memory: 2846720K Free: 508416K (18%)
#Configuration.check: entity: ptolemy.actor.lib.PoissonClock {.configuration.actor library.MoreLibraries.DesignPatterns.DiscreteEvent.DESourceSink.PoissonClock} 327447 ms. Memory: 2846720K Free: 508416K (18%)
#Configuration.check: entity: ptolemy.actor.lib.Ramp {.configuration.actor library.MoreLibraries.DesignPatterns.DiscreteEvent.DESourceSink.Ramp} 327453 ms. Memory: 2846720K Free: 506368K (18%)
#Configuration.check: entity: ptolemy.actor.lib.gui.TimedPlotter {.configuration.actor library.MoreLibraries.DesignPatterns.DiscreteEvent.DESourceSink.TimedPlotter} 327454 ms. Memory: 2846720K Free: 506368K (18%)
#Configuration.check: entity: ptolemy.domains.sdf.lib.SampleDelay {.configuration.actor library.MoreLibraries.DesignPatterns.DynamicDataFlow.DDFRepeatForCount.SampleDelay} 327454 ms. Memory: 2846720K Free: 505854K (18%)
#Configuration.check: entity: ptolemy.actor.lib.Const {.configuration.actor library.MoreLibraries.DesignPatterns.DynamicDataFlow.DDFRepeatForCount.Const} 327627 ms. Memory: 2846720K Free: 425951K (15%)
#Configuration.check: entity: ptolemy.actor.lib.Ramp {.configuration.actor library.MoreLibraries.DesignPatterns.DynamicDataFlow.DDFRepeatForCount.Ramp} 327628 ms. Memory: 2846720K Free: 425951K (15%)
#Configuration.check: entity: ptolemy.actor.lib.Expression {.configuration.actor library.MoreLibraries.DesignPatterns.DynamicDataFlow.DDFRepeatForCount.Expression} 327628 ms. Memory: 2846720K Free: 425951K (15%)
#Configuration.check: entity: ptolemy.actor.lib.BooleanSwitch {.configuration.actor library.MoreLibraries.DesignPatterns.DynamicDataFlow.DDFRepeatForCount.Switch} 327630 ms. Memory: 2846720K Free: 425951K (15%)
#Configuration.check: entity: ptolemy.domains.ddf.lib.DDFBooleanSelect {.configuration.actor library.MoreLibraries.DesignPatterns.DynamicDataFlow.DDFRepeatForCount.Select} 327630 ms. Memory: 2846720K Free: 425951K (15%)
#Configuration.check: entity: ptolemy.actor.lib.Const {.configuration.actor library.MoreLibraries.DesignPatterns.DynamicDataFlow.DDFRepeatForCount.Source} 327631 ms. Memory: 2846720K Free: 425472K (15%)
#Configuration.check: entity: ptolemy.actor.lib.gui.Display {.configuration.actor library.MoreLibraries.DesignPatterns.DynamicDataFlow.DDFRepeatForCount.Sink} 327631 ms. Memory: 2846720K Free: 425472K (15%)
#Configuration.check: entity: ptolemy.actor.lib.Counter {.configuration.actor library.MoreLibraries.DesignPatterns.DynamicDataFlow.DDFRepeatForCount.RepeatedAction.Counter} 327631 ms. Memory: 2846720K Free: 425472K (15%)
#Configuration.check: entity: ptolemy.domains.rendezvous.lib.Barrier {.configuration.actor library.MoreLibraries.DesignPatterns.Rendezvous.RendezvousSynchrony.Barrier} 327632 ms. Memory: 2846720K Free: 424958K (15%)
#Configuration.check: entity: ptolemy.domains.ca.lib.gui.CAViewer {.configuration.actor library.MoreLibraries.ExperimentalDomains.CellularAutomata.CA Viewer} 327988 ms. Memory: 2846720K Free: 538607K (19%)
#Configuration.check: entity: ptolemy.domains.dde.lib.DDESink {.configuration.actor library.MoreLibraries.ExperimentalDomains.DDE.dde.DDESink} 328011 ms. Memory: 2846720K Free: 524255K (18%)
#Configuration.check: entity: ptolemy.domains.dde.lib.DoubleFork {.configuration.actor library.MoreLibraries.ExperimentalDomains.DDE.dde.DoubleFork} 328013 ms. Memory: 2846720K Free: 523262K (18%)
#Configuration.check: entity: ptolemy.domains.dde.lib.Wire {.configuration.actor library.MoreLibraries.ExperimentalDomains.DDE.dde.Wire} 328013 ms. Memory: 2846720K Free: 523262K (18%)
#Configuration.check: entity: ptolemy.domains.gr.lib.Box3D {.configuration.actor library.MoreLibraries.ExperimentalDomains.Graphics.Graphics.Box3D} 328013 ms. Memory: 2846720K Free: 523262K (18%)
#Configuration.check: entity: ptolemy.domains.gr.lib.CircularSweep3D {.configuration.actor library.MoreLibraries.ExperimentalDomains.Graphics.Graphics.CircularSweep3D} 328085 ms. Memory: 2846720K Free: 493056K (17%)
#Configuration.check: entity: ptolemy.domains.gr.lib.Cone3D {.configuration.actor library.MoreLibraries.ExperimentalDomains.Graphics.Graphics.Cone3D} 328086 ms. Memory: 2846720K Free: 492542K (17%)
#Configuration.check: entity: ptolemy.domains.gr.lib.Cylinder3D {.configuration.actor library.MoreLibraries.ExperimentalDomains.Graphics.Graphics.Cylinder3D} 328086 ms. Memory: 2846720K Free: 492032K (17%)
#Configuration.check: entity: ptolemy.domains.gr.lib.PolyCylinder3D {.configuration.actor library.MoreLibraries.ExperimentalDomains.Graphics.Graphics.PolyCylinder3D} 328087 ms. Memory: 2846720K Free: 492032K (17%)
#Configuration.check: entity: ptolemy.domains.gr.lib.Sphere3D {.configuration.actor library.MoreLibraries.ExperimentalDomains.Graphics.Graphics.Sphere3D} 328088 ms. Memory: 2846720K Free: 491518K (17%)
#Configuration.check: entity: ptolemy.domains.gr.lib.TextString3D {.configuration.actor library.MoreLibraries.ExperimentalDomains.Graphics.Graphics.TextString3D} 328089 ms. Memory: 2846720K Free: 491518K (17%)
#Configuration.check: entity: ptolemy.domains.gr.lib.Torus3D {.configuration.actor library.MoreLibraries.ExperimentalDomains.Graphics.Graphics.Torus3D} 328089 ms. Memory: 2846720K Free: 491008K (17%)
#Configuration.check: entity: ptolemy.domains.gr.lib.Rotate3D {.configuration.actor library.MoreLibraries.ExperimentalDomains.Graphics.Graphics.Rotate3D} 328090 ms. Memory: 2846720K Free: 491008K (17%)
#Configuration.check: entity: ptolemy.domains.gr.lib.Scale3D {.configuration.actor library.MoreLibraries.ExperimentalDomains.Graphics.Graphics.Scale3D} 328091 ms. Memory: 2846720K Free: 491008K (17%)
#Configuration.check: entity: ptolemy.domains.gr.lib.Translate3D {.configuration.actor library.MoreLibraries.ExperimentalDomains.Graphics.Graphics.Translate3D} 328091 ms. Memory: 2846720K Free: 491008K (17%)
#Configuration.check: entity: ptolemy.domains.gr.lib.Translate2D {.configuration.actor library.MoreLibraries.ExperimentalDomains.Graphics.Graphics.Translate2D} 328091 ms. Memory: 2846720K Free: 490494K (17%)
#Configuration.check: entity: ptolemy.domains.gr.lib.KeyInput3D {.configuration.actor library.MoreLibraries.ExperimentalDomains.Graphics.Graphics.KeyInput3D} 328093 ms. Memory: 2846720K Free: 490494K (17%)
#Configuration.check: entity: ptolemy.domains.gr.lib.MouseInput3D {.configuration.actor library.MoreLibraries.ExperimentalDomains.Graphics.Graphics.MouseInput3D} 328094 ms. Memory: 2846720K Free: 490494K (17%)
#Configuration.check: entity: ptolemy.domains.gr.lib.Rotate3D {.configuration.actor library.MoreLibraries.ExperimentalDomains.Graphics.Graphics.ThreeAxisRotator3D.Rotate3D} 328094 ms. Memory: 2846720K Free: 490494K (17%)
#Configuration.check: entity: ptolemy.domains.gr.lib.Rotate3D {.configuration.actor library.MoreLibraries.ExperimentalDomains.Graphics.Graphics.ThreeAxisRotator3D.Rotate3D2} 328094 ms. Memory: 2846720K Free: 490494K (17%)
#Configuration.check: entity: ptolemy.domains.gr.lib.Rotate3D {.configuration.actor library.MoreLibraries.ExperimentalDomains.Graphics.Graphics.ThreeAxisRotator3D.Rotate3D3} 328095 ms. Memory: 2846720K Free: 490494K (17%)
#Configuration.check: entity: ptolemy.domains.gr.lib.ViewScreen2D {.configuration.actor library.MoreLibraries.ExperimentalDomains.Graphics.Graphics.ViewScreen2D} 328095 ms. Memory: 2846720K Free: 489984K (17%)
#Configuration.check: entity: ptolemy.domains.gr.lib.ViewScreen3D {.configuration.actor library.MoreLibraries.ExperimentalDomains.Graphics.Graphics.ViewScreen3D} 328098 ms. Memory: 2846720K Free: 489984K (17%)
#Configuration.check: entity: ptolemy.domains.gr.lib.MovableViewScreen3D {.configuration.actor library.MoreLibraries.ExperimentalDomains.Graphics.Graphics.MovableViewScreen3D} 328103 ms. Memory: 2846720K Free: 489984K (17%)
#Configuration.check: entity: ptolemy.domains.petrinet.kernel.Place {.configuration.actor library.MoreLibraries.ExperimentalDomains.PetriNet.Place} 328104 ms. Memory: 2846720K Free: 489470K (17%)
#Configuration.check: entity: ptolemy.domains.pthales.lib.PthalesGenericActor {.configuration.actor library.MoreLibraries.ExperimentalDomains.Pthales.PthalesGenericActor} 328105 ms. Memory: 2846720K Free: 489470K (17%)
#Configuration.check: entity: ptolemy.domains.pthales.lib.PthalesAddHeaderActor {.configuration.actor library.MoreLibraries.ExperimentalDomains.Pthales.PthalesAddHeaderActor} 328107 ms. Memory: 2846720K Free: 488960K (17%)
#Configuration.check: entity: ptolemy.domains.pthales.lib.PthalesRemoveHeaderActor {.configuration.actor library.MoreLibraries.ExperimentalDomains.Pthales.PthalesRemoveHeaderActor} 328107 ms. Memory: 2846720K Free: 488960K (17%)
#Configuration.check: entity: ptolemy.actor.lib.Exec {.configuration.actor library.MoreLibraries.Esoteric.Exec} 328107 ms. Memory: 2846720K Free: 488960K (17%)
#Configuration.check: entity: ptolemy.caltrop.actors.CalInterpreter {.configuration.actor library.MoreLibraries.Esoteric.CalInterpreter} 328139 ms. Memory: 2846720K Free: 485888K (17%)
#Configuration.check: entity: ptolemy.actor.lib.OrderedMerge {.configuration.actor library.MoreLibraries.Esoteric.OrderedMerge} 328139 ms. Memory: 2846720K Free: 485888K (17%)
#Configuration.check: entity: ptolemy.actor.lib.RemoveNilTokens {.configuration.actor library.MoreLibraries.Esoteric.RemoveNilTokens} 328139 ms. Memory: 2846720K Free: 485888K (17%)
#Configuration.check: entity: ptolemy.actor.lib.gem5.Gem5Wrapper {.configuration.actor library.MoreLibraries.Gem5.Gem5Wrapper} 328139 ms. Memory: 2846720K Free: 485374K (17%)
#Configuration.check: entity: ptolemy.actor.gt.ModelCombine {.configuration.actor library.MoreLibraries.GraphTransformation.ModelCombine} 328152 ms. Memory: 2846720K Free: 484335K (17%)
#Configuration.check: entity: ptolemy.actor.gt.ModelExecutor {.configuration.actor library.MoreLibraries.GraphTransformation.ModelExecutor} 328295 ms. Memory: 2846720K Free: 415727K (15%)
#Configuration.check: entity: ptolemy.actor.gt.ModelGenerator {.configuration.actor library.MoreLibraries.GraphTransformation.ModelGenerator} 328295 ms. Memory: 2846720K Free: 415727K (15%)
#Configuration.check: entity: ptolemy.actor.gt.ModelView {.configuration.actor library.MoreLibraries.GraphTransformation.ModelView} 328297 ms. Memory: 2846720K Free: 415232K (15%)
#Configuration.check: entity: ptolemy.actor.gt.MoMLGenerator {.configuration.actor library.MoreLibraries.GraphTransformation.MoMLGenerator} 328299 ms. Memory: 2846720K Free: 414208K (15%)
#Configuration.check: entity: ptolemy.domains.gr.lib.Box3D {.configuration.actor library.MoreLibraries.Graphics.Graphics.Box3D} 328300 ms. Memory: 2846720K Free: 414208K (15%)
#Configuration.check: entity: ptolemy.domains.gr.lib.CircularSweep3D {.configuration.actor library.MoreLibraries.Graphics.Graphics.CircularSweep3D} 328363 ms. Memory: 2846720K Free: 385007K (14%)
#Configuration.check: entity: ptolemy.domains.gr.lib.Cone3D {.configuration.actor library.MoreLibraries.Graphics.Graphics.Cone3D} 328365 ms. Memory: 2846720K Free: 385007K (14%)
#Configuration.check: entity: ptolemy.domains.gr.lib.Cylinder3D {.configuration.actor library.MoreLibraries.Graphics.Graphics.Cylinder3D} 328366 ms. Memory: 2846720K Free: 384512K (14%)
#Configuration.check: entity: ptolemy.domains.gr.lib.PolyCylinder3D {.configuration.actor library.MoreLibraries.Graphics.Graphics.PolyCylinder3D} 328366 ms. Memory: 2846720K Free: 383983K (13%)
#Configuration.check: entity: ptolemy.domains.gr.lib.Sphere3D {.configuration.actor library.MoreLibraries.Graphics.Graphics.Sphere3D} 328367 ms. Memory: 2846720K Free: 383983K (13%)
#Configuration.check: entity: ptolemy.domains.gr.lib.TextString3D {.configuration.actor library.MoreLibraries.Graphics.Graphics.TextString3D} 328368 ms. Memory: 2846720K Free: 383488K (13%)
#Configuration.check: entity: ptolemy.domains.gr.lib.Torus3D {.configuration.actor library.MoreLibraries.Graphics.Graphics.Torus3D} 328369 ms. Memory: 2846720K Free: 383488K (13%)
#Configuration.check: entity: ptolemy.domains.gr.lib.Rotate3D {.configuration.actor library.MoreLibraries.Graphics.Graphics.Rotate3D} 328369 ms. Memory: 2846720K Free: 383488K (13%)
#Configuration.check: entity: ptolemy.domains.gr.lib.Scale3D {.configuration.actor library.MoreLibraries.Graphics.Graphics.Scale3D} 328370 ms. Memory: 2846720K Free: 382974K (13%)
#Configuration.check: entity: ptolemy.domains.gr.lib.Translate3D {.configuration.actor library.MoreLibraries.Graphics.Graphics.Translate3D} 328370 ms. Memory: 2846720K Free: 382974K (13%)
#Configuration.check: entity: ptolemy.domains.gr.lib.Translate2D {.configuration.actor library.MoreLibraries.Graphics.Graphics.Translate2D} 328370 ms. Memory: 2846720K Free: 382974K (13%)
#Configuration.check: entity: ptolemy.domains.gr.lib.KeyInput3D {.configuration.actor library.MoreLibraries.Graphics.Graphics.KeyInput3D} 328370 ms. Memory: 2846720K Free: 382974K (13%)
#Configuration.check: entity: ptolemy.domains.gr.lib.MouseInput3D {.configuration.actor library.MoreLibraries.Graphics.Graphics.MouseInput3D} 328370 ms. Memory: 2846720K Free: 382974K (13%)
#Configuration.check: entity: ptolemy.domains.gr.lib.Rotate3D {.configuration.actor library.MoreLibraries.Graphics.Graphics.ThreeAxisRotator3D.Rotate3D} 328371 ms. Memory: 2846720K Free: 382974K (13%)
#Configuration.check: entity: ptolemy.domains.gr.lib.Rotate3D {.configuration.actor library.MoreLibraries.Graphics.Graphics.ThreeAxisRotator3D.Rotate3D2} 328371 ms. Memory: 2846720K Free: 382974K (13%)
#Configuration.check: entity: ptolemy.domains.gr.lib.Rotate3D {.configuration.actor library.MoreLibraries.Graphics.Graphics.ThreeAxisRotator3D.Rotate3D3} 328372 ms. Memory: 2846720K Free: 382464K (13%)
#Configuration.check: entity: ptolemy.domains.gr.lib.ViewScreen2D {.configuration.actor library.MoreLibraries.Graphics.Graphics.ViewScreen2D} 328372 ms. Memory: 2846720K Free: 382464K (13%)
#Configuration.check: entity: ptolemy.domains.gr.lib.ViewScreen3D {.configuration.actor library.MoreLibraries.Graphics.Graphics.ViewScreen3D} 328372 ms. Memory: 2846720K Free: 382464K (13%)
#Configuration.check: entity: ptolemy.domains.gr.lib.MovableViewScreen3D {.configuration.actor library.MoreLibraries.Graphics.Graphics.MovableViewScreen3D} 328373 ms. Memory: 2846720K Free: 382464K (13%)
#Configuration.check: entity: ptolemy.actor.lib.image.ImageDisplay {.configuration.actor library.MoreLibraries.ImageProcessing.Generic.ImageDisplay} 328373 ms. Memory: 2846720K Free: 381950K (13%)
#Configuration.check: entity: ptolemy.actor.lib.image.ImageReader {.configuration.actor library.MoreLibraries.ImageProcessing.Generic.ImageReader} 328387 ms. Memory: 2846720K Free: 376797K (13%)
#Configuration.check: entity: ptolemy.actor.lib.image.ImageRotate {.configuration.actor library.MoreLibraries.ImageProcessing.Generic.ImageRotate} 328387 ms. Memory: 2846720K Free: 376797K (13%)
#Configuration.check: entity: ptolemy.actor.lib.image.ImageToString {.configuration.actor library.MoreLibraries.ImageProcessing.Generic.ImageToString} 328388 ms. Memory: 2846720K Free: 376797K (13%)
#Configuration.check: entity: ptolemy.actor.lib.image.URLToImage {.configuration.actor library.MoreLibraries.ImageProcessing.Generic.URLToImage} 328388 ms. Memory: 2846720K Free: 376797K (13%)
#Configuration.check: entity: ptolemy.domains.sdf.lib.vq.HTVQEncode {.configuration.actor library.MoreLibraries.ImageProcessing.VectorQuantization.HTVQEncode} 328388 ms. Memory: 2846720K Free: 376797K (13%)
#Configuration.check: entity: ptolemy.domains.sdf.lib.vq.ImageContrast {.configuration.actor library.MoreLibraries.ImageProcessing.VectorQuantization.ImageContrast} 328392 ms. Memory: 2846720K Free: 372224K (13%)
#Configuration.check: entity: ptolemy.domains.sdf.lib.vq.ImageDisplay {.configuration.actor library.MoreLibraries.ImageProcessing.VectorQuantization.ImageDisplay} 328392 ms. Memory: 2846720K Free: 371710K (13%)
#Configuration.check: entity: ptolemy.domains.sdf.lib.vq.ImagePartition {.configuration.actor library.MoreLibraries.ImageProcessing.VectorQuantization.ImagePartition} 328392 ms. Memory: 2846720K Free: 371710K (13%)
#Configuration.check: entity: ptolemy.domains.sdf.lib.vq.ImageSequence {.configuration.actor library.MoreLibraries.ImageProcessing.VectorQuantization.ImageSequence} 328394 ms. Memory: 2846720K Free: 371710K (13%)
#Configuration.check: entity: ptolemy.domains.sdf.lib.vq.ImageUnpartition {.configuration.actor library.MoreLibraries.ImageProcessing.VectorQuantization.ImageUnpartition} 328394 ms. Memory: 2846720K Free: 371710K (13%)
#Configuration.check: entity: ptolemy.domains.sdf.lib.vq.PSNR {.configuration.actor library.MoreLibraries.ImageProcessing.VectorQuantization.PSNR} 328395 ms. Memory: 2846720K Free: 371710K (13%)
#Configuration.check: entity: ptolemy.domains.sdf.lib.vq.VQDecode {.configuration.actor library.MoreLibraries.ImageProcessing.VectorQuantization.VQDecode} 328395 ms. Memory: 2846720K Free: 371710K (13%)
#Configuration.check: entity: ptolemy.vergil.actor.lib.LEDMatrix {.configuration.actor library.MoreLibraries.InteractiveIcons.LEDMatrix} 328396 ms. Memory: 2846720K Free: 371200K (13%)
#Configuration.check: entity: ptolemy.vergil.actor.lib.MonitorImage {.configuration.actor library.MoreLibraries.InteractiveIcons.MonitorImage} 328566 ms. Memory: 2846720K Free: 517231K (18%)
#Configuration.check: entity: ptolemy.actor.lib.conversions.json.JSONToToken {.configuration.actor library.MoreLibraries.JSON.JSONToToken} 328567 ms. Memory: 2846720K Free: 517231K (18%)
#Configuration.check: entity: ptolemy.actor.lib.conversions.json.TokenToJSON {.configuration.actor library.MoreLibraries.JSON.TokenToJSON} 328567 ms. Memory: 2846720K Free: 517231K (18%)
#Configuration.check: entity: org.ptolemy.machineLearning.clustering.KMeans {.configuration.actor library.MoreLibraries.MachineLearning.Clustering.KMeans} 328567 ms. Memory: 2846720K Free: 517231K (18%)
#Configuration.check: entity: org.ptolemy.machineLearning.hmm.HMMGaussianEstimator {.configuration.actor library.MoreLibraries.MachineLearning.HMM.HMMGaussianEstimator} 328580 ms. Memory: 2846720K Free: 508511K (18%)
#Configuration.check: entity: org.ptolemy.machineLearning.hmm.HMMExponentialEstimator {.configuration.actor library.MoreLibraries.MachineLearning.HMM.HMMExponentialEstimator} 328716 ms. Memory: 2846720K Free: 416879K (15%)
#Configuration.check: entity: org.ptolemy.machineLearning.hmm.HMMMultinomialEstimator {.configuration.actor library.MoreLibraries.MachineLearning.HMM.HMMMultinomialEstimator} 328719 ms. Memory: 2846720K Free: 416365K (15%)
#Configuration.check: entity: org.ptolemy.machineLearning.hmm.HMMGaussianClassifier {.configuration.actor library.MoreLibraries.MachineLearning.HMM.HMMGaussianClassifier} 328722 ms. Memory: 2846720K Free: 415341K (15%)
#Configuration.check: entity: org.ptolemy.machineLearning.hmm.HMMExponentialClassifier {.configuration.actor library.MoreLibraries.MachineLearning.HMM.HMMExponentialClassifier} 328725 ms. Memory: 2846720K Free: 414317K (15%)
#Configuration.check: entity: org.ptolemy.machineLearning.hmm.HMMMultinomialClassifier {.configuration.actor library.MoreLibraries.MachineLearning.HMM.HMMMultinomialClassifier} 328728 ms. Memory: 2846720K Free: 413293K (15%)
#Configuration.check: entity: org.ptolemy.machineLearning.hsmm.HSMMMultinomialEstimator {.configuration.actor library.MoreLibraries.MachineLearning.HSMM.HSMMMultinomialEstimator} 328731 ms. Memory: 2846720K Free: 412269K (14%)
#Configuration.check: entity: org.ptolemy.machineLearning.hsmm.HSMMTimeAwareMultinomialEstimator {.configuration.actor library.MoreLibraries.MachineLearning.HSMM.HSMMTimeAwareMultinomialEstimator} 328984 ms. Memory: 2846720K Free: 532480K (19%)
#Configuration.check: entity: org.ptolemy.machineLearning.hsmm.HSMMGaussianEstimator {.configuration.actor library.MoreLibraries.MachineLearning.HSMM.HSMMGaussianEstimator} 328987 ms. Memory: 2846720K Free: 530942K (19%)
#Configuration.check: entity: org.ptolemy.machineLearning.hsmm.HSMMGeneratorGaussianEmissions {.configuration.actor library.MoreLibraries.MachineLearning.HSMM.HSMMGeneratorGaussianEmissions} 328991 ms. Memory: 2846720K Free: 528894K (19%)
#Configuration.check: entity: org.ptolemy.machineLearning.hsmm.HSMMGeneratorMultinomialEmissions {.configuration.actor library.MoreLibraries.MachineLearning.HSMM.HSMMGeneratorMultinomialEmissions} 328992 ms. Memory: 2846720K Free: 528894K (19%)
#Configuration.check: entity: org.ptolemy.machineLearning.hsmm.HSMMTimeAwareGenerator {.configuration.actor library.MoreLibraries.MachineLearning.HSMM.HSMMTimeAwareGenerator} 328993 ms. Memory: 2846720K Free: 528384K (19%)
#Configuration.check: entity: org.ptolemy.ssm.GaussianMeasurementModel {.configuration.actor library.MoreLibraries.MachineLearning.StateSpaceModel.GaussianMeasurementModel} 328997 ms. Memory: 2846720K Free: 526336K (18%)
#Configuration.check: entity: org.ptolemy.ssm.Map {.configuration.actor library.MoreLibraries.MachineLearning.StateSpaceModel.Map} 329184 ms. Memory: 2846720K Free: 400879K (14%)
#Configuration.check: entity: org.ptolemy.ssm.StateSpaceModel {.configuration.actor library.MoreLibraries.MachineLearning.StateSpaceModel.StateSpaceModel} 329186 ms. Memory: 2846720K Free: 400384K (14%)
#Configuration.check: entity: ptolemy.actor.lib.mail.SendMail {.configuration.actor library.MoreLibraries.Mail.SendMail} 329187 ms. Memory: 2846720K Free: 399870K (14%)
#Configuration.check: entity: ptolemy.actor.lib.mbed.Accelerometer {.configuration.actor library.MoreLibraries.Mbed.Accelerometer} 329190 ms. Memory: 2846720K Free: 398839K (14%)
#Configuration.check: entity: ptolemy.actor.lib.mbed.CC3000Control {.configuration.actor library.MoreLibraries.Mbed.CC3000Control} 329254 ms. Memory: 2846720K Free: 359424K (13%)
#Configuration.check: entity: ptolemy.actor.lib.mbed.CC3000Module {.configuration.actor library.MoreLibraries.Mbed.CC3000Module} 329254 ms. Memory: 2846720K Free: 358910K (13%)
#Configuration.check: entity: ptolemy.actor.lib.mbed.GestureRecognition {.configuration.actor library.MoreLibraries.Mbed.GestureRecognition} 329255 ms. Memory: 2846720K Free: 358910K (13%)
#Configuration.check: entity: ptolemy.actor.lib.mbed.GPIOWriter {.configuration.actor library.MoreLibraries.Mbed.GPIOWriter} 329255 ms. Memory: 2846720K Free: 358400K (13%)
#Configuration.check: entity: ptolemy.actor.lib.mbed.HSBtoRGB {.configuration.actor library.MoreLibraries.Mbed.HSBtoRGB} 329256 ms. Memory: 2846720K Free: 358400K (13%)
#Configuration.check: entity: ptolemy.actor.lib.mbed.LEDCubeUpdate {.configuration.actor library.MoreLibraries.Mbed.LEDCubeUpdate} 329256 ms. Memory: 2846720K Free: 358400K (13%)
#Configuration.check: entity: ptolemy.actor.lib.mbed.NeoPixelLEDStrip {.configuration.actor library.MoreLibraries.Mbed.NeoPixelLEDStrip} 329257 ms. Memory: 2846720K Free: 357886K (13%)
#Configuration.check: entity: ptolemy.actor.lib.mbed.PacketToSensorData {.configuration.actor library.MoreLibraries.Mbed.PacketToSensorData} 329258 ms. Memory: 2846720K Free: 357376K (13%)
#Configuration.check: entity: ptolemy.actor.lib.mbed.SensorDataCalibration {.configuration.actor library.MoreLibraries.Mbed.SensorDataCalibration} 329258 ms. Memory: 2846720K Free: 357376K (13%)
#Configuration.check: entity: org.ptolemy.osc.OscReceiver {.configuration.actor library.MoreLibraries.OpenSoundControl.OscReceiver} 329259 ms. Memory: 2846720K Free: 356862K (13%)
#Configuration.check: entity: org.ptolemy.osc.OscSender {.configuration.actor library.MoreLibraries.OpenSoundControl.OscSender} 329282 ms. Memory: 2846720K Free: 350718K (12%)
#Configuration.check: entity: ptolemy.domains.petrinet.kernel.Place {.configuration.actor library.MoreLibraries.PetriNet.Place} 329283 ms. Memory: 2846720K Free: 350718K (12%)
#Configuration.check: entity: ptolemy.domains.ontologies.lib.UnitsConverter {.configuration.actor library.MoreLibraries.Ontologies.UnitsConverter} 329284 ms. Memory: 2846720K Free: 350208K (12%)
#Configuration.check: entity: ptolemy.actor.lib.python.PythonScript {.configuration.actor library.MoreLibraries.Python.PythonActor} 329285 ms. Memory: 2846720K Free: 350208K (12%)
#Configuration.check: entity: ptolemy.actor.lib.python.PythonScript {.configuration.actor library.MoreLibraries.Python.PythonScript} 329304 ms. Memory: 2846720K Free: 348476K (12%)
#Configuration.check: entity: ptolemy.actor.lib.Clock {.configuration.actor library.MoreLibraries.QuantizedState.PeriodicSampler.DiscreteClock} 329304 ms. Memory: 2846720K Free: 348476K (12%)
#Configuration.check: entity: ptolemy.actor.lib.Sampler {.configuration.actor library.MoreLibraries.QuantizedState.PeriodicSampler.Sampler} 329337 ms. Memory: 2846720K Free: 328704K (12%)
#Configuration.check: entity: ptolemy.domains.qss.kernel.QSSIntegrator {.configuration.actor library.MoreLibraries.QuantizedState.QSSIntegrator} 329337 ms. Memory: 2846720K Free: 328704K (12%)
#Configuration.check: entity: ptolemy.domains.qss.lib.SmoothSignal {.configuration.actor library.MoreLibraries.QuantizedState.SmoothSignal} 329339 ms. Memory: 2846720K Free: 328190K (12%)
#Configuration.check: entity: ptolemy.actor.lib.conversions.SmoothToDouble {.configuration.actor library.MoreLibraries.QuantizedState.SmoothToDouble} 329340 ms. Memory: 2846720K Free: 328190K (12%)
#Configuration.check: entity: ptolemy.domains.qss.lib.SmoothZeroCrossingDetector {.configuration.actor library.MoreLibraries.QuantizedState.SmoothZeroCrossingDetector} 329340 ms. Memory: 2846720K Free: 328190K (12%)
#Configuration.check: entity: ptolemy.actor.lib.r.RExpression {.configuration.actor library.MoreLibraries.R.RExpression} 329340 ms. Memory: 2846720K Free: 327680K (12%)
#Configuration.check: entity: ptolemy.actor.lib.r.RExpression2 {.configuration.actor library.MoreLibraries.R.RExpression2} 329344 ms. Memory: 2846720K Free: 326656K (11%)
#Configuration.check: entity: ptolemy.actor.lib.GetCausalityInterface {.configuration.actor library.MoreLibraries.RegressionTest.GetCausalityInterface} 329347 ms. Memory: 2846720K Free: 326656K (11%)
#Configuration.check: entity: ptolemy.actor.lib.CurrentMicrostep {.configuration.actor library.MoreLibraries.RegressionTest.CurrentMicrostep} 329349 ms. Memory: 2846720K Free: 325118K (11%)
#Configuration.check: entity: ptolemy.actor.lib.NonStrictTest {.configuration.actor library.MoreLibraries.RegressionTest.NonStrictTest} 329349 ms. Memory: 2846720K Free: 325118K (11%)
#Configuration.check: entity: ptolemy.actor.lib.Test {.configuration.actor library.MoreLibraries.RegressionTest.Test} 329350 ms. Memory: 2846720K Free: 325118K (11%)
#Configuration.check: entity: ptolemy.domains.de.lib.TestActorPortDepth {.configuration.actor library.MoreLibraries.RegressionTest.TestActorPortDepth} 329350 ms. Memory: 2846720K Free: 324608K (11%)
#Configuration.check: entity: ptolemy.actor.lib.TypeTest {.configuration.actor library.MoreLibraries.RegressionTest.TypeTest} 329350 ms. Memory: 2846720K Free: 324608K (11%)
#Configuration.check: entity: ptolemy.actor.lib.security.KeyWriter {.configuration.actor library.MoreLibraries.Security.KeyWriter} 329350 ms. Memory: 2846720K Free: 324608K (11%)
#Configuration.check: entity: ptolemy.actor.lib.security.PublicKeyReader {.configuration.actor library.MoreLibraries.Security.PublicKeyReader} 329362 ms. Memory: 2846720K Free: 317950K (11%)
#Configuration.check: entity: ptolemy.actor.lib.security.PrivateKeyReader {.configuration.actor library.MoreLibraries.Security.PrivateKeyReader} 329363 ms. Memory: 2846720K Free: 317950K (11%)
#Configuration.check: entity: ptolemy.actor.lib.security.SecretKey {.configuration.actor library.MoreLibraries.Security.SecretKey} 329364 ms. Memory: 2846720K Free: 317950K (11%)
#Configuration.check: entity: ptolemy.actor.lib.security.SecretKeyReader {.configuration.actor library.MoreLibraries.Security.SecretKeyReader} 329365 ms. Memory: 2846720K Free: 317440K (11%)
#Configuration.check: entity: ptolemy.actor.lib.security.SignatureSigner {.configuration.actor library.MoreLibraries.Security.SignatureSigner} 329366 ms. Memory: 2846720K Free: 317440K (11%)
#Configuration.check: entity: ptolemy.actor.lib.security.SignatureVerifier {.configuration.actor library.MoreLibraries.Security.SignatureVerifier} 329368 ms. Memory: 2846720K Free: 317440K (11%)
#Configuration.check: entity: ptolemy.actor.lib.security.SymmetricDecryption {.configuration.actor library.MoreLibraries.Security.SymmetricDecryption} 329368 ms. Memory: 2846720K Free: 317440K (11%)
#Configuration.check: entity: ptolemy.actor.lib.security.SymmetricEncryption {.configuration.actor library.MoreLibraries.Security.SymmetricEncryption} 329370 ms. Memory: 2846720K Free: 317440K (11%)
#Configuration.check: entity: ptolemy.actor.lib.security.SymmetricCrypto {.configuration.actor library.MoreLibraries.Security.SymmetricCrypto} 329370 ms. Memory: 2846720K Free: 317440K (11%)
#Configuration.check: entity: ptolemy.domains.wireless.lib.CollisionDetector {.configuration.actor library.MoreLibraries.Wireless.WirelessActors.CollisionDetector} 329371 ms. Memory: 2846720K Free: 316926K (11%)
#Configuration.check: entity: ptolemy.domains.wireless.lib.GetProperties {.configuration.actor library.MoreLibraries.Wireless.WirelessActors.GetProperties} 329394 ms. Memory: 2846720K Free: 306176K (11%)
#Configuration.check: entity: ptolemy.domains.wireless.lib.GraphicalLocator {.configuration.actor library.MoreLibraries.Wireless.WirelessActors.GraphicalLocator} 329395 ms. Memory: 2846720K Free: 306176K (11%)
#Configuration.check: entity: ptolemy.domains.wireless.lib.Locator {.configuration.actor library.MoreLibraries.Wireless.WirelessActors.Locator} 329396 ms. Memory: 2846720K Free: 305647K (11%)
#Configuration.check: entity: ptolemy.domains.wireless.lib.NodeRandomizer {.configuration.actor library.MoreLibraries.Wireless.WirelessActors.NodeRandomizer} 329397 ms. Memory: 2846720K Free: 305152K (11%)
#Configuration.check: entity: ptolemy.domains.wireless.lib.TerrainProperty {.configuration.actor library.MoreLibraries.Wireless.WirelessActors.TerrainProperty} 329398 ms. Memory: 2846720K Free: 305152K (11%)
#Configuration.check: entity: ptolemy.domains.wireless.lib.LinkVisualizer {.configuration.actor library.MoreLibraries.Wireless.WirelessActors.LinkVisualizer} 329398 ms. Memory: 2846720K Free: 305152K (11%)
#Configuration.check: entity: ptolemy.domains.wireless.lib.Triangulator {.configuration.actor library.MoreLibraries.Wireless.WirelessActors.Triangulator} 329399 ms. Memory: 2846720K Free: 304638K (11%)
#Configuration.check: entity: ptolemy.domains.wireless.lib.WiredToWireless {.configuration.actor library.MoreLibraries.Wireless.WirelessActors.WiredToWireless} 329400 ms. Memory: 2846720K Free: 304638K (11%)
#Configuration.check: entity: ptolemy.domains.wireless.lib.WirelessToWired {.configuration.actor library.MoreLibraries.Wireless.WirelessActors.WirelessToWired} 329401 ms. Memory: 2846720K Free: 304638K (11%)
#Configuration.check: entity: ptolemy.domains.wireless.kernel.AtomicWirelessChannel {.configuration.actor library.MoreLibraries.Wireless.WirelessChannels.AtomicWirelessChannel} 329401 ms. Memory: 2846720K Free: 304128K (11%)
#Configuration.check: entity: ptolemy.domains.wireless.lib.DelayChannel {.configuration.actor library.MoreLibraries.Wireless.WirelessChannels.DelayChannel} 329442 ms. Memory: 2846720K Free: 542191K (19%)
#Configuration.check: entity: ptolemy.domains.wireless.lib.LimitedRangeChannel {.configuration.actor library.MoreLibraries.Wireless.WirelessChannels.LimitedRangeChannel} 329442 ms. Memory: 2846720K Free: 542191K (19%)
#Configuration.check: entity: ptolemy.domains.wireless.lib.ErasureChannel {.configuration.actor library.MoreLibraries.Wireless.WirelessChannels.ErasureChannel} 329443 ms. Memory: 2846720K Free: 541696K (19%)
#Configuration.check: entity: ptolemy.domains.wireless.lib.PowerLossChannel {.configuration.actor library.MoreLibraries.Wireless.WirelessChannels.PowerLossChannel} 329443 ms. Memory: 2846720K Free: 541696K (19%)
#Configuration.check: entity: ptolemy.actor.lib.conversions.StringToXML {.configuration.actor library.MoreLibraries.XML.StringToXML} 329443 ms. Memory: 2846720K Free: 541696K (19%)
#Configuration.check: entity: ptolemy.actor.lib.xslt.XSLTransformer {.configuration.actor library.MoreLibraries.XML.XSLTransformer} 329444 ms. Memory: 2846720K Free: 541175K (19%)
#Configuration.check: entity: ptolemy.actor.lib.xslt.XMLInclusion {.configuration.actor library.MoreLibraries.XML.XMLInclusion} 329445 ms. Memory: 2846720K Free: 541175K (19%)
#Configuration.check: entity: ptolemy.actor.gt.controller.InitModel {.configuration.effigyFactory.Model Transformation.blank._Controller.InitModel} 329445 ms. Memory: 2846720K Free: 541175K (19%)
#Configuration.check: entity: ptolemy.actor.lib.CurrentTime {.configuration.actor library.Actors.Sources.TimedSources.TriggeredSinewave.CurrentTime} 329445 ms. Memory: 2846720K Free: 541175K (19%)
#Configuration.check: entity: ptolemy.actor.lib.Scale {.configuration.actor library.Actors.Sources.TimedSources.TriggeredSinewave.Frequency} 329446 ms. Memory: 2846720K Free: 541175K (19%)
#Configuration.check: entity: ptolemy.actor.lib.TrigFunction {.configuration.actor library.Actors.Sources.TimedSources.TriggeredSinewave.Sin} 329446 ms. Memory: 2846720K Free: 541175K (19%)
#Configuration.check: entity: ptolemy.actor.lib.Const {.configuration.actor library.Actors.Sources.TimedSources.TriggeredSinewave.Phase} 329446 ms. Memory: 2846720K Free: 541175K (19%)
#Configuration.check: entity: ptolemy.actor.lib.AddSubtract {.configuration.actor library.Actors.Sources.TimedSources.TriggeredSinewave.Add} 329446 ms. Memory: 2846720K Free: 540672K (19%)
#Configuration.check: entity: ptolemy.actor.lib.Scale {.configuration.actor library.Actors.Sources.TimedSources.TriggeredSinewave.Magnitude} 329446 ms. Memory: 2846720K Free: 540672K (19%)
#Configuration.check: entity: ptolemy.actor.lib.Ramp {.configuration.actor library.Actors.Sources.SequenceSources.Sinewave.Ramp} 329447 ms. Memory: 2846720K Free: 540672K (19%)
#Configuration.check: entity: ptolemy.actor.lib.TrigFunction {.configuration.actor library.Actors.Sources.SequenceSources.Sinewave.TrigFunction} 329447 ms. Memory: 2846720K Free: 540672K (19%)
#Configuration.check: entity: ptolemy.actor.lib.Const {.configuration.actor library.Actors.Sources.SequenceSources.Sinewave.Const} 329447 ms. Memory: 2846720K Free: 540672K (19%)
#Configuration.check: entity: ptolemy.actor.lib.AddSubtract {.configuration.actor library.Actors.Sources.SequenceSources.Sinewave.AddSubtract} 329448 ms. Memory: 2846720K Free: 540672K (19%)
#Configuration.check: entity: ptolemy.actor.lib.Pulse {.configuration.actor library.Actors.SignalProcessing.Spectrum.MaximumEntropySpectrum.Pulse} 329448 ms. Memory: 2846720K Free: 540158K (19%)
#Configuration.check: entity: ptolemy.actor.lib.MultiplyDivide {.configuration.actor library.Actors.SignalProcessing.Spectrum.MaximumEntropySpectrum.MultiplyDivide} 329450 ms. Memory: 2846720K Free: 539648K (19%)
#Configuration.check: entity: ptolemy.domains.sdf.lib.Autocorrelation {.configuration.actor library.Actors.SignalProcessing.Spectrum.MaximumEntropySpectrum.Autocorrelation} 329450 ms. Memory: 2846720K Free: 539648K (19%)
#Configuration.check: entity: ptolemy.actor.lib.LevinsonDurbin {.configuration.actor library.Actors.SignalProcessing.Spectrum.MaximumEntropySpectrum.LevinsonDurbin} 329451 ms. Memory: 2846720K Free: 539119K (19%)
#Configuration.check: entity: ptolemy.actor.lib.ArrayAppend {.configuration.actor library.Actors.SignalProcessing.Spectrum.MaximumEntropySpectrum.ArrayAppend} 329451 ms. Memory: 2846720K Free: 539119K (19%)
#Configuration.check: entity: ptolemy.domains.sdf.lib.ArrayToSequence {.configuration.actor library.Actors.SignalProcessing.Spectrum.MaximumEntropySpectrum.ArrayToSequence} 329452 ms. Memory: 2846720K Free: 539119K (19%)
#Configuration.check: entity: ptolemy.domains.sdf.lib.FFT {.configuration.actor library.Actors.SignalProcessing.Spectrum.MaximumEntropySpectrum.FFT} 329454 ms. Memory: 2846720K Free: 538110K (19%)
#Configuration.check: entity: ptolemy.actor.lib.AbsoluteValue {.configuration.actor library.Actors.SignalProcessing.Spectrum.MaximumEntropySpectrum.AbsoluteValue} 329455 ms. Memory: 2846720K Free: 537086K (19%)
#Configuration.check: entity: ptolemy.actor.lib.MultiplyDivide {.configuration.actor library.Actors.SignalProcessing.Spectrum.MaximumEntropySpectrum.MultiplyDivide2} 329456 ms. Memory: 2846720K Free: 537086K (19%)
#Configuration.check: entity: ptolemy.actor.lib.DB {.configuration.actor library.Actors.SignalProcessing.Spectrum.MaximumEntropySpectrum.DB} 329456 ms. Memory: 2846720K Free: 537086K (19%)
#Configuration.check: entity: ptolemy.actor.lib.ArrayElement {.configuration.actor library.Actors.SignalProcessing.Spectrum.MaximumEntropySpectrum.ArrayElement} 329456 ms. Memory: 2846720K Free: 537086K (19%)
#Configuration.check: entity: ptolemy.domains.sdf.lib.Repeat {.configuration.actor library.Actors.SignalProcessing.Spectrum.MaximumEntropySpectrum.Repeat} 329457 ms. Memory: 2846720K Free: 536576K (19%)
#Configuration.check: entity: ptolemy.domains.sdf.lib.Chop {.configuration.actor library.Actors.SignalProcessing.Spectrum.MaximumEntropySpectrum.Chop} 329461 ms. Memory: 2846720K Free: 535552K (19%)
#Configuration.check: entity: ptolemy.actor.lib.MathFunction {.configuration.actor library.Actors.SignalProcessing.Spectrum.MaximumEntropySpectrum.MathFunction} 329462 ms. Memory: 2846720K Free: 534528K (19%)
#Configuration.check: entity: ptolemy.actor.lib.Const {.configuration.actor library.Actors.SignalProcessing.Spectrum.MaximumEntropySpectrum.Const} 329463 ms. Memory: 2846720K Free: 534528K (19%)
#Configuration.check: entity: ptolemy.actor.lib.MultiplyDivide {.configuration.actor library.Actors.SignalProcessing.Spectrum.SmoothedPeriodogram.Multiply} 329463 ms. Memory: 2846720K Free: 534528K (19%)
#Configuration.check: entity: ptolemy.domains.sdf.lib.FFT {.configuration.actor library.Actors.SignalProcessing.Spectrum.SmoothedPeriodogram.FFT} 329463 ms. Memory: 2846720K Free: 534528K (19%)
#Configuration.check: entity: ptolemy.actor.lib.DB {.configuration.actor library.Actors.SignalProcessing.Spectrum.SmoothedPeriodogram.DB} 329473 ms. Memory: 2846720K Free: 534014K (19%)
#Configuration.check: entity: ptolemy.actor.lib.AbsoluteValue {.configuration.actor library.Actors.SignalProcessing.Spectrum.SmoothedPeriodogram.AbsoluteValue0} 329474 ms. Memory: 2846720K Free: 533504K (19%)
#Configuration.check: entity: ptolemy.domains.sdf.lib.Autocorrelation {.configuration.actor library.Actors.SignalProcessing.Spectrum.SmoothedPeriodogram.Autocorrelation} 329474 ms. Memory: 2846720K Free: 533504K (19%)
#Configuration.check: entity: ptolemy.domains.sdf.lib.Chop {.configuration.actor library.Actors.SignalProcessing.Spectrum.SmoothedPeriodogram.Chop} 329477 ms. Memory: 2846720K Free: 532959K (19%)
#Configuration.check: entity: ptolemy.domains.sdf.lib.ArrayToSequence {.configuration.actor library.Actors.SignalProcessing.Spectrum.SmoothedPeriodogram.ArrayToSequence} 329479 ms. Memory: 2846720K Free: 532480K (19%)
#Configuration.check: entity: ptolemy.actor.lib.Sequence {.configuration.actor library.Actors.SignalProcessing.Spectrum.SmoothedPeriodogram.Sequence} 329481 ms. Memory: 2846720K Free: 531456K (19%)
#Configuration.check: entity: ptolemy.actor.lib.MultiplyDivide {.configuration.actor library.Actors.SignalProcessing.Spectrum.Spectrum.Multiply} 329482 ms. Memory: 2846720K Free: 531456K (19%)
#Configuration.check: entity: ptolemy.domains.sdf.lib.FFT {.configuration.actor library.Actors.SignalProcessing.Spectrum.Spectrum.FFT} 329482 ms. Memory: 2846720K Free: 531456K (19%)
#Configuration.check: entity: ptolemy.actor.lib.DB {.configuration.actor library.Actors.SignalProcessing.Spectrum.Spectrum.DB} 329485 ms. Memory: 2846720K Free: 530432K (19%)
#Configuration.check: entity: ptolemy.actor.lib.AbsoluteValue {.configuration.actor library.Actors.SignalProcessing.Spectrum.Spectrum.AbsoluteValue0} 329485 ms. Memory: 2846720K Free: 530432K (19%)
#Configuration.check: entity: ptolemy.actor.lib.Scale {.configuration.actor library.Actors.SignalProcessing.Spectrum.Spectrum.Scale} 329486 ms. Memory: 2846720K Free: 530432K (19%)
#Configuration.check: entity: ptolemy.actor.lib.Sequence {.configuration.actor library.Actors.SignalProcessing.Spectrum.Spectrum.Sequence} 329486 ms. Memory: 2846720K Free: 530432K (19%)
#Configuration.check: entity: ptolemy.actor.lib.CurrentTime {.configuration.actor library.Actors.DomainSpecific.Continuous.Signal Generators.ContinuousSinewave.CurrentTime} 329487 ms. Memory: 2846720K Free: 529918K (19%)
#Configuration.check: entity: ptolemy.actor.lib.Scale {.configuration.actor library.Actors.DomainSpecific.Continuous.Signal Generators.ContinuousSinewave.Frequency} 329487 ms. Memory: 2846720K Free: 529918K (19%)
#Configuration.check: entity: ptolemy.actor.lib.TrigFunction {.configuration.actor library.Actors.DomainSpecific.Continuous.Signal Generators.ContinuousSinewave.Sin} 329488 ms. Memory: 2846720K Free: 529918K (19%)
#Configuration.check: entity: ptolemy.actor.lib.Const {.configuration.actor library.Actors.DomainSpecific.Continuous.Signal Generators.ContinuousSinewave.Phase} 329488 ms. Memory: 2846720K Free: 529918K (19%)
#Configuration.check: entity: ptolemy.actor.lib.AddSubtract {.configuration.actor library.Actors.DomainSpecific.Continuous.Signal Generators.ContinuousSinewave.Add} 329488 ms. Memory: 2846720K Free: 529918K (19%)
#Configuration.check: entity: ptolemy.actor.lib.Scale {.configuration.actor library.Actors.DomainSpecific.Continuous.Signal Generators.ContinuousSinewave.Magnitude} 329488 ms. Memory: 2846720K Free: 529408K (19%)
#Configuration.check: entity: ptolemy.domains.continuous.lib.ZeroOrderHold {.configuration.actor library.Actors.DomainSpecific.Continuous.Signal Generators.PWM.ZeroOrderHold} 329489 ms. Memory: 2846720K Free: 529408K (19%)
#Configuration.check: entity: ptolemy.domains.modal.kernel.State {.configuration.actor library.Actors.DomainSpecific.Continuous.Signal Generators.PWM.Controller._Controller.on} 329489 ms. Memory: 2846720K Free: 529408K (19%)
#Configuration.check: entity: ptolemy.domains.modal.kernel.State {.configuration.actor library.Actors.DomainSpecific.Continuous.Signal Generators.PWM.Controller._Controller.off} 329489 ms. Memory: 2846720K Free: 529408K (19%)
#Configuration.check: entity: ptolemy.domains.modal.kernel.State {.configuration.actor library.Actors.DomainSpecific.Continuous.Signal Generators.PWM.Controller._Controller.start} 329489 ms. Memory: 2846720K Free: 529408K (19%)
#Configuration.check: entity: ptolemy.actor.lib.gui.SequencePlotter {.configuration.actor library.Actors.DomainSpecific.Continuous.Random.ContinuousSpectrum.Frequency Domain Display} 329489 ms. Memory: 2846720K Free: 529408K (19%)
#Configuration.check: entity: ptolemy.actor.lib.MultiplyDivide {.configuration.actor library.Actors.DomainSpecific.Continuous.Random.ContinuousSpectrum.Periodogram.Multiply} 329489 ms. Memory: 2846720K Free: 529408K (19%)
#Configuration.check: entity: ptolemy.actor.lib.Pulse {.configuration.actor library.Actors.DomainSpecific.Continuous.Random.ContinuousSpectrum.Periodogram.Waveform} 329490 ms. Memory: 2846720K Free: 529408K (19%)
#Configuration.check: entity: ptolemy.domains.sdf.lib.FFT {.configuration.actor library.Actors.DomainSpecific.Continuous.Random.ContinuousSpectrum.Periodogram.FFT} 329492 ms. Memory: 2846720K Free: 528894K (19%)
#Configuration.check: entity: ptolemy.actor.lib.DB {.configuration.actor library.Actors.DomainSpecific.Continuous.Random.ContinuousSpectrum.Periodogram.DB} 329494 ms. Memory: 2846720K Free: 527855K (19%)
#Configuration.check: entity: ptolemy.actor.lib.AbsoluteValue {.configuration.actor library.Actors.DomainSpecific.Continuous.Random.ContinuousSpectrum.Periodogram.AbsoluteValue0} 329503 ms. Memory: 2846720K Free: 527360K (19%)
#Configuration.check: entity: ptolemy.actor.lib.Scale {.configuration.actor library.Actors.DomainSpecific.Continuous.Random.ContinuousSpectrum.Periodogram.Scale} 329504 ms. Memory: 2846720K Free: 527360K (19%)
#Configuration.check: entity: ptolemy.actor.lib.aspect.CommunicationRequestPort {.configuration.actor library.MoreLibraries.Aspects.CompositeCommunicationAspect.CommunicationRequestPort} 329505 ms. Memory: 2846720K Free: 527360K (19%)
#Configuration.check: entity: ptolemy.actor.lib.aspect.CommunicationResponsePort {.configuration.actor library.MoreLibraries.Aspects.CompositeCommunicationAspect.CommunicationResponsePort} 329506 ms. Memory: 2846720K Free: 526846K (19%)
#Configuration.check: entity: ptolemy.actor.lib.aspect.ExecutionRequestPort {.configuration.actor library.MoreLibraries.Aspects.CompositeExecutionAspect.ExecutionRequestPort} 329509 ms. Memory: 2846720K Free: 526846K (19%)
#Configuration.check: entity: ptolemy.actor.lib.aspect.ExecutionResponsePort {.configuration.actor library.MoreLibraries.Aspects.CompositeExecutionAspect.ExecutionResponsePort} 329511 ms. Memory: 2846720K Free: 526336K (18%)
#Configuration.check: entity: ptolemy.actor.gt.controller.InitModelWithContainer {.configuration.actor library.MoreLibraries.GraphTransformation.ModelUpdater._Controller.InitModelWithContainer} 329512 ms. Memory: 2846720K Free: 526336K (18%)
#Configuration.check: entity: ptolemy.actor.gt.controller.InitModel {.configuration.actor library.MoreLibraries.GraphTransformation.TransformationController._Controller.InitModel} 329512 ms. Memory: 2846720K Free: 526336K (18%)
#Configuration.check: entity: ptolemy.actor.gt.controller.InputModel {.configuration.actor library.MoreLibraries.GraphTransformation.TransformationController._Controller.InputModel} 329512 ms. Memory: 2846720K Free: 526336K (18%)
#Configuration.check: entity: ptolemy.actor.gt.controller.OutputModel {.configuration.actor library.MoreLibraries.GraphTransformation.TransformationController._Controller.OutputModel} 329512 ms. Memory: 2846720K Free: 526336K (18%)
#Configuration.check: entity: ptolemy.actor.lib.Expression {.configuration.actor library.MoreLibraries.MachineLearning.ParticleFilter.CollaborativeRangeParticleFilter.x_update} 329512 ms. Memory: 2846720K Free: 526336K (18%)
#Configuration.check: entity: ptolemy.actor.lib.Expression {.configuration.actor library.MoreLibraries.MachineLearning.ParticleFilter.CollaborativeRangeParticleFilter.y_update} 329651 ms. Memory: 2846720K Free: 465920K (16%)
#Configuration.check: entity: ptolemy.actor.lib.Expression {.configuration.actor library.MoreLibraries.MachineLearning.ParticleFilter.CollaborativeRangeParticleFilter.range0_m_equation} 329651 ms. Memory: 2846720K Free: 465920K (16%)
#Configuration.check: entity: ptolemy.actor.lib.Expression {.configuration.actor library.MoreLibraries.MachineLearning.ParticleFilter.CollaborativeRangeParticleFilter.range0_m_covariance} 329653 ms. Memory: 2846720K Free: 465920K (16%)
#Configuration.check: entity: ptolemy.actor.lib.SetVariable {.configuration.actor library.MoreLibraries.MachineLearning.ParticleFilter.CollaborativeRangeParticleFilter.setrange0_m} 329653 ms. Memory: 2846720K Free: 465406K (16%)
#Configuration.check: entity: ptolemy.actor.lib.Expression {.configuration.actor library.MoreLibraries.MachineLearning.ParticleFilter.CollaborativeRangeParticleFilter.range1_m_equation} 329654 ms. Memory: 2846720K Free: 465406K (16%)
#Configuration.check: entity: ptolemy.actor.lib.Expression {.configuration.actor library.MoreLibraries.MachineLearning.ParticleFilter.CollaborativeRangeParticleFilter.range1_m_covariance} 329656 ms. Memory: 2846720K Free: 465406K (16%)
#Configuration.check: entity: ptolemy.actor.lib.SetVariable {.configuration.actor library.MoreLibraries.MachineLearning.ParticleFilter.CollaborativeRangeParticleFilter.setrange1_m} 329656 ms. Memory: 2846720K Free: 464896K (16%)
#Configuration.check: entity: ptolemy.actor.lib.Expression {.configuration.actor library.MoreLibraries.MachineLearning.ParticleFilter.CollaborativeRangeParticleFilter.range2_m_equation} 329656 ms. Memory: 2846720K Free: 464896K (16%)
#Configuration.check: entity: ptolemy.actor.lib.Expression {.configuration.actor library.MoreLibraries.MachineLearning.ParticleFilter.CollaborativeRangeParticleFilter.range2_m_covariance} 329658 ms. Memory: 2846720K Free: 464896K (16%)
#Configuration.check: entity: ptolemy.actor.lib.SetVariable {.configuration.actor library.MoreLibraries.MachineLearning.ParticleFilter.CollaborativeRangeParticleFilter.setrange2_m} 329659 ms. Memory: 2846720K Free: 464863K (16%)
#Configuration.check: entity: ptolemy.actor.lib.Expression {.configuration.actor library.MoreLibraries.MachineLearning.ParticleFilter.CollaborativeRangeParticleFilter.range3_m_equation} 329659 ms. Memory: 2846720K Free: 464351K (16%)
#Configuration.check: entity: ptolemy.actor.lib.Expression {.configuration.actor library.MoreLibraries.MachineLearning.ParticleFilter.CollaborativeRangeParticleFilter.range3_m_covariance} 329661 ms. Memory: 2846720K Free: 464351K (16%)
#Configuration.check: entity: ptolemy.actor.lib.SetVariable {.configuration.actor library.MoreLibraries.MachineLearning.ParticleFilter.CollaborativeRangeParticleFilter.setrange3_m} 329661 ms. Memory: 2846720K Free: 464351K (16%)
#Configuration.check: entity: ptolemy.actor.lib.AddSubtract {.configuration.actor library.MoreLibraries.Optimization.TrajectoryOptimizer.OptimizerComposite.AddSubtract} 329662 ms. Memory: 2846720K Free: 463872K (16%)
#Configuration.check: entity: ptolemy.actor.lib.Expression {.configuration.actor library.MoreLibraries.Optimization.TrajectoryOptimizer.OptimizerComposite.Constraints} 329662 ms. Memory: 2846720K Free: 463872K (16%)
#Configuration.check: entity: ptolemy.actor.lib.Expression {.configuration.actor library.MoreLibraries.Optimization.TrajectoryOptimizer.OptimizerComposite.CostFunction} 329663 ms. Memory: 2846720K Free: 463872K (16%)
#---- Second call to Configuration.check
HLA version is 1.3.
HLA version is 1.3.
HLA version is 1.3.
HLA version is 1.3.
HLA version is 1.3.
HLA version is 1.3.
Configuration.check: entity: ptolemy.actor.lib.Assert {.configuration.actor library.Utilities.Analysis.Assert} 0 ms. Memory: 2912256K Free: 397847K (14%)
#Configuration.check: entity: ptolemy.actor.lib.jjs.JavaScript {.configuration.actor library.Utilities.JavaScript.JavaScript} 2 ms. Memory: 2912256K Free: 397337K (14%)
#Configuration.check: entity: ptolemy.vergil.basic.export.html.jsoup.HTMLPageAssembler {.configuration.actor library.Utilities.WebExport.HTMLPageAssembler} 6 ms. Memory: 2912256K Free: 396823K (14%)
#Configuration.check: entity: ptolemy.actor.lib.Const {.configuration.actor library.Actors.Sources.GenericSources.Const} 7 ms. Memory: 2912256K Free: 396311K (14%)
#Configuration.check: entity: ptolemy.actor.lib.StringConst {.configuration.actor library.Actors.Sources.GenericSources.StringConst} 8 ms. Memory: 2912256K Free: 395799K (14%)
#Configuration.check: entity: ptolemy.actor.lib.Subscriber {.configuration.actor library.Actors.Sources.GenericSources.Subscriber} 8 ms. Memory: 2912256K Free: 395799K (14%)
#Configuration.check: entity: ptolemy.actor.lib.SubscriptionAggregator {.configuration.actor library.Actors.Sources.GenericSources.SubscriptionAggregator} 9 ms. Memory: 2912256K Free: 395289K (14%)
#Configuration.check: entity: ptolemy.actor.lib.CurrentDate {.configuration.actor library.Actors.Sources.TimedSources.CurrentDate} 11 ms. Memory: 2912256K Free: 394744K (14%)
#Configuration.check: entity: ptolemy.actor.lib.CurrentTime {.configuration.actor library.Actors.Sources.TimedSources.CurrentTime} 13 ms. Memory: 2912256K Free: 393736K (14%)
#Configuration.check: entity: ptolemy.actor.lib.CurrentMicrostep {.configuration.actor library.Actors.Sources.TimedSources.CurrentMicrostep} 14 ms. Memory: 2912256K Free: 393736K (14%)
#Configuration.check: entity: ptolemy.actor.lib.DiscreteClock {.configuration.actor library.Actors.Sources.TimedSources.DiscreteClock} 14 ms. Memory: 2912256K Free: 393736K (14%)
#Configuration.check: entity: ptolemy.actor.lib.PoissonClock {.configuration.actor library.Actors.Sources.TimedSources.PoissonClock} 16 ms. Memory: 2912256K Free: 393241K (14%)
#Configuration.check: entity: ptolemy.actor.lib.gui.InteractiveDialog {.configuration.actor library.Actors.Sources.SequenceSources.InteractiveDialog} 16 ms. Memory: 2912256K Free: 392727K (13%)
#Configuration.check: entity: ptolemy.actor.lib.gui.InteractiveShell {.configuration.actor library.Actors.Sources.SequenceSources.InteractiveShell} 17 ms. Memory: 2912256K Free: 392727K (13%)
#Configuration.check: entity: ptolemy.actor.lib.Interpolator {.configuration.actor library.Actors.Sources.SequenceSources.Interpolator} 17 ms. Memory: 2912256K Free: 392217K (13%)
#Configuration.check: entity: ptolemy.actor.lib.Pulse {.configuration.actor library.Actors.Sources.SequenceSources.Pulse} 19 ms. Memory: 2912256K Free: 391696K (13%)
#Configuration.check: entity: ptolemy.actor.lib.Ramp {.configuration.actor library.Actors.Sources.SequenceSources.Ramp} 21 ms. Memory: 2912256K Free: 391193K (13%)
#Configuration.check: entity: ptolemy.actor.lib.Sequence {.configuration.actor library.Actors.Sources.SequenceSources.Sequence} 23 ms. Memory: 2912256K Free: 390679K (13%)
#Configuration.check: entity: ptolemy.actor.lib.gui.SketchedSource {.configuration.actor library.Actors.Sources.SequenceSources.SketchedSource} 23 ms. Memory: 2912256K Free: 390679K (13%)
#Configuration.check: entity: ptolemy.actor.lib.gui.ArrayPlotterXY {.configuration.actor library.Actors.Sinks.GenericSinks.ArrayPlotterXY} 24 ms. Memory: 2912256K Free: 390169K (13%)
#Configuration.check: entity: ptolemy.actor.lib.Discard {.configuration.actor library.Actors.Sinks.GenericSinks.Discard} 25 ms. Memory: 2912256K Free: 390169K (13%)
#Configuration.check: entity: ptolemy.actor.lib.gui.Display {.configuration.actor library.Actors.Sinks.GenericSinks.Display} 25 ms. Memory: 2912256K Free: 390169K (13%)
#Configuration.check: entity: ptolemy.actor.lib.gui.MonitorValue {.configuration.actor library.Actors.Sinks.GenericSinks.MonitorValue} 26 ms. Memory: 2912256K Free: 389655K (13%)
#Configuration.check: entity: ptolemy.actor.lib.Publisher {.configuration.actor library.Actors.Sinks.GenericSinks.Publisher} 27 ms. Memory: 2912256K Free: 389602K (13%)
#Configuration.check: entity: ptolemy.actor.lib.Recorder {.configuration.actor library.Actors.Sinks.GenericSinks.Recorder} 28 ms. Memory: 2912256K Free: 389145K (13%)
#Configuration.check: entity: ptolemy.actor.lib.SetVariable {.configuration.actor library.Actors.Sinks.GenericSinks.SetVariable} 28 ms. Memory: 2912256K Free: 389145K (13%)
#Configuration.check: entity: ptolemy.actor.lib.gui.XYPlotter {.configuration.actor library.Actors.Sinks.GenericSinks.XYPlotter} 28 ms. Memory: 2912256K Free: 388631K (13%)
#Configuration.check: entity: ptolemy.actor.lib.gui.XYScope {.configuration.actor library.Actors.Sinks.GenericSinks.XYScope} 28 ms. Memory: 2912256K Free: 388631K (13%)
#Configuration.check: entity: ptolemy.actor.lib.gui.TimedDisplay {.configuration.actor library.Actors.Sinks.TimedSinks.TimedDisplay} 29 ms. Memory: 2912256K Free: 388631K (13%)
#Configuration.check: entity: ptolemy.actor.lib.gui.TimedMonitorValue {.configuration.actor library.Actors.Sinks.TimedSinks.TimedMonitorValue} 29 ms. Memory: 2912256K Free: 388626K (13%)
#Configuration.check: entity: ptolemy.actor.lib.gui.TimedPlotter {.configuration.actor library.Actors.Sinks.TimedSinks.TimedPlotter} 30 ms. Memory: 2912256K Free: 388121K (13%)
#Configuration.check: entity: ptolemy.actor.lib.gui.TimedScope {.configuration.actor library.Actors.Sinks.TimedSinks.TimedScope} 30 ms. Memory: 2912256K Free: 388121K (13%)
#Configuration.check: entity: ptolemy.actor.lib.gui.ArrayPlotter {.configuration.actor library.Actors.Sinks.SequenceSinks.ArrayPlotter} 30 ms. Memory: 2912256K Free: 388121K (13%)
#Configuration.check: entity: ptolemy.actor.lib.gui.BarGraph {.configuration.actor library.Actors.Sinks.SequenceSinks.BarGraph} 31 ms. Memory: 2912256K Free: 387607K (13%)
#Configuration.check: entity: ptolemy.actor.lib.gui.HistogramPlotter {.configuration.actor library.Actors.Sinks.SequenceSinks.HistogramPlotter} 31 ms. Memory: 2912256K Free: 387607K (13%)
#Configuration.check: entity: ptolemy.actor.lib.gui.SequencePlotter {.configuration.actor library.Actors.Sinks.SequenceSinks.SequencePlotter} 31 ms. Memory: 2912256K Free: 387607K (13%)
#Configuration.check: entity: ptolemy.actor.lib.gui.SequenceScope {.configuration.actor library.Actors.Sinks.SequenceSinks.SequenceScope} 32 ms. Memory: 2912256K Free: 387607K (13%)
#Configuration.check: entity: ptolemy.actor.lib.ArrayAccumulate {.configuration.actor library.Actors.Array.ArrayAccumulate} 32 ms. Memory: 2912256K Free: 387097K (13%)
#Configuration.check: entity: ptolemy.actor.lib.ArrayAppend {.configuration.actor library.Actors.Array.ArrayAppend} 33 ms. Memory: 2912256K Free: 387097K (13%)
#Configuration.check: entity: ptolemy.actor.lib.ArrayAverage {.configuration.actor library.Actors.Array.ArrayAverage} 33 ms. Memory: 2912256K Free: 387097K (13%)
#Configuration.check: entity: ptolemy.actor.lib.ArrayContains {.configuration.actor library.Actors.Array.ArrayContains} 35 ms. Memory: 2912256K Free: 386583K (13%)
#Configuration.check: entity: ptolemy.actor.lib.ArrayElement {.configuration.actor library.Actors.Array.ArrayElement} 36 ms. Memory: 2912256K Free: 386073K (13%)
#Configuration.check: entity: ptolemy.actor.lib.ArrayElementAsMatrix {.configuration.actor library.Actors.Array.ArrayElementAsMatrix} 37 ms. Memory: 2912256K Free: 386073K (13%)
#Configuration.check: entity: ptolemy.actor.lib.ArrayExtract {.configuration.actor library.Actors.Array.ArrayExtract} 39 ms. Memory: 2912256K Free: 385049K (13%)
#Configuration.check: entity: ptolemy.actor.lib.ArrayLength {.configuration.actor library.Actors.Array.ArrayLength} 41 ms. Memory: 2912256K Free: 384502K (13%)
#Configuration.check: entity: ptolemy.actor.lib.ArrayLevelCrossing {.configuration.actor library.Actors.Array.ArrayLevelCrossing} 42 ms. Memory: 2912256K Free: 384502K (13%)
#Configuration.check: entity: ptolemy.actor.lib.ArrayMaximum {.configuration.actor library.Actors.Array.ArrayMaximum} 44 ms. Memory: 2912256K Free: 383504K (13%)
#Configuration.check: entity: ptolemy.actor.lib.ArrayMinimum {.configuration.actor library.Actors.Array.ArrayMinimum} 45 ms. Memory: 2912256K Free: 383504K (13%)
#Configuration.check: entity: ptolemy.actor.lib.ArrayPeakSearch {.configuration.actor library.Actors.Array.ArrayPeakSearch} 46 ms. Memory: 2912256K Free: 383001K (13%)
#Configuration.check: entity: ptolemy.actor.lib.ArrayRemoveElement {.configuration.actor library.Actors.Array.ArrayRemoveElement} 48 ms. Memory: 2912256K Free: 382487K (13%)
#Configuration.check: entity: ptolemy.actor.lib.ArraySort {.configuration.actor library.Actors.Array.ArraySort} 50 ms. Memory: 2912256K Free: 381977K (13%)
#Configuration.check: entity: ptolemy.actor.lib.ArraySum {.configuration.actor library.Actors.Array.ArraySum} 50 ms. Memory: 2912256K Free: 381977K (13%)
#Configuration.check: entity: ptolemy.actor.lib.ArrayToElements {.configuration.actor library.Actors.Array.ArrayToElements} 51 ms. Memory: 2912256K Free: 381463K (13%)
#Configuration.check: entity: ptolemy.domains.sdf.lib.ArrayToSequence {.configuration.actor library.Actors.Array.ArrayToSequence} 52 ms. Memory: 2912256K Free: 381463K (13%)
#Configuration.check: entity: ptolemy.actor.lib.ArrayUpdate {.configuration.actor library.Actors.Array.ArrayUpdate} 54 ms. Memory: 2912256K Free: 380439K (13%)
#Configuration.check: entity: ptolemy.actor.lib.ElementsToArray {.configuration.actor library.Actors.Array.ElementsToArray} 56 ms. Memory: 2912256K Free: 379929K (13%)
#Configuration.check: entity: ptolemy.domains.sdf.lib.SequenceToArray {.configuration.actor library.Actors.Array.SequenceToArray} 56 ms. Memory: 2912256K Free: 379929K (13%)
#Configuration.check: entity: ptolemy.actor.lib.conversions.AnythingToDouble {.configuration.actor library.Actors.Conversions.AnythingToDouble} 58 ms. Memory: 2912256K Free: 379400K (13%)
#Configuration.check: entity: ptolemy.actor.lib.conversions.BooleanToAnything {.configuration.actor library.Actors.Conversions.BooleanToAnything} 58 ms. Memory: 2912256K Free: 379400K (13%)
#Configuration.check: entity: ptolemy.domains.sdf.lib.BitsToInt {.configuration.actor library.Actors.Conversions.BitsToInt} 58 ms. Memory: 2912256K Free: 379400K (13%)
#Configuration.check: entity: ptolemy.actor.lib.conversions.CartesianToComplex {.configuration.actor library.Actors.Conversions.CartesianToComplex} 58 ms. Memory: 2912256K Free: 378905K (13%)
#Configuration.check: entity: ptolemy.actor.lib.conversions.CartesianToPolar {.configuration.actor library.Actors.Conversions.CartesianToPolar} 58 ms. Memory: 2912256K Free: 378905K (13%)
#Configuration.check: entity: ptolemy.actor.lib.conversions.ComplexToCartesian {.configuration.actor library.Actors.Conversions.ComplexToCartesian} 59 ms. Memory: 2912256K Free: 378905K (13%)
#Configuration.check: entity: ptolemy.actor.lib.conversions.ComplexToPolar {.configuration.actor library.Actors.Conversions.ComplexToPolar} 59 ms. Memory: 2912256K Free: 378905K (13%)
#Configuration.check: entity: ptolemy.actor.lib.conversions.DateToString {.configuration.actor library.Actors.Conversions.DateToString} 59 ms. Memory: 2912256K Free: 378905K (13%)
#Configuration.check: entity: ptolemy.actor.lib.conversions.DoubleToFix {.configuration.actor library.Actors.Conversions.DoubleToFix} 59 ms. Memory: 2912256K Free: 378905K (13%)
#Configuration.check: entity: ptolemy.actor.lib.conversions.ExpressionToToken {.configuration.actor library.Actors.Conversions.ExpressionToToken} 59 ms. Memory: 2912256K Free: 378905K (13%)
#Configuration.check: entity: ptolemy.actor.lib.conversions.FixToDouble {.configuration.actor library.Actors.Conversions.FixToDouble} 59 ms. Memory: 2912256K Free: 378905K (13%)
#Configuration.check: entity: ptolemy.actor.lib.conversions.FixToFix {.configuration.actor library.Actors.Conversions.FixToFix} 59 ms. Memory: 2912256K Free: 378905K (13%)
#Configuration.check: entity: ptolemy.actor.lib.conversions.ImageToString {.configuration.actor library.Actors.Conversions.ImageToString} 59 ms. Memory: 2912256K Free: 378384K (13%)
#Configuration.check: entity: ptolemy.actor.lib.conversions.IntArrayToString {.configuration.actor library.Actors.Conversions.IntArrayToString} 60 ms. Memory: 2912256K Free: 378384K (13%)
#Configuration.check: entity: ptolemy.domains.sdf.lib.IntToBits {.configuration.actor library.Actors.Conversions.IntToBits} 60 ms. Memory: 2912256K Free: 378384K (13%)
#Configuration.check: entity: ptolemy.actor.lib.conversions.InUnitsOf {.configuration.actor library.Actors.Conversions.InUnitsOf} 60 ms. Memory: 2912256K Free: 378384K (13%)
#Configuration.check: entity: ptolemy.actor.lib.conversions.json.JSONToToken {.configuration.actor library.Actors.Conversions.JSON.JSONToToken} 60 ms. Memory: 2912256K Free: 378384K (13%)
#Configuration.check: entity: ptolemy.actor.lib.conversions.json.TokenToJSON {.configuration.actor library.Actors.Conversions.JSON.TokenToJSON} 61 ms. Memory: 2912256K Free: 377881K (13%)
#Configuration.check: entity: ptolemy.actor.lib.conversions.LongToDouble {.configuration.actor library.Actors.Conversions.LongToDouble} 61 ms. Memory: 2912256K Free: 377881K (13%)
#Configuration.check: entity: ptolemy.actor.lib.conversions.PolarToCartesian {.configuration.actor library.Actors.Conversions.PolarToCartesian} 61 ms. Memory: 2912256K Free: 377881K (13%)
#Configuration.check: entity: ptolemy.actor.lib.conversions.PolarToComplex {.configuration.actor library.Actors.Conversions.PolarToComplex} 61 ms. Memory: 2912256K Free: 377881K (13%)
#Configuration.check: entity: ptolemy.actor.lib.conversions.Round {.configuration.actor library.Actors.Conversions.Round} 61 ms. Memory: 2912256K Free: 377881K (13%)
#Configuration.check: entity: ptolemy.actor.lib.conversions.SmoothToDouble {.configuration.actor library.Actors.Conversions.SmoothToDouble} 61 ms. Memory: 2912256K Free: 377881K (13%)
#Configuration.check: entity: ptolemy.actor.lib.conversions.StringToBoolean {.configuration.actor library.Actors.Conversions.StringToBoolean} 61 ms. Memory: 2912256K Free: 377881K (13%)
#Configuration.check: entity: ptolemy.actor.lib.conversions.StringToDouble {.configuration.actor library.Actors.Conversions.StringToDouble} 61 ms. Memory: 2912256K Free: 377881K (13%)
#Configuration.check: entity: ptolemy.actor.lib.conversions.StringToInt {.configuration.actor library.Actors.Conversions.StringToInt} 61 ms. Memory: 2912256K Free: 377881K (13%)
#Configuration.check: entity: ptolemy.actor.lib.conversions.StringToIntArray {.configuration.actor library.Actors.Conversions.StringToIntArray} 61 ms. Memory: 2912256K Free: 377881K (13%)
#Configuration.check: entity: ptolemy.actor.lib.conversions.StringToUnsignedByteArray {.configuration.actor library.Actors.Conversions.StringToUnsignedByteArray} 61 ms. Memory: 2912256K Free: 377881K (13%)
#Configuration.check: entity: ptolemy.actor.lib.conversions.StringToXML {.configuration.actor library.Actors.Conversions.StringToXML} 61 ms. Memory: 2912256K Free: 377881K (13%)
#Configuration.check: entity: ptolemy.actor.lib.conversions.TokenToExpression {.configuration.actor library.Actors.Conversions.TokenToExpression} 61 ms. Memory: 2912256K Free: 377881K (13%)
#Configuration.check: entity: ptolemy.actor.lib.conversions.UnsignedByteArrayToString {.configuration.actor library.Actors.Conversions.UnsignedByteArrayToString} 62 ms. Memory: 2912256K Free: 377881K (13%)
#Configuration.check: entity: ptolemy.actor.lib.BusAssembler {.configuration.actor library.Actors.FlowControl.Aggregators.BusAssembler} 62 ms. Memory: 2912256K Free: 377881K (13%)
#Configuration.check: entity: ptolemy.actor.lib.BusDisassembler {.configuration.actor library.Actors.FlowControl.Aggregators.BusDisassembler} 62 ms. Memory: 2912256K Free: 377367K (13%)
#Configuration.check: entity: ptolemy.actor.lib.Commutator {.configuration.actor library.Actors.FlowControl.Aggregators.Commutator} 62 ms. Memory: 2912256K Free: 377367K (13%)
#Configuration.check: entity: ptolemy.actor.lib.Distributor {.configuration.actor library.Actors.FlowControl.Aggregators.Distributor} 63 ms. Memory: 2912256K Free: 377367K (13%)
#Configuration.check: entity: ptolemy.actor.lib.Multiplexor {.configuration.actor library.Actors.FlowControl.Aggregators.Multiplexor} 65 ms. Memory: 2912256K Free: 376855K (13%)
#Configuration.check: entity: ptolemy.actor.lib.OrderedRecordAssembler {.configuration.actor library.Actors.FlowControl.Aggregators.OrderedRecordAssembler} 65 ms. Memory: 2912256K Free: 376343K (13%)
#Configuration.check: entity: ptolemy.actor.lib.RecordAssembler {.configuration.actor library.Actors.FlowControl.Aggregators.RecordAssembler} 72 ms. Memory: 2912256K Free: 376343K (13%)
#Configuration.check: entity: ptolemy.actor.lib.RecordDisassembler {.configuration.actor library.Actors.FlowControl.Aggregators.RecordDisassembler} 73 ms. Memory: 2912256K Free: 376343K (13%)
#Configuration.check: entity: ptolemy.actor.lib.RecordUpdater {.configuration.actor library.Actors.FlowControl.Aggregators.RecordUpdater} 73 ms. Memory: 2912256K Free: 376343K (13%)
#Configuration.check: entity: ptolemy.actor.lib.Sampler {.configuration.actor library.Actors.FlowControl.Aggregators.Sampler} 73 ms. Memory: 2912256K Free: 376343K (13%)
#Configuration.check: entity: ptolemy.actor.lib.Select {.configuration.actor library.Actors.FlowControl.Aggregators.Select} 73 ms. Memory: 2912256K Free: 376343K (13%)
#Configuration.check: entity: ptolemy.actor.lib.SingleTokenCommutator {.configuration.actor library.Actors.FlowControl.Aggregators.SingleTokenCommutator} 75 ms. Memory: 2912256K Free: 375833K (13%)
#Configuration.check: entity: ptolemy.actor.lib.Switch {.configuration.actor library.Actors.FlowControl.Aggregators.Switch} 75 ms. Memory: 2912256K Free: 375319K (13%)
#Configuration.check: entity: ptolemy.actor.lib.Synchronizer {.configuration.actor library.Actors.FlowControl.Aggregators.Synchronizer} 77 ms. Memory: 2912256K Free: 374809K (13%)
#Configuration.check: entity: ptolemy.actor.lib.UnionDisassembler {.configuration.actor library.Actors.FlowControl.Aggregators.UnionDisassembler} 77 ms. Memory: 2912256K Free: 374809K (13%)
#Configuration.check: entity: ptolemy.actor.lib.UnionMerge {.configuration.actor library.Actors.FlowControl.Aggregators.UnionMerge} 77 ms. Memory: 2912256K Free: 374809K (13%)
#Configuration.check: entity: ptolemy.actor.lib.VectorAssembler {.configuration.actor library.Actors.FlowControl.Aggregators.VectorAssembler} 84 ms. Memory: 2912256K Free: 374809K (13%)
#Configuration.check: entity: ptolemy.actor.lib.VectorDisassembler {.configuration.actor library.Actors.FlowControl.Aggregators.VectorDisassembler} 85 ms. Memory: 2912256K Free: 374809K (13%)
#Configuration.check: entity: ptolemy.actor.lib.BooleanMultiplexor {.configuration.actor library.Actors.FlowControl.BooleanFlowControl.BooleanMultiplexor} 85 ms. Memory: 2912256K Free: 374809K (13%)
#Configuration.check: entity: ptolemy.actor.lib.BooleanSelect {.configuration.actor library.Actors.FlowControl.BooleanFlowControl.BooleanSelect} 86 ms. Memory: 2912256K Free: 374295K (13%)
#Configuration.check: entity: ptolemy.actor.lib.BooleanSwitch {.configuration.actor library.Actors.FlowControl.BooleanFlowControl.BooleanSwitch} 87 ms. Memory: 2912256K Free: 373785K (13%)
#Configuration.check: entity: ptolemy.actor.lib.ConfigurationSelect {.configuration.actor library.Actors.FlowControl.BooleanFlowControl.ConfigurationSelect} 89 ms. Memory: 2912256K Free: 373271K (13%)
#Configuration.check: entity: ptolemy.actor.lib.ConfigurationSwitch {.configuration.actor library.Actors.FlowControl.BooleanFlowControl.ConfigurationSwitch} 90 ms. Memory: 2912256K Free: 372761K (13%)
#Configuration.check: entity: ptolemy.domains.sdf.lib.CountTrues {.configuration.actor library.Actors.FlowControl.BooleanFlowControl.CountTrues} 92 ms. Memory: 2912256K Free: 372247K (13%)
#Configuration.check: entity: ptolemy.domains.sdf.lib.Chop {.configuration.actor library.Actors.FlowControl.SequenceControl.Chop} 92 ms. Memory: 2912256K Free: 372247K (13%)
#Configuration.check: entity: ptolemy.actor.lib.Default {.configuration.actor library.Actors.FlowControl.SequenceControl.Default} 99 ms. Memory: 2912256K Free: 371737K (13%)
#Configuration.check: entity: ptolemy.domains.sdf.lib.Repeat {.configuration.actor library.Actors.FlowControl.SequenceControl.Repeat} 100 ms. Memory: 2912256K Free: 371223K (13%)
#Configuration.check: entity: ptolemy.domains.sdf.lib.SampleDelay {.configuration.actor library.Actors.FlowControl.SequenceControl.SampleDelay} 109 ms. Memory: 2912256K Free: 370199K (13%)
#Configuration.check: entity: ptolemy.actor.lib.Sequencer {.configuration.actor library.Actors.FlowControl.SequenceControl.Sequencer} 110 ms. Memory: 2912256K Free: 369689K (13%)
#Configuration.check: entity: ptolemy.actor.lib.Exit {.configuration.actor library.Actors.FlowControl.ExecutionControl.Exit} 112 ms. Memory: 2912256K Free: 369175K (13%)
#Configuration.check: entity: ptolemy.actor.lib.Stop {.configuration.actor library.Actors.FlowControl.ExecutionControl.Stop} 112 ms. Memory: 2912256K Free: 369175K (13%)
#Configuration.check: entity: ptolemy.actor.lib.Pause {.configuration.actor library.Actors.FlowControl.ExecutionControl.Pause} 113 ms. Memory: 2912256K Free: 369175K (13%)
#Configuration.check: entity: ptolemy.actor.lib.ThrowException {.configuration.actor library.Actors.FlowControl.ExecutionControl.ThrowException} 113 ms. Memory: 2912256K Free: 369175K (13%)
#Configuration.check: entity: ptolemy.actor.lib.ThrowModelError {.configuration.actor library.Actors.FlowControl.ExecutionControl.ThrowModelError} 113 ms. Memory: 2912256K Free: 369175K (13%)
#Configuration.check: entity: ptolemy.actor.lib.Dictionary {.configuration.actor library.Actors.DataStores.Dictionary} 113 ms. Memory: 2912256K Free: 369175K (13%)
#Configuration.check: entity: ptolemy.actor.lib.hoc.ApplyFunction {.configuration.actor library.Actors.HigherOrderActors.ApplyFunction} 123 ms. Memory: 2912256K Free: 367641K (13%)
#Configuration.check: entity: ptolemy.vergil.actor.lib.ModelDisplay {.configuration.actor library.Actors.HigherOrderActors.ModelDisplay} 134 ms. Memory: 2912256K Free: 367641K (13%)
#Configuration.check: entity: ptolemy.actor.lib.hoc.ModelReference {.configuration.actor library.Actors.HigherOrderActors.ModelReference} 134 ms. Memory: 2912256K Free: 367127K (13%)
#Configuration.check: entity: ptolemy.vergil.actor.lib.VisualModelReference {.configuration.actor library.Actors.HigherOrderActors.VisualModelReference} 138 ms. Memory: 2912256K Free: 366617K (13%)
#Configuration.check: entity: ptolemy.actor.lib.gui.ArrowKeySensor {.configuration.actor library.Actors.IO.ArrowKeySensor} 143 ms. Memory: 2912256K Free: 365593K (13%)
#Configuration.check: entity: ptolemy.actor.lib.io.CSVReader {.configuration.actor library.Actors.IO.CSVReader} 145 ms. Memory: 2912256K Free: 365079K (13%)
#Configuration.check: entity: ptolemy.actor.lib.io.CSVWriter {.configuration.actor library.Actors.IO.CSVWriter} 146 ms. Memory: 2912256K Free: 365079K (13%)
#Configuration.check: entity: ptolemy.actor.lib.net.DatagramReader {.configuration.actor library.Actors.IO.DatagramReader} 147 ms. Memory: 2912256K Free: 364569K (13%)
#Configuration.check: entity: ptolemy.actor.lib.net.DatagramWriter {.configuration.actor library.Actors.IO.DatagramWriter} 152 ms. Memory: 2912256K Free: 364055K (13%)
#Configuration.check: entity: ptolemy.actor.lib.io.DirectoryListing {.configuration.actor library.Actors.IO.DirectoryListing} 154 ms. Memory: 2912256K Free: 364055K (13%)
#Configuration.check: entity: ptolemy.actor.lib.io.FileReader {.configuration.actor library.Actors.IO.FileReader} 165 ms. Memory: 2912256K Free: 363545K (12%)
#Configuration.check: entity: ptolemy.actor.lib.net.IPAddress {.configuration.actor library.Actors.IO.IPAddress} 165 ms. Memory: 2912256K Free: 363031K (12%)
#Configuration.check: entity: ptolemy.actor.lib.FileWriter {.configuration.actor library.Actors.IO.FileWriter} 166 ms. Memory: 2912256K Free: 363031K (12%)
#Configuration.check: entity: ptolemy.actor.lib.io.LineReader {.configuration.actor library.Actors.IO.LineReader} 166 ms. Memory: 2912256K Free: 363031K (12%)
#Configuration.check: entity: ptolemy.actor.lib.io.LineWriter {.configuration.actor library.Actors.IO.LineWriter} 166 ms. Memory: 2912256K Free: 363031K (12%)
#Configuration.check: entity: ptolemy.actor.lib.logic.Comparator {.configuration.actor library.Actors.Logic.Comparator} 167 ms. Memory: 2912256K Free: 363031K (12%)
#Configuration.check: entity: ptolemy.actor.lib.logic.Equals {.configuration.actor library.Actors.Logic.Equals} 167 ms. Memory: 2912256K Free: 362521K (12%)
#Configuration.check: entity: ptolemy.actor.lib.logic.IsPresent {.configuration.actor library.Actors.Logic.IsPresent} 167 ms. Memory: 2912256K Free: 362521K (12%)
#Configuration.check: entity: ptolemy.actor.lib.logic.LogicalNot {.configuration.actor library.Actors.Logic.LogicalNot} 167 ms. Memory: 2912256K Free: 362521K (12%)
#Configuration.check: entity: ptolemy.actor.lib.logic.LogicGate {.configuration.actor library.Actors.Logic.LogicGate} 168 ms. Memory: 2912256K Free: 362521K (12%)
#Configuration.check: entity: ptolemy.actor.lib.logic.TrueGate {.configuration.actor library.Actors.Logic.TrueGate} 171 ms. Memory: 2912256K Free: 361497K (12%)
#Configuration.check: entity: ptolemy.actor.lib.AbsoluteValue {.configuration.actor library.Actors.Math.AbsoluteValue} 171 ms. Memory: 2912256K Free: 361497K (12%)
#Configuration.check: entity: ptolemy.actor.lib.AddSubtract {.configuration.actor library.Actors.Math.AddSubtract} 171 ms. Memory: 2912256K Free: 361497K (12%)
#Configuration.check: entity: ptolemy.actor.lib.Accumulator {.configuration.actor library.Actors.Math.Accumulator} 172 ms. Memory: 2912256K Free: 361497K (12%)
#Configuration.check: entity: ptolemy.actor.lib.Average {.configuration.actor library.Actors.Math.Average} 172 ms. Memory: 2912256K Free: 361497K (12%)
#Configuration.check: entity: ptolemy.actor.lib.Counter {.configuration.actor library.Actors.Math.Counter} 174 ms. Memory: 2912256K Free: 360983K (12%)
#Configuration.check: entity: ptolemy.actor.lib.Differential {.configuration.actor library.Actors.Math.Differential} 175 ms. Memory: 2912256K Free: 360473K (12%)
#Configuration.check: entity: ptolemy.domains.sdf.lib.DotProduct {.configuration.actor library.Actors.Math.DotProduct} 177 ms. Memory: 2912256K Free: 359959K (12%)
#Configuration.check: entity: ptolemy.actor.lib.Expression {.configuration.actor library.Actors.Math.Expression} 180 ms. Memory: 2912256K Free: 359449K (12%)
#Configuration.check: entity: ptolemy.actor.lib.Limiter {.configuration.actor library.Actors.Math.Limiter} 181 ms. Memory: 2912256K Free: 358920K (12%)
#Configuration.check: entity: ptolemy.actor.lib.LookupTable {.configuration.actor library.Actors.Math.LookupTable} 182 ms. Memory: 2912256K Free: 358425K (12%)
#Configuration.check: entity: ptolemy.actor.lib.Maximum {.configuration.actor library.Actors.Math.Maximum} 184 ms. Memory: 2912256K Free: 357911K (12%)
#Configuration.check: entity: ptolemy.actor.lib.Minimum {.configuration.actor library.Actors.Math.Minimum} 184 ms. Memory: 2912256K Free: 357401K (12%)
#Configuration.check: entity: ptolemy.actor.lib.MovingAverage {.configuration.actor library.Actors.Math.MovingAverage} 185 ms. Memory: 2912256K Free: 357401K (12%)
#Configuration.check: entity: ptolemy.actor.lib.MultiplyDivide {.configuration.actor library.Actors.Math.MultiplyDivide} 187 ms. Memory: 2912256K Free: 356887K (12%)
#Configuration.check: entity: ptolemy.actor.lib.Quantizer {.configuration.actor library.Actors.Math.Quantizer} 187 ms. Memory: 2912256K Free: 356887K (12%)
#Configuration.check: entity: ptolemy.actor.lib.Remainder {.configuration.actor library.Actors.Math.Remainder} 190 ms. Memory: 2912256K Free: 356377K (12%)
#Configuration.check: entity: ptolemy.actor.lib.RunningMaximum {.configuration.actor library.Actors.Math.RunningMaximum} 192 ms. Memory: 2912256K Free: 355858K (12%)
#Configuration.check: entity: ptolemy.actor.lib.RunningMinimum {.configuration.actor library.Actors.Math.RunningMinimum} 193 ms. Memory: 2912256K Free: 355353K (12%)
#Configuration.check: entity: ptolemy.actor.lib.Scale {.configuration.actor library.Actors.Math.Scale} 194 ms. Memory: 2912256K Free: 355353K (12%)
#Configuration.check: entity: ptolemy.actor.lib.TrigFunction {.configuration.actor library.Actors.Math.TrigFunction} 195 ms. Memory: 2912256K Free: 355353K (12%)
#Configuration.check: entity: ptolemy.actor.lib.UnaryMathFunction {.configuration.actor library.Actors.Math.UnaryMathFunction} 195 ms. Memory: 2912256K Free: 354839K (12%)
#Configuration.check: entity: ptolemy.actor.lib.ArrayToMatrix {.configuration.actor library.Actors.Matrix.ArrayToMatrix} 195 ms. Memory: 2912256K Free: 354839K (12%)
#Configuration.check: entity: ptolemy.domains.sdf.lib.MatrixJoin {.configuration.actor library.Actors.Matrix.MatrixJoin} 196 ms. Memory: 2912256K Free: 354839K (12%)
#Configuration.check: entity: ptolemy.domains.sdf.lib.MatrixSplit {.configuration.actor library.Actors.Matrix.MatrixSplit} 198 ms. Memory: 2912256K Free: 353815K (12%)
#Configuration.check: entity: ptolemy.actor.lib.MatrixToArray {.configuration.actor library.Actors.Matrix.MatrixToArray} 202 ms. Memory: 2912256K Free: 353305K (12%)
#Configuration.check: entity: ptolemy.domains.sdf.lib.MatrixToSequence {.configuration.actor library.Actors.Matrix.MatrixToSequence} 203 ms. Memory: 2912256K Free: 352791K (12%)
#Configuration.check: entity: ptolemy.actor.lib.gui.MatrixViewer {.configuration.actor library.Actors.Matrix.MatrixViewer} 203 ms. Memory: 2912256K Free: 352791K (12%)
#Configuration.check: entity: ptolemy.domains.sdf.lib.SequenceToMatrix {.configuration.actor library.Actors.Matrix.SequenceToMatrix} 204 ms. Memory: 2912256K Free: 352791K (12%)
#Configuration.check: entity: ptolemy.actor.lib.SubMatrix {.configuration.actor library.Actors.Matrix.SubMatrix} 204 ms. Memory: 2912256K Free: 352281K (12%)
#Configuration.check: entity: ptolemy.actor.lib.Bernoulli {.configuration.actor library.Actors.Random.Bernoulli} 206 ms. Memory: 2912256K Free: 351752K (12%)
#Configuration.check: entity: ptolemy.actor.lib.DiscreteRandomSource {.configuration.actor library.Actors.Random.DiscreteRandomSource} 207 ms. Memory: 2912256K Free: 351257K (12%)
#Configuration.check: entity: ptolemy.actor.lib.Gaussian {.configuration.actor library.Actors.Random.Gaussian} 208 ms. Memory: 2912256K Free: 351257K (12%)
#Configuration.check: entity: ptolemy.actor.lib.RandomInteger {.configuration.actor library.Actors.Random.RandomInteger} 211 ms. Memory: 2912256K Free: 350233K (12%)
#Configuration.check: entity: ptolemy.actor.lib.Rician {.configuration.actor library.Actors.Random.Rician} 218 ms. Memory: 2912256K Free: 350233K (12%)
#Configuration.check: entity: ptolemy.actor.lib.Triangular {.configuration.actor library.Actors.Random.Triangular} 220 ms. Memory: 2912256K Free: 349719K (12%)
#Configuration.check: entity: ptolemy.actor.lib.Uniform {.configuration.actor library.Actors.Random.Uniform} 223 ms. Memory: 2912256K Free: 348680K (12%)
#Configuration.check: entity: ptolemy.actor.lib.colt.ColtBeta {.configuration.actor library.Actors.Random.Colt.ColtBeta} 229 ms. Memory: 2912256K Free: 348185K (12%)
#Configuration.check: entity: ptolemy.actor.lib.colt.ColtBinomial {.configuration.actor library.Actors.Random.Colt.ColtBinomial} 231 ms. Memory: 2912256K Free: 347671K (12%)
#Configuration.check: entity: ptolemy.actor.lib.colt.ColtBinomialSelector {.configuration.actor library.Actors.Random.Colt.ColtBinomialSelector} 233 ms. Memory: 2912256K Free: 347161K (12%)
#Configuration.check: entity: ptolemy.actor.lib.colt.ColtBreitWigner {.configuration.actor library.Actors.Random.Colt.ColtBreitWigner} 235 ms. Memory: 2912256K Free: 346647K (12%)
#Configuration.check: entity: ptolemy.actor.lib.colt.ColtChiSquare {.configuration.actor library.Actors.Random.Colt.ColtChiSquare} 236 ms. Memory: 2912256K Free: 346647K (12%)
#Configuration.check: entity: ptolemy.actor.lib.colt.ColtExponential {.configuration.actor library.Actors.Random.Colt.ColtExponential} 238 ms. Memory: 2912256K Free: 346137K (12%)
#Configuration.check: entity: ptolemy.actor.lib.colt.ColtExponentialPower {.configuration.actor library.Actors.Random.Colt.ColtExponentialPower} 239 ms. Memory: 2912256K Free: 345592K (12%)
#Configuration.check: entity: ptolemy.actor.lib.colt.ColtGamma {.configuration.actor library.Actors.Random.Colt.ColtGamma} 240 ms. Memory: 2912256K Free: 345592K (12%)
#Configuration.check: entity: ptolemy.actor.lib.colt.ColtHyperGeometric {.configuration.actor library.Actors.Random.Colt.ColtHyperGeometric} 241 ms. Memory: 2912256K Free: 345113K (12%)
#Configuration.check: entity: ptolemy.actor.lib.colt.ColtLogarithmic {.configuration.actor library.Actors.Random.Colt.ColtLogarithmic} 243 ms. Memory: 2912256K Free: 344584K (12%)
#Configuration.check: entity: ptolemy.actor.lib.colt.ColtNegativeBinomial {.configuration.actor library.Actors.Random.Colt.ColtNegativeBinomial} 244 ms. Memory: 2912256K Free: 344580K (12%)
#Configuration.check: entity: ptolemy.actor.lib.colt.ColtNormal {.configuration.actor library.Actors.Random.Colt.ColtNormal} 246 ms. Memory: 2912256K Free: 344087K (12%)
#Configuration.check: entity: ptolemy.actor.lib.colt.ColtPoisson {.configuration.actor library.Actors.Random.Colt.ColtPoisson} 247 ms. Memory: 2912256K Free: 343575K (12%)
#Configuration.check: entity: ptolemy.actor.lib.colt.ColtPoissonSlow {.configuration.actor library.Actors.Random.Colt.ColtPoissonSlow} 248 ms. Memory: 2912256K Free: 343065K (12%)
#Configuration.check: entity: ptolemy.actor.lib.colt.ColtStudentT {.configuration.actor library.Actors.Random.Colt.ColtStudentT} 249 ms. Memory: 2912256K Free: 343065K (12%)
#Configuration.check: entity: ptolemy.actor.lib.colt.ColtVonMises {.configuration.actor library.Actors.Random.Colt.ColtVonMises} 250 ms. Memory: 2912256K Free: 342536K (12%)
#Configuration.check: entity: ptolemy.actor.lib.colt.ColtZeta {.configuration.actor library.Actors.Random.Colt.ColtZeta} 251 ms. Memory: 2912256K Free: 342536K (12%)
#Configuration.check: entity: ptolemy.actor.lib.DelayStart {.configuration.actor library.Actors.RealTime.DelayStart} 253 ms. Memory: 2912256K Free: 342041K (12%)
#Configuration.check: entity: ptolemy.actor.lib.ExecutionTime {.configuration.actor library.Actors.RealTime.ExecutionTime} 254 ms. Memory: 2912256K Free: 342041K (12%)
#Configuration.check: entity: ptolemy.actor.lib.gui.RealTimePlotter {.configuration.actor library.Actors.RealTime.RealTimePlotter} 254 ms. Memory: 2912256K Free: 341520K (12%)
#Configuration.check: entity: ptolemy.actor.lib.Sleep {.configuration.actor library.Actors.RealTime.Sleep} 255 ms. Memory: 2912256K Free: 341520K (12%)
#Configuration.check: entity: ptolemy.actor.lib.VariableSleep {.configuration.actor library.Actors.RealTime.VariableSleep} 255 ms. Memory: 2912256K Free: 341520K (12%)
#Configuration.check: entity: ptolemy.actor.lib.WallClockTime {.configuration.actor library.Actors.RealTime.WallClockTime} 255 ms. Memory: 2912256K Free: 341520K (12%)
#Configuration.check: entity: ptolemy.actor.lib.javasound.AudioCapture {.configuration.actor library.Actors.SignalProcessing.Audio.AudioCapture} 255 ms. Memory: 2912256K Free: 341520K (12%)
#Configuration.check: entity: ptolemy.actor.lib.javasound.AudioReader {.configuration.actor library.Actors.SignalProcessing.Audio.AudioReader} 260 ms. Memory: 2912256K Free: 340488K (12%)
#Configuration.check: entity: ptolemy.actor.lib.javasound.AudioPlayer {.configuration.actor library.Actors.SignalProcessing.Audio.AudioPlayer} 260 ms. Memory: 2912256K Free: 340488K (12%)
#Configuration.check: entity: ptolemy.actor.lib.javasound.AudioWriter {.configuration.actor library.Actors.SignalProcessing.Audio.AudioWriter} 262 ms. Memory: 2912256K Free: 339993K (12%)
#Configuration.check: entity: ptolemy.actor.lib.javasound.ClipPlayer {.configuration.actor library.Actors.SignalProcessing.Audio.ClipPlayer} 262 ms. Memory: 2912256K Free: 339993K (12%)
#Configuration.check: entity: ptolemy.actor.lib.comm.ConvolutionalCoder {.configuration.actor library.Actors.SignalProcessing.communications.ConvolutionalCoder} 263 ms. Memory: 2912256K Free: 339479K (12%)
#Configuration.check: entity: ptolemy.actor.lib.comm.DeScrambler {.configuration.actor library.Actors.SignalProcessing.communications.DeScrambler} 264 ms. Memory: 2912256K Free: 339479K (12%)
#Configuration.check: entity: ptolemy.actor.lib.comm.HadamardCode {.configuration.actor library.Actors.SignalProcessing.communications.HadamardCode} 264 ms. Memory: 2912256K Free: 338969K (12%)
#Configuration.check: entity: ptolemy.actor.lib.comm.HammingCoder {.configuration.actor library.Actors.SignalProcessing.communications.HammingCoder} 265 ms. Memory: 2912256K Free: 338969K (12%)
#Configuration.check: entity: ptolemy.actor.lib.comm.HammingDecoder {.configuration.actor library.Actors.SignalProcessing.communications.HammingDecoder} 265 ms. Memory: 2912256K Free: 338969K (12%)
#Configuration.check: entity: ptolemy.actor.lib.comm.HuffmanCoder {.configuration.actor library.Actors.SignalProcessing.communications.HuffmanCoder} 266 ms. Memory: 2912256K Free: 338455K (12%)
#Configuration.check: entity: ptolemy.actor.lib.comm.HuffmanDecoder {.configuration.actor library.Actors.SignalProcessing.communications.HuffmanDecoder} 266 ms. Memory: 2912256K Free: 338455K (12%)
#Configuration.check: entity: ptolemy.actor.lib.comm.LempelZivCoder {.configuration.actor library.Actors.SignalProcessing.communications.LempelZivCoder} 267 ms. Memory: 2912256K Free: 338455K (12%)
#Configuration.check: entity: ptolemy.actor.lib.comm.LempelZivDecoder {.configuration.actor library.Actors.SignalProcessing.communications.LempelZIvDecoder} 267 ms. Memory: 2912256K Free: 338455K (12%)
#Configuration.check: entity: ptolemy.domains.sdf.lib.LineCoder {.configuration.actor library.Actors.SignalProcessing.communications.LineCoder} 267 ms. Memory: 2912256K Free: 337945K (12%)
#Configuration.check: entity: ptolemy.domains.sdf.lib.LMSAdaptive {.configuration.actor library.Actors.SignalProcessing.communications.LMSAdaptive} 268 ms. Memory: 2912256K Free: 337945K (12%)
#Configuration.check: entity: ptolemy.domains.sdf.lib.RaisedCosine {.configuration.actor library.Actors.SignalProcessing.communications.RaisedCosine} 273 ms. Memory: 2912256K Free: 336407K (12%)
#Configuration.check: entity: ptolemy.actor.lib.comm.Scrambler {.configuration.actor library.Actors.SignalProcessing.communications.Scrambler} 274 ms. Memory: 2912256K Free: 335897K (12%)
#Configuration.check: entity: ptolemy.actor.lib.comm.Slicer {.configuration.actor library.Actors.SignalProcessing.communications.Slicer} 274 ms. Memory: 2912256K Free: 335897K (12%)
#Configuration.check: entity: ptolemy.actor.lib.comm.TrellisDecoder {.configuration.actor library.Actors.SignalProcessing.communications.TrellisDecoder} 275 ms. Memory: 2912256K Free: 335897K (12%)
#Configuration.check: entity: ptolemy.actor.lib.comm.ViterbiDecoder {.configuration.actor library.Actors.SignalProcessing.communications.ViterbiDecoder} 276 ms. Memory: 2912256K Free: 335368K (12%)
#Configuration.check: entity: ptolemy.domains.sdf.lib.DelayLine {.configuration.actor library.Actors.SignalProcessing.Filtering.DelayLine} 277 ms. Memory: 2912256K Free: 334359K (11%)
#Configuration.check: entity: ptolemy.domains.sdf.lib.DownSample {.configuration.actor library.Actors.SignalProcessing.Filtering.DownSample} 280 ms. Memory: 2912256K Free: 333849K (11%)
#Configuration.check: entity: ptolemy.domains.sdf.lib.FIR {.configuration.actor library.Actors.SignalProcessing.Filtering.FIR} 283 ms. Memory: 2912256K Free: 333335K (11%)
#Configuration.check: entity: ptolemy.actor.lib.GradientAdaptiveLattice {.configuration.actor library.Actors.SignalProcessing.Filtering.GradientAdaptiveLattice} 287 ms. Memory: 2912256K Free: 331801K (11%)
#Configuration.check: entity: ptolemy.actor.lib.IIR {.configuration.actor library.Actors.SignalProcessing.Filtering.IIR} 287 ms. Memory: 2912256K Free: 331801K (11%)
#Configuration.check: entity: ptolemy.actor.lib.Lattice {.configuration.actor library.Actors.SignalProcessing.Filtering.Lattice} 290 ms. Memory: 2912256K Free: 331287K (11%)
#Configuration.check: entity: ptolemy.actor.lib.LinearDifferenceEquationSystem {.configuration.actor library.Actors.SignalProcessing.Filtering.LinearDifferenceEquationSystem} 290 ms. Memory: 2912256K Free: 331287K (11%)
#Configuration.check: entity: ptolemy.domains.sdf.lib.LMSAdaptive {.configuration.actor library.Actors.SignalProcessing.Filtering.LMSAdaptive} 291 ms. Memory: 2912256K Free: 330777K (11%)
#Configuration.check: entity: ptolemy.actor.lib.RecursiveLattice {.configuration.actor library.Actors.SignalProcessing.Filtering.RecursiveLattice} 297 ms. Memory: 2912256K Free: 329224K (11%)
#Configuration.check: entity: ptolemy.domains.sdf.lib.UpSample {.configuration.actor library.Actors.SignalProcessing.Filtering.UpSample} 298 ms. Memory: 2912256K Free: 329224K (11%)
#Configuration.check: entity: ptolemy.domains.sdf.lib.VariableFIR {.configuration.actor library.Actors.SignalProcessing.Filtering.VariableFIR} 299 ms. Memory: 2912256K Free: 328729K (11%)
#Configuration.check: entity: ptolemy.domains.sdf.lib.VariableLattice {.configuration.actor library.Actors.SignalProcessing.Filtering.VariableLattice} 302 ms. Memory: 2912256K Free: 327191K (11%)
#Configuration.check: entity: ptolemy.domains.sdf.lib.VariableRecursiveLattice {.configuration.actor library.Actors.SignalProcessing.Filtering.VariableRecursiveLattice} 303 ms. Memory: 2912256K Free: 326681K (11%)
#Configuration.check: entity: ptolemy.actor.lib.DB {.configuration.actor library.Actors.SignalProcessing.Spectrum.DB} 303 ms. Memory: 2912256K Free: 326681K (11%)
#Configuration.check: entity: ptolemy.domains.sdf.lib.FFT {.configuration.actor library.Actors.SignalProcessing.Spectrum.FFT} 304 ms. Memory: 2912256K Free: 326167K (11%)
#Configuration.check: entity: ptolemy.domains.sdf.lib.IFFT {.configuration.actor library.Actors.SignalProcessing.Spectrum.IFFT} 306 ms. Memory: 2912256K Free: 325657K (11%)
#Configuration.check: entity: ptolemy.actor.lib.LevinsonDurbin {.configuration.actor library.Actors.SignalProcessing.Spectrum.LevinsonDurbin} 308 ms. Memory: 2912256K Free: 325138K (11%)
#Configuration.check: entity: ptolemy.actor.lib.PhaseUnwrap {.configuration.actor library.Actors.SignalProcessing.Spectrum.PhaseUnwrap} 308 ms. Memory: 2912256K Free: 325138K (11%)
#Configuration.check: entity: ptolemy.domains.sdf.lib.Autocorrelation {.configuration.actor library.Actors.SignalProcessing.Statistical.Autocorrelation} 308 ms. Memory: 2912256K Free: 325138K (11%)
#Configuration.check: entity: ptolemy.actor.lib.ComputeHistogram {.configuration.actor library.Actors.SignalProcessing.Statistical.ComputeHistogram} 308 ms. Memory: 2912256K Free: 324633K (11%)
#Configuration.check: entity: ptolemy.actor.lib.IIR {.configuration.actor library.Actors.SignalProcessing.Statistical.PowerEstimate.IIR} 310 ms. Memory: 2912256K Free: 324119K (11%)
#Configuration.check: entity: ptolemy.actor.lib.DB {.configuration.actor library.Actors.SignalProcessing.Statistical.PowerEstimate.DB} 313 ms. Memory: 2912256K Free: 323095K (11%)
#Configuration.check: entity: ptolemy.actor.lib.Scale {.configuration.actor library.Actors.SignalProcessing.Statistical.PowerEstimate.Scale} 313 ms. Memory: 2912256K Free: 323095K (11%)
#Configuration.check: entity: ptolemy.actor.lib.MathFunction {.configuration.actor library.Actors.SignalProcessing.Statistical.PowerEstimate.MathFunction} 314 ms. Memory: 2912256K Free: 323095K (11%)
#Configuration.check: entity: ptolemy.actor.lib.string.StringCompare {.configuration.actor library.Actors.String.StringCompare} 314 ms. Memory: 2912256K Free: 322585K (11%)
#Configuration.check: entity: ptolemy.actor.lib.string.StringFunction {.configuration.actor library.Actors.String.StringFunction} 315 ms. Memory: 2912256K Free: 322585K (11%)
#Configuration.check: entity: ptolemy.actor.lib.string.StringIndexOf {.configuration.actor library.Actors.String.StringIndexOf} 315 ms. Memory: 2912256K Free: 322585K (11%)
#Configuration.check: entity: ptolemy.actor.lib.string.StringLength {.configuration.actor library.Actors.String.StringLength} 317 ms. Memory: 2912256K Free: 322071K (11%)
#Configuration.check: entity: ptolemy.actor.lib.string.StringMatches {.configuration.actor library.Actors.String.StringMatches} 318 ms. Memory: 2912256K Free: 321561K (11%)
#Configuration.check: entity: ptolemy.actor.lib.string.StringReplace {.configuration.actor library.Actors.String.StringReplace} 319 ms. Memory: 2912256K Free: 321561K (11%)
#Configuration.check: entity: ptolemy.actor.lib.string.StringSplit {.configuration.actor library.Actors.String.StringSplit} 321 ms. Memory: 2912256K Free: 320676K (11%)
#Configuration.check: entity: ptolemy.actor.lib.string.StringSubstring {.configuration.actor library.Actors.String.StringSubstring} 322 ms. Memory: 2912256K Free: 320023K (11%)
#Configuration.check: entity: ptolemy.actor.lib.DiscreteClock {.configuration.actor library.Actors.DomainSpecific.Continuous.Signal Generators.ContinuousClock.DiscreteClock} 323 ms. Memory: 2912256K Free: 320023K (11%)
#Configuration.check: entity: ptolemy.domains.continuous.lib.ZeroOrderHold {.configuration.actor library.Actors.DomainSpecific.Continuous.Signal Generators.ContinuousClock.ZeroOrderHold} 325 ms. Memory: 2912256K Free: 318984K (11%)
#Configuration.check: entity: ptolemy.actor.lib.DiscreteClock {.configuration.actor library.Actors.DomainSpecific.Continuous.Signal Generators.DiscreteClock} 326 ms. Memory: 2912256K Free: 318489K (11%)
#Configuration.check: entity: ptolemy.actor.lib.SingleEvent {.configuration.actor library.Actors.DomainSpecific.Continuous.Signal Generators.SingleEvent} 327 ms. Memory: 2912256K Free: 317960K (11%)
#Configuration.check: entity: ptolemy.domains.continuous.lib.Waveform {.configuration.actor library.Actors.DomainSpecific.Continuous.Signal Generators.Waveform} 328 ms. Memory: 2912256K Free: 317960K (11%)
#Configuration.check: entity: ptolemy.domains.continuous.lib.LevelCrossingDetector {.configuration.actor library.Actors.DomainSpecific.Continuous.Continuous to Discrete.LevelCrossingDetector} 329 ms. Memory: 2912256K Free: 316951K (11%)
#Configuration.check: entity: ptolemy.domains.continuous.lib.PeriodicSampler {.configuration.actor library.Actors.DomainSpecific.Continuous.Continuous to Discrete.PeriodicSampler} 331 ms. Memory: 2912256K Free: 316951K (11%)
#Configuration.check: entity: ptolemy.actor.lib.Sampler {.configuration.actor library.Actors.DomainSpecific.Continuous.Continuous to Discrete.Sampler} 331 ms. Memory: 2912256K Free: 316441K (11%)
#Configuration.check: entity: ptolemy.domains.continuous.lib.ZeroOrderHold {.configuration.actor library.Actors.DomainSpecific.Continuous.Discrete to Continuous.ZeroOrderHold} 332 ms. Memory: 2912256K Free: 316441K (11%)
#Configuration.check: entity: ptolemy.actor.lib.Scale {.configuration.actor library.Actors.DomainSpecific.Continuous.Dynamics.DCMotor.Scale} 332 ms. Memory: 2912256K Free: 316441K (11%)
#Configuration.check: entity: ptolemy.actor.lib.AddSubtract {.configuration.actor library.Actors.DomainSpecific.Continuous.Dynamics.DCMotor.AddSubtract} 332 ms. Memory: 2912256K Free: 316441K (11%)
#Configuration.check: entity: ptolemy.actor.lib.Scale {.configuration.actor library.Actors.DomainSpecific.Continuous.Dynamics.DCMotor.Scale2} 333 ms. Memory: 2912256K Free: 315927K (11%)
#Configuration.check: entity: ptolemy.actor.lib.AddSubtract {.configuration.actor library.Actors.DomainSpecific.Continuous.Dynamics.DCMotor.AddSubtract2} 334 ms. Memory: 2912256K Free: 315927K (11%)
#Configuration.check: entity: ptolemy.domains.continuous.lib.Integrator {.configuration.actor library.Actors.DomainSpecific.Continuous.Dynamics.DCMotor.Integrator} 334 ms. Memory: 2912256K Free: 315927K (11%)
#Configuration.check: entity: ptolemy.actor.lib.Scale {.configuration.actor library.Actors.DomainSpecific.Continuous.Dynamics.DCMotor.Scale3} 335 ms. Memory: 2912256K Free: 315417K (11%)
#Configuration.check: entity: ptolemy.actor.lib.Scale {.configuration.actor library.Actors.DomainSpecific.Continuous.Dynamics.DCMotor.Scale4} 336 ms. Memory: 2912256K Free: 315417K (11%)
#Configuration.check: entity: ptolemy.actor.lib.Scale {.configuration.actor library.Actors.DomainSpecific.Continuous.Dynamics.DCMotor.Scale5} 336 ms. Memory: 2912256K Free: 315417K (11%)
#Configuration.check: entity: ptolemy.domains.continuous.lib.Integrator {.configuration.actor library.Actors.DomainSpecific.Continuous.Dynamics.DCMotor.Integrator2} 336 ms. Memory: 2912256K Free: 314903K (11%)
#Configuration.check: entity: ptolemy.actor.lib.Default {.configuration.actor library.Actors.DomainSpecific.Continuous.Dynamics.DCMotor.Default} 337 ms. Memory: 2912256K Free: 314903K (11%)
#Configuration.check: entity: ptolemy.actor.lib.Const {.configuration.actor library.Actors.DomainSpecific.Continuous.Dynamics.DCMotor.Const} 339 ms. Memory: 2912256K Free: 314393K (11%)
#Configuration.check: entity: ptolemy.domains.continuous.lib.Derivative {.configuration.actor library.Actors.DomainSpecific.Continuous.Dynamics.Derivative} 339 ms. Memory: 2912256K Free: 314393K (11%)
#Configuration.check: entity: ptolemy.domains.continuous.lib.Integrator {.configuration.actor library.Actors.DomainSpecific.Continuous.Dynamics.Integrator} 339 ms. Memory: 2912256K Free: 314393K (11%)
#Configuration.check: entity: ptolemy.domains.continuous.lib.BandlimitedNoise {.configuration.actor library.Actors.DomainSpecific.Continuous.Random.BandlimitedNoise} 352 ms. Memory: 2912256K Free: 313874K (11%)
#Configuration.check: entity: ptolemy.domains.continuous.lib.Noise {.configuration.actor library.Actors.DomainSpecific.Continuous.Random.Noise} 356 ms. Memory: 2912256K Free: 312848K (11%)
#Configuration.check: entity: ptolemy.actor.lib.MicrostepDelay {.configuration.actor library.Actors.DomainSpecific.Continuous.Miscellaneous.MicrostepDelay} 359 ms. Memory: 2912256K Free: 311816K (11%)
#Configuration.check: entity: ptolemy.actor.lib.ResettableTimer {.configuration.actor library.Actors.DomainSpecific.Continuous.Miscellaneous.ResettableTimer} 360 ms. Memory: 2912256K Free: 311816K (11%)
#Configuration.check: entity: ptolemy.domains.continuous.lib.ContinuousMerge {.configuration.actor library.Actors.DomainSpecific.Continuous.Miscellaneous.ContinuousMerge} 366 ms. Memory: 2912256K Free: 311321K (11%)
#Configuration.check: entity: ptolemy.domains.ddf.lib.DDFSingleTokenCommutator {.configuration.actor library.Actors.DomainSpecific.DynamicDataFlow.DDFSingleTokenCommutator} 367 ms. Memory: 2912256K Free: 311321K (11%)
#Configuration.check: entity: ptolemy.actor.lib.CurrentDate {.configuration.actor library.Actors.DomainSpecific.DiscreteEvent.Date.CurrentDate} 367 ms. Memory: 2912256K Free: 311321K (11%)
#Configuration.check: entity: ptolemy.actor.lib.DateElements {.configuration.actor library.Actors.DomainSpecific.DiscreteEvent.Date.DateElements} 369 ms. Memory: 2912256K Free: 310297K (11%)
#Configuration.check: entity: ptolemy.actor.lib.DateConstructor {.configuration.actor library.Actors.DomainSpecific.DiscreteEvent.Date.DateConstructor} 372 ms. Memory: 2912256K Free: 309783K (11%)
#Configuration.check: entity: ptolemy.domains.de.lib.DateToEvent {.configuration.actor library.Actors.DomainSpecific.DiscreteEvent.Date.DateToEvent} 384 ms. Memory: 2912256K Free: 308759K (11%)
#Configuration.check: entity: ptolemy.domains.de.lib.DateToModelTime {.configuration.actor library.Actors.DomainSpecific.DiscreteEvent.Date.DateToModelTime} 387 ms. Memory: 2912256K Free: 307735K (11%)
#Configuration.check: entity: ptolemy.domains.de.lib.EventToDate {.configuration.actor library.Actors.DomainSpecific.DiscreteEvent.Date.EventToDate} 390 ms. Memory: 2912256K Free: 306711K (11%)
#Configuration.check: entity: ptolemy.actor.lib.ModifyDate {.configuration.actor library.Actors.DomainSpecific.DiscreteEvent.Date.ModifyDate} 405 ms. Memory: 2912256K Free: 305687K (10%)
#Configuration.check: entity: ptolemy.actor.lib.conversions.StringToDate {.configuration.actor library.Actors.DomainSpecific.DiscreteEvent.Date.StringToDate} 408 ms. Memory: 2912256K Free: 305177K (10%)
#Configuration.check: entity: ptolemy.domains.de.lib.AverageOverTime {.configuration.actor library.Actors.DomainSpecific.DiscreteEvent.AverageOverTime} 408 ms. Memory: 2912256K Free: 305177K (10%)
#Configuration.check: entity: ptolemy.domains.de.lib.Derivative {.configuration.actor library.Actors.DomainSpecific.DiscreteEvent.Derivative} 408 ms. Memory: 2912256K Free: 304663K (10%)
#Configuration.check: entity: ptolemy.actor.lib.gui.EventButton {.configuration.actor library.Actors.DomainSpecific.DiscreteEvent.EventButton} 408 ms. Memory: 2912256K Free: 304663K (10%)
#Configuration.check: entity: ptolemy.domains.de.lib.EventFilter {.configuration.actor library.Actors.DomainSpecific.DiscreteEvent.EventFilter} 410 ms. Memory: 2912256K Free: 304153K (10%)
#Configuration.check: entity: ptolemy.domains.de.lib.Inhibit {.configuration.actor library.Actors.DomainSpecific.DiscreteEvent.Inhibit} 411 ms. Memory: 2912256K Free: 304153K (10%)
#Configuration.check: entity: ptolemy.domains.de.lib.Integrator {.configuration.actor library.Actors.DomainSpecific.DiscreteEvent.Integrator} 411 ms. Memory: 2912256K Free: 304153K (10%)
#Configuration.check: entity: ptolemy.domains.de.lib.Merge {.configuration.actor library.Actors.DomainSpecific.DiscreteEvent.Merge} 411 ms. Memory: 2912256K Free: 303624K (10%)
#Configuration.check: entity: ptolemy.actor.lib.MicrostepDelay {.configuration.actor library.Actors.DomainSpecific.DiscreteEvent.MicrostepDelay} 411 ms. Memory: 2912256K Free: 303624K (10%)
#Configuration.check: entity: ptolemy.domains.de.lib.MostRecent {.configuration.actor library.Actors.DomainSpecific.DiscreteEvent.MostRecent} 412 ms. Memory: 2912256K Free: 303624K (10%)
#Configuration.check: entity: ptolemy.domains.de.lib.PID {.configuration.actor library.Actors.DomainSpecific.DiscreteEvent.PID} 420 ms. Memory: 2912256K Free: 303624K (10%)
#Configuration.check: entity: ptolemy.domains.de.lib.Previous {.configuration.actor library.Actors.DomainSpecific.DiscreteEvent.Previous} 421 ms. Memory: 2912256K Free: 303129K (10%)
#Configuration.check: entity: ptolemy.domains.de.lib.Queue {.configuration.actor library.Actors.DomainSpecific.DiscreteEvent.Queue} 422 ms. Memory: 2912256K Free: 303129K (10%)
#Configuration.check: entity: ptolemy.domains.de.lib.Register {.configuration.actor library.Actors.DomainSpecific.DiscreteEvent.Register} 423 ms. Memory: 2912256K Free: 302615K (10%)
#Configuration.check: entity: ptolemy.actor.lib.ResettableTimer {.configuration.actor library.Actors.DomainSpecific.DiscreteEvent.ResettableTimer} 424 ms. Memory: 2912256K Free: 302615K (10%)
#Configuration.check: entity: ptolemy.domains.de.lib.Server {.configuration.actor library.Actors.DomainSpecific.DiscreteEvent.Server} 424 ms. Memory: 2912256K Free: 302105K (10%)
#Configuration.check: entity: ptolemy.domains.de.lib.SharedQueue {.configuration.actor library.Actors.DomainSpecific.DiscreteEvent.SharedQueue} 427 ms. Memory: 2912256K Free: 301591K (10%)
#Configuration.check: entity: ptolemy.actor.lib.SingleEvent {.configuration.actor library.Actors.DomainSpecific.DiscreteEvent.SingleEvent} 428 ms. Memory: 2912256K Free: 301081K (10%)
#Configuration.check: entity: ptolemy.domains.de.lib.TimeCompare {.configuration.actor library.Actors.DomainSpecific.DiscreteEvent.TimeCompare} 429 ms. Memory: 2912256K Free: 301081K (10%)
#Configuration.check: entity: ptolemy.actor.lib.TimeDelay {.configuration.actor library.Actors.DomainSpecific.DiscreteEvent.TimeDelay} 429 ms. Memory: 2912256K Free: 301081K (10%)
#Configuration.check: entity: ptolemy.domains.de.lib.TimeGap {.configuration.actor library.Actors.DomainSpecific.DiscreteEvent.TimeGap} 430 ms. Memory: 2912256K Free: 300567K (10%)
#Configuration.check: entity: ptolemy.domains.de.lib.WaitingTime {.configuration.actor library.Actors.DomainSpecific.DiscreteEvent.WaitingTime} 431 ms. Memory: 2912256K Free: 300057K (10%)
#Configuration.check: entity: ptolemy.actor.lib.OrderedMerge {.configuration.actor library.Actors.DomainSpecific.ProcessNetworks.OrderedMerge} 445 ms. Memory: 2912256K Free: 299543K (10%)
#Configuration.check: entity: ptolemy.actor.lib.Sequencer {.configuration.actor library.Actors.DomainSpecific.ProcessNetworks.Sequencer} 446 ms. Memory: 2912256K Free: 299543K (10%)
#Configuration.check: entity: ptolemy.domains.pn.lib.Starver {.configuration.actor library.Actors.DomainSpecific.ProcessNetworks.Starver} 447 ms. Memory: 2912256K Free: 299033K (10%)
#Configuration.check: entity: ptolemy.actor.lib.Stop {.configuration.actor library.Actors.DomainSpecific.ProcessNetworks.Stop} 449 ms. Memory: 2912256K Free: 298514K (10%)
#Configuration.check: entity: ptolemy.actor.lib.Synchronizer {.configuration.actor library.Actors.DomainSpecific.ProcessNetworks.Synchronizer} 449 ms. Memory: 2912256K Free: 298514K (10%)
#Configuration.check: entity: ptolemy.domains.rendezvous.lib.Barrier {.configuration.actor library.Actors.DomainSpecific.Rendezvous.Barrier} 449 ms. Memory: 2912256K Free: 298514K (10%)
#Configuration.check: entity: ptolemy.domains.rendezvous.lib.Buffer {.configuration.actor library.Actors.DomainSpecific.Rendezvous.Buffer} 452 ms. Memory: 2912256K Free: 298007K (10%)
#Configuration.check: entity: ptolemy.domains.rendezvous.lib.Merge {.configuration.actor library.Actors.DomainSpecific.Rendezvous.Merge} 460 ms. Memory: 2912256K Free: 297495K (10%)
#Configuration.check: entity: ptolemy.domains.rendezvous.lib.ResourcePool {.configuration.actor library.Actors.DomainSpecific.Rendezvous.ResourcePool} 461 ms. Memory: 2912256K Free: 297495K (10%)
#Configuration.check: entity: ptolemy.domains.sr.lib.Absent {.configuration.actor library.Actors.DomainSpecific.SynchronousReactive.Absent} 461 ms. Memory: 2912256K Free: 297495K (10%)
#Configuration.check: entity: ptolemy.domains.sr.lib.Current {.configuration.actor library.Actors.DomainSpecific.SynchronousReactive.Current} 462 ms. Memory: 2912256K Free: 297490K (10%)
#Configuration.check: entity: ptolemy.actor.lib.Default {.configuration.actor library.Actors.DomainSpecific.SynchronousReactive.Default} 462 ms. Memory: 2912256K Free: 296985K (10%)
#Configuration.check: entity: ptolemy.domains.sr.lib.InstantaneousDialogGenerator {.configuration.actor library.Actors.DomainSpecific.SynchronousReactive.InstantaneousDialogGenerator} 463 ms. Memory: 2912256K Free: 296471K (10%)
#Configuration.check: entity: ptolemy.actor.lib.logic.IsPresent {.configuration.actor library.Actors.DomainSpecific.SynchronousReactive.IsPresent} 464 ms. Memory: 2912256K Free: 296471K (10%)
#Configuration.check: entity: ptolemy.domains.sr.lib.NonStrictDelay {.configuration.actor library.Actors.DomainSpecific.SynchronousReactive.NonStrictDelay} 464 ms. Memory: 2912256K Free: 296471K (10%)
#Configuration.check: entity: ptolemy.domains.sr.lib.gui.NonStrictDisplay {.configuration.actor library.Actors.DomainSpecific.SynchronousReactive.NonStrictDisplay} 464 ms. Memory: 2912256K Free: 296471K (10%)
#Configuration.check: entity: ptolemy.domains.sr.lib.BinaryNonStrictLogicGate {.configuration.actor library.Actors.DomainSpecific.SynchronousReactive.BinaryNonStrictLogicGate} 464 ms. Memory: 2912256K Free: 296471K (10%)
#Configuration.check: entity: ptolemy.domains.sr.lib.NonStrictLogicGate {.configuration.actor library.Actors.DomainSpecific.SynchronousReactive.NonStrictLogicGate} 467 ms. Memory: 2912256K Free: 295432K (10%)
#Configuration.check: entity: ptolemy.domains.sr.lib.NonStrictAndGate {.configuration.actor library.Actors.DomainSpecific.SynchronousReactive.NonStrictAndGate} 476 ms. Memory: 2912256K Free: 294937K (10%)
#Configuration.check: entity: ptolemy.domains.sr.lib.NonStrictOrGate {.configuration.actor library.Actors.DomainSpecific.SynchronousReactive.NonStrictOrGate} 479 ms. Memory: 2912256K Free: 294418K (10%)
#Configuration.check: entity: ptolemy.domains.sr.lib.NonStrictXorGate {.configuration.actor library.Actors.DomainSpecific.SynchronousReactive.NonStrictXorGate} 481 ms. Memory: 2912256K Free: 293399K (10%)
#Configuration.check: entity: ptolemy.domains.sr.lib.NonStrictThreeBitAdder {.configuration.actor library.Actors.DomainSpecific.SynchronousReactive.NonStrictThreeBitAdder} 484 ms. Memory: 2912256K Free: 292889K (10%)
#Configuration.check: entity: ptolemy.domains.sr.lib.Pre {.configuration.actor library.Actors.DomainSpecific.SynchronousReactive.Pre} 484 ms. Memory: 2912256K Free: 292889K (10%)
#Configuration.check: entity: ptolemy.domains.sr.lib.SingleTokenDistributor {.configuration.actor library.Actors.DomainSpecific.SynchronousReactive.SingleTokenDistributor} 484 ms. Memory: 2912256K Free: 292375K (10%)
#Configuration.check: entity: ptolemy.domains.sr.lib.When {.configuration.actor library.Actors.DomainSpecific.SynchronousReactive.When} 485 ms. Memory: 2912256K Free: 292375K (10%)
#Configuration.check: entity: ptolemy.actor.lib.logic.TrueGate {.configuration.actor library.Actors.DomainSpecific.SynchronousReactive.TrueGate} 485 ms. Memory: 2912256K Free: 292375K (10%)
#Configuration.check: entity: org.terraswarm.accessor.JSAccessor {.configuration.actor library.MoreLibraries.Accessors.adapters.Adapter} 485 ms. Memory: 2912256K Free: 292375K (10%)
#Configuration.check: entity: org.terraswarm.accessor.JSAccessor {.configuration.actor library.MoreLibraries.Accessors.adapters.CelsiusToFahrenheit} 2094 ms. Memory: 2912256K Free: 297553K (10%)
#Configuration.check: entity: org.terraswarm.accessor.JSAccessor {.configuration.actor library.MoreLibraries.Accessors.adapters.Identity} 3736 ms. Memory: 2912256K Free: 300625K (10%)
#Configuration.check: entity: org.terraswarm.accessor.JSAccessor {.configuration.actor library.MoreLibraries.Accessors.adapters.KelvinToFahrenheit} 4915 ms. Memory: 2912256K Free: 298204K (10%)
#Configuration.check: entity: org.terraswarm.accessor.JSAccessor {.configuration.actor library.MoreLibraries.Accessors.audio.AudioCapture} 6052 ms. Memory: 2912256K Free: 294687K (10%)
#Configuration.check: entity: org.terraswarm.accessor.JSAccessor {.configuration.actor library.MoreLibraries.Accessors.audio.AudioPlayer} 7258 ms. Memory: 2912256K Free: 276990K (10%)
#Configuration.check: entity: org.terraswarm.accessor.JSAccessor {.configuration.actor library.MoreLibraries.Accessors.audio.ClipPlayer} 8197 ms. Memory: 2912256K Free: 262736K (9%)
#Configuration.check: entity: org.terraswarm.accessor.JSAccessor {.configuration.actor library.MoreLibraries.Accessors.cameras.Camera} 9255 ms. Memory: 2912256K Free: 497662K (17%)
#Configuration.check: entity: org.terraswarm.accessor.JSAccessor {.configuration.actor library.MoreLibraries.Accessors.cameras.Foscam} 10291 ms. Memory: 2912256K Free: 491006K (17%)
#Configuration.check: entity: org.terraswarm.accessor.JSAccessor {.configuration.actor library.MoreLibraries.Accessors.dashboard.GraphComponent} 11337 ms. Memory: 2912256K Free: 534526K (18%)
#Configuration.check: entity: org.terraswarm.accessor.JSAccessor {.configuration.actor library.MoreLibraries.Accessors.dashboard.OdometerComponent} 12193 ms. Memory: 2912256K Free: 399872K (14%)
#Configuration.check: entity: org.terraswarm.accessor.JSAccessor {.configuration.actor library.MoreLibraries.Accessors.dashboard.ParkingComponent} 13064 ms. Memory: 2912256K Free: 470016K (16%)
#Configuration.check: entity: org.terraswarm.accessor.JSAccessor {.configuration.actor library.MoreLibraries.Accessors.dashboard.RestaurantComponent} 13955 ms. Memory: 2912256K Free: 545263K (19%)
#Configuration.check: entity: org.terraswarm.accessor.JSAccessor {.configuration.actor library.MoreLibraries.Accessors.dashboard.RoutingWebSocketServer} 14812 ms. Memory: 2912256K Free: 411134K (14%)
#Configuration.check: entity: org.terraswarm.accessor.JSAccessor {.configuration.actor library.MoreLibraries.Accessors.dashboard.SpeedometerComponent} 15891 ms. Memory: 2912256K Free: 467456K (16%)
#Configuration.check: entity: org.terraswarm.accessor.JSAccessor {.configuration.actor library.MoreLibraries.Accessors.dashboard.UIComponent} 16863 ms. Memory: 2912256K Free: 547328K (19%)
#Configuration.check: entity: org.terraswarm.accessor.JSAccessor {.configuration.actor library.MoreLibraries.Accessors.dashboard.VideoComponent} 17659 ms. Memory: 2912256K Free: 419838K (14%)
#Configuration.check: entity: org.terraswarm.accessor.JSAccessor {.configuration.actor library.MoreLibraries.Accessors.devices.AdsB} 18564 ms. Memory: 2912256K Free: 500222K (17%)
#Configuration.check: entity: org.terraswarm.accessor.JSAccessor {.configuration.actor library.MoreLibraries.Accessors.devices.Hue} 19627 ms. Memory: 2912256K Free: 555006K (19%)
#Configuration.check: entity: org.terraswarm.accessor.JSAccessor {.configuration.actor library.MoreLibraries.Accessors.devices.Moto360SensorListener} 20531 ms. Memory: 2912256K Free: 409598K (14%)
#Configuration.check: entity: org.terraswarm.accessor.JSAccessor {.configuration.actor library.MoreLibraries.Accessors.devices.DrDose} 21585 ms. Memory: 2912256K Free: 466944K (16%)
#Configuration.check: entity: org.terraswarm.accessor.JSAccessor {.configuration.actor library.MoreLibraries.Accessors.devices.PhSensor} 22702 ms. Memory: 2912256K Free: 519166K (18%)
#Configuration.check: entity: org.terraswarm.accessor.JSAccessor {.configuration.actor library.MoreLibraries.Accessors.devices.EcSensor} 23759 ms. Memory: 2912256K Free: 360958K (12%)
#Configuration.check: entity: org.terraswarm.accessor.JSAccessor {.configuration.actor library.MoreLibraries.Accessors.devices.Lifx} 24872 ms. Memory: 2912256K Free: 407552K (14%)
#Configuration.check: entity: org.terraswarm.accessor.JSAccessor {.configuration.actor library.MoreLibraries.Accessors.image.AprilTags} 25936 ms. Memory: 2912256K Free: 458750K (16%)
#Configuration.check: entity: org.terraswarm.accessor.JSAccessor {.configuration.actor library.MoreLibraries.Accessors.image.CharacterRecognition} 26797 ms. Memory: 2912256K Free: 323573K (11%)
#CharacterRecognition: The tesseract module was not present.  The CharacterRecognition accessor is not supported on this accessor host. (Thread[main,5,main])
Configuration.check: entity: org.terraswarm.accessor.JSAccessor {.configuration.actor library.MoreLibraries.Accessors.image.ComputerVision} 27683 ms. Memory: 2912256K Free: 388091K (13%)
#Configuration.check: entity: org.terraswarm.accessor.JSAccessor {.configuration.actor library.MoreLibraries.Accessors.image.FaceDetector} 28657 ms. Memory: 2912256K Free: 436224K (15%)
#Configuration.check: entity: org.terraswarm.accessor.JSAccessor {.configuration.actor library.MoreLibraries.Accessors.image.ImageAnnotate} 29659 ms. Memory: 2912256K Free: 480768K (17%)
#Configuration.check: entity: org.terraswarm.accessor.JSAccessor {.configuration.actor library.MoreLibraries.Accessors.image.ImageDisplay} 30521 ms. Memory: 2912256K Free: 346110K (12%)
#Configuration.check: entity: org.terraswarm.accessor.JSAccessor {.configuration.actor library.MoreLibraries.Accessors.image.ImageFilter} 31431 ms. Memory: 2912256K Free: 387072K (13%)
#Configuration.check: entity: org.terraswarm.accessor.JSAccessor {.configuration.actor library.MoreLibraries.Accessors.image.MotionDetector} 32357 ms. Memory: 2912256K Free: 425472K (15%)
#Configuration.check: entity: org.terraswarm.accessor.JSAccessor {.configuration.actor library.MoreLibraries.Accessors.net.Discovery} 33268 ms. Memory: 2912256K Free: 457214K (16%)
#Configuration.check: entity: org.terraswarm.accessor.JSAccessor {.configuration.actor library.MoreLibraries.Accessors.net.IPAddress} 34256 ms. Memory: 2912256K Free: 320512K (11%)
#Configuration.check: entity: org.terraswarm.accessor.JSAccessor {.configuration.actor library.MoreLibraries.Accessors.net.KeyValueStore} 35209 ms. Memory: 2912256K Free: 347648K (12%)
#Configuration.check: entity: org.terraswarm.accessor.JSAccessor {.configuration.actor library.MoreLibraries.Accessors.net.MQTTPublisher} 36208 ms. Memory: 2912256K Free: 361984K (12%)
#Configuration.check: entity: org.terraswarm.accessor.JSAccessor {.configuration.actor library.MoreLibraries.Accessors.net.MQTTSubscriber} 37143 ms. Memory: 2912256K Free: 374272K (13%)
#Configuration.check: entity: org.terraswarm.accessor.JSAccessor {.configuration.actor library.MoreLibraries.Accessors.net.REST} 38117 ms. Memory: 2912256K Free: 380928K (13%)
#Configuration.check: entity: org.terraswarm.accessor.JSAccessor {.configuration.actor library.MoreLibraries.Accessors.net.SecureCommClient} 39114 ms. Memory: 2912256K Free: 374272K (13%)
#Configuration.check: entity: org.terraswarm.accessor.JSAccessor {.configuration.actor library.MoreLibraries.Accessors.net.SecureCommServer} 40235 ms. Memory: 2912256K Free: 342526K (12%)
#Configuration.check: entity: org.terraswarm.accessor.JSAccessor {.configuration.actor library.MoreLibraries.Accessors.net.SecurePublisher} 41315 ms. Memory: 2912256K Free: 309248K (11%)
#Configuration.check: entity: org.terraswarm.accessor.JSAccessor {.configuration.actor library.MoreLibraries.Accessors.net.SecureSubscriber} 42417 ms. Memory: 2912256K Free: 405504K (14%)
#Configuration.check: entity: org.terraswarm.accessor.JSAccessor {.configuration.actor library.MoreLibraries.Accessors.net.SerialPort} 43470 ms. Memory: 2912256K Free: 372224K (13%)
#Configuration.check: entity: org.terraswarm.accessor.JSAccessor {.configuration.actor library.MoreLibraries.Accessors.net.TCPSocketClient} 44444 ms. Memory: 2912256K Free: 356350K (12%)
#Configuration.check: entity: org.terraswarm.accessor.JSAccessor {.configuration.actor library.MoreLibraries.Accessors.net.TCPSocketServer} 45442 ms. Memory: 2912256K Free: 336920K (12%)
#Configuration.check: entity: org.terraswarm.accessor.JSAccessor {.configuration.actor library.MoreLibraries.Accessors.net.UDPSocketListener} 46507 ms. Memory: 2912256K Free: 317980K (11%)
#Configuration.check: entity: org.terraswarm.accessor.JSAccessor {.configuration.actor library.MoreLibraries.Accessors.net.UDPSocketSender} 47525 ms. Memory: 2912256K Free: 300543K (10%)
#Configuration.check: entity: org.terraswarm.accessor.JSAccessor {.configuration.actor library.MoreLibraries.Accessors.net.VertxPublish} 48508 ms. Memory: 2912256K Free: 284713K (10%)
#Configuration.check: entity: org.terraswarm.accessor.JSAccessor {.configuration.actor library.MoreLibraries.Accessors.net.VertxSubscribe} 49477 ms. Memory: 2912256K Free: 274944K (9%)
#Configuration.check: entity: org.terraswarm.accessor.JSAccessor {.configuration.actor library.MoreLibraries.Accessors.net.WebServer} 50416 ms. Memory: 2912256K Free: 264244K (9%)
#Configuration.check: entity: org.terraswarm.accessor.JSAccessor {.configuration.actor library.MoreLibraries.Accessors.net.WebSocketClient} 51381 ms. Memory: 2912256K Free: 250459K (9%)
#Configuration.check: entity: org.terraswarm.accessor.JSAccessor {.configuration.actor library.MoreLibraries.Accessors.net.WebSocketServer} 52506 ms. Memory: 2912256K Free: 360982K (12%)
#Configuration.check: entity: org.terraswarm.accessor.JSAccessor {.configuration.actor library.MoreLibraries.Accessors.net.XBee} 53592 ms. Memory: 2912256K Free: 341550K (12%)
#Configuration.check: entity: org.terraswarm.accessor.JSAccessor {.configuration.actor library.MoreLibraries.Accessors.robotics.RosNavigationPose} 54593 ms. Memory: 2912256K Free: 326694K (11%)
#Configuration.check: entity: org.terraswarm.accessor.JSAccessor {.configuration.actor library.MoreLibraries.Accessors.robotics.RosPublisher} 55789 ms. Memory: 2912256K Free: 288382K (10%)
#Configuration.check: entity: org.terraswarm.accessor.JSAccessor {.configuration.actor library.MoreLibraries.Accessors.robotics.RosSubscriber} 56851 ms. Memory: 2912256K Free: 261561K (9%)
#Configuration.check: entity: org.terraswarm.accessor.JSAccessor {.configuration.actor library.MoreLibraries.Accessors.robotics.LocationRosPublisher} 58269 ms. Memory: 2912256K Free: 235122K (8%)
#Configuration.check: entity: org.terraswarm.accessor.JSAccessor {.configuration.actor library.MoreLibraries.Accessors.robotics.Scarab} 59871 ms. Memory: 2912256K Free: 208441K (7%)
#Configuration.check: entity: org.terraswarm.accessor.JSAccessor {.configuration.actor library.MoreLibraries.Accessors.robotics.DroneLocation} 61438 ms. Memory: 2912256K Free: 194609K (7%)
#Configuration.check: entity: org.terraswarm.accessor.JSAccessor {.configuration.actor library.MoreLibraries.Accessors.robotics.Global2LatLonAlt} 63670 ms. Memory: 2912256K Free: 301596K (10%)
#Configuration.check: entity: org.terraswarm.accessor.JSAccessor {.configuration.actor library.MoreLibraries.Accessors.geodesy.Lla2Ecef} 64750 ms. Memory: 2912256K Free: 306182K (11%)
#Configuration.check: entity: org.terraswarm.accessor.JSAccessor {.configuration.actor library.MoreLibraries.Accessors.geodesy.LlaDist} 65879 ms. Memory: 2912256K Free: 309818K (11%)
#Configuration.check: entity: org.terraswarm.accessor.JSAccessor {.configuration.actor library.MoreLibraries.Accessors.geodesy.EuclideanDist} 67193 ms. Memory: 2912256K Free: 294443K (10%)
#Configuration.check: entity: org.terraswarm.accessor.JSAccessor {.configuration.actor library.MoreLibraries.Accessors.services.FINDLocation} 68057 ms. Memory: 2912256K Free: 299035K (10%)
#Configuration.check: entity: org.terraswarm.accessor.JSAccessor {.configuration.actor library.MoreLibraries.Accessors.services.FINDTracker} 69362 ms. Memory: 2912256K Free: 368336K (13%)
#Configuration.check: entity: org.terraswarm.accessor.JSAccessor {.configuration.actor library.MoreLibraries.Accessors.services.GeoCoder} 70651 ms. Memory: 2912256K Free: 376830K (13%)
#Configuration.check: entity: org.terraswarm.accessor.JSAccessor {.configuration.actor library.MoreLibraries.Accessors.services.GeoLocation} 71847 ms. Memory: 2912256K Free: 360960K (12%)
#Configuration.check: entity: org.terraswarm.accessor.JSAccessor {.configuration.actor library.MoreLibraries.Accessors.services.Heartbeat} 72874 ms. Memory: 2966528K Free: 410624K (14%)
#Configuration.check: entity: org.terraswarm.accessor.JSAccessor {.configuration.actor library.MoreLibraries.Accessors.services.HostCompatibility} 73824 ms. Memory: 2966528K Free: 429054K (14%)
#Configuration.check: entity: org.terraswarm.accessor.JSAccessor {.configuration.actor library.MoreLibraries.Accessors.services.NaturalLanguage} 74927 ms. Memory: 2966528K Free: 423424K (14%)
#Configuration.check: entity: org.terraswarm.accessor.JSAccessor {.configuration.actor library.MoreLibraries.Accessors.services.RedPinLocation} 76087 ms. Memory: 2966528K Free: 416841K (14%)
#Configuration.check: entity: org.terraswarm.accessor.JSAccessor {.configuration.actor library.MoreLibraries.Accessors.services.ReverseGeoCoder} 77128 ms. Memory: 2966528K Free: 415232K (14%)
#Configuration.check: entity: org.terraswarm.accessor.JSAccessor {.configuration.actor library.MoreLibraries.Accessors.services.SemanticRepositoryUpdate} 78215 ms. Memory: 2966528K Free: 406526K (14%)
#Configuration.check: entity: org.terraswarm.accessor.JSAccessor {.configuration.actor library.MoreLibraries.Accessors.services.SemanticRepositoryQuery} 79333 ms. Memory: 2966528K Free: 390623K (13%)
#Configuration.check: entity: org.terraswarm.accessor.JSAccessor {.configuration.actor library.MoreLibraries.Accessors.services.SemanticYelpSearch} 80478 ms. Memory: 2966528K Free: 371198K (13%)
#Configuration.check: entity: org.terraswarm.accessor.JSAccessor {.configuration.actor library.MoreLibraries.Accessors.services.SpeechRecognition} 82680 ms. Memory: 2966528K Free: 331262K (11%)
#Configuration.check: entity: org.terraswarm.accessor.JSAccessor {.configuration.actor library.MoreLibraries.Accessors.services.Weather} 83709 ms. Memory: 2966528K Free: 318974K (11%)
#Configuration.check: entity: org.terraswarm.accessor.JSAccessor {.configuration.actor library.MoreLibraries.Accessors.services.WiFiScan} 84854 ms. Memory: 2966528K Free: 413167K (14%)
#Configuration.check: entity: org.terraswarm.accessor.JSAccessor {.configuration.actor library.MoreLibraries.Accessors.services.YelpSearch} 85765 ms. Memory: 2966528K Free: 407552K (14%)
#Configuration.check: entity: org.terraswarm.accessor.JSAccessor {.configuration.actor library.MoreLibraries.Accessors.signals.FFT} 86906 ms. Memory: 2966528K Free: 379365K (13%)
#Configuration.check: entity: org.terraswarm.accessor.JSAccessor {.configuration.actor library.MoreLibraries.Accessors.test.MochaTest} 87869 ms. Memory: 2966528K Free: 377376K (13%)
#Configuration.check: entity: org.terraswarm.accessor.JSAccessor {.configuration.actor library.MoreLibraries.Accessors.test.TestAccessor} 89659 ms. Memory: 2966528K Free: 269937K (9%)
#Configuration.check: entity: org.terraswarm.accessor.JSAccessor {.configuration.actor library.MoreLibraries.Accessors.test.TestAdder} 90566 ms. Memory: 2966528K Free: 271481K (9%)
#Configuration.check: entity: org.terraswarm.accessor.JSAccessor {.configuration.actor library.MoreLibraries.Accessors.test.TestBaseC} 91439 ms. Memory: 2966528K Free: 275462K (9%)
#Configuration.check: entity: org.terraswarm.accessor.JSAccessor {.configuration.actor library.MoreLibraries.Accessors.test.TestComposite} 92295 ms. Memory: 2966528K Free: 281139K (9%)
#Configuration.check: entity: org.terraswarm.accessor.JSAccessor {.configuration.actor library.MoreLibraries.Accessors.test.TestCompositeSpontaneous} 93302 ms. Memory: 2966528K Free: 268215K (9%)
#Configuration.check: entity: org.terraswarm.accessor.JSAccessor {.configuration.actor library.MoreLibraries.Accessors.test.TestDerivedAgainA} 94329 ms. Memory: 2966528K Free: 257552K (9%)
#Configuration.check: entity: org.terraswarm.accessor.JSAccessor {.configuration.actor library.MoreLibraries.Accessors.test.TestDerivedC} 95261 ms. Memory: 2966528K Free: 254999K (9%)
#Configuration.check: entity: org.terraswarm.accessor.JSAccessor {.configuration.actor library.MoreLibraries.Accessors.test.TestFunctions} 96178 ms. Memory: 2966528K Free: 254537K (9%)
#Configuration.check: entity: org.terraswarm.accessor.JSAccessor {.configuration.actor library.MoreLibraries.Accessors.test.TestGain} 97293 ms. Memory: 2966528K Free: 262656K (9%)
#Configuration.check: entity: org.terraswarm.accessor.JSAccessor {.configuration.actor library.MoreLibraries.Accessors.test.TestImplement} 98624 ms. Memory: 2966528K Free: 265748K (9%)
#Configuration.check: entity: org.terraswarm.accessor.JSAccessor {.configuration.actor library.MoreLibraries.Accessors.test.TestInheritance} 100194 ms. Memory: 2966528K Free: 263215K (9%)
#Configuration.check: entity: org.terraswarm.accessor.JSAccessor {.configuration.actor library.MoreLibraries.Accessors.test.TestRequire} 101588 ms. Memory: 2966528K Free: 260091K (9%)
#Configuration.check: entity: org.terraswarm.accessor.JSAccessor {.configuration.actor library.MoreLibraries.Accessors.test.TestSpontaneous} 103177 ms. Memory: 2966528K Free: 255998K (9%)
#Configuration.check: entity: org.terraswarm.accessor.JSAccessor {.configuration.actor library.MoreLibraries.Accessors.test.TestSpontaneousOnce} 104345 ms. Memory: 2966528K Free: 260644K (9%)
#Configuration.check: entity: org.terraswarm.accessor.JSAccessor {.configuration.actor library.MoreLibraries.Accessors.test.TrainableTest} 105570 ms. Memory: 2966528K Free: 263731K (9%)
#Configuration.check: entity: org.terraswarm.accessor.JSAccessor {.configuration.actor library.MoreLibraries.Accessors.utilities.Clock} 106741 ms. Memory: 2966528K Free: 262661K (9%)
#Configuration.check: entity: org.terraswarm.accessor.JSAccessor {.configuration.actor library.MoreLibraries.Accessors.utilities.Cron} 107565 ms. Memory: 2966528K Free: 267315K (9%)
#Configuration.check: entity: org.terraswarm.accessor.JSAccessor {.configuration.actor library.MoreLibraries.Accessors.utilities.Exec} 108615 ms. Memory: 2966528K Free: 334589K (11%)
#Configuration.check: entity: org.terraswarm.accessor.JSAccessor {.configuration.actor library.MoreLibraries.Accessors.utilities.GetAccessor} 109592 ms. Memory: 2966528K Free: 353792K (12%)
#Configuration.check: entity: org.terraswarm.accessor.JSAccessor {.configuration.actor library.MoreLibraries.Accessors.utilities.GetResource} 110541 ms. Memory: 2966528K Free: 345598K (12%)
#Configuration.check: entity: org.terraswarm.accessor.JSAccessor {.configuration.actor library.MoreLibraries.Accessors.utilities.HostName} 111391 ms. Memory: 2966528K Free: 349184K (12%)
#Configuration.check: entity: org.terraswarm.accessor.JSAccessor {.configuration.actor library.MoreLibraries.Accessors.utilities.LocalStorage} 112199 ms. Memory: 2966528K Free: 357886K (12%)
#Configuration.check: entity: org.terraswarm.accessor.JSAccessor {.configuration.actor library.MoreLibraries.Accessors.utilities.Mutable} 113126 ms. Memory: 2966528K Free: 349184K (12%)
#Configuration.check: entity: org.terraswarm.accessor.JSAccessor {.configuration.actor library.MoreLibraries.Accessors.utilities.MutableBase} 114094 ms. Memory: 2966528K Free: 350753K (12%)
#Configuration.check: entity: org.terraswarm.accessor.JSAccessor {.configuration.actor library.MoreLibraries.Accessors.utilities.Stop} 115251 ms. Memory: 2966528K Free: 225315K (8%)
#Configuration.check: entity: org.terraswarm.accessor.JSAccessor {.configuration.actor library.MoreLibraries.Accessors.utilities.TextDisplay} 116527 ms. Memory: 2966528K Free: 231970K (8%)
#Configuration.check: entity: org.terraswarm.accessor.JSAccessor {.configuration.actor library.MoreLibraries.Accessors.utilities.UserInterface} 117988 ms. Memory: 2966528K Free: 221233K (7%)
#Configuration.check: entity: ptolemy.domains.de.lib.aspect.AFDXESs {.configuration.actor library.MoreLibraries.Aspects.AFDX_ESs} 119444 ms. Memory: 2966528K Free: 208421K (7%)
#Configuration.check: entity: ptolemy.domains.de.lib.aspect.AFDXSwitch {.configuration.actor library.MoreLibraries.Aspects.AFDX_SW} 119446 ms. Memory: 2966528K Free: 207907K (7%)
#Configuration.check: entity: ptolemy.domains.de.lib.aspect.Bus {.configuration.actor library.MoreLibraries.Aspects.Bus} 119508 ms. Memory: 2966528K Free: 336896K (11%)
#Configuration.check: entity: ptolemy.domains.de.lib.aspect.BasicSwitch {.configuration.actor library.MoreLibraries.Aspects.BasicSwitch} 119510 ms. Memory: 2966528K Free: 336896K (11%)
#Configuration.check: entity: ptolemy.actor.lib.aspect.CanBus {.configuration.actor library.MoreLibraries.Aspects.CanBus} 119513 ms. Memory: 2966528K Free: 335872K (11%)
#Configuration.check: entity: ptolemy.actor.gui.CommunicationAspectMonitor {.configuration.actor library.MoreLibraries.Aspects.CommunicationAspectMonitor} 119514 ms. Memory: 2966528K Free: 335343K (11%)
#Configuration.check: entity: ptolemy.domains.de.lib.aspect.CrossbarSwitch {.configuration.actor library.MoreLibraries.Aspects.CrossbarSwitch} 119515 ms. Memory: 2966528K Free: 335343K (11%)
#Configuration.check: entity: ptolemy.actor.lib.aspect.DynamicCoreAssignmentScheduler {.configuration.actor library.MoreLibraries.Aspects.DynamicCoreAssignmentScheduler} 119518 ms. Memory: 2966528K Free: 334319K (11%)
#Configuration.check: entity: ptolemy.actor.lib.aspect.EDFScheduler {.configuration.actor library.MoreLibraries.Aspects.EDFScheduler} 119521 ms. Memory: 2966528K Free: 333824K (11%)
#Configuration.check: entity: ptolemy.actor.lib.aspect.FixedPriorityScheduler {.configuration.actor library.MoreLibraries.Aspects.FixedPriorityScheduler} 119522 ms. Memory: 2966528K Free: 333295K (11%)
#Configuration.check: entity: ptolemy.domains.de.lib.aspect.TTESwitch {.configuration.actor library.MoreLibraries.Aspects.TTESwitch} 119523 ms. Memory: 2966528K Free: 333295K (11%)
#Configuration.check: entity: lbnl.actor.lib.Simulator {.configuration.actor library.MoreLibraries.Co-Simulation.Simulator.Simulator} 119526 ms. Memory: 2966528K Free: 332800K (11%)
#Configuration.check: entity: lbnl.actor.lib.SystemCommand {.configuration.actor library.MoreLibraries.Co-Simulation.Simulator.SystemCommand} 119527 ms. Memory: 2966528K Free: 331776K (11%)
#Configuration.check: entity: org.hlacerti.lib.HlaAttributeUpdater {.configuration.actor library.MoreLibraries.Co-Simulation.HLA.HlaAttributeUpdater} 119527 ms. Memory: 2966528K Free: 331776K (11%)
#Configuration.check: entity: org.hlacerti.lib.HlaAttributeReflector {.configuration.actor library.MoreLibraries.Co-Simulation.HLA.HlaAttributeReflector} 119529 ms. Memory: 2966528K Free: 331262K (11%)
#Configuration.check: entity: ptolemy.actor.lib.database.DatabaseManager {.configuration.actor library.MoreLibraries.DatabaseActors.DatabaseManager} 119530 ms. Memory: 2966528K Free: 330752K (11%)
#Configuration.check: entity: ptolemy.actor.lib.database.DatabaseQuery {.configuration.actor library.MoreLibraries.DatabaseActors.DatabaseQuery} 119532 ms. Memory: 2966528K Free: 330752K (11%)
#Configuration.check: entity: ptolemy.actor.lib.database.DatabaseSelect {.configuration.actor library.MoreLibraries.DatabaseActors.DatabaseSelect} 119532 ms. Memory: 2966528K Free: 330223K (11%)
#Configuration.check: entity: ptolemy.actor.lib.database.DatabaseInsert {.configuration.actor library.MoreLibraries.DatabaseActors.DatabaseInsert} 119534 ms. Memory: 2966528K Free: 330223K (11%)
#Configuration.check: entity: ptolemy.actor.lib.database.SQLStatement {.configuration.actor library.MoreLibraries.DatabaseActors.SQLStatement} 119535 ms. Memory: 2966528K Free: 329728K (11%)
#Configuration.check: entity: ptolemy.actor.lib.database.ArrayOfRecordsRecorder {.configuration.actor library.MoreLibraries.DatabaseActors.ArrayOfRecordsRecorder} 119535 ms. Memory: 2966528K Free: 329728K (11%)
#Configuration.check: entity: ptolemy.actor.lib.PoissonClock {.configuration.actor library.MoreLibraries.DesignPatterns.DiscreteEvent.DESourceSink.PoissonClock} 119536 ms. Memory: 2966528K Free: 329214K (11%)
#Configuration.check: entity: ptolemy.actor.lib.Ramp {.configuration.actor library.MoreLibraries.DesignPatterns.DiscreteEvent.DESourceSink.Ramp} 119537 ms. Memory: 2966528K Free: 328704K (11%)
#Configuration.check: entity: ptolemy.actor.lib.gui.TimedPlotter {.configuration.actor library.MoreLibraries.DesignPatterns.DiscreteEvent.DESourceSink.TimedPlotter} 119538 ms. Memory: 2966528K Free: 328704K (11%)
#Configuration.check: entity: ptolemy.domains.sdf.lib.SampleDelay {.configuration.actor library.MoreLibraries.DesignPatterns.DynamicDataFlow.DDFRepeatForCount.SampleDelay} 119539 ms. Memory: 2966528K Free: 328704K (11%)
#Configuration.check: entity: ptolemy.actor.lib.Const {.configuration.actor library.MoreLibraries.DesignPatterns.DynamicDataFlow.DDFRepeatForCount.Const} 119539 ms. Memory: 2966528K Free: 328190K (11%)
#Configuration.check: entity: ptolemy.actor.lib.Ramp {.configuration.actor library.MoreLibraries.DesignPatterns.DynamicDataFlow.DDFRepeatForCount.Ramp} 119540 ms. Memory: 2966528K Free: 327680K (11%)
#Configuration.check: entity: ptolemy.actor.lib.Expression {.configuration.actor library.MoreLibraries.DesignPatterns.DynamicDataFlow.DDFRepeatForCount.Expression} 119541 ms. Memory: 2966528K Free: 327680K (11%)
#Configuration.check: entity: ptolemy.actor.lib.BooleanSwitch {.configuration.actor library.MoreLibraries.DesignPatterns.DynamicDataFlow.DDFRepeatForCount.Switch} 119542 ms. Memory: 2966528K Free: 327680K (11%)
#Configuration.check: entity: ptolemy.domains.ddf.lib.DDFBooleanSelect {.configuration.actor library.MoreLibraries.DesignPatterns.DynamicDataFlow.DDFRepeatForCount.Select} 119542 ms. Memory: 2966528K Free: 327680K (11%)
#Configuration.check: entity: ptolemy.actor.lib.Const {.configuration.actor library.MoreLibraries.DesignPatterns.DynamicDataFlow.DDFRepeatForCount.Source} 119542 ms. Memory: 2966528K Free: 327166K (11%)
#Configuration.check: entity: ptolemy.actor.lib.gui.Display {.configuration.actor library.MoreLibraries.DesignPatterns.DynamicDataFlow.DDFRepeatForCount.Sink} 119542 ms. Memory: 2966528K Free: 327166K (11%)
#Configuration.check: entity: ptolemy.actor.lib.Counter {.configuration.actor library.MoreLibraries.DesignPatterns.DynamicDataFlow.DDFRepeatForCount.RepeatedAction.Counter} 119544 ms. Memory: 2966528K Free: 326656K (11%)
#Configuration.check: entity: ptolemy.domains.rendezvous.lib.Barrier {.configuration.actor library.MoreLibraries.DesignPatterns.Rendezvous.RendezvousSynchrony.Barrier} 119545 ms. Memory: 2966528K Free: 326656K (11%)
#Configuration.check: entity: ptolemy.domains.ca.lib.gui.CAViewer {.configuration.actor library.MoreLibraries.ExperimentalDomains.CellularAutomata.CA Viewer} 119547 ms. Memory: 2966528K Free: 326142K (11%)
#Configuration.check: entity: ptolemy.domains.dde.lib.DDESink {.configuration.actor library.MoreLibraries.ExperimentalDomains.DDE.dde.DDESink} 119549 ms. Memory: 2966528K Free: 325632K (11%)
#Configuration.check: entity: ptolemy.domains.dde.lib.DoubleFork {.configuration.actor library.MoreLibraries.ExperimentalDomains.DDE.dde.DoubleFork} 119549 ms. Memory: 2966528K Free: 325632K (11%)
#Configuration.check: entity: ptolemy.domains.dde.lib.Wire {.configuration.actor library.MoreLibraries.ExperimentalDomains.DDE.dde.Wire} 119549 ms. Memory: 2966528K Free: 325118K (11%)
#Configuration.check: entity: ptolemy.domains.gr.lib.Box3D {.configuration.actor library.MoreLibraries.ExperimentalDomains.Graphics.Graphics.Box3D} 119550 ms. Memory: 2966528K Free: 325118K (11%)
#Configuration.check: entity: ptolemy.domains.gr.lib.CircularSweep3D {.configuration.actor library.MoreLibraries.ExperimentalDomains.Graphics.Graphics.CircularSweep3D} 119551 ms. Memory: 2966528K Free: 324079K (11%)
#Configuration.check: entity: ptolemy.domains.gr.lib.Cone3D {.configuration.actor library.MoreLibraries.ExperimentalDomains.Graphics.Graphics.Cone3D} 119553 ms. Memory: 2966528K Free: 323070K (11%)
#Configuration.check: entity: ptolemy.domains.gr.lib.Cylinder3D {.configuration.actor library.MoreLibraries.ExperimentalDomains.Graphics.Graphics.Cylinder3D} 119556 ms. Memory: 2966528K Free: 322031K (11%)
#Configuration.check: entity: ptolemy.domains.gr.lib.PolyCylinder3D {.configuration.actor library.MoreLibraries.ExperimentalDomains.Graphics.Graphics.PolyCylinder3D} 119558 ms. Memory: 2966528K Free: 321007K (11%)
#Configuration.check: entity: ptolemy.domains.gr.lib.Sphere3D {.configuration.actor library.MoreLibraries.ExperimentalDomains.Graphics.Graphics.Sphere3D} 119560 ms. Memory: 2966528K Free: 319991K (11%)
#Configuration.check: entity: ptolemy.domains.gr.lib.TextString3D {.configuration.actor library.MoreLibraries.ExperimentalDomains.Graphics.Graphics.TextString3D} 119562 ms. Memory: 2966528K Free: 318974K (11%)
#Configuration.check: entity: ptolemy.domains.gr.lib.Torus3D {.configuration.actor library.MoreLibraries.ExperimentalDomains.Graphics.Graphics.Torus3D} 119564 ms. Memory: 2966528K Free: 317919K (11%)
#Configuration.check: entity: ptolemy.domains.gr.lib.Rotate3D {.configuration.actor library.MoreLibraries.ExperimentalDomains.Graphics.Graphics.Rotate3D} 119566 ms. Memory: 2966528K Free: 316911K (11%)
#Configuration.check: entity: ptolemy.domains.gr.lib.Scale3D {.configuration.actor library.MoreLibraries.ExperimentalDomains.Graphics.Graphics.Scale3D} 119566 ms. Memory: 2966528K Free: 316911K (11%)
#Configuration.check: entity: ptolemy.domains.gr.lib.Translate3D {.configuration.actor library.MoreLibraries.ExperimentalDomains.Graphics.Graphics.Translate3D} 119567 ms. Memory: 2966528K Free: 316911K (11%)
#Configuration.check: entity: ptolemy.domains.gr.lib.Translate2D {.configuration.actor library.MoreLibraries.ExperimentalDomains.Graphics.Graphics.Translate2D} 119567 ms. Memory: 2966528K Free: 316911K (11%)
#Configuration.check: entity: ptolemy.domains.gr.lib.KeyInput3D {.configuration.actor library.MoreLibraries.ExperimentalDomains.Graphics.Graphics.KeyInput3D} 119567 ms. Memory: 2966528K Free: 316911K (11%)
#Configuration.check: entity: ptolemy.domains.gr.lib.MouseInput3D {.configuration.actor library.MoreLibraries.ExperimentalDomains.Graphics.Graphics.MouseInput3D} 119567 ms. Memory: 2966528K Free: 316416K (11%)
#Configuration.check: entity: ptolemy.domains.gr.lib.Rotate3D {.configuration.actor library.MoreLibraries.ExperimentalDomains.Graphics.Graphics.ThreeAxisRotator3D.Rotate3D} 119567 ms. Memory: 2966528K Free: 316416K (11%)
#Configuration.check: entity: ptolemy.domains.gr.lib.Rotate3D {.configuration.actor library.MoreLibraries.ExperimentalDomains.Graphics.Graphics.ThreeAxisRotator3D.Rotate3D2} 119568 ms. Memory: 2966528K Free: 316416K (11%)
#Configuration.check: entity: ptolemy.domains.gr.lib.Rotate3D {.configuration.actor library.MoreLibraries.ExperimentalDomains.Graphics.Graphics.ThreeAxisRotator3D.Rotate3D3} 119569 ms. Memory: 2966528K Free: 316416K (11%)
#Configuration.check: entity: ptolemy.domains.gr.lib.ViewScreen2D {.configuration.actor library.MoreLibraries.ExperimentalDomains.Graphics.Graphics.ViewScreen2D} 119569 ms. Memory: 2966528K Free: 315902K (11%)
#Configuration.check: entity: ptolemy.domains.gr.lib.ViewScreen3D {.configuration.actor library.MoreLibraries.ExperimentalDomains.Graphics.Graphics.ViewScreen3D} 119569 ms. Memory: 2966528K Free: 315902K (11%)
#Configuration.check: entity: ptolemy.domains.gr.lib.MovableViewScreen3D {.configuration.actor library.MoreLibraries.ExperimentalDomains.Graphics.Graphics.MovableViewScreen3D} 119570 ms. Memory: 2966528K Free: 315902K (11%)
#Configuration.check: entity: ptolemy.domains.petrinet.kernel.Place {.configuration.actor library.MoreLibraries.ExperimentalDomains.PetriNet.Place} 119571 ms. Memory: 2966528K Free: 315392K (11%)
#Configuration.check: entity: ptolemy.domains.pthales.lib.PthalesGenericActor {.configuration.actor library.MoreLibraries.ExperimentalDomains.Pthales.PthalesGenericActor} 119571 ms. Memory: 2966528K Free: 315392K (11%)
#Configuration.check: entity: ptolemy.domains.pthales.lib.PthalesAddHeaderActor {.configuration.actor library.MoreLibraries.ExperimentalDomains.Pthales.PthalesAddHeaderActor} 119572 ms. Memory: 2966528K Free: 315392K (11%)
#Configuration.check: entity: ptolemy.domains.pthales.lib.PthalesRemoveHeaderActor {.configuration.actor library.MoreLibraries.ExperimentalDomains.Pthales.PthalesRemoveHeaderActor} 119573 ms. Memory: 2966528K Free: 314863K (11%)
#Configuration.check: entity: ptolemy.actor.lib.Exec {.configuration.actor library.MoreLibraries.Esoteric.Exec} 119573 ms. Memory: 2966528K Free: 314863K (11%)
#Configuration.check: entity: ptolemy.caltrop.actors.CalInterpreter {.configuration.actor library.MoreLibraries.Esoteric.CalInterpreter} 119574 ms. Memory: 2966528K Free: 314863K (11%)
#Configuration.check: entity: ptolemy.actor.lib.OrderedMerge {.configuration.actor library.MoreLibraries.Esoteric.OrderedMerge} 119575 ms. Memory: 2966528K Free: 314368K (11%)
#Configuration.check: entity: ptolemy.actor.lib.RemoveNilTokens {.configuration.actor library.MoreLibraries.Esoteric.RemoveNilTokens} 119575 ms. Memory: 2966528K Free: 314368K (11%)
#Configuration.check: entity: ptolemy.actor.lib.gem5.Gem5Wrapper {.configuration.actor library.MoreLibraries.Gem5.Gem5Wrapper} 119575 ms. Memory: 2966528K Free: 314368K (11%)
#Configuration.check: entity: ptolemy.actor.gt.ModelCombine {.configuration.actor library.MoreLibraries.GraphTransformation.ModelCombine} 119576 ms. Memory: 2966528K Free: 313854K (11%)
#Configuration.check: entity: ptolemy.actor.gt.ModelExecutor {.configuration.actor library.MoreLibraries.GraphTransformation.ModelExecutor} 119577 ms. Memory: 2966528K Free: 313854K (11%)
#Configuration.check: entity: ptolemy.actor.gt.ModelGenerator {.configuration.actor library.MoreLibraries.GraphTransformation.ModelGenerator} 119577 ms. Memory: 2966528K Free: 313854K (11%)
#Configuration.check: entity: ptolemy.actor.gt.ModelView {.configuration.actor library.MoreLibraries.GraphTransformation.ModelView} 119580 ms. Memory: 2966528K Free: 313344K (11%)
#Configuration.check: entity: ptolemy.actor.gt.MoMLGenerator {.configuration.actor library.MoreLibraries.GraphTransformation.MoMLGenerator} 119583 ms. Memory: 2966528K Free: 312830K (11%)
#Configuration.check: entity: ptolemy.domains.gr.lib.Box3D {.configuration.actor library.MoreLibraries.Graphics.Graphics.Box3D} 119584 ms. Memory: 2966528K Free: 312320K (11%)
#Configuration.check: entity: ptolemy.domains.gr.lib.CircularSweep3D {.configuration.actor library.MoreLibraries.Graphics.Graphics.CircularSweep3D} 119586 ms. Memory: 2966528K Free: 311296K (10%)
#Configuration.check: entity: ptolemy.domains.gr.lib.Cone3D {.configuration.actor library.MoreLibraries.Graphics.Graphics.Cone3D} 119588 ms. Memory: 2966528K Free: 310270K (10%)
#Configuration.check: entity: ptolemy.domains.gr.lib.Cylinder3D {.configuration.actor library.MoreLibraries.Graphics.Graphics.Cylinder3D} 119590 ms. Memory: 2966528K Free: 309248K (10%)
#Configuration.check: entity: ptolemy.domains.gr.lib.PolyCylinder3D {.configuration.actor library.MoreLibraries.Graphics.Graphics.PolyCylinder3D} 119594 ms. Memory: 2966528K Free: 307710K (10%)
#Configuration.check: entity: ptolemy.domains.gr.lib.Sphere3D {.configuration.actor library.MoreLibraries.Graphics.Graphics.Sphere3D} 119595 ms. Memory: 2966528K Free: 307198K (10%)
#Configuration.check: entity: ptolemy.domains.gr.lib.TextString3D {.configuration.actor library.MoreLibraries.Graphics.Graphics.TextString3D} 119597 ms. Memory: 2966528K Free: 306176K (10%)
#Configuration.check: entity: ptolemy.domains.gr.lib.Torus3D {.configuration.actor library.MoreLibraries.Graphics.Graphics.Torus3D} 119599 ms. Memory: 2966528K Free: 304638K (10%)
#Configuration.check: entity: ptolemy.domains.gr.lib.Rotate3D {.configuration.actor library.MoreLibraries.Graphics.Graphics.Rotate3D} 119601 ms. Memory: 2966528K Free: 304128K (10%)
#Configuration.check: entity: ptolemy.domains.gr.lib.Scale3D {.configuration.actor library.MoreLibraries.Graphics.Graphics.Scale3D} 119601 ms. Memory: 2966528K Free: 304128K (10%)
#Configuration.check: entity: ptolemy.domains.gr.lib.Translate3D {.configuration.actor library.MoreLibraries.Graphics.Graphics.Translate3D} 119601 ms. Memory: 2966528K Free: 304128K (10%)
#Configuration.check: entity: ptolemy.domains.gr.lib.Translate2D {.configuration.actor library.MoreLibraries.Graphics.Graphics.Translate2D} 119602 ms. Memory: 2966528K Free: 303614K (10%)
#Configuration.check: entity: ptolemy.domains.gr.lib.KeyInput3D {.configuration.actor library.MoreLibraries.Graphics.Graphics.KeyInput3D} 119602 ms. Memory: 2966528K Free: 303614K (10%)
#Configuration.check: entity: ptolemy.domains.gr.lib.MouseInput3D {.configuration.actor library.MoreLibraries.Graphics.Graphics.MouseInput3D} 119602 ms. Memory: 2966528K Free: 303614K (10%)
#Configuration.check: entity: ptolemy.domains.gr.lib.Rotate3D {.configuration.actor library.MoreLibraries.Graphics.Graphics.ThreeAxisRotator3D.Rotate3D} 119602 ms. Memory: 2966528K Free: 303614K (10%)
#Configuration.check: entity: ptolemy.domains.gr.lib.Rotate3D {.configuration.actor library.MoreLibraries.Graphics.Graphics.ThreeAxisRotator3D.Rotate3D2} 119603 ms. Memory: 2966528K Free: 303614K (10%)
#Configuration.check: entity: ptolemy.domains.gr.lib.Rotate3D {.configuration.actor library.MoreLibraries.Graphics.Graphics.ThreeAxisRotator3D.Rotate3D3} 119603 ms. Memory: 2966528K Free: 303614K (10%)
#Configuration.check: entity: ptolemy.domains.gr.lib.ViewScreen2D {.configuration.actor library.MoreLibraries.Graphics.Graphics.ViewScreen2D} 119604 ms. Memory: 2966528K Free: 303104K (10%)
#Configuration.check: entity: ptolemy.domains.gr.lib.ViewScreen3D {.configuration.actor library.MoreLibraries.Graphics.Graphics.ViewScreen3D} 119606 ms. Memory: 2966528K Free: 303104K (10%)
#Configuration.check: entity: ptolemy.domains.gr.lib.MovableViewScreen3D {.configuration.actor library.MoreLibraries.Graphics.Graphics.MovableViewScreen3D} 119607 ms. Memory: 2966528K Free: 302590K (10%)
#Configuration.check: entity: ptolemy.actor.lib.image.ImageDisplay {.configuration.actor library.MoreLibraries.ImageProcessing.Generic.ImageDisplay} 119608 ms. Memory: 2966528K Free: 302590K (10%)
#Configuration.check: entity: ptolemy.actor.lib.image.ImageReader {.configuration.actor library.MoreLibraries.ImageProcessing.Generic.ImageReader} 119609 ms. Memory: 2966528K Free: 302080K (10%)
#Configuration.check: entity: ptolemy.actor.lib.image.ImageRotate {.configuration.actor library.MoreLibraries.ImageProcessing.Generic.ImageRotate} 119609 ms. Memory: 2966528K Free: 302080K (10%)
#Configuration.check: entity: ptolemy.actor.lib.image.ImageToString {.configuration.actor library.MoreLibraries.ImageProcessing.Generic.ImageToString} 119609 ms. Memory: 2966528K Free: 302080K (10%)
#Configuration.check: entity: ptolemy.actor.lib.image.URLToImage {.configuration.actor library.MoreLibraries.ImageProcessing.Generic.URLToImage} 119609 ms. Memory: 2966528K Free: 302080K (10%)
#Configuration.check: entity: ptolemy.domains.sdf.lib.vq.HTVQEncode {.configuration.actor library.MoreLibraries.ImageProcessing.VectorQuantization.HTVQEncode} 119609 ms. Memory: 2966528K Free: 302080K (10%)
#Configuration.check: entity: ptolemy.domains.sdf.lib.vq.ImageContrast {.configuration.actor library.MoreLibraries.ImageProcessing.VectorQuantization.ImageContrast} 119610 ms. Memory: 2966528K Free: 300543K (10%)
#Configuration.check: entity: ptolemy.domains.sdf.lib.vq.ImageDisplay {.configuration.actor library.MoreLibraries.ImageProcessing.VectorQuantization.ImageDisplay} 119610 ms. Memory: 2966528K Free: 300543K (10%)
#Configuration.check: entity: ptolemy.domains.sdf.lib.vq.ImagePartition {.configuration.actor library.MoreLibraries.ImageProcessing.VectorQuantization.ImagePartition} 119610 ms. Memory: 2966528K Free: 300287K (10%)
#Configuration.check: entity: ptolemy.domains.sdf.lib.vq.ImageSequence {.configuration.actor library.MoreLibraries.ImageProcessing.VectorQuantization.ImageSequence} 119611 ms. Memory: 2966528K Free: 300287K (10%)
#Configuration.check: entity: ptolemy.domains.sdf.lib.vq.ImageUnpartition {.configuration.actor library.MoreLibraries.ImageProcessing.VectorQuantization.ImageUnpartition} 119611 ms. Memory: 2966528K Free: 300287K (10%)
#Configuration.check: entity: ptolemy.domains.sdf.lib.vq.PSNR {.configuration.actor library.MoreLibraries.ImageProcessing.VectorQuantization.PSNR} 119611 ms. Memory: 2966528K Free: 300032K (10%)
#Configuration.check: entity: ptolemy.domains.sdf.lib.vq.VQDecode {.configuration.actor library.MoreLibraries.ImageProcessing.VectorQuantization.VQDecode} 119612 ms. Memory: 2966528K Free: 300032K (10%)
#Configuration.check: entity: ptolemy.vergil.actor.lib.LEDMatrix {.configuration.actor library.MoreLibraries.InteractiveIcons.LEDMatrix} 119612 ms. Memory: 2966528K Free: 299503K (10%)
#Configuration.check: entity: ptolemy.vergil.actor.lib.MonitorImage {.configuration.actor library.MoreLibraries.InteractiveIcons.MonitorImage} 119638 ms. Memory: 2966528K Free: 295422K (10%)
#Configuration.check: entity: ptolemy.actor.lib.conversions.json.JSONToToken {.configuration.actor library.MoreLibraries.JSON.JSONToToken} 119848 ms. Memory: 2966528K Free: 294912K (10%)
#Configuration.check: entity: ptolemy.actor.lib.conversions.json.TokenToJSON {.configuration.actor library.MoreLibraries.JSON.TokenToJSON} 119849 ms. Memory: 2966528K Free: 294912K (10%)
#Configuration.check: entity: org.ptolemy.machineLearning.clustering.KMeans {.configuration.actor library.MoreLibraries.MachineLearning.Clustering.KMeans} 119849 ms. Memory: 2966528K Free: 294912K (10%)
#Configuration.check: entity: org.ptolemy.machineLearning.hmm.HMMGaussianEstimator {.configuration.actor library.MoreLibraries.MachineLearning.HMM.HMMGaussianEstimator} 119851 ms. Memory: 2966528K Free: 294398K (10%)
#Configuration.check: entity: org.ptolemy.machineLearning.hmm.HMMExponentialEstimator {.configuration.actor library.MoreLibraries.MachineLearning.HMM.HMMExponentialEstimator} 119854 ms. Memory: 2966528K Free: 293343K (10%)
#Configuration.check: entity: org.ptolemy.machineLearning.hmm.HMMMultinomialEstimator {.configuration.actor library.MoreLibraries.MachineLearning.HMM.HMMMultinomialEstimator} 119856 ms. Memory: 2966528K Free: 291840K (10%)
#Configuration.check: entity: org.ptolemy.machineLearning.hmm.HMMGaussianClassifier {.configuration.actor library.MoreLibraries.MachineLearning.HMM.HMMGaussianClassifier} 119861 ms. Memory: 2966528K Free: 290816K (10%)
#Configuration.check: entity: org.ptolemy.machineLearning.hmm.HMMExponentialClassifier {.configuration.actor library.MoreLibraries.MachineLearning.HMM.HMMExponentialClassifier} 119865 ms. Memory: 2966528K Free: 289278K (10%)
#Configuration.check: entity: org.ptolemy.machineLearning.hmm.HMMMultinomialClassifier {.configuration.actor library.MoreLibraries.MachineLearning.HMM.HMMMultinomialClassifier} 119868 ms. Memory: 2966528K Free: 288239K (10%)
#Configuration.check: entity: org.ptolemy.machineLearning.hsmm.HSMMMultinomialEstimator {.configuration.actor library.MoreLibraries.MachineLearning.HSMM.HSMMMultinomialEstimator} 119871 ms. Memory: 2966528K Free: 287230K (10%)
#Configuration.check: entity: org.ptolemy.machineLearning.hsmm.HSMMTimeAwareMultinomialEstimator {.configuration.actor library.MoreLibraries.MachineLearning.HSMM.HSMMTimeAwareMultinomialEstimator} 119878 ms. Memory: 2966528K Free: 285182K (10%)
#Configuration.check: entity: org.ptolemy.machineLearning.hsmm.HSMMGaussianEstimator {.configuration.actor library.MoreLibraries.MachineLearning.HSMM.HSMMGaussianEstimator} 119884 ms. Memory: 2966528K Free: 282624K (10%)
#Configuration.check: entity: org.ptolemy.machineLearning.hsmm.HSMMGeneratorGaussianEmissions {.configuration.actor library.MoreLibraries.MachineLearning.HSMM.HSMMGeneratorGaussianEmissions} 119890 ms. Memory: 2966528K Free: 280576K (9%)
#Configuration.check: entity: org.ptolemy.machineLearning.hsmm.HSMMGeneratorMultinomialEmissions {.configuration.actor library.MoreLibraries.MachineLearning.HSMM.HSMMGeneratorMultinomialEmissions} 119892 ms. Memory: 2966528K Free: 279552K (9%)
#Configuration.check: entity: org.ptolemy.machineLearning.hsmm.HSMMTimeAwareGenerator {.configuration.actor library.MoreLibraries.MachineLearning.HSMM.HSMMTimeAwareGenerator} 119894 ms. Memory: 2966528K Free: 279007K (9%)
#Configuration.check: entity: org.ptolemy.ssm.GaussianMeasurementModel {.configuration.actor library.MoreLibraries.MachineLearning.StateSpaceModel.GaussianMeasurementModel} 119901 ms. Memory: 2966528K Free: 276480K (9%)
#Configuration.check: entity: org.ptolemy.ssm.Map {.configuration.actor library.MoreLibraries.MachineLearning.StateSpaceModel.Map} 119903 ms. Memory: 2966528K Free: 275966K (9%)
#Configuration.check: entity: org.ptolemy.ssm.StateSpaceModel {.configuration.actor library.MoreLibraries.MachineLearning.StateSpaceModel.StateSpaceModel} 119905 ms. Memory: 2966528K Free: 275456K (9%)
#Configuration.check: entity: ptolemy.actor.lib.mail.SendMail {.configuration.actor library.MoreLibraries.Mail.SendMail} 119907 ms. Memory: 2966528K Free: 274432K (9%)
#Configuration.check: entity: ptolemy.actor.lib.mbed.Accelerometer {.configuration.actor library.MoreLibraries.Mbed.Accelerometer} 119909 ms. Memory: 2966528K Free: 273903K (9%)
#Configuration.check: entity: ptolemy.actor.lib.mbed.CC3000Control {.configuration.actor library.MoreLibraries.Mbed.CC3000Control} 119910 ms. Memory: 2966528K Free: 273408K (9%)
#Configuration.check: entity: ptolemy.actor.lib.mbed.CC3000Module {.configuration.actor library.MoreLibraries.Mbed.CC3000Module} 119911 ms. Memory: 2966528K Free: 272894K (9%)
#Configuration.check: entity: ptolemy.actor.lib.mbed.GestureRecognition {.configuration.actor library.MoreLibraries.Mbed.GestureRecognition} 119912 ms. Memory: 2966528K Free: 272894K (9%)
#Configuration.check: entity: ptolemy.actor.lib.mbed.GPIOWriter {.configuration.actor library.MoreLibraries.Mbed.GPIOWriter} 119912 ms. Memory: 2966528K Free: 272894K (9%)
#Configuration.check: entity: ptolemy.actor.lib.mbed.HSBtoRGB {.configuration.actor library.MoreLibraries.Mbed.HSBtoRGB} 119913 ms. Memory: 2966528K Free: 272384K (9%)
#Configuration.check: entity: ptolemy.actor.lib.mbed.LEDCubeUpdate {.configuration.actor library.MoreLibraries.Mbed.LEDCubeUpdate} 119913 ms. Memory: 2966528K Free: 272384K (9%)
#Configuration.check: entity: ptolemy.actor.lib.mbed.NeoPixelLEDStrip {.configuration.actor library.MoreLibraries.Mbed.NeoPixelLEDStrip} 119914 ms. Memory: 2966528K Free: 271870K (9%)
#Configuration.check: entity: ptolemy.actor.lib.mbed.PacketToSensorData {.configuration.actor library.MoreLibraries.Mbed.PacketToSensorData} 119916 ms. Memory: 2966528K Free: 271870K (9%)
#Configuration.check: entity: ptolemy.actor.lib.mbed.SensorDataCalibration {.configuration.actor library.MoreLibraries.Mbed.SensorDataCalibration} 119916 ms. Memory: 2966528K Free: 271360K (9%)
#Configuration.check: entity: org.ptolemy.osc.OscReceiver {.configuration.actor library.MoreLibraries.OpenSoundControl.OscReceiver} 119917 ms. Memory: 2966528K Free: 270846K (9%)
#Configuration.check: entity: org.ptolemy.osc.OscSender {.configuration.actor library.MoreLibraries.OpenSoundControl.OscSender} 119918 ms. Memory: 2966528K Free: 270846K (9%)
#Configuration.check: entity: ptolemy.domains.petrinet.kernel.Place {.configuration.actor library.MoreLibraries.PetriNet.Place} 119919 ms. Memory: 2966528K Free: 270336K (9%)
#Configuration.check: entity: ptolemy.domains.ontologies.lib.UnitsConverter {.configuration.actor library.MoreLibraries.Ontologies.UnitsConverter} 119919 ms. Memory: 2966528K Free: 270336K (9%)
#Configuration.check: entity: ptolemy.actor.lib.python.PythonScript {.configuration.actor library.MoreLibraries.Python.PythonActor} 119919 ms. Memory: 2966528K Free: 270336K (9%)
#Configuration.check: entity: ptolemy.actor.lib.python.PythonScript {.configuration.actor library.MoreLibraries.Python.PythonScript} 119920 ms. Memory: 2966528K Free: 270336K (9%)
#Configuration.check: entity: ptolemy.actor.lib.Clock {.configuration.actor library.MoreLibraries.QuantizedState.PeriodicSampler.DiscreteClock} 119920 ms. Memory: 2966528K Free: 270336K (9%)
#Configuration.check: entity: ptolemy.actor.lib.Sampler {.configuration.actor library.MoreLibraries.QuantizedState.PeriodicSampler.Sampler} 119921 ms. Memory: 2966528K Free: 269312K (9%)
#Configuration.check: entity: ptolemy.domains.qss.kernel.QSSIntegrator {.configuration.actor library.MoreLibraries.QuantizedState.QSSIntegrator} 119921 ms. Memory: 2966528K Free: 269312K (9%)
#Configuration.check: entity: ptolemy.domains.qss.lib.SmoothSignal {.configuration.actor library.MoreLibraries.QuantizedState.SmoothSignal} 119922 ms. Memory: 2966528K Free: 268783K (9%)
#Configuration.check: entity: ptolemy.actor.lib.conversions.SmoothToDouble {.configuration.actor library.MoreLibraries.QuantizedState.SmoothToDouble} 119923 ms. Memory: 2966528K Free: 268783K (9%)
#Configuration.check: entity: ptolemy.domains.qss.lib.SmoothZeroCrossingDetector {.configuration.actor library.MoreLibraries.QuantizedState.SmoothZeroCrossingDetector} 119923 ms. Memory: 2966528K Free: 268783K (9%)
#Configuration.check: entity: ptolemy.actor.lib.r.RExpression {.configuration.actor library.MoreLibraries.R.RExpression} 119924 ms. Memory: 2966528K Free: 268288K (9%)
#Configuration.check: entity: ptolemy.actor.lib.r.RExpression2 {.configuration.actor library.MoreLibraries.R.RExpression2} 119924 ms. Memory: 2966528K Free: 268288K (9%)
#Configuration.check: entity: ptolemy.actor.lib.GetCausalityInterface {.configuration.actor library.MoreLibraries.RegressionTest.GetCausalityInterface} 119925 ms. Memory: 2966528K Free: 267759K (9%)
#Configuration.check: entity: ptolemy.actor.lib.CurrentMicrostep {.configuration.actor library.MoreLibraries.RegressionTest.CurrentMicrostep} 119925 ms. Memory: 2966528K Free: 267759K (9%)
#Configuration.check: entity: ptolemy.actor.lib.NonStrictTest {.configuration.actor library.MoreLibraries.RegressionTest.NonStrictTest} 119925 ms. Memory: 2966528K Free: 267759K (9%)
#Configuration.check: entity: ptolemy.actor.lib.Test {.configuration.actor library.MoreLibraries.RegressionTest.Test} 119925 ms. Memory: 2966528K Free: 267264K (9%)
#Configuration.check: entity: ptolemy.domains.de.lib.TestActorPortDepth {.configuration.actor library.MoreLibraries.RegressionTest.TestActorPortDepth} 119926 ms. Memory: 2966528K Free: 266735K (9%)
#Configuration.check: entity: ptolemy.actor.lib.TypeTest {.configuration.actor library.MoreLibraries.RegressionTest.TypeTest} 119926 ms. Memory: 2966528K Free: 266735K (9%)
#Configuration.check: entity: ptolemy.actor.lib.security.KeyWriter {.configuration.actor library.MoreLibraries.Security.KeyWriter} 119926 ms. Memory: 2966528K Free: 266735K (9%)
#Configuration.check: entity: ptolemy.actor.lib.security.PublicKeyReader {.configuration.actor library.MoreLibraries.Security.PublicKeyReader} 119927 ms. Memory: 2966528K Free: 266240K (9%)
#Configuration.check: entity: ptolemy.actor.lib.security.PrivateKeyReader {.configuration.actor library.MoreLibraries.Security.PrivateKeyReader} 119928 ms. Memory: 2966528K Free: 265726K (9%)
#Configuration.check: entity: ptolemy.actor.lib.security.SecretKey {.configuration.actor library.MoreLibraries.Security.SecretKey} 119930 ms. Memory: 2966528K Free: 265216K (9%)
#Configuration.check: entity: ptolemy.actor.lib.security.SecretKeyReader {.configuration.actor library.MoreLibraries.Security.SecretKeyReader} 119930 ms. Memory: 2966528K Free: 264702K (9%)
#Configuration.check: entity: ptolemy.actor.lib.security.SignatureSigner {.configuration.actor library.MoreLibraries.Security.SignatureSigner} 119931 ms. Memory: 2966528K Free: 264192K (9%)
#Configuration.check: entity: ptolemy.actor.lib.security.SignatureVerifier {.configuration.actor library.MoreLibraries.Security.SignatureVerifier} 119931 ms. Memory: 2966528K Free: 263663K (9%)
#Configuration.check: entity: ptolemy.actor.lib.security.SymmetricDecryption {.configuration.actor library.MoreLibraries.Security.SymmetricDecryption} 119931 ms. Memory: 2966528K Free: 263663K (9%)
#Configuration.check: entity: ptolemy.actor.lib.security.SymmetricEncryption {.configuration.actor library.MoreLibraries.Security.SymmetricEncryption} 119932 ms. Memory: 2966528K Free: 263663K (9%)
#Configuration.check: entity: ptolemy.actor.lib.security.SymmetricCrypto {.configuration.actor library.MoreLibraries.Security.SymmetricCrypto} 119932 ms. Memory: 2966528K Free: 263168K (9%)
#Configuration.check: entity: ptolemy.domains.wireless.lib.CollisionDetector {.configuration.actor library.MoreLibraries.Wireless.WirelessActors.CollisionDetector} 119933 ms. Memory: 2966528K Free: 262654K (9%)
#Configuration.check: entity: ptolemy.domains.wireless.lib.GetProperties {.configuration.actor library.MoreLibraries.Wireless.WirelessActors.GetProperties} 119934 ms. Memory: 2966528K Free: 262654K (9%)
#Configuration.check: entity: ptolemy.domains.wireless.lib.GraphicalLocator {.configuration.actor library.MoreLibraries.Wireless.WirelessActors.GraphicalLocator} 119934 ms. Memory: 2966528K Free: 262654K (9%)
#Configuration.check: entity: ptolemy.domains.wireless.lib.Locator {.configuration.actor library.MoreLibraries.Wireless.WirelessActors.Locator} 119935 ms. Memory: 2966528K Free: 262144K (9%)
#Configuration.check: entity: ptolemy.domains.wireless.lib.NodeRandomizer {.configuration.actor library.MoreLibraries.Wireless.WirelessActors.NodeRandomizer} 119936 ms. Memory: 2966528K Free: 261630K (9%)
#Configuration.check: entity: ptolemy.domains.wireless.lib.TerrainProperty {.configuration.actor library.MoreLibraries.Wireless.WirelessActors.TerrainProperty} 119937 ms. Memory: 2966528K Free: 261120K (9%)
#Configuration.check: entity: ptolemy.domains.wireless.lib.LinkVisualizer {.configuration.actor library.MoreLibraries.Wireless.WirelessActors.LinkVisualizer} 119937 ms. Memory: 2966528K Free: 261120K (9%)
#Configuration.check: entity: ptolemy.domains.wireless.lib.Triangulator {.configuration.actor library.MoreLibraries.Wireless.WirelessActors.Triangulator} 119938 ms. Memory: 2966528K Free: 260606K (9%)
#Configuration.check: entity: ptolemy.domains.wireless.lib.WiredToWireless {.configuration.actor library.MoreLibraries.Wireless.WirelessActors.WiredToWireless} 119939 ms. Memory: 2966528K Free: 260606K (9%)
#Configuration.check: entity: ptolemy.domains.wireless.lib.WirelessToWired {.configuration.actor library.MoreLibraries.Wireless.WirelessActors.WirelessToWired} 119939 ms. Memory: 2966528K Free: 260096K (9%)
#Configuration.check: entity: ptolemy.domains.wireless.kernel.AtomicWirelessChannel {.configuration.actor library.MoreLibraries.Wireless.WirelessChannels.AtomicWirelessChannel} 119940 ms. Memory: 2966528K Free: 260096K (9%)
#Configuration.check: entity: ptolemy.domains.wireless.lib.DelayChannel {.configuration.actor library.MoreLibraries.Wireless.WirelessChannels.DelayChannel} 119940 ms. Memory: 2966528K Free: 260096K (9%)
#Configuration.check: entity: ptolemy.domains.wireless.lib.LimitedRangeChannel {.configuration.actor library.MoreLibraries.Wireless.WirelessChannels.LimitedRangeChannel} 119941 ms. Memory: 2966528K Free: 259567K (9%)
#Configuration.check: entity: ptolemy.domains.wireless.lib.ErasureChannel {.configuration.actor library.MoreLibraries.Wireless.WirelessChannels.ErasureChannel} 119942 ms. Memory: 2966528K Free: 259072K (9%)
#Configuration.check: entity: ptolemy.domains.wireless.lib.PowerLossChannel {.configuration.actor library.MoreLibraries.Wireless.WirelessChannels.PowerLossChannel} 119942 ms. Memory: 2966528K Free: 259072K (9%)
#Configuration.check: entity: ptolemy.actor.lib.conversions.StringToXML {.configuration.actor library.MoreLibraries.XML.StringToXML} 119943 ms. Memory: 2966528K Free: 258543K (9%)
#Configuration.check: entity: ptolemy.actor.lib.xslt.XSLTransformer {.configuration.actor library.MoreLibraries.XML.XSLTransformer} 119943 ms. Memory: 2966528K Free: 258543K (9%)
#Configuration.check: entity: ptolemy.actor.lib.xslt.XMLInclusion {.configuration.actor library.MoreLibraries.XML.XMLInclusion} 119944 ms. Memory: 2966528K Free: 258543K (9%)
#Configuration.check: entity: ptolemy.actor.gt.controller.InitModel {.configuration.effigyFactory.Model Transformation.blank._Controller.InitModel} 119944 ms. Memory: 2966528K Free: 258048K (9%)
#Configuration.check: entity: ptolemy.actor.lib.CurrentTime {.configuration.actor library.Actors.Sources.TimedSources.TriggeredSinewave.CurrentTime} 119944 ms. Memory: 2966528K Free: 258048K (9%)
#Configuration.check: entity: ptolemy.actor.lib.Scale {.configuration.actor library.Actors.Sources.TimedSources.TriggeredSinewave.Frequency} 119945 ms. Memory: 2966528K Free: 258048K (9%)
#Configuration.check: entity: ptolemy.actor.lib.TrigFunction {.configuration.actor library.Actors.Sources.TimedSources.TriggeredSinewave.Sin} 119952 ms. Memory: 2966528K Free: 257534K (9%)
#Configuration.check: entity: ptolemy.actor.lib.Const {.configuration.actor library.Actors.Sources.TimedSources.TriggeredSinewave.Phase} 119953 ms. Memory: 2966528K Free: 257534K (9%)
#Configuration.check: entity: ptolemy.actor.lib.AddSubtract {.configuration.actor library.Actors.Sources.TimedSources.TriggeredSinewave.Add} 119953 ms. Memory: 2966528K Free: 257534K (9%)
#Configuration.check: entity: ptolemy.actor.lib.Scale {.configuration.actor library.Actors.Sources.TimedSources.TriggeredSinewave.Magnitude} 119954 ms. Memory: 2966528K Free: 257534K (9%)
#Configuration.check: entity: ptolemy.actor.lib.Ramp {.configuration.actor library.Actors.Sources.SequenceSources.Sinewave.Ramp} 119954 ms. Memory: 2966528K Free: 257024K (9%)
#Configuration.check: entity: ptolemy.actor.lib.TrigFunction {.configuration.actor library.Actors.Sources.SequenceSources.Sinewave.TrigFunction} 119955 ms. Memory: 2966528K Free: 256495K (9%)
#Configuration.check: entity: ptolemy.actor.lib.Const {.configuration.actor library.Actors.Sources.SequenceSources.Sinewave.Const} 119955 ms. Memory: 2966528K Free: 256495K (9%)
#Configuration.check: entity: ptolemy.actor.lib.AddSubtract {.configuration.actor library.Actors.Sources.SequenceSources.Sinewave.AddSubtract} 119956 ms. Memory: 2966528K Free: 256495K (9%)
#Configuration.check: entity: ptolemy.actor.lib.Pulse {.configuration.actor library.Actors.SignalProcessing.Spectrum.MaximumEntropySpectrum.Pulse} 119956 ms. Memory: 2966528K Free: 256495K (9%)
#Configuration.check: entity: ptolemy.actor.lib.MultiplyDivide {.configuration.actor library.Actors.SignalProcessing.Spectrum.MaximumEntropySpectrum.MultiplyDivide} 119966 ms. Memory: 2966528K Free: 255486K (9%)
#Configuration.check: entity: ptolemy.domains.sdf.lib.Autocorrelation {.configuration.actor library.Actors.SignalProcessing.Spectrum.MaximumEntropySpectrum.Autocorrelation} 119966 ms. Memory: 2966528K Free: 255486K (9%)
#Configuration.check: entity: ptolemy.actor.lib.LevinsonDurbin {.configuration.actor library.Actors.SignalProcessing.Spectrum.MaximumEntropySpectrum.LevinsonDurbin} 119967 ms. Memory: 2966528K Free: 254976K (9%)
#Configuration.check: entity: ptolemy.actor.lib.ArrayAppend {.configuration.actor library.Actors.SignalProcessing.Spectrum.MaximumEntropySpectrum.ArrayAppend} 119968 ms. Memory: 2966528K Free: 254976K (9%)
#Configuration.check: entity: ptolemy.domains.sdf.lib.ArrayToSequence {.configuration.actor library.Actors.SignalProcessing.Spectrum.MaximumEntropySpectrum.ArrayToSequence} 119968 ms. Memory: 2966528K Free: 254462K (9%)
#Configuration.check: entity: ptolemy.domains.sdf.lib.FFT {.configuration.actor library.Actors.SignalProcessing.Spectrum.MaximumEntropySpectrum.FFT} 119971 ms. Memory: 2966528K Free: 253952K (9%)
#Configuration.check: entity: ptolemy.actor.lib.AbsoluteValue {.configuration.actor library.Actors.SignalProcessing.Spectrum.MaximumEntropySpectrum.AbsoluteValue} 119973 ms. Memory: 2966528K Free: 252928K (9%)
#Configuration.check: entity: ptolemy.actor.lib.MultiplyDivide {.configuration.actor library.Actors.SignalProcessing.Spectrum.MaximumEntropySpectrum.MultiplyDivide2} 119974 ms. Memory: 2966528K Free: 252928K (9%)
#Configuration.check: entity: ptolemy.actor.lib.DB {.configuration.actor library.Actors.SignalProcessing.Spectrum.MaximumEntropySpectrum.DB} 119974 ms. Memory: 2966528K Free: 252928K (9%)
#Configuration.check: entity: ptolemy.actor.lib.ArrayElement {.configuration.actor library.Actors.SignalProcessing.Spectrum.MaximumEntropySpectrum.ArrayElement} 119991 ms. Memory: 2966528K Free: 252414K (9%)
#Configuration.check: entity: ptolemy.domains.sdf.lib.Repeat {.configuration.actor library.Actors.SignalProcessing.Spectrum.MaximumEntropySpectrum.Repeat} 119993 ms. Memory: 2966528K Free: 251904K (8%)
#Configuration.check: entity: ptolemy.domains.sdf.lib.Chop {.configuration.actor library.Actors.SignalProcessing.Spectrum.MaximumEntropySpectrum.Chop} 120003 ms. Memory: 2966528K Free: 250880K (8%)
#Configuration.check: entity: ptolemy.actor.lib.MathFunction {.configuration.actor library.Actors.SignalProcessing.Spectrum.MaximumEntropySpectrum.MathFunction} 120006 ms. Memory: 2966528K Free: 249856K (8%)
#Configuration.check: entity: ptolemy.actor.lib.Const {.configuration.actor library.Actors.SignalProcessing.Spectrum.MaximumEntropySpectrum.Const} 120006 ms. Memory: 2966528K Free: 249856K (8%)
#Configuration.check: entity: ptolemy.actor.lib.MultiplyDivide {.configuration.actor library.Actors.SignalProcessing.Spectrum.SmoothedPeriodogram.Multiply} 120007 ms. Memory: 2966528K Free: 249856K (8%)
#Configuration.check: entity: ptolemy.domains.sdf.lib.FFT {.configuration.actor library.Actors.SignalProcessing.Spectrum.SmoothedPeriodogram.FFT} 120007 ms. Memory: 2966528K Free: 249856K (8%)
#Configuration.check: entity: ptolemy.actor.lib.DB {.configuration.actor library.Actors.SignalProcessing.Spectrum.SmoothedPeriodogram.DB} 120022 ms. Memory: 2966528K Free: 248832K (8%)
#Configuration.check: entity: ptolemy.actor.lib.AbsoluteValue {.configuration.actor library.Actors.SignalProcessing.Spectrum.SmoothedPeriodogram.AbsoluteValue0} 120023 ms. Memory: 2966528K Free: 248832K (8%)
#Configuration.check: entity: ptolemy.domains.sdf.lib.Autocorrelation {.configuration.actor library.Actors.SignalProcessing.Spectrum.SmoothedPeriodogram.Autocorrelation} 120023 ms. Memory: 2966528K Free: 248318K (8%)
#Configuration.check: entity: ptolemy.domains.sdf.lib.Chop {.configuration.actor library.Actors.SignalProcessing.Spectrum.SmoothedPeriodogram.Chop} 120025 ms. Memory: 2966528K Free: 247808K (8%)
#Configuration.check: entity: ptolemy.domains.sdf.lib.ArrayToSequence {.configuration.actor library.Actors.SignalProcessing.Spectrum.SmoothedPeriodogram.ArrayToSequence} 120034 ms. Memory: 2966528K Free: 247287K (8%)
#Configuration.check: entity: ptolemy.actor.lib.Sequence {.configuration.actor library.Actors.SignalProcessing.Spectrum.SmoothedPeriodogram.Sequence} 120036 ms. Memory: 2966528K Free: 246263K (8%)
#Configuration.check: entity: ptolemy.actor.lib.MultiplyDivide {.configuration.actor library.Actors.SignalProcessing.Spectrum.Spectrum.Multiply} 120037 ms. Memory: 2966528K Free: 245760K (8%)
#Configuration.check: entity: ptolemy.domains.sdf.lib.FFT {.configuration.actor library.Actors.SignalProcessing.Spectrum.Spectrum.FFT} 120037 ms. Memory: 2966528K Free: 245760K (8%)
#Configuration.check: entity: ptolemy.actor.lib.DB {.configuration.actor library.Actors.SignalProcessing.Spectrum.Spectrum.DB} 120039 ms. Memory: 2966528K Free: 245246K (8%)
#Configuration.check: entity: ptolemy.actor.lib.AbsoluteValue {.configuration.actor library.Actors.SignalProcessing.Spectrum.Spectrum.AbsoluteValue0} 120043 ms. Memory: 2966528K Free: 244736K (8%)
#Configuration.check: entity: ptolemy.actor.lib.Scale {.configuration.actor library.Actors.SignalProcessing.Spectrum.Spectrum.Scale} 120044 ms. Memory: 2966528K Free: 244736K (8%)
#Configuration.check: entity: ptolemy.actor.lib.Sequence {.configuration.actor library.Actors.SignalProcessing.Spectrum.Spectrum.Sequence} 120045 ms. Memory: 2966528K Free: 244736K (8%)
#Configuration.check: entity: ptolemy.actor.lib.CurrentTime {.configuration.actor library.Actors.DomainSpecific.Continuous.Signal Generators.ContinuousSinewave.CurrentTime} 120045 ms. Memory: 2966528K Free: 244222K (8%)
#Configuration.check: entity: ptolemy.actor.lib.Scale {.configuration.actor library.Actors.DomainSpecific.Continuous.Signal Generators.ContinuousSinewave.Frequency} 120046 ms. Memory: 2966528K Free: 244222K (8%)
#Configuration.check: entity: ptolemy.actor.lib.TrigFunction {.configuration.actor library.Actors.DomainSpecific.Continuous.Signal Generators.ContinuousSinewave.Sin} 120046 ms. Memory: 2966528K Free: 243712K (8%)
#Configuration.check: entity: ptolemy.actor.lib.Const {.configuration.actor library.Actors.DomainSpecific.Continuous.Signal Generators.ContinuousSinewave.Phase} 120047 ms. Memory: 2966528K Free: 243712K (8%)
#Configuration.check: entity: ptolemy.actor.lib.AddSubtract {.configuration.actor library.Actors.DomainSpecific.Continuous.Signal Generators.ContinuousSinewave.Add} 120047 ms. Memory: 2966528K Free: 243198K (8%)
#Configuration.check: entity: ptolemy.actor.lib.Scale {.configuration.actor library.Actors.DomainSpecific.Continuous.Signal Generators.ContinuousSinewave.Magnitude} 120047 ms. Memory: 2966528K Free: 243198K (8%)
#Configuration.check: entity: ptolemy.domains.continuous.lib.ZeroOrderHold {.configuration.actor library.Actors.DomainSpecific.Continuous.Signal Generators.PWM.ZeroOrderHold} 120048 ms. Memory: 2966528K Free: 243198K (8%)
#Configuration.check: entity: ptolemy.domains.modal.kernel.State {.configuration.actor library.Actors.DomainSpecific.Continuous.Signal Generators.PWM.Controller._Controller.on} 120048 ms. Memory: 2966528K Free: 243198K (8%)
#Configuration.check: entity: ptolemy.domains.modal.kernel.State {.configuration.actor library.Actors.DomainSpecific.Continuous.Signal Generators.PWM.Controller._Controller.off} 120048 ms. Memory: 2966528K Free: 243198K (8%)
#Configuration.check: entity: ptolemy.domains.modal.kernel.State {.configuration.actor library.Actors.DomainSpecific.Continuous.Signal Generators.PWM.Controller._Controller.start} 120048 ms. Memory: 2966528K Free: 243198K (8%)
#Configuration.check: entity: ptolemy.actor.lib.gui.SequencePlotter {.configuration.actor library.Actors.DomainSpecific.Continuous.Random.ContinuousSpectrum.Frequency Domain Display} 120048 ms. Memory: 2966528K Free: 243198K (8%)
#Configuration.check: entity: ptolemy.actor.lib.MultiplyDivide {.configuration.actor library.Actors.DomainSpecific.Continuous.Random.ContinuousSpectrum.Periodogram.Multiply} 120049 ms. Memory: 2966528K Free: 242688K (8%)
#Configuration.check: entity: ptolemy.actor.lib.Pulse {.configuration.actor library.Actors.DomainSpecific.Continuous.Random.ContinuousSpectrum.Periodogram.Waveform} 120049 ms. Memory: 2966528K Free: 242174K (8%)
#Configuration.check: entity: ptolemy.domains.sdf.lib.FFT {.configuration.actor library.Actors.DomainSpecific.Continuous.Random.ContinuousSpectrum.Periodogram.FFT} 120053 ms. Memory: 2966528K Free: 241664K (8%)
#Configuration.check: entity: ptolemy.actor.lib.DB {.configuration.actor library.Actors.DomainSpecific.Continuous.Random.ContinuousSpectrum.Periodogram.DB} 120055 ms. Memory: 2966528K Free: 240640K (8%)
#Configuration.check: entity: ptolemy.actor.lib.AbsoluteValue {.configuration.actor library.Actors.DomainSpecific.Continuous.Random.ContinuousSpectrum.Periodogram.AbsoluteValue0} 120056 ms. Memory: 2966528K Free: 240640K (8%)
#Configuration.check: entity: ptolemy.actor.lib.Scale {.configuration.actor library.Actors.DomainSpecific.Continuous.Random.ContinuousSpectrum.Periodogram.Scale} 120056 ms. Memory: 2966528K Free: 240126K (8%)
#Configuration.check: entity: ptolemy.actor.lib.aspect.CommunicationRequestPort {.configuration.actor library.MoreLibraries.Aspects.CompositeCommunicationAspect.CommunicationRequestPort} 120057 ms. Memory: 2966528K Free: 240126K (8%)
#Configuration.check: entity: ptolemy.actor.lib.aspect.CommunicationResponsePort {.configuration.actor library.MoreLibraries.Aspects.CompositeCommunicationAspect.CommunicationResponsePort} 120058 ms. Memory: 2966528K Free: 239616K (8%)
#Configuration.check: entity: ptolemy.actor.lib.aspect.ExecutionRequestPort {.configuration.actor library.MoreLibraries.Aspects.CompositeExecutionAspect.ExecutionRequestPort} 120059 ms. Memory: 2966528K Free: 239102K (8%)
#Configuration.check: entity: ptolemy.actor.lib.aspect.ExecutionResponsePort {.configuration.actor library.MoreLibraries.Aspects.CompositeExecutionAspect.ExecutionResponsePort} 120060 ms. Memory: 2966528K Free: 239102K (8%)
#Configuration.check: entity: ptolemy.actor.gt.controller.InitModelWithContainer {.configuration.actor library.MoreLibraries.GraphTransformation.ModelUpdater._Controller.InitModelWithContainer} 120061 ms. Memory: 2966528K Free: 238592K (8%)
#Configuration.check: entity: ptolemy.actor.gt.controller.InitModel {.configuration.actor library.MoreLibraries.GraphTransformation.TransformationController._Controller.InitModel} 120061 ms. Memory: 2966528K Free: 238592K (8%)
#Configuration.check: entity: ptolemy.actor.gt.controller.InputModel {.configuration.actor library.MoreLibraries.GraphTransformation.TransformationController._Controller.InputModel} 120061 ms. Memory: 2966528K Free: 238592K (8%)
#Configuration.check: entity: ptolemy.actor.gt.controller.OutputModel {.configuration.actor library.MoreLibraries.GraphTransformation.TransformationController._Controller.OutputModel} 120061 ms. Memory: 2966528K Free: 238592K (8%)
#Configuration.check: entity: ptolemy.actor.lib.Expression {.configuration.actor library.MoreLibraries.MachineLearning.ParticleFilter.CollaborativeRangeParticleFilter.x_update} 120061 ms. Memory: 2966528K Free: 238592K (8%)
#Configuration.check: entity: ptolemy.actor.lib.Expression {.configuration.actor library.MoreLibraries.MachineLearning.ParticleFilter.CollaborativeRangeParticleFilter.y_update} 120062 ms. Memory: 2966528K Free: 238592K (8%)
#Configuration.check: entity: ptolemy.actor.lib.Expression {.configuration.actor library.MoreLibraries.MachineLearning.ParticleFilter.CollaborativeRangeParticleFilter.range0_m_equation} 120062 ms. Memory: 2966528K Free: 238071K (8%)
#Configuration.check: entity: ptolemy.actor.lib.Expression {.configuration.actor library.MoreLibraries.MachineLearning.ParticleFilter.CollaborativeRangeParticleFilter.range0_m_covariance} 120075 ms. Memory: 2966528K Free: 238071K (8%)
#Configuration.check: entity: ptolemy.actor.lib.SetVariable {.configuration.actor library.MoreLibraries.MachineLearning.ParticleFilter.CollaborativeRangeParticleFilter.setrange0_m} 120075 ms. Memory: 2966528K Free: 238071K (8%)
#Configuration.check: entity: ptolemy.actor.lib.Expression {.configuration.actor library.MoreLibraries.MachineLearning.ParticleFilter.CollaborativeRangeParticleFilter.range1_m_equation} 120076 ms. Memory: 2966528K Free: 237568K (8%)
#Configuration.check: entity: ptolemy.actor.lib.Expression {.configuration.actor library.MoreLibraries.MachineLearning.ParticleFilter.CollaborativeRangeParticleFilter.range1_m_covariance} 120077 ms. Memory: 2966528K Free: 237568K (8%)
#Configuration.check: entity: ptolemy.actor.lib.SetVariable {.configuration.actor library.MoreLibraries.MachineLearning.ParticleFilter.CollaborativeRangeParticleFilter.setrange1_m} 120077 ms. Memory: 2966528K Free: 237568K (8%)
#Configuration.check: entity: ptolemy.actor.lib.Expression {.configuration.actor library.MoreLibraries.MachineLearning.ParticleFilter.CollaborativeRangeParticleFilter.range2_m_equation} 120077 ms. Memory: 2966528K Free: 237054K (8%)
#Configuration.check: entity: ptolemy.actor.lib.Expression {.configuration.actor library.MoreLibraries.MachineLearning.ParticleFilter.CollaborativeRangeParticleFilter.range2_m_covariance} 120078 ms. Memory: 2966528K Free: 237054K (8%)
#Configuration.check: entity: ptolemy.actor.lib.SetVariable {.configuration.actor library.MoreLibraries.MachineLearning.ParticleFilter.CollaborativeRangeParticleFilter.setrange2_m} 120078 ms. Memory: 2966528K Free: 237054K (8%)
#Configuration.check: entity: ptolemy.actor.lib.Expression {.configuration.actor library.MoreLibraries.MachineLearning.ParticleFilter.CollaborativeRangeParticleFilter.range3_m_equation} 120079 ms. Memory: 2966528K Free: 236544K (8%)
#Configuration.check: entity: ptolemy.actor.lib.Expression {.configuration.actor library.MoreLibraries.MachineLearning.ParticleFilter.CollaborativeRangeParticleFilter.range3_m_covariance} 120080 ms. Memory: 2966528K Free: 236544K (8%)
#Configuration.check: entity: ptolemy.actor.lib.SetVariable {.configuration.actor library.MoreLibraries.MachineLearning.ParticleFilter.CollaborativeRangeParticleFilter.setrange3_m} 120080 ms. Memory: 2966528K Free: 236544K (8%)
#Configuration.check: entity: ptolemy.actor.lib.AddSubtract {.configuration.actor library.MoreLibraries.Optimization.TrajectoryOptimizer.OptimizerComposite.AddSubtract} 120080 ms. Memory: 2966528K Free: 236544K (8%)
#Configuration.check: entity: ptolemy.actor.lib.Expression {.configuration.actor library.MoreLibraries.Optimization.TrajectoryOptimizer.OptimizerComposite.Constraints} 120081 ms. Memory: 2966528K Free: 236030K (8%)
#Configuration.check: entity: ptolemy.actor.lib.Expression {.configuration.actor library.MoreLibraries.Optimization.TrajectoryOptimizer.OptimizerComposite.CostFunction} 120081 ms. Memory: 2966528K Free: 236030K (8%)
#1598976802518 ms. Memory: 2966528K Free: 235518K (8%)
Setting containers of atomic entities to null
checkFullConstraints.tcl done!
09/01/20 04:13:22
Failed: 0  Total Tests: 1  ((Passed: 1, Newly Passed: 0)  Known Failed: 0) /home/travis/build/icyphy/ptII/ptolemy/configs/test/constraints/test
No auto/knownFailedTests/*.xml tests in /home/travis/build/icyphy/ptII/ptolemy/configs/test/constraints/test
No auto/linux-amd64/*.xml tests in /home/travis/build/icyphy/ptII/ptolemy/configs/test/constraints/test
AutoTests.java: About to close Vertx.
AutoTests.java: Vertx closed.
No auto/*.xml tests in /home/travis/build/icyphy/ptII/ptolemy/configs/test/constraints/test
AutoTests.java: About to close Vertx.
AutoTests.java: Vertx closed.
]]></system-out>
  <system-err><![CDATA[Warning: Nashorn engine is planned to be removed from a future JDK release
Warning: Nashorn engine is planned to be removed from a future JDK release
Warning: Nashorn engine is planned to be removed from a future JDK release
Warning: Nashorn engine is planned to be removed from a future JDK release
Warning: Nashorn engine is planned to be removed from a future JDK release
Warning: Nashorn engine is planned to be removed from a future JDK release
Warning: Nashorn engine is planned to be removed from a future JDK release
Warning: Nashorn engine is planned to be removed from a future JDK release
Warning: Nashorn engine is planned to be removed from a future JDK release
Warning: Nashorn engine is planned to be removed from a future JDK release
Warning: Nashorn engine is planned to be removed from a future JDK release
Warning: Nashorn engine is planned to be removed from a future JDK release
Warning: Nashorn engine is planned to be removed from a future JDK release
Warning: Nashorn engine is planned to be removed from a future JDK release
Warning: Nashorn engine is planned to be removed from a future JDK release
Warning: Nashorn engine is planned to be removed from a future JDK release
Loaded /home/travis/build/icyphy/ptII/vendors/javafx/javafx-sdk-11.0.2/lib/./libprism_es2.so from relative path
Failed Graphics Hardware Qualifier check.
System GPU doesn't meet the es2 pipe requirement
GraphicsPipeline.createPipeline: error initializing pipeline com.sun.prism.es2.ES2Pipeline
*** Fallback to Prism SW pipeline
Loaded /home/travis/build/icyphy/ptII/vendors/javafx/javafx-sdk-11.0.2/lib/./libprism_sw.so from relative path
JavaFX: using com.sun.javafx.tk.quantum.QuantumToolkit
Loaded /home/travis/build/icyphy/ptII/vendors/javafx/javafx-sdk-11.0.2/lib/./libglass.so from relative path
Loaded /home/travis/build/icyphy/ptII/vendors/javafx/javafx-sdk-11.0.2/lib/./libglassgtk3.so from relative path
 vsync: true vpipe: false
Warning: Nashorn engine is planned to be removed from a future JDK release
Warning: Nashorn engine is planned to be removed from a future JDK release
Warning: Nashorn engine is planned to be removed from a future JDK release
Warning: Nashorn engine is planned to be removed from a future JDK release
Warning: Nashorn engine is planned to be removed from a future JDK release
Warning: Nashorn engine is planned to be removed from a future JDK release
Warning: Nashorn engine is planned to be removed from a future JDK release
Warning: Nashorn engine is planned to be removed from a future JDK release
Warning: Nashorn engine is planned to be removed from a future JDK release
[main] INFO com.github.sarxos.webcam.Webcam - WebcamDefaultDriver capture driver will be used
Warning: Nashorn engine is planned to be removed from a future JDK release
Warning: Nashorn engine is planned to be removed from a future JDK release
Warning: Nashorn engine is planned to be removed from a future JDK release
Warning: Nashorn engine is planned to be removed from a future JDK release
Warning: Nashorn engine is planned to be removed from a future JDK release
Warning: Nashorn engine is planned to be removed from a future JDK release
Warning: Nashorn engine is planned to be removed from a future JDK release
Warning: Nashorn engine is planned to be removed from a future JDK release
Warning: Nashorn engine is planned to be removed from a future JDK release
Warning: Nashorn engine is planned to be removed from a future JDK release
Warning: Nashorn engine is planned to be removed from a future JDK release
Warning: Nashorn engine is planned to be removed from a future JDK release
Warning: Nashorn engine is planned to be removed from a future JDK release
Warning: Nashorn engine is planned to be removed from a future JDK release
Warning: Nashorn engine is planned to be removed from a future JDK release
Warning: Nashorn engine is planned to be removed from a future JDK release
Warning: Nashorn engine is planned to be removed from a future JDK release
Warning: Nashorn engine is planned to be removed from a future JDK release
Warning: Nashorn engine is planned to be removed from a future JDK release
Warning: Nashorn engine is planned to be removed from a future JDK release
Warning: Nashorn engine is planned to be removed from a future JDK release
Warning: Nashorn engine is planned to be removed from a future JDK release
Warning: Nashorn engine is planned to be removed from a future JDK release
Warning: Nashorn engine is planned to be removed from a future JDK release
Warning: Nashorn engine is planned to be removed from a future JDK release
Warning: Nashorn engine is planned to be removed from a future JDK release
Warning: Nashorn engine is planned to be removed from a future JDK release
Warning: Nashorn engine is planned to be removed from a future JDK release
Warning: Nashorn engine is planned to be removed from a future JDK release
Warning: Nashorn engine is planned to be removed from a future JDK release
Warning: Nashorn engine is planned to be removed from a future JDK release
Warning: Nashorn engine is planned to be removed from a future JDK release
Warning: Nashorn engine is planned to be removed from a future JDK release
Warning: Nashorn engine is planned to be removed from a future JDK release
Warning: Nashorn engine is planned to be removed from a future JDK release
Warning: Nashorn engine is planned to be removed from a future JDK release
Warning: Nashorn engine is planned to be removed from a future JDK release
Warning: Nashorn engine is planned to be removed from a future JDK release
Warning: Nashorn engine is planned to be removed from a future JDK release
Warning: Nashorn engine is planned to be removed from a future JDK release
Warning: Nashorn engine is planned to be removed from a future JDK release
Warning: Nashorn engine is planned to be removed from a future JDK release
Warning: Nashorn engine is planned to be removed from a future JDK release
Warning: Nashorn engine is planned to be removed from a future JDK release
Warning: Nashorn engine is planned to be removed from a future JDK release
Warning: Nashorn engine is planned to be removed from a future JDK release
Warning: Nashorn engine is planned to be removed from a future JDK release
Warning: Nashorn engine is planned to be removed from a future JDK release
Warning: Nashorn engine is planned to be removed from a future JDK release
Warning: Nashorn engine is planned to be removed from a future JDK release
Warning: Nashorn engine is planned to be removed from a future JDK release
Warning: Nashorn engine is planned to be removed from a future JDK release
Warning: Nashorn engine is planned to be removed from a future JDK release
Warning: Nashorn engine is planned to be removed from a future JDK release
Warning: Nashorn engine is planned to be removed from a future JDK release
Warning: Nashorn engine is planned to be removed from a future JDK release
Warning: Nashorn engine is planned to be removed from a future JDK release
Warning: Nashorn engine is planned to be removed from a future JDK release
Warning: Nashorn engine is planned to be removed from a future JDK release
Warning: Nashorn engine is planned to be removed from a future JDK release
Warning: Nashorn engine is planned to be removed from a future JDK release
Warning: Nashorn engine is planned to be removed from a future JDK release
Warning: Nashorn engine is planned to be removed from a future JDK release
Warning: Nashorn engine is planned to be removed from a future JDK release
Warning: Nashorn engine is planned to be removed from a future JDK release
Warning: Nashorn engine is planned to be removed from a future JDK release
Warning: Nashorn engine is planned to be removed from a future JDK release
Warning: Nashorn engine is planned to be removed from a future JDK release
Warning: Nashorn engine is planned to be removed from a future JDK release
Warning: Nashorn engine is planned to be removed from a future JDK release
Warning: Nashorn engine is planned to be removed from a future JDK release
Warning: Nashorn engine is planned to be removed from a future JDK release
Warning: Nashorn engine is planned to be removed from a future JDK release
Warning: Nashorn engine is planned to be removed from a future JDK release
Warning: Nashorn engine is planned to be removed from a future JDK release
Warning: Nashorn engine is planned to be removed from a future JDK release
Warning: Nashorn engine is planned to be removed from a future JDK release
Warning: Nashorn engine is planned to be removed from a future JDK release
Warning: Nashorn engine is planned to be removed from a future JDK release
Warning: Nashorn engine is planned to be removed from a future JDK release
Warning: Nashorn engine is planned to be removed from a future JDK release
Warning: Nashorn engine is planned to be removed from a future JDK release
Warning: Nashorn engine is planned to be removed from a future JDK release
Warning: Nashorn engine is planned to be removed from a future JDK release
Warning: Nashorn engine is planned to be removed from a future JDK release
Warning: Nashorn engine is planned to be removed from a future JDK release
Warning: Nashorn engine is planned to be removed from a future JDK release
Warning: Nashorn engine is planned to be removed from a future JDK release
Warning: Nashorn engine is planned to be removed from a future JDK release
Warning: Nashorn engine is planned to be removed from a future JDK release
Warning: Nashorn engine is planned to be removed from a future JDK release
Warning: Nashorn engine is planned to be removed from a future JDK release
Warning: Nashorn engine is planned to be removed from a future JDK release
Warning: Nashorn engine is planned to be removed from a future JDK release
Warning: Nashorn engine is planned to be removed from a future JDK release
Warning: Nashorn engine is planned to be removed from a future JDK release
Warning: Nashorn engine is planned to be removed from a future JDK release
Warning: Nashorn engine is planned to be removed from a future JDK release
Warning: Nashorn engine is planned to be removed from a future JDK release
Warning: Nashorn engine is planned to be removed from a future JDK release
Warning: Nashorn engine is planned to be removed from a future JDK release
Warning: Nashorn engine is planned to be removed from a future JDK release
Warning: Nashorn engine is planned to be removed from a future JDK release
Warning: Nashorn engine is planned to be removed from a future JDK release
Warning: Nashorn engine is planned to be removed from a future JDK release
Warning: Nashorn engine is planned to be removed from a future JDK release
Warning: Nashorn engine is planned to be removed from a future JDK release
Warning: Nashorn engine is planned to be removed from a future JDK release
Warning: Nashorn engine is planned to be removed from a future JDK release
Warning: Nashorn engine is planned to be removed from a future JDK release
Warning: Nashorn engine is planned to be removed from a future JDK release
Warning: Nashorn engine is planned to be removed from a future JDK release
Warning: Nashorn engine is planned to be removed from a future JDK release
Warning: Nashorn engine is planned to be removed from a future JDK release
Warning: Nashorn engine is planned to be removed from a future JDK release
Warning: Nashorn engine is planned to be removed from a future JDK release
Warning: Nashorn engine is planned to be removed from a future JDK release
Warning: Nashorn engine is planned to be removed from a future JDK release
Warning: Nashorn engine is planned to be removed from a future JDK release
Warning: Nashorn engine is planned to be removed from a future JDK release
Warning: Nashorn engine is planned to be removed from a future JDK release
Warning: Nashorn engine is planned to be removed from a future JDK release
Warning: Nashorn engine is planned to be removed from a future JDK release
Warning: Nashorn engine is planned to be removed from a future JDK release
Warning: Nashorn engine is planned to be removed from a future JDK release
Warning: Nashorn engine is planned to be removed from a future JDK release
Warning: Nashorn engine is planned to be removed from a future JDK release
Warning: Nashorn engine is planned to be removed from a future JDK release
Warning: Nashorn engine is planned to be removed from a future JDK release
Warning: Nashorn engine is planned to be removed from a future JDK release
Warning: Nashorn engine is planned to be removed from a future JDK release
Warning: Nashorn engine is planned to be removed from a future JDK release
Warning: Nashorn engine is planned to be removed from a future JDK release
Warning: Nashorn engine is planned to be removed from a future JDK release
Warning: Nashorn engine is planned to be removed from a future JDK release
Warning: Nashorn engine is planned to be removed from a future JDK release
Warning: Nashorn engine is planned to be removed from a future JDK release
Warning: Nashorn engine is planned to be removed from a future JDK release
Warning: Nashorn engine is planned to be removed from a future JDK release
Warning: Nashorn engine is planned to be removed from a future JDK release
Warning: Nashorn engine is planned to be removed from a future JDK release
Warning: Nashorn engine is planned to be removed from a future JDK release
Warning: Nashorn engine is planned to be removed from a future JDK release
Warning: Nashorn engine is planned to be removed from a future JDK release
Warning: Nashorn engine is planned to be removed from a future JDK release
Warning: Nashorn engine is planned to be removed from a future JDK release
Warning: Nashorn engine is planned to be removed from a future JDK release
Warning: Nashorn engine is planned to be removed from a future JDK release
Warning: Nashorn engine is planned to be removed from a future JDK release
Warning: Nashorn engine is planned to be removed from a future JDK release
Warning: Nashorn engine is planned to be removed from a future JDK release
Warning: Nashorn engine is planned to be removed from a future JDK release
Warning: Nashorn engine is planned to be removed from a future JDK release
Warning: Nashorn engine is planned to be removed from a future JDK release
Warning: Nashorn engine is planned to be removed from a future JDK release
Warning: Nashorn engine is planned to be removed from a future JDK release
Warning: Nashorn engine is planned to be removed from a future JDK release
Warning: Nashorn engine is planned to be removed from a future JDK release
Warning: Nashorn engine is planned to be removed from a future JDK release
Warning: Nashorn engine is planned to be removed from a future JDK release
Warning: Nashorn engine is planned to be removed from a future JDK release
Warning: Nashorn engine is planned to be removed from a future JDK release
Warning: Nashorn engine is planned to be removed from a future JDK release
Warning: Nashorn engine is planned to be removed from a future JDK release
Warning: Nashorn engine is planned to be removed from a future JDK release
Warning: Nashorn engine is planned to be removed from a future JDK release
Warning: Nashorn engine is planned to be removed from a future JDK release
Warning: Nashorn engine is planned to be removed from a future JDK release
Warning: Nashorn engine is planned to be removed from a future JDK release
Warning: Nashorn engine is planned to be removed from a future JDK release
Warning: Nashorn engine is planned to be removed from a future JDK release
Warning: Nashorn engine is planned to be removed from a future JDK release
Warning: Nashorn engine is planned to be removed from a future JDK release
Warning: Nashorn engine is planned to be removed from a future JDK release
Warning: Nashorn engine is planned to be removed from a future JDK release
Warning: Nashorn engine is planned to be removed from a future JDK release
Warning: Nashorn engine is planned to be removed from a future JDK release
Warning: Nashorn engine is planned to be removed from a future JDK release
Warning: Nashorn engine is planned to be removed from a future JDK release
Warning: Nashorn engine is planned to be removed from a future JDK release
Warning: Nashorn engine is planned to be removed from a future JDK release
Warning: Nashorn engine is planned to be removed from a future JDK release
Warning: Nashorn engine is planned to be removed from a future JDK release
Warning: Nashorn engine is planned to be removed from a future JDK release
Warning: Nashorn engine is planned to be removed from a future JDK release
Warning: Nashorn engine is planned to be removed from a future JDK release
Warning: Nashorn engine is planned to be removed from a future JDK release
Warning: Nashorn engine is planned to be removed from a future JDK release
Warning: Nashorn engine is planned to be removed from a future JDK release
Warning: Nashorn engine is planned to be removed from a future JDK release
Warning: Nashorn engine is planned to be removed from a future JDK release
Warning: Nashorn engine is planned to be removed from a future JDK release
Warning: Nashorn engine is planned to be removed from a future JDK release
Warning: Nashorn engine is planned to be removed from a future JDK release
Warning: Nashorn engine is planned to be removed from a future JDK release
Warning: Nashorn engine is planned to be removed from a future JDK release
Warning: Nashorn engine is planned to be removed from a future JDK release
Warning: Nashorn engine is planned to be removed from a future JDK release
Warning: Nashorn engine is planned to be removed from a future JDK release
Warning: Nashorn engine is planned to be removed from a future JDK release
Warning: Nashorn engine is planned to be removed from a future JDK release
Warning: Nashorn engine is planned to be removed from a future JDK release
Warning: Nashorn engine is planned to be removed from a future JDK release
Warning: Nashorn engine is planned to be removed from a future JDK release
Warning: Nashorn engine is planned to be removed from a future JDK release
Warning: Nashorn engine is planned to be removed from a future JDK release
Warning: Nashorn engine is planned to be removed from a future JDK release
Warning: Nashorn engine is planned to be removed from a future JDK release
Warning: Nashorn engine is planned to be removed from a future JDK release
Warning: Nashorn engine is planned to be removed from a future JDK release
Warning: Nashorn engine is planned to be removed from a future JDK release
Warning: Nashorn engine is planned to be removed from a future JDK release
Warning: Nashorn engine is planned to be removed from a future JDK release
Warning: Nashorn engine is planned to be removed from a future JDK release
Warning: Nashorn engine is planned to be removed from a future JDK release
Warning: Nashorn engine is planned to be removed from a future JDK release
Warning: Nashorn engine is planned to be removed from a future JDK release
Warning: Nashorn engine is planned to be removed from a future JDK release
Warning: Nashorn engine is planned to be removed from a future JDK release
Warning: Nashorn engine is planned to be removed from a future JDK release
Warning: Nashorn engine is planned to be removed from a future JDK release
Warning: Nashorn engine is planned to be removed from a future JDK release
Warning: Nashorn engine is planned to be removed from a future JDK release
Warning: Nashorn engine is planned to be removed from a future JDK release
Warning: Nashorn engine is planned to be removed from a future JDK release
Warning: Nashorn engine is planned to be removed from a future JDK release
Warning: Nashorn engine is planned to be removed from a future JDK release
Warning: Nashorn engine is planned to be removed from a future JDK release
Warning: Nashorn engine is planned to be removed from a future JDK release
Warning: Nashorn engine is planned to be removed from a future JDK release
Warning: Nashorn engine is planned to be removed from a future JDK release
Warning: Nashorn engine is planned to be removed from a future JDK release
Warning: Nashorn engine is planned to be removed from a future JDK release
Warning: Nashorn engine is planned to be removed from a future JDK release
Warning: Nashorn engine is planned to be removed from a future JDK release
Warning: Nashorn engine is planned to be removed from a future JDK release
Warning: Nashorn engine is planned to be removed from a future JDK release
Warning: Nashorn engine is planned to be removed from a future JDK release
Warning: Nashorn engine is planned to be removed from a future JDK release
Warning: Nashorn engine is planned to be removed from a future JDK release
Warning: Nashorn engine is planned to be removed from a future JDK release
Warning: Nashorn engine is planned to be removed from a future JDK release
Warning: Nashorn engine is planned to be removed from a future JDK release
Warning: Nashorn engine is planned to be removed from a future JDK release
Warning: Nashorn engine is planned to be removed from a future JDK release
Warning: Nashorn engine is planned to be removed from a future JDK release
Warning: Nashorn engine is planned to be removed from a future JDK release
Warning: Nashorn engine is planned to be removed from a future JDK release
Warning: Nashorn engine is planned to be removed from a future JDK release
Warning: Nashorn engine is planned to be removed from a future JDK release
Warning: Nashorn engine is planned to be removed from a future JDK release
Warning: Nashorn engine is planned to be removed from a future JDK release
Warning: Nashorn engine is planned to be removed from a future JDK release
Warning: Nashorn engine is planned to be removed from a future JDK release
Warning: Nashorn engine is planned to be removed from a future JDK release
Warning: Nashorn engine is planned to be removed from a future JDK release
Warning: Nashorn engine is planned to be removed from a future JDK release
Warning: Nashorn engine is planned to be removed from a future JDK release
Warning: Nashorn engine is planned to be removed from a future JDK release
Warning: Nashorn engine is planned to be removed from a future JDK release
Warning: Nashorn engine is planned to be removed from a future JDK release
Warning: Nashorn engine is planned to be removed from a future JDK release
Warning: Nashorn engine is planned to be removed from a future JDK release
Warning: Nashorn engine is planned to be removed from a future JDK release
Warning: Nashorn engine is planned to be removed from a future JDK release
Warning: Nashorn engine is planned to be removed from a future JDK release
Warning: Nashorn engine is planned to be removed from a future JDK release
Warning: Nashorn engine is planned to be removed from a future JDK release
Warning: Nashorn engine is planned to be removed from a future JDK release
Warning: Nashorn engine is planned to be removed from a future JDK release
Warning: Nashorn engine is planned to be removed from a future JDK release
Warning: Nashorn engine is planned to be removed from a future JDK release
Warning: Nashorn engine is planned to be removed from a future JDK release
Warning: Nashorn engine is planned to be removed from a future JDK release
Warning: Nashorn engine is planned to be removed from a future JDK release
Warning: Nashorn engine is planned to be removed from a future JDK release
Warning: Nashorn engine is planned to be removed from a future JDK release
Warning: Nashorn engine is planned to be removed from a future JDK release
Warning: Nashorn engine is planned to be removed from a future JDK release
Warning: Nashorn engine is planned to be removed from a future JDK release
Warning: Nashorn engine is planned to be removed from a future JDK release
Warning: Nashorn engine is planned to be removed from a future JDK release
Warning: Nashorn engine is planned to be removed from a future JDK release
Warning: Nashorn engine is planned to be removed from a future JDK release
Warning: Nashorn engine is planned to be removed from a future JDK release
Warning: Nashorn engine is planned to be removed from a future JDK release
Warning: Nashorn engine is planned to be removed from a future JDK release
Warning: Nashorn engine is planned to be removed from a future JDK release
Warning: Nashorn engine is planned to be removed from a future JDK release
Warning: Nashorn engine is planned to be removed from a future JDK release
Warning: Nashorn engine is planned to be removed from a future JDK release
Warning: Nashorn engine is planned to be removed from a future JDK release
Warning: Nashorn engine is planned to be removed from a future JDK release
Warning: Nashorn engine is planned to be removed from a future JDK release
Warning: Nashorn engine is planned to be removed from a future JDK release
Warning: Nashorn engine is planned to be removed from a future JDK release
Warning: Nashorn engine is planned to be removed from a future JDK release
Warning: Nashorn engine is planned to be removed from a future JDK release
Warning: Nashorn engine is planned to be removed from a future JDK release
Warning: Nashorn engine is planned to be removed from a future JDK release
Warning: Nashorn engine is planned to be removed from a future JDK release
Warning: Nashorn engine is planned to be removed from a future JDK release
Warning: Nashorn engine is planned to be removed from a future JDK release
Warning: Nashorn engine is planned to be removed from a future JDK release
Warning: Nashorn engine is planned to be removed from a future JDK release
Warning: Nashorn engine is planned to be removed from a future JDK release
Warning: Nashorn engine is planned to be removed from a future JDK release
Warning: Nashorn engine is planned to be removed from a future JDK release
Warning: Nashorn engine is planned to be removed from a future JDK release
Warning: Nashorn engine is planned to be removed from a future JDK release
Warning: Nashorn engine is planned to be removed from a future JDK release
Warning: Nashorn engine is planned to be removed from a future JDK release
Warning: Nashorn engine is planned to be removed from a future JDK release
Warning: Nashorn engine is planned to be removed from a future JDK release
Warning: Nashorn engine is planned to be removed from a future JDK release
Warning: Nashorn engine is planned to be removed from a future JDK release
Warning: Nashorn engine is planned to be removed from a future JDK release
Warning: Nashorn engine is planned to be removed from a future JDK release
Warning: Nashorn engine is planned to be removed from a future JDK release
Warning: Nashorn engine is planned to be removed from a future JDK release
Warning: Nashorn engine is planned to be removed from a future JDK release
Warning: Nashorn engine is planned to be removed from a future JDK release
Warning: Nashorn engine is planned to be removed from a future JDK release
Warning: Nashorn engine is planned to be removed from a future JDK release
Warning: Nashorn engine is planned to be removed from a future JDK release
Warning: Nashorn engine is planned to be removed from a future JDK release
Warning: Nashorn engine is planned to be removed from a future JDK release
Warning: Nashorn engine is planned to be removed from a future JDK release
Warning: Nashorn engine is planned to be removed from a future JDK release
Warning: Nashorn engine is planned to be removed from a future JDK release
Warning: Nashorn engine is planned to be removed from a future JDK release
Warning: Nashorn engine is planned to be removed from a future JDK release
Warning: Nashorn engine is planned to be removed from a future JDK release
Warning: Nashorn engine is planned to be removed from a future JDK release
Warning: Nashorn engine is planned to be removed from a future JDK release
Warning: Nashorn engine is planned to be removed from a future JDK release
Warning: Nashorn engine is planned to be removed from a future JDK release
Warning: Nashorn engine is planned to be removed from a future JDK release
Warning: Nashorn engine is planned to be removed from a future JDK release
Warning: Nashorn engine is planned to be removed from a future JDK release
Warning: Nashorn engine is planned to be removed from a future JDK release
Warning: Nashorn engine is planned to be removed from a future JDK release
Warning: Nashorn engine is planned to be removed from a future JDK release
Warning: Nashorn engine is planned to be removed from a future JDK release
Warning: Nashorn engine is planned to be removed from a future JDK release
Warning: Nashorn engine is planned to be removed from a future JDK release
Warning: Nashorn engine is planned to be removed from a future JDK release
Warning: Nashorn engine is planned to be removed from a future JDK release
Warning: Nashorn engine is planned to be removed from a future JDK release
Warning: Nashorn engine is planned to be removed from a future JDK release
Warning: Nashorn engine is planned to be removed from a future JDK release
Warning: Nashorn engine is planned to be removed from a future JDK release
Warning: Nashorn engine is planned to be removed from a future JDK release
Warning: Nashorn engine is planned to be removed from a future JDK release
Warning: Nashorn engine is planned to be removed from a future JDK release
Warning: Nashorn engine is planned to be removed from a future JDK release
Warning: Nashorn engine is planned to be removed from a future JDK release
Warning: Nashorn engine is planned to be removed from a future JDK release
Warning: Nashorn engine is planned to be removed from a future JDK release
Warning: Nashorn engine is planned to be removed from a future JDK release
Warning: Nashorn engine is planned to be removed from a future JDK release
Warning: Nashorn engine is planned to be removed from a future JDK release
Warning: Nashorn engine is planned to be removed from a future JDK release
Warning: Nashorn engine is planned to be removed from a future JDK release
Warning: Nashorn engine is planned to be removed from a future JDK release
Warning: Nashorn engine is planned to be removed from a future JDK release
Warning: Nashorn engine is planned to be removed from a future JDK release
Warning: Nashorn engine is planned to be removed from a future JDK release
Warning: Nashorn engine is planned to be removed from a future JDK release
Warning: Nashorn engine is planned to be removed from a future JDK release
Warning: Nashorn engine is planned to be removed from a future JDK release
Warning: Nashorn engine is planned to be removed from a future JDK release
Warning: Nashorn engine is planned to be removed from a future JDK release
Warning: Nashorn engine is planned to be removed from a future JDK release
Warning: Nashorn engine is planned to be removed from a future JDK release
Warning: Nashorn engine is planned to be removed from a future JDK release
Warning: Nashorn engine is planned to be removed from a future JDK release
Warning: Nashorn engine is planned to be removed from a future JDK release
Warning: Nashorn engine is planned to be removed from a future JDK release
Warning: Nashorn engine is planned to be removed from a future JDK release
Warning: Nashorn engine is planned to be removed from a future JDK release
Warning: Nashorn engine is planned to be removed from a future JDK release
Warning: Nashorn engine is planned to be removed from a future JDK release
Warning: Nashorn engine is planned to be removed from a future JDK release
Warning: Nashorn engine is planned to be removed from a future JDK release
Warning: Nashorn engine is planned to be removed from a future JDK release
Warning: Nashorn engine is planned to be removed from a future JDK release
Warning: Nashorn engine is planned to be removed from a future JDK release
Warning: Nashorn engine is planned to be removed from a future JDK release
Warning: Nashorn engine is planned to be removed from a future JDK release
Warning: Nashorn engine is planned to be removed from a future JDK release
Warning: Nashorn engine is planned to be removed from a future JDK release
Warning: Nashorn engine is planned to be removed from a future JDK release
Warning: Nashorn engine is planned to be removed from a future JDK release
Warning: Nashorn engine is planned to be removed from a future JDK release
Warning: Nashorn engine is planned to be removed from a future JDK release
Warning: Nashorn engine is planned to be removed from a future JDK release
Warning: Nashorn engine is planned to be removed from a future JDK release
Warning: Nashorn engine is planned to be removed from a future JDK release
Warning: Nashorn engine is planned to be removed from a future JDK release
Warning: Nashorn engine is planned to be removed from a future JDK release
Warning: Nashorn engine is planned to be removed from a future JDK release
Warning: Nashorn engine is planned to be removed from a future JDK release
Warning: Nashorn engine is planned to be removed from a future JDK release
Warning: Nashorn engine is planned to be removed from a future JDK release
Warning: Nashorn engine is planned to be removed from a future JDK release
Warning: Nashorn engine is planned to be removed from a future JDK release
Warning: Nashorn engine is planned to be removed from a future JDK release
Warning: Nashorn engine is planned to be removed from a future JDK release
Warning: Nashorn engine is planned to be removed from a future JDK release
Warning: Nashorn engine is planned to be removed from a future JDK release
Warning: Nashorn engine is planned to be removed from a future JDK release
Warning: Nashorn engine is planned to be removed from a future JDK release
Warning: Nashorn engine is planned to be removed from a future JDK release
Warning: Nashorn engine is planned to be removed from a future JDK release
Warning: Nashorn engine is planned to be removed from a future JDK release
Warning: Nashorn engine is planned to be removed from a future JDK release
Warning: Nashorn engine is planned to be removed from a future JDK release
Warning: Nashorn engine is planned to be removed from a future JDK release
Warning: Nashorn engine is planned to be removed from a future JDK release
Warning: Nashorn engine is planned to be removed from a future JDK release
Warning: Nashorn engine is planned to be removed from a future JDK release
Warning: Nashorn engine is planned to be removed from a future JDK release
Warning: Nashorn engine is planned to be removed from a future JDK release
Warning: Nashorn engine is planned to be removed from a future JDK release
Warning: Nashorn engine is planned to be removed from a future JDK release
Warning: Nashorn engine is planned to be removed from a future JDK release
Warning: Nashorn engine is planned to be removed from a future JDK release
Warning: Nashorn engine is planned to be removed from a future JDK release
Warning: Nashorn engine is planned to be removed from a future JDK release
Warning: Nashorn engine is planned to be removed from a future JDK release
Warning: Nashorn engine is planned to be removed from a future JDK release
Warning: Nashorn engine is planned to be removed from a future JDK release
Warning: Nashorn engine is planned to be removed from a future JDK release
Warning: Nashorn engine is planned to be removed from a future JDK release
Warning: Nashorn engine is planned to be removed from a future JDK release
Warning: Nashorn engine is planned to be removed from a future JDK release
Warning: Nashorn engine is planned to be removed from a future JDK release
Warning: Nashorn engine is planned to be removed from a future JDK release
Warning: Nashorn engine is planned to be removed from a future JDK release
Warning: Nashorn engine is planned to be removed from a future JDK release
Warning: Nashorn engine is planned to be removed from a future JDK release
Warning: Nashorn engine is planned to be removed from a future JDK release
Warning: Nashorn engine is planned to be removed from a future JDK release
Warning: Nashorn engine is planned to be removed from a future JDK release
Warning: Nashorn engine is planned to be removed from a future JDK release
Warning: Nashorn engine is planned to be removed from a future JDK release
Warning: Nashorn engine is planned to be removed from a future JDK release
Warning: Nashorn engine is planned to be removed from a future JDK release
Warning: Nashorn engine is planned to be removed from a future JDK release
Warning: Nashorn engine is planned to be removed from a future JDK release
Warning: Nashorn engine is planned to be removed from a future JDK release
Warning: Nashorn engine is planned to be removed from a future JDK release
Warning: Nashorn engine is planned to be removed from a future JDK release
Warning: Nashorn engine is planned to be removed from a future JDK release
Warning: Nashorn engine is planned to be removed from a future JDK release
Warning: Nashorn engine is planned to be removed from a future JDK release
Warning: Nashorn engine is planned to be removed from a future JDK release
Warning: Nashorn engine is planned to be removed from a future JDK release
Warning: Nashorn engine is planned to be removed from a future JDK release
Warning: Nashorn engine is planned to be removed from a future JDK release
Warning: Nashorn engine is planned to be removed from a future JDK release
Warning: Nashorn engine is planned to be removed from a future JDK release
Warning: Nashorn engine is planned to be removed from a future JDK release
Warning: Nashorn engine is planned to be removed from a future JDK release
Warning: Nashorn engine is planned to be removed from a future JDK release
Warning: Nashorn engine is planned to be removed from a future JDK release
Warning: Nashorn engine is planned to be removed from a future JDK release
Warning: Nashorn engine is planned to be removed from a future JDK release
Warning: Nashorn engine is planned to be removed from a future JDK release
Warning: Nashorn engine is planned to be removed from a future JDK release
Warning: Nashorn engine is planned to be removed from a future JDK release
Warning: Nashorn engine is planned to be removed from a future JDK release
Warning: Nashorn engine is planned to be removed from a future JDK release
Warning: Nashorn engine is planned to be removed from a future JDK release
Warning: Nashorn engine is planned to be removed from a future JDK release
Warning: Nashorn engine is planned to be removed from a future JDK release
Warning: Nashorn engine is planned to be removed from a future JDK release
Warning: Nashorn engine is planned to be removed from a future JDK release
Warning: Nashorn engine is planned to be removed from a future JDK release
Warning: Nashorn engine is planned to be removed from a future JDK release
Warning: Nashorn engine is planned to be removed from a future JDK release
Warning: Nashorn engine is planned to be removed from a future JDK release
Warning: Nashorn engine is planned to be removed from a future JDK release
Warning: Nashorn engine is planned to be removed from a future JDK release
Warning: Nashorn engine is planned to be removed from a future JDK release
Warning: Nashorn engine is planned to be removed from a future JDK release
Warning: Nashorn engine is planned to be removed from a future JDK release
Warning: Nashorn engine is planned to be removed from a future JDK release
Warning: Nashorn engine is planned to be removed from a future JDK release
Warning: Nashorn engine is planned to be removed from a future JDK release
Warning: Nashorn engine is planned to be removed from a future JDK release
Warning: Nashorn engine is planned to be removed from a future JDK release
Warning: Nashorn engine is planned to be removed from a future JDK release
Warning: Nashorn engine is planned to be removed from a future JDK release
Warning: Nashorn engine is planned to be removed from a future JDK release
Warning: Nashorn engine is planned to be removed from a future JDK release
Warning: Nashorn engine is planned to be removed from a future JDK release
Warning: Nashorn engine is planned to be removed from a future JDK release
Warning: Nashorn engine is planned to be removed from a future JDK release
Warning: Nashorn engine is planned to be removed from a future JDK release
Warning: Nashorn engine is planned to be removed from a future JDK release
Warning: Nashorn engine is planned to be removed from a future JDK release
Warning: Nashorn engine is planned to be removed from a future JDK release
Warning: Nashorn engine is planned to be removed from a future JDK release
Warning: Nashorn engine is planned to be removed from a future JDK release
Warning: Nashorn engine is planned to be removed from a future JDK release
Warning: Nashorn engine is planned to be removed from a future JDK release
Warning: Nashorn engine is planned to be removed from a future JDK release
Warning: Nashorn engine is planned to be removed from a future JDK release
Warning: Nashorn engine is planned to be removed from a future JDK release
Warning: Nashorn engine is planned to be removed from a future JDK release
Warning: Nashorn engine is planned to be removed from a future JDK release
Warning: Nashorn engine is planned to be removed from a future JDK release
Warning: Nashorn engine is planned to be removed from a future JDK release
Warning: Nashorn engine is planned to be removed from a future JDK release
Warning: Nashorn engine is planned to be removed from a future JDK release
Warning: Nashorn engine is planned to be removed from a future JDK release
Warning: Nashorn engine is planned to be removed from a future JDK release
Warning: Nashorn engine is planned to be removed from a future JDK release
Warning: Nashorn engine is planned to be removed from a future JDK release
Warning: Nashorn engine is planned to be removed from a future JDK release
Warning: Nashorn engine is planned to be removed from a future JDK release
Warning: Nashorn engine is planned to be removed from a future JDK release
Warning: Nashorn engine is planned to be removed from a future JDK release
Warning: Nashorn engine is planned to be removed from a future JDK release
Warning: Nashorn engine is planned to be removed from a future JDK release
Warning: Nashorn engine is planned to be removed from a future JDK release
Warning: Nashorn engine is planned to be removed from a future JDK release
Warning: Nashorn engine is planned to be removed from a future JDK release
Warning: Nashorn engine is planned to be removed from a future JDK release
Warning: Nashorn engine is planned to be removed from a future JDK release
Warning: Nashorn engine is planned to be removed from a future JDK release
Warning: Nashorn engine is planned to be removed from a future JDK release
Warning: Nashorn engine is planned to be removed from a future JDK release
Warning: Nashorn engine is planned to be removed from a future JDK release
Warning: Nashorn engine is planned to be removed from a future JDK release
Warning: Nashorn engine is planned to be removed from a future JDK release
Warning: Nashorn engine is planned to be removed from a future JDK release
Warning: Nashorn engine is planned to be removed from a future JDK release
Warning: Nashorn engine is planned to be removed from a future JDK release
Warning: Nashorn engine is planned to be removed from a future JDK release
Warning: Nashorn engine is planned to be removed from a future JDK release
Warning: Nashorn engine is planned to be removed from a future JDK release
Warning: Nashorn engine is planned to be removed from a future JDK release
Warning: Nashorn engine is planned to be removed from a future JDK release
Warning: Nashorn engine is planned to be removed from a future JDK release
Warning: Nashorn engine is planned to be removed from a future JDK release
Warning: Nashorn engine is planned to be removed from a future JDK release
Warning: Nashorn engine is planned to be removed from a future JDK release
Warning: Nashorn engine is planned to be removed from a future JDK release
Warning: Nashorn engine is planned to be removed from a future JDK release
Warning: Nashorn engine is planned to be removed from a future JDK release
Warning: Nashorn engine is planned to be removed from a future JDK release
Warning: Nashorn engine is planned to be removed from a future JDK release
Warning: Nashorn engine is planned to be removed from a future JDK release
Warning: Nashorn engine is planned to be removed from a future JDK release
Warning: Nashorn engine is planned to be removed from a future JDK release
Warning: Nashorn engine is planned to be removed from a future JDK release
Warning: Nashorn engine is planned to be removed from a future JDK release
Warning: Nashorn engine is planned to be removed from a future JDK release
Warning: Nashorn engine is planned to be removed from a future JDK release
Warning: Nashorn engine is planned to be removed from a future JDK release
Warning: Nashorn engine is planned to be removed from a future JDK release
Warning: Nashorn engine is planned to be removed from a future JDK release
Warning: Nashorn engine is planned to be removed from a future JDK release
Warning: Nashorn engine is planned to be removed from a future JDK release
Warning: Nashorn engine is planned to be removed from a future JDK release
Warning: Nashorn engine is planned to be removed from a future JDK release
Warning: Nashorn engine is planned to be removed from a future JDK release
Warning: Nashorn engine is planned to be removed from a future JDK release
Warning: Nashorn engine is planned to be removed from a future JDK release
Warning: Nashorn engine is planned to be removed from a future JDK release
Warning: Nashorn engine is planned to be removed from a future JDK release
Warning: Nashorn engine is planned to be removed from a future JDK release
Warning: Nashorn engine is planned to be removed from a future JDK release
Warning: Nashorn engine is planned to be removed from a future JDK release
Warning: Nashorn engine is planned to be removed from a future JDK release
Warning: Nashorn engine is planned to be removed from a future JDK release
Warning: Nashorn engine is planned to be removed from a future JDK release
Warning: Nashorn engine is planned to be removed from a future JDK release
Warning: Nashorn engine is planned to be removed from a future JDK release
Warning: Nashorn engine is planned to be removed from a future JDK release
Warning: Nashorn engine is planned to be removed from a future JDK release
Warning: Nashorn engine is planned to be removed from a future JDK release
Warning: Nashorn engine is planned to be removed from a future JDK release
Warning: Nashorn engine is planned to be removed from a future JDK release
Warning: Nashorn engine is planned to be removed from a future JDK release
Warning: Nashorn engine is planned to be removed from a future JDK release
Warning: Nashorn engine is planned to be removed from a future JDK release
Warning: Nashorn engine is planned to be removed from a future JDK release
Warning: Nashorn engine is planned to be removed from a future JDK release
Warning: Nashorn engine is planned to be removed from a future JDK release
Warning: Nashorn engine is planned to be removed from a future JDK release
Warning: Nashorn engine is planned to be removed from a future JDK release
Warning: Nashorn engine is planned to be removed from a future JDK release
Warning: Nashorn engine is planned to be removed from a future JDK release
Warning: Nashorn engine is planned to be removed from a future JDK release
Warning: Nashorn engine is planned to be removed from a future JDK release
Warning: Nashorn engine is planned to be removed from a future JDK release
Warning: Nashorn engine is planned to be removed from a future JDK release
Warning: Nashorn engine is planned to be removed from a future JDK release
Warning: Nashorn engine is planned to be removed from a future JDK release
Warning: Nashorn engine is planned to be removed from a future JDK release
Warning: Nashorn engine is planned to be removed from a future JDK release
Warning: Nashorn engine is planned to be removed from a future JDK release
Warning: Nashorn engine is planned to be removed from a future JDK release
Warning: Nashorn engine is planned to be removed from a future JDK release
Warning: Nashorn engine is planned to be removed from a future JDK release
Warning: Nashorn engine is planned to be removed from a future JDK release
Warning: Nashorn engine is planned to be removed from a future JDK release
Warning: Nashorn engine is planned to be removed from a future JDK release
Warning: Nashorn engine is planned to be removed from a future JDK release
Warning: Nashorn engine is planned to be removed from a future JDK release
Warning: Nashorn engine is planned to be removed from a future JDK release
Warning: Nashorn engine is planned to be removed from a future JDK release
Warning: Nashorn engine is planned to be removed from a future JDK release
Warning: Nashorn engine is planned to be removed from a future JDK release
Warning: Nashorn engine is planned to be removed from a future JDK release
Warning: Nashorn engine is planned to be removed from a future JDK release
Warning: Nashorn engine is planned to be removed from a future JDK release
Warning: Nashorn engine is planned to be removed from a future JDK release
Warning: Nashorn engine is planned to be removed from a future JDK release
Warning: Nashorn engine is planned to be removed from a future JDK release
Warning: Nashorn engine is planned to be removed from a future JDK release
Warning: Nashorn engine is planned to be removed from a future JDK release
Warning: Nashorn engine is planned to be removed from a future JDK release
Warning: Nashorn engine is planned to be removed from a future JDK release
Warning: Nashorn engine is planned to be removed from a future JDK release
Warning: Nashorn engine is planned to be removed from a future JDK release
Warning: Nashorn engine is planned to be removed from a future JDK release
Warning: Nashorn engine is planned to be removed from a future JDK release
Warning: Nashorn engine is planned to be removed from a future JDK release
Warning: Nashorn engine is planned to be removed from a future JDK release
Warning: Nashorn engine is planned to be removed from a future JDK release
Warning: Nashorn engine is planned to be removed from a future JDK release
Warning: Nashorn engine is planned to be removed from a future JDK release
Warning: Nashorn engine is planned to be removed from a future JDK release
Warning: Nashorn engine is planned to be removed from a future JDK release
Warning: Nashorn engine is planned to be removed from a future JDK release
Warning: Nashorn engine is planned to be removed from a future JDK release
Warning: Nashorn engine is planned to be removed from a future JDK release
Warning: Nashorn engine is planned to be removed from a future JDK release
Warning: Nashorn engine is planned to be removed from a future JDK release
Warning: Nashorn engine is planned to be removed from a future JDK release
Warning: Nashorn engine is planned to be removed from a future JDK release
Warning: Nashorn engine is planned to be removed from a future JDK release
Warning: Nashorn engine is planned to be removed from a future JDK release
Warning: Nashorn engine is planned to be removed from a future JDK release
Warning: Nashorn engine is planned to be removed from a future JDK release
Warning: Nashorn engine is planned to be removed from a future JDK release
Warning: Nashorn engine is planned to be removed from a future JDK release
Warning: Nashorn engine is planned to be removed from a future JDK release
Warning: Nashorn engine is planned to be removed from a future JDK release
Warning: Nashorn engine is planned to be removed from a future JDK release
Warning: Nashorn engine is planned to be removed from a future JDK release
Warning: Nashorn engine is planned to be removed from a future JDK release
Warning: Nashorn engine is planned to be removed from a future JDK release
Warning: Nashorn engine is planned to be removed from a future JDK release
Warning: Nashorn engine is planned to be removed from a future JDK release
Warning: Nashorn engine is planned to be removed from a future JDK release
Warning: Nashorn engine is planned to be removed from a future JDK release
Warning: Nashorn engine is planned to be removed from a future JDK release
Warning: Nashorn engine is planned to be removed from a future JDK release
Warning: Nashorn engine is planned to be removed from a future JDK release
Warning: Nashorn engine is planned to be removed from a future JDK release
Warning: Nashorn engine is planned to be removed from a future JDK release
Warning: Nashorn engine is planned to be removed from a future JDK release
Warning: Nashorn engine is planned to be removed from a future JDK release
Warning: Nashorn engine is planned to be removed from a future JDK release
Warning: Nashorn engine is planned to be removed from a future JDK release
Warning: Nashorn engine is planned to be removed from a future JDK release
Warning: Nashorn engine is planned to be removed from a future JDK release
Warning: Nashorn engine is planned to be removed from a future JDK release
Warning: Nashorn engine is planned to be removed from a future JDK release
Warning: Nashorn engine is planned to be removed from a future JDK release
Warning: Nashorn engine is planned to be removed from a future JDK release
Warning: Nashorn engine is planned to be removed from a future JDK release
Warning: Nashorn engine is planned to be removed from a future JDK release
Warning: Nashorn engine is planned to be removed from a future JDK release
Warning: Nashorn engine is planned to be removed from a future JDK release
Warning: Nashorn engine is planned to be removed from a future JDK release
Warning: Nashorn engine is planned to be removed from a future JDK release
Warning: Nashorn engine is planned to be removed from a future JDK release
Warning: Nashorn engine is planned to be removed from a future JDK release
Warning: Nashorn engine is planned to be removed from a future JDK release
Warning: Nashorn engine is planned to be removed from a future JDK release
Warning: Nashorn engine is planned to be removed from a future JDK release
Warning: Nashorn engine is planned to be removed from a future JDK release
Warning: Nashorn engine is planned to be removed from a future JDK release
Warning: Nashorn engine is planned to be removed from a future JDK release
Warning: Nashorn engine is planned to be removed from a future JDK release
Warning: Nashorn engine is planned to be removed from a future JDK release
Warning: Nashorn engine is planned to be removed from a future JDK release
Warning: Nashorn engine is planned to be removed from a future JDK release
Warning: Nashorn engine is planned to be removed from a future JDK release
Warning: Nashorn engine is planned to be removed from a future JDK release
Warning: Nashorn engine is planned to be removed from a future JDK release
Warning: Nashorn engine is planned to be removed from a future JDK release
Warning: Nashorn engine is planned to be removed from a future JDK release
Warning: Nashorn engine is planned to be removed from a future JDK release
Warning: Nashorn engine is planned to be removed from a future JDK release
Warning: Nashorn engine is planned to be removed from a future JDK release
Warning: Nashorn engine is planned to be removed from a future JDK release
Warning: Nashorn engine is planned to be removed from a future JDK release
Warning: Nashorn engine is planned to be removed from a future JDK release
Warning: Nashorn engine is planned to be removed from a future JDK release
Warning: Nashorn engine is planned to be removed from a future JDK release
Warning: Nashorn engine is planned to be removed from a future JDK release
Warning: Nashorn engine is planned to be removed from a future JDK release
Warning: Nashorn engine is planned to be removed from a future JDK release
Warning: Nashorn engine is planned to be removed from a future JDK release
Warning: Nashorn engine is planned to be removed from a future JDK release
Warning: Nashorn engine is planned to be removed from a future JDK release
Warning: Nashorn engine is planned to be removed from a future JDK release
Warning: Nashorn engine is planned to be removed from a future JDK release
Warning: Nashorn engine is planned to be removed from a future JDK release
Warning: Nashorn engine is planned to be removed from a future JDK release
Warning: Nashorn engine is planned to be removed from a future JDK release
Warning: Nashorn engine is planned to be removed from a future JDK release
Warning: Nashorn engine is planned to be removed from a future JDK release
Warning: Nashorn engine is planned to be removed from a future JDK release
Warning: Nashorn engine is planned to be removed from a future JDK release
Warning: Nashorn engine is planned to be removed from a future JDK release
Warning: Nashorn engine is planned to be removed from a future JDK release
Warning: Nashorn engine is planned to be removed from a future JDK release
Warning: Nashorn engine is planned to be removed from a future JDK release
Warning: Nashorn engine is planned to be removed from a future JDK release
Warning: Nashorn engine is planned to be removed from a future JDK release
Warning: Nashorn engine is planned to be removed from a future JDK release
Warning: Nashorn engine is planned to be removed from a future JDK release
Warning: Nashorn engine is planned to be removed from a future JDK release
Warning: Nashorn engine is planned to be removed from a future JDK release
Warning: Nashorn engine is planned to be removed from a future JDK release
Warning: Nashorn engine is planned to be removed from a future JDK release
Warning: Nashorn engine is planned to be removed from a future JDK release
Warning: Nashorn engine is planned to be removed from a future JDK release
Warning: Nashorn engine is planned to be removed from a future JDK release
Warning: Nashorn engine is planned to be removed from a future JDK release
Warning: Nashorn engine is planned to be removed from a future JDK release
Warning: Nashorn engine is planned to be removed from a future JDK release
Warning: Nashorn engine is planned to be removed from a future JDK release
Warning: Nashorn engine is planned to be removed from a future JDK release
Warning: Nashorn engine is planned to be removed from a future JDK release
Warning: Nashorn engine is planned to be removed from a future JDK release
Warning: Nashorn engine is planned to be removed from a future JDK release
Warning: Nashorn engine is planned to be removed from a future JDK release
Warning: Nashorn engine is planned to be removed from a future JDK release
Warning: Nashorn engine is planned to be removed from a future JDK release
Warning: Nashorn engine is planned to be removed from a future JDK release
Warning: Nashorn engine is planned to be removed from a future JDK release
Warning: Nashorn engine is planned to be removed from a future JDK release
Warning: Nashorn engine is planned to be removed from a future JDK release
Warning: Nashorn engine is planned to be removed from a future JDK release
Warning: Nashorn engine is planned to be removed from a future JDK release
Warning: Nashorn engine is planned to be removed from a future JDK release
Warning: Nashorn engine is planned to be removed from a future JDK release
Warning: Nashorn engine is planned to be removed from a future JDK release
Warning: Nashorn engine is planned to be removed from a future JDK release
Warning: Nashorn engine is planned to be removed from a future JDK release
Warning: Nashorn engine is planned to be removed from a future JDK release
Warning: Nashorn engine is planned to be removed from a future JDK release
Warning: Nashorn engine is planned to be removed from a future JDK release
Warning: Nashorn engine is planned to be removed from a future JDK release
Warning: Nashorn engine is planned to be removed from a future JDK release
Warning: Nashorn engine is planned to be removed from a future JDK release
Warning: Nashorn engine is planned to be removed from a future JDK release
Warning: Nashorn engine is planned to be removed from a future JDK release
Warning: Nashorn engine is planned to be removed from a future JDK release
Warning: Nashorn engine is planned to be removed from a future JDK release
Warning: Nashorn engine is planned to be removed from a future JDK release
Warning: Nashorn engine is planned to be removed from a future JDK release
Warning: Nashorn engine is planned to be removed from a future JDK release
Warning: Nashorn engine is planned to be removed from a future JDK release
Warning: Nashorn engine is planned to be removed from a future JDK release
Warning: Nashorn engine is planned to be removed from a future JDK release
Warning: Nashorn engine is planned to be removed from a future JDK release
Warning: Nashorn engine is planned to be removed from a future JDK release
Warning: Nashorn engine is planned to be removed from a future JDK release
Warning: Nashorn engine is planned to be removed from a future JDK release
Warning: Nashorn engine is planned to be removed from a future JDK release
Warning: Nashorn engine is planned to be removed from a future JDK release
Warning: Nashorn engine is planned to be removed from a future JDK release
Warning: Nashorn engine is planned to be removed from a future JDK release
Warning: Nashorn engine is planned to be removed from a future JDK release
Warning: Nashorn engine is planned to be removed from a future JDK release
Warning: Nashorn engine is planned to be removed from a future JDK release
Warning: Nashorn engine is planned to be removed from a future JDK release
Warning: Nashorn engine is planned to be removed from a future JDK release
Warning: Nashorn engine is planned to be removed from a future JDK release
Warning: Nashorn engine is planned to be removed from a future JDK release
Warning: Nashorn engine is planned to be removed from a future JDK release
Warning: Nashorn engine is planned to be removed from a future JDK release
Warning: Nashorn engine is planned to be removed from a future JDK release
Warning: Nashorn engine is planned to be removed from a future JDK release
Warning: Nashorn engine is planned to be removed from a future JDK release
Warning: Nashorn engine is planned to be removed from a future JDK release
Warning: Nashorn engine is planned to be removed from a future JDK release
Warning: Nashorn engine is planned to be removed from a future JDK release
Warning: Nashorn engine is planned to be removed from a future JDK release
Warning: Nashorn engine is planned to be removed from a future JDK release
Warning: Nashorn engine is planned to be removed from a future JDK release
Warning: Nashorn engine is planned to be removed from a future JDK release
Warning: Nashorn engine is planned to be removed from a future JDK release
Warning: Nashorn engine is planned to be removed from a future JDK release
Warning: Nashorn engine is planned to be removed from a future JDK release
Warning: Nashorn engine is planned to be removed from a future JDK release
Warning: Nashorn engine is planned to be removed from a future JDK release
Warning: Nashorn engine is planned to be removed from a future JDK release
Warning: Nashorn engine is planned to be removed from a future JDK release
Warning: Nashorn engine is planned to be removed from a future JDK release
Warning: Nashorn engine is planned to be removed from a future JDK release
Warning: Nashorn engine is planned to be removed from a future JDK release
Warning: Nashorn engine is planned to be removed from a future JDK release
Warning: Nashorn engine is planned to be removed from a future JDK release
Warning: Nashorn engine is planned to be removed from a future JDK release
Warning: Nashorn engine is planned to be removed from a future JDK release
Warning: Nashorn engine is planned to be removed from a future JDK release
Warning: Nashorn engine is planned to be removed from a future JDK release
Warning: Nashorn engine is planned to be removed from a future JDK release
Warning: Nashorn engine is planned to be removed from a future JDK release
Warning: Nashorn engine is planned to be removed from a future JDK release
Warning: Nashorn engine is planned to be removed from a future JDK release
Warning: Nashorn engine is planned to be removed from a future JDK release
Warning: Nashorn engine is planned to be removed from a future JDK release
Warning: Nashorn engine is planned to be removed from a future JDK release
Warning: Nashorn engine is planned to be removed from a future JDK release
Warning: Nashorn engine is planned to be removed from a future JDK release
Warning: Nashorn engine is planned to be removed from a future JDK release
Warning: Nashorn engine is planned to be removed from a future JDK release
Warning: Nashorn engine is planned to be removed from a future JDK release
Warning: Nashorn engine is planned to be removed from a future JDK release
Warning: Nashorn engine is planned to be removed from a future JDK release
Warning: Nashorn engine is planned to be removed from a future JDK release
Warning: Nashorn engine is planned to be removed from a future JDK release
Warning: Nashorn engine is planned to be removed from a future JDK release
Warning: Nashorn engine is planned to be removed from a future JDK release
Warning: Nashorn engine is planned to be removed from a future JDK release
Warning: Nashorn engine is planned to be removed from a future JDK release
Warning: Nashorn engine is planned to be removed from a future JDK release
Warning: Nashorn engine is planned to be removed from a future JDK release
Warning: Nashorn engine is planned to be removed from a future JDK release
Warning: Nashorn engine is planned to be removed from a future JDK release
Warning: Nashorn engine is planned to be removed from a future JDK release
Warning: Nashorn engine is planned to be removed from a future JDK release
Warning: Nashorn engine is planned to be removed from a future JDK release
Warning: Nashorn engine is planned to be removed from a future JDK release
Warning: Nashorn engine is planned to be removed from a future JDK release
Warning: Nashorn engine is planned to be removed from a future JDK release
Warning: Nashorn engine is planned to be removed from a future JDK release
Warning: Nashorn engine is planned to be removed from a future JDK release
Warning: Nashorn engine is planned to be removed from a future JDK release
Warning: Nashorn engine is planned to be removed from a future JDK release
Warning: Nashorn engine is planned to be removed from a future JDK release
Warning: Nashorn engine is planned to be removed from a future JDK release
Warning: Nashorn engine is planned to be removed from a future JDK release
Warning: Nashorn engine is planned to be removed from a future JDK release
Warning: Nashorn engine is planned to be removed from a future JDK release
Warning: Nashorn engine is planned to be removed from a future JDK release
Warning: Nashorn engine is planned to be removed from a future JDK release
Warning: Nashorn engine is planned to be removed from a future JDK release
Warning: Nashorn engine is planned to be removed from a future JDK release
Warning: Nashorn engine is planned to be removed from a future JDK release
Warning: Nashorn engine is planned to be removed from a future JDK release
Warning: Nashorn engine is planned to be removed from a future JDK release
Warning: Nashorn engine is planned to be removed from a future JDK release
Warning: Nashorn engine is planned to be removed from a future JDK release
Warning: Nashorn engine is planned to be removed from a future JDK release
Warning: Nashorn engine is planned to be removed from a future JDK release
Warning: Nashorn engine is planned to be removed from a future JDK release
Warning: Nashorn engine is planned to be removed from a future JDK release
Warning: Nashorn engine is planned to be removed from a future JDK release
Warning: Nashorn engine is planned to be removed from a future JDK release
Warning: Nashorn engine is planned to be removed from a future JDK release
Warning: Nashorn engine is planned to be removed from a future JDK release
Warning: Nashorn engine is planned to be removed from a future JDK release
Warning: Nashorn engine is planned to be removed from a future JDK release
Warning: Nashorn engine is planned to be removed from a future JDK release
Warning: Nashorn engine is planned to be removed from a future JDK release
Warning: Nashorn engine is planned to be removed from a future JDK release
Warning: Nashorn engine is planned to be removed from a future JDK release
Warning: Nashorn engine is planned to be removed from a future JDK release
Warning: Nashorn engine is planned to be removed from a future JDK release
Warning: Nashorn engine is planned to be removed from a future JDK release
Warning: Nashorn engine is planned to be removed from a future JDK release
Warning: Nashorn engine is planned to be removed from a future JDK release
Warning: Nashorn engine is planned to be removed from a future JDK release
Warning: Nashorn engine is planned to be removed from a future JDK release
Warning: Nashorn engine is planned to be removed from a future JDK release
Warning: Nashorn engine is planned to be removed from a future JDK release
Warning: Nashorn engine is planned to be removed from a future JDK release
Warning: Nashorn engine is planned to be removed from a future JDK release
Warning: Nashorn engine is planned to be removed from a future JDK release
Warning: Nashorn engine is planned to be removed from a future JDK release
Warning: Nashorn engine is planned to be removed from a future JDK release
Warning: Nashorn engine is planned to be removed from a future JDK release
Warning: Nashorn engine is planned to be removed from a future JDK release
Warning: Nashorn engine is planned to be removed from a future JDK release
Warning: Nashorn engine is planned to be removed from a future JDK release
Warning: Nashorn engine is planned to be removed from a future JDK release
Warning: Nashorn engine is planned to be removed from a future JDK release
Warning: Nashorn engine is planned to be removed from a future JDK release
Warning: Nashorn engine is planned to be removed from a future JDK release
Warning: Nashorn engine is planned to be removed from a future JDK release
Warning: Nashorn engine is planned to be removed from a future JDK release
Warning: Nashorn engine is planned to be removed from a future JDK release
Warning: Nashorn engine is planned to be removed from a future JDK release
Warning: Nashorn engine is planned to be removed from a future JDK release
Warning: Nashorn engine is planned to be removed from a future JDK release
Warning: Nashorn engine is planned to be removed from a future JDK release
Warning: Nashorn engine is planned to be removed from a future JDK release
Warning: Nashorn engine is planned to be removed from a future JDK release
Warning: Nashorn engine is planned to be removed from a future JDK release
Warning: Nashorn engine is planned to be removed from a future JDK release
Warning: Nashorn engine is planned to be removed from a future JDK release
Warning: Nashorn engine is planned to be removed from a future JDK release
Warning: Nashorn engine is planned to be removed from a future JDK release
Warning: Nashorn engine is planned to be removed from a future JDK release
Warning: Nashorn engine is planned to be removed from a future JDK release
Warning: Nashorn engine is planned to be removed from a future JDK release
Warning: Nashorn engine is planned to be removed from a future JDK release
Warning: Nashorn engine is planned to be removed from a future JDK release
Warning: Nashorn engine is planned to be removed from a future JDK release
Warning: Nashorn engine is planned to be removed from a future JDK release
Warning: Nashorn engine is planned to be removed from a future JDK release
Warning: Nashorn engine is planned to be removed from a future JDK release
Warning: Nashorn engine is planned to be removed from a future JDK release
Warning: Nashorn engine is planned to be removed from a future JDK release
Warning: Nashorn engine is planned to be removed from a future JDK release
Warning: Nashorn engine is planned to be removed from a future JDK release
Warning: Nashorn engine is planned to be removed from a future JDK release
Warning: Nashorn engine is planned to be removed from a future JDK release
Warning: Nashorn engine is planned to be removed from a future JDK release
Warning: Nashorn engine is planned to be removed from a future JDK release
Warning: Nashorn engine is planned to be removed from a future JDK release
Warning: Nashorn engine is planned to be removed from a future JDK release
Warning: Nashorn engine is planned to be removed from a future JDK release
Warning: Nashorn engine is planned to be removed from a future JDK release
Warning: Nashorn engine is planned to be removed from a future JDK release
Warning: Nashorn engine is planned to be removed from a future JDK release
Warning: Nashorn engine is planned to be removed from a future JDK release
Warning: Nashorn engine is planned to be removed from a future JDK release
Warning: Nashorn engine is planned to be removed from a future JDK release
Warning: Nashorn engine is planned to be removed from a future JDK release
Warning: Nashorn engine is planned to be removed from a future JDK release
Warning: Nashorn engine is planned to be removed from a future JDK release
Warning: Nashorn engine is planned to be removed from a future JDK release
Warning: Nashorn engine is planned to be removed from a future JDK release
Warning: Nashorn engine is planned to be removed from a future JDK release
Warning: Nashorn engine is planned to be removed from a future JDK release
Warning: Nashorn engine is planned to be removed from a future JDK release
Warning: Nashorn engine is planned to be removed from a future JDK release
Warning: Nashorn engine is planned to be removed from a future JDK release
Warning: Nashorn engine is planned to be removed from a future JDK release
Warning: Nashorn engine is planned to be removed from a future JDK release
Warning: Nashorn engine is planned to be removed from a future JDK release
Warning: Nashorn engine is planned to be removed from a future JDK release
Warning: Nashorn engine is planned to be removed from a future JDK release
Warning: Nashorn engine is planned to be removed from a future JDK release
Warning: Nashorn engine is planned to be removed from a future JDK release
Warning: Nashorn engine is planned to be removed from a future JDK release
Warning: Nashorn engine is planned to be removed from a future JDK release
Warning: Nashorn engine is planned to be removed from a future JDK release
Warning: Nashorn engine is planned to be removed from a future JDK release
Warning: Nashorn engine is planned to be removed from a future JDK release
Warning: Nashorn engine is planned to be removed from a future JDK release
Warning: Nashorn engine is planned to be removed from a future JDK release
Warning: Nashorn engine is planned to be removed from a future JDK release
Warning: Nashorn engine is planned to be removed from a future JDK release
Warning: Nashorn engine is planned to be removed from a future JDK release
Warning: Nashorn engine is planned to be removed from a future JDK release
Warning: Nashorn engine is planned to be removed from a future JDK release
Warning: Nashorn engine is planned to be removed from a future JDK release
Warning: Nashorn engine is planned to be removed from a future JDK release
Warning: Nashorn engine is planned to be removed from a future JDK release
Warning: Nashorn engine is planned to be removed from a future JDK release
Warning: Nashorn engine is planned to be removed from a future JDK release
Warning: Nashorn engine is planned to be removed from a future JDK release
Warning: Nashorn engine is planned to be removed from a future JDK release
Warning: Nashorn engine is planned to be removed from a future JDK release
Warning: Nashorn engine is planned to be removed from a future JDK release
Warning: Nashorn engine is planned to be removed from a future JDK release
Warning: Nashorn engine is planned to be removed from a future JDK release
Warning: Nashorn engine is planned to be removed from a future JDK release
Warning: Nashorn engine is planned to be removed from a future JDK release
Warning: Nashorn engine is planned to be removed from a future JDK release
Warning: Nashorn engine is planned to be removed from a future JDK release
Warning: Nashorn engine is planned to be removed from a future JDK release
Warning: Nashorn engine is planned to be removed from a future JDK release
Warning: Nashorn engine is planned to be removed from a future JDK release
Warning: Nashorn engine is planned to be removed from a future JDK release
Warning: Nashorn engine is planned to be removed from a future JDK release
Warning: Nashorn engine is planned to be removed from a future JDK release
Warning: Nashorn engine is planned to be removed from a future JDK release
Warning: Nashorn engine is planned to be removed from a future JDK release
Warning: Nashorn engine is planned to be removed from a future JDK release
Warning: Nashorn engine is planned to be removed from a future JDK release
Warning: Nashorn engine is planned to be removed from a future JDK release
Warning: Nashorn engine is planned to be removed from a future JDK release
Warning: Nashorn engine is planned to be removed from a future JDK release
Warning: Nashorn engine is planned to be removed from a future JDK release
Warning: Nashorn engine is planned to be removed from a future JDK release
Warning: Nashorn engine is planned to be removed from a future JDK release
Warning: Nashorn engine is planned to be removed from a future JDK release
Warning: Nashorn engine is planned to be removed from a future JDK release
Warning: Nashorn engine is planned to be removed from a future JDK release
Warning: Nashorn engine is planned to be removed from a future JDK release
Warning: Nashorn engine is planned to be removed from a future JDK release
Warning: Nashorn engine is planned to be removed from a future JDK release
Warning: Nashorn engine is planned to be removed from a future JDK release
Warning: Nashorn engine is planned to be removed from a future JDK release
Warning: Nashorn engine is planned to be removed from a future JDK release
Warning: Nashorn engine is planned to be removed from a future JDK release
Warning: Nashorn engine is planned to be removed from a future JDK release
Warning: Nashorn engine is planned to be removed from a future JDK release
Warning: Nashorn engine is planned to be removed from a future JDK release
Warning: Nashorn engine is planned to be removed from a future JDK release
Warning: Nashorn engine is planned to be removed from a future JDK release
Warning: Nashorn engine is planned to be removed from a future JDK release
Warning: Nashorn engine is planned to be removed from a future JDK release
Warning: Nashorn engine is planned to be removed from a future JDK release
Warning: Nashorn engine is planned to be removed from a future JDK release
Warning: Nashorn engine is planned to be removed from a future JDK release
Warning: Nashorn engine is planned to be removed from a future JDK release
Warning: Nashorn engine is planned to be removed from a future JDK release
Warning: Nashorn engine is planned to be removed from a future JDK release
Warning: Nashorn engine is planned to be removed from a future JDK release
Warning: Nashorn engine is planned to be removed from a future JDK release
Warning: Nashorn engine is planned to be removed from a future JDK release
Warning: Nashorn engine is planned to be removed from a future JDK release
Warning: Nashorn engine is planned to be removed from a future JDK release
Warning: Nashorn engine is planned to be removed from a future JDK release
Warning: Nashorn engine is planned to be removed from a future JDK release
Warning: Nashorn engine is planned to be removed from a future JDK release
Warning: Nashorn engine is planned to be removed from a future JDK release
Warning: Nashorn engine is planned to be removed from a future JDK release
Warning: Nashorn engine is planned to be removed from a future JDK release
Warning: Nashorn engine is planned to be removed from a future JDK release
Warning: Nashorn engine is planned to be removed from a future JDK release
Warning: Nashorn engine is planned to be removed from a future JDK release
Warning: Nashorn engine is planned to be removed from a future JDK release
Warning: Nashorn engine is planned to be removed from a future JDK release
Warning: Nashorn engine is planned to be removed from a future JDK release
Warning: Nashorn engine is planned to be removed from a future JDK release
Warning: Nashorn engine is planned to be removed from a future JDK release
Warning: Nashorn engine is planned to be removed from a future JDK release
Warning: Nashorn engine is planned to be removed from a future JDK release
Warning: Nashorn engine is planned to be removed from a future JDK release
Warning: Nashorn engine is planned to be removed from a future JDK release
Warning: Nashorn engine is planned to be removed from a future JDK release
Warning: Nashorn engine is planned to be removed from a future JDK release
Warning: Nashorn engine is planned to be removed from a future JDK release
Warning: Nashorn engine is planned to be removed from a future JDK release
Warning: Nashorn engine is planned to be removed from a future JDK release
Warning: Nashorn engine is planned to be removed from a future JDK release
Warning: Nashorn engine is planned to be removed from a future JDK release
Warning: Nashorn engine is planned to be removed from a future JDK release
Warning: Nashorn engine is planned to be removed from a future JDK release
Warning: Nashorn engine is planned to be removed from a future JDK release
Warning: Nashorn engine is planned to be removed from a future JDK release
Warning: Nashorn engine is planned to be removed from a future JDK release
Warning: Nashorn engine is planned to be removed from a future JDK release
Warning: Nashorn engine is planned to be removed from a future JDK release
Warning: Nashorn engine is planned to be removed from a future JDK release
Warning: Nashorn engine is planned to be removed from a future JDK release
Warning: Nashorn engine is planned to be removed from a future JDK release
Warning: Nashorn engine is planned to be removed from a future JDK release
Warning: Nashorn engine is planned to be removed from a future JDK release
Warning: Nashorn engine is planned to be removed from a future JDK release
Warning: Nashorn engine is planned to be removed from a future JDK release
Warning: Nashorn engine is planned to be removed from a future JDK release
Warning: Nashorn engine is planned to be removed from a future JDK release
Warning: Nashorn engine is planned to be removed from a future JDK release
Warning: Nashorn engine is planned to be removed from a future JDK release
Warning: Nashorn engine is planned to be removed from a future JDK release
Warning: Nashorn engine is planned to be removed from a future JDK release
Warning: Nashorn engine is planned to be removed from a future JDK release
Warning: Nashorn engine is planned to be removed from a future JDK release
Warning: Nashorn engine is planned to be removed from a future JDK release
Warning: Nashorn engine is planned to be removed from a future JDK release
Warning: Nashorn engine is planned to be removed from a future JDK release
Warning: Nashorn engine is planned to be removed from a future JDK release
Warning: Nashorn engine is planned to be removed from a future JDK release
Warning: Nashorn engine is planned to be removed from a future JDK release
Warning: Nashorn engine is planned to be removed from a future JDK release
Warning: Nashorn engine is planned to be removed from a future JDK release
Warning: Nashorn engine is planned to be removed from a future JDK release
Warning: Nashorn engine is planned to be removed from a future JDK release
Warning: Nashorn engine is planned to be removed from a future JDK release
Warning: Nashorn engine is planned to be removed from a future JDK release
Warning: Nashorn engine is planned to be removed from a future JDK release
Warning: Nashorn engine is planned to be removed from a future JDK release
Warning: Nashorn engine is planned to be removed from a future JDK release
Warning: Nashorn engine is planned to be removed from a future JDK release
Warning: Nashorn engine is planned to be removed from a future JDK release
Warning: Nashorn engine is planned to be removed from a future JDK release
Warning: Nashorn engine is planned to be removed from a future JDK release
Warning: Nashorn engine is planned to be removed from a future JDK release
Warning: Nashorn engine is planned to be removed from a future JDK release
Warning: Nashorn engine is planned to be removed from a future JDK release
Warning: Nashorn engine is planned to be removed from a future JDK release
Warning: Nashorn engine is planned to be removed from a future JDK release
Warning: Nashorn engine is planned to be removed from a future JDK release
Warning: Nashorn engine is planned to be removed from a future JDK release
Warning: Nashorn engine is planned to be removed from a future JDK release
Warning: Nashorn engine is planned to be removed from a future JDK release
Warning: Nashorn engine is planned to be removed from a future JDK release
Warning: Nashorn engine is planned to be removed from a future JDK release
Warning: Nashorn engine is planned to be removed from a future JDK release
Warning: Nashorn engine is planned to be removed from a future JDK release
Warning: Nashorn engine is planned to be removed from a future JDK release
Warning: Nashorn engine is planned to be removed from a future JDK release
Warning: Nashorn engine is planned to be removed from a future JDK release
Warning: Nashorn engine is planned to be removed from a future JDK release
Warning: Nashorn engine is planned to be removed from a future JDK release
Warning: Nashorn engine is planned to be removed from a future JDK release
Warning: Nashorn engine is planned to be removed from a future JDK release
Warning: Nashorn engine is planned to be removed from a future JDK release
Warning: Nashorn engine is planned to be removed from a future JDK release
Warning: Nashorn engine is planned to be removed from a future JDK release
Warning: Nashorn engine is planned to be removed from a future JDK release
Warning: Nashorn engine is planned to be removed from a future JDK release
Warning: Nashorn engine is planned to be removed from a future JDK release
Warning: Nashorn engine is planned to be removed from a future JDK release
Warning: Nashorn engine is planned to be removed from a future JDK release
Warning: Nashorn engine is planned to be removed from a future JDK release
Warning: Nashorn engine is planned to be removed from a future JDK release
Warning: Nashorn engine is planned to be removed from a future JDK release
Warning: Nashorn engine is planned to be removed from a future JDK release
Warning: Nashorn engine is planned to be removed from a future JDK release
Warning: Nashorn engine is planned to be removed from a future JDK release
Warning: Nashorn engine is planned to be removed from a future JDK release
Warning: Nashorn engine is planned to be removed from a future JDK release
Warning: Nashorn engine is planned to be removed from a future JDK release
Warning: Nashorn engine is planned to be removed from a future JDK release
Warning: Nashorn engine is planned to be removed from a future JDK release
Warning: Nashorn engine is planned to be removed from a future JDK release
Warning: Nashorn engine is planned to be removed from a future JDK release
Warning: Nashorn engine is planned to be removed from a future JDK release
Warning: Nashorn engine is planned to be removed from a future JDK release
Warning: Nashorn engine is planned to be removed from a future JDK release
Warning: Nashorn engine is planned to be removed from a future JDK release
Warning: Nashorn engine is planned to be removed from a future JDK release
Warning: Nashorn engine is planned to be removed from a future JDK release
Warning: Nashorn engine is planned to be removed from a future JDK release
Warning: Nashorn engine is planned to be removed from a future JDK release
Warning: Nashorn engine is planned to be removed from a future JDK release
Warning: Nashorn engine is planned to be removed from a future JDK release
Warning: Nashorn engine is planned to be removed from a future JDK release
Warning: Nashorn engine is planned to be removed from a future JDK release
Warning: Nashorn engine is planned to be removed from a future JDK release
Warning: Nashorn engine is planned to be removed from a future JDK release
Warning: Nashorn engine is planned to be removed from a future JDK release
Warning: Nashorn engine is planned to be removed from a future JDK release
Warning: Nashorn engine is planned to be removed from a future JDK release
Warning: Nashorn engine is planned to be removed from a future JDK release
Warning: Nashorn engine is planned to be removed from a future JDK release
Warning: Nashorn engine is planned to be removed from a future JDK release
Warning: Nashorn engine is planned to be removed from a future JDK release
Warning: Nashorn engine is planned to be removed from a future JDK release
Warning: Nashorn engine is planned to be removed from a future JDK release
Warning: Nashorn engine is planned to be removed from a future JDK release
Warning: Nashorn engine is planned to be removed from a future JDK release
Warning: Nashorn engine is planned to be removed from a future JDK release
Warning: Nashorn engine is planned to be removed from a future JDK release
Warning: Nashorn engine is planned to be removed from a future JDK release
Warning: Nashorn engine is planned to be removed from a future JDK release
Warning: Nashorn engine is planned to be removed from a future JDK release
Warning: Nashorn engine is planned to be removed from a future JDK release
Warning: Nashorn engine is planned to be removed from a future JDK release
Warning: Nashorn engine is planned to be removed from a future JDK release
Warning: Nashorn engine is planned to be removed from a future JDK release
Warning: Nashorn engine is planned to be removed from a future JDK release
Warning: Nashorn engine is planned to be removed from a future JDK release
Warning: Nashorn engine is planned to be removed from a future JDK release
Warning: Nashorn engine is planned to be removed from a future JDK release
Warning: Nashorn engine is planned to be removed from a future JDK release
Warning: Nashorn engine is planned to be removed from a future JDK release
Warning: Nashorn engine is planned to be removed from a future JDK release
Warning: Nashorn engine is planned to be removed from a future JDK release
Warning: Nashorn engine is planned to be removed from a future JDK release
Warning: Nashorn engine is planned to be removed from a future JDK release
Warning: Nashorn engine is planned to be removed from a future JDK release
Warning: Nashorn engine is planned to be removed from a future JDK release
Warning: Nashorn engine is planned to be removed from a future JDK release
Warning: Nashorn engine is planned to be removed from a future JDK release
Warning: Nashorn engine is planned to be removed from a future JDK release
Warning: Nashorn engine is planned to be removed from a future JDK release
Warning: Nashorn engine is planned to be removed from a future JDK release
Warning: Nashorn engine is planned to be removed from a future JDK release
Warning: Nashorn engine is planned to be removed from a future JDK release
Warning: Nashorn engine is planned to be removed from a future JDK release
Warning: Nashorn engine is planned to be removed from a future JDK release
Warning: Nashorn engine is planned to be removed from a future JDK release
Warning: Nashorn engine is planned to be removed from a future JDK release
Warning: Nashorn engine is planned to be removed from a future JDK release
Warning: Nashorn engine is planned to be removed from a future JDK release
Warning: Nashorn engine is planned to be removed from a future JDK release
Warning: Nashorn engine is planned to be removed from a future JDK release
Warning: Nashorn engine is planned to be removed from a future JDK release
Warning: Nashorn engine is planned to be removed from a future JDK release
Warning: Nashorn engine is planned to be removed from a future JDK release
Warning: Nashorn engine is planned to be removed from a future JDK release
Warning: Nashorn engine is planned to be removed from a future JDK release
Warning: Nashorn engine is planned to be removed from a future JDK release
Warning: Nashorn engine is planned to be removed from a future JDK release
Warning: Nashorn engine is planned to be removed from a future JDK release
Warning: Nashorn engine is planned to be removed from a future JDK release
Warning: Nashorn engine is planned to be removed from a future JDK release
Warning: Nashorn engine is planned to be removed from a future JDK release
Warning: Nashorn engine is planned to be removed from a future JDK release
Warning: Nashorn engine is planned to be removed from a future JDK release
Warning: Nashorn engine is planned to be removed from a future JDK release
Warning: Nashorn engine is planned to be removed from a future JDK release
Warning: Nashorn engine is planned to be removed from a future JDK release
Warning: Nashorn engine is planned to be removed from a future JDK release
Warning: Nashorn engine is planned to be removed from a future JDK release
Warning: Nashorn engine is planned to be removed from a future JDK release
Warning: Nashorn engine is planned to be removed from a future JDK release
Warning: Nashorn engine is planned to be removed from a future JDK release
Warning: Nashorn engine is planned to be removed from a future JDK release
Warning: Nashorn engine is planned to be removed from a future JDK release
Warning: Nashorn engine is planned to be removed from a future JDK release
Warning: Nashorn engine is planned to be removed from a future JDK release
Warning: Nashorn engine is planned to be removed from a future JDK release
Warning: Nashorn engine is planned to be removed from a future JDK release
Warning: Nashorn engine is planned to be removed from a future JDK release
Warning: Nashorn engine is planned to be removed from a future JDK release
Warning: Nashorn engine is planned to be removed from a future JDK release
Warning: Nashorn engine is planned to be removed from a future JDK release
Warning: Nashorn engine is planned to be removed from a future JDK release
Warning: Nashorn engine is planned to be removed from a future JDK release
Warning: Nashorn engine is planned to be removed from a future JDK release
Warning: Nashorn engine is planned to be removed from a future JDK release
Warning: Nashorn engine is planned to be removed from a future JDK release
Warning: Nashorn engine is planned to be removed from a future JDK release
Warning: Nashorn engine is planned to be removed from a future JDK release
Warning: Nashorn engine is planned to be removed from a future JDK release
Warning: Nashorn engine is planned to be removed from a future JDK release
Warning: Nashorn engine is planned to be removed from a future JDK release
Warning: Nashorn engine is planned to be removed from a future JDK release
Warning: Nashorn engine is planned to be removed from a future JDK release
Warning: Nashorn engine is planned to be removed from a future JDK release
Warning: Nashorn engine is planned to be removed from a future JDK release
Warning: Nashorn engine is planned to be removed from a future JDK release
Warning: Nashorn engine is planned to be removed from a future JDK release
Warning: Nashorn engine is planned to be removed from a future JDK release
Warning: Nashorn engine is planned to be removed from a future JDK release
Warning: Nashorn engine is planned to be removed from a future JDK release
Warning: Nashorn engine is planned to be removed from a future JDK release
Warning: Nashorn engine is planned to be removed from a future JDK release
Warning: Nashorn engine is planned to be removed from a future JDK release
Warning: Nashorn engine is planned to be removed from a future JDK release
Warning: Nashorn engine is planned to be removed from a future JDK release
Warning: Nashorn engine is planned to be removed from a future JDK release
Warning: Nashorn engine is planned to be removed from a future JDK release
Warning: Nashorn engine is planned to be removed from a future JDK release
Warning: Nashorn engine is planned to be removed from a future JDK release
Warning: Nashorn engine is planned to be removed from a future JDK release
Warning: Nashorn engine is planned to be removed from a future JDK release
Warning: Nashorn engine is planned to be removed from a future JDK release
Warning: Nashorn engine is planned to be removed from a future JDK release
Warning: Nashorn engine is planned to be removed from a future JDK release
Warning: Nashorn engine is planned to be removed from a future JDK release
Warning: Nashorn engine is planned to be removed from a future JDK release
Warning: Nashorn engine is planned to be removed from a future JDK release
Warning: Nashorn engine is planned to be removed from a future JDK release
Warning: Nashorn engine is planned to be removed from a future JDK release
Warning: Nashorn engine is planned to be removed from a future JDK release
Warning: Nashorn engine is planned to be removed from a future JDK release
Warning: Nashorn engine is planned to be removed from a future JDK release
Warning: Nashorn engine is planned to be removed from a future JDK release
Warning: Nashorn engine is planned to be removed from a future JDK release
Warning: Nashorn engine is planned to be removed from a future JDK release
Warning: Nashorn engine is planned to be removed from a future JDK release
Warning: Nashorn engine is planned to be removed from a future JDK release
Warning: Nashorn engine is planned to be removed from a future JDK release
Warning: Nashorn engine is planned to be removed from a future JDK release
Warning: Nashorn engine is planned to be removed from a future JDK release
Warning: Nashorn engine is planned to be removed from a future JDK release
Warning: Nashorn engine is planned to be removed from a future JDK release
Warning: Nashorn engine is planned to be removed from a future JDK release
Warning: Nashorn engine is planned to be removed from a future JDK release
Warning: Nashorn engine is planned to be removed from a future JDK release
Warning: Nashorn engine is planned to be removed from a future JDK release
Warning: Nashorn engine is planned to be removed from a future JDK release
Warning: Nashorn engine is planned to be removed from a future JDK release
Warning: Nashorn engine is planned to be removed from a future JDK release
Warning: Nashorn engine is planned to be removed from a future JDK release
Warning: Nashorn engine is planned to be removed from a future JDK release
Warning: Nashorn engine is planned to be removed from a future JDK release
Warning: Nashorn engine is planned to be removed from a future JDK release
Warning: Nashorn engine is planned to be removed from a future JDK release
Warning: Nashorn engine is planned to be removed from a future JDK release
Warning: Nashorn engine is planned to be removed from a future JDK release
Warning: Nashorn engine is planned to be removed from a future JDK release
Warning: Nashorn engine is planned to be removed from a future JDK release
Warning: Nashorn engine is planned to be removed from a future JDK release
Warning: Nashorn engine is planned to be removed from a future JDK release
Warning: Nashorn engine is planned to be removed from a future JDK release
Warning: Nashorn engine is planned to be removed from a future JDK release
Warning: Nashorn engine is planned to be removed from a future JDK release
Warning: Nashorn engine is planned to be removed from a future JDK release
Warning: Nashorn engine is planned to be removed from a future JDK release
Warning: Nashorn engine is planned to be removed from a future JDK release
Warning: Nashorn engine is planned to be removed from a future JDK release
Warning: Nashorn engine is planned to be removed from a future JDK release
Warning: Nashorn engine is planned to be removed from a future JDK release
Warning: Nashorn engine is planned to be removed from a future JDK release
Warning: Nashorn engine is planned to be removed from a future JDK release
Warning: Nashorn engine is planned to be removed from a future JDK release
Warning: Nashorn engine is planned to be removed from a future JDK release
Warning: Nashorn engine is planned to be removed from a future JDK release
Warning: Nashorn engine is planned to be removed from a future JDK release
Warning: Nashorn engine is planned to be removed from a future JDK release
Warning: Nashorn engine is planned to be removed from a future JDK release
Warning: Nashorn engine is planned to be removed from a future JDK release
Warning: Nashorn engine is planned to be removed from a future JDK release
Warning: Nashorn engine is planned to be removed from a future JDK release
Warning: Nashorn engine is planned to be removed from a future JDK release
Warning: Nashorn engine is planned to be removed from a future JDK release
Warning: Nashorn engine is planned to be removed from a future JDK release
Warning: Nashorn engine is planned to be removed from a future JDK release
Warning: Nashorn engine is planned to be removed from a future JDK release
Warning: Nashorn engine is planned to be removed from a future JDK release
Warning: Nashorn engine is planned to be removed from a future JDK release
Warning: Nashorn engine is planned to be removed from a future JDK release
Warning: Nashorn engine is planned to be removed from a future JDK release
Warning: Nashorn engine is planned to be removed from a future JDK release
Warning: Nashorn engine is planned to be removed from a future JDK release
Warning: Nashorn engine is planned to be removed from a future JDK release
Warning: Nashorn engine is planned to be removed from a future JDK release
Warning: Nashorn engine is planned to be removed from a future JDK release
Warning: Nashorn engine is planned to be removed from a future JDK release
Warning: Nashorn engine is planned to be removed from a future JDK release
Warning: Nashorn engine is planned to be removed from a future JDK release
Warning: Nashorn engine is planned to be removed from a future JDK release
Warning: Nashorn engine is planned to be removed from a future JDK release
Warning: Nashorn engine is planned to be removed from a future JDK release
Warning: Nashorn engine is planned to be removed from a future JDK release
Warning: Nashorn engine is planned to be removed from a future JDK release
Warning: Nashorn engine is planned to be removed from a future JDK release
Warning: Nashorn engine is planned to be removed from a future JDK release
Warning: Nashorn engine is planned to be removed from a future JDK release
Warning: Nashorn engine is planned to be removed from a future JDK release
Warning: Nashorn engine is planned to be removed from a future JDK release
Warning: Nashorn engine is planned to be removed from a future JDK release
Warning: Nashorn engine is planned to be removed from a future JDK release
Warning: Nashorn engine is planned to be removed from a future JDK release
Warning: Nashorn engine is planned to be removed from a future JDK release
Warning: Nashorn engine is planned to be removed from a future JDK release
Warning: Nashorn engine is planned to be removed from a future JDK release
Warning: Nashorn engine is planned to be removed from a future JDK release
Warning: Nashorn engine is planned to be removed from a future JDK release
Warning: Nashorn engine is planned to be removed from a future JDK release
Warning: Nashorn engine is planned to be removed from a future JDK release
Warning: Nashorn engine is planned to be removed from a future JDK release
Warning: Nashorn engine is planned to be removed from a future JDK release
Warning: Nashorn engine is planned to be removed from a future JDK release
Warning: Nashorn engine is planned to be removed from a future JDK release
Warning: Nashorn engine is planned to be removed from a future JDK release
Warning: Nashorn engine is planned to be removed from a future JDK release
Warning: Nashorn engine is planned to be removed from a future JDK release
Warning: Nashorn engine is planned to be removed from a future JDK release
Warning: Nashorn engine is planned to be removed from a future JDK release
Warning: Nashorn engine is planned to be removed from a future JDK release
Warning: Nashorn engine is planned to be removed from a future JDK release
Warning: Nashorn engine is planned to be removed from a future JDK release
Warning: Nashorn engine is planned to be removed from a future JDK release
Warning: Nashorn engine is planned to be removed from a future JDK release
Warning: Nashorn engine is planned to be removed from a future JDK release
Warning: Nashorn engine is planned to be removed from a future JDK release
Warning: Nashorn engine is planned to be removed from a future JDK release
Warning: Nashorn engine is planned to be removed from a future JDK release
Warning: Nashorn engine is planned to be removed from a future JDK release
Warning: Nashorn engine is planned to be removed from a future JDK release
Warning: Nashorn engine is planned to be removed from a future JDK release
Warning: Nashorn engine is planned to be removed from a future JDK release
Warning: Nashorn engine is planned to be removed from a future JDK release
Warning: Nashorn engine is planned to be removed from a future JDK release
Warning: Nashorn engine is planned to be removed from a future JDK release
Warning: Nashorn engine is planned to be removed from a future JDK release
Warning: Nashorn engine is planned to be removed from a future JDK release
Warning: Nashorn engine is planned to be removed from a future JDK release
Warning: Nashorn engine is planned to be removed from a future JDK release
Warning: Nashorn engine is planned to be removed from a future JDK release
Warning: Nashorn engine is planned to be removed from a future JDK release
Warning: Nashorn engine is planned to be removed from a future JDK release
Warning: Nashorn engine is planned to be removed from a future JDK release
Warning: Nashorn engine is planned to be removed from a future JDK release
Warning: Nashorn engine is planned to be removed from a future JDK release
Warning: Nashorn engine is planned to be removed from a future JDK release
Warning: Nashorn engine is planned to be removed from a future JDK release
Warning: Nashorn engine is planned to be removed from a future JDK release
Warning: Nashorn engine is planned to be removed from a future JDK release
Warning: Nashorn engine is planned to be removed from a future JDK release
Warning: Nashorn engine is planned to be removed from a future JDK release
Warning: Nashorn engine is planned to be removed from a future JDK release
Warning: Nashorn engine is planned to be removed from a future JDK release
Warning: Nashorn engine is planned to be removed from a future JDK release
Warning: Nashorn engine is planned to be removed from a future JDK release
Warning: Nashorn engine is planned to be removed from a future JDK release
Warning: Nashorn engine is planned to be removed from a future JDK release
Warning: Nashorn engine is planned to be removed from a future JDK release
Warning: Nashorn engine is planned to be removed from a future JDK release
Warning: Nashorn engine is planned to be removed from a future JDK release
Warning: Nashorn engine is planned to be removed from a future JDK release
Warning: Nashorn engine is planned to be removed from a future JDK release
Warning: Nashorn engine is planned to be removed from a future JDK release
Warning: Nashorn engine is planned to be removed from a future JDK release
Warning: Nashorn engine is planned to be removed from a future JDK release
Warning: Nashorn engine is planned to be removed from a future JDK release
Warning: Nashorn engine is planned to be removed from a future JDK release
Warning: Nashorn engine is planned to be removed from a future JDK release
Warning: Nashorn engine is planned to be removed from a future JDK release
Warning: Nashorn engine is planned to be removed from a future JDK release
Warning: Nashorn engine is planned to be removed from a future JDK release
Warning: Nashorn engine is planned to be removed from a future JDK release
Warning: Nashorn engine is planned to be removed from a future JDK release
Warning: Nashorn engine is planned to be removed from a future JDK release
Warning: Nashorn engine is planned to be removed from a future JDK release
Warning: Nashorn engine is planned to be removed from a future JDK release
Warning: Nashorn engine is planned to be removed from a future JDK release
Warning: Nashorn engine is planned to be removed from a future JDK release
Warning: Nashorn engine is planned to be removed from a future JDK release
Warning: Nashorn engine is planned to be removed from a future JDK release
Warning: Nashorn engine is planned to be removed from a future JDK release
Warning: Nashorn engine is planned to be removed from a future JDK release
Warning: Nashorn engine is planned to be removed from a future JDK release
Warning: Nashorn engine is planned to be removed from a future JDK release
Warning: Nashorn engine is planned to be removed from a future JDK release
Warning: Nashorn engine is planned to be removed from a future JDK release
Warning: Nashorn engine is planned to be removed from a future JDK release
Warning: Nashorn engine is planned to be removed from a future JDK release
Warning: Nashorn engine is planned to be removed from a future JDK release
Warning: Nashorn engine is planned to be removed from a future JDK release
Warning: Nashorn engine is planned to be removed from a future JDK release
Warning: Nashorn engine is planned to be removed from a future JDK release
Warning: Nashorn engine is planned to be removed from a future JDK release
Warning: Nashorn engine is planned to be removed from a future JDK release
Warning: Nashorn engine is planned to be removed from a future JDK release
Warning: Nashorn engine is planned to be removed from a future JDK release
Warning: Nashorn engine is planned to be removed from a future JDK release
Warning: Nashorn engine is planned to be removed from a future JDK release
Warning: Nashorn engine is planned to be removed from a future JDK release
Warning: Nashorn engine is planned to be removed from a future JDK release
Warning: Nashorn engine is planned to be removed from a future JDK release
Warning: Nashorn engine is planned to be removed from a future JDK release
Warning: Nashorn engine is planned to be removed from a future JDK release
Warning: Nashorn engine is planned to be removed from a future JDK release
Warning: Nashorn engine is planned to be removed from a future JDK release
Warning: Nashorn engine is planned to be removed from a future JDK release
Warning: Nashorn engine is planned to be removed from a future JDK release
Warning: Nashorn engine is planned to be removed from a future JDK release
Warning: Nashorn engine is planned to be removed from a future JDK release
Warning: Nashorn engine is planned to be removed from a future JDK release
Warning: Nashorn engine is planned to be removed from a future JDK release
Warning: Nashorn engine is planned to be removed from a future JDK release
Warning: Nashorn engine is planned to be removed from a future JDK release
Warning: Nashorn engine is planned to be removed from a future JDK release
Warning: Nashorn engine is planned to be removed from a future JDK release
Warning: Nashorn engine is planned to be removed from a future JDK release
Warning: Nashorn engine is planned to be removed from a future JDK release
Warning: Nashorn engine is planned to be removed from a future JDK release
Warning: Nashorn engine is planned to be removed from a future JDK release
Warning: Nashorn engine is planned to be removed from a future JDK release
Warning: Nashorn engine is planned to be removed from a future JDK release
Warning: Nashorn engine is planned to be removed from a future JDK release
Warning: Nashorn engine is planned to be removed from a future JDK release
Warning: Nashorn engine is planned to be removed from a future JDK release
Warning: Nashorn engine is planned to be removed from a future JDK release
Warning: Nashorn engine is planned to be removed from a future JDK release
Warning: Nashorn engine is planned to be removed from a future JDK release
Warning: Nashorn engine is planned to be removed from a future JDK release
Warning: Nashorn engine is planned to be removed from a future JDK release
Warning: Nashorn engine is planned to be removed from a future JDK release
Warning: Nashorn engine is planned to be removed from a future JDK release
Warning: Nashorn engine is planned to be removed from a future JDK release
Warning: Nashorn engine is planned to be removed from a future JDK release
Warning: Nashorn engine is planned to be removed from a future JDK release
Warning: Nashorn engine is planned to be removed from a future JDK release
Warning: Nashorn engine is planned to be removed from a future JDK release
Warning: Nashorn engine is planned to be removed from a future JDK release
Warning: Nashorn engine is planned to be removed from a future JDK release
Warning: Nashorn engine is planned to be removed from a future JDK release
Warning: Nashorn engine is planned to be removed from a future JDK release
Warning: Nashorn engine is planned to be removed from a future JDK release
Warning: Nashorn engine is planned to be removed from a future JDK release
Warning: Nashorn engine is planned to be removed from a future JDK release
Warning: Nashorn engine is planned to be removed from a future JDK release
Warning: Nashorn engine is planned to be removed from a future JDK release
Warning: Nashorn engine is planned to be removed from a future JDK release
Warning: Nashorn engine is planned to be removed from a future JDK release
Warning: Nashorn engine is planned to be removed from a future JDK release
Warning: Nashorn engine is planned to be removed from a future JDK release
Warning: Nashorn engine is planned to be removed from a future JDK release
Warning: Nashorn engine is planned to be removed from a future JDK release
Warning: Nashorn engine is planned to be removed from a future JDK release
Warning: Nashorn engine is planned to be removed from a future JDK release
Warning: Nashorn engine is planned to be removed from a future JDK release
Warning: Nashorn engine is planned to be removed from a future JDK release
Warning: Nashorn engine is planned to be removed from a future JDK release
Warning: Nashorn engine is planned to be removed from a future JDK release
Warning: Nashorn engine is planned to be removed from a future JDK release
Warning: Nashorn engine is planned to be removed from a future JDK release
Warning: Nashorn engine is planned to be removed from a future JDK release
Warning: Nashorn engine is planned to be removed from a future JDK release
Warning: Nashorn engine is planned to be removed from a future JDK release
Warning: Nashorn engine is planned to be removed from a future JDK release
Warning: Nashorn engine is planned to be removed from a future JDK release
Warning: Nashorn engine is planned to be removed from a future JDK release
Warning: Nashorn engine is planned to be removed from a future JDK release
Warning: Nashorn engine is planned to be removed from a future JDK release
Warning: Nashorn engine is planned to be removed from a future JDK release
Warning: Nashorn engine is planned to be removed from a future JDK release
Warning: Nashorn engine is planned to be removed from a future JDK release
Warning: Nashorn engine is planned to be removed from a future JDK release
Warning: Nashorn engine is planned to be removed from a future JDK release
Warning: Nashorn engine is planned to be removed from a future JDK release
Warning: Nashorn engine is planned to be removed from a future JDK release
Warning: Nashorn engine is planned to be removed from a future JDK release
Warning: Nashorn engine is planned to be removed from a future JDK release
Warning: Nashorn engine is planned to be removed from a future JDK release
Warning: Nashorn engine is planned to be removed from a future JDK release
Warning: Nashorn engine is planned to be removed from a future JDK release
Warning: Nashorn engine is planned to be removed from a future JDK release
Warning: Nashorn engine is planned to be removed from a future JDK release
Warning: Nashorn engine is planned to be removed from a future JDK release
Warning: Nashorn engine is planned to be removed from a future JDK release
Warning: Nashorn engine is planned to be removed from a future JDK release
Warning: Nashorn engine is planned to be removed from a future JDK release
Warning: Nashorn engine is planned to be removed from a future JDK release
Warning: Nashorn engine is planned to be removed from a future JDK release
Warning: Nashorn engine is planned to be removed from a future JDK release
Warning: Nashorn engine is planned to be removed from a future JDK release
Warning: Nashorn engine is planned to be removed from a future JDK release
Warning: Nashorn engine is planned to be removed from a future JDK release
Warning: Nashorn engine is planned to be removed from a future JDK release
Warning: Nashorn engine is planned to be removed from a future JDK release
Warning: Nashorn engine is planned to be removed from a future JDK release
Warning: Nashorn engine is planned to be removed from a future JDK release
Warning: Nashorn engine is planned to be removed from a future JDK release
Warning: Nashorn engine is planned to be removed from a future JDK release
Warning: Nashorn engine is planned to be removed from a future JDK release
Warning: Nashorn engine is planned to be removed from a future JDK release
Warning: Nashorn engine is planned to be removed from a future JDK release
Warning: Nashorn engine is planned to be removed from a future JDK release
Warning: Nashorn engine is planned to be removed from a future JDK release
Warning: Nashorn engine is planned to be removed from a future JDK release
Warning: Nashorn engine is planned to be removed from a future JDK release
Warning: Nashorn engine is planned to be removed from a future JDK release
Warning: Nashorn engine is planned to be removed from a future JDK release
Warning: Nashorn engine is planned to be removed from a future JDK release
Warning: Nashorn engine is planned to be removed from a future JDK release
Warning: Nashorn engine is planned to be removed from a future JDK release
Warning: Nashorn engine is planned to be removed from a future JDK release
Warning: Nashorn engine is planned to be removed from a future JDK release
Warning: Nashorn engine is planned to be removed from a future JDK release
Warning: Nashorn engine is planned to be removed from a future JDK release
Warning: Nashorn engine is planned to be removed from a future JDK release
Warning: Nashorn engine is planned to be removed from a future JDK release
Warning: Nashorn engine is planned to be removed from a future JDK release
Warning: Nashorn engine is planned to be removed from a future JDK release
Warning: Nashorn engine is planned to be removed from a future JDK release
Warning: Nashorn engine is planned to be removed from a future JDK release
Warning: Nashorn engine is planned to be removed from a future JDK release
Warning: Nashorn engine is planned to be removed from a future JDK release
Warning: Nashorn engine is planned to be removed from a future JDK release
Warning: Nashorn engine is planned to be removed from a future JDK release
Warning: Nashorn engine is planned to be removed from a future JDK release
Warning: Nashorn engine is planned to be removed from a future JDK release
Warning: Nashorn engine is planned to be removed from a future JDK release
Warning: Nashorn engine is planned to be removed from a future JDK release
Warning: Nashorn engine is planned to be removed from a future JDK release
Warning: Nashorn engine is planned to be removed from a future JDK release
Warning: Nashorn engine is planned to be removed from a future JDK release
Warning: Nashorn engine is planned to be removed from a future JDK release
Warning: Nashorn engine is planned to be removed from a future JDK release
Warning: Nashorn engine is planned to be removed from a future JDK release
Warning: Nashorn engine is planned to be removed from a future JDK release
Warning: Nashorn engine is planned to be removed from a future JDK release
Warning: Nashorn engine is planned to be removed from a future JDK release
Warning: Nashorn engine is planned to be removed from a future JDK release
Warning: Nashorn engine is planned to be removed from a future JDK release
Warning: Nashorn engine is planned to be removed from a future JDK release
Warning: Nashorn engine is planned to be removed from a future JDK release
Warning: Nashorn engine is planned to be removed from a future JDK release
Warning: Nashorn engine is planned to be removed from a future JDK release
Warning: Nashorn engine is planned to be removed from a future JDK release
Warning: Nashorn engine is planned to be removed from a future JDK release
Warning: Nashorn engine is planned to be removed from a future JDK release
Warning: Nashorn engine is planned to be removed from a future JDK release
Warning: Nashorn engine is planned to be removed from a future JDK release
Warning: Nashorn engine is planned to be removed from a future JDK release
Warning: Nashorn engine is planned to be removed from a future JDK release
Warning: Nashorn engine is planned to be removed from a future JDK release
Warning: Nashorn engine is planned to be removed from a future JDK release
Warning: Nashorn engine is planned to be removed from a future JDK release
Warning: Nashorn engine is planned to be removed from a future JDK release
Warning: Nashorn engine is planned to be removed from a future JDK release
Warning: Nashorn engine is planned to be removed from a future JDK release
Warning: Nashorn engine is planned to be removed from a future JDK release
Warning: Nashorn engine is planned to be removed from a future JDK release
Warning: Nashorn engine is planned to be removed from a future JDK release
Warning: Nashorn engine is planned to be removed from a future JDK release
Warning: Nashorn engine is planned to be removed from a future JDK release
Warning: Nashorn engine is planned to be removed from a future JDK release
Warning: Nashorn engine is planned to be removed from a future JDK release
Warning: Nashorn engine is planned to be removed from a future JDK release
Warning: Nashorn engine is planned to be removed from a future JDK release
Warning: Nashorn engine is planned to be removed from a future JDK release
Warning: Nashorn engine is planned to be removed from a future JDK release
Warning: Nashorn engine is planned to be removed from a future JDK release
Warning: Nashorn engine is planned to be removed from a future JDK release
Warning: Nashorn engine is planned to be removed from a future JDK release
Warning: Nashorn engine is planned to be removed from a future JDK release
Warning: Nashorn engine is planned to be removed from a future JDK release
Warning: Nashorn engine is planned to be removed from a future JDK release
Warning: Nashorn engine is planned to be removed from a future JDK release
Warning: Nashorn engine is planned to be removed from a future JDK release
Warning: Nashorn engine is planned to be removed from a future JDK release
Warning: Nashorn engine is planned to be removed from a future JDK release
Warning: Nashorn engine is planned to be removed from a future JDK release
Warning: Nashorn engine is planned to be removed from a future JDK release
Warning: Nashorn engine is planned to be removed from a future JDK release
Warning: Nashorn engine is planned to be removed from a future JDK release
Warning: Nashorn engine is planned to be removed from a future JDK release
Warning: Nashorn engine is planned to be removed from a future JDK release
Warning: Nashorn engine is planned to be removed from a future JDK release
Warning: Nashorn engine is planned to be removed from a future JDK release
Warning: Nashorn engine is planned to be removed from a future JDK release
Warning: Nashorn engine is planned to be removed from a future JDK release
Warning: Nashorn engine is planned to be removed from a future JDK release
Warning: Nashorn engine is planned to be removed from a future JDK release
Warning: Nashorn engine is planned to be removed from a future JDK release
Warning: Nashorn engine is planned to be removed from a future JDK release
Warning: Nashorn engine is planned to be removed from a future JDK release
Warning: Nashorn engine is planned to be removed from a future JDK release
Warning: Nashorn engine is planned to be removed from a future JDK release
Warning: Nashorn engine is planned to be removed from a future JDK release
Warning: Nashorn engine is planned to be removed from a future JDK release
Warning: Nashorn engine is planned to be removed from a future JDK release
Warning: Nashorn engine is planned to be removed from a future JDK release
Warning: Nashorn engine is planned to be removed from a future JDK release
Warning: Nashorn engine is planned to be removed from a future JDK release
Warning: Nashorn engine is planned to be removed from a future JDK release
Warning: Nashorn engine is planned to be removed from a future JDK release
Warning: Nashorn engine is planned to be removed from a future JDK release
Warning: Nashorn engine is planned to be removed from a future JDK release
Warning: Nashorn engine is planned to be removed from a future JDK release
Warning: Nashorn engine is planned to be removed from a future JDK release
Warning: Nashorn engine is planned to be removed from a future JDK release
Warning: Nashorn engine is planned to be removed from a future JDK release
Warning: Nashorn engine is planned to be removed from a future JDK release
Warning: Nashorn engine is planned to be removed from a future JDK release
Warning: Nashorn engine is planned to be removed from a future JDK release
Warning: Nashorn engine is planned to be removed from a future JDK release
Warning: Nashorn engine is planned to be removed from a future JDK release
Warning: Nashorn engine is planned to be removed from a future JDK release
Warning: Nashorn engine is planned to be removed from a future JDK release
Warning: Nashorn engine is planned to be removed from a future JDK release
Warning: Nashorn engine is planned to be removed from a future JDK release
Warning: Nashorn engine is planned to be removed from a future JDK release
Warning: Nashorn engine is planned to be removed from a future JDK release
Warning: Nashorn engine is planned to be removed from a future JDK release
Warning: Nashorn engine is planned to be removed from a future JDK release
Warning: Nashorn engine is planned to be removed from a future JDK release
Warning: Nashorn engine is planned to be removed from a future JDK release
Warning: Nashorn engine is planned to be removed from a future JDK release
Warning: Nashorn engine is planned to be removed from a future JDK release
Warning: Nashorn engine is planned to be removed from a future JDK release
Warning: Nashorn engine is planned to be removed from a future JDK release
Warning: Nashorn engine is planned to be removed from a future JDK release
Warning: Nashorn engine is planned to be removed from a future JDK release
Warning: Nashorn engine is planned to be removed from a future JDK release
Warning: Nashorn engine is planned to be removed from a future JDK release
Warning: Nashorn engine is planned to be removed from a future JDK release
Warning: Nashorn engine is planned to be removed from a future JDK release
Warning: Nashorn engine is planned to be removed from a future JDK release
Warning: Nashorn engine is planned to be removed from a future JDK release
Warning: Nashorn engine is planned to be removed from a future JDK release
Warning: Nashorn engine is planned to be removed from a future JDK release
Warning: Nashorn engine is planned to be removed from a future JDK release
Warning: Nashorn engine is planned to be removed from a future JDK release
Warning: Nashorn engine is planned to be removed from a future JDK release
Warning: Nashorn engine is planned to be removed from a future JDK release
Warning: Nashorn engine is planned to be removed from a future JDK release
Warning: Nashorn engine is planned to be removed from a future JDK release
Warning: Nashorn engine is planned to be removed from a future JDK release
Warning: Nashorn engine is planned to be removed from a future JDK release
Warning: Nashorn engine is planned to be removed from a future JDK release
Warning: Nashorn engine is planned to be removed from a future JDK release
Warning: Nashorn engine is planned to be removed from a future JDK release
Warning: Nashorn engine is planned to be removed from a future JDK release
Warning: Nashorn engine is planned to be removed from a future JDK release
Warning: Nashorn engine is planned to be removed from a future JDK release
Warning: Nashorn engine is planned to be removed from a future JDK release
Warning: Nashorn engine is planned to be removed from a future JDK release
Warning: Nashorn engine is planned to be removed from a future JDK release
Warning: Nashorn engine is planned to be removed from a future JDK release
Warning: Nashorn engine is planned to be removed from a future JDK release
Warning: Nashorn engine is planned to be removed from a future JDK release
Warning: Nashorn engine is planned to be removed from a future JDK release
Warning: Nashorn engine is planned to be removed from a future JDK release
Warning: Nashorn engine is planned to be removed from a future JDK release
Warning: Nashorn engine is planned to be removed from a future JDK release
Warning: Nashorn engine is planned to be removed from a future JDK release
Warning: Nashorn engine is planned to be removed from a future JDK release
Warning: Nashorn engine is planned to be removed from a future JDK release
Warning: Nashorn engine is planned to be removed from a future JDK release
Warning: Nashorn engine is planned to be removed from a future JDK release
Warning: Nashorn engine is planned to be removed from a future JDK release
Warning: Nashorn engine is planned to be removed from a future JDK release
Warning: Nashorn engine is planned to be removed from a future JDK release
Warning: Nashorn engine is planned to be removed from a future JDK release
Warning: Nashorn engine is planned to be removed from a future JDK release
Warning: Nashorn engine is planned to be removed from a future JDK release
Warning: Nashorn engine is planned to be removed from a future JDK release
Warning: Nashorn engine is planned to be removed from a future JDK release
Warning: Nashorn engine is planned to be removed from a future JDK release
Warning: Nashorn engine is planned to be removed from a future JDK release
Warning: Nashorn engine is planned to be removed from a future JDK release
Warning: Nashorn engine is planned to be removed from a future JDK release
Warning: Nashorn engine is planned to be removed from a future JDK release
Warning: Nashorn engine is planned to be removed from a future JDK release
Warning: Nashorn engine is planned to be removed from a future JDK release
Warning: Nashorn engine is planned to be removed from a future JDK release
Warning: Nashorn engine is planned to be removed from a future JDK release
Warning: Nashorn engine is planned to be removed from a future JDK release
Warning: Nashorn engine is planned to be removed from a future JDK release
Warning: Nashorn engine is planned to be removed from a future JDK release
Warning: Nashorn engine is planned to be removed from a future JDK release
Warning: Nashorn engine is planned to be removed from a future JDK release
Warning: Nashorn engine is planned to be removed from a future JDK release
Warning: Nashorn engine is planned to be removed from a future JDK release
Warning: Nashorn engine is planned to be removed from a future JDK release
Warning: Nashorn engine is planned to be removed from a future JDK release
Warning: Nashorn engine is planned to be removed from a future JDK release
Warning: Nashorn engine is planned to be removed from a future JDK release
Warning: Nashorn engine is planned to be removed from a future JDK release
Warning: Nashorn engine is planned to be removed from a future JDK release
Warning: Nashorn engine is planned to be removed from a future JDK release
Warning: Nashorn engine is planned to be removed from a future JDK release
Warning: Nashorn engine is planned to be removed from a future JDK release
Warning: Nashorn engine is planned to be removed from a future JDK release
Warning: Nashorn engine is planned to be removed from a future JDK release
Warning: Nashorn engine is planned to be removed from a future JDK release
Warning: Nashorn engine is planned to be removed from a future JDK release
Warning: Nashorn engine is planned to be removed from a future JDK release
Warning: Nashorn engine is planned to be removed from a future JDK release
Warning: Nashorn engine is planned to be removed from a future JDK release
Warning: Nashorn engine is planned to be removed from a future JDK release
Warning: Nashorn engine is planned to be removed from a future JDK release
Warning: Nashorn engine is planned to be removed from a future JDK release
Warning: Nashorn engine is planned to be removed from a future JDK release
Warning: Nashorn engine is planned to be removed from a future JDK release
Warning: Nashorn engine is planned to be removed from a future JDK release
Warning: Nashorn engine is planned to be removed from a future JDK release
Warning: Nashorn engine is planned to be removed from a future JDK release
Warning: Nashorn engine is planned to be removed from a future JDK release
Warning: Nashorn engine is planned to be removed from a future JDK release
Warning: Nashorn engine is planned to be removed from a future JDK release
Warning: Nashorn engine is planned to be removed from a future JDK release
Warning: Nashorn engine is planned to be removed from a future JDK release
Warning: Nashorn engine is planned to be removed from a future JDK release
Warning: Nashorn engine is planned to be removed from a future JDK release
Warning: Nashorn engine is planned to be removed from a future JDK release
Warning: Nashorn engine is planned to be removed from a future JDK release
Warning: Nashorn engine is planned to be removed from a future JDK release
Warning: Nashorn engine is planned to be removed from a future JDK release
Warning: Nashorn engine is planned to be removed from a future JDK release
Warning: Nashorn engine is planned to be removed from a future JDK release
Warning: Nashorn engine is planned to be removed from a future JDK release
Warning: Nashorn engine is planned to be removed from a future JDK release
Warning: Nashorn engine is planned to be removed from a future JDK release
Warning: Nashorn engine is planned to be removed from a future JDK release
Warning: Nashorn engine is planned to be removed from a future JDK release
Warning: Nashorn engine is planned to be removed from a future JDK release
Warning: Nashorn engine is planned to be removed from a future JDK release
Warning: Nashorn engine is planned to be removed from a future JDK release
Warning: Nashorn engine is planned to be removed from a future JDK release
Warning: Nashorn engine is planned to be removed from a future JDK release
Warning: Nashorn engine is planned to be removed from a future JDK release
Warning: Nashorn engine is planned to be removed from a future JDK release
Warning: Nashorn engine is planned to be removed from a future JDK release
Warning: Nashorn engine is planned to be removed from a future JDK release
Warning: Nashorn engine is planned to be removed from a future JDK release
Warning: Nashorn engine is planned to be removed from a future JDK release
Warning: Nashorn engine is planned to be removed from a future JDK release
Warning: Nashorn engine is planned to be removed from a future JDK release
Warning: Nashorn engine is planned to be removed from a future JDK release
Warning: Nashorn engine is planned to be removed from a future JDK release
Warning: Nashorn engine is planned to be removed from a future JDK release
Warning: Nashorn engine is planned to be removed from a future JDK release
Warning: Nashorn engine is planned to be removed from a future JDK release
Warning: Nashorn engine is planned to be removed from a future JDK release
Warning: Nashorn engine is planned to be removed from a future JDK release
Warning: Nashorn engine is planned to be removed from a future JDK release
Warning: Nashorn engine is planned to be removed from a future JDK release
Warning: Nashorn engine is planned to be removed from a future JDK release
Warning: Nashorn engine is planned to be removed from a future JDK release
Warning: Nashorn engine is planned to be removed from a future JDK release
Warning: Nashorn engine is planned to be removed from a future JDK release
Warning: Nashorn engine is planned to be removed from a future JDK release
Warning: Nashorn engine is planned to be removed from a future JDK release
Warning: Nashorn engine is planned to be removed from a future JDK release
Warning: Nashorn engine is planned to be removed from a future JDK release
Warning: Nashorn engine is planned to be removed from a future JDK release
Warning: Nashorn engine is planned to be removed from a future JDK release
Warning: Nashorn engine is planned to be removed from a future JDK release
Warning: Nashorn engine is planned to be removed from a future JDK release
Warning: Nashorn engine is planned to be removed from a future JDK release
Warning: Nashorn engine is planned to be removed from a future JDK release
Warning: Nashorn engine is planned to be removed from a future JDK release
Warning: Nashorn engine is planned to be removed from a future JDK release
Warning: Nashorn engine is planned to be removed from a future JDK release
Warning: Nashorn engine is planned to be removed from a future JDK release
Warning: Nashorn engine is planned to be removed from a future JDK release
Warning: Nashorn engine is planned to be removed from a future JDK release
Warning: Nashorn engine is planned to be removed from a future JDK release
Warning: Nashorn engine is planned to be removed from a future JDK release
Warning: Nashorn engine is planned to be removed from a future JDK release
Warning: Nashorn engine is planned to be removed from a future JDK release
Warning: Nashorn engine is planned to be removed from a future JDK release
Warning: Nashorn engine is planned to be removed from a future JDK release
Warning: Nashorn engine is planned to be removed from a future JDK release
Warning: Nashorn engine is planned to be removed from a future JDK release
Warning: Nashorn engine is planned to be removed from a future JDK release
Warning: Nashorn engine is planned to be removed from a future JDK release
Warning: Nashorn engine is planned to be removed from a future JDK release
Warning: Nashorn engine is planned to be removed from a future JDK release
Warning: Nashorn engine is planned to be removed from a future JDK release
Warning: Nashorn engine is planned to be removed from a future JDK release
Warning: Nashorn engine is planned to be removed from a future JDK release
Warning: Nashorn engine is planned to be removed from a future JDK release
Warning: Nashorn engine is planned to be removed from a future JDK release
Warning: Nashorn engine is planned to be removed from a future JDK release
Warning: Nashorn engine is planned to be removed from a future JDK release
Warning: Nashorn engine is planned to be removed from a future JDK release
Warning: Nashorn engine is planned to be removed from a future JDK release
Warning: Nashorn engine is planned to be removed from a future JDK release
Warning: Nashorn engine is planned to be removed from a future JDK release
Warning: Nashorn engine is planned to be removed from a future JDK release
Warning: Nashorn engine is planned to be removed from a future JDK release
Warning: Nashorn engine is planned to be removed from a future JDK release
Warning: Nashorn engine is planned to be removed from a future JDK release
Warning: Nashorn engine is planned to be removed from a future JDK release
Warning: Nashorn engine is planned to be removed from a future JDK release
Warning: Nashorn engine is planned to be removed from a future JDK release
Warning: Nashorn engine is planned to be removed from a future JDK release
Warning: Nashorn engine is planned to be removed from a future JDK release
Warning: Nashorn engine is planned to be removed from a future JDK release
Warning: Nashorn engine is planned to be removed from a future JDK release
Warning: Nashorn engine is planned to be removed from a future JDK release
Warning: Nashorn engine is planned to be removed from a future JDK release
Warning: Nashorn engine is planned to be removed from a future JDK release
Warning: Nashorn engine is planned to be removed from a future JDK release
Warning: Nashorn engine is planned to be removed from a future JDK release
Warning: Nashorn engine is planned to be removed from a future JDK release
Warning: Nashorn engine is planned to be removed from a future JDK release
Warning: Nashorn engine is planned to be removed from a future JDK release
Warning: Nashorn engine is planned to be removed from a future JDK release
Warning: Nashorn engine is planned to be removed from a future JDK release
Warning: Nashorn engine is planned to be removed from a future JDK release
Warning: Nashorn engine is planned to be removed from a future JDK release
Warning: Nashorn engine is planned to be removed from a future JDK release
Warning: Nashorn engine is planned to be removed from a future JDK release
Warning: Nashorn engine is planned to be removed from a future JDK release
Warning: Nashorn engine is planned to be removed from a future JDK release
Warning: Nashorn engine is planned to be removed from a future JDK release
Warning: Nashorn engine is planned to be removed from a future JDK release
Warning: Nashorn engine is planned to be removed from a future JDK release
Warning: Nashorn engine is planned to be removed from a future JDK release
Warning: Nashorn engine is planned to be removed from a future JDK release
Warning: Nashorn engine is planned to be removed from a future JDK release
Warning: Nashorn engine is planned to be removed from a future JDK release
Warning: Nashorn engine is planned to be removed from a future JDK release
Warning: Nashorn engine is planned to be removed from a future JDK release
Warning: Nashorn engine is planned to be removed from a future JDK release
Warning: Nashorn engine is planned to be removed from a future JDK release
Warning: Nashorn engine is planned to be removed from a future JDK release
Warning: Nashorn engine is planned to be removed from a future JDK release
Warning: Nashorn engine is planned to be removed from a future JDK release
Warning: Nashorn engine is planned to be removed from a future JDK release
Warning: Nashorn engine is planned to be removed from a future JDK release
Warning: Nashorn engine is planned to be removed from a future JDK release
Warning: Nashorn engine is planned to be removed from a future JDK release
Warning: Nashorn engine is planned to be removed from a future JDK release
Warning: Nashorn engine is planned to be removed from a future JDK release
Warning: Nashorn engine is planned to be removed from a future JDK release
Warning: Nashorn engine is planned to be removed from a future JDK release
Warning: Nashorn engine is planned to be removed from a future JDK release
Warning: Nashorn engine is planned to be removed from a future JDK release
Warning: Nashorn engine is planned to be removed from a future JDK release
Warning: Nashorn engine is planned to be removed from a future JDK release
Warning: Nashorn engine is planned to be removed from a future JDK release
Warning: Nashorn engine is planned to be removed from a future JDK release
Warning: Nashorn engine is planned to be removed from a future JDK release
Warning: Nashorn engine is planned to be removed from a future JDK release
Warning: Nashorn engine is planned to be removed from a future JDK release
Warning: Nashorn engine is planned to be removed from a future JDK release
Warning: Nashorn engine is planned to be removed from a future JDK release
Warning: Nashorn engine is planned to be removed from a future JDK release
Warning: Nashorn engine is planned to be removed from a future JDK release
Warning: Nashorn engine is planned to be removed from a future JDK release
Warning: Nashorn engine is planned to be removed from a future JDK release
Warning: Nashorn engine is planned to be removed from a future JDK release
Warning: Nashorn engine is planned to be removed from a future JDK release
Warning: Nashorn engine is planned to be removed from a future JDK release
Warning: Nashorn engine is planned to be removed from a future JDK release
Warning: Nashorn engine is planned to be removed from a future JDK release
Warning: Nashorn engine is planned to be removed from a future JDK release
Warning: Nashorn engine is planned to be removed from a future JDK release
Warning: Nashorn engine is planned to be removed from a future JDK release
Warning: Nashorn engine is planned to be removed from a future JDK release
Warning: Nashorn engine is planned to be removed from a future JDK release
Warning: Nashorn engine is planned to be removed from a future JDK release
Warning: Nashorn engine is planned to be removed from a future JDK release
Warning: Nashorn engine is planned to be removed from a future JDK release
Warning: Nashorn engine is planned to be removed from a future JDK release
Warning: Nashorn engine is planned to be removed from a future JDK release
Warning: Nashorn engine is planned to be removed from a future JDK release
Warning: Nashorn engine is planned to be removed from a future JDK release
Warning: Nashorn engine is planned to be removed from a future JDK release
Warning: Nashorn engine is planned to be removed from a future JDK release
Warning: Nashorn engine is planned to be removed from a future JDK release
Warning: Nashorn engine is planned to be removed from a future JDK release
Warning: Nashorn engine is planned to be removed from a future JDK release
Warning: Nashorn engine is planned to be removed from a future JDK release
Warning: Nashorn engine is planned to be removed from a future JDK release
Warning: Nashorn engine is planned to be removed from a future JDK release
Warning: Nashorn engine is planned to be removed from a future JDK release
Warning: Nashorn engine is planned to be removed from a future JDK release
Warning: Nashorn engine is planned to be removed from a future JDK release
Warning: Nashorn engine is planned to be removed from a future JDK release
Warning: Nashorn engine is planned to be removed from a future JDK release
Warning: Nashorn engine is planned to be removed from a future JDK release
Warning: Nashorn engine is planned to be removed from a future JDK release
Warning: Nashorn engine is planned to be removed from a future JDK release
Warning: Nashorn engine is planned to be removed from a future JDK release
Warning: Nashorn engine is planned to be removed from a future JDK release
Warning: Nashorn engine is planned to be removed from a future JDK release
Warning: Nashorn engine is planned to be removed from a future JDK release
Warning: Nashorn engine is planned to be removed from a future JDK release
Warning: Nashorn engine is planned to be removed from a future JDK release
Warning: Nashorn engine is planned to be removed from a future JDK release
Warning: Nashorn engine is planned to be removed from a future JDK release
Warning: Nashorn engine is planned to be removed from a future JDK release
Warning: Nashorn engine is planned to be removed from a future JDK release
Warning: Nashorn engine is planned to be removed from a future JDK release
Warning: Nashorn engine is planned to be removed from a future JDK release
Warning: Nashorn engine is planned to be removed from a future JDK release
Warning: Nashorn engine is planned to be removed from a future JDK release
Warning: Nashorn engine is planned to be removed from a future JDK release
Warning: Nashorn engine is planned to be removed from a future JDK release
Warning: Nashorn engine is planned to be removed from a future JDK release
Warning: Nashorn engine is planned to be removed from a future JDK release
Warning: Nashorn engine is planned to be removed from a future JDK release
Warning: Nashorn engine is planned to be removed from a future JDK release
Warning: Nashorn engine is planned to be removed from a future JDK release
Warning: Nashorn engine is planned to be removed from a future JDK release
Warning: Nashorn engine is planned to be removed from a future JDK release
Warning: Nashorn engine is planned to be removed from a future JDK release
Warning: Nashorn engine is planned to be removed from a future JDK release
Warning: Nashorn engine is planned to be removed from a future JDK release
Warning: Nashorn engine is planned to be removed from a future JDK release
Warning: Nashorn engine is planned to be removed from a future JDK release
Warning: Nashorn engine is planned to be removed from a future JDK release
Warning: Nashorn engine is planned to be removed from a future JDK release
Warning: Nashorn engine is planned to be removed from a future JDK release
Warning: Nashorn engine is planned to be removed from a future JDK release
Warning: Nashorn engine is planned to be removed from a future JDK release
Warning: Nashorn engine is planned to be removed from a future JDK release
Warning: Nashorn engine is planned to be removed from a future JDK release
Warning: Nashorn engine is planned to be removed from a future JDK release
Warning: Nashorn engine is planned to be removed from a future JDK release
Warning: Nashorn engine is planned to be removed from a future JDK release
Warning: Nashorn engine is planned to be removed from a future JDK release
Warning: Nashorn engine is planned to be removed from a future JDK release
Warning: Nashorn engine is planned to be removed from a future JDK release
Warning: Nashorn engine is planned to be removed from a future JDK release
Warning: Nashorn engine is planned to be removed from a future JDK release
Warning: Nashorn engine is planned to be removed from a future JDK release
Warning: Nashorn engine is planned to be removed from a future JDK release
Warning: Nashorn engine is planned to be removed from a future JDK release
Warning: Nashorn engine is planned to be removed from a future JDK release
Warning: Nashorn engine is planned to be removed from a future JDK release
Warning: Nashorn engine is planned to be removed from a future JDK release
Warning: Nashorn engine is planned to be removed from a future JDK release
Warning: Nashorn engine is planned to be removed from a future JDK release
Warning: Nashorn engine is planned to be removed from a future JDK release
Warning: Nashorn engine is planned to be removed from a future JDK release
Warning: Nashorn engine is planned to be removed from a future JDK release
Warning: Nashorn engine is planned to be removed from a future JDK release
Warning: Nashorn engine is planned to be removed from a future JDK release
Warning: Nashorn engine is planned to be removed from a future JDK release
Warning: Nashorn engine is planned to be removed from a future JDK release
Warning: Nashorn engine is planned to be removed from a future JDK release
Warning: Nashorn engine is planned to be removed from a future JDK release
Warning: Nashorn engine is planned to be removed from a future JDK release
Warning: Nashorn engine is planned to be removed from a future JDK release
Warning: Nashorn engine is planned to be removed from a future JDK release
Warning: Nashorn engine is planned to be removed from a future JDK release
Warning: Nashorn engine is planned to be removed from a future JDK release
Warning: Nashorn engine is planned to be removed from a future JDK release
Warning: Nashorn engine is planned to be removed from a future JDK release
Warning: Nashorn engine is planned to be removed from a future JDK release
Warning: Nashorn engine is planned to be removed from a future JDK release
Warning: Nashorn engine is planned to be removed from a future JDK release
Warning: Nashorn engine is planned to be removed from a future JDK release
Warning: Nashorn engine is planned to be removed from a future JDK release
Warning: Nashorn engine is planned to be removed from a future JDK release
Warning: Nashorn engine is planned to be removed from a future JDK release
Warning: Nashorn engine is planned to be removed from a future JDK release
Warning: Nashorn engine is planned to be removed from a future JDK release
Warning: Nashorn engine is planned to be removed from a future JDK release
Warning: Nashorn engine is planned to be removed from a future JDK release
Warning: Nashorn engine is planned to be removed from a future JDK release
Warning: Nashorn engine is planned to be removed from a future JDK release
Warning: Nashorn engine is planned to be removed from a future JDK release
Warning: Nashorn engine is planned to be removed from a future JDK release
Warning: Nashorn engine is planned to be removed from a future JDK release
Warning: Nashorn engine is planned to be removed from a future JDK release
Warning: Nashorn engine is planned to be removed from a future JDK release
Warning: Nashorn engine is planned to be removed from a future JDK release
Warning: Nashorn engine is planned to be removed from a future JDK release
Warning: Nashorn engine is planned to be removed from a future JDK release
Warning: Nashorn engine is planned to be removed from a future JDK release
Warning: Nashorn engine is planned to be removed from a future JDK release
Warning: Nashorn engine is planned to be removed from a future JDK release
Warning: Nashorn engine is planned to be removed from a future JDK release
Warning: Nashorn engine is planned to be removed from a future JDK release
Warning: Nashorn engine is planned to be removed from a future JDK release
Warning: Nashorn engine is planned to be removed from a future JDK release
Warning: Nashorn engine is planned to be removed from a future JDK release
Warning: Nashorn engine is planned to be removed from a future JDK release
Warning: Nashorn engine is planned to be removed from a future JDK release
Warning: Nashorn engine is planned to be removed from a future JDK release
Warning: Nashorn engine is planned to be removed from a future JDK release
Warning: Nashorn engine is planned to be removed from a future JDK release
Warning: Nashorn engine is planned to be removed from a future JDK release
Warning: Nashorn engine is planned to be removed from a future JDK release
Warning: Nashorn engine is planned to be removed from a future JDK release
Warning: Nashorn engine is planned to be removed from a future JDK release
Warning: Nashorn engine is planned to be removed from a future JDK release
Warning: Nashorn engine is planned to be removed from a future JDK release
Warning: Nashorn engine is planned to be removed from a future JDK release
Warning: Nashorn engine is planned to be removed from a future JDK release
Warning: Nashorn engine is planned to be removed from a future JDK release
Warning: Nashorn engine is planned to be removed from a future JDK release
Warning: Nashorn engine is planned to be removed from a future JDK release
Warning: Nashorn engine is planned to be removed from a future JDK release
Warning: Nashorn engine is planned to be removed from a future JDK release
Warning: Nashorn engine is planned to be removed from a future JDK release
Warning: Nashorn engine is planned to be removed from a future JDK release
Warning: Nashorn engine is planned to be removed from a future JDK release
Warning: Nashorn engine is planned to be removed from a future JDK release
Warning: Nashorn engine is planned to be removed from a future JDK release
Warning: Nashorn engine is planned to be removed from a future JDK release
Warning: Nashorn engine is planned to be removed from a future JDK release
Warning: Nashorn engine is planned to be removed from a future JDK release
Warning: Nashorn engine is planned to be removed from a future JDK release
Warning: Nashorn engine is planned to be removed from a future JDK release
Warning: Nashorn engine is planned to be removed from a future JDK release
Warning: Nashorn engine is planned to be removed from a future JDK release
Warning: Nashorn engine is planned to be removed from a future JDK release
Warning: Nashorn engine is planned to be removed from a future JDK release
Warning: Nashorn engine is planned to be removed from a future JDK release
Warning: Nashorn engine is planned to be removed from a future JDK release
Warning: Nashorn engine is planned to be removed from a future JDK release
Warning: Nashorn engine is planned to be removed from a future JDK release
Warning: Nashorn engine is planned to be removed from a future JDK release
Warning: Nashorn engine is planned to be removed from a future JDK release
Warning: Nashorn engine is planned to be removed from a future JDK release
Warning: Nashorn engine is planned to be removed from a future JDK release
Warning: Nashorn engine is planned to be removed from a future JDK release
Warning: Nashorn engine is planned to be removed from a future JDK release
Warning: Nashorn engine is planned to be removed from a future JDK release
Warning: Nashorn engine is planned to be removed from a future JDK release
Warning: Nashorn engine is planned to be removed from a future JDK release
Warning: Nashorn engine is planned to be removed from a future JDK release
Warning: Nashorn engine is planned to be removed from a future JDK release
Warning: Nashorn engine is planned to be removed from a future JDK release
Warning: Nashorn engine is planned to be removed from a future JDK release
Warning: Nashorn engine is planned to be removed from a future JDK release
Warning: Nashorn engine is planned to be removed from a future JDK release
Warning: Nashorn engine is planned to be removed from a future JDK release
Warning: Nashorn engine is planned to be removed from a future JDK release
Warning: Nashorn engine is planned to be removed from a future JDK release
Warning: Nashorn engine is planned to be removed from a future JDK release
Warning: Nashorn engine is planned to be removed from a future JDK release
Warning: Nashorn engine is planned to be removed from a future JDK release
Warning: Nashorn engine is planned to be removed from a future JDK release
Warning: Nashorn engine is planned to be removed from a future JDK release
Warning: Nashorn engine is planned to be removed from a future JDK release
Warning: Nashorn engine is planned to be removed from a future JDK release
Warning: Nashorn engine is planned to be removed from a future JDK release
Warning: Nashorn engine is planned to be removed from a future JDK release
Warning: Nashorn engine is planned to be removed from a future JDK release
Warning: Nashorn engine is planned to be removed from a future JDK release
Warning: Nashorn engine is planned to be removed from a future JDK release
Warning: Nashorn engine is planned to be removed from a future JDK release
Warning: Nashorn engine is planned to be removed from a future JDK release
Warning: Nashorn engine is planned to be removed from a future JDK release
Warning: Nashorn engine is planned to be removed from a future JDK release
Warning: Nashorn engine is planned to be removed from a future JDK release
Warning: Nashorn engine is planned to be removed from a future JDK release
Warning: Nashorn engine is planned to be removed from a future JDK release
Warning: Nashorn engine is planned to be removed from a future JDK release
Warning: Nashorn engine is planned to be removed from a future JDK release
Warning: Nashorn engine is planned to be removed from a future JDK release
Warning: Nashorn engine is planned to be removed from a future JDK release
Warning: Nashorn engine is planned to be removed from a future JDK release
Warning: Nashorn engine is planned to be removed from a future JDK release
Warning: Nashorn engine is planned to be removed from a future JDK release
Warning: Nashorn engine is planned to be removed from a future JDK release
Warning: Nashorn engine is planned to be removed from a future JDK release
Warning: Nashorn engine is planned to be removed from a future JDK release
Warning: Nashorn engine is planned to be removed from a future JDK release
Warning: Nashorn engine is planned to be removed from a future JDK release
Warning: Nashorn engine is planned to be removed from a future JDK release
Warning: Nashorn engine is planned to be removed from a future JDK release
Warning: Nashorn engine is planned to be removed from a future JDK release
Warning: Nashorn engine is planned to be removed from a future JDK release
Warning: Nashorn engine is planned to be removed from a future JDK release
Warning: Nashorn engine is planned to be removed from a future JDK release
Warning: Nashorn engine is planned to be removed from a future JDK release
Warning: Nashorn engine is planned to be removed from a future JDK release
Warning: Nashorn engine is planned to be removed from a future JDK release
Warning: Nashorn engine is planned to be removed from a future JDK release
Warning: Nashorn engine is planned to be removed from a future JDK release
Warning: Nashorn engine is planned to be removed from a future JDK release
Warning: Nashorn engine is planned to be removed from a future JDK release
Warning: Nashorn engine is planned to be removed from a future JDK release
Warning: Nashorn engine is planned to be removed from a future JDK release
Warning: Nashorn engine is planned to be removed from a future JDK release
Warning: Nashorn engine is planned to be removed from a future JDK release
Warning: Nashorn engine is planned to be removed from a future JDK release
Warning: Nashorn engine is planned to be removed from a future JDK release
Warning: Nashorn engine is planned to be removed from a future JDK release
Warning: Nashorn engine is planned to be removed from a future JDK release
Warning: Nashorn engine is planned to be removed from a future JDK release
Warning: Nashorn engine is planned to be removed from a future JDK release
Warning: Nashorn engine is planned to be removed from a future JDK release
Warning: Nashorn engine is planned to be removed from a future JDK release
Warning: Nashorn engine is planned to be removed from a future JDK release
Warning: Nashorn engine is planned to be removed from a future JDK release
Warning: Nashorn engine is planned to be removed from a future JDK release
Warning: Nashorn engine is planned to be removed from a future JDK release
Warning: Nashorn engine is planned to be removed from a future JDK release
Warning: Nashorn engine is planned to be removed from a future JDK release
Warning: Nashorn engine is planned to be removed from a future JDK release
Warning: Nashorn engine is planned to be removed from a future JDK release
Warning: Nashorn engine is planned to be removed from a future JDK release
Warning: Nashorn engine is planned to be removed from a future JDK release
Warning: Nashorn engine is planned to be removed from a future JDK release
Warning: Nashorn engine is planned to be removed from a future JDK release
Warning: Nashorn engine is planned to be removed from a future JDK release
Warning: Nashorn engine is planned to be removed from a future JDK release
Warning: Nashorn engine is planned to be removed from a future JDK release
Warning: Nashorn engine is planned to be removed from a future JDK release
Warning: Nashorn engine is planned to be removed from a future JDK release
Warning: Nashorn engine is planned to be removed from a future JDK release
Warning: Nashorn engine is planned to be removed from a future JDK release
Warning: Nashorn engine is planned to be removed from a future JDK release
Warning: Nashorn engine is planned to be removed from a future JDK release
Warning: Nashorn engine is planned to be removed from a future JDK release
Warning: Nashorn engine is planned to be removed from a future JDK release
Warning: Nashorn engine is planned to be removed from a future JDK release
Warning: Nashorn engine is planned to be removed from a future JDK release
Warning: Nashorn engine is planned to be removed from a future JDK release
Warning: Nashorn engine is planned to be removed from a future JDK release
Warning: Nashorn engine is planned to be removed from a future JDK release
Warning: Nashorn engine is planned to be removed from a future JDK release
Warning: Nashorn engine is planned to be removed from a future JDK release
Warning: Nashorn engine is planned to be removed from a future JDK release
Warning: Nashorn engine is planned to be removed from a future JDK release
Warning: Nashorn engine is planned to be removed from a future JDK release
Warning: Nashorn engine is planned to be removed from a future JDK release
Warning: Nashorn engine is planned to be removed from a future JDK release
Warning: Nashorn engine is planned to be removed from a future JDK release
Warning: Nashorn engine is planned to be removed from a future JDK release
Warning: Nashorn engine is planned to be removed from a future JDK release
Warning: Nashorn engine is planned to be removed from a future JDK release
Warning: Nashorn engine is planned to be removed from a future JDK release
Warning: Nashorn engine is planned to be removed from a future JDK release
Warning: Nashorn engine is planned to be removed from a future JDK release
Warning: Nashorn engine is planned to be removed from a future JDK release
Warning: Nashorn engine is planned to be removed from a future JDK release
Warning: Nashorn engine is planned to be removed from a future JDK release
Warning: Nashorn engine is planned to be removed from a future JDK release
Warning: Nashorn engine is planned to be removed from a future JDK release
Warning: Nashorn engine is planned to be removed from a future JDK release
Warning: Nashorn engine is planned to be removed from a future JDK release
Warning: Nashorn engine is planned to be removed from a future JDK release
Warning: Nashorn engine is planned to be removed from a future JDK release
Warning: Nashorn engine is planned to be removed from a future JDK release
Warning: Nashorn engine is planned to be removed from a future JDK release
Warning: Nashorn engine is planned to be removed from a future JDK release
Warning: Nashorn engine is planned to be removed from a future JDK release
Warning: Nashorn engine is planned to be removed from a future JDK release
Warning: Nashorn engine is planned to be removed from a future JDK release
Warning: Nashorn engine is planned to be removed from a future JDK release
Warning: Nashorn engine is planned to be removed from a future JDK release
Warning: Nashorn engine is planned to be removed from a future JDK release
Warning: Nashorn engine is planned to be removed from a future JDK release
Warning: Nashorn engine is planned to be removed from a future JDK release
Warning: Nashorn engine is planned to be removed from a future JDK release
Warning: Nashorn engine is planned to be removed from a future JDK release
Warning: Nashorn engine is planned to be removed from a future JDK release
Warning: Nashorn engine is planned to be removed from a future JDK release
Warning: Nashorn engine is planned to be removed from a future JDK release
Warning: Nashorn engine is planned to be removed from a future JDK release
Warning: Nashorn engine is planned to be removed from a future JDK release
Warning: Nashorn engine is planned to be removed from a future JDK release
Warning: Nashorn engine is planned to be removed from a future JDK release
Warning: Nashorn engine is planned to be removed from a future JDK release
Warning: Nashorn engine is planned to be removed from a future JDK release
Warning: Nashorn engine is planned to be removed from a future JDK release
Warning: Nashorn engine is planned to be removed from a future JDK release
Warning: Nashorn engine is planned to be removed from a future JDK release
Warning: Nashorn engine is planned to be removed from a future JDK release
Warning: Nashorn engine is planned to be removed from a future JDK release
Warning: Nashorn engine is planned to be removed from a future JDK release
Warning: Nashorn engine is planned to be removed from a future JDK release
Warning: Nashorn engine is planned to be removed from a future JDK release
Warning: Nashorn engine is planned to be removed from a future JDK release
Warning: Nashorn engine is planned to be removed from a future JDK release
Warning: Nashorn engine is planned to be removed from a future JDK release
Warning: Nashorn engine is planned to be removed from a future JDK release
Warning: Nashorn engine is planned to be removed from a future JDK release
Warning: Nashorn engine is planned to be removed from a future JDK release
Warning: Nashorn engine is planned to be removed from a future JDK release
Warning: Nashorn engine is planned to be removed from a future JDK release
Warning: Nashorn engine is planned to be removed from a future JDK release
Warning: Nashorn engine is planned to be removed from a future JDK release
Warning: Nashorn engine is planned to be removed from a future JDK release
Warning: Nashorn engine is planned to be removed from a future JDK release
Warning: Nashorn engine is planned to be removed from a future JDK release
Warning: Nashorn engine is planned to be removed from a future JDK release
Warning: Nashorn engine is planned to be removed from a future JDK release
Warning: Nashorn engine is planned to be removed from a future JDK release
Warning: Nashorn engine is planned to be removed from a future JDK release
Warning: Nashorn engine is planned to be removed from a future JDK release
Warning: Nashorn engine is planned to be removed from a future JDK release
Warning: Nashorn engine is planned to be removed from a future JDK release
Warning: Nashorn engine is planned to be removed from a future JDK release
Warning: Nashorn engine is planned to be removed from a future JDK release
Warning: Nashorn engine is planned to be removed from a future JDK release
Warning: Nashorn engine is planned to be removed from a future JDK release
Warning: Nashorn engine is planned to be removed from a future JDK release
Warning: Nashorn engine is planned to be removed from a future JDK release
Warning: Nashorn engine is planned to be removed from a future JDK release
Warning: Nashorn engine is planned to be removed from a future JDK release
Warning: Nashorn engine is planned to be removed from a future JDK release
Warning: Nashorn engine is planned to be removed from a future JDK release
Warning: Nashorn engine is planned to be removed from a future JDK release
Warning: Nashorn engine is planned to be removed from a future JDK release
Warning: Nashorn engine is planned to be removed from a future JDK release
Warning: Nashorn engine is planned to be removed from a future JDK release
]]></system-err>
</testsuite>
