<?xml version="1.0" encoding="UTF-8" ?>
<testsuite errors="0" failures="0" hostname="travis-job-ad3d7170-cb9c-491b-995f-3e2f1140887a" name="ptolemy.actor.lib.test.junit.JUnitTclTest" skipped="0" tests="517" time="61.993" timestamp="2018-07-07T01:31:20">
  <properties>
    <property name="npm.executable" value="npm" />
    <property name="file.encoding.pkg" value="sun.io" />
    <property name="ptII.mk.exists" value="true" />
    <property name="env.rvm_bin_path" value="/home/travis/.rvm/bin" />
    <property name="java.home" value="/usr/lib/jvm/java-8-oracle/jre" />
    <property name="env.TRAVIS_JOB_NUMBER" value="644.8" />
    <property name="env.DISPLAY" value=":99.0" />
    <property name="java.net.preferIPv4Stack" value="true" />
    <property name="env.TRAVIS_INIT" value="upstart" />
    <property name="env.SSH_TTY" value="/dev/pts/0" />
    <property name="env.RUN_TESTS" value="false" />
    <property name="timeout.short" value="1000000" />
    <property name="env.TRAVIS_STACK_NODE_ATTRIBUTES" value="/.node-attributes.yml" />
    <property name="junit.formatter" value="xml" />
    <property name="java.endorsed.dirs" value="/usr/lib/jvm/java-8-oracle/jre/lib/endorsed" />
    <property name="env.TRAVIS_SUDO" value="true" />
    <property name="env.LOGNAME" value="travis" />
    <property name="env.PT_TRAVIS_TEST_CORE1_XML" value="true" />
    <property name="jsdoc.home" value="node_modules/@terraswarm/jsdoc" />
    <property name="debuglevel" value="source,lines,vars" />
    <property name="checkstyle.formatter" value="xml" />
    <property name="bin.vergil.makeable" value="true" />
    <property name="env._system_version" value="14.04" />
    <property name="sun.os.patch.level" value="unknown" />
    <property name="java.vendor.url" value="http://java.oracle.com/" />
    <property name="java.version" value="1.8.0_151" />
    <property name="env.TZ" value="UTC" />
    <property name="env.PT_NO_NET" value="true" />
    <property name="env.TRAVIS_PULL_REQUEST_SHA" value="" />
    <property name="env.TRAVIS_SECURE_ENV_VARS" value="true" />
    <property name="env._system_type" value="Linux" />
    <property name="java.vendor.url.bug" value="http://bugreport.sun.com/bugreport/" />
    <property name="env.SSH_CLIENT" value="10.10.16.2 34822 22" />
    <property name="npmjs-org-is-up" value="true" />
    <property name="env.GEM_HOME" value="/home/travis/.rvm/gems/ruby-2.4.1" />
    <property name="env.HAS_ANTARES_THREE_LITTLE_FRONZIES_BADGE" value="true" />
    <property name="env.PS4" value="+" />
    <property name="ant.project.invoked-targets" value="build,test.core1.xml" />
    <property name="env.TRAVIS_PULL_REQUEST_BRANCH" value="" />
    <property name="env.TRAVIS_REPO_SLUG" value="icyphy/ptII" />
    <property name="node.in.path" value="true" />
    <property name="java.maxmemory" value="1400m" />
    <property name="env.RUBY_VERSION" value="ruby-2.4.1" />
    <property name="user.name" value="travis" />
    <property name="env.LANG" value="en_US.UTF-8" />
    <property name="sun.io.unicode.encoding" value="UnicodeLittle" />
    <property name="sun.jnu.encoding" value="UTF-8" />
    <property name="java.runtime.name" value="Java(TM) SE Runtime Environment" />
    <property name="usefile" value="false" />
    <property name="return.code" value="0" />
    <property name="junit.single.formatter" value="plain" />
    <property name="env.DYLD_LIBRARY_PATH" value="/home/travis/pthla/certi-tools/lib:" />
    <property name="env.DEBIAN_FRONTEND" value="noninteractive" />
    <property name="env.SSH_CONNECTION" value="10.10.16.2 34822 10.20.0.83 22" />
    <property name="env.MYSQL_UNIX_PORT" value="/var/run/mysqld/mysqld.sock" />
    <property name="env.TRAVIS_ALLOW_FAILURE" value="false" />
    <property name="env.LC_ALL" value="en_US.UTF-8" />
    <property name="java.specification.name" value="Java Platform API Specification" />
    <property name="node.works" value="true" />
    <property name="user.timezone" value="" />
    <property name="path.separator" value=":" />
    <property name="env.PYTHON_CFLAGS" value="-g -fstack-protector --param=ssp-buffer-size=4 -Wformat -Werror=format-security" />
    <property name="timeout.long" value="4000000" />
    <property name="env.CERTI_HOME" value="/home/travis/pthla/certi-tools" />
    <property name="file.encoding" value="UTF-8" />
    <property name="ant.file.ptII" value="/home/travis/build/icyphy/ptII/build.xml" />
    <property name="javadoc.packagenames" value="com.*,diva.*,lbnl.*,org.hlacerti.*,org.json.*,org.ptolemy.*,org.terraswarm.*,ptolemy.*,ptserver.*" />
    <property name="env.TRAVIS_PULL_REQUEST_SLUG" value="" />
    <property name="ant.project.default-target" value="build" />
    <property name="env.GIT_ASKPASS" value="echo" />
    <property name="env.HOME" value="/home/travis" />
    <property name="sun.java.command" value="org.apache.tools.ant.taskdefs.optional.junit.JUnitTestRunner ptolemy.actor.lib.test.junit.JUnitTclTest skipNonTests=false filtertrace=true haltOnError=false haltOnFailure=false formatter=org.apache.tools.ant.taskdefs.optional.junit.OutErrSummaryJUnitResultFormatter showoutput=true outputtoformatters=true logfailedtests=true threadid=0 logtestlistenerevents=false formatter=org.apache.tools.ant.taskdefs.optional.junit.XMLJUnitResultFormatter,/home/travis/build/icyphy/ptII/reports/junit/TEST-ptolemy.actor.lib.test.junit.JUnitTclTest.xml crashfile=/home/travis/build/icyphy/ptII/junitvmwatcher8146162470281744230.properties propsfile=/home/travis/build/icyphy/ptII/junit7579212417357522576.properties" />
    <property name="env.MANPATH" value="/home/travis/.nvm/versions/node/v7.10.1/share/man:/home/travis/.kiex/elixirs/elixir-1.4.5/man:/home/travis/.rvm/rubies/ruby-2.4.1/share/man:/usr/local/man:/usr/local/cmake-3.9.2/man:/usr/local/clang-5.0.0/share/man:/usr/local/share/man:/usr/share/man:/home/travis/.rvm/man" />
    <property name="env.COMPOSER_NO_INTERACTION" value="1" />
    <property name="env.JDK_SWITCHER_DEFAULT" value="oraclejdk8" />
    <property name="ant.file" value="/home/travis/build/icyphy/ptII/build.xml" />
    <property name="env.TRAVIS_COMMIT_RANGE" value="ccc6dcdeb986a88bd7adfc64f07cce96eb7c62d4...def9f10e04089c14f8ba284dbed157d0d1f7f1a8" />
    <property name="env._system_name" value="Ubuntu" />
    <property name="timeout" value="2400000" />
    <property name="ptII.classpath.optional.property" value="/home/travis/build/icyphy/ptII/lib/bsh-2.0b4.jar:/home/travis/build/icyphy/ptII/lib/ptCal.jar:/home/travis/build/icyphy/ptII/lib/java_cup.jar:/home/travis/build/icyphy/ptII/lib/saxon8.jar:/home/travis/build/icyphy/ptII/lib/saxon8-dom.jar:/home/travis/build/icyphy/ptII/lib/chic.jar:/home/travis/build/icyphy/ptII/lib/ptcolt.jar:/usr/lib/jvm/java-8-oracle/lib/tools.jar:/usr/lib/eclipse/plugins/org.eclipse.jdt.core_3.8.2.dist.jar:/usr/lib/eclipse/plugins/org.eclipse.core.runtime_3.8.0.dist.jar:/usr/lib/eclipse/plugins/org.eclipse.osgi_3.8.1.dist.jar:/usr/lib/eclipse/plugins/org.eclipse.core.resources_3.8.1.dist.jar:/usr/lib/eclipse/plugins/org.eclipse.equinox.common_3.6.100.dist.jar:/usr/lib/eclipse/plugins/org.eclipse.core.jobs_3.5.200.dist.jar:/usr/lib/eclipse/plugins/org.eclipse.core.contenttype_3.4.200.dist.jar:/usr/lib/eclipse/plugins/org.eclipse.equinox.preferences_3.5.0.dist.jar:/usr/lib/eclipse/plugins/org.eclipse.text_3.5.200.dist.jar:/usr/lib/eclipse/plugins/org.eclipse.ui.workbench_3.8.1.dist.jar:/usr/lib/eclipse/plugins/org.eclipse.jface_3.8.0.dist.jar:/usr/lib/eclipse/plugins/org.eclipse.swt_3.8.2.jar:/usr/lib/eclipse/plugins/org.eclipse.jface.text_3.8.1.dist.jar:/usr/lib/eclipse/plugins/org.eclipse.ui.workbench.texteditor_3.8.0.dist.jar:/usr/lib/eclipse/plugins/org.eclipse.ui.editors_3.8.0.dist.jar:/usr/lib/eclipse/plugins/org.eclipse.core.commands_3.6.1.dist.jar:/usr/lib/eclipse/plugins/org.eclipse.equinox.registry_3.5.200.dist.jar:/usr/lib/eclipse/plugins/org.eclipse.ui.console_3.5.100.dist.jar:/usr/lib/eclipse/plugins/org.eclipse.ui.forms_3.5.200.dist.jar:/usr/lib/eclipse/plugins/org.eclipse.ui.ide_3.8.1.dist.jar:/home/travis/build/icyphy/ptII/vendors/oracle/dbxml.jar:/home/travis/build/icyphy/ptII/vendors/oracle/db.jar:/home/travis/build/icyphy/ptII/vendors/misc/itext/iText.jar:/home/travis/build/icyphy/ptII/lib/g4ltl.jar:/home/travis/build/icyphy/ptII/lib/StructuralCoder.jar:/home/travis/build/icyphy/ptII/lib/org-openide-util.jar:/home/travis/build/icyphy/ptII/lib/org-openide-util-lookup.jar:/home/travis/build/icyphy/ptII/lib/org-netbeans-api-visual.jar:/home/travis/build/icyphy/ptII/vendors/jai-1_1_2_01/lib/jai_core.jar:/home/travis/build/icyphy/ptII/vendors/jai-1_1_2_01/lib/jai_codec.jar:/home/travis/build/icyphy/ptII/lib/jcerti.jar:/home/travis/build/icyphy/ptII/lib/smack.jar:/home/travis/build/icyphy/ptII/lib/smackx.jar:/home/travis/build/icyphy/ptII/lib/jetty-all-8.1.5-v20120716.jar:/home/travis/build/icyphy/ptII/lib/javax.servlet-api-3.0.1.jar:/home/travis/build/icyphy/ptII/lib/javax.mail.jar:/home/travis/build/icyphy/ptII/vendors/JMF-2.1.1e/lib/jmf.jar:/home/travis/build/icyphy/ptII/lib/jna-4.0.0-variadic.jar:/home/travis/build/icyphy/ptII/vendors/misc/joystick/Joystick.jar:/home/travis/build/icyphy/ptII/lib/ptjacl.jar:/home/travis/build/icyphy/ptII/lib/jsoup-1.8.2.jar:/home/travis/build/icyphy/ptII/lib/junit-4.8.2.jar:/home/travis/build/icyphy/ptII/lib/JUnitParams-0.4.0.jar:/home/travis/build/icyphy/ptII/ptolemy/actor/lib/excel/jxl.jar:/home/travis/build/icyphy/ptII/lib/jython.jar:/home/travis/build/icyphy/ptII/lib/kieler.jar:/home/travis/build/icyphy/ptII/vendors/opencv/share/OpenCV/java/opencv-341.jar:/home/travis/build/icyphy/ptII/lib/oscP5.jar:/home/travis/build/icyphy/ptII/lib/nrjavaserial-3.11.0.devel.jar:/home/travis/build/icyphy/ptII/vendors/j3d/lib/j3dcore.jar:/home/travis/build/icyphy/ptII/vendors/j3d/lib/j3dutils.jar:/home/travis/build/icyphy/ptII/vendors/j3d/lib/vecmath.jar:/home/travis/build/icyphy/ptII/ptolemy/distributed/jini/jar/jini-core.jar:/home/travis/build/icyphy/ptII/ptolemy/distributed/jini/jar/jini-ext.jar:/home/travis/build/icyphy/ptII/ptolemy/distributed/jini/jar/sun-util.jar:/home/travis/build/icyphy/ptII/lib/protobuf-java-2.4.1.jar:/home/travis/build/icyphy/ptII/lib/org.eclipse.paho.client.mqttv3.jar:/home/travis/build/icyphy/ptII/ptserver/lib/hessian-4.0.7.jar:/home/travis/build/icyphy/ptII/ptserver/lib/wmqtt.jar:/home/travis/build/icyphy/ptII/lib/mapss.jar:/home/travis/build/icyphy/ptII/ptolemy/actor/ptalon/antlr/antlr.jar:/home/travis/build/icyphy/ptII/lib/JRI.jar:/home/travis/build/icyphy/ptII/lib/commons-lang-2.6.jar:/home/travis/build/icyphy/ptII/lib/commons-logging-1.1.1.jar:/home/travis/build/icyphy/ptII/lib/sootclasses.jar:/home/travis/build/icyphy/ptII/ptolemy/actor/lib/database/mysql-connector-java-5.1.6-bin.jar:/home/travis/build/icyphy/ptII/vendors/misc/sphinx4/sphinx4-data-5prealpha.jar:/home/travis/build/icyphy/ptII/vendors/misc/sphinx4/sphinx4-core-5prealpha.jar:/home/travis/build/icyphy/ptII/lib/PDFRenderer.jar:/home/travis/build/icyphy/ptII/lib/svgSalamander.jar:/home/travis/build/icyphy/ptII/lib/rsyntaxtextarea-2.6.0-SNAPSHOT.jar:/home/travis/build/icyphy/ptII/lib/hazelcast-3.8.2.jar:/home/travis/build/icyphy/ptII/lib/jackson-annotations-2.9.0.jar:/home/travis/build/icyphy/ptII/lib/jackson-core-2.9.3.jar:/home/travis/build/icyphy/ptII/lib/jackson-databind-2.9.3.jar:/home/travis/build/icyphy/ptII/lib/netty-buffer-4.1.19.Final.jar:/home/travis/build/icyphy/ptII/lib/netty-codec-4.1.19.Final.jar:/home/travis/build/icyphy/ptII/lib/netty-codec-dns-4.1.19.Final.jar:/home/travis/build/icyphy/ptII/lib/netty-codec-http-4.1.19.Final.jar:/home/travis/build/icyphy/ptII/lib/netty-codec-http2-4.1.19.Final.jar:/home/travis/build/icyphy/ptII/lib/netty-common-4.1.19.Final.jar:/home/travis/build/icyphy/ptII/lib/netty-handler-4.1.19.Final.jar:/home/travis/build/icyphy/ptII/lib/netty-resolver-4.1.19.Final.jar:/home/travis/build/icyphy/ptII/lib/netty-resolver-dns-4.1.19.Final.jar:/home/travis/build/icyphy/ptII/lib/netty-transport-4.1.19.Final.jar:/home/travis/build/icyphy/ptII/lib/vertx-codegen-3.5.1.jar:/home/travis/build/icyphy/ptII/lib/vertx-core-3.5.2-SNAPSHOT.jar:/home/travis/build/icyphy/ptII/lib/vertx-hazelcast-3.5.1.jar:/home/travis/build/icyphy/ptII/lib/vertx-lang-js-3.5.1.jar:/home/travis/build/icyphy/ptII/lib/vertx-service-proxy-3.5.1.jar:/home/travis/build/icyphy/ptII/lib/vertx-web-3.5.1.jar:/home/travis/build/icyphy/ptII/lib/slf4j-api-1.7.13.jar:/home/travis/build/icyphy/ptII/lib/slf4j-simple-1.7.13.jar:/home/travis/build/icyphy/ptII/lib/webcam-capture-0.3.12.jar:/home/travis/build/icyphy/ptII/lib/bridj-0.7.0.jar:/home/travis/build/icyphy/ptII/lib/xbjlib-1.1.0.nrjavaserial.jar" />
    <property name="test.batch" value="**/junit/*.java" />
    <property name="env._" value="/usr/bin/timeout" />
    <property name="java.io.tmpdir" value="/tmp" />
    <property name="user.language" value="en" />
    <property name="env.HISTCONTROL" value="ignoredups:ignorespace" />
    <property name="env.GOROOT" value="/home/travis/.gimme/versions/go1.7.4.linux.amd64" />
    <property name="line.separator" value="&#xa;" />
    <property name="target" value="1.8" />
    <property name="env.TRAVIS_BUILD_DIR" value="/home/travis/build/icyphy/ptII" />
    <property name="env.ANT_OPTS" value="-Xmx2048m" />
    <property name="ant.file.type" value="file" />
    <property name="ptolemy.ptII.batchMode" value="true" />
    <property name="env.HISTSIZE" value="1000" />
    <property name="env.MERB_ENV" value="test" />
    <property name="java.vm.info" value="mixed mode" />
    <property name="source" value="1.8" />
    <property name="java.vm.specification.name" value="Java Virtual Machine Specification" />
    <property name="env.TRAVIS_TEST_RESULT" value="0" />
    <property name="jsdoc.command" value="node_modules/@terraswarm/jsdoc/jsdoc.js" />
    <property name="npm.works" value="true" />
    <property name="cobertura.dir" value="/home/travis/build/icyphy/ptII/vendors/cobertura-2.0.3" />
    <property name="env.rvm_path" value="/home/travis/.rvm" />
    <property name="env.GEM_PATH" value="/home/travis/.rvm/gems/ruby-2.4.1:/home/travis/.rvm/gems/ruby-2.4.1@global" />
    <property name="env.LC_CTYPE" value="en_US.UTF-8" />
    <property name="java.awt.printerjob" value="sun.print.PSPrinterJob" />
    <property name="env.TRAVIS_STACK_NAME" value="garnet" />
    <property name="ant.version" value="Apache Ant(TM) version 1.10.1 compiled on February 2 2017" />
    <property name="ptII.reports" value="/home/travis/build/icyphy/ptII/reports" />
    <property name="env.TRAVIS_STACK_TIMESTAMP" value="2017-12-05 19:33:09 UTC" />
    <property name="ant.file.type.ptII" value="file" />
    <property name="env.RBENV_SHELL" value="bash" />
    <property name="os.name" value="Linux" />
    <property name="java.specification.vendor" value="Oracle Corporation" />
    <property name="env.rvm_version" value="1.29.3 (latest)" />
    <property name="env.TERM" value="xterm" />
    <property name="java.vm.name" value="Java HotSpot(TM) 64-Bit Server VM" />
    <property name="env.TRAVIS_BUILD_NUMBER" value="644" />
    <property name="env.CI" value="true" />
    <property name="java.library.path" value="/home/travis/pthla/certi-tools/lib:/usr/lib/jni:/usr/local/share/OpenCV/java/:/usr/share/OpenCV/java::/usr/java/packages/lib/amd64:/usr/lib64:/lib64:/lib:/usr/lib" />
    <property name="env.rvm_prefix" value="/home/travis" />
    <property name="env.PATH" value="/home/travis/pthla/certi-tools/share/scripts:/home/travis/.rvm/gems/ruby-2.4.1/bin:/home/travis/.rvm/gems/ruby-2.4.1@global/bin:/home/travis/.rvm/rubies/ruby-2.4.1/bin:/home/travis/.rvm/bin:/home/travis/.nvm/versions/node/v7.10.1/bin:./node_modules/.bin:/home/travis/build/icyphy/ptII/bin:/home/travis/pthla/certi-tools/bin:/home/travis/bin:/home/travis/.local/bin:/opt/pyenv/shims:/home/travis/.phpenv/shims:/home/travis/perl5/perlbrew/bin:/home/travis/.kiex/elixirs/elixir-1.4.5/bin:/home/travis/.kiex/bin:/home/travis/gopath/bin:/home/travis/.gimme/versions/go1.7.4.linux.amd64/bin:/usr/local/phantomjs/bin:/usr/local/phantomjs:/usr/local/neo4j-3.2.7/bin:/usr/local/maven-3.5.2/bin:/usr/local/cmake-3.9.2/bin:/usr/local/clang-5.0.0/bin:/usr/local/sbin:/usr/local/bin:/usr/sbin:/usr/bin:/sbin:/bin:/home/travis/.phpenv/bin:/opt/pyenv/bin:/home/travis/.yarn/bin" />
    <property name="env.TRAVIS_OS_NAME" value="linux" />
    <property name="ant.java.version" value="1.8" />
    <property name="basedir" value="/home/travis/build/icyphy/ptII" />
    <property name="java.class.version" value="52.0" />
    <property name="env.SHLVL" value="3" />
    <property name="env.LD_LIBRARY_PATH" value="/home/travis/pthla/certi-tools/lib:/usr/lib/jni:/usr/local/share/OpenCV/java/:/usr/share/OpenCV/java:" />
    <property name="env.RACK_ENV" value="test" />
    <property name="ant.home" value="/home/travis/build/icyphy/ptII/ant" />
    <property name="env.NVM_DIR" value="/home/travis/.nvm" />
    <property name="env.PERLBREW_BASHRC_VERSION" value="0.80" />
    <property name="env.CERTI_FOM_PATH" value="/home/travis/pthla/certi-tools/share/federations" />
    <property name="env.TRAVIS_BUILD_ID" value="401113126" />
    <property name="env.PYENV_ROOT" value="/opt/pyenv" />
    <property name="env.TRAVIS_UID" value="2000" />
    <property name="env.rvm_pretty_print_flag" value="auto" />
    <property name="env.NVM_BIN" value="/home/travis/.nvm/versions/node/v7.10.1/bin" />
    <property name="env.TRAVIS_COMMIT" value="def9f10e04089c14f8ba284dbed157d0d1f7f1a8" />
    <property name="env._system_arch" value="x86_64" />
    <property name="node.executable" value="node" />
    <property name="sun.boot.library.path" value="/usr/lib/jvm/java-8-oracle/jre/lib/amd64" />
    <property name="sun.management.compiler" value="HotSpot 64-Bit Tiered Compilers" />
    <property name="env.GOPATH" value="/home/travis/gopath" />
    <property name="java.awt.graphicsenv" value="sun.awt.X11GraphicsEnvironment" />
    <property name="ptolemy.ptII.dir" value="/home/travis/build/icyphy/ptII" />
    <property name="env.USER" value="travis" />
    <property name="env.HISTFILESIZE" value="2000" />
    <property name="timeout.longest" value="19000000" />
    <property name="env.TRAVIS_STACK_FEATURES" value="basic cassandra chromium couchdb disabled-ipv6 docker docker-compose elasticsearch firefox go-toolchain google-chrome jdk memcached mongodb mysql neo4j nodejs_interpreter perl_interpreter perlbrew phantomjs postgresql python_interpreter rabbitmq redis riak ruby_interpreter sqlite xserver" />
    <property name="env.TRAVIS_PULL_REQUEST" value="false" />
    <property name="env.PYENV_SHELL" value="bash" />
    <property name="ant.project.name" value="ptII" />
    <property name="java.vm.specification.version" value="1.8" />
    <property name="env.TRAVIS_DIST" value="trusty" />
    <property name="env.CERTI_VERSION" value="4.0.0" />
    <property name="env.NLSPATH" value="/usr/dt/lib/nls/msg/%L/%N.cat" />
    <property name="awt.toolkit" value="sun.awt.X11.XToolkit" />
    <property name="env.CERTI_HOST" value="localhost" />
    <property name="env.MY_RUBY_HOME" value="/home/travis/.rvm/rubies/ruby-2.4.1" />
    <property name="sun.cpu.isalist" value="" />
    <property name="java.ext.dirs" value="/usr/lib/jvm/java-8-oracle/jre/lib/ext:/usr/java/packages/lib/ext" />
    <property name="os.version" value="4.4.0-101-generic" />
    <property name="user.home" value="/home/travis" />
    <property name="env.MIX_ARCHIVES" value="/home/travis/.kiex/mix/elixir-1.4.5" />
    <property name="java.vm.vendor" value="Oracle Corporation" />
    <property name="env.TRAVIS_TAG" value="nightly" />
    <property name="env.TRAVIS_FILTERED" value="redirect_io" />
    <property name="env.JAVA_HOME" value="/usr/lib/jvm/java-8-oracle" />
    <property name="env.PTII" value="/home/travis/build/icyphy/ptII" />
    <property name="javadoc.excludepackagenames" value="adm.cvs2svn.*,build.*,config.*,doc.coding.templates.*,jni.test.jni.meaningOfLife.*,jni.test.jni.testDeux.*,jni.test.jni.testTrois.*,org.terraswarm.accessor.accessors.web.node_modules.*,org.terraswarm.accessor.accessors.web.hosts.cordova.demo.*,org.terraswarm.accessor.accessors.web.hosts.cordova.plugins.*,org.terraswarm.accessor.accessors-svn.*,pt-modules.*,ptolemy.apps.agilent.*,ptolemy.apps.anytimecontrol.*,ptolemy.apps.apes.*,ptolemy.apps.charon.*,ptolemy.apps.crazyboard.*,ptolemy.apps.eclipse.*,ptolemy.apps.etherealSting.*,ptolemy.apps.fullscreen.*,ptolemy.apps.giotto.*,ptolemy.apps.ia.*,ptolemy.apps.interfaces.*,ptolemy.apps.jmf.*,ptolemy.apps.kurt.*,ptolemy.apps.kvm.*,ptolemy.apps.lego.*,ptolemy.apps.lejos.*,ptolemy.apps.midp.*,ptolemy.apps.mobileCoding.*,ptolemy.apps.pendulum.*,ptolemy.apps.rijndael.*,ptolemy.apps.robot.*,ptolemy.apps.security.*,ptolemy.apps.sobel.*,ptolemy.apps.soot.*,ptolemy.apps.throttle.*,ptolemy.apps.tini.*,ptolemy.apps.transmission.*,ptolemy.apps.vergil.*,ptolemy.apps.waba.*,ptolemy.apps.websensor.*,ptolemy.apps.webstart.*,ptolemy.apps.xsl.*,ptolemy.apps.zaurus.*,ptolemy.backtrack.eclipse.plugin.*,ptolemy.backtrack.test.*,ptolemy.codegen.c.actor.lib.oldJavaFiles.*,ptolemy.codegen.dsp.lib.*,ptolemy.codegen.kernel.newInterfaces.*,ptolemy.codegen.lib.*,ptolemy.copernicus.kernel.fragment.*,ptolemy.copernicus.shallow.cg.*,ptolemy.domains.giotto.demo.Hierarchy.Hierarchy.*,ptolemy.domains.giotto.demo.Multimode.Multimode.*,ptolemy.domains.giotto.demo.Simple.Simple.*,ptolemy.domains.gr.lib.experimental.*,ptolemy.domains.gro.*,ptolemy.domains.pdf.*,ptolemy.domains.ptinyos.demo.Surge.output.*,ptolemy.moml.test.NoPackageActor.java*,ptolemy.plot.adm.*,ptolemy.plot.servlet.*,reports.*,signed.*,src.*,target.*,vendors.*,ptolemy.cg.adapter.generic.program.procedural.c.mbed*,ptolemy.actor.lib.fmi.fmus.omc*,ptolemy.domains.openmodelica*,ptdb.kernel.bl.save.test.*,ptdb.kernel.bl.load.test.*,ptdb.kernel.bl.search.test.*,ptdb.kernel.bl.migration.test.*,ptdb.kernel.database.test.*,ptdb.test.*,ptdb.gui.test.*,org.ptolemy.scala.*,diva.util.java2d.svg.*,ptolemy.domains.ptinyos.*,ptolemy.actor.lib.fmi.fmipp.*,,org.terraswarm.accessor.accessors.web.node_modules.*,org.terraswarm.accessor.accessors-svn,ptolemy.apps.*,ptolemy.actor.ptalon.demo.ptinyos.SendAndReceiveCnt.output,ptolemy.actor.ptalon.demo.ptinyos.SenseToLeds.output,ptolemy.domains.ptinyos.demo.CntToLedsAndRfm.output,ptolemy.domains.ptinyos.demo.RfmToLeds.output,ptolemy.domains.ptinyos.demo.SendAndReceiveCnt.output,ptolemy.domains.ptinyos.demo.SenseToLeds.output,ptolemy.actor.lib.jjs.modules.udpSocket.*" />
    <property name="env.TRAVIS_COMMIT_MESSAGE" value="Monitor MQTT Errors on stdout" />
    <property name="keystore" value="ptKeystore" />
    <property name="env.XDG_SESSION_ID" value="2" />
    <property name="junit.output.dir" value="/home/travis/build/icyphy/ptII/reports/junit" />
    <property name="npm.return.code" value="0" />
    <property name="user.dir" value="/home/travis/build/icyphy/ptII/ptolemy/actor/lib/test" />
    <property name="env.TRAVIS_NODE_VERSION" value="7" />
    <property name="env.XFILESEARCHPATH" value="/usr/dt/app-defaults/%L/Dt" />
    <property name="env.TRAVIS_EVENT_TYPE" value="cron" />
    <property name="env.MAIL" value="/var/mail/travis" />
    <property name="env.PERLBREW_ROOT" value="/home/travis/perl5/perlbrew" />
    <property name="env.PWD" value="/home/travis/build/icyphy/ptII" />
    <property name="timeout.npm" value="45000" />
    <property name="env.PAGER" value="cat" />
    <property name="sun.cpu.endian" value="little" />
    <property name="env.TRAVIS_BUILD_STAGE_NAME" value="Test" />
    <property name="env.PERLBREW_HOME" value="/home/travis/.perlbrew" />
    <property name="env.RAILS_ENV" value="test" />
    <property name="java.vm.version" value="25.151-b12" />
    <property name="java.class.path" value="/home/travis/.ptolemyII:/home/travis/.ptolemyII/*:/home/travis/build/icyphy/ptII:/home/travis/build/icyphy/ptII/lib/bsh-2.0b4.jar:/home/travis/build/icyphy/ptII/lib/ptCal.jar:/home/travis/build/icyphy/ptII/lib/java_cup.jar:/home/travis/build/icyphy/ptII/lib/saxon8.jar:/home/travis/build/icyphy/ptII/lib/saxon8-dom.jar:/home/travis/build/icyphy/ptII/lib/chic.jar:/home/travis/build/icyphy/ptII/lib/ptcolt.jar:/usr/lib/jvm/java-8-oracle/lib/tools.jar:/usr/lib/eclipse/plugins/org.eclipse.jdt.core_3.8.2.dist.jar:/usr/lib/eclipse/plugins/org.eclipse.core.runtime_3.8.0.dist.jar:/usr/lib/eclipse/plugins/org.eclipse.osgi_3.8.1.dist.jar:/usr/lib/eclipse/plugins/org.eclipse.core.resources_3.8.1.dist.jar:/usr/lib/eclipse/plugins/org.eclipse.equinox.common_3.6.100.dist.jar:/usr/lib/eclipse/plugins/org.eclipse.core.jobs_3.5.200.dist.jar:/usr/lib/eclipse/plugins/org.eclipse.core.contenttype_3.4.200.dist.jar:/usr/lib/eclipse/plugins/org.eclipse.equinox.preferences_3.5.0.dist.jar:/usr/lib/eclipse/plugins/org.eclipse.text_3.5.200.dist.jar:/usr/lib/eclipse/plugins/org.eclipse.ui.workbench_3.8.1.dist.jar:/usr/lib/eclipse/plugins/org.eclipse.jface_3.8.0.dist.jar:/usr/lib/eclipse/plugins/org.eclipse.swt_3.8.2.jar:/usr/lib/eclipse/plugins/org.eclipse.jface.text_3.8.1.dist.jar:/usr/lib/eclipse/plugins/org.eclipse.ui.workbench.texteditor_3.8.0.dist.jar:/usr/lib/eclipse/plugins/org.eclipse.ui.editors_3.8.0.dist.jar:/usr/lib/eclipse/plugins/org.eclipse.core.commands_3.6.1.dist.jar:/usr/lib/eclipse/plugins/org.eclipse.equinox.registry_3.5.200.dist.jar:/usr/lib/eclipse/plugins/org.eclipse.ui.console_3.5.100.dist.jar:/usr/lib/eclipse/plugins/org.eclipse.ui.forms_3.5.200.dist.jar:/usr/lib/eclipse/plugins/org.eclipse.ui.ide_3.8.1.dist.jar:/home/travis/build/icyphy/ptII/vendors/oracle/dbxml.jar:/home/travis/build/icyphy/ptII/vendors/oracle/db.jar:/home/travis/build/icyphy/ptII/vendors/misc/itext/iText.jar:/home/travis/build/icyphy/ptII/lib/g4ltl.jar:/home/travis/build/icyphy/ptII/lib/StructuralCoder.jar:/home/travis/build/icyphy/ptII/lib/org-openide-util.jar:/home/travis/build/icyphy/ptII/lib/org-openide-util-lookup.jar:/home/travis/build/icyphy/ptII/lib/org-netbeans-api-visual.jar:/home/travis/build/icyphy/ptII/vendors/jai-1_1_2_01/lib/jai_core.jar:/home/travis/build/icyphy/ptII/vendors/jai-1_1_2_01/lib/jai_codec.jar:/home/travis/build/icyphy/ptII/lib/jcerti.jar:/home/travis/build/icyphy/ptII/lib/smack.jar:/home/travis/build/icyphy/ptII/lib/smackx.jar:/home/travis/build/icyphy/ptII/lib/jetty-all-8.1.5-v20120716.jar:/home/travis/build/icyphy/ptII/lib/javax.servlet-api-3.0.1.jar:/home/travis/build/icyphy/ptII/lib/javax.mail.jar:/home/travis/build/icyphy/ptII/vendors/JMF-2.1.1e/lib/jmf.jar:/home/travis/build/icyphy/ptII/lib/jna-4.0.0-variadic.jar:/home/travis/build/icyphy/ptII/vendors/misc/joystick/Joystick.jar:/home/travis/build/icyphy/ptII/lib/ptjacl.jar:/home/travis/build/icyphy/ptII/lib/jsoup-1.8.2.jar:/home/travis/build/icyphy/ptII/lib/junit-4.8.2.jar:/home/travis/build/icyphy/ptII/lib/JUnitParams-0.4.0.jar:/home/travis/build/icyphy/ptII/ptolemy/actor/lib/excel/jxl.jar:/home/travis/build/icyphy/ptII/lib/jython.jar:/home/travis/build/icyphy/ptII/lib/kieler.jar:/home/travis/build/icyphy/ptII/vendors/opencv/share/OpenCV/java/opencv-341.jar:/home/travis/build/icyphy/ptII/lib/oscP5.jar:/home/travis/build/icyphy/ptII/lib/nrjavaserial-3.11.0.devel.jar:/home/travis/build/icyphy/ptII/vendors/j3d/lib/j3dcore.jar:/home/travis/build/icyphy/ptII/vendors/j3d/lib/j3dutils.jar:/home/travis/build/icyphy/ptII/vendors/j3d/lib/vecmath.jar:/home/travis/build/icyphy/ptII/ptolemy/distributed/jini/jar/jini-core.jar:/home/travis/build/icyphy/ptII/ptolemy/distributed/jini/jar/jini-ext.jar:/home/travis/build/icyphy/ptII/ptolemy/distributed/jini/jar/sun-util.jar:/home/travis/build/icyphy/ptII/lib/protobuf-java-2.4.1.jar:/home/travis/build/icyphy/ptII/lib/org.eclipse.paho.client.mqttv3.jar:/home/travis/build/icyphy/ptII/ptserver/lib/hessian-4.0.7.jar:/home/travis/build/icyphy/ptII/ptserver/lib/wmqtt.jar:/home/travis/build/icyphy/ptII/lib/mapss.jar:/home/travis/build/icyphy/ptII/ptolemy/actor/ptalon/antlr/antlr.jar:/home/travis/build/icyphy/ptII/lib/JRI.jar:/home/travis/build/icyphy/ptII/lib/commons-lang-2.6.jar:/home/travis/build/icyphy/ptII/lib/commons-logging-1.1.1.jar:/home/travis/build/icyphy/ptII/lib/sootclasses.jar:/home/travis/build/icyphy/ptII/ptolemy/actor/lib/database/mysql-connector-java-5.1.6-bin.jar:/home/travis/build/icyphy/ptII/vendors/misc/sphinx4/sphinx4-data-5prealpha.jar:/home/travis/build/icyphy/ptII/vendors/misc/sphinx4/sphinx4-core-5prealpha.jar:/home/travis/build/icyphy/ptII/lib/PDFRenderer.jar:/home/travis/build/icyphy/ptII/lib/svgSalamander.jar:/home/travis/build/icyphy/ptII/lib/rsyntaxtextarea-2.6.0-SNAPSHOT.jar:/home/travis/build/icyphy/ptII/lib/hazelcast-3.8.2.jar:/home/travis/build/icyphy/ptII/lib/jackson-annotations-2.9.0.jar:/home/travis/build/icyphy/ptII/lib/jackson-core-2.9.3.jar:/home/travis/build/icyphy/ptII/lib/jackson-databind-2.9.3.jar:/home/travis/build/icyphy/ptII/lib/netty-buffer-4.1.19.Final.jar:/home/travis/build/icyphy/ptII/lib/netty-codec-4.1.19.Final.jar:/home/travis/build/icyphy/ptII/lib/netty-codec-dns-4.1.19.Final.jar:/home/travis/build/icyphy/ptII/lib/netty-codec-http-4.1.19.Final.jar:/home/travis/build/icyphy/ptII/lib/netty-codec-http2-4.1.19.Final.jar:/home/travis/build/icyphy/ptII/lib/netty-common-4.1.19.Final.jar:/home/travis/build/icyphy/ptII/lib/netty-handler-4.1.19.Final.jar:/home/travis/build/icyphy/ptII/lib/netty-resolver-4.1.19.Final.jar:/home/travis/build/icyphy/ptII/lib/netty-resolver-dns-4.1.19.Final.jar:/home/travis/build/icyphy/ptII/lib/netty-transport-4.1.19.Final.jar:/home/travis/build/icyphy/ptII/lib/vertx-codegen-3.5.1.jar:/home/travis/build/icyphy/ptII/lib/vertx-core-3.5.2-SNAPSHOT.jar:/home/travis/build/icyphy/ptII/lib/vertx-hazelcast-3.5.1.jar:/home/travis/build/icyphy/ptII/lib/vertx-lang-js-3.5.1.jar:/home/travis/build/icyphy/ptII/lib/vertx-service-proxy-3.5.1.jar:/home/travis/build/icyphy/ptII/lib/vertx-web-3.5.1.jar:/home/travis/build/icyphy/ptII/lib/slf4j-api-1.7.13.jar:/home/travis/build/icyphy/ptII/lib/slf4j-simple-1.7.13.jar:/home/travis/build/icyphy/ptII/lib/webcam-capture-0.3.12.jar:/home/travis/build/icyphy/ptII/lib/bridj-0.7.0.jar:/home/travis/build/icyphy/ptII/lib/xbjlib-1.1.0.nrjavaserial.jar:/home/travis/build/icyphy/ptII/ptolemy/moml/test:/home/travis/build/icyphy/ptII/ant/lib/ant-launcher.jar:/home/travis/build/icyphy/ptII/ant/lib/ant.jar:/home/travis/build/icyphy/ptII/ant/lib/ant-junit.jar:/home/travis/build/icyphy/ptII/ant/lib/ant-junit4.jar" />
    <property name="ant.library.dir" value="/home/travis/build/icyphy/ptII/ant/lib" />
    <property name="os.arch" value="amd64" />
    <property name="env.TRAVIS_LANGUAGE" value="node_js" />
    <property name="env.CONTINUOUS_INTEGRATION" value="true" />
    <property name="env.TRAVIS_STACK_LANGUAGES" value="__garnet__ c c++ clojure cplusplus cpp default go groovy java node_js php pure_java python ruby scala" />
    <property name="test.name" value="ptolemy.actor.lib.test.junit.JUnitTclTest" />
    <property name="sun.java.launcher" value="SUN_STANDARD" />
    <property name="env.PYTHON_CONFIGURE_OPTS" value="--enable-unicode=ucs4 --with-wide-unicode --enable-shared --enable-ipv6 --enable-loadable-sqlite-extensions --with-computed-gotos" />
    <property name="ant.core.lib" value="/home/travis/build/icyphy/ptII/ant/lib/ant.jar" />
    <property name="java.vm.specification.vendor" value="Oracle Corporation" />
    <property name="env.BCVTB_HOME" value="/home/travis/build/icyphy/ptII/lbnl" />
    <property name="file.separator" value="/" />
    <property name="java.runtime.version" value="1.8.0_151-b12" />
    <property name="spotbugs.home" value="/home/travis/build/icyphy/ptII/vendors/spotbugs-3.1.1" />
    <property name="sun.boot.class.path" value="/usr/lib/jvm/java-8-oracle/jre/lib/resources.jar:/usr/lib/jvm/java-8-oracle/jre/lib/rt.jar:/usr/lib/jvm/java-8-oracle/jre/lib/sunrsasign.jar:/usr/lib/jvm/java-8-oracle/jre/lib/jsse.jar:/usr/lib/jvm/java-8-oracle/jre/lib/jce.jar:/usr/lib/jvm/java-8-oracle/jre/lib/charsets.jar:/usr/lib/jvm/java-8-oracle/jre/lib/jfr.jar:/usr/lib/jvm/java-8-oracle/jre/classes" />
    <property name="env.HAS_JOSH_K_SEAL_OF_APPROVAL" value="true" />
    <property name="env.XDG_RUNTIME_DIR" value="/run/user/2000" />
    <property name="env.TRAVIS_OSX_IMAGE" value="" />
    <property name="env.TRAVIS_BRANCH" value="master" />
    <property name="env.TRAVIS_JOB_ID" value="401113134" />
    <property name="user.country" value="US" />
    <property name="env.CERTI_HOME_TRAVIS" value="/home/travis/pthla/certi-tools" />
    <property name="env.SHELL" value="/bin/bash" />
    <property name="java.maxmemory.large" value="5000m" />
    <property name="model" value="" />
    <property name="env.CASHER_DIR" value="/home/travis/.casher" />
    <property name="env.NVM_CD_FLAGS" value="" />
    <property name="jshint.executable" value="/home/travis/node_modules/jshint/bin/jshint" />
    <property name="java.vendor" value="Oracle Corporation" />
    <property name="env.JRUBY_OPTS" value=" --client -J-XX:+TieredCompilation -J-XX:TieredStopAtLevel=1 -J-Xss2m -Xcompile.invokedynamic=false" />
    <property name="env.TRAVIS_PRE_CHEF_BOOTSTRAP_TIME" value="2017-12-05T19:32:55" />
    <property name="env.ELIXIR_VERSION" value="1.4.5" />
    <property name="env.TRAVIS_STACK_JOB_BOARD_REGISTER" value="/.job-board-register.yml" />
    <property name="java.specification.version" value="1.8" />
    <property name="env.TRAVIS" value="true" />
    <property name="env.IRBRC" value="/home/travis/.rvm/rubies/ruby-2.4.1/.irbrc" />
    <property name="sun.arch.data.model" value="64" />
  </properties>
  <testcase classname="ptolemy.util.test.junit.TclTests" name="[0] /home/travis/build/icyphy/ptII/ptolemy/actor/lib/test/AbsoluteValue.tcl (RunTclFile)" time="0.49" />
  <testcase classname="ptolemy.util.test.junit.TclTests" name="[1] /home/travis/build/icyphy/ptII/ptolemy/actor/lib/test/AddSubtract.tcl (RunTclFile)" time="0.061" />
  <testcase classname="ptolemy.util.test.junit.TclTests" name="[2] /home/travis/build/icyphy/ptII/ptolemy/actor/lib/test/Average.tcl (RunTclFile)" time="0.032" />
  <testcase classname="ptolemy.util.test.junit.TclTests" name="[3] /home/travis/build/icyphy/ptII/ptolemy/actor/lib/test/Bernoulli.tcl (RunTclFile)" time="0.034" />
  <testcase classname="ptolemy.util.test.junit.TclTests" name="[4] /home/travis/build/icyphy/ptII/ptolemy/actor/lib/test/Clock.tcl (RunTclFile)" time="0.088" />
  <testcase classname="ptolemy.util.test.junit.TclTests" name="[5] /home/travis/build/icyphy/ptII/ptolemy/actor/lib/test/Commutator.tcl (RunTclFile)" time="0.144" />
  <testcase classname="ptolemy.util.test.junit.TclTests" name="[6] /home/travis/build/icyphy/ptII/ptolemy/actor/lib/test/Const.tcl (RunTclFile)" time="0.103" />
  <testcase classname="ptolemy.util.test.junit.TclTests" name="[7] /home/travis/build/icyphy/ptII/ptolemy/actor/lib/test/CurrentTime.tcl (RunTclFile)" time="0.047" />
  <testcase classname="ptolemy.util.test.junit.TclTests" name="[8] /home/travis/build/icyphy/ptII/ptolemy/actor/lib/test/DB.tcl (RunTclFile)" time="0.022" />
  <testcase classname="ptolemy.util.test.junit.TclTests" name="[9] /home/travis/build/icyphy/ptII/ptolemy/actor/lib/test/DiscreteRandomSource.tcl (RunTclFile)" time="0.043" />
  <testcase classname="ptolemy.util.test.junit.TclTests" name="[10] /home/travis/build/icyphy/ptII/ptolemy/actor/lib/test/Distributor.tcl (RunTclFile)" time="0.047" />
  <testcase classname="ptolemy.util.test.junit.TclTests" name="[11] /home/travis/build/icyphy/ptII/ptolemy/actor/lib/test/Exit.tcl (RunTclFile)" time="0.048" />
  <testcase classname="ptolemy.util.test.junit.TclTests" name="[12] /home/travis/build/icyphy/ptII/ptolemy/actor/lib/test/Expression.tcl (RunTclFile)" time="0.099" />
  <testcase classname="ptolemy.util.test.junit.TclTests" name="[13] /home/travis/build/icyphy/ptII/ptolemy/actor/lib/test/Gaussian.tcl (RunTclFile)" time="0.519" />
  <testcase classname="ptolemy.util.test.junit.TclTests" name="[14] /home/travis/build/icyphy/ptII/ptolemy/actor/lib/test/IIR.tcl (RunTclFile)" time="0.024" />
  <testcase classname="ptolemy.util.test.junit.TclTests" name="[15] /home/travis/build/icyphy/ptII/ptolemy/actor/lib/test/Interpolator.tcl (RunTclFile)" time="0.059" />
  <testcase classname="ptolemy.util.test.junit.TclTests" name="[16] /home/travis/build/icyphy/ptII/ptolemy/actor/lib/test/MathFunction.tcl (RunTclFile)" time="0.044" />
  <testcase classname="ptolemy.util.test.junit.TclTests" name="[17] /home/travis/build/icyphy/ptII/ptolemy/actor/lib/test/Maximum.tcl (RunTclFile)" time="0.024" />
  <testcase classname="ptolemy.util.test.junit.TclTests" name="[18] /home/travis/build/icyphy/ptII/ptolemy/actor/lib/test/Minimum.tcl (RunTclFile)" time="0.028" />
  <testcase classname="ptolemy.util.test.junit.TclTests" name="[19] /home/travis/build/icyphy/ptII/ptolemy/actor/lib/test/MultiplyDivide.tcl (RunTclFile)" time="0.024" />
  <testcase classname="ptolemy.util.test.junit.TclTests" name="[20] /home/travis/build/icyphy/ptII/ptolemy/actor/lib/test/OrderedMerge.tcl (RunTclFile)" time="0.106" />
  <testcase classname="ptolemy.util.test.junit.TclTests" name="[21] /home/travis/build/icyphy/ptII/ptolemy/actor/lib/test/Publisher.tcl (RunTclFile)" time="0.681" />
  <testcase classname="ptolemy.util.test.junit.TclTests" name="[22] /home/travis/build/icyphy/ptII/ptolemy/actor/lib/test/Pulse.tcl (RunTclFile)" time="0.07" />
  <testcase classname="ptolemy.util.test.junit.TclTests" name="[23] /home/travis/build/icyphy/ptII/ptolemy/actor/lib/test/Ramp.tcl (RunTclFile)" time="1.973" />
  <testcase classname="ptolemy.util.test.junit.TclTests" name="[24] /home/travis/build/icyphy/ptII/ptolemy/actor/lib/test/RampContinuous.tcl (RunTclFile)" time="0.017" />
  <testcase classname="ptolemy.util.test.junit.TclTests" name="[25] /home/travis/build/icyphy/ptII/ptolemy/actor/lib/test/RecordAssembler.tcl (RunTclFile)" time="0.016" />
  <testcase classname="ptolemy.util.test.junit.TclTests" name="[26] /home/travis/build/icyphy/ptII/ptolemy/actor/lib/test/RecordDisassembler.tcl (RunTclFile)" time="0.019" />
  <testcase classname="ptolemy.util.test.junit.TclTests" name="[27] /home/travis/build/icyphy/ptII/ptolemy/actor/lib/test/Scale.tcl (RunTclFile)" time="0.018" />
  <testcase classname="ptolemy.util.test.junit.TclTests" name="[28] /home/travis/build/icyphy/ptII/ptolemy/actor/lib/test/SequentialClock.tcl (RunTclFile)" time="0.013" />
  <testcase classname="ptolemy.util.test.junit.TclTests" name="[29] /home/travis/build/icyphy/ptII/ptolemy/actor/lib/test/SetVariable.tcl (RunTclFile)" time="0.014" />
  <testcase classname="ptolemy.util.test.junit.TclTests" name="[30] /home/travis/build/icyphy/ptII/ptolemy/actor/lib/test/Sinewave.tcl (RunTclFile)" time="0.028" />
  <testcase classname="ptolemy.util.test.junit.TclTests" name="[31] /home/travis/build/icyphy/ptII/ptolemy/actor/lib/test/SubscriptionAggregator.tcl (RunTclFile)" time="2.077" />
  <testcase classname="ptolemy.util.test.junit.TclTests" name="[32] /home/travis/build/icyphy/ptII/ptolemy/actor/lib/test/Test.tcl (RunTclFile)" time="0.139" />
  <testcase classname="ptolemy.util.test.junit.TclTests" name="[33] /home/travis/build/icyphy/ptII/ptolemy/actor/lib/test/TestExceptionHandler.tcl (RunTclFile)" time="0.027" />
  <testcase classname="ptolemy.util.test.junit.TclTests" name="[34] /home/travis/build/icyphy/ptII/ptolemy/actor/lib/test/UnionDisassembler.tcl (RunTclFile)" time="0.091" />
  <testcase classname="ptolemy.util.test.junit.TclTests" name="[35] /home/travis/build/icyphy/ptII/ptolemy/actor/lib/test/VariableClock.tcl (RunTclFile)" time="0.034" />
  <testcase classname="ptolemy.util.test.junit.AutoKnownFailedTests" name="[0] /home/travis/build/icyphy/ptII/ptolemy/actor/lib/test/auto/knownFailedTests/PublisherPortToplevelSubscriber.xml (RunModel)" time="0.02" />
  <testcase classname="ptolemy.util.test.junit.AutoKnownFailedTests" name="[1] /home/travis/build/icyphy/ptII/ptolemy/actor/lib/test/auto/knownFailedTests/PublisherSubscriberPortToplevel.xml (RunModel)" time="0.028" />
  <testcase classname="ptolemy.util.test.junit.AutoKnownFailedTests" name="[2] /home/travis/build/icyphy/ptII/ptolemy/actor/lib/test/auto/knownFailedTests/PublisherSubscriptionAggregatorPort.xml (RunModel)" time="0.024" />
  <testcase classname="ptolemy.util.test.junit.AutoKnownFailedTests" name="[3] /home/travis/build/icyphy/ptII/ptolemy/actor/lib/test/auto/knownFailedTests/sizedarray3.xml (RunModel)" time="0.048" />
  <testcase classname="ptolemy.util.test.junit.AutoNameArchTests" name="[0] ThereAreNoAutoArchTests (RunModel)" time="0.001" />
  <testcase classname="ptolemy.util.test.junit.AutoTests" name="[0] /home/travis/build/icyphy/ptII/ptolemy/actor/lib/test/auto/AbsoluteValue.xml (RunModel)" time="0.169" />
  <testcase classname="ptolemy.util.test.junit.AutoTests" name="[1] /home/travis/build/icyphy/ptII/ptolemy/actor/lib/test/auto/AbsoluteValue2.xml (RunModel)" time="0.081" />
  <testcase classname="ptolemy.util.test.junit.AutoTests" name="[2] /home/travis/build/icyphy/ptII/ptolemy/actor/lib/test/auto/Accumulator.xml (RunModel)" time="0.074" />
  <testcase classname="ptolemy.util.test.junit.AutoTests" name="[3] /home/travis/build/icyphy/ptII/ptolemy/actor/lib/test/auto/Accumulator2.xml (RunModel)" time="0.058" />
  <testcase classname="ptolemy.util.test.junit.AutoTests" name="[4] /home/travis/build/icyphy/ptII/ptolemy/actor/lib/test/auto/Accumulator3.xml (RunModel)" time="0.05" />
  <testcase classname="ptolemy.util.test.junit.AutoTests" name="[5] /home/travis/build/icyphy/ptII/ptolemy/actor/lib/test/auto/ArrayAppend.xml (RunModel)" time="0.04" />
  <testcase classname="ptolemy.util.test.junit.AutoTests" name="[6] /home/travis/build/icyphy/ptII/ptolemy/actor/lib/test/auto/ArrayAppend2.xml (RunModel)" time="0.321" />
  <testcase classname="ptolemy.util.test.junit.AutoTests" name="[7] /home/travis/build/icyphy/ptII/ptolemy/actor/lib/test/auto/ArrayAppend3.xml (RunModel)" time="0.032" />
  <testcase classname="ptolemy.util.test.junit.AutoTests" name="[8] /home/travis/build/icyphy/ptII/ptolemy/actor/lib/test/auto/ArrayAppend4.xml (RunModel)" time="0.029" />
  <testcase classname="ptolemy.util.test.junit.AutoTests" name="[9] /home/travis/build/icyphy/ptII/ptolemy/actor/lib/test/auto/ArrayAppend5.xml (RunModel)" time="0.027" />
  <testcase classname="ptolemy.util.test.junit.AutoTests" name="[10] /home/travis/build/icyphy/ptII/ptolemy/actor/lib/test/auto/ArrayAppend6.xml (RunModel)" time="0.029" />
  <testcase classname="ptolemy.util.test.junit.AutoTests" name="[11] /home/travis/build/icyphy/ptII/ptolemy/actor/lib/test/auto/ArrayAppendPerformanceTest.xml (RunModel)" time="0.055" />
  <testcase classname="ptolemy.util.test.junit.AutoTests" name="[12] /home/travis/build/icyphy/ptII/ptolemy/actor/lib/test/auto/ArrayAppendWithEmptyInput.xml (RunModel)" time="0.059" />
  <testcase classname="ptolemy.util.test.junit.AutoTests" name="[13] /home/travis/build/icyphy/ptII/ptolemy/actor/lib/test/auto/ArrayAverage.xml (RunModel)" time="0.031" />
  <testcase classname="ptolemy.util.test.junit.AutoTests" name="[14] /home/travis/build/icyphy/ptII/ptolemy/actor/lib/test/auto/ArrayContains.xml (RunModel)" time="0.029" />
  <testcase classname="ptolemy.util.test.junit.AutoTests" name="[15] /home/travis/build/icyphy/ptII/ptolemy/actor/lib/test/auto/ArrayElement.xml (RunModel)" time="0.034" />
  <testcase classname="ptolemy.util.test.junit.AutoTests" name="[16] /home/travis/build/icyphy/ptII/ptolemy/actor/lib/test/auto/ArrayElementAsMatrix.xml (RunModel)" time="0.065" />
  <testcase classname="ptolemy.util.test.junit.AutoTests" name="[17] /home/travis/build/icyphy/ptII/ptolemy/actor/lib/test/auto/ArrayElementI.xml (RunModel)" time="0.02" />
  <testcase classname="ptolemy.util.test.junit.AutoTests" name="[18] /home/travis/build/icyphy/ptII/ptolemy/actor/lib/test/auto/ArrayExtract.xml (RunModel)" time="0.07" />
  <testcase classname="ptolemy.util.test.junit.AutoTests" name="[19] /home/travis/build/icyphy/ptII/ptolemy/actor/lib/test/auto/ArrayExtract2.xml (RunModel)" time="0.022" />
  <testcase classname="ptolemy.util.test.junit.AutoTests" name="[20] /home/travis/build/icyphy/ptII/ptolemy/actor/lib/test/auto/ArrayLength.xml (RunModel)" time="0.015" />
  <testcase classname="ptolemy.util.test.junit.AutoTests" name="[21] /home/travis/build/icyphy/ptII/ptolemy/actor/lib/test/auto/ArrayLevelCrossing.xml (RunModel)" time="0.029" />
  <testcase classname="ptolemy.util.test.junit.AutoTests" name="[22] /home/travis/build/icyphy/ptII/ptolemy/actor/lib/test/auto/ArrayLevelCrossing2.xml (RunModel)" time="0.022" />
  <testcase classname="ptolemy.util.test.junit.AutoTests" name="[23] /home/travis/build/icyphy/ptII/ptolemy/actor/lib/test/auto/ArrayPeakSearch.xml (RunModel)" time="0.051" />
  <testcase classname="ptolemy.util.test.junit.AutoTests" name="[24] /home/travis/build/icyphy/ptII/ptolemy/actor/lib/test/auto/ArrayPeakSearch2.xml (RunModel)" time="0.043" />
  <testcase classname="ptolemy.util.test.junit.AutoTests" name="[25] /home/travis/build/icyphy/ptII/ptolemy/actor/lib/test/auto/ArrayPeakSearch3.xml (RunModel)" time="0.038" />
  <testcase classname="ptolemy.util.test.junit.AutoTests" name="[26] /home/travis/build/icyphy/ptII/ptolemy/actor/lib/test/auto/ArrayRemoveElement.xml (RunModel)" time="0.034" />
  <testcase classname="ptolemy.util.test.junit.AutoTests" name="[27] /home/travis/build/icyphy/ptII/ptolemy/actor/lib/test/auto/ArraySort.xml (RunModel)" time="0.041" />
  <testcase classname="ptolemy.util.test.junit.AutoTests" name="[28] /home/travis/build/icyphy/ptII/ptolemy/actor/lib/test/auto/ArraySum.xml (RunModel)" time="0.021" />
  <testcase classname="ptolemy.util.test.junit.AutoTests" name="[29] /home/travis/build/icyphy/ptII/ptolemy/actor/lib/test/auto/ArrayToElements.xml (RunModel)" time="0.029" />
  <testcase classname="ptolemy.util.test.junit.AutoTests" name="[30] /home/travis/build/icyphy/ptII/ptolemy/actor/lib/test/auto/ArrayToMatrix.xml (RunModel)" time="0.06" />
  <testcase classname="ptolemy.util.test.junit.AutoTests" name="[31] /home/travis/build/icyphy/ptII/ptolemy/actor/lib/test/auto/ArrayUpdate1.xml (RunModel)" time="0.016" />
  <testcase classname="ptolemy.util.test.junit.AutoTests" name="[32] /home/travis/build/icyphy/ptII/ptolemy/actor/lib/test/auto/ArrayUpdate2.xml (RunModel)" time="0.019" />
  <testcase classname="ptolemy.util.test.junit.AutoTests" name="[33] /home/travis/build/icyphy/ptII/ptolemy/actor/lib/test/auto/ArrayUpdate3.xml (RunModel)" time="0.015" />
  <testcase classname="ptolemy.util.test.junit.AutoTests" name="[34] /home/travis/build/icyphy/ptII/ptolemy/actor/lib/test/auto/Assert1.xml (RunModel)" time="0.022" />
  <testcase classname="ptolemy.util.test.junit.AutoTests" name="[35] /home/travis/build/icyphy/ptII/ptolemy/actor/lib/test/auto/Assert2.xml (RunModel)" time="0.016" />
  <testcase classname="ptolemy.util.test.junit.AutoTests" name="[36] /home/travis/build/icyphy/ptII/ptolemy/actor/lib/test/auto/BooleanMultiplexor.xml (RunModel)" time="0.015" />
  <testcase classname="ptolemy.util.test.junit.AutoTests" name="[37] /home/travis/build/icyphy/ptII/ptolemy/actor/lib/test/auto/BooleanMultiplexor2.xml (RunModel)" time="0.016" />
  <testcase classname="ptolemy.util.test.junit.AutoTests" name="[38] /home/travis/build/icyphy/ptII/ptolemy/actor/lib/test/auto/BooleanMultiplexor3.xml (RunModel)" time="0.031" />
  <testcase classname="ptolemy.util.test.junit.AutoTests" name="[39] /home/travis/build/icyphy/ptII/ptolemy/actor/lib/test/auto/BooleanSelect.xml (RunModel)" time="0.022" />
  <testcase classname="ptolemy.util.test.junit.AutoTests" name="[40] /home/travis/build/icyphy/ptII/ptolemy/actor/lib/test/auto/BooleanSelect2.xml (RunModel)" time="0.013" />
  <testcase classname="ptolemy.util.test.junit.AutoTests" name="[41] /home/travis/build/icyphy/ptII/ptolemy/actor/lib/test/auto/BooleanSwitch.xml (RunModel)" time="0.025" />
  <testcase classname="ptolemy.util.test.junit.AutoTests" name="[42] /home/travis/build/icyphy/ptII/ptolemy/actor/lib/test/auto/BooleanSwitch2.xml (RunModel)" time="0.012" />
  <testcase classname="ptolemy.util.test.junit.AutoTests" name="[43] /home/travis/build/icyphy/ptII/ptolemy/actor/lib/test/auto/BooleanSwitchCloningBugWithClassRelationGroup.xml (RunModel)" time="0.023" />
  <testcase classname="ptolemy.util.test.junit.AutoTests" name="[44] /home/travis/build/icyphy/ptII/ptolemy/actor/lib/test/auto/BusActors.xml (RunModel)" time="0.026" />
  <testcase classname="ptolemy.util.test.junit.AutoTests" name="[45] /home/travis/build/icyphy/ptII/ptolemy/actor/lib/test/auto/ClassWrapper.xml (RunModel)" time="0.027" />
  <testcase classname="ptolemy.util.test.junit.AutoTests" name="[46] /home/travis/build/icyphy/ptII/ptolemy/actor/lib/test/auto/Clock.xml (RunModel)" time="0.009" />
  <testcase classname="ptolemy.util.test.junit.AutoTests" name="[47] /home/travis/build/icyphy/ptII/ptolemy/actor/lib/test/auto/Clock10.xml (RunModel)" time="0.019" />
  <testcase classname="ptolemy.util.test.junit.AutoTests" name="[48] /home/travis/build/icyphy/ptII/ptolemy/actor/lib/test/auto/Clock11.xml (RunModel)" time="0.024" />
  <testcase classname="ptolemy.util.test.junit.AutoTests" name="[49] /home/travis/build/icyphy/ptII/ptolemy/actor/lib/test/auto/Clock12.xml (RunModel)" time="0.019" />
  <testcase classname="ptolemy.util.test.junit.AutoTests" name="[50] /home/travis/build/icyphy/ptII/ptolemy/actor/lib/test/auto/Clock13.xml (RunModel)" time="0.015" />
  <testcase classname="ptolemy.util.test.junit.AutoTests" name="[51] /home/travis/build/icyphy/ptII/ptolemy/actor/lib/test/auto/Clock14.xml (RunModel)" time="0.012" />
  <testcase classname="ptolemy.util.test.junit.AutoTests" name="[52] /home/travis/build/icyphy/ptII/ptolemy/actor/lib/test/auto/Clock15.xml (RunModel)" time="0.012" />
  <testcase classname="ptolemy.util.test.junit.AutoTests" name="[53] /home/travis/build/icyphy/ptII/ptolemy/actor/lib/test/auto/Clock16.xml (RunModel)" time="0.107" />
  <testcase classname="ptolemy.util.test.junit.AutoTests" name="[54] /home/travis/build/icyphy/ptII/ptolemy/actor/lib/test/auto/Clock17.xml (RunModel)" time="0.049" />
  <testcase classname="ptolemy.util.test.junit.AutoTests" name="[55] /home/travis/build/icyphy/ptII/ptolemy/actor/lib/test/auto/Clock18.xml (RunModel)" time="0.058" />
  <testcase classname="ptolemy.util.test.junit.AutoTests" name="[56] /home/travis/build/icyphy/ptII/ptolemy/actor/lib/test/auto/Clock19.xml (RunModel)" time="0.043" />
  <testcase classname="ptolemy.util.test.junit.AutoTests" name="[57] /home/travis/build/icyphy/ptII/ptolemy/actor/lib/test/auto/Clock2.xml (RunModel)" time="0.015" />
  <testcase classname="ptolemy.util.test.junit.AutoTests" name="[58] /home/travis/build/icyphy/ptII/ptolemy/actor/lib/test/auto/Clock20.xml (RunModel)" time="0.029" />
  <testcase classname="ptolemy.util.test.junit.AutoTests" name="[59] /home/travis/build/icyphy/ptII/ptolemy/actor/lib/test/auto/Clock21.xml (RunModel)" time="0.019" />
  <testcase classname="ptolemy.util.test.junit.AutoTests" name="[60] /home/travis/build/icyphy/ptII/ptolemy/actor/lib/test/auto/Clock22.xml (RunModel)" time="0.018" />
  <testcase classname="ptolemy.util.test.junit.AutoTests" name="[61] /home/travis/build/icyphy/ptII/ptolemy/actor/lib/test/auto/Clock23.xml (RunModel)" time="0.02" />
  <testcase classname="ptolemy.util.test.junit.AutoTests" name="[62] /home/travis/build/icyphy/ptII/ptolemy/actor/lib/test/auto/Clock24.xml (RunModel)" time="0.016" />
  <testcase classname="ptolemy.util.test.junit.AutoTests" name="[63] /home/travis/build/icyphy/ptII/ptolemy/actor/lib/test/auto/Clock4.xml (RunModel)" time="0.017" />
  <testcase classname="ptolemy.util.test.junit.AutoTests" name="[64] /home/travis/build/icyphy/ptII/ptolemy/actor/lib/test/auto/Clock5.xml (RunModel)" time="0.013" />
  <testcase classname="ptolemy.util.test.junit.AutoTests" name="[65] /home/travis/build/icyphy/ptII/ptolemy/actor/lib/test/auto/Clock6.xml (RunModel)" time="0.018" />
  <testcase classname="ptolemy.util.test.junit.AutoTests" name="[66] /home/travis/build/icyphy/ptII/ptolemy/actor/lib/test/auto/Clock7.xml (RunModel)" time="0.013" />
  <testcase classname="ptolemy.util.test.junit.AutoTests" name="[67] /home/travis/build/icyphy/ptII/ptolemy/actor/lib/test/auto/Clock8.xml (RunModel)" time="0.017" />
  <testcase classname="ptolemy.util.test.junit.AutoTests" name="[68] /home/travis/build/icyphy/ptII/ptolemy/actor/lib/test/auto/Clock9.xml (RunModel)" time="0.017" />
  <testcase classname="ptolemy.util.test.junit.AutoTests" name="[69] /home/travis/build/icyphy/ptII/ptolemy/actor/lib/test/auto/CommDistDiscard.xml (RunModel)" time="0.025" />
  <testcase classname="ptolemy.util.test.junit.AutoTests" name="[70] /home/travis/build/icyphy/ptII/ptolemy/actor/lib/test/auto/Commutator.xml (RunModel)" time="0.015" />
  <testcase classname="ptolemy.util.test.junit.AutoTests" name="[71] /home/travis/build/icyphy/ptII/ptolemy/actor/lib/test/auto/Commutator2.xml (RunModel)" time="0.012" />
  <testcase classname="ptolemy.util.test.junit.AutoTests" name="[72] /home/travis/build/icyphy/ptII/ptolemy/actor/lib/test/auto/Commutator3.xml (RunModel)" time="0.015" />
  <testcase classname="ptolemy.util.test.junit.AutoTests" name="[73] /home/travis/build/icyphy/ptII/ptolemy/actor/lib/test/auto/Compare.xml (RunModel)" time="0.022" />
  <testcase classname="ptolemy.util.test.junit.AutoTests" name="[74] /home/travis/build/icyphy/ptII/ptolemy/actor/lib/test/auto/CompareDE.xml (RunModel)" time="0.02" />
  <testcase classname="ptolemy.util.test.junit.AutoTests" name="[75] /home/travis/build/icyphy/ptII/ptolemy/actor/lib/test/auto/ComplexDivide.xml (RunModel)" time="0.01" />
  <testcase classname="ptolemy.util.test.junit.AutoTests" name="[76] /home/travis/build/icyphy/ptII/ptolemy/actor/lib/test/auto/ComputeHistogram.xml (RunModel)" time="0.085" />
  <testcase classname="ptolemy.util.test.junit.AutoTests" name="[77] /home/travis/build/icyphy/ptII/ptolemy/actor/lib/test/auto/ConfigurationSelect.xml (RunModel)" time="0.02" />
  <testcase classname="ptolemy.util.test.junit.AutoTests" name="[78] /home/travis/build/icyphy/ptII/ptolemy/actor/lib/test/auto/ConfigurationSelect2.xml (RunModel)" time="0.015" />
  <testcase classname="ptolemy.util.test.junit.AutoTests" name="[79] /home/travis/build/icyphy/ptII/ptolemy/actor/lib/test/auto/ConfigurationSwitch.xml (RunModel)" time="0.029" />
  <testcase classname="ptolemy.util.test.junit.AutoTests" name="[80] /home/travis/build/icyphy/ptII/ptolemy/actor/lib/test/auto/ConfigurationSwitch2.xml (RunModel)" time="0.02" />
  <testcase classname="ptolemy.util.test.junit.AutoTests" name="[81] /home/travis/build/icyphy/ptII/ptolemy/actor/lib/test/auto/ConfigurationSwitchCloningBugWithClassRelationGroup.xml (RunModel)" time="0.038" />
  <testcase classname="ptolemy.util.test.junit.AutoTests" name="[82] /home/travis/build/icyphy/ptII/ptolemy/actor/lib/test/auto/ConfigurationSwitchSelectSDF.xml (RunModel)" time="0.024" />
  <testcase classname="ptolemy.util.test.junit.AutoTests" name="[83] /home/travis/build/icyphy/ptII/ptolemy/actor/lib/test/auto/ConfigurationSwitchSelectSDF2.xml (RunModel)" time="0.013" />
  <testcase classname="ptolemy.util.test.junit.AutoTests" name="[84] /home/travis/build/icyphy/ptII/ptolemy/actor/lib/test/auto/Const.xml (RunModel)" time="0.007" />
  <testcase classname="ptolemy.util.test.junit.AutoTests" name="[85] /home/travis/build/icyphy/ptII/ptolemy/actor/lib/test/auto/Const2.xml (RunModel)" time="0.019" />
  <testcase classname="ptolemy.util.test.junit.AutoTests" name="[86] /home/travis/build/icyphy/ptII/ptolemy/actor/lib/test/auto/Const3.xml (RunModel)" time="0.005" />
  <testcase classname="ptolemy.util.test.junit.AutoTests" name="[87] /home/travis/build/icyphy/ptII/ptolemy/actor/lib/test/auto/ConstantPublisherPort1.xml (RunModel)" time="0.026" />
  <testcase classname="ptolemy.util.test.junit.AutoTests" name="[88] /home/travis/build/icyphy/ptII/ptolemy/actor/lib/test/auto/ConstantPublisherPort2.xml (RunModel)" time="0.029" />
  <testcase classname="ptolemy.util.test.junit.AutoTests" name="[89] /home/travis/build/icyphy/ptII/ptolemy/actor/lib/test/auto/ConstantPublisherPort3.xml (RunModel)" time="0.027" />
  <testcase classname="ptolemy.util.test.junit.AutoTests" name="[90] /home/travis/build/icyphy/ptII/ptolemy/actor/lib/test/auto/ConstantPublisherPort4.xml (RunModel)" time="0.019" />
  <testcase classname="ptolemy.util.test.junit.AutoTests" name="[91] /home/travis/build/icyphy/ptII/ptolemy/actor/lib/test/auto/ConstantPublisherPort5.xml (RunModel)" time="0.047" />
  <testcase classname="ptolemy.util.test.junit.AutoTests" name="[92] /home/travis/build/icyphy/ptII/ptolemy/actor/lib/test/auto/ConstantPublisherPort6.xml (RunModel)" time="0.028" />
  <testcase classname="ptolemy.util.test.junit.AutoTests" name="[93] /home/travis/build/icyphy/ptII/ptolemy/actor/lib/test/auto/ConstantPublisherPort7.xml (RunModel)" time="0.027" />
  <testcase classname="ptolemy.util.test.junit.AutoTests" name="[94] /home/travis/build/icyphy/ptII/ptolemy/actor/lib/test/auto/ConstraintMonitor1.xml (RunModel)" time="0.036" />
  <testcase classname="ptolemy.util.test.junit.AutoTests" name="[95] /home/travis/build/icyphy/ptII/ptolemy/actor/lib/test/auto/ConstraintMonitor2.xml (RunModel)" time="0.02" />
  <testcase classname="ptolemy.util.test.junit.AutoTests" name="[96] /home/travis/build/icyphy/ptII/ptolemy/actor/lib/test/auto/ConstraintMonitor3.xml (RunModel)" time="0.01" />
  <testcase classname="ptolemy.util.test.junit.AutoTests" name="[97] /home/travis/build/icyphy/ptII/ptolemy/actor/lib/test/auto/ConstraintMonitor4.xml (RunModel)" time="0.016" />
  <testcase classname="ptolemy.util.test.junit.AutoTests" name="[98] /home/travis/build/icyphy/ptII/ptolemy/actor/lib/test/auto/ConstraintMonitor5.xml (RunModel)" time="0.015" />
  <testcase classname="ptolemy.util.test.junit.AutoTests" name="[99] /home/travis/build/icyphy/ptII/ptolemy/actor/lib/test/auto/ConstraintMonitor6.xml (RunModel)" time="0.019" />
  <testcase classname="ptolemy.util.test.junit.AutoTests" name="[100] /home/travis/build/icyphy/ptII/ptolemy/actor/lib/test/auto/ConstraintMonitor7.xml (RunModel)" time="0.021" />
  <testcase classname="ptolemy.util.test.junit.AutoTests" name="[101] /home/travis/build/icyphy/ptII/ptolemy/actor/lib/test/auto/ConstraintMonitor8.xml (RunModel)" time="0.027" />
  <testcase classname="ptolemy.util.test.junit.AutoTests" name="[102] /home/travis/build/icyphy/ptII/ptolemy/actor/lib/test/auto/Counter.xml (RunModel)" time="0.012" />
  <testcase classname="ptolemy.util.test.junit.AutoTests" name="[103] /home/travis/build/icyphy/ptII/ptolemy/actor/lib/test/auto/CurrentTimeSDF.xml (RunModel)" time="0.009" />
  <testcase classname="ptolemy.util.test.junit.AutoTests" name="[104] /home/travis/build/icyphy/ptII/ptolemy/actor/lib/test/auto/DB.xml (RunModel)" time="0.015" />
  <testcase classname="ptolemy.util.test.junit.AutoTests" name="[105] /home/travis/build/icyphy/ptII/ptolemy/actor/lib/test/auto/DBDE.xml (RunModel)" time="0.03" />
  <testcase classname="ptolemy.util.test.junit.AutoTests" name="[106] /home/travis/build/icyphy/ptII/ptolemy/actor/lib/test/auto/DateConstructor.xml (RunModel)" time="0.062" />
  <testcase classname="ptolemy.util.test.junit.AutoTests" name="[107] /home/travis/build/icyphy/ptII/ptolemy/actor/lib/test/auto/DelayTime.xml (RunModel)" time="0.014" />
  <testcase classname="ptolemy.util.test.junit.AutoTests" name="[108] /home/travis/build/icyphy/ptII/ptolemy/actor/lib/test/auto/Dictionary1.xml (RunModel)" time="0.016" />
  <testcase classname="ptolemy.util.test.junit.AutoTests" name="[109] /home/travis/build/icyphy/ptII/ptolemy/actor/lib/test/auto/Dictionary2.xml (RunModel)" time="0.014" />
  <testcase classname="ptolemy.util.test.junit.AutoTests" name="[110] /home/travis/build/icyphy/ptII/ptolemy/actor/lib/test/auto/Dictionary3.xml (RunModel)" time="0.013" />
  <testcase classname="ptolemy.util.test.junit.AutoTests" name="[111] /home/travis/build/icyphy/ptII/ptolemy/actor/lib/test/auto/Dictionary4.xml (RunModel)" time="0.018" />
  <testcase classname="ptolemy.util.test.junit.AutoTests" name="[112] /home/travis/build/icyphy/ptII/ptolemy/actor/lib/test/auto/Differential.xml (RunModel)" time="0.011" />
  <testcase classname="ptolemy.util.test.junit.AutoTests" name="[113] /home/travis/build/icyphy/ptII/ptolemy/actor/lib/test/auto/Director.xml (RunModel)" time="0.01" />
  <testcase classname="ptolemy.util.test.junit.AutoTests" name="[114] /home/travis/build/icyphy/ptII/ptolemy/actor/lib/test/auto/DiscreteClock.xml (RunModel)" time="0.009" />
  <testcase classname="ptolemy.util.test.junit.AutoTests" name="[115] /home/travis/build/icyphy/ptII/ptolemy/actor/lib/test/auto/DiscreteClock10.xml (RunModel)" time="0.012" />
  <testcase classname="ptolemy.util.test.junit.AutoTests" name="[116] /home/travis/build/icyphy/ptII/ptolemy/actor/lib/test/auto/DiscreteClock11.xml (RunModel)" time="0.013" />
  <testcase classname="ptolemy.util.test.junit.AutoTests" name="[117] /home/travis/build/icyphy/ptII/ptolemy/actor/lib/test/auto/DiscreteClock12.xml (RunModel)" time="0.013" />
  <testcase classname="ptolemy.util.test.junit.AutoTests" name="[118] /home/travis/build/icyphy/ptII/ptolemy/actor/lib/test/auto/DiscreteClock13.xml (RunModel)" time="0.018" />
  <testcase classname="ptolemy.util.test.junit.AutoTests" name="[119] /home/travis/build/icyphy/ptII/ptolemy/actor/lib/test/auto/DiscreteClock14.xml (RunModel)" time="0.016" />
  <testcase classname="ptolemy.util.test.junit.AutoTests" name="[120] /home/travis/build/icyphy/ptII/ptolemy/actor/lib/test/auto/DiscreteClock15.xml (RunModel)" time="0.017" />
  <testcase classname="ptolemy.util.test.junit.AutoTests" name="[121] /home/travis/build/icyphy/ptII/ptolemy/actor/lib/test/auto/DiscreteClock16.xml (RunModel)" time="0.051" />
  <testcase classname="ptolemy.util.test.junit.AutoTests" name="[122] /home/travis/build/icyphy/ptII/ptolemy/actor/lib/test/auto/DiscreteClock17.xml (RunModel)" time="0.04" />
  <testcase classname="ptolemy.util.test.junit.AutoTests" name="[123] /home/travis/build/icyphy/ptII/ptolemy/actor/lib/test/auto/DiscreteClock18.xml (RunModel)" time="0.048" />
  <testcase classname="ptolemy.util.test.junit.AutoTests" name="[124] /home/travis/build/icyphy/ptII/ptolemy/actor/lib/test/auto/DiscreteClock19.xml (RunModel)" time="0.047" />
  <testcase classname="ptolemy.util.test.junit.AutoTests" name="[125] /home/travis/build/icyphy/ptII/ptolemy/actor/lib/test/auto/DiscreteClock2.xml (RunModel)" time="0.013" />
  <testcase classname="ptolemy.util.test.junit.AutoTests" name="[126] /home/travis/build/icyphy/ptII/ptolemy/actor/lib/test/auto/DiscreteClock20.xml (RunModel)" time="0.013" />
  <testcase classname="ptolemy.util.test.junit.AutoTests" name="[127] /home/travis/build/icyphy/ptII/ptolemy/actor/lib/test/auto/DiscreteClock21.xml (RunModel)" time="0.57" />
  <testcase classname="ptolemy.util.test.junit.AutoTests" name="[128] /home/travis/build/icyphy/ptII/ptolemy/actor/lib/test/auto/DiscreteClock22.xml (RunModel)" time="0.013" />
  <testcase classname="ptolemy.util.test.junit.AutoTests" name="[129] /home/travis/build/icyphy/ptII/ptolemy/actor/lib/test/auto/DiscreteClock23.xml (RunModel)" time="0.014" />
  <testcase classname="ptolemy.util.test.junit.AutoTests" name="[130] /home/travis/build/icyphy/ptII/ptolemy/actor/lib/test/auto/DiscreteClock24.xml (RunModel)" time="0.016" />
  <testcase classname="ptolemy.util.test.junit.AutoTests" name="[131] /home/travis/build/icyphy/ptII/ptolemy/actor/lib/test/auto/DiscreteClock4.xml (RunModel)" time="0.013" />
  <testcase classname="ptolemy.util.test.junit.AutoTests" name="[132] /home/travis/build/icyphy/ptII/ptolemy/actor/lib/test/auto/DiscreteClock5.xml (RunModel)" time="0.01" />
  <testcase classname="ptolemy.util.test.junit.AutoTests" name="[133] /home/travis/build/icyphy/ptII/ptolemy/actor/lib/test/auto/DiscreteClock6.xml (RunModel)" time="0.009" />
  <testcase classname="ptolemy.util.test.junit.AutoTests" name="[134] /home/travis/build/icyphy/ptII/ptolemy/actor/lib/test/auto/DiscreteClock7.xml (RunModel)" time="0.01" />
  <testcase classname="ptolemy.util.test.junit.AutoTests" name="[135] /home/travis/build/icyphy/ptII/ptolemy/actor/lib/test/auto/DiscreteClock8.xml (RunModel)" time="0.013" />
  <testcase classname="ptolemy.util.test.junit.AutoTests" name="[136] /home/travis/build/icyphy/ptII/ptolemy/actor/lib/test/auto/DiscreteClock9.xml (RunModel)" time="0.022" />
  <testcase classname="ptolemy.util.test.junit.AutoTests" name="[137] /home/travis/build/icyphy/ptII/ptolemy/actor/lib/test/auto/DisplayArray.xml (RunModel)" time="0.018" />
  <testcase classname="ptolemy.util.test.junit.AutoTests" name="[138] /home/travis/build/icyphy/ptII/ptolemy/actor/lib/test/auto/Distributor.xml (RunModel)" time="0.009" />
  <testcase classname="ptolemy.util.test.junit.AutoTests" name="[139] /home/travis/build/icyphy/ptII/ptolemy/actor/lib/test/auto/Distributor2.xml (RunModel)" time="0.012" />
  <testcase classname="ptolemy.util.test.junit.AutoTests" name="[140] /home/travis/build/icyphy/ptII/ptolemy/actor/lib/test/auto/DownSample.xml (RunModel)" time="0.009" />
  <testcase classname="ptolemy.util.test.junit.AutoTests" name="[141] /home/travis/build/icyphy/ptII/ptolemy/actor/lib/test/auto/ElectronicUnitBase1.xml (RunModel)" time="0.066" />
  <testcase classname="ptolemy.util.test.junit.AutoTests" name="[142] /home/travis/build/icyphy/ptII/ptolemy/actor/lib/test/auto/ElementsToArray.xml (RunModel)" time="0.011" />
  <testcase classname="ptolemy.util.test.junit.AutoTests" name="[143] /home/travis/build/icyphy/ptII/ptolemy/actor/lib/test/auto/Equals.xml (RunModel)" time="0.014" />
  <testcase classname="ptolemy.util.test.junit.AutoTests" name="[144] /home/travis/build/icyphy/ptII/ptolemy/actor/lib/test/auto/Exec.xml (RunModel)" time="0.021" />
  <testcase classname="ptolemy.util.test.junit.AutoTests" name="[145] /home/travis/build/icyphy/ptII/ptolemy/actor/lib/test/auto/ExecEnvironment.xml (RunModel)" time="0.032" />
  <testcase classname="ptolemy.util.test.junit.AutoTests" name="[146] /home/travis/build/icyphy/ptII/ptolemy/actor/lib/test/auto/ExecNonZeroReturnOutput.xml (RunModel)" time="0.146" />
  <testcase classname="ptolemy.util.test.junit.AutoTests" name="[147] /home/travis/build/icyphy/ptII/ptolemy/actor/lib/test/auto/ExecRunDemos.xml (RunModel)" time="9.791" />
  <testcase classname="ptolemy.util.test.junit.AutoTests" name="[148] /home/travis/build/icyphy/ptII/ptolemy/actor/lib/test/auto/ExecStop.xml (RunModel)" time="5.028" />
  <testcase classname="ptolemy.util.test.junit.AutoTests" name="[149] /home/travis/build/icyphy/ptII/ptolemy/actor/lib/test/auto/ExecutionTimeSDF.xml (RunModel)" time="6.033" />
  <testcase classname="ptolemy.util.test.junit.AutoTests" name="[150] /home/travis/build/icyphy/ptII/ptolemy/actor/lib/test/auto/Expression1.xml (RunModel)" time="0.008" />
  <testcase classname="ptolemy.util.test.junit.AutoTests" name="[151] /home/travis/build/icyphy/ptII/ptolemy/actor/lib/test/auto/Expression10.xml (RunModel)" time="0.022" />
  <testcase classname="ptolemy.util.test.junit.AutoTests" name="[152] /home/travis/build/icyphy/ptII/ptolemy/actor/lib/test/auto/Expression11.xml (RunModel)" time="0.012" />
  <testcase classname="ptolemy.util.test.junit.AutoTests" name="[153] /home/travis/build/icyphy/ptII/ptolemy/actor/lib/test/auto/Expression12.xml (RunModel)" time="0.015" />
  <testcase classname="ptolemy.util.test.junit.AutoTests" name="[154] /home/travis/build/icyphy/ptII/ptolemy/actor/lib/test/auto/Expression13.xml (RunModel)" time="0.029" />
  <testcase classname="ptolemy.util.test.junit.AutoTests" name="[155] /home/travis/build/icyphy/ptII/ptolemy/actor/lib/test/auto/Expression14.xml (RunModel)" time="0.018" />
  <testcase classname="ptolemy.util.test.junit.AutoTests" name="[156] /home/travis/build/icyphy/ptII/ptolemy/actor/lib/test/auto/Expression15.xml (RunModel)" time="0.009" />
  <testcase classname="ptolemy.util.test.junit.AutoTests" name="[157] /home/travis/build/icyphy/ptII/ptolemy/actor/lib/test/auto/Expression16.xml (RunModel)" time="0.013" />
  <testcase classname="ptolemy.util.test.junit.AutoTests" name="[158] /home/travis/build/icyphy/ptII/ptolemy/actor/lib/test/auto/Expression17.xml (RunModel)" time="0.012" />
  <testcase classname="ptolemy.util.test.junit.AutoTests" name="[159] /home/travis/build/icyphy/ptII/ptolemy/actor/lib/test/auto/Expression18.xml (RunModel)" time="0.014" />
  <testcase classname="ptolemy.util.test.junit.AutoTests" name="[160] /home/travis/build/icyphy/ptII/ptolemy/actor/lib/test/auto/Expression2.xml (RunModel)" time="0.013" />
  <testcase classname="ptolemy.util.test.junit.AutoTests" name="[161] /home/travis/build/icyphy/ptII/ptolemy/actor/lib/test/auto/Expression3.xml (RunModel)" time="0.014" />
  <testcase classname="ptolemy.util.test.junit.AutoTests" name="[162] /home/travis/build/icyphy/ptII/ptolemy/actor/lib/test/auto/Expression4.xml (RunModel)" time="0.021" />
  <testcase classname="ptolemy.util.test.junit.AutoTests" name="[163] /home/travis/build/icyphy/ptII/ptolemy/actor/lib/test/auto/Expression5.xml (RunModel)" time="0.013" />
  <testcase classname="ptolemy.util.test.junit.AutoTests" name="[164] /home/travis/build/icyphy/ptII/ptolemy/actor/lib/test/auto/Expression6.xml (RunModel)" time="0.02" />
  <testcase classname="ptolemy.util.test.junit.AutoTests" name="[165] /home/travis/build/icyphy/ptII/ptolemy/actor/lib/test/auto/Expression7.xml (RunModel)" time="0.011" />
  <testcase classname="ptolemy.util.test.junit.AutoTests" name="[166] /home/travis/build/icyphy/ptII/ptolemy/actor/lib/test/auto/Expression8.xml (RunModel)" time="0.012" />
  <testcase classname="ptolemy.util.test.junit.AutoTests" name="[167] /home/travis/build/icyphy/ptII/ptolemy/actor/lib/test/auto/Expression9.xml (RunModel)" time="0.008" />
  <testcase classname="ptolemy.util.test.junit.AutoTests" name="[168] /home/travis/build/icyphy/ptII/ptolemy/actor/lib/test/auto/ExpressionConcatenateArrayType.xml (RunModel)" time="0.023" />
  <testcase classname="ptolemy.util.test.junit.AutoTests" name="[169] /home/travis/build/icyphy/ptII/ptolemy/actor/lib/test/auto/ExpressionConcatenateArrayType2.xml (RunModel)" time="0.015" />
  <testcase classname="ptolemy.util.test.junit.AutoTests" name="[170] /home/travis/build/icyphy/ptII/ptolemy/actor/lib/test/auto/ExpressionFix.xml (RunModel)" time="0.026" />
  <testcase classname="ptolemy.util.test.junit.AutoTests" name="[171] /home/travis/build/icyphy/ptII/ptolemy/actor/lib/test/auto/ExpressionFix2.xml (RunModel)" time="0.008" />
  <testcase classname="ptolemy.util.test.junit.AutoTests" name="[172] /home/travis/build/icyphy/ptII/ptolemy/actor/lib/test/auto/ExpressionFix3.xml (RunModel)" time="0.009" />
  <testcase classname="ptolemy.util.test.junit.AutoTests" name="[173] /home/travis/build/icyphy/ptII/ptolemy/actor/lib/test/auto/FileWriter1.xml (RunModel)" time="0.008" />
  <testcase classname="ptolemy.util.test.junit.AutoTests" name="[174] /home/travis/build/icyphy/ptII/ptolemy/actor/lib/test/auto/FileWriter2.xml (RunModel)" time="0.009" />
  <testcase classname="ptolemy.util.test.junit.AutoTests" name="[175] /home/travis/build/icyphy/ptII/ptolemy/actor/lib/test/auto/FileWriter3.xml (RunModel)" time="0.014" />
  <testcase classname="ptolemy.util.test.junit.AutoTests" name="[176] /home/travis/build/icyphy/ptII/ptolemy/actor/lib/test/auto/Gaussian.xml (RunModel)" time="0.009" />
  <testcase classname="ptolemy.util.test.junit.AutoTests" name="[177] /home/travis/build/icyphy/ptII/ptolemy/actor/lib/test/auto/Gaussian1.xml (RunModel)" time="0.011" />
  <testcase classname="ptolemy.util.test.junit.AutoTests" name="[178] /home/travis/build/icyphy/ptII/ptolemy/actor/lib/test/auto/Gaussian2.xml (RunModel)" time="0.014" />
  <testcase classname="ptolemy.util.test.junit.AutoTests" name="[179] /home/travis/build/icyphy/ptII/ptolemy/actor/lib/test/auto/GradientAdaptiveLattice.xml (RunModel)" time="0.014" />
  <testcase classname="ptolemy.util.test.junit.AutoTests" name="[180] /home/travis/build/icyphy/ptII/ptolemy/actor/lib/test/auto/IIR.xml (RunModel)" time="0.011" />
  <testcase classname="ptolemy.util.test.junit.AutoTests" name="[181] /home/travis/build/icyphy/ptII/ptolemy/actor/lib/test/auto/InputOutputTransparentPorts.xml (RunModel)" time="0.019" />
  <testcase classname="ptolemy.util.test.junit.AutoTests" name="[182] /home/travis/build/icyphy/ptII/ptolemy/actor/lib/test/auto/Interpolator.xml (RunModel)" time="0.011" />
  <testcase classname="ptolemy.util.test.junit.AutoTests" name="[183] /home/travis/build/icyphy/ptII/ptolemy/actor/lib/test/auto/InterpolatorFiringLimitDE.xml (RunModel)" time="0.014" />
  <testcase classname="ptolemy.util.test.junit.AutoTests" name="[184] /home/travis/build/icyphy/ptII/ptolemy/actor/lib/test/auto/Lattice.xml (RunModel)" time="0.008" />
  <testcase classname="ptolemy.util.test.junit.AutoTests" name="[185] /home/travis/build/icyphy/ptII/ptolemy/actor/lib/test/auto/LazyAOCTestLazy.xml (RunModel)" time="0.021" />
  <testcase classname="ptolemy.util.test.junit.AutoTests" name="[186] /home/travis/build/icyphy/ptII/ptolemy/actor/lib/test/auto/LazyAOCTestNonLazy.xml (RunModel)" time="0.017" />
  <testcase classname="ptolemy.util.test.junit.AutoTests" name="[187] /home/travis/build/icyphy/ptII/ptolemy/actor/lib/test/auto/LazyInnerClass.xml (RunModel)" time="0.018" />
  <testcase classname="ptolemy.util.test.junit.AutoTests" name="[188] /home/travis/build/icyphy/ptII/ptolemy/actor/lib/test/auto/LazyPubSub.xml (RunModel)" time="0.031" />
  <testcase classname="ptolemy.util.test.junit.AutoTests" name="[189] /home/travis/build/icyphy/ptII/ptolemy/actor/lib/test/auto/LazyPubSub2.xml (RunModel)" time="0.06" />
  <testcase classname="ptolemy.util.test.junit.AutoTests" name="[190] /home/travis/build/icyphy/ptII/ptolemy/actor/lib/test/auto/LazyPubSub3.xml (RunModel)" time="0.061" />
  <testcase classname="ptolemy.util.test.junit.AutoTests" name="[191] /home/travis/build/icyphy/ptII/ptolemy/actor/lib/test/auto/LazySubClassModel.xml (RunModel)" time="0.04" />
  <testcase classname="ptolemy.util.test.junit.AutoTests" name="[192] /home/travis/build/icyphy/ptII/ptolemy/actor/lib/test/auto/LevelCrossTest1.xml (RunModel)" time="0.011" />
  <testcase classname="ptolemy.util.test.junit.AutoTests" name="[193] /home/travis/build/icyphy/ptII/ptolemy/actor/lib/test/auto/LevelCrossTest10.xml (RunModel)" time="0.019" />
  <testcase classname="ptolemy.util.test.junit.AutoTests" name="[194] /home/travis/build/icyphy/ptII/ptolemy/actor/lib/test/auto/LevelCrossTest11.xml (RunModel)" time="0.014" />
  <testcase classname="ptolemy.util.test.junit.AutoTests" name="[195] /home/travis/build/icyphy/ptII/ptolemy/actor/lib/test/auto/LevelCrossTest12.xml (RunModel)" time="0.019" />
  <testcase classname="ptolemy.util.test.junit.AutoTests" name="[196] /home/travis/build/icyphy/ptII/ptolemy/actor/lib/test/auto/LevelCrossTest13.xml (RunModel)" time="0.014" />
  <testcase classname="ptolemy.util.test.junit.AutoTests" name="[197] /home/travis/build/icyphy/ptII/ptolemy/actor/lib/test/auto/LevelCrossTest2.xml (RunModel)" time="0.013" />
  <testcase classname="ptolemy.util.test.junit.AutoTests" name="[198] /home/travis/build/icyphy/ptII/ptolemy/actor/lib/test/auto/LevelCrossTest3.xml (RunModel)" time="0.013" />
  <testcase classname="ptolemy.util.test.junit.AutoTests" name="[199] /home/travis/build/icyphy/ptII/ptolemy/actor/lib/test/auto/LevelCrossTest4.xml (RunModel)" time="0.01" />
  <testcase classname="ptolemy.util.test.junit.AutoTests" name="[200] /home/travis/build/icyphy/ptII/ptolemy/actor/lib/test/auto/LevelCrossTest5.xml (RunModel)" time="0.015" />
  <testcase classname="ptolemy.util.test.junit.AutoTests" name="[201] /home/travis/build/icyphy/ptII/ptolemy/actor/lib/test/auto/LevelCrossTest6.xml (RunModel)" time="0.019" />
  <testcase classname="ptolemy.util.test.junit.AutoTests" name="[202] /home/travis/build/icyphy/ptII/ptolemy/actor/lib/test/auto/LevelCrossTest7.xml (RunModel)" time="0.015" />
  <testcase classname="ptolemy.util.test.junit.AutoTests" name="[203] /home/travis/build/icyphy/ptII/ptolemy/actor/lib/test/auto/LevelCrossTest8.xml (RunModel)" time="0.014" />
  <testcase classname="ptolemy.util.test.junit.AutoTests" name="[204] /home/travis/build/icyphy/ptII/ptolemy/actor/lib/test/auto/LevelCrossTest9.xml (RunModel)" time="0.015" />
  <testcase classname="ptolemy.util.test.junit.AutoTests" name="[205] /home/travis/build/icyphy/ptII/ptolemy/actor/lib/test/auto/LevinsonDurbin.xml (RunModel)" time="0.009" />
  <testcase classname="ptolemy.util.test.junit.AutoTests" name="[206] /home/travis/build/icyphy/ptII/ptolemy/actor/lib/test/auto/LevinsonDurbin2.xml (RunModel)" time="0.01" />
  <testcase classname="ptolemy.util.test.junit.AutoTests" name="[207] /home/travis/build/icyphy/ptII/ptolemy/actor/lib/test/auto/LevinsonDurbin3.xml (RunModel)" time="0.009" />
  <testcase classname="ptolemy.util.test.junit.AutoTests" name="[208] /home/travis/build/icyphy/ptII/ptolemy/actor/lib/test/auto/Limiter.xml (RunModel)" time="0.039" />
  <testcase classname="ptolemy.util.test.junit.AutoTests" name="[209] /home/travis/build/icyphy/ptII/ptolemy/actor/lib/test/auto/LinearDifferenceEquationSystem.xml (RunModel)" time="0.023" />
  <testcase classname="ptolemy.util.test.junit.AutoTests" name="[210] /home/travis/build/icyphy/ptII/ptolemy/actor/lib/test/auto/LookupTable.xml (RunModel)" time="0.02" />
  <testcase classname="ptolemy.util.test.junit.AutoTests" name="[211] /home/travis/build/icyphy/ptII/ptolemy/actor/lib/test/auto/MathFunction.xml (RunModel)" time="0.032" />
  <testcase classname="ptolemy.util.test.junit.AutoTests" name="[212] /home/travis/build/icyphy/ptII/ptolemy/actor/lib/test/auto/MathFunction2.xml (RunModel)" time="0.015" />
  <testcase classname="ptolemy.util.test.junit.AutoTests" name="[213] /home/travis/build/icyphy/ptII/ptolemy/actor/lib/test/auto/MathFunction3.xml (RunModel)" time="0.021" />
  <testcase classname="ptolemy.util.test.junit.AutoTests" name="[214] /home/travis/build/icyphy/ptII/ptolemy/actor/lib/test/auto/MatrixCropBoolean.xml (RunModel)" time="0.012" />
  <testcase classname="ptolemy.util.test.junit.AutoTests" name="[215] /home/travis/build/icyphy/ptII/ptolemy/actor/lib/test/auto/MatrixCropComplex.xml (RunModel)" time="0.012" />
  <testcase classname="ptolemy.util.test.junit.AutoTests" name="[216] /home/travis/build/icyphy/ptII/ptolemy/actor/lib/test/auto/MatrixCropDouble.xml (RunModel)" time="0.01" />
  <testcase classname="ptolemy.util.test.junit.AutoTests" name="[217] /home/travis/build/icyphy/ptII/ptolemy/actor/lib/test/auto/MatrixCropFix.xml (RunModel)" time="0.015" />
  <testcase classname="ptolemy.util.test.junit.AutoTests" name="[218] /home/travis/build/icyphy/ptII/ptolemy/actor/lib/test/auto/MatrixCropInt.xml (RunModel)" time="0.009" />
  <testcase classname="ptolemy.util.test.junit.AutoTests" name="[219] /home/travis/build/icyphy/ptII/ptolemy/actor/lib/test/auto/MatrixCropLong.xml (RunModel)" time="0.009" />
  <testcase classname="ptolemy.util.test.junit.AutoTests" name="[220] /home/travis/build/icyphy/ptII/ptolemy/actor/lib/test/auto/MatrixToArray.xml (RunModel)" time="0.06" />
  <testcase classname="ptolemy.util.test.junit.AutoTests" name="[221] /home/travis/build/icyphy/ptII/ptolemy/actor/lib/test/auto/MaxIndex.xml (RunModel)" time="0.014" />
  <testcase classname="ptolemy.util.test.junit.AutoTests" name="[222] /home/travis/build/icyphy/ptII/ptolemy/actor/lib/test/auto/Maximum.xml (RunModel)" time="0.02" />
  <testcase classname="ptolemy.util.test.junit.AutoTests" name="[223] /home/travis/build/icyphy/ptII/ptolemy/actor/lib/test/auto/MaximumComplex.xml (RunModel)" time="0.016" />
  <testcase classname="ptolemy.util.test.junit.AutoTests" name="[224] /home/travis/build/icyphy/ptII/ptolemy/actor/lib/test/auto/MethodCallTest.xml (RunModel)" time="0.025" />
  <testcase classname="ptolemy.util.test.junit.AutoTests" name="[225] /home/travis/build/icyphy/ptII/ptolemy/actor/lib/test/auto/Minimum.xml (RunModel)" time="0.014" />
  <testcase classname="ptolemy.util.test.junit.AutoTests" name="[226] /home/travis/build/icyphy/ptII/ptolemy/actor/lib/test/auto/MinimumComplex.xml (RunModel)" time="0.017" />
  <testcase classname="ptolemy.util.test.junit.AutoTests" name="[227] /home/travis/build/icyphy/ptII/ptolemy/actor/lib/test/auto/MinimumMultiports.xml (RunModel)" time="0.024" />
  <testcase classname="ptolemy.util.test.junit.AutoTests" name="[228] /home/travis/build/icyphy/ptII/ptolemy/actor/lib/test/auto/ModifyDate.xml (RunModel)" time="0.049" />
  <testcase classname="ptolemy.util.test.junit.AutoTests" name="[229] /home/travis/build/icyphy/ptII/ptolemy/actor/lib/test/auto/ModifyDate2.xml (RunModel)" time="0.037" />
  <testcase classname="ptolemy.util.test.junit.AutoTests" name="[230] /home/travis/build/icyphy/ptII/ptolemy/actor/lib/test/auto/MovingAverage.xml (RunModel)" time="0.012" />
  <testcase classname="ptolemy.util.test.junit.AutoTests" name="[231] /home/travis/build/icyphy/ptII/ptolemy/actor/lib/test/auto/MovingMaximum.xml (RunModel)" time="0.012" />
  <testcase classname="ptolemy.util.test.junit.AutoTests" name="[232] /home/travis/build/icyphy/ptII/ptolemy/actor/lib/test/auto/MultipleLinksToSameRelation.xml (RunModel)" time="0.007" />
  <testcase classname="ptolemy.util.test.junit.AutoTests" name="[233] /home/travis/build/icyphy/ptII/ptolemy/actor/lib/test/auto/MultipleLinksToSameRelationDE.xml (RunModel)" time="0.017" />
  <testcase classname="ptolemy.util.test.junit.AutoTests" name="[234] /home/travis/build/icyphy/ptII/ptolemy/actor/lib/test/auto/Multiplexor.xml (RunModel)" time="0.012" />
  <testcase classname="ptolemy.util.test.junit.AutoTests" name="[235] /home/travis/build/icyphy/ptII/ptolemy/actor/lib/test/auto/Multiplexor1.xml (RunModel)" time="0.017" />
  <testcase classname="ptolemy.util.test.junit.AutoTests" name="[236] /home/travis/build/icyphy/ptII/ptolemy/actor/lib/test/auto/Multiplexor2.xml (RunModel)" time="0.017" />
  <testcase classname="ptolemy.util.test.junit.AutoTests" name="[237] /home/travis/build/icyphy/ptII/ptolemy/actor/lib/test/auto/Multiplexor3.xml (RunModel)" time="0.008" />
  <testcase classname="ptolemy.util.test.junit.AutoTests" name="[238] /home/travis/build/icyphy/ptII/ptolemy/actor/lib/test/auto/MultiplexorDE.xml (RunModel)" time="0.018" />
  <testcase classname="ptolemy.util.test.junit.AutoTests" name="[239] /home/travis/build/icyphy/ptII/ptolemy/actor/lib/test/auto/MultiportBroadcastTest.xml (RunModel)" time="0.102" />
  <testcase classname="ptolemy.util.test.junit.AutoTests" name="[240] /home/travis/build/icyphy/ptII/ptolemy/actor/lib/test/auto/MultiportOutHangDuringGetWidth.xml (RunModel)" time="0.044" />
  <testcase classname="ptolemy.util.test.junit.AutoTests" name="[241] /home/travis/build/icyphy/ptII/ptolemy/actor/lib/test/auto/NilToken.xml (RunModel)" time="0.015" />
  <testcase classname="ptolemy.util.test.junit.AutoTests" name="[242] /home/travis/build/icyphy/ptII/ptolemy/actor/lib/test/auto/NilTokenNonStrictTest.xml (RunModel)" time="0.011" />
  <testcase classname="ptolemy.util.test.junit.AutoTests" name="[243] /home/travis/build/icyphy/ptII/ptolemy/actor/lib/test/auto/NilTokenRecord.xml (RunModel)" time="0.024" />
  <testcase classname="ptolemy.util.test.junit.AutoTests" name="[244] /home/travis/build/icyphy/ptII/ptolemy/actor/lib/test/auto/NilTokenTypeTest.xml (RunModel)" time="0.034" />
  <testcase classname="ptolemy.util.test.junit.AutoTests" name="[245] /home/travis/build/icyphy/ptII/ptolemy/actor/lib/test/auto/ObjectToken1.xml (RunModel)" time="0.008" />
  <testcase classname="ptolemy.util.test.junit.AutoTests" name="[246] /home/travis/build/icyphy/ptII/ptolemy/actor/lib/test/auto/OrderedMerge.xml (RunModel)" time="0.022" />
  <testcase classname="ptolemy.util.test.junit.AutoTests" name="[247] /home/travis/build/icyphy/ptII/ptolemy/actor/lib/test/auto/OrderedRecordDisassembler.xml (RunModel)" time="0.017" />
  <testcase classname="ptolemy.util.test.junit.AutoTests" name="[248] /home/travis/build/icyphy/ptII/ptolemy/actor/lib/test/auto/OrderedRecordDisassembler2.xml (RunModel)" time="0.018" />
  <testcase classname="ptolemy.util.test.junit.AutoTests" name="[249] /home/travis/build/icyphy/ptII/ptolemy/actor/lib/test/auto/OrderedRecordUpdater.xml (RunModel)" time="0.01" />
  <testcase classname="ptolemy.util.test.junit.AutoTests" name="[250] /home/travis/build/icyphy/ptII/ptolemy/actor/lib/test/auto/OrderedRecordUpdater2.xml (RunModel)" time="0.01" />
  <testcase classname="ptolemy.util.test.junit.AutoTests" name="[251] /home/travis/build/icyphy/ptII/ptolemy/actor/lib/test/auto/PhaseUnwrap.xml (RunModel)" time="0.017" />
  <testcase classname="ptolemy.util.test.junit.AutoTests" name="[252] /home/travis/build/icyphy/ptII/ptolemy/actor/lib/test/auto/PoissonClock.xml (RunModel)" time="0.009" />
  <testcase classname="ptolemy.util.test.junit.AutoTests" name="[253] /home/travis/build/icyphy/ptII/ptolemy/actor/lib/test/auto/PoissonClock2.xml (RunModel)" time="0.008" />
  <testcase classname="ptolemy.util.test.junit.AutoTests" name="[254] /home/travis/build/icyphy/ptII/ptolemy/actor/lib/test/auto/PoissonClock3.xml (RunModel)" time="0.009" />
  <testcase classname="ptolemy.util.test.junit.AutoTests" name="[255] /home/travis/build/icyphy/ptII/ptolemy/actor/lib/test/auto/PubSubWithInitialTokens.xml (RunModel)" time="0.011" />
  <testcase classname="ptolemy.util.test.junit.AutoTests" name="[256] /home/travis/build/icyphy/ptII/ptolemy/actor/lib/test/auto/PubSubWithInitialTokens2.xml (RunModel)" time="0.012" />
  <testcase classname="ptolemy.util.test.junit.AutoTests" name="[257] /home/travis/build/icyphy/ptII/ptolemy/actor/lib/test/auto/PublisherClassNoParameter.xml (RunModel)" time="0.021" />
  <testcase classname="ptolemy.util.test.junit.AutoTests" name="[258] /home/travis/build/icyphy/ptII/ptolemy/actor/lib/test/auto/PublisherClassParameter.xml (RunModel)" time="0.021" />
  <testcase classname="ptolemy.util.test.junit.AutoTests" name="[259] /home/travis/build/icyphy/ptII/ptolemy/actor/lib/test/auto/PublisherNonStrictTest.xml (RunModel)" time="0.016" />
  <testcase classname="ptolemy.util.test.junit.AutoTests" name="[260] /home/travis/build/icyphy/ptII/ptolemy/actor/lib/test/auto/PublisherPort1.xml (RunModel)" time="0.011" />
  <testcase classname="ptolemy.util.test.junit.AutoTests" name="[261] /home/travis/build/icyphy/ptII/ptolemy/actor/lib/test/auto/PublisherPort2.xml (RunModel)" time="0.009" />
  <testcase classname="ptolemy.util.test.junit.AutoTests" name="[262] /home/travis/build/icyphy/ptII/ptolemy/actor/lib/test/auto/PublisherPort3.xml (RunModel)" time="0.012" />
  <testcase classname="ptolemy.util.test.junit.AutoTests" name="[263] /home/travis/build/icyphy/ptII/ptolemy/actor/lib/test/auto/PublisherPort4.xml (RunModel)" time="0.011" />
  <testcase classname="ptolemy.util.test.junit.AutoTests" name="[264] /home/travis/build/icyphy/ptII/ptolemy/actor/lib/test/auto/PublisherPort5.xml (RunModel)" time="0.014" />
  <testcase classname="ptolemy.util.test.junit.AutoTests" name="[265] /home/travis/build/icyphy/ptII/ptolemy/actor/lib/test/auto/PublisherPort5LookAlike.xml (RunModel)" time="0.018" />
  <testcase classname="ptolemy.util.test.junit.AutoTests" name="[266] /home/travis/build/icyphy/ptII/ptolemy/actor/lib/test/auto/PublisherPort6.xml (RunModel)" time="0.012" />
  <testcase classname="ptolemy.util.test.junit.AutoTests" name="[267] /home/travis/build/icyphy/ptII/ptolemy/actor/lib/test/auto/PublisherPort7.xml (RunModel)" time="0.016" />
  <testcase classname="ptolemy.util.test.junit.AutoTests" name="[268] /home/travis/build/icyphy/ptII/ptolemy/actor/lib/test/auto/PublisherPort8.xml (RunModel)" time="0.016" />
  <testcase classname="ptolemy.util.test.junit.AutoTests" name="[269] /home/travis/build/icyphy/ptII/ptolemy/actor/lib/test/auto/PublisherPortSubscriberChannelVariablesAOC2.xml (RunModel)" time="0.037" />
  <testcase classname="ptolemy.util.test.junit.AutoTests" name="[270] /home/travis/build/icyphy/ptII/ptolemy/actor/lib/test/auto/PublisherPortSubscriberOpaqueWidthInference.xml (RunModel)" time="0.019" />
  <testcase classname="ptolemy.util.test.junit.AutoTests" name="[271] /home/travis/build/icyphy/ptII/ptolemy/actor/lib/test/auto/PublisherPortSubscriberPortAdjacent.xml (RunModel)" time="0.022" />
  <testcase classname="ptolemy.util.test.junit.AutoTests" name="[272] /home/travis/build/icyphy/ptII/ptolemy/actor/lib/test/auto/PublisherPortSubscriberPortExpression.xml (RunModel)" time="0.018" />
  <testcase classname="ptolemy.util.test.junit.AutoTests" name="[273] /home/travis/build/icyphy/ptII/ptolemy/actor/lib/test/auto/PublisherPortSubscriberPortOpaqueD3Reverse.xml (RunModel)" time="0.02" />
  <testcase classname="ptolemy.util.test.junit.AutoTests" name="[274] /home/travis/build/icyphy/ptII/ptolemy/actor/lib/test/auto/PublisherPortSubscriberPortOpaqueWidthInference.xml (RunModel)" time="0.016" />
  <testcase classname="ptolemy.util.test.junit.AutoTests" name="[275] /home/travis/build/icyphy/ptII/ptolemy/actor/lib/test/auto/PublisherPortToplevelSubscriberPortAOC.xml (RunModel)" time="0.011" />
  <testcase classname="ptolemy.util.test.junit.AutoTests" name="[276] /home/travis/build/icyphy/ptII/ptolemy/actor/lib/test/auto/PublisherSubscriber.xml (RunModel)" time="0.015" />
  <testcase classname="ptolemy.util.test.junit.AutoTests" name="[277] /home/travis/build/icyphy/ptII/ptolemy/actor/lib/test/auto/PublisherSubscriber10.xml (RunModel)" time="0.024" />
  <testcase classname="ptolemy.util.test.junit.AutoTests" name="[278] /home/travis/build/icyphy/ptII/ptolemy/actor/lib/test/auto/PublisherSubscriber10InitialOutputs.xml (RunModel)" time="0.029" />
  <testcase classname="ptolemy.util.test.junit.AutoTests" name="[279] /home/travis/build/icyphy/ptII/ptolemy/actor/lib/test/auto/PublisherSubscriber11.xml (RunModel)" time="0.033" />
  <testcase classname="ptolemy.util.test.junit.AutoTests" name="[280] /home/travis/build/icyphy/ptII/ptolemy/actor/lib/test/auto/PublisherSubscriber12.xml (RunModel)" time="0.015" />
  <testcase classname="ptolemy.util.test.junit.AutoTests" name="[281] /home/travis/build/icyphy/ptII/ptolemy/actor/lib/test/auto/PublisherSubscriber13.xml (RunModel)" time="0.01" />
  <testcase classname="ptolemy.util.test.junit.AutoTests" name="[282] /home/travis/build/icyphy/ptII/ptolemy/actor/lib/test/auto/PublisherSubscriber14.xml (RunModel)" time="0.028" />
  <testcase classname="ptolemy.util.test.junit.AutoTests" name="[283] /home/travis/build/icyphy/ptII/ptolemy/actor/lib/test/auto/PublisherSubscriber2.xml (RunModel)" time="0.012" />
  <testcase classname="ptolemy.util.test.junit.AutoTests" name="[284] /home/travis/build/icyphy/ptII/ptolemy/actor/lib/test/auto/PublisherSubscriber3.xml (RunModel)" time="0.01" />
  <testcase classname="ptolemy.util.test.junit.AutoTests" name="[285] /home/travis/build/icyphy/ptII/ptolemy/actor/lib/test/auto/PublisherSubscriber4.xml (RunModel)" time="0.009" />
  <testcase classname="ptolemy.util.test.junit.AutoTests" name="[286] /home/travis/build/icyphy/ptII/ptolemy/actor/lib/test/auto/PublisherSubscriber5.xml (RunModel)" time="0.012" />
  <testcase classname="ptolemy.util.test.junit.AutoTests" name="[287] /home/travis/build/icyphy/ptII/ptolemy/actor/lib/test/auto/PublisherSubscriber6.xml (RunModel)" time="0.015" />
  <testcase classname="ptolemy.util.test.junit.AutoTests" name="[288] /home/travis/build/icyphy/ptII/ptolemy/actor/lib/test/auto/PublisherSubscriber7.xml (RunModel)" time="0.018" />
  <testcase classname="ptolemy.util.test.junit.AutoTests" name="[289] /home/travis/build/icyphy/ptII/ptolemy/actor/lib/test/auto/PublisherSubscriber8.xml (RunModel)" time="0.033" />
  <testcase classname="ptolemy.util.test.junit.AutoTests" name="[290] /home/travis/build/icyphy/ptII/ptolemy/actor/lib/test/auto/PublisherSubscriber9.xml (RunModel)" time="0.017" />
  <testcase classname="ptolemy.util.test.junit.AutoTests" name="[291] /home/travis/build/icyphy/ptII/ptolemy/actor/lib/test/auto/PublisherSubscriberAdjacent.xml (RunModel)" time="0.018" />
  <testcase classname="ptolemy.util.test.junit.AutoTests" name="[292] /home/travis/build/icyphy/ptII/ptolemy/actor/lib/test/auto/PublisherSubscriberChannelVariablesAOC2.xml (RunModel)" time="0.029" />
  <testcase classname="ptolemy.util.test.junit.AutoTests" name="[293] /home/travis/build/icyphy/ptII/ptolemy/actor/lib/test/auto/PublisherSubscriberD3.xml (RunModel)" time="0.016" />
  <testcase classname="ptolemy.util.test.junit.AutoTests" name="[294] /home/travis/build/icyphy/ptII/ptolemy/actor/lib/test/auto/PublisherSubscriberD3Reverse.xml (RunModel)" time="0.012" />
  <testcase classname="ptolemy.util.test.junit.AutoTests" name="[295] /home/travis/build/icyphy/ptII/ptolemy/actor/lib/test/auto/PublisherSubscriberExpression.xml (RunModel)" time="0.017" />
  <testcase classname="ptolemy.util.test.junit.AutoTests" name="[296] /home/travis/build/icyphy/ptII/ptolemy/actor/lib/test/auto/PublisherSubscriberOpaque.xml (RunModel)" time="0.017" />
  <testcase classname="ptolemy.util.test.junit.AutoTests" name="[297] /home/travis/build/icyphy/ptII/ptolemy/actor/lib/test/auto/PublisherSubscriberOpaqueD3.xml (RunModel)" time="0.025" />
  <testcase classname="ptolemy.util.test.junit.AutoTests" name="[298] /home/travis/build/icyphy/ptII/ptolemy/actor/lib/test/auto/PublisherSubscriberOpaqueD3Reverse.xml (RunModel)" time="0.024" />
  <testcase classname="ptolemy.util.test.junit.AutoTests" name="[299] /home/travis/build/icyphy/ptII/ptolemy/actor/lib/test/auto/PublisherSubscriberOpaqueWidthInference.xml (RunModel)" time="0.022" />
  <testcase classname="ptolemy.util.test.junit.AutoTests" name="[300] /home/travis/build/icyphy/ptII/ptolemy/actor/lib/test/auto/PublisherTestSubscriber.xml (RunModel)" time="0.015" />
  <testcase classname="ptolemy.util.test.junit.AutoTests" name="[301] /home/travis/build/icyphy/ptII/ptolemy/actor/lib/test/auto/PublisherToplevelSubscriberPortAOC.xml (RunModel)" time="0.012" />
  <testcase classname="ptolemy.util.test.junit.AutoTests" name="[302] /home/travis/build/icyphy/ptII/ptolemy/actor/lib/test/auto/PulseFiringLimitDE.xml (RunModel)" time="0.014" />
  <testcase classname="ptolemy.util.test.junit.AutoTests" name="[303] /home/travis/build/icyphy/ptII/ptolemy/actor/lib/test/auto/Ramp1.xml (RunModel)" time="0.014" />
  <testcase classname="ptolemy.util.test.junit.AutoTests" name="[304] /home/travis/build/icyphy/ptII/ptolemy/actor/lib/test/auto/RampFiringLimitDE.xml (RunModel)" time="0.015" />
  <testcase classname="ptolemy.util.test.junit.AutoTests" name="[305] /home/travis/build/icyphy/ptII/ptolemy/actor/lib/test/auto/RampFiringLimitSDF.xml (RunModel)" time="0.012" />
  <testcase classname="ptolemy.util.test.junit.AutoTests" name="[306] /home/travis/build/icyphy/ptII/ptolemy/actor/lib/test/auto/RandomInteger.xml (RunModel)" time="0.007" />
  <testcase classname="ptolemy.util.test.junit.AutoTests" name="[307] /home/travis/build/icyphy/ptII/ptolemy/actor/lib/test/auto/ReadFile1.xml (RunModel)" time="0.01" />
  <testcase classname="ptolemy.util.test.junit.AutoTests" name="[308] /home/travis/build/icyphy/ptII/ptolemy/actor/lib/test/auto/ReadFile2.xml (RunModel)" time="0.007" />
  <testcase classname="ptolemy.util.test.junit.AutoTests" name="[309] /home/travis/build/icyphy/ptII/ptolemy/actor/lib/test/auto/Reader.xml (RunModel)" time="0.019" />
  <testcase classname="ptolemy.util.test.junit.AutoTests" name="[310] /home/travis/build/icyphy/ptII/ptolemy/actor/lib/test/auto/RecordAssemblerDisplayNameTest.xml (RunModel)" time="3.729" />
  <testcase classname="ptolemy.util.test.junit.AutoTests" name="[311] /home/travis/build/icyphy/ptII/ptolemy/actor/lib/test/auto/RecordAssemblerTypeError.xml (RunModel)" time="0.034" />
  <testcase classname="ptolemy.util.test.junit.AutoTests" name="[312] /home/travis/build/icyphy/ptII/ptolemy/actor/lib/test/auto/RecordDisassember.xml (RunModel)" time="0.011" />
  <testcase classname="ptolemy.util.test.junit.AutoTests" name="[313] /home/travis/build/icyphy/ptII/ptolemy/actor/lib/test/auto/RecordDisassemberDisplayNameTest.xml (RunModel)" time="0.019" />
  <testcase classname="ptolemy.util.test.junit.AutoTests" name="[314] /home/travis/build/icyphy/ptII/ptolemy/actor/lib/test/auto/RecordDisassembler.xml (RunModel)" time="0.017" />
  <testcase classname="ptolemy.util.test.junit.AutoTests" name="[315] /home/travis/build/icyphy/ptII/ptolemy/actor/lib/test/auto/RecordDisassembler2.xml (RunModel)" time="0.01" />
  <testcase classname="ptolemy.util.test.junit.AutoTests" name="[316] /home/travis/build/icyphy/ptII/ptolemy/actor/lib/test/auto/RecordUpdater.xml (RunModel)" time="0.009" />
  <testcase classname="ptolemy.util.test.junit.AutoTests" name="[317] /home/travis/build/icyphy/ptII/ptolemy/actor/lib/test/auto/RecordUpdater2.xml (RunModel)" time="0.01" />
  <testcase classname="ptolemy.util.test.junit.AutoTests" name="[318] /home/travis/build/icyphy/ptII/ptolemy/actor/lib/test/auto/RecursiveLattice.xml (RunModel)" time="0.009" />
  <testcase classname="ptolemy.util.test.junit.AutoTests" name="[319] /home/travis/build/icyphy/ptII/ptolemy/actor/lib/test/auto/Router.xml (RunModel)" time="3.024" />
  <testcase classname="ptolemy.util.test.junit.AutoTests" name="[320] /home/travis/build/icyphy/ptII/ptolemy/actor/lib/test/auto/Router2.xml (RunModel)" time="3.03" />
  <testcase classname="ptolemy.util.test.junit.AutoTests" name="[321] /home/travis/build/icyphy/ptII/ptolemy/actor/lib/test/auto/RunningMaximum.xml (RunModel)" time="0.018" />
  <testcase classname="ptolemy.util.test.junit.AutoTests" name="[322] /home/travis/build/icyphy/ptII/ptolemy/actor/lib/test/auto/RunningMinimum.xml (RunModel)" time="0.015" />
  <testcase classname="ptolemy.util.test.junit.AutoTests" name="[323] /home/travis/build/icyphy/ptII/ptolemy/actor/lib/test/auto/Scale.xml (RunModel)" time="0.008" />
  <testcase classname="ptolemy.util.test.junit.AutoTests" name="[324] /home/travis/build/icyphy/ptII/ptolemy/actor/lib/test/auto/Scale2.xml (RunModel)" time="0.01" />
  <testcase classname="ptolemy.util.test.junit.AutoTests" name="[325] /home/travis/build/icyphy/ptII/ptolemy/actor/lib/test/auto/Scale3.xml (RunModel)" time="0.014" />
  <testcase classname="ptolemy.util.test.junit.AutoTests" name="[326] /home/travis/build/icyphy/ptII/ptolemy/actor/lib/test/auto/ScaleArray.xml (RunModel)" time="0.008" />
  <testcase classname="ptolemy.util.test.junit.AutoTests" name="[327] /home/travis/build/icyphy/ptII/ptolemy/actor/lib/test/auto/ScaleArray2.xml (RunModel)" time="0.008" />
  <testcase classname="ptolemy.util.test.junit.AutoTests" name="[328] /home/travis/build/icyphy/ptII/ptolemy/actor/lib/test/auto/ScaleMatrix.xml (RunModel)" time="0.113" />
  <testcase classname="ptolemy.util.test.junit.AutoTests" name="[329] /home/travis/build/icyphy/ptII/ptolemy/actor/lib/test/auto/Select.xml (RunModel)" time="0.014" />
  <testcase classname="ptolemy.util.test.junit.AutoTests" name="[330] /home/travis/build/icyphy/ptII/ptolemy/actor/lib/test/auto/Select2.xml (RunModel)" time="0.008" />
  <testcase classname="ptolemy.util.test.junit.AutoTests" name="[331] /home/travis/build/icyphy/ptII/ptolemy/actor/lib/test/auto/SequenceToArray2.xml (RunModel)" time="0.117" />
  <testcase classname="ptolemy.util.test.junit.AutoTests" name="[332] /home/travis/build/icyphy/ptII/ptolemy/actor/lib/test/auto/SequentialClock.xml (RunModel)" time="0.009" />
  <testcase classname="ptolemy.util.test.junit.AutoTests" name="[333] /home/travis/build/icyphy/ptII/ptolemy/actor/lib/test/auto/SetVariable.xml (RunModel)" time="0.01" />
  <testcase classname="ptolemy.util.test.junit.AutoTests" name="[334] /home/travis/build/icyphy/ptII/ptolemy/actor/lib/test/auto/SetVariable2.xml (RunModel)" time="0.009" />
  <testcase classname="ptolemy.util.test.junit.AutoTests" name="[335] /home/travis/build/icyphy/ptII/ptolemy/actor/lib/test/auto/SetVariable3.xml (RunModel)" time="0.016" />
  <testcase classname="ptolemy.util.test.junit.AutoTests" name="[336] /home/travis/build/icyphy/ptII/ptolemy/actor/lib/test/auto/SetVariable4.xml (RunModel)" time="0.032" />
  <testcase classname="ptolemy.util.test.junit.AutoTests" name="[337] /home/travis/build/icyphy/ptII/ptolemy/actor/lib/test/auto/SetVariable5.xml (RunModel)" time="0.028" />
  <testcase classname="ptolemy.util.test.junit.AutoTests" name="[338] /home/travis/build/icyphy/ptII/ptolemy/actor/lib/test/auto/Sinewave.xml (RunModel)" time="0.028" />
  <testcase classname="ptolemy.util.test.junit.AutoTests" name="[339] /home/travis/build/icyphy/ptII/ptolemy/actor/lib/test/auto/Sinewave2.xml (RunModel)" time="0.015" />
  <testcase classname="ptolemy.util.test.junit.AutoTests" name="[340] /home/travis/build/icyphy/ptII/ptolemy/actor/lib/test/auto/Sinewave3.xml (RunModel)" time="0.021" />
  <testcase classname="ptolemy.util.test.junit.AutoTests" name="[341] /home/travis/build/icyphy/ptII/ptolemy/actor/lib/test/auto/SingleEvent.xml (RunModel)" time="0.007" />
  <testcase classname="ptolemy.util.test.junit.AutoTests" name="[342] /home/travis/build/icyphy/ptII/ptolemy/actor/lib/test/auto/Sleep.xml (RunModel)" time="6.014" />
  <testcase classname="ptolemy.util.test.junit.AutoTests" name="[343] /home/travis/build/icyphy/ptII/ptolemy/actor/lib/test/auto/SleepMultipleFire.xml (RunModel)" time="1.024" />
  <testcase classname="ptolemy.util.test.junit.AutoTests" name="[344] /home/travis/build/icyphy/ptII/ptolemy/actor/lib/test/auto/StopDE.xml (RunModel)" time="0.016" />
  <testcase classname="ptolemy.util.test.junit.AutoTests" name="[345] /home/travis/build/icyphy/ptII/ptolemy/actor/lib/test/auto/StopSDF.xml (RunModel)" time="0.011" />
  <testcase classname="ptolemy.util.test.junit.AutoTests" name="[346] /home/travis/build/icyphy/ptII/ptolemy/actor/lib/test/auto/StringConstant.xml (RunModel)" time="0.014" />
  <testcase classname="ptolemy.util.test.junit.AutoTests" name="[347] /home/travis/build/icyphy/ptII/ptolemy/actor/lib/test/auto/SubscriberPortInitialValues1.xml (RunModel)" time="0.027" />
  <testcase classname="ptolemy.util.test.junit.AutoTests" name="[348] /home/travis/build/icyphy/ptII/ptolemy/actor/lib/test/auto/SubscriberPortInitialValues13.xml (RunModel)" time="0.027" />
  <testcase classname="ptolemy.util.test.junit.AutoTests" name="[349] /home/travis/build/icyphy/ptII/ptolemy/actor/lib/test/auto/SubscriberPortInitialValues14.xml (RunModel)" time="0.015" />
  <testcase classname="ptolemy.util.test.junit.AutoTests" name="[350] /home/travis/build/icyphy/ptII/ptolemy/actor/lib/test/auto/SubscriberPortInitialValues2.xml (RunModel)" time="0.016" />
  <testcase classname="ptolemy.util.test.junit.AutoTests" name="[351] /home/travis/build/icyphy/ptII/ptolemy/actor/lib/test/auto/SubscriberPortInitialValues3.xml (RunModel)" time="0.021" />
  <testcase classname="ptolemy.util.test.junit.AutoTests" name="[352] /home/travis/build/icyphy/ptII/ptolemy/actor/lib/test/auto/SubscriptionAggregator.xml (RunModel)" time="0.012" />
  <testcase classname="ptolemy.util.test.junit.AutoTests" name="[353] /home/travis/build/icyphy/ptII/ptolemy/actor/lib/test/auto/SubscriptionAggregator2.xml (RunModel)" time="0.012" />
  <testcase classname="ptolemy.util.test.junit.AutoTests" name="[354] /home/travis/build/icyphy/ptII/ptolemy/actor/lib/test/auto/SubscriptionAggregator3.xml (RunModel)" time="0.019" />
  <testcase classname="ptolemy.util.test.junit.AutoTests" name="[355] /home/travis/build/icyphy/ptII/ptolemy/actor/lib/test/auto/SubscriptionAggregatorMultiply.xml (RunModel)" time="0.017" />
  <testcase classname="ptolemy.util.test.junit.AutoTests" name="[356] /home/travis/build/icyphy/ptII/ptolemy/actor/lib/test/auto/SubscriptionAggregatorPortMultiply1.xml (RunModel)" time="0.015" />
  <testcase classname="ptolemy.util.test.junit.AutoTests" name="[357] /home/travis/build/icyphy/ptII/ptolemy/actor/lib/test/auto/Switch.xml (RunModel)" time="0.019" />
  <testcase classname="ptolemy.util.test.junit.AutoTests" name="[358] /home/travis/build/icyphy/ptII/ptolemy/actor/lib/test/auto/Switch2.xml (RunModel)" time="0.011" />
  <testcase classname="ptolemy.util.test.junit.AutoTests" name="[359] /home/travis/build/icyphy/ptII/ptolemy/actor/lib/test/auto/SwitchDE.xml (RunModel)" time="0.014" />
  <testcase classname="ptolemy.util.test.junit.AutoTests" name="[360] /home/travis/build/icyphy/ptII/ptolemy/actor/lib/test/auto/SynchronizerDE.xml (RunModel)" time="0.028" />
  <testcase classname="ptolemy.util.test.junit.AutoTests" name="[361] /home/travis/build/icyphy/ptII/ptolemy/actor/lib/test/auto/Test.xml (RunModel)" time="0.021" />
  <testcase classname="ptolemy.util.test.junit.AutoTests" name="[362] /home/travis/build/icyphy/ptII/ptolemy/actor/lib/test/auto/TestExceptionAttribute1.xml (RunModel)" time="0.007" />
  <testcase classname="ptolemy.util.test.junit.AutoTests" name="[363] /home/travis/build/icyphy/ptII/ptolemy/actor/lib/test/auto/TestExceptionAttribute2.xml (RunModel)" time="0.008" />
  <testcase classname="ptolemy.util.test.junit.AutoTests" name="[364] /home/travis/build/icyphy/ptII/ptolemy/actor/lib/test/auto/TestExceptionAttribute3.xml (RunModel)" time="0.012" />
  <testcase classname="ptolemy.util.test.junit.AutoTests" name="[365] /home/travis/build/icyphy/ptII/ptolemy/actor/lib/test/auto/TestExceptionAttribute4.xml (RunModel)" time="0.007" />
  <testcase classname="ptolemy.util.test.junit.AutoTests" name="[366] /home/travis/build/icyphy/ptII/ptolemy/actor/lib/test/auto/TestExceptionHandler1.xml (RunModel)" time="0.011" />
  <testcase classname="ptolemy.util.test.junit.AutoTests" name="[367] /home/travis/build/icyphy/ptII/ptolemy/actor/lib/test/auto/TestExceptionHandler2.xml (RunModel)" time="0.02" />
  <testcase classname="ptolemy.util.test.junit.AutoTests" name="[368] /home/travis/build/icyphy/ptII/ptolemy/actor/lib/test/auto/TestExceptionHandler3.xml (RunModel)" time="0.01" />
  <testcase classname="ptolemy.util.test.junit.AutoTests" name="[369] /home/travis/build/icyphy/ptII/ptolemy/actor/lib/test/auto/TestExceptionHandler4.xml (RunModel)" time="0.006" />
  <testcase classname="ptolemy.util.test.junit.AutoTests" name="[370] /home/travis/build/icyphy/ptII/ptolemy/actor/lib/test/auto/TestRequireCorrectOrder.xml (RunModel)" time="0.01" />
  <testcase classname="ptolemy.util.test.junit.AutoTests" name="[371] /home/travis/build/icyphy/ptII/ptolemy/actor/lib/test/auto/TestSimple.xml (RunModel)" time="0.006" />
  <testcase classname="ptolemy.util.test.junit.AutoTests" name="[372] /home/travis/build/icyphy/ptII/ptolemy/actor/lib/test/auto/ThrowModelError.xml (RunModel)" time="0.01" />
  <testcase classname="ptolemy.util.test.junit.AutoTests" name="[373] /home/travis/build/icyphy/ptII/ptolemy/actor/lib/test/auto/TimeDelayMicrosteps.xml (RunModel)" time="0.015" />
  <testcase classname="ptolemy.util.test.junit.AutoTests" name="[374] /home/travis/build/icyphy/ptII/ptolemy/actor/lib/test/auto/TimeDelayMicrosteps2.xml (RunModel)" time="0.019" />
  <testcase classname="ptolemy.util.test.junit.AutoTests" name="[375] /home/travis/build/icyphy/ptII/ptolemy/actor/lib/test/auto/TimeDelayMicrosteps3.xml (RunModel)" time="0.012" />
  <testcase classname="ptolemy.util.test.junit.AutoTests" name="[376] /home/travis/build/icyphy/ptII/ptolemy/actor/lib/test/auto/TimeDelayVariableMicrosteps.xml (RunModel)" time="0.014" />
  <testcase classname="ptolemy.util.test.junit.AutoTests" name="[377] /home/travis/build/icyphy/ptII/ptolemy/actor/lib/test/auto/TimeGap.xml (RunModel)" time="0.026" />
  <testcase classname="ptolemy.util.test.junit.AutoTests" name="[378] /home/travis/build/icyphy/ptII/ptolemy/actor/lib/test/auto/TimeGap2.xml (RunModel)" time="0.017" />
  <testcase classname="ptolemy.util.test.junit.AutoTests" name="[379] /home/travis/build/icyphy/ptII/ptolemy/actor/lib/test/auto/TimedSinewave.xml (RunModel)" time="0.063" />
  <testcase classname="ptolemy.util.test.junit.AutoTests" name="[380] /home/travis/build/icyphy/ptII/ptolemy/actor/lib/test/auto/TimedSinewavePhase.xml (RunModel)" time="0.039" />
  <testcase classname="ptolemy.util.test.junit.AutoTests" name="[381] /home/travis/build/icyphy/ptII/ptolemy/actor/lib/test/auto/Timer.xml (RunModel)" time="0.012" />
  <testcase classname="ptolemy.util.test.junit.AutoTests" name="[382] /home/travis/build/icyphy/ptII/ptolemy/actor/lib/test/auto/TriangularDistTestModel.xml (RunModel)" time="0.024" />
  <testcase classname="ptolemy.util.test.junit.AutoTests" name="[383] /home/travis/build/icyphy/ptII/ptolemy/actor/lib/test/auto/TrigFunction.xml (RunModel)" time="0.012" />
  <testcase classname="ptolemy.util.test.junit.AutoTests" name="[384] /home/travis/build/icyphy/ptII/ptolemy/actor/lib/test/auto/TrigFunctionDE.xml (RunModel)" time="0.012" />
  <testcase classname="ptolemy.util.test.junit.AutoTests" name="[385] /home/travis/build/icyphy/ptII/ptolemy/actor/lib/test/auto/TrigFunctionInverse.xml (RunModel)" time="0.01" />
  <testcase classname="ptolemy.util.test.junit.AutoTests" name="[386] /home/travis/build/icyphy/ptII/ptolemy/actor/lib/test/auto/TrigFunctionTan.xml (RunModel)" time="0.014" />
  <testcase classname="ptolemy.util.test.junit.AutoTests" name="[387] /home/travis/build/icyphy/ptII/ptolemy/actor/lib/test/auto/TriggeredClock.xml (RunModel)" time="0.015" />
  <testcase classname="ptolemy.util.test.junit.AutoTests" name="[388] /home/travis/build/icyphy/ptII/ptolemy/actor/lib/test/auto/URLDirectoryReader.xml (RunModel)" time="0.108" />
  <testcase classname="ptolemy.util.test.junit.AutoTests" name="[389] /home/travis/build/icyphy/ptII/ptolemy/actor/lib/test/auto/URLDirectoryReader3.xml (RunModel)" time="1.608" />
  <testcase classname="ptolemy.util.test.junit.AutoTests" name="[390] /home/travis/build/icyphy/ptII/ptolemy/actor/lib/test/auto/UnaryMathFunction.xml (RunModel)" time="0.062" />
  <testcase classname="ptolemy.util.test.junit.AutoTests" name="[391] /home/travis/build/icyphy/ptII/ptolemy/actor/lib/test/auto/Uniform.xml (RunModel)" time="0.04" />
  <testcase classname="ptolemy.util.test.junit.AutoTests" name="[392] /home/travis/build/icyphy/ptII/ptolemy/actor/lib/test/auto/UnionDisassemblerTest.xml (RunModel)" time="0.023" />
  <testcase classname="ptolemy.util.test.junit.AutoTests" name="[393] /home/travis/build/icyphy/ptII/ptolemy/actor/lib/test/auto/UtilityFunctions.xml (RunModel)" time="0.026" />
  <testcase classname="ptolemy.util.test.junit.AutoTests" name="[394] /home/travis/build/icyphy/ptII/ptolemy/actor/lib/test/auto/VariableSleep.xml (RunModel)" time="0.534" />
  <testcase classname="ptolemy.util.test.junit.AutoTests" name="[395] /home/travis/build/icyphy/ptII/ptolemy/actor/lib/test/auto/VectorAssemblerDisassemblerCT.xml (RunModel)" time="0.124" />
  <testcase classname="ptolemy.util.test.junit.AutoTests" name="[396] /home/travis/build/icyphy/ptII/ptolemy/actor/lib/test/auto/VectorAssemblerDisassemblerDE.xml (RunModel)" time="0.015" />
  <testcase classname="ptolemy.util.test.junit.AutoTests" name="[397] /home/travis/build/icyphy/ptII/ptolemy/actor/lib/test/auto/VectorAssemblerDisassemblerSDF.xml (RunModel)" time="0.013" />
  <testcase classname="ptolemy.util.test.junit.AutoTests" name="[398] /home/travis/build/icyphy/ptII/ptolemy/actor/lib/test/auto/WallClockTime.xml (RunModel)" time="1.015" />
  <testcase classname="ptolemy.util.test.junit.AutoTests" name="[399] /home/travis/build/icyphy/ptII/ptolemy/actor/lib/test/auto/WidthTestWithSubscriberPublisher.xml (RunModel)" time="0.05" />
  <testcase classname="ptolemy.util.test.junit.AutoTests" name="[400] /home/travis/build/icyphy/ptII/ptolemy/actor/lib/test/auto/WidthTestWithSubscriberPublisher2.xml (RunModel)" time="0.015" />
  <testcase classname="ptolemy.util.test.junit.AutoTests" name="[401] /home/travis/build/icyphy/ptII/ptolemy/actor/lib/test/auto/WidthTestWithSubscriberPublisher3.xml (RunModel)" time="0.011" />
  <testcase classname="ptolemy.util.test.junit.AutoTests" name="[402] /home/travis/build/icyphy/ptII/ptolemy/actor/lib/test/auto/Writer.xml (RunModel)" time="0.007" />
  <testcase classname="ptolemy.util.test.junit.AutoTests" name="[403] /home/travis/build/icyphy/ptII/ptolemy/actor/lib/test/auto/array.xml (RunModel)" time="0.009" />
  <testcase classname="ptolemy.util.test.junit.AutoTests" name="[404] /home/travis/build/icyphy/ptII/ptolemy/actor/lib/test/auto/array2.xml (RunModel)" time="0.01" />
  <testcase classname="ptolemy.util.test.junit.AutoTests" name="[405] /home/travis/build/icyphy/ptII/ptolemy/actor/lib/test/auto/arrayType.xml (RunModel)" time="0.01" />
  <testcase classname="ptolemy.util.test.junit.AutoTests" name="[406] /home/travis/build/icyphy/ptII/ptolemy/actor/lib/test/auto/arrayType10.xml (RunModel)" time="0.009" />
  <testcase classname="ptolemy.util.test.junit.AutoTests" name="[407] /home/travis/build/icyphy/ptII/ptolemy/actor/lib/test/auto/arrayType11.xml (RunModel)" time="0.01" />
  <testcase classname="ptolemy.util.test.junit.AutoTests" name="[408] /home/travis/build/icyphy/ptII/ptolemy/actor/lib/test/auto/arrayType12.xml (RunModel)" time="0.01" />
  <testcase classname="ptolemy.util.test.junit.AutoTests" name="[409] /home/travis/build/icyphy/ptII/ptolemy/actor/lib/test/auto/arrayType13.xml (RunModel)" time="0.01" />
  <testcase classname="ptolemy.util.test.junit.AutoTests" name="[410] /home/travis/build/icyphy/ptII/ptolemy/actor/lib/test/auto/arrayType14.xml (RunModel)" time="0.01" />
  <testcase classname="ptolemy.util.test.junit.AutoTests" name="[411] /home/travis/build/icyphy/ptII/ptolemy/actor/lib/test/auto/arrayType15.xml (RunModel)" time="0.009" />
  <testcase classname="ptolemy.util.test.junit.AutoTests" name="[412] /home/travis/build/icyphy/ptII/ptolemy/actor/lib/test/auto/arrayType16.xml (RunModel)" time="0.01" />
  <testcase classname="ptolemy.util.test.junit.AutoTests" name="[413] /home/travis/build/icyphy/ptII/ptolemy/actor/lib/test/auto/arrayType17.xml (RunModel)" time="0.009" />
  <testcase classname="ptolemy.util.test.junit.AutoTests" name="[414] /home/travis/build/icyphy/ptII/ptolemy/actor/lib/test/auto/arrayType18.xml (RunModel)" time="0.01" />
  <testcase classname="ptolemy.util.test.junit.AutoTests" name="[415] /home/travis/build/icyphy/ptII/ptolemy/actor/lib/test/auto/arrayType19.xml (RunModel)" time="0.009" />
  <testcase classname="ptolemy.util.test.junit.AutoTests" name="[416] /home/travis/build/icyphy/ptII/ptolemy/actor/lib/test/auto/arrayType2.xml (RunModel)" time="0.01" />
  <testcase classname="ptolemy.util.test.junit.AutoTests" name="[417] /home/travis/build/icyphy/ptII/ptolemy/actor/lib/test/auto/arrayType20.xml (RunModel)" time="0.01" />
  <testcase classname="ptolemy.util.test.junit.AutoTests" name="[418] /home/travis/build/icyphy/ptII/ptolemy/actor/lib/test/auto/arrayType21.xml (RunModel)" time="0.009" />
  <testcase classname="ptolemy.util.test.junit.AutoTests" name="[419] /home/travis/build/icyphy/ptII/ptolemy/actor/lib/test/auto/arrayType22.xml (RunModel)" time="0.008" />
  <testcase classname="ptolemy.util.test.junit.AutoTests" name="[420] /home/travis/build/icyphy/ptII/ptolemy/actor/lib/test/auto/arrayType23.xml (RunModel)" time="0.008" />
  <testcase classname="ptolemy.util.test.junit.AutoTests" name="[421] /home/travis/build/icyphy/ptII/ptolemy/actor/lib/test/auto/arrayType24.xml (RunModel)" time="0.01" />
  <testcase classname="ptolemy.util.test.junit.AutoTests" name="[422] /home/travis/build/icyphy/ptII/ptolemy/actor/lib/test/auto/arrayType25.xml (RunModel)" time="0.01" />
  <testcase classname="ptolemy.util.test.junit.AutoTests" name="[423] /home/travis/build/icyphy/ptII/ptolemy/actor/lib/test/auto/arrayType26.xml (RunModel)" time="0.01" />
  <testcase classname="ptolemy.util.test.junit.AutoTests" name="[424] /home/travis/build/icyphy/ptII/ptolemy/actor/lib/test/auto/arrayType27.xml (RunModel)" time="0.01" />
  <testcase classname="ptolemy.util.test.junit.AutoTests" name="[425] /home/travis/build/icyphy/ptII/ptolemy/actor/lib/test/auto/arrayType28.xml (RunModel)" time="0.016" />
  <testcase classname="ptolemy.util.test.junit.AutoTests" name="[426] /home/travis/build/icyphy/ptII/ptolemy/actor/lib/test/auto/arrayType3.xml (RunModel)" time="0.01" />
  <testcase classname="ptolemy.util.test.junit.AutoTests" name="[427] /home/travis/build/icyphy/ptII/ptolemy/actor/lib/test/auto/arrayType4.xml (RunModel)" time="0.009" />
  <testcase classname="ptolemy.util.test.junit.AutoTests" name="[428] /home/travis/build/icyphy/ptII/ptolemy/actor/lib/test/auto/arrayType5.xml (RunModel)" time="0.009" />
  <testcase classname="ptolemy.util.test.junit.AutoTests" name="[429] /home/travis/build/icyphy/ptII/ptolemy/actor/lib/test/auto/arrayType6.xml (RunModel)" time="0.009" />
  <testcase classname="ptolemy.util.test.junit.AutoTests" name="[430] /home/travis/build/icyphy/ptII/ptolemy/actor/lib/test/auto/arrayType7.xml (RunModel)" time="0.009" />
  <testcase classname="ptolemy.util.test.junit.AutoTests" name="[431] /home/travis/build/icyphy/ptII/ptolemy/actor/lib/test/auto/arrayType8.xml (RunModel)" time="0.023" />
  <testcase classname="ptolemy.util.test.junit.AutoTests" name="[432] /home/travis/build/icyphy/ptII/ptolemy/actor/lib/test/auto/arrayType9.xml (RunModel)" time="0.01" />
  <testcase classname="ptolemy.util.test.junit.AutoTests" name="[433] /home/travis/build/icyphy/ptII/ptolemy/actor/lib/test/auto/cast.xml (RunModel)" time="0.01" />
  <testcase classname="ptolemy.util.test.junit.AutoTests" name="[434] /home/travis/build/icyphy/ptII/ptolemy/actor/lib/test/auto/compositeMultiPort.xml (RunModel)" time="0.021" />
  <testcase classname="ptolemy.util.test.junit.AutoTests" name="[435] /home/travis/build/icyphy/ptII/ptolemy/actor/lib/test/auto/expressionCastInference.xml (RunModel)" time="0.008" />
  <testcase classname="ptolemy.util.test.junit.AutoTests" name="[436] /home/travis/build/icyphy/ptII/ptolemy/actor/lib/test/auto/expressionCastInference2.xml (RunModel)" time="0.008" />
  <testcase classname="ptolemy.util.test.junit.AutoTests" name="[437] /home/travis/build/icyphy/ptII/ptolemy/actor/lib/test/auto/expressionInference.xml (RunModel)" time="0.007" />
  <testcase classname="ptolemy.util.test.junit.AutoTests" name="[438] /home/travis/build/icyphy/ptII/ptolemy/actor/lib/test/auto/expression_bug.xml (RunModel)" time="0.007" />
  <testcase classname="ptolemy.util.test.junit.AutoTests" name="[439] /home/travis/build/icyphy/ptII/ptolemy/actor/lib/test/auto/factorial.xml (RunModel)" time="0.061" />
  <testcase classname="ptolemy.util.test.junit.AutoTests" name="[440] /home/travis/build/icyphy/ptII/ptolemy/actor/lib/test/auto/filterTest1.xml (RunModel)" time="0.015" />
  <testcase classname="ptolemy.util.test.junit.AutoTests" name="[441] /home/travis/build/icyphy/ptII/ptolemy/actor/lib/test/auto/funcApplyInConst.xml (RunModel)" time="0.006" />
  <testcase classname="ptolemy.util.test.junit.AutoTests" name="[442] /home/travis/build/icyphy/ptII/ptolemy/actor/lib/test/auto/funcApplyInExpr.xml (RunModel)" time="0.007" />
  <testcase classname="ptolemy.util.test.junit.AutoTests" name="[443] /home/travis/build/icyphy/ptII/ptolemy/actor/lib/test/auto/function.xml (RunModel)" time="0.01" />
  <testcase classname="ptolemy.util.test.junit.AutoTests" name="[444] /home/travis/build/icyphy/ptII/ptolemy/actor/lib/test/auto/function2.xml (RunModel)" time="0.009" />
  <testcase classname="ptolemy.util.test.junit.AutoTests" name="[445] /home/travis/build/icyphy/ptII/ptolemy/actor/lib/test/auto/function3.xml (RunModel)" time="0.007" />
  <testcase classname="ptolemy.util.test.junit.AutoTests" name="[446] /home/travis/build/icyphy/ptII/ptolemy/actor/lib/test/auto/functionClosureTest1.xml (RunModel)" time="0.01" />
  <testcase classname="ptolemy.util.test.junit.AutoTests" name="[447] /home/travis/build/icyphy/ptII/ptolemy/actor/lib/test/auto/functionClosureTest2.xml (RunModel)" time="0.007" />
  <testcase classname="ptolemy.util.test.junit.AutoTests" name="[448] /home/travis/build/icyphy/ptII/ptolemy/actor/lib/test/auto/functionClosureTest3.xml (RunModel)" time="0.01" />
  <testcase classname="ptolemy.util.test.junit.AutoTests" name="[449] /home/travis/build/icyphy/ptII/ptolemy/actor/lib/test/auto/functionClosureTest4.xml (RunModel)" time="0.018" />
  <testcase classname="ptolemy.util.test.junit.AutoTests" name="[450] /home/travis/build/icyphy/ptII/ptolemy/actor/lib/test/auto/functionClosureTest5.xml (RunModel)" time="0.015" />
  <testcase classname="ptolemy.util.test.junit.AutoTests" name="[451] /home/travis/build/icyphy/ptII/ptolemy/actor/lib/test/auto/functionClosureTest6.xml (RunModel)" time="0.008" />
  <testcase classname="ptolemy.util.test.junit.AutoTests" name="[452] /home/travis/build/icyphy/ptII/ptolemy/actor/lib/test/auto/functionsOnArcs.xml (RunModel)" time="0.01" />
  <testcase classname="ptolemy.util.test.junit.AutoTests" name="[453] /home/travis/build/icyphy/ptII/ptolemy/actor/lib/test/auto/functionsOnArcsHOF.xml (RunModel)" time="0.014" />
  <testcase classname="ptolemy.util.test.junit.AutoTests" name="[454] /home/travis/build/icyphy/ptII/ptolemy/actor/lib/test/auto/logic.xml (RunModel)" time="0.018" />
  <testcase classname="ptolemy.util.test.junit.AutoTests" name="[455] /home/travis/build/icyphy/ptII/ptolemy/actor/lib/test/auto/matrixType.xml (RunModel)" time="0.01" />
  <testcase classname="ptolemy.util.test.junit.AutoTests" name="[456] /home/travis/build/icyphy/ptII/ptolemy/actor/lib/test/auto/matrixType10.xml (RunModel)" time="0.008" />
  <testcase classname="ptolemy.util.test.junit.AutoTests" name="[457] /home/travis/build/icyphy/ptII/ptolemy/actor/lib/test/auto/matrixType11.xml (RunModel)" time="0.009" />
  <testcase classname="ptolemy.util.test.junit.AutoTests" name="[458] /home/travis/build/icyphy/ptII/ptolemy/actor/lib/test/auto/matrixType12.xml (RunModel)" time="0.011" />
  <testcase classname="ptolemy.util.test.junit.AutoTests" name="[459] /home/travis/build/icyphy/ptII/ptolemy/actor/lib/test/auto/matrixType13.xml (RunModel)" time="0.008" />
  <testcase classname="ptolemy.util.test.junit.AutoTests" name="[460] /home/travis/build/icyphy/ptII/ptolemy/actor/lib/test/auto/matrixType14.xml (RunModel)" time="0.01" />
  <testcase classname="ptolemy.util.test.junit.AutoTests" name="[461] /home/travis/build/icyphy/ptII/ptolemy/actor/lib/test/auto/matrixType2.xml (RunModel)" time="0.009" />
  <testcase classname="ptolemy.util.test.junit.AutoTests" name="[462] /home/travis/build/icyphy/ptII/ptolemy/actor/lib/test/auto/matrixType3.xml (RunModel)" time="0.015" />
  <testcase classname="ptolemy.util.test.junit.AutoTests" name="[463] /home/travis/build/icyphy/ptII/ptolemy/actor/lib/test/auto/matrixType4.xml (RunModel)" time="0.009" />
  <testcase classname="ptolemy.util.test.junit.AutoTests" name="[464] /home/travis/build/icyphy/ptII/ptolemy/actor/lib/test/auto/matrixType5.xml (RunModel)" time="0.009" />
  <testcase classname="ptolemy.util.test.junit.AutoTests" name="[465] /home/travis/build/icyphy/ptII/ptolemy/actor/lib/test/auto/matrixType6.xml (RunModel)" time="0.008" />
  <testcase classname="ptolemy.util.test.junit.AutoTests" name="[466] /home/travis/build/icyphy/ptII/ptolemy/actor/lib/test/auto/matrixType7.xml (RunModel)" time="0.009" />
  <testcase classname="ptolemy.util.test.junit.AutoTests" name="[467] /home/travis/build/icyphy/ptII/ptolemy/actor/lib/test/auto/matrixType8.xml (RunModel)" time="0.009" />
  <testcase classname="ptolemy.util.test.junit.AutoTests" name="[468] /home/travis/build/icyphy/ptII/ptolemy/actor/lib/test/auto/matrixType9.xml (RunModel)" time="0.009" />
  <testcase classname="ptolemy.util.test.junit.AutoTests" name="[469] /home/travis/build/icyphy/ptII/ptolemy/actor/lib/test/auto/paraFunctest.xml (RunModel)" time="0.007" />
  <testcase classname="ptolemy.util.test.junit.AutoTests" name="[470] /home/travis/build/icyphy/ptII/ptolemy/actor/lib/test/auto/paraFunctest2.xml (RunModel)" time="0.008" />
  <testcase classname="ptolemy.util.test.junit.AutoTests" name="[471] /home/travis/build/icyphy/ptII/ptolemy/actor/lib/test/auto/parameterPassing.xml (RunModel)" time="0.008" />
  <testcase classname="ptolemy.util.test.junit.AutoTests" name="[472] /home/travis/build/icyphy/ptII/ptolemy/actor/lib/test/auto/record.xml (RunModel)" time="0.009" />
  <testcase classname="ptolemy.util.test.junit.AutoTests" name="[473] /home/travis/build/icyphy/ptII/ptolemy/actor/lib/test/auto/sizedarray1.xml (RunModel)" time="0.01" />
  <testcase classname="ptolemy.util.test.junit.AutoTests" name="[474] /home/travis/build/icyphy/ptII/ptolemy/actor/lib/test/auto/sizedarray2.xml (RunModel)" time="0.012" />
  <testcase classname="ptolemy.util.test.junit.AutoTests" name="[475] /home/travis/build/icyphy/ptII/ptolemy/actor/lib/test/auto/twoPublishers.xml (RunModel)" time="0.022" />
  <system-out><![CDATA[/home/travis/build/icyphy/ptII/ptolemy/actor/lib/test/AbsoluteValue.tcl
testDefs.tcl: setting time out to 9000 seconds at Sat Jul 07 01:31:20 UTC 2018
78 ms. Memory: 116224K Free: 106785K (92%)
4 ms. Memory: 116224K Free: 105593K (91%)
4 ms. Memory: 116224K Free: 104403K (90%)
5 ms. Memory: 116224K Free: 103808K (89%)
/home/travis/build/icyphy/ptII/ptolemy/actor/lib/test/AddSubtract.tcl
8 ms. Memory: 116224K Free: 101990K (88%)
5 ms. Memory: 116224K Free: 100775K (87%)
6 ms. Memory: 116224K Free: 100180K (86%)
6 ms. Memory: 116224K Free: 99577K (86%)
6 ms. Memory: 116224K Free: 98958K (85%)
5 ms. Memory: 116224K Free: 98322K (85%)
/home/travis/build/icyphy/ptII/ptolemy/actor/lib/test/Average.tcl
7 ms. Memory: 116224K Free: 96505K (83%)
6 ms. Memory: 116224K Free: 95298K (82%)
/home/travis/build/icyphy/ptII/ptolemy/actor/lib/test/Bernoulli.tcl
4 ms. Memory: 116224K Free: 93473K (80%)
2 ms. Memory: 116224K Free: 92870K (80%)
/home/travis/build/icyphy/ptII/ptolemy/actor/lib/test/Clock.tcl
preinitializing
resolving types
initializing
executing number 1
wrapping up
idle
11 ms. Memory: 116224K Free: 90472K (78%)
Completed execution with 5 iterations
preinitializing
resolving types
initializing
executing number 1
wrapping up
idle
4 ms. Memory: 116224K Free: 89837K (77%)
Completed execution with 5 iterations
preinitializing
resolving types
initializing
executing number 1
wrapping up
idle
8 ms. Memory: 116224K Free: 89234K (77%)
Completed execution with 5 iterations
/home/travis/build/icyphy/ptII/ptolemy/actor/lib/test/Commutator.tcl
17 ms. Memory: 116224K Free: 87416K (75%)
12 ms. Memory: 116224K Free: 86210K (74%)
10 ms. Memory: 116224K Free: 81923K (70%)
/home/travis/build/icyphy/ptII/ptolemy/actor/lib/test/Const.tcl
3 ms. Memory: 116224K Free: 110868K (95%)
3 ms. Memory: 116224K Free: 110253K (95%)
2 ms. Memory: 116224K Free: 109637K (94%)
2 ms. Memory: 116224K Free: 108408K (93%)
2 ms. Memory: 116224K Free: 107793K (93%)
16 ms. Memory: 116224K Free: 105763K (91%)
12 ms. Memory: 116224K Free: 105164K (90%)
15 ms. Memory: 116224K Free: 103941K (89%)
/home/travis/build/icyphy/ptII/ptolemy/actor/lib/test/CurrentTime.tcl
preinitializing
resolving types
initializing
executing number 1
wrapping up
idle
18 ms. Memory: 116224K Free: 102111K (88%)
Completed execution with 11 iterations
/home/travis/build/icyphy/ptII/ptolemy/actor/lib/test/DB.tcl
4 ms. Memory: 116224K Free: 100306K (86%)
2 ms. Memory: 116224K Free: 99666K (86%)
2 ms. Memory: 116224K Free: 99051K (85%)
/home/travis/build/icyphy/ptII/ptolemy/actor/lib/test/DiscreteRandomSource.tcl
preinitializing
resolving types
initializing
executing number 1
wrapping up
idle
4 ms. Memory: 116224K Free: 97820K (84%)
Completed execution with 4 iterations
preinitializing
resolving types
initializing
executing number 1
wrapping up
idle
3 ms. Memory: 116224K Free: 97205K (84%)
Completed execution with 4 iterations
preinitializing
resolving types
initializing
executing number 1
wrapping up
idle
14 ms. Memory: 116224K Free: 96606K (83%)
Completed execution with 4 iterations
preinitializing
resolving types
initializing
executing number 1
wrapping up
idle
3 ms. Memory: 116224K Free: 96606K (83%)
Completed execution with 4 iterations
preinitializing
resolving types
initializing
executing number 1
wrapping up
idle
4 ms. Memory: 116224K Free: 95967K (83%)
Completed execution with 4 iterations
/home/travis/build/icyphy/ptII/ptolemy/actor/lib/test/Distributor.tcl
5 ms. Memory: 116224K Free: 94129K (81%)
3 ms. Memory: 116224K Free: 93513K (80%)
StreamChangeRequest.changeExecuted(): <deleteEntity name="rec2"/> succeeded
StreamChangeRequest.changeExecuted(): <deleteRelation name="r2"/> succeeded
StreamChangeRequest.changeExecuted(): Record firings per iteration succeeded
5 ms. Memory: 116224K Free: 91052K (78%)
/home/travis/build/icyphy/ptII/ptolemy/actor/lib/test/Exit.tcl
Exit.tcl: this will print a message about Manager.exitAfterWrapup, which can be ignored.
4 ms. Memory: 116224K Free: 88000K (76%)
/home/travis/build/icyphy/ptII/ptolemy/actor/lib/test/Expression.tcl
5 ms. Memory: 116224K Free: 84953K (73%)
5 ms. Memory: 116224K Free: 84337K (73%)
2 ms. Memory: 116224K Free: 83738K (72%)
preinitializing
resolving types
initializing
executing number 1
wrapping up
idle
6 ms. Memory: 116224K Free: 82508K (71%)
Completed execution with 6 iterations
4 ms. Memory: 116224K Free: 81371K (70%)
21 ms. Memory: 116224K Free: 110606K (95%)
5 ms. Memory: 116224K Free: 109403K (94%)
4 ms. Memory: 116224K Free: 108175K (93%)
4 ms. Memory: 116224K Free: 106932K (92%)
/home/travis/build/icyphy/ptII/ptolemy/actor/lib/test/Gaussian.tcl
9 ms. Memory: 116224K Free: 105088K (90%)
sleeping 1 seconds: ....................................................................................................................................................................................................................................................................................................................................................................................................................................................................................................................................................................................................................................................................................................................................................................................................................................................................................................................................................................................................................................................................................................................................................................................................................................................................................................................................................................................................................................................................................................................................................................................................................................................................................................................................................................................................................................................................................................................................................................................................................................................................................................................................................................................................................................................................................................................................................................................................................................................................................................................................................................................................................................................................................................................................................................................................................................................................................................................................................................................................................................................................................................................................................................................................................................................................................................................................................................................................................................................................................................................................................................................................................................................................................................................................................................................................................................................................................................................................................................................................................................................................................................................................................................................................................................................................................................................................................................................................................................................................................................................................................................................................................................................................................................................................................................................................................................................................................................................................................................................................................................................................................................................................................................................................................................................................................................................................................................................................................................................................................................................................................................................................................................................................................................................................................................................................................................................................................................................................................................................................................................................................................................................................................................................................................................................................................................................................................................................................................................................................................................................................................................................................................................................................................................................................................................................................................................................................................................................................................................................................................................................................................................................................................................................................................................................................................................................................................................................................................................................................................................................................................................................................................................................................................................................................................................................................................................................................................................................................................................................................................................................................................................................................................................................................................................................................................................................................................................................................................................................................................................................................................................................................................................................................................................................................................................................................................................................................................................................................................................................................................................................................................................................................................................................................................................................................................................................................................................................................................................................................................................................................................................................................................................................................................................................................................................................................................................................................................................................................................................................................................................................................................................................................................................................................................................................................................................................................................................................................................................................................................................................................................................................................................................................................................................................................................................................................................................................................................................................................................................................................................................................................................................................................................................................................................................................................................................................................................................................................................................................................................................................................................................................................................................................................................................................................................................................................................................................................................................................................................................................................................................................................................................................................................................................................................................................................................................................................................................................................................................................................................................................................................................................................................................................................................................................................................................................................................................................................................................................................................................................................................................................................................................................................................................................................................................................................................................................................................................................................................................................................................................................................................................................................................................................................................................................................................................................................................................................................................................................................................................................................................................................................................................................................................................................................................................................................................................................................................................................................................................................................................................................................................................................................................................................................................................................................................................................................................................................................................................................................................................................................................................................................................................................................................................................................................................................................................................................................................................................................................................................................................................................................................................................................................................................................................................................................................................................................................................................................................................................................................................................................................................................................................................................................................................................................................................................................................................................................................................................................................................................................................................................................................................................................................................................................................................................................................................................................................................................................................................................................................................................................................................................................................................................................................................................................................................................................................................................................................................................................................................................................................................................................................................................................................................................................................................................................................................................................................................................................................................................................................................................................................................................................................................................................................................................................................................................................................................................................................................................................................................................................................................................................................................................................................................................................................................................................................................................................................................................................................................................................................................................................................................................................................................................................................................................................................................................................................................................................................................................................................................................................................................................................................................................................................................................................................................................................................................................................................................................................................................................................................................................................................................................................................................................................................................................................................................................................................................................................................................................................................................................................................................................................................................................................................................................................................................................................................................................................................................................................................................................................................................................................................................................................................................................................................................................................................................................................................................................................................................................................................................................................................................................................................................................................................................................................................................................................................................................................................................................................................................................................................................................................................................................................................................................................................................................................................................................................................................................................................................................................................................................................................................................................................................................................................................................................................................................................................................................................................................................................................................................................................................................................................................................................................................................................................................................................................................................................................................................................................................................................................................................................................................................................................................................................................................................................................................................................................................................................................................................................................................................................................................................................................................................................................................................................................................................................................................................................................................................................................................................................................................................................................................................................................................................................................................................................................................................................................................................................................................................................................................................................................................................................................................................................................................................................................................................................................................................................................................................................................................................................................................................................................................................................................................................................................................................................................................................................................................................................................................................................................................................................................................................................................................................................................................................................................................................................................................................................................................................................................................................................................................................................................................................................................................................................................................................................................................................................................................................................................................................................................................................................................................................................................................................................................................................................................................................................................................................................................................................................................................................................................................................................................................................................................................................................................................................................................................................................................................................................................................................................................................................................................................................................................................................................................................................................................................................................................................................................................................................................................................................................................................................................................................................................................................................................................................................................................................................................................................................................................................................................................................................................................................................................................................................................................................................................................................................................................................................................................................................................................................................................................................................................................................................................................................................................................................................................2 ms. Memory: 146944K Free: 106592K (73%)
2 ms. Memory: 146944K Free: 105382K (72%)
1 ms. Memory: 146944K Free: 104172K (71%)
2 ms. Memory: 146944K Free: 104172K (71%)
1 ms. Memory: 146944K Free: 102962K (70%)
/home/travis/build/icyphy/ptII/ptolemy/actor/lib/test/IIR.tcl
/home/travis/build/icyphy/ptII/ptolemy/actor/lib/test/Interpolator.tcl
3 ms. Memory: 146944K Free: 99333K (68%)
1 ms. Memory: 146944K Free: 99333K (68%)
1 ms. Memory: 146944K Free: 98123K (67%)
1 ms. Memory: 146944K Free: 98123K (67%)
3 ms. Memory: 146944K Free: 96913K (66%)
2 ms. Memory: 146944K Free: 95703K (65%)
2 ms. Memory: 146944K Free: 95703K (65%)
2 ms. Memory: 146944K Free: 94493K (64%)
2 ms. Memory: 146944K Free: 93283K (63%)
2 ms. Memory: 146944K Free: 92074K (63%)
/home/travis/build/icyphy/ptII/ptolemy/actor/lib/test/MathFunction.tcl
5 ms. Memory: 146944K Free: 90864K (62%)
2 ms. Memory: 146944K Free: 89654K (61%)
2 ms. Memory: 146944K Free: 88444K (60%)
2 ms. Memory: 146944K Free: 87234K (59%)
3 ms. Memory: 146944K Free: 86025K (59%)
5 ms. Memory: 146944K Free: 83605K (57%)
/home/travis/build/icyphy/ptII/ptolemy/actor/lib/test/Maximum.tcl
3 ms. Memory: 146944K Free: 82395K (56%)
2 ms. Memory: 146944K Free: 81185K (55%)
2 ms. Memory: 146944K Free: 81185K (55%)
3 ms. Memory: 146944K Free: 80406K (55%)
/home/travis/build/icyphy/ptII/ptolemy/actor/lib/test/Minimum.tcl
4 ms. Memory: 208384K Free: 200117K (96%)
2 ms. Memory: 208384K Free: 200117K (96%)
2 ms. Memory: 208384K Free: 197694K (95%)
2 ms. Memory: 208384K Free: 197694K (95%)
/home/travis/build/icyphy/ptII/ptolemy/actor/lib/test/MultiplyDivide.tcl
5 ms. Memory: 208384K Free: 195271K (94%)
2 ms. Memory: 208384K Free: 195271K (94%)
2 ms. Memory: 208384K Free: 195271K (94%)
3 ms. Memory: 208384K Free: 192848K (93%)
2 ms. Memory: 208384K Free: 192848K (93%)
/home/travis/build/icyphy/ptII/ptolemy/actor/lib/test/OrderedMerge.tcl
Connections changed on port: inputA
Connections changed on port: inputB
Connections changed on port: output
Connections changed on port: output
Connections changed on port: output
Connections changed on port: input
.top. Preinitializing ...
Invoking preinitialize():  .top.OrderedMerge
Called preinitialize()
Invoking preinitialize():  .top.Ramp
Called preinitialize()
Invoking preinitialize():  .top.Ramp2
Called preinitialize()
Invoking preinitialize():  .top.Test
Called preinitialize()
Connections changed on port: inputA
Connections changed on port: output
Connections changed on port: inputB
Connections changed on port: output
Connections changed on port: output
Connections changed on port: input
.top. Finished preinitialize().
Called initialize().
Invoking initialize():  .top.OrderedMerge
Initializing actor: .top.OrderedMerge
Adding a thread: .top.OrderedMerge
Invoking initialize():  .top.Ramp
Initializing actor: .top.Ramp
Adding a thread: .top.Ramp
Invoking initialize():  .top.Ramp2
Initializing actor: .top.Ramp2
Adding a thread: .top.Ramp2
Invoking initialize():  .top.Test
Initializing actor: .top.Test
Adding a thread: .top.Test
-- Starting thread.
Called initialize()
Called prefire()
Called fire()
-- Starting thread.
Called initialize()
Called prefire()
Called fire()
Called postfire()
Called prefire()
Called fire()
-- Starting thread.
Called initialize()
Called prefire()
Called fire()
Called postfire()
Called prefire()
Called fire()
Called fire().
Checking for deadlock:
There are 3 Blocked actors, 0 Stopped actors, and 4 active threads.
Waiting for actors to stop.
-- Starting thread.
Called initialize()
Called prefire()
Called fire()
Checking for deadlock:
There are 2 Blocked actors, 0 Stopped actors, and 4 active threads.
Waiting for actors to stop.
Called postfire()
Called prefire()
Called fire()
Checking for deadlock:
There are 3 Blocked actors, 0 Stopped actors, and 4 active threads.
Waiting for actors to stop.
Read input token from inputA with value 0.0
Next port to read input from is inputB
Called postfire()
Called prefire()
Called fire()
Checking for deadlock:
There are 2 Blocked actors, 0 Stopped actors, and 4 active threads.
Waiting for actors to stop.
Called postfire()
Called prefire()
Called fire()
Checking for deadlock:
There are 3 Blocked actors, 0 Stopped actors, and 4 active threads.
Waiting for actors to stop.
Read input token from inputB with value 0.0
Checking for deadlock:
There are 2 Blocked actors, 0 Stopped actors, and 4 active threads.
Waiting for actors to stop.
-- Read input: 0.0, which is expected to match: 0.0
Called prefire()
Called fire()
Checking for deadlock:
There are 3 Blocked actors, 0 Stopped actors, and 4 active threads.
Waiting for actors to stop.
Sent output token with value 0.0
Next port to read input from is inputA
Called postfire()
Called prefire()
Called fire()
Checking for deadlock:
There are 2 Blocked actors, 0 Stopped actors, and 4 active threads.
Waiting for actors to stop.
Called postfire()
Called prefire()
Called fire()
Checking for deadlock:
There are 3 Blocked actors, 0 Stopped actors, and 4 active threads.
Waiting for actors to stop.
Read input token from inputA with value 1.0
Checking for deadlock:
There are 2 Blocked actors, 0 Stopped actors, and 4 active threads.
Waiting for actors to stop.
-- Read input: 0.0, which is expected to match: 0.0
Called prefire()
Called fire()
Checking for deadlock:
There are 3 Blocked actors, 0 Stopped actors, and 4 active threads.
Waiting for actors to stop.
Sent output token with value 0.0
Next port to read input from is inputB
Called postfire()
Called prefire()
Called fire()
Checking for deadlock:
There are 2 Blocked actors, 0 Stopped actors, and 4 active threads.
Waiting for actors to stop.
Called postfire()
Called prefire()
Called fire()
Checking for deadlock:
There are 3 Blocked actors, 0 Stopped actors, and 4 active threads.
Waiting for actors to stop.
Read input token from inputB with value 1.5
Checking for deadlock:
There are 2 Blocked actors, 0 Stopped actors, and 4 active threads.
Waiting for actors to stop.
-- Read input: 1.0, which is expected to match: 1.0
Called prefire()
Called fire()
Checking for deadlock:
There are 3 Blocked actors, 0 Stopped actors, and 4 active threads.
Waiting for actors to stop.
Sent output token with value 1.0
Next port to read input from is inputA
Called postfire()
Called prefire()
Called fire()
Checking for deadlock:
There are 2 Blocked actors, 0 Stopped actors, and 4 active threads.
Waiting for actors to stop.
Called postfire()
Called prefire()
Called fire()
Checking for deadlock:
There are 3 Blocked actors, 0 Stopped actors, and 4 active threads.
Waiting for actors to stop.
Read input token from inputA with value 2.0
Checking for deadlock:
There are 2 Blocked actors, 0 Stopped actors, and 4 active threads.
Waiting for actors to stop.
-- Read input: 1.5, which is expected to match: 1.5
Called prefire()
Called fire()
Checking for deadlock:
There are 3 Blocked actors, 0 Stopped actors, and 4 active threads.
Waiting for actors to stop.
Sent output token with value 1.5
Next port to read input from is inputB
Called postfire()
Called prefire()
Called fire()
Checking for deadlock:
There are 2 Blocked actors, 0 Stopped actors, and 4 active threads.
Waiting for actors to stop.
Called postfire()
Called prefire()
Called fire()
Checking for deadlock:
There are 3 Blocked actors, 0 Stopped actors, and 4 active threads.
Waiting for actors to stop.
Read input token from inputB with value 3.0
Checking for deadlock:
There are 2 Blocked actors, 0 Stopped actors, and 4 active threads.
Waiting for actors to stop.
-- Read input: 2.0, which is expected to match: 2.0
Called prefire()
Called fire()
Checking for deadlock:
There are 3 Blocked actors, 0 Stopped actors, and 4 active threads.
Waiting for actors to stop.
Sent output token with value 2.0
Next port to read input from is inputA
Called postfire()
Called prefire()
Called fire()
Checking for deadlock:
There are 2 Blocked actors, 0 Stopped actors, and 4 active threads.
Waiting for actors to stop.
Called postfire()
Called prefire()
Called fire()
Checking for deadlock:
There are 3 Blocked actors, 0 Stopped actors, and 4 active threads.
Waiting for actors to stop.
Read input token from inputA with value 3.0
Checking for deadlock:
There are 2 Blocked actors, 0 Stopped actors, and 4 active threads.
Waiting for actors to stop.
-- Read input: 3.0, which is expected to match: 3.0
Called prefire()
Called fire()
Checking for deadlock:
There are 3 Blocked actors, 0 Stopped actors, and 4 active threads.
Waiting for actors to stop.
Sent output token with value 3.0
Next port to read input from is inputB
Called postfire()
Called prefire()
Called fire()
Checking for deadlock:
There are 2 Blocked actors, 0 Stopped actors, and 4 active threads.
Waiting for actors to stop.
Called postfire()
Called prefire()
Called fire()
Checking for deadlock:
There are 3 Blocked actors, 0 Stopped actors, and 4 active threads.
Waiting for actors to stop.
Read input token from inputB with value 4.5
Checking for deadlock:
There are 2 Blocked actors, 0 Stopped actors, and 4 active threads.
Waiting for actors to stop.
-- Read input: 3.0, which is expected to match: 3.0
Called prefire()
Called fire()
Checking for deadlock:
There are 3 Blocked actors, 0 Stopped actors, and 4 active threads.
Waiting for actors to stop.
Sent output token with value 3.0
Next port to read input from is inputA
Called postfire()
Called prefire()
Called fire()
Checking for deadlock:
There are 2 Blocked actors, 0 Stopped actors, and 4 active threads.
Waiting for actors to stop.
Called postfire()
Called prefire()
Called fire()
Checking for deadlock:
There are 3 Blocked actors, 0 Stopped actors, and 4 active threads.
Waiting for actors to stop.
Read input token from inputA with value 4.0
Checking for deadlock:
There are 2 Blocked actors, 0 Stopped actors, and 4 active threads.
Waiting for actors to stop.
-- Read input: 4.0, which is expected to match: 4.0
Called prefire()
Called fire()
Past the end of training data. Read and discard all inputs.
Checking for deadlock:
There are 3 Blocked actors, 0 Stopped actors, and 4 active threads.
Waiting for actors to stop.
Sent output token with value 4.0
Next port to read input from is inputA
Called postfire()
Called prefire()
Called fire()
Checking for deadlock:
There are 2 Blocked actors, 0 Stopped actors, and 4 active threads.
Waiting for actors to stop.
Called postfire()
Called prefire()
Called fire()
Checking for deadlock:
There are 3 Blocked actors, 0 Stopped actors, and 4 active threads.
Waiting for actors to stop.
Read input token from inputA with value 5.0
Checking for deadlock:
There are 2 Blocked actors, 0 Stopped actors, and 4 active threads.
Waiting for actors to stop.
Called prefire()
Called fire()
Past the end of training data. Read and discard all inputs.
Checking for deadlock:
There are 3 Blocked actors, 0 Stopped actors, and 4 active threads.
Waiting for actors to stop.
Sent output token with value 4.5
Next port to read input from is inputB
Called postfire()
Called prefire()
Called fire()
Checking for deadlock:
There are 2 Blocked actors, 0 Stopped actors, and 4 active threads.
Waiting for actors to stop.
Called postfire()
Called prefire()
Called fire()
Checking for deadlock:
There are 3 Blocked actors, 0 Stopped actors, and 4 active threads.
Waiting for actors to stop.
Read input token from inputB with value 6.0
Checking for deadlock:
There are 2 Blocked actors, 0 Stopped actors, and 4 active threads.
Waiting for actors to stop.
Called prefire()
Called fire()
Past the end of training data. Read and discard all inputs.
Checking for deadlock:
There are 3 Blocked actors, 0 Stopped actors, and 4 active threads.
Waiting for actors to stop.
Sent output token with value 5.0
Next port to read input from is inputA
Called postfire()
Called prefire()
Called fire()
Checking for deadlock:
There are 2 Blocked actors, 0 Stopped actors, and 4 active threads.
Waiting for actors to stop.
Called postfire()
Called prefire()
Called fire()
Checking for deadlock:
There are 3 Blocked actors, 0 Stopped actors, and 4 active threads.
Waiting for actors to stop.
Read input token from inputA with value 6.0
Checking for deadlock:
There are 2 Blocked actors, 0 Stopped actors, and 4 active threads.
Waiting for actors to stop.
Called prefire()
Called fire()
Past the end of training data. Read and discard all inputs.
Checking for deadlock:
There are 3 Blocked actors, 0 Stopped actors, and 4 active threads.
Waiting for actors to stop.
Sent output token with value 6.0
Next port to read input from is inputB
Called postfire()
Called prefire()
Called fire()
Checking for deadlock:
There are 2 Blocked actors, 0 Stopped actors, and 4 active threads.
Waiting for actors to stop.
Called postfire()
Called prefire()
Called fire()
Checking for deadlock:
There are 3 Blocked actors, 0 Stopped actors, and 4 active threads.
Waiting for actors to stop.
Read input token from inputB with value 7.5
Checking for deadlock:
There are 2 Blocked actors, 0 Stopped actors, and 4 active threads.
Waiting for actors to stop.
Called prefire()
Called fire()
Past the end of training data. Read and discard all inputs.
Checking for deadlock:
There are 3 Blocked actors, 0 Stopped actors, and 4 active threads.
Waiting for actors to stop.
Sent output token with value 6.0
Next port to read input from is inputA
Called postfire()
Called prefire()
Called fire()
Checking for deadlock:
There are 2 Blocked actors, 0 Stopped actors, and 4 active threads.
Waiting for actors to stop.
Called postfire()
Called prefire()
Called fire()
Checking for deadlock:
There are 3 Blocked actors, 0 Stopped actors, and 4 active threads.
Waiting for actors to stop.
Read input token from inputA with value 7.0
Checking for deadlock:
There are 2 Blocked actors, 0 Stopped actors, and 4 active threads.
Waiting for actors to stop.
Called prefire()
Called fire()
Past the end of training data. Read and discard all inputs.
Checking for deadlock:
There are 3 Blocked actors, 0 Stopped actors, and 4 active threads.
Waiting for actors to stop.
Sent output token with value 7.0
Next port to read input from is inputA
Called postfire()
Called prefire()
Called fire()
Checking for deadlock:
There are 2 Blocked actors, 0 Stopped actors, and 4 active threads.
Waiting for actors to stop.
-- Thread wrapup() called.
Called wrapup()
Thread .top.Ramp is exiting.
-- Thread stopped.
Checking for deadlock:
There are 2 Blocked actors, 0 Stopped actors, and 3 active threads.
Waiting for actors to stop.
Read input token from inputA with value 8.0
Checking for deadlock:
There are 1 Blocked actors, 0 Stopped actors, and 3 active threads.
Waiting for actors to stop.
Called prefire()
Called fire()
Past the end of training data. Read and discard all inputs.
Checking for deadlock:
There are 2 Blocked actors, 0 Stopped actors, and 3 active threads.
Waiting for actors to stop.
Sent output token with value 7.5
Next port to read input from is inputB
Called postfire()
Called prefire()
Called fire()
Checking for deadlock:
There are 1 Blocked actors, 0 Stopped actors, and 3 active threads.
Waiting for actors to stop.
Called postfire()
Called prefire()
Called fire()
Checking for deadlock:
There are 2 Blocked actors, 0 Stopped actors, and 3 active threads.
Waiting for actors to stop.
Read input token from inputB with value 9.0
Checking for deadlock:
There are 1 Blocked actors, 0 Stopped actors, and 3 active threads.
Waiting for actors to stop.
Called prefire()
Called fire()
Past the end of training data. Read and discard all inputs.
Checking for deadlock:
There are 2 Blocked actors, 0 Stopped actors, and 3 active threads.
Waiting for actors to stop.
Sent output token with value 8.0
Next port to read input from is inputA
Called postfire()
Called prefire()
Called fire()
Read input token from inputA with value 9.0
Checking for deadlock:
There are 1 Blocked actors, 0 Stopped actors, and 3 active threads.
Waiting for actors to stop.
Called prefire()
Called fire()
Past the end of training data. Read and discard all inputs.
Checking for deadlock:
There are 2 Blocked actors, 0 Stopped actors, and 3 active threads.
Waiting for actors to stop.
Sent output token with value 9.0
Next port to read input from is inputB
Called postfire()
Called prefire()
Called fire()
Checking for deadlock:
There are 1 Blocked actors, 0 Stopped actors, and 3 active threads.
Waiting for actors to stop.
Called postfire()
Called prefire()
Called fire()
Checking for deadlock:
There are 2 Blocked actors, 0 Stopped actors, and 3 active threads.
Waiting for actors to stop.
Read input token from inputB with value 10.5
Checking for deadlock:
There are 1 Blocked actors, 0 Stopped actors, and 3 active threads.
Waiting for actors to stop.
Called prefire()
Called fire()
Past the end of training data. Read and discard all inputs.
Checking for deadlock:
There are 2 Blocked actors, 0 Stopped actors, and 3 active threads.
Waiting for actors to stop.
Sent output token with value 9.0
Next port to read input from is inputA
Called postfire()
Called prefire()
Called fire()
Checking for deadlock:
There are 3 Blocked actors, 0 Stopped actors, and 3 active threads.
Actors have stopped.
Checking for deadlock:
There are 3 Blocked actors, 0 Stopped actors, and 3 active threads.
Deadlock detected.
Resolving Deadlock
Checking for deadlock:
There are 3 Blocked actors, 0 Stopped actors, and 3 active threads.
Artificial Deadlock - increasing queue capacity.
increasing the capacity of receiver ptolemy.actor.TypedIOPort {.top.OrderedMerge.inputB} to 2
Director: Called postfire().
Called postfire().
_stopRequested = false
_stopFireRequested = false
Returning from postfire(): true
Called fire().
Checking for deadlock:
There are 2 Blocked actors, 0 Stopped actors, and 3 active threads.
Waiting for actors to stop.
-- Thread wrapup() called.
Called wrapup()
Thread .top.Ramp2 is exiting.
-- Thread stopped.
Checking for deadlock:
There are 2 Blocked actors, 0 Stopped actors, and 2 active threads.
Actors have stopped.
Checking for deadlock:
There are 2 Blocked actors, 0 Stopped actors, and 2 active threads.
Deadlock detected.
Resolving Deadlock
Checking for deadlock:
There are 2 Blocked actors, 0 Stopped actors, and 2 active threads.
Deadlock detected: no processes blocked on write, but some are blocked on read.
Called postfire().
_stopRequested = false
_stopFireRequested = false
Returning from postfire(): false
Finished deactivating branches.
Called wrapup().
-- Thread wrapup() called.
Called wrapup()
Thread .top.Test is exiting.
-- Thread stopped.
-- Blocked Receiver call threw TerminateProcessException.
-- Thread wrapup() called.
Called wrapup()
Thread .top.OrderedMerge is exiting.
-- Thread stopped.
-- Blocked Receiver call threw TerminateProcessException.
37 ms. Memory: 208384K Free: 185531K (89%)
.top. Preinitializing ...
Invoking preinitialize():  .top.OrderedMerge
Called preinitialize()
Invoking preinitialize():  .top.Ramp
Called preinitialize()
Invoking preinitialize():  .top.Ramp2
Called preinitialize()
Invoking preinitialize():  .top.Test
Called preinitialize()
.top. Finished preinitialize().
Called initialize().
Invoking initialize():  .top.OrderedMerge
Initializing actor: .top.OrderedMerge
Adding a thread: .top.OrderedMerge
Invoking initialize():  .top.Ramp
Initializing actor: .top.Ramp
Adding a thread: .top.Ramp
Invoking initialize():  .top.Ramp2
Initializing actor: .top.Ramp2
Adding a thread: .top.Ramp2
Invoking initialize():  .top.Test
Initializing actor: .top.Test
Adding a thread: .top.Test
-- Starting thread.
Called initialize()
Called prefire()
Called fire()
-- Starting thread.
Called initialize()
Called prefire()
Called fire()
Called postfire()
Called prefire()
Called fire()
-- Starting thread.
Called initialize()
Called prefire()
Called fire()
Called postfire()
Called prefire()
Called fire()
Called fire().
Checking for deadlock:
There are 3 Blocked actors, 0 Stopped actors, and 4 active threads.
Waiting for actors to stop.
-- Starting thread.
Called initialize()
Called prefire()
Called fire()
Read input token from inputA with value 0.0
Next port to read input from is inputB
Called postfire()
Called prefire()
Called fire()
Read input token from inputB with value 0.0
Sent output token with value 0.0
Next port to read input from is inputA
Called postfire()
Called prefire()
Called fire()
Checking for deadlock:
There are 1 Blocked actors, 0 Stopped actors, and 4 active threads.
Waiting for actors to stop.
Called postfire()
Called prefire()
Called fire()
Checking for deadlock:
Called postfire()
There are 0 Blocked actors, 0 Stopped actors, and 4 active threads.
Called prefire()
Waiting for actors to stop.
Called fire()
Called postfire()
Read input token from inputA with value 1.0
Called prefire()
Called fire()
-- Read input: 0.0, which is expected to match: 0.0
Sent output token with value 0.0
Called prefire()
Called fire()
Next port to read input from is inputB
Called postfire()
Called prefire()
Called fire()
-- Read input: 0.0, which is expected to match: 0.0
Called prefire()
Called fire()
Read input token from inputB with value 1.5
Sent output token with value 1.0
Next port to read input from is inputA
Called postfire()
Called prefire()
Called fire()
Read input token from inputA with value 2.0
Checking for deadlock:
There are 1 Blocked actors, 0 Stopped actors, and 4 active threads.
Waiting for actors to stop.
Called postfire()
Called prefire()
Called fire()
-- Read input: 1.0, which is expected to match: 1.0
Checking for deadlock:
There are 1 Blocked actors, 0 Stopped actors, and 4 active threads.
Called prefire()
Waiting for actors to stop.
Called fire()
Sent output token with value 1.5
-- Read input: 1.5, which is expected to match: 1.5
Called prefire()
Called fire()
Next port to read input from is inputB
Called postfire()
Called prefire()
Called fire()
Called postfire()
Called prefire()
Called fire()
Read input token from inputB with value 3.0
Sent output token with value 2.0
Next port to read input from is inputA
Called postfire()
Called prefire()
Called fire()
Read input token from inputA with value 3.0
Checking for deadlock:
There are 1 Blocked actors, 0 Stopped actors, and 4 active threads.
Waiting for actors to stop.
Called postfire()
Called prefire()
Called postfire()
Called fire()
Called prefire()
Called fire()
Checking for deadlock:
There are 2 Blocked actors, 0 Stopped actors, and 4 active threads.
-- Read input: 2.0, which is expected to match: 2.0
Waiting for actors to stop.
Sent output token with value 3.0
Called prefire()
Called fire()
Next port to read input from is inputB
Called postfire()
Called prefire()
Called fire()
-- Read input: 3.0, which is expected to match: 3.0
Read input token from inputB with value 4.5
Called prefire()
Called fire()
Sent output token with value 3.0
Next port to read input from is inputA
Called postfire()
Called prefire()
Called fire()
Read input token from inputA with value 4.0
Checking for deadlock:
There are 1 Blocked actors, 0 Stopped actors, and 4 active threads.
Waiting for actors to stop.
Called postfire()
Called prefire()
Called fire()
-- Read input: 3.0, which is expected to match: 3.0
Called prefire()
Called fire()
Checking for deadlock:
There are 2 Blocked actors, 0 Stopped actors, and 4 active threads.
Called postfire()
Called prefire()
Called fire()
Waiting for actors to stop.
Sent output token with value 4.0
Next port to read input from is inputA
Called postfire()
Called prefire()
Called fire()
Read input token from inputA with value 5.0
Checking for deadlock:
There are 2 Blocked actors, 0 Stopped actors, and 4 active threads.
Waiting for actors to stop.
Called postfire()
Called prefire()
Called fire()
Checking for deadlock:
There are 2 Blocked actors, 0 Stopped actors, and 4 active threads.
Waiting for actors to stop.
-- Read input: 4.0, which is expected to match: 4.0
Called prefire()
Called fire()
Past the end of training data. Read and discard all inputs.
Called prefire()
Called fire()
Past the end of training data. Read and discard all inputs.
Sent output token with value 4.5
Next port to read input from is inputB
Called postfire()
Called prefire()
Called fire()
Read input token from inputB with value 6.0
Sent output token with value 5.0
Next port to read input from is inputA
Called postfire()
Called prefire()
Called fire()
Read input token from inputA with value 6.0
Checking for deadlock:
There are 1 Blocked actors, 0 Stopped actors, and 4 active threads.
Waiting for actors to stop.
Called postfire()
Called prefire()
Called fire()
Called postfire()
Called prefire()
Called fire()
Called prefire()
Checking for deadlock:
Called fire()
There are 2 Blocked actors, 0 Stopped actors, and 4 active threads.
Past the end of training data. Read and discard all inputs.
Waiting for actors to stop.
Sent output token with value 6.0
Next port to read input from is inputB
Called postfire()
Called prefire()
Called fire()
Read input token from inputB with value 7.5
Checking for deadlock:
There are 2 Blocked actors, 0 Stopped actors, and 4 active threads.
Waiting for actors to stop.
Called postfire()
Called prefire()
Called fire()
Called prefire()
Called fire()
Past the end of training data. Read and discard all inputs.
Checking for deadlock:
There are 3 Blocked actors, 0 Stopped actors, and 4 active threads.
Waiting for actors to stop.
Sent output token with value 6.0
Next port to read input from is inputA
Called postfire()
Called prefire()
Called fire()
Read input token from inputA with value 7.0
Checking for deadlock:
There are 2 Blocked actors, 0 Stopped actors, and 4 active threads.
Waiting for actors to stop.
Called prefire()
Called fire()
Past the end of training data. Read and discard all inputs.
Checking for deadlock:
Called postfire()
Called prefire()
There are 2 Blocked actors, 0 Stopped actors, and 4 active threads.
Called fire()
Waiting for actors to stop.
Sent output token with value 7.0
Next port to read input from is inputA
Called postfire()
Called prefire()
Called fire()
Read input token from inputA with value 8.0
Checking for deadlock:
There are 2 Blocked actors, 0 Stopped actors, and 4 active threads.
Waiting for actors to stop.
Checking for deadlock:
Called prefire()
Called fire()
There are 1 Blocked actors, 0 Stopped actors, and 4 active threads.
Past the end of training data. Read and discard all inputs.
Waiting for actors to stop.
-- Thread wrapup() called.
Called wrapup()
Sent output token with value 7.5
Thread .top.Ramp is exiting.
-- Thread stopped.
Next port to read input from is inputB
Called postfire()
Called prefire()
Called fire()
Read input token from inputB with value 9.0
Called prefire()
Called fire()
Past the end of training data. Read and discard all inputs.
Sent output token with value 8.0
Called prefire()
Called fire()
Past the end of training data. Read and discard all inputs.
Next port to read input from is inputA
Called postfire()
Called prefire()
Called fire()
Read input token from inputA with value 9.0
Sent output token with value 9.0
Next port to read input from is inputB
Called postfire()
Called prefire()
Called fire()
Checking for deadlock:
There are 1 Blocked actors, 0 Stopped actors, and 3 active threads.
Waiting for actors to stop.
Called prefire()
Called fire()
Called postfire()
Past the end of training data. Read and discard all inputs.
Called prefire()
Called fire()
Checking for deadlock:
There are 2 Blocked actors, 0 Stopped actors, and 3 active threads.
Waiting for actors to stop.
Checking for deadlock:
There are 1 Blocked actors, 0 Stopped actors, and 3 active threads.
Read input token from inputB with value 10.5
Waiting for actors to stop.
Sent output token with value 9.0
Next port to read input from is inputA
Called postfire()
Called prefire()
Called fire()
Called postfire()
Called prefire()
Called fire()
Checking for deadlock:
There are 2 Blocked actors, 0 Stopped actors, and 3 active threads.
Waiting for actors to stop.
Called prefire()
Called fire()
Past the end of training data. Read and discard all inputs.
Checking for deadlock:
There are 3 Blocked actors, 0 Stopped actors, and 3 active threads.
Actors have stopped.
Checking for deadlock:
There are 3 Blocked actors, 0 Stopped actors, and 3 active threads.
Deadlock detected.
Resolving Deadlock
Checking for deadlock:
There are 3 Blocked actors, 0 Stopped actors, and 3 active threads.
Artificial Deadlock - increasing queue capacity.
increasing the capacity of receiver ptolemy.actor.TypedIOPort {.top.OrderedMerge.inputB} to 2
Director: Called postfire().
Called postfire().
_stopRequested = false
_stopFireRequested = false
Returning from postfire(): true
Called fire().
Checking for deadlock:
There are 2 Blocked actors, 0 Stopped actors, and 3 active threads.
Waiting for actors to stop.
-- Thread wrapup() called.
Called wrapup()
Thread .top.Ramp2 is exiting.
-- Thread stopped.
Checking for deadlock:
There are 2 Blocked actors, 0 Stopped actors, and 2 active threads.
Actors have stopped.
Checking for deadlock:
There are 2 Blocked actors, 0 Stopped actors, and 2 active threads.
Deadlock detected.
Resolving Deadlock
Checking for deadlock:
There are 2 Blocked actors, 0 Stopped actors, and 2 active threads.
Deadlock detected: no processes blocked on write, but some are blocked on read.
Called postfire().
_stopRequested = false
_stopFireRequested = false
Returning from postfire(): false
Finished deactivating branches.
Called wrapup().
-- Thread wrapup() called.
Called wrapup()
Thread .top.Test is exiting.
-- Thread stopped.
-- Blocked Receiver call threw TerminateProcessException.
-- Thread wrapup() called.
Called wrapup()
Thread .top.OrderedMerge is exiting.
-- Thread stopped.
-- Blocked Receiver call threw TerminateProcessException.
50 ms. Memory: 208384K Free: 180636K (87%)
/home/travis/build/icyphy/ptII/ptolemy/actor/lib/test/Publisher.tcl
5 ms. Memory: 208384K Free: 173367K (83%)
12 ms. Memory: 208384K Free: 168522K (81%)
3 ms. Memory: 208384K Free: 163676K (79%)
11 ms. Memory: 208384K Free: 163676K (79%)
3 ms. Memory: 208384K Free: 163676K (79%)
10 ms. Memory: 208384K Free: 161237K (77%)
3 ms. Memory: 208384K Free: 161237K (77%)
3 ms. Memory: 208384K Free: 161237K (77%)
1 ms. Memory: 208384K Free: 151546K (73%)
4 ms. Memory: 208384K Free: 146701K (70%)
2 ms. Memory: 208384K Free: 146701K (70%)
1 ms. Memory: 208384K Free: 144278K (69%)
7 ms. Memory: 208384K Free: 134587K (65%)
5 ms. Memory: 208384K Free: 124896K (60%)
15 ms. Memory: 208384K Free: 112782K (54%)
/home/travis/build/icyphy/ptII/ptolemy/actor/lib/test/Pulse.tcl
5 ms. Memory: 208896K Free: 191887K (92%)
14 ms. Memory: 208896K Free: 191887K (92%)
2 ms. Memory: 208896K Free: 191887K (92%)
1 ms. Memory: 208896K Free: 189505K (91%)
2 ms. Memory: 208896K Free: 189505K (91%)
1 ms. Memory: 208896K Free: 189505K (91%)
2 ms. Memory: 208896K Free: 187138K (90%)
2 ms. Memory: 208896K Free: 187138K (90%)
1 ms. Memory: 208896K Free: 187138K (90%)
/home/travis/build/icyphy/ptII/ptolemy/actor/lib/test/Ramp.tcl
3 ms. Memory: 208896K Free: 184771K (88%)
2 ms. Memory: 208896K Free: 184771K (88%)
2 ms. Memory: 208896K Free: 182389K (87%)
9 ms. Memory: 208896K Free: 182389K (87%)
7 ms. Memory: 208896K Free: 182389K (87%)
16 ms. Memory: 208896K Free: 180014K (86%)
5 ms. Memory: 208896K Free: 180014K (86%)
5 actors
11000 microseconds per iteration to create
17 ms. Memory: 208896K Free: 177631K (85%)
2 ms. Memory: 208896K Free: 177631K (85%)
2 ms. Memory: 208896K Free: 175257K (84%)
2 ms. Memory: 208896K Free: 175257K (84%)
50 actors
64000 microseconds per iteration to create
51 ms. Memory: 208896K Free: 158649K (76%)
5 ms. Memory: 208896K Free: 158649K (76%)
4 ms. Memory: 208896K Free: 158649K (76%)
4 ms. Memory: 208896K Free: 156282K (75%)
500 actors
1375000 microseconds per iteration to create
260 ms. Memory: 330240K Free: 233279K (71%)
36 ms. Memory: 330240K Free: 228513K (69%)
33 ms. Memory: 330240K Free: 223747K (68%)
32 ms. Memory: 330240K Free: 218980K (66%)
/home/travis/build/icyphy/ptII/ptolemy/actor/lib/test/RampContinuous.tcl
7 ms. Memory: 330240K Free: 214198K (65%)
/home/travis/build/icyphy/ptII/ptolemy/actor/lib/test/RecordAssembler.tcl
5 ms. Memory: 330240K Free: 214198K (65%)
4 ms. Memory: 330240K Free: 214198K (65%)
/home/travis/build/icyphy/ptII/ptolemy/actor/lib/test/RecordDisassembler.tcl
5 ms. Memory: 330240K Free: 209432K (63%)
3 ms. Memory: 330240K Free: 209432K (63%)
3 ms. Memory: 330240K Free: 209432K (63%)
/home/travis/build/icyphy/ptII/ptolemy/actor/lib/test/Scale.tcl
3 ms. Memory: 330240K Free: 209432K (63%)
1 ms. Memory: 330240K Free: 209432K (63%)
2 ms. Memory: 330240K Free: 204660K (62%)
2 ms. Memory: 330240K Free: 204660K (62%)
3 ms. Memory: 330240K Free: 204660K (62%)
/home/travis/build/icyphy/ptII/ptolemy/actor/lib/test/SequentialClock.tcl
preinitializing
resolving types
initializing
executing number 1
wrapping up
idle
2 ms. Memory: 330240K Free: 204660K (62%)
Completed execution with 5 iterations
preinitializing
resolving types
initializing
executing number 1
wrapping up
idle
1 ms. Memory: 330240K Free: 204660K (62%)
Completed execution with 5 iterations
preinitializing
resolving types
initializing
executing number 1
wrapping up
idle
1 ms. Memory: 330240K Free: 204660K (62%)
Completed execution with 5 iterations
/home/travis/build/icyphy/ptII/ptolemy/actor/lib/test/SetVariable.tcl
4 ms. Memory: 330240K Free: 199894K (61%)
/home/travis/build/icyphy/ptII/ptolemy/actor/lib/test/Sinewave.tcl
/home/travis/build/icyphy/ptII/ptolemy/actor/lib/test/SubscriptionAggregator.tcl
4 ms. Memory: 330240K Free: 185578K (56%)
2 ms. Memory: 330240K Free: 185578K (56%)
0 ms. Memory: 330240K Free: 185578K (56%)
1 ms. Memory: 330240K Free: 185578K (56%)
1 ms. Memory: 330240K Free: 180812K (55%)
4 ms. Memory: 330240K Free: 180812K (55%)
...............................................................894 ms. Memory: 480256K Free: 203633K (42%)
/home/travis/build/icyphy/ptII/ptolemy/actor/lib/test/Test.tcl
 The next command will produce a warning about training mode,
   which may be ignored.
4 ms. Memory: 480256K Free: 203633K (42%)
3 ms. Memory: 480256K Free: 203633K (42%)
1 ms. Memory: 480256K Free: 203633K (42%)
2 ms. Memory: 480256K Free: 203633K (42%)
3 ms. Memory: 480256K Free: 203633K (42%)
3 ms. Memory: 480256K Free: 203633K (42%)
3 ms. Memory: 480256K Free: 195917K (41%)
 The next command will produce a warning about training mode,
   which may be ignored.
4 ms. Memory: 480256K Free: 195917K (41%)
 The next command will produce a warning about training mode,
   which may be ignored.
12 ms. Memory: 480256K Free: 195917K (41%)
1 ms. Memory: 480256K Free: 195917K (41%)
1 ms. Memory: 480256K Free: 195917K (41%)
2 ms. Memory: 480256K Free: 195917K (41%)
2 ms. Memory: 480256K Free: 195917K (41%)
4 ms. Memory: 480256K Free: 188186K (39%)
/home/travis/build/icyphy/ptII/ptolemy/actor/lib/test/TestExceptionHandler.tcl
 The next command will produce a warning about training mode,
   which may be ignored.
1 ms. Memory: 480256K Free: 188186K (39%)
1 ms. Memory: 480256K Free: 188186K (39%)
5 ms. Memory: 480256K Free: 188186K (39%)
/home/travis/build/icyphy/ptII/ptolemy/actor/lib/test/UnionDisassembler.tcl
32 ms. Memory: 480256K Free: 180471K (38%)
/home/travis/build/icyphy/ptII/ptolemy/actor/lib/test/VariableClock.tcl
preinitializing
resolving types
initializing
executing number 1
wrapping up
idle
4 ms. Memory: 480256K Free: 180471K (38%)
Completed execution with 11 iterations
preinitializing
resolving types
initializing
executing number 1
wrapping up
idle
10 ms. Memory: 480256K Free: 172740K (36%)
Completed execution with 10 iterations
07/07/18 01:31:27
Failed: 0  Total Tests: 234  ((Passed: 234, Newly Passed: 0)  Known Failed: 0) /home/travis/build/icyphy/ptII/ptolemy/actor/lib/test
----------------- testing (KnownFailure) /home/travis/build/icyphy/ptII/ptolemy/actor/lib/test/auto/knownFailedTests/PublisherPortToplevelSubscriber.xml
1 ms. Memory: 480256K Free: 164947K (34%)
Known Failure: java.lang.reflect.InvocationTargetException
----------------- testing (KnownFailure) /home/travis/build/icyphy/ptII/ptolemy/actor/lib/test/auto/knownFailedTests/PublisherSubscriberPortToplevel.xml
0 ms. Memory: 480256K Free: 149362K (31%)
Known Failure: java.lang.reflect.InvocationTargetException
----------------- testing (KnownFailure) /home/travis/build/icyphy/ptII/ptolemy/actor/lib/test/auto/knownFailedTests/PublisherSubscriptionAggregatorPort.xml
2 ms. Memory: 480256K Free: 133776K (28%)
Known Failure: java.lang.reflect.InvocationTargetException
----------------- testing (KnownFailure) /home/travis/build/icyphy/ptII/ptolemy/actor/lib/test/auto/knownFailedTests/sizedarray3.xml
8 ms. Memory: 480256K Free: 118191K (25%)
Known Failure: java.lang.reflect.InvocationTargetException
No auto/linux-amd64/*.xml tests in /home/travis/build/icyphy/ptII/ptolemy/actor/lib/test
AutoTests.java: About to close Vertx.
AutoTests.java: Vertx closed.

===========================================================================================
----------------- testing Sat Jul 07 01:31:28 UTC 2018 /home/travis/build/icyphy/ptII/ptolemy/actor/lib/test/auto/AbsoluteValue.xml
----------------- Instantiating /home/travis/build/icyphy/ptII/ptolemy/actor/lib/test/auto/AbsoluteValue.xml
14 ms. Memory: 480768K Free: 422075K (88%)
----------------- Invoking toplevel() on ptolemy.moml.MoMLSimpleApplication@4362fbe7
----------------- Done invoking toplevel() on ptolemy.moml.MoMLSimpleApplication@4362fbe7
reloadAllAccessors: .AbsoluteValue

===========================================================================================
----------------- testing Sat Jul 07 01:31:28 UTC 2018 /home/travis/build/icyphy/ptII/ptolemy/actor/lib/test/auto/AbsoluteValue2.xml
----------------- Instantiating /home/travis/build/icyphy/ptII/ptolemy/actor/lib/test/auto/AbsoluteValue2.xml
16 ms. Memory: 480768K Free: 407145K (85%)
----------------- Invoking toplevel() on ptolemy.moml.MoMLSimpleApplication@6aafb11c
----------------- Done invoking toplevel() on ptolemy.moml.MoMLSimpleApplication@6aafb11c
reloadAllAccessors: .AbsoluteValue2

===========================================================================================
----------------- testing Sat Jul 07 01:31:28 UTC 2018 /home/travis/build/icyphy/ptII/ptolemy/actor/lib/test/auto/Accumulator.xml
----------------- Instantiating /home/travis/build/icyphy/ptII/ptolemy/actor/lib/test/auto/Accumulator.xml
7 ms. Memory: 480768K Free: 399336K (83%)
----------------- Invoking toplevel() on ptolemy.moml.MoMLSimpleApplication@593a4878
----------------- Done invoking toplevel() on ptolemy.moml.MoMLSimpleApplication@593a4878
reloadAllAccessors: .Accumulator

===========================================================================================
----------------- testing Sat Jul 07 01:31:28 UTC 2018 /home/travis/build/icyphy/ptII/ptolemy/actor/lib/test/auto/Accumulator2.xml
----------------- Instantiating /home/travis/build/icyphy/ptII/ptolemy/actor/lib/test/auto/Accumulator2.xml
15 ms. Memory: 480768K Free: 391528K (81%)
----------------- Invoking toplevel() on ptolemy.moml.MoMLSimpleApplication@57dd635f
----------------- Done invoking toplevel() on ptolemy.moml.MoMLSimpleApplication@57dd635f
reloadAllAccessors: .Accumulator2

===========================================================================================
----------------- testing Sat Jul 07 01:31:28 UTC 2018 /home/travis/build/icyphy/ptII/ptolemy/actor/lib/test/auto/Accumulator3.xml
----------------- Instantiating /home/travis/build/icyphy/ptII/ptolemy/actor/lib/test/auto/Accumulator3.xml
2 ms. Memory: 480768K Free: 379211K (79%)
----------------- Invoking toplevel() on ptolemy.moml.MoMLSimpleApplication@4fb0a129
----------------- Done invoking toplevel() on ptolemy.moml.MoMLSimpleApplication@4fb0a129
reloadAllAccessors: .Accumulator3

===========================================================================================
----------------- testing Sat Jul 07 01:31:28 UTC 2018 /home/travis/build/icyphy/ptII/ptolemy/actor/lib/test/auto/ArrayAppend.xml
----------------- Instantiating /home/travis/build/icyphy/ptII/ptolemy/actor/lib/test/auto/ArrayAppend.xml
7 ms. Memory: 480768K Free: 371402K (77%)
----------------- Invoking toplevel() on ptolemy.moml.MoMLSimpleApplication@6d170fae
----------------- Done invoking toplevel() on ptolemy.moml.MoMLSimpleApplication@6d170fae
reloadAllAccessors: .ArrayAppend

===========================================================================================
----------------- testing Sat Jul 07 01:31:28 UTC 2018 /home/travis/build/icyphy/ptII/ptolemy/actor/lib/test/auto/ArrayAppend2.xml
----------------- Instantiating /home/travis/build/icyphy/ptII/ptolemy/actor/lib/test/auto/ArrayAppend2.xml
304 ms. Memory: 480768K Free: 309045K (64%)
----------------- Invoking toplevel() on ptolemy.moml.MoMLSimpleApplication@775d4610
----------------- Done invoking toplevel() on ptolemy.moml.MoMLSimpleApplication@775d4610
reloadAllAccessors: .ArrayAppend2

===========================================================================================
----------------- testing Sat Jul 07 01:31:28 UTC 2018 /home/travis/build/icyphy/ptII/ptolemy/actor/lib/test/auto/ArrayAppend3.xml
----------------- Instantiating /home/travis/build/icyphy/ptII/ptolemy/actor/lib/test/auto/ArrayAppend3.xml
4 ms. Memory: 480768K Free: 294115K (61%)
----------------- Invoking toplevel() on ptolemy.moml.MoMLSimpleApplication@bfe26c3
----------------- Done invoking toplevel() on ptolemy.moml.MoMLSimpleApplication@bfe26c3
reloadAllAccessors: .ArrayAppend3

===========================================================================================
----------------- testing Sat Jul 07 01:31:29 UTC 2018 /home/travis/build/icyphy/ptII/ptolemy/actor/lib/test/auto/ArrayAppend4.xml
----------------- Instantiating /home/travis/build/icyphy/ptII/ptolemy/actor/lib/test/auto/ArrayAppend4.xml
7 ms. Memory: 480768K Free: 286306K (60%)
----------------- Invoking toplevel() on ptolemy.moml.MoMLSimpleApplication@3f62c3cd
----------------- Done invoking toplevel() on ptolemy.moml.MoMLSimpleApplication@3f62c3cd
reloadAllAccessors: .ArrayAppend4

===========================================================================================
----------------- testing Sat Jul 07 01:31:29 UTC 2018 /home/travis/build/icyphy/ptII/ptolemy/actor/lib/test/auto/ArrayAppend5.xml
----------------- Instantiating /home/travis/build/icyphy/ptII/ptolemy/actor/lib/test/auto/ArrayAppend5.xml
2 ms. Memory: 480768K Free: 278497K (58%)
----------------- Invoking toplevel() on ptolemy.moml.MoMLSimpleApplication@2bba2bcb
----------------- Done invoking toplevel() on ptolemy.moml.MoMLSimpleApplication@2bba2bcb
reloadAllAccessors: .ArrayAppend5

===========================================================================================
----------------- testing Sat Jul 07 01:31:29 UTC 2018 /home/travis/build/icyphy/ptII/ptolemy/actor/lib/test/auto/ArrayAppend6.xml
----------------- Instantiating /home/travis/build/icyphy/ptII/ptolemy/actor/lib/test/auto/ArrayAppend6.xml
4 ms. Memory: 480768K Free: 263567K (55%)
----------------- Invoking toplevel() on ptolemy.moml.MoMLSimpleApplication@6cad89ef
----------------- Done invoking toplevel() on ptolemy.moml.MoMLSimpleApplication@6cad89ef
reloadAllAccessors: .ArrayAppend6

===========================================================================================
----------------- testing Sat Jul 07 01:31:29 UTC 2018 /home/travis/build/icyphy/ptII/ptolemy/actor/lib/test/auto/ArrayAppendPerformanceTest.xml
----------------- Instantiating /home/travis/build/icyphy/ptII/ptolemy/actor/lib/test/auto/ArrayAppendPerformanceTest.xml
25 ms. Memory: 480768K Free: 253161K (53%)
----------------- Invoking toplevel() on ptolemy.moml.MoMLSimpleApplication@1980a7af
----------------- Done invoking toplevel() on ptolemy.moml.MoMLSimpleApplication@1980a7af
reloadAllAccessors: .ArrayAppendPerformanceTest

===========================================================================================
----------------- testing Sat Jul 07 01:31:29 UTC 2018 /home/travis/build/icyphy/ptII/ptolemy/actor/lib/test/auto/ArrayAppendWithEmptyInput.xml
----------------- Instantiating /home/travis/build/icyphy/ptII/ptolemy/actor/lib/test/auto/ArrayAppendWithEmptyInput.xml
16 ms. Memory: 480768K Free: 242739K (50%)
----------------- Invoking toplevel() on ptolemy.moml.MoMLSimpleApplication@27a35baf
----------------- Done invoking toplevel() on ptolemy.moml.MoMLSimpleApplication@27a35baf
reloadAllAccessors: .ArrayAppendWithEmptyInput

===========================================================================================
----------------- testing Sat Jul 07 01:31:29 UTC 2018 /home/travis/build/icyphy/ptII/ptolemy/actor/lib/test/auto/ArrayAverage.xml
----------------- Instantiating /home/travis/build/icyphy/ptII/ptolemy/actor/lib/test/auto/ArrayAverage.xml
5 ms. Memory: 480768K Free: 232332K (48%)
----------------- Invoking toplevel() on ptolemy.moml.MoMLSimpleApplication@34bf4f73
----------------- Done invoking toplevel() on ptolemy.moml.MoMLSimpleApplication@34bf4f73
reloadAllAccessors: .ArrayAverage

===========================================================================================
----------------- testing Sat Jul 07 01:31:29 UTC 2018 /home/travis/build/icyphy/ptII/ptolemy/actor/lib/test/auto/ArrayContains.xml
----------------- Instantiating /home/travis/build/icyphy/ptII/ptolemy/actor/lib/test/auto/ArrayContains.xml
7 ms. Memory: 480768K Free: 217402K (45%)
----------------- Invoking toplevel() on ptolemy.moml.MoMLSimpleApplication@5ffc4224
----------------- Done invoking toplevel() on ptolemy.moml.MoMLSimpleApplication@5ffc4224
reloadAllAccessors: .ArrayContains

===========================================================================================
----------------- testing Sat Jul 07 01:31:29 UTC 2018 /home/travis/build/icyphy/ptII/ptolemy/actor/lib/test/auto/ArrayElement.xml
----------------- Instantiating /home/travis/build/icyphy/ptII/ptolemy/actor/lib/test/auto/ArrayElement.xml
5 ms. Memory: 480768K Free: 209593K (44%)
----------------- Invoking toplevel() on ptolemy.moml.MoMLSimpleApplication@db466d6
----------------- Done invoking toplevel() on ptolemy.moml.MoMLSimpleApplication@db466d6
reloadAllAccessors: .ArrayElement

===========================================================================================
----------------- testing Sat Jul 07 01:31:29 UTC 2018 /home/travis/build/icyphy/ptII/ptolemy/actor/lib/test/auto/ArrayElementAsMatrix.xml
----------------- Instantiating /home/travis/build/icyphy/ptII/ptolemy/actor/lib/test/auto/ArrayElementAsMatrix.xml
32 ms. Memory: 480768K Free: 199187K (41%)
----------------- Invoking toplevel() on ptolemy.moml.MoMLSimpleApplication@2888c68e
----------------- Done invoking toplevel() on ptolemy.moml.MoMLSimpleApplication@2888c68e
reloadAllAccessors: .ArrayElementAsMatrix

===========================================================================================
----------------- testing Sat Jul 07 01:31:29 UTC 2018 /home/travis/build/icyphy/ptII/ptolemy/actor/lib/test/auto/ArrayElementI.xml
----------------- Instantiating /home/travis/build/icyphy/ptII/ptolemy/actor/lib/test/auto/ArrayElementI.xml
3 ms. Memory: 480768K Free: 184265K (38%)
----------------- Invoking toplevel() on ptolemy.moml.MoMLSimpleApplication@b997135
----------------- Done invoking toplevel() on ptolemy.moml.MoMLSimpleApplication@b997135
reloadAllAccessors: .ArrayElementI

===========================================================================================
----------------- testing Sat Jul 07 01:31:29 UTC 2018 /home/travis/build/icyphy/ptII/ptolemy/actor/lib/test/auto/ArrayExtract.xml
----------------- Instantiating /home/travis/build/icyphy/ptII/ptolemy/actor/lib/test/auto/ArrayExtract.xml
12 ms. Memory: 480768K Free: 176472K (37%)
----------------- Invoking toplevel() on ptolemy.moml.MoMLSimpleApplication@1b8a8c89
----------------- Done invoking toplevel() on ptolemy.moml.MoMLSimpleApplication@1b8a8c89
reloadAllAccessors: .ArrayExtract

===========================================================================================
----------------- testing Sat Jul 07 01:31:29 UTC 2018 /home/travis/build/icyphy/ptII/ptolemy/actor/lib/test/auto/ArrayExtract2.xml
----------------- Instantiating /home/travis/build/icyphy/ptII/ptolemy/actor/lib/test/auto/ArrayExtract2.xml
3 ms. Memory: 480768K Free: 168663K (35%)
----------------- Invoking toplevel() on ptolemy.moml.MoMLSimpleApplication@672ff6fc
----------------- Done invoking toplevel() on ptolemy.moml.MoMLSimpleApplication@672ff6fc
reloadAllAccessors: .ArrayExtract2

===========================================================================================
----------------- testing Sat Jul 07 01:31:29 UTC 2018 /home/travis/build/icyphy/ptII/ptolemy/actor/lib/test/auto/ArrayLength.xml
----------------- Instantiating /home/travis/build/icyphy/ptII/ptolemy/actor/lib/test/auto/ArrayLength.xml
2 ms. Memory: 480768K Free: 156346K (33%)
----------------- Invoking toplevel() on ptolemy.moml.MoMLSimpleApplication@35a568af
----------------- Done invoking toplevel() on ptolemy.moml.MoMLSimpleApplication@35a568af
reloadAllAccessors: .ArrayLength

===========================================================================================
----------------- testing Sat Jul 07 01:31:29 UTC 2018 /home/travis/build/icyphy/ptII/ptolemy/actor/lib/test/auto/ArrayLevelCrossing.xml
----------------- Instantiating /home/travis/build/icyphy/ptII/ptolemy/actor/lib/test/auto/ArrayLevelCrossing.xml
3 ms. Memory: 480768K Free: 145908K (30%)
----------------- Invoking toplevel() on ptolemy.moml.MoMLSimpleApplication@d73f298
----------------- Done invoking toplevel() on ptolemy.moml.MoMLSimpleApplication@d73f298
reloadAllAccessors: .ArrayLevelCrossing

===========================================================================================
----------------- testing Sat Jul 07 01:31:29 UTC 2018 /home/travis/build/icyphy/ptII/ptolemy/actor/lib/test/auto/ArrayLevelCrossing2.xml
----------------- Instantiating /home/travis/build/icyphy/ptII/ptolemy/actor/lib/test/auto/ArrayLevelCrossing2.xml
3 ms. Memory: 480768K Free: 138099K (29%)
----------------- Invoking toplevel() on ptolemy.moml.MoMLSimpleApplication@4cefbede
----------------- Done invoking toplevel() on ptolemy.moml.MoMLSimpleApplication@4cefbede
reloadAllAccessors: .ArrayLevelCrossing2

===========================================================================================
----------------- testing Sat Jul 07 01:31:29 UTC 2018 /home/travis/build/icyphy/ptII/ptolemy/actor/lib/test/auto/ArrayPeakSearch.xml
----------------- Instantiating /home/travis/build/icyphy/ptII/ptolemy/actor/lib/test/auto/ArrayPeakSearch.xml
7 ms. Memory: 480768K Free: 120587K (25%)
----------------- Invoking toplevel() on ptolemy.moml.MoMLSimpleApplication@3eeb9c70
----------------- Done invoking toplevel() on ptolemy.moml.MoMLSimpleApplication@3eeb9c70
reloadAllAccessors: .ArrayPeakSearch

===========================================================================================
----------------- testing Sat Jul 07 01:31:29 UTC 2018 /home/travis/build/icyphy/ptII/ptolemy/actor/lib/test/auto/ArrayPeakSearch2.xml
----------------- Instantiating /home/travis/build/icyphy/ptII/ptolemy/actor/lib/test/auto/ArrayPeakSearch2.xml
5 ms. Memory: 480768K Free: 107551K (22%)
----------------- Invoking toplevel() on ptolemy.moml.MoMLSimpleApplication@24d813f9
----------------- Done invoking toplevel() on ptolemy.moml.MoMLSimpleApplication@24d813f9
reloadAllAccessors: .ArrayPeakSearch2

===========================================================================================
----------------- testing Sat Jul 07 01:31:29 UTC 2018 /home/travis/build/icyphy/ptII/ptolemy/actor/lib/test/auto/ArrayPeakSearch3.xml
----------------- Instantiating /home/travis/build/icyphy/ptII/ptolemy/actor/lib/test/auto/ArrayPeakSearch3.xml
7 ms. Memory: 480768K Free: 97145K (20%)
----------------- Invoking toplevel() on ptolemy.moml.MoMLSimpleApplication@8e2017a
----------------- Done invoking toplevel() on ptolemy.moml.MoMLSimpleApplication@8e2017a
reloadAllAccessors: .ArrayPeakSearch3

===========================================================================================
----------------- testing Sat Jul 07 01:31:29 UTC 2018 /home/travis/build/icyphy/ptII/ptolemy/actor/lib/test/auto/ArrayRemoveElement.xml
----------------- Instantiating /home/travis/build/icyphy/ptII/ptolemy/actor/lib/test/auto/ArrayRemoveElement.xml
3 ms. Memory: 480768K Free: 86738K (18%)
----------------- Invoking toplevel() on ptolemy.moml.MoMLSimpleApplication@6007570e
----------------- Done invoking toplevel() on ptolemy.moml.MoMLSimpleApplication@6007570e
reloadAllAccessors: .ArrayRemoveElement

===========================================================================================
----------------- testing Sat Jul 07 01:31:29 UTC 2018 /home/travis/build/icyphy/ptII/ptolemy/actor/lib/test/auto/ArraySort.xml
----------------- Instantiating /home/travis/build/icyphy/ptII/ptolemy/actor/lib/test/auto/ArraySort.xml
4 ms. Memory: 480768K Free: 69210K (14%)
----------------- Invoking toplevel() on ptolemy.moml.MoMLSimpleApplication@67ea4c46
----------------- Done invoking toplevel() on ptolemy.moml.MoMLSimpleApplication@67ea4c46
reloadAllAccessors: .ArraySort

===========================================================================================
----------------- testing Sat Jul 07 01:31:29 UTC 2018 /home/travis/build/icyphy/ptII/ptolemy/actor/lib/test/auto/ArraySum.xml
----------------- Instantiating /home/travis/build/icyphy/ptII/ptolemy/actor/lib/test/auto/ArraySum.xml
2 ms. Memory: 480768K Free: 61402K (13%)
----------------- Invoking toplevel() on ptolemy.moml.MoMLSimpleApplication@5eee3a79
----------------- Done invoking toplevel() on ptolemy.moml.MoMLSimpleApplication@5eee3a79
reloadAllAccessors: .ArraySum

===========================================================================================
----------------- testing Sat Jul 07 01:31:29 UTC 2018 /home/travis/build/icyphy/ptII/ptolemy/actor/lib/test/auto/ArrayToElements.xml
----------------- Instantiating /home/travis/build/icyphy/ptII/ptolemy/actor/lib/test/auto/ArrayToElements.xml
8 ms. Memory: 480768K Free: 53593K (11%)
----------------- Invoking toplevel() on ptolemy.moml.MoMLSimpleApplication@ce3cdf4
----------------- Done invoking toplevel() on ptolemy.moml.MoMLSimpleApplication@ce3cdf4
reloadAllAccessors: .ArrayToElements

===========================================================================================
----------------- testing Sat Jul 07 01:31:30 UTC 2018 /home/travis/build/icyphy/ptII/ptolemy/actor/lib/test/auto/ArrayToMatrix.xml
----------------- Instantiating /home/travis/build/icyphy/ptII/ptolemy/actor/lib/test/auto/ArrayToMatrix.xml
9 ms. Memory: 721920K Free: 653561K (91%)
----------------- Invoking toplevel() on ptolemy.moml.MoMLSimpleApplication@517d3f83
----------------- Done invoking toplevel() on ptolemy.moml.MoMLSimpleApplication@517d3f83
reloadAllAccessors: .ArrayToMatrix

===========================================================================================
----------------- testing Sat Jul 07 01:31:30 UTC 2018 /home/travis/build/icyphy/ptII/ptolemy/actor/lib/test/auto/ArrayUpdate1.xml
----------------- Instantiating /home/travis/build/icyphy/ptII/ptolemy/actor/lib/test/auto/ArrayUpdate1.xml
2 ms. Memory: 721920K Free: 645246K (89%)
----------------- Invoking toplevel() on ptolemy.moml.MoMLSimpleApplication@2ed3ca58
----------------- Done invoking toplevel() on ptolemy.moml.MoMLSimpleApplication@2ed3ca58
reloadAllAccessors: .ArrayUpdate1

===========================================================================================
----------------- testing Sat Jul 07 01:31:30 UTC 2018 /home/travis/build/icyphy/ptII/ptolemy/actor/lib/test/auto/ArrayUpdate2.xml
----------------- Instantiating /home/travis/build/icyphy/ptII/ptolemy/actor/lib/test/auto/ArrayUpdate2.xml
3 ms. Memory: 721920K Free: 636847K (88%)
----------------- Invoking toplevel() on ptolemy.moml.MoMLSimpleApplication@11a2d1e5
----------------- Done invoking toplevel() on ptolemy.moml.MoMLSimpleApplication@11a2d1e5
reloadAllAccessors: .ArrayUpdate2

===========================================================================================
----------------- testing Sat Jul 07 01:31:30 UTC 2018 /home/travis/build/icyphy/ptII/ptolemy/actor/lib/test/auto/ArrayUpdate3.xml
----------------- Instantiating /home/travis/build/icyphy/ptII/ptolemy/actor/lib/test/auto/ArrayUpdate3.xml
2 ms. Memory: 721920K Free: 628532K (87%)
----------------- Invoking toplevel() on ptolemy.moml.MoMLSimpleApplication@3c89e643
----------------- Done invoking toplevel() on ptolemy.moml.MoMLSimpleApplication@3c89e643
reloadAllAccessors: .ArrayUpdate3

===========================================================================================
----------------- testing Sat Jul 07 01:31:30 UTC 2018 /home/travis/build/icyphy/ptII/ptolemy/actor/lib/test/auto/Assert1.xml
----------------- Instantiating /home/travis/build/icyphy/ptII/ptolemy/actor/lib/test/auto/Assert1.xml
2 ms. Memory: 721920K Free: 611940K (85%)
----------------- Invoking toplevel() on ptolemy.moml.MoMLSimpleApplication@29577dbf
----------------- Done invoking toplevel() on ptolemy.moml.MoMLSimpleApplication@29577dbf
reloadAllAccessors: .Assert1

===========================================================================================
----------------- testing Sat Jul 07 01:31:30 UTC 2018 /home/travis/build/icyphy/ptII/ptolemy/actor/lib/test/auto/Assert2.xml
----------------- Instantiating /home/travis/build/icyphy/ptII/ptolemy/actor/lib/test/auto/Assert2.xml
6 ms. Memory: 721920K Free: 603625K (84%)
----------------- Invoking toplevel() on ptolemy.moml.MoMLSimpleApplication@486cf625
----------------- Done invoking toplevel() on ptolemy.moml.MoMLSimpleApplication@486cf625
reloadAllAccessors: .Assert2

===========================================================================================
----------------- testing Sat Jul 07 01:31:30 UTC 2018 /home/travis/build/icyphy/ptII/ptolemy/actor/lib/test/auto/BooleanMultiplexor.xml
----------------- Instantiating /home/travis/build/icyphy/ptII/ptolemy/actor/lib/test/auto/BooleanMultiplexor.xml
2 ms. Memory: 721920K Free: 595310K (82%)
----------------- Invoking toplevel() on ptolemy.moml.MoMLSimpleApplication@64cd8d55
----------------- Done invoking toplevel() on ptolemy.moml.MoMLSimpleApplication@64cd8d55
reloadAllAccessors: .BooleanMultiplexor

===========================================================================================
----------------- testing Sat Jul 07 01:31:30 UTC 2018 /home/travis/build/icyphy/ptII/ptolemy/actor/lib/test/auto/BooleanMultiplexor2.xml
----------------- Instantiating /home/travis/build/icyphy/ptII/ptolemy/actor/lib/test/auto/BooleanMultiplexor2.xml
4 ms. Memory: 721920K Free: 582830K (81%)
----------------- Invoking toplevel() on ptolemy.moml.MoMLSimpleApplication@13a08c0a
----------------- Done invoking toplevel() on ptolemy.moml.MoMLSimpleApplication@13a08c0a
reloadAllAccessors: .BooleanMultiplexor2

===========================================================================================
----------------- testing Sat Jul 07 01:31:30 UTC 2018 /home/travis/build/icyphy/ptII/ptolemy/actor/lib/test/auto/BooleanMultiplexor3.xml
----------------- Instantiating /home/travis/build/icyphy/ptII/ptolemy/actor/lib/test/auto/BooleanMultiplexor3.xml
7 ms. Memory: 721920K Free: 566238K (78%)
----------------- Invoking toplevel() on ptolemy.moml.MoMLSimpleApplication@332aa4bd
----------------- Done invoking toplevel() on ptolemy.moml.MoMLSimpleApplication@332aa4bd
reloadAllAccessors: .BooleanMultiplexor3

===========================================================================================
----------------- testing Sat Jul 07 01:31:30 UTC 2018 /home/travis/build/icyphy/ptII/ptolemy/actor/lib/test/auto/BooleanSelect.xml
----------------- Instantiating /home/travis/build/icyphy/ptII/ptolemy/actor/lib/test/auto/BooleanSelect.xml
7 ms. Memory: 721920K Free: 557923K (77%)
----------------- Invoking toplevel() on ptolemy.moml.MoMLSimpleApplication@a793a48
----------------- Done invoking toplevel() on ptolemy.moml.MoMLSimpleApplication@a793a48
reloadAllAccessors: .BooleanSelect

===========================================================================================
----------------- testing Sat Jul 07 01:31:30 UTC 2018 /home/travis/build/icyphy/ptII/ptolemy/actor/lib/test/auto/BooleanSelect2.xml
----------------- Instantiating /home/travis/build/icyphy/ptII/ptolemy/actor/lib/test/auto/BooleanSelect2.xml
1 ms. Memory: 721920K Free: 549608K (76%)
----------------- Invoking toplevel() on ptolemy.moml.MoMLSimpleApplication@6d890a71
----------------- Done invoking toplevel() on ptolemy.moml.MoMLSimpleApplication@6d890a71
reloadAllAccessors: .BooleanSelect2

===========================================================================================
----------------- testing Sat Jul 07 01:31:30 UTC 2018 /home/travis/build/icyphy/ptII/ptolemy/actor/lib/test/auto/BooleanSwitch.xml
----------------- Instantiating /home/travis/build/icyphy/ptII/ptolemy/actor/lib/test/auto/BooleanSwitch.xml
7 ms. Memory: 721920K Free: 533016K (74%)
----------------- Invoking toplevel() on ptolemy.moml.MoMLSimpleApplication@2b6838bb
----------------- Done invoking toplevel() on ptolemy.moml.MoMLSimpleApplication@2b6838bb
reloadAllAccessors: .BooleanSwitch

===========================================================================================
----------------- testing Sat Jul 07 01:31:30 UTC 2018 /home/travis/build/icyphy/ptII/ptolemy/actor/lib/test/auto/BooleanSwitch2.xml
----------------- Instantiating /home/travis/build/icyphy/ptII/ptolemy/actor/lib/test/auto/BooleanSwitch2.xml
1 ms. Memory: 721920K Free: 524701K (73%)
----------------- Invoking toplevel() on ptolemy.moml.MoMLSimpleApplication@8cb127a
----------------- Done invoking toplevel() on ptolemy.moml.MoMLSimpleApplication@8cb127a
reloadAllAccessors: .BooleanSwitch2

===========================================================================================
----------------- testing Sat Jul 07 01:31:30 UTC 2018 /home/travis/build/icyphy/ptII/ptolemy/actor/lib/test/auto/BooleanSwitchCloningBugWithClassRelationGroup.xml
----------------- Instantiating /home/travis/build/icyphy/ptII/ptolemy/actor/lib/test/auto/BooleanSwitchCloningBugWithClassRelationGroup.xml
2 ms. Memory: 721920K Free: 512213K (71%)
----------------- Invoking toplevel() on ptolemy.moml.MoMLSimpleApplication@1c3d34a7
----------------- Done invoking toplevel() on ptolemy.moml.MoMLSimpleApplication@1c3d34a7
reloadAllAccessors: .BooleanSwitchCloningBugWithClassRelationGroup

===========================================================================================
----------------- testing Sat Jul 07 01:31:30 UTC 2018 /home/travis/build/icyphy/ptII/ptolemy/actor/lib/test/auto/BusActors.xml
----------------- Instantiating /home/travis/build/icyphy/ptII/ptolemy/actor/lib/test/auto/BusActors.xml
3 ms. Memory: 721920K Free: 499733K (69%)
----------------- Invoking toplevel() on ptolemy.moml.MoMLSimpleApplication@66d56333
----------------- Done invoking toplevel() on ptolemy.moml.MoMLSimpleApplication@66d56333
reloadAllAccessors: .BusActors

===========================================================================================
----------------- testing Sat Jul 07 01:31:30 UTC 2018 /home/travis/build/icyphy/ptII/ptolemy/actor/lib/test/auto/ClassWrapper.xml
----------------- Instantiating /home/travis/build/icyphy/ptII/ptolemy/actor/lib/test/auto/ClassWrapper.xml
2 ms. Memory: 721920K Free: 483140K (67%)
----------------- Invoking toplevel() on ptolemy.moml.MoMLSimpleApplication@4ec3848c
----------------- Done invoking toplevel() on ptolemy.moml.MoMLSimpleApplication@4ec3848c
reloadAllAccessors: .ClassWrapper

===========================================================================================
----------------- testing Sat Jul 07 01:31:30 UTC 2018 /home/travis/build/icyphy/ptII/ptolemy/actor/lib/test/auto/Clock.xml
----------------- Instantiating /home/travis/build/icyphy/ptII/ptolemy/actor/lib/test/auto/Clock.xml
1 ms. Memory: 721920K Free: 474825K (66%)
----------------- Invoking toplevel() on ptolemy.moml.MoMLSimpleApplication@5e2b6965
----------------- Done invoking toplevel() on ptolemy.moml.MoMLSimpleApplication@5e2b6965
reloadAllAccessors: .Clock

===========================================================================================
----------------- testing Sat Jul 07 01:31:30 UTC 2018 /home/travis/build/icyphy/ptII/ptolemy/actor/lib/test/auto/Clock10.xml
----------------- Instantiating /home/travis/build/icyphy/ptII/ptolemy/actor/lib/test/auto/Clock10.xml
4 ms. Memory: 721920K Free: 466510K (65%)
----------------- Invoking toplevel() on ptolemy.moml.MoMLSimpleApplication@57a39ca5
----------------- Done invoking toplevel() on ptolemy.moml.MoMLSimpleApplication@57a39ca5
reloadAllAccessors: .Clock10

===========================================================================================
----------------- testing Sat Jul 07 01:31:30 UTC 2018 /home/travis/build/icyphy/ptII/ptolemy/actor/lib/test/auto/Clock11.xml
----------------- Instantiating /home/travis/build/icyphy/ptII/ptolemy/actor/lib/test/auto/Clock11.xml
6 ms. Memory: 721920K Free: 458195K (63%)
----------------- Invoking toplevel() on ptolemy.moml.MoMLSimpleApplication@7b235f2b
----------------- Done invoking toplevel() on ptolemy.moml.MoMLSimpleApplication@7b235f2b
reloadAllAccessors: .Clock11

===========================================================================================
----------------- testing Sat Jul 07 01:31:30 UTC 2018 /home/travis/build/icyphy/ptII/ptolemy/actor/lib/test/auto/Clock12.xml
----------------- Instantiating /home/travis/build/icyphy/ptII/ptolemy/actor/lib/test/auto/Clock12.xml
5 ms. Memory: 721920K Free: 441604K (61%)
----------------- Invoking toplevel() on ptolemy.moml.MoMLSimpleApplication@34840302
----------------- Done invoking toplevel() on ptolemy.moml.MoMLSimpleApplication@34840302
reloadAllAccessors: .Clock12

===========================================================================================
----------------- testing Sat Jul 07 01:31:30 UTC 2018 /home/travis/build/icyphy/ptII/ptolemy/actor/lib/test/auto/Clock13.xml
----------------- Instantiating /home/travis/build/icyphy/ptII/ptolemy/actor/lib/test/auto/Clock13.xml
3 ms. Memory: 721920K Free: 433289K (60%)
----------------- Invoking toplevel() on ptolemy.moml.MoMLSimpleApplication@2fb3ddec
----------------- Done invoking toplevel() on ptolemy.moml.MoMLSimpleApplication@2fb3ddec
reloadAllAccessors: .Clock13

===========================================================================================
----------------- testing Sat Jul 07 01:31:30 UTC 2018 /home/travis/build/icyphy/ptII/ptolemy/actor/lib/test/auto/Clock14.xml
----------------- Instantiating /home/travis/build/icyphy/ptII/ptolemy/actor/lib/test/auto/Clock14.xml
2 ms. Memory: 721920K Free: 424974K (59%)
----------------- Invoking toplevel() on ptolemy.moml.MoMLSimpleApplication@6d5c60e4
----------------- Done invoking toplevel() on ptolemy.moml.MoMLSimpleApplication@6d5c60e4
reloadAllAccessors: .Clock14

===========================================================================================
----------------- testing Sat Jul 07 01:31:30 UTC 2018 /home/travis/build/icyphy/ptII/ptolemy/actor/lib/test/auto/Clock15.xml
----------------- Instantiating /home/travis/build/icyphy/ptII/ptolemy/actor/lib/test/auto/Clock15.xml
2 ms. Memory: 721920K Free: 408382K (57%)
----------------- Invoking toplevel() on ptolemy.moml.MoMLSimpleApplication@5c275f3c
----------------- Done invoking toplevel() on ptolemy.moml.MoMLSimpleApplication@5c275f3c
reloadAllAccessors: .Clock15

===========================================================================================
----------------- testing Sat Jul 07 01:31:30 UTC 2018 /home/travis/build/icyphy/ptII/ptolemy/actor/lib/test/auto/Clock16.xml
----------------- Instantiating /home/travis/build/icyphy/ptII/ptolemy/actor/lib/test/auto/Clock16.xml
40 ms. Memory: 721920K Free: 391736K (54%)
----------------- Invoking toplevel() on ptolemy.moml.MoMLSimpleApplication@3606adc2
----------------- Done invoking toplevel() on ptolemy.moml.MoMLSimpleApplication@3606adc2
reloadAllAccessors: .Clock16

===========================================================================================
----------------- testing Sat Jul 07 01:31:30 UTC 2018 /home/travis/build/icyphy/ptII/ptolemy/actor/lib/test/auto/Clock17.xml
----------------- Instantiating /home/travis/build/icyphy/ptII/ptolemy/actor/lib/test/auto/Clock17.xml
22 ms. Memory: 721920K Free: 375090K (52%)
----------------- Invoking toplevel() on ptolemy.moml.MoMLSimpleApplication@254cec02
----------------- Done invoking toplevel() on ptolemy.moml.MoMLSimpleApplication@254cec02
reloadAllAccessors: .Clock17

===========================================================================================
----------------- testing Sat Jul 07 01:31:30 UTC 2018 /home/travis/build/icyphy/ptII/ptolemy/actor/lib/test/auto/Clock18.xml
----------------- Instantiating /home/travis/build/icyphy/ptII/ptolemy/actor/lib/test/auto/Clock18.xml
23 ms. Memory: 721920K Free: 358444K (50%)
----------------- Invoking toplevel() on ptolemy.moml.MoMLSimpleApplication@7713712
----------------- Done invoking toplevel() on ptolemy.moml.MoMLSimpleApplication@7713712
reloadAllAccessors: .Clock18

===========================================================================================
----------------- testing Sat Jul 07 01:31:30 UTC 2018 /home/travis/build/icyphy/ptII/ptolemy/actor/lib/test/auto/Clock19.xml
----------------- Instantiating /home/travis/build/icyphy/ptII/ptolemy/actor/lib/test/auto/Clock19.xml
17 ms. Memory: 721920K Free: 333505K (46%)
----------------- Invoking toplevel() on ptolemy.moml.MoMLSimpleApplication@1b33f327
----------------- Done invoking toplevel() on ptolemy.moml.MoMLSimpleApplication@1b33f327
reloadAllAccessors: .Clock19

===========================================================================================
----------------- testing Sat Jul 07 01:31:30 UTC 2018 /home/travis/build/icyphy/ptII/ptolemy/actor/lib/test/auto/Clock2.xml
----------------- Instantiating /home/travis/build/icyphy/ptII/ptolemy/actor/lib/test/auto/Clock2.xml
9 ms. Memory: 721920K Free: 325190K (45%)
----------------- Invoking toplevel() on ptolemy.moml.MoMLSimpleApplication@7c0b8ce3
----------------- Done invoking toplevel() on ptolemy.moml.MoMLSimpleApplication@7c0b8ce3
reloadAllAccessors: .Clock2

===========================================================================================
----------------- testing Sat Jul 07 01:31:30 UTC 2018 /home/travis/build/icyphy/ptII/ptolemy/actor/lib/test/auto/Clock20.xml
----------------- Instantiating /home/travis/build/icyphy/ptII/ptolemy/actor/lib/test/auto/Clock20.xml
15 ms. Memory: 721920K Free: 316875K (44%)
----------------- Invoking toplevel() on ptolemy.moml.MoMLSimpleApplication@3d0298f2
----------------- Done invoking toplevel() on ptolemy.moml.MoMLSimpleApplication@3d0298f2
reloadAllAccessors: .Clock20

===========================================================================================
----------------- testing Sat Jul 07 01:31:30 UTC 2018 /home/travis/build/icyphy/ptII/ptolemy/actor/lib/test/auto/Clock21.xml
----------------- Instantiating /home/travis/build/icyphy/ptII/ptolemy/actor/lib/test/auto/Clock21.xml
7 ms. Memory: 721920K Free: 308560K (43%)
----------------- Invoking toplevel() on ptolemy.moml.MoMLSimpleApplication@2a827e60
----------------- Done invoking toplevel() on ptolemy.moml.MoMLSimpleApplication@2a827e60
reloadAllAccessors: .Clock21

===========================================================================================
----------------- testing Sat Jul 07 01:31:31 UTC 2018 /home/travis/build/icyphy/ptII/ptolemy/actor/lib/test/auto/Clock22.xml
----------------- Instantiating /home/travis/build/icyphy/ptII/ptolemy/actor/lib/test/auto/Clock22.xml
7 ms. Memory: 721920K Free: 291968K (40%)
----------------- Invoking toplevel() on ptolemy.moml.MoMLSimpleApplication@31293bf2
----------------- Done invoking toplevel() on ptolemy.moml.MoMLSimpleApplication@31293bf2
reloadAllAccessors: .Clock22

===========================================================================================
----------------- testing Sat Jul 07 01:31:31 UTC 2018 /home/travis/build/icyphy/ptII/ptolemy/actor/lib/test/auto/Clock23.xml
----------------- Instantiating /home/travis/build/icyphy/ptII/ptolemy/actor/lib/test/auto/Clock23.xml
8 ms. Memory: 721920K Free: 283653K (39%)
----------------- Invoking toplevel() on ptolemy.moml.MoMLSimpleApplication@56bc3a88
----------------- Done invoking toplevel() on ptolemy.moml.MoMLSimpleApplication@56bc3a88
reloadAllAccessors: .Clock23

===========================================================================================
----------------- testing Sat Jul 07 01:31:31 UTC 2018 /home/travis/build/icyphy/ptII/ptolemy/actor/lib/test/auto/Clock24.xml
----------------- Instantiating /home/travis/build/icyphy/ptII/ptolemy/actor/lib/test/auto/Clock24.xml
7 ms. Memory: 721920K Free: 275338K (38%)
----------------- Invoking toplevel() on ptolemy.moml.MoMLSimpleApplication@22f19e08
----------------- Done invoking toplevel() on ptolemy.moml.MoMLSimpleApplication@22f19e08
reloadAllAccessors: .Clock24

===========================================================================================
----------------- testing Sat Jul 07 01:31:31 UTC 2018 /home/travis/build/icyphy/ptII/ptolemy/actor/lib/test/auto/Clock4.xml
----------------- Instantiating /home/travis/build/icyphy/ptII/ptolemy/actor/lib/test/auto/Clock4.xml
6 ms. Memory: 721920K Free: 267023K (37%)
----------------- Invoking toplevel() on ptolemy.moml.MoMLSimpleApplication@786442db
----------------- Done invoking toplevel() on ptolemy.moml.MoMLSimpleApplication@786442db
reloadAllAccessors: .Clock4

===========================================================================================
----------------- testing Sat Jul 07 01:31:31 UTC 2018 /home/travis/build/icyphy/ptII/ptolemy/actor/lib/test/auto/Clock5.xml
----------------- Instantiating /home/travis/build/icyphy/ptII/ptolemy/actor/lib/test/auto/Clock5.xml
2 ms. Memory: 721920K Free: 250431K (35%)
----------------- Invoking toplevel() on ptolemy.moml.MoMLSimpleApplication@3d8ceabe
----------------- Done invoking toplevel() on ptolemy.moml.MoMLSimpleApplication@3d8ceabe
reloadAllAccessors: .Clock5

===========================================================================================
----------------- testing Sat Jul 07 01:31:31 UTC 2018 /home/travis/build/icyphy/ptII/ptolemy/actor/lib/test/auto/Clock6.xml
----------------- Instantiating /home/travis/build/icyphy/ptII/ptolemy/actor/lib/test/auto/Clock6.xml
2 ms. Memory: 721920K Free: 242116K (34%)
----------------- Invoking toplevel() on ptolemy.moml.MoMLSimpleApplication@3aa38e5e
----------------- Done invoking toplevel() on ptolemy.moml.MoMLSimpleApplication@3aa38e5e
reloadAllAccessors: .Clock6

===========================================================================================
----------------- testing Sat Jul 07 01:31:31 UTC 2018 /home/travis/build/icyphy/ptII/ptolemy/actor/lib/test/auto/Clock7.xml
----------------- Instantiating /home/travis/build/icyphy/ptII/ptolemy/actor/lib/test/auto/Clock7.xml
3 ms. Memory: 721920K Free: 233801K (32%)
----------------- Invoking toplevel() on ptolemy.moml.MoMLSimpleApplication@3cb9e0e2
----------------- Done invoking toplevel() on ptolemy.moml.MoMLSimpleApplication@3cb9e0e2
reloadAllAccessors: .Clock7

===========================================================================================
----------------- testing Sat Jul 07 01:31:31 UTC 2018 /home/travis/build/icyphy/ptII/ptolemy/actor/lib/test/auto/Clock8.xml
----------------- Instantiating /home/travis/build/icyphy/ptII/ptolemy/actor/lib/test/auto/Clock8.xml
7 ms. Memory: 721920K Free: 217209K (30%)
----------------- Invoking toplevel() on ptolemy.moml.MoMLSimpleApplication@31ca1bb1
----------------- Done invoking toplevel() on ptolemy.moml.MoMLSimpleApplication@31ca1bb1
reloadAllAccessors: .Clock8

===========================================================================================
----------------- testing Sat Jul 07 01:31:31 UTC 2018 /home/travis/build/icyphy/ptII/ptolemy/actor/lib/test/auto/Clock9.xml
----------------- Instantiating /home/travis/build/icyphy/ptII/ptolemy/actor/lib/test/auto/Clock9.xml
8 ms. Memory: 721920K Free: 208894K (29%)
----------------- Invoking toplevel() on ptolemy.moml.MoMLSimpleApplication@2db6be6e
----------------- Done invoking toplevel() on ptolemy.moml.MoMLSimpleApplication@2db6be6e
reloadAllAccessors: .Clock9

===========================================================================================
----------------- testing Sat Jul 07 01:31:31 UTC 2018 /home/travis/build/icyphy/ptII/ptolemy/actor/lib/test/auto/CommDistDiscard.xml
----------------- Instantiating /home/travis/build/icyphy/ptII/ptolemy/actor/lib/test/auto/CommDistDiscard.xml
5 ms. Memory: 721920K Free: 200579K (28%)
----------------- Invoking toplevel() on ptolemy.moml.MoMLSimpleApplication@7edcb068
----------------- Done invoking toplevel() on ptolemy.moml.MoMLSimpleApplication@7edcb068
reloadAllAccessors: .CommDistDiscard

===========================================================================================
----------------- testing Sat Jul 07 01:31:31 UTC 2018 /home/travis/build/icyphy/ptII/ptolemy/actor/lib/test/auto/Commutator.xml
----------------- Instantiating /home/travis/build/icyphy/ptII/ptolemy/actor/lib/test/auto/Commutator.xml
2 ms. Memory: 721920K Free: 192265K (27%)
----------------- Invoking toplevel() on ptolemy.moml.MoMLSimpleApplication@1a3a438b
----------------- Done invoking toplevel() on ptolemy.moml.MoMLSimpleApplication@1a3a438b
reloadAllAccessors: .Commutator

===========================================================================================
----------------- testing Sat Jul 07 01:31:31 UTC 2018 /home/travis/build/icyphy/ptII/ptolemy/actor/lib/test/auto/Commutator2.xml
----------------- Instantiating /home/travis/build/icyphy/ptII/ptolemy/actor/lib/test/auto/Commutator2.xml
2 ms. Memory: 721920K Free: 175673K (24%)
----------------- Invoking toplevel() on ptolemy.moml.MoMLSimpleApplication@f0faa70
----------------- Done invoking toplevel() on ptolemy.moml.MoMLSimpleApplication@f0faa70
reloadAllAccessors: .Commutator2

===========================================================================================
----------------- testing Sat Jul 07 01:31:31 UTC 2018 /home/travis/build/icyphy/ptII/ptolemy/actor/lib/test/auto/Commutator3.xml
----------------- Instantiating /home/travis/build/icyphy/ptII/ptolemy/actor/lib/test/auto/Commutator3.xml
2 ms. Memory: 721920K Free: 167358K (23%)
----------------- Invoking toplevel() on ptolemy.moml.MoMLSimpleApplication@d08b7de
----------------- Done invoking toplevel() on ptolemy.moml.MoMLSimpleApplication@d08b7de
reloadAllAccessors: .Commutator3

===========================================================================================
----------------- testing Sat Jul 07 01:31:31 UTC 2018 /home/travis/build/icyphy/ptII/ptolemy/actor/lib/test/auto/Compare.xml
----------------- Instantiating /home/travis/build/icyphy/ptII/ptolemy/actor/lib/test/auto/Compare.xml
2 ms. Memory: 721920K Free: 154869K (21%)
----------------- Invoking toplevel() on ptolemy.moml.MoMLSimpleApplication@7cfd7805
----------------- Done invoking toplevel() on ptolemy.moml.MoMLSimpleApplication@7cfd7805
reloadAllAccessors: .Compare

===========================================================================================
----------------- testing Sat Jul 07 01:31:31 UTC 2018 /home/travis/build/icyphy/ptII/ptolemy/actor/lib/test/auto/CompareDE.xml
----------------- Instantiating /home/travis/build/icyphy/ptII/ptolemy/actor/lib/test/auto/CompareDE.xml
5 ms. Memory: 721920K Free: 134104K (19%)
----------------- Invoking toplevel() on ptolemy.moml.MoMLSimpleApplication@43da75eb
----------------- Done invoking toplevel() on ptolemy.moml.MoMLSimpleApplication@43da75eb
reloadAllAccessors: .CompareDE

===========================================================================================
----------------- testing Sat Jul 07 01:31:31 UTC 2018 /home/travis/build/icyphy/ptII/ptolemy/actor/lib/test/auto/ComplexDivide.xml
----------------- Instantiating /home/travis/build/icyphy/ptII/ptolemy/actor/lib/test/auto/ComplexDivide.xml
2 ms. Memory: 721920K Free: 125789K (17%)
----------------- Invoking toplevel() on ptolemy.moml.MoMLSimpleApplication@4b84c2d5
----------------- Done invoking toplevel() on ptolemy.moml.MoMLSimpleApplication@4b84c2d5
reloadAllAccessors: .ComplexDivide

===========================================================================================
----------------- testing Sat Jul 07 01:31:31 UTC 2018 /home/travis/build/icyphy/ptII/ptolemy/actor/lib/test/auto/ComputeHistogram.xml
----------------- Instantiating /home/travis/build/icyphy/ptII/ptolemy/actor/lib/test/auto/ComputeHistogram.xml
42 ms. Memory: 721920K Free: 109135K (15%)
----------------- Invoking toplevel() on ptolemy.moml.MoMLSimpleApplication@7060b0f9
----------------- Done invoking toplevel() on ptolemy.moml.MoMLSimpleApplication@7060b0f9
reloadAllAccessors: .ComputeHistogram

===========================================================================================
----------------- testing Sat Jul 07 01:31:31 UTC 2018 /home/travis/build/icyphy/ptII/ptolemy/actor/lib/test/auto/ConfigurationSelect.xml
----------------- Instantiating /home/travis/build/icyphy/ptII/ptolemy/actor/lib/test/auto/ConfigurationSelect.xml
3 ms. Memory: 721920K Free: 100820K (14%)
----------------- Invoking toplevel() on ptolemy.moml.MoMLSimpleApplication@3c84a3a9
----------------- Done invoking toplevel() on ptolemy.moml.MoMLSimpleApplication@3c84a3a9
reloadAllAccessors: .ConfigurationSelect

===========================================================================================
----------------- testing Sat Jul 07 01:31:31 UTC 2018 /home/travis/build/icyphy/ptII/ptolemy/actor/lib/test/auto/ConfigurationSelect2.xml
----------------- Instantiating /home/travis/build/icyphy/ptII/ptolemy/actor/lib/test/auto/ConfigurationSelect2.xml
2 ms. Memory: 721920K Free: 84228K (12%)
----------------- Invoking toplevel() on ptolemy.moml.MoMLSimpleApplication@35684c1d
----------------- Done invoking toplevel() on ptolemy.moml.MoMLSimpleApplication@35684c1d
reloadAllAccessors: .ConfigurationSelect2

===========================================================================================
----------------- testing Sat Jul 07 01:31:31 UTC 2018 /home/travis/build/icyphy/ptII/ptolemy/actor/lib/test/auto/ConfigurationSwitch.xml
----------------- Instantiating /home/travis/build/icyphy/ptII/ptolemy/actor/lib/test/auto/ConfigurationSwitch.xml
2 ms. Memory: 721920K Free: 75913K (11%)
----------------- Invoking toplevel() on ptolemy.moml.MoMLSimpleApplication@31e98776
----------------- Done invoking toplevel() on ptolemy.moml.MoMLSimpleApplication@31e98776
reloadAllAccessors: .ConfigurationSwitch

===========================================================================================
----------------- testing Sat Jul 07 01:31:31 UTC 2018 /home/travis/build/icyphy/ptII/ptolemy/actor/lib/test/auto/ConfigurationSwitch2.xml
----------------- Instantiating /home/travis/build/icyphy/ptII/ptolemy/actor/lib/test/auto/ConfigurationSwitch2.xml
4 ms. Memory: 721920K Free: 67598K (9%)
----------------- Invoking toplevel() on ptolemy.moml.MoMLSimpleApplication@7da12e95
----------------- Done invoking toplevel() on ptolemy.moml.MoMLSimpleApplication@7da12e95
reloadAllAccessors: .ConfigurationSwitch2

===========================================================================================
----------------- testing Sat Jul 07 01:31:31 UTC 2018 /home/travis/build/icyphy/ptII/ptolemy/actor/lib/test/auto/ConfigurationSwitchCloningBugWithClassRelationGroup.xml
----------------- Instantiating /home/travis/build/icyphy/ptII/ptolemy/actor/lib/test/auto/ConfigurationSwitchCloningBugWithClassRelationGroup.xml
15 ms. Memory: 721920K Free: 679990K (94%)
----------------- Invoking toplevel() on ptolemy.moml.MoMLSimpleApplication@625909d0
----------------- Done invoking toplevel() on ptolemy.moml.MoMLSimpleApplication@625909d0
reloadAllAccessors: .ConfigurationSwitchCloningBugWithClassRelationGroup

===========================================================================================
----------------- testing Sat Jul 07 01:31:31 UTC 2018 /home/travis/build/icyphy/ptII/ptolemy/actor/lib/test/auto/ConfigurationSwitchSelectSDF.xml
----------------- Instantiating /home/travis/build/icyphy/ptII/ptolemy/actor/lib/test/auto/ConfigurationSwitchSelectSDF.xml
5 ms. Memory: 721920K Free: 663422K (92%)
----------------- Invoking toplevel() on ptolemy.moml.MoMLSimpleApplication@75afc2bf
----------------- Done invoking toplevel() on ptolemy.moml.MoMLSimpleApplication@75afc2bf
reloadAllAccessors: .ConfigurationSwitchSelectSDF

===========================================================================================
----------------- testing Sat Jul 07 01:31:31 UTC 2018 /home/travis/build/icyphy/ptII/ptolemy/actor/lib/test/auto/ConfigurationSwitchSelectSDF2.xml
----------------- Instantiating /home/travis/build/icyphy/ptII/ptolemy/actor/lib/test/auto/ConfigurationSwitchSelectSDF2.xml
2 ms. Memory: 721920K Free: 655107K (91%)
----------------- Invoking toplevel() on ptolemy.moml.MoMLSimpleApplication@207c9b9f
----------------- Done invoking toplevel() on ptolemy.moml.MoMLSimpleApplication@207c9b9f
reloadAllAccessors: .ConfigurationSwitchSelectSDF2

===========================================================================================
----------------- testing Sat Jul 07 01:31:31 UTC 2018 /home/travis/build/icyphy/ptII/ptolemy/actor/lib/test/auto/Const.xml
----------------- Instantiating /home/travis/build/icyphy/ptII/ptolemy/actor/lib/test/auto/Const.xml
1 ms. Memory: 721920K Free: 640659K (89%)
----------------- Invoking toplevel() on ptolemy.moml.MoMLSimpleApplication@5aa00275
----------------- Done invoking toplevel() on ptolemy.moml.MoMLSimpleApplication@5aa00275
reloadAllAccessors: .Const

===========================================================================================
----------------- testing Sat Jul 07 01:31:31 UTC 2018 /home/travis/build/icyphy/ptII/ptolemy/actor/lib/test/auto/Const2.xml
----------------- Instantiating /home/travis/build/icyphy/ptII/ptolemy/actor/lib/test/auto/Const2.xml
1 ms. Memory: 721920K Free: 632289K (88%)
----------------- Invoking toplevel() on ptolemy.moml.MoMLSimpleApplication@4bd91a9
----------------- Done invoking toplevel() on ptolemy.moml.MoMLSimpleApplication@4bd91a9
reloadAllAccessors: .Const2

===========================================================================================
----------------- testing Sat Jul 07 01:31:31 UTC 2018 /home/travis/build/icyphy/ptII/ptolemy/actor/lib/test/auto/Const3.xml
----------------- Instantiating /home/travis/build/icyphy/ptII/ptolemy/actor/lib/test/auto/Const3.xml
1 ms. Memory: 721920K Free: 623974K (86%)
----------------- Invoking toplevel() on ptolemy.moml.MoMLSimpleApplication@67d243b
----------------- Done invoking toplevel() on ptolemy.moml.MoMLSimpleApplication@67d243b
reloadAllAccessors: .Const3

===========================================================================================
----------------- testing Sat Jul 07 01:31:31 UTC 2018 /home/travis/build/icyphy/ptII/ptolemy/actor/lib/test/auto/ConstantPublisherPort1.xml
----------------- Instantiating /home/travis/build/icyphy/ptII/ptolemy/actor/lib/test/auto/ConstantPublisherPort1.xml
6 ms. Memory: 721920K Free: 605352K (84%)
----------------- Invoking toplevel() on ptolemy.moml.MoMLSimpleApplication@3bc7be71
----------------- Done invoking toplevel() on ptolemy.moml.MoMLSimpleApplication@3bc7be71
reloadAllAccessors: .ConstantPublisherPort1

===========================================================================================
----------------- testing Sat Jul 07 01:31:31 UTC 2018 /home/travis/build/icyphy/ptII/ptolemy/actor/lib/test/auto/ConstantPublisherPort2.xml
----------------- Instantiating /home/travis/build/icyphy/ptII/ptolemy/actor/lib/test/auto/ConstantPublisherPort2.xml
10 ms. Memory: 721920K Free: 592863K (82%)
----------------- Invoking toplevel() on ptolemy.moml.MoMLSimpleApplication@24e10035
----------------- Done invoking toplevel() on ptolemy.moml.MoMLSimpleApplication@24e10035
reloadAllAccessors: .ConstantPublisherPort2

===========================================================================================
----------------- testing Sat Jul 07 01:31:31 UTC 2018 /home/travis/build/icyphy/ptII/ptolemy/actor/lib/test/auto/ConstantPublisherPort3.xml
----------------- Instantiating /home/travis/build/icyphy/ptII/ptolemy/actor/lib/test/auto/ConstantPublisherPort3.xml
7 ms. Memory: 721920K Free: 580375K (80%)
----------------- Invoking toplevel() on ptolemy.moml.MoMLSimpleApplication@a0fb186
----------------- Done invoking toplevel() on ptolemy.moml.MoMLSimpleApplication@a0fb186
reloadAllAccessors: .ConstantPublisherPort3

===========================================================================================
----------------- testing Sat Jul 07 01:31:31 UTC 2018 /home/travis/build/icyphy/ptII/ptolemy/actor/lib/test/auto/ConstantPublisherPort4.xml
----------------- Instantiating /home/travis/build/icyphy/ptII/ptolemy/actor/lib/test/auto/ConstantPublisherPort4.xml
4 ms. Memory: 721920K Free: 561753K (78%)
----------------- Invoking toplevel() on ptolemy.moml.MoMLSimpleApplication@4f47e6a0
----------------- Done invoking toplevel() on ptolemy.moml.MoMLSimpleApplication@4f47e6a0
reloadAllAccessors: .ConstantPublisherPort4

===========================================================================================
----------------- testing Sat Jul 07 01:31:31 UTC 2018 /home/travis/build/icyphy/ptII/ptolemy/actor/lib/test/auto/ConstantPublisherPort5.xml
----------------- Instantiating /home/travis/build/icyphy/ptII/ptolemy/actor/lib/test/auto/ConstantPublisherPort5.xml
31 ms. Memory: 721920K Free: 540966K (75%)
----------------- Invoking toplevel() on ptolemy.moml.MoMLSimpleApplication@12f991bf
----------------- Done invoking toplevel() on ptolemy.moml.MoMLSimpleApplication@12f991bf
reloadAllAccessors: .ConstantPublisherPort5

===========================================================================================
----------------- testing Sat Jul 07 01:31:31 UTC 2018 /home/travis/build/icyphy/ptII/ptolemy/actor/lib/test/auto/ConstantPublisherPort6.xml
----------------- Instantiating /home/travis/build/icyphy/ptII/ptolemy/actor/lib/test/auto/ConstantPublisherPort6.xml
14 ms. Memory: 721920K Free: 509872K (71%)
----------------- Invoking toplevel() on ptolemy.moml.MoMLSimpleApplication@7f5fb237
----------------- Done invoking toplevel() on ptolemy.moml.MoMLSimpleApplication@7f5fb237
reloadAllAccessors: .ConstantPublisherPort6

===========================================================================================
----------------- testing Sat Jul 07 01:31:31 UTC 2018 /home/travis/build/icyphy/ptII/ptolemy/actor/lib/test/auto/ConstantPublisherPort7.xml
----------------- Instantiating /home/travis/build/icyphy/ptII/ptolemy/actor/lib/test/auto/ConstantPublisherPort7.xml
9 ms. Memory: 721920K Free: 484919K (67%)
----------------- Invoking toplevel() on ptolemy.moml.MoMLSimpleApplication@2bf775f3
----------------- Done invoking toplevel() on ptolemy.moml.MoMLSimpleApplication@2bf775f3
reloadAllAccessors: .ConstantPublisherPort7

===========================================================================================
----------------- testing Sat Jul 07 01:31:31 UTC 2018 /home/travis/build/icyphy/ptII/ptolemy/actor/lib/test/auto/ConstraintMonitor1.xml
----------------- Instantiating /home/travis/build/icyphy/ptII/ptolemy/actor/lib/test/auto/ConstraintMonitor1.xml
6 ms. Memory: 721920K Free: 476604K (66%)
----------------- Invoking toplevel() on ptolemy.moml.MoMLSimpleApplication@4d362bef
----------------- Done invoking toplevel() on ptolemy.moml.MoMLSimpleApplication@4d362bef
reloadAllAccessors: .ConstraintMonitor1

===========================================================================================
----------------- testing Sat Jul 07 01:31:32 UTC 2018 /home/travis/build/icyphy/ptII/ptolemy/actor/lib/test/auto/ConstraintMonitor2.xml
----------------- Instantiating /home/travis/build/icyphy/ptII/ptolemy/actor/lib/test/auto/ConstraintMonitor2.xml
7 ms. Memory: 721920K Free: 462156K (64%)
----------------- Invoking toplevel() on ptolemy.moml.MoMLSimpleApplication@84bf6b3
----------------- Done invoking toplevel() on ptolemy.moml.MoMLSimpleApplication@84bf6b3
reloadAllAccessors: .ConstraintMonitor2

===========================================================================================
----------------- testing Sat Jul 07 01:31:32 UTC 2018 /home/travis/build/icyphy/ptII/ptolemy/actor/lib/test/auto/ConstraintMonitor3.xml
----------------- Instantiating /home/travis/build/icyphy/ptII/ptolemy/actor/lib/test/auto/ConstraintMonitor3.xml
1 ms. Memory: 721920K Free: 453841K (63%)
----------------- Invoking toplevel() on ptolemy.moml.MoMLSimpleApplication@7d911a0d
----------------- Done invoking toplevel() on ptolemy.moml.MoMLSimpleApplication@7d911a0d
reloadAllAccessors: .ConstraintMonitor3

===========================================================================================
----------------- testing Sat Jul 07 01:31:32 UTC 2018 /home/travis/build/icyphy/ptII/ptolemy/actor/lib/test/auto/ConstraintMonitor4.xml
----------------- Instantiating /home/travis/build/icyphy/ptII/ptolemy/actor/lib/test/auto/ConstraintMonitor4.xml
5 ms. Memory: 721920K Free: 445526K (62%)
----------------- Invoking toplevel() on ptolemy.moml.MoMLSimpleApplication@402bd3b3
----------------- Done invoking toplevel() on ptolemy.moml.MoMLSimpleApplication@402bd3b3
reloadAllAccessors: .ConstraintMonitor4

===========================================================================================
----------------- testing Sat Jul 07 01:31:32 UTC 2018 /home/travis/build/icyphy/ptII/ptolemy/actor/lib/test/auto/ConstraintMonitor5.xml
----------------- Instantiating /home/travis/build/icyphy/ptII/ptolemy/actor/lib/test/auto/ConstraintMonitor5.xml
6 ms. Memory: 721920K Free: 431078K (60%)
----------------- Invoking toplevel() on ptolemy.moml.MoMLSimpleApplication@146631f3
----------------- Done invoking toplevel() on ptolemy.moml.MoMLSimpleApplication@146631f3
reloadAllAccessors: .ConstraintMonitor5

===========================================================================================
----------------- testing Sat Jul 07 01:31:32 UTC 2018 /home/travis/build/icyphy/ptII/ptolemy/actor/lib/test/auto/ConstraintMonitor6.xml
----------------- Instantiating /home/travis/build/icyphy/ptII/ptolemy/actor/lib/test/auto/ConstraintMonitor6.xml
7 ms. Memory: 721920K Free: 422763K (59%)
----------------- Invoking toplevel() on ptolemy.moml.MoMLSimpleApplication@1606294e
----------------- Done invoking toplevel() on ptolemy.moml.MoMLSimpleApplication@1606294e
reloadAllAccessors: .ConstraintMonitor6

===========================================================================================
----------------- testing Sat Jul 07 01:31:32 UTC 2018 /home/travis/build/icyphy/ptII/ptolemy/actor/lib/test/auto/ConstraintMonitor7.xml
----------------- Instantiating /home/travis/build/icyphy/ptII/ptolemy/actor/lib/test/auto/ConstraintMonitor7.xml
3 ms. Memory: 721920K Free: 404141K (56%)
----------------- Invoking toplevel() on ptolemy.moml.MoMLSimpleApplication@2144c2b1
----------------- Done invoking toplevel() on ptolemy.moml.MoMLSimpleApplication@2144c2b1
reloadAllAccessors: .ConstraintMonitor7

===========================================================================================
----------------- testing Sat Jul 07 01:31:32 UTC 2018 /home/travis/build/icyphy/ptII/ptolemy/actor/lib/test/auto/ConstraintMonitor8.xml
----------------- Instantiating /home/travis/build/icyphy/ptII/ptolemy/actor/lib/test/auto/ConstraintMonitor8.xml
8 ms. Memory: 721920K Free: 391653K (54%)
----------------- Invoking toplevel() on ptolemy.moml.MoMLSimpleApplication@5efb5e5a
----------------- Done invoking toplevel() on ptolemy.moml.MoMLSimpleApplication@5efb5e5a
reloadAllAccessors: .ConstraintMonitor8

===========================================================================================
----------------- testing Sat Jul 07 01:31:32 UTC 2018 /home/travis/build/icyphy/ptII/ptolemy/actor/lib/test/auto/Counter.xml
----------------- Instantiating /home/travis/build/icyphy/ptII/ptolemy/actor/lib/test/auto/Counter.xml
3 ms. Memory: 721920K Free: 383338K (53%)
----------------- Invoking toplevel() on ptolemy.moml.MoMLSimpleApplication@6aaa7f6f
----------------- Done invoking toplevel() on ptolemy.moml.MoMLSimpleApplication@6aaa7f6f
reloadAllAccessors: .Counter

===========================================================================================
----------------- testing Sat Jul 07 01:31:32 UTC 2018 /home/travis/build/icyphy/ptII/ptolemy/actor/lib/test/auto/CurrentTimeSDF.xml
----------------- Instantiating /home/travis/build/icyphy/ptII/ptolemy/actor/lib/test/auto/CurrentTimeSDF.xml
3 ms. Memory: 721920K Free: 368890K (51%)
----------------- Invoking toplevel() on ptolemy.moml.MoMLSimpleApplication@4d894cff
----------------- Done invoking toplevel() on ptolemy.moml.MoMLSimpleApplication@4d894cff
reloadAllAccessors: .CurrentTimeSDF

===========================================================================================
----------------- testing Sat Jul 07 01:31:32 UTC 2018 /home/travis/build/icyphy/ptII/ptolemy/actor/lib/test/auto/DB.xml
----------------- Instantiating /home/travis/build/icyphy/ptII/ptolemy/actor/lib/test/auto/DB.xml
3 ms. Memory: 721920K Free: 360575K (50%)
----------------- Invoking toplevel() on ptolemy.moml.MoMLSimpleApplication@dfb7ef1
----------------- Done invoking toplevel() on ptolemy.moml.MoMLSimpleApplication@dfb7ef1
reloadAllAccessors: .DB

===========================================================================================
----------------- testing Sat Jul 07 01:31:32 UTC 2018 /home/travis/build/icyphy/ptII/ptolemy/actor/lib/test/auto/DBDE.xml
----------------- Instantiating /home/travis/build/icyphy/ptII/ptolemy/actor/lib/test/auto/DBDE.xml
2 ms. Memory: 721920K Free: 352260K (49%)
----------------- Invoking toplevel() on ptolemy.moml.MoMLSimpleApplication@2bb36c6e
----------------- Done invoking toplevel() on ptolemy.moml.MoMLSimpleApplication@2bb36c6e
reloadAllAccessors: .DBDE

===========================================================================================
----------------- testing Sat Jul 07 01:31:32 UTC 2018 /home/travis/build/icyphy/ptII/ptolemy/actor/lib/test/auto/DateConstructor.xml
----------------- Instantiating /home/travis/build/icyphy/ptII/ptolemy/actor/lib/test/auto/DateConstructor.xml
16 ms. Memory: 721920K Free: 325291K (45%)
----------------- Invoking toplevel() on ptolemy.moml.MoMLSimpleApplication@23ebfa75
----------------- Done invoking toplevel() on ptolemy.moml.MoMLSimpleApplication@23ebfa75
reloadAllAccessors: .DateConstructor

===========================================================================================
----------------- testing Sat Jul 07 01:31:32 UTC 2018 /home/travis/build/icyphy/ptII/ptolemy/actor/lib/test/auto/DelayTime.xml
----------------- Instantiating /home/travis/build/icyphy/ptII/ptolemy/actor/lib/test/auto/DelayTime.xml
2 ms. Memory: 721920K Free: 316976K (44%)
----------------- Invoking toplevel() on ptolemy.moml.MoMLSimpleApplication@642552d3
----------------- Done invoking toplevel() on ptolemy.moml.MoMLSimpleApplication@642552d3
reloadAllAccessors: .DelayTime

===========================================================================================
----------------- testing Sat Jul 07 01:31:32 UTC 2018 /home/travis/build/icyphy/ptII/ptolemy/actor/lib/test/auto/Dictionary1.xml
----------------- Instantiating /home/travis/build/icyphy/ptII/ptolemy/actor/lib/test/auto/Dictionary1.xml
2 ms. Memory: 721920K Free: 302528K (42%)
----------------- Invoking toplevel() on ptolemy.moml.MoMLSimpleApplication@3591278e
----------------- Done invoking toplevel() on ptolemy.moml.MoMLSimpleApplication@3591278e
reloadAllAccessors: .Dictionary1

===========================================================================================
----------------- testing Sat Jul 07 01:31:32 UTC 2018 /home/travis/build/icyphy/ptII/ptolemy/actor/lib/test/auto/Dictionary2.xml
----------------- Instantiating /home/travis/build/icyphy/ptII/ptolemy/actor/lib/test/auto/Dictionary2.xml
1 ms. Memory: 721920K Free: 294213K (41%)
----------------- Invoking toplevel() on ptolemy.moml.MoMLSimpleApplication@4817483b
----------------- Done invoking toplevel() on ptolemy.moml.MoMLSimpleApplication@4817483b
reloadAllAccessors: .Dictionary2

===========================================================================================
----------------- testing Sat Jul 07 01:31:32 UTC 2018 /home/travis/build/icyphy/ptII/ptolemy/actor/lib/test/auto/Dictionary3.xml
----------------- Instantiating /home/travis/build/icyphy/ptII/ptolemy/actor/lib/test/auto/Dictionary3.xml
1 ms. Memory: 721920K Free: 285898K (40%)
----------------- Invoking toplevel() on ptolemy.moml.MoMLSimpleApplication@42f0ba40
----------------- Done invoking toplevel() on ptolemy.moml.MoMLSimpleApplication@42f0ba40
reloadAllAccessors: .Dictionary3

===========================================================================================
----------------- testing Sat Jul 07 01:31:32 UTC 2018 /home/travis/build/icyphy/ptII/ptolemy/actor/lib/test/auto/Dictionary4.xml
----------------- Instantiating /home/travis/build/icyphy/ptII/ptolemy/actor/lib/test/auto/Dictionary4.xml
2 ms. Memory: 721920K Free: 267276K (37%)
----------------- Invoking toplevel() on ptolemy.moml.MoMLSimpleApplication@579babc4
----------------- Done invoking toplevel() on ptolemy.moml.MoMLSimpleApplication@579babc4
reloadAllAccessors: .Dictionary4

===========================================================================================
----------------- testing Sat Jul 07 01:31:32 UTC 2018 /home/travis/build/icyphy/ptII/ptolemy/actor/lib/test/auto/Differential.xml
----------------- Instantiating /home/travis/build/icyphy/ptII/ptolemy/actor/lib/test/auto/Differential.xml
2 ms. Memory: 721920K Free: 258962K (36%)
----------------- Invoking toplevel() on ptolemy.moml.MoMLSimpleApplication@5f5a5f7e
----------------- Done invoking toplevel() on ptolemy.moml.MoMLSimpleApplication@5f5a5f7e
reloadAllAccessors: .Differential

===========================================================================================
----------------- testing Sat Jul 07 01:31:32 UTC 2018 /home/travis/build/icyphy/ptII/ptolemy/actor/lib/test/auto/Director.xml
----------------- Instantiating /home/travis/build/icyphy/ptII/ptolemy/actor/lib/test/auto/Director.xml
2 ms. Memory: 721920K Free: 244513K (34%)
----------------- Invoking toplevel() on ptolemy.moml.MoMLSimpleApplication@5786b4c0
----------------- Done invoking toplevel() on ptolemy.moml.MoMLSimpleApplication@5786b4c0
reloadAllAccessors: .Director

===========================================================================================
----------------- testing Sat Jul 07 01:31:32 UTC 2018 /home/travis/build/icyphy/ptII/ptolemy/actor/lib/test/auto/DiscreteClock.xml
----------------- Instantiating /home/travis/build/icyphy/ptII/ptolemy/actor/lib/test/auto/DiscreteClock.xml
2 ms. Memory: 721920K Free: 236198K (33%)
----------------- Invoking toplevel() on ptolemy.moml.MoMLSimpleApplication@5a4d6f37
----------------- Done invoking toplevel() on ptolemy.moml.MoMLSimpleApplication@5a4d6f37
reloadAllAccessors: .DiscreteClock

===========================================================================================
----------------- testing Sat Jul 07 01:31:32 UTC 2018 /home/travis/build/icyphy/ptII/ptolemy/actor/lib/test/auto/DiscreteClock10.xml
----------------- Instantiating /home/travis/build/icyphy/ptII/ptolemy/actor/lib/test/auto/DiscreteClock10.xml
2 ms. Memory: 721920K Free: 227884K (32%)
----------------- Invoking toplevel() on ptolemy.moml.MoMLSimpleApplication@1857ccb4
----------------- Done invoking toplevel() on ptolemy.moml.MoMLSimpleApplication@1857ccb4
reloadAllAccessors: .DiscreteClock10

===========================================================================================
----------------- testing Sat Jul 07 01:31:32 UTC 2018 /home/travis/build/icyphy/ptII/ptolemy/actor/lib/test/auto/DiscreteClock11.xml
----------------- Instantiating /home/travis/build/icyphy/ptII/ptolemy/actor/lib/test/auto/DiscreteClock11.xml
2 ms. Memory: 721920K Free: 213435K (30%)
----------------- Invoking toplevel() on ptolemy.moml.MoMLSimpleApplication@1c4b58a
----------------- Done invoking toplevel() on ptolemy.moml.MoMLSimpleApplication@1c4b58a
reloadAllAccessors: .DiscreteClock11

===========================================================================================
----------------- testing Sat Jul 07 01:31:32 UTC 2018 /home/travis/build/icyphy/ptII/ptolemy/actor/lib/test/auto/DiscreteClock12.xml
----------------- Instantiating /home/travis/build/icyphy/ptII/ptolemy/actor/lib/test/auto/DiscreteClock12.xml
2 ms. Memory: 721920K Free: 205120K (28%)
----------------- Invoking toplevel() on ptolemy.moml.MoMLSimpleApplication@1d05149
----------------- Done invoking toplevel() on ptolemy.moml.MoMLSimpleApplication@1d05149
reloadAllAccessors: .DiscreteClock12

===========================================================================================
----------------- testing Sat Jul 07 01:31:32 UTC 2018 /home/travis/build/icyphy/ptII/ptolemy/actor/lib/test/auto/DiscreteClock13.xml
----------------- Instantiating /home/travis/build/icyphy/ptII/ptolemy/actor/lib/test/auto/DiscreteClock13.xml
6 ms. Memory: 721920K Free: 196806K (27%)
----------------- Invoking toplevel() on ptolemy.moml.MoMLSimpleApplication@6175bfa4
----------------- Done invoking toplevel() on ptolemy.moml.MoMLSimpleApplication@6175bfa4
reloadAllAccessors: .DiscreteClock13

===========================================================================================
----------------- testing Sat Jul 07 01:31:32 UTC 2018 /home/travis/build/icyphy/ptII/ptolemy/actor/lib/test/auto/DiscreteClock14.xml
----------------- Instantiating /home/travis/build/icyphy/ptII/ptolemy/actor/lib/test/auto/DiscreteClock14.xml
7 ms. Memory: 721920K Free: 182357K (25%)
----------------- Invoking toplevel() on ptolemy.moml.MoMLSimpleApplication@c1fa1bb
----------------- Done invoking toplevel() on ptolemy.moml.MoMLSimpleApplication@c1fa1bb
reloadAllAccessors: .DiscreteClock14

===========================================================================================
----------------- testing Sat Jul 07 01:31:32 UTC 2018 /home/travis/build/icyphy/ptII/ptolemy/actor/lib/test/auto/DiscreteClock15.xml
----------------- Instantiating /home/travis/build/icyphy/ptII/ptolemy/actor/lib/test/auto/DiscreteClock15.xml
7 ms. Memory: 721920K Free: 174042K (24%)
----------------- Invoking toplevel() on ptolemy.moml.MoMLSimpleApplication@2a7809aa
----------------- Done invoking toplevel() on ptolemy.moml.MoMLSimpleApplication@2a7809aa
reloadAllAccessors: .DiscreteClock15

===========================================================================================
----------------- testing Sat Jul 07 01:31:32 UTC 2018 /home/travis/build/icyphy/ptII/ptolemy/actor/lib/test/auto/DiscreteClock16.xml
----------------- Instantiating /home/travis/build/icyphy/ptII/ptolemy/actor/lib/test/auto/DiscreteClock16.xml
15 ms. Memory: 721920K Free: 151263K (21%)
----------------- Invoking toplevel() on ptolemy.moml.MoMLSimpleApplication@716a41f9
----------------- Done invoking toplevel() on ptolemy.moml.MoMLSimpleApplication@716a41f9
reloadAllAccessors: .DiscreteClock16

===========================================================================================
----------------- testing Sat Jul 07 01:31:32 UTC 2018 /home/travis/build/icyphy/ptII/ptolemy/actor/lib/test/auto/DiscreteClock17.xml
----------------- Instantiating /home/travis/build/icyphy/ptII/ptolemy/actor/lib/test/auto/DiscreteClock17.xml
15 ms. Memory: 721920K Free: 134601K (19%)
----------------- Invoking toplevel() on ptolemy.moml.MoMLSimpleApplication@5cb8b6f1
----------------- Done invoking toplevel() on ptolemy.moml.MoMLSimpleApplication@5cb8b6f1
reloadAllAccessors: .DiscreteClock17

===========================================================================================
----------------- testing Sat Jul 07 01:31:32 UTC 2018 /home/travis/build/icyphy/ptII/ptolemy/actor/lib/test/auto/DiscreteClock18.xml
----------------- Instantiating /home/travis/build/icyphy/ptII/ptolemy/actor/lib/test/auto/DiscreteClock18.xml
20 ms. Memory: 721920K Free: 117955K (16%)
----------------- Invoking toplevel() on ptolemy.moml.MoMLSimpleApplication@2191c331
----------------- Done invoking toplevel() on ptolemy.moml.MoMLSimpleApplication@2191c331
reloadAllAccessors: .DiscreteClock18

===========================================================================================
----------------- testing Sat Jul 07 01:31:32 UTC 2018 /home/travis/build/icyphy/ptII/ptolemy/actor/lib/test/auto/DiscreteClock19.xml
----------------- Instantiating /home/travis/build/icyphy/ptII/ptolemy/actor/lib/test/auto/DiscreteClock19.xml
16 ms. Memory: 721920K Free: 95176K (13%)
----------------- Invoking toplevel() on ptolemy.moml.MoMLSimpleApplication@56c38018
----------------- Done invoking toplevel() on ptolemy.moml.MoMLSimpleApplication@56c38018
reloadAllAccessors: .DiscreteClock19

===========================================================================================
----------------- testing Sat Jul 07 01:31:32 UTC 2018 /home/travis/build/icyphy/ptII/ptolemy/actor/lib/test/auto/DiscreteClock2.xml
----------------- Instantiating /home/travis/build/icyphy/ptII/ptolemy/actor/lib/test/auto/DiscreteClock2.xml
3 ms. Memory: 721920K Free: 86861K (12%)
----------------- Invoking toplevel() on ptolemy.moml.MoMLSimpleApplication@7b00f752
----------------- Done invoking toplevel() on ptolemy.moml.MoMLSimpleApplication@7b00f752
reloadAllAccessors: .DiscreteClock2

===========================================================================================
----------------- testing Sat Jul 07 01:31:32 UTC 2018 /home/travis/build/icyphy/ptII/ptolemy/actor/lib/test/auto/DiscreteClock20.xml
----------------- Instantiating /home/travis/build/icyphy/ptII/ptolemy/actor/lib/test/auto/DiscreteClock20.xml
2 ms. Memory: 721920K Free: 78546K (11%)
----------------- Invoking toplevel() on ptolemy.moml.MoMLSimpleApplication@31ec80b8
----------------- Done invoking toplevel() on ptolemy.moml.MoMLSimpleApplication@31ec80b8
reloadAllAccessors: .DiscreteClock20

===========================================================================================
----------------- testing Sat Jul 07 01:31:32 UTC 2018 /home/travis/build/icyphy/ptII/ptolemy/actor/lib/test/auto/DiscreteClock21.xml
----------------- Instantiating /home/travis/build/icyphy/ptII/ptolemy/actor/lib/test/auto/DiscreteClock21.xml
7 ms. Memory: 1116672K Free: 1044780K (94%)
----------------- Invoking toplevel() on ptolemy.moml.MoMLSimpleApplication@121c7bdb
----------------- Done invoking toplevel() on ptolemy.moml.MoMLSimpleApplication@121c7bdb
reloadAllAccessors: .DiscreteClock21

===========================================================================================
----------------- testing Sat Jul 07 01:31:33 UTC 2018 /home/travis/build/icyphy/ptII/ptolemy/actor/lib/test/auto/DiscreteClock22.xml
----------------- Instantiating /home/travis/build/icyphy/ptII/ptolemy/actor/lib/test/auto/DiscreteClock22.xml
2 ms. Memory: 1116672K Free: 1023821K (92%)
----------------- Invoking toplevel() on ptolemy.moml.MoMLSimpleApplication@5691c3b
----------------- Done invoking toplevel() on ptolemy.moml.MoMLSimpleApplication@5691c3b
reloadAllAccessors: .DiscreteClock22

===========================================================================================
----------------- testing Sat Jul 07 01:31:33 UTC 2018 /home/travis/build/icyphy/ptII/ptolemy/actor/lib/test/auto/DiscreteClock23.xml
----------------- Instantiating /home/travis/build/icyphy/ptII/ptolemy/actor/lib/test/auto/DiscreteClock23.xml
2 ms. Memory: 1116672K Free: 1010459K (90%)
----------------- Invoking toplevel() on ptolemy.moml.MoMLSimpleApplication@755e3ae2
----------------- Done invoking toplevel() on ptolemy.moml.MoMLSimpleApplication@755e3ae2
reloadAllAccessors: .DiscreteClock23

===========================================================================================
----------------- testing Sat Jul 07 01:31:33 UTC 2018 /home/travis/build/icyphy/ptII/ptolemy/actor/lib/test/auto/DiscreteClock24.xml
----------------- Instantiating /home/travis/build/icyphy/ptII/ptolemy/actor/lib/test/auto/DiscreteClock24.xml
2 ms. Memory: 1116672K Free: 997154K (89%)
----------------- Invoking toplevel() on ptolemy.moml.MoMLSimpleApplication@560c780b
----------------- Done invoking toplevel() on ptolemy.moml.MoMLSimpleApplication@560c780b
reloadAllAccessors: .DiscreteClock24

===========================================================================================
----------------- testing Sat Jul 07 01:31:33 UTC 2018 /home/travis/build/icyphy/ptII/ptolemy/actor/lib/test/auto/DiscreteClock4.xml
----------------- Instantiating /home/travis/build/icyphy/ptII/ptolemy/actor/lib/test/auto/DiscreteClock4.xml
4 ms. Memory: 1116672K Free: 976195K (87%)
----------------- Invoking toplevel() on ptolemy.moml.MoMLSimpleApplication@52867be2
----------------- Done invoking toplevel() on ptolemy.moml.MoMLSimpleApplication@52867be2
reloadAllAccessors: .DiscreteClock4

===========================================================================================
----------------- testing Sat Jul 07 01:31:33 UTC 2018 /home/travis/build/icyphy/ptII/ptolemy/actor/lib/test/auto/DiscreteClock5.xml
----------------- Instantiating /home/travis/build/icyphy/ptII/ptolemy/actor/lib/test/auto/DiscreteClock5.xml
1 ms. Memory: 1116672K Free: 962889K (86%)
----------------- Invoking toplevel() on ptolemy.moml.MoMLSimpleApplication@766b0482
----------------- Done invoking toplevel() on ptolemy.moml.MoMLSimpleApplication@766b0482
reloadAllAccessors: .DiscreteClock5

===========================================================================================
----------------- testing Sat Jul 07 01:31:33 UTC 2018 /home/travis/build/icyphy/ptII/ptolemy/actor/lib/test/auto/DiscreteClock6.xml
----------------- Instantiating /home/travis/build/icyphy/ptII/ptolemy/actor/lib/test/auto/DiscreteClock6.xml
1 ms. Memory: 1116672K Free: 949584K (85%)
----------------- Invoking toplevel() on ptolemy.moml.MoMLSimpleApplication@4b02484b
----------------- Done invoking toplevel() on ptolemy.moml.MoMLSimpleApplication@4b02484b
reloadAllAccessors: .DiscreteClock6

===========================================================================================
----------------- testing Sat Jul 07 01:31:33 UTC 2018 /home/travis/build/icyphy/ptII/ptolemy/actor/lib/test/auto/DiscreteClock7.xml
----------------- Instantiating /home/travis/build/icyphy/ptII/ptolemy/actor/lib/test/auto/DiscreteClock7.xml
1 ms. Memory: 1116672K Free: 928625K (83%)
----------------- Invoking toplevel() on ptolemy.moml.MoMLSimpleApplication@33c6ed71
----------------- Done invoking toplevel() on ptolemy.moml.MoMLSimpleApplication@33c6ed71
reloadAllAccessors: .DiscreteClock7

===========================================================================================
----------------- testing Sat Jul 07 01:31:33 UTC 2018 /home/travis/build/icyphy/ptII/ptolemy/actor/lib/test/auto/DiscreteClock8.xml
----------------- Instantiating /home/travis/build/icyphy/ptII/ptolemy/actor/lib/test/auto/DiscreteClock8.xml
3 ms. Memory: 1116672K Free: 915320K (82%)
----------------- Invoking toplevel() on ptolemy.moml.MoMLSimpleApplication@2d1b6e52
----------------- Done invoking toplevel() on ptolemy.moml.MoMLSimpleApplication@2d1b6e52
reloadAllAccessors: .DiscreteClock8

===========================================================================================
----------------- testing Sat Jul 07 01:31:33 UTC 2018 /home/travis/build/icyphy/ptII/ptolemy/actor/lib/test/auto/DiscreteClock9.xml
----------------- Instantiating /home/travis/build/icyphy/ptII/ptolemy/actor/lib/test/auto/DiscreteClock9.xml
6 ms. Memory: 1116672K Free: 902015K (81%)
----------------- Invoking toplevel() on ptolemy.moml.MoMLSimpleApplication@3c7e0019
----------------- Done invoking toplevel() on ptolemy.moml.MoMLSimpleApplication@3c7e0019
reloadAllAccessors: .DiscreteClock9

===========================================================================================
----------------- testing Sat Jul 07 01:31:33 UTC 2018 /home/travis/build/icyphy/ptII/ptolemy/actor/lib/test/auto/DisplayArray.xml
----------------- Instantiating /home/travis/build/icyphy/ptII/ptolemy/actor/lib/test/auto/DisplayArray.xml
1 ms. Memory: 1116672K Free: 881056K (79%)
----------------- Invoking toplevel() on ptolemy.moml.MoMLSimpleApplication@40c185ae
----------------- Done invoking toplevel() on ptolemy.moml.MoMLSimpleApplication@40c185ae
reloadAllAccessors: .DisplayArray

===========================================================================================
----------------- testing Sat Jul 07 01:31:33 UTC 2018 /home/travis/build/icyphy/ptII/ptolemy/actor/lib/test/auto/Distributor.xml
----------------- Instantiating /home/travis/build/icyphy/ptII/ptolemy/actor/lib/test/auto/Distributor.xml
2 ms. Memory: 1116672K Free: 867750K (78%)
----------------- Invoking toplevel() on ptolemy.moml.MoMLSimpleApplication@56f3a56f
----------------- Done invoking toplevel() on ptolemy.moml.MoMLSimpleApplication@56f3a56f
reloadAllAccessors: .Distributor

===========================================================================================
----------------- testing Sat Jul 07 01:31:33 UTC 2018 /home/travis/build/icyphy/ptII/ptolemy/actor/lib/test/auto/Distributor2.xml
----------------- Instantiating /home/travis/build/icyphy/ptII/ptolemy/actor/lib/test/auto/Distributor2.xml
1 ms. Memory: 1116672K Free: 854445K (77%)
----------------- Invoking toplevel() on ptolemy.moml.MoMLSimpleApplication@1aa9df4f
----------------- Done invoking toplevel() on ptolemy.moml.MoMLSimpleApplication@1aa9df4f
reloadAllAccessors: .Distributor2

===========================================================================================
----------------- testing Sat Jul 07 01:31:33 UTC 2018 /home/travis/build/icyphy/ptII/ptolemy/actor/lib/test/auto/DownSample.xml
----------------- Instantiating /home/travis/build/icyphy/ptII/ptolemy/actor/lib/test/auto/DownSample.xml
1 ms. Memory: 1116672K Free: 841140K (75%)
----------------- Invoking toplevel() on ptolemy.moml.MoMLSimpleApplication@6aad6d9f
----------------- Done invoking toplevel() on ptolemy.moml.MoMLSimpleApplication@6aad6d9f
reloadAllAccessors: .DownSample

===========================================================================================
----------------- testing Sat Jul 07 01:31:33 UTC 2018 /home/travis/build/icyphy/ptII/ptolemy/actor/lib/test/auto/ElectronicUnitBase1.xml
----------------- Instantiating /home/travis/build/icyphy/ptII/ptolemy/actor/lib/test/auto/ElectronicUnitBase1.xml
17 ms. Memory: 1116672K Free: 806844K (72%)
----------------- Invoking toplevel() on ptolemy.moml.MoMLSimpleApplication@80508c8
----------------- Done invoking toplevel() on ptolemy.moml.MoMLSimpleApplication@80508c8
reloadAllAccessors: .ElectronicUnitBase1

===========================================================================================
----------------- testing Sat Jul 07 01:31:33 UTC 2018 /home/travis/build/icyphy/ptII/ptolemy/actor/lib/test/auto/ElementsToArray.xml
----------------- Instantiating /home/travis/build/icyphy/ptII/ptolemy/actor/lib/test/auto/ElementsToArray.xml
2 ms. Memory: 1116672K Free: 793539K (71%)
----------------- Invoking toplevel() on ptolemy.moml.MoMLSimpleApplication@35ee9ace
----------------- Done invoking toplevel() on ptolemy.moml.MoMLSimpleApplication@35ee9ace
reloadAllAccessors: .ElementsToArray

===========================================================================================
----------------- testing Sat Jul 07 01:31:33 UTC 2018 /home/travis/build/icyphy/ptII/ptolemy/actor/lib/test/auto/Equals.xml
----------------- Instantiating /home/travis/build/icyphy/ptII/ptolemy/actor/lib/test/auto/Equals.xml
3 ms. Memory: 1116672K Free: 780234K (70%)
----------------- Invoking toplevel() on ptolemy.moml.MoMLSimpleApplication@464d3499
----------------- Done invoking toplevel() on ptolemy.moml.MoMLSimpleApplication@464d3499
reloadAllAccessors: .Equals

===========================================================================================
----------------- testing Sat Jul 07 01:31:33 UTC 2018 /home/travis/build/icyphy/ptII/ptolemy/actor/lib/test/auto/Exec.xml
----------------- Instantiating /home/travis/build/icyphy/ptII/ptolemy/actor/lib/test/auto/Exec.xml
11 ms. Memory: 1116672K Free: 742643K (67%)
----------------- Invoking toplevel() on ptolemy.moml.MoMLSimpleApplication@7152c5e5
----------------- Done invoking toplevel() on ptolemy.moml.MoMLSimpleApplication@7152c5e5
reloadAllAccessors: .Exec

===========================================================================================
----------------- testing Sat Jul 07 01:31:33 UTC 2018 /home/travis/build/icyphy/ptII/ptolemy/actor/lib/test/auto/ExecEnvironment.xml
----------------- Instantiating /home/travis/build/icyphy/ptII/ptolemy/actor/lib/test/auto/ExecEnvironment.xml
19 ms. Memory: 1116672K Free: 722685K (65%)
----------------- Invoking toplevel() on ptolemy.moml.MoMLSimpleApplication@79d1c598
----------------- Done invoking toplevel() on ptolemy.moml.MoMLSimpleApplication@79d1c598
reloadAllAccessors: .ExecEnvironment

===========================================================================================
----------------- testing Sat Jul 07 01:31:33 UTC 2018 /home/travis/build/icyphy/ptII/ptolemy/actor/lib/test/auto/ExecNonZeroReturnOutput.xml
----------------- Instantiating /home/travis/build/icyphy/ptII/ptolemy/actor/lib/test/auto/ExecNonZeroReturnOutput.xml
127 ms. Memory: 1116672K Free: 622895K (56%)
----------------- Invoking toplevel() on ptolemy.moml.MoMLSimpleApplication@61e7fab7
----------------- Done invoking toplevel() on ptolemy.moml.MoMLSimpleApplication@61e7fab7
reloadAllAccessors: .ExecNonZeroReturnOutput

===========================================================================================
----------------- testing Sat Jul 07 01:31:34 UTC 2018 /home/travis/build/icyphy/ptII/ptolemy/actor/lib/test/auto/ExecRunDemos.xml
----------------- Instantiating /home/travis/build/icyphy/ptII/ptolemy/actor/lib/test/auto/ExecRunDemos.xml
Finished: 88 ms. Memory: 116224K Free: 100103K (86%)

Finished: 31 ms. Memory: 116224K Free: 96352K (83%)

Finished: 72 ms. Memory: 116224K Free: 96939K (83%)

Finished: 41 ms. Memory: 116224K Free: 98268K (85%)

Finished: 38 ms. Memory: 116224K Free: 99453K (86%)

9755 ms. Memory: 1116672K Free: 515435K (46%)
----------------- Invoking toplevel() on ptolemy.moml.MoMLSimpleApplication@6aa80570
----------------- Done invoking toplevel() on ptolemy.moml.MoMLSimpleApplication@6aa80570
reloadAllAccessors: .ExecRunDemos

===========================================================================================
----------------- testing Sat Jul 07 01:31:43 UTC 2018 /home/travis/build/icyphy/ptII/ptolemy/actor/lib/test/auto/ExecStop.xml
----------------- Instantiating /home/travis/build/icyphy/ptII/ptolemy/actor/lib/test/auto/ExecStop.xml
5014 ms. Memory: 1116672K Free: 335814K (30%)
----------------- Invoking toplevel() on ptolemy.moml.MoMLSimpleApplication@20d43f16
----------------- Done invoking toplevel() on ptolemy.moml.MoMLSimpleApplication@20d43f16
reloadAllAccessors: .ExecStop

===========================================================================================
----------------- testing Sat Jul 07 01:31:48 UTC 2018 /home/travis/build/icyphy/ptII/ptolemy/actor/lib/test/auto/ExecutionTimeSDF.xml
----------------- Instantiating /home/travis/build/icyphy/ptII/ptolemy/actor/lib/test/auto/ExecutionTimeSDF.xml
Fired ExecutionTime: -1684967296
Fired ExecutionTime: 914000000
Fired ExecutionTime: -1175767296
6005 ms. Memory: 1116672K Free: 315848K (28%)
----------------- Invoking toplevel() on ptolemy.moml.MoMLSimpleApplication@5067cedb
----------------- Done invoking toplevel() on ptolemy.moml.MoMLSimpleApplication@5067cedb
reloadAllAccessors: .ExecutionTimeSDF

===========================================================================================
----------------- testing Sat Jul 07 01:31:54 UTC 2018 /home/travis/build/icyphy/ptII/ptolemy/actor/lib/test/auto/Expression1.xml
----------------- Instantiating /home/travis/build/icyphy/ptII/ptolemy/actor/lib/test/auto/Expression1.xml
2 ms. Memory: 1116672K Free: 294889K (26%)
----------------- Invoking toplevel() on ptolemy.moml.MoMLSimpleApplication@fa4c4a1
----------------- Done invoking toplevel() on ptolemy.moml.MoMLSimpleApplication@fa4c4a1
reloadAllAccessors: .Expression1

===========================================================================================
----------------- testing Sat Jul 07 01:31:54 UTC 2018 /home/travis/build/icyphy/ptII/ptolemy/actor/lib/test/auto/Expression10.xml
----------------- Instantiating /home/travis/build/icyphy/ptII/ptolemy/actor/lib/test/auto/Expression10.xml
8 ms. Memory: 1116672K Free: 281584K (25%)
----------------- Invoking toplevel() on ptolemy.moml.MoMLSimpleApplication@45ffc60
----------------- Done invoking toplevel() on ptolemy.moml.MoMLSimpleApplication@45ffc60
reloadAllAccessors: .Expression10

===========================================================================================
----------------- testing Sat Jul 07 01:31:55 UTC 2018 /home/travis/build/icyphy/ptII/ptolemy/actor/lib/test/auto/Expression11.xml
----------------- Instantiating /home/travis/build/icyphy/ptII/ptolemy/actor/lib/test/auto/Expression11.xml
2 ms. Memory: 1116672K Free: 268279K (24%)
----------------- Invoking toplevel() on ptolemy.moml.MoMLSimpleApplication@25f535d1
----------------- Done invoking toplevel() on ptolemy.moml.MoMLSimpleApplication@25f535d1
reloadAllAccessors: .Expression11

===========================================================================================
----------------- testing Sat Jul 07 01:31:55 UTC 2018 /home/travis/build/icyphy/ptII/ptolemy/actor/lib/test/auto/Expression12.xml
----------------- Instantiating /home/travis/build/icyphy/ptII/ptolemy/actor/lib/test/auto/Expression12.xml
3 ms. Memory: 1116672K Free: 254973K (23%)
----------------- Invoking toplevel() on ptolemy.moml.MoMLSimpleApplication@28fe5439
----------------- Done invoking toplevel() on ptolemy.moml.MoMLSimpleApplication@28fe5439
reloadAllAccessors: .Expression12

===========================================================================================
----------------- testing Sat Jul 07 01:31:55 UTC 2018 /home/travis/build/icyphy/ptII/ptolemy/actor/lib/test/auto/Expression13.xml
----------------- Instantiating /home/travis/build/icyphy/ptII/ptolemy/actor/lib/test/auto/Expression13.xml
7 ms. Memory: 1116672K Free: 234015K (21%)
----------------- Invoking toplevel() on ptolemy.moml.MoMLSimpleApplication@76d67ce0
----------------- Done invoking toplevel() on ptolemy.moml.MoMLSimpleApplication@76d67ce0
reloadAllAccessors: .Expression13

===========================================================================================
----------------- testing Sat Jul 07 01:31:55 UTC 2018 /home/travis/build/icyphy/ptII/ptolemy/actor/lib/test/auto/Expression14.xml
----------------- Instantiating /home/travis/build/icyphy/ptII/ptolemy/actor/lib/test/auto/Expression14.xml
4 ms. Memory: 1116672K Free: 220709K (20%)
----------------- Invoking toplevel() on ptolemy.moml.MoMLSimpleApplication@67580d09
----------------- Done invoking toplevel() on ptolemy.moml.MoMLSimpleApplication@67580d09
reloadAllAccessors: .Expression14

===========================================================================================
----------------- testing Sat Jul 07 01:31:55 UTC 2018 /home/travis/build/icyphy/ptII/ptolemy/actor/lib/test/auto/Expression15.xml
----------------- Instantiating /home/travis/build/icyphy/ptII/ptolemy/actor/lib/test/auto/Expression15.xml
2 ms. Memory: 1116672K Free: 200918K (18%)
----------------- Invoking toplevel() on ptolemy.moml.MoMLSimpleApplication@1eccabb5
----------------- Done invoking toplevel() on ptolemy.moml.MoMLSimpleApplication@1eccabb5
reloadAllAccessors: .Expression15

===========================================================================================
----------------- testing Sat Jul 07 01:31:55 UTC 2018 /home/travis/build/icyphy/ptII/ptolemy/actor/lib/test/auto/Expression16.xml
----------------- Instantiating /home/travis/build/icyphy/ptII/ptolemy/actor/lib/test/auto/Expression16.xml
2 ms. Memory: 1116672K Free: 179959K (16%)
----------------- Invoking toplevel() on ptolemy.moml.MoMLSimpleApplication@2c39ed9c
----------------- Done invoking toplevel() on ptolemy.moml.MoMLSimpleApplication@2c39ed9c
reloadAllAccessors: .Expression16

===========================================================================================
----------------- testing Sat Jul 07 01:31:55 UTC 2018 /home/travis/build/icyphy/ptII/ptolemy/actor/lib/test/auto/Expression17.xml
----------------- Instantiating /home/travis/build/icyphy/ptII/ptolemy/actor/lib/test/auto/Expression17.xml
3 ms. Memory: 1116672K Free: 166654K (15%)
----------------- Invoking toplevel() on ptolemy.moml.MoMLSimpleApplication@f462230
----------------- Done invoking toplevel() on ptolemy.moml.MoMLSimpleApplication@f462230
reloadAllAccessors: .Expression17

===========================================================================================
----------------- testing Sat Jul 07 01:31:55 UTC 2018 /home/travis/build/icyphy/ptII/ptolemy/actor/lib/test/auto/Expression18.xml
----------------- Instantiating /home/travis/build/icyphy/ptII/ptolemy/actor/lib/test/auto/Expression18.xml
2 ms. Memory: 1116672K Free: 153349K (14%)
----------------- Invoking toplevel() on ptolemy.moml.MoMLSimpleApplication@7c712ebb
----------------- Done invoking toplevel() on ptolemy.moml.MoMLSimpleApplication@7c712ebb
reloadAllAccessors: .Expression18

===========================================================================================
----------------- testing Sat Jul 07 01:31:55 UTC 2018 /home/travis/build/icyphy/ptII/ptolemy/actor/lib/test/auto/Expression2.xml
----------------- Instantiating /home/travis/build/icyphy/ptII/ptolemy/actor/lib/test/auto/Expression2.xml
3 ms. Memory: 1116672K Free: 132390K (12%)
----------------- Invoking toplevel() on ptolemy.moml.MoMLSimpleApplication@4b5137c8
----------------- Done invoking toplevel() on ptolemy.moml.MoMLSimpleApplication@4b5137c8
reloadAllAccessors: .Expression2

===========================================================================================
----------------- testing Sat Jul 07 01:31:55 UTC 2018 /home/travis/build/icyphy/ptII/ptolemy/actor/lib/test/auto/Expression3.xml
----------------- Instantiating /home/travis/build/icyphy/ptII/ptolemy/actor/lib/test/auto/Expression3.xml
3 ms. Memory: 1116672K Free: 119085K (11%)
----------------- Invoking toplevel() on ptolemy.moml.MoMLSimpleApplication@73e46b68
----------------- Done invoking toplevel() on ptolemy.moml.MoMLSimpleApplication@73e46b68
reloadAllAccessors: .Expression3

===========================================================================================
----------------- testing Sat Jul 07 01:31:55 UTC 2018 /home/travis/build/icyphy/ptII/ptolemy/actor/lib/test/auto/Expression4.xml
----------------- Instantiating /home/travis/build/icyphy/ptII/ptolemy/actor/lib/test/auto/Expression4.xml
4 ms. Memory: 1116672K Free: 105779K (9%)
----------------- Invoking toplevel() on ptolemy.moml.MoMLSimpleApplication@47c6b9f0
----------------- Done invoking toplevel() on ptolemy.moml.MoMLSimpleApplication@47c6b9f0
reloadAllAccessors: .Expression4

===========================================================================================
----------------- testing Sat Jul 07 01:31:55 UTC 2018 /home/travis/build/icyphy/ptII/ptolemy/actor/lib/test/auto/Expression5.xml
----------------- Instantiating /home/travis/build/icyphy/ptII/ptolemy/actor/lib/test/auto/Expression5.xml
4 ms. Memory: 1116672K Free: 92474K (8%)
----------------- Invoking toplevel() on ptolemy.moml.MoMLSimpleApplication@37e31b26
----------------- Done invoking toplevel() on ptolemy.moml.MoMLSimpleApplication@37e31b26
reloadAllAccessors: .Expression5

===========================================================================================
----------------- testing Sat Jul 07 01:31:55 UTC 2018 /home/travis/build/icyphy/ptII/ptolemy/actor/lib/test/auto/Expression6.xml
----------------- Instantiating /home/travis/build/icyphy/ptII/ptolemy/actor/lib/test/auto/Expression6.xml
12 ms. Memory: 1116672K Free: 1070314K (96%)
----------------- Invoking toplevel() on ptolemy.moml.MoMLSimpleApplication@54d0195b
----------------- Done invoking toplevel() on ptolemy.moml.MoMLSimpleApplication@54d0195b
reloadAllAccessors: .Expression6

===========================================================================================
----------------- testing Sat Jul 07 01:31:55 UTC 2018 /home/travis/build/icyphy/ptII/ptolemy/actor/lib/test/auto/Expression7.xml
----------------- Instantiating /home/travis/build/icyphy/ptII/ptolemy/actor/lib/test/auto/Expression7.xml
3 ms. Memory: 1116672K Free: 1051445K (94%)
----------------- Invoking toplevel() on ptolemy.moml.MoMLSimpleApplication@607a035c
----------------- Done invoking toplevel() on ptolemy.moml.MoMLSimpleApplication@607a035c
reloadAllAccessors: .Expression7

===========================================================================================
----------------- testing Sat Jul 07 01:31:55 UTC 2018 /home/travis/build/icyphy/ptII/ptolemy/actor/lib/test/auto/Expression8.xml
----------------- Instantiating /home/travis/build/icyphy/ptII/ptolemy/actor/lib/test/auto/Expression8.xml
4 ms. Memory: 1116672K Free: 1041466K (93%)
----------------- Invoking toplevel() on ptolemy.moml.MoMLSimpleApplication@56bd06e6
----------------- Done invoking toplevel() on ptolemy.moml.MoMLSimpleApplication@56bd06e6
reloadAllAccessors: .Expression8

===========================================================================================
----------------- testing Sat Jul 07 01:31:55 UTC 2018 /home/travis/build/icyphy/ptII/ptolemy/actor/lib/test/auto/Expression9.xml
----------------- Instantiating /home/travis/build/icyphy/ptII/ptolemy/actor/lib/test/auto/Expression9.xml
1 ms. Memory: 1116672K Free: 1025923K (92%)
----------------- Invoking toplevel() on ptolemy.moml.MoMLSimpleApplication@23ffcab2
----------------- Done invoking toplevel() on ptolemy.moml.MoMLSimpleApplication@23ffcab2
reloadAllAccessors: .Expression9

===========================================================================================
----------------- testing Sat Jul 07 01:31:55 UTC 2018 /home/travis/build/icyphy/ptII/ptolemy/actor/lib/test/auto/ExpressionConcatenateArrayType.xml
----------------- Instantiating /home/travis/build/icyphy/ptII/ptolemy/actor/lib/test/auto/ExpressionConcatenateArrayType.xml
2 ms. Memory: 1116672K Free: 1010939K (91%)
----------------- Invoking toplevel() on ptolemy.moml.MoMLSimpleApplication@6e9cd396
----------------- Done invoking toplevel() on ptolemy.moml.MoMLSimpleApplication@6e9cd396
reloadAllAccessors: .ExpressionConcatenateArrayType

===========================================================================================
----------------- testing Sat Jul 07 01:31:55 UTC 2018 /home/travis/build/icyphy/ptII/ptolemy/actor/lib/test/auto/ExpressionConcatenateArrayType2.xml
----------------- Instantiating /home/travis/build/icyphy/ptII/ptolemy/actor/lib/test/auto/ExpressionConcatenateArrayType2.xml
2 ms. Memory: 1116672K Free: 995396K (89%)
----------------- Invoking toplevel() on ptolemy.moml.MoMLSimpleApplication@18ace765
----------------- Done invoking toplevel() on ptolemy.moml.MoMLSimpleApplication@18ace765
reloadAllAccessors: .ExpressionConcatenateArrayType2

===========================================================================================
----------------- testing Sat Jul 07 01:31:55 UTC 2018 /home/travis/build/icyphy/ptII/ptolemy/actor/lib/test/auto/ExpressionFix.xml
----------------- Instantiating /home/travis/build/icyphy/ptII/ptolemy/actor/lib/test/auto/ExpressionFix.xml
9 ms. Memory: 1116672K Free: 985380K (88%)
----------------- Invoking toplevel() on ptolemy.moml.MoMLSimpleApplication@3f13849
----------------- Done invoking toplevel() on ptolemy.moml.MoMLSimpleApplication@3f13849
reloadAllAccessors: .ExpressionFix

===========================================================================================
----------------- testing Sat Jul 07 01:31:55 UTC 2018 /home/travis/build/icyphy/ptII/ptolemy/actor/lib/test/auto/ExpressionFix2.xml
----------------- Instantiating /home/travis/build/icyphy/ptII/ptolemy/actor/lib/test/auto/ExpressionFix2.xml
2 ms. Memory: 1116672K Free: 975401K (87%)
----------------- Invoking toplevel() on ptolemy.moml.MoMLSimpleApplication@41793534
----------------- Done invoking toplevel() on ptolemy.moml.MoMLSimpleApplication@41793534
reloadAllAccessors: .ExpressionFix2

===========================================================================================
----------------- testing Sat Jul 07 01:31:55 UTC 2018 /home/travis/build/icyphy/ptII/ptolemy/actor/lib/test/auto/ExpressionFix3.xml
----------------- Instantiating /home/travis/build/icyphy/ptII/ptolemy/actor/lib/test/auto/ExpressionFix3.xml
2 ms. Memory: 1116672K Free: 959857K (86%)
----------------- Invoking toplevel() on ptolemy.moml.MoMLSimpleApplication@78d4c03f
----------------- Done invoking toplevel() on ptolemy.moml.MoMLSimpleApplication@78d4c03f
reloadAllAccessors: .ExpressionFix3

===========================================================================================
----------------- testing Sat Jul 07 01:31:55 UTC 2018 /home/travis/build/icyphy/ptII/ptolemy/actor/lib/test/auto/FileWriter1.xml
----------------- Instantiating /home/travis/build/icyphy/ptII/ptolemy/actor/lib/test/auto/FileWriter1.xml
2 ms. Memory: 1116672K Free: 949879K (85%)
----------------- Invoking toplevel() on ptolemy.moml.MoMLSimpleApplication@3e869f4d
----------------- Done invoking toplevel() on ptolemy.moml.MoMLSimpleApplication@3e869f4d
reloadAllAccessors: .FileWriter1

===========================================================================================
----------------- testing Sat Jul 07 01:31:55 UTC 2018 /home/travis/build/icyphy/ptII/ptolemy/actor/lib/test/auto/FileWriter2.xml
----------------- Instantiating /home/travis/build/icyphy/ptII/ptolemy/actor/lib/test/auto/FileWriter2.xml
2 ms. Memory: 1116672K Free: 934335K (84%)
----------------- Invoking toplevel() on ptolemy.moml.MoMLSimpleApplication@2b6267a6
----------------- Done invoking toplevel() on ptolemy.moml.MoMLSimpleApplication@2b6267a6
reloadAllAccessors: .FileWriter2

===========================================================================================
----------------- testing Sat Jul 07 01:31:55 UTC 2018 /home/travis/build/icyphy/ptII/ptolemy/actor/lib/test/auto/FileWriter3.xml
----------------- Instantiating /home/travis/build/icyphy/ptII/ptolemy/actor/lib/test/auto/FileWriter3.xml
5 ms. Memory: 1116672K Free: 924356K (83%)
----------------- Invoking toplevel() on ptolemy.moml.MoMLSimpleApplication@2d082738
----------------- Done invoking toplevel() on ptolemy.moml.MoMLSimpleApplication@2d082738
reloadAllAccessors: .FileWriter3

===========================================================================================
----------------- testing Sat Jul 07 01:31:55 UTC 2018 /home/travis/build/icyphy/ptII/ptolemy/actor/lib/test/auto/Gaussian.xml
----------------- Instantiating /home/travis/build/icyphy/ptII/ptolemy/actor/lib/test/auto/Gaussian.xml
1 ms. Memory: 1116672K Free: 914377K (82%)
----------------- Invoking toplevel() on ptolemy.moml.MoMLSimpleApplication@2569752b
----------------- Done invoking toplevel() on ptolemy.moml.MoMLSimpleApplication@2569752b
reloadAllAccessors: .Gaussian

===========================================================================================
----------------- testing Sat Jul 07 01:31:55 UTC 2018 /home/travis/build/icyphy/ptII/ptolemy/actor/lib/test/auto/Gaussian1.xml
----------------- Instantiating /home/travis/build/icyphy/ptII/ptolemy/actor/lib/test/auto/Gaussian1.xml
2 ms. Memory: 1116672K Free: 898834K (80%)
----------------- Invoking toplevel() on ptolemy.moml.MoMLSimpleApplication@5c5b38c1
----------------- Done invoking toplevel() on ptolemy.moml.MoMLSimpleApplication@5c5b38c1
reloadAllAccessors: .Gaussian1

===========================================================================================
----------------- testing Sat Jul 07 01:31:55 UTC 2018 /home/travis/build/icyphy/ptII/ptolemy/actor/lib/test/auto/Gaussian2.xml
----------------- Instantiating /home/travis/build/icyphy/ptII/ptolemy/actor/lib/test/auto/Gaussian2.xml
1 ms. Memory: 1116672K Free: 888855K (80%)
----------------- Invoking toplevel() on ptolemy.moml.MoMLSimpleApplication@67ec1312
----------------- Done invoking toplevel() on ptolemy.moml.MoMLSimpleApplication@67ec1312
reloadAllAccessors: .Gaussian2

===========================================================================================
----------------- testing Sat Jul 07 01:31:55 UTC 2018 /home/travis/build/icyphy/ptII/ptolemy/actor/lib/test/auto/GradientAdaptiveLattice.xml
----------------- Instantiating /home/travis/build/icyphy/ptII/ptolemy/actor/lib/test/auto/GradientAdaptiveLattice.xml
3 ms. Memory: 1116672K Free: 873312K (78%)
----------------- Invoking toplevel() on ptolemy.moml.MoMLSimpleApplication@7e2df891
----------------- Done invoking toplevel() on ptolemy.moml.MoMLSimpleApplication@7e2df891
reloadAllAccessors: .GradientAdaptiveLattice

===========================================================================================
----------------- testing Sat Jul 07 01:31:55 UTC 2018 /home/travis/build/icyphy/ptII/ptolemy/actor/lib/test/auto/IIR.xml
----------------- Instantiating /home/travis/build/icyphy/ptII/ptolemy/actor/lib/test/auto/IIR.xml
1 ms. Memory: 1116672K Free: 863333K (77%)
----------------- Invoking toplevel() on ptolemy.moml.MoMLSimpleApplication@ffedf52
----------------- Done invoking toplevel() on ptolemy.moml.MoMLSimpleApplication@ffedf52
reloadAllAccessors: .IIR

===========================================================================================
----------------- testing Sat Jul 07 01:31:55 UTC 2018 /home/travis/build/icyphy/ptII/ptolemy/actor/lib/test/auto/InputOutputTransparentPorts.xml
----------------- Instantiating /home/travis/build/icyphy/ptII/ptolemy/actor/lib/test/auto/InputOutputTransparentPorts.xml
2 ms. Memory: 1116672K Free: 848365K (76%)
----------------- Invoking toplevel() on ptolemy.moml.MoMLSimpleApplication@1b8a1a67
----------------- Done invoking toplevel() on ptolemy.moml.MoMLSimpleApplication@1b8a1a67
reloadAllAccessors: .InputOutputTransparentPorts

===========================================================================================
----------------- testing Sat Jul 07 01:31:55 UTC 2018 /home/travis/build/icyphy/ptII/ptolemy/actor/lib/test/auto/Interpolator.xml
----------------- Instantiating /home/travis/build/icyphy/ptII/ptolemy/actor/lib/test/auto/Interpolator.xml
4 ms. Memory: 1116672K Free: 832822K (75%)
----------------- Invoking toplevel() on ptolemy.moml.MoMLSimpleApplication@6dab9eba
----------------- Done invoking toplevel() on ptolemy.moml.MoMLSimpleApplication@6dab9eba
reloadAllAccessors: .Interpolator

===========================================================================================
----------------- testing Sat Jul 07 01:31:55 UTC 2018 /home/travis/build/icyphy/ptII/ptolemy/actor/lib/test/auto/InterpolatorFiringLimitDE.xml
----------------- Instantiating /home/travis/build/icyphy/ptII/ptolemy/actor/lib/test/auto/InterpolatorFiringLimitDE.xml
3 ms. Memory: 1116672K Free: 822843K (74%)
----------------- Invoking toplevel() on ptolemy.moml.MoMLSimpleApplication@44b11b2d
----------------- Done invoking toplevel() on ptolemy.moml.MoMLSimpleApplication@44b11b2d
reloadAllAccessors: .InterpolatorFiringLimitDE

===========================================================================================
----------------- testing Sat Jul 07 01:31:55 UTC 2018 /home/travis/build/icyphy/ptII/ptolemy/actor/lib/test/auto/Lattice.xml
----------------- Instantiating /home/travis/build/icyphy/ptII/ptolemy/actor/lib/test/auto/Lattice.xml
1 ms. Memory: 1116672K Free: 807299K (72%)
----------------- Invoking toplevel() on ptolemy.moml.MoMLSimpleApplication@3e1428ff
----------------- Done invoking toplevel() on ptolemy.moml.MoMLSimpleApplication@3e1428ff
reloadAllAccessors: .Lattice

===========================================================================================
----------------- testing Sat Jul 07 01:31:55 UTC 2018 /home/travis/build/icyphy/ptII/ptolemy/actor/lib/test/auto/LazyAOCTestLazy.xml
----------------- Instantiating /home/travis/build/icyphy/ptII/ptolemy/actor/lib/test/auto/LazyAOCTestLazy.xml
7 ms. Memory: 1116672K Free: 797320K (71%)
----------------- Invoking toplevel() on ptolemy.moml.MoMLSimpleApplication@7a585426
----------------- Done invoking toplevel() on ptolemy.moml.MoMLSimpleApplication@7a585426
reloadAllAccessors: .LazyAOCTestLazy

===========================================================================================
----------------- testing Sat Jul 07 01:31:55 UTC 2018 /home/travis/build/icyphy/ptII/ptolemy/actor/lib/test/auto/LazyAOCTestNonLazy.xml
----------------- Instantiating /home/travis/build/icyphy/ptII/ptolemy/actor/lib/test/auto/LazyAOCTestNonLazy.xml
2 ms. Memory: 1116672K Free: 776780K (70%)
----------------- Invoking toplevel() on ptolemy.moml.MoMLSimpleApplication@1347343e
----------------- Done invoking toplevel() on ptolemy.moml.MoMLSimpleApplication@1347343e
reloadAllAccessors: .LazyAOCTestNonLazy

===========================================================================================
----------------- testing Sat Jul 07 01:31:55 UTC 2018 /home/travis/build/icyphy/ptII/ptolemy/actor/lib/test/auto/LazyInnerClass.xml
----------------- Instantiating /home/travis/build/icyphy/ptII/ptolemy/actor/lib/test/auto/LazyInnerClass.xml
10 ms. Memory: 1116672K Free: 766801K (69%)
----------------- Invoking toplevel() on ptolemy.moml.MoMLSimpleApplication@7e4b3e8e
----------------- Done invoking toplevel() on ptolemy.moml.MoMLSimpleApplication@7e4b3e8e
reloadAllAccessors: .LazyInnerClass

===========================================================================================
----------------- testing Sat Jul 07 01:31:55 UTC 2018 /home/travis/build/icyphy/ptII/ptolemy/actor/lib/test/auto/LazyPubSub.xml
----------------- Instantiating /home/travis/build/icyphy/ptII/ptolemy/actor/lib/test/auto/LazyPubSub.xml
18 ms. Memory: 1116672K Free: 751817K (67%)
----------------- Invoking toplevel() on ptolemy.moml.MoMLSimpleApplication@3c2872df
----------------- Done invoking toplevel() on ptolemy.moml.MoMLSimpleApplication@3c2872df
reloadAllAccessors: .LazyPubSub

===========================================================================================
----------------- testing Sat Jul 07 01:31:55 UTC 2018 /home/travis/build/icyphy/ptII/ptolemy/actor/lib/test/auto/LazyPubSub2.xml
----------------- Instantiating /home/travis/build/icyphy/ptII/ptolemy/actor/lib/test/auto/LazyPubSub2.xml
24 ms. Memory: 1116672K Free: 731268K (65%)
----------------- Invoking toplevel() on ptolemy.moml.MoMLSimpleApplication@767e3e55
----------------- Done invoking toplevel() on ptolemy.moml.MoMLSimpleApplication@767e3e55
reloadAllAccessors: .LazyPubSub2

===========================================================================================
----------------- testing Sat Jul 07 01:31:55 UTC 2018 /home/travis/build/icyphy/ptII/ptolemy/actor/lib/test/auto/LazyPubSub3.xml
----------------- Instantiating /home/travis/build/icyphy/ptII/ptolemy/actor/lib/test/auto/LazyPubSub3.xml
21 ms. Memory: 1116672K Free: 716300K (64%)
----------------- Invoking toplevel() on ptolemy.moml.MoMLSimpleApplication@26a53744
----------------- Done invoking toplevel() on ptolemy.moml.MoMLSimpleApplication@26a53744
reloadAllAccessors: .LazyPubSub3

===========================================================================================
----------------- testing Sat Jul 07 01:31:55 UTC 2018 /home/travis/build/icyphy/ptII/ptolemy/actor/lib/test/auto/LazySubClassModel.xml
----------------- Instantiating /home/travis/build/icyphy/ptII/ptolemy/actor/lib/test/auto/LazySubClassModel.xml
2 ms. Memory: 1116672K Free: 695766K (62%)
----------------- Invoking toplevel() on ptolemy.moml.MoMLSimpleApplication@4c3fc43b
----------------- Done invoking toplevel() on ptolemy.moml.MoMLSimpleApplication@4c3fc43b
reloadAllAccessors: .LazySubClassModel

===========================================================================================
----------------- testing Sat Jul 07 01:31:55 UTC 2018 /home/travis/build/icyphy/ptII/ptolemy/actor/lib/test/auto/LevelCrossTest1.xml
----------------- Instantiating /home/travis/build/icyphy/ptII/ptolemy/actor/lib/test/auto/LevelCrossTest1.xml
1 ms. Memory: 1116672K Free: 685787K (61%)
----------------- Invoking toplevel() on ptolemy.moml.MoMLSimpleApplication@201dcf8b
----------------- Done invoking toplevel() on ptolemy.moml.MoMLSimpleApplication@201dcf8b
reloadAllAccessors: .broken

===========================================================================================
----------------- testing Sat Jul 07 01:31:55 UTC 2018 /home/travis/build/icyphy/ptII/ptolemy/actor/lib/test/auto/LevelCrossTest10.xml
----------------- Instantiating /home/travis/build/icyphy/ptII/ptolemy/actor/lib/test/auto/LevelCrossTest10.xml
1 ms. Memory: 1116672K Free: 670819K (60%)
----------------- Invoking toplevel() on ptolemy.moml.MoMLSimpleApplication@48083062
----------------- Done invoking toplevel() on ptolemy.moml.MoMLSimpleApplication@48083062
reloadAllAccessors: .LevelCrossTest10

===========================================================================================
----------------- testing Sat Jul 07 01:31:55 UTC 2018 /home/travis/build/icyphy/ptII/ptolemy/actor/lib/test/auto/LevelCrossTest11.xml
----------------- Instantiating /home/travis/build/icyphy/ptII/ptolemy/actor/lib/test/auto/LevelCrossTest11.xml
1 ms. Memory: 1116672K Free: 655276K (59%)
----------------- Invoking toplevel() on ptolemy.moml.MoMLSimpleApplication@3a3ca9f5
----------------- Done invoking toplevel() on ptolemy.moml.MoMLSimpleApplication@3a3ca9f5
reloadAllAccessors: .LevelCrossTest11

===========================================================================================
----------------- testing Sat Jul 07 01:31:55 UTC 2018 /home/travis/build/icyphy/ptII/ptolemy/actor/lib/test/auto/LevelCrossTest12.xml
----------------- Instantiating /home/travis/build/icyphy/ptII/ptolemy/actor/lib/test/auto/LevelCrossTest12.xml
1 ms. Memory: 1116672K Free: 640307K (57%)
----------------- Invoking toplevel() on ptolemy.moml.MoMLSimpleApplication@4e103337
----------------- Done invoking toplevel() on ptolemy.moml.MoMLSimpleApplication@4e103337
reloadAllAccessors: .LevelCrossTest12

===========================================================================================
----------------- testing Sat Jul 07 01:31:55 UTC 2018 /home/travis/build/icyphy/ptII/ptolemy/actor/lib/test/auto/LevelCrossTest13.xml
----------------- Instantiating /home/travis/build/icyphy/ptII/ptolemy/actor/lib/test/auto/LevelCrossTest13.xml
1 ms. Memory: 1116672K Free: 619774K (56%)
----------------- Invoking toplevel() on ptolemy.moml.MoMLSimpleApplication@555f71e6
----------------- Done invoking toplevel() on ptolemy.moml.MoMLSimpleApplication@555f71e6
reloadAllAccessors: .LevelCrossTest13

===========================================================================================
----------------- testing Sat Jul 07 01:31:55 UTC 2018 /home/travis/build/icyphy/ptII/ptolemy/actor/lib/test/auto/LevelCrossTest2.xml
----------------- Instantiating /home/travis/build/icyphy/ptII/ptolemy/actor/lib/test/auto/LevelCrossTest2.xml
4 ms. Memory: 1116672K Free: 609796K (55%)
----------------- Invoking toplevel() on ptolemy.moml.MoMLSimpleApplication@469bf66f
----------------- Done invoking toplevel() on ptolemy.moml.MoMLSimpleApplication@469bf66f
reloadAllAccessors: .broken

===========================================================================================
----------------- testing Sat Jul 07 01:31:56 UTC 2018 /home/travis/build/icyphy/ptII/ptolemy/actor/lib/test/auto/LevelCrossTest3.xml
----------------- Instantiating /home/travis/build/icyphy/ptII/ptolemy/actor/lib/test/auto/LevelCrossTest3.xml
2 ms. Memory: 1116672K Free: 599817K (54%)
----------------- Invoking toplevel() on ptolemy.moml.MoMLSimpleApplication@49f0c3de
----------------- Done invoking toplevel() on ptolemy.moml.MoMLSimpleApplication@49f0c3de
reloadAllAccessors: .LevelCrossTest3

===========================================================================================
----------------- testing Sat Jul 07 01:31:56 UTC 2018 /home/travis/build/icyphy/ptII/ptolemy/actor/lib/test/auto/LevelCrossTest4.xml
----------------- Instantiating /home/travis/build/icyphy/ptII/ptolemy/actor/lib/test/auto/LevelCrossTest4.xml
1 ms. Memory: 1116672K Free: 584274K (52%)
----------------- Invoking toplevel() on ptolemy.moml.MoMLSimpleApplication@7d0ae215
----------------- Done invoking toplevel() on ptolemy.moml.MoMLSimpleApplication@7d0ae215
reloadAllAccessors: .broken

===========================================================================================
----------------- testing Sat Jul 07 01:31:56 UTC 2018 /home/travis/build/icyphy/ptII/ptolemy/actor/lib/test/auto/LevelCrossTest5.xml
----------------- Instantiating /home/travis/build/icyphy/ptII/ptolemy/actor/lib/test/auto/LevelCrossTest5.xml
1 ms. Memory: 1116672K Free: 574295K (51%)
----------------- Invoking toplevel() on ptolemy.moml.MoMLSimpleApplication@7441f8e8
----------------- Done invoking toplevel() on ptolemy.moml.MoMLSimpleApplication@7441f8e8
reloadAllAccessors: .LevelCrossTest5

===========================================================================================
----------------- testing Sat Jul 07 01:31:56 UTC 2018 /home/travis/build/icyphy/ptII/ptolemy/actor/lib/test/auto/LevelCrossTest6.xml
----------------- Instantiating /home/travis/build/icyphy/ptII/ptolemy/actor/lib/test/auto/LevelCrossTest6.xml
1 ms. Memory: 1116672K Free: 553754K (50%)
----------------- Invoking toplevel() on ptolemy.moml.MoMLSimpleApplication@75eb57c
----------------- Done invoking toplevel() on ptolemy.moml.MoMLSimpleApplication@75eb57c
reloadAllAccessors: .LevelCrossTest6

===========================================================================================
----------------- testing Sat Jul 07 01:31:56 UTC 2018 /home/travis/build/icyphy/ptII/ptolemy/actor/lib/test/auto/LevelCrossTest7.xml
----------------- Instantiating /home/travis/build/icyphy/ptII/ptolemy/actor/lib/test/auto/LevelCrossTest7.xml
1 ms. Memory: 1116672K Free: 538778K (48%)
----------------- Invoking toplevel() on ptolemy.moml.MoMLSimpleApplication@73b8338f
----------------- Done invoking toplevel() on ptolemy.moml.MoMLSimpleApplication@73b8338f
reloadAllAccessors: .LevelCrossTest7

===========================================================================================
----------------- testing Sat Jul 07 01:31:56 UTC 2018 /home/travis/build/icyphy/ptII/ptolemy/actor/lib/test/auto/LevelCrossTest8.xml
----------------- Instantiating /home/travis/build/icyphy/ptII/ptolemy/actor/lib/test/auto/LevelCrossTest8.xml
1 ms. Memory: 1116672K Free: 523235K (47%)
----------------- Invoking toplevel() on ptolemy.moml.MoMLSimpleApplication@dd09d0a
----------------- Done invoking toplevel() on ptolemy.moml.MoMLSimpleApplication@dd09d0a
reloadAllAccessors: .LevelCrossTest8

===========================================================================================
----------------- testing Sat Jul 07 01:31:56 UTC 2018 /home/travis/build/icyphy/ptII/ptolemy/actor/lib/test/auto/LevelCrossTest9.xml
----------------- Instantiating /home/travis/build/icyphy/ptII/ptolemy/actor/lib/test/auto/LevelCrossTest9.xml
1 ms. Memory: 1116672K Free: 508266K (46%)
----------------- Invoking toplevel() on ptolemy.moml.MoMLSimpleApplication@46d79de9
----------------- Done invoking toplevel() on ptolemy.moml.MoMLSimpleApplication@46d79de9
reloadAllAccessors: .LevelCrossTest9

===========================================================================================
----------------- testing Sat Jul 07 01:31:56 UTC 2018 /home/travis/build/icyphy/ptII/ptolemy/actor/lib/test/auto/LevinsonDurbin.xml
----------------- Instantiating /home/travis/build/icyphy/ptII/ptolemy/actor/lib/test/auto/LevinsonDurbin.xml
1 ms. Memory: 1116672K Free: 498287K (45%)
----------------- Invoking toplevel() on ptolemy.moml.MoMLSimpleApplication@55e72aff
----------------- Done invoking toplevel() on ptolemy.moml.MoMLSimpleApplication@55e72aff
reloadAllAccessors: .LevinsonDurbin

===========================================================================================
----------------- testing Sat Jul 07 01:31:56 UTC 2018 /home/travis/build/icyphy/ptII/ptolemy/actor/lib/test/auto/LevinsonDurbin2.xml
----------------- Instantiating /home/travis/build/icyphy/ptII/ptolemy/actor/lib/test/auto/LevinsonDurbin2.xml
3 ms. Memory: 1116672K Free: 482744K (43%)
----------------- Invoking toplevel() on ptolemy.moml.MoMLSimpleApplication@48bbb64a
----------------- Done invoking toplevel() on ptolemy.moml.MoMLSimpleApplication@48bbb64a
reloadAllAccessors: .LevinsonDurbin2

===========================================================================================
----------------- testing Sat Jul 07 01:31:56 UTC 2018 /home/travis/build/icyphy/ptII/ptolemy/actor/lib/test/auto/LevinsonDurbin3.xml
----------------- Instantiating /home/travis/build/icyphy/ptII/ptolemy/actor/lib/test/auto/LevinsonDurbin3.xml
2 ms. Memory: 1116672K Free: 472765K (42%)
----------------- Invoking toplevel() on ptolemy.moml.MoMLSimpleApplication@261c8fb5
----------------- Done invoking toplevel() on ptolemy.moml.MoMLSimpleApplication@261c8fb5
reloadAllAccessors: .LevinsonDurbin3

===========================================================================================
----------------- testing Sat Jul 07 01:31:56 UTC 2018 /home/travis/build/icyphy/ptII/ptolemy/actor/lib/test/auto/Limiter.xml
----------------- Instantiating /home/travis/build/icyphy/ptII/ptolemy/actor/lib/test/auto/Limiter.xml
5 ms. Memory: 1116672K Free: 452216K (40%)
----------------- Invoking toplevel() on ptolemy.moml.MoMLSimpleApplication@7f2146a7
----------------- Done invoking toplevel() on ptolemy.moml.MoMLSimpleApplication@7f2146a7
reloadAllAccessors: .Limiter

===========================================================================================
----------------- testing Sat Jul 07 01:31:56 UTC 2018 /home/travis/build/icyphy/ptII/ptolemy/actor/lib/test/auto/LinearDifferenceEquationSystem.xml
----------------- Instantiating /home/travis/build/icyphy/ptII/ptolemy/actor/lib/test/auto/LinearDifferenceEquationSystem.xml
4 ms. Memory: 1116672K Free: 437248K (39%)
----------------- Invoking toplevel() on ptolemy.moml.MoMLSimpleApplication@3167af4e
----------------- Done invoking toplevel() on ptolemy.moml.MoMLSimpleApplication@3167af4e
reloadAllAccessors: .LinearDifferenceEquationSystem

===========================================================================================
----------------- testing Sat Jul 07 01:31:56 UTC 2018 /home/travis/build/icyphy/ptII/ptolemy/actor/lib/test/auto/LookupTable.xml
----------------- Instantiating /home/travis/build/icyphy/ptII/ptolemy/actor/lib/test/auto/LookupTable.xml
9 ms. Memory: 1116672K Free: 427269K (38%)
----------------- Invoking toplevel() on ptolemy.moml.MoMLSimpleApplication@7a760042
----------------- Done invoking toplevel() on ptolemy.moml.MoMLSimpleApplication@7a760042
reloadAllAccessors: .LookupTable

===========================================================================================
----------------- testing Sat Jul 07 01:31:56 UTC 2018 /home/travis/build/icyphy/ptII/ptolemy/actor/lib/test/auto/MathFunction.xml
----------------- Instantiating /home/travis/build/icyphy/ptII/ptolemy/actor/lib/test/auto/MathFunction.xml
4 ms. Memory: 1116672K Free: 406720K (36%)
----------------- Invoking toplevel() on ptolemy.moml.MoMLSimpleApplication@4bbe09c3
----------------- Done invoking toplevel() on ptolemy.moml.MoMLSimpleApplication@4bbe09c3
reloadAllAccessors: .MathFunction

===========================================================================================
----------------- testing Sat Jul 07 01:31:56 UTC 2018 /home/travis/build/icyphy/ptII/ptolemy/actor/lib/test/auto/MathFunction2.xml
----------------- Instantiating /home/travis/build/icyphy/ptII/ptolemy/actor/lib/test/auto/MathFunction2.xml
6 ms. Memory: 1116672K Free: 396741K (36%)
----------------- Invoking toplevel() on ptolemy.moml.MoMLSimpleApplication@5911395a
----------------- Done invoking toplevel() on ptolemy.moml.MoMLSimpleApplication@5911395a
reloadAllAccessors: .MathFunction2

===========================================================================================
----------------- testing Sat Jul 07 01:31:56 UTC 2018 /home/travis/build/icyphy/ptII/ptolemy/actor/lib/test/auto/MathFunction3.xml
----------------- Instantiating /home/travis/build/icyphy/ptII/ptolemy/actor/lib/test/auto/MathFunction3.xml
3 ms. Memory: 1116672K Free: 376193K (34%)
----------------- Invoking toplevel() on ptolemy.moml.MoMLSimpleApplication@6afc358b
----------------- Done invoking toplevel() on ptolemy.moml.MoMLSimpleApplication@6afc358b
reloadAllAccessors: .MathFunction3

===========================================================================================
----------------- testing Sat Jul 07 01:31:56 UTC 2018 /home/travis/build/icyphy/ptII/ptolemy/actor/lib/test/auto/MatrixCropBoolean.xml
----------------- Instantiating /home/travis/build/icyphy/ptII/ptolemy/actor/lib/test/auto/MatrixCropBoolean.xml
1 ms. Memory: 1116672K Free: 366214K (33%)
----------------- Invoking toplevel() on ptolemy.moml.MoMLSimpleApplication@6841e3a0
----------------- Done invoking toplevel() on ptolemy.moml.MoMLSimpleApplication@6841e3a0
reloadAllAccessors: .MatrixCropBoolean

===========================================================================================
----------------- testing Sat Jul 07 01:31:56 UTC 2018 /home/travis/build/icyphy/ptII/ptolemy/actor/lib/test/auto/MatrixCropComplex.xml
----------------- Instantiating /home/travis/build/icyphy/ptII/ptolemy/actor/lib/test/auto/MatrixCropComplex.xml
2 ms. Memory: 1116672K Free: 350671K (31%)
----------------- Invoking toplevel() on ptolemy.moml.MoMLSimpleApplication@7533b06e
----------------- Done invoking toplevel() on ptolemy.moml.MoMLSimpleApplication@7533b06e
reloadAllAccessors: .MatrixCropComplex

===========================================================================================
----------------- testing Sat Jul 07 01:31:56 UTC 2018 /home/travis/build/icyphy/ptII/ptolemy/actor/lib/test/auto/MatrixCropDouble.xml
----------------- Instantiating /home/travis/build/icyphy/ptII/ptolemy/actor/lib/test/auto/MatrixCropDouble.xml
2 ms. Memory: 1116672K Free: 340692K (31%)
----------------- Invoking toplevel() on ptolemy.moml.MoMLSimpleApplication@2ed70f17
----------------- Done invoking toplevel() on ptolemy.moml.MoMLSimpleApplication@2ed70f17
reloadAllAccessors: .MatrixCropDouble

===========================================================================================
----------------- testing Sat Jul 07 01:31:56 UTC 2018 /home/travis/build/icyphy/ptII/ptolemy/actor/lib/test/auto/MatrixCropFix.xml
----------------- Instantiating /home/travis/build/icyphy/ptII/ptolemy/actor/lib/test/auto/MatrixCropFix.xml
2 ms. Memory: 1116672K Free: 330713K (30%)
----------------- Invoking toplevel() on ptolemy.moml.MoMLSimpleApplication@25e57047
----------------- Done invoking toplevel() on ptolemy.moml.MoMLSimpleApplication@25e57047
reloadAllAccessors: .MatrixCropFix

===========================================================================================
----------------- testing Sat Jul 07 01:31:56 UTC 2018 /home/travis/build/icyphy/ptII/ptolemy/actor/lib/test/auto/MatrixCropInt.xml
----------------- Instantiating /home/travis/build/icyphy/ptII/ptolemy/actor/lib/test/auto/MatrixCropInt.xml
2 ms. Memory: 1116672K Free: 315170K (28%)
----------------- Invoking toplevel() on ptolemy.moml.MoMLSimpleApplication@98488ba
----------------- Done invoking toplevel() on ptolemy.moml.MoMLSimpleApplication@98488ba
reloadAllAccessors: .MatrixCropInt

===========================================================================================
----------------- testing Sat Jul 07 01:31:56 UTC 2018 /home/travis/build/icyphy/ptII/ptolemy/actor/lib/test/auto/MatrixCropLong.xml
----------------- Instantiating /home/travis/build/icyphy/ptII/ptolemy/actor/lib/test/auto/MatrixCropLong.xml
1 ms. Memory: 1116672K Free: 305191K (27%)
----------------- Invoking toplevel() on ptolemy.moml.MoMLSimpleApplication@a5b4a5b
----------------- Done invoking toplevel() on ptolemy.moml.MoMLSimpleApplication@a5b4a5b
reloadAllAccessors: .MatrixCropLong

===========================================================================================
----------------- testing Sat Jul 07 01:31:56 UTC 2018 /home/travis/build/icyphy/ptII/ptolemy/actor/lib/test/auto/MatrixToArray.xml
----------------- Instantiating /home/travis/build/icyphy/ptII/ptolemy/actor/lib/test/auto/MatrixToArray.xml
7 ms. Memory: 1116672K Free: 279653K (25%)
----------------- Invoking toplevel() on ptolemy.moml.MoMLSimpleApplication@641a2470
----------------- Done invoking toplevel() on ptolemy.moml.MoMLSimpleApplication@641a2470
reloadAllAccessors: .MatrixToArray

===========================================================================================
----------------- testing Sat Jul 07 01:31:56 UTC 2018 /home/travis/build/icyphy/ptII/ptolemy/actor/lib/test/auto/MaxIndex.xml
----------------- Instantiating /home/travis/build/icyphy/ptII/ptolemy/actor/lib/test/auto/MaxIndex.xml
2 ms. Memory: 1116672K Free: 269674K (24%)
----------------- Invoking toplevel() on ptolemy.moml.MoMLSimpleApplication@f6743ef
----------------- Done invoking toplevel() on ptolemy.moml.MoMLSimpleApplication@f6743ef
reloadAllAccessors: .MaxIndex

===========================================================================================
----------------- testing Sat Jul 07 01:31:56 UTC 2018 /home/travis/build/icyphy/ptII/ptolemy/actor/lib/test/auto/Maximum.xml
----------------- Instantiating /home/travis/build/icyphy/ptII/ptolemy/actor/lib/test/auto/Maximum.xml
5 ms. Memory: 1116672K Free: 254131K (23%)
----------------- Invoking toplevel() on ptolemy.moml.MoMLSimpleApplication@7a22674d
----------------- Done invoking toplevel() on ptolemy.moml.MoMLSimpleApplication@7a22674d
reloadAllAccessors: .Maximum

===========================================================================================
----------------- testing Sat Jul 07 01:31:56 UTC 2018 /home/travis/build/icyphy/ptII/ptolemy/actor/lib/test/auto/MaximumComplex.xml
----------------- Instantiating /home/travis/build/icyphy/ptII/ptolemy/actor/lib/test/auto/MaximumComplex.xml
4 ms. Memory: 1116672K Free: 244152K (22%)
----------------- Invoking toplevel() on ptolemy.moml.MoMLSimpleApplication@7148f19c
----------------- Done invoking toplevel() on ptolemy.moml.MoMLSimpleApplication@7148f19c
reloadAllAccessors: .MaximumComplex

===========================================================================================
----------------- testing Sat Jul 07 01:31:56 UTC 2018 /home/travis/build/icyphy/ptII/ptolemy/actor/lib/test/auto/MethodCallTest.xml
----------------- Instantiating /home/travis/build/icyphy/ptII/ptolemy/actor/lib/test/auto/MethodCallTest.xml
2 ms. Memory: 1116672K Free: 229168K (21%)
----------------- Invoking toplevel() on ptolemy.moml.MoMLSimpleApplication@359be2e1
----------------- Done invoking toplevel() on ptolemy.moml.MoMLSimpleApplication@359be2e1
reloadAllAccessors: .MethodCallTest

===========================================================================================
----------------- testing Sat Jul 07 01:31:56 UTC 2018 /home/travis/build/icyphy/ptII/ptolemy/actor/lib/test/auto/Minimum.xml
----------------- Instantiating /home/travis/build/icyphy/ptII/ptolemy/actor/lib/test/auto/Minimum.xml
3 ms. Memory: 1116672K Free: 213624K (19%)
----------------- Invoking toplevel() on ptolemy.moml.MoMLSimpleApplication@6c15967f
----------------- Done invoking toplevel() on ptolemy.moml.MoMLSimpleApplication@6c15967f
reloadAllAccessors: .Minimum

===========================================================================================
----------------- testing Sat Jul 07 01:31:56 UTC 2018 /home/travis/build/icyphy/ptII/ptolemy/actor/lib/test/auto/MinimumComplex.xml
----------------- Instantiating /home/travis/build/icyphy/ptII/ptolemy/actor/lib/test/auto/MinimumComplex.xml
3 ms. Memory: 1116672K Free: 203645K (18%)
----------------- Invoking toplevel() on ptolemy.moml.MoMLSimpleApplication@19be9459
----------------- Done invoking toplevel() on ptolemy.moml.MoMLSimpleApplication@19be9459
reloadAllAccessors: .MinimumComplex

===========================================================================================
----------------- testing Sat Jul 07 01:31:56 UTC 2018 /home/travis/build/icyphy/ptII/ptolemy/actor/lib/test/auto/MinimumMultiports.xml
----------------- Instantiating /home/travis/build/icyphy/ptII/ptolemy/actor/lib/test/auto/MinimumMultiports.xml
4 ms. Memory: 1116672K Free: 183112K (16%)
----------------- Invoking toplevel() on ptolemy.moml.MoMLSimpleApplication@792144af
----------------- Done invoking toplevel() on ptolemy.moml.MoMLSimpleApplication@792144af
reloadAllAccessors: .MinimumMultiports

===========================================================================================
----------------- testing Sat Jul 07 01:31:56 UTC 2018 /home/travis/build/icyphy/ptII/ptolemy/actor/lib/test/auto/ModifyDate.xml
----------------- Instantiating /home/travis/build/icyphy/ptII/ptolemy/actor/lib/test/auto/ModifyDate.xml
4 ms. Memory: 1116672K Free: 163139K (15%)
----------------- Invoking toplevel() on ptolemy.moml.MoMLSimpleApplication@4bc4122a
----------------- Done invoking toplevel() on ptolemy.moml.MoMLSimpleApplication@4bc4122a
reloadAllAccessors: .ModifyDate

===========================================================================================
----------------- testing Sat Jul 07 01:31:56 UTC 2018 /home/travis/build/icyphy/ptII/ptolemy/actor/lib/test/auto/ModifyDate2.xml
----------------- Instantiating /home/travis/build/icyphy/ptII/ptolemy/actor/lib/test/auto/ModifyDate2.xml
6 ms. Memory: 1116672K Free: 148170K (13%)
----------------- Invoking toplevel() on ptolemy.moml.MoMLSimpleApplication@56ecfb41
----------------- Done invoking toplevel() on ptolemy.moml.MoMLSimpleApplication@56ecfb41
reloadAllAccessors: .ModifyDate2

===========================================================================================
----------------- testing Sat Jul 07 01:31:56 UTC 2018 /home/travis/build/icyphy/ptII/ptolemy/actor/lib/test/auto/MovingAverage.xml
----------------- Instantiating /home/travis/build/icyphy/ptII/ptolemy/actor/lib/test/auto/MovingAverage.xml
2 ms. Memory: 1116672K Free: 132627K (12%)
----------------- Invoking toplevel() on ptolemy.moml.MoMLSimpleApplication@775737a6
----------------- Done invoking toplevel() on ptolemy.moml.MoMLSimpleApplication@775737a6
reloadAllAccessors: .MovingAverage

===========================================================================================
----------------- testing Sat Jul 07 01:31:56 UTC 2018 /home/travis/build/icyphy/ptII/ptolemy/actor/lib/test/auto/MovingMaximum.xml
----------------- Instantiating /home/travis/build/icyphy/ptII/ptolemy/actor/lib/test/auto/MovingMaximum.xml
2 ms. Memory: 1116672K Free: 122648K (11%)
----------------- Invoking toplevel() on ptolemy.moml.MoMLSimpleApplication@49e4ab36
----------------- Done invoking toplevel() on ptolemy.moml.MoMLSimpleApplication@49e4ab36
reloadAllAccessors: .MovingMaximum

===========================================================================================
----------------- testing Sat Jul 07 01:31:56 UTC 2018 /home/travis/build/icyphy/ptII/ptolemy/actor/lib/test/auto/MultipleLinksToSameRelation.xml
----------------- Instantiating /home/travis/build/icyphy/ptII/ptolemy/actor/lib/test/auto/MultipleLinksToSameRelation.xml
2 ms. Memory: 1116672K Free: 107105K (10%)
----------------- Invoking toplevel() on ptolemy.moml.MoMLSimpleApplication@7e9c56a2
----------------- Done invoking toplevel() on ptolemy.moml.MoMLSimpleApplication@7e9c56a2
reloadAllAccessors: .MultipleLinksToSameRelation

===========================================================================================
----------------- testing Sat Jul 07 01:31:56 UTC 2018 /home/travis/build/icyphy/ptII/ptolemy/actor/lib/test/auto/MultipleLinksToSameRelationDE.xml
----------------- Instantiating /home/travis/build/icyphy/ptII/ptolemy/actor/lib/test/auto/MultipleLinksToSameRelationDE.xml
6 ms. Memory: 1116672K Free: 97126K (9%)
----------------- Invoking toplevel() on ptolemy.moml.MoMLSimpleApplication@2c39114e
----------------- Done invoking toplevel() on ptolemy.moml.MoMLSimpleApplication@2c39114e
reloadAllAccessors: .MultipleLinksToSameRelationDE

===========================================================================================
----------------- testing Sat Jul 07 01:31:56 UTC 2018 /home/travis/build/icyphy/ptII/ptolemy/actor/lib/test/auto/Multiplexor.xml
----------------- Instantiating /home/travis/build/icyphy/ptII/ptolemy/actor/lib/test/auto/Multiplexor.xml
2 ms. Memory: 1116672K Free: 81583K (7%)
----------------- Invoking toplevel() on ptolemy.moml.MoMLSimpleApplication@5ec126e3
----------------- Done invoking toplevel() on ptolemy.moml.MoMLSimpleApplication@5ec126e3
reloadAllAccessors: .Multiplexor

===========================================================================================
----------------- testing Sat Jul 07 01:31:56 UTC 2018 /home/travis/build/icyphy/ptII/ptolemy/actor/lib/test/auto/Multiplexor1.xml
----------------- Instantiating /home/travis/build/icyphy/ptII/ptolemy/actor/lib/test/auto/Multiplexor1.xml
2 ms. Memory: 1227776K Free: 1178962K (96%)
----------------- Invoking toplevel() on ptolemy.moml.MoMLSimpleApplication@4635d2dd
----------------- Done invoking toplevel() on ptolemy.moml.MoMLSimpleApplication@4635d2dd
reloadAllAccessors: .Multiplexor1

===========================================================================================
----------------- testing Sat Jul 07 01:31:56 UTC 2018 /home/travis/build/icyphy/ptII/ptolemy/actor/lib/test/auto/Multiplexor2.xml
----------------- Instantiating /home/travis/build/icyphy/ptII/ptolemy/actor/lib/test/auto/Multiplexor2.xml
6 ms. Memory: 1227776K Free: 1162332K (95%)
----------------- Invoking toplevel() on ptolemy.moml.MoMLSimpleApplication@400cfd69
----------------- Done invoking toplevel() on ptolemy.moml.MoMLSimpleApplication@400cfd69
reloadAllAccessors: .Multiplexor2

===========================================================================================
----------------- testing Sat Jul 07 01:31:56 UTC 2018 /home/travis/build/icyphy/ptII/ptolemy/actor/lib/test/auto/Multiplexor3.xml
----------------- Instantiating /home/travis/build/icyphy/ptII/ptolemy/actor/lib/test/auto/Multiplexor3.xml
1 ms. Memory: 1227776K Free: 1151089K (94%)
----------------- Invoking toplevel() on ptolemy.moml.MoMLSimpleApplication@57d2a2db
----------------- Done invoking toplevel() on ptolemy.moml.MoMLSimpleApplication@57d2a2db
reloadAllAccessors: .Multiplexor3

===========================================================================================
----------------- testing Sat Jul 07 01:31:56 UTC 2018 /home/travis/build/icyphy/ptII/ptolemy/actor/lib/test/auto/MultiplexorDE.xml
----------------- Instantiating /home/travis/build/icyphy/ptII/ptolemy/actor/lib/test/auto/MultiplexorDE.xml
2 ms. Memory: 1227776K Free: 1128848K (92%)
----------------- Invoking toplevel() on ptolemy.moml.MoMLSimpleApplication@13cb96e3
----------------- Done invoking toplevel() on ptolemy.moml.MoMLSimpleApplication@13cb96e3
reloadAllAccessors: .MultiplexorDE

===========================================================================================
----------------- testing Sat Jul 07 01:31:56 UTC 2018 /home/travis/build/icyphy/ptII/ptolemy/actor/lib/test/auto/MultiportBroadcastTest.xml
----------------- Instantiating /home/travis/build/icyphy/ptII/ptolemy/actor/lib/test/auto/MultiportBroadcastTest.xml
91 ms. Memory: 1227776K Free: 1117605K (91%)
----------------- Invoking toplevel() on ptolemy.moml.MoMLSimpleApplication@333afd7e
----------------- Done invoking toplevel() on ptolemy.moml.MoMLSimpleApplication@333afd7e
reloadAllAccessors: .MultiportBroadcastTest

===========================================================================================
----------------- testing Sat Jul 07 01:31:57 UTC 2018 /home/travis/build/icyphy/ptII/ptolemy/actor/lib/test/auto/MultiportOutHangDuringGetWidth.xml
----------------- Instantiating /home/travis/build/icyphy/ptII/ptolemy/actor/lib/test/auto/MultiportOutHangDuringGetWidth.xml
5 ms. Memory: 1227776K Free: 1095372K (89%)
----------------- Invoking toplevel() on ptolemy.moml.MoMLSimpleApplication@1e26fab0
----------------- Done invoking toplevel() on ptolemy.moml.MoMLSimpleApplication@1e26fab0
reloadAllAccessors: .MultiportOutHangDuringGetWidth

===========================================================================================
----------------- testing Sat Jul 07 01:31:57 UTC 2018 /home/travis/build/icyphy/ptII/ptolemy/actor/lib/test/auto/NilToken.xml
----------------- Instantiating /home/travis/build/icyphy/ptII/ptolemy/actor/lib/test/auto/NilToken.xml
1 ms. Memory: 1227776K Free: 1084128K (88%)
----------------- Invoking toplevel() on ptolemy.moml.MoMLSimpleApplication@5ec4b584
----------------- Done invoking toplevel() on ptolemy.moml.MoMLSimpleApplication@5ec4b584
reloadAllAccessors: .NilToken

===========================================================================================
----------------- testing Sat Jul 07 01:31:57 UTC 2018 /home/travis/build/icyphy/ptII/ptolemy/actor/lib/test/auto/NilTokenNonStrictTest.xml
----------------- Instantiating /home/travis/build/icyphy/ptII/ptolemy/actor/lib/test/auto/NilTokenNonStrictTest.xml
2 ms. Memory: 1227776K Free: 1067526K (87%)
----------------- Invoking toplevel() on ptolemy.moml.MoMLSimpleApplication@4e80c30b
----------------- Done invoking toplevel() on ptolemy.moml.MoMLSimpleApplication@4e80c30b
reloadAllAccessors: .NilTokenNonStrictTest

===========================================================================================
----------------- testing Sat Jul 07 01:31:57 UTC 2018 /home/travis/build/icyphy/ptII/ptolemy/actor/lib/test/auto/NilTokenRecord.xml
----------------- Instantiating /home/travis/build/icyphy/ptII/ptolemy/actor/lib/test/auto/NilTokenRecord.xml
5 ms. Memory: 1227776K Free: 1056282K (86%)
----------------- Invoking toplevel() on ptolemy.moml.MoMLSimpleApplication@cce22f2
----------------- Done invoking toplevel() on ptolemy.moml.MoMLSimpleApplication@cce22f2
reloadAllAccessors: .NilTokenRecord

===========================================================================================
----------------- testing Sat Jul 07 01:31:57 UTC 2018 /home/travis/build/icyphy/ptII/ptolemy/actor/lib/test/auto/NilTokenTypeTest.xml
----------------- Instantiating /home/travis/build/icyphy/ptII/ptolemy/actor/lib/test/auto/NilTokenTypeTest.xml
7 ms. Memory: 1227776K Free: 1039416K (85%)
----------------- Invoking toplevel() on ptolemy.moml.MoMLSimpleApplication@593debc5
----------------- Done invoking toplevel() on ptolemy.moml.MoMLSimpleApplication@593debc5
reloadAllAccessors: .NilTokenTypeTest

===========================================================================================
----------------- testing Sat Jul 07 01:31:57 UTC 2018 /home/travis/build/icyphy/ptII/ptolemy/actor/lib/test/auto/ObjectToken1.xml
----------------- Instantiating /home/travis/build/icyphy/ptII/ptolemy/actor/lib/test/auto/ObjectToken1.xml
2 ms. Memory: 1227776K Free: 1022814K (83%)
----------------- Invoking toplevel() on ptolemy.moml.MoMLSimpleApplication@78068dc7
----------------- Done invoking toplevel() on ptolemy.moml.MoMLSimpleApplication@78068dc7
reloadAllAccessors: .ObjectToken1

===========================================================================================
----------------- testing Sat Jul 07 01:31:57 UTC 2018 /home/travis/build/icyphy/ptII/ptolemy/actor/lib/test/auto/OrderedMerge.xml
----------------- Instantiating /home/travis/build/icyphy/ptII/ptolemy/actor/lib/test/auto/OrderedMerge.xml
12 ms. Memory: 1227776K Free: 989083K (81%)
----------------- Invoking toplevel() on ptolemy.moml.MoMLSimpleApplication@2a8581aa
----------------- Done invoking toplevel() on ptolemy.moml.MoMLSimpleApplication@2a8581aa
reloadAllAccessors: .OrderedMerge

===========================================================================================
----------------- testing Sat Jul 07 01:31:57 UTC 2018 /home/travis/build/icyphy/ptII/ptolemy/actor/lib/test/auto/OrderedRecordDisassembler.xml
----------------- Instantiating /home/travis/build/icyphy/ptII/ptolemy/actor/lib/test/auto/OrderedRecordDisassembler.xml
3 ms. Memory: 1227776K Free: 972480K (79%)
----------------- Invoking toplevel() on ptolemy.moml.MoMLSimpleApplication@24665349
----------------- Done invoking toplevel() on ptolemy.moml.MoMLSimpleApplication@24665349
reloadAllAccessors: .OrderedRecordDisassembler

===========================================================================================
----------------- testing Sat Jul 07 01:31:57 UTC 2018 /home/travis/build/icyphy/ptII/ptolemy/actor/lib/test/auto/OrderedRecordDisassembler2.xml
----------------- Instantiating /home/travis/build/icyphy/ptII/ptolemy/actor/lib/test/auto/OrderedRecordDisassembler2.xml
4 ms. Memory: 1227776K Free: 961236K (78%)
----------------- Invoking toplevel() on ptolemy.moml.MoMLSimpleApplication@5037fabc
----------------- Done invoking toplevel() on ptolemy.moml.MoMLSimpleApplication@5037fabc
reloadAllAccessors: .OrderedRecordDisassembler2

===========================================================================================
----------------- testing Sat Jul 07 01:31:57 UTC 2018 /home/travis/build/icyphy/ptII/ptolemy/actor/lib/test/auto/OrderedRecordUpdater.xml
----------------- Instantiating /home/travis/build/icyphy/ptII/ptolemy/actor/lib/test/auto/OrderedRecordUpdater.xml
1 ms. Memory: 1227776K Free: 944634K (77%)
----------------- Invoking toplevel() on ptolemy.moml.MoMLSimpleApplication@1f48c59a
----------------- Done invoking toplevel() on ptolemy.moml.MoMLSimpleApplication@1f48c59a
reloadAllAccessors: .RecordUpdater

===========================================================================================
----------------- testing Sat Jul 07 01:31:57 UTC 2018 /home/travis/build/icyphy/ptII/ptolemy/actor/lib/test/auto/OrderedRecordUpdater2.xml
----------------- Instantiating /home/travis/build/icyphy/ptII/ptolemy/actor/lib/test/auto/OrderedRecordUpdater2.xml
2 ms. Memory: 1227776K Free: 933390K (76%)
----------------- Invoking toplevel() on ptolemy.moml.MoMLSimpleApplication@2f31ae3e
----------------- Done invoking toplevel() on ptolemy.moml.MoMLSimpleApplication@2f31ae3e
reloadAllAccessors: .RecordUpdater2

===========================================================================================
----------------- testing Sat Jul 07 01:31:57 UTC 2018 /home/travis/build/icyphy/ptII/ptolemy/actor/lib/test/auto/PhaseUnwrap.xml
----------------- Instantiating /home/travis/build/icyphy/ptII/ptolemy/actor/lib/test/auto/PhaseUnwrap.xml
1 ms. Memory: 1227776K Free: 916788K (75%)
----------------- Invoking toplevel() on ptolemy.moml.MoMLSimpleApplication@50554537
----------------- Done invoking toplevel() on ptolemy.moml.MoMLSimpleApplication@50554537
reloadAllAccessors: .PhaseUnwrap

===========================================================================================
----------------- testing Sat Jul 07 01:31:57 UTC 2018 /home/travis/build/icyphy/ptII/ptolemy/actor/lib/test/auto/PoissonClock.xml
----------------- Instantiating /home/travis/build/icyphy/ptII/ptolemy/actor/lib/test/auto/PoissonClock.xml
1 ms. Memory: 1227776K Free: 905544K (74%)
----------------- Invoking toplevel() on ptolemy.moml.MoMLSimpleApplication@78d85326
----------------- Done invoking toplevel() on ptolemy.moml.MoMLSimpleApplication@78d85326
reloadAllAccessors: .PoissonClock

===========================================================================================
----------------- testing Sat Jul 07 01:31:57 UTC 2018 /home/travis/build/icyphy/ptII/ptolemy/actor/lib/test/auto/PoissonClock2.xml
----------------- Instantiating /home/travis/build/icyphy/ptII/ptolemy/actor/lib/test/auto/PoissonClock2.xml
1 ms. Memory: 1227776K Free: 894301K (73%)
----------------- Invoking toplevel() on ptolemy.moml.MoMLSimpleApplication@10a0c7e4
----------------- Done invoking toplevel() on ptolemy.moml.MoMLSimpleApplication@10a0c7e4
reloadAllAccessors: .PoissonClock2

===========================================================================================
----------------- testing Sat Jul 07 01:31:57 UTC 2018 /home/travis/build/icyphy/ptII/ptolemy/actor/lib/test/auto/PoissonClock3.xml
----------------- Instantiating /home/travis/build/icyphy/ptII/ptolemy/actor/lib/test/auto/PoissonClock3.xml
1 ms. Memory: 1227776K Free: 877698K (71%)
----------------- Invoking toplevel() on ptolemy.moml.MoMLSimpleApplication@57f31b1
----------------- Done invoking toplevel() on ptolemy.moml.MoMLSimpleApplication@57f31b1
reloadAllAccessors: .PoissonClock3

===========================================================================================
----------------- testing Sat Jul 07 01:31:57 UTC 2018 /home/travis/build/icyphy/ptII/ptolemy/actor/lib/test/auto/PubSubWithInitialTokens.xml
----------------- Instantiating /home/travis/build/icyphy/ptII/ptolemy/actor/lib/test/auto/PubSubWithInitialTokens.xml
2 ms. Memory: 1227776K Free: 866454K (71%)
----------------- Invoking toplevel() on ptolemy.moml.MoMLSimpleApplication@4dc65386
----------------- Done invoking toplevel() on ptolemy.moml.MoMLSimpleApplication@4dc65386
reloadAllAccessors: .PubSubWithInitialTokens

===========================================================================================
----------------- testing Sat Jul 07 01:31:57 UTC 2018 /home/travis/build/icyphy/ptII/ptolemy/actor/lib/test/auto/PubSubWithInitialTokens2.xml
----------------- Instantiating /home/travis/build/icyphy/ptII/ptolemy/actor/lib/test/auto/PubSubWithInitialTokens2.xml
2 ms. Memory: 1227776K Free: 849851K (69%)
----------------- Invoking toplevel() on ptolemy.moml.MoMLSimpleApplication@1aae9279
----------------- Done invoking toplevel() on ptolemy.moml.MoMLSimpleApplication@1aae9279
reloadAllAccessors: .PubSubWithInitialTokens2

===========================================================================================
----------------- testing Sat Jul 07 01:31:57 UTC 2018 /home/travis/build/icyphy/ptII/ptolemy/actor/lib/test/auto/PublisherClassNoParameter.xml
----------------- Instantiating /home/travis/build/icyphy/ptII/ptolemy/actor/lib/test/auto/PublisherClassNoParameter.xml
2 ms. Memory: 1227776K Free: 832986K (68%)
----------------- Invoking toplevel() on ptolemy.moml.MoMLSimpleApplication@f5cba16
----------------- Done invoking toplevel() on ptolemy.moml.MoMLSimpleApplication@f5cba16
reloadAllAccessors: .PublisherClassNoParameter

===========================================================================================
----------------- testing Sat Jul 07 01:31:57 UTC 2018 /home/travis/build/icyphy/ptII/ptolemy/actor/lib/test/auto/PublisherClassParameter.xml
----------------- Instantiating /home/travis/build/icyphy/ptII/ptolemy/actor/lib/test/auto/PublisherClassParameter.xml
2 ms. Memory: 1227776K Free: 810745K (66%)
----------------- Invoking toplevel() on ptolemy.moml.MoMLSimpleApplication@274a13bd
----------------- Done invoking toplevel() on ptolemy.moml.MoMLSimpleApplication@274a13bd
reloadAllAccessors: .PublisherClassParameter

===========================================================================================
----------------- testing Sat Jul 07 01:31:57 UTC 2018 /home/travis/build/icyphy/ptII/ptolemy/actor/lib/test/auto/PublisherNonStrictTest.xml
----------------- Instantiating /home/travis/build/icyphy/ptII/ptolemy/actor/lib/test/auto/PublisherNonStrictTest.xml
3 ms. Memory: 1227776K Free: 799502K (65%)
----------------- Invoking toplevel() on ptolemy.moml.MoMLSimpleApplication@3caebff4
----------------- Done invoking toplevel() on ptolemy.moml.MoMLSimpleApplication@3caebff4
reloadAllAccessors: .PublisherNonStrictTest

===========================================================================================
----------------- testing Sat Jul 07 01:31:57 UTC 2018 /home/travis/build/icyphy/ptII/ptolemy/actor/lib/test/auto/PublisherPort1.xml
----------------- Instantiating /home/travis/build/icyphy/ptII/ptolemy/actor/lib/test/auto/PublisherPort1.xml
2 ms. Memory: 1227776K Free: 782899K (64%)
----------------- Invoking toplevel() on ptolemy.moml.MoMLSimpleApplication@6c5c2511
----------------- Done invoking toplevel() on ptolemy.moml.MoMLSimpleApplication@6c5c2511
reloadAllAccessors: .PublisherPort1

===========================================================================================
----------------- testing Sat Jul 07 01:31:57 UTC 2018 /home/travis/build/icyphy/ptII/ptolemy/actor/lib/test/auto/PublisherPort2.xml
----------------- Instantiating /home/travis/build/icyphy/ptII/ptolemy/actor/lib/test/auto/PublisherPort2.xml
2 ms. Memory: 1227776K Free: 771655K (63%)
----------------- Invoking toplevel() on ptolemy.moml.MoMLSimpleApplication@79abf98d
----------------- Done invoking toplevel() on ptolemy.moml.MoMLSimpleApplication@79abf98d
reloadAllAccessors: .PublisherPort2

===========================================================================================
----------------- testing Sat Jul 07 01:31:57 UTC 2018 /home/travis/build/icyphy/ptII/ptolemy/actor/lib/test/auto/PublisherPort3.xml
----------------- Instantiating /home/travis/build/icyphy/ptII/ptolemy/actor/lib/test/auto/PublisherPort3.xml
3 ms. Memory: 1227776K Free: 760412K (62%)
----------------- Invoking toplevel() on ptolemy.moml.MoMLSimpleApplication@11f1eea2
----------------- Done invoking toplevel() on ptolemy.moml.MoMLSimpleApplication@11f1eea2
reloadAllAccessors: .PublisherPort3

===========================================================================================
----------------- testing Sat Jul 07 01:31:57 UTC 2018 /home/travis/build/icyphy/ptII/ptolemy/actor/lib/test/auto/PublisherPort4.xml
----------------- Instantiating /home/travis/build/icyphy/ptII/ptolemy/actor/lib/test/auto/PublisherPort4.xml
2 ms. Memory: 1227776K Free: 743809K (61%)
----------------- Invoking toplevel() on ptolemy.moml.MoMLSimpleApplication@1af10a7b
----------------- Done invoking toplevel() on ptolemy.moml.MoMLSimpleApplication@1af10a7b
reloadAllAccessors: .PublisherPort4

===========================================================================================
----------------- testing Sat Jul 07 01:31:57 UTC 2018 /home/travis/build/icyphy/ptII/ptolemy/actor/lib/test/auto/PublisherPort5.xml
----------------- Instantiating /home/travis/build/icyphy/ptII/ptolemy/actor/lib/test/auto/PublisherPort5.xml
3 ms. Memory: 1227776K Free: 732565K (60%)
----------------- Invoking toplevel() on ptolemy.moml.MoMLSimpleApplication@2ae2e057
----------------- Done invoking toplevel() on ptolemy.moml.MoMLSimpleApplication@2ae2e057
reloadAllAccessors: .PublisherPort5

===========================================================================================
----------------- testing Sat Jul 07 01:31:57 UTC 2018 /home/travis/build/icyphy/ptII/ptolemy/actor/lib/test/auto/PublisherPort5LookAlike.xml
----------------- Instantiating /home/travis/build/icyphy/ptII/ptolemy/actor/lib/test/auto/PublisherPort5LookAlike.xml
6 ms. Memory: 1227776K Free: 715963K (58%)
----------------- Invoking toplevel() on ptolemy.moml.MoMLSimpleApplication@2fe5fbc
----------------- Done invoking toplevel() on ptolemy.moml.MoMLSimpleApplication@2fe5fbc
reloadAllAccessors: .PublisherPort5LookAlike

===========================================================================================
----------------- testing Sat Jul 07 01:31:57 UTC 2018 /home/travis/build/icyphy/ptII/ptolemy/actor/lib/test/auto/PublisherPort6.xml
----------------- Instantiating /home/travis/build/icyphy/ptII/ptolemy/actor/lib/test/auto/PublisherPort6.xml
2 ms. Memory: 1227776K Free: 704719K (57%)
----------------- Invoking toplevel() on ptolemy.moml.MoMLSimpleApplication@6c685960
----------------- Done invoking toplevel() on ptolemy.moml.MoMLSimpleApplication@6c685960
reloadAllAccessors: .PublisherPort6

===========================================================================================
----------------- testing Sat Jul 07 01:31:57 UTC 2018 /home/travis/build/icyphy/ptII/ptolemy/actor/lib/test/auto/PublisherPort7.xml
----------------- Instantiating /home/travis/build/icyphy/ptII/ptolemy/actor/lib/test/auto/PublisherPort7.xml
3 ms. Memory: 1227776K Free: 688116K (56%)
----------------- Invoking toplevel() on ptolemy.moml.MoMLSimpleApplication@75a5a6ce
----------------- Done invoking toplevel() on ptolemy.moml.MoMLSimpleApplication@75a5a6ce
reloadAllAccessors: .PublisherPort7

===========================================================================================
----------------- testing Sat Jul 07 01:31:57 UTC 2018 /home/travis/build/icyphy/ptII/ptolemy/actor/lib/test/auto/PublisherPort8.xml
----------------- Instantiating /home/travis/build/icyphy/ptII/ptolemy/actor/lib/test/auto/PublisherPort8.xml
4 ms. Memory: 1227776K Free: 676873K (55%)
----------------- Invoking toplevel() on ptolemy.moml.MoMLSimpleApplication@2ae5e029
----------------- Done invoking toplevel() on ptolemy.moml.MoMLSimpleApplication@2ae5e029
reloadAllAccessors: .PublisherPort8

===========================================================================================
----------------- testing Sat Jul 07 01:31:57 UTC 2018 /home/travis/build/icyphy/ptII/ptolemy/actor/lib/test/auto/PublisherPortSubscriberChannelVariablesAOC2.xml
----------------- Instantiating /home/travis/build/icyphy/ptII/ptolemy/actor/lib/test/auto/PublisherPortSubscriberChannelVariablesAOC2.xml
3 ms. Memory: 1227776K Free: 649011K (53%)
----------------- Invoking toplevel() on ptolemy.moml.MoMLSimpleApplication@978e22e
----------------- Done invoking toplevel() on ptolemy.moml.MoMLSimpleApplication@978e22e
reloadAllAccessors: .PublisherPortSubscriberChannelVariablesAOC2

===========================================================================================
----------------- testing Sat Jul 07 01:31:57 UTC 2018 /home/travis/build/icyphy/ptII/ptolemy/actor/lib/test/auto/PublisherPortSubscriberOpaqueWidthInference.xml
----------------- Instantiating /home/travis/build/icyphy/ptII/ptolemy/actor/lib/test/auto/PublisherPortSubscriberOpaqueWidthInference.xml
6 ms. Memory: 1227776K Free: 637767K (52%)
----------------- Invoking toplevel() on ptolemy.moml.MoMLSimpleApplication@6aefc67f
----------------- Done invoking toplevel() on ptolemy.moml.MoMLSimpleApplication@6aefc67f
reloadAllAccessors: .PublisherPortSubscriberOpaqueWidthInference

===========================================================================================
----------------- testing Sat Jul 07 01:31:57 UTC 2018 /home/travis/build/icyphy/ptII/ptolemy/actor/lib/test/auto/PublisherPortSubscriberPortAdjacent.xml
----------------- Instantiating /home/travis/build/icyphy/ptII/ptolemy/actor/lib/test/auto/PublisherPortSubscriberPortAdjacent.xml
2 ms. Memory: 1227776K Free: 615526K (50%)
----------------- Invoking toplevel() on ptolemy.moml.MoMLSimpleApplication@434e9f5d
----------------- Done invoking toplevel() on ptolemy.moml.MoMLSimpleApplication@434e9f5d
reloadAllAccessors: .PublisherPortSubscriberPortAdjacent

===========================================================================================
----------------- testing Sat Jul 07 01:31:57 UTC 2018 /home/travis/build/icyphy/ptII/ptolemy/actor/lib/test/auto/PublisherPortSubscriberPortExpression.xml
----------------- Instantiating /home/travis/build/icyphy/ptII/ptolemy/actor/lib/test/auto/PublisherPortSubscriberPortExpression.xml
4 ms. Memory: 1227776K Free: 604283K (49%)
----------------- Invoking toplevel() on ptolemy.moml.MoMLSimpleApplication@64b499cb
----------------- Done invoking toplevel() on ptolemy.moml.MoMLSimpleApplication@64b499cb
reloadAllAccessors: .PublisherPortSubscriberPortExpression

===========================================================================================
----------------- testing Sat Jul 07 01:31:57 UTC 2018 /home/travis/build/icyphy/ptII/ptolemy/actor/lib/test/auto/PublisherPortSubscriberPortOpaqueD3Reverse.xml
----------------- Instantiating /home/travis/build/icyphy/ptII/ptolemy/actor/lib/test/auto/PublisherPortSubscriberPortOpaqueD3Reverse.xml
6 ms. Memory: 1227776K Free: 587402K (48%)
----------------- Invoking toplevel() on ptolemy.moml.MoMLSimpleApplication@696fb466
----------------- Done invoking toplevel() on ptolemy.moml.MoMLSimpleApplication@696fb466
reloadAllAccessors: .PublisherPortSubscriberPortOpaqueD3Reverse

===========================================================================================
----------------- testing Sat Jul 07 01:31:57 UTC 2018 /home/travis/build/icyphy/ptII/ptolemy/actor/lib/test/auto/PublisherPortSubscriberPortOpaqueWidthInference.xml
----------------- Instantiating /home/travis/build/icyphy/ptII/ptolemy/actor/lib/test/auto/PublisherPortSubscriberPortOpaqueWidthInference.xml
4 ms. Memory: 1227776K Free: 570799K (46%)
----------------- Invoking toplevel() on ptolemy.moml.MoMLSimpleApplication@7a0f7bbc
----------------- Done invoking toplevel() on ptolemy.moml.MoMLSimpleApplication@7a0f7bbc
reloadAllAccessors: .PublisherPortSubscriberPortOpaqueWidthInference

===========================================================================================
----------------- testing Sat Jul 07 01:31:57 UTC 2018 /home/travis/build/icyphy/ptII/ptolemy/actor/lib/test/auto/PublisherPortToplevelSubscriberPortAOC.xml
----------------- Instantiating /home/travis/build/icyphy/ptII/ptolemy/actor/lib/test/auto/PublisherPortToplevelSubscriberPortAOC.xml
.PublisherPortToplevelSubscriberPortAOC.TestExceptionAttribute: initialize() was not invoked, but wrapup() was.  This is unusual, but not always a problem.  For example, exporting JNLP will do this.
0 ms. Memory: 1227776K Free: 559555K (46%)
----------------- Invoking toplevel() on ptolemy.moml.MoMLSimpleApplication@1e7c452e
----------------- Done invoking toplevel() on ptolemy.moml.MoMLSimpleApplication@1e7c452e
reloadAllAccessors: .PublisherPortToplevelSubscriberPortAOC

===========================================================================================
----------------- testing Sat Jul 07 01:31:57 UTC 2018 /home/travis/build/icyphy/ptII/ptolemy/actor/lib/test/auto/PublisherSubscriber.xml
----------------- Instantiating /home/travis/build/icyphy/ptII/ptolemy/actor/lib/test/auto/PublisherSubscriber.xml
4 ms. Memory: 1227776K Free: 542952K (44%)
----------------- Invoking toplevel() on ptolemy.moml.MoMLSimpleApplication@3b2e68db
----------------- Done invoking toplevel() on ptolemy.moml.MoMLSimpleApplication@3b2e68db
reloadAllAccessors: .PublisherSubscriber

===========================================================================================
----------------- testing Sat Jul 07 01:31:57 UTC 2018 /home/travis/build/icyphy/ptII/ptolemy/actor/lib/test/auto/PublisherSubscriber10.xml
----------------- Instantiating /home/travis/build/icyphy/ptII/ptolemy/actor/lib/test/auto/PublisherSubscriber10.xml
6 ms. Memory: 1227776K Free: 526079K (43%)
----------------- Invoking toplevel() on ptolemy.moml.MoMLSimpleApplication@308f1dec
----------------- Done invoking toplevel() on ptolemy.moml.MoMLSimpleApplication@308f1dec
reloadAllAccessors: .PublisherSubscriber10

===========================================================================================
----------------- testing Sat Jul 07 01:31:57 UTC 2018 /home/travis/build/icyphy/ptII/ptolemy/actor/lib/test/auto/PublisherSubscriber10InitialOutputs.xml
----------------- Instantiating /home/travis/build/icyphy/ptII/ptolemy/actor/lib/test/auto/PublisherSubscriber10InitialOutputs.xml
13 ms. Memory: 1227776K Free: 503839K (41%)
----------------- Invoking toplevel() on ptolemy.moml.MoMLSimpleApplication@2d7ecd8
----------------- Done invoking toplevel() on ptolemy.moml.MoMLSimpleApplication@2d7ecd8
reloadAllAccessors: .PublisherSubscriber10InitialOutputs

===========================================================================================
----------------- testing Sat Jul 07 01:31:57 UTC 2018 /home/travis/build/icyphy/ptII/ptolemy/actor/lib/test/auto/PublisherSubscriber11.xml
----------------- Instantiating /home/travis/build/icyphy/ptII/ptolemy/actor/lib/test/auto/PublisherSubscriber11.xml
6 ms. Memory: 1227776K Free: 492595K (40%)
----------------- Invoking toplevel() on ptolemy.moml.MoMLSimpleApplication@65833f59
----------------- Done invoking toplevel() on ptolemy.moml.MoMLSimpleApplication@65833f59
reloadAllAccessors: .PublisherSubscriber11

===========================================================================================
----------------- testing Sat Jul 07 01:31:57 UTC 2018 /home/travis/build/icyphy/ptII/ptolemy/actor/lib/test/auto/PublisherSubscriber12.xml
----------------- Instantiating /home/travis/build/icyphy/ptII/ptolemy/actor/lib/test/auto/PublisherSubscriber12.xml
6 ms. Memory: 1227776K Free: 475992K (39%)
----------------- Invoking toplevel() on ptolemy.moml.MoMLSimpleApplication@766ec902
----------------- Done invoking toplevel() on ptolemy.moml.MoMLSimpleApplication@766ec902
reloadAllAccessors: .PublisherSubscriber12

===========================================================================================
----------------- testing Sat Jul 07 01:31:57 UTC 2018 /home/travis/build/icyphy/ptII/ptolemy/actor/lib/test/auto/PublisherSubscriber13.xml
----------------- Instantiating /home/travis/build/icyphy/ptII/ptolemy/actor/lib/test/auto/PublisherSubscriber13.xml
2 ms. Memory: 1227776K Free: 464749K (38%)
----------------- Invoking toplevel() on ptolemy.moml.MoMLSimpleApplication@24271a98
----------------- Done invoking toplevel() on ptolemy.moml.MoMLSimpleApplication@24271a98
reloadAllAccessors: .PublisherSubscriber13

===========================================================================================
----------------- testing Sat Jul 07 01:31:57 UTC 2018 /home/travis/build/icyphy/ptII/ptolemy/actor/lib/test/auto/PublisherSubscriber14.xml
----------------- Instantiating /home/travis/build/icyphy/ptII/ptolemy/actor/lib/test/auto/PublisherSubscriber14.xml
2 ms. Memory: 1227776K Free: 447884K (36%)
----------------- Invoking toplevel() on ptolemy.moml.MoMLSimpleApplication@102319dc
----------------- Done invoking toplevel() on ptolemy.moml.MoMLSimpleApplication@102319dc
reloadAllAccessors: .PublisherSubscriber14

===========================================================================================
----------------- testing Sat Jul 07 01:31:58 UTC 2018 /home/travis/build/icyphy/ptII/ptolemy/actor/lib/test/auto/PublisherSubscriber2.xml
----------------- Instantiating /home/travis/build/icyphy/ptII/ptolemy/actor/lib/test/auto/PublisherSubscriber2.xml
4 ms. Memory: 1227776K Free: 431281K (35%)
----------------- Invoking toplevel() on ptolemy.moml.MoMLSimpleApplication@67f7cdbb
----------------- Done invoking toplevel() on ptolemy.moml.MoMLSimpleApplication@67f7cdbb
reloadAllAccessors: .PublisherSubscriber2

===========================================================================================
----------------- testing Sat Jul 07 01:31:58 UTC 2018 /home/travis/build/icyphy/ptII/ptolemy/actor/lib/test/auto/PublisherSubscriber3.xml
----------------- Instantiating /home/travis/build/icyphy/ptII/ptolemy/actor/lib/test/auto/PublisherSubscriber3.xml
2 ms. Memory: 1227776K Free: 420037K (34%)
----------------- Invoking toplevel() on ptolemy.moml.MoMLSimpleApplication@1e3de6fa
----------------- Done invoking toplevel() on ptolemy.moml.MoMLSimpleApplication@1e3de6fa
reloadAllAccessors: .PublisherSubscriber3

===========================================================================================
----------------- testing Sat Jul 07 01:31:58 UTC 2018 /home/travis/build/icyphy/ptII/ptolemy/actor/lib/test/auto/PublisherSubscriber4.xml
----------------- Instantiating /home/travis/build/icyphy/ptII/ptolemy/actor/lib/test/auto/PublisherSubscriber4.xml
2 ms. Memory: 1227776K Free: 403435K (33%)
----------------- Invoking toplevel() on ptolemy.moml.MoMLSimpleApplication@16b606b2
----------------- Done invoking toplevel() on ptolemy.moml.MoMLSimpleApplication@16b606b2
reloadAllAccessors: .PublisherSubscriber4

===========================================================================================
----------------- testing Sat Jul 07 01:31:58 UTC 2018 /home/travis/build/icyphy/ptII/ptolemy/actor/lib/test/auto/PublisherSubscriber5.xml
----------------- Instantiating /home/travis/build/icyphy/ptII/ptolemy/actor/lib/test/auto/PublisherSubscriber5.xml
2 ms. Memory: 1227776K Free: 392191K (32%)
----------------- Invoking toplevel() on ptolemy.moml.MoMLSimpleApplication@7841c739
----------------- Done invoking toplevel() on ptolemy.moml.MoMLSimpleApplication@7841c739
reloadAllAccessors: .PublisherSubscriber5

===========================================================================================
----------------- testing Sat Jul 07 01:31:58 UTC 2018 /home/travis/build/icyphy/ptII/ptolemy/actor/lib/test/auto/PublisherSubscriber6.xml
----------------- Instantiating /home/travis/build/icyphy/ptII/ptolemy/actor/lib/test/auto/PublisherSubscriber6.xml
4 ms. Memory: 1227776K Free: 375588K (31%)
----------------- Invoking toplevel() on ptolemy.moml.MoMLSimpleApplication@8ab71e0
----------------- Done invoking toplevel() on ptolemy.moml.MoMLSimpleApplication@8ab71e0
reloadAllAccessors: .PublisherSubscriber6

===========================================================================================
----------------- testing Sat Jul 07 01:31:58 UTC 2018 /home/travis/build/icyphy/ptII/ptolemy/actor/lib/test/auto/PublisherSubscriber7.xml
----------------- Instantiating /home/travis/build/icyphy/ptII/ptolemy/actor/lib/test/auto/PublisherSubscriber7.xml
7 ms. Memory: 1227776K Free: 364345K (30%)
----------------- Invoking toplevel() on ptolemy.moml.MoMLSimpleApplication@2b321a80
----------------- Done invoking toplevel() on ptolemy.moml.MoMLSimpleApplication@2b321a80
reloadAllAccessors: .PublisherSubscriber7

===========================================================================================
----------------- testing Sat Jul 07 01:31:58 UTC 2018 /home/travis/build/icyphy/ptII/ptolemy/actor/lib/test/auto/PublisherSubscriber8.xml
----------------- Instantiating /home/travis/build/icyphy/ptII/ptolemy/actor/lib/test/auto/PublisherSubscriber8.xml
18 ms. Memory: 1227776K Free: 291523K (24%)
----------------- Invoking toplevel() on ptolemy.moml.MoMLSimpleApplication@7404f918
----------------- Done invoking toplevel() on ptolemy.moml.MoMLSimpleApplication@7404f918
reloadAllAccessors: .PublisherSubscriber8

===========================================================================================
----------------- testing Sat Jul 07 01:31:58 UTC 2018 /home/travis/build/icyphy/ptII/ptolemy/actor/lib/test/auto/PublisherSubscriber9.xml
----------------- Instantiating /home/travis/build/icyphy/ptII/ptolemy/actor/lib/test/auto/PublisherSubscriber9.xml
2 ms. Memory: 1227776K Free: 280280K (23%)
----------------- Invoking toplevel() on ptolemy.moml.MoMLSimpleApplication@60a83889
----------------- Done invoking toplevel() on ptolemy.moml.MoMLSimpleApplication@60a83889
reloadAllAccessors: .PublisherSubscriber9

===========================================================================================
----------------- testing Sat Jul 07 01:31:58 UTC 2018 /home/travis/build/icyphy/ptII/ptolemy/actor/lib/test/auto/PublisherSubscriberAdjacent.xml
----------------- Instantiating /home/travis/build/icyphy/ptII/ptolemy/actor/lib/test/auto/PublisherSubscriberAdjacent.xml
2 ms. Memory: 1227776K Free: 258055K (21%)
----------------- Invoking toplevel() on ptolemy.moml.MoMLSimpleApplication@21d8ab88
----------------- Done invoking toplevel() on ptolemy.moml.MoMLSimpleApplication@21d8ab88
reloadAllAccessors: .PublisherSubscriberAdjacent

===========================================================================================
----------------- testing Sat Jul 07 01:31:58 UTC 2018 /home/travis/build/icyphy/ptII/ptolemy/actor/lib/test/auto/PublisherSubscriberChannelVariablesAOC2.xml
----------------- Instantiating /home/travis/build/icyphy/ptII/ptolemy/actor/lib/test/auto/PublisherSubscriberChannelVariablesAOC2.xml
2 ms. Memory: 1227776K Free: 235544K (19%)
----------------- Invoking toplevel() on ptolemy.moml.MoMLSimpleApplication@30a808bc
----------------- Done invoking toplevel() on ptolemy.moml.MoMLSimpleApplication@30a808bc
reloadAllAccessors: .PublisherSubscriberChannelVariablesAOC2

===========================================================================================
----------------- testing Sat Jul 07 01:31:58 UTC 2018 /home/travis/build/icyphy/ptII/ptolemy/actor/lib/test/auto/PublisherSubscriberD3.xml
----------------- Instantiating /home/travis/build/icyphy/ptII/ptolemy/actor/lib/test/auto/PublisherSubscriberD3.xml
2 ms. Memory: 1227776K Free: 224301K (18%)
----------------- Invoking toplevel() on ptolemy.moml.MoMLSimpleApplication@7a8cd0b
----------------- Done invoking toplevel() on ptolemy.moml.MoMLSimpleApplication@7a8cd0b
reloadAllAccessors: .PublisherSubscriberD3

===========================================================================================
----------------- testing Sat Jul 07 01:31:58 UTC 2018 /home/travis/build/icyphy/ptII/ptolemy/actor/lib/test/auto/PublisherSubscriberD3Reverse.xml
----------------- Instantiating /home/travis/build/icyphy/ptII/ptolemy/actor/lib/test/auto/PublisherSubscriberD3Reverse.xml
2 ms. Memory: 1227776K Free: 207698K (17%)
----------------- Invoking toplevel() on ptolemy.moml.MoMLSimpleApplication@444b14ed
----------------- Done invoking toplevel() on ptolemy.moml.MoMLSimpleApplication@444b14ed
reloadAllAccessors: .PublisherSubscriberD3Reverse

===========================================================================================
----------------- testing Sat Jul 07 01:31:58 UTC 2018 /home/travis/build/icyphy/ptII/ptolemy/actor/lib/test/auto/PublisherSubscriberExpression.xml
----------------- Instantiating /home/travis/build/icyphy/ptII/ptolemy/actor/lib/test/auto/PublisherSubscriberExpression.xml
3 ms. Memory: 1227776K Free: 190825K (16%)
----------------- Invoking toplevel() on ptolemy.moml.MoMLSimpleApplication@4fca28ad
----------------- Done invoking toplevel() on ptolemy.moml.MoMLSimpleApplication@4fca28ad
reloadAllAccessors: .PublisherSubscriberExpression

===========================================================================================
----------------- testing Sat Jul 07 01:31:58 UTC 2018 /home/travis/build/icyphy/ptII/ptolemy/actor/lib/test/auto/PublisherSubscriberOpaque.xml
----------------- Instantiating /home/travis/build/icyphy/ptII/ptolemy/actor/lib/test/auto/PublisherSubscriberOpaque.xml
4 ms. Memory: 1227776K Free: 168584K (14%)
----------------- Invoking toplevel() on ptolemy.moml.MoMLSimpleApplication@72a36162
----------------- Done invoking toplevel() on ptolemy.moml.MoMLSimpleApplication@72a36162
reloadAllAccessors: .PublisherSubscriberOpaque

===========================================================================================
----------------- testing Sat Jul 07 01:31:58 UTC 2018 /home/travis/build/icyphy/ptII/ptolemy/actor/lib/test/auto/PublisherSubscriberOpaqueD3.xml
----------------- Instantiating /home/travis/build/icyphy/ptII/ptolemy/actor/lib/test/auto/PublisherSubscriberOpaqueD3.xml
5 ms. Memory: 1227776K Free: 151703K (12%)
----------------- Invoking toplevel() on ptolemy.moml.MoMLSimpleApplication@3fad8374
----------------- Done invoking toplevel() on ptolemy.moml.MoMLSimpleApplication@3fad8374
reloadAllAccessors: .PublisherSubscriberOpaqueD3

===========================================================================================
----------------- testing Sat Jul 07 01:31:58 UTC 2018 /home/travis/build/icyphy/ptII/ptolemy/actor/lib/test/auto/PublisherSubscriberOpaqueD3Reverse.xml
----------------- Instantiating /home/travis/build/icyphy/ptII/ptolemy/actor/lib/test/auto/PublisherSubscriberOpaqueD3Reverse.xml
7 ms. Memory: 1227776K Free: 129462K (11%)
----------------- Invoking toplevel() on ptolemy.moml.MoMLSimpleApplication@4553fa66
----------------- Done invoking toplevel() on ptolemy.moml.MoMLSimpleApplication@4553fa66
reloadAllAccessors: .PublisherSubscriberOpaqueD3Reverse

===========================================================================================
----------------- testing Sat Jul 07 01:31:58 UTC 2018 /home/travis/build/icyphy/ptII/ptolemy/actor/lib/test/auto/PublisherSubscriberOpaqueWidthInference.xml
----------------- Instantiating /home/travis/build/icyphy/ptII/ptolemy/actor/lib/test/auto/PublisherSubscriberOpaqueWidthInference.xml
6 ms. Memory: 1227776K Free: 112589K (9%)
----------------- Invoking toplevel() on ptolemy.moml.MoMLSimpleApplication@4c00577d
----------------- Done invoking toplevel() on ptolemy.moml.MoMLSimpleApplication@4c00577d
reloadAllAccessors: .PublisherSubscriberOpaqueWidthInference

===========================================================================================
----------------- testing Sat Jul 07 01:31:58 UTC 2018 /home/travis/build/icyphy/ptII/ptolemy/actor/lib/test/auto/PublisherTestSubscriber.xml
----------------- Instantiating /home/travis/build/icyphy/ptII/ptolemy/actor/lib/test/auto/PublisherTestSubscriber.xml
3 ms. Memory: 1227776K Free: 95986K (8%)
----------------- Invoking toplevel() on ptolemy.moml.MoMLSimpleApplication@4eebf243
----------------- Done invoking toplevel() on ptolemy.moml.MoMLSimpleApplication@4eebf243
reloadAllAccessors: .PublisherTestSubscriber

===========================================================================================
----------------- testing Sat Jul 07 01:31:58 UTC 2018 /home/travis/build/icyphy/ptII/ptolemy/actor/lib/test/auto/PublisherToplevelSubscriberPortAOC.xml
----------------- Instantiating /home/travis/build/icyphy/ptII/ptolemy/actor/lib/test/auto/PublisherToplevelSubscriberPortAOC.xml
2 ms. Memory: 1227776K Free: 84743K (7%)
----------------- Invoking toplevel() on ptolemy.moml.MoMLSimpleApplication@410f12f9
----------------- Done invoking toplevel() on ptolemy.moml.MoMLSimpleApplication@410f12f9
reloadAllAccessors: .PublisherToplevelSubscriberPortAOC

===========================================================================================
----------------- testing Sat Jul 07 01:31:58 UTC 2018 /home/travis/build/icyphy/ptII/ptolemy/actor/lib/test/auto/PulseFiringLimitDE.xml
----------------- Instantiating /home/travis/build/icyphy/ptII/ptolemy/actor/lib/test/auto/PulseFiringLimitDE.xml
3 ms. Memory: 1227776K Free: 68140K (6%)
----------------- Invoking toplevel() on ptolemy.moml.MoMLSimpleApplication@2dc379c8
----------------- Done invoking toplevel() on ptolemy.moml.MoMLSimpleApplication@2dc379c8
reloadAllAccessors: .PulseFiringLimitDE

===========================================================================================
----------------- testing Sat Jul 07 01:31:58 UTC 2018 /home/travis/build/icyphy/ptII/ptolemy/actor/lib/test/auto/Ramp1.xml
----------------- Instantiating /home/travis/build/icyphy/ptII/ptolemy/actor/lib/test/auto/Ramp1.xml
6 ms. Memory: 1252352K Free: 1206321K (96%)
----------------- Invoking toplevel() on ptolemy.moml.MoMLSimpleApplication@3f095887
----------------- Done invoking toplevel() on ptolemy.moml.MoMLSimpleApplication@3f095887
reloadAllAccessors: .Ramp1

===========================================================================================
----------------- testing Sat Jul 07 01:31:58 UTC 2018 /home/travis/build/icyphy/ptII/ptolemy/actor/lib/test/auto/RampFiringLimitDE.xml
----------------- Instantiating /home/travis/build/icyphy/ptII/ptolemy/actor/lib/test/auto/RampFiringLimitDE.xml
2 ms. Memory: 1252352K Free: 1187476K (95%)
----------------- Invoking toplevel() on ptolemy.moml.MoMLSimpleApplication@92a6f39
----------------- Done invoking toplevel() on ptolemy.moml.MoMLSimpleApplication@92a6f39
reloadAllAccessors: .RampFiringLimitDE

===========================================================================================
----------------- testing Sat Jul 07 01:31:58 UTC 2018 /home/travis/build/icyphy/ptII/ptolemy/actor/lib/test/auto/RampFiringLimitSDF.xml
----------------- Instantiating /home/travis/build/icyphy/ptII/ptolemy/actor/lib/test/auto/RampFiringLimitSDF.xml
2 ms. Memory: 1252352K Free: 1171467K (94%)
----------------- Invoking toplevel() on ptolemy.moml.MoMLSimpleApplication@475fe5f7
----------------- Done invoking toplevel() on ptolemy.moml.MoMLSimpleApplication@475fe5f7
reloadAllAccessors: .RampFiringLimitSDF

===========================================================================================
----------------- testing Sat Jul 07 01:31:58 UTC 2018 /home/travis/build/icyphy/ptII/ptolemy/actor/lib/test/auto/RandomInteger.xml
----------------- Instantiating /home/travis/build/icyphy/ptII/ptolemy/actor/lib/test/auto/RandomInteger.xml
1 ms. Memory: 1252352K Free: 1160126K (93%)
----------------- Invoking toplevel() on ptolemy.moml.MoMLSimpleApplication@2abfe219
----------------- Done invoking toplevel() on ptolemy.moml.MoMLSimpleApplication@2abfe219
reloadAllAccessors: .RandomInteger

===========================================================================================
----------------- testing Sat Jul 07 01:31:58 UTC 2018 /home/travis/build/icyphy/ptII/ptolemy/actor/lib/test/auto/ReadFile1.xml
----------------- Instantiating /home/travis/build/icyphy/ptII/ptolemy/actor/lib/test/auto/ReadFile1.xml
1 ms. Memory: 1252352K Free: 1144117K (91%)
----------------- Invoking toplevel() on ptolemy.moml.MoMLSimpleApplication@361c4bc
----------------- Done invoking toplevel() on ptolemy.moml.MoMLSimpleApplication@361c4bc
reloadAllAccessors: .ReadFile1

===========================================================================================
----------------- testing Sat Jul 07 01:31:58 UTC 2018 /home/travis/build/icyphy/ptII/ptolemy/actor/lib/test/auto/ReadFile2.xml
----------------- Instantiating /home/travis/build/icyphy/ptII/ptolemy/actor/lib/test/auto/ReadFile2.xml
1 ms. Memory: 1252352K Free: 1132776K (90%)
----------------- Invoking toplevel() on ptolemy.moml.MoMLSimpleApplication@76bb5524
----------------- Done invoking toplevel() on ptolemy.moml.MoMLSimpleApplication@76bb5524
reloadAllAccessors: .ReadFile2

===========================================================================================
----------------- testing Sat Jul 07 01:31:58 UTC 2018 /home/travis/build/icyphy/ptII/ptolemy/actor/lib/test/auto/Reader.xml
----------------- Instantiating /home/travis/build/icyphy/ptII/ptolemy/actor/lib/test/auto/Reader.xml
actor.lib.Reader is obsolete, use actor.lib.io.ExpressionReader instead
6 ms. Memory: 1252352K Free: 1116749K (89%)
----------------- Invoking toplevel() on ptolemy.moml.MoMLSimpleApplication@e54ffe6
----------------- Done invoking toplevel() on ptolemy.moml.MoMLSimpleApplication@e54ffe6
reloadAllAccessors: .Reader

===========================================================================================
----------------- testing Sat Jul 07 01:31:58 UTC 2018 /home/travis/build/icyphy/ptII/ptolemy/actor/lib/test/auto/RecordAssemblerDisplayNameTest.xml
----------------- Instantiating /home/travis/build/icyphy/ptII/ptolemy/actor/lib/test/auto/RecordAssemblerDisplayNameTest.xml
3719 ms. Memory: 1312768K Free: 1049206K (80%)
----------------- Invoking toplevel() on ptolemy.moml.MoMLSimpleApplication@e68d086
----------------- Done invoking toplevel() on ptolemy.moml.MoMLSimpleApplication@e68d086
reloadAllAccessors: .RecordAssemblerDisplayNameTest

===========================================================================================
----------------- testing Sat Jul 07 01:32:02 UTC 2018 /home/travis/build/icyphy/ptII/ptolemy/actor/lib/test/auto/RecordAssemblerTypeError.xml
----------------- Instantiating /home/travis/build/icyphy/ptII/ptolemy/actor/lib/test/auto/RecordAssemblerTypeError.xml
5 ms. Memory: 1312768K Free: 1024847K (78%)
----------------- Invoking toplevel() on ptolemy.moml.MoMLSimpleApplication@2e5f13a9
----------------- Done invoking toplevel() on ptolemy.moml.MoMLSimpleApplication@2e5f13a9
reloadAllAccessors: .RecordAssemblerTypeError

===========================================================================================
----------------- testing Sat Jul 07 01:32:02 UTC 2018 /home/travis/build/icyphy/ptII/ptolemy/actor/lib/test/auto/RecordDisassember.xml
----------------- Instantiating /home/travis/build/icyphy/ptII/ptolemy/actor/lib/test/auto/RecordDisassember.xml
2 ms. Memory: 1312768K Free: 1009485K (77%)
----------------- Invoking toplevel() on ptolemy.moml.MoMLSimpleApplication@2fc22271
----------------- Done invoking toplevel() on ptolemy.moml.MoMLSimpleApplication@2fc22271
reloadAllAccessors: .RecordDisassember

===========================================================================================
----------------- testing Sat Jul 07 01:32:02 UTC 2018 /home/travis/build/icyphy/ptII/ptolemy/actor/lib/test/auto/RecordDisassemberDisplayNameTest.xml
----------------- Instantiating /home/travis/build/icyphy/ptII/ptolemy/actor/lib/test/auto/RecordDisassemberDisplayNameTest.xml
4 ms. Memory: 1312768K Free: 994134K (76%)
----------------- Invoking toplevel() on ptolemy.moml.MoMLSimpleApplication@7e792622
----------------- Done invoking toplevel() on ptolemy.moml.MoMLSimpleApplication@7e792622
reloadAllAccessors: .RecordDisassemberDisplayNameTest

===========================================================================================
----------------- testing Sat Jul 07 01:32:02 UTC 2018 /home/travis/build/icyphy/ptII/ptolemy/actor/lib/test/auto/RecordDisassembler.xml
----------------- Instantiating /home/travis/build/icyphy/ptII/ptolemy/actor/lib/test/auto/RecordDisassembler.xml
2 ms. Memory: 1312768K Free: 982123K (75%)
----------------- Invoking toplevel() on ptolemy.moml.MoMLSimpleApplication@1ae2c6d8
----------------- Done invoking toplevel() on ptolemy.moml.MoMLSimpleApplication@1ae2c6d8
reloadAllAccessors: .RecordDisassembler

===========================================================================================
----------------- testing Sat Jul 07 01:32:02 UTC 2018 /home/travis/build/icyphy/ptII/ptolemy/actor/lib/test/auto/RecordDisassembler2.xml
----------------- Instantiating /home/travis/build/icyphy/ptII/ptolemy/actor/lib/test/auto/RecordDisassembler2.xml
2 ms. Memory: 1312768K Free: 966772K (74%)
----------------- Invoking toplevel() on ptolemy.moml.MoMLSimpleApplication@6dc11c6d
----------------- Done invoking toplevel() on ptolemy.moml.MoMLSimpleApplication@6dc11c6d
reloadAllAccessors: .RecordDisassembler2

===========================================================================================
----------------- testing Sat Jul 07 01:32:02 UTC 2018 /home/travis/build/icyphy/ptII/ptolemy/actor/lib/test/auto/RecordUpdater.xml
----------------- Instantiating /home/travis/build/icyphy/ptII/ptolemy/actor/lib/test/auto/RecordUpdater.xml
2 ms. Memory: 1312768K Free: 951422K (72%)
----------------- Invoking toplevel() on ptolemy.moml.MoMLSimpleApplication@94aa70
----------------- Done invoking toplevel() on ptolemy.moml.MoMLSimpleApplication@94aa70
reloadAllAccessors: .RecordUpdater

===========================================================================================
----------------- testing Sat Jul 07 01:32:02 UTC 2018 /home/travis/build/icyphy/ptII/ptolemy/actor/lib/test/auto/RecordUpdater2.xml
----------------- Instantiating /home/travis/build/icyphy/ptII/ptolemy/actor/lib/test/auto/RecordUpdater2.xml
1 ms. Memory: 1312768K Free: 936072K (71%)
----------------- Invoking toplevel() on ptolemy.moml.MoMLSimpleApplication@422ae6f1
----------------- Done invoking toplevel() on ptolemy.moml.MoMLSimpleApplication@422ae6f1
reloadAllAccessors: .RecordUpdater2

===========================================================================================
----------------- testing Sat Jul 07 01:32:02 UTC 2018 /home/travis/build/icyphy/ptII/ptolemy/actor/lib/test/auto/RecursiveLattice.xml
----------------- Instantiating /home/travis/build/icyphy/ptII/ptolemy/actor/lib/test/auto/RecursiveLattice.xml
1 ms. Memory: 1312768K Free: 924060K (70%)
----------------- Invoking toplevel() on ptolemy.moml.MoMLSimpleApplication@651dd3a8
----------------- Done invoking toplevel() on ptolemy.moml.MoMLSimpleApplication@651dd3a8
reloadAllAccessors: .RecursiveLattice

===========================================================================================
----------------- testing Sat Jul 07 01:32:02 UTC 2018 /home/travis/build/icyphy/ptII/ptolemy/actor/lib/test/auto/Router.xml
----------------- Instantiating /home/travis/build/icyphy/ptII/ptolemy/actor/lib/test/auto/Router.xml
3003 ms. Memory: 1312768K Free: 902688K (69%)
----------------- Invoking toplevel() on ptolemy.moml.MoMLSimpleApplication@65e4e65
----------------- Done invoking toplevel() on ptolemy.moml.MoMLSimpleApplication@65e4e65
reloadAllAccessors: .Router

===========================================================================================
----------------- testing Sat Jul 07 01:32:05 UTC 2018 /home/travis/build/icyphy/ptII/ptolemy/actor/lib/test/auto/Router2.xml
----------------- Instantiating /home/travis/build/icyphy/ptII/ptolemy/actor/lib/test/auto/Router2.xml
3003 ms. Memory: 1312768K Free: 887338K (68%)
----------------- Invoking toplevel() on ptolemy.moml.MoMLSimpleApplication@69e3f312
----------------- Done invoking toplevel() on ptolemy.moml.MoMLSimpleApplication@69e3f312
reloadAllAccessors: .Router2

===========================================================================================
----------------- testing Sat Jul 07 01:32:08 UTC 2018 /home/travis/build/icyphy/ptII/ptolemy/actor/lib/test/auto/RunningMaximum.xml
----------------- Instantiating /home/travis/build/icyphy/ptII/ptolemy/actor/lib/test/auto/RunningMaximum.xml
2 ms. Memory: 1312768K Free: 871988K (66%)
----------------- Invoking toplevel() on ptolemy.moml.MoMLSimpleApplication@630ef756
----------------- Done invoking toplevel() on ptolemy.moml.MoMLSimpleApplication@630ef756
reloadAllAccessors: .RunningMaximum

===========================================================================================
----------------- testing Sat Jul 07 01:32:08 UTC 2018 /home/travis/build/icyphy/ptII/ptolemy/actor/lib/test/auto/RunningMinimum.xml
----------------- Instantiating /home/travis/build/icyphy/ptII/ptolemy/actor/lib/test/auto/RunningMinimum.xml
5 ms. Memory: 1312768K Free: 859976K (66%)
----------------- Invoking toplevel() on ptolemy.moml.MoMLSimpleApplication@4b784783
----------------- Done invoking toplevel() on ptolemy.moml.MoMLSimpleApplication@4b784783
reloadAllAccessors: .RunningMinimum

===========================================================================================
----------------- testing Sat Jul 07 01:32:08 UTC 2018 /home/travis/build/icyphy/ptII/ptolemy/actor/lib/test/auto/Scale.xml
----------------- Instantiating /home/travis/build/icyphy/ptII/ptolemy/actor/lib/test/auto/Scale.xml
1 ms. Memory: 1312768K Free: 844626K (64%)
----------------- Invoking toplevel() on ptolemy.moml.MoMLSimpleApplication@44c6d17a
----------------- Done invoking toplevel() on ptolemy.moml.MoMLSimpleApplication@44c6d17a
reloadAllAccessors: .Scale

===========================================================================================
----------------- testing Sat Jul 07 01:32:08 UTC 2018 /home/travis/build/icyphy/ptII/ptolemy/actor/lib/test/auto/Scale2.xml
----------------- Instantiating /home/travis/build/icyphy/ptII/ptolemy/actor/lib/test/auto/Scale2.xml
1 ms. Memory: 1312768K Free: 829276K (63%)
----------------- Invoking toplevel() on ptolemy.moml.MoMLSimpleApplication@43a5510e
----------------- Done invoking toplevel() on ptolemy.moml.MoMLSimpleApplication@43a5510e
reloadAllAccessors: .Scale2

===========================================================================================
----------------- testing Sat Jul 07 01:32:08 UTC 2018 /home/travis/build/icyphy/ptII/ptolemy/actor/lib/test/auto/Scale3.xml
----------------- Instantiating /home/travis/build/icyphy/ptII/ptolemy/actor/lib/test/auto/Scale3.xml
3 ms. Memory: 1312768K Free: 817264K (62%)
----------------- Invoking toplevel() on ptolemy.moml.MoMLSimpleApplication@4e505ef6
----------------- Done invoking toplevel() on ptolemy.moml.MoMLSimpleApplication@4e505ef6
reloadAllAccessors: .Scale3

===========================================================================================
----------------- testing Sat Jul 07 01:32:08 UTC 2018 /home/travis/build/icyphy/ptII/ptolemy/actor/lib/test/auto/ScaleArray.xml
----------------- Instantiating /home/travis/build/icyphy/ptII/ptolemy/actor/lib/test/auto/ScaleArray.xml
2 ms. Memory: 1312768K Free: 801914K (61%)
----------------- Invoking toplevel() on ptolemy.moml.MoMLSimpleApplication@33fc6725
----------------- Done invoking toplevel() on ptolemy.moml.MoMLSimpleApplication@33fc6725
reloadAllAccessors: .ScaleArray

===========================================================================================
----------------- testing Sat Jul 07 01:32:08 UTC 2018 /home/travis/build/icyphy/ptII/ptolemy/actor/lib/test/auto/ScaleArray2.xml
----------------- Instantiating /home/travis/build/icyphy/ptII/ptolemy/actor/lib/test/auto/ScaleArray2.xml
1 ms. Memory: 1312768K Free: 786564K (60%)
----------------- Invoking toplevel() on ptolemy.moml.MoMLSimpleApplication@6a9eaaba
----------------- Done invoking toplevel() on ptolemy.moml.MoMLSimpleApplication@6a9eaaba
reloadAllAccessors: .ScaleArray2

===========================================================================================
----------------- testing Sat Jul 07 01:32:08 UTC 2018 /home/travis/build/icyphy/ptII/ptolemy/actor/lib/test/auto/ScaleMatrix.xml
----------------- Instantiating /home/travis/build/icyphy/ptII/ptolemy/actor/lib/test/auto/ScaleMatrix.xml
106 ms. Memory: 1312768K Free: 765208K (58%)
----------------- Invoking toplevel() on ptolemy.moml.MoMLSimpleApplication@1cba4425
----------------- Done invoking toplevel() on ptolemy.moml.MoMLSimpleApplication@1cba4425
reloadAllAccessors: .ScaleMatrix

===========================================================================================
----------------- testing Sat Jul 07 01:32:08 UTC 2018 /home/travis/build/icyphy/ptII/ptolemy/actor/lib/test/auto/Select.xml
----------------- Instantiating /home/travis/build/icyphy/ptII/ptolemy/actor/lib/test/auto/Select.xml
2 ms. Memory: 1312768K Free: 753196K (57%)
----------------- Invoking toplevel() on ptolemy.moml.MoMLSimpleApplication@33c3abae
----------------- Done invoking toplevel() on ptolemy.moml.MoMLSimpleApplication@33c3abae
reloadAllAccessors: .Select

===========================================================================================
----------------- testing Sat Jul 07 01:32:08 UTC 2018 /home/travis/build/icyphy/ptII/ptolemy/actor/lib/test/auto/Select2.xml
----------------- Instantiating /home/travis/build/icyphy/ptII/ptolemy/actor/lib/test/auto/Select2.xml
1 ms. Memory: 1312768K Free: 737846K (56%)
----------------- Invoking toplevel() on ptolemy.moml.MoMLSimpleApplication@788e276f
----------------- Done invoking toplevel() on ptolemy.moml.MoMLSimpleApplication@788e276f
reloadAllAccessors: .Select2

===========================================================================================
----------------- testing Sat Jul 07 01:32:08 UTC 2018 /home/travis/build/icyphy/ptII/ptolemy/actor/lib/test/auto/SequenceToArray2.xml
----------------- Instantiating /home/travis/build/icyphy/ptII/ptolemy/actor/lib/test/auto/SequenceToArray2.xml
78 ms. Memory: 1312768K Free: 656424K (50%)
----------------- Invoking toplevel() on ptolemy.moml.MoMLSimpleApplication@18e34ef4
----------------- Done invoking toplevel() on ptolemy.moml.MoMLSimpleApplication@18e34ef4
reloadAllAccessors: .SequenceToArray2

===========================================================================================
----------------- testing Sat Jul 07 01:32:08 UTC 2018 /home/travis/build/icyphy/ptII/ptolemy/actor/lib/test/auto/SequentialClock.xml
----------------- Instantiating /home/travis/build/icyphy/ptII/ptolemy/actor/lib/test/auto/SequentialClock.xml
1 ms. Memory: 1312768K Free: 641074K (49%)
----------------- Invoking toplevel() on ptolemy.moml.MoMLSimpleApplication@3ee2c3c6
----------------- Done invoking toplevel() on ptolemy.moml.MoMLSimpleApplication@3ee2c3c6
reloadAllAccessors: .SequentialClock

===========================================================================================
----------------- testing Sat Jul 07 01:32:08 UTC 2018 /home/travis/build/icyphy/ptII/ptolemy/actor/lib/test/auto/SetVariable.xml
----------------- Instantiating /home/travis/build/icyphy/ptII/ptolemy/actor/lib/test/auto/SetVariable.xml
2 ms. Memory: 1312768K Free: 629062K (48%)
----------------- Invoking toplevel() on ptolemy.moml.MoMLSimpleApplication@61f4cbab
----------------- Done invoking toplevel() on ptolemy.moml.MoMLSimpleApplication@61f4cbab
reloadAllAccessors: .SetVariable

===========================================================================================
----------------- testing Sat Jul 07 01:32:08 UTC 2018 /home/travis/build/icyphy/ptII/ptolemy/actor/lib/test/auto/SetVariable2.xml
----------------- Instantiating /home/travis/build/icyphy/ptII/ptolemy/actor/lib/test/auto/SetVariable2.xml
2 ms. Memory: 1312768K Free: 613712K (47%)
----------------- Invoking toplevel() on ptolemy.moml.MoMLSimpleApplication@309733cf
----------------- Done invoking toplevel() on ptolemy.moml.MoMLSimpleApplication@309733cf
reloadAllAccessors: .SetVariable2

===========================================================================================
----------------- testing Sat Jul 07 01:32:08 UTC 2018 /home/travis/build/icyphy/ptII/ptolemy/actor/lib/test/auto/SetVariable3.xml
----------------- Instantiating /home/travis/build/icyphy/ptII/ptolemy/actor/lib/test/auto/SetVariable3.xml
6 ms. Memory: 1312768K Free: 598361K (46%)
----------------- Invoking toplevel() on ptolemy.moml.MoMLSimpleApplication@2c83328
----------------- Done invoking toplevel() on ptolemy.moml.MoMLSimpleApplication@2c83328
reloadAllAccessors: .SetVariable3

===========================================================================================
----------------- testing Sat Jul 07 01:32:08 UTC 2018 /home/travis/build/icyphy/ptII/ptolemy/actor/lib/test/auto/SetVariable4.xml
----------------- Instantiating /home/travis/build/icyphy/ptII/ptolemy/actor/lib/test/auto/SetVariable4.xml
17 ms. Memory: 1312768K Free: 540971K (41%)
----------------- Invoking toplevel() on ptolemy.moml.MoMLSimpleApplication@e8e1902
----------------- Done invoking toplevel() on ptolemy.moml.MoMLSimpleApplication@e8e1902
reloadAllAccessors: .SetVariable4

===========================================================================================
----------------- testing Sat Jul 07 01:32:09 UTC 2018 /home/travis/build/icyphy/ptII/ptolemy/actor/lib/test/auto/SetVariable5.xml
----------------- Instantiating /home/travis/build/icyphy/ptII/ptolemy/actor/lib/test/auto/SetVariable5.xml
8 ms. Memory: 1312768K Free: 522953K (40%)
----------------- Invoking toplevel() on ptolemy.moml.MoMLSimpleApplication@4258be2f
----------------- Done invoking toplevel() on ptolemy.moml.MoMLSimpleApplication@4258be2f
reloadAllAccessors: .SetVariable5

===========================================================================================
----------------- testing Sat Jul 07 01:32:09 UTC 2018 /home/travis/build/icyphy/ptII/ptolemy/actor/lib/test/auto/Sinewave.xml
----------------- Instantiating /home/travis/build/icyphy/ptII/ptolemy/actor/lib/test/auto/Sinewave.xml
4 ms. Memory: 1312768K Free: 501597K (38%)
----------------- Invoking toplevel() on ptolemy.moml.MoMLSimpleApplication@7c7fe6b7
----------------- Done invoking toplevel() on ptolemy.moml.MoMLSimpleApplication@7c7fe6b7
reloadAllAccessors: .Sinewave

===========================================================================================
----------------- testing Sat Jul 07 01:32:09 UTC 2018 /home/travis/build/icyphy/ptII/ptolemy/actor/lib/test/auto/Sinewave2.xml
----------------- Instantiating /home/travis/build/icyphy/ptII/ptolemy/actor/lib/test/auto/Sinewave2.xml
4 ms. Memory: 1312768K Free: 486247K (37%)
----------------- Invoking toplevel() on ptolemy.moml.MoMLSimpleApplication@1c4b0355
----------------- Done invoking toplevel() on ptolemy.moml.MoMLSimpleApplication@1c4b0355
reloadAllAccessors: .Sinewave2

===========================================================================================
----------------- testing Sat Jul 07 01:32:09 UTC 2018 /home/travis/build/icyphy/ptII/ptolemy/actor/lib/test/auto/Sinewave3.xml
----------------- Instantiating /home/travis/build/icyphy/ptII/ptolemy/actor/lib/test/auto/Sinewave3.xml
9 ms. Memory: 1312768K Free: 474236K (36%)
----------------- Invoking toplevel() on ptolemy.moml.MoMLSimpleApplication@2c6abdf6
----------------- Done invoking toplevel() on ptolemy.moml.MoMLSimpleApplication@2c6abdf6
reloadAllAccessors: .Sinewave3

===========================================================================================
----------------- testing Sat Jul 07 01:32:09 UTC 2018 /home/travis/build/icyphy/ptII/ptolemy/actor/lib/test/auto/SingleEvent.xml
----------------- Instantiating /home/travis/build/icyphy/ptII/ptolemy/actor/lib/test/auto/SingleEvent.xml
2 ms. Memory: 1312768K Free: 458885K (35%)
----------------- Invoking toplevel() on ptolemy.moml.MoMLSimpleApplication@70fcb02
----------------- Done invoking toplevel() on ptolemy.moml.MoMLSimpleApplication@70fcb02
reloadAllAccessors: .SingleEvent

===========================================================================================
----------------- testing Sat Jul 07 01:32:09 UTC 2018 /home/travis/build/icyphy/ptII/ptolemy/actor/lib/test/auto/Sleep.xml
----------------- Instantiating /home/travis/build/icyphy/ptII/ptolemy/actor/lib/test/auto/Sleep.xml
6004 ms. Memory: 1312768K Free: 443535K (34%)
----------------- Invoking toplevel() on ptolemy.moml.MoMLSimpleApplication@21e4ace7
----------------- Done invoking toplevel() on ptolemy.moml.MoMLSimpleApplication@21e4ace7
reloadAllAccessors: .Sleep

===========================================================================================
----------------- testing Sat Jul 07 01:32:15 UTC 2018 /home/travis/build/icyphy/ptII/ptolemy/actor/lib/test/auto/SleepMultipleFire.xml
----------------- Instantiating /home/travis/build/icyphy/ptII/ptolemy/actor/lib/test/auto/SleepMultipleFire.xml
1004 ms. Memory: 1312768K Free: 428185K (33%)
----------------- Invoking toplevel() on ptolemy.moml.MoMLSimpleApplication@7fbd51b
----------------- Done invoking toplevel() on ptolemy.moml.MoMLSimpleApplication@7fbd51b
reloadAllAccessors: .SleepMultipleFire

===========================================================================================
----------------- testing Sat Jul 07 01:32:16 UTC 2018 /home/travis/build/icyphy/ptII/ptolemy/actor/lib/test/auto/StopDE.xml
----------------- Instantiating /home/travis/build/icyphy/ptII/ptolemy/actor/lib/test/auto/StopDE.xml
4 ms. Memory: 1312768K Free: 416173K (32%)
----------------- Invoking toplevel() on ptolemy.moml.MoMLSimpleApplication@e2e45fc
----------------- Done invoking toplevel() on ptolemy.moml.MoMLSimpleApplication@e2e45fc
reloadAllAccessors: .StopDE

===========================================================================================
----------------- testing Sat Jul 07 01:32:16 UTC 2018 /home/travis/build/icyphy/ptII/ptolemy/actor/lib/test/auto/StopSDF.xml
----------------- Instantiating /home/travis/build/icyphy/ptII/ptolemy/actor/lib/test/auto/StopSDF.xml
2 ms. Memory: 1312768K Free: 400823K (31%)
----------------- Invoking toplevel() on ptolemy.moml.MoMLSimpleApplication@2eca008c
----------------- Done invoking toplevel() on ptolemy.moml.MoMLSimpleApplication@2eca008c
reloadAllAccessors: .StopSDF

===========================================================================================
----------------- testing Sat Jul 07 01:32:16 UTC 2018 /home/travis/build/icyphy/ptII/ptolemy/actor/lib/test/auto/StringConstant.xml
----------------- Instantiating /home/travis/build/icyphy/ptII/ptolemy/actor/lib/test/auto/StringConstant.xml
4 ms. Memory: 1312768K Free: 385473K (29%)
----------------- Invoking toplevel() on ptolemy.moml.MoMLSimpleApplication@169cd6be
----------------- Done invoking toplevel() on ptolemy.moml.MoMLSimpleApplication@169cd6be
reloadAllAccessors: .StringConstant

===========================================================================================
----------------- testing Sat Jul 07 01:32:16 UTC 2018 /home/travis/build/icyphy/ptII/ptolemy/actor/lib/test/auto/SubscriberPortInitialValues1.xml
----------------- Instantiating /home/travis/build/icyphy/ptII/ptolemy/actor/lib/test/auto/SubscriberPortInitialValues1.xml
10 ms. Memory: 1312768K Free: 370123K (28%)
----------------- Invoking toplevel() on ptolemy.moml.MoMLSimpleApplication@32ef3941
----------------- Done invoking toplevel() on ptolemy.moml.MoMLSimpleApplication@32ef3941
reloadAllAccessors: .SubscriberPortInitialValues1

===========================================================================================
----------------- testing Sat Jul 07 01:32:16 UTC 2018 /home/travis/build/icyphy/ptII/ptolemy/actor/lib/test/auto/SubscriberPortInitialValues13.xml
----------------- Instantiating /home/travis/build/icyphy/ptII/ptolemy/actor/lib/test/auto/SubscriberPortInitialValues13.xml
4 ms. Memory: 1312768K Free: 352090K (27%)
----------------- Invoking toplevel() on ptolemy.moml.MoMLSimpleApplication@65f820b0
----------------- Done invoking toplevel() on ptolemy.moml.MoMLSimpleApplication@65f820b0
reloadAllAccessors: .SubscriberPortInitialValues13

===========================================================================================
----------------- testing Sat Jul 07 01:32:16 UTC 2018 /home/travis/build/icyphy/ptII/ptolemy/actor/lib/test/auto/SubscriberPortInitialValues14.xml
----------------- Instantiating /home/travis/build/icyphy/ptII/ptolemy/actor/lib/test/auto/SubscriberPortInitialValues14.xml
3 ms. Memory: 1312768K Free: 336739K (26%)
----------------- Invoking toplevel() on ptolemy.moml.MoMLSimpleApplication@31a968de
----------------- Done invoking toplevel() on ptolemy.moml.MoMLSimpleApplication@31a968de
reloadAllAccessors: .SubscriberPortInitialValues14

===========================================================================================
----------------- testing Sat Jul 07 01:32:16 UTC 2018 /home/travis/build/icyphy/ptII/ptolemy/actor/lib/test/auto/SubscriberPortInitialValues2.xml
----------------- Instantiating /home/travis/build/icyphy/ptII/ptolemy/actor/lib/test/auto/SubscriberPortInitialValues2.xml
3 ms. Memory: 1312768K Free: 321389K (24%)
----------------- Invoking toplevel() on ptolemy.moml.MoMLSimpleApplication@7927e694
----------------- Done invoking toplevel() on ptolemy.moml.MoMLSimpleApplication@7927e694
reloadAllAccessors: .SubscriberPortInitialValues2

===========================================================================================
----------------- testing Sat Jul 07 01:32:16 UTC 2018 /home/travis/build/icyphy/ptII/ptolemy/actor/lib/test/auto/SubscriberPortInitialValues3.xml
----------------- Instantiating /home/travis/build/icyphy/ptII/ptolemy/actor/lib/test/auto/SubscriberPortInitialValues3.xml
4 ms. Memory: 1312768K Free: 300017K (23%)
----------------- Invoking toplevel() on ptolemy.moml.MoMLSimpleApplication@69bcb2a2
----------------- Done invoking toplevel() on ptolemy.moml.MoMLSimpleApplication@69bcb2a2
reloadAllAccessors: .SubscriberPortInitialValues3

===========================================================================================
----------------- testing Sat Jul 07 01:32:16 UTC 2018 /home/travis/build/icyphy/ptII/ptolemy/actor/lib/test/auto/SubscriptionAggregator.xml
----------------- Instantiating /home/travis/build/icyphy/ptII/ptolemy/actor/lib/test/auto/SubscriptionAggregator.xml
2 ms. Memory: 1312768K Free: 288006K (22%)
----------------- Invoking toplevel() on ptolemy.moml.MoMLSimpleApplication@3595ca42
----------------- Done invoking toplevel() on ptolemy.moml.MoMLSimpleApplication@3595ca42
reloadAllAccessors: .SubscriptionAggregator

===========================================================================================
----------------- testing Sat Jul 07 01:32:16 UTC 2018 /home/travis/build/icyphy/ptII/ptolemy/actor/lib/test/auto/SubscriptionAggregator2.xml
----------------- Instantiating /home/travis/build/icyphy/ptII/ptolemy/actor/lib/test/auto/SubscriptionAggregator2.xml
2 ms. Memory: 1312768K Free: 272655K (21%)
----------------- Invoking toplevel() on ptolemy.moml.MoMLSimpleApplication@36d86cdc
----------------- Done invoking toplevel() on ptolemy.moml.MoMLSimpleApplication@36d86cdc
reloadAllAccessors: .SubscriptionAggregator2

===========================================================================================
----------------- testing Sat Jul 07 01:32:16 UTC 2018 /home/travis/build/icyphy/ptII/ptolemy/actor/lib/test/auto/SubscriptionAggregator3.xml
----------------- Instantiating /home/travis/build/icyphy/ptII/ptolemy/actor/lib/test/auto/SubscriptionAggregator3.xml
4 ms. Memory: 1312768K Free: 251291K (19%)
----------------- Invoking toplevel() on ptolemy.moml.MoMLSimpleApplication@10e02b70
----------------- Done invoking toplevel() on ptolemy.moml.MoMLSimpleApplication@10e02b70
reloadAllAccessors: .SubscriptionAggregator3

===========================================================================================
----------------- testing Sat Jul 07 01:32:16 UTC 2018 /home/travis/build/icyphy/ptII/ptolemy/actor/lib/test/auto/SubscriptionAggregatorMultiply.xml
----------------- Instantiating /home/travis/build/icyphy/ptII/ptolemy/actor/lib/test/auto/SubscriptionAggregatorMultiply.xml
3 ms. Memory: 1312768K Free: 239279K (18%)
----------------- Invoking toplevel() on ptolemy.moml.MoMLSimpleApplication@3cfd8a1c
----------------- Done invoking toplevel() on ptolemy.moml.MoMLSimpleApplication@3cfd8a1c
reloadAllAccessors: .SubscriptionAggregatorMultiply

===========================================================================================
----------------- testing Sat Jul 07 01:32:16 UTC 2018 /home/travis/build/icyphy/ptII/ptolemy/actor/lib/test/auto/SubscriptionAggregatorPortMultiply1.xml
----------------- Instantiating /home/travis/build/icyphy/ptII/ptolemy/actor/lib/test/auto/SubscriptionAggregatorPortMultiply1.xml
3 ms. Memory: 1312768K Free: 223929K (17%)
----------------- Invoking toplevel() on ptolemy.moml.MoMLSimpleApplication@79683627
----------------- Done invoking toplevel() on ptolemy.moml.MoMLSimpleApplication@79683627
reloadAllAccessors: .SubscriptionAggregatorPortMultiply1

===========================================================================================
----------------- testing Sat Jul 07 01:32:16 UTC 2018 /home/travis/build/icyphy/ptII/ptolemy/actor/lib/test/auto/Switch.xml
----------------- Instantiating /home/travis/build/icyphy/ptII/ptolemy/actor/lib/test/auto/Switch.xml
7 ms. Memory: 1312768K Free: 172544K (13%)
----------------- Invoking toplevel() on ptolemy.moml.MoMLSimpleApplication@39460507
----------------- Done invoking toplevel() on ptolemy.moml.MoMLSimpleApplication@39460507
reloadAllAccessors: .Switch

===========================================================================================
----------------- testing Sat Jul 07 01:32:16 UTC 2018 /home/travis/build/icyphy/ptII/ptolemy/actor/lib/test/auto/Switch2.xml
----------------- Instantiating /home/travis/build/icyphy/ptII/ptolemy/actor/lib/test/auto/Switch2.xml
1 ms. Memory: 1312768K Free: 157194K (12%)
----------------- Invoking toplevel() on ptolemy.moml.MoMLSimpleApplication@16aa3f59
----------------- Done invoking toplevel() on ptolemy.moml.MoMLSimpleApplication@16aa3f59
reloadAllAccessors: .Switch2

===========================================================================================
----------------- testing Sat Jul 07 01:32:16 UTC 2018 /home/travis/build/icyphy/ptII/ptolemy/actor/lib/test/auto/SwitchDE.xml
----------------- Instantiating /home/travis/build/icyphy/ptII/ptolemy/actor/lib/test/auto/SwitchDE.xml
2 ms. Memory: 1312768K Free: 145182K (11%)
----------------- Invoking toplevel() on ptolemy.moml.MoMLSimpleApplication@60de1aae
----------------- Done invoking toplevel() on ptolemy.moml.MoMLSimpleApplication@60de1aae
reloadAllAccessors: .SwitchDE

===========================================================================================
----------------- testing Sat Jul 07 01:32:16 UTC 2018 /home/travis/build/icyphy/ptII/ptolemy/actor/lib/test/auto/SynchronizerDE.xml
----------------- Instantiating /home/travis/build/icyphy/ptII/ptolemy/actor/lib/test/auto/SynchronizerDE.xml
8 ms. Memory: 1312768K Free: 123810K (9%)
----------------- Invoking toplevel() on ptolemy.moml.MoMLSimpleApplication@39f829de
----------------- Done invoking toplevel() on ptolemy.moml.MoMLSimpleApplication@39f829de
reloadAllAccessors: .SynchronizerDE

===========================================================================================
----------------- testing Sat Jul 07 01:32:16 UTC 2018 /home/travis/build/icyphy/ptII/ptolemy/actor/lib/test/auto/Test.xml
----------------- Instantiating /home/travis/build/icyphy/ptII/ptolemy/actor/lib/test/auto/Test.xml
7 ms. Memory: 1312768K Free: 108460K (8%)
----------------- Invoking toplevel() on ptolemy.moml.MoMLSimpleApplication@702044bc
----------------- Done invoking toplevel() on ptolemy.moml.MoMLSimpleApplication@702044bc
reloadAllAccessors: .Test

===========================================================================================
----------------- testing Sat Jul 07 01:32:16 UTC 2018 /home/travis/build/icyphy/ptII/ptolemy/actor/lib/test/auto/TestExceptionAttribute1.xml
----------------- Instantiating /home/travis/build/icyphy/ptII/ptolemy/actor/lib/test/auto/TestExceptionAttribute1.xml
1 ms. Memory: 1312768K Free: 93110K (7%)
----------------- Invoking toplevel() on ptolemy.moml.MoMLSimpleApplication@76d3a0be
----------------- Done invoking toplevel() on ptolemy.moml.MoMLSimpleApplication@76d3a0be
reloadAllAccessors: .TestExceptionAttribute1

===========================================================================================
----------------- testing Sat Jul 07 01:32:16 UTC 2018 /home/travis/build/icyphy/ptII/ptolemy/actor/lib/test/auto/TestExceptionAttribute2.xml
----------------- Instantiating /home/travis/build/icyphy/ptII/ptolemy/actor/lib/test/auto/TestExceptionAttribute2.xml
2 ms. Memory: 1312768K Free: 81098K (6%)
----------------- Invoking toplevel() on ptolemy.moml.MoMLSimpleApplication@3ed0f431
----------------- Done invoking toplevel() on ptolemy.moml.MoMLSimpleApplication@3ed0f431
reloadAllAccessors: .TestExceptionAttribute2

===========================================================================================
----------------- testing Sat Jul 07 01:32:16 UTC 2018 /home/travis/build/icyphy/ptII/ptolemy/actor/lib/test/auto/TestExceptionAttribute3.xml
----------------- Instantiating /home/travis/build/icyphy/ptII/ptolemy/actor/lib/test/auto/TestExceptionAttribute3.xml
.TestExceptionAttribute3.TestExceptionAttribute: initialize() was not invoked, but wrapup() was.  This is unusual, but not always a problem.  For example, exporting JNLP will do this.
2 ms. Memory: 1312768K Free: 71183K (5%)
----------------- Invoking toplevel() on ptolemy.moml.MoMLSimpleApplication@7c32860d
----------------- Done invoking toplevel() on ptolemy.moml.MoMLSimpleApplication@7c32860d
reloadAllAccessors: .TestExceptionAttribute3

===========================================================================================
----------------- testing Sat Jul 07 01:32:16 UTC 2018 /home/travis/build/icyphy/ptII/ptolemy/actor/lib/test/auto/TestExceptionAttribute4.xml
----------------- Instantiating /home/travis/build/icyphy/ptII/ptolemy/actor/lib/test/auto/TestExceptionAttribute4.xml
.TestExceptionAttribute4.TestExceptionAttribute: initialize() was not invoked, but wrapup() was.  This is unusual, but not always a problem.  For example, exporting JNLP will do this.
.TestExceptionAttribute4.TestExceptionAttribute2: initialize() was not invoked, but wrapup() was.  This is unusual, but not always a problem.  For example, exporting JNLP will do this.
1 ms. Memory: 1317888K Free: 1257842K (95%)
----------------- Invoking toplevel() on ptolemy.moml.MoMLSimpleApplication@1931f07a
----------------- Done invoking toplevel() on ptolemy.moml.MoMLSimpleApplication@1931f07a
reloadAllAccessors: .TestExceptionAttribute4

===========================================================================================
----------------- testing Sat Jul 07 01:32:16 UTC 2018 /home/travis/build/icyphy/ptII/ptolemy/actor/lib/test/auto/TestExceptionHandler1.xml
----------------- Instantiating /home/travis/build/icyphy/ptII/ptolemy/actor/lib/test/auto/TestExceptionHandler1.xml
1 ms. Memory: 1317888K Free: 1238699K (94%)
----------------- Invoking toplevel() on ptolemy.moml.MoMLSimpleApplication@1b3c3e7
----------------- Done invoking toplevel() on ptolemy.moml.MoMLSimpleApplication@1b3c3e7
reloadAllAccessors: .TestExceptionHandler1

===========================================================================================
----------------- testing Sat Jul 07 01:32:16 UTC 2018 /home/travis/build/icyphy/ptII/ptolemy/actor/lib/test/auto/TestExceptionHandler2.xml
----------------- Instantiating /home/travis/build/icyphy/ptII/ptolemy/actor/lib/test/auto/TestExceptionHandler2.xml
6 ms. Memory: 1317888K Free: 1222684K (93%)
----------------- Invoking toplevel() on ptolemy.moml.MoMLSimpleApplication@22ffa4bc
----------------- Done invoking toplevel() on ptolemy.moml.MoMLSimpleApplication@22ffa4bc
reloadAllAccessors: .TestExceptionHandler2

===========================================================================================
----------------- testing Sat Jul 07 01:32:16 UTC 2018 /home/travis/build/icyphy/ptII/ptolemy/actor/lib/test/auto/TestExceptionHandler3.xml
----------------- Instantiating /home/travis/build/icyphy/ptII/ptolemy/actor/lib/test/auto/TestExceptionHandler3.xml
1 ms. Memory: 1317888K Free: 1203541K (91%)
----------------- Invoking toplevel() on ptolemy.moml.MoMLSimpleApplication@22acbd6e
----------------- Done invoking toplevel() on ptolemy.moml.MoMLSimpleApplication@22acbd6e
reloadAllAccessors: .TestExceptionHandler3

===========================================================================================
----------------- testing Sat Jul 07 01:32:16 UTC 2018 /home/travis/build/icyphy/ptII/ptolemy/actor/lib/test/auto/TestExceptionHandler4.xml
----------------- Instantiating /home/travis/build/icyphy/ptII/ptolemy/actor/lib/test/auto/TestExceptionHandler4.xml
1 ms. Memory: 1317888K Free: 1184398K (90%)
----------------- Invoking toplevel() on ptolemy.moml.MoMLSimpleApplication@7136a684
----------------- Done invoking toplevel() on ptolemy.moml.MoMLSimpleApplication@7136a684
reloadAllAccessors: .TestExceptionHandler4

===========================================================================================
----------------- testing Sat Jul 07 01:32:16 UTC 2018 /home/travis/build/icyphy/ptII/ptolemy/actor/lib/test/auto/TestRequireCorrectOrder.xml
----------------- Instantiating /home/travis/build/icyphy/ptII/ptolemy/actor/lib/test/auto/TestRequireCorrectOrder.xml
2 ms. Memory: 1317888K Free: 1165256K (88%)
----------------- Invoking toplevel() on ptolemy.moml.MoMLSimpleApplication@55abbfa0
----------------- Done invoking toplevel() on ptolemy.moml.MoMLSimpleApplication@55abbfa0
reloadAllAccessors: .TestRequireCorrectOrder

===========================================================================================
----------------- testing Sat Jul 07 01:32:16 UTC 2018 /home/travis/build/icyphy/ptII/ptolemy/actor/lib/test/auto/TestSimple.xml
----------------- Instantiating /home/travis/build/icyphy/ptII/ptolemy/actor/lib/test/auto/TestSimple.xml
1 ms. Memory: 1317888K Free: 1146113K (87%)
----------------- Invoking toplevel() on ptolemy.moml.MoMLSimpleApplication@61e0d586
----------------- Done invoking toplevel() on ptolemy.moml.MoMLSimpleApplication@61e0d586
reloadAllAccessors: .TestSimple

===========================================================================================
----------------- testing Sat Jul 07 01:32:16 UTC 2018 /home/travis/build/icyphy/ptII/ptolemy/actor/lib/test/auto/ThrowModelError.xml
----------------- Instantiating /home/travis/build/icyphy/ptII/ptolemy/actor/lib/test/auto/ThrowModelError.xml
1 ms. Memory: 1317888K Free: 1130098K (86%)
----------------- Invoking toplevel() on ptolemy.moml.MoMLSimpleApplication@34ec221f
----------------- Done invoking toplevel() on ptolemy.moml.MoMLSimpleApplication@34ec221f
reloadAllAccessors: .ThrowModelError

===========================================================================================
----------------- testing Sat Jul 07 01:32:16 UTC 2018 /home/travis/build/icyphy/ptII/ptolemy/actor/lib/test/auto/TimeDelayMicrosteps.xml
----------------- Instantiating /home/travis/build/icyphy/ptII/ptolemy/actor/lib/test/auto/TimeDelayMicrosteps.xml
5 ms. Memory: 1317888K Free: 1110955K (84%)
----------------- Invoking toplevel() on ptolemy.moml.MoMLSimpleApplication@4c0c66c3
----------------- Done invoking toplevel() on ptolemy.moml.MoMLSimpleApplication@4c0c66c3
reloadAllAccessors: .TimeDelayMicrosteps

===========================================================================================
----------------- testing Sat Jul 07 01:32:16 UTC 2018 /home/travis/build/icyphy/ptII/ptolemy/actor/lib/test/auto/TimeDelayMicrosteps2.xml
----------------- Instantiating /home/travis/build/icyphy/ptII/ptolemy/actor/lib/test/auto/TimeDelayMicrosteps2.xml
4 ms. Memory: 1317888K Free: 1091812K (83%)
----------------- Invoking toplevel() on ptolemy.moml.MoMLSimpleApplication@b7632bf
----------------- Done invoking toplevel() on ptolemy.moml.MoMLSimpleApplication@b7632bf
reloadAllAccessors: .TimeDelayMicrosteps2

===========================================================================================
----------------- testing Sat Jul 07 01:32:16 UTC 2018 /home/travis/build/icyphy/ptII/ptolemy/actor/lib/test/auto/TimeDelayMicrosteps3.xml
----------------- Instantiating /home/travis/build/icyphy/ptII/ptolemy/actor/lib/test/auto/TimeDelayMicrosteps3.xml
2 ms. Memory: 1317888K Free: 1072669K (81%)
----------------- Invoking toplevel() on ptolemy.moml.MoMLSimpleApplication@324890a7
----------------- Done invoking toplevel() on ptolemy.moml.MoMLSimpleApplication@324890a7
reloadAllAccessors: .TimeDelayMicrosteps3

===========================================================================================
----------------- testing Sat Jul 07 01:32:16 UTC 2018 /home/travis/build/icyphy/ptII/ptolemy/actor/lib/test/auto/TimeDelayVariableMicrosteps.xml
----------------- Instantiating /home/travis/build/icyphy/ptII/ptolemy/actor/lib/test/auto/TimeDelayVariableMicrosteps.xml
3 ms. Memory: 1317888K Free: 1053527K (80%)
----------------- Invoking toplevel() on ptolemy.moml.MoMLSimpleApplication@46b06ca3
----------------- Done invoking toplevel() on ptolemy.moml.MoMLSimpleApplication@46b06ca3
reloadAllAccessors: .TimeDelayVariableMicrosteps

===========================================================================================
----------------- testing Sat Jul 07 01:32:16 UTC 2018 /home/travis/build/icyphy/ptII/ptolemy/actor/lib/test/auto/TimeGap.xml
----------------- Instantiating /home/travis/build/icyphy/ptII/ptolemy/actor/lib/test/auto/TimeGap.xml
8 ms. Memory: 1317888K Free: 1037511K (79%)
----------------- Invoking toplevel() on ptolemy.moml.MoMLSimpleApplication@2c0b5c8e
----------------- Done invoking toplevel() on ptolemy.moml.MoMLSimpleApplication@2c0b5c8e
reloadAllAccessors: .TimeGap

===========================================================================================
----------------- testing Sat Jul 07 01:32:16 UTC 2018 /home/travis/build/icyphy/ptII/ptolemy/actor/lib/test/auto/TimeGap2.xml
----------------- Instantiating /home/travis/build/icyphy/ptII/ptolemy/actor/lib/test/auto/TimeGap2.xml
2 ms. Memory: 1317888K Free: 1018368K (77%)
----------------- Invoking toplevel() on ptolemy.moml.MoMLSimpleApplication@2ea88287
----------------- Done invoking toplevel() on ptolemy.moml.MoMLSimpleApplication@2ea88287
reloadAllAccessors: .TimeGap2

===========================================================================================
----------------- testing Sat Jul 07 01:32:16 UTC 2018 /home/travis/build/icyphy/ptII/ptolemy/actor/lib/test/auto/TimedSinewave.xml
----------------- Instantiating /home/travis/build/icyphy/ptII/ptolemy/actor/lib/test/auto/TimedSinewave.xml
23 ms. Memory: 1317888K Free: 991218K (75%)
----------------- Invoking toplevel() on ptolemy.moml.MoMLSimpleApplication@5694911f
----------------- Done invoking toplevel() on ptolemy.moml.MoMLSimpleApplication@5694911f
reloadAllAccessors: .TimedSinewave

===========================================================================================
----------------- testing Sat Jul 07 01:32:16 UTC 2018 /home/travis/build/icyphy/ptII/ptolemy/actor/lib/test/auto/TimedSinewavePhase.xml
----------------- Instantiating /home/travis/build/icyphy/ptII/ptolemy/actor/lib/test/auto/TimedSinewavePhase.xml
11 ms. Memory: 1317888K Free: 972075K (74%)
----------------- Invoking toplevel() on ptolemy.moml.MoMLSimpleApplication@2678da12
----------------- Done invoking toplevel() on ptolemy.moml.MoMLSimpleApplication@2678da12
reloadAllAccessors: .TimedSinewavePhase

===========================================================================================
----------------- testing Sat Jul 07 01:32:17 UTC 2018 /home/travis/build/icyphy/ptII/ptolemy/actor/lib/test/auto/Timer.xml
----------------- Instantiating /home/travis/build/icyphy/ptII/ptolemy/actor/lib/test/auto/Timer.xml
2 ms. Memory: 1317888K Free: 952933K (72%)
----------------- Invoking toplevel() on ptolemy.moml.MoMLSimpleApplication@67058ea5
----------------- Done invoking toplevel() on ptolemy.moml.MoMLSimpleApplication@67058ea5
reloadAllAccessors: .Timer

===========================================================================================
----------------- testing Sat Jul 07 01:32:17 UTC 2018 /home/travis/build/icyphy/ptII/ptolemy/actor/lib/test/auto/TriangularDistTestModel.xml
----------------- Instantiating /home/travis/build/icyphy/ptII/ptolemy/actor/lib/test/auto/TriangularDistTestModel.xml
2 ms. Memory: 1317888K Free: 936909K (71%)
----------------- Invoking toplevel() on ptolemy.moml.MoMLSimpleApplication@301bf6c1
----------------- Done invoking toplevel() on ptolemy.moml.MoMLSimpleApplication@301bf6c1
reloadAllAccessors: .TriangularDistTestModel

===========================================================================================
----------------- testing Sat Jul 07 01:32:17 UTC 2018 /home/travis/build/icyphy/ptII/ptolemy/actor/lib/test/auto/TrigFunction.xml
----------------- Instantiating /home/travis/build/icyphy/ptII/ptolemy/actor/lib/test/auto/TrigFunction.xml
2 ms. Memory: 1317888K Free: 917766K (70%)
----------------- Invoking toplevel() on ptolemy.moml.MoMLSimpleApplication@15b24044
----------------- Done invoking toplevel() on ptolemy.moml.MoMLSimpleApplication@15b24044
reloadAllAccessors: .TrigFunction

===========================================================================================
----------------- testing Sat Jul 07 01:32:17 UTC 2018 /home/travis/build/icyphy/ptII/ptolemy/actor/lib/test/auto/TrigFunctionDE.xml
----------------- Instantiating /home/travis/build/icyphy/ptII/ptolemy/actor/lib/test/auto/TrigFunctionDE.xml
2 ms. Memory: 1317888K Free: 898624K (68%)
----------------- Invoking toplevel() on ptolemy.moml.MoMLSimpleApplication@3cbb6a8f
----------------- Done invoking toplevel() on ptolemy.moml.MoMLSimpleApplication@3cbb6a8f
reloadAllAccessors: .TrigFunctionDE

===========================================================================================
----------------- testing Sat Jul 07 01:32:17 UTC 2018 /home/travis/build/icyphy/ptII/ptolemy/actor/lib/test/auto/TrigFunctionInverse.xml
----------------- Instantiating /home/travis/build/icyphy/ptII/ptolemy/actor/lib/test/auto/TrigFunctionInverse.xml
1 ms. Memory: 1317888K Free: 879481K (67%)
----------------- Invoking toplevel() on ptolemy.moml.MoMLSimpleApplication@60e939da
----------------- Done invoking toplevel() on ptolemy.moml.MoMLSimpleApplication@60e939da
reloadAllAccessors: .TrigFunctionInverse

===========================================================================================
----------------- testing Sat Jul 07 01:32:17 UTC 2018 /home/travis/build/icyphy/ptII/ptolemy/actor/lib/test/auto/TrigFunctionTan.xml
----------------- Instantiating /home/travis/build/icyphy/ptII/ptolemy/actor/lib/test/auto/TrigFunctionTan.xml
6 ms. Memory: 1317888K Free: 860338K (65%)
----------------- Invoking toplevel() on ptolemy.moml.MoMLSimpleApplication@5ba21cdf
----------------- Done invoking toplevel() on ptolemy.moml.MoMLSimpleApplication@5ba21cdf
reloadAllAccessors: .TrigFunctionTan

===========================================================================================
----------------- testing Sat Jul 07 01:32:17 UTC 2018 /home/travis/build/icyphy/ptII/ptolemy/actor/lib/test/auto/TriggeredClock.xml
----------------- Instantiating /home/travis/build/icyphy/ptII/ptolemy/actor/lib/test/auto/TriggeredClock.xml
5 ms. Memory: 1317888K Free: 844322K (64%)
----------------- Invoking toplevel() on ptolemy.moml.MoMLSimpleApplication@5e08db99
----------------- Done invoking toplevel() on ptolemy.moml.MoMLSimpleApplication@5e08db99
reloadAllAccessors: .TriggeredClock

===========================================================================================
----------------- testing Sat Jul 07 01:32:17 UTC 2018 /home/travis/build/icyphy/ptII/ptolemy/actor/lib/test/auto/URLDirectoryReader.xml
----------------- Instantiating /home/travis/build/icyphy/ptII/ptolemy/actor/lib/test/auto/URLDirectoryReader.xml
29 ms. Memory: 1317888K Free: 825180K (63%)
----------------- Invoking toplevel() on ptolemy.moml.MoMLSimpleApplication@766cab21
----------------- Done invoking toplevel() on ptolemy.moml.MoMLSimpleApplication@766cab21
reloadAllAccessors: .URLDirectoryReader

===========================================================================================
----------------- testing Sat Jul 07 01:32:17 UTC 2018 /home/travis/build/icyphy/ptII/ptolemy/actor/lib/test/auto/URLDirectoryReader3.xml
----------------- Instantiating /home/travis/build/icyphy/ptII/ptolemy/actor/lib/test/auto/URLDirectoryReader3.xml
1401 ms. Memory: 1317888K Free: 757983K (58%)
----------------- Invoking toplevel() on ptolemy.moml.MoMLSimpleApplication@3c4a4916
----------------- Done invoking toplevel() on ptolemy.moml.MoMLSimpleApplication@3c4a4916
reloadAllAccessors: .URLDirectoryReader3

===========================================================================================
----------------- testing Sat Jul 07 01:32:18 UTC 2018 /home/travis/build/icyphy/ptII/ptolemy/actor/lib/test/auto/UnaryMathFunction.xml
----------------- Instantiating /home/travis/build/icyphy/ptII/ptolemy/actor/lib/test/auto/UnaryMathFunction.xml
10 ms. Memory: 1317888K Free: 738840K (56%)
----------------- Invoking toplevel() on ptolemy.moml.MoMLSimpleApplication@2187b43
----------------- Done invoking toplevel() on ptolemy.moml.MoMLSimpleApplication@2187b43
reloadAllAccessors: .UnaryMathFunction

===========================================================================================
----------------- testing Sat Jul 07 01:32:18 UTC 2018 /home/travis/build/icyphy/ptII/ptolemy/actor/lib/test/auto/Uniform.xml
----------------- Instantiating /home/travis/build/icyphy/ptII/ptolemy/actor/lib/test/auto/Uniform.xml
9 ms. Memory: 1317888K Free: 719697K (55%)
----------------- Invoking toplevel() on ptolemy.moml.MoMLSimpleApplication@61583740
----------------- Done invoking toplevel() on ptolemy.moml.MoMLSimpleApplication@61583740
reloadAllAccessors: .Uniform

===========================================================================================
----------------- testing Sat Jul 07 01:32:18 UTC 2018 /home/travis/build/icyphy/ptII/ptolemy/actor/lib/test/auto/UnionDisassemblerTest.xml
----------------- Instantiating /home/travis/build/icyphy/ptII/ptolemy/actor/lib/test/auto/UnionDisassemblerTest.xml
7 ms. Memory: 1317888K Free: 703682K (53%)
----------------- Invoking toplevel() on ptolemy.moml.MoMLSimpleApplication@43735ab5
----------------- Done invoking toplevel() on ptolemy.moml.MoMLSimpleApplication@43735ab5
reloadAllAccessors: .UnionDisassemblerTest

===========================================================================================
----------------- testing Sat Jul 07 01:32:19 UTC 2018 /home/travis/build/icyphy/ptII/ptolemy/actor/lib/test/auto/UtilityFunctions.xml
----------------- Instantiating /home/travis/build/icyphy/ptII/ptolemy/actor/lib/test/auto/UtilityFunctions.xml
1 ms. Memory: 1317888K Free: 684539K (52%)
----------------- Invoking toplevel() on ptolemy.moml.MoMLSimpleApplication@535fec7d
----------------- Done invoking toplevel() on ptolemy.moml.MoMLSimpleApplication@535fec7d
reloadAllAccessors: .UtilityFunctions

===========================================================================================
----------------- testing Sat Jul 07 01:32:19 UTC 2018 /home/travis/build/icyphy/ptII/ptolemy/actor/lib/test/auto/VariableSleep.xml
----------------- Instantiating /home/travis/build/icyphy/ptII/ptolemy/actor/lib/test/auto/VariableSleep.xml
508 ms. Memory: 1317888K Free: 665396K (50%)
----------------- Invoking toplevel() on ptolemy.moml.MoMLSimpleApplication@1235464d
----------------- Done invoking toplevel() on ptolemy.moml.MoMLSimpleApplication@1235464d
reloadAllAccessors: .VariableSleep

===========================================================================================
----------------- testing Sat Jul 07 01:32:19 UTC 2018 /home/travis/build/icyphy/ptII/ptolemy/actor/lib/test/auto/VectorAssemblerDisassemblerCT.xml
----------------- Instantiating /home/travis/build/icyphy/ptII/ptolemy/actor/lib/test/auto/VectorAssemblerDisassemblerCT.xml
75 ms. Memory: 1317888K Free: 630230K (48%)
----------------- Invoking toplevel() on ptolemy.moml.MoMLSimpleApplication@5cb67e02
----------------- Done invoking toplevel() on ptolemy.moml.MoMLSimpleApplication@5cb67e02
reloadAllAccessors: .VectorAssemblerDisassemblerCT

===========================================================================================
----------------- testing Sat Jul 07 01:32:19 UTC 2018 /home/travis/build/icyphy/ptII/ptolemy/actor/lib/test/auto/VectorAssemblerDisassemblerDE.xml
----------------- Instantiating /home/travis/build/icyphy/ptII/ptolemy/actor/lib/test/auto/VectorAssemblerDisassemblerDE.xml
3 ms. Memory: 1317888K Free: 611088K (46%)
----------------- Invoking toplevel() on ptolemy.moml.MoMLSimpleApplication@3ca5bc8
----------------- Done invoking toplevel() on ptolemy.moml.MoMLSimpleApplication@3ca5bc8
reloadAllAccessors: .VectorAssemblerDisassemblerDE

===========================================================================================
----------------- testing Sat Jul 07 01:32:19 UTC 2018 /home/travis/build/icyphy/ptII/ptolemy/actor/lib/test/auto/VectorAssemblerDisassemblerSDF.xml
----------------- Instantiating /home/travis/build/icyphy/ptII/ptolemy/actor/lib/test/auto/VectorAssemblerDisassemblerSDF.xml
2 ms. Memory: 1317888K Free: 595072K (45%)
----------------- Invoking toplevel() on ptolemy.moml.MoMLSimpleApplication@7d1c1bda
----------------- Done invoking toplevel() on ptolemy.moml.MoMLSimpleApplication@7d1c1bda
reloadAllAccessors: .VectorAssemblerDisassemblerSDF

===========================================================================================
----------------- testing Sat Jul 07 01:32:19 UTC 2018 /home/travis/build/icyphy/ptII/ptolemy/actor/lib/test/auto/WallClockTime.xml
----------------- Instantiating /home/travis/build/icyphy/ptII/ptolemy/actor/lib/test/auto/WallClockTime.xml
1003 ms. Memory: 1317888K Free: 575930K (44%)
----------------- Invoking toplevel() on ptolemy.moml.MoMLSimpleApplication@3fa162f1
----------------- Done invoking toplevel() on ptolemy.moml.MoMLSimpleApplication@3fa162f1
reloadAllAccessors: .WallClockTime

===========================================================================================
----------------- testing Sat Jul 07 01:32:20 UTC 2018 /home/travis/build/icyphy/ptII/ptolemy/actor/lib/test/auto/WidthTestWithSubscriberPublisher.xml
----------------- Instantiating /home/travis/build/icyphy/ptII/ptolemy/actor/lib/test/auto/WidthTestWithSubscriberPublisher.xml
6 ms. Memory: 1317888K Free: 540771K (41%)
----------------- Invoking toplevel() on ptolemy.moml.MoMLSimpleApplication@35cfa015
----------------- Done invoking toplevel() on ptolemy.moml.MoMLSimpleApplication@35cfa015
reloadAllAccessors: .WidthTestWithSubscriberPublisher

===========================================================================================
----------------- testing Sat Jul 07 01:32:20 UTC 2018 /home/travis/build/icyphy/ptII/ptolemy/actor/lib/test/auto/WidthTestWithSubscriberPublisher2.xml
----------------- Instantiating /home/travis/build/icyphy/ptII/ptolemy/actor/lib/test/auto/WidthTestWithSubscriberPublisher2.xml
2 ms. Memory: 1317888K Free: 521628K (40%)
----------------- Invoking toplevel() on ptolemy.moml.MoMLSimpleApplication@4b680d34
----------------- Done invoking toplevel() on ptolemy.moml.MoMLSimpleApplication@4b680d34
reloadAllAccessors: .WidthTestWithSubscriberPublisher2

===========================================================================================
----------------- testing Sat Jul 07 01:32:20 UTC 2018 /home/travis/build/icyphy/ptII/ptolemy/actor/lib/test/auto/WidthTestWithSubscriberPublisher3.xml
----------------- Instantiating /home/travis/build/icyphy/ptII/ptolemy/actor/lib/test/auto/WidthTestWithSubscriberPublisher3.xml
2 ms. Memory: 1317888K Free: 502486K (38%)
----------------- Invoking toplevel() on ptolemy.moml.MoMLSimpleApplication@2c4f0aa1
----------------- Done invoking toplevel() on ptolemy.moml.MoMLSimpleApplication@2c4f0aa1
reloadAllAccessors: .WidthTestWithSubscriberPublisher3

===========================================================================================
----------------- testing Sat Jul 07 01:32:20 UTC 2018 /home/travis/build/icyphy/ptII/ptolemy/actor/lib/test/auto/Writer.xml
----------------- Instantiating /home/travis/build/icyphy/ptII/ptolemy/actor/lib/test/auto/Writer.xml
0
1
2
3
4
1 ms. Memory: 1317888K Free: 483343K (37%)
----------------- Invoking toplevel() on ptolemy.moml.MoMLSimpleApplication@1497cff7
----------------- Done invoking toplevel() on ptolemy.moml.MoMLSimpleApplication@1497cff7
reloadAllAccessors: .Writer

===========================================================================================
----------------- testing Sat Jul 07 01:32:20 UTC 2018 /home/travis/build/icyphy/ptII/ptolemy/actor/lib/test/auto/array.xml
----------------- Instantiating /home/travis/build/icyphy/ptII/ptolemy/actor/lib/test/auto/array.xml
2 ms. Memory: 1317888K Free: 467328K (35%)
----------------- Invoking toplevel() on ptolemy.moml.MoMLSimpleApplication@34374bca
----------------- Done invoking toplevel() on ptolemy.moml.MoMLSimpleApplication@34374bca
reloadAllAccessors: .array

===========================================================================================
----------------- testing Sat Jul 07 01:32:20 UTC 2018 /home/travis/build/icyphy/ptII/ptolemy/actor/lib/test/auto/array2.xml
----------------- Instantiating /home/travis/build/icyphy/ptII/ptolemy/actor/lib/test/auto/array2.xml
2 ms. Memory: 1317888K Free: 448185K (34%)
----------------- Invoking toplevel() on ptolemy.moml.MoMLSimpleApplication@4d2dd61f
----------------- Done invoking toplevel() on ptolemy.moml.MoMLSimpleApplication@4d2dd61f
reloadAllAccessors: .array2

===========================================================================================
----------------- testing Sat Jul 07 01:32:20 UTC 2018 /home/travis/build/icyphy/ptII/ptolemy/actor/lib/test/auto/arrayType.xml
----------------- Instantiating /home/travis/build/icyphy/ptII/ptolemy/actor/lib/test/auto/arrayType.xml
2 ms. Memory: 1317888K Free: 429042K (33%)
----------------- Invoking toplevel() on ptolemy.moml.MoMLSimpleApplication@7d0af099
----------------- Done invoking toplevel() on ptolemy.moml.MoMLSimpleApplication@7d0af099
reloadAllAccessors: .arrayType

===========================================================================================
----------------- testing Sat Jul 07 01:32:20 UTC 2018 /home/travis/build/icyphy/ptII/ptolemy/actor/lib/test/auto/arrayType10.xml
----------------- Instantiating /home/travis/build/icyphy/ptII/ptolemy/actor/lib/test/auto/arrayType10.xml
1 ms. Memory: 1317888K Free: 409900K (31%)
----------------- Invoking toplevel() on ptolemy.moml.MoMLSimpleApplication@85eb335
----------------- Done invoking toplevel() on ptolemy.moml.MoMLSimpleApplication@85eb335
reloadAllAccessors: .arrayType10

===========================================================================================
----------------- testing Sat Jul 07 01:32:20 UTC 2018 /home/travis/build/icyphy/ptII/ptolemy/actor/lib/test/auto/arrayType11.xml
----------------- Instantiating /home/travis/build/icyphy/ptII/ptolemy/actor/lib/test/auto/arrayType11.xml
1 ms. Memory: 1317888K Free: 390757K (30%)
----------------- Invoking toplevel() on ptolemy.moml.MoMLSimpleApplication@4b2815f1
----------------- Done invoking toplevel() on ptolemy.moml.MoMLSimpleApplication@4b2815f1
reloadAllAccessors: .arrayType11

===========================================================================================
----------------- testing Sat Jul 07 01:32:20 UTC 2018 /home/travis/build/icyphy/ptII/ptolemy/actor/lib/test/auto/arrayType12.xml
----------------- Instantiating /home/travis/build/icyphy/ptII/ptolemy/actor/lib/test/auto/arrayType12.xml
1 ms. Memory: 1317888K Free: 374742K (28%)
----------------- Invoking toplevel() on ptolemy.moml.MoMLSimpleApplication@747d8a61
----------------- Done invoking toplevel() on ptolemy.moml.MoMLSimpleApplication@747d8a61
reloadAllAccessors: .arrayType12

===========================================================================================
----------------- testing Sat Jul 07 01:32:20 UTC 2018 /home/travis/build/icyphy/ptII/ptolemy/actor/lib/test/auto/arrayType13.xml
----------------- Instantiating /home/travis/build/icyphy/ptII/ptolemy/actor/lib/test/auto/arrayType13.xml
1 ms. Memory: 1317888K Free: 355599K (27%)
----------------- Invoking toplevel() on ptolemy.moml.MoMLSimpleApplication@7032d231
----------------- Done invoking toplevel() on ptolemy.moml.MoMLSimpleApplication@7032d231
reloadAllAccessors: .arrayType13

===========================================================================================
----------------- testing Sat Jul 07 01:32:20 UTC 2018 /home/travis/build/icyphy/ptII/ptolemy/actor/lib/test/auto/arrayType14.xml
----------------- Instantiating /home/travis/build/icyphy/ptII/ptolemy/actor/lib/test/auto/arrayType14.xml
2 ms. Memory: 1317888K Free: 336456K (26%)
----------------- Invoking toplevel() on ptolemy.moml.MoMLSimpleApplication@73355c44
----------------- Done invoking toplevel() on ptolemy.moml.MoMLSimpleApplication@73355c44
reloadAllAccessors: .arrayType14

===========================================================================================
----------------- testing Sat Jul 07 01:32:20 UTC 2018 /home/travis/build/icyphy/ptII/ptolemy/actor/lib/test/auto/arrayType15.xml
----------------- Instantiating /home/travis/build/icyphy/ptII/ptolemy/actor/lib/test/auto/arrayType15.xml
1 ms. Memory: 1317888K Free: 317313K (24%)
----------------- Invoking toplevel() on ptolemy.moml.MoMLSimpleApplication@484baf40
----------------- Done invoking toplevel() on ptolemy.moml.MoMLSimpleApplication@484baf40
reloadAllAccessors: .arrayType15

===========================================================================================
----------------- testing Sat Jul 07 01:32:21 UTC 2018 /home/travis/build/icyphy/ptII/ptolemy/actor/lib/test/auto/arrayType16.xml
----------------- Instantiating /home/travis/build/icyphy/ptII/ptolemy/actor/lib/test/auto/arrayType16.xml
2 ms. Memory: 1317888K Free: 298170K (23%)
----------------- Invoking toplevel() on ptolemy.moml.MoMLSimpleApplication@7a6dce99
----------------- Done invoking toplevel() on ptolemy.moml.MoMLSimpleApplication@7a6dce99
reloadAllAccessors: .arrayType16

===========================================================================================
----------------- testing Sat Jul 07 01:32:21 UTC 2018 /home/travis/build/icyphy/ptII/ptolemy/actor/lib/test/auto/arrayType17.xml
----------------- Instantiating /home/travis/build/icyphy/ptII/ptolemy/actor/lib/test/auto/arrayType17.xml
1 ms. Memory: 1317888K Free: 282155K (21%)
----------------- Invoking toplevel() on ptolemy.moml.MoMLSimpleApplication@7667626e
----------------- Done invoking toplevel() on ptolemy.moml.MoMLSimpleApplication@7667626e
reloadAllAccessors: .arrayType17

===========================================================================================
----------------- testing Sat Jul 07 01:32:21 UTC 2018 /home/travis/build/icyphy/ptII/ptolemy/actor/lib/test/auto/arrayType18.xml
----------------- Instantiating /home/travis/build/icyphy/ptII/ptolemy/actor/lib/test/auto/arrayType18.xml
2 ms. Memory: 1317888K Free: 263012K (20%)
----------------- Invoking toplevel() on ptolemy.moml.MoMLSimpleApplication@de6097e
----------------- Done invoking toplevel() on ptolemy.moml.MoMLSimpleApplication@de6097e
reloadAllAccessors: .arrayType18

===========================================================================================
----------------- testing Sat Jul 07 01:32:21 UTC 2018 /home/travis/build/icyphy/ptII/ptolemy/actor/lib/test/auto/arrayType19.xml
----------------- Instantiating /home/travis/build/icyphy/ptII/ptolemy/actor/lib/test/auto/arrayType19.xml
1 ms. Memory: 1317888K Free: 243870K (19%)
----------------- Invoking toplevel() on ptolemy.moml.MoMLSimpleApplication@16be1dfa
----------------- Done invoking toplevel() on ptolemy.moml.MoMLSimpleApplication@16be1dfa
reloadAllAccessors: .arrayType19

===========================================================================================
----------------- testing Sat Jul 07 01:32:21 UTC 2018 /home/travis/build/icyphy/ptII/ptolemy/actor/lib/test/auto/arrayType2.xml
----------------- Instantiating /home/travis/build/icyphy/ptII/ptolemy/actor/lib/test/auto/arrayType2.xml
1 ms. Memory: 1317888K Free: 224727K (17%)
----------------- Invoking toplevel() on ptolemy.moml.MoMLSimpleApplication@4e8db1a9
----------------- Done invoking toplevel() on ptolemy.moml.MoMLSimpleApplication@4e8db1a9
reloadAllAccessors: .arrayType2

===========================================================================================
----------------- testing Sat Jul 07 01:32:21 UTC 2018 /home/travis/build/icyphy/ptII/ptolemy/actor/lib/test/auto/arrayType20.xml
----------------- Instantiating /home/travis/build/icyphy/ptII/ptolemy/actor/lib/test/auto/arrayType20.xml
1 ms. Memory: 1317888K Free: 205584K (16%)
----------------- Invoking toplevel() on ptolemy.moml.MoMLSimpleApplication@105137a2
----------------- Done invoking toplevel() on ptolemy.moml.MoMLSimpleApplication@105137a2
reloadAllAccessors: .arrayType20

===========================================================================================
----------------- testing Sat Jul 07 01:32:21 UTC 2018 /home/travis/build/icyphy/ptII/ptolemy/actor/lib/test/auto/arrayType21.xml
----------------- Instantiating /home/travis/build/icyphy/ptII/ptolemy/actor/lib/test/auto/arrayType21.xml
1 ms. Memory: 1317888K Free: 186441K (14%)
----------------- Invoking toplevel() on ptolemy.moml.MoMLSimpleApplication@1de11442
----------------- Done invoking toplevel() on ptolemy.moml.MoMLSimpleApplication@1de11442
reloadAllAccessors: .arrayType21

===========================================================================================
----------------- testing Sat Jul 07 01:32:21 UTC 2018 /home/travis/build/icyphy/ptII/ptolemy/actor/lib/test/auto/arrayType22.xml
----------------- Instantiating /home/travis/build/icyphy/ptII/ptolemy/actor/lib/test/auto/arrayType22.xml
2 ms. Memory: 1317888K Free: 170426K (13%)
----------------- Invoking toplevel() on ptolemy.moml.MoMLSimpleApplication@3412ad9
----------------- Done invoking toplevel() on ptolemy.moml.MoMLSimpleApplication@3412ad9
reloadAllAccessors: .arrayType22

===========================================================================================
----------------- testing Sat Jul 07 01:32:21 UTC 2018 /home/travis/build/icyphy/ptII/ptolemy/actor/lib/test/auto/arrayType23.xml
----------------- Instantiating /home/travis/build/icyphy/ptII/ptolemy/actor/lib/test/auto/arrayType23.xml
1 ms. Memory: 1317888K Free: 151283K (11%)
----------------- Invoking toplevel() on ptolemy.moml.MoMLSimpleApplication@71108cb5
----------------- Done invoking toplevel() on ptolemy.moml.MoMLSimpleApplication@71108cb5
reloadAllAccessors: .arrayType23

===========================================================================================
----------------- testing Sat Jul 07 01:32:21 UTC 2018 /home/travis/build/icyphy/ptII/ptolemy/actor/lib/test/auto/arrayType24.xml
----------------- Instantiating /home/travis/build/icyphy/ptII/ptolemy/actor/lib/test/auto/arrayType24.xml
1 ms. Memory: 1317888K Free: 132140K (10%)
----------------- Invoking toplevel() on ptolemy.moml.MoMLSimpleApplication@112b2717
----------------- Done invoking toplevel() on ptolemy.moml.MoMLSimpleApplication@112b2717
reloadAllAccessors: .arrayType24

===========================================================================================
----------------- testing Sat Jul 07 01:32:21 UTC 2018 /home/travis/build/icyphy/ptII/ptolemy/actor/lib/test/auto/arrayType25.xml
----------------- Instantiating /home/travis/build/icyphy/ptII/ptolemy/actor/lib/test/auto/arrayType25.xml
2 ms. Memory: 1317888K Free: 112998K (9%)
----------------- Invoking toplevel() on ptolemy.moml.MoMLSimpleApplication@108ee544
----------------- Done invoking toplevel() on ptolemy.moml.MoMLSimpleApplication@108ee544
reloadAllAccessors: .arrayType25

===========================================================================================
----------------- testing Sat Jul 07 01:32:21 UTC 2018 /home/travis/build/icyphy/ptII/ptolemy/actor/lib/test/auto/arrayType26.xml
----------------- Instantiating /home/travis/build/icyphy/ptII/ptolemy/actor/lib/test/auto/arrayType26.xml
2 ms. Memory: 1317888K Free: 93855K (7%)
----------------- Invoking toplevel() on ptolemy.moml.MoMLSimpleApplication@409eae4f
----------------- Done invoking toplevel() on ptolemy.moml.MoMLSimpleApplication@409eae4f
reloadAllAccessors: .arrayType26

===========================================================================================
----------------- testing Sat Jul 07 01:32:21 UTC 2018 /home/travis/build/icyphy/ptII/ptolemy/actor/lib/test/auto/arrayType27.xml
----------------- Instantiating /home/travis/build/icyphy/ptII/ptolemy/actor/lib/test/auto/arrayType27.xml
1 ms. Memory: 1317888K Free: 77840K (6%)
----------------- Invoking toplevel() on ptolemy.moml.MoMLSimpleApplication@2233fa2c
----------------- Done invoking toplevel() on ptolemy.moml.MoMLSimpleApplication@2233fa2c
reloadAllAccessors: .arrayType27

===========================================================================================
----------------- testing Sat Jul 07 01:32:21 UTC 2018 /home/travis/build/icyphy/ptII/ptolemy/actor/lib/test/auto/arrayType28.xml
----------------- Instantiating /home/travis/build/icyphy/ptII/ptolemy/actor/lib/test/auto/arrayType28.xml
1 ms. Memory: 1360384K Free: 1282551K (94%)
----------------- Invoking toplevel() on ptolemy.moml.MoMLSimpleApplication@7e378e9e
----------------- Done invoking toplevel() on ptolemy.moml.MoMLSimpleApplication@7e378e9e
reloadAllAccessors: .arrayType28

===========================================================================================
----------------- testing Sat Jul 07 01:32:21 UTC 2018 /home/travis/build/icyphy/ptII/ptolemy/actor/lib/test/auto/arrayType3.xml
----------------- Instantiating /home/travis/build/icyphy/ptII/ptolemy/actor/lib/test/auto/arrayType3.xml
1 ms. Memory: 1360384K Free: 1265873K (93%)
----------------- Invoking toplevel() on ptolemy.moml.MoMLSimpleApplication@4f7048a0
----------------- Done invoking toplevel() on ptolemy.moml.MoMLSimpleApplication@4f7048a0
reloadAllAccessors: .arrayType3

===========================================================================================
----------------- testing Sat Jul 07 01:32:21 UTC 2018 /home/travis/build/icyphy/ptII/ptolemy/actor/lib/test/auto/arrayType4.xml
----------------- Instantiating /home/travis/build/icyphy/ptII/ptolemy/actor/lib/test/auto/arrayType4.xml
2 ms. Memory: 1360384K Free: 1245970K (92%)
----------------- Invoking toplevel() on ptolemy.moml.MoMLSimpleApplication@29ae82bc
----------------- Done invoking toplevel() on ptolemy.moml.MoMLSimpleApplication@29ae82bc
reloadAllAccessors: .arrayType4

===========================================================================================
----------------- testing Sat Jul 07 01:32:21 UTC 2018 /home/travis/build/icyphy/ptII/ptolemy/actor/lib/test/auto/arrayType5.xml
----------------- Instantiating /home/travis/build/icyphy/ptII/ptolemy/actor/lib/test/auto/arrayType5.xml
2 ms. Memory: 1360384K Free: 1226067K (90%)
----------------- Invoking toplevel() on ptolemy.moml.MoMLSimpleApplication@5869c7ac
----------------- Done invoking toplevel() on ptolemy.moml.MoMLSimpleApplication@5869c7ac
reloadAllAccessors: .arrayType5

===========================================================================================
----------------- testing Sat Jul 07 01:32:21 UTC 2018 /home/travis/build/icyphy/ptII/ptolemy/actor/lib/test/auto/arrayType6.xml
----------------- Instantiating /home/travis/build/icyphy/ptII/ptolemy/actor/lib/test/auto/arrayType6.xml
1 ms. Memory: 1360384K Free: 1206164K (89%)
----------------- Invoking toplevel() on ptolemy.moml.MoMLSimpleApplication@28a35aca
----------------- Done invoking toplevel() on ptolemy.moml.MoMLSimpleApplication@28a35aca
reloadAllAccessors: .arrayType6

===========================================================================================
----------------- testing Sat Jul 07 01:32:21 UTC 2018 /home/travis/build/icyphy/ptII/ptolemy/actor/lib/test/auto/arrayType7.xml
----------------- Instantiating /home/travis/build/icyphy/ptII/ptolemy/actor/lib/test/auto/arrayType7.xml
1 ms. Memory: 1360384K Free: 1186260K (87%)
----------------- Invoking toplevel() on ptolemy.moml.MoMLSimpleApplication@32f79a5
----------------- Done invoking toplevel() on ptolemy.moml.MoMLSimpleApplication@32f79a5
reloadAllAccessors: .arrayType7

===========================================================================================
----------------- testing Sat Jul 07 01:32:21 UTC 2018 /home/travis/build/icyphy/ptII/ptolemy/actor/lib/test/auto/arrayType8.xml
----------------- Instantiating /home/travis/build/icyphy/ptII/ptolemy/actor/lib/test/auto/arrayType8.xml
1 ms. Memory: 1360384K Free: 1169583K (86%)
----------------- Invoking toplevel() on ptolemy.moml.MoMLSimpleApplication@7a3c3766
----------------- Done invoking toplevel() on ptolemy.moml.MoMLSimpleApplication@7a3c3766
reloadAllAccessors: .arrayType8

===========================================================================================
----------------- testing Sat Jul 07 01:32:21 UTC 2018 /home/travis/build/icyphy/ptII/ptolemy/actor/lib/test/auto/arrayType9.xml
----------------- Instantiating /home/travis/build/icyphy/ptII/ptolemy/actor/lib/test/auto/arrayType9.xml
3 ms. Memory: 1360384K Free: 1149680K (85%)
----------------- Invoking toplevel() on ptolemy.moml.MoMLSimpleApplication@28cffe34
----------------- Done invoking toplevel() on ptolemy.moml.MoMLSimpleApplication@28cffe34
reloadAllAccessors: .arrayType9

===========================================================================================
----------------- testing Sat Jul 07 01:32:21 UTC 2018 /home/travis/build/icyphy/ptII/ptolemy/actor/lib/test/auto/cast.xml
----------------- Instantiating /home/travis/build/icyphy/ptII/ptolemy/actor/lib/test/auto/cast.xml
1 ms. Memory: 1360384K Free: 1129776K (83%)
----------------- Invoking toplevel() on ptolemy.moml.MoMLSimpleApplication@7a5c4071
----------------- Done invoking toplevel() on ptolemy.moml.MoMLSimpleApplication@7a5c4071
reloadAllAccessors: .cast

===========================================================================================
----------------- testing Sat Jul 07 01:32:21 UTC 2018 /home/travis/build/icyphy/ptII/ptolemy/actor/lib/test/auto/compositeMultiPort.xml
----------------- Instantiating /home/travis/build/icyphy/ptII/ptolemy/actor/lib/test/auto/compositeMultiPort.xml
4 ms. Memory: 1360384K Free: 1109873K (82%)
----------------- Invoking toplevel() on ptolemy.moml.MoMLSimpleApplication@6be4ff8c
----------------- Done invoking toplevel() on ptolemy.moml.MoMLSimpleApplication@6be4ff8c
reloadAllAccessors: .compositeMultiPort

===========================================================================================
----------------- testing Sat Jul 07 01:32:21 UTC 2018 /home/travis/build/icyphy/ptII/ptolemy/actor/lib/test/auto/expressionCastInference.xml
----------------- Instantiating /home/travis/build/icyphy/ptII/ptolemy/actor/lib/test/auto/expressionCastInference.xml
2 ms. Memory: 1360384K Free: 1089970K (80%)
----------------- Invoking toplevel() on ptolemy.moml.MoMLSimpleApplication@7fb3ea91
----------------- Done invoking toplevel() on ptolemy.moml.MoMLSimpleApplication@7fb3ea91
reloadAllAccessors: .expressionCastInference

===========================================================================================
----------------- testing Sat Jul 07 01:32:21 UTC 2018 /home/travis/build/icyphy/ptII/ptolemy/actor/lib/test/auto/expressionCastInference2.xml
----------------- Instantiating /home/travis/build/icyphy/ptII/ptolemy/actor/lib/test/auto/expressionCastInference2.xml
3 ms. Memory: 1360384K Free: 1073292K (79%)
----------------- Invoking toplevel() on ptolemy.moml.MoMLSimpleApplication@31c32352
----------------- Done invoking toplevel() on ptolemy.moml.MoMLSimpleApplication@31c32352
reloadAllAccessors: .expressionCastInference2

===========================================================================================
----------------- testing Sat Jul 07 01:32:21 UTC 2018 /home/travis/build/icyphy/ptII/ptolemy/actor/lib/test/auto/expressionInference.xml
----------------- Instantiating /home/travis/build/icyphy/ptII/ptolemy/actor/lib/test/auto/expressionInference.xml
1 ms. Memory: 1360384K Free: 1053389K (77%)
----------------- Invoking toplevel() on ptolemy.moml.MoMLSimpleApplication@29656b2f
----------------- Done invoking toplevel() on ptolemy.moml.MoMLSimpleApplication@29656b2f
reloadAllAccessors: .expressionInference

===========================================================================================
----------------- testing Sat Jul 07 01:32:21 UTC 2018 /home/travis/build/icyphy/ptII/ptolemy/actor/lib/test/auto/expression_bug.xml
----------------- Instantiating /home/travis/build/icyphy/ptII/ptolemy/actor/lib/test/auto/expression_bug.xml
1 ms. Memory: 1360384K Free: 1033486K (76%)
----------------- Invoking toplevel() on ptolemy.moml.MoMLSimpleApplication@66f5f084
----------------- Done invoking toplevel() on ptolemy.moml.MoMLSimpleApplication@66f5f084
reloadAllAccessors: .expression_bug

===========================================================================================
----------------- testing Sat Jul 07 01:32:21 UTC 2018 /home/travis/build/icyphy/ptII/ptolemy/actor/lib/test/auto/factorial.xml
----------------- Instantiating /home/travis/build/icyphy/ptII/ptolemy/actor/lib/test/auto/factorial.xml
38 ms. Memory: 1360384K Free: 1013577K (75%)
----------------- Invoking toplevel() on ptolemy.moml.MoMLSimpleApplication@560588ea
----------------- Done invoking toplevel() on ptolemy.moml.MoMLSimpleApplication@560588ea
reloadAllAccessors: .factorial

===========================================================================================
----------------- testing Sat Jul 07 01:32:21 UTC 2018 /home/travis/build/icyphy/ptII/ptolemy/actor/lib/test/auto/filterTest1.xml
----------------- Instantiating /home/travis/build/icyphy/ptII/ptolemy/actor/lib/test/auto/filterTest1.xml
3 ms. Memory: 1360384K Free: 993674K (73%)
----------------- Invoking toplevel() on ptolemy.moml.MoMLSimpleApplication@1305282e
----------------- Done invoking toplevel() on ptolemy.moml.MoMLSimpleApplication@1305282e
reloadAllAccessors: .filterTest1

===========================================================================================
----------------- testing Sat Jul 07 01:32:21 UTC 2018 /home/travis/build/icyphy/ptII/ptolemy/actor/lib/test/auto/funcApplyInConst.xml
----------------- Instantiating /home/travis/build/icyphy/ptII/ptolemy/actor/lib/test/auto/funcApplyInConst.xml
1 ms. Memory: 1360384K Free: 976996K (72%)
----------------- Invoking toplevel() on ptolemy.moml.MoMLSimpleApplication@e104ef5
----------------- Done invoking toplevel() on ptolemy.moml.MoMLSimpleApplication@e104ef5
reloadAllAccessors: .funcApplyInConst

===========================================================================================
----------------- testing Sat Jul 07 01:32:21 UTC 2018 /home/travis/build/icyphy/ptII/ptolemy/actor/lib/test/auto/funcApplyInExpr.xml
----------------- Instantiating /home/travis/build/icyphy/ptII/ptolemy/actor/lib/test/auto/funcApplyInExpr.xml
2 ms. Memory: 1360384K Free: 957093K (70%)
----------------- Invoking toplevel() on ptolemy.moml.MoMLSimpleApplication@4e541d48
----------------- Done invoking toplevel() on ptolemy.moml.MoMLSimpleApplication@4e541d48
reloadAllAccessors: .funcApplyInExpr

===========================================================================================
----------------- testing Sat Jul 07 01:32:21 UTC 2018 /home/travis/build/icyphy/ptII/ptolemy/actor/lib/test/auto/function.xml
----------------- Instantiating /home/travis/build/icyphy/ptII/ptolemy/actor/lib/test/auto/function.xml
1 ms. Memory: 1360384K Free: 937190K (69%)
----------------- Invoking toplevel() on ptolemy.moml.MoMLSimpleApplication@2c5a0a9d
----------------- Done invoking toplevel() on ptolemy.moml.MoMLSimpleApplication@2c5a0a9d
reloadAllAccessors: .function

===========================================================================================
----------------- testing Sat Jul 07 01:32:21 UTC 2018 /home/travis/build/icyphy/ptII/ptolemy/actor/lib/test/auto/function2.xml
----------------- Instantiating /home/travis/build/icyphy/ptII/ptolemy/actor/lib/test/auto/function2.xml
2 ms. Memory: 1360384K Free: 917286K (67%)
----------------- Invoking toplevel() on ptolemy.moml.MoMLSimpleApplication@57a9953b
----------------- Done invoking toplevel() on ptolemy.moml.MoMLSimpleApplication@57a9953b
reloadAllAccessors: .function2

===========================================================================================
----------------- testing Sat Jul 07 01:32:21 UTC 2018 /home/travis/build/icyphy/ptII/ptolemy/actor/lib/test/auto/function3.xml
----------------- Instantiating /home/travis/build/icyphy/ptII/ptolemy/actor/lib/test/auto/function3.xml
2 ms. Memory: 1360384K Free: 897383K (66%)
----------------- Invoking toplevel() on ptolemy.moml.MoMLSimpleApplication@1a2b5c00
----------------- Done invoking toplevel() on ptolemy.moml.MoMLSimpleApplication@1a2b5c00
reloadAllAccessors: .function3

===========================================================================================
----------------- testing Sat Jul 07 01:32:21 UTC 2018 /home/travis/build/icyphy/ptII/ptolemy/actor/lib/test/auto/functionClosureTest1.xml
----------------- Instantiating /home/travis/build/icyphy/ptII/ptolemy/actor/lib/test/auto/functionClosureTest1.xml
2 ms. Memory: 1360384K Free: 880706K (65%)
----------------- Invoking toplevel() on ptolemy.moml.MoMLSimpleApplication@5626f06e
----------------- Done invoking toplevel() on ptolemy.moml.MoMLSimpleApplication@5626f06e
reloadAllAccessors: .functionClosureTest1

===========================================================================================
----------------- testing Sat Jul 07 01:32:21 UTC 2018 /home/travis/build/icyphy/ptII/ptolemy/actor/lib/test/auto/functionClosureTest2.xml
----------------- Instantiating /home/travis/build/icyphy/ptII/ptolemy/actor/lib/test/auto/functionClosureTest2.xml
1 ms. Memory: 1360384K Free: 860802K (63%)
----------------- Invoking toplevel() on ptolemy.moml.MoMLSimpleApplication@1f293067
----------------- Done invoking toplevel() on ptolemy.moml.MoMLSimpleApplication@1f293067
reloadAllAccessors: .functionClosureTest2

===========================================================================================
----------------- testing Sat Jul 07 01:32:21 UTC 2018 /home/travis/build/icyphy/ptII/ptolemy/actor/lib/test/auto/functionClosureTest3.xml
----------------- Instantiating /home/travis/build/icyphy/ptII/ptolemy/actor/lib/test/auto/functionClosureTest3.xml
1 ms. Memory: 1360384K Free: 840899K (62%)
----------------- Invoking toplevel() on ptolemy.moml.MoMLSimpleApplication@2c98d6d7
----------------- Done invoking toplevel() on ptolemy.moml.MoMLSimpleApplication@2c98d6d7
reloadAllAccessors: .functionClosureTest3

===========================================================================================
----------------- testing Sat Jul 07 01:32:21 UTC 2018 /home/travis/build/icyphy/ptII/ptolemy/actor/lib/test/auto/functionClosureTest4.xml
----------------- Instantiating /home/travis/build/icyphy/ptII/ptolemy/actor/lib/test/auto/functionClosureTest4.xml
3 ms. Memory: 1360384K Free: 820996K (60%)
----------------- Invoking toplevel() on ptolemy.moml.MoMLSimpleApplication@50bed06a
----------------- Done invoking toplevel() on ptolemy.moml.MoMLSimpleApplication@50bed06a
reloadAllAccessors: .functionClosureTest4

===========================================================================================
----------------- testing Sat Jul 07 01:32:21 UTC 2018 /home/travis/build/icyphy/ptII/ptolemy/actor/lib/test/auto/functionClosureTest5.xml
----------------- Instantiating /home/travis/build/icyphy/ptII/ptolemy/actor/lib/test/auto/functionClosureTest5.xml
5 ms. Memory: 1360384K Free: 801093K (59%)
----------------- Invoking toplevel() on ptolemy.moml.MoMLSimpleApplication@1f549dfa
----------------- Done invoking toplevel() on ptolemy.moml.MoMLSimpleApplication@1f549dfa
reloadAllAccessors: .functionClosureTest5

===========================================================================================
----------------- testing Sat Jul 07 01:32:21 UTC 2018 /home/travis/build/icyphy/ptII/ptolemy/actor/lib/test/auto/functionClosureTest6.xml
----------------- Instantiating /home/travis/build/icyphy/ptII/ptolemy/actor/lib/test/auto/functionClosureTest6.xml
1 ms. Memory: 1360384K Free: 784415K (58%)
----------------- Invoking toplevel() on ptolemy.moml.MoMLSimpleApplication@202b7f45
----------------- Done invoking toplevel() on ptolemy.moml.MoMLSimpleApplication@202b7f45
reloadAllAccessors: .functionClosureTest6

===========================================================================================
----------------- testing Sat Jul 07 01:32:21 UTC 2018 /home/travis/build/icyphy/ptII/ptolemy/actor/lib/test/auto/functionsOnArcs.xml
----------------- Instantiating /home/travis/build/icyphy/ptII/ptolemy/actor/lib/test/auto/functionsOnArcs.xml
2 ms. Memory: 1360384K Free: 764512K (56%)
----------------- Invoking toplevel() on ptolemy.moml.MoMLSimpleApplication@65c84717
----------------- Done invoking toplevel() on ptolemy.moml.MoMLSimpleApplication@65c84717
reloadAllAccessors: .functionsOnArcs

===========================================================================================
----------------- testing Sat Jul 07 01:32:21 UTC 2018 /home/travis/build/icyphy/ptII/ptolemy/actor/lib/test/auto/functionsOnArcsHOF.xml
----------------- Instantiating /home/travis/build/icyphy/ptII/ptolemy/actor/lib/test/auto/functionsOnArcsHOF.xml
3 ms. Memory: 1360384K Free: 744609K (55%)
----------------- Invoking toplevel() on ptolemy.moml.MoMLSimpleApplication@3c9b13cd
----------------- Done invoking toplevel() on ptolemy.moml.MoMLSimpleApplication@3c9b13cd
reloadAllAccessors: .functionsOnArcsHOF

===========================================================================================
----------------- testing Sat Jul 07 01:32:21 UTC 2018 /home/travis/build/icyphy/ptII/ptolemy/actor/lib/test/auto/logic.xml
----------------- Instantiating /home/travis/build/icyphy/ptII/ptolemy/actor/lib/test/auto/logic.xml
2 ms. Memory: 1360384K Free: 724705K (53%)
----------------- Invoking toplevel() on ptolemy.moml.MoMLSimpleApplication@3400be5b
----------------- Done invoking toplevel() on ptolemy.moml.MoMLSimpleApplication@3400be5b
reloadAllAccessors: .logic

===========================================================================================
----------------- testing Sat Jul 07 01:32:21 UTC 2018 /home/travis/build/icyphy/ptII/ptolemy/actor/lib/test/auto/matrixType.xml
----------------- Instantiating /home/travis/build/icyphy/ptII/ptolemy/actor/lib/test/auto/matrixType.xml
1 ms. Memory: 1360384K Free: 704802K (52%)
----------------- Invoking toplevel() on ptolemy.moml.MoMLSimpleApplication@28a1bf
----------------- Done invoking toplevel() on ptolemy.moml.MoMLSimpleApplication@28a1bf
reloadAllAccessors: .matrixType

===========================================================================================
----------------- testing Sat Jul 07 01:32:21 UTC 2018 /home/travis/build/icyphy/ptII/ptolemy/actor/lib/test/auto/matrixType10.xml
----------------- Instantiating /home/travis/build/icyphy/ptII/ptolemy/actor/lib/test/auto/matrixType10.xml
2 ms. Memory: 1360384K Free: 688125K (51%)
----------------- Invoking toplevel() on ptolemy.moml.MoMLSimpleApplication@52eaa3a1
----------------- Done invoking toplevel() on ptolemy.moml.MoMLSimpleApplication@52eaa3a1
reloadAllAccessors: .matrixType10

===========================================================================================
----------------- testing Sat Jul 07 01:32:21 UTC 2018 /home/travis/build/icyphy/ptII/ptolemy/actor/lib/test/auto/matrixType11.xml
----------------- Instantiating /home/travis/build/icyphy/ptII/ptolemy/actor/lib/test/auto/matrixType11.xml
1 ms. Memory: 1360384K Free: 668222K (49%)
----------------- Invoking toplevel() on ptolemy.moml.MoMLSimpleApplication@571b14f
----------------- Done invoking toplevel() on ptolemy.moml.MoMLSimpleApplication@571b14f
reloadAllAccessors: .matrixType11

===========================================================================================
----------------- testing Sat Jul 07 01:32:21 UTC 2018 /home/travis/build/icyphy/ptII/ptolemy/actor/lib/test/auto/matrixType12.xml
----------------- Instantiating /home/travis/build/icyphy/ptII/ptolemy/actor/lib/test/auto/matrixType12.xml
1 ms. Memory: 1360384K Free: 648318K (48%)
----------------- Invoking toplevel() on ptolemy.moml.MoMLSimpleApplication@12b589de
----------------- Done invoking toplevel() on ptolemy.moml.MoMLSimpleApplication@12b589de
reloadAllAccessors: .matrixType12

===========================================================================================
----------------- testing Sat Jul 07 01:32:21 UTC 2018 /home/travis/build/icyphy/ptII/ptolemy/actor/lib/test/auto/matrixType13.xml
----------------- Instantiating /home/travis/build/icyphy/ptII/ptolemy/actor/lib/test/auto/matrixType13.xml
1 ms. Memory: 1360384K Free: 628415K (46%)
----------------- Invoking toplevel() on ptolemy.moml.MoMLSimpleApplication@55907ce
----------------- Done invoking toplevel() on ptolemy.moml.MoMLSimpleApplication@55907ce
reloadAllAccessors: .matrixType13

===========================================================================================
----------------- testing Sat Jul 07 01:32:21 UTC 2018 /home/travis/build/icyphy/ptII/ptolemy/actor/lib/test/auto/matrixType14.xml
----------------- Instantiating /home/travis/build/icyphy/ptII/ptolemy/actor/lib/test/auto/matrixType14.xml
2 ms. Memory: 1360384K Free: 608512K (45%)
----------------- Invoking toplevel() on ptolemy.moml.MoMLSimpleApplication@5f47936a
----------------- Done invoking toplevel() on ptolemy.moml.MoMLSimpleApplication@5f47936a
reloadAllAccessors: .matrixType14

===========================================================================================
----------------- testing Sat Jul 07 01:32:21 UTC 2018 /home/travis/build/icyphy/ptII/ptolemy/actor/lib/test/auto/matrixType2.xml
----------------- Instantiating /home/travis/build/icyphy/ptII/ptolemy/actor/lib/test/auto/matrixType2.xml
2 ms. Memory: 1360384K Free: 591834K (44%)
----------------- Invoking toplevel() on ptolemy.moml.MoMLSimpleApplication@11ccc981
----------------- Done invoking toplevel() on ptolemy.moml.MoMLSimpleApplication@11ccc981
reloadAllAccessors: .matrixType2

===========================================================================================
----------------- testing Sat Jul 07 01:32:21 UTC 2018 /home/travis/build/icyphy/ptII/ptolemy/actor/lib/test/auto/matrixType3.xml
----------------- Instantiating /home/travis/build/icyphy/ptII/ptolemy/actor/lib/test/auto/matrixType3.xml
4 ms. Memory: 1360384K Free: 571931K (42%)
----------------- Invoking toplevel() on ptolemy.moml.MoMLSimpleApplication@5b0feda6
----------------- Done invoking toplevel() on ptolemy.moml.MoMLSimpleApplication@5b0feda6
reloadAllAccessors: .matrixType3

===========================================================================================
----------------- testing Sat Jul 07 01:32:21 UTC 2018 /home/travis/build/icyphy/ptII/ptolemy/actor/lib/test/auto/matrixType4.xml
----------------- Instantiating /home/travis/build/icyphy/ptII/ptolemy/actor/lib/test/auto/matrixType4.xml
2 ms. Memory: 1360384K Free: 552028K (41%)
----------------- Invoking toplevel() on ptolemy.moml.MoMLSimpleApplication@14cf4c33
----------------- Done invoking toplevel() on ptolemy.moml.MoMLSimpleApplication@14cf4c33
reloadAllAccessors: .matrixType4

===========================================================================================
----------------- testing Sat Jul 07 01:32:21 UTC 2018 /home/travis/build/icyphy/ptII/ptolemy/actor/lib/test/auto/matrixType5.xml
----------------- Instantiating /home/travis/build/icyphy/ptII/ptolemy/actor/lib/test/auto/matrixType5.xml
1 ms. Memory: 1360384K Free: 532125K (39%)
----------------- Invoking toplevel() on ptolemy.moml.MoMLSimpleApplication@ac8ab1d
----------------- Done invoking toplevel() on ptolemy.moml.MoMLSimpleApplication@ac8ab1d
reloadAllAccessors: .matrixType5

===========================================================================================
----------------- testing Sat Jul 07 01:32:21 UTC 2018 /home/travis/build/icyphy/ptII/ptolemy/actor/lib/test/auto/matrixType6.xml
----------------- Instantiating /home/travis/build/icyphy/ptII/ptolemy/actor/lib/test/auto/matrixType6.xml
2 ms. Memory: 1360384K Free: 512221K (38%)
----------------- Invoking toplevel() on ptolemy.moml.MoMLSimpleApplication@73f9b70b
----------------- Done invoking toplevel() on ptolemy.moml.MoMLSimpleApplication@73f9b70b
reloadAllAccessors: .matrixType6

===========================================================================================
----------------- testing Sat Jul 07 01:32:21 UTC 2018 /home/travis/build/icyphy/ptII/ptolemy/actor/lib/test/auto/matrixType7.xml
----------------- Instantiating /home/travis/build/icyphy/ptII/ptolemy/actor/lib/test/auto/matrixType7.xml
1 ms. Memory: 1360384K Free: 495544K (36%)
----------------- Invoking toplevel() on ptolemy.moml.MoMLSimpleApplication@6e5a3e71
----------------- Done invoking toplevel() on ptolemy.moml.MoMLSimpleApplication@6e5a3e71
reloadAllAccessors: .matrixType7

===========================================================================================
----------------- testing Sat Jul 07 01:32:21 UTC 2018 /home/travis/build/icyphy/ptII/ptolemy/actor/lib/test/auto/matrixType8.xml
----------------- Instantiating /home/travis/build/icyphy/ptII/ptolemy/actor/lib/test/auto/matrixType8.xml
1 ms. Memory: 1360384K Free: 475641K (35%)
----------------- Invoking toplevel() on ptolemy.moml.MoMLSimpleApplication@3fb9d093
----------------- Done invoking toplevel() on ptolemy.moml.MoMLSimpleApplication@3fb9d093
reloadAllAccessors: .matrixType8

===========================================================================================
----------------- testing Sat Jul 07 01:32:21 UTC 2018 /home/travis/build/icyphy/ptII/ptolemy/actor/lib/test/auto/matrixType9.xml
----------------- Instantiating /home/travis/build/icyphy/ptII/ptolemy/actor/lib/test/auto/matrixType9.xml
1 ms. Memory: 1360384K Free: 455737K (34%)
----------------- Invoking toplevel() on ptolemy.moml.MoMLSimpleApplication@3740dad6
----------------- Done invoking toplevel() on ptolemy.moml.MoMLSimpleApplication@3740dad6
reloadAllAccessors: .matrixType9

===========================================================================================
----------------- testing Sat Jul 07 01:32:21 UTC 2018 /home/travis/build/icyphy/ptII/ptolemy/actor/lib/test/auto/paraFunctest.xml
----------------- Instantiating /home/travis/build/icyphy/ptII/ptolemy/actor/lib/test/auto/paraFunctest.xml
2 ms. Memory: 1360384K Free: 435834K (32%)
----------------- Invoking toplevel() on ptolemy.moml.MoMLSimpleApplication@1cb775d9
----------------- Done invoking toplevel() on ptolemy.moml.MoMLSimpleApplication@1cb775d9
reloadAllAccessors: .paraFunctest

===========================================================================================
----------------- testing Sat Jul 07 01:32:21 UTC 2018 /home/travis/build/icyphy/ptII/ptolemy/actor/lib/test/auto/paraFunctest2.xml
----------------- Instantiating /home/travis/build/icyphy/ptII/ptolemy/actor/lib/test/auto/paraFunctest2.xml
1 ms. Memory: 1360384K Free: 415931K (31%)
----------------- Invoking toplevel() on ptolemy.moml.MoMLSimpleApplication@6015603f
----------------- Done invoking toplevel() on ptolemy.moml.MoMLSimpleApplication@6015603f
reloadAllAccessors: .paraFunctest2

===========================================================================================
----------------- testing Sat Jul 07 01:32:21 UTC 2018 /home/travis/build/icyphy/ptII/ptolemy/actor/lib/test/auto/parameterPassing.xml
----------------- Instantiating /home/travis/build/icyphy/ptII/ptolemy/actor/lib/test/auto/parameterPassing.xml
1 ms. Memory: 1360384K Free: 396028K (29%)
----------------- Invoking toplevel() on ptolemy.moml.MoMLSimpleApplication@401b5f5e
----------------- Done invoking toplevel() on ptolemy.moml.MoMLSimpleApplication@401b5f5e
reloadAllAccessors: .parameterPassing

===========================================================================================
----------------- testing Sat Jul 07 01:32:21 UTC 2018 /home/travis/build/icyphy/ptII/ptolemy/actor/lib/test/auto/record.xml
----------------- Instantiating /home/travis/build/icyphy/ptII/ptolemy/actor/lib/test/auto/record.xml
3 ms. Memory: 1360384K Free: 379350K (28%)
----------------- Invoking toplevel() on ptolemy.moml.MoMLSimpleApplication@6755970b
----------------- Done invoking toplevel() on ptolemy.moml.MoMLSimpleApplication@6755970b
reloadAllAccessors: .record

===========================================================================================
----------------- testing Sat Jul 07 01:32:21 UTC 2018 /home/travis/build/icyphy/ptII/ptolemy/actor/lib/test/auto/sizedarray1.xml
----------------- Instantiating /home/travis/build/icyphy/ptII/ptolemy/actor/lib/test/auto/sizedarray1.xml
1 ms. Memory: 1360384K Free: 359447K (26%)
----------------- Invoking toplevel() on ptolemy.moml.MoMLSimpleApplication@48df97c0
----------------- Done invoking toplevel() on ptolemy.moml.MoMLSimpleApplication@48df97c0
reloadAllAccessors: .sizedarray1

===========================================================================================
----------------- testing Sat Jul 07 01:32:22 UTC 2018 /home/travis/build/icyphy/ptII/ptolemy/actor/lib/test/auto/sizedarray2.xml
----------------- Instantiating /home/travis/build/icyphy/ptII/ptolemy/actor/lib/test/auto/sizedarray2.xml
2 ms. Memory: 1360384K Free: 339544K (25%)
----------------- Invoking toplevel() on ptolemy.moml.MoMLSimpleApplication@75046b01
----------------- Done invoking toplevel() on ptolemy.moml.MoMLSimpleApplication@75046b01
reloadAllAccessors: .sizedarray2

===========================================================================================
----------------- testing Sat Jul 07 01:32:22 UTC 2018 /home/travis/build/icyphy/ptII/ptolemy/actor/lib/test/auto/twoPublishers.xml
----------------- Instantiating /home/travis/build/icyphy/ptII/ptolemy/actor/lib/test/auto/twoPublishers.xml
4 ms. Memory: 1360384K Free: 311302K (23%)
----------------- Invoking toplevel() on ptolemy.moml.MoMLSimpleApplication@4ec790e9
----------------- Done invoking toplevel() on ptolemy.moml.MoMLSimpleApplication@4ec790e9
reloadAllAccessors: .twoPublishers
AutoTests.java: About to close Vertx.
AutoTests.java: Vertx closed.
]]></system-out>
  <system-err><![CDATA[java.lang.RuntimeException: Execution failed
	at ptolemy.moml.MoMLSimpleApplication$UnloadThread.run(MoMLSimpleApplication.java:402)
Caused by: java.lang.RuntimeException: Normally, we would exit here because Manager.exitAfterWrapup() was called.  However, because the ptolemy.ptII.exitAfterWrapup property is set, we throw this exception instead.
	at ptolemy.util.StringUtilities.exit(StringUtilities.java:363)
	at ptolemy.actor.Manager.wrapup(Manager.java:1531)
	at ptolemy.actor.Manager.execute(Manager.java:407)
	at ptolemy.actor.Manager.run(Manager.java:1263)
	at ptolemy.actor.Manager$PtolemyRunThread.run(Manager.java:1915)
Warning: '.top.test' is in training mode, set the trainingMode parameter to false before checking in
Warning: '.top.test' is in training mode, set the trainingMode parameter to false before checking in
Warning: '.top.test' is in training mode, set the trainingMode parameter to false before checking in
Warning: '.BooleanSwitch_RegressionTest_WrongTrainingValues.Test' is in training mode, set the trainingMode parameter to false before checking in
Warning: '.BooleanSwitch_RegressionTest_WrongTrainingValues.Test2' is in training mode, set the trainingMode parameter to false before checking in
Warning: '.BooleanSwitch_RegressionTest_WrongTrainingValues.Test2' The test produced 0 tokens.
Warning: '.top.testExceptionHandler' is in training mode, set the trainingMode parameter to false before checking in
java.lang.RuntimeException: Execution failed
	at ptolemy.moml.MoMLSimpleApplication$UnloadThread.run(MoMLSimpleApplication.java:402)
Caused by: ptolemy.kernel.util.IllegalActionException: PublisherPorts cannot be used at the top level, use a Publisher actor instead.
  in .PublisherPortToplevelSubscriber.PublisherPort
	at ptolemy.actor.PublisherPort.preinitialize(PublisherPort.java:403)
	at ptolemy.actor.CompositeActor.preinitialize(CompositeActor.java:1769)
	at ptolemy.actor.Manager.preinitializeAndResolveTypes(Manager.java:1040)
	at ptolemy.actor.Manager.initialize(Manager.java:710)
	at ptolemy.actor.Manager.execute(Manager.java:356)
	at ptolemy.actor.Manager.run(Manager.java:1263)
	at ptolemy.actor.Manager$PtolemyRunThread.run(Manager.java:1915)
java.lang.reflect.InvocationTargetException
	at sun.reflect.NativeConstructorAccessorImpl.newInstance0(Native Method)
	at sun.reflect.NativeConstructorAccessorImpl.newInstance(NativeConstructorAccessorImpl.java:62)
	at sun.reflect.DelegatingConstructorAccessorImpl.newInstance(DelegatingConstructorAccessorImpl.java:45)
	at java.lang.reflect.Constructor.newInstance(Constructor.java:423)
	at ptolemy.util.test.junit.AutoKnownFailedTests.RunModel(AutoKnownFailedTests.java:107)
	at sun.reflect.NativeMethodAccessorImpl.invoke0(Native Method)
	at sun.reflect.NativeMethodAccessorImpl.invoke(NativeMethodAccessorImpl.java:62)
	at sun.reflect.DelegatingMethodAccessorImpl.invoke(DelegatingMethodAccessorImpl.java:43)
	at java.lang.reflect.Method.invoke(Method.java:498)
	at org.junit.runners.model.FrameworkMethod$1.runReflectiveCall(FrameworkMethod.java:44)
	at org.junit.internal.runners.model.ReflectiveCallable.run(ReflectiveCallable.java:15)
	at org.junit.runners.model.FrameworkMethod.invokeExplosively(FrameworkMethod.java:41)
	at junitparams.internal.InvokeParameterisedMethod.evaluate(InvokeParameterisedMethod.java:102)
	at org.junit.internal.runners.statements.FailOnTimeout$1.run(FailOnTimeout.java:28)
Caused by: ptolemy.kernel.util.IllegalActionException: PublisherPorts cannot be used at the top level, use a Publisher actor instead.
  in .PublisherPortToplevelSubscriber.PublisherPort
	at ptolemy.actor.PublisherPort.preinitialize(PublisherPort.java:403)
	at ptolemy.actor.CompositeActor.preinitialize(CompositeActor.java:1769)
	at ptolemy.actor.Manager.preinitializeAndResolveTypes(Manager.java:1040)
	at ptolemy.actor.Manager.initialize(Manager.java:710)
	at ptolemy.actor.Manager.execute(Manager.java:356)
	at ptolemy.actor.Manager.run(Manager.java:1263)
	at ptolemy.actor.Manager$PtolemyRunThread.run(Manager.java:1915)
java.lang.RuntimeException: Execution failed
	at ptolemy.moml.MoMLSimpleApplication$UnloadThread.run(MoMLSimpleApplication.java:402)
Caused by: ptolemy.kernel.util.IllegalActionException: SubscriberPorts cannot be used at the top level, use a Subscriber actor instead.
  in .PublisherSubscriberPortToplevel.SubscriberPort
	at ptolemy.actor.SubscriberPort.preinitialize(SubscriberPort.java:328)
	at ptolemy.actor.CompositeActor.preinitialize(CompositeActor.java:1769)
	at ptolemy.actor.Manager.preinitializeAndResolveTypes(Manager.java:1040)
	at ptolemy.actor.Manager.initialize(Manager.java:710)
	at ptolemy.actor.Manager.execute(Manager.java:356)
	at ptolemy.actor.Manager.run(Manager.java:1263)
	at ptolemy.actor.Manager$PtolemyRunThread.run(Manager.java:1915)
java.lang.reflect.InvocationTargetException
	at sun.reflect.NativeConstructorAccessorImpl.newInstance0(Native Method)
	at sun.reflect.NativeConstructorAccessorImpl.newInstance(NativeConstructorAccessorImpl.java:62)
	at sun.reflect.DelegatingConstructorAccessorImpl.newInstance(DelegatingConstructorAccessorImpl.java:45)
	at java.lang.reflect.Constructor.newInstance(Constructor.java:423)
	at ptolemy.util.test.junit.AutoKnownFailedTests.RunModel(AutoKnownFailedTests.java:107)
	at sun.reflect.NativeMethodAccessorImpl.invoke0(Native Method)
	at sun.reflect.NativeMethodAccessorImpl.invoke(NativeMethodAccessorImpl.java:62)
	at sun.reflect.DelegatingMethodAccessorImpl.invoke(DelegatingMethodAccessorImpl.java:43)
	at java.lang.reflect.Method.invoke(Method.java:498)
	at org.junit.runners.model.FrameworkMethod$1.runReflectiveCall(FrameworkMethod.java:44)
	at org.junit.internal.runners.model.ReflectiveCallable.run(ReflectiveCallable.java:15)
	at org.junit.runners.model.FrameworkMethod.invokeExplosively(FrameworkMethod.java:41)
	at junitparams.internal.InvokeParameterisedMethod.evaluate(InvokeParameterisedMethod.java:102)
	at org.junit.internal.runners.statements.FailOnTimeout$1.run(FailOnTimeout.java:28)
Caused by: ptolemy.kernel.util.IllegalActionException: SubscriberPorts cannot be used at the top level, use a Subscriber actor instead.
  in .PublisherSubscriberPortToplevel.SubscriberPort
	at ptolemy.actor.SubscriberPort.preinitialize(SubscriberPort.java:328)
	at ptolemy.actor.CompositeActor.preinitialize(CompositeActor.java:1769)
	at ptolemy.actor.Manager.preinitializeAndResolveTypes(Manager.java:1040)
	at ptolemy.actor.Manager.initialize(Manager.java:710)
	at ptolemy.actor.Manager.execute(Manager.java:356)
	at ptolemy.actor.Manager.run(Manager.java:1263)
	at ptolemy.actor.Manager$PtolemyRunThread.run(Manager.java:1915)
java.lang.RuntimeException: Execution failed
	at ptolemy.moml.MoMLSimpleApplication$UnloadThread.run(MoMLSimpleApplication.java:402)
Caused by: ptolemy.kernel.util.IllegalActionException: SubscriptionAggregatorPorts cannot be used at the top level, use a SubscriptionAggregator actor instead.
  in .PublisherSubscriptionAggregatorPort.SubscriptionAggregatorPort
	at ptolemy.actor.SubscriptionAggregatorPort.preinitialize(SubscriptionAggregatorPort.java:353)
	at ptolemy.actor.CompositeActor.preinitialize(CompositeActor.java:1769)
	at ptolemy.actor.Manager.preinitializeAndResolveTypes(Manager.java:1040)
	at ptolemy.actor.Manager.initialize(Manager.java:710)
	at ptolemy.actor.Manager.execute(Manager.java:356)
	at ptolemy.actor.Manager.run(Manager.java:1263)
	at ptolemy.actor.Manager$PtolemyRunThread.run(Manager.java:1915)
java.lang.reflect.InvocationTargetException
	at sun.reflect.NativeConstructorAccessorImpl.newInstance0(Native Method)
	at sun.reflect.NativeConstructorAccessorImpl.newInstance(NativeConstructorAccessorImpl.java:62)
	at sun.reflect.DelegatingConstructorAccessorImpl.newInstance(DelegatingConstructorAccessorImpl.java:45)
	at java.lang.reflect.Constructor.newInstance(Constructor.java:423)
	at ptolemy.util.test.junit.AutoKnownFailedTests.RunModel(AutoKnownFailedTests.java:107)
	at sun.reflect.NativeMethodAccessorImpl.invoke0(Native Method)
	at sun.reflect.NativeMethodAccessorImpl.invoke(NativeMethodAccessorImpl.java:62)
	at sun.reflect.DelegatingMethodAccessorImpl.invoke(DelegatingMethodAccessorImpl.java:43)
	at java.lang.reflect.Method.invoke(Method.java:498)
	at org.junit.runners.model.FrameworkMethod$1.runReflectiveCall(FrameworkMethod.java:44)
	at org.junit.internal.runners.model.ReflectiveCallable.run(ReflectiveCallable.java:15)
	at org.junit.runners.model.FrameworkMethod.invokeExplosively(FrameworkMethod.java:41)
	at junitparams.internal.InvokeParameterisedMethod.evaluate(InvokeParameterisedMethod.java:102)
	at org.junit.internal.runners.statements.FailOnTimeout$1.run(FailOnTimeout.java:28)
Caused by: ptolemy.kernel.util.IllegalActionException: SubscriptionAggregatorPorts cannot be used at the top level, use a SubscriptionAggregator actor instead.
  in .PublisherSubscriptionAggregatorPort.SubscriptionAggregatorPort
	at ptolemy.actor.SubscriptionAggregatorPort.preinitialize(SubscriptionAggregatorPort.java:353)
	at ptolemy.actor.CompositeActor.preinitialize(CompositeActor.java:1769)
	at ptolemy.actor.Manager.preinitializeAndResolveTypes(Manager.java:1040)
	at ptolemy.actor.Manager.initialize(Manager.java:710)
	at ptolemy.actor.Manager.execute(Manager.java:356)
	at ptolemy.actor.Manager.run(Manager.java:1263)
	at ptolemy.actor.Manager$PtolemyRunThread.run(Manager.java:1915)
java.lang.RuntimeException: Execution failed
	at ptolemy.moml.MoMLSimpleApplication$UnloadThread.run(MoMLSimpleApplication.java:402)
Caused by: ptolemy.kernel.util.IllegalActionException: TypeTest actor has no training data.
  in .sizedarray3.TypeTest
	at ptolemy.actor.lib.TypeTest.initialize(TypeTest.java:250)
	at ptolemy.actor.Director.initialize(Director.java:938)
	at ptolemy.actor.Director.initialize(Director.java:907)
	at ptolemy.actor.sched.StaticSchedulingDirector.initialize(StaticSchedulingDirector.java:159)
	at ptolemy.domains.sdf.kernel.SDFDirector.initialize(SDFDirector.java:544)
	at ptolemy.actor.CompositeActor.initialize(CompositeActor.java:935)
	at ptolemy.actor.Manager.initialize(Manager.java:724)
	at ptolemy.actor.Manager.execute(Manager.java:356)
	at ptolemy.actor.Manager.run(Manager.java:1263)
	at ptolemy.actor.Manager$PtolemyRunThread.run(Manager.java:1915)
java.lang.reflect.InvocationTargetException
	at sun.reflect.NativeConstructorAccessorImpl.newInstance0(Native Method)
	at sun.reflect.NativeConstructorAccessorImpl.newInstance(NativeConstructorAccessorImpl.java:62)
	at sun.reflect.DelegatingConstructorAccessorImpl.newInstance(DelegatingConstructorAccessorImpl.java:45)
	at java.lang.reflect.Constructor.newInstance(Constructor.java:423)
	at ptolemy.util.test.junit.AutoKnownFailedTests.RunModel(AutoKnownFailedTests.java:107)
	at sun.reflect.NativeMethodAccessorImpl.invoke0(Native Method)
	at sun.reflect.NativeMethodAccessorImpl.invoke(NativeMethodAccessorImpl.java:62)
	at sun.reflect.DelegatingMethodAccessorImpl.invoke(DelegatingMethodAccessorImpl.java:43)
	at java.lang.reflect.Method.invoke(Method.java:498)
	at org.junit.runners.model.FrameworkMethod$1.runReflectiveCall(FrameworkMethod.java:44)
	at org.junit.internal.runners.model.ReflectiveCallable.run(ReflectiveCallable.java:15)
	at org.junit.runners.model.FrameworkMethod.invokeExplosively(FrameworkMethod.java:41)
	at junitparams.internal.InvokeParameterisedMethod.evaluate(InvokeParameterisedMethod.java:102)
	at org.junit.internal.runners.statements.FailOnTimeout$1.run(FailOnTimeout.java:28)
Caused by: ptolemy.kernel.util.IllegalActionException: TypeTest actor has no training data.
  in .sizedarray3.TypeTest
	at ptolemy.actor.lib.TypeTest.initialize(TypeTest.java:250)
	at ptolemy.actor.Director.initialize(Director.java:938)
	at ptolemy.actor.Director.initialize(Director.java:907)
	at ptolemy.actor.sched.StaticSchedulingDirector.initialize(StaticSchedulingDirector.java:159)
	at ptolemy.domains.sdf.kernel.SDFDirector.initialize(SDFDirector.java:544)
	at ptolemy.actor.CompositeActor.initialize(CompositeActor.java:935)
	at ptolemy.actor.Manager.initialize(Manager.java:724)
	at ptolemy.actor.Manager.execute(Manager.java:356)
	at ptolemy.actor.Manager.run(Manager.java:1263)
	at ptolemy.actor.Manager$PtolemyRunThread.run(Manager.java:1915)
]]></system-err>
</testsuite>
