<?xml version="1.0" encoding="UTF-8" ?>
<testsuite errors="0" failures="1" hostname="travis-job-f75ed082-b74b-46dc-be1a-e74b99837973" name="ptolemy.actor.lib.test.junit.JUnitTclTest" skipped="0" tests="517" time="64.273" timestamp="2019-07-21T01:09:47">
  <properties>
    <property name="npm.executable" value="npm" />
    <property name="env.TRAVIS_ROOT" value="/" />
    <property name="ptII.mk.exists" value="true" />
    <property name="env.TRAVIS_APP_HOST" value="build.travis-ci.org" />
    <property name="env.rvm_bin_path" value="/home/travis/.rvm/bin" />
    <property name="java.home" value="/usr/local/lib/jvm/openjdk11" />
    <property name="env.TRAVIS_JOB_NUMBER" value="1262.8" />
    <property name="env.TRAVIS_HOME" value="/home/travis" />
    <property name="env.DISPLAY" value=":99.0" />
    <property name="env.TRAVIS_INIT" value="systemd" />
    <property name="env.SSH_TTY" value="/dev/pts/0" />
    <property name="java.net.preferIPv4Stack" value="true" />
    <property name="env.RUN_TESTS" value="true" />
    <property name="timeout.short" value="1000000" />
    <property name="junit.formatter" value="xml" />
    <property name="env.TRAVIS_SUDO" value="true" />
    <property name="env.TRAVIS_JOB_NAME" value="" />
    <property name="env.TRAVIS_STACK_NODE_ATTRIBUTES" value="/.node-attributes.yml" />
    <property name="env.LOGNAME" value="travis" />
    <property name="env.PT_TRAVIS_TEST_CORE1_XML" value="true" />
    <property name="jsdoc.home" value="node_modules/@terraswarm/jsdoc" />
    <property name="debuglevel" value="source,lines,vars" />
    <property name="checkstyle.formatter" value="xml" />
    <property name="env._system_version" value="16.04" />
    <property name="bin.vergil.makeable" value="true" />
    <property name="sun.os.patch.level" value="unknown" />
    <property name="java.vendor.url" value="http://java.oracle.com/" />
    <property name="env.TRAVIS_BUILD_WEB_URL" value="https://travis-ci.org/icyphy/ptII/builds/561540288" />
    <property name="java.version" value="11.0.2" />
    <property name="env.TZ" value="UTC" />
    <property name="env.TRAVIS_PULL_REQUEST_SHA" value="" />
    <property name="env.PT_NO_NET" value="true" />
    <property name="env.TRAVIS_SECURE_ENV_VARS" value="true" />
    <property name="env._system_type" value="Linux" />
    <property name="java.vendor.url.bug" value="http://bugreport.java.com/bugreport/" />
    <property name="npmjs-org-is-up" value="true" />
    <property name="env.LANGUAGE" value="en_US.UTF-8" />
    <property name="env.SSH_CLIENT" value="10.10.4.198 35168 22" />
    <property name="env.GEM_HOME" value="/home/travis/.rvm/gems/ruby-2.5.3" />
    <property name="env.HAS_ANTARES_THREE_LITTLE_FRONZIES_BADGE" value="true" />
    <property name="java.version.date" value="2019-01-15" />
    <property name="env.PS4" value="+" />
    <property name="ant.project.invoked-targets" value="build,test.core1.xml" />
    <property name="env.TRAVIS_PULL_REQUEST_BRANCH" value="" />
    <property name="env.TRAVIS_REPO_SLUG" value="icyphy/ptII" />
    <property name="env.XDG_DATA_DIRS" value="/usr/local/share:/usr/share:/var/lib/snapd/desktop" />
    <property name="jdk.debug" value="release" />
    <property name="env.TRAVIS_APT_PROXY" value="http://apt.cache.travis-ci.com" />
    <property name="node.in.path" value="true" />
    <property name="user.name" value="travis" />
    <property name="java.maxmemory" value="1400m" />
    <property name="env.RUBY_VERSION" value="ruby-2.5.3" />
    <property name="env.LANG" value="en_US.UTF-8" />
    <property name="sun.io.unicode.encoding" value="UnicodeLittle" />
    <property name="sun.jnu.encoding" value="UTF-8" />
    <property name="java.runtime.name" value="OpenJDK Runtime Environment" />
    <property name="usefile" value="false" />
    <property name="return.code" value="0" />
    <property name="junit.single.formatter" value="plain" />
    <property name="env.DYLD_LIBRARY_PATH" value="/home/travis/pthla/certi-tools/lib:" />
    <property name="env.DEBIAN_FRONTEND" value="noninteractive" />
    <property name="env.SSH_CONNECTION" value="10.10.4.198 35168 10.20.1.130 22" />
    <property name="env.MYSQL_UNIX_PORT" value="/var/run/mysqld/mysqld.sock" />
    <property name="env.LC_ALL" value="en_US.UTF-8" />
    <property name="env.TRAVIS_ALLOW_FAILURE" value="false" />
    <property name="env.TRAVIS_JOB_WEB_URL" value="https://travis-ci.org/icyphy/ptII/jobs/561540296" />
    <property name="java.specification.name" value="Java Platform API Specification" />
    <property name="node.works" value="true" />
    <property name="user.timezone" value="" />
    <property name="path.separator" value=":" />
    <property name="env.TRAVIS_ENABLE_INFRA_DETECTION" value="true" />
    <property name="env.PYTHON_CFLAGS" value="-g -fstack-protector --param=ssp-buffer-size=4 -Wformat -Werror=format-security" />
    <property name="timeout.long" value="4000000" />
    <property name="env.CERTI_HOME" value="/home/travis/pthla/certi-tools" />
    <property name="ant.file.ptII" value="/home/travis/build/icyphy/ptII/build.xml" />
    <property name="javadoc.packagenames" value="com.*,diva.*,lbnl.*,org.hlacerti.*,org.json.*,org.ptolemy.*,org.terraswarm.*,ptolemy.*,ptserver.*" />
    <property name="file.encoding" value="UTF-8" />
    <property name="env.TRAVIS_PULL_REQUEST_SLUG" value="" />
    <property name="ant.project.default-target" value="build" />
    <property name="env.GIT_ASKPASS" value="echo" />
    <property name="env.HOME" value="/home/travis" />
    <property name="sun.java.command" value="org.apache.tools.ant.taskdefs.optional.junit.JUnitTestRunner ptolemy.actor.lib.test.junit.JUnitTclTest skipNonTests=false filtertrace=true haltOnError=false haltOnFailure=false formatter=org.apache.tools.ant.taskdefs.optional.junit.OutErrSummaryJUnitResultFormatter showoutput=true outputtoformatters=true logfailedtests=true threadid=0 logtestlistenerevents=false formatter=org.apache.tools.ant.taskdefs.optional.junit.XMLJUnitResultFormatter,/home/travis/build/icyphy/ptII/reports/junit/TEST-ptolemy.actor.lib.test.junit.JUnitTclTest.xml crashfile=/home/travis/build/icyphy/ptII/junitvmwatcher12046965299650240444.properties propsfile=/home/travis/build/icyphy/ptII/junit8438479260048150694.properties" />
    <property name="env.COMPOSER_NO_INTERACTION" value="1" />
    <property name="env.MANPATH" value="/home/travis/.nvm/versions/node/v7.10.1/share/man:/home/travis/.rvm/rubies/ruby-2.5.3/share/man:/usr/local/cmake-3.12.4/man:/usr/local/clang-7.0.0/share/man:/usr/local/man:/usr/local/share/man:/usr/share/man:/home/travis/.rvm/man" />
    <property name="env.TRAVIS_TIMER_ID" value="05df1ad2" />
    <property name="ant.file" value="/home/travis/build/icyphy/ptII/build.xml" />
    <property name="env.TRAVIS_COMMIT_RANGE" value="02fbdd5857f4...c79886f35f02" />
    <property name="env._system_name" value="Ubuntu" />
    <property name="ptII.classpath.optional.property" value="/home/travis/build/icyphy/ptII/lib/bsh-2.0b4.jar:/home/travis/build/icyphy/ptII/lib/ptCal.jar:/home/travis/build/icyphy/ptII/lib/java_cup.jar:/home/travis/build/icyphy/ptII/lib/saxon8.jar:/home/travis/build/icyphy/ptII/lib/saxon8-dom.jar:/home/travis/build/icyphy/ptII/lib/chic.jar:/home/travis/build/icyphy/ptII/lib/ptcolt.jar:/home/travis/build/icyphy/ptII/vendors/misc/itext/iText.jar:/home/travis/build/icyphy/ptII/lib/g4ltl.jar:/home/travis/build/icyphy/ptII/lib/StructuralCoder.jar:/home/travis/build/icyphy/ptII/lib/jcerti.jar:/home/travis/build/icyphy/ptII/lib/javax.mail.jar:/home/travis/build/icyphy/ptII/vendors/JMF-2.1.1e/lib/jmf.jar:/home/travis/build/icyphy/ptII/lib/jna-4.0.0-variadic.jar:/home/travis/build/icyphy/ptII/vendors/misc/joystick/Joystick.jar:/home/travis/build/icyphy/ptII/lib/ptjacl.jar:/home/travis/build/icyphy/ptII/lib/jsoup-1.8.2.jar:/home/travis/build/icyphy/ptII/lib/junit-4.8.2.jar:/home/travis/build/icyphy/ptII/lib/JUnitParams-0.4.0.jar:/home/travis/build/icyphy/ptII/ptolemy/actor/lib/excel/jxl.jar:/home/travis/build/icyphy/ptII/lib/jython.jar:/home/travis/build/icyphy/ptII/lib/kieler.jar:/home/travis/build/icyphy/ptII/vendors/opencv/share/OpenCV/java/opencv-341.jar:/home/travis/build/icyphy/ptII/lib/oscP5.jar:/home/travis/build/icyphy/ptII/lib/nrjavaserial-3.11.0.devel.jar:/home/travis/build/icyphy/ptII/vendors/j3d/lib/Linux/j3dcore.jar:/home/travis/build/icyphy/ptII/vendors/j3d/lib/Linux/j3dutils.jar:/home/travis/build/icyphy/ptII/vendors/j3d/lib/Linux/vecmath.jar:/home/travis/build/icyphy/ptII/vendors/jogl/lib/Linux/gluegen-rt-natives-linux-amd64.jar:/home/travis/build/icyphy/ptII/vendors/jogl/lib/Linux/gluegen-rt.jar:/home/travis/build/icyphy/ptII/vendors/jogl/lib/Linux/jogl-all-natives-linux-amd64.jar:/home/travis/build/icyphy/ptII/vendors/jogl/lib/Linux/jogl-all.jar:/home/travis/build/icyphy/ptII/ptolemy/distributed/jini/jar/jini-core.jar:/home/travis/build/icyphy/ptII/ptolemy/distributed/jini/jar/jini-ext.jar:/home/travis/build/icyphy/ptII/ptolemy/distributed/jini/jar/sun-util.jar:/home/travis/build/icyphy/ptII/lib/protobuf-java-2.4.1.jar:/home/travis/build/icyphy/ptII/lib/org.eclipse.paho.client.mqttv3.jar:/home/travis/build/icyphy/ptII/lib/mapss.jar:/home/travis/build/icyphy/ptII/ptolemy/actor/ptalon/antlr/antlr.jar:/home/travis/build/icyphy/ptII/lib/JRI.jar:/home/travis/build/icyphy/ptII/lib/commons-lang-2.6.jar:/home/travis/build/icyphy/ptII/lib/commons-logging-1.1.1.jar:/home/travis/build/icyphy/ptII/lib/sootclasses.jar:/home/travis/build/icyphy/ptII/ptolemy/actor/lib/database/mysql-connector-java-5.1.6-bin.jar:/home/travis/build/icyphy/ptII/vendors/misc/sphinx4/sphinx4-data-5prealpha.jar:/home/travis/build/icyphy/ptII/vendors/misc/sphinx4/sphinx4-core-5prealpha.jar:/home/travis/build/icyphy/ptII/lib/PDFRenderer.jar:/home/travis/build/icyphy/ptII/lib/svgSalamander.jar:/home/travis/build/icyphy/ptII/lib/rsyntaxtextarea-2.6.0-SNAPSHOT.jar:/home/travis/build/icyphy/ptII/lib/hazelcast-3.8.2.jar:/home/travis/build/icyphy/ptII/lib/jackson-annotations-2.9.0.jar:/home/travis/build/icyphy/ptII/lib/jackson-core-2.9.3.jar:/home/travis/build/icyphy/ptII/lib/jackson-databind-2.9.3.jar:/home/travis/build/icyphy/ptII/lib/netty-buffer-4.1.19.Final.jar:/home/travis/build/icyphy/ptII/lib/netty-codec-4.1.19.Final.jar:/home/travis/build/icyphy/ptII/lib/netty-codec-dns-4.1.19.Final.jar:/home/travis/build/icyphy/ptII/lib/netty-codec-http-4.1.19.Final.jar:/home/travis/build/icyphy/ptII/lib/netty-codec-http2-4.1.19.Final.jar:/home/travis/build/icyphy/ptII/lib/netty-common-4.1.19.Final.jar:/home/travis/build/icyphy/ptII/lib/netty-handler-4.1.19.Final.jar:/home/travis/build/icyphy/ptII/lib/netty-resolver-4.1.19.Final.jar:/home/travis/build/icyphy/ptII/lib/netty-resolver-dns-4.1.19.Final.jar:/home/travis/build/icyphy/ptII/lib/netty-transport-4.1.19.Final.jar:/home/travis/build/icyphy/ptII/lib/vertx-codegen-3.5.1.jar:/home/travis/build/icyphy/ptII/lib/vertx-core-3.5.2-SNAPSHOT.jar:/home/travis/build/icyphy/ptII/lib/vertx-hazelcast-3.5.1.jar:/home/travis/build/icyphy/ptII/lib/vertx-lang-js-3.5.1.jar:/home/travis/build/icyphy/ptII/lib/vertx-service-proxy-3.5.1.jar:/home/travis/build/icyphy/ptII/lib/vertx-web-3.5.1.jar:/home/travis/build/icyphy/ptII/lib/slf4j-api-1.7.13.jar:/home/travis/build/icyphy/ptII/lib/slf4j-simple-1.7.13.jar:/home/travis/build/icyphy/ptII/lib/webcam-capture-0.3.12.jar:/home/travis/build/icyphy/ptII/lib/bridj-0.7.0.jar:/home/travis/build/icyphy/ptII/lib/xbjlib-1.1.0.nrjavaserial.jar" />
    <property name="timeout" value="2400000" />
    <property name="test.batch" value="**/junit/*.java" />
    <property name="env._" value="/usr/bin/timeout" />
    <property name="java.io.tmpdir" value="/tmp" />
    <property name="user.language" value="en" />
    <property name="env.TRAVIS_INTERNAL_RUBY_REGEX" value="^ruby-(2\.[0-4]\.[0-9]|1\.9\.3)" />
    <property name="env.HISTCONTROL" value="ignoredups:ignorespace" />
    <property name="env.GOROOT" value="/home/travis/.gimme/versions/go1.11.1.linux.amd64" />
    <property name="line.separator" value="&#xa;" />
    <property name="target" value="11" />
    <property name="env.TRAVIS_BUILD_DIR" value="/home/travis/build/icyphy/ptII" />
    <property name="env.ANT_OPTS" value="-Xmx2048m" />
    <property name="ant.file.type" value="file" />
    <property name="ptolemy.ptII.batchMode" value="true" />
    <property name="env.HISTSIZE" value="1000" />
    <property name="env.MERB_ENV" value="test" />
    <property name="java.vm.info" value="mixed mode" />
    <property name="source" value="11" />
    <property name="java.vm.specification.name" value="Java Virtual Machine Specification" />
    <property name="env.TRAVIS_TEST_RESULT" value="0" />
    <property name="jsdoc.command" value="node_modules/@terraswarm/jsdoc/jsdoc.js" />
    <property name="npm.works" value="true" />
    <property name="cobertura.dir" value="/home/travis/build/icyphy/ptII/vendors/cobertura-2.0.3" />
    <property name="jsdoc.command.exists" value="true" />
    <property name="env.rvm_path" value="/home/travis/.rvm" />
    <property name="env.GEM_PATH" value="/home/travis/.rvm/gems/ruby-2.5.3:/home/travis/.rvm/gems/ruby-2.5.3@global" />
    <property name="env.LC_CTYPE" value="en_US.UTF-8" />
    <property name="env.TRAVIS_CMD" value="$PTII/bin/ptIITravisBuild.sh $SECONDS" />
    <property name="java.awt.printerjob" value="sun.print.PSPrinterJob" />
    <property name="env.TRAVIS_STACK_NAME" value="sardonyx" />
    <property name="env.TRAVIS_TIMER_START_TIME" value="1563670675555356552" />
    <property name="ant.version" value="Apache Ant(TM) version 1.10.1 compiled on February 2 2017" />
    <property name="ptII.reports" value="/home/travis/build/icyphy/ptII/reports" />
    <property name="env.TRAVIS_STACK_TIMESTAMP" value="2019-03-25 16:16:56 UTC" />
    <property name="ant.file.type.ptII" value="file" />
    <property name="env.RBENV_SHELL" value="bash" />
    <property name="os.name" value="Linux" />
    <property name="java.specification.vendor" value="Oracle Corporation" />
    <property name="env.rvm_version" value="1.29.7 (latest)" />
    <property name="env.TRAVIS_INFRA" value="gce" />
    <property name="env.TERM" value="xterm" />
    <property name="java.vm.name" value="OpenJDK 64-Bit Server VM" />
    <property name="env.TRAVIS_BUILD_NUMBER" value="1262" />
    <property name="env.CI" value="true" />
    <property name="java.library.path" value="/home/travis/pthla/certi-tools/lib:/usr/lib/jni:/usr/local/share/OpenCV/java/:/usr/share/OpenCV/java::/usr/java/packages/lib:/usr/lib64:/lib64:/lib:/usr/lib" />
    <property name="jdk.module.path" value="/home/travis/build/icyphy/ptII/vendors/javafx/javafx-sdk-11.0.2/lib:" />
    <property name="env.rvm_prefix" value="/home/travis" />
    <property name="env.PATH" value="/home/travis/pthla/certi-tools/share/scripts:/home/travis/.rvm/gems/ruby-2.5.3/bin:/home/travis/.rvm/gems/ruby-2.5.3@global/bin:/home/travis/.rvm/rubies/ruby-2.5.3/bin:/home/travis/.rvm/bin:/home/travis/.nvm/versions/node/v7.10.1/bin:./node_modules/.bin:/home/travis/build/icyphy/ptII/bin:/home/travis/pthla/certi-tools/bin:/home/travis/bin:/home/travis/.local/bin:/usr/local/lib/jvm/openjdk11/bin:/opt/pyenv/shims:/home/travis/.phpenv/shims:/home/travis/perl5/perlbrew/bin:/home/travis/gopath/bin:/home/travis/.gimme/versions/go1.11.1.linux.amd64/bin:/usr/local/maven-3.6.0/bin:/usr/local/cmake-3.12.4/bin:/usr/local/clang-7.0.0/bin:/usr/local/sbin:/usr/local/bin:/usr/sbin:/usr/bin:/sbin:/bin:/snap/bin:/home/travis/.phpenv/bin:/opt/pyenv/bin:/home/travis/.yarn/bin" />
    <property name="env.TRAVIS_OS_NAME" value="linux" />
    <property name="ant.java.version" value="9" />
    <property name="basedir" value="/home/travis/build/icyphy/ptII" />
    <property name="java.class.version" value="55.0" />
    <property name="env.SHLVL" value="3" />
    <property name="env.LD_LIBRARY_PATH" value="/home/travis/pthla/certi-tools/lib:/usr/lib/jni:/usr/local/share/OpenCV/java/:/usr/share/OpenCV/java:" />
    <property name="env.RACK_ENV" value="test" />
    <property name="ant.home" value="/home/travis/build/icyphy/ptII/ant" />
    <property name="env.NVM_DIR" value="/home/travis/.nvm" />
    <property name="env.CERTI_FOM_PATH" value="/home/travis/pthla/certi-tools/share/federations" />
    <property name="env.TRAVIS_BUILD_ID" value="561540288" />
    <property name="env.PYENV_ROOT" value="/opt/pyenv" />
    <property name="env.TRAVIS_UID" value="2000" />
    <property name="prism.verbose" value="true" />
    <property name="env.NVM_BIN" value="/home/travis/.nvm/versions/node/v7.10.1/bin" />
    <property name="env.TRAVIS_COMMIT" value="c79886f35f0269e3e2b325b3bbcbd28d7ee33b1c" />
    <property name="env._system_arch" value="x86_64" />
    <property name="node.executable" value="node" />
    <property name="sun.boot.library.path" value="/usr/local/lib/jvm/openjdk11/lib" />
    <property name="sun.management.compiler" value="HotSpot 64-Bit Tiered Compilers" />
    <property name="java.awt.graphicsenv" value="sun.awt.X11GraphicsEnvironment" />
    <property name="env.GOPATH" value="/home/travis/gopath" />
    <property name="ptolemy.ptII.dir" value="/home/travis/build/icyphy/ptII" />
    <property name="env.USER" value="travis" />
    <property name="env.HISTFILESIZE" value="2000" />
    <property name="timeout.longest" value="19000000" />
    <property name="env.PERLBREW_SHELLRC_VERSION" value="0.86" />
    <property name="env.TRAVIS_STACK_FEATURES" value="basic couchdb disabled-ipv6 docker docker-compose elasticsearch firefox go-toolchain google-chrome jdk memcached mongodb mysql nodejs_interpreter perl_interpreter perlbrew phantomjs postgresql python_interpreter redis ruby_interpreter sqlite xserver" />
    <property name="env.TRAVIS_PULL_REQUEST" value="false" />
    <property name="env.PYENV_SHELL" value="bash" />
    <property name="ant.project.name" value="ptII" />
    <property name="env.ANSI_RESET" value="\033[0m" />
    <property name="java.vm.specification.version" value="11" />
    <property name="env.TRAVIS_DIST" value="xenial" />
    <property name="env.CERTI_VERSION" value="4.0.0" />
    <property name="env.CERTI_HOST" value="localhost" />
    <property name="awt.toolkit" value="sun.awt.X11.XToolkit" />
    <property name="env.MY_RUBY_HOME" value="/home/travis/.rvm/rubies/ruby-2.5.3" />
    <property name="sun.cpu.isalist" value="" />
    <property name="env.TRAVIS_TMPDIR" value="/tmp/tmp.EY33ZBD6K4" />
    <property name="java.vm.compressedOopsMode" value="Zero based" />
    <property name="os.version" value="4.15.0-1028-gcp" />
    <property name="user.home" value="/home/travis" />
    <property name="java.vm.vendor" value="Oracle Corporation" />
    <property name="env.TRAVIS_TAG" value="nightly" />
    <property name="env.ANSI_YELLOW" value="\033[33;1m" />
    <property name="env.TRAVIS_FILTERED" value="redirect_io" />
    <property name="env.ANSI_GREEN" value="\033[32;1m" />
    <property name="env.JAVA_HOME" value="/usr/local/lib/jvm/openjdk11" />
    <property name="javadoc.excludepackagenames" value="adm.cvs2svn.*,build.*,config.*,doc.coding.templates.*,jni.test.jni.meaningOfLife.*,jni.test.jni.testDeux.*,jni.test.jni.testTrois.*,org.terraswarm.accessor.accessors.web.node_modules.*,org.terraswarm.accessor.accessors.web.hosts.cordova.demo.*,org.terraswarm.accessor.accessors.web.hosts.cordova.plugins.*,org.terraswarm.accessor.accessors-svn.*,pt-modules.*,ptolemy.apps.agilent.*,ptolemy.apps.anytimecontrol.*,ptolemy.apps.apes.*,ptolemy.apps.charon.*,ptolemy.apps.crazyboard.*,ptolemy.apps.eclipse.*,ptolemy.apps.etherealSting.*,ptolemy.apps.fullscreen.*,ptolemy.apps.giotto.*,ptolemy.apps.ia.*,ptolemy.apps.interfaces.*,ptolemy.apps.jmf.*,ptolemy.apps.kurt.*,ptolemy.apps.kvm.*,ptolemy.apps.lego.*,ptolemy.apps.lejos.*,ptolemy.apps.midp.*,ptolemy.apps.mobileCoding.*,ptolemy.apps.pendulum.*,ptolemy.apps.rijndael.*,ptolemy.apps.robot.*,ptolemy.apps.security.*,ptolemy.apps.sobel.*,ptolemy.apps.soot.*,ptolemy.apps.throttle.*,ptolemy.apps.tini.*,ptolemy.apps.transmission.*,ptolemy.apps.vergil.*,ptolemy.apps.waba.*,ptolemy.apps.websensor.*,ptolemy.apps.webstart.*,ptolemy.apps.xsl.*,ptolemy.apps.zaurus.*,ptolemy.codegen.c.actor.lib.oldJavaFiles.*,ptolemy.codegen.dsp.lib.*,ptolemy.codegen.kernel.newInterfaces.*,ptolemy.codegen.lib.*,ptolemy.copernicus.kernel.fragment.*,ptolemy.copernicus.shallow.cg.*,ptolemy.domains.giotto.demo.Hierarchy.Hierarchy.*,ptolemy.domains.giotto.demo.Multimode.Multimode.*,ptolemy.domains.giotto.demo.Simple.Simple.*,ptolemy.domains.gr.lib.experimental.*,ptolemy.domains.gro.*,ptolemy.domains.pdf.*,ptolemy.domains.ptinyos.demo.Surge.output.*,ptolemy.moml.test.NoPackageActor.java*,ptolemy.plot.adm.*,ptolemy.plot.servlet.*,reports.*,signed.*,src.*,target.*,vendors.*,ptolemy.copernicus.applet.*,ptolemy.media.viewer.*,ptolemy.actor.corba.*,doc.doclets.*,ptolemy.apps.eclipse.awt.*,ptolemy.backtrack.*,ptolemy.backtrack.ast.*,ptolemy.cg.adapter.generic.program.procedural.c.mbed*,ptolemy.homer.*,ptolemy.actor.lib.jai.*,org.ptolemy.scala.*,diva.util.java2d.svg.*,ptolemy.domains.ptinyos.*,ptolemy.actor.lib.fmi.fmipp.*,,org.terraswarm.accessor.accessors.web.node_modules.*,org.terraswarm.accessor.accessors-svn,ptolemy.apps.*,ptolemy.actor.ptalon.demo.ptinyos.SendAndReceiveCnt.output,ptolemy.actor.ptalon.demo.ptinyos.SenseToLeds.output,ptolemy.domains.ptinyos.demo.CntToLedsAndRfm.output,ptolemy.domains.ptinyos.demo.RfmToLeds.output,ptolemy.domains.ptinyos.demo.SendAndReceiveCnt.output,ptolemy.domains.ptinyos.demo.SenseToLeds.output,ptolemy.actor.lib.jjs.modules.udpSocket.*" />
    <property name="env.PTII" value="/home/travis/build/icyphy/ptII" />
    <property name="env.XDG_SESSION_ID" value="2" />
    <property name="keystore" value="ptKeystore" />
    <property name="env.TRAVIS_COMMIT_MESSAGE" value="Run test.travis.timeout.fail.xml" />
    <property name="junit.output.dir" value="/home/travis/build/icyphy/ptII/reports/junit" />
    <property name="npm.return.code" value="0" />
    <property name="user.dir" value="/home/travis/build/icyphy/ptII/ptolemy/actor/lib/test" />
    <property name="env.TRAVIS_NODE_VERSION" value="7" />
    <property name="env.TRAVIS_EVENT_TYPE" value="push" />
    <property name="env.MAIL" value="/var/mail/travis" />
    <property name="env.PERLBREW_ROOT" value="/home/travis/perl5/perlbrew" />
    <property name="env.PWD" value="/home/travis/build/icyphy/ptII" />
    <property name="timeout.npm" value="45000" />
    <property name="env.TRAVIS_ARCH" value="amd64" />
    <property name="sun.cpu.endian" value="little" />
    <property name="env.PAGER" value="cat" />
    <property name="env.TRAVIS_BUILD_STAGE_NAME" value="Test" />
    <property name="env.PERLBREW_HOME" value="/home/travis/.perlbrew" />
    <property name="java.vm.version" value="11.0.2+9" />
    <property name="env.RAILS_ENV" value="test" />
    <property name="java.class.path" value="/home/travis/.ptolemyII:/home/travis/.ptolemyII/*:/home/travis/build/icyphy/ptII:/home/travis/build/icyphy/ptII/lib/bsh-2.0b4.jar:/home/travis/build/icyphy/ptII/lib/ptCal.jar:/home/travis/build/icyphy/ptII/lib/java_cup.jar:/home/travis/build/icyphy/ptII/lib/saxon8.jar:/home/travis/build/icyphy/ptII/lib/saxon8-dom.jar:/home/travis/build/icyphy/ptII/lib/chic.jar:/home/travis/build/icyphy/ptII/lib/ptcolt.jar:/home/travis/build/icyphy/ptII/vendors/misc/itext/iText.jar:/home/travis/build/icyphy/ptII/lib/g4ltl.jar:/home/travis/build/icyphy/ptII/lib/StructuralCoder.jar:/home/travis/build/icyphy/ptII/lib/jcerti.jar:/home/travis/build/icyphy/ptII/lib/javax.mail.jar:/home/travis/build/icyphy/ptII/vendors/JMF-2.1.1e/lib/jmf.jar:/home/travis/build/icyphy/ptII/lib/jna-4.0.0-variadic.jar:/home/travis/build/icyphy/ptII/vendors/misc/joystick/Joystick.jar:/home/travis/build/icyphy/ptII/lib/ptjacl.jar:/home/travis/build/icyphy/ptII/lib/jsoup-1.8.2.jar:/home/travis/build/icyphy/ptII/lib/junit-4.8.2.jar:/home/travis/build/icyphy/ptII/lib/JUnitParams-0.4.0.jar:/home/travis/build/icyphy/ptII/ptolemy/actor/lib/excel/jxl.jar:/home/travis/build/icyphy/ptII/lib/jython.jar:/home/travis/build/icyphy/ptII/lib/kieler.jar:/home/travis/build/icyphy/ptII/vendors/opencv/share/OpenCV/java/opencv-341.jar:/home/travis/build/icyphy/ptII/lib/oscP5.jar:/home/travis/build/icyphy/ptII/lib/nrjavaserial-3.11.0.devel.jar:/home/travis/build/icyphy/ptII/vendors/j3d/lib/Linux/j3dcore.jar:/home/travis/build/icyphy/ptII/vendors/j3d/lib/Linux/j3dutils.jar:/home/travis/build/icyphy/ptII/vendors/j3d/lib/Linux/vecmath.jar:/home/travis/build/icyphy/ptII/vendors/jogl/lib/Linux/gluegen-rt-natives-linux-amd64.jar:/home/travis/build/icyphy/ptII/vendors/jogl/lib/Linux/gluegen-rt.jar:/home/travis/build/icyphy/ptII/vendors/jogl/lib/Linux/jogl-all-natives-linux-amd64.jar:/home/travis/build/icyphy/ptII/vendors/jogl/lib/Linux/jogl-all.jar:/home/travis/build/icyphy/ptII/ptolemy/distributed/jini/jar/jini-core.jar:/home/travis/build/icyphy/ptII/ptolemy/distributed/jini/jar/jini-ext.jar:/home/travis/build/icyphy/ptII/ptolemy/distributed/jini/jar/sun-util.jar:/home/travis/build/icyphy/ptII/lib/protobuf-java-2.4.1.jar:/home/travis/build/icyphy/ptII/lib/org.eclipse.paho.client.mqttv3.jar:/home/travis/build/icyphy/ptII/lib/mapss.jar:/home/travis/build/icyphy/ptII/ptolemy/actor/ptalon/antlr/antlr.jar:/home/travis/build/icyphy/ptII/lib/JRI.jar:/home/travis/build/icyphy/ptII/lib/commons-lang-2.6.jar:/home/travis/build/icyphy/ptII/lib/commons-logging-1.1.1.jar:/home/travis/build/icyphy/ptII/lib/sootclasses.jar:/home/travis/build/icyphy/ptII/ptolemy/actor/lib/database/mysql-connector-java-5.1.6-bin.jar:/home/travis/build/icyphy/ptII/vendors/misc/sphinx4/sphinx4-data-5prealpha.jar:/home/travis/build/icyphy/ptII/vendors/misc/sphinx4/sphinx4-core-5prealpha.jar:/home/travis/build/icyphy/ptII/lib/PDFRenderer.jar:/home/travis/build/icyphy/ptII/lib/svgSalamander.jar:/home/travis/build/icyphy/ptII/lib/rsyntaxtextarea-2.6.0-SNAPSHOT.jar:/home/travis/build/icyphy/ptII/lib/hazelcast-3.8.2.jar:/home/travis/build/icyphy/ptII/lib/jackson-annotations-2.9.0.jar:/home/travis/build/icyphy/ptII/lib/jackson-core-2.9.3.jar:/home/travis/build/icyphy/ptII/lib/jackson-databind-2.9.3.jar:/home/travis/build/icyphy/ptII/lib/netty-buffer-4.1.19.Final.jar:/home/travis/build/icyphy/ptII/lib/netty-codec-4.1.19.Final.jar:/home/travis/build/icyphy/ptII/lib/netty-codec-dns-4.1.19.Final.jar:/home/travis/build/icyphy/ptII/lib/netty-codec-http-4.1.19.Final.jar:/home/travis/build/icyphy/ptII/lib/netty-codec-http2-4.1.19.Final.jar:/home/travis/build/icyphy/ptII/lib/netty-common-4.1.19.Final.jar:/home/travis/build/icyphy/ptII/lib/netty-handler-4.1.19.Final.jar:/home/travis/build/icyphy/ptII/lib/netty-resolver-4.1.19.Final.jar:/home/travis/build/icyphy/ptII/lib/netty-resolver-dns-4.1.19.Final.jar:/home/travis/build/icyphy/ptII/lib/netty-transport-4.1.19.Final.jar:/home/travis/build/icyphy/ptII/lib/vertx-codegen-3.5.1.jar:/home/travis/build/icyphy/ptII/lib/vertx-core-3.5.2-SNAPSHOT.jar:/home/travis/build/icyphy/ptII/lib/vertx-hazelcast-3.5.1.jar:/home/travis/build/icyphy/ptII/lib/vertx-lang-js-3.5.1.jar:/home/travis/build/icyphy/ptII/lib/vertx-service-proxy-3.5.1.jar:/home/travis/build/icyphy/ptII/lib/vertx-web-3.5.1.jar:/home/travis/build/icyphy/ptII/lib/slf4j-api-1.7.13.jar:/home/travis/build/icyphy/ptII/lib/slf4j-simple-1.7.13.jar:/home/travis/build/icyphy/ptII/lib/webcam-capture-0.3.12.jar:/home/travis/build/icyphy/ptII/lib/bridj-0.7.0.jar:/home/travis/build/icyphy/ptII/lib/xbjlib-1.1.0.nrjavaserial.jar:/home/travis/build/icyphy/ptII/ptolemy/moml/test:/home/travis/build/icyphy/ptII/ant/lib/ant-launcher.jar:/home/travis/build/icyphy/ptII/ant/lib/ant.jar:/home/travis/build/icyphy/ptII/ant/lib/ant-junit.jar:/home/travis/build/icyphy/ptII/ant/lib/ant-junit4.jar" />
    <property name="ant.library.dir" value="/home/travis/build/icyphy/ptII/ant/lib" />
    <property name="os.arch" value="amd64" />
    <property name="env.CONTINUOUS_INTEGRATION" value="true" />
    <property name="env.TRAVIS_LANGUAGE" value="node_js" />
    <property name="env.TRAVIS_STACK_LANGUAGES" value="__sardonyx__ c c++ clojure cplusplus cpp default generic go groovy java node_js php pure_java python ruby scala" />
    <property name="test.name" value="ptolemy.actor.lib.test.junit.JUnitTclTest" />
    <property name="env.APT_KEY_DONT_WARN_ON_DANGEROUS_USAGE" value="1" />
    <property name="sun.java.launcher" value="SUN_STANDARD" />
    <property name="env.PYTHON_CONFIGURE_OPTS" value="--enable-unicode=ucs4 --with-wide-unicode --enable-shared --enable-ipv6 --enable-loadable-sqlite-extensions --with-computed-gotos" />
    <property name="ant.core.lib" value="/home/travis/build/icyphy/ptII/ant/lib/ant.jar" />
    <property name="java.vm.specification.vendor" value="Oracle Corporation" />
    <property name="env.BCVTB_HOME" value="/home/travis/build/icyphy/ptII/lbnl" />
    <property name="file.separator" value="/" />
    <property name="spotbugs.home" value="/home/travis/build/icyphy/ptII/vendors/spotbugs-3.1.1" />
    <property name="java.runtime.version" value="11.0.2+9" />
    <property name="env.ANSI_CLEAR" value="\033[0K" />
    <property name="javafx.verbose" value="true" />
    <property name="env.HAS_JOSH_K_SEAL_OF_APPROVAL" value="true" />
    <property name="env.XDG_RUNTIME_DIR" value="/run/user/2000" />
    <property name="env.TRAVIS_OSX_IMAGE" value="" />
    <property name="env.TRAVIS_JOB_ID" value="561540296" />
    <property name="env.TRAVIS_BRANCH" value="master" />
    <property name="user.country" value="US" />
    <property name="env.CERTI_HOME_TRAVIS" value="/home/travis/pthla/certi-tools" />
    <property name="env.SHELL" value="/bin/bash" />
    <property name="java.maxmemory.large" value="4000m" />
    <property name="model" value="" />
    <property name="env.CASHER_DIR" value="/home/travis/.casher" />
    <property name="env.NVM_CD_FLAGS" value="" />
    <property name="java.vendor.version" value="18.9" />
    <property name="jshint.executable" value="/home/travis/node_modules/jshint/bin/jshint" />
    <property name="env.JRUBY_OPTS" value=" --client -J-XX:+TieredCompilation -J-XX:TieredStopAtLevel=1 -J-Xss2m -Xcompile.invokedynamic=false" />
    <property name="java.vendor" value="Oracle Corporation" />
    <property name="env.TRAVIS_PRE_CHEF_BOOTSTRAP_TIME" value="2019-03-25T16:16:42" />
    <property name="env.TRAVIS_STACK_JOB_BOARD_REGISTER" value="/.job-board-register.yml" />
    <property name="env.ANSI_RED" value="\033[31;1m" />
    <property name="java.specification.version" value="11" />
    <property name="env.IRBRC" value="/home/travis/.rvm/rubies/ruby-2.5.3/.irbrc" />
    <property name="env.TRAVIS" value="true" />
    <property name="sun.arch.data.model" value="64" />
  </properties>
  <testcase classname="ptolemy.util.test.junit.TclTests" name="[0] /home/travis/build/icyphy/ptII/ptolemy/actor/lib/test/AbsoluteValue.tcl (RunTclFile)" time="0.551" />
  <testcase classname="ptolemy.util.test.junit.TclTests" name="[1] /home/travis/build/icyphy/ptII/ptolemy/actor/lib/test/AddSubtract.tcl (RunTclFile)" time="0.202" />
  <testcase classname="ptolemy.util.test.junit.TclTests" name="[2] /home/travis/build/icyphy/ptII/ptolemy/actor/lib/test/Average.tcl (RunTclFile)" time="0.071" />
  <testcase classname="ptolemy.util.test.junit.TclTests" name="[3] /home/travis/build/icyphy/ptII/ptolemy/actor/lib/test/Bernoulli.tcl (RunTclFile)" time="0.058" />
  <testcase classname="ptolemy.util.test.junit.TclTests" name="[4] /home/travis/build/icyphy/ptII/ptolemy/actor/lib/test/Clock.tcl (RunTclFile)" time="0.103" />
  <testcase classname="ptolemy.util.test.junit.TclTests" name="[5] /home/travis/build/icyphy/ptII/ptolemy/actor/lib/test/Commutator.tcl (RunTclFile)" time="0.204" />
  <testcase classname="ptolemy.util.test.junit.TclTests" name="[6] /home/travis/build/icyphy/ptII/ptolemy/actor/lib/test/Const.tcl (RunTclFile)" time="0.174" />
  <testcase classname="ptolemy.util.test.junit.TclTests" name="[7] /home/travis/build/icyphy/ptII/ptolemy/actor/lib/test/CurrentTime.tcl (RunTclFile)" time="0.049" />
  <testcase classname="ptolemy.util.test.junit.TclTests" name="[8] /home/travis/build/icyphy/ptII/ptolemy/actor/lib/test/DB.tcl (RunTclFile)" time="0.076" />
  <testcase classname="ptolemy.util.test.junit.TclTests" name="[9] /home/travis/build/icyphy/ptII/ptolemy/actor/lib/test/DiscreteRandomSource.tcl (RunTclFile)" time="0.046" />
  <testcase classname="ptolemy.util.test.junit.TclTests" name="[10] /home/travis/build/icyphy/ptII/ptolemy/actor/lib/test/Distributor.tcl (RunTclFile)" time="0.082" />
  <testcase classname="ptolemy.util.test.junit.TclTests" name="[11] /home/travis/build/icyphy/ptII/ptolemy/actor/lib/test/Exit.tcl (RunTclFile)" time="0.094" />
  <testcase classname="ptolemy.util.test.junit.TclTests" name="[12] /home/travis/build/icyphy/ptII/ptolemy/actor/lib/test/Expression.tcl (RunTclFile)" time="0.071" />
  <testcase classname="ptolemy.util.test.junit.TclTests" name="[13] /home/travis/build/icyphy/ptII/ptolemy/actor/lib/test/Gaussian.tcl (RunTclFile)" time="0.675" />
  <testcase classname="ptolemy.util.test.junit.TclTests" name="[14] /home/travis/build/icyphy/ptII/ptolemy/actor/lib/test/IIR.tcl (RunTclFile)" time="0.04" />
  <testcase classname="ptolemy.util.test.junit.TclTests" name="[15] /home/travis/build/icyphy/ptII/ptolemy/actor/lib/test/Interpolator.tcl (RunTclFile)" time="0.078" />
  <testcase classname="ptolemy.util.test.junit.TclTests" name="[16] /home/travis/build/icyphy/ptII/ptolemy/actor/lib/test/MathFunction.tcl (RunTclFile)" time="0.079" />
  <testcase classname="ptolemy.util.test.junit.TclTests" name="[17] /home/travis/build/icyphy/ptII/ptolemy/actor/lib/test/Maximum.tcl (RunTclFile)" time="0.05" />
  <testcase classname="ptolemy.util.test.junit.TclTests" name="[18] /home/travis/build/icyphy/ptII/ptolemy/actor/lib/test/Minimum.tcl (RunTclFile)" time="0.025" />
  <testcase classname="ptolemy.util.test.junit.TclTests" name="[19] /home/travis/build/icyphy/ptII/ptolemy/actor/lib/test/MultiplyDivide.tcl (RunTclFile)" time="0.026" />
  <testcase classname="ptolemy.util.test.junit.TclTests" name="[20] /home/travis/build/icyphy/ptII/ptolemy/actor/lib/test/OrderedMerge.tcl (RunTclFile)" time="0.12" />
  <testcase classname="ptolemy.util.test.junit.TclTests" name="[21] /home/travis/build/icyphy/ptII/ptolemy/actor/lib/test/Publisher.tcl (RunTclFile)" time="0.985" />
  <testcase classname="ptolemy.util.test.junit.TclTests" name="[22] /home/travis/build/icyphy/ptII/ptolemy/actor/lib/test/Pulse.tcl (RunTclFile)" time="0.065" />
  <testcase classname="ptolemy.util.test.junit.TclTests" name="[23] /home/travis/build/icyphy/ptII/ptolemy/actor/lib/test/Ramp.tcl (RunTclFile)" time="2.347" />
  <testcase classname="ptolemy.util.test.junit.TclTests" name="[24] /home/travis/build/icyphy/ptII/ptolemy/actor/lib/test/RampContinuous.tcl (RunTclFile)" time="0.022" />
  <testcase classname="ptolemy.util.test.junit.TclTests" name="[25] /home/travis/build/icyphy/ptII/ptolemy/actor/lib/test/RecordAssembler.tcl (RunTclFile)" time="0.038" />
  <testcase classname="ptolemy.util.test.junit.TclTests" name="[26] /home/travis/build/icyphy/ptII/ptolemy/actor/lib/test/RecordDisassembler.tcl (RunTclFile)" time="0.021" />
  <testcase classname="ptolemy.util.test.junit.TclTests" name="[27] /home/travis/build/icyphy/ptII/ptolemy/actor/lib/test/Scale.tcl (RunTclFile)" time="0.018" />
  <testcase classname="ptolemy.util.test.junit.TclTests" name="[28] /home/travis/build/icyphy/ptII/ptolemy/actor/lib/test/SequentialClock.tcl (RunTclFile)" time="0.016" />
  <testcase classname="ptolemy.util.test.junit.TclTests" name="[29] /home/travis/build/icyphy/ptII/ptolemy/actor/lib/test/SetVariable.tcl (RunTclFile)" time="0.042">
    <failure message="Number of failed tests is has increased. expected:&lt;0&gt; but was:&lt;1&gt;" type="junit.framework.AssertionFailedError">junit.framework.AssertionFailedError: Number of failed tests is has increased. expected:&lt;0&gt; but was:&lt;1&gt;
	at ptolemy.util.test.junit.TclTests.RunTclFile(TclTests.java:286)
	at jdk.internal.reflect.GeneratedMethodAccessor19.invoke(Unknown Source)
	at java.base/jdk.internal.reflect.DelegatingMethodAccessorImpl.invoke(DelegatingMethodAccessorImpl.java:43)
	at junitparams.internal.InvokeParameterisedMethod.evaluate(InvokeParameterisedMethod.java:102)
	at junitparams.internal.ParameterisedTestMethodRunner.runMethodInvoker(ParameterisedTestMethodRunner.java:47)
	at junitparams.internal.ParameterisedTestMethodRunner.runTestMethod(ParameterisedTestMethodRunner.java:41)
	at junitparams.internal.ParameterisedTestClassRunner.runParameterisedTest(ParameterisedTestClassRunner.java:143)
	at junitparams.JUnitParamsRunner.runChild(JUnitParamsRunner.java:237)
	at junitparams.JUnitParamsRunner.runChild(JUnitParamsRunner.java:215)
</failure>
  </testcase>
  <testcase classname="ptolemy.util.test.junit.TclTests" name="[30] /home/travis/build/icyphy/ptII/ptolemy/actor/lib/test/Sinewave.tcl (RunTclFile)" time="0.063" />
  <testcase classname="ptolemy.util.test.junit.TclTests" name="[31] /home/travis/build/icyphy/ptII/ptolemy/actor/lib/test/SubscriptionAggregator.tcl (RunTclFile)" time="2.166" />
  <testcase classname="ptolemy.util.test.junit.TclTests" name="[32] /home/travis/build/icyphy/ptII/ptolemy/actor/lib/test/Test.tcl (RunTclFile)" time="0.084" />
  <testcase classname="ptolemy.util.test.junit.TclTests" name="[33] /home/travis/build/icyphy/ptII/ptolemy/actor/lib/test/TestExceptionHandler.tcl (RunTclFile)" time="0.072" />
  <testcase classname="ptolemy.util.test.junit.TclTests" name="[34] /home/travis/build/icyphy/ptII/ptolemy/actor/lib/test/UnionDisassembler.tcl (RunTclFile)" time="0.049" />
  <testcase classname="ptolemy.util.test.junit.TclTests" name="[35] /home/travis/build/icyphy/ptII/ptolemy/actor/lib/test/VariableClock.tcl (RunTclFile)" time="0.016" />
  <testcase classname="ptolemy.util.test.junit.AutoKnownFailedTests" name="[0] /home/travis/build/icyphy/ptII/ptolemy/actor/lib/test/auto/knownFailedTests/PublisherPortToplevelSubscriber.xml (RunModel)" time="0.027" />
  <testcase classname="ptolemy.util.test.junit.AutoKnownFailedTests" name="[1] /home/travis/build/icyphy/ptII/ptolemy/actor/lib/test/auto/knownFailedTests/PublisherSubscriberPortToplevel.xml (RunModel)" time="0.022" />
  <testcase classname="ptolemy.util.test.junit.AutoKnownFailedTests" name="[2] /home/travis/build/icyphy/ptII/ptolemy/actor/lib/test/auto/knownFailedTests/PublisherSubscriptionAggregatorPort.xml (RunModel)" time="0.022" />
  <testcase classname="ptolemy.util.test.junit.AutoKnownFailedTests" name="[3] /home/travis/build/icyphy/ptII/ptolemy/actor/lib/test/auto/knownFailedTests/sizedarray3.xml (RunModel)" time="0.043" />
  <testcase classname="ptolemy.util.test.junit.AutoNameArchTests" name="[0] ThereAreNoAutoArchTests (RunModel)" time="0.001" />
  <testcase classname="ptolemy.util.test.junit.AutoTests" name="[0] /home/travis/build/icyphy/ptII/ptolemy/actor/lib/test/auto/AbsoluteValue.xml (RunModel)" time="0.111" />
  <testcase classname="ptolemy.util.test.junit.AutoTests" name="[1] /home/travis/build/icyphy/ptII/ptolemy/actor/lib/test/auto/AbsoluteValue2.xml (RunModel)" time="0.069" />
  <testcase classname="ptolemy.util.test.junit.AutoTests" name="[2] /home/travis/build/icyphy/ptII/ptolemy/actor/lib/test/auto/Accumulator.xml (RunModel)" time="0.051" />
  <testcase classname="ptolemy.util.test.junit.AutoTests" name="[3] /home/travis/build/icyphy/ptII/ptolemy/actor/lib/test/auto/Accumulator2.xml (RunModel)" time="0.026" />
  <testcase classname="ptolemy.util.test.junit.AutoTests" name="[4] /home/travis/build/icyphy/ptII/ptolemy/actor/lib/test/auto/Accumulator3.xml (RunModel)" time="0.029" />
  <testcase classname="ptolemy.util.test.junit.AutoTests" name="[5] /home/travis/build/icyphy/ptII/ptolemy/actor/lib/test/auto/ArrayAppend.xml (RunModel)" time="0.027" />
  <testcase classname="ptolemy.util.test.junit.AutoTests" name="[6] /home/travis/build/icyphy/ptII/ptolemy/actor/lib/test/auto/ArrayAppend2.xml (RunModel)" time="0.492" />
  <testcase classname="ptolemy.util.test.junit.AutoTests" name="[7] /home/travis/build/icyphy/ptII/ptolemy/actor/lib/test/auto/ArrayAppend3.xml (RunModel)" time="0.035" />
  <testcase classname="ptolemy.util.test.junit.AutoTests" name="[8] /home/travis/build/icyphy/ptII/ptolemy/actor/lib/test/auto/ArrayAppend4.xml (RunModel)" time="0.018" />
  <testcase classname="ptolemy.util.test.junit.AutoTests" name="[9] /home/travis/build/icyphy/ptII/ptolemy/actor/lib/test/auto/ArrayAppend5.xml (RunModel)" time="0.018" />
  <testcase classname="ptolemy.util.test.junit.AutoTests" name="[10] /home/travis/build/icyphy/ptII/ptolemy/actor/lib/test/auto/ArrayAppend6.xml (RunModel)" time="0.017" />
  <testcase classname="ptolemy.util.test.junit.AutoTests" name="[11] /home/travis/build/icyphy/ptII/ptolemy/actor/lib/test/auto/ArrayAppendPerformanceTest.xml (RunModel)" time="0.073" />
  <testcase classname="ptolemy.util.test.junit.AutoTests" name="[12] /home/travis/build/icyphy/ptII/ptolemy/actor/lib/test/auto/ArrayAppendWithEmptyInput.xml (RunModel)" time="0.046" />
  <testcase classname="ptolemy.util.test.junit.AutoTests" name="[13] /home/travis/build/icyphy/ptII/ptolemy/actor/lib/test/auto/ArrayAverage.xml (RunModel)" time="0.036" />
  <testcase classname="ptolemy.util.test.junit.AutoTests" name="[14] /home/travis/build/icyphy/ptII/ptolemy/actor/lib/test/auto/ArrayContains.xml (RunModel)" time="0.042" />
  <testcase classname="ptolemy.util.test.junit.AutoTests" name="[15] /home/travis/build/icyphy/ptII/ptolemy/actor/lib/test/auto/ArrayElement.xml (RunModel)" time="0.045" />
  <testcase classname="ptolemy.util.test.junit.AutoTests" name="[16] /home/travis/build/icyphy/ptII/ptolemy/actor/lib/test/auto/ArrayElementAsMatrix.xml (RunModel)" time="0.082" />
  <testcase classname="ptolemy.util.test.junit.AutoTests" name="[17] /home/travis/build/icyphy/ptII/ptolemy/actor/lib/test/auto/ArrayElementI.xml (RunModel)" time="0.025" />
  <testcase classname="ptolemy.util.test.junit.AutoTests" name="[18] /home/travis/build/icyphy/ptII/ptolemy/actor/lib/test/auto/ArrayExtract.xml (RunModel)" time="0.036" />
  <testcase classname="ptolemy.util.test.junit.AutoTests" name="[19] /home/travis/build/icyphy/ptII/ptolemy/actor/lib/test/auto/ArrayExtract2.xml (RunModel)" time="0.02" />
  <testcase classname="ptolemy.util.test.junit.AutoTests" name="[20] /home/travis/build/icyphy/ptII/ptolemy/actor/lib/test/auto/ArrayLength.xml (RunModel)" time="0.029" />
  <testcase classname="ptolemy.util.test.junit.AutoTests" name="[21] /home/travis/build/icyphy/ptII/ptolemy/actor/lib/test/auto/ArrayLevelCrossing.xml (RunModel)" time="0.03" />
  <testcase classname="ptolemy.util.test.junit.AutoTests" name="[22] /home/travis/build/icyphy/ptII/ptolemy/actor/lib/test/auto/ArrayLevelCrossing2.xml (RunModel)" time="0.024" />
  <testcase classname="ptolemy.util.test.junit.AutoTests" name="[23] /home/travis/build/icyphy/ptII/ptolemy/actor/lib/test/auto/ArrayPeakSearch.xml (RunModel)" time="0.04" />
  <testcase classname="ptolemy.util.test.junit.AutoTests" name="[24] /home/travis/build/icyphy/ptII/ptolemy/actor/lib/test/auto/ArrayPeakSearch2.xml (RunModel)" time="0.038" />
  <testcase classname="ptolemy.util.test.junit.AutoTests" name="[25] /home/travis/build/icyphy/ptII/ptolemy/actor/lib/test/auto/ArrayPeakSearch3.xml (RunModel)" time="0.042" />
  <testcase classname="ptolemy.util.test.junit.AutoTests" name="[26] /home/travis/build/icyphy/ptII/ptolemy/actor/lib/test/auto/ArrayRemoveElement.xml (RunModel)" time="0.028" />
  <testcase classname="ptolemy.util.test.junit.AutoTests" name="[27] /home/travis/build/icyphy/ptII/ptolemy/actor/lib/test/auto/ArraySort.xml (RunModel)" time="0.031" />
  <testcase classname="ptolemy.util.test.junit.AutoTests" name="[28] /home/travis/build/icyphy/ptII/ptolemy/actor/lib/test/auto/ArraySum.xml (RunModel)" time="0.018" />
  <testcase classname="ptolemy.util.test.junit.AutoTests" name="[29] /home/travis/build/icyphy/ptII/ptolemy/actor/lib/test/auto/ArrayToElements.xml (RunModel)" time="0.018" />
  <testcase classname="ptolemy.util.test.junit.AutoTests" name="[30] /home/travis/build/icyphy/ptII/ptolemy/actor/lib/test/auto/ArrayToMatrix.xml (RunModel)" time="0.048" />
  <testcase classname="ptolemy.util.test.junit.AutoTests" name="[31] /home/travis/build/icyphy/ptII/ptolemy/actor/lib/test/auto/ArrayUpdate1.xml (RunModel)" time="0.017" />
  <testcase classname="ptolemy.util.test.junit.AutoTests" name="[32] /home/travis/build/icyphy/ptII/ptolemy/actor/lib/test/auto/ArrayUpdate2.xml (RunModel)" time="0.026" />
  <testcase classname="ptolemy.util.test.junit.AutoTests" name="[33] /home/travis/build/icyphy/ptII/ptolemy/actor/lib/test/auto/ArrayUpdate3.xml (RunModel)" time="0.02" />
  <testcase classname="ptolemy.util.test.junit.AutoTests" name="[34] /home/travis/build/icyphy/ptII/ptolemy/actor/lib/test/auto/Assert1.xml (RunModel)" time="0.023" />
  <testcase classname="ptolemy.util.test.junit.AutoTests" name="[35] /home/travis/build/icyphy/ptII/ptolemy/actor/lib/test/auto/Assert2.xml (RunModel)" time="0.013" />
  <testcase classname="ptolemy.util.test.junit.AutoTests" name="[36] /home/travis/build/icyphy/ptII/ptolemy/actor/lib/test/auto/BooleanMultiplexor.xml (RunModel)" time="0.016" />
  <testcase classname="ptolemy.util.test.junit.AutoTests" name="[37] /home/travis/build/icyphy/ptII/ptolemy/actor/lib/test/auto/BooleanMultiplexor2.xml (RunModel)" time="0.027" />
  <testcase classname="ptolemy.util.test.junit.AutoTests" name="[38] /home/travis/build/icyphy/ptII/ptolemy/actor/lib/test/auto/BooleanMultiplexor3.xml (RunModel)" time="0.023" />
  <testcase classname="ptolemy.util.test.junit.AutoTests" name="[39] /home/travis/build/icyphy/ptII/ptolemy/actor/lib/test/auto/BooleanSelect.xml (RunModel)" time="0.024" />
  <testcase classname="ptolemy.util.test.junit.AutoTests" name="[40] /home/travis/build/icyphy/ptII/ptolemy/actor/lib/test/auto/BooleanSelect2.xml (RunModel)" time="0.018" />
  <testcase classname="ptolemy.util.test.junit.AutoTests" name="[41] /home/travis/build/icyphy/ptII/ptolemy/actor/lib/test/auto/BooleanSwitch.xml (RunModel)" time="0.02" />
  <testcase classname="ptolemy.util.test.junit.AutoTests" name="[42] /home/travis/build/icyphy/ptII/ptolemy/actor/lib/test/auto/BooleanSwitch2.xml (RunModel)" time="0.014" />
  <testcase classname="ptolemy.util.test.junit.AutoTests" name="[43] /home/travis/build/icyphy/ptII/ptolemy/actor/lib/test/auto/BooleanSwitchCloningBugWithClassRelationGroup.xml (RunModel)" time="0.024" />
  <testcase classname="ptolemy.util.test.junit.AutoTests" name="[44] /home/travis/build/icyphy/ptII/ptolemy/actor/lib/test/auto/BusActors.xml (RunModel)" time="0.027" />
  <testcase classname="ptolemy.util.test.junit.AutoTests" name="[45] /home/travis/build/icyphy/ptII/ptolemy/actor/lib/test/auto/ClassWrapper.xml (RunModel)" time="0.024" />
  <testcase classname="ptolemy.util.test.junit.AutoTests" name="[46] /home/travis/build/icyphy/ptII/ptolemy/actor/lib/test/auto/Clock.xml (RunModel)" time="0.015" />
  <testcase classname="ptolemy.util.test.junit.AutoTests" name="[47] /home/travis/build/icyphy/ptII/ptolemy/actor/lib/test/auto/Clock10.xml (RunModel)" time="0.022" />
  <testcase classname="ptolemy.util.test.junit.AutoTests" name="[48] /home/travis/build/icyphy/ptII/ptolemy/actor/lib/test/auto/Clock11.xml (RunModel)" time="0.023" />
  <testcase classname="ptolemy.util.test.junit.AutoTests" name="[49] /home/travis/build/icyphy/ptII/ptolemy/actor/lib/test/auto/Clock12.xml (RunModel)" time="0.02" />
  <testcase classname="ptolemy.util.test.junit.AutoTests" name="[50] /home/travis/build/icyphy/ptII/ptolemy/actor/lib/test/auto/Clock13.xml (RunModel)" time="0.019" />
  <testcase classname="ptolemy.util.test.junit.AutoTests" name="[51] /home/travis/build/icyphy/ptII/ptolemy/actor/lib/test/auto/Clock14.xml (RunModel)" time="0.013" />
  <testcase classname="ptolemy.util.test.junit.AutoTests" name="[52] /home/travis/build/icyphy/ptII/ptolemy/actor/lib/test/auto/Clock15.xml (RunModel)" time="0.015" />
  <testcase classname="ptolemy.util.test.junit.AutoTests" name="[53] /home/travis/build/icyphy/ptII/ptolemy/actor/lib/test/auto/Clock16.xml (RunModel)" time="0.096" />
  <testcase classname="ptolemy.util.test.junit.AutoTests" name="[54] /home/travis/build/icyphy/ptII/ptolemy/actor/lib/test/auto/Clock17.xml (RunModel)" time="0.082" />
  <testcase classname="ptolemy.util.test.junit.AutoTests" name="[55] /home/travis/build/icyphy/ptII/ptolemy/actor/lib/test/auto/Clock18.xml (RunModel)" time="0.063" />
  <testcase classname="ptolemy.util.test.junit.AutoTests" name="[56] /home/travis/build/icyphy/ptII/ptolemy/actor/lib/test/auto/Clock19.xml (RunModel)" time="0.034" />
  <testcase classname="ptolemy.util.test.junit.AutoTests" name="[57] /home/travis/build/icyphy/ptII/ptolemy/actor/lib/test/auto/Clock2.xml (RunModel)" time="0.014" />
  <testcase classname="ptolemy.util.test.junit.AutoTests" name="[58] /home/travis/build/icyphy/ptII/ptolemy/actor/lib/test/auto/Clock20.xml (RunModel)" time="0.019" />
  <testcase classname="ptolemy.util.test.junit.AutoTests" name="[59] /home/travis/build/icyphy/ptII/ptolemy/actor/lib/test/auto/Clock21.xml (RunModel)" time="0.016" />
  <testcase classname="ptolemy.util.test.junit.AutoTests" name="[60] /home/travis/build/icyphy/ptII/ptolemy/actor/lib/test/auto/Clock22.xml (RunModel)" time="0.017" />
  <testcase classname="ptolemy.util.test.junit.AutoTests" name="[61] /home/travis/build/icyphy/ptII/ptolemy/actor/lib/test/auto/Clock23.xml (RunModel)" time="0.016" />
  <testcase classname="ptolemy.util.test.junit.AutoTests" name="[62] /home/travis/build/icyphy/ptII/ptolemy/actor/lib/test/auto/Clock24.xml (RunModel)" time="0.016" />
  <testcase classname="ptolemy.util.test.junit.AutoTests" name="[63] /home/travis/build/icyphy/ptII/ptolemy/actor/lib/test/auto/Clock4.xml (RunModel)" time="0.013" />
  <testcase classname="ptolemy.util.test.junit.AutoTests" name="[64] /home/travis/build/icyphy/ptII/ptolemy/actor/lib/test/auto/Clock5.xml (RunModel)" time="0.019" />
  <testcase classname="ptolemy.util.test.junit.AutoTests" name="[65] /home/travis/build/icyphy/ptII/ptolemy/actor/lib/test/auto/Clock6.xml (RunModel)" time="0.008" />
  <testcase classname="ptolemy.util.test.junit.AutoTests" name="[66] /home/travis/build/icyphy/ptII/ptolemy/actor/lib/test/auto/Clock7.xml (RunModel)" time="0.01" />
  <testcase classname="ptolemy.util.test.junit.AutoTests" name="[67] /home/travis/build/icyphy/ptII/ptolemy/actor/lib/test/auto/Clock8.xml (RunModel)" time="0.012" />
  <testcase classname="ptolemy.util.test.junit.AutoTests" name="[68] /home/travis/build/icyphy/ptII/ptolemy/actor/lib/test/auto/Clock9.xml (RunModel)" time="0.014" />
  <testcase classname="ptolemy.util.test.junit.AutoTests" name="[69] /home/travis/build/icyphy/ptII/ptolemy/actor/lib/test/auto/CommDistDiscard.xml (RunModel)" time="0.027" />
  <testcase classname="ptolemy.util.test.junit.AutoTests" name="[70] /home/travis/build/icyphy/ptII/ptolemy/actor/lib/test/auto/Commutator.xml (RunModel)" time="0.017" />
  <testcase classname="ptolemy.util.test.junit.AutoTests" name="[71] /home/travis/build/icyphy/ptII/ptolemy/actor/lib/test/auto/Commutator2.xml (RunModel)" time="0.011" />
  <testcase classname="ptolemy.util.test.junit.AutoTests" name="[72] /home/travis/build/icyphy/ptII/ptolemy/actor/lib/test/auto/Commutator3.xml (RunModel)" time="0.012" />
  <testcase classname="ptolemy.util.test.junit.AutoTests" name="[73] /home/travis/build/icyphy/ptII/ptolemy/actor/lib/test/auto/Compare.xml (RunModel)" time="0.021" />
  <testcase classname="ptolemy.util.test.junit.AutoTests" name="[74] /home/travis/build/icyphy/ptII/ptolemy/actor/lib/test/auto/CompareDE.xml (RunModel)" time="0.017" />
  <testcase classname="ptolemy.util.test.junit.AutoTests" name="[75] /home/travis/build/icyphy/ptII/ptolemy/actor/lib/test/auto/ComplexDivide.xml (RunModel)" time="0.011" />
  <testcase classname="ptolemy.util.test.junit.AutoTests" name="[76] /home/travis/build/icyphy/ptII/ptolemy/actor/lib/test/auto/ComputeHistogram.xml (RunModel)" time="0.073" />
  <testcase classname="ptolemy.util.test.junit.AutoTests" name="[77] /home/travis/build/icyphy/ptII/ptolemy/actor/lib/test/auto/ConfigurationSelect.xml (RunModel)" time="0.025" />
  <testcase classname="ptolemy.util.test.junit.AutoTests" name="[78] /home/travis/build/icyphy/ptII/ptolemy/actor/lib/test/auto/ConfigurationSelect2.xml (RunModel)" time="0.017" />
  <testcase classname="ptolemy.util.test.junit.AutoTests" name="[79] /home/travis/build/icyphy/ptII/ptolemy/actor/lib/test/auto/ConfigurationSwitch.xml (RunModel)" time="0.024" />
  <testcase classname="ptolemy.util.test.junit.AutoTests" name="[80] /home/travis/build/icyphy/ptII/ptolemy/actor/lib/test/auto/ConfigurationSwitch2.xml (RunModel)" time="0.028" />
  <testcase classname="ptolemy.util.test.junit.AutoTests" name="[81] /home/travis/build/icyphy/ptII/ptolemy/actor/lib/test/auto/ConfigurationSwitchCloningBugWithClassRelationGroup.xml (RunModel)" time="0.023" />
  <testcase classname="ptolemy.util.test.junit.AutoTests" name="[82] /home/travis/build/icyphy/ptII/ptolemy/actor/lib/test/auto/ConfigurationSwitchSelectSDF.xml (RunModel)" time="0.018" />
  <testcase classname="ptolemy.util.test.junit.AutoTests" name="[83] /home/travis/build/icyphy/ptII/ptolemy/actor/lib/test/auto/ConfigurationSwitchSelectSDF2.xml (RunModel)" time="0.012" />
  <testcase classname="ptolemy.util.test.junit.AutoTests" name="[84] /home/travis/build/icyphy/ptII/ptolemy/actor/lib/test/auto/Const.xml (RunModel)" time="0.008" />
  <testcase classname="ptolemy.util.test.junit.AutoTests" name="[85] /home/travis/build/icyphy/ptII/ptolemy/actor/lib/test/auto/Const2.xml (RunModel)" time="0.01" />
  <testcase classname="ptolemy.util.test.junit.AutoTests" name="[86] /home/travis/build/icyphy/ptII/ptolemy/actor/lib/test/auto/Const3.xml (RunModel)" time="0.007" />
  <testcase classname="ptolemy.util.test.junit.AutoTests" name="[87] /home/travis/build/icyphy/ptII/ptolemy/actor/lib/test/auto/ConstantPublisherPort1.xml (RunModel)" time="0.025" />
  <testcase classname="ptolemy.util.test.junit.AutoTests" name="[88] /home/travis/build/icyphy/ptII/ptolemy/actor/lib/test/auto/ConstantPublisherPort2.xml (RunModel)" time="0.03" />
  <testcase classname="ptolemy.util.test.junit.AutoTests" name="[89] /home/travis/build/icyphy/ptII/ptolemy/actor/lib/test/auto/ConstantPublisherPort3.xml (RunModel)" time="0.033" />
  <testcase classname="ptolemy.util.test.junit.AutoTests" name="[90] /home/travis/build/icyphy/ptII/ptolemy/actor/lib/test/auto/ConstantPublisherPort4.xml (RunModel)" time="0.015" />
  <testcase classname="ptolemy.util.test.junit.AutoTests" name="[91] /home/travis/build/icyphy/ptII/ptolemy/actor/lib/test/auto/ConstantPublisherPort5.xml (RunModel)" time="0.049" />
  <testcase classname="ptolemy.util.test.junit.AutoTests" name="[92] /home/travis/build/icyphy/ptII/ptolemy/actor/lib/test/auto/ConstantPublisherPort6.xml (RunModel)" time="0.03" />
  <testcase classname="ptolemy.util.test.junit.AutoTests" name="[93] /home/travis/build/icyphy/ptII/ptolemy/actor/lib/test/auto/ConstantPublisherPort7.xml (RunModel)" time="0.038" />
  <testcase classname="ptolemy.util.test.junit.AutoTests" name="[94] /home/travis/build/icyphy/ptII/ptolemy/actor/lib/test/auto/ConstraintMonitor1.xml (RunModel)" time="0.043" />
  <testcase classname="ptolemy.util.test.junit.AutoTests" name="[95] /home/travis/build/icyphy/ptII/ptolemy/actor/lib/test/auto/ConstraintMonitor2.xml (RunModel)" time="0.014" />
  <testcase classname="ptolemy.util.test.junit.AutoTests" name="[96] /home/travis/build/icyphy/ptII/ptolemy/actor/lib/test/auto/ConstraintMonitor3.xml (RunModel)" time="0.019" />
  <testcase classname="ptolemy.util.test.junit.AutoTests" name="[97] /home/travis/build/icyphy/ptII/ptolemy/actor/lib/test/auto/ConstraintMonitor4.xml (RunModel)" time="0.013" />
  <testcase classname="ptolemy.util.test.junit.AutoTests" name="[98] /home/travis/build/icyphy/ptII/ptolemy/actor/lib/test/auto/ConstraintMonitor5.xml (RunModel)" time="0.014" />
  <testcase classname="ptolemy.util.test.junit.AutoTests" name="[99] /home/travis/build/icyphy/ptII/ptolemy/actor/lib/test/auto/ConstraintMonitor6.xml (RunModel)" time="0.017" />
  <testcase classname="ptolemy.util.test.junit.AutoTests" name="[100] /home/travis/build/icyphy/ptII/ptolemy/actor/lib/test/auto/ConstraintMonitor7.xml (RunModel)" time="0.02" />
  <testcase classname="ptolemy.util.test.junit.AutoTests" name="[101] /home/travis/build/icyphy/ptII/ptolemy/actor/lib/test/auto/ConstraintMonitor8.xml (RunModel)" time="0.019" />
  <testcase classname="ptolemy.util.test.junit.AutoTests" name="[102] /home/travis/build/icyphy/ptII/ptolemy/actor/lib/test/auto/Counter.xml (RunModel)" time="0.014" />
  <testcase classname="ptolemy.util.test.junit.AutoTests" name="[103] /home/travis/build/icyphy/ptII/ptolemy/actor/lib/test/auto/CurrentTimeSDF.xml (RunModel)" time="0.011" />
  <testcase classname="ptolemy.util.test.junit.AutoTests" name="[104] /home/travis/build/icyphy/ptII/ptolemy/actor/lib/test/auto/DB.xml (RunModel)" time="0.016" />
  <testcase classname="ptolemy.util.test.junit.AutoTests" name="[105] /home/travis/build/icyphy/ptII/ptolemy/actor/lib/test/auto/DBDE.xml (RunModel)" time="0.015" />
  <testcase classname="ptolemy.util.test.junit.AutoTests" name="[106] /home/travis/build/icyphy/ptII/ptolemy/actor/lib/test/auto/DateConstructor.xml (RunModel)" time="0.079" />
  <testcase classname="ptolemy.util.test.junit.AutoTests" name="[107] /home/travis/build/icyphy/ptII/ptolemy/actor/lib/test/auto/DelayTime.xml (RunModel)" time="0.017" />
  <testcase classname="ptolemy.util.test.junit.AutoTests" name="[108] /home/travis/build/icyphy/ptII/ptolemy/actor/lib/test/auto/Dictionary1.xml (RunModel)" time="0.02" />
  <testcase classname="ptolemy.util.test.junit.AutoTests" name="[109] /home/travis/build/icyphy/ptII/ptolemy/actor/lib/test/auto/Dictionary2.xml (RunModel)" time="0.018" />
  <testcase classname="ptolemy.util.test.junit.AutoTests" name="[110] /home/travis/build/icyphy/ptII/ptolemy/actor/lib/test/auto/Dictionary3.xml (RunModel)" time="0.016" />
  <testcase classname="ptolemy.util.test.junit.AutoTests" name="[111] /home/travis/build/icyphy/ptII/ptolemy/actor/lib/test/auto/Dictionary4.xml (RunModel)" time="0.019" />
  <testcase classname="ptolemy.util.test.junit.AutoTests" name="[112] /home/travis/build/icyphy/ptII/ptolemy/actor/lib/test/auto/Differential.xml (RunModel)" time="0.013" />
  <testcase classname="ptolemy.util.test.junit.AutoTests" name="[113] /home/travis/build/icyphy/ptII/ptolemy/actor/lib/test/auto/Director.xml (RunModel)" time="0.013" />
  <testcase classname="ptolemy.util.test.junit.AutoTests" name="[114] /home/travis/build/icyphy/ptII/ptolemy/actor/lib/test/auto/DiscreteClock.xml (RunModel)" time="0.009" />
  <testcase classname="ptolemy.util.test.junit.AutoTests" name="[115] /home/travis/build/icyphy/ptII/ptolemy/actor/lib/test/auto/DiscreteClock10.xml (RunModel)" time="0.016" />
  <testcase classname="ptolemy.util.test.junit.AutoTests" name="[116] /home/travis/build/icyphy/ptII/ptolemy/actor/lib/test/auto/DiscreteClock11.xml (RunModel)" time="0.014" />
  <testcase classname="ptolemy.util.test.junit.AutoTests" name="[117] /home/travis/build/icyphy/ptII/ptolemy/actor/lib/test/auto/DiscreteClock12.xml (RunModel)" time="0.013" />
  <testcase classname="ptolemy.util.test.junit.AutoTests" name="[118] /home/travis/build/icyphy/ptII/ptolemy/actor/lib/test/auto/DiscreteClock13.xml (RunModel)" time="0.015" />
  <testcase classname="ptolemy.util.test.junit.AutoTests" name="[119] /home/travis/build/icyphy/ptII/ptolemy/actor/lib/test/auto/DiscreteClock14.xml (RunModel)" time="0.012" />
  <testcase classname="ptolemy.util.test.junit.AutoTests" name="[120] /home/travis/build/icyphy/ptII/ptolemy/actor/lib/test/auto/DiscreteClock15.xml (RunModel)" time="0.015" />
  <testcase classname="ptolemy.util.test.junit.AutoTests" name="[121] /home/travis/build/icyphy/ptII/ptolemy/actor/lib/test/auto/DiscreteClock16.xml (RunModel)" time="0.045" />
  <testcase classname="ptolemy.util.test.junit.AutoTests" name="[122] /home/travis/build/icyphy/ptII/ptolemy/actor/lib/test/auto/DiscreteClock17.xml (RunModel)" time="0.038" />
  <testcase classname="ptolemy.util.test.junit.AutoTests" name="[123] /home/travis/build/icyphy/ptII/ptolemy/actor/lib/test/auto/DiscreteClock18.xml (RunModel)" time="0.045" />
  <testcase classname="ptolemy.util.test.junit.AutoTests" name="[124] /home/travis/build/icyphy/ptII/ptolemy/actor/lib/test/auto/DiscreteClock19.xml (RunModel)" time="0.035" />
  <testcase classname="ptolemy.util.test.junit.AutoTests" name="[125] /home/travis/build/icyphy/ptII/ptolemy/actor/lib/test/auto/DiscreteClock2.xml (RunModel)" time="0.012" />
  <testcase classname="ptolemy.util.test.junit.AutoTests" name="[126] /home/travis/build/icyphy/ptII/ptolemy/actor/lib/test/auto/DiscreteClock20.xml (RunModel)" time="0.013" />
  <testcase classname="ptolemy.util.test.junit.AutoTests" name="[127] /home/travis/build/icyphy/ptII/ptolemy/actor/lib/test/auto/DiscreteClock21.xml (RunModel)" time="0.016" />
  <testcase classname="ptolemy.util.test.junit.AutoTests" name="[128] /home/travis/build/icyphy/ptII/ptolemy/actor/lib/test/auto/DiscreteClock22.xml (RunModel)" time="0.015" />
  <testcase classname="ptolemy.util.test.junit.AutoTests" name="[129] /home/travis/build/icyphy/ptII/ptolemy/actor/lib/test/auto/DiscreteClock23.xml (RunModel)" time="0.014" />
  <testcase classname="ptolemy.util.test.junit.AutoTests" name="[130] /home/travis/build/icyphy/ptII/ptolemy/actor/lib/test/auto/DiscreteClock24.xml (RunModel)" time="0.016" />
  <testcase classname="ptolemy.util.test.junit.AutoTests" name="[131] /home/travis/build/icyphy/ptII/ptolemy/actor/lib/test/auto/DiscreteClock4.xml (RunModel)" time="0.015" />
  <testcase classname="ptolemy.util.test.junit.AutoTests" name="[132] /home/travis/build/icyphy/ptII/ptolemy/actor/lib/test/auto/DiscreteClock5.xml (RunModel)" time="0.011" />
  <testcase classname="ptolemy.util.test.junit.AutoTests" name="[133] /home/travis/build/icyphy/ptII/ptolemy/actor/lib/test/auto/DiscreteClock6.xml (RunModel)" time="0.012" />
  <testcase classname="ptolemy.util.test.junit.AutoTests" name="[134] /home/travis/build/icyphy/ptII/ptolemy/actor/lib/test/auto/DiscreteClock7.xml (RunModel)" time="0.011" />
  <testcase classname="ptolemy.util.test.junit.AutoTests" name="[135] /home/travis/build/icyphy/ptII/ptolemy/actor/lib/test/auto/DiscreteClock8.xml (RunModel)" time="0.022" />
  <testcase classname="ptolemy.util.test.junit.AutoTests" name="[136] /home/travis/build/icyphy/ptII/ptolemy/actor/lib/test/auto/DiscreteClock9.xml (RunModel)" time="0.014" />
  <testcase classname="ptolemy.util.test.junit.AutoTests" name="[137] /home/travis/build/icyphy/ptII/ptolemy/actor/lib/test/auto/DisplayArray.xml (RunModel)" time="0.009" />
  <testcase classname="ptolemy.util.test.junit.AutoTests" name="[138] /home/travis/build/icyphy/ptII/ptolemy/actor/lib/test/auto/Distributor.xml (RunModel)" time="0.009" />
  <testcase classname="ptolemy.util.test.junit.AutoTests" name="[139] /home/travis/build/icyphy/ptII/ptolemy/actor/lib/test/auto/Distributor2.xml (RunModel)" time="0.012" />
  <testcase classname="ptolemy.util.test.junit.AutoTests" name="[140] /home/travis/build/icyphy/ptII/ptolemy/actor/lib/test/auto/DownSample.xml (RunModel)" time="0.011" />
  <testcase classname="ptolemy.util.test.junit.AutoTests" name="[141] /home/travis/build/icyphy/ptII/ptolemy/actor/lib/test/auto/ElectronicUnitBase1.xml (RunModel)" time="0.094" />
  <testcase classname="ptolemy.util.test.junit.AutoTests" name="[142] /home/travis/build/icyphy/ptII/ptolemy/actor/lib/test/auto/ElementsToArray.xml (RunModel)" time="0.011" />
  <testcase classname="ptolemy.util.test.junit.AutoTests" name="[143] /home/travis/build/icyphy/ptII/ptolemy/actor/lib/test/auto/Equals.xml (RunModel)" time="0.017" />
  <testcase classname="ptolemy.util.test.junit.AutoTests" name="[144] /home/travis/build/icyphy/ptII/ptolemy/actor/lib/test/auto/Exec.xml (RunModel)" time="0.03" />
  <testcase classname="ptolemy.util.test.junit.AutoTests" name="[145] /home/travis/build/icyphy/ptII/ptolemy/actor/lib/test/auto/ExecEnvironment.xml (RunModel)" time="0.039" />
  <testcase classname="ptolemy.util.test.junit.AutoTests" name="[146] /home/travis/build/icyphy/ptII/ptolemy/actor/lib/test/auto/ExecNonZeroReturnOutput.xml (RunModel)" time="0.212" />
  <testcase classname="ptolemy.util.test.junit.AutoTests" name="[147] /home/travis/build/icyphy/ptII/ptolemy/actor/lib/test/auto/ExecRunDemos.xml (RunModel)" time="11.211" />
  <testcase classname="ptolemy.util.test.junit.AutoTests" name="[148] /home/travis/build/icyphy/ptII/ptolemy/actor/lib/test/auto/ExecStop.xml (RunModel)" time="5.047" />
  <testcase classname="ptolemy.util.test.junit.AutoTests" name="[149] /home/travis/build/icyphy/ptII/ptolemy/actor/lib/test/auto/ExecutionTimeSDF.xml (RunModel)" time="6.034" />
  <testcase classname="ptolemy.util.test.junit.AutoTests" name="[150] /home/travis/build/icyphy/ptII/ptolemy/actor/lib/test/auto/Expression1.xml (RunModel)" time="0.02" />
  <testcase classname="ptolemy.util.test.junit.AutoTests" name="[151] /home/travis/build/icyphy/ptII/ptolemy/actor/lib/test/auto/Expression10.xml (RunModel)" time="0.016" />
  <testcase classname="ptolemy.util.test.junit.AutoTests" name="[152] /home/travis/build/icyphy/ptII/ptolemy/actor/lib/test/auto/Expression11.xml (RunModel)" time="0.013" />
  <testcase classname="ptolemy.util.test.junit.AutoTests" name="[153] /home/travis/build/icyphy/ptII/ptolemy/actor/lib/test/auto/Expression12.xml (RunModel)" time="0.024" />
  <testcase classname="ptolemy.util.test.junit.AutoTests" name="[154] /home/travis/build/icyphy/ptII/ptolemy/actor/lib/test/auto/Expression13.xml (RunModel)" time="0.013" />
  <testcase classname="ptolemy.util.test.junit.AutoTests" name="[155] /home/travis/build/icyphy/ptII/ptolemy/actor/lib/test/auto/Expression14.xml (RunModel)" time="0.02" />
  <testcase classname="ptolemy.util.test.junit.AutoTests" name="[156] /home/travis/build/icyphy/ptII/ptolemy/actor/lib/test/auto/Expression15.xml (RunModel)" time="0.008" />
  <testcase classname="ptolemy.util.test.junit.AutoTests" name="[157] /home/travis/build/icyphy/ptII/ptolemy/actor/lib/test/auto/Expression16.xml (RunModel)" time="0.013" />
  <testcase classname="ptolemy.util.test.junit.AutoTests" name="[158] /home/travis/build/icyphy/ptII/ptolemy/actor/lib/test/auto/Expression17.xml (RunModel)" time="0.016" />
  <testcase classname="ptolemy.util.test.junit.AutoTests" name="[159] /home/travis/build/icyphy/ptII/ptolemy/actor/lib/test/auto/Expression18.xml (RunModel)" time="0.013" />
  <testcase classname="ptolemy.util.test.junit.AutoTests" name="[160] /home/travis/build/icyphy/ptII/ptolemy/actor/lib/test/auto/Expression2.xml (RunModel)" time="0.013" />
  <testcase classname="ptolemy.util.test.junit.AutoTests" name="[161] /home/travis/build/icyphy/ptII/ptolemy/actor/lib/test/auto/Expression3.xml (RunModel)" time="0.014" />
  <testcase classname="ptolemy.util.test.junit.AutoTests" name="[162] /home/travis/build/icyphy/ptII/ptolemy/actor/lib/test/auto/Expression4.xml (RunModel)" time="0.021" />
  <testcase classname="ptolemy.util.test.junit.AutoTests" name="[163] /home/travis/build/icyphy/ptII/ptolemy/actor/lib/test/auto/Expression5.xml (RunModel)" time="0.013" />
  <testcase classname="ptolemy.util.test.junit.AutoTests" name="[164] /home/travis/build/icyphy/ptII/ptolemy/actor/lib/test/auto/Expression6.xml (RunModel)" time="0.009" />
  <testcase classname="ptolemy.util.test.junit.AutoTests" name="[165] /home/travis/build/icyphy/ptII/ptolemy/actor/lib/test/auto/Expression7.xml (RunModel)" time="0.011" />
  <testcase classname="ptolemy.util.test.junit.AutoTests" name="[166] /home/travis/build/icyphy/ptII/ptolemy/actor/lib/test/auto/Expression8.xml (RunModel)" time="0.015" />
  <testcase classname="ptolemy.util.test.junit.AutoTests" name="[167] /home/travis/build/icyphy/ptII/ptolemy/actor/lib/test/auto/Expression9.xml (RunModel)" time="0.009" />
  <testcase classname="ptolemy.util.test.junit.AutoTests" name="[168] /home/travis/build/icyphy/ptII/ptolemy/actor/lib/test/auto/ExpressionConcatenateArrayType.xml (RunModel)" time="0.03" />
  <testcase classname="ptolemy.util.test.junit.AutoTests" name="[169] /home/travis/build/icyphy/ptII/ptolemy/actor/lib/test/auto/ExpressionConcatenateArrayType2.xml (RunModel)" time="0.022" />
  <testcase classname="ptolemy.util.test.junit.AutoTests" name="[170] /home/travis/build/icyphy/ptII/ptolemy/actor/lib/test/auto/ExpressionFix.xml (RunModel)" time="0.057" />
  <testcase classname="ptolemy.util.test.junit.AutoTests" name="[171] /home/travis/build/icyphy/ptII/ptolemy/actor/lib/test/auto/ExpressionFix2.xml (RunModel)" time="0.014" />
  <testcase classname="ptolemy.util.test.junit.AutoTests" name="[172] /home/travis/build/icyphy/ptII/ptolemy/actor/lib/test/auto/ExpressionFix3.xml (RunModel)" time="0.014" />
  <testcase classname="ptolemy.util.test.junit.AutoTests" name="[173] /home/travis/build/icyphy/ptII/ptolemy/actor/lib/test/auto/FileWriter1.xml (RunModel)" time="0.009" />
  <testcase classname="ptolemy.util.test.junit.AutoTests" name="[174] /home/travis/build/icyphy/ptII/ptolemy/actor/lib/test/auto/FileWriter2.xml (RunModel)" time="0.01" />
  <testcase classname="ptolemy.util.test.junit.AutoTests" name="[175] /home/travis/build/icyphy/ptII/ptolemy/actor/lib/test/auto/FileWriter3.xml (RunModel)" time="0.014" />
  <testcase classname="ptolemy.util.test.junit.AutoTests" name="[176] /home/travis/build/icyphy/ptII/ptolemy/actor/lib/test/auto/Gaussian.xml (RunModel)" time="0.017" />
  <testcase classname="ptolemy.util.test.junit.AutoTests" name="[177] /home/travis/build/icyphy/ptII/ptolemy/actor/lib/test/auto/Gaussian1.xml (RunModel)" time="0.017" />
  <testcase classname="ptolemy.util.test.junit.AutoTests" name="[178] /home/travis/build/icyphy/ptII/ptolemy/actor/lib/test/auto/Gaussian2.xml (RunModel)" time="0.047" />
  <testcase classname="ptolemy.util.test.junit.AutoTests" name="[179] /home/travis/build/icyphy/ptII/ptolemy/actor/lib/test/auto/GradientAdaptiveLattice.xml (RunModel)" time="0.018" />
  <testcase classname="ptolemy.util.test.junit.AutoTests" name="[180] /home/travis/build/icyphy/ptII/ptolemy/actor/lib/test/auto/IIR.xml (RunModel)" time="0.011" />
  <testcase classname="ptolemy.util.test.junit.AutoTests" name="[181] /home/travis/build/icyphy/ptII/ptolemy/actor/lib/test/auto/InputOutputTransparentPorts.xml (RunModel)" time="0.02" />
  <testcase classname="ptolemy.util.test.junit.AutoTests" name="[182] /home/travis/build/icyphy/ptII/ptolemy/actor/lib/test/auto/Interpolator.xml (RunModel)" time="0.012" />
  <testcase classname="ptolemy.util.test.junit.AutoTests" name="[183] /home/travis/build/icyphy/ptII/ptolemy/actor/lib/test/auto/InterpolatorFiringLimitDE.xml (RunModel)" time="0.014" />
  <testcase classname="ptolemy.util.test.junit.AutoTests" name="[184] /home/travis/build/icyphy/ptII/ptolemy/actor/lib/test/auto/Lattice.xml (RunModel)" time="0.009" />
  <testcase classname="ptolemy.util.test.junit.AutoTests" name="[185] /home/travis/build/icyphy/ptII/ptolemy/actor/lib/test/auto/LazyAOCTestLazy.xml (RunModel)" time="0.021" />
  <testcase classname="ptolemy.util.test.junit.AutoTests" name="[186] /home/travis/build/icyphy/ptII/ptolemy/actor/lib/test/auto/LazyAOCTestNonLazy.xml (RunModel)" time="0.056" />
  <testcase classname="ptolemy.util.test.junit.AutoTests" name="[187] /home/travis/build/icyphy/ptII/ptolemy/actor/lib/test/auto/LazyInnerClass.xml (RunModel)" time="0.043" />
  <testcase classname="ptolemy.util.test.junit.AutoTests" name="[188] /home/travis/build/icyphy/ptII/ptolemy/actor/lib/test/auto/LazyPubSub.xml (RunModel)" time="0.07" />
  <testcase classname="ptolemy.util.test.junit.AutoTests" name="[189] /home/travis/build/icyphy/ptII/ptolemy/actor/lib/test/auto/LazyPubSub2.xml (RunModel)" time="0.04" />
  <testcase classname="ptolemy.util.test.junit.AutoTests" name="[190] /home/travis/build/icyphy/ptII/ptolemy/actor/lib/test/auto/LazyPubSub3.xml (RunModel)" time="0.026" />
  <testcase classname="ptolemy.util.test.junit.AutoTests" name="[191] /home/travis/build/icyphy/ptII/ptolemy/actor/lib/test/auto/LazySubClassModel.xml (RunModel)" time="0.021" />
  <testcase classname="ptolemy.util.test.junit.AutoTests" name="[192] /home/travis/build/icyphy/ptII/ptolemy/actor/lib/test/auto/LevelCrossTest1.xml (RunModel)" time="0.011" />
  <testcase classname="ptolemy.util.test.junit.AutoTests" name="[193] /home/travis/build/icyphy/ptII/ptolemy/actor/lib/test/auto/LevelCrossTest10.xml (RunModel)" time="0.016" />
  <testcase classname="ptolemy.util.test.junit.AutoTests" name="[194] /home/travis/build/icyphy/ptII/ptolemy/actor/lib/test/auto/LevelCrossTest11.xml (RunModel)" time="0.017" />
  <testcase classname="ptolemy.util.test.junit.AutoTests" name="[195] /home/travis/build/icyphy/ptII/ptolemy/actor/lib/test/auto/LevelCrossTest12.xml (RunModel)" time="0.018" />
  <testcase classname="ptolemy.util.test.junit.AutoTests" name="[196] /home/travis/build/icyphy/ptII/ptolemy/actor/lib/test/auto/LevelCrossTest13.xml (RunModel)" time="0.014" />
  <testcase classname="ptolemy.util.test.junit.AutoTests" name="[197] /home/travis/build/icyphy/ptII/ptolemy/actor/lib/test/auto/LevelCrossTest2.xml (RunModel)" time="0.01" />
  <testcase classname="ptolemy.util.test.junit.AutoTests" name="[198] /home/travis/build/icyphy/ptII/ptolemy/actor/lib/test/auto/LevelCrossTest3.xml (RunModel)" time="0.014" />
  <testcase classname="ptolemy.util.test.junit.AutoTests" name="[199] /home/travis/build/icyphy/ptII/ptolemy/actor/lib/test/auto/LevelCrossTest4.xml (RunModel)" time="0.012" />
  <testcase classname="ptolemy.util.test.junit.AutoTests" name="[200] /home/travis/build/icyphy/ptII/ptolemy/actor/lib/test/auto/LevelCrossTest5.xml (RunModel)" time="0.021" />
  <testcase classname="ptolemy.util.test.junit.AutoTests" name="[201] /home/travis/build/icyphy/ptII/ptolemy/actor/lib/test/auto/LevelCrossTest6.xml (RunModel)" time="0.022" />
  <testcase classname="ptolemy.util.test.junit.AutoTests" name="[202] /home/travis/build/icyphy/ptII/ptolemy/actor/lib/test/auto/LevelCrossTest7.xml (RunModel)" time="0.021" />
  <testcase classname="ptolemy.util.test.junit.AutoTests" name="[203] /home/travis/build/icyphy/ptII/ptolemy/actor/lib/test/auto/LevelCrossTest8.xml (RunModel)" time="0.013" />
  <testcase classname="ptolemy.util.test.junit.AutoTests" name="[204] /home/travis/build/icyphy/ptII/ptolemy/actor/lib/test/auto/LevelCrossTest9.xml (RunModel)" time="0.013" />
  <testcase classname="ptolemy.util.test.junit.AutoTests" name="[205] /home/travis/build/icyphy/ptII/ptolemy/actor/lib/test/auto/LevinsonDurbin.xml (RunModel)" time="0.01" />
  <testcase classname="ptolemy.util.test.junit.AutoTests" name="[206] /home/travis/build/icyphy/ptII/ptolemy/actor/lib/test/auto/LevinsonDurbin2.xml (RunModel)" time="0.009" />
  <testcase classname="ptolemy.util.test.junit.AutoTests" name="[207] /home/travis/build/icyphy/ptII/ptolemy/actor/lib/test/auto/LevinsonDurbin3.xml (RunModel)" time="0.008" />
  <testcase classname="ptolemy.util.test.junit.AutoTests" name="[208] /home/travis/build/icyphy/ptII/ptolemy/actor/lib/test/auto/Limiter.xml (RunModel)" time="0.053" />
  <testcase classname="ptolemy.util.test.junit.AutoTests" name="[209] /home/travis/build/icyphy/ptII/ptolemy/actor/lib/test/auto/LinearDifferenceEquationSystem.xml (RunModel)" time="0.023" />
  <testcase classname="ptolemy.util.test.junit.AutoTests" name="[210] /home/travis/build/icyphy/ptII/ptolemy/actor/lib/test/auto/LookupTable.xml (RunModel)" time="0.01" />
  <testcase classname="ptolemy.util.test.junit.AutoTests" name="[211] /home/travis/build/icyphy/ptII/ptolemy/actor/lib/test/auto/MathFunction.xml (RunModel)" time="0.028" />
  <testcase classname="ptolemy.util.test.junit.AutoTests" name="[212] /home/travis/build/icyphy/ptII/ptolemy/actor/lib/test/auto/MathFunction2.xml (RunModel)" time="0.011" />
  <testcase classname="ptolemy.util.test.junit.AutoTests" name="[213] /home/travis/build/icyphy/ptII/ptolemy/actor/lib/test/auto/MathFunction3.xml (RunModel)" time="0.022" />
  <testcase classname="ptolemy.util.test.junit.AutoTests" name="[214] /home/travis/build/icyphy/ptII/ptolemy/actor/lib/test/auto/MatrixCropBoolean.xml (RunModel)" time="0.014" />
  <testcase classname="ptolemy.util.test.junit.AutoTests" name="[215] /home/travis/build/icyphy/ptII/ptolemy/actor/lib/test/auto/MatrixCropComplex.xml (RunModel)" time="0.01" />
  <testcase classname="ptolemy.util.test.junit.AutoTests" name="[216] /home/travis/build/icyphy/ptII/ptolemy/actor/lib/test/auto/MatrixCropDouble.xml (RunModel)" time="0.01" />
  <testcase classname="ptolemy.util.test.junit.AutoTests" name="[217] /home/travis/build/icyphy/ptII/ptolemy/actor/lib/test/auto/MatrixCropFix.xml (RunModel)" time="0.013" />
  <testcase classname="ptolemy.util.test.junit.AutoTests" name="[218] /home/travis/build/icyphy/ptII/ptolemy/actor/lib/test/auto/MatrixCropInt.xml (RunModel)" time="0.009" />
  <testcase classname="ptolemy.util.test.junit.AutoTests" name="[219] /home/travis/build/icyphy/ptII/ptolemy/actor/lib/test/auto/MatrixCropLong.xml (RunModel)" time="0.008" />
  <testcase classname="ptolemy.util.test.junit.AutoTests" name="[220] /home/travis/build/icyphy/ptII/ptolemy/actor/lib/test/auto/MatrixToArray.xml (RunModel)" time="0.051" />
  <testcase classname="ptolemy.util.test.junit.AutoTests" name="[221] /home/travis/build/icyphy/ptII/ptolemy/actor/lib/test/auto/MaxIndex.xml (RunModel)" time="0.013" />
  <testcase classname="ptolemy.util.test.junit.AutoTests" name="[222] /home/travis/build/icyphy/ptII/ptolemy/actor/lib/test/auto/Maximum.xml (RunModel)" time="0.016" />
  <testcase classname="ptolemy.util.test.junit.AutoTests" name="[223] /home/travis/build/icyphy/ptII/ptolemy/actor/lib/test/auto/MaximumComplex.xml (RunModel)" time="0.016" />
  <testcase classname="ptolemy.util.test.junit.AutoTests" name="[224] /home/travis/build/icyphy/ptII/ptolemy/actor/lib/test/auto/MethodCallTest.xml (RunModel)" time="0.022" />
  <testcase classname="ptolemy.util.test.junit.AutoTests" name="[225] /home/travis/build/icyphy/ptII/ptolemy/actor/lib/test/auto/Minimum.xml (RunModel)" time="0.014" />
  <testcase classname="ptolemy.util.test.junit.AutoTests" name="[226] /home/travis/build/icyphy/ptII/ptolemy/actor/lib/test/auto/MinimumComplex.xml (RunModel)" time="0.026" />
  <testcase classname="ptolemy.util.test.junit.AutoTests" name="[227] /home/travis/build/icyphy/ptII/ptolemy/actor/lib/test/auto/MinimumMultiports.xml (RunModel)" time="0.016" />
  <testcase classname="ptolemy.util.test.junit.AutoTests" name="[228] /home/travis/build/icyphy/ptII/ptolemy/actor/lib/test/auto/ModifyDate.xml (RunModel)" time="0.046" />
  <testcase classname="ptolemy.util.test.junit.AutoTests" name="[229] /home/travis/build/icyphy/ptII/ptolemy/actor/lib/test/auto/ModifyDate2.xml (RunModel)" time="0.029" />
  <testcase classname="ptolemy.util.test.junit.AutoTests" name="[230] /home/travis/build/icyphy/ptII/ptolemy/actor/lib/test/auto/MovingAverage.xml (RunModel)" time="0.011" />
  <testcase classname="ptolemy.util.test.junit.AutoTests" name="[231] /home/travis/build/icyphy/ptII/ptolemy/actor/lib/test/auto/MovingMaximum.xml (RunModel)" time="0.009" />
  <testcase classname="ptolemy.util.test.junit.AutoTests" name="[232] /home/travis/build/icyphy/ptII/ptolemy/actor/lib/test/auto/MultipleLinksToSameRelation.xml (RunModel)" time="0.006" />
  <testcase classname="ptolemy.util.test.junit.AutoTests" name="[233] /home/travis/build/icyphy/ptII/ptolemy/actor/lib/test/auto/MultipleLinksToSameRelationDE.xml (RunModel)" time="0.016" />
  <testcase classname="ptolemy.util.test.junit.AutoTests" name="[234] /home/travis/build/icyphy/ptII/ptolemy/actor/lib/test/auto/Multiplexor.xml (RunModel)" time="0.011" />
  <testcase classname="ptolemy.util.test.junit.AutoTests" name="[235] /home/travis/build/icyphy/ptII/ptolemy/actor/lib/test/auto/Multiplexor1.xml (RunModel)" time="0.012" />
  <testcase classname="ptolemy.util.test.junit.AutoTests" name="[236] /home/travis/build/icyphy/ptII/ptolemy/actor/lib/test/auto/Multiplexor2.xml (RunModel)" time="0.015" />
  <testcase classname="ptolemy.util.test.junit.AutoTests" name="[237] /home/travis/build/icyphy/ptII/ptolemy/actor/lib/test/auto/Multiplexor3.xml (RunModel)" time="0.008" />
  <testcase classname="ptolemy.util.test.junit.AutoTests" name="[238] /home/travis/build/icyphy/ptII/ptolemy/actor/lib/test/auto/MultiplexorDE.xml (RunModel)" time="0.015" />
  <testcase classname="ptolemy.util.test.junit.AutoTests" name="[239] /home/travis/build/icyphy/ptII/ptolemy/actor/lib/test/auto/MultiportBroadcastTest.xml (RunModel)" time="0.109" />
  <testcase classname="ptolemy.util.test.junit.AutoTests" name="[240] /home/travis/build/icyphy/ptII/ptolemy/actor/lib/test/auto/MultiportOutHangDuringGetWidth.xml (RunModel)" time="0.035" />
  <testcase classname="ptolemy.util.test.junit.AutoTests" name="[241] /home/travis/build/icyphy/ptII/ptolemy/actor/lib/test/auto/NilToken.xml (RunModel)" time="0.012" />
  <testcase classname="ptolemy.util.test.junit.AutoTests" name="[242] /home/travis/build/icyphy/ptII/ptolemy/actor/lib/test/auto/NilTokenNonStrictTest.xml (RunModel)" time="0.011" />
  <testcase classname="ptolemy.util.test.junit.AutoTests" name="[243] /home/travis/build/icyphy/ptII/ptolemy/actor/lib/test/auto/NilTokenRecord.xml (RunModel)" time="0.025" />
  <testcase classname="ptolemy.util.test.junit.AutoTests" name="[244] /home/travis/build/icyphy/ptII/ptolemy/actor/lib/test/auto/NilTokenTypeTest.xml (RunModel)" time="0.034" />
  <testcase classname="ptolemy.util.test.junit.AutoTests" name="[245] /home/travis/build/icyphy/ptII/ptolemy/actor/lib/test/auto/ObjectToken1.xml (RunModel)" time="0.009" />
  <testcase classname="ptolemy.util.test.junit.AutoTests" name="[246] /home/travis/build/icyphy/ptII/ptolemy/actor/lib/test/auto/OrderedMerge.xml (RunModel)" time="0.02" />
  <testcase classname="ptolemy.util.test.junit.AutoTests" name="[247] /home/travis/build/icyphy/ptII/ptolemy/actor/lib/test/auto/OrderedRecordDisassembler.xml (RunModel)" time="0.022" />
  <testcase classname="ptolemy.util.test.junit.AutoTests" name="[248] /home/travis/build/icyphy/ptII/ptolemy/actor/lib/test/auto/OrderedRecordDisassembler2.xml (RunModel)" time="0.02" />
  <testcase classname="ptolemy.util.test.junit.AutoTests" name="[249] /home/travis/build/icyphy/ptII/ptolemy/actor/lib/test/auto/OrderedRecordUpdater.xml (RunModel)" time="0.01" />
  <testcase classname="ptolemy.util.test.junit.AutoTests" name="[250] /home/travis/build/icyphy/ptII/ptolemy/actor/lib/test/auto/OrderedRecordUpdater2.xml (RunModel)" time="0.02" />
  <testcase classname="ptolemy.util.test.junit.AutoTests" name="[251] /home/travis/build/icyphy/ptII/ptolemy/actor/lib/test/auto/PhaseUnwrap.xml (RunModel)" time="0.017" />
  <testcase classname="ptolemy.util.test.junit.AutoTests" name="[252] /home/travis/build/icyphy/ptII/ptolemy/actor/lib/test/auto/PoissonClock.xml (RunModel)" time="0.012" />
  <testcase classname="ptolemy.util.test.junit.AutoTests" name="[253] /home/travis/build/icyphy/ptII/ptolemy/actor/lib/test/auto/PoissonClock2.xml (RunModel)" time="0.008" />
  <testcase classname="ptolemy.util.test.junit.AutoTests" name="[254] /home/travis/build/icyphy/ptII/ptolemy/actor/lib/test/auto/PoissonClock3.xml (RunModel)" time="0.025" />
  <testcase classname="ptolemy.util.test.junit.AutoTests" name="[255] /home/travis/build/icyphy/ptII/ptolemy/actor/lib/test/auto/PubSubWithInitialTokens.xml (RunModel)" time="0.011" />
  <testcase classname="ptolemy.util.test.junit.AutoTests" name="[256] /home/travis/build/icyphy/ptII/ptolemy/actor/lib/test/auto/PubSubWithInitialTokens2.xml (RunModel)" time="0.014" />
  <testcase classname="ptolemy.util.test.junit.AutoTests" name="[257] /home/travis/build/icyphy/ptII/ptolemy/actor/lib/test/auto/PublisherClassNoParameter.xml (RunModel)" time="0.019" />
  <testcase classname="ptolemy.util.test.junit.AutoTests" name="[258] /home/travis/build/icyphy/ptII/ptolemy/actor/lib/test/auto/PublisherClassParameter.xml (RunModel)" time="0.018" />
  <testcase classname="ptolemy.util.test.junit.AutoTests" name="[259] /home/travis/build/icyphy/ptII/ptolemy/actor/lib/test/auto/PublisherNonStrictTest.xml (RunModel)" time="0.017" />
  <testcase classname="ptolemy.util.test.junit.AutoTests" name="[260] /home/travis/build/icyphy/ptII/ptolemy/actor/lib/test/auto/PublisherPort1.xml (RunModel)" time="0.01" />
  <testcase classname="ptolemy.util.test.junit.AutoTests" name="[261] /home/travis/build/icyphy/ptII/ptolemy/actor/lib/test/auto/PublisherPort2.xml (RunModel)" time="0.014" />
  <testcase classname="ptolemy.util.test.junit.AutoTests" name="[262] /home/travis/build/icyphy/ptII/ptolemy/actor/lib/test/auto/PublisherPort3.xml (RunModel)" time="0.016" />
  <testcase classname="ptolemy.util.test.junit.AutoTests" name="[263] /home/travis/build/icyphy/ptII/ptolemy/actor/lib/test/auto/PublisherPort4.xml (RunModel)" time="0.014" />
  <testcase classname="ptolemy.util.test.junit.AutoTests" name="[264] /home/travis/build/icyphy/ptII/ptolemy/actor/lib/test/auto/PublisherPort5.xml (RunModel)" time="0.015" />
  <testcase classname="ptolemy.util.test.junit.AutoTests" name="[265] /home/travis/build/icyphy/ptII/ptolemy/actor/lib/test/auto/PublisherPort5LookAlike.xml (RunModel)" time="0.019" />
  <testcase classname="ptolemy.util.test.junit.AutoTests" name="[266] /home/travis/build/icyphy/ptII/ptolemy/actor/lib/test/auto/PublisherPort6.xml (RunModel)" time="0.011" />
  <testcase classname="ptolemy.util.test.junit.AutoTests" name="[267] /home/travis/build/icyphy/ptII/ptolemy/actor/lib/test/auto/PublisherPort7.xml (RunModel)" time="0.015" />
  <testcase classname="ptolemy.util.test.junit.AutoTests" name="[268] /home/travis/build/icyphy/ptII/ptolemy/actor/lib/test/auto/PublisherPort8.xml (RunModel)" time="0.017" />
  <testcase classname="ptolemy.util.test.junit.AutoTests" name="[269] /home/travis/build/icyphy/ptII/ptolemy/actor/lib/test/auto/PublisherPortSubscriberChannelVariablesAOC2.xml (RunModel)" time="0.032" />
  <testcase classname="ptolemy.util.test.junit.AutoTests" name="[270] /home/travis/build/icyphy/ptII/ptolemy/actor/lib/test/auto/PublisherPortSubscriberOpaqueWidthInference.xml (RunModel)" time="0.014" />
  <testcase classname="ptolemy.util.test.junit.AutoTests" name="[271] /home/travis/build/icyphy/ptII/ptolemy/actor/lib/test/auto/PublisherPortSubscriberPortAdjacent.xml (RunModel)" time="0.019" />
  <testcase classname="ptolemy.util.test.junit.AutoTests" name="[272] /home/travis/build/icyphy/ptII/ptolemy/actor/lib/test/auto/PublisherPortSubscriberPortExpression.xml (RunModel)" time="0.025" />
  <testcase classname="ptolemy.util.test.junit.AutoTests" name="[273] /home/travis/build/icyphy/ptII/ptolemy/actor/lib/test/auto/PublisherPortSubscriberPortOpaqueD3Reverse.xml (RunModel)" time="0.037" />
  <testcase classname="ptolemy.util.test.junit.AutoTests" name="[274] /home/travis/build/icyphy/ptII/ptolemy/actor/lib/test/auto/PublisherPortSubscriberPortOpaqueWidthInference.xml (RunModel)" time="0.019" />
  <testcase classname="ptolemy.util.test.junit.AutoTests" name="[275] /home/travis/build/icyphy/ptII/ptolemy/actor/lib/test/auto/PublisherPortToplevelSubscriberPortAOC.xml (RunModel)" time="0.011" />
  <testcase classname="ptolemy.util.test.junit.AutoTests" name="[276] /home/travis/build/icyphy/ptII/ptolemy/actor/lib/test/auto/PublisherSubscriber.xml (RunModel)" time="0.013" />
  <testcase classname="ptolemy.util.test.junit.AutoTests" name="[277] /home/travis/build/icyphy/ptII/ptolemy/actor/lib/test/auto/PublisherSubscriber10.xml (RunModel)" time="0.029" />
  <testcase classname="ptolemy.util.test.junit.AutoTests" name="[278] /home/travis/build/icyphy/ptII/ptolemy/actor/lib/test/auto/PublisherSubscriber10InitialOutputs.xml (RunModel)" time="0.03" />
  <testcase classname="ptolemy.util.test.junit.AutoTests" name="[279] /home/travis/build/icyphy/ptII/ptolemy/actor/lib/test/auto/PublisherSubscriber11.xml (RunModel)" time="0.022" />
  <testcase classname="ptolemy.util.test.junit.AutoTests" name="[280] /home/travis/build/icyphy/ptII/ptolemy/actor/lib/test/auto/PublisherSubscriber12.xml (RunModel)" time="0.022" />
  <testcase classname="ptolemy.util.test.junit.AutoTests" name="[281] /home/travis/build/icyphy/ptII/ptolemy/actor/lib/test/auto/PublisherSubscriber13.xml (RunModel)" time="0.022" />
  <testcase classname="ptolemy.util.test.junit.AutoTests" name="[282] /home/travis/build/icyphy/ptII/ptolemy/actor/lib/test/auto/PublisherSubscriber14.xml (RunModel)" time="0.018" />
  <testcase classname="ptolemy.util.test.junit.AutoTests" name="[283] /home/travis/build/icyphy/ptII/ptolemy/actor/lib/test/auto/PublisherSubscriber2.xml (RunModel)" time="0.01" />
  <testcase classname="ptolemy.util.test.junit.AutoTests" name="[284] /home/travis/build/icyphy/ptII/ptolemy/actor/lib/test/auto/PublisherSubscriber3.xml (RunModel)" time="0.011" />
  <testcase classname="ptolemy.util.test.junit.AutoTests" name="[285] /home/travis/build/icyphy/ptII/ptolemy/actor/lib/test/auto/PublisherSubscriber4.xml (RunModel)" time="0.009" />
  <testcase classname="ptolemy.util.test.junit.AutoTests" name="[286] /home/travis/build/icyphy/ptII/ptolemy/actor/lib/test/auto/PublisherSubscriber5.xml (RunModel)" time="0.011" />
  <testcase classname="ptolemy.util.test.junit.AutoTests" name="[287] /home/travis/build/icyphy/ptII/ptolemy/actor/lib/test/auto/PublisherSubscriber6.xml (RunModel)" time="0.015" />
  <testcase classname="ptolemy.util.test.junit.AutoTests" name="[288] /home/travis/build/icyphy/ptII/ptolemy/actor/lib/test/auto/PublisherSubscriber7.xml (RunModel)" time="0.018" />
  <testcase classname="ptolemy.util.test.junit.AutoTests" name="[289] /home/travis/build/icyphy/ptII/ptolemy/actor/lib/test/auto/PublisherSubscriber8.xml (RunModel)" time="0.037" />
  <testcase classname="ptolemy.util.test.junit.AutoTests" name="[290] /home/travis/build/icyphy/ptII/ptolemy/actor/lib/test/auto/PublisherSubscriber9.xml (RunModel)" time="0.018" />
  <testcase classname="ptolemy.util.test.junit.AutoTests" name="[291] /home/travis/build/icyphy/ptII/ptolemy/actor/lib/test/auto/PublisherSubscriberAdjacent.xml (RunModel)" time="0.016" />
  <testcase classname="ptolemy.util.test.junit.AutoTests" name="[292] /home/travis/build/icyphy/ptII/ptolemy/actor/lib/test/auto/PublisherSubscriberChannelVariablesAOC2.xml (RunModel)" time="0.027" />
  <testcase classname="ptolemy.util.test.junit.AutoTests" name="[293] /home/travis/build/icyphy/ptII/ptolemy/actor/lib/test/auto/PublisherSubscriberD3.xml (RunModel)" time="0.013" />
  <testcase classname="ptolemy.util.test.junit.AutoTests" name="[294] /home/travis/build/icyphy/ptII/ptolemy/actor/lib/test/auto/PublisherSubscriberD3Reverse.xml (RunModel)" time="0.013" />
  <testcase classname="ptolemy.util.test.junit.AutoTests" name="[295] /home/travis/build/icyphy/ptII/ptolemy/actor/lib/test/auto/PublisherSubscriberExpression.xml (RunModel)" time="0.02" />
  <testcase classname="ptolemy.util.test.junit.AutoTests" name="[296] /home/travis/build/icyphy/ptII/ptolemy/actor/lib/test/auto/PublisherSubscriberOpaque.xml (RunModel)" time="0.014" />
  <testcase classname="ptolemy.util.test.junit.AutoTests" name="[297] /home/travis/build/icyphy/ptII/ptolemy/actor/lib/test/auto/PublisherSubscriberOpaqueD3.xml (RunModel)" time="0.025" />
  <testcase classname="ptolemy.util.test.junit.AutoTests" name="[298] /home/travis/build/icyphy/ptII/ptolemy/actor/lib/test/auto/PublisherSubscriberOpaqueD3Reverse.xml (RunModel)" time="0.023" />
  <testcase classname="ptolemy.util.test.junit.AutoTests" name="[299] /home/travis/build/icyphy/ptII/ptolemy/actor/lib/test/auto/PublisherSubscriberOpaqueWidthInference.xml (RunModel)" time="0.017" />
  <testcase classname="ptolemy.util.test.junit.AutoTests" name="[300] /home/travis/build/icyphy/ptII/ptolemy/actor/lib/test/auto/PublisherTestSubscriber.xml (RunModel)" time="0.015" />
  <testcase classname="ptolemy.util.test.junit.AutoTests" name="[301] /home/travis/build/icyphy/ptII/ptolemy/actor/lib/test/auto/PublisherToplevelSubscriberPortAOC.xml (RunModel)" time="0.01" />
  <testcase classname="ptolemy.util.test.junit.AutoTests" name="[302] /home/travis/build/icyphy/ptII/ptolemy/actor/lib/test/auto/PulseFiringLimitDE.xml (RunModel)" time="0.015" />
  <testcase classname="ptolemy.util.test.junit.AutoTests" name="[303] /home/travis/build/icyphy/ptII/ptolemy/actor/lib/test/auto/Ramp1.xml (RunModel)" time="0.008" />
  <testcase classname="ptolemy.util.test.junit.AutoTests" name="[304] /home/travis/build/icyphy/ptII/ptolemy/actor/lib/test/auto/RampFiringLimitDE.xml (RunModel)" time="0.01" />
  <testcase classname="ptolemy.util.test.junit.AutoTests" name="[305] /home/travis/build/icyphy/ptII/ptolemy/actor/lib/test/auto/RampFiringLimitSDF.xml (RunModel)" time="0.024" />
  <testcase classname="ptolemy.util.test.junit.AutoTests" name="[306] /home/travis/build/icyphy/ptII/ptolemy/actor/lib/test/auto/RandomInteger.xml (RunModel)" time="0.009" />
  <testcase classname="ptolemy.util.test.junit.AutoTests" name="[307] /home/travis/build/icyphy/ptII/ptolemy/actor/lib/test/auto/ReadFile1.xml (RunModel)" time="0.008" />
  <testcase classname="ptolemy.util.test.junit.AutoTests" name="[308] /home/travis/build/icyphy/ptII/ptolemy/actor/lib/test/auto/ReadFile2.xml (RunModel)" time="0.007" />
  <testcase classname="ptolemy.util.test.junit.AutoTests" name="[309] /home/travis/build/icyphy/ptII/ptolemy/actor/lib/test/auto/Reader.xml (RunModel)" time="0.015" />
  <testcase classname="ptolemy.util.test.junit.AutoTests" name="[310] /home/travis/build/icyphy/ptII/ptolemy/actor/lib/test/auto/RecordAssemblerDisplayNameTest.xml (RunModel)" time="3.69" />
  <testcase classname="ptolemy.util.test.junit.AutoTests" name="[311] /home/travis/build/icyphy/ptII/ptolemy/actor/lib/test/auto/RecordAssemblerTypeError.xml (RunModel)" time="0.037" />
  <testcase classname="ptolemy.util.test.junit.AutoTests" name="[312] /home/travis/build/icyphy/ptII/ptolemy/actor/lib/test/auto/RecordDisassember.xml (RunModel)" time="0.019" />
  <testcase classname="ptolemy.util.test.junit.AutoTests" name="[313] /home/travis/build/icyphy/ptII/ptolemy/actor/lib/test/auto/RecordDisassemberDisplayNameTest.xml (RunModel)" time="0.026" />
  <testcase classname="ptolemy.util.test.junit.AutoTests" name="[314] /home/travis/build/icyphy/ptII/ptolemy/actor/lib/test/auto/RecordDisassembler.xml (RunModel)" time="0.011" />
  <testcase classname="ptolemy.util.test.junit.AutoTests" name="[315] /home/travis/build/icyphy/ptII/ptolemy/actor/lib/test/auto/RecordDisassembler2.xml (RunModel)" time="0.01" />
  <testcase classname="ptolemy.util.test.junit.AutoTests" name="[316] /home/travis/build/icyphy/ptII/ptolemy/actor/lib/test/auto/RecordUpdater.xml (RunModel)" time="0.009" />
  <testcase classname="ptolemy.util.test.junit.AutoTests" name="[317] /home/travis/build/icyphy/ptII/ptolemy/actor/lib/test/auto/RecordUpdater2.xml (RunModel)" time="0.008" />
  <testcase classname="ptolemy.util.test.junit.AutoTests" name="[318] /home/travis/build/icyphy/ptII/ptolemy/actor/lib/test/auto/RecursiveLattice.xml (RunModel)" time="0.009" />
  <testcase classname="ptolemy.util.test.junit.AutoTests" name="[319] /home/travis/build/icyphy/ptII/ptolemy/actor/lib/test/auto/Router.xml (RunModel)" time="3.025" />
  <testcase classname="ptolemy.util.test.junit.AutoTests" name="[320] /home/travis/build/icyphy/ptII/ptolemy/actor/lib/test/auto/Router2.xml (RunModel)" time="3.026" />
  <testcase classname="ptolemy.util.test.junit.AutoTests" name="[321] /home/travis/build/icyphy/ptII/ptolemy/actor/lib/test/auto/RunningMaximum.xml (RunModel)" time="0.017" />
  <testcase classname="ptolemy.util.test.junit.AutoTests" name="[322] /home/travis/build/icyphy/ptII/ptolemy/actor/lib/test/auto/RunningMinimum.xml (RunModel)" time="0.026" />
  <testcase classname="ptolemy.util.test.junit.AutoTests" name="[323] /home/travis/build/icyphy/ptII/ptolemy/actor/lib/test/auto/Scale.xml (RunModel)" time="0.014" />
  <testcase classname="ptolemy.util.test.junit.AutoTests" name="[324] /home/travis/build/icyphy/ptII/ptolemy/actor/lib/test/auto/Scale2.xml (RunModel)" time="0.009" />
  <testcase classname="ptolemy.util.test.junit.AutoTests" name="[325] /home/travis/build/icyphy/ptII/ptolemy/actor/lib/test/auto/Scale3.xml (RunModel)" time="0.024" />
  <testcase classname="ptolemy.util.test.junit.AutoTests" name="[326] /home/travis/build/icyphy/ptII/ptolemy/actor/lib/test/auto/ScaleArray.xml (RunModel)" time="0.009" />
  <testcase classname="ptolemy.util.test.junit.AutoTests" name="[327] /home/travis/build/icyphy/ptII/ptolemy/actor/lib/test/auto/ScaleArray2.xml (RunModel)" time="0.007" />
  <testcase classname="ptolemy.util.test.junit.AutoTests" name="[328] /home/travis/build/icyphy/ptII/ptolemy/actor/lib/test/auto/ScaleMatrix.xml (RunModel)" time="0.181" />
  <testcase classname="ptolemy.util.test.junit.AutoTests" name="[329] /home/travis/build/icyphy/ptII/ptolemy/actor/lib/test/auto/Select.xml (RunModel)" time="0.014" />
  <testcase classname="ptolemy.util.test.junit.AutoTests" name="[330] /home/travis/build/icyphy/ptII/ptolemy/actor/lib/test/auto/Select2.xml (RunModel)" time="0.008" />
  <testcase classname="ptolemy.util.test.junit.AutoTests" name="[331] /home/travis/build/icyphy/ptII/ptolemy/actor/lib/test/auto/SequenceToArray2.xml (RunModel)" time="0.124" />
  <testcase classname="ptolemy.util.test.junit.AutoTests" name="[332] /home/travis/build/icyphy/ptII/ptolemy/actor/lib/test/auto/SequentialClock.xml (RunModel)" time="0.011" />
  <testcase classname="ptolemy.util.test.junit.AutoTests" name="[333] /home/travis/build/icyphy/ptII/ptolemy/actor/lib/test/auto/SetVariable.xml (RunModel)" time="0.011" />
  <testcase classname="ptolemy.util.test.junit.AutoTests" name="[334] /home/travis/build/icyphy/ptII/ptolemy/actor/lib/test/auto/SetVariable2.xml (RunModel)" time="0.009" />
  <testcase classname="ptolemy.util.test.junit.AutoTests" name="[335] /home/travis/build/icyphy/ptII/ptolemy/actor/lib/test/auto/SetVariable3.xml (RunModel)" time="0.014" />
  <testcase classname="ptolemy.util.test.junit.AutoTests" name="[336] /home/travis/build/icyphy/ptII/ptolemy/actor/lib/test/auto/SetVariable4.xml (RunModel)" time="0.029" />
  <testcase classname="ptolemy.util.test.junit.AutoTests" name="[337] /home/travis/build/icyphy/ptII/ptolemy/actor/lib/test/auto/SetVariable5.xml (RunModel)" time="0.035" />
  <testcase classname="ptolemy.util.test.junit.AutoTests" name="[338] /home/travis/build/icyphy/ptII/ptolemy/actor/lib/test/auto/Sinewave.xml (RunModel)" time="0.028" />
  <testcase classname="ptolemy.util.test.junit.AutoTests" name="[339] /home/travis/build/icyphy/ptII/ptolemy/actor/lib/test/auto/Sinewave2.xml (RunModel)" time="0.021" />
  <testcase classname="ptolemy.util.test.junit.AutoTests" name="[340] /home/travis/build/icyphy/ptII/ptolemy/actor/lib/test/auto/Sinewave3.xml (RunModel)" time="0.02" />
  <testcase classname="ptolemy.util.test.junit.AutoTests" name="[341] /home/travis/build/icyphy/ptII/ptolemy/actor/lib/test/auto/SingleEvent.xml (RunModel)" time="0.011" />
  <testcase classname="ptolemy.util.test.junit.AutoTests" name="[342] /home/travis/build/icyphy/ptII/ptolemy/actor/lib/test/auto/Sleep.xml (RunModel)" time="6.018" />
  <testcase classname="ptolemy.util.test.junit.AutoTests" name="[343] /home/travis/build/icyphy/ptII/ptolemy/actor/lib/test/auto/SleepMultipleFire.xml (RunModel)" time="1.029" />
  <testcase classname="ptolemy.util.test.junit.AutoTests" name="[344] /home/travis/build/icyphy/ptII/ptolemy/actor/lib/test/auto/StopDE.xml (RunModel)" time="0.015" />
  <testcase classname="ptolemy.util.test.junit.AutoTests" name="[345] /home/travis/build/icyphy/ptII/ptolemy/actor/lib/test/auto/StopSDF.xml (RunModel)" time="0.013" />
  <testcase classname="ptolemy.util.test.junit.AutoTests" name="[346] /home/travis/build/icyphy/ptII/ptolemy/actor/lib/test/auto/StringConstant.xml (RunModel)" time="0.017" />
  <testcase classname="ptolemy.util.test.junit.AutoTests" name="[347] /home/travis/build/icyphy/ptII/ptolemy/actor/lib/test/auto/SubscriberPortInitialValues1.xml (RunModel)" time="0.033" />
  <testcase classname="ptolemy.util.test.junit.AutoTests" name="[348] /home/travis/build/icyphy/ptII/ptolemy/actor/lib/test/auto/SubscriberPortInitialValues13.xml (RunModel)" time="0.028" />
  <testcase classname="ptolemy.util.test.junit.AutoTests" name="[349] /home/travis/build/icyphy/ptII/ptolemy/actor/lib/test/auto/SubscriberPortInitialValues14.xml (RunModel)" time="0.016" />
  <testcase classname="ptolemy.util.test.junit.AutoTests" name="[350] /home/travis/build/icyphy/ptII/ptolemy/actor/lib/test/auto/SubscriberPortInitialValues2.xml (RunModel)" time="0.017" />
  <testcase classname="ptolemy.util.test.junit.AutoTests" name="[351] /home/travis/build/icyphy/ptII/ptolemy/actor/lib/test/auto/SubscriberPortInitialValues3.xml (RunModel)" time="0.02" />
  <testcase classname="ptolemy.util.test.junit.AutoTests" name="[352] /home/travis/build/icyphy/ptII/ptolemy/actor/lib/test/auto/SubscriptionAggregator.xml (RunModel)" time="0.021" />
  <testcase classname="ptolemy.util.test.junit.AutoTests" name="[353] /home/travis/build/icyphy/ptII/ptolemy/actor/lib/test/auto/SubscriptionAggregator2.xml (RunModel)" time="0.012" />
  <testcase classname="ptolemy.util.test.junit.AutoTests" name="[354] /home/travis/build/icyphy/ptII/ptolemy/actor/lib/test/auto/SubscriptionAggregator3.xml (RunModel)" time="0.016" />
  <testcase classname="ptolemy.util.test.junit.AutoTests" name="[355] /home/travis/build/icyphy/ptII/ptolemy/actor/lib/test/auto/SubscriptionAggregatorMultiply.xml (RunModel)" time="0.023" />
  <testcase classname="ptolemy.util.test.junit.AutoTests" name="[356] /home/travis/build/icyphy/ptII/ptolemy/actor/lib/test/auto/SubscriptionAggregatorPortMultiply1.xml (RunModel)" time="0.017" />
  <testcase classname="ptolemy.util.test.junit.AutoTests" name="[357] /home/travis/build/icyphy/ptII/ptolemy/actor/lib/test/auto/Switch.xml (RunModel)" time="0.016" />
  <testcase classname="ptolemy.util.test.junit.AutoTests" name="[358] /home/travis/build/icyphy/ptII/ptolemy/actor/lib/test/auto/Switch2.xml (RunModel)" time="0.01" />
  <testcase classname="ptolemy.util.test.junit.AutoTests" name="[359] /home/travis/build/icyphy/ptII/ptolemy/actor/lib/test/auto/SwitchDE.xml (RunModel)" time="0.014" />
  <testcase classname="ptolemy.util.test.junit.AutoTests" name="[360] /home/travis/build/icyphy/ptII/ptolemy/actor/lib/test/auto/SynchronizerDE.xml (RunModel)" time="0.021" />
  <testcase classname="ptolemy.util.test.junit.AutoTests" name="[361] /home/travis/build/icyphy/ptII/ptolemy/actor/lib/test/auto/Test.xml (RunModel)" time="0.009" />
  <testcase classname="ptolemy.util.test.junit.AutoTests" name="[362] /home/travis/build/icyphy/ptII/ptolemy/actor/lib/test/auto/TestExceptionAttribute1.xml (RunModel)" time="0.008" />
  <testcase classname="ptolemy.util.test.junit.AutoTests" name="[363] /home/travis/build/icyphy/ptII/ptolemy/actor/lib/test/auto/TestExceptionAttribute2.xml (RunModel)" time="0.009" />
  <testcase classname="ptolemy.util.test.junit.AutoTests" name="[364] /home/travis/build/icyphy/ptII/ptolemy/actor/lib/test/auto/TestExceptionAttribute3.xml (RunModel)" time="0.011" />
  <testcase classname="ptolemy.util.test.junit.AutoTests" name="[365] /home/travis/build/icyphy/ptII/ptolemy/actor/lib/test/auto/TestExceptionAttribute4.xml (RunModel)" time="0.007" />
  <testcase classname="ptolemy.util.test.junit.AutoTests" name="[366] /home/travis/build/icyphy/ptII/ptolemy/actor/lib/test/auto/TestExceptionHandler1.xml (RunModel)" time="0.01" />
  <testcase classname="ptolemy.util.test.junit.AutoTests" name="[367] /home/travis/build/icyphy/ptII/ptolemy/actor/lib/test/auto/TestExceptionHandler2.xml (RunModel)" time="0.011" />
  <testcase classname="ptolemy.util.test.junit.AutoTests" name="[368] /home/travis/build/icyphy/ptII/ptolemy/actor/lib/test/auto/TestExceptionHandler3.xml (RunModel)" time="0.006" />
  <testcase classname="ptolemy.util.test.junit.AutoTests" name="[369] /home/travis/build/icyphy/ptII/ptolemy/actor/lib/test/auto/TestExceptionHandler4.xml (RunModel)" time="0.007" />
  <testcase classname="ptolemy.util.test.junit.AutoTests" name="[370] /home/travis/build/icyphy/ptII/ptolemy/actor/lib/test/auto/TestRequireCorrectOrder.xml (RunModel)" time="0.014" />
  <testcase classname="ptolemy.util.test.junit.AutoTests" name="[371] /home/travis/build/icyphy/ptII/ptolemy/actor/lib/test/auto/TestSimple.xml (RunModel)" time="0.007" />
  <testcase classname="ptolemy.util.test.junit.AutoTests" name="[372] /home/travis/build/icyphy/ptII/ptolemy/actor/lib/test/auto/ThrowModelError.xml (RunModel)" time="0.011" />
  <testcase classname="ptolemy.util.test.junit.AutoTests" name="[373] /home/travis/build/icyphy/ptII/ptolemy/actor/lib/test/auto/TimeDelayMicrosteps.xml (RunModel)" time="0.013" />
  <testcase classname="ptolemy.util.test.junit.AutoTests" name="[374] /home/travis/build/icyphy/ptII/ptolemy/actor/lib/test/auto/TimeDelayMicrosteps2.xml (RunModel)" time="0.014" />
  <testcase classname="ptolemy.util.test.junit.AutoTests" name="[375] /home/travis/build/icyphy/ptII/ptolemy/actor/lib/test/auto/TimeDelayMicrosteps3.xml (RunModel)" time="0.013" />
  <testcase classname="ptolemy.util.test.junit.AutoTests" name="[376] /home/travis/build/icyphy/ptII/ptolemy/actor/lib/test/auto/TimeDelayVariableMicrosteps.xml (RunModel)" time="0.013" />
  <testcase classname="ptolemy.util.test.junit.AutoTests" name="[377] /home/travis/build/icyphy/ptII/ptolemy/actor/lib/test/auto/TimeGap.xml (RunModel)" time="0.016" />
  <testcase classname="ptolemy.util.test.junit.AutoTests" name="[378] /home/travis/build/icyphy/ptII/ptolemy/actor/lib/test/auto/TimeGap2.xml (RunModel)" time="0.011" />
  <testcase classname="ptolemy.util.test.junit.AutoTests" name="[379] /home/travis/build/icyphy/ptII/ptolemy/actor/lib/test/auto/TimedSinewave.xml (RunModel)" time="0.058" />
  <testcase classname="ptolemy.util.test.junit.AutoTests" name="[380] /home/travis/build/icyphy/ptII/ptolemy/actor/lib/test/auto/TimedSinewavePhase.xml (RunModel)" time="0.033" />
  <testcase classname="ptolemy.util.test.junit.AutoTests" name="[381] /home/travis/build/icyphy/ptII/ptolemy/actor/lib/test/auto/Timer.xml (RunModel)" time="0.02" />
  <testcase classname="ptolemy.util.test.junit.AutoTests" name="[382] /home/travis/build/icyphy/ptII/ptolemy/actor/lib/test/auto/TriangularDistTestModel.xml (RunModel)" time="0.016" />
  <testcase classname="ptolemy.util.test.junit.AutoTests" name="[383] /home/travis/build/icyphy/ptII/ptolemy/actor/lib/test/auto/TrigFunction.xml (RunModel)" time="0.012" />
  <testcase classname="ptolemy.util.test.junit.AutoTests" name="[384] /home/travis/build/icyphy/ptII/ptolemy/actor/lib/test/auto/TrigFunctionDE.xml (RunModel)" time="0.012" />
  <testcase classname="ptolemy.util.test.junit.AutoTests" name="[385] /home/travis/build/icyphy/ptII/ptolemy/actor/lib/test/auto/TrigFunctionInverse.xml (RunModel)" time="0.011" />
  <testcase classname="ptolemy.util.test.junit.AutoTests" name="[386] /home/travis/build/icyphy/ptII/ptolemy/actor/lib/test/auto/TrigFunctionTan.xml (RunModel)" time="0.007" />
  <testcase classname="ptolemy.util.test.junit.AutoTests" name="[387] /home/travis/build/icyphy/ptII/ptolemy/actor/lib/test/auto/TriggeredClock.xml (RunModel)" time="0.009" />
  <testcase classname="ptolemy.util.test.junit.AutoTests" name="[388] /home/travis/build/icyphy/ptII/ptolemy/actor/lib/test/auto/URLDirectoryReader.xml (RunModel)" time="0.133" />
  <testcase classname="ptolemy.util.test.junit.AutoTests" name="[389] /home/travis/build/icyphy/ptII/ptolemy/actor/lib/test/auto/URLDirectoryReader3.xml (RunModel)" time="1.381" />
  <testcase classname="ptolemy.util.test.junit.AutoTests" name="[390] /home/travis/build/icyphy/ptII/ptolemy/actor/lib/test/auto/UnaryMathFunction.xml (RunModel)" time="0.054" />
  <testcase classname="ptolemy.util.test.junit.AutoTests" name="[391] /home/travis/build/icyphy/ptII/ptolemy/actor/lib/test/auto/Uniform.xml (RunModel)" time="0.015" />
  <testcase classname="ptolemy.util.test.junit.AutoTests" name="[392] /home/travis/build/icyphy/ptII/ptolemy/actor/lib/test/auto/UnionDisassemblerTest.xml (RunModel)" time="0.023" />
  <testcase classname="ptolemy.util.test.junit.AutoTests" name="[393] /home/travis/build/icyphy/ptII/ptolemy/actor/lib/test/auto/UtilityFunctions.xml (RunModel)" time="0.008" />
  <testcase classname="ptolemy.util.test.junit.AutoTests" name="[394] /home/travis/build/icyphy/ptII/ptolemy/actor/lib/test/auto/VariableSleep.xml (RunModel)" time="0.513" />
  <testcase classname="ptolemy.util.test.junit.AutoTests" name="[395] /home/travis/build/icyphy/ptII/ptolemy/actor/lib/test/auto/VectorAssemblerDisassemblerCT.xml (RunModel)" time="0.132" />
  <testcase classname="ptolemy.util.test.junit.AutoTests" name="[396] /home/travis/build/icyphy/ptII/ptolemy/actor/lib/test/auto/VectorAssemblerDisassemblerDE.xml (RunModel)" time="0.023" />
  <testcase classname="ptolemy.util.test.junit.AutoTests" name="[397] /home/travis/build/icyphy/ptII/ptolemy/actor/lib/test/auto/VectorAssemblerDisassemblerSDF.xml (RunModel)" time="0.016" />
  <testcase classname="ptolemy.util.test.junit.AutoTests" name="[398] /home/travis/build/icyphy/ptII/ptolemy/actor/lib/test/auto/WallClockTime.xml (RunModel)" time="1.013" />
  <testcase classname="ptolemy.util.test.junit.AutoTests" name="[399] /home/travis/build/icyphy/ptII/ptolemy/actor/lib/test/auto/WidthTestWithSubscriberPublisher.xml (RunModel)" time="0.04" />
  <testcase classname="ptolemy.util.test.junit.AutoTests" name="[400] /home/travis/build/icyphy/ptII/ptolemy/actor/lib/test/auto/WidthTestWithSubscriberPublisher2.xml (RunModel)" time="0.017" />
  <testcase classname="ptolemy.util.test.junit.AutoTests" name="[401] /home/travis/build/icyphy/ptII/ptolemy/actor/lib/test/auto/WidthTestWithSubscriberPublisher3.xml (RunModel)" time="0.016" />
  <testcase classname="ptolemy.util.test.junit.AutoTests" name="[402] /home/travis/build/icyphy/ptII/ptolemy/actor/lib/test/auto/Writer.xml (RunModel)" time="0.008" />
  <testcase classname="ptolemy.util.test.junit.AutoTests" name="[403] /home/travis/build/icyphy/ptII/ptolemy/actor/lib/test/auto/array.xml (RunModel)" time="0.027" />
  <testcase classname="ptolemy.util.test.junit.AutoTests" name="[404] /home/travis/build/icyphy/ptII/ptolemy/actor/lib/test/auto/array2.xml (RunModel)" time="0.012" />
  <testcase classname="ptolemy.util.test.junit.AutoTests" name="[405] /home/travis/build/icyphy/ptII/ptolemy/actor/lib/test/auto/arrayType.xml (RunModel)" time="0.01" />
  <testcase classname="ptolemy.util.test.junit.AutoTests" name="[406] /home/travis/build/icyphy/ptII/ptolemy/actor/lib/test/auto/arrayType10.xml (RunModel)" time="0.009" />
  <testcase classname="ptolemy.util.test.junit.AutoTests" name="[407] /home/travis/build/icyphy/ptII/ptolemy/actor/lib/test/auto/arrayType11.xml (RunModel)" time="0.009" />
  <testcase classname="ptolemy.util.test.junit.AutoTests" name="[408] /home/travis/build/icyphy/ptII/ptolemy/actor/lib/test/auto/arrayType12.xml (RunModel)" time="0.01" />
  <testcase classname="ptolemy.util.test.junit.AutoTests" name="[409] /home/travis/build/icyphy/ptII/ptolemy/actor/lib/test/auto/arrayType13.xml (RunModel)" time="0.01" />
  <testcase classname="ptolemy.util.test.junit.AutoTests" name="[410] /home/travis/build/icyphy/ptII/ptolemy/actor/lib/test/auto/arrayType14.xml (RunModel)" time="0.01" />
  <testcase classname="ptolemy.util.test.junit.AutoTests" name="[411] /home/travis/build/icyphy/ptII/ptolemy/actor/lib/test/auto/arrayType15.xml (RunModel)" time="0.01" />
  <testcase classname="ptolemy.util.test.junit.AutoTests" name="[412] /home/travis/build/icyphy/ptII/ptolemy/actor/lib/test/auto/arrayType16.xml (RunModel)" time="0.009" />
  <testcase classname="ptolemy.util.test.junit.AutoTests" name="[413] /home/travis/build/icyphy/ptII/ptolemy/actor/lib/test/auto/arrayType17.xml (RunModel)" time="0.01" />
  <testcase classname="ptolemy.util.test.junit.AutoTests" name="[414] /home/travis/build/icyphy/ptII/ptolemy/actor/lib/test/auto/arrayType18.xml (RunModel)" time="0.009" />
  <testcase classname="ptolemy.util.test.junit.AutoTests" name="[415] /home/travis/build/icyphy/ptII/ptolemy/actor/lib/test/auto/arrayType19.xml (RunModel)" time="0.009" />
  <testcase classname="ptolemy.util.test.junit.AutoTests" name="[416] /home/travis/build/icyphy/ptII/ptolemy/actor/lib/test/auto/arrayType2.xml (RunModel)" time="0.01" />
  <testcase classname="ptolemy.util.test.junit.AutoTests" name="[417] /home/travis/build/icyphy/ptII/ptolemy/actor/lib/test/auto/arrayType20.xml (RunModel)" time="0.009" />
  <testcase classname="ptolemy.util.test.junit.AutoTests" name="[418] /home/travis/build/icyphy/ptII/ptolemy/actor/lib/test/auto/arrayType21.xml (RunModel)" time="0.008" />
  <testcase classname="ptolemy.util.test.junit.AutoTests" name="[419] /home/travis/build/icyphy/ptII/ptolemy/actor/lib/test/auto/arrayType22.xml (RunModel)" time="0.008" />
  <testcase classname="ptolemy.util.test.junit.AutoTests" name="[420] /home/travis/build/icyphy/ptII/ptolemy/actor/lib/test/auto/arrayType23.xml (RunModel)" time="0.009" />
  <testcase classname="ptolemy.util.test.junit.AutoTests" name="[421] /home/travis/build/icyphy/ptII/ptolemy/actor/lib/test/auto/arrayType24.xml (RunModel)" time="0.009" />
  <testcase classname="ptolemy.util.test.junit.AutoTests" name="[422] /home/travis/build/icyphy/ptII/ptolemy/actor/lib/test/auto/arrayType25.xml (RunModel)" time="0.009" />
  <testcase classname="ptolemy.util.test.junit.AutoTests" name="[423] /home/travis/build/icyphy/ptII/ptolemy/actor/lib/test/auto/arrayType26.xml (RunModel)" time="0.008" />
  <testcase classname="ptolemy.util.test.junit.AutoTests" name="[424] /home/travis/build/icyphy/ptII/ptolemy/actor/lib/test/auto/arrayType27.xml (RunModel)" time="0.011" />
  <testcase classname="ptolemy.util.test.junit.AutoTests" name="[425] /home/travis/build/icyphy/ptII/ptolemy/actor/lib/test/auto/arrayType28.xml (RunModel)" time="0.042" />
  <testcase classname="ptolemy.util.test.junit.AutoTests" name="[426] /home/travis/build/icyphy/ptII/ptolemy/actor/lib/test/auto/arrayType3.xml (RunModel)" time="0.034" />
  <testcase classname="ptolemy.util.test.junit.AutoTests" name="[427] /home/travis/build/icyphy/ptII/ptolemy/actor/lib/test/auto/arrayType4.xml (RunModel)" time="0.028" />
  <testcase classname="ptolemy.util.test.junit.AutoTests" name="[428] /home/travis/build/icyphy/ptII/ptolemy/actor/lib/test/auto/arrayType5.xml (RunModel)" time="0.036" />
  <testcase classname="ptolemy.util.test.junit.AutoTests" name="[429] /home/travis/build/icyphy/ptII/ptolemy/actor/lib/test/auto/arrayType6.xml (RunModel)" time="0.067" />
  <testcase classname="ptolemy.util.test.junit.AutoTests" name="[430] /home/travis/build/icyphy/ptII/ptolemy/actor/lib/test/auto/arrayType7.xml (RunModel)" time="0.035" />
  <testcase classname="ptolemy.util.test.junit.AutoTests" name="[431] /home/travis/build/icyphy/ptII/ptolemy/actor/lib/test/auto/arrayType8.xml (RunModel)" time="0.032" />
  <testcase classname="ptolemy.util.test.junit.AutoTests" name="[432] /home/travis/build/icyphy/ptII/ptolemy/actor/lib/test/auto/arrayType9.xml (RunModel)" time="0.036" />
  <testcase classname="ptolemy.util.test.junit.AutoTests" name="[433] /home/travis/build/icyphy/ptII/ptolemy/actor/lib/test/auto/cast.xml (RunModel)" time="0.009" />
  <testcase classname="ptolemy.util.test.junit.AutoTests" name="[434] /home/travis/build/icyphy/ptII/ptolemy/actor/lib/test/auto/compositeMultiPort.xml (RunModel)" time="0.016" />
  <testcase classname="ptolemy.util.test.junit.AutoTests" name="[435] /home/travis/build/icyphy/ptII/ptolemy/actor/lib/test/auto/expressionCastInference.xml (RunModel)" time="0.008" />
  <testcase classname="ptolemy.util.test.junit.AutoTests" name="[436] /home/travis/build/icyphy/ptII/ptolemy/actor/lib/test/auto/expressionCastInference2.xml (RunModel)" time="0.009" />
  <testcase classname="ptolemy.util.test.junit.AutoTests" name="[437] /home/travis/build/icyphy/ptII/ptolemy/actor/lib/test/auto/expressionInference.xml (RunModel)" time="0.008" />
  <testcase classname="ptolemy.util.test.junit.AutoTests" name="[438] /home/travis/build/icyphy/ptII/ptolemy/actor/lib/test/auto/expression_bug.xml (RunModel)" time="0.007" />
  <testcase classname="ptolemy.util.test.junit.AutoTests" name="[439] /home/travis/build/icyphy/ptII/ptolemy/actor/lib/test/auto/factorial.xml (RunModel)" time="0.064" />
  <testcase classname="ptolemy.util.test.junit.AutoTests" name="[440] /home/travis/build/icyphy/ptII/ptolemy/actor/lib/test/auto/filterTest1.xml (RunModel)" time="0.013" />
  <testcase classname="ptolemy.util.test.junit.AutoTests" name="[441] /home/travis/build/icyphy/ptII/ptolemy/actor/lib/test/auto/funcApplyInConst.xml (RunModel)" time="0.007" />
  <testcase classname="ptolemy.util.test.junit.AutoTests" name="[442] /home/travis/build/icyphy/ptII/ptolemy/actor/lib/test/auto/funcApplyInExpr.xml (RunModel)" time="0.006" />
  <testcase classname="ptolemy.util.test.junit.AutoTests" name="[443] /home/travis/build/icyphy/ptII/ptolemy/actor/lib/test/auto/function.xml (RunModel)" time="0.011" />
  <testcase classname="ptolemy.util.test.junit.AutoTests" name="[444] /home/travis/build/icyphy/ptII/ptolemy/actor/lib/test/auto/function2.xml (RunModel)" time="0.009" />
  <testcase classname="ptolemy.util.test.junit.AutoTests" name="[445] /home/travis/build/icyphy/ptII/ptolemy/actor/lib/test/auto/function3.xml (RunModel)" time="0.007" />
  <testcase classname="ptolemy.util.test.junit.AutoTests" name="[446] /home/travis/build/icyphy/ptII/ptolemy/actor/lib/test/auto/functionClosureTest1.xml (RunModel)" time="0.011" />
  <testcase classname="ptolemy.util.test.junit.AutoTests" name="[447] /home/travis/build/icyphy/ptII/ptolemy/actor/lib/test/auto/functionClosureTest2.xml (RunModel)" time="0.008" />
  <testcase classname="ptolemy.util.test.junit.AutoTests" name="[448] /home/travis/build/icyphy/ptII/ptolemy/actor/lib/test/auto/functionClosureTest3.xml (RunModel)" time="0.01" />
  <testcase classname="ptolemy.util.test.junit.AutoTests" name="[449] /home/travis/build/icyphy/ptII/ptolemy/actor/lib/test/auto/functionClosureTest4.xml (RunModel)" time="0.019" />
  <testcase classname="ptolemy.util.test.junit.AutoTests" name="[450] /home/travis/build/icyphy/ptII/ptolemy/actor/lib/test/auto/functionClosureTest5.xml (RunModel)" time="0.013" />
  <testcase classname="ptolemy.util.test.junit.AutoTests" name="[451] /home/travis/build/icyphy/ptII/ptolemy/actor/lib/test/auto/functionClosureTest6.xml (RunModel)" time="0.009" />
  <testcase classname="ptolemy.util.test.junit.AutoTests" name="[452] /home/travis/build/icyphy/ptII/ptolemy/actor/lib/test/auto/functionsOnArcs.xml (RunModel)" time="0.009" />
  <testcase classname="ptolemy.util.test.junit.AutoTests" name="[453] /home/travis/build/icyphy/ptII/ptolemy/actor/lib/test/auto/functionsOnArcsHOF.xml (RunModel)" time="0.012" />
  <testcase classname="ptolemy.util.test.junit.AutoTests" name="[454] /home/travis/build/icyphy/ptII/ptolemy/actor/lib/test/auto/logic.xml (RunModel)" time="0.018" />
  <testcase classname="ptolemy.util.test.junit.AutoTests" name="[455] /home/travis/build/icyphy/ptII/ptolemy/actor/lib/test/auto/matrixType.xml (RunModel)" time="0.009" />
  <testcase classname="ptolemy.util.test.junit.AutoTests" name="[456] /home/travis/build/icyphy/ptII/ptolemy/actor/lib/test/auto/matrixType10.xml (RunModel)" time="0.009" />
  <testcase classname="ptolemy.util.test.junit.AutoTests" name="[457] /home/travis/build/icyphy/ptII/ptolemy/actor/lib/test/auto/matrixType11.xml (RunModel)" time="0.01" />
  <testcase classname="ptolemy.util.test.junit.AutoTests" name="[458] /home/travis/build/icyphy/ptII/ptolemy/actor/lib/test/auto/matrixType12.xml (RunModel)" time="0.011" />
  <testcase classname="ptolemy.util.test.junit.AutoTests" name="[459] /home/travis/build/icyphy/ptII/ptolemy/actor/lib/test/auto/matrixType13.xml (RunModel)" time="0.009" />
  <testcase classname="ptolemy.util.test.junit.AutoTests" name="[460] /home/travis/build/icyphy/ptII/ptolemy/actor/lib/test/auto/matrixType14.xml (RunModel)" time="0.011" />
  <testcase classname="ptolemy.util.test.junit.AutoTests" name="[461] /home/travis/build/icyphy/ptII/ptolemy/actor/lib/test/auto/matrixType2.xml (RunModel)" time="0.01" />
  <testcase classname="ptolemy.util.test.junit.AutoTests" name="[462] /home/travis/build/icyphy/ptII/ptolemy/actor/lib/test/auto/matrixType3.xml (RunModel)" time="0.011" />
  <testcase classname="ptolemy.util.test.junit.AutoTests" name="[463] /home/travis/build/icyphy/ptII/ptolemy/actor/lib/test/auto/matrixType4.xml (RunModel)" time="0.009" />
  <testcase classname="ptolemy.util.test.junit.AutoTests" name="[464] /home/travis/build/icyphy/ptII/ptolemy/actor/lib/test/auto/matrixType5.xml (RunModel)" time="0.008" />
  <testcase classname="ptolemy.util.test.junit.AutoTests" name="[465] /home/travis/build/icyphy/ptII/ptolemy/actor/lib/test/auto/matrixType6.xml (RunModel)" time="0.008" />
  <testcase classname="ptolemy.util.test.junit.AutoTests" name="[466] /home/travis/build/icyphy/ptII/ptolemy/actor/lib/test/auto/matrixType7.xml (RunModel)" time="0.009" />
  <testcase classname="ptolemy.util.test.junit.AutoTests" name="[467] /home/travis/build/icyphy/ptII/ptolemy/actor/lib/test/auto/matrixType8.xml (RunModel)" time="0.022" />
  <testcase classname="ptolemy.util.test.junit.AutoTests" name="[468] /home/travis/build/icyphy/ptII/ptolemy/actor/lib/test/auto/matrixType9.xml (RunModel)" time="0.009" />
  <testcase classname="ptolemy.util.test.junit.AutoTests" name="[469] /home/travis/build/icyphy/ptII/ptolemy/actor/lib/test/auto/paraFunctest.xml (RunModel)" time="0.009" />
  <testcase classname="ptolemy.util.test.junit.AutoTests" name="[470] /home/travis/build/icyphy/ptII/ptolemy/actor/lib/test/auto/paraFunctest2.xml (RunModel)" time="0.011" />
  <testcase classname="ptolemy.util.test.junit.AutoTests" name="[471] /home/travis/build/icyphy/ptII/ptolemy/actor/lib/test/auto/parameterPassing.xml (RunModel)" time="0.011" />
  <testcase classname="ptolemy.util.test.junit.AutoTests" name="[472] /home/travis/build/icyphy/ptII/ptolemy/actor/lib/test/auto/record.xml (RunModel)" time="0.01" />
  <testcase classname="ptolemy.util.test.junit.AutoTests" name="[473] /home/travis/build/icyphy/ptII/ptolemy/actor/lib/test/auto/sizedarray1.xml (RunModel)" time="0.01" />
  <testcase classname="ptolemy.util.test.junit.AutoTests" name="[474] /home/travis/build/icyphy/ptII/ptolemy/actor/lib/test/auto/sizedarray2.xml (RunModel)" time="0.011" />
  <testcase classname="ptolemy.util.test.junit.AutoTests" name="[475] /home/travis/build/icyphy/ptII/ptolemy/actor/lib/test/auto/twoPublishers.xml (RunModel)" time="0.035" />
  <system-out><![CDATA[/home/travis/build/icyphy/ptII/ptolemy/actor/lib/test/AbsoluteValue.tcl
testDefs.tcl: setting time out to 9000 seconds at Sun Jul 21 01:09:47 UTC 2019
115 ms. Memory: 120832K Free: 85960K (71%)
10 ms. Memory: 120832K Free: 83912K (69%)
9 ms. Memory: 120832K Free: 83383K (69%)
6 ms. Memory: 120832K Free: 82359K (68%)
/home/travis/build/icyphy/ptII/ptolemy/actor/lib/test/AddSubtract.tcl
20 ms. Memory: 120832K Free: 80311K (66%)
13 ms. Memory: 120832K Free: 79816K (66%)
14 ms. Memory: 120832K Free: 79271K (66%)
19 ms. Memory: 120832K Free: 78278K (65%)
93 ms. Memory: 120832K Free: 75206K (62%)
5 ms. Memory: 120832K Free: 74696K (62%)
/home/travis/build/icyphy/ptII/ptolemy/actor/lib/test/Average.tcl
16 ms. Memory: 120832K Free: 73143K (61%)
15 ms. Memory: 120832K Free: 71624K (59%)
/home/travis/build/icyphy/ptII/ptolemy/actor/lib/test/Bernoulli.tcl
21 ms. Memory: 120832K Free: 70071K (58%)
2 ms. Memory: 120832K Free: 69576K (58%)
/home/travis/build/icyphy/ptII/ptolemy/actor/lib/test/Clock.tcl
preinitializing
resolving types
initializing
executing number 1
wrapping up
idle
22 ms. Memory: 120832K Free: 66999K (55%)
Completed execution with 5 iterations
preinitializing
resolving types
initializing
executing number 1
wrapping up
idle
11 ms. Memory: 120832K Free: 65990K (55%)
Completed execution with 5 iterations
preinitializing
resolving types
initializing
executing number 1
wrapping up
idle
5 ms. Memory: 120832K Free: 65480K (54%)
Completed execution with 5 iterations
/home/travis/build/icyphy/ptII/ptolemy/actor/lib/test/Commutator.tcl
11 ms. Memory: 120832K Free: 63927K (53%)
17 ms. Memory: 120832K Free: 62408K (52%)
19 ms. Memory: 120832K Free: 57288K (47%)
/home/travis/build/icyphy/ptII/ptolemy/actor/lib/test/Const.tcl
11 ms. Memory: 120832K Free: 55240K (46%)
4 ms. Memory: 120832K Free: 54711K (45%)
8 ms. Memory: 120832K Free: 54216K (45%)
10 ms. Memory: 120832K Free: 53695K (44%)
6 ms. Memory: 120832K Free: 53192K (44%)
23 ms. Memory: 120832K Free: 51642K (43%)
14 ms. Memory: 120832K Free: 50599K (42%)
13 ms. Memory: 120832K Free: 49606K (41%)
/home/travis/build/icyphy/ptII/ptolemy/actor/lib/test/CurrentTime.tcl
preinitializing
resolving types
initializing
executing number 1
wrapping up
idle
21 ms. Memory: 120832K Free: 47543K (39%)
Completed execution with 11 iterations
/home/travis/build/icyphy/ptII/ptolemy/actor/lib/test/DB.tcl
14 ms. Memory: 120832K Free: 46024K (38%)
31 ms. Memory: 120832K Free: 107232K (89%)
7 ms. Memory: 120832K Free: 106737K (88%)
/home/travis/build/icyphy/ptII/ptolemy/actor/lib/test/DiscreteRandomSource.tcl
preinitializing
resolving types
initializing
executing number 1
wrapping up
idle
11 ms. Memory: 120832K Free: 104982K (87%)
Completed execution with 4 iterations
preinitializing
resolving types
initializing
executing number 1
wrapping up
idle
4 ms. Memory: 120832K Free: 104689K (87%)
Completed execution with 4 iterations
preinitializing
resolving types
initializing
executing number 1
wrapping up
idle
5 ms. Memory: 120832K Free: 104144K (86%)
Completed execution with 4 iterations
preinitializing
resolving types
initializing
executing number 1
wrapping up
idle
7 ms. Memory: 120832K Free: 103665K (86%)
Completed execution with 4 iterations
preinitializing
resolving types
initializing
executing number 1
wrapping up
idle
8 ms. Memory: 120832K Free: 103151K (85%)
Completed execution with 4 iterations
/home/travis/build/icyphy/ptII/ptolemy/actor/lib/test/Distributor.tcl
30 ms. Memory: 120832K Free: 105869K (88%)
3 ms. Memory: 120832K Free: 104835K (87%)
StreamChangeRequest.changeExecuted(): <deleteEntity name="rec2"/> succeeded
StreamChangeRequest.changeExecuted(): <deleteRelation name="r2"/> succeeded
StreamChangeRequest.changeExecuted(): Record firings per iteration succeeded
11 ms. Memory: 120832K Free: 102536K (85%)
/home/travis/build/icyphy/ptII/ptolemy/actor/lib/test/Exit.tcl
Exit.tcl: this will print a message about Manager.exitAfterWrapup, which can be ignored.
7 ms. Memory: 120832K Free: 99516K (82%)
/home/travis/build/icyphy/ptII/ptolemy/actor/lib/test/Expression.tcl
14 ms. Memory: 120832K Free: 96011K (79%)
3 ms. Memory: 120832K Free: 95613K (79%)
3 ms. Memory: 120832K Free: 94595K (78%)
preinitializing
resolving types
initializing
executing number 1
wrapping up
idle
5 ms. Memory: 120832K Free: 93322K (77%)
Completed execution with 6 iterations
3 ms. Memory: 120832K Free: 92298K (76%)
3 ms. Memory: 120832K Free: 91525K (76%)
5 ms. Memory: 120832K Free: 90442K (75%)
4 ms. Memory: 120832K Free: 89226K (74%)
3 ms. Memory: 120832K Free: 87803K (73%)
/home/travis/build/icyphy/ptII/ptolemy/actor/lib/test/Gaussian.tcl
7 ms. Memory: 120832K Free: 105622K (87%)
sleeping 1 seconds: ........................................................................................................................................................................................................................................................................................................................................................................................................................................................................................................................................................................................................................................................................................................................................................................................................................................................................................................................................................................................................................................................................................................................................................................................................................................................................................................................................................................................................................................................................................................................................................................................................................................................................................................................................................................................................................................................................................................................................................................................................................................................................................................................................................................................................................................................................................................................................................................................................................................................................................................................................................................................................................................................................................................................................................................................................................................................................................................................................................................................................................................................................................................................................................................................................................................................................................................................................................................................................................................................................................................................................................................................................................................................................................................................................................................................................................................................................................................................................................................................................................................................................................................................................................................................................................................................................................................................................................................................................................................................................................................................................................................................................................................................................................................................................................................................................................................................................................................................................................................................................................................................................................................................................................................................................................................................................................................................................................................................................................................................................................................................................................................................................................................................................................................................................................................................................................................................................................................................................................................................................................................................................................................................................................................................................................................................................................................................................................................................................................................................................................................................................................................................................................................................................................................................................................................................................................................................................................................................................................................................................................................................................................................................................................................................................................................................................................................................................................................................................................................................................................................................................................................................................................................................................................................................................................................................................................................................................................................................................................................................................................................................................................................................................................................................................................................................................................................................................................................................................................................................................................................................................................................................................................................................................................................................................................................................................................................................................................................................................................................................................................................................................................................................................................................................................................................................................................................................................................................................................................................................................................................................................................................................................................................................................................................................................................................................................................................................................................................................................................................................................................................................................................................................................................................................................................................................................................................................................................................................................................................................................................................................................................................................................................................................................................................................................................................................................................................................................................................................................................................................................................................................................................................................................................................................................................................................................................................................................................................................................................................................................................................................................................................................................................................................................................................................................................................................................................................................................................................................................................................................................................................................................................................................................................................................................................................................................................................................................................................................................................................................................................................................................................................................................................................................................................................................................................................................................................................................................................................................................................................................................................................................................................................................................................................................................................................................................................................................................................................................................................................................................................................................................................................................................................................................................................................................................................................................................................................................................................................................................................................................................................................................................................................................................................................................................................................................................................................................................................................................................................................................................................................................................................................................................................................................................................................................................................................................................................................................................................................................................................................................................................................................................................................................................................................................................................................................................................................................................................................................................................................................................................................................................................................................................................................................................................................................................................................................................................................................................................................................................................................................................................................................................................................................................................................................................................................................................................................................................................................................................................................................................................................................................................................................................................................................................................................................................................................................................................................................................................................................................................................................................................................................................................................................................................................................................................................................................................................................................................................................................................................................................................................................................................................................................................................................................................................................................................................................................................................................................................................................................................................................................................................................................................................................................................................................................................................................................................................................................................................................................................................................................................................................................................................................................................................................................................................................................................................................................................................................................................................................................................................................................................................................................................................................................................................................................................................................................................................................................................................................................................................................................................................................................................................................................................................................................................................................................................................................................................................................................................................................................................................................................................................................................................................................................................................................................................................................................................................................................................................................................................................................................................................................................................................................................................................................................................................................................................................................................................................................................................................................................................................................................................................................................................................................................................................................................................................................................................................................................................................................................................................................................................................................................................................................................................................................................................................................................................................................................................................................................................................................................................................................................................................................................................................................................................................................................................................................................................................................................................................................................................................................................................................................................................................................................................................................................................................................................................................................................................................................................................................................................................................................................................................................................................................................................................................................................................................................................................................................................................................................................................................................................................................................................................................................................................................................................................................................................................................................................................................................................................................................................................................................................................................................................................................................................................................................................................................................................................................................................................................................................................................................................................................................................................................................................................................................................................................................................................................................................................................................................................................................................................................................................................................................................................................................................................................................................................................................................................................................................................................................................................................................................................................................................................................................................................................................................................................................................................................................................................................................................................................................................................................................................................................................................................................................................................................................................................................................................................................................................................................................................................................................................................................................................................................................................................................................................................................................................................................................................................................................................................................................................................................................................................................................................................................................................................................................................................................................................................................................................................................................................................................................................................................................................................................................................................................................................................................................................................................................................................................................................................................................................................................................................................................................................................................................................................................................................................................................................................................................................................................................................................................................................................................................................................................................................................................................................................................................................................................................................................................................................................................................................................................................................................................................................................................................................................................................................................................................................................................................................................................................................................................................................................................................................................................................................................................................................................................................................................................................................................................................................................................................................................................................................................................................................................................................................................................................................................................................................................................................................................................................................................................................................................................................................................................................................................................................................................................................................................................................................................................................................................................................................................................................................................................................................................................................................................................................................................................................................................................................................................................................................................................................................................................................................................................................................................................................................................................................................................................................................................................................................................................................................................................................................................................................................................................................................................................................................................................................................................................................................................................................................................................................................................................................................................................................................................................................................................................................................................................................................................................................................................................................................................................................................................................................................................................................................................................................................................................................................................................................................................................................................................................................................................................................................................................................................................................................................................................................................................................................................................................................................................................................................................................................................................................................................................................................................................................................................................................................................................................................................................................................................................................................................................................................................................................................................................................................................................................................................................................................................................................................................................................................................................................................................................................................................................................................................................................................................................................................................................................................................................................................................................................................................................2 ms. Memory: 145408K Free: 120925K (83%)
3 ms. Memory: 145408K Free: 120397K (83%)
2 ms. Memory: 145408K Free: 119901K (82%)
7 ms. Memory: 145408K Free: 118877K (82%)
3 ms. Memory: 145408K Free: 118363K (81%)
/home/travis/build/icyphy/ptII/ptolemy/actor/lib/test/IIR.tcl
/home/travis/build/icyphy/ptII/ptolemy/actor/lib/test/Interpolator.tcl
3 ms. Memory: 145408K Free: 114781K (79%)
2 ms. Memory: 145408K Free: 114266K (79%)
2 ms. Memory: 145408K Free: 113229K (78%)
2 ms. Memory: 145408K Free: 112733K (78%)
2 ms. Memory: 145408K Free: 112219K (77%)
2 ms. Memory: 145408K Free: 111189K (76%)
3 ms. Memory: 145408K Free: 110157K (76%)
2 ms. Memory: 145408K Free: 109141K (75%)
2 ms. Memory: 145408K Free: 108637K (75%)
3 ms. Memory: 145408K Free: 107613K (74%)
/home/travis/build/icyphy/ptII/ptolemy/actor/lib/test/MathFunction.tcl
5 ms. Memory: 145408K Free: 105565K (73%)
2 ms. Memory: 145408K Free: 104541K (72%)
2 ms. Memory: 145408K Free: 103517K (71%)
2 ms. Memory: 145408K Free: 102493K (70%)
7 ms. Memory: 145408K Free: 101469K (70%)
7 ms. Memory: 145408K Free: 99421K (68%)
/home/travis/build/icyphy/ptII/ptolemy/actor/lib/test/Maximum.tcl
5 ms. Memory: 145408K Free: 97373K (67%)
5 ms. Memory: 145408K Free: 96853K (67%)
7 ms. Memory: 145408K Free: 96349K (66%)
7 ms. Memory: 145408K Free: 95325K (66%)
/home/travis/build/icyphy/ptII/ptolemy/actor/lib/test/Minimum.tcl
3 ms. Memory: 145408K Free: 93787K (64%)
2 ms. Memory: 145408K Free: 93277K (64%)
2 ms. Memory: 145408K Free: 92253K (63%)
2 ms. Memory: 145408K Free: 91739K (63%)
/home/travis/build/icyphy/ptII/ptolemy/actor/lib/test/MultiplyDivide.tcl
5 ms. Memory: 145408K Free: 89691K (62%)
3 ms. Memory: 145408K Free: 89181K (61%)
3 ms. Memory: 145408K Free: 88157K (61%)
3 ms. Memory: 145408K Free: 87629K (60%)
2 ms. Memory: 145408K Free: 87133K (60%)
/home/travis/build/icyphy/ptII/ptolemy/actor/lib/test/OrderedMerge.tcl
Connections changed on port: inputA
Connections changed on port: inputB
Connections changed on port: output
Connections changed on port: output
Connections changed on port: output
Connections changed on port: input
.top. Preinitializing ...
Invoking preinitialize():  .top.OrderedMerge
Called preinitialize()
Invoking preinitialize():  .top.Ramp
Called preinitialize()
Invoking preinitialize():  .top.Ramp2
Called preinitialize()
Invoking preinitialize():  .top.Test
Called preinitialize()
Connections changed on port: inputA
Connections changed on port: output
Connections changed on port: output
Connections changed on port: input
Connections changed on port: inputB
Connections changed on port: output
.top. Finished preinitialize().
Called initialize().
Invoking initialize():  .top.OrderedMerge
Initializing actor: .top.OrderedMerge
Adding a thread: .top.OrderedMerge
Invoking initialize():  .top.Ramp
Initializing actor: .top.Ramp
Adding a thread: .top.Ramp
Invoking initialize():  .top.Ramp2
Initializing actor: .top.Ramp2
Adding a thread: .top.Ramp2
Invoking initialize():  .top.Test
Initializing actor: .top.Test
Adding a thread: .top.Test
Called fire().
Checking for deadlock:
-- Starting thread.
Called initialize()
Called prefire()
Called fire()
-- Starting thread.
Called initialize()
-- Starting thread.
Called initialize()
-- Starting thread.
Called initialize()
Called prefire()
Called fire()
Called prefire()
Called prefire()
Called fire()
Called fire()
There are 0 Blocked actors, 0 Stopped actors, and 4 active threads.
Waiting for actors to stop.
Called postfire()
Called postfire()
Called prefire()
Called prefire()
Called fire()
Called fire()
Checking for deadlock:
There are 1 Blocked actors, 0 Stopped actors, and 4 active threads.
Waiting for actors to stop.
Checking for deadlock:
There are 2 Blocked actors, 0 Stopped actors, and 4 active threads.
Waiting for actors to stop.
Called postfire()
Called prefire()
Called fire()
Checking for deadlock:
There are 3 Blocked actors, 0 Stopped actors, and 4 active threads.
Waiting for actors to stop.
Read input token from inputA with value 0.0
Next port to read input from is inputB
Called postfire()
Called prefire()
Called fire()
Called postfire()
Read input token from inputB with value 0.0
Checking for deadlock:
Called prefire()
Called fire()
There are 2 Blocked actors, 0 Stopped actors, and 4 active threads.
Waiting for actors to stop.
Sent output token with value 0.0
Next port to read input from is inputA
Called postfire()
Called prefire()
Called fire()
Read input token from inputA with value 1.0
Checking for deadlock:
There are 2 Blocked actors, 0 Stopped actors, and 4 active threads.
Waiting for actors to stop.
Called postfire()
Called prefire()
Called fire()
Checking for deadlock:
-- Read input: 0.0, which is expected to match: 0.0
There are 2 Blocked actors, 0 Stopped actors, and 4 active threads.
Waiting for actors to stop.
Called prefire()
Called fire()
Checking for deadlock:
There are 3 Blocked actors, 0 Stopped actors, and 4 active threads.
Waiting for actors to stop.
-- Read input: 0.0, which is expected to match: 0.0
Called prefire()
Called fire()
Checking for deadlock:
There are 3 Blocked actors, 0 Stopped actors, and 4 active threads.
Waiting for actors to stop.
Sent output token with value 0.0
Next port to read input from is inputB
Called postfire()
Called prefire()
Called fire()
Called postfire()
Called prefire()
Called fire()
Checking for deadlock:
There are 3 Blocked actors, 0 Stopped actors, and 4 active threads.
Waiting for actors to stop.
Read input token from inputB with value 1.5
-- Read input: 1.0, which is expected to match: 1.0
Called prefire()
Called fire()
Checking for deadlock:
There are 3 Blocked actors, 0 Stopped actors, and 4 active threads.
Waiting for actors to stop.
Sent output token with value 1.0
Next port to read input from is inputA
Called postfire()
Called prefire()
Called fire()
Checking for deadlock:
There are 2 Blocked actors, 0 Stopped actors, and 4 active threads.
Waiting for actors to stop.
Called postfire()
Called prefire()
Called fire()
Checking for deadlock:
There are 3 Blocked actors, 0 Stopped actors, and 4 active threads.
Waiting for actors to stop.
Read input token from inputA with value 2.0
Checking for deadlock:
There are 2 Blocked actors, 0 Stopped actors, and 4 active threads.
Waiting for actors to stop.
-- Read input: 1.5, which is expected to match: 1.5
Called prefire()
Called fire()
Checking for deadlock:
There are 3 Blocked actors, 0 Stopped actors, and 4 active threads.
Waiting for actors to stop.
Sent output token with value 1.5
Next port to read input from is inputB
Called postfire()
Called prefire()
Called fire()
Called postfire()
Called prefire()
Called fire()
Checking for deadlock:
There are 3 Blocked actors, 0 Stopped actors, and 4 active threads.
Waiting for actors to stop.
Read input token from inputB with value 3.0
-- Read input: 2.0, which is expected to match: 2.0
Called prefire()
Called fire()
Checking for deadlock:
There are 3 Blocked actors, 0 Stopped actors, and 4 active threads.
Waiting for actors to stop.
Sent output token with value 2.0
Next port to read input from is inputA
Called postfire()
Called prefire()
Called fire()
Checking for deadlock:
There are 2 Blocked actors, 0 Stopped actors, and 4 active threads.
Waiting for actors to stop.
Called postfire()
Called prefire()
Called fire()
Checking for deadlock:
There are 3 Blocked actors, 0 Stopped actors, and 4 active threads.
Waiting for actors to stop.
Read input token from inputA with value 3.0
Checking for deadlock:
There are 2 Blocked actors, 0 Stopped actors, and 4 active threads.
Waiting for actors to stop.
-- Read input: 3.0, which is expected to match: 3.0
Called prefire()
Called fire()
Checking for deadlock:
There are 3 Blocked actors, 0 Stopped actors, and 4 active threads.
Waiting for actors to stop.
Sent output token with value 3.0
Next port to read input from is inputB
Called postfire()
Called prefire()
Called fire()
Called postfire()
Called prefire()
Called fire()
Checking for deadlock:
There are 3 Blocked actors, 0 Stopped actors, and 4 active threads.
Waiting for actors to stop.
Read input token from inputB with value 4.5
-- Read input: 3.0, which is expected to match: 3.0
Called prefire()
Called fire()
Checking for deadlock:
There are 3 Blocked actors, 0 Stopped actors, and 4 active threads.
Waiting for actors to stop.
Sent output token with value 3.0
Next port to read input from is inputA
Called postfire()
Called prefire()
Called fire()
Checking for deadlock:
There are 2 Blocked actors, 0 Stopped actors, and 4 active threads.
Waiting for actors to stop.
Called postfire()
Called prefire()
Called fire()
Checking for deadlock:
There are 3 Blocked actors, 0 Stopped actors, and 4 active threads.
Waiting for actors to stop.
Read input token from inputA with value 4.0
Checking for deadlock:
There are 2 Blocked actors, 0 Stopped actors, and 4 active threads.
Waiting for actors to stop.
-- Read input: 4.0, which is expected to match: 4.0
Called prefire()
Called fire()
Past the end of training data. Read and discard all inputs.
Checking for deadlock:
There are 3 Blocked actors, 0 Stopped actors, and 4 active threads.
Waiting for actors to stop.
Sent output token with value 4.0
Next port to read input from is inputA
Called postfire()
Called prefire()
Called fire()
Checking for deadlock:
There are 2 Blocked actors, 0 Stopped actors, and 4 active threads.
Waiting for actors to stop.
Called postfire()
Called prefire()
Called fire()
Checking for deadlock:
There are 3 Blocked actors, 0 Stopped actors, and 4 active threads.
Waiting for actors to stop.
Read input token from inputA with value 5.0
Checking for deadlock:
There are 2 Blocked actors, 0 Stopped actors, and 4 active threads.
Waiting for actors to stop.
Called prefire()
Called fire()
Past the end of training data. Read and discard all inputs.
Checking for deadlock:
There are 3 Blocked actors, 0 Stopped actors, and 4 active threads.
Waiting for actors to stop.
Sent output token with value 4.5
Next port to read input from is inputB
Called postfire()
Called prefire()
Called fire()
Called postfire()
Called prefire()
Called fire()
Checking for deadlock:
There are 3 Blocked actors, 0 Stopped actors, and 4 active threads.
Waiting for actors to stop.
Read input token from inputB with value 6.0
Called prefire()
Called fire()
Past the end of training data. Read and discard all inputs.
Checking for deadlock:
There are 3 Blocked actors, 0 Stopped actors, and 4 active threads.
Waiting for actors to stop.
Sent output token with value 5.0
Next port to read input from is inputA
Called postfire()
Called prefire()
Called fire()
Checking for deadlock:
There are 2 Blocked actors, 0 Stopped actors, and 4 active threads.
Waiting for actors to stop.
Called postfire()
Called prefire()
Called fire()
Checking for deadlock:
There are 3 Blocked actors, 0 Stopped actors, and 4 active threads.
Waiting for actors to stop.
Read input token from inputA with value 6.0
Checking for deadlock:
There are 2 Blocked actors, 0 Stopped actors, and 4 active threads.
Waiting for actors to stop.
Called prefire()
Called fire()
Past the end of training data. Read and discard all inputs.
Checking for deadlock:
There are 3 Blocked actors, 0 Stopped actors, and 4 active threads.
Waiting for actors to stop.
Sent output token with value 6.0
Next port to read input from is inputB
Called postfire()
Called prefire()
Called fire()
Called postfire()
Called prefire()
Called fire()
Checking for deadlock:
There are 3 Blocked actors, 0 Stopped actors, and 4 active threads.
Waiting for actors to stop.
Read input token from inputB with value 7.5
Called prefire()
Called fire()
Past the end of training data. Read and discard all inputs.
Checking for deadlock:
There are 3 Blocked actors, 0 Stopped actors, and 4 active threads.
Waiting for actors to stop.
Sent output token with value 6.0
Next port to read input from is inputA
Called postfire()
Called prefire()
Called fire()
Checking for deadlock:
There are 2 Blocked actors, 0 Stopped actors, and 4 active threads.
Waiting for actors to stop.
Called postfire()
Called prefire()
Called fire()
Checking for deadlock:
There are 3 Blocked actors, 0 Stopped actors, and 4 active threads.
Waiting for actors to stop.
Read input token from inputA with value 7.0
Checking for deadlock:
There are 2 Blocked actors, 0 Stopped actors, and 4 active threads.
Waiting for actors to stop.
Called prefire()
Called fire()
Past the end of training data. Read and discard all inputs.
Checking for deadlock:
There are 3 Blocked actors, 0 Stopped actors, and 4 active threads.
Waiting for actors to stop.
Sent output token with value 7.0
Next port to read input from is inputA
Called postfire()
Called prefire()
Called fire()
Checking for deadlock:
There are 2 Blocked actors, 0 Stopped actors, and 4 active threads.
Waiting for actors to stop.
-- Thread wrapup() called.
Called wrapup()
Thread .top.Ramp is exiting.
-- Thread stopped.
Checking for deadlock:
There are 2 Blocked actors, 0 Stopped actors, and 3 active threads.
Waiting for actors to stop.
Read input token from inputA with value 8.0
Called prefire()
Called fire()
Past the end of training data. Read and discard all inputs.
Checking for deadlock:
There are 2 Blocked actors, 0 Stopped actors, and 3 active threads.
Waiting for actors to stop.
Sent output token with value 7.5
Next port to read input from is inputB
Called postfire()
Called prefire()
Called fire()
Checking for deadlock:
There are 1 Blocked actors, 0 Stopped actors, and 3 active threads.
Waiting for actors to stop.
Called postfire()
Called prefire()
Called fire()
Checking for deadlock:
There are 2 Blocked actors, 0 Stopped actors, and 3 active threads.
Waiting for actors to stop.
Read input token from inputB with value 9.0
Sent output token with value 8.0
Checking for deadlock:
There are 1 Blocked actors, 0 Stopped actors, and 3 active threads.
Waiting for actors to stop.
Next port to read input from is inputA
Called postfire()
Called prefire()
Called fire()
Called prefire()
Called fire()
Past the end of training data. Read and discard all inputs.
Read input token from inputA with value 9.0
Checking for deadlock:
There are 2 Blocked actors, 0 Stopped actors, and 3 active threads.
Waiting for actors to stop.
Sent output token with value 9.0
Called prefire()
Called fire()
Past the end of training data. Read and discard all inputs.
Next port to read input from is inputB
Called postfire()
Checking for deadlock:
Called prefire()
There are 2 Blocked actors, 0 Stopped actors, and 3 active threads.
Waiting for actors to stop.
Called fire()
Read input token from inputB with value 10.5
Sent output token with value 9.0
Called postfire()
Called prefire()
Called fire()
Next port to read input from is inputA
Called postfire()
Called prefire()
Checking for deadlock:
There are 1 Blocked actors, 0 Stopped actors, and 3 active threads.
Waiting for actors to stop.
Called prefire()
Called fire()
Past the end of training data. Read and discard all inputs.
Checking for deadlock:
There are 2 Blocked actors, 0 Stopped actors, and 3 active threads.
Waiting for actors to stop.
Called fire()
Checking for deadlock:
There are 3 Blocked actors, 0 Stopped actors, and 3 active threads.
Actors have stopped.
Checking for deadlock:
There are 3 Blocked actors, 0 Stopped actors, and 3 active threads.
Deadlock detected.
Resolving Deadlock
Checking for deadlock:
There are 3 Blocked actors, 0 Stopped actors, and 3 active threads.
Artificial Deadlock - increasing queue capacity.
increasing the capacity of receiver ptolemy.actor.TypedIOPort {.top.OrderedMerge.inputB} to 2
-- Thread wrapup() called.
Called wrapup()
Thread .top.Ramp2 is exiting.
-- Thread stopped.
Director: Called postfire().
Called postfire().
_stopRequested = false
_stopFireRequested = false
Returning from postfire(): true
Called fire().
Checking for deadlock:
There are 2 Blocked actors, 0 Stopped actors, and 2 active threads.
Actors have stopped.
Checking for deadlock:
There are 2 Blocked actors, 0 Stopped actors, and 2 active threads.
Deadlock detected.
Resolving Deadlock
Checking for deadlock:
There are 2 Blocked actors, 0 Stopped actors, and 2 active threads.
Deadlock detected: no processes blocked on write, but some are blocked on read.
Called postfire().
_stopRequested = false
_stopFireRequested = false
Returning from postfire(): false
Finished deactivating branches.
Called wrapup().
-- Thread wrapup() called.
Called wrapup()
-- Thread wrapup() called.
Called wrapup()
Thread .top.OrderedMerge is exiting.
-- Thread stopped.
Thread .top.Test is exiting.
-- Blocked Receiver call threw TerminateProcessException.
-- Thread stopped.
-- Blocked Receiver call threw TerminateProcessException.
59 ms. Memory: 145408K Free: 82013K (56%)
.top. Preinitializing ...
Invoking preinitialize():  .top.OrderedMerge
Called preinitialize()
Invoking preinitialize():  .top.Ramp
Called preinitialize()
Invoking preinitialize():  .top.Ramp2
Called preinitialize()
Invoking preinitialize():  .top.Test
Called preinitialize()
.top. Finished preinitialize().
Called initialize().
Invoking initialize():  .top.OrderedMerge
Initializing actor: .top.OrderedMerge
Adding a thread: .top.OrderedMerge
Invoking initialize():  .top.Ramp
Initializing actor: .top.Ramp
Adding a thread: .top.Ramp
Invoking initialize():  .top.Ramp2
Initializing actor: .top.Ramp2
Adding a thread: .top.Ramp2
Invoking initialize():  .top.Test
Initializing actor: .top.Test
Adding a thread: .top.Test
-- Starting thread.
Called initialize()
Called prefire()
Called fire()
Called postfire()
Called prefire()
Called fire()
-- Starting thread.
Called initialize()
Called prefire()
Called fire()
Called postfire()
Called prefire()
Called fire()
Called fire().
Checking for deadlock:
There are 2 Blocked actors, 0 Stopped actors, and 4 active threads.
Waiting for actors to stop.
-- Starting thread.
Called initialize()
Called prefire()
Called fire()
Checking for deadlock:
There are 3 Blocked actors, 0 Stopped actors, and 4 active threads.
Waiting for actors to stop.
-- Starting thread.
Called initialize()
Called prefire()
Called fire()
Checking for deadlock:
There are 2 Blocked actors, 0 Stopped actors, and 4 active threads.
Waiting for actors to stop.
Called postfire()
Called prefire()
Called fire()
Checking for deadlock:
There are 3 Blocked actors, 0 Stopped actors, and 4 active threads.
Waiting for actors to stop.
Read input token from inputA with value 0.0
Next port to read input from is inputB
Called postfire()
Called prefire()
Called fire()
Called postfire()
Called prefire()
Called fire()
Checking for deadlock:
There are 3 Blocked actors, 0 Stopped actors, and 4 active threads.
Waiting for actors to stop.
Read input token from inputB with value 0.0
-- Read input: 0.0, which is expected to match: 0.0
Called prefire()
Called fire()
Checking for deadlock:
There are 3 Blocked actors, 0 Stopped actors, and 4 active threads.
Waiting for actors to stop.
Sent output token with value 0.0
Next port to read input from is inputA
Called postfire()
Called prefire()
Called fire()
Checking for deadlock:
There are 2 Blocked actors, 0 Stopped actors, and 4 active threads.
Waiting for actors to stop.
Called postfire()
Called prefire()
Called fire()
Checking for deadlock:
There are 3 Blocked actors, 0 Stopped actors, and 4 active threads.
Waiting for actors to stop.
Read input token from inputA with value 1.0
Checking for deadlock:
There are 2 Blocked actors, 0 Stopped actors, and 4 active threads.
Waiting for actors to stop.
-- Read input: 0.0, which is expected to match: 0.0
Called prefire()
Called fire()
Checking for deadlock:
There are 3 Blocked actors, 0 Stopped actors, and 4 active threads.
Waiting for actors to stop.
Sent output token with value 0.0
Next port to read input from is inputB
Called postfire()
Called prefire()
Called fire()
Checking for deadlock:
There are 2 Blocked actors, 0 Stopped actors, and 4 active threads.
Waiting for actors to stop.
Called postfire()
Called prefire()
Called fire()
Checking for deadlock:
There are 3 Blocked actors, 0 Stopped actors, and 4 active threads.
Waiting for actors to stop.
Read input token from inputB with value 1.5
Checking for deadlock:
There are 2 Blocked actors, 0 Stopped actors, and 4 active threads.
Waiting for actors to stop.
-- Read input: 1.0, which is expected to match: 1.0
Called prefire()
Called fire()
Checking for deadlock:
There are 3 Blocked actors, 0 Stopped actors, and 4 active threads.
Waiting for actors to stop.
Sent output token with value 1.0
Next port to read input from is inputA
Called postfire()
Called prefire()
Called fire()
Checking for deadlock:
There are 2 Blocked actors, 0 Stopped actors, and 4 active threads.
Waiting for actors to stop.
Called postfire()
Called prefire()
Called fire()
Checking for deadlock:
There are 3 Blocked actors, 0 Stopped actors, and 4 active threads.
Waiting for actors to stop.
Read input token from inputA with value 2.0
Checking for deadlock:
There are 2 Blocked actors, 0 Stopped actors, and 4 active threads.
Waiting for actors to stop.
-- Read input: 1.5, which is expected to match: 1.5
Called prefire()
Called fire()
Checking for deadlock:
There are 3 Blocked actors, 0 Stopped actors, and 4 active threads.
Waiting for actors to stop.
Sent output token with value 1.5
Next port to read input from is inputB
Called postfire()
Called prefire()
Called fire()
Called postfire()
Called prefire()
Called fire()
Checking for deadlock:
There are 3 Blocked actors, 0 Stopped actors, and 4 active threads.
Waiting for actors to stop.
Read input token from inputB with value 3.0
-- Read input: 2.0, which is expected to match: 2.0
Called prefire()
Called fire()
Checking for deadlock:
There are 3 Blocked actors, 0 Stopped actors, and 4 active threads.
Waiting for actors to stop.
Sent output token with value 2.0
Next port to read input from is inputA
Called postfire()
Called prefire()
Called fire()
Checking for deadlock:
There are 2 Blocked actors, 0 Stopped actors, and 4 active threads.
Waiting for actors to stop.
Called postfire()
Called prefire()
Called fire()
Checking for deadlock:
There are 3 Blocked actors, 0 Stopped actors, and 4 active threads.
Waiting for actors to stop.
Read input token from inputA with value 3.0
Checking for deadlock:
There are 2 Blocked actors, 0 Stopped actors, and 4 active threads.
Waiting for actors to stop.
-- Read input: 3.0, which is expected to match: 3.0
Called prefire()
Called fire()
Checking for deadlock:
There are 3 Blocked actors, 0 Stopped actors, and 4 active threads.
Waiting for actors to stop.
Sent output token with value 3.0
Next port to read input from is inputB
Called postfire()
Called prefire()
Called fire()
Checking for deadlock:
There are 2 Blocked actors, 0 Stopped actors, and 4 active threads.
Waiting for actors to stop.
Called postfire()
Called prefire()
Called fire()
Checking for deadlock:
There are 3 Blocked actors, 0 Stopped actors, and 4 active threads.
Waiting for actors to stop.
Read input token from inputB with value 4.5
Checking for deadlock:
There are 2 Blocked actors, 0 Stopped actors, and 4 active threads.
Waiting for actors to stop.
-- Read input: 3.0, which is expected to match: 3.0
Called prefire()
Called fire()
Checking for deadlock:
There are 3 Blocked actors, 0 Stopped actors, and 4 active threads.
Waiting for actors to stop.
Sent output token with value 3.0
Next port to read input from is inputA
Called postfire()
Called prefire()
Called fire()
Checking for deadlock:
There are 2 Blocked actors, 0 Stopped actors, and 4 active threads.
Waiting for actors to stop.
Called postfire()
Called prefire()
Called fire()
Checking for deadlock:
There are 3 Blocked actors, 0 Stopped actors, and 4 active threads.
Waiting for actors to stop.
Read input token from inputA with value 4.0
Checking for deadlock:
There are 2 Blocked actors, 0 Stopped actors, and 4 active threads.
Waiting for actors to stop.
-- Read input: 4.0, which is expected to match: 4.0
Called prefire()
Called fire()
Past the end of training data. Read and discard all inputs.
Checking for deadlock:
There are 3 Blocked actors, 0 Stopped actors, and 4 active threads.
Waiting for actors to stop.
Sent output token with value 4.0
Next port to read input from is inputA
Called postfire()
Called prefire()
Called fire()
Checking for deadlock:
There are 2 Blocked actors, 0 Stopped actors, and 4 active threads.
Waiting for actors to stop.
Called postfire()
Called prefire()
Called fire()
Checking for deadlock:
There are 3 Blocked actors, 0 Stopped actors, and 4 active threads.
Waiting for actors to stop.
Read input token from inputA with value 5.0
Checking for deadlock:
There are 2 Blocked actors, 0 Stopped actors, and 4 active threads.
Waiting for actors to stop.
Called prefire()
Called fire()
Past the end of training data. Read and discard all inputs.
Checking for deadlock:
There are 3 Blocked actors, 0 Stopped actors, and 4 active threads.
Waiting for actors to stop.
Sent output token with value 4.5
Next port to read input from is inputB
Called postfire()
Called prefire()
Called fire()
Checking for deadlock:
There are 2 Blocked actors, 0 Stopped actors, and 4 active threads.
Waiting for actors to stop.
Called postfire()
Called prefire()
Called fire()
Checking for deadlock:
There are 3 Blocked actors, 0 Stopped actors, and 4 active threads.
Waiting for actors to stop.
Read input token from inputB with value 6.0
Checking for deadlock:
There are 2 Blocked actors, 0 Stopped actors, and 4 active threads.
Waiting for actors to stop.
Called prefire()
Called fire()
Past the end of training data. Read and discard all inputs.
Checking for deadlock:
There are 3 Blocked actors, 0 Stopped actors, and 4 active threads.
Waiting for actors to stop.
Sent output token with value 5.0
Next port to read input from is inputA
Called postfire()
Called prefire()
Called fire()
Checking for deadlock:
There are 2 Blocked actors, 0 Stopped actors, and 4 active threads.
Waiting for actors to stop.
Called postfire()
Called prefire()
Called fire()
Checking for deadlock:
There are 3 Blocked actors, 0 Stopped actors, and 4 active threads.
Waiting for actors to stop.
Read input token from inputA with value 6.0
Checking for deadlock:
There are 2 Blocked actors, 0 Stopped actors, and 4 active threads.
Waiting for actors to stop.
Called prefire()
Called fire()
Past the end of training data. Read and discard all inputs.
Checking for deadlock:
There are 3 Blocked actors, 0 Stopped actors, and 4 active threads.
Waiting for actors to stop.
Sent output token with value 6.0
Next port to read input from is inputB
Called postfire()
Called prefire()
Called fire()
Checking for deadlock:
There are 2 Blocked actors, 0 Stopped actors, and 4 active threads.
Waiting for actors to stop.
Called postfire()
Called prefire()
Called fire()
Checking for deadlock:
There are 3 Blocked actors, 0 Stopped actors, and 4 active threads.
Waiting for actors to stop.
Read input token from inputB with value 7.5
Called prefire()
Called fire()
Past the end of training data. Read and discard all inputs.
Checking for deadlock:
There are 3 Blocked actors, 0 Stopped actors, and 4 active threads.
Waiting for actors to stop.
Sent output token with value 6.0
Next port to read input from is inputA
Called postfire()
Called prefire()
Called fire()
Called postfire()
Called prefire()
Called fire()
Checking for deadlock:
There are 3 Blocked actors, 0 Stopped actors, and 4 active threads.
Waiting for actors to stop.
Read input token from inputA with value 7.0
Called prefire()
Called fire()
Past the end of training data. Read and discard all inputs.
Checking for deadlock:
There are 3 Blocked actors, 0 Stopped actors, and 4 active threads.
Waiting for actors to stop.
Sent output token with value 7.0
Next port to read input from is inputA
Called postfire()
Called prefire()
Called fire()
-- Thread wrapup() called.
Called wrapup()
Thread .top.Ramp is exiting.
-- Thread stopped.
Checking for deadlock:
There are 2 Blocked actors, 0 Stopped actors, and 3 active threads.
Waiting for actors to stop.
Read input token from inputA with value 8.0
Checking for deadlock:
There are 1 Blocked actors, 0 Stopped actors, and 3 active threads.
Waiting for actors to stop.
Called prefire()
Called fire()
Past the end of training data. Read and discard all inputs.
Checking for deadlock:
There are 2 Blocked actors, 0 Stopped actors, and 3 active threads.
Waiting for actors to stop.
Sent output token with value 7.5
Next port to read input from is inputB
Called postfire()
Called prefire()
Called fire()
Checking for deadlock:
There are 1 Blocked actors, 0 Stopped actors, and 3 active threads.
Waiting for actors to stop.
Called postfire()
Called prefire()
Called fire()
Checking for deadlock:
There are 2 Blocked actors, 0 Stopped actors, and 3 active threads.
Waiting for actors to stop.
Read input token from inputB with value 9.0
Checking for deadlock:
There are 1 Blocked actors, 0 Stopped actors, and 3 active threads.
Waiting for actors to stop.
Called prefire()
Called fire()
Past the end of training data. Read and discard all inputs.
Checking for deadlock:
There are 2 Blocked actors, 0 Stopped actors, and 3 active threads.
Waiting for actors to stop.
Sent output token with value 8.0
Next port to read input from is inputA
Called postfire()
Called prefire()
Called fire()
Read input token from inputA with value 9.0
Called prefire()
Called fire()
Past the end of training data. Read and discard all inputs.
Checking for deadlock:
There are 2 Blocked actors, 0 Stopped actors, and 3 active threads.
Waiting for actors to stop.
Sent output token with value 9.0
Next port to read input from is inputB
Called postfire()
Called prefire()
Called fire()
Called postfire()
Called prefire()
Called fire()
Checking for deadlock:
There are 2 Blocked actors, 0 Stopped actors, and 3 active threads.
Waiting for actors to stop.
Read input token from inputB with value 10.5
Called prefire()
Called fire()
Past the end of training data. Read and discard all inputs.
Checking for deadlock:
There are 2 Blocked actors, 0 Stopped actors, and 3 active threads.
Waiting for actors to stop.
Sent output token with value 9.0
Next port to read input from is inputA
Called postfire()
Called prefire()
Called fire()
Checking for deadlock:
There are 3 Blocked actors, 0 Stopped actors, and 3 active threads.
Actors have stopped.
Checking for deadlock:
There are 3 Blocked actors, 0 Stopped actors, and 3 active threads.
Deadlock detected.
Resolving Deadlock
Checking for deadlock:
There are 3 Blocked actors, 0 Stopped actors, and 3 active threads.
Artificial Deadlock - increasing queue capacity.
increasing the capacity of receiver ptolemy.actor.TypedIOPort {.top.OrderedMerge.inputB} to 2
Director: Called postfire().
Called postfire().
_stopRequested = false
_stopFireRequested = false
Returning from postfire(): true
Called fire().
Checking for deadlock:
There are 2 Blocked actors, 0 Stopped actors, and 3 active threads.
Waiting for actors to stop.
-- Thread wrapup() called.
Called wrapup()
Thread .top.Ramp2 is exiting.
-- Thread stopped.
Checking for deadlock:
There are 2 Blocked actors, 0 Stopped actors, and 2 active threads.
Actors have stopped.
Checking for deadlock:
There are 2 Blocked actors, 0 Stopped actors, and 2 active threads.
Deadlock detected.
Resolving Deadlock
Checking for deadlock:
There are 2 Blocked actors, 0 Stopped actors, and 2 active threads.
Deadlock detected: no processes blocked on write, but some are blocked on read.
Called postfire().
_stopRequested = false
_stopFireRequested = false
Returning from postfire(): false
Finished deactivating branches.
Called wrapup().
-- Thread wrapup() called.
Called wrapup()
-- Thread wrapup() called.
Called wrapup()
Thread .top.OrderedMerge is exiting.
-- Thread stopped.
-- Blocked Receiver call threw TerminateProcessException.
Thread .top.Test is exiting.
-- Thread stopped.
-- Blocked Receiver call threw TerminateProcessException.
45 ms. Memory: 145408K Free: 79451K (55%)
/home/travis/build/icyphy/ptII/ptolemy/actor/lib/test/Publisher.tcl
14 ms. Memory: 145408K Free: 73301K (50%)
5 ms. Memory: 145408K Free: 125867K (87%)
5 ms. Memory: 145408K Free: 122189K (84%)
8 ms. Memory: 145408K Free: 121257K (83%)
3 ms. Memory: 145408K Free: 120233K (83%)
11 ms. Memory: 145408K Free: 119723K (82%)
3 ms. Memory: 145408K Free: 118699K (82%)
3 ms. Memory: 145408K Free: 118171K (81%)
25 ms. Memory: 145408K Free: 107945K (74%)
3 ms. Memory: 145408K Free: 104363K (72%)
2 ms. Memory: 145408K Free: 103339K (71%)
3 ms. Memory: 145408K Free: 101291K (70%)
14 ms. Memory: 145408K Free: 93609K (64%)
6 ms. Memory: 145408K Free: 83883K (58%)
15 ms. Memory: 145408K Free: 73115K (50%)
/home/travis/build/icyphy/ptII/ptolemy/actor/lib/test/Pulse.tcl
4 ms. Memory: 145408K Free: 101258K (70%)
11 ms. Memory: 145408K Free: 100754K (69%)
1 ms. Memory: 145408K Free: 100234K (69%)
2 ms. Memory: 145408K Free: 99730K (69%)
1 ms. Memory: 145408K Free: 99216K (68%)
7 ms. Memory: 145408K Free: 98192K (68%)
8 ms. Memory: 145408K Free: 97138K (67%)
3 ms. Memory: 145408K Free: 96114K (66%)
2 ms. Memory: 145408K Free: 95634K (66%)
/home/travis/build/icyphy/ptII/ptolemy/actor/lib/test/Ramp.tcl
8 ms. Memory: 145408K Free: 93586K (64%)
2 ms. Memory: 145408K Free: 93042K (64%)
4 ms. Memory: 145408K Free: 92048K (63%)
1 ms. Memory: 145408K Free: 91538K (63%)
6 ms. Memory: 145408K Free: 90514K (62%)
9 ms. Memory: 145408K Free: 89986K (62%)
6 ms. Memory: 145408K Free: 88962K (61%)
5 actors
14000 microseconds per iteration to create
14 ms. Memory: 145408K Free: 85898K (59%)
2 ms. Memory: 145408K Free: 85394K (59%)
2 ms. Memory: 145408K Free: 84866K (58%)
4 ms. Memory: 145408K Free: 84370K (58%)
50 actors
51000 microseconds per iteration to create
50 ms. Memory: 145408K Free: 68496K (47%)
5 ms. Memory: 145408K Free: 67472K (46%)
5 ms. Memory: 145408K Free: 66434K (46%)
5 ms. Memory: 145408K Free: 65410K (45%)
500 actors
1750000 microseconds per iteration to create
240 ms. Memory: 175104K Free: 79725K (46%)
46 ms. Memory: 175104K Free: 74605K (43%)
47 ms. Memory: 175104K Free: 68975K (39%)
46 ms. Memory: 175104K Free: 63855K (36%)
/home/travis/build/icyphy/ptII/ptolemy/actor/lib/test/RampContinuous.tcl
10 ms. Memory: 175104K Free: 62317K (36%)
/home/travis/build/icyphy/ptII/ptolemy/actor/lib/test/RecordAssembler.tcl
25 ms. Memory: 175104K Free: 153008K (87%)
3 ms. Memory: 175104K Free: 151968K (87%)
/home/travis/build/icyphy/ptII/ptolemy/actor/lib/test/RecordDisassembler.tcl
6 ms. Memory: 175104K Free: 149936K (86%)
2 ms. Memory: 175104K Free: 149439K (85%)
4 ms. Memory: 175104K Free: 147888K (84%)
/home/travis/build/icyphy/ptII/ptolemy/actor/lib/test/Scale.tcl
2 ms. Memory: 175104K Free: 146369K (84%)
2 ms. Memory: 175104K Free: 145345K (83%)
1 ms. Memory: 175104K Free: 144816K (83%)
2 ms. Memory: 175104K Free: 143792K (82%)
3 ms. Memory: 175104K Free: 143297K (82%)
/home/travis/build/icyphy/ptII/ptolemy/actor/lib/test/SequentialClock.tcl
preinitializing
resolving types
initializing
executing number 1
wrapping up
idle
2 ms. Memory: 175104K Free: 141744K (81%)
Completed execution with 5 iterations
preinitializing
resolving types
initializing
executing number 1
wrapping up
idle
4 ms. Memory: 175104K Free: 141249K (81%)
Completed execution with 5 iterations
preinitializing
resolving types
initializing
executing number 1
wrapping up
idle
1 ms. Memory: 175104K Free: 140720K (80%)
Completed execution with 5 iterations
/home/travis/build/icyphy/ptII/ptolemy/actor/lib/test/SetVariable.tcl
5 ms. Memory: 175104K Free: 138680K (79%)


==== $PTII/ptolemy/actor/lib/test/SetVariable.tcl: SetVariable-3.1 changeFailed
==== Contents of test case:

    #Uses 2.1 above
    jdkCaptureErr {
        # This test was failing if we ran Exit.tcl and then this test.
        # MessageHandler.error() now actually throws the Exception.
	catch {$setVariable changeFailed [java::null]  [java::new Exception {Test exception for SetVariable.changeFailed()}]} errMsg
    } results
    list [string range $results 0 89] "\n" $errMsg

==== Result was:
{java.lang.Exception: Test exception for SetVariable.changeFailed()
	at java.base/jdk.inter} {
} {java.lang.RuntimeException: java.lang.Exception: Test exception for SetVariable.changeFailed()}
---- Result should have been:
{Failed to set variable.
java.lang.Exception: Test exception for SetVariable.changeFailed()} {
} {java.lang.RuntimeException: java.lang.Exception: Test exception for SetVariable.changeFailed()}
---- SetVariable-3.1 FAILED
/home/travis/build/icyphy/ptII/ptolemy/actor/lib/test/Sinewave.tcl
/home/travis/build/icyphy/ptII/ptolemy/actor/lib/test/SubscriptionAggregator.tcl
4 ms. Memory: 175104K Free: 126913K (72%)
3 ms. Memory: 175104K Free: 126384K (72%)
1 ms. Memory: 175104K Free: 125889K (72%)
1 ms. Memory: 175104K Free: 125375K (72%)
1 ms. Memory: 175104K Free: 121793K (70%)
9 ms. Memory: 175104K Free: 119745K (68%)
...............................................................997 ms. Memory: 236544K Free: 92160K (39%)
/home/travis/build/icyphy/ptII/ptolemy/actor/lib/test/Test.tcl
 The next command will produce a warning about training mode,
   which may be ignored.
5 ms. Memory: 236544K Free: 90112K (38%)
3 ms. Memory: 236544K Free: 89088K (38%)
1 ms. Memory: 236544K Free: 88559K (37%)
1 ms. Memory: 236544K Free: 88064K (37%)
2 ms. Memory: 236544K Free: 87543K (37%)
4 ms. Memory: 236544K Free: 86016K (36%)
3 ms. Memory: 236544K Free: 84992K (36%)
 The next command will produce a warning about training mode,
   which may be ignored.
4 ms. Memory: 236544K Free: 82423K (35%)
 The next command will produce a warning about training mode,
   which may be ignored.
2 ms. Memory: 236544K Free: 81406K (34%)
2 ms. Memory: 236544K Free: 80896K (34%)
1 ms. Memory: 236544K Free: 80351K (34%)
1 ms. Memory: 236544K Free: 79872K (34%)
6 ms. Memory: 236544K Free: 78848K (33%)
4 ms. Memory: 236544K Free: 74752K (32%)
/home/travis/build/icyphy/ptII/ptolemy/actor/lib/test/TestExceptionHandler.tcl
 The next command will produce a warning about training mode,
   which may be ignored.
2 ms. Memory: 236544K Free: 73728K (31%)
61 ms. Memory: 236544K Free: 191461K (81%)
1 ms. Memory: 236544K Free: 190965K (81%)
/home/travis/build/icyphy/ptII/ptolemy/actor/lib/test/UnionDisassembler.tcl
14 ms. Memory: 236544K Free: 183797K (78%)
/home/travis/build/icyphy/ptII/ptolemy/actor/lib/test/VariableClock.tcl
preinitializing
resolving types
initializing
executing number 1
wrapping up
idle
3 ms. Memory: 236544K Free: 181749K (77%)
Completed execution with 11 iterations
preinitializing
resolving types
initializing
executing number 1
wrapping up
idle
3 ms. Memory: 236544K Free: 180211K (76%)
Completed execution with 10 iterations
07/21/19 01:09:56
Failed: 1  Total Tests: 234  ((Passed: 233, Newly Passed: 0)  Known Failed: 0) /home/travis/build/icyphy/ptII/ptolemy/actor/lib/test
----------------- testing (KnownFailure) /home/travis/build/icyphy/ptII/ptolemy/actor/lib/test/auto/knownFailedTests/PublisherPortToplevelSubscriber.xml
1 ms. Memory: 236544K Free: 177139K (75%)
Known Failure: java.lang.reflect.InvocationTargetException
----------------- testing (KnownFailure) /home/travis/build/icyphy/ptII/ptolemy/actor/lib/test/auto/knownFailedTests/PublisherSubscriberPortToplevel.xml
1 ms. Memory: 236544K Free: 173043K (73%)
Known Failure: java.lang.reflect.InvocationTargetException
----------------- testing (KnownFailure) /home/travis/build/icyphy/ptII/ptolemy/actor/lib/test/auto/knownFailedTests/PublisherSubscriptionAggregatorPort.xml
1 ms. Memory: 236544K Free: 167923K (71%)
Known Failure: java.lang.reflect.InvocationTargetException
----------------- testing (KnownFailure) /home/travis/build/icyphy/ptII/ptolemy/actor/lib/test/auto/knownFailedTests/sizedarray3.xml
7 ms. Memory: 236544K Free: 163827K (69%)
Known Failure: java.lang.reflect.InvocationTargetException
No auto/linux-amd64/*.xml tests in /home/travis/build/icyphy/ptII/ptolemy/actor/lib/test
AutoTests.java: About to close Vertx.
AutoTests.java: Vertx closed.

===========================================================================================
----------------- testing Sun Jul 21 01:09:57 UTC 2019 /home/travis/build/icyphy/ptII/ptolemy/actor/lib/test/auto/AbsoluteValue.xml
----------------- Instantiating /home/travis/build/icyphy/ptII/ptolemy/actor/lib/test/auto/AbsoluteValue.xml
4 ms. Memory: 236544K Free: 140789K (60%)
----------------- Invoking toplevel() on ptolemy.moml.MoMLSimpleApplication@499033a
----------------- Done invoking toplevel() on ptolemy.moml.MoMLSimpleApplication@499033a
reloadAllAccessors: .AbsoluteValue

===========================================================================================
----------------- testing Sun Jul 21 01:09:57 UTC 2019 /home/travis/build/icyphy/ptII/ptolemy/actor/lib/test/auto/AbsoluteValue2.xml
----------------- Instantiating /home/travis/build/icyphy/ptII/ptolemy/actor/lib/test/auto/AbsoluteValue2.xml
5 ms. Memory: 236544K Free: 134131K (57%)
----------------- Invoking toplevel() on ptolemy.moml.MoMLSimpleApplication@32348eba
----------------- Done invoking toplevel() on ptolemy.moml.MoMLSimpleApplication@32348eba
reloadAllAccessors: .AbsoluteValue2

===========================================================================================
----------------- testing Sun Jul 21 01:09:57 UTC 2019 /home/travis/build/icyphy/ptII/ptolemy/actor/lib/test/auto/Accumulator.xml
----------------- Instantiating /home/travis/build/icyphy/ptII/ptolemy/actor/lib/test/auto/Accumulator.xml
9 ms. Memory: 236544K Free: 127477K (54%)
----------------- Invoking toplevel() on ptolemy.moml.MoMLSimpleApplication@1b8bd32a
----------------- Done invoking toplevel() on ptolemy.moml.MoMLSimpleApplication@1b8bd32a
reloadAllAccessors: .Accumulator

===========================================================================================
----------------- testing Sun Jul 21 01:09:57 UTC 2019 /home/travis/build/icyphy/ptII/ptolemy/actor/lib/test/auto/Accumulator2.xml
----------------- Instantiating /home/travis/build/icyphy/ptII/ptolemy/actor/lib/test/auto/Accumulator2.xml
3 ms. Memory: 236544K Free: 122357K (52%)
----------------- Invoking toplevel() on ptolemy.moml.MoMLSimpleApplication@3c07626
----------------- Done invoking toplevel() on ptolemy.moml.MoMLSimpleApplication@3c07626
reloadAllAccessors: .Accumulator2

===========================================================================================
----------------- testing Sun Jul 21 01:09:57 UTC 2019 /home/travis/build/icyphy/ptII/ptolemy/actor/lib/test/auto/Accumulator3.xml
----------------- Instantiating /home/travis/build/icyphy/ptII/ptolemy/actor/lib/test/auto/Accumulator3.xml
2 ms. Memory: 236544K Free: 117747K (50%)
----------------- Invoking toplevel() on ptolemy.moml.MoMLSimpleApplication@635f3eda
----------------- Done invoking toplevel() on ptolemy.moml.MoMLSimpleApplication@635f3eda
reloadAllAccessors: .Accumulator3

===========================================================================================
----------------- testing Sun Jul 21 01:09:57 UTC 2019 /home/travis/build/icyphy/ptII/ptolemy/actor/lib/test/auto/ArrayAppend.xml
----------------- Instantiating /home/travis/build/icyphy/ptII/ptolemy/actor/lib/test/auto/ArrayAppend.xml
5 ms. Memory: 236544K Free: 112117K (47%)
----------------- Invoking toplevel() on ptolemy.moml.MoMLSimpleApplication@1ba75df1
----------------- Done invoking toplevel() on ptolemy.moml.MoMLSimpleApplication@1ba75df1
reloadAllAccessors: .ArrayAppend

===========================================================================================
----------------- testing Sun Jul 21 01:09:57 UTC 2019 /home/travis/build/icyphy/ptII/ptolemy/actor/lib/test/auto/ArrayAppend2.xml
----------------- Instantiating /home/travis/build/icyphy/ptII/ptolemy/actor/lib/test/auto/ArrayAppend2.xml
471 ms. Memory: 372736K Free: 285501K (77%)
----------------- Invoking toplevel() on ptolemy.moml.MoMLSimpleApplication@65aee52e
----------------- Done invoking toplevel() on ptolemy.moml.MoMLSimpleApplication@65aee52e
reloadAllAccessors: .ArrayAppend2

===========================================================================================
----------------- testing Sun Jul 21 01:09:57 UTC 2019 /home/travis/build/icyphy/ptII/ptolemy/actor/lib/test/auto/ArrayAppend3.xml
----------------- Instantiating /home/travis/build/icyphy/ptII/ptolemy/actor/lib/test/auto/ArrayAppend3.xml
8 ms. Memory: 372736K Free: 279357K (75%)
----------------- Invoking toplevel() on ptolemy.moml.MoMLSimpleApplication@4cd1d19b
----------------- Done invoking toplevel() on ptolemy.moml.MoMLSimpleApplication@4cd1d19b
reloadAllAccessors: .ArrayAppend3

===========================================================================================
----------------- testing Sun Jul 21 01:09:57 UTC 2019 /home/travis/build/icyphy/ptII/ptolemy/actor/lib/test/auto/ArrayAppend4.xml
----------------- Instantiating /home/travis/build/icyphy/ptII/ptolemy/actor/lib/test/auto/ArrayAppend4.xml
3 ms. Memory: 372736K Free: 274237K (74%)
----------------- Invoking toplevel() on ptolemy.moml.MoMLSimpleApplication@4245a56e
----------------- Done invoking toplevel() on ptolemy.moml.MoMLSimpleApplication@4245a56e
reloadAllAccessors: .ArrayAppend4

===========================================================================================
----------------- testing Sun Jul 21 01:09:57 UTC 2019 /home/travis/build/icyphy/ptII/ptolemy/actor/lib/test/auto/ArrayAppend5.xml
----------------- Instantiating /home/travis/build/icyphy/ptII/ptolemy/actor/lib/test/auto/ArrayAppend5.xml
3 ms. Memory: 372736K Free: 268607K (72%)
----------------- Invoking toplevel() on ptolemy.moml.MoMLSimpleApplication@16294282
----------------- Done invoking toplevel() on ptolemy.moml.MoMLSimpleApplication@16294282
reloadAllAccessors: .ArrayAppend5

===========================================================================================
----------------- testing Sun Jul 21 01:09:57 UTC 2019 /home/travis/build/icyphy/ptII/ptolemy/actor/lib/test/auto/ArrayAppend6.xml
----------------- Instantiating /home/travis/build/icyphy/ptII/ptolemy/actor/lib/test/auto/ArrayAppend6.xml
3 ms. Memory: 372736K Free: 263487K (71%)
----------------- Invoking toplevel() on ptolemy.moml.MoMLSimpleApplication@78efba5d
----------------- Done invoking toplevel() on ptolemy.moml.MoMLSimpleApplication@78efba5d
reloadAllAccessors: .ArrayAppend6

===========================================================================================
----------------- testing Sun Jul 21 01:09:57 UTC 2019 /home/travis/build/icyphy/ptII/ptolemy/actor/lib/test/auto/ArrayAppendPerformanceTest.xml
----------------- Instantiating /home/travis/build/icyphy/ptII/ptolemy/actor/lib/test/auto/ArrayAppendPerformanceTest.xml
46 ms. Memory: 372736K Free: 252733K (68%)
----------------- Invoking toplevel() on ptolemy.moml.MoMLSimpleApplication@152d16da
----------------- Done invoking toplevel() on ptolemy.moml.MoMLSimpleApplication@152d16da
reloadAllAccessors: .ArrayAppendPerformanceTest

===========================================================================================
----------------- testing Sun Jul 21 01:09:58 UTC 2019 /home/travis/build/icyphy/ptII/ptolemy/actor/lib/test/auto/ArrayAppendWithEmptyInput.xml
----------------- Instantiating /home/travis/build/icyphy/ptII/ptolemy/actor/lib/test/auto/ArrayAppendWithEmptyInput.xml
19 ms. Memory: 372736K Free: 244541K (66%)
----------------- Invoking toplevel() on ptolemy.moml.MoMLSimpleApplication@af9d449
----------------- Done invoking toplevel() on ptolemy.moml.MoMLSimpleApplication@af9d449
reloadAllAccessors: .ArrayAppendWithEmptyInput

===========================================================================================
----------------- testing Sun Jul 21 01:09:58 UTC 2019 /home/travis/build/icyphy/ptII/ptolemy/actor/lib/test/auto/ArrayAverage.xml
----------------- Instantiating /home/travis/build/icyphy/ptII/ptolemy/actor/lib/test/auto/ArrayAverage.xml
6 ms. Memory: 372736K Free: 236863K (64%)
----------------- Invoking toplevel() on ptolemy.moml.MoMLSimpleApplication@9bc0ae0
----------------- Done invoking toplevel() on ptolemy.moml.MoMLSimpleApplication@9bc0ae0
reloadAllAccessors: .ArrayAverage

===========================================================================================
----------------- testing Sun Jul 21 01:09:58 UTC 2019 /home/travis/build/icyphy/ptII/ptolemy/actor/lib/test/auto/ArrayContains.xml
----------------- Instantiating /home/travis/build/icyphy/ptII/ptolemy/actor/lib/test/auto/ArrayContains.xml
3 ms. Memory: 372736K Free: 230719K (62%)
----------------- Invoking toplevel() on ptolemy.moml.MoMLSimpleApplication@77f92420
----------------- Done invoking toplevel() on ptolemy.moml.MoMLSimpleApplication@77f92420
reloadAllAccessors: .ArrayContains

===========================================================================================
----------------- testing Sun Jul 21 01:09:58 UTC 2019 /home/travis/build/icyphy/ptII/ptolemy/actor/lib/test/auto/ArrayElement.xml
----------------- Instantiating /home/travis/build/icyphy/ptII/ptolemy/actor/lib/test/auto/ArrayElement.xml
14 ms. Memory: 372736K Free: 225085K (60%)
----------------- Invoking toplevel() on ptolemy.moml.MoMLSimpleApplication@7634ebfc
----------------- Done invoking toplevel() on ptolemy.moml.MoMLSimpleApplication@7634ebfc
reloadAllAccessors: .ArrayElement

===========================================================================================
----------------- testing Sun Jul 21 01:09:58 UTC 2019 /home/travis/build/icyphy/ptII/ptolemy/actor/lib/test/auto/ArrayElementAsMatrix.xml
----------------- Instantiating /home/travis/build/icyphy/ptII/ptolemy/actor/lib/test/auto/ArrayElementAsMatrix.xml
28 ms. Memory: 372736K Free: 214845K (58%)
----------------- Invoking toplevel() on ptolemy.moml.MoMLSimpleApplication@63d353e9
----------------- Done invoking toplevel() on ptolemy.moml.MoMLSimpleApplication@63d353e9
reloadAllAccessors: .ArrayElementAsMatrix

===========================================================================================
----------------- testing Sun Jul 21 01:09:58 UTC 2019 /home/travis/build/icyphy/ptII/ptolemy/actor/lib/test/auto/ArrayElementI.xml
----------------- Instantiating /home/travis/build/icyphy/ptII/ptolemy/actor/lib/test/auto/ArrayElementI.xml
4 ms. Memory: 372736K Free: 210239K (56%)
----------------- Invoking toplevel() on ptolemy.moml.MoMLSimpleApplication@dc94bd9
----------------- Done invoking toplevel() on ptolemy.moml.MoMLSimpleApplication@dc94bd9
reloadAllAccessors: .ArrayElementI

===========================================================================================
----------------- testing Sun Jul 21 01:09:58 UTC 2019 /home/travis/build/icyphy/ptII/ptolemy/actor/lib/test/auto/ArrayExtract.xml
----------------- Instantiating /home/travis/build/icyphy/ptII/ptolemy/actor/lib/test/auto/ArrayExtract.xml
8 ms. Memory: 372736K Free: 201533K (54%)
----------------- Invoking toplevel() on ptolemy.moml.MoMLSimpleApplication@48a4d896
----------------- Done invoking toplevel() on ptolemy.moml.MoMLSimpleApplication@48a4d896
reloadAllAccessors: .ArrayExtract

===========================================================================================
----------------- testing Sun Jul 21 01:09:58 UTC 2019 /home/travis/build/icyphy/ptII/ptolemy/actor/lib/test/auto/ArrayExtract2.xml
----------------- Instantiating /home/travis/build/icyphy/ptII/ptolemy/actor/lib/test/auto/ArrayExtract2.xml
3 ms. Memory: 372736K Free: 196382K (53%)
----------------- Invoking toplevel() on ptolemy.moml.MoMLSimpleApplication@77b69a4d
----------------- Done invoking toplevel() on ptolemy.moml.MoMLSimpleApplication@77b69a4d
reloadAllAccessors: .ArrayExtract2

===========================================================================================
----------------- testing Sun Jul 21 01:09:58 UTC 2019 /home/travis/build/icyphy/ptII/ptolemy/actor/lib/test/auto/ArrayLength.xml
----------------- Instantiating /home/travis/build/icyphy/ptII/ptolemy/actor/lib/test/auto/ArrayLength.xml
5 ms. Memory: 372736K Free: 192317K (52%)
----------------- Invoking toplevel() on ptolemy.moml.MoMLSimpleApplication@5bb5289c
----------------- Done invoking toplevel() on ptolemy.moml.MoMLSimpleApplication@5bb5289c
reloadAllAccessors: .ArrayLength

===========================================================================================
----------------- testing Sun Jul 21 01:09:58 UTC 2019 /home/travis/build/icyphy/ptII/ptolemy/actor/lib/test/auto/ArrayLevelCrossing.xml
----------------- Instantiating /home/travis/build/icyphy/ptII/ptolemy/actor/lib/test/auto/ArrayLevelCrossing.xml
4 ms. Memory: 372736K Free: 184639K (50%)
----------------- Invoking toplevel() on ptolemy.moml.MoMLSimpleApplication@7d505b40
----------------- Done invoking toplevel() on ptolemy.moml.MoMLSimpleApplication@7d505b40
reloadAllAccessors: .ArrayLevelCrossing

===========================================================================================
----------------- testing Sun Jul 21 01:09:58 UTC 2019 /home/travis/build/icyphy/ptII/ptolemy/actor/lib/test/auto/ArrayLevelCrossing2.xml
----------------- Instantiating /home/travis/build/icyphy/ptII/ptolemy/actor/lib/test/auto/ArrayLevelCrossing2.xml
3 ms. Memory: 372736K Free: 177471K (48%)
----------------- Invoking toplevel() on ptolemy.moml.MoMLSimpleApplication@1974fff5
----------------- Done invoking toplevel() on ptolemy.moml.MoMLSimpleApplication@1974fff5
reloadAllAccessors: .ArrayLevelCrossing2

===========================================================================================
----------------- testing Sun Jul 21 01:09:58 UTC 2019 /home/travis/build/icyphy/ptII/ptolemy/actor/lib/test/auto/ArrayPeakSearch.xml
----------------- Instantiating /home/travis/build/icyphy/ptII/ptolemy/actor/lib/test/auto/ArrayPeakSearch.xml
7 ms. Memory: 372736K Free: 168255K (45%)
----------------- Invoking toplevel() on ptolemy.moml.MoMLSimpleApplication@59166ef8
----------------- Done invoking toplevel() on ptolemy.moml.MoMLSimpleApplication@59166ef8
reloadAllAccessors: .ArrayPeakSearch

===========================================================================================
----------------- testing Sun Jul 21 01:09:58 UTC 2019 /home/travis/build/icyphy/ptII/ptolemy/actor/lib/test/auto/ArrayPeakSearch2.xml
----------------- Instantiating /home/travis/build/icyphy/ptII/ptolemy/actor/lib/test/auto/ArrayPeakSearch2.xml
8 ms. Memory: 372736K Free: 158015K (42%)
----------------- Invoking toplevel() on ptolemy.moml.MoMLSimpleApplication@89f2c2d
----------------- Done invoking toplevel() on ptolemy.moml.MoMLSimpleApplication@89f2c2d
reloadAllAccessors: .ArrayPeakSearch2

===========================================================================================
----------------- testing Sun Jul 21 01:09:58 UTC 2019 /home/travis/build/icyphy/ptII/ptolemy/actor/lib/test/auto/ArrayPeakSearch3.xml
----------------- Instantiating /home/travis/build/icyphy/ptII/ptolemy/actor/lib/test/auto/ArrayPeakSearch3.xml
4 ms. Memory: 372736K Free: 318750K (86%)
----------------- Invoking toplevel() on ptolemy.moml.MoMLSimpleApplication@6e1791b1
----------------- Done invoking toplevel() on ptolemy.moml.MoMLSimpleApplication@6e1791b1
reloadAllAccessors: .ArrayPeakSearch3

===========================================================================================
----------------- testing Sun Jul 21 01:09:58 UTC 2019 /home/travis/build/icyphy/ptII/ptolemy/actor/lib/test/auto/ArrayRemoveElement.xml
----------------- Instantiating /home/travis/build/icyphy/ptII/ptolemy/actor/lib/test/auto/ArrayRemoveElement.xml
4 ms. Memory: 372736K Free: 310589K (83%)
----------------- Invoking toplevel() on ptolemy.moml.MoMLSimpleApplication@47714f96
----------------- Done invoking toplevel() on ptolemy.moml.MoMLSimpleApplication@47714f96
reloadAllAccessors: .ArrayRemoveElement

===========================================================================================
----------------- testing Sun Jul 21 01:09:58 UTC 2019 /home/travis/build/icyphy/ptII/ptolemy/actor/lib/test/auto/ArraySort.xml
----------------- Instantiating /home/travis/build/icyphy/ptII/ptolemy/actor/lib/test/auto/ArraySort.xml
6 ms. Memory: 372736K Free: 301373K (81%)
----------------- Invoking toplevel() on ptolemy.moml.MoMLSimpleApplication@116b371b
----------------- Done invoking toplevel() on ptolemy.moml.MoMLSimpleApplication@116b371b
reloadAllAccessors: .ArraySort

===========================================================================================
----------------- testing Sun Jul 21 01:09:58 UTC 2019 /home/travis/build/icyphy/ptII/ptolemy/actor/lib/test/auto/ArraySum.xml
----------------- Instantiating /home/travis/build/icyphy/ptII/ptolemy/actor/lib/test/auto/ArraySum.xml
5 ms. Memory: 372736K Free: 296253K (79%)
----------------- Invoking toplevel() on ptolemy.moml.MoMLSimpleApplication@2c541d0d
----------------- Done invoking toplevel() on ptolemy.moml.MoMLSimpleApplication@2c541d0d
reloadAllAccessors: .ArraySum

===========================================================================================
----------------- testing Sun Jul 21 01:09:58 UTC 2019 /home/travis/build/icyphy/ptII/ptolemy/actor/lib/test/auto/ArrayToElements.xml
----------------- Instantiating /home/travis/build/icyphy/ptII/ptolemy/actor/lib/test/auto/ArrayToElements.xml
6 ms. Memory: 372736K Free: 291133K (78%)
----------------- Invoking toplevel() on ptolemy.moml.MoMLSimpleApplication@4c2232d5
----------------- Done invoking toplevel() on ptolemy.moml.MoMLSimpleApplication@4c2232d5
reloadAllAccessors: .ArrayToElements

===========================================================================================
----------------- testing Sun Jul 21 01:09:58 UTC 2019 /home/travis/build/icyphy/ptII/ptolemy/actor/lib/test/auto/ArrayToMatrix.xml
----------------- Instantiating /home/travis/build/icyphy/ptII/ptolemy/actor/lib/test/auto/ArrayToMatrix.xml
10 ms. Memory: 372736K Free: 276797K (74%)
----------------- Invoking toplevel() on ptolemy.moml.MoMLSimpleApplication@6181b54c
----------------- Done invoking toplevel() on ptolemy.moml.MoMLSimpleApplication@6181b54c
reloadAllAccessors: .ArrayToMatrix

===========================================================================================
----------------- testing Sun Jul 21 01:09:58 UTC 2019 /home/travis/build/icyphy/ptII/ptolemy/actor/lib/test/auto/ArrayUpdate1.xml
----------------- Instantiating /home/travis/build/icyphy/ptII/ptolemy/actor/lib/test/auto/ArrayUpdate1.xml
4 ms. Memory: 372736K Free: 272191K (73%)
----------------- Invoking toplevel() on ptolemy.moml.MoMLSimpleApplication@750d729
----------------- Done invoking toplevel() on ptolemy.moml.MoMLSimpleApplication@750d729
reloadAllAccessors: .ArrayUpdate1

===========================================================================================
----------------- testing Sun Jul 21 01:09:58 UTC 2019 /home/travis/build/icyphy/ptII/ptolemy/actor/lib/test/auto/ArrayUpdate2.xml
----------------- Instantiating /home/travis/build/icyphy/ptII/ptolemy/actor/lib/test/auto/ArrayUpdate2.xml
8 ms. Memory: 372736K Free: 265533K (71%)
----------------- Invoking toplevel() on ptolemy.moml.MoMLSimpleApplication@7af98c2
----------------- Done invoking toplevel() on ptolemy.moml.MoMLSimpleApplication@7af98c2
reloadAllAccessors: .ArrayUpdate2

===========================================================================================
----------------- testing Sun Jul 21 01:09:58 UTC 2019 /home/travis/build/icyphy/ptII/ptolemy/actor/lib/test/auto/ArrayUpdate3.xml
----------------- Instantiating /home/travis/build/icyphy/ptII/ptolemy/actor/lib/test/auto/ArrayUpdate3.xml
7 ms. Memory: 372736K Free: 260927K (70%)
----------------- Invoking toplevel() on ptolemy.moml.MoMLSimpleApplication@12cf2065
----------------- Done invoking toplevel() on ptolemy.moml.MoMLSimpleApplication@12cf2065
reloadAllAccessors: .ArrayUpdate3

===========================================================================================
----------------- testing Sun Jul 21 01:09:58 UTC 2019 /home/travis/build/icyphy/ptII/ptolemy/actor/lib/test/auto/Assert1.xml
----------------- Instantiating /home/travis/build/icyphy/ptII/ptolemy/actor/lib/test/auto/Assert1.xml
11 ms. Memory: 372736K Free: 256317K (69%)
----------------- Invoking toplevel() on ptolemy.moml.MoMLSimpleApplication@7e80d4f5
----------------- Done invoking toplevel() on ptolemy.moml.MoMLSimpleApplication@7e80d4f5
reloadAllAccessors: .Assert1

===========================================================================================
----------------- testing Sun Jul 21 01:09:58 UTC 2019 /home/travis/build/icyphy/ptII/ptolemy/actor/lib/test/auto/Assert2.xml
----------------- Instantiating /home/travis/build/icyphy/ptII/ptolemy/actor/lib/test/auto/Assert2.xml
2 ms. Memory: 372736K Free: 251711K (68%)
----------------- Invoking toplevel() on ptolemy.moml.MoMLSimpleApplication@1791baf2
----------------- Done invoking toplevel() on ptolemy.moml.MoMLSimpleApplication@1791baf2
reloadAllAccessors: .Assert2

===========================================================================================
----------------- testing Sun Jul 21 01:09:58 UTC 2019 /home/travis/build/icyphy/ptII/ptolemy/actor/lib/test/auto/BooleanMultiplexor.xml
----------------- Instantiating /home/travis/build/icyphy/ptII/ptolemy/actor/lib/test/auto/BooleanMultiplexor.xml
3 ms. Memory: 372736K Free: 246046K (66%)
----------------- Invoking toplevel() on ptolemy.moml.MoMLSimpleApplication@3faf368e
----------------- Done invoking toplevel() on ptolemy.moml.MoMLSimpleApplication@3faf368e
reloadAllAccessors: .BooleanMultiplexor

===========================================================================================
----------------- testing Sun Jul 21 01:09:59 UTC 2019 /home/travis/build/icyphy/ptII/ptolemy/actor/lib/test/auto/BooleanMultiplexor2.xml
----------------- Instantiating /home/travis/build/icyphy/ptII/ptolemy/actor/lib/test/auto/BooleanMultiplexor2.xml
12 ms. Memory: 372736K Free: 239423K (64%)
----------------- Invoking toplevel() on ptolemy.moml.MoMLSimpleApplication@271ba4a6
----------------- Done invoking toplevel() on ptolemy.moml.MoMLSimpleApplication@271ba4a6
reloadAllAccessors: .BooleanMultiplexor2

===========================================================================================
----------------- testing Sun Jul 21 01:09:59 UTC 2019 /home/travis/build/icyphy/ptII/ptolemy/actor/lib/test/auto/BooleanMultiplexor3.xml
----------------- Instantiating /home/travis/build/icyphy/ptII/ptolemy/actor/lib/test/auto/BooleanMultiplexor3.xml
4 ms. Memory: 372736K Free: 235837K (63%)
----------------- Invoking toplevel() on ptolemy.moml.MoMLSimpleApplication@3a65eb69
----------------- Done invoking toplevel() on ptolemy.moml.MoMLSimpleApplication@3a65eb69
reloadAllAccessors: .BooleanMultiplexor3

===========================================================================================
----------------- testing Sun Jul 21 01:09:59 UTC 2019 /home/travis/build/icyphy/ptII/ptolemy/actor/lib/test/auto/BooleanSelect.xml
----------------- Instantiating /home/travis/build/icyphy/ptII/ptolemy/actor/lib/test/auto/BooleanSelect.xml
9 ms. Memory: 372736K Free: 229678K (62%)
----------------- Invoking toplevel() on ptolemy.moml.MoMLSimpleApplication@7db0a24d
----------------- Done invoking toplevel() on ptolemy.moml.MoMLSimpleApplication@7db0a24d
reloadAllAccessors: .BooleanSelect

===========================================================================================
----------------- testing Sun Jul 21 01:09:59 UTC 2019 /home/travis/build/icyphy/ptII/ptolemy/actor/lib/test/auto/BooleanSelect2.xml
----------------- Instantiating /home/travis/build/icyphy/ptII/ptolemy/actor/lib/test/auto/BooleanSelect2.xml
1 ms. Memory: 372736K Free: 225597K (61%)
----------------- Invoking toplevel() on ptolemy.moml.MoMLSimpleApplication@302f521d
----------------- Done invoking toplevel() on ptolemy.moml.MoMLSimpleApplication@302f521d
reloadAllAccessors: .BooleanSelect2

===========================================================================================
----------------- testing Sun Jul 21 01:09:59 UTC 2019 /home/travis/build/icyphy/ptII/ptolemy/actor/lib/test/auto/BooleanSwitch.xml
----------------- Instantiating /home/travis/build/icyphy/ptII/ptolemy/actor/lib/test/auto/BooleanSwitch.xml
4 ms. Memory: 372736K Free: 218943K (59%)
----------------- Invoking toplevel() on ptolemy.moml.MoMLSimpleApplication@33a43b6b
----------------- Done invoking toplevel() on ptolemy.moml.MoMLSimpleApplication@33a43b6b
reloadAllAccessors: .BooleanSwitch

===========================================================================================
----------------- testing Sun Jul 21 01:09:59 UTC 2019 /home/travis/build/icyphy/ptII/ptolemy/actor/lib/test/auto/BooleanSwitch2.xml
----------------- Instantiating /home/travis/build/icyphy/ptII/ptolemy/actor/lib/test/auto/BooleanSwitch2.xml
1 ms. Memory: 372736K Free: 214847K (58%)
----------------- Invoking toplevel() on ptolemy.moml.MoMLSimpleApplication@2ae80f04
----------------- Done invoking toplevel() on ptolemy.moml.MoMLSimpleApplication@2ae80f04
reloadAllAccessors: .BooleanSwitch2

===========================================================================================
----------------- testing Sun Jul 21 01:09:59 UTC 2019 /home/travis/build/icyphy/ptII/ptolemy/actor/lib/test/auto/BooleanSwitchCloningBugWithClassRelationGroup.xml
----------------- Instantiating /home/travis/build/icyphy/ptII/ptolemy/actor/lib/test/auto/BooleanSwitchCloningBugWithClassRelationGroup.xml
3 ms. Memory: 372736K Free: 208189K (56%)
----------------- Invoking toplevel() on ptolemy.moml.MoMLSimpleApplication@2b923062
----------------- Done invoking toplevel() on ptolemy.moml.MoMLSimpleApplication@2b923062
reloadAllAccessors: .BooleanSwitchCloningBugWithClassRelationGroup

===========================================================================================
----------------- testing Sun Jul 21 01:09:59 UTC 2019 /home/travis/build/icyphy/ptII/ptolemy/actor/lib/test/auto/BusActors.xml
----------------- Instantiating /home/travis/build/icyphy/ptII/ptolemy/actor/lib/test/auto/BusActors.xml
3 ms. Memory: 372736K Free: 200511K (54%)
----------------- Invoking toplevel() on ptolemy.moml.MoMLSimpleApplication@1151d7fc
----------------- Done invoking toplevel() on ptolemy.moml.MoMLSimpleApplication@1151d7fc
reloadAllAccessors: .BusActors

===========================================================================================
----------------- testing Sun Jul 21 01:09:59 UTC 2019 /home/travis/build/icyphy/ptII/ptolemy/actor/lib/test/auto/ClassWrapper.xml
----------------- Instantiating /home/travis/build/icyphy/ptII/ptolemy/actor/lib/test/auto/ClassWrapper.xml
2 ms. Memory: 372736K Free: 195901K (53%)
----------------- Invoking toplevel() on ptolemy.moml.MoMLSimpleApplication@403d6a99
----------------- Done invoking toplevel() on ptolemy.moml.MoMLSimpleApplication@403d6a99
reloadAllAccessors: .ClassWrapper

===========================================================================================
----------------- testing Sun Jul 21 01:09:59 UTC 2019 /home/travis/build/icyphy/ptII/ptolemy/actor/lib/test/auto/Clock.xml
----------------- Instantiating /home/travis/build/icyphy/ptII/ptolemy/actor/lib/test/auto/Clock.xml
2 ms. Memory: 372736K Free: 192319K (52%)
----------------- Invoking toplevel() on ptolemy.moml.MoMLSimpleApplication@2422e31e
----------------- Done invoking toplevel() on ptolemy.moml.MoMLSimpleApplication@2422e31e
reloadAllAccessors: .Clock

===========================================================================================
----------------- testing Sun Jul 21 01:09:59 UTC 2019 /home/travis/build/icyphy/ptII/ptolemy/actor/lib/test/auto/Clock10.xml
----------------- Instantiating /home/travis/build/icyphy/ptII/ptolemy/actor/lib/test/auto/Clock10.xml
4 ms. Memory: 372736K Free: 186175K (50%)
----------------- Invoking toplevel() on ptolemy.moml.MoMLSimpleApplication@7b874ab9
----------------- Done invoking toplevel() on ptolemy.moml.MoMLSimpleApplication@7b874ab9
reloadAllAccessors: .Clock10

===========================================================================================
----------------- testing Sun Jul 21 01:09:59 UTC 2019 /home/travis/build/icyphy/ptII/ptolemy/actor/lib/test/auto/Clock11.xml
----------------- Instantiating /home/travis/build/icyphy/ptII/ptolemy/actor/lib/test/auto/Clock11.xml
9 ms. Memory: 372736K Free: 180541K (48%)
----------------- Invoking toplevel() on ptolemy.moml.MoMLSimpleApplication@7e968e92
----------------- Done invoking toplevel() on ptolemy.moml.MoMLSimpleApplication@7e968e92
reloadAllAccessors: .Clock11

===========================================================================================
----------------- testing Sun Jul 21 01:09:59 UTC 2019 /home/travis/build/icyphy/ptII/ptolemy/actor/lib/test/auto/Clock12.xml
----------------- Instantiating /home/travis/build/icyphy/ptII/ptolemy/actor/lib/test/auto/Clock12.xml
6 ms. Memory: 372736K Free: 174397K (47%)
----------------- Invoking toplevel() on ptolemy.moml.MoMLSimpleApplication@773d2020
----------------- Done invoking toplevel() on ptolemy.moml.MoMLSimpleApplication@773d2020
reloadAllAccessors: .Clock12

===========================================================================================
----------------- testing Sun Jul 21 01:09:59 UTC 2019 /home/travis/build/icyphy/ptII/ptolemy/actor/lib/test/auto/Clock13.xml
----------------- Instantiating /home/travis/build/icyphy/ptII/ptolemy/actor/lib/test/auto/Clock13.xml
5 ms. Memory: 372736K Free: 168767K (45%)
----------------- Invoking toplevel() on ptolemy.moml.MoMLSimpleApplication@7f3d9590
----------------- Done invoking toplevel() on ptolemy.moml.MoMLSimpleApplication@7f3d9590
reloadAllAccessors: .Clock13

===========================================================================================
----------------- testing Sun Jul 21 01:09:59 UTC 2019 /home/travis/build/icyphy/ptII/ptolemy/actor/lib/test/auto/Clock14.xml
----------------- Instantiating /home/travis/build/icyphy/ptII/ptolemy/actor/lib/test/auto/Clock14.xml
3 ms. Memory: 372736K Free: 162623K (44%)
----------------- Invoking toplevel() on ptolemy.moml.MoMLSimpleApplication@23879281
----------------- Done invoking toplevel() on ptolemy.moml.MoMLSimpleApplication@23879281
reloadAllAccessors: .Clock14

===========================================================================================
----------------- testing Sun Jul 21 01:09:59 UTC 2019 /home/travis/build/icyphy/ptII/ptolemy/actor/lib/test/auto/Clock15.xml
----------------- Instantiating /home/travis/build/icyphy/ptII/ptolemy/actor/lib/test/auto/Clock15.xml
5 ms. Memory: 372736K Free: 156958K (42%)
----------------- Invoking toplevel() on ptolemy.moml.MoMLSimpleApplication@682c5ba3
----------------- Done invoking toplevel() on ptolemy.moml.MoMLSimpleApplication@682c5ba3
reloadAllAccessors: .Clock15

===========================================================================================
----------------- testing Sun Jul 21 01:09:59 UTC 2019 /home/travis/build/icyphy/ptII/ptolemy/actor/lib/test/auto/Clock16.xml
----------------- Instantiating /home/travis/build/icyphy/ptII/ptolemy/actor/lib/test/auto/Clock16.xml
40 ms. Memory: 372736K Free: 142143K (38%)
----------------- Invoking toplevel() on ptolemy.moml.MoMLSimpleApplication@2d85f238
----------------- Done invoking toplevel() on ptolemy.moml.MoMLSimpleApplication@2d85f238
reloadAllAccessors: .Clock16

===========================================================================================
----------------- testing Sun Jul 21 01:09:59 UTC 2019 /home/travis/build/icyphy/ptII/ptolemy/actor/lib/test/auto/Clock17.xml
----------------- Instantiating /home/travis/build/icyphy/ptII/ptolemy/actor/lib/test/auto/Clock17.xml
31 ms. Memory: 372736K Free: 127807K (34%)
----------------- Invoking toplevel() on ptolemy.moml.MoMLSimpleApplication@1fcab69a
----------------- Done invoking toplevel() on ptolemy.moml.MoMLSimpleApplication@1fcab69a
reloadAllAccessors: .Clock17

===========================================================================================
----------------- testing Sun Jul 21 01:09:59 UTC 2019 /home/travis/build/icyphy/ptII/ptolemy/actor/lib/test/auto/Clock18.xml
----------------- Instantiating /home/travis/build/icyphy/ptII/ptolemy/actor/lib/test/auto/Clock18.xml
27 ms. Memory: 372736K Free: 313854K (84%)
----------------- Invoking toplevel() on ptolemy.moml.MoMLSimpleApplication@44824462
----------------- Done invoking toplevel() on ptolemy.moml.MoMLSimpleApplication@44824462
reloadAllAccessors: .Clock18

===========================================================================================
----------------- testing Sun Jul 21 01:09:59 UTC 2019 /home/travis/build/icyphy/ptII/ptolemy/actor/lib/test/auto/Clock19.xml
----------------- Instantiating /home/travis/build/icyphy/ptII/ptolemy/actor/lib/test/auto/Clock19.xml
9 ms. Memory: 372736K Free: 300542K (81%)
----------------- Invoking toplevel() on ptolemy.moml.MoMLSimpleApplication@15ef0044
----------------- Done invoking toplevel() on ptolemy.moml.MoMLSimpleApplication@15ef0044
reloadAllAccessors: .Clock19

===========================================================================================
----------------- testing Sun Jul 21 01:09:59 UTC 2019 /home/travis/build/icyphy/ptII/ptolemy/actor/lib/test/auto/Clock2.xml
----------------- Instantiating /home/travis/build/icyphy/ptII/ptolemy/actor/lib/test/auto/Clock2.xml
5 ms. Memory: 372736K Free: 295902K (79%)
----------------- Invoking toplevel() on ptolemy.moml.MoMLSimpleApplication@397ae8b8
----------------- Done invoking toplevel() on ptolemy.moml.MoMLSimpleApplication@397ae8b8
reloadAllAccessors: .Clock2

===========================================================================================
----------------- testing Sun Jul 21 01:09:59 UTC 2019 /home/travis/build/icyphy/ptII/ptolemy/actor/lib/test/auto/Clock20.xml
----------------- Instantiating /home/travis/build/icyphy/ptII/ptolemy/actor/lib/test/auto/Clock20.xml
7 ms. Memory: 372736K Free: 290812K (78%)
----------------- Invoking toplevel() on ptolemy.moml.MoMLSimpleApplication@3931f3aa
----------------- Done invoking toplevel() on ptolemy.moml.MoMLSimpleApplication@3931f3aa
reloadAllAccessors: .Clock20

===========================================================================================
----------------- testing Sun Jul 21 01:09:59 UTC 2019 /home/travis/build/icyphy/ptII/ptolemy/actor/lib/test/auto/Clock21.xml
----------------- Instantiating /home/travis/build/icyphy/ptII/ptolemy/actor/lib/test/auto/Clock21.xml
6 ms. Memory: 372736K Free: 285182K (77%)
----------------- Invoking toplevel() on ptolemy.moml.MoMLSimpleApplication@65ed81bd
----------------- Done invoking toplevel() on ptolemy.moml.MoMLSimpleApplication@65ed81bd
reloadAllAccessors: .Clock21

===========================================================================================
----------------- testing Sun Jul 21 01:09:59 UTC 2019 /home/travis/build/icyphy/ptII/ptolemy/actor/lib/test/auto/Clock22.xml
----------------- Instantiating /home/travis/build/icyphy/ptII/ptolemy/actor/lib/test/auto/Clock22.xml
7 ms. Memory: 372736K Free: 280062K (75%)
----------------- Invoking toplevel() on ptolemy.moml.MoMLSimpleApplication@27c12e2c
----------------- Done invoking toplevel() on ptolemy.moml.MoMLSimpleApplication@27c12e2c
reloadAllAccessors: .Clock22

===========================================================================================
----------------- testing Sun Jul 21 01:09:59 UTC 2019 /home/travis/build/icyphy/ptII/ptolemy/actor/lib/test/auto/Clock23.xml
----------------- Instantiating /home/travis/build/icyphy/ptII/ptolemy/actor/lib/test/auto/Clock23.xml
4 ms. Memory: 372736K Free: 274428K (74%)
----------------- Invoking toplevel() on ptolemy.moml.MoMLSimpleApplication@1aa3f81f
----------------- Done invoking toplevel() on ptolemy.moml.MoMLSimpleApplication@1aa3f81f
reloadAllAccessors: .Clock23

===========================================================================================
----------------- testing Sun Jul 21 01:09:59 UTC 2019 /home/travis/build/icyphy/ptII/ptolemy/actor/lib/test/auto/Clock24.xml
----------------- Instantiating /home/travis/build/icyphy/ptII/ptolemy/actor/lib/test/auto/Clock24.xml
3 ms. Memory: 372736K Free: 268798K (72%)
----------------- Invoking toplevel() on ptolemy.moml.MoMLSimpleApplication@1a271bbd
----------------- Done invoking toplevel() on ptolemy.moml.MoMLSimpleApplication@1a271bbd
reloadAllAccessors: .Clock24

===========================================================================================
----------------- testing Sun Jul 21 01:09:59 UTC 2019 /home/travis/build/icyphy/ptII/ptolemy/actor/lib/test/auto/Clock4.xml
----------------- Instantiating /home/travis/build/icyphy/ptII/ptolemy/actor/lib/test/auto/Clock4.xml
1 ms. Memory: 372736K Free: 264158K (71%)
----------------- Invoking toplevel() on ptolemy.moml.MoMLSimpleApplication@5655028b
----------------- Done invoking toplevel() on ptolemy.moml.MoMLSimpleApplication@5655028b
reloadAllAccessors: .Clock4

===========================================================================================
----------------- testing Sun Jul 21 01:09:59 UTC 2019 /home/travis/build/icyphy/ptII/ptolemy/actor/lib/test/auto/Clock5.xml
----------------- Instantiating /home/travis/build/icyphy/ptII/ptolemy/actor/lib/test/auto/Clock5.xml
2 ms. Memory: 372736K Free: 258558K (69%)
----------------- Invoking toplevel() on ptolemy.moml.MoMLSimpleApplication@14034922
----------------- Done invoking toplevel() on ptolemy.moml.MoMLSimpleApplication@14034922
reloadAllAccessors: .Clock5

===========================================================================================
----------------- testing Sun Jul 21 01:09:59 UTC 2019 /home/travis/build/icyphy/ptII/ptolemy/actor/lib/test/auto/Clock6.xml
----------------- Instantiating /home/travis/build/icyphy/ptII/ptolemy/actor/lib/test/auto/Clock6.xml
2 ms. Memory: 372736K Free: 254958K (68%)
----------------- Invoking toplevel() on ptolemy.moml.MoMLSimpleApplication@66eb9db8
----------------- Done invoking toplevel() on ptolemy.moml.MoMLSimpleApplication@66eb9db8
reloadAllAccessors: .Clock6

===========================================================================================
----------------- testing Sun Jul 21 01:09:59 UTC 2019 /home/travis/build/icyphy/ptII/ptolemy/actor/lib/test/auto/Clock7.xml
----------------- Instantiating /home/travis/build/icyphy/ptII/ptolemy/actor/lib/test/auto/Clock7.xml
1 ms. Memory: 372736K Free: 249852K (67%)
----------------- Invoking toplevel() on ptolemy.moml.MoMLSimpleApplication@2cb98d8c
----------------- Done invoking toplevel() on ptolemy.moml.MoMLSimpleApplication@2cb98d8c
reloadAllAccessors: .Clock7

===========================================================================================
----------------- testing Sun Jul 21 01:09:59 UTC 2019 /home/travis/build/icyphy/ptII/ptolemy/actor/lib/test/auto/Clock8.xml
----------------- Instantiating /home/travis/build/icyphy/ptII/ptolemy/actor/lib/test/auto/Clock8.xml
2 ms. Memory: 372736K Free: 244222K (66%)
----------------- Invoking toplevel() on ptolemy.moml.MoMLSimpleApplication@1e5181e3
----------------- Done invoking toplevel() on ptolemy.moml.MoMLSimpleApplication@1e5181e3
reloadAllAccessors: .Clock8

===========================================================================================
----------------- testing Sun Jul 21 01:09:59 UTC 2019 /home/travis/build/icyphy/ptII/ptolemy/actor/lib/test/auto/Clock9.xml
----------------- Instantiating /home/travis/build/icyphy/ptII/ptolemy/actor/lib/test/auto/Clock9.xml
3 ms. Memory: 372736K Free: 239102K (64%)
----------------- Invoking toplevel() on ptolemy.moml.MoMLSimpleApplication@2da17402
----------------- Done invoking toplevel() on ptolemy.moml.MoMLSimpleApplication@2da17402
reloadAllAccessors: .Clock9

===========================================================================================
----------------- testing Sun Jul 21 01:09:59 UTC 2019 /home/travis/build/icyphy/ptII/ptolemy/actor/lib/test/auto/CommDistDiscard.xml
----------------- Instantiating /home/travis/build/icyphy/ptII/ptolemy/actor/lib/test/auto/CommDistDiscard.xml
4 ms. Memory: 372736K Free: 233468K (63%)
----------------- Invoking toplevel() on ptolemy.moml.MoMLSimpleApplication@51b20ad
----------------- Done invoking toplevel() on ptolemy.moml.MoMLSimpleApplication@51b20ad
reloadAllAccessors: .CommDistDiscard

===========================================================================================
----------------- testing Sun Jul 21 01:09:59 UTC 2019 /home/travis/build/icyphy/ptII/ptolemy/actor/lib/test/auto/Commutator.xml
----------------- Instantiating /home/travis/build/icyphy/ptII/ptolemy/actor/lib/test/auto/Commutator.xml
2 ms. Memory: 372736K Free: 229372K (62%)
----------------- Invoking toplevel() on ptolemy.moml.MoMLSimpleApplication@7d307342
----------------- Done invoking toplevel() on ptolemy.moml.MoMLSimpleApplication@7d307342
reloadAllAccessors: .Commutator

===========================================================================================
----------------- testing Sun Jul 21 01:10:00 UTC 2019 /home/travis/build/icyphy/ptII/ptolemy/actor/lib/test/auto/Commutator2.xml
----------------- Instantiating /home/travis/build/icyphy/ptII/ptolemy/actor/lib/test/auto/Commutator2.xml
1 ms. Memory: 372736K Free: 224766K (60%)
----------------- Invoking toplevel() on ptolemy.moml.MoMLSimpleApplication@4c9c8b15
----------------- Done invoking toplevel() on ptolemy.moml.MoMLSimpleApplication@4c9c8b15
reloadAllAccessors: .Commutator2

===========================================================================================
----------------- testing Sun Jul 21 01:10:00 UTC 2019 /home/travis/build/icyphy/ptII/ptolemy/actor/lib/test/auto/Commutator3.xml
----------------- Instantiating /home/travis/build/icyphy/ptII/ptolemy/actor/lib/test/auto/Commutator3.xml
3 ms. Memory: 372736K Free: 220156K (59%)
----------------- Invoking toplevel() on ptolemy.moml.MoMLSimpleApplication@301cc585
----------------- Done invoking toplevel() on ptolemy.moml.MoMLSimpleApplication@301cc585
reloadAllAccessors: .Commutator3

===========================================================================================
----------------- testing Sun Jul 21 01:10:00 UTC 2019 /home/travis/build/icyphy/ptII/ptolemy/actor/lib/test/auto/Compare.xml
----------------- Instantiating /home/travis/build/icyphy/ptII/ptolemy/actor/lib/test/auto/Compare.xml
2 ms. Memory: 372736K Free: 214012K (57%)
----------------- Invoking toplevel() on ptolemy.moml.MoMLSimpleApplication@54563988
----------------- Done invoking toplevel() on ptolemy.moml.MoMLSimpleApplication@54563988
reloadAllAccessors: .Compare

===========================================================================================
----------------- testing Sun Jul 21 01:10:00 UTC 2019 /home/travis/build/icyphy/ptII/ptolemy/actor/lib/test/auto/CompareDE.xml
----------------- Instantiating /home/travis/build/icyphy/ptII/ptolemy/actor/lib/test/auto/CompareDE.xml
3 ms. Memory: 372736K Free: 206830K (55%)
----------------- Invoking toplevel() on ptolemy.moml.MoMLSimpleApplication@6029d376
----------------- Done invoking toplevel() on ptolemy.moml.MoMLSimpleApplication@6029d376
reloadAllAccessors: .CompareDE

===========================================================================================
----------------- testing Sun Jul 21 01:10:00 UTC 2019 /home/travis/build/icyphy/ptII/ptolemy/actor/lib/test/auto/ComplexDivide.xml
----------------- Instantiating /home/travis/build/icyphy/ptII/ptolemy/actor/lib/test/auto/ComplexDivide.xml
1 ms. Memory: 372736K Free: 203262K (55%)
----------------- Invoking toplevel() on ptolemy.moml.MoMLSimpleApplication@650af478
----------------- Done invoking toplevel() on ptolemy.moml.MoMLSimpleApplication@650af478
reloadAllAccessors: .ComplexDivide

===========================================================================================
----------------- testing Sun Jul 21 01:10:00 UTC 2019 /home/travis/build/icyphy/ptII/ptolemy/actor/lib/test/auto/ComputeHistogram.xml
----------------- Instantiating /home/travis/build/icyphy/ptII/ptolemy/actor/lib/test/auto/ComputeHistogram.xml
39 ms. Memory: 372736K Free: 190460K (51%)
----------------- Invoking toplevel() on ptolemy.moml.MoMLSimpleApplication@41f24814
----------------- Done invoking toplevel() on ptolemy.moml.MoMLSimpleApplication@41f24814
reloadAllAccessors: .ComputeHistogram

===========================================================================================
----------------- testing Sun Jul 21 01:10:00 UTC 2019 /home/travis/build/icyphy/ptII/ptolemy/actor/lib/test/auto/ConfigurationSelect.xml
----------------- Instantiating /home/travis/build/icyphy/ptII/ptolemy/actor/lib/test/auto/ConfigurationSelect.xml
11 ms. Memory: 372736K Free: 184830K (50%)
----------------- Invoking toplevel() on ptolemy.moml.MoMLSimpleApplication@7484a919
----------------- Done invoking toplevel() on ptolemy.moml.MoMLSimpleApplication@7484a919
reloadAllAccessors: .ConfigurationSelect

===========================================================================================
----------------- testing Sun Jul 21 01:10:00 UTC 2019 /home/travis/build/icyphy/ptII/ptolemy/actor/lib/test/auto/ConfigurationSelect2.xml
----------------- Instantiating /home/travis/build/icyphy/ptII/ptolemy/actor/lib/test/auto/ConfigurationSelect2.xml
2 ms. Memory: 372736K Free: 180734K (48%)
----------------- Invoking toplevel() on ptolemy.moml.MoMLSimpleApplication@333723c
----------------- Done invoking toplevel() on ptolemy.moml.MoMLSimpleApplication@333723c
reloadAllAccessors: .ConfigurationSelect2

===========================================================================================
----------------- testing Sun Jul 21 01:10:00 UTC 2019 /home/travis/build/icyphy/ptII/ptolemy/actor/lib/test/auto/ConfigurationSwitch.xml
----------------- Instantiating /home/travis/build/icyphy/ptII/ptolemy/actor/lib/test/auto/ConfigurationSwitch.xml
2 ms. Memory: 372736K Free: 175100K (47%)
----------------- Invoking toplevel() on ptolemy.moml.MoMLSimpleApplication@7c94df60
----------------- Done invoking toplevel() on ptolemy.moml.MoMLSimpleApplication@7c94df60
reloadAllAccessors: .ConfigurationSwitch

===========================================================================================
----------------- testing Sun Jul 21 01:10:00 UTC 2019 /home/travis/build/icyphy/ptII/ptolemy/actor/lib/test/auto/ConfigurationSwitch2.xml
----------------- Instantiating /home/travis/build/icyphy/ptII/ptolemy/actor/lib/test/auto/ConfigurationSwitch2.xml
2 ms. Memory: 372736K Free: 169980K (46%)
----------------- Invoking toplevel() on ptolemy.moml.MoMLSimpleApplication@37beae5d
----------------- Done invoking toplevel() on ptolemy.moml.MoMLSimpleApplication@37beae5d
reloadAllAccessors: .ConfigurationSwitch2

===========================================================================================
----------------- testing Sun Jul 21 01:10:00 UTC 2019 /home/travis/build/icyphy/ptII/ptolemy/actor/lib/test/auto/ConfigurationSwitchCloningBugWithClassRelationGroup.xml
----------------- Instantiating /home/travis/build/icyphy/ptII/ptolemy/actor/lib/test/auto/ConfigurationSwitchCloningBugWithClassRelationGroup.xml
1 ms. Memory: 372736K Free: 163326K (44%)
----------------- Invoking toplevel() on ptolemy.moml.MoMLSimpleApplication@13400bfd
----------------- Done invoking toplevel() on ptolemy.moml.MoMLSimpleApplication@13400bfd
reloadAllAccessors: .ConfigurationSwitchCloningBugWithClassRelationGroup

===========================================================================================
----------------- testing Sun Jul 21 01:10:00 UTC 2019 /home/travis/build/icyphy/ptII/ptolemy/actor/lib/test/auto/ConfigurationSwitchSelectSDF.xml
----------------- Instantiating /home/travis/build/icyphy/ptII/ptolemy/actor/lib/test/auto/ConfigurationSwitchSelectSDF.xml
3 ms. Memory: 372736K Free: 157692K (42%)
----------------- Invoking toplevel() on ptolemy.moml.MoMLSimpleApplication@31d4c0a4
----------------- Done invoking toplevel() on ptolemy.moml.MoMLSimpleApplication@31d4c0a4
reloadAllAccessors: .ConfigurationSwitchSelectSDF

===========================================================================================
----------------- testing Sun Jul 21 01:10:00 UTC 2019 /home/travis/build/icyphy/ptII/ptolemy/actor/lib/test/auto/ConfigurationSwitchSelectSDF2.xml
----------------- Instantiating /home/travis/build/icyphy/ptII/ptolemy/actor/lib/test/auto/ConfigurationSwitchSelectSDF2.xml
2 ms. Memory: 372736K Free: 152062K (41%)
----------------- Invoking toplevel() on ptolemy.moml.MoMLSimpleApplication@246abbe8
----------------- Done invoking toplevel() on ptolemy.moml.MoMLSimpleApplication@246abbe8
reloadAllAccessors: .ConfigurationSwitchSelectSDF2

===========================================================================================
----------------- testing Sun Jul 21 01:10:00 UTC 2019 /home/travis/build/icyphy/ptII/ptolemy/actor/lib/test/auto/Const.xml
----------------- Instantiating /home/travis/build/icyphy/ptII/ptolemy/actor/lib/test/auto/Const.xml
1 ms. Memory: 372736K Free: 148476K (40%)
----------------- Invoking toplevel() on ptolemy.moml.MoMLSimpleApplication@56fcafc9
----------------- Done invoking toplevel() on ptolemy.moml.MoMLSimpleApplication@56fcafc9
reloadAllAccessors: .Const

===========================================================================================
----------------- testing Sun Jul 21 01:10:00 UTC 2019 /home/travis/build/icyphy/ptII/ptolemy/actor/lib/test/auto/Const2.xml
----------------- Instantiating /home/travis/build/icyphy/ptII/ptolemy/actor/lib/test/auto/Const2.xml
1 ms. Memory: 372736K Free: 144894K (39%)
----------------- Invoking toplevel() on ptolemy.moml.MoMLSimpleApplication@5f97e29
----------------- Done invoking toplevel() on ptolemy.moml.MoMLSimpleApplication@5f97e29
reloadAllAccessors: .Const2

===========================================================================================
----------------- testing Sun Jul 21 01:10:00 UTC 2019 /home/travis/build/icyphy/ptII/ptolemy/actor/lib/test/auto/Const3.xml
----------------- Instantiating /home/travis/build/icyphy/ptII/ptolemy/actor/lib/test/auto/Const3.xml
1 ms. Memory: 372736K Free: 141822K (38%)
----------------- Invoking toplevel() on ptolemy.moml.MoMLSimpleApplication@5b3e29c8
----------------- Done invoking toplevel() on ptolemy.moml.MoMLSimpleApplication@5b3e29c8
reloadAllAccessors: .Const3

===========================================================================================
----------------- testing Sun Jul 21 01:10:00 UTC 2019 /home/travis/build/icyphy/ptII/ptolemy/actor/lib/test/auto/ConstantPublisherPort1.xml
----------------- Instantiating /home/travis/build/icyphy/ptII/ptolemy/actor/lib/test/auto/ConstantPublisherPort1.xml
10 ms. Memory: 372736K Free: 132606K (36%)
----------------- Invoking toplevel() on ptolemy.moml.MoMLSimpleApplication@1ee2a0e8
----------------- Done invoking toplevel() on ptolemy.moml.MoMLSimpleApplication@1ee2a0e8
reloadAllAccessors: .ConstantPublisherPort1

===========================================================================================
----------------- testing Sun Jul 21 01:10:00 UTC 2019 /home/travis/build/icyphy/ptII/ptolemy/actor/lib/test/auto/ConstantPublisherPort2.xml
----------------- Instantiating /home/travis/build/icyphy/ptII/ptolemy/actor/lib/test/auto/ConstantPublisherPort2.xml
13 ms. Memory: 372736K Free: 125438K (34%)
----------------- Invoking toplevel() on ptolemy.moml.MoMLSimpleApplication@45e2c658
----------------- Done invoking toplevel() on ptolemy.moml.MoMLSimpleApplication@45e2c658
reloadAllAccessors: .ConstantPublisherPort2

===========================================================================================
----------------- testing Sun Jul 21 01:10:00 UTC 2019 /home/travis/build/icyphy/ptII/ptolemy/actor/lib/test/auto/ConstantPublisherPort3.xml
----------------- Instantiating /home/travis/build/icyphy/ptII/ptolemy/actor/lib/test/auto/ConstantPublisherPort3.xml
6 ms. Memory: 372736K Free: 117246K (31%)
----------------- Invoking toplevel() on ptolemy.moml.MoMLSimpleApplication@130a7157
----------------- Done invoking toplevel() on ptolemy.moml.MoMLSimpleApplication@130a7157
reloadAllAccessors: .ConstantPublisherPort3

===========================================================================================
----------------- testing Sun Jul 21 01:10:00 UTC 2019 /home/travis/build/icyphy/ptII/ptolemy/actor/lib/test/auto/ConstantPublisherPort4.xml
----------------- Instantiating /home/travis/build/icyphy/ptII/ptolemy/actor/lib/test/auto/ConstantPublisherPort4.xml
2 ms. Memory: 372736K Free: 110574K (30%)
----------------- Invoking toplevel() on ptolemy.moml.MoMLSimpleApplication@1a6d6ea6
----------------- Done invoking toplevel() on ptolemy.moml.MoMLSimpleApplication@1a6d6ea6
reloadAllAccessors: .ConstantPublisherPort4

===========================================================================================
----------------- testing Sun Jul 21 01:10:00 UTC 2019 /home/travis/build/icyphy/ptII/ptolemy/actor/lib/test/auto/ConstantPublisherPort5.xml
----------------- Instantiating /home/travis/build/icyphy/ptII/ptolemy/actor/lib/test/auto/ConstantPublisherPort5.xml
21 ms. Memory: 372736K Free: 321959K (86%)
----------------- Invoking toplevel() on ptolemy.moml.MoMLSimpleApplication@2ae8a341
----------------- Done invoking toplevel() on ptolemy.moml.MoMLSimpleApplication@2ae8a341
reloadAllAccessors: .ConstantPublisherPort5

===========================================================================================
----------------- testing Sun Jul 21 01:10:00 UTC 2019 /home/travis/build/icyphy/ptII/ptolemy/actor/lib/test/auto/ConstantPublisherPort6.xml
----------------- Instantiating /home/travis/build/icyphy/ptII/ptolemy/actor/lib/test/auto/ConstantPublisherPort6.xml
14 ms. Memory: 372736K Free: 312746K (84%)
----------------- Invoking toplevel() on ptolemy.moml.MoMLSimpleApplication@ae87ec6
----------------- Done invoking toplevel() on ptolemy.moml.MoMLSimpleApplication@ae87ec6
reloadAllAccessors: .ConstantPublisherPort6

===========================================================================================
----------------- testing Sun Jul 21 01:10:00 UTC 2019 /home/travis/build/icyphy/ptII/ptolemy/actor/lib/test/auto/ConstantPublisherPort7.xml
----------------- Instantiating /home/travis/build/icyphy/ptII/ptolemy/actor/lib/test/auto/ConstantPublisherPort7.xml
22 ms. Memory: 372736K Free: 303020K (81%)
----------------- Invoking toplevel() on ptolemy.moml.MoMLSimpleApplication@6a0aa348
----------------- Done invoking toplevel() on ptolemy.moml.MoMLSimpleApplication@6a0aa348
reloadAllAccessors: .ConstantPublisherPort7

===========================================================================================
----------------- testing Sun Jul 21 01:10:00 UTC 2019 /home/travis/build/icyphy/ptII/ptolemy/actor/lib/test/auto/ConstraintMonitor1.xml
----------------- Instantiating /home/travis/build/icyphy/ptII/ptolemy/actor/lib/test/auto/ConstraintMonitor1.xml
6 ms. Memory: 372736K Free: 298410K (80%)
----------------- Invoking toplevel() on ptolemy.moml.MoMLSimpleApplication@275d0c45
----------------- Done invoking toplevel() on ptolemy.moml.MoMLSimpleApplication@275d0c45
reloadAllAccessors: .ConstraintMonitor1

===========================================================================================
----------------- testing Sun Jul 21 01:10:00 UTC 2019 /home/travis/build/icyphy/ptII/ptolemy/actor/lib/test/auto/ConstraintMonitor2.xml
----------------- Instantiating /home/travis/build/icyphy/ptII/ptolemy/actor/lib/test/auto/ConstraintMonitor2.xml
6 ms. Memory: 372736K Free: 293804K (79%)
----------------- Invoking toplevel() on ptolemy.moml.MoMLSimpleApplication@2c017974
----------------- Done invoking toplevel() on ptolemy.moml.MoMLSimpleApplication@2c017974
reloadAllAccessors: .ConstraintMonitor2

===========================================================================================
----------------- testing Sun Jul 21 01:10:00 UTC 2019 /home/travis/build/icyphy/ptII/ptolemy/actor/lib/test/auto/ConstraintMonitor3.xml
----------------- Instantiating /home/travis/build/icyphy/ptII/ptolemy/actor/lib/test/auto/ConstraintMonitor3.xml
6 ms. Memory: 372736K Free: 289194K (78%)
----------------- Invoking toplevel() on ptolemy.moml.MoMLSimpleApplication@2e3ddc69
----------------- Done invoking toplevel() on ptolemy.moml.MoMLSimpleApplication@2e3ddc69
reloadAllAccessors: .ConstraintMonitor3

===========================================================================================
----------------- testing Sun Jul 21 01:10:00 UTC 2019 /home/travis/build/icyphy/ptII/ptolemy/actor/lib/test/auto/ConstraintMonitor4.xml
----------------- Instantiating /home/travis/build/icyphy/ptII/ptolemy/actor/lib/test/auto/ConstraintMonitor4.xml
5 ms. Memory: 372736K Free: 284588K (76%)
----------------- Invoking toplevel() on ptolemy.moml.MoMLSimpleApplication@7efef949
----------------- Done invoking toplevel() on ptolemy.moml.MoMLSimpleApplication@7efef949
reloadAllAccessors: .ConstraintMonitor4

===========================================================================================
----------------- testing Sun Jul 21 01:10:00 UTC 2019 /home/travis/build/icyphy/ptII/ptolemy/actor/lib/test/auto/ConstraintMonitor5.xml
----------------- Instantiating /home/travis/build/icyphy/ptII/ptolemy/actor/lib/test/auto/ConstraintMonitor5.xml
4 ms. Memory: 372736K Free: 278954K (75%)
----------------- Invoking toplevel() on ptolemy.moml.MoMLSimpleApplication@711dc9f8
----------------- Done invoking toplevel() on ptolemy.moml.MoMLSimpleApplication@711dc9f8
reloadAllAccessors: .ConstraintMonitor5

===========================================================================================
----------------- testing Sun Jul 21 01:10:00 UTC 2019 /home/travis/build/icyphy/ptII/ptolemy/actor/lib/test/auto/ConstraintMonitor6.xml
----------------- Instantiating /home/travis/build/icyphy/ptII/ptolemy/actor/lib/test/auto/ConstraintMonitor6.xml
6 ms. Memory: 372736K Free: 272796K (73%)
----------------- Invoking toplevel() on ptolemy.moml.MoMLSimpleApplication@522691b
----------------- Done invoking toplevel() on ptolemy.moml.MoMLSimpleApplication@522691b
reloadAllAccessors: .ConstraintMonitor6

===========================================================================================
----------------- testing Sun Jul 21 01:10:00 UTC 2019 /home/travis/build/icyphy/ptII/ptolemy/actor/lib/test/auto/ConstraintMonitor7.xml
----------------- Instantiating /home/travis/build/icyphy/ptII/ptolemy/actor/lib/test/auto/ConstraintMonitor7.xml
6 ms. Memory: 372736K Free: 266156K (71%)
----------------- Invoking toplevel() on ptolemy.moml.MoMLSimpleApplication@4f636e24
----------------- Done invoking toplevel() on ptolemy.moml.MoMLSimpleApplication@4f636e24
reloadAllAccessors: .ConstraintMonitor7

===========================================================================================
----------------- testing Sun Jul 21 01:10:00 UTC 2019 /home/travis/build/icyphy/ptII/ptolemy/actor/lib/test/auto/ConstraintMonitor8.xml
----------------- Instantiating /home/travis/build/icyphy/ptII/ptolemy/actor/lib/test/auto/ConstraintMonitor8.xml
6 ms. Memory: 372736K Free: 258474K (69%)
----------------- Invoking toplevel() on ptolemy.moml.MoMLSimpleApplication@4a18c513
----------------- Done invoking toplevel() on ptolemy.moml.MoMLSimpleApplication@4a18c513
reloadAllAccessors: .ConstraintMonitor8

===========================================================================================
----------------- testing Sun Jul 21 01:10:00 UTC 2019 /home/travis/build/icyphy/ptII/ptolemy/actor/lib/test/auto/Counter.xml
----------------- Instantiating /home/travis/build/icyphy/ptII/ptolemy/actor/lib/test/auto/Counter.xml
3 ms. Memory: 372736K Free: 253868K (68%)
----------------- Invoking toplevel() on ptolemy.moml.MoMLSimpleApplication@54e4f1a0
----------------- Done invoking toplevel() on ptolemy.moml.MoMLSimpleApplication@54e4f1a0
reloadAllAccessors: .Counter

===========================================================================================
----------------- testing Sun Jul 21 01:10:00 UTC 2019 /home/travis/build/icyphy/ptII/ptolemy/actor/lib/test/auto/CurrentTimeSDF.xml
----------------- Instantiating /home/travis/build/icyphy/ptII/ptolemy/actor/lib/test/auto/CurrentTimeSDF.xml
1 ms. Memory: 372736K Free: 249772K (67%)
----------------- Invoking toplevel() on ptolemy.moml.MoMLSimpleApplication@392ef2bd
----------------- Done invoking toplevel() on ptolemy.moml.MoMLSimpleApplication@392ef2bd
reloadAllAccessors: .CurrentTimeSDF

===========================================================================================
----------------- testing Sun Jul 21 01:10:00 UTC 2019 /home/travis/build/icyphy/ptII/ptolemy/actor/lib/test/auto/DB.xml
----------------- Instantiating /home/travis/build/icyphy/ptII/ptolemy/actor/lib/test/auto/DB.xml
4 ms. Memory: 372736K Free: 244138K (65%)
----------------- Invoking toplevel() on ptolemy.moml.MoMLSimpleApplication@19298727
----------------- Done invoking toplevel() on ptolemy.moml.MoMLSimpleApplication@19298727
reloadAllAccessors: .DB

===========================================================================================
----------------- testing Sun Jul 21 01:10:00 UTC 2019 /home/travis/build/icyphy/ptII/ptolemy/actor/lib/test/auto/DBDE.xml
----------------- Instantiating /home/travis/build/icyphy/ptII/ptolemy/actor/lib/test/auto/DBDE.xml
2 ms. Memory: 372736K Free: 238508K (64%)
----------------- Invoking toplevel() on ptolemy.moml.MoMLSimpleApplication@7b2b7cb7
----------------- Done invoking toplevel() on ptolemy.moml.MoMLSimpleApplication@7b2b7cb7
reloadAllAccessors: .DBDE

===========================================================================================
----------------- testing Sun Jul 21 01:10:00 UTC 2019 /home/travis/build/icyphy/ptII/ptolemy/actor/lib/test/auto/DateConstructor.xml
----------------- Instantiating /home/travis/build/icyphy/ptII/ptolemy/actor/lib/test/auto/DateConstructor.xml
35 ms. Memory: 372736K Free: 220586K (59%)
----------------- Invoking toplevel() on ptolemy.moml.MoMLSimpleApplication@66af682
----------------- Done invoking toplevel() on ptolemy.moml.MoMLSimpleApplication@66af682
reloadAllAccessors: .DateConstructor

===========================================================================================
----------------- testing Sun Jul 21 01:10:01 UTC 2019 /home/travis/build/icyphy/ptII/ptolemy/actor/lib/test/auto/DelayTime.xml
----------------- Instantiating /home/travis/build/icyphy/ptII/ptolemy/actor/lib/test/auto/DelayTime.xml
7 ms. Memory: 372736K Free: 215466K (58%)
----------------- Invoking toplevel() on ptolemy.moml.MoMLSimpleApplication@57cf859a
----------------- Done invoking toplevel() on ptolemy.moml.MoMLSimpleApplication@57cf859a
reloadAllAccessors: .DelayTime

===========================================================================================
----------------- testing Sun Jul 21 01:10:01 UTC 2019 /home/travis/build/icyphy/ptII/ptolemy/actor/lib/test/auto/Dictionary1.xml
----------------- Instantiating /home/travis/build/icyphy/ptII/ptolemy/actor/lib/test/auto/Dictionary1.xml
2 ms. Memory: 372736K Free: 210346K (56%)
----------------- Invoking toplevel() on ptolemy.moml.MoMLSimpleApplication@7afd914a
----------------- Done invoking toplevel() on ptolemy.moml.MoMLSimpleApplication@7afd914a
reloadAllAccessors: .Dictionary1

===========================================================================================
----------------- testing Sun Jul 21 01:10:01 UTC 2019 /home/travis/build/icyphy/ptII/ptolemy/actor/lib/test/auto/Dictionary2.xml
----------------- Instantiating /home/travis/build/icyphy/ptII/ptolemy/actor/lib/test/auto/Dictionary2.xml
5 ms. Memory: 372736K Free: 204716K (55%)
----------------- Invoking toplevel() on ptolemy.moml.MoMLSimpleApplication@2315e40
----------------- Done invoking toplevel() on ptolemy.moml.MoMLSimpleApplication@2315e40
reloadAllAccessors: .Dictionary2

===========================================================================================
----------------- testing Sun Jul 21 01:10:01 UTC 2019 /home/travis/build/icyphy/ptII/ptolemy/actor/lib/test/auto/Dictionary3.xml
----------------- Instantiating /home/travis/build/icyphy/ptII/ptolemy/actor/lib/test/auto/Dictionary3.xml
1 ms. Memory: 372736K Free: 199082K (53%)
----------------- Invoking toplevel() on ptolemy.moml.MoMLSimpleApplication@33014175
----------------- Done invoking toplevel() on ptolemy.moml.MoMLSimpleApplication@33014175
reloadAllAccessors: .Dictionary3

===========================================================================================
----------------- testing Sun Jul 21 01:10:01 UTC 2019 /home/travis/build/icyphy/ptII/ptolemy/actor/lib/test/auto/Dictionary4.xml
----------------- Instantiating /home/travis/build/icyphy/ptII/ptolemy/actor/lib/test/auto/Dictionary4.xml
3 ms. Memory: 372736K Free: 192428K (52%)
----------------- Invoking toplevel() on ptolemy.moml.MoMLSimpleApplication@162ba6c8
----------------- Done invoking toplevel() on ptolemy.moml.MoMLSimpleApplication@162ba6c8
reloadAllAccessors: .Dictionary4

===========================================================================================
----------------- testing Sun Jul 21 01:10:01 UTC 2019 /home/travis/build/icyphy/ptII/ptolemy/actor/lib/test/auto/Differential.xml
----------------- Instantiating /home/travis/build/icyphy/ptII/ptolemy/actor/lib/test/auto/Differential.xml
3 ms. Memory: 372736K Free: 187818K (50%)
----------------- Invoking toplevel() on ptolemy.moml.MoMLSimpleApplication@511b19d6
----------------- Done invoking toplevel() on ptolemy.moml.MoMLSimpleApplication@511b19d6
reloadAllAccessors: .Differential

===========================================================================================
----------------- testing Sun Jul 21 01:10:01 UTC 2019 /home/travis/build/icyphy/ptII/ptolemy/actor/lib/test/auto/Director.xml
----------------- Instantiating /home/travis/build/icyphy/ptII/ptolemy/actor/lib/test/auto/Director.xml
4 ms. Memory: 372736K Free: 183722K (49%)
----------------- Invoking toplevel() on ptolemy.moml.MoMLSimpleApplication@22cc8d5f
----------------- Done invoking toplevel() on ptolemy.moml.MoMLSimpleApplication@22cc8d5f
reloadAllAccessors: .Director

===========================================================================================
----------------- testing Sun Jul 21 01:10:01 UTC 2019 /home/travis/build/icyphy/ptII/ptolemy/actor/lib/test/auto/DiscreteClock.xml
----------------- Instantiating /home/travis/build/icyphy/ptII/ptolemy/actor/lib/test/auto/DiscreteClock.xml
1 ms. Memory: 372736K Free: 179626K (48%)
----------------- Invoking toplevel() on ptolemy.moml.MoMLSimpleApplication@77214211
----------------- Done invoking toplevel() on ptolemy.moml.MoMLSimpleApplication@77214211
reloadAllAccessors: .DiscreteClock

===========================================================================================
----------------- testing Sun Jul 21 01:10:01 UTC 2019 /home/travis/build/icyphy/ptII/ptolemy/actor/lib/test/auto/DiscreteClock10.xml
----------------- Instantiating /home/travis/build/icyphy/ptII/ptolemy/actor/lib/test/auto/DiscreteClock10.xml
4 ms. Memory: 372736K Free: 173996K (47%)
----------------- Invoking toplevel() on ptolemy.moml.MoMLSimpleApplication@5c16c450
----------------- Done invoking toplevel() on ptolemy.moml.MoMLSimpleApplication@5c16c450
reloadAllAccessors: .DiscreteClock10

===========================================================================================
----------------- testing Sun Jul 21 01:10:01 UTC 2019 /home/travis/build/icyphy/ptII/ptolemy/actor/lib/test/auto/DiscreteClock11.xml
----------------- Instantiating /home/travis/build/icyphy/ptII/ptolemy/actor/lib/test/auto/DiscreteClock11.xml
3 ms. Memory: 372736K Free: 167852K (45%)
----------------- Invoking toplevel() on ptolemy.moml.MoMLSimpleApplication@34e26c98
----------------- Done invoking toplevel() on ptolemy.moml.MoMLSimpleApplication@34e26c98
reloadAllAccessors: .DiscreteClock11

===========================================================================================
----------------- testing Sun Jul 21 01:10:01 UTC 2019 /home/travis/build/icyphy/ptII/ptolemy/actor/lib/test/auto/DiscreteClock12.xml
----------------- Instantiating /home/travis/build/icyphy/ptII/ptolemy/actor/lib/test/auto/DiscreteClock12.xml
3 ms. Memory: 372736K Free: 161708K (43%)
----------------- Invoking toplevel() on ptolemy.moml.MoMLSimpleApplication@755a4a89
----------------- Done invoking toplevel() on ptolemy.moml.MoMLSimpleApplication@755a4a89
reloadAllAccessors: .DiscreteClock12

===========================================================================================
----------------- testing Sun Jul 21 01:10:01 UTC 2019 /home/travis/build/icyphy/ptII/ptolemy/actor/lib/test/auto/DiscreteClock13.xml
----------------- Instantiating /home/travis/build/icyphy/ptII/ptolemy/actor/lib/test/auto/DiscreteClock13.xml
3 ms. Memory: 372736K Free: 155564K (42%)
----------------- Invoking toplevel() on ptolemy.moml.MoMLSimpleApplication@24be518e
----------------- Done invoking toplevel() on ptolemy.moml.MoMLSimpleApplication@24be518e
reloadAllAccessors: .DiscreteClock13

===========================================================================================
----------------- testing Sun Jul 21 01:10:01 UTC 2019 /home/travis/build/icyphy/ptII/ptolemy/actor/lib/test/auto/DiscreteClock14.xml
----------------- Instantiating /home/travis/build/icyphy/ptII/ptolemy/actor/lib/test/auto/DiscreteClock14.xml
3 ms. Memory: 372736K Free: 149924K (40%)
----------------- Invoking toplevel() on ptolemy.moml.MoMLSimpleApplication@7b5b3f39
----------------- Done invoking toplevel() on ptolemy.moml.MoMLSimpleApplication@7b5b3f39
reloadAllAccessors: .DiscreteClock14

===========================================================================================
----------------- testing Sun Jul 21 01:10:01 UTC 2019 /home/travis/build/icyphy/ptII/ptolemy/actor/lib/test/auto/DiscreteClock15.xml
----------------- Instantiating /home/travis/build/icyphy/ptII/ptolemy/actor/lib/test/auto/DiscreteClock15.xml
3 ms. Memory: 372736K Free: 143756K (39%)
----------------- Invoking toplevel() on ptolemy.moml.MoMLSimpleApplication@666473e9
----------------- Done invoking toplevel() on ptolemy.moml.MoMLSimpleApplication@666473e9
reloadAllAccessors: .DiscreteClock15

===========================================================================================
----------------- testing Sun Jul 21 01:10:01 UTC 2019 /home/travis/build/icyphy/ptII/ptolemy/actor/lib/test/auto/DiscreteClock16.xml
----------------- Instantiating /home/travis/build/icyphy/ptII/ptolemy/actor/lib/test/auto/DiscreteClock16.xml
17 ms. Memory: 372736K Free: 129964K (35%)
----------------- Invoking toplevel() on ptolemy.moml.MoMLSimpleApplication@dae248f
----------------- Done invoking toplevel() on ptolemy.moml.MoMLSimpleApplication@dae248f
reloadAllAccessors: .DiscreteClock16

===========================================================================================
----------------- testing Sun Jul 21 01:10:01 UTC 2019 /home/travis/build/icyphy/ptII/ptolemy/actor/lib/test/auto/DiscreteClock17.xml
----------------- Instantiating /home/travis/build/icyphy/ptII/ptolemy/actor/lib/test/auto/DiscreteClock17.xml
13 ms. Memory: 372736K Free: 115100K (31%)
----------------- Invoking toplevel() on ptolemy.moml.MoMLSimpleApplication@60dfe118
----------------- Done invoking toplevel() on ptolemy.moml.MoMLSimpleApplication@60dfe118
reloadAllAccessors: .DiscreteClock17

===========================================================================================
----------------- testing Sun Jul 21 01:10:01 UTC 2019 /home/travis/build/icyphy/ptII/ptolemy/actor/lib/test/auto/DiscreteClock18.xml
----------------- Instantiating /home/travis/build/icyphy/ptII/ptolemy/actor/lib/test/auto/DiscreteClock18.xml
10 ms. Memory: 372736K Free: 321128K (86%)
----------------- Invoking toplevel() on ptolemy.moml.MoMLSimpleApplication@1590fa3a
----------------- Done invoking toplevel() on ptolemy.moml.MoMLSimpleApplication@1590fa3a
reloadAllAccessors: .DiscreteClock18

===========================================================================================
----------------- testing Sun Jul 21 01:10:01 UTC 2019 /home/travis/build/icyphy/ptII/ptolemy/actor/lib/test/auto/DiscreteClock19.xml
----------------- Instantiating /home/travis/build/icyphy/ptII/ptolemy/actor/lib/test/auto/DiscreteClock19.xml
11 ms. Memory: 372736K Free: 307306K (82%)
----------------- Invoking toplevel() on ptolemy.moml.MoMLSimpleApplication@2ce6b5bd
----------------- Done invoking toplevel() on ptolemy.moml.MoMLSimpleApplication@2ce6b5bd
reloadAllAccessors: .DiscreteClock19

===========================================================================================
----------------- testing Sun Jul 21 01:10:01 UTC 2019 /home/travis/build/icyphy/ptII/ptolemy/actor/lib/test/auto/DiscreteClock2.xml
----------------- Instantiating /home/travis/build/icyphy/ptII/ptolemy/actor/lib/test/auto/DiscreteClock2.xml
5 ms. Memory: 372736K Free: 302186K (81%)
----------------- Invoking toplevel() on ptolemy.moml.MoMLSimpleApplication@4c03f124
----------------- Done invoking toplevel() on ptolemy.moml.MoMLSimpleApplication@4c03f124
reloadAllAccessors: .DiscreteClock2

===========================================================================================
----------------- testing Sun Jul 21 01:10:01 UTC 2019 /home/travis/build/icyphy/ptII/ptolemy/actor/lib/test/auto/DiscreteClock20.xml
----------------- Instantiating /home/travis/build/icyphy/ptII/ptolemy/actor/lib/test/auto/DiscreteClock20.xml
3 ms. Memory: 372736K Free: 296552K (80%)
----------------- Invoking toplevel() on ptolemy.moml.MoMLSimpleApplication@55e736f
----------------- Done invoking toplevel() on ptolemy.moml.MoMLSimpleApplication@55e736f
reloadAllAccessors: .DiscreteClock20

===========================================================================================
----------------- testing Sun Jul 21 01:10:01 UTC 2019 /home/travis/build/icyphy/ptII/ptolemy/actor/lib/test/auto/DiscreteClock21.xml
----------------- Instantiating /home/travis/build/icyphy/ptII/ptolemy/actor/lib/test/auto/DiscreteClock21.xml
6 ms. Memory: 372736K Free: 290922K (78%)
----------------- Invoking toplevel() on ptolemy.moml.MoMLSimpleApplication@1c299df5
----------------- Done invoking toplevel() on ptolemy.moml.MoMLSimpleApplication@1c299df5
reloadAllAccessors: .DiscreteClock21

===========================================================================================
----------------- testing Sun Jul 21 01:10:01 UTC 2019 /home/travis/build/icyphy/ptII/ptolemy/actor/lib/test/auto/DiscreteClock22.xml
----------------- Instantiating /home/travis/build/icyphy/ptII/ptolemy/actor/lib/test/auto/DiscreteClock22.xml
5 ms. Memory: 372736K Free: 285802K (77%)
----------------- Invoking toplevel() on ptolemy.moml.MoMLSimpleApplication@66fdcba6
----------------- Done invoking toplevel() on ptolemy.moml.MoMLSimpleApplication@66fdcba6
reloadAllAccessors: .DiscreteClock22

===========================================================================================
----------------- testing Sun Jul 21 01:10:01 UTC 2019 /home/travis/build/icyphy/ptII/ptolemy/actor/lib/test/auto/DiscreteClock23.xml
----------------- Instantiating /home/travis/build/icyphy/ptII/ptolemy/actor/lib/test/auto/DiscreteClock23.xml
5 ms. Memory: 372736K Free: 280168K (75%)
----------------- Invoking toplevel() on ptolemy.moml.MoMLSimpleApplication@7820915e
----------------- Done invoking toplevel() on ptolemy.moml.MoMLSimpleApplication@7820915e
reloadAllAccessors: .DiscreteClock23

===========================================================================================
----------------- testing Sun Jul 21 01:10:01 UTC 2019 /home/travis/build/icyphy/ptII/ptolemy/actor/lib/test/auto/DiscreteClock24.xml
----------------- Instantiating /home/travis/build/icyphy/ptII/ptolemy/actor/lib/test/auto/DiscreteClock24.xml
5 ms. Memory: 372736K Free: 274538K (74%)
----------------- Invoking toplevel() on ptolemy.moml.MoMLSimpleApplication@319efdb7
----------------- Done invoking toplevel() on ptolemy.moml.MoMLSimpleApplication@319efdb7
reloadAllAccessors: .DiscreteClock24

===========================================================================================
----------------- testing Sun Jul 21 01:10:01 UTC 2019 /home/travis/build/icyphy/ptII/ptolemy/actor/lib/test/auto/DiscreteClock4.xml
----------------- Instantiating /home/travis/build/icyphy/ptII/ptolemy/actor/lib/test/auto/DiscreteClock4.xml
4 ms. Memory: 372736K Free: 268890K (72%)
----------------- Invoking toplevel() on ptolemy.moml.MoMLSimpleApplication@1fa79425
----------------- Done invoking toplevel() on ptolemy.moml.MoMLSimpleApplication@1fa79425
reloadAllAccessors: .DiscreteClock4

===========================================================================================
----------------- testing Sun Jul 21 01:10:01 UTC 2019 /home/travis/build/icyphy/ptII/ptolemy/actor/lib/test/auto/DiscreteClock5.xml
----------------- Instantiating /home/travis/build/icyphy/ptII/ptolemy/actor/lib/test/auto/DiscreteClock5.xml
2 ms. Memory: 372736K Free: 263770K (71%)
----------------- Invoking toplevel() on ptolemy.moml.MoMLSimpleApplication@66f27b5f
----------------- Done invoking toplevel() on ptolemy.moml.MoMLSimpleApplication@66f27b5f
reloadAllAccessors: .DiscreteClock5

===========================================================================================
----------------- testing Sun Jul 21 01:10:01 UTC 2019 /home/travis/build/icyphy/ptII/ptolemy/actor/lib/test/auto/DiscreteClock6.xml
----------------- Instantiating /home/travis/build/icyphy/ptII/ptolemy/actor/lib/test/auto/DiscreteClock6.xml
1 ms. Memory: 372736K Free: 259178K (70%)
----------------- Invoking toplevel() on ptolemy.moml.MoMLSimpleApplication@5d64dcb0
----------------- Done invoking toplevel() on ptolemy.moml.MoMLSimpleApplication@5d64dcb0
reloadAllAccessors: .DiscreteClock6

===========================================================================================
----------------- testing Sun Jul 21 01:10:01 UTC 2019 /home/travis/build/icyphy/ptII/ptolemy/actor/lib/test/auto/DiscreteClock7.xml
----------------- Instantiating /home/travis/build/icyphy/ptII/ptolemy/actor/lib/test/auto/DiscreteClock7.xml
2 ms. Memory: 372736K Free: 254568K (68%)
----------------- Invoking toplevel() on ptolemy.moml.MoMLSimpleApplication@676c5276
----------------- Done invoking toplevel() on ptolemy.moml.MoMLSimpleApplication@676c5276
reloadAllAccessors: .DiscreteClock7

===========================================================================================
----------------- testing Sun Jul 21 01:10:01 UTC 2019 /home/travis/build/icyphy/ptII/ptolemy/actor/lib/test/auto/DiscreteClock8.xml
----------------- Instantiating /home/travis/build/icyphy/ptII/ptolemy/actor/lib/test/auto/DiscreteClock8.xml
6 ms. Memory: 372736K Free: 248938K (67%)
----------------- Invoking toplevel() on ptolemy.moml.MoMLSimpleApplication@7e141c92
----------------- Done invoking toplevel() on ptolemy.moml.MoMLSimpleApplication@7e141c92
reloadAllAccessors: .DiscreteClock8

===========================================================================================
----------------- testing Sun Jul 21 01:10:01 UTC 2019 /home/travis/build/icyphy/ptII/ptolemy/actor/lib/test/auto/DiscreteClock9.xml
----------------- Instantiating /home/travis/build/icyphy/ptII/ptolemy/actor/lib/test/auto/DiscreteClock9.xml
5 ms. Memory: 372736K Free: 242794K (65%)
----------------- Invoking toplevel() on ptolemy.moml.MoMLSimpleApplication@2d2de1db
----------------- Done invoking toplevel() on ptolemy.moml.MoMLSimpleApplication@2d2de1db
reloadAllAccessors: .DiscreteClock9

===========================================================================================
----------------- testing Sun Jul 21 01:10:01 UTC 2019 /home/travis/build/icyphy/ptII/ptolemy/actor/lib/test/auto/DisplayArray.xml
----------------- Instantiating /home/travis/build/icyphy/ptII/ptolemy/actor/lib/test/auto/DisplayArray.xml
2 ms. Memory: 372736K Free: 239722K (64%)
----------------- Invoking toplevel() on ptolemy.moml.MoMLSimpleApplication@41513e53
----------------- Done invoking toplevel() on ptolemy.moml.MoMLSimpleApplication@41513e53
reloadAllAccessors: .DisplayArray

===========================================================================================
----------------- testing Sun Jul 21 01:10:01 UTC 2019 /home/travis/build/icyphy/ptII/ptolemy/actor/lib/test/auto/Distributor.xml
----------------- Instantiating /home/travis/build/icyphy/ptII/ptolemy/actor/lib/test/auto/Distributor.xml
1 ms. Memory: 372736K Free: 234602K (63%)
----------------- Invoking toplevel() on ptolemy.moml.MoMLSimpleApplication@1c4fac41
----------------- Done invoking toplevel() on ptolemy.moml.MoMLSimpleApplication@1c4fac41
reloadAllAccessors: .Distributor

===========================================================================================
----------------- testing Sun Jul 21 01:10:01 UTC 2019 /home/travis/build/icyphy/ptII/ptolemy/actor/lib/test/auto/Distributor2.xml
----------------- Instantiating /home/travis/build/icyphy/ptII/ptolemy/actor/lib/test/auto/Distributor2.xml
1 ms. Memory: 372736K Free: 229992K (62%)
----------------- Invoking toplevel() on ptolemy.moml.MoMLSimpleApplication@21f7c353
----------------- Done invoking toplevel() on ptolemy.moml.MoMLSimpleApplication@21f7c353
reloadAllAccessors: .Distributor2

===========================================================================================
----------------- testing Sun Jul 21 01:10:01 UTC 2019 /home/travis/build/icyphy/ptII/ptolemy/actor/lib/test/auto/DownSample.xml
----------------- Instantiating /home/travis/build/icyphy/ptII/ptolemy/actor/lib/test/auto/DownSample.xml
1 ms. Memory: 372736K Free: 225386K (60%)
----------------- Invoking toplevel() on ptolemy.moml.MoMLSimpleApplication@3ffb46ad
----------------- Done invoking toplevel() on ptolemy.moml.MoMLSimpleApplication@3ffb46ad
reloadAllAccessors: .DownSample

===========================================================================================
----------------- testing Sun Jul 21 01:10:01 UTC 2019 /home/travis/build/icyphy/ptII/ptolemy/actor/lib/test/auto/ElectronicUnitBase1.xml
----------------- Instantiating /home/travis/build/icyphy/ptII/ptolemy/actor/lib/test/auto/ElectronicUnitBase1.xml
22 ms. Memory: 372736K Free: 210026K (56%)
----------------- Invoking toplevel() on ptolemy.moml.MoMLSimpleApplication@57cb96d0
----------------- Done invoking toplevel() on ptolemy.moml.MoMLSimpleApplication@57cb96d0
reloadAllAccessors: .ElectronicUnitBase1

===========================================================================================
----------------- testing Sun Jul 21 01:10:01 UTC 2019 /home/travis/build/icyphy/ptII/ptolemy/actor/lib/test/auto/ElementsToArray.xml
----------------- Instantiating /home/travis/build/icyphy/ptII/ptolemy/actor/lib/test/auto/ElementsToArray.xml
3 ms. Memory: 372736K Free: 204906K (55%)
----------------- Invoking toplevel() on ptolemy.moml.MoMLSimpleApplication@18d4c9d2
----------------- Done invoking toplevel() on ptolemy.moml.MoMLSimpleApplication@18d4c9d2
reloadAllAccessors: .ElementsToArray

===========================================================================================
----------------- testing Sun Jul 21 01:10:01 UTC 2019 /home/travis/build/icyphy/ptII/ptolemy/actor/lib/test/auto/Equals.xml
----------------- Instantiating /home/travis/build/icyphy/ptII/ptolemy/actor/lib/test/auto/Equals.xml
3 ms. Memory: 372736K Free: 200296K (54%)
----------------- Invoking toplevel() on ptolemy.moml.MoMLSimpleApplication@3ea93e27
----------------- Done invoking toplevel() on ptolemy.moml.MoMLSimpleApplication@3ea93e27
reloadAllAccessors: .Equals

===========================================================================================
----------------- testing Sun Jul 21 01:10:01 UTC 2019 /home/travis/build/icyphy/ptII/ptolemy/actor/lib/test/auto/Exec.xml
----------------- Instantiating /home/travis/build/icyphy/ptII/ptolemy/actor/lib/test/auto/Exec.xml
20 ms. Memory: 372736K Free: 194664K (52%)
----------------- Invoking toplevel() on ptolemy.moml.MoMLSimpleApplication@3ed7a18c
----------------- Done invoking toplevel() on ptolemy.moml.MoMLSimpleApplication@3ed7a18c
reloadAllAccessors: .Exec

===========================================================================================
----------------- testing Sun Jul 21 01:10:01 UTC 2019 /home/travis/build/icyphy/ptII/ptolemy/actor/lib/test/auto/ExecEnvironment.xml
----------------- Instantiating /home/travis/build/icyphy/ptII/ptolemy/actor/lib/test/auto/ExecEnvironment.xml
23 ms. Memory: 372736K Free: 189018K (51%)
----------------- Invoking toplevel() on ptolemy.moml.MoMLSimpleApplication@1cba693a
----------------- Done invoking toplevel() on ptolemy.moml.MoMLSimpleApplication@1cba693a
reloadAllAccessors: .ExecEnvironment

===========================================================================================
----------------- testing Sun Jul 21 01:10:02 UTC 2019 /home/travis/build/icyphy/ptII/ptolemy/actor/lib/test/auto/ExecNonZeroReturnOutput.xml
----------------- Instantiating /home/travis/build/icyphy/ptII/ptolemy/actor/lib/test/auto/ExecNonZeroReturnOutput.xml
190 ms. Memory: 372736K Free: 178282K (48%)
----------------- Invoking toplevel() on ptolemy.moml.MoMLSimpleApplication@44649529
----------------- Done invoking toplevel() on ptolemy.moml.MoMLSimpleApplication@44649529
reloadAllAccessors: .ExecNonZeroReturnOutput

===========================================================================================
----------------- testing Sun Jul 21 01:10:02 UTC 2019 /home/travis/build/icyphy/ptII/ptolemy/actor/lib/test/auto/ExecRunDemos.xml
----------------- Instantiating /home/travis/build/icyphy/ptII/ptolemy/actor/lib/test/auto/ExecRunDemos.xml
Finished: 89 ms. Memory: 120832K Free: 104345K (86%)

Finished: 88 ms. Memory: 120832K Free: 109676K (91%)

Finished: 99 ms. Memory: 120832K Free: 110830K (92%)

Finished: 69 ms. Memory: 120832K Free: 103227K (85%)

Finished: 79 ms. Memory: 120832K Free: 104060K (86%)

11161 ms. Memory: 372736K Free: 156776K (42%)
----------------- Invoking toplevel() on ptolemy.moml.MoMLSimpleApplication@2c453cb1
----------------- Done invoking toplevel() on ptolemy.moml.MoMLSimpleApplication@2c453cb1
reloadAllAccessors: .ExecRunDemos

===========================================================================================
----------------- testing Sun Jul 21 01:10:13 UTC 2019 /home/travis/build/icyphy/ptII/ptolemy/actor/lib/test/auto/ExecStop.xml
----------------- Instantiating /home/travis/build/icyphy/ptII/ptolemy/actor/lib/test/auto/ExecStop.xml
5024 ms. Memory: 372736K Free: 255827K (69%)
----------------- Invoking toplevel() on ptolemy.moml.MoMLSimpleApplication@6b30b98b
----------------- Done invoking toplevel() on ptolemy.moml.MoMLSimpleApplication@6b30b98b
reloadAllAccessors: .ExecStop

===========================================================================================
----------------- testing Sun Jul 21 01:10:18 UTC 2019 /home/travis/build/icyphy/ptII/ptolemy/actor/lib/test/auto/ExecutionTimeSDF.xml
----------------- Instantiating /home/travis/build/icyphy/ptII/ptolemy/actor/lib/test/auto/ExecutionTimeSDF.xml
Fired ExecutionTime: -2002967296
Fired ExecutionTime: 1070400000
Fired ExecutionTime: -1090167296
6005 ms. Memory: 372736K Free: 243031K (65%)
----------------- Invoking toplevel() on ptolemy.moml.MoMLSimpleApplication@14dac3b7
----------------- Done invoking toplevel() on ptolemy.moml.MoMLSimpleApplication@14dac3b7
reloadAllAccessors: .ExecutionTimeSDF

===========================================================================================
----------------- testing Sun Jul 21 01:10:24 UTC 2019 /home/travis/build/icyphy/ptII/ptolemy/actor/lib/test/auto/Expression1.xml
----------------- Instantiating /home/travis/build/icyphy/ptII/ptolemy/actor/lib/test/auto/Expression1.xml
2 ms. Memory: 372736K Free: 239959K (64%)
----------------- Invoking toplevel() on ptolemy.moml.MoMLSimpleApplication@51cfe563
----------------- Done invoking toplevel() on ptolemy.moml.MoMLSimpleApplication@51cfe563
reloadAllAccessors: .Expression1

===========================================================================================
----------------- testing Sun Jul 21 01:10:24 UTC 2019 /home/travis/build/icyphy/ptII/ptolemy/actor/lib/test/auto/Expression10.xml
----------------- Instantiating /home/travis/build/icyphy/ptII/ptolemy/actor/lib/test/auto/Expression10.xml
7 ms. Memory: 372736K Free: 234325K (63%)
----------------- Invoking toplevel() on ptolemy.moml.MoMLSimpleApplication@62b8a43c
----------------- Done invoking toplevel() on ptolemy.moml.MoMLSimpleApplication@62b8a43c
reloadAllAccessors: .Expression10

===========================================================================================
----------------- testing Sun Jul 21 01:10:24 UTC 2019 /home/travis/build/icyphy/ptII/ptolemy/actor/lib/test/auto/Expression11.xml
----------------- Instantiating /home/travis/build/icyphy/ptII/ptolemy/actor/lib/test/auto/Expression11.xml
4 ms. Memory: 372736K Free: 229717K (62%)
----------------- Invoking toplevel() on ptolemy.moml.MoMLSimpleApplication@4973cfa
----------------- Done invoking toplevel() on ptolemy.moml.MoMLSimpleApplication@4973cfa
reloadAllAccessors: .Expression11

===========================================================================================
----------------- testing Sun Jul 21 01:10:24 UTC 2019 /home/travis/build/icyphy/ptII/ptolemy/actor/lib/test/auto/Expression12.xml
----------------- Instantiating /home/travis/build/icyphy/ptII/ptolemy/actor/lib/test/auto/Expression12.xml
3 ms. Memory: 372736K Free: 224599K (60%)
----------------- Invoking toplevel() on ptolemy.moml.MoMLSimpleApplication@34d4d39a
----------------- Done invoking toplevel() on ptolemy.moml.MoMLSimpleApplication@34d4d39a
reloadAllAccessors: .Expression12

===========================================================================================
----------------- testing Sun Jul 21 01:10:24 UTC 2019 /home/travis/build/icyphy/ptII/ptolemy/actor/lib/test/auto/Expression13.xml
----------------- Instantiating /home/travis/build/icyphy/ptII/ptolemy/actor/lib/test/auto/Expression13.xml
4 ms. Memory: 372736K Free: 219479K (59%)
----------------- Invoking toplevel() on ptolemy.moml.MoMLSimpleApplication@34477b73
----------------- Done invoking toplevel() on ptolemy.moml.MoMLSimpleApplication@34477b73
reloadAllAccessors: .Expression13

===========================================================================================
----------------- testing Sun Jul 21 01:10:24 UTC 2019 /home/travis/build/icyphy/ptII/ptolemy/actor/lib/test/auto/Expression14.xml
----------------- Instantiating /home/travis/build/icyphy/ptII/ptolemy/actor/lib/test/auto/Expression14.xml
8 ms. Memory: 372736K Free: 213845K (57%)
----------------- Invoking toplevel() on ptolemy.moml.MoMLSimpleApplication@541ab943
----------------- Done invoking toplevel() on ptolemy.moml.MoMLSimpleApplication@541ab943
reloadAllAccessors: .Expression14

===========================================================================================
----------------- testing Sun Jul 21 01:10:24 UTC 2019 /home/travis/build/icyphy/ptII/ptolemy/actor/lib/test/auto/Expression15.xml
----------------- Instantiating /home/travis/build/icyphy/ptII/ptolemy/actor/lib/test/auto/Expression15.xml
1 ms. Memory: 372736K Free: 210263K (56%)
----------------- Invoking toplevel() on ptolemy.moml.MoMLSimpleApplication@3d2be270
----------------- Done invoking toplevel() on ptolemy.moml.MoMLSimpleApplication@3d2be270
reloadAllAccessors: .Expression15

===========================================================================================
----------------- testing Sun Jul 21 01:10:24 UTC 2019 /home/travis/build/icyphy/ptII/ptolemy/actor/lib/test/auto/Expression16.xml
----------------- Instantiating /home/travis/build/icyphy/ptII/ptolemy/actor/lib/test/auto/Expression16.xml
3 ms. Memory: 372736K Free: 205653K (55%)
----------------- Invoking toplevel() on ptolemy.moml.MoMLSimpleApplication@3899fd04
----------------- Done invoking toplevel() on ptolemy.moml.MoMLSimpleApplication@3899fd04
reloadAllAccessors: .Expression16

===========================================================================================
----------------- testing Sun Jul 21 01:10:24 UTC 2019 /home/travis/build/icyphy/ptII/ptolemy/actor/lib/test/auto/Expression17.xml
----------------- Instantiating /home/travis/build/icyphy/ptII/ptolemy/actor/lib/test/auto/Expression17.xml
7 ms. Memory: 372736K Free: 200533K (54%)
----------------- Invoking toplevel() on ptolemy.moml.MoMLSimpleApplication@72e2adf8
----------------- Done invoking toplevel() on ptolemy.moml.MoMLSimpleApplication@72e2adf8
reloadAllAccessors: .Expression17

===========================================================================================
----------------- testing Sun Jul 21 01:10:24 UTC 2019 /home/travis/build/icyphy/ptII/ptolemy/actor/lib/test/auto/Expression18.xml
----------------- Instantiating /home/travis/build/icyphy/ptII/ptolemy/actor/lib/test/auto/Expression18.xml
4 ms. Memory: 372736K Free: 195413K (52%)
----------------- Invoking toplevel() on ptolemy.moml.MoMLSimpleApplication@6c6b8ee1
----------------- Done invoking toplevel() on ptolemy.moml.MoMLSimpleApplication@6c6b8ee1
reloadAllAccessors: .Expression18

===========================================================================================
----------------- testing Sun Jul 21 01:10:24 UTC 2019 /home/travis/build/icyphy/ptII/ptolemy/actor/lib/test/auto/Expression2.xml
----------------- Instantiating /home/travis/build/icyphy/ptII/ptolemy/actor/lib/test/auto/Expression2.xml
3 ms. Memory: 372736K Free: 190807K (51%)
----------------- Invoking toplevel() on ptolemy.moml.MoMLSimpleApplication@2bd7aa21
----------------- Done invoking toplevel() on ptolemy.moml.MoMLSimpleApplication@2bd7aa21
reloadAllAccessors: .Expression2

===========================================================================================
----------------- testing Sun Jul 21 01:10:24 UTC 2019 /home/travis/build/icyphy/ptII/ptolemy/actor/lib/test/auto/Expression3.xml
----------------- Instantiating /home/travis/build/icyphy/ptII/ptolemy/actor/lib/test/auto/Expression3.xml
6 ms. Memory: 372736K Free: 185687K (50%)
----------------- Invoking toplevel() on ptolemy.moml.MoMLSimpleApplication@3cfb38ed
----------------- Done invoking toplevel() on ptolemy.moml.MoMLSimpleApplication@3cfb38ed
reloadAllAccessors: .Expression3

===========================================================================================
----------------- testing Sun Jul 21 01:10:24 UTC 2019 /home/travis/build/icyphy/ptII/ptolemy/actor/lib/test/auto/Expression4.xml
----------------- Instantiating /home/travis/build/icyphy/ptII/ptolemy/actor/lib/test/auto/Expression4.xml
6 ms. Memory: 372736K Free: 178519K (48%)
----------------- Invoking toplevel() on ptolemy.moml.MoMLSimpleApplication@bd2d267
----------------- Done invoking toplevel() on ptolemy.moml.MoMLSimpleApplication@bd2d267
reloadAllAccessors: .Expression4

===========================================================================================
----------------- testing Sun Jul 21 01:10:24 UTC 2019 /home/travis/build/icyphy/ptII/ptolemy/actor/lib/test/auto/Expression5.xml
----------------- Instantiating /home/travis/build/icyphy/ptII/ptolemy/actor/lib/test/auto/Expression5.xml
4 ms. Memory: 372736K Free: 173399K (47%)
----------------- Invoking toplevel() on ptolemy.moml.MoMLSimpleApplication@2de660af
----------------- Done invoking toplevel() on ptolemy.moml.MoMLSimpleApplication@2de660af
reloadAllAccessors: .Expression5

===========================================================================================
----------------- testing Sun Jul 21 01:10:24 UTC 2019 /home/travis/build/icyphy/ptII/ptolemy/actor/lib/test/auto/Expression6.xml
----------------- Instantiating /home/travis/build/icyphy/ptII/ptolemy/actor/lib/test/auto/Expression6.xml
2 ms. Memory: 372736K Free: 168789K (45%)
----------------- Invoking toplevel() on ptolemy.moml.MoMLSimpleApplication@441cb6d4
----------------- Done invoking toplevel() on ptolemy.moml.MoMLSimpleApplication@441cb6d4
reloadAllAccessors: .Expression6

===========================================================================================
----------------- testing Sun Jul 21 01:10:24 UTC 2019 /home/travis/build/icyphy/ptII/ptolemy/actor/lib/test/auto/Expression7.xml
----------------- Instantiating /home/travis/build/icyphy/ptII/ptolemy/actor/lib/test/auto/Expression7.xml
2 ms. Memory: 372736K Free: 164183K (44%)
----------------- Invoking toplevel() on ptolemy.moml.MoMLSimpleApplication@1d3a475a
----------------- Done invoking toplevel() on ptolemy.moml.MoMLSimpleApplication@1d3a475a
reloadAllAccessors: .Expression7

===========================================================================================
----------------- testing Sun Jul 21 01:10:24 UTC 2019 /home/travis/build/icyphy/ptII/ptolemy/actor/lib/test/auto/Expression8.xml
----------------- Instantiating /home/travis/build/icyphy/ptII/ptolemy/actor/lib/test/auto/Expression8.xml
9 ms. Memory: 372736K Free: 159063K (43%)
----------------- Invoking toplevel() on ptolemy.moml.MoMLSimpleApplication@799f31cb
----------------- Done invoking toplevel() on ptolemy.moml.MoMLSimpleApplication@799f31cb
reloadAllAccessors: .Expression8

===========================================================================================
----------------- testing Sun Jul 21 01:10:24 UTC 2019 /home/travis/build/icyphy/ptII/ptolemy/actor/lib/test/auto/Expression9.xml
----------------- Instantiating /home/travis/build/icyphy/ptII/ptolemy/actor/lib/test/auto/Expression9.xml
1 ms. Memory: 372736K Free: 154967K (42%)
----------------- Invoking toplevel() on ptolemy.moml.MoMLSimpleApplication@6e29c5cc
----------------- Done invoking toplevel() on ptolemy.moml.MoMLSimpleApplication@6e29c5cc
reloadAllAccessors: .Expression9

===========================================================================================
----------------- testing Sun Jul 21 01:10:24 UTC 2019 /home/travis/build/icyphy/ptII/ptolemy/actor/lib/test/auto/ExpressionConcatenateArrayType.xml
----------------- Instantiating /home/travis/build/icyphy/ptII/ptolemy/actor/lib/test/auto/ExpressionConcatenateArrayType.xml
3 ms. Memory: 372736K Free: 148823K (40%)
----------------- Invoking toplevel() on ptolemy.moml.MoMLSimpleApplication@465c6fab
----------------- Done invoking toplevel() on ptolemy.moml.MoMLSimpleApplication@465c6fab
reloadAllAccessors: .ExpressionConcatenateArrayType

===========================================================================================
----------------- testing Sun Jul 21 01:10:24 UTC 2019 /home/travis/build/icyphy/ptII/ptolemy/actor/lib/test/auto/ExpressionConcatenateArrayType2.xml
----------------- Instantiating /home/travis/build/icyphy/ptII/ptolemy/actor/lib/test/auto/ExpressionConcatenateArrayType2.xml
2 ms. Memory: 372736K Free: 143189K (38%)
----------------- Invoking toplevel() on ptolemy.moml.MoMLSimpleApplication@4054847
----------------- Done invoking toplevel() on ptolemy.moml.MoMLSimpleApplication@4054847
reloadAllAccessors: .ExpressionConcatenateArrayType2

===========================================================================================
----------------- testing Sun Jul 21 01:10:24 UTC 2019 /home/travis/build/icyphy/ptII/ptolemy/actor/lib/test/auto/ExpressionFix.xml
----------------- Instantiating /home/travis/build/icyphy/ptII/ptolemy/actor/lib/test/auto/ExpressionFix.xml
31 ms. Memory: 372736K Free: 137045K (37%)
----------------- Invoking toplevel() on ptolemy.moml.MoMLSimpleApplication@2b990717
----------------- Done invoking toplevel() on ptolemy.moml.MoMLSimpleApplication@2b990717
reloadAllAccessors: .ExpressionFix

===========================================================================================
----------------- testing Sun Jul 21 01:10:24 UTC 2019 /home/travis/build/icyphy/ptII/ptolemy/actor/lib/test/auto/ExpressionFix2.xml
----------------- Instantiating /home/travis/build/icyphy/ptII/ptolemy/actor/lib/test/auto/ExpressionFix2.xml
4 ms. Memory: 372736K Free: 132949K (36%)
----------------- Invoking toplevel() on ptolemy.moml.MoMLSimpleApplication@423840da
----------------- Done invoking toplevel() on ptolemy.moml.MoMLSimpleApplication@423840da
reloadAllAccessors: .ExpressionFix2

===========================================================================================
----------------- testing Sun Jul 21 01:10:25 UTC 2019 /home/travis/build/icyphy/ptII/ptolemy/actor/lib/test/auto/ExpressionFix3.xml
----------------- Instantiating /home/travis/build/icyphy/ptII/ptolemy/actor/lib/test/auto/ExpressionFix3.xml
2 ms. Memory: 372736K Free: 128343K (34%)
----------------- Invoking toplevel() on ptolemy.moml.MoMLSimpleApplication@72dd789f
----------------- Done invoking toplevel() on ptolemy.moml.MoMLSimpleApplication@72dd789f
reloadAllAccessors: .ExpressionFix3

===========================================================================================
----------------- testing Sun Jul 21 01:10:25 UTC 2019 /home/travis/build/icyphy/ptII/ptolemy/actor/lib/test/auto/FileWriter1.xml
----------------- Instantiating /home/travis/build/icyphy/ptII/ptolemy/actor/lib/test/auto/FileWriter1.xml
2 ms. Memory: 372736K Free: 124757K (33%)
----------------- Invoking toplevel() on ptolemy.moml.MoMLSimpleApplication@247c3042
----------------- Done invoking toplevel() on ptolemy.moml.MoMLSimpleApplication@247c3042
reloadAllAccessors: .FileWriter1

===========================================================================================
----------------- testing Sun Jul 21 01:10:25 UTC 2019 /home/travis/build/icyphy/ptII/ptolemy/actor/lib/test/auto/FileWriter2.xml
----------------- Instantiating /home/travis/build/icyphy/ptII/ptolemy/actor/lib/test/auto/FileWriter2.xml
2 ms. Memory: 372736K Free: 120151K (32%)
----------------- Invoking toplevel() on ptolemy.moml.MoMLSimpleApplication@453d3717
----------------- Done invoking toplevel() on ptolemy.moml.MoMLSimpleApplication@453d3717
reloadAllAccessors: .FileWriter2

===========================================================================================
----------------- testing Sun Jul 21 01:10:25 UTC 2019 /home/travis/build/icyphy/ptII/ptolemy/actor/lib/test/auto/FileWriter3.xml
----------------- Instantiating /home/travis/build/icyphy/ptII/ptolemy/actor/lib/test/auto/FileWriter3.xml
4 ms. Memory: 372736K Free: 116055K (31%)
----------------- Invoking toplevel() on ptolemy.moml.MoMLSimpleApplication@1b2a08b9
----------------- Done invoking toplevel() on ptolemy.moml.MoMLSimpleApplication@1b2a08b9
reloadAllAccessors: .FileWriter3

===========================================================================================
----------------- testing Sun Jul 21 01:10:25 UTC 2019 /home/travis/build/icyphy/ptII/ptolemy/actor/lib/test/auto/Gaussian.xml
----------------- Instantiating /home/travis/build/icyphy/ptII/ptolemy/actor/lib/test/auto/Gaussian.xml
5 ms. Memory: 372736K Free: 111959K (30%)
----------------- Invoking toplevel() on ptolemy.moml.MoMLSimpleApplication@47ada7c9
----------------- Done invoking toplevel() on ptolemy.moml.MoMLSimpleApplication@47ada7c9
reloadAllAccessors: .Gaussian

===========================================================================================
----------------- testing Sun Jul 21 01:10:25 UTC 2019 /home/travis/build/icyphy/ptII/ptolemy/actor/lib/test/auto/Gaussian1.xml
----------------- Instantiating /home/travis/build/icyphy/ptII/ptolemy/actor/lib/test/auto/Gaussian1.xml
2 ms. Memory: 372736K Free: 106295K (29%)
----------------- Invoking toplevel() on ptolemy.moml.MoMLSimpleApplication@11fd718b
----------------- Done invoking toplevel() on ptolemy.moml.MoMLSimpleApplication@11fd718b
reloadAllAccessors: .Gaussian1

===========================================================================================
----------------- testing Sun Jul 21 01:10:25 UTC 2019 /home/travis/build/icyphy/ptII/ptolemy/actor/lib/test/auto/Gaussian2.xml
----------------- Instantiating /home/travis/build/icyphy/ptII/ptolemy/actor/lib/test/auto/Gaussian2.xml
11 ms. Memory: 372736K Free: 320831K (86%)
----------------- Invoking toplevel() on ptolemy.moml.MoMLSimpleApplication@4153641e
----------------- Done invoking toplevel() on ptolemy.moml.MoMLSimpleApplication@4153641e
reloadAllAccessors: .Gaussian2

===========================================================================================
----------------- testing Sun Jul 21 01:10:25 UTC 2019 /home/travis/build/icyphy/ptII/ptolemy/actor/lib/test/auto/GradientAdaptiveLattice.xml
----------------- Instantiating /home/travis/build/icyphy/ptII/ptolemy/actor/lib/test/auto/GradientAdaptiveLattice.xml
5 ms. Memory: 372736K Free: 315711K (85%)
----------------- Invoking toplevel() on ptolemy.moml.MoMLSimpleApplication@2239103e
----------------- Done invoking toplevel() on ptolemy.moml.MoMLSimpleApplication@2239103e
reloadAllAccessors: .GradientAdaptiveLattice

===========================================================================================
----------------- testing Sun Jul 21 01:10:25 UTC 2019 /home/travis/build/icyphy/ptII/ptolemy/actor/lib/test/auto/IIR.xml
----------------- Instantiating /home/travis/build/icyphy/ptII/ptolemy/actor/lib/test/auto/IIR.xml
1 ms. Memory: 372736K Free: 311101K (83%)
----------------- Invoking toplevel() on ptolemy.moml.MoMLSimpleApplication@9b3e986
----------------- Done invoking toplevel() on ptolemy.moml.MoMLSimpleApplication@9b3e986
reloadAllAccessors: .IIR

===========================================================================================
----------------- testing Sun Jul 21 01:10:25 UTC 2019 /home/travis/build/icyphy/ptII/ptolemy/actor/lib/test/auto/InputOutputTransparentPorts.xml
----------------- Instantiating /home/travis/build/icyphy/ptII/ptolemy/actor/lib/test/auto/InputOutputTransparentPorts.xml
2 ms. Memory: 372736K Free: 303933K (82%)
----------------- Invoking toplevel() on ptolemy.moml.MoMLSimpleApplication@4819a2a4
----------------- Done invoking toplevel() on ptolemy.moml.MoMLSimpleApplication@4819a2a4
reloadAllAccessors: .InputOutputTransparentPorts

===========================================================================================
----------------- testing Sun Jul 21 01:10:25 UTC 2019 /home/travis/build/icyphy/ptII/ptolemy/actor/lib/test/auto/Interpolator.xml
----------------- Instantiating /home/travis/build/icyphy/ptII/ptolemy/actor/lib/test/auto/Interpolator.xml
4 ms. Memory: 372736K Free: 299837K (80%)
----------------- Invoking toplevel() on ptolemy.moml.MoMLSimpleApplication@2b8e2a35
----------------- Done invoking toplevel() on ptolemy.moml.MoMLSimpleApplication@2b8e2a35
reloadAllAccessors: .Interpolator

===========================================================================================
----------------- testing Sun Jul 21 01:10:25 UTC 2019 /home/travis/build/icyphy/ptII/ptolemy/actor/lib/test/auto/InterpolatorFiringLimitDE.xml
----------------- Instantiating /home/travis/build/icyphy/ptII/ptolemy/actor/lib/test/auto/InterpolatorFiringLimitDE.xml
2 ms. Memory: 372736K Free: 293693K (79%)
----------------- Invoking toplevel() on ptolemy.moml.MoMLSimpleApplication@227a897c
----------------- Done invoking toplevel() on ptolemy.moml.MoMLSimpleApplication@227a897c
reloadAllAccessors: .InterpolatorFiringLimitDE

===========================================================================================
----------------- testing Sun Jul 21 01:10:25 UTC 2019 /home/travis/build/icyphy/ptII/ptolemy/actor/lib/test/auto/Lattice.xml
----------------- Instantiating /home/travis/build/icyphy/ptII/ptolemy/actor/lib/test/auto/Lattice.xml
1 ms. Memory: 372736K Free: 290111K (78%)
----------------- Invoking toplevel() on ptolemy.moml.MoMLSimpleApplication@27ee6276
----------------- Done invoking toplevel() on ptolemy.moml.MoMLSimpleApplication@27ee6276
reloadAllAccessors: .Lattice

===========================================================================================
----------------- testing Sun Jul 21 01:10:25 UTC 2019 /home/travis/build/icyphy/ptII/ptolemy/actor/lib/test/auto/LazyAOCTestLazy.xml
----------------- Instantiating /home/travis/build/icyphy/ptII/ptolemy/actor/lib/test/auto/LazyAOCTestLazy.xml
8 ms. Memory: 372736K Free: 283967K (76%)
----------------- Invoking toplevel() on ptolemy.moml.MoMLSimpleApplication@468b1597
----------------- Done invoking toplevel() on ptolemy.moml.MoMLSimpleApplication@468b1597
reloadAllAccessors: .LazyAOCTestLazy

===========================================================================================
----------------- testing Sun Jul 21 01:10:25 UTC 2019 /home/travis/build/icyphy/ptII/ptolemy/actor/lib/test/auto/LazyAOCTestNonLazy.xml
----------------- Instantiating /home/travis/build/icyphy/ptII/ptolemy/actor/lib/test/auto/LazyAOCTestNonLazy.xml
2 ms. Memory: 372736K Free: 277309K (74%)
----------------- Invoking toplevel() on ptolemy.moml.MoMLSimpleApplication@76f638c5
----------------- Done invoking toplevel() on ptolemy.moml.MoMLSimpleApplication@76f638c5
reloadAllAccessors: .LazyAOCTestNonLazy

===========================================================================================
----------------- testing Sun Jul 21 01:10:25 UTC 2019 /home/travis/build/icyphy/ptII/ptolemy/actor/lib/test/auto/LazyInnerClass.xml
----------------- Instantiating /home/travis/build/icyphy/ptII/ptolemy/actor/lib/test/auto/LazyInnerClass.xml
19 ms. Memory: 372736K Free: 269102K (72%)
----------------- Invoking toplevel() on ptolemy.moml.MoMLSimpleApplication@50c89ca2
----------------- Done invoking toplevel() on ptolemy.moml.MoMLSimpleApplication@50c89ca2
reloadAllAccessors: .LazyInnerClass

===========================================================================================
----------------- testing Sun Jul 21 01:10:25 UTC 2019 /home/travis/build/icyphy/ptII/ptolemy/actor/lib/test/auto/LazyPubSub.xml
----------------- Instantiating /home/travis/build/icyphy/ptII/ptolemy/actor/lib/test/auto/LazyPubSub.xml
30 ms. Memory: 372736K Free: 259391K (70%)
----------------- Invoking toplevel() on ptolemy.moml.MoMLSimpleApplication@13ae147a
----------------- Done invoking toplevel() on ptolemy.moml.MoMLSimpleApplication@13ae147a
reloadAllAccessors: .LazyPubSub

===========================================================================================
----------------- testing Sun Jul 21 01:10:25 UTC 2019 /home/travis/build/icyphy/ptII/ptolemy/actor/lib/test/auto/LazyPubSub2.xml
----------------- Instantiating /home/travis/build/icyphy/ptII/ptolemy/actor/lib/test/auto/LazyPubSub2.xml
12 ms. Memory: 372736K Free: 249151K (67%)
----------------- Invoking toplevel() on ptolemy.moml.MoMLSimpleApplication@50737659
----------------- Done invoking toplevel() on ptolemy.moml.MoMLSimpleApplication@50737659
reloadAllAccessors: .LazyPubSub2

===========================================================================================
----------------- testing Sun Jul 21 01:10:25 UTC 2019 /home/travis/build/icyphy/ptII/ptolemy/actor/lib/test/auto/LazyPubSub3.xml
----------------- Instantiating /home/travis/build/icyphy/ptII/ptolemy/actor/lib/test/auto/LazyPubSub3.xml
15 ms. Memory: 372736K Free: 238911K (64%)
----------------- Invoking toplevel() on ptolemy.moml.MoMLSimpleApplication@690b5ecb
----------------- Done invoking toplevel() on ptolemy.moml.MoMLSimpleApplication@690b5ecb
reloadAllAccessors: .LazyPubSub3

===========================================================================================
----------------- testing Sun Jul 21 01:10:25 UTC 2019 /home/travis/build/icyphy/ptII/ptolemy/actor/lib/test/auto/LazySubClassModel.xml
----------------- Instantiating /home/travis/build/icyphy/ptII/ptolemy/actor/lib/test/auto/LazySubClassModel.xml
2 ms. Memory: 372736K Free: 230205K (62%)
----------------- Invoking toplevel() on ptolemy.moml.MoMLSimpleApplication@2117699b
----------------- Done invoking toplevel() on ptolemy.moml.MoMLSimpleApplication@2117699b
reloadAllAccessors: .LazySubClassModel

===========================================================================================
----------------- testing Sun Jul 21 01:10:25 UTC 2019 /home/travis/build/icyphy/ptII/ptolemy/actor/lib/test/auto/LevelCrossTest1.xml
----------------- Instantiating /home/travis/build/icyphy/ptII/ptolemy/actor/lib/test/auto/LevelCrossTest1.xml
1 ms. Memory: 372736K Free: 224575K (60%)
----------------- Invoking toplevel() on ptolemy.moml.MoMLSimpleApplication@603f1041
----------------- Done invoking toplevel() on ptolemy.moml.MoMLSimpleApplication@603f1041
reloadAllAccessors: .broken

===========================================================================================
----------------- testing Sun Jul 21 01:10:25 UTC 2019 /home/travis/build/icyphy/ptII/ptolemy/actor/lib/test/auto/LevelCrossTest10.xml
----------------- Instantiating /home/travis/build/icyphy/ptII/ptolemy/actor/lib/test/auto/LevelCrossTest10.xml
1 ms. Memory: 372736K Free: 216383K (58%)
----------------- Invoking toplevel() on ptolemy.moml.MoMLSimpleApplication@473f3561
----------------- Done invoking toplevel() on ptolemy.moml.MoMLSimpleApplication@473f3561
reloadAllAccessors: .LevelCrossTest10

===========================================================================================
----------------- testing Sun Jul 21 01:10:25 UTC 2019 /home/travis/build/icyphy/ptII/ptolemy/actor/lib/test/auto/LevelCrossTest11.xml
----------------- Instantiating /home/travis/build/icyphy/ptII/ptolemy/actor/lib/test/auto/LevelCrossTest11.xml
1 ms. Memory: 372736K Free: 210239K (56%)
----------------- Invoking toplevel() on ptolemy.moml.MoMLSimpleApplication@1548fe84
----------------- Done invoking toplevel() on ptolemy.moml.MoMLSimpleApplication@1548fe84
reloadAllAccessors: .LevelCrossTest11

===========================================================================================
----------------- testing Sun Jul 21 01:10:25 UTC 2019 /home/travis/build/icyphy/ptII/ptolemy/actor/lib/test/auto/LevelCrossTest12.xml
----------------- Instantiating /home/travis/build/icyphy/ptII/ptolemy/actor/lib/test/auto/LevelCrossTest12.xml
1 ms. Memory: 372736K Free: 203581K (55%)
----------------- Invoking toplevel() on ptolemy.moml.MoMLSimpleApplication@453bfdb2
----------------- Done invoking toplevel() on ptolemy.moml.MoMLSimpleApplication@453bfdb2
reloadAllAccessors: .LevelCrossTest12

===========================================================================================
----------------- testing Sun Jul 21 01:10:25 UTC 2019 /home/travis/build/icyphy/ptII/ptolemy/actor/lib/test/auto/LevelCrossTest13.xml
----------------- Instantiating /home/travis/build/icyphy/ptII/ptolemy/actor/lib/test/auto/LevelCrossTest13.xml
1 ms. Memory: 372736K Free: 195903K (53%)
----------------- Invoking toplevel() on ptolemy.moml.MoMLSimpleApplication@7bcb9d82
----------------- Done invoking toplevel() on ptolemy.moml.MoMLSimpleApplication@7bcb9d82
reloadAllAccessors: .LevelCrossTest13

===========================================================================================
----------------- testing Sun Jul 21 01:10:25 UTC 2019 /home/travis/build/icyphy/ptII/ptolemy/actor/lib/test/auto/LevelCrossTest2.xml
----------------- Instantiating /home/travis/build/icyphy/ptII/ptolemy/actor/lib/test/auto/LevelCrossTest2.xml
2 ms. Memory: 372736K Free: 190783K (51%)
----------------- Invoking toplevel() on ptolemy.moml.MoMLSimpleApplication@68e1a63d
----------------- Done invoking toplevel() on ptolemy.moml.MoMLSimpleApplication@68e1a63d
reloadAllAccessors: .broken

===========================================================================================
----------------- testing Sun Jul 21 01:10:25 UTC 2019 /home/travis/build/icyphy/ptII/ptolemy/actor/lib/test/auto/LevelCrossTest3.xml
----------------- Instantiating /home/travis/build/icyphy/ptII/ptolemy/actor/lib/test/auto/LevelCrossTest3.xml
2 ms. Memory: 372736K Free: 184639K (50%)
----------------- Invoking toplevel() on ptolemy.moml.MoMLSimpleApplication@7851d309
----------------- Done invoking toplevel() on ptolemy.moml.MoMLSimpleApplication@7851d309
reloadAllAccessors: .LevelCrossTest3

===========================================================================================
----------------- testing Sun Jul 21 01:10:25 UTC 2019 /home/travis/build/icyphy/ptII/ptolemy/actor/lib/test/auto/LevelCrossTest4.xml
----------------- Instantiating /home/travis/build/icyphy/ptII/ptolemy/actor/lib/test/auto/LevelCrossTest4.xml
1 ms. Memory: 372736K Free: 179005K (48%)
----------------- Invoking toplevel() on ptolemy.moml.MoMLSimpleApplication@2286bb3d
----------------- Done invoking toplevel() on ptolemy.moml.MoMLSimpleApplication@2286bb3d
reloadAllAccessors: .broken

===========================================================================================
----------------- testing Sun Jul 21 01:10:25 UTC 2019 /home/travis/build/icyphy/ptII/ptolemy/actor/lib/test/auto/LevelCrossTest5.xml
----------------- Instantiating /home/travis/build/icyphy/ptII/ptolemy/actor/lib/test/auto/LevelCrossTest5.xml
11 ms. Memory: 372736K Free: 172861K (46%)
----------------- Invoking toplevel() on ptolemy.moml.MoMLSimpleApplication@4d12d548
----------------- Done invoking toplevel() on ptolemy.moml.MoMLSimpleApplication@4d12d548
reloadAllAccessors: .LevelCrossTest5

===========================================================================================
----------------- testing Sun Jul 21 01:10:25 UTC 2019 /home/travis/build/icyphy/ptII/ptolemy/actor/lib/test/auto/LevelCrossTest6.xml
----------------- Instantiating /home/travis/build/icyphy/ptII/ptolemy/actor/lib/test/auto/LevelCrossTest6.xml
2 ms. Memory: 372736K Free: 165693K (44%)
----------------- Invoking toplevel() on ptolemy.moml.MoMLSimpleApplication@52eba53f
----------------- Done invoking toplevel() on ptolemy.moml.MoMLSimpleApplication@52eba53f
reloadAllAccessors: .LevelCrossTest6

===========================================================================================
----------------- testing Sun Jul 21 01:10:25 UTC 2019 /home/travis/build/icyphy/ptII/ptolemy/actor/lib/test/auto/LevelCrossTest7.xml
----------------- Instantiating /home/travis/build/icyphy/ptII/ptolemy/actor/lib/test/auto/LevelCrossTest7.xml
1 ms. Memory: 372736K Free: 157501K (42%)
----------------- Invoking toplevel() on ptolemy.moml.MoMLSimpleApplication@6e676779
----------------- Done invoking toplevel() on ptolemy.moml.MoMLSimpleApplication@6e676779
reloadAllAccessors: .LevelCrossTest7

===========================================================================================
----------------- testing Sun Jul 21 01:10:25 UTC 2019 /home/travis/build/icyphy/ptII/ptolemy/actor/lib/test/auto/LevelCrossTest8.xml
----------------- Instantiating /home/travis/build/icyphy/ptII/ptolemy/actor/lib/test/auto/LevelCrossTest8.xml
1 ms. Memory: 372736K Free: 150847K (40%)
----------------- Invoking toplevel() on ptolemy.moml.MoMLSimpleApplication@3015e89a
----------------- Done invoking toplevel() on ptolemy.moml.MoMLSimpleApplication@3015e89a
reloadAllAccessors: .LevelCrossTest8

===========================================================================================
----------------- testing Sun Jul 21 01:10:25 UTC 2019 /home/travis/build/icyphy/ptII/ptolemy/actor/lib/test/auto/LevelCrossTest9.xml
----------------- Instantiating /home/travis/build/icyphy/ptII/ptolemy/actor/lib/test/auto/LevelCrossTest9.xml
2 ms. Memory: 372736K Free: 144189K (39%)
----------------- Invoking toplevel() on ptolemy.moml.MoMLSimpleApplication@42596a87
----------------- Done invoking toplevel() on ptolemy.moml.MoMLSimpleApplication@42596a87
reloadAllAccessors: .LevelCrossTest9

===========================================================================================
----------------- testing Sun Jul 21 01:10:25 UTC 2019 /home/travis/build/icyphy/ptII/ptolemy/actor/lib/test/auto/LevinsonDurbin.xml
----------------- Instantiating /home/travis/build/icyphy/ptII/ptolemy/actor/lib/test/auto/LevinsonDurbin.xml
2 ms. Memory: 372736K Free: 140093K (38%)
----------------- Invoking toplevel() on ptolemy.moml.MoMLSimpleApplication@1d9c0a20
----------------- Done invoking toplevel() on ptolemy.moml.MoMLSimpleApplication@1d9c0a20
reloadAllAccessors: .LevinsonDurbin

===========================================================================================
----------------- testing Sun Jul 21 01:10:25 UTC 2019 /home/travis/build/icyphy/ptII/ptolemy/actor/lib/test/auto/LevinsonDurbin2.xml
----------------- Instantiating /home/travis/build/icyphy/ptII/ptolemy/actor/lib/test/auto/LevinsonDurbin2.xml
1 ms. Memory: 372736K Free: 135997K (36%)
----------------- Invoking toplevel() on ptolemy.moml.MoMLSimpleApplication@3c548be
----------------- Done invoking toplevel() on ptolemy.moml.MoMLSimpleApplication@3c548be
reloadAllAccessors: .LevinsonDurbin2

===========================================================================================
----------------- testing Sun Jul 21 01:10:25 UTC 2019 /home/travis/build/icyphy/ptII/ptolemy/actor/lib/test/auto/LevinsonDurbin3.xml
----------------- Instantiating /home/travis/build/icyphy/ptII/ptolemy/actor/lib/test/auto/LevinsonDurbin3.xml
2 ms. Memory: 372736K Free: 131901K (35%)
----------------- Invoking toplevel() on ptolemy.moml.MoMLSimpleApplication@7a4d4151
----------------- Done invoking toplevel() on ptolemy.moml.MoMLSimpleApplication@7a4d4151
reloadAllAccessors: .LevinsonDurbin3

===========================================================================================
----------------- testing Sun Jul 21 01:10:25 UTC 2019 /home/travis/build/icyphy/ptII/ptolemy/actor/lib/test/auto/Limiter.xml
----------------- Instantiating /home/travis/build/icyphy/ptII/ptolemy/actor/lib/test/auto/Limiter.xml
16 ms. Memory: 372736K Free: 123199K (33%)
----------------- Invoking toplevel() on ptolemy.moml.MoMLSimpleApplication@3e35f913
----------------- Done invoking toplevel() on ptolemy.moml.MoMLSimpleApplication@3e35f913
reloadAllAccessors: .Limiter

===========================================================================================
----------------- testing Sun Jul 21 01:10:25 UTC 2019 /home/travis/build/icyphy/ptII/ptolemy/actor/lib/test/auto/LinearDifferenceEquationSystem.xml
----------------- Instantiating /home/travis/build/icyphy/ptII/ptolemy/actor/lib/test/auto/LinearDifferenceEquationSystem.xml
4 ms. Memory: 372736K Free: 115517K (31%)
----------------- Invoking toplevel() on ptolemy.moml.MoMLSimpleApplication@6006a367
----------------- Done invoking toplevel() on ptolemy.moml.MoMLSimpleApplication@6006a367
reloadAllAccessors: .LinearDifferenceEquationSystem

===========================================================================================
----------------- testing Sun Jul 21 01:10:25 UTC 2019 /home/travis/build/icyphy/ptII/ptolemy/actor/lib/test/auto/LookupTable.xml
----------------- Instantiating /home/travis/build/icyphy/ptII/ptolemy/actor/lib/test/auto/LookupTable.xml
2 ms. Memory: 372736K Free: 110911K (30%)
----------------- Invoking toplevel() on ptolemy.moml.MoMLSimpleApplication@26c2b6e3
----------------- Done invoking toplevel() on ptolemy.moml.MoMLSimpleApplication@26c2b6e3
reloadAllAccessors: .LookupTable

===========================================================================================
----------------- testing Sun Jul 21 01:10:25 UTC 2019 /home/travis/build/icyphy/ptII/ptolemy/actor/lib/test/auto/MathFunction.xml
----------------- Instantiating /home/travis/build/icyphy/ptII/ptolemy/actor/lib/test/auto/MathFunction.xml
2 ms. Memory: 372736K Free: 323382K (87%)
----------------- Invoking toplevel() on ptolemy.moml.MoMLSimpleApplication@7119a16d
----------------- Done invoking toplevel() on ptolemy.moml.MoMLSimpleApplication@7119a16d
reloadAllAccessors: .MathFunction

===========================================================================================
----------------- testing Sun Jul 21 01:10:26 UTC 2019 /home/travis/build/icyphy/ptII/ptolemy/actor/lib/test/auto/MathFunction2.xml
----------------- Instantiating /home/travis/build/icyphy/ptII/ptolemy/actor/lib/test/auto/MathFunction2.xml
1 ms. Memory: 372736K Free: 319286K (86%)
----------------- Invoking toplevel() on ptolemy.moml.MoMLSimpleApplication@6d118c16
----------------- Done invoking toplevel() on ptolemy.moml.MoMLSimpleApplication@6d118c16
reloadAllAccessors: .MathFunction2

===========================================================================================
----------------- testing Sun Jul 21 01:10:26 UTC 2019 /home/travis/build/icyphy/ptII/ptolemy/actor/lib/test/auto/MathFunction3.xml
----------------- Instantiating /home/travis/build/icyphy/ptII/ptolemy/actor/lib/test/auto/MathFunction3.xml
7 ms. Memory: 372736K Free: 312118K (84%)
----------------- Invoking toplevel() on ptolemy.moml.MoMLSimpleApplication@69996567
----------------- Done invoking toplevel() on ptolemy.moml.MoMLSimpleApplication@69996567
reloadAllAccessors: .MathFunction3

===========================================================================================
----------------- testing Sun Jul 21 01:10:26 UTC 2019 /home/travis/build/icyphy/ptII/ptolemy/actor/lib/test/auto/MatrixCropBoolean.xml
----------------- Instantiating /home/travis/build/icyphy/ptII/ptolemy/actor/lib/test/auto/MatrixCropBoolean.xml
2 ms. Memory: 372736K Free: 306998K (82%)
----------------- Invoking toplevel() on ptolemy.moml.MoMLSimpleApplication@e16d850
----------------- Done invoking toplevel() on ptolemy.moml.MoMLSimpleApplication@e16d850
reloadAllAccessors: .MatrixCropBoolean

===========================================================================================
----------------- testing Sun Jul 21 01:10:26 UTC 2019 /home/travis/build/icyphy/ptII/ptolemy/actor/lib/test/auto/MatrixCropComplex.xml
----------------- Instantiating /home/travis/build/icyphy/ptII/ptolemy/actor/lib/test/auto/MatrixCropComplex.xml
1 ms. Memory: 372736K Free: 302358K (81%)
----------------- Invoking toplevel() on ptolemy.moml.MoMLSimpleApplication@7527371e
----------------- Done invoking toplevel() on ptolemy.moml.MoMLSimpleApplication@7527371e
reloadAllAccessors: .MatrixCropComplex

===========================================================================================
----------------- testing Sun Jul 21 01:10:26 UTC 2019 /home/travis/build/icyphy/ptII/ptolemy/actor/lib/test/auto/MatrixCropDouble.xml
----------------- Instantiating /home/travis/build/icyphy/ptII/ptolemy/actor/lib/test/auto/MatrixCropDouble.xml
2 ms. Memory: 372736K Free: 297238K (80%)
----------------- Invoking toplevel() on ptolemy.moml.MoMLSimpleApplication@74f5e2c2
----------------- Done invoking toplevel() on ptolemy.moml.MoMLSimpleApplication@74f5e2c2
reloadAllAccessors: .MatrixCropDouble

===========================================================================================
----------------- testing Sun Jul 21 01:10:26 UTC 2019 /home/travis/build/icyphy/ptII/ptolemy/actor/lib/test/auto/MatrixCropFix.xml
----------------- Instantiating /home/travis/build/icyphy/ptII/ptolemy/actor/lib/test/auto/MatrixCropFix.xml
2 ms. Memory: 372736K Free: 292118K (78%)
----------------- Invoking toplevel() on ptolemy.moml.MoMLSimpleApplication@122c3615
----------------- Done invoking toplevel() on ptolemy.moml.MoMLSimpleApplication@122c3615
reloadAllAccessors: .MatrixCropFix

===========================================================================================
----------------- testing Sun Jul 21 01:10:26 UTC 2019 /home/travis/build/icyphy/ptII/ptolemy/actor/lib/test/auto/MatrixCropInt.xml
----------------- Instantiating /home/travis/build/icyphy/ptII/ptolemy/actor/lib/test/auto/MatrixCropInt.xml
2 ms. Memory: 372736K Free: 286998K (77%)
----------------- Invoking toplevel() on ptolemy.moml.MoMLSimpleApplication@46c262d1
----------------- Done invoking toplevel() on ptolemy.moml.MoMLSimpleApplication@46c262d1
reloadAllAccessors: .MatrixCropInt

===========================================================================================
----------------- testing Sun Jul 21 01:10:26 UTC 2019 /home/travis/build/icyphy/ptII/ptolemy/actor/lib/test/auto/MatrixCropLong.xml
----------------- Instantiating /home/travis/build/icyphy/ptII/ptolemy/actor/lib/test/auto/MatrixCropLong.xml
2 ms. Memory: 372736K Free: 282422K (76%)
----------------- Invoking toplevel() on ptolemy.moml.MoMLSimpleApplication@30f5ca93
----------------- Done invoking toplevel() on ptolemy.moml.MoMLSimpleApplication@30f5ca93
reloadAllAccessors: .MatrixCropLong

===========================================================================================
----------------- testing Sun Jul 21 01:10:26 UTC 2019 /home/travis/build/icyphy/ptII/ptolemy/actor/lib/test/auto/MatrixToArray.xml
----------------- Instantiating /home/travis/build/icyphy/ptII/ptolemy/actor/lib/test/auto/MatrixToArray.xml
6 ms. Memory: 372736K Free: 267062K (72%)
----------------- Invoking toplevel() on ptolemy.moml.MoMLSimpleApplication@39dae9c4
----------------- Done invoking toplevel() on ptolemy.moml.MoMLSimpleApplication@39dae9c4
reloadAllAccessors: .MatrixToArray

===========================================================================================
----------------- testing Sun Jul 21 01:10:26 UTC 2019 /home/travis/build/icyphy/ptII/ptolemy/actor/lib/test/auto/MaxIndex.xml
----------------- Instantiating /home/travis/build/icyphy/ptII/ptolemy/actor/lib/test/auto/MaxIndex.xml
2 ms. Memory: 372736K Free: 262452K (70%)
----------------- Invoking toplevel() on ptolemy.moml.MoMLSimpleApplication@3db26875
----------------- Done invoking toplevel() on ptolemy.moml.MoMLSimpleApplication@3db26875
reloadAllAccessors: .MaxIndex

===========================================================================================
----------------- testing Sun Jul 21 01:10:26 UTC 2019 /home/travis/build/icyphy/ptII/ptolemy/actor/lib/test/auto/Maximum.xml
----------------- Instantiating /home/travis/build/icyphy/ptII/ptolemy/actor/lib/test/auto/Maximum.xml
6 ms. Memory: 372736K Free: 255798K (69%)
----------------- Invoking toplevel() on ptolemy.moml.MoMLSimpleApplication@14c8b79e
----------------- Done invoking toplevel() on ptolemy.moml.MoMLSimpleApplication@14c8b79e
reloadAllAccessors: .Maximum

===========================================================================================
----------------- testing Sun Jul 21 01:10:26 UTC 2019 /home/travis/build/icyphy/ptII/ptolemy/actor/lib/test/auto/MaximumComplex.xml
----------------- Instantiating /home/travis/build/icyphy/ptII/ptolemy/actor/lib/test/auto/MaximumComplex.xml
5 ms. Memory: 372736K Free: 249654K (67%)
----------------- Invoking toplevel() on ptolemy.moml.MoMLSimpleApplication@46186d8a
----------------- Done invoking toplevel() on ptolemy.moml.MoMLSimpleApplication@46186d8a
reloadAllAccessors: .MaximumComplex

===========================================================================================
----------------- testing Sun Jul 21 01:10:26 UTC 2019 /home/travis/build/icyphy/ptII/ptolemy/actor/lib/test/auto/MethodCallTest.xml
----------------- Instantiating /home/travis/build/icyphy/ptII/ptolemy/actor/lib/test/auto/MethodCallTest.xml
3 ms. Memory: 372736K Free: 242996K (65%)
----------------- Invoking toplevel() on ptolemy.moml.MoMLSimpleApplication@1ef73755
----------------- Done invoking toplevel() on ptolemy.moml.MoMLSimpleApplication@1ef73755
reloadAllAccessors: .MethodCallTest

===========================================================================================
----------------- testing Sun Jul 21 01:10:26 UTC 2019 /home/travis/build/icyphy/ptII/ptolemy/actor/lib/test/auto/Minimum.xml
----------------- Instantiating /home/travis/build/icyphy/ptII/ptolemy/actor/lib/test/auto/Minimum.xml
2 ms. Memory: 372736K Free: 237366K (64%)
----------------- Invoking toplevel() on ptolemy.moml.MoMLSimpleApplication@4da31de8
----------------- Done invoking toplevel() on ptolemy.moml.MoMLSimpleApplication@4da31de8
reloadAllAccessors: .Minimum

===========================================================================================
----------------- testing Sun Jul 21 01:10:26 UTC 2019 /home/travis/build/icyphy/ptII/ptolemy/actor/lib/test/auto/MinimumComplex.xml
----------------- Instantiating /home/travis/build/icyphy/ptII/ptolemy/actor/lib/test/auto/MinimumComplex.xml
3 ms. Memory: 372736K Free: 231222K (62%)
----------------- Invoking toplevel() on ptolemy.moml.MoMLSimpleApplication@3cb48513
----------------- Done invoking toplevel() on ptolemy.moml.MoMLSimpleApplication@3cb48513
reloadAllAccessors: .MinimumComplex

===========================================================================================
----------------- testing Sun Jul 21 01:10:26 UTC 2019 /home/travis/build/icyphy/ptII/ptolemy/actor/lib/test/auto/MinimumMultiports.xml
----------------- Instantiating /home/travis/build/icyphy/ptII/ptolemy/actor/lib/test/auto/MinimumMultiports.xml
4 ms. Memory: 372736K Free: 222502K (60%)
----------------- Invoking toplevel() on ptolemy.moml.MoMLSimpleApplication@396ae45c
----------------- Done invoking toplevel() on ptolemy.moml.MoMLSimpleApplication@396ae45c
reloadAllAccessors: .MinimumMultiports

===========================================================================================
----------------- testing Sun Jul 21 01:10:26 UTC 2019 /home/travis/build/icyphy/ptII/ptolemy/actor/lib/test/auto/ModifyDate.xml
----------------- Instantiating /home/travis/build/icyphy/ptII/ptolemy/actor/lib/test/auto/ModifyDate.xml
10 ms. Memory: 372736K Free: 209204K (56%)
----------------- Invoking toplevel() on ptolemy.moml.MoMLSimpleApplication@5b1c5b42
----------------- Done invoking toplevel() on ptolemy.moml.MoMLSimpleApplication@5b1c5b42
reloadAllAccessors: .ModifyDate

===========================================================================================
----------------- testing Sun Jul 21 01:10:26 UTC 2019 /home/travis/build/icyphy/ptII/ptolemy/actor/lib/test/auto/ModifyDate2.xml
----------------- Instantiating /home/travis/build/icyphy/ptII/ptolemy/actor/lib/test/auto/ModifyDate2.xml
3 ms. Memory: 372736K Free: 200502K (54%)
----------------- Invoking toplevel() on ptolemy.moml.MoMLSimpleApplication@249f6856
----------------- Done invoking toplevel() on ptolemy.moml.MoMLSimpleApplication@249f6856
reloadAllAccessors: .ModifyDate2

===========================================================================================
----------------- testing Sun Jul 21 01:10:26 UTC 2019 /home/travis/build/icyphy/ptII/ptolemy/actor/lib/test/auto/MovingAverage.xml
----------------- Instantiating /home/travis/build/icyphy/ptII/ptolemy/actor/lib/test/auto/MovingAverage.xml
1 ms. Memory: 372736K Free: 195892K (53%)
----------------- Invoking toplevel() on ptolemy.moml.MoMLSimpleApplication@108e77ea
----------------- Done invoking toplevel() on ptolemy.moml.MoMLSimpleApplication@108e77ea
reloadAllAccessors: .MovingAverage

===========================================================================================
----------------- testing Sun Jul 21 01:10:26 UTC 2019 /home/travis/build/icyphy/ptII/ptolemy/actor/lib/test/auto/MovingMaximum.xml
----------------- Instantiating /home/travis/build/icyphy/ptII/ptolemy/actor/lib/test/auto/MovingMaximum.xml
2 ms. Memory: 372736K Free: 191286K (51%)
----------------- Invoking toplevel() on ptolemy.moml.MoMLSimpleApplication@670bdbe
----------------- Done invoking toplevel() on ptolemy.moml.MoMLSimpleApplication@670bdbe
reloadAllAccessors: .MovingMaximum

===========================================================================================
----------------- testing Sun Jul 21 01:10:26 UTC 2019 /home/travis/build/icyphy/ptII/ptolemy/actor/lib/test/auto/MultipleLinksToSameRelation.xml
----------------- Instantiating /home/travis/build/icyphy/ptII/ptolemy/actor/lib/test/auto/MultipleLinksToSameRelation.xml
2 ms. Memory: 372736K Free: 187190K (50%)
----------------- Invoking toplevel() on ptolemy.moml.MoMLSimpleApplication@2b1fb561
----------------- Done invoking toplevel() on ptolemy.moml.MoMLSimpleApplication@2b1fb561
reloadAllAccessors: .MultipleLinksToSameRelation

===========================================================================================
----------------- testing Sun Jul 21 01:10:26 UTC 2019 /home/travis/build/icyphy/ptII/ptolemy/actor/lib/test/auto/MultipleLinksToSameRelationDE.xml
----------------- Instantiating /home/travis/build/icyphy/ptII/ptolemy/actor/lib/test/auto/MultipleLinksToSameRelationDE.xml
11 ms. Memory: 372736K Free: 182566K (49%)
----------------- Invoking toplevel() on ptolemy.moml.MoMLSimpleApplication@546fa0c8
----------------- Done invoking toplevel() on ptolemy.moml.MoMLSimpleApplication@546fa0c8
reloadAllAccessors: .MultipleLinksToSameRelationDE

===========================================================================================
----------------- testing Sun Jul 21 01:10:26 UTC 2019 /home/travis/build/icyphy/ptII/ptolemy/actor/lib/test/auto/Multiplexor.xml
----------------- Instantiating /home/travis/build/icyphy/ptII/ptolemy/actor/lib/test/auto/Multiplexor.xml
2 ms. Memory: 372736K Free: 176950K (47%)
----------------- Invoking toplevel() on ptolemy.moml.MoMLSimpleApplication@1dbbc7a7
----------------- Done invoking toplevel() on ptolemy.moml.MoMLSimpleApplication@1dbbc7a7
reloadAllAccessors: .Multiplexor

===========================================================================================
----------------- testing Sun Jul 21 01:10:26 UTC 2019 /home/travis/build/icyphy/ptII/ptolemy/actor/lib/test/auto/Multiplexor1.xml
----------------- Instantiating /home/travis/build/icyphy/ptII/ptolemy/actor/lib/test/auto/Multiplexor1.xml
3 ms. Memory: 372736K Free: 171830K (46%)
----------------- Invoking toplevel() on ptolemy.moml.MoMLSimpleApplication@2afb38
----------------- Done invoking toplevel() on ptolemy.moml.MoMLSimpleApplication@2afb38
reloadAllAccessors: .Multiplexor1

===========================================================================================
----------------- testing Sun Jul 21 01:10:26 UTC 2019 /home/travis/build/icyphy/ptII/ptolemy/actor/lib/test/auto/Multiplexor2.xml
----------------- Instantiating /home/travis/build/icyphy/ptII/ptolemy/actor/lib/test/auto/Multiplexor2.xml
5 ms. Memory: 372736K Free: 165172K (44%)
----------------- Invoking toplevel() on ptolemy.moml.MoMLSimpleApplication@43807762
----------------- Done invoking toplevel() on ptolemy.moml.MoMLSimpleApplication@43807762
reloadAllAccessors: .Multiplexor2

===========================================================================================
----------------- testing Sun Jul 21 01:10:26 UTC 2019 /home/travis/build/icyphy/ptII/ptolemy/actor/lib/test/auto/Multiplexor3.xml
----------------- Instantiating /home/travis/build/icyphy/ptII/ptolemy/actor/lib/test/auto/Multiplexor3.xml
2 ms. Memory: 372736K Free: 161076K (43%)
----------------- Invoking toplevel() on ptolemy.moml.MoMLSimpleApplication@30021a45
----------------- Done invoking toplevel() on ptolemy.moml.MoMLSimpleApplication@30021a45
reloadAllAccessors: .Multiplexor3

===========================================================================================
----------------- testing Sun Jul 21 01:10:26 UTC 2019 /home/travis/build/icyphy/ptII/ptolemy/actor/lib/test/auto/MultiplexorDE.xml
----------------- Instantiating /home/travis/build/icyphy/ptII/ptolemy/actor/lib/test/auto/MultiplexorDE.xml
2 ms. Memory: 372736K Free: 153398K (41%)
----------------- Invoking toplevel() on ptolemy.moml.MoMLSimpleApplication@4c1676a9
----------------- Done invoking toplevel() on ptolemy.moml.MoMLSimpleApplication@4c1676a9
reloadAllAccessors: .MultiplexorDE

===========================================================================================
----------------- testing Sun Jul 21 01:10:26 UTC 2019 /home/travis/build/icyphy/ptII/ptolemy/actor/lib/test/auto/MultiportBroadcastTest.xml
----------------- Instantiating /home/travis/build/icyphy/ptII/ptolemy/actor/lib/test/auto/MultiportBroadcastTest.xml
98 ms. Memory: 372736K Free: 146740K (39%)
----------------- Invoking toplevel() on ptolemy.moml.MoMLSimpleApplication@496557b4
----------------- Done invoking toplevel() on ptolemy.moml.MoMLSimpleApplication@496557b4
reloadAllAccessors: .MultiportBroadcastTest

===========================================================================================
----------------- testing Sun Jul 21 01:10:26 UTC 2019 /home/travis/build/icyphy/ptII/ptolemy/actor/lib/test/auto/MultiportOutHangDuringGetWidth.xml
----------------- Instantiating /home/travis/build/icyphy/ptII/ptolemy/actor/lib/test/auto/MultiportOutHangDuringGetWidth.xml
6 ms. Memory: 372736K Free: 135446K (36%)
----------------- Invoking toplevel() on ptolemy.moml.MoMLSimpleApplication@615594b7
----------------- Done invoking toplevel() on ptolemy.moml.MoMLSimpleApplication@615594b7
reloadAllAccessors: .MultiportOutHangDuringGetWidth

===========================================================================================
----------------- testing Sun Jul 21 01:10:26 UTC 2019 /home/travis/build/icyphy/ptII/ptolemy/actor/lib/test/auto/NilToken.xml
----------------- Instantiating /home/travis/build/icyphy/ptII/ptolemy/actor/lib/test/auto/NilToken.xml
2 ms. Memory: 372736K Free: 131380K (35%)
----------------- Invoking toplevel() on ptolemy.moml.MoMLSimpleApplication@42cd7d17
----------------- Done invoking toplevel() on ptolemy.moml.MoMLSimpleApplication@42cd7d17
reloadAllAccessors: .NilToken

===========================================================================================
----------------- testing Sun Jul 21 01:10:26 UTC 2019 /home/travis/build/icyphy/ptII/ptolemy/actor/lib/test/auto/NilTokenNonStrictTest.xml
----------------- Instantiating /home/travis/build/icyphy/ptII/ptolemy/actor/lib/test/auto/NilTokenNonStrictTest.xml
1 ms. Memory: 372736K Free: 126260K (34%)
----------------- Invoking toplevel() on ptolemy.moml.MoMLSimpleApplication@3a5033ce
----------------- Done invoking toplevel() on ptolemy.moml.MoMLSimpleApplication@3a5033ce
reloadAllAccessors: .NilTokenNonStrictTest

===========================================================================================
----------------- testing Sun Jul 21 01:10:26 UTC 2019 /home/travis/build/icyphy/ptII/ptolemy/actor/lib/test/auto/NilTokenRecord.xml
----------------- Instantiating /home/travis/build/icyphy/ptII/ptolemy/actor/lib/test/auto/NilTokenRecord.xml
6 ms. Memory: 372736K Free: 119606K (32%)
----------------- Invoking toplevel() on ptolemy.moml.MoMLSimpleApplication@24f513b3
----------------- Done invoking toplevel() on ptolemy.moml.MoMLSimpleApplication@24f513b3
reloadAllAccessors: .NilTokenRecord

===========================================================================================
----------------- testing Sun Jul 21 01:10:26 UTC 2019 /home/travis/build/icyphy/ptII/ptolemy/actor/lib/test/auto/NilTokenTypeTest.xml
----------------- Instantiating /home/travis/build/icyphy/ptII/ptolemy/actor/lib/test/auto/NilTokenTypeTest.xml
10 ms. Memory: 372736K Free: 109876K (29%)
----------------- Invoking toplevel() on ptolemy.moml.MoMLSimpleApplication@2e5865fb
----------------- Done invoking toplevel() on ptolemy.moml.MoMLSimpleApplication@2e5865fb
reloadAllAccessors: .NilTokenTypeTest

===========================================================================================
----------------- testing Sun Jul 21 01:10:26 UTC 2019 /home/travis/build/icyphy/ptII/ptolemy/actor/lib/test/auto/ObjectToken1.xml
----------------- Instantiating /home/travis/build/icyphy/ptII/ptolemy/actor/lib/test/auto/ObjectToken1.xml
3 ms. Memory: 372736K Free: 105780K (28%)
----------------- Invoking toplevel() on ptolemy.moml.MoMLSimpleApplication@7effa6ab
----------------- Done invoking toplevel() on ptolemy.moml.MoMLSimpleApplication@7effa6ab
reloadAllAccessors: .ObjectToken1

===========================================================================================
----------------- testing Sun Jul 21 01:10:26 UTC 2019 /home/travis/build/icyphy/ptII/ptolemy/actor/lib/test/auto/OrderedMerge.xml
----------------- Instantiating /home/travis/build/icyphy/ptII/ptolemy/actor/lib/test/auto/OrderedMerge.xml
8 ms. Memory: 372736K Free: 318949K (86%)
----------------- Invoking toplevel() on ptolemy.moml.MoMLSimpleApplication@1ceb1d90
----------------- Done invoking toplevel() on ptolemy.moml.MoMLSimpleApplication@1ceb1d90
reloadAllAccessors: .OrderedMerge

===========================================================================================
----------------- testing Sun Jul 21 01:10:26 UTC 2019 /home/travis/build/icyphy/ptII/ptolemy/actor/lib/test/auto/OrderedRecordDisassembler.xml
----------------- Instantiating /home/travis/build/icyphy/ptII/ptolemy/actor/lib/test/auto/OrderedRecordDisassembler.xml
3 ms. Memory: 372736K Free: 314333K (84%)
----------------- Invoking toplevel() on ptolemy.moml.MoMLSimpleApplication@622d5802
----------------- Done invoking toplevel() on ptolemy.moml.MoMLSimpleApplication@622d5802
reloadAllAccessors: .OrderedRecordDisassembler

===========================================================================================
----------------- testing Sun Jul 21 01:10:26 UTC 2019 /home/travis/build/icyphy/ptII/ptolemy/actor/lib/test/auto/OrderedRecordDisassembler2.xml
----------------- Instantiating /home/travis/build/icyphy/ptII/ptolemy/actor/lib/test/auto/OrderedRecordDisassembler2.xml
4 ms. Memory: 372736K Free: 306661K (82%)
----------------- Invoking toplevel() on ptolemy.moml.MoMLSimpleApplication@22282705
----------------- Done invoking toplevel() on ptolemy.moml.MoMLSimpleApplication@22282705
reloadAllAccessors: .OrderedRecordDisassembler2

===========================================================================================
----------------- testing Sun Jul 21 01:10:26 UTC 2019 /home/travis/build/icyphy/ptII/ptolemy/actor/lib/test/auto/OrderedRecordUpdater.xml
----------------- Instantiating /home/travis/build/icyphy/ptII/ptolemy/actor/lib/test/auto/OrderedRecordUpdater.xml
2 ms. Memory: 372736K Free: 301541K (81%)
----------------- Invoking toplevel() on ptolemy.moml.MoMLSimpleApplication@6d375a12
----------------- Done invoking toplevel() on ptolemy.moml.MoMLSimpleApplication@6d375a12
reloadAllAccessors: .RecordUpdater

===========================================================================================
----------------- testing Sun Jul 21 01:10:26 UTC 2019 /home/travis/build/icyphy/ptII/ptolemy/actor/lib/test/auto/OrderedRecordUpdater2.xml
----------------- Instantiating /home/travis/build/icyphy/ptII/ptolemy/actor/lib/test/auto/OrderedRecordUpdater2.xml
3 ms. Memory: 372736K Free: 296421K (80%)
----------------- Invoking toplevel() on ptolemy.moml.MoMLSimpleApplication@b0ba704
----------------- Done invoking toplevel() on ptolemy.moml.MoMLSimpleApplication@b0ba704
reloadAllAccessors: .RecordUpdater2

===========================================================================================
----------------- testing Sun Jul 21 01:10:26 UTC 2019 /home/travis/build/icyphy/ptII/ptolemy/actor/lib/test/auto/PhaseUnwrap.xml
----------------- Instantiating /home/travis/build/icyphy/ptII/ptolemy/actor/lib/test/auto/PhaseUnwrap.xml
1 ms. Memory: 372736K Free: 291811K (78%)
----------------- Invoking toplevel() on ptolemy.moml.MoMLSimpleApplication@77d69505
----------------- Done invoking toplevel() on ptolemy.moml.MoMLSimpleApplication@77d69505
reloadAllAccessors: .PhaseUnwrap

===========================================================================================
----------------- testing Sun Jul 21 01:10:26 UTC 2019 /home/travis/build/icyphy/ptII/ptolemy/actor/lib/test/auto/PoissonClock.xml
----------------- Instantiating /home/travis/build/icyphy/ptII/ptolemy/actor/lib/test/auto/PoissonClock.xml
2 ms. Memory: 372736K Free: 287715K (77%)
----------------- Invoking toplevel() on ptolemy.moml.MoMLSimpleApplication@5afb8941
----------------- Done invoking toplevel() on ptolemy.moml.MoMLSimpleApplication@5afb8941
reloadAllAccessors: .PoissonClock

===========================================================================================
----------------- testing Sun Jul 21 01:10:26 UTC 2019 /home/travis/build/icyphy/ptII/ptolemy/actor/lib/test/auto/PoissonClock2.xml
----------------- Instantiating /home/travis/build/icyphy/ptII/ptolemy/actor/lib/test/auto/PoissonClock2.xml
1 ms. Memory: 372736K Free: 283619K (76%)
----------------- Invoking toplevel() on ptolemy.moml.MoMLSimpleApplication@45d3f341
----------------- Done invoking toplevel() on ptolemy.moml.MoMLSimpleApplication@45d3f341
reloadAllAccessors: .PoissonClock2

===========================================================================================
----------------- testing Sun Jul 21 01:10:27 UTC 2019 /home/travis/build/icyphy/ptII/ptolemy/actor/lib/test/auto/PoissonClock3.xml
----------------- Instantiating /home/travis/build/icyphy/ptII/ptolemy/actor/lib/test/auto/PoissonClock3.xml
2 ms. Memory: 372736K Free: 279013K (75%)
----------------- Invoking toplevel() on ptolemy.moml.MoMLSimpleApplication@36da846a
----------------- Done invoking toplevel() on ptolemy.moml.MoMLSimpleApplication@36da846a
reloadAllAccessors: .PoissonClock3

===========================================================================================
----------------- testing Sun Jul 21 01:10:27 UTC 2019 /home/travis/build/icyphy/ptII/ptolemy/actor/lib/test/auto/PubSubWithInitialTokens.xml
----------------- Instantiating /home/travis/build/icyphy/ptII/ptolemy/actor/lib/test/auto/PubSubWithInitialTokens.xml
1 ms. Memory: 372736K Free: 273348K (73%)
----------------- Invoking toplevel() on ptolemy.moml.MoMLSimpleApplication@10bb51ea
----------------- Done invoking toplevel() on ptolemy.moml.MoMLSimpleApplication@10bb51ea
reloadAllAccessors: .PubSubWithInitialTokens

===========================================================================================
----------------- testing Sun Jul 21 01:10:27 UTC 2019 /home/travis/build/icyphy/ptII/ptolemy/actor/lib/test/auto/PubSubWithInitialTokens2.xml
----------------- Instantiating /home/travis/build/icyphy/ptII/ptolemy/actor/lib/test/auto/PubSubWithInitialTokens2.xml
3 ms. Memory: 372736K Free: 267229K (72%)
----------------- Invoking toplevel() on ptolemy.moml.MoMLSimpleApplication@2193afd4
----------------- Done invoking toplevel() on ptolemy.moml.MoMLSimpleApplication@2193afd4
reloadAllAccessors: .PubSubWithInitialTokens2

===========================================================================================
----------------- testing Sun Jul 21 01:10:27 UTC 2019 /home/travis/build/icyphy/ptII/ptolemy/actor/lib/test/auto/PublisherClassNoParameter.xml
----------------- Instantiating /home/travis/build/icyphy/ptII/ptolemy/actor/lib/test/auto/PublisherClassNoParameter.xml
2 ms. Memory: 372736K Free: 257509K (69%)
----------------- Invoking toplevel() on ptolemy.moml.MoMLSimpleApplication@7f8664e0
----------------- Done invoking toplevel() on ptolemy.moml.MoMLSimpleApplication@7f8664e0
reloadAllAccessors: .PublisherClassNoParameter

===========================================================================================
----------------- testing Sun Jul 21 01:10:27 UTC 2019 /home/travis/build/icyphy/ptII/ptolemy/actor/lib/test/auto/PublisherClassParameter.xml
----------------- Instantiating /home/travis/build/icyphy/ptII/ptolemy/actor/lib/test/auto/PublisherClassParameter.xml
2 ms. Memory: 372736K Free: 247269K (66%)
----------------- Invoking toplevel() on ptolemy.moml.MoMLSimpleApplication@30b8d8cc
----------------- Done invoking toplevel() on ptolemy.moml.MoMLSimpleApplication@30b8d8cc
reloadAllAccessors: .PublisherClassParameter

===========================================================================================
----------------- testing Sun Jul 21 01:10:27 UTC 2019 /home/travis/build/icyphy/ptII/ptolemy/actor/lib/test/auto/PublisherNonStrictTest.xml
----------------- Instantiating /home/travis/build/icyphy/ptII/ptolemy/actor/lib/test/auto/PublisherNonStrictTest.xml
5 ms. Memory: 372736K Free: 239581K (64%)
----------------- Invoking toplevel() on ptolemy.moml.MoMLSimpleApplication@e7b7d2
----------------- Done invoking toplevel() on ptolemy.moml.MoMLSimpleApplication@e7b7d2
reloadAllAccessors: .PublisherNonStrictTest

===========================================================================================
----------------- testing Sun Jul 21 01:10:27 UTC 2019 /home/travis/build/icyphy/ptII/ptolemy/actor/lib/test/auto/PublisherPort1.xml
----------------- Instantiating /home/travis/build/icyphy/ptII/ptolemy/actor/lib/test/auto/PublisherPort1.xml
2 ms. Memory: 372736K Free: 233957K (63%)
----------------- Invoking toplevel() on ptolemy.moml.MoMLSimpleApplication@5564d37
----------------- Done invoking toplevel() on ptolemy.moml.MoMLSimpleApplication@5564d37
reloadAllAccessors: .PublisherPort1

===========================================================================================
----------------- testing Sun Jul 21 01:10:27 UTC 2019 /home/travis/build/icyphy/ptII/ptolemy/actor/lib/test/auto/PublisherPort2.xml
----------------- Instantiating /home/travis/build/icyphy/ptII/ptolemy/actor/lib/test/auto/PublisherPort2.xml
8 ms. Memory: 372736K Free: 228837K (61%)
----------------- Invoking toplevel() on ptolemy.moml.MoMLSimpleApplication@1313d648
----------------- Done invoking toplevel() on ptolemy.moml.MoMLSimpleApplication@1313d648
reloadAllAccessors: .PublisherPort2

===========================================================================================
----------------- testing Sun Jul 21 01:10:27 UTC 2019 /home/travis/build/icyphy/ptII/ptolemy/actor/lib/test/auto/PublisherPort3.xml
----------------- Instantiating /home/travis/build/icyphy/ptII/ptolemy/actor/lib/test/auto/PublisherPort3.xml
3 ms. Memory: 372736K Free: 222693K (60%)
----------------- Invoking toplevel() on ptolemy.moml.MoMLSimpleApplication@72ae7ec9
----------------- Done invoking toplevel() on ptolemy.moml.MoMLSimpleApplication@72ae7ec9
reloadAllAccessors: .PublisherPort3

===========================================================================================
----------------- testing Sun Jul 21 01:10:27 UTC 2019 /home/travis/build/icyphy/ptII/ptolemy/actor/lib/test/auto/PublisherPort4.xml
----------------- Instantiating /home/travis/build/icyphy/ptII/ptolemy/actor/lib/test/auto/PublisherPort4.xml
2 ms. Memory: 372736K Free: 217053K (58%)
----------------- Invoking toplevel() on ptolemy.moml.MoMLSimpleApplication@2e31d225
----------------- Done invoking toplevel() on ptolemy.moml.MoMLSimpleApplication@2e31d225
reloadAllAccessors: .PublisherPort4

===========================================================================================
----------------- testing Sun Jul 21 01:10:27 UTC 2019 /home/travis/build/icyphy/ptII/ptolemy/actor/lib/test/auto/PublisherPort5.xml
----------------- Instantiating /home/travis/build/icyphy/ptII/ptolemy/actor/lib/test/auto/PublisherPort5.xml
3 ms. Memory: 372736K Free: 209381K (56%)
----------------- Invoking toplevel() on ptolemy.moml.MoMLSimpleApplication@34054129
----------------- Done invoking toplevel() on ptolemy.moml.MoMLSimpleApplication@34054129
reloadAllAccessors: .PublisherPort5

===========================================================================================
----------------- testing Sun Jul 21 01:10:27 UTC 2019 /home/travis/build/icyphy/ptII/ptolemy/actor/lib/test/auto/PublisherPort5LookAlike.xml
----------------- Instantiating /home/travis/build/icyphy/ptII/ptolemy/actor/lib/test/auto/PublisherPort5LookAlike.xml
8 ms. Memory: 372736K Free: 201699K (54%)
----------------- Invoking toplevel() on ptolemy.moml.MoMLSimpleApplication@76a107ed
----------------- Done invoking toplevel() on ptolemy.moml.MoMLSimpleApplication@76a107ed
reloadAllAccessors: .PublisherPort5LookAlike

===========================================================================================
----------------- testing Sun Jul 21 01:10:27 UTC 2019 /home/travis/build/icyphy/ptII/ptolemy/actor/lib/test/auto/PublisherPort6.xml
----------------- Instantiating /home/travis/build/icyphy/ptII/ptolemy/actor/lib/test/auto/PublisherPort6.xml
2 ms. Memory: 372736K Free: 195045K (52%)
----------------- Invoking toplevel() on ptolemy.moml.MoMLSimpleApplication@43a5d5b1
----------------- Done invoking toplevel() on ptolemy.moml.MoMLSimpleApplication@43a5d5b1
reloadAllAccessors: .PublisherPort6

===========================================================================================
----------------- testing Sun Jul 21 01:10:27 UTC 2019 /home/travis/build/icyphy/ptII/ptolemy/actor/lib/test/auto/PublisherPort7.xml
----------------- Instantiating /home/travis/build/icyphy/ptII/ptolemy/actor/lib/test/auto/PublisherPort7.xml
4 ms. Memory: 372736K Free: 187363K (50%)
----------------- Invoking toplevel() on ptolemy.moml.MoMLSimpleApplication@53bf4f09
----------------- Done invoking toplevel() on ptolemy.moml.MoMLSimpleApplication@53bf4f09
reloadAllAccessors: .PublisherPort7

===========================================================================================
----------------- testing Sun Jul 21 01:10:27 UTC 2019 /home/travis/build/icyphy/ptII/ptolemy/actor/lib/test/auto/PublisherPort8.xml
----------------- Instantiating /home/travis/build/icyphy/ptII/ptolemy/actor/lib/test/auto/PublisherPort8.xml
4 ms. Memory: 372736K Free: 178661K (48%)
----------------- Invoking toplevel() on ptolemy.moml.MoMLSimpleApplication@303a6d46
----------------- Done invoking toplevel() on ptolemy.moml.MoMLSimpleApplication@303a6d46
reloadAllAccessors: .PublisherPort8

===========================================================================================
----------------- testing Sun Jul 21 01:10:27 UTC 2019 /home/travis/build/icyphy/ptII/ptolemy/actor/lib/test/auto/PublisherPortSubscriberChannelVariablesAOC2.xml
----------------- Instantiating /home/travis/build/icyphy/ptII/ptolemy/actor/lib/test/auto/PublisherPortSubscriberChannelVariablesAOC2.xml
3 ms. Memory: 372736K Free: 161253K (43%)
----------------- Invoking toplevel() on ptolemy.moml.MoMLSimpleApplication@67652927
----------------- Done invoking toplevel() on ptolemy.moml.MoMLSimpleApplication@67652927
reloadAllAccessors: .PublisherPortSubscriberChannelVariablesAOC2

===========================================================================================
----------------- testing Sun Jul 21 01:10:27 UTC 2019 /home/travis/build/icyphy/ptII/ptolemy/actor/lib/test/auto/PublisherPortSubscriberOpaqueWidthInference.xml
----------------- Instantiating /home/travis/build/icyphy/ptII/ptolemy/actor/lib/test/auto/PublisherPortSubscriberOpaqueWidthInference.xml
3 ms. Memory: 372736K Free: 153557K (41%)
----------------- Invoking toplevel() on ptolemy.moml.MoMLSimpleApplication@2493b400
----------------- Done invoking toplevel() on ptolemy.moml.MoMLSimpleApplication@2493b400
reloadAllAccessors: .PublisherPortSubscriberOpaqueWidthInference

===========================================================================================
----------------- testing Sun Jul 21 01:10:27 UTC 2019 /home/travis/build/icyphy/ptII/ptolemy/actor/lib/test/auto/PublisherPortSubscriberPortAdjacent.xml
----------------- Instantiating /home/travis/build/icyphy/ptII/ptolemy/actor/lib/test/auto/PublisherPortSubscriberPortAdjacent.xml
1 ms. Memory: 372736K Free: 145379K (39%)
----------------- Invoking toplevel() on ptolemy.moml.MoMLSimpleApplication@422a2619
----------------- Done invoking toplevel() on ptolemy.moml.MoMLSimpleApplication@422a2619
reloadAllAccessors: .PublisherPortSubscriberPortAdjacent

===========================================================================================
----------------- testing Sun Jul 21 01:10:27 UTC 2019 /home/travis/build/icyphy/ptII/ptolemy/actor/lib/test/auto/PublisherPortSubscriberPortExpression.xml
----------------- Instantiating /home/travis/build/icyphy/ptII/ptolemy/actor/lib/test/auto/PublisherPortSubscriberPortExpression.xml
3 ms. Memory: 372736K Free: 138205K (37%)
----------------- Invoking toplevel() on ptolemy.moml.MoMLSimpleApplication@135d56f4
----------------- Done invoking toplevel() on ptolemy.moml.MoMLSimpleApplication@135d56f4
reloadAllAccessors: .PublisherPortSubscriberPortExpression

===========================================================================================
----------------- testing Sun Jul 21 01:10:27 UTC 2019 /home/travis/build/icyphy/ptII/ptolemy/actor/lib/test/auto/PublisherPortSubscriberPortOpaqueD3Reverse.xml
----------------- Instantiating /home/travis/build/icyphy/ptII/ptolemy/actor/lib/test/auto/PublisherPortSubscriberPortOpaqueD3Reverse.xml
7 ms. Memory: 372736K Free: 127461K (34%)
----------------- Invoking toplevel() on ptolemy.moml.MoMLSimpleApplication@7eaefefb
----------------- Done invoking toplevel() on ptolemy.moml.MoMLSimpleApplication@7eaefefb
reloadAllAccessors: .PublisherPortSubscriberPortOpaqueD3Reverse

===========================================================================================
----------------- testing Sun Jul 21 01:10:27 UTC 2019 /home/travis/build/icyphy/ptII/ptolemy/actor/lib/test/auto/PublisherPortSubscriberPortOpaqueWidthInference.xml
----------------- Instantiating /home/travis/build/icyphy/ptII/ptolemy/actor/lib/test/auto/PublisherPortSubscriberPortOpaqueWidthInference.xml
4 ms. Memory: 372736K Free: 119765K (32%)
----------------- Invoking toplevel() on ptolemy.moml.MoMLSimpleApplication@1bb5efe7
----------------- Done invoking toplevel() on ptolemy.moml.MoMLSimpleApplication@1bb5efe7
reloadAllAccessors: .PublisherPortSubscriberPortOpaqueWidthInference

===========================================================================================
----------------- testing Sun Jul 21 01:10:27 UTC 2019 /home/travis/build/icyphy/ptII/ptolemy/actor/lib/test/auto/PublisherPortToplevelSubscriberPortAOC.xml
----------------- Instantiating /home/travis/build/icyphy/ptII/ptolemy/actor/lib/test/auto/PublisherPortToplevelSubscriberPortAOC.xml
.PublisherPortToplevelSubscriberPortAOC.TestExceptionAttribute: initialize() was not invoked, but wrapup() was.  This is unusual, but not always a problem.  For example, exporting JNLP will do this.
1 ms. Memory: 372736K Free: 114149K (31%)
----------------- Invoking toplevel() on ptolemy.moml.MoMLSimpleApplication@7af4ab19
----------------- Done invoking toplevel() on ptolemy.moml.MoMLSimpleApplication@7af4ab19
reloadAllAccessors: .PublisherPortToplevelSubscriberPortAOC

===========================================================================================
----------------- testing Sun Jul 21 01:10:27 UTC 2019 /home/travis/build/icyphy/ptII/ptolemy/actor/lib/test/auto/PublisherSubscriber.xml
----------------- Instantiating /home/travis/build/icyphy/ptII/ptolemy/actor/lib/test/auto/PublisherSubscriber.xml
3 ms. Memory: 372736K Free: 106436K (29%)
----------------- Invoking toplevel() on ptolemy.moml.MoMLSimpleApplication@19c8fe2d
----------------- Done invoking toplevel() on ptolemy.moml.MoMLSimpleApplication@19c8fe2d
reloadAllAccessors: .PublisherSubscriber

===========================================================================================
----------------- testing Sun Jul 21 01:10:27 UTC 2019 /home/travis/build/icyphy/ptII/ptolemy/actor/lib/test/auto/PublisherSubscriber10.xml
----------------- Instantiating /home/travis/build/icyphy/ptII/ptolemy/actor/lib/test/auto/PublisherSubscriber10.xml
8 ms. Memory: 372736K Free: 315892K (85%)
----------------- Invoking toplevel() on ptolemy.moml.MoMLSimpleApplication@2a059109
----------------- Done invoking toplevel() on ptolemy.moml.MoMLSimpleApplication@2a059109
reloadAllAccessors: .PublisherSubscriber10

===========================================================================================
----------------- testing Sun Jul 21 01:10:27 UTC 2019 /home/travis/build/icyphy/ptII/ptolemy/actor/lib/test/auto/PublisherSubscriber10InitialOutputs.xml
----------------- Instantiating /home/travis/build/icyphy/ptII/ptolemy/actor/lib/test/auto/PublisherSubscriber10InitialOutputs.xml
16 ms. Memory: 372736K Free: 306676K (82%)
----------------- Invoking toplevel() on ptolemy.moml.MoMLSimpleApplication@250d3c07
----------------- Done invoking toplevel() on ptolemy.moml.MoMLSimpleApplication@250d3c07
reloadAllAccessors: .PublisherSubscriber10InitialOutputs

===========================================================================================
----------------- testing Sun Jul 21 01:10:27 UTC 2019 /home/travis/build/icyphy/ptII/ptolemy/actor/lib/test/auto/PublisherSubscriber11.xml
----------------- Instantiating /home/travis/build/icyphy/ptII/ptolemy/actor/lib/test/auto/PublisherSubscriber11.xml
2 ms. Memory: 372736K Free: 300532K (81%)
----------------- Invoking toplevel() on ptolemy.moml.MoMLSimpleApplication@225da7e0
----------------- Done invoking toplevel() on ptolemy.moml.MoMLSimpleApplication@225da7e0
reloadAllAccessors: .PublisherSubscriber11

===========================================================================================
----------------- testing Sun Jul 21 01:10:27 UTC 2019 /home/travis/build/icyphy/ptII/ptolemy/actor/lib/test/auto/PublisherSubscriber12.xml
----------------- Instantiating /home/travis/build/icyphy/ptII/ptolemy/actor/lib/test/auto/PublisherSubscriber12.xml
6 ms. Memory: 372736K Free: 293364K (79%)
----------------- Invoking toplevel() on ptolemy.moml.MoMLSimpleApplication@7337f118
----------------- Done invoking toplevel() on ptolemy.moml.MoMLSimpleApplication@7337f118
reloadAllAccessors: .PublisherSubscriber12

===========================================================================================
----------------- testing Sun Jul 21 01:10:27 UTC 2019 /home/travis/build/icyphy/ptII/ptolemy/actor/lib/test/auto/PublisherSubscriber13.xml
----------------- Instantiating /home/travis/build/icyphy/ptII/ptolemy/actor/lib/test/auto/PublisherSubscriber13.xml
2 ms. Memory: 372736K Free: 287700K (77%)
----------------- Invoking toplevel() on ptolemy.moml.MoMLSimpleApplication@1d0d6542
----------------- Done invoking toplevel() on ptolemy.moml.MoMLSimpleApplication@1d0d6542
reloadAllAccessors: .PublisherSubscriber13

===========================================================================================
----------------- testing Sun Jul 21 01:10:27 UTC 2019 /home/travis/build/icyphy/ptII/ptolemy/actor/lib/test/auto/PublisherSubscriber14.xml
----------------- Instantiating /home/travis/build/icyphy/ptII/ptolemy/actor/lib/test/auto/PublisherSubscriber14.xml
2 ms. Memory: 372736K Free: 279028K (75%)
----------------- Invoking toplevel() on ptolemy.moml.MoMLSimpleApplication@15efd848
----------------- Done invoking toplevel() on ptolemy.moml.MoMLSimpleApplication@15efd848
reloadAllAccessors: .PublisherSubscriber14

===========================================================================================
----------------- testing Sun Jul 21 01:10:27 UTC 2019 /home/travis/build/icyphy/ptII/ptolemy/actor/lib/test/auto/PublisherSubscriber2.xml
----------------- Instantiating /home/travis/build/icyphy/ptII/ptolemy/actor/lib/test/auto/PublisherSubscriber2.xml
3 ms. Memory: 372736K Free: 273364K (73%)
----------------- Invoking toplevel() on ptolemy.moml.MoMLSimpleApplication@372e4e10
----------------- Done invoking toplevel() on ptolemy.moml.MoMLSimpleApplication@372e4e10
reloadAllAccessors: .PublisherSubscriber2

===========================================================================================
----------------- testing Sun Jul 21 01:10:27 UTC 2019 /home/travis/build/icyphy/ptII/ptolemy/actor/lib/test/auto/PublisherSubscriber3.xml
----------------- Instantiating /home/travis/build/icyphy/ptII/ptolemy/actor/lib/test/auto/PublisherSubscriber3.xml
2 ms. Memory: 372736K Free: 267764K (72%)
----------------- Invoking toplevel() on ptolemy.moml.MoMLSimpleApplication@55120c4c
----------------- Done invoking toplevel() on ptolemy.moml.MoMLSimpleApplication@55120c4c
reloadAllAccessors: .PublisherSubscriber3

===========================================================================================
----------------- testing Sun Jul 21 01:10:27 UTC 2019 /home/travis/build/icyphy/ptII/ptolemy/actor/lib/test/auto/PublisherSubscriber4.xml
----------------- Instantiating /home/travis/build/icyphy/ptII/ptolemy/actor/lib/test/auto/PublisherSubscriber4.xml
2 ms. Memory: 372736K Free: 262644K (70%)
----------------- Invoking toplevel() on ptolemy.moml.MoMLSimpleApplication@7c0a994c
----------------- Done invoking toplevel() on ptolemy.moml.MoMLSimpleApplication@7c0a994c
reloadAllAccessors: .PublisherSubscriber4

===========================================================================================
----------------- testing Sun Jul 21 01:10:27 UTC 2019 /home/travis/build/icyphy/ptII/ptolemy/actor/lib/test/auto/PublisherSubscriber5.xml
----------------- Instantiating /home/travis/build/icyphy/ptII/ptolemy/actor/lib/test/auto/PublisherSubscriber5.xml
2 ms. Memory: 372736K Free: 255986K (69%)
----------------- Invoking toplevel() on ptolemy.moml.MoMLSimpleApplication@6fb3f99c
----------------- Done invoking toplevel() on ptolemy.moml.MoMLSimpleApplication@6fb3f99c
reloadAllAccessors: .PublisherSubscriber5

===========================================================================================
----------------- testing Sun Jul 21 01:10:27 UTC 2019 /home/travis/build/icyphy/ptII/ptolemy/actor/lib/test/auto/PublisherSubscriber6.xml
----------------- Instantiating /home/travis/build/icyphy/ptII/ptolemy/actor/lib/test/auto/PublisherSubscriber6.xml
5 ms. Memory: 372736K Free: 249332K (67%)
----------------- Invoking toplevel() on ptolemy.moml.MoMLSimpleApplication@51863259
----------------- Done invoking toplevel() on ptolemy.moml.MoMLSimpleApplication@51863259
reloadAllAccessors: .PublisherSubscriber6

===========================================================================================
----------------- testing Sun Jul 21 01:10:27 UTC 2019 /home/travis/build/icyphy/ptII/ptolemy/actor/lib/test/auto/PublisherSubscriber7.xml
----------------- Instantiating /home/travis/build/icyphy/ptII/ptolemy/actor/lib/test/auto/PublisherSubscriber7.xml
8 ms. Memory: 372736K Free: 242164K (65%)
----------------- Invoking toplevel() on ptolemy.moml.MoMLSimpleApplication@7f0c5d4f
----------------- Done invoking toplevel() on ptolemy.moml.MoMLSimpleApplication@7f0c5d4f
reloadAllAccessors: .PublisherSubscriber7

===========================================================================================
----------------- testing Sun Jul 21 01:10:27 UTC 2019 /home/travis/build/icyphy/ptII/ptolemy/actor/lib/test/auto/PublisherSubscriber8.xml
----------------- Instantiating /home/travis/build/icyphy/ptII/ptolemy/actor/lib/test/auto/PublisherSubscriber8.xml
24 ms. Memory: 372736K Free: 230386K (62%)
----------------- Invoking toplevel() on ptolemy.moml.MoMLSimpleApplication@9b25737
----------------- Done invoking toplevel() on ptolemy.moml.MoMLSimpleApplication@9b25737
reloadAllAccessors: .PublisherSubscriber8

===========================================================================================
----------------- testing Sun Jul 21 01:10:27 UTC 2019 /home/travis/build/icyphy/ptII/ptolemy/actor/lib/test/auto/PublisherSubscriber9.xml
----------------- Instantiating /home/travis/build/icyphy/ptII/ptolemy/actor/lib/test/auto/PublisherSubscriber9.xml
3 ms. Memory: 372736K Free: 223218K (60%)
----------------- Invoking toplevel() on ptolemy.moml.MoMLSimpleApplication@27c024bd
----------------- Done invoking toplevel() on ptolemy.moml.MoMLSimpleApplication@27c024bd
reloadAllAccessors: .PublisherSubscriber9

===========================================================================================
----------------- testing Sun Jul 21 01:10:27 UTC 2019 /home/travis/build/icyphy/ptII/ptolemy/actor/lib/test/auto/PublisherSubscriberAdjacent.xml
----------------- Instantiating /home/travis/build/icyphy/ptII/ptolemy/actor/lib/test/auto/PublisherSubscriberAdjacent.xml
2 ms. Memory: 372736K Free: 215026K (58%)
----------------- Invoking toplevel() on ptolemy.moml.MoMLSimpleApplication@2bdf2062
----------------- Done invoking toplevel() on ptolemy.moml.MoMLSimpleApplication@2bdf2062
reloadAllAccessors: .PublisherSubscriberAdjacent

===========================================================================================
----------------- testing Sun Jul 21 01:10:27 UTC 2019 /home/travis/build/icyphy/ptII/ptolemy/actor/lib/test/auto/PublisherSubscriberChannelVariablesAOC2.xml
----------------- Instantiating /home/travis/build/icyphy/ptII/ptolemy/actor/lib/test/auto/PublisherSubscriberChannelVariablesAOC2.xml
3 ms. Memory: 372736K Free: 200676K (54%)
----------------- Invoking toplevel() on ptolemy.moml.MoMLSimpleApplication@2e20fd9c
----------------- Done invoking toplevel() on ptolemy.moml.MoMLSimpleApplication@2e20fd9c
reloadAllAccessors: .PublisherSubscriberChannelVariablesAOC2

===========================================================================================
----------------- testing Sun Jul 21 01:10:27 UTC 2019 /home/travis/build/icyphy/ptII/ptolemy/actor/lib/test/auto/PublisherSubscriberD3.xml
----------------- Instantiating /home/travis/build/icyphy/ptII/ptolemy/actor/lib/test/auto/PublisherSubscriberD3.xml
1 ms. Memory: 372736K Free: 193012K (52%)
----------------- Invoking toplevel() on ptolemy.moml.MoMLSimpleApplication@25f92bbc
----------------- Done invoking toplevel() on ptolemy.moml.MoMLSimpleApplication@25f92bbc
reloadAllAccessors: .PublisherSubscriberD3

===========================================================================================
----------------- testing Sun Jul 21 01:10:27 UTC 2019 /home/travis/build/icyphy/ptII/ptolemy/actor/lib/test/auto/PublisherSubscriberD3Reverse.xml
----------------- Instantiating /home/travis/build/icyphy/ptII/ptolemy/actor/lib/test/auto/PublisherSubscriberD3Reverse.xml
1 ms. Memory: 372736K Free: 186868K (50%)
----------------- Invoking toplevel() on ptolemy.moml.MoMLSimpleApplication@6fa001ea
----------------- Done invoking toplevel() on ptolemy.moml.MoMLSimpleApplication@6fa001ea
reloadAllAccessors: .PublisherSubscriberD3Reverse

===========================================================================================
----------------- testing Sun Jul 21 01:10:27 UTC 2019 /home/travis/build/icyphy/ptII/ptolemy/actor/lib/test/auto/PublisherSubscriberExpression.xml
----------------- Instantiating /home/travis/build/icyphy/ptII/ptolemy/actor/lib/test/auto/PublisherSubscriberExpression.xml
3 ms. Memory: 372736K Free: 178676K (48%)
----------------- Invoking toplevel() on ptolemy.moml.MoMLSimpleApplication@44a06bad
----------------- Done invoking toplevel() on ptolemy.moml.MoMLSimpleApplication@44a06bad
reloadAllAccessors: .PublisherSubscriberExpression

===========================================================================================
----------------- testing Sun Jul 21 01:10:27 UTC 2019 /home/travis/build/icyphy/ptII/ptolemy/actor/lib/test/auto/PublisherSubscriberOpaque.xml
----------------- Instantiating /home/travis/build/icyphy/ptII/ptolemy/actor/lib/test/auto/PublisherSubscriberOpaque.xml
4 ms. Memory: 372736K Free: 170484K (46%)
----------------- Invoking toplevel() on ptolemy.moml.MoMLSimpleApplication@28b800a3
----------------- Done invoking toplevel() on ptolemy.moml.MoMLSimpleApplication@28b800a3
reloadAllAccessors: .PublisherSubscriberOpaque

===========================================================================================
----------------- testing Sun Jul 21 01:10:27 UTC 2019 /home/travis/build/icyphy/ptII/ptolemy/actor/lib/test/auto/PublisherSubscriberOpaqueD3.xml
----------------- Instantiating /home/travis/build/icyphy/ptII/ptolemy/actor/lib/test/auto/PublisherSubscriberOpaqueD3.xml
7 ms. Memory: 372736K Free: 159220K (43%)
----------------- Invoking toplevel() on ptolemy.moml.MoMLSimpleApplication@6df26c15
----------------- Done invoking toplevel() on ptolemy.moml.MoMLSimpleApplication@6df26c15
reloadAllAccessors: .PublisherSubscriberOpaqueD3

===========================================================================================
----------------- testing Sun Jul 21 01:10:27 UTC 2019 /home/travis/build/icyphy/ptII/ptolemy/actor/lib/test/auto/PublisherSubscriberOpaqueD3Reverse.xml
----------------- Instantiating /home/travis/build/icyphy/ptII/ptolemy/actor/lib/test/auto/PublisherSubscriberOpaqueD3Reverse.xml
8 ms. Memory: 372736K Free: 148466K (40%)
----------------- Invoking toplevel() on ptolemy.moml.MoMLSimpleApplication@70905f9f
----------------- Done invoking toplevel() on ptolemy.moml.MoMLSimpleApplication@70905f9f
reloadAllAccessors: .PublisherSubscriberOpaqueD3Reverse

===========================================================================================
----------------- testing Sun Jul 21 01:10:28 UTC 2019 /home/travis/build/icyphy/ptII/ptolemy/actor/lib/test/auto/PublisherSubscriberOpaqueWidthInference.xml
----------------- Instantiating /home/travis/build/icyphy/ptII/ptolemy/actor/lib/test/auto/PublisherSubscriberOpaqueWidthInference.xml
4 ms. Memory: 372736K Free: 140260K (38%)
----------------- Invoking toplevel() on ptolemy.moml.MoMLSimpleApplication@5da020f3
----------------- Done invoking toplevel() on ptolemy.moml.MoMLSimpleApplication@5da020f3
reloadAllAccessors: .PublisherSubscriberOpaqueWidthInference

===========================================================================================
----------------- testing Sun Jul 21 01:10:28 UTC 2019 /home/travis/build/icyphy/ptII/ptolemy/actor/lib/test/auto/PublisherTestSubscriber.xml
----------------- Instantiating /home/travis/build/icyphy/ptII/ptolemy/actor/lib/test/auto/PublisherTestSubscriber.xml
3 ms. Memory: 372736K Free: 132596K (36%)
----------------- Invoking toplevel() on ptolemy.moml.MoMLSimpleApplication@666106dc
----------------- Done invoking toplevel() on ptolemy.moml.MoMLSimpleApplication@666106dc
reloadAllAccessors: .PublisherTestSubscriber

===========================================================================================
----------------- testing Sun Jul 21 01:10:28 UTC 2019 /home/travis/build/icyphy/ptII/ptolemy/actor/lib/test/auto/PublisherToplevelSubscriberPortAOC.xml
----------------- Instantiating /home/travis/build/icyphy/ptII/ptolemy/actor/lib/test/auto/PublisherToplevelSubscriberPortAOC.xml
2 ms. Memory: 372736K Free: 125924K (34%)
----------------- Invoking toplevel() on ptolemy.moml.MoMLSimpleApplication@7f409366
----------------- Done invoking toplevel() on ptolemy.moml.MoMLSimpleApplication@7f409366
reloadAllAccessors: .PublisherToplevelSubscriberPortAOC

===========================================================================================
----------------- testing Sun Jul 21 01:10:28 UTC 2019 /home/travis/build/icyphy/ptII/ptolemy/actor/lib/test/auto/PulseFiringLimitDE.xml
----------------- Instantiating /home/travis/build/icyphy/ptII/ptolemy/actor/lib/test/auto/PulseFiringLimitDE.xml
2 ms. Memory: 372736K Free: 119284K (32%)
----------------- Invoking toplevel() on ptolemy.moml.MoMLSimpleApplication@2f7e6b5b
----------------- Done invoking toplevel() on ptolemy.moml.MoMLSimpleApplication@2f7e6b5b
reloadAllAccessors: .PulseFiringLimitDE

===========================================================================================
----------------- testing Sun Jul 21 01:10:28 UTC 2019 /home/travis/build/icyphy/ptII/ptolemy/actor/lib/test/auto/Ramp1.xml
----------------- Instantiating /home/travis/build/icyphy/ptII/ptolemy/actor/lib/test/auto/Ramp1.xml
2 ms. Memory: 372736K Free: 114660K (31%)
----------------- Invoking toplevel() on ptolemy.moml.MoMLSimpleApplication@3e1b1f8
----------------- Done invoking toplevel() on ptolemy.moml.MoMLSimpleApplication@3e1b1f8
reloadAllAccessors: .Ramp1

===========================================================================================
----------------- testing Sun Jul 21 01:10:28 UTC 2019 /home/travis/build/icyphy/ptII/ptolemy/actor/lib/test/auto/RampFiringLimitDE.xml
----------------- Instantiating /home/travis/build/icyphy/ptII/ptolemy/actor/lib/test/auto/RampFiringLimitDE.xml
3 ms. Memory: 372736K Free: 108516K (29%)
----------------- Invoking toplevel() on ptolemy.moml.MoMLSimpleApplication@6a45fa72
----------------- Done invoking toplevel() on ptolemy.moml.MoMLSimpleApplication@6a45fa72
reloadAllAccessors: .RampFiringLimitDE

===========================================================================================
----------------- testing Sun Jul 21 01:10:28 UTC 2019 /home/travis/build/icyphy/ptII/ptolemy/actor/lib/test/auto/RampFiringLimitSDF.xml
----------------- Instantiating /home/travis/build/icyphy/ptII/ptolemy/actor/lib/test/auto/RampFiringLimitSDF.xml
3 ms. Memory: 372736K Free: 322812K (87%)
----------------- Invoking toplevel() on ptolemy.moml.MoMLSimpleApplication@62aa5b55
----------------- Done invoking toplevel() on ptolemy.moml.MoMLSimpleApplication@62aa5b55
reloadAllAccessors: .RampFiringLimitSDF

===========================================================================================
----------------- testing Sun Jul 21 01:10:28 UTC 2019 /home/travis/build/icyphy/ptII/ptolemy/actor/lib/test/auto/RandomInteger.xml
----------------- Instantiating /home/travis/build/icyphy/ptII/ptolemy/actor/lib/test/auto/RandomInteger.xml
1 ms. Memory: 372736K Free: 318220K (85%)
----------------- Invoking toplevel() on ptolemy.moml.MoMLSimpleApplication@72986db1
----------------- Done invoking toplevel() on ptolemy.moml.MoMLSimpleApplication@72986db1
reloadAllAccessors: .RandomInteger

===========================================================================================
----------------- testing Sun Jul 21 01:10:28 UTC 2019 /home/travis/build/icyphy/ptII/ptolemy/actor/lib/test/auto/ReadFile1.xml
----------------- Instantiating /home/travis/build/icyphy/ptII/ptolemy/actor/lib/test/auto/ReadFile1.xml
1 ms. Memory: 372736K Free: 313610K (84%)
----------------- Invoking toplevel() on ptolemy.moml.MoMLSimpleApplication@96f6514
----------------- Done invoking toplevel() on ptolemy.moml.MoMLSimpleApplication@96f6514
reloadAllAccessors: .ReadFile1

===========================================================================================
----------------- testing Sun Jul 21 01:10:28 UTC 2019 /home/travis/build/icyphy/ptII/ptolemy/actor/lib/test/auto/ReadFile2.xml
----------------- Instantiating /home/travis/build/icyphy/ptII/ptolemy/actor/lib/test/auto/ReadFile2.xml
1 ms. Memory: 372736K Free: 309514K (83%)
----------------- Invoking toplevel() on ptolemy.moml.MoMLSimpleApplication@24d01eb2
----------------- Done invoking toplevel() on ptolemy.moml.MoMLSimpleApplication@24d01eb2
reloadAllAccessors: .ReadFile2

===========================================================================================
----------------- testing Sun Jul 21 01:10:28 UTC 2019 /home/travis/build/icyphy/ptII/ptolemy/actor/lib/test/auto/Reader.xml
----------------- Instantiating /home/travis/build/icyphy/ptII/ptolemy/actor/lib/test/auto/Reader.xml
actor.lib.Reader is obsolete, use actor.lib.io.ExpressionReader instead
4 ms. Memory: 372736K Free: 305418K (82%)
----------------- Invoking toplevel() on ptolemy.moml.MoMLSimpleApplication@62475500
----------------- Done invoking toplevel() on ptolemy.moml.MoMLSimpleApplication@62475500
reloadAllAccessors: .Reader

===========================================================================================
----------------- testing Sun Jul 21 01:10:28 UTC 2019 /home/travis/build/icyphy/ptII/ptolemy/actor/lib/test/auto/RecordAssemblerDisplayNameTest.xml
----------------- Instantiating /home/travis/build/icyphy/ptII/ptolemy/actor/lib/test/auto/RecordAssemblerDisplayNameTest.xml
3678 ms. Memory: 372736K Free: 182291K (49%)
----------------- Invoking toplevel() on ptolemy.moml.MoMLSimpleApplication@5c196f2b
----------------- Done invoking toplevel() on ptolemy.moml.MoMLSimpleApplication@5c196f2b
reloadAllAccessors: .RecordAssemblerDisplayNameTest

===========================================================================================
----------------- testing Sun Jul 21 01:10:31 UTC 2019 /home/travis/build/icyphy/ptII/ptolemy/actor/lib/test/auto/RecordAssemblerTypeError.xml
----------------- Instantiating /home/travis/build/icyphy/ptII/ptolemy/actor/lib/test/auto/RecordAssemblerTypeError.xml
10 ms. Memory: 372736K Free: 172565K (46%)
----------------- Invoking toplevel() on ptolemy.moml.MoMLSimpleApplication@25cf7d8c
----------------- Done invoking toplevel() on ptolemy.moml.MoMLSimpleApplication@25cf7d8c
reloadAllAccessors: .RecordAssemblerTypeError

===========================================================================================
----------------- testing Sun Jul 21 01:10:31 UTC 2019 /home/travis/build/icyphy/ptII/ptolemy/actor/lib/test/auto/RecordDisassember.xml
----------------- Instantiating /home/travis/build/icyphy/ptII/ptolemy/actor/lib/test/auto/RecordDisassember.xml
12 ms. Memory: 372736K Free: 167949K (45%)
----------------- Invoking toplevel() on ptolemy.moml.MoMLSimpleApplication@3e385c30
----------------- Done invoking toplevel() on ptolemy.moml.MoMLSimpleApplication@3e385c30
reloadAllAccessors: .RecordDisassember

===========================================================================================
----------------- testing Sun Jul 21 01:10:31 UTC 2019 /home/travis/build/icyphy/ptII/ptolemy/actor/lib/test/auto/RecordDisassemberDisplayNameTest.xml
----------------- Instantiating /home/travis/build/icyphy/ptII/ptolemy/actor/lib/test/auto/RecordDisassemberDisplayNameTest.xml
5 ms. Memory: 372736K Free: 160277K (43%)
----------------- Invoking toplevel() on ptolemy.moml.MoMLSimpleApplication@ad6487b
----------------- Done invoking toplevel() on ptolemy.moml.MoMLSimpleApplication@ad6487b
reloadAllAccessors: .RecordDisassemberDisplayNameTest

===========================================================================================
----------------- testing Sun Jul 21 01:10:31 UTC 2019 /home/travis/build/icyphy/ptII/ptolemy/actor/lib/test/auto/RecordDisassembler.xml
----------------- Instantiating /home/travis/build/icyphy/ptII/ptolemy/actor/lib/test/auto/RecordDisassembler.xml
3 ms. Memory: 372736K Free: 155157K (42%)
----------------- Invoking toplevel() on ptolemy.moml.MoMLSimpleApplication@3dc2c05f
----------------- Done invoking toplevel() on ptolemy.moml.MoMLSimpleApplication@3dc2c05f
reloadAllAccessors: .RecordDisassembler

===========================================================================================
----------------- testing Sun Jul 21 01:10:31 UTC 2019 /home/travis/build/icyphy/ptII/ptolemy/actor/lib/test/auto/RecordDisassembler2.xml
----------------- Instantiating /home/travis/build/icyphy/ptII/ptolemy/actor/lib/test/auto/RecordDisassembler2.xml
2 ms. Memory: 372736K Free: 150037K (40%)
----------------- Invoking toplevel() on ptolemy.moml.MoMLSimpleApplication@1874270b
----------------- Done invoking toplevel() on ptolemy.moml.MoMLSimpleApplication@1874270b
reloadAllAccessors: .RecordDisassembler2

===========================================================================================
----------------- testing Sun Jul 21 01:10:32 UTC 2019 /home/travis/build/icyphy/ptII/ptolemy/actor/lib/test/auto/RecordUpdater.xml
----------------- Instantiating /home/travis/build/icyphy/ptII/ptolemy/actor/lib/test/auto/RecordUpdater.xml
2 ms. Memory: 372736K Free: 144917K (39%)
----------------- Invoking toplevel() on ptolemy.moml.MoMLSimpleApplication@4b4165f6
----------------- Done invoking toplevel() on ptolemy.moml.MoMLSimpleApplication@4b4165f6
reloadAllAccessors: .RecordUpdater

===========================================================================================
----------------- testing Sun Jul 21 01:10:32 UTC 2019 /home/travis/build/icyphy/ptII/ptolemy/actor/lib/test/auto/RecordUpdater2.xml
----------------- Instantiating /home/travis/build/icyphy/ptII/ptolemy/actor/lib/test/auto/RecordUpdater2.xml
2 ms. Memory: 372736K Free: 140307K (38%)
----------------- Invoking toplevel() on ptolemy.moml.MoMLSimpleApplication@62528bc6
----------------- Done invoking toplevel() on ptolemy.moml.MoMLSimpleApplication@62528bc6
reloadAllAccessors: .RecordUpdater2

===========================================================================================
----------------- testing Sun Jul 21 01:10:32 UTC 2019 /home/travis/build/icyphy/ptII/ptolemy/actor/lib/test/auto/RecursiveLattice.xml
----------------- Instantiating /home/travis/build/icyphy/ptII/ptolemy/actor/lib/test/auto/RecursiveLattice.xml
1 ms. Memory: 372736K Free: 136211K (37%)
----------------- Invoking toplevel() on ptolemy.moml.MoMLSimpleApplication@464e4f75
----------------- Done invoking toplevel() on ptolemy.moml.MoMLSimpleApplication@464e4f75
reloadAllAccessors: .RecursiveLattice

===========================================================================================
----------------- testing Sun Jul 21 01:10:32 UTC 2019 /home/travis/build/icyphy/ptII/ptolemy/actor/lib/test/auto/Router.xml
----------------- Instantiating /home/travis/build/icyphy/ptII/ptolemy/actor/lib/test/auto/Router.xml
3004 ms. Memory: 372736K Free: 125971K (34%)
----------------- Invoking toplevel() on ptolemy.moml.MoMLSimpleApplication@6d30e6c9
----------------- Done invoking toplevel() on ptolemy.moml.MoMLSimpleApplication@6d30e6c9
reloadAllAccessors: .Router

===========================================================================================
----------------- testing Sun Jul 21 01:10:35 UTC 2019 /home/travis/build/icyphy/ptII/ptolemy/actor/lib/test/auto/Router2.xml
----------------- Instantiating /home/travis/build/icyphy/ptII/ptolemy/actor/lib/test/auto/Router2.xml
3004 ms. Memory: 372736K Free: 115731K (31%)
----------------- Invoking toplevel() on ptolemy.moml.MoMLSimpleApplication@408056ec
----------------- Done invoking toplevel() on ptolemy.moml.MoMLSimpleApplication@408056ec
reloadAllAccessors: .Router2

===========================================================================================
----------------- testing Sun Jul 21 01:10:38 UTC 2019 /home/travis/build/icyphy/ptII/ptolemy/actor/lib/test/auto/RunningMaximum.xml
----------------- Instantiating /home/travis/build/icyphy/ptII/ptolemy/actor/lib/test/auto/RunningMaximum.xml
2 ms. Memory: 372736K Free: 111125K (30%)
----------------- Invoking toplevel() on ptolemy.moml.MoMLSimpleApplication@66b312b0
----------------- Done invoking toplevel() on ptolemy.moml.MoMLSimpleApplication@66b312b0
reloadAllAccessors: .RunningMaximum

===========================================================================================
----------------- testing Sun Jul 21 01:10:38 UTC 2019 /home/travis/build/icyphy/ptII/ptolemy/actor/lib/test/auto/RunningMinimum.xml
----------------- Instantiating /home/travis/build/icyphy/ptII/ptolemy/actor/lib/test/auto/RunningMinimum.xml
9 ms. Memory: 372736K Free: 106515K (29%)
----------------- Invoking toplevel() on ptolemy.moml.MoMLSimpleApplication@6a72701e
----------------- Done invoking toplevel() on ptolemy.moml.MoMLSimpleApplication@6a72701e
reloadAllAccessors: .RunningMinimum

===========================================================================================
----------------- testing Sun Jul 21 01:10:38 UTC 2019 /home/travis/build/icyphy/ptII/ptolemy/actor/lib/test/auto/Scale.xml
----------------- Instantiating /home/travis/build/icyphy/ptII/ptolemy/actor/lib/test/auto/Scale.xml
1 ms. Memory: 372736K Free: 322172K (86%)
----------------- Invoking toplevel() on ptolemy.moml.MoMLSimpleApplication@25c24823
----------------- Done invoking toplevel() on ptolemy.moml.MoMLSimpleApplication@25c24823
reloadAllAccessors: .Scale

===========================================================================================
----------------- testing Sun Jul 21 01:10:38 UTC 2019 /home/travis/build/icyphy/ptII/ptolemy/actor/lib/test/auto/Scale2.xml
----------------- Instantiating /home/travis/build/icyphy/ptII/ptolemy/actor/lib/test/auto/Scale2.xml
2 ms. Memory: 372736K Free: 317052K (85%)
----------------- Invoking toplevel() on ptolemy.moml.MoMLSimpleApplication@51c5a38b
----------------- Done invoking toplevel() on ptolemy.moml.MoMLSimpleApplication@51c5a38b
reloadAllAccessors: .Scale2

===========================================================================================
----------------- testing Sun Jul 21 01:10:38 UTC 2019 /home/travis/build/icyphy/ptII/ptolemy/actor/lib/test/auto/Scale3.xml
----------------- Instantiating /home/travis/build/icyphy/ptII/ptolemy/actor/lib/test/auto/Scale3.xml
15 ms. Memory: 372736K Free: 310908K (83%)
----------------- Invoking toplevel() on ptolemy.moml.MoMLSimpleApplication@5ff68f21
----------------- Done invoking toplevel() on ptolemy.moml.MoMLSimpleApplication@5ff68f21
reloadAllAccessors: .Scale3

===========================================================================================
----------------- testing Sun Jul 21 01:10:38 UTC 2019 /home/travis/build/icyphy/ptII/ptolemy/actor/lib/test/auto/ScaleArray.xml
----------------- Instantiating /home/travis/build/icyphy/ptII/ptolemy/actor/lib/test/auto/ScaleArray.xml
3 ms. Memory: 372736K Free: 306298K (82%)
----------------- Invoking toplevel() on ptolemy.moml.MoMLSimpleApplication@37a2aa40
----------------- Done invoking toplevel() on ptolemy.moml.MoMLSimpleApplication@37a2aa40
reloadAllAccessors: .ScaleArray

===========================================================================================
----------------- testing Sun Jul 21 01:10:38 UTC 2019 /home/travis/build/icyphy/ptII/ptolemy/actor/lib/test/auto/ScaleArray2.xml
----------------- Instantiating /home/travis/build/icyphy/ptII/ptolemy/actor/lib/test/auto/ScaleArray2.xml
1 ms. Memory: 372736K Free: 301692K (81%)
----------------- Invoking toplevel() on ptolemy.moml.MoMLSimpleApplication@4b941f82
----------------- Done invoking toplevel() on ptolemy.moml.MoMLSimpleApplication@4b941f82
reloadAllAccessors: .ScaleArray2

===========================================================================================
----------------- testing Sun Jul 21 01:10:38 UTC 2019 /home/travis/build/icyphy/ptII/ptolemy/actor/lib/test/auto/ScaleMatrix.xml
----------------- Instantiating /home/travis/build/icyphy/ptII/ptolemy/actor/lib/test/auto/ScaleMatrix.xml
173 ms. Memory: 372736K Free: 288380K (77%)
----------------- Invoking toplevel() on ptolemy.moml.MoMLSimpleApplication@3b0ca98d
----------------- Done invoking toplevel() on ptolemy.moml.MoMLSimpleApplication@3b0ca98d
reloadAllAccessors: .ScaleMatrix

===========================================================================================
----------------- testing Sun Jul 21 01:10:38 UTC 2019 /home/travis/build/icyphy/ptII/ptolemy/actor/lib/test/auto/Select.xml
----------------- Instantiating /home/travis/build/icyphy/ptII/ptolemy/actor/lib/test/auto/Select.xml
2 ms. Memory: 372736K Free: 282236K (76%)
----------------- Invoking toplevel() on ptolemy.moml.MoMLSimpleApplication@5e082d09
----------------- Done invoking toplevel() on ptolemy.moml.MoMLSimpleApplication@5e082d09
reloadAllAccessors: .Select

===========================================================================================
----------------- testing Sun Jul 21 01:10:38 UTC 2019 /home/travis/build/icyphy/ptII/ptolemy/actor/lib/test/auto/Select2.xml
----------------- Instantiating /home/travis/build/icyphy/ptII/ptolemy/actor/lib/test/auto/Select2.xml
1 ms. Memory: 372736K Free: 277626K (74%)
----------------- Invoking toplevel() on ptolemy.moml.MoMLSimpleApplication@225a34e4
----------------- Done invoking toplevel() on ptolemy.moml.MoMLSimpleApplication@225a34e4
reloadAllAccessors: .Select2

===========================================================================================
----------------- testing Sun Jul 21 01:10:38 UTC 2019 /home/travis/build/icyphy/ptII/ptolemy/actor/lib/test/auto/SequenceToArray2.xml
----------------- Instantiating /home/travis/build/icyphy/ptII/ptolemy/actor/lib/test/auto/SequenceToArray2.xml
89 ms. Memory: 372736K Free: 253564K (68%)
----------------- Invoking toplevel() on ptolemy.moml.MoMLSimpleApplication@4e0c9b9a
----------------- Done invoking toplevel() on ptolemy.moml.MoMLSimpleApplication@4e0c9b9a
reloadAllAccessors: .SequenceToArray2

===========================================================================================
----------------- testing Sun Jul 21 01:10:38 UTC 2019 /home/travis/build/icyphy/ptII/ptolemy/actor/lib/test/auto/SequentialClock.xml
----------------- Instantiating /home/travis/build/icyphy/ptII/ptolemy/actor/lib/test/auto/SequentialClock.xml
2 ms. Memory: 372736K Free: 249468K (67%)
----------------- Invoking toplevel() on ptolemy.moml.MoMLSimpleApplication@51917fe4
----------------- Done invoking toplevel() on ptolemy.moml.MoMLSimpleApplication@51917fe4
reloadAllAccessors: .SequentialClock

===========================================================================================
----------------- testing Sun Jul 21 01:10:38 UTC 2019 /home/travis/build/icyphy/ptII/ptolemy/actor/lib/test/auto/SetVariable.xml
----------------- Instantiating /home/travis/build/icyphy/ptII/ptolemy/actor/lib/test/auto/SetVariable.xml
4 ms. Memory: 372736K Free: 244858K (66%)
----------------- Invoking toplevel() on ptolemy.moml.MoMLSimpleApplication@59b23082
----------------- Done invoking toplevel() on ptolemy.moml.MoMLSimpleApplication@59b23082
reloadAllAccessors: .SetVariable

===========================================================================================
----------------- testing Sun Jul 21 01:10:38 UTC 2019 /home/travis/build/icyphy/ptII/ptolemy/actor/lib/test/auto/SetVariable2.xml
----------------- Instantiating /home/travis/build/icyphy/ptII/ptolemy/actor/lib/test/auto/SetVariable2.xml
2 ms. Memory: 372736K Free: 239738K (64%)
----------------- Invoking toplevel() on ptolemy.moml.MoMLSimpleApplication@2c1f7eb3
----------------- Done invoking toplevel() on ptolemy.moml.MoMLSimpleApplication@2c1f7eb3
reloadAllAccessors: .SetVariable2

===========================================================================================
----------------- testing Sun Jul 21 01:10:38 UTC 2019 /home/travis/build/icyphy/ptII/ptolemy/actor/lib/test/auto/SetVariable3.xml
----------------- Instantiating /home/travis/build/icyphy/ptII/ptolemy/actor/lib/test/auto/SetVariable3.xml
5 ms. Memory: 372736K Free: 234618K (63%)
----------------- Invoking toplevel() on ptolemy.moml.MoMLSimpleApplication@7ff64f80
----------------- Done invoking toplevel() on ptolemy.moml.MoMLSimpleApplication@7ff64f80
reloadAllAccessors: .SetVariable3

===========================================================================================
----------------- testing Sun Jul 21 01:10:38 UTC 2019 /home/travis/build/icyphy/ptII/ptolemy/actor/lib/test/auto/SetVariable4.xml
----------------- Instantiating /home/travis/build/icyphy/ptII/ptolemy/actor/lib/test/auto/SetVariable4.xml
20 ms. Memory: 372736K Free: 225402K (60%)
----------------- Invoking toplevel() on ptolemy.moml.MoMLSimpleApplication@5032abe7
----------------- Done invoking toplevel() on ptolemy.moml.MoMLSimpleApplication@5032abe7
reloadAllAccessors: .SetVariable4

===========================================================================================
----------------- testing Sun Jul 21 01:10:38 UTC 2019 /home/travis/build/icyphy/ptII/ptolemy/actor/lib/test/auto/SetVariable5.xml
----------------- Instantiating /home/travis/build/icyphy/ptII/ptolemy/actor/lib/test/auto/SetVariable5.xml
19 ms. Memory: 372736K Free: 215676K (58%)
----------------- Invoking toplevel() on ptolemy.moml.MoMLSimpleApplication@19a5be5a
----------------- Done invoking toplevel() on ptolemy.moml.MoMLSimpleApplication@19a5be5a
reloadAllAccessors: .SetVariable5

===========================================================================================
----------------- testing Sun Jul 21 01:10:38 UTC 2019 /home/travis/build/icyphy/ptII/ptolemy/actor/lib/test/auto/Sinewave.xml
----------------- Instantiating /home/travis/build/icyphy/ptII/ptolemy/actor/lib/test/auto/Sinewave.xml
5 ms. Memory: 372736K Free: 205436K (55%)
----------------- Invoking toplevel() on ptolemy.moml.MoMLSimpleApplication@20c92d57
----------------- Done invoking toplevel() on ptolemy.moml.MoMLSimpleApplication@20c92d57
reloadAllAccessors: .Sinewave

===========================================================================================
----------------- testing Sun Jul 21 01:10:38 UTC 2019 /home/travis/build/icyphy/ptII/ptolemy/actor/lib/test/auto/Sinewave2.xml
----------------- Instantiating /home/travis/build/icyphy/ptII/ptolemy/actor/lib/test/auto/Sinewave2.xml
11 ms. Memory: 372736K Free: 197244K (53%)
----------------- Invoking toplevel() on ptolemy.moml.MoMLSimpleApplication@525a3d36
----------------- Done invoking toplevel() on ptolemy.moml.MoMLSimpleApplication@525a3d36
reloadAllAccessors: .Sinewave2

===========================================================================================
----------------- testing Sun Jul 21 01:10:38 UTC 2019 /home/travis/build/icyphy/ptII/ptolemy/actor/lib/test/auto/Sinewave3.xml
----------------- Instantiating /home/travis/build/icyphy/ptII/ptolemy/actor/lib/test/auto/Sinewave3.xml
8 ms. Memory: 372736K Free: 189052K (51%)
----------------- Invoking toplevel() on ptolemy.moml.MoMLSimpleApplication@20cc8fe3
----------------- Done invoking toplevel() on ptolemy.moml.MoMLSimpleApplication@20cc8fe3
reloadAllAccessors: .Sinewave3

===========================================================================================
----------------- testing Sun Jul 21 01:10:38 UTC 2019 /home/travis/build/icyphy/ptII/ptolemy/actor/lib/test/auto/SingleEvent.xml
----------------- Instantiating /home/travis/build/icyphy/ptII/ptolemy/actor/lib/test/auto/SingleEvent.xml
3 ms. Memory: 372736K Free: 184956K (50%)
----------------- Invoking toplevel() on ptolemy.moml.MoMLSimpleApplication@776846f
----------------- Done invoking toplevel() on ptolemy.moml.MoMLSimpleApplication@776846f
reloadAllAccessors: .SingleEvent

===========================================================================================
----------------- testing Sun Jul 21 01:10:38 UTC 2019 /home/travis/build/icyphy/ptII/ptolemy/actor/lib/test/auto/Sleep.xml
----------------- Instantiating /home/travis/build/icyphy/ptII/ptolemy/actor/lib/test/auto/Sleep.xml
6003 ms. Memory: 372736K Free: 179322K (48%)
----------------- Invoking toplevel() on ptolemy.moml.MoMLSimpleApplication@58d5649e
----------------- Done invoking toplevel() on ptolemy.moml.MoMLSimpleApplication@58d5649e
reloadAllAccessors: .Sleep

===========================================================================================
----------------- testing Sun Jul 21 01:10:44 UTC 2019 /home/travis/build/icyphy/ptII/ptolemy/actor/lib/test/auto/SleepMultipleFire.xml
----------------- Instantiating /home/travis/build/icyphy/ptII/ptolemy/actor/lib/test/auto/SleepMultipleFire.xml
1013 ms. Memory: 372736K Free: 173692K (47%)
----------------- Invoking toplevel() on ptolemy.moml.MoMLSimpleApplication@4111142e
----------------- Done invoking toplevel() on ptolemy.moml.MoMLSimpleApplication@4111142e
reloadAllAccessors: .SleepMultipleFire

===========================================================================================
----------------- testing Sun Jul 21 01:10:45 UTC 2019 /home/travis/build/icyphy/ptII/ptolemy/actor/lib/test/auto/StopDE.xml
----------------- Instantiating /home/travis/build/icyphy/ptII/ptolemy/actor/lib/test/auto/StopDE.xml
5 ms. Memory: 372736K Free: 168058K (45%)
----------------- Invoking toplevel() on ptolemy.moml.MoMLSimpleApplication@78ef4275
----------------- Done invoking toplevel() on ptolemy.moml.MoMLSimpleApplication@78ef4275
reloadAllAccessors: .StopDE

===========================================================================================
----------------- testing Sun Jul 21 01:10:45 UTC 2019 /home/travis/build/icyphy/ptII/ptolemy/actor/lib/test/auto/StopSDF.xml
----------------- Instantiating /home/travis/build/icyphy/ptII/ptolemy/actor/lib/test/auto/StopSDF.xml
3 ms. Memory: 372736K Free: 162938K (44%)
----------------- Invoking toplevel() on ptolemy.moml.MoMLSimpleApplication@4a614765
----------------- Done invoking toplevel() on ptolemy.moml.MoMLSimpleApplication@4a614765
reloadAllAccessors: .StopSDF

===========================================================================================
----------------- testing Sun Jul 21 01:10:45 UTC 2019 /home/travis/build/icyphy/ptII/ptolemy/actor/lib/test/auto/StringConstant.xml
----------------- Instantiating /home/travis/build/icyphy/ptII/ptolemy/actor/lib/test/auto/StringConstant.xml
10 ms. Memory: 372736K Free: 158842K (43%)
----------------- Invoking toplevel() on ptolemy.moml.MoMLSimpleApplication@8c58220
----------------- Done invoking toplevel() on ptolemy.moml.MoMLSimpleApplication@8c58220
reloadAllAccessors: .StringConstant

===========================================================================================
----------------- testing Sun Jul 21 01:10:45 UTC 2019 /home/travis/build/icyphy/ptII/ptolemy/actor/lib/test/auto/SubscriberPortInitialValues1.xml
----------------- Instantiating /home/travis/build/icyphy/ptII/ptolemy/actor/lib/test/auto/SubscriberPortInitialValues1.xml
13 ms. Memory: 372736K Free: 149626K (40%)
----------------- Invoking toplevel() on ptolemy.moml.MoMLSimpleApplication@4b9e5569
----------------- Done invoking toplevel() on ptolemy.moml.MoMLSimpleApplication@4b9e5569
reloadAllAccessors: .SubscriberPortInitialValues1

===========================================================================================
----------------- testing Sun Jul 21 01:10:45 UTC 2019 /home/travis/build/icyphy/ptII/ptolemy/actor/lib/test/auto/SubscriberPortInitialValues13.xml
----------------- Instantiating /home/travis/build/icyphy/ptII/ptolemy/actor/lib/test/auto/SubscriberPortInitialValues13.xml
6 ms. Memory: 372736K Free: 136828K (37%)
----------------- Invoking toplevel() on ptolemy.moml.MoMLSimpleApplication@3dff5954
----------------- Done invoking toplevel() on ptolemy.moml.MoMLSimpleApplication@3dff5954
reloadAllAccessors: .SubscriberPortInitialValues13

===========================================================================================
----------------- testing Sun Jul 21 01:10:46 UTC 2019 /home/travis/build/icyphy/ptII/ptolemy/actor/lib/test/auto/SubscriberPortInitialValues14.xml
----------------- Instantiating /home/travis/build/icyphy/ptII/ptolemy/actor/lib/test/auto/SubscriberPortInitialValues14.xml
4 ms. Memory: 372736K Free: 129146K (35%)
----------------- Invoking toplevel() on ptolemy.moml.MoMLSimpleApplication@4708f302
----------------- Done invoking toplevel() on ptolemy.moml.MoMLSimpleApplication@4708f302
reloadAllAccessors: .SubscriberPortInitialValues14

===========================================================================================
----------------- testing Sun Jul 21 01:10:46 UTC 2019 /home/travis/build/icyphy/ptII/ptolemy/actor/lib/test/auto/SubscriberPortInitialValues2.xml
----------------- Instantiating /home/travis/build/icyphy/ptII/ptolemy/actor/lib/test/auto/SubscriberPortInitialValues2.xml
4 ms. Memory: 372736K Free: 121468K (33%)
----------------- Invoking toplevel() on ptolemy.moml.MoMLSimpleApplication@26e77d2f
----------------- Done invoking toplevel() on ptolemy.moml.MoMLSimpleApplication@26e77d2f
reloadAllAccessors: .SubscriberPortInitialValues2

===========================================================================================
----------------- testing Sun Jul 21 01:10:46 UTC 2019 /home/travis/build/icyphy/ptII/ptolemy/actor/lib/test/auto/SubscriberPortInitialValues3.xml
----------------- Instantiating /home/travis/build/icyphy/ptII/ptolemy/actor/lib/test/auto/SubscriberPortInitialValues3.xml
4 ms. Memory: 372736K Free: 110714K (30%)
----------------- Invoking toplevel() on ptolemy.moml.MoMLSimpleApplication@45b8f971
----------------- Done invoking toplevel() on ptolemy.moml.MoMLSimpleApplication@45b8f971
reloadAllAccessors: .SubscriberPortInitialValues3

===========================================================================================
----------------- testing Sun Jul 21 01:10:46 UTC 2019 /home/travis/build/icyphy/ptII/ptolemy/actor/lib/test/auto/SubscriptionAggregator.xml
----------------- Instantiating /home/travis/build/icyphy/ptII/ptolemy/actor/lib/test/auto/SubscriptionAggregator.xml
13 ms. Memory: 372736K Free: 323418K (87%)
----------------- Invoking toplevel() on ptolemy.moml.MoMLSimpleApplication@7f69a75d
----------------- Done invoking toplevel() on ptolemy.moml.MoMLSimpleApplication@7f69a75d
reloadAllAccessors: .SubscriptionAggregator

===========================================================================================
----------------- testing Sun Jul 21 01:10:46 UTC 2019 /home/travis/build/icyphy/ptII/ptolemy/actor/lib/test/auto/SubscriptionAggregator2.xml
----------------- Instantiating /home/travis/build/icyphy/ptII/ptolemy/actor/lib/test/auto/SubscriptionAggregator2.xml
2 ms. Memory: 372736K Free: 316028K (85%)
----------------- Invoking toplevel() on ptolemy.moml.MoMLSimpleApplication@4e6fb78d
----------------- Done invoking toplevel() on ptolemy.moml.MoMLSimpleApplication@4e6fb78d
reloadAllAccessors: .SubscriptionAggregator2

===========================================================================================
----------------- testing Sun Jul 21 01:10:46 UTC 2019 /home/travis/build/icyphy/ptII/ptolemy/actor/lib/test/auto/SubscriptionAggregator3.xml
----------------- Instantiating /home/travis/build/icyphy/ptII/ptolemy/actor/lib/test/auto/SubscriptionAggregator3.xml
4 ms. Memory: 372736K Free: 307332K (82%)
----------------- Invoking toplevel() on ptolemy.moml.MoMLSimpleApplication@6634504d
----------------- Done invoking toplevel() on ptolemy.moml.MoMLSimpleApplication@6634504d
reloadAllAccessors: .SubscriptionAggregator3

===========================================================================================
----------------- testing Sun Jul 21 01:10:46 UTC 2019 /home/travis/build/icyphy/ptII/ptolemy/actor/lib/test/auto/SubscriptionAggregatorMultiply.xml
----------------- Instantiating /home/travis/build/icyphy/ptII/ptolemy/actor/lib/test/auto/SubscriptionAggregatorMultiply.xml
10 ms. Memory: 372736K Free: 299140K (80%)
----------------- Invoking toplevel() on ptolemy.moml.MoMLSimpleApplication@cf8ce57
----------------- Done invoking toplevel() on ptolemy.moml.MoMLSimpleApplication@cf8ce57
reloadAllAccessors: .SubscriptionAggregatorMultiply

===========================================================================================
----------------- testing Sun Jul 21 01:10:46 UTC 2019 /home/travis/build/icyphy/ptII/ptolemy/actor/lib/test/auto/SubscriptionAggregatorPortMultiply1.xml
----------------- Instantiating /home/travis/build/icyphy/ptII/ptolemy/actor/lib/test/auto/SubscriptionAggregatorPortMultiply1.xml
3 ms. Memory: 372736K Free: 290434K (78%)
----------------- Invoking toplevel() on ptolemy.moml.MoMLSimpleApplication@1b494b4a
----------------- Done invoking toplevel() on ptolemy.moml.MoMLSimpleApplication@1b494b4a
reloadAllAccessors: .SubscriptionAggregatorPortMultiply1

===========================================================================================
----------------- testing Sun Jul 21 01:10:46 UTC 2019 /home/travis/build/icyphy/ptII/ptolemy/actor/lib/test/auto/Switch.xml
----------------- Instantiating /home/travis/build/icyphy/ptII/ptolemy/actor/lib/test/auto/Switch.xml
6 ms. Memory: 372736K Free: 282242K (76%)
----------------- Invoking toplevel() on ptolemy.moml.MoMLSimpleApplication@5272e30b
----------------- Done invoking toplevel() on ptolemy.moml.MoMLSimpleApplication@5272e30b
reloadAllAccessors: .Switch

===========================================================================================
----------------- testing Sun Jul 21 01:10:46 UTC 2019 /home/travis/build/icyphy/ptII/ptolemy/actor/lib/test/auto/Switch2.xml
----------------- Instantiating /home/travis/build/icyphy/ptII/ptolemy/actor/lib/test/auto/Switch2.xml
1 ms. Memory: 372736K Free: 277636K (74%)
----------------- Invoking toplevel() on ptolemy.moml.MoMLSimpleApplication@4c24cc66
----------------- Done invoking toplevel() on ptolemy.moml.MoMLSimpleApplication@4c24cc66
reloadAllAccessors: .Switch2

===========================================================================================
----------------- testing Sun Jul 21 01:10:46 UTC 2019 /home/travis/build/icyphy/ptII/ptolemy/actor/lib/test/auto/SwitchDE.xml
----------------- Instantiating /home/travis/build/icyphy/ptII/ptolemy/actor/lib/test/auto/SwitchDE.xml
2 ms. Memory: 372736K Free: 271492K (73%)
----------------- Invoking toplevel() on ptolemy.moml.MoMLSimpleApplication@28bd6962
----------------- Done invoking toplevel() on ptolemy.moml.MoMLSimpleApplication@28bd6962
reloadAllAccessors: .SwitchDE

===========================================================================================
----------------- testing Sun Jul 21 01:10:46 UTC 2019 /home/travis/build/icyphy/ptII/ptolemy/actor/lib/test/auto/SynchronizerDE.xml
----------------- Instantiating /home/travis/build/icyphy/ptII/ptolemy/actor/lib/test/auto/SynchronizerDE.xml
8 ms. Memory: 372736K Free: 263300K (71%)
----------------- Invoking toplevel() on ptolemy.moml.MoMLSimpleApplication@594ca84f
----------------- Done invoking toplevel() on ptolemy.moml.MoMLSimpleApplication@594ca84f
reloadAllAccessors: .SynchronizerDE

===========================================================================================
----------------- testing Sun Jul 21 01:10:46 UTC 2019 /home/travis/build/icyphy/ptII/ptolemy/actor/lib/test/auto/Test.xml
----------------- Instantiating /home/travis/build/icyphy/ptII/ptolemy/actor/lib/test/auto/Test.xml
1 ms. Memory: 372736K Free: 258180K (69%)
----------------- Invoking toplevel() on ptolemy.moml.MoMLSimpleApplication@38131723
----------------- Done invoking toplevel() on ptolemy.moml.MoMLSimpleApplication@38131723
reloadAllAccessors: .Test

===========================================================================================
----------------- testing Sun Jul 21 01:10:46 UTC 2019 /home/travis/build/icyphy/ptII/ptolemy/actor/lib/test/auto/TestExceptionAttribute1.xml
----------------- Instantiating /home/travis/build/icyphy/ptII/ptolemy/actor/lib/test/auto/TestExceptionAttribute1.xml
2 ms. Memory: 372736K Free: 254594K (68%)
----------------- Invoking toplevel() on ptolemy.moml.MoMLSimpleApplication@1a01ea2b
----------------- Done invoking toplevel() on ptolemy.moml.MoMLSimpleApplication@1a01ea2b
reloadAllAccessors: .TestExceptionAttribute1

===========================================================================================
----------------- testing Sun Jul 21 01:10:46 UTC 2019 /home/travis/build/icyphy/ptII/ptolemy/actor/lib/test/auto/TestExceptionAttribute2.xml
----------------- Instantiating /home/travis/build/icyphy/ptII/ptolemy/actor/lib/test/auto/TestExceptionAttribute2.xml
1 ms. Memory: 372736K Free: 250498K (67%)
----------------- Invoking toplevel() on ptolemy.moml.MoMLSimpleApplication@7f63e0ea
----------------- Done invoking toplevel() on ptolemy.moml.MoMLSimpleApplication@7f63e0ea
reloadAllAccessors: .TestExceptionAttribute2

===========================================================================================
----------------- testing Sun Jul 21 01:10:46 UTC 2019 /home/travis/build/icyphy/ptII/ptolemy/actor/lib/test/auto/TestExceptionAttribute3.xml
----------------- Instantiating /home/travis/build/icyphy/ptII/ptolemy/actor/lib/test/auto/TestExceptionAttribute3.xml
.TestExceptionAttribute3.TestExceptionAttribute: initialize() was not invoked, but wrapup() was.  This is unusual, but not always a problem.  For example, exporting JNLP will do this.
1 ms. Memory: 372736K Free: 246916K (66%)
----------------- Invoking toplevel() on ptolemy.moml.MoMLSimpleApplication@2e1bef4a
----------------- Done invoking toplevel() on ptolemy.moml.MoMLSimpleApplication@2e1bef4a
reloadAllAccessors: .TestExceptionAttribute3

===========================================================================================
----------------- testing Sun Jul 21 01:10:46 UTC 2019 /home/travis/build/icyphy/ptII/ptolemy/actor/lib/test/auto/TestExceptionAttribute4.xml
----------------- Instantiating /home/travis/build/icyphy/ptII/ptolemy/actor/lib/test/auto/TestExceptionAttribute4.xml
.TestExceptionAttribute4.TestExceptionAttribute: initialize() was not invoked, but wrapup() was.  This is unusual, but not always a problem.  For example, exporting JNLP will do this.
.TestExceptionAttribute4.TestExceptionAttribute2: initialize() was not invoked, but wrapup() was.  This is unusual, but not always a problem.  For example, exporting JNLP will do this.
1 ms. Memory: 372736K Free: 242820K (65%)
----------------- Invoking toplevel() on ptolemy.moml.MoMLSimpleApplication@5a1ed0ff
----------------- Done invoking toplevel() on ptolemy.moml.MoMLSimpleApplication@5a1ed0ff
reloadAllAccessors: .TestExceptionAttribute4

===========================================================================================
----------------- testing Sun Jul 21 01:10:46 UTC 2019 /home/travis/build/icyphy/ptII/ptolemy/actor/lib/test/auto/TestExceptionHandler1.xml
----------------- Instantiating /home/travis/build/icyphy/ptII/ptolemy/actor/lib/test/auto/TestExceptionHandler1.xml
1 ms. Memory: 372736K Free: 239234K (64%)
----------------- Invoking toplevel() on ptolemy.moml.MoMLSimpleApplication@7ce62268
----------------- Done invoking toplevel() on ptolemy.moml.MoMLSimpleApplication@7ce62268
reloadAllAccessors: .TestExceptionHandler1

===========================================================================================
----------------- testing Sun Jul 21 01:10:46 UTC 2019 /home/travis/build/icyphy/ptII/ptolemy/actor/lib/test/auto/TestExceptionHandler2.xml
----------------- Instantiating /home/travis/build/icyphy/ptII/ptolemy/actor/lib/test/auto/TestExceptionHandler2.xml
1 ms. Memory: 372736K Free: 235652K (63%)
----------------- Invoking toplevel() on ptolemy.moml.MoMLSimpleApplication@4eb80479
----------------- Done invoking toplevel() on ptolemy.moml.MoMLSimpleApplication@4eb80479
reloadAllAccessors: .TestExceptionHandler2

===========================================================================================
----------------- testing Sun Jul 21 01:10:46 UTC 2019 /home/travis/build/icyphy/ptII/ptolemy/actor/lib/test/auto/TestExceptionHandler3.xml
----------------- Instantiating /home/travis/build/icyphy/ptII/ptolemy/actor/lib/test/auto/TestExceptionHandler3.xml
1 ms. Memory: 372736K Free: 232066K (62%)
----------------- Invoking toplevel() on ptolemy.moml.MoMLSimpleApplication@b801b5a
----------------- Done invoking toplevel() on ptolemy.moml.MoMLSimpleApplication@b801b5a
reloadAllAccessors: .TestExceptionHandler3

===========================================================================================
----------------- testing Sun Jul 21 01:10:46 UTC 2019 /home/travis/build/icyphy/ptII/ptolemy/actor/lib/test/auto/TestExceptionHandler4.xml
----------------- Instantiating /home/travis/build/icyphy/ptII/ptolemy/actor/lib/test/auto/TestExceptionHandler4.xml
1 ms. Memory: 372736K Free: 227970K (61%)
----------------- Invoking toplevel() on ptolemy.moml.MoMLSimpleApplication@29af11e5
----------------- Done invoking toplevel() on ptolemy.moml.MoMLSimpleApplication@29af11e5
reloadAllAccessors: .TestExceptionHandler4

===========================================================================================
----------------- testing Sun Jul 21 01:10:46 UTC 2019 /home/travis/build/icyphy/ptII/ptolemy/actor/lib/test/auto/TestRequireCorrectOrder.xml
----------------- Instantiating /home/travis/build/icyphy/ptII/ptolemy/actor/lib/test/auto/TestRequireCorrectOrder.xml
7 ms. Memory: 372736K Free: 222844K (60%)
----------------- Invoking toplevel() on ptolemy.moml.MoMLSimpleApplication@39efbc2b
----------------- Done invoking toplevel() on ptolemy.moml.MoMLSimpleApplication@39efbc2b
reloadAllAccessors: .TestRequireCorrectOrder

===========================================================================================
----------------- testing Sun Jul 21 01:10:46 UTC 2019 /home/travis/build/icyphy/ptII/ptolemy/actor/lib/test/auto/TestSimple.xml
----------------- Instantiating /home/travis/build/icyphy/ptII/ptolemy/actor/lib/test/auto/TestSimple.xml
1 ms. Memory: 372736K Free: 218754K (59%)
----------------- Invoking toplevel() on ptolemy.moml.MoMLSimpleApplication@2147fe14
----------------- Done invoking toplevel() on ptolemy.moml.MoMLSimpleApplication@2147fe14
reloadAllAccessors: .TestSimple

===========================================================================================
----------------- testing Sun Jul 21 01:10:46 UTC 2019 /home/travis/build/icyphy/ptII/ptolemy/actor/lib/test/auto/ThrowModelError.xml
----------------- Instantiating /home/travis/build/icyphy/ptII/ptolemy/actor/lib/test/auto/ThrowModelError.xml
1 ms. Memory: 372736K Free: 214148K (57%)
----------------- Invoking toplevel() on ptolemy.moml.MoMLSimpleApplication@14aa449a
----------------- Done invoking toplevel() on ptolemy.moml.MoMLSimpleApplication@14aa449a
reloadAllAccessors: .ThrowModelError

===========================================================================================
----------------- testing Sun Jul 21 01:10:46 UTC 2019 /home/travis/build/icyphy/ptII/ptolemy/actor/lib/test/auto/TimeDelayMicrosteps.xml
----------------- Instantiating /home/travis/build/icyphy/ptII/ptolemy/actor/lib/test/auto/TimeDelayMicrosteps.xml
3 ms. Memory: 372736K Free: 206980K (56%)
----------------- Invoking toplevel() on ptolemy.moml.MoMLSimpleApplication@5a889408
----------------- Done invoking toplevel() on ptolemy.moml.MoMLSimpleApplication@5a889408
reloadAllAccessors: .TimeDelayMicrosteps

===========================================================================================
----------------- testing Sun Jul 21 01:10:46 UTC 2019 /home/travis/build/icyphy/ptII/ptolemy/actor/lib/test/auto/TimeDelayMicrosteps2.xml
----------------- Instantiating /home/travis/build/icyphy/ptII/ptolemy/actor/lib/test/auto/TimeDelayMicrosteps2.xml
3 ms. Memory: 372736K Free: 199812K (54%)
----------------- Invoking toplevel() on ptolemy.moml.MoMLSimpleApplication@5c6a2528
----------------- Done invoking toplevel() on ptolemy.moml.MoMLSimpleApplication@5c6a2528
reloadAllAccessors: .TimeDelayMicrosteps2

===========================================================================================
----------------- testing Sun Jul 21 01:10:46 UTC 2019 /home/travis/build/icyphy/ptII/ptolemy/actor/lib/test/auto/TimeDelayMicrosteps3.xml
----------------- Instantiating /home/travis/build/icyphy/ptII/ptolemy/actor/lib/test/auto/TimeDelayMicrosteps3.xml
3 ms. Memory: 372736K Free: 193148K (52%)
----------------- Invoking toplevel() on ptolemy.moml.MoMLSimpleApplication@5c614b74
----------------- Done invoking toplevel() on ptolemy.moml.MoMLSimpleApplication@5c614b74
reloadAllAccessors: .TimeDelayMicrosteps3

===========================================================================================
----------------- testing Sun Jul 21 01:10:46 UTC 2019 /home/travis/build/icyphy/ptII/ptolemy/actor/lib/test/auto/TimeDelayVariableMicrosteps.xml
----------------- Instantiating /home/travis/build/icyphy/ptII/ptolemy/actor/lib/test/auto/TimeDelayVariableMicrosteps.xml
4 ms. Memory: 372736K Free: 187010K (50%)
----------------- Invoking toplevel() on ptolemy.moml.MoMLSimpleApplication@481ad45d
----------------- Done invoking toplevel() on ptolemy.moml.MoMLSimpleApplication@481ad45d
reloadAllAccessors: .TimeDelayVariableMicrosteps

===========================================================================================
----------------- testing Sun Jul 21 01:10:46 UTC 2019 /home/travis/build/icyphy/ptII/ptolemy/actor/lib/test/auto/TimeGap.xml
----------------- Instantiating /home/travis/build/icyphy/ptII/ptolemy/actor/lib/test/auto/TimeGap.xml
3 ms. Memory: 372736K Free: 181876K (49%)
----------------- Invoking toplevel() on ptolemy.moml.MoMLSimpleApplication@60c1655e
----------------- Done invoking toplevel() on ptolemy.moml.MoMLSimpleApplication@60c1655e
reloadAllAccessors: .TimeGap

===========================================================================================
----------------- testing Sun Jul 21 01:10:46 UTC 2019 /home/travis/build/icyphy/ptII/ptolemy/actor/lib/test/auto/TimeGap2.xml
----------------- Instantiating /home/travis/build/icyphy/ptII/ptolemy/actor/lib/test/auto/TimeGap2.xml
2 ms. Memory: 372736K Free: 176260K (47%)
----------------- Invoking toplevel() on ptolemy.moml.MoMLSimpleApplication@54f9d580
----------------- Done invoking toplevel() on ptolemy.moml.MoMLSimpleApplication@54f9d580
reloadAllAccessors: .TimeGap2

===========================================================================================
----------------- testing Sun Jul 21 01:10:46 UTC 2019 /home/travis/build/icyphy/ptII/ptolemy/actor/lib/test/auto/TimedSinewave.xml
----------------- Instantiating /home/travis/build/icyphy/ptII/ptolemy/actor/lib/test/auto/TimedSinewave.xml
31 ms. Memory: 372736K Free: 161924K (43%)
----------------- Invoking toplevel() on ptolemy.moml.MoMLSimpleApplication@4565abe9
----------------- Done invoking toplevel() on ptolemy.moml.MoMLSimpleApplication@4565abe9
reloadAllAccessors: .TimedSinewave

===========================================================================================
----------------- testing Sun Jul 21 01:10:46 UTC 2019 /home/travis/build/icyphy/ptII/ptolemy/actor/lib/test/auto/TimedSinewavePhase.xml
----------------- Instantiating /home/travis/build/icyphy/ptII/ptolemy/actor/lib/test/auto/TimedSinewavePhase.xml
9 ms. Memory: 372736K Free: 151684K (41%)
----------------- Invoking toplevel() on ptolemy.moml.MoMLSimpleApplication@335814a
----------------- Done invoking toplevel() on ptolemy.moml.MoMLSimpleApplication@335814a
reloadAllAccessors: .TimedSinewavePhase

===========================================================================================
----------------- testing Sun Jul 21 01:10:46 UTC 2019 /home/travis/build/icyphy/ptII/ptolemy/actor/lib/test/auto/Timer.xml
----------------- Instantiating /home/travis/build/icyphy/ptII/ptolemy/actor/lib/test/auto/Timer.xml
2 ms. Memory: 372736K Free: 146044K (39%)
----------------- Invoking toplevel() on ptolemy.moml.MoMLSimpleApplication@70192a75
----------------- Done invoking toplevel() on ptolemy.moml.MoMLSimpleApplication@70192a75
reloadAllAccessors: .Timer

===========================================================================================
----------------- testing Sun Jul 21 01:10:46 UTC 2019 /home/travis/build/icyphy/ptII/ptolemy/actor/lib/test/auto/TriangularDistTestModel.xml
----------------- Instantiating /home/travis/build/icyphy/ptII/ptolemy/actor/lib/test/auto/TriangularDistTestModel.xml
2 ms. Memory: 372736K Free: 140420K (38%)
----------------- Invoking toplevel() on ptolemy.moml.MoMLSimpleApplication@6beb5691
----------------- Done invoking toplevel() on ptolemy.moml.MoMLSimpleApplication@6beb5691
reloadAllAccessors: .TriangularDistTestModel

===========================================================================================
----------------- testing Sun Jul 21 01:10:46 UTC 2019 /home/travis/build/icyphy/ptII/ptolemy/actor/lib/test/auto/TrigFunction.xml
----------------- Instantiating /home/travis/build/icyphy/ptII/ptolemy/actor/lib/test/auto/TrigFunction.xml
1 ms. Memory: 372736K Free: 135810K (36%)
----------------- Invoking toplevel() on ptolemy.moml.MoMLSimpleApplication@6eafd0c3
----------------- Done invoking toplevel() on ptolemy.moml.MoMLSimpleApplication@6eafd0c3
reloadAllAccessors: .TrigFunction

===========================================================================================
----------------- testing Sun Jul 21 01:10:46 UTC 2019 /home/travis/build/icyphy/ptII/ptolemy/actor/lib/test/auto/TrigFunctionDE.xml
----------------- Instantiating /home/travis/build/icyphy/ptII/ptolemy/actor/lib/test/auto/TrigFunctionDE.xml
1 ms. Memory: 372736K Free: 130180K (35%)
----------------- Invoking toplevel() on ptolemy.moml.MoMLSimpleApplication@71145b9f
----------------- Done invoking toplevel() on ptolemy.moml.MoMLSimpleApplication@71145b9f
reloadAllAccessors: .TrigFunctionDE

===========================================================================================
----------------- testing Sun Jul 21 01:10:46 UTC 2019 /home/travis/build/icyphy/ptII/ptolemy/actor/lib/test/auto/TrigFunctionInverse.xml
----------------- Instantiating /home/travis/build/icyphy/ptII/ptolemy/actor/lib/test/auto/TrigFunctionInverse.xml
3 ms. Memory: 372736K Free: 125060K (34%)
----------------- Invoking toplevel() on ptolemy.moml.MoMLSimpleApplication@7f7781b5
----------------- Done invoking toplevel() on ptolemy.moml.MoMLSimpleApplication@7f7781b5
reloadAllAccessors: .TrigFunctionInverse

===========================================================================================
----------------- testing Sun Jul 21 01:10:46 UTC 2019 /home/travis/build/icyphy/ptII/ptolemy/actor/lib/test/auto/TrigFunctionTan.xml
----------------- Instantiating /home/travis/build/icyphy/ptII/ptolemy/actor/lib/test/auto/TrigFunctionTan.xml
2 ms. Memory: 372736K Free: 120450K (32%)
----------------- Invoking toplevel() on ptolemy.moml.MoMLSimpleApplication@b628af
----------------- Done invoking toplevel() on ptolemy.moml.MoMLSimpleApplication@b628af
reloadAllAccessors: .TrigFunctionTan

===========================================================================================
----------------- testing Sun Jul 21 01:10:46 UTC 2019 /home/travis/build/icyphy/ptII/ptolemy/actor/lib/test/auto/TriggeredClock.xml
----------------- Instantiating /home/travis/build/icyphy/ptII/ptolemy/actor/lib/test/auto/TriggeredClock.xml
2 ms. Memory: 372736K Free: 114820K (31%)
----------------- Invoking toplevel() on ptolemy.moml.MoMLSimpleApplication@62557db1
----------------- Done invoking toplevel() on ptolemy.moml.MoMLSimpleApplication@62557db1
reloadAllAccessors: .TriggeredClock

===========================================================================================
----------------- testing Sun Jul 21 01:10:46 UTC 2019 /home/travis/build/icyphy/ptII/ptolemy/actor/lib/test/auto/URLDirectoryReader.xml
----------------- Instantiating /home/travis/build/icyphy/ptII/ptolemy/actor/lib/test/auto/URLDirectoryReader.xml
41 ms. Memory: 372736K Free: 105604K (28%)
----------------- Invoking toplevel() on ptolemy.moml.MoMLSimpleApplication@327f4fdf
----------------- Done invoking toplevel() on ptolemy.moml.MoMLSimpleApplication@327f4fdf
reloadAllAccessors: .URLDirectoryReader

===========================================================================================
----------------- testing Sun Jul 21 01:10:46 UTC 2019 /home/travis/build/icyphy/ptII/ptolemy/actor/lib/test/auto/URLDirectoryReader3.xml
----------------- Instantiating /home/travis/build/icyphy/ptII/ptolemy/actor/lib/test/auto/URLDirectoryReader3.xml
1134 ms. Memory: 372736K Free: 314300K (84%)
----------------- Invoking toplevel() on ptolemy.moml.MoMLSimpleApplication@49eef1fd
----------------- Done invoking toplevel() on ptolemy.moml.MoMLSimpleApplication@49eef1fd
reloadAllAccessors: .URLDirectoryReader3

===========================================================================================
----------------- testing Sun Jul 21 01:10:48 UTC 2019 /home/travis/build/icyphy/ptII/ptolemy/actor/lib/test/auto/UnaryMathFunction.xml
----------------- Instantiating /home/travis/build/icyphy/ptII/ptolemy/actor/lib/test/auto/UnaryMathFunction.xml
3 ms. Memory: 372736K Free: 306622K (82%)
----------------- Invoking toplevel() on ptolemy.moml.MoMLSimpleApplication@48d374f6
----------------- Done invoking toplevel() on ptolemy.moml.MoMLSimpleApplication@48d374f6
reloadAllAccessors: .UnaryMathFunction

===========================================================================================
----------------- testing Sun Jul 21 01:10:48 UTC 2019 /home/travis/build/icyphy/ptII/ptolemy/actor/lib/test/auto/Uniform.xml
----------------- Instantiating /home/travis/build/icyphy/ptII/ptolemy/actor/lib/test/auto/Uniform.xml
2 ms. Memory: 372736K Free: 302012K (81%)
----------------- Invoking toplevel() on ptolemy.moml.MoMLSimpleApplication@1df3fc97
----------------- Done invoking toplevel() on ptolemy.moml.MoMLSimpleApplication@1df3fc97
reloadAllAccessors: .Uniform

===========================================================================================
----------------- testing Sun Jul 21 01:10:48 UTC 2019 /home/travis/build/icyphy/ptII/ptolemy/actor/lib/test/auto/UnionDisassemblerTest.xml
----------------- Instantiating /home/travis/build/icyphy/ptII/ptolemy/actor/lib/test/auto/UnionDisassemblerTest.xml
16 ms. Memory: 372736K Free: 297902K (80%)
----------------- Invoking toplevel() on ptolemy.moml.MoMLSimpleApplication@20185de2
----------------- Done invoking toplevel() on ptolemy.moml.MoMLSimpleApplication@20185de2
reloadAllAccessors: .UnionDisassemblerTest

===========================================================================================
----------------- testing Sun Jul 21 01:10:48 UTC 2019 /home/travis/build/icyphy/ptII/ptolemy/actor/lib/test/auto/UtilityFunctions.xml
----------------- Instantiating /home/travis/build/icyphy/ptII/ptolemy/actor/lib/test/auto/UtilityFunctions.xml
1 ms. Memory: 372736K Free: 293820K (79%)
----------------- Invoking toplevel() on ptolemy.moml.MoMLSimpleApplication@4424fb0
----------------- Done invoking toplevel() on ptolemy.moml.MoMLSimpleApplication@4424fb0
reloadAllAccessors: .UtilityFunctions

===========================================================================================
----------------- testing Sun Jul 21 01:10:48 UTC 2019 /home/travis/build/icyphy/ptII/ptolemy/actor/lib/test/auto/VariableSleep.xml
----------------- Instantiating /home/travis/build/icyphy/ptII/ptolemy/actor/lib/test/auto/VariableSleep.xml
503 ms. Memory: 372736K Free: 288700K (77%)
----------------- Invoking toplevel() on ptolemy.moml.MoMLSimpleApplication@422533a4
----------------- Done invoking toplevel() on ptolemy.moml.MoMLSimpleApplication@422533a4
reloadAllAccessors: .VariableSleep

===========================================================================================
----------------- testing Sun Jul 21 01:10:48 UTC 2019 /home/travis/build/icyphy/ptII/ptolemy/actor/lib/test/auto/VectorAssemblerDisassemblerCT.xml
----------------- Instantiating /home/travis/build/icyphy/ptII/ptolemy/actor/lib/test/auto/VectorAssemblerDisassemblerCT.xml
89 ms. Memory: 372736K Free: 268734K (72%)
----------------- Invoking toplevel() on ptolemy.moml.MoMLSimpleApplication@3b072781
----------------- Done invoking toplevel() on ptolemy.moml.MoMLSimpleApplication@3b072781
reloadAllAccessors: .VectorAssemblerDisassemblerCT

===========================================================================================
----------------- testing Sun Jul 21 01:10:49 UTC 2019 /home/travis/build/icyphy/ptII/ptolemy/actor/lib/test/auto/VectorAssemblerDisassemblerDE.xml
----------------- Instantiating /home/travis/build/icyphy/ptII/ptolemy/actor/lib/test/auto/VectorAssemblerDisassemblerDE.xml
11 ms. Memory: 372736K Free: 261566K (70%)
----------------- Invoking toplevel() on ptolemy.moml.MoMLSimpleApplication@728ad3c9
----------------- Done invoking toplevel() on ptolemy.moml.MoMLSimpleApplication@728ad3c9
reloadAllAccessors: .VectorAssemblerDisassemblerDE

===========================================================================================
----------------- testing Sun Jul 21 01:10:49 UTC 2019 /home/travis/build/icyphy/ptII/ptolemy/actor/lib/test/auto/VectorAssemblerDisassemblerSDF.xml
----------------- Instantiating /home/travis/build/icyphy/ptII/ptolemy/actor/lib/test/auto/VectorAssemblerDisassemblerSDF.xml
6 ms. Memory: 372736K Free: 254908K (68%)
----------------- Invoking toplevel() on ptolemy.moml.MoMLSimpleApplication@41ceb8cc
----------------- Done invoking toplevel() on ptolemy.moml.MoMLSimpleApplication@41ceb8cc
reloadAllAccessors: .VectorAssemblerDisassemblerSDF

===========================================================================================
----------------- testing Sun Jul 21 01:10:49 UTC 2019 /home/travis/build/icyphy/ptII/ptolemy/actor/lib/test/auto/WallClockTime.xml
----------------- Instantiating /home/travis/build/icyphy/ptII/ptolemy/actor/lib/test/auto/WallClockTime.xml
1005 ms. Memory: 372736K Free: 249278K (67%)
----------------- Invoking toplevel() on ptolemy.moml.MoMLSimpleApplication@4111a01a
----------------- Done invoking toplevel() on ptolemy.moml.MoMLSimpleApplication@4111a01a
reloadAllAccessors: .WallClockTime

===========================================================================================
----------------- testing Sun Jul 21 01:10:50 UTC 2019 /home/travis/build/icyphy/ptII/ptolemy/actor/lib/test/auto/WidthTestWithSubscriberPublisher.xml
----------------- Instantiating /home/travis/build/icyphy/ptII/ptolemy/actor/lib/test/auto/WidthTestWithSubscriberPublisher.xml
9 ms. Memory: 372736K Free: 231356K (62%)
----------------- Invoking toplevel() on ptolemy.moml.MoMLSimpleApplication@a607ebd
----------------- Done invoking toplevel() on ptolemy.moml.MoMLSimpleApplication@a607ebd
reloadAllAccessors: .WidthTestWithSubscriberPublisher

===========================================================================================
----------------- testing Sun Jul 21 01:10:50 UTC 2019 /home/travis/build/icyphy/ptII/ptolemy/actor/lib/test/auto/WidthTestWithSubscriberPublisher2.xml
----------------- Instantiating /home/travis/build/icyphy/ptII/ptolemy/actor/lib/test/auto/WidthTestWithSubscriberPublisher2.xml
2 ms. Memory: 372736K Free: 225212K (60%)
----------------- Invoking toplevel() on ptolemy.moml.MoMLSimpleApplication@614a17d6
----------------- Done invoking toplevel() on ptolemy.moml.MoMLSimpleApplication@614a17d6
reloadAllAccessors: .WidthTestWithSubscriberPublisher2

===========================================================================================
----------------- testing Sun Jul 21 01:10:50 UTC 2019 /home/travis/build/icyphy/ptII/ptolemy/actor/lib/test/auto/WidthTestWithSubscriberPublisher3.xml
----------------- Instantiating /home/travis/build/icyphy/ptII/ptolemy/actor/lib/test/auto/WidthTestWithSubscriberPublisher3.xml
2 ms. Memory: 372736K Free: 219582K (59%)
----------------- Invoking toplevel() on ptolemy.moml.MoMLSimpleApplication@22ef079c
----------------- Done invoking toplevel() on ptolemy.moml.MoMLSimpleApplication@22ef079c
reloadAllAccessors: .WidthTestWithSubscriberPublisher3

===========================================================================================
----------------- testing Sun Jul 21 01:10:50 UTC 2019 /home/travis/build/icyphy/ptII/ptolemy/actor/lib/test/auto/Writer.xml
----------------- Instantiating /home/travis/build/icyphy/ptII/ptolemy/actor/lib/test/auto/Writer.xml
0
1
2
3
4
2 ms. Memory: 372736K Free: 215486K (58%)
----------------- Invoking toplevel() on ptolemy.moml.MoMLSimpleApplication@1ab2e2e6
----------------- Done invoking toplevel() on ptolemy.moml.MoMLSimpleApplication@1ab2e2e6
reloadAllAccessors: .Writer

===========================================================================================
----------------- testing Sun Jul 21 01:10:50 UTC 2019 /home/travis/build/icyphy/ptII/ptolemy/actor/lib/test/auto/array.xml
----------------- Instantiating /home/travis/build/icyphy/ptII/ptolemy/actor/lib/test/auto/array.xml
3 ms. Memory: 372736K Free: 210366K (56%)
----------------- Invoking toplevel() on ptolemy.moml.MoMLSimpleApplication@ad7323a
----------------- Done invoking toplevel() on ptolemy.moml.MoMLSimpleApplication@ad7323a
reloadAllAccessors: .array

===========================================================================================
----------------- testing Sun Jul 21 01:10:50 UTC 2019 /home/travis/build/icyphy/ptII/ptolemy/actor/lib/test/auto/array2.xml
----------------- Instantiating /home/travis/build/icyphy/ptII/ptolemy/actor/lib/test/auto/array2.xml
5 ms. Memory: 372736K Free: 205742K (55%)
----------------- Invoking toplevel() on ptolemy.moml.MoMLSimpleApplication@fefb10d
----------------- Done invoking toplevel() on ptolemy.moml.MoMLSimpleApplication@fefb10d
reloadAllAccessors: .array2

===========================================================================================
----------------- testing Sun Jul 21 01:10:50 UTC 2019 /home/travis/build/icyphy/ptII/ptolemy/actor/lib/test/auto/arrayType.xml
----------------- Instantiating /home/travis/build/icyphy/ptII/ptolemy/actor/lib/test/auto/arrayType.xml
1 ms. Memory: 372736K Free: 200126K (54%)
----------------- Invoking toplevel() on ptolemy.moml.MoMLSimpleApplication@45c4857
----------------- Done invoking toplevel() on ptolemy.moml.MoMLSimpleApplication@45c4857
reloadAllAccessors: .arrayType

===========================================================================================
----------------- testing Sun Jul 21 01:10:50 UTC 2019 /home/travis/build/icyphy/ptII/ptolemy/actor/lib/test/auto/arrayType10.xml
----------------- Instantiating /home/travis/build/icyphy/ptII/ptolemy/actor/lib/test/auto/arrayType10.xml
2 ms. Memory: 372736K Free: 195516K (52%)
----------------- Invoking toplevel() on ptolemy.moml.MoMLSimpleApplication@3805a59d
----------------- Done invoking toplevel() on ptolemy.moml.MoMLSimpleApplication@3805a59d
reloadAllAccessors: .arrayType10

===========================================================================================
----------------- testing Sun Jul 21 01:10:50 UTC 2019 /home/travis/build/icyphy/ptII/ptolemy/actor/lib/test/auto/arrayType11.xml
----------------- Instantiating /home/travis/build/icyphy/ptII/ptolemy/actor/lib/test/auto/arrayType11.xml
1 ms. Memory: 372736K Free: 190910K (51%)
----------------- Invoking toplevel() on ptolemy.moml.MoMLSimpleApplication@641bbfe7
----------------- Done invoking toplevel() on ptolemy.moml.MoMLSimpleApplication@641bbfe7
reloadAllAccessors: .arrayType11

===========================================================================================
----------------- testing Sun Jul 21 01:10:50 UTC 2019 /home/travis/build/icyphy/ptII/ptolemy/actor/lib/test/auto/arrayType12.xml
----------------- Instantiating /home/travis/build/icyphy/ptII/ptolemy/actor/lib/test/auto/arrayType12.xml
1 ms. Memory: 372736K Free: 185790K (50%)
----------------- Invoking toplevel() on ptolemy.moml.MoMLSimpleApplication@561b53c0
----------------- Done invoking toplevel() on ptolemy.moml.MoMLSimpleApplication@561b53c0
reloadAllAccessors: .arrayType12

===========================================================================================
----------------- testing Sun Jul 21 01:10:50 UTC 2019 /home/travis/build/icyphy/ptII/ptolemy/actor/lib/test/auto/arrayType13.xml
----------------- Instantiating /home/travis/build/icyphy/ptII/ptolemy/actor/lib/test/auto/arrayType13.xml
2 ms. Memory: 372736K Free: 180670K (48%)
----------------- Invoking toplevel() on ptolemy.moml.MoMLSimpleApplication@c95e396
----------------- Done invoking toplevel() on ptolemy.moml.MoMLSimpleApplication@c95e396
reloadAllAccessors: .arrayType13

===========================================================================================
----------------- testing Sun Jul 21 01:10:50 UTC 2019 /home/travis/build/icyphy/ptII/ptolemy/actor/lib/test/auto/arrayType14.xml
----------------- Instantiating /home/travis/build/icyphy/ptII/ptolemy/actor/lib/test/auto/arrayType14.xml
2 ms. Memory: 372736K Free: 175550K (47%)
----------------- Invoking toplevel() on ptolemy.moml.MoMLSimpleApplication@6996b160
----------------- Done invoking toplevel() on ptolemy.moml.MoMLSimpleApplication@6996b160
reloadAllAccessors: .arrayType14

===========================================================================================
----------------- testing Sun Jul 21 01:10:50 UTC 2019 /home/travis/build/icyphy/ptII/ptolemy/actor/lib/test/auto/arrayType15.xml
----------------- Instantiating /home/travis/build/icyphy/ptII/ptolemy/actor/lib/test/auto/arrayType15.xml
2 ms. Memory: 372736K Free: 170430K (46%)
----------------- Invoking toplevel() on ptolemy.moml.MoMLSimpleApplication@4046e6
----------------- Done invoking toplevel() on ptolemy.moml.MoMLSimpleApplication@4046e6
reloadAllAccessors: .arrayType15

===========================================================================================
----------------- testing Sun Jul 21 01:10:50 UTC 2019 /home/travis/build/icyphy/ptII/ptolemy/actor/lib/test/auto/arrayType16.xml
----------------- Instantiating /home/travis/build/icyphy/ptII/ptolemy/actor/lib/test/auto/arrayType16.xml
2 ms. Memory: 372736K Free: 164796K (44%)
----------------- Invoking toplevel() on ptolemy.moml.MoMLSimpleApplication@7b01db1f
----------------- Done invoking toplevel() on ptolemy.moml.MoMLSimpleApplication@7b01db1f
reloadAllAccessors: .arrayType16

===========================================================================================
----------------- testing Sun Jul 21 01:10:50 UTC 2019 /home/travis/build/icyphy/ptII/ptolemy/actor/lib/test/auto/arrayType17.xml
----------------- Instantiating /home/travis/build/icyphy/ptII/ptolemy/actor/lib/test/auto/arrayType17.xml
1 ms. Memory: 372736K Free: 159676K (43%)
----------------- Invoking toplevel() on ptolemy.moml.MoMLSimpleApplication@46acd075
----------------- Done invoking toplevel() on ptolemy.moml.MoMLSimpleApplication@46acd075
reloadAllAccessors: .arrayType17

===========================================================================================
----------------- testing Sun Jul 21 01:10:50 UTC 2019 /home/travis/build/icyphy/ptII/ptolemy/actor/lib/test/auto/arrayType18.xml
----------------- Instantiating /home/travis/build/icyphy/ptII/ptolemy/actor/lib/test/auto/arrayType18.xml
1 ms. Memory: 372736K Free: 155070K (42%)
----------------- Invoking toplevel() on ptolemy.moml.MoMLSimpleApplication@1fa059f9
----------------- Done invoking toplevel() on ptolemy.moml.MoMLSimpleApplication@1fa059f9
reloadAllAccessors: .arrayType18

===========================================================================================
----------------- testing Sun Jul 21 01:10:50 UTC 2019 /home/travis/build/icyphy/ptII/ptolemy/actor/lib/test/auto/arrayType19.xml
----------------- Instantiating /home/travis/build/icyphy/ptII/ptolemy/actor/lib/test/auto/arrayType19.xml
1 ms. Memory: 372736K Free: 150460K (40%)
----------------- Invoking toplevel() on ptolemy.moml.MoMLSimpleApplication@149a0d19
----------------- Done invoking toplevel() on ptolemy.moml.MoMLSimpleApplication@149a0d19
reloadAllAccessors: .arrayType19

===========================================================================================
----------------- testing Sun Jul 21 01:10:50 UTC 2019 /home/travis/build/icyphy/ptII/ptolemy/actor/lib/test/auto/arrayType2.xml
----------------- Instantiating /home/travis/build/icyphy/ptII/ptolemy/actor/lib/test/auto/arrayType2.xml
1 ms. Memory: 372736K Free: 144830K (39%)
----------------- Invoking toplevel() on ptolemy.moml.MoMLSimpleApplication@49bf1728
----------------- Done invoking toplevel() on ptolemy.moml.MoMLSimpleApplication@49bf1728
reloadAllAccessors: .arrayType2

===========================================================================================
----------------- testing Sun Jul 21 01:10:50 UTC 2019 /home/travis/build/icyphy/ptII/ptolemy/actor/lib/test/auto/arrayType20.xml
----------------- Instantiating /home/travis/build/icyphy/ptII/ptolemy/actor/lib/test/auto/arrayType20.xml
2 ms. Memory: 372736K Free: 140220K (38%)
----------------- Invoking toplevel() on ptolemy.moml.MoMLSimpleApplication@18c16368
----------------- Done invoking toplevel() on ptolemy.moml.MoMLSimpleApplication@18c16368
reloadAllAccessors: .arrayType20

===========================================================================================
----------------- testing Sun Jul 21 01:10:50 UTC 2019 /home/travis/build/icyphy/ptII/ptolemy/actor/lib/test/auto/arrayType21.xml
----------------- Instantiating /home/travis/build/icyphy/ptII/ptolemy/actor/lib/test/auto/arrayType21.xml
1 ms. Memory: 372736K Free: 135614K (36%)
----------------- Invoking toplevel() on ptolemy.moml.MoMLSimpleApplication@6d0f55bc
----------------- Done invoking toplevel() on ptolemy.moml.MoMLSimpleApplication@6d0f55bc
reloadAllAccessors: .arrayType21

===========================================================================================
----------------- testing Sun Jul 21 01:10:50 UTC 2019 /home/travis/build/icyphy/ptII/ptolemy/actor/lib/test/auto/arrayType22.xml
----------------- Instantiating /home/travis/build/icyphy/ptII/ptolemy/actor/lib/test/auto/arrayType22.xml
2 ms. Memory: 372736K Free: 131004K (35%)
----------------- Invoking toplevel() on ptolemy.moml.MoMLSimpleApplication@316234ac
----------------- Done invoking toplevel() on ptolemy.moml.MoMLSimpleApplication@316234ac
reloadAllAccessors: .arrayType22

===========================================================================================
----------------- testing Sun Jul 21 01:10:50 UTC 2019 /home/travis/build/icyphy/ptII/ptolemy/actor/lib/test/auto/arrayType23.xml
----------------- Instantiating /home/travis/build/icyphy/ptII/ptolemy/actor/lib/test/auto/arrayType23.xml
1 ms. Memory: 372736K Free: 125884K (34%)
----------------- Invoking toplevel() on ptolemy.moml.MoMLSimpleApplication@21f47c59
----------------- Done invoking toplevel() on ptolemy.moml.MoMLSimpleApplication@21f47c59
reloadAllAccessors: .arrayType23

===========================================================================================
----------------- testing Sun Jul 21 01:10:50 UTC 2019 /home/travis/build/icyphy/ptII/ptolemy/actor/lib/test/auto/arrayType24.xml
----------------- Instantiating /home/travis/build/icyphy/ptII/ptolemy/actor/lib/test/auto/arrayType24.xml
2 ms. Memory: 372736K Free: 121278K (33%)
----------------- Invoking toplevel() on ptolemy.moml.MoMLSimpleApplication@720f172e
----------------- Done invoking toplevel() on ptolemy.moml.MoMLSimpleApplication@720f172e
reloadAllAccessors: .arrayType24

===========================================================================================
----------------- testing Sun Jul 21 01:10:50 UTC 2019 /home/travis/build/icyphy/ptII/ptolemy/actor/lib/test/auto/arrayType25.xml
----------------- Instantiating /home/travis/build/icyphy/ptII/ptolemy/actor/lib/test/auto/arrayType25.xml
2 ms. Memory: 372736K Free: 116158K (31%)
----------------- Invoking toplevel() on ptolemy.moml.MoMLSimpleApplication@32524174
----------------- Done invoking toplevel() on ptolemy.moml.MoMLSimpleApplication@32524174
reloadAllAccessors: .arrayType25

===========================================================================================
----------------- testing Sun Jul 21 01:10:50 UTC 2019 /home/travis/build/icyphy/ptII/ptolemy/actor/lib/test/auto/arrayType26.xml
----------------- Instantiating /home/travis/build/icyphy/ptII/ptolemy/actor/lib/test/auto/arrayType26.xml
2 ms. Memory: 372736K Free: 111038K (30%)
----------------- Invoking toplevel() on ptolemy.moml.MoMLSimpleApplication@500ec170
----------------- Done invoking toplevel() on ptolemy.moml.MoMLSimpleApplication@500ec170
reloadAllAccessors: .arrayType26

===========================================================================================
----------------- testing Sun Jul 21 01:10:50 UTC 2019 /home/travis/build/icyphy/ptII/ptolemy/actor/lib/test/auto/arrayType27.xml
----------------- Instantiating /home/travis/build/icyphy/ptII/ptolemy/actor/lib/test/auto/arrayType27.xml
3 ms. Memory: 372736K Free: 105404K (28%)
----------------- Invoking toplevel() on ptolemy.moml.MoMLSimpleApplication@745696bf
----------------- Done invoking toplevel() on ptolemy.moml.MoMLSimpleApplication@745696bf
reloadAllAccessors: .arrayType27

===========================================================================================
----------------- testing Sun Jul 21 01:10:50 UTC 2019 /home/travis/build/icyphy/ptII/ptolemy/actor/lib/test/auto/arrayType28.xml
----------------- Instantiating /home/travis/build/icyphy/ptII/ptolemy/actor/lib/test/auto/arrayType28.xml
2 ms. Memory: 372736K Free: 316992K (85%)
----------------- Invoking toplevel() on ptolemy.moml.MoMLSimpleApplication@7f988f80
----------------- Done invoking toplevel() on ptolemy.moml.MoMLSimpleApplication@7f988f80
reloadAllAccessors: .arrayType28

===========================================================================================
----------------- testing Sun Jul 21 01:10:50 UTC 2019 /home/travis/build/icyphy/ptII/ptolemy/actor/lib/test/auto/arrayType3.xml
----------------- Instantiating /home/travis/build/icyphy/ptII/ptolemy/actor/lib/test/auto/arrayType3.xml
4 ms. Memory: 372736K Free: 311358K (84%)
----------------- Invoking toplevel() on ptolemy.moml.MoMLSimpleApplication@4594dc2f
----------------- Done invoking toplevel() on ptolemy.moml.MoMLSimpleApplication@4594dc2f
reloadAllAccessors: .arrayType3

===========================================================================================
----------------- testing Sun Jul 21 01:10:50 UTC 2019 /home/travis/build/icyphy/ptII/ptolemy/actor/lib/test/auto/arrayType4.xml
----------------- Instantiating /home/travis/build/icyphy/ptII/ptolemy/actor/lib/test/auto/arrayType4.xml
2 ms. Memory: 372736K Free: 306238K (82%)
----------------- Invoking toplevel() on ptolemy.moml.MoMLSimpleApplication@4713cd08
----------------- Done invoking toplevel() on ptolemy.moml.MoMLSimpleApplication@4713cd08
reloadAllAccessors: .arrayType4

===========================================================================================
----------------- testing Sun Jul 21 01:10:50 UTC 2019 /home/travis/build/icyphy/ptII/ptolemy/actor/lib/test/auto/arrayType5.xml
----------------- Instantiating /home/travis/build/icyphy/ptII/ptolemy/actor/lib/test/auto/arrayType5.xml
2 ms. Memory: 372736K Free: 301118K (81%)
----------------- Invoking toplevel() on ptolemy.moml.MoMLSimpleApplication@49e9901e
----------------- Done invoking toplevel() on ptolemy.moml.MoMLSimpleApplication@49e9901e
reloadAllAccessors: .arrayType5

===========================================================================================
----------------- testing Sun Jul 21 01:10:50 UTC 2019 /home/travis/build/icyphy/ptII/ptolemy/actor/lib/test/auto/arrayType6.xml
----------------- Instantiating /home/travis/build/icyphy/ptII/ptolemy/actor/lib/test/auto/arrayType6.xml
35 ms. Memory: 372736K Free: 295998K (79%)
----------------- Invoking toplevel() on ptolemy.moml.MoMLSimpleApplication@7c84387b
----------------- Done invoking toplevel() on ptolemy.moml.MoMLSimpleApplication@7c84387b
reloadAllAccessors: .arrayType6

===========================================================================================
----------------- testing Sun Jul 21 01:10:50 UTC 2019 /home/travis/build/icyphy/ptII/ptolemy/actor/lib/test/auto/arrayType7.xml
----------------- Instantiating /home/travis/build/icyphy/ptII/ptolemy/actor/lib/test/auto/arrayType7.xml
2 ms. Memory: 372736K Free: 291392K (78%)
----------------- Invoking toplevel() on ptolemy.moml.MoMLSimpleApplication@608bf8d4
----------------- Done invoking toplevel() on ptolemy.moml.MoMLSimpleApplication@608bf8d4
reloadAllAccessors: .arrayType7

===========================================================================================
----------------- testing Sun Jul 21 01:10:50 UTC 2019 /home/travis/build/icyphy/ptII/ptolemy/actor/lib/test/auto/arrayType8.xml
----------------- Instantiating /home/travis/build/icyphy/ptII/ptolemy/actor/lib/test/auto/arrayType8.xml
2 ms. Memory: 372736K Free: 286782K (77%)
----------------- Invoking toplevel() on ptolemy.moml.MoMLSimpleApplication@4526d236
----------------- Done invoking toplevel() on ptolemy.moml.MoMLSimpleApplication@4526d236
reloadAllAccessors: .arrayType8

===========================================================================================
----------------- testing Sun Jul 21 01:10:50 UTC 2019 /home/travis/build/icyphy/ptII/ptolemy/actor/lib/test/auto/arrayType9.xml
----------------- Instantiating /home/travis/build/icyphy/ptII/ptolemy/actor/lib/test/auto/arrayType9.xml
1 ms. Memory: 372736K Free: 282176K (76%)
----------------- Invoking toplevel() on ptolemy.moml.MoMLSimpleApplication@13021c0
----------------- Done invoking toplevel() on ptolemy.moml.MoMLSimpleApplication@13021c0
reloadAllAccessors: .arrayType9

===========================================================================================
----------------- testing Sun Jul 21 01:10:50 UTC 2019 /home/travis/build/icyphy/ptII/ptolemy/actor/lib/test/auto/cast.xml
----------------- Instantiating /home/travis/build/icyphy/ptII/ptolemy/actor/lib/test/auto/cast.xml
2 ms. Memory: 372736K Free: 277056K (74%)
----------------- Invoking toplevel() on ptolemy.moml.MoMLSimpleApplication@34f89298
----------------- Done invoking toplevel() on ptolemy.moml.MoMLSimpleApplication@34f89298
reloadAllAccessors: .cast

===========================================================================================
----------------- testing Sun Jul 21 01:10:50 UTC 2019 /home/travis/build/icyphy/ptII/ptolemy/actor/lib/test/auto/compositeMultiPort.xml
----------------- Instantiating /home/travis/build/icyphy/ptII/ptolemy/actor/lib/test/auto/compositeMultiPort.xml
3 ms. Memory: 372736K Free: 268320K (72%)
----------------- Invoking toplevel() on ptolemy.moml.MoMLSimpleApplication@60e90bed
----------------- Done invoking toplevel() on ptolemy.moml.MoMLSimpleApplication@60e90bed
reloadAllAccessors: .compositeMultiPort

===========================================================================================
----------------- testing Sun Jul 21 01:10:50 UTC 2019 /home/travis/build/icyphy/ptII/ptolemy/actor/lib/test/auto/expressionCastInference.xml
----------------- Instantiating /home/travis/build/icyphy/ptII/ptolemy/actor/lib/test/auto/expressionCastInference.xml
3 ms. Memory: 372736K Free: 263744K (71%)
----------------- Invoking toplevel() on ptolemy.moml.MoMLSimpleApplication@26ed8096
----------------- Done invoking toplevel() on ptolemy.moml.MoMLSimpleApplication@26ed8096
reloadAllAccessors: .expressionCastInference

===========================================================================================
----------------- testing Sun Jul 21 01:10:50 UTC 2019 /home/travis/build/icyphy/ptII/ptolemy/actor/lib/test/auto/expressionCastInference2.xml
----------------- Instantiating /home/travis/build/icyphy/ptII/ptolemy/actor/lib/test/auto/expressionCastInference2.xml
2 ms. Memory: 372736K Free: 258624K (69%)
----------------- Invoking toplevel() on ptolemy.moml.MoMLSimpleApplication@9a0da4d
----------------- Done invoking toplevel() on ptolemy.moml.MoMLSimpleApplication@9a0da4d
reloadAllAccessors: .expressionCastInference2

===========================================================================================
----------------- testing Sun Jul 21 01:10:50 UTC 2019 /home/travis/build/icyphy/ptII/ptolemy/actor/lib/test/auto/expressionInference.xml
----------------- Instantiating /home/travis/build/icyphy/ptII/ptolemy/actor/lib/test/auto/expressionInference.xml
2 ms. Memory: 372736K Free: 254528K (68%)
----------------- Invoking toplevel() on ptolemy.moml.MoMLSimpleApplication@815552d
----------------- Done invoking toplevel() on ptolemy.moml.MoMLSimpleApplication@815552d
reloadAllAccessors: .expressionInference

===========================================================================================
----------------- testing Sun Jul 21 01:10:50 UTC 2019 /home/travis/build/icyphy/ptII/ptolemy/actor/lib/test/auto/expression_bug.xml
----------------- Instantiating /home/travis/build/icyphy/ptII/ptolemy/actor/lib/test/auto/expression_bug.xml
2 ms. Memory: 372736K Free: 250432K (67%)
----------------- Invoking toplevel() on ptolemy.moml.MoMLSimpleApplication@32dd8728
----------------- Done invoking toplevel() on ptolemy.moml.MoMLSimpleApplication@32dd8728
reloadAllAccessors: .expression_bug

===========================================================================================
----------------- testing Sun Jul 21 01:10:50 UTC 2019 /home/travis/build/icyphy/ptII/ptolemy/actor/lib/test/auto/factorial.xml
----------------- Instantiating /home/travis/build/icyphy/ptII/ptolemy/actor/lib/test/auto/factorial.xml
52 ms. Memory: 372736K Free: 241726K (65%)
----------------- Invoking toplevel() on ptolemy.moml.MoMLSimpleApplication@69fcc450
----------------- Done invoking toplevel() on ptolemy.moml.MoMLSimpleApplication@69fcc450
reloadAllAccessors: .factorial

===========================================================================================
----------------- testing Sun Jul 21 01:10:51 UTC 2019 /home/travis/build/icyphy/ptII/ptolemy/actor/lib/test/auto/filterTest1.xml
----------------- Instantiating /home/travis/build/icyphy/ptII/ptolemy/actor/lib/test/auto/filterTest1.xml
4 ms. Memory: 372736K Free: 236096K (63%)
----------------- Invoking toplevel() on ptolemy.moml.MoMLSimpleApplication@3730348b
----------------- Done invoking toplevel() on ptolemy.moml.MoMLSimpleApplication@3730348b
reloadAllAccessors: .filterTest1

===========================================================================================
----------------- testing Sun Jul 21 01:10:51 UTC 2019 /home/travis/build/icyphy/ptII/ptolemy/actor/lib/test/auto/funcApplyInConst.xml
----------------- Instantiating /home/travis/build/icyphy/ptII/ptolemy/actor/lib/test/auto/funcApplyInConst.xml
1 ms. Memory: 372736K Free: 232510K (62%)
----------------- Invoking toplevel() on ptolemy.moml.MoMLSimpleApplication@1f2c2978
----------------- Done invoking toplevel() on ptolemy.moml.MoMLSimpleApplication@1f2c2978
reloadAllAccessors: .funcApplyInConst

===========================================================================================
----------------- testing Sun Jul 21 01:10:51 UTC 2019 /home/travis/build/icyphy/ptII/ptolemy/actor/lib/test/auto/funcApplyInExpr.xml
----------------- Instantiating /home/travis/build/icyphy/ptII/ptolemy/actor/lib/test/auto/funcApplyInExpr.xml
2 ms. Memory: 372736K Free: 228928K (61%)
----------------- Invoking toplevel() on ptolemy.moml.MoMLSimpleApplication@14ef829b
----------------- Done invoking toplevel() on ptolemy.moml.MoMLSimpleApplication@14ef829b
reloadAllAccessors: .funcApplyInExpr

===========================================================================================
----------------- testing Sun Jul 21 01:10:51 UTC 2019 /home/travis/build/icyphy/ptII/ptolemy/actor/lib/test/auto/function.xml
----------------- Instantiating /home/travis/build/icyphy/ptII/ptolemy/actor/lib/test/auto/function.xml
2 ms. Memory: 372736K Free: 223808K (60%)
----------------- Invoking toplevel() on ptolemy.moml.MoMLSimpleApplication@2ce5d58c
----------------- Done invoking toplevel() on ptolemy.moml.MoMLSimpleApplication@2ce5d58c
reloadAllAccessors: .function

===========================================================================================
----------------- testing Sun Jul 21 01:10:51 UTC 2019 /home/travis/build/icyphy/ptII/ptolemy/actor/lib/test/auto/function2.xml
----------------- Instantiating /home/travis/build/icyphy/ptII/ptolemy/actor/lib/test/auto/function2.xml
2 ms. Memory: 372736K Free: 219198K (59%)
----------------- Invoking toplevel() on ptolemy.moml.MoMLSimpleApplication@71826e3f
----------------- Done invoking toplevel() on ptolemy.moml.MoMLSimpleApplication@71826e3f
reloadAllAccessors: .function2

===========================================================================================
----------------- testing Sun Jul 21 01:10:51 UTC 2019 /home/travis/build/icyphy/ptII/ptolemy/actor/lib/test/auto/function3.xml
----------------- Instantiating /home/travis/build/icyphy/ptII/ptolemy/actor/lib/test/auto/function3.xml
1 ms. Memory: 372736K Free: 215616K (58%)
----------------- Invoking toplevel() on ptolemy.moml.MoMLSimpleApplication@6367d15
----------------- Done invoking toplevel() on ptolemy.moml.MoMLSimpleApplication@6367d15
reloadAllAccessors: .function3

===========================================================================================
----------------- testing Sun Jul 21 01:10:51 UTC 2019 /home/travis/build/icyphy/ptII/ptolemy/actor/lib/test/auto/functionClosureTest1.xml
----------------- Instantiating /home/travis/build/icyphy/ptII/ptolemy/actor/lib/test/auto/functionClosureTest1.xml
2 ms. Memory: 372736K Free: 209472K (56%)
----------------- Invoking toplevel() on ptolemy.moml.MoMLSimpleApplication@6e749297
----------------- Done invoking toplevel() on ptolemy.moml.MoMLSimpleApplication@6e749297
reloadAllAccessors: .functionClosureTest1

===========================================================================================
----------------- testing Sun Jul 21 01:10:51 UTC 2019 /home/travis/build/icyphy/ptII/ptolemy/actor/lib/test/auto/functionClosureTest2.xml
----------------- Instantiating /home/travis/build/icyphy/ptII/ptolemy/actor/lib/test/auto/functionClosureTest2.xml
1 ms. Memory: 372736K Free: 205886K (55%)
----------------- Invoking toplevel() on ptolemy.moml.MoMLSimpleApplication@14b0eceb
----------------- Done invoking toplevel() on ptolemy.moml.MoMLSimpleApplication@14b0eceb
reloadAllAccessors: .functionClosureTest2

===========================================================================================
----------------- testing Sun Jul 21 01:10:51 UTC 2019 /home/travis/build/icyphy/ptII/ptolemy/actor/lib/test/auto/functionClosureTest3.xml
----------------- Instantiating /home/travis/build/icyphy/ptII/ptolemy/actor/lib/test/auto/functionClosureTest3.xml
2 ms. Memory: 372736K Free: 200256K (54%)
----------------- Invoking toplevel() on ptolemy.moml.MoMLSimpleApplication@402b4e35
----------------- Done invoking toplevel() on ptolemy.moml.MoMLSimpleApplication@402b4e35
reloadAllAccessors: .functionClosureTest3

===========================================================================================
----------------- testing Sun Jul 21 01:10:51 UTC 2019 /home/travis/build/icyphy/ptII/ptolemy/actor/lib/test/auto/functionClosureTest4.xml
----------------- Instantiating /home/travis/build/icyphy/ptII/ptolemy/actor/lib/test/auto/functionClosureTest4.xml
4 ms. Memory: 372736K Free: 193598K (52%)
----------------- Invoking toplevel() on ptolemy.moml.MoMLSimpleApplication@3b18832f
----------------- Done invoking toplevel() on ptolemy.moml.MoMLSimpleApplication@3b18832f
reloadAllAccessors: .functionClosureTest4

===========================================================================================
----------------- testing Sun Jul 21 01:10:51 UTC 2019 /home/travis/build/icyphy/ptII/ptolemy/actor/lib/test/auto/functionClosureTest5.xml
----------------- Instantiating /home/travis/build/icyphy/ptII/ptolemy/actor/lib/test/auto/functionClosureTest5.xml
5 ms. Memory: 372736K Free: 188464K (51%)
----------------- Invoking toplevel() on ptolemy.moml.MoMLSimpleApplication@272c07fe
----------------- Done invoking toplevel() on ptolemy.moml.MoMLSimpleApplication@272c07fe
reloadAllAccessors: .functionClosureTest5

===========================================================================================
----------------- testing Sun Jul 21 01:10:51 UTC 2019 /home/travis/build/icyphy/ptII/ptolemy/actor/lib/test/auto/functionClosureTest6.xml
----------------- Instantiating /home/travis/build/icyphy/ptII/ptolemy/actor/lib/test/auto/functionClosureTest6.xml
2 ms. Memory: 372736K Free: 183872K (49%)
----------------- Invoking toplevel() on ptolemy.moml.MoMLSimpleApplication@36cfa81b
----------------- Done invoking toplevel() on ptolemy.moml.MoMLSimpleApplication@36cfa81b
reloadAllAccessors: .functionClosureTest6

===========================================================================================
----------------- testing Sun Jul 21 01:10:51 UTC 2019 /home/travis/build/icyphy/ptII/ptolemy/actor/lib/test/auto/functionsOnArcs.xml
----------------- Instantiating /home/travis/build/icyphy/ptII/ptolemy/actor/lib/test/auto/functionsOnArcs.xml
2 ms. Memory: 372736K Free: 178238K (48%)
----------------- Invoking toplevel() on ptolemy.moml.MoMLSimpleApplication@3c83d263
----------------- Done invoking toplevel() on ptolemy.moml.MoMLSimpleApplication@3c83d263
reloadAllAccessors: .functionsOnArcs

===========================================================================================
----------------- testing Sun Jul 21 01:10:51 UTC 2019 /home/travis/build/icyphy/ptII/ptolemy/actor/lib/test/auto/functionsOnArcsHOF.xml
----------------- Instantiating /home/travis/build/icyphy/ptII/ptolemy/actor/lib/test/auto/functionsOnArcsHOF.xml
4 ms. Memory: 372736K Free: 172608K (46%)
----------------- Invoking toplevel() on ptolemy.moml.MoMLSimpleApplication@104cbbdb
----------------- Done invoking toplevel() on ptolemy.moml.MoMLSimpleApplication@104cbbdb
reloadAllAccessors: .functionsOnArcsHOF

===========================================================================================
----------------- testing Sun Jul 21 01:10:51 UTC 2019 /home/travis/build/icyphy/ptII/ptolemy/actor/lib/test/auto/logic.xml
----------------- Instantiating /home/travis/build/icyphy/ptII/ptolemy/actor/lib/test/auto/logic.xml
2 ms. Memory: 372736K Free: 165440K (44%)
----------------- Invoking toplevel() on ptolemy.moml.MoMLSimpleApplication@4c7b0eb5
----------------- Done invoking toplevel() on ptolemy.moml.MoMLSimpleApplication@4c7b0eb5
reloadAllAccessors: .logic

===========================================================================================
----------------- testing Sun Jul 21 01:10:51 UTC 2019 /home/travis/build/icyphy/ptII/ptolemy/actor/lib/test/auto/matrixType.xml
----------------- Instantiating /home/travis/build/icyphy/ptII/ptolemy/actor/lib/test/auto/matrixType.xml
1 ms. Memory: 372736K Free: 159792K (43%)
----------------- Invoking toplevel() on ptolemy.moml.MoMLSimpleApplication@6103370
----------------- Done invoking toplevel() on ptolemy.moml.MoMLSimpleApplication@6103370
reloadAllAccessors: .matrixType

===========================================================================================
----------------- testing Sun Jul 21 01:10:51 UTC 2019 /home/travis/build/icyphy/ptII/ptolemy/actor/lib/test/auto/matrixType10.xml
----------------- Instantiating /home/travis/build/icyphy/ptII/ptolemy/actor/lib/test/auto/matrixType10.xml
2 ms. Memory: 372736K Free: 155200K (42%)
----------------- Invoking toplevel() on ptolemy.moml.MoMLSimpleApplication@1bd76885
----------------- Done invoking toplevel() on ptolemy.moml.MoMLSimpleApplication@1bd76885
reloadAllAccessors: .matrixType10

===========================================================================================
----------------- testing Sun Jul 21 01:10:51 UTC 2019 /home/travis/build/icyphy/ptII/ptolemy/actor/lib/test/auto/matrixType11.xml
----------------- Instantiating /home/travis/build/icyphy/ptII/ptolemy/actor/lib/test/auto/matrixType11.xml
2 ms. Memory: 372736K Free: 150080K (40%)
----------------- Invoking toplevel() on ptolemy.moml.MoMLSimpleApplication@3dc06231
----------------- Done invoking toplevel() on ptolemy.moml.MoMLSimpleApplication@3dc06231
reloadAllAccessors: .matrixType11

===========================================================================================
----------------- testing Sun Jul 21 01:10:51 UTC 2019 /home/travis/build/icyphy/ptII/ptolemy/actor/lib/test/auto/matrixType12.xml
----------------- Instantiating /home/travis/build/icyphy/ptII/ptolemy/actor/lib/test/auto/matrixType12.xml
2 ms. Memory: 372736K Free: 145470K (39%)
----------------- Invoking toplevel() on ptolemy.moml.MoMLSimpleApplication@3b44d1b3
----------------- Done invoking toplevel() on ptolemy.moml.MoMLSimpleApplication@3b44d1b3
reloadAllAccessors: .matrixType12

===========================================================================================
----------------- testing Sun Jul 21 01:10:51 UTC 2019 /home/travis/build/icyphy/ptII/ptolemy/actor/lib/test/auto/matrixType13.xml
----------------- Instantiating /home/travis/build/icyphy/ptII/ptolemy/actor/lib/test/auto/matrixType13.xml
2 ms. Memory: 372736K Free: 140864K (38%)
----------------- Invoking toplevel() on ptolemy.moml.MoMLSimpleApplication@2b23a97d
----------------- Done invoking toplevel() on ptolemy.moml.MoMLSimpleApplication@2b23a97d
reloadAllAccessors: .matrixType13

===========================================================================================
----------------- testing Sun Jul 21 01:10:51 UTC 2019 /home/travis/build/icyphy/ptII/ptolemy/actor/lib/test/auto/matrixType14.xml
----------------- Instantiating /home/travis/build/icyphy/ptII/ptolemy/actor/lib/test/auto/matrixType14.xml
2 ms. Memory: 372736K Free: 135230K (36%)
----------------- Invoking toplevel() on ptolemy.moml.MoMLSimpleApplication@54c44a13
----------------- Done invoking toplevel() on ptolemy.moml.MoMLSimpleApplication@54c44a13
reloadAllAccessors: .matrixType14

===========================================================================================
----------------- testing Sun Jul 21 01:10:51 UTC 2019 /home/travis/build/icyphy/ptII/ptolemy/actor/lib/test/auto/matrixType2.xml
----------------- Instantiating /home/travis/build/icyphy/ptII/ptolemy/actor/lib/test/auto/matrixType2.xml
2 ms. Memory: 372736K Free: 130110K (35%)
----------------- Invoking toplevel() on ptolemy.moml.MoMLSimpleApplication@1714952e
----------------- Done invoking toplevel() on ptolemy.moml.MoMLSimpleApplication@1714952e
reloadAllAccessors: .matrixType2

===========================================================================================
----------------- testing Sun Jul 21 01:10:51 UTC 2019 /home/travis/build/icyphy/ptII/ptolemy/actor/lib/test/auto/matrixType3.xml
----------------- Instantiating /home/travis/build/icyphy/ptII/ptolemy/actor/lib/test/auto/matrixType3.xml
4 ms. Memory: 372736K Free: 125504K (34%)
----------------- Invoking toplevel() on ptolemy.moml.MoMLSimpleApplication@44f70a0a
----------------- Done invoking toplevel() on ptolemy.moml.MoMLSimpleApplication@44f70a0a
reloadAllAccessors: .matrixType3

===========================================================================================
----------------- testing Sun Jul 21 01:10:51 UTC 2019 /home/travis/build/icyphy/ptII/ptolemy/actor/lib/test/auto/matrixType4.xml
----------------- Instantiating /home/travis/build/icyphy/ptII/ptolemy/actor/lib/test/auto/matrixType4.xml
1 ms. Memory: 372736K Free: 120384K (32%)
----------------- Invoking toplevel() on ptolemy.moml.MoMLSimpleApplication@275b12b
----------------- Done invoking toplevel() on ptolemy.moml.MoMLSimpleApplication@275b12b
reloadAllAccessors: .matrixType4

===========================================================================================
----------------- testing Sun Jul 21 01:10:51 UTC 2019 /home/travis/build/icyphy/ptII/ptolemy/actor/lib/test/auto/matrixType5.xml
----------------- Instantiating /home/travis/build/icyphy/ptII/ptolemy/actor/lib/test/auto/matrixType5.xml
1 ms. Memory: 372736K Free: 115774K (31%)
----------------- Invoking toplevel() on ptolemy.moml.MoMLSimpleApplication@63f12068
----------------- Done invoking toplevel() on ptolemy.moml.MoMLSimpleApplication@63f12068
reloadAllAccessors: .matrixType5

===========================================================================================
----------------- testing Sun Jul 21 01:10:51 UTC 2019 /home/travis/build/icyphy/ptII/ptolemy/actor/lib/test/auto/matrixType6.xml
----------------- Instantiating /home/travis/build/icyphy/ptII/ptolemy/actor/lib/test/auto/matrixType6.xml
1 ms. Memory: 372736K Free: 110654K (30%)
----------------- Invoking toplevel() on ptolemy.moml.MoMLSimpleApplication@1d9907dd
----------------- Done invoking toplevel() on ptolemy.moml.MoMLSimpleApplication@1d9907dd
reloadAllAccessors: .matrixType6

===========================================================================================
----------------- testing Sun Jul 21 01:10:51 UTC 2019 /home/travis/build/icyphy/ptII/ptolemy/actor/lib/test/auto/matrixType7.xml
----------------- Instantiating /home/travis/build/icyphy/ptII/ptolemy/actor/lib/test/auto/matrixType7.xml
2 ms. Memory: 372736K Free: 106048K (28%)
----------------- Invoking toplevel() on ptolemy.moml.MoMLSimpleApplication@27b3007
----------------- Done invoking toplevel() on ptolemy.moml.MoMLSimpleApplication@27b3007
reloadAllAccessors: .matrixType7

===========================================================================================
----------------- testing Sun Jul 21 01:10:51 UTC 2019 /home/travis/build/icyphy/ptII/ptolemy/actor/lib/test/auto/matrixType8.xml
----------------- Instantiating /home/travis/build/icyphy/ptII/ptolemy/actor/lib/test/auto/matrixType8.xml
13 ms. Memory: 372736K Free: 319698K (86%)
----------------- Invoking toplevel() on ptolemy.moml.MoMLSimpleApplication@5f3b05c3
----------------- Done invoking toplevel() on ptolemy.moml.MoMLSimpleApplication@5f3b05c3
reloadAllAccessors: .matrixType8

===========================================================================================
----------------- testing Sun Jul 21 01:10:51 UTC 2019 /home/travis/build/icyphy/ptII/ptolemy/actor/lib/test/auto/matrixType9.xml
----------------- Instantiating /home/travis/build/icyphy/ptII/ptolemy/actor/lib/test/auto/matrixType9.xml
2 ms. Memory: 372736K Free: 314578K (84%)
----------------- Invoking toplevel() on ptolemy.moml.MoMLSimpleApplication@76c3145
----------------- Done invoking toplevel() on ptolemy.moml.MoMLSimpleApplication@76c3145
reloadAllAccessors: .matrixType9

===========================================================================================
----------------- testing Sun Jul 21 01:10:51 UTC 2019 /home/travis/build/icyphy/ptII/ptolemy/actor/lib/test/auto/paraFunctest.xml
----------------- Instantiating /home/travis/build/icyphy/ptII/ptolemy/actor/lib/test/auto/paraFunctest.xml
1 ms. Memory: 372736K Free: 309972K (83%)
----------------- Invoking toplevel() on ptolemy.moml.MoMLSimpleApplication@7149efe1
----------------- Done invoking toplevel() on ptolemy.moml.MoMLSimpleApplication@7149efe1
reloadAllAccessors: .paraFunctest

===========================================================================================
----------------- testing Sun Jul 21 01:10:51 UTC 2019 /home/travis/build/icyphy/ptII/ptolemy/actor/lib/test/auto/paraFunctest2.xml
----------------- Instantiating /home/travis/build/icyphy/ptII/ptolemy/actor/lib/test/auto/paraFunctest2.xml
1 ms. Memory: 372736K Free: 305362K (82%)
----------------- Invoking toplevel() on ptolemy.moml.MoMLSimpleApplication@664035df
----------------- Done invoking toplevel() on ptolemy.moml.MoMLSimpleApplication@664035df
reloadAllAccessors: .paraFunctest2

===========================================================================================
----------------- testing Sun Jul 21 01:10:51 UTC 2019 /home/travis/build/icyphy/ptII/ptolemy/actor/lib/test/auto/parameterPassing.xml
----------------- Instantiating /home/travis/build/icyphy/ptII/ptolemy/actor/lib/test/auto/parameterPassing.xml
1 ms. Memory: 372736K Free: 300756K (81%)
----------------- Invoking toplevel() on ptolemy.moml.MoMLSimpleApplication@65a5c4f2
----------------- Done invoking toplevel() on ptolemy.moml.MoMLSimpleApplication@65a5c4f2
reloadAllAccessors: .parameterPassing

===========================================================================================
----------------- testing Sun Jul 21 01:10:51 UTC 2019 /home/travis/build/icyphy/ptII/ptolemy/actor/lib/test/auto/record.xml
----------------- Instantiating /home/travis/build/icyphy/ptII/ptolemy/actor/lib/test/auto/record.xml
3 ms. Memory: 372736K Free: 296146K (79%)
----------------- Invoking toplevel() on ptolemy.moml.MoMLSimpleApplication@301306ab
----------------- Done invoking toplevel() on ptolemy.moml.MoMLSimpleApplication@301306ab
reloadAllAccessors: .record

===========================================================================================
----------------- testing Sun Jul 21 01:10:51 UTC 2019 /home/travis/build/icyphy/ptII/ptolemy/actor/lib/test/auto/sizedarray1.xml
----------------- Instantiating /home/travis/build/icyphy/ptII/ptolemy/actor/lib/test/auto/sizedarray1.xml
2 ms. Memory: 372736K Free: 291026K (78%)
----------------- Invoking toplevel() on ptolemy.moml.MoMLSimpleApplication@3da1b94c
----------------- Done invoking toplevel() on ptolemy.moml.MoMLSimpleApplication@3da1b94c
reloadAllAccessors: .sizedarray1

===========================================================================================
----------------- testing Sun Jul 21 01:10:51 UTC 2019 /home/travis/build/icyphy/ptII/ptolemy/actor/lib/test/auto/sizedarray2.xml
----------------- Instantiating /home/travis/build/icyphy/ptII/ptolemy/actor/lib/test/auto/sizedarray2.xml
2 ms. Memory: 372736K Free: 284882K (76%)
----------------- Invoking toplevel() on ptolemy.moml.MoMLSimpleApplication@7a8a90c4
----------------- Done invoking toplevel() on ptolemy.moml.MoMLSimpleApplication@7a8a90c4
reloadAllAccessors: .sizedarray2

===========================================================================================
----------------- testing Sun Jul 21 01:10:51 UTC 2019 /home/travis/build/icyphy/ptII/ptolemy/actor/lib/test/auto/twoPublishers.xml
----------------- Instantiating /home/travis/build/icyphy/ptII/ptolemy/actor/lib/test/auto/twoPublishers.xml
7 ms. Memory: 372736K Free: 274132K (74%)
----------------- Invoking toplevel() on ptolemy.moml.MoMLSimpleApplication@3a37bb84
----------------- Done invoking toplevel() on ptolemy.moml.MoMLSimpleApplication@3a37bb84
reloadAllAccessors: .twoPublishers
AutoTests.java: About to close Vertx.
AutoTests.java: Vertx closed.
]]></system-out>
  <system-err><![CDATA[java.lang.RuntimeException: Execution failed
	at ptolemy.moml.MoMLSimpleApplication$UnloadThread.run(MoMLSimpleApplication.java:402)
Caused by: java.lang.RuntimeException: StringUtilities.exit() was called. Normally, we would exit here because Manager.exitAfterWrapup() was called.  However, because the ptolemy.ptII.exitAfterWrapup property is set, we throw this exception instead.
	at ptolemy.util.StringUtilities.exit(StringUtilities.java:363)
	at ptolemy.actor.Manager.wrapup(Manager.java:1549)
	at ptolemy.actor.Manager.execute(Manager.java:407)
	at ptolemy.actor.Manager.run(Manager.java:1263)
	at ptolemy.actor.Manager$PtolemyRunThread.run(Manager.java:1933)
Warning: '.top.test' is in training mode, set the trainingMode parameter to false before checking in
Warning: '.top.test' is in training mode, set the trainingMode parameter to false before checking in
Warning: '.top.test' is in training mode, set the trainingMode parameter to false before checking in
Warning: '.BooleanSwitch_RegressionTest_WrongTrainingValues.Test' is in training mode, set the trainingMode parameter to false before checking in
Warning: '.BooleanSwitch_RegressionTest_WrongTrainingValues.Test2' is in training mode, set the trainingMode parameter to false before checking in
Warning: '.BooleanSwitch_RegressionTest_WrongTrainingValues.Test2' The test produced 0 tokens.
Warning: '.top.testExceptionHandler' is in training mode, set the trainingMode parameter to false before checking in
java.lang.RuntimeException: Execution failed
	at ptolemy.moml.MoMLSimpleApplication$UnloadThread.run(MoMLSimpleApplication.java:402)
Caused by: ptolemy.kernel.util.IllegalActionException: PublisherPorts cannot be used at the top level, use a Publisher actor instead.
  in .PublisherPortToplevelSubscriber.PublisherPort
	at ptolemy.actor.PublisherPort.preinitialize(PublisherPort.java:403)
	at ptolemy.actor.CompositeActor.preinitialize(CompositeActor.java:1769)
	at ptolemy.actor.Manager.preinitializeAndResolveTypes(Manager.java:1040)
	at ptolemy.actor.Manager.initialize(Manager.java:710)
	at ptolemy.actor.Manager.execute(Manager.java:356)
	at ptolemy.actor.Manager.run(Manager.java:1263)
	at ptolemy.actor.Manager$PtolemyRunThread.run(Manager.java:1933)
java.lang.reflect.InvocationTargetException
	at java.base/jdk.internal.reflect.NativeConstructorAccessorImpl.newInstance0(Native Method)
	at java.base/jdk.internal.reflect.NativeConstructorAccessorImpl.newInstance(NativeConstructorAccessorImpl.java:62)
	at java.base/jdk.internal.reflect.DelegatingConstructorAccessorImpl.newInstance(DelegatingConstructorAccessorImpl.java:45)
	at java.base/java.lang.reflect.Constructor.newInstance(Constructor.java:490)
	at ptolemy.util.test.junit.AutoKnownFailedTests.RunModel(AutoKnownFailedTests.java:105)
	at java.base/jdk.internal.reflect.NativeMethodAccessorImpl.invoke0(Native Method)
	at java.base/jdk.internal.reflect.NativeMethodAccessorImpl.invoke(NativeMethodAccessorImpl.java:62)
	at java.base/jdk.internal.reflect.DelegatingMethodAccessorImpl.invoke(DelegatingMethodAccessorImpl.java:43)
	at java.base/java.lang.reflect.Method.invoke(Method.java:566)
	at org.junit.runners.model.FrameworkMethod$1.runReflectiveCall(FrameworkMethod.java:44)
	at org.junit.internal.runners.model.ReflectiveCallable.run(ReflectiveCallable.java:15)
	at org.junit.runners.model.FrameworkMethod.invokeExplosively(FrameworkMethod.java:41)
	at junitparams.internal.InvokeParameterisedMethod.evaluate(InvokeParameterisedMethod.java:102)
	at org.junit.internal.runners.statements.FailOnTimeout$1.run(FailOnTimeout.java:28)
Caused by: ptolemy.kernel.util.IllegalActionException: PublisherPorts cannot be used at the top level, use a Publisher actor instead.
  in .PublisherPortToplevelSubscriber.PublisherPort
	at ptolemy.actor.PublisherPort.preinitialize(PublisherPort.java:403)
	at ptolemy.actor.CompositeActor.preinitialize(CompositeActor.java:1769)
	at ptolemy.actor.Manager.preinitializeAndResolveTypes(Manager.java:1040)
	at ptolemy.actor.Manager.initialize(Manager.java:710)
	at ptolemy.actor.Manager.execute(Manager.java:356)
	at ptolemy.actor.Manager.run(Manager.java:1263)
	at ptolemy.actor.Manager$PtolemyRunThread.run(Manager.java:1933)
java.lang.RuntimeException: Execution failed
	at ptolemy.moml.MoMLSimpleApplication$UnloadThread.run(MoMLSimpleApplication.java:402)
Caused by: ptolemy.kernel.util.IllegalActionException: SubscriberPorts cannot be used at the top level, use a Subscriber actor instead.
  in .PublisherSubscriberPortToplevel.SubscriberPort
	at ptolemy.actor.SubscriberPort.preinitialize(SubscriberPort.java:328)
	at ptolemy.actor.CompositeActor.preinitialize(CompositeActor.java:1769)
	at ptolemy.actor.Manager.preinitializeAndResolveTypes(Manager.java:1040)
	at ptolemy.actor.Manager.initialize(Manager.java:710)
	at ptolemy.actor.Manager.execute(Manager.java:356)
	at ptolemy.actor.Manager.run(Manager.java:1263)
	at ptolemy.actor.Manager$PtolemyRunThread.run(Manager.java:1933)
java.lang.reflect.InvocationTargetException
	at java.base/jdk.internal.reflect.NativeConstructorAccessorImpl.newInstance0(Native Method)
	at java.base/jdk.internal.reflect.NativeConstructorAccessorImpl.newInstance(NativeConstructorAccessorImpl.java:62)
	at java.base/jdk.internal.reflect.DelegatingConstructorAccessorImpl.newInstance(DelegatingConstructorAccessorImpl.java:45)
	at java.base/java.lang.reflect.Constructor.newInstance(Constructor.java:490)
	at ptolemy.util.test.junit.AutoKnownFailedTests.RunModel(AutoKnownFailedTests.java:105)
	at java.base/jdk.internal.reflect.NativeMethodAccessorImpl.invoke0(Native Method)
	at java.base/jdk.internal.reflect.NativeMethodAccessorImpl.invoke(NativeMethodAccessorImpl.java:62)
	at java.base/jdk.internal.reflect.DelegatingMethodAccessorImpl.invoke(DelegatingMethodAccessorImpl.java:43)
	at java.base/java.lang.reflect.Method.invoke(Method.java:566)
	at org.junit.runners.model.FrameworkMethod$1.runReflectiveCall(FrameworkMethod.java:44)
	at org.junit.internal.runners.model.ReflectiveCallable.run(ReflectiveCallable.java:15)
	at org.junit.runners.model.FrameworkMethod.invokeExplosively(FrameworkMethod.java:41)
	at junitparams.internal.InvokeParameterisedMethod.evaluate(InvokeParameterisedMethod.java:102)
	at org.junit.internal.runners.statements.FailOnTimeout$1.run(FailOnTimeout.java:28)
Caused by: ptolemy.kernel.util.IllegalActionException: SubscriberPorts cannot be used at the top level, use a Subscriber actor instead.
  in .PublisherSubscriberPortToplevel.SubscriberPort
	at ptolemy.actor.SubscriberPort.preinitialize(SubscriberPort.java:328)
	at ptolemy.actor.CompositeActor.preinitialize(CompositeActor.java:1769)
	at ptolemy.actor.Manager.preinitializeAndResolveTypes(Manager.java:1040)
	at ptolemy.actor.Manager.initialize(Manager.java:710)
	at ptolemy.actor.Manager.execute(Manager.java:356)
	at ptolemy.actor.Manager.run(Manager.java:1263)
	at ptolemy.actor.Manager$PtolemyRunThread.run(Manager.java:1933)
java.lang.RuntimeException: Execution failed
	at ptolemy.moml.MoMLSimpleApplication$UnloadThread.run(MoMLSimpleApplication.java:402)
Caused by: ptolemy.kernel.util.IllegalActionException: SubscriptionAggregatorPorts cannot be used at the top level, use a SubscriptionAggregator actor instead.
  in .PublisherSubscriptionAggregatorPort.SubscriptionAggregatorPort
	at ptolemy.actor.SubscriptionAggregatorPort.preinitialize(SubscriptionAggregatorPort.java:353)
	at ptolemy.actor.CompositeActor.preinitialize(CompositeActor.java:1769)
	at ptolemy.actor.Manager.preinitializeAndResolveTypes(Manager.java:1040)
	at ptolemy.actor.Manager.initialize(Manager.java:710)
	at ptolemy.actor.Manager.execute(Manager.java:356)
	at ptolemy.actor.Manager.run(Manager.java:1263)
	at ptolemy.actor.Manager$PtolemyRunThread.run(Manager.java:1933)
java.lang.reflect.InvocationTargetException
	at java.base/jdk.internal.reflect.NativeConstructorAccessorImpl.newInstance0(Native Method)
	at java.base/jdk.internal.reflect.NativeConstructorAccessorImpl.newInstance(NativeConstructorAccessorImpl.java:62)
	at java.base/jdk.internal.reflect.DelegatingConstructorAccessorImpl.newInstance(DelegatingConstructorAccessorImpl.java:45)
	at java.base/java.lang.reflect.Constructor.newInstance(Constructor.java:490)
	at ptolemy.util.test.junit.AutoKnownFailedTests.RunModel(AutoKnownFailedTests.java:105)
	at java.base/jdk.internal.reflect.NativeMethodAccessorImpl.invoke0(Native Method)
	at java.base/jdk.internal.reflect.NativeMethodAccessorImpl.invoke(NativeMethodAccessorImpl.java:62)
	at java.base/jdk.internal.reflect.DelegatingMethodAccessorImpl.invoke(DelegatingMethodAccessorImpl.java:43)
	at java.base/java.lang.reflect.Method.invoke(Method.java:566)
	at org.junit.runners.model.FrameworkMethod$1.runReflectiveCall(FrameworkMethod.java:44)
	at org.junit.internal.runners.model.ReflectiveCallable.run(ReflectiveCallable.java:15)
	at org.junit.runners.model.FrameworkMethod.invokeExplosively(FrameworkMethod.java:41)
	at junitparams.internal.InvokeParameterisedMethod.evaluate(InvokeParameterisedMethod.java:102)
	at org.junit.internal.runners.statements.FailOnTimeout$1.run(FailOnTimeout.java:28)
Caused by: ptolemy.kernel.util.IllegalActionException: SubscriptionAggregatorPorts cannot be used at the top level, use a SubscriptionAggregator actor instead.
  in .PublisherSubscriptionAggregatorPort.SubscriptionAggregatorPort
	at ptolemy.actor.SubscriptionAggregatorPort.preinitialize(SubscriptionAggregatorPort.java:353)
	at ptolemy.actor.CompositeActor.preinitialize(CompositeActor.java:1769)
	at ptolemy.actor.Manager.preinitializeAndResolveTypes(Manager.java:1040)
	at ptolemy.actor.Manager.initialize(Manager.java:710)
	at ptolemy.actor.Manager.execute(Manager.java:356)
	at ptolemy.actor.Manager.run(Manager.java:1263)
	at ptolemy.actor.Manager$PtolemyRunThread.run(Manager.java:1933)
java.lang.RuntimeException: Execution failed
	at ptolemy.moml.MoMLSimpleApplication$UnloadThread.run(MoMLSimpleApplication.java:402)
Caused by: ptolemy.kernel.util.IllegalActionException: TypeTest actor has no training data.
  in .sizedarray3.TypeTest
	at ptolemy.actor.lib.TypeTest.initialize(TypeTest.java:250)
	at ptolemy.actor.Director.initialize(Director.java:938)
	at ptolemy.actor.Director.initialize(Director.java:907)
	at ptolemy.actor.sched.StaticSchedulingDirector.initialize(StaticSchedulingDirector.java:159)
	at ptolemy.domains.sdf.kernel.SDFDirector.initialize(SDFDirector.java:544)
	at ptolemy.actor.CompositeActor.initialize(CompositeActor.java:935)
	at ptolemy.actor.Manager.initialize(Manager.java:724)
	at ptolemy.actor.Manager.execute(Manager.java:356)
	at ptolemy.actor.Manager.run(Manager.java:1263)
	at ptolemy.actor.Manager$PtolemyRunThread.run(Manager.java:1933)
java.lang.reflect.InvocationTargetException
	at java.base/jdk.internal.reflect.NativeConstructorAccessorImpl.newInstance0(Native Method)
	at java.base/jdk.internal.reflect.NativeConstructorAccessorImpl.newInstance(NativeConstructorAccessorImpl.java:62)
	at java.base/jdk.internal.reflect.DelegatingConstructorAccessorImpl.newInstance(DelegatingConstructorAccessorImpl.java:45)
	at java.base/java.lang.reflect.Constructor.newInstance(Constructor.java:490)
	at ptolemy.util.test.junit.AutoKnownFailedTests.RunModel(AutoKnownFailedTests.java:105)
	at java.base/jdk.internal.reflect.NativeMethodAccessorImpl.invoke0(Native Method)
	at java.base/jdk.internal.reflect.NativeMethodAccessorImpl.invoke(NativeMethodAccessorImpl.java:62)
	at java.base/jdk.internal.reflect.DelegatingMethodAccessorImpl.invoke(DelegatingMethodAccessorImpl.java:43)
	at java.base/java.lang.reflect.Method.invoke(Method.java:566)
	at org.junit.runners.model.FrameworkMethod$1.runReflectiveCall(FrameworkMethod.java:44)
	at org.junit.internal.runners.model.ReflectiveCallable.run(ReflectiveCallable.java:15)
	at org.junit.runners.model.FrameworkMethod.invokeExplosively(FrameworkMethod.java:41)
	at junitparams.internal.InvokeParameterisedMethod.evaluate(InvokeParameterisedMethod.java:102)
	at org.junit.internal.runners.statements.FailOnTimeout$1.run(FailOnTimeout.java:28)
Caused by: ptolemy.kernel.util.IllegalActionException: TypeTest actor has no training data.
  in .sizedarray3.TypeTest
	at ptolemy.actor.lib.TypeTest.initialize(TypeTest.java:250)
	at ptolemy.actor.Director.initialize(Director.java:938)
	at ptolemy.actor.Director.initialize(Director.java:907)
	at ptolemy.actor.sched.StaticSchedulingDirector.initialize(StaticSchedulingDirector.java:159)
	at ptolemy.domains.sdf.kernel.SDFDirector.initialize(SDFDirector.java:544)
	at ptolemy.actor.CompositeActor.initialize(CompositeActor.java:935)
	at ptolemy.actor.Manager.initialize(Manager.java:724)
	at ptolemy.actor.Manager.execute(Manager.java:356)
	at ptolemy.actor.Manager.run(Manager.java:1263)
	at ptolemy.actor.Manager$PtolemyRunThread.run(Manager.java:1933)
]]></system-err>
</testsuite>
