<?xml version="1.0" encoding="UTF-8" ?>
<testsuite errors="1" failures="2" hostname="travis-job-8cffab8e-8aa6-4583-872a-e8378106b097" name="ptolemy.actor.lib.test.junit.JUnitTclTest" skipped="0" tests="517" time="66.095" timestamp="2019-07-12T05:02:30">
  <properties>
    <property name="npm.executable" value="npm" />
    <property name="env.TRAVIS_ROOT" value="/" />
    <property name="ptII.mk.exists" value="true" />
    <property name="env.TRAVIS_APP_HOST" value="build.travis-ci.org" />
    <property name="env.rvm_bin_path" value="/home/travis/.rvm/bin" />
    <property name="java.home" value="/usr/local/lib/jvm/openjdk11" />
    <property name="env.TRAVIS_JOB_NUMBER" value="1223.8" />
    <property name="env.TRAVIS_HOME" value="/home/travis" />
    <property name="env.DISPLAY" value=":99.0" />
    <property name="env.TRAVIS_INIT" value="systemd" />
    <property name="env.SSH_TTY" value="/dev/pts/0" />
    <property name="java.net.preferIPv4Stack" value="true" />
    <property name="env.RUN_TESTS" value="true" />
    <property name="timeout.short" value="1000000" />
    <property name="junit.formatter" value="xml" />
    <property name="env.TRAVIS_SUDO" value="true" />
    <property name="env.TRAVIS_JOB_NAME" value="" />
    <property name="env.TRAVIS_STACK_NODE_ATTRIBUTES" value="/.node-attributes.yml" />
    <property name="env.LOGNAME" value="travis" />
    <property name="env.PT_TRAVIS_TEST_CORE1_XML" value="true" />
    <property name="jsdoc.home" value="node_modules/@terraswarm/jsdoc" />
    <property name="debuglevel" value="source,lines,vars" />
    <property name="checkstyle.formatter" value="xml" />
    <property name="env._system_version" value="16.04" />
    <property name="bin.vergil.makeable" value="true" />
    <property name="sun.os.patch.level" value="unknown" />
    <property name="java.vendor.url" value="http://java.oracle.com/" />
    <property name="env.TRAVIS_BUILD_WEB_URL" value="https://travis-ci.org/icyphy/ptII/builds/557667639" />
    <property name="java.version" value="11.0.2" />
    <property name="env.TZ" value="UTC" />
    <property name="env.TRAVIS_PULL_REQUEST_SHA" value="" />
    <property name="env.PT_NO_NET" value="true" />
    <property name="env.TRAVIS_SECURE_ENV_VARS" value="true" />
    <property name="env._system_type" value="Linux" />
    <property name="java.vendor.url.bug" value="http://bugreport.java.com/bugreport/" />
    <property name="npmjs-org-is-up" value="true" />
    <property name="env.LANGUAGE" value="en_US.UTF-8" />
    <property name="env.SSH_CLIENT" value="10.10.16.169 36730 22" />
    <property name="env.GEM_HOME" value="/home/travis/.rvm/gems/ruby-2.5.3" />
    <property name="env.HAS_ANTARES_THREE_LITTLE_FRONZIES_BADGE" value="true" />
    <property name="java.version.date" value="2019-01-15" />
    <property name="env.PS4" value="+" />
    <property name="ant.project.invoked-targets" value="build,test.core1.xml" />
    <property name="env.TRAVIS_PULL_REQUEST_BRANCH" value="" />
    <property name="env.TRAVIS_REPO_SLUG" value="icyphy/ptII" />
    <property name="env.XDG_DATA_DIRS" value="/usr/local/share:/usr/share:/var/lib/snapd/desktop" />
    <property name="jdk.debug" value="release" />
    <property name="env.TRAVIS_APT_PROXY" value="http://apt.cache.travis-ci.com" />
    <property name="node.in.path" value="true" />
    <property name="user.name" value="travis" />
    <property name="java.maxmemory" value="1400m" />
    <property name="env.RUBY_VERSION" value="ruby-2.5.3" />
    <property name="env.LANG" value="en_US.UTF-8" />
    <property name="sun.io.unicode.encoding" value="UnicodeLittle" />
    <property name="sun.jnu.encoding" value="UTF-8" />
    <property name="java.runtime.name" value="OpenJDK Runtime Environment" />
    <property name="usefile" value="false" />
    <property name="return.code" value="0" />
    <property name="junit.single.formatter" value="plain" />
    <property name="env.DYLD_LIBRARY_PATH" value="/home/travis/pthla/certi-tools/lib:" />
    <property name="env.DEBIAN_FRONTEND" value="noninteractive" />
    <property name="env.SSH_CONNECTION" value="10.10.16.169 36730 10.20.0.183 22" />
    <property name="env.MYSQL_UNIX_PORT" value="/var/run/mysqld/mysqld.sock" />
    <property name="env.LC_ALL" value="en_US.UTF-8" />
    <property name="env.TRAVIS_ALLOW_FAILURE" value="false" />
    <property name="env.TRAVIS_JOB_WEB_URL" value="https://travis-ci.org/icyphy/ptII/jobs/557667649" />
    <property name="java.specification.name" value="Java Platform API Specification" />
    <property name="node.works" value="true" />
    <property name="user.timezone" value="" />
    <property name="path.separator" value=":" />
    <property name="env.TRAVIS_ENABLE_INFRA_DETECTION" value="true" />
    <property name="env.PYTHON_CFLAGS" value="-g -fstack-protector --param=ssp-buffer-size=4 -Wformat -Werror=format-security" />
    <property name="timeout.long" value="4000000" />
    <property name="env.CERTI_HOME" value="/home/travis/pthla/certi-tools" />
    <property name="ant.file.ptII" value="/home/travis/build/icyphy/ptII/build.xml" />
    <property name="javadoc.packagenames" value="com.*,diva.*,lbnl.*,org.hlacerti.*,org.json.*,org.ptolemy.*,org.terraswarm.*,ptolemy.*,ptserver.*" />
    <property name="file.encoding" value="UTF-8" />
    <property name="env.TRAVIS_PULL_REQUEST_SLUG" value="" />
    <property name="ant.project.default-target" value="build" />
    <property name="env.GIT_ASKPASS" value="echo" />
    <property name="env.HOME" value="/home/travis" />
    <property name="sun.java.command" value="org.apache.tools.ant.taskdefs.optional.junit.JUnitTestRunner ptolemy.actor.lib.test.junit.JUnitTclTest skipNonTests=false filtertrace=true haltOnError=false haltOnFailure=false formatter=org.apache.tools.ant.taskdefs.optional.junit.OutErrSummaryJUnitResultFormatter showoutput=true outputtoformatters=true logfailedtests=true threadid=0 logtestlistenerevents=false formatter=org.apache.tools.ant.taskdefs.optional.junit.XMLJUnitResultFormatter,/home/travis/build/icyphy/ptII/reports/junit/TEST-ptolemy.actor.lib.test.junit.JUnitTclTest.xml crashfile=/home/travis/build/icyphy/ptII/junitvmwatcher2661926203161471255.properties propsfile=/home/travis/build/icyphy/ptII/junit15664317636507097456.properties" />
    <property name="env.COMPOSER_NO_INTERACTION" value="1" />
    <property name="env.MANPATH" value="/home/travis/.nvm/versions/node/v7.10.1/share/man:/home/travis/.rvm/rubies/ruby-2.5.3/share/man:/usr/local/cmake-3.12.4/man:/usr/local/clang-7.0.0/share/man:/usr/local/man:/usr/local/share/man:/usr/share/man:/home/travis/.rvm/man" />
    <property name="env.TRAVIS_TIMER_ID" value="1fdb1ca5" />
    <property name="ant.file" value="/home/travis/build/icyphy/ptII/build.xml" />
    <property name="env.TRAVIS_COMMIT_RANGE" value="8943fd7124859103cad5e46d96c1be6d53f582da...19468c405d83b3b22c3787bc9780d8b77f7ad631" />
    <property name="env._system_name" value="Ubuntu" />
    <property name="ptII.classpath.optional.property" value="/home/travis/build/icyphy/ptII/lib/bsh-2.0b4.jar:/home/travis/build/icyphy/ptII/lib/ptCal.jar:/home/travis/build/icyphy/ptII/lib/java_cup.jar:/home/travis/build/icyphy/ptII/lib/saxon8.jar:/home/travis/build/icyphy/ptII/lib/saxon8-dom.jar:/home/travis/build/icyphy/ptII/lib/chic.jar:/home/travis/build/icyphy/ptII/lib/ptcolt.jar:/home/travis/build/icyphy/ptII/vendors/misc/itext/iText.jar:/home/travis/build/icyphy/ptII/lib/g4ltl.jar:/home/travis/build/icyphy/ptII/lib/StructuralCoder.jar:/home/travis/build/icyphy/ptII/vendors/jai-1_1_2_01/lib/jai_core.jar:/home/travis/build/icyphy/ptII/vendors/jai-1_1_2_01/lib/jai_codec.jar:/home/travis/build/icyphy/ptII/lib/jcerti.jar:/home/travis/build/icyphy/ptII/lib/javax.mail.jar:/home/travis/build/icyphy/ptII/vendors/JMF-2.1.1e/lib/jmf.jar:/home/travis/build/icyphy/ptII/lib/jna-4.0.0-variadic.jar:/home/travis/build/icyphy/ptII/vendors/misc/joystick/Joystick.jar:/home/travis/build/icyphy/ptII/lib/ptjacl.jar:/home/travis/build/icyphy/ptII/lib/jsoup-1.8.2.jar:/home/travis/build/icyphy/ptII/lib/junit-4.8.2.jar:/home/travis/build/icyphy/ptII/lib/JUnitParams-0.4.0.jar:/home/travis/build/icyphy/ptII/ptolemy/actor/lib/excel/jxl.jar:/home/travis/build/icyphy/ptII/lib/jython.jar:/home/travis/build/icyphy/ptII/lib/kieler.jar:/home/travis/build/icyphy/ptII/vendors/opencv/share/OpenCV/java/opencv-341.jar:/home/travis/build/icyphy/ptII/lib/oscP5.jar:/home/travis/build/icyphy/ptII/lib/nrjavaserial-3.11.0.devel.jar:/home/travis/build/icyphy/ptII/vendors/j3d/lib/j3dcore.jar:/home/travis/build/icyphy/ptII/vendors/j3d/lib/j3dutils.jar:/home/travis/build/icyphy/ptII/vendors/j3d/lib/vecmath.jar:/home/travis/build/icyphy/ptII/ptolemy/distributed/jini/jar/jini-core.jar:/home/travis/build/icyphy/ptII/ptolemy/distributed/jini/jar/jini-ext.jar:/home/travis/build/icyphy/ptII/ptolemy/distributed/jini/jar/sun-util.jar:/home/travis/build/icyphy/ptII/lib/protobuf-java-2.4.1.jar:/home/travis/build/icyphy/ptII/lib/org.eclipse.paho.client.mqttv3.jar:/home/travis/build/icyphy/ptII/lib/mapss.jar:/home/travis/build/icyphy/ptII/ptolemy/actor/ptalon/antlr/antlr.jar:/home/travis/build/icyphy/ptII/lib/JRI.jar:/home/travis/build/icyphy/ptII/lib/commons-lang-2.6.jar:/home/travis/build/icyphy/ptII/lib/commons-logging-1.1.1.jar:/home/travis/build/icyphy/ptII/lib/sootclasses.jar:/home/travis/build/icyphy/ptII/ptolemy/actor/lib/database/mysql-connector-java-5.1.6-bin.jar:/home/travis/build/icyphy/ptII/vendors/misc/sphinx4/sphinx4-data-5prealpha.jar:/home/travis/build/icyphy/ptII/vendors/misc/sphinx4/sphinx4-core-5prealpha.jar:/home/travis/build/icyphy/ptII/lib/PDFRenderer.jar:/home/travis/build/icyphy/ptII/lib/svgSalamander.jar:/home/travis/build/icyphy/ptII/lib/rsyntaxtextarea-2.6.0-SNAPSHOT.jar:/home/travis/build/icyphy/ptII/lib/hazelcast-3.8.2.jar:/home/travis/build/icyphy/ptII/lib/jackson-annotations-2.9.0.jar:/home/travis/build/icyphy/ptII/lib/jackson-core-2.9.3.jar:/home/travis/build/icyphy/ptII/lib/jackson-databind-2.9.3.jar:/home/travis/build/icyphy/ptII/lib/netty-buffer-4.1.19.Final.jar:/home/travis/build/icyphy/ptII/lib/netty-codec-4.1.19.Final.jar:/home/travis/build/icyphy/ptII/lib/netty-codec-dns-4.1.19.Final.jar:/home/travis/build/icyphy/ptII/lib/netty-codec-http-4.1.19.Final.jar:/home/travis/build/icyphy/ptII/lib/netty-codec-http2-4.1.19.Final.jar:/home/travis/build/icyphy/ptII/lib/netty-common-4.1.19.Final.jar:/home/travis/build/icyphy/ptII/lib/netty-handler-4.1.19.Final.jar:/home/travis/build/icyphy/ptII/lib/netty-resolver-4.1.19.Final.jar:/home/travis/build/icyphy/ptII/lib/netty-resolver-dns-4.1.19.Final.jar:/home/travis/build/icyphy/ptII/lib/netty-transport-4.1.19.Final.jar:/home/travis/build/icyphy/ptII/lib/vertx-codegen-3.5.1.jar:/home/travis/build/icyphy/ptII/lib/vertx-core-3.5.2-SNAPSHOT.jar:/home/travis/build/icyphy/ptII/lib/vertx-hazelcast-3.5.1.jar:/home/travis/build/icyphy/ptII/lib/vertx-lang-js-3.5.1.jar:/home/travis/build/icyphy/ptII/lib/vertx-service-proxy-3.5.1.jar:/home/travis/build/icyphy/ptII/lib/vertx-web-3.5.1.jar:/home/travis/build/icyphy/ptII/lib/slf4j-api-1.7.13.jar:/home/travis/build/icyphy/ptII/lib/slf4j-simple-1.7.13.jar:/home/travis/build/icyphy/ptII/lib/webcam-capture-0.3.12.jar:/home/travis/build/icyphy/ptII/lib/bridj-0.7.0.jar:/home/travis/build/icyphy/ptII/lib/xbjlib-1.1.0.nrjavaserial.jar" />
    <property name="timeout" value="2400000" />
    <property name="test.batch" value="**/junit/*.java" />
    <property name="env._" value="/usr/bin/timeout" />
    <property name="java.io.tmpdir" value="/tmp" />
    <property name="user.language" value="en" />
    <property name="env.TRAVIS_INTERNAL_RUBY_REGEX" value="^ruby-(2\.[0-4]\.[0-9]|1\.9\.3)" />
    <property name="env.HISTCONTROL" value="ignoredups:ignorespace" />
    <property name="env.GOROOT" value="/home/travis/.gimme/versions/go1.11.1.linux.amd64" />
    <property name="line.separator" value="&#xa;" />
    <property name="target" value="11" />
    <property name="env.TRAVIS_BUILD_DIR" value="/home/travis/build/icyphy/ptII" />
    <property name="env.ANT_OPTS" value="-Xmx2048m" />
    <property name="ant.file.type" value="file" />
    <property name="ptolemy.ptII.batchMode" value="true" />
    <property name="env.HISTSIZE" value="1000" />
    <property name="env.MERB_ENV" value="test" />
    <property name="java.vm.info" value="mixed mode" />
    <property name="source" value="11" />
    <property name="java.vm.specification.name" value="Java Virtual Machine Specification" />
    <property name="env.TRAVIS_TEST_RESULT" value="0" />
    <property name="jsdoc.command" value="node_modules/@terraswarm/jsdoc/jsdoc.js" />
    <property name="npm.works" value="true" />
    <property name="cobertura.dir" value="/home/travis/build/icyphy/ptII/vendors/cobertura-2.0.3" />
    <property name="jsdoc.command.exists" value="true" />
    <property name="env.rvm_path" value="/home/travis/.rvm" />
    <property name="env.GEM_PATH" value="/home/travis/.rvm/gems/ruby-2.5.3:/home/travis/.rvm/gems/ruby-2.5.3@global" />
    <property name="env.LC_CTYPE" value="en_US.UTF-8" />
    <property name="env.TRAVIS_CMD" value="$PTII/bin/ptIITravisBuild.sh $SECONDS" />
    <property name="java.awt.printerjob" value="sun.print.PSPrinterJob" />
    <property name="env.TRAVIS_STACK_NAME" value="sardonyx" />
    <property name="env.TRAVIS_TIMER_START_TIME" value="1562907065229860546" />
    <property name="ant.version" value="Apache Ant(TM) version 1.10.1 compiled on February 2 2017" />
    <property name="ptII.reports" value="/home/travis/build/icyphy/ptII/reports" />
    <property name="env.TRAVIS_STACK_TIMESTAMP" value="2019-03-25 16:16:56 UTC" />
    <property name="ant.file.type.ptII" value="file" />
    <property name="env.RBENV_SHELL" value="bash" />
    <property name="os.name" value="Linux" />
    <property name="java.specification.vendor" value="Oracle Corporation" />
    <property name="env.rvm_version" value="1.29.7 (latest)" />
    <property name="env.TRAVIS_INFRA" value="gce" />
    <property name="env.TERM" value="xterm" />
    <property name="java.vm.name" value="OpenJDK 64-Bit Server VM" />
    <property name="env.TRAVIS_BUILD_NUMBER" value="1223" />
    <property name="env.CI" value="true" />
    <property name="java.library.path" value="/home/travis/pthla/certi-tools/lib:/usr/lib/jni:/usr/local/share/OpenCV/java/:/usr/share/OpenCV/java::/usr/java/packages/lib:/usr/lib64:/lib64:/lib:/usr/lib" />
    <property name="env.rvm_prefix" value="/home/travis" />
    <property name="env.PATH" value="/home/travis/pthla/certi-tools/share/scripts:/home/travis/.rvm/gems/ruby-2.5.3/bin:/home/travis/.rvm/gems/ruby-2.5.3@global/bin:/home/travis/.rvm/rubies/ruby-2.5.3/bin:/home/travis/.rvm/bin:/home/travis/.nvm/versions/node/v7.10.1/bin:./node_modules/.bin:/home/travis/build/icyphy/ptII/bin:/home/travis/pthla/certi-tools/bin:/home/travis/bin:/home/travis/.local/bin:/usr/local/lib/jvm/openjdk11/bin:/opt/pyenv/shims:/home/travis/.phpenv/shims:/home/travis/perl5/perlbrew/bin:/home/travis/gopath/bin:/home/travis/.gimme/versions/go1.11.1.linux.amd64/bin:/usr/local/maven-3.6.0/bin:/usr/local/cmake-3.12.4/bin:/usr/local/clang-7.0.0/bin:/usr/local/sbin:/usr/local/bin:/usr/sbin:/usr/bin:/sbin:/bin:/snap/bin:/home/travis/.phpenv/bin:/opt/pyenv/bin:/home/travis/.yarn/bin" />
    <property name="env.TRAVIS_OS_NAME" value="linux" />
    <property name="ant.java.version" value="9" />
    <property name="basedir" value="/home/travis/build/icyphy/ptII" />
    <property name="java.class.version" value="55.0" />
    <property name="env.SHLVL" value="3" />
    <property name="env.LD_LIBRARY_PATH" value="/home/travis/pthla/certi-tools/lib:/usr/lib/jni:/usr/local/share/OpenCV/java/:/usr/share/OpenCV/java:" />
    <property name="env.RACK_ENV" value="test" />
    <property name="ant.home" value="/home/travis/build/icyphy/ptII/ant" />
    <property name="env.NVM_DIR" value="/home/travis/.nvm" />
    <property name="env.CERTI_FOM_PATH" value="/home/travis/pthla/certi-tools/share/federations" />
    <property name="env.TRAVIS_BUILD_ID" value="557667639" />
    <property name="env.PYENV_ROOT" value="/opt/pyenv" />
    <property name="env.TRAVIS_UID" value="2000" />
    <property name="prism.verbose" value="true" />
    <property name="env.NVM_BIN" value="/home/travis/.nvm/versions/node/v7.10.1/bin" />
    <property name="env.TRAVIS_COMMIT" value="19468c405d83b3b22c3787bc9780d8b77f7ad631" />
    <property name="env._system_arch" value="x86_64" />
    <property name="node.executable" value="node" />
    <property name="sun.boot.library.path" value="/usr/local/lib/jvm/openjdk11/lib" />
    <property name="sun.management.compiler" value="HotSpot 64-Bit Tiered Compilers" />
    <property name="java.awt.graphicsenv" value="sun.awt.X11GraphicsEnvironment" />
    <property name="env.GOPATH" value="/home/travis/gopath" />
    <property name="ptolemy.ptII.dir" value="/home/travis/build/icyphy/ptII" />
    <property name="env.USER" value="travis" />
    <property name="env.HISTFILESIZE" value="2000" />
    <property name="timeout.longest" value="19000000" />
    <property name="env.PERLBREW_SHELLRC_VERSION" value="0.86" />
    <property name="env.TRAVIS_STACK_FEATURES" value="basic couchdb disabled-ipv6 docker docker-compose elasticsearch firefox go-toolchain google-chrome jdk memcached mongodb mysql nodejs_interpreter perl_interpreter perlbrew phantomjs postgresql python_interpreter redis ruby_interpreter sqlite xserver" />
    <property name="env.TRAVIS_PULL_REQUEST" value="false" />
    <property name="env.PYENV_SHELL" value="bash" />
    <property name="ant.project.name" value="ptII" />
    <property name="env.ANSI_RESET" value="\033[0m" />
    <property name="java.vm.specification.version" value="11" />
    <property name="env.TRAVIS_DIST" value="xenial" />
    <property name="env.CERTI_VERSION" value="4.0.0" />
    <property name="env.CERTI_HOST" value="localhost" />
    <property name="awt.toolkit" value="sun.awt.X11.XToolkit" />
    <property name="env.MY_RUBY_HOME" value="/home/travis/.rvm/rubies/ruby-2.5.3" />
    <property name="sun.cpu.isalist" value="" />
    <property name="env.TRAVIS_TMPDIR" value="/tmp/tmp.KwtfoSwokO" />
    <property name="java.vm.compressedOopsMode" value="Zero based" />
    <property name="os.version" value="4.15.0-1028-gcp" />
    <property name="user.home" value="/home/travis" />
    <property name="java.vm.vendor" value="Oracle Corporation" />
    <property name="env.TRAVIS_TAG" value="nightly" />
    <property name="env.ANSI_YELLOW" value="\033[33;1m" />
    <property name="env.TRAVIS_FILTERED" value="redirect_io" />
    <property name="env.ANSI_GREEN" value="\033[32;1m" />
    <property name="env.JAVA_HOME" value="/usr/local/lib/jvm/openjdk11" />
    <property name="javadoc.excludepackagenames" value="adm.cvs2svn.*,build.*,config.*,doc.coding.templates.*,jni.test.jni.meaningOfLife.*,jni.test.jni.testDeux.*,jni.test.jni.testTrois.*,org.terraswarm.accessor.accessors.web.node_modules.*,org.terraswarm.accessor.accessors.web.hosts.cordova.demo.*,org.terraswarm.accessor.accessors.web.hosts.cordova.plugins.*,org.terraswarm.accessor.accessors-svn.*,pt-modules.*,ptolemy.apps.agilent.*,ptolemy.apps.anytimecontrol.*,ptolemy.apps.apes.*,ptolemy.apps.charon.*,ptolemy.apps.crazyboard.*,ptolemy.apps.eclipse.*,ptolemy.apps.etherealSting.*,ptolemy.apps.fullscreen.*,ptolemy.apps.giotto.*,ptolemy.apps.ia.*,ptolemy.apps.interfaces.*,ptolemy.apps.jmf.*,ptolemy.apps.kurt.*,ptolemy.apps.kvm.*,ptolemy.apps.lego.*,ptolemy.apps.lejos.*,ptolemy.apps.midp.*,ptolemy.apps.mobileCoding.*,ptolemy.apps.pendulum.*,ptolemy.apps.rijndael.*,ptolemy.apps.robot.*,ptolemy.apps.security.*,ptolemy.apps.sobel.*,ptolemy.apps.soot.*,ptolemy.apps.throttle.*,ptolemy.apps.tini.*,ptolemy.apps.transmission.*,ptolemy.apps.vergil.*,ptolemy.apps.waba.*,ptolemy.apps.websensor.*,ptolemy.apps.webstart.*,ptolemy.apps.xsl.*,ptolemy.apps.zaurus.*,ptolemy.codegen.c.actor.lib.oldJavaFiles.*,ptolemy.codegen.dsp.lib.*,ptolemy.codegen.kernel.newInterfaces.*,ptolemy.codegen.lib.*,ptolemy.copernicus.kernel.fragment.*,ptolemy.copernicus.shallow.cg.*,ptolemy.domains.giotto.demo.Hierarchy.Hierarchy.*,ptolemy.domains.giotto.demo.Multimode.Multimode.*,ptolemy.domains.giotto.demo.Simple.Simple.*,ptolemy.domains.gr.lib.experimental.*,ptolemy.domains.gro.*,ptolemy.domains.pdf.*,ptolemy.domains.ptinyos.demo.Surge.output.*,ptolemy.moml.test.NoPackageActor.java*,ptolemy.plot.adm.*,ptolemy.plot.servlet.*,reports.*,signed.*,src.*,target.*,vendors.*,ptolemy.copernicus.applet.*,ptolemy.media.viewer.*,ptolemy.actor.corba.*,doc.doclets.*,ptolemy.apps.eclipse.awt.*,ptolemy.backtrack.*,ptolemy.backtrack.ast.*,ptolemy.cg.adapter.generic.program.procedural.c.mbed*,ptolemy.homer.*,ptolemy.actor.lib.jjs.modules.audio.*,org.ptolemy.scala.*,diva.util.java2d.svg.*,ptolemy.domains.ptinyos.*,ptolemy.actor.lib.fmi.fmipp.*,,org.terraswarm.accessor.accessors.web.node_modules.*,org.terraswarm.accessor.accessors-svn,ptolemy.apps.*,ptolemy.actor.ptalon.demo.ptinyos.SendAndReceiveCnt.output,ptolemy.actor.ptalon.demo.ptinyos.SenseToLeds.output,ptolemy.domains.ptinyos.demo.CntToLedsAndRfm.output,ptolemy.domains.ptinyos.demo.RfmToLeds.output,ptolemy.domains.ptinyos.demo.SendAndReceiveCnt.output,ptolemy.domains.ptinyos.demo.SenseToLeds.output,ptolemy.actor.lib.jjs.modules.udpSocket.*" />
    <property name="env.PTII" value="/home/travis/build/icyphy/ptII" />
    <property name="env.XDG_SESSION_ID" value="2" />
    <property name="keystore" value="ptKeystore" />
    <property name="env.TRAVIS_COMMIT_MESSAGE" value="Typo." />
    <property name="junit.output.dir" value="/home/travis/build/icyphy/ptII/reports/junit" />
    <property name="npm.return.code" value="0" />
    <property name="user.dir" value="/home/travis/build/icyphy/ptII/ptolemy/actor/lib/test" />
    <property name="env.TRAVIS_NODE_VERSION" value="7" />
    <property name="env.TRAVIS_EVENT_TYPE" value="cron" />
    <property name="env.MAIL" value="/var/mail/travis" />
    <property name="env.PERLBREW_ROOT" value="/home/travis/perl5/perlbrew" />
    <property name="env.PWD" value="/home/travis/build/icyphy/ptII" />
    <property name="timeout.npm" value="45000" />
    <property name="env.TRAVIS_ARCH" value="amd64" />
    <property name="sun.cpu.endian" value="little" />
    <property name="env.PAGER" value="cat" />
    <property name="env.TRAVIS_BUILD_STAGE_NAME" value="Test" />
    <property name="env.PERLBREW_HOME" value="/home/travis/.perlbrew" />
    <property name="java.vm.version" value="11.0.2+9" />
    <property name="env.RAILS_ENV" value="test" />
    <property name="java.class.path" value="/home/travis/.ptolemyII:/home/travis/.ptolemyII/*:/home/travis/build/icyphy/ptII:/home/travis/build/icyphy/ptII/lib/bsh-2.0b4.jar:/home/travis/build/icyphy/ptII/lib/ptCal.jar:/home/travis/build/icyphy/ptII/lib/java_cup.jar:/home/travis/build/icyphy/ptII/lib/saxon8.jar:/home/travis/build/icyphy/ptII/lib/saxon8-dom.jar:/home/travis/build/icyphy/ptII/lib/chic.jar:/home/travis/build/icyphy/ptII/lib/ptcolt.jar:/home/travis/build/icyphy/ptII/vendors/misc/itext/iText.jar:/home/travis/build/icyphy/ptII/lib/g4ltl.jar:/home/travis/build/icyphy/ptII/lib/StructuralCoder.jar:/home/travis/build/icyphy/ptII/vendors/jai-1_1_2_01/lib/jai_core.jar:/home/travis/build/icyphy/ptII/vendors/jai-1_1_2_01/lib/jai_codec.jar:/home/travis/build/icyphy/ptII/lib/jcerti.jar:/home/travis/build/icyphy/ptII/lib/javax.mail.jar:/home/travis/build/icyphy/ptII/vendors/JMF-2.1.1e/lib/jmf.jar:/home/travis/build/icyphy/ptII/lib/jna-4.0.0-variadic.jar:/home/travis/build/icyphy/ptII/vendors/misc/joystick/Joystick.jar:/home/travis/build/icyphy/ptII/lib/ptjacl.jar:/home/travis/build/icyphy/ptII/lib/jsoup-1.8.2.jar:/home/travis/build/icyphy/ptII/lib/junit-4.8.2.jar:/home/travis/build/icyphy/ptII/lib/JUnitParams-0.4.0.jar:/home/travis/build/icyphy/ptII/ptolemy/actor/lib/excel/jxl.jar:/home/travis/build/icyphy/ptII/lib/jython.jar:/home/travis/build/icyphy/ptII/lib/kieler.jar:/home/travis/build/icyphy/ptII/vendors/opencv/share/OpenCV/java/opencv-341.jar:/home/travis/build/icyphy/ptII/lib/oscP5.jar:/home/travis/build/icyphy/ptII/lib/nrjavaserial-3.11.0.devel.jar:/home/travis/build/icyphy/ptII/vendors/j3d/lib/j3dcore.jar:/home/travis/build/icyphy/ptII/vendors/j3d/lib/j3dutils.jar:/home/travis/build/icyphy/ptII/vendors/j3d/lib/vecmath.jar:/home/travis/build/icyphy/ptII/ptolemy/distributed/jini/jar/jini-core.jar:/home/travis/build/icyphy/ptII/ptolemy/distributed/jini/jar/jini-ext.jar:/home/travis/build/icyphy/ptII/ptolemy/distributed/jini/jar/sun-util.jar:/home/travis/build/icyphy/ptII/lib/protobuf-java-2.4.1.jar:/home/travis/build/icyphy/ptII/lib/org.eclipse.paho.client.mqttv3.jar:/home/travis/build/icyphy/ptII/lib/mapss.jar:/home/travis/build/icyphy/ptII/ptolemy/actor/ptalon/antlr/antlr.jar:/home/travis/build/icyphy/ptII/lib/JRI.jar:/home/travis/build/icyphy/ptII/lib/commons-lang-2.6.jar:/home/travis/build/icyphy/ptII/lib/commons-logging-1.1.1.jar:/home/travis/build/icyphy/ptII/lib/sootclasses.jar:/home/travis/build/icyphy/ptII/ptolemy/actor/lib/database/mysql-connector-java-5.1.6-bin.jar:/home/travis/build/icyphy/ptII/vendors/misc/sphinx4/sphinx4-data-5prealpha.jar:/home/travis/build/icyphy/ptII/vendors/misc/sphinx4/sphinx4-core-5prealpha.jar:/home/travis/build/icyphy/ptII/lib/PDFRenderer.jar:/home/travis/build/icyphy/ptII/lib/svgSalamander.jar:/home/travis/build/icyphy/ptII/lib/rsyntaxtextarea-2.6.0-SNAPSHOT.jar:/home/travis/build/icyphy/ptII/lib/hazelcast-3.8.2.jar:/home/travis/build/icyphy/ptII/lib/jackson-annotations-2.9.0.jar:/home/travis/build/icyphy/ptII/lib/jackson-core-2.9.3.jar:/home/travis/build/icyphy/ptII/lib/jackson-databind-2.9.3.jar:/home/travis/build/icyphy/ptII/lib/netty-buffer-4.1.19.Final.jar:/home/travis/build/icyphy/ptII/lib/netty-codec-4.1.19.Final.jar:/home/travis/build/icyphy/ptII/lib/netty-codec-dns-4.1.19.Final.jar:/home/travis/build/icyphy/ptII/lib/netty-codec-http-4.1.19.Final.jar:/home/travis/build/icyphy/ptII/lib/netty-codec-http2-4.1.19.Final.jar:/home/travis/build/icyphy/ptII/lib/netty-common-4.1.19.Final.jar:/home/travis/build/icyphy/ptII/lib/netty-handler-4.1.19.Final.jar:/home/travis/build/icyphy/ptII/lib/netty-resolver-4.1.19.Final.jar:/home/travis/build/icyphy/ptII/lib/netty-resolver-dns-4.1.19.Final.jar:/home/travis/build/icyphy/ptII/lib/netty-transport-4.1.19.Final.jar:/home/travis/build/icyphy/ptII/lib/vertx-codegen-3.5.1.jar:/home/travis/build/icyphy/ptII/lib/vertx-core-3.5.2-SNAPSHOT.jar:/home/travis/build/icyphy/ptII/lib/vertx-hazelcast-3.5.1.jar:/home/travis/build/icyphy/ptII/lib/vertx-lang-js-3.5.1.jar:/home/travis/build/icyphy/ptII/lib/vertx-service-proxy-3.5.1.jar:/home/travis/build/icyphy/ptII/lib/vertx-web-3.5.1.jar:/home/travis/build/icyphy/ptII/lib/slf4j-api-1.7.13.jar:/home/travis/build/icyphy/ptII/lib/slf4j-simple-1.7.13.jar:/home/travis/build/icyphy/ptII/lib/webcam-capture-0.3.12.jar:/home/travis/build/icyphy/ptII/lib/bridj-0.7.0.jar:/home/travis/build/icyphy/ptII/lib/xbjlib-1.1.0.nrjavaserial.jar:/home/travis/build/icyphy/ptII/ptolemy/moml/test:/home/travis/build/icyphy/ptII/ant/lib/ant-launcher.jar:/home/travis/build/icyphy/ptII/ant/lib/ant.jar:/home/travis/build/icyphy/ptII/ant/lib/ant-junit.jar:/home/travis/build/icyphy/ptII/ant/lib/ant-junit4.jar" />
    <property name="ant.library.dir" value="/home/travis/build/icyphy/ptII/ant/lib" />
    <property name="os.arch" value="amd64" />
    <property name="env.CONTINUOUS_INTEGRATION" value="true" />
    <property name="env.TRAVIS_LANGUAGE" value="node_js" />
    <property name="env.TRAVIS_STACK_LANGUAGES" value="__sardonyx__ c c++ clojure cplusplus cpp default generic go groovy java node_js php pure_java python ruby scala" />
    <property name="test.name" value="ptolemy.actor.lib.test.junit.JUnitTclTest" />
    <property name="env.APT_KEY_DONT_WARN_ON_DANGEROUS_USAGE" value="1" />
    <property name="sun.java.launcher" value="SUN_STANDARD" />
    <property name="env.PYTHON_CONFIGURE_OPTS" value="--enable-unicode=ucs4 --with-wide-unicode --enable-shared --enable-ipv6 --enable-loadable-sqlite-extensions --with-computed-gotos" />
    <property name="ant.core.lib" value="/home/travis/build/icyphy/ptII/ant/lib/ant.jar" />
    <property name="java.vm.specification.vendor" value="Oracle Corporation" />
    <property name="env.BCVTB_HOME" value="/home/travis/build/icyphy/ptII/lbnl" />
    <property name="file.separator" value="/" />
    <property name="spotbugs.home" value="/home/travis/build/icyphy/ptII/vendors/spotbugs-3.1.1" />
    <property name="java.runtime.version" value="11.0.2+9" />
    <property name="env.ANSI_CLEAR" value="\033[0K" />
    <property name="javafx.verbose" value="true" />
    <property name="env.HAS_JOSH_K_SEAL_OF_APPROVAL" value="true" />
    <property name="env.XDG_RUNTIME_DIR" value="/run/user/2000" />
    <property name="env.TRAVIS_OSX_IMAGE" value="" />
    <property name="env.TRAVIS_JOB_ID" value="557667649" />
    <property name="env.TRAVIS_BRANCH" value="master" />
    <property name="user.country" value="US" />
    <property name="env.CERTI_HOME_TRAVIS" value="/home/travis/pthla/certi-tools" />
    <property name="env.SHELL" value="/bin/bash" />
    <property name="java.maxmemory.large" value="5000m" />
    <property name="model" value="" />
    <property name="env.CASHER_DIR" value="/home/travis/.casher" />
    <property name="env.NVM_CD_FLAGS" value="" />
    <property name="java.vendor.version" value="18.9" />
    <property name="jshint.executable" value="/home/travis/node_modules/jshint/bin/jshint" />
    <property name="env.JRUBY_OPTS" value=" --client -J-XX:+TieredCompilation -J-XX:TieredStopAtLevel=1 -J-Xss2m -Xcompile.invokedynamic=false" />
    <property name="java.vendor" value="Oracle Corporation" />
    <property name="env.TRAVIS_PRE_CHEF_BOOTSTRAP_TIME" value="2019-03-25T16:16:42" />
    <property name="env.TRAVIS_STACK_JOB_BOARD_REGISTER" value="/.job-board-register.yml" />
    <property name="env.ANSI_RED" value="\033[31;1m" />
    <property name="java.specification.version" value="11" />
    <property name="env.IRBRC" value="/home/travis/.rvm/rubies/ruby-2.5.3/.irbrc" />
    <property name="env.TRAVIS" value="true" />
    <property name="sun.arch.data.model" value="64" />
  </properties>
  <testcase classname="ptolemy.util.test.junit.TclTests" name="[0] /home/travis/build/icyphy/ptII/ptolemy/actor/lib/test/AbsoluteValue.tcl (RunTclFile)" time="0.631" />
  <testcase classname="ptolemy.util.test.junit.TclTests" name="[1] /home/travis/build/icyphy/ptII/ptolemy/actor/lib/test/AddSubtract.tcl (RunTclFile)" time="0.131" />
  <testcase classname="ptolemy.util.test.junit.TclTests" name="[2] /home/travis/build/icyphy/ptII/ptolemy/actor/lib/test/Average.tcl (RunTclFile)" time="0.039" />
  <testcase classname="ptolemy.util.test.junit.TclTests" name="[3] /home/travis/build/icyphy/ptII/ptolemy/actor/lib/test/Bernoulli.tcl (RunTclFile)" time="0.02" />
  <testcase classname="ptolemy.util.test.junit.TclTests" name="[4] /home/travis/build/icyphy/ptII/ptolemy/actor/lib/test/Clock.tcl (RunTclFile)" time="0.117" />
  <testcase classname="ptolemy.util.test.junit.TclTests" name="[5] /home/travis/build/icyphy/ptII/ptolemy/actor/lib/test/Commutator.tcl (RunTclFile)" time="0.216">
    <failure message="Number of failed tests is has increased. expected:&lt;0&gt; but was:&lt;1&gt;" type="junit.framework.AssertionFailedError">junit.framework.AssertionFailedError: Number of failed tests is has increased. expected:&lt;0&gt; but was:&lt;1&gt;
	at ptolemy.util.test.junit.TclTests.RunTclFile(TclTests.java:286)
	at java.base/jdk.internal.reflect.NativeMethodAccessorImpl.invoke0(Native Method)
	at java.base/jdk.internal.reflect.NativeMethodAccessorImpl.invoke(NativeMethodAccessorImpl.java:62)
	at java.base/jdk.internal.reflect.DelegatingMethodAccessorImpl.invoke(DelegatingMethodAccessorImpl.java:43)
	at junitparams.internal.InvokeParameterisedMethod.evaluate(InvokeParameterisedMethod.java:102)
	at junitparams.internal.ParameterisedTestMethodRunner.runMethodInvoker(ParameterisedTestMethodRunner.java:47)
	at junitparams.internal.ParameterisedTestMethodRunner.runTestMethod(ParameterisedTestMethodRunner.java:41)
	at junitparams.internal.ParameterisedTestClassRunner.runParameterisedTest(ParameterisedTestClassRunner.java:143)
	at junitparams.JUnitParamsRunner.runChild(JUnitParamsRunner.java:237)
	at junitparams.JUnitParamsRunner.runChild(JUnitParamsRunner.java:215)
</failure>
  </testcase>
  <testcase classname="ptolemy.util.test.junit.TclTests" name="[6] /home/travis/build/icyphy/ptII/ptolemy/actor/lib/test/Const.tcl (RunTclFile)" time="0.125" />
  <testcase classname="ptolemy.util.test.junit.TclTests" name="[7] /home/travis/build/icyphy/ptII/ptolemy/actor/lib/test/CurrentTime.tcl (RunTclFile)" time="0.022" />
  <testcase classname="ptolemy.util.test.junit.TclTests" name="[8] /home/travis/build/icyphy/ptII/ptolemy/actor/lib/test/DB.tcl (RunTclFile)" time="0.022" />
  <testcase classname="ptolemy.util.test.junit.TclTests" name="[9] /home/travis/build/icyphy/ptII/ptolemy/actor/lib/test/DiscreteRandomSource.tcl (RunTclFile)" time="0.029" />
  <testcase classname="ptolemy.util.test.junit.TclTests" name="[10] /home/travis/build/icyphy/ptII/ptolemy/actor/lib/test/Distributor.tcl (RunTclFile)" time="0.072" />
  <testcase classname="ptolemy.util.test.junit.TclTests" name="[11] /home/travis/build/icyphy/ptII/ptolemy/actor/lib/test/Exit.tcl (RunTclFile)" time="0.081" />
  <testcase classname="ptolemy.util.test.junit.TclTests" name="[12] /home/travis/build/icyphy/ptII/ptolemy/actor/lib/test/Expression.tcl (RunTclFile)" time="0.119" />
  <testcase classname="ptolemy.util.test.junit.TclTests" name="[13] /home/travis/build/icyphy/ptII/ptolemy/actor/lib/test/Gaussian.tcl (RunTclFile)" time="0.847" />
  <testcase classname="ptolemy.util.test.junit.TclTests" name="[14] /home/travis/build/icyphy/ptII/ptolemy/actor/lib/test/IIR.tcl (RunTclFile)" time="0.049" />
  <testcase classname="ptolemy.util.test.junit.TclTests" name="[15] /home/travis/build/icyphy/ptII/ptolemy/actor/lib/test/Interpolator.tcl (RunTclFile)" time="0.064" />
  <testcase classname="ptolemy.util.test.junit.TclTests" name="[16] /home/travis/build/icyphy/ptII/ptolemy/actor/lib/test/MathFunction.tcl (RunTclFile)" time="0.053" />
  <testcase classname="ptolemy.util.test.junit.TclTests" name="[17] /home/travis/build/icyphy/ptII/ptolemy/actor/lib/test/Maximum.tcl (RunTclFile)" time="0.059" />
  <testcase classname="ptolemy.util.test.junit.TclTests" name="[18] /home/travis/build/icyphy/ptII/ptolemy/actor/lib/test/Minimum.tcl (RunTclFile)" time="0.042" />
  <testcase classname="ptolemy.util.test.junit.TclTests" name="[19] /home/travis/build/icyphy/ptII/ptolemy/actor/lib/test/MultiplyDivide.tcl (RunTclFile)" time="0.057" />
  <testcase classname="ptolemy.util.test.junit.TclTests" name="[20] /home/travis/build/icyphy/ptII/ptolemy/actor/lib/test/OrderedMerge.tcl (RunTclFile)" time="0.152" />
  <testcase classname="ptolemy.util.test.junit.TclTests" name="[21] /home/travis/build/icyphy/ptII/ptolemy/actor/lib/test/Publisher.tcl (RunTclFile)" time="1.053" />
  <testcase classname="ptolemy.util.test.junit.TclTests" name="[22] /home/travis/build/icyphy/ptII/ptolemy/actor/lib/test/Pulse.tcl (RunTclFile)" time="0.078" />
  <testcase classname="ptolemy.util.test.junit.TclTests" name="[23] /home/travis/build/icyphy/ptII/ptolemy/actor/lib/test/Ramp.tcl (RunTclFile)" time="2.283" />
  <testcase classname="ptolemy.util.test.junit.TclTests" name="[24] /home/travis/build/icyphy/ptII/ptolemy/actor/lib/test/RampContinuous.tcl (RunTclFile)" time="0.018" />
  <testcase classname="ptolemy.util.test.junit.TclTests" name="[25] /home/travis/build/icyphy/ptII/ptolemy/actor/lib/test/RecordAssembler.tcl (RunTclFile)" time="0.017" />
  <testcase classname="ptolemy.util.test.junit.TclTests" name="[26] /home/travis/build/icyphy/ptII/ptolemy/actor/lib/test/RecordDisassembler.tcl (RunTclFile)" time="0.022" />
  <testcase classname="ptolemy.util.test.junit.TclTests" name="[27] /home/travis/build/icyphy/ptII/ptolemy/actor/lib/test/Scale.tcl (RunTclFile)" time="0.019" />
  <testcase classname="ptolemy.util.test.junit.TclTests" name="[28] /home/travis/build/icyphy/ptII/ptolemy/actor/lib/test/SequentialClock.tcl (RunTclFile)" time="0.014" />
  <testcase classname="ptolemy.util.test.junit.TclTests" name="[29] /home/travis/build/icyphy/ptII/ptolemy/actor/lib/test/SetVariable.tcl (RunTclFile)" time="0.019">
    <failure message="Number of failed tests is has increased. expected:&lt;1&gt; but was:&lt;2&gt;" type="junit.framework.AssertionFailedError">junit.framework.AssertionFailedError: Number of failed tests is has increased. expected:&lt;1&gt; but was:&lt;2&gt;
	at ptolemy.util.test.junit.TclTests.RunTclFile(TclTests.java:286)
	at jdk.internal.reflect.GeneratedMethodAccessor19.invoke(Unknown Source)
	at java.base/jdk.internal.reflect.DelegatingMethodAccessorImpl.invoke(DelegatingMethodAccessorImpl.java:43)
	at junitparams.internal.InvokeParameterisedMethod.evaluate(InvokeParameterisedMethod.java:102)
	at junitparams.internal.ParameterisedTestMethodRunner.runMethodInvoker(ParameterisedTestMethodRunner.java:47)
	at junitparams.internal.ParameterisedTestMethodRunner.runTestMethod(ParameterisedTestMethodRunner.java:41)
	at junitparams.internal.ParameterisedTestClassRunner.runParameterisedTest(ParameterisedTestClassRunner.java:143)
	at junitparams.JUnitParamsRunner.runChild(JUnitParamsRunner.java:237)
	at junitparams.JUnitParamsRunner.runChild(JUnitParamsRunner.java:215)
</failure>
  </testcase>
  <testcase classname="ptolemy.util.test.junit.TclTests" name="[30] /home/travis/build/icyphy/ptII/ptolemy/actor/lib/test/Sinewave.tcl (RunTclFile)" time="0.028" />
  <testcase classname="ptolemy.util.test.junit.TclTests" name="[31] /home/travis/build/icyphy/ptII/ptolemy/actor/lib/test/SubscriptionAggregator.tcl (RunTclFile)" time="2.452" />
  <testcase classname="ptolemy.util.test.junit.TclTests" name="[32] /home/travis/build/icyphy/ptII/ptolemy/actor/lib/test/Test.tcl (RunTclFile)" time="0.125" />
  <testcase classname="ptolemy.util.test.junit.TclTests" name="[33] /home/travis/build/icyphy/ptII/ptolemy/actor/lib/test/TestExceptionHandler.tcl (RunTclFile)" time="0.014" />
  <testcase classname="ptolemy.util.test.junit.TclTests" name="[34] /home/travis/build/icyphy/ptII/ptolemy/actor/lib/test/UnionDisassembler.tcl (RunTclFile)" time="0.082" />
  <testcase classname="ptolemy.util.test.junit.TclTests" name="[35] /home/travis/build/icyphy/ptII/ptolemy/actor/lib/test/VariableClock.tcl (RunTclFile)" time="0.03" />
  <testcase classname="ptolemy.util.test.junit.AutoKnownFailedTests" name="[0] /home/travis/build/icyphy/ptII/ptolemy/actor/lib/test/auto/knownFailedTests/PublisherPortToplevelSubscriber.xml (RunModel)" time="0.036" />
  <testcase classname="ptolemy.util.test.junit.AutoKnownFailedTests" name="[1] /home/travis/build/icyphy/ptII/ptolemy/actor/lib/test/auto/knownFailedTests/PublisherSubscriberPortToplevel.xml (RunModel)" time="0.029" />
  <testcase classname="ptolemy.util.test.junit.AutoKnownFailedTests" name="[2] /home/travis/build/icyphy/ptII/ptolemy/actor/lib/test/auto/knownFailedTests/PublisherSubscriptionAggregatorPort.xml (RunModel)" time="0.022" />
  <testcase classname="ptolemy.util.test.junit.AutoKnownFailedTests" name="[3] /home/travis/build/icyphy/ptII/ptolemy/actor/lib/test/auto/knownFailedTests/sizedarray3.xml (RunModel)" time="0.034" />
  <testcase classname="ptolemy.util.test.junit.AutoNameArchTests" name="[0] ThereAreNoAutoArchTests (RunModel)" time="0.002" />
  <testcase classname="ptolemy.util.test.junit.AutoTests" name="[0] /home/travis/build/icyphy/ptII/ptolemy/actor/lib/test/auto/AbsoluteValue.xml (RunModel)" time="0.109" />
  <testcase classname="ptolemy.util.test.junit.AutoTests" name="[1] /home/travis/build/icyphy/ptII/ptolemy/actor/lib/test/auto/AbsoluteValue2.xml (RunModel)" time="0.06" />
  <testcase classname="ptolemy.util.test.junit.AutoTests" name="[2] /home/travis/build/icyphy/ptII/ptolemy/actor/lib/test/auto/Accumulator.xml (RunModel)" time="0.03" />
  <testcase classname="ptolemy.util.test.junit.AutoTests" name="[3] /home/travis/build/icyphy/ptII/ptolemy/actor/lib/test/auto/Accumulator2.xml (RunModel)" time="0.019" />
  <testcase classname="ptolemy.util.test.junit.AutoTests" name="[4] /home/travis/build/icyphy/ptII/ptolemy/actor/lib/test/auto/Accumulator3.xml (RunModel)" time="0.015" />
  <testcase classname="ptolemy.util.test.junit.AutoTests" name="[5] /home/travis/build/icyphy/ptII/ptolemy/actor/lib/test/auto/ArrayAppend.xml (RunModel)" time="0.037" />
  <testcase classname="ptolemy.util.test.junit.AutoTests" name="[6] /home/travis/build/icyphy/ptII/ptolemy/actor/lib/test/auto/ArrayAppend2.xml (RunModel)" time="0.519" />
  <testcase classname="ptolemy.util.test.junit.AutoTests" name="[7] /home/travis/build/icyphy/ptII/ptolemy/actor/lib/test/auto/ArrayAppend3.xml (RunModel)" time="0.047" />
  <testcase classname="ptolemy.util.test.junit.AutoTests" name="[8] /home/travis/build/icyphy/ptII/ptolemy/actor/lib/test/auto/ArrayAppend4.xml (RunModel)" time="0.025" />
  <testcase classname="ptolemy.util.test.junit.AutoTests" name="[9] /home/travis/build/icyphy/ptII/ptolemy/actor/lib/test/auto/ArrayAppend5.xml (RunModel)" time="0.021" />
  <testcase classname="ptolemy.util.test.junit.AutoTests" name="[10] /home/travis/build/icyphy/ptII/ptolemy/actor/lib/test/auto/ArrayAppend6.xml (RunModel)" time="0.029" />
  <testcase classname="ptolemy.util.test.junit.AutoTests" name="[11] /home/travis/build/icyphy/ptII/ptolemy/actor/lib/test/auto/ArrayAppendPerformanceTest.xml (RunModel)" time="0.081" />
  <testcase classname="ptolemy.util.test.junit.AutoTests" name="[12] /home/travis/build/icyphy/ptII/ptolemy/actor/lib/test/auto/ArrayAppendWithEmptyInput.xml (RunModel)" time="0.068" />
  <testcase classname="ptolemy.util.test.junit.AutoTests" name="[13] /home/travis/build/icyphy/ptII/ptolemy/actor/lib/test/auto/ArrayAverage.xml (RunModel)" time="0.046" />
  <testcase classname="ptolemy.util.test.junit.AutoTests" name="[14] /home/travis/build/icyphy/ptII/ptolemy/actor/lib/test/auto/ArrayContains.xml (RunModel)" time="0.036" />
  <testcase classname="ptolemy.util.test.junit.AutoTests" name="[15] /home/travis/build/icyphy/ptII/ptolemy/actor/lib/test/auto/ArrayElement.xml (RunModel)" time="0.029" />
  <testcase classname="ptolemy.util.test.junit.AutoTests" name="[16] /home/travis/build/icyphy/ptII/ptolemy/actor/lib/test/auto/ArrayElementAsMatrix.xml (RunModel)" time="0.067" />
  <testcase classname="ptolemy.util.test.junit.AutoTests" name="[17] /home/travis/build/icyphy/ptII/ptolemy/actor/lib/test/auto/ArrayElementI.xml (RunModel)" time="0.028" />
  <testcase classname="ptolemy.util.test.junit.AutoTests" name="[18] /home/travis/build/icyphy/ptII/ptolemy/actor/lib/test/auto/ArrayExtract.xml (RunModel)" time="0.042" />
  <testcase classname="ptolemy.util.test.junit.AutoTests" name="[19] /home/travis/build/icyphy/ptII/ptolemy/actor/lib/test/auto/ArrayExtract2.xml (RunModel)" time="0.019" />
  <testcase classname="ptolemy.util.test.junit.AutoTests" name="[20] /home/travis/build/icyphy/ptII/ptolemy/actor/lib/test/auto/ArrayLength.xml (RunModel)" time="0.027" />
  <testcase classname="ptolemy.util.test.junit.AutoTests" name="[21] /home/travis/build/icyphy/ptII/ptolemy/actor/lib/test/auto/ArrayLevelCrossing.xml (RunModel)" time="0.029" />
  <testcase classname="ptolemy.util.test.junit.AutoTests" name="[22] /home/travis/build/icyphy/ptII/ptolemy/actor/lib/test/auto/ArrayLevelCrossing2.xml (RunModel)" time="0.113" />
  <testcase classname="ptolemy.util.test.junit.AutoTests" name="[23] /home/travis/build/icyphy/ptII/ptolemy/actor/lib/test/auto/ArrayPeakSearch.xml (RunModel)" time="0.047" />
  <testcase classname="ptolemy.util.test.junit.AutoTests" name="[24] /home/travis/build/icyphy/ptII/ptolemy/actor/lib/test/auto/ArrayPeakSearch2.xml (RunModel)" time="0.055" />
  <testcase classname="ptolemy.util.test.junit.AutoTests" name="[25] /home/travis/build/icyphy/ptII/ptolemy/actor/lib/test/auto/ArrayPeakSearch3.xml (RunModel)" time="0.044" />
  <testcase classname="ptolemy.util.test.junit.AutoTests" name="[26] /home/travis/build/icyphy/ptII/ptolemy/actor/lib/test/auto/ArrayRemoveElement.xml (RunModel)" time="0.039" />
  <testcase classname="ptolemy.util.test.junit.AutoTests" name="[27] /home/travis/build/icyphy/ptII/ptolemy/actor/lib/test/auto/ArraySort.xml (RunModel)" time="0.039" />
  <testcase classname="ptolemy.util.test.junit.AutoTests" name="[28] /home/travis/build/icyphy/ptII/ptolemy/actor/lib/test/auto/ArraySum.xml (RunModel)" time="0.022" />
  <testcase classname="ptolemy.util.test.junit.AutoTests" name="[29] /home/travis/build/icyphy/ptII/ptolemy/actor/lib/test/auto/ArrayToElements.xml (RunModel)" time="0.043" />
  <testcase classname="ptolemy.util.test.junit.AutoTests" name="[30] /home/travis/build/icyphy/ptII/ptolemy/actor/lib/test/auto/ArrayToMatrix.xml (RunModel)" time="0.066" />
  <testcase classname="ptolemy.util.test.junit.AutoTests" name="[31] /home/travis/build/icyphy/ptII/ptolemy/actor/lib/test/auto/ArrayUpdate1.xml (RunModel)" time="0.021" />
  <testcase classname="ptolemy.util.test.junit.AutoTests" name="[32] /home/travis/build/icyphy/ptII/ptolemy/actor/lib/test/auto/ArrayUpdate2.xml (RunModel)" time="0.032" />
  <testcase classname="ptolemy.util.test.junit.AutoTests" name="[33] /home/travis/build/icyphy/ptII/ptolemy/actor/lib/test/auto/ArrayUpdate3.xml (RunModel)" time="0.021" />
  <testcase classname="ptolemy.util.test.junit.AutoTests" name="[34] /home/travis/build/icyphy/ptII/ptolemy/actor/lib/test/auto/Assert1.xml (RunModel)" time="0.032" />
  <testcase classname="ptolemy.util.test.junit.AutoTests" name="[35] /home/travis/build/icyphy/ptII/ptolemy/actor/lib/test/auto/Assert2.xml (RunModel)" time="0.029" />
  <testcase classname="ptolemy.util.test.junit.AutoTests" name="[36] /home/travis/build/icyphy/ptII/ptolemy/actor/lib/test/auto/BooleanMultiplexor.xml (RunModel)" time="0.025" />
  <testcase classname="ptolemy.util.test.junit.AutoTests" name="[37] /home/travis/build/icyphy/ptII/ptolemy/actor/lib/test/auto/BooleanMultiplexor2.xml (RunModel)" time="0.019" />
  <testcase classname="ptolemy.util.test.junit.AutoTests" name="[38] /home/travis/build/icyphy/ptII/ptolemy/actor/lib/test/auto/BooleanMultiplexor3.xml (RunModel)" time="0.033" />
  <testcase classname="ptolemy.util.test.junit.AutoTests" name="[39] /home/travis/build/icyphy/ptII/ptolemy/actor/lib/test/auto/BooleanSelect.xml (RunModel)" time="0.024" />
  <testcase classname="ptolemy.util.test.junit.AutoTests" name="[40] /home/travis/build/icyphy/ptII/ptolemy/actor/lib/test/auto/BooleanSelect2.xml (RunModel)" time="0.017" />
  <testcase classname="ptolemy.util.test.junit.AutoTests" name="[41] /home/travis/build/icyphy/ptII/ptolemy/actor/lib/test/auto/BooleanSwitch.xml (RunModel)" time="0.023" />
  <testcase classname="ptolemy.util.test.junit.AutoTests" name="[42] /home/travis/build/icyphy/ptII/ptolemy/actor/lib/test/auto/BooleanSwitch2.xml (RunModel)" time="0.015" />
  <testcase classname="ptolemy.util.test.junit.AutoTests" name="[43] /home/travis/build/icyphy/ptII/ptolemy/actor/lib/test/auto/BooleanSwitchCloningBugWithClassRelationGroup.xml (RunModel)" time="0.041" />
  <testcase classname="ptolemy.util.test.junit.AutoTests" name="[44] /home/travis/build/icyphy/ptII/ptolemy/actor/lib/test/auto/BusActors.xml (RunModel)" time="0.046" />
  <testcase classname="ptolemy.util.test.junit.AutoTests" name="[45] /home/travis/build/icyphy/ptII/ptolemy/actor/lib/test/auto/ClassWrapper.xml (RunModel)" time="0.026" />
  <testcase classname="ptolemy.util.test.junit.AutoTests" name="[46] /home/travis/build/icyphy/ptII/ptolemy/actor/lib/test/auto/Clock.xml (RunModel)" time="0.012" />
  <testcase classname="ptolemy.util.test.junit.AutoTests" name="[47] /home/travis/build/icyphy/ptII/ptolemy/actor/lib/test/auto/Clock10.xml (RunModel)" time="0.025" />
  <testcase classname="ptolemy.util.test.junit.AutoTests" name="[48] /home/travis/build/icyphy/ptII/ptolemy/actor/lib/test/auto/Clock11.xml (RunModel)" time="0.02" />
  <testcase classname="ptolemy.util.test.junit.AutoTests" name="[49] /home/travis/build/icyphy/ptII/ptolemy/actor/lib/test/auto/Clock12.xml (RunModel)" time="0.025" />
  <testcase classname="ptolemy.util.test.junit.AutoTests" name="[50] /home/travis/build/icyphy/ptII/ptolemy/actor/lib/test/auto/Clock13.xml (RunModel)" time="0.019" />
  <testcase classname="ptolemy.util.test.junit.AutoTests" name="[51] /home/travis/build/icyphy/ptII/ptolemy/actor/lib/test/auto/Clock14.xml (RunModel)" time="0.02" />
  <testcase classname="ptolemy.util.test.junit.AutoTests" name="[52] /home/travis/build/icyphy/ptII/ptolemy/actor/lib/test/auto/Clock15.xml (RunModel)" time="0.016" />
  <testcase classname="ptolemy.util.test.junit.AutoTests" name="[53] /home/travis/build/icyphy/ptII/ptolemy/actor/lib/test/auto/Clock16.xml (RunModel)" time="0.133" />
  <testcase classname="ptolemy.util.test.junit.AutoTests" name="[54] /home/travis/build/icyphy/ptII/ptolemy/actor/lib/test/auto/Clock17.xml (RunModel)" time="0.046" />
  <testcase classname="ptolemy.util.test.junit.AutoTests" name="[55] /home/travis/build/icyphy/ptII/ptolemy/actor/lib/test/auto/Clock18.xml (RunModel)" time="0.119" />
  <testcase classname="ptolemy.util.test.junit.AutoTests" name="[56] /home/travis/build/icyphy/ptII/ptolemy/actor/lib/test/auto/Clock19.xml (RunModel)" time="0.038" />
  <testcase classname="ptolemy.util.test.junit.AutoTests" name="[57] /home/travis/build/icyphy/ptII/ptolemy/actor/lib/test/auto/Clock2.xml (RunModel)" time="0.012" />
  <testcase classname="ptolemy.util.test.junit.AutoTests" name="[58] /home/travis/build/icyphy/ptII/ptolemy/actor/lib/test/auto/Clock20.xml (RunModel)" time="0.018" />
  <testcase classname="ptolemy.util.test.junit.AutoTests" name="[59] /home/travis/build/icyphy/ptII/ptolemy/actor/lib/test/auto/Clock21.xml (RunModel)" time="0.015" />
  <testcase classname="ptolemy.util.test.junit.AutoTests" name="[60] /home/travis/build/icyphy/ptII/ptolemy/actor/lib/test/auto/Clock22.xml (RunModel)" time="0.017" />
  <testcase classname="ptolemy.util.test.junit.AutoTests" name="[61] /home/travis/build/icyphy/ptII/ptolemy/actor/lib/test/auto/Clock23.xml (RunModel)" time="0.013" />
  <testcase classname="ptolemy.util.test.junit.AutoTests" name="[62] /home/travis/build/icyphy/ptII/ptolemy/actor/lib/test/auto/Clock24.xml (RunModel)" time="0.012" />
  <testcase classname="ptolemy.util.test.junit.AutoTests" name="[63] /home/travis/build/icyphy/ptII/ptolemy/actor/lib/test/auto/Clock4.xml (RunModel)" time="0.015" />
  <testcase classname="ptolemy.util.test.junit.AutoTests" name="[64] /home/travis/build/icyphy/ptII/ptolemy/actor/lib/test/auto/Clock5.xml (RunModel)" time="0.018" />
  <testcase classname="ptolemy.util.test.junit.AutoTests" name="[65] /home/travis/build/icyphy/ptII/ptolemy/actor/lib/test/auto/Clock6.xml (RunModel)" time="0.01" />
  <testcase classname="ptolemy.util.test.junit.AutoTests" name="[66] /home/travis/build/icyphy/ptII/ptolemy/actor/lib/test/auto/Clock7.xml (RunModel)" time="0.012" />
  <testcase classname="ptolemy.util.test.junit.AutoTests" name="[67] /home/travis/build/icyphy/ptII/ptolemy/actor/lib/test/auto/Clock8.xml (RunModel)" time="0.013" />
  <testcase classname="ptolemy.util.test.junit.AutoTests" name="[68] /home/travis/build/icyphy/ptII/ptolemy/actor/lib/test/auto/Clock9.xml (RunModel)" time="0.017" />
  <testcase classname="ptolemy.util.test.junit.AutoTests" name="[69] /home/travis/build/icyphy/ptII/ptolemy/actor/lib/test/auto/CommDistDiscard.xml (RunModel)" time="0.026" />
  <testcase classname="ptolemy.util.test.junit.AutoTests" name="[70] /home/travis/build/icyphy/ptII/ptolemy/actor/lib/test/auto/Commutator.xml (RunModel)" time="0.018" />
  <testcase classname="ptolemy.util.test.junit.AutoTests" name="[71] /home/travis/build/icyphy/ptII/ptolemy/actor/lib/test/auto/Commutator2.xml (RunModel)" time="0.011" />
  <testcase classname="ptolemy.util.test.junit.AutoTests" name="[72] /home/travis/build/icyphy/ptII/ptolemy/actor/lib/test/auto/Commutator3.xml (RunModel)" time="0.015" />
  <testcase classname="ptolemy.util.test.junit.AutoTests" name="[73] /home/travis/build/icyphy/ptII/ptolemy/actor/lib/test/auto/Compare.xml (RunModel)" time="0.022" />
  <testcase classname="ptolemy.util.test.junit.AutoTests" name="[74] /home/travis/build/icyphy/ptII/ptolemy/actor/lib/test/auto/CompareDE.xml (RunModel)" time="0.02" />
  <testcase classname="ptolemy.util.test.junit.AutoTests" name="[75] /home/travis/build/icyphy/ptII/ptolemy/actor/lib/test/auto/ComplexDivide.xml (RunModel)" time="0.011" />
  <testcase classname="ptolemy.util.test.junit.AutoTests" name="[76] /home/travis/build/icyphy/ptII/ptolemy/actor/lib/test/auto/ComputeHistogram.xml (RunModel)" time="0.081" />
  <testcase classname="ptolemy.util.test.junit.AutoTests" name="[77] /home/travis/build/icyphy/ptII/ptolemy/actor/lib/test/auto/ConfigurationSelect.xml (RunModel)" time="0.022" />
  <testcase classname="ptolemy.util.test.junit.AutoTests" name="[78] /home/travis/build/icyphy/ptII/ptolemy/actor/lib/test/auto/ConfigurationSelect2.xml (RunModel)" time="0.013" />
  <testcase classname="ptolemy.util.test.junit.AutoTests" name="[79] /home/travis/build/icyphy/ptII/ptolemy/actor/lib/test/auto/ConfigurationSwitch.xml (RunModel)" time="0.023" />
  <testcase classname="ptolemy.util.test.junit.AutoTests" name="[80] /home/travis/build/icyphy/ptII/ptolemy/actor/lib/test/auto/ConfigurationSwitch2.xml (RunModel)" time="0.025" />
  <testcase classname="ptolemy.util.test.junit.AutoTests" name="[81] /home/travis/build/icyphy/ptII/ptolemy/actor/lib/test/auto/ConfigurationSwitchCloningBugWithClassRelationGroup.xml (RunModel)" time="0.023" />
  <testcase classname="ptolemy.util.test.junit.AutoTests" name="[82] /home/travis/build/icyphy/ptII/ptolemy/actor/lib/test/auto/ConfigurationSwitchSelectSDF.xml (RunModel)" time="0.022" />
  <testcase classname="ptolemy.util.test.junit.AutoTests" name="[83] /home/travis/build/icyphy/ptII/ptolemy/actor/lib/test/auto/ConfigurationSwitchSelectSDF2.xml (RunModel)" time="0.02" />
  <testcase classname="ptolemy.util.test.junit.AutoTests" name="[84] /home/travis/build/icyphy/ptII/ptolemy/actor/lib/test/auto/Const.xml (RunModel)" time="0.008" />
  <testcase classname="ptolemy.util.test.junit.AutoTests" name="[85] /home/travis/build/icyphy/ptII/ptolemy/actor/lib/test/auto/Const2.xml (RunModel)" time="0.01" />
  <testcase classname="ptolemy.util.test.junit.AutoTests" name="[86] /home/travis/build/icyphy/ptII/ptolemy/actor/lib/test/auto/Const3.xml (RunModel)" time="0.007" />
  <testcase classname="ptolemy.util.test.junit.AutoTests" name="[87] /home/travis/build/icyphy/ptII/ptolemy/actor/lib/test/auto/ConstantPublisherPort1.xml (RunModel)" time="0.024" />
  <testcase classname="ptolemy.util.test.junit.AutoTests" name="[88] /home/travis/build/icyphy/ptII/ptolemy/actor/lib/test/auto/ConstantPublisherPort2.xml (RunModel)" time="0.031" />
  <testcase classname="ptolemy.util.test.junit.AutoTests" name="[89] /home/travis/build/icyphy/ptII/ptolemy/actor/lib/test/auto/ConstantPublisherPort3.xml (RunModel)" time="0.02" />
  <testcase classname="ptolemy.util.test.junit.AutoTests" name="[90] /home/travis/build/icyphy/ptII/ptolemy/actor/lib/test/auto/ConstantPublisherPort4.xml (RunModel)" time="0.016" />
  <testcase classname="ptolemy.util.test.junit.AutoTests" name="[91] /home/travis/build/icyphy/ptII/ptolemy/actor/lib/test/auto/ConstantPublisherPort5.xml (RunModel)" time="0.045" />
  <testcase classname="ptolemy.util.test.junit.AutoTests" name="[92] /home/travis/build/icyphy/ptII/ptolemy/actor/lib/test/auto/ConstantPublisherPort6.xml (RunModel)" time="0.038" />
  <testcase classname="ptolemy.util.test.junit.AutoTests" name="[93] /home/travis/build/icyphy/ptII/ptolemy/actor/lib/test/auto/ConstantPublisherPort7.xml (RunModel)" time="0.044" />
  <testcase classname="ptolemy.util.test.junit.AutoTests" name="[94] /home/travis/build/icyphy/ptII/ptolemy/actor/lib/test/auto/ConstraintMonitor1.xml (RunModel)" time="0.041" />
  <testcase classname="ptolemy.util.test.junit.AutoTests" name="[95] /home/travis/build/icyphy/ptII/ptolemy/actor/lib/test/auto/ConstraintMonitor2.xml (RunModel)" time="0.013" />
  <testcase classname="ptolemy.util.test.junit.AutoTests" name="[96] /home/travis/build/icyphy/ptII/ptolemy/actor/lib/test/auto/ConstraintMonitor3.xml (RunModel)" time="0.014" />
  <testcase classname="ptolemy.util.test.junit.AutoTests" name="[97] /home/travis/build/icyphy/ptII/ptolemy/actor/lib/test/auto/ConstraintMonitor4.xml (RunModel)" time="0.019" />
  <testcase classname="ptolemy.util.test.junit.AutoTests" name="[98] /home/travis/build/icyphy/ptII/ptolemy/actor/lib/test/auto/ConstraintMonitor5.xml (RunModel)" time="0.014" />
  <testcase classname="ptolemy.util.test.junit.AutoTests" name="[99] /home/travis/build/icyphy/ptII/ptolemy/actor/lib/test/auto/ConstraintMonitor6.xml (RunModel)" time="0.02" />
  <testcase classname="ptolemy.util.test.junit.AutoTests" name="[100] /home/travis/build/icyphy/ptII/ptolemy/actor/lib/test/auto/ConstraintMonitor7.xml (RunModel)" time="0.03" />
  <testcase classname="ptolemy.util.test.junit.AutoTests" name="[101] /home/travis/build/icyphy/ptII/ptolemy/actor/lib/test/auto/ConstraintMonitor8.xml (RunModel)" time="0.027" />
  <testcase classname="ptolemy.util.test.junit.AutoTests" name="[102] /home/travis/build/icyphy/ptII/ptolemy/actor/lib/test/auto/Counter.xml (RunModel)" time="0.013" />
  <testcase classname="ptolemy.util.test.junit.AutoTests" name="[103] /home/travis/build/icyphy/ptII/ptolemy/actor/lib/test/auto/CurrentTimeSDF.xml (RunModel)" time="0.009" />
  <testcase classname="ptolemy.util.test.junit.AutoTests" name="[104] /home/travis/build/icyphy/ptII/ptolemy/actor/lib/test/auto/DB.xml (RunModel)" time="0.076" />
  <testcase classname="ptolemy.util.test.junit.AutoTests" name="[105] /home/travis/build/icyphy/ptII/ptolemy/actor/lib/test/auto/DBDE.xml (RunModel)" time="0.016" />
  <testcase classname="ptolemy.util.test.junit.AutoTests" name="[106] /home/travis/build/icyphy/ptII/ptolemy/actor/lib/test/auto/DateConstructor.xml (RunModel)" time="0.07" />
  <testcase classname="ptolemy.util.test.junit.AutoTests" name="[107] /home/travis/build/icyphy/ptII/ptolemy/actor/lib/test/auto/DelayTime.xml (RunModel)" time="0.022" />
  <testcase classname="ptolemy.util.test.junit.AutoTests" name="[108] /home/travis/build/icyphy/ptII/ptolemy/actor/lib/test/auto/Dictionary1.xml (RunModel)" time="0.016" />
  <testcase classname="ptolemy.util.test.junit.AutoTests" name="[109] /home/travis/build/icyphy/ptII/ptolemy/actor/lib/test/auto/Dictionary2.xml (RunModel)" time="0.022" />
  <testcase classname="ptolemy.util.test.junit.AutoTests" name="[110] /home/travis/build/icyphy/ptII/ptolemy/actor/lib/test/auto/Dictionary3.xml (RunModel)" time="0.014" />
  <testcase classname="ptolemy.util.test.junit.AutoTests" name="[111] /home/travis/build/icyphy/ptII/ptolemy/actor/lib/test/auto/Dictionary4.xml (RunModel)" time="0.016" />
  <testcase classname="ptolemy.util.test.junit.AutoTests" name="[112] /home/travis/build/icyphy/ptII/ptolemy/actor/lib/test/auto/Differential.xml (RunModel)" time="0.012" />
  <testcase classname="ptolemy.util.test.junit.AutoTests" name="[113] /home/travis/build/icyphy/ptII/ptolemy/actor/lib/test/auto/Director.xml (RunModel)" time="0.016" />
  <testcase classname="ptolemy.util.test.junit.AutoTests" name="[114] /home/travis/build/icyphy/ptII/ptolemy/actor/lib/test/auto/DiscreteClock.xml (RunModel)" time="0.008" />
  <testcase classname="ptolemy.util.test.junit.AutoTests" name="[115] /home/travis/build/icyphy/ptII/ptolemy/actor/lib/test/auto/DiscreteClock10.xml (RunModel)" time="0.014" />
  <testcase classname="ptolemy.util.test.junit.AutoTests" name="[116] /home/travis/build/icyphy/ptII/ptolemy/actor/lib/test/auto/DiscreteClock11.xml (RunModel)" time="0.012" />
  <testcase classname="ptolemy.util.test.junit.AutoTests" name="[117] /home/travis/build/icyphy/ptII/ptolemy/actor/lib/test/auto/DiscreteClock12.xml (RunModel)" time="0.016" />
  <testcase classname="ptolemy.util.test.junit.AutoTests" name="[118] /home/travis/build/icyphy/ptII/ptolemy/actor/lib/test/auto/DiscreteClock13.xml (RunModel)" time="0.018" />
  <testcase classname="ptolemy.util.test.junit.AutoTests" name="[119] /home/travis/build/icyphy/ptII/ptolemy/actor/lib/test/auto/DiscreteClock14.xml (RunModel)" time="0.015" />
  <testcase classname="ptolemy.util.test.junit.AutoTests" name="[120] /home/travis/build/icyphy/ptII/ptolemy/actor/lib/test/auto/DiscreteClock15.xml (RunModel)" time="0.015" />
  <testcase classname="ptolemy.util.test.junit.AutoTests" name="[121] /home/travis/build/icyphy/ptII/ptolemy/actor/lib/test/auto/DiscreteClock16.xml (RunModel)" time="0.038" />
  <testcase classname="ptolemy.util.test.junit.AutoTests" name="[122] /home/travis/build/icyphy/ptII/ptolemy/actor/lib/test/auto/DiscreteClock17.xml (RunModel)" time="0.04" />
  <testcase classname="ptolemy.util.test.junit.AutoTests" name="[123] /home/travis/build/icyphy/ptII/ptolemy/actor/lib/test/auto/DiscreteClock18.xml (RunModel)" time="0.033" />
  <testcase classname="ptolemy.util.test.junit.AutoTests" name="[124] /home/travis/build/icyphy/ptII/ptolemy/actor/lib/test/auto/DiscreteClock19.xml (RunModel)" time="0.036" />
  <testcase classname="ptolemy.util.test.junit.AutoTests" name="[125] /home/travis/build/icyphy/ptII/ptolemy/actor/lib/test/auto/DiscreteClock2.xml (RunModel)" time="0.012" />
  <testcase classname="ptolemy.util.test.junit.AutoTests" name="[126] /home/travis/build/icyphy/ptII/ptolemy/actor/lib/test/auto/DiscreteClock20.xml (RunModel)" time="0.013" />
  <testcase classname="ptolemy.util.test.junit.AutoTests" name="[127] /home/travis/build/icyphy/ptII/ptolemy/actor/lib/test/auto/DiscreteClock21.xml (RunModel)" time="0.016" />
  <testcase classname="ptolemy.util.test.junit.AutoTests" name="[128] /home/travis/build/icyphy/ptII/ptolemy/actor/lib/test/auto/DiscreteClock22.xml (RunModel)" time="0.011" />
  <testcase classname="ptolemy.util.test.junit.AutoTests" name="[129] /home/travis/build/icyphy/ptII/ptolemy/actor/lib/test/auto/DiscreteClock23.xml (RunModel)" time="0.015" />
  <testcase classname="ptolemy.util.test.junit.AutoTests" name="[130] /home/travis/build/icyphy/ptII/ptolemy/actor/lib/test/auto/DiscreteClock24.xml (RunModel)" time="0.01" />
  <testcase classname="ptolemy.util.test.junit.AutoTests" name="[131] /home/travis/build/icyphy/ptII/ptolemy/actor/lib/test/auto/DiscreteClock4.xml (RunModel)" time="0.014" />
  <testcase classname="ptolemy.util.test.junit.AutoTests" name="[132] /home/travis/build/icyphy/ptII/ptolemy/actor/lib/test/auto/DiscreteClock5.xml (RunModel)" time="0.01" />
  <testcase classname="ptolemy.util.test.junit.AutoTests" name="[133] /home/travis/build/icyphy/ptII/ptolemy/actor/lib/test/auto/DiscreteClock6.xml (RunModel)" time="0.015" />
  <testcase classname="ptolemy.util.test.junit.AutoTests" name="[134] /home/travis/build/icyphy/ptII/ptolemy/actor/lib/test/auto/DiscreteClock7.xml (RunModel)" time="0.012" />
  <testcase classname="ptolemy.util.test.junit.AutoTests" name="[135] /home/travis/build/icyphy/ptII/ptolemy/actor/lib/test/auto/DiscreteClock8.xml (RunModel)" time="0.026" />
  <testcase classname="ptolemy.util.test.junit.AutoTests" name="[136] /home/travis/build/icyphy/ptII/ptolemy/actor/lib/test/auto/DiscreteClock9.xml (RunModel)" time="0.014" />
  <testcase classname="ptolemy.util.test.junit.AutoTests" name="[137] /home/travis/build/icyphy/ptII/ptolemy/actor/lib/test/auto/DisplayArray.xml (RunModel)" time="0.01" />
  <testcase classname="ptolemy.util.test.junit.AutoTests" name="[138] /home/travis/build/icyphy/ptII/ptolemy/actor/lib/test/auto/Distributor.xml (RunModel)" time="0.01" />
  <testcase classname="ptolemy.util.test.junit.AutoTests" name="[139] /home/travis/build/icyphy/ptII/ptolemy/actor/lib/test/auto/Distributor2.xml (RunModel)" time="0.013" />
  <testcase classname="ptolemy.util.test.junit.AutoTests" name="[140] /home/travis/build/icyphy/ptII/ptolemy/actor/lib/test/auto/DownSample.xml (RunModel)" time="0.012" />
  <testcase classname="ptolemy.util.test.junit.AutoTests" name="[141] /home/travis/build/icyphy/ptII/ptolemy/actor/lib/test/auto/ElectronicUnitBase1.xml (RunModel)" time="0.074" />
  <testcase classname="ptolemy.util.test.junit.AutoTests" name="[142] /home/travis/build/icyphy/ptII/ptolemy/actor/lib/test/auto/ElementsToArray.xml (RunModel)" time="0.011" />
  <testcase classname="ptolemy.util.test.junit.AutoTests" name="[143] /home/travis/build/icyphy/ptII/ptolemy/actor/lib/test/auto/Equals.xml (RunModel)" time="0.016" />
  <testcase classname="ptolemy.util.test.junit.AutoTests" name="[144] /home/travis/build/icyphy/ptII/ptolemy/actor/lib/test/auto/Exec.xml (RunModel)" time="0.033" />
  <testcase classname="ptolemy.util.test.junit.AutoTests" name="[145] /home/travis/build/icyphy/ptII/ptolemy/actor/lib/test/auto/ExecEnvironment.xml (RunModel)" time="0.046" />
  <testcase classname="ptolemy.util.test.junit.AutoTests" name="[146] /home/travis/build/icyphy/ptII/ptolemy/actor/lib/test/auto/ExecNonZeroReturnOutput.xml (RunModel)" time="0.209" />
  <testcase classname="ptolemy.util.test.junit.AutoTests" name="[147] /home/travis/build/icyphy/ptII/ptolemy/actor/lib/test/auto/ExecRunDemos.xml (RunModel)" time="11.155">
    <error type="java.lang.reflect.InvocationTargetException">java.lang.reflect.InvocationTargetException
	at jdk.internal.reflect.GeneratedConstructorAccessor36.newInstance(Unknown Source)
	at java.base/jdk.internal.reflect.DelegatingConstructorAccessorImpl.newInstance(DelegatingConstructorAccessorImpl.java:45)
	at java.base/java.lang.reflect.Constructor.newInstance(Constructor.java:490)
	at ptolemy.util.test.junit.AutoTests.RunModel(AutoTests.java:193)
	at jdk.internal.reflect.GeneratedMethodAccessor43.invoke(Unknown Source)
	at java.base/jdk.internal.reflect.DelegatingMethodAccessorImpl.invoke(DelegatingMethodAccessorImpl.java:43)
	at junitparams.internal.InvokeParameterisedMethod.evaluate(InvokeParameterisedMethod.java:102)
Caused by: ptolemy.kernel.util.IllegalActionException: Test fails in iteration 0.
Value was: &quot;WARNING: An illegal reflective access operation has occurred\nWARNING: Illegal reflective access by io.netty.util.internal.ReflectionUtil (file:/home/travis/build/icyphy/ptII/lib/netty-common-4.1.19.Final.jar) to constructor java.nio.DirectByteBuffer(long,int)\nWARNING: Please consider reporting this to the maintainers of io.netty.util.internal.ReflectionUtil\nWARNING: Use --illegal-access=warn to enable warnings of further illegal reflective access operations\nWARNING: All illegal access operations will be denied in a future release\n&quot;. Should have been: &quot;&quot;
  in .ExecRunDemos.Test
	at ptolemy.actor.lib.Test.fire(Test.java:268)
	at ptolemy.actor.AtomicActor.iterate(AtomicActor.java:512)
	at ptolemy.actor.sched.StaticSchedulingDirector.fire(StaticSchedulingDirector.java:216)
	at ptolemy.domains.sdf.kernel.SDFDirector.fire(SDFDirector.java:500)
	at ptolemy.actor.CompositeActor.fire(CompositeActor.java:455)
	at ptolemy.actor.Manager.iterate(Manager.java:851)
	at ptolemy.actor.Manager.execute(Manager.java:369)
	at ptolemy.actor.Manager.run(Manager.java:1263)
	at ptolemy.actor.Manager$PtolemyRunThread.run(Manager.java:1915)
</error>
  </testcase>
  <testcase classname="ptolemy.util.test.junit.AutoTests" name="[148] /home/travis/build/icyphy/ptII/ptolemy/actor/lib/test/auto/ExecStop.xml (RunModel)" time="5.042" />
  <testcase classname="ptolemy.util.test.junit.AutoTests" name="[149] /home/travis/build/icyphy/ptII/ptolemy/actor/lib/test/auto/ExecutionTimeSDF.xml (RunModel)" time="6.059" />
  <testcase classname="ptolemy.util.test.junit.AutoTests" name="[150] /home/travis/build/icyphy/ptII/ptolemy/actor/lib/test/auto/Expression1.xml (RunModel)" time="0.017" />
  <testcase classname="ptolemy.util.test.junit.AutoTests" name="[151] /home/travis/build/icyphy/ptII/ptolemy/actor/lib/test/auto/Expression10.xml (RunModel)" time="0.031" />
  <testcase classname="ptolemy.util.test.junit.AutoTests" name="[152] /home/travis/build/icyphy/ptII/ptolemy/actor/lib/test/auto/Expression11.xml (RunModel)" time="0.012" />
  <testcase classname="ptolemy.util.test.junit.AutoTests" name="[153] /home/travis/build/icyphy/ptII/ptolemy/actor/lib/test/auto/Expression12.xml (RunModel)" time="0.017" />
  <testcase classname="ptolemy.util.test.junit.AutoTests" name="[154] /home/travis/build/icyphy/ptII/ptolemy/actor/lib/test/auto/Expression13.xml (RunModel)" time="0.018" />
  <testcase classname="ptolemy.util.test.junit.AutoTests" name="[155] /home/travis/build/icyphy/ptII/ptolemy/actor/lib/test/auto/Expression14.xml (RunModel)" time="0.022" />
  <testcase classname="ptolemy.util.test.junit.AutoTests" name="[156] /home/travis/build/icyphy/ptII/ptolemy/actor/lib/test/auto/Expression15.xml (RunModel)" time="0.009" />
  <testcase classname="ptolemy.util.test.junit.AutoTests" name="[157] /home/travis/build/icyphy/ptII/ptolemy/actor/lib/test/auto/Expression16.xml (RunModel)" time="0.014" />
  <testcase classname="ptolemy.util.test.junit.AutoTests" name="[158] /home/travis/build/icyphy/ptII/ptolemy/actor/lib/test/auto/Expression17.xml (RunModel)" time="0.013" />
  <testcase classname="ptolemy.util.test.junit.AutoTests" name="[159] /home/travis/build/icyphy/ptII/ptolemy/actor/lib/test/auto/Expression18.xml (RunModel)" time="0.013" />
  <testcase classname="ptolemy.util.test.junit.AutoTests" name="[160] /home/travis/build/icyphy/ptII/ptolemy/actor/lib/test/auto/Expression2.xml (RunModel)" time="0.015" />
  <testcase classname="ptolemy.util.test.junit.AutoTests" name="[161] /home/travis/build/icyphy/ptII/ptolemy/actor/lib/test/auto/Expression3.xml (RunModel)" time="0.015" />
  <testcase classname="ptolemy.util.test.junit.AutoTests" name="[162] /home/travis/build/icyphy/ptII/ptolemy/actor/lib/test/auto/Expression4.xml (RunModel)" time="0.023" />
  <testcase classname="ptolemy.util.test.junit.AutoTests" name="[163] /home/travis/build/icyphy/ptII/ptolemy/actor/lib/test/auto/Expression5.xml (RunModel)" time="0.018" />
  <testcase classname="ptolemy.util.test.junit.AutoTests" name="[164] /home/travis/build/icyphy/ptII/ptolemy/actor/lib/test/auto/Expression6.xml (RunModel)" time="0.011" />
  <testcase classname="ptolemy.util.test.junit.AutoTests" name="[165] /home/travis/build/icyphy/ptII/ptolemy/actor/lib/test/auto/Expression7.xml (RunModel)" time="0.016" />
  <testcase classname="ptolemy.util.test.junit.AutoTests" name="[166] /home/travis/build/icyphy/ptII/ptolemy/actor/lib/test/auto/Expression8.xml (RunModel)" time="0.017" />
  <testcase classname="ptolemy.util.test.junit.AutoTests" name="[167] /home/travis/build/icyphy/ptII/ptolemy/actor/lib/test/auto/Expression9.xml (RunModel)" time="0.009" />
  <testcase classname="ptolemy.util.test.junit.AutoTests" name="[168] /home/travis/build/icyphy/ptII/ptolemy/actor/lib/test/auto/ExpressionConcatenateArrayType.xml (RunModel)" time="0.032" />
  <testcase classname="ptolemy.util.test.junit.AutoTests" name="[169] /home/travis/build/icyphy/ptII/ptolemy/actor/lib/test/auto/ExpressionConcatenateArrayType2.xml (RunModel)" time="0.028" />
  <testcase classname="ptolemy.util.test.junit.AutoTests" name="[170] /home/travis/build/icyphy/ptII/ptolemy/actor/lib/test/auto/ExpressionFix.xml (RunModel)" time="0.053" />
  <testcase classname="ptolemy.util.test.junit.AutoTests" name="[171] /home/travis/build/icyphy/ptII/ptolemy/actor/lib/test/auto/ExpressionFix2.xml (RunModel)" time="0.014" />
  <testcase classname="ptolemy.util.test.junit.AutoTests" name="[172] /home/travis/build/icyphy/ptII/ptolemy/actor/lib/test/auto/ExpressionFix3.xml (RunModel)" time="0.015" />
  <testcase classname="ptolemy.util.test.junit.AutoTests" name="[173] /home/travis/build/icyphy/ptII/ptolemy/actor/lib/test/auto/FileWriter1.xml (RunModel)" time="0.011" />
  <testcase classname="ptolemy.util.test.junit.AutoTests" name="[174] /home/travis/build/icyphy/ptII/ptolemy/actor/lib/test/auto/FileWriter2.xml (RunModel)" time="0.012" />
  <testcase classname="ptolemy.util.test.junit.AutoTests" name="[175] /home/travis/build/icyphy/ptII/ptolemy/actor/lib/test/auto/FileWriter3.xml (RunModel)" time="0.015" />
  <testcase classname="ptolemy.util.test.junit.AutoTests" name="[176] /home/travis/build/icyphy/ptII/ptolemy/actor/lib/test/auto/Gaussian.xml (RunModel)" time="0.014" />
  <testcase classname="ptolemy.util.test.junit.AutoTests" name="[177] /home/travis/build/icyphy/ptII/ptolemy/actor/lib/test/auto/Gaussian1.xml (RunModel)" time="0.016" />
  <testcase classname="ptolemy.util.test.junit.AutoTests" name="[178] /home/travis/build/icyphy/ptII/ptolemy/actor/lib/test/auto/Gaussian2.xml (RunModel)" time="0.02" />
  <testcase classname="ptolemy.util.test.junit.AutoTests" name="[179] /home/travis/build/icyphy/ptII/ptolemy/actor/lib/test/auto/GradientAdaptiveLattice.xml (RunModel)" time="0.026" />
  <testcase classname="ptolemy.util.test.junit.AutoTests" name="[180] /home/travis/build/icyphy/ptII/ptolemy/actor/lib/test/auto/IIR.xml (RunModel)" time="0.013" />
  <testcase classname="ptolemy.util.test.junit.AutoTests" name="[181] /home/travis/build/icyphy/ptII/ptolemy/actor/lib/test/auto/InputOutputTransparentPorts.xml (RunModel)" time="0.02" />
  <testcase classname="ptolemy.util.test.junit.AutoTests" name="[182] /home/travis/build/icyphy/ptII/ptolemy/actor/lib/test/auto/Interpolator.xml (RunModel)" time="0.013" />
  <testcase classname="ptolemy.util.test.junit.AutoTests" name="[183] /home/travis/build/icyphy/ptII/ptolemy/actor/lib/test/auto/InterpolatorFiringLimitDE.xml (RunModel)" time="0.014" />
  <testcase classname="ptolemy.util.test.junit.AutoTests" name="[184] /home/travis/build/icyphy/ptII/ptolemy/actor/lib/test/auto/Lattice.xml (RunModel)" time="0.011" />
  <testcase classname="ptolemy.util.test.junit.AutoTests" name="[185] /home/travis/build/icyphy/ptII/ptolemy/actor/lib/test/auto/LazyAOCTestLazy.xml (RunModel)" time="0.053" />
  <testcase classname="ptolemy.util.test.junit.AutoTests" name="[186] /home/travis/build/icyphy/ptII/ptolemy/actor/lib/test/auto/LazyAOCTestNonLazy.xml (RunModel)" time="0.046" />
  <testcase classname="ptolemy.util.test.junit.AutoTests" name="[187] /home/travis/build/icyphy/ptII/ptolemy/actor/lib/test/auto/LazyInnerClass.xml (RunModel)" time="0.05" />
  <testcase classname="ptolemy.util.test.junit.AutoTests" name="[188] /home/travis/build/icyphy/ptII/ptolemy/actor/lib/test/auto/LazyPubSub.xml (RunModel)" time="0.137" />
  <testcase classname="ptolemy.util.test.junit.AutoTests" name="[189] /home/travis/build/icyphy/ptII/ptolemy/actor/lib/test/auto/LazyPubSub2.xml (RunModel)" time="0.049" />
  <testcase classname="ptolemy.util.test.junit.AutoTests" name="[190] /home/travis/build/icyphy/ptII/ptolemy/actor/lib/test/auto/LazyPubSub3.xml (RunModel)" time="0.032" />
  <testcase classname="ptolemy.util.test.junit.AutoTests" name="[191] /home/travis/build/icyphy/ptII/ptolemy/actor/lib/test/auto/LazySubClassModel.xml (RunModel)" time="0.034" />
  <testcase classname="ptolemy.util.test.junit.AutoTests" name="[192] /home/travis/build/icyphy/ptII/ptolemy/actor/lib/test/auto/LevelCrossTest1.xml (RunModel)" time="0.019" />
  <testcase classname="ptolemy.util.test.junit.AutoTests" name="[193] /home/travis/build/icyphy/ptII/ptolemy/actor/lib/test/auto/LevelCrossTest10.xml (RunModel)" time="0.021" />
  <testcase classname="ptolemy.util.test.junit.AutoTests" name="[194] /home/travis/build/icyphy/ptII/ptolemy/actor/lib/test/auto/LevelCrossTest11.xml (RunModel)" time="0.021" />
  <testcase classname="ptolemy.util.test.junit.AutoTests" name="[195] /home/travis/build/icyphy/ptII/ptolemy/actor/lib/test/auto/LevelCrossTest12.xml (RunModel)" time="0.027" />
  <testcase classname="ptolemy.util.test.junit.AutoTests" name="[196] /home/travis/build/icyphy/ptII/ptolemy/actor/lib/test/auto/LevelCrossTest13.xml (RunModel)" time="0.019" />
  <testcase classname="ptolemy.util.test.junit.AutoTests" name="[197] /home/travis/build/icyphy/ptII/ptolemy/actor/lib/test/auto/LevelCrossTest2.xml (RunModel)" time="0.013" />
  <testcase classname="ptolemy.util.test.junit.AutoTests" name="[198] /home/travis/build/icyphy/ptII/ptolemy/actor/lib/test/auto/LevelCrossTest3.xml (RunModel)" time="0.015" />
  <testcase classname="ptolemy.util.test.junit.AutoTests" name="[199] /home/travis/build/icyphy/ptII/ptolemy/actor/lib/test/auto/LevelCrossTest4.xml (RunModel)" time="0.014" />
  <testcase classname="ptolemy.util.test.junit.AutoTests" name="[200] /home/travis/build/icyphy/ptII/ptolemy/actor/lib/test/auto/LevelCrossTest5.xml (RunModel)" time="0.019" />
  <testcase classname="ptolemy.util.test.junit.AutoTests" name="[201] /home/travis/build/icyphy/ptII/ptolemy/actor/lib/test/auto/LevelCrossTest6.xml (RunModel)" time="0.022" />
  <testcase classname="ptolemy.util.test.junit.AutoTests" name="[202] /home/travis/build/icyphy/ptII/ptolemy/actor/lib/test/auto/LevelCrossTest7.xml (RunModel)" time="0.018" />
  <testcase classname="ptolemy.util.test.junit.AutoTests" name="[203] /home/travis/build/icyphy/ptII/ptolemy/actor/lib/test/auto/LevelCrossTest8.xml (RunModel)" time="0.018" />
  <testcase classname="ptolemy.util.test.junit.AutoTests" name="[204] /home/travis/build/icyphy/ptII/ptolemy/actor/lib/test/auto/LevelCrossTest9.xml (RunModel)" time="0.018" />
  <testcase classname="ptolemy.util.test.junit.AutoTests" name="[205] /home/travis/build/icyphy/ptII/ptolemy/actor/lib/test/auto/LevinsonDurbin.xml (RunModel)" time="0.013" />
  <testcase classname="ptolemy.util.test.junit.AutoTests" name="[206] /home/travis/build/icyphy/ptII/ptolemy/actor/lib/test/auto/LevinsonDurbin2.xml (RunModel)" time="0.01" />
  <testcase classname="ptolemy.util.test.junit.AutoTests" name="[207] /home/travis/build/icyphy/ptII/ptolemy/actor/lib/test/auto/LevinsonDurbin3.xml (RunModel)" time="0.015" />
  <testcase classname="ptolemy.util.test.junit.AutoTests" name="[208] /home/travis/build/icyphy/ptII/ptolemy/actor/lib/test/auto/Limiter.xml (RunModel)" time="0.05" />
  <testcase classname="ptolemy.util.test.junit.AutoTests" name="[209] /home/travis/build/icyphy/ptII/ptolemy/actor/lib/test/auto/LinearDifferenceEquationSystem.xml (RunModel)" time="0.033" />
  <testcase classname="ptolemy.util.test.junit.AutoTests" name="[210] /home/travis/build/icyphy/ptII/ptolemy/actor/lib/test/auto/LookupTable.xml (RunModel)" time="0.012" />
  <testcase classname="ptolemy.util.test.junit.AutoTests" name="[211] /home/travis/build/icyphy/ptII/ptolemy/actor/lib/test/auto/MathFunction.xml (RunModel)" time="0.026" />
  <testcase classname="ptolemy.util.test.junit.AutoTests" name="[212] /home/travis/build/icyphy/ptII/ptolemy/actor/lib/test/auto/MathFunction2.xml (RunModel)" time="0.013" />
  <testcase classname="ptolemy.util.test.junit.AutoTests" name="[213] /home/travis/build/icyphy/ptII/ptolemy/actor/lib/test/auto/MathFunction3.xml (RunModel)" time="0.022" />
  <testcase classname="ptolemy.util.test.junit.AutoTests" name="[214] /home/travis/build/icyphy/ptII/ptolemy/actor/lib/test/auto/MatrixCropBoolean.xml (RunModel)" time="0.025" />
  <testcase classname="ptolemy.util.test.junit.AutoTests" name="[215] /home/travis/build/icyphy/ptII/ptolemy/actor/lib/test/auto/MatrixCropComplex.xml (RunModel)" time="0.019" />
  <testcase classname="ptolemy.util.test.junit.AutoTests" name="[216] /home/travis/build/icyphy/ptII/ptolemy/actor/lib/test/auto/MatrixCropDouble.xml (RunModel)" time="0.013" />
  <testcase classname="ptolemy.util.test.junit.AutoTests" name="[217] /home/travis/build/icyphy/ptII/ptolemy/actor/lib/test/auto/MatrixCropFix.xml (RunModel)" time="0.02" />
  <testcase classname="ptolemy.util.test.junit.AutoTests" name="[218] /home/travis/build/icyphy/ptII/ptolemy/actor/lib/test/auto/MatrixCropInt.xml (RunModel)" time="0.014" />
  <testcase classname="ptolemy.util.test.junit.AutoTests" name="[219] /home/travis/build/icyphy/ptII/ptolemy/actor/lib/test/auto/MatrixCropLong.xml (RunModel)" time="0.014" />
  <testcase classname="ptolemy.util.test.junit.AutoTests" name="[220] /home/travis/build/icyphy/ptII/ptolemy/actor/lib/test/auto/MatrixToArray.xml (RunModel)" time="0.074" />
  <testcase classname="ptolemy.util.test.junit.AutoTests" name="[221] /home/travis/build/icyphy/ptII/ptolemy/actor/lib/test/auto/MaxIndex.xml (RunModel)" time="0.016" />
  <testcase classname="ptolemy.util.test.junit.AutoTests" name="[222] /home/travis/build/icyphy/ptII/ptolemy/actor/lib/test/auto/Maximum.xml (RunModel)" time="0.023" />
  <testcase classname="ptolemy.util.test.junit.AutoTests" name="[223] /home/travis/build/icyphy/ptII/ptolemy/actor/lib/test/auto/MaximumComplex.xml (RunModel)" time="0.019" />
  <testcase classname="ptolemy.util.test.junit.AutoTests" name="[224] /home/travis/build/icyphy/ptII/ptolemy/actor/lib/test/auto/MethodCallTest.xml (RunModel)" time="0.025" />
  <testcase classname="ptolemy.util.test.junit.AutoTests" name="[225] /home/travis/build/icyphy/ptII/ptolemy/actor/lib/test/auto/Minimum.xml (RunModel)" time="0.017" />
  <testcase classname="ptolemy.util.test.junit.AutoTests" name="[226] /home/travis/build/icyphy/ptII/ptolemy/actor/lib/test/auto/MinimumComplex.xml (RunModel)" time="0.033" />
  <testcase classname="ptolemy.util.test.junit.AutoTests" name="[227] /home/travis/build/icyphy/ptII/ptolemy/actor/lib/test/auto/MinimumMultiports.xml (RunModel)" time="0.025" />
  <testcase classname="ptolemy.util.test.junit.AutoTests" name="[228] /home/travis/build/icyphy/ptII/ptolemy/actor/lib/test/auto/ModifyDate.xml (RunModel)" time="0.047" />
  <testcase classname="ptolemy.util.test.junit.AutoTests" name="[229] /home/travis/build/icyphy/ptII/ptolemy/actor/lib/test/auto/ModifyDate2.xml (RunModel)" time="0.03" />
  <testcase classname="ptolemy.util.test.junit.AutoTests" name="[230] /home/travis/build/icyphy/ptII/ptolemy/actor/lib/test/auto/MovingAverage.xml (RunModel)" time="0.022" />
  <testcase classname="ptolemy.util.test.junit.AutoTests" name="[231] /home/travis/build/icyphy/ptII/ptolemy/actor/lib/test/auto/MovingMaximum.xml (RunModel)" time="0.014" />
  <testcase classname="ptolemy.util.test.junit.AutoTests" name="[232] /home/travis/build/icyphy/ptII/ptolemy/actor/lib/test/auto/MultipleLinksToSameRelation.xml (RunModel)" time="0.009" />
  <testcase classname="ptolemy.util.test.junit.AutoTests" name="[233] /home/travis/build/icyphy/ptII/ptolemy/actor/lib/test/auto/MultipleLinksToSameRelationDE.xml (RunModel)" time="0.008" />
  <testcase classname="ptolemy.util.test.junit.AutoTests" name="[234] /home/travis/build/icyphy/ptII/ptolemy/actor/lib/test/auto/Multiplexor.xml (RunModel)" time="0.013" />
  <testcase classname="ptolemy.util.test.junit.AutoTests" name="[235] /home/travis/build/icyphy/ptII/ptolemy/actor/lib/test/auto/Multiplexor1.xml (RunModel)" time="0.015" />
  <testcase classname="ptolemy.util.test.junit.AutoTests" name="[236] /home/travis/build/icyphy/ptII/ptolemy/actor/lib/test/auto/Multiplexor2.xml (RunModel)" time="0.018" />
  <testcase classname="ptolemy.util.test.junit.AutoTests" name="[237] /home/travis/build/icyphy/ptII/ptolemy/actor/lib/test/auto/Multiplexor3.xml (RunModel)" time="0.012" />
  <testcase classname="ptolemy.util.test.junit.AutoTests" name="[238] /home/travis/build/icyphy/ptII/ptolemy/actor/lib/test/auto/MultiplexorDE.xml (RunModel)" time="0.02" />
  <testcase classname="ptolemy.util.test.junit.AutoTests" name="[239] /home/travis/build/icyphy/ptII/ptolemy/actor/lib/test/auto/MultiportBroadcastTest.xml (RunModel)" time="0.11" />
  <testcase classname="ptolemy.util.test.junit.AutoTests" name="[240] /home/travis/build/icyphy/ptII/ptolemy/actor/lib/test/auto/MultiportOutHangDuringGetWidth.xml (RunModel)" time="0.038" />
  <testcase classname="ptolemy.util.test.junit.AutoTests" name="[241] /home/travis/build/icyphy/ptII/ptolemy/actor/lib/test/auto/NilToken.xml (RunModel)" time="0.007" />
  <testcase classname="ptolemy.util.test.junit.AutoTests" name="[242] /home/travis/build/icyphy/ptII/ptolemy/actor/lib/test/auto/NilTokenNonStrictTest.xml (RunModel)" time="0.01" />
  <testcase classname="ptolemy.util.test.junit.AutoTests" name="[243] /home/travis/build/icyphy/ptII/ptolemy/actor/lib/test/auto/NilTokenRecord.xml (RunModel)" time="0.025" />
  <testcase classname="ptolemy.util.test.junit.AutoTests" name="[244] /home/travis/build/icyphy/ptII/ptolemy/actor/lib/test/auto/NilTokenTypeTest.xml (RunModel)" time="0.025" />
  <testcase classname="ptolemy.util.test.junit.AutoTests" name="[245] /home/travis/build/icyphy/ptII/ptolemy/actor/lib/test/auto/ObjectToken1.xml (RunModel)" time="0.009" />
  <testcase classname="ptolemy.util.test.junit.AutoTests" name="[246] /home/travis/build/icyphy/ptII/ptolemy/actor/lib/test/auto/OrderedMerge.xml (RunModel)" time="0.073" />
  <testcase classname="ptolemy.util.test.junit.AutoTests" name="[247] /home/travis/build/icyphy/ptII/ptolemy/actor/lib/test/auto/OrderedRecordDisassembler.xml (RunModel)" time="0.022" />
  <testcase classname="ptolemy.util.test.junit.AutoTests" name="[248] /home/travis/build/icyphy/ptII/ptolemy/actor/lib/test/auto/OrderedRecordDisassembler2.xml (RunModel)" time="0.02" />
  <testcase classname="ptolemy.util.test.junit.AutoTests" name="[249] /home/travis/build/icyphy/ptII/ptolemy/actor/lib/test/auto/OrderedRecordUpdater.xml (RunModel)" time="0.011" />
  <testcase classname="ptolemy.util.test.junit.AutoTests" name="[250] /home/travis/build/icyphy/ptII/ptolemy/actor/lib/test/auto/OrderedRecordUpdater2.xml (RunModel)" time="0.014" />
  <testcase classname="ptolemy.util.test.junit.AutoTests" name="[251] /home/travis/build/icyphy/ptII/ptolemy/actor/lib/test/auto/PhaseUnwrap.xml (RunModel)" time="0.014" />
  <testcase classname="ptolemy.util.test.junit.AutoTests" name="[252] /home/travis/build/icyphy/ptII/ptolemy/actor/lib/test/auto/PoissonClock.xml (RunModel)" time="0.011" />
  <testcase classname="ptolemy.util.test.junit.AutoTests" name="[253] /home/travis/build/icyphy/ptII/ptolemy/actor/lib/test/auto/PoissonClock2.xml (RunModel)" time="0.008" />
  <testcase classname="ptolemy.util.test.junit.AutoTests" name="[254] /home/travis/build/icyphy/ptII/ptolemy/actor/lib/test/auto/PoissonClock3.xml (RunModel)" time="0.029" />
  <testcase classname="ptolemy.util.test.junit.AutoTests" name="[255] /home/travis/build/icyphy/ptII/ptolemy/actor/lib/test/auto/PubSubWithInitialTokens.xml (RunModel)" time="0.016" />
  <testcase classname="ptolemy.util.test.junit.AutoTests" name="[256] /home/travis/build/icyphy/ptII/ptolemy/actor/lib/test/auto/PubSubWithInitialTokens2.xml (RunModel)" time="0.016" />
  <testcase classname="ptolemy.util.test.junit.AutoTests" name="[257] /home/travis/build/icyphy/ptII/ptolemy/actor/lib/test/auto/PublisherClassNoParameter.xml (RunModel)" time="0.029" />
  <testcase classname="ptolemy.util.test.junit.AutoTests" name="[258] /home/travis/build/icyphy/ptII/ptolemy/actor/lib/test/auto/PublisherClassParameter.xml (RunModel)" time="0.024" />
  <testcase classname="ptolemy.util.test.junit.AutoTests" name="[259] /home/travis/build/icyphy/ptII/ptolemy/actor/lib/test/auto/PublisherNonStrictTest.xml (RunModel)" time="0.015" />
  <testcase classname="ptolemy.util.test.junit.AutoTests" name="[260] /home/travis/build/icyphy/ptII/ptolemy/actor/lib/test/auto/PublisherPort1.xml (RunModel)" time="0.019" />
  <testcase classname="ptolemy.util.test.junit.AutoTests" name="[261] /home/travis/build/icyphy/ptII/ptolemy/actor/lib/test/auto/PublisherPort2.xml (RunModel)" time="0.018" />
  <testcase classname="ptolemy.util.test.junit.AutoTests" name="[262] /home/travis/build/icyphy/ptII/ptolemy/actor/lib/test/auto/PublisherPort3.xml (RunModel)" time="0.013" />
  <testcase classname="ptolemy.util.test.junit.AutoTests" name="[263] /home/travis/build/icyphy/ptII/ptolemy/actor/lib/test/auto/PublisherPort4.xml (RunModel)" time="0.015" />
  <testcase classname="ptolemy.util.test.junit.AutoTests" name="[264] /home/travis/build/icyphy/ptII/ptolemy/actor/lib/test/auto/PublisherPort5.xml (RunModel)" time="0.016" />
  <testcase classname="ptolemy.util.test.junit.AutoTests" name="[265] /home/travis/build/icyphy/ptII/ptolemy/actor/lib/test/auto/PublisherPort5LookAlike.xml (RunModel)" time="0.022" />
  <testcase classname="ptolemy.util.test.junit.AutoTests" name="[266] /home/travis/build/icyphy/ptII/ptolemy/actor/lib/test/auto/PublisherPort6.xml (RunModel)" time="0.015" />
  <testcase classname="ptolemy.util.test.junit.AutoTests" name="[267] /home/travis/build/icyphy/ptII/ptolemy/actor/lib/test/auto/PublisherPort7.xml (RunModel)" time="0.016" />
  <testcase classname="ptolemy.util.test.junit.AutoTests" name="[268] /home/travis/build/icyphy/ptII/ptolemy/actor/lib/test/auto/PublisherPort8.xml (RunModel)" time="0.026" />
  <testcase classname="ptolemy.util.test.junit.AutoTests" name="[269] /home/travis/build/icyphy/ptII/ptolemy/actor/lib/test/auto/PublisherPortSubscriberChannelVariablesAOC2.xml (RunModel)" time="0.035" />
  <testcase classname="ptolemy.util.test.junit.AutoTests" name="[270] /home/travis/build/icyphy/ptII/ptolemy/actor/lib/test/auto/PublisherPortSubscriberOpaqueWidthInference.xml (RunModel)" time="0.017" />
  <testcase classname="ptolemy.util.test.junit.AutoTests" name="[271] /home/travis/build/icyphy/ptII/ptolemy/actor/lib/test/auto/PublisherPortSubscriberPortAdjacent.xml (RunModel)" time="0.028" />
  <testcase classname="ptolemy.util.test.junit.AutoTests" name="[272] /home/travis/build/icyphy/ptII/ptolemy/actor/lib/test/auto/PublisherPortSubscriberPortExpression.xml (RunModel)" time="0.02" />
  <testcase classname="ptolemy.util.test.junit.AutoTests" name="[273] /home/travis/build/icyphy/ptII/ptolemy/actor/lib/test/auto/PublisherPortSubscriberPortOpaqueD3Reverse.xml (RunModel)" time="0.037" />
  <testcase classname="ptolemy.util.test.junit.AutoTests" name="[274] /home/travis/build/icyphy/ptII/ptolemy/actor/lib/test/auto/PublisherPortSubscriberPortOpaqueWidthInference.xml (RunModel)" time="0.018" />
  <testcase classname="ptolemy.util.test.junit.AutoTests" name="[275] /home/travis/build/icyphy/ptII/ptolemy/actor/lib/test/auto/PublisherPortToplevelSubscriberPortAOC.xml (RunModel)" time="0.013" />
  <testcase classname="ptolemy.util.test.junit.AutoTests" name="[276] /home/travis/build/icyphy/ptII/ptolemy/actor/lib/test/auto/PublisherSubscriber.xml (RunModel)" time="0.017" />
  <testcase classname="ptolemy.util.test.junit.AutoTests" name="[277] /home/travis/build/icyphy/ptII/ptolemy/actor/lib/test/auto/PublisherSubscriber10.xml (RunModel)" time="0.032" />
  <testcase classname="ptolemy.util.test.junit.AutoTests" name="[278] /home/travis/build/icyphy/ptII/ptolemy/actor/lib/test/auto/PublisherSubscriber10InitialOutputs.xml (RunModel)" time="0.039" />
  <testcase classname="ptolemy.util.test.junit.AutoTests" name="[279] /home/travis/build/icyphy/ptII/ptolemy/actor/lib/test/auto/PublisherSubscriber11.xml (RunModel)" time="0.017" />
  <testcase classname="ptolemy.util.test.junit.AutoTests" name="[280] /home/travis/build/icyphy/ptII/ptolemy/actor/lib/test/auto/PublisherSubscriber12.xml (RunModel)" time="0.012" />
  <testcase classname="ptolemy.util.test.junit.AutoTests" name="[281] /home/travis/build/icyphy/ptII/ptolemy/actor/lib/test/auto/PublisherSubscriber13.xml (RunModel)" time="0.022" />
  <testcase classname="ptolemy.util.test.junit.AutoTests" name="[282] /home/travis/build/icyphy/ptII/ptolemy/actor/lib/test/auto/PublisherSubscriber14.xml (RunModel)" time="0.02" />
  <testcase classname="ptolemy.util.test.junit.AutoTests" name="[283] /home/travis/build/icyphy/ptII/ptolemy/actor/lib/test/auto/PublisherSubscriber2.xml (RunModel)" time="0.011" />
  <testcase classname="ptolemy.util.test.junit.AutoTests" name="[284] /home/travis/build/icyphy/ptII/ptolemy/actor/lib/test/auto/PublisherSubscriber3.xml (RunModel)" time="0.009" />
  <testcase classname="ptolemy.util.test.junit.AutoTests" name="[285] /home/travis/build/icyphy/ptII/ptolemy/actor/lib/test/auto/PublisherSubscriber4.xml (RunModel)" time="0.009" />
  <testcase classname="ptolemy.util.test.junit.AutoTests" name="[286] /home/travis/build/icyphy/ptII/ptolemy/actor/lib/test/auto/PublisherSubscriber5.xml (RunModel)" time="0.013" />
  <testcase classname="ptolemy.util.test.junit.AutoTests" name="[287] /home/travis/build/icyphy/ptII/ptolemy/actor/lib/test/auto/PublisherSubscriber6.xml (RunModel)" time="0.015" />
  <testcase classname="ptolemy.util.test.junit.AutoTests" name="[288] /home/travis/build/icyphy/ptII/ptolemy/actor/lib/test/auto/PublisherSubscriber7.xml (RunModel)" time="0.021" />
  <testcase classname="ptolemy.util.test.junit.AutoTests" name="[289] /home/travis/build/icyphy/ptII/ptolemy/actor/lib/test/auto/PublisherSubscriber8.xml (RunModel)" time="0.047" />
  <testcase classname="ptolemy.util.test.junit.AutoTests" name="[290] /home/travis/build/icyphy/ptII/ptolemy/actor/lib/test/auto/PublisherSubscriber9.xml (RunModel)" time="0.019" />
  <testcase classname="ptolemy.util.test.junit.AutoTests" name="[291] /home/travis/build/icyphy/ptII/ptolemy/actor/lib/test/auto/PublisherSubscriberAdjacent.xml (RunModel)" time="0.017" />
  <testcase classname="ptolemy.util.test.junit.AutoTests" name="[292] /home/travis/build/icyphy/ptII/ptolemy/actor/lib/test/auto/PublisherSubscriberChannelVariablesAOC2.xml (RunModel)" time="0.031" />
  <testcase classname="ptolemy.util.test.junit.AutoTests" name="[293] /home/travis/build/icyphy/ptII/ptolemy/actor/lib/test/auto/PublisherSubscriberD3.xml (RunModel)" time="0.015" />
  <testcase classname="ptolemy.util.test.junit.AutoTests" name="[294] /home/travis/build/icyphy/ptII/ptolemy/actor/lib/test/auto/PublisherSubscriberD3Reverse.xml (RunModel)" time="0.014" />
  <testcase classname="ptolemy.util.test.junit.AutoTests" name="[295] /home/travis/build/icyphy/ptII/ptolemy/actor/lib/test/auto/PublisherSubscriberExpression.xml (RunModel)" time="0.02" />
  <testcase classname="ptolemy.util.test.junit.AutoTests" name="[296] /home/travis/build/icyphy/ptII/ptolemy/actor/lib/test/auto/PublisherSubscriberOpaque.xml (RunModel)" time="0.016" />
  <testcase classname="ptolemy.util.test.junit.AutoTests" name="[297] /home/travis/build/icyphy/ptII/ptolemy/actor/lib/test/auto/PublisherSubscriberOpaqueD3.xml (RunModel)" time="0.025" />
  <testcase classname="ptolemy.util.test.junit.AutoTests" name="[298] /home/travis/build/icyphy/ptII/ptolemy/actor/lib/test/auto/PublisherSubscriberOpaqueD3Reverse.xml (RunModel)" time="0.023" />
  <testcase classname="ptolemy.util.test.junit.AutoTests" name="[299] /home/travis/build/icyphy/ptII/ptolemy/actor/lib/test/auto/PublisherSubscriberOpaqueWidthInference.xml (RunModel)" time="0.018" />
  <testcase classname="ptolemy.util.test.junit.AutoTests" name="[300] /home/travis/build/icyphy/ptII/ptolemy/actor/lib/test/auto/PublisherTestSubscriber.xml (RunModel)" time="0.015" />
  <testcase classname="ptolemy.util.test.junit.AutoTests" name="[301] /home/travis/build/icyphy/ptII/ptolemy/actor/lib/test/auto/PublisherToplevelSubscriberPortAOC.xml (RunModel)" time="0.013" />
  <testcase classname="ptolemy.util.test.junit.AutoTests" name="[302] /home/travis/build/icyphy/ptII/ptolemy/actor/lib/test/auto/PulseFiringLimitDE.xml (RunModel)" time="0.018" />
  <testcase classname="ptolemy.util.test.junit.AutoTests" name="[303] /home/travis/build/icyphy/ptII/ptolemy/actor/lib/test/auto/Ramp1.xml (RunModel)" time="0.008" />
  <testcase classname="ptolemy.util.test.junit.AutoTests" name="[304] /home/travis/build/icyphy/ptII/ptolemy/actor/lib/test/auto/RampFiringLimitDE.xml (RunModel)" time="0.012" />
  <testcase classname="ptolemy.util.test.junit.AutoTests" name="[305] /home/travis/build/icyphy/ptII/ptolemy/actor/lib/test/auto/RampFiringLimitSDF.xml (RunModel)" time="0.011" />
  <testcase classname="ptolemy.util.test.junit.AutoTests" name="[306] /home/travis/build/icyphy/ptII/ptolemy/actor/lib/test/auto/RandomInteger.xml (RunModel)" time="0.012" />
  <testcase classname="ptolemy.util.test.junit.AutoTests" name="[307] /home/travis/build/icyphy/ptII/ptolemy/actor/lib/test/auto/ReadFile1.xml (RunModel)" time="0.009" />
  <testcase classname="ptolemy.util.test.junit.AutoTests" name="[308] /home/travis/build/icyphy/ptII/ptolemy/actor/lib/test/auto/ReadFile2.xml (RunModel)" time="0.008" />
  <testcase classname="ptolemy.util.test.junit.AutoTests" name="[309] /home/travis/build/icyphy/ptII/ptolemy/actor/lib/test/auto/Reader.xml (RunModel)" time="0.011" />
  <testcase classname="ptolemy.util.test.junit.AutoTests" name="[310] /home/travis/build/icyphy/ptII/ptolemy/actor/lib/test/auto/RecordAssemblerDisplayNameTest.xml (RunModel)" time="4.126" />
  <testcase classname="ptolemy.util.test.junit.AutoTests" name="[311] /home/travis/build/icyphy/ptII/ptolemy/actor/lib/test/auto/RecordAssemblerTypeError.xml (RunModel)" time="0.031" />
  <testcase classname="ptolemy.util.test.junit.AutoTests" name="[312] /home/travis/build/icyphy/ptII/ptolemy/actor/lib/test/auto/RecordDisassember.xml (RunModel)" time="0.01" />
  <testcase classname="ptolemy.util.test.junit.AutoTests" name="[313] /home/travis/build/icyphy/ptII/ptolemy/actor/lib/test/auto/RecordDisassemberDisplayNameTest.xml (RunModel)" time="0.019" />
  <testcase classname="ptolemy.util.test.junit.AutoTests" name="[314] /home/travis/build/icyphy/ptII/ptolemy/actor/lib/test/auto/RecordDisassembler.xml (RunModel)" time="0.01" />
  <testcase classname="ptolemy.util.test.junit.AutoTests" name="[315] /home/travis/build/icyphy/ptII/ptolemy/actor/lib/test/auto/RecordDisassembler2.xml (RunModel)" time="0.011" />
  <testcase classname="ptolemy.util.test.junit.AutoTests" name="[316] /home/travis/build/icyphy/ptII/ptolemy/actor/lib/test/auto/RecordUpdater.xml (RunModel)" time="0.009" />
  <testcase classname="ptolemy.util.test.junit.AutoTests" name="[317] /home/travis/build/icyphy/ptII/ptolemy/actor/lib/test/auto/RecordUpdater2.xml (RunModel)" time="0.009" />
  <testcase classname="ptolemy.util.test.junit.AutoTests" name="[318] /home/travis/build/icyphy/ptII/ptolemy/actor/lib/test/auto/RecursiveLattice.xml (RunModel)" time="0.009" />
  <testcase classname="ptolemy.util.test.junit.AutoTests" name="[319] /home/travis/build/icyphy/ptII/ptolemy/actor/lib/test/auto/Router.xml (RunModel)" time="3.027" />
  <testcase classname="ptolemy.util.test.junit.AutoTests" name="[320] /home/travis/build/icyphy/ptII/ptolemy/actor/lib/test/auto/Router2.xml (RunModel)" time="3.038" />
  <testcase classname="ptolemy.util.test.junit.AutoTests" name="[321] /home/travis/build/icyphy/ptII/ptolemy/actor/lib/test/auto/RunningMaximum.xml (RunModel)" time="0.019" />
  <testcase classname="ptolemy.util.test.junit.AutoTests" name="[322] /home/travis/build/icyphy/ptII/ptolemy/actor/lib/test/auto/RunningMinimum.xml (RunModel)" time="0.02" />
  <testcase classname="ptolemy.util.test.junit.AutoTests" name="[323] /home/travis/build/icyphy/ptII/ptolemy/actor/lib/test/auto/Scale.xml (RunModel)" time="0.01" />
  <testcase classname="ptolemy.util.test.junit.AutoTests" name="[324] /home/travis/build/icyphy/ptII/ptolemy/actor/lib/test/auto/Scale2.xml (RunModel)" time="0.01" />
  <testcase classname="ptolemy.util.test.junit.AutoTests" name="[325] /home/travis/build/icyphy/ptII/ptolemy/actor/lib/test/auto/Scale3.xml (RunModel)" time="0.019" />
  <testcase classname="ptolemy.util.test.junit.AutoTests" name="[326] /home/travis/build/icyphy/ptII/ptolemy/actor/lib/test/auto/ScaleArray.xml (RunModel)" time="0.01" />
  <testcase classname="ptolemy.util.test.junit.AutoTests" name="[327] /home/travis/build/icyphy/ptII/ptolemy/actor/lib/test/auto/ScaleArray2.xml (RunModel)" time="0.01" />
  <testcase classname="ptolemy.util.test.junit.AutoTests" name="[328] /home/travis/build/icyphy/ptII/ptolemy/actor/lib/test/auto/ScaleMatrix.xml (RunModel)" time="0.187" />
  <testcase classname="ptolemy.util.test.junit.AutoTests" name="[329] /home/travis/build/icyphy/ptII/ptolemy/actor/lib/test/auto/Select.xml (RunModel)" time="0.015" />
  <testcase classname="ptolemy.util.test.junit.AutoTests" name="[330] /home/travis/build/icyphy/ptII/ptolemy/actor/lib/test/auto/Select2.xml (RunModel)" time="0.009" />
  <testcase classname="ptolemy.util.test.junit.AutoTests" name="[331] /home/travis/build/icyphy/ptII/ptolemy/actor/lib/test/auto/SequenceToArray2.xml (RunModel)" time="0.157" />
  <testcase classname="ptolemy.util.test.junit.AutoTests" name="[332] /home/travis/build/icyphy/ptII/ptolemy/actor/lib/test/auto/SequentialClock.xml (RunModel)" time="0.014" />
  <testcase classname="ptolemy.util.test.junit.AutoTests" name="[333] /home/travis/build/icyphy/ptII/ptolemy/actor/lib/test/auto/SetVariable.xml (RunModel)" time="0.011" />
  <testcase classname="ptolemy.util.test.junit.AutoTests" name="[334] /home/travis/build/icyphy/ptII/ptolemy/actor/lib/test/auto/SetVariable2.xml (RunModel)" time="0.012" />
  <testcase classname="ptolemy.util.test.junit.AutoTests" name="[335] /home/travis/build/icyphy/ptII/ptolemy/actor/lib/test/auto/SetVariable3.xml (RunModel)" time="0.017" />
  <testcase classname="ptolemy.util.test.junit.AutoTests" name="[336] /home/travis/build/icyphy/ptII/ptolemy/actor/lib/test/auto/SetVariable4.xml (RunModel)" time="0.032" />
  <testcase classname="ptolemy.util.test.junit.AutoTests" name="[337] /home/travis/build/icyphy/ptII/ptolemy/actor/lib/test/auto/SetVariable5.xml (RunModel)" time="0.039" />
  <testcase classname="ptolemy.util.test.junit.AutoTests" name="[338] /home/travis/build/icyphy/ptII/ptolemy/actor/lib/test/auto/Sinewave.xml (RunModel)" time="0.033" />
  <testcase classname="ptolemy.util.test.junit.AutoTests" name="[339] /home/travis/build/icyphy/ptII/ptolemy/actor/lib/test/auto/Sinewave2.xml (RunModel)" time="0.018" />
  <testcase classname="ptolemy.util.test.junit.AutoTests" name="[340] /home/travis/build/icyphy/ptII/ptolemy/actor/lib/test/auto/Sinewave3.xml (RunModel)" time="0.023" />
  <testcase classname="ptolemy.util.test.junit.AutoTests" name="[341] /home/travis/build/icyphy/ptII/ptolemy/actor/lib/test/auto/SingleEvent.xml (RunModel)" time="0.008" />
  <testcase classname="ptolemy.util.test.junit.AutoTests" name="[342] /home/travis/build/icyphy/ptII/ptolemy/actor/lib/test/auto/Sleep.xml (RunModel)" time="6.015" />
  <testcase classname="ptolemy.util.test.junit.AutoTests" name="[343] /home/travis/build/icyphy/ptII/ptolemy/actor/lib/test/auto/SleepMultipleFire.xml (RunModel)" time="1.02" />
  <testcase classname="ptolemy.util.test.junit.AutoTests" name="[344] /home/travis/build/icyphy/ptII/ptolemy/actor/lib/test/auto/StopDE.xml (RunModel)" time="0.019" />
  <testcase classname="ptolemy.util.test.junit.AutoTests" name="[345] /home/travis/build/icyphy/ptII/ptolemy/actor/lib/test/auto/StopSDF.xml (RunModel)" time="0.064" />
  <testcase classname="ptolemy.util.test.junit.AutoTests" name="[346] /home/travis/build/icyphy/ptII/ptolemy/actor/lib/test/auto/StringConstant.xml (RunModel)" time="0.019" />
  <testcase classname="ptolemy.util.test.junit.AutoTests" name="[347] /home/travis/build/icyphy/ptII/ptolemy/actor/lib/test/auto/SubscriberPortInitialValues1.xml (RunModel)" time="0.024" />
  <testcase classname="ptolemy.util.test.junit.AutoTests" name="[348] /home/travis/build/icyphy/ptII/ptolemy/actor/lib/test/auto/SubscriberPortInitialValues13.xml (RunModel)" time="0.03" />
  <testcase classname="ptolemy.util.test.junit.AutoTests" name="[349] /home/travis/build/icyphy/ptII/ptolemy/actor/lib/test/auto/SubscriberPortInitialValues14.xml (RunModel)" time="0.016" />
  <testcase classname="ptolemy.util.test.junit.AutoTests" name="[350] /home/travis/build/icyphy/ptII/ptolemy/actor/lib/test/auto/SubscriberPortInitialValues2.xml (RunModel)" time="0.017" />
  <testcase classname="ptolemy.util.test.junit.AutoTests" name="[351] /home/travis/build/icyphy/ptII/ptolemy/actor/lib/test/auto/SubscriberPortInitialValues3.xml (RunModel)" time="0.019" />
  <testcase classname="ptolemy.util.test.junit.AutoTests" name="[352] /home/travis/build/icyphy/ptII/ptolemy/actor/lib/test/auto/SubscriptionAggregator.xml (RunModel)" time="0.012" />
  <testcase classname="ptolemy.util.test.junit.AutoTests" name="[353] /home/travis/build/icyphy/ptII/ptolemy/actor/lib/test/auto/SubscriptionAggregator2.xml (RunModel)" time="0.012" />
  <testcase classname="ptolemy.util.test.junit.AutoTests" name="[354] /home/travis/build/icyphy/ptII/ptolemy/actor/lib/test/auto/SubscriptionAggregator3.xml (RunModel)" time="0.016" />
  <testcase classname="ptolemy.util.test.junit.AutoTests" name="[355] /home/travis/build/icyphy/ptII/ptolemy/actor/lib/test/auto/SubscriptionAggregatorMultiply.xml (RunModel)" time="0.014" />
  <testcase classname="ptolemy.util.test.junit.AutoTests" name="[356] /home/travis/build/icyphy/ptII/ptolemy/actor/lib/test/auto/SubscriptionAggregatorPortMultiply1.xml (RunModel)" time="0.014" />
  <testcase classname="ptolemy.util.test.junit.AutoTests" name="[357] /home/travis/build/icyphy/ptII/ptolemy/actor/lib/test/auto/Switch.xml (RunModel)" time="0.018" />
  <testcase classname="ptolemy.util.test.junit.AutoTests" name="[358] /home/travis/build/icyphy/ptII/ptolemy/actor/lib/test/auto/Switch2.xml (RunModel)" time="0.013" />
  <testcase classname="ptolemy.util.test.junit.AutoTests" name="[359] /home/travis/build/icyphy/ptII/ptolemy/actor/lib/test/auto/SwitchDE.xml (RunModel)" time="0.014" />
  <testcase classname="ptolemy.util.test.junit.AutoTests" name="[360] /home/travis/build/icyphy/ptII/ptolemy/actor/lib/test/auto/SynchronizerDE.xml (RunModel)" time="0.022" />
  <testcase classname="ptolemy.util.test.junit.AutoTests" name="[361] /home/travis/build/icyphy/ptII/ptolemy/actor/lib/test/auto/Test.xml (RunModel)" time="0.018" />
  <testcase classname="ptolemy.util.test.junit.AutoTests" name="[362] /home/travis/build/icyphy/ptII/ptolemy/actor/lib/test/auto/TestExceptionAttribute1.xml (RunModel)" time="0.01" />
  <testcase classname="ptolemy.util.test.junit.AutoTests" name="[363] /home/travis/build/icyphy/ptII/ptolemy/actor/lib/test/auto/TestExceptionAttribute2.xml (RunModel)" time="0.017" />
  <testcase classname="ptolemy.util.test.junit.AutoTests" name="[364] /home/travis/build/icyphy/ptII/ptolemy/actor/lib/test/auto/TestExceptionAttribute3.xml (RunModel)" time="0.017" />
  <testcase classname="ptolemy.util.test.junit.AutoTests" name="[365] /home/travis/build/icyphy/ptII/ptolemy/actor/lib/test/auto/TestExceptionAttribute4.xml (RunModel)" time="0.008" />
  <testcase classname="ptolemy.util.test.junit.AutoTests" name="[366] /home/travis/build/icyphy/ptII/ptolemy/actor/lib/test/auto/TestExceptionHandler1.xml (RunModel)" time="0.006" />
  <testcase classname="ptolemy.util.test.junit.AutoTests" name="[367] /home/travis/build/icyphy/ptII/ptolemy/actor/lib/test/auto/TestExceptionHandler2.xml (RunModel)" time="0.009" />
  <testcase classname="ptolemy.util.test.junit.AutoTests" name="[368] /home/travis/build/icyphy/ptII/ptolemy/actor/lib/test/auto/TestExceptionHandler3.xml (RunModel)" time="0.008" />
  <testcase classname="ptolemy.util.test.junit.AutoTests" name="[369] /home/travis/build/icyphy/ptII/ptolemy/actor/lib/test/auto/TestExceptionHandler4.xml (RunModel)" time="0.006" />
  <testcase classname="ptolemy.util.test.junit.AutoTests" name="[370] /home/travis/build/icyphy/ptII/ptolemy/actor/lib/test/auto/TestRequireCorrectOrder.xml (RunModel)" time="0.014" />
  <testcase classname="ptolemy.util.test.junit.AutoTests" name="[371] /home/travis/build/icyphy/ptII/ptolemy/actor/lib/test/auto/TestSimple.xml (RunModel)" time="0.007" />
  <testcase classname="ptolemy.util.test.junit.AutoTests" name="[372] /home/travis/build/icyphy/ptII/ptolemy/actor/lib/test/auto/ThrowModelError.xml (RunModel)" time="0.011" />
  <testcase classname="ptolemy.util.test.junit.AutoTests" name="[373] /home/travis/build/icyphy/ptII/ptolemy/actor/lib/test/auto/TimeDelayMicrosteps.xml (RunModel)" time="0.013" />
  <testcase classname="ptolemy.util.test.junit.AutoTests" name="[374] /home/travis/build/icyphy/ptII/ptolemy/actor/lib/test/auto/TimeDelayMicrosteps2.xml (RunModel)" time="0.017" />
  <testcase classname="ptolemy.util.test.junit.AutoTests" name="[375] /home/travis/build/icyphy/ptII/ptolemy/actor/lib/test/auto/TimeDelayMicrosteps3.xml (RunModel)" time="0.013" />
  <testcase classname="ptolemy.util.test.junit.AutoTests" name="[376] /home/travis/build/icyphy/ptII/ptolemy/actor/lib/test/auto/TimeDelayVariableMicrosteps.xml (RunModel)" time="0.012" />
  <testcase classname="ptolemy.util.test.junit.AutoTests" name="[377] /home/travis/build/icyphy/ptII/ptolemy/actor/lib/test/auto/TimeGap.xml (RunModel)" time="0.017" />
  <testcase classname="ptolemy.util.test.junit.AutoTests" name="[378] /home/travis/build/icyphy/ptII/ptolemy/actor/lib/test/auto/TimeGap2.xml (RunModel)" time="0.015" />
  <testcase classname="ptolemy.util.test.junit.AutoTests" name="[379] /home/travis/build/icyphy/ptII/ptolemy/actor/lib/test/auto/TimedSinewave.xml (RunModel)" time="0.05" />
  <testcase classname="ptolemy.util.test.junit.AutoTests" name="[380] /home/travis/build/icyphy/ptII/ptolemy/actor/lib/test/auto/TimedSinewavePhase.xml (RunModel)" time="0.043" />
  <testcase classname="ptolemy.util.test.junit.AutoTests" name="[381] /home/travis/build/icyphy/ptII/ptolemy/actor/lib/test/auto/Timer.xml (RunModel)" time="0.019" />
  <testcase classname="ptolemy.util.test.junit.AutoTests" name="[382] /home/travis/build/icyphy/ptII/ptolemy/actor/lib/test/auto/TriangularDistTestModel.xml (RunModel)" time="0.019" />
  <testcase classname="ptolemy.util.test.junit.AutoTests" name="[383] /home/travis/build/icyphy/ptII/ptolemy/actor/lib/test/auto/TrigFunction.xml (RunModel)" time="0.011" />
  <testcase classname="ptolemy.util.test.junit.AutoTests" name="[384] /home/travis/build/icyphy/ptII/ptolemy/actor/lib/test/auto/TrigFunctionDE.xml (RunModel)" time="0.012" />
  <testcase classname="ptolemy.util.test.junit.AutoTests" name="[385] /home/travis/build/icyphy/ptII/ptolemy/actor/lib/test/auto/TrigFunctionInverse.xml (RunModel)" time="0.01" />
  <testcase classname="ptolemy.util.test.junit.AutoTests" name="[386] /home/travis/build/icyphy/ptII/ptolemy/actor/lib/test/auto/TrigFunctionTan.xml (RunModel)" time="0.008" />
  <testcase classname="ptolemy.util.test.junit.AutoTests" name="[387] /home/travis/build/icyphy/ptII/ptolemy/actor/lib/test/auto/TriggeredClock.xml (RunModel)" time="0.009" />
  <testcase classname="ptolemy.util.test.junit.AutoTests" name="[388] /home/travis/build/icyphy/ptII/ptolemy/actor/lib/test/auto/URLDirectoryReader.xml (RunModel)" time="0.125" />
  <testcase classname="ptolemy.util.test.junit.AutoTests" name="[389] /home/travis/build/icyphy/ptII/ptolemy/actor/lib/test/auto/URLDirectoryReader3.xml (RunModel)" time="1.416" />
  <testcase classname="ptolemy.util.test.junit.AutoTests" name="[390] /home/travis/build/icyphy/ptII/ptolemy/actor/lib/test/auto/UnaryMathFunction.xml (RunModel)" time="0.032" />
  <testcase classname="ptolemy.util.test.junit.AutoTests" name="[391] /home/travis/build/icyphy/ptII/ptolemy/actor/lib/test/auto/Uniform.xml (RunModel)" time="0.012" />
  <testcase classname="ptolemy.util.test.junit.AutoTests" name="[392] /home/travis/build/icyphy/ptII/ptolemy/actor/lib/test/auto/UnionDisassemblerTest.xml (RunModel)" time="0.01" />
  <testcase classname="ptolemy.util.test.junit.AutoTests" name="[393] /home/travis/build/icyphy/ptII/ptolemy/actor/lib/test/auto/UtilityFunctions.xml (RunModel)" time="0.011" />
  <testcase classname="ptolemy.util.test.junit.AutoTests" name="[394] /home/travis/build/icyphy/ptII/ptolemy/actor/lib/test/auto/VariableSleep.xml (RunModel)" time="0.513" />
  <testcase classname="ptolemy.util.test.junit.AutoTests" name="[395] /home/travis/build/icyphy/ptII/ptolemy/actor/lib/test/auto/VectorAssemblerDisassemblerCT.xml (RunModel)" time="0.164" />
  <testcase classname="ptolemy.util.test.junit.AutoTests" name="[396] /home/travis/build/icyphy/ptII/ptolemy/actor/lib/test/auto/VectorAssemblerDisassemblerDE.xml (RunModel)" time="0.041" />
  <testcase classname="ptolemy.util.test.junit.AutoTests" name="[397] /home/travis/build/icyphy/ptII/ptolemy/actor/lib/test/auto/VectorAssemblerDisassemblerSDF.xml (RunModel)" time="0.016" />
  <testcase classname="ptolemy.util.test.junit.AutoTests" name="[398] /home/travis/build/icyphy/ptII/ptolemy/actor/lib/test/auto/WallClockTime.xml (RunModel)" time="1.017" />
  <testcase classname="ptolemy.util.test.junit.AutoTests" name="[399] /home/travis/build/icyphy/ptII/ptolemy/actor/lib/test/auto/WidthTestWithSubscriberPublisher.xml (RunModel)" time="0.039" />
  <testcase classname="ptolemy.util.test.junit.AutoTests" name="[400] /home/travis/build/icyphy/ptII/ptolemy/actor/lib/test/auto/WidthTestWithSubscriberPublisher2.xml (RunModel)" time="0.018" />
  <testcase classname="ptolemy.util.test.junit.AutoTests" name="[401] /home/travis/build/icyphy/ptII/ptolemy/actor/lib/test/auto/WidthTestWithSubscriberPublisher3.xml (RunModel)" time="0.011" />
  <testcase classname="ptolemy.util.test.junit.AutoTests" name="[402] /home/travis/build/icyphy/ptII/ptolemy/actor/lib/test/auto/Writer.xml (RunModel)" time="0.008" />
  <testcase classname="ptolemy.util.test.junit.AutoTests" name="[403] /home/travis/build/icyphy/ptII/ptolemy/actor/lib/test/auto/array.xml (RunModel)" time="0.021" />
  <testcase classname="ptolemy.util.test.junit.AutoTests" name="[404] /home/travis/build/icyphy/ptII/ptolemy/actor/lib/test/auto/array2.xml (RunModel)" time="0.019" />
  <testcase classname="ptolemy.util.test.junit.AutoTests" name="[405] /home/travis/build/icyphy/ptII/ptolemy/actor/lib/test/auto/arrayType.xml (RunModel)" time="0.015" />
  <testcase classname="ptolemy.util.test.junit.AutoTests" name="[406] /home/travis/build/icyphy/ptII/ptolemy/actor/lib/test/auto/arrayType10.xml (RunModel)" time="0.009" />
  <testcase classname="ptolemy.util.test.junit.AutoTests" name="[407] /home/travis/build/icyphy/ptII/ptolemy/actor/lib/test/auto/arrayType11.xml (RunModel)" time="0.008" />
  <testcase classname="ptolemy.util.test.junit.AutoTests" name="[408] /home/travis/build/icyphy/ptII/ptolemy/actor/lib/test/auto/arrayType12.xml (RunModel)" time="0.009" />
  <testcase classname="ptolemy.util.test.junit.AutoTests" name="[409] /home/travis/build/icyphy/ptII/ptolemy/actor/lib/test/auto/arrayType13.xml (RunModel)" time="0.009" />
  <testcase classname="ptolemy.util.test.junit.AutoTests" name="[410] /home/travis/build/icyphy/ptII/ptolemy/actor/lib/test/auto/arrayType14.xml (RunModel)" time="0.01" />
  <testcase classname="ptolemy.util.test.junit.AutoTests" name="[411] /home/travis/build/icyphy/ptII/ptolemy/actor/lib/test/auto/arrayType15.xml (RunModel)" time="0.011" />
  <testcase classname="ptolemy.util.test.junit.AutoTests" name="[412] /home/travis/build/icyphy/ptII/ptolemy/actor/lib/test/auto/arrayType16.xml (RunModel)" time="0.01" />
  <testcase classname="ptolemy.util.test.junit.AutoTests" name="[413] /home/travis/build/icyphy/ptII/ptolemy/actor/lib/test/auto/arrayType17.xml (RunModel)" time="0.009" />
  <testcase classname="ptolemy.util.test.junit.AutoTests" name="[414] /home/travis/build/icyphy/ptII/ptolemy/actor/lib/test/auto/arrayType18.xml (RunModel)" time="0.008" />
  <testcase classname="ptolemy.util.test.junit.AutoTests" name="[415] /home/travis/build/icyphy/ptII/ptolemy/actor/lib/test/auto/arrayType19.xml (RunModel)" time="0.008" />
  <testcase classname="ptolemy.util.test.junit.AutoTests" name="[416] /home/travis/build/icyphy/ptII/ptolemy/actor/lib/test/auto/arrayType2.xml (RunModel)" time="0.009" />
  <testcase classname="ptolemy.util.test.junit.AutoTests" name="[417] /home/travis/build/icyphy/ptII/ptolemy/actor/lib/test/auto/arrayType20.xml (RunModel)" time="0.008" />
  <testcase classname="ptolemy.util.test.junit.AutoTests" name="[418] /home/travis/build/icyphy/ptII/ptolemy/actor/lib/test/auto/arrayType21.xml (RunModel)" time="0.008" />
  <testcase classname="ptolemy.util.test.junit.AutoTests" name="[419] /home/travis/build/icyphy/ptII/ptolemy/actor/lib/test/auto/arrayType22.xml (RunModel)" time="0.008" />
  <testcase classname="ptolemy.util.test.junit.AutoTests" name="[420] /home/travis/build/icyphy/ptII/ptolemy/actor/lib/test/auto/arrayType23.xml (RunModel)" time="0.009" />
  <testcase classname="ptolemy.util.test.junit.AutoTests" name="[421] /home/travis/build/icyphy/ptII/ptolemy/actor/lib/test/auto/arrayType24.xml (RunModel)" time="0.01" />
  <testcase classname="ptolemy.util.test.junit.AutoTests" name="[422] /home/travis/build/icyphy/ptII/ptolemy/actor/lib/test/auto/arrayType25.xml (RunModel)" time="0.009" />
  <testcase classname="ptolemy.util.test.junit.AutoTests" name="[423] /home/travis/build/icyphy/ptII/ptolemy/actor/lib/test/auto/arrayType26.xml (RunModel)" time="0.009" />
  <testcase classname="ptolemy.util.test.junit.AutoTests" name="[424] /home/travis/build/icyphy/ptII/ptolemy/actor/lib/test/auto/arrayType27.xml (RunModel)" time="0.008" />
  <testcase classname="ptolemy.util.test.junit.AutoTests" name="[425] /home/travis/build/icyphy/ptII/ptolemy/actor/lib/test/auto/arrayType28.xml (RunModel)" time="0.01" />
  <testcase classname="ptolemy.util.test.junit.AutoTests" name="[426] /home/travis/build/icyphy/ptII/ptolemy/actor/lib/test/auto/arrayType3.xml (RunModel)" time="0.015" />
  <testcase classname="ptolemy.util.test.junit.AutoTests" name="[427] /home/travis/build/icyphy/ptII/ptolemy/actor/lib/test/auto/arrayType4.xml (RunModel)" time="0.009" />
  <testcase classname="ptolemy.util.test.junit.AutoTests" name="[428] /home/travis/build/icyphy/ptII/ptolemy/actor/lib/test/auto/arrayType5.xml (RunModel)" time="0.01" />
  <testcase classname="ptolemy.util.test.junit.AutoTests" name="[429] /home/travis/build/icyphy/ptII/ptolemy/actor/lib/test/auto/arrayType6.xml (RunModel)" time="0.008" />
  <testcase classname="ptolemy.util.test.junit.AutoTests" name="[430] /home/travis/build/icyphy/ptII/ptolemy/actor/lib/test/auto/arrayType7.xml (RunModel)" time="0.01" />
  <testcase classname="ptolemy.util.test.junit.AutoTests" name="[431] /home/travis/build/icyphy/ptII/ptolemy/actor/lib/test/auto/arrayType8.xml (RunModel)" time="0.014" />
  <testcase classname="ptolemy.util.test.junit.AutoTests" name="[432] /home/travis/build/icyphy/ptII/ptolemy/actor/lib/test/auto/arrayType9.xml (RunModel)" time="0.022" />
  <testcase classname="ptolemy.util.test.junit.AutoTests" name="[433] /home/travis/build/icyphy/ptII/ptolemy/actor/lib/test/auto/cast.xml (RunModel)" time="0.01" />
  <testcase classname="ptolemy.util.test.junit.AutoTests" name="[434] /home/travis/build/icyphy/ptII/ptolemy/actor/lib/test/auto/compositeMultiPort.xml (RunModel)" time="0.019" />
  <testcase classname="ptolemy.util.test.junit.AutoTests" name="[435] /home/travis/build/icyphy/ptII/ptolemy/actor/lib/test/auto/expressionCastInference.xml (RunModel)" time="0.008" />
  <testcase classname="ptolemy.util.test.junit.AutoTests" name="[436] /home/travis/build/icyphy/ptII/ptolemy/actor/lib/test/auto/expressionCastInference2.xml (RunModel)" time="0.008" />
  <testcase classname="ptolemy.util.test.junit.AutoTests" name="[437] /home/travis/build/icyphy/ptII/ptolemy/actor/lib/test/auto/expressionInference.xml (RunModel)" time="0.007" />
  <testcase classname="ptolemy.util.test.junit.AutoTests" name="[438] /home/travis/build/icyphy/ptII/ptolemy/actor/lib/test/auto/expression_bug.xml (RunModel)" time="0.01" />
  <testcase classname="ptolemy.util.test.junit.AutoTests" name="[439] /home/travis/build/icyphy/ptII/ptolemy/actor/lib/test/auto/factorial.xml (RunModel)" time="0.05" />
  <testcase classname="ptolemy.util.test.junit.AutoTests" name="[440] /home/travis/build/icyphy/ptII/ptolemy/actor/lib/test/auto/filterTest1.xml (RunModel)" time="0.014" />
  <testcase classname="ptolemy.util.test.junit.AutoTests" name="[441] /home/travis/build/icyphy/ptII/ptolemy/actor/lib/test/auto/funcApplyInConst.xml (RunModel)" time="0.009" />
  <testcase classname="ptolemy.util.test.junit.AutoTests" name="[442] /home/travis/build/icyphy/ptII/ptolemy/actor/lib/test/auto/funcApplyInExpr.xml (RunModel)" time="0.006" />
  <testcase classname="ptolemy.util.test.junit.AutoTests" name="[443] /home/travis/build/icyphy/ptII/ptolemy/actor/lib/test/auto/function.xml (RunModel)" time="0.014" />
  <testcase classname="ptolemy.util.test.junit.AutoTests" name="[444] /home/travis/build/icyphy/ptII/ptolemy/actor/lib/test/auto/function2.xml (RunModel)" time="0.01" />
  <testcase classname="ptolemy.util.test.junit.AutoTests" name="[445] /home/travis/build/icyphy/ptII/ptolemy/actor/lib/test/auto/function3.xml (RunModel)" time="0.008" />
  <testcase classname="ptolemy.util.test.junit.AutoTests" name="[446] /home/travis/build/icyphy/ptII/ptolemy/actor/lib/test/auto/functionClosureTest1.xml (RunModel)" time="0.011" />
  <testcase classname="ptolemy.util.test.junit.AutoTests" name="[447] /home/travis/build/icyphy/ptII/ptolemy/actor/lib/test/auto/functionClosureTest2.xml (RunModel)" time="0.008" />
  <testcase classname="ptolemy.util.test.junit.AutoTests" name="[448] /home/travis/build/icyphy/ptII/ptolemy/actor/lib/test/auto/functionClosureTest3.xml (RunModel)" time="0.009" />
  <testcase classname="ptolemy.util.test.junit.AutoTests" name="[449] /home/travis/build/icyphy/ptII/ptolemy/actor/lib/test/auto/functionClosureTest4.xml (RunModel)" time="0.015" />
  <testcase classname="ptolemy.util.test.junit.AutoTests" name="[450] /home/travis/build/icyphy/ptII/ptolemy/actor/lib/test/auto/functionClosureTest5.xml (RunModel)" time="0.015" />
  <testcase classname="ptolemy.util.test.junit.AutoTests" name="[451] /home/travis/build/icyphy/ptII/ptolemy/actor/lib/test/auto/functionClosureTest6.xml (RunModel)" time="0.009" />
  <testcase classname="ptolemy.util.test.junit.AutoTests" name="[452] /home/travis/build/icyphy/ptII/ptolemy/actor/lib/test/auto/functionsOnArcs.xml (RunModel)" time="0.009" />
  <testcase classname="ptolemy.util.test.junit.AutoTests" name="[453] /home/travis/build/icyphy/ptII/ptolemy/actor/lib/test/auto/functionsOnArcsHOF.xml (RunModel)" time="0.013" />
  <testcase classname="ptolemy.util.test.junit.AutoTests" name="[454] /home/travis/build/icyphy/ptII/ptolemy/actor/lib/test/auto/logic.xml (RunModel)" time="0.018" />
  <testcase classname="ptolemy.util.test.junit.AutoTests" name="[455] /home/travis/build/icyphy/ptII/ptolemy/actor/lib/test/auto/matrixType.xml (RunModel)" time="0.009" />
  <testcase classname="ptolemy.util.test.junit.AutoTests" name="[456] /home/travis/build/icyphy/ptII/ptolemy/actor/lib/test/auto/matrixType10.xml (RunModel)" time="0.009" />
  <testcase classname="ptolemy.util.test.junit.AutoTests" name="[457] /home/travis/build/icyphy/ptII/ptolemy/actor/lib/test/auto/matrixType11.xml (RunModel)" time="0.01" />
  <testcase classname="ptolemy.util.test.junit.AutoTests" name="[458] /home/travis/build/icyphy/ptII/ptolemy/actor/lib/test/auto/matrixType12.xml (RunModel)" time="0.011" />
  <testcase classname="ptolemy.util.test.junit.AutoTests" name="[459] /home/travis/build/icyphy/ptII/ptolemy/actor/lib/test/auto/matrixType13.xml (RunModel)" time="0.009" />
  <testcase classname="ptolemy.util.test.junit.AutoTests" name="[460] /home/travis/build/icyphy/ptII/ptolemy/actor/lib/test/auto/matrixType14.xml (RunModel)" time="0.011" />
  <testcase classname="ptolemy.util.test.junit.AutoTests" name="[461] /home/travis/build/icyphy/ptII/ptolemy/actor/lib/test/auto/matrixType2.xml (RunModel)" time="0.009" />
  <testcase classname="ptolemy.util.test.junit.AutoTests" name="[462] /home/travis/build/icyphy/ptII/ptolemy/actor/lib/test/auto/matrixType3.xml (RunModel)" time="0.01" />
  <testcase classname="ptolemy.util.test.junit.AutoTests" name="[463] /home/travis/build/icyphy/ptII/ptolemy/actor/lib/test/auto/matrixType4.xml (RunModel)" time="0.009" />
  <testcase classname="ptolemy.util.test.junit.AutoTests" name="[464] /home/travis/build/icyphy/ptII/ptolemy/actor/lib/test/auto/matrixType5.xml (RunModel)" time="0.009" />
  <testcase classname="ptolemy.util.test.junit.AutoTests" name="[465] /home/travis/build/icyphy/ptII/ptolemy/actor/lib/test/auto/matrixType6.xml (RunModel)" time="0.009" />
  <testcase classname="ptolemy.util.test.junit.AutoTests" name="[466] /home/travis/build/icyphy/ptII/ptolemy/actor/lib/test/auto/matrixType7.xml (RunModel)" time="0.009" />
  <testcase classname="ptolemy.util.test.junit.AutoTests" name="[467] /home/travis/build/icyphy/ptII/ptolemy/actor/lib/test/auto/matrixType8.xml (RunModel)" time="0.01" />
  <testcase classname="ptolemy.util.test.junit.AutoTests" name="[468] /home/travis/build/icyphy/ptII/ptolemy/actor/lib/test/auto/matrixType9.xml (RunModel)" time="0.009" />
  <testcase classname="ptolemy.util.test.junit.AutoTests" name="[469] /home/travis/build/icyphy/ptII/ptolemy/actor/lib/test/auto/paraFunctest.xml (RunModel)" time="0.007" />
  <testcase classname="ptolemy.util.test.junit.AutoTests" name="[470] /home/travis/build/icyphy/ptII/ptolemy/actor/lib/test/auto/paraFunctest2.xml (RunModel)" time="0.013" />
  <testcase classname="ptolemy.util.test.junit.AutoTests" name="[471] /home/travis/build/icyphy/ptII/ptolemy/actor/lib/test/auto/parameterPassing.xml (RunModel)" time="0.01" />
  <testcase classname="ptolemy.util.test.junit.AutoTests" name="[472] /home/travis/build/icyphy/ptII/ptolemy/actor/lib/test/auto/record.xml (RunModel)" time="0.013" />
  <testcase classname="ptolemy.util.test.junit.AutoTests" name="[473] /home/travis/build/icyphy/ptII/ptolemy/actor/lib/test/auto/sizedarray1.xml (RunModel)" time="0.01" />
  <testcase classname="ptolemy.util.test.junit.AutoTests" name="[474] /home/travis/build/icyphy/ptII/ptolemy/actor/lib/test/auto/sizedarray2.xml (RunModel)" time="0.083" />
  <testcase classname="ptolemy.util.test.junit.AutoTests" name="[475] /home/travis/build/icyphy/ptII/ptolemy/actor/lib/test/auto/twoPublishers.xml (RunModel)" time="0.064" />
  <system-out><![CDATA[/home/travis/build/icyphy/ptII/ptolemy/actor/lib/test/AbsoluteValue.tcl
testDefs.tcl: setting time out to 9000 seconds at Fri Jul 12 05:02:30 UTC 2019
98 ms. Memory: 120832K Free: 100315K (83%)
6 ms. Memory: 120832K Free: 98382K (81%)
14 ms. Memory: 120832K Free: 97644K (81%)
5 ms. Memory: 120832K Free: 96943K (80%)
/home/travis/build/icyphy/ptII/ptolemy/actor/lib/test/AddSubtract.tcl
29 ms. Memory: 120832K Free: 107572K (89%)
6 ms. Memory: 120832K Free: 106993K (89%)
5 ms. Memory: 120832K Free: 106110K (88%)
8 ms. Memory: 120832K Free: 105101K (87%)
49 ms. Memory: 120832K Free: 102474K (85%)
5 ms. Memory: 120832K Free: 101380K (84%)
/home/travis/build/icyphy/ptII/ptolemy/actor/lib/test/Average.tcl
7 ms. Memory: 120832K Free: 99959K (83%)
13 ms. Memory: 120832K Free: 98801K (82%)
/home/travis/build/icyphy/ptII/ptolemy/actor/lib/test/Bernoulli.tcl
4 ms. Memory: 120832K Free: 96909K (80%)
2 ms. Memory: 120832K Free: 96753K (80%)
/home/travis/build/icyphy/ptII/ptolemy/actor/lib/test/Clock.tcl
preinitializing
resolving types
initializing
executing number 1
wrapping up
idle
44 ms. Memory: 120832K Free: 93862K (78%)
Completed execution with 5 iterations
preinitializing
resolving types
initializing
executing number 1
wrapping up
idle
13 ms. Memory: 120832K Free: 93220K (77%)
Completed execution with 5 iterations
preinitializing
resolving types
initializing
executing number 1
wrapping up
idle
12 ms. Memory: 120832K Free: 92657K (77%)
Completed execution with 5 iterations
/home/travis/build/icyphy/ptII/ptolemy/actor/lib/test/Commutator.tcl
11 ms. Memory: 120832K Free: 90789K (75%)
8 ms. Memory: 120832K Free: 89585K (74%)


==== $PTII/ptolemy/actor/lib/test/Commutator.tcl: Commutator-4.1 run with mutations
==== Contents of test case:

    # Grab stdout and put it into results
    jdkCapture {
	$m addChangeListener  [java::new ptolemy.kernel.util.StreamChangeListener]

	set dir [$e0 getDirector]
	#	$dir addDebugListener  #		[java::new ptolemy.kernel.util.StreamListener]
	$m initialize
	$m iterate
	set c1 [java::new ptolemy.moml.MoMLChangeRequest $e0 $e0  {<deleteEntity name="ramp1"/>}]
	set c2 [java::new ptolemy.moml.MoMLChangeRequest $e0 $e0  {<deleteRelation name="r1"/>}]
	$e0 requestChange $c1
	$e0 requestChange $c2
	$m iterate
	$m wrapup
    } results
    # The MoML within <group> ...</group> comes 
    # from SDFScheduler._setBufferSize
    list $results  [enumToTokenValues [$rec getRecord 0]]

==== Result was:
{} {0 0 1}
---- Result should have been:
{StreamChangeRequest.changeExecuted(): <deleteEntity name="ramp1"/> succeeded
StreamChangeRequest.changeExecuted(): <deleteRelation name="r1"/> succeeded
StreamChangeRequest.changeExecuted(): Record firings per iteration succeeded
} {0 0 1}
---- Commutator-4.1 FAILED
11 ms. Memory: 167936K Free: 151321K (90%)
/home/travis/build/icyphy/ptII/ptolemy/actor/lib/test/Const.tcl
4 ms. Memory: 167936K Free: 149769K (89%)
2 ms. Memory: 167936K Free: 149273K (89%)
3 ms. Memory: 167936K Free: 148759K (89%)
3 ms. Memory: 167936K Free: 148247K (88%)
2 ms. Memory: 167936K Free: 147225K (88%)
25 ms. Memory: 167936K Free: 145681K (87%)
6 ms. Memory: 167936K Free: 144663K (86%)
4 ms. Memory: 167936K Free: 143639K (86%)
/home/travis/build/icyphy/ptII/ptolemy/actor/lib/test/CurrentTime.tcl
preinitializing
resolving types
initializing
executing number 1
wrapping up
idle
9 ms. Memory: 167936K Free: 142105K (85%)
Completed execution with 11 iterations
/home/travis/build/icyphy/ptII/ptolemy/actor/lib/test/DB.tcl
4 ms. Memory: 167936K Free: 140057K (83%)
3 ms. Memory: 167936K Free: 139543K (83%)
2 ms. Memory: 167936K Free: 139543K (83%)
/home/travis/build/icyphy/ptII/ptolemy/actor/lib/test/DiscreteRandomSource.tcl
preinitializing
resolving types
initializing
executing number 1
wrapping up
idle
5 ms. Memory: 167936K Free: 138009K (82%)
Completed execution with 4 iterations
preinitializing
resolving types
initializing
executing number 1
wrapping up
idle
2 ms. Memory: 167936K Free: 137495K (82%)
Completed execution with 4 iterations
preinitializing
resolving types
initializing
executing number 1
wrapping up
idle
3 ms. Memory: 167936K Free: 136985K (82%)
Completed execution with 4 iterations
preinitializing
resolving types
initializing
executing number 1
wrapping up
idle
3 ms. Memory: 167936K Free: 136457K (81%)
Completed execution with 4 iterations
preinitializing
resolving types
initializing
executing number 1
wrapping up
idle
4 ms. Memory: 167936K Free: 135961K (81%)
Completed execution with 4 iterations
/home/travis/build/icyphy/ptII/ptolemy/actor/lib/test/Distributor.tcl
14 ms. Memory: 167936K Free: 134423K (80%)
18 ms. Memory: 167936K Free: 133913K (80%)
StreamChangeRequest.changeExecuted(): <deleteEntity name="rec2"/> succeeded
StreamChangeRequest.changeExecuted(): <deleteRelation name="r2"/> succeeded
StreamChangeRequest.changeExecuted(): Record firings per iteration succeeded
5 ms. Memory: 167936K Free: 131337K (78%)
/home/travis/build/icyphy/ptII/ptolemy/actor/lib/test/Exit.tcl
Exit.tcl: this will print a message about Manager.exitAfterWrapup, which can be ignored.
4 ms. Memory: 167936K Free: 128115K (76%)
/home/travis/build/icyphy/ptII/ptolemy/actor/lib/test/Expression.tcl
17 ms. Memory: 167936K Free: 124183K (74%)
3 ms. Memory: 167936K Free: 123673K (74%)
3 ms. Memory: 167936K Free: 123153K (73%)
preinitializing
resolving types
initializing
executing number 1
wrapping up
idle
6 ms. Memory: 167936K Free: 121625K (72%)
Completed execution with 6 iterations
4 ms. Memory: 167936K Free: 153039K (91%)
9 ms. Memory: 167936K Free: 152525K (91%)
5 ms. Memory: 167936K Free: 150991K (90%)
9 ms. Memory: 167936K Free: 149967K (89%)
8 ms. Memory: 167936K Free: 148429K (88%)
/home/travis/build/icyphy/ptII/ptolemy/actor/lib/test/Gaussian.tcl
5 ms. Memory: 167936K Free: 146895K (87%)
sleeping 1 seconds: .......................................................................................................................................................................................................................................................................................................................................................................................................................................................................................................................................................................................................................................................................................................................................................................................................................................................................................................................................................................................................................................................................................................................................................................................................................................................................................................................................................................................................................................................................................................................................................................................................................................................................................................................................................................................................................................................................................................................................................................................................................................................................................................................................................................................................................................................................................................................................................................................................................................................................................................................................................................................................................................................................................................................................................................................................................................................................................................................................................................................................................................................................................................................................................................................................................................................................................................................................................................................................................................................................................................................................................................................................................................................................................................................................................................................................................................................................................................................................................................................................................................................................................................................................................................................................................................................................................................................................................................................................................................................................................................................................................................................................................................................................................................................................................................................................................................................................................................................................................................................................................................................................................................................................................................................................................................................................................................................................................................................................................................................................................................................................................................................................................................................................................................................................................................................................................................................................................................................................................................................................................................................................................................................................................................................................................................................................................................................................................................................................................................................................................................................................................................................................................................................................................................................................................................................................................................................................................................................................................................................................................................................................................................................................................................................................................................................................................................................................................................................................................................................................................................................................................................................................................................................................................................................................................................................................................................................................................................................................................................................................................................................................................................................................................................................................................................................................................................................................................................................................................................................................................................................................................................................................................................................................................................................................................................................................................................................................................................................................................................................................................................................................................................................................................................................................................................................................................................................................................................................................................................................................................................................................................................................................................................................................................................................................................................................................................................................................................................................................................................................................................................................................................................................................................................................................................................................................................................................................................................................................................................................................................................................................................................................................................................................................................................................................................................................................................................................................................................................................................................................................................................................................................................................................................................................................................................................................................................................................................................................................................................................................................................................................................................................................................................................................................................................................................................................................................................................................................................................................................................................................................................................................................................................................................................................................................................................................................................................................................................................................................................................................................................................................................................................................................................................................................................................................................................................................................................................................................................................................................................................................................................................................................................................................................................................................................................................................................................................................................................................................................................................................................................................................................................................................................................................................................................................................................................................................................................................................................................................................................................................................................................................................................................................................................................................................................................................................................................................................................................................................................................................................................................................................................................................................................................................................................................................................................................................................................................................................................................................................................................................................................................................................................................................................................................................................................................................................................................................................................................................................................................................................................................................................................................................................................................................................................................................................................................................................................................................................................................................................................................................................................................................................................................................................................................................................................................................................................................................................................................................................................................................................................................................................................................................................................................................................................................................................................................................................................................................................................................................................................................................................................................................................................................................................................................................................................................................................................................................................................................................................................................................................................................................................................................................................................................................................................................................................................................................................................................................................................................................................................................................................................................................................................................................................................................................................................................................................................................................................................................................................................................................................................................................................................................................................................................................................................................................................................................................................................................................................................................................................................................................................................................................................................................................................................................................................................................................................................................................................................................................................................................................................................................................................................................................................................................................................................................................................................................................................................................................................................................................................................................................................................................................................................................................................................................................................................................................................................................................................................................................................................................................................................................................................................................................................................................................................................................................................................................................................................................................................................................................................................................................................................................................................................................................................................................................................................................................................................................................................................................................................................................................................................................................................................................................................................................................................................................................................................................................................................................................................................................................................................................................................................................................................................................................................................................................................................................................................................................................................................................................................................................................................................................................................................................................................................................................................................................................................................................................................................................................................................................................................................................................................................................................................................................................................................................................................................................................................................................................................................................................................................................................................................................................................................................................................................................................................................................................................................................................................................................................................................................................................................................................................................................................................................................................................................................................................................................................................................................................................................................................................................................................................................................................................................................................................................................................................................................................................................................................................................................................................................................................................................................................................................................................................................................................................................................................................................................................................................................................................................................................................................................................................................................................................................................................................................................................................................................................................................................................................................................................................................................................................................................................................................................................................................................................................................................................................................................................................................................................................................................................................................................................................................................................................................................................................................................................................................................................................................................................................................................................................................................................................................................................................................................................................................................................................................................................................................................................................................................................................................................................................................................................................................................................................................................................................................................................................................................................................................................................................................................................................................................................................................................................................................................................................................................................................................................................................................................................................................................................................................................................................................................................................................................................................................................................................................................................................................................................................................................................................................................................................................................................................................................................................................................................................................................................................................................................................................................................................................................................................................................................................................................................................................................................................................................................................................................................................................................................................................................................................................................................................................................................................................................................................................................................................................................................................................................................................................................................................................................................................................................................................................................................................................................................................................................................................................................................................................................................................................................................................................................................................................................................................................................................................................................................................................................................................................................................................................................................................................................................................................................................................................................................................................................................................................................................................................................................................................................................................................................................................................................................................................................................................................................................................................................................................................................................................................................................................................................................................................................................................................................................................................................................................................................................................................................................................................................................................................................................................................................................................................................................................................................................................................................................................................................................................................................................................................................................................................................................................................................................................................................................................................................................................................................................................................................................................................................................................................................................................................................................................................................................................................................................................................................................................................................................................................................................................................................................................................................................................................................................................................................................................................................................................................................................................................................................................................................................................................................................................................................................................................................................................................................................................................................................................................................................................................................................................................................................................................................................................................................................................................................................................................................................................................................................................................................................................................................................................................................................................................................................................................................................................................................................................................................................................................................................................................................................................................................................................................................................................................................................................................................................................................................................................................................................................................................................................................................................................................................................................................................................................................................................................................................................................................................................................................................................................................................................................................................................................................................................................................................................................................................................................................................................................................................................................................................................................................................................................................................................................................................................................................................................................................................................................................................................................................................................................................................................................................................................................................................................................................................................................................................................................................................................................................................................................................................................................4 ms. Memory: 167936K Free: 137776K (82%)
5 ms. Memory: 167936K Free: 136766K (81%)
6 ms. Memory: 167936K Free: 136256K (81%)
1 ms. Memory: 167936K Free: 135728K (81%)
7 ms. Memory: 167936K Free: 135232K (81%)
/home/travis/build/icyphy/ptII/ptolemy/actor/lib/test/IIR.tcl
/home/travis/build/icyphy/ptII/ptolemy/actor/lib/test/Interpolator.tcl
3 ms. Memory: 167936K Free: 131136K (78%)
2 ms. Memory: 167936K Free: 130608K (78%)
2 ms. Memory: 167936K Free: 130112K (77%)
2 ms. Memory: 167936K Free: 129568K (77%)
2 ms. Memory: 167936K Free: 128544K (77%)
2 ms. Memory: 167936K Free: 128064K (76%)
3 ms. Memory: 167936K Free: 127040K (76%)
2 ms. Memory: 167936K Free: 126016K (75%)
2 ms. Memory: 167936K Free: 125502K (75%)
3 ms. Memory: 167936K Free: 124478K (74%)
/home/travis/build/icyphy/ptII/ptolemy/actor/lib/test/MathFunction.tcl
4 ms. Memory: 167936K Free: 122424K (73%)
2 ms. Memory: 167936K Free: 121406K (72%)
3 ms. Memory: 167936K Free: 120368K (72%)
2 ms. Memory: 167936K Free: 119344K (71%)
4 ms. Memory: 167936K Free: 117824K (70%)
7 ms. Memory: 167936K Free: 116272K (69%)
/home/travis/build/icyphy/ptII/ptolemy/actor/lib/test/Maximum.tcl
8 ms. Memory: 167936K Free: 114224K (68%)
9 ms. Memory: 167936K Free: 113728K (68%)
7 ms. Memory: 167936K Free: 112704K (67%)
5 ms. Memory: 167936K Free: 112184K (67%)
/home/travis/build/icyphy/ptII/ptolemy/actor/lib/test/Minimum.tcl
8 ms. Memory: 167936K Free: 110656K (66%)
4 ms. Memory: 167936K Free: 109632K (65%)
3 ms. Memory: 167936K Free: 109112K (65%)
10 ms. Memory: 167936K Free: 108608K (65%)
/home/travis/build/icyphy/ptII/ptolemy/actor/lib/test/MultiplyDivide.tcl
11 ms. Memory: 167936K Free: 106560K (63%)
12 ms. Memory: 167936K Free: 106032K (63%)
7 ms. Memory: 167936K Free: 105022K (63%)
6 ms. Memory: 167936K Free: 104512K (62%)
8 ms. Memory: 167936K Free: 103488K (62%)
/home/travis/build/icyphy/ptII/ptolemy/actor/lib/test/OrderedMerge.tcl
Connections changed on port: inputA
Connections changed on port: inputB
Connections changed on port: output
Connections changed on port: output
Connections changed on port: output
Connections changed on port: input
.top. Preinitializing ...
Invoking preinitialize():  .top.OrderedMerge
Called preinitialize()
Invoking preinitialize():  .top.Ramp
Called preinitialize()
Invoking preinitialize():  .top.Ramp2
Called preinitialize()
Invoking preinitialize():  .top.Test
Called preinitialize()
Connections changed on port: inputA
Connections changed on port: output
Connections changed on port: output
Connections changed on port: input
Connections changed on port: inputB
Connections changed on port: output
.top. Finished preinitialize().
Called initialize().
Invoking initialize():  .top.OrderedMerge
Initializing actor: .top.OrderedMerge
Adding a thread: .top.OrderedMerge
Invoking initialize():  .top.Ramp
Initializing actor: .top.Ramp
Adding a thread: .top.Ramp
Invoking initialize():  .top.Ramp2
Initializing actor: .top.Ramp2
Adding a thread: .top.Ramp2
Invoking initialize():  .top.Test
Initializing actor: .top.Test
Adding a thread: .top.Test
Called fire().
Checking for deadlock:
-- Starting thread.
Called initialize()
Called prefire()
Called fire()
-- Starting thread.
Called initialize()
-- Starting thread.
Called initialize()
Called prefire()
Called prefire()
Called fire()
Called fire()
-- Starting thread.
Called initialize()
Called prefire()
Called fire()
There are 0 Blocked actors, 0 Stopped actors, and 4 active threads.
Waiting for actors to stop.
Called postfire()
Called prefire()
Called fire()
Called postfire()
Called prefire()
Called fire()
Read input token from inputA with value 0.0
Next port to read input from is inputB
Called postfire()
Called prefire()
Called fire()
Read input token from inputB with value 0.0
Sent output token with value 0.0
Next port to read input from is inputA
Called postfire()
Called prefire()
Called fire()
Checking for deadlock:
There are 1 Blocked actors, 0 Stopped actors, and 4 active threads.
Waiting for actors to stop.
Called postfire()
Called prefire()
Called fire()
Called postfire()
Called prefire()
Called fire()
-- Read input: 0.0, which is expected to match: 0.0
Called prefire()
Called fire()
Checking for deadlock:
There are 3 Blocked actors, 0 Stopped actors, and 4 active threads.
Waiting for actors to stop.
Read input token from inputA with value 1.0
Sent output token with value 0.0
Next port to read input from is inputB
Called postfire()
Called prefire()
Called fire()
Read input token from inputB with value 1.5
Checking for deadlock:
There are 1 Blocked actors, 0 Stopped actors, and 4 active threads.
Waiting for actors to stop.
Called postfire()
Called prefire()
Called fire()
Called postfire()
Called prefire()
Called fire()
-- Read input: 0.0, which is expected to match: 0.0
Called prefire()
Called fire()
Checking for deadlock:
There are 3 Blocked actors, 0 Stopped actors, and 4 active threads.
Waiting for actors to stop.
-- Read input: 1.0, which is expected to match: 1.0
Called prefire()
Called fire()
Sent output token with value 1.0
Next port to read input from is inputA
Called postfire()
Called prefire()
Called fire()
Read input token from inputA with value 2.0
Sent output token with value 1.5
Next port to read input from is inputB
Called postfire()
Called prefire()
Called fire()
Read input token from inputB with value 3.0
Checking for deadlock:
There are 1 Blocked actors, 0 Stopped actors, and 4 active threads.
Waiting for actors to stop.
Called postfire()
Called prefire()
Called fire()
Called postfire()
Called prefire()
Called fire()
-- Read input: 1.5, which is expected to match: 1.5
Called prefire()
Called fire()
Checking for deadlock:
There are 3 Blocked actors, 0 Stopped actors, and 4 active threads.
Waiting for actors to stop.
-- Read input: 2.0, which is expected to match: 2.0
Called prefire()
Called fire()
Sent output token with value 2.0
Next port to read input from is inputA
Called postfire()
Called prefire()
Called fire()
Read input token from inputA with value 3.0
Sent output token with value 3.0
Next port to read input from is inputB
Called postfire()
Called prefire()
Called fire()
Read input token from inputB with value 4.5
Checking for deadlock:
There are 1 Blocked actors, 0 Stopped actors, and 4 active threads.
Waiting for actors to stop.
Called postfire()
Called prefire()
Called fire()
Called postfire()
Called prefire()
Called fire()
-- Read input: 3.0, which is expected to match: 3.0
Called prefire()
Called fire()
Checking for deadlock:
There are 3 Blocked actors, 0 Stopped actors, and 4 active threads.
Waiting for actors to stop.
-- Read input: 3.0, which is expected to match: 3.0
Called prefire()
Called fire()
Sent output token with value 3.0
Next port to read input from is inputA
Called postfire()
Called prefire()
Called fire()
Read input token from inputA with value 4.0
Sent output token with value 4.0
Next port to read input from is inputA
Called postfire()
Called prefire()
Called fire()
Checking for deadlock:
There are 2 Blocked actors, 0 Stopped actors, and 4 active threads.
Waiting for actors to stop.
Called postfire()
Called prefire()
Called fire()
-- Read input: 4.0, which is expected to match: 4.0
Called prefire()
Called fire()
Past the end of training data. Read and discard all inputs.
Checking for deadlock:
There are 3 Blocked actors, 0 Stopped actors, and 4 active threads.
Waiting for actors to stop.
Called postfire()
Called prefire()
Called fire()
Read input token from inputA with value 5.0
Sent output token with value 4.5
Next port to read input from is inputB
Called postfire()
Called prefire()
Called fire()
Read input token from inputB with value 6.0
Checking for deadlock:
There are 2 Blocked actors, 0 Stopped actors, and 4 active threads.
Waiting for actors to stop.
Called postfire()
Called prefire()
Called fire()
Called prefire()
Called fire()
Past the end of training data. Read and discard all inputs.
Checking for deadlock:
There are 3 Blocked actors, 0 Stopped actors, and 4 active threads.
Waiting for actors to stop.
Called prefire()
Called fire()
Past the end of training data. Read and discard all inputs.
Sent output token with value 5.0
Next port to read input from is inputA
Called postfire()
Called prefire()
Called fire()
Read input token from inputA with value 6.0
Sent output token with value 6.0
Next port to read input from is inputB
Called postfire()
Called prefire()
Called fire()
Read input token from inputB with value 7.5
Checking for deadlock:
There are 1 Blocked actors, 0 Stopped actors, and 4 active threads.
Waiting for actors to stop.
Called postfire()
Called prefire()
Called fire()
Called postfire()
Called prefire()
Called fire()
Called prefire()
Called fire()
Past the end of training data. Read and discard all inputs.
Checking for deadlock:
There are 3 Blocked actors, 0 Stopped actors, and 4 active threads.
Waiting for actors to stop.
Called prefire()
Called fire()
Past the end of training data. Read and discard all inputs.
Checking for deadlock:
There are 3 Blocked actors, 0 Stopped actors, and 4 active threads.
Waiting for actors to stop.
Sent output token with value 6.0
Next port to read input from is inputA
Called postfire()
Called prefire()
Called fire()
Called postfire()
Called prefire()
Called fire()
Checking for deadlock:
There are 3 Blocked actors, 0 Stopped actors, and 4 active threads.
Waiting for actors to stop.
Read input token from inputA with value 7.0
Called prefire()
Called fire()
Past the end of training data. Read and discard all inputs.
Checking for deadlock:
There are 3 Blocked actors, 0 Stopped actors, and 4 active threads.
Waiting for actors to stop.
Sent output token with value 7.0
Next port to read input from is inputA
Called postfire()
Called prefire()
Called fire()
-- Thread wrapup() called.
Called wrapup()
Thread .top.Ramp is exiting.
-- Thread stopped.
Read input token from inputA with value 8.0
Sent output token with value 7.5
Next port to read input from is inputB
Called postfire()
Called prefire()
Called fire()
Read input token from inputB with value 9.0
Checking for deadlock:
There are 1 Blocked actors, 0 Stopped actors, and 3 active threads.
Waiting for actors to stop.
Called postfire()
Called prefire()
Called fire()
Called prefire()
Called fire()
Past the end of training data. Read and discard all inputs.
Checking for deadlock:
There are 2 Blocked actors, 0 Stopped actors, and 3 active threads.
Waiting for actors to stop.
Called prefire()
Called fire()
Past the end of training data. Read and discard all inputs.
Checking for deadlock:
There are 2 Blocked actors, 0 Stopped actors, and 3 active threads.
Waiting for actors to stop.
Sent output token with value 8.0
Next port to read input from is inputA
Called postfire()
Called prefire()
Called fire()
Read input token from inputA with value 9.0
Called prefire()
Called fire()
Past the end of training data. Read and discard all inputs.
Checking for deadlock:
There are 2 Blocked actors, 0 Stopped actors, and 3 active threads.
Waiting for actors to stop.
Sent output token with value 9.0
Next port to read input from is inputB
Called postfire()
Called prefire()
Called fire()
Called postfire()
Called prefire()
Called fire()
Checking for deadlock:
There are 2 Blocked actors, 0 Stopped actors, and 3 active threads.
Waiting for actors to stop.
Read input token from inputB with value 10.5
Called prefire()
Called fire()
Past the end of training data. Read and discard all inputs.
Checking for deadlock:
There are 2 Blocked actors, 0 Stopped actors, and 3 active threads.
Waiting for actors to stop.
Sent output token with value 9.0
Next port to read input from is inputA
Called postfire()
Called prefire()
Called fire()
Checking for deadlock:
There are 3 Blocked actors, 0 Stopped actors, and 3 active threads.
Actors have stopped.
Checking for deadlock:
There are 3 Blocked actors, 0 Stopped actors, and 3 active threads.
Deadlock detected.
Resolving Deadlock
Checking for deadlock:
There are 3 Blocked actors, 0 Stopped actors, and 3 active threads.
Artificial Deadlock - increasing queue capacity.
increasing the capacity of receiver ptolemy.actor.TypedIOPort {.top.OrderedMerge.inputB} to 2
-- Thread wrapup() called.
Called wrapup()
Thread .top.Ramp2 is exiting.
-- Thread stopped.
Director: Called postfire().
Called postfire().
_stopRequested = false
_stopFireRequested = false
Returning from postfire(): true
Called fire().
Checking for deadlock:
There are 2 Blocked actors, 0 Stopped actors, and 2 active threads.
Actors have stopped.
Checking for deadlock:
There are 2 Blocked actors, 0 Stopped actors, and 2 active threads.
Deadlock detected.
Resolving Deadlock
Checking for deadlock:
There are 2 Blocked actors, 0 Stopped actors, and 2 active threads.
Deadlock detected: no processes blocked on write, but some are blocked on read.
Called postfire().
_stopRequested = false
_stopFireRequested = false
Returning from postfire(): false
Finished deactivating branches.
Called wrapup().
-- Thread wrapup() called.
Called wrapup()
-- Thread wrapup() called.
Called wrapup()
Thread .top.OrderedMerge is exiting.
-- Thread stopped.
-- Blocked Receiver call threw TerminateProcessException.
Thread .top.Test is exiting.
-- Thread stopped.
-- Blocked Receiver call threw TerminateProcessException.
81 ms. Memory: 167936K Free: 98878K (59%)
.top. Preinitializing ...
Invoking preinitialize():  .top.OrderedMerge
Called preinitialize()
Invoking preinitialize():  .top.Ramp
Called preinitialize()
Invoking preinitialize():  .top.Ramp2
Called preinitialize()
Invoking preinitialize():  .top.Test
Called preinitialize()
.top. Finished preinitialize().
Called initialize().
Invoking initialize():  .top.OrderedMerge
Initializing actor: .top.OrderedMerge
Adding a thread: .top.OrderedMerge
Invoking initialize():  .top.Ramp
Initializing actor: .top.Ramp
Adding a thread: .top.Ramp
Invoking initialize():  .top.Ramp2
Initializing actor: .top.Ramp2
Adding a thread: .top.Ramp2
Invoking initialize():  .top.Test
Initializing actor: .top.Test
Adding a thread: .top.Test
-- Starting thread.
Called initialize()
Called prefire()
Called fire()
-- Starting thread.
Called initialize()
Called prefire()
Called fire()
Called postfire()
Called prefire()
Called fire()
-- Starting thread.
Called initialize()
Called prefire()
Called fire()
Called postfire()
Called prefire()
Called fire()
Called fire().
Checking for deadlock:
There are 3 Blocked actors, 0 Stopped actors, and 4 active threads.
Waiting for actors to stop.
-- Starting thread.
Called initialize()
Called prefire()
Called fire()
Checking for deadlock:
There are 2 Blocked actors, 0 Stopped actors, and 4 active threads.
Waiting for actors to stop.
Called postfire()
Called prefire()
Called fire()
Checking for deadlock:
There are 3 Blocked actors, 0 Stopped actors, and 4 active threads.
Waiting for actors to stop.
Read input token from inputA with value 0.0
Next port to read input from is inputB
Called postfire()
Called prefire()
Called fire()
Called postfire()
Called prefire()
Called fire()
Checking for deadlock:
There are 3 Blocked actors, 0 Stopped actors, and 4 active threads.
Waiting for actors to stop.
Read input token from inputB with value 0.0
Checking for deadlock:
There are 2 Blocked actors, 0 Stopped actors, and 4 active threads.
Waiting for actors to stop.
-- Read input: 0.0, which is expected to match: 0.0
Called prefire()
Called fire()
Checking for deadlock:
There are 3 Blocked actors, 0 Stopped actors, and 4 active threads.
Waiting for actors to stop.
Sent output token with value 0.0
Next port to read input from is inputA
Called postfire()
Called prefire()
Called fire()
Checking for deadlock:
There are 2 Blocked actors, 0 Stopped actors, and 4 active threads.
Waiting for actors to stop.
Called postfire()
Called prefire()
Called fire()
Checking for deadlock:
There are 3 Blocked actors, 0 Stopped actors, and 4 active threads.
Waiting for actors to stop.
Read input token from inputA with value 1.0
Checking for deadlock:
There are 2 Blocked actors, 0 Stopped actors, and 4 active threads.
Waiting for actors to stop.
-- Read input: 0.0, which is expected to match: 0.0
Called prefire()
Called fire()
Checking for deadlock:
There are 3 Blocked actors, 0 Stopped actors, and 4 active threads.
Waiting for actors to stop.
Sent output token with value 0.0
Next port to read input from is inputB
Called postfire()
Called prefire()
Called fire()
Called postfire()
Called prefire()
Called fire()
Checking for deadlock:
There are 3 Blocked actors, 0 Stopped actors, and 4 active threads.
Waiting for actors to stop.
Read input token from inputB with value 1.5
-- Read input: 1.0, which is expected to match: 1.0
Called prefire()
Called fire()
Checking for deadlock:
There are 3 Blocked actors, 0 Stopped actors, and 4 active threads.
Waiting for actors to stop.
Sent output token with value 1.0
Next port to read input from is inputA
Called postfire()
Called prefire()
Called fire()
Checking for deadlock:
There are 2 Blocked actors, 0 Stopped actors, and 4 active threads.
Waiting for actors to stop.
Called postfire()
Called prefire()
Called fire()
Checking for deadlock:
There are 3 Blocked actors, 0 Stopped actors, and 4 active threads.
Waiting for actors to stop.
Read input token from inputA with value 2.0
Checking for deadlock:
There are 2 Blocked actors, 0 Stopped actors, and 4 active threads.
Waiting for actors to stop.
-- Read input: 1.5, which is expected to match: 1.5
Called prefire()
Called fire()
Checking for deadlock:
There are 3 Blocked actors, 0 Stopped actors, and 4 active threads.
Waiting for actors to stop.
Sent output token with value 1.5
Next port to read input from is inputB
Called postfire()
Called prefire()
Called fire()
Checking for deadlock:
There are 2 Blocked actors, 0 Stopped actors, and 4 active threads.
Waiting for actors to stop.
Called postfire()
Called prefire()
Called fire()
Checking for deadlock:
There are 3 Blocked actors, 0 Stopped actors, and 4 active threads.
Waiting for actors to stop.
Read input token from inputB with value 3.0
Checking for deadlock:
There are 2 Blocked actors, 0 Stopped actors, and 4 active threads.
Waiting for actors to stop.
-- Read input: 2.0, which is expected to match: 2.0
Called prefire()
Called fire()
Checking for deadlock:
There are 3 Blocked actors, 0 Stopped actors, and 4 active threads.
Waiting for actors to stop.
Sent output token with value 2.0
Next port to read input from is inputA
Called postfire()
Called prefire()
Called fire()
Checking for deadlock:
There are 2 Blocked actors, 0 Stopped actors, and 4 active threads.
Waiting for actors to stop.
Called postfire()
Called prefire()
Called fire()
Checking for deadlock:
There are 3 Blocked actors, 0 Stopped actors, and 4 active threads.
Waiting for actors to stop.
Read input token from inputA with value 3.0
Checking for deadlock:
There are 2 Blocked actors, 0 Stopped actors, and 4 active threads.
Waiting for actors to stop.
-- Read input: 3.0, which is expected to match: 3.0
Called prefire()
Called fire()
Checking for deadlock:
There are 3 Blocked actors, 0 Stopped actors, and 4 active threads.
Waiting for actors to stop.
Sent output token with value 3.0
Next port to read input from is inputB
Called postfire()
Called prefire()
Called fire()
Called postfire()
Called prefire()
Called fire()
Checking for deadlock:
There are 3 Blocked actors, 0 Stopped actors, and 4 active threads.
Waiting for actors to stop.
Read input token from inputB with value 4.5
-- Read input: 3.0, which is expected to match: 3.0
Called prefire()
Called fire()
Checking for deadlock:
There are 3 Blocked actors, 0 Stopped actors, and 4 active threads.
Waiting for actors to stop.
Sent output token with value 3.0
Next port to read input from is inputA
Called postfire()
Called prefire()
Called fire()
Checking for deadlock:
There are 2 Blocked actors, 0 Stopped actors, and 4 active threads.
Waiting for actors to stop.
Called postfire()
Called prefire()
Called fire()
Checking for deadlock:
There are 3 Blocked actors, 0 Stopped actors, and 4 active threads.
Waiting for actors to stop.
Read input token from inputA with value 4.0
Checking for deadlock:
There are 2 Blocked actors, 0 Stopped actors, and 4 active threads.
Waiting for actors to stop.
-- Read input: 4.0, which is expected to match: 4.0
Called prefire()
Called fire()
Past the end of training data. Read and discard all inputs.
Checking for deadlock:
There are 3 Blocked actors, 0 Stopped actors, and 4 active threads.
Waiting for actors to stop.
Sent output token with value 4.0
Next port to read input from is inputA
Called postfire()
Called prefire()
Called fire()
Checking for deadlock:
There are 2 Blocked actors, 0 Stopped actors, and 4 active threads.
Waiting for actors to stop.
Called postfire()
Called prefire()
Called fire()
Checking for deadlock:
There are 3 Blocked actors, 0 Stopped actors, and 4 active threads.
Waiting for actors to stop.
Read input token from inputA with value 5.0
Checking for deadlock:
There are 2 Blocked actors, 0 Stopped actors, and 4 active threads.
Waiting for actors to stop.
Called prefire()
Called fire()
Past the end of training data. Read and discard all inputs.
Checking for deadlock:
There are 3 Blocked actors, 0 Stopped actors, and 4 active threads.
Waiting for actors to stop.
Sent output token with value 4.5
Next port to read input from is inputB
Called postfire()
Called prefire()
Called fire()
Called postfire()
Called prefire()
Called fire()
Checking for deadlock:
There are 3 Blocked actors, 0 Stopped actors, and 4 active threads.
Waiting for actors to stop.
Read input token from inputB with value 6.0
Called prefire()
Called fire()
Past the end of training data. Read and discard all inputs.
Checking for deadlock:
There are 3 Blocked actors, 0 Stopped actors, and 4 active threads.
Waiting for actors to stop.
Sent output token with value 5.0
Next port to read input from is inputA
Called postfire()
Called prefire()
Called fire()
Called postfire()
Called prefire()
Called fire()
Checking for deadlock:
There are 3 Blocked actors, 0 Stopped actors, and 4 active threads.
Waiting for actors to stop.
Read input token from inputA with value 6.0
Called prefire()
Called fire()
Past the end of training data. Read and discard all inputs.
Checking for deadlock:
There are 3 Blocked actors, 0 Stopped actors, and 4 active threads.
Waiting for actors to stop.
Sent output token with value 6.0
Next port to read input from is inputB
Called postfire()
Called prefire()
Called fire()
Called postfire()
Called prefire()
Called fire()
Checking for deadlock:
There are 3 Blocked actors, 0 Stopped actors, and 4 active threads.
Waiting for actors to stop.
Read input token from inputB with value 7.5
Called prefire()
Called fire()
Past the end of training data. Read and discard all inputs.
Checking for deadlock:
There are 3 Blocked actors, 0 Stopped actors, and 4 active threads.
Waiting for actors to stop.
Sent output token with value 6.0
Next port to read input from is inputA
Called postfire()
Called prefire()
Called fire()
Checking for deadlock:
There are 2 Blocked actors, 0 Stopped actors, and 4 active threads.
Waiting for actors to stop.
Called postfire()
Called prefire()
Called fire()
Checking for deadlock:
There are 3 Blocked actors, 0 Stopped actors, and 4 active threads.
Waiting for actors to stop.
Read input token from inputA with value 7.0
Checking for deadlock:
There are 2 Blocked actors, 0 Stopped actors, and 4 active threads.
Waiting for actors to stop.
Called prefire()
Called fire()
Past the end of training data. Read and discard all inputs.
Checking for deadlock:
There are 3 Blocked actors, 0 Stopped actors, and 4 active threads.
Waiting for actors to stop.
Sent output token with value 7.0
Next port to read input from is inputA
Called postfire()
Called prefire()
Called fire()
Checking for deadlock:
There are 2 Blocked actors, 0 Stopped actors, and 4 active threads.
Waiting for actors to stop.
-- Thread wrapup() called.
Called wrapup()
Thread .top.Ramp is exiting.
-- Thread stopped.
Checking for deadlock:
There are 2 Blocked actors, 0 Stopped actors, and 3 active threads.
Waiting for actors to stop.
Read input token from inputA with value 8.0
Called prefire()
Called fire()
Past the end of training data. Read and discard all inputs.
Checking for deadlock:
There are 2 Blocked actors, 0 Stopped actors, and 3 active threads.
Waiting for actors to stop.
Sent output token with value 7.5
Next port to read input from is inputB
Called postfire()
Called prefire()
Called fire()
Checking for deadlock:
There are 1 Blocked actors, 0 Stopped actors, and 3 active threads.
Waiting for actors to stop.
Called postfire()
Called prefire()
Called fire()
Checking for deadlock:
There are 2 Blocked actors, 0 Stopped actors, and 3 active threads.
Waiting for actors to stop.
Read input token from inputB with value 9.0
Checking for deadlock:
There are 1 Blocked actors, 0 Stopped actors, and 3 active threads.
Waiting for actors to stop.
Called prefire()
Called fire()
Past the end of training data. Read and discard all inputs.
Checking for deadlock:
There are 2 Blocked actors, 0 Stopped actors, and 3 active threads.
Waiting for actors to stop.
Sent output token with value 8.0
Next port to read input from is inputA
Called postfire()
Called prefire()
Called fire()
Read input token from inputA with value 9.0
Called prefire()
Called fire()
Past the end of training data. Read and discard all inputs.
Checking for deadlock:
There are 2 Blocked actors, 0 Stopped actors, and 3 active threads.
Waiting for actors to stop.
Sent output token with value 9.0
Next port to read input from is inputB
Called postfire()
Called prefire()
Called fire()
Called postfire()
Called prefire()
Called fire()
Checking for deadlock:
There are 2 Blocked actors, 0 Stopped actors, and 3 active threads.
Waiting for actors to stop.
Read input token from inputB with value 10.5
Called prefire()
Called fire()
Past the end of training data. Read and discard all inputs.
Checking for deadlock:
There are 2 Blocked actors, 0 Stopped actors, and 3 active threads.
Waiting for actors to stop.
Sent output token with value 9.0
Next port to read input from is inputA
Called postfire()
Called prefire()
Called fire()
Checking for deadlock:
There are 3 Blocked actors, 0 Stopped actors, and 3 active threads.
Actors have stopped.
Checking for deadlock:
There are 3 Blocked actors, 0 Stopped actors, and 3 active threads.
Deadlock detected.
Resolving Deadlock
Checking for deadlock:
There are 3 Blocked actors, 0 Stopped actors, and 3 active threads.
Artificial Deadlock - increasing queue capacity.
increasing the capacity of receiver ptolemy.actor.TypedIOPort {.top.OrderedMerge.inputB} to 2
Director: Called postfire().
Called postfire().
_stopRequested = false
_stopFireRequested = false
Returning from postfire(): true
Called fire().
Checking for deadlock:
There are 2 Blocked actors, 0 Stopped actors, and 3 active threads.
Waiting for actors to stop.
-- Thread wrapup() called.
Called wrapup()
Thread .top.Ramp2 is exiting.
-- Thread stopped.
Checking for deadlock:
There are 2 Blocked actors, 0 Stopped actors, and 2 active threads.
Actors have stopped.
Checking for deadlock:
There are 2 Blocked actors, 0 Stopped actors, and 2 active threads.
Deadlock detected.
Resolving Deadlock
Checking for deadlock:
There are 2 Blocked actors, 0 Stopped actors, and 2 active threads.
Deadlock detected: no processes blocked on write, but some are blocked on read.
Called postfire().
_stopRequested = false
_stopFireRequested = false
Returning from postfire(): false
Finished deactivating branches.
Called wrapup().
-- Thread wrapup() called.
Called wrapup()
-- Thread wrapup() called.
Called wrapup()
Thread .top.Test is exiting.
-- Thread stopped.
-- Blocked Receiver call threw TerminateProcessException.
Thread .top.OrderedMerge is exiting.
-- Thread stopped.
-- Blocked Receiver call threw TerminateProcessException.
37 ms. Memory: 167936K Free: 96320K (57%)
/home/travis/build/icyphy/ptII/ptolemy/actor/lib/test/Publisher.tcl
20 ms. Memory: 167936K Free: 90176K (54%)
4 ms. Memory: 167936K Free: 84512K (50%)
18 ms. Memory: 167936K Free: 80960K (48%)
6 ms. Memory: 167936K Free: 79936K (48%)
6 ms. Memory: 167936K Free: 79408K (47%)
16 ms. Memory: 167936K Free: 78398K (47%)
3 ms. Memory: 167936K Free: 77888K (46%)
6 ms. Memory: 167936K Free: 76864K (46%)
22 ms. Memory: 167936K Free: 67134K (40%)
4 ms. Memory: 167936K Free: 63032K (38%)
2 ms. Memory: 167936K Free: 62528K (37%)
4 ms. Memory: 167936K Free: 59952K (36%)
9 ms. Memory: 226304K Free: 205098K (91%)
7 ms. Memory: 226304K Free: 195882K (87%)
19 ms. Memory: 226304K Free: 185114K (82%)
/home/travis/build/icyphy/ptII/ptolemy/actor/lib/test/Pulse.tcl
6 ms. Memory: 226304K Free: 175741K (78%)
8 ms. Memory: 226304K Free: 175231K (77%)
2 ms. Memory: 226304K Free: 174711K (77%)
1 ms. Memory: 226304K Free: 174207K (77%)
11 ms. Memory: 226304K Free: 173693K (77%)
13 ms. Memory: 226304K Free: 172655K (76%)
4 ms. Memory: 226304K Free: 171639K (76%)
6 ms. Memory: 226304K Free: 170621K (75%)
2 ms. Memory: 226304K Free: 170111K (75%)
/home/travis/build/icyphy/ptII/ptolemy/actor/lib/test/Ramp.tcl
3 ms. Memory: 226304K Free: 168063K (74%)
2 ms. Memory: 226304K Free: 167549K (74%)
2 ms. Memory: 226304K Free: 166511K (74%)
2 ms. Memory: 226304K Free: 166015K (73%)
4 ms. Memory: 226304K Free: 164991K (73%)
7 ms. Memory: 226304K Free: 164463K (73%)
4 ms. Memory: 226304K Free: 163453K (72%)
5 actors
4000 microseconds per iteration to create
7 ms. Memory: 226304K Free: 160895K (71%)
2 ms. Memory: 226304K Free: 159871K (71%)
5 ms. Memory: 226304K Free: 159357K (70%)
2 ms. Memory: 226304K Free: 158847K (70%)
50 actors
51000 microseconds per iteration to create
41 ms. Memory: 226304K Free: 143487K (63%)
3 ms. Memory: 226304K Free: 142463K (63%)
11 ms. Memory: 226304K Free: 141439K (62%)
3 ms. Memory: 226304K Free: 139887K (62%)
500 actors
1740000 microseconds per iteration to create
217 ms. Memory: 226304K Free: 91198K (40%)
39 ms. Memory: 226304K Free: 86078K (38%)
72 ms. Memory: 226304K Free: 202424K (89%)
36 ms. Memory: 226304K Free: 197304K (87%)
/home/travis/build/icyphy/ptII/ptolemy/actor/lib/test/RampContinuous.tcl
7 ms. Memory: 226304K Free: 196250K (87%)
/home/travis/build/icyphy/ptII/ptolemy/actor/lib/test/RecordAssembler.tcl
5 ms. Memory: 226304K Free: 194218K (86%)
3 ms. Memory: 226304K Free: 193194K (85%)
/home/travis/build/icyphy/ptII/ptolemy/actor/lib/test/RecordDisassembler.tcl
7 ms. Memory: 226304K Free: 191674K (85%)
3 ms. Memory: 226304K Free: 191130K (84%)
4 ms. Memory: 226304K Free: 189626K (84%)
/home/travis/build/icyphy/ptII/ptolemy/actor/lib/test/Scale.tcl
2 ms. Memory: 226304K Free: 188088K (83%)
2 ms. Memory: 226304K Free: 187058K (83%)
1 ms. Memory: 226304K Free: 186554K (82%)
2 ms. Memory: 226304K Free: 185530K (82%)
3 ms. Memory: 226304K Free: 185016K (82%)
/home/travis/build/icyphy/ptII/ptolemy/actor/lib/test/SequentialClock.tcl
preinitializing
resolving types
initializing
executing number 1
wrapping up
idle
3 ms. Memory: 226304K Free: 183482K (81%)
Completed execution with 5 iterations
preinitializing
resolving types
initializing
executing number 1
wrapping up
idle
2 ms. Memory: 226304K Free: 182954K (81%)
Completed execution with 5 iterations
preinitializing
resolving types
initializing
executing number 1
wrapping up
idle
1 ms. Memory: 226304K Free: 182458K (81%)
Completed execution with 5 iterations
/home/travis/build/icyphy/ptII/ptolemy/actor/lib/test/SetVariable.tcl
4 ms. Memory: 226304K Free: 180410K (80%)


==== $PTII/ptolemy/actor/lib/test/SetVariable.tcl: SetVariable-3.1 changeFailed
==== Contents of test case:

    #Uses 2.1 above
    jdkCaptureErr {
        # This test was failing if we ran Exit.tcl and then this test.
        # MessageHandler.error() now actually throws the Exception.
	catch {$setVariable changeFailed [java::null]  [java::new Exception {Test exception for SetVariable.changeFailed()}]} errMsg
    } results
    list [string range $results 0 89] "\n" $errMsg

==== Result was:
{java.lang.Exception: Test exception for SetVariable.changeFailed()
	at java.base/jdk.inter} {
} {java.lang.RuntimeException: java.lang.Exception: Test exception for SetVariable.changeFailed()}
---- Result should have been:
{java.lang.Exception: Test exception for SetVariable.changeFailed()
	at sun.reflect.NativeC} {
} {java.lang.RuntimeException: java.lang.Exception: Test exception for SetVariable.changeFailed()}
---- SetVariable-3.1 FAILED
/home/travis/build/icyphy/ptII/ptolemy/actor/lib/test/Sinewave.tcl
/home/travis/build/icyphy/ptII/ptolemy/actor/lib/test/SubscriptionAggregator.tcl
4 ms. Memory: 226304K Free: 169146K (75%)
2 ms. Memory: 226304K Free: 168122K (74%)
1 ms. Memory: 226304K Free: 167594K (74%)
1 ms. Memory: 226304K Free: 167594K (74%)
2 ms. Memory: 226304K Free: 164026K (72%)
21 ms. Memory: 226304K Free: 161978K (72%)
...............................................................1086 ms. Memory: 328704K Free: 214810K (65%)
/home/travis/build/icyphy/ptII/ptolemy/actor/lib/test/Test.tcl
 The next command will produce a warning about training mode,
   which may be ignored.
8 ms. Memory: 328704K Free: 212803K (65%)
2 ms. Memory: 328704K Free: 212293K (65%)
1 ms. Memory: 328704K Free: 211269K (64%)
3 ms. Memory: 328704K Free: 210740K (64%)
3 ms. Memory: 328704K Free: 210245K (64%)
3 ms. Memory: 328704K Free: 208707K (63%)
3 ms. Memory: 328704K Free: 207652K (63%)
 The next command will produce a warning about training mode,
   which may be ignored.
12 ms. Memory: 328704K Free: 205125K (62%)
 The next command will produce a warning about training mode,
   which may be ignored.
2 ms. Memory: 328704K Free: 204101K (62%)
5 ms. Memory: 328704K Free: 203572K (62%)
2 ms. Memory: 328704K Free: 203077K (62%)
2 ms. Memory: 328704K Free: 202548K (62%)
7 ms. Memory: 328704K Free: 201539K (61%)
6 ms. Memory: 328704K Free: 197957K (60%)
/home/travis/build/icyphy/ptII/ptolemy/actor/lib/test/TestExceptionHandler.tcl
 The next command will produce a warning about training mode,
   which may be ignored.
4 ms. Memory: 328704K Free: 196419K (60%)
1 ms. Memory: 328704K Free: 195909K (60%)
1 ms. Memory: 328704K Free: 195364K (59%)
/home/travis/build/icyphy/ptII/ptolemy/actor/lib/test/UnionDisassembler.tcl
29 ms. Memory: 328704K Free: 188227K (57%)
/home/travis/build/icyphy/ptII/ptolemy/actor/lib/test/VariableClock.tcl
preinitializing
resolving types
initializing
executing number 1
wrapping up
idle
3 ms. Memory: 328704K Free: 186693K (57%)
Completed execution with 11 iterations
preinitializing
resolving types
initializing
executing number 1
wrapping up
idle
8 ms. Memory: 328704K Free: 185124K (56%)
Completed execution with 10 iterations
07/12/19 05:02:39
Failed: 2  Total Tests: 234  ((Passed: 232, Newly Passed: 0)  Known Failed: 0) /home/travis/build/icyphy/ptII/ptolemy/actor/lib/test
----------------- testing (KnownFailure) /home/travis/build/icyphy/ptII/ptolemy/actor/lib/test/auto/knownFailedTests/PublisherPortToplevelSubscriber.xml
1 ms. Memory: 328704K Free: 181573K (55%)
Known Failure: java.lang.reflect.InvocationTargetException
----------------- testing (KnownFailure) /home/travis/build/icyphy/ptII/ptolemy/actor/lib/test/auto/knownFailedTests/PublisherSubscriberPortToplevel.xml
1 ms. Memory: 328704K Free: 177987K (54%)
Known Failure: java.lang.reflect.InvocationTargetException
----------------- testing (KnownFailure) /home/travis/build/icyphy/ptII/ptolemy/actor/lib/test/auto/knownFailedTests/PublisherSubscriptionAggregatorPort.xml
1 ms. Memory: 328704K Free: 173876K (53%)
Known Failure: java.lang.reflect.InvocationTargetException
----------------- testing (KnownFailure) /home/travis/build/icyphy/ptII/ptolemy/actor/lib/test/auto/knownFailedTests/sizedarray3.xml
4 ms. Memory: 328704K Free: 169285K (52%)
Known Failure: java.lang.reflect.InvocationTargetException
No auto/linux-amd64/*.xml tests in /home/travis/build/icyphy/ptII/ptolemy/actor/lib/test
AutoTests.java: About to close Vertx.
AutoTests.java: Vertx closed.

===========================================================================================
----------------- testing Fri Jul 12 05:02:40 UTC 2019 /home/travis/build/icyphy/ptII/ptolemy/actor/lib/test/auto/AbsoluteValue.xml
----------------- Instantiating /home/travis/build/icyphy/ptII/ptolemy/actor/lib/test/auto/AbsoluteValue.xml
11 ms. Memory: 328704K Free: 146757K (45%)
----------------- Invoking toplevel() on ptolemy.moml.MoMLSimpleApplication@69aa6f47
----------------- Done invoking toplevel() on ptolemy.moml.MoMLSimpleApplication@69aa6f47
reloadAllAccessors: .AbsoluteValue

===========================================================================================
----------------- testing Fri Jul 12 05:02:40 UTC 2019 /home/travis/build/icyphy/ptII/ptolemy/actor/lib/test/auto/AbsoluteValue2.xml
----------------- Instantiating /home/travis/build/icyphy/ptII/ptolemy/actor/lib/test/auto/AbsoluteValue2.xml
6 ms. Memory: 328704K Free: 140099K (43%)
----------------- Invoking toplevel() on ptolemy.moml.MoMLSimpleApplication@6ae37289
----------------- Done invoking toplevel() on ptolemy.moml.MoMLSimpleApplication@6ae37289
reloadAllAccessors: .AbsoluteValue2

===========================================================================================
----------------- testing Fri Jul 12 05:02:40 UTC 2019 /home/travis/build/icyphy/ptII/ptolemy/actor/lib/test/auto/Accumulator.xml
----------------- Instantiating /home/travis/build/icyphy/ptII/ptolemy/actor/lib/test/auto/Accumulator.xml
5 ms. Memory: 328704K Free: 133445K (41%)
----------------- Invoking toplevel() on ptolemy.moml.MoMLSimpleApplication@83b6c85
----------------- Done invoking toplevel() on ptolemy.moml.MoMLSimpleApplication@83b6c85
reloadAllAccessors: .Accumulator

===========================================================================================
----------------- testing Fri Jul 12 05:02:40 UTC 2019 /home/travis/build/icyphy/ptII/ptolemy/actor/lib/test/auto/Accumulator2.xml
----------------- Instantiating /home/travis/build/icyphy/ptII/ptolemy/actor/lib/test/auto/Accumulator2.xml
4 ms. Memory: 328704K Free: 128325K (39%)
----------------- Invoking toplevel() on ptolemy.moml.MoMLSimpleApplication@2b8bdf39
----------------- Done invoking toplevel() on ptolemy.moml.MoMLSimpleApplication@2b8bdf39
reloadAllAccessors: .Accumulator2

===========================================================================================
----------------- testing Fri Jul 12 05:02:40 UTC 2019 /home/travis/build/icyphy/ptII/ptolemy/actor/lib/test/auto/Accumulator3.xml
----------------- Instantiating /home/travis/build/icyphy/ptII/ptolemy/actor/lib/test/auto/Accumulator3.xml
2 ms. Memory: 328704K Free: 124229K (38%)
----------------- Invoking toplevel() on ptolemy.moml.MoMLSimpleApplication@665f57d6
----------------- Done invoking toplevel() on ptolemy.moml.MoMLSimpleApplication@665f57d6
reloadAllAccessors: .Accumulator3

===========================================================================================
----------------- testing Fri Jul 12 05:02:40 UTC 2019 /home/travis/build/icyphy/ptII/ptolemy/actor/lib/test/auto/ArrayAppend.xml
----------------- Instantiating /home/travis/build/icyphy/ptII/ptolemy/actor/lib/test/auto/ArrayAppend.xml
4 ms. Memory: 328704K Free: 117556K (36%)
----------------- Invoking toplevel() on ptolemy.moml.MoMLSimpleApplication@2ff6c2a2
----------------- Done invoking toplevel() on ptolemy.moml.MoMLSimpleApplication@2ff6c2a2
reloadAllAccessors: .ArrayAppend

===========================================================================================
----------------- testing Fri Jul 12 05:02:40 UTC 2019 /home/travis/build/icyphy/ptII/ptolemy/actor/lib/test/auto/ArrayAppend2.xml
----------------- Instantiating /home/travis/build/icyphy/ptII/ptolemy/actor/lib/test/auto/ArrayAppend2.xml
497 ms. Memory: 328704K Free: 207706K (63%)
----------------- Invoking toplevel() on ptolemy.moml.MoMLSimpleApplication@7ddd2b94
----------------- Done invoking toplevel() on ptolemy.moml.MoMLSimpleApplication@7ddd2b94
reloadAllAccessors: .ArrayAppend2

===========================================================================================
----------------- testing Fri Jul 12 05:02:41 UTC 2019 /home/travis/build/icyphy/ptII/ptolemy/actor/lib/test/auto/ArrayAppend3.xml
----------------- Instantiating /home/travis/build/icyphy/ptII/ptolemy/actor/lib/test/auto/ArrayAppend3.xml
3 ms. Memory: 328704K Free: 201824K (61%)
----------------- Invoking toplevel() on ptolemy.moml.MoMLSimpleApplication@70b42e39
----------------- Done invoking toplevel() on ptolemy.moml.MoMLSimpleApplication@70b42e39
reloadAllAccessors: .ArrayAppend3

===========================================================================================
----------------- testing Fri Jul 12 05:02:41 UTC 2019 /home/travis/build/icyphy/ptII/ptolemy/actor/lib/test/auto/ArrayAppend4.xml
----------------- Instantiating /home/travis/build/icyphy/ptII/ptolemy/actor/lib/test/auto/ArrayAppend4.xml
4 ms. Memory: 328704K Free: 196704K (60%)
----------------- Invoking toplevel() on ptolemy.moml.MoMLSimpleApplication@52bc4690
----------------- Done invoking toplevel() on ptolemy.moml.MoMLSimpleApplication@52bc4690
reloadAllAccessors: .ArrayAppend4

===========================================================================================
----------------- testing Fri Jul 12 05:02:41 UTC 2019 /home/travis/build/icyphy/ptII/ptolemy/actor/lib/test/auto/ArrayAppend5.xml
----------------- Instantiating /home/travis/build/icyphy/ptII/ptolemy/actor/lib/test/auto/ArrayAppend5.xml
1 ms. Memory: 328704K Free: 191584K (58%)
----------------- Invoking toplevel() on ptolemy.moml.MoMLSimpleApplication@6f491596
----------------- Done invoking toplevel() on ptolemy.moml.MoMLSimpleApplication@6f491596
reloadAllAccessors: .ArrayAppend5

===========================================================================================
----------------- testing Fri Jul 12 05:02:41 UTC 2019 /home/travis/build/icyphy/ptII/ptolemy/actor/lib/test/auto/ArrayAppend6.xml
----------------- Instantiating /home/travis/build/icyphy/ptII/ptolemy/actor/lib/test/auto/ArrayAppend6.xml
4 ms. Memory: 328704K Free: 186464K (57%)
----------------- Invoking toplevel() on ptolemy.moml.MoMLSimpleApplication@3f28bb31
----------------- Done invoking toplevel() on ptolemy.moml.MoMLSimpleApplication@3f28bb31
reloadAllAccessors: .ArrayAppend6

===========================================================================================
----------------- testing Fri Jul 12 05:02:41 UTC 2019 /home/travis/build/icyphy/ptII/ptolemy/actor/lib/test/auto/ArrayAppendPerformanceTest.xml
----------------- Instantiating /home/travis/build/icyphy/ptII/ptolemy/actor/lib/test/auto/ArrayAppendPerformanceTest.xml
49 ms. Memory: 328704K Free: 175714K (53%)
----------------- Invoking toplevel() on ptolemy.moml.MoMLSimpleApplication@3434e99a
----------------- Done invoking toplevel() on ptolemy.moml.MoMLSimpleApplication@3434e99a
reloadAllAccessors: .ArrayAppendPerformanceTest

===========================================================================================
----------------- testing Fri Jul 12 05:02:41 UTC 2019 /home/travis/build/icyphy/ptII/ptolemy/actor/lib/test/auto/ArrayAppendWithEmptyInput.xml
----------------- Instantiating /home/travis/build/icyphy/ptII/ptolemy/actor/lib/test/auto/ArrayAppendWithEmptyInput.xml
20 ms. Memory: 328704K Free: 168032K (51%)
----------------- Invoking toplevel() on ptolemy.moml.MoMLSimpleApplication@57a4079f
----------------- Done invoking toplevel() on ptolemy.moml.MoMLSimpleApplication@57a4079f
reloadAllAccessors: .ArrayAppendWithEmptyInput

===========================================================================================
----------------- testing Fri Jul 12 05:02:41 UTC 2019 /home/travis/build/icyphy/ptII/ptolemy/actor/lib/test/auto/ArrayAverage.xml
----------------- Instantiating /home/travis/build/icyphy/ptII/ptolemy/actor/lib/test/auto/ArrayAverage.xml
4 ms. Memory: 328704K Free: 160354K (49%)
----------------- Invoking toplevel() on ptolemy.moml.MoMLSimpleApplication@753d3fe7
----------------- Done invoking toplevel() on ptolemy.moml.MoMLSimpleApplication@753d3fe7
reloadAllAccessors: .ArrayAverage

===========================================================================================
----------------- testing Fri Jul 12 05:02:41 UTC 2019 /home/travis/build/icyphy/ptII/ptolemy/actor/lib/test/auto/ArrayContains.xml
----------------- Instantiating /home/travis/build/icyphy/ptII/ptolemy/actor/lib/test/auto/ArrayContains.xml
2 ms. Memory: 328704K Free: 154720K (47%)
----------------- Invoking toplevel() on ptolemy.moml.MoMLSimpleApplication@27eb90a9
----------------- Done invoking toplevel() on ptolemy.moml.MoMLSimpleApplication@27eb90a9
reloadAllAccessors: .ArrayContains

===========================================================================================
----------------- testing Fri Jul 12 05:02:41 UTC 2019 /home/travis/build/icyphy/ptII/ptolemy/actor/lib/test/auto/ArrayElement.xml
----------------- Instantiating /home/travis/build/icyphy/ptII/ptolemy/actor/lib/test/auto/ArrayElement.xml
3 ms. Memory: 328704K Free: 149600K (46%)
----------------- Invoking toplevel() on ptolemy.moml.MoMLSimpleApplication@70310dfe
----------------- Done invoking toplevel() on ptolemy.moml.MoMLSimpleApplication@70310dfe
reloadAllAccessors: .ArrayElement

===========================================================================================
----------------- testing Fri Jul 12 05:02:41 UTC 2019 /home/travis/build/icyphy/ptII/ptolemy/actor/lib/test/auto/ArrayElementAsMatrix.xml
----------------- Instantiating /home/travis/build/icyphy/ptII/ptolemy/actor/lib/test/auto/ArrayElementAsMatrix.xml
30 ms. Memory: 328704K Free: 138336K (42%)
----------------- Invoking toplevel() on ptolemy.moml.MoMLSimpleApplication@2a91c60c
----------------- Done invoking toplevel() on ptolemy.moml.MoMLSimpleApplication@2a91c60c
reloadAllAccessors: .ArrayElementAsMatrix

===========================================================================================
----------------- testing Fri Jul 12 05:02:41 UTC 2019 /home/travis/build/icyphy/ptII/ptolemy/actor/lib/test/auto/ArrayElementI.xml
----------------- Instantiating /home/travis/build/icyphy/ptII/ptolemy/actor/lib/test/auto/ArrayElementI.xml
3 ms. Memory: 328704K Free: 133209K (41%)
----------------- Invoking toplevel() on ptolemy.moml.MoMLSimpleApplication@6beb2543
----------------- Done invoking toplevel() on ptolemy.moml.MoMLSimpleApplication@6beb2543
reloadAllAccessors: .ArrayElementI

===========================================================================================
----------------- testing Fri Jul 12 05:02:41 UTC 2019 /home/travis/build/icyphy/ptII/ptolemy/actor/lib/test/auto/ArrayExtract.xml
----------------- Instantiating /home/travis/build/icyphy/ptII/ptolemy/actor/lib/test/auto/ArrayExtract.xml
7 ms. Memory: 328704K Free: 124514K (38%)
----------------- Invoking toplevel() on ptolemy.moml.MoMLSimpleApplication@643094de
----------------- Done invoking toplevel() on ptolemy.moml.MoMLSimpleApplication@643094de
reloadAllAccessors: .ArrayExtract

===========================================================================================
----------------- testing Fri Jul 12 05:02:41 UTC 2019 /home/travis/build/icyphy/ptII/ptolemy/actor/lib/test/auto/ArrayExtract2.xml
----------------- Instantiating /home/travis/build/icyphy/ptII/ptolemy/actor/lib/test/auto/ArrayExtract2.xml
3 ms. Memory: 328704K Free: 119394K (36%)
----------------- Invoking toplevel() on ptolemy.moml.MoMLSimpleApplication@11b928cd
----------------- Done invoking toplevel() on ptolemy.moml.MoMLSimpleApplication@11b928cd
reloadAllAccessors: .ArrayExtract2

===========================================================================================
----------------- testing Fri Jul 12 05:02:41 UTC 2019 /home/travis/build/icyphy/ptII/ptolemy/actor/lib/test/auto/ArrayLength.xml
----------------- Instantiating /home/travis/build/icyphy/ptII/ptolemy/actor/lib/test/auto/ArrayLength.xml
2 ms. Memory: 328704K Free: 115298K (35%)
----------------- Invoking toplevel() on ptolemy.moml.MoMLSimpleApplication@31479adc
----------------- Done invoking toplevel() on ptolemy.moml.MoMLSimpleApplication@31479adc
reloadAllAccessors: .ArrayLength

===========================================================================================
----------------- testing Fri Jul 12 05:02:41 UTC 2019 /home/travis/build/icyphy/ptII/ptolemy/actor/lib/test/auto/ArrayLevelCrossing.xml
----------------- Instantiating /home/travis/build/icyphy/ptII/ptolemy/actor/lib/test/auto/ArrayLevelCrossing.xml
4 ms. Memory: 328704K Free: 107616K (33%)
----------------- Invoking toplevel() on ptolemy.moml.MoMLSimpleApplication@b67cb8f
----------------- Done invoking toplevel() on ptolemy.moml.MoMLSimpleApplication@b67cb8f
reloadAllAccessors: .ArrayLevelCrossing

===========================================================================================
----------------- testing Fri Jul 12 05:02:41 UTC 2019 /home/travis/build/icyphy/ptII/ptolemy/actor/lib/test/auto/ArrayLevelCrossing2.xml
----------------- Instantiating /home/travis/build/icyphy/ptII/ptolemy/actor/lib/test/auto/ArrayLevelCrossing2.xml
4 ms. Memory: 570368K Free: 517615K (91%)
----------------- Invoking toplevel() on ptolemy.moml.MoMLSimpleApplication@4348ec1a
----------------- Done invoking toplevel() on ptolemy.moml.MoMLSimpleApplication@4348ec1a
reloadAllAccessors: .ArrayLevelCrossing2

===========================================================================================
----------------- testing Fri Jul 12 05:02:41 UTC 2019 /home/travis/build/icyphy/ptII/ptolemy/actor/lib/test/auto/ArrayPeakSearch.xml
----------------- Instantiating /home/travis/build/icyphy/ptII/ptolemy/actor/lib/test/auto/ArrayPeakSearch.xml
8 ms. Memory: 570368K Free: 508414K (89%)
----------------- Invoking toplevel() on ptolemy.moml.MoMLSimpleApplication@e64c09f
----------------- Done invoking toplevel() on ptolemy.moml.MoMLSimpleApplication@e64c09f
reloadAllAccessors: .ArrayPeakSearch

===========================================================================================
----------------- testing Fri Jul 12 05:02:42 UTC 2019 /home/travis/build/icyphy/ptII/ptolemy/actor/lib/test/auto/ArrayPeakSearch2.xml
----------------- Instantiating /home/travis/build/icyphy/ptII/ptolemy/actor/lib/test/auto/ArrayPeakSearch2.xml
9 ms. Memory: 570368K Free: 498159K (87%)
----------------- Invoking toplevel() on ptolemy.moml.MoMLSimpleApplication@683bda4d
----------------- Done invoking toplevel() on ptolemy.moml.MoMLSimpleApplication@683bda4d
reloadAllAccessors: .ArrayPeakSearch2

===========================================================================================
----------------- testing Fri Jul 12 05:02:42 UTC 2019 /home/travis/build/icyphy/ptII/ptolemy/actor/lib/test/auto/ArrayPeakSearch3.xml
----------------- Instantiating /home/travis/build/icyphy/ptII/ptolemy/actor/lib/test/auto/ArrayPeakSearch3.xml
5 ms. Memory: 570368K Free: 488958K (86%)
----------------- Invoking toplevel() on ptolemy.moml.MoMLSimpleApplication@1d451c88
----------------- Done invoking toplevel() on ptolemy.moml.MoMLSimpleApplication@1d451c88
reloadAllAccessors: .ArrayPeakSearch3

===========================================================================================
----------------- testing Fri Jul 12 05:02:42 UTC 2019 /home/travis/build/icyphy/ptII/ptolemy/actor/lib/test/auto/ArrayRemoveElement.xml
----------------- Instantiating /home/travis/build/icyphy/ptII/ptolemy/actor/lib/test/auto/ArrayRemoveElement.xml
4 ms. Memory: 570368K Free: 481280K (84%)
----------------- Invoking toplevel() on ptolemy.moml.MoMLSimpleApplication@2f8d016e
----------------- Done invoking toplevel() on ptolemy.moml.MoMLSimpleApplication@2f8d016e
reloadAllAccessors: .ArrayRemoveElement

===========================================================================================
----------------- testing Fri Jul 12 05:02:42 UTC 2019 /home/travis/build/icyphy/ptII/ptolemy/actor/lib/test/auto/ArraySort.xml
----------------- Instantiating /home/travis/build/icyphy/ptII/ptolemy/actor/lib/test/auto/ArraySort.xml
8 ms. Memory: 570368K Free: 472064K (83%)
----------------- Invoking toplevel() on ptolemy.moml.MoMLSimpleApplication@303d26db
----------------- Done invoking toplevel() on ptolemy.moml.MoMLSimpleApplication@303d26db
reloadAllAccessors: .ArraySort

===========================================================================================
----------------- testing Fri Jul 12 05:02:42 UTC 2019 /home/travis/build/icyphy/ptII/ptolemy/actor/lib/test/auto/ArraySum.xml
----------------- Instantiating /home/travis/build/icyphy/ptII/ptolemy/actor/lib/test/auto/ArraySum.xml
5 ms. Memory: 570368K Free: 466944K (82%)
----------------- Invoking toplevel() on ptolemy.moml.MoMLSimpleApplication@54a6e050
----------------- Done invoking toplevel() on ptolemy.moml.MoMLSimpleApplication@54a6e050
reloadAllAccessors: .ArraySum

===========================================================================================
----------------- testing Fri Jul 12 05:02:42 UTC 2019 /home/travis/build/icyphy/ptII/ptolemy/actor/lib/test/auto/ArrayToElements.xml
----------------- Instantiating /home/travis/build/icyphy/ptII/ptolemy/actor/lib/test/auto/ArrayToElements.xml
20 ms. Memory: 570368K Free: 461310K (81%)
----------------- Invoking toplevel() on ptolemy.moml.MoMLSimpleApplication@7e45b34
----------------- Done invoking toplevel() on ptolemy.moml.MoMLSimpleApplication@7e45b34
reloadAllAccessors: .ArrayToElements

===========================================================================================
----------------- testing Fri Jul 12 05:02:42 UTC 2019 /home/travis/build/icyphy/ptII/ptolemy/actor/lib/test/auto/ArrayToMatrix.xml
----------------- Instantiating /home/travis/build/icyphy/ptII/ptolemy/actor/lib/test/auto/ArrayToMatrix.xml
12 ms. Memory: 570368K Free: 447488K (78%)
----------------- Invoking toplevel() on ptolemy.moml.MoMLSimpleApplication@28b0b7c
----------------- Done invoking toplevel() on ptolemy.moml.MoMLSimpleApplication@28b0b7c
reloadAllAccessors: .ArrayToMatrix

===========================================================================================
----------------- testing Fri Jul 12 05:02:42 UTC 2019 /home/travis/build/icyphy/ptII/ptolemy/actor/lib/test/auto/ArrayUpdate1.xml
----------------- Instantiating /home/travis/build/icyphy/ptII/ptolemy/actor/lib/test/auto/ArrayUpdate1.xml
3 ms. Memory: 570368K Free: 442368K (78%)
----------------- Invoking toplevel() on ptolemy.moml.MoMLSimpleApplication@27a6d383
----------------- Done invoking toplevel() on ptolemy.moml.MoMLSimpleApplication@27a6d383
reloadAllAccessors: .ArrayUpdate1

===========================================================================================
----------------- testing Fri Jul 12 05:02:42 UTC 2019 /home/travis/build/icyphy/ptII/ptolemy/actor/lib/test/auto/ArrayUpdate2.xml
----------------- Instantiating /home/travis/build/icyphy/ptII/ptolemy/actor/lib/test/auto/ArrayUpdate2.xml
14 ms. Memory: 570368K Free: 436224K (76%)
----------------- Invoking toplevel() on ptolemy.moml.MoMLSimpleApplication@1940f0e7
----------------- Done invoking toplevel() on ptolemy.moml.MoMLSimpleApplication@1940f0e7
reloadAllAccessors: .ArrayUpdate2

===========================================================================================
----------------- testing Fri Jul 12 05:02:42 UTC 2019 /home/travis/build/icyphy/ptII/ptolemy/actor/lib/test/auto/ArrayUpdate3.xml
----------------- Instantiating /home/travis/build/icyphy/ptII/ptolemy/actor/lib/test/auto/ArrayUpdate3.xml
7 ms. Memory: 570368K Free: 431104K (76%)
----------------- Invoking toplevel() on ptolemy.moml.MoMLSimpleApplication@7ecfc12e
----------------- Done invoking toplevel() on ptolemy.moml.MoMLSimpleApplication@7ecfc12e
reloadAllAccessors: .ArrayUpdate3

===========================================================================================
----------------- testing Fri Jul 12 05:02:42 UTC 2019 /home/travis/build/icyphy/ptII/ptolemy/actor/lib/test/auto/Assert1.xml
----------------- Instantiating /home/travis/build/icyphy/ptII/ptolemy/actor/lib/test/auto/Assert1.xml
7 ms. Memory: 570368K Free: 427008K (75%)
----------------- Invoking toplevel() on ptolemy.moml.MoMLSimpleApplication@67639b9c
----------------- Done invoking toplevel() on ptolemy.moml.MoMLSimpleApplication@67639b9c
reloadAllAccessors: .Assert1

===========================================================================================
----------------- testing Fri Jul 12 05:02:42 UTC 2019 /home/travis/build/icyphy/ptII/ptolemy/actor/lib/test/auto/Assert2.xml
----------------- Instantiating /home/travis/build/icyphy/ptII/ptolemy/actor/lib/test/auto/Assert2.xml
14 ms. Memory: 570368K Free: 422398K (74%)
----------------- Invoking toplevel() on ptolemy.moml.MoMLSimpleApplication@197c97a0
----------------- Done invoking toplevel() on ptolemy.moml.MoMLSimpleApplication@197c97a0
reloadAllAccessors: .Assert2

===========================================================================================
----------------- testing Fri Jul 12 05:02:42 UTC 2019 /home/travis/build/icyphy/ptII/ptolemy/actor/lib/test/auto/BooleanMultiplexor.xml
----------------- Instantiating /home/travis/build/icyphy/ptII/ptolemy/actor/lib/test/auto/BooleanMultiplexor.xml
3 ms. Memory: 570368K Free: 417271K (73%)
----------------- Invoking toplevel() on ptolemy.moml.MoMLSimpleApplication@4aff2555
----------------- Done invoking toplevel() on ptolemy.moml.MoMLSimpleApplication@4aff2555
reloadAllAccessors: .BooleanMultiplexor

===========================================================================================
----------------- testing Fri Jul 12 05:02:42 UTC 2019 /home/travis/build/icyphy/ptII/ptolemy/actor/lib/test/auto/BooleanMultiplexor2.xml
----------------- Instantiating /home/travis/build/icyphy/ptII/ptolemy/actor/lib/test/auto/BooleanMultiplexor2.xml
3 ms. Memory: 570368K Free: 410624K (72%)
----------------- Invoking toplevel() on ptolemy.moml.MoMLSimpleApplication@4497a0ef
----------------- Done invoking toplevel() on ptolemy.moml.MoMLSimpleApplication@4497a0ef
reloadAllAccessors: .BooleanMultiplexor2

===========================================================================================
----------------- testing Fri Jul 12 05:02:42 UTC 2019 /home/travis/build/icyphy/ptII/ptolemy/actor/lib/test/auto/BooleanMultiplexor3.xml
----------------- Instantiating /home/travis/build/icyphy/ptII/ptolemy/actor/lib/test/auto/BooleanMultiplexor3.xml
8 ms. Memory: 570368K Free: 407038K (71%)
----------------- Invoking toplevel() on ptolemy.moml.MoMLSimpleApplication@1e643ed6
----------------- Done invoking toplevel() on ptolemy.moml.MoMLSimpleApplication@1e643ed6
reloadAllAccessors: .BooleanMultiplexor3

===========================================================================================
----------------- testing Fri Jul 12 05:02:42 UTC 2019 /home/travis/build/icyphy/ptII/ptolemy/actor/lib/test/auto/BooleanSelect.xml
----------------- Instantiating /home/travis/build/icyphy/ptII/ptolemy/actor/lib/test/auto/BooleanSelect.xml
4 ms. Memory: 570368K Free: 400863K (70%)
----------------- Invoking toplevel() on ptolemy.moml.MoMLSimpleApplication@be70a59
----------------- Done invoking toplevel() on ptolemy.moml.MoMLSimpleApplication@be70a59
reloadAllAccessors: .BooleanSelect

===========================================================================================
----------------- testing Fri Jul 12 05:02:42 UTC 2019 /home/travis/build/icyphy/ptII/ptolemy/actor/lib/test/auto/BooleanSelect2.xml
----------------- Instantiating /home/travis/build/icyphy/ptII/ptolemy/actor/lib/test/auto/BooleanSelect2.xml
2 ms. Memory: 570368K Free: 396798K (70%)
----------------- Invoking toplevel() on ptolemy.moml.MoMLSimpleApplication@53588b85
----------------- Done invoking toplevel() on ptolemy.moml.MoMLSimpleApplication@53588b85
reloadAllAccessors: .BooleanSelect2

===========================================================================================
----------------- testing Fri Jul 12 05:02:42 UTC 2019 /home/travis/build/icyphy/ptII/ptolemy/actor/lib/test/auto/BooleanSwitch.xml
----------------- Instantiating /home/travis/build/icyphy/ptII/ptolemy/actor/lib/test/auto/BooleanSwitch.xml
6 ms. Memory: 570368K Free: 390654K (68%)
----------------- Invoking toplevel() on ptolemy.moml.MoMLSimpleApplication@65758504
----------------- Done invoking toplevel() on ptolemy.moml.MoMLSimpleApplication@65758504
reloadAllAccessors: .BooleanSwitch

===========================================================================================
----------------- testing Fri Jul 12 05:02:42 UTC 2019 /home/travis/build/icyphy/ptII/ptolemy/actor/lib/test/auto/BooleanSwitch2.xml
----------------- Instantiating /home/travis/build/icyphy/ptII/ptolemy/actor/lib/test/auto/BooleanSwitch2.xml
2 ms. Memory: 570368K Free: 386558K (68%)
----------------- Invoking toplevel() on ptolemy.moml.MoMLSimpleApplication@5f05d9bc
----------------- Done invoking toplevel() on ptolemy.moml.MoMLSimpleApplication@5f05d9bc
reloadAllAccessors: .BooleanSwitch2

===========================================================================================
----------------- testing Fri Jul 12 05:02:42 UTC 2019 /home/travis/build/icyphy/ptII/ptolemy/actor/lib/test/auto/BooleanSwitchCloningBugWithClassRelationGroup.xml
----------------- Instantiating /home/travis/build/icyphy/ptII/ptolemy/actor/lib/test/auto/BooleanSwitchCloningBugWithClassRelationGroup.xml
3 ms. Memory: 570368K Free: 379904K (67%)
----------------- Invoking toplevel() on ptolemy.moml.MoMLSimpleApplication@70140fe8
----------------- Done invoking toplevel() on ptolemy.moml.MoMLSimpleApplication@70140fe8
reloadAllAccessors: .BooleanSwitchCloningBugWithClassRelationGroup

===========================================================================================
----------------- testing Fri Jul 12 05:02:42 UTC 2019 /home/travis/build/icyphy/ptII/ptolemy/actor/lib/test/auto/BusActors.xml
----------------- Instantiating /home/travis/build/icyphy/ptII/ptolemy/actor/lib/test/auto/BusActors.xml
5 ms. Memory: 570368K Free: 371712K (65%)
----------------- Invoking toplevel() on ptolemy.moml.MoMLSimpleApplication@1c7060f7
----------------- Done invoking toplevel() on ptolemy.moml.MoMLSimpleApplication@1c7060f7
reloadAllAccessors: .BusActors

===========================================================================================
----------------- testing Fri Jul 12 05:02:42 UTC 2019 /home/travis/build/icyphy/ptII/ptolemy/actor/lib/test/auto/ClassWrapper.xml
----------------- Instantiating /home/travis/build/icyphy/ptII/ptolemy/actor/lib/test/auto/ClassWrapper.xml
3 ms. Memory: 570368K Free: 367616K (64%)
----------------- Invoking toplevel() on ptolemy.moml.MoMLSimpleApplication@c3434e2
----------------- Done invoking toplevel() on ptolemy.moml.MoMLSimpleApplication@c3434e2
reloadAllAccessors: .ClassWrapper

===========================================================================================
----------------- testing Fri Jul 12 05:02:42 UTC 2019 /home/travis/build/icyphy/ptII/ptolemy/actor/lib/test/auto/Clock.xml
----------------- Instantiating /home/travis/build/icyphy/ptII/ptolemy/actor/lib/test/auto/Clock.xml
2 ms. Memory: 570368K Free: 363520K (64%)
----------------- Invoking toplevel() on ptolemy.moml.MoMLSimpleApplication@2aa2b0e
----------------- Done invoking toplevel() on ptolemy.moml.MoMLSimpleApplication@2aa2b0e
reloadAllAccessors: .Clock

===========================================================================================
----------------- testing Fri Jul 12 05:02:42 UTC 2019 /home/travis/build/icyphy/ptII/ptolemy/actor/lib/test/auto/Clock10.xml
----------------- Instantiating /home/travis/build/icyphy/ptII/ptolemy/actor/lib/test/auto/Clock10.xml
4 ms. Memory: 570368K Free: 357886K (63%)
----------------- Invoking toplevel() on ptolemy.moml.MoMLSimpleApplication@1769fa7
----------------- Done invoking toplevel() on ptolemy.moml.MoMLSimpleApplication@1769fa7
reloadAllAccessors: .Clock10

===========================================================================================
----------------- testing Fri Jul 12 05:02:42 UTC 2019 /home/travis/build/icyphy/ptII/ptolemy/actor/lib/test/auto/Clock11.xml
----------------- Instantiating /home/travis/build/icyphy/ptII/ptolemy/actor/lib/test/auto/Clock11.xml
5 ms. Memory: 570368K Free: 351742K (62%)
----------------- Invoking toplevel() on ptolemy.moml.MoMLSimpleApplication@5d0e2e9
----------------- Done invoking toplevel() on ptolemy.moml.MoMLSimpleApplication@5d0e2e9
reloadAllAccessors: .Clock11

===========================================================================================
----------------- testing Fri Jul 12 05:02:42 UTC 2019 /home/travis/build/icyphy/ptII/ptolemy/actor/lib/test/auto/Clock12.xml
----------------- Instantiating /home/travis/build/icyphy/ptII/ptolemy/actor/lib/test/auto/Clock12.xml
6 ms. Memory: 570368K Free: 346112K (61%)
----------------- Invoking toplevel() on ptolemy.moml.MoMLSimpleApplication@60d6e55b
----------------- Done invoking toplevel() on ptolemy.moml.MoMLSimpleApplication@60d6e55b
reloadAllAccessors: .Clock12

===========================================================================================
----------------- testing Fri Jul 12 05:02:43 UTC 2019 /home/travis/build/icyphy/ptII/ptolemy/actor/lib/test/auto/Clock13.xml
----------------- Instantiating /home/travis/build/icyphy/ptII/ptolemy/actor/lib/test/auto/Clock13.xml
5 ms. Memory: 570368K Free: 339968K (60%)
----------------- Invoking toplevel() on ptolemy.moml.MoMLSimpleApplication@957e662
----------------- Done invoking toplevel() on ptolemy.moml.MoMLSimpleApplication@957e662
reloadAllAccessors: .Clock13

===========================================================================================
----------------- testing Fri Jul 12 05:02:43 UTC 2019 /home/travis/build/icyphy/ptII/ptolemy/actor/lib/test/auto/Clock14.xml
----------------- Instantiating /home/travis/build/icyphy/ptII/ptolemy/actor/lib/test/auto/Clock14.xml
4 ms. Memory: 570368K Free: 334319K (59%)
----------------- Invoking toplevel() on ptolemy.moml.MoMLSimpleApplication@73dbddb
----------------- Done invoking toplevel() on ptolemy.moml.MoMLSimpleApplication@73dbddb
reloadAllAccessors: .Clock14

===========================================================================================
----------------- testing Fri Jul 12 05:02:43 UTC 2019 /home/travis/build/icyphy/ptII/ptolemy/actor/lib/test/auto/Clock15.xml
----------------- Instantiating /home/travis/build/icyphy/ptII/ptolemy/actor/lib/test/auto/Clock15.xml
4 ms. Memory: 570368K Free: 328175K (58%)
----------------- Invoking toplevel() on ptolemy.moml.MoMLSimpleApplication@29ae612
----------------- Done invoking toplevel() on ptolemy.moml.MoMLSimpleApplication@29ae612
reloadAllAccessors: .Clock15

===========================================================================================
----------------- testing Fri Jul 12 05:02:43 UTC 2019 /home/travis/build/icyphy/ptII/ptolemy/actor/lib/test/auto/Clock16.xml
----------------- Instantiating /home/travis/build/icyphy/ptII/ptolemy/actor/lib/test/auto/Clock16.xml
50 ms. Memory: 570368K Free: 313847K (55%)
----------------- Invoking toplevel() on ptolemy.moml.MoMLSimpleApplication@57353a6b
----------------- Done invoking toplevel() on ptolemy.moml.MoMLSimpleApplication@57353a6b
reloadAllAccessors: .Clock16

===========================================================================================
----------------- testing Fri Jul 12 05:02:43 UTC 2019 /home/travis/build/icyphy/ptII/ptolemy/actor/lib/test/auto/Clock17.xml
----------------- Instantiating /home/travis/build/icyphy/ptII/ptolemy/actor/lib/test/auto/Clock17.xml
16 ms. Memory: 570368K Free: 299503K (53%)
----------------- Invoking toplevel() on ptolemy.moml.MoMLSimpleApplication@7ce96f81
----------------- Done invoking toplevel() on ptolemy.moml.MoMLSimpleApplication@7ce96f81
reloadAllAccessors: .Clock17

===========================================================================================
----------------- testing Fri Jul 12 05:02:43 UTC 2019 /home/travis/build/icyphy/ptII/ptolemy/actor/lib/test/auto/Clock18.xml
----------------- Instantiating /home/travis/build/icyphy/ptII/ptolemy/actor/lib/test/auto/Clock18.xml
89 ms. Memory: 570368K Free: 521014K (91%)
----------------- Invoking toplevel() on ptolemy.moml.MoMLSimpleApplication@5d9eb58a
----------------- Done invoking toplevel() on ptolemy.moml.MoMLSimpleApplication@5d9eb58a
reloadAllAccessors: .Clock18

===========================================================================================
----------------- testing Fri Jul 12 05:02:43 UTC 2019 /home/travis/build/icyphy/ptII/ptolemy/actor/lib/test/auto/Clock19.xml
----------------- Instantiating /home/travis/build/icyphy/ptII/ptolemy/actor/lib/test/auto/Clock19.xml
10 ms. Memory: 570368K Free: 507392K (89%)
----------------- Invoking toplevel() on ptolemy.moml.MoMLSimpleApplication@48bf865
----------------- Done invoking toplevel() on ptolemy.moml.MoMLSimpleApplication@48bf865
reloadAllAccessors: .Clock19

===========================================================================================
----------------- testing Fri Jul 12 05:02:43 UTC 2019 /home/travis/build/icyphy/ptII/ptolemy/actor/lib/test/auto/Clock2.xml
----------------- Instantiating /home/travis/build/icyphy/ptII/ptolemy/actor/lib/test/auto/Clock2.xml
2 ms. Memory: 570368K Free: 502751K (88%)
----------------- Invoking toplevel() on ptolemy.moml.MoMLSimpleApplication@3a9437cb
----------------- Done invoking toplevel() on ptolemy.moml.MoMLSimpleApplication@3a9437cb
reloadAllAccessors: .Clock2

===========================================================================================
----------------- testing Fri Jul 12 05:02:43 UTC 2019 /home/travis/build/icyphy/ptII/ptolemy/actor/lib/test/auto/Clock20.xml
----------------- Instantiating /home/travis/build/icyphy/ptII/ptolemy/actor/lib/test/auto/Clock20.xml
4 ms. Memory: 570368K Free: 497662K (87%)
----------------- Invoking toplevel() on ptolemy.moml.MoMLSimpleApplication@518d14ab
----------------- Done invoking toplevel() on ptolemy.moml.MoMLSimpleApplication@518d14ab
reloadAllAccessors: .Clock20

===========================================================================================
----------------- testing Fri Jul 12 05:02:43 UTC 2019 /home/travis/build/icyphy/ptII/ptolemy/actor/lib/test/auto/Clock21.xml
----------------- Instantiating /home/travis/build/icyphy/ptII/ptolemy/actor/lib/test/auto/Clock21.xml
2 ms. Memory: 570368K Free: 492032K (86%)
----------------- Invoking toplevel() on ptolemy.moml.MoMLSimpleApplication@2d3be6ee
----------------- Done invoking toplevel() on ptolemy.moml.MoMLSimpleApplication@2d3be6ee
reloadAllAccessors: .Clock21

===========================================================================================
----------------- testing Fri Jul 12 05:02:43 UTC 2019 /home/travis/build/icyphy/ptII/ptolemy/actor/lib/test/auto/Clock22.xml
----------------- Instantiating /home/travis/build/icyphy/ptII/ptolemy/actor/lib/test/auto/Clock22.xml
2 ms. Memory: 570368K Free: 486912K (85%)
----------------- Invoking toplevel() on ptolemy.moml.MoMLSimpleApplication@3cb69fec
----------------- Done invoking toplevel() on ptolemy.moml.MoMLSimpleApplication@3cb69fec
reloadAllAccessors: .Clock22

===========================================================================================
----------------- testing Fri Jul 12 05:02:43 UTC 2019 /home/travis/build/icyphy/ptII/ptolemy/actor/lib/test/auto/Clock23.xml
----------------- Instantiating /home/travis/build/icyphy/ptII/ptolemy/actor/lib/test/auto/Clock23.xml
2 ms. Memory: 570368K Free: 481278K (84%)
----------------- Invoking toplevel() on ptolemy.moml.MoMLSimpleApplication@47c549b3
----------------- Done invoking toplevel() on ptolemy.moml.MoMLSimpleApplication@47c549b3
reloadAllAccessors: .Clock23

===========================================================================================
----------------- testing Fri Jul 12 05:02:43 UTC 2019 /home/travis/build/icyphy/ptII/ptolemy/actor/lib/test/auto/Clock24.xml
----------------- Instantiating /home/travis/build/icyphy/ptII/ptolemy/actor/lib/test/auto/Clock24.xml
2 ms. Memory: 570368K Free: 476158K (83%)
----------------- Invoking toplevel() on ptolemy.moml.MoMLSimpleApplication@30ad606b
----------------- Done invoking toplevel() on ptolemy.moml.MoMLSimpleApplication@30ad606b
reloadAllAccessors: .Clock24

===========================================================================================
----------------- testing Fri Jul 12 05:02:43 UTC 2019 /home/travis/build/icyphy/ptII/ptolemy/actor/lib/test/auto/Clock4.xml
----------------- Instantiating /home/travis/build/icyphy/ptII/ptolemy/actor/lib/test/auto/Clock4.xml
2 ms. Memory: 570368K Free: 471023K (83%)
----------------- Invoking toplevel() on ptolemy.moml.MoMLSimpleApplication@13821bec
----------------- Done invoking toplevel() on ptolemy.moml.MoMLSimpleApplication@13821bec
reloadAllAccessors: .Clock4

===========================================================================================
----------------- testing Fri Jul 12 05:02:43 UTC 2019 /home/travis/build/icyphy/ptII/ptolemy/actor/lib/test/auto/Clock5.xml
----------------- Instantiating /home/travis/build/icyphy/ptII/ptolemy/actor/lib/test/auto/Clock5.xml
7 ms. Memory: 570368K Free: 465408K (82%)
----------------- Invoking toplevel() on ptolemy.moml.MoMLSimpleApplication@3f05e9f4
----------------- Done invoking toplevel() on ptolemy.moml.MoMLSimpleApplication@3f05e9f4
reloadAllAccessors: .Clock5

===========================================================================================
----------------- testing Fri Jul 12 05:02:43 UTC 2019 /home/travis/build/icyphy/ptII/ptolemy/actor/lib/test/auto/Clock6.xml
----------------- Instantiating /home/travis/build/icyphy/ptII/ptolemy/actor/lib/test/auto/Clock6.xml
2 ms. Memory: 570368K Free: 461822K (81%)
----------------- Invoking toplevel() on ptolemy.moml.MoMLSimpleApplication@2e197d26
----------------- Done invoking toplevel() on ptolemy.moml.MoMLSimpleApplication@2e197d26
reloadAllAccessors: .Clock6

===========================================================================================
----------------- testing Fri Jul 12 05:02:43 UTC 2019 /home/travis/build/icyphy/ptII/ptolemy/actor/lib/test/auto/Clock7.xml
----------------- Instantiating /home/travis/build/icyphy/ptII/ptolemy/actor/lib/test/auto/Clock7.xml
3 ms. Memory: 570368K Free: 457214K (80%)
----------------- Invoking toplevel() on ptolemy.moml.MoMLSimpleApplication@7e66e7e5
----------------- Done invoking toplevel() on ptolemy.moml.MoMLSimpleApplication@7e66e7e5
reloadAllAccessors: .Clock7

===========================================================================================
----------------- testing Fri Jul 12 05:02:43 UTC 2019 /home/travis/build/icyphy/ptII/ptolemy/actor/lib/test/auto/Clock8.xml
----------------- Instantiating /home/travis/build/icyphy/ptII/ptolemy/actor/lib/test/auto/Clock8.xml
3 ms. Memory: 570368K Free: 452096K (79%)
----------------- Invoking toplevel() on ptolemy.moml.MoMLSimpleApplication@3b9f2081
----------------- Done invoking toplevel() on ptolemy.moml.MoMLSimpleApplication@3b9f2081
reloadAllAccessors: .Clock8

===========================================================================================
----------------- testing Fri Jul 12 05:02:43 UTC 2019 /home/travis/build/icyphy/ptII/ptolemy/actor/lib/test/auto/Clock9.xml
----------------- Instantiating /home/travis/build/icyphy/ptII/ptolemy/actor/lib/test/auto/Clock9.xml
6 ms. Memory: 570368K Free: 446431K (78%)
----------------- Invoking toplevel() on ptolemy.moml.MoMLSimpleApplication@1d137b2e
----------------- Done invoking toplevel() on ptolemy.moml.MoMLSimpleApplication@1d137b2e
reloadAllAccessors: .Clock9

===========================================================================================
----------------- testing Fri Jul 12 05:02:43 UTC 2019 /home/travis/build/icyphy/ptII/ptolemy/actor/lib/test/auto/CommDistDiscard.xml
----------------- Instantiating /home/travis/build/icyphy/ptII/ptolemy/actor/lib/test/auto/CommDistDiscard.xml
4 ms. Memory: 570368K Free: 440832K (77%)
----------------- Invoking toplevel() on ptolemy.moml.MoMLSimpleApplication@b7451b
----------------- Done invoking toplevel() on ptolemy.moml.MoMLSimpleApplication@b7451b
reloadAllAccessors: .CommDistDiscard

===========================================================================================
----------------- testing Fri Jul 12 05:02:43 UTC 2019 /home/travis/build/icyphy/ptII/ptolemy/actor/lib/test/auto/Commutator.xml
----------------- Instantiating /home/travis/build/icyphy/ptII/ptolemy/actor/lib/test/auto/Commutator.xml
4 ms. Memory: 570368K Free: 436736K (77%)
----------------- Invoking toplevel() on ptolemy.moml.MoMLSimpleApplication@4c1f57ea
----------------- Done invoking toplevel() on ptolemy.moml.MoMLSimpleApplication@4c1f57ea
reloadAllAccessors: .Commutator

===========================================================================================
----------------- testing Fri Jul 12 05:02:43 UTC 2019 /home/travis/build/icyphy/ptII/ptolemy/actor/lib/test/auto/Commutator2.xml
----------------- Instantiating /home/travis/build/icyphy/ptII/ptolemy/actor/lib/test/auto/Commutator2.xml
1 ms. Memory: 570368K Free: 432126K (76%)
----------------- Invoking toplevel() on ptolemy.moml.MoMLSimpleApplication@7a054566
----------------- Done invoking toplevel() on ptolemy.moml.MoMLSimpleApplication@7a054566
reloadAllAccessors: .Commutator2

===========================================================================================
----------------- testing Fri Jul 12 05:02:43 UTC 2019 /home/travis/build/icyphy/ptII/ptolemy/actor/lib/test/auto/Commutator3.xml
----------------- Instantiating /home/travis/build/icyphy/ptII/ptolemy/actor/lib/test/auto/Commutator3.xml
2 ms. Memory: 570368K Free: 428030K (75%)
----------------- Invoking toplevel() on ptolemy.moml.MoMLSimpleApplication@4d9e7cc9
----------------- Done invoking toplevel() on ptolemy.moml.MoMLSimpleApplication@4d9e7cc9
reloadAllAccessors: .Commutator3

===========================================================================================
----------------- testing Fri Jul 12 05:02:43 UTC 2019 /home/travis/build/icyphy/ptII/ptolemy/actor/lib/test/auto/Compare.xml
----------------- Instantiating /home/travis/build/icyphy/ptII/ptolemy/actor/lib/test/auto/Compare.xml
2 ms. Memory: 570368K Free: 421376K (74%)
----------------- Invoking toplevel() on ptolemy.moml.MoMLSimpleApplication@774b882c
----------------- Done invoking toplevel() on ptolemy.moml.MoMLSimpleApplication@774b882c
reloadAllAccessors: .Compare

===========================================================================================
----------------- testing Fri Jul 12 05:02:43 UTC 2019 /home/travis/build/icyphy/ptII/ptolemy/actor/lib/test/auto/CompareDE.xml
----------------- Instantiating /home/travis/build/icyphy/ptII/ptolemy/actor/lib/test/auto/CompareDE.xml
5 ms. Memory: 570368K Free: 414703K (73%)
----------------- Invoking toplevel() on ptolemy.moml.MoMLSimpleApplication@246aed5c
----------------- Done invoking toplevel() on ptolemy.moml.MoMLSimpleApplication@246aed5c
reloadAllAccessors: .CompareDE

===========================================================================================
----------------- testing Fri Jul 12 05:02:43 UTC 2019 /home/travis/build/icyphy/ptII/ptolemy/actor/lib/test/auto/ComplexDivide.xml
----------------- Instantiating /home/travis/build/icyphy/ptII/ptolemy/actor/lib/test/auto/ComplexDivide.xml
2 ms. Memory: 570368K Free: 411136K (72%)
----------------- Invoking toplevel() on ptolemy.moml.MoMLSimpleApplication@625316fe
----------------- Done invoking toplevel() on ptolemy.moml.MoMLSimpleApplication@625316fe
reloadAllAccessors: .ComplexDivide

===========================================================================================
----------------- testing Fri Jul 12 05:02:43 UTC 2019 /home/travis/build/icyphy/ptII/ptolemy/actor/lib/test/auto/ComputeHistogram.xml
----------------- Instantiating /home/travis/build/icyphy/ptII/ptolemy/actor/lib/test/auto/ComputeHistogram.xml
38 ms. Memory: 570368K Free: 398334K (70%)
----------------- Invoking toplevel() on ptolemy.moml.MoMLSimpleApplication@7407220c
----------------- Done invoking toplevel() on ptolemy.moml.MoMLSimpleApplication@7407220c
reloadAllAccessors: .ComputeHistogram

===========================================================================================
----------------- testing Fri Jul 12 05:02:43 UTC 2019 /home/travis/build/icyphy/ptII/ptolemy/actor/lib/test/auto/ConfigurationSelect.xml
----------------- Instantiating /home/travis/build/icyphy/ptII/ptolemy/actor/lib/test/auto/ConfigurationSelect.xml
9 ms. Memory: 570368K Free: 392702K (69%)
----------------- Invoking toplevel() on ptolemy.moml.MoMLSimpleApplication@3094c3a5
----------------- Done invoking toplevel() on ptolemy.moml.MoMLSimpleApplication@3094c3a5
reloadAllAccessors: .ConfigurationSelect

===========================================================================================
----------------- testing Fri Jul 12 05:02:44 UTC 2019 /home/travis/build/icyphy/ptII/ptolemy/actor/lib/test/auto/ConfigurationSelect2.xml
----------------- Instantiating /home/travis/build/icyphy/ptII/ptolemy/actor/lib/test/auto/ConfigurationSelect2.xml
3 ms. Memory: 570368K Free: 388608K (68%)
----------------- Invoking toplevel() on ptolemy.moml.MoMLSimpleApplication@6cf601f4
----------------- Done invoking toplevel() on ptolemy.moml.MoMLSimpleApplication@6cf601f4
reloadAllAccessors: .ConfigurationSelect2

===========================================================================================
----------------- testing Fri Jul 12 05:02:44 UTC 2019 /home/travis/build/icyphy/ptII/ptolemy/actor/lib/test/auto/ConfigurationSwitch.xml
----------------- Instantiating /home/travis/build/icyphy/ptII/ptolemy/actor/lib/test/auto/ConfigurationSwitch.xml
2 ms. Memory: 570368K Free: 382974K (67%)
----------------- Invoking toplevel() on ptolemy.moml.MoMLSimpleApplication@38cd0481
----------------- Done invoking toplevel() on ptolemy.moml.MoMLSimpleApplication@38cd0481
reloadAllAccessors: .ConfigurationSwitch

===========================================================================================
----------------- testing Fri Jul 12 05:02:44 UTC 2019 /home/travis/build/icyphy/ptII/ptolemy/actor/lib/test/auto/ConfigurationSwitch2.xml
----------------- Instantiating /home/travis/build/icyphy/ptII/ptolemy/actor/lib/test/auto/ConfigurationSwitch2.xml
4 ms. Memory: 570368K Free: 377854K (66%)
----------------- Invoking toplevel() on ptolemy.moml.MoMLSimpleApplication@d4d26f
----------------- Done invoking toplevel() on ptolemy.moml.MoMLSimpleApplication@d4d26f
reloadAllAccessors: .ConfigurationSwitch2

===========================================================================================
----------------- testing Fri Jul 12 05:02:44 UTC 2019 /home/travis/build/icyphy/ptII/ptolemy/actor/lib/test/auto/ConfigurationSwitchCloningBugWithClassRelationGroup.xml
----------------- Instantiating /home/travis/build/icyphy/ptII/ptolemy/actor/lib/test/auto/ConfigurationSwitchCloningBugWithClassRelationGroup.xml
1 ms. Memory: 570368K Free: 371200K (65%)
----------------- Invoking toplevel() on ptolemy.moml.MoMLSimpleApplication@4ea96c0d
----------------- Done invoking toplevel() on ptolemy.moml.MoMLSimpleApplication@4ea96c0d
reloadAllAccessors: .ConfigurationSwitchCloningBugWithClassRelationGroup

===========================================================================================
----------------- testing Fri Jul 12 05:02:44 UTC 2019 /home/travis/build/icyphy/ptII/ptolemy/actor/lib/test/auto/ConfigurationSwitchSelectSDF.xml
----------------- Instantiating /home/travis/build/icyphy/ptII/ptolemy/actor/lib/test/auto/ConfigurationSwitchSelectSDF.xml
3 ms. Memory: 570368K Free: 365566K (64%)
----------------- Invoking toplevel() on ptolemy.moml.MoMLSimpleApplication@568d0bd0
----------------- Done invoking toplevel() on ptolemy.moml.MoMLSimpleApplication@568d0bd0
reloadAllAccessors: .ConfigurationSwitchSelectSDF

===========================================================================================
----------------- testing Fri Jul 12 05:02:44 UTC 2019 /home/travis/build/icyphy/ptII/ptolemy/actor/lib/test/auto/ConfigurationSwitchSelectSDF2.xml
----------------- Instantiating /home/travis/build/icyphy/ptII/ptolemy/actor/lib/test/auto/ConfigurationSwitchSelectSDF2.xml
2 ms. Memory: 570368K Free: 360446K (63%)
----------------- Invoking toplevel() on ptolemy.moml.MoMLSimpleApplication@5daaacef
----------------- Done invoking toplevel() on ptolemy.moml.MoMLSimpleApplication@5daaacef
reloadAllAccessors: .ConfigurationSwitchSelectSDF2

===========================================================================================
----------------- testing Fri Jul 12 05:02:44 UTC 2019 /home/travis/build/icyphy/ptII/ptolemy/actor/lib/test/auto/Const.xml
----------------- Instantiating /home/travis/build/icyphy/ptII/ptolemy/actor/lib/test/auto/Const.xml
1 ms. Memory: 570368K Free: 356864K (63%)
----------------- Invoking toplevel() on ptolemy.moml.MoMLSimpleApplication@2f97115
----------------- Done invoking toplevel() on ptolemy.moml.MoMLSimpleApplication@2f97115
reloadAllAccessors: .Const

===========================================================================================
----------------- testing Fri Jul 12 05:02:44 UTC 2019 /home/travis/build/icyphy/ptII/ptolemy/actor/lib/test/auto/Const2.xml
----------------- Instantiating /home/travis/build/icyphy/ptII/ptolemy/actor/lib/test/auto/Const2.xml
2 ms. Memory: 570368K Free: 352768K (62%)
----------------- Invoking toplevel() on ptolemy.moml.MoMLSimpleApplication@405eb212
----------------- Done invoking toplevel() on ptolemy.moml.MoMLSimpleApplication@405eb212
reloadAllAccessors: .Const2

===========================================================================================
----------------- testing Fri Jul 12 05:02:44 UTC 2019 /home/travis/build/icyphy/ptII/ptolemy/actor/lib/test/auto/Const3.xml
----------------- Instantiating /home/travis/build/icyphy/ptII/ptolemy/actor/lib/test/auto/Const3.xml
1 ms. Memory: 570368K Free: 350206K (61%)
----------------- Invoking toplevel() on ptolemy.moml.MoMLSimpleApplication@73451c8a
----------------- Done invoking toplevel() on ptolemy.moml.MoMLSimpleApplication@73451c8a
reloadAllAccessors: .Const3

===========================================================================================
----------------- testing Fri Jul 12 05:02:44 UTC 2019 /home/travis/build/icyphy/ptII/ptolemy/actor/lib/test/auto/ConstantPublisherPort1.xml
----------------- Instantiating /home/travis/build/icyphy/ptII/ptolemy/actor/lib/test/auto/ConstantPublisherPort1.xml
7 ms. Memory: 570368K Free: 341504K (60%)
----------------- Invoking toplevel() on ptolemy.moml.MoMLSimpleApplication@54058de7
----------------- Done invoking toplevel() on ptolemy.moml.MoMLSimpleApplication@54058de7
reloadAllAccessors: .ConstantPublisherPort1

===========================================================================================
----------------- testing Fri Jul 12 05:02:44 UTC 2019 /home/travis/build/icyphy/ptII/ptolemy/actor/lib/test/auto/ConstantPublisherPort2.xml
----------------- Instantiating /home/travis/build/icyphy/ptII/ptolemy/actor/lib/test/auto/ConstantPublisherPort2.xml
12 ms. Memory: 570368K Free: 334336K (59%)
----------------- Invoking toplevel() on ptolemy.moml.MoMLSimpleApplication@50345abe
----------------- Done invoking toplevel() on ptolemy.moml.MoMLSimpleApplication@50345abe
reloadAllAccessors: .ConstantPublisherPort2

===========================================================================================
----------------- testing Fri Jul 12 05:02:44 UTC 2019 /home/travis/build/icyphy/ptII/ptolemy/actor/lib/test/auto/ConstantPublisherPort3.xml
----------------- Instantiating /home/travis/build/icyphy/ptII/ptolemy/actor/lib/test/auto/ConstantPublisherPort3.xml
6 ms. Memory: 570368K Free: 326654K (57%)
----------------- Invoking toplevel() on ptolemy.moml.MoMLSimpleApplication@69429db
----------------- Done invoking toplevel() on ptolemy.moml.MoMLSimpleApplication@69429db
reloadAllAccessors: .ConstantPublisherPort3

===========================================================================================
----------------- testing Fri Jul 12 05:02:44 UTC 2019 /home/travis/build/icyphy/ptII/ptolemy/actor/lib/test/auto/ConstantPublisherPort4.xml
----------------- Instantiating /home/travis/build/icyphy/ptII/ptolemy/actor/lib/test/auto/ConstantPublisherPort4.xml
3 ms. Memory: 570368K Free: 319471K (56%)
----------------- Invoking toplevel() on ptolemy.moml.MoMLSimpleApplication@8dfe079
----------------- Done invoking toplevel() on ptolemy.moml.MoMLSimpleApplication@8dfe079
reloadAllAccessors: .ConstantPublisherPort4

===========================================================================================
----------------- testing Fri Jul 12 05:02:44 UTC 2019 /home/travis/build/icyphy/ptII/ptolemy/actor/lib/test/auto/ConstantPublisherPort5.xml
----------------- Instantiating /home/travis/build/icyphy/ptII/ptolemy/actor/lib/test/auto/ConstantPublisherPort5.xml
29 ms. Memory: 570368K Free: 310784K (54%)
----------------- Invoking toplevel() on ptolemy.moml.MoMLSimpleApplication@1947831f
----------------- Done invoking toplevel() on ptolemy.moml.MoMLSimpleApplication@1947831f
reloadAllAccessors: .ConstantPublisherPort5

===========================================================================================
----------------- testing Fri Jul 12 05:02:44 UTC 2019 /home/travis/build/icyphy/ptII/ptolemy/actor/lib/test/auto/ConstantPublisherPort6.xml
----------------- Instantiating /home/travis/build/icyphy/ptII/ptolemy/actor/lib/test/auto/ConstantPublisherPort6.xml
20 ms. Memory: 570368K Free: 301054K (53%)
----------------- Invoking toplevel() on ptolemy.moml.MoMLSimpleApplication@cce2763
----------------- Done invoking toplevel() on ptolemy.moml.MoMLSimpleApplication@cce2763
reloadAllAccessors: .ConstantPublisherPort6

===========================================================================================
----------------- testing Fri Jul 12 05:02:44 UTC 2019 /home/travis/build/icyphy/ptII/ptolemy/actor/lib/test/auto/ConstantPublisherPort7.xml
----------------- Instantiating /home/travis/build/icyphy/ptII/ptolemy/actor/lib/test/auto/ConstantPublisherPort7.xml
25 ms. Memory: 570368K Free: 291328K (51%)
----------------- Invoking toplevel() on ptolemy.moml.MoMLSimpleApplication@6aac151
----------------- Done invoking toplevel() on ptolemy.moml.MoMLSimpleApplication@6aac151
reloadAllAccessors: .ConstantPublisherPort7

===========================================================================================
----------------- testing Fri Jul 12 05:02:44 UTC 2019 /home/travis/build/icyphy/ptII/ptolemy/actor/lib/test/auto/ConstraintMonitor1.xml
----------------- Instantiating /home/travis/build/icyphy/ptII/ptolemy/actor/lib/test/auto/ConstraintMonitor1.xml
2 ms. Memory: 570368K Free: 286718K (50%)
----------------- Invoking toplevel() on ptolemy.moml.MoMLSimpleApplication@2190657c
----------------- Done invoking toplevel() on ptolemy.moml.MoMLSimpleApplication@2190657c
reloadAllAccessors: .ConstraintMonitor1

===========================================================================================
----------------- testing Fri Jul 12 05:02:44 UTC 2019 /home/travis/build/icyphy/ptII/ptolemy/actor/lib/test/auto/ConstraintMonitor2.xml
----------------- Instantiating /home/travis/build/icyphy/ptII/ptolemy/actor/lib/test/auto/ConstraintMonitor2.xml
4 ms. Memory: 570368K Free: 282112K (49%)
----------------- Invoking toplevel() on ptolemy.moml.MoMLSimpleApplication@65b706eb
----------------- Done invoking toplevel() on ptolemy.moml.MoMLSimpleApplication@65b706eb
reloadAllAccessors: .ConstraintMonitor2

===========================================================================================
----------------- testing Fri Jul 12 05:02:44 UTC 2019 /home/travis/build/icyphy/ptII/ptolemy/actor/lib/test/auto/ConstraintMonitor3.xml
----------------- Instantiating /home/travis/build/icyphy/ptII/ptolemy/actor/lib/test/auto/ConstraintMonitor3.xml
5 ms. Memory: 570368K Free: 278016K (49%)
----------------- Invoking toplevel() on ptolemy.moml.MoMLSimpleApplication@7fa54bf8
----------------- Done invoking toplevel() on ptolemy.moml.MoMLSimpleApplication@7fa54bf8
reloadAllAccessors: .ConstraintMonitor3

===========================================================================================
----------------- testing Fri Jul 12 05:02:44 UTC 2019 /home/travis/build/icyphy/ptII/ptolemy/actor/lib/test/auto/ConstraintMonitor4.xml
----------------- Instantiating /home/travis/build/icyphy/ptII/ptolemy/actor/lib/test/auto/ConstraintMonitor4.xml
2 ms. Memory: 570368K Free: 272896K (48%)
----------------- Invoking toplevel() on ptolemy.moml.MoMLSimpleApplication@7096c5c5
----------------- Done invoking toplevel() on ptolemy.moml.MoMLSimpleApplication@7096c5c5
reloadAllAccessors: .ConstraintMonitor4

===========================================================================================
----------------- testing Fri Jul 12 05:02:44 UTC 2019 /home/travis/build/icyphy/ptII/ptolemy/actor/lib/test/auto/ConstraintMonitor5.xml
----------------- Instantiating /home/travis/build/icyphy/ptII/ptolemy/actor/lib/test/auto/ConstraintMonitor5.xml
1 ms. Memory: 570368K Free: 267776K (47%)
----------------- Invoking toplevel() on ptolemy.moml.MoMLSimpleApplication@34416f8a
----------------- Done invoking toplevel() on ptolemy.moml.MoMLSimpleApplication@34416f8a
reloadAllAccessors: .ConstraintMonitor5

===========================================================================================
----------------- testing Fri Jul 12 05:02:44 UTC 2019 /home/travis/build/icyphy/ptII/ptolemy/actor/lib/test/auto/ConstraintMonitor6.xml
----------------- Instantiating /home/travis/build/icyphy/ptII/ptolemy/actor/lib/test/auto/ConstraintMonitor6.xml
2 ms. Memory: 570368K Free: 262127K (46%)
----------------- Invoking toplevel() on ptolemy.moml.MoMLSimpleApplication@5e91033f
----------------- Done invoking toplevel() on ptolemy.moml.MoMLSimpleApplication@5e91033f
reloadAllAccessors: .ConstraintMonitor6

===========================================================================================
----------------- testing Fri Jul 12 05:02:44 UTC 2019 /home/travis/build/icyphy/ptII/ptolemy/actor/lib/test/auto/ConstraintMonitor7.xml
----------------- Instantiating /home/travis/build/icyphy/ptII/ptolemy/actor/lib/test/auto/ConstraintMonitor7.xml
14 ms. Memory: 570368K Free: 255488K (45%)
----------------- Invoking toplevel() on ptolemy.moml.MoMLSimpleApplication@56602c30
----------------- Done invoking toplevel() on ptolemy.moml.MoMLSimpleApplication@56602c30
reloadAllAccessors: .ConstraintMonitor7

===========================================================================================
----------------- testing Fri Jul 12 05:02:44 UTC 2019 /home/travis/build/icyphy/ptII/ptolemy/actor/lib/test/auto/ConstraintMonitor8.xml
----------------- Instantiating /home/travis/build/icyphy/ptII/ptolemy/actor/lib/test/auto/ConstraintMonitor8.xml
11 ms. Memory: 570368K Free: 247806K (43%)
----------------- Invoking toplevel() on ptolemy.moml.MoMLSimpleApplication@4ea736b6
----------------- Done invoking toplevel() on ptolemy.moml.MoMLSimpleApplication@4ea736b6
reloadAllAccessors: .ConstraintMonitor8

===========================================================================================
----------------- testing Fri Jul 12 05:02:44 UTC 2019 /home/travis/build/icyphy/ptII/ptolemy/actor/lib/test/auto/Counter.xml
----------------- Instantiating /home/travis/build/icyphy/ptII/ptolemy/actor/lib/test/auto/Counter.xml
2 ms. Memory: 570368K Free: 242686K (43%)
----------------- Invoking toplevel() on ptolemy.moml.MoMLSimpleApplication@6fd91c4f
----------------- Done invoking toplevel() on ptolemy.moml.MoMLSimpleApplication@6fd91c4f
reloadAllAccessors: .Counter

===========================================================================================
----------------- testing Fri Jul 12 05:02:44 UTC 2019 /home/travis/build/icyphy/ptII/ptolemy/actor/lib/test/auto/CurrentTimeSDF.xml
----------------- Instantiating /home/travis/build/icyphy/ptII/ptolemy/actor/lib/test/auto/CurrentTimeSDF.xml
2 ms. Memory: 570368K Free: 238590K (42%)
----------------- Invoking toplevel() on ptolemy.moml.MoMLSimpleApplication@1751b508
----------------- Done invoking toplevel() on ptolemy.moml.MoMLSimpleApplication@1751b508
reloadAllAccessors: .CurrentTimeSDF

===========================================================================================
----------------- testing Fri Jul 12 05:02:44 UTC 2019 /home/travis/build/icyphy/ptII/ptolemy/actor/lib/test/auto/DB.xml
----------------- Instantiating /home/travis/build/icyphy/ptII/ptolemy/actor/lib/test/auto/DB.xml
2 ms. Memory: 570368K Free: 519663K (91%)
----------------- Invoking toplevel() on ptolemy.moml.MoMLSimpleApplication@21d11432
----------------- Done invoking toplevel() on ptolemy.moml.MoMLSimpleApplication@21d11432
reloadAllAccessors: .DB

===========================================================================================
----------------- testing Fri Jul 12 05:02:44 UTC 2019 /home/travis/build/icyphy/ptII/ptolemy/actor/lib/test/auto/DBDE.xml
----------------- Instantiating /home/travis/build/icyphy/ptII/ptolemy/actor/lib/test/auto/DBDE.xml
2 ms. Memory: 570368K Free: 513519K (90%)
----------------- Invoking toplevel() on ptolemy.moml.MoMLSimpleApplication@63f4e845
----------------- Done invoking toplevel() on ptolemy.moml.MoMLSimpleApplication@63f4e845
reloadAllAccessors: .DBDE

===========================================================================================
----------------- testing Fri Jul 12 05:02:44 UTC 2019 /home/travis/build/icyphy/ptII/ptolemy/actor/lib/test/auto/DateConstructor.xml
----------------- Instantiating /home/travis/build/icyphy/ptII/ptolemy/actor/lib/test/auto/DateConstructor.xml
27 ms. Memory: 570368K Free: 496126K (87%)
----------------- Invoking toplevel() on ptolemy.moml.MoMLSimpleApplication@45d3da22
----------------- Done invoking toplevel() on ptolemy.moml.MoMLSimpleApplication@45d3da22
reloadAllAccessors: .DateConstructor

===========================================================================================
----------------- testing Fri Jul 12 05:02:44 UTC 2019 /home/travis/build/icyphy/ptII/ptolemy/actor/lib/test/auto/DelayTime.xml
----------------- Instantiating /home/travis/build/icyphy/ptII/ptolemy/actor/lib/test/auto/DelayTime.xml
6 ms. Memory: 570368K Free: 491006K (86%)
----------------- Invoking toplevel() on ptolemy.moml.MoMLSimpleApplication@17dc6592
----------------- Done invoking toplevel() on ptolemy.moml.MoMLSimpleApplication@17dc6592
reloadAllAccessors: .DelayTime

===========================================================================================
----------------- testing Fri Jul 12 05:02:44 UTC 2019 /home/travis/build/icyphy/ptII/ptolemy/actor/lib/test/auto/Dictionary1.xml
----------------- Instantiating /home/travis/build/icyphy/ptII/ptolemy/actor/lib/test/auto/Dictionary1.xml
1 ms. Memory: 570368K Free: 485886K (85%)
----------------- Invoking toplevel() on ptolemy.moml.MoMLSimpleApplication@4d03e506
----------------- Done invoking toplevel() on ptolemy.moml.MoMLSimpleApplication@4d03e506
reloadAllAccessors: .Dictionary1

===========================================================================================
----------------- testing Fri Jul 12 05:02:44 UTC 2019 /home/travis/build/icyphy/ptII/ptolemy/actor/lib/test/auto/Dictionary2.xml
----------------- Instantiating /home/travis/build/icyphy/ptII/ptolemy/actor/lib/test/auto/Dictionary2.xml
3 ms. Memory: 570368K Free: 480256K (84%)
----------------- Invoking toplevel() on ptolemy.moml.MoMLSimpleApplication@5bf41437
----------------- Done invoking toplevel() on ptolemy.moml.MoMLSimpleApplication@5bf41437
reloadAllAccessors: .Dictionary2

===========================================================================================
----------------- testing Fri Jul 12 05:02:44 UTC 2019 /home/travis/build/icyphy/ptII/ptolemy/actor/lib/test/auto/Dictionary3.xml
----------------- Instantiating /home/travis/build/icyphy/ptII/ptolemy/actor/lib/test/auto/Dictionary3.xml
2 ms. Memory: 570368K Free: 474622K (83%)
----------------- Invoking toplevel() on ptolemy.moml.MoMLSimpleApplication@32895c16
----------------- Done invoking toplevel() on ptolemy.moml.MoMLSimpleApplication@32895c16
reloadAllAccessors: .Dictionary3

===========================================================================================
----------------- testing Fri Jul 12 05:02:44 UTC 2019 /home/travis/build/icyphy/ptII/ptolemy/actor/lib/test/auto/Dictionary4.xml
----------------- Instantiating /home/travis/build/icyphy/ptII/ptolemy/actor/lib/test/auto/Dictionary4.xml
3 ms. Memory: 570368K Free: 467968K (82%)
----------------- Invoking toplevel() on ptolemy.moml.MoMLSimpleApplication@5fbc2690
----------------- Done invoking toplevel() on ptolemy.moml.MoMLSimpleApplication@5fbc2690
reloadAllAccessors: .Dictionary4

===========================================================================================
----------------- testing Fri Jul 12 05:02:45 UTC 2019 /home/travis/build/icyphy/ptII/ptolemy/actor/lib/test/auto/Differential.xml
----------------- Instantiating /home/travis/build/icyphy/ptII/ptolemy/actor/lib/test/auto/Differential.xml
1 ms. Memory: 570368K Free: 463358K (81%)
----------------- Invoking toplevel() on ptolemy.moml.MoMLSimpleApplication@2ccde93f
----------------- Done invoking toplevel() on ptolemy.moml.MoMLSimpleApplication@2ccde93f
reloadAllAccessors: .Differential

===========================================================================================
----------------- testing Fri Jul 12 05:02:45 UTC 2019 /home/travis/build/icyphy/ptII/ptolemy/actor/lib/test/auto/Director.xml
----------------- Instantiating /home/travis/build/icyphy/ptII/ptolemy/actor/lib/test/auto/Director.xml
2 ms. Memory: 570368K Free: 459262K (81%)
----------------- Invoking toplevel() on ptolemy.moml.MoMLSimpleApplication@2df59b5b
----------------- Done invoking toplevel() on ptolemy.moml.MoMLSimpleApplication@2df59b5b
reloadAllAccessors: .Director

===========================================================================================
----------------- testing Fri Jul 12 05:02:45 UTC 2019 /home/travis/build/icyphy/ptII/ptolemy/actor/lib/test/auto/DiscreteClock.xml
----------------- Instantiating /home/travis/build/icyphy/ptII/ptolemy/actor/lib/test/auto/DiscreteClock.xml
1 ms. Memory: 570368K Free: 455680K (80%)
----------------- Invoking toplevel() on ptolemy.moml.MoMLSimpleApplication@cb98d13
----------------- Done invoking toplevel() on ptolemy.moml.MoMLSimpleApplication@cb98d13
reloadAllAccessors: .DiscreteClock

===========================================================================================
----------------- testing Fri Jul 12 05:02:45 UTC 2019 /home/travis/build/icyphy/ptII/ptolemy/actor/lib/test/auto/DiscreteClock10.xml
----------------- Instantiating /home/travis/build/icyphy/ptII/ptolemy/actor/lib/test/auto/DiscreteClock10.xml
4 ms. Memory: 570368K Free: 449536K (79%)
----------------- Invoking toplevel() on ptolemy.moml.MoMLSimpleApplication@5b3dfa08
----------------- Done invoking toplevel() on ptolemy.moml.MoMLSimpleApplication@5b3dfa08
reloadAllAccessors: .DiscreteClock10

===========================================================================================
----------------- testing Fri Jul 12 05:02:45 UTC 2019 /home/travis/build/icyphy/ptII/ptolemy/actor/lib/test/auto/DiscreteClock11.xml
----------------- Instantiating /home/travis/build/icyphy/ptII/ptolemy/actor/lib/test/auto/DiscreteClock11.xml
2 ms. Memory: 570368K Free: 443392K (78%)
----------------- Invoking toplevel() on ptolemy.moml.MoMLSimpleApplication@5cb33448
----------------- Done invoking toplevel() on ptolemy.moml.MoMLSimpleApplication@5cb33448
reloadAllAccessors: .DiscreteClock11

===========================================================================================
----------------- testing Fri Jul 12 05:02:45 UTC 2019 /home/travis/build/icyphy/ptII/ptolemy/actor/lib/test/auto/DiscreteClock12.xml
----------------- Instantiating /home/travis/build/icyphy/ptII/ptolemy/actor/lib/test/auto/DiscreteClock12.xml
3 ms. Memory: 570368K Free: 437248K (77%)
----------------- Invoking toplevel() on ptolemy.moml.MoMLSimpleApplication@58aed1f2
----------------- Done invoking toplevel() on ptolemy.moml.MoMLSimpleApplication@58aed1f2
reloadAllAccessors: .DiscreteClock12

===========================================================================================
----------------- testing Fri Jul 12 05:02:45 UTC 2019 /home/travis/build/icyphy/ptII/ptolemy/actor/lib/test/auto/DiscreteClock13.xml
----------------- Instantiating /home/travis/build/icyphy/ptII/ptolemy/actor/lib/test/auto/DiscreteClock13.xml
8 ms. Memory: 570368K Free: 431583K (76%)
----------------- Invoking toplevel() on ptolemy.moml.MoMLSimpleApplication@37ad8338
----------------- Done invoking toplevel() on ptolemy.moml.MoMLSimpleApplication@37ad8338
reloadAllAccessors: .DiscreteClock13

===========================================================================================
----------------- testing Fri Jul 12 05:02:45 UTC 2019 /home/travis/build/icyphy/ptII/ptolemy/actor/lib/test/auto/DiscreteClock14.xml
----------------- Instantiating /home/travis/build/icyphy/ptII/ptolemy/actor/lib/test/auto/DiscreteClock14.xml
5 ms. Memory: 570368K Free: 425439K (75%)
----------------- Invoking toplevel() on ptolemy.moml.MoMLSimpleApplication@7f0f7018
----------------- Done invoking toplevel() on ptolemy.moml.MoMLSimpleApplication@7f0f7018
reloadAllAccessors: .DiscreteClock14

===========================================================================================
----------------- testing Fri Jul 12 05:02:45 UTC 2019 /home/travis/build/icyphy/ptII/ptolemy/actor/lib/test/auto/DiscreteClock15.xml
----------------- Instantiating /home/travis/build/icyphy/ptII/ptolemy/actor/lib/test/auto/DiscreteClock15.xml
6 ms. Memory: 570368K Free: 419295K (74%)
----------------- Invoking toplevel() on ptolemy.moml.MoMLSimpleApplication@167f5dd
----------------- Done invoking toplevel() on ptolemy.moml.MoMLSimpleApplication@167f5dd
reloadAllAccessors: .DiscreteClock15

===========================================================================================
----------------- testing Fri Jul 12 05:02:45 UTC 2019 /home/travis/build/icyphy/ptII/ptolemy/actor/lib/test/auto/DiscreteClock16.xml
----------------- Instantiating /home/travis/build/icyphy/ptII/ptolemy/actor/lib/test/auto/DiscreteClock16.xml
13 ms. Memory: 570368K Free: 405504K (71%)
----------------- Invoking toplevel() on ptolemy.moml.MoMLSimpleApplication@d325b07
----------------- Done invoking toplevel() on ptolemy.moml.MoMLSimpleApplication@d325b07
reloadAllAccessors: .DiscreteClock16

===========================================================================================
----------------- testing Fri Jul 12 05:02:45 UTC 2019 /home/travis/build/icyphy/ptII/ptolemy/actor/lib/test/auto/DiscreteClock17.xml
----------------- Instantiating /home/travis/build/icyphy/ptII/ptolemy/actor/lib/test/auto/DiscreteClock17.xml
14 ms. Memory: 570368K Free: 391663K (69%)
----------------- Invoking toplevel() on ptolemy.moml.MoMLSimpleApplication@3540bb83
----------------- Done invoking toplevel() on ptolemy.moml.MoMLSimpleApplication@3540bb83
reloadAllAccessors: .DiscreteClock17

===========================================================================================
----------------- testing Fri Jul 12 05:02:45 UTC 2019 /home/travis/build/icyphy/ptII/ptolemy/actor/lib/test/auto/DiscreteClock18.xml
----------------- Instantiating /home/travis/build/icyphy/ptII/ptolemy/actor/lib/test/auto/DiscreteClock18.xml
10 ms. Memory: 570368K Free: 378366K (66%)
----------------- Invoking toplevel() on ptolemy.moml.MoMLSimpleApplication@f2dcf57
----------------- Done invoking toplevel() on ptolemy.moml.MoMLSimpleApplication@f2dcf57
reloadAllAccessors: .DiscreteClock18

===========================================================================================
----------------- testing Fri Jul 12 05:02:45 UTC 2019 /home/travis/build/icyphy/ptII/ptolemy/actor/lib/test/auto/DiscreteClock19.xml
----------------- Instantiating /home/travis/build/icyphy/ptII/ptolemy/actor/lib/test/auto/DiscreteClock19.xml
12 ms. Memory: 570368K Free: 364030K (64%)
----------------- Invoking toplevel() on ptolemy.moml.MoMLSimpleApplication@132ac072
----------------- Done invoking toplevel() on ptolemy.moml.MoMLSimpleApplication@132ac072
reloadAllAccessors: .DiscreteClock19

===========================================================================================
----------------- testing Fri Jul 12 05:02:45 UTC 2019 /home/travis/build/icyphy/ptII/ptolemy/actor/lib/test/auto/DiscreteClock2.xml
----------------- Instantiating /home/travis/build/icyphy/ptII/ptolemy/actor/lib/test/auto/DiscreteClock2.xml
4 ms. Memory: 570368K Free: 358895K (63%)
----------------- Invoking toplevel() on ptolemy.moml.MoMLSimpleApplication@78d7479a
----------------- Done invoking toplevel() on ptolemy.moml.MoMLSimpleApplication@78d7479a
reloadAllAccessors: .DiscreteClock2

===========================================================================================
----------------- testing Fri Jul 12 05:02:45 UTC 2019 /home/travis/build/icyphy/ptII/ptolemy/actor/lib/test/auto/DiscreteClock20.xml
----------------- Instantiating /home/travis/build/icyphy/ptII/ptolemy/actor/lib/test/auto/DiscreteClock20.xml
3 ms. Memory: 570368K Free: 353790K (62%)
----------------- Invoking toplevel() on ptolemy.moml.MoMLSimpleApplication@18360243
----------------- Done invoking toplevel() on ptolemy.moml.MoMLSimpleApplication@18360243
reloadAllAccessors: .DiscreteClock20

===========================================================================================
----------------- testing Fri Jul 12 05:02:45 UTC 2019 /home/travis/build/icyphy/ptII/ptolemy/actor/lib/test/auto/DiscreteClock21.xml
----------------- Instantiating /home/travis/build/icyphy/ptII/ptolemy/actor/lib/test/auto/DiscreteClock21.xml
6 ms. Memory: 570368K Free: 348160K (61%)
----------------- Invoking toplevel() on ptolemy.moml.MoMLSimpleApplication@604c9912
----------------- Done invoking toplevel() on ptolemy.moml.MoMLSimpleApplication@604c9912
reloadAllAccessors: .DiscreteClock21

===========================================================================================
----------------- testing Fri Jul 12 05:02:45 UTC 2019 /home/travis/build/icyphy/ptII/ptolemy/actor/lib/test/auto/DiscreteClock22.xml
----------------- Instantiating /home/travis/build/icyphy/ptII/ptolemy/actor/lib/test/auto/DiscreteClock22.xml
3 ms. Memory: 570368K Free: 342526K (60%)
----------------- Invoking toplevel() on ptolemy.moml.MoMLSimpleApplication@2add74a0
----------------- Done invoking toplevel() on ptolemy.moml.MoMLSimpleApplication@2add74a0
reloadAllAccessors: .DiscreteClock22

===========================================================================================
----------------- testing Fri Jul 12 05:02:45 UTC 2019 /home/travis/build/icyphy/ptII/ptolemy/actor/lib/test/auto/DiscreteClock23.xml
----------------- Instantiating /home/travis/build/icyphy/ptII/ptolemy/actor/lib/test/auto/DiscreteClock23.xml
6 ms. Memory: 570368K Free: 336896K (59%)
----------------- Invoking toplevel() on ptolemy.moml.MoMLSimpleApplication@21479fb1
----------------- Done invoking toplevel() on ptolemy.moml.MoMLSimpleApplication@21479fb1
reloadAllAccessors: .DiscreteClock23

===========================================================================================
----------------- testing Fri Jul 12 05:02:45 UTC 2019 /home/travis/build/icyphy/ptII/ptolemy/actor/lib/test/auto/DiscreteClock24.xml
----------------- Instantiating /home/travis/build/icyphy/ptII/ptolemy/actor/lib/test/auto/DiscreteClock24.xml
2 ms. Memory: 570368K Free: 331776K (58%)
----------------- Invoking toplevel() on ptolemy.moml.MoMLSimpleApplication@78395b5
----------------- Done invoking toplevel() on ptolemy.moml.MoMLSimpleApplication@78395b5
reloadAllAccessors: .DiscreteClock24

===========================================================================================
----------------- testing Fri Jul 12 05:02:45 UTC 2019 /home/travis/build/icyphy/ptII/ptolemy/actor/lib/test/auto/DiscreteClock4.xml
----------------- Instantiating /home/travis/build/icyphy/ptII/ptolemy/actor/lib/test/auto/DiscreteClock4.xml
4 ms. Memory: 570368K Free: 326127K (57%)
----------------- Invoking toplevel() on ptolemy.moml.MoMLSimpleApplication@150933e3
----------------- Done invoking toplevel() on ptolemy.moml.MoMLSimpleApplication@150933e3
reloadAllAccessors: .DiscreteClock4

===========================================================================================
----------------- testing Fri Jul 12 05:02:45 UTC 2019 /home/travis/build/icyphy/ptII/ptolemy/actor/lib/test/auto/DiscreteClock5.xml
----------------- Instantiating /home/travis/build/icyphy/ptII/ptolemy/actor/lib/test/auto/DiscreteClock5.xml
1 ms. Memory: 570368K Free: 320512K (56%)
----------------- Invoking toplevel() on ptolemy.moml.MoMLSimpleApplication@54a136de
----------------- Done invoking toplevel() on ptolemy.moml.MoMLSimpleApplication@54a136de
reloadAllAccessors: .DiscreteClock5

===========================================================================================
----------------- testing Fri Jul 12 05:02:45 UTC 2019 /home/travis/build/icyphy/ptII/ptolemy/actor/lib/test/auto/DiscreteClock6.xml
----------------- Instantiating /home/travis/build/icyphy/ptII/ptolemy/actor/lib/test/auto/DiscreteClock6.xml
1 ms. Memory: 570368K Free: 316416K (55%)
----------------- Invoking toplevel() on ptolemy.moml.MoMLSimpleApplication@507625b4
----------------- Done invoking toplevel() on ptolemy.moml.MoMLSimpleApplication@507625b4
reloadAllAccessors: .DiscreteClock6

===========================================================================================
----------------- testing Fri Jul 12 05:02:45 UTC 2019 /home/travis/build/icyphy/ptII/ptolemy/actor/lib/test/auto/DiscreteClock7.xml
----------------- Instantiating /home/travis/build/icyphy/ptII/ptolemy/actor/lib/test/auto/DiscreteClock7.xml
1 ms. Memory: 570368K Free: 311806K (55%)
----------------- Invoking toplevel() on ptolemy.moml.MoMLSimpleApplication@67646edf
----------------- Done invoking toplevel() on ptolemy.moml.MoMLSimpleApplication@67646edf
reloadAllAccessors: .DiscreteClock7

===========================================================================================
----------------- testing Fri Jul 12 05:02:45 UTC 2019 /home/travis/build/icyphy/ptII/ptolemy/actor/lib/test/auto/DiscreteClock8.xml
----------------- Instantiating /home/travis/build/icyphy/ptII/ptolemy/actor/lib/test/auto/DiscreteClock8.xml
2 ms. Memory: 570368K Free: 306671K (54%)
----------------- Invoking toplevel() on ptolemy.moml.MoMLSimpleApplication@3b44d203
----------------- Done invoking toplevel() on ptolemy.moml.MoMLSimpleApplication@3b44d203
reloadAllAccessors: .DiscreteClock8

===========================================================================================
----------------- testing Fri Jul 12 05:02:45 UTC 2019 /home/travis/build/icyphy/ptII/ptolemy/actor/lib/test/auto/DiscreteClock9.xml
----------------- Instantiating /home/travis/build/icyphy/ptII/ptolemy/actor/lib/test/auto/DiscreteClock9.xml
4 ms. Memory: 570368K Free: 300511K (53%)
----------------- Invoking toplevel() on ptolemy.moml.MoMLSimpleApplication@226ce7b4
----------------- Done invoking toplevel() on ptolemy.moml.MoMLSimpleApplication@226ce7b4
reloadAllAccessors: .DiscreteClock9

===========================================================================================
----------------- testing Fri Jul 12 05:02:45 UTC 2019 /home/travis/build/icyphy/ptII/ptolemy/actor/lib/test/auto/DisplayArray.xml
----------------- Instantiating /home/travis/build/icyphy/ptII/ptolemy/actor/lib/test/auto/DisplayArray.xml
1 ms. Memory: 570368K Free: 296960K (52%)
----------------- Invoking toplevel() on ptolemy.moml.MoMLSimpleApplication@739e74c0
----------------- Done invoking toplevel() on ptolemy.moml.MoMLSimpleApplication@739e74c0
reloadAllAccessors: .DisplayArray

===========================================================================================
----------------- testing Fri Jul 12 05:02:45 UTC 2019 /home/travis/build/icyphy/ptII/ptolemy/actor/lib/test/auto/Distributor.xml
----------------- Instantiating /home/travis/build/icyphy/ptII/ptolemy/actor/lib/test/auto/Distributor.xml
2 ms. Memory: 570368K Free: 291840K (51%)
----------------- Invoking toplevel() on ptolemy.moml.MoMLSimpleApplication@309be28c
----------------- Done invoking toplevel() on ptolemy.moml.MoMLSimpleApplication@309be28c
reloadAllAccessors: .Distributor

===========================================================================================
----------------- testing Fri Jul 12 05:02:45 UTC 2019 /home/travis/build/icyphy/ptII/ptolemy/actor/lib/test/auto/Distributor2.xml
----------------- Instantiating /home/travis/build/icyphy/ptII/ptolemy/actor/lib/test/auto/Distributor2.xml
1 ms. Memory: 570368K Free: 286720K (50%)
----------------- Invoking toplevel() on ptolemy.moml.MoMLSimpleApplication@4943d576
----------------- Done invoking toplevel() on ptolemy.moml.MoMLSimpleApplication@4943d576
reloadAllAccessors: .Distributor2

===========================================================================================
----------------- testing Fri Jul 12 05:02:45 UTC 2019 /home/travis/build/icyphy/ptII/ptolemy/actor/lib/test/auto/DownSample.xml
----------------- Instantiating /home/travis/build/icyphy/ptII/ptolemy/actor/lib/test/auto/DownSample.xml
1 ms. Memory: 570368K Free: 282624K (50%)
----------------- Invoking toplevel() on ptolemy.moml.MoMLSimpleApplication@169acdec
----------------- Done invoking toplevel() on ptolemy.moml.MoMLSimpleApplication@169acdec
reloadAllAccessors: .DownSample

===========================================================================================
----------------- testing Fri Jul 12 05:02:45 UTC 2019 /home/travis/build/icyphy/ptII/ptolemy/actor/lib/test/auto/ElectronicUnitBase1.xml
----------------- Instantiating /home/travis/build/icyphy/ptII/ptolemy/actor/lib/test/auto/ElectronicUnitBase1.xml
18 ms. Memory: 570368K Free: 266750K (47%)
----------------- Invoking toplevel() on ptolemy.moml.MoMLSimpleApplication@27a1f9ce
----------------- Done invoking toplevel() on ptolemy.moml.MoMLSimpleApplication@27a1f9ce
reloadAllAccessors: .ElectronicUnitBase1

===========================================================================================
----------------- testing Fri Jul 12 05:02:45 UTC 2019 /home/travis/build/icyphy/ptII/ptolemy/actor/lib/test/auto/ElementsToArray.xml
----------------- Instantiating /home/travis/build/icyphy/ptII/ptolemy/actor/lib/test/auto/ElementsToArray.xml
2 ms. Memory: 570368K Free: 261630K (46%)
----------------- Invoking toplevel() on ptolemy.moml.MoMLSimpleApplication@35b5d050
----------------- Done invoking toplevel() on ptolemy.moml.MoMLSimpleApplication@35b5d050
reloadAllAccessors: .ElementsToArray

===========================================================================================
----------------- testing Fri Jul 12 05:02:45 UTC 2019 /home/travis/build/icyphy/ptII/ptolemy/actor/lib/test/auto/Equals.xml
----------------- Instantiating /home/travis/build/icyphy/ptII/ptolemy/actor/lib/test/auto/Equals.xml
3 ms. Memory: 570368K Free: 257024K (45%)
----------------- Invoking toplevel() on ptolemy.moml.MoMLSimpleApplication@33b52c3e
----------------- Done invoking toplevel() on ptolemy.moml.MoMLSimpleApplication@33b52c3e
reloadAllAccessors: .Equals

===========================================================================================
----------------- testing Fri Jul 12 05:02:45 UTC 2019 /home/travis/build/icyphy/ptII/ptolemy/actor/lib/test/auto/Exec.xml
----------------- Instantiating /home/travis/build/icyphy/ptII/ptolemy/actor/lib/test/auto/Exec.xml
22 ms. Memory: 570368K Free: 252926K (44%)
----------------- Invoking toplevel() on ptolemy.moml.MoMLSimpleApplication@6fe6b1d9
----------------- Done invoking toplevel() on ptolemy.moml.MoMLSimpleApplication@6fe6b1d9
reloadAllAccessors: .Exec

===========================================================================================
----------------- testing Fri Jul 12 05:02:45 UTC 2019 /home/travis/build/icyphy/ptII/ptolemy/actor/lib/test/auto/ExecEnvironment.xml
----------------- Instantiating /home/travis/build/icyphy/ptII/ptolemy/actor/lib/test/auto/ExecEnvironment.xml
31 ms. Memory: 570368K Free: 247808K (43%)
----------------- Invoking toplevel() on ptolemy.moml.MoMLSimpleApplication@7547e575
----------------- Done invoking toplevel() on ptolemy.moml.MoMLSimpleApplication@7547e575
reloadAllAccessors: .ExecEnvironment

===========================================================================================
----------------- testing Fri Jul 12 05:02:45 UTC 2019 /home/travis/build/icyphy/ptII/ptolemy/actor/lib/test/auto/ExecNonZeroReturnOutput.xml
----------------- Instantiating /home/travis/build/icyphy/ptII/ptolemy/actor/lib/test/auto/ExecNonZeroReturnOutput.xml
187 ms. Memory: 570368K Free: 236030K (41%)
----------------- Invoking toplevel() on ptolemy.moml.MoMLSimpleApplication@1d026db
----------------- Done invoking toplevel() on ptolemy.moml.MoMLSimpleApplication@1d026db
reloadAllAccessors: .ExecNonZeroReturnOutput

===========================================================================================
----------------- testing Fri Jul 12 05:02:46 UTC 2019 /home/travis/build/icyphy/ptII/ptolemy/actor/lib/test/auto/ExecRunDemos.xml
----------------- Instantiating /home/travis/build/icyphy/ptII/ptolemy/actor/lib/test/auto/ExecRunDemos.xml
11117 ms. Memory: 570368K Free: 217088K (38%)

===========================================================================================
----------------- testing Fri Jul 12 05:02:57 UTC 2019 /home/travis/build/icyphy/ptII/ptolemy/actor/lib/test/auto/ExecStop.xml
----------------- Instantiating /home/travis/build/icyphy/ptII/ptolemy/actor/lib/test/auto/ExecStop.xml
5020 ms. Memory: 570368K Free: 410110K (72%)
----------------- Invoking toplevel() on ptolemy.moml.MoMLSimpleApplication@63a72f4d
----------------- Done invoking toplevel() on ptolemy.moml.MoMLSimpleApplication@63a72f4d
reloadAllAccessors: .ExecStop

===========================================================================================
----------------- testing Fri Jul 12 05:03:02 UTC 2019 /home/travis/build/icyphy/ptII/ptolemy/actor/lib/test/auto/ExecutionTimeSDF.xml
----------------- Instantiating /home/travis/build/icyphy/ptII/ptolemy/actor/lib/test/auto/ExecutionTimeSDF.xml
Fired ExecutionTime: -1838167296
Fired ExecutionTime: 1068400000
Fired ExecutionTime: -1092167296
6013 ms. Memory: 570368K Free: 397295K (70%)
----------------- Invoking toplevel() on ptolemy.moml.MoMLSimpleApplication@15800da8
----------------- Done invoking toplevel() on ptolemy.moml.MoMLSimpleApplication@15800da8
reloadAllAccessors: .ExecutionTimeSDF

===========================================================================================
----------------- testing Fri Jul 12 05:03:08 UTC 2019 /home/travis/build/icyphy/ptII/ptolemy/actor/lib/test/auto/Expression1.xml
----------------- Instantiating /home/travis/build/icyphy/ptII/ptolemy/actor/lib/test/auto/Expression1.xml
1 ms. Memory: 570368K Free: 393728K (69%)
----------------- Invoking toplevel() on ptolemy.moml.MoMLSimpleApplication@7ea62674
----------------- Done invoking toplevel() on ptolemy.moml.MoMLSimpleApplication@7ea62674
reloadAllAccessors: .Expression1

===========================================================================================
----------------- testing Fri Jul 12 05:03:08 UTC 2019 /home/travis/build/icyphy/ptII/ptolemy/actor/lib/test/auto/Expression10.xml
----------------- Instantiating /home/travis/build/icyphy/ptII/ptolemy/actor/lib/test/auto/Expression10.xml
6 ms. Memory: 570368K Free: 388608K (68%)
----------------- Invoking toplevel() on ptolemy.moml.MoMLSimpleApplication@4c346cb4
----------------- Done invoking toplevel() on ptolemy.moml.MoMLSimpleApplication@4c346cb4
reloadAllAccessors: .Expression10

===========================================================================================
----------------- testing Fri Jul 12 05:03:08 UTC 2019 /home/travis/build/icyphy/ptII/ptolemy/actor/lib/test/auto/Expression11.xml
----------------- Instantiating /home/travis/build/icyphy/ptII/ptolemy/actor/lib/test/auto/Expression11.xml
2 ms. Memory: 570368K Free: 383998K (67%)
----------------- Invoking toplevel() on ptolemy.moml.MoMLSimpleApplication@59ab60e5
----------------- Done invoking toplevel() on ptolemy.moml.MoMLSimpleApplication@59ab60e5
reloadAllAccessors: .Expression11

===========================================================================================
----------------- testing Fri Jul 12 05:03:08 UTC 2019 /home/travis/build/icyphy/ptII/ptolemy/actor/lib/test/auto/Expression12.xml
----------------- Instantiating /home/travis/build/icyphy/ptII/ptolemy/actor/lib/test/auto/Expression12.xml
6 ms. Memory: 570368K Free: 378368K (66%)
----------------- Invoking toplevel() on ptolemy.moml.MoMLSimpleApplication@75aa37ce
----------------- Done invoking toplevel() on ptolemy.moml.MoMLSimpleApplication@75aa37ce
reloadAllAccessors: .Expression12

===========================================================================================
----------------- testing Fri Jul 12 05:03:08 UTC 2019 /home/travis/build/icyphy/ptII/ptolemy/actor/lib/test/auto/Expression13.xml
----------------- Instantiating /home/travis/build/icyphy/ptII/ptolemy/actor/lib/test/auto/Expression13.xml
6 ms. Memory: 570368K Free: 373248K (65%)
----------------- Invoking toplevel() on ptolemy.moml.MoMLSimpleApplication@19e88e6a
----------------- Done invoking toplevel() on ptolemy.moml.MoMLSimpleApplication@19e88e6a
reloadAllAccessors: .Expression13

===========================================================================================
----------------- testing Fri Jul 12 05:03:08 UTC 2019 /home/travis/build/icyphy/ptII/ptolemy/actor/lib/test/auto/Expression14.xml
----------------- Instantiating /home/travis/build/icyphy/ptII/ptolemy/actor/lib/test/auto/Expression14.xml
10 ms. Memory: 570368K Free: 367104K (64%)
----------------- Invoking toplevel() on ptolemy.moml.MoMLSimpleApplication@22003eea
----------------- Done invoking toplevel() on ptolemy.moml.MoMLSimpleApplication@22003eea
reloadAllAccessors: .Expression14

===========================================================================================
----------------- testing Fri Jul 12 05:03:08 UTC 2019 /home/travis/build/icyphy/ptII/ptolemy/actor/lib/test/auto/Expression15.xml
----------------- Instantiating /home/travis/build/icyphy/ptII/ptolemy/actor/lib/test/auto/Expression15.xml
1 ms. Memory: 570368K Free: 363518K (64%)
----------------- Invoking toplevel() on ptolemy.moml.MoMLSimpleApplication@24b6dcb2
----------------- Done invoking toplevel() on ptolemy.moml.MoMLSimpleApplication@24b6dcb2
reloadAllAccessors: .Expression15

===========================================================================================
----------------- testing Fri Jul 12 05:03:08 UTC 2019 /home/travis/build/icyphy/ptII/ptolemy/actor/lib/test/auto/Expression16.xml
----------------- Instantiating /home/travis/build/icyphy/ptII/ptolemy/actor/lib/test/auto/Expression16.xml
4 ms. Memory: 570368K Free: 358398K (63%)
----------------- Invoking toplevel() on ptolemy.moml.MoMLSimpleApplication@df683aa
----------------- Done invoking toplevel() on ptolemy.moml.MoMLSimpleApplication@df683aa
reloadAllAccessors: .Expression16

===========================================================================================
----------------- testing Fri Jul 12 05:03:08 UTC 2019 /home/travis/build/icyphy/ptII/ptolemy/actor/lib/test/auto/Expression17.xml
----------------- Instantiating /home/travis/build/icyphy/ptII/ptolemy/actor/lib/test/auto/Expression17.xml
3 ms. Memory: 570368K Free: 353278K (62%)
----------------- Invoking toplevel() on ptolemy.moml.MoMLSimpleApplication@aafcc
----------------- Done invoking toplevel() on ptolemy.moml.MoMLSimpleApplication@aafcc
reloadAllAccessors: .Expression17

===========================================================================================
----------------- testing Fri Jul 12 05:03:08 UTC 2019 /home/travis/build/icyphy/ptII/ptolemy/actor/lib/test/auto/Expression18.xml
----------------- Instantiating /home/travis/build/icyphy/ptII/ptolemy/actor/lib/test/auto/Expression18.xml
2 ms. Memory: 570368K Free: 348158K (61%)
----------------- Invoking toplevel() on ptolemy.moml.MoMLSimpleApplication@425726ad
----------------- Done invoking toplevel() on ptolemy.moml.MoMLSimpleApplication@425726ad
reloadAllAccessors: .Expression18

===========================================================================================
----------------- testing Fri Jul 12 05:03:08 UTC 2019 /home/travis/build/icyphy/ptII/ptolemy/actor/lib/test/auto/Expression2.xml
----------------- Instantiating /home/travis/build/icyphy/ptII/ptolemy/actor/lib/test/auto/Expression2.xml
3 ms. Memory: 570368K Free: 343038K (60%)
----------------- Invoking toplevel() on ptolemy.moml.MoMLSimpleApplication@6f99f395
----------------- Done invoking toplevel() on ptolemy.moml.MoMLSimpleApplication@6f99f395
reloadAllAccessors: .Expression2

===========================================================================================
----------------- testing Fri Jul 12 05:03:08 UTC 2019 /home/travis/build/icyphy/ptII/ptolemy/actor/lib/test/auto/Expression3.xml
----------------- Instantiating /home/travis/build/icyphy/ptII/ptolemy/actor/lib/test/auto/Expression3.xml
6 ms. Memory: 570368K Free: 338432K (59%)
----------------- Invoking toplevel() on ptolemy.moml.MoMLSimpleApplication@5f5ad184
----------------- Done invoking toplevel() on ptolemy.moml.MoMLSimpleApplication@5f5ad184
reloadAllAccessors: .Expression3

===========================================================================================
----------------- testing Fri Jul 12 05:03:08 UTC 2019 /home/travis/build/icyphy/ptII/ptolemy/actor/lib/test/auto/Expression4.xml
----------------- Instantiating /home/travis/build/icyphy/ptII/ptolemy/actor/lib/test/auto/Expression4.xml
5 ms. Memory: 570368K Free: 330750K (58%)
----------------- Invoking toplevel() on ptolemy.moml.MoMLSimpleApplication@5b85a14a
----------------- Done invoking toplevel() on ptolemy.moml.MoMLSimpleApplication@5b85a14a
reloadAllAccessors: .Expression4

===========================================================================================
----------------- testing Fri Jul 12 05:03:08 UTC 2019 /home/travis/build/icyphy/ptII/ptolemy/actor/lib/test/auto/Expression5.xml
----------------- Instantiating /home/travis/build/icyphy/ptII/ptolemy/actor/lib/test/auto/Expression5.xml
6 ms. Memory: 570368K Free: 325630K (57%)
----------------- Invoking toplevel() on ptolemy.moml.MoMLSimpleApplication@65d689ee
----------------- Done invoking toplevel() on ptolemy.moml.MoMLSimpleApplication@65d689ee
reloadAllAccessors: .Expression5

===========================================================================================
----------------- testing Fri Jul 12 05:03:08 UTC 2019 /home/travis/build/icyphy/ptII/ptolemy/actor/lib/test/auto/Expression6.xml
----------------- Instantiating /home/travis/build/icyphy/ptII/ptolemy/actor/lib/test/auto/Expression6.xml
2 ms. Memory: 570368K Free: 321024K (56%)
----------------- Invoking toplevel() on ptolemy.moml.MoMLSimpleApplication@1183e0d7
----------------- Done invoking toplevel() on ptolemy.moml.MoMLSimpleApplication@1183e0d7
reloadAllAccessors: .Expression6

===========================================================================================
----------------- testing Fri Jul 12 05:03:08 UTC 2019 /home/travis/build/icyphy/ptII/ptolemy/actor/lib/test/auto/Expression7.xml
----------------- Instantiating /home/travis/build/icyphy/ptII/ptolemy/actor/lib/test/auto/Expression7.xml
2 ms. Memory: 570368K Free: 315904K (55%)
----------------- Invoking toplevel() on ptolemy.moml.MoMLSimpleApplication@11b9ab41
----------------- Done invoking toplevel() on ptolemy.moml.MoMLSimpleApplication@11b9ab41
reloadAllAccessors: .Expression7

===========================================================================================
----------------- testing Fri Jul 12 05:03:08 UTC 2019 /home/travis/build/icyphy/ptII/ptolemy/actor/lib/test/auto/Expression8.xml
----------------- Instantiating /home/travis/build/icyphy/ptII/ptolemy/actor/lib/test/auto/Expression8.xml
9 ms. Memory: 570368K Free: 310784K (54%)
----------------- Invoking toplevel() on ptolemy.moml.MoMLSimpleApplication@5f5fe6ae
----------------- Done invoking toplevel() on ptolemy.moml.MoMLSimpleApplication@5f5fe6ae
reloadAllAccessors: .Expression8

===========================================================================================
----------------- testing Fri Jul 12 05:03:08 UTC 2019 /home/travis/build/icyphy/ptII/ptolemy/actor/lib/test/auto/Expression9.xml
----------------- Instantiating /home/travis/build/icyphy/ptII/ptolemy/actor/lib/test/auto/Expression9.xml
1 ms. Memory: 570368K Free: 307198K (54%)
----------------- Invoking toplevel() on ptolemy.moml.MoMLSimpleApplication@7a04ca6a
----------------- Done invoking toplevel() on ptolemy.moml.MoMLSimpleApplication@7a04ca6a
reloadAllAccessors: .Expression9

===========================================================================================
----------------- testing Fri Jul 12 05:03:08 UTC 2019 /home/travis/build/icyphy/ptII/ptolemy/actor/lib/test/auto/ExpressionConcatenateArrayType.xml
----------------- Instantiating /home/travis/build/icyphy/ptII/ptolemy/actor/lib/test/auto/ExpressionConcatenateArrayType.xml
3 ms. Memory: 570368K Free: 300544K (53%)
----------------- Invoking toplevel() on ptolemy.moml.MoMLSimpleApplication@e280437
----------------- Done invoking toplevel() on ptolemy.moml.MoMLSimpleApplication@e280437
reloadAllAccessors: .ExpressionConcatenateArrayType

===========================================================================================
----------------- testing Fri Jul 12 05:03:08 UTC 2019 /home/travis/build/icyphy/ptII/ptolemy/actor/lib/test/auto/ExpressionConcatenateArrayType2.xml
----------------- Instantiating /home/travis/build/icyphy/ptII/ptolemy/actor/lib/test/auto/ExpressionConcatenateArrayType2.xml
5 ms. Memory: 570368K Free: 294910K (52%)
----------------- Invoking toplevel() on ptolemy.moml.MoMLSimpleApplication@716cd285
----------------- Done invoking toplevel() on ptolemy.moml.MoMLSimpleApplication@716cd285
reloadAllAccessors: .ExpressionConcatenateArrayType2

===========================================================================================
----------------- testing Fri Jul 12 05:03:08 UTC 2019 /home/travis/build/icyphy/ptII/ptolemy/actor/lib/test/auto/ExpressionFix.xml
----------------- Instantiating /home/travis/build/icyphy/ptII/ptolemy/actor/lib/test/auto/ExpressionFix.xml
26 ms. Memory: 570368K Free: 288256K (51%)
----------------- Invoking toplevel() on ptolemy.moml.MoMLSimpleApplication@6569e6
----------------- Done invoking toplevel() on ptolemy.moml.MoMLSimpleApplication@6569e6
reloadAllAccessors: .ExpressionFix

===========================================================================================
----------------- testing Fri Jul 12 05:03:08 UTC 2019 /home/travis/build/icyphy/ptII/ptolemy/actor/lib/test/auto/ExpressionFix2.xml
----------------- Instantiating /home/travis/build/icyphy/ptII/ptolemy/actor/lib/test/auto/ExpressionFix2.xml
6 ms. Memory: 570368K Free: 284160K (50%)
----------------- Invoking toplevel() on ptolemy.moml.MoMLSimpleApplication@44cd9901
----------------- Done invoking toplevel() on ptolemy.moml.MoMLSimpleApplication@44cd9901
reloadAllAccessors: .ExpressionFix2

===========================================================================================
----------------- testing Fri Jul 12 05:03:08 UTC 2019 /home/travis/build/icyphy/ptII/ptolemy/actor/lib/test/auto/ExpressionFix3.xml
----------------- Instantiating /home/travis/build/icyphy/ptII/ptolemy/actor/lib/test/auto/ExpressionFix3.xml
4 ms. Memory: 570368K Free: 279550K (49%)
----------------- Invoking toplevel() on ptolemy.moml.MoMLSimpleApplication@606e163a
----------------- Done invoking toplevel() on ptolemy.moml.MoMLSimpleApplication@606e163a
reloadAllAccessors: .ExpressionFix3

===========================================================================================
----------------- testing Fri Jul 12 05:03:08 UTC 2019 /home/travis/build/icyphy/ptII/ptolemy/actor/lib/test/auto/FileWriter1.xml
----------------- Instantiating /home/travis/build/icyphy/ptII/ptolemy/actor/lib/test/auto/FileWriter1.xml
2 ms. Memory: 570368K Free: 275968K (48%)
----------------- Invoking toplevel() on ptolemy.moml.MoMLSimpleApplication@6f36beb6
----------------- Done invoking toplevel() on ptolemy.moml.MoMLSimpleApplication@6f36beb6
reloadAllAccessors: .FileWriter1

===========================================================================================
----------------- testing Fri Jul 12 05:03:08 UTC 2019 /home/travis/build/icyphy/ptII/ptolemy/actor/lib/test/auto/FileWriter2.xml
----------------- Instantiating /home/travis/build/icyphy/ptII/ptolemy/actor/lib/test/auto/FileWriter2.xml
3 ms. Memory: 570368K Free: 271343K (48%)
----------------- Invoking toplevel() on ptolemy.moml.MoMLSimpleApplication@738d1565
----------------- Done invoking toplevel() on ptolemy.moml.MoMLSimpleApplication@738d1565
reloadAllAccessors: .FileWriter2

===========================================================================================
----------------- testing Fri Jul 12 05:03:08 UTC 2019 /home/travis/build/icyphy/ptII/ptolemy/actor/lib/test/auto/FileWriter3.xml
----------------- Instantiating /home/travis/build/icyphy/ptII/ptolemy/actor/lib/test/auto/FileWriter3.xml
4 ms. Memory: 570368K Free: 267262K (47%)
----------------- Invoking toplevel() on ptolemy.moml.MoMLSimpleApplication@6ba205b2
----------------- Done invoking toplevel() on ptolemy.moml.MoMLSimpleApplication@6ba205b2
reloadAllAccessors: .FileWriter3

===========================================================================================
----------------- testing Fri Jul 12 05:03:08 UTC 2019 /home/travis/build/icyphy/ptII/ptolemy/actor/lib/test/auto/Gaussian.xml
----------------- Instantiating /home/travis/build/icyphy/ptII/ptolemy/actor/lib/test/auto/Gaussian.xml
2 ms. Memory: 570368K Free: 262656K (46%)
----------------- Invoking toplevel() on ptolemy.moml.MoMLSimpleApplication@702e90ea
----------------- Done invoking toplevel() on ptolemy.moml.MoMLSimpleApplication@702e90ea
reloadAllAccessors: .Gaussian

===========================================================================================
----------------- testing Fri Jul 12 05:03:08 UTC 2019 /home/travis/build/icyphy/ptII/ptolemy/actor/lib/test/auto/Gaussian1.xml
----------------- Instantiating /home/travis/build/icyphy/ptII/ptolemy/actor/lib/test/auto/Gaussian1.xml
4 ms. Memory: 570368K Free: 256991K (45%)
----------------- Invoking toplevel() on ptolemy.moml.MoMLSimpleApplication@9b86b83
----------------- Done invoking toplevel() on ptolemy.moml.MoMLSimpleApplication@9b86b83
reloadAllAccessors: .Gaussian1

===========================================================================================
----------------- testing Fri Jul 12 05:03:08 UTC 2019 /home/travis/build/icyphy/ptII/ptolemy/actor/lib/test/auto/Gaussian2.xml
----------------- Instantiating /home/travis/build/icyphy/ptII/ptolemy/actor/lib/test/auto/Gaussian2.xml
2 ms. Memory: 570368K Free: 251392K (44%)
----------------- Invoking toplevel() on ptolemy.moml.MoMLSimpleApplication@2a30d6c2
----------------- Done invoking toplevel() on ptolemy.moml.MoMLSimpleApplication@2a30d6c2
reloadAllAccessors: .Gaussian2

===========================================================================================
----------------- testing Fri Jul 12 05:03:08 UTC 2019 /home/travis/build/icyphy/ptII/ptolemy/actor/lib/test/auto/GradientAdaptiveLattice.xml
----------------- Instantiating /home/travis/build/icyphy/ptII/ptolemy/actor/lib/test/auto/GradientAdaptiveLattice.xml
11 ms. Memory: 570368K Free: 246272K (43%)
----------------- Invoking toplevel() on ptolemy.moml.MoMLSimpleApplication@4e97be2
----------------- Done invoking toplevel() on ptolemy.moml.MoMLSimpleApplication@4e97be2
reloadAllAccessors: .GradientAdaptiveLattice

===========================================================================================
----------------- testing Fri Jul 12 05:03:08 UTC 2019 /home/travis/build/icyphy/ptII/ptolemy/actor/lib/test/auto/IIR.xml
----------------- Instantiating /home/travis/build/icyphy/ptII/ptolemy/actor/lib/test/auto/IIR.xml
1 ms. Memory: 570368K Free: 242176K (42%)
----------------- Invoking toplevel() on ptolemy.moml.MoMLSimpleApplication@58989d88
----------------- Done invoking toplevel() on ptolemy.moml.MoMLSimpleApplication@58989d88
reloadAllAccessors: .IIR

===========================================================================================
----------------- testing Fri Jul 12 05:03:08 UTC 2019 /home/travis/build/icyphy/ptII/ptolemy/actor/lib/test/auto/InputOutputTransparentPorts.xml
----------------- Instantiating /home/travis/build/icyphy/ptII/ptolemy/actor/lib/test/auto/InputOutputTransparentPorts.xml
2 ms. Memory: 570368K Free: 234494K (41%)
----------------- Invoking toplevel() on ptolemy.moml.MoMLSimpleApplication@5e1a415f
----------------- Done invoking toplevel() on ptolemy.moml.MoMLSimpleApplication@5e1a415f
reloadAllAccessors: .InputOutputTransparentPorts

===========================================================================================
----------------- testing Fri Jul 12 05:03:09 UTC 2019 /home/travis/build/icyphy/ptII/ptolemy/actor/lib/test/auto/Interpolator.xml
----------------- Instantiating /home/travis/build/icyphy/ptII/ptolemy/actor/lib/test/auto/Interpolator.xml
3 ms. Memory: 570368K Free: 230398K (40%)
----------------- Invoking toplevel() on ptolemy.moml.MoMLSimpleApplication@9537a8b
----------------- Done invoking toplevel() on ptolemy.moml.MoMLSimpleApplication@9537a8b
reloadAllAccessors: .Interpolator

===========================================================================================
----------------- testing Fri Jul 12 05:03:09 UTC 2019 /home/travis/build/icyphy/ptII/ptolemy/actor/lib/test/auto/InterpolatorFiringLimitDE.xml
----------------- Instantiating /home/travis/build/icyphy/ptII/ptolemy/actor/lib/test/auto/InterpolatorFiringLimitDE.xml
2 ms. Memory: 570368K Free: 224254K (39%)
----------------- Invoking toplevel() on ptolemy.moml.MoMLSimpleApplication@59c0bdd2
----------------- Done invoking toplevel() on ptolemy.moml.MoMLSimpleApplication@59c0bdd2
reloadAllAccessors: .InterpolatorFiringLimitDE

===========================================================================================
----------------- testing Fri Jul 12 05:03:09 UTC 2019 /home/travis/build/icyphy/ptII/ptolemy/actor/lib/test/auto/Lattice.xml
----------------- Instantiating /home/travis/build/icyphy/ptII/ptolemy/actor/lib/test/auto/Lattice.xml
2 ms. Memory: 570368K Free: 220158K (39%)
----------------- Invoking toplevel() on ptolemy.moml.MoMLSimpleApplication@48f54cee
----------------- Done invoking toplevel() on ptolemy.moml.MoMLSimpleApplication@48f54cee
reloadAllAccessors: .Lattice

===========================================================================================
----------------- testing Fri Jul 12 05:03:09 UTC 2019 /home/travis/build/icyphy/ptII/ptolemy/actor/lib/test/auto/LazyAOCTestLazy.xml
----------------- Instantiating /home/travis/build/icyphy/ptII/ptolemy/actor/lib/test/auto/LazyAOCTestLazy.xml
17 ms. Memory: 570368K Free: 213999K (38%)
----------------- Invoking toplevel() on ptolemy.moml.MoMLSimpleApplication@32d096e9
----------------- Done invoking toplevel() on ptolemy.moml.MoMLSimpleApplication@32d096e9
reloadAllAccessors: .LazyAOCTestLazy

===========================================================================================
----------------- testing Fri Jul 12 05:03:09 UTC 2019 /home/travis/build/icyphy/ptII/ptolemy/actor/lib/test/auto/LazyAOCTestNonLazy.xml
----------------- Instantiating /home/travis/build/icyphy/ptII/ptolemy/actor/lib/test/auto/LazyAOCTestNonLazy.xml
2 ms. Memory: 570368K Free: 207870K (36%)
----------------- Invoking toplevel() on ptolemy.moml.MoMLSimpleApplication@602955f5
----------------- Done invoking toplevel() on ptolemy.moml.MoMLSimpleApplication@602955f5
reloadAllAccessors: .LazyAOCTestNonLazy

===========================================================================================
----------------- testing Fri Jul 12 05:03:09 UTC 2019 /home/travis/build/icyphy/ptII/ptolemy/actor/lib/test/auto/LazyInnerClass.xml
----------------- Instantiating /home/travis/build/icyphy/ptII/ptolemy/actor/lib/test/auto/LazyInnerClass.xml
19 ms. Memory: 570368K Free: 199168K (35%)
----------------- Invoking toplevel() on ptolemy.moml.MoMLSimpleApplication@31abcc03
----------------- Done invoking toplevel() on ptolemy.moml.MoMLSimpleApplication@31abcc03
reloadAllAccessors: .LazyInnerClass

===========================================================================================
----------------- testing Fri Jul 12 05:03:09 UTC 2019 /home/travis/build/icyphy/ptII/ptolemy/actor/lib/test/auto/LazyPubSub.xml
----------------- Instantiating /home/travis/build/icyphy/ptII/ptolemy/actor/lib/test/auto/LazyPubSub.xml
48 ms. Memory: 814080K Free: 759808K (93%)
----------------- Invoking toplevel() on ptolemy.moml.MoMLSimpleApplication@4c82650a
----------------- Done invoking toplevel() on ptolemy.moml.MoMLSimpleApplication@4c82650a
reloadAllAccessors: .LazyPubSub

===========================================================================================
----------------- testing Fri Jul 12 05:03:09 UTC 2019 /home/travis/build/icyphy/ptII/ptolemy/actor/lib/test/auto/LazyPubSub2.xml
----------------- Instantiating /home/travis/build/icyphy/ptII/ptolemy/actor/lib/test/auto/LazyPubSub2.xml
25 ms. Memory: 814080K Free: 750078K (92%)
----------------- Invoking toplevel() on ptolemy.moml.MoMLSimpleApplication@4d308766
----------------- Done invoking toplevel() on ptolemy.moml.MoMLSimpleApplication@4d308766
reloadAllAccessors: .LazyPubSub2

===========================================================================================
----------------- testing Fri Jul 12 05:03:09 UTC 2019 /home/travis/build/icyphy/ptII/ptolemy/actor/lib/test/auto/LazyPubSub3.xml
----------------- Instantiating /home/travis/build/icyphy/ptII/ptolemy/actor/lib/test/auto/LazyPubSub3.xml
16 ms. Memory: 814080K Free: 739838K (91%)
----------------- Invoking toplevel() on ptolemy.moml.MoMLSimpleApplication@5279e15d
----------------- Done invoking toplevel() on ptolemy.moml.MoMLSimpleApplication@5279e15d
reloadAllAccessors: .LazyPubSub3

===========================================================================================
----------------- testing Fri Jul 12 05:03:09 UTC 2019 /home/travis/build/icyphy/ptII/ptolemy/actor/lib/test/auto/LazySubClassModel.xml
----------------- Instantiating /home/travis/build/icyphy/ptII/ptolemy/actor/lib/test/auto/LazySubClassModel.xml
4 ms. Memory: 814080K Free: 730622K (90%)
----------------- Invoking toplevel() on ptolemy.moml.MoMLSimpleApplication@20a3ee2d
----------------- Done invoking toplevel() on ptolemy.moml.MoMLSimpleApplication@20a3ee2d
reloadAllAccessors: .LazySubClassModel

===========================================================================================
----------------- testing Fri Jul 12 05:03:09 UTC 2019 /home/travis/build/icyphy/ptII/ptolemy/actor/lib/test/auto/LevelCrossTest1.xml
----------------- Instantiating /home/travis/build/icyphy/ptII/ptolemy/actor/lib/test/auto/LevelCrossTest1.xml
7 ms. Memory: 814080K Free: 724992K (89%)
----------------- Invoking toplevel() on ptolemy.moml.MoMLSimpleApplication@c8a8cbc
----------------- Done invoking toplevel() on ptolemy.moml.MoMLSimpleApplication@c8a8cbc
reloadAllAccessors: .broken

===========================================================================================
----------------- testing Fri Jul 12 05:03:09 UTC 2019 /home/travis/build/icyphy/ptII/ptolemy/actor/lib/test/auto/LevelCrossTest10.xml
----------------- Instantiating /home/travis/build/icyphy/ptII/ptolemy/actor/lib/test/auto/LevelCrossTest10.xml
2 ms. Memory: 814080K Free: 717824K (88%)
----------------- Invoking toplevel() on ptolemy.moml.MoMLSimpleApplication@679b68b8
----------------- Done invoking toplevel() on ptolemy.moml.MoMLSimpleApplication@679b68b8
reloadAllAccessors: .LevelCrossTest10

===========================================================================================
----------------- testing Fri Jul 12 05:03:09 UTC 2019 /home/travis/build/icyphy/ptII/ptolemy/actor/lib/test/auto/LevelCrossTest11.xml
----------------- Instantiating /home/travis/build/icyphy/ptII/ptolemy/actor/lib/test/auto/LevelCrossTest11.xml
1 ms. Memory: 814080K Free: 711166K (87%)
----------------- Invoking toplevel() on ptolemy.moml.MoMLSimpleApplication@6b4693aa
----------------- Done invoking toplevel() on ptolemy.moml.MoMLSimpleApplication@6b4693aa
reloadAllAccessors: .LevelCrossTest11

===========================================================================================
----------------- testing Fri Jul 12 05:03:09 UTC 2019 /home/travis/build/icyphy/ptII/ptolemy/actor/lib/test/auto/LevelCrossTest12.xml
----------------- Instantiating /home/travis/build/icyphy/ptII/ptolemy/actor/lib/test/auto/LevelCrossTest12.xml
1 ms. Memory: 814080K Free: 703998K (86%)
----------------- Invoking toplevel() on ptolemy.moml.MoMLSimpleApplication@4b172cba
----------------- Done invoking toplevel() on ptolemy.moml.MoMLSimpleApplication@4b172cba
reloadAllAccessors: .LevelCrossTest12

===========================================================================================
----------------- testing Fri Jul 12 05:03:09 UTC 2019 /home/travis/build/icyphy/ptII/ptolemy/actor/lib/test/auto/LevelCrossTest13.xml
----------------- Instantiating /home/travis/build/icyphy/ptII/ptolemy/actor/lib/test/auto/LevelCrossTest13.xml
1 ms. Memory: 814080K Free: 696320K (86%)
----------------- Invoking toplevel() on ptolemy.moml.MoMLSimpleApplication@3eb716d0
----------------- Done invoking toplevel() on ptolemy.moml.MoMLSimpleApplication@3eb716d0
reloadAllAccessors: .LevelCrossTest13

===========================================================================================
----------------- testing Fri Jul 12 05:03:09 UTC 2019 /home/travis/build/icyphy/ptII/ptolemy/actor/lib/test/auto/LevelCrossTest2.xml
----------------- Instantiating /home/travis/build/icyphy/ptII/ptolemy/actor/lib/test/auto/LevelCrossTest2.xml
1 ms. Memory: 814080K Free: 690686K (85%)
----------------- Invoking toplevel() on ptolemy.moml.MoMLSimpleApplication@7fbc4e0f
----------------- Done invoking toplevel() on ptolemy.moml.MoMLSimpleApplication@7fbc4e0f
reloadAllAccessors: .broken

===========================================================================================
----------------- testing Fri Jul 12 05:03:09 UTC 2019 /home/travis/build/icyphy/ptII/ptolemy/actor/lib/test/auto/LevelCrossTest3.xml
----------------- Instantiating /home/travis/build/icyphy/ptII/ptolemy/actor/lib/test/auto/LevelCrossTest3.xml
1 ms. Memory: 814080K Free: 684542K (84%)
----------------- Invoking toplevel() on ptolemy.moml.MoMLSimpleApplication@9fab000
----------------- Done invoking toplevel() on ptolemy.moml.MoMLSimpleApplication@9fab000
reloadAllAccessors: .LevelCrossTest3

===========================================================================================
----------------- testing Fri Jul 12 05:03:09 UTC 2019 /home/travis/build/icyphy/ptII/ptolemy/actor/lib/test/auto/LevelCrossTest4.xml
----------------- Instantiating /home/travis/build/icyphy/ptII/ptolemy/actor/lib/test/auto/LevelCrossTest4.xml
2 ms. Memory: 814080K Free: 679422K (83%)
----------------- Invoking toplevel() on ptolemy.moml.MoMLSimpleApplication@189b71de
----------------- Done invoking toplevel() on ptolemy.moml.MoMLSimpleApplication@189b71de
reloadAllAccessors: .broken

===========================================================================================
----------------- testing Fri Jul 12 05:03:09 UTC 2019 /home/travis/build/icyphy/ptII/ptolemy/actor/lib/test/auto/LevelCrossTest5.xml
----------------- Instantiating /home/travis/build/icyphy/ptII/ptolemy/actor/lib/test/auto/LevelCrossTest5.xml
4 ms. Memory: 814080K Free: 672254K (83%)
----------------- Invoking toplevel() on ptolemy.moml.MoMLSimpleApplication@897dee2
----------------- Done invoking toplevel() on ptolemy.moml.MoMLSimpleApplication@897dee2
reloadAllAccessors: .LevelCrossTest5

===========================================================================================
----------------- testing Fri Jul 12 05:03:09 UTC 2019 /home/travis/build/icyphy/ptII/ptolemy/actor/lib/test/auto/LevelCrossTest6.xml
----------------- Instantiating /home/travis/build/icyphy/ptII/ptolemy/actor/lib/test/auto/LevelCrossTest6.xml
2 ms. Memory: 814080K Free: 665600K (82%)
----------------- Invoking toplevel() on ptolemy.moml.MoMLSimpleApplication@2bdda4b0
----------------- Done invoking toplevel() on ptolemy.moml.MoMLSimpleApplication@2bdda4b0
reloadAllAccessors: .LevelCrossTest6

===========================================================================================
----------------- testing Fri Jul 12 05:03:09 UTC 2019 /home/travis/build/icyphy/ptII/ptolemy/actor/lib/test/auto/LevelCrossTest7.xml
----------------- Instantiating /home/travis/build/icyphy/ptII/ptolemy/actor/lib/test/auto/LevelCrossTest7.xml
2 ms. Memory: 814080K Free: 658942K (81%)
----------------- Invoking toplevel() on ptolemy.moml.MoMLSimpleApplication@42ec3b8
----------------- Done invoking toplevel() on ptolemy.moml.MoMLSimpleApplication@42ec3b8
reloadAllAccessors: .LevelCrossTest7

===========================================================================================
----------------- testing Fri Jul 12 05:03:09 UTC 2019 /home/travis/build/icyphy/ptII/ptolemy/actor/lib/test/auto/LevelCrossTest8.xml
----------------- Instantiating /home/travis/build/icyphy/ptII/ptolemy/actor/lib/test/auto/LevelCrossTest8.xml
1 ms. Memory: 814080K Free: 651774K (80%)
----------------- Invoking toplevel() on ptolemy.moml.MoMLSimpleApplication@2399c340
----------------- Done invoking toplevel() on ptolemy.moml.MoMLSimpleApplication@2399c340
reloadAllAccessors: .LevelCrossTest8

===========================================================================================
----------------- testing Fri Jul 12 05:03:09 UTC 2019 /home/travis/build/icyphy/ptII/ptolemy/actor/lib/test/auto/LevelCrossTest9.xml
----------------- Instantiating /home/travis/build/icyphy/ptII/ptolemy/actor/lib/test/auto/LevelCrossTest9.xml
2 ms. Memory: 814080K Free: 645120K (79%)
----------------- Invoking toplevel() on ptolemy.moml.MoMLSimpleApplication@78ad409d
----------------- Done invoking toplevel() on ptolemy.moml.MoMLSimpleApplication@78ad409d
reloadAllAccessors: .LevelCrossTest9

===========================================================================================
----------------- testing Fri Jul 12 05:03:09 UTC 2019 /home/travis/build/icyphy/ptII/ptolemy/actor/lib/test/auto/LevinsonDurbin.xml
----------------- Instantiating /home/travis/build/icyphy/ptII/ptolemy/actor/lib/test/auto/LevinsonDurbin.xml
2 ms. Memory: 814080K Free: 641024K (79%)
----------------- Invoking toplevel() on ptolemy.moml.MoMLSimpleApplication@2330906
----------------- Done invoking toplevel() on ptolemy.moml.MoMLSimpleApplication@2330906
reloadAllAccessors: .LevinsonDurbin

===========================================================================================
----------------- testing Fri Jul 12 05:03:09 UTC 2019 /home/travis/build/icyphy/ptII/ptolemy/actor/lib/test/auto/LevinsonDurbin2.xml
----------------- Instantiating /home/travis/build/icyphy/ptII/ptolemy/actor/lib/test/auto/LevinsonDurbin2.xml
2 ms. Memory: 814080K Free: 636928K (78%)
----------------- Invoking toplevel() on ptolemy.moml.MoMLSimpleApplication@7267fd0b
----------------- Done invoking toplevel() on ptolemy.moml.MoMLSimpleApplication@7267fd0b
reloadAllAccessors: .LevinsonDurbin2

===========================================================================================
----------------- testing Fri Jul 12 05:03:09 UTC 2019 /home/travis/build/icyphy/ptII/ptolemy/actor/lib/test/auto/LevinsonDurbin3.xml
----------------- Instantiating /home/travis/build/icyphy/ptII/ptolemy/actor/lib/test/auto/LevinsonDurbin3.xml
3 ms. Memory: 814080K Free: 632832K (78%)
----------------- Invoking toplevel() on ptolemy.moml.MoMLSimpleApplication@8a99d94
----------------- Done invoking toplevel() on ptolemy.moml.MoMLSimpleApplication@8a99d94
reloadAllAccessors: .LevinsonDurbin3

===========================================================================================
----------------- testing Fri Jul 12 05:03:09 UTC 2019 /home/travis/build/icyphy/ptII/ptolemy/actor/lib/test/auto/Limiter.xml
----------------- Instantiating /home/travis/build/icyphy/ptII/ptolemy/actor/lib/test/auto/Limiter.xml
7 ms. Memory: 814080K Free: 623616K (77%)
----------------- Invoking toplevel() on ptolemy.moml.MoMLSimpleApplication@4f84ff19
----------------- Done invoking toplevel() on ptolemy.moml.MoMLSimpleApplication@4f84ff19
reloadAllAccessors: .Limiter

===========================================================================================
----------------- testing Fri Jul 12 05:03:09 UTC 2019 /home/travis/build/icyphy/ptII/ptolemy/actor/lib/test/auto/LinearDifferenceEquationSystem.xml
----------------- Instantiating /home/travis/build/icyphy/ptII/ptolemy/actor/lib/test/auto/LinearDifferenceEquationSystem.xml
5 ms. Memory: 814080K Free: 615934K (76%)
----------------- Invoking toplevel() on ptolemy.moml.MoMLSimpleApplication@15018f0d
----------------- Done invoking toplevel() on ptolemy.moml.MoMLSimpleApplication@15018f0d
reloadAllAccessors: .LinearDifferenceEquationSystem

===========================================================================================
----------------- testing Fri Jul 12 05:03:09 UTC 2019 /home/travis/build/icyphy/ptII/ptolemy/actor/lib/test/auto/LookupTable.xml
----------------- Instantiating /home/travis/build/icyphy/ptII/ptolemy/actor/lib/test/auto/LookupTable.xml
2 ms. Memory: 814080K Free: 611328K (75%)
----------------- Invoking toplevel() on ptolemy.moml.MoMLSimpleApplication@5768b34a
----------------- Done invoking toplevel() on ptolemy.moml.MoMLSimpleApplication@5768b34a
reloadAllAccessors: .LookupTable

===========================================================================================
----------------- testing Fri Jul 12 05:03:09 UTC 2019 /home/travis/build/icyphy/ptII/ptolemy/actor/lib/test/auto/MathFunction.xml
----------------- Instantiating /home/travis/build/icyphy/ptII/ptolemy/actor/lib/test/auto/MathFunction.xml
3 ms. Memory: 814080K Free: 603136K (74%)
----------------- Invoking toplevel() on ptolemy.moml.MoMLSimpleApplication@36160ded
----------------- Done invoking toplevel() on ptolemy.moml.MoMLSimpleApplication@36160ded
reloadAllAccessors: .MathFunction

===========================================================================================
----------------- testing Fri Jul 12 05:03:10 UTC 2019 /home/travis/build/icyphy/ptII/ptolemy/actor/lib/test/auto/MathFunction2.xml
----------------- Instantiating /home/travis/build/icyphy/ptII/ptolemy/actor/lib/test/auto/MathFunction2.xml
1 ms. Memory: 814080K Free: 599040K (74%)
----------------- Invoking toplevel() on ptolemy.moml.MoMLSimpleApplication@68ff8a5a
----------------- Done invoking toplevel() on ptolemy.moml.MoMLSimpleApplication@68ff8a5a
reloadAllAccessors: .MathFunction2

===========================================================================================
----------------- testing Fri Jul 12 05:03:10 UTC 2019 /home/travis/build/icyphy/ptII/ptolemy/actor/lib/test/auto/MathFunction3.xml
----------------- Instantiating /home/travis/build/icyphy/ptII/ptolemy/actor/lib/test/auto/MathFunction3.xml
2 ms. Memory: 814080K Free: 591872K (73%)
----------------- Invoking toplevel() on ptolemy.moml.MoMLSimpleApplication@1cff6553
----------------- Done invoking toplevel() on ptolemy.moml.MoMLSimpleApplication@1cff6553
reloadAllAccessors: .MathFunction3

===========================================================================================
----------------- testing Fri Jul 12 05:03:10 UTC 2019 /home/travis/build/icyphy/ptII/ptolemy/actor/lib/test/auto/MatrixCropBoolean.xml
----------------- Instantiating /home/travis/build/icyphy/ptII/ptolemy/actor/lib/test/auto/MatrixCropBoolean.xml
12 ms. Memory: 814080K Free: 587231K (72%)
----------------- Invoking toplevel() on ptolemy.moml.MoMLSimpleApplication@1b483d7b
----------------- Done invoking toplevel() on ptolemy.moml.MoMLSimpleApplication@1b483d7b
reloadAllAccessors: .MatrixCropBoolean

===========================================================================================
----------------- testing Fri Jul 12 05:03:10 UTC 2019 /home/travis/build/icyphy/ptII/ptolemy/actor/lib/test/auto/MatrixCropComplex.xml
----------------- Instantiating /home/travis/build/icyphy/ptII/ptolemy/actor/lib/test/auto/MatrixCropComplex.xml
2 ms. Memory: 814080K Free: 582135K (72%)
----------------- Invoking toplevel() on ptolemy.moml.MoMLSimpleApplication@b747e5e
----------------- Done invoking toplevel() on ptolemy.moml.MoMLSimpleApplication@b747e5e
reloadAllAccessors: .MatrixCropComplex

===========================================================================================
----------------- testing Fri Jul 12 05:03:10 UTC 2019 /home/travis/build/icyphy/ptII/ptolemy/actor/lib/test/auto/MatrixCropDouble.xml
----------------- Instantiating /home/travis/build/icyphy/ptII/ptolemy/actor/lib/test/auto/MatrixCropDouble.xml
3 ms. Memory: 814080K Free: 578031K (71%)
----------------- Invoking toplevel() on ptolemy.moml.MoMLSimpleApplication@3ba56949
----------------- Done invoking toplevel() on ptolemy.moml.MoMLSimpleApplication@3ba56949
reloadAllAccessors: .MatrixCropDouble

===========================================================================================
----------------- testing Fri Jul 12 05:03:10 UTC 2019 /home/travis/build/icyphy/ptII/ptolemy/actor/lib/test/auto/MatrixCropFix.xml
----------------- Instantiating /home/travis/build/icyphy/ptII/ptolemy/actor/lib/test/auto/MatrixCropFix.xml
5 ms. Memory: 814080K Free: 572416K (70%)
----------------- Invoking toplevel() on ptolemy.moml.MoMLSimpleApplication@5c476525
----------------- Done invoking toplevel() on ptolemy.moml.MoMLSimpleApplication@5c476525
reloadAllAccessors: .MatrixCropFix

===========================================================================================
----------------- testing Fri Jul 12 05:03:10 UTC 2019 /home/travis/build/icyphy/ptII/ptolemy/actor/lib/test/auto/MatrixCropInt.xml
----------------- Instantiating /home/travis/build/icyphy/ptII/ptolemy/actor/lib/test/auto/MatrixCropInt.xml
2 ms. Memory: 814080K Free: 567791K (70%)
----------------- Invoking toplevel() on ptolemy.moml.MoMLSimpleApplication@662c894e
----------------- Done invoking toplevel() on ptolemy.moml.MoMLSimpleApplication@662c894e
reloadAllAccessors: .MatrixCropInt

===========================================================================================
----------------- testing Fri Jul 12 05:03:10 UTC 2019 /home/travis/build/icyphy/ptII/ptolemy/actor/lib/test/auto/MatrixCropLong.xml
----------------- Instantiating /home/travis/build/icyphy/ptII/ptolemy/actor/lib/test/auto/MatrixCropLong.xml
4 ms. Memory: 814080K Free: 562671K (69%)
----------------- Invoking toplevel() on ptolemy.moml.MoMLSimpleApplication@e7b1f97
----------------- Done invoking toplevel() on ptolemy.moml.MoMLSimpleApplication@e7b1f97
reloadAllAccessors: .MatrixCropLong

===========================================================================================
----------------- testing Fri Jul 12 05:03:10 UTC 2019 /home/travis/build/icyphy/ptII/ptolemy/actor/lib/test/auto/MatrixToArray.xml
----------------- Instantiating /home/travis/build/icyphy/ptII/ptolemy/actor/lib/test/auto/MatrixToArray.xml
10 ms. Memory: 814080K Free: 547326K (67%)
----------------- Invoking toplevel() on ptolemy.moml.MoMLSimpleApplication@5d5ebd8b
----------------- Done invoking toplevel() on ptolemy.moml.MoMLSimpleApplication@5d5ebd8b
reloadAllAccessors: .MatrixToArray

===========================================================================================
----------------- testing Fri Jul 12 05:03:10 UTC 2019 /home/travis/build/icyphy/ptII/ptolemy/actor/lib/test/auto/MaxIndex.xml
----------------- Instantiating /home/travis/build/icyphy/ptII/ptolemy/actor/lib/test/auto/MaxIndex.xml
2 ms. Memory: 814080K Free: 542206K (67%)
----------------- Invoking toplevel() on ptolemy.moml.MoMLSimpleApplication@373a8d59
----------------- Done invoking toplevel() on ptolemy.moml.MoMLSimpleApplication@373a8d59
reloadAllAccessors: .MaxIndex

===========================================================================================
----------------- testing Fri Jul 12 05:03:10 UTC 2019 /home/travis/build/icyphy/ptII/ptolemy/actor/lib/test/auto/Maximum.xml
----------------- Instantiating /home/travis/build/icyphy/ptII/ptolemy/actor/lib/test/auto/Maximum.xml
6 ms. Memory: 814080K Free: 535552K (66%)
----------------- Invoking toplevel() on ptolemy.moml.MoMLSimpleApplication@7cfd68f2
----------------- Done invoking toplevel() on ptolemy.moml.MoMLSimpleApplication@7cfd68f2
reloadAllAccessors: .Maximum

===========================================================================================
----------------- testing Fri Jul 12 05:03:10 UTC 2019 /home/travis/build/icyphy/ptII/ptolemy/actor/lib/test/auto/MaximumComplex.xml
----------------- Instantiating /home/travis/build/icyphy/ptII/ptolemy/actor/lib/test/auto/MaximumComplex.xml
6 ms. Memory: 814080K Free: 529408K (65%)
----------------- Invoking toplevel() on ptolemy.moml.MoMLSimpleApplication@60e40577
----------------- Done invoking toplevel() on ptolemy.moml.MoMLSimpleApplication@60e40577
reloadAllAccessors: .MaximumComplex

===========================================================================================
----------------- testing Fri Jul 12 05:03:10 UTC 2019 /home/travis/build/icyphy/ptII/ptolemy/actor/lib/test/auto/MethodCallTest.xml
----------------- Instantiating /home/travis/build/icyphy/ptII/ptolemy/actor/lib/test/auto/MethodCallTest.xml
2 ms. Memory: 814080K Free: 522750K (64%)
----------------- Invoking toplevel() on ptolemy.moml.MoMLSimpleApplication@205f686a
----------------- Done invoking toplevel() on ptolemy.moml.MoMLSimpleApplication@205f686a
reloadAllAccessors: .MethodCallTest

===========================================================================================
----------------- testing Fri Jul 12 05:03:10 UTC 2019 /home/travis/build/icyphy/ptII/ptolemy/actor/lib/test/auto/Minimum.xml
----------------- Instantiating /home/travis/build/icyphy/ptII/ptolemy/actor/lib/test/auto/Minimum.xml
3 ms. Memory: 814080K Free: 516591K (63%)
----------------- Invoking toplevel() on ptolemy.moml.MoMLSimpleApplication@57b69ed
----------------- Done invoking toplevel() on ptolemy.moml.MoMLSimpleApplication@57b69ed
reloadAllAccessors: .Minimum

===========================================================================================
----------------- testing Fri Jul 12 05:03:10 UTC 2019 /home/travis/build/icyphy/ptII/ptolemy/actor/lib/test/auto/MinimumComplex.xml
----------------- Instantiating /home/travis/build/icyphy/ptII/ptolemy/actor/lib/test/auto/MinimumComplex.xml
5 ms. Memory: 814080K Free: 510431K (63%)
----------------- Invoking toplevel() on ptolemy.moml.MoMLSimpleApplication@7d8e0bce
----------------- Done invoking toplevel() on ptolemy.moml.MoMLSimpleApplication@7d8e0bce
reloadAllAccessors: .MinimumComplex

===========================================================================================
----------------- testing Fri Jul 12 05:03:10 UTC 2019 /home/travis/build/icyphy/ptII/ptolemy/actor/lib/test/auto/MinimumMultiports.xml
----------------- Instantiating /home/travis/build/icyphy/ptII/ptolemy/actor/lib/test/auto/MinimumMultiports.xml
5 ms. Memory: 814080K Free: 501760K (62%)
----------------- Invoking toplevel() on ptolemy.moml.MoMLSimpleApplication@2c4fbd76
----------------- Done invoking toplevel() on ptolemy.moml.MoMLSimpleApplication@2c4fbd76
reloadAllAccessors: .MinimumMultiports

===========================================================================================
----------------- testing Fri Jul 12 05:03:10 UTC 2019 /home/travis/build/icyphy/ptII/ptolemy/actor/lib/test/auto/ModifyDate.xml
----------------- Instantiating /home/travis/build/icyphy/ptII/ptolemy/actor/lib/test/auto/ModifyDate.xml
8 ms. Memory: 814080K Free: 488958K (60%)
----------------- Invoking toplevel() on ptolemy.moml.MoMLSimpleApplication@6006365b
----------------- Done invoking toplevel() on ptolemy.moml.MoMLSimpleApplication@6006365b
reloadAllAccessors: .ModifyDate

===========================================================================================
----------------- testing Fri Jul 12 05:03:10 UTC 2019 /home/travis/build/icyphy/ptII/ptolemy/actor/lib/test/auto/ModifyDate2.xml
----------------- Instantiating /home/travis/build/icyphy/ptII/ptolemy/actor/lib/test/auto/ModifyDate2.xml
6 ms. Memory: 814080K Free: 480256K (59%)
----------------- Invoking toplevel() on ptolemy.moml.MoMLSimpleApplication@1682c50f
----------------- Done invoking toplevel() on ptolemy.moml.MoMLSimpleApplication@1682c50f
reloadAllAccessors: .ModifyDate2

===========================================================================================
----------------- testing Fri Jul 12 05:03:10 UTC 2019 /home/travis/build/icyphy/ptII/ptolemy/actor/lib/test/auto/MovingAverage.xml
----------------- Instantiating /home/travis/build/icyphy/ptII/ptolemy/actor/lib/test/auto/MovingAverage.xml
11 ms. Memory: 814080K Free: 475136K (58%)
----------------- Invoking toplevel() on ptolemy.moml.MoMLSimpleApplication@651ccbd6
----------------- Done invoking toplevel() on ptolemy.moml.MoMLSimpleApplication@651ccbd6
reloadAllAccessors: .MovingAverage

===========================================================================================
----------------- testing Fri Jul 12 05:03:10 UTC 2019 /home/travis/build/icyphy/ptII/ptolemy/actor/lib/test/auto/MovingMaximum.xml
----------------- Instantiating /home/travis/build/icyphy/ptII/ptolemy/actor/lib/test/auto/MovingMaximum.xml
2 ms. Memory: 814080K Free: 470526K (58%)
----------------- Invoking toplevel() on ptolemy.moml.MoMLSimpleApplication@75716480
----------------- Done invoking toplevel() on ptolemy.moml.MoMLSimpleApplication@75716480
reloadAllAccessors: .MovingMaximum

===========================================================================================
----------------- testing Fri Jul 12 05:03:10 UTC 2019 /home/travis/build/icyphy/ptII/ptolemy/actor/lib/test/auto/MultipleLinksToSameRelation.xml
----------------- Instantiating /home/travis/build/icyphy/ptII/ptolemy/actor/lib/test/auto/MultipleLinksToSameRelation.xml
2 ms. Memory: 814080K Free: 466430K (57%)
----------------- Invoking toplevel() on ptolemy.moml.MoMLSimpleApplication@1d8bb98
----------------- Done invoking toplevel() on ptolemy.moml.MoMLSimpleApplication@1d8bb98
reloadAllAccessors: .MultipleLinksToSameRelation

===========================================================================================
----------------- testing Fri Jul 12 05:03:10 UTC 2019 /home/travis/build/icyphy/ptII/ptolemy/actor/lib/test/auto/MultipleLinksToSameRelationDE.xml
----------------- Instantiating /home/travis/build/icyphy/ptII/ptolemy/actor/lib/test/auto/MultipleLinksToSameRelationDE.xml
2 ms. Memory: 814080K Free: 461824K (57%)
----------------- Invoking toplevel() on ptolemy.moml.MoMLSimpleApplication@6498c324
----------------- Done invoking toplevel() on ptolemy.moml.MoMLSimpleApplication@6498c324
reloadAllAccessors: .MultipleLinksToSameRelationDE

===========================================================================================
----------------- testing Fri Jul 12 05:03:10 UTC 2019 /home/travis/build/icyphy/ptII/ptolemy/actor/lib/test/auto/Multiplexor.xml
----------------- Instantiating /home/travis/build/icyphy/ptII/ptolemy/actor/lib/test/auto/Multiplexor.xml
1 ms. Memory: 814080K Free: 456190K (56%)
----------------- Invoking toplevel() on ptolemy.moml.MoMLSimpleApplication@117478aa
----------------- Done invoking toplevel() on ptolemy.moml.MoMLSimpleApplication@117478aa
reloadAllAccessors: .Multiplexor

===========================================================================================
----------------- testing Fri Jul 12 05:03:10 UTC 2019 /home/travis/build/icyphy/ptII/ptolemy/actor/lib/test/auto/Multiplexor1.xml
----------------- Instantiating /home/travis/build/icyphy/ptII/ptolemy/actor/lib/test/auto/Multiplexor1.xml
2 ms. Memory: 814080K Free: 450560K (55%)
----------------- Invoking toplevel() on ptolemy.moml.MoMLSimpleApplication@70aca6ea
----------------- Done invoking toplevel() on ptolemy.moml.MoMLSimpleApplication@70aca6ea
reloadAllAccessors: .Multiplexor1

===========================================================================================
----------------- testing Fri Jul 12 05:03:10 UTC 2019 /home/travis/build/icyphy/ptII/ptolemy/actor/lib/test/auto/Multiplexor2.xml
----------------- Instantiating /home/travis/build/icyphy/ptII/ptolemy/actor/lib/test/auto/Multiplexor2.xml
7 ms. Memory: 814080K Free: 443899K (55%)
----------------- Invoking toplevel() on ptolemy.moml.MoMLSimpleApplication@6c13baa2
----------------- Done invoking toplevel() on ptolemy.moml.MoMLSimpleApplication@6c13baa2
reloadAllAccessors: .Multiplexor2

===========================================================================================
----------------- testing Fri Jul 12 05:03:10 UTC 2019 /home/travis/build/icyphy/ptII/ptolemy/actor/lib/test/auto/Multiplexor3.xml
----------------- Instantiating /home/travis/build/icyphy/ptII/ptolemy/actor/lib/test/auto/Multiplexor3.xml
3 ms. Memory: 814080K Free: 439806K (54%)
----------------- Invoking toplevel() on ptolemy.moml.MoMLSimpleApplication@7539fcf3
----------------- Done invoking toplevel() on ptolemy.moml.MoMLSimpleApplication@7539fcf3
reloadAllAccessors: .Multiplexor3

===========================================================================================
----------------- testing Fri Jul 12 05:03:10 UTC 2019 /home/travis/build/icyphy/ptII/ptolemy/actor/lib/test/auto/MultiplexorDE.xml
----------------- Instantiating /home/travis/build/icyphy/ptII/ptolemy/actor/lib/test/auto/MultiplexorDE.xml
4 ms. Memory: 814080K Free: 432128K (53%)
----------------- Invoking toplevel() on ptolemy.moml.MoMLSimpleApplication@2aee551a
----------------- Done invoking toplevel() on ptolemy.moml.MoMLSimpleApplication@2aee551a
reloadAllAccessors: .MultiplexorDE

===========================================================================================
----------------- testing Fri Jul 12 05:03:10 UTC 2019 /home/travis/build/icyphy/ptII/ptolemy/actor/lib/test/auto/MultiportBroadcastTest.xml
----------------- Instantiating /home/travis/build/icyphy/ptII/ptolemy/actor/lib/test/auto/MultiportBroadcastTest.xml
98 ms. Memory: 814080K Free: 425455K (52%)
----------------- Invoking toplevel() on ptolemy.moml.MoMLSimpleApplication@c38b66c
----------------- Done invoking toplevel() on ptolemy.moml.MoMLSimpleApplication@c38b66c
reloadAllAccessors: .MultiportBroadcastTest

===========================================================================================
----------------- testing Fri Jul 12 05:03:10 UTC 2019 /home/travis/build/icyphy/ptII/ptolemy/actor/lib/test/auto/MultiportOutHangDuringGetWidth.xml
----------------- Instantiating /home/travis/build/icyphy/ptII/ptolemy/actor/lib/test/auto/MultiportOutHangDuringGetWidth.xml
5 ms. Memory: 814080K Free: 413151K (51%)
----------------- Invoking toplevel() on ptolemy.moml.MoMLSimpleApplication@3c568178
----------------- Done invoking toplevel() on ptolemy.moml.MoMLSimpleApplication@3c568178
reloadAllAccessors: .MultiportOutHangDuringGetWidth

===========================================================================================
----------------- testing Fri Jul 12 05:03:10 UTC 2019 /home/travis/build/icyphy/ptII/ptolemy/actor/lib/test/auto/NilToken.xml
----------------- Instantiating /home/travis/build/icyphy/ptII/ptolemy/actor/lib/test/auto/NilToken.xml
1 ms. Memory: 814080K Free: 409086K (50%)
----------------- Invoking toplevel() on ptolemy.moml.MoMLSimpleApplication@1a5ca92f
----------------- Done invoking toplevel() on ptolemy.moml.MoMLSimpleApplication@1a5ca92f
reloadAllAccessors: .NilToken

===========================================================================================
----------------- testing Fri Jul 12 05:03:10 UTC 2019 /home/travis/build/icyphy/ptII/ptolemy/actor/lib/test/auto/NilTokenNonStrictTest.xml
----------------- Instantiating /home/travis/build/icyphy/ptII/ptolemy/actor/lib/test/auto/NilTokenNonStrictTest.xml
2 ms. Memory: 814080K Free: 403966K (50%)
----------------- Invoking toplevel() on ptolemy.moml.MoMLSimpleApplication@77fe5445
----------------- Done invoking toplevel() on ptolemy.moml.MoMLSimpleApplication@77fe5445
reloadAllAccessors: .NilTokenNonStrictTest

===========================================================================================
----------------- testing Fri Jul 12 05:03:10 UTC 2019 /home/travis/build/icyphy/ptII/ptolemy/actor/lib/test/auto/NilTokenRecord.xml
----------------- Instantiating /home/travis/build/icyphy/ptII/ptolemy/actor/lib/test/auto/NilTokenRecord.xml
6 ms. Memory: 814080K Free: 397312K (49%)
----------------- Invoking toplevel() on ptolemy.moml.MoMLSimpleApplication@75f04d28
----------------- Done invoking toplevel() on ptolemy.moml.MoMLSimpleApplication@75f04d28
reloadAllAccessors: .NilTokenRecord

===========================================================================================
----------------- testing Fri Jul 12 05:03:10 UTC 2019 /home/travis/build/icyphy/ptII/ptolemy/actor/lib/test/auto/NilTokenTypeTest.xml
----------------- Instantiating /home/travis/build/icyphy/ptII/ptolemy/actor/lib/test/auto/NilTokenTypeTest.xml
6 ms. Memory: 814080K Free: 387582K (48%)
----------------- Invoking toplevel() on ptolemy.moml.MoMLSimpleApplication@57e041ba
----------------- Done invoking toplevel() on ptolemy.moml.MoMLSimpleApplication@57e041ba
reloadAllAccessors: .NilTokenTypeTest

===========================================================================================
----------------- testing Fri Jul 12 05:03:10 UTC 2019 /home/travis/build/icyphy/ptII/ptolemy/actor/lib/test/auto/ObjectToken1.xml
----------------- Instantiating /home/travis/build/icyphy/ptII/ptolemy/actor/lib/test/auto/ObjectToken1.xml
3 ms. Memory: 814080K Free: 383486K (47%)
----------------- Invoking toplevel() on ptolemy.moml.MoMLSimpleApplication@280f544a
----------------- Done invoking toplevel() on ptolemy.moml.MoMLSimpleApplication@280f544a
reloadAllAccessors: .ObjectToken1

===========================================================================================
----------------- testing Fri Jul 12 05:03:11 UTC 2019 /home/travis/build/icyphy/ptII/ptolemy/actor/lib/test/auto/OrderedMerge.xml
----------------- Instantiating /home/travis/build/icyphy/ptII/ptolemy/actor/lib/test/auto/OrderedMerge.xml
12 ms. Memory: 814080K Free: 761344K (94%)
----------------- Invoking toplevel() on ptolemy.moml.MoMLSimpleApplication@6b3ad115
----------------- Done invoking toplevel() on ptolemy.moml.MoMLSimpleApplication@6b3ad115
reloadAllAccessors: .OrderedMerge

===========================================================================================
----------------- testing Fri Jul 12 05:03:11 UTC 2019 /home/travis/build/icyphy/ptII/ptolemy/actor/lib/test/auto/OrderedRecordDisassembler.xml
----------------- Instantiating /home/travis/build/icyphy/ptII/ptolemy/actor/lib/test/auto/OrderedRecordDisassembler.xml
3 ms. Memory: 814080K Free: 755695K (93%)
----------------- Invoking toplevel() on ptolemy.moml.MoMLSimpleApplication@4c67726b
----------------- Done invoking toplevel() on ptolemy.moml.MoMLSimpleApplication@4c67726b
reloadAllAccessors: .OrderedRecordDisassembler

===========================================================================================
----------------- testing Fri Jul 12 05:03:11 UTC 2019 /home/travis/build/icyphy/ptII/ptolemy/actor/lib/test/auto/OrderedRecordDisassembler2.xml
----------------- Instantiating /home/travis/build/icyphy/ptII/ptolemy/actor/lib/test/auto/OrderedRecordDisassembler2.xml
4 ms. Memory: 814080K Free: 748032K (92%)
----------------- Invoking toplevel() on ptolemy.moml.MoMLSimpleApplication@75fc7dc8
----------------- Done invoking toplevel() on ptolemy.moml.MoMLSimpleApplication@75fc7dc8
reloadAllAccessors: .OrderedRecordDisassembler2

===========================================================================================
----------------- testing Fri Jul 12 05:03:11 UTC 2019 /home/travis/build/icyphy/ptII/ptolemy/actor/lib/test/auto/OrderedRecordUpdater.xml
----------------- Instantiating /home/travis/build/icyphy/ptII/ptolemy/actor/lib/test/auto/OrderedRecordUpdater.xml
2 ms. Memory: 814080K Free: 743422K (91%)
----------------- Invoking toplevel() on ptolemy.moml.MoMLSimpleApplication@6d8c4186
----------------- Done invoking toplevel() on ptolemy.moml.MoMLSimpleApplication@6d8c4186
reloadAllAccessors: .RecordUpdater

===========================================================================================
----------------- testing Fri Jul 12 05:03:11 UTC 2019 /home/travis/build/icyphy/ptII/ptolemy/actor/lib/test/auto/OrderedRecordUpdater2.xml
----------------- Instantiating /home/travis/build/icyphy/ptII/ptolemy/actor/lib/test/auto/OrderedRecordUpdater2.xml
2 ms. Memory: 814080K Free: 738816K (91%)
----------------- Invoking toplevel() on ptolemy.moml.MoMLSimpleApplication@2ae07582
----------------- Done invoking toplevel() on ptolemy.moml.MoMLSimpleApplication@2ae07582
reloadAllAccessors: .RecordUpdater2

===========================================================================================
----------------- testing Fri Jul 12 05:03:11 UTC 2019 /home/travis/build/icyphy/ptII/ptolemy/actor/lib/test/auto/PhaseUnwrap.xml
----------------- Instantiating /home/travis/build/icyphy/ptII/ptolemy/actor/lib/test/auto/PhaseUnwrap.xml
1 ms. Memory: 814080K Free: 734206K (90%)
----------------- Invoking toplevel() on ptolemy.moml.MoMLSimpleApplication@66701b08
----------------- Done invoking toplevel() on ptolemy.moml.MoMLSimpleApplication@66701b08
reloadAllAccessors: .PhaseUnwrap

===========================================================================================
----------------- testing Fri Jul 12 05:03:11 UTC 2019 /home/travis/build/icyphy/ptII/ptolemy/actor/lib/test/auto/PoissonClock.xml
----------------- Instantiating /home/travis/build/icyphy/ptII/ptolemy/actor/lib/test/auto/PoissonClock.xml
1 ms. Memory: 814080K Free: 730110K (90%)
----------------- Invoking toplevel() on ptolemy.moml.MoMLSimpleApplication@266ba229
----------------- Done invoking toplevel() on ptolemy.moml.MoMLSimpleApplication@266ba229
reloadAllAccessors: .PoissonClock

===========================================================================================
----------------- testing Fri Jul 12 05:03:11 UTC 2019 /home/travis/build/icyphy/ptII/ptolemy/actor/lib/test/auto/PoissonClock2.xml
----------------- Instantiating /home/travis/build/icyphy/ptII/ptolemy/actor/lib/test/auto/PoissonClock2.xml
1 ms. Memory: 814080K Free: 725504K (89%)
----------------- Invoking toplevel() on ptolemy.moml.MoMLSimpleApplication@4607e2ca
----------------- Done invoking toplevel() on ptolemy.moml.MoMLSimpleApplication@4607e2ca
reloadAllAccessors: .PoissonClock2

===========================================================================================
----------------- testing Fri Jul 12 05:03:11 UTC 2019 /home/travis/build/icyphy/ptII/ptolemy/actor/lib/test/auto/PoissonClock3.xml
----------------- Instantiating /home/travis/build/icyphy/ptII/ptolemy/actor/lib/test/auto/PoissonClock3.xml
2 ms. Memory: 814080K Free: 720894K (89%)
----------------- Invoking toplevel() on ptolemy.moml.MoMLSimpleApplication@7f9ba043
----------------- Done invoking toplevel() on ptolemy.moml.MoMLSimpleApplication@7f9ba043
reloadAllAccessors: .PoissonClock3

===========================================================================================
----------------- testing Fri Jul 12 05:03:11 UTC 2019 /home/travis/build/icyphy/ptII/ptolemy/actor/lib/test/auto/PubSubWithInitialTokens.xml
----------------- Instantiating /home/travis/build/icyphy/ptII/ptolemy/actor/lib/test/auto/PubSubWithInitialTokens.xml
3 ms. Memory: 814080K Free: 715264K (88%)
----------------- Invoking toplevel() on ptolemy.moml.MoMLSimpleApplication@113f450
----------------- Done invoking toplevel() on ptolemy.moml.MoMLSimpleApplication@113f450
reloadAllAccessors: .PubSubWithInitialTokens

===========================================================================================
----------------- testing Fri Jul 12 05:03:11 UTC 2019 /home/travis/build/icyphy/ptII/ptolemy/actor/lib/test/auto/PubSubWithInitialTokens2.xml
----------------- Instantiating /home/travis/build/icyphy/ptII/ptolemy/actor/lib/test/auto/PubSubWithInitialTokens2.xml
3 ms. Memory: 814080K Free: 709120K (87%)
----------------- Invoking toplevel() on ptolemy.moml.MoMLSimpleApplication@47d98eab
----------------- Done invoking toplevel() on ptolemy.moml.MoMLSimpleApplication@47d98eab
reloadAllAccessors: .PubSubWithInitialTokens2

===========================================================================================
----------------- testing Fri Jul 12 05:03:11 UTC 2019 /home/travis/build/icyphy/ptII/ptolemy/actor/lib/test/auto/PublisherClassNoParameter.xml
----------------- Instantiating /home/travis/build/icyphy/ptII/ptolemy/actor/lib/test/auto/PublisherClassNoParameter.xml
2 ms. Memory: 814080K Free: 699390K (86%)
----------------- Invoking toplevel() on ptolemy.moml.MoMLSimpleApplication@5ce279eb
----------------- Done invoking toplevel() on ptolemy.moml.MoMLSimpleApplication@5ce279eb
reloadAllAccessors: .PublisherClassNoParameter

===========================================================================================
----------------- testing Fri Jul 12 05:03:11 UTC 2019 /home/travis/build/icyphy/ptII/ptolemy/actor/lib/test/auto/PublisherClassParameter.xml
----------------- Instantiating /home/travis/build/icyphy/ptII/ptolemy/actor/lib/test/auto/PublisherClassParameter.xml
2 ms. Memory: 814080K Free: 689143K (85%)
----------------- Invoking toplevel() on ptolemy.moml.MoMLSimpleApplication@47691fa4
----------------- Done invoking toplevel() on ptolemy.moml.MoMLSimpleApplication@47691fa4
reloadAllAccessors: .PublisherClassParameter

===========================================================================================
----------------- testing Fri Jul 12 05:03:11 UTC 2019 /home/travis/build/icyphy/ptII/ptolemy/actor/lib/test/auto/PublisherNonStrictTest.xml
----------------- Instantiating /home/travis/build/icyphy/ptII/ptolemy/actor/lib/test/auto/PublisherNonStrictTest.xml
2 ms. Memory: 814080K Free: 681472K (84%)
----------------- Invoking toplevel() on ptolemy.moml.MoMLSimpleApplication@4ec0a5a2
----------------- Done invoking toplevel() on ptolemy.moml.MoMLSimpleApplication@4ec0a5a2
reloadAllAccessors: .PublisherNonStrictTest

===========================================================================================
----------------- testing Fri Jul 12 05:03:11 UTC 2019 /home/travis/build/icyphy/ptII/ptolemy/actor/lib/test/auto/PublisherPort1.xml
----------------- Instantiating /home/travis/build/icyphy/ptII/ptolemy/actor/lib/test/auto/PublisherPort1.xml
10 ms. Memory: 814080K Free: 675823K (83%)
----------------- Invoking toplevel() on ptolemy.moml.MoMLSimpleApplication@d1a3826
----------------- Done invoking toplevel() on ptolemy.moml.MoMLSimpleApplication@d1a3826
reloadAllAccessors: .PublisherPort1

===========================================================================================
----------------- testing Fri Jul 12 05:03:11 UTC 2019 /home/travis/build/icyphy/ptII/ptolemy/actor/lib/test/auto/PublisherPort2.xml
----------------- Instantiating /home/travis/build/icyphy/ptII/ptolemy/actor/lib/test/auto/PublisherPort2.xml
1 ms. Memory: 814080K Free: 670208K (82%)
----------------- Invoking toplevel() on ptolemy.moml.MoMLSimpleApplication@365d5f01
----------------- Done invoking toplevel() on ptolemy.moml.MoMLSimpleApplication@365d5f01
reloadAllAccessors: .PublisherPort2

===========================================================================================
----------------- testing Fri Jul 12 05:03:11 UTC 2019 /home/travis/build/icyphy/ptII/ptolemy/actor/lib/test/auto/PublisherPort3.xml
----------------- Instantiating /home/travis/build/icyphy/ptII/ptolemy/actor/lib/test/auto/PublisherPort3.xml
3 ms. Memory: 814080K Free: 663519K (82%)
----------------- Invoking toplevel() on ptolemy.moml.MoMLSimpleApplication@24a5d715
----------------- Done invoking toplevel() on ptolemy.moml.MoMLSimpleApplication@24a5d715
reloadAllAccessors: .PublisherPort3

===========================================================================================
----------------- testing Fri Jul 12 05:03:11 UTC 2019 /home/travis/build/icyphy/ptII/ptolemy/actor/lib/test/auto/PublisherPort4.xml
----------------- Instantiating /home/travis/build/icyphy/ptII/ptolemy/actor/lib/test/auto/PublisherPort4.xml
2 ms. Memory: 814080K Free: 657920K (81%)
----------------- Invoking toplevel() on ptolemy.moml.MoMLSimpleApplication@632cfb2c
----------------- Done invoking toplevel() on ptolemy.moml.MoMLSimpleApplication@632cfb2c
reloadAllAccessors: .PublisherPort4

===========================================================================================
----------------- testing Fri Jul 12 05:03:11 UTC 2019 /home/travis/build/icyphy/ptII/ptolemy/actor/lib/test/auto/PublisherPort5.xml
----------------- Instantiating /home/travis/build/icyphy/ptII/ptolemy/actor/lib/test/auto/PublisherPort5.xml
3 ms. Memory: 814080K Free: 650238K (80%)
----------------- Invoking toplevel() on ptolemy.moml.MoMLSimpleApplication@401406e6
----------------- Done invoking toplevel() on ptolemy.moml.MoMLSimpleApplication@401406e6
reloadAllAccessors: .PublisherPort5

===========================================================================================
----------------- testing Fri Jul 12 05:03:11 UTC 2019 /home/travis/build/icyphy/ptII/ptolemy/actor/lib/test/auto/PublisherPort5LookAlike.xml
----------------- Instantiating /home/travis/build/icyphy/ptII/ptolemy/actor/lib/test/auto/PublisherPort5LookAlike.xml
9 ms. Memory: 814080K Free: 642560K (79%)
----------------- Invoking toplevel() on ptolemy.moml.MoMLSimpleApplication@76ce2ce9
----------------- Done invoking toplevel() on ptolemy.moml.MoMLSimpleApplication@76ce2ce9
reloadAllAccessors: .PublisherPort5LookAlike

===========================================================================================
----------------- testing Fri Jul 12 05:03:11 UTC 2019 /home/travis/build/icyphy/ptII/ptolemy/actor/lib/test/auto/PublisherPort6.xml
----------------- Instantiating /home/travis/build/icyphy/ptII/ptolemy/actor/lib/test/auto/PublisherPort6.xml
2 ms. Memory: 814080K Free: 635887K (78%)
----------------- Invoking toplevel() on ptolemy.moml.MoMLSimpleApplication@737d9dff
----------------- Done invoking toplevel() on ptolemy.moml.MoMLSimpleApplication@737d9dff
reloadAllAccessors: .PublisherPort6

===========================================================================================
----------------- testing Fri Jul 12 05:03:11 UTC 2019 /home/travis/build/icyphy/ptII/ptolemy/actor/lib/test/auto/PublisherPort7.xml
----------------- Instantiating /home/travis/build/icyphy/ptII/ptolemy/actor/lib/test/auto/PublisherPort7.xml
4 ms. Memory: 814080K Free: 628224K (77%)
----------------- Invoking toplevel() on ptolemy.moml.MoMLSimpleApplication@6ac1fcaf
----------------- Done invoking toplevel() on ptolemy.moml.MoMLSimpleApplication@6ac1fcaf
reloadAllAccessors: .PublisherPort7

===========================================================================================
----------------- testing Fri Jul 12 05:03:11 UTC 2019 /home/travis/build/icyphy/ptII/ptolemy/actor/lib/test/auto/PublisherPort8.xml
----------------- Instantiating /home/travis/build/icyphy/ptII/ptolemy/actor/lib/test/auto/PublisherPort8.xml
13 ms. Memory: 814080K Free: 619518K (76%)
----------------- Invoking toplevel() on ptolemy.moml.MoMLSimpleApplication@51d0f48d
----------------- Done invoking toplevel() on ptolemy.moml.MoMLSimpleApplication@51d0f48d
reloadAllAccessors: .PublisherPort8

===========================================================================================
----------------- testing Fri Jul 12 05:03:11 UTC 2019 /home/travis/build/icyphy/ptII/ptolemy/actor/lib/test/auto/PublisherPortSubscriberChannelVariablesAOC2.xml
----------------- Instantiating /home/travis/build/icyphy/ptII/ptolemy/actor/lib/test/auto/PublisherPortSubscriberChannelVariablesAOC2.xml
3 ms. Memory: 814080K Free: 601600K (74%)
----------------- Invoking toplevel() on ptolemy.moml.MoMLSimpleApplication@1f33fae6
----------------- Done invoking toplevel() on ptolemy.moml.MoMLSimpleApplication@1f33fae6
reloadAllAccessors: .PublisherPortSubscriberChannelVariablesAOC2

===========================================================================================
----------------- testing Fri Jul 12 05:03:11 UTC 2019 /home/travis/build/icyphy/ptII/ptolemy/actor/lib/test/auto/PublisherPortSubscriberOpaqueWidthInference.xml
----------------- Instantiating /home/travis/build/icyphy/ptII/ptolemy/actor/lib/test/auto/PublisherPortSubscriberOpaqueWidthInference.xml
4 ms. Memory: 814080K Free: 593408K (73%)
----------------- Invoking toplevel() on ptolemy.moml.MoMLSimpleApplication@2786e9ef
----------------- Done invoking toplevel() on ptolemy.moml.MoMLSimpleApplication@2786e9ef
reloadAllAccessors: .PublisherPortSubscriberOpaqueWidthInference

===========================================================================================
----------------- testing Fri Jul 12 05:03:11 UTC 2019 /home/travis/build/icyphy/ptII/ptolemy/actor/lib/test/auto/PublisherPortSubscriberPortAdjacent.xml
----------------- Instantiating /home/travis/build/icyphy/ptII/ptolemy/actor/lib/test/auto/PublisherPortSubscriberPortAdjacent.xml
6 ms. Memory: 814080K Free: 585216K (72%)
----------------- Invoking toplevel() on ptolemy.moml.MoMLSimpleApplication@4657041f
----------------- Done invoking toplevel() on ptolemy.moml.MoMLSimpleApplication@4657041f
reloadAllAccessors: .PublisherPortSubscriberPortAdjacent

===========================================================================================
----------------- testing Fri Jul 12 05:03:11 UTC 2019 /home/travis/build/icyphy/ptII/ptolemy/actor/lib/test/auto/PublisherPortSubscriberPortExpression.xml
----------------- Instantiating /home/travis/build/icyphy/ptII/ptolemy/actor/lib/test/auto/PublisherPortSubscriberPortExpression.xml
5 ms. Memory: 814080K Free: 577519K (71%)
----------------- Invoking toplevel() on ptolemy.moml.MoMLSimpleApplication@61aef520
----------------- Done invoking toplevel() on ptolemy.moml.MoMLSimpleApplication@61aef520
reloadAllAccessors: .PublisherPortSubscriberPortExpression

===========================================================================================
----------------- testing Fri Jul 12 05:03:11 UTC 2019 /home/travis/build/icyphy/ptII/ptolemy/actor/lib/test/auto/PublisherPortSubscriberPortOpaqueD3Reverse.xml
----------------- Instantiating /home/travis/build/icyphy/ptII/ptolemy/actor/lib/test/auto/PublisherPortSubscriberPortOpaqueD3Reverse.xml
6 ms. Memory: 814080K Free: 567294K (70%)
----------------- Invoking toplevel() on ptolemy.moml.MoMLSimpleApplication@5651a0ca
----------------- Done invoking toplevel() on ptolemy.moml.MoMLSimpleApplication@5651a0ca
reloadAllAccessors: .PublisherPortSubscriberPortOpaqueD3Reverse

===========================================================================================
----------------- testing Fri Jul 12 05:03:11 UTC 2019 /home/travis/build/icyphy/ptII/ptolemy/actor/lib/test/auto/PublisherPortSubscriberPortOpaqueWidthInference.xml
----------------- Instantiating /home/travis/build/icyphy/ptII/ptolemy/actor/lib/test/auto/PublisherPortSubscriberPortOpaqueWidthInference.xml
3 ms. Memory: 814080K Free: 559616K (69%)
----------------- Invoking toplevel() on ptolemy.moml.MoMLSimpleApplication@7eb73068
----------------- Done invoking toplevel() on ptolemy.moml.MoMLSimpleApplication@7eb73068
reloadAllAccessors: .PublisherPortSubscriberPortOpaqueWidthInference

===========================================================================================
----------------- testing Fri Jul 12 05:03:11 UTC 2019 /home/travis/build/icyphy/ptII/ptolemy/actor/lib/test/auto/PublisherPortToplevelSubscriberPortAOC.xml
----------------- Instantiating /home/travis/build/icyphy/ptII/ptolemy/actor/lib/test/auto/PublisherPortToplevelSubscriberPortAOC.xml
.PublisherPortToplevelSubscriberPortAOC.TestExceptionAttribute: initialize() was not invoked, but wrapup() was.  This is unusual, but not always a problem.  For example, exporting JNLP will do this.
2 ms. Memory: 814080K Free: 553982K (68%)
----------------- Invoking toplevel() on ptolemy.moml.MoMLSimpleApplication@5be7d0ef
----------------- Done invoking toplevel() on ptolemy.moml.MoMLSimpleApplication@5be7d0ef
reloadAllAccessors: .PublisherPortToplevelSubscriberPortAOC

===========================================================================================
----------------- testing Fri Jul 12 05:03:11 UTC 2019 /home/travis/build/icyphy/ptII/ptolemy/actor/lib/test/auto/PublisherSubscriber.xml
----------------- Instantiating /home/travis/build/icyphy/ptII/ptolemy/actor/lib/test/auto/PublisherSubscriber.xml
3 ms. Memory: 814080K Free: 546783K (67%)
----------------- Invoking toplevel() on ptolemy.moml.MoMLSimpleApplication@5e8cd6c2
----------------- Done invoking toplevel() on ptolemy.moml.MoMLSimpleApplication@5e8cd6c2
reloadAllAccessors: .PublisherSubscriber

===========================================================================================
----------------- testing Fri Jul 12 05:03:11 UTC 2019 /home/travis/build/icyphy/ptII/ptolemy/actor/lib/test/auto/PublisherSubscriber10.xml
----------------- Instantiating /home/travis/build/icyphy/ptII/ptolemy/actor/lib/test/auto/PublisherSubscriber10.xml
10 ms. Memory: 814080K Free: 537088K (66%)
----------------- Invoking toplevel() on ptolemy.moml.MoMLSimpleApplication@109f53d6
----------------- Done invoking toplevel() on ptolemy.moml.MoMLSimpleApplication@109f53d6
reloadAllAccessors: .PublisherSubscriber10

===========================================================================================
----------------- testing Fri Jul 12 05:03:11 UTC 2019 /home/travis/build/icyphy/ptII/ptolemy/actor/lib/test/auto/PublisherSubscriber10InitialOutputs.xml
----------------- Instantiating /home/travis/build/icyphy/ptII/ptolemy/actor/lib/test/auto/PublisherSubscriber10InitialOutputs.xml
13 ms. Memory: 814080K Free: 527358K (65%)
----------------- Invoking toplevel() on ptolemy.moml.MoMLSimpleApplication@296608c6
----------------- Done invoking toplevel() on ptolemy.moml.MoMLSimpleApplication@296608c6
reloadAllAccessors: .PublisherSubscriber10InitialOutputs

===========================================================================================
----------------- testing Fri Jul 12 05:03:11 UTC 2019 /home/travis/build/icyphy/ptII/ptolemy/actor/lib/test/auto/PublisherSubscriber11.xml
----------------- Instantiating /home/travis/build/icyphy/ptII/ptolemy/actor/lib/test/auto/PublisherSubscriber11.xml
6 ms. Memory: 814080K Free: 521199K (64%)
----------------- Invoking toplevel() on ptolemy.moml.MoMLSimpleApplication@5e32ef09
----------------- Done invoking toplevel() on ptolemy.moml.MoMLSimpleApplication@5e32ef09
reloadAllAccessors: .PublisherSubscriber11

===========================================================================================
----------------- testing Fri Jul 12 05:03:11 UTC 2019 /home/travis/build/icyphy/ptII/ptolemy/actor/lib/test/auto/PublisherSubscriber12.xml
----------------- Instantiating /home/travis/build/icyphy/ptII/ptolemy/actor/lib/test/auto/PublisherSubscriber12.xml
3 ms. Memory: 814080K Free: 514560K (63%)
----------------- Invoking toplevel() on ptolemy.moml.MoMLSimpleApplication@6f600efa
----------------- Done invoking toplevel() on ptolemy.moml.MoMLSimpleApplication@6f600efa
reloadAllAccessors: .PublisherSubscriber12

===========================================================================================
----------------- testing Fri Jul 12 05:03:11 UTC 2019 /home/travis/build/icyphy/ptII/ptolemy/actor/lib/test/auto/PublisherSubscriber13.xml
----------------- Instantiating /home/travis/build/icyphy/ptII/ptolemy/actor/lib/test/auto/PublisherSubscriber13.xml
2 ms. Memory: 814080K Free: 508926K (63%)
----------------- Invoking toplevel() on ptolemy.moml.MoMLSimpleApplication@4ffa98f9
----------------- Done invoking toplevel() on ptolemy.moml.MoMLSimpleApplication@4ffa98f9
reloadAllAccessors: .PublisherSubscriber13

===========================================================================================
----------------- testing Fri Jul 12 05:03:11 UTC 2019 /home/travis/build/icyphy/ptII/ptolemy/actor/lib/test/auto/PublisherSubscriber14.xml
----------------- Instantiating /home/travis/build/icyphy/ptII/ptolemy/actor/lib/test/auto/PublisherSubscriber14.xml
2 ms. Memory: 814080K Free: 500224K (61%)
----------------- Invoking toplevel() on ptolemy.moml.MoMLSimpleApplication@2b66bc9f
----------------- Done invoking toplevel() on ptolemy.moml.MoMLSimpleApplication@2b66bc9f
reloadAllAccessors: .PublisherSubscriber14

===========================================================================================
----------------- testing Fri Jul 12 05:03:11 UTC 2019 /home/travis/build/icyphy/ptII/ptolemy/actor/lib/test/auto/PublisherSubscriber2.xml
----------------- Instantiating /home/travis/build/icyphy/ptII/ptolemy/actor/lib/test/auto/PublisherSubscriber2.xml
3 ms. Memory: 814080K Free: 495104K (61%)
----------------- Invoking toplevel() on ptolemy.moml.MoMLSimpleApplication@41dd7347
----------------- Done invoking toplevel() on ptolemy.moml.MoMLSimpleApplication@41dd7347
reloadAllAccessors: .PublisherSubscriber2

===========================================================================================
----------------- testing Fri Jul 12 05:03:11 UTC 2019 /home/travis/build/icyphy/ptII/ptolemy/actor/lib/test/auto/PublisherSubscriber3.xml
----------------- Instantiating /home/travis/build/icyphy/ptII/ptolemy/actor/lib/test/auto/PublisherSubscriber3.xml
2 ms. Memory: 814080K Free: 489455K (60%)
----------------- Invoking toplevel() on ptolemy.moml.MoMLSimpleApplication@c6db9f3
----------------- Done invoking toplevel() on ptolemy.moml.MoMLSimpleApplication@c6db9f3
reloadAllAccessors: .PublisherSubscriber3

===========================================================================================
----------------- testing Fri Jul 12 05:03:11 UTC 2019 /home/travis/build/icyphy/ptII/ptolemy/actor/lib/test/auto/PublisherSubscriber4.xml
----------------- Instantiating /home/travis/build/icyphy/ptII/ptolemy/actor/lib/test/auto/PublisherSubscriber4.xml
2 ms. Memory: 814080K Free: 483840K (59%)
----------------- Invoking toplevel() on ptolemy.moml.MoMLSimpleApplication@2f61bdfd
----------------- Done invoking toplevel() on ptolemy.moml.MoMLSimpleApplication@2f61bdfd
reloadAllAccessors: .PublisherSubscriber4

===========================================================================================
----------------- testing Fri Jul 12 05:03:11 UTC 2019 /home/travis/build/icyphy/ptII/ptolemy/actor/lib/test/auto/PublisherSubscriber5.xml
----------------- Instantiating /home/travis/build/icyphy/ptII/ptolemy/actor/lib/test/auto/PublisherSubscriber5.xml
2 ms. Memory: 814080K Free: 477175K (59%)
----------------- Invoking toplevel() on ptolemy.moml.MoMLSimpleApplication@6ba9baae
----------------- Done invoking toplevel() on ptolemy.moml.MoMLSimpleApplication@6ba9baae
reloadAllAccessors: .PublisherSubscriber5

===========================================================================================
----------------- testing Fri Jul 12 05:03:11 UTC 2019 /home/travis/build/icyphy/ptII/ptolemy/actor/lib/test/auto/PublisherSubscriber6.xml
----------------- Instantiating /home/travis/build/icyphy/ptII/ptolemy/actor/lib/test/auto/PublisherSubscriber6.xml
4 ms. Memory: 814080K Free: 470528K (58%)
----------------- Invoking toplevel() on ptolemy.moml.MoMLSimpleApplication@2afd0f60
----------------- Done invoking toplevel() on ptolemy.moml.MoMLSimpleApplication@2afd0f60
reloadAllAccessors: .PublisherSubscriber6

===========================================================================================
----------------- testing Fri Jul 12 05:03:11 UTC 2019 /home/travis/build/icyphy/ptII/ptolemy/actor/lib/test/auto/PublisherSubscriber7.xml
----------------- Instantiating /home/travis/build/icyphy/ptII/ptolemy/actor/lib/test/auto/PublisherSubscriber7.xml
8 ms. Memory: 814080K Free: 463863K (57%)
----------------- Invoking toplevel() on ptolemy.moml.MoMLSimpleApplication@46316037
----------------- Done invoking toplevel() on ptolemy.moml.MoMLSimpleApplication@46316037
reloadAllAccessors: .PublisherSubscriber7

===========================================================================================
----------------- testing Fri Jul 12 05:03:12 UTC 2019 /home/travis/build/icyphy/ptII/ptolemy/actor/lib/test/auto/PublisherSubscriber8.xml
----------------- Instantiating /home/travis/build/icyphy/ptII/ptolemy/actor/lib/test/auto/PublisherSubscriber8.xml
24 ms. Memory: 814080K Free: 452096K (56%)
----------------- Invoking toplevel() on ptolemy.moml.MoMLSimpleApplication@1294a9b1
----------------- Done invoking toplevel() on ptolemy.moml.MoMLSimpleApplication@1294a9b1
reloadAllAccessors: .PublisherSubscriber8

===========================================================================================
----------------- testing Fri Jul 12 05:03:12 UTC 2019 /home/travis/build/icyphy/ptII/ptolemy/actor/lib/test/auto/PublisherSubscriber9.xml
----------------- Instantiating /home/travis/build/icyphy/ptII/ptolemy/actor/lib/test/auto/PublisherSubscriber9.xml
2 ms. Memory: 814080K Free: 444928K (55%)
----------------- Invoking toplevel() on ptolemy.moml.MoMLSimpleApplication@1f6ac784
----------------- Done invoking toplevel() on ptolemy.moml.MoMLSimpleApplication@1f6ac784
reloadAllAccessors: .PublisherSubscriber9

===========================================================================================
----------------- testing Fri Jul 12 05:03:12 UTC 2019 /home/travis/build/icyphy/ptII/ptolemy/actor/lib/test/auto/PublisherSubscriberAdjacent.xml
----------------- Instantiating /home/travis/build/icyphy/ptII/ptolemy/actor/lib/test/auto/PublisherSubscriberAdjacent.xml
2 ms. Memory: 814080K Free: 436222K (54%)
----------------- Invoking toplevel() on ptolemy.moml.MoMLSimpleApplication@3b27e48
----------------- Done invoking toplevel() on ptolemy.moml.MoMLSimpleApplication@3b27e48
reloadAllAccessors: .PublisherSubscriberAdjacent

===========================================================================================
----------------- testing Fri Jul 12 05:03:12 UTC 2019 /home/travis/build/icyphy/ptII/ptolemy/actor/lib/test/auto/PublisherSubscriberChannelVariablesAOC2.xml
----------------- Instantiating /home/travis/build/icyphy/ptII/ptolemy/actor/lib/test/auto/PublisherSubscriberChannelVariablesAOC2.xml
3 ms. Memory: 814080K Free: 421376K (52%)
----------------- Invoking toplevel() on ptolemy.moml.MoMLSimpleApplication@3babeed5
----------------- Done invoking toplevel() on ptolemy.moml.MoMLSimpleApplication@3babeed5
reloadAllAccessors: .PublisherSubscriberChannelVariablesAOC2

===========================================================================================
----------------- testing Fri Jul 12 05:03:12 UTC 2019 /home/travis/build/icyphy/ptII/ptolemy/actor/lib/test/auto/PublisherSubscriberD3.xml
----------------- Instantiating /home/travis/build/icyphy/ptII/ptolemy/actor/lib/test/auto/PublisherSubscriberD3.xml
2 ms. Memory: 814080K Free: 414208K (51%)
----------------- Invoking toplevel() on ptolemy.moml.MoMLSimpleApplication@3bf14ea1
----------------- Done invoking toplevel() on ptolemy.moml.MoMLSimpleApplication@3bf14ea1
reloadAllAccessors: .PublisherSubscriberD3

===========================================================================================
----------------- testing Fri Jul 12 05:03:12 UTC 2019 /home/travis/build/icyphy/ptII/ptolemy/actor/lib/test/auto/PublisherSubscriberD3Reverse.xml
----------------- Instantiating /home/travis/build/icyphy/ptII/ptolemy/actor/lib/test/auto/PublisherSubscriberD3Reverse.xml
2 ms. Memory: 814080K Free: 408064K (50%)
----------------- Invoking toplevel() on ptolemy.moml.MoMLSimpleApplication@2d6a58e4
----------------- Done invoking toplevel() on ptolemy.moml.MoMLSimpleApplication@2d6a58e4
reloadAllAccessors: .PublisherSubscriberD3Reverse

===========================================================================================
----------------- testing Fri Jul 12 05:03:12 UTC 2019 /home/travis/build/icyphy/ptII/ptolemy/actor/lib/test/auto/PublisherSubscriberExpression.xml
----------------- Instantiating /home/travis/build/icyphy/ptII/ptolemy/actor/lib/test/auto/PublisherSubscriberExpression.xml
4 ms. Memory: 814080K Free: 399872K (49%)
----------------- Invoking toplevel() on ptolemy.moml.MoMLSimpleApplication@7d4faeee
----------------- Done invoking toplevel() on ptolemy.moml.MoMLSimpleApplication@7d4faeee
reloadAllAccessors: .PublisherSubscriberExpression

===========================================================================================
----------------- testing Fri Jul 12 05:03:12 UTC 2019 /home/travis/build/icyphy/ptII/ptolemy/actor/lib/test/auto/PublisherSubscriberOpaque.xml
----------------- Instantiating /home/travis/build/icyphy/ptII/ptolemy/actor/lib/test/auto/PublisherSubscriberOpaque.xml
4 ms. Memory: 814080K Free: 391166K (48%)
----------------- Invoking toplevel() on ptolemy.moml.MoMLSimpleApplication@17fb64f3
----------------- Done invoking toplevel() on ptolemy.moml.MoMLSimpleApplication@17fb64f3
reloadAllAccessors: .PublisherSubscriberOpaque

===========================================================================================
----------------- testing Fri Jul 12 05:03:12 UTC 2019 /home/travis/build/icyphy/ptII/ptolemy/actor/lib/test/auto/PublisherSubscriberOpaqueD3.xml
----------------- Instantiating /home/travis/build/icyphy/ptII/ptolemy/actor/lib/test/auto/PublisherSubscriberOpaqueD3.xml
8 ms. Memory: 814080K Free: 379902K (47%)
----------------- Invoking toplevel() on ptolemy.moml.MoMLSimpleApplication@494ac33c
----------------- Done invoking toplevel() on ptolemy.moml.MoMLSimpleApplication@494ac33c
reloadAllAccessors: .PublisherSubscriberOpaqueD3

===========================================================================================
----------------- testing Fri Jul 12 05:03:12 UTC 2019 /home/travis/build/icyphy/ptII/ptolemy/actor/lib/test/auto/PublisherSubscriberOpaqueD3Reverse.xml
----------------- Instantiating /home/travis/build/icyphy/ptII/ptolemy/actor/lib/test/auto/PublisherSubscriberOpaqueD3Reverse.xml
8 ms. Memory: 814080K Free: 369662K (45%)
----------------- Invoking toplevel() on ptolemy.moml.MoMLSimpleApplication@61bd5819
----------------- Done invoking toplevel() on ptolemy.moml.MoMLSimpleApplication@61bd5819
reloadAllAccessors: .PublisherSubscriberOpaqueD3Reverse

===========================================================================================
----------------- testing Fri Jul 12 05:03:12 UTC 2019 /home/travis/build/icyphy/ptII/ptolemy/actor/lib/test/auto/PublisherSubscriberOpaqueWidthInference.xml
----------------- Instantiating /home/travis/build/icyphy/ptII/ptolemy/actor/lib/test/auto/PublisherSubscriberOpaqueWidthInference.xml
4 ms. Memory: 814080K Free: 361455K (44%)
----------------- Invoking toplevel() on ptolemy.moml.MoMLSimpleApplication@ea07307
----------------- Done invoking toplevel() on ptolemy.moml.MoMLSimpleApplication@ea07307
reloadAllAccessors: .PublisherSubscriberOpaqueWidthInference

===========================================================================================
----------------- testing Fri Jul 12 05:03:12 UTC 2019 /home/travis/build/icyphy/ptII/ptolemy/actor/lib/test/auto/PublisherTestSubscriber.xml
----------------- Instantiating /home/travis/build/icyphy/ptII/ptolemy/actor/lib/test/auto/PublisherTestSubscriber.xml
3 ms. Memory: 814080K Free: 353792K (43%)
----------------- Invoking toplevel() on ptolemy.moml.MoMLSimpleApplication@20f28c56
----------------- Done invoking toplevel() on ptolemy.moml.MoMLSimpleApplication@20f28c56
reloadAllAccessors: .PublisherTestSubscriber

===========================================================================================
----------------- testing Fri Jul 12 05:03:12 UTC 2019 /home/travis/build/icyphy/ptII/ptolemy/actor/lib/test/auto/PublisherToplevelSubscriberPortAOC.xml
----------------- Instantiating /home/travis/build/icyphy/ptII/ptolemy/actor/lib/test/auto/PublisherToplevelSubscriberPortAOC.xml
2 ms. Memory: 814080K Free: 346624K (43%)
----------------- Invoking toplevel() on ptolemy.moml.MoMLSimpleApplication@23ed4129
----------------- Done invoking toplevel() on ptolemy.moml.MoMLSimpleApplication@23ed4129
reloadAllAccessors: .PublisherToplevelSubscriberPortAOC

===========================================================================================
----------------- testing Fri Jul 12 05:03:12 UTC 2019 /home/travis/build/icyphy/ptII/ptolemy/actor/lib/test/auto/PulseFiringLimitDE.xml
----------------- Instantiating /home/travis/build/icyphy/ptII/ptolemy/actor/lib/test/auto/PulseFiringLimitDE.xml
2 ms. Memory: 814080K Free: 339966K (42%)
----------------- Invoking toplevel() on ptolemy.moml.MoMLSimpleApplication@521d8b95
----------------- Done invoking toplevel() on ptolemy.moml.MoMLSimpleApplication@521d8b95
reloadAllAccessors: .PulseFiringLimitDE

===========================================================================================
----------------- testing Fri Jul 12 05:03:12 UTC 2019 /home/travis/build/icyphy/ptII/ptolemy/actor/lib/test/auto/Ramp1.xml
----------------- Instantiating /home/travis/build/icyphy/ptII/ptolemy/actor/lib/test/auto/Ramp1.xml
1 ms. Memory: 814080K Free: 335855K (41%)
----------------- Invoking toplevel() on ptolemy.moml.MoMLSimpleApplication@65e7e418
----------------- Done invoking toplevel() on ptolemy.moml.MoMLSimpleApplication@65e7e418
reloadAllAccessors: .Ramp1

===========================================================================================
----------------- testing Fri Jul 12 05:03:12 UTC 2019 /home/travis/build/icyphy/ptII/ptolemy/actor/lib/test/auto/RampFiringLimitDE.xml
----------------- Instantiating /home/travis/build/icyphy/ptII/ptolemy/actor/lib/test/auto/RampFiringLimitDE.xml
2 ms. Memory: 814080K Free: 329711K (41%)
----------------- Invoking toplevel() on ptolemy.moml.MoMLSimpleApplication@34205432
----------------- Done invoking toplevel() on ptolemy.moml.MoMLSimpleApplication@34205432
reloadAllAccessors: .RampFiringLimitDE

===========================================================================================
----------------- testing Fri Jul 12 05:03:12 UTC 2019 /home/travis/build/icyphy/ptII/ptolemy/actor/lib/test/auto/RampFiringLimitSDF.xml
----------------- Instantiating /home/travis/build/icyphy/ptII/ptolemy/actor/lib/test/auto/RampFiringLimitSDF.xml
2 ms. Memory: 814080K Free: 324591K (40%)
----------------- Invoking toplevel() on ptolemy.moml.MoMLSimpleApplication@7abc1ea5
----------------- Done invoking toplevel() on ptolemy.moml.MoMLSimpleApplication@7abc1ea5
reloadAllAccessors: .RampFiringLimitSDF

===========================================================================================
----------------- testing Fri Jul 12 05:03:12 UTC 2019 /home/travis/build/icyphy/ptII/ptolemy/actor/lib/test/auto/RandomInteger.xml
----------------- Instantiating /home/travis/build/icyphy/ptII/ptolemy/actor/lib/test/auto/RandomInteger.xml
1 ms. Memory: 814080K Free: 320000K (39%)
----------------- Invoking toplevel() on ptolemy.moml.MoMLSimpleApplication@3e6c195c
----------------- Done invoking toplevel() on ptolemy.moml.MoMLSimpleApplication@3e6c195c
reloadAllAccessors: .RandomInteger

===========================================================================================
----------------- testing Fri Jul 12 05:03:12 UTC 2019 /home/travis/build/icyphy/ptII/ptolemy/actor/lib/test/auto/ReadFile1.xml
----------------- Instantiating /home/travis/build/icyphy/ptII/ptolemy/actor/lib/test/auto/ReadFile1.xml
1 ms. Memory: 814080K Free: 315375K (39%)
----------------- Invoking toplevel() on ptolemy.moml.MoMLSimpleApplication@1bc0fb7f
----------------- Done invoking toplevel() on ptolemy.moml.MoMLSimpleApplication@1bc0fb7f
reloadAllAccessors: .ReadFile1

===========================================================================================
----------------- testing Fri Jul 12 05:03:12 UTC 2019 /home/travis/build/icyphy/ptII/ptolemy/actor/lib/test/auto/ReadFile2.xml
----------------- Instantiating /home/travis/build/icyphy/ptII/ptolemy/actor/lib/test/auto/ReadFile2.xml
1 ms. Memory: 814080K Free: 311294K (38%)
----------------- Invoking toplevel() on ptolemy.moml.MoMLSimpleApplication@4a1d86ef
----------------- Done invoking toplevel() on ptolemy.moml.MoMLSimpleApplication@4a1d86ef
reloadAllAccessors: .ReadFile2

===========================================================================================
----------------- testing Fri Jul 12 05:03:12 UTC 2019 /home/travis/build/icyphy/ptII/ptolemy/actor/lib/test/auto/Reader.xml
----------------- Instantiating /home/travis/build/icyphy/ptII/ptolemy/actor/lib/test/auto/Reader.xml
actor.lib.Reader is obsolete, use actor.lib.io.ExpressionReader instead
1 ms. Memory: 814080K Free: 307198K (38%)
----------------- Invoking toplevel() on ptolemy.moml.MoMLSimpleApplication@651db70d
----------------- Done invoking toplevel() on ptolemy.moml.MoMLSimpleApplication@651db70d
reloadAllAccessors: .Reader

===========================================================================================
----------------- testing Fri Jul 12 05:03:12 UTC 2019 /home/travis/build/icyphy/ptII/ptolemy/actor/lib/test/auto/RecordAssemblerDisplayNameTest.xml
----------------- Instantiating /home/travis/build/icyphy/ptII/ptolemy/actor/lib/test/auto/RecordAssemblerDisplayNameTest.xml
4112 ms. Memory: 814080K Free: 536062K (66%)
----------------- Invoking toplevel() on ptolemy.moml.MoMLSimpleApplication@32789eee
----------------- Done invoking toplevel() on ptolemy.moml.MoMLSimpleApplication@32789eee
reloadAllAccessors: .RecordAssemblerDisplayNameTest

===========================================================================================
----------------- testing Fri Jul 12 05:03:16 UTC 2019 /home/travis/build/icyphy/ptII/ptolemy/actor/lib/test/auto/RecordAssemblerTypeError.xml
----------------- Instantiating /home/travis/build/icyphy/ptII/ptolemy/actor/lib/test/auto/RecordAssemblerTypeError.xml
5 ms. Memory: 814080K Free: 526336K (65%)
----------------- Invoking toplevel() on ptolemy.moml.MoMLSimpleApplication@734faa5a
----------------- Done invoking toplevel() on ptolemy.moml.MoMLSimpleApplication@734faa5a
reloadAllAccessors: .RecordAssemblerTypeError

===========================================================================================
----------------- testing Fri Jul 12 05:03:16 UTC 2019 /home/travis/build/icyphy/ptII/ptolemy/actor/lib/test/auto/RecordDisassember.xml
----------------- Instantiating /home/travis/build/icyphy/ptII/ptolemy/actor/lib/test/auto/RecordDisassember.xml
3 ms. Memory: 814080K Free: 521711K (64%)
----------------- Invoking toplevel() on ptolemy.moml.MoMLSimpleApplication@2449ed04
----------------- Done invoking toplevel() on ptolemy.moml.MoMLSimpleApplication@2449ed04
reloadAllAccessors: .RecordDisassember

===========================================================================================
----------------- testing Fri Jul 12 05:03:16 UTC 2019 /home/travis/build/icyphy/ptII/ptolemy/actor/lib/test/auto/RecordDisassemberDisplayNameTest.xml
----------------- Instantiating /home/travis/build/icyphy/ptII/ptolemy/actor/lib/test/auto/RecordDisassemberDisplayNameTest.xml
5 ms. Memory: 814080K Free: 513534K (63%)
----------------- Invoking toplevel() on ptolemy.moml.MoMLSimpleApplication@3cdcbc5
----------------- Done invoking toplevel() on ptolemy.moml.MoMLSimpleApplication@3cdcbc5
reloadAllAccessors: .RecordDisassemberDisplayNameTest

===========================================================================================
----------------- testing Fri Jul 12 05:03:16 UTC 2019 /home/travis/build/icyphy/ptII/ptolemy/actor/lib/test/auto/RecordDisassembler.xml
----------------- Instantiating /home/travis/build/icyphy/ptII/ptolemy/actor/lib/test/auto/RecordDisassembler.xml
2 ms. Memory: 814080K Free: 508399K (62%)
----------------- Invoking toplevel() on ptolemy.moml.MoMLSimpleApplication@911ee8
----------------- Done invoking toplevel() on ptolemy.moml.MoMLSimpleApplication@911ee8
reloadAllAccessors: .RecordDisassembler

===========================================================================================
----------------- testing Fri Jul 12 05:03:16 UTC 2019 /home/travis/build/icyphy/ptII/ptolemy/actor/lib/test/auto/RecordDisassembler2.xml
----------------- Instantiating /home/travis/build/icyphy/ptII/ptolemy/actor/lib/test/auto/RecordDisassembler2.xml
2 ms. Memory: 814080K Free: 503263K (62%)
----------------- Invoking toplevel() on ptolemy.moml.MoMLSimpleApplication@725f5a1f
----------------- Done invoking toplevel() on ptolemy.moml.MoMLSimpleApplication@725f5a1f
reloadAllAccessors: .RecordDisassembler2

===========================================================================================
----------------- testing Fri Jul 12 05:03:16 UTC 2019 /home/travis/build/icyphy/ptII/ptolemy/actor/lib/test/auto/RecordUpdater.xml
----------------- Instantiating /home/travis/build/icyphy/ptII/ptolemy/actor/lib/test/auto/RecordUpdater.xml
2 ms. Memory: 814080K Free: 498174K (61%)
----------------- Invoking toplevel() on ptolemy.moml.MoMLSimpleApplication@2255477a
----------------- Done invoking toplevel() on ptolemy.moml.MoMLSimpleApplication@2255477a
reloadAllAccessors: .RecordUpdater

===========================================================================================
----------------- testing Fri Jul 12 05:03:16 UTC 2019 /home/travis/build/icyphy/ptII/ptolemy/actor/lib/test/auto/RecordUpdater2.xml
----------------- Instantiating /home/travis/build/icyphy/ptII/ptolemy/actor/lib/test/auto/RecordUpdater2.xml
2 ms. Memory: 814080K Free: 493054K (61%)
----------------- Invoking toplevel() on ptolemy.moml.MoMLSimpleApplication@ea57297
----------------- Done invoking toplevel() on ptolemy.moml.MoMLSimpleApplication@ea57297
reloadAllAccessors: .RecordUpdater2

===========================================================================================
----------------- testing Fri Jul 12 05:03:16 UTC 2019 /home/travis/build/icyphy/ptII/ptolemy/actor/lib/test/auto/RecursiveLattice.xml
----------------- Instantiating /home/travis/build/icyphy/ptII/ptolemy/actor/lib/test/auto/RecursiveLattice.xml
2 ms. Memory: 814080K Free: 488958K (60%)
----------------- Invoking toplevel() on ptolemy.moml.MoMLSimpleApplication@60f451e6
----------------- Done invoking toplevel() on ptolemy.moml.MoMLSimpleApplication@60f451e6
reloadAllAccessors: .RecursiveLattice

===========================================================================================
----------------- testing Fri Jul 12 05:03:16 UTC 2019 /home/travis/build/icyphy/ptII/ptolemy/actor/lib/test/auto/Router.xml
----------------- Instantiating /home/travis/build/icyphy/ptII/ptolemy/actor/lib/test/auto/Router.xml
3004 ms. Memory: 814080K Free: 477694K (59%)
----------------- Invoking toplevel() on ptolemy.moml.MoMLSimpleApplication@2792e5c7
----------------- Done invoking toplevel() on ptolemy.moml.MoMLSimpleApplication@2792e5c7
reloadAllAccessors: .Router

===========================================================================================
----------------- testing Fri Jul 12 05:03:19 UTC 2019 /home/travis/build/icyphy/ptII/ptolemy/actor/lib/test/auto/Router2.xml
----------------- Instantiating /home/travis/build/icyphy/ptII/ptolemy/actor/lib/test/auto/Router2.xml
3004 ms. Memory: 814080K Free: 466944K (57%)
----------------- Invoking toplevel() on ptolemy.moml.MoMLSimpleApplication@30b8fa98
----------------- Done invoking toplevel() on ptolemy.moml.MoMLSimpleApplication@30b8fa98
reloadAllAccessors: .Router2

===========================================================================================
----------------- testing Fri Jul 12 05:03:22 UTC 2019 /home/travis/build/icyphy/ptII/ptolemy/actor/lib/test/auto/RunningMaximum.xml
----------------- Instantiating /home/travis/build/icyphy/ptII/ptolemy/actor/lib/test/auto/RunningMaximum.xml
2 ms. Memory: 814080K Free: 462334K (57%)
----------------- Invoking toplevel() on ptolemy.moml.MoMLSimpleApplication@27b8267b
----------------- Done invoking toplevel() on ptolemy.moml.MoMLSimpleApplication@27b8267b
reloadAllAccessors: .RunningMaximum

===========================================================================================
----------------- testing Fri Jul 12 05:03:22 UTC 2019 /home/travis/build/icyphy/ptII/ptolemy/actor/lib/test/auto/RunningMinimum.xml
----------------- Instantiating /home/travis/build/icyphy/ptII/ptolemy/actor/lib/test/auto/RunningMinimum.xml
10 ms. Memory: 814080K Free: 457728K (56%)
----------------- Invoking toplevel() on ptolemy.moml.MoMLSimpleApplication@22728d5
----------------- Done invoking toplevel() on ptolemy.moml.MoMLSimpleApplication@22728d5
reloadAllAccessors: .RunningMinimum

===========================================================================================
----------------- testing Fri Jul 12 05:03:22 UTC 2019 /home/travis/build/icyphy/ptII/ptolemy/actor/lib/test/auto/Scale.xml
----------------- Instantiating /home/travis/build/icyphy/ptII/ptolemy/actor/lib/test/auto/Scale.xml
1 ms. Memory: 814080K Free: 453118K (56%)
----------------- Invoking toplevel() on ptolemy.moml.MoMLSimpleApplication@31f6cc6a
----------------- Done invoking toplevel() on ptolemy.moml.MoMLSimpleApplication@31f6cc6a
reloadAllAccessors: .Scale

===========================================================================================
----------------- testing Fri Jul 12 05:03:22 UTC 2019 /home/travis/build/icyphy/ptII/ptolemy/actor/lib/test/auto/Scale2.xml
----------------- Instantiating /home/travis/build/icyphy/ptII/ptolemy/actor/lib/test/auto/Scale2.xml
1 ms. Memory: 814080K Free: 448512K (55%)
----------------- Invoking toplevel() on ptolemy.moml.MoMLSimpleApplication@5bdd5f65
----------------- Done invoking toplevel() on ptolemy.moml.MoMLSimpleApplication@5bdd5f65
reloadAllAccessors: .Scale2

===========================================================================================
----------------- testing Fri Jul 12 05:03:22 UTC 2019 /home/travis/build/icyphy/ptII/ptolemy/actor/lib/test/auto/Scale3.xml
----------------- Instantiating /home/travis/build/icyphy/ptII/ptolemy/actor/lib/test/auto/Scale3.xml
8 ms. Memory: 814080K Free: 442368K (54%)
----------------- Invoking toplevel() on ptolemy.moml.MoMLSimpleApplication@2c38066c
----------------- Done invoking toplevel() on ptolemy.moml.MoMLSimpleApplication@2c38066c
reloadAllAccessors: .Scale3

===========================================================================================
----------------- testing Fri Jul 12 05:03:22 UTC 2019 /home/travis/build/icyphy/ptII/ptolemy/actor/lib/test/auto/ScaleArray.xml
----------------- Instantiating /home/travis/build/icyphy/ptII/ptolemy/actor/lib/test/auto/ScaleArray.xml
2 ms. Memory: 814080K Free: 437248K (54%)
----------------- Invoking toplevel() on ptolemy.moml.MoMLSimpleApplication@1ae54d31
----------------- Done invoking toplevel() on ptolemy.moml.MoMLSimpleApplication@1ae54d31
reloadAllAccessors: .ScaleArray

===========================================================================================
----------------- testing Fri Jul 12 05:03:22 UTC 2019 /home/travis/build/icyphy/ptII/ptolemy/actor/lib/test/auto/ScaleArray2.xml
----------------- Instantiating /home/travis/build/icyphy/ptII/ptolemy/actor/lib/test/auto/ScaleArray2.xml
1 ms. Memory: 814080K Free: 432638K (53%)
----------------- Invoking toplevel() on ptolemy.moml.MoMLSimpleApplication@4ded0f26
----------------- Done invoking toplevel() on ptolemy.moml.MoMLSimpleApplication@4ded0f26
reloadAllAccessors: .ScaleArray2

===========================================================================================
----------------- testing Fri Jul 12 05:03:22 UTC 2019 /home/travis/build/icyphy/ptII/ptolemy/actor/lib/test/auto/ScaleMatrix.xml
----------------- Instantiating /home/travis/build/icyphy/ptII/ptolemy/actor/lib/test/auto/ScaleMatrix.xml
181 ms. Memory: 814080K Free: 417278K (51%)
----------------- Invoking toplevel() on ptolemy.moml.MoMLSimpleApplication@126772ae
----------------- Done invoking toplevel() on ptolemy.moml.MoMLSimpleApplication@126772ae
reloadAllAccessors: .ScaleMatrix

===========================================================================================
----------------- testing Fri Jul 12 05:03:23 UTC 2019 /home/travis/build/icyphy/ptII/ptolemy/actor/lib/test/auto/Select.xml
----------------- Instantiating /home/travis/build/icyphy/ptII/ptolemy/actor/lib/test/auto/Select.xml
2 ms. Memory: 814080K Free: 411127K (51%)
----------------- Invoking toplevel() on ptolemy.moml.MoMLSimpleApplication@4485172b
----------------- Done invoking toplevel() on ptolemy.moml.MoMLSimpleApplication@4485172b
reloadAllAccessors: .Select

===========================================================================================
----------------- testing Fri Jul 12 05:03:23 UTC 2019 /home/travis/build/icyphy/ptII/ptolemy/actor/lib/test/auto/Select2.xml
----------------- Instantiating /home/travis/build/icyphy/ptII/ptolemy/actor/lib/test/auto/Select2.xml
1 ms. Memory: 814080K Free: 406528K (50%)
----------------- Invoking toplevel() on ptolemy.moml.MoMLSimpleApplication@667b1f3f
----------------- Done invoking toplevel() on ptolemy.moml.MoMLSimpleApplication@667b1f3f
reloadAllAccessors: .Select2

===========================================================================================
----------------- testing Fri Jul 12 05:03:23 UTC 2019 /home/travis/build/icyphy/ptII/ptolemy/actor/lib/test/auto/SequenceToArray2.xml
----------------- Instantiating /home/travis/build/icyphy/ptII/ptolemy/actor/lib/test/auto/SequenceToArray2.xml
114 ms. Memory: 814080K Free: 382976K (47%)
----------------- Invoking toplevel() on ptolemy.moml.MoMLSimpleApplication@2e6886e8
----------------- Done invoking toplevel() on ptolemy.moml.MoMLSimpleApplication@2e6886e8
reloadAllAccessors: .SequenceToArray2

===========================================================================================
----------------- testing Fri Jul 12 05:03:23 UTC 2019 /home/travis/build/icyphy/ptII/ptolemy/actor/lib/test/auto/SequentialClock.xml
----------------- Instantiating /home/travis/build/icyphy/ptII/ptolemy/actor/lib/test/auto/SequentialClock.xml
8 ms. Memory: 814080K Free: 378880K (47%)
----------------- Invoking toplevel() on ptolemy.moml.MoMLSimpleApplication@156c0497
----------------- Done invoking toplevel() on ptolemy.moml.MoMLSimpleApplication@156c0497
reloadAllAccessors: .SequentialClock

===========================================================================================
----------------- testing Fri Jul 12 05:03:23 UTC 2019 /home/travis/build/icyphy/ptII/ptolemy/actor/lib/test/auto/SetVariable.xml
----------------- Instantiating /home/travis/build/icyphy/ptII/ptolemy/actor/lib/test/auto/SetVariable.xml
4 ms. Memory: 814080K Free: 374270K (46%)
----------------- Invoking toplevel() on ptolemy.moml.MoMLSimpleApplication@58e9254a
----------------- Done invoking toplevel() on ptolemy.moml.MoMLSimpleApplication@58e9254a
reloadAllAccessors: .SetVariable

===========================================================================================
----------------- testing Fri Jul 12 05:03:23 UTC 2019 /home/travis/build/icyphy/ptII/ptolemy/actor/lib/test/auto/SetVariable2.xml
----------------- Instantiating /home/travis/build/icyphy/ptII/ptolemy/actor/lib/test/auto/SetVariable2.xml
5 ms. Memory: 814080K Free: 368640K (45%)
----------------- Invoking toplevel() on ptolemy.moml.MoMLSimpleApplication@25d1b918
----------------- Done invoking toplevel() on ptolemy.moml.MoMLSimpleApplication@25d1b918
reloadAllAccessors: .SetVariable2

===========================================================================================
----------------- testing Fri Jul 12 05:03:23 UTC 2019 /home/travis/build/icyphy/ptII/ptolemy/actor/lib/test/auto/SetVariable3.xml
----------------- Instantiating /home/travis/build/icyphy/ptII/ptolemy/actor/lib/test/auto/SetVariable3.xml
8 ms. Memory: 814080K Free: 363520K (45%)
----------------- Invoking toplevel() on ptolemy.moml.MoMLSimpleApplication@72682c5
----------------- Done invoking toplevel() on ptolemy.moml.MoMLSimpleApplication@72682c5
reloadAllAccessors: .SetVariable3

===========================================================================================
----------------- testing Fri Jul 12 05:03:23 UTC 2019 /home/travis/build/icyphy/ptII/ptolemy/actor/lib/test/auto/SetVariable4.xml
----------------- Instantiating /home/travis/build/icyphy/ptII/ptolemy/actor/lib/test/auto/SetVariable4.xml
21 ms. Memory: 814080K Free: 353790K (43%)
----------------- Invoking toplevel() on ptolemy.moml.MoMLSimpleApplication@4280b840
----------------- Done invoking toplevel() on ptolemy.moml.MoMLSimpleApplication@4280b840
reloadAllAccessors: .SetVariable4

===========================================================================================
----------------- testing Fri Jul 12 05:03:23 UTC 2019 /home/travis/build/icyphy/ptII/ptolemy/actor/lib/test/auto/SetVariable5.xml
----------------- Instantiating /home/travis/build/icyphy/ptII/ptolemy/actor/lib/test/auto/SetVariable5.xml
19 ms. Memory: 814080K Free: 344574K (42%)
----------------- Invoking toplevel() on ptolemy.moml.MoMLSimpleApplication@13339485
----------------- Done invoking toplevel() on ptolemy.moml.MoMLSimpleApplication@13339485
reloadAllAccessors: .SetVariable5

===========================================================================================
----------------- testing Fri Jul 12 05:03:23 UTC 2019 /home/travis/build/icyphy/ptII/ptolemy/actor/lib/test/auto/Sinewave.xml
----------------- Instantiating /home/travis/build/icyphy/ptII/ptolemy/actor/lib/test/auto/Sinewave.xml
4 ms. Memory: 814080K Free: 334334K (41%)
----------------- Invoking toplevel() on ptolemy.moml.MoMLSimpleApplication@7d2edd0
----------------- Done invoking toplevel() on ptolemy.moml.MoMLSimpleApplication@7d2edd0
reloadAllAccessors: .Sinewave

===========================================================================================
----------------- testing Fri Jul 12 05:03:23 UTC 2019 /home/travis/build/icyphy/ptII/ptolemy/actor/lib/test/auto/Sinewave2.xml
----------------- Instantiating /home/travis/build/icyphy/ptII/ptolemy/actor/lib/test/auto/Sinewave2.xml
7 ms. Memory: 814080K Free: 326142K (40%)
----------------- Invoking toplevel() on ptolemy.moml.MoMLSimpleApplication@5b9882d8
----------------- Done invoking toplevel() on ptolemy.moml.MoMLSimpleApplication@5b9882d8
reloadAllAccessors: .Sinewave2

===========================================================================================
----------------- testing Fri Jul 12 05:03:23 UTC 2019 /home/travis/build/icyphy/ptII/ptolemy/actor/lib/test/auto/Sinewave3.xml
----------------- Instantiating /home/travis/build/icyphy/ptII/ptolemy/actor/lib/test/auto/Sinewave3.xml
9 ms. Memory: 814080K Free: 317919K (39%)
----------------- Invoking toplevel() on ptolemy.moml.MoMLSimpleApplication@1454022e
----------------- Done invoking toplevel() on ptolemy.moml.MoMLSimpleApplication@1454022e
reloadAllAccessors: .Sinewave3

===========================================================================================
----------------- testing Fri Jul 12 05:03:23 UTC 2019 /home/travis/build/icyphy/ptII/ptolemy/actor/lib/test/auto/SingleEvent.xml
----------------- Instantiating /home/travis/build/icyphy/ptII/ptolemy/actor/lib/test/auto/SingleEvent.xml
1 ms. Memory: 814080K Free: 313344K (38%)
----------------- Invoking toplevel() on ptolemy.moml.MoMLSimpleApplication@3a187ee0
----------------- Done invoking toplevel() on ptolemy.moml.MoMLSimpleApplication@3a187ee0
reloadAllAccessors: .SingleEvent

===========================================================================================
----------------- testing Fri Jul 12 05:03:23 UTC 2019 /home/travis/build/icyphy/ptII/ptolemy/actor/lib/test/auto/Sleep.xml
----------------- Instantiating /home/travis/build/icyphy/ptII/ptolemy/actor/lib/test/auto/Sleep.xml
6004 ms. Memory: 814080K Free: 307679K (38%)
----------------- Invoking toplevel() on ptolemy.moml.MoMLSimpleApplication@4a30db92
----------------- Done invoking toplevel() on ptolemy.moml.MoMLSimpleApplication@4a30db92
reloadAllAccessors: .Sleep

===========================================================================================
----------------- testing Fri Jul 12 05:03:29 UTC 2019 /home/travis/build/icyphy/ptII/ptolemy/actor/lib/test/auto/SleepMultipleFire.xml
----------------- Instantiating /home/travis/build/icyphy/ptII/ptolemy/actor/lib/test/auto/SleepMultipleFire.xml
1005 ms. Memory: 814080K Free: 302080K (37%)
----------------- Invoking toplevel() on ptolemy.moml.MoMLSimpleApplication@6d1a7de0
----------------- Done invoking toplevel() on ptolemy.moml.MoMLSimpleApplication@6d1a7de0
reloadAllAccessors: .SleepMultipleFire

===========================================================================================
----------------- testing Fri Jul 12 05:03:30 UTC 2019 /home/travis/build/icyphy/ptII/ptolemy/actor/lib/test/auto/StopDE.xml
----------------- Instantiating /home/travis/build/icyphy/ptII/ptolemy/actor/lib/test/auto/StopDE.xml
4 ms. Memory: 814080K Free: 296446K (36%)
----------------- Invoking toplevel() on ptolemy.moml.MoMLSimpleApplication@5c9441a9
----------------- Done invoking toplevel() on ptolemy.moml.MoMLSimpleApplication@5c9441a9
reloadAllAccessors: .StopDE

===========================================================================================
----------------- testing Fri Jul 12 05:03:30 UTC 2019 /home/travis/build/icyphy/ptII/ptolemy/actor/lib/test/auto/StopSDF.xml
----------------- Instantiating /home/travis/build/icyphy/ptII/ptolemy/actor/lib/test/auto/StopSDF.xml
52 ms. Memory: 814080K Free: 764152K (94%)
----------------- Invoking toplevel() on ptolemy.moml.MoMLSimpleApplication@1dc86892
----------------- Done invoking toplevel() on ptolemy.moml.MoMLSimpleApplication@1dc86892
reloadAllAccessors: .StopSDF

===========================================================================================
----------------- testing Fri Jul 12 05:03:30 UTC 2019 /home/travis/build/icyphy/ptII/ptolemy/actor/lib/test/auto/StringConstant.xml
----------------- Instantiating /home/travis/build/icyphy/ptII/ptolemy/actor/lib/test/auto/StringConstant.xml
9 ms. Memory: 814080K Free: 759296K (93%)
----------------- Invoking toplevel() on ptolemy.moml.MoMLSimpleApplication@337390e2
----------------- Done invoking toplevel() on ptolemy.moml.MoMLSimpleApplication@337390e2
reloadAllAccessors: .StringConstant

===========================================================================================
----------------- testing Fri Jul 12 05:03:30 UTC 2019 /home/travis/build/icyphy/ptII/ptolemy/actor/lib/test/auto/SubscriberPortInitialValues1.xml
----------------- Instantiating /home/travis/build/icyphy/ptII/ptolemy/actor/lib/test/auto/SubscriberPortInitialValues1.xml
11 ms. Memory: 814080K Free: 750590K (92%)
----------------- Invoking toplevel() on ptolemy.moml.MoMLSimpleApplication@67d3baad
----------------- Done invoking toplevel() on ptolemy.moml.MoMLSimpleApplication@67d3baad
reloadAllAccessors: .SubscriberPortInitialValues1

===========================================================================================
----------------- testing Fri Jul 12 05:03:30 UTC 2019 /home/travis/build/icyphy/ptII/ptolemy/actor/lib/test/auto/SubscriberPortInitialValues13.xml
----------------- Instantiating /home/travis/build/icyphy/ptII/ptolemy/actor/lib/test/auto/SubscriberPortInitialValues13.xml
6 ms. Memory: 814080K Free: 737278K (91%)
----------------- Invoking toplevel() on ptolemy.moml.MoMLSimpleApplication@1a134337
----------------- Done invoking toplevel() on ptolemy.moml.MoMLSimpleApplication@1a134337
reloadAllAccessors: .SubscriberPortInitialValues13

===========================================================================================
----------------- testing Fri Jul 12 05:03:30 UTC 2019 /home/travis/build/icyphy/ptII/ptolemy/actor/lib/test/auto/SubscriberPortInitialValues14.xml
----------------- Instantiating /home/travis/build/icyphy/ptII/ptolemy/actor/lib/test/auto/SubscriberPortInitialValues14.xml
4 ms. Memory: 814080K Free: 729086K (90%)
----------------- Invoking toplevel() on ptolemy.moml.MoMLSimpleApplication@66910322
----------------- Done invoking toplevel() on ptolemy.moml.MoMLSimpleApplication@66910322
reloadAllAccessors: .SubscriberPortInitialValues14

===========================================================================================
----------------- testing Fri Jul 12 05:03:30 UTC 2019 /home/travis/build/icyphy/ptII/ptolemy/actor/lib/test/auto/SubscriberPortInitialValues2.xml
----------------- Instantiating /home/travis/build/icyphy/ptII/ptolemy/actor/lib/test/auto/SubscriberPortInitialValues2.xml
5 ms. Memory: 814080K Free: 721408K (89%)
----------------- Invoking toplevel() on ptolemy.moml.MoMLSimpleApplication@36779e20
----------------- Done invoking toplevel() on ptolemy.moml.MoMLSimpleApplication@36779e20
reloadAllAccessors: .SubscriberPortInitialValues2

===========================================================================================
----------------- testing Fri Jul 12 05:03:30 UTC 2019 /home/travis/build/icyphy/ptII/ptolemy/actor/lib/test/auto/SubscriberPortInitialValues3.xml
----------------- Instantiating /home/travis/build/icyphy/ptII/ptolemy/actor/lib/test/auto/SubscriberPortInitialValues3.xml
4 ms. Memory: 814080K Free: 710144K (87%)
----------------- Invoking toplevel() on ptolemy.moml.MoMLSimpleApplication@2f49a3f7
----------------- Done invoking toplevel() on ptolemy.moml.MoMLSimpleApplication@2f49a3f7
reloadAllAccessors: .SubscriberPortInitialValues3

===========================================================================================
----------------- testing Fri Jul 12 05:03:30 UTC 2019 /home/travis/build/icyphy/ptII/ptolemy/actor/lib/test/auto/SubscriptionAggregator.xml
----------------- Instantiating /home/travis/build/icyphy/ptII/ptolemy/actor/lib/test/auto/SubscriptionAggregator.xml
2 ms. Memory: 814080K Free: 703471K (86%)
----------------- Invoking toplevel() on ptolemy.moml.MoMLSimpleApplication@65bc018f
----------------- Done invoking toplevel() on ptolemy.moml.MoMLSimpleApplication@65bc018f
reloadAllAccessors: .SubscriptionAggregator

===========================================================================================
----------------- testing Fri Jul 12 05:03:30 UTC 2019 /home/travis/build/icyphy/ptII/ptolemy/actor/lib/test/auto/SubscriptionAggregator2.xml
----------------- Instantiating /home/travis/build/icyphy/ptII/ptolemy/actor/lib/test/auto/SubscriptionAggregator2.xml
3 ms. Memory: 814080K Free: 696311K (86%)
----------------- Invoking toplevel() on ptolemy.moml.MoMLSimpleApplication@d524414
----------------- Done invoking toplevel() on ptolemy.moml.MoMLSimpleApplication@d524414
reloadAllAccessors: .SubscriptionAggregator2

===========================================================================================
----------------- testing Fri Jul 12 05:03:30 UTC 2019 /home/travis/build/icyphy/ptII/ptolemy/actor/lib/test/auto/SubscriptionAggregator3.xml
----------------- Instantiating /home/travis/build/icyphy/ptII/ptolemy/actor/lib/test/auto/SubscriptionAggregator3.xml
4 ms. Memory: 814080K Free: 688126K (85%)
----------------- Invoking toplevel() on ptolemy.moml.MoMLSimpleApplication@512c7c87
----------------- Done invoking toplevel() on ptolemy.moml.MoMLSimpleApplication@512c7c87
reloadAllAccessors: .SubscriptionAggregator3

===========================================================================================
----------------- testing Fri Jul 12 05:03:30 UTC 2019 /home/travis/build/icyphy/ptII/ptolemy/actor/lib/test/auto/SubscriptionAggregatorMultiply.xml
----------------- Instantiating /home/travis/build/icyphy/ptII/ptolemy/actor/lib/test/auto/SubscriptionAggregatorMultiply.xml
3 ms. Memory: 814080K Free: 679424K (83%)
----------------- Invoking toplevel() on ptolemy.moml.MoMLSimpleApplication@688098c4
----------------- Done invoking toplevel() on ptolemy.moml.MoMLSimpleApplication@688098c4
reloadAllAccessors: .SubscriptionAggregatorMultiply

===========================================================================================
----------------- testing Fri Jul 12 05:03:30 UTC 2019 /home/travis/build/icyphy/ptII/ptolemy/actor/lib/test/auto/SubscriptionAggregatorPortMultiply1.xml
----------------- Instantiating /home/travis/build/icyphy/ptII/ptolemy/actor/lib/test/auto/SubscriptionAggregatorPortMultiply1.xml
4 ms. Memory: 814080K Free: 670718K (82%)
----------------- Invoking toplevel() on ptolemy.moml.MoMLSimpleApplication@16c97ce7
----------------- Done invoking toplevel() on ptolemy.moml.MoMLSimpleApplication@16c97ce7
reloadAllAccessors: .SubscriptionAggregatorPortMultiply1

===========================================================================================
----------------- testing Fri Jul 12 05:03:30 UTC 2019 /home/travis/build/icyphy/ptII/ptolemy/actor/lib/test/auto/Switch.xml
----------------- Instantiating /home/travis/build/icyphy/ptII/ptolemy/actor/lib/test/auto/Switch.xml
8 ms. Memory: 814080K Free: 661502K (81%)
----------------- Invoking toplevel() on ptolemy.moml.MoMLSimpleApplication@2339dc27
----------------- Done invoking toplevel() on ptolemy.moml.MoMLSimpleApplication@2339dc27
reloadAllAccessors: .Switch

===========================================================================================
----------------- testing Fri Jul 12 05:03:30 UTC 2019 /home/travis/build/icyphy/ptII/ptolemy/actor/lib/test/auto/Switch2.xml
----------------- Instantiating /home/travis/build/icyphy/ptII/ptolemy/actor/lib/test/auto/Switch2.xml
2 ms. Memory: 814080K Free: 656896K (81%)
----------------- Invoking toplevel() on ptolemy.moml.MoMLSimpleApplication@70effe5
----------------- Done invoking toplevel() on ptolemy.moml.MoMLSimpleApplication@70effe5
reloadAllAccessors: .Switch2

===========================================================================================
----------------- testing Fri Jul 12 05:03:30 UTC 2019 /home/travis/build/icyphy/ptII/ptolemy/actor/lib/test/auto/SwitchDE.xml
----------------- Instantiating /home/travis/build/icyphy/ptII/ptolemy/actor/lib/test/auto/SwitchDE.xml
3 ms. Memory: 814080K Free: 650752K (80%)
----------------- Invoking toplevel() on ptolemy.moml.MoMLSimpleApplication@4e8e006c
----------------- Done invoking toplevel() on ptolemy.moml.MoMLSimpleApplication@4e8e006c
reloadAllAccessors: .SwitchDE

===========================================================================================
----------------- testing Fri Jul 12 05:03:31 UTC 2019 /home/travis/build/icyphy/ptII/ptolemy/actor/lib/test/auto/SynchronizerDE.xml
----------------- Instantiating /home/travis/build/icyphy/ptII/ptolemy/actor/lib/test/auto/SynchronizerDE.xml
8 ms. Memory: 814080K Free: 642560K (79%)
----------------- Invoking toplevel() on ptolemy.moml.MoMLSimpleApplication@7a6758cd
----------------- Done invoking toplevel() on ptolemy.moml.MoMLSimpleApplication@7a6758cd
reloadAllAccessors: .SynchronizerDE

===========================================================================================
----------------- testing Fri Jul 12 05:03:31 UTC 2019 /home/travis/build/icyphy/ptII/ptolemy/actor/lib/test/auto/Test.xml
----------------- Instantiating /home/travis/build/icyphy/ptII/ptolemy/actor/lib/test/auto/Test.xml
10 ms. Memory: 814080K Free: 636895K (78%)
----------------- Invoking toplevel() on ptolemy.moml.MoMLSimpleApplication@cb16929
----------------- Done invoking toplevel() on ptolemy.moml.MoMLSimpleApplication@cb16929
reloadAllAccessors: .Test

===========================================================================================
----------------- testing Fri Jul 12 05:03:31 UTC 2019 /home/travis/build/icyphy/ptII/ptolemy/actor/lib/test/auto/TestExceptionAttribute1.xml
----------------- Instantiating /home/travis/build/icyphy/ptII/ptolemy/actor/lib/test/auto/TestExceptionAttribute1.xml
2 ms. Memory: 814080K Free: 633344K (78%)
----------------- Invoking toplevel() on ptolemy.moml.MoMLSimpleApplication@144cd996
----------------- Done invoking toplevel() on ptolemy.moml.MoMLSimpleApplication@144cd996
reloadAllAccessors: .TestExceptionAttribute1

===========================================================================================
----------------- testing Fri Jul 12 05:03:31 UTC 2019 /home/travis/build/icyphy/ptII/ptolemy/actor/lib/test/auto/TestExceptionAttribute2.xml
----------------- Instantiating /home/travis/build/icyphy/ptII/ptolemy/actor/lib/test/auto/TestExceptionAttribute2.xml
12 ms. Memory: 814080K Free: 629758K (77%)
----------------- Invoking toplevel() on ptolemy.moml.MoMLSimpleApplication@31402511
----------------- Done invoking toplevel() on ptolemy.moml.MoMLSimpleApplication@31402511
reloadAllAccessors: .TestExceptionAttribute2

===========================================================================================
----------------- testing Fri Jul 12 05:03:31 UTC 2019 /home/travis/build/icyphy/ptII/ptolemy/actor/lib/test/auto/TestExceptionAttribute3.xml
----------------- Instantiating /home/travis/build/icyphy/ptII/ptolemy/actor/lib/test/auto/TestExceptionAttribute3.xml
.TestExceptionAttribute3.TestExceptionAttribute: initialize() was not invoked, but wrapup() was.  This is unusual, but not always a problem.  For example, exporting JNLP will do this.
1 ms. Memory: 814080K Free: 626176K (77%)
----------------- Invoking toplevel() on ptolemy.moml.MoMLSimpleApplication@528f3821
----------------- Done invoking toplevel() on ptolemy.moml.MoMLSimpleApplication@528f3821
reloadAllAccessors: .TestExceptionAttribute3

===========================================================================================
----------------- testing Fri Jul 12 05:03:31 UTC 2019 /home/travis/build/icyphy/ptII/ptolemy/actor/lib/test/auto/TestExceptionAttribute4.xml
----------------- Instantiating /home/travis/build/icyphy/ptII/ptolemy/actor/lib/test/auto/TestExceptionAttribute4.xml
.TestExceptionAttribute4.TestExceptionAttribute: initialize() was not invoked, but wrapup() was.  This is unusual, but not always a problem.  For example, exporting JNLP will do this.
.TestExceptionAttribute4.TestExceptionAttribute2: initialize() was not invoked, but wrapup() was.  This is unusual, but not always a problem.  For example, exporting JNLP will do this.
0 ms. Memory: 814080K Free: 622080K (76%)
----------------- Invoking toplevel() on ptolemy.moml.MoMLSimpleApplication@6ad91e24
----------------- Done invoking toplevel() on ptolemy.moml.MoMLSimpleApplication@6ad91e24
reloadAllAccessors: .TestExceptionAttribute4

===========================================================================================
----------------- testing Fri Jul 12 05:03:31 UTC 2019 /home/travis/build/icyphy/ptII/ptolemy/actor/lib/test/auto/TestExceptionHandler1.xml
----------------- Instantiating /home/travis/build/icyphy/ptII/ptolemy/actor/lib/test/auto/TestExceptionHandler1.xml
1 ms. Memory: 814080K Free: 617984K (76%)
----------------- Invoking toplevel() on ptolemy.moml.MoMLSimpleApplication@43ccbcf3
----------------- Done invoking toplevel() on ptolemy.moml.MoMLSimpleApplication@43ccbcf3
reloadAllAccessors: .TestExceptionHandler1

===========================================================================================
----------------- testing Fri Jul 12 05:03:31 UTC 2019 /home/travis/build/icyphy/ptII/ptolemy/actor/lib/test/auto/TestExceptionHandler2.xml
----------------- Instantiating /home/travis/build/icyphy/ptII/ptolemy/actor/lib/test/auto/TestExceptionHandler2.xml
2 ms. Memory: 814080K Free: 614398K (75%)
----------------- Invoking toplevel() on ptolemy.moml.MoMLSimpleApplication@45a90940
----------------- Done invoking toplevel() on ptolemy.moml.MoMLSimpleApplication@45a90940
reloadAllAccessors: .TestExceptionHandler2

===========================================================================================
----------------- testing Fri Jul 12 05:03:31 UTC 2019 /home/travis/build/icyphy/ptII/ptolemy/actor/lib/test/auto/TestExceptionHandler3.xml
----------------- Instantiating /home/travis/build/icyphy/ptII/ptolemy/actor/lib/test/auto/TestExceptionHandler3.xml
1 ms. Memory: 814080K Free: 610816K (75%)
----------------- Invoking toplevel() on ptolemy.moml.MoMLSimpleApplication@6e4de4f5
----------------- Done invoking toplevel() on ptolemy.moml.MoMLSimpleApplication@6e4de4f5
reloadAllAccessors: .TestExceptionHandler3

===========================================================================================
----------------- testing Fri Jul 12 05:03:31 UTC 2019 /home/travis/build/icyphy/ptII/ptolemy/actor/lib/test/auto/TestExceptionHandler4.xml
----------------- Instantiating /home/travis/build/icyphy/ptII/ptolemy/actor/lib/test/auto/TestExceptionHandler4.xml
1 ms. Memory: 814080K Free: 606720K (75%)
----------------- Invoking toplevel() on ptolemy.moml.MoMLSimpleApplication@1db5942d
----------------- Done invoking toplevel() on ptolemy.moml.MoMLSimpleApplication@1db5942d
reloadAllAccessors: .TestExceptionHandler4

===========================================================================================
----------------- testing Fri Jul 12 05:03:31 UTC 2019 /home/travis/build/icyphy/ptII/ptolemy/actor/lib/test/auto/TestRequireCorrectOrder.xml
----------------- Instantiating /home/travis/build/icyphy/ptII/ptolemy/actor/lib/test/auto/TestRequireCorrectOrder.xml
6 ms. Memory: 814080K Free: 601055K (74%)
----------------- Invoking toplevel() on ptolemy.moml.MoMLSimpleApplication@2fdac6c4
----------------- Done invoking toplevel() on ptolemy.moml.MoMLSimpleApplication@2fdac6c4
reloadAllAccessors: .TestRequireCorrectOrder

===========================================================================================
----------------- testing Fri Jul 12 05:03:31 UTC 2019 /home/travis/build/icyphy/ptII/ptolemy/actor/lib/test/auto/TestSimple.xml
----------------- Instantiating /home/travis/build/icyphy/ptII/ptolemy/actor/lib/test/auto/TestSimple.xml
2 ms. Memory: 814080K Free: 596480K (73%)
----------------- Invoking toplevel() on ptolemy.moml.MoMLSimpleApplication@7576f4c7
----------------- Done invoking toplevel() on ptolemy.moml.MoMLSimpleApplication@7576f4c7
reloadAllAccessors: .TestSimple

===========================================================================================
----------------- testing Fri Jul 12 05:03:31 UTC 2019 /home/travis/build/icyphy/ptII/ptolemy/actor/lib/test/auto/ThrowModelError.xml
----------------- Instantiating /home/travis/build/icyphy/ptII/ptolemy/actor/lib/test/auto/ThrowModelError.xml
2 ms. Memory: 814080K Free: 591870K (73%)
----------------- Invoking toplevel() on ptolemy.moml.MoMLSimpleApplication@25de1e47
----------------- Done invoking toplevel() on ptolemy.moml.MoMLSimpleApplication@25de1e47
reloadAllAccessors: .ThrowModelError

===========================================================================================
----------------- testing Fri Jul 12 05:03:31 UTC 2019 /home/travis/build/icyphy/ptII/ptolemy/actor/lib/test/auto/TimeDelayMicrosteps.xml
----------------- Instantiating /home/travis/build/icyphy/ptII/ptolemy/actor/lib/test/auto/TimeDelayMicrosteps.xml
2 ms. Memory: 814080K Free: 585216K (72%)
----------------- Invoking toplevel() on ptolemy.moml.MoMLSimpleApplication@477a7235
----------------- Done invoking toplevel() on ptolemy.moml.MoMLSimpleApplication@477a7235
reloadAllAccessors: .TimeDelayMicrosteps

===========================================================================================
----------------- testing Fri Jul 12 05:03:31 UTC 2019 /home/travis/build/icyphy/ptII/ptolemy/actor/lib/test/auto/TimeDelayMicrosteps2.xml
----------------- Instantiating /home/travis/build/icyphy/ptII/ptolemy/actor/lib/test/auto/TimeDelayMicrosteps2.xml
3 ms. Memory: 814080K Free: 577519K (71%)
----------------- Invoking toplevel() on ptolemy.moml.MoMLSimpleApplication@5cc45501
----------------- Done invoking toplevel() on ptolemy.moml.MoMLSimpleApplication@5cc45501
reloadAllAccessors: .TimeDelayMicrosteps2

===========================================================================================
----------------- testing Fri Jul 12 05:03:31 UTC 2019 /home/travis/build/icyphy/ptII/ptolemy/actor/lib/test/auto/TimeDelayMicrosteps3.xml
----------------- Instantiating /home/travis/build/icyphy/ptII/ptolemy/actor/lib/test/auto/TimeDelayMicrosteps3.xml
2 ms. Memory: 814080K Free: 570880K (70%)
----------------- Invoking toplevel() on ptolemy.moml.MoMLSimpleApplication@5b83c73a
----------------- Done invoking toplevel() on ptolemy.moml.MoMLSimpleApplication@5b83c73a
reloadAllAccessors: .TimeDelayMicrosteps3

===========================================================================================
----------------- testing Fri Jul 12 05:03:31 UTC 2019 /home/travis/build/icyphy/ptII/ptolemy/actor/lib/test/auto/TimeDelayVariableMicrosteps.xml
----------------- Instantiating /home/travis/build/icyphy/ptII/ptolemy/actor/lib/test/auto/TimeDelayVariableMicrosteps.xml
2 ms. Memory: 814080K Free: 564736K (69%)
----------------- Invoking toplevel() on ptolemy.moml.MoMLSimpleApplication@4602a002
----------------- Done invoking toplevel() on ptolemy.moml.MoMLSimpleApplication@4602a002
reloadAllAccessors: .TimeDelayVariableMicrosteps

===========================================================================================
----------------- testing Fri Jul 12 05:03:31 UTC 2019 /home/travis/build/icyphy/ptII/ptolemy/actor/lib/test/auto/TimeGap.xml
----------------- Instantiating /home/travis/build/icyphy/ptII/ptolemy/actor/lib/test/auto/TimeGap.xml
3 ms. Memory: 814080K Free: 559616K (69%)
----------------- Invoking toplevel() on ptolemy.moml.MoMLSimpleApplication@6becc6c5
----------------- Done invoking toplevel() on ptolemy.moml.MoMLSimpleApplication@6becc6c5
reloadAllAccessors: .TimeGap

===========================================================================================
----------------- testing Fri Jul 12 05:03:31 UTC 2019 /home/travis/build/icyphy/ptII/ptolemy/actor/lib/test/auto/TimeGap2.xml
----------------- Instantiating /home/travis/build/icyphy/ptII/ptolemy/actor/lib/test/auto/TimeGap2.xml
3 ms. Memory: 814080K Free: 553472K (68%)
----------------- Invoking toplevel() on ptolemy.moml.MoMLSimpleApplication@6c18d316
----------------- Done invoking toplevel() on ptolemy.moml.MoMLSimpleApplication@6c18d316
reloadAllAccessors: .TimeGap2

===========================================================================================
----------------- testing Fri Jul 12 05:03:31 UTC 2019 /home/travis/build/icyphy/ptII/ptolemy/actor/lib/test/auto/TimedSinewave.xml
----------------- Instantiating /home/travis/build/icyphy/ptII/ptolemy/actor/lib/test/auto/TimedSinewave.xml
21 ms. Memory: 814080K Free: 539136K (66%)
----------------- Invoking toplevel() on ptolemy.moml.MoMLSimpleApplication@6dfcff41
----------------- Done invoking toplevel() on ptolemy.moml.MoMLSimpleApplication@6dfcff41
reloadAllAccessors: .TimedSinewave

===========================================================================================
----------------- testing Fri Jul 12 05:03:31 UTC 2019 /home/travis/build/icyphy/ptII/ptolemy/actor/lib/test/auto/TimedSinewavePhase.xml
----------------- Instantiating /home/travis/build/icyphy/ptII/ptolemy/actor/lib/test/auto/TimedSinewavePhase.xml
11 ms. Memory: 814080K Free: 529406K (65%)
----------------- Invoking toplevel() on ptolemy.moml.MoMLSimpleApplication@71761b29
----------------- Done invoking toplevel() on ptolemy.moml.MoMLSimpleApplication@71761b29
reloadAllAccessors: .TimedSinewavePhase

===========================================================================================
----------------- testing Fri Jul 12 05:03:31 UTC 2019 /home/travis/build/icyphy/ptII/ptolemy/actor/lib/test/auto/Timer.xml
----------------- Instantiating /home/travis/build/icyphy/ptII/ptolemy/actor/lib/test/auto/Timer.xml
4 ms. Memory: 814080K Free: 523776K (64%)
----------------- Invoking toplevel() on ptolemy.moml.MoMLSimpleApplication@7e779
----------------- Done invoking toplevel() on ptolemy.moml.MoMLSimpleApplication@7e779
reloadAllAccessors: .Timer

===========================================================================================
----------------- testing Fri Jul 12 05:03:31 UTC 2019 /home/travis/build/icyphy/ptII/ptolemy/actor/lib/test/auto/TriangularDistTestModel.xml
----------------- Instantiating /home/travis/build/icyphy/ptII/ptolemy/actor/lib/test/auto/TriangularDistTestModel.xml
2 ms. Memory: 814080K Free: 517632K (64%)
----------------- Invoking toplevel() on ptolemy.moml.MoMLSimpleApplication@7e53db62
----------------- Done invoking toplevel() on ptolemy.moml.MoMLSimpleApplication@7e53db62
reloadAllAccessors: .TriangularDistTestModel

===========================================================================================
----------------- testing Fri Jul 12 05:03:31 UTC 2019 /home/travis/build/icyphy/ptII/ptolemy/actor/lib/test/auto/TrigFunction.xml
----------------- Instantiating /home/travis/build/icyphy/ptII/ptolemy/actor/lib/test/auto/TrigFunction.xml
2 ms. Memory: 814080K Free: 513022K (63%)
----------------- Invoking toplevel() on ptolemy.moml.MoMLSimpleApplication@32135719
----------------- Done invoking toplevel() on ptolemy.moml.MoMLSimpleApplication@32135719
reloadAllAccessors: .TrigFunction

===========================================================================================
----------------- testing Fri Jul 12 05:03:31 UTC 2019 /home/travis/build/icyphy/ptII/ptolemy/actor/lib/test/auto/TrigFunctionDE.xml
----------------- Instantiating /home/travis/build/icyphy/ptII/ptolemy/actor/lib/test/auto/TrigFunctionDE.xml
2 ms. Memory: 814080K Free: 507392K (62%)
----------------- Invoking toplevel() on ptolemy.moml.MoMLSimpleApplication@3b561c31
----------------- Done invoking toplevel() on ptolemy.moml.MoMLSimpleApplication@3b561c31
reloadAllAccessors: .TrigFunctionDE

===========================================================================================
----------------- testing Fri Jul 12 05:03:31 UTC 2019 /home/travis/build/icyphy/ptII/ptolemy/actor/lib/test/auto/TrigFunctionInverse.xml
----------------- Instantiating /home/travis/build/icyphy/ptII/ptolemy/actor/lib/test/auto/TrigFunctionInverse.xml
2 ms. Memory: 814080K Free: 502272K (62%)
----------------- Invoking toplevel() on ptolemy.moml.MoMLSimpleApplication@11c4fb15
----------------- Done invoking toplevel() on ptolemy.moml.MoMLSimpleApplication@11c4fb15
reloadAllAccessors: .TrigFunctionInverse

===========================================================================================
----------------- testing Fri Jul 12 05:03:31 UTC 2019 /home/travis/build/icyphy/ptII/ptolemy/actor/lib/test/auto/TrigFunctionTan.xml
----------------- Instantiating /home/travis/build/icyphy/ptII/ptolemy/actor/lib/test/auto/TrigFunctionTan.xml
1 ms. Memory: 814080K Free: 497662K (61%)
----------------- Invoking toplevel() on ptolemy.moml.MoMLSimpleApplication@405063ec
----------------- Done invoking toplevel() on ptolemy.moml.MoMLSimpleApplication@405063ec
reloadAllAccessors: .TrigFunctionTan

===========================================================================================
----------------- testing Fri Jul 12 05:03:31 UTC 2019 /home/travis/build/icyphy/ptII/ptolemy/actor/lib/test/auto/TriggeredClock.xml
----------------- Instantiating /home/travis/build/icyphy/ptII/ptolemy/actor/lib/test/auto/TriggeredClock.xml
1 ms. Memory: 814080K Free: 493023K (61%)
----------------- Invoking toplevel() on ptolemy.moml.MoMLSimpleApplication@a67d0b
----------------- Done invoking toplevel() on ptolemy.moml.MoMLSimpleApplication@a67d0b
reloadAllAccessors: .TriggeredClock

===========================================================================================
----------------- testing Fri Jul 12 05:03:31 UTC 2019 /home/travis/build/icyphy/ptII/ptolemy/actor/lib/test/auto/URLDirectoryReader.xml
----------------- Instantiating /home/travis/build/icyphy/ptII/ptolemy/actor/lib/test/auto/URLDirectoryReader.xml
31 ms. Memory: 814080K Free: 483840K (59%)
----------------- Invoking toplevel() on ptolemy.moml.MoMLSimpleApplication@286945cd
----------------- Done invoking toplevel() on ptolemy.moml.MoMLSimpleApplication@286945cd
reloadAllAccessors: .URLDirectoryReader

===========================================================================================
----------------- testing Fri Jul 12 05:03:31 UTC 2019 /home/travis/build/icyphy/ptII/ptolemy/actor/lib/test/auto/URLDirectoryReader3.xml
----------------- Instantiating /home/travis/build/icyphy/ptII/ptolemy/actor/lib/test/auto/URLDirectoryReader3.xml
1153 ms. Memory: 814080K Free: 755284K (93%)
----------------- Invoking toplevel() on ptolemy.moml.MoMLSimpleApplication@58470b69
----------------- Done invoking toplevel() on ptolemy.moml.MoMLSimpleApplication@58470b69
reloadAllAccessors: .URLDirectoryReader3

===========================================================================================
----------------- testing Fri Jul 12 05:03:33 UTC 2019 /home/travis/build/icyphy/ptII/ptolemy/actor/lib/test/auto/UnaryMathFunction.xml
----------------- Instantiating /home/travis/build/icyphy/ptII/ptolemy/actor/lib/test/auto/UnaryMathFunction.xml
9 ms. Memory: 814080K Free: 747518K (92%)
----------------- Invoking toplevel() on ptolemy.moml.MoMLSimpleApplication@357e766d
----------------- Done invoking toplevel() on ptolemy.moml.MoMLSimpleApplication@357e766d
reloadAllAccessors: .UnaryMathFunction

===========================================================================================
----------------- testing Fri Jul 12 05:03:33 UTC 2019 /home/travis/build/icyphy/ptII/ptolemy/actor/lib/test/auto/Uniform.xml
----------------- Instantiating /home/travis/build/icyphy/ptII/ptolemy/actor/lib/test/auto/Uniform.xml
2 ms. Memory: 814080K Free: 742912K (91%)
----------------- Invoking toplevel() on ptolemy.moml.MoMLSimpleApplication@15fe05ed
----------------- Done invoking toplevel() on ptolemy.moml.MoMLSimpleApplication@15fe05ed
reloadAllAccessors: .Uniform

===========================================================================================
----------------- testing Fri Jul 12 05:03:33 UTC 2019 /home/travis/build/icyphy/ptII/ptolemy/actor/lib/test/auto/UnionDisassemblerTest.xml
----------------- Instantiating /home/travis/build/icyphy/ptII/ptolemy/actor/lib/test/auto/UnionDisassemblerTest.xml
9 ms. Memory: 814080K Free: 739311K (91%)
----------------- Invoking toplevel() on ptolemy.moml.MoMLSimpleApplication@ab63592
----------------- Done invoking toplevel() on ptolemy.moml.MoMLSimpleApplication@ab63592
reloadAllAccessors: .UnionDisassemblerTest

===========================================================================================
----------------- testing Fri Jul 12 05:03:33 UTC 2019 /home/travis/build/icyphy/ptII/ptolemy/actor/lib/test/auto/UtilityFunctions.xml
----------------- Instantiating /home/travis/build/icyphy/ptII/ptolemy/actor/lib/test/auto/UtilityFunctions.xml
1 ms. Memory: 814080K Free: 734720K (90%)
----------------- Invoking toplevel() on ptolemy.moml.MoMLSimpleApplication@7cdac47b
----------------- Done invoking toplevel() on ptolemy.moml.MoMLSimpleApplication@7cdac47b
reloadAllAccessors: .UtilityFunctions

===========================================================================================
----------------- testing Fri Jul 12 05:03:33 UTC 2019 /home/travis/build/icyphy/ptII/ptolemy/actor/lib/test/auto/VariableSleep.xml
----------------- Instantiating /home/travis/build/icyphy/ptII/ptolemy/actor/lib/test/auto/VariableSleep.xml
503 ms. Memory: 814080K Free: 729600K (90%)
----------------- Invoking toplevel() on ptolemy.moml.MoMLSimpleApplication@7391b1e8
----------------- Done invoking toplevel() on ptolemy.moml.MoMLSimpleApplication@7391b1e8
reloadAllAccessors: .VariableSleep

===========================================================================================
----------------- testing Fri Jul 12 05:03:33 UTC 2019 /home/travis/build/icyphy/ptII/ptolemy/actor/lib/test/auto/VectorAssemblerDisassemblerCT.xml
----------------- Instantiating /home/travis/build/icyphy/ptII/ptolemy/actor/lib/test/auto/VectorAssemblerDisassemblerCT.xml
110 ms. Memory: 814080K Free: 709630K (87%)
----------------- Invoking toplevel() on ptolemy.moml.MoMLSimpleApplication@6138837f
----------------- Done invoking toplevel() on ptolemy.moml.MoMLSimpleApplication@6138837f
reloadAllAccessors: .VectorAssemblerDisassemblerCT

===========================================================================================
----------------- testing Fri Jul 12 05:03:33 UTC 2019 /home/travis/build/icyphy/ptII/ptolemy/actor/lib/test/auto/VectorAssemblerDisassemblerDE.xml
----------------- Instantiating /home/travis/build/icyphy/ptII/ptolemy/actor/lib/test/auto/VectorAssemblerDisassemblerDE.xml
15 ms. Memory: 814080K Free: 701952K (86%)
----------------- Invoking toplevel() on ptolemy.moml.MoMLSimpleApplication@20eb1585
----------------- Done invoking toplevel() on ptolemy.moml.MoMLSimpleApplication@20eb1585
reloadAllAccessors: .VectorAssemblerDisassemblerDE

===========================================================================================
----------------- testing Fri Jul 12 05:03:33 UTC 2019 /home/travis/build/icyphy/ptII/ptolemy/actor/lib/test/auto/VectorAssemblerDisassemblerSDF.xml
----------------- Instantiating /home/travis/build/icyphy/ptII/ptolemy/actor/lib/test/auto/VectorAssemblerDisassemblerSDF.xml
3 ms. Memory: 814080K Free: 695808K (85%)
----------------- Invoking toplevel() on ptolemy.moml.MoMLSimpleApplication@4e502069
----------------- Done invoking toplevel() on ptolemy.moml.MoMLSimpleApplication@4e502069
reloadAllAccessors: .VectorAssemblerDisassemblerSDF

===========================================================================================
----------------- testing Fri Jul 12 05:03:33 UTC 2019 /home/travis/build/icyphy/ptII/ptolemy/actor/lib/test/auto/WallClockTime.xml
----------------- Instantiating /home/travis/build/icyphy/ptII/ptolemy/actor/lib/test/auto/WallClockTime.xml
1007 ms. Memory: 814080K Free: 690688K (85%)
----------------- Invoking toplevel() on ptolemy.moml.MoMLSimpleApplication@48845806
----------------- Done invoking toplevel() on ptolemy.moml.MoMLSimpleApplication@48845806
reloadAllAccessors: .WallClockTime

===========================================================================================
----------------- testing Fri Jul 12 05:03:34 UTC 2019 /home/travis/build/icyphy/ptII/ptolemy/actor/lib/test/auto/WidthTestWithSubscriberPublisher.xml
----------------- Instantiating /home/travis/build/icyphy/ptII/ptolemy/actor/lib/test/auto/WidthTestWithSubscriberPublisher.xml
8 ms. Memory: 814080K Free: 672766K (83%)
----------------- Invoking toplevel() on ptolemy.moml.MoMLSimpleApplication@65e08d6e
----------------- Done invoking toplevel() on ptolemy.moml.MoMLSimpleApplication@65e08d6e
reloadAllAccessors: .WidthTestWithSubscriberPublisher

===========================================================================================
----------------- testing Fri Jul 12 05:03:35 UTC 2019 /home/travis/build/icyphy/ptII/ptolemy/actor/lib/test/auto/WidthTestWithSubscriberPublisher2.xml
----------------- Instantiating /home/travis/build/icyphy/ptII/ptolemy/actor/lib/test/auto/WidthTestWithSubscriberPublisher2.xml
2 ms. Memory: 814080K Free: 666622K (82%)
----------------- Invoking toplevel() on ptolemy.moml.MoMLSimpleApplication@3f0090b1
----------------- Done invoking toplevel() on ptolemy.moml.MoMLSimpleApplication@3f0090b1
reloadAllAccessors: .WidthTestWithSubscriberPublisher2

===========================================================================================
----------------- testing Fri Jul 12 05:03:35 UTC 2019 /home/travis/build/icyphy/ptII/ptolemy/actor/lib/test/auto/WidthTestWithSubscriberPublisher3.xml
----------------- Instantiating /home/travis/build/icyphy/ptII/ptolemy/actor/lib/test/auto/WidthTestWithSubscriberPublisher3.xml
1 ms. Memory: 814080K Free: 660992K (81%)
----------------- Invoking toplevel() on ptolemy.moml.MoMLSimpleApplication@145afac7
----------------- Done invoking toplevel() on ptolemy.moml.MoMLSimpleApplication@145afac7
reloadAllAccessors: .WidthTestWithSubscriberPublisher3

===========================================================================================
----------------- testing Fri Jul 12 05:03:35 UTC 2019 /home/travis/build/icyphy/ptII/ptolemy/actor/lib/test/auto/Writer.xml
----------------- Instantiating /home/travis/build/icyphy/ptII/ptolemy/actor/lib/test/auto/Writer.xml
0
1
2
3
4
1 ms. Memory: 814080K Free: 656382K (81%)
----------------- Invoking toplevel() on ptolemy.moml.MoMLSimpleApplication@64c5fd0e
----------------- Done invoking toplevel() on ptolemy.moml.MoMLSimpleApplication@64c5fd0e
reloadAllAccessors: .Writer

===========================================================================================
----------------- testing Fri Jul 12 05:03:35 UTC 2019 /home/travis/build/icyphy/ptII/ptolemy/actor/lib/test/auto/array.xml
----------------- Instantiating /home/travis/build/icyphy/ptII/ptolemy/actor/lib/test/auto/array.xml
3 ms. Memory: 814080K Free: 651776K (80%)
----------------- Invoking toplevel() on ptolemy.moml.MoMLSimpleApplication@1f7f9ebd
----------------- Done invoking toplevel() on ptolemy.moml.MoMLSimpleApplication@1f7f9ebd
reloadAllAccessors: .array

===========================================================================================
----------------- testing Fri Jul 12 05:03:35 UTC 2019 /home/travis/build/icyphy/ptII/ptolemy/actor/lib/test/auto/array2.xml
----------------- Instantiating /home/travis/build/icyphy/ptII/ptolemy/actor/lib/test/auto/array2.xml
3 ms. Memory: 814080K Free: 647151K (79%)
----------------- Invoking toplevel() on ptolemy.moml.MoMLSimpleApplication@14c369c
----------------- Done invoking toplevel() on ptolemy.moml.MoMLSimpleApplication@14c369c
reloadAllAccessors: .array2

===========================================================================================
----------------- testing Fri Jul 12 05:03:35 UTC 2019 /home/travis/build/icyphy/ptII/ptolemy/actor/lib/test/auto/arrayType.xml
----------------- Instantiating /home/travis/build/icyphy/ptII/ptolemy/actor/lib/test/auto/arrayType.xml
1 ms. Memory: 814080K Free: 641536K (79%)
----------------- Invoking toplevel() on ptolemy.moml.MoMLSimpleApplication@7f77b0e
----------------- Done invoking toplevel() on ptolemy.moml.MoMLSimpleApplication@7f77b0e
reloadAllAccessors: .arrayType

===========================================================================================
----------------- testing Fri Jul 12 05:03:35 UTC 2019 /home/travis/build/icyphy/ptII/ptolemy/actor/lib/test/auto/arrayType10.xml
----------------- Instantiating /home/travis/build/icyphy/ptII/ptolemy/actor/lib/test/auto/arrayType10.xml
1 ms. Memory: 814080K Free: 636926K (78%)
----------------- Invoking toplevel() on ptolemy.moml.MoMLSimpleApplication@28e8b8a1
----------------- Done invoking toplevel() on ptolemy.moml.MoMLSimpleApplication@28e8b8a1
reloadAllAccessors: .arrayType10

===========================================================================================
----------------- testing Fri Jul 12 05:03:35 UTC 2019 /home/travis/build/icyphy/ptII/ptolemy/actor/lib/test/auto/arrayType11.xml
----------------- Instantiating /home/travis/build/icyphy/ptII/ptolemy/actor/lib/test/auto/arrayType11.xml
2 ms. Memory: 814080K Free: 631806K (78%)
----------------- Invoking toplevel() on ptolemy.moml.MoMLSimpleApplication@1d624af
----------------- Done invoking toplevel() on ptolemy.moml.MoMLSimpleApplication@1d624af
reloadAllAccessors: .arrayType11

===========================================================================================
----------------- testing Fri Jul 12 05:03:35 UTC 2019 /home/travis/build/icyphy/ptII/ptolemy/actor/lib/test/auto/arrayType12.xml
----------------- Instantiating /home/travis/build/icyphy/ptII/ptolemy/actor/lib/test/auto/arrayType12.xml
2 ms. Memory: 814080K Free: 627200K (77%)
----------------- Invoking toplevel() on ptolemy.moml.MoMLSimpleApplication@1ea4ebb7
----------------- Done invoking toplevel() on ptolemy.moml.MoMLSimpleApplication@1ea4ebb7
reloadAllAccessors: .arrayType12

===========================================================================================
----------------- testing Fri Jul 12 05:03:35 UTC 2019 /home/travis/build/icyphy/ptII/ptolemy/actor/lib/test/auto/arrayType13.xml
----------------- Instantiating /home/travis/build/icyphy/ptII/ptolemy/actor/lib/test/auto/arrayType13.xml
2 ms. Memory: 814080K Free: 622080K (76%)
----------------- Invoking toplevel() on ptolemy.moml.MoMLSimpleApplication@75307fdd
----------------- Done invoking toplevel() on ptolemy.moml.MoMLSimpleApplication@75307fdd
reloadAllAccessors: .arrayType13

===========================================================================================
----------------- testing Fri Jul 12 05:03:35 UTC 2019 /home/travis/build/icyphy/ptII/ptolemy/actor/lib/test/auto/arrayType14.xml
----------------- Instantiating /home/travis/build/icyphy/ptII/ptolemy/actor/lib/test/auto/arrayType14.xml
1 ms. Memory: 814080K Free: 616446K (76%)
----------------- Invoking toplevel() on ptolemy.moml.MoMLSimpleApplication@2c0a73a6
----------------- Done invoking toplevel() on ptolemy.moml.MoMLSimpleApplication@2c0a73a6
reloadAllAccessors: .arrayType14

===========================================================================================
----------------- testing Fri Jul 12 05:03:35 UTC 2019 /home/travis/build/icyphy/ptII/ptolemy/actor/lib/test/auto/arrayType15.xml
----------------- Instantiating /home/travis/build/icyphy/ptII/ptolemy/actor/lib/test/auto/arrayType15.xml
3 ms. Memory: 814080K Free: 611326K (75%)
----------------- Invoking toplevel() on ptolemy.moml.MoMLSimpleApplication@6405ceaf
----------------- Done invoking toplevel() on ptolemy.moml.MoMLSimpleApplication@6405ceaf
reloadAllAccessors: .arrayType15

===========================================================================================
----------------- testing Fri Jul 12 05:03:35 UTC 2019 /home/travis/build/icyphy/ptII/ptolemy/actor/lib/test/auto/arrayType16.xml
----------------- Instantiating /home/travis/build/icyphy/ptII/ptolemy/actor/lib/test/auto/arrayType16.xml
1 ms. Memory: 814080K Free: 606206K (74%)
----------------- Invoking toplevel() on ptolemy.moml.MoMLSimpleApplication@758b7e5e
----------------- Done invoking toplevel() on ptolemy.moml.MoMLSimpleApplication@758b7e5e
reloadAllAccessors: .arrayType16

===========================================================================================
----------------- testing Fri Jul 12 05:03:35 UTC 2019 /home/travis/build/icyphy/ptII/ptolemy/actor/lib/test/auto/arrayType17.xml
----------------- Instantiating /home/travis/build/icyphy/ptII/ptolemy/actor/lib/test/auto/arrayType17.xml
2 ms. Memory: 814080K Free: 600576K (74%)
----------------- Invoking toplevel() on ptolemy.moml.MoMLSimpleApplication@492b31e6
----------------- Done invoking toplevel() on ptolemy.moml.MoMLSimpleApplication@492b31e6
reloadAllAccessors: .arrayType17

===========================================================================================
----------------- testing Fri Jul 12 05:03:35 UTC 2019 /home/travis/build/icyphy/ptII/ptolemy/actor/lib/test/auto/arrayType18.xml
----------------- Instantiating /home/travis/build/icyphy/ptII/ptolemy/actor/lib/test/auto/arrayType18.xml
2 ms. Memory: 814080K Free: 595966K (73%)
----------------- Invoking toplevel() on ptolemy.moml.MoMLSimpleApplication@57577abc
----------------- Done invoking toplevel() on ptolemy.moml.MoMLSimpleApplication@57577abc
reloadAllAccessors: .arrayType18

===========================================================================================
----------------- testing Fri Jul 12 05:03:35 UTC 2019 /home/travis/build/icyphy/ptII/ptolemy/actor/lib/test/auto/arrayType19.xml
----------------- Instantiating /home/travis/build/icyphy/ptII/ptolemy/actor/lib/test/auto/arrayType19.xml
2 ms. Memory: 814080K Free: 591360K (73%)
----------------- Invoking toplevel() on ptolemy.moml.MoMLSimpleApplication@4a2906f6
----------------- Done invoking toplevel() on ptolemy.moml.MoMLSimpleApplication@4a2906f6
reloadAllAccessors: .arrayType19

===========================================================================================
----------------- testing Fri Jul 12 05:03:35 UTC 2019 /home/travis/build/icyphy/ptII/ptolemy/actor/lib/test/auto/arrayType2.xml
----------------- Instantiating /home/travis/build/icyphy/ptII/ptolemy/actor/lib/test/auto/arrayType2.xml
1 ms. Memory: 814080K Free: 585711K (72%)
----------------- Invoking toplevel() on ptolemy.moml.MoMLSimpleApplication@4290f7b7
----------------- Done invoking toplevel() on ptolemy.moml.MoMLSimpleApplication@4290f7b7
reloadAllAccessors: .arrayType2

===========================================================================================
----------------- testing Fri Jul 12 05:03:35 UTC 2019 /home/travis/build/icyphy/ptII/ptolemy/actor/lib/test/auto/arrayType20.xml
----------------- Instantiating /home/travis/build/icyphy/ptII/ptolemy/actor/lib/test/auto/arrayType20.xml
2 ms. Memory: 814080K Free: 581120K (71%)
----------------- Invoking toplevel() on ptolemy.moml.MoMLSimpleApplication@171ba20
----------------- Done invoking toplevel() on ptolemy.moml.MoMLSimpleApplication@171ba20
reloadAllAccessors: .arrayType20

===========================================================================================
----------------- testing Fri Jul 12 05:03:35 UTC 2019 /home/travis/build/icyphy/ptII/ptolemy/actor/lib/test/auto/arrayType21.xml
----------------- Instantiating /home/travis/build/icyphy/ptII/ptolemy/actor/lib/test/auto/arrayType21.xml
2 ms. Memory: 814080K Free: 576000K (71%)
----------------- Invoking toplevel() on ptolemy.moml.MoMLSimpleApplication@323afd9e
----------------- Done invoking toplevel() on ptolemy.moml.MoMLSimpleApplication@323afd9e
reloadAllAccessors: .arrayType21

===========================================================================================
----------------- testing Fri Jul 12 05:03:35 UTC 2019 /home/travis/build/icyphy/ptII/ptolemy/actor/lib/test/auto/arrayType22.xml
----------------- Instantiating /home/travis/build/icyphy/ptII/ptolemy/actor/lib/test/auto/arrayType22.xml
1 ms. Memory: 814080K Free: 571390K (70%)
----------------- Invoking toplevel() on ptolemy.moml.MoMLSimpleApplication@361066ed
----------------- Done invoking toplevel() on ptolemy.moml.MoMLSimpleApplication@361066ed
reloadAllAccessors: .arrayType22

===========================================================================================
----------------- testing Fri Jul 12 05:03:35 UTC 2019 /home/travis/build/icyphy/ptII/ptolemy/actor/lib/test/auto/arrayType23.xml
----------------- Instantiating /home/travis/build/icyphy/ptII/ptolemy/actor/lib/test/auto/arrayType23.xml
3 ms. Memory: 814080K Free: 566784K (70%)
----------------- Invoking toplevel() on ptolemy.moml.MoMLSimpleApplication@343d9355
----------------- Done invoking toplevel() on ptolemy.moml.MoMLSimpleApplication@343d9355
reloadAllAccessors: .arrayType23

===========================================================================================
----------------- testing Fri Jul 12 05:03:35 UTC 2019 /home/travis/build/icyphy/ptII/ptolemy/actor/lib/test/auto/arrayType24.xml
----------------- Instantiating /home/travis/build/icyphy/ptII/ptolemy/actor/lib/test/auto/arrayType24.xml
2 ms. Memory: 814080K Free: 561664K (69%)
----------------- Invoking toplevel() on ptolemy.moml.MoMLSimpleApplication@5b399813
----------------- Done invoking toplevel() on ptolemy.moml.MoMLSimpleApplication@5b399813
reloadAllAccessors: .arrayType24

===========================================================================================
----------------- testing Fri Jul 12 05:03:35 UTC 2019 /home/travis/build/icyphy/ptII/ptolemy/actor/lib/test/auto/arrayType25.xml
----------------- Instantiating /home/travis/build/icyphy/ptII/ptolemy/actor/lib/test/auto/arrayType25.xml
2 ms. Memory: 814080K Free: 556544K (68%)
----------------- Invoking toplevel() on ptolemy.moml.MoMLSimpleApplication@726e4755
----------------- Done invoking toplevel() on ptolemy.moml.MoMLSimpleApplication@726e4755
reloadAllAccessors: .arrayType25

===========================================================================================
----------------- testing Fri Jul 12 05:03:35 UTC 2019 /home/travis/build/icyphy/ptII/ptolemy/actor/lib/test/auto/arrayType26.xml
----------------- Instantiating /home/travis/build/icyphy/ptII/ptolemy/actor/lib/test/auto/arrayType26.xml
1 ms. Memory: 814080K Free: 550910K (68%)
----------------- Invoking toplevel() on ptolemy.moml.MoMLSimpleApplication@4d1a1bc5
----------------- Done invoking toplevel() on ptolemy.moml.MoMLSimpleApplication@4d1a1bc5
reloadAllAccessors: .arrayType26

===========================================================================================
----------------- testing Fri Jul 12 05:03:35 UTC 2019 /home/travis/build/icyphy/ptII/ptolemy/actor/lib/test/auto/arrayType27.xml
----------------- Instantiating /home/travis/build/icyphy/ptII/ptolemy/actor/lib/test/auto/arrayType27.xml
2 ms. Memory: 814080K Free: 545790K (67%)
----------------- Invoking toplevel() on ptolemy.moml.MoMLSimpleApplication@9a0eb07
----------------- Done invoking toplevel() on ptolemy.moml.MoMLSimpleApplication@9a0eb07
reloadAllAccessors: .arrayType27

===========================================================================================
----------------- testing Fri Jul 12 05:03:35 UTC 2019 /home/travis/build/icyphy/ptII/ptolemy/actor/lib/test/auto/arrayType28.xml
----------------- Instantiating /home/travis/build/icyphy/ptII/ptolemy/actor/lib/test/auto/arrayType28.xml
2 ms. Memory: 814080K Free: 540670K (66%)
----------------- Invoking toplevel() on ptolemy.moml.MoMLSimpleApplication@60c598f9
----------------- Done invoking toplevel() on ptolemy.moml.MoMLSimpleApplication@60c598f9
reloadAllAccessors: .arrayType28

===========================================================================================
----------------- testing Fri Jul 12 05:03:35 UTC 2019 /home/travis/build/icyphy/ptII/ptolemy/actor/lib/test/auto/arrayType3.xml
----------------- Instantiating /home/travis/build/icyphy/ptII/ptolemy/actor/lib/test/auto/arrayType3.xml
8 ms. Memory: 814080K Free: 535040K (66%)
----------------- Invoking toplevel() on ptolemy.moml.MoMLSimpleApplication@3bf5ac7a
----------------- Done invoking toplevel() on ptolemy.moml.MoMLSimpleApplication@3bf5ac7a
reloadAllAccessors: .arrayType3

===========================================================================================
----------------- testing Fri Jul 12 05:03:35 UTC 2019 /home/travis/build/icyphy/ptII/ptolemy/actor/lib/test/auto/arrayType4.xml
----------------- Instantiating /home/travis/build/icyphy/ptII/ptolemy/actor/lib/test/auto/arrayType4.xml
2 ms. Memory: 814080K Free: 529920K (65%)
----------------- Invoking toplevel() on ptolemy.moml.MoMLSimpleApplication@3fa10689
----------------- Done invoking toplevel() on ptolemy.moml.MoMLSimpleApplication@3fa10689
reloadAllAccessors: .arrayType4

===========================================================================================
----------------- testing Fri Jul 12 05:03:35 UTC 2019 /home/travis/build/icyphy/ptII/ptolemy/actor/lib/test/auto/arrayType5.xml
----------------- Instantiating /home/travis/build/icyphy/ptII/ptolemy/actor/lib/test/auto/arrayType5.xml
1 ms. Memory: 814080K Free: 524286K (64%)
----------------- Invoking toplevel() on ptolemy.moml.MoMLSimpleApplication@f1cccac
----------------- Done invoking toplevel() on ptolemy.moml.MoMLSimpleApplication@f1cccac
reloadAllAccessors: .arrayType5

===========================================================================================
----------------- testing Fri Jul 12 05:03:35 UTC 2019 /home/travis/build/icyphy/ptII/ptolemy/actor/lib/test/auto/arrayType6.xml
----------------- Instantiating /home/travis/build/icyphy/ptII/ptolemy/actor/lib/test/auto/arrayType6.xml
1 ms. Memory: 814080K Free: 519680K (64%)
----------------- Invoking toplevel() on ptolemy.moml.MoMLSimpleApplication@f769979
----------------- Done invoking toplevel() on ptolemy.moml.MoMLSimpleApplication@f769979
reloadAllAccessors: .arrayType6

===========================================================================================
----------------- testing Fri Jul 12 05:03:35 UTC 2019 /home/travis/build/icyphy/ptII/ptolemy/actor/lib/test/auto/arrayType7.xml
----------------- Instantiating /home/travis/build/icyphy/ptII/ptolemy/actor/lib/test/auto/arrayType7.xml
2 ms. Memory: 814080K Free: 515070K (63%)
----------------- Invoking toplevel() on ptolemy.moml.MoMLSimpleApplication@4033f7e4
----------------- Done invoking toplevel() on ptolemy.moml.MoMLSimpleApplication@4033f7e4
reloadAllAccessors: .arrayType7

===========================================================================================
----------------- testing Fri Jul 12 05:03:35 UTC 2019 /home/travis/build/icyphy/ptII/ptolemy/actor/lib/test/auto/arrayType8.xml
----------------- Instantiating /home/travis/build/icyphy/ptII/ptolemy/actor/lib/test/auto/arrayType8.xml
7 ms. Memory: 814080K Free: 509950K (63%)
----------------- Invoking toplevel() on ptolemy.moml.MoMLSimpleApplication@6f76bfeb
----------------- Done invoking toplevel() on ptolemy.moml.MoMLSimpleApplication@6f76bfeb
reloadAllAccessors: .arrayType8

===========================================================================================
----------------- testing Fri Jul 12 05:03:35 UTC 2019 /home/travis/build/icyphy/ptII/ptolemy/actor/lib/test/auto/arrayType9.xml
----------------- Instantiating /home/travis/build/icyphy/ptII/ptolemy/actor/lib/test/auto/arrayType9.xml
2 ms. Memory: 814080K Free: 505344K (62%)
----------------- Invoking toplevel() on ptolemy.moml.MoMLSimpleApplication@752807f9
----------------- Done invoking toplevel() on ptolemy.moml.MoMLSimpleApplication@752807f9
reloadAllAccessors: .arrayType9

===========================================================================================
----------------- testing Fri Jul 12 05:03:35 UTC 2019 /home/travis/build/icyphy/ptII/ptolemy/actor/lib/test/auto/cast.xml
----------------- Instantiating /home/travis/build/icyphy/ptII/ptolemy/actor/lib/test/auto/cast.xml
2 ms. Memory: 814080K Free: 500224K (61%)
----------------- Invoking toplevel() on ptolemy.moml.MoMLSimpleApplication@5e7c0b67
----------------- Done invoking toplevel() on ptolemy.moml.MoMLSimpleApplication@5e7c0b67
reloadAllAccessors: .cast

===========================================================================================
----------------- testing Fri Jul 12 05:03:35 UTC 2019 /home/travis/build/icyphy/ptII/ptolemy/actor/lib/test/auto/compositeMultiPort.xml
----------------- Instantiating /home/travis/build/icyphy/ptII/ptolemy/actor/lib/test/auto/compositeMultiPort.xml
3 ms. Memory: 814080K Free: 491511K (60%)
----------------- Invoking toplevel() on ptolemy.moml.MoMLSimpleApplication@6afa1688
----------------- Done invoking toplevel() on ptolemy.moml.MoMLSimpleApplication@6afa1688
reloadAllAccessors: .compositeMultiPort

===========================================================================================
----------------- testing Fri Jul 12 05:03:35 UTC 2019 /home/travis/build/icyphy/ptII/ptolemy/actor/lib/test/auto/expressionCastInference.xml
----------------- Instantiating /home/travis/build/icyphy/ptII/ptolemy/actor/lib/test/auto/expressionCastInference.xml
2 ms. Memory: 814080K Free: 486398K (60%)
----------------- Invoking toplevel() on ptolemy.moml.MoMLSimpleApplication@39af8fc2
----------------- Done invoking toplevel() on ptolemy.moml.MoMLSimpleApplication@39af8fc2
reloadAllAccessors: .expressionCastInference

===========================================================================================
----------------- testing Fri Jul 12 05:03:35 UTC 2019 /home/travis/build/icyphy/ptII/ptolemy/actor/lib/test/auto/expressionCastInference2.xml
----------------- Instantiating /home/travis/build/icyphy/ptII/ptolemy/actor/lib/test/auto/expressionCastInference2.xml
3 ms. Memory: 814080K Free: 481792K (59%)
----------------- Invoking toplevel() on ptolemy.moml.MoMLSimpleApplication@72ab63b2
----------------- Done invoking toplevel() on ptolemy.moml.MoMLSimpleApplication@72ab63b2
reloadAllAccessors: .expressionCastInference2

===========================================================================================
----------------- testing Fri Jul 12 05:03:35 UTC 2019 /home/travis/build/icyphy/ptII/ptolemy/actor/lib/test/auto/expressionInference.xml
----------------- Instantiating /home/travis/build/icyphy/ptII/ptolemy/actor/lib/test/auto/expressionInference.xml
2 ms. Memory: 814080K Free: 477182K (59%)
----------------- Invoking toplevel() on ptolemy.moml.MoMLSimpleApplication@c8ee901
----------------- Done invoking toplevel() on ptolemy.moml.MoMLSimpleApplication@c8ee901
reloadAllAccessors: .expressionInference

===========================================================================================
----------------- testing Fri Jul 12 05:03:35 UTC 2019 /home/travis/build/icyphy/ptII/ptolemy/actor/lib/test/auto/expression_bug.xml
----------------- Instantiating /home/travis/build/icyphy/ptII/ptolemy/actor/lib/test/auto/expression_bug.xml
2 ms. Memory: 814080K Free: 473086K (58%)
----------------- Invoking toplevel() on ptolemy.moml.MoMLSimpleApplication@46930c26
----------------- Done invoking toplevel() on ptolemy.moml.MoMLSimpleApplication@46930c26
reloadAllAccessors: .expression_bug

===========================================================================================
----------------- testing Fri Jul 12 05:03:35 UTC 2019 /home/travis/build/icyphy/ptII/ptolemy/actor/lib/test/auto/factorial.xml
----------------- Instantiating /home/travis/build/icyphy/ptII/ptolemy/actor/lib/test/auto/factorial.xml
31 ms. Memory: 814080K Free: 464894K (57%)
----------------- Invoking toplevel() on ptolemy.moml.MoMLSimpleApplication@5623ddeb
----------------- Done invoking toplevel() on ptolemy.moml.MoMLSimpleApplication@5623ddeb
reloadAllAccessors: .factorial

===========================================================================================
----------------- testing Fri Jul 12 05:03:35 UTC 2019 /home/travis/build/icyphy/ptII/ptolemy/actor/lib/test/auto/filterTest1.xml
----------------- Instantiating /home/travis/build/icyphy/ptII/ptolemy/actor/lib/test/auto/filterTest1.xml
3 ms. Memory: 814080K Free: 458735K (56%)
----------------- Invoking toplevel() on ptolemy.moml.MoMLSimpleApplication@400ab860
----------------- Done invoking toplevel() on ptolemy.moml.MoMLSimpleApplication@400ab860
reloadAllAccessors: .filterTest1

===========================================================================================
----------------- testing Fri Jul 12 05:03:35 UTC 2019 /home/travis/build/icyphy/ptII/ptolemy/actor/lib/test/auto/funcApplyInConst.xml
----------------- Instantiating /home/travis/build/icyphy/ptII/ptolemy/actor/lib/test/auto/funcApplyInConst.xml
1 ms. Memory: 814080K Free: 455168K (56%)
----------------- Invoking toplevel() on ptolemy.moml.MoMLSimpleApplication@11909705
----------------- Done invoking toplevel() on ptolemy.moml.MoMLSimpleApplication@11909705
reloadAllAccessors: .funcApplyInConst

===========================================================================================
----------------- testing Fri Jul 12 05:03:35 UTC 2019 /home/travis/build/icyphy/ptII/ptolemy/actor/lib/test/auto/funcApplyInExpr.xml
----------------- Instantiating /home/travis/build/icyphy/ptII/ptolemy/actor/lib/test/auto/funcApplyInExpr.xml
1 ms. Memory: 814080K Free: 451072K (55%)
----------------- Invoking toplevel() on ptolemy.moml.MoMLSimpleApplication@4a833111
----------------- Done invoking toplevel() on ptolemy.moml.MoMLSimpleApplication@4a833111
reloadAllAccessors: .funcApplyInExpr

===========================================================================================
----------------- testing Fri Jul 12 05:03:35 UTC 2019 /home/travis/build/icyphy/ptII/ptolemy/actor/lib/test/auto/function.xml
----------------- Instantiating /home/travis/build/icyphy/ptII/ptolemy/actor/lib/test/auto/function.xml
2 ms. Memory: 814080K Free: 446462K (55%)
----------------- Invoking toplevel() on ptolemy.moml.MoMLSimpleApplication@d6b70d4
----------------- Done invoking toplevel() on ptolemy.moml.MoMLSimpleApplication@d6b70d4
reloadAllAccessors: .function

===========================================================================================
----------------- testing Fri Jul 12 05:03:35 UTC 2019 /home/travis/build/icyphy/ptII/ptolemy/actor/lib/test/auto/function2.xml
----------------- Instantiating /home/travis/build/icyphy/ptII/ptolemy/actor/lib/test/auto/function2.xml
2 ms. Memory: 814080K Free: 441342K (54%)
----------------- Invoking toplevel() on ptolemy.moml.MoMLSimpleApplication@71c49a75
----------------- Done invoking toplevel() on ptolemy.moml.MoMLSimpleApplication@71c49a75
reloadAllAccessors: .function2

===========================================================================================
----------------- testing Fri Jul 12 05:03:35 UTC 2019 /home/travis/build/icyphy/ptII/ptolemy/actor/lib/test/auto/function3.xml
----------------- Instantiating /home/travis/build/icyphy/ptII/ptolemy/actor/lib/test/auto/function3.xml
2 ms. Memory: 814080K Free: 437760K (54%)
----------------- Invoking toplevel() on ptolemy.moml.MoMLSimpleApplication@1d245782
----------------- Done invoking toplevel() on ptolemy.moml.MoMLSimpleApplication@1d245782
reloadAllAccessors: .function3

===========================================================================================
----------------- testing Fri Jul 12 05:03:35 UTC 2019 /home/travis/build/icyphy/ptII/ptolemy/actor/lib/test/auto/functionClosureTest1.xml
----------------- Instantiating /home/travis/build/icyphy/ptII/ptolemy/actor/lib/test/auto/functionClosureTest1.xml
2 ms. Memory: 814080K Free: 431616K (53%)
----------------- Invoking toplevel() on ptolemy.moml.MoMLSimpleApplication@418ee07
----------------- Done invoking toplevel() on ptolemy.moml.MoMLSimpleApplication@418ee07
reloadAllAccessors: .functionClosureTest1

===========================================================================================
----------------- testing Fri Jul 12 05:03:35 UTC 2019 /home/travis/build/icyphy/ptII/ptolemy/actor/lib/test/auto/functionClosureTest2.xml
----------------- Instantiating /home/travis/build/icyphy/ptII/ptolemy/actor/lib/test/auto/functionClosureTest2.xml
1 ms. Memory: 814080K Free: 428030K (53%)
----------------- Invoking toplevel() on ptolemy.moml.MoMLSimpleApplication@36d1d3ec
----------------- Done invoking toplevel() on ptolemy.moml.MoMLSimpleApplication@36d1d3ec
reloadAllAccessors: .functionClosureTest2

===========================================================================================
----------------- testing Fri Jul 12 05:03:35 UTC 2019 /home/travis/build/icyphy/ptII/ptolemy/actor/lib/test/auto/functionClosureTest3.xml
----------------- Instantiating /home/travis/build/icyphy/ptII/ptolemy/actor/lib/test/auto/functionClosureTest3.xml
2 ms. Memory: 814080K Free: 422400K (52%)
----------------- Invoking toplevel() on ptolemy.moml.MoMLSimpleApplication@21370e48
----------------- Done invoking toplevel() on ptolemy.moml.MoMLSimpleApplication@21370e48
reloadAllAccessors: .functionClosureTest3

===========================================================================================
----------------- testing Fri Jul 12 05:03:35 UTC 2019 /home/travis/build/icyphy/ptII/ptolemy/actor/lib/test/auto/functionClosureTest4.xml
----------------- Instantiating /home/travis/build/icyphy/ptII/ptolemy/actor/lib/test/auto/functionClosureTest4.xml
4 ms. Memory: 814080K Free: 416256K (51%)
----------------- Invoking toplevel() on ptolemy.moml.MoMLSimpleApplication@22f26b12
----------------- Done invoking toplevel() on ptolemy.moml.MoMLSimpleApplication@22f26b12
reloadAllAccessors: .functionClosureTest4

===========================================================================================
----------------- testing Fri Jul 12 05:03:35 UTC 2019 /home/travis/build/icyphy/ptII/ptolemy/actor/lib/test/auto/functionClosureTest5.xml
----------------- Instantiating /home/travis/build/icyphy/ptII/ptolemy/actor/lib/test/auto/functionClosureTest5.xml
5 ms. Memory: 814080K Free: 410607K (50%)
----------------- Invoking toplevel() on ptolemy.moml.MoMLSimpleApplication@7c414eef
----------------- Done invoking toplevel() on ptolemy.moml.MoMLSimpleApplication@7c414eef
reloadAllAccessors: .functionClosureTest5

===========================================================================================
----------------- testing Fri Jul 12 05:03:35 UTC 2019 /home/travis/build/icyphy/ptII/ptolemy/actor/lib/test/auto/functionClosureTest6.xml
----------------- Instantiating /home/travis/build/icyphy/ptII/ptolemy/actor/lib/test/auto/functionClosureTest6.xml
2 ms. Memory: 814080K Free: 406016K (50%)
----------------- Invoking toplevel() on ptolemy.moml.MoMLSimpleApplication@4b5cd110
----------------- Done invoking toplevel() on ptolemy.moml.MoMLSimpleApplication@4b5cd110
reloadAllAccessors: .functionClosureTest6

===========================================================================================
----------------- testing Fri Jul 12 05:03:35 UTC 2019 /home/travis/build/icyphy/ptII/ptolemy/actor/lib/test/auto/functionsOnArcs.xml
----------------- Instantiating /home/travis/build/icyphy/ptII/ptolemy/actor/lib/test/auto/functionsOnArcs.xml
2 ms. Memory: 814080K Free: 400382K (49%)
----------------- Invoking toplevel() on ptolemy.moml.MoMLSimpleApplication@34571825
----------------- Done invoking toplevel() on ptolemy.moml.MoMLSimpleApplication@34571825
reloadAllAccessors: .functionsOnArcs

===========================================================================================
----------------- testing Fri Jul 12 05:03:35 UTC 2019 /home/travis/build/icyphy/ptII/ptolemy/actor/lib/test/auto/functionsOnArcsHOF.xml
----------------- Instantiating /home/travis/build/icyphy/ptII/ptolemy/actor/lib/test/auto/functionsOnArcsHOF.xml
4 ms. Memory: 814080K Free: 394752K (48%)
----------------- Invoking toplevel() on ptolemy.moml.MoMLSimpleApplication@1bb54c63
----------------- Done invoking toplevel() on ptolemy.moml.MoMLSimpleApplication@1bb54c63
reloadAllAccessors: .functionsOnArcsHOF

===========================================================================================
----------------- testing Fri Jul 12 05:03:35 UTC 2019 /home/travis/build/icyphy/ptII/ptolemy/actor/lib/test/auto/logic.xml
----------------- Instantiating /home/travis/build/icyphy/ptII/ptolemy/actor/lib/test/auto/logic.xml
2 ms. Memory: 814080K Free: 387584K (48%)
----------------- Invoking toplevel() on ptolemy.moml.MoMLSimpleApplication@5cbcfc8f
----------------- Done invoking toplevel() on ptolemy.moml.MoMLSimpleApplication@5cbcfc8f
reloadAllAccessors: .logic

===========================================================================================
----------------- testing Fri Jul 12 05:03:35 UTC 2019 /home/travis/build/icyphy/ptII/ptolemy/actor/lib/test/auto/matrixType.xml
----------------- Instantiating /home/travis/build/icyphy/ptII/ptolemy/actor/lib/test/auto/matrixType.xml
2 ms. Memory: 814080K Free: 381950K (47%)
----------------- Invoking toplevel() on ptolemy.moml.MoMLSimpleApplication@3baa58f1
----------------- Done invoking toplevel() on ptolemy.moml.MoMLSimpleApplication@3baa58f1
reloadAllAccessors: .matrixType

===========================================================================================
----------------- testing Fri Jul 12 05:03:35 UTC 2019 /home/travis/build/icyphy/ptII/ptolemy/actor/lib/test/auto/matrixType10.xml
----------------- Instantiating /home/travis/build/icyphy/ptII/ptolemy/actor/lib/test/auto/matrixType10.xml
2 ms. Memory: 814080K Free: 377344K (46%)
----------------- Invoking toplevel() on ptolemy.moml.MoMLSimpleApplication@23c839e4
----------------- Done invoking toplevel() on ptolemy.moml.MoMLSimpleApplication@23c839e4
reloadAllAccessors: .matrixType10

===========================================================================================
----------------- testing Fri Jul 12 05:03:35 UTC 2019 /home/travis/build/icyphy/ptII/ptolemy/actor/lib/test/auto/matrixType11.xml
----------------- Instantiating /home/travis/build/icyphy/ptII/ptolemy/actor/lib/test/auto/matrixType11.xml
1 ms. Memory: 814080K Free: 372224K (46%)
----------------- Invoking toplevel() on ptolemy.moml.MoMLSimpleApplication@3ade9601
----------------- Done invoking toplevel() on ptolemy.moml.MoMLSimpleApplication@3ade9601
reloadAllAccessors: .matrixType11

===========================================================================================
----------------- testing Fri Jul 12 05:03:35 UTC 2019 /home/travis/build/icyphy/ptII/ptolemy/actor/lib/test/auto/matrixType12.xml
----------------- Instantiating /home/travis/build/icyphy/ptII/ptolemy/actor/lib/test/auto/matrixType12.xml
2 ms. Memory: 814080K Free: 367614K (45%)
----------------- Invoking toplevel() on ptolemy.moml.MoMLSimpleApplication@1bf7c17
----------------- Done invoking toplevel() on ptolemy.moml.MoMLSimpleApplication@1bf7c17
reloadAllAccessors: .matrixType12

===========================================================================================
----------------- testing Fri Jul 12 05:03:35 UTC 2019 /home/travis/build/icyphy/ptII/ptolemy/actor/lib/test/auto/matrixType13.xml
----------------- Instantiating /home/travis/build/icyphy/ptII/ptolemy/actor/lib/test/auto/matrixType13.xml
1 ms. Memory: 814080K Free: 362494K (45%)
----------------- Invoking toplevel() on ptolemy.moml.MoMLSimpleApplication@70f16052
----------------- Done invoking toplevel() on ptolemy.moml.MoMLSimpleApplication@70f16052
reloadAllAccessors: .matrixType13

===========================================================================================
----------------- testing Fri Jul 12 05:03:36 UTC 2019 /home/travis/build/icyphy/ptII/ptolemy/actor/lib/test/auto/matrixType14.xml
----------------- Instantiating /home/travis/build/icyphy/ptII/ptolemy/actor/lib/test/auto/matrixType14.xml
2 ms. Memory: 814080K Free: 357886K (44%)
----------------- Invoking toplevel() on ptolemy.moml.MoMLSimpleApplication@498c470d
----------------- Done invoking toplevel() on ptolemy.moml.MoMLSimpleApplication@498c470d
reloadAllAccessors: .matrixType14

===========================================================================================
----------------- testing Fri Jul 12 05:03:36 UTC 2019 /home/travis/build/icyphy/ptII/ptolemy/actor/lib/test/auto/matrixType2.xml
----------------- Instantiating /home/travis/build/icyphy/ptII/ptolemy/actor/lib/test/auto/matrixType2.xml
1 ms. Memory: 814080K Free: 352254K (43%)
----------------- Invoking toplevel() on ptolemy.moml.MoMLSimpleApplication@18dd32fe
----------------- Done invoking toplevel() on ptolemy.moml.MoMLSimpleApplication@18dd32fe
reloadAllAccessors: .matrixType2

===========================================================================================
----------------- testing Fri Jul 12 05:03:36 UTC 2019 /home/travis/build/icyphy/ptII/ptolemy/actor/lib/test/auto/matrixType3.xml
----------------- Instantiating /home/travis/build/icyphy/ptII/ptolemy/actor/lib/test/auto/matrixType3.xml
4 ms. Memory: 814080K Free: 347648K (43%)
----------------- Invoking toplevel() on ptolemy.moml.MoMLSimpleApplication@7fbffd75
----------------- Done invoking toplevel() on ptolemy.moml.MoMLSimpleApplication@7fbffd75
reloadAllAccessors: .matrixType3

===========================================================================================
----------------- testing Fri Jul 12 05:03:36 UTC 2019 /home/travis/build/icyphy/ptII/ptolemy/actor/lib/test/auto/matrixType4.xml
----------------- Instantiating /home/travis/build/icyphy/ptII/ptolemy/actor/lib/test/auto/matrixType4.xml
1 ms. Memory: 814080K Free: 342528K (42%)
----------------- Invoking toplevel() on ptolemy.moml.MoMLSimpleApplication@1e1388e
----------------- Done invoking toplevel() on ptolemy.moml.MoMLSimpleApplication@1e1388e
reloadAllAccessors: .matrixType4

===========================================================================================
----------------- testing Fri Jul 12 05:03:36 UTC 2019 /home/travis/build/icyphy/ptII/ptolemy/actor/lib/test/auto/matrixType5.xml
----------------- Instantiating /home/travis/build/icyphy/ptII/ptolemy/actor/lib/test/auto/matrixType5.xml
2 ms. Memory: 814080K Free: 337408K (41%)
----------------- Invoking toplevel() on ptolemy.moml.MoMLSimpleApplication@cb58625
----------------- Done invoking toplevel() on ptolemy.moml.MoMLSimpleApplication@cb58625
reloadAllAccessors: .matrixType5

===========================================================================================
----------------- testing Fri Jul 12 05:03:36 UTC 2019 /home/travis/build/icyphy/ptII/ptolemy/actor/lib/test/auto/matrixType6.xml
----------------- Instantiating /home/travis/build/icyphy/ptII/ptolemy/actor/lib/test/auto/matrixType6.xml
1 ms. Memory: 814080K Free: 332798K (41%)
----------------- Invoking toplevel() on ptolemy.moml.MoMLSimpleApplication@7f7c7932
----------------- Done invoking toplevel() on ptolemy.moml.MoMLSimpleApplication@7f7c7932
reloadAllAccessors: .matrixType6

===========================================================================================
----------------- testing Fri Jul 12 05:03:36 UTC 2019 /home/travis/build/icyphy/ptII/ptolemy/actor/lib/test/auto/matrixType7.xml
----------------- Instantiating /home/travis/build/icyphy/ptII/ptolemy/actor/lib/test/auto/matrixType7.xml
2 ms. Memory: 814080K Free: 327678K (40%)
----------------- Invoking toplevel() on ptolemy.moml.MoMLSimpleApplication@308bff7
----------------- Done invoking toplevel() on ptolemy.moml.MoMLSimpleApplication@308bff7
reloadAllAccessors: .matrixType7

===========================================================================================
----------------- testing Fri Jul 12 05:03:36 UTC 2019 /home/travis/build/icyphy/ptII/ptolemy/actor/lib/test/auto/matrixType8.xml
----------------- Instantiating /home/travis/build/icyphy/ptII/ptolemy/actor/lib/test/auto/matrixType8.xml
1 ms. Memory: 814080K Free: 323072K (40%)
----------------- Invoking toplevel() on ptolemy.moml.MoMLSimpleApplication@21d7b910
----------------- Done invoking toplevel() on ptolemy.moml.MoMLSimpleApplication@21d7b910
reloadAllAccessors: .matrixType8

===========================================================================================
----------------- testing Fri Jul 12 05:03:36 UTC 2019 /home/travis/build/icyphy/ptII/ptolemy/actor/lib/test/auto/matrixType9.xml
----------------- Instantiating /home/travis/build/icyphy/ptII/ptolemy/actor/lib/test/auto/matrixType9.xml
1 ms. Memory: 814080K Free: 317952K (39%)
----------------- Invoking toplevel() on ptolemy.moml.MoMLSimpleApplication@1736aedb
----------------- Done invoking toplevel() on ptolemy.moml.MoMLSimpleApplication@1736aedb
reloadAllAccessors: .matrixType9

===========================================================================================
----------------- testing Fri Jul 12 05:03:36 UTC 2019 /home/travis/build/icyphy/ptII/ptolemy/actor/lib/test/auto/paraFunctest.xml
----------------- Instantiating /home/travis/build/icyphy/ptII/ptolemy/actor/lib/test/auto/paraFunctest.xml
2 ms. Memory: 814080K Free: 313856K (39%)
----------------- Invoking toplevel() on ptolemy.moml.MoMLSimpleApplication@23e5f46c
----------------- Done invoking toplevel() on ptolemy.moml.MoMLSimpleApplication@23e5f46c
reloadAllAccessors: .paraFunctest

===========================================================================================
----------------- testing Fri Jul 12 05:03:36 UTC 2019 /home/travis/build/icyphy/ptII/ptolemy/actor/lib/test/auto/paraFunctest2.xml
----------------- Instantiating /home/travis/build/icyphy/ptII/ptolemy/actor/lib/test/auto/paraFunctest2.xml
1 ms. Memory: 814080K Free: 309246K (38%)
----------------- Invoking toplevel() on ptolemy.moml.MoMLSimpleApplication@49fa6ede
----------------- Done invoking toplevel() on ptolemy.moml.MoMLSimpleApplication@49fa6ede
reloadAllAccessors: .paraFunctest2

===========================================================================================
----------------- testing Fri Jul 12 05:03:36 UTC 2019 /home/travis/build/icyphy/ptII/ptolemy/actor/lib/test/auto/parameterPassing.xml
----------------- Instantiating /home/travis/build/icyphy/ptII/ptolemy/actor/lib/test/auto/parameterPassing.xml
1 ms. Memory: 814080K Free: 305150K (37%)
----------------- Invoking toplevel() on ptolemy.moml.MoMLSimpleApplication@3f09ca6e
----------------- Done invoking toplevel() on ptolemy.moml.MoMLSimpleApplication@3f09ca6e
reloadAllAccessors: .parameterPassing

===========================================================================================
----------------- testing Fri Jul 12 05:03:36 UTC 2019 /home/travis/build/icyphy/ptII/ptolemy/actor/lib/test/auto/record.xml
----------------- Instantiating /home/travis/build/icyphy/ptII/ptolemy/actor/lib/test/auto/record.xml
3 ms. Memory: 814080K Free: 300030K (37%)
----------------- Invoking toplevel() on ptolemy.moml.MoMLSimpleApplication@7e8addfb
----------------- Done invoking toplevel() on ptolemy.moml.MoMLSimpleApplication@7e8addfb
reloadAllAccessors: .record

===========================================================================================
----------------- testing Fri Jul 12 05:03:36 UTC 2019 /home/travis/build/icyphy/ptII/ptolemy/actor/lib/test/auto/sizedarray1.xml
----------------- Instantiating /home/travis/build/icyphy/ptII/ptolemy/actor/lib/test/auto/sizedarray1.xml
1 ms. Memory: 814080K Free: 294910K (36%)
----------------- Invoking toplevel() on ptolemy.moml.MoMLSimpleApplication@415a7c90
----------------- Done invoking toplevel() on ptolemy.moml.MoMLSimpleApplication@415a7c90
reloadAllAccessors: .sizedarray1

===========================================================================================
----------------- testing Fri Jul 12 05:03:36 UTC 2019 /home/travis/build/icyphy/ptII/ptolemy/actor/lib/test/auto/sizedarray2.xml
----------------- Instantiating /home/travis/build/icyphy/ptII/ptolemy/actor/lib/test/auto/sizedarray2.xml
75 ms. Memory: 814080K Free: 759806K (93%)
----------------- Invoking toplevel() on ptolemy.moml.MoMLSimpleApplication@70c25b36
----------------- Done invoking toplevel() on ptolemy.moml.MoMLSimpleApplication@70c25b36
reloadAllAccessors: .sizedarray2

===========================================================================================
----------------- testing Fri Jul 12 05:03:36 UTC 2019 /home/travis/build/icyphy/ptII/ptolemy/actor/lib/test/auto/twoPublishers.xml
----------------- Instantiating /home/travis/build/icyphy/ptII/ptolemy/actor/lib/test/auto/twoPublishers.xml
3 ms. Memory: 814080K Free: 748542K (92%)
----------------- Invoking toplevel() on ptolemy.moml.MoMLSimpleApplication@31f9a0a4
----------------- Done invoking toplevel() on ptolemy.moml.MoMLSimpleApplication@31f9a0a4
reloadAllAccessors: .twoPublishers
AutoTests.java: About to close Vertx.
AutoTests.java: Vertx closed.
]]></system-out>
  <system-err><![CDATA[java.lang.RuntimeException: Execution failed
	at ptolemy.moml.MoMLSimpleApplication$UnloadThread.run(MoMLSimpleApplication.java:402)
Caused by: java.lang.RuntimeException: StringUtilities.exit() was called. Normally, we would exit here because Manager.exitAfterWrapup() was called.  However, because the ptolemy.ptII.exitAfterWrapup property is set, we throw this exception instead.
	at ptolemy.util.StringUtilities.exit(StringUtilities.java:363)
	at ptolemy.actor.Manager.wrapup(Manager.java:1531)
	at ptolemy.actor.Manager.execute(Manager.java:407)
	at ptolemy.actor.Manager.run(Manager.java:1263)
	at ptolemy.actor.Manager$PtolemyRunThread.run(Manager.java:1915)
Warning: '.top.test' is in training mode, set the trainingMode parameter to false before checking in
Warning: '.top.test' is in training mode, set the trainingMode parameter to false before checking in
Warning: '.top.test' is in training mode, set the trainingMode parameter to false before checking in
Warning: '.BooleanSwitch_RegressionTest_WrongTrainingValues.Test' is in training mode, set the trainingMode parameter to false before checking in
Warning: '.BooleanSwitch_RegressionTest_WrongTrainingValues.Test2' is in training mode, set the trainingMode parameter to false before checking in
Warning: '.BooleanSwitch_RegressionTest_WrongTrainingValues.Test2' The test produced 0 tokens.
Warning: '.top.testExceptionHandler' is in training mode, set the trainingMode parameter to false before checking in
java.lang.RuntimeException: Execution failed
	at ptolemy.moml.MoMLSimpleApplication$UnloadThread.run(MoMLSimpleApplication.java:402)
Caused by: ptolemy.kernel.util.IllegalActionException: PublisherPorts cannot be used at the top level, use a Publisher actor instead.
  in .PublisherPortToplevelSubscriber.PublisherPort
	at ptolemy.actor.PublisherPort.preinitialize(PublisherPort.java:403)
	at ptolemy.actor.CompositeActor.preinitialize(CompositeActor.java:1769)
	at ptolemy.actor.Manager.preinitializeAndResolveTypes(Manager.java:1040)
	at ptolemy.actor.Manager.initialize(Manager.java:710)
	at ptolemy.actor.Manager.execute(Manager.java:356)
	at ptolemy.actor.Manager.run(Manager.java:1263)
	at ptolemy.actor.Manager$PtolemyRunThread.run(Manager.java:1915)
java.lang.reflect.InvocationTargetException
	at java.base/jdk.internal.reflect.NativeConstructorAccessorImpl.newInstance0(Native Method)
	at java.base/jdk.internal.reflect.NativeConstructorAccessorImpl.newInstance(NativeConstructorAccessorImpl.java:62)
	at java.base/jdk.internal.reflect.DelegatingConstructorAccessorImpl.newInstance(DelegatingConstructorAccessorImpl.java:45)
	at java.base/java.lang.reflect.Constructor.newInstance(Constructor.java:490)
	at ptolemy.util.test.junit.AutoKnownFailedTests.RunModel(AutoKnownFailedTests.java:105)
	at java.base/jdk.internal.reflect.NativeMethodAccessorImpl.invoke0(Native Method)
	at java.base/jdk.internal.reflect.NativeMethodAccessorImpl.invoke(NativeMethodAccessorImpl.java:62)
	at java.base/jdk.internal.reflect.DelegatingMethodAccessorImpl.invoke(DelegatingMethodAccessorImpl.java:43)
	at java.base/java.lang.reflect.Method.invoke(Method.java:566)
	at org.junit.runners.model.FrameworkMethod$1.runReflectiveCall(FrameworkMethod.java:44)
	at org.junit.internal.runners.model.ReflectiveCallable.run(ReflectiveCallable.java:15)
	at org.junit.runners.model.FrameworkMethod.invokeExplosively(FrameworkMethod.java:41)
	at junitparams.internal.InvokeParameterisedMethod.evaluate(InvokeParameterisedMethod.java:102)
	at org.junit.internal.runners.statements.FailOnTimeout$1.run(FailOnTimeout.java:28)
Caused by: ptolemy.kernel.util.IllegalActionException: PublisherPorts cannot be used at the top level, use a Publisher actor instead.
  in .PublisherPortToplevelSubscriber.PublisherPort
	at ptolemy.actor.PublisherPort.preinitialize(PublisherPort.java:403)
	at ptolemy.actor.CompositeActor.preinitialize(CompositeActor.java:1769)
	at ptolemy.actor.Manager.preinitializeAndResolveTypes(Manager.java:1040)
	at ptolemy.actor.Manager.initialize(Manager.java:710)
	at ptolemy.actor.Manager.execute(Manager.java:356)
	at ptolemy.actor.Manager.run(Manager.java:1263)
	at ptolemy.actor.Manager$PtolemyRunThread.run(Manager.java:1915)
java.lang.RuntimeException: Execution failed
	at ptolemy.moml.MoMLSimpleApplication$UnloadThread.run(MoMLSimpleApplication.java:402)
Caused by: ptolemy.kernel.util.IllegalActionException: SubscriberPorts cannot be used at the top level, use a Subscriber actor instead.
  in .PublisherSubscriberPortToplevel.SubscriberPort
	at ptolemy.actor.SubscriberPort.preinitialize(SubscriberPort.java:328)
	at ptolemy.actor.CompositeActor.preinitialize(CompositeActor.java:1769)
	at ptolemy.actor.Manager.preinitializeAndResolveTypes(Manager.java:1040)
	at ptolemy.actor.Manager.initialize(Manager.java:710)
	at ptolemy.actor.Manager.execute(Manager.java:356)
	at ptolemy.actor.Manager.run(Manager.java:1263)
	at ptolemy.actor.Manager$PtolemyRunThread.run(Manager.java:1915)
java.lang.reflect.InvocationTargetException
	at java.base/jdk.internal.reflect.NativeConstructorAccessorImpl.newInstance0(Native Method)
	at java.base/jdk.internal.reflect.NativeConstructorAccessorImpl.newInstance(NativeConstructorAccessorImpl.java:62)
	at java.base/jdk.internal.reflect.DelegatingConstructorAccessorImpl.newInstance(DelegatingConstructorAccessorImpl.java:45)
	at java.base/java.lang.reflect.Constructor.newInstance(Constructor.java:490)
	at ptolemy.util.test.junit.AutoKnownFailedTests.RunModel(AutoKnownFailedTests.java:105)
	at java.base/jdk.internal.reflect.NativeMethodAccessorImpl.invoke0(Native Method)
	at java.base/jdk.internal.reflect.NativeMethodAccessorImpl.invoke(NativeMethodAccessorImpl.java:62)
	at java.base/jdk.internal.reflect.DelegatingMethodAccessorImpl.invoke(DelegatingMethodAccessorImpl.java:43)
	at java.base/java.lang.reflect.Method.invoke(Method.java:566)
	at org.junit.runners.model.FrameworkMethod$1.runReflectiveCall(FrameworkMethod.java:44)
	at org.junit.internal.runners.model.ReflectiveCallable.run(ReflectiveCallable.java:15)
	at org.junit.runners.model.FrameworkMethod.invokeExplosively(FrameworkMethod.java:41)
	at junitparams.internal.InvokeParameterisedMethod.evaluate(InvokeParameterisedMethod.java:102)
	at org.junit.internal.runners.statements.FailOnTimeout$1.run(FailOnTimeout.java:28)
Caused by: ptolemy.kernel.util.IllegalActionException: SubscriberPorts cannot be used at the top level, use a Subscriber actor instead.
  in .PublisherSubscriberPortToplevel.SubscriberPort
	at ptolemy.actor.SubscriberPort.preinitialize(SubscriberPort.java:328)
	at ptolemy.actor.CompositeActor.preinitialize(CompositeActor.java:1769)
	at ptolemy.actor.Manager.preinitializeAndResolveTypes(Manager.java:1040)
	at ptolemy.actor.Manager.initialize(Manager.java:710)
	at ptolemy.actor.Manager.execute(Manager.java:356)
	at ptolemy.actor.Manager.run(Manager.java:1263)
	at ptolemy.actor.Manager$PtolemyRunThread.run(Manager.java:1915)
java.lang.RuntimeException: Execution failed
	at ptolemy.moml.MoMLSimpleApplication$UnloadThread.run(MoMLSimpleApplication.java:402)
Caused by: ptolemy.kernel.util.IllegalActionException: SubscriptionAggregatorPorts cannot be used at the top level, use a SubscriptionAggregator actor instead.
  in .PublisherSubscriptionAggregatorPort.SubscriptionAggregatorPort
	at ptolemy.actor.SubscriptionAggregatorPort.preinitialize(SubscriptionAggregatorPort.java:353)
	at ptolemy.actor.CompositeActor.preinitialize(CompositeActor.java:1769)
	at ptolemy.actor.Manager.preinitializeAndResolveTypes(Manager.java:1040)
	at ptolemy.actor.Manager.initialize(Manager.java:710)
	at ptolemy.actor.Manager.execute(Manager.java:356)
	at ptolemy.actor.Manager.run(Manager.java:1263)
	at ptolemy.actor.Manager$PtolemyRunThread.run(Manager.java:1915)
java.lang.reflect.InvocationTargetException
	at java.base/jdk.internal.reflect.NativeConstructorAccessorImpl.newInstance0(Native Method)
	at java.base/jdk.internal.reflect.NativeConstructorAccessorImpl.newInstance(NativeConstructorAccessorImpl.java:62)
	at java.base/jdk.internal.reflect.DelegatingConstructorAccessorImpl.newInstance(DelegatingConstructorAccessorImpl.java:45)
	at java.base/java.lang.reflect.Constructor.newInstance(Constructor.java:490)
	at ptolemy.util.test.junit.AutoKnownFailedTests.RunModel(AutoKnownFailedTests.java:105)
	at java.base/jdk.internal.reflect.NativeMethodAccessorImpl.invoke0(Native Method)
	at java.base/jdk.internal.reflect.NativeMethodAccessorImpl.invoke(NativeMethodAccessorImpl.java:62)
	at java.base/jdk.internal.reflect.DelegatingMethodAccessorImpl.invoke(DelegatingMethodAccessorImpl.java:43)
	at java.base/java.lang.reflect.Method.invoke(Method.java:566)
	at org.junit.runners.model.FrameworkMethod$1.runReflectiveCall(FrameworkMethod.java:44)
	at org.junit.internal.runners.model.ReflectiveCallable.run(ReflectiveCallable.java:15)
	at org.junit.runners.model.FrameworkMethod.invokeExplosively(FrameworkMethod.java:41)
	at junitparams.internal.InvokeParameterisedMethod.evaluate(InvokeParameterisedMethod.java:102)
	at org.junit.internal.runners.statements.FailOnTimeout$1.run(FailOnTimeout.java:28)
Caused by: ptolemy.kernel.util.IllegalActionException: SubscriptionAggregatorPorts cannot be used at the top level, use a SubscriptionAggregator actor instead.
  in .PublisherSubscriptionAggregatorPort.SubscriptionAggregatorPort
	at ptolemy.actor.SubscriptionAggregatorPort.preinitialize(SubscriptionAggregatorPort.java:353)
	at ptolemy.actor.CompositeActor.preinitialize(CompositeActor.java:1769)
	at ptolemy.actor.Manager.preinitializeAndResolveTypes(Manager.java:1040)
	at ptolemy.actor.Manager.initialize(Manager.java:710)
	at ptolemy.actor.Manager.execute(Manager.java:356)
	at ptolemy.actor.Manager.run(Manager.java:1263)
	at ptolemy.actor.Manager$PtolemyRunThread.run(Manager.java:1915)
java.lang.RuntimeException: Execution failed
	at ptolemy.moml.MoMLSimpleApplication$UnloadThread.run(MoMLSimpleApplication.java:402)
Caused by: ptolemy.kernel.util.IllegalActionException: TypeTest actor has no training data.
  in .sizedarray3.TypeTest
	at ptolemy.actor.lib.TypeTest.initialize(TypeTest.java:250)
	at ptolemy.actor.Director.initialize(Director.java:938)
	at ptolemy.actor.Director.initialize(Director.java:907)
	at ptolemy.actor.sched.StaticSchedulingDirector.initialize(StaticSchedulingDirector.java:159)
	at ptolemy.domains.sdf.kernel.SDFDirector.initialize(SDFDirector.java:544)
	at ptolemy.actor.CompositeActor.initialize(CompositeActor.java:935)
	at ptolemy.actor.Manager.initialize(Manager.java:724)
	at ptolemy.actor.Manager.execute(Manager.java:356)
	at ptolemy.actor.Manager.run(Manager.java:1263)
	at ptolemy.actor.Manager$PtolemyRunThread.run(Manager.java:1915)
java.lang.reflect.InvocationTargetException
	at java.base/jdk.internal.reflect.NativeConstructorAccessorImpl.newInstance0(Native Method)
	at java.base/jdk.internal.reflect.NativeConstructorAccessorImpl.newInstance(NativeConstructorAccessorImpl.java:62)
	at java.base/jdk.internal.reflect.DelegatingConstructorAccessorImpl.newInstance(DelegatingConstructorAccessorImpl.java:45)
	at java.base/java.lang.reflect.Constructor.newInstance(Constructor.java:490)
	at ptolemy.util.test.junit.AutoKnownFailedTests.RunModel(AutoKnownFailedTests.java:105)
	at java.base/jdk.internal.reflect.NativeMethodAccessorImpl.invoke0(Native Method)
	at java.base/jdk.internal.reflect.NativeMethodAccessorImpl.invoke(NativeMethodAccessorImpl.java:62)
	at java.base/jdk.internal.reflect.DelegatingMethodAccessorImpl.invoke(DelegatingMethodAccessorImpl.java:43)
	at java.base/java.lang.reflect.Method.invoke(Method.java:566)
	at org.junit.runners.model.FrameworkMethod$1.runReflectiveCall(FrameworkMethod.java:44)
	at org.junit.internal.runners.model.ReflectiveCallable.run(ReflectiveCallable.java:15)
	at org.junit.runners.model.FrameworkMethod.invokeExplosively(FrameworkMethod.java:41)
	at junitparams.internal.InvokeParameterisedMethod.evaluate(InvokeParameterisedMethod.java:102)
	at org.junit.internal.runners.statements.FailOnTimeout$1.run(FailOnTimeout.java:28)
Caused by: ptolemy.kernel.util.IllegalActionException: TypeTest actor has no training data.
  in .sizedarray3.TypeTest
	at ptolemy.actor.lib.TypeTest.initialize(TypeTest.java:250)
	at ptolemy.actor.Director.initialize(Director.java:938)
	at ptolemy.actor.Director.initialize(Director.java:907)
	at ptolemy.actor.sched.StaticSchedulingDirector.initialize(StaticSchedulingDirector.java:159)
	at ptolemy.domains.sdf.kernel.SDFDirector.initialize(SDFDirector.java:544)
	at ptolemy.actor.CompositeActor.initialize(CompositeActor.java:935)
	at ptolemy.actor.Manager.initialize(Manager.java:724)
	at ptolemy.actor.Manager.execute(Manager.java:356)
	at ptolemy.actor.Manager.run(Manager.java:1263)
	at ptolemy.actor.Manager$PtolemyRunThread.run(Manager.java:1915)
java.lang.RuntimeException: Execution failed
	at ptolemy.moml.MoMLSimpleApplication$UnloadThread.run(MoMLSimpleApplication.java:402)
Caused by: ptolemy.kernel.util.IllegalActionException: Test fails in iteration 0.
Value was: "WARNING: An illegal reflective access operation has occurred\nWARNING: Illegal reflective access by io.netty.util.internal.ReflectionUtil (file:/home/travis/build/icyphy/ptII/lib/netty-common-4.1.19.Final.jar) to constructor java.nio.DirectByteBuffer(long,int)\nWARNING: Please consider reporting this to the maintainers of io.netty.util.internal.ReflectionUtil\nWARNING: Use --illegal-access=warn to enable warnings of further illegal reflective access operations\nWARNING: All illegal access operations will be denied in a future release\n". Should have been: ""
  in .ExecRunDemos.Test
	at ptolemy.actor.lib.Test.fire(Test.java:268)
	at ptolemy.actor.AtomicActor.iterate(AtomicActor.java:512)
	at ptolemy.actor.sched.StaticSchedulingDirector.fire(StaticSchedulingDirector.java:216)
	at ptolemy.domains.sdf.kernel.SDFDirector.fire(SDFDirector.java:500)
	at ptolemy.actor.CompositeActor.fire(CompositeActor.java:455)
	at ptolemy.actor.Manager.iterate(Manager.java:851)
	at ptolemy.actor.Manager.execute(Manager.java:369)
	at ptolemy.actor.Manager.run(Manager.java:1263)
	at ptolemy.actor.Manager$PtolemyRunThread.run(Manager.java:1915)
]]></system-err>
</testsuite>
