<?xml version="1.0" encoding="UTF-8" ?>
<testsuite errors="0" failures="0" hostname="travis-job-03ce8396-f10e-4229-a159-dacf056b7787" name="ptolemy.domains.de.test.junit.JUnitTclTest" skipped="0" tests="101" time="127.81" timestamp="2018-08-30T02:02:43">
  <properties>
    <property name="npm.executable" value="npm" />
    <property name="file.encoding.pkg" value="sun.io" />
    <property name="ptII.mk.exists" value="true" />
    <property name="env.rvm_bin_path" value="/home/travis/.rvm/bin" />
    <property name="java.home" value="/usr/lib/jvm/java-8-oracle/jre" />
    <property name="env.TRAVIS_JOB_NUMBER" value="712.9" />
    <property name="env.DISPLAY" value=":99.0" />
    <property name="java.net.preferIPv4Stack" value="true" />
    <property name="env.TRAVIS_INIT" value="upstart" />
    <property name="env.SSH_TTY" value="/dev/pts/0" />
    <property name="env.RUN_TESTS" value="false" />
    <property name="timeout.short" value="1000000" />
    <property name="env.TRAVIS_STACK_NODE_ATTRIBUTES" value="/.node-attributes.yml" />
    <property name="junit.formatter" value="xml" />
    <property name="java.endorsed.dirs" value="/usr/lib/jvm/java-8-oracle/jre/lib/endorsed" />
    <property name="env.TRAVIS_SUDO" value="true" />
    <property name="env.LOGNAME" value="travis" />
    <property name="jsdoc.home" value="node_modules/@terraswarm/jsdoc" />
    <property name="debuglevel" value="source,lines,vars" />
    <property name="checkstyle.formatter" value="xml" />
    <property name="bin.vergil.makeable" value="true" />
    <property name="env._system_version" value="14.04" />
    <property name="sun.os.patch.level" value="unknown" />
    <property name="java.vendor.url" value="http://java.oracle.com/" />
    <property name="java.version" value="1.8.0_151" />
    <property name="env.TZ" value="UTC" />
    <property name="env.PT_NO_NET" value="true" />
    <property name="env.TRAVIS_PULL_REQUEST_SHA" value="" />
    <property name="env.TRAVIS_SECURE_ENV_VARS" value="true" />
    <property name="env._system_type" value="Linux" />
    <property name="java.vendor.url.bug" value="http://bugreport.sun.com/bugreport/" />
    <property name="env.SSH_CLIENT" value="10.10.4.30 51690 22" />
    <property name="npmjs-org-is-up" value="true" />
    <property name="env.GEM_HOME" value="/home/travis/.rvm/gems/ruby-2.4.1" />
    <property name="env.HAS_ANTARES_THREE_LITTLE_FRONZIES_BADGE" value="true" />
    <property name="env.PS4" value="+" />
    <property name="ant.project.invoked-targets" value="build,test.core2.xml" />
    <property name="env.TRAVIS_PULL_REQUEST_BRANCH" value="" />
    <property name="env.TRAVIS_REPO_SLUG" value="icyphy/ptII" />
    <property name="node.in.path" value="true" />
    <property name="java.maxmemory" value="1400m" />
    <property name="env.RUBY_VERSION" value="ruby-2.4.1" />
    <property name="user.name" value="travis" />
    <property name="env.LANG" value="en_US.UTF-8" />
    <property name="sun.io.unicode.encoding" value="UnicodeLittle" />
    <property name="sun.jnu.encoding" value="UTF-8" />
    <property name="java.runtime.name" value="Java(TM) SE Runtime Environment" />
    <property name="usefile" value="false" />
    <property name="return.code" value="0" />
    <property name="junit.single.formatter" value="plain" />
    <property name="env.DYLD_LIBRARY_PATH" value="/home/travis/pthla/certi-tools/lib:" />
    <property name="env.DEBIAN_FRONTEND" value="noninteractive" />
    <property name="env.SSH_CONNECTION" value="10.10.4.30 51690 10.20.1.50 22" />
    <property name="env.MYSQL_UNIX_PORT" value="/var/run/mysqld/mysqld.sock" />
    <property name="env.TRAVIS_ALLOW_FAILURE" value="false" />
    <property name="env.LC_ALL" value="en_US.UTF-8" />
    <property name="java.specification.name" value="Java Platform API Specification" />
    <property name="node.works" value="true" />
    <property name="user.timezone" value="" />
    <property name="path.separator" value=":" />
    <property name="env.PYTHON_CFLAGS" value="-g -fstack-protector --param=ssp-buffer-size=4 -Wformat -Werror=format-security" />
    <property name="timeout.long" value="4000000" />
    <property name="env.CERTI_HOME" value="/home/travis/pthla/certi-tools" />
    <property name="file.encoding" value="UTF-8" />
    <property name="ant.file.ptII" value="/home/travis/build/icyphy/ptII/build.xml" />
    <property name="javadoc.packagenames" value="com.*,diva.*,lbnl.*,org.hlacerti.*,org.json.*,org.ptolemy.*,org.terraswarm.*,ptolemy.*,ptserver.*" />
    <property name="env.TRAVIS_PULL_REQUEST_SLUG" value="" />
    <property name="ant.project.default-target" value="build" />
    <property name="env.GIT_ASKPASS" value="echo" />
    <property name="env.HOME" value="/home/travis" />
    <property name="sun.java.command" value="org.apache.tools.ant.taskdefs.optional.junit.JUnitTestRunner ptolemy.domains.de.test.junit.JUnitTclTest skipNonTests=false filtertrace=true haltOnError=false haltOnFailure=false formatter=org.apache.tools.ant.taskdefs.optional.junit.OutErrSummaryJUnitResultFormatter showoutput=true outputtoformatters=true logfailedtests=true threadid=0 logtestlistenerevents=false formatter=org.apache.tools.ant.taskdefs.optional.junit.XMLJUnitResultFormatter,/home/travis/build/icyphy/ptII/reports/junit/TEST-ptolemy.domains.de.test.junit.JUnitTclTest.xml crashfile=/home/travis/build/icyphy/ptII/junitvmwatcher3567076502463283402.properties propsfile=/home/travis/build/icyphy/ptII/junit3489803020744297186.properties" />
    <property name="env.MANPATH" value="/home/travis/.nvm/versions/node/v7.10.1/share/man:/home/travis/.kiex/elixirs/elixir-1.4.5/man:/home/travis/.rvm/rubies/ruby-2.4.1/share/man:/usr/local/man:/usr/local/cmake-3.9.2/man:/usr/local/clang-5.0.0/share/man:/usr/local/share/man:/usr/share/man:/home/travis/.rvm/man" />
    <property name="env.COMPOSER_NO_INTERACTION" value="1" />
    <property name="env.JDK_SWITCHER_DEFAULT" value="oraclejdk8" />
    <property name="ant.file" value="/home/travis/build/icyphy/ptII/build.xml" />
    <property name="env.TRAVIS_COMMIT_RANGE" value="0cf022ad24b2272dc9a802466af2a6a9926137bb...31232951153ad479e847436f4fe044bd067f5f2a" />
    <property name="env._system_name" value="Ubuntu" />
    <property name="timeout" value="2400000" />
    <property name="ptII.classpath.optional.property" value="/home/travis/build/icyphy/ptII/lib/bsh-2.0b4.jar:/home/travis/build/icyphy/ptII/lib/ptCal.jar:/home/travis/build/icyphy/ptII/lib/java_cup.jar:/home/travis/build/icyphy/ptII/lib/saxon8.jar:/home/travis/build/icyphy/ptII/lib/saxon8-dom.jar:/home/travis/build/icyphy/ptII/lib/chic.jar:/home/travis/build/icyphy/ptII/lib/ptcolt.jar:/usr/lib/jvm/java-8-oracle/lib/tools.jar:/usr/lib/eclipse/plugins/org.eclipse.jdt.core_3.8.2.dist.jar:/usr/lib/eclipse/plugins/org.eclipse.core.runtime_3.8.0.dist.jar:/usr/lib/eclipse/plugins/org.eclipse.osgi_3.8.1.dist.jar:/usr/lib/eclipse/plugins/org.eclipse.core.resources_3.8.1.dist.jar:/usr/lib/eclipse/plugins/org.eclipse.equinox.common_3.6.100.dist.jar:/usr/lib/eclipse/plugins/org.eclipse.core.jobs_3.5.200.dist.jar:/usr/lib/eclipse/plugins/org.eclipse.core.contenttype_3.4.200.dist.jar:/usr/lib/eclipse/plugins/org.eclipse.equinox.preferences_3.5.0.dist.jar:/usr/lib/eclipse/plugins/org.eclipse.text_3.5.200.dist.jar:/usr/lib/eclipse/plugins/org.eclipse.ui.workbench_3.8.1.dist.jar:/usr/lib/eclipse/plugins/org.eclipse.jface_3.8.0.dist.jar:/usr/lib/eclipse/plugins/org.eclipse.swt_3.8.2.jar:/usr/lib/eclipse/plugins/org.eclipse.jface.text_3.8.1.dist.jar:/usr/lib/eclipse/plugins/org.eclipse.ui.workbench.texteditor_3.8.0.dist.jar:/usr/lib/eclipse/plugins/org.eclipse.ui.editors_3.8.0.dist.jar:/usr/lib/eclipse/plugins/org.eclipse.core.commands_3.6.1.dist.jar:/usr/lib/eclipse/plugins/org.eclipse.equinox.registry_3.5.200.dist.jar:/usr/lib/eclipse/plugins/org.eclipse.ui.console_3.5.100.dist.jar:/usr/lib/eclipse/plugins/org.eclipse.ui.forms_3.5.200.dist.jar:/usr/lib/eclipse/plugins/org.eclipse.ui.ide_3.8.1.dist.jar:/home/travis/build/icyphy/ptII/vendors/oracle/dbxml.jar:/home/travis/build/icyphy/ptII/vendors/oracle/db.jar:/home/travis/build/icyphy/ptII/vendors/misc/itext/iText.jar:/home/travis/build/icyphy/ptII/lib/g4ltl.jar:/home/travis/build/icyphy/ptII/lib/StructuralCoder.jar:/home/travis/build/icyphy/ptII/lib/org-openide-util.jar:/home/travis/build/icyphy/ptII/lib/org-openide-util-lookup.jar:/home/travis/build/icyphy/ptII/lib/org-netbeans-api-visual.jar:/home/travis/build/icyphy/ptII/vendors/jai-1_1_2_01/lib/jai_core.jar:/home/travis/build/icyphy/ptII/vendors/jai-1_1_2_01/lib/jai_codec.jar:/home/travis/build/icyphy/ptII/lib/jcerti.jar:/home/travis/build/icyphy/ptII/lib/smack.jar:/home/travis/build/icyphy/ptII/lib/smackx.jar:/home/travis/build/icyphy/ptII/lib/jetty-all-8.1.5-v20120716.jar:/home/travis/build/icyphy/ptII/lib/javax.servlet-api-3.0.1.jar:/home/travis/build/icyphy/ptII/lib/javax.mail.jar:/home/travis/build/icyphy/ptII/vendors/JMF-2.1.1e/lib/jmf.jar:/home/travis/build/icyphy/ptII/lib/jna-4.0.0-variadic.jar:/home/travis/build/icyphy/ptII/vendors/misc/joystick/Joystick.jar:/home/travis/build/icyphy/ptII/lib/ptjacl.jar:/home/travis/build/icyphy/ptII/lib/jsoup-1.8.2.jar:/home/travis/build/icyphy/ptII/lib/junit-4.8.2.jar:/home/travis/build/icyphy/ptII/lib/JUnitParams-0.4.0.jar:/home/travis/build/icyphy/ptII/ptolemy/actor/lib/excel/jxl.jar:/home/travis/build/icyphy/ptII/lib/jython.jar:/home/travis/build/icyphy/ptII/lib/kieler.jar:/home/travis/build/icyphy/ptII/vendors/opencv/share/OpenCV/java/opencv-341.jar:/home/travis/build/icyphy/ptII/lib/oscP5.jar:/home/travis/build/icyphy/ptII/lib/nrjavaserial-3.11.0.devel.jar:/home/travis/build/icyphy/ptII/vendors/j3d/lib/j3dcore.jar:/home/travis/build/icyphy/ptII/vendors/j3d/lib/j3dutils.jar:/home/travis/build/icyphy/ptII/vendors/j3d/lib/vecmath.jar:/home/travis/build/icyphy/ptII/ptolemy/distributed/jini/jar/jini-core.jar:/home/travis/build/icyphy/ptII/ptolemy/distributed/jini/jar/jini-ext.jar:/home/travis/build/icyphy/ptII/ptolemy/distributed/jini/jar/sun-util.jar:/home/travis/build/icyphy/ptII/lib/protobuf-java-2.4.1.jar:/home/travis/build/icyphy/ptII/lib/org.eclipse.paho.client.mqttv3.jar:/home/travis/build/icyphy/ptII/ptserver/lib/hessian-4.0.7.jar:/home/travis/build/icyphy/ptII/ptserver/lib/wmqtt.jar:/home/travis/build/icyphy/ptII/lib/mapss.jar:/home/travis/build/icyphy/ptII/ptolemy/actor/ptalon/antlr/antlr.jar:/home/travis/build/icyphy/ptII/lib/JRI.jar:/home/travis/build/icyphy/ptII/lib/commons-lang-2.6.jar:/home/travis/build/icyphy/ptII/lib/commons-logging-1.1.1.jar:/home/travis/build/icyphy/ptII/lib/sootclasses.jar:/home/travis/build/icyphy/ptII/ptolemy/actor/lib/database/mysql-connector-java-5.1.6-bin.jar:/home/travis/build/icyphy/ptII/vendors/misc/sphinx4/sphinx4-data-5prealpha.jar:/home/travis/build/icyphy/ptII/vendors/misc/sphinx4/sphinx4-core-5prealpha.jar:/home/travis/build/icyphy/ptII/lib/PDFRenderer.jar:/home/travis/build/icyphy/ptII/lib/svgSalamander.jar:/home/travis/build/icyphy/ptII/lib/rsyntaxtextarea-2.6.0-SNAPSHOT.jar:/home/travis/build/icyphy/ptII/lib/hazelcast-3.8.2.jar:/home/travis/build/icyphy/ptII/lib/jackson-annotations-2.9.0.jar:/home/travis/build/icyphy/ptII/lib/jackson-core-2.9.3.jar:/home/travis/build/icyphy/ptII/lib/jackson-databind-2.9.3.jar:/home/travis/build/icyphy/ptII/lib/netty-buffer-4.1.19.Final.jar:/home/travis/build/icyphy/ptII/lib/netty-codec-4.1.19.Final.jar:/home/travis/build/icyphy/ptII/lib/netty-codec-dns-4.1.19.Final.jar:/home/travis/build/icyphy/ptII/lib/netty-codec-http-4.1.19.Final.jar:/home/travis/build/icyphy/ptII/lib/netty-codec-http2-4.1.19.Final.jar:/home/travis/build/icyphy/ptII/lib/netty-common-4.1.19.Final.jar:/home/travis/build/icyphy/ptII/lib/netty-handler-4.1.19.Final.jar:/home/travis/build/icyphy/ptII/lib/netty-resolver-4.1.19.Final.jar:/home/travis/build/icyphy/ptII/lib/netty-resolver-dns-4.1.19.Final.jar:/home/travis/build/icyphy/ptII/lib/netty-transport-4.1.19.Final.jar:/home/travis/build/icyphy/ptII/lib/vertx-codegen-3.5.1.jar:/home/travis/build/icyphy/ptII/lib/vertx-core-3.5.2-SNAPSHOT.jar:/home/travis/build/icyphy/ptII/lib/vertx-hazelcast-3.5.1.jar:/home/travis/build/icyphy/ptII/lib/vertx-lang-js-3.5.1.jar:/home/travis/build/icyphy/ptII/lib/vertx-service-proxy-3.5.1.jar:/home/travis/build/icyphy/ptII/lib/vertx-web-3.5.1.jar:/home/travis/build/icyphy/ptII/lib/slf4j-api-1.7.13.jar:/home/travis/build/icyphy/ptII/lib/slf4j-simple-1.7.13.jar:/home/travis/build/icyphy/ptII/lib/webcam-capture-0.3.12.jar:/home/travis/build/icyphy/ptII/lib/bridj-0.7.0.jar:/home/travis/build/icyphy/ptII/lib/xbjlib-1.1.0.nrjavaserial.jar" />
    <property name="test.batch" value="**/junit/*.java" />
    <property name="env._" value="/usr/bin/timeout" />
    <property name="java.io.tmpdir" value="/tmp" />
    <property name="user.language" value="en" />
    <property name="env.HISTCONTROL" value="ignoredups:ignorespace" />
    <property name="env.GOROOT" value="/home/travis/.gimme/versions/go1.7.4.linux.amd64" />
    <property name="line.separator" value="&#xa;" />
    <property name="target" value="1.8" />
    <property name="env.TRAVIS_BUILD_DIR" value="/home/travis/build/icyphy/ptII" />
    <property name="env.ANT_OPTS" value="-Xmx2048m" />
    <property name="ant.file.type" value="file" />
    <property name="ptolemy.ptII.batchMode" value="true" />
    <property name="env.HISTSIZE" value="1000" />
    <property name="env.MERB_ENV" value="test" />
    <property name="java.vm.info" value="mixed mode" />
    <property name="source" value="1.8" />
    <property name="java.vm.specification.name" value="Java Virtual Machine Specification" />
    <property name="env.TRAVIS_TEST_RESULT" value="0" />
    <property name="jsdoc.command" value="node_modules/@terraswarm/jsdoc/jsdoc.js" />
    <property name="npm.works" value="true" />
    <property name="cobertura.dir" value="/home/travis/build/icyphy/ptII/vendors/cobertura-2.0.3" />
    <property name="env.rvm_path" value="/home/travis/.rvm" />
    <property name="env.GEM_PATH" value="/home/travis/.rvm/gems/ruby-2.4.1:/home/travis/.rvm/gems/ruby-2.4.1@global" />
    <property name="env.LC_CTYPE" value="en_US.UTF-8" />
    <property name="java.awt.printerjob" value="sun.print.PSPrinterJob" />
    <property name="env.TRAVIS_STACK_NAME" value="garnet" />
    <property name="ant.version" value="Apache Ant(TM) version 1.10.1 compiled on February 2 2017" />
    <property name="ptII.reports" value="/home/travis/build/icyphy/ptII/reports" />
    <property name="env.TRAVIS_STACK_TIMESTAMP" value="2017-12-05 19:33:09 UTC" />
    <property name="ant.file.type.ptII" value="file" />
    <property name="env.RBENV_SHELL" value="bash" />
    <property name="os.name" value="Linux" />
    <property name="java.specification.vendor" value="Oracle Corporation" />
    <property name="env.rvm_version" value="1.29.3 (latest)" />
    <property name="env.TERM" value="xterm" />
    <property name="java.vm.name" value="Java HotSpot(TM) 64-Bit Server VM" />
    <property name="env.TRAVIS_BUILD_NUMBER" value="712" />
    <property name="env.CI" value="true" />
    <property name="java.library.path" value="/home/travis/pthla/certi-tools/lib:/usr/lib/jni:/usr/local/share/OpenCV/java/:/usr/share/OpenCV/java::/usr/java/packages/lib/amd64:/usr/lib64:/lib64:/lib:/usr/lib" />
    <property name="env.rvm_prefix" value="/home/travis" />
    <property name="env.PATH" value="/home/travis/pthla/certi-tools/share/scripts:/home/travis/.rvm/gems/ruby-2.4.1/bin:/home/travis/.rvm/gems/ruby-2.4.1@global/bin:/home/travis/.rvm/rubies/ruby-2.4.1/bin:/home/travis/.rvm/bin:/home/travis/.nvm/versions/node/v7.10.1/bin:./node_modules/.bin:/home/travis/build/icyphy/ptII/bin:/home/travis/pthla/certi-tools/bin:/home/travis/bin:/home/travis/.local/bin:/opt/pyenv/shims:/home/travis/.phpenv/shims:/home/travis/perl5/perlbrew/bin:/home/travis/.kiex/elixirs/elixir-1.4.5/bin:/home/travis/.kiex/bin:/home/travis/gopath/bin:/home/travis/.gimme/versions/go1.7.4.linux.amd64/bin:/usr/local/phantomjs/bin:/usr/local/phantomjs:/usr/local/neo4j-3.2.7/bin:/usr/local/maven-3.5.2/bin:/usr/local/cmake-3.9.2/bin:/usr/local/clang-5.0.0/bin:/usr/local/sbin:/usr/local/bin:/usr/sbin:/usr/bin:/sbin:/bin:/home/travis/.phpenv/bin:/opt/pyenv/bin:/home/travis/.yarn/bin" />
    <property name="env.TRAVIS_OS_NAME" value="linux" />
    <property name="ant.java.version" value="1.8" />
    <property name="basedir" value="/home/travis/build/icyphy/ptII" />
    <property name="java.class.version" value="52.0" />
    <property name="env.SHLVL" value="3" />
    <property name="env.LD_LIBRARY_PATH" value="/home/travis/pthla/certi-tools/lib:/usr/lib/jni:/usr/local/share/OpenCV/java/:/usr/share/OpenCV/java:" />
    <property name="env.RACK_ENV" value="test" />
    <property name="ant.home" value="/home/travis/build/icyphy/ptII/ant" />
    <property name="env.NVM_DIR" value="/home/travis/.nvm" />
    <property name="env.PERLBREW_BASHRC_VERSION" value="0.80" />
    <property name="env.CERTI_FOM_PATH" value="/home/travis/pthla/certi-tools/share/federations" />
    <property name="env.TRAVIS_BUILD_ID" value="422346815" />
    <property name="env.PYENV_ROOT" value="/opt/pyenv" />
    <property name="env.TRAVIS_UID" value="2000" />
    <property name="env.rvm_pretty_print_flag" value="auto" />
    <property name="env.NVM_BIN" value="/home/travis/.nvm/versions/node/v7.10.1/bin" />
    <property name="env.TRAVIS_COMMIT" value="31232951153ad479e847436f4fe044bd067f5f2a" />
    <property name="env._system_arch" value="x86_64" />
    <property name="node.executable" value="node" />
    <property name="sun.boot.library.path" value="/usr/lib/jvm/java-8-oracle/jre/lib/amd64" />
    <property name="sun.management.compiler" value="HotSpot 64-Bit Tiered Compilers" />
    <property name="env.GOPATH" value="/home/travis/gopath" />
    <property name="java.awt.graphicsenv" value="sun.awt.X11GraphicsEnvironment" />
    <property name="ptolemy.ptII.dir" value="/home/travis/build/icyphy/ptII" />
    <property name="env.USER" value="travis" />
    <property name="env.HISTFILESIZE" value="2000" />
    <property name="timeout.longest" value="19000000" />
    <property name="env.TRAVIS_STACK_FEATURES" value="basic cassandra chromium couchdb disabled-ipv6 docker docker-compose elasticsearch firefox go-toolchain google-chrome jdk memcached mongodb mysql neo4j nodejs_interpreter perl_interpreter perlbrew phantomjs postgresql python_interpreter rabbitmq redis riak ruby_interpreter sqlite xserver" />
    <property name="env.TRAVIS_PULL_REQUEST" value="false" />
    <property name="env.PYENV_SHELL" value="bash" />
    <property name="ant.project.name" value="ptII" />
    <property name="java.vm.specification.version" value="1.8" />
    <property name="env.TRAVIS_DIST" value="trusty" />
    <property name="env.CERTI_VERSION" value="4.0.0" />
    <property name="env.NLSPATH" value="/usr/dt/lib/nls/msg/%L/%N.cat" />
    <property name="awt.toolkit" value="sun.awt.X11.XToolkit" />
    <property name="env.CERTI_HOST" value="localhost" />
    <property name="env.MY_RUBY_HOME" value="/home/travis/.rvm/rubies/ruby-2.4.1" />
    <property name="sun.cpu.isalist" value="" />
    <property name="java.ext.dirs" value="/usr/lib/jvm/java-8-oracle/jre/lib/ext:/usr/java/packages/lib/ext" />
    <property name="os.version" value="4.4.0-101-generic" />
    <property name="user.home" value="/home/travis" />
    <property name="env.MIX_ARCHIVES" value="/home/travis/.kiex/mix/elixir-1.4.5" />
    <property name="java.vm.vendor" value="Oracle Corporation" />
    <property name="env.TRAVIS_TAG" value="nightly" />
    <property name="env.TRAVIS_FILTERED" value="redirect_io" />
    <property name="env.JAVA_HOME" value="/usr/lib/jvm/java-8-oracle" />
    <property name="env.PTII" value="/home/travis/build/icyphy/ptII" />
    <property name="javadoc.excludepackagenames" value="adm.cvs2svn.*,build.*,config.*,doc.coding.templates.*,jni.test.jni.meaningOfLife.*,jni.test.jni.testDeux.*,jni.test.jni.testTrois.*,org.terraswarm.accessor.accessors.web.node_modules.*,org.terraswarm.accessor.accessors.web.hosts.cordova.demo.*,org.terraswarm.accessor.accessors.web.hosts.cordova.plugins.*,org.terraswarm.accessor.accessors-svn.*,pt-modules.*,ptolemy.apps.agilent.*,ptolemy.apps.anytimecontrol.*,ptolemy.apps.apes.*,ptolemy.apps.charon.*,ptolemy.apps.crazyboard.*,ptolemy.apps.eclipse.*,ptolemy.apps.etherealSting.*,ptolemy.apps.fullscreen.*,ptolemy.apps.giotto.*,ptolemy.apps.ia.*,ptolemy.apps.interfaces.*,ptolemy.apps.jmf.*,ptolemy.apps.kurt.*,ptolemy.apps.kvm.*,ptolemy.apps.lego.*,ptolemy.apps.lejos.*,ptolemy.apps.midp.*,ptolemy.apps.mobileCoding.*,ptolemy.apps.pendulum.*,ptolemy.apps.rijndael.*,ptolemy.apps.robot.*,ptolemy.apps.security.*,ptolemy.apps.sobel.*,ptolemy.apps.soot.*,ptolemy.apps.throttle.*,ptolemy.apps.tini.*,ptolemy.apps.transmission.*,ptolemy.apps.vergil.*,ptolemy.apps.waba.*,ptolemy.apps.websensor.*,ptolemy.apps.webstart.*,ptolemy.apps.xsl.*,ptolemy.apps.zaurus.*,ptolemy.backtrack.eclipse.plugin.*,ptolemy.backtrack.test.*,ptolemy.codegen.c.actor.lib.oldJavaFiles.*,ptolemy.codegen.dsp.lib.*,ptolemy.codegen.kernel.newInterfaces.*,ptolemy.codegen.lib.*,ptolemy.copernicus.kernel.fragment.*,ptolemy.copernicus.shallow.cg.*,ptolemy.domains.giotto.demo.Hierarchy.Hierarchy.*,ptolemy.domains.giotto.demo.Multimode.Multimode.*,ptolemy.domains.giotto.demo.Simple.Simple.*,ptolemy.domains.gr.lib.experimental.*,ptolemy.domains.gro.*,ptolemy.domains.pdf.*,ptolemy.domains.ptinyos.demo.Surge.output.*,ptolemy.moml.test.NoPackageActor.java*,ptolemy.plot.adm.*,ptolemy.plot.servlet.*,reports.*,signed.*,src.*,target.*,vendors.*,ptolemy.cg.adapter.generic.program.procedural.c.mbed*,ptolemy.actor.lib.fmi.fmus.omc*,ptolemy.domains.openmodelica*,ptdb.kernel.bl.save.test.*,ptdb.kernel.bl.load.test.*,ptdb.kernel.bl.search.test.*,ptdb.kernel.bl.migration.test.*,ptdb.kernel.database.test.*,ptdb.test.*,ptdb.gui.test.*,org.ptolemy.scala.*,diva.util.java2d.svg.*,ptolemy.domains.ptinyos.*,ptolemy.actor.lib.fmi.fmipp.*,,org.terraswarm.accessor.accessors.web.node_modules.*,org.terraswarm.accessor.accessors-svn,ptolemy.apps.*,ptolemy.actor.ptalon.demo.ptinyos.SendAndReceiveCnt.output,ptolemy.actor.ptalon.demo.ptinyos.SenseToLeds.output,ptolemy.domains.ptinyos.demo.CntToLedsAndRfm.output,ptolemy.domains.ptinyos.demo.RfmToLeds.output,ptolemy.domains.ptinyos.demo.SendAndReceiveCnt.output,ptolemy.domains.ptinyos.demo.SenseToLeds.output,ptolemy.actor.lib.jjs.modules.udpSocket.*" />
    <property name="env.TRAVIS_COMMIT_MESSAGE" value="Demo tuning" />
    <property name="keystore" value="ptKeystore" />
    <property name="env.XDG_SESSION_ID" value="2" />
    <property name="junit.output.dir" value="/home/travis/build/icyphy/ptII/reports/junit" />
    <property name="npm.return.code" value="0" />
    <property name="user.dir" value="/home/travis/build/icyphy/ptII/ptolemy/domains/de/test" />
    <property name="env.TRAVIS_NODE_VERSION" value="7" />
    <property name="env.XFILESEARCHPATH" value="/usr/dt/app-defaults/%L/Dt" />
    <property name="env.TRAVIS_EVENT_TYPE" value="cron" />
    <property name="env.MAIL" value="/var/mail/travis" />
    <property name="env.PERLBREW_ROOT" value="/home/travis/perl5/perlbrew" />
    <property name="env.PWD" value="/home/travis/build/icyphy/ptII" />
    <property name="timeout.npm" value="45000" />
    <property name="env.PT_TRAVIS_TEST_CORE2_XML" value="true" />
    <property name="env.PAGER" value="cat" />
    <property name="sun.cpu.endian" value="little" />
    <property name="env.TRAVIS_BUILD_STAGE_NAME" value="Test" />
    <property name="env.PERLBREW_HOME" value="/home/travis/.perlbrew" />
    <property name="env.RAILS_ENV" value="test" />
    <property name="java.vm.version" value="25.151-b12" />
    <property name="java.class.path" value="/home/travis/build/icyphy/ptII:/home/travis/build/icyphy/ptII/lib/bsh-2.0b4.jar:/home/travis/build/icyphy/ptII/lib/ptCal.jar:/home/travis/build/icyphy/ptII/lib/java_cup.jar:/home/travis/build/icyphy/ptII/lib/saxon8.jar:/home/travis/build/icyphy/ptII/lib/saxon8-dom.jar:/home/travis/build/icyphy/ptII/lib/chic.jar:/home/travis/build/icyphy/ptII/lib/ptcolt.jar:/usr/lib/jvm/java-8-oracle/lib/tools.jar:/usr/lib/eclipse/plugins/org.eclipse.jdt.core_3.8.2.dist.jar:/usr/lib/eclipse/plugins/org.eclipse.core.runtime_3.8.0.dist.jar:/usr/lib/eclipse/plugins/org.eclipse.osgi_3.8.1.dist.jar:/usr/lib/eclipse/plugins/org.eclipse.core.resources_3.8.1.dist.jar:/usr/lib/eclipse/plugins/org.eclipse.equinox.common_3.6.100.dist.jar:/usr/lib/eclipse/plugins/org.eclipse.core.jobs_3.5.200.dist.jar:/usr/lib/eclipse/plugins/org.eclipse.core.contenttype_3.4.200.dist.jar:/usr/lib/eclipse/plugins/org.eclipse.equinox.preferences_3.5.0.dist.jar:/usr/lib/eclipse/plugins/org.eclipse.text_3.5.200.dist.jar:/usr/lib/eclipse/plugins/org.eclipse.ui.workbench_3.8.1.dist.jar:/usr/lib/eclipse/plugins/org.eclipse.jface_3.8.0.dist.jar:/usr/lib/eclipse/plugins/org.eclipse.swt_3.8.2.jar:/usr/lib/eclipse/plugins/org.eclipse.jface.text_3.8.1.dist.jar:/usr/lib/eclipse/plugins/org.eclipse.ui.workbench.texteditor_3.8.0.dist.jar:/usr/lib/eclipse/plugins/org.eclipse.ui.editors_3.8.0.dist.jar:/usr/lib/eclipse/plugins/org.eclipse.core.commands_3.6.1.dist.jar:/usr/lib/eclipse/plugins/org.eclipse.equinox.registry_3.5.200.dist.jar:/usr/lib/eclipse/plugins/org.eclipse.ui.console_3.5.100.dist.jar:/usr/lib/eclipse/plugins/org.eclipse.ui.forms_3.5.200.dist.jar:/usr/lib/eclipse/plugins/org.eclipse.ui.ide_3.8.1.dist.jar:/home/travis/build/icyphy/ptII/vendors/oracle/dbxml.jar:/home/travis/build/icyphy/ptII/vendors/oracle/db.jar:/home/travis/build/icyphy/ptII/vendors/misc/itext/iText.jar:/home/travis/build/icyphy/ptII/lib/g4ltl.jar:/home/travis/build/icyphy/ptII/lib/StructuralCoder.jar:/home/travis/build/icyphy/ptII/lib/org-openide-util.jar:/home/travis/build/icyphy/ptII/lib/org-openide-util-lookup.jar:/home/travis/build/icyphy/ptII/lib/org-netbeans-api-visual.jar:/home/travis/build/icyphy/ptII/vendors/jai-1_1_2_01/lib/jai_core.jar:/home/travis/build/icyphy/ptII/vendors/jai-1_1_2_01/lib/jai_codec.jar:/home/travis/build/icyphy/ptII/lib/jcerti.jar:/home/travis/build/icyphy/ptII/lib/smack.jar:/home/travis/build/icyphy/ptII/lib/smackx.jar:/home/travis/build/icyphy/ptII/lib/jetty-all-8.1.5-v20120716.jar:/home/travis/build/icyphy/ptII/lib/javax.servlet-api-3.0.1.jar:/home/travis/build/icyphy/ptII/lib/javax.mail.jar:/home/travis/build/icyphy/ptII/vendors/JMF-2.1.1e/lib/jmf.jar:/home/travis/build/icyphy/ptII/lib/jna-4.0.0-variadic.jar:/home/travis/build/icyphy/ptII/vendors/misc/joystick/Joystick.jar:/home/travis/build/icyphy/ptII/lib/ptjacl.jar:/home/travis/build/icyphy/ptII/lib/jsoup-1.8.2.jar:/home/travis/build/icyphy/ptII/lib/junit-4.8.2.jar:/home/travis/build/icyphy/ptII/lib/JUnitParams-0.4.0.jar:/home/travis/build/icyphy/ptII/ptolemy/actor/lib/excel/jxl.jar:/home/travis/build/icyphy/ptII/lib/jython.jar:/home/travis/build/icyphy/ptII/lib/kieler.jar:/home/travis/build/icyphy/ptII/vendors/opencv/share/OpenCV/java/opencv-341.jar:/home/travis/build/icyphy/ptII/lib/oscP5.jar:/home/travis/build/icyphy/ptII/lib/nrjavaserial-3.11.0.devel.jar:/home/travis/build/icyphy/ptII/vendors/j3d/lib/j3dcore.jar:/home/travis/build/icyphy/ptII/vendors/j3d/lib/j3dutils.jar:/home/travis/build/icyphy/ptII/vendors/j3d/lib/vecmath.jar:/home/travis/build/icyphy/ptII/ptolemy/distributed/jini/jar/jini-core.jar:/home/travis/build/icyphy/ptII/ptolemy/distributed/jini/jar/jini-ext.jar:/home/travis/build/icyphy/ptII/ptolemy/distributed/jini/jar/sun-util.jar:/home/travis/build/icyphy/ptII/lib/protobuf-java-2.4.1.jar:/home/travis/build/icyphy/ptII/lib/org.eclipse.paho.client.mqttv3.jar:/home/travis/build/icyphy/ptII/ptserver/lib/hessian-4.0.7.jar:/home/travis/build/icyphy/ptII/ptserver/lib/wmqtt.jar:/home/travis/build/icyphy/ptII/lib/mapss.jar:/home/travis/build/icyphy/ptII/ptolemy/actor/ptalon/antlr/antlr.jar:/home/travis/build/icyphy/ptII/lib/JRI.jar:/home/travis/build/icyphy/ptII/lib/commons-lang-2.6.jar:/home/travis/build/icyphy/ptII/lib/commons-logging-1.1.1.jar:/home/travis/build/icyphy/ptII/lib/sootclasses.jar:/home/travis/build/icyphy/ptII/ptolemy/actor/lib/database/mysql-connector-java-5.1.6-bin.jar:/home/travis/build/icyphy/ptII/vendors/misc/sphinx4/sphinx4-data-5prealpha.jar:/home/travis/build/icyphy/ptII/vendors/misc/sphinx4/sphinx4-core-5prealpha.jar:/home/travis/build/icyphy/ptII/lib/PDFRenderer.jar:/home/travis/build/icyphy/ptII/lib/svgSalamander.jar:/home/travis/build/icyphy/ptII/lib/rsyntaxtextarea-2.6.0-SNAPSHOT.jar:/home/travis/build/icyphy/ptII/lib/hazelcast-3.8.2.jar:/home/travis/build/icyphy/ptII/lib/jackson-annotations-2.9.0.jar:/home/travis/build/icyphy/ptII/lib/jackson-core-2.9.3.jar:/home/travis/build/icyphy/ptII/lib/jackson-databind-2.9.3.jar:/home/travis/build/icyphy/ptII/lib/netty-buffer-4.1.19.Final.jar:/home/travis/build/icyphy/ptII/lib/netty-codec-4.1.19.Final.jar:/home/travis/build/icyphy/ptII/lib/netty-codec-dns-4.1.19.Final.jar:/home/travis/build/icyphy/ptII/lib/netty-codec-http-4.1.19.Final.jar:/home/travis/build/icyphy/ptII/lib/netty-codec-http2-4.1.19.Final.jar:/home/travis/build/icyphy/ptII/lib/netty-common-4.1.19.Final.jar:/home/travis/build/icyphy/ptII/lib/netty-handler-4.1.19.Final.jar:/home/travis/build/icyphy/ptII/lib/netty-resolver-4.1.19.Final.jar:/home/travis/build/icyphy/ptII/lib/netty-resolver-dns-4.1.19.Final.jar:/home/travis/build/icyphy/ptII/lib/netty-transport-4.1.19.Final.jar:/home/travis/build/icyphy/ptII/lib/vertx-codegen-3.5.1.jar:/home/travis/build/icyphy/ptII/lib/vertx-core-3.5.2-SNAPSHOT.jar:/home/travis/build/icyphy/ptII/lib/vertx-hazelcast-3.5.1.jar:/home/travis/build/icyphy/ptII/lib/vertx-lang-js-3.5.1.jar:/home/travis/build/icyphy/ptII/lib/vertx-service-proxy-3.5.1.jar:/home/travis/build/icyphy/ptII/lib/vertx-web-3.5.1.jar:/home/travis/build/icyphy/ptII/lib/slf4j-api-1.7.13.jar:/home/travis/build/icyphy/ptII/lib/slf4j-simple-1.7.13.jar:/home/travis/build/icyphy/ptII/lib/webcam-capture-0.3.12.jar:/home/travis/build/icyphy/ptII/lib/bridj-0.7.0.jar:/home/travis/build/icyphy/ptII/lib/xbjlib-1.1.0.nrjavaserial.jar:/home/travis/build/icyphy/ptII/ptolemy/moml/test:/home/travis/build/icyphy/ptII/ant/lib/ant-launcher.jar:/home/travis/build/icyphy/ptII/ant/lib/ant.jar:/home/travis/build/icyphy/ptII/ant/lib/ant-junit.jar:/home/travis/build/icyphy/ptII/ant/lib/ant-junit4.jar" />
    <property name="ant.library.dir" value="/home/travis/build/icyphy/ptII/ant/lib" />
    <property name="os.arch" value="amd64" />
    <property name="env.TRAVIS_LANGUAGE" value="node_js" />
    <property name="env.CONTINUOUS_INTEGRATION" value="true" />
    <property name="env.TRAVIS_STACK_LANGUAGES" value="__garnet__ c c++ clojure cplusplus cpp default go groovy java node_js php pure_java python ruby scala" />
    <property name="test.name" value="ptolemy.actor.lib.test.junit.JUnitTclTest" />
    <property name="sun.java.launcher" value="SUN_STANDARD" />
    <property name="env.PYTHON_CONFIGURE_OPTS" value="--enable-unicode=ucs4 --with-wide-unicode --enable-shared --enable-ipv6 --enable-loadable-sqlite-extensions --with-computed-gotos" />
    <property name="ant.core.lib" value="/home/travis/build/icyphy/ptII/ant/lib/ant.jar" />
    <property name="java.vm.specification.vendor" value="Oracle Corporation" />
    <property name="env.BCVTB_HOME" value="/home/travis/build/icyphy/ptII/lbnl" />
    <property name="file.separator" value="/" />
    <property name="java.runtime.version" value="1.8.0_151-b12" />
    <property name="spotbugs.home" value="/home/travis/build/icyphy/ptII/vendors/spotbugs-3.1.1" />
    <property name="sun.boot.class.path" value="/usr/lib/jvm/java-8-oracle/jre/lib/resources.jar:/usr/lib/jvm/java-8-oracle/jre/lib/rt.jar:/usr/lib/jvm/java-8-oracle/jre/lib/sunrsasign.jar:/usr/lib/jvm/java-8-oracle/jre/lib/jsse.jar:/usr/lib/jvm/java-8-oracle/jre/lib/jce.jar:/usr/lib/jvm/java-8-oracle/jre/lib/charsets.jar:/usr/lib/jvm/java-8-oracle/jre/lib/jfr.jar:/usr/lib/jvm/java-8-oracle/jre/classes" />
    <property name="env.HAS_JOSH_K_SEAL_OF_APPROVAL" value="true" />
    <property name="env.XDG_RUNTIME_DIR" value="/run/user/2000" />
    <property name="env.TRAVIS_OSX_IMAGE" value="" />
    <property name="env.TRAVIS_BRANCH" value="master" />
    <property name="env.TRAVIS_JOB_ID" value="422346824" />
    <property name="user.country" value="US" />
    <property name="env.CERTI_HOME_TRAVIS" value="/home/travis/pthla/certi-tools" />
    <property name="env.SHELL" value="/bin/bash" />
    <property name="java.maxmemory.large" value="5000m" />
    <property name="model" value="" />
    <property name="env.CASHER_DIR" value="/home/travis/.casher" />
    <property name="env.NVM_CD_FLAGS" value="" />
    <property name="jshint.executable" value="/home/travis/node_modules/jshint/bin/jshint" />
    <property name="java.vendor" value="Oracle Corporation" />
    <property name="env.JRUBY_OPTS" value=" --client -J-XX:+TieredCompilation -J-XX:TieredStopAtLevel=1 -J-Xss2m -Xcompile.invokedynamic=false" />
    <property name="env.TRAVIS_PRE_CHEF_BOOTSTRAP_TIME" value="2017-12-05T19:32:55" />
    <property name="env.ELIXIR_VERSION" value="1.4.5" />
    <property name="env.TRAVIS_STACK_JOB_BOARD_REGISTER" value="/.job-board-register.yml" />
    <property name="java.specification.version" value="1.8" />
    <property name="env.TRAVIS" value="true" />
    <property name="env.IRBRC" value="/home/travis/.rvm/rubies/ruby-2.4.1/.irbrc" />
    <property name="sun.arch.data.model" value="64" />
  </properties>
  <testcase classname="ptolemy.util.test.junit.TclTests" name="[0] /home/travis/build/icyphy/ptII/ptolemy/domains/de/test/DependencyLoop.tcl (RunTclFile)" time="0.77" />
  <testcase classname="ptolemy.util.test.junit.TclTests" name="[1] /home/travis/build/icyphy/ptII/ptolemy/domains/de/test/RunDETestsAsQSS.tcl (RunTclFile)" time="87.824" />
  <testcase classname="ptolemy.util.test.junit.AutoKnownFailedTests" name="[0] /home/travis/build/icyphy/ptII/ptolemy/domains/de/test/auto/knownFailedTests/DESDFClockTest.xml (RunModel)" time="2.03" />
  <testcase classname="ptolemy.util.test.junit.AutoKnownFailedTests" name="[1] /home/travis/build/icyphy/ptII/ptolemy/domains/de/test/auto/knownFailedTests/DirectFeedback.xml (RunModel)" time="0.014" />
  <testcase classname="ptolemy.util.test.junit.AutoKnownFailedTests" name="[2] /home/travis/build/icyphy/ptII/ptolemy/domains/de/test/auto/knownFailedTests/FSMSource.xml (RunModel)" time="0.028" />
  <testcase classname="ptolemy.util.test.junit.AutoKnownFailedTests" name="[3] /home/travis/build/icyphy/ptII/ptolemy/domains/de/test/auto/knownFailedTests/HierarchicalModel.xml (RunModel)" time="0.051" />
  <testcase classname="ptolemy.util.test.junit.AutoKnownFailedTests" name="[4] /home/travis/build/icyphy/ptII/ptolemy/domains/de/test/auto/knownFailedTests/dependencyLoop.xml (RunModel)" time="0.041" />
  <testcase classname="ptolemy.util.test.junit.AutoKnownFailedTests" name="[5] /home/travis/build/icyphy/ptII/ptolemy/domains/de/test/auto/knownFailedTests/dependencyLoop2.xml (RunModel)" time="0.049" />
  <testcase classname="ptolemy.util.test.junit.AutoNameArchTests" name="[0] ThereAreNoAutoArchTests (RunModel)" time="0.001" />
  <testcase classname="ptolemy.util.test.junit.AutoTests" name="[0] /home/travis/build/icyphy/ptII/ptolemy/domains/de/test/auto/ActorDepthCalculation_actorWithoutPorts.xml (RunModel)" time="0.019" />
  <testcase classname="ptolemy.util.test.junit.AutoTests" name="[1] /home/travis/build/icyphy/ptII/ptolemy/domains/de/test/auto/AssemblyLine.xml (RunModel)" time="0.019" />
  <testcase classname="ptolemy.util.test.junit.AutoTests" name="[2] /home/travis/build/icyphy/ptII/ptolemy/domains/de/test/auto/CQBug1.xml (RunModel)" time="0.01" />
  <testcase classname="ptolemy.util.test.junit.AutoTests" name="[3] /home/travis/build/icyphy/ptII/ptolemy/domains/de/test/auto/CancelFireAt.xml (RunModel)" time="0.009" />
  <testcase classname="ptolemy.util.test.junit.AutoTests" name="[4] /home/travis/build/icyphy/ptII/ptolemy/domains/de/test/auto/CausalityAndComposabilityAnalysis.xml (RunModel)" time="0.01" />
  <testcase classname="ptolemy.util.test.junit.AutoTests" name="[5] /home/travis/build/icyphy/ptII/ptolemy/domains/de/test/auto/CausalityInterface1.xml (RunModel)" time="0.012" />
  <testcase classname="ptolemy.util.test.junit.AutoTests" name="[6] /home/travis/build/icyphy/ptII/ptolemy/domains/de/test/auto/CausalityInterface15.xml (RunModel)" time="0.014" />
  <testcase classname="ptolemy.util.test.junit.AutoTests" name="[7] /home/travis/build/icyphy/ptII/ptolemy/domains/de/test/auto/CausalityInterface2.xml (RunModel)" time="0.01" />
  <testcase classname="ptolemy.util.test.junit.AutoTests" name="[8] /home/travis/build/icyphy/ptII/ptolemy/domains/de/test/auto/CausalityInterface3.xml (RunModel)" time="0.014" />
  <testcase classname="ptolemy.util.test.junit.AutoTests" name="[9] /home/travis/build/icyphy/ptII/ptolemy/domains/de/test/auto/ClockDrift.xml (RunModel)" time="0.033" />
  <testcase classname="ptolemy.util.test.junit.AutoTests" name="[10] /home/travis/build/icyphy/ptII/ptolemy/domains/de/test/auto/ClockDriftAndValueChange.xml (RunModel)" time="0.041" />
  <testcase classname="ptolemy.util.test.junit.AutoTests" name="[11] /home/travis/build/icyphy/ptII/ptolemy/domains/de/test/auto/ClockDriftChange.xml (RunModel)" time="0.027" />
  <testcase classname="ptolemy.util.test.junit.AutoTests" name="[12] /home/travis/build/icyphy/ptII/ptolemy/domains/de/test/auto/ComposableCausalityAnalysis.xml (RunModel)" time="0.016" />
  <testcase classname="ptolemy.util.test.junit.AutoTests" name="[13] /home/travis/build/icyphy/ptII/ptolemy/domains/de/test/auto/DEFixedPointLimitation.xml (RunModel)" time="0.008" />
  <testcase classname="ptolemy.util.test.junit.AutoTests" name="[14] /home/travis/build/icyphy/ptII/ptolemy/domains/de/test/auto/DEScheduleTest.xml (RunModel)" time="0.01" />
  <testcase classname="ptolemy.util.test.junit.AutoTests" name="[15] /home/travis/build/icyphy/ptII/ptolemy/domains/de/test/auto/DEinDEwithStartTimes.xml (RunModel)" time="0.025" />
  <testcase classname="ptolemy.util.test.junit.AutoTests" name="[16] /home/travis/build/icyphy/ptII/ptolemy/domains/de/test/auto/DEinDEwithStartTimes2.xml (RunModel)" time="0.013" />
  <testcase classname="ptolemy.util.test.junit.AutoTests" name="[17] /home/travis/build/icyphy/ptII/ptolemy/domains/de/test/auto/DateDemo.xml (RunModel)" time="0.03" />
  <testcase classname="ptolemy.util.test.junit.AutoTests" name="[18] /home/travis/build/icyphy/ptII/ptolemy/domains/de/test/auto/DateToEvent.xml (RunModel)" time="2.04" />
  <testcase classname="ptolemy.util.test.junit.AutoTests" name="[19] /home/travis/build/icyphy/ptII/ptolemy/domains/de/test/auto/DepthTest1.xml (RunModel)" time="0.006" />
  <testcase classname="ptolemy.util.test.junit.AutoTests" name="[20] /home/travis/build/icyphy/ptII/ptolemy/domains/de/test/auto/DepthTest2.xml (RunModel)" time="0.016" />
  <testcase classname="ptolemy.util.test.junit.AutoTests" name="[21] /home/travis/build/icyphy/ptII/ptolemy/domains/de/test/auto/DepthTest3.xml (RunModel)" time="0.007" />
  <testcase classname="ptolemy.util.test.junit.AutoTests" name="[22] /home/travis/build/icyphy/ptII/ptolemy/domains/de/test/auto/DepthTest4.xml (RunModel)" time="0.012" />
  <testcase classname="ptolemy.util.test.junit.AutoTests" name="[23] /home/travis/build/icyphy/ptII/ptolemy/domains/de/test/auto/DepthTest5.xml (RunModel)" time="0.013" />
  <testcase classname="ptolemy.util.test.junit.AutoTests" name="[24] /home/travis/build/icyphy/ptII/ptolemy/domains/de/test/auto/DepthTest6.xml (RunModel)" time="0.014" />
  <testcase classname="ptolemy.util.test.junit.AutoTests" name="[25] /home/travis/build/icyphy/ptII/ptolemy/domains/de/test/auto/DepthTest7.xml (RunModel)" time="0.012" />
  <testcase classname="ptolemy.util.test.junit.AutoTests" name="[26] /home/travis/build/icyphy/ptII/ptolemy/domains/de/test/auto/EventToDate.xml (RunModel)" time="3.032" />
  <testcase classname="ptolemy.util.test.junit.AutoTests" name="[27] /home/travis/build/icyphy/ptII/ptolemy/domains/de/test/auto/FSM1.xml (RunModel)" time="0.029" />
  <testcase classname="ptolemy.util.test.junit.AutoTests" name="[28] /home/travis/build/icyphy/ptII/ptolemy/domains/de/test/auto/FSM7.xml (RunModel)" time="0.028" />
  <testcase classname="ptolemy.util.test.junit.AutoTests" name="[29] /home/travis/build/icyphy/ptII/ptolemy/domains/de/test/auto/Inspection.xml (RunModel)" time="0.042" />
  <testcase classname="ptolemy.util.test.junit.AutoTests" name="[30] /home/travis/build/icyphy/ptII/ptolemy/domains/de/test/auto/Iteration.xml (RunModel)" time="0.027" />
  <testcase classname="ptolemy.util.test.junit.AutoTests" name="[31] /home/travis/build/icyphy/ptII/ptolemy/domains/de/test/auto/LineFault.xml (RunModel)" time="0.547" />
  <testcase classname="ptolemy.util.test.junit.AutoTests" name="[32] /home/travis/build/icyphy/ptII/ptolemy/domains/de/test/auto/MergeModel1Add.xml (RunModel)" time="0.039" />
  <testcase classname="ptolemy.util.test.junit.AutoTests" name="[33] /home/travis/build/icyphy/ptII/ptolemy/domains/de/test/auto/MergeModel2Add.xml (RunModel)" time="0.039" />
  <testcase classname="ptolemy.util.test.junit.AutoTests" name="[34] /home/travis/build/icyphy/ptII/ptolemy/domains/de/test/auto/MergeModel3Add.xml (RunModel)" time="0.042" />
  <testcase classname="ptolemy.util.test.junit.AutoTests" name="[35] /home/travis/build/icyphy/ptII/ptolemy/domains/de/test/auto/MergeWithoutDiscard.xml (RunModel)" time="0.01" />
  <testcase classname="ptolemy.util.test.junit.AutoTests" name="[36] /home/travis/build/icyphy/ptII/ptolemy/domains/de/test/auto/Modal1.xml (RunModel)" time="0.026" />
  <testcase classname="ptolemy.util.test.junit.AutoTests" name="[37] /home/travis/build/icyphy/ptII/ptolemy/domains/de/test/auto/Modal2.xml (RunModel)" time="0.03" />
  <testcase classname="ptolemy.util.test.junit.AutoTests" name="[38] /home/travis/build/icyphy/ptII/ptolemy/domains/de/test/auto/Modal3.xml (RunModel)" time="0.035" />
  <testcase classname="ptolemy.util.test.junit.AutoTests" name="[39] /home/travis/build/icyphy/ptII/ptolemy/domains/de/test/auto/Modal4.xml (RunModel)" time="0.029" />
  <testcase classname="ptolemy.util.test.junit.AutoTests" name="[40] /home/travis/build/icyphy/ptII/ptolemy/domains/de/test/auto/Modal5.xml (RunModel)" time="0.026" />
  <testcase classname="ptolemy.util.test.junit.AutoTests" name="[41] /home/travis/build/icyphy/ptII/ptolemy/domains/de/test/auto/Modal6.xml (RunModel)" time="0.026" />
  <testcase classname="ptolemy.util.test.junit.AutoTests" name="[42] /home/travis/build/icyphy/ptII/ptolemy/domains/de/test/auto/Modal7.xml (RunModel)" time="0.026" />
  <testcase classname="ptolemy.util.test.junit.AutoTests" name="[43] /home/travis/build/icyphy/ptII/ptolemy/domains/de/test/auto/ModalModel.xml (RunModel)" time="0.16" />
  <testcase classname="ptolemy.util.test.junit.AutoTests" name="[44] /home/travis/build/icyphy/ptII/ptolemy/domains/de/test/auto/ModalSource.xml (RunModel)" time="0.017" />
  <testcase classname="ptolemy.util.test.junit.AutoTests" name="[45] /home/travis/build/icyphy/ptII/ptolemy/domains/de/test/auto/NonInterruptibleTimerZeroDelay.xml (RunModel)" time="0.01" />
  <testcase classname="ptolemy.util.test.junit.AutoTests" name="[46] /home/travis/build/icyphy/ptII/ptolemy/domains/de/test/auto/OpenQueueingNetwork.xml (RunModel)" time="2.143" />
  <testcase classname="ptolemy.util.test.junit.AutoTests" name="[47] /home/travis/build/icyphy/ptII/ptolemy/domains/de/test/auto/OpenQueuingNetwork.xml (RunModel)" time="0.278" />
  <testcase classname="ptolemy.util.test.junit.AutoTests" name="[48] /home/travis/build/icyphy/ptII/ptolemy/domains/de/test/auto/PeriodicSampler.xml (RunModel)" time="0.007" />
  <testcase classname="ptolemy.util.test.junit.AutoTests" name="[49] /home/travis/build/icyphy/ptII/ptolemy/domains/de/test/auto/PersistentIO.xml (RunModel)" time="0.02" />
  <testcase classname="ptolemy.util.test.junit.AutoTests" name="[50] /home/travis/build/icyphy/ptII/ptolemy/domains/de/test/auto/PortParameterResetOnInitialize.xml (RunModel)" time="0.009" />
  <testcase classname="ptolemy.util.test.junit.AutoTests" name="[51] /home/travis/build/icyphy/ptII/ptolemy/domains/de/test/auto/PortParameterUpdates.xml (RunModel)" time="0.014" />
  <testcase classname="ptolemy.util.test.junit.AutoTests" name="[52] /home/travis/build/icyphy/ptII/ptolemy/domains/de/test/auto/QueueAndServer.xml (RunModel)" time="0.02" />
  <testcase classname="ptolemy.util.test.junit.AutoTests" name="[53] /home/travis/build/icyphy/ptII/ptolemy/domains/de/test/auto/Records.xml (RunModel)" time="0.019" />
  <testcase classname="ptolemy.util.test.junit.AutoTests" name="[54] /home/travis/build/icyphy/ptII/ptolemy/domains/de/test/auto/ResetTransitionWithStartTime1.xml (RunModel)" time="0.02" />
  <testcase classname="ptolemy.util.test.junit.AutoTests" name="[55] /home/travis/build/icyphy/ptII/ptolemy/domains/de/test/auto/ResetTransitionWithStartTime2.xml (RunModel)" time="0.026" />
  <testcase classname="ptolemy.util.test.junit.AutoTests" name="[56] /home/travis/build/icyphy/ptII/ptolemy/domains/de/test/auto/ResetTransitionWithStartTime3.xml (RunModel)" time="0.018" />
  <testcase classname="ptolemy.util.test.junit.AutoTests" name="[57] /home/travis/build/icyphy/ptII/ptolemy/domains/de/test/auto/ResetTransitionWithStartTime4.xml (RunModel)" time="0.02" />
  <testcase classname="ptolemy.util.test.junit.AutoTests" name="[58] /home/travis/build/icyphy/ptII/ptolemy/domains/de/test/auto/ResettableTimer1.xml (RunModel)" time="0.01" />
  <testcase classname="ptolemy.util.test.junit.AutoTests" name="[59] /home/travis/build/icyphy/ptII/ptolemy/domains/de/test/auto/ResettableTimer2.xml (RunModel)" time="0.011" />
  <testcase classname="ptolemy.util.test.junit.AutoTests" name="[60] /home/travis/build/icyphy/ptII/ptolemy/domains/de/test/auto/ResettableTimer3.xml (RunModel)" time="0.008" />
  <testcase classname="ptolemy.util.test.junit.AutoTests" name="[61] /home/travis/build/icyphy/ptII/ptolemy/domains/de/test/auto/ResettableTimer4.xml (RunModel)" time="0.009" />
  <testcase classname="ptolemy.util.test.junit.AutoTests" name="[62] /home/travis/build/icyphy/ptII/ptolemy/domains/de/test/auto/ResettableTimer5.xml (RunModel)" time="0.01" />
  <testcase classname="ptolemy.util.test.junit.AutoTests" name="[63] /home/travis/build/icyphy/ptII/ptolemy/domains/de/test/auto/ResettableTimer6.xml (RunModel)" time="0.025" />
  <testcase classname="ptolemy.util.test.junit.AutoTests" name="[64] /home/travis/build/icyphy/ptII/ptolemy/domains/de/test/auto/ServerZeroDelay.xml (RunModel)" time="0.017" />
  <testcase classname="ptolemy.util.test.junit.AutoTests" name="[65] /home/travis/build/icyphy/ptII/ptolemy/domains/de/test/auto/SmartSender.xml (RunModel)" time="3.009" />
  <testcase classname="ptolemy.util.test.junit.AutoTests" name="[66] /home/travis/build/icyphy/ptII/ptolemy/domains/de/test/auto/ThreadedComposite.xml (RunModel)" time="0.106" />
  <testcase classname="ptolemy.util.test.junit.AutoTests" name="[67] /home/travis/build/icyphy/ptII/ptolemy/domains/de/test/auto/Time.xml (RunModel)" time="0.395" />
  <testcase classname="ptolemy.util.test.junit.AutoTests" name="[68] /home/travis/build/icyphy/ptII/ptolemy/domains/de/test/auto/TimeDelayZeroDelay.xml (RunModel)" time="0.016" />
  <testcase classname="ptolemy.util.test.junit.AutoTests" name="[69] /home/travis/build/icyphy/ptII/ptolemy/domains/de/test/auto/TimerZeroDelay.xml (RunModel)" time="0.009" />
  <testcase classname="ptolemy.util.test.junit.AutoTests" name="[70] /home/travis/build/icyphy/ptII/ptolemy/domains/de/test/auto/TimingParadox.xml (RunModel)" time="0.315" />
  <testcase classname="ptolemy.util.test.junit.AutoTests" name="[71] /home/travis/build/icyphy/ptII/ptolemy/domains/de/test/auto/TransferInputs.xml (RunModel)" time="0.012" />
  <testcase classname="ptolemy.util.test.junit.AutoTests" name="[72] /home/travis/build/icyphy/ptII/ptolemy/domains/de/test/auto/TransferOutputs2.xml (RunModel)" time="0.014" />
  <testcase classname="ptolemy.util.test.junit.AutoTests" name="[73] /home/travis/build/icyphy/ptII/ptolemy/domains/de/test/auto/Trilateration.xml (RunModel)" time="11.239" />
  <testcase classname="ptolemy.util.test.junit.AutoTests" name="[74] /home/travis/build/icyphy/ptII/ptolemy/domains/de/test/auto/TwoSigmaDelta.xml (RunModel)" time="2.046" />
  <testcase classname="ptolemy.util.test.junit.AutoTests" name="[75] /home/travis/build/icyphy/ptII/ptolemy/domains/de/test/auto/VariableDelay.xml (RunModel)" time="0.01" />
  <testcase classname="ptolemy.util.test.junit.AutoTests" name="[76] /home/travis/build/icyphy/ptII/ptolemy/domains/de/test/auto/VariableDelay2.xml (RunModel)" time="0.008" />
  <testcase classname="ptolemy.util.test.junit.AutoTests" name="[77] /home/travis/build/icyphy/ptII/ptolemy/domains/de/test/auto/VariableDelayZeroDelay.xml (RunModel)" time="0.009" />
  <testcase classname="ptolemy.util.test.junit.AutoTests" name="[78] /home/travis/build/icyphy/ptII/ptolemy/domains/de/test/auto/VariableDelayZeroDelay2.xml (RunModel)" time="0.009" />
  <testcase classname="ptolemy.util.test.junit.AutoTests" name="[79] /home/travis/build/icyphy/ptII/ptolemy/domains/de/test/auto/deInCt.xml (RunModel)" time="0.019" />
  <testcase classname="ptolemy.util.test.junit.AutoTests" name="[80] /home/travis/build/icyphy/ptII/ptolemy/domains/de/test/auto/deInCt2.xml (RunModel)" time="0.012" />
  <testcase classname="ptolemy.util.test.junit.AutoTests" name="[81] /home/travis/build/icyphy/ptII/ptolemy/domains/de/test/auto/dynamicCausalityInterface1.xml (RunModel)" time="0.017" />
  <testcase classname="ptolemy.util.test.junit.AutoTests" name="[82] /home/travis/build/icyphy/ptII/ptolemy/domains/de/test/auto/fsm_de_test.xml (RunModel)" time="0.022" />
  <testcase classname="ptolemy.util.test.junit.AutoTests" name="[83] /home/travis/build/icyphy/ptII/ptolemy/domains/de/test/auto/functionDependencyReconstruction.xml (RunModel)" time="0.029" />
  <testcase classname="ptolemy.util.test.junit.AutoTests" name="[84] /home/travis/build/icyphy/ptII/ptolemy/domains/de/test/auto/multirate.xml (RunModel)" time="0.015" />
  <testcase classname="ptolemy.util.test.junit.AutoTests" name="[85] /home/travis/build/icyphy/ptII/ptolemy/domains/de/test/auto/multirate2.xml (RunModel)" time="0.014" />
  <testcase classname="ptolemy.util.test.junit.AutoTests" name="[86] /home/travis/build/icyphy/ptII/ptolemy/domains/de/test/auto/realtime.xml (RunModel)" time="10.01" />
  <testcase classname="ptolemy.util.test.junit.AutoTests" name="[87] /home/travis/build/icyphy/ptII/ptolemy/domains/de/test/auto/relationGroup.xml (RunModel)" time="0.015" />
  <testcase classname="ptolemy.util.test.junit.AutoTests" name="[88] /home/travis/build/icyphy/ptII/ptolemy/domains/de/test/auto/relationGroup2.xml (RunModel)" time="0.007" />
  <testcase classname="ptolemy.util.test.junit.AutoTests" name="[89] /home/travis/build/icyphy/ptII/ptolemy/domains/de/test/auto/sortWithOpaquePorts.xml (RunModel)" time="0.009" />
  <testcase classname="ptolemy.util.test.junit.AutoTests" name="[90] /home/travis/build/icyphy/ptII/ptolemy/domains/de/test/auto/transferInputsandOutputs.xml (RunModel)" time="0.01" />
  <testcase classname="ptolemy.util.test.junit.AutoTests" name="[91] /home/travis/build/icyphy/ptII/ptolemy/domains/de/test/auto/triggerType.xml (RunModel)" time="0.013" />
  <system-out><![CDATA[/home/travis/build/icyphy/ptII/ptolemy/domains/de/test/DependencyLoop.tcl
testDefs.tcl: setting time out to 9000 seconds at Thu Aug 30 02:02:43 UTC 2018
17 ms. Memory: 116224K Free: 93404K (80%)
9 ms. Memory: 146944K Free: 136771K (93%)
/home/travis/build/icyphy/ptII/ptolemy/domains/de/test/RunDETestsAsQSS.tcl
Run the DE tests using ptolemy.domains.qss.test.QSSDirectorTest, which extends QSSDirector and prints a message in the constructors.
------------------ testing $PTII/ptolemy/domains/de/test/auto/knownFailedTests/dependencyLoop.xml (Known Failure) 
6 ms. Memory: 146944K Free: 133659K (91%)


==== $PTIIhome/travis/build/icyphy/ptII/ptolemy/domains/de/test/../../../../: Auto Automatic test in file $PTII/ptolemy/domains/de/test/auto/knownFailedTests/dependencyLoop.xml
==== Contents of test case:

	    # FIXME: we should use $relativeFilename here, but it
	    # might have backslashes under Windows, which causes no end
	    # of trouble.
	    createAndExecute $file
	    list {}
	
.... Test generated KNOWN error:
    while executing
ptolemy.kernel.util.IllegalActionException: Found a zero delay loop containing .dependencyLoop.original
  in .dependencyLoop and .dependencyLoop.original
	at ptolemy.actor.util.CausalityInterfaceForComposites._computeOutputPortDepth(CausalityInterfaceForComposites.java:759)
	at ptolemy.actor.util.CausalityInterfaceForComposites._computeInputDepth(CausalityInterfaceForComposites.java:696)
	at ptolemy.actor.util.CausalityInterfaceForComposites._computeOutputPortDepth(CausalityInterfaceForComposites.java:765)
	at ptolemy.actor.util.CausalityInterfaceForComposites._computeInputDepth(CausalityInterfaceForComposites.java:696)
	at ptolemy.actor.util.CausalityInterfaceForComposites._computeOutputPortDepth(CausalityInterfaceForComposites.java:765)
	at ptolemy.actor.util.CausalityInterfaceForComposites._computeInputDepth(CausalityInterfaceForComposites.java:696)
	at ptolemy.actor.util.CausalityInterfaceForComposites._computeActorDepth(CausalityInterfaceForComposites.java:532)
	at ptolemy.actor.util.CausalityInterfaceForComposites.checkForCycles(CausalityInterfaceForComposites.java:96)
	at ptolemy.domains.de.kernel.DEDirector.preinitialize(DEDirector.java:1338)
	at ptolemy.actor.CompositeActor.preinitialize(CompositeActor.java:1828)
	at ptolemy.actor.Manager.preinitializeAndResolveTypes(Manager.java:1040)
	at ptolemy.actor.Manager.initialize(Manager.java:710)
	at ptolemy.actor.Manager.execute(Manager.java:356)
	at ptolemy.actor.Manager.run(Manager.java:1263)
	at ptolemy.actor.Manager$PtolemyRunThread.run(Manager.java:1915)

    while executing
ptolemy.kernel.util.IllegalActionException: Found a zero delay loop containing .dependencyLoop.original
  in .dependencyLoop and .dependencyLoop.original
    while executing
"java::new ptolemy.moml.MoMLSimpleApplication $file
"
    (procedure "createAndExecute" line 2)
    invoked from within
"createAndExecute $file"
    ("uplevel" body line 5)
    invoked from within
"uplevel $contents_of_test"
------------------ testing $PTII/ptolemy/domains/de/test/auto/knownFailedTests/DESDFClockTest.xml (Known Failure) 
2053 ms. Memory: 146944K Free: 117811K (80%)


==== $PTIIhome/travis/build/icyphy/ptII/ptolemy/domains/de/test/../../../../: Auto Automatic test in file $PTII/ptolemy/domains/de/test/auto/knownFailedTests/DESDFClockTest.xml
==== Contents of test case:

	    # FIXME: we should use $relativeFilename here, but it
	    # might have backslashes under Windows, which causes no end
	    # of trouble.
	    createAndExecute $file
	    list {}
	
.... Test generated KNOWN error:
    while executing
ptolemy.kernel.util.IllegalActionException: Actor is not ready to fire.  Perhaps UpSample.prefire() returned false? Try debugging the actor by selecting "Listen to Actor".  Also, for SDF check moml for tokenConsumptionRate on input.
  in .DESDFClockTest.Play Bell.Copy1:SDF Director and .DESDFClockTest.Play Bell.UpSample
	at ptolemy.actor.sched.StaticSchedulingDirector.fire(StaticSchedulingDirector.java:227)
	at ptolemy.domains.sdf.kernel.SDFDirector.fire(SDFDirector.java:500)
	at ptolemy.actor.CompositeActor.fire(CompositeActor.java:455)
	at ptolemy.domains.de.kernel.DEDirector._fire(DEDirector.java:1949)
	at ptolemy.domains.de.kernel.DEDirector.fire(DEDirector.java:502)
	at ptolemy.actor.CompositeActor.fire(CompositeActor.java:455)
	at ptolemy.actor.Manager.iterate(Manager.java:851)
	at ptolemy.actor.Manager.execute(Manager.java:369)
	at ptolemy.actor.Manager.run(Manager.java:1263)
	at ptolemy.actor.Manager$PtolemyRunThread.run(Manager.java:1915)

    while executing
ptolemy.kernel.util.IllegalActionException: Actor is not ready to fire.  Perhaps UpSample.prefire() returned false? Try debugging the actor by selecting "Listen to Actor".  Also, for SDF check moml for tokenConsumptionRate on input.
  in .DESDFClockTest.Play Bell.Copy1:SDF Director and .DESDFClockTest.Play Bell.UpSample
    while executing
"java::new ptolemy.moml.MoMLSimpleApplication $file
"
    (procedure "createAndExecute" line 2)
    invoked from within
"createAndExecute $file"
    ("uplevel" body line 5)
    invoked from within
"uplevel $contents_of_test"
------------------ testing $PTII/ptolemy/domains/de/test/auto/knownFailedTests/FSMSource.xml (Known Failure) 
21 ms. Memory: 146944K Free: 108121K (74%)
!!!! Auto was marked as failing, but now passes
------------------ testing $PTII/ptolemy/domains/de/test/auto/knownFailedTests/dependencyLoop2.xml (Known Failure) 
6 ms. Memory: 146944K Free: 106237K (72%)


==== $PTIIhome/travis/build/icyphy/ptII/ptolemy/domains/de/test/../../../../: Auto Automatic test in file $PTII/ptolemy/domains/de/test/auto/knownFailedTests/dependencyLoop2.xml
==== Contents of test case:

	    # FIXME: we should use $relativeFilename here, but it
	    # might have backslashes under Windows, which causes no end
	    # of trouble.
	    createAndExecute $file
	    list {}
	
.... Test generated KNOWN error:
    while executing
ptolemy.kernel.util.IllegalActionException: Found a zero delay loop containing .dependencyLoop2.original
  in .dependencyLoop2 and .dependencyLoop2.original
	at ptolemy.actor.util.CausalityInterfaceForComposites._computeOutputPortDepth(CausalityInterfaceForComposites.java:759)
	at ptolemy.actor.util.CausalityInterfaceForComposites._computeInputDepth(CausalityInterfaceForComposites.java:696)
	at ptolemy.actor.util.CausalityInterfaceForComposites._computeOutputPortDepth(CausalityInterfaceForComposites.java:765)
	at ptolemy.actor.util.CausalityInterfaceForComposites._computeInputDepth(CausalityInterfaceForComposites.java:696)
	at ptolemy.actor.util.CausalityInterfaceForComposites._computeOutputPortDepth(CausalityInterfaceForComposites.java:765)
	at ptolemy.actor.util.CausalityInterfaceForComposites._computeInputDepth(CausalityInterfaceForComposites.java:696)
	at ptolemy.actor.util.CausalityInterfaceForComposites._computeActorDepth(CausalityInterfaceForComposites.java:532)
	at ptolemy.actor.util.CausalityInterfaceForComposites.checkForCycles(CausalityInterfaceForComposites.java:96)
	at ptolemy.domains.de.kernel.DEDirector.preinitialize(DEDirector.java:1338)
	at ptolemy.actor.CompositeActor.preinitialize(CompositeActor.java:1828)
	at ptolemy.actor.Manager.preinitializeAndResolveTypes(Manager.java:1040)
	at ptolemy.actor.Manager.initialize(Manager.java:710)
	at ptolemy.actor.Manager.execute(Manager.java:356)
	at ptolemy.actor.Manager.run(Manager.java:1263)
	at ptolemy.actor.Manager$PtolemyRunThread.run(Manager.java:1915)

    while executing
ptolemy.kernel.util.IllegalActionException: Found a zero delay loop containing .dependencyLoop2.original
  in .dependencyLoop2 and .dependencyLoop2.original
    while executing
"java::new ptolemy.moml.MoMLSimpleApplication $file
"
    (procedure "createAndExecute" line 2)
    invoked from within
"createAndExecute $file"
    ("uplevel" body line 5)
    invoked from within
"uplevel $contents_of_test"
------------------ testing $PTII/ptolemy/domains/de/test/auto/knownFailedTests/HierarchicalModel.xml (Known Failure) 
5 ms. Memory: 146944K Free: 85635K (58%)


==== $PTIIhome/travis/build/icyphy/ptII/ptolemy/domains/de/test/../../../../: Auto Automatic test in file $PTII/ptolemy/domains/de/test/auto/knownFailedTests/HierarchicalModel.xml
==== Contents of test case:

	    # FIXME: we should use $relativeFilename here, but it
	    # might have backslashes under Windows, which causes no end
	    # of trouble.
	    createAndExecute $file
	    list {}
	
.... Test generated KNOWN error:
    while executing
ptolemy.kernel.util.IllegalActionException: Found a zero delay loop containing .HierarchicalModel.A
  in .HierarchicalModel and .HierarchicalModel.A
	at ptolemy.actor.util.CausalityInterfaceForComposites._computeOutputPortDepth(CausalityInterfaceForComposites.java:759)
	at ptolemy.actor.util.CausalityInterfaceForComposites._computeInputDepth(CausalityInterfaceForComposites.java:696)
	at ptolemy.actor.util.CausalityInterfaceForComposites._computeOutputPortDepth(CausalityInterfaceForComposites.java:765)
	at ptolemy.actor.util.CausalityInterfaceForComposites._computeInputDepth(CausalityInterfaceForComposites.java:696)
	at ptolemy.actor.util.CausalityInterfaceForComposites._computeOutputPortDepth(CausalityInterfaceForComposites.java:765)
	at ptolemy.actor.util.CausalityInterfaceForComposites._computeInputDepth(CausalityInterfaceForComposites.java:696)
	at ptolemy.actor.util.CausalityInterfaceForComposites._computeActorDepth(CausalityInterfaceForComposites.java:532)
	at ptolemy.actor.util.CausalityInterfaceForComposites.checkForCycles(CausalityInterfaceForComposites.java:96)
	at ptolemy.domains.de.kernel.DEDirector.preinitialize(DEDirector.java:1338)
	at ptolemy.actor.CompositeActor.preinitialize(CompositeActor.java:1828)
	at ptolemy.actor.Manager.preinitializeAndResolveTypes(Manager.java:1040)
	at ptolemy.actor.Manager.initialize(Manager.java:710)
	at ptolemy.actor.Manager.execute(Manager.java:356)
	at ptolemy.actor.Manager.run(Manager.java:1263)
	at ptolemy.actor.Manager$PtolemyRunThread.run(Manager.java:1915)

    while executing
ptolemy.kernel.util.IllegalActionException: Found a zero delay loop containing .HierarchicalModel.A
  in .HierarchicalModel and .HierarchicalModel.A
    while executing
"java::new ptolemy.moml.MoMLSimpleApplication $file
"
    (procedure "createAndExecute" line 2)
    invoked from within
"createAndExecute $file"
    ("uplevel" body line 5)
    invoked from within
"uplevel $contents_of_test"
------------------ testing $PTII/ptolemy/domains/de/test/auto/knownFailedTests/DirectFeedback.xml (Known Failure) 
14 ms. Memory: 146944K Free: 142794K (97%)


==== $PTIIhome/travis/build/icyphy/ptII/ptolemy/domains/de/test/../../../../: Auto Automatic test in file $PTII/ptolemy/domains/de/test/auto/knownFailedTests/DirectFeedback.xml
==== Contents of test case:

	    # FIXME: we should use $relativeFilename here, but it
	    # might have backslashes under Windows, which causes no end
	    # of trouble.
	    createAndExecute $file
	    list {}
	
.... Test generated KNOWN error:
    while executing
ptolemy.kernel.util.IllegalActionException: Test fails in iteration 1.
Value was: 1.0. Should have been: 2.0
  in .DirectFeedback.Test
	at ptolemy.actor.lib.Test.fire(Test.java:268)
	at ptolemy.domains.de.kernel.DEDirector._fire(DEDirector.java:1949)
	at ptolemy.domains.de.kernel.DEDirector.fire(DEDirector.java:502)
	at ptolemy.actor.CompositeActor.fire(CompositeActor.java:455)
	at ptolemy.actor.Manager.iterate(Manager.java:851)
	at ptolemy.actor.Manager.execute(Manager.java:369)
	at ptolemy.actor.Manager.run(Manager.java:1263)
	at ptolemy.actor.Manager$PtolemyRunThread.run(Manager.java:1915)

    while executing
ptolemy.kernel.util.IllegalActionException: Test fails in iteration 1.
Value was: 1.0. Should have been: 2.0
  in .DirectFeedback.Test
    while executing
"java::new ptolemy.moml.MoMLSimpleApplication $file
"
    (procedure "createAndExecute" line 2)
    invoked from within
"createAndExecute $file"
    ("uplevel" body line 5)
    invoked from within
"uplevel $contents_of_test"
------------------ testing $PTII/ptolemy/domains/de/test/auto/ActorDepthCalculation_actorWithoutPorts.xml
auto.tcl: Setting watchdog for 200 seconds at Thu Aug 30 02:02:47 UTC 2018
9 ms. Memory: 146944K Free: 133848K (91%)
ptolemy.util.test.WatchDog.cancel(): canceling Thu Aug 30 02:02:47 UTC 2018
auto.tcl: Setting watchdog for 200 seconds at Thu Aug 30 02:02:47 UTC 2018
5 ms. Memory: 146944K Free: 132814K (90%)
ptolemy.util.test.WatchDog.cancel(): canceling Thu Aug 30 02:02:47 UTC 2018
------------------ testing $PTII/ptolemy/domains/de/test/auto/AssemblyLine.xml
auto.tcl: Setting watchdog for 200 seconds at Thu Aug 30 02:02:47 UTC 2018
28 ms. Memory: 208384K Free: 181504K (87%)
ptolemy.util.test.WatchDog.cancel(): canceling Thu Aug 30 02:02:47 UTC 2018
auto.tcl: Setting watchdog for 200 seconds at Thu Aug 30 02:02:47 UTC 2018
7 ms. Memory: 208384K Free: 181504K (87%)
ptolemy.util.test.WatchDog.cancel(): canceling Thu Aug 30 02:02:47 UTC 2018
------------------ testing $PTII/ptolemy/domains/de/test/auto/CQBug1.xml
auto.tcl: Setting watchdog for 200 seconds at Thu Aug 30 02:02:47 UTC 2018
3 ms. Memory: 208384K Free: 196432K (94%)
ptolemy.util.test.WatchDog.cancel(): canceling Thu Aug 30 02:02:47 UTC 2018
auto.tcl: Setting watchdog for 200 seconds at Thu Aug 30 02:02:47 UTC 2018
2 ms. Memory: 208384K Free: 196432K (94%)
ptolemy.util.test.WatchDog.cancel(): canceling Thu Aug 30 02:02:47 UTC 2018
------------------ testing $PTII/ptolemy/domains/de/test/auto/CancelFireAt.xml
auto.tcl: Setting watchdog for 200 seconds at Thu Aug 30 02:02:47 UTC 2018
11 ms. Memory: 208384K Free: 201063K (96%)
ptolemy.util.test.WatchDog.cancel(): canceling Thu Aug 30 02:02:47 UTC 2018
auto.tcl: Setting watchdog for 200 seconds at Thu Aug 30 02:02:47 UTC 2018
2 ms. Memory: 208384K Free: 198938K (95%)
ptolemy.util.test.WatchDog.cancel(): canceling Thu Aug 30 02:02:47 UTC 2018
------------------ testing $PTII/ptolemy/domains/de/test/auto/CausalityAndComposabilityAnalysis.xml
auto.tcl: Setting watchdog for 200 seconds at Thu Aug 30 02:02:47 UTC 2018
10 ms. Memory: 208384K Free: 198534K (95%)
ptolemy.util.test.WatchDog.cancel(): canceling Thu Aug 30 02:02:47 UTC 2018
auto.tcl: Setting watchdog for 200 seconds at Thu Aug 30 02:02:47 UTC 2018
14 ms. Memory: 208384K Free: 196408K (94%)
ptolemy.util.test.WatchDog.cancel(): canceling Thu Aug 30 02:02:47 UTC 2018
------------------ testing $PTII/ptolemy/domains/de/test/auto/CausalityInterface1.xml
auto.tcl: Setting watchdog for 200 seconds at Thu Aug 30 02:02:48 UTC 2018
26 ms. Memory: 208384K Free: 196345K (94%)
ptolemy.util.test.WatchDog.cancel(): canceling Thu Aug 30 02:02:48 UTC 2018
auto.tcl: Setting watchdog for 200 seconds at Thu Aug 30 02:02:48 UTC 2018
7 ms. Memory: 208384K Free: 196345K (94%)
ptolemy.util.test.WatchDog.cancel(): canceling Thu Aug 30 02:02:48 UTC 2018
------------------ testing $PTII/ptolemy/domains/de/test/auto/CausalityInterface15.xml
auto.tcl: Setting watchdog for 200 seconds at Thu Aug 30 02:02:48 UTC 2018
7 ms. Memory: 208384K Free: 196336K (94%)
ptolemy.util.test.WatchDog.cancel(): canceling Thu Aug 30 02:02:48 UTC 2018
auto.tcl: Setting watchdog for 200 seconds at Thu Aug 30 02:02:48 UTC 2018
8 ms. Memory: 208384K Free: 196336K (94%)
ptolemy.util.test.WatchDog.cancel(): canceling Thu Aug 30 02:02:48 UTC 2018
------------------ testing $PTII/ptolemy/domains/de/test/auto/CausalityInterface2.xml
auto.tcl: Setting watchdog for 200 seconds at Thu Aug 30 02:02:48 UTC 2018
7 ms. Memory: 208384K Free: 196319K (94%)
ptolemy.util.test.WatchDog.cancel(): canceling Thu Aug 30 02:02:48 UTC 2018
auto.tcl: Setting watchdog for 200 seconds at Thu Aug 30 02:02:48 UTC 2018
3 ms. Memory: 208384K Free: 196319K (94%)
ptolemy.util.test.WatchDog.cancel(): canceling Thu Aug 30 02:02:48 UTC 2018
------------------ testing $PTII/ptolemy/domains/de/test/auto/CausalityInterface3.xml
auto.tcl: Setting watchdog for 200 seconds at Thu Aug 30 02:02:48 UTC 2018
4 ms. Memory: 208384K Free: 196332K (94%)
ptolemy.util.test.WatchDog.cancel(): canceling Thu Aug 30 02:02:48 UTC 2018
auto.tcl: Setting watchdog for 200 seconds at Thu Aug 30 02:02:48 UTC 2018
3 ms. Memory: 208384K Free: 196332K (94%)
ptolemy.util.test.WatchDog.cancel(): canceling Thu Aug 30 02:02:48 UTC 2018
------------------ testing $PTII/ptolemy/domains/de/test/auto/ClockDrift.xml
auto.tcl: Setting watchdog for 200 seconds at Thu Aug 30 02:02:48 UTC 2018
86 ms. Memory: 208384K Free: 187488K (90%)
ptolemy.util.test.WatchDog.cancel(): canceling Thu Aug 30 02:02:48 UTC 2018
auto.tcl: Setting watchdog for 200 seconds at Thu Aug 30 02:02:48 UTC 2018
51 ms. Memory: 208384K Free: 185362K (89%)
ptolemy.util.test.WatchDog.cancel(): canceling Thu Aug 30 02:02:48 UTC 2018
------------------ testing $PTII/ptolemy/domains/de/test/auto/ClockDriftAndValueChange.xml
auto.tcl: Setting watchdog for 200 seconds at Thu Aug 30 02:02:48 UTC 2018
32 ms. Memory: 208384K Free: 187323K (90%)
ptolemy.util.test.WatchDog.cancel(): canceling Thu Aug 30 02:02:48 UTC 2018
auto.tcl: Setting watchdog for 200 seconds at Thu Aug 30 02:02:48 UTC 2018
37 ms. Memory: 208384K Free: 185198K (89%)
ptolemy.util.test.WatchDog.cancel(): canceling Thu Aug 30 02:02:48 UTC 2018
------------------ testing $PTII/ptolemy/domains/de/test/auto/ClockDriftChange.xml
auto.tcl: Setting watchdog for 200 seconds at Thu Aug 30 02:02:48 UTC 2018
20 ms. Memory: 208384K Free: 190628K (91%)
ptolemy.util.test.WatchDog.cancel(): canceling Thu Aug 30 02:02:48 UTC 2018
auto.tcl: Setting watchdog for 200 seconds at Thu Aug 30 02:02:48 UTC 2018
19 ms. Memory: 208384K Free: 188503K (90%)
ptolemy.util.test.WatchDog.cancel(): canceling Thu Aug 30 02:02:48 UTC 2018
------------------ testing $PTII/ptolemy/domains/de/test/auto/ComposableCausalityAnalysis.xml
auto.tcl: Setting watchdog for 200 seconds at Thu Aug 30 02:02:48 UTC 2018
2 ms. Memory: 208384K Free: 196178K (94%)
ptolemy.util.test.WatchDog.cancel(): canceling Thu Aug 30 02:02:49 UTC 2018
auto.tcl: Setting watchdog for 200 seconds at Thu Aug 30 02:02:49 UTC 2018
2 ms. Memory: 208384K Free: 194053K (93%)
ptolemy.util.test.WatchDog.cancel(): canceling Thu Aug 30 02:02:49 UTC 2018
------------------ testing $PTII/ptolemy/domains/de/test/auto/DEFixedPointLimitation.xml
auto.tcl: Setting watchdog for 200 seconds at Thu Aug 30 02:02:49 UTC 2018
1 ms. Memory: 208384K Free: 198400K (95%)
ptolemy.util.test.WatchDog.cancel(): canceling Thu Aug 30 02:02:49 UTC 2018
auto.tcl: Setting watchdog for 200 seconds at Thu Aug 30 02:02:49 UTC 2018
1 ms. Memory: 208384K Free: 196272K (94%)
ptolemy.util.test.WatchDog.cancel(): canceling Thu Aug 30 02:02:49 UTC 2018
------------------ testing $PTII/ptolemy/domains/de/test/auto/DEScheduleTest.xml
auto.tcl: Setting watchdog for 200 seconds at Thu Aug 30 02:02:49 UTC 2018
3 ms. Memory: 208384K Free: 198436K (95%)
ptolemy.util.test.WatchDog.cancel(): canceling Thu Aug 30 02:02:49 UTC 2018
auto.tcl: Setting watchdog for 200 seconds at Thu Aug 30 02:02:49 UTC 2018
6 ms. Memory: 208384K Free: 196295K (94%)
ptolemy.util.test.WatchDog.cancel(): canceling Thu Aug 30 02:02:49 UTC 2018
------------------ testing $PTII/ptolemy/domains/de/test/auto/DEinDEwithStartTimes.xml
auto.tcl: Setting watchdog for 200 seconds at Thu Aug 30 02:02:49 UTC 2018
4 ms. Memory: 208384K Free: 196249K (94%)
ptolemy.util.test.WatchDog.cancel(): canceling Thu Aug 30 02:02:49 UTC 2018
auto.tcl: Setting watchdog for 200 seconds at Thu Aug 30 02:02:49 UTC 2018
3 ms. Memory: 208384K Free: 194123K (93%)
ptolemy.util.test.WatchDog.cancel(): canceling Thu Aug 30 02:02:49 UTC 2018
------------------ testing $PTII/ptolemy/domains/de/test/auto/DEinDEwithStartTimes2.xml
auto.tcl: Setting watchdog for 200 seconds at Thu Aug 30 02:02:49 UTC 2018
4 ms. Memory: 208384K Free: 196244K (94%)
ptolemy.util.test.WatchDog.cancel(): canceling Thu Aug 30 02:02:49 UTC 2018
auto.tcl: Setting watchdog for 200 seconds at Thu Aug 30 02:02:49 UTC 2018
4 ms. Memory: 208384K Free: 194118K (93%)
ptolemy.util.test.WatchDog.cancel(): canceling Thu Aug 30 02:02:49 UTC 2018
------------------ testing $PTII/ptolemy/domains/de/test/auto/DateDemo.xml
auto.tcl: Setting watchdog for 200 seconds at Thu Aug 30 02:02:49 UTC 2018
8 ms. Memory: 208384K Free: 188613K (91%)
ptolemy.util.test.WatchDog.cancel(): canceling Thu Aug 30 02:02:49 UTC 2018
auto.tcl: Setting watchdog for 200 seconds at Thu Aug 30 02:02:49 UTC 2018
11 ms. Memory: 208384K Free: 186472K (89%)
ptolemy.util.test.WatchDog.cancel(): canceling Thu Aug 30 02:02:49 UTC 2018
------------------ testing $PTII/ptolemy/domains/de/test/auto/DateToEvent.xml
auto.tcl: Setting watchdog for 200 seconds at Thu Aug 30 02:02:49 UTC 2018
2012 ms. Memory: 208384K Free: 183180K (88%)
ptolemy.util.test.WatchDog.cancel(): canceling Thu Aug 30 02:02:51 UTC 2018
auto.tcl: Setting watchdog for 200 seconds at Thu Aug 30 02:02:51 UTC 2018
2005 ms. Memory: 208384K Free: 183180K (88%)
ptolemy.util.test.WatchDog.cancel(): canceling Thu Aug 30 02:02:53 UTC 2018
------------------ testing $PTII/ptolemy/domains/de/test/auto/DepthTest1.xml
auto.tcl: Setting watchdog for 200 seconds at Thu Aug 30 02:02:53 UTC 2018
3 ms. Memory: 208384K Free: 197956K (95%)
ptolemy.util.test.WatchDog.cancel(): canceling Thu Aug 30 02:02:53 UTC 2018
auto.tcl: Setting watchdog for 200 seconds at Thu Aug 30 02:02:53 UTC 2018
1 ms. Memory: 208384K Free: 197956K (95%)
ptolemy.util.test.WatchDog.cancel(): canceling Thu Aug 30 02:02:53 UTC 2018
------------------ testing $PTII/ptolemy/domains/de/test/auto/DepthTest2.xml
auto.tcl: Setting watchdog for 200 seconds at Thu Aug 30 02:02:53 UTC 2018
3 ms. Memory: 208384K Free: 194139K (93%)
ptolemy.util.test.WatchDog.cancel(): canceling Thu Aug 30 02:02:53 UTC 2018
auto.tcl: Setting watchdog for 200 seconds at Thu Aug 30 02:02:53 UTC 2018
6 ms. Memory: 208384K Free: 194139K (93%)
ptolemy.util.test.WatchDog.cancel(): canceling Thu Aug 30 02:02:53 UTC 2018
------------------ testing $PTII/ptolemy/domains/de/test/auto/DepthTest3.xml
auto.tcl: Setting watchdog for 200 seconds at Thu Aug 30 02:02:53 UTC 2018
4 ms. Memory: 208384K Free: 198620K (95%)
ptolemy.util.test.WatchDog.cancel(): canceling Thu Aug 30 02:02:53 UTC 2018
auto.tcl: Setting watchdog for 200 seconds at Thu Aug 30 02:02:53 UTC 2018
1 ms. Memory: 208384K Free: 198620K (95%)
ptolemy.util.test.WatchDog.cancel(): canceling Thu Aug 30 02:02:53 UTC 2018
------------------ testing $PTII/ptolemy/domains/de/test/auto/DepthTest4.xml
auto.tcl: Setting watchdog for 200 seconds at Thu Aug 30 02:02:53 UTC 2018
8 ms. Memory: 208384K Free: 196245K (94%)
ptolemy.util.test.WatchDog.cancel(): canceling Thu Aug 30 02:02:53 UTC 2018
auto.tcl: Setting watchdog for 200 seconds at Thu Aug 30 02:02:53 UTC 2018
2 ms. Memory: 208384K Free: 196245K (94%)
ptolemy.util.test.WatchDog.cancel(): canceling Thu Aug 30 02:02:53 UTC 2018
------------------ testing $PTII/ptolemy/domains/de/test/auto/DepthTest5.xml
auto.tcl: Setting watchdog for 200 seconds at Thu Aug 30 02:02:53 UTC 2018
3 ms. Memory: 208384K Free: 196192K (94%)
ptolemy.util.test.WatchDog.cancel(): canceling Thu Aug 30 02:02:53 UTC 2018
auto.tcl: Setting watchdog for 200 seconds at Thu Aug 30 02:02:53 UTC 2018
2 ms. Memory: 208384K Free: 196192K (94%)
ptolemy.util.test.WatchDog.cancel(): canceling Thu Aug 30 02:02:53 UTC 2018
------------------ testing $PTII/ptolemy/domains/de/test/auto/DepthTest6.xml
auto.tcl: Setting watchdog for 200 seconds at Thu Aug 30 02:02:53 UTC 2018
9 ms. Memory: 208384K Free: 196506K (94%)
ptolemy.util.test.WatchDog.cancel(): canceling Thu Aug 30 02:02:53 UTC 2018
auto.tcl: Setting watchdog for 200 seconds at Thu Aug 30 02:02:53 UTC 2018
2 ms. Memory: 208384K Free: 196506K (94%)
ptolemy.util.test.WatchDog.cancel(): canceling Thu Aug 30 02:02:53 UTC 2018
------------------ testing $PTII/ptolemy/domains/de/test/auto/DepthTest7.xml
auto.tcl: Setting watchdog for 200 seconds at Thu Aug 30 02:02:53 UTC 2018
2 ms. Memory: 208384K Free: 196149K (94%)
ptolemy.util.test.WatchDog.cancel(): canceling Thu Aug 30 02:02:54 UTC 2018
auto.tcl: Setting watchdog for 200 seconds at Thu Aug 30 02:02:54 UTC 2018
2 ms. Memory: 208384K Free: 196149K (94%)
ptolemy.util.test.WatchDog.cancel(): canceling Thu Aug 30 02:02:54 UTC 2018
------------------ testing $PTII/ptolemy/domains/de/test/auto/EventToDate.xml
auto.tcl: Setting watchdog for 200 seconds at Thu Aug 30 02:02:54 UTC 2018
3010 ms. Memory: 208384K Free: 183055K (88%)
ptolemy.util.test.WatchDog.cancel(): canceling Thu Aug 30 02:02:57 UTC 2018
auto.tcl: Setting watchdog for 200 seconds at Thu Aug 30 02:02:57 UTC 2018
3005 ms. Memory: 208384K Free: 183055K (88%)
ptolemy.util.test.WatchDog.cancel(): canceling Thu Aug 30 02:03:00 UTC 2018
------------------ testing $PTII/ptolemy/domains/de/test/auto/FSM1.xml
auto.tcl: Setting watchdog for 200 seconds at Thu Aug 30 02:03:00 UTC 2018
15 ms. Memory: 208384K Free: 189119K (91%)
ptolemy.util.test.WatchDog.cancel(): canceling Thu Aug 30 02:03:00 UTC 2018
auto.tcl: Setting watchdog for 200 seconds at Thu Aug 30 02:03:00 UTC 2018
18 ms. Memory: 208384K Free: 184836K (89%)
ptolemy.util.test.WatchDog.cancel(): canceling Thu Aug 30 02:03:00 UTC 2018
------------------ testing $PTII/ptolemy/domains/de/test/auto/FSM7.xml
auto.tcl: Setting watchdog for 200 seconds at Thu Aug 30 02:03:00 UTC 2018
27 ms. Memory: 208384K Free: 187196K (90%)
ptolemy.util.test.WatchDog.cancel(): canceling Thu Aug 30 02:03:00 UTC 2018
auto.tcl: Setting watchdog for 200 seconds at Thu Aug 30 02:03:00 UTC 2018
16 ms. Memory: 208384K Free: 185071K (89%)
ptolemy.util.test.WatchDog.cancel(): canceling Thu Aug 30 02:03:00 UTC 2018
------------------ testing $PTII/ptolemy/domains/de/test/auto/Inspection.xml
auto.tcl: Setting watchdog for 200 seconds at Thu Aug 30 02:03:00 UTC 2018
23 ms. Memory: 208384K Free: 188756K (91%)
ptolemy.util.test.WatchDog.cancel(): canceling Thu Aug 30 02:03:00 UTC 2018
auto.tcl: Setting watchdog for 200 seconds at Thu Aug 30 02:03:00 UTC 2018
22 ms. Memory: 208384K Free: 186623K (90%)
ptolemy.util.test.WatchDog.cancel(): canceling Thu Aug 30 02:03:00 UTC 2018
------------------ testing $PTII/ptolemy/domains/de/test/auto/Iteration.xml
auto.tcl: Setting watchdog for 200 seconds at Thu Aug 30 02:03:00 UTC 2018
16 ms. Memory: 208384K Free: 195972K (94%)
ptolemy.util.test.WatchDog.cancel(): canceling Thu Aug 30 02:03:00 UTC 2018
auto.tcl: Setting watchdog for 200 seconds at Thu Aug 30 02:03:00 UTC 2018
7 ms. Memory: 208384K Free: 193831K (93%)
ptolemy.util.test.WatchDog.cancel(): canceling Thu Aug 30 02:03:00 UTC 2018
------------------ testing $PTII/ptolemy/domains/de/test/auto/LineFault.xml
auto.tcl: Setting watchdog for 200 seconds at Thu Aug 30 02:03:00 UTC 2018
811 ms. Memory: 208384K Free: 195197K (94%)
ptolemy.util.test.WatchDog.cancel(): canceling Thu Aug 30 02:03:01 UTC 2018
auto.tcl: Setting watchdog for 200 seconds at Thu Aug 30 02:03:01 UTC 2018
615 ms. Memory: 208384K Free: 138973K (67%)
ptolemy.util.test.WatchDog.cancel(): canceling Thu Aug 30 02:03:02 UTC 2018
------------------ testing $PTII/ptolemy/domains/de/test/auto/MergeModel1Add.xml
auto.tcl: Setting watchdog for 200 seconds at Thu Aug 30 02:03:02 UTC 2018
31 ms. Memory: 331264K Free: 298930K (90%)
ptolemy.util.test.WatchDog.cancel(): canceling Thu Aug 30 02:03:02 UTC 2018
auto.tcl: Setting watchdog for 200 seconds at Thu Aug 30 02:03:02 UTC 2018
9 ms. Memory: 331264K Free: 298930K (90%)
ptolemy.util.test.WatchDog.cancel(): canceling Thu Aug 30 02:03:02 UTC 2018
------------------ testing $PTII/ptolemy/domains/de/test/auto/MergeModel2Add.xml
auto.tcl: Setting watchdog for 200 seconds at Thu Aug 30 02:03:02 UTC 2018
9 ms. Memory: 331264K Free: 304228K (92%)
ptolemy.util.test.WatchDog.cancel(): canceling Thu Aug 30 02:03:02 UTC 2018
auto.tcl: Setting watchdog for 200 seconds at Thu Aug 30 02:03:02 UTC 2018
7 ms. Memory: 331264K Free: 300292K (91%)
ptolemy.util.test.WatchDog.cancel(): canceling Thu Aug 30 02:03:02 UTC 2018
------------------ testing $PTII/ptolemy/domains/de/test/auto/MergeModel3Add.xml
auto.tcl: Setting watchdog for 200 seconds at Thu Aug 30 02:03:02 UTC 2018
8 ms. Memory: 331264K Free: 304232K (92%)
ptolemy.util.test.WatchDog.cancel(): canceling Thu Aug 30 02:03:02 UTC 2018
auto.tcl: Setting watchdog for 200 seconds at Thu Aug 30 02:03:02 UTC 2018
7 ms. Memory: 331264K Free: 300304K (91%)
ptolemy.util.test.WatchDog.cancel(): canceling Thu Aug 30 02:03:02 UTC 2018
------------------ testing $PTII/ptolemy/domains/de/test/auto/MergeWithoutDiscard.xml
auto.tcl: Setting watchdog for 200 seconds at Thu Aug 30 02:03:02 UTC 2018
2 ms. Memory: 331264K Free: 320249K (97%)
ptolemy.util.test.WatchDog.cancel(): canceling Thu Aug 30 02:03:02 UTC 2018
auto.tcl: Setting watchdog for 200 seconds at Thu Aug 30 02:03:02 UTC 2018
1 ms. Memory: 331264K Free: 316321K (95%)
ptolemy.util.test.WatchDog.cancel(): canceling Thu Aug 30 02:03:02 UTC 2018
------------------ testing $PTII/ptolemy/domains/de/test/auto/Modal1.xml
auto.tcl: Setting watchdog for 200 seconds at Thu Aug 30 02:03:02 UTC 2018
14 ms. Memory: 331264K Free: 309940K (94%)
ptolemy.util.test.WatchDog.cancel(): canceling Thu Aug 30 02:03:02 UTC 2018
auto.tcl: Setting watchdog for 200 seconds at Thu Aug 30 02:03:02 UTC 2018
11 ms. Memory: 331264K Free: 306012K (92%)
ptolemy.util.test.WatchDog.cancel(): canceling Thu Aug 30 02:03:02 UTC 2018
------------------ testing $PTII/ptolemy/domains/de/test/auto/Modal2.xml
auto.tcl: Setting watchdog for 200 seconds at Thu Aug 30 02:03:02 UTC 2018
10 ms. Memory: 331264K Free: 309806K (94%)
ptolemy.util.test.WatchDog.cancel(): canceling Thu Aug 30 02:03:03 UTC 2018
auto.tcl: Setting watchdog for 200 seconds at Thu Aug 30 02:03:03 UTC 2018
15 ms. Memory: 331264K Free: 305870K (92%)
ptolemy.util.test.WatchDog.cancel(): canceling Thu Aug 30 02:03:03 UTC 2018
------------------ testing $PTII/ptolemy/domains/de/test/auto/Modal3.xml
auto.tcl: Setting watchdog for 200 seconds at Thu Aug 30 02:03:03 UTC 2018
10 ms. Memory: 331264K Free: 309820K (94%)
ptolemy.util.test.WatchDog.cancel(): canceling Thu Aug 30 02:03:03 UTC 2018
auto.tcl: Setting watchdog for 200 seconds at Thu Aug 30 02:03:03 UTC 2018
10 ms. Memory: 331264K Free: 305884K (92%)
ptolemy.util.test.WatchDog.cancel(): canceling Thu Aug 30 02:03:03 UTC 2018
------------------ testing $PTII/ptolemy/domains/de/test/auto/Modal4.xml
auto.tcl: Setting watchdog for 200 seconds at Thu Aug 30 02:03:03 UTC 2018
27 ms. Memory: 331264K Free: 309817K (94%)
ptolemy.util.test.WatchDog.cancel(): canceling Thu Aug 30 02:03:03 UTC 2018
auto.tcl: Setting watchdog for 200 seconds at Thu Aug 30 02:03:03 UTC 2018
19 ms. Memory: 331264K Free: 305873K (92%)
ptolemy.util.test.WatchDog.cancel(): canceling Thu Aug 30 02:03:03 UTC 2018
------------------ testing $PTII/ptolemy/domains/de/test/auto/Modal5.xml
auto.tcl: Setting watchdog for 200 seconds at Thu Aug 30 02:03:03 UTC 2018
16 ms. Memory: 331264K Free: 309804K (94%)
ptolemy.util.test.WatchDog.cancel(): canceling Thu Aug 30 02:03:03 UTC 2018
auto.tcl: Setting watchdog for 200 seconds at Thu Aug 30 02:03:03 UTC 2018
16 ms. Memory: 331264K Free: 305876K (92%)
ptolemy.util.test.WatchDog.cancel(): canceling Thu Aug 30 02:03:03 UTC 2018
------------------ testing $PTII/ptolemy/domains/de/test/auto/Modal6.xml
auto.tcl: Setting watchdog for 200 seconds at Thu Aug 30 02:03:03 UTC 2018
14 ms. Memory: 331264K Free: 309786K (94%)
ptolemy.util.test.WatchDog.cancel(): canceling Thu Aug 30 02:03:03 UTC 2018
auto.tcl: Setting watchdog for 200 seconds at Thu Aug 30 02:03:03 UTC 2018
18 ms. Memory: 331264K Free: 305850K (92%)
ptolemy.util.test.WatchDog.cancel(): canceling Thu Aug 30 02:03:03 UTC 2018
------------------ testing $PTII/ptolemy/domains/de/test/auto/Modal7.xml
auto.tcl: Setting watchdog for 200 seconds at Thu Aug 30 02:03:03 UTC 2018
17 ms. Memory: 331264K Free: 309802K (94%)
ptolemy.util.test.WatchDog.cancel(): canceling Thu Aug 30 02:03:03 UTC 2018
auto.tcl: Setting watchdog for 200 seconds at Thu Aug 30 02:03:03 UTC 2018
13 ms. Memory: 331264K Free: 305871K (92%)
ptolemy.util.test.WatchDog.cancel(): canceling Thu Aug 30 02:03:03 UTC 2018
------------------ testing $PTII/ptolemy/domains/de/test/auto/ModalModel.xml
auto.tcl: Setting watchdog for 200 seconds at Thu Aug 30 02:03:03 UTC 2018
188 ms. Memory: 331264K Free: 246087K (74%)
ptolemy.util.test.WatchDog.cancel(): canceling Thu Aug 30 02:03:03 UTC 2018
auto.tcl: Setting watchdog for 200 seconds at Thu Aug 30 02:03:03 UTC 2018
170 ms. Memory: 331264K Free: 190968K (58%)
ptolemy.util.test.WatchDog.cancel(): canceling Thu Aug 30 02:03:04 UTC 2018
------------------ testing $PTII/ptolemy/domains/de/test/auto/ModalSource.xml
auto.tcl: Setting watchdog for 200 seconds at Thu Aug 30 02:03:04 UTC 2018
9 ms. Memory: 331264K Free: 316755K (96%)
ptolemy.util.test.WatchDog.cancel(): canceling Thu Aug 30 02:03:04 UTC 2018
auto.tcl: Setting watchdog for 200 seconds at Thu Aug 30 02:03:04 UTC 2018
6 ms. Memory: 331264K Free: 313256K (95%)
ptolemy.util.test.WatchDog.cancel(): canceling Thu Aug 30 02:03:04 UTC 2018
------------------ testing $PTII/ptolemy/domains/de/test/auto/NonInterruptibleTimerZeroDelay.xml
auto.tcl: Setting watchdog for 200 seconds at Thu Aug 30 02:03:04 UTC 2018
4 ms. Memory: 331264K Free: 320915K (97%)
ptolemy.util.test.WatchDog.cancel(): canceling Thu Aug 30 02:03:04 UTC 2018
auto.tcl: Setting watchdog for 200 seconds at Thu Aug 30 02:03:04 UTC 2018
2 ms. Memory: 331264K Free: 317416K (96%)
ptolemy.util.test.WatchDog.cancel(): canceling Thu Aug 30 02:03:04 UTC 2018
------------------ testing $PTII/ptolemy/domains/de/test/auto/OpenQueueingNetwork.xml
auto.tcl: Setting watchdog for 200 seconds at Thu Aug 30 02:03:04 UTC 2018
2820 ms. Memory: 317952K Free: 147129K (46%)
ptolemy.util.test.WatchDog.cancel(): canceling Thu Aug 30 02:03:07 UTC 2018
auto.tcl: Setting watchdog for 200 seconds at Thu Aug 30 02:03:07 UTC 2018
2224 ms. Memory: 287232K Free: 224357K (78%)
ptolemy.util.test.WatchDog.cancel(): canceling Thu Aug 30 02:03:09 UTC 2018
------------------ testing $PTII/ptolemy/domains/de/test/auto/OpenQueuingNetwork.xml
auto.tcl: Setting watchdog for 200 seconds at Thu Aug 30 02:03:09 UTC 2018
227 ms. Memory: 287232K Free: 187884K (65%)
ptolemy.util.test.WatchDog.cancel(): canceling Thu Aug 30 02:03:09 UTC 2018
auto.tcl: Setting watchdog for 200 seconds at Thu Aug 30 02:03:09 UTC 2018
208 ms. Memory: 287232K Free: 128128K (45%)
ptolemy.util.test.WatchDog.cancel(): canceling Thu Aug 30 02:03:10 UTC 2018
------------------ testing $PTII/ptolemy/domains/de/test/auto/PeriodicSampler.xml
auto.tcl: Setting watchdog for 200 seconds at Thu Aug 30 02:03:10 UTC 2018
3 ms. Memory: 289792K Free: 274925K (95%)
ptolemy.util.test.WatchDog.cancel(): canceling Thu Aug 30 02:03:10 UTC 2018
auto.tcl: Setting watchdog for 200 seconds at Thu Aug 30 02:03:10 UTC 2018
1 ms. Memory: 289792K Free: 274925K (95%)
ptolemy.util.test.WatchDog.cancel(): canceling Thu Aug 30 02:03:10 UTC 2018
------------------ testing $PTII/ptolemy/domains/de/test/auto/PersistentIO.xml
auto.tcl: Setting watchdog for 200 seconds at Thu Aug 30 02:03:10 UTC 2018
14 ms. Memory: 287232K Free: 267201K (93%)
ptolemy.util.test.WatchDog.cancel(): canceling Thu Aug 30 02:03:10 UTC 2018
auto.tcl: Setting watchdog for 200 seconds at Thu Aug 30 02:03:10 UTC 2018
4 ms. Memory: 287232K Free: 267201K (93%)
ptolemy.util.test.WatchDog.cancel(): canceling Thu Aug 30 02:03:10 UTC 2018
------------------ testing $PTII/ptolemy/domains/de/test/auto/PortParameterResetOnInitialize.xml
auto.tcl: Setting watchdog for 200 seconds at Thu Aug 30 02:03:10 UTC 2018
3 ms. Memory: 289280K Free: 274757K (95%)
ptolemy.util.test.WatchDog.cancel(): canceling Thu Aug 30 02:03:10 UTC 2018
auto.tcl: Setting watchdog for 200 seconds at Thu Aug 30 02:03:10 UTC 2018
1 ms. Memory: 289280K Free: 274757K (95%)
ptolemy.util.test.WatchDog.cancel(): canceling Thu Aug 30 02:03:10 UTC 2018
------------------ testing $PTII/ptolemy/domains/de/test/auto/PortParameterUpdates.xml
auto.tcl: Setting watchdog for 200 seconds at Thu Aug 30 02:03:10 UTC 2018
3 ms. Memory: 287232K Free: 275002K (96%)
ptolemy.util.test.WatchDog.cancel(): canceling Thu Aug 30 02:03:10 UTC 2018
auto.tcl: Setting watchdog for 200 seconds at Thu Aug 30 02:03:10 UTC 2018
3 ms. Memory: 287232K Free: 272120K (95%)
ptolemy.util.test.WatchDog.cancel(): canceling Thu Aug 30 02:03:10 UTC 2018
------------------ testing $PTII/ptolemy/domains/de/test/auto/QueueAndServer.xml
auto.tcl: Setting watchdog for 200 seconds at Thu Aug 30 02:03:10 UTC 2018
19 ms. Memory: 289280K Free: 274039K (95%)
ptolemy.util.test.WatchDog.cancel(): canceling Thu Aug 30 02:03:10 UTC 2018
auto.tcl: Setting watchdog for 200 seconds at Thu Aug 30 02:03:10 UTC 2018
6 ms. Memory: 289280K Free: 274039K (95%)
ptolemy.util.test.WatchDog.cancel(): canceling Thu Aug 30 02:03:10 UTC 2018
------------------ testing $PTII/ptolemy/domains/de/test/auto/Records.xml
auto.tcl: Setting watchdog for 200 seconds at Thu Aug 30 02:03:10 UTC 2018
7 ms. Memory: 287232K Free: 274821K (96%)
ptolemy.util.test.WatchDog.cancel(): canceling Thu Aug 30 02:03:10 UTC 2018
auto.tcl: Setting watchdog for 200 seconds at Thu Aug 30 02:03:10 UTC 2018
2 ms. Memory: 287232K Free: 274821K (96%)
ptolemy.util.test.WatchDog.cancel(): canceling Thu Aug 30 02:03:10 UTC 2018
------------------ testing $PTII/ptolemy/domains/de/test/auto/ResetTransitionWithStartTime1.xml
auto.tcl: Setting watchdog for 200 seconds at Thu Aug 30 02:03:10 UTC 2018
12 ms. Memory: 288768K Free: 273594K (95%)
ptolemy.util.test.WatchDog.cancel(): canceling Thu Aug 30 02:03:10 UTC 2018
auto.tcl: Setting watchdog for 200 seconds at Thu Aug 30 02:03:10 UTC 2018
6 ms. Memory: 288768K Free: 270604K (94%)
ptolemy.util.test.WatchDog.cancel(): canceling Thu Aug 30 02:03:10 UTC 2018
------------------ testing $PTII/ptolemy/domains/de/test/auto/ResetTransitionWithStartTime2.xml
auto.tcl: Setting watchdog for 200 seconds at Thu Aug 30 02:03:10 UTC 2018
6 ms. Memory: 287232K Free: 272048K (95%)
ptolemy.util.test.WatchDog.cancel(): canceling Thu Aug 30 02:03:10 UTC 2018
auto.tcl: Setting watchdog for 200 seconds at Thu Aug 30 02:03:10 UTC 2018
6 ms. Memory: 287232K Free: 269158K (94%)
ptolemy.util.test.WatchDog.cancel(): canceling Thu Aug 30 02:03:10 UTC 2018
------------------ testing $PTII/ptolemy/domains/de/test/auto/ResetTransitionWithStartTime3.xml
auto.tcl: Setting watchdog for 200 seconds at Thu Aug 30 02:03:10 UTC 2018
9 ms. Memory: 288768K Free: 273360K (95%)
ptolemy.util.test.WatchDog.cancel(): canceling Thu Aug 30 02:03:10 UTC 2018
auto.tcl: Setting watchdog for 200 seconds at Thu Aug 30 02:03:10 UTC 2018
4 ms. Memory: 288768K Free: 270470K (94%)
ptolemy.util.test.WatchDog.cancel(): canceling Thu Aug 30 02:03:10 UTC 2018
------------------ testing $PTII/ptolemy/domains/de/test/auto/ResetTransitionWithStartTime4.xml
auto.tcl: Setting watchdog for 200 seconds at Thu Aug 30 02:03:10 UTC 2018
3 ms. Memory: 287232K Free: 271814K (95%)
ptolemy.util.test.WatchDog.cancel(): canceling Thu Aug 30 02:03:10 UTC 2018
auto.tcl: Setting watchdog for 200 seconds at Thu Aug 30 02:03:10 UTC 2018
4 ms. Memory: 287232K Free: 271814K (95%)
ptolemy.util.test.WatchDog.cancel(): canceling Thu Aug 30 02:03:10 UTC 2018
------------------ testing $PTII/ptolemy/domains/de/test/auto/ResettableTimer1.xml
auto.tcl: Setting watchdog for 200 seconds at Thu Aug 30 02:03:10 UTC 2018
2 ms. Memory: 288768K Free: 276211K (96%)
ptolemy.util.test.WatchDog.cancel(): canceling Thu Aug 30 02:03:10 UTC 2018
auto.tcl: Setting watchdog for 200 seconds at Thu Aug 30 02:03:10 UTC 2018
2 ms. Memory: 288768K Free: 276211K (96%)
ptolemy.util.test.WatchDog.cancel(): canceling Thu Aug 30 02:03:10 UTC 2018
------------------ testing $PTII/ptolemy/domains/de/test/auto/ResettableTimer2.xml
auto.tcl: Setting watchdog for 200 seconds at Thu Aug 30 02:03:10 UTC 2018
3 ms. Memory: 287232K Free: 274834K (96%)
ptolemy.util.test.WatchDog.cancel(): canceling Thu Aug 30 02:03:10 UTC 2018
auto.tcl: Setting watchdog for 200 seconds at Thu Aug 30 02:03:10 UTC 2018
3 ms. Memory: 287232K Free: 274834K (96%)
ptolemy.util.test.WatchDog.cancel(): canceling Thu Aug 30 02:03:10 UTC 2018
------------------ testing $PTII/ptolemy/domains/de/test/auto/ResettableTimer3.xml
auto.tcl: Setting watchdog for 200 seconds at Thu Aug 30 02:03:10 UTC 2018
1 ms. Memory: 288256K Free: 275757K (96%)
ptolemy.util.test.WatchDog.cancel(): canceling Thu Aug 30 02:03:11 UTC 2018
auto.tcl: Setting watchdog for 200 seconds at Thu Aug 30 02:03:11 UTC 2018
1 ms. Memory: 288256K Free: 275757K (96%)
ptolemy.util.test.WatchDog.cancel(): canceling Thu Aug 30 02:03:11 UTC 2018
------------------ testing $PTII/ptolemy/domains/de/test/auto/ResettableTimer4.xml
auto.tcl: Setting watchdog for 200 seconds at Thu Aug 30 02:03:11 UTC 2018
1 ms. Memory: 287232K Free: 274862K (96%)
ptolemy.util.test.WatchDog.cancel(): canceling Thu Aug 30 02:03:11 UTC 2018
auto.tcl: Setting watchdog for 200 seconds at Thu Aug 30 02:03:11 UTC 2018
1 ms. Memory: 287232K Free: 274862K (96%)
ptolemy.util.test.WatchDog.cancel(): canceling Thu Aug 30 02:03:11 UTC 2018
------------------ testing $PTII/ptolemy/domains/de/test/auto/ResettableTimer5.xml
auto.tcl: Setting watchdog for 200 seconds at Thu Aug 30 02:03:11 UTC 2018
1 ms. Memory: 288256K Free: 273819K (95%)
ptolemy.util.test.WatchDog.cancel(): canceling Thu Aug 30 02:03:11 UTC 2018
auto.tcl: Setting watchdog for 200 seconds at Thu Aug 30 02:03:11 UTC 2018
2 ms. Memory: 288256K Free: 273819K (95%)
ptolemy.util.test.WatchDog.cancel(): canceling Thu Aug 30 02:03:11 UTC 2018
------------------ testing $PTII/ptolemy/domains/de/test/auto/ResettableTimer6.xml
auto.tcl: Setting watchdog for 200 seconds at Thu Aug 30 02:03:11 UTC 2018
1 ms. Memory: 287232K Free: 272635K (95%)
ptolemy.util.test.WatchDog.cancel(): canceling Thu Aug 30 02:03:11 UTC 2018
auto.tcl: Setting watchdog for 200 seconds at Thu Aug 30 02:03:11 UTC 2018
1 ms. Memory: 287232K Free: 272635K (95%)
ptolemy.util.test.WatchDog.cancel(): canceling Thu Aug 30 02:03:11 UTC 2018
------------------ testing $PTII/ptolemy/domains/de/test/auto/ServerZeroDelay.xml
auto.tcl: Setting watchdog for 200 seconds at Thu Aug 30 02:03:11 UTC 2018
5 ms. Memory: 288256K Free: 275809K (96%)
ptolemy.util.test.WatchDog.cancel(): canceling Thu Aug 30 02:03:11 UTC 2018
auto.tcl: Setting watchdog for 200 seconds at Thu Aug 30 02:03:11 UTC 2018
2 ms. Memory: 288256K Free: 275809K (96%)
ptolemy.util.test.WatchDog.cancel(): canceling Thu Aug 30 02:03:11 UTC 2018
------------------ testing $PTII/ptolemy/domains/de/test/auto/SmartSender.xml
auto.tcl: Setting watchdog for 200 seconds at Thu Aug 30 02:03:11 UTC 2018
3001 ms. Memory: 287232K Free: 268621K (94%)
ptolemy.util.test.WatchDog.cancel(): canceling Thu Aug 30 02:03:14 UTC 2018
auto.tcl: Setting watchdog for 200 seconds at Thu Aug 30 02:03:14 UTC 2018
3001 ms. Memory: 287232K Free: 268621K (94%)
ptolemy.util.test.WatchDog.cancel(): canceling Thu Aug 30 02:03:17 UTC 2018
------------------ testing $PTII/ptolemy/domains/de/test/auto/ThreadedComposite.xml
auto.tcl: Setting watchdog for 200 seconds at Thu Aug 30 02:03:17 UTC 2018
198 ms. Memory: 288256K Free: 254729K (88%)
ptolemy.util.test.WatchDog.cancel(): canceling Thu Aug 30 02:03:17 UTC 2018
auto.tcl: Setting watchdog for 200 seconds at Thu Aug 30 02:03:17 UTC 2018
110 ms. Memory: 288256K Free: 238691K (83%)
ptolemy.util.test.WatchDog.cancel(): canceling Thu Aug 30 02:03:17 UTC 2018
------------------ testing $PTII/ptolemy/domains/de/test/auto/Time.xml
auto.tcl: Setting watchdog for 200 seconds at Thu Aug 30 02:03:17 UTC 2018
515 ms. Memory: 287232K Free: 218831K (76%)
ptolemy.util.test.WatchDog.cancel(): canceling Thu Aug 30 02:03:18 UTC 2018
auto.tcl: Setting watchdog for 200 seconds at Thu Aug 30 02:03:18 UTC 2018
517 ms. Memory: 287232K Free: 164234K (57%)
ptolemy.util.test.WatchDog.cancel(): canceling Thu Aug 30 02:03:18 UTC 2018
------------------ testing $PTII/ptolemy/domains/de/test/auto/TimeDelayZeroDelay.xml
auto.tcl: Setting watchdog for 200 seconds at Thu Aug 30 02:03:18 UTC 2018
2 ms. Memory: 287744K Free: 275765K (96%)
ptolemy.util.test.WatchDog.cancel(): canceling Thu Aug 30 02:03:18 UTC 2018
auto.tcl: Setting watchdog for 200 seconds at Thu Aug 30 02:03:18 UTC 2018
2 ms. Memory: 287744K Free: 275765K (96%)
ptolemy.util.test.WatchDog.cancel(): canceling Thu Aug 30 02:03:18 UTC 2018
------------------ testing $PTII/ptolemy/domains/de/test/auto/TimerZeroDelay.xml
auto.tcl: Setting watchdog for 200 seconds at Thu Aug 30 02:03:18 UTC 2018
4 ms. Memory: 287232K Free: 275362K (96%)
ptolemy.util.test.WatchDog.cancel(): canceling Thu Aug 30 02:03:18 UTC 2018
auto.tcl: Setting watchdog for 200 seconds at Thu Aug 30 02:03:18 UTC 2018
2 ms. Memory: 287232K Free: 275362K (96%)
ptolemy.util.test.WatchDog.cancel(): canceling Thu Aug 30 02:03:18 UTC 2018
------------------ testing $PTII/ptolemy/domains/de/test/auto/TimingParadox.xml
auto.tcl: Setting watchdog for 200 seconds at Thu Aug 30 02:03:18 UTC 2018
413 ms. Memory: 287744K Free: 207849K (72%)
ptolemy.util.test.WatchDog.cancel(): canceling Thu Aug 30 02:03:19 UTC 2018
auto.tcl: Setting watchdog for 200 seconds at Thu Aug 30 02:03:19 UTC 2018
389 ms. Memory: 287744K Free: 169312K (59%)
ptolemy.util.test.WatchDog.cancel(): canceling Thu Aug 30 02:03:19 UTC 2018
------------------ testing $PTII/ptolemy/domains/de/test/auto/TransferInputs.xml
auto.tcl: Setting watchdog for 200 seconds at Thu Aug 30 02:03:19 UTC 2018
2 ms. Memory: 287744K Free: 274745K (95%)
ptolemy.util.test.WatchDog.cancel(): canceling Thu Aug 30 02:03:19 UTC 2018
auto.tcl: Setting watchdog for 200 seconds at Thu Aug 30 02:03:19 UTC 2018
1 ms. Memory: 287744K Free: 274745K (95%)
ptolemy.util.test.WatchDog.cancel(): canceling Thu Aug 30 02:03:19 UTC 2018
------------------ testing $PTII/ptolemy/domains/de/test/auto/TransferOutputs2.xml
auto.tcl: Setting watchdog for 200 seconds at Thu Aug 30 02:03:19 UTC 2018
3 ms. Memory: 287232K Free: 272753K (95%)
ptolemy.util.test.WatchDog.cancel(): canceling Thu Aug 30 02:03:20 UTC 2018
auto.tcl: Setting watchdog for 200 seconds at Thu Aug 30 02:03:20 UTC 2018
3 ms. Memory: 287232K Free: 270155K (94%)
ptolemy.util.test.WatchDog.cancel(): canceling Thu Aug 30 02:03:20 UTC 2018
------------------ testing $PTII/ptolemy/domains/de/test/auto/Trilateration.xml
auto.tcl: Setting watchdog for 200 seconds at Thu Aug 30 02:03:20 UTC 2018
13394 ms. Memory: 473088K Free: 274018K (58%)
ptolemy.util.test.WatchDog.cancel(): canceling Thu Aug 30 02:03:34 UTC 2018
auto.tcl: Setting watchdog for 200 seconds at Thu Aug 30 02:03:34 UTC 2018
10835 ms. Memory: 352256K Free: 234492K (67%)
ptolemy.util.test.WatchDog.cancel(): canceling Thu Aug 30 02:03:45 UTC 2018
------------------ testing $PTII/ptolemy/domains/de/test/auto/TwoSigmaDelta.xml
auto.tcl: Setting watchdog for 200 seconds at Thu Aug 30 02:03:45 UTC 2018
2670 ms. Memory: 339968K Free: 312924K (92%)
ptolemy.util.test.WatchDog.cancel(): canceling Thu Aug 30 02:03:48 UTC 2018
auto.tcl: Setting watchdog for 200 seconds at Thu Aug 30 02:03:48 UTC 2018
2110 ms. Memory: 339968K Free: 84622K (25%)
ptolemy.util.test.WatchDog.cancel(): canceling Thu Aug 30 02:03:50 UTC 2018
------------------ testing $PTII/ptolemy/domains/de/test/auto/VariableDelay.xml
auto.tcl: Setting watchdog for 200 seconds at Thu Aug 30 02:03:50 UTC 2018
3 ms. Memory: 337408K Free: 313710K (93%)
ptolemy.util.test.WatchDog.cancel(): canceling Thu Aug 30 02:03:50 UTC 2018
auto.tcl: Setting watchdog for 200 seconds at Thu Aug 30 02:03:50 UTC 2018
2 ms. Memory: 337408K Free: 309785K (92%)
ptolemy.util.test.WatchDog.cancel(): canceling Thu Aug 30 02:03:50 UTC 2018
------------------ testing $PTII/ptolemy/domains/de/test/auto/VariableDelay2.xml
auto.tcl: Setting watchdog for 200 seconds at Thu Aug 30 02:03:50 UTC 2018
2 ms. Memory: 339456K Free: 315675K (93%)
ptolemy.util.test.WatchDog.cancel(): canceling Thu Aug 30 02:03:50 UTC 2018
auto.tcl: Setting watchdog for 200 seconds at Thu Aug 30 02:03:50 UTC 2018
1 ms. Memory: 339456K Free: 311766K (92%)
ptolemy.util.test.WatchDog.cancel(): canceling Thu Aug 30 02:03:50 UTC 2018
------------------ testing $PTII/ptolemy/domains/de/test/auto/VariableDelayZeroDelay.xml
auto.tcl: Setting watchdog for 200 seconds at Thu Aug 30 02:03:50 UTC 2018
2 ms. Memory: 337408K Free: 311066K (92%)
ptolemy.util.test.WatchDog.cancel(): canceling Thu Aug 30 02:03:50 UTC 2018
auto.tcl: Setting watchdog for 200 seconds at Thu Aug 30 02:03:50 UTC 2018
2 ms. Memory: 337408K Free: 311066K (92%)
ptolemy.util.test.WatchDog.cancel(): canceling Thu Aug 30 02:03:50 UTC 2018
------------------ testing $PTII/ptolemy/domains/de/test/auto/VariableDelayZeroDelay2.xml
auto.tcl: Setting watchdog for 200 seconds at Thu Aug 30 02:03:50 UTC 2018
3 ms. Memory: 339456K Free: 313112K (92%)
ptolemy.util.test.WatchDog.cancel(): canceling Thu Aug 30 02:03:50 UTC 2018
auto.tcl: Setting watchdog for 200 seconds at Thu Aug 30 02:03:50 UTC 2018
2 ms. Memory: 339456K Free: 309187K (91%)
ptolemy.util.test.WatchDog.cancel(): canceling Thu Aug 30 02:03:50 UTC 2018
------------------ testing $PTII/ptolemy/domains/de/test/auto/deInCt.xml
auto.tcl: Setting watchdog for 200 seconds at Thu Aug 30 02:03:50 UTC 2018
0
1
1
1
0
0
1
1
1
1
0
0
0
1
1
1
1
0
0
1
1
0
0
0
0
1
1
1
0
0
0
1
1
1
0
0
0
1
1
1
0
0
0
1
1
0
0
0
0
1
1
0
0
0
0
19 ms. Memory: 337408K Free: 307132K (91%)
ptolemy.util.test.WatchDog.cancel(): canceling Thu Aug 30 02:03:50 UTC 2018
auto.tcl: Setting watchdog for 200 seconds at Thu Aug 30 02:03:50 UTC 2018
0
1
1
1
0
0
0
1
1
1
0
0
0
0
1
1
0
0
0
0
1
1
1
0
0
0
0
1
1
1
1
1
0
0
1
1
1
1
6 ms. Memory: 337408K Free: 307132K (91%)
ptolemy.util.test.WatchDog.cancel(): canceling Thu Aug 30 02:03:50 UTC 2018
------------------ testing $PTII/ptolemy/domains/de/test/auto/deInCt2.xml
auto.tcl: Setting watchdog for 200 seconds at Thu Aug 30 02:03:51 UTC 2018
0
1
1
1
0
0
1
1
1
0
0
1
1
1
0
0
1
1
1
0
0
1
1
1
0
0
1
1
1
0
0
1
1
1
0
0
1
1
1
0
0
0
8 ms. Memory: 338944K Free: 308672K (91%)
ptolemy.util.test.WatchDog.cancel(): canceling Thu Aug 30 02:03:51 UTC 2018
auto.tcl: Setting watchdog for 200 seconds at Thu Aug 30 02:03:51 UTC 2018
0
1
1
1
0
0
1
1
1
0
0
1
1
1
0
0
1
1
1
0
0
1
1
1
0
0
1
1
1
0
0
1
1
1
0
0
1
1
1
0
0
0
5 ms. Memory: 338944K Free: 308672K (91%)
ptolemy.util.test.WatchDog.cancel(): canceling Thu Aug 30 02:03:51 UTC 2018
------------------ testing $PTII/ptolemy/domains/de/test/auto/dynamicCausalityInterface1.xml
auto.tcl: Setting watchdog for 200 seconds at Thu Aug 30 02:03:51 UTC 2018
1 ms. Memory: 337408K Free: 303239K (90%)
ptolemy.util.test.WatchDog.cancel(): canceling Thu Aug 30 02:03:51 UTC 2018
auto.tcl: Setting watchdog for 200 seconds at Thu Aug 30 02:03:51 UTC 2018
1 ms. Memory: 337408K Free: 303239K (90%)
ptolemy.util.test.WatchDog.cancel(): canceling Thu Aug 30 02:03:51 UTC 2018
------------------ testing $PTII/ptolemy/domains/de/test/auto/fsm_de_test.xml
auto.tcl: Setting watchdog for 200 seconds at Thu Aug 30 02:03:51 UTC 2018
15 ms. Memory: 338944K Free: 304654K (90%)
ptolemy.util.test.WatchDog.cancel(): canceling Thu Aug 30 02:03:51 UTC 2018
auto.tcl: Setting watchdog for 200 seconds at Thu Aug 30 02:03:51 UTC 2018
5 ms. Memory: 338944K Free: 304654K (90%)
ptolemy.util.test.WatchDog.cancel(): canceling Thu Aug 30 02:03:51 UTC 2018
------------------ testing $PTII/ptolemy/domains/de/test/auto/functionDependencyReconstruction.xml
auto.tcl: Setting watchdog for 200 seconds at Thu Aug 30 02:03:51 UTC 2018
2 ms. Memory: 337408K Free: 299184K (89%)
ptolemy.util.test.WatchDog.cancel(): canceling Thu Aug 30 02:03:51 UTC 2018
auto.tcl: Setting watchdog for 200 seconds at Thu Aug 30 02:03:51 UTC 2018
3 ms. Memory: 337408K Free: 295267K (88%)
ptolemy.util.test.WatchDog.cancel(): canceling Thu Aug 30 02:03:51 UTC 2018
------------------ testing $PTII/ptolemy/domains/de/test/auto/multirate.xml
auto.tcl: Setting watchdog for 200 seconds at Thu Aug 30 02:03:51 UTC 2018
6 ms. Memory: 338432K Free: 307926K (91%)
ptolemy.util.test.WatchDog.cancel(): canceling Thu Aug 30 02:03:51 UTC 2018
auto.tcl: Setting watchdog for 200 seconds at Thu Aug 30 02:03:51 UTC 2018
2 ms. Memory: 338432K Free: 307926K (91%)
ptolemy.util.test.WatchDog.cancel(): canceling Thu Aug 30 02:03:51 UTC 2018
------------------ testing $PTII/ptolemy/domains/de/test/auto/multirate2.xml
auto.tcl: Setting watchdog for 200 seconds at Thu Aug 30 02:03:51 UTC 2018
3 ms. Memory: 337408K Free: 307082K (91%)
ptolemy.util.test.WatchDog.cancel(): canceling Thu Aug 30 02:03:51 UTC 2018
auto.tcl: Setting watchdog for 200 seconds at Thu Aug 30 02:03:51 UTC 2018
3 ms. Memory: 337408K Free: 307082K (91%)
ptolemy.util.test.WatchDog.cancel(): canceling Thu Aug 30 02:03:51 UTC 2018
------------------ testing $PTII/ptolemy/domains/de/test/auto/realtime.xml
auto.tcl: Setting watchdog for 200 seconds at Thu Aug 30 02:03:51 UTC 2018
10001 ms. Memory: 338432K Free: 308100K (91%)
ptolemy.util.test.WatchDog.cancel(): canceling Thu Aug 30 02:04:01 UTC 2018
auto.tcl: Setting watchdog for 200 seconds at Thu Aug 30 02:04:01 UTC 2018
10001 ms. Memory: 338432K Free: 308100K (91%)
ptolemy.util.test.WatchDog.cancel(): canceling Thu Aug 30 02:04:11 UTC 2018
------------------ testing $PTII/ptolemy/domains/de/test/auto/relationGroup.xml
auto.tcl: Setting watchdog for 200 seconds at Thu Aug 30 02:04:11 UTC 2018
2 ms. Memory: 337408K Free: 311032K (92%)
ptolemy.util.test.WatchDog.cancel(): canceling Thu Aug 30 02:04:11 UTC 2018
auto.tcl: Setting watchdog for 200 seconds at Thu Aug 30 02:04:11 UTC 2018
1 ms. Memory: 337408K Free: 311032K (92%)
ptolemy.util.test.WatchDog.cancel(): canceling Thu Aug 30 02:04:11 UTC 2018
------------------ testing $PTII/ptolemy/domains/de/test/auto/relationGroup2.xml
auto.tcl: Setting watchdog for 200 seconds at Thu Aug 30 02:04:12 UTC 2018
1 ms. Memory: 338432K Free: 312083K (92%)
ptolemy.util.test.WatchDog.cancel(): canceling Thu Aug 30 02:04:12 UTC 2018
auto.tcl: Setting watchdog for 200 seconds at Thu Aug 30 02:04:12 UTC 2018
2 ms. Memory: 338432K Free: 312083K (92%)
ptolemy.util.test.WatchDog.cancel(): canceling Thu Aug 30 02:04:12 UTC 2018
------------------ testing $PTII/ptolemy/domains/de/test/auto/sortWithOpaquePorts.xml
auto.tcl: Setting watchdog for 200 seconds at Thu Aug 30 02:04:12 UTC 2018
1 ms. Memory: 337408K Free: 311060K (92%)
ptolemy.util.test.WatchDog.cancel(): canceling Thu Aug 30 02:04:12 UTC 2018
auto.tcl: Setting watchdog for 200 seconds at Thu Aug 30 02:04:12 UTC 2018
2 ms. Memory: 337408K Free: 307135K (91%)
ptolemy.util.test.WatchDog.cancel(): canceling Thu Aug 30 02:04:12 UTC 2018
------------------ testing $PTII/ptolemy/domains/de/test/auto/transferInputsandOutputs.xml
auto.tcl: Setting watchdog for 200 seconds at Thu Aug 30 02:04:12 UTC 2018
2 ms. Memory: 337920K Free: 307634K (91%)
ptolemy.util.test.WatchDog.cancel(): canceling Thu Aug 30 02:04:12 UTC 2018
auto.tcl: Setting watchdog for 200 seconds at Thu Aug 30 02:04:12 UTC 2018
4 ms. Memory: 337920K Free: 307634K (91%)
ptolemy.util.test.WatchDog.cancel(): canceling Thu Aug 30 02:04:12 UTC 2018
------------------ testing $PTII/ptolemy/domains/de/test/auto/triggerType.xml
auto.tcl: Setting watchdog for 200 seconds at Thu Aug 30 02:04:12 UTC 2018
2 ms. Memory: 337408K Free: 310997K (92%)
ptolemy.util.test.WatchDog.cancel(): canceling Thu Aug 30 02:04:12 UTC 2018
auto.tcl: Setting watchdog for 200 seconds at Thu Aug 30 02:04:12 UTC 2018
2 ms. Memory: 337408K Free: 307072K (91%)
ptolemy.util.test.WatchDog.cancel(): canceling Thu Aug 30 02:04:12 UTC 2018
08/30/18 02:04:12
Failed: 0  Total Tests: 192  ((Passed: 187, Newly Passed: 1)  Known Failed: 5) /home/travis/build/icyphy/ptII/ptolemy/domains/de/test
08/30/18 02:04:12
Failed: 0  Total Tests: 192  ((Passed: 187, Newly Passed: 1)  Known Failed: 5) /home/travis/build/icyphy/ptII/ptolemy/domains/de/test
----------------- testing (KnownFailure) /home/travis/build/icyphy/ptII/ptolemy/domains/de/test/auto/knownFailedTests/DESDFClockTest.xml
2009 ms. Memory: 337920K Free: 301303K (89%)
Known Failure: java.lang.reflect.InvocationTargetException
----------------- testing (KnownFailure) /home/travis/build/icyphy/ptII/ptolemy/domains/de/test/auto/knownFailedTests/DirectFeedback.xml
1 ms. Memory: 337920K Free: 280822K (83%)
Known Failure: java.lang.reflect.InvocationTargetException
----------------- testing (KnownFailure) /home/travis/build/icyphy/ptII/ptolemy/domains/de/test/auto/knownFailedTests/FSMSource.xml
13 ms. Memory: 337920K Free: 255206K (76%)
----------------- testing (KnownFailure) /home/travis/build/icyphy/ptII/ptolemy/domains/de/test/auto/knownFailedTests/HierarchicalModel.xml
3 ms. Memory: 337920K Free: 229574K (68%)
Known Failure: java.lang.reflect.InvocationTargetException
----------------- testing (KnownFailure) /home/travis/build/icyphy/ptII/ptolemy/domains/de/test/auto/knownFailedTests/dependencyLoop.xml
2 ms. Memory: 337920K Free: 198837K (59%)
Known Failure: java.lang.reflect.InvocationTargetException
----------------- testing (KnownFailure) /home/travis/build/icyphy/ptII/ptolemy/domains/de/test/auto/knownFailedTests/dependencyLoop2.xml
3 ms. Memory: 337920K Free: 168101K (50%)
Known Failure: java.lang.reflect.InvocationTargetException
No auto/linux-amd64/*.xml tests in /home/travis/build/icyphy/ptII/ptolemy/domains/de/test
AutoTests.java: About to close Vertx.
AutoTests.java: Vertx closed.

===========================================================================================
----------------- testing Thu Aug 30 02:04:14 UTC 2018 /home/travis/build/icyphy/ptII/ptolemy/domains/de/test/auto/ActorDepthCalculation_actorWithoutPorts.xml
----------------- Instantiating /home/travis/build/icyphy/ptII/ptolemy/domains/de/test/auto/ActorDepthCalculation_actorWithoutPorts.xml
1 ms. Memory: 337920K Free: 142501K (42%)
----------------- Invoking toplevel() on ptolemy.moml.MoMLSimpleApplication@b8c70b0
----------------- Done invoking toplevel() on ptolemy.moml.MoMLSimpleApplication@b8c70b0
reloadAllAccessors: .ActorDepthCalculation_actorWithoutPorts

===========================================================================================
----------------- testing Thu Aug 30 02:04:14 UTC 2018 /home/travis/build/icyphy/ptII/ptolemy/domains/de/test/auto/AssemblyLine.xml
----------------- Instantiating /home/travis/build/icyphy/ptII/ptolemy/domains/de/test/auto/AssemblyLine.xml
2 ms. Memory: 337920K Free: 127141K (38%)
----------------- Invoking toplevel() on ptolemy.moml.MoMLSimpleApplication@313e91f6
----------------- Done invoking toplevel() on ptolemy.moml.MoMLSimpleApplication@313e91f6
reloadAllAccessors: .AssemblyLine

===========================================================================================
----------------- testing Thu Aug 30 02:04:14 UTC 2018 /home/travis/build/icyphy/ptII/ptolemy/domains/de/test/auto/CQBug1.xml
----------------- Instantiating /home/travis/build/icyphy/ptII/ptolemy/domains/de/test/auto/CQBug1.xml
0 ms. Memory: 337920K Free: 116901K (35%)
----------------- Invoking toplevel() on ptolemy.moml.MoMLSimpleApplication@31b077d2
----------------- Done invoking toplevel() on ptolemy.moml.MoMLSimpleApplication@31b077d2
reloadAllAccessors: .CQBug1

===========================================================================================
----------------- testing Thu Aug 30 02:04:14 UTC 2018 /home/travis/build/icyphy/ptII/ptolemy/domains/de/test/auto/CancelFireAt.xml
----------------- Instantiating /home/travis/build/icyphy/ptII/ptolemy/domains/de/test/auto/CancelFireAt.xml
2 ms. Memory: 337920K Free: 106661K (32%)
----------------- Invoking toplevel() on ptolemy.moml.MoMLSimpleApplication@1db57dfc
----------------- Done invoking toplevel() on ptolemy.moml.MoMLSimpleApplication@1db57dfc
reloadAllAccessors: .CancelFireAt

===========================================================================================
----------------- testing Thu Aug 30 02:04:14 UTC 2018 /home/travis/build/icyphy/ptII/ptolemy/domains/de/test/auto/CausalityAndComposabilityAnalysis.xml
----------------- Instantiating /home/travis/build/icyphy/ptII/ptolemy/domains/de/test/auto/CausalityAndComposabilityAnalysis.xml
2 ms. Memory: 337920K Free: 96420K (29%)
----------------- Invoking toplevel() on ptolemy.moml.MoMLSimpleApplication@507f00e1
----------------- Done invoking toplevel() on ptolemy.moml.MoMLSimpleApplication@507f00e1
reloadAllAccessors: .CausalityAndComposabilityAnalysis

===========================================================================================
----------------- testing Thu Aug 30 02:04:14 UTC 2018 /home/travis/build/icyphy/ptII/ptolemy/domains/de/test/auto/CausalityInterface1.xml
----------------- Instantiating /home/travis/build/icyphy/ptII/ptolemy/domains/de/test/auto/CausalityInterface1.xml
4 ms. Memory: 337920K Free: 86180K (26%)
----------------- Invoking toplevel() on ptolemy.moml.MoMLSimpleApplication@749f1ee6
----------------- Done invoking toplevel() on ptolemy.moml.MoMLSimpleApplication@749f1ee6
reloadAllAccessors: .CausalityInterface1

===========================================================================================
----------------- testing Thu Aug 30 02:04:14 UTC 2018 /home/travis/build/icyphy/ptII/ptolemy/domains/de/test/auto/CausalityInterface15.xml
----------------- Instantiating /home/travis/build/icyphy/ptII/ptolemy/domains/de/test/auto/CausalityInterface15.xml
2 ms. Memory: 337920K Free: 72031K (21%)
----------------- Invoking toplevel() on ptolemy.moml.MoMLSimpleApplication@3947668f
----------------- Done invoking toplevel() on ptolemy.moml.MoMLSimpleApplication@3947668f
reloadAllAccessors: .CausalityInterface15

===========================================================================================
----------------- testing Thu Aug 30 02:04:14 UTC 2018 /home/travis/build/icyphy/ptII/ptolemy/domains/de/test/auto/CausalityInterface2.xml
----------------- Instantiating /home/travis/build/icyphy/ptII/ptolemy/domains/de/test/auto/CausalityInterface2.xml
1 ms. Memory: 337920K Free: 64592K (19%)
----------------- Invoking toplevel() on ptolemy.moml.MoMLSimpleApplication@1a12ada
----------------- Done invoking toplevel() on ptolemy.moml.MoMLSimpleApplication@1a12ada
reloadAllAccessors: .CausalityInterface2

===========================================================================================
----------------- testing Thu Aug 30 02:04:14 UTC 2018 /home/travis/build/icyphy/ptII/ptolemy/domains/de/test/auto/CausalityInterface3.xml
----------------- Instantiating /home/travis/build/icyphy/ptII/ptolemy/domains/de/test/auto/CausalityInterface3.xml
2 ms. Memory: 326144K Free: 298801K (92%)
----------------- Invoking toplevel() on ptolemy.moml.MoMLSimpleApplication@1e07ba85
----------------- Done invoking toplevel() on ptolemy.moml.MoMLSimpleApplication@1e07ba85
reloadAllAccessors: .CausalityInterface3

===========================================================================================
----------------- testing Thu Aug 30 02:04:14 UTC 2018 /home/travis/build/icyphy/ptII/ptolemy/domains/de/test/auto/ClockDrift.xml
----------------- Instantiating /home/travis/build/icyphy/ptII/ptolemy/domains/de/test/auto/ClockDrift.xml
12 ms. Memory: 326144K Free: 276749K (85%)
----------------- Invoking toplevel() on ptolemy.moml.MoMLSimpleApplication@2838282f
----------------- Done invoking toplevel() on ptolemy.moml.MoMLSimpleApplication@2838282f
reloadAllAccessors: .ClockDrift

===========================================================================================
----------------- testing Thu Aug 30 02:04:14 UTC 2018 /home/travis/build/icyphy/ptII/ptolemy/domains/de/test/auto/ClockDriftAndValueChange.xml
----------------- Instantiating /home/travis/build/icyphy/ptII/ptolemy/domains/de/test/auto/ClockDriftAndValueChange.xml
10 ms. Memory: 326144K Free: 257170K (79%)
----------------- Invoking toplevel() on ptolemy.moml.MoMLSimpleApplication@4f491f07
----------------- Done invoking toplevel() on ptolemy.moml.MoMLSimpleApplication@4f491f07
reloadAllAccessors: .ClockDriftAndValueChange

===========================================================================================
----------------- testing Thu Aug 30 02:04:14 UTC 2018 /home/travis/build/icyphy/ptII/ptolemy/domains/de/test/auto/ClockDriftChange.xml
----------------- Instantiating /home/travis/build/icyphy/ptII/ptolemy/domains/de/test/auto/ClockDriftChange.xml
10 ms. Memory: 326144K Free: 242485K (74%)
----------------- Invoking toplevel() on ptolemy.moml.MoMLSimpleApplication@aaca0e6
----------------- Done invoking toplevel() on ptolemy.moml.MoMLSimpleApplication@aaca0e6
reloadAllAccessors: .ClockDriftChange

===========================================================================================
----------------- testing Thu Aug 30 02:04:14 UTC 2018 /home/travis/build/icyphy/ptII/ptolemy/domains/de/test/auto/ComposableCausalityAnalysis.xml
----------------- Instantiating /home/travis/build/icyphy/ptII/ptolemy/domains/de/test/auto/ComposableCausalityAnalysis.xml
1 ms. Memory: 326144K Free: 227785K (70%)
----------------- Invoking toplevel() on ptolemy.moml.MoMLSimpleApplication@4b679d63
----------------- Done invoking toplevel() on ptolemy.moml.MoMLSimpleApplication@4b679d63
reloadAllAccessors: .ComposableCausalityAnalysis

===========================================================================================
----------------- testing Thu Aug 30 02:04:14 UTC 2018 /home/travis/build/icyphy/ptII/ptolemy/domains/de/test/auto/DEFixedPointLimitation.xml
----------------- Instantiating /home/travis/build/icyphy/ptII/ptolemy/domains/de/test/auto/DEFixedPointLimitation.xml
1 ms. Memory: 326144K Free: 217996K (67%)
----------------- Invoking toplevel() on ptolemy.moml.MoMLSimpleApplication@5d0e7334
----------------- Done invoking toplevel() on ptolemy.moml.MoMLSimpleApplication@5d0e7334
reloadAllAccessors: .DEFixedPointLimitation

===========================================================================================
----------------- testing Thu Aug 30 02:04:14 UTC 2018 /home/travis/build/icyphy/ptII/ptolemy/domains/de/test/auto/DEScheduleTest.xml
----------------- Instantiating /home/travis/build/icyphy/ptII/ptolemy/domains/de/test/auto/DEScheduleTest.xml
2 ms. Memory: 326144K Free: 205751K (63%)
----------------- Invoking toplevel() on ptolemy.moml.MoMLSimpleApplication@14ef9348
----------------- Done invoking toplevel() on ptolemy.moml.MoMLSimpleApplication@14ef9348
reloadAllAccessors: .DEScheduleTest

===========================================================================================
----------------- testing Thu Aug 30 02:04:14 UTC 2018 /home/travis/build/icyphy/ptII/ptolemy/domains/de/test/auto/DEinDEwithStartTimes.xml
----------------- Instantiating /home/travis/build/icyphy/ptII/ptolemy/domains/de/test/auto/DEinDEwithStartTimes.xml
1 ms. Memory: 326144K Free: 195961K (60%)
----------------- Invoking toplevel() on ptolemy.moml.MoMLSimpleApplication@7f5dd31d
----------------- Done invoking toplevel() on ptolemy.moml.MoMLSimpleApplication@7f5dd31d
reloadAllAccessors: .DEinDEwithStartTimes

===========================================================================================
----------------- testing Thu Aug 30 02:04:14 UTC 2018 /home/travis/build/icyphy/ptII/ptolemy/domains/de/test/auto/DEinDEwithStartTimes2.xml
----------------- Instantiating /home/travis/build/icyphy/ptII/ptolemy/domains/de/test/auto/DEinDEwithStartTimes2.xml
2 ms. Memory: 326144K Free: 176366K (54%)
----------------- Invoking toplevel() on ptolemy.moml.MoMLSimpleApplication@12c98cbe
----------------- Done invoking toplevel() on ptolemy.moml.MoMLSimpleApplication@12c98cbe
reloadAllAccessors: .DEinDEwithStartTimes2

===========================================================================================
----------------- testing Thu Aug 30 02:04:14 UTC 2018 /home/travis/build/icyphy/ptII/ptolemy/domains/de/test/auto/DateDemo.xml
----------------- Instantiating /home/travis/build/icyphy/ptII/ptolemy/domains/de/test/auto/DateDemo.xml
5 ms. Memory: 326144K Free: 156755K (48%)
----------------- Invoking toplevel() on ptolemy.moml.MoMLSimpleApplication@30102334
----------------- Done invoking toplevel() on ptolemy.moml.MoMLSimpleApplication@30102334
reloadAllAccessors: .DateDemo

===========================================================================================
----------------- testing Thu Aug 30 02:04:15 UTC 2018 /home/travis/build/icyphy/ptII/ptolemy/domains/de/test/auto/DateToEvent.xml
----------------- Instantiating /home/travis/build/icyphy/ptII/ptolemy/domains/de/test/auto/DateToEvent.xml
2005 ms. Memory: 326144K Free: 132273K (41%)
----------------- Invoking toplevel() on ptolemy.moml.MoMLSimpleApplication@52c2bc22
----------------- Done invoking toplevel() on ptolemy.moml.MoMLSimpleApplication@52c2bc22
reloadAllAccessors: .DateToEvent

===========================================================================================
----------------- testing Thu Aug 30 02:04:17 UTC 2018 /home/travis/build/icyphy/ptII/ptolemy/domains/de/test/auto/DepthTest1.xml
----------------- Instantiating /home/travis/build/icyphy/ptII/ptolemy/domains/de/test/auto/DepthTest1.xml
1 ms. Memory: 326144K Free: 120028K (37%)
----------------- Invoking toplevel() on ptolemy.moml.MoMLSimpleApplication@5f2760bc
----------------- Done invoking toplevel() on ptolemy.moml.MoMLSimpleApplication@5f2760bc
reloadAllAccessors: .DepthTest1

===========================================================================================
----------------- testing Thu Aug 30 02:04:17 UTC 2018 /home/travis/build/icyphy/ptII/ptolemy/domains/de/test/auto/DepthTest2.xml
----------------- Instantiating /home/travis/build/icyphy/ptII/ptolemy/domains/de/test/auto/DepthTest2.xml
2 ms. Memory: 326144K Free: 105328K (32%)
----------------- Invoking toplevel() on ptolemy.moml.MoMLSimpleApplication@4ca1ccdb
----------------- Done invoking toplevel() on ptolemy.moml.MoMLSimpleApplication@4ca1ccdb
reloadAllAccessors: .DepthTest2

===========================================================================================
----------------- testing Thu Aug 30 02:04:17 UTC 2018 /home/travis/build/icyphy/ptII/ptolemy/domains/de/test/auto/DepthTest3.xml
----------------- Instantiating /home/travis/build/icyphy/ptII/ptolemy/domains/de/test/auto/DepthTest3.xml
1 ms. Memory: 326144K Free: 95539K (29%)
----------------- Invoking toplevel() on ptolemy.moml.MoMLSimpleApplication@69f7c035
----------------- Done invoking toplevel() on ptolemy.moml.MoMLSimpleApplication@69f7c035
reloadAllAccessors: .DepthTest3

===========================================================================================
----------------- testing Thu Aug 30 02:04:17 UTC 2018 /home/travis/build/icyphy/ptII/ptolemy/domains/de/test/auto/DepthTest4.xml
----------------- Instantiating /home/travis/build/icyphy/ptII/ptolemy/domains/de/test/auto/DepthTest4.xml
1 ms. Memory: 326144K Free: 85749K (26%)
----------------- Invoking toplevel() on ptolemy.moml.MoMLSimpleApplication@2407e8cb
----------------- Done invoking toplevel() on ptolemy.moml.MoMLSimpleApplication@2407e8cb
reloadAllAccessors: .DepthTest4

===========================================================================================
----------------- testing Thu Aug 30 02:04:17 UTC 2018 /home/travis/build/icyphy/ptII/ptolemy/domains/de/test/auto/DepthTest5.xml
----------------- Instantiating /home/travis/build/icyphy/ptII/ptolemy/domains/de/test/auto/DepthTest5.xml
2 ms. Memory: 326144K Free: 71065K (22%)
----------------- Invoking toplevel() on ptolemy.moml.MoMLSimpleApplication@4dd11b93
----------------- Done invoking toplevel() on ptolemy.moml.MoMLSimpleApplication@4dd11b93
reloadAllAccessors: .DepthTest5

===========================================================================================
----------------- testing Thu Aug 30 02:04:17 UTC 2018 /home/travis/build/icyphy/ptII/ptolemy/domains/de/test/auto/DepthTest6.xml
----------------- Instantiating /home/travis/build/icyphy/ptII/ptolemy/domains/de/test/auto/DepthTest6.xml
1 ms. Memory: 315904K Free: 293178K (93%)
----------------- Invoking toplevel() on ptolemy.moml.MoMLSimpleApplication@11e085bc
----------------- Done invoking toplevel() on ptolemy.moml.MoMLSimpleApplication@11e085bc
reloadAllAccessors: .DepthTest6

===========================================================================================
----------------- testing Thu Aug 30 02:04:17 UTC 2018 /home/travis/build/icyphy/ptII/ptolemy/domains/de/test/auto/DepthTest7.xml
----------------- Instantiating /home/travis/build/icyphy/ptII/ptolemy/domains/de/test/auto/DepthTest7.xml
1 ms. Memory: 315904K Free: 284560K (90%)
----------------- Invoking toplevel() on ptolemy.moml.MoMLSimpleApplication@45079f0f
----------------- Done invoking toplevel() on ptolemy.moml.MoMLSimpleApplication@45079f0f
reloadAllAccessors: .DepthTest7

===========================================================================================
----------------- testing Thu Aug 30 02:04:17 UTC 2018 /home/travis/build/icyphy/ptII/ptolemy/domains/de/test/auto/EventToDate.xml
----------------- Instantiating /home/travis/build/icyphy/ptII/ptolemy/domains/de/test/auto/EventToDate.xml
3003 ms. Memory: 315904K Free: 268131K (85%)
----------------- Invoking toplevel() on ptolemy.moml.MoMLSimpleApplication@61e79635
----------------- Done invoking toplevel() on ptolemy.moml.MoMLSimpleApplication@61e79635
reloadAllAccessors: .EventToDate

===========================================================================================
----------------- testing Thu Aug 30 02:04:20 UTC 2018 /home/travis/build/icyphy/ptII/ptolemy/domains/de/test/auto/FSM1.xml
----------------- Instantiating /home/travis/build/icyphy/ptII/ptolemy/domains/de/test/auto/FSM1.xml
8 ms. Memory: 315904K Free: 251712K (80%)
----------------- Invoking toplevel() on ptolemy.moml.MoMLSimpleApplication@6060ecb1
----------------- Done invoking toplevel() on ptolemy.moml.MoMLSimpleApplication@6060ecb1
reloadAllAccessors: .FSM1

===========================================================================================
----------------- testing Thu Aug 30 02:04:20 UTC 2018 /home/travis/build/icyphy/ptII/ptolemy/domains/de/test/auto/FSM7.xml
----------------- Instantiating /home/travis/build/icyphy/ptII/ptolemy/domains/de/test/auto/FSM7.xml
8 ms. Memory: 315904K Free: 233702K (74%)
----------------- Invoking toplevel() on ptolemy.moml.MoMLSimpleApplication@1aafb804
----------------- Done invoking toplevel() on ptolemy.moml.MoMLSimpleApplication@1aafb804
reloadAllAccessors: .FSM7

===========================================================================================
----------------- testing Thu Aug 30 02:04:20 UTC 2018 /home/travis/build/icyphy/ptII/ptolemy/domains/de/test/auto/Inspection.xml
----------------- Instantiating /home/travis/build/icyphy/ptII/ptolemy/domains/de/test/auto/Inspection.xml
10 ms. Memory: 315904K Free: 219663K (70%)
----------------- Invoking toplevel() on ptolemy.moml.MoMLSimpleApplication@1dd651e3
----------------- Done invoking toplevel() on ptolemy.moml.MoMLSimpleApplication@1dd651e3
reloadAllAccessors: .Inspection

===========================================================================================
----------------- testing Thu Aug 30 02:04:20 UTC 2018 /home/travis/build/icyphy/ptII/ptolemy/domains/de/test/auto/Iteration.xml
----------------- Instantiating /home/travis/build/icyphy/ptII/ptolemy/domains/de/test/auto/Iteration.xml
13 ms. Memory: 315904K Free: 210287K (67%)
----------------- Invoking toplevel() on ptolemy.moml.MoMLSimpleApplication@5da1e81c
----------------- Done invoking toplevel() on ptolemy.moml.MoMLSimpleApplication@5da1e81c
reloadAllAccessors: .Iteration

===========================================================================================
----------------- testing Thu Aug 30 02:04:20 UTC 2018 /home/travis/build/icyphy/ptII/ptolemy/domains/de/test/auto/LineFault.xml
----------------- Instantiating /home/travis/build/icyphy/ptII/ptolemy/domains/de/test/auto/LineFault.xml
421 ms. Memory: 315904K Free: 89163K (28%)
----------------- Invoking toplevel() on ptolemy.moml.MoMLSimpleApplication@5748225
----------------- Done invoking toplevel() on ptolemy.moml.MoMLSimpleApplication@5748225
reloadAllAccessors: .LineFault

===========================================================================================
----------------- testing Thu Aug 30 02:04:20 UTC 2018 /home/travis/build/icyphy/ptII/ptolemy/domains/de/test/auto/MergeModel1Add.xml
----------------- Instantiating /home/travis/build/icyphy/ptII/ptolemy/domains/de/test/auto/MergeModel1Add.xml
5 ms. Memory: 315904K Free: 68048K (22%)
----------------- Invoking toplevel() on ptolemy.moml.MoMLSimpleApplication@21a70ccd
----------------- Done invoking toplevel() on ptolemy.moml.MoMLSimpleApplication@21a70ccd
reloadAllAccessors: .MergeModel1Add

===========================================================================================
----------------- testing Thu Aug 30 02:04:20 UTC 2018 /home/travis/build/icyphy/ptII/ptolemy/domains/de/test/auto/MergeModel2Add.xml
----------------- Instantiating /home/travis/build/icyphy/ptII/ptolemy/domains/de/test/auto/MergeModel2Add.xml
6 ms. Memory: 305664K Free: 271113K (89%)
----------------- Invoking toplevel() on ptolemy.moml.MoMLSimpleApplication@7080279d
----------------- Done invoking toplevel() on ptolemy.moml.MoMLSimpleApplication@7080279d
reloadAllAccessors: .MergeModel2Add

===========================================================================================
----------------- testing Thu Aug 30 02:04:20 UTC 2018 /home/travis/build/icyphy/ptII/ptolemy/domains/de/test/auto/MergeModel3Add.xml
----------------- Instantiating /home/travis/build/icyphy/ptII/ptolemy/domains/de/test/auto/MergeModel3Add.xml
5 ms. Memory: 305664K Free: 249915K (82%)
----------------- Invoking toplevel() on ptolemy.moml.MoMLSimpleApplication@5034f790
----------------- Done invoking toplevel() on ptolemy.moml.MoMLSimpleApplication@5034f790
reloadAllAccessors: .MergeModel3Add

===========================================================================================
----------------- testing Thu Aug 30 02:04:21 UTC 2018 /home/travis/build/icyphy/ptII/ptolemy/domains/de/test/auto/MergeWithoutDiscard.xml
----------------- Instantiating /home/travis/build/icyphy/ptII/ptolemy/domains/de/test/auto/MergeWithoutDiscard.xml
1 ms. Memory: 305664K Free: 243187K (80%)
----------------- Invoking toplevel() on ptolemy.moml.MoMLSimpleApplication@275f41d2
----------------- Done invoking toplevel() on ptolemy.moml.MoMLSimpleApplication@275f41d2
reloadAllAccessors: .MergeWithoutDiscard

===========================================================================================
----------------- testing Thu Aug 30 02:04:21 UTC 2018 /home/travis/build/icyphy/ptII/ptolemy/domains/de/test/auto/Modal1.xml
----------------- Instantiating /home/travis/build/icyphy/ptII/ptolemy/domains/de/test/auto/Modal1.xml
6 ms. Memory: 305664K Free: 226487K (74%)
----------------- Invoking toplevel() on ptolemy.moml.MoMLSimpleApplication@357f1685
----------------- Done invoking toplevel() on ptolemy.moml.MoMLSimpleApplication@357f1685
reloadAllAccessors: .Modal1

===========================================================================================
----------------- testing Thu Aug 30 02:04:21 UTC 2018 /home/travis/build/icyphy/ptII/ptolemy/domains/de/test/auto/Modal2.xml
----------------- Instantiating /home/travis/build/icyphy/ptII/ptolemy/domains/de/test/auto/Modal2.xml
10 ms. Memory: 305664K Free: 210809K (69%)
----------------- Invoking toplevel() on ptolemy.moml.MoMLSimpleApplication@3f9ff110
----------------- Done invoking toplevel() on ptolemy.moml.MoMLSimpleApplication@3f9ff110
reloadAllAccessors: .Modal2

===========================================================================================
----------------- testing Thu Aug 30 02:04:21 UTC 2018 /home/travis/build/icyphy/ptII/ptolemy/domains/de/test/auto/Modal3.xml
----------------- Instantiating /home/travis/build/icyphy/ptII/ptolemy/domains/de/test/auto/Modal3.xml
11 ms. Memory: 305664K Free: 194125K (64%)
----------------- Invoking toplevel() on ptolemy.moml.MoMLSimpleApplication@64c80f4b
----------------- Done invoking toplevel() on ptolemy.moml.MoMLSimpleApplication@64c80f4b
reloadAllAccessors: .Modal3

===========================================================================================
----------------- testing Thu Aug 30 02:04:21 UTC 2018 /home/travis/build/icyphy/ptII/ptolemy/domains/de/test/auto/Modal4.xml
----------------- Instantiating /home/travis/build/icyphy/ptII/ptolemy/domains/de/test/auto/Modal4.xml
8 ms. Memory: 305664K Free: 178399K (58%)
----------------- Invoking toplevel() on ptolemy.moml.MoMLSimpleApplication@431d22ff
----------------- Done invoking toplevel() on ptolemy.moml.MoMLSimpleApplication@431d22ff
reloadAllAccessors: .Modal4

===========================================================================================
----------------- testing Thu Aug 30 02:04:21 UTC 2018 /home/travis/build/icyphy/ptII/ptolemy/domains/de/test/auto/Modal5.xml
----------------- Instantiating /home/travis/build/icyphy/ptII/ptolemy/domains/de/test/auto/Modal5.xml
7 ms. Memory: 305664K Free: 161668K (53%)
----------------- Invoking toplevel() on ptolemy.moml.MoMLSimpleApplication@17995a90
----------------- Done invoking toplevel() on ptolemy.moml.MoMLSimpleApplication@17995a90
reloadAllAccessors: .Modal5

===========================================================================================
----------------- testing Thu Aug 30 02:04:21 UTC 2018 /home/travis/build/icyphy/ptII/ptolemy/domains/de/test/auto/Modal6.xml
----------------- Instantiating /home/travis/build/icyphy/ptII/ptolemy/domains/de/test/auto/Modal6.xml
8 ms. Memory: 305664K Free: 145958K (48%)
----------------- Invoking toplevel() on ptolemy.moml.MoMLSimpleApplication@7d60dc49
----------------- Done invoking toplevel() on ptolemy.moml.MoMLSimpleApplication@7d60dc49
reloadAllAccessors: .Modal6

===========================================================================================
----------------- testing Thu Aug 30 02:04:21 UTC 2018 /home/travis/build/icyphy/ptII/ptolemy/domains/de/test/auto/Modal7.xml
----------------- Instantiating /home/travis/build/icyphy/ptII/ptolemy/domains/de/test/auto/Modal7.xml
5 ms. Memory: 305664K Free: 129266K (42%)
----------------- Invoking toplevel() on ptolemy.moml.MoMLSimpleApplication@7d2493a4
----------------- Done invoking toplevel() on ptolemy.moml.MoMLSimpleApplication@7d2493a4
reloadAllAccessors: .Modal7

===========================================================================================
----------------- testing Thu Aug 30 02:04:21 UTC 2018 /home/travis/build/icyphy/ptII/ptolemy/domains/de/test/auto/ModalModel.xml
----------------- Instantiating /home/travis/build/icyphy/ptII/ptolemy/domains/de/test/auto/ModalModel.xml
119 ms. Memory: 295936K Free: 270583K (91%)
----------------- Invoking toplevel() on ptolemy.moml.MoMLSimpleApplication@5c9909e3
----------------- Done invoking toplevel() on ptolemy.moml.MoMLSimpleApplication@5c9909e3
reloadAllAccessors: .ModalModel

===========================================================================================
----------------- testing Thu Aug 30 02:04:21 UTC 2018 /home/travis/build/icyphy/ptII/ptolemy/domains/de/test/auto/ModalSource.xml
----------------- Instantiating /home/travis/build/icyphy/ptII/ptolemy/domains/de/test/auto/ModalSource.xml
4 ms. Memory: 295936K Free: 258655K (87%)
----------------- Invoking toplevel() on ptolemy.moml.MoMLSimpleApplication@42d5f90f
----------------- Done invoking toplevel() on ptolemy.moml.MoMLSimpleApplication@42d5f90f
reloadAllAccessors: .ModalSource

===========================================================================================
----------------- testing Thu Aug 30 02:04:21 UTC 2018 /home/travis/build/icyphy/ptII/ptolemy/domains/de/test/auto/NonInterruptibleTimerZeroDelay.xml
----------------- Instantiating /home/travis/build/icyphy/ptII/ptolemy/domains/de/test/auto/NonInterruptibleTimerZeroDelay.xml
1 ms. Memory: 295936K Free: 252289K (85%)
----------------- Invoking toplevel() on ptolemy.moml.MoMLSimpleApplication@1c1dad9b
----------------- Done invoking toplevel() on ptolemy.moml.MoMLSimpleApplication@1c1dad9b
reloadAllAccessors: .NonInterruptibleTimerZeroDelay

===========================================================================================
----------------- testing Thu Aug 30 02:04:21 UTC 2018 /home/travis/build/icyphy/ptII/ptolemy/domains/de/test/auto/OpenQueueingNetwork.xml
----------------- Instantiating /home/travis/build/icyphy/ptII/ptolemy/domains/de/test/auto/OpenQueueingNetwork.xml
2056 ms. Memory: 269312K Free: 221223K (82%)
----------------- Invoking toplevel() on ptolemy.moml.MoMLSimpleApplication@2e3156ba
----------------- Done invoking toplevel() on ptolemy.moml.MoMLSimpleApplication@2e3156ba
reloadAllAccessors: .OpenQueueingNetwork

===========================================================================================
----------------- testing Thu Aug 30 02:04:23 UTC 2018 /home/travis/build/icyphy/ptII/ptolemy/domains/de/test/auto/OpenQueuingNetwork.xml
----------------- Instantiating /home/travis/build/icyphy/ptII/ptolemy/domains/de/test/auto/OpenQueuingNetwork.xml
228 ms. Memory: 269312K Free: 129140K (48%)
----------------- Invoking toplevel() on ptolemy.moml.MoMLSimpleApplication@6695a2ca
----------------- Done invoking toplevel() on ptolemy.moml.MoMLSimpleApplication@6695a2ca
reloadAllAccessors: .OpenQueuingNetwork

===========================================================================================
----------------- testing Thu Aug 30 02:04:23 UTC 2018 /home/travis/build/icyphy/ptII/ptolemy/domains/de/test/auto/PeriodicSampler.xml
----------------- Instantiating /home/travis/build/icyphy/ptII/ptolemy/domains/de/test/auto/PeriodicSampler.xml
2 ms. Memory: 269312K Free: 123097K (46%)
----------------- Invoking toplevel() on ptolemy.moml.MoMLSimpleApplication@7b4d117a
----------------- Done invoking toplevel() on ptolemy.moml.MoMLSimpleApplication@7b4d117a
reloadAllAccessors: .PeriodicSampler

===========================================================================================
----------------- testing Thu Aug 30 02:04:23 UTC 2018 /home/travis/build/icyphy/ptII/ptolemy/domains/de/test/auto/PersistentIO.xml
----------------- Instantiating /home/travis/build/icyphy/ptII/ptolemy/domains/de/test/auto/PersistentIO.xml
2 ms. Memory: 269312K Free: 111417K (41%)
----------------- Invoking toplevel() on ptolemy.moml.MoMLSimpleApplication@2e1555de
----------------- Done invoking toplevel() on ptolemy.moml.MoMLSimpleApplication@2e1555de
reloadAllAccessors: .PersistentIO

===========================================================================================
----------------- testing Thu Aug 30 02:04:23 UTC 2018 /home/travis/build/icyphy/ptII/ptolemy/domains/de/test/auto/PortParameterResetOnInitialize.xml
----------------- Instantiating /home/travis/build/icyphy/ptII/ptolemy/domains/de/test/auto/PortParameterResetOnInitialize.xml
1 ms. Memory: 269312K Free: 105000K (39%)
----------------- Invoking toplevel() on ptolemy.moml.MoMLSimpleApplication@2c5d1a45
----------------- Done invoking toplevel() on ptolemy.moml.MoMLSimpleApplication@2c5d1a45
reloadAllAccessors: .PortParameterResetOnInitialize

===========================================================================================
----------------- testing Thu Aug 30 02:04:23 UTC 2018 /home/travis/build/icyphy/ptII/ptolemy/domains/de/test/auto/PortParameterUpdates.xml
----------------- Instantiating /home/travis/build/icyphy/ptII/ptolemy/domains/de/test/auto/PortParameterUpdates.xml
3 ms. Memory: 269312K Free: 97085K (36%)
----------------- Invoking toplevel() on ptolemy.moml.MoMLSimpleApplication@7dee421c
----------------- Done invoking toplevel() on ptolemy.moml.MoMLSimpleApplication@7dee421c
reloadAllAccessors: .PortParameterUpdates

===========================================================================================
----------------- testing Thu Aug 30 02:04:23 UTC 2018 /home/travis/build/icyphy/ptII/ptolemy/domains/de/test/auto/QueueAndServer.xml
----------------- Instantiating /home/travis/build/icyphy/ptII/ptolemy/domains/de/test/auto/QueueAndServer.xml
5 ms. Memory: 269312K Free: 87268K (32%)
----------------- Invoking toplevel() on ptolemy.moml.MoMLSimpleApplication@49e378d6
----------------- Done invoking toplevel() on ptolemy.moml.MoMLSimpleApplication@49e378d6
reloadAllAccessors: .QueueAndServer

===========================================================================================
----------------- testing Thu Aug 30 02:04:23 UTC 2018 /home/travis/build/icyphy/ptII/ptolemy/domains/de/test/auto/Records.xml
----------------- Instantiating /home/travis/build/icyphy/ptII/ptolemy/domains/de/test/auto/Records.xml
7 ms. Memory: 269312K Free: 78957K (29%)
----------------- Invoking toplevel() on ptolemy.moml.MoMLSimpleApplication@4f70eceb
----------------- Done invoking toplevel() on ptolemy.moml.MoMLSimpleApplication@4f70eceb
reloadAllAccessors: .Records

===========================================================================================
----------------- testing Thu Aug 30 02:04:23 UTC 2018 /home/travis/build/icyphy/ptII/ptolemy/domains/de/test/auto/ResetTransitionWithStartTime1.xml
----------------- Instantiating /home/travis/build/icyphy/ptII/ptolemy/domains/de/test/auto/ResetTransitionWithStartTime1.xml
4 ms. Memory: 269312K Free: 67244K (25%)
----------------- Invoking toplevel() on ptolemy.moml.MoMLSimpleApplication@1af5394b
----------------- Done invoking toplevel() on ptolemy.moml.MoMLSimpleApplication@1af5394b
reloadAllAccessors: .ResetTransitionWithStartTime1

===========================================================================================
----------------- testing Thu Aug 30 02:04:23 UTC 2018 /home/travis/build/icyphy/ptII/ptolemy/domains/de/test/auto/ResetTransitionWithStartTime2.xml
----------------- Instantiating /home/travis/build/icyphy/ptII/ptolemy/domains/de/test/auto/ResetTransitionWithStartTime2.xml
12 ms. Memory: 263168K Free: 238071K (90%)
----------------- Invoking toplevel() on ptolemy.moml.MoMLSimpleApplication@4d13276d
----------------- Done invoking toplevel() on ptolemy.moml.MoMLSimpleApplication@4d13276d
reloadAllAccessors: .ResetTransitionWithStartTime2

===========================================================================================
----------------- testing Thu Aug 30 02:04:23 UTC 2018 /home/travis/build/icyphy/ptII/ptolemy/domains/de/test/auto/ResetTransitionWithStartTime3.xml
----------------- Instantiating /home/travis/build/icyphy/ptII/ptolemy/domains/de/test/auto/ResetTransitionWithStartTime3.xml
4 ms. Memory: 263168K Free: 225735K (86%)
----------------- Invoking toplevel() on ptolemy.moml.MoMLSimpleApplication@2487eef0
----------------- Done invoking toplevel() on ptolemy.moml.MoMLSimpleApplication@2487eef0
reloadAllAccessors: .ResetTransitionWithStartTime3

===========================================================================================
----------------- testing Thu Aug 30 02:04:24 UTC 2018 /home/travis/build/icyphy/ptII/ptolemy/domains/de/test/auto/ResetTransitionWithStartTime4.xml
----------------- Instantiating /home/travis/build/icyphy/ptII/ptolemy/domains/de/test/auto/ResetTransitionWithStartTime4.xml
5 ms. Memory: 263168K Free: 216164K (82%)
----------------- Invoking toplevel() on ptolemy.moml.MoMLSimpleApplication@33d590dd
----------------- Done invoking toplevel() on ptolemy.moml.MoMLSimpleApplication@33d590dd
reloadAllAccessors: .ResetTransitionWithStartTime4

===========================================================================================
----------------- testing Thu Aug 30 02:04:24 UTC 2018 /home/travis/build/icyphy/ptII/ptolemy/domains/de/test/auto/ResettableTimer1.xml
----------------- Instantiating /home/travis/build/icyphy/ptII/ptolemy/domains/de/test/auto/ResettableTimer1.xml
1 ms. Memory: 263168K Free: 210197K (80%)
----------------- Invoking toplevel() on ptolemy.moml.MoMLSimpleApplication@155facc4
----------------- Done invoking toplevel() on ptolemy.moml.MoMLSimpleApplication@155facc4
reloadAllAccessors: .ResettableTimer1

===========================================================================================
----------------- testing Thu Aug 30 02:04:24 UTC 2018 /home/travis/build/icyphy/ptII/ptolemy/domains/de/test/auto/ResettableTimer2.xml
----------------- Instantiating /home/travis/build/icyphy/ptII/ptolemy/domains/de/test/auto/ResettableTimer2.xml
1 ms. Memory: 263168K Free: 204247K (78%)
----------------- Invoking toplevel() on ptolemy.moml.MoMLSimpleApplication@4d44106d
----------------- Done invoking toplevel() on ptolemy.moml.MoMLSimpleApplication@4d44106d
reloadAllAccessors: .ResettableTimer2

===========================================================================================
----------------- testing Thu Aug 30 02:04:24 UTC 2018 /home/travis/build/icyphy/ptII/ptolemy/domains/de/test/auto/ResettableTimer3.xml
----------------- Instantiating /home/travis/build/icyphy/ptII/ptolemy/domains/de/test/auto/ResettableTimer3.xml
1 ms. Memory: 263168K Free: 198280K (75%)
----------------- Invoking toplevel() on ptolemy.moml.MoMLSimpleApplication@447f0ec8
----------------- Done invoking toplevel() on ptolemy.moml.MoMLSimpleApplication@447f0ec8
reloadAllAccessors: .ResettableTimer3

===========================================================================================
----------------- testing Thu Aug 30 02:04:24 UTC 2018 /home/travis/build/icyphy/ptII/ptolemy/domains/de/test/auto/ResettableTimer4.xml
----------------- Instantiating /home/travis/build/icyphy/ptII/ptolemy/domains/de/test/auto/ResettableTimer4.xml
1 ms. Memory: 263168K Free: 192314K (73%)
----------------- Invoking toplevel() on ptolemy.moml.MoMLSimpleApplication@4ef19d0b
----------------- Done invoking toplevel() on ptolemy.moml.MoMLSimpleApplication@4ef19d0b
reloadAllAccessors: .ResettableTimer4

===========================================================================================
----------------- testing Thu Aug 30 02:04:24 UTC 2018 /home/travis/build/icyphy/ptII/ptolemy/domains/de/test/auto/ResettableTimer5.xml
----------------- Instantiating /home/travis/build/icyphy/ptII/ptolemy/domains/de/test/auto/ResettableTimer5.xml
1 ms. Memory: 263168K Free: 184546K (70%)
----------------- Invoking toplevel() on ptolemy.moml.MoMLSimpleApplication@40908b05
----------------- Done invoking toplevel() on ptolemy.moml.MoMLSimpleApplication@40908b05
reloadAllAccessors: .ResettableTimer5

===========================================================================================
----------------- testing Thu Aug 30 02:04:24 UTC 2018 /home/travis/build/icyphy/ptII/ptolemy/domains/de/test/auto/ResettableTimer6.xml
----------------- Instantiating /home/travis/build/icyphy/ptII/ptolemy/domains/de/test/auto/ResettableTimer6.xml
6 ms. Memory: 263168K Free: 176783K (67%)
----------------- Invoking toplevel() on ptolemy.moml.MoMLSimpleApplication@cd9ec15
----------------- Done invoking toplevel() on ptolemy.moml.MoMLSimpleApplication@cd9ec15
reloadAllAccessors: .ResettableTimer6

===========================================================================================
----------------- testing Thu Aug 30 02:04:24 UTC 2018 /home/travis/build/icyphy/ptII/ptolemy/domains/de/test/auto/ServerZeroDelay.xml
----------------- Instantiating /home/travis/build/icyphy/ptII/ptolemy/domains/de/test/auto/ServerZeroDelay.xml
1 ms. Memory: 263168K Free: 170816K (65%)
----------------- Invoking toplevel() on ptolemy.moml.MoMLSimpleApplication@7fa8b594
----------------- Done invoking toplevel() on ptolemy.moml.MoMLSimpleApplication@7fa8b594
reloadAllAccessors: .ServerZeroDelay

===========================================================================================
----------------- testing Thu Aug 30 02:04:24 UTC 2018 /home/travis/build/icyphy/ptII/ptolemy/domains/de/test/auto/SmartSender.xml
----------------- Instantiating /home/travis/build/icyphy/ptII/ptolemy/domains/de/test/auto/SmartSender.xml
3000 ms. Memory: 263168K Free: 164850K (63%)
----------------- Invoking toplevel() on ptolemy.moml.MoMLSimpleApplication@483655cc
----------------- Done invoking toplevel() on ptolemy.moml.MoMLSimpleApplication@483655cc
reloadAllAccessors: .SmartSender

===========================================================================================
----------------- testing Thu Aug 30 02:04:27 UTC 2018 /home/travis/build/icyphy/ptII/ptolemy/domains/de/test/auto/ThreadedComposite.xml
----------------- Instantiating /home/travis/build/icyphy/ptII/ptolemy/domains/de/test/auto/ThreadedComposite.xml
84 ms. Memory: 263168K Free: 139026K (53%)
----------------- Invoking toplevel() on ptolemy.moml.MoMLSimpleApplication@6ec59032
----------------- Done invoking toplevel() on ptolemy.moml.MoMLSimpleApplication@6ec59032
reloadAllAccessors: .ThreadedComposite

===========================================================================================
----------------- testing Thu Aug 30 02:04:27 UTC 2018 /home/travis/build/icyphy/ptII/ptolemy/domains/de/test/auto/Time.xml
----------------- Instantiating /home/travis/build/icyphy/ptII/ptolemy/domains/de/test/auto/Time.xml
386 ms. Memory: 263168K Free: 82852K (31%)
----------------- Invoking toplevel() on ptolemy.moml.MoMLSimpleApplication@1293ba86
----------------- Done invoking toplevel() on ptolemy.moml.MoMLSimpleApplication@1293ba86
reloadAllAccessors: .Time

===========================================================================================
----------------- testing Thu Aug 30 02:04:27 UTC 2018 /home/travis/build/icyphy/ptII/ptolemy/domains/de/test/auto/TimeDelayZeroDelay.xml
----------------- Instantiating /home/travis/build/icyphy/ptII/ptolemy/domains/de/test/auto/TimeDelayZeroDelay.xml
3 ms. Memory: 263168K Free: 76894K (29%)
----------------- Invoking toplevel() on ptolemy.moml.MoMLSimpleApplication@dcd5ac1
----------------- Done invoking toplevel() on ptolemy.moml.MoMLSimpleApplication@dcd5ac1
reloadAllAccessors: .TimeDelayZeroDelay

===========================================================================================
----------------- testing Thu Aug 30 02:04:27 UTC 2018 /home/travis/build/icyphy/ptII/ptolemy/domains/de/test/auto/TimerZeroDelay.xml
----------------- Instantiating /home/travis/build/icyphy/ptII/ptolemy/domains/de/test/auto/TimerZeroDelay.xml
1 ms. Memory: 263168K Free: 70943K (27%)
----------------- Invoking toplevel() on ptolemy.moml.MoMLSimpleApplication@798012bd
----------------- Done invoking toplevel() on ptolemy.moml.MoMLSimpleApplication@798012bd
reloadAllAccessors: .TimerZeroDelay

===========================================================================================
----------------- testing Thu Aug 30 02:04:27 UTC 2018 /home/travis/build/icyphy/ptII/ptolemy/domains/de/test/auto/TimingParadox.xml
----------------- Instantiating /home/travis/build/icyphy/ptII/ptolemy/domains/de/test/auto/TimingParadox.xml
253 ms. Memory: 254976K Free: 173198K (68%)
----------------- Invoking toplevel() on ptolemy.moml.MoMLSimpleApplication@60343939
----------------- Done invoking toplevel() on ptolemy.moml.MoMLSimpleApplication@60343939
reloadAllAccessors: .TimingParadox

===========================================================================================
----------------- testing Thu Aug 30 02:04:27 UTC 2018 /home/travis/build/icyphy/ptII/ptolemy/domains/de/test/auto/TransferInputs.xml
----------------- Instantiating /home/travis/build/icyphy/ptII/ptolemy/domains/de/test/auto/TransferInputs.xml
2 ms. Memory: 254976K Free: 167339K (66%)
----------------- Invoking toplevel() on ptolemy.moml.MoMLSimpleApplication@49e59263
----------------- Done invoking toplevel() on ptolemy.moml.MoMLSimpleApplication@49e59263
reloadAllAccessors: .TransferInputs

===========================================================================================
----------------- testing Thu Aug 30 02:04:27 UTC 2018 /home/travis/build/icyphy/ptII/ptolemy/domains/de/test/auto/TransferOutputs2.xml
----------------- Instantiating /home/travis/build/icyphy/ptII/ptolemy/domains/de/test/auto/TransferOutputs2.xml
2 ms. Memory: 254976K Free: 158244K (62%)
----------------- Invoking toplevel() on ptolemy.moml.MoMLSimpleApplication@12166247
----------------- Done invoking toplevel() on ptolemy.moml.MoMLSimpleApplication@12166247
reloadAllAccessors: .TransferOutputs2

===========================================================================================
----------------- testing Thu Aug 30 02:04:28 UTC 2018 /home/travis/build/icyphy/ptII/ptolemy/domains/de/test/auto/Trilateration.xml
----------------- Instantiating /home/travis/build/icyphy/ptII/ptolemy/domains/de/test/auto/Trilateration.xml
10504 ms. Memory: 715776K Free: 338890K (47%)
----------------- Invoking toplevel() on ptolemy.moml.MoMLSimpleApplication@3ab79265
----------------- Done invoking toplevel() on ptolemy.moml.MoMLSimpleApplication@3ab79265
reloadAllAccessors: .Trilateration

===========================================================================================
----------------- testing Thu Aug 30 02:04:39 UTC 2018 /home/travis/build/icyphy/ptII/ptolemy/domains/de/test/auto/TwoSigmaDelta.xml
----------------- Instantiating /home/travis/build/icyphy/ptII/ptolemy/domains/de/test/auto/TwoSigmaDelta.xml
1987 ms. Memory: 681472K Free: 636533K (93%)
----------------- Invoking toplevel() on ptolemy.moml.MoMLSimpleApplication@487ab8a2
----------------- Done invoking toplevel() on ptolemy.moml.MoMLSimpleApplication@487ab8a2
reloadAllAccessors: .TwoSigmaDelta

===========================================================================================
----------------- testing Thu Aug 30 02:04:41 UTC 2018 /home/travis/build/icyphy/ptII/ptolemy/domains/de/test/auto/VariableDelay.xml
----------------- Instantiating /home/travis/build/icyphy/ptII/ptolemy/domains/de/test/auto/VariableDelay.xml
2 ms. Memory: 681472K Free: 617718K (91%)
----------------- Invoking toplevel() on ptolemy.moml.MoMLSimpleApplication@590aeeb7
----------------- Done invoking toplevel() on ptolemy.moml.MoMLSimpleApplication@590aeeb7
reloadAllAccessors: .VariableDelay

===========================================================================================
----------------- testing Thu Aug 30 02:04:41 UTC 2018 /home/travis/build/icyphy/ptII/ptolemy/domains/de/test/auto/VariableDelay2.xml
----------------- Instantiating /home/travis/build/icyphy/ptII/ptolemy/domains/de/test/auto/VariableDelay2.xml
2 ms. Memory: 681472K Free: 605019K (89%)
----------------- Invoking toplevel() on ptolemy.moml.MoMLSimpleApplication@69206172
----------------- Done invoking toplevel() on ptolemy.moml.MoMLSimpleApplication@69206172
reloadAllAccessors: .VariableDelay2

===========================================================================================
----------------- testing Thu Aug 30 02:04:41 UTC 2018 /home/travis/build/icyphy/ptII/ptolemy/domains/de/test/auto/VariableDelayZeroDelay.xml
----------------- Instantiating /home/travis/build/icyphy/ptII/ptolemy/domains/de/test/auto/VariableDelayZeroDelay.xml
2 ms. Memory: 681472K Free: 592673K (87%)
----------------- Invoking toplevel() on ptolemy.moml.MoMLSimpleApplication@62516b2
----------------- Done invoking toplevel() on ptolemy.moml.MoMLSimpleApplication@62516b2
reloadAllAccessors: .VariableDelayZeroDelay

===========================================================================================
----------------- testing Thu Aug 30 02:04:41 UTC 2018 /home/travis/build/icyphy/ptII/ptolemy/domains/de/test/auto/VariableDelayZeroDelay2.xml
----------------- Instantiating /home/travis/build/icyphy/ptII/ptolemy/domains/de/test/auto/VariableDelayZeroDelay2.xml
2 ms. Memory: 681472K Free: 579974K (85%)
----------------- Invoking toplevel() on ptolemy.moml.MoMLSimpleApplication@7c40756
----------------- Done invoking toplevel() on ptolemy.moml.MoMLSimpleApplication@7c40756
reloadAllAccessors: .VariableDelayZeroDelay2

===========================================================================================
----------------- testing Thu Aug 30 02:04:41 UTC 2018 /home/travis/build/icyphy/ptII/ptolemy/domains/de/test/auto/deInCt.xml
----------------- Instantiating /home/travis/build/icyphy/ptII/ptolemy/domains/de/test/auto/deInCt.xml
0
1
1
0
0
0
1
1
1
0
0
0
0
1
1
1
1
0
0
0
1
1
1
0
0
1
1
0
0
0
0
0
1
1
1
0
0
0
1
1
1
1
5 ms. Memory: 681472K Free: 567628K (83%)
----------------- Invoking toplevel() on ptolemy.moml.MoMLSimpleApplication@184622d6
----------------- Done invoking toplevel() on ptolemy.moml.MoMLSimpleApplication@184622d6
reloadAllAccessors: .deInCt

===========================================================================================
----------------- testing Thu Aug 30 02:04:41 UTC 2018 /home/travis/build/icyphy/ptII/ptolemy/domains/de/test/auto/deInCt2.xml
----------------- Instantiating /home/travis/build/icyphy/ptII/ptolemy/domains/de/test/auto/deInCt2.xml
0
1
1
1
0
0
1
1
1
0
0
1
1
1
0
0
1
1
1
0
0
1
1
1
0
0
1
1
1
0
0
1
1
1
0
0
1
1
1
0
0
0
4 ms. Memory: 681472K Free: 554927K (81%)
----------------- Invoking toplevel() on ptolemy.moml.MoMLSimpleApplication@1fb51735
----------------- Done invoking toplevel() on ptolemy.moml.MoMLSimpleApplication@1fb51735
reloadAllAccessors: .deInCt2

===========================================================================================
----------------- testing Thu Aug 30 02:04:41 UTC 2018 /home/travis/build/icyphy/ptII/ptolemy/domains/de/test/auto/dynamicCausalityInterface1.xml
----------------- Instantiating /home/travis/build/icyphy/ptII/ptolemy/domains/de/test/auto/dynamicCausalityInterface1.xml
1 ms. Memory: 681472K Free: 536578K (79%)
----------------- Invoking toplevel() on ptolemy.moml.MoMLSimpleApplication@19196f41
----------------- Done invoking toplevel() on ptolemy.moml.MoMLSimpleApplication@19196f41
reloadAllAccessors: .dynamicCausalityInterface1

===========================================================================================
----------------- testing Thu Aug 30 02:04:41 UTC 2018 /home/travis/build/icyphy/ptII/ptolemy/domains/de/test/auto/fsm_de_test.xml
----------------- Instantiating /home/travis/build/icyphy/ptII/ptolemy/domains/de/test/auto/fsm_de_test.xml
4 ms. Memory: 681472K Free: 517883K (76%)
----------------- Invoking toplevel() on ptolemy.moml.MoMLSimpleApplication@6e184541
----------------- Done invoking toplevel() on ptolemy.moml.MoMLSimpleApplication@6e184541
reloadAllAccessors: .fsm_de_test

===========================================================================================
----------------- testing Thu Aug 30 02:04:41 UTC 2018 /home/travis/build/icyphy/ptII/ptolemy/domains/de/test/auto/functionDependencyReconstruction.xml
----------------- Instantiating /home/travis/build/icyphy/ptII/ptolemy/domains/de/test/auto/functionDependencyReconstruction.xml
2 ms. Memory: 681472K Free: 493530K (72%)
----------------- Invoking toplevel() on ptolemy.moml.MoMLSimpleApplication@3808ef27
----------------- Done invoking toplevel() on ptolemy.moml.MoMLSimpleApplication@3808ef27
reloadAllAccessors: .functionDependencyReconstruction

===========================================================================================
----------------- testing Thu Aug 30 02:04:41 UTC 2018 /home/travis/build/icyphy/ptII/ptolemy/domains/de/test/auto/multirate.xml
----------------- Instantiating /home/travis/build/icyphy/ptII/ptolemy/domains/de/test/auto/multirate.xml
3 ms. Memory: 681472K Free: 480830K (71%)
----------------- Invoking toplevel() on ptolemy.moml.MoMLSimpleApplication@763470b9
----------------- Done invoking toplevel() on ptolemy.moml.MoMLSimpleApplication@763470b9
reloadAllAccessors: .multirate

===========================================================================================
----------------- testing Thu Aug 30 02:04:41 UTC 2018 /home/travis/build/icyphy/ptII/ptolemy/domains/de/test/auto/multirate2.xml
----------------- Instantiating /home/travis/build/icyphy/ptII/ptolemy/domains/de/test/auto/multirate2.xml
3 ms. Memory: 681472K Free: 468485K (69%)
----------------- Invoking toplevel() on ptolemy.moml.MoMLSimpleApplication@276993d9
----------------- Done invoking toplevel() on ptolemy.moml.MoMLSimpleApplication@276993d9
reloadAllAccessors: .multirate2

===========================================================================================
----------------- testing Thu Aug 30 02:04:41 UTC 2018 /home/travis/build/icyphy/ptII/ptolemy/domains/de/test/auto/realtime.xml
----------------- Instantiating /home/travis/build/icyphy/ptII/ptolemy/domains/de/test/auto/realtime.xml
10002 ms. Memory: 681472K Free: 455785K (67%)
----------------- Invoking toplevel() on ptolemy.moml.MoMLSimpleApplication@52a40367
----------------- Done invoking toplevel() on ptolemy.moml.MoMLSimpleApplication@52a40367
reloadAllAccessors: .realtime

===========================================================================================
----------------- testing Thu Aug 30 02:04:51 UTC 2018 /home/travis/build/icyphy/ptII/ptolemy/domains/de/test/auto/relationGroup.xml
----------------- Instantiating /home/travis/build/icyphy/ptII/ptolemy/domains/de/test/auto/relationGroup.xml
2 ms. Memory: 681472K Free: 443086K (65%)
----------------- Invoking toplevel() on ptolemy.moml.MoMLSimpleApplication@2fe2d320
----------------- Done invoking toplevel() on ptolemy.moml.MoMLSimpleApplication@2fe2d320
reloadAllAccessors: .relationGroup

===========================================================================================
----------------- testing Thu Aug 30 02:04:51 UTC 2018 /home/travis/build/icyphy/ptII/ptolemy/domains/de/test/auto/relationGroup2.xml
----------------- Instantiating /home/travis/build/icyphy/ptII/ptolemy/domains/de/test/auto/relationGroup2.xml
1 ms. Memory: 681472K Free: 430741K (63%)
----------------- Invoking toplevel() on ptolemy.moml.MoMLSimpleApplication@702daa60
----------------- Done invoking toplevel() on ptolemy.moml.MoMLSimpleApplication@702daa60
reloadAllAccessors: .relationGroup2

===========================================================================================
----------------- testing Thu Aug 30 02:04:51 UTC 2018 /home/travis/build/icyphy/ptII/ptolemy/domains/de/test/auto/sortWithOpaquePorts.xml
----------------- Instantiating /home/travis/build/icyphy/ptII/ptolemy/domains/de/test/auto/sortWithOpaquePorts.xml
1 ms. Memory: 681472K Free: 418041K (61%)
----------------- Invoking toplevel() on ptolemy.moml.MoMLSimpleApplication@68d79408
----------------- Done invoking toplevel() on ptolemy.moml.MoMLSimpleApplication@68d79408
reloadAllAccessors: .sortWithOpaquePorts

===========================================================================================
----------------- testing Thu Aug 30 02:04:51 UTC 2018 /home/travis/build/icyphy/ptII/ptolemy/domains/de/test/auto/transferInputsandOutputs.xml
----------------- Instantiating /home/travis/build/icyphy/ptII/ptolemy/domains/de/test/auto/transferInputsandOutputs.xml
1 ms. Memory: 681472K Free: 405696K (60%)
----------------- Invoking toplevel() on ptolemy.moml.MoMLSimpleApplication@352a78e8
----------------- Done invoking toplevel() on ptolemy.moml.MoMLSimpleApplication@352a78e8
reloadAllAccessors: .transferInputsandOutputs

===========================================================================================
----------------- testing Thu Aug 30 02:04:51 UTC 2018 /home/travis/build/icyphy/ptII/ptolemy/domains/de/test/auto/triggerType.xml
----------------- Instantiating /home/travis/build/icyphy/ptII/ptolemy/domains/de/test/auto/triggerType.xml
2 ms. Memory: 681472K Free: 392997K (58%)
----------------- Invoking toplevel() on ptolemy.moml.MoMLSimpleApplication@2fcf7acc
----------------- Done invoking toplevel() on ptolemy.moml.MoMLSimpleApplication@2fcf7acc
reloadAllAccessors: .triggerType
AutoTests.java: About to close Vertx.
AutoTests.java: Vertx closed.
]]></system-out>
  <system-err><![CDATA[java.lang.RuntimeException: Execution failed
	at ptolemy.moml.MoMLSimpleApplication$UnloadThread.run(MoMLSimpleApplication.java:402)
Caused by: ptolemy.kernel.util.IllegalActionException: Found a zero delay loop containing .dependencyLoop.original
  in .dependencyLoop and .dependencyLoop.original
	at ptolemy.actor.util.CausalityInterfaceForComposites._computeOutputPortDepth(CausalityInterfaceForComposites.java:759)
	at ptolemy.actor.util.CausalityInterfaceForComposites._computeInputDepth(CausalityInterfaceForComposites.java:696)
	at ptolemy.actor.util.CausalityInterfaceForComposites._computeOutputPortDepth(CausalityInterfaceForComposites.java:765)
	at ptolemy.actor.util.CausalityInterfaceForComposites._computeInputDepth(CausalityInterfaceForComposites.java:696)
	at ptolemy.actor.util.CausalityInterfaceForComposites._computeOutputPortDepth(CausalityInterfaceForComposites.java:765)
	at ptolemy.actor.util.CausalityInterfaceForComposites._computeInputDepth(CausalityInterfaceForComposites.java:696)
	at ptolemy.actor.util.CausalityInterfaceForComposites._computeActorDepth(CausalityInterfaceForComposites.java:532)
	at ptolemy.actor.util.CausalityInterfaceForComposites.checkForCycles(CausalityInterfaceForComposites.java:96)
	at ptolemy.domains.de.kernel.DEDirector.preinitialize(DEDirector.java:1338)
	at ptolemy.actor.CompositeActor.preinitialize(CompositeActor.java:1828)
	at ptolemy.actor.Manager.preinitializeAndResolveTypes(Manager.java:1040)
	at ptolemy.actor.Manager.initialize(Manager.java:710)
	at ptolemy.actor.Manager.execute(Manager.java:356)
	at ptolemy.actor.Manager.run(Manager.java:1263)
	at ptolemy.actor.Manager$PtolemyRunThread.run(Manager.java:1915)
java.lang.RuntimeException: Execution failed
	at ptolemy.moml.MoMLSimpleApplication$UnloadThread.run(MoMLSimpleApplication.java:402)
Caused by: ptolemy.kernel.util.IllegalActionException: Found a zero delay loop containing .dependencyLoop2.original
  in .dependencyLoop2 and .dependencyLoop2.original
	at ptolemy.actor.util.CausalityInterfaceForComposites._computeOutputPortDepth(CausalityInterfaceForComposites.java:759)
	at ptolemy.actor.util.CausalityInterfaceForComposites._computeInputDepth(CausalityInterfaceForComposites.java:696)
	at ptolemy.actor.util.CausalityInterfaceForComposites._computeOutputPortDepth(CausalityInterfaceForComposites.java:765)
	at ptolemy.actor.util.CausalityInterfaceForComposites._computeInputDepth(CausalityInterfaceForComposites.java:696)
	at ptolemy.actor.util.CausalityInterfaceForComposites._computeOutputPortDepth(CausalityInterfaceForComposites.java:765)
	at ptolemy.actor.util.CausalityInterfaceForComposites._computeInputDepth(CausalityInterfaceForComposites.java:696)
	at ptolemy.actor.util.CausalityInterfaceForComposites._computeActorDepth(CausalityInterfaceForComposites.java:532)
	at ptolemy.actor.util.CausalityInterfaceForComposites.checkForCycles(CausalityInterfaceForComposites.java:96)
	at ptolemy.domains.de.kernel.DEDirector.preinitialize(DEDirector.java:1338)
	at ptolemy.actor.CompositeActor.preinitialize(CompositeActor.java:1828)
	at ptolemy.actor.Manager.preinitializeAndResolveTypes(Manager.java:1040)
	at ptolemy.actor.Manager.initialize(Manager.java:710)
	at ptolemy.actor.Manager.execute(Manager.java:356)
	at ptolemy.actor.Manager.run(Manager.java:1263)
	at ptolemy.actor.Manager$PtolemyRunThread.run(Manager.java:1915)
java.lang.RuntimeException: Execution failed
	at ptolemy.moml.MoMLSimpleApplication$UnloadThread.run(MoMLSimpleApplication.java:402)
Caused by: ptolemy.kernel.util.IllegalActionException: Found a zero delay loop containing .dependencyLoop.original
  in .dependencyLoop and .dependencyLoop.original
	at ptolemy.actor.util.CausalityInterfaceForComposites._computeOutputPortDepth(CausalityInterfaceForComposites.java:759)
	at ptolemy.actor.util.CausalityInterfaceForComposites._computeInputDepth(CausalityInterfaceForComposites.java:696)
	at ptolemy.actor.util.CausalityInterfaceForComposites._computeOutputPortDepth(CausalityInterfaceForComposites.java:765)
	at ptolemy.actor.util.CausalityInterfaceForComposites._computeInputDepth(CausalityInterfaceForComposites.java:696)
	at ptolemy.actor.util.CausalityInterfaceForComposites._computeOutputPortDepth(CausalityInterfaceForComposites.java:765)
	at ptolemy.actor.util.CausalityInterfaceForComposites._computeInputDepth(CausalityInterfaceForComposites.java:696)
	at ptolemy.actor.util.CausalityInterfaceForComposites._computeActorDepth(CausalityInterfaceForComposites.java:532)
	at ptolemy.actor.util.CausalityInterfaceForComposites.checkForCycles(CausalityInterfaceForComposites.java:96)
	at ptolemy.domains.de.kernel.DEDirector.preinitialize(DEDirector.java:1338)
	at ptolemy.actor.CompositeActor.preinitialize(CompositeActor.java:1828)
	at ptolemy.actor.Manager.preinitializeAndResolveTypes(Manager.java:1040)
	at ptolemy.actor.Manager.initialize(Manager.java:710)
	at ptolemy.actor.Manager.execute(Manager.java:356)
	at ptolemy.actor.Manager.run(Manager.java:1263)
	at ptolemy.actor.Manager$PtolemyRunThread.run(Manager.java:1915)
java.lang.RuntimeException: Execution failed
	at ptolemy.moml.MoMLSimpleApplication$UnloadThread.run(MoMLSimpleApplication.java:402)
Caused by: ptolemy.kernel.util.IllegalActionException: Actor is not ready to fire.  Perhaps UpSample.prefire() returned false? Try debugging the actor by selecting "Listen to Actor".  Also, for SDF check moml for tokenConsumptionRate on input.
  in .DESDFClockTest.Play Bell.Copy1:SDF Director and .DESDFClockTest.Play Bell.UpSample
	at ptolemy.actor.sched.StaticSchedulingDirector.fire(StaticSchedulingDirector.java:227)
	at ptolemy.domains.sdf.kernel.SDFDirector.fire(SDFDirector.java:500)
	at ptolemy.actor.CompositeActor.fire(CompositeActor.java:455)
	at ptolemy.domains.de.kernel.DEDirector._fire(DEDirector.java:1949)
	at ptolemy.domains.de.kernel.DEDirector.fire(DEDirector.java:502)
	at ptolemy.actor.CompositeActor.fire(CompositeActor.java:455)
	at ptolemy.actor.Manager.iterate(Manager.java:851)
	at ptolemy.actor.Manager.execute(Manager.java:369)
	at ptolemy.actor.Manager.run(Manager.java:1263)
	at ptolemy.actor.Manager$PtolemyRunThread.run(Manager.java:1915)
java.lang.RuntimeException: Execution failed
	at ptolemy.moml.MoMLSimpleApplication$UnloadThread.run(MoMLSimpleApplication.java:402)
Caused by: ptolemy.kernel.util.IllegalActionException: Found a zero delay loop containing .dependencyLoop2.original
  in .dependencyLoop2 and .dependencyLoop2.original
	at ptolemy.actor.util.CausalityInterfaceForComposites._computeOutputPortDepth(CausalityInterfaceForComposites.java:759)
	at ptolemy.actor.util.CausalityInterfaceForComposites._computeInputDepth(CausalityInterfaceForComposites.java:696)
	at ptolemy.actor.util.CausalityInterfaceForComposites._computeOutputPortDepth(CausalityInterfaceForComposites.java:765)
	at ptolemy.actor.util.CausalityInterfaceForComposites._computeInputDepth(CausalityInterfaceForComposites.java:696)
	at ptolemy.actor.util.CausalityInterfaceForComposites._computeOutputPortDepth(CausalityInterfaceForComposites.java:765)
	at ptolemy.actor.util.CausalityInterfaceForComposites._computeInputDepth(CausalityInterfaceForComposites.java:696)
	at ptolemy.actor.util.CausalityInterfaceForComposites._computeActorDepth(CausalityInterfaceForComposites.java:532)
	at ptolemy.actor.util.CausalityInterfaceForComposites.checkForCycles(CausalityInterfaceForComposites.java:96)
	at ptolemy.domains.de.kernel.DEDirector.preinitialize(DEDirector.java:1338)
	at ptolemy.actor.CompositeActor.preinitialize(CompositeActor.java:1828)
	at ptolemy.actor.Manager.preinitializeAndResolveTypes(Manager.java:1040)
	at ptolemy.actor.Manager.initialize(Manager.java:710)
	at ptolemy.actor.Manager.execute(Manager.java:356)
	at ptolemy.actor.Manager.run(Manager.java:1263)
	at ptolemy.actor.Manager$PtolemyRunThread.run(Manager.java:1915)
java.lang.RuntimeException: Execution failed
	at ptolemy.moml.MoMLSimpleApplication$UnloadThread.run(MoMLSimpleApplication.java:402)
Caused by: ptolemy.kernel.util.IllegalActionException: Found a zero delay loop containing .HierarchicalModel.A
  in .HierarchicalModel and .HierarchicalModel.A
	at ptolemy.actor.util.CausalityInterfaceForComposites._computeOutputPortDepth(CausalityInterfaceForComposites.java:759)
	at ptolemy.actor.util.CausalityInterfaceForComposites._computeInputDepth(CausalityInterfaceForComposites.java:696)
	at ptolemy.actor.util.CausalityInterfaceForComposites._computeOutputPortDepth(CausalityInterfaceForComposites.java:765)
	at ptolemy.actor.util.CausalityInterfaceForComposites._computeInputDepth(CausalityInterfaceForComposites.java:696)
	at ptolemy.actor.util.CausalityInterfaceForComposites._computeOutputPortDepth(CausalityInterfaceForComposites.java:765)
	at ptolemy.actor.util.CausalityInterfaceForComposites._computeInputDepth(CausalityInterfaceForComposites.java:696)
	at ptolemy.actor.util.CausalityInterfaceForComposites._computeActorDepth(CausalityInterfaceForComposites.java:532)
	at ptolemy.actor.util.CausalityInterfaceForComposites.checkForCycles(CausalityInterfaceForComposites.java:96)
	at ptolemy.domains.de.kernel.DEDirector.preinitialize(DEDirector.java:1338)
	at ptolemy.actor.CompositeActor.preinitialize(CompositeActor.java:1828)
	at ptolemy.actor.Manager.preinitializeAndResolveTypes(Manager.java:1040)
	at ptolemy.actor.Manager.initialize(Manager.java:710)
	at ptolemy.actor.Manager.execute(Manager.java:356)
	at ptolemy.actor.Manager.run(Manager.java:1263)
	at ptolemy.actor.Manager$PtolemyRunThread.run(Manager.java:1915)
java.lang.RuntimeException: Execution failed
	at ptolemy.moml.MoMLSimpleApplication$UnloadThread.run(MoMLSimpleApplication.java:402)
Caused by: ptolemy.kernel.util.IllegalActionException: Test fails in iteration 1.
Value was: 1.0. Should have been: 2.0
  in .DirectFeedback.Test
	at ptolemy.actor.lib.Test.fire(Test.java:268)
	at ptolemy.domains.de.kernel.DEDirector._fire(DEDirector.java:1949)
	at ptolemy.domains.de.kernel.DEDirector.fire(DEDirector.java:502)
	at ptolemy.actor.CompositeActor.fire(CompositeActor.java:455)
	at ptolemy.actor.Manager.iterate(Manager.java:851)
	at ptolemy.actor.Manager.execute(Manager.java:369)
	at ptolemy.actor.Manager.run(Manager.java:1263)
	at ptolemy.actor.Manager$PtolemyRunThread.run(Manager.java:1915)
java.lang.RuntimeException: Execution failed
	at ptolemy.moml.MoMLSimpleApplication$UnloadThread.run(MoMLSimpleApplication.java:402)
Caused by: ptolemy.kernel.util.IllegalActionException: Actor is not ready to fire.  Perhaps UpSample.prefire() returned false? Try debugging the actor by selecting "Listen to Actor".  Also, for SDF check moml for tokenConsumptionRate on input.
  in .DESDFClockTest.Play Bell.Copy1:SDF Director and .DESDFClockTest.Play Bell.UpSample
	at ptolemy.actor.sched.StaticSchedulingDirector.fire(StaticSchedulingDirector.java:227)
	at ptolemy.domains.sdf.kernel.SDFDirector.fire(SDFDirector.java:500)
	at ptolemy.actor.CompositeActor.fire(CompositeActor.java:455)
	at ptolemy.domains.de.kernel.DEDirector._fire(DEDirector.java:1949)
	at ptolemy.domains.de.kernel.DEDirector.fire(DEDirector.java:502)
	at ptolemy.actor.CompositeActor.fire(CompositeActor.java:455)
	at ptolemy.actor.Manager.iterate(Manager.java:851)
	at ptolemy.actor.Manager.execute(Manager.java:369)
	at ptolemy.actor.Manager.run(Manager.java:1263)
	at ptolemy.actor.Manager$PtolemyRunThread.run(Manager.java:1915)
java.lang.reflect.InvocationTargetException
	at sun.reflect.NativeConstructorAccessorImpl.newInstance0(Native Method)
	at sun.reflect.NativeConstructorAccessorImpl.newInstance(NativeConstructorAccessorImpl.java:62)
	at sun.reflect.DelegatingConstructorAccessorImpl.newInstance(DelegatingConstructorAccessorImpl.java:45)
	at java.lang.reflect.Constructor.newInstance(Constructor.java:423)
	at ptolemy.util.test.junit.AutoKnownFailedTests.RunModel(AutoKnownFailedTests.java:107)
	at sun.reflect.NativeMethodAccessorImpl.invoke0(Native Method)
	at sun.reflect.NativeMethodAccessorImpl.invoke(NativeMethodAccessorImpl.java:62)
	at sun.reflect.DelegatingMethodAccessorImpl.invoke(DelegatingMethodAccessorImpl.java:43)
	at java.lang.reflect.Method.invoke(Method.java:498)
	at org.junit.runners.model.FrameworkMethod$1.runReflectiveCall(FrameworkMethod.java:44)
	at org.junit.internal.runners.model.ReflectiveCallable.run(ReflectiveCallable.java:15)
	at org.junit.runners.model.FrameworkMethod.invokeExplosively(FrameworkMethod.java:41)
	at junitparams.internal.InvokeParameterisedMethod.evaluate(InvokeParameterisedMethod.java:102)
	at org.junit.internal.runners.statements.FailOnTimeout$1.run(FailOnTimeout.java:28)
Caused by: ptolemy.kernel.util.IllegalActionException: Actor is not ready to fire.  Perhaps UpSample.prefire() returned false? Try debugging the actor by selecting "Listen to Actor".  Also, for SDF check moml for tokenConsumptionRate on input.
  in .DESDFClockTest.Play Bell.Copy1:SDF Director and .DESDFClockTest.Play Bell.UpSample
	at ptolemy.actor.sched.StaticSchedulingDirector.fire(StaticSchedulingDirector.java:227)
	at ptolemy.domains.sdf.kernel.SDFDirector.fire(SDFDirector.java:500)
	at ptolemy.actor.CompositeActor.fire(CompositeActor.java:455)
	at ptolemy.domains.de.kernel.DEDirector._fire(DEDirector.java:1949)
	at ptolemy.domains.de.kernel.DEDirector.fire(DEDirector.java:502)
	at ptolemy.actor.CompositeActor.fire(CompositeActor.java:455)
	at ptolemy.actor.Manager.iterate(Manager.java:851)
	at ptolemy.actor.Manager.execute(Manager.java:369)
	at ptolemy.actor.Manager.run(Manager.java:1263)
	at ptolemy.actor.Manager$PtolemyRunThread.run(Manager.java:1915)
java.lang.RuntimeException: Execution failed
	at ptolemy.moml.MoMLSimpleApplication$UnloadThread.run(MoMLSimpleApplication.java:402)
Caused by: ptolemy.kernel.util.IllegalActionException: Test fails in iteration 1.
Value was: 1.0. Should have been: 2.0
  in .DirectFeedback.Test
	at ptolemy.actor.lib.Test.fire(Test.java:268)
	at ptolemy.domains.de.kernel.DEDirector._fire(DEDirector.java:1949)
	at ptolemy.domains.de.kernel.DEDirector.fire(DEDirector.java:502)
	at ptolemy.actor.CompositeActor.fire(CompositeActor.java:455)
	at ptolemy.actor.Manager.iterate(Manager.java:851)
	at ptolemy.actor.Manager.execute(Manager.java:369)
	at ptolemy.actor.Manager.run(Manager.java:1263)
	at ptolemy.actor.Manager$PtolemyRunThread.run(Manager.java:1915)
java.lang.reflect.InvocationTargetException
	at sun.reflect.NativeConstructorAccessorImpl.newInstance0(Native Method)
	at sun.reflect.NativeConstructorAccessorImpl.newInstance(NativeConstructorAccessorImpl.java:62)
	at sun.reflect.DelegatingConstructorAccessorImpl.newInstance(DelegatingConstructorAccessorImpl.java:45)
	at java.lang.reflect.Constructor.newInstance(Constructor.java:423)
	at ptolemy.util.test.junit.AutoKnownFailedTests.RunModel(AutoKnownFailedTests.java:107)
	at sun.reflect.NativeMethodAccessorImpl.invoke0(Native Method)
	at sun.reflect.NativeMethodAccessorImpl.invoke(NativeMethodAccessorImpl.java:62)
	at sun.reflect.DelegatingMethodAccessorImpl.invoke(DelegatingMethodAccessorImpl.java:43)
	at java.lang.reflect.Method.invoke(Method.java:498)
	at org.junit.runners.model.FrameworkMethod$1.runReflectiveCall(FrameworkMethod.java:44)
	at org.junit.internal.runners.model.ReflectiveCallable.run(ReflectiveCallable.java:15)
	at org.junit.runners.model.FrameworkMethod.invokeExplosively(FrameworkMethod.java:41)
	at junitparams.internal.InvokeParameterisedMethod.evaluate(InvokeParameterisedMethod.java:102)
	at org.junit.internal.runners.statements.FailOnTimeout$1.run(FailOnTimeout.java:28)
Caused by: ptolemy.kernel.util.IllegalActionException: Test fails in iteration 1.
Value was: 1.0. Should have been: 2.0
  in .DirectFeedback.Test
	at ptolemy.actor.lib.Test.fire(Test.java:268)
	at ptolemy.domains.de.kernel.DEDirector._fire(DEDirector.java:1949)
	at ptolemy.domains.de.kernel.DEDirector.fire(DEDirector.java:502)
	at ptolemy.actor.CompositeActor.fire(CompositeActor.java:455)
	at ptolemy.actor.Manager.iterate(Manager.java:851)
	at ptolemy.actor.Manager.execute(Manager.java:369)
	at ptolemy.actor.Manager.run(Manager.java:1263)
	at ptolemy.actor.Manager$PtolemyRunThread.run(Manager.java:1915)
java.lang.RuntimeException: Execution failed
	at ptolemy.moml.MoMLSimpleApplication$UnloadThread.run(MoMLSimpleApplication.java:402)
Caused by: ptolemy.kernel.util.IllegalActionException: Found a zero delay loop containing .HierarchicalModel.A
  in .HierarchicalModel and .HierarchicalModel.A
	at ptolemy.actor.util.CausalityInterfaceForComposites._computeOutputPortDepth(CausalityInterfaceForComposites.java:759)
	at ptolemy.actor.util.CausalityInterfaceForComposites._computeInputDepth(CausalityInterfaceForComposites.java:696)
	at ptolemy.actor.util.CausalityInterfaceForComposites._computeOutputPortDepth(CausalityInterfaceForComposites.java:765)
	at ptolemy.actor.util.CausalityInterfaceForComposites._computeInputDepth(CausalityInterfaceForComposites.java:696)
	at ptolemy.actor.util.CausalityInterfaceForComposites._computeOutputPortDepth(CausalityInterfaceForComposites.java:765)
	at ptolemy.actor.util.CausalityInterfaceForComposites._computeInputDepth(CausalityInterfaceForComposites.java:696)
	at ptolemy.actor.util.CausalityInterfaceForComposites._computeActorDepth(CausalityInterfaceForComposites.java:532)
	at ptolemy.actor.util.CausalityInterfaceForComposites.checkForCycles(CausalityInterfaceForComposites.java:96)
	at ptolemy.domains.de.kernel.DEDirector.preinitialize(DEDirector.java:1338)
	at ptolemy.actor.CompositeActor.preinitialize(CompositeActor.java:1828)
	at ptolemy.actor.Manager.preinitializeAndResolveTypes(Manager.java:1040)
	at ptolemy.actor.Manager.initialize(Manager.java:710)
	at ptolemy.actor.Manager.execute(Manager.java:356)
	at ptolemy.actor.Manager.run(Manager.java:1263)
	at ptolemy.actor.Manager$PtolemyRunThread.run(Manager.java:1915)
java.lang.reflect.InvocationTargetException
	at sun.reflect.NativeConstructorAccessorImpl.newInstance0(Native Method)
	at sun.reflect.NativeConstructorAccessorImpl.newInstance(NativeConstructorAccessorImpl.java:62)
	at sun.reflect.DelegatingConstructorAccessorImpl.newInstance(DelegatingConstructorAccessorImpl.java:45)
	at java.lang.reflect.Constructor.newInstance(Constructor.java:423)
	at ptolemy.util.test.junit.AutoKnownFailedTests.RunModel(AutoKnownFailedTests.java:107)
	at sun.reflect.NativeMethodAccessorImpl.invoke0(Native Method)
	at sun.reflect.NativeMethodAccessorImpl.invoke(NativeMethodAccessorImpl.java:62)
	at sun.reflect.DelegatingMethodAccessorImpl.invoke(DelegatingMethodAccessorImpl.java:43)
	at java.lang.reflect.Method.invoke(Method.java:498)
	at org.junit.runners.model.FrameworkMethod$1.runReflectiveCall(FrameworkMethod.java:44)
	at org.junit.internal.runners.model.ReflectiveCallable.run(ReflectiveCallable.java:15)
	at org.junit.runners.model.FrameworkMethod.invokeExplosively(FrameworkMethod.java:41)
	at junitparams.internal.InvokeParameterisedMethod.evaluate(InvokeParameterisedMethod.java:102)
	at org.junit.internal.runners.statements.FailOnTimeout$1.run(FailOnTimeout.java:28)
Caused by: ptolemy.kernel.util.IllegalActionException: Found a zero delay loop containing .HierarchicalModel.A
  in .HierarchicalModel and .HierarchicalModel.A
	at ptolemy.actor.util.CausalityInterfaceForComposites._computeOutputPortDepth(CausalityInterfaceForComposites.java:759)
	at ptolemy.actor.util.CausalityInterfaceForComposites._computeInputDepth(CausalityInterfaceForComposites.java:696)
	at ptolemy.actor.util.CausalityInterfaceForComposites._computeOutputPortDepth(CausalityInterfaceForComposites.java:765)
	at ptolemy.actor.util.CausalityInterfaceForComposites._computeInputDepth(CausalityInterfaceForComposites.java:696)
	at ptolemy.actor.util.CausalityInterfaceForComposites._computeOutputPortDepth(CausalityInterfaceForComposites.java:765)
	at ptolemy.actor.util.CausalityInterfaceForComposites._computeInputDepth(CausalityInterfaceForComposites.java:696)
	at ptolemy.actor.util.CausalityInterfaceForComposites._computeActorDepth(CausalityInterfaceForComposites.java:532)
	at ptolemy.actor.util.CausalityInterfaceForComposites.checkForCycles(CausalityInterfaceForComposites.java:96)
	at ptolemy.domains.de.kernel.DEDirector.preinitialize(DEDirector.java:1338)
	at ptolemy.actor.CompositeActor.preinitialize(CompositeActor.java:1828)
	at ptolemy.actor.Manager.preinitializeAndResolveTypes(Manager.java:1040)
	at ptolemy.actor.Manager.initialize(Manager.java:710)
	at ptolemy.actor.Manager.execute(Manager.java:356)
	at ptolemy.actor.Manager.run(Manager.java:1263)
	at ptolemy.actor.Manager$PtolemyRunThread.run(Manager.java:1915)
java.lang.RuntimeException: Execution failed
	at ptolemy.moml.MoMLSimpleApplication$UnloadThread.run(MoMLSimpleApplication.java:402)
Caused by: ptolemy.kernel.util.IllegalActionException: Found a zero delay loop containing .dependencyLoop.original
  in .dependencyLoop and .dependencyLoop.original
	at ptolemy.actor.util.CausalityInterfaceForComposites._computeOutputPortDepth(CausalityInterfaceForComposites.java:759)
	at ptolemy.actor.util.CausalityInterfaceForComposites._computeInputDepth(CausalityInterfaceForComposites.java:696)
	at ptolemy.actor.util.CausalityInterfaceForComposites._computeOutputPortDepth(CausalityInterfaceForComposites.java:765)
	at ptolemy.actor.util.CausalityInterfaceForComposites._computeInputDepth(CausalityInterfaceForComposites.java:696)
	at ptolemy.actor.util.CausalityInterfaceForComposites._computeOutputPortDepth(CausalityInterfaceForComposites.java:765)
	at ptolemy.actor.util.CausalityInterfaceForComposites._computeInputDepth(CausalityInterfaceForComposites.java:696)
	at ptolemy.actor.util.CausalityInterfaceForComposites._computeActorDepth(CausalityInterfaceForComposites.java:532)
	at ptolemy.actor.util.CausalityInterfaceForComposites.checkForCycles(CausalityInterfaceForComposites.java:96)
	at ptolemy.domains.de.kernel.DEDirector.preinitialize(DEDirector.java:1338)
	at ptolemy.actor.CompositeActor.preinitialize(CompositeActor.java:1828)
	at ptolemy.actor.Manager.preinitializeAndResolveTypes(Manager.java:1040)
	at ptolemy.actor.Manager.initialize(Manager.java:710)
	at ptolemy.actor.Manager.execute(Manager.java:356)
	at ptolemy.actor.Manager.run(Manager.java:1263)
	at ptolemy.actor.Manager$PtolemyRunThread.run(Manager.java:1915)
java.lang.reflect.InvocationTargetException
	at sun.reflect.NativeConstructorAccessorImpl.newInstance0(Native Method)
	at sun.reflect.NativeConstructorAccessorImpl.newInstance(NativeConstructorAccessorImpl.java:62)
	at sun.reflect.DelegatingConstructorAccessorImpl.newInstance(DelegatingConstructorAccessorImpl.java:45)
	at java.lang.reflect.Constructor.newInstance(Constructor.java:423)
	at ptolemy.util.test.junit.AutoKnownFailedTests.RunModel(AutoKnownFailedTests.java:107)
	at sun.reflect.NativeMethodAccessorImpl.invoke0(Native Method)
	at sun.reflect.NativeMethodAccessorImpl.invoke(NativeMethodAccessorImpl.java:62)
	at sun.reflect.DelegatingMethodAccessorImpl.invoke(DelegatingMethodAccessorImpl.java:43)
	at java.lang.reflect.Method.invoke(Method.java:498)
	at org.junit.runners.model.FrameworkMethod$1.runReflectiveCall(FrameworkMethod.java:44)
	at org.junit.internal.runners.model.ReflectiveCallable.run(ReflectiveCallable.java:15)
	at org.junit.runners.model.FrameworkMethod.invokeExplosively(FrameworkMethod.java:41)
	at junitparams.internal.InvokeParameterisedMethod.evaluate(InvokeParameterisedMethod.java:102)
	at org.junit.internal.runners.statements.FailOnTimeout$1.run(FailOnTimeout.java:28)
Caused by: ptolemy.kernel.util.IllegalActionException: Found a zero delay loop containing .dependencyLoop.original
  in .dependencyLoop and .dependencyLoop.original
	at ptolemy.actor.util.CausalityInterfaceForComposites._computeOutputPortDepth(CausalityInterfaceForComposites.java:759)
	at ptolemy.actor.util.CausalityInterfaceForComposites._computeInputDepth(CausalityInterfaceForComposites.java:696)
	at ptolemy.actor.util.CausalityInterfaceForComposites._computeOutputPortDepth(CausalityInterfaceForComposites.java:765)
	at ptolemy.actor.util.CausalityInterfaceForComposites._computeInputDepth(CausalityInterfaceForComposites.java:696)
	at ptolemy.actor.util.CausalityInterfaceForComposites._computeOutputPortDepth(CausalityInterfaceForComposites.java:765)
	at ptolemy.actor.util.CausalityInterfaceForComposites._computeInputDepth(CausalityInterfaceForComposites.java:696)
	at ptolemy.actor.util.CausalityInterfaceForComposites._computeActorDepth(CausalityInterfaceForComposites.java:532)
	at ptolemy.actor.util.CausalityInterfaceForComposites.checkForCycles(CausalityInterfaceForComposites.java:96)
	at ptolemy.domains.de.kernel.DEDirector.preinitialize(DEDirector.java:1338)
	at ptolemy.actor.CompositeActor.preinitialize(CompositeActor.java:1828)
	at ptolemy.actor.Manager.preinitializeAndResolveTypes(Manager.java:1040)
	at ptolemy.actor.Manager.initialize(Manager.java:710)
	at ptolemy.actor.Manager.execute(Manager.java:356)
	at ptolemy.actor.Manager.run(Manager.java:1263)
	at ptolemy.actor.Manager$PtolemyRunThread.run(Manager.java:1915)
java.lang.RuntimeException: Execution failed
	at ptolemy.moml.MoMLSimpleApplication$UnloadThread.run(MoMLSimpleApplication.java:402)
Caused by: ptolemy.kernel.util.IllegalActionException: Found a zero delay loop containing .dependencyLoop2.original
  in .dependencyLoop2 and .dependencyLoop2.original
	at ptolemy.actor.util.CausalityInterfaceForComposites._computeOutputPortDepth(CausalityInterfaceForComposites.java:759)
	at ptolemy.actor.util.CausalityInterfaceForComposites._computeInputDepth(CausalityInterfaceForComposites.java:696)
	at ptolemy.actor.util.CausalityInterfaceForComposites._computeOutputPortDepth(CausalityInterfaceForComposites.java:765)
	at ptolemy.actor.util.CausalityInterfaceForComposites._computeInputDepth(CausalityInterfaceForComposites.java:696)
	at ptolemy.actor.util.CausalityInterfaceForComposites._computeOutputPortDepth(CausalityInterfaceForComposites.java:765)
	at ptolemy.actor.util.CausalityInterfaceForComposites._computeInputDepth(CausalityInterfaceForComposites.java:696)
	at ptolemy.actor.util.CausalityInterfaceForComposites._computeActorDepth(CausalityInterfaceForComposites.java:532)
	at ptolemy.actor.util.CausalityInterfaceForComposites.checkForCycles(CausalityInterfaceForComposites.java:96)
	at ptolemy.domains.de.kernel.DEDirector.preinitialize(DEDirector.java:1338)
	at ptolemy.actor.CompositeActor.preinitialize(CompositeActor.java:1828)
	at ptolemy.actor.Manager.preinitializeAndResolveTypes(Manager.java:1040)
	at ptolemy.actor.Manager.initialize(Manager.java:710)
	at ptolemy.actor.Manager.execute(Manager.java:356)
	at ptolemy.actor.Manager.run(Manager.java:1263)
	at ptolemy.actor.Manager$PtolemyRunThread.run(Manager.java:1915)
java.lang.reflect.InvocationTargetException
	at sun.reflect.NativeConstructorAccessorImpl.newInstance0(Native Method)
	at sun.reflect.NativeConstructorAccessorImpl.newInstance(NativeConstructorAccessorImpl.java:62)
	at sun.reflect.DelegatingConstructorAccessorImpl.newInstance(DelegatingConstructorAccessorImpl.java:45)
	at java.lang.reflect.Constructor.newInstance(Constructor.java:423)
	at ptolemy.util.test.junit.AutoKnownFailedTests.RunModel(AutoKnownFailedTests.java:107)
	at sun.reflect.NativeMethodAccessorImpl.invoke0(Native Method)
	at sun.reflect.NativeMethodAccessorImpl.invoke(NativeMethodAccessorImpl.java:62)
	at sun.reflect.DelegatingMethodAccessorImpl.invoke(DelegatingMethodAccessorImpl.java:43)
	at java.lang.reflect.Method.invoke(Method.java:498)
	at org.junit.runners.model.FrameworkMethod$1.runReflectiveCall(FrameworkMethod.java:44)
	at org.junit.internal.runners.model.ReflectiveCallable.run(ReflectiveCallable.java:15)
	at org.junit.runners.model.FrameworkMethod.invokeExplosively(FrameworkMethod.java:41)
	at junitparams.internal.InvokeParameterisedMethod.evaluate(InvokeParameterisedMethod.java:102)
	at org.junit.internal.runners.statements.FailOnTimeout$1.run(FailOnTimeout.java:28)
Caused by: ptolemy.kernel.util.IllegalActionException: Found a zero delay loop containing .dependencyLoop2.original
  in .dependencyLoop2 and .dependencyLoop2.original
	at ptolemy.actor.util.CausalityInterfaceForComposites._computeOutputPortDepth(CausalityInterfaceForComposites.java:759)
	at ptolemy.actor.util.CausalityInterfaceForComposites._computeInputDepth(CausalityInterfaceForComposites.java:696)
	at ptolemy.actor.util.CausalityInterfaceForComposites._computeOutputPortDepth(CausalityInterfaceForComposites.java:765)
	at ptolemy.actor.util.CausalityInterfaceForComposites._computeInputDepth(CausalityInterfaceForComposites.java:696)
	at ptolemy.actor.util.CausalityInterfaceForComposites._computeOutputPortDepth(CausalityInterfaceForComposites.java:765)
	at ptolemy.actor.util.CausalityInterfaceForComposites._computeInputDepth(CausalityInterfaceForComposites.java:696)
	at ptolemy.actor.util.CausalityInterfaceForComposites._computeActorDepth(CausalityInterfaceForComposites.java:532)
	at ptolemy.actor.util.CausalityInterfaceForComposites.checkForCycles(CausalityInterfaceForComposites.java:96)
	at ptolemy.domains.de.kernel.DEDirector.preinitialize(DEDirector.java:1338)
	at ptolemy.actor.CompositeActor.preinitialize(CompositeActor.java:1828)
	at ptolemy.actor.Manager.preinitializeAndResolveTypes(Manager.java:1040)
	at ptolemy.actor.Manager.initialize(Manager.java:710)
	at ptolemy.actor.Manager.execute(Manager.java:356)
	at ptolemy.actor.Manager.run(Manager.java:1263)
	at ptolemy.actor.Manager$PtolemyRunThread.run(Manager.java:1915)
]]></system-err>
</testsuite>
