<?xml version="1.0" encoding="UTF-8" ?>
<testsuite errors="0" failures="0" hostname="travis-job-1ebc5a7b-a2dd-42c4-94ca-a8514430f6bf" name="ptolemy.actor.lib.test.junit.JUnitTclTest" skipped="0" tests="517" time="60.387" timestamp="2021-08-23T21:16:46">
  <properties>
    <property name="npm.executable" value="npm" />
    <property name="env.TRAVIS_ROOT" value="/" />
    <property name="ptII.mk.exists" value="true" />
    <property name="env.TRAVIS_APP_HOST" value="build.travis-ci.com" />
    <property name="env.rvm_bin_path" value="/home/travis/.rvm/bin" />
    <property name="java.home" value="/usr/local/lib/jvm/openjdk11" />
    <property name="env.TRAVIS_JOB_NUMBER" value="1834.8" />
    <property name="env.TRAVIS_HOME" value="/home/travis" />
    <property name="env.DISPLAY" value=":99.0" />
    <property name="env.TRAVIS_INIT" value="systemd" />
    <property name="env.SSH_TTY" value="/dev/pts/0" />
    <property name="java.net.preferIPv4Stack" value="true" />
    <property name="env.RUN_TESTS" value="true" />
    <property name="timeout.short" value="1000000" />
    <property name="junit.formatter" value="xml" />
    <property name="env.TRAVIS_SUDO" value="true" />
    <property name="env.TRAVIS_JOB_NAME" value="" />
    <property name="env.TRAVIS_STACK_NODE_ATTRIBUTES" value="/.node-attributes.yml" />
    <property name="env.LOGNAME" value="travis" />
    <property name="env.PT_TRAVIS_TEST_CORE1_XML" value="true" />
    <property name="jsdoc.home" value="node_modules/@terraswarm/jsdoc" />
    <property name="debuglevel" value="source,lines,vars" />
    <property name="checkstyle.formatter" value="xml" />
    <property name="bin.vergil.makeable" value="true" />
    <property name="sun.os.patch.level" value="unknown" />
    <property name="java.vendor.url" value="http://java.oracle.com/" />
    <property name="env.TRAVIS_BUILD_WEB_URL" value="https://app.travis-ci.com/icyphy/ptII/builds/236032578" />
    <property name="java.version" value="11.0.2" />
    <property name="env.TZ" value="UTC" />
    <property name="env.TRAVIS_PULL_REQUEST_SHA" value="" />
    <property name="env.PT_NO_NET" value="true" />
    <property name="env.TRAVIS_SECURE_ENV_VARS" value="true" />
    <property name="java.vendor.url.bug" value="http://bugreport.java.com/bugreport/" />
    <property name="npmjs-org-is-up" value="true" />
    <property name="env.LANGUAGE" value="en_US.UTF-8" />
    <property name="env.SSH_CLIENT" value="10.16.1.16 57920 22" />
    <property name="env.GEM_HOME" value="/home/travis/.rvm/gems/ruby-2.5.3" />
    <property name="env.HAS_ANTARES_THREE_LITTLE_FRONZIES_BADGE" value="true" />
    <property name="java.version.date" value="2019-01-15" />
    <property name="env.PS4" value="+" />
    <property name="ant.project.invoked-targets" value="build,test.core1.xml" />
    <property name="env.TRAVIS_PULL_REQUEST_BRANCH" value="" />
    <property name="env.TRAVIS_REPO_SLUG" value="icyphy/ptII" />
    <property name="env.XDG_DATA_DIRS" value="/usr/local/share:/usr/share:/var/lib/snapd/desktop" />
    <property name="jdk.debug" value="release" />
    <property name="env.TRAVIS_APT_PROXY" value="http://build-cache.travisci.net" />
    <property name="env.TRAVIS_CPU_ARCH" value="amd64" />
    <property name="node.in.path" value="true" />
    <property name="user.name" value="travis" />
    <property name="java.maxmemory" value="1400m" />
    <property name="env.RUBY_VERSION" value="ruby-2.5.3" />
    <property name="env.LANG" value="en_US.UTF-8" />
    <property name="sun.io.unicode.encoding" value="UnicodeLittle" />
    <property name="sun.jnu.encoding" value="UTF-8" />
    <property name="java.runtime.name" value="OpenJDK Runtime Environment" />
    <property name="usefile" value="false" />
    <property name="return.code" value="0" />
    <property name="junit.single.formatter" value="plain" />
    <property name="env.DYLD_LIBRARY_PATH" value="/home/travis/pthla/certi-tools/lib:" />
    <property name="env.DEBIAN_FRONTEND" value="noninteractive" />
    <property name="env.SSH_CONNECTION" value="10.16.1.16 57920 10.30.0.107 22" />
    <property name="env.MYSQL_UNIX_PORT" value="/var/run/mysqld/mysqld.sock" />
    <property name="env.LC_ALL" value="en_US.UTF-8" />
    <property name="env.TRAVIS_ALLOW_FAILURE" value="" />
    <property name="env.TRAVIS_JOB_WEB_URL" value="https://app.travis-ci.com/icyphy/ptII/jobs/533322361" />
    <property name="java.specification.name" value="Java Platform API Specification" />
    <property name="node.works" value="true" />
    <property name="user.timezone" value="" />
    <property name="path.separator" value=":" />
    <property name="env.TRAVIS_ENABLE_INFRA_DETECTION" value="true" />
    <property name="env.PYTHON_CFLAGS" value="-g -fstack-protector --param=ssp-buffer-size=4 -Wformat -Werror=format-security" />
    <property name="timeout.long" value="4000000" />
    <property name="env.CERTI_HOME" value="/home/travis/pthla/certi-tools" />
    <property name="ant.file.ptII" value="/home/travis/build/icyphy/ptII/build.xml" />
    <property name="javadoc.packagenames" value="com.*,diva.*,lbnl.*,org.hlacerti.*,org.json.*,org.ptolemy.*,org.terraswarm.*,ptolemy.*,ptserver.*" />
    <property name="file.encoding" value="UTF-8" />
    <property name="env.TRAVIS_PULL_REQUEST_SLUG" value="" />
    <property name="ant.project.default-target" value="build" />
    <property name="env.GIT_ASKPASS" value="echo" />
    <property name="env.HOME" value="/home/travis" />
    <property name="sun.java.command" value="org.apache.tools.ant.taskdefs.optional.junit.JUnitTestRunner ptolemy.actor.lib.test.junit.JUnitTclTest skipNonTests=false filtertrace=true haltOnError=false haltOnFailure=false formatter=org.apache.tools.ant.taskdefs.optional.junit.OutErrSummaryJUnitResultFormatter showoutput=true outputtoformatters=true logfailedtests=true threadid=0 logtestlistenerevents=false formatter=org.apache.tools.ant.taskdefs.optional.junit.XMLJUnitResultFormatter,/home/travis/build/icyphy/ptII/reports/junit/TEST-ptolemy.actor.lib.test.junit.JUnitTclTest.xml crashfile=/home/travis/build/icyphy/ptII/junitvmwatcher3022899705667962772.properties propsfile=/home/travis/build/icyphy/ptII/junit6856012957076683934.properties" />
    <property name="env.COMPOSER_NO_INTERACTION" value="1" />
    <property name="env.MANPATH" value="/home/travis/.nvm/versions/node/v7.10.1/share/man:/home/travis/.rvm/rubies/ruby-2.5.3/share/man:/usr/local/cmake-3.12.4/man:/usr/local/clang-7.0.0/share/man:/usr/local/man:/usr/local/share/man:/usr/share/man:/home/travis/.rvm/man" />
    <property name="env.TRAVIS_TIMER_ID" value="00239328" />
    <property name="ant.file" value="/home/travis/build/icyphy/ptII/build.xml" />
    <property name="env.TRAVIS_COMMIT_RANGE" value="" />
    <property name="ptII.classpath.optional.property" value="/home/travis/build/icyphy/ptII/lib/bsh-2.0b4.jar:/home/travis/build/icyphy/ptII/lib/ptCal.jar:/home/travis/build/icyphy/ptII/lib/java_cup.jar:/home/travis/build/icyphy/ptII/lib/saxon8.jar:/home/travis/build/icyphy/ptII/lib/saxon8-dom.jar:/home/travis/build/icyphy/ptII/lib/chic.jar:/home/travis/build/icyphy/ptII/lib/ptcolt.jar:/home/travis/build/icyphy/ptII/vendors/misc/itext/iText.jar:/home/travis/build/icyphy/ptII/lib/g4ltl.jar:/home/travis/build/icyphy/ptII/lib/StructuralCoder.jar:/home/travis/build/icyphy/ptII/lib/jcerti.jar:/home/travis/build/icyphy/ptII/lib/javax.mail.jar:/home/travis/build/icyphy/ptII/vendors/JMF-2.1.1e/lib/jmf.jar:/home/travis/build/icyphy/ptII/lib/jna-4.0.0-variadic.jar:/home/travis/build/icyphy/ptII/vendors/misc/joystick/Joystick.jar:/home/travis/build/icyphy/ptII/lib/ptjacl.jar:/home/travis/build/icyphy/ptII/lib/jsoup-1.8.2.jar:/home/travis/build/icyphy/ptII/lib/junit-4.8.2.jar:/home/travis/build/icyphy/ptII/lib/JUnitParams-0.4.0.jar:/home/travis/build/icyphy/ptII/ptolemy/actor/lib/excel/jxl.jar:/home/travis/build/icyphy/ptII/lib/jython.jar:/home/travis/build/icyphy/ptII/lib/kieler.jar:/home/travis/build/icyphy/ptII/vendors/opencv/share/OpenCV/java/opencv-341.jar:/home/travis/build/icyphy/ptII/lib/oscP5.jar:/home/travis/build/icyphy/ptII/lib/nrjavaserial-3.11.0.devel.jar:/home/travis/build/icyphy/ptII/vendors/j3d/lib/Linux/j3dcore.jar:/home/travis/build/icyphy/ptII/vendors/j3d/lib/Linux/j3dutils.jar:/home/travis/build/icyphy/ptII/vendors/j3d/lib/Linux/vecmath.jar:/home/travis/build/icyphy/ptII/vendors/jogl/lib/Linux/gluegen-rt-natives-linux-amd64.jar:/home/travis/build/icyphy/ptII/vendors/jogl/lib/Linux/gluegen-rt.jar:/home/travis/build/icyphy/ptII/vendors/jogl/lib/Linux/jogl-all-natives-linux-amd64.jar:/home/travis/build/icyphy/ptII/vendors/jogl/lib/Linux/jogl-all.jar:/home/travis/build/icyphy/ptII/ptolemy/distributed/jini/jar/jini-core.jar:/home/travis/build/icyphy/ptII/ptolemy/distributed/jini/jar/jini-ext.jar:/home/travis/build/icyphy/ptII/ptolemy/distributed/jini/jar/sun-util.jar:/home/travis/build/icyphy/ptII/lib/protobuf-java-2.4.1.jar:/home/travis/build/icyphy/ptII/lib/org.eclipse.paho.client.mqttv3.jar:/home/travis/build/icyphy/ptII/lib/mapss.jar:/home/travis/build/icyphy/ptII/ptolemy/actor/ptalon/antlr/antlr.jar:/home/travis/build/icyphy/ptII/lib/JRI.jar:/home/travis/build/icyphy/ptII/lib/commons-lang-2.6.jar:/home/travis/build/icyphy/ptII/lib/commons-logging-1.1.1.jar:/home/travis/build/icyphy/ptII/lib/sootclasses.jar:/home/travis/build/icyphy/ptII/ptolemy/actor/lib/database/mysql-connector-java-5.1.6-bin.jar:/home/travis/build/icyphy/ptII/vendors/misc/sphinx4/sphinx4-data-5prealpha.jar:/home/travis/build/icyphy/ptII/vendors/misc/sphinx4/sphinx4-core-5prealpha.jar:/home/travis/build/icyphy/ptII/lib/PDFRenderer.jar:/home/travis/build/icyphy/ptII/lib/svgSalamander.jar:/home/travis/build/icyphy/ptII/lib/rsyntaxtextarea-2.6.0-SNAPSHOT.jar:/home/travis/build/icyphy/ptII/lib/hazelcast-3.8.2.jar:/home/travis/build/icyphy/ptII/lib/jackson-annotations-2.9.0.jar:/home/travis/build/icyphy/ptII/lib/jackson-core-2.9.3.jar:/home/travis/build/icyphy/ptII/lib/jackson-databind-2.9.3.jar:/home/travis/build/icyphy/ptII/lib/netty-buffer-4.1.19.Final.jar:/home/travis/build/icyphy/ptII/lib/netty-codec-4.1.19.Final.jar:/home/travis/build/icyphy/ptII/lib/netty-codec-dns-4.1.19.Final.jar:/home/travis/build/icyphy/ptII/lib/netty-codec-http-4.1.19.Final.jar:/home/travis/build/icyphy/ptII/lib/netty-codec-http2-4.1.19.Final.jar:/home/travis/build/icyphy/ptII/lib/netty-common-4.1.19.Final.jar:/home/travis/build/icyphy/ptII/lib/netty-handler-4.1.19.Final.jar:/home/travis/build/icyphy/ptII/lib/netty-resolver-4.1.19.Final.jar:/home/travis/build/icyphy/ptII/lib/netty-resolver-dns-4.1.19.Final.jar:/home/travis/build/icyphy/ptII/lib/netty-transport-4.1.19.Final.jar:/home/travis/build/icyphy/ptII/lib/vertx-codegen-3.5.1.jar:/home/travis/build/icyphy/ptII/lib/vertx-core-3.5.2-SNAPSHOT.jar:/home/travis/build/icyphy/ptII/lib/vertx-hazelcast-3.5.1.jar:/home/travis/build/icyphy/ptII/lib/vertx-lang-js-3.5.1.jar:/home/travis/build/icyphy/ptII/lib/vertx-service-proxy-3.5.1.jar:/home/travis/build/icyphy/ptII/lib/vertx-web-3.5.1.jar:/home/travis/build/icyphy/ptII/lib/slf4j-api-1.7.13.jar:/home/travis/build/icyphy/ptII/lib/slf4j-simple-1.7.13.jar:/home/travis/build/icyphy/ptII/lib/webcam-capture-0.3.12.jar:/home/travis/build/icyphy/ptII/lib/bridj-0.7.0.jar:/home/travis/build/icyphy/ptII/lib/xbjlib-1.1.0.nrjavaserial.jar" />
    <property name="timeout" value="2400000" />
    <property name="test.batch" value="**/junit/*.java" />
    <property name="env._" value="/usr/bin/timeout" />
    <property name="java.io.tmpdir" value="/tmp" />
    <property name="user.language" value="en" />
    <property name="env.TRAVIS_INTERNAL_RUBY_REGEX" value="^ruby-(2\.[0-4]\.[0-9]|1\.9\.3)" />
    <property name="env.HISTCONTROL" value="ignoredups:ignorespace" />
    <property name="env.GOROOT" value="/home/travis/.gimme/versions/go1.11.1.linux.amd64" />
    <property name="line.separator" value="&#xa;" />
    <property name="target" value="11" />
    <property name="env.TRAVIS_BUILD_DIR" value="/home/travis/build/icyphy/ptII" />
    <property name="env.ANT_OPTS" value="-Xmx2048m" />
    <property name="ant.file.type" value="file" />
    <property name="ptolemy.ptII.batchMode" value="true" />
    <property name="env.HISTSIZE" value="1000" />
    <property name="env.MERB_ENV" value="test" />
    <property name="java.vm.info" value="mixed mode" />
    <property name="source" value="11" />
    <property name="java.vm.specification.name" value="Java Virtual Machine Specification" />
    <property name="env.TRAVIS_TEST_RESULT" value="0" />
    <property name="jsdoc.command" value="node_modules/@terraswarm/jsdoc/jsdoc.js" />
    <property name="npm.works" value="true" />
    <property name="cobertura.dir" value="/home/travis/build/icyphy/ptII/vendors/cobertura-2.0.3" />
    <property name="jsdoc.command.exists" value="true" />
    <property name="env.rvm_path" value="/home/travis/.rvm" />
    <property name="env.GEM_PATH" value="/home/travis/.rvm/gems/ruby-2.5.3:/home/travis/.rvm/gems/ruby-2.5.3@global" />
    <property name="env.LC_CTYPE" value="en_US.UTF-8" />
    <property name="env.TRAVIS_CMD" value="$PTII/bin/ptIITravisBuild.sh $SECONDS" />
    <property name="java.awt.printerjob" value="sun.print.PSPrinterJob" />
    <property name="env.TRAVIS_STACK_NAME" value="sardonyx" />
    <property name="env.TRAVIS_TIMER_START_TIME" value="1629752824279479607" />
    <property name="ant.version" value="Apache Ant(TM) version 1.10.1 compiled on February 2 2017" />
    <property name="ptII.reports" value="/home/travis/build/icyphy/ptII/reports" />
    <property name="env.TRAVIS_STACK_TIMESTAMP" value="2020-06-24 13:13:18 UTC" />
    <property name="ant.file.type.ptII" value="file" />
    <property name="env.RBENV_SHELL" value="bash" />
    <property name="os.name" value="Linux" />
    <property name="java.specification.vendor" value="Oracle Corporation" />
    <property name="env.rvm_version" value="1.29.10 (latest)" />
    <property name="env.TRAVIS_INFRA" value="unknown" />
    <property name="env.TERM" value="xterm" />
    <property name="java.vm.name" value="OpenJDK 64-Bit Server VM" />
    <property name="env.TRAVIS_BUILD_NUMBER" value="1834" />
    <property name="env.CI" value="true" />
    <property name="java.library.path" value="/home/travis/pthla/certi-tools/lib:/usr/lib/jni:/usr/local/share/OpenCV/java/:/usr/share/OpenCV/java::/usr/java/packages/lib:/usr/lib64:/lib64:/lib:/usr/lib" />
    <property name="jdk.module.path" value="/home/travis/build/icyphy/ptII/vendors/javafx/javafx-sdk-11.0.2/lib:" />
    <property name="env.rvm_prefix" value="/home/travis" />
    <property name="env.PATH" value="/home/travis/pthla/certi-tools/share/scripts:/home/travis/.rvm/gems/ruby-2.5.3/bin:/home/travis/.rvm/gems/ruby-2.5.3@global/bin:/home/travis/.rvm/rubies/ruby-2.5.3/bin:/home/travis/.rvm/bin:./node_modules/.bin:/home/travis/build/icyphy/ptII/bin:/home/travis/pthla/certi-tools/bin:/home/travis/bin:/home/travis/.local/bin:/usr/local/lib/jvm/openjdk11/bin:/opt/pyenv/shims:/home/travis/.phpenv/shims:/home/travis/perl5/perlbrew/bin:/home/travis/.nvm/versions/node/v7.10.1/bin:/home/travis/gopath/bin:/home/travis/.gimme/versions/go1.11.1.linux.amd64/bin:/usr/local/maven-3.6.3/bin:/usr/local/cmake-3.12.4/bin:/usr/local/clang-7.0.0/bin:/usr/local/sbin:/usr/local/bin:/usr/sbin:/usr/bin:/sbin:/bin:/snap/bin:/home/travis/.phpenv/bin:/opt/pyenv/bin:/home/travis/.yarn/bin" />
    <property name="env.TRAVIS_OS_NAME" value="linux" />
    <property name="ant.java.version" value="9" />
    <property name="basedir" value="/home/travis/build/icyphy/ptII" />
    <property name="java.class.version" value="55.0" />
    <property name="env.SHLVL" value="3" />
    <property name="env.LD_LIBRARY_PATH" value="/home/travis/pthla/certi-tools/lib:/usr/lib/jni:/usr/local/share/OpenCV/java/:/usr/share/OpenCV/java:" />
    <property name="env.RACK_ENV" value="test" />
    <property name="ant.home" value="/home/travis/build/icyphy/ptII/ant" />
    <property name="env.NVM_DIR" value="/home/travis/.nvm" />
    <property name="env.CERTI_FOM_PATH" value="/home/travis/pthla/certi-tools/share/federations" />
    <property name="env.TRAVIS_BUILD_ID" value="236032578" />
    <property name="env.PYENV_ROOT" value="/opt/pyenv" />
    <property name="env.TRAVIS_UID" value="2000" />
    <property name="prism.verbose" value="true" />
    <property name="env.NVM_BIN" value="/home/travis/.nvm/versions/node/v7.10.1/bin" />
    <property name="env.TRAVIS_COMMIT" value="7175903f512f8eebc88bd510cc39ad6e5faece21" />
    <property name="node.executable" value="node" />
    <property name="sun.boot.library.path" value="/usr/local/lib/jvm/openjdk11/lib" />
    <property name="sun.management.compiler" value="HotSpot 64-Bit Tiered Compilers" />
    <property name="java.awt.graphicsenv" value="sun.awt.X11GraphicsEnvironment" />
    <property name="env.GOPATH" value="/home/travis/gopath" />
    <property name="ptolemy.ptII.dir" value="/home/travis/build/icyphy/ptII" />
    <property name="env.USER" value="travis" />
    <property name="env.HISTFILESIZE" value="2000" />
    <property name="env.NVM_INC" value="/home/travis/.nvm/versions/node/v7.10.1/include/node" />
    <property name="timeout.longest" value="19000000" />
    <property name="env.PERLBREW_SHELLRC_VERSION" value="0.88" />
    <property name="env.TRAVIS_STACK_FEATURES" value="basic couchdb disabled-ipv6 docker docker-compose elasticsearch firefox go-toolchain google-chrome jdk memcached mongodb mysql nodejs_interpreter perl_interpreter perlbrew phantomjs postgresql python_interpreter redis ruby_interpreter sqlite xserver" />
    <property name="env.TRAVIS_PULL_REQUEST" value="false" />
    <property name="env.PYENV_SHELL" value="bash" />
    <property name="ant.project.name" value="ptII" />
    <property name="env.ANSI_RESET" value="\033[0m" />
    <property name="java.vm.specification.version" value="11" />
    <property name="env.TRAVIS_DIST" value="xenial" />
    <property name="env.CERTI_VERSION" value="4.0.0" />
    <property name="env.CERTI_HOST" value="localhost" />
    <property name="awt.toolkit" value="sun.awt.X11.XToolkit" />
    <property name="env.MY_RUBY_HOME" value="/home/travis/.rvm/rubies/ruby-2.5.3" />
    <property name="sun.cpu.isalist" value="" />
    <property name="env.TRAVIS_TMPDIR" value="/tmp/tmp.1LZx0J8Gni" />
    <property name="java.vm.compressedOopsMode" value="Zero based" />
    <property name="os.version" value="4.15.0-1077-gcp" />
    <property name="user.home" value="/home/travis" />
    <property name="java.vm.vendor" value="Oracle Corporation" />
    <property name="env.TRAVIS_TAG" value="nightly" />
    <property name="env.ANSI_YELLOW" value="\033[33;1m" />
    <property name="env.TRAVIS_FILTERED" value="redirect_io" />
    <property name="env.ANSI_GREEN" value="\033[32;1m" />
    <property name="env.JAVA_HOME" value="/usr/local/lib/jvm/openjdk11" />
    <property name="javadoc.excludepackagenames" value="adm.cvs2svn.*,build.*,config.*,doc.coding.templates.*,jni.test.jni.meaningOfLife.*,jni.test.jni.testDeux.*,jni.test.jni.testTrois.*,org.terraswarm.accessor.accessors.web.node_modules.*,org.terraswarm.accessor.accessors.web.hosts.cordova.demo.*,org.terraswarm.accessor.accessors.web.hosts.cordova.plugins.*,org.terraswarm.accessor.accessors-svn.*,pt-modules.*,ptolemy.apps.agilent.*,ptolemy.apps.anytimecontrol.*,ptolemy.apps.apes.*,ptolemy.apps.charon.*,ptolemy.apps.crazyboard.*,ptolemy.apps.eclipse.*,ptolemy.apps.etherealSting.*,ptolemy.apps.fullscreen.*,ptolemy.apps.giotto.*,ptolemy.apps.ia.*,ptolemy.apps.interfaces.*,ptolemy.apps.jmf.*,ptolemy.apps.kurt.*,ptolemy.apps.kvm.*,ptolemy.apps.lego.*,ptolemy.apps.lejos.*,ptolemy.apps.midp.*,ptolemy.apps.mobileCoding.*,ptolemy.apps.pendulum.*,ptolemy.apps.rijndael.*,ptolemy.apps.robot.*,ptolemy.apps.security.*,ptolemy.apps.sobel.*,ptolemy.apps.soot.*,ptolemy.apps.throttle.*,ptolemy.apps.tini.*,ptolemy.apps.transmission.*,ptolemy.apps.vergil.*,ptolemy.apps.waba.*,ptolemy.apps.websensor.*,ptolemy.apps.webstart.*,ptolemy.apps.xsl.*,ptolemy.apps.zaurus.*,ptolemy.codegen.c.actor.lib.oldJavaFiles.*,ptolemy.codegen.dsp.lib.*,ptolemy.codegen.kernel.newInterfaces.*,ptolemy.codegen.lib.*,ptolemy.copernicus.kernel.fragment.*,ptolemy.copernicus.shallow.cg.*,ptolemy.domains.giotto.demo.Hierarchy.Hierarchy.*,ptolemy.domains.giotto.demo.Multimode.Multimode.*,ptolemy.domains.giotto.demo.Simple.Simple.*,ptolemy.domains.gr.lib.experimental.*,ptolemy.domains.gro.*,ptolemy.domains.pdf.*,ptolemy.domains.ptinyos.demo.Surge.output.*,ptolemy.moml.test.NoPackageActor.java*,ptolemy.plot.adm.*,ptolemy.plot.servlet.*,reports.*,signed.*,src.*,target.*,vendors.*,ptolemy.copernicus.applet.*,ptolemy.media.viewer.*,ptolemy.actor.corba.*,doc.doclets.*,ptolemy.apps.eclipse.awt.*,ptolemy.backtrack.*,ptolemy.backtrack.ast.*,ptolemy.cg.adapter.generic.program.procedural.c.mbed*,ptolemy.homer.*,ptolemy.actor.lib.jai.*,org.ptolemy.scala.*,diva.util.java2d.svg.*,ptolemy.domains.ptinyos.*,ptolemy.actor.lib.fmi.fmipp.*,,org.terraswarm.accessor.accessors.web.node_modules.*,org.terraswarm.accessor.accessors-svn,ptolemy.apps.*,ptolemy.actor.ptalon.demo.ptinyos.SendAndReceiveCnt.output,ptolemy.actor.ptalon.demo.ptinyos.SenseToLeds.output,ptolemy.domains.ptinyos.demo.CntToLedsAndRfm.output,ptolemy.domains.ptinyos.demo.RfmToLeds.output,ptolemy.domains.ptinyos.demo.SendAndReceiveCnt.output,ptolemy.domains.ptinyos.demo.SenseToLeds.output,ptolemy.actor.lib.jjs.modules.udpSocket.*" />
    <property name="env.PTII" value="/home/travis/build/icyphy/ptII" />
    <property name="env.XDG_SESSION_ID" value="2" />
    <property name="keystore" value="ptKeystore" />
    <property name="env.TRAVIS_COMMIT_MESSAGE" value="Bump jsoup from 1.7.3 to 1.14.2&#xa;&#xa;Bumps [jsoup](https://github.com/jhy/jsoup) from 1.7.3 to 1.14.2.&#xa;- [Release notes](https://github.com/jhy/jsoup/releases)&#xa;- [Changelog](https://github.com/jhy/jsoup/blob/master/CHANGES)&#xa;- [Commits](https://github.com/jhy/jsoup/compare/jsoup-1.7.3...jsoup-1.14.2)&#xa;&#xa;---&#xa;updated-dependencies:&#xa;- dependency-name: org.jsoup:jsoup&#xa;  dependency-type: direct:production&#xa;...&#xa;&#xa;Signed-off-by: dependabot[bot] &lt;support@github.com&gt;" />
    <property name="junit.output.dir" value="/home/travis/build/icyphy/ptII/reports/junit" />
    <property name="npm.return.code" value="0" />
    <property name="user.dir" value="/home/travis/build/icyphy/ptII/ptolemy/actor/lib/test" />
    <property name="env.TRAVIS_NODE_VERSION" value="7" />
    <property name="env.TRAVIS_EVENT_TYPE" value="push" />
    <property name="env.MAIL" value="/var/mail/travis" />
    <property name="env.PERLBREW_ROOT" value="/home/travis/perl5/perlbrew" />
    <property name="env.PWD" value="/home/travis/build/icyphy/ptII" />
    <property name="timeout.npm" value="45000" />
    <property name="env.TRAVIS_ARCH" value="amd64" />
    <property name="sun.cpu.endian" value="little" />
    <property name="env.PAGER" value="cat" />
    <property name="env.TRAVIS_BUILD_STAGE_NAME" value="test" />
    <property name="env.PERLBREW_HOME" value="/home/travis/.perlbrew" />
    <property name="java.vm.version" value="11.0.2+9" />
    <property name="env.RAILS_ENV" value="test" />
    <property name="java.class.path" value="/home/travis/.ptolemyII:/home/travis/.ptolemyII/*:/home/travis/build/icyphy/ptII:/home/travis/build/icyphy/ptII/lib/bsh-2.0b4.jar:/home/travis/build/icyphy/ptII/lib/ptCal.jar:/home/travis/build/icyphy/ptII/lib/java_cup.jar:/home/travis/build/icyphy/ptII/lib/saxon8.jar:/home/travis/build/icyphy/ptII/lib/saxon8-dom.jar:/home/travis/build/icyphy/ptII/lib/chic.jar:/home/travis/build/icyphy/ptII/lib/ptcolt.jar:/home/travis/build/icyphy/ptII/vendors/misc/itext/iText.jar:/home/travis/build/icyphy/ptII/lib/g4ltl.jar:/home/travis/build/icyphy/ptII/lib/StructuralCoder.jar:/home/travis/build/icyphy/ptII/lib/jcerti.jar:/home/travis/build/icyphy/ptII/lib/javax.mail.jar:/home/travis/build/icyphy/ptII/vendors/JMF-2.1.1e/lib/jmf.jar:/home/travis/build/icyphy/ptII/lib/jna-4.0.0-variadic.jar:/home/travis/build/icyphy/ptII/vendors/misc/joystick/Joystick.jar:/home/travis/build/icyphy/ptII/lib/ptjacl.jar:/home/travis/build/icyphy/ptII/lib/jsoup-1.8.2.jar:/home/travis/build/icyphy/ptII/lib/junit-4.8.2.jar:/home/travis/build/icyphy/ptII/lib/JUnitParams-0.4.0.jar:/home/travis/build/icyphy/ptII/ptolemy/actor/lib/excel/jxl.jar:/home/travis/build/icyphy/ptII/lib/jython.jar:/home/travis/build/icyphy/ptII/lib/kieler.jar:/home/travis/build/icyphy/ptII/vendors/opencv/share/OpenCV/java/opencv-341.jar:/home/travis/build/icyphy/ptII/lib/oscP5.jar:/home/travis/build/icyphy/ptII/lib/nrjavaserial-3.11.0.devel.jar:/home/travis/build/icyphy/ptII/vendors/j3d/lib/Linux/j3dcore.jar:/home/travis/build/icyphy/ptII/vendors/j3d/lib/Linux/j3dutils.jar:/home/travis/build/icyphy/ptII/vendors/j3d/lib/Linux/vecmath.jar:/home/travis/build/icyphy/ptII/vendors/jogl/lib/Linux/gluegen-rt-natives-linux-amd64.jar:/home/travis/build/icyphy/ptII/vendors/jogl/lib/Linux/gluegen-rt.jar:/home/travis/build/icyphy/ptII/vendors/jogl/lib/Linux/jogl-all-natives-linux-amd64.jar:/home/travis/build/icyphy/ptII/vendors/jogl/lib/Linux/jogl-all.jar:/home/travis/build/icyphy/ptII/ptolemy/distributed/jini/jar/jini-core.jar:/home/travis/build/icyphy/ptII/ptolemy/distributed/jini/jar/jini-ext.jar:/home/travis/build/icyphy/ptII/ptolemy/distributed/jini/jar/sun-util.jar:/home/travis/build/icyphy/ptII/lib/protobuf-java-2.4.1.jar:/home/travis/build/icyphy/ptII/lib/org.eclipse.paho.client.mqttv3.jar:/home/travis/build/icyphy/ptII/lib/mapss.jar:/home/travis/build/icyphy/ptII/ptolemy/actor/ptalon/antlr/antlr.jar:/home/travis/build/icyphy/ptII/lib/JRI.jar:/home/travis/build/icyphy/ptII/lib/commons-lang-2.6.jar:/home/travis/build/icyphy/ptII/lib/commons-logging-1.1.1.jar:/home/travis/build/icyphy/ptII/lib/sootclasses.jar:/home/travis/build/icyphy/ptII/ptolemy/actor/lib/database/mysql-connector-java-5.1.6-bin.jar:/home/travis/build/icyphy/ptII/vendors/misc/sphinx4/sphinx4-data-5prealpha.jar:/home/travis/build/icyphy/ptII/vendors/misc/sphinx4/sphinx4-core-5prealpha.jar:/home/travis/build/icyphy/ptII/lib/PDFRenderer.jar:/home/travis/build/icyphy/ptII/lib/svgSalamander.jar:/home/travis/build/icyphy/ptII/lib/rsyntaxtextarea-2.6.0-SNAPSHOT.jar:/home/travis/build/icyphy/ptII/lib/hazelcast-3.8.2.jar:/home/travis/build/icyphy/ptII/lib/jackson-annotations-2.9.0.jar:/home/travis/build/icyphy/ptII/lib/jackson-core-2.9.3.jar:/home/travis/build/icyphy/ptII/lib/jackson-databind-2.9.3.jar:/home/travis/build/icyphy/ptII/lib/netty-buffer-4.1.19.Final.jar:/home/travis/build/icyphy/ptII/lib/netty-codec-4.1.19.Final.jar:/home/travis/build/icyphy/ptII/lib/netty-codec-dns-4.1.19.Final.jar:/home/travis/build/icyphy/ptII/lib/netty-codec-http-4.1.19.Final.jar:/home/travis/build/icyphy/ptII/lib/netty-codec-http2-4.1.19.Final.jar:/home/travis/build/icyphy/ptII/lib/netty-common-4.1.19.Final.jar:/home/travis/build/icyphy/ptII/lib/netty-handler-4.1.19.Final.jar:/home/travis/build/icyphy/ptII/lib/netty-resolver-4.1.19.Final.jar:/home/travis/build/icyphy/ptII/lib/netty-resolver-dns-4.1.19.Final.jar:/home/travis/build/icyphy/ptII/lib/netty-transport-4.1.19.Final.jar:/home/travis/build/icyphy/ptII/lib/vertx-codegen-3.5.1.jar:/home/travis/build/icyphy/ptII/lib/vertx-core-3.5.2-SNAPSHOT.jar:/home/travis/build/icyphy/ptII/lib/vertx-hazelcast-3.5.1.jar:/home/travis/build/icyphy/ptII/lib/vertx-lang-js-3.5.1.jar:/home/travis/build/icyphy/ptII/lib/vertx-service-proxy-3.5.1.jar:/home/travis/build/icyphy/ptII/lib/vertx-web-3.5.1.jar:/home/travis/build/icyphy/ptII/lib/slf4j-api-1.7.13.jar:/home/travis/build/icyphy/ptII/lib/slf4j-simple-1.7.13.jar:/home/travis/build/icyphy/ptII/lib/webcam-capture-0.3.12.jar:/home/travis/build/icyphy/ptII/lib/bridj-0.7.0.jar:/home/travis/build/icyphy/ptII/lib/xbjlib-1.1.0.nrjavaserial.jar:/home/travis/build/icyphy/ptII/ptolemy/moml/test:/home/travis/build/icyphy/ptII/ant/lib/ant-launcher.jar:/home/travis/build/icyphy/ptII/ant/lib/ant.jar:/home/travis/build/icyphy/ptII/ant/lib/ant-junit.jar:/home/travis/build/icyphy/ptII/ant/lib/ant-junit4.jar" />
    <property name="ant.library.dir" value="/home/travis/build/icyphy/ptII/ant/lib" />
    <property name="os.arch" value="amd64" />
    <property name="env.CONTINUOUS_INTEGRATION" value="true" />
    <property name="env.TRAVIS_LANGUAGE" value="node_js" />
    <property name="env.TRAVIS_STACK_LANGUAGES" value="__sardonyx__ c c++ clojure cplusplus cpp default generic go groovy java node_js php pure_java python ruby scala" />
    <property name="test.name" value="ptolemy.actor.lib.test.junit.JUnitTclTest" />
    <property name="env.APT_KEY_DONT_WARN_ON_DANGEROUS_USAGE" value="1" />
    <property name="sun.java.launcher" value="SUN_STANDARD" />
    <property name="env.PYTHON_CONFIGURE_OPTS" value="--enable-unicode=ucs4 --with-wide-unicode --enable-shared --enable-ipv6 --enable-loadable-sqlite-extensions --with-computed-gotos" />
    <property name="ant.core.lib" value="/home/travis/build/icyphy/ptII/ant/lib/ant.jar" />
    <property name="java.vm.specification.vendor" value="Oracle Corporation" />
    <property name="env.BCVTB_HOME" value="/home/travis/build/icyphy/ptII/lbnl" />
    <property name="file.separator" value="/" />
    <property name="spotbugs.home" value="/home/travis/build/icyphy/ptII/vendors/spotbugs-3.1.1" />
    <property name="java.runtime.version" value="11.0.2+9" />
    <property name="env.ANSI_CLEAR" value="\033[0K" />
    <property name="javafx.verbose" value="true" />
    <property name="env.HAS_JOSH_K_SEAL_OF_APPROVAL" value="true" />
    <property name="env.XDG_RUNTIME_DIR" value="/run/user/2000" />
    <property name="env.TRAVIS_OSX_IMAGE" value="" />
    <property name="env.TRAVIS_JOB_ID" value="533322361" />
    <property name="env.TRAVIS_BRANCH" value="dependabot/maven/org.jsoup-jsoup-1.14.2" />
    <property name="user.country" value="US" />
    <property name="env.CERTI_HOME_TRAVIS" value="/home/travis/pthla/certi-tools" />
    <property name="env.SHELL" value="/bin/bash" />
    <property name="java.maxmemory.large" value="3200m" />
    <property name="model" value="" />
    <property name="env.CASHER_DIR" value="/home/travis/.casher" />
    <property name="env.NVM_CD_FLAGS" value="" />
    <property name="java.vendor.version" value="18.9" />
    <property name="jshint.executable" value="/home/travis/node_modules/jshint/bin/jshint" />
    <property name="env.JRUBY_OPTS" value=" --client -J-XX:+TieredCompilation -J-XX:TieredStopAtLevel=1 -J-Xss2m -Xcompile.invokedynamic=false" />
    <property name="java.vendor" value="Oracle Corporation" />
    <property name="env.TRAVIS_PRE_CHEF_BOOTSTRAP_TIME" value="2020-06-24T13:13:03" />
    <property name="env.TRAVIS_STACK_JOB_BOARD_REGISTER" value="/.job-board-register.yml" />
    <property name="env.ANSI_RED" value="\033[31;1m" />
    <property name="java.specification.version" value="11" />
    <property name="env.IRBRC" value="/home/travis/.rvm/rubies/ruby-2.5.3/.irbrc" />
    <property name="env.TRAVIS" value="true" />
    <property name="sun.arch.data.model" value="64" />
  </properties>
  <testcase classname="ptolemy.util.test.junit.TclTests" name="[0] /home/travis/build/icyphy/ptII/ptolemy/actor/lib/test/AbsoluteValue.tcl (RunTclFile)" time="0.558" />
  <testcase classname="ptolemy.util.test.junit.TclTests" name="[1] /home/travis/build/icyphy/ptII/ptolemy/actor/lib/test/AddSubtract.tcl (RunTclFile)" time="0.109" />
  <testcase classname="ptolemy.util.test.junit.TclTests" name="[2] /home/travis/build/icyphy/ptII/ptolemy/actor/lib/test/Average.tcl (RunTclFile)" time="0.058" />
  <testcase classname="ptolemy.util.test.junit.TclTests" name="[3] /home/travis/build/icyphy/ptII/ptolemy/actor/lib/test/Bernoulli.tcl (RunTclFile)" time="0.029" />
  <testcase classname="ptolemy.util.test.junit.TclTests" name="[4] /home/travis/build/icyphy/ptII/ptolemy/actor/lib/test/Clock.tcl (RunTclFile)" time="0.105" />
  <testcase classname="ptolemy.util.test.junit.TclTests" name="[5] /home/travis/build/icyphy/ptII/ptolemy/actor/lib/test/Commutator.tcl (RunTclFile)" time="0.161" />
  <testcase classname="ptolemy.util.test.junit.TclTests" name="[6] /home/travis/build/icyphy/ptII/ptolemy/actor/lib/test/Const.tcl (RunTclFile)" time="0.117" />
  <testcase classname="ptolemy.util.test.junit.TclTests" name="[7] /home/travis/build/icyphy/ptII/ptolemy/actor/lib/test/CurrentTime.tcl (RunTclFile)" time="0.037" />
  <testcase classname="ptolemy.util.test.junit.TclTests" name="[8] /home/travis/build/icyphy/ptII/ptolemy/actor/lib/test/DB.tcl (RunTclFile)" time="0.031" />
  <testcase classname="ptolemy.util.test.junit.TclTests" name="[9] /home/travis/build/icyphy/ptII/ptolemy/actor/lib/test/DiscreteRandomSource.tcl (RunTclFile)" time="0.038" />
  <testcase classname="ptolemy.util.test.junit.TclTests" name="[10] /home/travis/build/icyphy/ptII/ptolemy/actor/lib/test/Distributor.tcl (RunTclFile)" time="0.092" />
  <testcase classname="ptolemy.util.test.junit.TclTests" name="[11] /home/travis/build/icyphy/ptII/ptolemy/actor/lib/test/Exit.tcl (RunTclFile)" time="0.086" />
  <testcase classname="ptolemy.util.test.junit.TclTests" name="[12] /home/travis/build/icyphy/ptII/ptolemy/actor/lib/test/Expression.tcl (RunTclFile)" time="0.086" />
  <testcase classname="ptolemy.util.test.junit.TclTests" name="[13] /home/travis/build/icyphy/ptII/ptolemy/actor/lib/test/Gaussian.tcl (RunTclFile)" time="0.334" />
  <testcase classname="ptolemy.util.test.junit.TclTests" name="[14] /home/travis/build/icyphy/ptII/ptolemy/actor/lib/test/IIR.tcl (RunTclFile)" time="0.035" />
  <testcase classname="ptolemy.util.test.junit.TclTests" name="[15] /home/travis/build/icyphy/ptII/ptolemy/actor/lib/test/Interpolator.tcl (RunTclFile)" time="0.072" />
  <testcase classname="ptolemy.util.test.junit.TclTests" name="[16] /home/travis/build/icyphy/ptII/ptolemy/actor/lib/test/MathFunction.tcl (RunTclFile)" time="0.039" />
  <testcase classname="ptolemy.util.test.junit.TclTests" name="[17] /home/travis/build/icyphy/ptII/ptolemy/actor/lib/test/Maximum.tcl (RunTclFile)" time="0.02" />
  <testcase classname="ptolemy.util.test.junit.TclTests" name="[18] /home/travis/build/icyphy/ptII/ptolemy/actor/lib/test/Minimum.tcl (RunTclFile)" time="0.023" />
  <testcase classname="ptolemy.util.test.junit.TclTests" name="[19] /home/travis/build/icyphy/ptII/ptolemy/actor/lib/test/MultiplyDivide.tcl (RunTclFile)" time="0.034" />
  <testcase classname="ptolemy.util.test.junit.TclTests" name="[20] /home/travis/build/icyphy/ptII/ptolemy/actor/lib/test/OrderedMerge.tcl (RunTclFile)" time="0.111" />
  <testcase classname="ptolemy.util.test.junit.TclTests" name="[21] /home/travis/build/icyphy/ptII/ptolemy/actor/lib/test/Publisher.tcl (RunTclFile)" time="0.784" />
  <testcase classname="ptolemy.util.test.junit.TclTests" name="[22] /home/travis/build/icyphy/ptII/ptolemy/actor/lib/test/Pulse.tcl (RunTclFile)" time="0.078" />
  <testcase classname="ptolemy.util.test.junit.TclTests" name="[23] /home/travis/build/icyphy/ptII/ptolemy/actor/lib/test/Ramp.tcl (RunTclFile)" time="1.839" />
  <testcase classname="ptolemy.util.test.junit.TclTests" name="[24] /home/travis/build/icyphy/ptII/ptolemy/actor/lib/test/RampContinuous.tcl (RunTclFile)" time="0.016" />
  <testcase classname="ptolemy.util.test.junit.TclTests" name="[25] /home/travis/build/icyphy/ptII/ptolemy/actor/lib/test/RecordAssembler.tcl (RunTclFile)" time="0.014" />
  <testcase classname="ptolemy.util.test.junit.TclTests" name="[26] /home/travis/build/icyphy/ptII/ptolemy/actor/lib/test/RecordDisassembler.tcl (RunTclFile)" time="0.027" />
  <testcase classname="ptolemy.util.test.junit.TclTests" name="[27] /home/travis/build/icyphy/ptII/ptolemy/actor/lib/test/Scale.tcl (RunTclFile)" time="0.022" />
  <testcase classname="ptolemy.util.test.junit.TclTests" name="[28] /home/travis/build/icyphy/ptII/ptolemy/actor/lib/test/SequentialClock.tcl (RunTclFile)" time="0.01" />
  <testcase classname="ptolemy.util.test.junit.TclTests" name="[29] /home/travis/build/icyphy/ptII/ptolemy/actor/lib/test/SetVariable.tcl (RunTclFile)" time="0.008" />
  <testcase classname="ptolemy.util.test.junit.TclTests" name="[30] /home/travis/build/icyphy/ptII/ptolemy/actor/lib/test/Sinewave.tcl (RunTclFile)" time="0.026" />
  <testcase classname="ptolemy.util.test.junit.TclTests" name="[31] /home/travis/build/icyphy/ptII/ptolemy/actor/lib/test/SubscriptionAggregator.tcl (RunTclFile)" time="2.083" />
  <testcase classname="ptolemy.util.test.junit.TclTests" name="[32] /home/travis/build/icyphy/ptII/ptolemy/actor/lib/test/Test.tcl (RunTclFile)" time="0.113" />
  <testcase classname="ptolemy.util.test.junit.TclTests" name="[33] /home/travis/build/icyphy/ptII/ptolemy/actor/lib/test/TestExceptionHandler.tcl (RunTclFile)" time="0.011" />
  <testcase classname="ptolemy.util.test.junit.TclTests" name="[34] /home/travis/build/icyphy/ptII/ptolemy/actor/lib/test/UnionDisassembler.tcl (RunTclFile)" time="0.068" />
  <testcase classname="ptolemy.util.test.junit.TclTests" name="[35] /home/travis/build/icyphy/ptII/ptolemy/actor/lib/test/VariableClock.tcl (RunTclFile)" time="0.028" />
  <testcase classname="ptolemy.util.test.junit.AutoKnownFailedTests" name="[0] /home/travis/build/icyphy/ptII/ptolemy/actor/lib/test/auto/knownFailedTests/PublisherPortToplevelSubscriber.xml (RunModel)" time="0.028" />
  <testcase classname="ptolemy.util.test.junit.AutoKnownFailedTests" name="[1] /home/travis/build/icyphy/ptII/ptolemy/actor/lib/test/auto/knownFailedTests/PublisherSubscriberPortToplevel.xml (RunModel)" time="0.019" />
  <testcase classname="ptolemy.util.test.junit.AutoKnownFailedTests" name="[2] /home/travis/build/icyphy/ptII/ptolemy/actor/lib/test/auto/knownFailedTests/PublisherSubscriptionAggregatorPort.xml (RunModel)" time="0.026" />
  <testcase classname="ptolemy.util.test.junit.AutoKnownFailedTests" name="[3] /home/travis/build/icyphy/ptII/ptolemy/actor/lib/test/auto/knownFailedTests/sizedarray3.xml (RunModel)" time="0.024" />
  <testcase classname="ptolemy.util.test.junit.AutoNameArchTests" name="[0] ThereAreNoAutoArchTests (RunModel)" time="0.004" />
  <testcase classname="ptolemy.util.test.junit.AutoTests" name="[0] /home/travis/build/icyphy/ptII/ptolemy/actor/lib/test/auto/AbsoluteValue.xml (RunModel)" time="0.091" />
  <testcase classname="ptolemy.util.test.junit.AutoTests" name="[1] /home/travis/build/icyphy/ptII/ptolemy/actor/lib/test/auto/AbsoluteValue2.xml (RunModel)" time="0.078" />
  <testcase classname="ptolemy.util.test.junit.AutoTests" name="[2] /home/travis/build/icyphy/ptII/ptolemy/actor/lib/test/auto/Accumulator.xml (RunModel)" time="0.112" />
  <testcase classname="ptolemy.util.test.junit.AutoTests" name="[3] /home/travis/build/icyphy/ptII/ptolemy/actor/lib/test/auto/Accumulator2.xml (RunModel)" time="0.038" />
  <testcase classname="ptolemy.util.test.junit.AutoTests" name="[4] /home/travis/build/icyphy/ptII/ptolemy/actor/lib/test/auto/Accumulator3.xml (RunModel)" time="0.024" />
  <testcase classname="ptolemy.util.test.junit.AutoTests" name="[5] /home/travis/build/icyphy/ptII/ptolemy/actor/lib/test/auto/ArrayAppend.xml (RunModel)" time="0.03" />
  <testcase classname="ptolemy.util.test.junit.AutoTests" name="[6] /home/travis/build/icyphy/ptII/ptolemy/actor/lib/test/auto/ArrayAppend2.xml (RunModel)" time="0.327" />
  <testcase classname="ptolemy.util.test.junit.AutoTests" name="[7] /home/travis/build/icyphy/ptII/ptolemy/actor/lib/test/auto/ArrayAppend3.xml (RunModel)" time="0.029" />
  <testcase classname="ptolemy.util.test.junit.AutoTests" name="[8] /home/travis/build/icyphy/ptII/ptolemy/actor/lib/test/auto/ArrayAppend4.xml (RunModel)" time="0.021" />
  <testcase classname="ptolemy.util.test.junit.AutoTests" name="[9] /home/travis/build/icyphy/ptII/ptolemy/actor/lib/test/auto/ArrayAppend5.xml (RunModel)" time="0.017" />
  <testcase classname="ptolemy.util.test.junit.AutoTests" name="[10] /home/travis/build/icyphy/ptII/ptolemy/actor/lib/test/auto/ArrayAppend6.xml (RunModel)" time="0.02" />
  <testcase classname="ptolemy.util.test.junit.AutoTests" name="[11] /home/travis/build/icyphy/ptII/ptolemy/actor/lib/test/auto/ArrayAppendPerformanceTest.xml (RunModel)" time="0.053" />
  <testcase classname="ptolemy.util.test.junit.AutoTests" name="[12] /home/travis/build/icyphy/ptII/ptolemy/actor/lib/test/auto/ArrayAppendWithEmptyInput.xml (RunModel)" time="0.1" />
  <testcase classname="ptolemy.util.test.junit.AutoTests" name="[13] /home/travis/build/icyphy/ptII/ptolemy/actor/lib/test/auto/ArrayAverage.xml (RunModel)" time="0.048" />
  <testcase classname="ptolemy.util.test.junit.AutoTests" name="[14] /home/travis/build/icyphy/ptII/ptolemy/actor/lib/test/auto/ArrayContains.xml (RunModel)" time="0.028" />
  <testcase classname="ptolemy.util.test.junit.AutoTests" name="[15] /home/travis/build/icyphy/ptII/ptolemy/actor/lib/test/auto/ArrayElement.xml (RunModel)" time="0.026" />
  <testcase classname="ptolemy.util.test.junit.AutoTests" name="[16] /home/travis/build/icyphy/ptII/ptolemy/actor/lib/test/auto/ArrayElementAsMatrix.xml (RunModel)" time="0.058" />
  <testcase classname="ptolemy.util.test.junit.AutoTests" name="[17] /home/travis/build/icyphy/ptII/ptolemy/actor/lib/test/auto/ArrayElementI.xml (RunModel)" time="0.024" />
  <testcase classname="ptolemy.util.test.junit.AutoTests" name="[18] /home/travis/build/icyphy/ptII/ptolemy/actor/lib/test/auto/ArrayExtract.xml (RunModel)" time="0.032" />
  <testcase classname="ptolemy.util.test.junit.AutoTests" name="[19] /home/travis/build/icyphy/ptII/ptolemy/actor/lib/test/auto/ArrayExtract2.xml (RunModel)" time="0.013" />
  <testcase classname="ptolemy.util.test.junit.AutoTests" name="[20] /home/travis/build/icyphy/ptII/ptolemy/actor/lib/test/auto/ArrayLength.xml (RunModel)" time="0.023" />
  <testcase classname="ptolemy.util.test.junit.AutoTests" name="[21] /home/travis/build/icyphy/ptII/ptolemy/actor/lib/test/auto/ArrayLevelCrossing.xml (RunModel)" time="0.025" />
  <testcase classname="ptolemy.util.test.junit.AutoTests" name="[22] /home/travis/build/icyphy/ptII/ptolemy/actor/lib/test/auto/ArrayLevelCrossing2.xml (RunModel)" time="0.025" />
  <testcase classname="ptolemy.util.test.junit.AutoTests" name="[23] /home/travis/build/icyphy/ptII/ptolemy/actor/lib/test/auto/ArrayPeakSearch.xml (RunModel)" time="0.026" />
  <testcase classname="ptolemy.util.test.junit.AutoTests" name="[24] /home/travis/build/icyphy/ptII/ptolemy/actor/lib/test/auto/ArrayPeakSearch2.xml (RunModel)" time="0.03" />
  <testcase classname="ptolemy.util.test.junit.AutoTests" name="[25] /home/travis/build/icyphy/ptII/ptolemy/actor/lib/test/auto/ArrayPeakSearch3.xml (RunModel)" time="0.025" />
  <testcase classname="ptolemy.util.test.junit.AutoTests" name="[26] /home/travis/build/icyphy/ptII/ptolemy/actor/lib/test/auto/ArrayRemoveElement.xml (RunModel)" time="0.022" />
  <testcase classname="ptolemy.util.test.junit.AutoTests" name="[27] /home/travis/build/icyphy/ptII/ptolemy/actor/lib/test/auto/ArraySort.xml (RunModel)" time="0.025" />
  <testcase classname="ptolemy.util.test.junit.AutoTests" name="[28] /home/travis/build/icyphy/ptII/ptolemy/actor/lib/test/auto/ArraySum.xml (RunModel)" time="0.013" />
  <testcase classname="ptolemy.util.test.junit.AutoTests" name="[29] /home/travis/build/icyphy/ptII/ptolemy/actor/lib/test/auto/ArrayToElements.xml (RunModel)" time="0.015" />
  <testcase classname="ptolemy.util.test.junit.AutoTests" name="[30] /home/travis/build/icyphy/ptII/ptolemy/actor/lib/test/auto/ArrayToMatrix.xml (RunModel)" time="0.049" />
  <testcase classname="ptolemy.util.test.junit.AutoTests" name="[31] /home/travis/build/icyphy/ptII/ptolemy/actor/lib/test/auto/ArrayUpdate1.xml (RunModel)" time="0.018" />
  <testcase classname="ptolemy.util.test.junit.AutoTests" name="[32] /home/travis/build/icyphy/ptII/ptolemy/actor/lib/test/auto/ArrayUpdate2.xml (RunModel)" time="0.054" />
  <testcase classname="ptolemy.util.test.junit.AutoTests" name="[33] /home/travis/build/icyphy/ptII/ptolemy/actor/lib/test/auto/ArrayUpdate3.xml (RunModel)" time="0.018" />
  <testcase classname="ptolemy.util.test.junit.AutoTests" name="[34] /home/travis/build/icyphy/ptII/ptolemy/actor/lib/test/auto/Assert1.xml (RunModel)" time="0.024" />
  <testcase classname="ptolemy.util.test.junit.AutoTests" name="[35] /home/travis/build/icyphy/ptII/ptolemy/actor/lib/test/auto/Assert2.xml (RunModel)" time="0.019" />
  <testcase classname="ptolemy.util.test.junit.AutoTests" name="[36] /home/travis/build/icyphy/ptII/ptolemy/actor/lib/test/auto/BooleanMultiplexor.xml (RunModel)" time="0.013" />
  <testcase classname="ptolemy.util.test.junit.AutoTests" name="[37] /home/travis/build/icyphy/ptII/ptolemy/actor/lib/test/auto/BooleanMultiplexor2.xml (RunModel)" time="0.025" />
  <testcase classname="ptolemy.util.test.junit.AutoTests" name="[38] /home/travis/build/icyphy/ptII/ptolemy/actor/lib/test/auto/BooleanMultiplexor3.xml (RunModel)" time="0.025" />
  <testcase classname="ptolemy.util.test.junit.AutoTests" name="[39] /home/travis/build/icyphy/ptII/ptolemy/actor/lib/test/auto/BooleanSelect.xml (RunModel)" time="0.021" />
  <testcase classname="ptolemy.util.test.junit.AutoTests" name="[40] /home/travis/build/icyphy/ptII/ptolemy/actor/lib/test/auto/BooleanSelect2.xml (RunModel)" time="0.016" />
  <testcase classname="ptolemy.util.test.junit.AutoTests" name="[41] /home/travis/build/icyphy/ptII/ptolemy/actor/lib/test/auto/BooleanSwitch.xml (RunModel)" time="0.018" />
  <testcase classname="ptolemy.util.test.junit.AutoTests" name="[42] /home/travis/build/icyphy/ptII/ptolemy/actor/lib/test/auto/BooleanSwitch2.xml (RunModel)" time="0.014" />
  <testcase classname="ptolemy.util.test.junit.AutoTests" name="[43] /home/travis/build/icyphy/ptII/ptolemy/actor/lib/test/auto/BooleanSwitchCloningBugWithClassRelationGroup.xml (RunModel)" time="0.035" />
  <testcase classname="ptolemy.util.test.junit.AutoTests" name="[44] /home/travis/build/icyphy/ptII/ptolemy/actor/lib/test/auto/BusActors.xml (RunModel)" time="0.038" />
  <testcase classname="ptolemy.util.test.junit.AutoTests" name="[45] /home/travis/build/icyphy/ptII/ptolemy/actor/lib/test/auto/ClassWrapper.xml (RunModel)" time="0.01" />
  <testcase classname="ptolemy.util.test.junit.AutoTests" name="[46] /home/travis/build/icyphy/ptII/ptolemy/actor/lib/test/auto/Clock.xml (RunModel)" time="0.01" />
  <testcase classname="ptolemy.util.test.junit.AutoTests" name="[47] /home/travis/build/icyphy/ptII/ptolemy/actor/lib/test/auto/Clock10.xml (RunModel)" time="0.014" />
  <testcase classname="ptolemy.util.test.junit.AutoTests" name="[48] /home/travis/build/icyphy/ptII/ptolemy/actor/lib/test/auto/Clock11.xml (RunModel)" time="0.012" />
  <testcase classname="ptolemy.util.test.junit.AutoTests" name="[49] /home/travis/build/icyphy/ptII/ptolemy/actor/lib/test/auto/Clock12.xml (RunModel)" time="0.012" />
  <testcase classname="ptolemy.util.test.junit.AutoTests" name="[50] /home/travis/build/icyphy/ptII/ptolemy/actor/lib/test/auto/Clock13.xml (RunModel)" time="0.012" />
  <testcase classname="ptolemy.util.test.junit.AutoTests" name="[51] /home/travis/build/icyphy/ptII/ptolemy/actor/lib/test/auto/Clock14.xml (RunModel)" time="0.017" />
  <testcase classname="ptolemy.util.test.junit.AutoTests" name="[52] /home/travis/build/icyphy/ptII/ptolemy/actor/lib/test/auto/Clock15.xml (RunModel)" time="0.013" />
  <testcase classname="ptolemy.util.test.junit.AutoTests" name="[53] /home/travis/build/icyphy/ptII/ptolemy/actor/lib/test/auto/Clock16.xml (RunModel)" time="0.073" />
  <testcase classname="ptolemy.util.test.junit.AutoTests" name="[54] /home/travis/build/icyphy/ptII/ptolemy/actor/lib/test/auto/Clock17.xml (RunModel)" time="0.04" />
  <testcase classname="ptolemy.util.test.junit.AutoTests" name="[55] /home/travis/build/icyphy/ptII/ptolemy/actor/lib/test/auto/Clock18.xml (RunModel)" time="0.07" />
  <testcase classname="ptolemy.util.test.junit.AutoTests" name="[56] /home/travis/build/icyphy/ptII/ptolemy/actor/lib/test/auto/Clock19.xml (RunModel)" time="0.044" />
  <testcase classname="ptolemy.util.test.junit.AutoTests" name="[57] /home/travis/build/icyphy/ptII/ptolemy/actor/lib/test/auto/Clock2.xml (RunModel)" time="0.013" />
  <testcase classname="ptolemy.util.test.junit.AutoTests" name="[58] /home/travis/build/icyphy/ptII/ptolemy/actor/lib/test/auto/Clock20.xml (RunModel)" time="0.019" />
  <testcase classname="ptolemy.util.test.junit.AutoTests" name="[59] /home/travis/build/icyphy/ptII/ptolemy/actor/lib/test/auto/Clock21.xml (RunModel)" time="0.013" />
  <testcase classname="ptolemy.util.test.junit.AutoTests" name="[60] /home/travis/build/icyphy/ptII/ptolemy/actor/lib/test/auto/Clock22.xml (RunModel)" time="0.016" />
  <testcase classname="ptolemy.util.test.junit.AutoTests" name="[61] /home/travis/build/icyphy/ptII/ptolemy/actor/lib/test/auto/Clock23.xml (RunModel)" time="0.016" />
  <testcase classname="ptolemy.util.test.junit.AutoTests" name="[62] /home/travis/build/icyphy/ptII/ptolemy/actor/lib/test/auto/Clock24.xml (RunModel)" time="0.014" />
  <testcase classname="ptolemy.util.test.junit.AutoTests" name="[63] /home/travis/build/icyphy/ptII/ptolemy/actor/lib/test/auto/Clock4.xml (RunModel)" time="0.016" />
  <testcase classname="ptolemy.util.test.junit.AutoTests" name="[64] /home/travis/build/icyphy/ptII/ptolemy/actor/lib/test/auto/Clock5.xml (RunModel)" time="0.011" />
  <testcase classname="ptolemy.util.test.junit.AutoTests" name="[65] /home/travis/build/icyphy/ptII/ptolemy/actor/lib/test/auto/Clock6.xml (RunModel)" time="0.008" />
  <testcase classname="ptolemy.util.test.junit.AutoTests" name="[66] /home/travis/build/icyphy/ptII/ptolemy/actor/lib/test/auto/Clock7.xml (RunModel)" time="0.008" />
  <testcase classname="ptolemy.util.test.junit.AutoTests" name="[67] /home/travis/build/icyphy/ptII/ptolemy/actor/lib/test/auto/Clock8.xml (RunModel)" time="0.013" />
  <testcase classname="ptolemy.util.test.junit.AutoTests" name="[68] /home/travis/build/icyphy/ptII/ptolemy/actor/lib/test/auto/Clock9.xml (RunModel)" time="0.013" />
  <testcase classname="ptolemy.util.test.junit.AutoTests" name="[69] /home/travis/build/icyphy/ptII/ptolemy/actor/lib/test/auto/CommDistDiscard.xml (RunModel)" time="0.018" />
  <testcase classname="ptolemy.util.test.junit.AutoTests" name="[70] /home/travis/build/icyphy/ptII/ptolemy/actor/lib/test/auto/Commutator.xml (RunModel)" time="0.012" />
  <testcase classname="ptolemy.util.test.junit.AutoTests" name="[71] /home/travis/build/icyphy/ptII/ptolemy/actor/lib/test/auto/Commutator2.xml (RunModel)" time="0.011" />
  <testcase classname="ptolemy.util.test.junit.AutoTests" name="[72] /home/travis/build/icyphy/ptII/ptolemy/actor/lib/test/auto/Commutator3.xml (RunModel)" time="0.011" />
  <testcase classname="ptolemy.util.test.junit.AutoTests" name="[73] /home/travis/build/icyphy/ptII/ptolemy/actor/lib/test/auto/Compare.xml (RunModel)" time="0.019" />
  <testcase classname="ptolemy.util.test.junit.AutoTests" name="[74] /home/travis/build/icyphy/ptII/ptolemy/actor/lib/test/auto/CompareDE.xml (RunModel)" time="0.019" />
  <testcase classname="ptolemy.util.test.junit.AutoTests" name="[75] /home/travis/build/icyphy/ptII/ptolemy/actor/lib/test/auto/ComplexDivide.xml (RunModel)" time="0.01" />
  <testcase classname="ptolemy.util.test.junit.AutoTests" name="[76] /home/travis/build/icyphy/ptII/ptolemy/actor/lib/test/auto/ComputeHistogram.xml (RunModel)" time="0.059" />
  <testcase classname="ptolemy.util.test.junit.AutoTests" name="[77] /home/travis/build/icyphy/ptII/ptolemy/actor/lib/test/auto/ConfigurationSelect.xml (RunModel)" time="0.021" />
  <testcase classname="ptolemy.util.test.junit.AutoTests" name="[78] /home/travis/build/icyphy/ptII/ptolemy/actor/lib/test/auto/ConfigurationSelect2.xml (RunModel)" time="0.016" />
  <testcase classname="ptolemy.util.test.junit.AutoTests" name="[79] /home/travis/build/icyphy/ptII/ptolemy/actor/lib/test/auto/ConfigurationSwitch.xml (RunModel)" time="0.032" />
  <testcase classname="ptolemy.util.test.junit.AutoTests" name="[80] /home/travis/build/icyphy/ptII/ptolemy/actor/lib/test/auto/ConfigurationSwitch2.xml (RunModel)" time="0.022" />
  <testcase classname="ptolemy.util.test.junit.AutoTests" name="[81] /home/travis/build/icyphy/ptII/ptolemy/actor/lib/test/auto/ConfigurationSwitchCloningBugWithClassRelationGroup.xml (RunModel)" time="0.022" />
  <testcase classname="ptolemy.util.test.junit.AutoTests" name="[82] /home/travis/build/icyphy/ptII/ptolemy/actor/lib/test/auto/ConfigurationSwitchSelectSDF.xml (RunModel)" time="0.018" />
  <testcase classname="ptolemy.util.test.junit.AutoTests" name="[83] /home/travis/build/icyphy/ptII/ptolemy/actor/lib/test/auto/ConfigurationSwitchSelectSDF2.xml (RunModel)" time="0.022" />
  <testcase classname="ptolemy.util.test.junit.AutoTests" name="[84] /home/travis/build/icyphy/ptII/ptolemy/actor/lib/test/auto/Const.xml (RunModel)" time="0.006" />
  <testcase classname="ptolemy.util.test.junit.AutoTests" name="[85] /home/travis/build/icyphy/ptII/ptolemy/actor/lib/test/auto/Const2.xml (RunModel)" time="0.011" />
  <testcase classname="ptolemy.util.test.junit.AutoTests" name="[86] /home/travis/build/icyphy/ptII/ptolemy/actor/lib/test/auto/Const3.xml (RunModel)" time="0.007" />
  <testcase classname="ptolemy.util.test.junit.AutoTests" name="[87] /home/travis/build/icyphy/ptII/ptolemy/actor/lib/test/auto/ConstantPublisherPort1.xml (RunModel)" time="0.024" />
  <testcase classname="ptolemy.util.test.junit.AutoTests" name="[88] /home/travis/build/icyphy/ptII/ptolemy/actor/lib/test/auto/ConstantPublisherPort2.xml (RunModel)" time="0.032" />
  <testcase classname="ptolemy.util.test.junit.AutoTests" name="[89] /home/travis/build/icyphy/ptII/ptolemy/actor/lib/test/auto/ConstantPublisherPort3.xml (RunModel)" time="0.03" />
  <testcase classname="ptolemy.util.test.junit.AutoTests" name="[90] /home/travis/build/icyphy/ptII/ptolemy/actor/lib/test/auto/ConstantPublisherPort4.xml (RunModel)" time="0.024" />
  <testcase classname="ptolemy.util.test.junit.AutoTests" name="[91] /home/travis/build/icyphy/ptII/ptolemy/actor/lib/test/auto/ConstantPublisherPort5.xml (RunModel)" time="0.046" />
  <testcase classname="ptolemy.util.test.junit.AutoTests" name="[92] /home/travis/build/icyphy/ptII/ptolemy/actor/lib/test/auto/ConstantPublisherPort6.xml (RunModel)" time="0.031" />
  <testcase classname="ptolemy.util.test.junit.AutoTests" name="[93] /home/travis/build/icyphy/ptII/ptolemy/actor/lib/test/auto/ConstantPublisherPort7.xml (RunModel)" time="0.035" />
  <testcase classname="ptolemy.util.test.junit.AutoTests" name="[94] /home/travis/build/icyphy/ptII/ptolemy/actor/lib/test/auto/ConstraintMonitor1.xml (RunModel)" time="0.038" />
  <testcase classname="ptolemy.util.test.junit.AutoTests" name="[95] /home/travis/build/icyphy/ptII/ptolemy/actor/lib/test/auto/ConstraintMonitor2.xml (RunModel)" time="0.018" />
  <testcase classname="ptolemy.util.test.junit.AutoTests" name="[96] /home/travis/build/icyphy/ptII/ptolemy/actor/lib/test/auto/ConstraintMonitor3.xml (RunModel)" time="0.018" />
  <testcase classname="ptolemy.util.test.junit.AutoTests" name="[97] /home/travis/build/icyphy/ptII/ptolemy/actor/lib/test/auto/ConstraintMonitor4.xml (RunModel)" time="0.011" />
  <testcase classname="ptolemy.util.test.junit.AutoTests" name="[98] /home/travis/build/icyphy/ptII/ptolemy/actor/lib/test/auto/ConstraintMonitor5.xml (RunModel)" time="0.014" />
  <testcase classname="ptolemy.util.test.junit.AutoTests" name="[99] /home/travis/build/icyphy/ptII/ptolemy/actor/lib/test/auto/ConstraintMonitor6.xml (RunModel)" time="0.015" />
  <testcase classname="ptolemy.util.test.junit.AutoTests" name="[100] /home/travis/build/icyphy/ptII/ptolemy/actor/lib/test/auto/ConstraintMonitor7.xml (RunModel)" time="0.019" />
  <testcase classname="ptolemy.util.test.junit.AutoTests" name="[101] /home/travis/build/icyphy/ptII/ptolemy/actor/lib/test/auto/ConstraintMonitor8.xml (RunModel)" time="0.017" />
  <testcase classname="ptolemy.util.test.junit.AutoTests" name="[102] /home/travis/build/icyphy/ptII/ptolemy/actor/lib/test/auto/Counter.xml (RunModel)" time="0.018" />
  <testcase classname="ptolemy.util.test.junit.AutoTests" name="[103] /home/travis/build/icyphy/ptII/ptolemy/actor/lib/test/auto/CurrentTimeSDF.xml (RunModel)" time="0.017" />
  <testcase classname="ptolemy.util.test.junit.AutoTests" name="[104] /home/travis/build/icyphy/ptII/ptolemy/actor/lib/test/auto/DB.xml (RunModel)" time="0.01" />
  <testcase classname="ptolemy.util.test.junit.AutoTests" name="[105] /home/travis/build/icyphy/ptII/ptolemy/actor/lib/test/auto/DBDE.xml (RunModel)" time="0.012" />
  <testcase classname="ptolemy.util.test.junit.AutoTests" name="[106] /home/travis/build/icyphy/ptII/ptolemy/actor/lib/test/auto/DateConstructor.xml (RunModel)" time="0.075" />
  <testcase classname="ptolemy.util.test.junit.AutoTests" name="[107] /home/travis/build/icyphy/ptII/ptolemy/actor/lib/test/auto/DelayTime.xml (RunModel)" time="0.014" />
  <testcase classname="ptolemy.util.test.junit.AutoTests" name="[108] /home/travis/build/icyphy/ptII/ptolemy/actor/lib/test/auto/Dictionary1.xml (RunModel)" time="0.024" />
  <testcase classname="ptolemy.util.test.junit.AutoTests" name="[109] /home/travis/build/icyphy/ptII/ptolemy/actor/lib/test/auto/Dictionary2.xml (RunModel)" time="0.02" />
  <testcase classname="ptolemy.util.test.junit.AutoTests" name="[110] /home/travis/build/icyphy/ptII/ptolemy/actor/lib/test/auto/Dictionary3.xml (RunModel)" time="0.013" />
  <testcase classname="ptolemy.util.test.junit.AutoTests" name="[111] /home/travis/build/icyphy/ptII/ptolemy/actor/lib/test/auto/Dictionary4.xml (RunModel)" time="0.015" />
  <testcase classname="ptolemy.util.test.junit.AutoTests" name="[112] /home/travis/build/icyphy/ptII/ptolemy/actor/lib/test/auto/Differential.xml (RunModel)" time="0.011" />
  <testcase classname="ptolemy.util.test.junit.AutoTests" name="[113] /home/travis/build/icyphy/ptII/ptolemy/actor/lib/test/auto/Director.xml (RunModel)" time="0.01" />
  <testcase classname="ptolemy.util.test.junit.AutoTests" name="[114] /home/travis/build/icyphy/ptII/ptolemy/actor/lib/test/auto/DiscreteClock.xml (RunModel)" time="0.008" />
  <testcase classname="ptolemy.util.test.junit.AutoTests" name="[115] /home/travis/build/icyphy/ptII/ptolemy/actor/lib/test/auto/DiscreteClock10.xml (RunModel)" time="0.012" />
  <testcase classname="ptolemy.util.test.junit.AutoTests" name="[116] /home/travis/build/icyphy/ptII/ptolemy/actor/lib/test/auto/DiscreteClock11.xml (RunModel)" time="0.011" />
  <testcase classname="ptolemy.util.test.junit.AutoTests" name="[117] /home/travis/build/icyphy/ptII/ptolemy/actor/lib/test/auto/DiscreteClock12.xml (RunModel)" time="0.011" />
  <testcase classname="ptolemy.util.test.junit.AutoTests" name="[118] /home/travis/build/icyphy/ptII/ptolemy/actor/lib/test/auto/DiscreteClock13.xml (RunModel)" time="0.015" />
  <testcase classname="ptolemy.util.test.junit.AutoTests" name="[119] /home/travis/build/icyphy/ptII/ptolemy/actor/lib/test/auto/DiscreteClock14.xml (RunModel)" time="0.014" />
  <testcase classname="ptolemy.util.test.junit.AutoTests" name="[120] /home/travis/build/icyphy/ptII/ptolemy/actor/lib/test/auto/DiscreteClock15.xml (RunModel)" time="0.015" />
  <testcase classname="ptolemy.util.test.junit.AutoTests" name="[121] /home/travis/build/icyphy/ptII/ptolemy/actor/lib/test/auto/DiscreteClock16.xml (RunModel)" time="0.043" />
  <testcase classname="ptolemy.util.test.junit.AutoTests" name="[122] /home/travis/build/icyphy/ptII/ptolemy/actor/lib/test/auto/DiscreteClock17.xml (RunModel)" time="0.036" />
  <testcase classname="ptolemy.util.test.junit.AutoTests" name="[123] /home/travis/build/icyphy/ptII/ptolemy/actor/lib/test/auto/DiscreteClock18.xml (RunModel)" time="0.046" />
  <testcase classname="ptolemy.util.test.junit.AutoTests" name="[124] /home/travis/build/icyphy/ptII/ptolemy/actor/lib/test/auto/DiscreteClock19.xml (RunModel)" time="0.045" />
  <testcase classname="ptolemy.util.test.junit.AutoTests" name="[125] /home/travis/build/icyphy/ptII/ptolemy/actor/lib/test/auto/DiscreteClock2.xml (RunModel)" time="0.01" />
  <testcase classname="ptolemy.util.test.junit.AutoTests" name="[126] /home/travis/build/icyphy/ptII/ptolemy/actor/lib/test/auto/DiscreteClock20.xml (RunModel)" time="0.018" />
  <testcase classname="ptolemy.util.test.junit.AutoTests" name="[127] /home/travis/build/icyphy/ptII/ptolemy/actor/lib/test/auto/DiscreteClock21.xml (RunModel)" time="0.021" />
  <testcase classname="ptolemy.util.test.junit.AutoTests" name="[128] /home/travis/build/icyphy/ptII/ptolemy/actor/lib/test/auto/DiscreteClock22.xml (RunModel)" time="0.014" />
  <testcase classname="ptolemy.util.test.junit.AutoTests" name="[129] /home/travis/build/icyphy/ptII/ptolemy/actor/lib/test/auto/DiscreteClock23.xml (RunModel)" time="0.019" />
  <testcase classname="ptolemy.util.test.junit.AutoTests" name="[130] /home/travis/build/icyphy/ptII/ptolemy/actor/lib/test/auto/DiscreteClock24.xml (RunModel)" time="0.013" />
  <testcase classname="ptolemy.util.test.junit.AutoTests" name="[131] /home/travis/build/icyphy/ptII/ptolemy/actor/lib/test/auto/DiscreteClock4.xml (RunModel)" time="0.011" />
  <testcase classname="ptolemy.util.test.junit.AutoTests" name="[132] /home/travis/build/icyphy/ptII/ptolemy/actor/lib/test/auto/DiscreteClock5.xml (RunModel)" time="0.012" />
  <testcase classname="ptolemy.util.test.junit.AutoTests" name="[133] /home/travis/build/icyphy/ptII/ptolemy/actor/lib/test/auto/DiscreteClock6.xml (RunModel)" time="0.007" />
  <testcase classname="ptolemy.util.test.junit.AutoTests" name="[134] /home/travis/build/icyphy/ptII/ptolemy/actor/lib/test/auto/DiscreteClock7.xml (RunModel)" time="0.01" />
  <testcase classname="ptolemy.util.test.junit.AutoTests" name="[135] /home/travis/build/icyphy/ptII/ptolemy/actor/lib/test/auto/DiscreteClock8.xml (RunModel)" time="0.025" />
  <testcase classname="ptolemy.util.test.junit.AutoTests" name="[136] /home/travis/build/icyphy/ptII/ptolemy/actor/lib/test/auto/DiscreteClock9.xml (RunModel)" time="0.015" />
  <testcase classname="ptolemy.util.test.junit.AutoTests" name="[137] /home/travis/build/icyphy/ptII/ptolemy/actor/lib/test/auto/DisplayArray.xml (RunModel)" time="0.009" />
  <testcase classname="ptolemy.util.test.junit.AutoTests" name="[138] /home/travis/build/icyphy/ptII/ptolemy/actor/lib/test/auto/Distributor.xml (RunModel)" time="0.009" />
  <testcase classname="ptolemy.util.test.junit.AutoTests" name="[139] /home/travis/build/icyphy/ptII/ptolemy/actor/lib/test/auto/Distributor2.xml (RunModel)" time="0.008" />
  <testcase classname="ptolemy.util.test.junit.AutoTests" name="[140] /home/travis/build/icyphy/ptII/ptolemy/actor/lib/test/auto/DownSample.xml (RunModel)" time="0.011" />
  <testcase classname="ptolemy.util.test.junit.AutoTests" name="[141] /home/travis/build/icyphy/ptII/ptolemy/actor/lib/test/auto/ElectronicUnitBase1.xml (RunModel)" time="0.059" />
  <testcase classname="ptolemy.util.test.junit.AutoTests" name="[142] /home/travis/build/icyphy/ptII/ptolemy/actor/lib/test/auto/ElementsToArray.xml (RunModel)" time="0.009" />
  <testcase classname="ptolemy.util.test.junit.AutoTests" name="[143] /home/travis/build/icyphy/ptII/ptolemy/actor/lib/test/auto/Equals.xml (RunModel)" time="0.013" />
  <testcase classname="ptolemy.util.test.junit.AutoTests" name="[144] /home/travis/build/icyphy/ptII/ptolemy/actor/lib/test/auto/Exec.xml (RunModel)" time="0.026" />
  <testcase classname="ptolemy.util.test.junit.AutoTests" name="[145] /home/travis/build/icyphy/ptII/ptolemy/actor/lib/test/auto/ExecEnvironment.xml (RunModel)" time="0.036" />
  <testcase classname="ptolemy.util.test.junit.AutoTests" name="[146] /home/travis/build/icyphy/ptII/ptolemy/actor/lib/test/auto/ExecNonZeroReturnOutput.xml (RunModel)" time="0.173" />
  <testcase classname="ptolemy.util.test.junit.AutoTests" name="[147] /home/travis/build/icyphy/ptII/ptolemy/actor/lib/test/auto/ExecRunDemos.xml (RunModel)" time="10.104" />
  <testcase classname="ptolemy.util.test.junit.AutoTests" name="[148] /home/travis/build/icyphy/ptII/ptolemy/actor/lib/test/auto/ExecStop.xml (RunModel)" time="5.035" />
  <testcase classname="ptolemy.util.test.junit.AutoTests" name="[149] /home/travis/build/icyphy/ptII/ptolemy/actor/lib/test/auto/ExecutionTimeSDF.xml (RunModel)" time="6.036" />
  <testcase classname="ptolemy.util.test.junit.AutoTests" name="[150] /home/travis/build/icyphy/ptII/ptolemy/actor/lib/test/auto/Expression1.xml (RunModel)" time="0.015" />
  <testcase classname="ptolemy.util.test.junit.AutoTests" name="[151] /home/travis/build/icyphy/ptII/ptolemy/actor/lib/test/auto/Expression10.xml (RunModel)" time="0.025" />
  <testcase classname="ptolemy.util.test.junit.AutoTests" name="[152] /home/travis/build/icyphy/ptII/ptolemy/actor/lib/test/auto/Expression11.xml (RunModel)" time="0.011" />
  <testcase classname="ptolemy.util.test.junit.AutoTests" name="[153] /home/travis/build/icyphy/ptII/ptolemy/actor/lib/test/auto/Expression12.xml (RunModel)" time="0.012" />
  <testcase classname="ptolemy.util.test.junit.AutoTests" name="[154] /home/travis/build/icyphy/ptII/ptolemy/actor/lib/test/auto/Expression13.xml (RunModel)" time="0.009" />
  <testcase classname="ptolemy.util.test.junit.AutoTests" name="[155] /home/travis/build/icyphy/ptII/ptolemy/actor/lib/test/auto/Expression14.xml (RunModel)" time="0.014" />
  <testcase classname="ptolemy.util.test.junit.AutoTests" name="[156] /home/travis/build/icyphy/ptII/ptolemy/actor/lib/test/auto/Expression15.xml (RunModel)" time="0.006" />
  <testcase classname="ptolemy.util.test.junit.AutoTests" name="[157] /home/travis/build/icyphy/ptII/ptolemy/actor/lib/test/auto/Expression16.xml (RunModel)" time="0.01" />
  <testcase classname="ptolemy.util.test.junit.AutoTests" name="[158] /home/travis/build/icyphy/ptII/ptolemy/actor/lib/test/auto/Expression17.xml (RunModel)" time="0.009" />
  <testcase classname="ptolemy.util.test.junit.AutoTests" name="[159] /home/travis/build/icyphy/ptII/ptolemy/actor/lib/test/auto/Expression18.xml (RunModel)" time="0.013" />
  <testcase classname="ptolemy.util.test.junit.AutoTests" name="[160] /home/travis/build/icyphy/ptII/ptolemy/actor/lib/test/auto/Expression2.xml (RunModel)" time="0.012" />
  <testcase classname="ptolemy.util.test.junit.AutoTests" name="[161] /home/travis/build/icyphy/ptII/ptolemy/actor/lib/test/auto/Expression3.xml (RunModel)" time="0.011" />
  <testcase classname="ptolemy.util.test.junit.AutoTests" name="[162] /home/travis/build/icyphy/ptII/ptolemy/actor/lib/test/auto/Expression4.xml (RunModel)" time="0.014" />
  <testcase classname="ptolemy.util.test.junit.AutoTests" name="[163] /home/travis/build/icyphy/ptII/ptolemy/actor/lib/test/auto/Expression5.xml (RunModel)" time="0.011" />
  <testcase classname="ptolemy.util.test.junit.AutoTests" name="[164] /home/travis/build/icyphy/ptII/ptolemy/actor/lib/test/auto/Expression6.xml (RunModel)" time="0.008" />
  <testcase classname="ptolemy.util.test.junit.AutoTests" name="[165] /home/travis/build/icyphy/ptII/ptolemy/actor/lib/test/auto/Expression7.xml (RunModel)" time="0.009" />
  <testcase classname="ptolemy.util.test.junit.AutoTests" name="[166] /home/travis/build/icyphy/ptII/ptolemy/actor/lib/test/auto/Expression8.xml (RunModel)" time="0.012" />
  <testcase classname="ptolemy.util.test.junit.AutoTests" name="[167] /home/travis/build/icyphy/ptII/ptolemy/actor/lib/test/auto/Expression9.xml (RunModel)" time="0.006" />
  <testcase classname="ptolemy.util.test.junit.AutoTests" name="[168] /home/travis/build/icyphy/ptII/ptolemy/actor/lib/test/auto/ExpressionConcatenateArrayType.xml (RunModel)" time="0.024" />
  <testcase classname="ptolemy.util.test.junit.AutoTests" name="[169] /home/travis/build/icyphy/ptII/ptolemy/actor/lib/test/auto/ExpressionConcatenateArrayType2.xml (RunModel)" time="0.018" />
  <testcase classname="ptolemy.util.test.junit.AutoTests" name="[170] /home/travis/build/icyphy/ptII/ptolemy/actor/lib/test/auto/ExpressionFix.xml (RunModel)" time="0.036" />
  <testcase classname="ptolemy.util.test.junit.AutoTests" name="[171] /home/travis/build/icyphy/ptII/ptolemy/actor/lib/test/auto/ExpressionFix2.xml (RunModel)" time="0.048" />
  <testcase classname="ptolemy.util.test.junit.AutoTests" name="[172] /home/travis/build/icyphy/ptII/ptolemy/actor/lib/test/auto/ExpressionFix3.xml (RunModel)" time="0.007" />
  <testcase classname="ptolemy.util.test.junit.AutoTests" name="[173] /home/travis/build/icyphy/ptII/ptolemy/actor/lib/test/auto/FileWriter1.xml (RunModel)" time="0.007" />
  <testcase classname="ptolemy.util.test.junit.AutoTests" name="[174] /home/travis/build/icyphy/ptII/ptolemy/actor/lib/test/auto/FileWriter2.xml (RunModel)" time="0.01" />
  <testcase classname="ptolemy.util.test.junit.AutoTests" name="[175] /home/travis/build/icyphy/ptII/ptolemy/actor/lib/test/auto/FileWriter3.xml (RunModel)" time="0.011" />
  <testcase classname="ptolemy.util.test.junit.AutoTests" name="[176] /home/travis/build/icyphy/ptII/ptolemy/actor/lib/test/auto/Gaussian.xml (RunModel)" time="0.015" />
  <testcase classname="ptolemy.util.test.junit.AutoTests" name="[177] /home/travis/build/icyphy/ptII/ptolemy/actor/lib/test/auto/Gaussian1.xml (RunModel)" time="0.017" />
  <testcase classname="ptolemy.util.test.junit.AutoTests" name="[178] /home/travis/build/icyphy/ptII/ptolemy/actor/lib/test/auto/Gaussian2.xml (RunModel)" time="0.016" />
  <testcase classname="ptolemy.util.test.junit.AutoTests" name="[179] /home/travis/build/icyphy/ptII/ptolemy/actor/lib/test/auto/GradientAdaptiveLattice.xml (RunModel)" time="0.017" />
  <testcase classname="ptolemy.util.test.junit.AutoTests" name="[180] /home/travis/build/icyphy/ptII/ptolemy/actor/lib/test/auto/IIR.xml (RunModel)" time="0.009" />
  <testcase classname="ptolemy.util.test.junit.AutoTests" name="[181] /home/travis/build/icyphy/ptII/ptolemy/actor/lib/test/auto/InputOutputTransparentPorts.xml (RunModel)" time="0.018" />
  <testcase classname="ptolemy.util.test.junit.AutoTests" name="[182] /home/travis/build/icyphy/ptII/ptolemy/actor/lib/test/auto/Interpolator.xml (RunModel)" time="0.009" />
  <testcase classname="ptolemy.util.test.junit.AutoTests" name="[183] /home/travis/build/icyphy/ptII/ptolemy/actor/lib/test/auto/InterpolatorFiringLimitDE.xml (RunModel)" time="0.012" />
  <testcase classname="ptolemy.util.test.junit.AutoTests" name="[184] /home/travis/build/icyphy/ptII/ptolemy/actor/lib/test/auto/Lattice.xml (RunModel)" time="0.006" />
  <testcase classname="ptolemy.util.test.junit.AutoTests" name="[185] /home/travis/build/icyphy/ptII/ptolemy/actor/lib/test/auto/LazyAOCTestLazy.xml (RunModel)" time="0.019" />
  <testcase classname="ptolemy.util.test.junit.AutoTests" name="[186] /home/travis/build/icyphy/ptII/ptolemy/actor/lib/test/auto/LazyAOCTestNonLazy.xml (RunModel)" time="0.04" />
  <testcase classname="ptolemy.util.test.junit.AutoTests" name="[187] /home/travis/build/icyphy/ptII/ptolemy/actor/lib/test/auto/LazyInnerClass.xml (RunModel)" time="0.034" />
  <testcase classname="ptolemy.util.test.junit.AutoTests" name="[188] /home/travis/build/icyphy/ptII/ptolemy/actor/lib/test/auto/LazyPubSub.xml (RunModel)" time="0.05" />
  <testcase classname="ptolemy.util.test.junit.AutoTests" name="[189] /home/travis/build/icyphy/ptII/ptolemy/actor/lib/test/auto/LazyPubSub2.xml (RunModel)" time="0.065" />
  <testcase classname="ptolemy.util.test.junit.AutoTests" name="[190] /home/travis/build/icyphy/ptII/ptolemy/actor/lib/test/auto/LazyPubSub3.xml (RunModel)" time="0.023" />
  <testcase classname="ptolemy.util.test.junit.AutoTests" name="[191] /home/travis/build/icyphy/ptII/ptolemy/actor/lib/test/auto/LazySubClassModel.xml (RunModel)" time="0.02" />
  <testcase classname="ptolemy.util.test.junit.AutoTests" name="[192] /home/travis/build/icyphy/ptII/ptolemy/actor/lib/test/auto/LevelCrossTest1.xml (RunModel)" time="0.008" />
  <testcase classname="ptolemy.util.test.junit.AutoTests" name="[193] /home/travis/build/icyphy/ptII/ptolemy/actor/lib/test/auto/LevelCrossTest10.xml (RunModel)" time="0.012" />
  <testcase classname="ptolemy.util.test.junit.AutoTests" name="[194] /home/travis/build/icyphy/ptII/ptolemy/actor/lib/test/auto/LevelCrossTest11.xml (RunModel)" time="0.012" />
  <testcase classname="ptolemy.util.test.junit.AutoTests" name="[195] /home/travis/build/icyphy/ptII/ptolemy/actor/lib/test/auto/LevelCrossTest12.xml (RunModel)" time="0.016" />
  <testcase classname="ptolemy.util.test.junit.AutoTests" name="[196] /home/travis/build/icyphy/ptII/ptolemy/actor/lib/test/auto/LevelCrossTest13.xml (RunModel)" time="0.011" />
  <testcase classname="ptolemy.util.test.junit.AutoTests" name="[197] /home/travis/build/icyphy/ptII/ptolemy/actor/lib/test/auto/LevelCrossTest2.xml (RunModel)" time="0.007" />
  <testcase classname="ptolemy.util.test.junit.AutoTests" name="[198] /home/travis/build/icyphy/ptII/ptolemy/actor/lib/test/auto/LevelCrossTest3.xml (RunModel)" time="0.01" />
  <testcase classname="ptolemy.util.test.junit.AutoTests" name="[199] /home/travis/build/icyphy/ptII/ptolemy/actor/lib/test/auto/LevelCrossTest4.xml (RunModel)" time="0.008" />
  <testcase classname="ptolemy.util.test.junit.AutoTests" name="[200] /home/travis/build/icyphy/ptII/ptolemy/actor/lib/test/auto/LevelCrossTest5.xml (RunModel)" time="0.02" />
  <testcase classname="ptolemy.util.test.junit.AutoTests" name="[201] /home/travis/build/icyphy/ptII/ptolemy/actor/lib/test/auto/LevelCrossTest6.xml (RunModel)" time="0.011" />
  <testcase classname="ptolemy.util.test.junit.AutoTests" name="[202] /home/travis/build/icyphy/ptII/ptolemy/actor/lib/test/auto/LevelCrossTest7.xml (RunModel)" time="0.017" />
  <testcase classname="ptolemy.util.test.junit.AutoTests" name="[203] /home/travis/build/icyphy/ptII/ptolemy/actor/lib/test/auto/LevelCrossTest8.xml (RunModel)" time="0.023" />
  <testcase classname="ptolemy.util.test.junit.AutoTests" name="[204] /home/travis/build/icyphy/ptII/ptolemy/actor/lib/test/auto/LevelCrossTest9.xml (RunModel)" time="0.013" />
  <testcase classname="ptolemy.util.test.junit.AutoTests" name="[205] /home/travis/build/icyphy/ptII/ptolemy/actor/lib/test/auto/LevinsonDurbin.xml (RunModel)" time="0.006" />
  <testcase classname="ptolemy.util.test.junit.AutoTests" name="[206] /home/travis/build/icyphy/ptII/ptolemy/actor/lib/test/auto/LevinsonDurbin2.xml (RunModel)" time="0.006" />
  <testcase classname="ptolemy.util.test.junit.AutoTests" name="[207] /home/travis/build/icyphy/ptII/ptolemy/actor/lib/test/auto/LevinsonDurbin3.xml (RunModel)" time="0.007" />
  <testcase classname="ptolemy.util.test.junit.AutoTests" name="[208] /home/travis/build/icyphy/ptII/ptolemy/actor/lib/test/auto/Limiter.xml (RunModel)" time="0.03" />
  <testcase classname="ptolemy.util.test.junit.AutoTests" name="[209] /home/travis/build/icyphy/ptII/ptolemy/actor/lib/test/auto/LinearDifferenceEquationSystem.xml (RunModel)" time="0.016" />
  <testcase classname="ptolemy.util.test.junit.AutoTests" name="[210] /home/travis/build/icyphy/ptII/ptolemy/actor/lib/test/auto/LookupTable.xml (RunModel)" time="0.008" />
  <testcase classname="ptolemy.util.test.junit.AutoTests" name="[211] /home/travis/build/icyphy/ptII/ptolemy/actor/lib/test/auto/MathFunction.xml (RunModel)" time="0.016" />
  <testcase classname="ptolemy.util.test.junit.AutoTests" name="[212] /home/travis/build/icyphy/ptII/ptolemy/actor/lib/test/auto/MathFunction2.xml (RunModel)" time="0.007" />
  <testcase classname="ptolemy.util.test.junit.AutoTests" name="[213] /home/travis/build/icyphy/ptII/ptolemy/actor/lib/test/auto/MathFunction3.xml (RunModel)" time="0.013" />
  <testcase classname="ptolemy.util.test.junit.AutoTests" name="[214] /home/travis/build/icyphy/ptII/ptolemy/actor/lib/test/auto/MatrixCropBoolean.xml (RunModel)" time="0.009" />
  <testcase classname="ptolemy.util.test.junit.AutoTests" name="[215] /home/travis/build/icyphy/ptII/ptolemy/actor/lib/test/auto/MatrixCropComplex.xml (RunModel)" time="0.007" />
  <testcase classname="ptolemy.util.test.junit.AutoTests" name="[216] /home/travis/build/icyphy/ptII/ptolemy/actor/lib/test/auto/MatrixCropDouble.xml (RunModel)" time="0.007" />
  <testcase classname="ptolemy.util.test.junit.AutoTests" name="[217] /home/travis/build/icyphy/ptII/ptolemy/actor/lib/test/auto/MatrixCropFix.xml (RunModel)" time="0.01" />
  <testcase classname="ptolemy.util.test.junit.AutoTests" name="[218] /home/travis/build/icyphy/ptII/ptolemy/actor/lib/test/auto/MatrixCropInt.xml (RunModel)" time="0.008" />
  <testcase classname="ptolemy.util.test.junit.AutoTests" name="[219] /home/travis/build/icyphy/ptII/ptolemy/actor/lib/test/auto/MatrixCropLong.xml (RunModel)" time="0.007" />
  <testcase classname="ptolemy.util.test.junit.AutoTests" name="[220] /home/travis/build/icyphy/ptII/ptolemy/actor/lib/test/auto/MatrixToArray.xml (RunModel)" time="0.081" />
  <testcase classname="ptolemy.util.test.junit.AutoTests" name="[221] /home/travis/build/icyphy/ptII/ptolemy/actor/lib/test/auto/MaxIndex.xml (RunModel)" time="0.018" />
  <testcase classname="ptolemy.util.test.junit.AutoTests" name="[222] /home/travis/build/icyphy/ptII/ptolemy/actor/lib/test/auto/Maximum.xml (RunModel)" time="0.016" />
  <testcase classname="ptolemy.util.test.junit.AutoTests" name="[223] /home/travis/build/icyphy/ptII/ptolemy/actor/lib/test/auto/MaximumComplex.xml (RunModel)" time="0.012" />
  <testcase classname="ptolemy.util.test.junit.AutoTests" name="[224] /home/travis/build/icyphy/ptII/ptolemy/actor/lib/test/auto/MethodCallTest.xml (RunModel)" time="0.017" />
  <testcase classname="ptolemy.util.test.junit.AutoTests" name="[225] /home/travis/build/icyphy/ptII/ptolemy/actor/lib/test/auto/Minimum.xml (RunModel)" time="0.012" />
  <testcase classname="ptolemy.util.test.junit.AutoTests" name="[226] /home/travis/build/icyphy/ptII/ptolemy/actor/lib/test/auto/MinimumComplex.xml (RunModel)" time="0.022" />
  <testcase classname="ptolemy.util.test.junit.AutoTests" name="[227] /home/travis/build/icyphy/ptII/ptolemy/actor/lib/test/auto/MinimumMultiports.xml (RunModel)" time="0.015" />
  <testcase classname="ptolemy.util.test.junit.AutoTests" name="[228] /home/travis/build/icyphy/ptII/ptolemy/actor/lib/test/auto/ModifyDate.xml (RunModel)" time="0.033" />
  <testcase classname="ptolemy.util.test.junit.AutoTests" name="[229] /home/travis/build/icyphy/ptII/ptolemy/actor/lib/test/auto/ModifyDate2.xml (RunModel)" time="0.027" />
  <testcase classname="ptolemy.util.test.junit.AutoTests" name="[230] /home/travis/build/icyphy/ptII/ptolemy/actor/lib/test/auto/MovingAverage.xml (RunModel)" time="0.011" />
  <testcase classname="ptolemy.util.test.junit.AutoTests" name="[231] /home/travis/build/icyphy/ptII/ptolemy/actor/lib/test/auto/MovingMaximum.xml (RunModel)" time="0.009" />
  <testcase classname="ptolemy.util.test.junit.AutoTests" name="[232] /home/travis/build/icyphy/ptII/ptolemy/actor/lib/test/auto/MultipleLinksToSameRelation.xml (RunModel)" time="0.014" />
  <testcase classname="ptolemy.util.test.junit.AutoTests" name="[233] /home/travis/build/icyphy/ptII/ptolemy/actor/lib/test/auto/MultipleLinksToSameRelationDE.xml (RunModel)" time="0.008" />
  <testcase classname="ptolemy.util.test.junit.AutoTests" name="[234] /home/travis/build/icyphy/ptII/ptolemy/actor/lib/test/auto/Multiplexor.xml (RunModel)" time="0.01" />
  <testcase classname="ptolemy.util.test.junit.AutoTests" name="[235] /home/travis/build/icyphy/ptII/ptolemy/actor/lib/test/auto/Multiplexor1.xml (RunModel)" time="0.01" />
  <testcase classname="ptolemy.util.test.junit.AutoTests" name="[236] /home/travis/build/icyphy/ptII/ptolemy/actor/lib/test/auto/Multiplexor2.xml (RunModel)" time="0.014" />
  <testcase classname="ptolemy.util.test.junit.AutoTests" name="[237] /home/travis/build/icyphy/ptII/ptolemy/actor/lib/test/auto/Multiplexor3.xml (RunModel)" time="0.007" />
  <testcase classname="ptolemy.util.test.junit.AutoTests" name="[238] /home/travis/build/icyphy/ptII/ptolemy/actor/lib/test/auto/MultiplexorDE.xml (RunModel)" time="0.017" />
  <testcase classname="ptolemy.util.test.junit.AutoTests" name="[239] /home/travis/build/icyphy/ptII/ptolemy/actor/lib/test/auto/MultiportBroadcastTest.xml (RunModel)" time="0.091" />
  <testcase classname="ptolemy.util.test.junit.AutoTests" name="[240] /home/travis/build/icyphy/ptII/ptolemy/actor/lib/test/auto/MultiportOutHangDuringGetWidth.xml (RunModel)" time="0.033" />
  <testcase classname="ptolemy.util.test.junit.AutoTests" name="[241] /home/travis/build/icyphy/ptII/ptolemy/actor/lib/test/auto/NilToken.xml (RunModel)" time="0.011" />
  <testcase classname="ptolemy.util.test.junit.AutoTests" name="[242] /home/travis/build/icyphy/ptII/ptolemy/actor/lib/test/auto/NilTokenNonStrictTest.xml (RunModel)" time="0.01" />
  <testcase classname="ptolemy.util.test.junit.AutoTests" name="[243] /home/travis/build/icyphy/ptII/ptolemy/actor/lib/test/auto/NilTokenRecord.xml (RunModel)" time="0.026" />
  <testcase classname="ptolemy.util.test.junit.AutoTests" name="[244] /home/travis/build/icyphy/ptII/ptolemy/actor/lib/test/auto/NilTokenTypeTest.xml (RunModel)" time="0.029" />
  <testcase classname="ptolemy.util.test.junit.AutoTests" name="[245] /home/travis/build/icyphy/ptII/ptolemy/actor/lib/test/auto/ObjectToken1.xml (RunModel)" time="0.008" />
  <testcase classname="ptolemy.util.test.junit.AutoTests" name="[246] /home/travis/build/icyphy/ptII/ptolemy/actor/lib/test/auto/OrderedMerge.xml (RunModel)" time="0.019" />
  <testcase classname="ptolemy.util.test.junit.AutoTests" name="[247] /home/travis/build/icyphy/ptII/ptolemy/actor/lib/test/auto/OrderedRecordDisassembler.xml (RunModel)" time="0.014" />
  <testcase classname="ptolemy.util.test.junit.AutoTests" name="[248] /home/travis/build/icyphy/ptII/ptolemy/actor/lib/test/auto/OrderedRecordDisassembler2.xml (RunModel)" time="0.017" />
  <testcase classname="ptolemy.util.test.junit.AutoTests" name="[249] /home/travis/build/icyphy/ptII/ptolemy/actor/lib/test/auto/OrderedRecordUpdater.xml (RunModel)" time="0.01" />
  <testcase classname="ptolemy.util.test.junit.AutoTests" name="[250] /home/travis/build/icyphy/ptII/ptolemy/actor/lib/test/auto/OrderedRecordUpdater2.xml (RunModel)" time="0.018" />
  <testcase classname="ptolemy.util.test.junit.AutoTests" name="[251] /home/travis/build/icyphy/ptII/ptolemy/actor/lib/test/auto/PhaseUnwrap.xml (RunModel)" time="0.01" />
  <testcase classname="ptolemy.util.test.junit.AutoTests" name="[252] /home/travis/build/icyphy/ptII/ptolemy/actor/lib/test/auto/PoissonClock.xml (RunModel)" time="0.008" />
  <testcase classname="ptolemy.util.test.junit.AutoTests" name="[253] /home/travis/build/icyphy/ptII/ptolemy/actor/lib/test/auto/PoissonClock2.xml (RunModel)" time="0.006" />
  <testcase classname="ptolemy.util.test.junit.AutoTests" name="[254] /home/travis/build/icyphy/ptII/ptolemy/actor/lib/test/auto/PoissonClock3.xml (RunModel)" time="0.02" />
  <testcase classname="ptolemy.util.test.junit.AutoTests" name="[255] /home/travis/build/icyphy/ptII/ptolemy/actor/lib/test/auto/PubSubWithInitialTokens.xml (RunModel)" time="0.013" />
  <testcase classname="ptolemy.util.test.junit.AutoTests" name="[256] /home/travis/build/icyphy/ptII/ptolemy/actor/lib/test/auto/PubSubWithInitialTokens2.xml (RunModel)" time="0.009" />
  <testcase classname="ptolemy.util.test.junit.AutoTests" name="[257] /home/travis/build/icyphy/ptII/ptolemy/actor/lib/test/auto/PublisherClassNoParameter.xml (RunModel)" time="0.021" />
  <testcase classname="ptolemy.util.test.junit.AutoTests" name="[258] /home/travis/build/icyphy/ptII/ptolemy/actor/lib/test/auto/PublisherClassParameter.xml (RunModel)" time="0.018" />
  <testcase classname="ptolemy.util.test.junit.AutoTests" name="[259] /home/travis/build/icyphy/ptII/ptolemy/actor/lib/test/auto/PublisherNonStrictTest.xml (RunModel)" time="0.014" />
  <testcase classname="ptolemy.util.test.junit.AutoTests" name="[260] /home/travis/build/icyphy/ptII/ptolemy/actor/lib/test/auto/PublisherPort1.xml (RunModel)" time="0.008" />
  <testcase classname="ptolemy.util.test.junit.AutoTests" name="[261] /home/travis/build/icyphy/ptII/ptolemy/actor/lib/test/auto/PublisherPort2.xml (RunModel)" time="0.007" />
  <testcase classname="ptolemy.util.test.junit.AutoTests" name="[262] /home/travis/build/icyphy/ptII/ptolemy/actor/lib/test/auto/PublisherPort3.xml (RunModel)" time="0.016" />
  <testcase classname="ptolemy.util.test.junit.AutoTests" name="[263] /home/travis/build/icyphy/ptII/ptolemy/actor/lib/test/auto/PublisherPort4.xml (RunModel)" time="0.017" />
  <testcase classname="ptolemy.util.test.junit.AutoTests" name="[264] /home/travis/build/icyphy/ptII/ptolemy/actor/lib/test/auto/PublisherPort5.xml (RunModel)" time="0.012" />
  <testcase classname="ptolemy.util.test.junit.AutoTests" name="[265] /home/travis/build/icyphy/ptII/ptolemy/actor/lib/test/auto/PublisherPort5LookAlike.xml (RunModel)" time="0.015" />
  <testcase classname="ptolemy.util.test.junit.AutoTests" name="[266] /home/travis/build/icyphy/ptII/ptolemy/actor/lib/test/auto/PublisherPort6.xml (RunModel)" time="0.057" />
  <testcase classname="ptolemy.util.test.junit.AutoTests" name="[267] /home/travis/build/icyphy/ptII/ptolemy/actor/lib/test/auto/PublisherPort7.xml (RunModel)" time="0.014" />
  <testcase classname="ptolemy.util.test.junit.AutoTests" name="[268] /home/travis/build/icyphy/ptII/ptolemy/actor/lib/test/auto/PublisherPort8.xml (RunModel)" time="0.021" />
  <testcase classname="ptolemy.util.test.junit.AutoTests" name="[269] /home/travis/build/icyphy/ptII/ptolemy/actor/lib/test/auto/PublisherPortSubscriberChannelVariablesAOC2.xml (RunModel)" time="0.029" />
  <testcase classname="ptolemy.util.test.junit.AutoTests" name="[270] /home/travis/build/icyphy/ptII/ptolemy/actor/lib/test/auto/PublisherPortSubscriberOpaqueWidthInference.xml (RunModel)" time="0.016" />
  <testcase classname="ptolemy.util.test.junit.AutoTests" name="[271] /home/travis/build/icyphy/ptII/ptolemy/actor/lib/test/auto/PublisherPortSubscriberPortAdjacent.xml (RunModel)" time="0.013" />
  <testcase classname="ptolemy.util.test.junit.AutoTests" name="[272] /home/travis/build/icyphy/ptII/ptolemy/actor/lib/test/auto/PublisherPortSubscriberPortExpression.xml (RunModel)" time="0.014" />
  <testcase classname="ptolemy.util.test.junit.AutoTests" name="[273] /home/travis/build/icyphy/ptII/ptolemy/actor/lib/test/auto/PublisherPortSubscriberPortOpaqueD3Reverse.xml (RunModel)" time="0.017" />
  <testcase classname="ptolemy.util.test.junit.AutoTests" name="[274] /home/travis/build/icyphy/ptII/ptolemy/actor/lib/test/auto/PublisherPortSubscriberPortOpaqueWidthInference.xml (RunModel)" time="0.013" />
  <testcase classname="ptolemy.util.test.junit.AutoTests" name="[275] /home/travis/build/icyphy/ptII/ptolemy/actor/lib/test/auto/PublisherPortToplevelSubscriberPortAOC.xml (RunModel)" time="0.008" />
  <testcase classname="ptolemy.util.test.junit.AutoTests" name="[276] /home/travis/build/icyphy/ptII/ptolemy/actor/lib/test/auto/PublisherSubscriber.xml (RunModel)" time="0.01" />
  <testcase classname="ptolemy.util.test.junit.AutoTests" name="[277] /home/travis/build/icyphy/ptII/ptolemy/actor/lib/test/auto/PublisherSubscriber10.xml (RunModel)" time="0.022" />
  <testcase classname="ptolemy.util.test.junit.AutoTests" name="[278] /home/travis/build/icyphy/ptII/ptolemy/actor/lib/test/auto/PublisherSubscriber10InitialOutputs.xml (RunModel)" time="0.033" />
  <testcase classname="ptolemy.util.test.junit.AutoTests" name="[279] /home/travis/build/icyphy/ptII/ptolemy/actor/lib/test/auto/PublisherSubscriber11.xml (RunModel)" time="0.012" />
  <testcase classname="ptolemy.util.test.junit.AutoTests" name="[280] /home/travis/build/icyphy/ptII/ptolemy/actor/lib/test/auto/PublisherSubscriber12.xml (RunModel)" time="0.011" />
  <testcase classname="ptolemy.util.test.junit.AutoTests" name="[281] /home/travis/build/icyphy/ptII/ptolemy/actor/lib/test/auto/PublisherSubscriber13.xml (RunModel)" time="0.007" />
  <testcase classname="ptolemy.util.test.junit.AutoTests" name="[282] /home/travis/build/icyphy/ptII/ptolemy/actor/lib/test/auto/PublisherSubscriber14.xml (RunModel)" time="0.02" />
  <testcase classname="ptolemy.util.test.junit.AutoTests" name="[283] /home/travis/build/icyphy/ptII/ptolemy/actor/lib/test/auto/PublisherSubscriber2.xml (RunModel)" time="0.008" />
  <testcase classname="ptolemy.util.test.junit.AutoTests" name="[284] /home/travis/build/icyphy/ptII/ptolemy/actor/lib/test/auto/PublisherSubscriber3.xml (RunModel)" time="0.008" />
  <testcase classname="ptolemy.util.test.junit.AutoTests" name="[285] /home/travis/build/icyphy/ptII/ptolemy/actor/lib/test/auto/PublisherSubscriber4.xml (RunModel)" time="0.007" />
  <testcase classname="ptolemy.util.test.junit.AutoTests" name="[286] /home/travis/build/icyphy/ptII/ptolemy/actor/lib/test/auto/PublisherSubscriber5.xml (RunModel)" time="0.011" />
  <testcase classname="ptolemy.util.test.junit.AutoTests" name="[287] /home/travis/build/icyphy/ptII/ptolemy/actor/lib/test/auto/PublisherSubscriber6.xml (RunModel)" time="0.013" />
  <testcase classname="ptolemy.util.test.junit.AutoTests" name="[288] /home/travis/build/icyphy/ptII/ptolemy/actor/lib/test/auto/PublisherSubscriber7.xml (RunModel)" time="0.014" />
  <testcase classname="ptolemy.util.test.junit.AutoTests" name="[289] /home/travis/build/icyphy/ptII/ptolemy/actor/lib/test/auto/PublisherSubscriber8.xml (RunModel)" time="0.027" />
  <testcase classname="ptolemy.util.test.junit.AutoTests" name="[290] /home/travis/build/icyphy/ptII/ptolemy/actor/lib/test/auto/PublisherSubscriber9.xml (RunModel)" time="0.016" />
  <testcase classname="ptolemy.util.test.junit.AutoTests" name="[291] /home/travis/build/icyphy/ptII/ptolemy/actor/lib/test/auto/PublisherSubscriberAdjacent.xml (RunModel)" time="0.013" />
  <testcase classname="ptolemy.util.test.junit.AutoTests" name="[292] /home/travis/build/icyphy/ptII/ptolemy/actor/lib/test/auto/PublisherSubscriberChannelVariablesAOC2.xml (RunModel)" time="0.024" />
  <testcase classname="ptolemy.util.test.junit.AutoTests" name="[293] /home/travis/build/icyphy/ptII/ptolemy/actor/lib/test/auto/PublisherSubscriberD3.xml (RunModel)" time="0.019" />
  <testcase classname="ptolemy.util.test.junit.AutoTests" name="[294] /home/travis/build/icyphy/ptII/ptolemy/actor/lib/test/auto/PublisherSubscriberD3Reverse.xml (RunModel)" time="0.017" />
  <testcase classname="ptolemy.util.test.junit.AutoTests" name="[295] /home/travis/build/icyphy/ptII/ptolemy/actor/lib/test/auto/PublisherSubscriberExpression.xml (RunModel)" time="0.015" />
  <testcase classname="ptolemy.util.test.junit.AutoTests" name="[296] /home/travis/build/icyphy/ptII/ptolemy/actor/lib/test/auto/PublisherSubscriberOpaque.xml (RunModel)" time="0.013" />
  <testcase classname="ptolemy.util.test.junit.AutoTests" name="[297] /home/travis/build/icyphy/ptII/ptolemy/actor/lib/test/auto/PublisherSubscriberOpaqueD3.xml (RunModel)" time="0.019" />
  <testcase classname="ptolemy.util.test.junit.AutoTests" name="[298] /home/travis/build/icyphy/ptII/ptolemy/actor/lib/test/auto/PublisherSubscriberOpaqueD3Reverse.xml (RunModel)" time="0.017" />
  <testcase classname="ptolemy.util.test.junit.AutoTests" name="[299] /home/travis/build/icyphy/ptII/ptolemy/actor/lib/test/auto/PublisherSubscriberOpaqueWidthInference.xml (RunModel)" time="0.013" />
  <testcase classname="ptolemy.util.test.junit.AutoTests" name="[300] /home/travis/build/icyphy/ptII/ptolemy/actor/lib/test/auto/PublisherTestSubscriber.xml (RunModel)" time="0.012" />
  <testcase classname="ptolemy.util.test.junit.AutoTests" name="[301] /home/travis/build/icyphy/ptII/ptolemy/actor/lib/test/auto/PublisherToplevelSubscriberPortAOC.xml (RunModel)" time="0.009" />
  <testcase classname="ptolemy.util.test.junit.AutoTests" name="[302] /home/travis/build/icyphy/ptII/ptolemy/actor/lib/test/auto/PulseFiringLimitDE.xml (RunModel)" time="0.011" />
  <testcase classname="ptolemy.util.test.junit.AutoTests" name="[303] /home/travis/build/icyphy/ptII/ptolemy/actor/lib/test/auto/Ramp1.xml (RunModel)" time="0.034" />
  <testcase classname="ptolemy.util.test.junit.AutoTests" name="[304] /home/travis/build/icyphy/ptII/ptolemy/actor/lib/test/auto/RampFiringLimitDE.xml (RunModel)" time="0.012" />
  <testcase classname="ptolemy.util.test.junit.AutoTests" name="[305] /home/travis/build/icyphy/ptII/ptolemy/actor/lib/test/auto/RampFiringLimitSDF.xml (RunModel)" time="0.008" />
  <testcase classname="ptolemy.util.test.junit.AutoTests" name="[306] /home/travis/build/icyphy/ptII/ptolemy/actor/lib/test/auto/RandomInteger.xml (RunModel)" time="0.006" />
  <testcase classname="ptolemy.util.test.junit.AutoTests" name="[307] /home/travis/build/icyphy/ptII/ptolemy/actor/lib/test/auto/ReadFile1.xml (RunModel)" time="0.006" />
  <testcase classname="ptolemy.util.test.junit.AutoTests" name="[308] /home/travis/build/icyphy/ptII/ptolemy/actor/lib/test/auto/ReadFile2.xml (RunModel)" time="0.006" />
  <testcase classname="ptolemy.util.test.junit.AutoTests" name="[309] /home/travis/build/icyphy/ptII/ptolemy/actor/lib/test/auto/Reader.xml (RunModel)" time="0.009" />
  <testcase classname="ptolemy.util.test.junit.AutoTests" name="[310] /home/travis/build/icyphy/ptII/ptolemy/actor/lib/test/auto/RecordAssemblerDisplayNameTest.xml (RunModel)" time="3.897" />
  <testcase classname="ptolemy.util.test.junit.AutoTests" name="[311] /home/travis/build/icyphy/ptII/ptolemy/actor/lib/test/auto/RecordAssemblerTypeError.xml (RunModel)" time="0.04" />
  <testcase classname="ptolemy.util.test.junit.AutoTests" name="[312] /home/travis/build/icyphy/ptII/ptolemy/actor/lib/test/auto/RecordDisassember.xml (RunModel)" time="0.013" />
  <testcase classname="ptolemy.util.test.junit.AutoTests" name="[313] /home/travis/build/icyphy/ptII/ptolemy/actor/lib/test/auto/RecordDisassemberDisplayNameTest.xml (RunModel)" time="0.017" />
  <testcase classname="ptolemy.util.test.junit.AutoTests" name="[314] /home/travis/build/icyphy/ptII/ptolemy/actor/lib/test/auto/RecordDisassembler.xml (RunModel)" time="0.007" />
  <testcase classname="ptolemy.util.test.junit.AutoTests" name="[315] /home/travis/build/icyphy/ptII/ptolemy/actor/lib/test/auto/RecordDisassembler2.xml (RunModel)" time="0.008" />
  <testcase classname="ptolemy.util.test.junit.AutoTests" name="[316] /home/travis/build/icyphy/ptII/ptolemy/actor/lib/test/auto/RecordUpdater.xml (RunModel)" time="0.007" />
  <testcase classname="ptolemy.util.test.junit.AutoTests" name="[317] /home/travis/build/icyphy/ptII/ptolemy/actor/lib/test/auto/RecordUpdater2.xml (RunModel)" time="0.007" />
  <testcase classname="ptolemy.util.test.junit.AutoTests" name="[318] /home/travis/build/icyphy/ptII/ptolemy/actor/lib/test/auto/RecursiveLattice.xml (RunModel)" time="0.006" />
  <testcase classname="ptolemy.util.test.junit.AutoTests" name="[319] /home/travis/build/icyphy/ptII/ptolemy/actor/lib/test/auto/Router.xml (RunModel)" time="3.02" />
  <testcase classname="ptolemy.util.test.junit.AutoTests" name="[320] /home/travis/build/icyphy/ptII/ptolemy/actor/lib/test/auto/Router2.xml (RunModel)" time="3.04" />
  <testcase classname="ptolemy.util.test.junit.AutoTests" name="[321] /home/travis/build/icyphy/ptII/ptolemy/actor/lib/test/auto/RunningMaximum.xml (RunModel)" time="0.016" />
  <testcase classname="ptolemy.util.test.junit.AutoTests" name="[322] /home/travis/build/icyphy/ptII/ptolemy/actor/lib/test/auto/RunningMinimum.xml (RunModel)" time="0.015" />
  <testcase classname="ptolemy.util.test.junit.AutoTests" name="[323] /home/travis/build/icyphy/ptII/ptolemy/actor/lib/test/auto/Scale.xml (RunModel)" time="0.006" />
  <testcase classname="ptolemy.util.test.junit.AutoTests" name="[324] /home/travis/build/icyphy/ptII/ptolemy/actor/lib/test/auto/Scale2.xml (RunModel)" time="0.007" />
  <testcase classname="ptolemy.util.test.junit.AutoTests" name="[325] /home/travis/build/icyphy/ptII/ptolemy/actor/lib/test/auto/Scale3.xml (RunModel)" time="0.01" />
  <testcase classname="ptolemy.util.test.junit.AutoTests" name="[326] /home/travis/build/icyphy/ptII/ptolemy/actor/lib/test/auto/ScaleArray.xml (RunModel)" time="0.005" />
  <testcase classname="ptolemy.util.test.junit.AutoTests" name="[327] /home/travis/build/icyphy/ptII/ptolemy/actor/lib/test/auto/ScaleArray2.xml (RunModel)" time="0.006" />
  <testcase classname="ptolemy.util.test.junit.AutoTests" name="[328] /home/travis/build/icyphy/ptII/ptolemy/actor/lib/test/auto/ScaleMatrix.xml (RunModel)" time="0.145" />
  <testcase classname="ptolemy.util.test.junit.AutoTests" name="[329] /home/travis/build/icyphy/ptII/ptolemy/actor/lib/test/auto/Select.xml (RunModel)" time="0.013" />
  <testcase classname="ptolemy.util.test.junit.AutoTests" name="[330] /home/travis/build/icyphy/ptII/ptolemy/actor/lib/test/auto/Select2.xml (RunModel)" time="0.007" />
  <testcase classname="ptolemy.util.test.junit.AutoTests" name="[331] /home/travis/build/icyphy/ptII/ptolemy/actor/lib/test/auto/SequenceToArray2.xml (RunModel)" time="0.124" />
  <testcase classname="ptolemy.util.test.junit.AutoTests" name="[332] /home/travis/build/icyphy/ptII/ptolemy/actor/lib/test/auto/SequentialClock.xml (RunModel)" time="0.012" />
  <testcase classname="ptolemy.util.test.junit.AutoTests" name="[333] /home/travis/build/icyphy/ptII/ptolemy/actor/lib/test/auto/SetVariable.xml (RunModel)" time="0.009" />
  <testcase classname="ptolemy.util.test.junit.AutoTests" name="[334] /home/travis/build/icyphy/ptII/ptolemy/actor/lib/test/auto/SetVariable2.xml (RunModel)" time="0.009" />
  <testcase classname="ptolemy.util.test.junit.AutoTests" name="[335] /home/travis/build/icyphy/ptII/ptolemy/actor/lib/test/auto/SetVariable3.xml (RunModel)" time="0.014" />
  <testcase classname="ptolemy.util.test.junit.AutoTests" name="[336] /home/travis/build/icyphy/ptII/ptolemy/actor/lib/test/auto/SetVariable4.xml (RunModel)" time="0.022" />
  <testcase classname="ptolemy.util.test.junit.AutoTests" name="[337] /home/travis/build/icyphy/ptII/ptolemy/actor/lib/test/auto/SetVariable5.xml (RunModel)" time="0.037" />
  <testcase classname="ptolemy.util.test.junit.AutoTests" name="[338] /home/travis/build/icyphy/ptII/ptolemy/actor/lib/test/auto/Sinewave.xml (RunModel)" time="0.023" />
  <testcase classname="ptolemy.util.test.junit.AutoTests" name="[339] /home/travis/build/icyphy/ptII/ptolemy/actor/lib/test/auto/Sinewave2.xml (RunModel)" time="0.018" />
  <testcase classname="ptolemy.util.test.junit.AutoTests" name="[340] /home/travis/build/icyphy/ptII/ptolemy/actor/lib/test/auto/Sinewave3.xml (RunModel)" time="0.021" />
  <testcase classname="ptolemy.util.test.junit.AutoTests" name="[341] /home/travis/build/icyphy/ptII/ptolemy/actor/lib/test/auto/SingleEvent.xml (RunModel)" time="0.007" />
  <testcase classname="ptolemy.util.test.junit.AutoTests" name="[342] /home/travis/build/icyphy/ptII/ptolemy/actor/lib/test/auto/Sleep.xml (RunModel)" time="6.013" />
  <testcase classname="ptolemy.util.test.junit.AutoTests" name="[343] /home/travis/build/icyphy/ptII/ptolemy/actor/lib/test/auto/SleepMultipleFire.xml (RunModel)" time="1.017" />
  <testcase classname="ptolemy.util.test.junit.AutoTests" name="[344] /home/travis/build/icyphy/ptII/ptolemy/actor/lib/test/auto/StopDE.xml (RunModel)" time="0.043" />
  <testcase classname="ptolemy.util.test.junit.AutoTests" name="[345] /home/travis/build/icyphy/ptII/ptolemy/actor/lib/test/auto/StopSDF.xml (RunModel)" time="0.01" />
  <testcase classname="ptolemy.util.test.junit.AutoTests" name="[346] /home/travis/build/icyphy/ptII/ptolemy/actor/lib/test/auto/StringConstant.xml (RunModel)" time="0.016" />
  <testcase classname="ptolemy.util.test.junit.AutoTests" name="[347] /home/travis/build/icyphy/ptII/ptolemy/actor/lib/test/auto/SubscriberPortInitialValues1.xml (RunModel)" time="0.016" />
  <testcase classname="ptolemy.util.test.junit.AutoTests" name="[348] /home/travis/build/icyphy/ptII/ptolemy/actor/lib/test/auto/SubscriberPortInitialValues13.xml (RunModel)" time="0.028" />
  <testcase classname="ptolemy.util.test.junit.AutoTests" name="[349] /home/travis/build/icyphy/ptII/ptolemy/actor/lib/test/auto/SubscriberPortInitialValues14.xml (RunModel)" time="0.012" />
  <testcase classname="ptolemy.util.test.junit.AutoTests" name="[350] /home/travis/build/icyphy/ptII/ptolemy/actor/lib/test/auto/SubscriberPortInitialValues2.xml (RunModel)" time="0.012" />
  <testcase classname="ptolemy.util.test.junit.AutoTests" name="[351] /home/travis/build/icyphy/ptII/ptolemy/actor/lib/test/auto/SubscriberPortInitialValues3.xml (RunModel)" time="0.015" />
  <testcase classname="ptolemy.util.test.junit.AutoTests" name="[352] /home/travis/build/icyphy/ptII/ptolemy/actor/lib/test/auto/SubscriptionAggregator.xml (RunModel)" time="0.008" />
  <testcase classname="ptolemy.util.test.junit.AutoTests" name="[353] /home/travis/build/icyphy/ptII/ptolemy/actor/lib/test/auto/SubscriptionAggregator2.xml (RunModel)" time="0.008" />
  <testcase classname="ptolemy.util.test.junit.AutoTests" name="[354] /home/travis/build/icyphy/ptII/ptolemy/actor/lib/test/auto/SubscriptionAggregator3.xml (RunModel)" time="0.012" />
  <testcase classname="ptolemy.util.test.junit.AutoTests" name="[355] /home/travis/build/icyphy/ptII/ptolemy/actor/lib/test/auto/SubscriptionAggregatorMultiply.xml (RunModel)" time="0.011" />
  <testcase classname="ptolemy.util.test.junit.AutoTests" name="[356] /home/travis/build/icyphy/ptII/ptolemy/actor/lib/test/auto/SubscriptionAggregatorPortMultiply1.xml (RunModel)" time="0.01" />
  <testcase classname="ptolemy.util.test.junit.AutoTests" name="[357] /home/travis/build/icyphy/ptII/ptolemy/actor/lib/test/auto/Switch.xml (RunModel)" time="0.013" />
  <testcase classname="ptolemy.util.test.junit.AutoTests" name="[358] /home/travis/build/icyphy/ptII/ptolemy/actor/lib/test/auto/Switch2.xml (RunModel)" time="0.011" />
  <testcase classname="ptolemy.util.test.junit.AutoTests" name="[359] /home/travis/build/icyphy/ptII/ptolemy/actor/lib/test/auto/SwitchDE.xml (RunModel)" time="0.013" />
  <testcase classname="ptolemy.util.test.junit.AutoTests" name="[360] /home/travis/build/icyphy/ptII/ptolemy/actor/lib/test/auto/SynchronizerDE.xml (RunModel)" time="0.018" />
  <testcase classname="ptolemy.util.test.junit.AutoTests" name="[361] /home/travis/build/icyphy/ptII/ptolemy/actor/lib/test/auto/Test.xml (RunModel)" time="0.013" />
  <testcase classname="ptolemy.util.test.junit.AutoTests" name="[362] /home/travis/build/icyphy/ptII/ptolemy/actor/lib/test/auto/TestExceptionAttribute1.xml (RunModel)" time="0.005" />
  <testcase classname="ptolemy.util.test.junit.AutoTests" name="[363] /home/travis/build/icyphy/ptII/ptolemy/actor/lib/test/auto/TestExceptionAttribute2.xml (RunModel)" time="0.005" />
  <testcase classname="ptolemy.util.test.junit.AutoTests" name="[364] /home/travis/build/icyphy/ptII/ptolemy/actor/lib/test/auto/TestExceptionAttribute3.xml (RunModel)" time="0.008" />
  <testcase classname="ptolemy.util.test.junit.AutoTests" name="[365] /home/travis/build/icyphy/ptII/ptolemy/actor/lib/test/auto/TestExceptionAttribute4.xml (RunModel)" time="0.005" />
  <testcase classname="ptolemy.util.test.junit.AutoTests" name="[366] /home/travis/build/icyphy/ptII/ptolemy/actor/lib/test/auto/TestExceptionHandler1.xml (RunModel)" time="0.005" />
  <testcase classname="ptolemy.util.test.junit.AutoTests" name="[367] /home/travis/build/icyphy/ptII/ptolemy/actor/lib/test/auto/TestExceptionHandler2.xml (RunModel)" time="0.01" />
  <testcase classname="ptolemy.util.test.junit.AutoTests" name="[368] /home/travis/build/icyphy/ptII/ptolemy/actor/lib/test/auto/TestExceptionHandler3.xml (RunModel)" time="0.004" />
  <testcase classname="ptolemy.util.test.junit.AutoTests" name="[369] /home/travis/build/icyphy/ptII/ptolemy/actor/lib/test/auto/TestExceptionHandler4.xml (RunModel)" time="0.004" />
  <testcase classname="ptolemy.util.test.junit.AutoTests" name="[370] /home/travis/build/icyphy/ptII/ptolemy/actor/lib/test/auto/TestRequireCorrectOrder.xml (RunModel)" time="0.01" />
  <testcase classname="ptolemy.util.test.junit.AutoTests" name="[371] /home/travis/build/icyphy/ptII/ptolemy/actor/lib/test/auto/TestSimple.xml (RunModel)" time="0.005" />
  <testcase classname="ptolemy.util.test.junit.AutoTests" name="[372] /home/travis/build/icyphy/ptII/ptolemy/actor/lib/test/auto/ThrowModelError.xml (RunModel)" time="0.008" />
  <testcase classname="ptolemy.util.test.junit.AutoTests" name="[373] /home/travis/build/icyphy/ptII/ptolemy/actor/lib/test/auto/TimeDelayMicrosteps.xml (RunModel)" time="0.011" />
  <testcase classname="ptolemy.util.test.junit.AutoTests" name="[374] /home/travis/build/icyphy/ptII/ptolemy/actor/lib/test/auto/TimeDelayMicrosteps2.xml (RunModel)" time="0.011" />
  <testcase classname="ptolemy.util.test.junit.AutoTests" name="[375] /home/travis/build/icyphy/ptII/ptolemy/actor/lib/test/auto/TimeDelayMicrosteps3.xml (RunModel)" time="0.009" />
  <testcase classname="ptolemy.util.test.junit.AutoTests" name="[376] /home/travis/build/icyphy/ptII/ptolemy/actor/lib/test/auto/TimeDelayVariableMicrosteps.xml (RunModel)" time="0.009" />
  <testcase classname="ptolemy.util.test.junit.AutoTests" name="[377] /home/travis/build/icyphy/ptII/ptolemy/actor/lib/test/auto/TimeGap.xml (RunModel)" time="0.013" />
  <testcase classname="ptolemy.util.test.junit.AutoTests" name="[378] /home/travis/build/icyphy/ptII/ptolemy/actor/lib/test/auto/TimeGap2.xml (RunModel)" time="0.008" />
  <testcase classname="ptolemy.util.test.junit.AutoTests" name="[379] /home/travis/build/icyphy/ptII/ptolemy/actor/lib/test/auto/TimedSinewave.xml (RunModel)" time="0.044" />
  <testcase classname="ptolemy.util.test.junit.AutoTests" name="[380] /home/travis/build/icyphy/ptII/ptolemy/actor/lib/test/auto/TimedSinewavePhase.xml (RunModel)" time="0.028" />
  <testcase classname="ptolemy.util.test.junit.AutoTests" name="[381] /home/travis/build/icyphy/ptII/ptolemy/actor/lib/test/auto/Timer.xml (RunModel)" time="0.014" />
  <testcase classname="ptolemy.util.test.junit.AutoTests" name="[382] /home/travis/build/icyphy/ptII/ptolemy/actor/lib/test/auto/TriangularDistTestModel.xml (RunModel)" time="0.014" />
  <testcase classname="ptolemy.util.test.junit.AutoTests" name="[383] /home/travis/build/icyphy/ptII/ptolemy/actor/lib/test/auto/TrigFunction.xml (RunModel)" time="0.006" />
  <testcase classname="ptolemy.util.test.junit.AutoTests" name="[384] /home/travis/build/icyphy/ptII/ptolemy/actor/lib/test/auto/TrigFunctionDE.xml (RunModel)" time="0.009" />
  <testcase classname="ptolemy.util.test.junit.AutoTests" name="[385] /home/travis/build/icyphy/ptII/ptolemy/actor/lib/test/auto/TrigFunctionInverse.xml (RunModel)" time="0.006" />
  <testcase classname="ptolemy.util.test.junit.AutoTests" name="[386] /home/travis/build/icyphy/ptII/ptolemy/actor/lib/test/auto/TrigFunctionTan.xml (RunModel)" time="0.004" />
  <testcase classname="ptolemy.util.test.junit.AutoTests" name="[387] /home/travis/build/icyphy/ptII/ptolemy/actor/lib/test/auto/TriggeredClock.xml (RunModel)" time="0.005" />
  <testcase classname="ptolemy.util.test.junit.AutoTests" name="[388] /home/travis/build/icyphy/ptII/ptolemy/actor/lib/test/auto/URLDirectoryReader.xml (RunModel)" time="0.104" />
  <testcase classname="ptolemy.util.test.junit.AutoTests" name="[389] /home/travis/build/icyphy/ptII/ptolemy/actor/lib/test/auto/URLDirectoryReader3.xml (RunModel)" time="1.776" />
  <testcase classname="ptolemy.util.test.junit.AutoTests" name="[390] /home/travis/build/icyphy/ptII/ptolemy/actor/lib/test/auto/UnaryMathFunction.xml (RunModel)" time="0.03" />
  <testcase classname="ptolemy.util.test.junit.AutoTests" name="[391] /home/travis/build/icyphy/ptII/ptolemy/actor/lib/test/auto/Uniform.xml (RunModel)" time="0.012" />
  <testcase classname="ptolemy.util.test.junit.AutoTests" name="[392] /home/travis/build/icyphy/ptII/ptolemy/actor/lib/test/auto/UnionDisassemblerTest.xml (RunModel)" time="0.011" />
  <testcase classname="ptolemy.util.test.junit.AutoTests" name="[393] /home/travis/build/icyphy/ptII/ptolemy/actor/lib/test/auto/UtilityFunctions.xml (RunModel)" time="0.005" />
  <testcase classname="ptolemy.util.test.junit.AutoTests" name="[394] /home/travis/build/icyphy/ptII/ptolemy/actor/lib/test/auto/VariableSleep.xml (RunModel)" time="0.509" />
  <testcase classname="ptolemy.util.test.junit.AutoTests" name="[395] /home/travis/build/icyphy/ptII/ptolemy/actor/lib/test/auto/VectorAssemblerDisassemblerCT.xml (RunModel)" time="0.096" />
  <testcase classname="ptolemy.util.test.junit.AutoTests" name="[396] /home/travis/build/icyphy/ptII/ptolemy/actor/lib/test/auto/VectorAssemblerDisassemblerDE.xml (RunModel)" time="0.011" />
  <testcase classname="ptolemy.util.test.junit.AutoTests" name="[397] /home/travis/build/icyphy/ptII/ptolemy/actor/lib/test/auto/VectorAssemblerDisassemblerSDF.xml (RunModel)" time="0.009" />
  <testcase classname="ptolemy.util.test.junit.AutoTests" name="[398] /home/travis/build/icyphy/ptII/ptolemy/actor/lib/test/auto/WallClockTime.xml (RunModel)" time="1.01" />
  <testcase classname="ptolemy.util.test.junit.AutoTests" name="[399] /home/travis/build/icyphy/ptII/ptolemy/actor/lib/test/auto/WidthTestWithSubscriberPublisher.xml (RunModel)" time="0.036" />
  <testcase classname="ptolemy.util.test.junit.AutoTests" name="[400] /home/travis/build/icyphy/ptII/ptolemy/actor/lib/test/auto/WidthTestWithSubscriberPublisher2.xml (RunModel)" time="0.012" />
  <testcase classname="ptolemy.util.test.junit.AutoTests" name="[401] /home/travis/build/icyphy/ptII/ptolemy/actor/lib/test/auto/WidthTestWithSubscriberPublisher3.xml (RunModel)" time="0.014" />
  <testcase classname="ptolemy.util.test.junit.AutoTests" name="[402] /home/travis/build/icyphy/ptII/ptolemy/actor/lib/test/auto/Writer.xml (RunModel)" time="0.006" />
  <testcase classname="ptolemy.util.test.junit.AutoTests" name="[403] /home/travis/build/icyphy/ptII/ptolemy/actor/lib/test/auto/array.xml (RunModel)" time="0.007" />
  <testcase classname="ptolemy.util.test.junit.AutoTests" name="[404] /home/travis/build/icyphy/ptII/ptolemy/actor/lib/test/auto/array2.xml (RunModel)" time="0.013" />
  <testcase classname="ptolemy.util.test.junit.AutoTests" name="[405] /home/travis/build/icyphy/ptII/ptolemy/actor/lib/test/auto/arrayType.xml (RunModel)" time="0.009" />
  <testcase classname="ptolemy.util.test.junit.AutoTests" name="[406] /home/travis/build/icyphy/ptII/ptolemy/actor/lib/test/auto/arrayType10.xml (RunModel)" time="0.006" />
  <testcase classname="ptolemy.util.test.junit.AutoTests" name="[407] /home/travis/build/icyphy/ptII/ptolemy/actor/lib/test/auto/arrayType11.xml (RunModel)" time="0.006" />
  <testcase classname="ptolemy.util.test.junit.AutoTests" name="[408] /home/travis/build/icyphy/ptII/ptolemy/actor/lib/test/auto/arrayType12.xml (RunModel)" time="0.007" />
  <testcase classname="ptolemy.util.test.junit.AutoTests" name="[409] /home/travis/build/icyphy/ptII/ptolemy/actor/lib/test/auto/arrayType13.xml (RunModel)" time="0.007" />
  <testcase classname="ptolemy.util.test.junit.AutoTests" name="[410] /home/travis/build/icyphy/ptII/ptolemy/actor/lib/test/auto/arrayType14.xml (RunModel)" time="0.007" />
  <testcase classname="ptolemy.util.test.junit.AutoTests" name="[411] /home/travis/build/icyphy/ptII/ptolemy/actor/lib/test/auto/arrayType15.xml (RunModel)" time="0.007" />
  <testcase classname="ptolemy.util.test.junit.AutoTests" name="[412] /home/travis/build/icyphy/ptII/ptolemy/actor/lib/test/auto/arrayType16.xml (RunModel)" time="0.006" />
  <testcase classname="ptolemy.util.test.junit.AutoTests" name="[413] /home/travis/build/icyphy/ptII/ptolemy/actor/lib/test/auto/arrayType17.xml (RunModel)" time="0.006" />
  <testcase classname="ptolemy.util.test.junit.AutoTests" name="[414] /home/travis/build/icyphy/ptII/ptolemy/actor/lib/test/auto/arrayType18.xml (RunModel)" time="0.005" />
  <testcase classname="ptolemy.util.test.junit.AutoTests" name="[415] /home/travis/build/icyphy/ptII/ptolemy/actor/lib/test/auto/arrayType19.xml (RunModel)" time="0.006" />
  <testcase classname="ptolemy.util.test.junit.AutoTests" name="[416] /home/travis/build/icyphy/ptII/ptolemy/actor/lib/test/auto/arrayType2.xml (RunModel)" time="0.005" />
  <testcase classname="ptolemy.util.test.junit.AutoTests" name="[417] /home/travis/build/icyphy/ptII/ptolemy/actor/lib/test/auto/arrayType20.xml (RunModel)" time="0.006" />
  <testcase classname="ptolemy.util.test.junit.AutoTests" name="[418] /home/travis/build/icyphy/ptII/ptolemy/actor/lib/test/auto/arrayType21.xml (RunModel)" time="0.006" />
  <testcase classname="ptolemy.util.test.junit.AutoTests" name="[419] /home/travis/build/icyphy/ptII/ptolemy/actor/lib/test/auto/arrayType22.xml (RunModel)" time="0.005" />
  <testcase classname="ptolemy.util.test.junit.AutoTests" name="[420] /home/travis/build/icyphy/ptII/ptolemy/actor/lib/test/auto/arrayType23.xml (RunModel)" time="0.006" />
  <testcase classname="ptolemy.util.test.junit.AutoTests" name="[421] /home/travis/build/icyphy/ptII/ptolemy/actor/lib/test/auto/arrayType24.xml (RunModel)" time="0.007" />
  <testcase classname="ptolemy.util.test.junit.AutoTests" name="[422] /home/travis/build/icyphy/ptII/ptolemy/actor/lib/test/auto/arrayType25.xml (RunModel)" time="0.006" />
  <testcase classname="ptolemy.util.test.junit.AutoTests" name="[423] /home/travis/build/icyphy/ptII/ptolemy/actor/lib/test/auto/arrayType26.xml (RunModel)" time="0.007" />
  <testcase classname="ptolemy.util.test.junit.AutoTests" name="[424] /home/travis/build/icyphy/ptII/ptolemy/actor/lib/test/auto/arrayType27.xml (RunModel)" time="0.006" />
  <testcase classname="ptolemy.util.test.junit.AutoTests" name="[425] /home/travis/build/icyphy/ptII/ptolemy/actor/lib/test/auto/arrayType28.xml (RunModel)" time="0.007" />
  <testcase classname="ptolemy.util.test.junit.AutoTests" name="[426] /home/travis/build/icyphy/ptII/ptolemy/actor/lib/test/auto/arrayType3.xml (RunModel)" time="0.009" />
  <testcase classname="ptolemy.util.test.junit.AutoTests" name="[427] /home/travis/build/icyphy/ptII/ptolemy/actor/lib/test/auto/arrayType4.xml (RunModel)" time="0.006" />
  <testcase classname="ptolemy.util.test.junit.AutoTests" name="[428] /home/travis/build/icyphy/ptII/ptolemy/actor/lib/test/auto/arrayType5.xml (RunModel)" time="0.005" />
  <testcase classname="ptolemy.util.test.junit.AutoTests" name="[429] /home/travis/build/icyphy/ptII/ptolemy/actor/lib/test/auto/arrayType6.xml (RunModel)" time="0.005" />
  <testcase classname="ptolemy.util.test.junit.AutoTests" name="[430] /home/travis/build/icyphy/ptII/ptolemy/actor/lib/test/auto/arrayType7.xml (RunModel)" time="0.006" />
  <testcase classname="ptolemy.util.test.junit.AutoTests" name="[431] /home/travis/build/icyphy/ptII/ptolemy/actor/lib/test/auto/arrayType8.xml (RunModel)" time="0.016" />
  <testcase classname="ptolemy.util.test.junit.AutoTests" name="[432] /home/travis/build/icyphy/ptII/ptolemy/actor/lib/test/auto/arrayType9.xml (RunModel)" time="0.008" />
  <testcase classname="ptolemy.util.test.junit.AutoTests" name="[433] /home/travis/build/icyphy/ptII/ptolemy/actor/lib/test/auto/cast.xml (RunModel)" time="0.007" />
  <testcase classname="ptolemy.util.test.junit.AutoTests" name="[434] /home/travis/build/icyphy/ptII/ptolemy/actor/lib/test/auto/compositeMultiPort.xml (RunModel)" time="0.016" />
  <testcase classname="ptolemy.util.test.junit.AutoTests" name="[435] /home/travis/build/icyphy/ptII/ptolemy/actor/lib/test/auto/expressionCastInference.xml (RunModel)" time="0.007" />
  <testcase classname="ptolemy.util.test.junit.AutoTests" name="[436] /home/travis/build/icyphy/ptII/ptolemy/actor/lib/test/auto/expressionCastInference2.xml (RunModel)" time="0.006" />
  <testcase classname="ptolemy.util.test.junit.AutoTests" name="[437] /home/travis/build/icyphy/ptII/ptolemy/actor/lib/test/auto/expressionInference.xml (RunModel)" time="0.005" />
  <testcase classname="ptolemy.util.test.junit.AutoTests" name="[438] /home/travis/build/icyphy/ptII/ptolemy/actor/lib/test/auto/expression_bug.xml (RunModel)" time="0.006" />
  <testcase classname="ptolemy.util.test.junit.AutoTests" name="[439] /home/travis/build/icyphy/ptII/ptolemy/actor/lib/test/auto/factorial.xml (RunModel)" time="0.046" />
  <testcase classname="ptolemy.util.test.junit.AutoTests" name="[440] /home/travis/build/icyphy/ptII/ptolemy/actor/lib/test/auto/filterTest1.xml (RunModel)" time="0.015" />
  <testcase classname="ptolemy.util.test.junit.AutoTests" name="[441] /home/travis/build/icyphy/ptII/ptolemy/actor/lib/test/auto/funcApplyInConst.xml (RunModel)" time="0.039" />
  <testcase classname="ptolemy.util.test.junit.AutoTests" name="[442] /home/travis/build/icyphy/ptII/ptolemy/actor/lib/test/auto/funcApplyInExpr.xml (RunModel)" time="0.032" />
  <testcase classname="ptolemy.util.test.junit.AutoTests" name="[443] /home/travis/build/icyphy/ptII/ptolemy/actor/lib/test/auto/function.xml (RunModel)" time="0.032" />
  <testcase classname="ptolemy.util.test.junit.AutoTests" name="[444] /home/travis/build/icyphy/ptII/ptolemy/actor/lib/test/auto/function2.xml (RunModel)" time="0.056" />
  <testcase classname="ptolemy.util.test.junit.AutoTests" name="[445] /home/travis/build/icyphy/ptII/ptolemy/actor/lib/test/auto/function3.xml (RunModel)" time="0.024" />
  <testcase classname="ptolemy.util.test.junit.AutoTests" name="[446] /home/travis/build/icyphy/ptII/ptolemy/actor/lib/test/auto/functionClosureTest1.xml (RunModel)" time="0.042" />
  <testcase classname="ptolemy.util.test.junit.AutoTests" name="[447] /home/travis/build/icyphy/ptII/ptolemy/actor/lib/test/auto/functionClosureTest2.xml (RunModel)" time="0.012" />
  <testcase classname="ptolemy.util.test.junit.AutoTests" name="[448] /home/travis/build/icyphy/ptII/ptolemy/actor/lib/test/auto/functionClosureTest3.xml (RunModel)" time="0.008" />
  <testcase classname="ptolemy.util.test.junit.AutoTests" name="[449] /home/travis/build/icyphy/ptII/ptolemy/actor/lib/test/auto/functionClosureTest4.xml (RunModel)" time="0.016" />
  <testcase classname="ptolemy.util.test.junit.AutoTests" name="[450] /home/travis/build/icyphy/ptII/ptolemy/actor/lib/test/auto/functionClosureTest5.xml (RunModel)" time="0.009" />
  <testcase classname="ptolemy.util.test.junit.AutoTests" name="[451] /home/travis/build/icyphy/ptII/ptolemy/actor/lib/test/auto/functionClosureTest6.xml (RunModel)" time="0.006" />
  <testcase classname="ptolemy.util.test.junit.AutoTests" name="[452] /home/travis/build/icyphy/ptII/ptolemy/actor/lib/test/auto/functionsOnArcs.xml (RunModel)" time="0.008" />
  <testcase classname="ptolemy.util.test.junit.AutoTests" name="[453] /home/travis/build/icyphy/ptII/ptolemy/actor/lib/test/auto/functionsOnArcsHOF.xml (RunModel)" time="0.01" />
  <testcase classname="ptolemy.util.test.junit.AutoTests" name="[454] /home/travis/build/icyphy/ptII/ptolemy/actor/lib/test/auto/logic.xml (RunModel)" time="0.016" />
  <testcase classname="ptolemy.util.test.junit.AutoTests" name="[455] /home/travis/build/icyphy/ptII/ptolemy/actor/lib/test/auto/matrixType.xml (RunModel)" time="0.007" />
  <testcase classname="ptolemy.util.test.junit.AutoTests" name="[456] /home/travis/build/icyphy/ptII/ptolemy/actor/lib/test/auto/matrixType10.xml (RunModel)" time="0.007" />
  <testcase classname="ptolemy.util.test.junit.AutoTests" name="[457] /home/travis/build/icyphy/ptII/ptolemy/actor/lib/test/auto/matrixType11.xml (RunModel)" time="0.006" />
  <testcase classname="ptolemy.util.test.junit.AutoTests" name="[458] /home/travis/build/icyphy/ptII/ptolemy/actor/lib/test/auto/matrixType12.xml (RunModel)" time="0.009" />
  <testcase classname="ptolemy.util.test.junit.AutoTests" name="[459] /home/travis/build/icyphy/ptII/ptolemy/actor/lib/test/auto/matrixType13.xml (RunModel)" time="0.007" />
  <testcase classname="ptolemy.util.test.junit.AutoTests" name="[460] /home/travis/build/icyphy/ptII/ptolemy/actor/lib/test/auto/matrixType14.xml (RunModel)" time="0.007" />
  <testcase classname="ptolemy.util.test.junit.AutoTests" name="[461] /home/travis/build/icyphy/ptII/ptolemy/actor/lib/test/auto/matrixType2.xml (RunModel)" time="0.007" />
  <testcase classname="ptolemy.util.test.junit.AutoTests" name="[462] /home/travis/build/icyphy/ptII/ptolemy/actor/lib/test/auto/matrixType3.xml (RunModel)" time="0.008" />
  <testcase classname="ptolemy.util.test.junit.AutoTests" name="[463] /home/travis/build/icyphy/ptII/ptolemy/actor/lib/test/auto/matrixType4.xml (RunModel)" time="0.006" />
  <testcase classname="ptolemy.util.test.junit.AutoTests" name="[464] /home/travis/build/icyphy/ptII/ptolemy/actor/lib/test/auto/matrixType5.xml (RunModel)" time="0.007" />
  <testcase classname="ptolemy.util.test.junit.AutoTests" name="[465] /home/travis/build/icyphy/ptII/ptolemy/actor/lib/test/auto/matrixType6.xml (RunModel)" time="0.007" />
  <testcase classname="ptolemy.util.test.junit.AutoTests" name="[466] /home/travis/build/icyphy/ptII/ptolemy/actor/lib/test/auto/matrixType7.xml (RunModel)" time="0.006" />
  <testcase classname="ptolemy.util.test.junit.AutoTests" name="[467] /home/travis/build/icyphy/ptII/ptolemy/actor/lib/test/auto/matrixType8.xml (RunModel)" time="0.006" />
  <testcase classname="ptolemy.util.test.junit.AutoTests" name="[468] /home/travis/build/icyphy/ptII/ptolemy/actor/lib/test/auto/matrixType9.xml (RunModel)" time="0.006" />
  <testcase classname="ptolemy.util.test.junit.AutoTests" name="[469] /home/travis/build/icyphy/ptII/ptolemy/actor/lib/test/auto/paraFunctest.xml (RunModel)" time="0.006" />
  <testcase classname="ptolemy.util.test.junit.AutoTests" name="[470] /home/travis/build/icyphy/ptII/ptolemy/actor/lib/test/auto/paraFunctest2.xml (RunModel)" time="0.007" />
  <testcase classname="ptolemy.util.test.junit.AutoTests" name="[471] /home/travis/build/icyphy/ptII/ptolemy/actor/lib/test/auto/parameterPassing.xml (RunModel)" time="0.01" />
  <testcase classname="ptolemy.util.test.junit.AutoTests" name="[472] /home/travis/build/icyphy/ptII/ptolemy/actor/lib/test/auto/record.xml (RunModel)" time="0.007" />
  <testcase classname="ptolemy.util.test.junit.AutoTests" name="[473] /home/travis/build/icyphy/ptII/ptolemy/actor/lib/test/auto/sizedarray1.xml (RunModel)" time="0.009" />
  <testcase classname="ptolemy.util.test.junit.AutoTests" name="[474] /home/travis/build/icyphy/ptII/ptolemy/actor/lib/test/auto/sizedarray2.xml (RunModel)" time="0.008" />
  <testcase classname="ptolemy.util.test.junit.AutoTests" name="[475] /home/travis/build/icyphy/ptII/ptolemy/actor/lib/test/auto/twoPublishers.xml (RunModel)" time="0.023" />
  <system-out><![CDATA[/home/travis/build/icyphy/ptII/ptolemy/actor/lib/test/AbsoluteValue.tcl
testDefs.tcl: setting time out to 9000 seconds at Mon Aug 23 21:16:46 UTC 2021
102 ms. Memory: 129024K Free: 93123K (72%)
9 ms. Memory: 129024K Free: 91075K (71%)
5 ms. Memory: 129024K Free: 90555K (70%)
4 ms. Memory: 129024K Free: 89523K (69%)
/home/travis/build/icyphy/ptII/ptolemy/actor/lib/test/AddSubtract.tcl
15 ms. Memory: 129024K Free: 87489K (68%)
5 ms. Memory: 129024K Free: 86979K (67%)
5 ms. Memory: 129024K Free: 85955K (67%)
8 ms. Memory: 129024K Free: 85435K (66%)
41 ms. Memory: 129024K Free: 82369K (64%)
9 ms. Memory: 129024K Free: 81345K (63%)
/home/travis/build/icyphy/ptII/ptolemy/actor/lib/test/Average.tcl
12 ms. Memory: 129024K Free: 79811K (62%)
10 ms. Memory: 129024K Free: 78787K (61%)
/home/travis/build/icyphy/ptII/ptolemy/actor/lib/test/Bernoulli.tcl
3 ms. Memory: 129024K Free: 77235K (60%)
2 ms. Memory: 129024K Free: 76739K (59%)
/home/travis/build/icyphy/ptII/ptolemy/actor/lib/test/Clock.tcl
preinitializing
resolving types
initializing
executing number 1
wrapping up
idle
28 ms. Memory: 129024K Free: 74177K (57%)
Completed execution with 5 iterations
preinitializing
resolving types
initializing
executing number 1
wrapping up
idle
3 ms. Memory: 129024K Free: 73123K (57%)
Completed execution with 5 iterations
preinitializing
resolving types
initializing
executing number 1
wrapping up
idle
10 ms. Memory: 129024K Free: 72643K (56%)
Completed execution with 5 iterations
/home/travis/build/icyphy/ptII/ptolemy/actor/lib/test/Commutator.tcl
14 ms. Memory: 129024K Free: 70595K (55%)
5 ms. Memory: 129024K Free: 69571K (54%)
10 ms. Memory: 129024K Free: 63907K (50%)
/home/travis/build/icyphy/ptII/ptolemy/actor/lib/test/Const.tcl
3 ms. Memory: 129024K Free: 62403K (48%)
1 ms. Memory: 129024K Free: 61875K (48%)
3 ms. Memory: 129024K Free: 61379K (48%)
4 ms. Memory: 129024K Free: 60851K (47%)
6 ms. Memory: 129024K Free: 60355K (47%)
13 ms. Memory: 129024K Free: 58817K (46%)
4 ms. Memory: 129024K Free: 57283K (44%)
7 ms. Memory: 129024K Free: 56739K (44%)
/home/travis/build/icyphy/ptII/ptolemy/actor/lib/test/CurrentTime.tcl
preinitializing
resolving types
initializing
executing number 1
wrapping up
idle
13 ms. Memory: 129024K Free: 54721K (42%)
Completed execution with 11 iterations
/home/travis/build/icyphy/ptII/ptolemy/actor/lib/test/DB.tcl
7 ms. Memory: 129024K Free: 53187K (41%)
3 ms. Memory: 129024K Free: 52673K (41%)
2 ms. Memory: 129024K Free: 52163K (40%)
/home/travis/build/icyphy/ptII/ptolemy/actor/lib/test/DiscreteRandomSource.tcl
preinitializing
resolving types
initializing
executing number 1
wrapping up
idle
4 ms. Memory: 129024K Free: 50619K (39%)
Completed execution with 4 iterations
preinitializing
resolving types
initializing
executing number 1
wrapping up
idle
2 ms. Memory: 129024K Free: 50115K (39%)
Completed execution with 4 iterations
preinitializing
resolving types
initializing
executing number 1
wrapping up
idle
7 ms. Memory: 129024K Free: 49587K (38%)
Completed execution with 4 iterations
preinitializing
resolving types
initializing
executing number 1
wrapping up
idle
2 ms. Memory: 129024K Free: 49091K (38%)
Completed execution with 4 iterations
preinitializing
resolving types
initializing
executing number 1
wrapping up
idle
10 ms. Memory: 129024K Free: 48547K (38%)
Completed execution with 4 iterations
/home/travis/build/icyphy/ptII/ptolemy/actor/lib/test/Distributor.tcl
32 ms. Memory: 129024K Free: 113637K (88%)
16 ms. Memory: 129024K Free: 112898K (88%)
StreamChangeRequest.changeExecuted(): <deleteEntity name="rec2"/> succeeded
StreamChangeRequest.changeExecuted(): <deleteRelation name="r2"/> succeeded
StreamChangeRequest.changeExecuted(): Record firings per iteration succeeded
8 ms. Memory: 129024K Free: 110365K (86%)
/home/travis/build/icyphy/ptII/ptolemy/actor/lib/test/Exit.tcl
Exit.tcl: this will print a message about Manager.exitAfterWrapup, which can be ignored.
7 ms. Memory: 129024K Free: 107455K (83%)
/home/travis/build/icyphy/ptII/ptolemy/actor/lib/test/Expression.tcl
11 ms. Memory: 129024K Free: 103815K (80%)
2 ms. Memory: 129024K Free: 103197K (80%)
2 ms. Memory: 129024K Free: 102373K (79%)
preinitializing
resolving types
initializing
executing number 1
wrapping up
idle
4 ms. Memory: 129024K Free: 101149K (78%)
Completed execution with 6 iterations
2 ms. Memory: 129024K Free: 100125K (78%)
2 ms. Memory: 129024K Free: 99301K (77%)
3 ms. Memory: 129024K Free: 98261K (76%)
3 ms. Memory: 129024K Free: 97053K (75%)
30 ms. Memory: 129024K Free: 113056K (88%)
/home/travis/build/icyphy/ptII/ptolemy/actor/lib/test/Gaussian.tcl
3 ms. Memory: 129024K Free: 111670K (87%)
sleeping 1 seconds: .................................................................................................................................................................................................................................................................................................................................................................................................................................................................................................................................................................................................................................................................................................................................................................................................................................................................................................................................................................................................................................................................................................................................................................................................................................................................................................................................................................................................................................................................................................................................................................................................................................................................................................................................................................................................................................................................................................................................................................................................................................................................................................................................................................................................................................................................................................................................................................................................................................................................................................................................................................................................................................................................................................................................................................................................................................................................................................................................................................................................................................................................................................................................................................................................................................................................................................................................................................................................................................................................................................................................................................................................................................................................................................................................................................................................................................................................................................................................................................................................................................................................................................................................................................................................................................................................................................................................................................................................................................................................................................................................................................................................................................................................................................................................................................................................................................................................................................................................................................................................................................................................................................................................................................................................................................................................................................................................................................................................................................................................................................................................................................................................................................................................................................................................................................................................................................................................................................................................................................................................................................................................................................................................................................................................................................................................................................................................................................................................................................................................................................................................................................................................................................................................................................................................................................................................................................................................................................................................................................................................................................................................................................................................................................................................................................................................................................................................................................................................................................................................................................................................................................................................................................................................................................................................................................................................................................................................................................................................................................................................................................................................................................................................................................................................................................................................................................................................................................................................................................................................................................................................................................................................................................................................................................................................................................................................................................................................................................................................................................................................................................................................................................................................................................................................................................................................................................................................................................................................................................................................................................................................................................................................................................................................................................................................................................................................................................................................................................................................................................................................................................................................................................................................................................................................................................................................................................................................................................................................................................................................................................................................................................................................................................................................................................................................................................................................................................................................................................................................................................................................................................................................................................................................................................................................................................................................................................................................................................................................................................................................................................................................................................................................................................................................................................................................................................................................................................................................................................................................................................................................................................................................................................................................................................................................................................................................................................................................................................................................................................................................................................................................................................................................................................................................................................................................................................................................................................................................................................................................................................................................................................................................................................................................................................................................................................................................................................................................................................................................................................................................................................................................................................................................................................................................................................................................................................................................................................................................................................................................................................................................................................................................................................................................2 ms. Memory: 129024K Free: 85689K (66%)
3 ms. Memory: 129024K Free: 84648K (66%)
2 ms. Memory: 129024K Free: 84169K (65%)
2 ms. Memory: 129024K Free: 83624K (65%)
11 ms. Memory: 129024K Free: 83145K (64%)
/home/travis/build/icyphy/ptII/ptolemy/actor/lib/test/IIR.tcl
/home/travis/build/icyphy/ptII/ptolemy/actor/lib/test/Interpolator.tcl
9 ms. Memory: 129024K Free: 79049K (61%)
1 ms. Memory: 129024K Free: 78504K (61%)
2 ms. Memory: 129024K Free: 78025K (60%)
1 ms. Memory: 129024K Free: 77505K (60%)
5 ms. Memory: 129024K Free: 76473K (59%)
3 ms. Memory: 129024K Free: 75977K (59%)
7 ms. Memory: 129024K Free: 74953K (58%)
2 ms. Memory: 129024K Free: 73929K (57%)
1 ms. Memory: 129024K Free: 72905K (57%)
1 ms. Memory: 129024K Free: 72391K (56%)
/home/travis/build/icyphy/ptII/ptolemy/actor/lib/test/MathFunction.tcl
6 ms. Memory: 129024K Free: 112564K (87%)
1 ms. Memory: 129024K Free: 111540K (86%)
1 ms. Memory: 129024K Free: 110516K (86%)
2 ms. Memory: 129024K Free: 109988K (85%)
2 ms. Memory: 129024K Free: 108468K (84%)
5 ms. Memory: 129024K Free: 106420K (82%)
/home/travis/build/icyphy/ptII/ptolemy/actor/lib/test/Maximum.tcl
3 ms. Memory: 129024K Free: 104882K (81%)
2 ms. Memory: 129024K Free: 103828K (80%)
1 ms. Memory: 129024K Free: 103346K (80%)
1 ms. Memory: 129024K Free: 102834K (80%)
/home/travis/build/icyphy/ptII/ptolemy/actor/lib/test/Minimum.tcl
3 ms. Memory: 129024K Free: 100786K (78%)
5 ms. Memory: 129024K Free: 100276K (78%)
1 ms. Memory: 129024K Free: 99732K (77%)
4 ms. Memory: 129024K Free: 99252K (77%)
/home/travis/build/icyphy/ptII/ptolemy/actor/lib/test/MultiplyDivide.tcl
8 ms. Memory: 129024K Free: 97204K (75%)
8 ms. Memory: 129024K Free: 96180K (75%)
2 ms. Memory: 129024K Free: 95636K (74%)
3 ms. Memory: 129024K Free: 95154K (74%)
3 ms. Memory: 129024K Free: 94132K (73%)
/home/travis/build/icyphy/ptII/ptolemy/actor/lib/test/OrderedMerge.tcl
Connections changed on port: inputA
Connections changed on port: inputB
Connections changed on port: output
Connections changed on port: output
Connections changed on port: output
Connections changed on port: input
.top. Preinitializing ...
Invoking preinitialize():  .top.OrderedMerge
Called preinitialize()
Invoking preinitialize():  .top.Ramp
Called preinitialize()
Invoking preinitialize():  .top.Ramp2
Called preinitialize()
Invoking preinitialize():  .top.Test
Called preinitialize()
Connections changed on port: inputA
Connections changed on port: output
Connections changed on port: output
Connections changed on port: input
Connections changed on port: inputB
Connections changed on port: output
.top. Finished preinitialize().
Called initialize().
Invoking initialize():  .top.OrderedMerge
Initializing actor: .top.OrderedMerge
Adding a thread: .top.OrderedMerge
Invoking initialize():  .top.Ramp
Initializing actor: .top.Ramp
Adding a thread: .top.Ramp
Invoking initialize():  .top.Ramp2
Initializing actor: .top.Ramp2
Adding a thread: .top.Ramp2
Invoking initialize():  .top.Test
Initializing actor: .top.Test
Adding a thread: .top.Test
Called fire().
Checking for deadlock:
-- Starting thread.
Called initialize()
Called prefire()
Called fire()
-- Starting thread.
Called initialize()
-- Starting thread.
Called initialize()
There are 0 Blocked actors, 0 Stopped actors, and 4 active threads.
Waiting for actors to stop.
Checking for deadlock:
There are 1 Blocked actors, 0 Stopped actors, and 4 active threads.
Waiting for actors to stop.
Called prefire()
Called fire()
Called postfire()
Called prefire()
Called fire()
Checking for deadlock:
There are 2 Blocked actors, 0 Stopped actors, and 4 active threads.
Waiting for actors to stop.
-- Starting thread.
Called prefire()
Called initialize()
Called fire()
Called postfire()
Called prefire()
Called fire()
Checking for deadlock:
There are 3 Blocked actors, 0 Stopped actors, and 4 active threads.
Waiting for actors to stop.
Called prefire()
Called fire()
Read input token from inputA with value 0.0
Checking for deadlock:
There are 2 Blocked actors, 0 Stopped actors, and 4 active threads.
Waiting for actors to stop.
Next port to read input from is inputB
Called postfire()
Called prefire()
Called fire()
Read input token from inputB with value 0.0
Called postfire()
Called prefire()
Called fire()
Called postfire()
Called prefire()
Called fire()
Sent output token with value 0.0
Next port to read input from is inputA
Called postfire()
Called prefire()
Called fire()
Read input token from inputA with value 1.0
Checking for deadlock:
There are 2 Blocked actors, 0 Stopped actors, and 4 active threads.
Waiting for actors to stop.
Called postfire()
Called prefire()
Called fire()
-- Read input: 0.0, which is expected to match: 0.0
Called prefire()
Called fire()
Checking for deadlock:
There are 3 Blocked actors, 0 Stopped actors, and 4 active threads.
Waiting for actors to stop.
Sent output token with value 0.0
-- Read input: 0.0, which is expected to match: 0.0
Called prefire()
Next port to read input from is inputB
Called postfire()
Called fire()
Checking for deadlock:
There are 2 Blocked actors, 0 Stopped actors, and 4 active threads.
Waiting for actors to stop.
Called prefire()
Called fire()
Read input token from inputB with value 1.5
Sent output token with value 1.0
Next port to read input from is inputA
Called postfire()
Called prefire()
Called fire()
Read input token from inputA with value 2.0
Called postfire()
Called postfire()
Called prefire()
Called prefire()
Called fire()
Called fire()
Checking for deadlock:
There are 3 Blocked actors, 0 Stopped actors, and 4 active threads.
Waiting for actors to stop.
Checking for deadlock:
There are 2 Blocked actors, 0 Stopped actors, and 4 active threads.
Waiting for actors to stop.
-- Read input: 1.0, which is expected to match: 1.0
Called prefire()
Called fire()
Checking for deadlock:
There are 3 Blocked actors, 0 Stopped actors, and 4 active threads.
Waiting for actors to stop.
Checking for deadlock:
There are 2 Blocked actors, 0 Stopped actors, and 4 active threads.
Waiting for actors to stop.
-- Read input: 1.5, which is expected to match: 1.5
Sent output token with value 1.5
Called prefire()
Called fire()
Next port to read input from is inputB
Called postfire()
Called prefire()
Called fire()
Checking for deadlock:
There are 3 Blocked actors, 0 Stopped actors, and 4 active threads.
Waiting for actors to stop.
Called postfire()
Called prefire()
Called fire()
Read input token from inputB with value 3.0
Checking for deadlock:
There are 2 Blocked actors, 0 Stopped actors, and 4 active threads.
Waiting for actors to stop.
Checking for deadlock:
There are 2 Blocked actors, 0 Stopped actors, and 4 active threads.
Waiting for actors to stop.
Sent output token with value 2.0
-- Read input: 2.0, which is expected to match: 2.0
Next port to read input from is inputA
Called postfire()
Called prefire()
Called fire()
Called postfire()
Called prefire()
Called fire()
Checking for deadlock:
There are 2 Blocked actors, 0 Stopped actors, and 4 active threads.
Waiting for actors to stop.
Read input token from inputA with value 3.0
Sent output token with value 3.0
Next port to read input from is inputB
Called postfire()
Called prefire()
Called fire()
Called postfire()
Called prefire()
Called fire()
Checking for deadlock:
There are 2 Blocked actors, 0 Stopped actors, and 4 active threads.
Waiting for actors to stop.
Read input token from inputB with value 4.5
Checking for deadlock:
There are 3 Blocked actors, 0 Stopped actors, and 4 active threads.
Waiting for actors to stop.
Called prefire()
Called fire()
-- Read input: 3.0, which is expected to match: 3.0
Called prefire()
Called fire()
Checking for deadlock:
There are 3 Blocked actors, 0 Stopped actors, and 4 active threads.
Waiting for actors to stop.
Sent output token with value 3.0
Next port to read input from is inputA
Called postfire()
Called prefire()
Called fire()
Read input token from inputA with value 4.0
Checking for deadlock:
There are 1 Blocked actors, 0 Stopped actors, and 4 active threads.
Waiting for actors to stop.
-- Read input: 3.0, which is expected to match: 3.0
Called prefire()
Called postfire()
Called fire()
Called prefire()
Called fire()
Checking for deadlock:
There are 2 Blocked actors, 0 Stopped actors, and 4 active threads.
Waiting for actors to stop.
-- Read input: 4.0, which is expected to match: 4.0
Called prefire()
Called fire()
Past the end of training data. Read and discard all inputs.
Checking for deadlock:
There are 3 Blocked actors, 0 Stopped actors, and 4 active threads.
Waiting for actors to stop.
Sent output token with value 4.0
Next port to read input from is inputA
Called postfire()
Called prefire()
Called fire()
Read input token from inputA with value 5.0
Sent output token with value 4.5
Next port to read input from is inputB
Called postfire()
Called prefire()
Called fire()
Read input token from inputB with value 6.0
Called prefire()
Called fire()
Past the end of training data. Read and discard all inputs.
Called postfire()
Called prefire()
Called fire()
Called postfire()
Called prefire()
Called fire()
Checking for deadlock:
There are 3 Blocked actors, 0 Stopped actors, and 4 active threads.
Waiting for actors to stop.
Called prefire()
Checking for deadlock:
Called fire()
There are 2 Blocked actors, 0 Stopped actors, and 4 active threads.
Past the end of training data. Read and discard all inputs.
Waiting for actors to stop.
Checking for deadlock:
There are 3 Blocked actors, 0 Stopped actors, and 4 active threads.
Waiting for actors to stop.
Sent output token with value 5.0
Next port to read input from is inputA
Called postfire()
Called prefire()
Called fire()
Read input token from inputA with value 6.0
Sent output token with value 6.0
Next port to read input from is inputB
Called postfire()
Called prefire()
Called fire()
Read input token from inputB with value 7.5
Checking for deadlock:
Called postfire()
Called prefire()
Called fire()
Called prefire()
Past the end of training data. Read and discard all inputs.
Called fire()
There are 0 Blocked actors, 0 Stopped actors, and 4 active threads.
Waiting for actors to stop.
Called postfire()
Called prefire()
Called fire()
Checking for deadlock:
There are 3 Blocked actors, 0 Stopped actors, and 4 active threads.
Waiting for actors to stop.
Checking for deadlock:
There are 2 Blocked actors, 0 Stopped actors, and 4 active threads.
Called prefire()
Called fire()
Waiting for actors to stop.
Past the end of training data. Read and discard all inputs.
Checking for deadlock:
There are 3 Blocked actors, 0 Stopped actors, and 4 active threads.
Waiting for actors to stop.
Sent output token with value 6.0
Next port to read input from is inputA
Called postfire()
Called prefire()
Called fire()
Called postfire()
Called prefire()
Called fire()
Checking for deadlock:
There are 3 Blocked actors, 0 Stopped actors, and 4 active threads.
Waiting for actors to stop.
Read input token from inputA with value 7.0
Sent output token with value 7.0
Next port to read input from is inputA
Called postfire()
Called prefire()
Called fire()
Read input token from inputA with value 8.0
Checking for deadlock:
Called prefire()
There are 1 Blocked actors, 0 Stopped actors, and 4 active threads.
Called fire()
Waiting for actors to stop.
Past the end of training data. Read and discard all inputs.
-- Thread wrapup() called.
Called wrapup()
Thread .top.Ramp is exiting.
-- Thread stopped.
Checking for deadlock:
There are 2 Blocked actors, 0 Stopped actors, and 3 active threads.
Waiting for actors to stop.
Called prefire()
Called fire()
Checking for deadlock:
Past the end of training data. Read and discard all inputs.
There are 1 Blocked actors, 0 Stopped actors, and 3 active threads.
Waiting for actors to stop.
Checking for deadlock:
There are 2 Blocked actors, 0 Stopped actors, and 3 active threads.
Waiting for actors to stop.
Sent output token with value 7.5
Next port to read input from is inputB
Called postfire()
Called prefire()
Called fire()
Read input token from inputB with value 9.0
Checking for deadlock:
There are 1 Blocked actors, 0 Stopped actors, and 3 active threads.
Waiting for actors to stop.
Called postfire()
Called prefire()
Called fire()
Checking for deadlock:
There are 2 Blocked actors, 0 Stopped actors, and 3 active threads.
Waiting for actors to stop.
Checking for deadlock:
Called prefire()
Called fire()
There are 1 Blocked actors, 0 Stopped actors, and 3 active threads.
Past the end of training data. Read and discard all inputs.
Waiting for actors to stop.
Checking for deadlock:
There are 2 Blocked actors, 0 Stopped actors, and 3 active threads.
Waiting for actors to stop.
Sent output token with value 8.0
Next port to read input from is inputA
Called postfire()
Called prefire()
Called fire()
Read input token from inputA with value 9.0
Checking for deadlock:
There are 1 Blocked actors, 0 Stopped actors, and 3 active threads.
Waiting for actors to stop.
Called prefire()
Called fire()
Past the end of training data. Read and discard all inputs.
Checking for deadlock:
There are 2 Blocked actors, 0 Stopped actors, and 3 active threads.
Waiting for actors to stop.
Sent output token with value 9.0
Next port to read input from is inputB
Called postfire()
Called prefire()
Called fire()
Called postfire()
Called prefire()
Called fire()
Checking for deadlock:
There are 2 Blocked actors, 0 Stopped actors, and 3 active threads.
Waiting for actors to stop.
Read input token from inputB with value 10.5
Checking for deadlock:
Called prefire()
Called fire()
There are 1 Blocked actors, 0 Stopped actors, and 3 active threads.
Waiting for actors to stop.
Past the end of training data. Read and discard all inputs.
Checking for deadlock:
There are 2 Blocked actors, 0 Stopped actors, and 3 active threads.
Waiting for actors to stop.
Sent output token with value 9.0
Next port to read input from is inputA
Called postfire()
Called prefire()
Called fire()
Checking for deadlock:
There are 3 Blocked actors, 0 Stopped actors, and 3 active threads.
Actors have stopped.
Checking for deadlock:
There are 3 Blocked actors, 0 Stopped actors, and 3 active threads.
Deadlock detected.
Resolving Deadlock
Checking for deadlock:
There are 3 Blocked actors, 0 Stopped actors, and 3 active threads.
Artificial Deadlock - increasing queue capacity.
increasing the capacity of receiver ptolemy.actor.TypedIOPort {.top.OrderedMerge.inputB} to 2
-- Thread wrapup() called.
Called wrapup()
Thread .top.Ramp2 is exiting.
-- Thread stopped.
Director: Called postfire().
Called postfire().
_stopRequested = false
_stopFireRequested = false
Returning from postfire(): true
Called fire().
Checking for deadlock:
There are 2 Blocked actors, 0 Stopped actors, and 2 active threads.
Actors have stopped.
Checking for deadlock:
There are 2 Blocked actors, 0 Stopped actors, and 2 active threads.
Deadlock detected.
Resolving Deadlock
Checking for deadlock:
There are 2 Blocked actors, 0 Stopped actors, and 2 active threads.
Deadlock detected: no processes blocked on write, but some are blocked on read.
Called postfire().
_stopRequested = false
_stopFireRequested = false
Returning from postfire(): false
Finished deactivating branches.
Called wrapup().
-- Thread wrapup() called.
Called wrapup()
Thread .top.Test is exiting.
-- Thread stopped.
-- Blocked Receiver call threw TerminateProcessException.
-- Thread wrapup() called.
Called wrapup()
Thread .top.OrderedMerge is exiting.
-- Thread stopped.
-- Blocked Receiver call threw TerminateProcessException.
60 ms. Memory: 129024K Free: 88498K (69%)
.top. Preinitializing ...
Invoking preinitialize():  .top.OrderedMerge
Called preinitialize()
Invoking preinitialize():  .top.Ramp
Called preinitialize()
Invoking preinitialize():  .top.Ramp2
Called preinitialize()
Invoking preinitialize():  .top.Test
Called preinitialize()
.top. Finished preinitialize().
Called initialize().
Invoking initialize():  .top.OrderedMerge
Initializing actor: .top.OrderedMerge
Adding a thread: .top.OrderedMerge
Invoking initialize():  .top.Ramp
Initializing actor: .top.Ramp
Adding a thread: .top.Ramp
Invoking initialize():  .top.Ramp2
Initializing actor: .top.Ramp2
Adding a thread: .top.Ramp2
Invoking initialize():  .top.Test
Initializing actor: .top.Test
Adding a thread: .top.Test
-- Starting thread.
Called initialize()
Called prefire()
Called fire()
Called postfire()
Called prefire()
Called fire()
-- Starting thread.
Called initialize()
Called prefire()
Called fire()
Called postfire()
Called prefire()
Called fire()
Called fire().
Checking for deadlock:
There are 2 Blocked actors, 0 Stopped actors, and 4 active threads.
Waiting for actors to stop.
-- Starting thread.
Called initialize()
Called prefire()
Called fire()
Checking for deadlock:
There are 3 Blocked actors, 0 Stopped actors, and 4 active threads.
Waiting for actors to stop.
-- Starting thread.
Called initialize()
Called prefire()
Called fire()
Checking for deadlock:
There are 2 Blocked actors, 0 Stopped actors, and 4 active threads.
Waiting for actors to stop.
Called postfire()
Called prefire()
Called fire()
Checking for deadlock:
There are 3 Blocked actors, 0 Stopped actors, and 4 active threads.
Waiting for actors to stop.
Read input token from inputA with value 0.0
Next port to read input from is inputB
Called postfire()
Called prefire()
Called fire()
Called postfire()
Called prefire()
Called fire()
Checking for deadlock:
There are 3 Blocked actors, 0 Stopped actors, and 4 active threads.
Waiting for actors to stop.
Read input token from inputB with value 0.0
-- Read input: 0.0, which is expected to match: 0.0
Called prefire()
Called fire()
Checking for deadlock:
There are 3 Blocked actors, 0 Stopped actors, and 4 active threads.
Waiting for actors to stop.
Sent output token with value 0.0
Next port to read input from is inputA
Called postfire()
Called prefire()
Called fire()
Checking for deadlock:
There are 2 Blocked actors, 0 Stopped actors, and 4 active threads.
Waiting for actors to stop.
Called postfire()
Called prefire()
Called fire()
Checking for deadlock:
There are 3 Blocked actors, 0 Stopped actors, and 4 active threads.
Waiting for actors to stop.
Read input token from inputA with value 1.0
Checking for deadlock:
There are 2 Blocked actors, 0 Stopped actors, and 4 active threads.
Waiting for actors to stop.
-- Read input: 0.0, which is expected to match: 0.0
Called prefire()
Called fire()
Checking for deadlock:
There are 3 Blocked actors, 0 Stopped actors, and 4 active threads.
Waiting for actors to stop.
Sent output token with value 0.0
Next port to read input from is inputB
Called postfire()
Called prefire()
Called fire()
Checking for deadlock:
There are 2 Blocked actors, 0 Stopped actors, and 4 active threads.
Waiting for actors to stop.
Called postfire()
Called prefire()
Called fire()
Checking for deadlock:
There are 3 Blocked actors, 0 Stopped actors, and 4 active threads.
Waiting for actors to stop.
Read input token from inputB with value 1.5
Checking for deadlock:
There are 2 Blocked actors, 0 Stopped actors, and 4 active threads.
Waiting for actors to stop.
-- Read input: 1.0, which is expected to match: 1.0
Called prefire()
Called fire()
Checking for deadlock:
There are 3 Blocked actors, 0 Stopped actors, and 4 active threads.
Waiting for actors to stop.
Sent output token with value 1.0
Next port to read input from is inputA
Called postfire()
Called prefire()
Called fire()
Checking for deadlock:
There are 2 Blocked actors, 0 Stopped actors, and 4 active threads.
Waiting for actors to stop.
Called postfire()
Called prefire()
Called fire()
Checking for deadlock:
There are 3 Blocked actors, 0 Stopped actors, and 4 active threads.
Waiting for actors to stop.
Read input token from inputA with value 2.0
Checking for deadlock:
There are 2 Blocked actors, 0 Stopped actors, and 4 active threads.
Waiting for actors to stop.
-- Read input: 1.5, which is expected to match: 1.5
Called prefire()
Called fire()
Checking for deadlock:
There are 3 Blocked actors, 0 Stopped actors, and 4 active threads.
Waiting for actors to stop.
Sent output token with value 1.5
Next port to read input from is inputB
Called postfire()
Called prefire()
Called fire()
Called postfire()
Called prefire()
Called fire()
Checking for deadlock:
There are 3 Blocked actors, 0 Stopped actors, and 4 active threads.
Waiting for actors to stop.
Read input token from inputB with value 3.0
-- Read input: 2.0, which is expected to match: 2.0
Called prefire()
Called fire()
Checking for deadlock:
There are 3 Blocked actors, 0 Stopped actors, and 4 active threads.
Waiting for actors to stop.
Sent output token with value 2.0
Next port to read input from is inputA
Called postfire()
Called prefire()
Called fire()
Checking for deadlock:
There are 2 Blocked actors, 0 Stopped actors, and 4 active threads.
Waiting for actors to stop.
Called postfire()
Called prefire()
Called fire()
Checking for deadlock:
There are 3 Blocked actors, 0 Stopped actors, and 4 active threads.
Waiting for actors to stop.
Read input token from inputA with value 3.0
Checking for deadlock:
There are 2 Blocked actors, 0 Stopped actors, and 4 active threads.
Waiting for actors to stop.
-- Read input: 3.0, which is expected to match: 3.0
Called prefire()
Called fire()
Checking for deadlock:
There are 3 Blocked actors, 0 Stopped actors, and 4 active threads.
Waiting for actors to stop.
Sent output token with value 3.0
Next port to read input from is inputB
Called postfire()
Called prefire()
Called fire()
Checking for deadlock:
There are 2 Blocked actors, 0 Stopped actors, and 4 active threads.
Waiting for actors to stop.
Called postfire()
Called prefire()
Called fire()
Checking for deadlock:
There are 3 Blocked actors, 0 Stopped actors, and 4 active threads.
Waiting for actors to stop.
Read input token from inputB with value 4.5
Checking for deadlock:
There are 2 Blocked actors, 0 Stopped actors, and 4 active threads.
Waiting for actors to stop.
-- Read input: 3.0, which is expected to match: 3.0
Called prefire()
Called fire()
Checking for deadlock:
There are 3 Blocked actors, 0 Stopped actors, and 4 active threads.
Waiting for actors to stop.
Sent output token with value 3.0
Next port to read input from is inputA
Called postfire()
Called prefire()
Called fire()
Checking for deadlock:
There are 2 Blocked actors, 0 Stopped actors, and 4 active threads.
Waiting for actors to stop.
Called postfire()
Called prefire()
Called fire()
Checking for deadlock:
There are 3 Blocked actors, 0 Stopped actors, and 4 active threads.
Waiting for actors to stop.
Read input token from inputA with value 4.0
Checking for deadlock:
There are 2 Blocked actors, 0 Stopped actors, and 4 active threads.
Waiting for actors to stop.
-- Read input: 4.0, which is expected to match: 4.0
Called prefire()
Called fire()
Past the end of training data. Read and discard all inputs.
Checking for deadlock:
There are 3 Blocked actors, 0 Stopped actors, and 4 active threads.
Waiting for actors to stop.
Sent output token with value 4.0
Next port to read input from is inputA
Called postfire()
Called prefire()
Called fire()
Checking for deadlock:
There are 2 Blocked actors, 0 Stopped actors, and 4 active threads.
Waiting for actors to stop.
Called postfire()
Called prefire()
Called fire()
Checking for deadlock:
There are 3 Blocked actors, 0 Stopped actors, and 4 active threads.
Waiting for actors to stop.
Read input token from inputA with value 5.0
Checking for deadlock:
There are 2 Blocked actors, 0 Stopped actors, and 4 active threads.
Waiting for actors to stop.
Called prefire()
Called fire()
Past the end of training data. Read and discard all inputs.
Checking for deadlock:
There are 3 Blocked actors, 0 Stopped actors, and 4 active threads.
Waiting for actors to stop.
Sent output token with value 4.5
Next port to read input from is inputB
Called postfire()
Called prefire()
Called fire()
Checking for deadlock:
There are 2 Blocked actors, 0 Stopped actors, and 4 active threads.
Waiting for actors to stop.
Called postfire()
Called prefire()
Called fire()
Checking for deadlock:
There are 3 Blocked actors, 0 Stopped actors, and 4 active threads.
Waiting for actors to stop.
Read input token from inputB with value 6.0
Checking for deadlock:
There are 2 Blocked actors, 0 Stopped actors, and 4 active threads.
Waiting for actors to stop.
Called prefire()
Called fire()
Past the end of training data. Read and discard all inputs.
Checking for deadlock:
There are 3 Blocked actors, 0 Stopped actors, and 4 active threads.
Waiting for actors to stop.
Sent output token with value 5.0
Next port to read input from is inputA
Called postfire()
Called prefire()
Called fire()
Called postfire()
Called prefire()
Called fire()
Checking for deadlock:
There are 3 Blocked actors, 0 Stopped actors, and 4 active threads.
Waiting for actors to stop.
Read input token from inputA with value 6.0
Called prefire()
Called fire()
Past the end of training data. Read and discard all inputs.
Checking for deadlock:
There are 3 Blocked actors, 0 Stopped actors, and 4 active threads.
Waiting for actors to stop.
Sent output token with value 6.0
Next port to read input from is inputB
Called postfire()
Called prefire()
Called fire()
Checking for deadlock:
There are 2 Blocked actors, 0 Stopped actors, and 4 active threads.
Waiting for actors to stop.
Called postfire()
Called prefire()
Called fire()
Checking for deadlock:
There are 3 Blocked actors, 0 Stopped actors, and 4 active threads.
Waiting for actors to stop.
Read input token from inputB with value 7.5
Checking for deadlock:
There are 2 Blocked actors, 0 Stopped actors, and 4 active threads.
Waiting for actors to stop.
Called prefire()
Called fire()
Past the end of training data. Read and discard all inputs.
Checking for deadlock:
There are 3 Blocked actors, 0 Stopped actors, and 4 active threads.
Waiting for actors to stop.
Sent output token with value 6.0
Next port to read input from is inputA
Called postfire()
Called prefire()
Called fire()
Called postfire()
Called prefire()
Called fire()
Checking for deadlock:
There are 3 Blocked actors, 0 Stopped actors, and 4 active threads.
Waiting for actors to stop.
Read input token from inputA with value 7.0
Called prefire()
Called fire()
Past the end of training data. Read and discard all inputs.
Checking for deadlock:
There are 3 Blocked actors, 0 Stopped actors, and 4 active threads.
Waiting for actors to stop.
Sent output token with value 7.0
Next port to read input from is inputA
Called postfire()
Called prefire()
Called fire()
-- Thread wrapup() called.
Called wrapup()
Thread .top.Ramp is exiting.
-- Thread stopped.
Checking for deadlock:
There are 2 Blocked actors, 0 Stopped actors, and 3 active threads.
Waiting for actors to stop.
Read input token from inputA with value 8.0
Checking for deadlock:
There are 1 Blocked actors, 0 Stopped actors, and 3 active threads.
Waiting for actors to stop.
Called prefire()
Called fire()
Past the end of training data. Read and discard all inputs.
Checking for deadlock:
There are 2 Blocked actors, 0 Stopped actors, and 3 active threads.
Waiting for actors to stop.
Sent output token with value 7.5
Next port to read input from is inputB
Called postfire()
Called prefire()
Called fire()
Checking for deadlock:
There are 1 Blocked actors, 0 Stopped actors, and 3 active threads.
Waiting for actors to stop.
Called postfire()
Called prefire()
Called fire()
Checking for deadlock:
There are 2 Blocked actors, 0 Stopped actors, and 3 active threads.
Waiting for actors to stop.
Read input token from inputB with value 9.0
Checking for deadlock:
There are 1 Blocked actors, 0 Stopped actors, and 3 active threads.
Waiting for actors to stop.
Called prefire()
Called fire()
Past the end of training data. Read and discard all inputs.
Checking for deadlock:
There are 2 Blocked actors, 0 Stopped actors, and 3 active threads.
Waiting for actors to stop.
Sent output token with value 8.0
Next port to read input from is inputA
Called postfire()
Called prefire()
Called fire()
Read input token from inputA with value 9.0
Called prefire()
Called fire()
Past the end of training data. Read and discard all inputs.
Checking for deadlock:
There are 2 Blocked actors, 0 Stopped actors, and 3 active threads.
Waiting for actors to stop.
Sent output token with value 9.0
Next port to read input from is inputB
Called postfire()
Called prefire()
Called fire()
Called postfire()
Called prefire()
Called fire()
Checking for deadlock:
There are 2 Blocked actors, 0 Stopped actors, and 3 active threads.
Waiting for actors to stop.
Read input token from inputB with value 10.5
Called prefire()
Called fire()
Past the end of training data. Read and discard all inputs.
Checking for deadlock:
There are 2 Blocked actors, 0 Stopped actors, and 3 active threads.
Waiting for actors to stop.
Sent output token with value 9.0
Next port to read input from is inputA
Called postfire()
Called prefire()
Called fire()
Checking for deadlock:
There are 3 Blocked actors, 0 Stopped actors, and 3 active threads.
Actors have stopped.
Checking for deadlock:
There are 3 Blocked actors, 0 Stopped actors, and 3 active threads.
Deadlock detected.
Resolving Deadlock
Checking for deadlock:
There are 3 Blocked actors, 0 Stopped actors, and 3 active threads.
Artificial Deadlock - increasing queue capacity.
increasing the capacity of receiver ptolemy.actor.TypedIOPort {.top.OrderedMerge.inputB} to 2
Director: Called postfire().
Called postfire().
_stopRequested = false
_stopFireRequested = false
Returning from postfire(): true
Called fire().
Checking for deadlock:
There are 2 Blocked actors, 0 Stopped actors, and 3 active threads.
Waiting for actors to stop.
-- Thread wrapup() called.
Called wrapup()
Thread .top.Ramp2 is exiting.
-- Thread stopped.
Checking for deadlock:
There are 2 Blocked actors, 0 Stopped actors, and 2 active threads.
Actors have stopped.
Checking for deadlock:
There are 2 Blocked actors, 0 Stopped actors, and 2 active threads.
Deadlock detected.
Resolving Deadlock
Checking for deadlock:
There are 2 Blocked actors, 0 Stopped actors, and 2 active threads.
Deadlock detected: no processes blocked on write, but some are blocked on read.
Called postfire().
_stopRequested = false
_stopFireRequested = false
Returning from postfire(): false
Finished deactivating branches.
Called wrapup().
-- Thread wrapup() called.
Called wrapup()
-- Thread wrapup() called.
Called wrapup()
Thread .top.Test is exiting.
-- Thread stopped.
-- Blocked Receiver call threw TerminateProcessException.
Thread .top.OrderedMerge is exiting.
-- Thread stopped.
-- Blocked Receiver call threw TerminateProcessException.
34 ms. Memory: 129024K Free: 86450K (67%)
/home/travis/build/icyphy/ptII/ptolemy/actor/lib/test/Publisher.tcl
18 ms. Memory: 129024K Free: 80306K (62%)
5 ms. Memory: 129024K Free: 74676K (58%)
5 ms. Memory: 129024K Free: 70992K (55%)
17 ms. Memory: 129024K Free: 70066K (54%)
3 ms. Memory: 129024K Free: 69556K (54%)
9 ms. Memory: 129024K Free: 68532K (53%)
1 ms. Memory: 129024K Free: 67508K (52%)
3 ms. Memory: 129024K Free: 66980K (52%)
16 ms. Memory: 129024K Free: 102929K (80%)
6 ms. Memory: 129024K Free: 98833K (77%)
2 ms. Memory: 129024K Free: 98323K (76%)
3 ms. Memory: 129024K Free: 96275K (75%)
5 ms. Memory: 129024K Free: 88593K (69%)
5 ms. Memory: 129024K Free: 78867K (61%)
13 ms. Memory: 129024K Free: 67603K (52%)
/home/travis/build/icyphy/ptII/ptolemy/actor/lib/test/Pulse.tcl
5 ms. Memory: 159744K Free: 121676K (76%)
8 ms. Memory: 159744K Free: 121166K (76%)
7 ms. Memory: 159744K Free: 120652K (76%)
2 ms. Memory: 159744K Free: 120142K (75%)
2 ms. Memory: 159744K Free: 119628K (75%)
10 ms. Memory: 159744K Free: 118094K (74%)
5 ms. Memory: 159744K Free: 117566K (74%)
5 ms. Memory: 159744K Free: 116542K (73%)
2 ms. Memory: 159744K Free: 116046K (73%)
/home/travis/build/icyphy/ptII/ptolemy/actor/lib/test/Ramp.tcl
5 ms. Memory: 159744K Free: 113998K (71%)
3 ms. Memory: 159744K Free: 113470K (71%)
5 ms. Memory: 159744K Free: 112446K (70%)
2 ms. Memory: 159744K Free: 111406K (70%)
4 ms. Memory: 159744K Free: 110926K (69%)
8 ms. Memory: 159744K Free: 109902K (69%)
5 ms. Memory: 159744K Free: 108878K (68%)
5 actors
5000 microseconds per iteration to create
9 ms. Memory: 159744K Free: 106316K (67%)
2 ms. Memory: 159744K Free: 105806K (66%)
3 ms. Memory: 159744K Free: 105262K (66%)
2 ms. Memory: 159744K Free: 104782K (66%)
50 actors
46000 microseconds per iteration to create
37 ms. Memory: 159744K Free: 88902K (56%)
4 ms. Memory: 159744K Free: 87884K (55%)
13 ms. Memory: 159744K Free: 86860K (54%)
5 ms. Memory: 159744K Free: 85836K (54%)
500 actors
1345000 microseconds per iteration to create
200 ms. Memory: 159744K Free: 69647K (44%)
28 ms. Memory: 159744K Free: 64527K (40%)
26 ms. Memory: 159744K Free: 58893K (37%)
48 ms. Memory: 159744K Free: 132039K (83%)
/home/travis/build/icyphy/ptII/ptolemy/actor/lib/test/RampContinuous.tcl
6 ms. Memory: 159744K Free: 130503K (82%)
/home/travis/build/icyphy/ptII/ptolemy/actor/lib/test/RecordAssembler.tcl
4 ms. Memory: 159744K Free: 128953K (81%)
2 ms. Memory: 159744K Free: 127913K (80%)
/home/travis/build/icyphy/ptII/ptolemy/actor/lib/test/RecordDisassembler.tcl
11 ms. Memory: 159744K Free: 126409K (79%)
2 ms. Memory: 159744K Free: 125895K (79%)
3 ms. Memory: 159744K Free: 124361K (78%)
/home/travis/build/icyphy/ptII/ptolemy/actor/lib/test/Scale.tcl
4 ms. Memory: 159744K Free: 122809K (77%)
1 ms. Memory: 159744K Free: 121785K (76%)
1 ms. Memory: 159744K Free: 121289K (76%)
2 ms. Memory: 159744K Free: 120265K (75%)
2 ms. Memory: 159744K Free: 119241K (75%)
/home/travis/build/icyphy/ptII/ptolemy/actor/lib/test/SequentialClock.tcl
preinitializing
resolving types
initializing
executing number 1
wrapping up
idle
2 ms. Memory: 159744K Free: 118217K (74%)
Completed execution with 5 iterations
preinitializing
resolving types
initializing
executing number 1
wrapping up
idle
1 ms. Memory: 159744K Free: 117689K (74%)
Completed execution with 5 iterations
preinitializing
resolving types
initializing
executing number 1
wrapping up
idle
1 ms. Memory: 159744K Free: 117193K (73%)
Completed execution with 5 iterations
/home/travis/build/icyphy/ptII/ptolemy/actor/lib/test/SetVariable.tcl
3 ms. Memory: 159744K Free: 115145K (72%)
/home/travis/build/icyphy/ptII/ptolemy/actor/lib/test/Sinewave.tcl
/home/travis/build/icyphy/ptII/ptolemy/actor/lib/test/SubscriptionAggregator.tcl
3 ms. Memory: 159744K Free: 103881K (65%)
2 ms. Memory: 159744K Free: 103361K (65%)
1 ms. Memory: 159744K Free: 102857K (64%)
0 ms. Memory: 159744K Free: 102329K (64%)
1 ms. Memory: 159744K Free: 98761K (62%)
7 ms. Memory: 159744K Free: 96713K (61%)
...............................................................985 ms. Memory: 266240K Free: 175650K (66%)
/home/travis/build/icyphy/ptII/ptolemy/actor/lib/test/Test.tcl
 The next command will produce a warning about training mode,
   which may be ignored.
7 ms. Memory: 266240K Free: 173604K (65%)
8 ms. Memory: 266240K Free: 173059K (65%)
10 ms. Memory: 266240K Free: 172051K (65%)
2 ms. Memory: 266240K Free: 171556K (64%)
6 ms. Memory: 266240K Free: 171035K (64%)
4 ms. Memory: 266240K Free: 170003K (64%)
4 ms. Memory: 266240K Free: 168484K (63%)
 The next command will produce a warning about training mode,
   which may be ignored.
4 ms. Memory: 266240K Free: 166436K (63%)
 The next command will produce a warning about training mode,
   which may be ignored.
3 ms. Memory: 266240K Free: 164891K (62%)
1 ms. Memory: 266240K Free: 164388K (62%)
1 ms. Memory: 266240K Free: 163859K (62%)
1 ms. Memory: 266240K Free: 163364K (61%)
6 ms. Memory: 266240K Free: 162340K (61%)
3 ms. Memory: 266240K Free: 158739K (60%)
/home/travis/build/icyphy/ptII/ptolemy/actor/lib/test/TestExceptionHandler.tcl
 The next command will produce a warning about training mode,
   which may be ignored.
3 ms. Memory: 266240K Free: 157723K (59%)
1 ms. Memory: 266240K Free: 157203K (59%)
1 ms. Memory: 266240K Free: 156659K (59%)
/home/travis/build/icyphy/ptII/ptolemy/actor/lib/test/UnionDisassembler.tcl
24 ms. Memory: 266240K Free: 149028K (56%)
/home/travis/build/icyphy/ptII/ptolemy/actor/lib/test/VariableClock.tcl
preinitializing
resolving types
initializing
executing number 1
wrapping up
idle
8 ms. Memory: 266240K Free: 147476K (55%)
Completed execution with 11 iterations
preinitializing
resolving types
initializing
executing number 1
wrapping up
idle
7 ms. Memory: 266240K Free: 145956K (55%)
Completed execution with 10 iterations
08/23/21 09:16:53
Failed: 0  Total Tests: 233  ((Passed: 233, Newly Passed: 0)  Known Failed: 0) /home/travis/build/icyphy/ptII/ptolemy/actor/lib/test
----------------- testing (KnownFailure) /home/travis/build/icyphy/ptII/ptolemy/actor/lib/test/auto/knownFailedTests/PublisherPortToplevelSubscriber.xml
1 ms. Memory: 266240K Free: 142370K (53%)
Known Failure: java.lang.reflect.InvocationTargetException
----------------- testing (KnownFailure) /home/travis/build/icyphy/ptII/ptolemy/actor/lib/test/auto/knownFailedTests/PublisherSubscriberPortToplevel.xml
0 ms. Memory: 266240K Free: 138274K (52%)
Known Failure: java.lang.reflect.InvocationTargetException
----------------- testing (KnownFailure) /home/travis/build/icyphy/ptII/ptolemy/actor/lib/test/auto/knownFailedTests/PublisherSubscriptionAggregatorPort.xml
1 ms. Memory: 266240K Free: 134178K (50%)
Known Failure: java.lang.reflect.InvocationTargetException
----------------- testing (KnownFailure) /home/travis/build/icyphy/ptII/ptolemy/actor/lib/test/auto/knownFailedTests/sizedarray3.xml
3 ms. Memory: 266240K Free: 130082K (49%)
Known Failure: java.lang.reflect.InvocationTargetException
No auto/linux-amd64/*.xml tests in /home/travis/build/icyphy/ptII/ptolemy/actor/lib/test
AutoTests.java: About to close Vertx.
AutoTests.java: Vertx closed.

===========================================================================================
----------------- testing Mon Aug 23 21:16:53 UTC 2021 /home/travis/build/icyphy/ptII/ptolemy/actor/lib/test/auto/AbsoluteValue.xml
----------------- Instantiating /home/travis/build/icyphy/ptII/ptolemy/actor/lib/test/auto/AbsoluteValue.xml
3 ms. Memory: 266240K Free: 107044K (40%)
----------------- Invoking toplevel() on ptolemy.moml.MoMLSimpleApplication@4e723213
----------------- Done invoking toplevel() on ptolemy.moml.MoMLSimpleApplication@4e723213
reloadAllAccessors: .AbsoluteValue

===========================================================================================
----------------- testing Mon Aug 23 21:16:54 UTC 2021 /home/travis/build/icyphy/ptII/ptolemy/actor/lib/test/auto/AbsoluteValue2.xml
----------------- Instantiating /home/travis/build/icyphy/ptII/ptolemy/actor/lib/test/auto/AbsoluteValue2.xml
4 ms. Memory: 266240K Free: 100386K (38%)
----------------- Invoking toplevel() on ptolemy.moml.MoMLSimpleApplication@73ba16fa
----------------- Done invoking toplevel() on ptolemy.moml.MoMLSimpleApplication@73ba16fa
reloadAllAccessors: .AbsoluteValue2

===========================================================================================
----------------- testing Mon Aug 23 21:16:54 UTC 2021 /home/travis/build/icyphy/ptII/ptolemy/actor/lib/test/auto/Accumulator.xml
----------------- Instantiating /home/travis/build/icyphy/ptII/ptolemy/actor/lib/test/auto/Accumulator.xml
65 ms. Memory: 266240K Free: 217783K (82%)
----------------- Invoking toplevel() on ptolemy.moml.MoMLSimpleApplication@4e9fe214
----------------- Done invoking toplevel() on ptolemy.moml.MoMLSimpleApplication@4e9fe214
reloadAllAccessors: .Accumulator

===========================================================================================
----------------- testing Mon Aug 23 21:16:54 UTC 2021 /home/travis/build/icyphy/ptII/ptolemy/actor/lib/test/auto/Accumulator2.xml
----------------- Instantiating /home/travis/build/icyphy/ptII/ptolemy/actor/lib/test/auto/Accumulator2.xml
3 ms. Memory: 266240K Free: 211639K (79%)
----------------- Invoking toplevel() on ptolemy.moml.MoMLSimpleApplication@d303465
----------------- Done invoking toplevel() on ptolemy.moml.MoMLSimpleApplication@d303465
reloadAllAccessors: .Accumulator2

===========================================================================================
----------------- testing Mon Aug 23 21:16:54 UTC 2021 /home/travis/build/icyphy/ptII/ptolemy/actor/lib/test/auto/Accumulator3.xml
----------------- Instantiating /home/travis/build/icyphy/ptII/ptolemy/actor/lib/test/auto/Accumulator3.xml
6 ms. Memory: 266240K Free: 207543K (78%)
----------------- Invoking toplevel() on ptolemy.moml.MoMLSimpleApplication@7a4daa36
----------------- Done invoking toplevel() on ptolemy.moml.MoMLSimpleApplication@7a4daa36
reloadAllAccessors: .Accumulator3

===========================================================================================
----------------- testing Mon Aug 23 21:16:54 UTC 2021 /home/travis/build/icyphy/ptII/ptolemy/actor/lib/test/auto/ArrayAppend.xml
----------------- Instantiating /home/travis/build/icyphy/ptII/ptolemy/actor/lib/test/auto/ArrayAppend.xml
6 ms. Memory: 266240K Free: 201895K (76%)
----------------- Invoking toplevel() on ptolemy.moml.MoMLSimpleApplication@408f77c3
----------------- Done invoking toplevel() on ptolemy.moml.MoMLSimpleApplication@408f77c3
reloadAllAccessors: .ArrayAppend

===========================================================================================
----------------- testing Mon Aug 23 21:16:54 UTC 2021 /home/travis/build/icyphy/ptII/ptolemy/actor/lib/test/auto/ArrayAppend2.xml
----------------- Instantiating /home/travis/build/icyphy/ptII/ptolemy/actor/lib/test/auto/ArrayAppend2.xml
283 ms. Memory: 266240K Free: 118965K (45%)
----------------- Invoking toplevel() on ptolemy.moml.MoMLSimpleApplication@78e65224
----------------- Done invoking toplevel() on ptolemy.moml.MoMLSimpleApplication@78e65224
reloadAllAccessors: .ArrayAppend2

===========================================================================================
----------------- testing Mon Aug 23 21:16:54 UTC 2021 /home/travis/build/icyphy/ptII/ptolemy/actor/lib/test/auto/ArrayAppend3.xml
----------------- Instantiating /home/travis/build/icyphy/ptII/ptolemy/actor/lib/test/auto/ArrayAppend3.xml
11 ms. Memory: 266240K Free: 114359K (43%)
----------------- Invoking toplevel() on ptolemy.moml.MoMLSimpleApplication@542bb8c
----------------- Done invoking toplevel() on ptolemy.moml.MoMLSimpleApplication@542bb8c
reloadAllAccessors: .ArrayAppend3

===========================================================================================
----------------- testing Mon Aug 23 21:16:54 UTC 2021 /home/travis/build/icyphy/ptII/ptolemy/actor/lib/test/auto/ArrayAppend4.xml
----------------- Instantiating /home/travis/build/icyphy/ptII/ptolemy/actor/lib/test/auto/ArrayAppend4.xml
2 ms. Memory: 266240K Free: 108725K (41%)
----------------- Invoking toplevel() on ptolemy.moml.MoMLSimpleApplication@3779e0cc
----------------- Done invoking toplevel() on ptolemy.moml.MoMLSimpleApplication@3779e0cc
reloadAllAccessors: .ArrayAppend4

===========================================================================================
----------------- testing Mon Aug 23 21:16:54 UTC 2021 /home/travis/build/icyphy/ptII/ptolemy/actor/lib/test/auto/ArrayAppend5.xml
----------------- Instantiating /home/travis/build/icyphy/ptII/ptolemy/actor/lib/test/auto/ArrayAppend5.xml
2 ms. Memory: 266240K Free: 103605K (39%)
----------------- Invoking toplevel() on ptolemy.moml.MoMLSimpleApplication@2d98d5e5
----------------- Done invoking toplevel() on ptolemy.moml.MoMLSimpleApplication@2d98d5e5
reloadAllAccessors: .ArrayAppend5

===========================================================================================
----------------- testing Mon Aug 23 21:16:54 UTC 2021 /home/travis/build/icyphy/ptII/ptolemy/actor/lib/test/auto/ArrayAppend6.xml
----------------- Instantiating /home/travis/build/icyphy/ptII/ptolemy/actor/lib/test/auto/ArrayAppend6.xml
2 ms. Memory: 266240K Free: 97975K (37%)
----------------- Invoking toplevel() on ptolemy.moml.MoMLSimpleApplication@7bdb1c54
----------------- Done invoking toplevel() on ptolemy.moml.MoMLSimpleApplication@7bdb1c54
reloadAllAccessors: .ArrayAppend6

===========================================================================================
----------------- testing Mon Aug 23 21:16:54 UTC 2021 /home/travis/build/icyphy/ptII/ptolemy/actor/lib/test/auto/ArrayAppendPerformanceTest.xml
----------------- Instantiating /home/travis/build/icyphy/ptII/ptolemy/actor/lib/test/auto/ArrayAppendPerformanceTest.xml
27 ms. Memory: 266240K Free: 87221K (33%)
----------------- Invoking toplevel() on ptolemy.moml.MoMLSimpleApplication@7e4a083c
----------------- Done invoking toplevel() on ptolemy.moml.MoMLSimpleApplication@7e4a083c
reloadAllAccessors: .ArrayAppendPerformanceTest

===========================================================================================
----------------- testing Mon Aug 23 21:16:54 UTC 2021 /home/travis/build/icyphy/ptII/ptolemy/actor/lib/test/auto/ArrayAppendWithEmptyInput.xml
----------------- Instantiating /home/travis/build/icyphy/ptII/ptolemy/actor/lib/test/auto/ArrayAppendWithEmptyInput.xml
17 ms. Memory: 266240K Free: 215034K (81%)
----------------- Invoking toplevel() on ptolemy.moml.MoMLSimpleApplication@55e562f1
----------------- Done invoking toplevel() on ptolemy.moml.MoMLSimpleApplication@55e562f1
reloadAllAccessors: .ArrayAppendWithEmptyInput

===========================================================================================
----------------- testing Mon Aug 23 21:16:54 UTC 2021 /home/travis/build/icyphy/ptII/ptolemy/actor/lib/test/auto/ArrayAverage.xml
----------------- Instantiating /home/travis/build/icyphy/ptII/ptolemy/actor/lib/test/auto/ArrayAverage.xml
10 ms. Memory: 266240K Free: 206846K (78%)
----------------- Invoking toplevel() on ptolemy.moml.MoMLSimpleApplication@6e204d6
----------------- Done invoking toplevel() on ptolemy.moml.MoMLSimpleApplication@6e204d6
reloadAllAccessors: .ArrayAverage

===========================================================================================
----------------- testing Mon Aug 23 21:16:55 UTC 2021 /home/travis/build/icyphy/ptII/ptolemy/actor/lib/test/auto/ArrayContains.xml
----------------- Instantiating /home/travis/build/icyphy/ptII/ptolemy/actor/lib/test/auto/ArrayContains.xml
9 ms. Memory: 266240K Free: 201216K (76%)
----------------- Invoking toplevel() on ptolemy.moml.MoMLSimpleApplication@4d4f6472
----------------- Done invoking toplevel() on ptolemy.moml.MoMLSimpleApplication@4d4f6472
reloadAllAccessors: .ArrayContains

===========================================================================================
----------------- testing Mon Aug 23 21:16:55 UTC 2021 /home/travis/build/icyphy/ptII/ptolemy/actor/lib/test/auto/ArrayElement.xml
----------------- Instantiating /home/travis/build/icyphy/ptII/ptolemy/actor/lib/test/auto/ArrayElement.xml
3 ms. Memory: 266240K Free: 195072K (73%)
----------------- Invoking toplevel() on ptolemy.moml.MoMLSimpleApplication@5ed46c21
----------------- Done invoking toplevel() on ptolemy.moml.MoMLSimpleApplication@5ed46c21
reloadAllAccessors: .ArrayElement

===========================================================================================
----------------- testing Mon Aug 23 21:16:55 UTC 2021 /home/travis/build/icyphy/ptII/ptolemy/actor/lib/test/auto/ArrayElementAsMatrix.xml
----------------- Instantiating /home/travis/build/icyphy/ptII/ptolemy/actor/lib/test/auto/ArrayElementAsMatrix.xml
19 ms. Memory: 266240K Free: 185342K (70%)
----------------- Invoking toplevel() on ptolemy.moml.MoMLSimpleApplication@1cdcffea
----------------- Done invoking toplevel() on ptolemy.moml.MoMLSimpleApplication@1cdcffea
reloadAllAccessors: .ArrayElementAsMatrix

===========================================================================================
----------------- testing Mon Aug 23 21:16:55 UTC 2021 /home/travis/build/icyphy/ptII/ptolemy/actor/lib/test/auto/ArrayElementI.xml
----------------- Instantiating /home/travis/build/icyphy/ptII/ptolemy/actor/lib/test/auto/ArrayElementI.xml
3 ms. Memory: 266240K Free: 179712K (68%)
----------------- Invoking toplevel() on ptolemy.moml.MoMLSimpleApplication@1d9e086e
----------------- Done invoking toplevel() on ptolemy.moml.MoMLSimpleApplication@1d9e086e
reloadAllAccessors: .ArrayElementI

===========================================================================================
----------------- testing Mon Aug 23 21:16:55 UTC 2021 /home/travis/build/icyphy/ptII/ptolemy/actor/lib/test/auto/ArrayExtract.xml
----------------- Instantiating /home/travis/build/icyphy/ptII/ptolemy/actor/lib/test/auto/ArrayExtract.xml
11 ms. Memory: 266240K Free: 172030K (65%)
----------------- Invoking toplevel() on ptolemy.moml.MoMLSimpleApplication@35f3d283
----------------- Done invoking toplevel() on ptolemy.moml.MoMLSimpleApplication@35f3d283
reloadAllAccessors: .ArrayExtract

===========================================================================================
----------------- testing Mon Aug 23 21:16:55 UTC 2021 /home/travis/build/icyphy/ptII/ptolemy/actor/lib/test/auto/ArrayExtract2.xml
----------------- Instantiating /home/travis/build/icyphy/ptII/ptolemy/actor/lib/test/auto/ArrayExtract2.xml
1 ms. Memory: 266240K Free: 166400K (63%)
----------------- Invoking toplevel() on ptolemy.moml.MoMLSimpleApplication@78114b00
----------------- Done invoking toplevel() on ptolemy.moml.MoMLSimpleApplication@78114b00
reloadAllAccessors: .ArrayExtract2

===========================================================================================
----------------- testing Mon Aug 23 21:16:55 UTC 2021 /home/travis/build/icyphy/ptII/ptolemy/actor/lib/test/auto/ArrayLength.xml
----------------- Instantiating /home/travis/build/icyphy/ptII/ptolemy/actor/lib/test/auto/ArrayLength.xml
1 ms. Memory: 266240K Free: 162814K (61%)
----------------- Invoking toplevel() on ptolemy.moml.MoMLSimpleApplication@32d26c0f
----------------- Done invoking toplevel() on ptolemy.moml.MoMLSimpleApplication@32d26c0f
reloadAllAccessors: .ArrayLength

===========================================================================================
----------------- testing Mon Aug 23 21:16:55 UTC 2021 /home/travis/build/icyphy/ptII/ptolemy/actor/lib/test/auto/ArrayLevelCrossing.xml
----------------- Instantiating /home/travis/build/icyphy/ptII/ptolemy/actor/lib/test/auto/ArrayLevelCrossing.xml
4 ms. Memory: 266240K Free: 154622K (58%)
----------------- Invoking toplevel() on ptolemy.moml.MoMLSimpleApplication@2094c855
----------------- Done invoking toplevel() on ptolemy.moml.MoMLSimpleApplication@2094c855
reloadAllAccessors: .ArrayLevelCrossing

===========================================================================================
----------------- testing Mon Aug 23 21:16:55 UTC 2021 /home/travis/build/icyphy/ptII/ptolemy/actor/lib/test/auto/ArrayLevelCrossing2.xml
----------------- Instantiating /home/travis/build/icyphy/ptII/ptolemy/actor/lib/test/auto/ArrayLevelCrossing2.xml
3 ms. Memory: 266240K Free: 147423K (55%)
----------------- Invoking toplevel() on ptolemy.moml.MoMLSimpleApplication@1643daa0
----------------- Done invoking toplevel() on ptolemy.moml.MoMLSimpleApplication@1643daa0
reloadAllAccessors: .ArrayLevelCrossing2

===========================================================================================
----------------- testing Mon Aug 23 21:16:55 UTC 2021 /home/travis/build/icyphy/ptII/ptolemy/actor/lib/test/auto/ArrayPeakSearch.xml
----------------- Instantiating /home/travis/build/icyphy/ptII/ptolemy/actor/lib/test/auto/ArrayPeakSearch.xml
4 ms. Memory: 266240K Free: 138238K (52%)
----------------- Invoking toplevel() on ptolemy.moml.MoMLSimpleApplication@462c18c2
----------------- Done invoking toplevel() on ptolemy.moml.MoMLSimpleApplication@462c18c2
reloadAllAccessors: .ArrayPeakSearch

===========================================================================================
----------------- testing Mon Aug 23 21:16:55 UTC 2021 /home/travis/build/icyphy/ptII/ptolemy/actor/lib/test/auto/ArrayPeakSearch2.xml
----------------- Instantiating /home/travis/build/icyphy/ptII/ptolemy/actor/lib/test/auto/ArrayPeakSearch2.xml
4 ms. Memory: 266240K Free: 127983K (48%)
----------------- Invoking toplevel() on ptolemy.moml.MoMLSimpleApplication@3dcd0ab1
----------------- Done invoking toplevel() on ptolemy.moml.MoMLSimpleApplication@3dcd0ab1
reloadAllAccessors: .ArrayPeakSearch2

===========================================================================================
----------------- testing Mon Aug 23 21:16:55 UTC 2021 /home/travis/build/icyphy/ptII/ptolemy/actor/lib/test/auto/ArrayPeakSearch3.xml
----------------- Instantiating /home/travis/build/icyphy/ptII/ptolemy/actor/lib/test/auto/ArrayPeakSearch3.xml
3 ms. Memory: 266240K Free: 118782K (45%)
----------------- Invoking toplevel() on ptolemy.moml.MoMLSimpleApplication@64e62bba
----------------- Done invoking toplevel() on ptolemy.moml.MoMLSimpleApplication@64e62bba
reloadAllAccessors: .ArrayPeakSearch3

===========================================================================================
----------------- testing Mon Aug 23 21:16:55 UTC 2021 /home/travis/build/icyphy/ptII/ptolemy/actor/lib/test/auto/ArrayRemoveElement.xml
----------------- Instantiating /home/travis/build/icyphy/ptII/ptolemy/actor/lib/test/auto/ArrayRemoveElement.xml
3 ms. Memory: 266240K Free: 111104K (42%)
----------------- Invoking toplevel() on ptolemy.moml.MoMLSimpleApplication@6e5128d7
----------------- Done invoking toplevel() on ptolemy.moml.MoMLSimpleApplication@6e5128d7
reloadAllAccessors: .ArrayRemoveElement

===========================================================================================
----------------- testing Mon Aug 23 21:16:55 UTC 2021 /home/travis/build/icyphy/ptII/ptolemy/actor/lib/test/auto/ArraySort.xml
----------------- Instantiating /home/travis/build/icyphy/ptII/ptolemy/actor/lib/test/auto/ArraySort.xml
5 ms. Memory: 266240K Free: 101888K (38%)
----------------- Invoking toplevel() on ptolemy.moml.MoMLSimpleApplication@1ac4b038
----------------- Done invoking toplevel() on ptolemy.moml.MoMLSimpleApplication@1ac4b038
reloadAllAccessors: .ArraySort

===========================================================================================
----------------- testing Mon Aug 23 21:16:55 UTC 2021 /home/travis/build/icyphy/ptII/ptolemy/actor/lib/test/auto/ArraySum.xml
----------------- Instantiating /home/travis/build/icyphy/ptII/ptolemy/actor/lib/test/auto/ArraySum.xml
4 ms. Memory: 266240K Free: 96768K (36%)
----------------- Invoking toplevel() on ptolemy.moml.MoMLSimpleApplication@5d083294
----------------- Done invoking toplevel() on ptolemy.moml.MoMLSimpleApplication@5d083294
reloadAllAccessors: .ArraySum

===========================================================================================
----------------- testing Mon Aug 23 21:16:55 UTC 2021 /home/travis/build/icyphy/ptII/ptolemy/actor/lib/test/auto/ArrayToElements.xml
----------------- Instantiating /home/travis/build/icyphy/ptII/ptolemy/actor/lib/test/auto/ArrayToElements.xml
6 ms. Memory: 266240K Free: 91648K (34%)
----------------- Invoking toplevel() on ptolemy.moml.MoMLSimpleApplication@399b05a6
----------------- Done invoking toplevel() on ptolemy.moml.MoMLSimpleApplication@399b05a6
reloadAllAccessors: .ArrayToElements

===========================================================================================
----------------- testing Mon Aug 23 21:16:55 UTC 2021 /home/travis/build/icyphy/ptII/ptolemy/actor/lib/test/auto/ArrayToMatrix.xml
----------------- Instantiating /home/travis/build/icyphy/ptII/ptolemy/actor/lib/test/auto/ArrayToMatrix.xml
8 ms. Memory: 266240K Free: 77312K (29%)
----------------- Invoking toplevel() on ptolemy.moml.MoMLSimpleApplication@53f4e4c
----------------- Done invoking toplevel() on ptolemy.moml.MoMLSimpleApplication@53f4e4c
reloadAllAccessors: .ArrayToMatrix

===========================================================================================
----------------- testing Mon Aug 23 21:16:55 UTC 2021 /home/travis/build/icyphy/ptII/ptolemy/actor/lib/test/auto/ArrayUpdate1.xml
----------------- Instantiating /home/travis/build/icyphy/ptII/ptolemy/actor/lib/test/auto/ArrayUpdate1.xml
4 ms. Memory: 266240K Free: 72702K (27%)
----------------- Invoking toplevel() on ptolemy.moml.MoMLSimpleApplication@cbf844e
----------------- Done invoking toplevel() on ptolemy.moml.MoMLSimpleApplication@cbf844e
reloadAllAccessors: .ArrayUpdate1

===========================================================================================
----------------- testing Mon Aug 23 21:16:55 UTC 2021 /home/travis/build/icyphy/ptII/ptolemy/actor/lib/test/auto/ArrayUpdate2.xml
----------------- Instantiating /home/travis/build/icyphy/ptII/ptolemy/actor/lib/test/auto/ArrayUpdate2.xml
7 ms. Memory: 266240K Free: 215038K (81%)
----------------- Invoking toplevel() on ptolemy.moml.MoMLSimpleApplication@63b157fb
----------------- Done invoking toplevel() on ptolemy.moml.MoMLSimpleApplication@63b157fb
reloadAllAccessors: .ArrayUpdate2

===========================================================================================
----------------- testing Mon Aug 23 21:16:55 UTC 2021 /home/travis/build/icyphy/ptII/ptolemy/actor/lib/test/auto/ArrayUpdate3.xml
----------------- Instantiating /home/travis/build/icyphy/ptII/ptolemy/actor/lib/test/auto/ArrayUpdate3.xml
2 ms. Memory: 266240K Free: 209918K (79%)
----------------- Invoking toplevel() on ptolemy.moml.MoMLSimpleApplication@36de788e
----------------- Done invoking toplevel() on ptolemy.moml.MoMLSimpleApplication@36de788e
reloadAllAccessors: .ArrayUpdate3

===========================================================================================
----------------- testing Mon Aug 23 21:16:55 UTC 2021 /home/travis/build/icyphy/ptII/ptolemy/actor/lib/test/auto/Assert1.xml
----------------- Instantiating /home/travis/build/icyphy/ptII/ptolemy/actor/lib/test/auto/Assert1.xml
3 ms. Memory: 266240K Free: 205822K (77%)
----------------- Invoking toplevel() on ptolemy.moml.MoMLSimpleApplication@336311f2
----------------- Done invoking toplevel() on ptolemy.moml.MoMLSimpleApplication@336311f2
reloadAllAccessors: .Assert1

===========================================================================================
----------------- testing Mon Aug 23 21:16:55 UTC 2021 /home/travis/build/icyphy/ptII/ptolemy/actor/lib/test/auto/Assert2.xml
----------------- Instantiating /home/travis/build/icyphy/ptII/ptolemy/actor/lib/test/auto/Assert2.xml
1 ms. Memory: 266240K Free: 200702K (75%)
----------------- Invoking toplevel() on ptolemy.moml.MoMLSimpleApplication@2e40770c
----------------- Done invoking toplevel() on ptolemy.moml.MoMLSimpleApplication@2e40770c
reloadAllAccessors: .Assert2

===========================================================================================
----------------- testing Mon Aug 23 21:16:55 UTC 2021 /home/travis/build/icyphy/ptII/ptolemy/actor/lib/test/auto/BooleanMultiplexor.xml
----------------- Instantiating /home/travis/build/icyphy/ptII/ptolemy/actor/lib/test/auto/BooleanMultiplexor.xml
2 ms. Memory: 266240K Free: 195072K (73%)
----------------- Invoking toplevel() on ptolemy.moml.MoMLSimpleApplication@678dcaa1
----------------- Done invoking toplevel() on ptolemy.moml.MoMLSimpleApplication@678dcaa1
reloadAllAccessors: .BooleanMultiplexor

===========================================================================================
----------------- testing Mon Aug 23 21:16:55 UTC 2021 /home/travis/build/icyphy/ptII/ptolemy/actor/lib/test/auto/BooleanMultiplexor2.xml
----------------- Instantiating /home/travis/build/icyphy/ptII/ptolemy/actor/lib/test/auto/BooleanMultiplexor2.xml
13 ms. Memory: 266240K Free: 188928K (71%)
----------------- Invoking toplevel() on ptolemy.moml.MoMLSimpleApplication@ac3fd76
----------------- Done invoking toplevel() on ptolemy.moml.MoMLSimpleApplication@ac3fd76
reloadAllAccessors: .BooleanMultiplexor2

===========================================================================================
----------------- testing Mon Aug 23 21:16:55 UTC 2021 /home/travis/build/icyphy/ptII/ptolemy/actor/lib/test/auto/BooleanMultiplexor3.xml
----------------- Instantiating /home/travis/build/icyphy/ptII/ptolemy/actor/lib/test/auto/BooleanMultiplexor3.xml
7 ms. Memory: 266240K Free: 184832K (69%)
----------------- Invoking toplevel() on ptolemy.moml.MoMLSimpleApplication@bac52cf
----------------- Done invoking toplevel() on ptolemy.moml.MoMLSimpleApplication@bac52cf
reloadAllAccessors: .BooleanMultiplexor3

===========================================================================================
----------------- testing Mon Aug 23 21:16:55 UTC 2021 /home/travis/build/icyphy/ptII/ptolemy/actor/lib/test/auto/BooleanSelect.xml
----------------- Instantiating /home/travis/build/icyphy/ptII/ptolemy/actor/lib/test/auto/BooleanSelect.xml
8 ms. Memory: 266240K Free: 179167K (67%)
----------------- Invoking toplevel() on ptolemy.moml.MoMLSimpleApplication@1339aed4
----------------- Done invoking toplevel() on ptolemy.moml.MoMLSimpleApplication@1339aed4
reloadAllAccessors: .BooleanSelect

===========================================================================================
----------------- testing Mon Aug 23 21:16:55 UTC 2021 /home/travis/build/icyphy/ptII/ptolemy/actor/lib/test/auto/BooleanSelect2.xml
----------------- Instantiating /home/travis/build/icyphy/ptII/ptolemy/actor/lib/test/auto/BooleanSelect2.xml
1 ms. Memory: 266240K Free: 174592K (66%)
----------------- Invoking toplevel() on ptolemy.moml.MoMLSimpleApplication@1278e923
----------------- Done invoking toplevel() on ptolemy.moml.MoMLSimpleApplication@1278e923
reloadAllAccessors: .BooleanSelect2

===========================================================================================
----------------- testing Mon Aug 23 21:16:55 UTC 2021 /home/travis/build/icyphy/ptII/ptolemy/actor/lib/test/auto/BooleanSwitch.xml
----------------- Instantiating /home/travis/build/icyphy/ptII/ptolemy/actor/lib/test/auto/BooleanSwitch.xml
5 ms. Memory: 266240K Free: 168958K (63%)
----------------- Invoking toplevel() on ptolemy.moml.MoMLSimpleApplication@73d5b511
----------------- Done invoking toplevel() on ptolemy.moml.MoMLSimpleApplication@73d5b511
reloadAllAccessors: .BooleanSwitch

===========================================================================================
----------------- testing Mon Aug 23 21:16:55 UTC 2021 /home/travis/build/icyphy/ptII/ptolemy/actor/lib/test/auto/BooleanSwitch2.xml
----------------- Instantiating /home/travis/build/icyphy/ptII/ptolemy/actor/lib/test/auto/BooleanSwitch2.xml
2 ms. Memory: 266240K Free: 164352K (62%)
----------------- Invoking toplevel() on ptolemy.moml.MoMLSimpleApplication@e93d2c6
----------------- Done invoking toplevel() on ptolemy.moml.MoMLSimpleApplication@e93d2c6
reloadAllAccessors: .BooleanSwitch2

===========================================================================================
----------------- testing Mon Aug 23 21:16:55 UTC 2021 /home/travis/build/icyphy/ptII/ptolemy/actor/lib/test/auto/BooleanSwitchCloningBugWithClassRelationGroup.xml
----------------- Instantiating /home/travis/build/icyphy/ptII/ptolemy/actor/lib/test/auto/BooleanSwitchCloningBugWithClassRelationGroup.xml
3 ms. Memory: 266240K Free: 158208K (59%)
----------------- Invoking toplevel() on ptolemy.moml.MoMLSimpleApplication@23cc5605
----------------- Done invoking toplevel() on ptolemy.moml.MoMLSimpleApplication@23cc5605
reloadAllAccessors: .BooleanSwitchCloningBugWithClassRelationGroup

===========================================================================================
----------------- testing Mon Aug 23 21:16:55 UTC 2021 /home/travis/build/icyphy/ptII/ptolemy/actor/lib/test/auto/BusActors.xml
----------------- Instantiating /home/travis/build/icyphy/ptII/ptolemy/actor/lib/test/auto/BusActors.xml
6 ms. Memory: 266240K Free: 150526K (57%)
----------------- Invoking toplevel() on ptolemy.moml.MoMLSimpleApplication@1426909b
----------------- Done invoking toplevel() on ptolemy.moml.MoMLSimpleApplication@1426909b
reloadAllAccessors: .BusActors

===========================================================================================
----------------- testing Mon Aug 23 21:16:55 UTC 2021 /home/travis/build/icyphy/ptII/ptolemy/actor/lib/test/auto/ClassWrapper.xml
----------------- Instantiating /home/travis/build/icyphy/ptII/ptolemy/actor/lib/test/auto/ClassWrapper.xml
3 ms. Memory: 266240K Free: 146430K (55%)
----------------- Invoking toplevel() on ptolemy.moml.MoMLSimpleApplication@13f8bb69
----------------- Done invoking toplevel() on ptolemy.moml.MoMLSimpleApplication@13f8bb69
reloadAllAccessors: .ClassWrapper

===========================================================================================
----------------- testing Mon Aug 23 21:16:55 UTC 2021 /home/travis/build/icyphy/ptII/ptolemy/actor/lib/test/auto/Clock.xml
----------------- Instantiating /home/travis/build/icyphy/ptII/ptolemy/actor/lib/test/auto/Clock.xml
1 ms. Memory: 266240K Free: 142334K (53%)
----------------- Invoking toplevel() on ptolemy.moml.MoMLSimpleApplication@364f064d
----------------- Done invoking toplevel() on ptolemy.moml.MoMLSimpleApplication@364f064d
reloadAllAccessors: .Clock

===========================================================================================
----------------- testing Mon Aug 23 21:16:55 UTC 2021 /home/travis/build/icyphy/ptII/ptolemy/actor/lib/test/auto/Clock10.xml
----------------- Instantiating /home/travis/build/icyphy/ptII/ptolemy/actor/lib/test/auto/Clock10.xml
2 ms. Memory: 266240K Free: 136704K (51%)
----------------- Invoking toplevel() on ptolemy.moml.MoMLSimpleApplication@17fd6e36
----------------- Done invoking toplevel() on ptolemy.moml.MoMLSimpleApplication@17fd6e36
reloadAllAccessors: .Clock10

===========================================================================================
----------------- testing Mon Aug 23 21:16:56 UTC 2021 /home/travis/build/icyphy/ptII/ptolemy/actor/lib/test/auto/Clock11.xml
----------------- Instantiating /home/travis/build/icyphy/ptII/ptolemy/actor/lib/test/auto/Clock11.xml
2 ms. Memory: 266240K Free: 130560K (49%)
----------------- Invoking toplevel() on ptolemy.moml.MoMLSimpleApplication@7512f9ec
----------------- Done invoking toplevel() on ptolemy.moml.MoMLSimpleApplication@7512f9ec
reloadAllAccessors: .Clock11

===========================================================================================
----------------- testing Mon Aug 23 21:16:56 UTC 2021 /home/travis/build/icyphy/ptII/ptolemy/actor/lib/test/auto/Clock12.xml
----------------- Instantiating /home/travis/build/icyphy/ptII/ptolemy/actor/lib/test/auto/Clock12.xml
3 ms. Memory: 266240K Free: 124926K (47%)
----------------- Invoking toplevel() on ptolemy.moml.MoMLSimpleApplication@2adc3a56
----------------- Done invoking toplevel() on ptolemy.moml.MoMLSimpleApplication@2adc3a56
reloadAllAccessors: .Clock12

===========================================================================================
----------------- testing Mon Aug 23 21:16:56 UTC 2021 /home/travis/build/icyphy/ptII/ptolemy/actor/lib/test/auto/Clock13.xml
----------------- Instantiating /home/travis/build/icyphy/ptII/ptolemy/actor/lib/test/auto/Clock13.xml
4 ms. Memory: 266240K Free: 118767K (45%)
----------------- Invoking toplevel() on ptolemy.moml.MoMLSimpleApplication@79b2456c
----------------- Done invoking toplevel() on ptolemy.moml.MoMLSimpleApplication@79b2456c
reloadAllAccessors: .Clock13

===========================================================================================
----------------- testing Mon Aug 23 21:16:56 UTC 2021 /home/travis/build/icyphy/ptII/ptolemy/actor/lib/test/auto/Clock14.xml
----------------- Instantiating /home/travis/build/icyphy/ptII/ptolemy/actor/lib/test/auto/Clock14.xml
4 ms. Memory: 266240K Free: 113152K (43%)
----------------- Invoking toplevel() on ptolemy.moml.MoMLSimpleApplication@2f41192e
----------------- Done invoking toplevel() on ptolemy.moml.MoMLSimpleApplication@2f41192e
reloadAllAccessors: .Clock14

===========================================================================================
----------------- testing Mon Aug 23 21:16:56 UTC 2021 /home/travis/build/icyphy/ptII/ptolemy/actor/lib/test/auto/Clock15.xml
----------------- Instantiating /home/travis/build/icyphy/ptII/ptolemy/actor/lib/test/auto/Clock15.xml
4 ms. Memory: 266240K Free: 107008K (40%)
----------------- Invoking toplevel() on ptolemy.moml.MoMLSimpleApplication@2d97c298
----------------- Done invoking toplevel() on ptolemy.moml.MoMLSimpleApplication@2d97c298
reloadAllAccessors: .Clock15

===========================================================================================
----------------- testing Mon Aug 23 21:16:56 UTC 2021 /home/travis/build/icyphy/ptII/ptolemy/actor/lib/test/auto/Clock16.xml
----------------- Instantiating /home/travis/build/icyphy/ptII/ptolemy/actor/lib/test/auto/Clock16.xml
26 ms. Memory: 266240K Free: 92655K (35%)
----------------- Invoking toplevel() on ptolemy.moml.MoMLSimpleApplication@3a7b012a
----------------- Done invoking toplevel() on ptolemy.moml.MoMLSimpleApplication@3a7b012a
reloadAllAccessors: .Clock16

===========================================================================================
----------------- testing Mon Aug 23 21:16:56 UTC 2021 /home/travis/build/icyphy/ptII/ptolemy/actor/lib/test/auto/Clock17.xml
----------------- Instantiating /home/travis/build/icyphy/ptII/ptolemy/actor/lib/test/auto/Clock17.xml
16 ms. Memory: 266240K Free: 79360K (30%)
----------------- Invoking toplevel() on ptolemy.moml.MoMLSimpleApplication@5c013b23
----------------- Done invoking toplevel() on ptolemy.moml.MoMLSimpleApplication@5c013b23
reloadAllAccessors: .Clock17

===========================================================================================
----------------- testing Mon Aug 23 21:16:56 UTC 2021 /home/travis/build/icyphy/ptII/ptolemy/actor/lib/test/auto/Clock18.xml
----------------- Instantiating /home/travis/build/icyphy/ptII/ptolemy/actor/lib/test/auto/Clock18.xml
47 ms. Memory: 512000K Free: 462191K (90%)
----------------- Invoking toplevel() on ptolemy.moml.MoMLSimpleApplication@4cda53fd
----------------- Done invoking toplevel() on ptolemy.moml.MoMLSimpleApplication@4cda53fd
reloadAllAccessors: .Clock18

===========================================================================================
----------------- testing Mon Aug 23 21:16:56 UTC 2021 /home/travis/build/icyphy/ptII/ptolemy/actor/lib/test/auto/Clock19.xml
----------------- Instantiating /home/travis/build/icyphy/ptII/ptolemy/actor/lib/test/auto/Clock19.xml
13 ms. Memory: 512000K Free: 448369K (88%)
----------------- Invoking toplevel() on ptolemy.moml.MoMLSimpleApplication@3a5327f2
----------------- Done invoking toplevel() on ptolemy.moml.MoMLSimpleApplication@3a5327f2
reloadAllAccessors: .Clock19

===========================================================================================
----------------- testing Mon Aug 23 21:16:56 UTC 2021 /home/travis/build/icyphy/ptII/ptolemy/actor/lib/test/auto/Clock2.xml
----------------- Instantiating /home/travis/build/icyphy/ptII/ptolemy/actor/lib/test/auto/Clock2.xml
3 ms. Memory: 512000K Free: 443249K (87%)
----------------- Invoking toplevel() on ptolemy.moml.MoMLSimpleApplication@1a7b167d
----------------- Done invoking toplevel() on ptolemy.moml.MoMLSimpleApplication@1a7b167d
reloadAllAccessors: .Clock2

===========================================================================================
----------------- testing Mon Aug 23 21:16:56 UTC 2021 /home/travis/build/icyphy/ptII/ptolemy/actor/lib/test/auto/Clock20.xml
----------------- Instantiating /home/travis/build/icyphy/ptII/ptolemy/actor/lib/test/auto/Clock20.xml
4 ms. Memory: 512000K Free: 438129K (86%)
----------------- Invoking toplevel() on ptolemy.moml.MoMLSimpleApplication@212988a4
----------------- Done invoking toplevel() on ptolemy.moml.MoMLSimpleApplication@212988a4
reloadAllAccessors: .Clock20

===========================================================================================
----------------- testing Mon Aug 23 21:16:56 UTC 2021 /home/travis/build/icyphy/ptII/ptolemy/actor/lib/test/auto/Clock21.xml
----------------- Instantiating /home/travis/build/icyphy/ptII/ptolemy/actor/lib/test/auto/Clock21.xml
3 ms. Memory: 512000K Free: 432495K (84%)
----------------- Invoking toplevel() on ptolemy.moml.MoMLSimpleApplication@54b82498
----------------- Done invoking toplevel() on ptolemy.moml.MoMLSimpleApplication@54b82498
reloadAllAccessors: .Clock21

===========================================================================================
----------------- testing Mon Aug 23 21:16:56 UTC 2021 /home/travis/build/icyphy/ptII/ptolemy/actor/lib/test/auto/Clock22.xml
----------------- Instantiating /home/travis/build/icyphy/ptII/ptolemy/actor/lib/test/auto/Clock22.xml
2 ms. Memory: 512000K Free: 426865K (83%)
----------------- Invoking toplevel() on ptolemy.moml.MoMLSimpleApplication@881555b
----------------- Done invoking toplevel() on ptolemy.moml.MoMLSimpleApplication@881555b
reloadAllAccessors: .Clock22

===========================================================================================
----------------- testing Mon Aug 23 21:16:56 UTC 2021 /home/travis/build/icyphy/ptII/ptolemy/actor/lib/test/auto/Clock23.xml
----------------- Instantiating /home/travis/build/icyphy/ptII/ptolemy/actor/lib/test/auto/Clock23.xml
4 ms. Memory: 512000K Free: 421231K (82%)
----------------- Invoking toplevel() on ptolemy.moml.MoMLSimpleApplication@416cd2a7
----------------- Done invoking toplevel() on ptolemy.moml.MoMLSimpleApplication@416cd2a7
reloadAllAccessors: .Clock23

===========================================================================================
----------------- testing Mon Aug 23 21:16:56 UTC 2021 /home/travis/build/icyphy/ptII/ptolemy/actor/lib/test/auto/Clock24.xml
----------------- Instantiating /home/travis/build/icyphy/ptII/ptolemy/actor/lib/test/auto/Clock24.xml
4 ms. Memory: 512000K Free: 416111K (81%)
----------------- Invoking toplevel() on ptolemy.moml.MoMLSimpleApplication@4858f963
----------------- Done invoking toplevel() on ptolemy.moml.MoMLSimpleApplication@4858f963
reloadAllAccessors: .Clock24

===========================================================================================
----------------- testing Mon Aug 23 21:16:56 UTC 2021 /home/travis/build/icyphy/ptII/ptolemy/actor/lib/test/auto/Clock4.xml
----------------- Instantiating /home/travis/build/icyphy/ptII/ptolemy/actor/lib/test/auto/Clock4.xml
1 ms. Memory: 512000K Free: 410977K (80%)
----------------- Invoking toplevel() on ptolemy.moml.MoMLSimpleApplication@2f981ebe
----------------- Done invoking toplevel() on ptolemy.moml.MoMLSimpleApplication@2f981ebe
reloadAllAccessors: .Clock4

===========================================================================================
----------------- testing Mon Aug 23 21:16:56 UTC 2021 /home/travis/build/icyphy/ptII/ptolemy/actor/lib/test/auto/Clock5.xml
----------------- Instantiating /home/travis/build/icyphy/ptII/ptolemy/actor/lib/test/auto/Clock5.xml
2 ms. Memory: 512000K Free: 405361K (79%)
----------------- Invoking toplevel() on ptolemy.moml.MoMLSimpleApplication@4379c67c
----------------- Done invoking toplevel() on ptolemy.moml.MoMLSimpleApplication@4379c67c
reloadAllAccessors: .Clock5

===========================================================================================
----------------- testing Mon Aug 23 21:16:56 UTC 2021 /home/travis/build/icyphy/ptII/ptolemy/actor/lib/test/auto/Clock6.xml
----------------- Instantiating /home/travis/build/icyphy/ptII/ptolemy/actor/lib/test/auto/Clock6.xml
2 ms. Memory: 512000K Free: 401265K (78%)
----------------- Invoking toplevel() on ptolemy.moml.MoMLSimpleApplication@63f8f606
----------------- Done invoking toplevel() on ptolemy.moml.MoMLSimpleApplication@63f8f606
reloadAllAccessors: .Clock6

===========================================================================================
----------------- testing Mon Aug 23 21:16:56 UTC 2021 /home/travis/build/icyphy/ptII/ptolemy/actor/lib/test/auto/Clock7.xml
----------------- Instantiating /home/travis/build/icyphy/ptII/ptolemy/actor/lib/test/auto/Clock7.xml
2 ms. Memory: 512000K Free: 396655K (77%)
----------------- Invoking toplevel() on ptolemy.moml.MoMLSimpleApplication@303381e
----------------- Done invoking toplevel() on ptolemy.moml.MoMLSimpleApplication@303381e
reloadAllAccessors: .Clock7

===========================================================================================
----------------- testing Mon Aug 23 21:16:56 UTC 2021 /home/travis/build/icyphy/ptII/ptolemy/actor/lib/test/auto/Clock8.xml
----------------- Instantiating /home/travis/build/icyphy/ptII/ptolemy/actor/lib/test/auto/Clock8.xml
4 ms. Memory: 512000K Free: 391505K (76%)
----------------- Invoking toplevel() on ptolemy.moml.MoMLSimpleApplication@683bd0c8
----------------- Done invoking toplevel() on ptolemy.moml.MoMLSimpleApplication@683bd0c8
reloadAllAccessors: .Clock8

===========================================================================================
----------------- testing Mon Aug 23 21:16:56 UTC 2021 /home/travis/build/icyphy/ptII/ptolemy/actor/lib/test/auto/Clock9.xml
----------------- Instantiating /home/travis/build/icyphy/ptII/ptolemy/actor/lib/test/auto/Clock9.xml
5 ms. Memory: 512000K Free: 385905K (75%)
----------------- Invoking toplevel() on ptolemy.moml.MoMLSimpleApplication@7f957ae4
----------------- Done invoking toplevel() on ptolemy.moml.MoMLSimpleApplication@7f957ae4
reloadAllAccessors: .Clock9

===========================================================================================
----------------- testing Mon Aug 23 21:16:56 UTC 2021 /home/travis/build/icyphy/ptII/ptolemy/actor/lib/test/auto/CommDistDiscard.xml
----------------- Instantiating /home/travis/build/icyphy/ptII/ptolemy/actor/lib/test/auto/CommDistDiscard.xml
2 ms. Memory: 512000K Free: 380271K (74%)
----------------- Invoking toplevel() on ptolemy.moml.MoMLSimpleApplication@23d35a9b
----------------- Done invoking toplevel() on ptolemy.moml.MoMLSimpleApplication@23d35a9b
reloadAllAccessors: .CommDistDiscard

===========================================================================================
----------------- testing Mon Aug 23 21:16:56 UTC 2021 /home/travis/build/icyphy/ptII/ptolemy/actor/lib/test/auto/Commutator.xml
----------------- Instantiating /home/travis/build/icyphy/ptII/ptolemy/actor/lib/test/auto/Commutator.xml
2 ms. Memory: 512000K Free: 376175K (73%)
----------------- Invoking toplevel() on ptolemy.moml.MoMLSimpleApplication@56a926e0
----------------- Done invoking toplevel() on ptolemy.moml.MoMLSimpleApplication@56a926e0
reloadAllAccessors: .Commutator

===========================================================================================
----------------- testing Mon Aug 23 21:16:56 UTC 2021 /home/travis/build/icyphy/ptII/ptolemy/actor/lib/test/auto/Commutator2.xml
----------------- Instantiating /home/travis/build/icyphy/ptII/ptolemy/actor/lib/test/auto/Commutator2.xml
1 ms. Memory: 512000K Free: 371569K (73%)
----------------- Invoking toplevel() on ptolemy.moml.MoMLSimpleApplication@e507555
----------------- Done invoking toplevel() on ptolemy.moml.MoMLSimpleApplication@e507555
reloadAllAccessors: .Commutator2

===========================================================================================
----------------- testing Mon Aug 23 21:16:56 UTC 2021 /home/travis/build/icyphy/ptII/ptolemy/actor/lib/test/auto/Commutator3.xml
----------------- Instantiating /home/travis/build/icyphy/ptII/ptolemy/actor/lib/test/auto/Commutator3.xml
1 ms. Memory: 512000K Free: 367473K (72%)
----------------- Invoking toplevel() on ptolemy.moml.MoMLSimpleApplication@29aafe11
----------------- Done invoking toplevel() on ptolemy.moml.MoMLSimpleApplication@29aafe11
reloadAllAccessors: .Commutator3

===========================================================================================
----------------- testing Mon Aug 23 21:16:56 UTC 2021 /home/travis/build/icyphy/ptII/ptolemy/actor/lib/test/auto/Compare.xml
----------------- Instantiating /home/travis/build/icyphy/ptII/ptolemy/actor/lib/test/auto/Compare.xml
3 ms. Memory: 512000K Free: 360815K (70%)
----------------- Invoking toplevel() on ptolemy.moml.MoMLSimpleApplication@30a05b50
----------------- Done invoking toplevel() on ptolemy.moml.MoMLSimpleApplication@30a05b50
reloadAllAccessors: .Compare

===========================================================================================
----------------- testing Mon Aug 23 21:16:56 UTC 2021 /home/travis/build/icyphy/ptII/ptolemy/actor/lib/test/auto/CompareDE.xml
----------------- Instantiating /home/travis/build/icyphy/ptII/ptolemy/actor/lib/test/auto/CompareDE.xml
3 ms. Memory: 512000K Free: 354161K (69%)
----------------- Invoking toplevel() on ptolemy.moml.MoMLSimpleApplication@19fbdb2b
----------------- Done invoking toplevel() on ptolemy.moml.MoMLSimpleApplication@19fbdb2b
reloadAllAccessors: .CompareDE

===========================================================================================
----------------- testing Mon Aug 23 21:16:56 UTC 2021 /home/travis/build/icyphy/ptII/ptolemy/actor/lib/test/auto/ComplexDivide.xml
----------------- Instantiating /home/travis/build/icyphy/ptII/ptolemy/actor/lib/test/auto/ComplexDivide.xml
1 ms. Memory: 512000K Free: 350065K (68%)
----------------- Invoking toplevel() on ptolemy.moml.MoMLSimpleApplication@646d3b64
----------------- Done invoking toplevel() on ptolemy.moml.MoMLSimpleApplication@646d3b64
reloadAllAccessors: .ComplexDivide

===========================================================================================
----------------- testing Mon Aug 23 21:16:56 UTC 2021 /home/travis/build/icyphy/ptII/ptolemy/actor/lib/test/auto/ComputeHistogram.xml
----------------- Instantiating /home/travis/build/icyphy/ptII/ptolemy/actor/lib/test/auto/ComputeHistogram.xml
28 ms. Memory: 512000K Free: 337777K (66%)
----------------- Invoking toplevel() on ptolemy.moml.MoMLSimpleApplication@608c01
----------------- Done invoking toplevel() on ptolemy.moml.MoMLSimpleApplication@608c01
reloadAllAccessors: .ComputeHistogram

===========================================================================================
----------------- testing Mon Aug 23 21:16:56 UTC 2021 /home/travis/build/icyphy/ptII/ptolemy/actor/lib/test/auto/ConfigurationSelect.xml
----------------- Instantiating /home/travis/build/icyphy/ptII/ptolemy/actor/lib/test/auto/ConfigurationSelect.xml
3 ms. Memory: 512000K Free: 332113K (65%)
----------------- Invoking toplevel() on ptolemy.moml.MoMLSimpleApplication@6b404d6f
----------------- Done invoking toplevel() on ptolemy.moml.MoMLSimpleApplication@6b404d6f
reloadAllAccessors: .ConfigurationSelect

===========================================================================================
----------------- testing Mon Aug 23 21:16:56 UTC 2021 /home/travis/build/icyphy/ptII/ptolemy/actor/lib/test/auto/ConfigurationSelect2.xml
----------------- Instantiating /home/travis/build/icyphy/ptII/ptolemy/actor/lib/test/auto/ConfigurationSelect2.xml
2 ms. Memory: 512000K Free: 327537K (64%)
----------------- Invoking toplevel() on ptolemy.moml.MoMLSimpleApplication@43658e2e
----------------- Done invoking toplevel() on ptolemy.moml.MoMLSimpleApplication@43658e2e
reloadAllAccessors: .ConfigurationSelect2

===========================================================================================
----------------- testing Mon Aug 23 21:16:56 UTC 2021 /home/travis/build/icyphy/ptII/ptolemy/actor/lib/test/auto/ConfigurationSwitch.xml
----------------- Instantiating /home/travis/build/icyphy/ptII/ptolemy/actor/lib/test/auto/ConfigurationSwitch.xml
2 ms. Memory: 512000K Free: 322417K (63%)
----------------- Invoking toplevel() on ptolemy.moml.MoMLSimpleApplication@4dfe92be
----------------- Done invoking toplevel() on ptolemy.moml.MoMLSimpleApplication@4dfe92be
reloadAllAccessors: .ConfigurationSwitch

===========================================================================================
----------------- testing Mon Aug 23 21:16:56 UTC 2021 /home/travis/build/icyphy/ptII/ptolemy/actor/lib/test/auto/ConfigurationSwitch2.xml
----------------- Instantiating /home/travis/build/icyphy/ptII/ptolemy/actor/lib/test/auto/ConfigurationSwitch2.xml
3 ms. Memory: 512000K Free: 316783K (62%)
----------------- Invoking toplevel() on ptolemy.moml.MoMLSimpleApplication@173e4dde
----------------- Done invoking toplevel() on ptolemy.moml.MoMLSimpleApplication@173e4dde
reloadAllAccessors: .ConfigurationSwitch2

===========================================================================================
----------------- testing Mon Aug 23 21:16:56 UTC 2021 /home/travis/build/icyphy/ptII/ptolemy/actor/lib/test/auto/ConfigurationSwitchCloningBugWithClassRelationGroup.xml
----------------- Instantiating /home/travis/build/icyphy/ptII/ptolemy/actor/lib/test/auto/ConfigurationSwitchCloningBugWithClassRelationGroup.xml
1 ms. Memory: 512000K Free: 310639K (61%)
----------------- Invoking toplevel() on ptolemy.moml.MoMLSimpleApplication@6cfa83c3
----------------- Done invoking toplevel() on ptolemy.moml.MoMLSimpleApplication@6cfa83c3
reloadAllAccessors: .ConfigurationSwitchCloningBugWithClassRelationGroup

===========================================================================================
----------------- testing Mon Aug 23 21:16:56 UTC 2021 /home/travis/build/icyphy/ptII/ptolemy/actor/lib/test/auto/ConfigurationSwitchSelectSDF.xml
----------------- Instantiating /home/travis/build/icyphy/ptII/ptolemy/actor/lib/test/auto/ConfigurationSwitchSelectSDF.xml
5 ms. Memory: 512000K Free: 305009K (60%)
----------------- Invoking toplevel() on ptolemy.moml.MoMLSimpleApplication@621d6c05
----------------- Done invoking toplevel() on ptolemy.moml.MoMLSimpleApplication@621d6c05
reloadAllAccessors: .ConfigurationSwitchSelectSDF

===========================================================================================
----------------- testing Mon Aug 23 21:16:56 UTC 2021 /home/travis/build/icyphy/ptII/ptolemy/actor/lib/test/auto/ConfigurationSwitchSelectSDF2.xml
----------------- Instantiating /home/travis/build/icyphy/ptII/ptolemy/actor/lib/test/auto/ConfigurationSwitchSelectSDF2.xml
2 ms. Memory: 512000K Free: 299375K (58%)
----------------- Invoking toplevel() on ptolemy.moml.MoMLSimpleApplication@2bfea79d
----------------- Done invoking toplevel() on ptolemy.moml.MoMLSimpleApplication@2bfea79d
reloadAllAccessors: .ConfigurationSwitchSelectSDF2

===========================================================================================
----------------- testing Mon Aug 23 21:16:56 UTC 2021 /home/travis/build/icyphy/ptII/ptolemy/actor/lib/test/auto/Const.xml
----------------- Instantiating /home/travis/build/icyphy/ptII/ptolemy/actor/lib/test/auto/Const.xml
1 ms. Memory: 512000K Free: 296303K (58%)
----------------- Invoking toplevel() on ptolemy.moml.MoMLSimpleApplication@44381570
----------------- Done invoking toplevel() on ptolemy.moml.MoMLSimpleApplication@44381570
reloadAllAccessors: .Const

===========================================================================================
----------------- testing Mon Aug 23 21:16:56 UTC 2021 /home/travis/build/icyphy/ptII/ptolemy/actor/lib/test/auto/Const2.xml
----------------- Instantiating /home/travis/build/icyphy/ptII/ptolemy/actor/lib/test/auto/Const2.xml
2 ms. Memory: 512000K Free: 292207K (57%)
----------------- Invoking toplevel() on ptolemy.moml.MoMLSimpleApplication@71f8b3c8
----------------- Done invoking toplevel() on ptolemy.moml.MoMLSimpleApplication@71f8b3c8
reloadAllAccessors: .Const2

===========================================================================================
----------------- testing Mon Aug 23 21:16:57 UTC 2021 /home/travis/build/icyphy/ptII/ptolemy/actor/lib/test/auto/Const3.xml
----------------- Instantiating /home/travis/build/icyphy/ptII/ptolemy/actor/lib/test/auto/Const3.xml
1 ms. Memory: 512000K Free: 289649K (57%)
----------------- Invoking toplevel() on ptolemy.moml.MoMLSimpleApplication@7b51517d
----------------- Done invoking toplevel() on ptolemy.moml.MoMLSimpleApplication@7b51517d
reloadAllAccessors: .Const3

===========================================================================================
----------------- testing Mon Aug 23 21:16:57 UTC 2021 /home/travis/build/icyphy/ptII/ptolemy/actor/lib/test/auto/ConstantPublisherPort1.xml
----------------- Instantiating /home/travis/build/icyphy/ptII/ptolemy/actor/lib/test/auto/ConstantPublisherPort1.xml
6 ms. Memory: 512000K Free: 280943K (55%)
----------------- Invoking toplevel() on ptolemy.moml.MoMLSimpleApplication@d555958
----------------- Done invoking toplevel() on ptolemy.moml.MoMLSimpleApplication@d555958
reloadAllAccessors: .ConstantPublisherPort1

===========================================================================================
----------------- testing Mon Aug 23 21:16:57 UTC 2021 /home/travis/build/icyphy/ptII/ptolemy/actor/lib/test/auto/ConstantPublisherPort2.xml
----------------- Instantiating /home/travis/build/icyphy/ptII/ptolemy/actor/lib/test/auto/ConstantPublisherPort2.xml
11 ms. Memory: 512000K Free: 273775K (53%)
----------------- Invoking toplevel() on ptolemy.moml.MoMLSimpleApplication@7087d450
----------------- Done invoking toplevel() on ptolemy.moml.MoMLSimpleApplication@7087d450
reloadAllAccessors: .ConstantPublisherPort2

===========================================================================================
----------------- testing Mon Aug 23 21:16:57 UTC 2021 /home/travis/build/icyphy/ptII/ptolemy/actor/lib/test/auto/ConstantPublisherPort3.xml
----------------- Instantiating /home/travis/build/icyphy/ptII/ptolemy/actor/lib/test/auto/ConstantPublisherPort3.xml
14 ms. Memory: 512000K Free: 266097K (52%)
----------------- Invoking toplevel() on ptolemy.moml.MoMLSimpleApplication@fa88f99
----------------- Done invoking toplevel() on ptolemy.moml.MoMLSimpleApplication@fa88f99
reloadAllAccessors: .ConstantPublisherPort3

===========================================================================================
----------------- testing Mon Aug 23 21:16:57 UTC 2021 /home/travis/build/icyphy/ptII/ptolemy/actor/lib/test/auto/ConstantPublisherPort4.xml
----------------- Instantiating /home/travis/build/icyphy/ptII/ptolemy/actor/lib/test/auto/ConstantPublisherPort4.xml
3 ms. Memory: 512000K Free: 258929K (51%)
----------------- Invoking toplevel() on ptolemy.moml.MoMLSimpleApplication@15a33e88
----------------- Done invoking toplevel() on ptolemy.moml.MoMLSimpleApplication@15a33e88
reloadAllAccessors: .ConstantPublisherPort4

===========================================================================================
----------------- testing Mon Aug 23 21:16:57 UTC 2021 /home/travis/build/icyphy/ptII/ptolemy/actor/lib/test/auto/ConstantPublisherPort5.xml
----------------- Instantiating /home/travis/build/icyphy/ptII/ptolemy/actor/lib/test/auto/ConstantPublisherPort5.xml
23 ms. Memory: 512000K Free: 249713K (49%)
----------------- Invoking toplevel() on ptolemy.moml.MoMLSimpleApplication@fa8e823
----------------- Done invoking toplevel() on ptolemy.moml.MoMLSimpleApplication@fa8e823
reloadAllAccessors: .ConstantPublisherPort5

===========================================================================================
----------------- testing Mon Aug 23 21:16:57 UTC 2021 /home/travis/build/icyphy/ptII/ptolemy/actor/lib/test/auto/ConstantPublisherPort6.xml
----------------- Instantiating /home/travis/build/icyphy/ptII/ptolemy/actor/lib/test/auto/ConstantPublisherPort6.xml
16 ms. Memory: 512000K Free: 240497K (47%)
----------------- Invoking toplevel() on ptolemy.moml.MoMLSimpleApplication@3f98f99c
----------------- Done invoking toplevel() on ptolemy.moml.MoMLSimpleApplication@3f98f99c
reloadAllAccessors: .ConstantPublisherPort6

===========================================================================================
----------------- testing Mon Aug 23 21:16:57 UTC 2021 /home/travis/build/icyphy/ptII/ptolemy/actor/lib/test/auto/ConstantPublisherPort7.xml
----------------- Instantiating /home/travis/build/icyphy/ptII/ptolemy/actor/lib/test/auto/ConstantPublisherPort7.xml
16 ms. Memory: 512000K Free: 231791K (45%)
----------------- Invoking toplevel() on ptolemy.moml.MoMLSimpleApplication@dc30eee
----------------- Done invoking toplevel() on ptolemy.moml.MoMLSimpleApplication@dc30eee
reloadAllAccessors: .ConstantPublisherPort7

===========================================================================================
----------------- testing Mon Aug 23 21:16:57 UTC 2021 /home/travis/build/icyphy/ptII/ptolemy/actor/lib/test/auto/ConstraintMonitor1.xml
----------------- Instantiating /home/travis/build/icyphy/ptII/ptolemy/actor/lib/test/auto/ConstraintMonitor1.xml
6 ms. Memory: 512000K Free: 226671K (44%)
----------------- Invoking toplevel() on ptolemy.moml.MoMLSimpleApplication@6afc6e57
----------------- Done invoking toplevel() on ptolemy.moml.MoMLSimpleApplication@6afc6e57
reloadAllAccessors: .ConstraintMonitor1

===========================================================================================
----------------- testing Mon Aug 23 21:16:57 UTC 2021 /home/travis/build/icyphy/ptII/ptolemy/actor/lib/test/auto/ConstraintMonitor2.xml
----------------- Instantiating /home/travis/build/icyphy/ptII/ptolemy/actor/lib/test/auto/ConstraintMonitor2.xml
7 ms. Memory: 512000K Free: 222065K (43%)
----------------- Invoking toplevel() on ptolemy.moml.MoMLSimpleApplication@4cc38bfc
----------------- Done invoking toplevel() on ptolemy.moml.MoMLSimpleApplication@4cc38bfc
reloadAllAccessors: .ConstraintMonitor2

===========================================================================================
----------------- testing Mon Aug 23 21:16:57 UTC 2021 /home/travis/build/icyphy/ptII/ptolemy/actor/lib/test/auto/ConstraintMonitor3.xml
----------------- Instantiating /home/travis/build/icyphy/ptII/ptolemy/actor/lib/test/auto/ConstraintMonitor3.xml
6 ms. Memory: 512000K Free: 217969K (43%)
----------------- Invoking toplevel() on ptolemy.moml.MoMLSimpleApplication@1b4be1af
----------------- Done invoking toplevel() on ptolemy.moml.MoMLSimpleApplication@1b4be1af
reloadAllAccessors: .ConstraintMonitor3

===========================================================================================
----------------- testing Mon Aug 23 21:16:57 UTC 2021 /home/travis/build/icyphy/ptII/ptolemy/actor/lib/test/auto/ConstraintMonitor4.xml
----------------- Instantiating /home/travis/build/icyphy/ptII/ptolemy/actor/lib/test/auto/ConstraintMonitor4.xml
1 ms. Memory: 512000K Free: 212849K (42%)
----------------- Invoking toplevel() on ptolemy.moml.MoMLSimpleApplication@5ff36f68
----------------- Done invoking toplevel() on ptolemy.moml.MoMLSimpleApplication@5ff36f68
reloadAllAccessors: .ConstraintMonitor4

===========================================================================================
----------------- testing Mon Aug 23 21:16:57 UTC 2021 /home/travis/build/icyphy/ptII/ptolemy/actor/lib/test/auto/ConstraintMonitor5.xml
----------------- Instantiating /home/travis/build/icyphy/ptII/ptolemy/actor/lib/test/auto/ConstraintMonitor5.xml
4 ms. Memory: 512000K Free: 207729K (41%)
----------------- Invoking toplevel() on ptolemy.moml.MoMLSimpleApplication@639492e6
----------------- Done invoking toplevel() on ptolemy.moml.MoMLSimpleApplication@639492e6
reloadAllAccessors: .ConstraintMonitor5

===========================================================================================
----------------- testing Mon Aug 23 21:16:57 UTC 2021 /home/travis/build/icyphy/ptII/ptolemy/actor/lib/test/auto/ConstraintMonitor6.xml
----------------- Instantiating /home/travis/build/icyphy/ptII/ptolemy/actor/lib/test/auto/ConstraintMonitor6.xml
3 ms. Memory: 512000K Free: 202089K (39%)
----------------- Invoking toplevel() on ptolemy.moml.MoMLSimpleApplication@5cd33ff4
----------------- Done invoking toplevel() on ptolemy.moml.MoMLSimpleApplication@5cd33ff4
reloadAllAccessors: .ConstraintMonitor6

===========================================================================================
----------------- testing Mon Aug 23 21:16:57 UTC 2021 /home/travis/build/icyphy/ptII/ptolemy/actor/lib/test/auto/ConstraintMonitor7.xml
----------------- Instantiating /home/travis/build/icyphy/ptII/ptolemy/actor/lib/test/auto/ConstraintMonitor7.xml
7 ms. Memory: 512000K Free: 195937K (38%)
----------------- Invoking toplevel() on ptolemy.moml.MoMLSimpleApplication@77348f2f
----------------- Done invoking toplevel() on ptolemy.moml.MoMLSimpleApplication@77348f2f
reloadAllAccessors: .ConstraintMonitor7

===========================================================================================
----------------- testing Mon Aug 23 21:16:57 UTC 2021 /home/travis/build/icyphy/ptII/ptolemy/actor/lib/test/auto/ConstraintMonitor8.xml
----------------- Instantiating /home/travis/build/icyphy/ptII/ptolemy/actor/lib/test/auto/ConstraintMonitor8.xml
3 ms. Memory: 512000K Free: 188783K (37%)
----------------- Invoking toplevel() on ptolemy.moml.MoMLSimpleApplication@4d0407c9
----------------- Done invoking toplevel() on ptolemy.moml.MoMLSimpleApplication@4d0407c9
reloadAllAccessors: .ConstraintMonitor8

===========================================================================================
----------------- testing Mon Aug 23 21:16:57 UTC 2021 /home/travis/build/icyphy/ptII/ptolemy/actor/lib/test/auto/Counter.xml
----------------- Instantiating /home/travis/build/icyphy/ptII/ptolemy/actor/lib/test/auto/Counter.xml
2 ms. Memory: 512000K Free: 183663K (36%)
----------------- Invoking toplevel() on ptolemy.moml.MoMLSimpleApplication@2c40cd09
----------------- Done invoking toplevel() on ptolemy.moml.MoMLSimpleApplication@2c40cd09
reloadAllAccessors: .Counter

===========================================================================================
----------------- testing Mon Aug 23 21:16:57 UTC 2021 /home/travis/build/icyphy/ptII/ptolemy/actor/lib/test/auto/CurrentTimeSDF.xml
----------------- Instantiating /home/travis/build/icyphy/ptII/ptolemy/actor/lib/test/auto/CurrentTimeSDF.xml
1 ms. Memory: 512000K Free: 459774K (90%)
----------------- Invoking toplevel() on ptolemy.moml.MoMLSimpleApplication@1ff75301
----------------- Done invoking toplevel() on ptolemy.moml.MoMLSimpleApplication@1ff75301
reloadAllAccessors: .CurrentTimeSDF

===========================================================================================
----------------- testing Mon Aug 23 21:16:57 UTC 2021 /home/travis/build/icyphy/ptII/ptolemy/actor/lib/test/auto/DB.xml
----------------- Instantiating /home/travis/build/icyphy/ptII/ptolemy/actor/lib/test/auto/DB.xml
2 ms. Memory: 512000K Free: 455168K (89%)
----------------- Invoking toplevel() on ptolemy.moml.MoMLSimpleApplication@53a28661
----------------- Done invoking toplevel() on ptolemy.moml.MoMLSimpleApplication@53a28661
reloadAllAccessors: .DB

===========================================================================================
----------------- testing Mon Aug 23 21:16:57 UTC 2021 /home/travis/build/icyphy/ptII/ptolemy/actor/lib/test/auto/DBDE.xml
----------------- Instantiating /home/travis/build/icyphy/ptII/ptolemy/actor/lib/test/auto/DBDE.xml
2 ms. Memory: 512000K Free: 449024K (88%)
----------------- Invoking toplevel() on ptolemy.moml.MoMLSimpleApplication@5eb5d6ae
----------------- Done invoking toplevel() on ptolemy.moml.MoMLSimpleApplication@5eb5d6ae
reloadAllAccessors: .DBDE

===========================================================================================
----------------- testing Mon Aug 23 21:16:57 UTC 2021 /home/travis/build/icyphy/ptII/ptolemy/actor/lib/test/auto/DateConstructor.xml
----------------- Instantiating /home/travis/build/icyphy/ptII/ptolemy/actor/lib/test/auto/DateConstructor.xml
31 ms. Memory: 512000K Free: 431102K (84%)
----------------- Invoking toplevel() on ptolemy.moml.MoMLSimpleApplication@6b16bfa4
----------------- Done invoking toplevel() on ptolemy.moml.MoMLSimpleApplication@6b16bfa4
reloadAllAccessors: .DateConstructor

===========================================================================================
----------------- testing Mon Aug 23 21:16:57 UTC 2021 /home/travis/build/icyphy/ptII/ptolemy/actor/lib/test/auto/DelayTime.xml
----------------- Instantiating /home/travis/build/icyphy/ptII/ptolemy/actor/lib/test/auto/DelayTime.xml
3 ms. Memory: 512000K Free: 426496K (83%)
----------------- Invoking toplevel() on ptolemy.moml.MoMLSimpleApplication@24f4716a
----------------- Done invoking toplevel() on ptolemy.moml.MoMLSimpleApplication@24f4716a
reloadAllAccessors: .DelayTime

===========================================================================================
----------------- testing Mon Aug 23 21:16:57 UTC 2021 /home/travis/build/icyphy/ptII/ptolemy/actor/lib/test/auto/Dictionary1.xml
----------------- Instantiating /home/travis/build/icyphy/ptII/ptolemy/actor/lib/test/auto/Dictionary1.xml
5 ms. Memory: 512000K Free: 420862K (82%)
----------------- Invoking toplevel() on ptolemy.moml.MoMLSimpleApplication@408dbd46
----------------- Done invoking toplevel() on ptolemy.moml.MoMLSimpleApplication@408dbd46
reloadAllAccessors: .Dictionary1

===========================================================================================
----------------- testing Mon Aug 23 21:16:57 UTC 2021 /home/travis/build/icyphy/ptII/ptolemy/actor/lib/test/auto/Dictionary2.xml
----------------- Instantiating /home/travis/build/icyphy/ptII/ptolemy/actor/lib/test/auto/Dictionary2.xml
4 ms. Memory: 512000K Free: 415232K (81%)
----------------- Invoking toplevel() on ptolemy.moml.MoMLSimpleApplication@41460269
----------------- Done invoking toplevel() on ptolemy.moml.MoMLSimpleApplication@41460269
reloadAllAccessors: .Dictionary2

===========================================================================================
----------------- testing Mon Aug 23 21:16:57 UTC 2021 /home/travis/build/icyphy/ptII/ptolemy/actor/lib/test/auto/Dictionary3.xml
----------------- Instantiating /home/travis/build/icyphy/ptII/ptolemy/actor/lib/test/auto/Dictionary3.xml
2 ms. Memory: 512000K Free: 410112K (80%)
----------------- Invoking toplevel() on ptolemy.moml.MoMLSimpleApplication@3cc1c59a
----------------- Done invoking toplevel() on ptolemy.moml.MoMLSimpleApplication@3cc1c59a
reloadAllAccessors: .Dictionary3

===========================================================================================
----------------- testing Mon Aug 23 21:16:57 UTC 2021 /home/travis/build/icyphy/ptII/ptolemy/actor/lib/test/auto/Dictionary4.xml
----------------- Instantiating /home/travis/build/icyphy/ptII/ptolemy/actor/lib/test/auto/Dictionary4.xml
3 ms. Memory: 512000K Free: 402944K (79%)
----------------- Invoking toplevel() on ptolemy.moml.MoMLSimpleApplication@2b46407f
----------------- Done invoking toplevel() on ptolemy.moml.MoMLSimpleApplication@2b46407f
reloadAllAccessors: .Dictionary4

===========================================================================================
----------------- testing Mon Aug 23 21:16:57 UTC 2021 /home/travis/build/icyphy/ptII/ptolemy/actor/lib/test/auto/Differential.xml
----------------- Instantiating /home/travis/build/icyphy/ptII/ptolemy/actor/lib/test/auto/Differential.xml
3 ms. Memory: 512000K Free: 398334K (78%)
----------------- Invoking toplevel() on ptolemy.moml.MoMLSimpleApplication@12d7742f
----------------- Done invoking toplevel() on ptolemy.moml.MoMLSimpleApplication@12d7742f
reloadAllAccessors: .Differential

===========================================================================================
----------------- testing Mon Aug 23 21:16:57 UTC 2021 /home/travis/build/icyphy/ptII/ptolemy/actor/lib/test/auto/Director.xml
----------------- Instantiating /home/travis/build/icyphy/ptII/ptolemy/actor/lib/test/auto/Director.xml
3 ms. Memory: 512000K Free: 394752K (77%)
----------------- Invoking toplevel() on ptolemy.moml.MoMLSimpleApplication@14209fbe
----------------- Done invoking toplevel() on ptolemy.moml.MoMLSimpleApplication@14209fbe
reloadAllAccessors: .Director

===========================================================================================
----------------- testing Mon Aug 23 21:16:57 UTC 2021 /home/travis/build/icyphy/ptII/ptolemy/actor/lib/test/auto/DiscreteClock.xml
----------------- Instantiating /home/travis/build/icyphy/ptII/ptolemy/actor/lib/test/auto/DiscreteClock.xml
1 ms. Memory: 512000K Free: 391166K (76%)
----------------- Invoking toplevel() on ptolemy.moml.MoMLSimpleApplication@65f8ccd8
----------------- Done invoking toplevel() on ptolemy.moml.MoMLSimpleApplication@65f8ccd8
reloadAllAccessors: .DiscreteClock

===========================================================================================
----------------- testing Mon Aug 23 21:16:57 UTC 2021 /home/travis/build/icyphy/ptII/ptolemy/actor/lib/test/auto/DiscreteClock10.xml
----------------- Instantiating /home/travis/build/icyphy/ptII/ptolemy/actor/lib/test/auto/DiscreteClock10.xml
3 ms. Memory: 512000K Free: 385022K (75%)
----------------- Invoking toplevel() on ptolemy.moml.MoMLSimpleApplication@6da1966e
----------------- Done invoking toplevel() on ptolemy.moml.MoMLSimpleApplication@6da1966e
reloadAllAccessors: .DiscreteClock10

===========================================================================================
----------------- testing Mon Aug 23 21:16:57 UTC 2021 /home/travis/build/icyphy/ptII/ptolemy/actor/lib/test/auto/DiscreteClock11.xml
----------------- Instantiating /home/travis/build/icyphy/ptII/ptolemy/actor/lib/test/auto/DiscreteClock11.xml
1 ms. Memory: 512000K Free: 378878K (74%)
----------------- Invoking toplevel() on ptolemy.moml.MoMLSimpleApplication@7ce3b0eb
----------------- Done invoking toplevel() on ptolemy.moml.MoMLSimpleApplication@7ce3b0eb
reloadAllAccessors: .DiscreteClock11

===========================================================================================
----------------- testing Mon Aug 23 21:16:57 UTC 2021 /home/travis/build/icyphy/ptII/ptolemy/actor/lib/test/auto/DiscreteClock12.xml
----------------- Instantiating /home/travis/build/icyphy/ptII/ptolemy/actor/lib/test/auto/DiscreteClock12.xml
3 ms. Memory: 512000K Free: 373248K (73%)
----------------- Invoking toplevel() on ptolemy.moml.MoMLSimpleApplication@bb70367
----------------- Done invoking toplevel() on ptolemy.moml.MoMLSimpleApplication@bb70367
reloadAllAccessors: .DiscreteClock12

===========================================================================================
----------------- testing Mon Aug 23 21:16:57 UTC 2021 /home/travis/build/icyphy/ptII/ptolemy/actor/lib/test/auto/DiscreteClock13.xml
----------------- Instantiating /home/travis/build/icyphy/ptII/ptolemy/actor/lib/test/auto/DiscreteClock13.xml
5 ms. Memory: 512000K Free: 367104K (72%)
----------------- Invoking toplevel() on ptolemy.moml.MoMLSimpleApplication@4a3ff2ef
----------------- Done invoking toplevel() on ptolemy.moml.MoMLSimpleApplication@4a3ff2ef
reloadAllAccessors: .DiscreteClock13

===========================================================================================
----------------- testing Mon Aug 23 21:16:57 UTC 2021 /home/travis/build/icyphy/ptII/ptolemy/actor/lib/test/auto/DiscreteClock14.xml
----------------- Instantiating /home/travis/build/icyphy/ptII/ptolemy/actor/lib/test/auto/DiscreteClock14.xml
5 ms. Memory: 512000K Free: 360960K (71%)
----------------- Invoking toplevel() on ptolemy.moml.MoMLSimpleApplication@2e8ad61a
----------------- Done invoking toplevel() on ptolemy.moml.MoMLSimpleApplication@2e8ad61a
reloadAllAccessors: .DiscreteClock14

===========================================================================================
----------------- testing Mon Aug 23 21:16:57 UTC 2021 /home/travis/build/icyphy/ptII/ptolemy/actor/lib/test/auto/DiscreteClock15.xml
----------------- Instantiating /home/travis/build/icyphy/ptII/ptolemy/actor/lib/test/auto/DiscreteClock15.xml
5 ms. Memory: 512000K Free: 354816K (69%)
----------------- Invoking toplevel() on ptolemy.moml.MoMLSimpleApplication@1d6024b6
----------------- Done invoking toplevel() on ptolemy.moml.MoMLSimpleApplication@1d6024b6
reloadAllAccessors: .DiscreteClock15

===========================================================================================
----------------- testing Mon Aug 23 21:16:58 UTC 2021 /home/travis/build/icyphy/ptII/ptolemy/actor/lib/test/auto/DiscreteClock16.xml
----------------- Instantiating /home/travis/build/icyphy/ptII/ptolemy/actor/lib/test/auto/DiscreteClock16.xml
17 ms. Memory: 512000K Free: 341504K (67%)
----------------- Invoking toplevel() on ptolemy.moml.MoMLSimpleApplication@42eaac6c
----------------- Done invoking toplevel() on ptolemy.moml.MoMLSimpleApplication@42eaac6c
reloadAllAccessors: .DiscreteClock16

===========================================================================================
----------------- testing Mon Aug 23 21:16:58 UTC 2021 /home/travis/build/icyphy/ptII/ptolemy/actor/lib/test/auto/DiscreteClock17.xml
----------------- Instantiating /home/travis/build/icyphy/ptII/ptolemy/actor/lib/test/auto/DiscreteClock17.xml
15 ms. Memory: 512000K Free: 326639K (64%)
----------------- Invoking toplevel() on ptolemy.moml.MoMLSimpleApplication@3637c01
----------------- Done invoking toplevel() on ptolemy.moml.MoMLSimpleApplication@3637c01
reloadAllAccessors: .DiscreteClock17

===========================================================================================
----------------- testing Mon Aug 23 21:16:58 UTC 2021 /home/travis/build/icyphy/ptII/ptolemy/actor/lib/test/auto/DiscreteClock18.xml
----------------- Instantiating /home/travis/build/icyphy/ptII/ptolemy/actor/lib/test/auto/DiscreteClock18.xml
23 ms. Memory: 512000K Free: 313327K (61%)
----------------- Invoking toplevel() on ptolemy.moml.MoMLSimpleApplication@737e7299
----------------- Done invoking toplevel() on ptolemy.moml.MoMLSimpleApplication@737e7299
reloadAllAccessors: .DiscreteClock18

===========================================================================================
----------------- testing Mon Aug 23 21:16:58 UTC 2021 /home/travis/build/icyphy/ptII/ptolemy/actor/lib/test/auto/DiscreteClock19.xml
----------------- Instantiating /home/travis/build/icyphy/ptII/ptolemy/actor/lib/test/auto/DiscreteClock19.xml
18 ms. Memory: 512000K Free: 299520K (59%)
----------------- Invoking toplevel() on ptolemy.moml.MoMLSimpleApplication@5800560
----------------- Done invoking toplevel() on ptolemy.moml.MoMLSimpleApplication@5800560
reloadAllAccessors: .DiscreteClock19

===========================================================================================
----------------- testing Mon Aug 23 21:16:58 UTC 2021 /home/travis/build/icyphy/ptII/ptolemy/actor/lib/test/auto/DiscreteClock2.xml
----------------- Instantiating /home/travis/build/icyphy/ptII/ptolemy/actor/lib/test/auto/DiscreteClock2.xml
4 ms. Memory: 512000K Free: 294879K (58%)
----------------- Invoking toplevel() on ptolemy.moml.MoMLSimpleApplication@574f8abf
----------------- Done invoking toplevel() on ptolemy.moml.MoMLSimpleApplication@574f8abf
reloadAllAccessors: .DiscreteClock2

===========================================================================================
----------------- testing Mon Aug 23 21:16:58 UTC 2021 /home/travis/build/icyphy/ptII/ptolemy/actor/lib/test/auto/DiscreteClock20.xml
----------------- Instantiating /home/travis/build/icyphy/ptII/ptolemy/actor/lib/test/auto/DiscreteClock20.xml
9 ms. Memory: 512000K Free: 289280K (56%)
----------------- Invoking toplevel() on ptolemy.moml.MoMLSimpleApplication@6799f152
----------------- Done invoking toplevel() on ptolemy.moml.MoMLSimpleApplication@6799f152
reloadAllAccessors: .DiscreteClock20

===========================================================================================
----------------- testing Mon Aug 23 21:16:58 UTC 2021 /home/travis/build/icyphy/ptII/ptolemy/actor/lib/test/auto/DiscreteClock21.xml
----------------- Instantiating /home/travis/build/icyphy/ptII/ptolemy/actor/lib/test/auto/DiscreteClock21.xml
5 ms. Memory: 512000K Free: 283646K (55%)
----------------- Invoking toplevel() on ptolemy.moml.MoMLSimpleApplication@62ae5a44
----------------- Done invoking toplevel() on ptolemy.moml.MoMLSimpleApplication@62ae5a44
reloadAllAccessors: .DiscreteClock21

===========================================================================================
----------------- testing Mon Aug 23 21:16:58 UTC 2021 /home/travis/build/icyphy/ptII/ptolemy/actor/lib/test/auto/DiscreteClock22.xml
----------------- Instantiating /home/travis/build/icyphy/ptII/ptolemy/actor/lib/test/auto/DiscreteClock22.xml
6 ms. Memory: 512000K Free: 278016K (54%)
----------------- Invoking toplevel() on ptolemy.moml.MoMLSimpleApplication@1ad07f06
----------------- Done invoking toplevel() on ptolemy.moml.MoMLSimpleApplication@1ad07f06
reloadAllAccessors: .DiscreteClock22

===========================================================================================
----------------- testing Mon Aug 23 21:16:58 UTC 2021 /home/travis/build/icyphy/ptII/ptolemy/actor/lib/test/auto/DiscreteClock23.xml
----------------- Instantiating /home/travis/build/icyphy/ptII/ptolemy/actor/lib/test/auto/DiscreteClock23.xml
10 ms. Memory: 512000K Free: 272896K (53%)
----------------- Invoking toplevel() on ptolemy.moml.MoMLSimpleApplication@655e17d0
----------------- Done invoking toplevel() on ptolemy.moml.MoMLSimpleApplication@655e17d0
reloadAllAccessors: .DiscreteClock23

===========================================================================================
----------------- testing Mon Aug 23 21:16:58 UTC 2021 /home/travis/build/icyphy/ptII/ptolemy/actor/lib/test/auto/DiscreteClock24.xml
----------------- Instantiating /home/travis/build/icyphy/ptII/ptolemy/actor/lib/test/auto/DiscreteClock24.xml
5 ms. Memory: 512000K Free: 267262K (52%)
----------------- Invoking toplevel() on ptolemy.moml.MoMLSimpleApplication@44374beb
----------------- Done invoking toplevel() on ptolemy.moml.MoMLSimpleApplication@44374beb
reloadAllAccessors: .DiscreteClock24

===========================================================================================
----------------- testing Mon Aug 23 21:16:58 UTC 2021 /home/travis/build/icyphy/ptII/ptolemy/actor/lib/test/auto/DiscreteClock4.xml
----------------- Instantiating /home/travis/build/icyphy/ptII/ptolemy/actor/lib/test/auto/DiscreteClock4.xml
3 ms. Memory: 512000K Free: 261632K (51%)
----------------- Invoking toplevel() on ptolemy.moml.MoMLSimpleApplication@6a7ecbc0
----------------- Done invoking toplevel() on ptolemy.moml.MoMLSimpleApplication@6a7ecbc0
reloadAllAccessors: .DiscreteClock4

===========================================================================================
----------------- testing Mon Aug 23 21:16:58 UTC 2021 /home/travis/build/icyphy/ptII/ptolemy/actor/lib/test/auto/DiscreteClock5.xml
----------------- Instantiating /home/travis/build/icyphy/ptII/ptolemy/actor/lib/test/auto/DiscreteClock5.xml
1 ms. Memory: 512000K Free: 255983K (50%)
----------------- Invoking toplevel() on ptolemy.moml.MoMLSimpleApplication@2b6fe3cd
----------------- Done invoking toplevel() on ptolemy.moml.MoMLSimpleApplication@2b6fe3cd
reloadAllAccessors: .DiscreteClock5

===========================================================================================
----------------- testing Mon Aug 23 21:16:58 UTC 2021 /home/travis/build/icyphy/ptII/ptolemy/actor/lib/test/auto/DiscreteClock6.xml
----------------- Instantiating /home/travis/build/icyphy/ptII/ptolemy/actor/lib/test/auto/DiscreteClock6.xml
2 ms. Memory: 512000K Free: 252416K (49%)
----------------- Invoking toplevel() on ptolemy.moml.MoMLSimpleApplication@335d41a9
----------------- Done invoking toplevel() on ptolemy.moml.MoMLSimpleApplication@335d41a9
reloadAllAccessors: .DiscreteClock6

===========================================================================================
----------------- testing Mon Aug 23 21:16:58 UTC 2021 /home/travis/build/icyphy/ptII/ptolemy/actor/lib/test/auto/DiscreteClock7.xml
----------------- Instantiating /home/travis/build/icyphy/ptII/ptolemy/actor/lib/test/auto/DiscreteClock7.xml
1 ms. Memory: 512000K Free: 247806K (48%)
----------------- Invoking toplevel() on ptolemy.moml.MoMLSimpleApplication@40e60222
----------------- Done invoking toplevel() on ptolemy.moml.MoMLSimpleApplication@40e60222
reloadAllAccessors: .DiscreteClock7

===========================================================================================
----------------- testing Mon Aug 23 21:16:58 UTC 2021 /home/travis/build/icyphy/ptII/ptolemy/actor/lib/test/auto/DiscreteClock8.xml
----------------- Instantiating /home/travis/build/icyphy/ptII/ptolemy/actor/lib/test/auto/DiscreteClock8.xml
2 ms. Memory: 512000K Free: 242176K (47%)
----------------- Invoking toplevel() on ptolemy.moml.MoMLSimpleApplication@2ba855c1
----------------- Done invoking toplevel() on ptolemy.moml.MoMLSimpleApplication@2ba855c1
reloadAllAccessors: .DiscreteClock8

===========================================================================================
----------------- testing Mon Aug 23 21:16:58 UTC 2021 /home/travis/build/icyphy/ptII/ptolemy/actor/lib/test/auto/DiscreteClock9.xml
----------------- Instantiating /home/travis/build/icyphy/ptII/ptolemy/actor/lib/test/auto/DiscreteClock9.xml
4 ms. Memory: 512000K Free: 236032K (46%)
----------------- Invoking toplevel() on ptolemy.moml.MoMLSimpleApplication@895bc77
----------------- Done invoking toplevel() on ptolemy.moml.MoMLSimpleApplication@895bc77
reloadAllAccessors: .DiscreteClock9

===========================================================================================
----------------- testing Mon Aug 23 21:16:58 UTC 2021 /home/travis/build/icyphy/ptII/ptolemy/actor/lib/test/auto/DisplayArray.xml
----------------- Instantiating /home/travis/build/icyphy/ptII/ptolemy/actor/lib/test/auto/DisplayArray.xml
2 ms. Memory: 512000K Free: 232446K (45%)
----------------- Invoking toplevel() on ptolemy.moml.MoMLSimpleApplication@4c01638f
----------------- Done invoking toplevel() on ptolemy.moml.MoMLSimpleApplication@4c01638f
reloadAllAccessors: .DisplayArray

===========================================================================================
----------------- testing Mon Aug 23 21:16:58 UTC 2021 /home/travis/build/icyphy/ptII/ptolemy/actor/lib/test/auto/Distributor.xml
----------------- Instantiating /home/travis/build/icyphy/ptII/ptolemy/actor/lib/test/auto/Distributor.xml
1 ms. Memory: 512000K Free: 228350K (45%)
----------------- Invoking toplevel() on ptolemy.moml.MoMLSimpleApplication@6921dc5a
----------------- Done invoking toplevel() on ptolemy.moml.MoMLSimpleApplication@6921dc5a
reloadAllAccessors: .Distributor

===========================================================================================
----------------- testing Mon Aug 23 21:16:58 UTC 2021 /home/travis/build/icyphy/ptII/ptolemy/actor/lib/test/auto/Distributor2.xml
----------------- Instantiating /home/travis/build/icyphy/ptII/ptolemy/actor/lib/test/auto/Distributor2.xml
1 ms. Memory: 512000K Free: 223230K (44%)
----------------- Invoking toplevel() on ptolemy.moml.MoMLSimpleApplication@4c504a5e
----------------- Done invoking toplevel() on ptolemy.moml.MoMLSimpleApplication@4c504a5e
reloadAllAccessors: .Distributor2

===========================================================================================
----------------- testing Mon Aug 23 21:16:58 UTC 2021 /home/travis/build/icyphy/ptII/ptolemy/actor/lib/test/auto/DownSample.xml
----------------- Instantiating /home/travis/build/icyphy/ptII/ptolemy/actor/lib/test/auto/DownSample.xml
1 ms. Memory: 512000K Free: 218624K (43%)
----------------- Invoking toplevel() on ptolemy.moml.MoMLSimpleApplication@7077b014
----------------- Done invoking toplevel() on ptolemy.moml.MoMLSimpleApplication@7077b014
reloadAllAccessors: .DownSample

===========================================================================================
----------------- testing Mon Aug 23 21:16:58 UTC 2021 /home/travis/build/icyphy/ptII/ptolemy/actor/lib/test/auto/ElectronicUnitBase1.xml
----------------- Instantiating /home/travis/build/icyphy/ptII/ptolemy/actor/lib/test/auto/ElectronicUnitBase1.xml
15 ms. Memory: 512000K Free: 202750K (40%)
----------------- Invoking toplevel() on ptolemy.moml.MoMLSimpleApplication@6b5b21f
----------------- Done invoking toplevel() on ptolemy.moml.MoMLSimpleApplication@6b5b21f
reloadAllAccessors: .ElectronicUnitBase1

===========================================================================================
----------------- testing Mon Aug 23 21:16:58 UTC 2021 /home/travis/build/icyphy/ptII/ptolemy/actor/lib/test/auto/ElementsToArray.xml
----------------- Instantiating /home/travis/build/icyphy/ptII/ptolemy/actor/lib/test/auto/ElementsToArray.xml
2 ms. Memory: 512000K Free: 198144K (39%)
----------------- Invoking toplevel() on ptolemy.moml.MoMLSimpleApplication@3e7e3439
----------------- Done invoking toplevel() on ptolemy.moml.MoMLSimpleApplication@3e7e3439
reloadAllAccessors: .ElementsToArray

===========================================================================================
----------------- testing Mon Aug 23 21:16:58 UTC 2021 /home/travis/build/icyphy/ptII/ptolemy/actor/lib/test/auto/Equals.xml
----------------- Instantiating /home/travis/build/icyphy/ptII/ptolemy/actor/lib/test/auto/Equals.xml
3 ms. Memory: 512000K Free: 193534K (38%)
----------------- Invoking toplevel() on ptolemy.moml.MoMLSimpleApplication@2975c7b
----------------- Done invoking toplevel() on ptolemy.moml.MoMLSimpleApplication@2975c7b
reloadAllAccessors: .Equals

===========================================================================================
----------------- testing Mon Aug 23 21:16:58 UTC 2021 /home/travis/build/icyphy/ptII/ptolemy/actor/lib/test/auto/Exec.xml
----------------- Instantiating /home/travis/build/icyphy/ptII/ptolemy/actor/lib/test/auto/Exec.xml
17 ms. Memory: 512000K Free: 188926K (37%)
----------------- Invoking toplevel() on ptolemy.moml.MoMLSimpleApplication@55b69970
----------------- Done invoking toplevel() on ptolemy.moml.MoMLSimpleApplication@55b69970
reloadAllAccessors: .Exec

===========================================================================================
----------------- testing Mon Aug 23 21:16:58 UTC 2021 /home/travis/build/icyphy/ptII/ptolemy/actor/lib/test/auto/ExecEnvironment.xml
----------------- Instantiating /home/travis/build/icyphy/ptII/ptolemy/actor/lib/test/auto/ExecEnvironment.xml
25 ms. Memory: 512000K Free: 183808K (36%)
----------------- Invoking toplevel() on ptolemy.moml.MoMLSimpleApplication@12950ea
----------------- Done invoking toplevel() on ptolemy.moml.MoMLSimpleApplication@12950ea
reloadAllAccessors: .ExecEnvironment

===========================================================================================
----------------- testing Mon Aug 23 21:16:58 UTC 2021 /home/travis/build/icyphy/ptII/ptolemy/actor/lib/test/auto/ExecNonZeroReturnOutput.xml
----------------- Instantiating /home/travis/build/icyphy/ptII/ptolemy/actor/lib/test/auto/ExecNonZeroReturnOutput.xml
148 ms. Memory: 512000K Free: 172544K (34%)
----------------- Invoking toplevel() on ptolemy.moml.MoMLSimpleApplication@32935478
----------------- Done invoking toplevel() on ptolemy.moml.MoMLSimpleApplication@32935478
reloadAllAccessors: .ExecNonZeroReturnOutput

===========================================================================================
----------------- testing Mon Aug 23 21:16:58 UTC 2021 /home/travis/build/icyphy/ptII/ptolemy/actor/lib/test/auto/ExecRunDemos.xml
----------------- Instantiating /home/travis/build/icyphy/ptII/ptolemy/actor/lib/test/auto/ExecRunDemos.xml
Finished: 59 ms. Memory: 129024K Free: 112111K (87%)

Finished: 72 ms. Memory: 129024K Free: 109468K (85%)

Finished: 61 ms. Memory: 129024K Free: 109654K (85%)

Finished: 74 ms. Memory: 129024K Free: 111012K (86%)

Finished: 90 ms. Memory: 129024K Free: 111923K (87%)

10038 ms. Memory: 512000K Free: 448510K (88%)
----------------- Invoking toplevel() on ptolemy.moml.MoMLSimpleApplication@2ba66335
----------------- Done invoking toplevel() on ptolemy.moml.MoMLSimpleApplication@2ba66335
reloadAllAccessors: .ExecRunDemos

===========================================================================================
----------------- testing Mon Aug 23 21:17:08 UTC 2021 /home/travis/build/icyphy/ptII/ptolemy/actor/lib/test/auto/ExecStop.xml
----------------- Instantiating /home/travis/build/icyphy/ptII/ptolemy/actor/lib/test/auto/ExecStop.xml
5020 ms. Memory: 512000K Free: 287232K (56%)
----------------- Invoking toplevel() on ptolemy.moml.MoMLSimpleApplication@30c2d0ca
----------------- Done invoking toplevel() on ptolemy.moml.MoMLSimpleApplication@30c2d0ca
reloadAllAccessors: .ExecStop

===========================================================================================
----------------- testing Mon Aug 23 21:17:13 UTC 2021 /home/travis/build/icyphy/ptII/ptolemy/actor/lib/test/auto/ExecutionTimeSDF.xml
----------------- Instantiating /home/travis/build/icyphy/ptII/ptolemy/actor/lib/test/auto/ExecutionTimeSDF.xml
Fired ExecutionTime: -557767296
Fired ExecutionTime: 1350400000
Fired ExecutionTime: -160567296
6007 ms. Memory: 512000K Free: 274944K (54%)
----------------- Invoking toplevel() on ptolemy.moml.MoMLSimpleApplication@a29c2a1
----------------- Done invoking toplevel() on ptolemy.moml.MoMLSimpleApplication@a29c2a1
reloadAllAccessors: .ExecutionTimeSDF

===========================================================================================
----------------- testing Mon Aug 23 21:17:20 UTC 2021 /home/travis/build/icyphy/ptII/ptolemy/actor/lib/test/auto/Expression1.xml
----------------- Instantiating /home/travis/build/icyphy/ptII/ptolemy/actor/lib/test/auto/Expression1.xml
5 ms. Memory: 512000K Free: 271872K (53%)
----------------- Invoking toplevel() on ptolemy.moml.MoMLSimpleApplication@20e5956f
----------------- Done invoking toplevel() on ptolemy.moml.MoMLSimpleApplication@20e5956f
reloadAllAccessors: .Expression1

===========================================================================================
----------------- testing Mon Aug 23 21:17:20 UTC 2021 /home/travis/build/icyphy/ptII/ptolemy/actor/lib/test/auto/Expression10.xml
----------------- Instantiating /home/travis/build/icyphy/ptII/ptolemy/actor/lib/test/auto/Expression10.xml
9 ms. Memory: 512000K Free: 266238K (52%)
----------------- Invoking toplevel() on ptolemy.moml.MoMLSimpleApplication@710ff5ab
----------------- Done invoking toplevel() on ptolemy.moml.MoMLSimpleApplication@710ff5ab
reloadAllAccessors: .Expression10

===========================================================================================
----------------- testing Mon Aug 23 21:17:20 UTC 2021 /home/travis/build/icyphy/ptII/ptolemy/actor/lib/test/auto/Expression11.xml
----------------- Instantiating /home/travis/build/icyphy/ptII/ptolemy/actor/lib/test/auto/Expression11.xml
3 ms. Memory: 512000K Free: 261630K (51%)
----------------- Invoking toplevel() on ptolemy.moml.MoMLSimpleApplication@36234d1
----------------- Done invoking toplevel() on ptolemy.moml.MoMLSimpleApplication@36234d1
reloadAllAccessors: .Expression11

===========================================================================================
----------------- testing Mon Aug 23 21:17:20 UTC 2021 /home/travis/build/icyphy/ptII/ptolemy/actor/lib/test/auto/Expression12.xml
----------------- Instantiating /home/travis/build/icyphy/ptII/ptolemy/actor/lib/test/auto/Expression12.xml
3 ms. Memory: 512000K Free: 255998K (50%)
----------------- Invoking toplevel() on ptolemy.moml.MoMLSimpleApplication@4b499281
----------------- Done invoking toplevel() on ptolemy.moml.MoMLSimpleApplication@4b499281
reloadAllAccessors: .Expression12

===========================================================================================
----------------- testing Mon Aug 23 21:17:20 UTC 2021 /home/travis/build/icyphy/ptII/ptolemy/actor/lib/test/auto/Expression13.xml
----------------- Instantiating /home/travis/build/icyphy/ptII/ptolemy/actor/lib/test/auto/Expression13.xml
3 ms. Memory: 512000K Free: 251392K (49%)
----------------- Invoking toplevel() on ptolemy.moml.MoMLSimpleApplication@1379453c
----------------- Done invoking toplevel() on ptolemy.moml.MoMLSimpleApplication@1379453c
reloadAllAccessors: .Expression13

===========================================================================================
----------------- testing Mon Aug 23 21:17:20 UTC 2021 /home/travis/build/icyphy/ptII/ptolemy/actor/lib/test/auto/Expression14.xml
----------------- Instantiating /home/travis/build/icyphy/ptII/ptolemy/actor/lib/test/auto/Expression14.xml
6 ms. Memory: 512000K Free: 245248K (48%)
----------------- Invoking toplevel() on ptolemy.moml.MoMLSimpleApplication@7c2b5b13
----------------- Done invoking toplevel() on ptolemy.moml.MoMLSimpleApplication@7c2b5b13
reloadAllAccessors: .Expression14

===========================================================================================
----------------- testing Mon Aug 23 21:17:20 UTC 2021 /home/travis/build/icyphy/ptII/ptolemy/actor/lib/test/auto/Expression15.xml
----------------- Instantiating /home/travis/build/icyphy/ptII/ptolemy/actor/lib/test/auto/Expression15.xml
1 ms. Memory: 512000K Free: 241662K (47%)
----------------- Invoking toplevel() on ptolemy.moml.MoMLSimpleApplication@32567b8a
----------------- Done invoking toplevel() on ptolemy.moml.MoMLSimpleApplication@32567b8a
reloadAllAccessors: .Expression15

===========================================================================================
----------------- testing Mon Aug 23 21:17:20 UTC 2021 /home/travis/build/icyphy/ptII/ptolemy/actor/lib/test/auto/Expression16.xml
----------------- Instantiating /home/travis/build/icyphy/ptII/ptolemy/actor/lib/test/auto/Expression16.xml
3 ms. Memory: 512000K Free: 236542K (46%)
----------------- Invoking toplevel() on ptolemy.moml.MoMLSimpleApplication@7b12675b
----------------- Done invoking toplevel() on ptolemy.moml.MoMLSimpleApplication@7b12675b
reloadAllAccessors: .Expression16

===========================================================================================
----------------- testing Mon Aug 23 21:17:20 UTC 2021 /home/travis/build/icyphy/ptII/ptolemy/actor/lib/test/auto/Expression17.xml
----------------- Instantiating /home/travis/build/icyphy/ptII/ptolemy/actor/lib/test/auto/Expression17.xml
3 ms. Memory: 512000K Free: 231936K (45%)
----------------- Invoking toplevel() on ptolemy.moml.MoMLSimpleApplication@181b69cc
----------------- Done invoking toplevel() on ptolemy.moml.MoMLSimpleApplication@181b69cc
reloadAllAccessors: .Expression17

===========================================================================================
----------------- testing Mon Aug 23 21:17:20 UTC 2021 /home/travis/build/icyphy/ptII/ptolemy/actor/lib/test/auto/Expression18.xml
----------------- Instantiating /home/travis/build/icyphy/ptII/ptolemy/actor/lib/test/auto/Expression18.xml
4 ms. Memory: 512000K Free: 226302K (44%)
----------------- Invoking toplevel() on ptolemy.moml.MoMLSimpleApplication@71b741ea
----------------- Done invoking toplevel() on ptolemy.moml.MoMLSimpleApplication@71b741ea
reloadAllAccessors: .Expression18

===========================================================================================
----------------- testing Mon Aug 23 21:17:20 UTC 2021 /home/travis/build/icyphy/ptII/ptolemy/actor/lib/test/auto/Expression2.xml
----------------- Instantiating /home/travis/build/icyphy/ptII/ptolemy/actor/lib/test/auto/Expression2.xml
2 ms. Memory: 512000K Free: 221182K (43%)
----------------- Invoking toplevel() on ptolemy.moml.MoMLSimpleApplication@4ac7e766
----------------- Done invoking toplevel() on ptolemy.moml.MoMLSimpleApplication@4ac7e766
reloadAllAccessors: .Expression2

===========================================================================================
----------------- testing Mon Aug 23 21:17:20 UTC 2021 /home/travis/build/icyphy/ptII/ptolemy/actor/lib/test/auto/Expression3.xml
----------------- Instantiating /home/travis/build/icyphy/ptII/ptolemy/actor/lib/test/auto/Expression3.xml
5 ms. Memory: 512000K Free: 216576K (42%)
----------------- Invoking toplevel() on ptolemy.moml.MoMLSimpleApplication@3fa456ff
----------------- Done invoking toplevel() on ptolemy.moml.MoMLSimpleApplication@3fa456ff
reloadAllAccessors: .Expression3

===========================================================================================
----------------- testing Mon Aug 23 21:17:20 UTC 2021 /home/travis/build/icyphy/ptII/ptolemy/actor/lib/test/auto/Expression4.xml
----------------- Instantiating /home/travis/build/icyphy/ptII/ptolemy/actor/lib/test/auto/Expression4.xml
3 ms. Memory: 512000K Free: 208879K (41%)
----------------- Invoking toplevel() on ptolemy.moml.MoMLSimpleApplication@4ee3470f
----------------- Done invoking toplevel() on ptolemy.moml.MoMLSimpleApplication@4ee3470f
reloadAllAccessors: .Expression4

===========================================================================================
----------------- testing Mon Aug 23 21:17:20 UTC 2021 /home/travis/build/icyphy/ptII/ptolemy/actor/lib/test/auto/Expression5.xml
----------------- Instantiating /home/travis/build/icyphy/ptII/ptolemy/actor/lib/test/auto/Expression5.xml
4 ms. Memory: 512000K Free: 204288K (40%)
----------------- Invoking toplevel() on ptolemy.moml.MoMLSimpleApplication@67a557db
----------------- Done invoking toplevel() on ptolemy.moml.MoMLSimpleApplication@67a557db
reloadAllAccessors: .Expression5

===========================================================================================
----------------- testing Mon Aug 23 21:17:20 UTC 2021 /home/travis/build/icyphy/ptII/ptolemy/actor/lib/test/auto/Expression6.xml
----------------- Instantiating /home/travis/build/icyphy/ptII/ptolemy/actor/lib/test/auto/Expression6.xml
2 ms. Memory: 512000K Free: 199678K (39%)
----------------- Invoking toplevel() on ptolemy.moml.MoMLSimpleApplication@53f2b4aa
----------------- Done invoking toplevel() on ptolemy.moml.MoMLSimpleApplication@53f2b4aa
reloadAllAccessors: .Expression6

===========================================================================================
----------------- testing Mon Aug 23 21:17:20 UTC 2021 /home/travis/build/icyphy/ptII/ptolemy/actor/lib/test/auto/Expression7.xml
----------------- Instantiating /home/travis/build/icyphy/ptII/ptolemy/actor/lib/test/auto/Expression7.xml
2 ms. Memory: 512000K Free: 194558K (38%)
----------------- Invoking toplevel() on ptolemy.moml.MoMLSimpleApplication@1bcf99ff
----------------- Done invoking toplevel() on ptolemy.moml.MoMLSimpleApplication@1bcf99ff
reloadAllAccessors: .Expression7

===========================================================================================
----------------- testing Mon Aug 23 21:17:20 UTC 2021 /home/travis/build/icyphy/ptII/ptolemy/actor/lib/test/auto/Expression8.xml
----------------- Instantiating /home/travis/build/icyphy/ptII/ptolemy/actor/lib/test/auto/Expression8.xml
7 ms. Memory: 512000K Free: 189952K (37%)
----------------- Invoking toplevel() on ptolemy.moml.MoMLSimpleApplication@23621759
----------------- Done invoking toplevel() on ptolemy.moml.MoMLSimpleApplication@23621759
reloadAllAccessors: .Expression8

===========================================================================================
----------------- testing Mon Aug 23 21:17:20 UTC 2021 /home/travis/build/icyphy/ptII/ptolemy/actor/lib/test/auto/Expression9.xml
----------------- Instantiating /home/travis/build/icyphy/ptII/ptolemy/actor/lib/test/auto/Expression9.xml
1 ms. Memory: 512000K Free: 185856K (36%)
----------------- Invoking toplevel() on ptolemy.moml.MoMLSimpleApplication@443851dc
----------------- Done invoking toplevel() on ptolemy.moml.MoMLSimpleApplication@443851dc
reloadAllAccessors: .Expression9

===========================================================================================
----------------- testing Mon Aug 23 21:17:20 UTC 2021 /home/travis/build/icyphy/ptII/ptolemy/actor/lib/test/auto/ExpressionConcatenateArrayType.xml
----------------- Instantiating /home/travis/build/icyphy/ptII/ptolemy/actor/lib/test/auto/ExpressionConcatenateArrayType.xml
2 ms. Memory: 512000K Free: 179198K (35%)
----------------- Invoking toplevel() on ptolemy.moml.MoMLSimpleApplication@510a04d2
----------------- Done invoking toplevel() on ptolemy.moml.MoMLSimpleApplication@510a04d2
reloadAllAccessors: .ExpressionConcatenateArrayType

===========================================================================================
----------------- testing Mon Aug 23 21:17:20 UTC 2021 /home/travis/build/icyphy/ptII/ptolemy/actor/lib/test/auto/ExpressionConcatenateArrayType2.xml
----------------- Instantiating /home/travis/build/icyphy/ptII/ptolemy/actor/lib/test/auto/ExpressionConcatenateArrayType2.xml
1 ms. Memory: 512000K Free: 174078K (34%)
----------------- Invoking toplevel() on ptolemy.moml.MoMLSimpleApplication@798b794c
----------------- Done invoking toplevel() on ptolemy.moml.MoMLSimpleApplication@798b794c
reloadAllAccessors: .ExpressionConcatenateArrayType2

===========================================================================================
----------------- testing Mon Aug 23 21:17:20 UTC 2021 /home/travis/build/icyphy/ptII/ptolemy/actor/lib/test/auto/ExpressionFix.xml
----------------- Instantiating /home/travis/build/icyphy/ptII/ptolemy/actor/lib/test/auto/ExpressionFix.xml
18 ms. Memory: 512000K Free: 167424K (33%)
----------------- Invoking toplevel() on ptolemy.moml.MoMLSimpleApplication@6d852fac
----------------- Done invoking toplevel() on ptolemy.moml.MoMLSimpleApplication@6d852fac
reloadAllAccessors: .ExpressionFix

===========================================================================================
----------------- testing Mon Aug 23 21:17:20 UTC 2021 /home/travis/build/icyphy/ptII/ptolemy/actor/lib/test/auto/ExpressionFix2.xml
----------------- Instantiating /home/travis/build/icyphy/ptII/ptolemy/actor/lib/test/auto/ExpressionFix2.xml
1 ms. Memory: 512000K Free: 460783K (90%)
----------------- Invoking toplevel() on ptolemy.moml.MoMLSimpleApplication@2ce1afc5
----------------- Done invoking toplevel() on ptolemy.moml.MoMLSimpleApplication@2ce1afc5
reloadAllAccessors: .ExpressionFix2

===========================================================================================
----------------- testing Mon Aug 23 21:17:20 UTC 2021 /home/travis/build/icyphy/ptII/ptolemy/actor/lib/test/auto/ExpressionFix3.xml
----------------- Instantiating /home/travis/build/icyphy/ptII/ptolemy/actor/lib/test/auto/ExpressionFix3.xml
2 ms. Memory: 512000K Free: 456190K (89%)
----------------- Invoking toplevel() on ptolemy.moml.MoMLSimpleApplication@6411d6e7
----------------- Done invoking toplevel() on ptolemy.moml.MoMLSimpleApplication@6411d6e7
reloadAllAccessors: .ExpressionFix3

===========================================================================================
----------------- testing Mon Aug 23 21:17:20 UTC 2021 /home/travis/build/icyphy/ptII/ptolemy/actor/lib/test/auto/FileWriter1.xml
----------------- Instantiating /home/travis/build/icyphy/ptII/ptolemy/actor/lib/test/auto/FileWriter1.xml
2 ms. Memory: 512000K Free: 452096K (88%)
----------------- Invoking toplevel() on ptolemy.moml.MoMLSimpleApplication@606971d7
----------------- Done invoking toplevel() on ptolemy.moml.MoMLSimpleApplication@606971d7
reloadAllAccessors: .FileWriter1

===========================================================================================
----------------- testing Mon Aug 23 21:17:20 UTC 2021 /home/travis/build/icyphy/ptII/ptolemy/actor/lib/test/auto/FileWriter2.xml
----------------- Instantiating /home/travis/build/icyphy/ptII/ptolemy/actor/lib/test/auto/FileWriter2.xml
2 ms. Memory: 512000K Free: 448495K (88%)
----------------- Invoking toplevel() on ptolemy.moml.MoMLSimpleApplication@2e2e9f7e
----------------- Done invoking toplevel() on ptolemy.moml.MoMLSimpleApplication@2e2e9f7e
reloadAllAccessors: .FileWriter2

===========================================================================================
----------------- testing Mon Aug 23 21:17:20 UTC 2021 /home/travis/build/icyphy/ptII/ptolemy/actor/lib/test/auto/FileWriter3.xml
----------------- Instantiating /home/travis/build/icyphy/ptII/ptolemy/actor/lib/test/auto/FileWriter3.xml
1 ms. Memory: 512000K Free: 444414K (87%)
----------------- Invoking toplevel() on ptolemy.moml.MoMLSimpleApplication@225fc597
----------------- Done invoking toplevel() on ptolemy.moml.MoMLSimpleApplication@225fc597
reloadAllAccessors: .FileWriter3

===========================================================================================
----------------- testing Mon Aug 23 21:17:20 UTC 2021 /home/travis/build/icyphy/ptII/ptolemy/actor/lib/test/auto/Gaussian.xml
----------------- Instantiating /home/travis/build/icyphy/ptII/ptolemy/actor/lib/test/auto/Gaussian.xml
2 ms. Memory: 512000K Free: 439808K (86%)
----------------- Invoking toplevel() on ptolemy.moml.MoMLSimpleApplication@1e8229a0
----------------- Done invoking toplevel() on ptolemy.moml.MoMLSimpleApplication@1e8229a0
reloadAllAccessors: .Gaussian

===========================================================================================
----------------- testing Mon Aug 23 21:17:20 UTC 2021 /home/travis/build/icyphy/ptII/ptolemy/actor/lib/test/auto/Gaussian1.xml
----------------- Instantiating /home/travis/build/icyphy/ptII/ptolemy/actor/lib/test/auto/Gaussian1.xml
8 ms. Memory: 512000K Free: 435191K (85%)
----------------- Invoking toplevel() on ptolemy.moml.MoMLSimpleApplication@20d415be
----------------- Done invoking toplevel() on ptolemy.moml.MoMLSimpleApplication@20d415be
reloadAllAccessors: .Gaussian1

===========================================================================================
----------------- testing Mon Aug 23 21:17:20 UTC 2021 /home/travis/build/icyphy/ptII/ptolemy/actor/lib/test/auto/Gaussian2.xml
----------------- Instantiating /home/travis/build/icyphy/ptII/ptolemy/actor/lib/test/auto/Gaussian2.xml
2 ms. Memory: 512000K Free: 429568K (84%)
----------------- Invoking toplevel() on ptolemy.moml.MoMLSimpleApplication@1421ada0
----------------- Done invoking toplevel() on ptolemy.moml.MoMLSimpleApplication@1421ada0
reloadAllAccessors: .Gaussian2

===========================================================================================
----------------- testing Mon Aug 23 21:17:20 UTC 2021 /home/travis/build/icyphy/ptII/ptolemy/actor/lib/test/auto/GradientAdaptiveLattice.xml
----------------- Instantiating /home/travis/build/icyphy/ptII/ptolemy/actor/lib/test/auto/GradientAdaptiveLattice.xml
4 ms. Memory: 512000K Free: 424448K (83%)
----------------- Invoking toplevel() on ptolemy.moml.MoMLSimpleApplication@2a81b39d
----------------- Done invoking toplevel() on ptolemy.moml.MoMLSimpleApplication@2a81b39d
reloadAllAccessors: .GradientAdaptiveLattice

===========================================================================================
----------------- testing Mon Aug 23 21:17:20 UTC 2021 /home/travis/build/icyphy/ptII/ptolemy/actor/lib/test/auto/IIR.xml
----------------- Instantiating /home/travis/build/icyphy/ptII/ptolemy/actor/lib/test/auto/IIR.xml
1 ms. Memory: 512000K Free: 420352K (82%)
----------------- Invoking toplevel() on ptolemy.moml.MoMLSimpleApplication@1cc48d42
----------------- Done invoking toplevel() on ptolemy.moml.MoMLSimpleApplication@1cc48d42
reloadAllAccessors: .IIR

===========================================================================================
----------------- testing Mon Aug 23 21:17:20 UTC 2021 /home/travis/build/icyphy/ptII/ptolemy/actor/lib/test/auto/InputOutputTransparentPorts.xml
----------------- Instantiating /home/travis/build/icyphy/ptII/ptolemy/actor/lib/test/auto/InputOutputTransparentPorts.xml
4 ms. Memory: 512000K Free: 412670K (81%)
----------------- Invoking toplevel() on ptolemy.moml.MoMLSimpleApplication@549c1a83
----------------- Done invoking toplevel() on ptolemy.moml.MoMLSimpleApplication@549c1a83
reloadAllAccessors: .InputOutputTransparentPorts

===========================================================================================
----------------- testing Mon Aug 23 21:17:20 UTC 2021 /home/travis/build/icyphy/ptII/ptolemy/actor/lib/test/auto/Interpolator.xml
----------------- Instantiating /home/travis/build/icyphy/ptII/ptolemy/actor/lib/test/auto/Interpolator.xml
3 ms. Memory: 512000K Free: 408574K (80%)
----------------- Invoking toplevel() on ptolemy.moml.MoMLSimpleApplication@69bdf099
----------------- Done invoking toplevel() on ptolemy.moml.MoMLSimpleApplication@69bdf099
reloadAllAccessors: .Interpolator

===========================================================================================
----------------- testing Mon Aug 23 21:17:20 UTC 2021 /home/travis/build/icyphy/ptII/ptolemy/actor/lib/test/auto/InterpolatorFiringLimitDE.xml
----------------- Instantiating /home/travis/build/icyphy/ptII/ptolemy/actor/lib/test/auto/InterpolatorFiringLimitDE.xml
1 ms. Memory: 512000K Free: 402944K (79%)
----------------- Invoking toplevel() on ptolemy.moml.MoMLSimpleApplication@214bd7fb
----------------- Done invoking toplevel() on ptolemy.moml.MoMLSimpleApplication@214bd7fb
reloadAllAccessors: .InterpolatorFiringLimitDE

===========================================================================================
----------------- testing Mon Aug 23 21:17:20 UTC 2021 /home/travis/build/icyphy/ptII/ptolemy/actor/lib/test/auto/Lattice.xml
----------------- Instantiating /home/travis/build/icyphy/ptII/ptolemy/actor/lib/test/auto/Lattice.xml
1 ms. Memory: 512000K Free: 398848K (78%)
----------------- Invoking toplevel() on ptolemy.moml.MoMLSimpleApplication@2c3757f3
----------------- Done invoking toplevel() on ptolemy.moml.MoMLSimpleApplication@2c3757f3
reloadAllAccessors: .Lattice

===========================================================================================
----------------- testing Mon Aug 23 21:17:20 UTC 2021 /home/travis/build/icyphy/ptII/ptolemy/actor/lib/test/auto/LazyAOCTestLazy.xml
----------------- Instantiating /home/travis/build/icyphy/ptII/ptolemy/actor/lib/test/auto/LazyAOCTestLazy.xml
7 ms. Memory: 512000K Free: 392704K (77%)
----------------- Invoking toplevel() on ptolemy.moml.MoMLSimpleApplication@3b46b593
----------------- Done invoking toplevel() on ptolemy.moml.MoMLSimpleApplication@3b46b593
reloadAllAccessors: .LazyAOCTestLazy

===========================================================================================
----------------- testing Mon Aug 23 21:17:20 UTC 2021 /home/travis/build/icyphy/ptII/ptolemy/actor/lib/test/auto/LazyAOCTestNonLazy.xml
----------------- Instantiating /home/travis/build/icyphy/ptII/ptolemy/actor/lib/test/auto/LazyAOCTestNonLazy.xml
1 ms. Memory: 512000K Free: 386560K (76%)
----------------- Invoking toplevel() on ptolemy.moml.MoMLSimpleApplication@28a2c646
----------------- Done invoking toplevel() on ptolemy.moml.MoMLSimpleApplication@28a2c646
reloadAllAccessors: .LazyAOCTestNonLazy

===========================================================================================
----------------- testing Mon Aug 23 21:17:20 UTC 2021 /home/travis/build/icyphy/ptII/ptolemy/actor/lib/test/auto/LazyInnerClass.xml
----------------- Instantiating /home/travis/build/icyphy/ptII/ptolemy/actor/lib/test/auto/LazyInnerClass.xml
9 ms. Memory: 512000K Free: 377839K (74%)
----------------- Invoking toplevel() on ptolemy.moml.MoMLSimpleApplication@32b1094a
----------------- Done invoking toplevel() on ptolemy.moml.MoMLSimpleApplication@32b1094a
reloadAllAccessors: .LazyInnerClass

===========================================================================================
----------------- testing Mon Aug 23 21:17:20 UTC 2021 /home/travis/build/icyphy/ptII/ptolemy/actor/lib/test/auto/LazyPubSub.xml
----------------- Instantiating /home/travis/build/icyphy/ptII/ptolemy/actor/lib/test/auto/LazyPubSub.xml
21 ms. Memory: 512000K Free: 367614K (72%)
----------------- Invoking toplevel() on ptolemy.moml.MoMLSimpleApplication@42b72053
----------------- Done invoking toplevel() on ptolemy.moml.MoMLSimpleApplication@42b72053
reloadAllAccessors: .LazyPubSub

===========================================================================================
----------------- testing Mon Aug 23 21:17:20 UTC 2021 /home/travis/build/icyphy/ptII/ptolemy/actor/lib/test/auto/LazyPubSub2.xml
----------------- Instantiating /home/travis/build/icyphy/ptII/ptolemy/actor/lib/test/auto/LazyPubSub2.xml
24 ms. Memory: 512000K Free: 357374K (70%)
----------------- Invoking toplevel() on ptolemy.moml.MoMLSimpleApplication@7b4e9184
----------------- Done invoking toplevel() on ptolemy.moml.MoMLSimpleApplication@7b4e9184
reloadAllAccessors: .LazyPubSub2

===========================================================================================
----------------- testing Mon Aug 23 21:17:20 UTC 2021 /home/travis/build/icyphy/ptII/ptolemy/actor/lib/test/auto/LazyPubSub3.xml
----------------- Instantiating /home/travis/build/icyphy/ptII/ptolemy/actor/lib/test/auto/LazyPubSub3.xml
11 ms. Memory: 512000K Free: 347134K (68%)
----------------- Invoking toplevel() on ptolemy.moml.MoMLSimpleApplication@1721ed7c
----------------- Done invoking toplevel() on ptolemy.moml.MoMLSimpleApplication@1721ed7c
reloadAllAccessors: .LazyPubSub3

===========================================================================================
----------------- testing Mon Aug 23 21:17:20 UTC 2021 /home/travis/build/icyphy/ptII/ptolemy/actor/lib/test/auto/LazySubClassModel.xml
----------------- Instantiating /home/travis/build/icyphy/ptII/ptolemy/actor/lib/test/auto/LazySubClassModel.xml
3 ms. Memory: 512000K Free: 337918K (66%)
----------------- Invoking toplevel() on ptolemy.moml.MoMLSimpleApplication@53c54aba
----------------- Done invoking toplevel() on ptolemy.moml.MoMLSimpleApplication@53c54aba
reloadAllAccessors: .LazySubClassModel

===========================================================================================
----------------- testing Mon Aug 23 21:17:20 UTC 2021 /home/travis/build/icyphy/ptII/ptolemy/actor/lib/test/auto/LevelCrossTest1.xml
----------------- Instantiating /home/travis/build/icyphy/ptII/ptolemy/actor/lib/test/auto/LevelCrossTest1.xml
1 ms. Memory: 512000K Free: 332798K (65%)
----------------- Invoking toplevel() on ptolemy.moml.MoMLSimpleApplication@3379173b
----------------- Done invoking toplevel() on ptolemy.moml.MoMLSimpleApplication@3379173b
reloadAllAccessors: .broken

===========================================================================================
----------------- testing Mon Aug 23 21:17:20 UTC 2021 /home/travis/build/icyphy/ptII/ptolemy/actor/lib/test/auto/LevelCrossTest10.xml
----------------- Instantiating /home/travis/build/icyphy/ptII/ptolemy/actor/lib/test/auto/LevelCrossTest10.xml
1 ms. Memory: 512000K Free: 324606K (63%)
----------------- Invoking toplevel() on ptolemy.moml.MoMLSimpleApplication@655247dd
----------------- Done invoking toplevel() on ptolemy.moml.MoMLSimpleApplication@655247dd
reloadAllAccessors: .LevelCrossTest10

===========================================================================================
----------------- testing Mon Aug 23 21:17:20 UTC 2021 /home/travis/build/icyphy/ptII/ptolemy/actor/lib/test/auto/LevelCrossTest11.xml
----------------- Instantiating /home/travis/build/icyphy/ptII/ptolemy/actor/lib/test/auto/LevelCrossTest11.xml
1 ms. Memory: 512000K Free: 317952K (62%)
----------------- Invoking toplevel() on ptolemy.moml.MoMLSimpleApplication@260ce590
----------------- Done invoking toplevel() on ptolemy.moml.MoMLSimpleApplication@260ce590
reloadAllAccessors: .LevelCrossTest11

===========================================================================================
----------------- testing Mon Aug 23 21:17:20 UTC 2021 /home/travis/build/icyphy/ptII/ptolemy/actor/lib/test/auto/LevelCrossTest12.xml
----------------- Instantiating /home/travis/build/icyphy/ptII/ptolemy/actor/lib/test/auto/LevelCrossTest12.xml
1 ms. Memory: 512000K Free: 310270K (61%)
----------------- Invoking toplevel() on ptolemy.moml.MoMLSimpleApplication@71846c66
----------------- Done invoking toplevel() on ptolemy.moml.MoMLSimpleApplication@71846c66
reloadAllAccessors: .LevelCrossTest12

===========================================================================================
----------------- testing Mon Aug 23 21:17:20 UTC 2021 /home/travis/build/icyphy/ptII/ptolemy/actor/lib/test/auto/LevelCrossTest13.xml
----------------- Instantiating /home/travis/build/icyphy/ptII/ptolemy/actor/lib/test/auto/LevelCrossTest13.xml
1 ms. Memory: 512000K Free: 303616K (59%)
----------------- Invoking toplevel() on ptolemy.moml.MoMLSimpleApplication@682d27b6
----------------- Done invoking toplevel() on ptolemy.moml.MoMLSimpleApplication@682d27b6
reloadAllAccessors: .LevelCrossTest13

===========================================================================================
----------------- testing Mon Aug 23 21:17:20 UTC 2021 /home/travis/build/icyphy/ptII/ptolemy/actor/lib/test/auto/LevelCrossTest2.xml
----------------- Instantiating /home/travis/build/icyphy/ptII/ptolemy/actor/lib/test/auto/LevelCrossTest2.xml
1 ms. Memory: 512000K Free: 297982K (58%)
----------------- Invoking toplevel() on ptolemy.moml.MoMLSimpleApplication@4caf5b91
----------------- Done invoking toplevel() on ptolemy.moml.MoMLSimpleApplication@4caf5b91
reloadAllAccessors: .broken

===========================================================================================
----------------- testing Mon Aug 23 21:17:20 UTC 2021 /home/travis/build/icyphy/ptII/ptolemy/actor/lib/test/auto/LevelCrossTest3.xml
----------------- Instantiating /home/travis/build/icyphy/ptII/ptolemy/actor/lib/test/auto/LevelCrossTest3.xml
1 ms. Memory: 512000K Free: 291838K (57%)
----------------- Invoking toplevel() on ptolemy.moml.MoMLSimpleApplication@6b711ede
----------------- Done invoking toplevel() on ptolemy.moml.MoMLSimpleApplication@6b711ede
reloadAllAccessors: .LevelCrossTest3

===========================================================================================
----------------- testing Mon Aug 23 21:17:20 UTC 2021 /home/travis/build/icyphy/ptII/ptolemy/actor/lib/test/auto/LevelCrossTest4.xml
----------------- Instantiating /home/travis/build/icyphy/ptII/ptolemy/actor/lib/test/auto/LevelCrossTest4.xml
1 ms. Memory: 512000K Free: 287232K (56%)
----------------- Invoking toplevel() on ptolemy.moml.MoMLSimpleApplication@559389e4
----------------- Done invoking toplevel() on ptolemy.moml.MoMLSimpleApplication@559389e4
reloadAllAccessors: .broken

===========================================================================================
----------------- testing Mon Aug 23 21:17:21 UTC 2021 /home/travis/build/icyphy/ptII/ptolemy/actor/lib/test/auto/LevelCrossTest5.xml
----------------- Instantiating /home/travis/build/icyphy/ptII/ptolemy/actor/lib/test/auto/LevelCrossTest5.xml
5 ms. Memory: 512000K Free: 280064K (55%)
----------------- Invoking toplevel() on ptolemy.moml.MoMLSimpleApplication@3277acc1
----------------- Done invoking toplevel() on ptolemy.moml.MoMLSimpleApplication@3277acc1
reloadAllAccessors: .LevelCrossTest5

===========================================================================================
----------------- testing Mon Aug 23 21:17:21 UTC 2021 /home/travis/build/icyphy/ptII/ptolemy/actor/lib/test/auto/LevelCrossTest6.xml
----------------- Instantiating /home/travis/build/icyphy/ptII/ptolemy/actor/lib/test/auto/LevelCrossTest6.xml
1 ms. Memory: 512000K Free: 273406K (53%)
----------------- Invoking toplevel() on ptolemy.moml.MoMLSimpleApplication@5bf36fe
----------------- Done invoking toplevel() on ptolemy.moml.MoMLSimpleApplication@5bf36fe
reloadAllAccessors: .LevelCrossTest6

===========================================================================================
----------------- testing Mon Aug 23 21:17:21 UTC 2021 /home/travis/build/icyphy/ptII/ptolemy/actor/lib/test/auto/LevelCrossTest7.xml
----------------- Instantiating /home/travis/build/icyphy/ptII/ptolemy/actor/lib/test/auto/LevelCrossTest7.xml
2 ms. Memory: 512000K Free: 265728K (52%)
----------------- Invoking toplevel() on ptolemy.moml.MoMLSimpleApplication@7b59d4ee
----------------- Done invoking toplevel() on ptolemy.moml.MoMLSimpleApplication@7b59d4ee
reloadAllAccessors: .LevelCrossTest7

===========================================================================================
----------------- testing Mon Aug 23 21:17:21 UTC 2021 /home/travis/build/icyphy/ptII/ptolemy/actor/lib/test/auto/LevelCrossTest8.xml
----------------- Instantiating /home/travis/build/icyphy/ptII/ptolemy/actor/lib/test/auto/LevelCrossTest8.xml
14 ms. Memory: 512000K Free: 259070K (51%)
----------------- Invoking toplevel() on ptolemy.moml.MoMLSimpleApplication@379c3607
----------------- Done invoking toplevel() on ptolemy.moml.MoMLSimpleApplication@379c3607
reloadAllAccessors: .LevelCrossTest8

===========================================================================================
----------------- testing Mon Aug 23 21:17:21 UTC 2021 /home/travis/build/icyphy/ptII/ptolemy/actor/lib/test/auto/LevelCrossTest9.xml
----------------- Instantiating /home/travis/build/icyphy/ptII/ptolemy/actor/lib/test/auto/LevelCrossTest9.xml
1 ms. Memory: 512000K Free: 251902K (49%)
----------------- Invoking toplevel() on ptolemy.moml.MoMLSimpleApplication@7c08e7c2
----------------- Done invoking toplevel() on ptolemy.moml.MoMLSimpleApplication@7c08e7c2
reloadAllAccessors: .LevelCrossTest9

===========================================================================================
----------------- testing Mon Aug 23 21:17:21 UTC 2021 /home/travis/build/icyphy/ptII/ptolemy/actor/lib/test/auto/LevinsonDurbin.xml
----------------- Instantiating /home/travis/build/icyphy/ptII/ptolemy/actor/lib/test/auto/LevinsonDurbin.xml
1 ms. Memory: 512000K Free: 247806K (48%)
----------------- Invoking toplevel() on ptolemy.moml.MoMLSimpleApplication@18ac8360
----------------- Done invoking toplevel() on ptolemy.moml.MoMLSimpleApplication@18ac8360
reloadAllAccessors: .LevinsonDurbin

===========================================================================================
----------------- testing Mon Aug 23 21:17:21 UTC 2021 /home/travis/build/icyphy/ptII/ptolemy/actor/lib/test/auto/LevinsonDurbin2.xml
----------------- Instantiating /home/travis/build/icyphy/ptII/ptolemy/actor/lib/test/auto/LevinsonDurbin2.xml
1 ms. Memory: 512000K Free: 244224K (48%)
----------------- Invoking toplevel() on ptolemy.moml.MoMLSimpleApplication@e66c9fd
----------------- Done invoking toplevel() on ptolemy.moml.MoMLSimpleApplication@e66c9fd
reloadAllAccessors: .LevinsonDurbin2

===========================================================================================
----------------- testing Mon Aug 23 21:17:21 UTC 2021 /home/travis/build/icyphy/ptII/ptolemy/actor/lib/test/auto/LevinsonDurbin3.xml
----------------- Instantiating /home/travis/build/icyphy/ptII/ptolemy/actor/lib/test/auto/LevinsonDurbin3.xml
2 ms. Memory: 512000K Free: 240128K (47%)
----------------- Invoking toplevel() on ptolemy.moml.MoMLSimpleApplication@12e5941d
----------------- Done invoking toplevel() on ptolemy.moml.MoMLSimpleApplication@12e5941d
reloadAllAccessors: .LevinsonDurbin3

===========================================================================================
----------------- testing Mon Aug 23 21:17:21 UTC 2021 /home/travis/build/icyphy/ptII/ptolemy/actor/lib/test/auto/Limiter.xml
----------------- Instantiating /home/travis/build/icyphy/ptII/ptolemy/actor/lib/test/auto/Limiter.xml
4 ms. Memory: 512000K Free: 230912K (45%)
----------------- Invoking toplevel() on ptolemy.moml.MoMLSimpleApplication@16698439
----------------- Done invoking toplevel() on ptolemy.moml.MoMLSimpleApplication@16698439
reloadAllAccessors: .Limiter

===========================================================================================
----------------- testing Mon Aug 23 21:17:21 UTC 2021 /home/travis/build/icyphy/ptII/ptolemy/actor/lib/test/auto/LinearDifferenceEquationSystem.xml
----------------- Instantiating /home/travis/build/icyphy/ptII/ptolemy/actor/lib/test/auto/LinearDifferenceEquationSystem.xml
3 ms. Memory: 512000K Free: 223744K (44%)
----------------- Invoking toplevel() on ptolemy.moml.MoMLSimpleApplication@327491d
----------------- Done invoking toplevel() on ptolemy.moml.MoMLSimpleApplication@327491d
reloadAllAccessors: .LinearDifferenceEquationSystem

===========================================================================================
----------------- testing Mon Aug 23 21:17:21 UTC 2021 /home/travis/build/icyphy/ptII/ptolemy/actor/lib/test/auto/LookupTable.xml
----------------- Instantiating /home/travis/build/icyphy/ptII/ptolemy/actor/lib/test/auto/LookupTable.xml
2 ms. Memory: 512000K Free: 219648K (43%)
----------------- Invoking toplevel() on ptolemy.moml.MoMLSimpleApplication@49e61d71
----------------- Done invoking toplevel() on ptolemy.moml.MoMLSimpleApplication@49e61d71
reloadAllAccessors: .LookupTable

===========================================================================================
----------------- testing Mon Aug 23 21:17:21 UTC 2021 /home/travis/build/icyphy/ptII/ptolemy/actor/lib/test/auto/MathFunction.xml
----------------- Instantiating /home/travis/build/icyphy/ptII/ptolemy/actor/lib/test/auto/MathFunction.xml
2 ms. Memory: 512000K Free: 211456K (41%)
----------------- Invoking toplevel() on ptolemy.moml.MoMLSimpleApplication@60107d37
----------------- Done invoking toplevel() on ptolemy.moml.MoMLSimpleApplication@60107d37
reloadAllAccessors: .MathFunction

===========================================================================================
----------------- testing Mon Aug 23 21:17:21 UTC 2021 /home/travis/build/icyphy/ptII/ptolemy/actor/lib/test/auto/MathFunction2.xml
----------------- Instantiating /home/travis/build/icyphy/ptII/ptolemy/actor/lib/test/auto/MathFunction2.xml
0 ms. Memory: 512000K Free: 207360K (41%)
----------------- Invoking toplevel() on ptolemy.moml.MoMLSimpleApplication@11d61762
----------------- Done invoking toplevel() on ptolemy.moml.MoMLSimpleApplication@11d61762
reloadAllAccessors: .MathFunction2

===========================================================================================
----------------- testing Mon Aug 23 21:17:21 UTC 2021 /home/travis/build/icyphy/ptII/ptolemy/actor/lib/test/auto/MathFunction3.xml
----------------- Instantiating /home/travis/build/icyphy/ptII/ptolemy/actor/lib/test/auto/MathFunction3.xml
2 ms. Memory: 512000K Free: 200192K (39%)
----------------- Invoking toplevel() on ptolemy.moml.MoMLSimpleApplication@6c049aac
----------------- Done invoking toplevel() on ptolemy.moml.MoMLSimpleApplication@6c049aac
reloadAllAccessors: .MathFunction3

===========================================================================================
----------------- testing Mon Aug 23 21:17:21 UTC 2021 /home/travis/build/icyphy/ptII/ptolemy/actor/lib/test/auto/MatrixCropBoolean.xml
----------------- Instantiating /home/travis/build/icyphy/ptII/ptolemy/actor/lib/test/auto/MatrixCropBoolean.xml
2 ms. Memory: 512000K Free: 195551K (38%)
----------------- Invoking toplevel() on ptolemy.moml.MoMLSimpleApplication@5fd52c4f
----------------- Done invoking toplevel() on ptolemy.moml.MoMLSimpleApplication@5fd52c4f
reloadAllAccessors: .MatrixCropBoolean

===========================================================================================
----------------- testing Mon Aug 23 21:17:21 UTC 2021 /home/travis/build/icyphy/ptII/ptolemy/actor/lib/test/auto/MatrixCropComplex.xml
----------------- Instantiating /home/travis/build/icyphy/ptII/ptolemy/actor/lib/test/auto/MatrixCropComplex.xml
1 ms. Memory: 512000K Free: 190976K (37%)
----------------- Invoking toplevel() on ptolemy.moml.MoMLSimpleApplication@73419b01
----------------- Done invoking toplevel() on ptolemy.moml.MoMLSimpleApplication@73419b01
reloadAllAccessors: .MatrixCropComplex

===========================================================================================
----------------- testing Mon Aug 23 21:17:21 UTC 2021 /home/travis/build/icyphy/ptII/ptolemy/actor/lib/test/auto/MatrixCropDouble.xml
----------------- Instantiating /home/travis/build/icyphy/ptII/ptolemy/actor/lib/test/auto/MatrixCropDouble.xml
2 ms. Memory: 512000K Free: 185856K (36%)
----------------- Invoking toplevel() on ptolemy.moml.MoMLSimpleApplication@515c65cc
----------------- Done invoking toplevel() on ptolemy.moml.MoMLSimpleApplication@515c65cc
reloadAllAccessors: .MatrixCropDouble

===========================================================================================
----------------- testing Mon Aug 23 21:17:21 UTC 2021 /home/travis/build/icyphy/ptII/ptolemy/actor/lib/test/auto/MatrixCropFix.xml
----------------- Instantiating /home/travis/build/icyphy/ptII/ptolemy/actor/lib/test/auto/MatrixCropFix.xml
1 ms. Memory: 512000K Free: 180736K (35%)
----------------- Invoking toplevel() on ptolemy.moml.MoMLSimpleApplication@66417c29
----------------- Done invoking toplevel() on ptolemy.moml.MoMLSimpleApplication@66417c29
reloadAllAccessors: .MatrixCropFix

===========================================================================================
----------------- testing Mon Aug 23 21:17:21 UTC 2021 /home/travis/build/icyphy/ptII/ptolemy/actor/lib/test/auto/MatrixCropInt.xml
----------------- Instantiating /home/travis/build/icyphy/ptII/ptolemy/actor/lib/test/auto/MatrixCropInt.xml
1 ms. Memory: 512000K Free: 176111K (34%)
----------------- Invoking toplevel() on ptolemy.moml.MoMLSimpleApplication@2637a57
----------------- Done invoking toplevel() on ptolemy.moml.MoMLSimpleApplication@2637a57
reloadAllAccessors: .MatrixCropInt

===========================================================================================
----------------- testing Mon Aug 23 21:17:21 UTC 2021 /home/travis/build/icyphy/ptII/ptolemy/actor/lib/test/auto/MatrixCropLong.xml
----------------- Instantiating /home/travis/build/icyphy/ptII/ptolemy/actor/lib/test/auto/MatrixCropLong.xml
1 ms. Memory: 512000K Free: 170991K (33%)
----------------- Invoking toplevel() on ptolemy.moml.MoMLSimpleApplication@3c81d2e5
----------------- Done invoking toplevel() on ptolemy.moml.MoMLSimpleApplication@3c81d2e5
reloadAllAccessors: .MatrixCropLong

===========================================================================================
----------------- testing Mon Aug 23 21:17:21 UTC 2021 /home/travis/build/icyphy/ptII/ptolemy/actor/lib/test/auto/MatrixToArray.xml
----------------- Instantiating /home/travis/build/icyphy/ptII/ptolemy/actor/lib/test/auto/MatrixToArray.xml
5 ms. Memory: 512000K Free: 453120K (89%)
----------------- Invoking toplevel() on ptolemy.moml.MoMLSimpleApplication@5808c239
----------------- Done invoking toplevel() on ptolemy.moml.MoMLSimpleApplication@5808c239
reloadAllAccessors: .MatrixToArray

===========================================================================================
----------------- testing Mon Aug 23 21:17:21 UTC 2021 /home/travis/build/icyphy/ptII/ptolemy/actor/lib/test/auto/MaxIndex.xml
----------------- Instantiating /home/travis/build/icyphy/ptII/ptolemy/actor/lib/test/auto/MaxIndex.xml
6 ms. Memory: 512000K Free: 448000K (88%)
----------------- Invoking toplevel() on ptolemy.moml.MoMLSimpleApplication@2cd8e6fa
----------------- Done invoking toplevel() on ptolemy.moml.MoMLSimpleApplication@2cd8e6fa
reloadAllAccessors: .MaxIndex

===========================================================================================
----------------- testing Mon Aug 23 21:17:21 UTC 2021 /home/travis/build/icyphy/ptII/ptolemy/actor/lib/test/auto/Maximum.xml
----------------- Instantiating /home/travis/build/icyphy/ptII/ptolemy/actor/lib/test/auto/Maximum.xml
6 ms. Memory: 512000K Free: 441311K (86%)
----------------- Invoking toplevel() on ptolemy.moml.MoMLSimpleApplication@24dd8641
----------------- Done invoking toplevel() on ptolemy.moml.MoMLSimpleApplication@24dd8641
reloadAllAccessors: .Maximum

===========================================================================================
----------------- testing Mon Aug 23 21:17:21 UTC 2021 /home/travis/build/icyphy/ptII/ptolemy/actor/lib/test/auto/MaximumComplex.xml
----------------- Instantiating /home/travis/build/icyphy/ptII/ptolemy/actor/lib/test/auto/MaximumComplex.xml
4 ms. Memory: 512000K Free: 435183K (85%)
----------------- Invoking toplevel() on ptolemy.moml.MoMLSimpleApplication@49251052
----------------- Done invoking toplevel() on ptolemy.moml.MoMLSimpleApplication@49251052
reloadAllAccessors: .MaximumComplex

===========================================================================================
----------------- testing Mon Aug 23 21:17:21 UTC 2021 /home/travis/build/icyphy/ptII/ptolemy/actor/lib/test/auto/MethodCallTest.xml
----------------- Instantiating /home/travis/build/icyphy/ptII/ptolemy/actor/lib/test/auto/MethodCallTest.xml
2 ms. Memory: 512000K Free: 428544K (84%)
----------------- Invoking toplevel() on ptolemy.moml.MoMLSimpleApplication@67ea2333
----------------- Done invoking toplevel() on ptolemy.moml.MoMLSimpleApplication@67ea2333
reloadAllAccessors: .MethodCallTest

===========================================================================================
----------------- testing Mon Aug 23 21:17:21 UTC 2021 /home/travis/build/icyphy/ptII/ptolemy/actor/lib/test/auto/Minimum.xml
----------------- Instantiating /home/travis/build/icyphy/ptII/ptolemy/actor/lib/test/auto/Minimum.xml
2 ms. Memory: 512000K Free: 422895K (83%)
----------------- Invoking toplevel() on ptolemy.moml.MoMLSimpleApplication@6a2769fb
----------------- Done invoking toplevel() on ptolemy.moml.MoMLSimpleApplication@6a2769fb
reloadAllAccessors: .Minimum

===========================================================================================
----------------- testing Mon Aug 23 21:17:21 UTC 2021 /home/travis/build/icyphy/ptII/ptolemy/actor/lib/test/auto/MinimumComplex.xml
----------------- Instantiating /home/travis/build/icyphy/ptII/ptolemy/actor/lib/test/auto/MinimumComplex.xml
4 ms. Memory: 512000K Free: 416751K (81%)
----------------- Invoking toplevel() on ptolemy.moml.MoMLSimpleApplication@d7d7afe
----------------- Done invoking toplevel() on ptolemy.moml.MoMLSimpleApplication@d7d7afe
reloadAllAccessors: .MinimumComplex

===========================================================================================
----------------- testing Mon Aug 23 21:17:21 UTC 2021 /home/travis/build/icyphy/ptII/ptolemy/actor/lib/test/auto/MinimumMultiports.xml
----------------- Instantiating /home/travis/build/icyphy/ptII/ptolemy/actor/lib/test/auto/MinimumMultiports.xml
3 ms. Memory: 512000K Free: 408064K (80%)
----------------- Invoking toplevel() on ptolemy.moml.MoMLSimpleApplication@5e1cf05b
----------------- Done invoking toplevel() on ptolemy.moml.MoMLSimpleApplication@5e1cf05b
reloadAllAccessors: .MinimumMultiports

===========================================================================================
----------------- testing Mon Aug 23 21:17:21 UTC 2021 /home/travis/build/icyphy/ptII/ptolemy/actor/lib/test/auto/ModifyDate.xml
----------------- Instantiating /home/travis/build/icyphy/ptII/ptolemy/actor/lib/test/auto/ModifyDate.xml
5 ms. Memory: 512000K Free: 395262K (77%)
----------------- Invoking toplevel() on ptolemy.moml.MoMLSimpleApplication@30ab47e9
----------------- Done invoking toplevel() on ptolemy.moml.MoMLSimpleApplication@30ab47e9
reloadAllAccessors: .ModifyDate

===========================================================================================
----------------- testing Mon Aug 23 21:17:21 UTC 2021 /home/travis/build/icyphy/ptII/ptolemy/actor/lib/test/auto/ModifyDate2.xml
----------------- Instantiating /home/travis/build/icyphy/ptII/ptolemy/actor/lib/test/auto/ModifyDate2.xml
3 ms. Memory: 512000K Free: 386560K (76%)
----------------- Invoking toplevel() on ptolemy.moml.MoMLSimpleApplication@72cb47bb
----------------- Done invoking toplevel() on ptolemy.moml.MoMLSimpleApplication@72cb47bb
reloadAllAccessors: .ModifyDate2

===========================================================================================
----------------- testing Mon Aug 23 21:17:21 UTC 2021 /home/travis/build/icyphy/ptII/ptolemy/actor/lib/test/auto/MovingAverage.xml
----------------- Instantiating /home/travis/build/icyphy/ptII/ptolemy/actor/lib/test/auto/MovingAverage.xml
5 ms. Memory: 512000K Free: 381950K (75%)
----------------- Invoking toplevel() on ptolemy.moml.MoMLSimpleApplication@2d656be5
----------------- Done invoking toplevel() on ptolemy.moml.MoMLSimpleApplication@2d656be5
reloadAllAccessors: .MovingAverage

===========================================================================================
----------------- testing Mon Aug 23 21:17:21 UTC 2021 /home/travis/build/icyphy/ptII/ptolemy/actor/lib/test/auto/MovingMaximum.xml
----------------- Instantiating /home/travis/build/icyphy/ptII/ptolemy/actor/lib/test/auto/MovingMaximum.xml
1 ms. Memory: 512000K Free: 377344K (74%)
----------------- Invoking toplevel() on ptolemy.moml.MoMLSimpleApplication@2f898e87
----------------- Done invoking toplevel() on ptolemy.moml.MoMLSimpleApplication@2f898e87
reloadAllAccessors: .MovingMaximum

===========================================================================================
----------------- testing Mon Aug 23 21:17:21 UTC 2021 /home/travis/build/icyphy/ptII/ptolemy/actor/lib/test/auto/MultipleLinksToSameRelation.xml
----------------- Instantiating /home/travis/build/icyphy/ptII/ptolemy/actor/lib/test/auto/MultipleLinksToSameRelation.xml
9 ms. Memory: 512000K Free: 373248K (73%)
----------------- Invoking toplevel() on ptolemy.moml.MoMLSimpleApplication@7566b538
----------------- Done invoking toplevel() on ptolemy.moml.MoMLSimpleApplication@7566b538
reloadAllAccessors: .MultipleLinksToSameRelation

===========================================================================================
----------------- testing Mon Aug 23 21:17:21 UTC 2021 /home/travis/build/icyphy/ptII/ptolemy/actor/lib/test/auto/MultipleLinksToSameRelationDE.xml
----------------- Instantiating /home/travis/build/icyphy/ptII/ptolemy/actor/lib/test/auto/MultipleLinksToSameRelationDE.xml
2 ms. Memory: 512000K Free: 368607K (72%)
----------------- Invoking toplevel() on ptolemy.moml.MoMLSimpleApplication@3f7537f2
----------------- Done invoking toplevel() on ptolemy.moml.MoMLSimpleApplication@3f7537f2
reloadAllAccessors: .MultipleLinksToSameRelationDE

===========================================================================================
----------------- testing Mon Aug 23 21:17:21 UTC 2021 /home/travis/build/icyphy/ptII/ptolemy/actor/lib/test/auto/Multiplexor.xml
----------------- Instantiating /home/travis/build/icyphy/ptII/ptolemy/actor/lib/test/auto/Multiplexor.xml
1 ms. Memory: 512000K Free: 363008K (71%)
----------------- Invoking toplevel() on ptolemy.moml.MoMLSimpleApplication@3dc3e588
----------------- Done invoking toplevel() on ptolemy.moml.MoMLSimpleApplication@3dc3e588
reloadAllAccessors: .Multiplexor

===========================================================================================
----------------- testing Mon Aug 23 21:17:21 UTC 2021 /home/travis/build/icyphy/ptII/ptolemy/actor/lib/test/auto/Multiplexor1.xml
----------------- Instantiating /home/travis/build/icyphy/ptII/ptolemy/actor/lib/test/auto/Multiplexor1.xml
2 ms. Memory: 512000K Free: 357343K (70%)
----------------- Invoking toplevel() on ptolemy.moml.MoMLSimpleApplication@45bfa62f
----------------- Done invoking toplevel() on ptolemy.moml.MoMLSimpleApplication@45bfa62f
reloadAllAccessors: .Multiplexor1

===========================================================================================
----------------- testing Mon Aug 23 21:17:21 UTC 2021 /home/travis/build/icyphy/ptII/ptolemy/actor/lib/test/auto/Multiplexor2.xml
----------------- Instantiating /home/travis/build/icyphy/ptII/ptolemy/actor/lib/test/auto/Multiplexor2.xml
5 ms. Memory: 512000K Free: 351230K (69%)
----------------- Invoking toplevel() on ptolemy.moml.MoMLSimpleApplication@dd588a1
----------------- Done invoking toplevel() on ptolemy.moml.MoMLSimpleApplication@dd588a1
reloadAllAccessors: .Multiplexor2

===========================================================================================
----------------- testing Mon Aug 23 21:17:21 UTC 2021 /home/travis/build/icyphy/ptII/ptolemy/actor/lib/test/auto/Multiplexor3.xml
----------------- Instantiating /home/travis/build/icyphy/ptII/ptolemy/actor/lib/test/auto/Multiplexor3.xml
1 ms. Memory: 512000K Free: 347134K (68%)
----------------- Invoking toplevel() on ptolemy.moml.MoMLSimpleApplication@5d46facf
----------------- Done invoking toplevel() on ptolemy.moml.MoMLSimpleApplication@5d46facf
reloadAllAccessors: .Multiplexor3

===========================================================================================
----------------- testing Mon Aug 23 21:17:21 UTC 2021 /home/travis/build/icyphy/ptII/ptolemy/actor/lib/test/auto/MultiplexorDE.xml
----------------- Instantiating /home/travis/build/icyphy/ptII/ptolemy/actor/lib/test/auto/MultiplexorDE.xml
1 ms. Memory: 512000K Free: 339456K (66%)
----------------- Invoking toplevel() on ptolemy.moml.MoMLSimpleApplication@114c417e
----------------- Done invoking toplevel() on ptolemy.moml.MoMLSimpleApplication@114c417e
reloadAllAccessors: .MultiplexorDE

===========================================================================================
----------------- testing Mon Aug 23 21:17:21 UTC 2021 /home/travis/build/icyphy/ptII/ptolemy/actor/lib/test/auto/MultiportBroadcastTest.xml
----------------- Instantiating /home/travis/build/icyphy/ptII/ptolemy/actor/lib/test/auto/MultiportBroadcastTest.xml
83 ms. Memory: 512000K Free: 333310K (65%)
----------------- Invoking toplevel() on ptolemy.moml.MoMLSimpleApplication@5eefb481
----------------- Done invoking toplevel() on ptolemy.moml.MoMLSimpleApplication@5eefb481
reloadAllAccessors: .MultiportBroadcastTest

===========================================================================================
----------------- testing Mon Aug 23 21:17:21 UTC 2021 /home/travis/build/icyphy/ptII/ptolemy/actor/lib/test/auto/MultiportOutHangDuringGetWidth.xml
----------------- Instantiating /home/travis/build/icyphy/ptII/ptolemy/actor/lib/test/auto/MultiportOutHangDuringGetWidth.xml
4 ms. Memory: 512000K Free: 321519K (63%)
----------------- Invoking toplevel() on ptolemy.moml.MoMLSimpleApplication@4a248548
----------------- Done invoking toplevel() on ptolemy.moml.MoMLSimpleApplication@4a248548
reloadAllAccessors: .MultiportOutHangDuringGetWidth

===========================================================================================
----------------- testing Mon Aug 23 21:17:21 UTC 2021 /home/travis/build/icyphy/ptII/ptolemy/actor/lib/test/auto/NilToken.xml
----------------- Instantiating /home/travis/build/icyphy/ptII/ptolemy/actor/lib/test/auto/NilToken.xml
1 ms. Memory: 512000K Free: 317438K (62%)
----------------- Invoking toplevel() on ptolemy.moml.MoMLSimpleApplication@6cb553cf
----------------- Done invoking toplevel() on ptolemy.moml.MoMLSimpleApplication@6cb553cf
reloadAllAccessors: .NilToken

===========================================================================================
----------------- testing Mon Aug 23 21:17:21 UTC 2021 /home/travis/build/icyphy/ptII/ptolemy/actor/lib/test/auto/NilTokenNonStrictTest.xml
----------------- Instantiating /home/travis/build/icyphy/ptII/ptolemy/actor/lib/test/auto/NilTokenNonStrictTest.xml
2 ms. Memory: 512000K Free: 313342K (61%)
----------------- Invoking toplevel() on ptolemy.moml.MoMLSimpleApplication@2fd7006f
----------------- Done invoking toplevel() on ptolemy.moml.MoMLSimpleApplication@2fd7006f
reloadAllAccessors: .NilTokenNonStrictTest

===========================================================================================
----------------- testing Mon Aug 23 21:17:21 UTC 2021 /home/travis/build/icyphy/ptII/ptolemy/actor/lib/test/auto/NilTokenRecord.xml
----------------- Instantiating /home/travis/build/icyphy/ptII/ptolemy/actor/lib/test/auto/NilTokenRecord.xml
11 ms. Memory: 512000K Free: 306688K (60%)
----------------- Invoking toplevel() on ptolemy.moml.MoMLSimpleApplication@42a16152
----------------- Done invoking toplevel() on ptolemy.moml.MoMLSimpleApplication@42a16152
reloadAllAccessors: .NilTokenRecord

===========================================================================================
----------------- testing Mon Aug 23 21:17:21 UTC 2021 /home/travis/build/icyphy/ptII/ptolemy/actor/lib/test/auto/NilTokenTypeTest.xml
----------------- Instantiating /home/travis/build/icyphy/ptII/ptolemy/actor/lib/test/auto/NilTokenTypeTest.xml
6 ms. Memory: 512000K Free: 296958K (58%)
----------------- Invoking toplevel() on ptolemy.moml.MoMLSimpleApplication@47dc7200
----------------- Done invoking toplevel() on ptolemy.moml.MoMLSimpleApplication@47dc7200
reloadAllAccessors: .NilTokenTypeTest

===========================================================================================
----------------- testing Mon Aug 23 21:17:21 UTC 2021 /home/travis/build/icyphy/ptII/ptolemy/actor/lib/test/auto/ObjectToken1.xml
----------------- Instantiating /home/travis/build/icyphy/ptII/ptolemy/actor/lib/test/auto/ObjectToken1.xml
2 ms. Memory: 512000K Free: 292862K (57%)
----------------- Invoking toplevel() on ptolemy.moml.MoMLSimpleApplication@2f17ede8
----------------- Done invoking toplevel() on ptolemy.moml.MoMLSimpleApplication@2f17ede8
reloadAllAccessors: .ObjectToken1

===========================================================================================
----------------- testing Mon Aug 23 21:17:21 UTC 2021 /home/travis/build/icyphy/ptII/ptolemy/actor/lib/test/auto/OrderedMerge.xml
----------------- Instantiating /home/travis/build/icyphy/ptII/ptolemy/actor/lib/test/auto/OrderedMerge.xml
10 ms. Memory: 512000K Free: 287232K (56%)
----------------- Invoking toplevel() on ptolemy.moml.MoMLSimpleApplication@3b41b13b
----------------- Done invoking toplevel() on ptolemy.moml.MoMLSimpleApplication@3b41b13b
reloadAllAccessors: .OrderedMerge

===========================================================================================
----------------- testing Mon Aug 23 21:17:21 UTC 2021 /home/travis/build/icyphy/ptII/ptolemy/actor/lib/test/auto/OrderedRecordDisassembler.xml
----------------- Instantiating /home/travis/build/icyphy/ptII/ptolemy/actor/lib/test/auto/OrderedRecordDisassembler.xml
3 ms. Memory: 512000K Free: 282112K (55%)
----------------- Invoking toplevel() on ptolemy.moml.MoMLSimpleApplication@379202f5
----------------- Done invoking toplevel() on ptolemy.moml.MoMLSimpleApplication@379202f5
reloadAllAccessors: .OrderedRecordDisassembler

===========================================================================================
----------------- testing Mon Aug 23 21:17:22 UTC 2021 /home/travis/build/icyphy/ptII/ptolemy/actor/lib/test/auto/OrderedRecordDisassembler2.xml
----------------- Instantiating /home/travis/build/icyphy/ptII/ptolemy/actor/lib/test/auto/OrderedRecordDisassembler2.xml
4 ms. Memory: 512000K Free: 274944K (54%)
----------------- Invoking toplevel() on ptolemy.moml.MoMLSimpleApplication@7021f4d3
----------------- Done invoking toplevel() on ptolemy.moml.MoMLSimpleApplication@7021f4d3
reloadAllAccessors: .OrderedRecordDisassembler2

===========================================================================================
----------------- testing Mon Aug 23 21:17:22 UTC 2021 /home/travis/build/icyphy/ptII/ptolemy/actor/lib/test/auto/OrderedRecordUpdater.xml
----------------- Instantiating /home/travis/build/icyphy/ptII/ptolemy/actor/lib/test/auto/OrderedRecordUpdater.xml
1 ms. Memory: 512000K Free: 270334K (53%)
----------------- Invoking toplevel() on ptolemy.moml.MoMLSimpleApplication@4867c727
----------------- Done invoking toplevel() on ptolemy.moml.MoMLSimpleApplication@4867c727
reloadAllAccessors: .RecordUpdater

===========================================================================================
----------------- testing Mon Aug 23 21:17:22 UTC 2021 /home/travis/build/icyphy/ptII/ptolemy/actor/lib/test/auto/OrderedRecordUpdater2.xml
----------------- Instantiating /home/travis/build/icyphy/ptII/ptolemy/actor/lib/test/auto/OrderedRecordUpdater2.xml
3 ms. Memory: 512000K Free: 265728K (52%)
----------------- Invoking toplevel() on ptolemy.moml.MoMLSimpleApplication@5f197e63
----------------- Done invoking toplevel() on ptolemy.moml.MoMLSimpleApplication@5f197e63
reloadAllAccessors: .RecordUpdater2

===========================================================================================
----------------- testing Mon Aug 23 21:17:22 UTC 2021 /home/travis/build/icyphy/ptII/ptolemy/actor/lib/test/auto/PhaseUnwrap.xml
----------------- Instantiating /home/travis/build/icyphy/ptII/ptolemy/actor/lib/test/auto/PhaseUnwrap.xml
2 ms. Memory: 512000K Free: 261118K (51%)
----------------- Invoking toplevel() on ptolemy.moml.MoMLSimpleApplication@78897a70
----------------- Done invoking toplevel() on ptolemy.moml.MoMLSimpleApplication@78897a70
reloadAllAccessors: .PhaseUnwrap

===========================================================================================
----------------- testing Mon Aug 23 21:17:22 UTC 2021 /home/travis/build/icyphy/ptII/ptolemy/actor/lib/test/auto/PoissonClock.xml
----------------- Instantiating /home/travis/build/icyphy/ptII/ptolemy/actor/lib/test/auto/PoissonClock.xml
1 ms. Memory: 512000K Free: 257022K (50%)
----------------- Invoking toplevel() on ptolemy.moml.MoMLSimpleApplication@7bbb81d1
----------------- Done invoking toplevel() on ptolemy.moml.MoMLSimpleApplication@7bbb81d1
reloadAllAccessors: .PoissonClock

===========================================================================================
----------------- testing Mon Aug 23 21:17:22 UTC 2021 /home/travis/build/icyphy/ptII/ptolemy/actor/lib/test/auto/PoissonClock2.xml
----------------- Instantiating /home/travis/build/icyphy/ptII/ptolemy/actor/lib/test/auto/PoissonClock2.xml
1 ms. Memory: 512000K Free: 252416K (49%)
----------------- Invoking toplevel() on ptolemy.moml.MoMLSimpleApplication@753e71be
----------------- Done invoking toplevel() on ptolemy.moml.MoMLSimpleApplication@753e71be
reloadAllAccessors: .PoissonClock2

===========================================================================================
----------------- testing Mon Aug 23 21:17:22 UTC 2021 /home/travis/build/icyphy/ptII/ptolemy/actor/lib/test/auto/PoissonClock3.xml
----------------- Instantiating /home/travis/build/icyphy/ptII/ptolemy/actor/lib/test/auto/PoissonClock3.xml
0 ms. Memory: 512000K Free: 247806K (48%)
----------------- Invoking toplevel() on ptolemy.moml.MoMLSimpleApplication@62237d83
----------------- Done invoking toplevel() on ptolemy.moml.MoMLSimpleApplication@62237d83
reloadAllAccessors: .PoissonClock3

===========================================================================================
----------------- testing Mon Aug 23 21:17:22 UTC 2021 /home/travis/build/icyphy/ptII/ptolemy/actor/lib/test/auto/PubSubWithInitialTokens.xml
----------------- Instantiating /home/travis/build/icyphy/ptII/ptolemy/actor/lib/test/auto/PubSubWithInitialTokens.xml
2 ms. Memory: 512000K Free: 242671K (47%)
----------------- Invoking toplevel() on ptolemy.moml.MoMLSimpleApplication@64620299
----------------- Done invoking toplevel() on ptolemy.moml.MoMLSimpleApplication@64620299
reloadAllAccessors: .PubSubWithInitialTokens

===========================================================================================
----------------- testing Mon Aug 23 21:17:22 UTC 2021 /home/travis/build/icyphy/ptII/ptolemy/actor/lib/test/auto/PubSubWithInitialTokens2.xml
----------------- Instantiating /home/travis/build/icyphy/ptII/ptolemy/actor/lib/test/auto/PubSubWithInitialTokens2.xml
2 ms. Memory: 512000K Free: 236527K (46%)
----------------- Invoking toplevel() on ptolemy.moml.MoMLSimpleApplication@47226de7
----------------- Done invoking toplevel() on ptolemy.moml.MoMLSimpleApplication@47226de7
reloadAllAccessors: .PubSubWithInitialTokens2

===========================================================================================
----------------- testing Mon Aug 23 21:17:22 UTC 2021 /home/travis/build/icyphy/ptII/ptolemy/actor/lib/test/auto/PublisherClassNoParameter.xml
----------------- Instantiating /home/travis/build/icyphy/ptII/ptolemy/actor/lib/test/auto/PublisherClassNoParameter.xml
2 ms. Memory: 512000K Free: 226302K (44%)
----------------- Invoking toplevel() on ptolemy.moml.MoMLSimpleApplication@3af3d12e
----------------- Done invoking toplevel() on ptolemy.moml.MoMLSimpleApplication@3af3d12e
reloadAllAccessors: .PublisherClassNoParameter

===========================================================================================
----------------- testing Mon Aug 23 21:17:22 UTC 2021 /home/travis/build/icyphy/ptII/ptolemy/actor/lib/test/auto/PublisherClassParameter.xml
----------------- Instantiating /home/travis/build/icyphy/ptII/ptolemy/actor/lib/test/auto/PublisherClassParameter.xml
2 ms. Memory: 512000K Free: 215552K (42%)
----------------- Invoking toplevel() on ptolemy.moml.MoMLSimpleApplication@77e157fe
----------------- Done invoking toplevel() on ptolemy.moml.MoMLSimpleApplication@77e157fe
reloadAllAccessors: .PublisherClassParameter

===========================================================================================
----------------- testing Mon Aug 23 21:17:22 UTC 2021 /home/travis/build/icyphy/ptII/ptolemy/actor/lib/test/auto/PublisherNonStrictTest.xml
----------------- Instantiating /home/travis/build/icyphy/ptII/ptolemy/actor/lib/test/auto/PublisherNonStrictTest.xml
2 ms. Memory: 512000K Free: 207863K (41%)
----------------- Invoking toplevel() on ptolemy.moml.MoMLSimpleApplication@4990406d
----------------- Done invoking toplevel() on ptolemy.moml.MoMLSimpleApplication@4990406d
reloadAllAccessors: .PublisherNonStrictTest

===========================================================================================
----------------- testing Mon Aug 23 21:17:22 UTC 2021 /home/travis/build/icyphy/ptII/ptolemy/actor/lib/test/auto/PublisherPort1.xml
----------------- Instantiating /home/travis/build/icyphy/ptII/ptolemy/actor/lib/test/auto/PublisherPort1.xml
2 ms. Memory: 512000K Free: 202240K (40%)
----------------- Invoking toplevel() on ptolemy.moml.MoMLSimpleApplication@58129a8a
----------------- Done invoking toplevel() on ptolemy.moml.MoMLSimpleApplication@58129a8a
reloadAllAccessors: .PublisherPort1

===========================================================================================
----------------- testing Mon Aug 23 21:17:22 UTC 2021 /home/travis/build/icyphy/ptII/ptolemy/actor/lib/test/auto/PublisherPort2.xml
----------------- Instantiating /home/travis/build/icyphy/ptII/ptolemy/actor/lib/test/auto/PublisherPort2.xml
1 ms. Memory: 512000K Free: 197120K (39%)
----------------- Invoking toplevel() on ptolemy.moml.MoMLSimpleApplication@2514694a
----------------- Done invoking toplevel() on ptolemy.moml.MoMLSimpleApplication@2514694a
reloadAllAccessors: .PublisherPort2

===========================================================================================
----------------- testing Mon Aug 23 21:17:22 UTC 2021 /home/travis/build/icyphy/ptII/ptolemy/actor/lib/test/auto/PublisherPort3.xml
----------------- Instantiating /home/travis/build/icyphy/ptII/ptolemy/actor/lib/test/auto/PublisherPort3.xml
10 ms. Memory: 512000K Free: 190431K (37%)
----------------- Invoking toplevel() on ptolemy.moml.MoMLSimpleApplication@6c0bb14c
----------------- Done invoking toplevel() on ptolemy.moml.MoMLSimpleApplication@6c0bb14c
reloadAllAccessors: .PublisherPort3

===========================================================================================
----------------- testing Mon Aug 23 21:17:22 UTC 2021 /home/travis/build/icyphy/ptII/ptolemy/actor/lib/test/auto/PublisherPort4.xml
----------------- Instantiating /home/travis/build/icyphy/ptII/ptolemy/actor/lib/test/auto/PublisherPort4.xml
1 ms. Memory: 512000K Free: 184832K (36%)
----------------- Invoking toplevel() on ptolemy.moml.MoMLSimpleApplication@2af81c35
----------------- Done invoking toplevel() on ptolemy.moml.MoMLSimpleApplication@2af81c35
reloadAllAccessors: .PublisherPort4

===========================================================================================
----------------- testing Mon Aug 23 21:17:22 UTC 2021 /home/travis/build/icyphy/ptII/ptolemy/actor/lib/test/auto/PublisherPort5.xml
----------------- Instantiating /home/travis/build/icyphy/ptII/ptolemy/actor/lib/test/auto/PublisherPort5.xml
2 ms. Memory: 512000K Free: 177664K (35%)
----------------- Invoking toplevel() on ptolemy.moml.MoMLSimpleApplication@34f08ae1
----------------- Done invoking toplevel() on ptolemy.moml.MoMLSimpleApplication@34f08ae1
reloadAllAccessors: .PublisherPort5

===========================================================================================
----------------- testing Mon Aug 23 21:17:22 UTC 2021 /home/travis/build/icyphy/ptII/ptolemy/actor/lib/test/auto/PublisherPort5LookAlike.xml
----------------- Instantiating /home/travis/build/icyphy/ptII/ptolemy/actor/lib/test/auto/PublisherPort5LookAlike.xml
7 ms. Memory: 512000K Free: 169982K (33%)
----------------- Invoking toplevel() on ptolemy.moml.MoMLSimpleApplication@73abbb0e
----------------- Done invoking toplevel() on ptolemy.moml.MoMLSimpleApplication@73abbb0e
reloadAllAccessors: .PublisherPort5LookAlike

===========================================================================================
----------------- testing Mon Aug 23 21:17:22 UTC 2021 /home/travis/build/icyphy/ptII/ptolemy/actor/lib/test/auto/PublisherPort6.xml
----------------- Instantiating /home/travis/build/icyphy/ptII/ptolemy/actor/lib/test/auto/PublisherPort6.xml
2 ms. Memory: 512000K Free: 460288K (90%)
----------------- Invoking toplevel() on ptolemy.moml.MoMLSimpleApplication@5137038a
----------------- Done invoking toplevel() on ptolemy.moml.MoMLSimpleApplication@5137038a
reloadAllAccessors: .PublisherPort6

===========================================================================================
----------------- testing Mon Aug 23 21:17:22 UTC 2021 /home/travis/build/icyphy/ptII/ptolemy/actor/lib/test/auto/PublisherPort7.xml
----------------- Instantiating /home/travis/build/icyphy/ptII/ptolemy/actor/lib/test/auto/PublisherPort7.xml
3 ms. Memory: 512000K Free: 452606K (88%)
----------------- Invoking toplevel() on ptolemy.moml.MoMLSimpleApplication@1fb573d0
----------------- Done invoking toplevel() on ptolemy.moml.MoMLSimpleApplication@1fb573d0
reloadAllAccessors: .PublisherPort7

===========================================================================================
----------------- testing Mon Aug 23 21:17:22 UTC 2021 /home/travis/build/icyphy/ptII/ptolemy/actor/lib/test/auto/PublisherPort8.xml
----------------- Instantiating /home/travis/build/icyphy/ptII/ptolemy/actor/lib/test/auto/PublisherPort8.xml
10 ms. Memory: 512000K Free: 443904K (87%)
----------------- Invoking toplevel() on ptolemy.moml.MoMLSimpleApplication@2135e766
----------------- Done invoking toplevel() on ptolemy.moml.MoMLSimpleApplication@2135e766
reloadAllAccessors: .PublisherPort8

===========================================================================================
----------------- testing Mon Aug 23 21:17:22 UTC 2021 /home/travis/build/icyphy/ptII/ptolemy/actor/lib/test/auto/PublisherPortSubscriberChannelVariablesAOC2.xml
----------------- Instantiating /home/travis/build/icyphy/ptII/ptolemy/actor/lib/test/auto/PublisherPortSubscriberChannelVariablesAOC2.xml
3 ms. Memory: 512000K Free: 427006K (83%)
----------------- Invoking toplevel() on ptolemy.moml.MoMLSimpleApplication@322414e0
----------------- Done invoking toplevel() on ptolemy.moml.MoMLSimpleApplication@322414e0
reloadAllAccessors: .PublisherPortSubscriberChannelVariablesAOC2

===========================================================================================
----------------- testing Mon Aug 23 21:17:22 UTC 2021 /home/travis/build/icyphy/ptII/ptolemy/actor/lib/test/auto/PublisherPortSubscriberOpaqueWidthInference.xml
----------------- Instantiating /home/travis/build/icyphy/ptII/ptolemy/actor/lib/test/auto/PublisherPortSubscriberOpaqueWidthInference.xml
3 ms. Memory: 512000K Free: 419328K (82%)
----------------- Invoking toplevel() on ptolemy.moml.MoMLSimpleApplication@2c0e833f
----------------- Done invoking toplevel() on ptolemy.moml.MoMLSimpleApplication@2c0e833f
reloadAllAccessors: .PublisherPortSubscriberOpaqueWidthInference

===========================================================================================
----------------- testing Mon Aug 23 21:17:22 UTC 2021 /home/travis/build/icyphy/ptII/ptolemy/actor/lib/test/auto/PublisherPortSubscriberPortAdjacent.xml
----------------- Instantiating /home/travis/build/icyphy/ptII/ptolemy/actor/lib/test/auto/PublisherPortSubscriberPortAdjacent.xml
1 ms. Memory: 512000K Free: 411646K (80%)
----------------- Invoking toplevel() on ptolemy.moml.MoMLSimpleApplication@34b326ba
----------------- Done invoking toplevel() on ptolemy.moml.MoMLSimpleApplication@34b326ba
reloadAllAccessors: .PublisherPortSubscriberPortAdjacent

===========================================================================================
----------------- testing Mon Aug 23 21:17:22 UTC 2021 /home/travis/build/icyphy/ptII/ptolemy/actor/lib/test/auto/PublisherPortSubscriberPortExpression.xml
----------------- Instantiating /home/travis/build/icyphy/ptII/ptolemy/actor/lib/test/auto/PublisherPortSubscriberPortExpression.xml
3 ms. Memory: 512000K Free: 403447K (79%)
----------------- Invoking toplevel() on ptolemy.moml.MoMLSimpleApplication@4bc92583
----------------- Done invoking toplevel() on ptolemy.moml.MoMLSimpleApplication@4bc92583
reloadAllAccessors: .PublisherPortSubscriberPortExpression

===========================================================================================
----------------- testing Mon Aug 23 21:17:22 UTC 2021 /home/travis/build/icyphy/ptII/ptolemy/actor/lib/test/auto/PublisherPortSubscriberPortOpaqueD3Reverse.xml
----------------- Instantiating /home/travis/build/icyphy/ptII/ptolemy/actor/lib/test/auto/PublisherPortSubscriberPortOpaqueD3Reverse.xml
5 ms. Memory: 512000K Free: 393214K (77%)
----------------- Invoking toplevel() on ptolemy.moml.MoMLSimpleApplication@2aef651a
----------------- Done invoking toplevel() on ptolemy.moml.MoMLSimpleApplication@2aef651a
reloadAllAccessors: .PublisherPortSubscriberPortOpaqueD3Reverse

===========================================================================================
----------------- testing Mon Aug 23 21:17:22 UTC 2021 /home/travis/build/icyphy/ptII/ptolemy/actor/lib/test/auto/PublisherPortSubscriberPortOpaqueWidthInference.xml
----------------- Instantiating /home/travis/build/icyphy/ptII/ptolemy/actor/lib/test/auto/PublisherPortSubscriberPortOpaqueWidthInference.xml
3 ms. Memory: 512000K Free: 385536K (75%)
----------------- Invoking toplevel() on ptolemy.moml.MoMLSimpleApplication@154443c
----------------- Done invoking toplevel() on ptolemy.moml.MoMLSimpleApplication@154443c
reloadAllAccessors: .PublisherPortSubscriberPortOpaqueWidthInference

===========================================================================================
----------------- testing Mon Aug 23 21:17:22 UTC 2021 /home/travis/build/icyphy/ptII/ptolemy/actor/lib/test/auto/PublisherPortToplevelSubscriberPortAOC.xml
----------------- Instantiating /home/travis/build/icyphy/ptII/ptolemy/actor/lib/test/auto/PublisherPortToplevelSubscriberPortAOC.xml
.PublisherPortToplevelSubscriberPortAOC.TestExceptionAttribute: initialize() was not invoked, but wrapup() was.  This is unusual, but not always a problem.  For example, exporting JNLP will do this.
1 ms. Memory: 512000K Free: 379902K (74%)
----------------- Invoking toplevel() on ptolemy.moml.MoMLSimpleApplication@3c8d5a01
----------------- Done invoking toplevel() on ptolemy.moml.MoMLSimpleApplication@3c8d5a01
reloadAllAccessors: .PublisherPortToplevelSubscriberPortAOC

===========================================================================================
----------------- testing Mon Aug 23 21:17:22 UTC 2021 /home/travis/build/icyphy/ptII/ptolemy/actor/lib/test/auto/PublisherSubscriber.xml
----------------- Instantiating /home/travis/build/icyphy/ptII/ptolemy/actor/lib/test/auto/PublisherSubscriber.xml
2 ms. Memory: 512000K Free: 372703K (73%)
----------------- Invoking toplevel() on ptolemy.moml.MoMLSimpleApplication@5dfca8d
----------------- Done invoking toplevel() on ptolemy.moml.MoMLSimpleApplication@5dfca8d
reloadAllAccessors: .PublisherSubscriber

===========================================================================================
----------------- testing Mon Aug 23 21:17:22 UTC 2021 /home/travis/build/icyphy/ptII/ptolemy/actor/lib/test/auto/PublisherSubscriber10.xml
----------------- Instantiating /home/travis/build/icyphy/ptII/ptolemy/actor/lib/test/auto/PublisherSubscriber10.xml
11 ms. Memory: 512000K Free: 363008K (71%)
----------------- Invoking toplevel() on ptolemy.moml.MoMLSimpleApplication@2bbff7f4
----------------- Done invoking toplevel() on ptolemy.moml.MoMLSimpleApplication@2bbff7f4
reloadAllAccessors: .PublisherSubscriber10

===========================================================================================
----------------- testing Mon Aug 23 21:17:22 UTC 2021 /home/travis/build/icyphy/ptII/ptolemy/actor/lib/test/auto/PublisherSubscriber10InitialOutputs.xml
----------------- Instantiating /home/travis/build/icyphy/ptII/ptolemy/actor/lib/test/auto/PublisherSubscriber10InitialOutputs.xml
20 ms. Memory: 512000K Free: 353792K (69%)
----------------- Invoking toplevel() on ptolemy.moml.MoMLSimpleApplication@1d1e3306
----------------- Done invoking toplevel() on ptolemy.moml.MoMLSimpleApplication@1d1e3306
reloadAllAccessors: .PublisherSubscriber10InitialOutputs

===========================================================================================
----------------- testing Mon Aug 23 21:17:22 UTC 2021 /home/travis/build/icyphy/ptII/ptolemy/actor/lib/test/auto/PublisherSubscriber11.xml
----------------- Instantiating /home/travis/build/icyphy/ptII/ptolemy/actor/lib/test/auto/PublisherSubscriber11.xml
2 ms. Memory: 512000K Free: 347648K (68%)
----------------- Invoking toplevel() on ptolemy.moml.MoMLSimpleApplication@3faa9b28
----------------- Done invoking toplevel() on ptolemy.moml.MoMLSimpleApplication@3faa9b28
reloadAllAccessors: .PublisherSubscriber11

===========================================================================================
----------------- testing Mon Aug 23 21:17:22 UTC 2021 /home/travis/build/icyphy/ptII/ptolemy/actor/lib/test/auto/PublisherSubscriber12.xml
----------------- Instantiating /home/travis/build/icyphy/ptII/ptolemy/actor/lib/test/auto/PublisherSubscriber12.xml
4 ms. Memory: 512000K Free: 340990K (67%)
----------------- Invoking toplevel() on ptolemy.moml.MoMLSimpleApplication@4cbea50e
----------------- Done invoking toplevel() on ptolemy.moml.MoMLSimpleApplication@4cbea50e
reloadAllAccessors: .PublisherSubscriber12

===========================================================================================
----------------- testing Mon Aug 23 21:17:22 UTC 2021 /home/travis/build/icyphy/ptII/ptolemy/actor/lib/test/auto/PublisherSubscriber13.xml
----------------- Instantiating /home/travis/build/icyphy/ptII/ptolemy/actor/lib/test/auto/PublisherSubscriber13.xml
2 ms. Memory: 512000K Free: 335360K (66%)
----------------- Invoking toplevel() on ptolemy.moml.MoMLSimpleApplication@7a8fd6f5
----------------- Done invoking toplevel() on ptolemy.moml.MoMLSimpleApplication@7a8fd6f5
reloadAllAccessors: .PublisherSubscriber13

===========================================================================================
----------------- testing Mon Aug 23 21:17:22 UTC 2021 /home/travis/build/icyphy/ptII/ptolemy/actor/lib/test/auto/PublisherSubscriber14.xml
----------------- Instantiating /home/travis/build/icyphy/ptII/ptolemy/actor/lib/test/auto/PublisherSubscriber14.xml
1 ms. Memory: 512000K Free: 326639K (64%)
----------------- Invoking toplevel() on ptolemy.moml.MoMLSimpleApplication@2be1825f
----------------- Done invoking toplevel() on ptolemy.moml.MoMLSimpleApplication@2be1825f
reloadAllAccessors: .PublisherSubscriber14

===========================================================================================
----------------- testing Mon Aug 23 21:17:22 UTC 2021 /home/travis/build/icyphy/ptII/ptolemy/actor/lib/test/auto/PublisherSubscriber2.xml
----------------- Instantiating /home/travis/build/icyphy/ptII/ptolemy/actor/lib/test/auto/PublisherSubscriber2.xml
3 ms. Memory: 512000K Free: 321024K (63%)
----------------- Invoking toplevel() on ptolemy.moml.MoMLSimpleApplication@16075f51
----------------- Done invoking toplevel() on ptolemy.moml.MoMLSimpleApplication@16075f51
reloadAllAccessors: .PublisherSubscriber2

===========================================================================================
----------------- testing Mon Aug 23 21:17:22 UTC 2021 /home/travis/build/icyphy/ptII/ptolemy/actor/lib/test/auto/PublisherSubscriber3.xml
----------------- Instantiating /home/travis/build/icyphy/ptII/ptolemy/actor/lib/test/auto/PublisherSubscriber3.xml
1 ms. Memory: 512000K Free: 315375K (62%)
----------------- Invoking toplevel() on ptolemy.moml.MoMLSimpleApplication@4ee75476
----------------- Done invoking toplevel() on ptolemy.moml.MoMLSimpleApplication@4ee75476
reloadAllAccessors: .PublisherSubscriber3

===========================================================================================
----------------- testing Mon Aug 23 21:17:22 UTC 2021 /home/travis/build/icyphy/ptII/ptolemy/actor/lib/test/auto/PublisherSubscriber4.xml
----------------- Instantiating /home/travis/build/icyphy/ptII/ptolemy/actor/lib/test/auto/PublisherSubscriber4.xml
2 ms. Memory: 512000K Free: 310270K (61%)
----------------- Invoking toplevel() on ptolemy.moml.MoMLSimpleApplication@2ca524be
----------------- Done invoking toplevel() on ptolemy.moml.MoMLSimpleApplication@2ca524be
reloadAllAccessors: .PublisherSubscriber4

===========================================================================================
----------------- testing Mon Aug 23 21:17:22 UTC 2021 /home/travis/build/icyphy/ptII/ptolemy/actor/lib/test/auto/PublisherSubscriber5.xml
----------------- Instantiating /home/travis/build/icyphy/ptII/ptolemy/actor/lib/test/auto/PublisherSubscriber5.xml
1 ms. Memory: 512000K Free: 303616K (59%)
----------------- Invoking toplevel() on ptolemy.moml.MoMLSimpleApplication@6f363330
----------------- Done invoking toplevel() on ptolemy.moml.MoMLSimpleApplication@6f363330
reloadAllAccessors: .PublisherSubscriber5

===========================================================================================
----------------- testing Mon Aug 23 21:17:22 UTC 2021 /home/travis/build/icyphy/ptII/ptolemy/actor/lib/test/auto/PublisherSubscriber6.xml
----------------- Instantiating /home/travis/build/icyphy/ptII/ptolemy/actor/lib/test/auto/PublisherSubscriber6.xml
4 ms. Memory: 512000K Free: 296943K (58%)
----------------- Invoking toplevel() on ptolemy.moml.MoMLSimpleApplication@39da9989
----------------- Done invoking toplevel() on ptolemy.moml.MoMLSimpleApplication@39da9989
reloadAllAccessors: .PublisherSubscriber6

===========================================================================================
----------------- testing Mon Aug 23 21:17:22 UTC 2021 /home/travis/build/icyphy/ptII/ptolemy/actor/lib/test/auto/PublisherSubscriber7.xml
----------------- Instantiating /home/travis/build/icyphy/ptII/ptolemy/actor/lib/test/auto/PublisherSubscriber7.xml
6 ms. Memory: 512000K Free: 290304K (57%)
----------------- Invoking toplevel() on ptolemy.moml.MoMLSimpleApplication@5a09715d
----------------- Done invoking toplevel() on ptolemy.moml.MoMLSimpleApplication@5a09715d
reloadAllAccessors: .PublisherSubscriber7

===========================================================================================
----------------- testing Mon Aug 23 21:17:22 UTC 2021 /home/travis/build/icyphy/ptII/ptolemy/actor/lib/test/auto/PublisherSubscriber8.xml
----------------- Instantiating /home/travis/build/icyphy/ptII/ptolemy/actor/lib/test/auto/PublisherSubscriber8.xml
14 ms. Memory: 512000K Free: 278526K (54%)
----------------- Invoking toplevel() on ptolemy.moml.MoMLSimpleApplication@1e8ea400
----------------- Done invoking toplevel() on ptolemy.moml.MoMLSimpleApplication@1e8ea400
reloadAllAccessors: .PublisherSubscriber8

===========================================================================================
----------------- testing Mon Aug 23 21:17:22 UTC 2021 /home/travis/build/icyphy/ptII/ptolemy/actor/lib/test/auto/PublisherSubscriber9.xml
----------------- Instantiating /home/travis/build/icyphy/ptII/ptolemy/actor/lib/test/auto/PublisherSubscriber9.xml
4 ms. Memory: 512000K Free: 271351K (53%)
----------------- Invoking toplevel() on ptolemy.moml.MoMLSimpleApplication@465b96b7
----------------- Done invoking toplevel() on ptolemy.moml.MoMLSimpleApplication@465b96b7
reloadAllAccessors: .PublisherSubscriber9

===========================================================================================
----------------- testing Mon Aug 23 21:17:22 UTC 2021 /home/travis/build/icyphy/ptII/ptolemy/actor/lib/test/auto/PublisherSubscriberAdjacent.xml
----------------- Instantiating /home/travis/build/icyphy/ptII/ptolemy/actor/lib/test/auto/PublisherSubscriberAdjacent.xml
1 ms. Memory: 512000K Free: 263166K (51%)
----------------- Invoking toplevel() on ptolemy.moml.MoMLSimpleApplication@56e48aea
----------------- Done invoking toplevel() on ptolemy.moml.MoMLSimpleApplication@56e48aea
reloadAllAccessors: .PublisherSubscriberAdjacent

===========================================================================================
----------------- testing Mon Aug 23 21:17:22 UTC 2021 /home/travis/build/icyphy/ptII/ptolemy/actor/lib/test/auto/PublisherSubscriberChannelVariablesAOC2.xml
----------------- Instantiating /home/travis/build/icyphy/ptII/ptolemy/actor/lib/test/auto/PublisherSubscriberChannelVariablesAOC2.xml
2 ms. Memory: 512000K Free: 247791K (48%)
----------------- Invoking toplevel() on ptolemy.moml.MoMLSimpleApplication@463f6084
----------------- Done invoking toplevel() on ptolemy.moml.MoMLSimpleApplication@463f6084
reloadAllAccessors: .PublisherSubscriberChannelVariablesAOC2

===========================================================================================
----------------- testing Mon Aug 23 21:17:22 UTC 2021 /home/travis/build/icyphy/ptII/ptolemy/actor/lib/test/auto/PublisherSubscriberD3.xml
----------------- Instantiating /home/travis/build/icyphy/ptII/ptolemy/actor/lib/test/auto/PublisherSubscriberD3.xml
4 ms. Memory: 512000K Free: 240638K (47%)
----------------- Invoking toplevel() on ptolemy.moml.MoMLSimpleApplication@382f8205
----------------- Done invoking toplevel() on ptolemy.moml.MoMLSimpleApplication@382f8205
reloadAllAccessors: .PublisherSubscriberD3

===========================================================================================
----------------- testing Mon Aug 23 21:17:22 UTC 2021 /home/travis/build/icyphy/ptII/ptolemy/actor/lib/test/auto/PublisherSubscriberD3Reverse.xml
----------------- Instantiating /home/travis/build/icyphy/ptII/ptolemy/actor/lib/test/auto/PublisherSubscriberD3Reverse.xml
2 ms. Memory: 512000K Free: 234494K (46%)
----------------- Invoking toplevel() on ptolemy.moml.MoMLSimpleApplication@4d7960c8
----------------- Done invoking toplevel() on ptolemy.moml.MoMLSimpleApplication@4d7960c8
reloadAllAccessors: .PublisherSubscriberD3Reverse

===========================================================================================
----------------- testing Mon Aug 23 21:17:22 UTC 2021 /home/travis/build/icyphy/ptII/ptolemy/actor/lib/test/auto/PublisherSubscriberExpression.xml
----------------- Instantiating /home/travis/build/icyphy/ptII/ptolemy/actor/lib/test/auto/PublisherSubscriberExpression.xml
4 ms. Memory: 512000K Free: 225792K (44%)
----------------- Invoking toplevel() on ptolemy.moml.MoMLSimpleApplication@498654b8
----------------- Done invoking toplevel() on ptolemy.moml.MoMLSimpleApplication@498654b8
reloadAllAccessors: .PublisherSubscriberExpression

===========================================================================================
----------------- testing Mon Aug 23 21:17:22 UTC 2021 /home/travis/build/icyphy/ptII/ptolemy/actor/lib/test/auto/PublisherSubscriberOpaque.xml
----------------- Instantiating /home/travis/build/icyphy/ptII/ptolemy/actor/lib/test/auto/PublisherSubscriberOpaque.xml
3 ms. Memory: 512000K Free: 217600K (43%)
----------------- Invoking toplevel() on ptolemy.moml.MoMLSimpleApplication@124df311
----------------- Done invoking toplevel() on ptolemy.moml.MoMLSimpleApplication@124df311
reloadAllAccessors: .PublisherSubscriberOpaque

===========================================================================================
----------------- testing Mon Aug 23 21:17:22 UTC 2021 /home/travis/build/icyphy/ptII/ptolemy/actor/lib/test/auto/PublisherSubscriberOpaqueD3.xml
----------------- Instantiating /home/travis/build/icyphy/ptII/ptolemy/actor/lib/test/auto/PublisherSubscriberOpaqueD3.xml
5 ms. Memory: 512000K Free: 205822K (40%)
----------------- Invoking toplevel() on ptolemy.moml.MoMLSimpleApplication@4a902319
----------------- Done invoking toplevel() on ptolemy.moml.MoMLSimpleApplication@4a902319
reloadAllAccessors: .PublisherSubscriberOpaqueD3

===========================================================================================
----------------- testing Mon Aug 23 21:17:22 UTC 2021 /home/travis/build/icyphy/ptII/ptolemy/actor/lib/test/auto/PublisherSubscriberOpaqueD3Reverse.xml
----------------- Instantiating /home/travis/build/icyphy/ptII/ptolemy/actor/lib/test/auto/PublisherSubscriberOpaqueD3Reverse.xml
6 ms. Memory: 512000K Free: 195072K (38%)
----------------- Invoking toplevel() on ptolemy.moml.MoMLSimpleApplication@3b2da979
----------------- Done invoking toplevel() on ptolemy.moml.MoMLSimpleApplication@3b2da979
reloadAllAccessors: .PublisherSubscriberOpaqueD3Reverse

===========================================================================================
----------------- testing Mon Aug 23 21:17:22 UTC 2021 /home/travis/build/icyphy/ptII/ptolemy/actor/lib/test/auto/PublisherSubscriberOpaqueWidthInference.xml
----------------- Instantiating /home/travis/build/icyphy/ptII/ptolemy/actor/lib/test/auto/PublisherSubscriberOpaqueWidthInference.xml
3 ms. Memory: 512000K Free: 186880K (37%)
----------------- Invoking toplevel() on ptolemy.moml.MoMLSimpleApplication@1db93b53
----------------- Done invoking toplevel() on ptolemy.moml.MoMLSimpleApplication@1db93b53
reloadAllAccessors: .PublisherSubscriberOpaqueWidthInference

===========================================================================================
----------------- testing Mon Aug 23 21:17:22 UTC 2021 /home/travis/build/icyphy/ptII/ptolemy/actor/lib/test/auto/PublisherTestSubscriber.xml
----------------- Instantiating /home/travis/build/icyphy/ptII/ptolemy/actor/lib/test/auto/PublisherTestSubscriber.xml
2 ms. Memory: 512000K Free: 179191K (35%)
----------------- Invoking toplevel() on ptolemy.moml.MoMLSimpleApplication@718d048
----------------- Done invoking toplevel() on ptolemy.moml.MoMLSimpleApplication@718d048
reloadAllAccessors: .PublisherTestSubscriber

===========================================================================================
----------------- testing Mon Aug 23 21:17:23 UTC 2021 /home/travis/build/icyphy/ptII/ptolemy/actor/lib/test/auto/PublisherToplevelSubscriberPortAOC.xml
----------------- Instantiating /home/travis/build/icyphy/ptII/ptolemy/actor/lib/test/auto/PublisherToplevelSubscriberPortAOC.xml
1 ms. Memory: 512000K Free: 173039K (34%)
----------------- Invoking toplevel() on ptolemy.moml.MoMLSimpleApplication@4f6c19f4
----------------- Done invoking toplevel() on ptolemy.moml.MoMLSimpleApplication@4f6c19f4
reloadAllAccessors: .PublisherToplevelSubscriberPortAOC

===========================================================================================
----------------- testing Mon Aug 23 21:17:23 UTC 2021 /home/travis/build/icyphy/ptII/ptolemy/actor/lib/test/auto/PulseFiringLimitDE.xml
----------------- Instantiating /home/travis/build/icyphy/ptII/ptolemy/actor/lib/test/auto/PulseFiringLimitDE.xml
3 ms. Memory: 512000K Free: 166910K (33%)
----------------- Invoking toplevel() on ptolemy.moml.MoMLSimpleApplication@2881124f
----------------- Done invoking toplevel() on ptolemy.moml.MoMLSimpleApplication@2881124f
reloadAllAccessors: .PulseFiringLimitDE

===========================================================================================
----------------- testing Mon Aug 23 21:17:23 UTC 2021 /home/travis/build/icyphy/ptII/ptolemy/actor/lib/test/auto/Ramp1.xml
----------------- Instantiating /home/travis/build/icyphy/ptII/ptolemy/actor/lib/test/auto/Ramp1.xml
1 ms. Memory: 512000K Free: 459767K (90%)
----------------- Invoking toplevel() on ptolemy.moml.MoMLSimpleApplication@74f72067
----------------- Done invoking toplevel() on ptolemy.moml.MoMLSimpleApplication@74f72067
reloadAllAccessors: .Ramp1

===========================================================================================
----------------- testing Mon Aug 23 21:17:23 UTC 2021 /home/travis/build/icyphy/ptII/ptolemy/actor/lib/test/auto/RampFiringLimitDE.xml
----------------- Instantiating /home/travis/build/icyphy/ptII/ptolemy/actor/lib/test/auto/RampFiringLimitDE.xml
2 ms. Memory: 512000K Free: 453120K (89%)
----------------- Invoking toplevel() on ptolemy.moml.MoMLSimpleApplication@5989f91c
----------------- Done invoking toplevel() on ptolemy.moml.MoMLSimpleApplication@5989f91c
reloadAllAccessors: .RampFiringLimitDE

===========================================================================================
----------------- testing Mon Aug 23 21:17:23 UTC 2021 /home/travis/build/icyphy/ptII/ptolemy/actor/lib/test/auto/RampFiringLimitSDF.xml
----------------- Instantiating /home/travis/build/icyphy/ptII/ptolemy/actor/lib/test/auto/RampFiringLimitSDF.xml
1 ms. Memory: 512000K Free: 448000K (88%)
----------------- Invoking toplevel() on ptolemy.moml.MoMLSimpleApplication@6dbb68f1
----------------- Done invoking toplevel() on ptolemy.moml.MoMLSimpleApplication@6dbb68f1
reloadAllAccessors: .RampFiringLimitSDF

===========================================================================================
----------------- testing Mon Aug 23 21:17:23 UTC 2021 /home/travis/build/icyphy/ptII/ptolemy/actor/lib/test/auto/RandomInteger.xml
----------------- Instantiating /home/travis/build/icyphy/ptII/ptolemy/actor/lib/test/auto/RandomInteger.xml
1 ms. Memory: 512000K Free: 443904K (87%)
----------------- Invoking toplevel() on ptolemy.moml.MoMLSimpleApplication@7c1935a7
----------------- Done invoking toplevel() on ptolemy.moml.MoMLSimpleApplication@7c1935a7
reloadAllAccessors: .RandomInteger

===========================================================================================
----------------- testing Mon Aug 23 21:17:23 UTC 2021 /home/travis/build/icyphy/ptII/ptolemy/actor/lib/test/auto/ReadFile1.xml
----------------- Instantiating /home/travis/build/icyphy/ptII/ptolemy/actor/lib/test/auto/ReadFile1.xml
1 ms. Memory: 512000K Free: 439294K (86%)
----------------- Invoking toplevel() on ptolemy.moml.MoMLSimpleApplication@57f1158b
----------------- Done invoking toplevel() on ptolemy.moml.MoMLSimpleApplication@57f1158b
reloadAllAccessors: .ReadFile1

===========================================================================================
----------------- testing Mon Aug 23 21:17:23 UTC 2021 /home/travis/build/icyphy/ptII/ptolemy/actor/lib/test/auto/ReadFile2.xml
----------------- Instantiating /home/travis/build/icyphy/ptII/ptolemy/actor/lib/test/auto/ReadFile2.xml
0 ms. Memory: 512000K Free: 435198K (85%)
----------------- Invoking toplevel() on ptolemy.moml.MoMLSimpleApplication@34f9b6c6
----------------- Done invoking toplevel() on ptolemy.moml.MoMLSimpleApplication@34f9b6c6
reloadAllAccessors: .ReadFile2

===========================================================================================
----------------- testing Mon Aug 23 21:17:23 UTC 2021 /home/travis/build/icyphy/ptII/ptolemy/actor/lib/test/auto/Reader.xml
----------------- Instantiating /home/travis/build/icyphy/ptII/ptolemy/actor/lib/test/auto/Reader.xml
actor.lib.Reader is obsolete, use actor.lib.io.ExpressionReader instead
4 ms. Memory: 512000K Free: 431102K (84%)
----------------- Invoking toplevel() on ptolemy.moml.MoMLSimpleApplication@7c878e93
----------------- Done invoking toplevel() on ptolemy.moml.MoMLSimpleApplication@7c878e93
reloadAllAccessors: .Reader

===========================================================================================
----------------- testing Mon Aug 23 21:17:23 UTC 2021 /home/travis/build/icyphy/ptII/ptolemy/actor/lib/test/auto/RecordAssemblerDisplayNameTest.xml
----------------- Instantiating /home/travis/build/icyphy/ptII/ptolemy/actor/lib/test/auto/RecordAssemblerDisplayNameTest.xml
3890 ms. Memory: 512000K Free: 399358K (78%)
----------------- Invoking toplevel() on ptolemy.moml.MoMLSimpleApplication@21af6fcc
----------------- Done invoking toplevel() on ptolemy.moml.MoMLSimpleApplication@21af6fcc
reloadAllAccessors: .RecordAssemblerDisplayNameTest

===========================================================================================
----------------- testing Mon Aug 23 21:17:27 UTC 2021 /home/travis/build/icyphy/ptII/ptolemy/actor/lib/test/auto/RecordAssemblerTypeError.xml
----------------- Instantiating /home/travis/build/icyphy/ptII/ptolemy/actor/lib/test/auto/RecordAssemblerTypeError.xml
15 ms. Memory: 512000K Free: 390142K (76%)
----------------- Invoking toplevel() on ptolemy.moml.MoMLSimpleApplication@8ff8daa
----------------- Done invoking toplevel() on ptolemy.moml.MoMLSimpleApplication@8ff8daa
reloadAllAccessors: .RecordAssemblerTypeError

===========================================================================================
----------------- testing Mon Aug 23 21:17:27 UTC 2021 /home/travis/build/icyphy/ptII/ptolemy/actor/lib/test/auto/RecordDisassember.xml
----------------- Instantiating /home/travis/build/icyphy/ptII/ptolemy/actor/lib/test/auto/RecordDisassember.xml
2 ms. Memory: 512000K Free: 385536K (75%)
----------------- Invoking toplevel() on ptolemy.moml.MoMLSimpleApplication@531b0e03
----------------- Done invoking toplevel() on ptolemy.moml.MoMLSimpleApplication@531b0e03
reloadAllAccessors: .RecordDisassember

===========================================================================================
----------------- testing Mon Aug 23 21:17:27 UTC 2021 /home/travis/build/icyphy/ptII/ptolemy/actor/lib/test/auto/RecordDisassemberDisplayNameTest.xml
----------------- Instantiating /home/travis/build/icyphy/ptII/ptolemy/actor/lib/test/auto/RecordDisassemberDisplayNameTest.xml
5 ms. Memory: 512000K Free: 377854K (74%)
----------------- Invoking toplevel() on ptolemy.moml.MoMLSimpleApplication@f3c4806
----------------- Done invoking toplevel() on ptolemy.moml.MoMLSimpleApplication@f3c4806
reloadAllAccessors: .RecordDisassemberDisplayNameTest

===========================================================================================
----------------- testing Mon Aug 23 21:17:27 UTC 2021 /home/travis/build/icyphy/ptII/ptolemy/actor/lib/test/auto/RecordDisassembler.xml
----------------- Instantiating /home/travis/build/icyphy/ptII/ptolemy/actor/lib/test/auto/RecordDisassembler.xml
1 ms. Memory: 512000K Free: 372719K (73%)
----------------- Invoking toplevel() on ptolemy.moml.MoMLSimpleApplication@583171c5
----------------- Done invoking toplevel() on ptolemy.moml.MoMLSimpleApplication@583171c5
reloadAllAccessors: .RecordDisassembler

===========================================================================================
----------------- testing Mon Aug 23 21:17:27 UTC 2021 /home/travis/build/icyphy/ptII/ptolemy/actor/lib/test/auto/RecordDisassembler2.xml
----------------- Instantiating /home/travis/build/icyphy/ptII/ptolemy/actor/lib/test/auto/RecordDisassembler2.xml
2 ms. Memory: 512000K Free: 367607K (72%)
----------------- Invoking toplevel() on ptolemy.moml.MoMLSimpleApplication@6ea5f0c9
----------------- Done invoking toplevel() on ptolemy.moml.MoMLSimpleApplication@6ea5f0c9
reloadAllAccessors: .RecordDisassembler2

===========================================================================================
----------------- testing Mon Aug 23 21:17:27 UTC 2021 /home/travis/build/icyphy/ptII/ptolemy/actor/lib/test/auto/RecordUpdater.xml
----------------- Instantiating /home/travis/build/icyphy/ptII/ptolemy/actor/lib/test/auto/RecordUpdater.xml
2 ms. Memory: 512000K Free: 362494K (71%)
----------------- Invoking toplevel() on ptolemy.moml.MoMLSimpleApplication@6581ef3c
----------------- Done invoking toplevel() on ptolemy.moml.MoMLSimpleApplication@6581ef3c
reloadAllAccessors: .RecordUpdater

===========================================================================================
----------------- testing Mon Aug 23 21:17:27 UTC 2021 /home/travis/build/icyphy/ptII/ptolemy/actor/lib/test/auto/RecordUpdater2.xml
----------------- Instantiating /home/travis/build/icyphy/ptII/ptolemy/actor/lib/test/auto/RecordUpdater2.xml
2 ms. Memory: 512000K Free: 357374K (70%)
----------------- Invoking toplevel() on ptolemy.moml.MoMLSimpleApplication@1019789a
----------------- Done invoking toplevel() on ptolemy.moml.MoMLSimpleApplication@1019789a
reloadAllAccessors: .RecordUpdater2

===========================================================================================
----------------- testing Mon Aug 23 21:17:27 UTC 2021 /home/travis/build/icyphy/ptII/ptolemy/actor/lib/test/auto/RecursiveLattice.xml
----------------- Instantiating /home/travis/build/icyphy/ptII/ptolemy/actor/lib/test/auto/RecursiveLattice.xml
1 ms. Memory: 512000K Free: 353278K (69%)
----------------- Invoking toplevel() on ptolemy.moml.MoMLSimpleApplication@59255aa2
----------------- Done invoking toplevel() on ptolemy.moml.MoMLSimpleApplication@59255aa2
reloadAllAccessors: .RecursiveLattice

===========================================================================================
----------------- testing Mon Aug 23 21:17:27 UTC 2021 /home/travis/build/icyphy/ptII/ptolemy/actor/lib/test/auto/Router.xml
----------------- Instantiating /home/travis/build/icyphy/ptII/ptolemy/actor/lib/test/auto/Router.xml
3004 ms. Memory: 512000K Free: 343038K (67%)
----------------- Invoking toplevel() on ptolemy.moml.MoMLSimpleApplication@238161eb
----------------- Done invoking toplevel() on ptolemy.moml.MoMLSimpleApplication@238161eb
reloadAllAccessors: .Router

===========================================================================================
----------------- testing Mon Aug 23 21:17:30 UTC 2021 /home/travis/build/icyphy/ptII/ptolemy/actor/lib/test/auto/Router2.xml
----------------- Instantiating /home/travis/build/icyphy/ptII/ptolemy/actor/lib/test/auto/Router2.xml
3004 ms. Memory: 512000K Free: 333312K (65%)
----------------- Invoking toplevel() on ptolemy.moml.MoMLSimpleApplication@1e0b8307
----------------- Done invoking toplevel() on ptolemy.moml.MoMLSimpleApplication@1e0b8307
reloadAllAccessors: .Router2

===========================================================================================
----------------- testing Mon Aug 23 21:17:33 UTC 2021 /home/travis/build/icyphy/ptII/ptolemy/actor/lib/test/auto/RunningMaximum.xml
----------------- Instantiating /home/travis/build/icyphy/ptII/ptolemy/actor/lib/test/auto/RunningMaximum.xml
2 ms. Memory: 512000K Free: 328702K (64%)
----------------- Invoking toplevel() on ptolemy.moml.MoMLSimpleApplication@cef8482
----------------- Done invoking toplevel() on ptolemy.moml.MoMLSimpleApplication@cef8482
reloadAllAccessors: .RunningMaximum

===========================================================================================
----------------- testing Mon Aug 23 21:17:33 UTC 2021 /home/travis/build/icyphy/ptII/ptolemy/actor/lib/test/auto/RunningMinimum.xml
----------------- Instantiating /home/travis/build/icyphy/ptII/ptolemy/actor/lib/test/auto/RunningMinimum.xml
8 ms. Memory: 512000K Free: 323582K (63%)
----------------- Invoking toplevel() on ptolemy.moml.MoMLSimpleApplication@299e556a
----------------- Done invoking toplevel() on ptolemy.moml.MoMLSimpleApplication@299e556a
reloadAllAccessors: .RunningMinimum

===========================================================================================
----------------- testing Mon Aug 23 21:17:33 UTC 2021 /home/travis/build/icyphy/ptII/ptolemy/actor/lib/test/auto/Scale.xml
----------------- Instantiating /home/travis/build/icyphy/ptII/ptolemy/actor/lib/test/auto/Scale.xml
1 ms. Memory: 512000K Free: 318976K (62%)
----------------- Invoking toplevel() on ptolemy.moml.MoMLSimpleApplication@17cf4f05
----------------- Done invoking toplevel() on ptolemy.moml.MoMLSimpleApplication@17cf4f05
reloadAllAccessors: .Scale

===========================================================================================
----------------- testing Mon Aug 23 21:17:33 UTC 2021 /home/travis/build/icyphy/ptII/ptolemy/actor/lib/test/auto/Scale2.xml
----------------- Instantiating /home/travis/build/icyphy/ptII/ptolemy/actor/lib/test/auto/Scale2.xml
1 ms. Memory: 512000K Free: 314366K (61%)
----------------- Invoking toplevel() on ptolemy.moml.MoMLSimpleApplication@205fbfc7
----------------- Done invoking toplevel() on ptolemy.moml.MoMLSimpleApplication@205fbfc7
reloadAllAccessors: .Scale2

===========================================================================================
----------------- testing Mon Aug 23 21:17:33 UTC 2021 /home/travis/build/icyphy/ptII/ptolemy/actor/lib/test/auto/Scale3.xml
----------------- Instantiating /home/travis/build/icyphy/ptII/ptolemy/actor/lib/test/auto/Scale3.xml
2 ms. Memory: 512000K Free: 308222K (60%)
----------------- Invoking toplevel() on ptolemy.moml.MoMLSimpleApplication@5000564a
----------------- Done invoking toplevel() on ptolemy.moml.MoMLSimpleApplication@5000564a
reloadAllAccessors: .Scale3

===========================================================================================
----------------- testing Mon Aug 23 21:17:33 UTC 2021 /home/travis/build/icyphy/ptII/ptolemy/actor/lib/test/auto/ScaleArray.xml
----------------- Instantiating /home/travis/build/icyphy/ptII/ptolemy/actor/lib/test/auto/ScaleArray.xml
1 ms. Memory: 512000K Free: 303616K (59%)
----------------- Invoking toplevel() on ptolemy.moml.MoMLSimpleApplication@2075f875
----------------- Done invoking toplevel() on ptolemy.moml.MoMLSimpleApplication@2075f875
reloadAllAccessors: .ScaleArray

===========================================================================================
----------------- testing Mon Aug 23 21:17:33 UTC 2021 /home/travis/build/icyphy/ptII/ptolemy/actor/lib/test/auto/ScaleArray2.xml
----------------- Instantiating /home/travis/build/icyphy/ptII/ptolemy/actor/lib/test/auto/ScaleArray2.xml
1 ms. Memory: 512000K Free: 299006K (58%)
----------------- Invoking toplevel() on ptolemy.moml.MoMLSimpleApplication@53b76c4c
----------------- Done invoking toplevel() on ptolemy.moml.MoMLSimpleApplication@53b76c4c
reloadAllAccessors: .ScaleArray2

===========================================================================================
----------------- testing Mon Aug 23 21:17:33 UTC 2021 /home/travis/build/icyphy/ptII/ptolemy/actor/lib/test/auto/ScaleMatrix.xml
----------------- Instantiating /home/travis/build/icyphy/ptII/ptolemy/actor/lib/test/auto/ScaleMatrix.xml
138 ms. Memory: 512000K Free: 284160K (56%)
----------------- Invoking toplevel() on ptolemy.moml.MoMLSimpleApplication@4b8c1a01
----------------- Done invoking toplevel() on ptolemy.moml.MoMLSimpleApplication@4b8c1a01
reloadAllAccessors: .ScaleMatrix

===========================================================================================
----------------- testing Mon Aug 23 21:17:33 UTC 2021 /home/travis/build/icyphy/ptII/ptolemy/actor/lib/test/auto/Select.xml
----------------- Instantiating /home/travis/build/icyphy/ptII/ptolemy/actor/lib/test/auto/Select.xml
2 ms. Memory: 512000K Free: 278016K (54%)
----------------- Invoking toplevel() on ptolemy.moml.MoMLSimpleApplication@670ecfdc
----------------- Done invoking toplevel() on ptolemy.moml.MoMLSimpleApplication@670ecfdc
reloadAllAccessors: .Select

===========================================================================================
----------------- testing Mon Aug 23 21:17:33 UTC 2021 /home/travis/build/icyphy/ptII/ptolemy/actor/lib/test/auto/Select2.xml
----------------- Instantiating /home/travis/build/icyphy/ptII/ptolemy/actor/lib/test/auto/Select2.xml
1 ms. Memory: 512000K Free: 273406K (53%)
----------------- Invoking toplevel() on ptolemy.moml.MoMLSimpleApplication@c971c50
----------------- Done invoking toplevel() on ptolemy.moml.MoMLSimpleApplication@c971c50
reloadAllAccessors: .Select2

===========================================================================================
----------------- testing Mon Aug 23 21:17:33 UTC 2021 /home/travis/build/icyphy/ptII/ptolemy/actor/lib/test/auto/SequenceToArray2.xml
----------------- Instantiating /home/travis/build/icyphy/ptII/ptolemy/actor/lib/test/auto/SequenceToArray2.xml
91 ms. Memory: 512000K Free: 249344K (49%)
----------------- Invoking toplevel() on ptolemy.moml.MoMLSimpleApplication@5e7956f0
----------------- Done invoking toplevel() on ptolemy.moml.MoMLSimpleApplication@5e7956f0
reloadAllAccessors: .SequenceToArray2

===========================================================================================
----------------- testing Mon Aug 23 21:17:33 UTC 2021 /home/travis/build/icyphy/ptII/ptolemy/actor/lib/test/auto/SequentialClock.xml
----------------- Instantiating /home/travis/build/icyphy/ptII/ptolemy/actor/lib/test/auto/SequentialClock.xml
2 ms. Memory: 512000K Free: 245248K (48%)
----------------- Invoking toplevel() on ptolemy.moml.MoMLSimpleApplication@b49a92d
----------------- Done invoking toplevel() on ptolemy.moml.MoMLSimpleApplication@b49a92d
reloadAllAccessors: .SequentialClock

===========================================================================================
----------------- testing Mon Aug 23 21:17:33 UTC 2021 /home/travis/build/icyphy/ptII/ptolemy/actor/lib/test/auto/SetVariable.xml
----------------- Instantiating /home/travis/build/icyphy/ptII/ptolemy/actor/lib/test/auto/SetVariable.xml
2 ms. Memory: 512000K Free: 240638K (47%)
----------------- Invoking toplevel() on ptolemy.moml.MoMLSimpleApplication@5e1cfc2
----------------- Done invoking toplevel() on ptolemy.moml.MoMLSimpleApplication@5e1cfc2
reloadAllAccessors: .SetVariable

===========================================================================================
----------------- testing Mon Aug 23 21:17:33 UTC 2021 /home/travis/build/icyphy/ptII/ptolemy/actor/lib/test/auto/SetVariable2.xml
----------------- Instantiating /home/travis/build/icyphy/ptII/ptolemy/actor/lib/test/auto/SetVariable2.xml
3 ms. Memory: 512000K Free: 235518K (46%)
----------------- Invoking toplevel() on ptolemy.moml.MoMLSimpleApplication@bf56c6c
----------------- Done invoking toplevel() on ptolemy.moml.MoMLSimpleApplication@bf56c6c
reloadAllAccessors: .SetVariable2

===========================================================================================
----------------- testing Mon Aug 23 21:17:33 UTC 2021 /home/travis/build/icyphy/ptII/ptolemy/actor/lib/test/auto/SetVariable3.xml
----------------- Instantiating /home/travis/build/icyphy/ptII/ptolemy/actor/lib/test/auto/SetVariable3.xml
7 ms. Memory: 512000K Free: 230398K (45%)
----------------- Invoking toplevel() on ptolemy.moml.MoMLSimpleApplication@482422f3
----------------- Done invoking toplevel() on ptolemy.moml.MoMLSimpleApplication@482422f3
reloadAllAccessors: .SetVariable3

===========================================================================================
----------------- testing Mon Aug 23 21:17:33 UTC 2021 /home/travis/build/icyphy/ptII/ptolemy/actor/lib/test/auto/SetVariable4.xml
----------------- Instantiating /home/travis/build/icyphy/ptII/ptolemy/actor/lib/test/auto/SetVariable4.xml
13 ms. Memory: 512000K Free: 220670K (43%)
----------------- Invoking toplevel() on ptolemy.moml.MoMLSimpleApplication@2ab48288
----------------- Done invoking toplevel() on ptolemy.moml.MoMLSimpleApplication@2ab48288
reloadAllAccessors: .SetVariable4

===========================================================================================
----------------- testing Mon Aug 23 21:17:33 UTC 2021 /home/travis/build/icyphy/ptII/ptolemy/actor/lib/test/auto/SetVariable5.xml
----------------- Instantiating /home/travis/build/icyphy/ptII/ptolemy/actor/lib/test/auto/SetVariable5.xml
18 ms. Memory: 512000K Free: 211456K (41%)
----------------- Invoking toplevel() on ptolemy.moml.MoMLSimpleApplication@52c44906
----------------- Done invoking toplevel() on ptolemy.moml.MoMLSimpleApplication@52c44906
reloadAllAccessors: .SetVariable5

===========================================================================================
----------------- testing Mon Aug 23 21:17:33 UTC 2021 /home/travis/build/icyphy/ptII/ptolemy/actor/lib/test/auto/Sinewave.xml
----------------- Instantiating /home/travis/build/icyphy/ptII/ptolemy/actor/lib/test/auto/Sinewave.xml
4 ms. Memory: 512000K Free: 201216K (39%)
----------------- Invoking toplevel() on ptolemy.moml.MoMLSimpleApplication@7a9840ff
----------------- Done invoking toplevel() on ptolemy.moml.MoMLSimpleApplication@7a9840ff
reloadAllAccessors: .Sinewave

===========================================================================================
----------------- testing Mon Aug 23 21:17:33 UTC 2021 /home/travis/build/icyphy/ptII/ptolemy/actor/lib/test/auto/Sinewave2.xml
----------------- Instantiating /home/travis/build/icyphy/ptII/ptolemy/actor/lib/test/auto/Sinewave2.xml
8 ms. Memory: 512000K Free: 193024K (38%)
----------------- Invoking toplevel() on ptolemy.moml.MoMLSimpleApplication@16d66754
----------------- Done invoking toplevel() on ptolemy.moml.MoMLSimpleApplication@16d66754
reloadAllAccessors: .Sinewave2

===========================================================================================
----------------- testing Mon Aug 23 21:17:33 UTC 2021 /home/travis/build/icyphy/ptII/ptolemy/actor/lib/test/auto/Sinewave3.xml
----------------- Instantiating /home/travis/build/icyphy/ptII/ptolemy/actor/lib/test/auto/Sinewave3.xml
8 ms. Memory: 512000K Free: 184832K (36%)
----------------- Invoking toplevel() on ptolemy.moml.MoMLSimpleApplication@1d1f4f51
----------------- Done invoking toplevel() on ptolemy.moml.MoMLSimpleApplication@1d1f4f51
reloadAllAccessors: .Sinewave3

===========================================================================================
----------------- testing Mon Aug 23 21:17:33 UTC 2021 /home/travis/build/icyphy/ptII/ptolemy/actor/lib/test/auto/SingleEvent.xml
----------------- Instantiating /home/travis/build/icyphy/ptII/ptolemy/actor/lib/test/auto/SingleEvent.xml
1 ms. Memory: 512000K Free: 180736K (35%)
----------------- Invoking toplevel() on ptolemy.moml.MoMLSimpleApplication@2e0c7cea
----------------- Done invoking toplevel() on ptolemy.moml.MoMLSimpleApplication@2e0c7cea
reloadAllAccessors: .SingleEvent

===========================================================================================
----------------- testing Mon Aug 23 21:17:33 UTC 2021 /home/travis/build/icyphy/ptII/ptolemy/actor/lib/test/auto/Sleep.xml
----------------- Instantiating /home/travis/build/icyphy/ptII/ptolemy/actor/lib/test/auto/Sleep.xml
6002 ms. Memory: 512000K Free: 175102K (34%)
----------------- Invoking toplevel() on ptolemy.moml.MoMLSimpleApplication@56a6e1f0
----------------- Done invoking toplevel() on ptolemy.moml.MoMLSimpleApplication@56a6e1f0
reloadAllAccessors: .Sleep

===========================================================================================
----------------- testing Mon Aug 23 21:17:39 UTC 2021 /home/travis/build/icyphy/ptII/ptolemy/actor/lib/test/auto/SleepMultipleFire.xml
----------------- Instantiating /home/travis/build/icyphy/ptII/ptolemy/actor/lib/test/auto/SleepMultipleFire.xml
1004 ms. Memory: 512000K Free: 168958K (33%)
----------------- Invoking toplevel() on ptolemy.moml.MoMLSimpleApplication@7256a8bb
----------------- Done invoking toplevel() on ptolemy.moml.MoMLSimpleApplication@7256a8bb
reloadAllAccessors: .SleepMultipleFire

===========================================================================================
----------------- testing Mon Aug 23 21:17:40 UTC 2021 /home/travis/build/icyphy/ptII/ptolemy/actor/lib/test/auto/StopDE.xml
----------------- Instantiating /home/travis/build/icyphy/ptII/ptolemy/actor/lib/test/auto/StopDE.xml
2 ms. Memory: 512000K Free: 460271K (90%)
----------------- Invoking toplevel() on ptolemy.moml.MoMLSimpleApplication@f234a2f
----------------- Done invoking toplevel() on ptolemy.moml.MoMLSimpleApplication@f234a2f
reloadAllAccessors: .StopDE

===========================================================================================
----------------- testing Mon Aug 23 21:17:40 UTC 2021 /home/travis/build/icyphy/ptII/ptolemy/actor/lib/test/auto/StopSDF.xml
----------------- Instantiating /home/travis/build/icyphy/ptII/ptolemy/actor/lib/test/auto/StopSDF.xml
2 ms. Memory: 512000K Free: 454656K (89%)
----------------- Invoking toplevel() on ptolemy.moml.MoMLSimpleApplication@4259fa53
----------------- Done invoking toplevel() on ptolemy.moml.MoMLSimpleApplication@4259fa53
reloadAllAccessors: .StopSDF

===========================================================================================
----------------- testing Mon Aug 23 21:17:40 UTC 2021 /home/travis/build/icyphy/ptII/ptolemy/actor/lib/test/auto/StringConstant.xml
----------------- Instantiating /home/travis/build/icyphy/ptII/ptolemy/actor/lib/test/auto/StringConstant.xml
8 ms. Memory: 512000K Free: 450560K (88%)
----------------- Invoking toplevel() on ptolemy.moml.MoMLSimpleApplication@649c993e
----------------- Done invoking toplevel() on ptolemy.moml.MoMLSimpleApplication@649c993e
reloadAllAccessors: .StringConstant

===========================================================================================
----------------- testing Mon Aug 23 21:17:40 UTC 2021 /home/travis/build/icyphy/ptII/ptolemy/actor/lib/test/auto/SubscriberPortInitialValues1.xml
----------------- Instantiating /home/travis/build/icyphy/ptII/ptolemy/actor/lib/test/auto/SubscriberPortInitialValues1.xml
8 ms. Memory: 512000K Free: 441854K (86%)
----------------- Invoking toplevel() on ptolemy.moml.MoMLSimpleApplication@198ff0a6
----------------- Done invoking toplevel() on ptolemy.moml.MoMLSimpleApplication@198ff0a6
reloadAllAccessors: .SubscriberPortInitialValues1

===========================================================================================
----------------- testing Mon Aug 23 21:17:40 UTC 2021 /home/travis/build/icyphy/ptII/ptolemy/actor/lib/test/auto/SubscriberPortInitialValues13.xml
----------------- Instantiating /home/travis/build/icyphy/ptII/ptolemy/actor/lib/test/auto/SubscriberPortInitialValues13.xml
4 ms. Memory: 512000K Free: 429056K (84%)
----------------- Invoking toplevel() on ptolemy.moml.MoMLSimpleApplication@50cfec85
----------------- Done invoking toplevel() on ptolemy.moml.MoMLSimpleApplication@50cfec85
reloadAllAccessors: .SubscriberPortInitialValues13

===========================================================================================
----------------- testing Mon Aug 23 21:17:41 UTC 2021 /home/travis/build/icyphy/ptII/ptolemy/actor/lib/test/auto/SubscriberPortInitialValues14.xml
----------------- Instantiating /home/travis/build/icyphy/ptII/ptolemy/actor/lib/test/auto/SubscriberPortInitialValues14.xml
3 ms. Memory: 512000K Free: 421374K (82%)
----------------- Invoking toplevel() on ptolemy.moml.MoMLSimpleApplication@6dd816c4
----------------- Done invoking toplevel() on ptolemy.moml.MoMLSimpleApplication@6dd816c4
reloadAllAccessors: .SubscriberPortInitialValues14

===========================================================================================
----------------- testing Mon Aug 23 21:17:41 UTC 2021 /home/travis/build/icyphy/ptII/ptolemy/actor/lib/test/auto/SubscriberPortInitialValues2.xml
----------------- Instantiating /home/travis/build/icyphy/ptII/ptolemy/actor/lib/test/auto/SubscriberPortInitialValues2.xml
3 ms. Memory: 512000K Free: 413696K (81%)
----------------- Invoking toplevel() on ptolemy.moml.MoMLSimpleApplication@384c8c17
----------------- Done invoking toplevel() on ptolemy.moml.MoMLSimpleApplication@384c8c17
reloadAllAccessors: .SubscriberPortInitialValues2

===========================================================================================
----------------- testing Mon Aug 23 21:17:41 UTC 2021 /home/travis/build/icyphy/ptII/ptolemy/actor/lib/test/auto/SubscriberPortInitialValues3.xml
----------------- Instantiating /home/travis/build/icyphy/ptII/ptolemy/actor/lib/test/auto/SubscriberPortInitialValues3.xml
3 ms. Memory: 512000K Free: 402942K (79%)
----------------- Invoking toplevel() on ptolemy.moml.MoMLSimpleApplication@32570cd
----------------- Done invoking toplevel() on ptolemy.moml.MoMLSimpleApplication@32570cd
reloadAllAccessors: .SubscriberPortInitialValues3

===========================================================================================
----------------- testing Mon Aug 23 21:17:41 UTC 2021 /home/travis/build/icyphy/ptII/ptolemy/actor/lib/test/auto/SubscriptionAggregator.xml
----------------- Instantiating /home/travis/build/icyphy/ptII/ptolemy/actor/lib/test/auto/SubscriptionAggregator.xml
2 ms. Memory: 512000K Free: 396288K (77%)
----------------- Invoking toplevel() on ptolemy.moml.MoMLSimpleApplication@2907cf33
----------------- Done invoking toplevel() on ptolemy.moml.MoMLSimpleApplication@2907cf33
reloadAllAccessors: .SubscriptionAggregator

===========================================================================================
----------------- testing Mon Aug 23 21:17:41 UTC 2021 /home/travis/build/icyphy/ptII/ptolemy/actor/lib/test/auto/SubscriptionAggregator2.xml
----------------- Instantiating /home/travis/build/icyphy/ptII/ptolemy/actor/lib/test/auto/SubscriptionAggregator2.xml
2 ms. Memory: 512000K Free: 389623K (76%)
----------------- Invoking toplevel() on ptolemy.moml.MoMLSimpleApplication@3ad614d9
----------------- Done invoking toplevel() on ptolemy.moml.MoMLSimpleApplication@3ad614d9
reloadAllAccessors: .SubscriptionAggregator2

===========================================================================================
----------------- testing Mon Aug 23 21:17:41 UTC 2021 /home/travis/build/icyphy/ptII/ptolemy/actor/lib/test/auto/SubscriptionAggregator3.xml
----------------- Instantiating /home/travis/build/icyphy/ptII/ptolemy/actor/lib/test/auto/SubscriptionAggregator3.xml
3 ms. Memory: 512000K Free: 380928K (74%)
----------------- Invoking toplevel() on ptolemy.moml.MoMLSimpleApplication@2393644d
----------------- Done invoking toplevel() on ptolemy.moml.MoMLSimpleApplication@2393644d
reloadAllAccessors: .SubscriptionAggregator3

===========================================================================================
----------------- testing Mon Aug 23 21:17:41 UTC 2021 /home/travis/build/icyphy/ptII/ptolemy/actor/lib/test/auto/SubscriptionAggregatorMultiply.xml
----------------- Instantiating /home/travis/build/icyphy/ptII/ptolemy/actor/lib/test/auto/SubscriptionAggregatorMultiply.xml
2 ms. Memory: 512000K Free: 372736K (73%)
----------------- Invoking toplevel() on ptolemy.moml.MoMLSimpleApplication@7a86acdd
----------------- Done invoking toplevel() on ptolemy.moml.MoMLSimpleApplication@7a86acdd
reloadAllAccessors: .SubscriptionAggregatorMultiply

===========================================================================================
----------------- testing Mon Aug 23 21:17:41 UTC 2021 /home/travis/build/icyphy/ptII/ptolemy/actor/lib/test/auto/SubscriptionAggregatorPortMultiply1.xml
----------------- Instantiating /home/travis/build/icyphy/ptII/ptolemy/actor/lib/test/auto/SubscriptionAggregatorPortMultiply1.xml
2 ms. Memory: 512000K Free: 364544K (71%)
----------------- Invoking toplevel() on ptolemy.moml.MoMLSimpleApplication@4c216a5
----------------- Done invoking toplevel() on ptolemy.moml.MoMLSimpleApplication@4c216a5
reloadAllAccessors: .SubscriptionAggregatorPortMultiply1

===========================================================================================
----------------- testing Mon Aug 23 21:17:41 UTC 2021 /home/travis/build/icyphy/ptII/ptolemy/actor/lib/test/auto/Switch.xml
----------------- Instantiating /home/travis/build/icyphy/ptII/ptolemy/actor/lib/test/auto/Switch.xml
4 ms. Memory: 512000K Free: 356352K (70%)
----------------- Invoking toplevel() on ptolemy.moml.MoMLSimpleApplication@284c1b69
----------------- Done invoking toplevel() on ptolemy.moml.MoMLSimpleApplication@284c1b69
reloadAllAccessors: .Switch

===========================================================================================
----------------- testing Mon Aug 23 21:17:41 UTC 2021 /home/travis/build/icyphy/ptII/ptolemy/actor/lib/test/auto/Switch2.xml
----------------- Instantiating /home/travis/build/icyphy/ptII/ptolemy/actor/lib/test/auto/Switch2.xml
1 ms. Memory: 512000K Free: 351742K (69%)
----------------- Invoking toplevel() on ptolemy.moml.MoMLSimpleApplication@1b2a0a1a
----------------- Done invoking toplevel() on ptolemy.moml.MoMLSimpleApplication@1b2a0a1a
reloadAllAccessors: .Switch2

===========================================================================================
----------------- testing Mon Aug 23 21:17:41 UTC 2021 /home/travis/build/icyphy/ptII/ptolemy/actor/lib/test/auto/SwitchDE.xml
----------------- Instantiating /home/travis/build/icyphy/ptII/ptolemy/actor/lib/test/auto/SwitchDE.xml
2 ms. Memory: 512000K Free: 345591K (67%)
----------------- Invoking toplevel() on ptolemy.moml.MoMLSimpleApplication@bb4e672
----------------- Done invoking toplevel() on ptolemy.moml.MoMLSimpleApplication@bb4e672
reloadAllAccessors: .SwitchDE

===========================================================================================
----------------- testing Mon Aug 23 21:17:41 UTC 2021 /home/travis/build/icyphy/ptII/ptolemy/actor/lib/test/auto/SynchronizerDE.xml
----------------- Instantiating /home/travis/build/icyphy/ptII/ptolemy/actor/lib/test/auto/SynchronizerDE.xml
5 ms. Memory: 512000K Free: 337375K (66%)
----------------- Invoking toplevel() on ptolemy.moml.MoMLSimpleApplication@5f1cc78
----------------- Done invoking toplevel() on ptolemy.moml.MoMLSimpleApplication@5f1cc78
reloadAllAccessors: .SynchronizerDE

===========================================================================================
----------------- testing Mon Aug 23 21:17:41 UTC 2021 /home/travis/build/icyphy/ptII/ptolemy/actor/lib/test/auto/Test.xml
----------------- Instantiating /home/travis/build/icyphy/ptII/ptolemy/actor/lib/test/auto/Test.xml
8 ms. Memory: 512000K Free: 332255K (65%)
----------------- Invoking toplevel() on ptolemy.moml.MoMLSimpleApplication@636f945f
----------------- Done invoking toplevel() on ptolemy.moml.MoMLSimpleApplication@636f945f
reloadAllAccessors: .Test

===========================================================================================
----------------- testing Mon Aug 23 21:17:41 UTC 2021 /home/travis/build/icyphy/ptII/ptolemy/actor/lib/test/auto/TestExceptionAttribute1.xml
----------------- Instantiating /home/travis/build/icyphy/ptII/ptolemy/actor/lib/test/auto/TestExceptionAttribute1.xml
1 ms. Memory: 512000K Free: 328704K (64%)
----------------- Invoking toplevel() on ptolemy.moml.MoMLSimpleApplication@1b466cc
----------------- Done invoking toplevel() on ptolemy.moml.MoMLSimpleApplication@1b466cc
reloadAllAccessors: .TestExceptionAttribute1

===========================================================================================
----------------- testing Mon Aug 23 21:17:41 UTC 2021 /home/travis/build/icyphy/ptII/ptolemy/actor/lib/test/auto/TestExceptionAttribute2.xml
----------------- Instantiating /home/travis/build/icyphy/ptII/ptolemy/actor/lib/test/auto/TestExceptionAttribute2.xml
1 ms. Memory: 512000K Free: 325118K (63%)
----------------- Invoking toplevel() on ptolemy.moml.MoMLSimpleApplication@37e2552d
----------------- Done invoking toplevel() on ptolemy.moml.MoMLSimpleApplication@37e2552d
reloadAllAccessors: .TestExceptionAttribute2

===========================================================================================
----------------- testing Mon Aug 23 21:17:41 UTC 2021 /home/travis/build/icyphy/ptII/ptolemy/actor/lib/test/auto/TestExceptionAttribute3.xml
----------------- Instantiating /home/travis/build/icyphy/ptII/ptolemy/actor/lib/test/auto/TestExceptionAttribute3.xml
.TestExceptionAttribute3.TestExceptionAttribute: initialize() was not invoked, but wrapup() was.  This is unusual, but not always a problem.  For example, exporting JNLP will do this.
1 ms. Memory: 512000K Free: 321536K (63%)
----------------- Invoking toplevel() on ptolemy.moml.MoMLSimpleApplication@2185779d
----------------- Done invoking toplevel() on ptolemy.moml.MoMLSimpleApplication@2185779d
reloadAllAccessors: .TestExceptionAttribute3

===========================================================================================
----------------- testing Mon Aug 23 21:17:41 UTC 2021 /home/travis/build/icyphy/ptII/ptolemy/actor/lib/test/auto/TestExceptionAttribute4.xml
----------------- Instantiating /home/travis/build/icyphy/ptII/ptolemy/actor/lib/test/auto/TestExceptionAttribute4.xml
.TestExceptionAttribute4.TestExceptionAttribute: initialize() was not invoked, but wrapup() was.  This is unusual, but not always a problem.  For example, exporting JNLP will do this.
.TestExceptionAttribute4.TestExceptionAttribute2: initialize() was not invoked, but wrapup() was.  This is unusual, but not always a problem.  For example, exporting JNLP will do this.
0 ms. Memory: 512000K Free: 317440K (62%)
----------------- Invoking toplevel() on ptolemy.moml.MoMLSimpleApplication@56ba1025
----------------- Done invoking toplevel() on ptolemy.moml.MoMLSimpleApplication@56ba1025
reloadAllAccessors: .TestExceptionAttribute4

===========================================================================================
----------------- testing Mon Aug 23 21:17:41 UTC 2021 /home/travis/build/icyphy/ptII/ptolemy/actor/lib/test/auto/TestExceptionHandler1.xml
----------------- Instantiating /home/travis/build/icyphy/ptII/ptolemy/actor/lib/test/auto/TestExceptionHandler1.xml
0 ms. Memory: 512000K Free: 313344K (61%)
----------------- Invoking toplevel() on ptolemy.moml.MoMLSimpleApplication@a91960c
----------------- Done invoking toplevel() on ptolemy.moml.MoMLSimpleApplication@a91960c
reloadAllAccessors: .TestExceptionHandler1

===========================================================================================
----------------- testing Mon Aug 23 21:17:41 UTC 2021 /home/travis/build/icyphy/ptII/ptolemy/actor/lib/test/auto/TestExceptionHandler2.xml
----------------- Instantiating /home/travis/build/icyphy/ptII/ptolemy/actor/lib/test/auto/TestExceptionHandler2.xml
1 ms. Memory: 512000K Free: 309758K (60%)
----------------- Invoking toplevel() on ptolemy.moml.MoMLSimpleApplication@2745fce5
----------------- Done invoking toplevel() on ptolemy.moml.MoMLSimpleApplication@2745fce5
reloadAllAccessors: .TestExceptionHandler2

===========================================================================================
----------------- testing Mon Aug 23 21:17:41 UTC 2021 /home/travis/build/icyphy/ptII/ptolemy/actor/lib/test/auto/TestExceptionHandler3.xml
----------------- Instantiating /home/travis/build/icyphy/ptII/ptolemy/actor/lib/test/auto/TestExceptionHandler3.xml
0 ms. Memory: 512000K Free: 306176K (60%)
----------------- Invoking toplevel() on ptolemy.moml.MoMLSimpleApplication@4d5415f3
----------------- Done invoking toplevel() on ptolemy.moml.MoMLSimpleApplication@4d5415f3
reloadAllAccessors: .TestExceptionHandler3

===========================================================================================
----------------- testing Mon Aug 23 21:17:41 UTC 2021 /home/travis/build/icyphy/ptII/ptolemy/actor/lib/test/auto/TestExceptionHandler4.xml
----------------- Instantiating /home/travis/build/icyphy/ptII/ptolemy/actor/lib/test/auto/TestExceptionHandler4.xml
1 ms. Memory: 512000K Free: 302080K (59%)
----------------- Invoking toplevel() on ptolemy.moml.MoMLSimpleApplication@370f0703
----------------- Done invoking toplevel() on ptolemy.moml.MoMLSimpleApplication@370f0703
reloadAllAccessors: .TestExceptionHandler4

===========================================================================================
----------------- testing Mon Aug 23 21:17:41 UTC 2021 /home/travis/build/icyphy/ptII/ptolemy/actor/lib/test/auto/TestRequireCorrectOrder.xml
----------------- Instantiating /home/travis/build/icyphy/ptII/ptolemy/actor/lib/test/auto/TestRequireCorrectOrder.xml
5 ms. Memory: 512000K Free: 296960K (58%)
----------------- Invoking toplevel() on ptolemy.moml.MoMLSimpleApplication@1f87e8a3
----------------- Done invoking toplevel() on ptolemy.moml.MoMLSimpleApplication@1f87e8a3
reloadAllAccessors: .TestRequireCorrectOrder

===========================================================================================
----------------- testing Mon Aug 23 21:17:41 UTC 2021 /home/travis/build/icyphy/ptII/ptolemy/actor/lib/test/auto/TestSimple.xml
----------------- Instantiating /home/travis/build/icyphy/ptII/ptolemy/actor/lib/test/auto/TestSimple.xml
1 ms. Memory: 512000K Free: 292350K (57%)
----------------- Invoking toplevel() on ptolemy.moml.MoMLSimpleApplication@206aeace
----------------- Done invoking toplevel() on ptolemy.moml.MoMLSimpleApplication@206aeace
reloadAllAccessors: .TestSimple

===========================================================================================
----------------- testing Mon Aug 23 21:17:41 UTC 2021 /home/travis/build/icyphy/ptII/ptolemy/actor/lib/test/auto/ThrowModelError.xml
----------------- Instantiating /home/travis/build/icyphy/ptII/ptolemy/actor/lib/test/auto/ThrowModelError.xml
0 ms. Memory: 512000K Free: 287744K (56%)
----------------- Invoking toplevel() on ptolemy.moml.MoMLSimpleApplication@44d95880
----------------- Done invoking toplevel() on ptolemy.moml.MoMLSimpleApplication@44d95880
reloadAllAccessors: .ThrowModelError

===========================================================================================
----------------- testing Mon Aug 23 21:17:41 UTC 2021 /home/travis/build/icyphy/ptII/ptolemy/actor/lib/test/auto/TimeDelayMicrosteps.xml
----------------- Instantiating /home/travis/build/icyphy/ptII/ptolemy/actor/lib/test/auto/TimeDelayMicrosteps.xml
3 ms. Memory: 512000K Free: 281071K (55%)
----------------- Invoking toplevel() on ptolemy.moml.MoMLSimpleApplication@6dec8c3
----------------- Done invoking toplevel() on ptolemy.moml.MoMLSimpleApplication@6dec8c3
reloadAllAccessors: .TimeDelayMicrosteps

===========================================================================================
----------------- testing Mon Aug 23 21:17:41 UTC 2021 /home/travis/build/icyphy/ptII/ptolemy/actor/lib/test/auto/TimeDelayMicrosteps2.xml
----------------- Instantiating /home/travis/build/icyphy/ptII/ptolemy/actor/lib/test/auto/TimeDelayMicrosteps2.xml
3 ms. Memory: 512000K Free: 273887K (53%)
----------------- Invoking toplevel() on ptolemy.moml.MoMLSimpleApplication@5f5ffd5f
----------------- Done invoking toplevel() on ptolemy.moml.MoMLSimpleApplication@5f5ffd5f
reloadAllAccessors: .TimeDelayMicrosteps2

===========================================================================================
----------------- testing Mon Aug 23 21:17:41 UTC 2021 /home/travis/build/icyphy/ptII/ptolemy/actor/lib/test/auto/TimeDelayMicrosteps3.xml
----------------- Instantiating /home/travis/build/icyphy/ptII/ptolemy/actor/lib/test/auto/TimeDelayMicrosteps3.xml
2 ms. Memory: 512000K Free: 266719K (52%)
----------------- Invoking toplevel() on ptolemy.moml.MoMLSimpleApplication@378c58f
----------------- Done invoking toplevel() on ptolemy.moml.MoMLSimpleApplication@378c58f
reloadAllAccessors: .TimeDelayMicrosteps3

===========================================================================================
----------------- testing Mon Aug 23 21:17:41 UTC 2021 /home/travis/build/icyphy/ptII/ptolemy/actor/lib/test/auto/TimeDelayVariableMicrosteps.xml
----------------- Instantiating /home/travis/build/icyphy/ptII/ptolemy/actor/lib/test/auto/TimeDelayVariableMicrosteps.xml
2 ms. Memory: 512000K Free: 260606K (51%)
----------------- Invoking toplevel() on ptolemy.moml.MoMLSimpleApplication@3b6ba573
----------------- Done invoking toplevel() on ptolemy.moml.MoMLSimpleApplication@3b6ba573
reloadAllAccessors: .TimeDelayVariableMicrosteps

===========================================================================================
----------------- testing Mon Aug 23 21:17:41 UTC 2021 /home/travis/build/icyphy/ptII/ptolemy/actor/lib/test/auto/TimeGap.xml
----------------- Instantiating /home/travis/build/icyphy/ptII/ptolemy/actor/lib/test/auto/TimeGap.xml
2 ms. Memory: 512000K Free: 255455K (50%)
----------------- Invoking toplevel() on ptolemy.moml.MoMLSimpleApplication@54058e3e
----------------- Done invoking toplevel() on ptolemy.moml.MoMLSimpleApplication@54058e3e
reloadAllAccessors: .TimeGap

===========================================================================================
----------------- testing Mon Aug 23 21:17:41 UTC 2021 /home/travis/build/icyphy/ptII/ptolemy/actor/lib/test/auto/TimeGap2.xml
----------------- Instantiating /home/travis/build/icyphy/ptII/ptolemy/actor/lib/test/auto/TimeGap2.xml
2 ms. Memory: 512000K Free: 249856K (49%)
----------------- Invoking toplevel() on ptolemy.moml.MoMLSimpleApplication@2122a77a
----------------- Done invoking toplevel() on ptolemy.moml.MoMLSimpleApplication@2122a77a
reloadAllAccessors: .TimeGap2

===========================================================================================
----------------- testing Mon Aug 23 21:17:41 UTC 2021 /home/travis/build/icyphy/ptII/ptolemy/actor/lib/test/auto/TimedSinewave.xml
----------------- Instantiating /home/travis/build/icyphy/ptII/ptolemy/actor/lib/test/auto/TimedSinewave.xml
19 ms. Memory: 512000K Free: 236030K (46%)
----------------- Invoking toplevel() on ptolemy.moml.MoMLSimpleApplication@38ee079a
----------------- Done invoking toplevel() on ptolemy.moml.MoMLSimpleApplication@38ee079a
reloadAllAccessors: .TimedSinewave

===========================================================================================
----------------- testing Mon Aug 23 21:17:41 UTC 2021 /home/travis/build/icyphy/ptII/ptolemy/actor/lib/test/auto/TimedSinewavePhase.xml
----------------- Instantiating /home/travis/build/icyphy/ptII/ptolemy/actor/lib/test/auto/TimedSinewavePhase.xml
8 ms. Memory: 512000K Free: 226304K (44%)
----------------- Invoking toplevel() on ptolemy.moml.MoMLSimpleApplication@4f9f873e
----------------- Done invoking toplevel() on ptolemy.moml.MoMLSimpleApplication@4f9f873e
reloadAllAccessors: .TimedSinewavePhase

===========================================================================================
----------------- testing Mon Aug 23 21:17:41 UTC 2021 /home/travis/build/icyphy/ptII/ptolemy/actor/lib/test/auto/Timer.xml
----------------- Instantiating /home/travis/build/icyphy/ptII/ptolemy/actor/lib/test/auto/Timer.xml
2 ms. Memory: 512000K Free: 220160K (43%)
----------------- Invoking toplevel() on ptolemy.moml.MoMLSimpleApplication@67cf7fe
----------------- Done invoking toplevel() on ptolemy.moml.MoMLSimpleApplication@67cf7fe
reloadAllAccessors: .Timer

===========================================================================================
----------------- testing Mon Aug 23 21:17:41 UTC 2021 /home/travis/build/icyphy/ptII/ptolemy/actor/lib/test/auto/TriangularDistTestModel.xml
----------------- Instantiating /home/travis/build/icyphy/ptII/ptolemy/actor/lib/test/auto/TriangularDistTestModel.xml
2 ms. Memory: 512000K Free: 214495K (42%)
----------------- Invoking toplevel() on ptolemy.moml.MoMLSimpleApplication@5e5cbf65
----------------- Done invoking toplevel() on ptolemy.moml.MoMLSimpleApplication@5e5cbf65
reloadAllAccessors: .TriangularDistTestModel

===========================================================================================
----------------- testing Mon Aug 23 21:17:41 UTC 2021 /home/travis/build/icyphy/ptII/ptolemy/actor/lib/test/auto/TrigFunction.xml
----------------- Instantiating /home/travis/build/icyphy/ptII/ptolemy/actor/lib/test/auto/TrigFunction.xml
1 ms. Memory: 512000K Free: 209920K (41%)
----------------- Invoking toplevel() on ptolemy.moml.MoMLSimpleApplication@2e0354c
----------------- Done invoking toplevel() on ptolemy.moml.MoMLSimpleApplication@2e0354c
reloadAllAccessors: .TrigFunction

===========================================================================================
----------------- testing Mon Aug 23 21:17:41 UTC 2021 /home/travis/build/icyphy/ptII/ptolemy/actor/lib/test/auto/TrigFunctionDE.xml
----------------- Instantiating /home/travis/build/icyphy/ptII/ptolemy/actor/lib/test/auto/TrigFunctionDE.xml
1 ms. Memory: 512000K Free: 204271K (40%)
----------------- Invoking toplevel() on ptolemy.moml.MoMLSimpleApplication@d4521a9
----------------- Done invoking toplevel() on ptolemy.moml.MoMLSimpleApplication@d4521a9
reloadAllAccessors: .TrigFunctionDE

===========================================================================================
----------------- testing Mon Aug 23 21:17:41 UTC 2021 /home/travis/build/icyphy/ptII/ptolemy/actor/lib/test/auto/TrigFunctionInverse.xml
----------------- Instantiating /home/travis/build/icyphy/ptII/ptolemy/actor/lib/test/auto/TrigFunctionInverse.xml
1 ms. Memory: 512000K Free: 199166K (39%)
----------------- Invoking toplevel() on ptolemy.moml.MoMLSimpleApplication@304ab5ab
----------------- Done invoking toplevel() on ptolemy.moml.MoMLSimpleApplication@304ab5ab
reloadAllAccessors: .TrigFunctionInverse

===========================================================================================
----------------- testing Mon Aug 23 21:17:41 UTC 2021 /home/travis/build/icyphy/ptII/ptolemy/actor/lib/test/auto/TrigFunctionTan.xml
----------------- Instantiating /home/travis/build/icyphy/ptII/ptolemy/actor/lib/test/auto/TrigFunctionTan.xml
1 ms. Memory: 512000K Free: 195070K (38%)
----------------- Invoking toplevel() on ptolemy.moml.MoMLSimpleApplication@2c297a10
----------------- Done invoking toplevel() on ptolemy.moml.MoMLSimpleApplication@2c297a10
reloadAllAccessors: .TrigFunctionTan

===========================================================================================
----------------- testing Mon Aug 23 21:17:41 UTC 2021 /home/travis/build/icyphy/ptII/ptolemy/actor/lib/test/auto/TriggeredClock.xml
----------------- Instantiating /home/travis/build/icyphy/ptII/ptolemy/actor/lib/test/auto/TriggeredClock.xml
1 ms. Memory: 512000K Free: 189440K (37%)
----------------- Invoking toplevel() on ptolemy.moml.MoMLSimpleApplication@6dc14a6e
----------------- Done invoking toplevel() on ptolemy.moml.MoMLSimpleApplication@6dc14a6e
reloadAllAccessors: .TriggeredClock

===========================================================================================
----------------- testing Mon Aug 23 21:17:41 UTC 2021 /home/travis/build/icyphy/ptII/ptolemy/actor/lib/test/auto/URLDirectoryReader.xml
----------------- Instantiating /home/travis/build/icyphy/ptII/ptolemy/actor/lib/test/auto/URLDirectoryReader.xml
36 ms. Memory: 512000K Free: 180734K (35%)
----------------- Invoking toplevel() on ptolemy.moml.MoMLSimpleApplication@28bf7327
----------------- Done invoking toplevel() on ptolemy.moml.MoMLSimpleApplication@28bf7327
reloadAllAccessors: .URLDirectoryReader

===========================================================================================
----------------- testing Mon Aug 23 21:17:41 UTC 2021 /home/travis/build/icyphy/ptII/ptolemy/actor/lib/test/auto/URLDirectoryReader3.xml
----------------- Instantiating /home/travis/build/icyphy/ptII/ptolemy/actor/lib/test/auto/URLDirectoryReader3.xml
1374 ms. Memory: 512000K Free: 453527K (89%)
----------------- Invoking toplevel() on ptolemy.moml.MoMLSimpleApplication@421b28f0
----------------- Done invoking toplevel() on ptolemy.moml.MoMLSimpleApplication@421b28f0
reloadAllAccessors: .URLDirectoryReader3

===========================================================================================
----------------- testing Mon Aug 23 21:17:43 UTC 2021 /home/travis/build/icyphy/ptII/ptolemy/actor/lib/test/auto/UnaryMathFunction.xml
----------------- Instantiating /home/travis/build/icyphy/ptII/ptolemy/actor/lib/test/auto/UnaryMathFunction.xml
2 ms. Memory: 512000K Free: 445845K (87%)
----------------- Invoking toplevel() on ptolemy.moml.MoMLSimpleApplication@63e9b829
----------------- Done invoking toplevel() on ptolemy.moml.MoMLSimpleApplication@63e9b829
reloadAllAccessors: .UnaryMathFunction

===========================================================================================
----------------- testing Mon Aug 23 21:17:43 UTC 2021 /home/travis/build/icyphy/ptII/ptolemy/actor/lib/test/auto/Uniform.xml
----------------- Instantiating /home/travis/build/icyphy/ptII/ptolemy/actor/lib/test/auto/Uniform.xml
1 ms. Memory: 512000K Free: 441239K (86%)
----------------- Invoking toplevel() on ptolemy.moml.MoMLSimpleApplication@5f20808a
----------------- Done invoking toplevel() on ptolemy.moml.MoMLSimpleApplication@5f20808a
reloadAllAccessors: .Uniform

===========================================================================================
----------------- testing Mon Aug 23 21:17:43 UTC 2021 /home/travis/build/icyphy/ptII/ptolemy/actor/lib/test/auto/UnionDisassemblerTest.xml
----------------- Instantiating /home/travis/build/icyphy/ptII/ptolemy/actor/lib/test/auto/UnionDisassemblerTest.xml
10 ms. Memory: 512000K Free: 436629K (85%)
----------------- Invoking toplevel() on ptolemy.moml.MoMLSimpleApplication@49f14c2b
----------------- Done invoking toplevel() on ptolemy.moml.MoMLSimpleApplication@49f14c2b
reloadAllAccessors: .UnionDisassemblerTest

===========================================================================================
----------------- testing Mon Aug 23 21:17:43 UTC 2021 /home/travis/build/icyphy/ptII/ptolemy/actor/lib/test/auto/UtilityFunctions.xml
----------------- Instantiating /home/travis/build/icyphy/ptII/ptolemy/actor/lib/test/auto/UtilityFunctions.xml
1 ms. Memory: 512000K Free: 433047K (85%)
----------------- Invoking toplevel() on ptolemy.moml.MoMLSimpleApplication@320ee9cd
----------------- Done invoking toplevel() on ptolemy.moml.MoMLSimpleApplication@320ee9cd
reloadAllAccessors: .UtilityFunctions

===========================================================================================
----------------- testing Mon Aug 23 21:17:43 UTC 2021 /home/travis/build/icyphy/ptII/ptolemy/actor/lib/test/auto/VariableSleep.xml
----------------- Instantiating /home/travis/build/icyphy/ptII/ptolemy/actor/lib/test/auto/VariableSleep.xml
503 ms. Memory: 512000K Free: 426903K (83%)
----------------- Invoking toplevel() on ptolemy.moml.MoMLSimpleApplication@498649d0
----------------- Done invoking toplevel() on ptolemy.moml.MoMLSimpleApplication@498649d0
reloadAllAccessors: .VariableSleep

===========================================================================================
----------------- testing Mon Aug 23 21:17:44 UTC 2021 /home/travis/build/icyphy/ptII/ptolemy/actor/lib/test/auto/VectorAssemblerDisassemblerCT.xml
----------------- Instantiating /home/travis/build/icyphy/ptII/ptolemy/actor/lib/test/auto/VectorAssemblerDisassemblerCT.xml
63 ms. Memory: 512000K Free: 406933K (79%)
----------------- Invoking toplevel() on ptolemy.moml.MoMLSimpleApplication@30ba0efa
----------------- Done invoking toplevel() on ptolemy.moml.MoMLSimpleApplication@30ba0efa
reloadAllAccessors: .VectorAssemblerDisassemblerCT

===========================================================================================
----------------- testing Mon Aug 23 21:17:44 UTC 2021 /home/travis/build/icyphy/ptII/ptolemy/actor/lib/test/auto/VectorAssemblerDisassemblerDE.xml
----------------- Instantiating /home/travis/build/icyphy/ptII/ptolemy/actor/lib/test/auto/VectorAssemblerDisassemblerDE.xml
2 ms. Memory: 512000K Free: 399765K (78%)
----------------- Invoking toplevel() on ptolemy.moml.MoMLSimpleApplication@3c66a4f1
----------------- Done invoking toplevel() on ptolemy.moml.MoMLSimpleApplication@3c66a4f1
reloadAllAccessors: .VectorAssemblerDisassemblerDE

===========================================================================================
----------------- testing Mon Aug 23 21:17:44 UTC 2021 /home/travis/build/icyphy/ptII/ptolemy/actor/lib/test/auto/VectorAssemblerDisassemblerSDF.xml
----------------- Instantiating /home/travis/build/icyphy/ptII/ptolemy/actor/lib/test/auto/VectorAssemblerDisassemblerSDF.xml
2 ms. Memory: 512000K Free: 393621K (77%)
----------------- Invoking toplevel() on ptolemy.moml.MoMLSimpleApplication@66b7830c
----------------- Done invoking toplevel() on ptolemy.moml.MoMLSimpleApplication@66b7830c
reloadAllAccessors: .VectorAssemblerDisassemblerSDF

===========================================================================================
----------------- testing Mon Aug 23 21:17:44 UTC 2021 /home/travis/build/icyphy/ptII/ptolemy/actor/lib/test/auto/WallClockTime.xml
----------------- Instantiating /home/travis/build/icyphy/ptII/ptolemy/actor/lib/test/auto/WallClockTime.xml
1004 ms. Memory: 512000K Free: 387991K (76%)
----------------- Invoking toplevel() on ptolemy.moml.MoMLSimpleApplication@264bc53a
----------------- Done invoking toplevel() on ptolemy.moml.MoMLSimpleApplication@264bc53a
reloadAllAccessors: .WallClockTime

===========================================================================================
----------------- testing Mon Aug 23 21:17:45 UTC 2021 /home/travis/build/icyphy/ptII/ptolemy/actor/lib/test/auto/WidthTestWithSubscriberPublisher.xml
----------------- Instantiating /home/travis/build/icyphy/ptII/ptolemy/actor/lib/test/auto/WidthTestWithSubscriberPublisher.xml
9 ms. Memory: 512000K Free: 370583K (72%)
----------------- Invoking toplevel() on ptolemy.moml.MoMLSimpleApplication@79f9d1a6
----------------- Done invoking toplevel() on ptolemy.moml.MoMLSimpleApplication@79f9d1a6
reloadAllAccessors: .WidthTestWithSubscriberPublisher

===========================================================================================
----------------- testing Mon Aug 23 21:17:45 UTC 2021 /home/travis/build/icyphy/ptII/ptolemy/actor/lib/test/auto/WidthTestWithSubscriberPublisher2.xml
----------------- Instantiating /home/travis/build/icyphy/ptII/ptolemy/actor/lib/test/auto/WidthTestWithSubscriberPublisher2.xml
2 ms. Memory: 512000K Free: 364439K (71%)
----------------- Invoking toplevel() on ptolemy.moml.MoMLSimpleApplication@76816340
----------------- Done invoking toplevel() on ptolemy.moml.MoMLSimpleApplication@76816340
reloadAllAccessors: .WidthTestWithSubscriberPublisher2

===========================================================================================
----------------- testing Mon Aug 23 21:17:45 UTC 2021 /home/travis/build/icyphy/ptII/ptolemy/actor/lib/test/auto/WidthTestWithSubscriberPublisher3.xml
----------------- Instantiating /home/travis/build/icyphy/ptII/ptolemy/actor/lib/test/auto/WidthTestWithSubscriberPublisher3.xml
2 ms. Memory: 512000K Free: 358805K (70%)
----------------- Invoking toplevel() on ptolemy.moml.MoMLSimpleApplication@121bee7a
----------------- Done invoking toplevel() on ptolemy.moml.MoMLSimpleApplication@121bee7a
reloadAllAccessors: .WidthTestWithSubscriberPublisher3

===========================================================================================
----------------- testing Mon Aug 23 21:17:45 UTC 2021 /home/travis/build/icyphy/ptII/ptolemy/actor/lib/test/auto/Writer.xml
----------------- Instantiating /home/travis/build/icyphy/ptII/ptolemy/actor/lib/test/auto/Writer.xml
0
1
2
3
4
2 ms. Memory: 512000K Free: 354709K (69%)
----------------- Invoking toplevel() on ptolemy.moml.MoMLSimpleApplication@47b129ef
----------------- Done invoking toplevel() on ptolemy.moml.MoMLSimpleApplication@47b129ef
reloadAllAccessors: .Writer

===========================================================================================
----------------- testing Mon Aug 23 21:17:45 UTC 2021 /home/travis/build/icyphy/ptII/ptolemy/actor/lib/test/auto/array.xml
----------------- Instantiating /home/travis/build/icyphy/ptII/ptolemy/actor/lib/test/auto/array.xml
2 ms. Memory: 512000K Free: 349589K (68%)
----------------- Invoking toplevel() on ptolemy.moml.MoMLSimpleApplication@2a594b5c
----------------- Done invoking toplevel() on ptolemy.moml.MoMLSimpleApplication@2a594b5c
reloadAllAccessors: .array

===========================================================================================
----------------- testing Mon Aug 23 21:17:45 UTC 2021 /home/travis/build/icyphy/ptII/ptolemy/actor/lib/test/auto/array2.xml
----------------- Instantiating /home/travis/build/icyphy/ptII/ptolemy/actor/lib/test/auto/array2.xml
8 ms. Memory: 512000K Free: 344469K (67%)
----------------- Invoking toplevel() on ptolemy.moml.MoMLSimpleApplication@202d3cd0
----------------- Done invoking toplevel() on ptolemy.moml.MoMLSimpleApplication@202d3cd0
reloadAllAccessors: .array2

===========================================================================================
----------------- testing Mon Aug 23 21:17:45 UTC 2021 /home/travis/build/icyphy/ptII/ptolemy/actor/lib/test/auto/arrayType.xml
----------------- Instantiating /home/travis/build/icyphy/ptII/ptolemy/actor/lib/test/auto/arrayType.xml
3 ms. Memory: 512000K Free: 339334K (66%)
----------------- Invoking toplevel() on ptolemy.moml.MoMLSimpleApplication@20dbd132
----------------- Done invoking toplevel() on ptolemy.moml.MoMLSimpleApplication@20dbd132
reloadAllAccessors: .arrayType

===========================================================================================
----------------- testing Mon Aug 23 21:17:45 UTC 2021 /home/travis/build/icyphy/ptII/ptolemy/actor/lib/test/auto/arrayType10.xml
----------------- Instantiating /home/travis/build/icyphy/ptII/ptolemy/actor/lib/test/auto/arrayType10.xml
1 ms. Memory: 512000K Free: 334743K (65%)
----------------- Invoking toplevel() on ptolemy.moml.MoMLSimpleApplication@3327c935
----------------- Done invoking toplevel() on ptolemy.moml.MoMLSimpleApplication@3327c935
reloadAllAccessors: .arrayType10

===========================================================================================
----------------- testing Mon Aug 23 21:17:45 UTC 2021 /home/travis/build/icyphy/ptII/ptolemy/actor/lib/test/auto/arrayType11.xml
----------------- Instantiating /home/travis/build/icyphy/ptII/ptolemy/actor/lib/test/auto/arrayType11.xml
1 ms. Memory: 512000K Free: 329623K (64%)
----------------- Invoking toplevel() on ptolemy.moml.MoMLSimpleApplication@7cc936d3
----------------- Done invoking toplevel() on ptolemy.moml.MoMLSimpleApplication@7cc936d3
reloadAllAccessors: .arrayType11

===========================================================================================
----------------- testing Mon Aug 23 21:17:45 UTC 2021 /home/travis/build/icyphy/ptII/ptolemy/actor/lib/test/auto/arrayType12.xml
----------------- Instantiating /home/travis/build/icyphy/ptII/ptolemy/actor/lib/test/auto/arrayType12.xml
1 ms. Memory: 512000K Free: 325013K (63%)
----------------- Invoking toplevel() on ptolemy.moml.MoMLSimpleApplication@6848032d
----------------- Done invoking toplevel() on ptolemy.moml.MoMLSimpleApplication@6848032d
reloadAllAccessors: .arrayType12

===========================================================================================
----------------- testing Mon Aug 23 21:17:45 UTC 2021 /home/travis/build/icyphy/ptII/ptolemy/actor/lib/test/auto/arrayType13.xml
----------------- Instantiating /home/travis/build/icyphy/ptII/ptolemy/actor/lib/test/auto/arrayType13.xml
1 ms. Memory: 512000K Free: 319893K (62%)
----------------- Invoking toplevel() on ptolemy.moml.MoMLSimpleApplication@2dcd59f1
----------------- Done invoking toplevel() on ptolemy.moml.MoMLSimpleApplication@2dcd59f1
reloadAllAccessors: .arrayType13

===========================================================================================
----------------- testing Mon Aug 23 21:17:45 UTC 2021 /home/travis/build/icyphy/ptII/ptolemy/actor/lib/test/auto/arrayType14.xml
----------------- Instantiating /home/travis/build/icyphy/ptII/ptolemy/actor/lib/test/auto/arrayType14.xml
1 ms. Memory: 512000K Free: 314758K (61%)
----------------- Invoking toplevel() on ptolemy.moml.MoMLSimpleApplication@192fb0dc
----------------- Done invoking toplevel() on ptolemy.moml.MoMLSimpleApplication@192fb0dc
reloadAllAccessors: .arrayType14

===========================================================================================
----------------- testing Mon Aug 23 21:17:45 UTC 2021 /home/travis/build/icyphy/ptII/ptolemy/actor/lib/test/auto/arrayType15.xml
----------------- Instantiating /home/travis/build/icyphy/ptII/ptolemy/actor/lib/test/auto/arrayType15.xml
2 ms. Memory: 512000K Free: 309638K (60%)
----------------- Invoking toplevel() on ptolemy.moml.MoMLSimpleApplication@16cbd5f9
----------------- Done invoking toplevel() on ptolemy.moml.MoMLSimpleApplication@16cbd5f9
reloadAllAccessors: .arrayType15

===========================================================================================
----------------- testing Mon Aug 23 21:17:45 UTC 2021 /home/travis/build/icyphy/ptII/ptolemy/actor/lib/test/auto/arrayType16.xml
----------------- Instantiating /home/travis/build/icyphy/ptII/ptolemy/actor/lib/test/auto/arrayType16.xml
1 ms. Memory: 512000K Free: 304023K (59%)
----------------- Invoking toplevel() on ptolemy.moml.MoMLSimpleApplication@2a37e08e
----------------- Done invoking toplevel() on ptolemy.moml.MoMLSimpleApplication@2a37e08e
reloadAllAccessors: .arrayType16

===========================================================================================
----------------- testing Mon Aug 23 21:17:45 UTC 2021 /home/travis/build/icyphy/ptII/ptolemy/actor/lib/test/auto/arrayType17.xml
----------------- Instantiating /home/travis/build/icyphy/ptII/ptolemy/actor/lib/test/auto/arrayType17.xml
1 ms. Memory: 512000K Free: 298903K (58%)
----------------- Invoking toplevel() on ptolemy.moml.MoMLSimpleApplication@5aba48f6
----------------- Done invoking toplevel() on ptolemy.moml.MoMLSimpleApplication@5aba48f6
reloadAllAccessors: .arrayType17

===========================================================================================
----------------- testing Mon Aug 23 21:17:45 UTC 2021 /home/travis/build/icyphy/ptII/ptolemy/actor/lib/test/auto/arrayType18.xml
----------------- Instantiating /home/travis/build/icyphy/ptII/ptolemy/actor/lib/test/auto/arrayType18.xml
1 ms. Memory: 512000K Free: 294293K (57%)
----------------- Invoking toplevel() on ptolemy.moml.MoMLSimpleApplication@40e28968
----------------- Done invoking toplevel() on ptolemy.moml.MoMLSimpleApplication@40e28968
reloadAllAccessors: .arrayType18

===========================================================================================
----------------- testing Mon Aug 23 21:17:45 UTC 2021 /home/travis/build/icyphy/ptII/ptolemy/actor/lib/test/auto/arrayType19.xml
----------------- Instantiating /home/travis/build/icyphy/ptII/ptolemy/actor/lib/test/auto/arrayType19.xml
1 ms. Memory: 512000K Free: 289687K (57%)
----------------- Invoking toplevel() on ptolemy.moml.MoMLSimpleApplication@1c09b265
----------------- Done invoking toplevel() on ptolemy.moml.MoMLSimpleApplication@1c09b265
reloadAllAccessors: .arrayType19

===========================================================================================
----------------- testing Mon Aug 23 21:17:45 UTC 2021 /home/travis/build/icyphy/ptII/ptolemy/actor/lib/test/auto/arrayType2.xml
----------------- Instantiating /home/travis/build/icyphy/ptII/ptolemy/actor/lib/test/auto/arrayType2.xml
1 ms. Memory: 512000K Free: 284053K (55%)
----------------- Invoking toplevel() on ptolemy.moml.MoMLSimpleApplication@468cb880
----------------- Done invoking toplevel() on ptolemy.moml.MoMLSimpleApplication@468cb880
reloadAllAccessors: .arrayType2

===========================================================================================
----------------- testing Mon Aug 23 21:17:45 UTC 2021 /home/travis/build/icyphy/ptII/ptolemy/actor/lib/test/auto/arrayType20.xml
----------------- Instantiating /home/travis/build/icyphy/ptII/ptolemy/actor/lib/test/auto/arrayType20.xml
1 ms. Memory: 512000K Free: 279447K (55%)
----------------- Invoking toplevel() on ptolemy.moml.MoMLSimpleApplication@2a9c9b4c
----------------- Done invoking toplevel() on ptolemy.moml.MoMLSimpleApplication@2a9c9b4c
reloadAllAccessors: .arrayType20

===========================================================================================
----------------- testing Mon Aug 23 21:17:45 UTC 2021 /home/travis/build/icyphy/ptII/ptolemy/actor/lib/test/auto/arrayType21.xml
----------------- Instantiating /home/travis/build/icyphy/ptII/ptolemy/actor/lib/test/auto/arrayType21.xml
1 ms. Memory: 512000K Free: 274837K (54%)
----------------- Invoking toplevel() on ptolemy.moml.MoMLSimpleApplication@ff2d52c
----------------- Done invoking toplevel() on ptolemy.moml.MoMLSimpleApplication@ff2d52c
reloadAllAccessors: .arrayType21

===========================================================================================
----------------- testing Mon Aug 23 21:17:45 UTC 2021 /home/travis/build/icyphy/ptII/ptolemy/actor/lib/test/auto/arrayType22.xml
----------------- Instantiating /home/travis/build/icyphy/ptII/ptolemy/actor/lib/test/auto/arrayType22.xml
1 ms. Memory: 512000K Free: 270231K (53%)
----------------- Invoking toplevel() on ptolemy.moml.MoMLSimpleApplication@353919e5
----------------- Done invoking toplevel() on ptolemy.moml.MoMLSimpleApplication@353919e5
reloadAllAccessors: .arrayType22

===========================================================================================
----------------- testing Mon Aug 23 21:17:45 UTC 2021 /home/travis/build/icyphy/ptII/ptolemy/actor/lib/test/auto/arrayType23.xml
----------------- Instantiating /home/travis/build/icyphy/ptII/ptolemy/actor/lib/test/auto/arrayType23.xml
1 ms. Memory: 512000K Free: 265111K (52%)
----------------- Invoking toplevel() on ptolemy.moml.MoMLSimpleApplication@1ddc1360
----------------- Done invoking toplevel() on ptolemy.moml.MoMLSimpleApplication@1ddc1360
reloadAllAccessors: .arrayType23

===========================================================================================
----------------- testing Mon Aug 23 21:17:45 UTC 2021 /home/travis/build/icyphy/ptII/ptolemy/actor/lib/test/auto/arrayType24.xml
----------------- Instantiating /home/travis/build/icyphy/ptII/ptolemy/actor/lib/test/auto/arrayType24.xml
2 ms. Memory: 512000K Free: 260501K (51%)
----------------- Invoking toplevel() on ptolemy.moml.MoMLSimpleApplication@19e9ce4
----------------- Done invoking toplevel() on ptolemy.moml.MoMLSimpleApplication@19e9ce4
reloadAllAccessors: .arrayType24

===========================================================================================
----------------- testing Mon Aug 23 21:17:45 UTC 2021 /home/travis/build/icyphy/ptII/ptolemy/actor/lib/test/auto/arrayType25.xml
----------------- Instantiating /home/travis/build/icyphy/ptII/ptolemy/actor/lib/test/auto/arrayType25.xml
1 ms. Memory: 512000K Free: 255381K (50%)
----------------- Invoking toplevel() on ptolemy.moml.MoMLSimpleApplication@668b2cad
----------------- Done invoking toplevel() on ptolemy.moml.MoMLSimpleApplication@668b2cad
reloadAllAccessors: .arrayType25

===========================================================================================
----------------- testing Mon Aug 23 21:17:45 UTC 2021 /home/travis/build/icyphy/ptII/ptolemy/actor/lib/test/auto/arrayType26.xml
----------------- Instantiating /home/travis/build/icyphy/ptII/ptolemy/actor/lib/test/auto/arrayType26.xml
1 ms. Memory: 512000K Free: 250246K (49%)
----------------- Invoking toplevel() on ptolemy.moml.MoMLSimpleApplication@530b7fe0
----------------- Done invoking toplevel() on ptolemy.moml.MoMLSimpleApplication@530b7fe0
reloadAllAccessors: .arrayType26

===========================================================================================
----------------- testing Mon Aug 23 21:17:45 UTC 2021 /home/travis/build/icyphy/ptII/ptolemy/actor/lib/test/auto/arrayType27.xml
----------------- Instantiating /home/travis/build/icyphy/ptII/ptolemy/actor/lib/test/auto/arrayType27.xml
1 ms. Memory: 512000K Free: 244631K (48%)
----------------- Invoking toplevel() on ptolemy.moml.MoMLSimpleApplication@7a28c2e0
----------------- Done invoking toplevel() on ptolemy.moml.MoMLSimpleApplication@7a28c2e0
reloadAllAccessors: .arrayType27

===========================================================================================
----------------- testing Mon Aug 23 21:17:45 UTC 2021 /home/travis/build/icyphy/ptII/ptolemy/actor/lib/test/auto/arrayType28.xml
----------------- Instantiating /home/travis/build/icyphy/ptII/ptolemy/actor/lib/test/auto/arrayType28.xml
1 ms. Memory: 512000K Free: 239511K (47%)
----------------- Invoking toplevel() on ptolemy.moml.MoMLSimpleApplication@6a5061d4
----------------- Done invoking toplevel() on ptolemy.moml.MoMLSimpleApplication@6a5061d4
reloadAllAccessors: .arrayType28

===========================================================================================
----------------- testing Mon Aug 23 21:17:45 UTC 2021 /home/travis/build/icyphy/ptII/ptolemy/actor/lib/test/auto/arrayType3.xml
----------------- Instantiating /home/travis/build/icyphy/ptII/ptolemy/actor/lib/test/auto/arrayType3.xml
5 ms. Memory: 512000K Free: 234391K (46%)
----------------- Invoking toplevel() on ptolemy.moml.MoMLSimpleApplication@77e4df79
----------------- Done invoking toplevel() on ptolemy.moml.MoMLSimpleApplication@77e4df79
reloadAllAccessors: .arrayType3

===========================================================================================
----------------- testing Mon Aug 23 21:17:45 UTC 2021 /home/travis/build/icyphy/ptII/ptolemy/actor/lib/test/auto/arrayType4.xml
----------------- Instantiating /home/travis/build/icyphy/ptII/ptolemy/actor/lib/test/auto/arrayType4.xml
1 ms. Memory: 512000K Free: 229271K (45%)
----------------- Invoking toplevel() on ptolemy.moml.MoMLSimpleApplication@4aaf603e
----------------- Done invoking toplevel() on ptolemy.moml.MoMLSimpleApplication@4aaf603e
reloadAllAccessors: .arrayType4

===========================================================================================
----------------- testing Mon Aug 23 21:17:45 UTC 2021 /home/travis/build/icyphy/ptII/ptolemy/actor/lib/test/auto/arrayType5.xml
----------------- Instantiating /home/travis/build/icyphy/ptII/ptolemy/actor/lib/test/auto/arrayType5.xml
1 ms. Memory: 512000K Free: 223637K (44%)
----------------- Invoking toplevel() on ptolemy.moml.MoMLSimpleApplication@315e7e24
----------------- Done invoking toplevel() on ptolemy.moml.MoMLSimpleApplication@315e7e24
reloadAllAccessors: .arrayType5

===========================================================================================
----------------- testing Mon Aug 23 21:17:45 UTC 2021 /home/travis/build/icyphy/ptII/ptolemy/actor/lib/test/auto/arrayType6.xml
----------------- Instantiating /home/travis/build/icyphy/ptII/ptolemy/actor/lib/test/auto/arrayType6.xml
1 ms. Memory: 512000K Free: 219031K (43%)
----------------- Invoking toplevel() on ptolemy.moml.MoMLSimpleApplication@5f9c0f52
----------------- Done invoking toplevel() on ptolemy.moml.MoMLSimpleApplication@5f9c0f52
reloadAllAccessors: .arrayType6

===========================================================================================
----------------- testing Mon Aug 23 21:17:45 UTC 2021 /home/travis/build/icyphy/ptII/ptolemy/actor/lib/test/auto/arrayType7.xml
----------------- Instantiating /home/travis/build/icyphy/ptII/ptolemy/actor/lib/test/auto/arrayType7.xml
1 ms. Memory: 512000K Free: 214421K (42%)
----------------- Invoking toplevel() on ptolemy.moml.MoMLSimpleApplication@14c3a233
----------------- Done invoking toplevel() on ptolemy.moml.MoMLSimpleApplication@14c3a233
reloadAllAccessors: .arrayType7

===========================================================================================
----------------- testing Mon Aug 23 21:17:45 UTC 2021 /home/travis/build/icyphy/ptII/ptolemy/actor/lib/test/auto/arrayType8.xml
----------------- Instantiating /home/travis/build/icyphy/ptII/ptolemy/actor/lib/test/auto/arrayType8.xml
1 ms. Memory: 512000K Free: 209301K (41%)
----------------- Invoking toplevel() on ptolemy.moml.MoMLSimpleApplication@54cbcc23
----------------- Done invoking toplevel() on ptolemy.moml.MoMLSimpleApplication@54cbcc23
reloadAllAccessors: .arrayType8

===========================================================================================
----------------- testing Mon Aug 23 21:17:45 UTC 2021 /home/travis/build/icyphy/ptII/ptolemy/actor/lib/test/auto/arrayType9.xml
----------------- Instantiating /home/travis/build/icyphy/ptII/ptolemy/actor/lib/test/auto/arrayType9.xml
1 ms. Memory: 512000K Free: 204695K (40%)
----------------- Invoking toplevel() on ptolemy.moml.MoMLSimpleApplication@eb88d71
----------------- Done invoking toplevel() on ptolemy.moml.MoMLSimpleApplication@eb88d71
reloadAllAccessors: .arrayType9

===========================================================================================
----------------- testing Mon Aug 23 21:17:45 UTC 2021 /home/travis/build/icyphy/ptII/ptolemy/actor/lib/test/auto/cast.xml
----------------- Instantiating /home/travis/build/icyphy/ptII/ptolemy/actor/lib/test/auto/cast.xml
2 ms. Memory: 512000K Free: 200085K (39%)
----------------- Invoking toplevel() on ptolemy.moml.MoMLSimpleApplication@5e1f3522
----------------- Done invoking toplevel() on ptolemy.moml.MoMLSimpleApplication@5e1f3522
reloadAllAccessors: .cast

===========================================================================================
----------------- testing Mon Aug 23 21:17:45 UTC 2021 /home/travis/build/icyphy/ptII/ptolemy/actor/lib/test/auto/compositeMultiPort.xml
----------------- Instantiating /home/travis/build/icyphy/ptII/ptolemy/actor/lib/test/auto/compositeMultiPort.xml
3 ms. Memory: 512000K Free: 191383K (37%)
----------------- Invoking toplevel() on ptolemy.moml.MoMLSimpleApplication@76a8fe86
----------------- Done invoking toplevel() on ptolemy.moml.MoMLSimpleApplication@76a8fe86
reloadAllAccessors: .compositeMultiPort

===========================================================================================
----------------- testing Mon Aug 23 21:17:45 UTC 2021 /home/travis/build/icyphy/ptII/ptolemy/actor/lib/test/auto/expressionCastInference.xml
----------------- Instantiating /home/travis/build/icyphy/ptII/ptolemy/actor/lib/test/auto/expressionCastInference.xml
2 ms. Memory: 512000K Free: 186263K (36%)
----------------- Invoking toplevel() on ptolemy.moml.MoMLSimpleApplication@206927af
----------------- Done invoking toplevel() on ptolemy.moml.MoMLSimpleApplication@206927af
reloadAllAccessors: .expressionCastInference

===========================================================================================
----------------- testing Mon Aug 23 21:17:45 UTC 2021 /home/travis/build/icyphy/ptII/ptolemy/actor/lib/test/auto/expressionCastInference2.xml
----------------- Instantiating /home/travis/build/icyphy/ptII/ptolemy/actor/lib/test/auto/expressionCastInference2.xml
1 ms. Memory: 512000K Free: 181653K (35%)
----------------- Invoking toplevel() on ptolemy.moml.MoMLSimpleApplication@55dc7a85
----------------- Done invoking toplevel() on ptolemy.moml.MoMLSimpleApplication@55dc7a85
reloadAllAccessors: .expressionCastInference2

===========================================================================================
----------------- testing Mon Aug 23 21:17:45 UTC 2021 /home/travis/build/icyphy/ptII/ptolemy/actor/lib/test/auto/expressionInference.xml
----------------- Instantiating /home/travis/build/icyphy/ptII/ptolemy/actor/lib/test/auto/expressionInference.xml
1 ms. Memory: 512000K Free: 177557K (35%)
----------------- Invoking toplevel() on ptolemy.moml.MoMLSimpleApplication@4dfdb32e
----------------- Done invoking toplevel() on ptolemy.moml.MoMLSimpleApplication@4dfdb32e
reloadAllAccessors: .expressionInference

===========================================================================================
----------------- testing Mon Aug 23 21:17:45 UTC 2021 /home/travis/build/icyphy/ptII/ptolemy/actor/lib/test/auto/expression_bug.xml
----------------- Instantiating /home/travis/build/icyphy/ptII/ptolemy/actor/lib/test/auto/expression_bug.xml
1 ms. Memory: 512000K Free: 172951K (34%)
----------------- Invoking toplevel() on ptolemy.moml.MoMLSimpleApplication@140a33ad
----------------- Done invoking toplevel() on ptolemy.moml.MoMLSimpleApplication@140a33ad
reloadAllAccessors: .expression_bug

===========================================================================================
----------------- testing Mon Aug 23 21:17:45 UTC 2021 /home/travis/build/icyphy/ptII/ptolemy/actor/lib/test/auto/factorial.xml
----------------- Instantiating /home/travis/build/icyphy/ptII/ptolemy/actor/lib/test/auto/factorial.xml
36 ms. Memory: 512000K Free: 164245K (32%)
----------------- Invoking toplevel() on ptolemy.moml.MoMLSimpleApplication@454faf9a
----------------- Done invoking toplevel() on ptolemy.moml.MoMLSimpleApplication@454faf9a
reloadAllAccessors: .factorial

===========================================================================================
----------------- testing Mon Aug 23 21:17:45 UTC 2021 /home/travis/build/icyphy/ptII/ptolemy/actor/lib/test/auto/filterTest1.xml
----------------- Instantiating /home/travis/build/icyphy/ptII/ptolemy/actor/lib/test/auto/filterTest1.xml
2 ms. Memory: 512000K Free: 158615K (31%)
----------------- Invoking toplevel() on ptolemy.moml.MoMLSimpleApplication@6aa69260
----------------- Done invoking toplevel() on ptolemy.moml.MoMLSimpleApplication@6aa69260
reloadAllAccessors: .filterTest1

===========================================================================================
----------------- testing Mon Aug 23 21:17:45 UTC 2021 /home/travis/build/icyphy/ptII/ptolemy/actor/lib/test/auto/funcApplyInConst.xml
----------------- Instantiating /home/travis/build/icyphy/ptII/ptolemy/actor/lib/test/auto/funcApplyInConst.xml
1 ms. Memory: 512000K Free: 455678K (89%)
----------------- Invoking toplevel() on ptolemy.moml.MoMLSimpleApplication@2509bf0d
----------------- Done invoking toplevel() on ptolemy.moml.MoMLSimpleApplication@2509bf0d
reloadAllAccessors: .funcApplyInConst

===========================================================================================
----------------- testing Mon Aug 23 21:17:45 UTC 2021 /home/travis/build/icyphy/ptII/ptolemy/actor/lib/test/auto/funcApplyInExpr.xml
----------------- Instantiating /home/travis/build/icyphy/ptII/ptolemy/actor/lib/test/auto/funcApplyInExpr.xml
1 ms. Memory: 512000K Free: 451582K (88%)
----------------- Invoking toplevel() on ptolemy.moml.MoMLSimpleApplication@44f8493a
----------------- Done invoking toplevel() on ptolemy.moml.MoMLSimpleApplication@44f8493a
reloadAllAccessors: .funcApplyInExpr

===========================================================================================
----------------- testing Mon Aug 23 21:17:45 UTC 2021 /home/travis/build/icyphy/ptII/ptolemy/actor/lib/test/auto/function.xml
----------------- Instantiating /home/travis/build/icyphy/ptII/ptolemy/actor/lib/test/auto/function.xml
1 ms. Memory: 512000K Free: 446976K (87%)
----------------- Invoking toplevel() on ptolemy.moml.MoMLSimpleApplication@6004fd15
----------------- Done invoking toplevel() on ptolemy.moml.MoMLSimpleApplication@6004fd15
reloadAllAccessors: .function

===========================================================================================
----------------- testing Mon Aug 23 21:17:45 UTC 2021 /home/travis/build/icyphy/ptII/ptolemy/actor/lib/test/auto/function2.xml
----------------- Instantiating /home/travis/build/icyphy/ptII/ptolemy/actor/lib/test/auto/function2.xml
2 ms. Memory: 512000K Free: 442366K (86%)
----------------- Invoking toplevel() on ptolemy.moml.MoMLSimpleApplication@47bb3083
----------------- Done invoking toplevel() on ptolemy.moml.MoMLSimpleApplication@47bb3083
reloadAllAccessors: .function2

===========================================================================================
----------------- testing Mon Aug 23 21:17:45 UTC 2021 /home/travis/build/icyphy/ptII/ptolemy/actor/lib/test/auto/function3.xml
----------------- Instantiating /home/travis/build/icyphy/ptII/ptolemy/actor/lib/test/auto/function3.xml
1 ms. Memory: 512000K Free: 438270K (86%)
----------------- Invoking toplevel() on ptolemy.moml.MoMLSimpleApplication@a759237
----------------- Done invoking toplevel() on ptolemy.moml.MoMLSimpleApplication@a759237
reloadAllAccessors: .function3

===========================================================================================
----------------- testing Mon Aug 23 21:17:45 UTC 2021 /home/travis/build/icyphy/ptII/ptolemy/actor/lib/test/auto/functionClosureTest1.xml
----------------- Instantiating /home/travis/build/icyphy/ptII/ptolemy/actor/lib/test/auto/functionClosureTest1.xml
1 ms. Memory: 512000K Free: 432640K (85%)
----------------- Invoking toplevel() on ptolemy.moml.MoMLSimpleApplication@1fcd00ef
----------------- Done invoking toplevel() on ptolemy.moml.MoMLSimpleApplication@1fcd00ef
reloadAllAccessors: .functionClosureTest1

===========================================================================================
----------------- testing Mon Aug 23 21:17:45 UTC 2021 /home/travis/build/icyphy/ptII/ptolemy/actor/lib/test/auto/functionClosureTest2.xml
----------------- Instantiating /home/travis/build/icyphy/ptII/ptolemy/actor/lib/test/auto/functionClosureTest2.xml
1 ms. Memory: 512000K Free: 429054K (84%)
----------------- Invoking toplevel() on ptolemy.moml.MoMLSimpleApplication@55e02152
----------------- Done invoking toplevel() on ptolemy.moml.MoMLSimpleApplication@55e02152
reloadAllAccessors: .functionClosureTest2

===========================================================================================
----------------- testing Mon Aug 23 21:17:45 UTC 2021 /home/travis/build/icyphy/ptII/ptolemy/actor/lib/test/auto/functionClosureTest3.xml
----------------- Instantiating /home/travis/build/icyphy/ptII/ptolemy/actor/lib/test/auto/functionClosureTest3.xml
2 ms. Memory: 512000K Free: 423424K (83%)
----------------- Invoking toplevel() on ptolemy.moml.MoMLSimpleApplication@2450418a
----------------- Done invoking toplevel() on ptolemy.moml.MoMLSimpleApplication@2450418a
reloadAllAccessors: .functionClosureTest3

===========================================================================================
----------------- testing Mon Aug 23 21:17:45 UTC 2021 /home/travis/build/icyphy/ptII/ptolemy/actor/lib/test/auto/functionClosureTest4.xml
----------------- Instantiating /home/travis/build/icyphy/ptII/ptolemy/actor/lib/test/auto/functionClosureTest4.xml
3 ms. Memory: 512000K Free: 417280K (82%)
----------------- Invoking toplevel() on ptolemy.moml.MoMLSimpleApplication@31ebc2f2
----------------- Done invoking toplevel() on ptolemy.moml.MoMLSimpleApplication@31ebc2f2
reloadAllAccessors: .functionClosureTest4

===========================================================================================
----------------- testing Mon Aug 23 21:17:45 UTC 2021 /home/travis/build/icyphy/ptII/ptolemy/actor/lib/test/auto/functionClosureTest5.xml
----------------- Instantiating /home/travis/build/icyphy/ptII/ptolemy/actor/lib/test/auto/functionClosureTest5.xml
4 ms. Memory: 512000K Free: 412160K (81%)
----------------- Invoking toplevel() on ptolemy.moml.MoMLSimpleApplication@710ad5de
----------------- Done invoking toplevel() on ptolemy.moml.MoMLSimpleApplication@710ad5de
reloadAllAccessors: .functionClosureTest5

===========================================================================================
----------------- testing Mon Aug 23 21:17:46 UTC 2021 /home/travis/build/icyphy/ptII/ptolemy/actor/lib/test/auto/functionClosureTest6.xml
----------------- Instantiating /home/travis/build/icyphy/ptII/ptolemy/actor/lib/test/auto/functionClosureTest6.xml
2 ms. Memory: 512000K Free: 407040K (80%)
----------------- Invoking toplevel() on ptolemy.moml.MoMLSimpleApplication@239f48d0
----------------- Done invoking toplevel() on ptolemy.moml.MoMLSimpleApplication@239f48d0
reloadAllAccessors: .functionClosureTest6

===========================================================================================
----------------- testing Mon Aug 23 21:17:46 UTC 2021 /home/travis/build/icyphy/ptII/ptolemy/actor/lib/test/auto/functionsOnArcs.xml
----------------- Instantiating /home/travis/build/icyphy/ptII/ptolemy/actor/lib/test/auto/functionsOnArcs.xml
1 ms. Memory: 512000K Free: 401920K (79%)
----------------- Invoking toplevel() on ptolemy.moml.MoMLSimpleApplication@103b108e
----------------- Done invoking toplevel() on ptolemy.moml.MoMLSimpleApplication@103b108e
reloadAllAccessors: .functionsOnArcs

===========================================================================================
----------------- testing Mon Aug 23 21:17:46 UTC 2021 /home/travis/build/icyphy/ptII/ptolemy/actor/lib/test/auto/functionsOnArcsHOF.xml
----------------- Instantiating /home/travis/build/icyphy/ptII/ptolemy/actor/lib/test/auto/functionsOnArcsHOF.xml
2 ms. Memory: 512000K Free: 396286K (77%)
----------------- Invoking toplevel() on ptolemy.moml.MoMLSimpleApplication@b9e5e59
----------------- Done invoking toplevel() on ptolemy.moml.MoMLSimpleApplication@b9e5e59
reloadAllAccessors: .functionsOnArcsHOF

===========================================================================================
----------------- testing Mon Aug 23 21:17:46 UTC 2021 /home/travis/build/icyphy/ptII/ptolemy/actor/lib/test/auto/logic.xml
----------------- Instantiating /home/travis/build/icyphy/ptII/ptolemy/actor/lib/test/auto/logic.xml
1 ms. Memory: 512000K Free: 388608K (76%)
----------------- Invoking toplevel() on ptolemy.moml.MoMLSimpleApplication@54280aaa
----------------- Done invoking toplevel() on ptolemy.moml.MoMLSimpleApplication@54280aaa
reloadAllAccessors: .logic

===========================================================================================
----------------- testing Mon Aug 23 21:17:46 UTC 2021 /home/travis/build/icyphy/ptII/ptolemy/actor/lib/test/auto/matrixType.xml
----------------- Instantiating /home/travis/build/icyphy/ptII/ptolemy/actor/lib/test/auto/matrixType.xml
1 ms. Memory: 512000K Free: 383998K (75%)
----------------- Invoking toplevel() on ptolemy.moml.MoMLSimpleApplication@45985676
----------------- Done invoking toplevel() on ptolemy.moml.MoMLSimpleApplication@45985676
reloadAllAccessors: .matrixType

===========================================================================================
----------------- testing Mon Aug 23 21:17:46 UTC 2021 /home/travis/build/icyphy/ptII/ptolemy/actor/lib/test/auto/matrixType10.xml
----------------- Instantiating /home/travis/build/icyphy/ptII/ptolemy/actor/lib/test/auto/matrixType10.xml
2 ms. Memory: 512000K Free: 379392K (74%)
----------------- Invoking toplevel() on ptolemy.moml.MoMLSimpleApplication@5085a710
----------------- Done invoking toplevel() on ptolemy.moml.MoMLSimpleApplication@5085a710
reloadAllAccessors: .matrixType10

===========================================================================================
----------------- testing Mon Aug 23 21:17:46 UTC 2021 /home/travis/build/icyphy/ptII/ptolemy/actor/lib/test/auto/matrixType11.xml
----------------- Instantiating /home/travis/build/icyphy/ptII/ptolemy/actor/lib/test/auto/matrixType11.xml
1 ms. Memory: 512000K Free: 374272K (73%)
----------------- Invoking toplevel() on ptolemy.moml.MoMLSimpleApplication@791d8de0
----------------- Done invoking toplevel() on ptolemy.moml.MoMLSimpleApplication@791d8de0
reloadAllAccessors: .matrixType11

===========================================================================================
----------------- testing Mon Aug 23 21:17:46 UTC 2021 /home/travis/build/icyphy/ptII/ptolemy/actor/lib/test/auto/matrixType12.xml
----------------- Instantiating /home/travis/build/icyphy/ptII/ptolemy/actor/lib/test/auto/matrixType12.xml
1 ms. Memory: 512000K Free: 369662K (72%)
----------------- Invoking toplevel() on ptolemy.moml.MoMLSimpleApplication@78c2f04a
----------------- Done invoking toplevel() on ptolemy.moml.MoMLSimpleApplication@78c2f04a
reloadAllAccessors: .matrixType12

===========================================================================================
----------------- testing Mon Aug 23 21:17:46 UTC 2021 /home/travis/build/icyphy/ptII/ptolemy/actor/lib/test/auto/matrixType13.xml
----------------- Instantiating /home/travis/build/icyphy/ptII/ptolemy/actor/lib/test/auto/matrixType13.xml
1 ms. Memory: 512000K Free: 364542K (71%)
----------------- Invoking toplevel() on ptolemy.moml.MoMLSimpleApplication@a082b69
----------------- Done invoking toplevel() on ptolemy.moml.MoMLSimpleApplication@a082b69
reloadAllAccessors: .matrixType13

===========================================================================================
----------------- testing Mon Aug 23 21:17:46 UTC 2021 /home/travis/build/icyphy/ptII/ptolemy/actor/lib/test/auto/matrixType14.xml
----------------- Instantiating /home/travis/build/icyphy/ptII/ptolemy/actor/lib/test/auto/matrixType14.xml
1 ms. Memory: 512000K Free: 359422K (70%)
----------------- Invoking toplevel() on ptolemy.moml.MoMLSimpleApplication@199ba44e
----------------- Done invoking toplevel() on ptolemy.moml.MoMLSimpleApplication@199ba44e
reloadAllAccessors: .matrixType14

===========================================================================================
----------------- testing Mon Aug 23 21:17:46 UTC 2021 /home/travis/build/icyphy/ptII/ptolemy/actor/lib/test/auto/matrixType2.xml
----------------- Instantiating /home/travis/build/icyphy/ptII/ptolemy/actor/lib/test/auto/matrixType2.xml
1 ms. Memory: 512000K Free: 354302K (69%)
----------------- Invoking toplevel() on ptolemy.moml.MoMLSimpleApplication@6808d966
----------------- Done invoking toplevel() on ptolemy.moml.MoMLSimpleApplication@6808d966
reloadAllAccessors: .matrixType2

===========================================================================================
----------------- testing Mon Aug 23 21:17:46 UTC 2021 /home/travis/build/icyphy/ptII/ptolemy/actor/lib/test/auto/matrixType3.xml
----------------- Instantiating /home/travis/build/icyphy/ptII/ptolemy/actor/lib/test/auto/matrixType3.xml
3 ms. Memory: 512000K Free: 349182K (68%)
----------------- Invoking toplevel() on ptolemy.moml.MoMLSimpleApplication@604f80f8
----------------- Done invoking toplevel() on ptolemy.moml.MoMLSimpleApplication@604f80f8
reloadAllAccessors: .matrixType3

===========================================================================================
----------------- testing Mon Aug 23 21:17:46 UTC 2021 /home/travis/build/icyphy/ptII/ptolemy/actor/lib/test/auto/matrixType4.xml
----------------- Instantiating /home/travis/build/icyphy/ptII/ptolemy/actor/lib/test/auto/matrixType4.xml
1 ms. Memory: 512000K Free: 344576K (67%)
----------------- Invoking toplevel() on ptolemy.moml.MoMLSimpleApplication@59909880
----------------- Done invoking toplevel() on ptolemy.moml.MoMLSimpleApplication@59909880
reloadAllAccessors: .matrixType4

===========================================================================================
----------------- testing Mon Aug 23 21:17:46 UTC 2021 /home/travis/build/icyphy/ptII/ptolemy/actor/lib/test/auto/matrixType5.xml
----------------- Instantiating /home/travis/build/icyphy/ptII/ptolemy/actor/lib/test/auto/matrixType5.xml
1 ms. Memory: 512000K Free: 339966K (66%)
----------------- Invoking toplevel() on ptolemy.moml.MoMLSimpleApplication@6743fb6b
----------------- Done invoking toplevel() on ptolemy.moml.MoMLSimpleApplication@6743fb6b
reloadAllAccessors: .matrixType5

===========================================================================================
----------------- testing Mon Aug 23 21:17:46 UTC 2021 /home/travis/build/icyphy/ptII/ptolemy/actor/lib/test/auto/matrixType6.xml
----------------- Instantiating /home/travis/build/icyphy/ptII/ptolemy/actor/lib/test/auto/matrixType6.xml
1 ms. Memory: 512000K Free: 334846K (65%)
----------------- Invoking toplevel() on ptolemy.moml.MoMLSimpleApplication@63c1e07a
----------------- Done invoking toplevel() on ptolemy.moml.MoMLSimpleApplication@63c1e07a
reloadAllAccessors: .matrixType6

===========================================================================================
----------------- testing Mon Aug 23 21:17:46 UTC 2021 /home/travis/build/icyphy/ptII/ptolemy/actor/lib/test/auto/matrixType7.xml
----------------- Instantiating /home/travis/build/icyphy/ptII/ptolemy/actor/lib/test/auto/matrixType7.xml
1 ms. Memory: 512000K Free: 330240K (65%)
----------------- Invoking toplevel() on ptolemy.moml.MoMLSimpleApplication@2ff0fc98
----------------- Done invoking toplevel() on ptolemy.moml.MoMLSimpleApplication@2ff0fc98
reloadAllAccessors: .matrixType7

===========================================================================================
----------------- testing Mon Aug 23 21:17:46 UTC 2021 /home/travis/build/icyphy/ptII/ptolemy/actor/lib/test/auto/matrixType8.xml
----------------- Instantiating /home/travis/build/icyphy/ptII/ptolemy/actor/lib/test/auto/matrixType8.xml
1 ms. Memory: 512000K Free: 325120K (64%)
----------------- Invoking toplevel() on ptolemy.moml.MoMLSimpleApplication@2750cece
----------------- Done invoking toplevel() on ptolemy.moml.MoMLSimpleApplication@2750cece
reloadAllAccessors: .matrixType8

===========================================================================================
----------------- testing Mon Aug 23 21:17:46 UTC 2021 /home/travis/build/icyphy/ptII/ptolemy/actor/lib/test/auto/matrixType9.xml
----------------- Instantiating /home/travis/build/icyphy/ptII/ptolemy/actor/lib/test/auto/matrixType9.xml
1 ms. Memory: 512000K Free: 320510K (63%)
----------------- Invoking toplevel() on ptolemy.moml.MoMLSimpleApplication@2a0ab595
----------------- Done invoking toplevel() on ptolemy.moml.MoMLSimpleApplication@2a0ab595
reloadAllAccessors: .matrixType9

===========================================================================================
----------------- testing Mon Aug 23 21:17:46 UTC 2021 /home/travis/build/icyphy/ptII/ptolemy/actor/lib/test/auto/paraFunctest.xml
----------------- Instantiating /home/travis/build/icyphy/ptII/ptolemy/actor/lib/test/auto/paraFunctest.xml
1 ms. Memory: 512000K Free: 316414K (62%)
----------------- Invoking toplevel() on ptolemy.moml.MoMLSimpleApplication@7934b03d
----------------- Done invoking toplevel() on ptolemy.moml.MoMLSimpleApplication@7934b03d
reloadAllAccessors: .paraFunctest

===========================================================================================
----------------- testing Mon Aug 23 21:17:46 UTC 2021 /home/travis/build/icyphy/ptII/ptolemy/actor/lib/test/auto/paraFunctest2.xml
----------------- Instantiating /home/travis/build/icyphy/ptII/ptolemy/actor/lib/test/auto/paraFunctest2.xml
1 ms. Memory: 512000K Free: 311294K (61%)
----------------- Invoking toplevel() on ptolemy.moml.MoMLSimpleApplication@780e3ba8
----------------- Done invoking toplevel() on ptolemy.moml.MoMLSimpleApplication@780e3ba8
reloadAllAccessors: .paraFunctest2

===========================================================================================
----------------- testing Mon Aug 23 21:17:46 UTC 2021 /home/travis/build/icyphy/ptII/ptolemy/actor/lib/test/auto/parameterPassing.xml
----------------- Instantiating /home/travis/build/icyphy/ptII/ptolemy/actor/lib/test/auto/parameterPassing.xml
1 ms. Memory: 512000K Free: 307198K (60%)
----------------- Invoking toplevel() on ptolemy.moml.MoMLSimpleApplication@3e5376cf
----------------- Done invoking toplevel() on ptolemy.moml.MoMLSimpleApplication@3e5376cf
reloadAllAccessors: .parameterPassing

===========================================================================================
----------------- testing Mon Aug 23 21:17:46 UTC 2021 /home/travis/build/icyphy/ptII/ptolemy/actor/lib/test/auto/record.xml
----------------- Instantiating /home/travis/build/icyphy/ptII/ptolemy/actor/lib/test/auto/record.xml
2 ms. Memory: 512000K Free: 302592K (59%)
----------------- Invoking toplevel() on ptolemy.moml.MoMLSimpleApplication@56fdafc7
----------------- Done invoking toplevel() on ptolemy.moml.MoMLSimpleApplication@56fdafc7
reloadAllAccessors: .record

===========================================================================================
----------------- testing Mon Aug 23 21:17:46 UTC 2021 /home/travis/build/icyphy/ptII/ptolemy/actor/lib/test/auto/sizedarray1.xml
----------------- Instantiating /home/travis/build/icyphy/ptII/ptolemy/actor/lib/test/auto/sizedarray1.xml
2 ms. Memory: 512000K Free: 296958K (58%)
----------------- Invoking toplevel() on ptolemy.moml.MoMLSimpleApplication@48356c87
----------------- Done invoking toplevel() on ptolemy.moml.MoMLSimpleApplication@48356c87
reloadAllAccessors: .sizedarray1

===========================================================================================
----------------- testing Mon Aug 23 21:17:46 UTC 2021 /home/travis/build/icyphy/ptII/ptolemy/actor/lib/test/auto/sizedarray2.xml
----------------- Instantiating /home/travis/build/icyphy/ptII/ptolemy/actor/lib/test/auto/sizedarray2.xml
2 ms. Memory: 512000K Free: 291838K (57%)
----------------- Invoking toplevel() on ptolemy.moml.MoMLSimpleApplication@4067987e
----------------- Done invoking toplevel() on ptolemy.moml.MoMLSimpleApplication@4067987e
reloadAllAccessors: .sizedarray2

===========================================================================================
----------------- testing Mon Aug 23 21:17:46 UTC 2021 /home/travis/build/icyphy/ptII/ptolemy/actor/lib/test/auto/twoPublishers.xml
----------------- Instantiating /home/travis/build/icyphy/ptII/ptolemy/actor/lib/test/auto/twoPublishers.xml
6 ms. Memory: 512000K Free: 280559K (55%)
----------------- Invoking toplevel() on ptolemy.moml.MoMLSimpleApplication@774c3782
----------------- Done invoking toplevel() on ptolemy.moml.MoMLSimpleApplication@774c3782
reloadAllAccessors: .twoPublishers
AutoTests.java: About to close Vertx.
AutoTests.java: Vertx closed.
]]></system-out>
  <system-err><![CDATA[java.lang.RuntimeException: Execution failed
	at ptolemy.moml.MoMLSimpleApplication$UnloadThread.run(MoMLSimpleApplication.java:402)
Caused by: java.lang.RuntimeException: StringUtilities.exit() was called. Normally, we would exit here because Manager.exitAfterWrapup() was called.  However, because the ptolemy.ptII.exitAfterWrapup property is set, we throw this exception instead.
	at ptolemy.util.StringUtilities.exit(StringUtilities.java:365)
	at ptolemy.actor.Manager.wrapup(Manager.java:1549)
	at ptolemy.actor.Manager.execute(Manager.java:407)
	at ptolemy.actor.Manager.run(Manager.java:1263)
	at ptolemy.actor.Manager$PtolemyRunThread.run(Manager.java:1933)
Warning: '.top.test' is in training mode, set the trainingMode parameter to false before checking in
Warning: '.top.test' is in training mode, set the trainingMode parameter to false before checking in
Warning: '.top.test' is in training mode, set the trainingMode parameter to false before checking in
Warning: '.BooleanSwitch_RegressionTest_WrongTrainingValues.Test' is in training mode, set the trainingMode parameter to false before checking in
Warning: '.BooleanSwitch_RegressionTest_WrongTrainingValues.Test2' is in training mode, set the trainingMode parameter to false before checking in
Warning: '.BooleanSwitch_RegressionTest_WrongTrainingValues.Test2' The test produced 0 tokens.
Warning: '.top.testExceptionHandler' is in training mode, set the trainingMode parameter to false before checking in
java.lang.RuntimeException: Execution failed
	at ptolemy.moml.MoMLSimpleApplication$UnloadThread.run(MoMLSimpleApplication.java:402)
Caused by: ptolemy.kernel.util.IllegalActionException: PublisherPorts cannot be used at the top level, use a Publisher actor instead.
  in .PublisherPortToplevelSubscriber.PublisherPort
	at ptolemy.actor.PublisherPort.preinitialize(PublisherPort.java:403)
	at ptolemy.actor.CompositeActor.preinitialize(CompositeActor.java:1769)
	at ptolemy.actor.Manager.preinitializeAndResolveTypes(Manager.java:1040)
	at ptolemy.actor.Manager.initialize(Manager.java:710)
	at ptolemy.actor.Manager.execute(Manager.java:356)
	at ptolemy.actor.Manager.run(Manager.java:1263)
	at ptolemy.actor.Manager$PtolemyRunThread.run(Manager.java:1933)
java.lang.reflect.InvocationTargetException
	at java.base/jdk.internal.reflect.NativeConstructorAccessorImpl.newInstance0(Native Method)
	at java.base/jdk.internal.reflect.NativeConstructorAccessorImpl.newInstance(NativeConstructorAccessorImpl.java:62)
	at java.base/jdk.internal.reflect.DelegatingConstructorAccessorImpl.newInstance(DelegatingConstructorAccessorImpl.java:45)
	at java.base/java.lang.reflect.Constructor.newInstance(Constructor.java:490)
	at ptolemy.util.test.junit.AutoKnownFailedTests.RunModel(AutoKnownFailedTests.java:105)
	at java.base/jdk.internal.reflect.NativeMethodAccessorImpl.invoke0(Native Method)
	at java.base/jdk.internal.reflect.NativeMethodAccessorImpl.invoke(NativeMethodAccessorImpl.java:62)
	at java.base/jdk.internal.reflect.DelegatingMethodAccessorImpl.invoke(DelegatingMethodAccessorImpl.java:43)
	at java.base/java.lang.reflect.Method.invoke(Method.java:566)
	at org.junit.runners.model.FrameworkMethod$1.runReflectiveCall(FrameworkMethod.java:44)
	at org.junit.internal.runners.model.ReflectiveCallable.run(ReflectiveCallable.java:15)
	at org.junit.runners.model.FrameworkMethod.invokeExplosively(FrameworkMethod.java:41)
	at junitparams.internal.InvokeParameterisedMethod.evaluate(InvokeParameterisedMethod.java:102)
	at org.junit.internal.runners.statements.FailOnTimeout$1.run(FailOnTimeout.java:28)
Caused by: ptolemy.kernel.util.IllegalActionException: PublisherPorts cannot be used at the top level, use a Publisher actor instead.
  in .PublisherPortToplevelSubscriber.PublisherPort
	at ptolemy.actor.PublisherPort.preinitialize(PublisherPort.java:403)
	at ptolemy.actor.CompositeActor.preinitialize(CompositeActor.java:1769)
	at ptolemy.actor.Manager.preinitializeAndResolveTypes(Manager.java:1040)
	at ptolemy.actor.Manager.initialize(Manager.java:710)
	at ptolemy.actor.Manager.execute(Manager.java:356)
	at ptolemy.actor.Manager.run(Manager.java:1263)
	at ptolemy.actor.Manager$PtolemyRunThread.run(Manager.java:1933)
java.lang.RuntimeException: Execution failed
	at ptolemy.moml.MoMLSimpleApplication$UnloadThread.run(MoMLSimpleApplication.java:402)
Caused by: ptolemy.kernel.util.IllegalActionException: SubscriberPorts cannot be used at the top level, use a Subscriber actor instead.
  in .PublisherSubscriberPortToplevel.SubscriberPort
	at ptolemy.actor.SubscriberPort.preinitialize(SubscriberPort.java:328)
	at ptolemy.actor.CompositeActor.preinitialize(CompositeActor.java:1769)
	at ptolemy.actor.Manager.preinitializeAndResolveTypes(Manager.java:1040)
	at ptolemy.actor.Manager.initialize(Manager.java:710)
	at ptolemy.actor.Manager.execute(Manager.java:356)
	at ptolemy.actor.Manager.run(Manager.java:1263)
	at ptolemy.actor.Manager$PtolemyRunThread.run(Manager.java:1933)
java.lang.reflect.InvocationTargetException
	at java.base/jdk.internal.reflect.NativeConstructorAccessorImpl.newInstance0(Native Method)
	at java.base/jdk.internal.reflect.NativeConstructorAccessorImpl.newInstance(NativeConstructorAccessorImpl.java:62)
	at java.base/jdk.internal.reflect.DelegatingConstructorAccessorImpl.newInstance(DelegatingConstructorAccessorImpl.java:45)
	at java.base/java.lang.reflect.Constructor.newInstance(Constructor.java:490)
	at ptolemy.util.test.junit.AutoKnownFailedTests.RunModel(AutoKnownFailedTests.java:105)
	at java.base/jdk.internal.reflect.NativeMethodAccessorImpl.invoke0(Native Method)
	at java.base/jdk.internal.reflect.NativeMethodAccessorImpl.invoke(NativeMethodAccessorImpl.java:62)
	at java.base/jdk.internal.reflect.DelegatingMethodAccessorImpl.invoke(DelegatingMethodAccessorImpl.java:43)
	at java.base/java.lang.reflect.Method.invoke(Method.java:566)
	at org.junit.runners.model.FrameworkMethod$1.runReflectiveCall(FrameworkMethod.java:44)
	at org.junit.internal.runners.model.ReflectiveCallable.run(ReflectiveCallable.java:15)
	at org.junit.runners.model.FrameworkMethod.invokeExplosively(FrameworkMethod.java:41)
	at junitparams.internal.InvokeParameterisedMethod.evaluate(InvokeParameterisedMethod.java:102)
	at org.junit.internal.runners.statements.FailOnTimeout$1.run(FailOnTimeout.java:28)
Caused by: ptolemy.kernel.util.IllegalActionException: SubscriberPorts cannot be used at the top level, use a Subscriber actor instead.
  in .PublisherSubscriberPortToplevel.SubscriberPort
	at ptolemy.actor.SubscriberPort.preinitialize(SubscriberPort.java:328)
	at ptolemy.actor.CompositeActor.preinitialize(CompositeActor.java:1769)
	at ptolemy.actor.Manager.preinitializeAndResolveTypes(Manager.java:1040)
	at ptolemy.actor.Manager.initialize(Manager.java:710)
	at ptolemy.actor.Manager.execute(Manager.java:356)
	at ptolemy.actor.Manager.run(Manager.java:1263)
	at ptolemy.actor.Manager$PtolemyRunThread.run(Manager.java:1933)
java.lang.RuntimeException: Execution failed
	at ptolemy.moml.MoMLSimpleApplication$UnloadThread.run(MoMLSimpleApplication.java:402)
Caused by: ptolemy.kernel.util.IllegalActionException: SubscriptionAggregatorPorts cannot be used at the top level, use a SubscriptionAggregator actor instead.
  in .PublisherSubscriptionAggregatorPort.SubscriptionAggregatorPort
	at ptolemy.actor.SubscriptionAggregatorPort.preinitialize(SubscriptionAggregatorPort.java:353)
	at ptolemy.actor.CompositeActor.preinitialize(CompositeActor.java:1769)
	at ptolemy.actor.Manager.preinitializeAndResolveTypes(Manager.java:1040)
	at ptolemy.actor.Manager.initialize(Manager.java:710)
	at ptolemy.actor.Manager.execute(Manager.java:356)
	at ptolemy.actor.Manager.run(Manager.java:1263)
	at ptolemy.actor.Manager$PtolemyRunThread.run(Manager.java:1933)
java.lang.reflect.InvocationTargetException
	at java.base/jdk.internal.reflect.NativeConstructorAccessorImpl.newInstance0(Native Method)
	at java.base/jdk.internal.reflect.NativeConstructorAccessorImpl.newInstance(NativeConstructorAccessorImpl.java:62)
	at java.base/jdk.internal.reflect.DelegatingConstructorAccessorImpl.newInstance(DelegatingConstructorAccessorImpl.java:45)
	at java.base/java.lang.reflect.Constructor.newInstance(Constructor.java:490)
	at ptolemy.util.test.junit.AutoKnownFailedTests.RunModel(AutoKnownFailedTests.java:105)
	at java.base/jdk.internal.reflect.NativeMethodAccessorImpl.invoke0(Native Method)
	at java.base/jdk.internal.reflect.NativeMethodAccessorImpl.invoke(NativeMethodAccessorImpl.java:62)
	at java.base/jdk.internal.reflect.DelegatingMethodAccessorImpl.invoke(DelegatingMethodAccessorImpl.java:43)
	at java.base/java.lang.reflect.Method.invoke(Method.java:566)
	at org.junit.runners.model.FrameworkMethod$1.runReflectiveCall(FrameworkMethod.java:44)
	at org.junit.internal.runners.model.ReflectiveCallable.run(ReflectiveCallable.java:15)
	at org.junit.runners.model.FrameworkMethod.invokeExplosively(FrameworkMethod.java:41)
	at junitparams.internal.InvokeParameterisedMethod.evaluate(InvokeParameterisedMethod.java:102)
	at org.junit.internal.runners.statements.FailOnTimeout$1.run(FailOnTimeout.java:28)
Caused by: ptolemy.kernel.util.IllegalActionException: SubscriptionAggregatorPorts cannot be used at the top level, use a SubscriptionAggregator actor instead.
  in .PublisherSubscriptionAggregatorPort.SubscriptionAggregatorPort
	at ptolemy.actor.SubscriptionAggregatorPort.preinitialize(SubscriptionAggregatorPort.java:353)
	at ptolemy.actor.CompositeActor.preinitialize(CompositeActor.java:1769)
	at ptolemy.actor.Manager.preinitializeAndResolveTypes(Manager.java:1040)
	at ptolemy.actor.Manager.initialize(Manager.java:710)
	at ptolemy.actor.Manager.execute(Manager.java:356)
	at ptolemy.actor.Manager.run(Manager.java:1263)
	at ptolemy.actor.Manager$PtolemyRunThread.run(Manager.java:1933)
java.lang.RuntimeException: Execution failed
	at ptolemy.moml.MoMLSimpleApplication$UnloadThread.run(MoMLSimpleApplication.java:402)
Caused by: ptolemy.kernel.util.IllegalActionException: TypeTest actor has no training data.
  in .sizedarray3.TypeTest
	at ptolemy.actor.lib.TypeTest.initialize(TypeTest.java:250)
	at ptolemy.actor.Director.initialize(Director.java:938)
	at ptolemy.actor.Director.initialize(Director.java:907)
	at ptolemy.actor.sched.StaticSchedulingDirector.initialize(StaticSchedulingDirector.java:159)
	at ptolemy.domains.sdf.kernel.SDFDirector.initialize(SDFDirector.java:544)
	at ptolemy.actor.CompositeActor.initialize(CompositeActor.java:935)
	at ptolemy.actor.Manager.initialize(Manager.java:724)
	at ptolemy.actor.Manager.execute(Manager.java:356)
	at ptolemy.actor.Manager.run(Manager.java:1263)
	at ptolemy.actor.Manager$PtolemyRunThread.run(Manager.java:1933)
java.lang.reflect.InvocationTargetException
	at java.base/jdk.internal.reflect.NativeConstructorAccessorImpl.newInstance0(Native Method)
	at java.base/jdk.internal.reflect.NativeConstructorAccessorImpl.newInstance(NativeConstructorAccessorImpl.java:62)
	at java.base/jdk.internal.reflect.DelegatingConstructorAccessorImpl.newInstance(DelegatingConstructorAccessorImpl.java:45)
	at java.base/java.lang.reflect.Constructor.newInstance(Constructor.java:490)
	at ptolemy.util.test.junit.AutoKnownFailedTests.RunModel(AutoKnownFailedTests.java:105)
	at java.base/jdk.internal.reflect.NativeMethodAccessorImpl.invoke0(Native Method)
	at java.base/jdk.internal.reflect.NativeMethodAccessorImpl.invoke(NativeMethodAccessorImpl.java:62)
	at java.base/jdk.internal.reflect.DelegatingMethodAccessorImpl.invoke(DelegatingMethodAccessorImpl.java:43)
	at java.base/java.lang.reflect.Method.invoke(Method.java:566)
	at org.junit.runners.model.FrameworkMethod$1.runReflectiveCall(FrameworkMethod.java:44)
	at org.junit.internal.runners.model.ReflectiveCallable.run(ReflectiveCallable.java:15)
	at org.junit.runners.model.FrameworkMethod.invokeExplosively(FrameworkMethod.java:41)
	at junitparams.internal.InvokeParameterisedMethod.evaluate(InvokeParameterisedMethod.java:102)
	at org.junit.internal.runners.statements.FailOnTimeout$1.run(FailOnTimeout.java:28)
Caused by: ptolemy.kernel.util.IllegalActionException: TypeTest actor has no training data.
  in .sizedarray3.TypeTest
	at ptolemy.actor.lib.TypeTest.initialize(TypeTest.java:250)
	at ptolemy.actor.Director.initialize(Director.java:938)
	at ptolemy.actor.Director.initialize(Director.java:907)
	at ptolemy.actor.sched.StaticSchedulingDirector.initialize(StaticSchedulingDirector.java:159)
	at ptolemy.domains.sdf.kernel.SDFDirector.initialize(SDFDirector.java:544)
	at ptolemy.actor.CompositeActor.initialize(CompositeActor.java:935)
	at ptolemy.actor.Manager.initialize(Manager.java:724)
	at ptolemy.actor.Manager.execute(Manager.java:356)
	at ptolemy.actor.Manager.run(Manager.java:1263)
	at ptolemy.actor.Manager$PtolemyRunThread.run(Manager.java:1933)
]]></system-err>
</testsuite>
