<?xml version="1.0" encoding="UTF-8" ?>
<testsuite errors="1" failures="0" hostname="travis-job-7fa41eea-4c4d-4f2a-a740-e2bcf4c6ee9d" name="ptolemy.actor.lib.test.junit.JUnitTclTest" skipped="0" tests="517" time="60.917" timestamp="2020-05-04T14:16:09">
  <properties>
    <property name="npm.executable" value="npm" />
    <property name="env.TRAVIS_ROOT" value="/" />
    <property name="ptII.mk.exists" value="true" />
    <property name="env.TRAVIS_APP_HOST" value="build.travis-ci.org" />
    <property name="env.rvm_bin_path" value="/home/travis/.rvm/bin" />
    <property name="java.home" value="/usr/local/lib/jvm/openjdk11" />
    <property name="env.TRAVIS_JOB_NUMBER" value="1621.8" />
    <property name="env.TRAVIS_HOME" value="/home/travis" />
    <property name="env.DISPLAY" value=":99.0" />
    <property name="env.TRAVIS_INIT" value="systemd" />
    <property name="env.SSH_TTY" value="/dev/pts/0" />
    <property name="java.net.preferIPv4Stack" value="true" />
    <property name="env.RUN_TESTS" value="true" />
    <property name="timeout.short" value="1000000" />
    <property name="junit.formatter" value="xml" />
    <property name="env.TRAVIS_SUDO" value="true" />
    <property name="env.TRAVIS_JOB_NAME" value="" />
    <property name="env.TRAVIS_STACK_NODE_ATTRIBUTES" value="/.node-attributes.yml" />
    <property name="env.LOGNAME" value="travis" />
    <property name="env.PT_TRAVIS_TEST_CORE1_XML" value="true" />
    <property name="jsdoc.home" value="node_modules/@terraswarm/jsdoc" />
    <property name="debuglevel" value="source,lines,vars" />
    <property name="checkstyle.formatter" value="xml" />
    <property name="env._system_version" value="16.04" />
    <property name="bin.vergil.makeable" value="true" />
    <property name="sun.os.patch.level" value="unknown" />
    <property name="java.vendor.url" value="http://java.oracle.com/" />
    <property name="env.TRAVIS_BUILD_WEB_URL" value="https://travis-ci.org/icyphy/ptII/builds/682937627" />
    <property name="java.version" value="11.0.2" />
    <property name="env.TZ" value="UTC" />
    <property name="env.TRAVIS_PULL_REQUEST_SHA" value="" />
    <property name="env.PT_NO_NET" value="true" />
    <property name="env.TRAVIS_SECURE_ENV_VARS" value="true" />
    <property name="env._system_type" value="Linux" />
    <property name="java.vendor.url.bug" value="http://bugreport.java.com/bugreport/" />
    <property name="npmjs-org-is-up" value="true" />
    <property name="env.LANGUAGE" value="en_US.UTF-8" />
    <property name="env.SSH_CLIENT" value="10.44.0.99 56298 22" />
    <property name="env.GEM_HOME" value="/home/travis/.rvm/gems/ruby-2.5.3" />
    <property name="env.HAS_ANTARES_THREE_LITTLE_FRONZIES_BADGE" value="true" />
    <property name="java.version.date" value="2019-01-15" />
    <property name="env.PS4" value="+" />
    <property name="ant.project.invoked-targets" value="build,test.core1.xml" />
    <property name="env.TRAVIS_PULL_REQUEST_BRANCH" value="" />
    <property name="env.TRAVIS_REPO_SLUG" value="icyphy/ptII" />
    <property name="env.XDG_DATA_DIRS" value="/usr/local/share:/usr/share:/var/lib/snapd/desktop" />
    <property name="jdk.debug" value="release" />
    <property name="env.TRAVIS_APT_PROXY" value="http://build-cache.travisci.net" />
    <property name="env.TRAVIS_CPU_ARCH" value="amd64" />
    <property name="node.in.path" value="true" />
    <property name="user.name" value="travis" />
    <property name="java.maxmemory" value="1400m" />
    <property name="env.RUBY_VERSION" value="ruby-2.5.3" />
    <property name="env.LANG" value="en_US.UTF-8" />
    <property name="sun.io.unicode.encoding" value="UnicodeLittle" />
    <property name="sun.jnu.encoding" value="UTF-8" />
    <property name="java.runtime.name" value="OpenJDK Runtime Environment" />
    <property name="usefile" value="false" />
    <property name="return.code" value="0" />
    <property name="junit.single.formatter" value="plain" />
    <property name="env.DYLD_LIBRARY_PATH" value="/home/travis/pthla/certi-tools/lib:" />
    <property name="env.DEBIAN_FRONTEND" value="noninteractive" />
    <property name="env.SSH_CONNECTION" value="10.44.0.99 56298 10.20.0.157 22" />
    <property name="env.MYSQL_UNIX_PORT" value="/var/run/mysqld/mysqld.sock" />
    <property name="env.LC_ALL" value="en_US.UTF-8" />
    <property name="env.TRAVIS_ALLOW_FAILURE" value="" />
    <property name="env.TRAVIS_JOB_WEB_URL" value="https://travis-ci.org/icyphy/ptII/jobs/682937638" />
    <property name="java.specification.name" value="Java Platform API Specification" />
    <property name="node.works" value="true" />
    <property name="user.timezone" value="" />
    <property name="path.separator" value=":" />
    <property name="env.TRAVIS_ENABLE_INFRA_DETECTION" value="true" />
    <property name="env.PYTHON_CFLAGS" value="-g -fstack-protector --param=ssp-buffer-size=4 -Wformat -Werror=format-security" />
    <property name="timeout.long" value="4000000" />
    <property name="env.CERTI_HOME" value="/home/travis/pthla/certi-tools" />
    <property name="ant.file.ptII" value="/home/travis/build/icyphy/ptII/build.xml" />
    <property name="javadoc.packagenames" value="com.*,diva.*,lbnl.*,org.hlacerti.*,org.json.*,org.ptolemy.*,org.terraswarm.*,ptolemy.*,ptserver.*" />
    <property name="file.encoding" value="UTF-8" />
    <property name="env.TRAVIS_PULL_REQUEST_SLUG" value="" />
    <property name="ant.project.default-target" value="build" />
    <property name="env.GIT_ASKPASS" value="echo" />
    <property name="env.HOME" value="/home/travis" />
    <property name="sun.java.command" value="org.apache.tools.ant.taskdefs.optional.junit.JUnitTestRunner ptolemy.actor.lib.test.junit.JUnitTclTest skipNonTests=false filtertrace=true haltOnError=false haltOnFailure=false formatter=org.apache.tools.ant.taskdefs.optional.junit.OutErrSummaryJUnitResultFormatter showoutput=true outputtoformatters=true logfailedtests=true threadid=0 logtestlistenerevents=false formatter=org.apache.tools.ant.taskdefs.optional.junit.XMLJUnitResultFormatter,/home/travis/build/icyphy/ptII/reports/junit/TEST-ptolemy.actor.lib.test.junit.JUnitTclTest.xml crashfile=/home/travis/build/icyphy/ptII/junitvmwatcher4611242101868320235.properties propsfile=/home/travis/build/icyphy/ptII/junit5245027873440552734.properties" />
    <property name="env.COMPOSER_NO_INTERACTION" value="1" />
    <property name="env.MANPATH" value="/home/travis/.nvm/versions/node/v7.10.1/share/man:/home/travis/.rvm/rubies/ruby-2.5.3/share/man:/usr/local/cmake-3.12.4/man:/usr/local/clang-7.0.0/share/man:/usr/local/man:/usr/local/share/man:/usr/share/man:/home/travis/.rvm/man" />
    <property name="env.TRAVIS_TIMER_ID" value="19e4217a" />
    <property name="ant.file" value="/home/travis/build/icyphy/ptII/build.xml" />
    <property name="env.TRAVIS_COMMIT_RANGE" value="3e950cfe0f3c004454147d0a7dfedd7f8d8e77cc...52bfcaaec950ad6b43d11ffdb9cd3f924b0c1f76" />
    <property name="env._system_name" value="Ubuntu" />
    <property name="ptII.classpath.optional.property" value="/home/travis/build/icyphy/ptII/lib/bsh-2.0b4.jar:/home/travis/build/icyphy/ptII/lib/ptCal.jar:/home/travis/build/icyphy/ptII/lib/java_cup.jar:/home/travis/build/icyphy/ptII/lib/saxon8.jar:/home/travis/build/icyphy/ptII/lib/saxon8-dom.jar:/home/travis/build/icyphy/ptII/lib/chic.jar:/home/travis/build/icyphy/ptII/lib/ptcolt.jar:/home/travis/build/icyphy/ptII/vendors/misc/itext/iText.jar:/home/travis/build/icyphy/ptII/lib/g4ltl.jar:/home/travis/build/icyphy/ptII/lib/StructuralCoder.jar:/home/travis/build/icyphy/ptII/lib/jcerti.jar:/home/travis/build/icyphy/ptII/lib/javax.mail.jar:/home/travis/build/icyphy/ptII/vendors/JMF-2.1.1e/lib/jmf.jar:/home/travis/build/icyphy/ptII/lib/jna-4.0.0-variadic.jar:/home/travis/build/icyphy/ptII/vendors/misc/joystick/Joystick.jar:/home/travis/build/icyphy/ptII/lib/ptjacl.jar:/home/travis/build/icyphy/ptII/lib/jsoup-1.8.2.jar:/home/travis/build/icyphy/ptII/lib/junit-4.8.2.jar:/home/travis/build/icyphy/ptII/lib/JUnitParams-0.4.0.jar:/home/travis/build/icyphy/ptII/ptolemy/actor/lib/excel/jxl.jar:/home/travis/build/icyphy/ptII/lib/jython.jar:/home/travis/build/icyphy/ptII/lib/kieler.jar:/home/travis/build/icyphy/ptII/vendors/opencv/share/OpenCV/java/opencv-341.jar:/home/travis/build/icyphy/ptII/lib/oscP5.jar:/home/travis/build/icyphy/ptII/lib/nrjavaserial-3.11.0.devel.jar:/home/travis/build/icyphy/ptII/vendors/j3d/lib/Linux/j3dcore.jar:/home/travis/build/icyphy/ptII/vendors/j3d/lib/Linux/j3dutils.jar:/home/travis/build/icyphy/ptII/vendors/j3d/lib/Linux/vecmath.jar:/home/travis/build/icyphy/ptII/vendors/jogl/lib/Linux/gluegen-rt-natives-linux-amd64.jar:/home/travis/build/icyphy/ptII/vendors/jogl/lib/Linux/gluegen-rt.jar:/home/travis/build/icyphy/ptII/vendors/jogl/lib/Linux/jogl-all-natives-linux-amd64.jar:/home/travis/build/icyphy/ptII/vendors/jogl/lib/Linux/jogl-all.jar:/home/travis/build/icyphy/ptII/ptolemy/distributed/jini/jar/jini-core.jar:/home/travis/build/icyphy/ptII/ptolemy/distributed/jini/jar/jini-ext.jar:/home/travis/build/icyphy/ptII/ptolemy/distributed/jini/jar/sun-util.jar:/home/travis/build/icyphy/ptII/lib/protobuf-java-2.4.1.jar:/home/travis/build/icyphy/ptII/lib/org.eclipse.paho.client.mqttv3.jar:/home/travis/build/icyphy/ptII/lib/mapss.jar:/home/travis/build/icyphy/ptII/ptolemy/actor/ptalon/antlr/antlr.jar:/home/travis/build/icyphy/ptII/lib/JRI.jar:/home/travis/build/icyphy/ptII/lib/commons-lang-2.6.jar:/home/travis/build/icyphy/ptII/lib/commons-logging-1.1.1.jar:/home/travis/build/icyphy/ptII/lib/sootclasses.jar:/home/travis/build/icyphy/ptII/ptolemy/actor/lib/database/mysql-connector-java-5.1.6-bin.jar:/home/travis/build/icyphy/ptII/vendors/misc/sphinx4/sphinx4-data-5prealpha.jar:/home/travis/build/icyphy/ptII/vendors/misc/sphinx4/sphinx4-core-5prealpha.jar:/home/travis/build/icyphy/ptII/lib/PDFRenderer.jar:/home/travis/build/icyphy/ptII/lib/svgSalamander.jar:/home/travis/build/icyphy/ptII/lib/rsyntaxtextarea-2.6.0-SNAPSHOT.jar:/home/travis/build/icyphy/ptII/lib/hazelcast-3.8.2.jar:/home/travis/build/icyphy/ptII/lib/jackson-annotations-2.9.0.jar:/home/travis/build/icyphy/ptII/lib/jackson-core-2.9.3.jar:/home/travis/build/icyphy/ptII/lib/jackson-databind-2.9.3.jar:/home/travis/build/icyphy/ptII/lib/netty-buffer-4.1.19.Final.jar:/home/travis/build/icyphy/ptII/lib/netty-codec-4.1.19.Final.jar:/home/travis/build/icyphy/ptII/lib/netty-codec-dns-4.1.19.Final.jar:/home/travis/build/icyphy/ptII/lib/netty-codec-http-4.1.19.Final.jar:/home/travis/build/icyphy/ptII/lib/netty-codec-http2-4.1.19.Final.jar:/home/travis/build/icyphy/ptII/lib/netty-common-4.1.19.Final.jar:/home/travis/build/icyphy/ptII/lib/netty-handler-4.1.19.Final.jar:/home/travis/build/icyphy/ptII/lib/netty-resolver-4.1.19.Final.jar:/home/travis/build/icyphy/ptII/lib/netty-resolver-dns-4.1.19.Final.jar:/home/travis/build/icyphy/ptII/lib/netty-transport-4.1.19.Final.jar:/home/travis/build/icyphy/ptII/lib/vertx-codegen-3.5.1.jar:/home/travis/build/icyphy/ptII/lib/vertx-core-3.5.2-SNAPSHOT.jar:/home/travis/build/icyphy/ptII/lib/vertx-hazelcast-3.5.1.jar:/home/travis/build/icyphy/ptII/lib/vertx-lang-js-3.5.1.jar:/home/travis/build/icyphy/ptII/lib/vertx-service-proxy-3.5.1.jar:/home/travis/build/icyphy/ptII/lib/vertx-web-3.5.1.jar:/home/travis/build/icyphy/ptII/lib/slf4j-api-1.7.13.jar:/home/travis/build/icyphy/ptII/lib/slf4j-simple-1.7.13.jar:/home/travis/build/icyphy/ptII/lib/webcam-capture-0.3.12.jar:/home/travis/build/icyphy/ptII/lib/bridj-0.7.0.jar:/home/travis/build/icyphy/ptII/lib/xbjlib-1.1.0.nrjavaserial.jar" />
    <property name="timeout" value="2400000" />
    <property name="test.batch" value="**/junit/*.java" />
    <property name="env._" value="/usr/bin/timeout" />
    <property name="java.io.tmpdir" value="/tmp" />
    <property name="user.language" value="en" />
    <property name="env.TRAVIS_INTERNAL_RUBY_REGEX" value="^ruby-(2\.[0-4]\.[0-9]|1\.9\.3)" />
    <property name="env.HISTCONTROL" value="ignoredups:ignorespace" />
    <property name="env.GOROOT" value="/home/travis/.gimme/versions/go1.11.1.linux.amd64" />
    <property name="line.separator" value="&#xa;" />
    <property name="target" value="11" />
    <property name="env.TRAVIS_BUILD_DIR" value="/home/travis/build/icyphy/ptII" />
    <property name="env.ANT_OPTS" value="-Xmx2048m" />
    <property name="ant.file.type" value="file" />
    <property name="ptolemy.ptII.batchMode" value="true" />
    <property name="env.HISTSIZE" value="1000" />
    <property name="env.MERB_ENV" value="test" />
    <property name="java.vm.info" value="mixed mode" />
    <property name="source" value="11" />
    <property name="java.vm.specification.name" value="Java Virtual Machine Specification" />
    <property name="env.TRAVIS_TEST_RESULT" value="0" />
    <property name="jsdoc.command" value="node_modules/@terraswarm/jsdoc/jsdoc.js" />
    <property name="npm.works" value="true" />
    <property name="cobertura.dir" value="/home/travis/build/icyphy/ptII/vendors/cobertura-2.0.3" />
    <property name="jsdoc.command.exists" value="true" />
    <property name="env.rvm_path" value="/home/travis/.rvm" />
    <property name="env.GEM_PATH" value="/home/travis/.rvm/gems/ruby-2.5.3:/home/travis/.rvm/gems/ruby-2.5.3@global" />
    <property name="env.LC_CTYPE" value="en_US.UTF-8" />
    <property name="env.TRAVIS_CMD" value="$PTII/bin/ptIITravisBuild.sh $SECONDS" />
    <property name="java.awt.printerjob" value="sun.print.PSPrinterJob" />
    <property name="env.TRAVIS_STACK_NAME" value="sardonyx" />
    <property name="env.TRAVIS_TIMER_START_TIME" value="1588601198047143981" />
    <property name="ant.version" value="Apache Ant(TM) version 1.10.1 compiled on February 2 2017" />
    <property name="ptII.reports" value="/home/travis/build/icyphy/ptII/reports" />
    <property name="env.TRAVIS_STACK_TIMESTAMP" value="2019-03-25 16:16:56 UTC" />
    <property name="ant.file.type.ptII" value="file" />
    <property name="env.RBENV_SHELL" value="bash" />
    <property name="os.name" value="Linux" />
    <property name="java.specification.vendor" value="Oracle Corporation" />
    <property name="env.rvm_version" value="1.29.7 (latest)" />
    <property name="env.TRAVIS_INFRA" value="unknown" />
    <property name="env.TERM" value="xterm" />
    <property name="java.vm.name" value="OpenJDK 64-Bit Server VM" />
    <property name="env.TRAVIS_BUILD_NUMBER" value="1621" />
    <property name="env.CI" value="true" />
    <property name="java.library.path" value="/home/travis/pthla/certi-tools/lib:/usr/lib/jni:/usr/local/share/OpenCV/java/:/usr/share/OpenCV/java::/usr/java/packages/lib:/usr/lib64:/lib64:/lib:/usr/lib" />
    <property name="jdk.module.path" value="/home/travis/build/icyphy/ptII/vendors/javafx/javafx-sdk-11.0.2/lib:" />
    <property name="env.rvm_prefix" value="/home/travis" />
    <property name="env.PATH" value="/home/travis/pthla/certi-tools/share/scripts:/home/travis/.rvm/gems/ruby-2.5.3/bin:/home/travis/.rvm/gems/ruby-2.5.3@global/bin:/home/travis/.rvm/rubies/ruby-2.5.3/bin:/home/travis/.rvm/bin:/home/travis/.nvm/versions/node/v7.10.1/bin:./node_modules/.bin:/home/travis/build/icyphy/ptII/bin:/home/travis/pthla/certi-tools/bin:/home/travis/bin:/home/travis/.local/bin:/usr/local/lib/jvm/openjdk11/bin:/opt/pyenv/shims:/home/travis/.phpenv/shims:/home/travis/perl5/perlbrew/bin:/home/travis/gopath/bin:/home/travis/.gimme/versions/go1.11.1.linux.amd64/bin:/usr/local/maven-3.6.0/bin:/usr/local/cmake-3.12.4/bin:/usr/local/clang-7.0.0/bin:/usr/local/sbin:/usr/local/bin:/usr/sbin:/usr/bin:/sbin:/bin:/snap/bin:/home/travis/.phpenv/bin:/opt/pyenv/bin:/home/travis/.yarn/bin" />
    <property name="env.TRAVIS_OS_NAME" value="linux" />
    <property name="ant.java.version" value="9" />
    <property name="basedir" value="/home/travis/build/icyphy/ptII" />
    <property name="java.class.version" value="55.0" />
    <property name="env.SHLVL" value="3" />
    <property name="env.LD_LIBRARY_PATH" value="/home/travis/pthla/certi-tools/lib:/usr/lib/jni:/usr/local/share/OpenCV/java/:/usr/share/OpenCV/java:" />
    <property name="env.RACK_ENV" value="test" />
    <property name="ant.home" value="/home/travis/build/icyphy/ptII/ant" />
    <property name="env.NVM_DIR" value="/home/travis/.nvm" />
    <property name="env.CERTI_FOM_PATH" value="/home/travis/pthla/certi-tools/share/federations" />
    <property name="env.TRAVIS_BUILD_ID" value="682937627" />
    <property name="env.PYENV_ROOT" value="/opt/pyenv" />
    <property name="env.TRAVIS_UID" value="2000" />
    <property name="prism.verbose" value="true" />
    <property name="env.NVM_BIN" value="/home/travis/.nvm/versions/node/v7.10.1/bin" />
    <property name="env.TRAVIS_COMMIT" value="52bfcaaec950ad6b43d11ffdb9cd3f924b0c1f76" />
    <property name="env._system_arch" value="x86_64" />
    <property name="node.executable" value="node" />
    <property name="sun.boot.library.path" value="/usr/local/lib/jvm/openjdk11/lib" />
    <property name="sun.management.compiler" value="HotSpot 64-Bit Tiered Compilers" />
    <property name="java.awt.graphicsenv" value="sun.awt.X11GraphicsEnvironment" />
    <property name="env.GOPATH" value="/home/travis/gopath" />
    <property name="ptolemy.ptII.dir" value="/home/travis/build/icyphy/ptII" />
    <property name="env.USER" value="travis" />
    <property name="env.HISTFILESIZE" value="2000" />
    <property name="env.NVM_INC" value="/home/travis/.nvm/versions/node/v7.10.1/include/node" />
    <property name="timeout.longest" value="19000000" />
    <property name="env.PERLBREW_SHELLRC_VERSION" value="0.86" />
    <property name="env.TRAVIS_STACK_FEATURES" value="basic couchdb disabled-ipv6 docker docker-compose elasticsearch firefox go-toolchain google-chrome jdk memcached mongodb mysql nodejs_interpreter perl_interpreter perlbrew phantomjs postgresql python_interpreter redis ruby_interpreter sqlite xserver" />
    <property name="env.TRAVIS_PULL_REQUEST" value="false" />
    <property name="env.PYENV_SHELL" value="bash" />
    <property name="ant.project.name" value="ptII" />
    <property name="env.ANSI_RESET" value="\033[0m" />
    <property name="java.vm.specification.version" value="11" />
    <property name="env.TRAVIS_DIST" value="xenial" />
    <property name="env.CERTI_VERSION" value="4.0.0" />
    <property name="env.CERTI_HOST" value="localhost" />
    <property name="awt.toolkit" value="sun.awt.X11.XToolkit" />
    <property name="env.MY_RUBY_HOME" value="/home/travis/.rvm/rubies/ruby-2.5.3" />
    <property name="sun.cpu.isalist" value="" />
    <property name="env.TRAVIS_TMPDIR" value="/tmp/tmp.mGZ2HREPpL" />
    <property name="java.vm.compressedOopsMode" value="Zero based" />
    <property name="os.version" value="4.15.0-1028-gcp" />
    <property name="user.home" value="/home/travis" />
    <property name="java.vm.vendor" value="Oracle Corporation" />
    <property name="env.TRAVIS_TAG" value="nightly" />
    <property name="env.ANSI_YELLOW" value="\033[33;1m" />
    <property name="env.TRAVIS_FILTERED" value="redirect_io" />
    <property name="env.ANSI_GREEN" value="\033[32;1m" />
    <property name="env.JAVA_HOME" value="/usr/local/lib/jvm/openjdk11" />
    <property name="javadoc.excludepackagenames" value="adm.cvs2svn.*,build.*,config.*,doc.coding.templates.*,jni.test.jni.meaningOfLife.*,jni.test.jni.testDeux.*,jni.test.jni.testTrois.*,org.terraswarm.accessor.accessors.web.node_modules.*,org.terraswarm.accessor.accessors.web.hosts.cordova.demo.*,org.terraswarm.accessor.accessors.web.hosts.cordova.plugins.*,org.terraswarm.accessor.accessors-svn.*,pt-modules.*,ptolemy.apps.agilent.*,ptolemy.apps.anytimecontrol.*,ptolemy.apps.apes.*,ptolemy.apps.charon.*,ptolemy.apps.crazyboard.*,ptolemy.apps.eclipse.*,ptolemy.apps.etherealSting.*,ptolemy.apps.fullscreen.*,ptolemy.apps.giotto.*,ptolemy.apps.ia.*,ptolemy.apps.interfaces.*,ptolemy.apps.jmf.*,ptolemy.apps.kurt.*,ptolemy.apps.kvm.*,ptolemy.apps.lego.*,ptolemy.apps.lejos.*,ptolemy.apps.midp.*,ptolemy.apps.mobileCoding.*,ptolemy.apps.pendulum.*,ptolemy.apps.rijndael.*,ptolemy.apps.robot.*,ptolemy.apps.security.*,ptolemy.apps.sobel.*,ptolemy.apps.soot.*,ptolemy.apps.throttle.*,ptolemy.apps.tini.*,ptolemy.apps.transmission.*,ptolemy.apps.vergil.*,ptolemy.apps.waba.*,ptolemy.apps.websensor.*,ptolemy.apps.webstart.*,ptolemy.apps.xsl.*,ptolemy.apps.zaurus.*,ptolemy.codegen.c.actor.lib.oldJavaFiles.*,ptolemy.codegen.dsp.lib.*,ptolemy.codegen.kernel.newInterfaces.*,ptolemy.codegen.lib.*,ptolemy.copernicus.kernel.fragment.*,ptolemy.copernicus.shallow.cg.*,ptolemy.domains.giotto.demo.Hierarchy.Hierarchy.*,ptolemy.domains.giotto.demo.Multimode.Multimode.*,ptolemy.domains.giotto.demo.Simple.Simple.*,ptolemy.domains.gr.lib.experimental.*,ptolemy.domains.gro.*,ptolemy.domains.pdf.*,ptolemy.domains.ptinyos.demo.Surge.output.*,ptolemy.moml.test.NoPackageActor.java*,ptolemy.plot.adm.*,ptolemy.plot.servlet.*,reports.*,signed.*,src.*,target.*,vendors.*,ptolemy.copernicus.applet.*,ptolemy.media.viewer.*,ptolemy.actor.corba.*,doc.doclets.*,ptolemy.apps.eclipse.awt.*,ptolemy.backtrack.*,ptolemy.backtrack.ast.*,ptolemy.cg.adapter.generic.program.procedural.c.mbed*,ptolemy.homer.*,ptolemy.actor.lib.jai.*,org.ptolemy.scala.*,diva.util.java2d.svg.*,ptolemy.domains.ptinyos.*,ptolemy.actor.lib.fmi.fmipp.*,,org.terraswarm.accessor.accessors.web.node_modules.*,org.terraswarm.accessor.accessors-svn,ptolemy.apps.*,ptolemy.actor.ptalon.demo.ptinyos.SendAndReceiveCnt.output,ptolemy.actor.ptalon.demo.ptinyos.SenseToLeds.output,ptolemy.domains.ptinyos.demo.CntToLedsAndRfm.output,ptolemy.domains.ptinyos.demo.RfmToLeds.output,ptolemy.domains.ptinyos.demo.SendAndReceiveCnt.output,ptolemy.domains.ptinyos.demo.SenseToLeds.output,ptolemy.actor.lib.jjs.modules.udpSocket.*" />
    <property name="env.PTII" value="/home/travis/build/icyphy/ptII" />
    <property name="env.XDG_SESSION_ID" value="2" />
    <property name="keystore" value="ptKeystore" />
    <property name="env.TRAVIS_COMMIT_MESSAGE" value="Updating models using array data type." />
    <property name="junit.output.dir" value="/home/travis/build/icyphy/ptII/reports/junit" />
    <property name="npm.return.code" value="0" />
    <property name="user.dir" value="/home/travis/build/icyphy/ptII/ptolemy/actor/lib/test" />
    <property name="env.TRAVIS_NODE_VERSION" value="7" />
    <property name="env.TRAVIS_EVENT_TYPE" value="cron" />
    <property name="env.MAIL" value="/var/mail/travis" />
    <property name="env.PERLBREW_ROOT" value="/home/travis/perl5/perlbrew" />
    <property name="env.PWD" value="/home/travis/build/icyphy/ptII" />
    <property name="timeout.npm" value="45000" />
    <property name="env.TRAVIS_ARCH" value="amd64" />
    <property name="sun.cpu.endian" value="little" />
    <property name="env.PAGER" value="cat" />
    <property name="env.TRAVIS_BUILD_STAGE_NAME" value="test" />
    <property name="env.PERLBREW_HOME" value="/home/travis/.perlbrew" />
    <property name="java.vm.version" value="11.0.2+9" />
    <property name="env.RAILS_ENV" value="test" />
    <property name="java.class.path" value="/home/travis/.ptolemyII:/home/travis/.ptolemyII/*:/home/travis/build/icyphy/ptII:/home/travis/build/icyphy/ptII/lib/bsh-2.0b4.jar:/home/travis/build/icyphy/ptII/lib/ptCal.jar:/home/travis/build/icyphy/ptII/lib/java_cup.jar:/home/travis/build/icyphy/ptII/lib/saxon8.jar:/home/travis/build/icyphy/ptII/lib/saxon8-dom.jar:/home/travis/build/icyphy/ptII/lib/chic.jar:/home/travis/build/icyphy/ptII/lib/ptcolt.jar:/home/travis/build/icyphy/ptII/vendors/misc/itext/iText.jar:/home/travis/build/icyphy/ptII/lib/g4ltl.jar:/home/travis/build/icyphy/ptII/lib/StructuralCoder.jar:/home/travis/build/icyphy/ptII/lib/jcerti.jar:/home/travis/build/icyphy/ptII/lib/javax.mail.jar:/home/travis/build/icyphy/ptII/vendors/JMF-2.1.1e/lib/jmf.jar:/home/travis/build/icyphy/ptII/lib/jna-4.0.0-variadic.jar:/home/travis/build/icyphy/ptII/vendors/misc/joystick/Joystick.jar:/home/travis/build/icyphy/ptII/lib/ptjacl.jar:/home/travis/build/icyphy/ptII/lib/jsoup-1.8.2.jar:/home/travis/build/icyphy/ptII/lib/junit-4.8.2.jar:/home/travis/build/icyphy/ptII/lib/JUnitParams-0.4.0.jar:/home/travis/build/icyphy/ptII/ptolemy/actor/lib/excel/jxl.jar:/home/travis/build/icyphy/ptII/lib/jython.jar:/home/travis/build/icyphy/ptII/lib/kieler.jar:/home/travis/build/icyphy/ptII/vendors/opencv/share/OpenCV/java/opencv-341.jar:/home/travis/build/icyphy/ptII/lib/oscP5.jar:/home/travis/build/icyphy/ptII/lib/nrjavaserial-3.11.0.devel.jar:/home/travis/build/icyphy/ptII/vendors/j3d/lib/Linux/j3dcore.jar:/home/travis/build/icyphy/ptII/vendors/j3d/lib/Linux/j3dutils.jar:/home/travis/build/icyphy/ptII/vendors/j3d/lib/Linux/vecmath.jar:/home/travis/build/icyphy/ptII/vendors/jogl/lib/Linux/gluegen-rt-natives-linux-amd64.jar:/home/travis/build/icyphy/ptII/vendors/jogl/lib/Linux/gluegen-rt.jar:/home/travis/build/icyphy/ptII/vendors/jogl/lib/Linux/jogl-all-natives-linux-amd64.jar:/home/travis/build/icyphy/ptII/vendors/jogl/lib/Linux/jogl-all.jar:/home/travis/build/icyphy/ptII/ptolemy/distributed/jini/jar/jini-core.jar:/home/travis/build/icyphy/ptII/ptolemy/distributed/jini/jar/jini-ext.jar:/home/travis/build/icyphy/ptII/ptolemy/distributed/jini/jar/sun-util.jar:/home/travis/build/icyphy/ptII/lib/protobuf-java-2.4.1.jar:/home/travis/build/icyphy/ptII/lib/org.eclipse.paho.client.mqttv3.jar:/home/travis/build/icyphy/ptII/lib/mapss.jar:/home/travis/build/icyphy/ptII/ptolemy/actor/ptalon/antlr/antlr.jar:/home/travis/build/icyphy/ptII/lib/JRI.jar:/home/travis/build/icyphy/ptII/lib/commons-lang-2.6.jar:/home/travis/build/icyphy/ptII/lib/commons-logging-1.1.1.jar:/home/travis/build/icyphy/ptII/lib/sootclasses.jar:/home/travis/build/icyphy/ptII/ptolemy/actor/lib/database/mysql-connector-java-5.1.6-bin.jar:/home/travis/build/icyphy/ptII/vendors/misc/sphinx4/sphinx4-data-5prealpha.jar:/home/travis/build/icyphy/ptII/vendors/misc/sphinx4/sphinx4-core-5prealpha.jar:/home/travis/build/icyphy/ptII/lib/PDFRenderer.jar:/home/travis/build/icyphy/ptII/lib/svgSalamander.jar:/home/travis/build/icyphy/ptII/lib/rsyntaxtextarea-2.6.0-SNAPSHOT.jar:/home/travis/build/icyphy/ptII/lib/hazelcast-3.8.2.jar:/home/travis/build/icyphy/ptII/lib/jackson-annotations-2.9.0.jar:/home/travis/build/icyphy/ptII/lib/jackson-core-2.9.3.jar:/home/travis/build/icyphy/ptII/lib/jackson-databind-2.9.3.jar:/home/travis/build/icyphy/ptII/lib/netty-buffer-4.1.19.Final.jar:/home/travis/build/icyphy/ptII/lib/netty-codec-4.1.19.Final.jar:/home/travis/build/icyphy/ptII/lib/netty-codec-dns-4.1.19.Final.jar:/home/travis/build/icyphy/ptII/lib/netty-codec-http-4.1.19.Final.jar:/home/travis/build/icyphy/ptII/lib/netty-codec-http2-4.1.19.Final.jar:/home/travis/build/icyphy/ptII/lib/netty-common-4.1.19.Final.jar:/home/travis/build/icyphy/ptII/lib/netty-handler-4.1.19.Final.jar:/home/travis/build/icyphy/ptII/lib/netty-resolver-4.1.19.Final.jar:/home/travis/build/icyphy/ptII/lib/netty-resolver-dns-4.1.19.Final.jar:/home/travis/build/icyphy/ptII/lib/netty-transport-4.1.19.Final.jar:/home/travis/build/icyphy/ptII/lib/vertx-codegen-3.5.1.jar:/home/travis/build/icyphy/ptII/lib/vertx-core-3.5.2-SNAPSHOT.jar:/home/travis/build/icyphy/ptII/lib/vertx-hazelcast-3.5.1.jar:/home/travis/build/icyphy/ptII/lib/vertx-lang-js-3.5.1.jar:/home/travis/build/icyphy/ptII/lib/vertx-service-proxy-3.5.1.jar:/home/travis/build/icyphy/ptII/lib/vertx-web-3.5.1.jar:/home/travis/build/icyphy/ptII/lib/slf4j-api-1.7.13.jar:/home/travis/build/icyphy/ptII/lib/slf4j-simple-1.7.13.jar:/home/travis/build/icyphy/ptII/lib/webcam-capture-0.3.12.jar:/home/travis/build/icyphy/ptII/lib/bridj-0.7.0.jar:/home/travis/build/icyphy/ptII/lib/xbjlib-1.1.0.nrjavaserial.jar:/home/travis/build/icyphy/ptII/ptolemy/moml/test:/home/travis/build/icyphy/ptII/ant/lib/ant-launcher.jar:/home/travis/build/icyphy/ptII/ant/lib/ant.jar:/home/travis/build/icyphy/ptII/ant/lib/ant-junit.jar:/home/travis/build/icyphy/ptII/ant/lib/ant-junit4.jar" />
    <property name="ant.library.dir" value="/home/travis/build/icyphy/ptII/ant/lib" />
    <property name="os.arch" value="amd64" />
    <property name="env.CONTINUOUS_INTEGRATION" value="true" />
    <property name="env.TRAVIS_LANGUAGE" value="node_js" />
    <property name="env.TRAVIS_STACK_LANGUAGES" value="__sardonyx__ c c++ clojure cplusplus cpp default generic go groovy java node_js php pure_java python ruby scala" />
    <property name="test.name" value="ptolemy.actor.lib.test.junit.JUnitTclTest" />
    <property name="env.APT_KEY_DONT_WARN_ON_DANGEROUS_USAGE" value="1" />
    <property name="sun.java.launcher" value="SUN_STANDARD" />
    <property name="env.PYTHON_CONFIGURE_OPTS" value="--enable-unicode=ucs4 --with-wide-unicode --enable-shared --enable-ipv6 --enable-loadable-sqlite-extensions --with-computed-gotos" />
    <property name="ant.core.lib" value="/home/travis/build/icyphy/ptII/ant/lib/ant.jar" />
    <property name="java.vm.specification.vendor" value="Oracle Corporation" />
    <property name="env.BCVTB_HOME" value="/home/travis/build/icyphy/ptII/lbnl" />
    <property name="file.separator" value="/" />
    <property name="spotbugs.home" value="/home/travis/build/icyphy/ptII/vendors/spotbugs-3.1.1" />
    <property name="java.runtime.version" value="11.0.2+9" />
    <property name="env.ANSI_CLEAR" value="\033[0K" />
    <property name="javafx.verbose" value="true" />
    <property name="env.HAS_JOSH_K_SEAL_OF_APPROVAL" value="true" />
    <property name="env.XDG_RUNTIME_DIR" value="/run/user/2000" />
    <property name="env.TRAVIS_OSX_IMAGE" value="" />
    <property name="env.TRAVIS_JOB_ID" value="682937638" />
    <property name="env.TRAVIS_BRANCH" value="master" />
    <property name="user.country" value="US" />
    <property name="env.CERTI_HOME_TRAVIS" value="/home/travis/pthla/certi-tools" />
    <property name="env.SHELL" value="/bin/bash" />
    <property name="java.maxmemory.large" value="3200m" />
    <property name="model" value="" />
    <property name="env.CASHER_DIR" value="/home/travis/.casher" />
    <property name="env.NVM_CD_FLAGS" value="" />
    <property name="java.vendor.version" value="18.9" />
    <property name="jshint.executable" value="/home/travis/node_modules/jshint/bin/jshint" />
    <property name="env.JRUBY_OPTS" value=" --client -J-XX:+TieredCompilation -J-XX:TieredStopAtLevel=1 -J-Xss2m -Xcompile.invokedynamic=false" />
    <property name="java.vendor" value="Oracle Corporation" />
    <property name="env.TRAVIS_PRE_CHEF_BOOTSTRAP_TIME" value="2019-03-25T16:16:42" />
    <property name="env.TRAVIS_STACK_JOB_BOARD_REGISTER" value="/.job-board-register.yml" />
    <property name="env.ANSI_RED" value="\033[31;1m" />
    <property name="java.specification.version" value="11" />
    <property name="env.IRBRC" value="/home/travis/.rvm/rubies/ruby-2.5.3/.irbrc" />
    <property name="env.TRAVIS" value="true" />
    <property name="sun.arch.data.model" value="64" />
  </properties>
  <testcase classname="ptolemy.util.test.junit.TclTests" name="[0] /home/travis/build/icyphy/ptII/ptolemy/actor/lib/test/AbsoluteValue.tcl (RunTclFile)" time="0.539" />
  <testcase classname="ptolemy.util.test.junit.TclTests" name="[1] /home/travis/build/icyphy/ptII/ptolemy/actor/lib/test/AddSubtract.tcl (RunTclFile)" time="0.154" />
  <testcase classname="ptolemy.util.test.junit.TclTests" name="[2] /home/travis/build/icyphy/ptII/ptolemy/actor/lib/test/Average.tcl (RunTclFile)" time="0.067" />
  <testcase classname="ptolemy.util.test.junit.TclTests" name="[3] /home/travis/build/icyphy/ptII/ptolemy/actor/lib/test/Bernoulli.tcl (RunTclFile)" time="0.031" />
  <testcase classname="ptolemy.util.test.junit.TclTests" name="[4] /home/travis/build/icyphy/ptII/ptolemy/actor/lib/test/Clock.tcl (RunTclFile)" time="0.089" />
  <testcase classname="ptolemy.util.test.junit.TclTests" name="[5] /home/travis/build/icyphy/ptII/ptolemy/actor/lib/test/Commutator.tcl (RunTclFile)" time="0.169" />
  <testcase classname="ptolemy.util.test.junit.TclTests" name="[6] /home/travis/build/icyphy/ptII/ptolemy/actor/lib/test/Const.tcl (RunTclFile)" time="0.134" />
  <testcase classname="ptolemy.util.test.junit.TclTests" name="[7] /home/travis/build/icyphy/ptII/ptolemy/actor/lib/test/CurrentTime.tcl (RunTclFile)" time="0.037" />
  <testcase classname="ptolemy.util.test.junit.TclTests" name="[8] /home/travis/build/icyphy/ptII/ptolemy/actor/lib/test/DB.tcl (RunTclFile)" time="0.02" />
  <testcase classname="ptolemy.util.test.junit.TclTests" name="[9] /home/travis/build/icyphy/ptII/ptolemy/actor/lib/test/DiscreteRandomSource.tcl (RunTclFile)" time="0.024" />
  <testcase classname="ptolemy.util.test.junit.TclTests" name="[10] /home/travis/build/icyphy/ptII/ptolemy/actor/lib/test/Distributor.tcl (RunTclFile)" time="0.08" />
  <testcase classname="ptolemy.util.test.junit.TclTests" name="[11] /home/travis/build/icyphy/ptII/ptolemy/actor/lib/test/Exit.tcl (RunTclFile)" time="0.103" />
  <testcase classname="ptolemy.util.test.junit.TclTests" name="[12] /home/travis/build/icyphy/ptII/ptolemy/actor/lib/test/Expression.tcl (RunTclFile)" time="0.11" />
  <testcase classname="ptolemy.util.test.junit.TclTests" name="[13] /home/travis/build/icyphy/ptII/ptolemy/actor/lib/test/Gaussian.tcl (RunTclFile)" time="0.981" />
  <testcase classname="ptolemy.util.test.junit.TclTests" name="[14] /home/travis/build/icyphy/ptII/ptolemy/actor/lib/test/IIR.tcl (RunTclFile)" time="0.039" />
  <testcase classname="ptolemy.util.test.junit.TclTests" name="[15] /home/travis/build/icyphy/ptII/ptolemy/actor/lib/test/Interpolator.tcl (RunTclFile)" time="0.096" />
  <testcase classname="ptolemy.util.test.junit.TclTests" name="[16] /home/travis/build/icyphy/ptII/ptolemy/actor/lib/test/MathFunction.tcl (RunTclFile)" time="0.064" />
  <testcase classname="ptolemy.util.test.junit.TclTests" name="[17] /home/travis/build/icyphy/ptII/ptolemy/actor/lib/test/Maximum.tcl (RunTclFile)" time="0.021" />
  <testcase classname="ptolemy.util.test.junit.TclTests" name="[18] /home/travis/build/icyphy/ptII/ptolemy/actor/lib/test/Minimum.tcl (RunTclFile)" time="0.018" />
  <testcase classname="ptolemy.util.test.junit.TclTests" name="[19] /home/travis/build/icyphy/ptII/ptolemy/actor/lib/test/MultiplyDivide.tcl (RunTclFile)" time="0.025" />
  <testcase classname="ptolemy.util.test.junit.TclTests" name="[20] /home/travis/build/icyphy/ptII/ptolemy/actor/lib/test/OrderedMerge.tcl (RunTclFile)" time="0.094" />
  <testcase classname="ptolemy.util.test.junit.TclTests" name="[21] /home/travis/build/icyphy/ptII/ptolemy/actor/lib/test/Publisher.tcl (RunTclFile)" time="0.757" />
  <testcase classname="ptolemy.util.test.junit.TclTests" name="[22] /home/travis/build/icyphy/ptII/ptolemy/actor/lib/test/Pulse.tcl (RunTclFile)" time="0.071" />
  <testcase classname="ptolemy.util.test.junit.TclTests" name="[23] /home/travis/build/icyphy/ptII/ptolemy/actor/lib/test/Ramp.tcl (RunTclFile)" time="2.0" />
  <testcase classname="ptolemy.util.test.junit.TclTests" name="[24] /home/travis/build/icyphy/ptII/ptolemy/actor/lib/test/RampContinuous.tcl (RunTclFile)" time="0.015" />
  <testcase classname="ptolemy.util.test.junit.TclTests" name="[25] /home/travis/build/icyphy/ptII/ptolemy/actor/lib/test/RecordAssembler.tcl (RunTclFile)" time="0.013" />
  <testcase classname="ptolemy.util.test.junit.TclTests" name="[26] /home/travis/build/icyphy/ptII/ptolemy/actor/lib/test/RecordDisassembler.tcl (RunTclFile)" time="0.018" />
  <testcase classname="ptolemy.util.test.junit.TclTests" name="[27] /home/travis/build/icyphy/ptII/ptolemy/actor/lib/test/Scale.tcl (RunTclFile)" time="0.017" />
  <testcase classname="ptolemy.util.test.junit.TclTests" name="[28] /home/travis/build/icyphy/ptII/ptolemy/actor/lib/test/SequentialClock.tcl (RunTclFile)" time="0.011" />
  <testcase classname="ptolemy.util.test.junit.TclTests" name="[29] /home/travis/build/icyphy/ptII/ptolemy/actor/lib/test/SetVariable.tcl (RunTclFile)" time="0.008" />
  <testcase classname="ptolemy.util.test.junit.TclTests" name="[30] /home/travis/build/icyphy/ptII/ptolemy/actor/lib/test/Sinewave.tcl (RunTclFile)" time="0.025" />
  <testcase classname="ptolemy.util.test.junit.TclTests" name="[31] /home/travis/build/icyphy/ptII/ptolemy/actor/lib/test/SubscriptionAggregator.tcl (RunTclFile)" time="2.152" />
  <testcase classname="ptolemy.util.test.junit.TclTests" name="[32] /home/travis/build/icyphy/ptII/ptolemy/actor/lib/test/Test.tcl (RunTclFile)" time="0.165" />
  <testcase classname="ptolemy.util.test.junit.TclTests" name="[33] /home/travis/build/icyphy/ptII/ptolemy/actor/lib/test/TestExceptionHandler.tcl (RunTclFile)" time="0.008" />
  <testcase classname="ptolemy.util.test.junit.TclTests" name="[34] /home/travis/build/icyphy/ptII/ptolemy/actor/lib/test/UnionDisassembler.tcl (RunTclFile)" time="0.041" />
  <testcase classname="ptolemy.util.test.junit.TclTests" name="[35] /home/travis/build/icyphy/ptII/ptolemy/actor/lib/test/VariableClock.tcl (RunTclFile)" time="0.014" />
  <testcase classname="ptolemy.util.test.junit.AutoKnownFailedTests" name="[0] /home/travis/build/icyphy/ptII/ptolemy/actor/lib/test/auto/knownFailedTests/PublisherPortToplevelSubscriber.xml (RunModel)" time="0.018" />
  <testcase classname="ptolemy.util.test.junit.AutoKnownFailedTests" name="[1] /home/travis/build/icyphy/ptII/ptolemy/actor/lib/test/auto/knownFailedTests/PublisherSubscriberPortToplevel.xml (RunModel)" time="0.015" />
  <testcase classname="ptolemy.util.test.junit.AutoKnownFailedTests" name="[2] /home/travis/build/icyphy/ptII/ptolemy/actor/lib/test/auto/knownFailedTests/PublisherSubscriptionAggregatorPort.xml (RunModel)" time="0.015" />
  <testcase classname="ptolemy.util.test.junit.AutoKnownFailedTests" name="[3] /home/travis/build/icyphy/ptII/ptolemy/actor/lib/test/auto/knownFailedTests/sizedarray3.xml (RunModel)" time="0.023" />
  <testcase classname="ptolemy.util.test.junit.AutoNameArchTests" name="[0] ThereAreNoAutoArchTests (RunModel)" time="0.0" />
  <testcase classname="ptolemy.util.test.junit.AutoTests" name="[0] /home/travis/build/icyphy/ptII/ptolemy/actor/lib/test/auto/AbsoluteValue.xml (RunModel)" time="0.095" />
  <testcase classname="ptolemy.util.test.junit.AutoTests" name="[1] /home/travis/build/icyphy/ptII/ptolemy/actor/lib/test/auto/AbsoluteValue2.xml (RunModel)" time="0.122" />
  <testcase classname="ptolemy.util.test.junit.AutoTests" name="[2] /home/travis/build/icyphy/ptII/ptolemy/actor/lib/test/auto/Accumulator.xml (RunModel)" time="0.058" />
  <testcase classname="ptolemy.util.test.junit.AutoTests" name="[3] /home/travis/build/icyphy/ptII/ptolemy/actor/lib/test/auto/Accumulator2.xml (RunModel)" time="0.029" />
  <testcase classname="ptolemy.util.test.junit.AutoTests" name="[4] /home/travis/build/icyphy/ptII/ptolemy/actor/lib/test/auto/Accumulator3.xml (RunModel)" time="0.035" />
  <testcase classname="ptolemy.util.test.junit.AutoTests" name="[5] /home/travis/build/icyphy/ptII/ptolemy/actor/lib/test/auto/ArrayAppend.xml (RunModel)" time="0.043" />
  <testcase classname="ptolemy.util.test.junit.AutoTests" name="[6] /home/travis/build/icyphy/ptII/ptolemy/actor/lib/test/auto/ArrayAppend2.xml (RunModel)" time="0.485" />
  <testcase classname="ptolemy.util.test.junit.AutoTests" name="[7] /home/travis/build/icyphy/ptII/ptolemy/actor/lib/test/auto/ArrayAppend3.xml (RunModel)" time="0.036" />
  <testcase classname="ptolemy.util.test.junit.AutoTests" name="[8] /home/travis/build/icyphy/ptII/ptolemy/actor/lib/test/auto/ArrayAppend4.xml (RunModel)" time="0.023" />
  <testcase classname="ptolemy.util.test.junit.AutoTests" name="[9] /home/travis/build/icyphy/ptII/ptolemy/actor/lib/test/auto/ArrayAppend5.xml (RunModel)" time="0.018" />
  <testcase classname="ptolemy.util.test.junit.AutoTests" name="[10] /home/travis/build/icyphy/ptII/ptolemy/actor/lib/test/auto/ArrayAppend6.xml (RunModel)" time="0.017" />
  <testcase classname="ptolemy.util.test.junit.AutoTests" name="[11] /home/travis/build/icyphy/ptII/ptolemy/actor/lib/test/auto/ArrayAppendPerformanceTest.xml (RunModel)" time="0.046" />
  <testcase classname="ptolemy.util.test.junit.AutoTests" name="[12] /home/travis/build/icyphy/ptII/ptolemy/actor/lib/test/auto/ArrayAppendWithEmptyInput.xml (RunModel)" time="0.036" />
  <testcase classname="ptolemy.util.test.junit.AutoTests" name="[13] /home/travis/build/icyphy/ptII/ptolemy/actor/lib/test/auto/ArrayAverage.xml (RunModel)" time="0.027" />
  <testcase classname="ptolemy.util.test.junit.AutoTests" name="[14] /home/travis/build/icyphy/ptII/ptolemy/actor/lib/test/auto/ArrayContains.xml (RunModel)" time="0.038" />
  <testcase classname="ptolemy.util.test.junit.AutoTests" name="[15] /home/travis/build/icyphy/ptII/ptolemy/actor/lib/test/auto/ArrayElement.xml (RunModel)" time="0.024" />
  <testcase classname="ptolemy.util.test.junit.AutoTests" name="[16] /home/travis/build/icyphy/ptII/ptolemy/actor/lib/test/auto/ArrayElementAsMatrix.xml (RunModel)" time="0.035" />
  <testcase classname="ptolemy.util.test.junit.AutoTests" name="[17] /home/travis/build/icyphy/ptII/ptolemy/actor/lib/test/auto/ArrayElementI.xml (RunModel)" time="0.012" />
  <testcase classname="ptolemy.util.test.junit.AutoTests" name="[18] /home/travis/build/icyphy/ptII/ptolemy/actor/lib/test/auto/ArrayExtract.xml (RunModel)" time="0.022" />
  <testcase classname="ptolemy.util.test.junit.AutoTests" name="[19] /home/travis/build/icyphy/ptII/ptolemy/actor/lib/test/auto/ArrayExtract2.xml (RunModel)" time="0.015" />
  <testcase classname="ptolemy.util.test.junit.AutoTests" name="[20] /home/travis/build/icyphy/ptII/ptolemy/actor/lib/test/auto/ArrayLength.xml (RunModel)" time="0.013" />
  <testcase classname="ptolemy.util.test.junit.AutoTests" name="[21] /home/travis/build/icyphy/ptII/ptolemy/actor/lib/test/auto/ArrayLevelCrossing.xml (RunModel)" time="0.022" />
  <testcase classname="ptolemy.util.test.junit.AutoTests" name="[22] /home/travis/build/icyphy/ptII/ptolemy/actor/lib/test/auto/ArrayLevelCrossing2.xml (RunModel)" time="0.025" />
  <testcase classname="ptolemy.util.test.junit.AutoTests" name="[23] /home/travis/build/icyphy/ptII/ptolemy/actor/lib/test/auto/ArrayPeakSearch.xml (RunModel)" time="0.026" />
  <testcase classname="ptolemy.util.test.junit.AutoTests" name="[24] /home/travis/build/icyphy/ptII/ptolemy/actor/lib/test/auto/ArrayPeakSearch2.xml (RunModel)" time="0.037" />
  <testcase classname="ptolemy.util.test.junit.AutoTests" name="[25] /home/travis/build/icyphy/ptII/ptolemy/actor/lib/test/auto/ArrayPeakSearch3.xml (RunModel)" time="0.032" />
  <testcase classname="ptolemy.util.test.junit.AutoTests" name="[26] /home/travis/build/icyphy/ptII/ptolemy/actor/lib/test/auto/ArrayRemoveElement.xml (RunModel)" time="0.026" />
  <testcase classname="ptolemy.util.test.junit.AutoTests" name="[27] /home/travis/build/icyphy/ptII/ptolemy/actor/lib/test/auto/ArraySort.xml (RunModel)" time="0.03" />
  <testcase classname="ptolemy.util.test.junit.AutoTests" name="[28] /home/travis/build/icyphy/ptII/ptolemy/actor/lib/test/auto/ArraySum.xml (RunModel)" time="0.018" />
  <testcase classname="ptolemy.util.test.junit.AutoTests" name="[29] /home/travis/build/icyphy/ptII/ptolemy/actor/lib/test/auto/ArrayToElements.xml (RunModel)" time="0.026" />
  <testcase classname="ptolemy.util.test.junit.AutoTests" name="[30] /home/travis/build/icyphy/ptII/ptolemy/actor/lib/test/auto/ArrayToMatrix.xml (RunModel)" time="0.056" />
  <testcase classname="ptolemy.util.test.junit.AutoTests" name="[31] /home/travis/build/icyphy/ptII/ptolemy/actor/lib/test/auto/ArrayUpdate1.xml (RunModel)" time="0.021" />
  <testcase classname="ptolemy.util.test.junit.AutoTests" name="[32] /home/travis/build/icyphy/ptII/ptolemy/actor/lib/test/auto/ArrayUpdate2.xml (RunModel)" time="0.017" />
  <testcase classname="ptolemy.util.test.junit.AutoTests" name="[33] /home/travis/build/icyphy/ptII/ptolemy/actor/lib/test/auto/ArrayUpdate3.xml (RunModel)" time="0.013" />
  <testcase classname="ptolemy.util.test.junit.AutoTests" name="[34] /home/travis/build/icyphy/ptII/ptolemy/actor/lib/test/auto/Assert1.xml (RunModel)" time="0.024" />
  <testcase classname="ptolemy.util.test.junit.AutoTests" name="[35] /home/travis/build/icyphy/ptII/ptolemy/actor/lib/test/auto/Assert2.xml (RunModel)" time="0.011" />
  <testcase classname="ptolemy.util.test.junit.AutoTests" name="[36] /home/travis/build/icyphy/ptII/ptolemy/actor/lib/test/auto/BooleanMultiplexor.xml (RunModel)" time="0.015" />
  <testcase classname="ptolemy.util.test.junit.AutoTests" name="[37] /home/travis/build/icyphy/ptII/ptolemy/actor/lib/test/auto/BooleanMultiplexor2.xml (RunModel)" time="0.026" />
  <testcase classname="ptolemy.util.test.junit.AutoTests" name="[38] /home/travis/build/icyphy/ptII/ptolemy/actor/lib/test/auto/BooleanMultiplexor3.xml (RunModel)" time="0.015" />
  <testcase classname="ptolemy.util.test.junit.AutoTests" name="[39] /home/travis/build/icyphy/ptII/ptolemy/actor/lib/test/auto/BooleanSelect.xml (RunModel)" time="0.021" />
  <testcase classname="ptolemy.util.test.junit.AutoTests" name="[40] /home/travis/build/icyphy/ptII/ptolemy/actor/lib/test/auto/BooleanSelect2.xml (RunModel)" time="0.014" />
  <testcase classname="ptolemy.util.test.junit.AutoTests" name="[41] /home/travis/build/icyphy/ptII/ptolemy/actor/lib/test/auto/BooleanSwitch.xml (RunModel)" time="0.027" />
  <testcase classname="ptolemy.util.test.junit.AutoTests" name="[42] /home/travis/build/icyphy/ptII/ptolemy/actor/lib/test/auto/BooleanSwitch2.xml (RunModel)" time="0.018" />
  <testcase classname="ptolemy.util.test.junit.AutoTests" name="[43] /home/travis/build/icyphy/ptII/ptolemy/actor/lib/test/auto/BooleanSwitchCloningBugWithClassRelationGroup.xml (RunModel)" time="0.026" />
  <testcase classname="ptolemy.util.test.junit.AutoTests" name="[44] /home/travis/build/icyphy/ptII/ptolemy/actor/lib/test/auto/BusActors.xml (RunModel)" time="0.03" />
  <testcase classname="ptolemy.util.test.junit.AutoTests" name="[45] /home/travis/build/icyphy/ptII/ptolemy/actor/lib/test/auto/ClassWrapper.xml (RunModel)" time="0.018" />
  <testcase classname="ptolemy.util.test.junit.AutoTests" name="[46] /home/travis/build/icyphy/ptII/ptolemy/actor/lib/test/auto/Clock.xml (RunModel)" time="0.008" />
  <testcase classname="ptolemy.util.test.junit.AutoTests" name="[47] /home/travis/build/icyphy/ptII/ptolemy/actor/lib/test/auto/Clock10.xml (RunModel)" time="0.015" />
  <testcase classname="ptolemy.util.test.junit.AutoTests" name="[48] /home/travis/build/icyphy/ptII/ptolemy/actor/lib/test/auto/Clock11.xml (RunModel)" time="0.018" />
  <testcase classname="ptolemy.util.test.junit.AutoTests" name="[49] /home/travis/build/icyphy/ptII/ptolemy/actor/lib/test/auto/Clock12.xml (RunModel)" time="0.018" />
  <testcase classname="ptolemy.util.test.junit.AutoTests" name="[50] /home/travis/build/icyphy/ptII/ptolemy/actor/lib/test/auto/Clock13.xml (RunModel)" time="0.015" />
  <testcase classname="ptolemy.util.test.junit.AutoTests" name="[51] /home/travis/build/icyphy/ptII/ptolemy/actor/lib/test/auto/Clock14.xml (RunModel)" time="0.019" />
  <testcase classname="ptolemy.util.test.junit.AutoTests" name="[52] /home/travis/build/icyphy/ptII/ptolemy/actor/lib/test/auto/Clock15.xml (RunModel)" time="0.023" />
  <testcase classname="ptolemy.util.test.junit.AutoTests" name="[53] /home/travis/build/icyphy/ptII/ptolemy/actor/lib/test/auto/Clock16.xml (RunModel)" time="0.088" />
  <testcase classname="ptolemy.util.test.junit.AutoTests" name="[54] /home/travis/build/icyphy/ptII/ptolemy/actor/lib/test/auto/Clock17.xml (RunModel)" time="0.046" />
  <testcase classname="ptolemy.util.test.junit.AutoTests" name="[55] /home/travis/build/icyphy/ptII/ptolemy/actor/lib/test/auto/Clock18.xml (RunModel)" time="0.041" />
  <testcase classname="ptolemy.util.test.junit.AutoTests" name="[56] /home/travis/build/icyphy/ptII/ptolemy/actor/lib/test/auto/Clock19.xml (RunModel)" time="0.035" />
  <testcase classname="ptolemy.util.test.junit.AutoTests" name="[57] /home/travis/build/icyphy/ptII/ptolemy/actor/lib/test/auto/Clock2.xml (RunModel)" time="0.015" />
  <testcase classname="ptolemy.util.test.junit.AutoTests" name="[58] /home/travis/build/icyphy/ptII/ptolemy/actor/lib/test/auto/Clock20.xml (RunModel)" time="0.015" />
  <testcase classname="ptolemy.util.test.junit.AutoTests" name="[59] /home/travis/build/icyphy/ptII/ptolemy/actor/lib/test/auto/Clock21.xml (RunModel)" time="0.01" />
  <testcase classname="ptolemy.util.test.junit.AutoTests" name="[60] /home/travis/build/icyphy/ptII/ptolemy/actor/lib/test/auto/Clock22.xml (RunModel)" time="0.014" />
  <testcase classname="ptolemy.util.test.junit.AutoTests" name="[61] /home/travis/build/icyphy/ptII/ptolemy/actor/lib/test/auto/Clock23.xml (RunModel)" time="0.011" />
  <testcase classname="ptolemy.util.test.junit.AutoTests" name="[62] /home/travis/build/icyphy/ptII/ptolemy/actor/lib/test/auto/Clock24.xml (RunModel)" time="0.011" />
  <testcase classname="ptolemy.util.test.junit.AutoTests" name="[63] /home/travis/build/icyphy/ptII/ptolemy/actor/lib/test/auto/Clock4.xml (RunModel)" time="0.009" />
  <testcase classname="ptolemy.util.test.junit.AutoTests" name="[64] /home/travis/build/icyphy/ptII/ptolemy/actor/lib/test/auto/Clock5.xml (RunModel)" time="0.012" />
  <testcase classname="ptolemy.util.test.junit.AutoTests" name="[65] /home/travis/build/icyphy/ptII/ptolemy/actor/lib/test/auto/Clock6.xml (RunModel)" time="0.007" />
  <testcase classname="ptolemy.util.test.junit.AutoTests" name="[66] /home/travis/build/icyphy/ptII/ptolemy/actor/lib/test/auto/Clock7.xml (RunModel)" time="0.01" />
  <testcase classname="ptolemy.util.test.junit.AutoTests" name="[67] /home/travis/build/icyphy/ptII/ptolemy/actor/lib/test/auto/Clock8.xml (RunModel)" time="0.009" />
  <testcase classname="ptolemy.util.test.junit.AutoTests" name="[68] /home/travis/build/icyphy/ptII/ptolemy/actor/lib/test/auto/Clock9.xml (RunModel)" time="0.023" />
  <testcase classname="ptolemy.util.test.junit.AutoTests" name="[69] /home/travis/build/icyphy/ptII/ptolemy/actor/lib/test/auto/CommDistDiscard.xml (RunModel)" time="0.018" />
  <testcase classname="ptolemy.util.test.junit.AutoTests" name="[70] /home/travis/build/icyphy/ptII/ptolemy/actor/lib/test/auto/Commutator.xml (RunModel)" time="0.011" />
  <testcase classname="ptolemy.util.test.junit.AutoTests" name="[71] /home/travis/build/icyphy/ptII/ptolemy/actor/lib/test/auto/Commutator2.xml (RunModel)" time="0.007" />
  <testcase classname="ptolemy.util.test.junit.AutoTests" name="[72] /home/travis/build/icyphy/ptII/ptolemy/actor/lib/test/auto/Commutator3.xml (RunModel)" time="0.009" />
  <testcase classname="ptolemy.util.test.junit.AutoTests" name="[73] /home/travis/build/icyphy/ptII/ptolemy/actor/lib/test/auto/Compare.xml (RunModel)" time="0.015" />
  <testcase classname="ptolemy.util.test.junit.AutoTests" name="[74] /home/travis/build/icyphy/ptII/ptolemy/actor/lib/test/auto/CompareDE.xml (RunModel)" time="0.015" />
  <testcase classname="ptolemy.util.test.junit.AutoTests" name="[75] /home/travis/build/icyphy/ptII/ptolemy/actor/lib/test/auto/ComplexDivide.xml (RunModel)" time="0.007" />
  <testcase classname="ptolemy.util.test.junit.AutoTests" name="[76] /home/travis/build/icyphy/ptII/ptolemy/actor/lib/test/auto/ComputeHistogram.xml (RunModel)" time="0.057" />
  <testcase classname="ptolemy.util.test.junit.AutoTests" name="[77] /home/travis/build/icyphy/ptII/ptolemy/actor/lib/test/auto/ConfigurationSelect.xml (RunModel)" time="0.018" />
  <testcase classname="ptolemy.util.test.junit.AutoTests" name="[78] /home/travis/build/icyphy/ptII/ptolemy/actor/lib/test/auto/ConfigurationSelect2.xml (RunModel)" time="0.013" />
  <testcase classname="ptolemy.util.test.junit.AutoTests" name="[79] /home/travis/build/icyphy/ptII/ptolemy/actor/lib/test/auto/ConfigurationSwitch.xml (RunModel)" time="0.03" />
  <testcase classname="ptolemy.util.test.junit.AutoTests" name="[80] /home/travis/build/icyphy/ptII/ptolemy/actor/lib/test/auto/ConfigurationSwitch2.xml (RunModel)" time="0.019" />
  <testcase classname="ptolemy.util.test.junit.AutoTests" name="[81] /home/travis/build/icyphy/ptII/ptolemy/actor/lib/test/auto/ConfigurationSwitchCloningBugWithClassRelationGroup.xml (RunModel)" time="0.02" />
  <testcase classname="ptolemy.util.test.junit.AutoTests" name="[82] /home/travis/build/icyphy/ptII/ptolemy/actor/lib/test/auto/ConfigurationSwitchSelectSDF.xml (RunModel)" time="0.015" />
  <testcase classname="ptolemy.util.test.junit.AutoTests" name="[83] /home/travis/build/icyphy/ptII/ptolemy/actor/lib/test/auto/ConfigurationSwitchSelectSDF2.xml (RunModel)" time="0.013" />
  <testcase classname="ptolemy.util.test.junit.AutoTests" name="[84] /home/travis/build/icyphy/ptII/ptolemy/actor/lib/test/auto/Const.xml (RunModel)" time="0.005" />
  <testcase classname="ptolemy.util.test.junit.AutoTests" name="[85] /home/travis/build/icyphy/ptII/ptolemy/actor/lib/test/auto/Const2.xml (RunModel)" time="0.008" />
  <testcase classname="ptolemy.util.test.junit.AutoTests" name="[86] /home/travis/build/icyphy/ptII/ptolemy/actor/lib/test/auto/Const3.xml (RunModel)" time="0.006" />
  <testcase classname="ptolemy.util.test.junit.AutoTests" name="[87] /home/travis/build/icyphy/ptII/ptolemy/actor/lib/test/auto/ConstantPublisherPort1.xml (RunModel)" time="0.02" />
  <testcase classname="ptolemy.util.test.junit.AutoTests" name="[88] /home/travis/build/icyphy/ptII/ptolemy/actor/lib/test/auto/ConstantPublisherPort2.xml (RunModel)" time="0.021" />
  <testcase classname="ptolemy.util.test.junit.AutoTests" name="[89] /home/travis/build/icyphy/ptII/ptolemy/actor/lib/test/auto/ConstantPublisherPort3.xml (RunModel)" time="0.017" />
  <testcase classname="ptolemy.util.test.junit.AutoTests" name="[90] /home/travis/build/icyphy/ptII/ptolemy/actor/lib/test/auto/ConstantPublisherPort4.xml (RunModel)" time="0.013" />
  <testcase classname="ptolemy.util.test.junit.AutoTests" name="[91] /home/travis/build/icyphy/ptII/ptolemy/actor/lib/test/auto/ConstantPublisherPort5.xml (RunModel)" time="0.04" />
  <testcase classname="ptolemy.util.test.junit.AutoTests" name="[92] /home/travis/build/icyphy/ptII/ptolemy/actor/lib/test/auto/ConstantPublisherPort6.xml (RunModel)" time="0.024" />
  <testcase classname="ptolemy.util.test.junit.AutoTests" name="[93] /home/travis/build/icyphy/ptII/ptolemy/actor/lib/test/auto/ConstantPublisherPort7.xml (RunModel)" time="0.033" />
  <testcase classname="ptolemy.util.test.junit.AutoTests" name="[94] /home/travis/build/icyphy/ptII/ptolemy/actor/lib/test/auto/ConstraintMonitor1.xml (RunModel)" time="0.034" />
  <testcase classname="ptolemy.util.test.junit.AutoTests" name="[95] /home/travis/build/icyphy/ptII/ptolemy/actor/lib/test/auto/ConstraintMonitor2.xml (RunModel)" time="0.022" />
  <testcase classname="ptolemy.util.test.junit.AutoTests" name="[96] /home/travis/build/icyphy/ptII/ptolemy/actor/lib/test/auto/ConstraintMonitor3.xml (RunModel)" time="0.015" />
  <testcase classname="ptolemy.util.test.junit.AutoTests" name="[97] /home/travis/build/icyphy/ptII/ptolemy/actor/lib/test/auto/ConstraintMonitor4.xml (RunModel)" time="0.022" />
  <testcase classname="ptolemy.util.test.junit.AutoTests" name="[98] /home/travis/build/icyphy/ptII/ptolemy/actor/lib/test/auto/ConstraintMonitor5.xml (RunModel)" time="0.011" />
  <testcase classname="ptolemy.util.test.junit.AutoTests" name="[99] /home/travis/build/icyphy/ptII/ptolemy/actor/lib/test/auto/ConstraintMonitor6.xml (RunModel)" time="0.013" />
  <testcase classname="ptolemy.util.test.junit.AutoTests" name="[100] /home/travis/build/icyphy/ptII/ptolemy/actor/lib/test/auto/ConstraintMonitor7.xml (RunModel)" time="0.029" />
  <testcase classname="ptolemy.util.test.junit.AutoTests" name="[101] /home/travis/build/icyphy/ptII/ptolemy/actor/lib/test/auto/ConstraintMonitor8.xml (RunModel)" time="0.019" />
  <testcase classname="ptolemy.util.test.junit.AutoTests" name="[102] /home/travis/build/icyphy/ptII/ptolemy/actor/lib/test/auto/Counter.xml (RunModel)" time="0.018" />
  <testcase classname="ptolemy.util.test.junit.AutoTests" name="[103] /home/travis/build/icyphy/ptII/ptolemy/actor/lib/test/auto/CurrentTimeSDF.xml (RunModel)" time="0.014" />
  <testcase classname="ptolemy.util.test.junit.AutoTests" name="[104] /home/travis/build/icyphy/ptII/ptolemy/actor/lib/test/auto/DB.xml (RunModel)" time="0.012" />
  <testcase classname="ptolemy.util.test.junit.AutoTests" name="[105] /home/travis/build/icyphy/ptII/ptolemy/actor/lib/test/auto/DBDE.xml (RunModel)" time="0.014" />
  <testcase classname="ptolemy.util.test.junit.AutoTests" name="[106] /home/travis/build/icyphy/ptII/ptolemy/actor/lib/test/auto/DateConstructor.xml (RunModel)" time="0.07" />
  <testcase classname="ptolemy.util.test.junit.AutoTests" name="[107] /home/travis/build/icyphy/ptII/ptolemy/actor/lib/test/auto/DelayTime.xml (RunModel)" time="0.018" />
  <testcase classname="ptolemy.util.test.junit.AutoTests" name="[108] /home/travis/build/icyphy/ptII/ptolemy/actor/lib/test/auto/Dictionary1.xml (RunModel)" time="0.018" />
  <testcase classname="ptolemy.util.test.junit.AutoTests" name="[109] /home/travis/build/icyphy/ptII/ptolemy/actor/lib/test/auto/Dictionary2.xml (RunModel)" time="0.016" />
  <testcase classname="ptolemy.util.test.junit.AutoTests" name="[110] /home/travis/build/icyphy/ptII/ptolemy/actor/lib/test/auto/Dictionary3.xml (RunModel)" time="0.012" />
  <testcase classname="ptolemy.util.test.junit.AutoTests" name="[111] /home/travis/build/icyphy/ptII/ptolemy/actor/lib/test/auto/Dictionary4.xml (RunModel)" time="0.019" />
  <testcase classname="ptolemy.util.test.junit.AutoTests" name="[112] /home/travis/build/icyphy/ptII/ptolemy/actor/lib/test/auto/Differential.xml (RunModel)" time="0.011" />
  <testcase classname="ptolemy.util.test.junit.AutoTests" name="[113] /home/travis/build/icyphy/ptII/ptolemy/actor/lib/test/auto/Director.xml (RunModel)" time="0.01" />
  <testcase classname="ptolemy.util.test.junit.AutoTests" name="[114] /home/travis/build/icyphy/ptII/ptolemy/actor/lib/test/auto/DiscreteClock.xml (RunModel)" time="0.008" />
  <testcase classname="ptolemy.util.test.junit.AutoTests" name="[115] /home/travis/build/icyphy/ptII/ptolemy/actor/lib/test/auto/DiscreteClock10.xml (RunModel)" time="0.012" />
  <testcase classname="ptolemy.util.test.junit.AutoTests" name="[116] /home/travis/build/icyphy/ptII/ptolemy/actor/lib/test/auto/DiscreteClock11.xml (RunModel)" time="0.011" />
  <testcase classname="ptolemy.util.test.junit.AutoTests" name="[117] /home/travis/build/icyphy/ptII/ptolemy/actor/lib/test/auto/DiscreteClock12.xml (RunModel)" time="0.012" />
  <testcase classname="ptolemy.util.test.junit.AutoTests" name="[118] /home/travis/build/icyphy/ptII/ptolemy/actor/lib/test/auto/DiscreteClock13.xml (RunModel)" time="0.014" />
  <testcase classname="ptolemy.util.test.junit.AutoTests" name="[119] /home/travis/build/icyphy/ptII/ptolemy/actor/lib/test/auto/DiscreteClock14.xml (RunModel)" time="0.016" />
  <testcase classname="ptolemy.util.test.junit.AutoTests" name="[120] /home/travis/build/icyphy/ptII/ptolemy/actor/lib/test/auto/DiscreteClock15.xml (RunModel)" time="0.014" />
  <testcase classname="ptolemy.util.test.junit.AutoTests" name="[121] /home/travis/build/icyphy/ptII/ptolemy/actor/lib/test/auto/DiscreteClock16.xml (RunModel)" time="0.043" />
  <testcase classname="ptolemy.util.test.junit.AutoTests" name="[122] /home/travis/build/icyphy/ptII/ptolemy/actor/lib/test/auto/DiscreteClock17.xml (RunModel)" time="0.04" />
  <testcase classname="ptolemy.util.test.junit.AutoTests" name="[123] /home/travis/build/icyphy/ptII/ptolemy/actor/lib/test/auto/DiscreteClock18.xml (RunModel)" time="0.057" />
  <testcase classname="ptolemy.util.test.junit.AutoTests" name="[124] /home/travis/build/icyphy/ptII/ptolemy/actor/lib/test/auto/DiscreteClock19.xml (RunModel)" time="0.059" />
  <testcase classname="ptolemy.util.test.junit.AutoTests" name="[125] /home/travis/build/icyphy/ptII/ptolemy/actor/lib/test/auto/DiscreteClock2.xml (RunModel)" time="0.011" />
  <testcase classname="ptolemy.util.test.junit.AutoTests" name="[126] /home/travis/build/icyphy/ptII/ptolemy/actor/lib/test/auto/DiscreteClock20.xml (RunModel)" time="0.018" />
  <testcase classname="ptolemy.util.test.junit.AutoTests" name="[127] /home/travis/build/icyphy/ptII/ptolemy/actor/lib/test/auto/DiscreteClock21.xml (RunModel)" time="0.016" />
  <testcase classname="ptolemy.util.test.junit.AutoTests" name="[128] /home/travis/build/icyphy/ptII/ptolemy/actor/lib/test/auto/DiscreteClock22.xml (RunModel)" time="0.013" />
  <testcase classname="ptolemy.util.test.junit.AutoTests" name="[129] /home/travis/build/icyphy/ptII/ptolemy/actor/lib/test/auto/DiscreteClock23.xml (RunModel)" time="0.019" />
  <testcase classname="ptolemy.util.test.junit.AutoTests" name="[130] /home/travis/build/icyphy/ptII/ptolemy/actor/lib/test/auto/DiscreteClock24.xml (RunModel)" time="0.012" />
  <testcase classname="ptolemy.util.test.junit.AutoTests" name="[131] /home/travis/build/icyphy/ptII/ptolemy/actor/lib/test/auto/DiscreteClock4.xml (RunModel)" time="0.012" />
  <testcase classname="ptolemy.util.test.junit.AutoTests" name="[132] /home/travis/build/icyphy/ptII/ptolemy/actor/lib/test/auto/DiscreteClock5.xml (RunModel)" time="0.01" />
  <testcase classname="ptolemy.util.test.junit.AutoTests" name="[133] /home/travis/build/icyphy/ptII/ptolemy/actor/lib/test/auto/DiscreteClock6.xml (RunModel)" time="0.009" />
  <testcase classname="ptolemy.util.test.junit.AutoTests" name="[134] /home/travis/build/icyphy/ptII/ptolemy/actor/lib/test/auto/DiscreteClock7.xml (RunModel)" time="0.008" />
  <testcase classname="ptolemy.util.test.junit.AutoTests" name="[135] /home/travis/build/icyphy/ptII/ptolemy/actor/lib/test/auto/DiscreteClock8.xml (RunModel)" time="0.023" />
  <testcase classname="ptolemy.util.test.junit.AutoTests" name="[136] /home/travis/build/icyphy/ptII/ptolemy/actor/lib/test/auto/DiscreteClock9.xml (RunModel)" time="0.012" />
  <testcase classname="ptolemy.util.test.junit.AutoTests" name="[137] /home/travis/build/icyphy/ptII/ptolemy/actor/lib/test/auto/DisplayArray.xml (RunModel)" time="0.01" />
  <testcase classname="ptolemy.util.test.junit.AutoTests" name="[138] /home/travis/build/icyphy/ptII/ptolemy/actor/lib/test/auto/Distributor.xml (RunModel)" time="0.009" />
  <testcase classname="ptolemy.util.test.junit.AutoTests" name="[139] /home/travis/build/icyphy/ptII/ptolemy/actor/lib/test/auto/Distributor2.xml (RunModel)" time="0.011" />
  <testcase classname="ptolemy.util.test.junit.AutoTests" name="[140] /home/travis/build/icyphy/ptII/ptolemy/actor/lib/test/auto/DownSample.xml (RunModel)" time="0.007" />
  <testcase classname="ptolemy.util.test.junit.AutoTests" name="[141] /home/travis/build/icyphy/ptII/ptolemy/actor/lib/test/auto/ElectronicUnitBase1.xml (RunModel)" time="0.062" />
  <testcase classname="ptolemy.util.test.junit.AutoTests" name="[142] /home/travis/build/icyphy/ptII/ptolemy/actor/lib/test/auto/ElementsToArray.xml (RunModel)" time="0.01" />
  <testcase classname="ptolemy.util.test.junit.AutoTests" name="[143] /home/travis/build/icyphy/ptII/ptolemy/actor/lib/test/auto/Equals.xml (RunModel)" time="0.017" />
  <testcase classname="ptolemy.util.test.junit.AutoTests" name="[144] /home/travis/build/icyphy/ptII/ptolemy/actor/lib/test/auto/Exec.xml (RunModel)" time="0.03" />
  <testcase classname="ptolemy.util.test.junit.AutoTests" name="[145] /home/travis/build/icyphy/ptII/ptolemy/actor/lib/test/auto/ExecEnvironment.xml (RunModel)" time="0.038" />
  <testcase classname="ptolemy.util.test.junit.AutoTests" name="[146] /home/travis/build/icyphy/ptII/ptolemy/actor/lib/test/auto/ExecNonZeroReturnOutput.xml (RunModel)" time="0.191" />
  <testcase classname="ptolemy.util.test.junit.AutoTests" name="[147] /home/travis/build/icyphy/ptII/ptolemy/actor/lib/test/auto/ExecRunDemos.xml (RunModel)" time="10.211" />
  <testcase classname="ptolemy.util.test.junit.AutoTests" name="[148] /home/travis/build/icyphy/ptII/ptolemy/actor/lib/test/auto/ExecStop.xml (RunModel)" time="5.032" />
  <testcase classname="ptolemy.util.test.junit.AutoTests" name="[149] /home/travis/build/icyphy/ptII/ptolemy/actor/lib/test/auto/ExecutionTimeSDF.xml (RunModel)" time="6.04">
    <error type="java.lang.reflect.InvocationTargetException">java.lang.reflect.InvocationTargetException
	at jdk.internal.reflect.GeneratedConstructorAccessor36.newInstance(Unknown Source)
	at java.base/jdk.internal.reflect.DelegatingConstructorAccessorImpl.newInstance(DelegatingConstructorAccessorImpl.java:45)
	at java.base/java.lang.reflect.Constructor.newInstance(Constructor.java:490)
	at ptolemy.util.test.junit.AutoTests.RunModel(AutoTests.java:193)
	at jdk.internal.reflect.GeneratedMethodAccessor43.invoke(Unknown Source)
	at java.base/jdk.internal.reflect.DelegatingMethodAccessorImpl.invoke(DelegatingMethodAccessorImpl.java:43)
	at junitparams.internal.InvokeParameterisedMethod.evaluate(InvokeParameterisedMethod.java:102)
Caused by: ptolemy.kernel.util.IllegalActionException: Test fails in iteration 0.
Value was: 6001L. Should have been: 6000L
  in .ExecutionTimeSDF.NonStrictTest
	at ptolemy.actor.lib.NonStrictTest.postfire(NonStrictTest.java:328)
	at ptolemy.actor.AtomicActor.iterate(AtomicActor.java:518)
	at ptolemy.actor.sched.StaticSchedulingDirector.fire(StaticSchedulingDirector.java:216)
	at ptolemy.domains.sdf.kernel.SDFDirector.fire(SDFDirector.java:500)
	at ptolemy.actor.CompositeActor.fire(CompositeActor.java:455)
	at ptolemy.actor.Manager.iterate(Manager.java:851)
	at ptolemy.actor.Manager.execute(Manager.java:369)
	at ptolemy.actor.Manager.run(Manager.java:1263)
	at ptolemy.actor.Manager$PtolemyRunThread.run(Manager.java:1933)
</error>
  </testcase>
  <testcase classname="ptolemy.util.test.junit.AutoTests" name="[150] /home/travis/build/icyphy/ptII/ptolemy/actor/lib/test/auto/Expression1.xml (RunModel)" time="0.012" />
  <testcase classname="ptolemy.util.test.junit.AutoTests" name="[151] /home/travis/build/icyphy/ptII/ptolemy/actor/lib/test/auto/Expression10.xml (RunModel)" time="0.02" />
  <testcase classname="ptolemy.util.test.junit.AutoTests" name="[152] /home/travis/build/icyphy/ptII/ptolemy/actor/lib/test/auto/Expression11.xml (RunModel)" time="0.019" />
  <testcase classname="ptolemy.util.test.junit.AutoTests" name="[153] /home/travis/build/icyphy/ptII/ptolemy/actor/lib/test/auto/Expression12.xml (RunModel)" time="0.015" />
  <testcase classname="ptolemy.util.test.junit.AutoTests" name="[154] /home/travis/build/icyphy/ptII/ptolemy/actor/lib/test/auto/Expression13.xml (RunModel)" time="0.012" />
  <testcase classname="ptolemy.util.test.junit.AutoTests" name="[155] /home/travis/build/icyphy/ptII/ptolemy/actor/lib/test/auto/Expression14.xml (RunModel)" time="0.02" />
  <testcase classname="ptolemy.util.test.junit.AutoTests" name="[156] /home/travis/build/icyphy/ptII/ptolemy/actor/lib/test/auto/Expression15.xml (RunModel)" time="0.008" />
  <testcase classname="ptolemy.util.test.junit.AutoTests" name="[157] /home/travis/build/icyphy/ptII/ptolemy/actor/lib/test/auto/Expression16.xml (RunModel)" time="0.01" />
  <testcase classname="ptolemy.util.test.junit.AutoTests" name="[158] /home/travis/build/icyphy/ptII/ptolemy/actor/lib/test/auto/Expression17.xml (RunModel)" time="0.008" />
  <testcase classname="ptolemy.util.test.junit.AutoTests" name="[159] /home/travis/build/icyphy/ptII/ptolemy/actor/lib/test/auto/Expression18.xml (RunModel)" time="0.012" />
  <testcase classname="ptolemy.util.test.junit.AutoTests" name="[160] /home/travis/build/icyphy/ptII/ptolemy/actor/lib/test/auto/Expression2.xml (RunModel)" time="0.011" />
  <testcase classname="ptolemy.util.test.junit.AutoTests" name="[161] /home/travis/build/icyphy/ptII/ptolemy/actor/lib/test/auto/Expression3.xml (RunModel)" time="0.011" />
  <testcase classname="ptolemy.util.test.junit.AutoTests" name="[162] /home/travis/build/icyphy/ptII/ptolemy/actor/lib/test/auto/Expression4.xml (RunModel)" time="0.016" />
  <testcase classname="ptolemy.util.test.junit.AutoTests" name="[163] /home/travis/build/icyphy/ptII/ptolemy/actor/lib/test/auto/Expression5.xml (RunModel)" time="0.012" />
  <testcase classname="ptolemy.util.test.junit.AutoTests" name="[164] /home/travis/build/icyphy/ptII/ptolemy/actor/lib/test/auto/Expression6.xml (RunModel)" time="0.008" />
  <testcase classname="ptolemy.util.test.junit.AutoTests" name="[165] /home/travis/build/icyphy/ptII/ptolemy/actor/lib/test/auto/Expression7.xml (RunModel)" time="0.01" />
  <testcase classname="ptolemy.util.test.junit.AutoTests" name="[166] /home/travis/build/icyphy/ptII/ptolemy/actor/lib/test/auto/Expression8.xml (RunModel)" time="0.016" />
  <testcase classname="ptolemy.util.test.junit.AutoTests" name="[167] /home/travis/build/icyphy/ptII/ptolemy/actor/lib/test/auto/Expression9.xml (RunModel)" time="0.009" />
  <testcase classname="ptolemy.util.test.junit.AutoTests" name="[168] /home/travis/build/icyphy/ptII/ptolemy/actor/lib/test/auto/ExpressionConcatenateArrayType.xml (RunModel)" time="0.025" />
  <testcase classname="ptolemy.util.test.junit.AutoTests" name="[169] /home/travis/build/icyphy/ptII/ptolemy/actor/lib/test/auto/ExpressionConcatenateArrayType2.xml (RunModel)" time="0.018" />
  <testcase classname="ptolemy.util.test.junit.AutoTests" name="[170] /home/travis/build/icyphy/ptII/ptolemy/actor/lib/test/auto/ExpressionFix.xml (RunModel)" time="0.04" />
  <testcase classname="ptolemy.util.test.junit.AutoTests" name="[171] /home/travis/build/icyphy/ptII/ptolemy/actor/lib/test/auto/ExpressionFix2.xml (RunModel)" time="0.014" />
  <testcase classname="ptolemy.util.test.junit.AutoTests" name="[172] /home/travis/build/icyphy/ptII/ptolemy/actor/lib/test/auto/ExpressionFix3.xml (RunModel)" time="0.01" />
  <testcase classname="ptolemy.util.test.junit.AutoTests" name="[173] /home/travis/build/icyphy/ptII/ptolemy/actor/lib/test/auto/FileWriter1.xml (RunModel)" time="0.008" />
  <testcase classname="ptolemy.util.test.junit.AutoTests" name="[174] /home/travis/build/icyphy/ptII/ptolemy/actor/lib/test/auto/FileWriter2.xml (RunModel)" time="0.013" />
  <testcase classname="ptolemy.util.test.junit.AutoTests" name="[175] /home/travis/build/icyphy/ptII/ptolemy/actor/lib/test/auto/FileWriter3.xml (RunModel)" time="0.019" />
  <testcase classname="ptolemy.util.test.junit.AutoTests" name="[176] /home/travis/build/icyphy/ptII/ptolemy/actor/lib/test/auto/Gaussian.xml (RunModel)" time="0.011" />
  <testcase classname="ptolemy.util.test.junit.AutoTests" name="[177] /home/travis/build/icyphy/ptII/ptolemy/actor/lib/test/auto/Gaussian1.xml (RunModel)" time="0.018" />
  <testcase classname="ptolemy.util.test.junit.AutoTests" name="[178] /home/travis/build/icyphy/ptII/ptolemy/actor/lib/test/auto/Gaussian2.xml (RunModel)" time="0.015" />
  <testcase classname="ptolemy.util.test.junit.AutoTests" name="[179] /home/travis/build/icyphy/ptII/ptolemy/actor/lib/test/auto/GradientAdaptiveLattice.xml (RunModel)" time="0.013" />
  <testcase classname="ptolemy.util.test.junit.AutoTests" name="[180] /home/travis/build/icyphy/ptII/ptolemy/actor/lib/test/auto/IIR.xml (RunModel)" time="0.009" />
  <testcase classname="ptolemy.util.test.junit.AutoTests" name="[181] /home/travis/build/icyphy/ptII/ptolemy/actor/lib/test/auto/InputOutputTransparentPorts.xml (RunModel)" time="0.015" />
  <testcase classname="ptolemy.util.test.junit.AutoTests" name="[182] /home/travis/build/icyphy/ptII/ptolemy/actor/lib/test/auto/Interpolator.xml (RunModel)" time="0.009" />
  <testcase classname="ptolemy.util.test.junit.AutoTests" name="[183] /home/travis/build/icyphy/ptII/ptolemy/actor/lib/test/auto/InterpolatorFiringLimitDE.xml (RunModel)" time="0.012" />
  <testcase classname="ptolemy.util.test.junit.AutoTests" name="[184] /home/travis/build/icyphy/ptII/ptolemy/actor/lib/test/auto/Lattice.xml (RunModel)" time="0.01" />
  <testcase classname="ptolemy.util.test.junit.AutoTests" name="[185] /home/travis/build/icyphy/ptII/ptolemy/actor/lib/test/auto/LazyAOCTestLazy.xml (RunModel)" time="0.035" />
  <testcase classname="ptolemy.util.test.junit.AutoTests" name="[186] /home/travis/build/icyphy/ptII/ptolemy/actor/lib/test/auto/LazyAOCTestNonLazy.xml (RunModel)" time="0.04" />
  <testcase classname="ptolemy.util.test.junit.AutoTests" name="[187] /home/travis/build/icyphy/ptII/ptolemy/actor/lib/test/auto/LazyInnerClass.xml (RunModel)" time="0.054" />
  <testcase classname="ptolemy.util.test.junit.AutoTests" name="[188] /home/travis/build/icyphy/ptII/ptolemy/actor/lib/test/auto/LazyPubSub.xml (RunModel)" time="0.057" />
  <testcase classname="ptolemy.util.test.junit.AutoTests" name="[189] /home/travis/build/icyphy/ptII/ptolemy/actor/lib/test/auto/LazyPubSub2.xml (RunModel)" time="0.031" />
  <testcase classname="ptolemy.util.test.junit.AutoTests" name="[190] /home/travis/build/icyphy/ptII/ptolemy/actor/lib/test/auto/LazyPubSub3.xml (RunModel)" time="0.041" />
  <testcase classname="ptolemy.util.test.junit.AutoTests" name="[191] /home/travis/build/icyphy/ptII/ptolemy/actor/lib/test/auto/LazySubClassModel.xml (RunModel)" time="0.02" />
  <testcase classname="ptolemy.util.test.junit.AutoTests" name="[192] /home/travis/build/icyphy/ptII/ptolemy/actor/lib/test/auto/LevelCrossTest1.xml (RunModel)" time="0.009" />
  <testcase classname="ptolemy.util.test.junit.AutoTests" name="[193] /home/travis/build/icyphy/ptII/ptolemy/actor/lib/test/auto/LevelCrossTest10.xml (RunModel)" time="0.013" />
  <testcase classname="ptolemy.util.test.junit.AutoTests" name="[194] /home/travis/build/icyphy/ptII/ptolemy/actor/lib/test/auto/LevelCrossTest11.xml (RunModel)" time="0.016" />
  <testcase classname="ptolemy.util.test.junit.AutoTests" name="[195] /home/travis/build/icyphy/ptII/ptolemy/actor/lib/test/auto/LevelCrossTest12.xml (RunModel)" time="0.016" />
  <testcase classname="ptolemy.util.test.junit.AutoTests" name="[196] /home/travis/build/icyphy/ptII/ptolemy/actor/lib/test/auto/LevelCrossTest13.xml (RunModel)" time="0.014" />
  <testcase classname="ptolemy.util.test.junit.AutoTests" name="[197] /home/travis/build/icyphy/ptII/ptolemy/actor/lib/test/auto/LevelCrossTest2.xml (RunModel)" time="0.021" />
  <testcase classname="ptolemy.util.test.junit.AutoTests" name="[198] /home/travis/build/icyphy/ptII/ptolemy/actor/lib/test/auto/LevelCrossTest3.xml (RunModel)" time="0.016" />
  <testcase classname="ptolemy.util.test.junit.AutoTests" name="[199] /home/travis/build/icyphy/ptII/ptolemy/actor/lib/test/auto/LevelCrossTest4.xml (RunModel)" time="0.01" />
  <testcase classname="ptolemy.util.test.junit.AutoTests" name="[200] /home/travis/build/icyphy/ptII/ptolemy/actor/lib/test/auto/LevelCrossTest5.xml (RunModel)" time="0.015" />
  <testcase classname="ptolemy.util.test.junit.AutoTests" name="[201] /home/travis/build/icyphy/ptII/ptolemy/actor/lib/test/auto/LevelCrossTest6.xml (RunModel)" time="0.016" />
  <testcase classname="ptolemy.util.test.junit.AutoTests" name="[202] /home/travis/build/icyphy/ptII/ptolemy/actor/lib/test/auto/LevelCrossTest7.xml (RunModel)" time="0.014" />
  <testcase classname="ptolemy.util.test.junit.AutoTests" name="[203] /home/travis/build/icyphy/ptII/ptolemy/actor/lib/test/auto/LevelCrossTest8.xml (RunModel)" time="0.012" />
  <testcase classname="ptolemy.util.test.junit.AutoTests" name="[204] /home/travis/build/icyphy/ptII/ptolemy/actor/lib/test/auto/LevelCrossTest9.xml (RunModel)" time="0.011" />
  <testcase classname="ptolemy.util.test.junit.AutoTests" name="[205] /home/travis/build/icyphy/ptII/ptolemy/actor/lib/test/auto/LevinsonDurbin.xml (RunModel)" time="0.011" />
  <testcase classname="ptolemy.util.test.junit.AutoTests" name="[206] /home/travis/build/icyphy/ptII/ptolemy/actor/lib/test/auto/LevinsonDurbin2.xml (RunModel)" time="0.006" />
  <testcase classname="ptolemy.util.test.junit.AutoTests" name="[207] /home/travis/build/icyphy/ptII/ptolemy/actor/lib/test/auto/LevinsonDurbin3.xml (RunModel)" time="0.009" />
  <testcase classname="ptolemy.util.test.junit.AutoTests" name="[208] /home/travis/build/icyphy/ptII/ptolemy/actor/lib/test/auto/Limiter.xml (RunModel)" time="0.039" />
  <testcase classname="ptolemy.util.test.junit.AutoTests" name="[209] /home/travis/build/icyphy/ptII/ptolemy/actor/lib/test/auto/LinearDifferenceEquationSystem.xml (RunModel)" time="0.021" />
  <testcase classname="ptolemy.util.test.junit.AutoTests" name="[210] /home/travis/build/icyphy/ptII/ptolemy/actor/lib/test/auto/LookupTable.xml (RunModel)" time="0.011" />
  <testcase classname="ptolemy.util.test.junit.AutoTests" name="[211] /home/travis/build/icyphy/ptII/ptolemy/actor/lib/test/auto/MathFunction.xml (RunModel)" time="0.018" />
  <testcase classname="ptolemy.util.test.junit.AutoTests" name="[212] /home/travis/build/icyphy/ptII/ptolemy/actor/lib/test/auto/MathFunction2.xml (RunModel)" time="0.012" />
  <testcase classname="ptolemy.util.test.junit.AutoTests" name="[213] /home/travis/build/icyphy/ptII/ptolemy/actor/lib/test/auto/MathFunction3.xml (RunModel)" time="0.016" />
  <testcase classname="ptolemy.util.test.junit.AutoTests" name="[214] /home/travis/build/icyphy/ptII/ptolemy/actor/lib/test/auto/MatrixCropBoolean.xml (RunModel)" time="0.01" />
  <testcase classname="ptolemy.util.test.junit.AutoTests" name="[215] /home/travis/build/icyphy/ptII/ptolemy/actor/lib/test/auto/MatrixCropComplex.xml (RunModel)" time="0.007" />
  <testcase classname="ptolemy.util.test.junit.AutoTests" name="[216] /home/travis/build/icyphy/ptII/ptolemy/actor/lib/test/auto/MatrixCropDouble.xml (RunModel)" time="0.008" />
  <testcase classname="ptolemy.util.test.junit.AutoTests" name="[217] /home/travis/build/icyphy/ptII/ptolemy/actor/lib/test/auto/MatrixCropFix.xml (RunModel)" time="0.012" />
  <testcase classname="ptolemy.util.test.junit.AutoTests" name="[218] /home/travis/build/icyphy/ptII/ptolemy/actor/lib/test/auto/MatrixCropInt.xml (RunModel)" time="0.015" />
  <testcase classname="ptolemy.util.test.junit.AutoTests" name="[219] /home/travis/build/icyphy/ptII/ptolemy/actor/lib/test/auto/MatrixCropLong.xml (RunModel)" time="0.007" />
  <testcase classname="ptolemy.util.test.junit.AutoTests" name="[220] /home/travis/build/icyphy/ptII/ptolemy/actor/lib/test/auto/MatrixToArray.xml (RunModel)" time="0.035" />
  <testcase classname="ptolemy.util.test.junit.AutoTests" name="[221] /home/travis/build/icyphy/ptII/ptolemy/actor/lib/test/auto/MaxIndex.xml (RunModel)" time="0.011" />
  <testcase classname="ptolemy.util.test.junit.AutoTests" name="[222] /home/travis/build/icyphy/ptII/ptolemy/actor/lib/test/auto/Maximum.xml (RunModel)" time="0.013" />
  <testcase classname="ptolemy.util.test.junit.AutoTests" name="[223] /home/travis/build/icyphy/ptII/ptolemy/actor/lib/test/auto/MaximumComplex.xml (RunModel)" time="0.013" />
  <testcase classname="ptolemy.util.test.junit.AutoTests" name="[224] /home/travis/build/icyphy/ptII/ptolemy/actor/lib/test/auto/MethodCallTest.xml (RunModel)" time="0.019" />
  <testcase classname="ptolemy.util.test.junit.AutoTests" name="[225] /home/travis/build/icyphy/ptII/ptolemy/actor/lib/test/auto/Minimum.xml (RunModel)" time="0.011" />
  <testcase classname="ptolemy.util.test.junit.AutoTests" name="[226] /home/travis/build/icyphy/ptII/ptolemy/actor/lib/test/auto/MinimumComplex.xml (RunModel)" time="0.02" />
  <testcase classname="ptolemy.util.test.junit.AutoTests" name="[227] /home/travis/build/icyphy/ptII/ptolemy/actor/lib/test/auto/MinimumMultiports.xml (RunModel)" time="0.013" />
  <testcase classname="ptolemy.util.test.junit.AutoTests" name="[228] /home/travis/build/icyphy/ptII/ptolemy/actor/lib/test/auto/ModifyDate.xml (RunModel)" time="0.037" />
  <testcase classname="ptolemy.util.test.junit.AutoTests" name="[229] /home/travis/build/icyphy/ptII/ptolemy/actor/lib/test/auto/ModifyDate2.xml (RunModel)" time="0.021" />
  <testcase classname="ptolemy.util.test.junit.AutoTests" name="[230] /home/travis/build/icyphy/ptII/ptolemy/actor/lib/test/auto/MovingAverage.xml (RunModel)" time="0.009" />
  <testcase classname="ptolemy.util.test.junit.AutoTests" name="[231] /home/travis/build/icyphy/ptII/ptolemy/actor/lib/test/auto/MovingMaximum.xml (RunModel)" time="0.01" />
  <testcase classname="ptolemy.util.test.junit.AutoTests" name="[232] /home/travis/build/icyphy/ptII/ptolemy/actor/lib/test/auto/MultipleLinksToSameRelation.xml (RunModel)" time="0.006" />
  <testcase classname="ptolemy.util.test.junit.AutoTests" name="[233] /home/travis/build/icyphy/ptII/ptolemy/actor/lib/test/auto/MultipleLinksToSameRelationDE.xml (RunModel)" time="0.017" />
  <testcase classname="ptolemy.util.test.junit.AutoTests" name="[234] /home/travis/build/icyphy/ptII/ptolemy/actor/lib/test/auto/Multiplexor.xml (RunModel)" time="0.01" />
  <testcase classname="ptolemy.util.test.junit.AutoTests" name="[235] /home/travis/build/icyphy/ptII/ptolemy/actor/lib/test/auto/Multiplexor1.xml (RunModel)" time="0.01" />
  <testcase classname="ptolemy.util.test.junit.AutoTests" name="[236] /home/travis/build/icyphy/ptII/ptolemy/actor/lib/test/auto/Multiplexor2.xml (RunModel)" time="0.011" />
  <testcase classname="ptolemy.util.test.junit.AutoTests" name="[237] /home/travis/build/icyphy/ptII/ptolemy/actor/lib/test/auto/Multiplexor3.xml (RunModel)" time="0.008" />
  <testcase classname="ptolemy.util.test.junit.AutoTests" name="[238] /home/travis/build/icyphy/ptII/ptolemy/actor/lib/test/auto/MultiplexorDE.xml (RunModel)" time="0.015" />
  <testcase classname="ptolemy.util.test.junit.AutoTests" name="[239] /home/travis/build/icyphy/ptII/ptolemy/actor/lib/test/auto/MultiportBroadcastTest.xml (RunModel)" time="0.087" />
  <testcase classname="ptolemy.util.test.junit.AutoTests" name="[240] /home/travis/build/icyphy/ptII/ptolemy/actor/lib/test/auto/MultiportOutHangDuringGetWidth.xml (RunModel)" time="0.037" />
  <testcase classname="ptolemy.util.test.junit.AutoTests" name="[241] /home/travis/build/icyphy/ptII/ptolemy/actor/lib/test/auto/NilToken.xml (RunModel)" time="0.005" />
  <testcase classname="ptolemy.util.test.junit.AutoTests" name="[242] /home/travis/build/icyphy/ptII/ptolemy/actor/lib/test/auto/NilTokenNonStrictTest.xml (RunModel)" time="0.009" />
  <testcase classname="ptolemy.util.test.junit.AutoTests" name="[243] /home/travis/build/icyphy/ptII/ptolemy/actor/lib/test/auto/NilTokenRecord.xml (RunModel)" time="0.016" />
  <testcase classname="ptolemy.util.test.junit.AutoTests" name="[244] /home/travis/build/icyphy/ptII/ptolemy/actor/lib/test/auto/NilTokenTypeTest.xml (RunModel)" time="0.019" />
  <testcase classname="ptolemy.util.test.junit.AutoTests" name="[245] /home/travis/build/icyphy/ptII/ptolemy/actor/lib/test/auto/ObjectToken1.xml (RunModel)" time="0.006" />
  <testcase classname="ptolemy.util.test.junit.AutoTests" name="[246] /home/travis/build/icyphy/ptII/ptolemy/actor/lib/test/auto/OrderedMerge.xml (RunModel)" time="0.02" />
  <testcase classname="ptolemy.util.test.junit.AutoTests" name="[247] /home/travis/build/icyphy/ptII/ptolemy/actor/lib/test/auto/OrderedRecordDisassembler.xml (RunModel)" time="0.017" />
  <testcase classname="ptolemy.util.test.junit.AutoTests" name="[248] /home/travis/build/icyphy/ptII/ptolemy/actor/lib/test/auto/OrderedRecordDisassembler2.xml (RunModel)" time="0.015" />
  <testcase classname="ptolemy.util.test.junit.AutoTests" name="[249] /home/travis/build/icyphy/ptII/ptolemy/actor/lib/test/auto/OrderedRecordUpdater.xml (RunModel)" time="0.009" />
  <testcase classname="ptolemy.util.test.junit.AutoTests" name="[250] /home/travis/build/icyphy/ptII/ptolemy/actor/lib/test/auto/OrderedRecordUpdater2.xml (RunModel)" time="0.017" />
  <testcase classname="ptolemy.util.test.junit.AutoTests" name="[251] /home/travis/build/icyphy/ptII/ptolemy/actor/lib/test/auto/PhaseUnwrap.xml (RunModel)" time="0.01" />
  <testcase classname="ptolemy.util.test.junit.AutoTests" name="[252] /home/travis/build/icyphy/ptII/ptolemy/actor/lib/test/auto/PoissonClock.xml (RunModel)" time="0.009" />
  <testcase classname="ptolemy.util.test.junit.AutoTests" name="[253] /home/travis/build/icyphy/ptII/ptolemy/actor/lib/test/auto/PoissonClock2.xml (RunModel)" time="0.005" />
  <testcase classname="ptolemy.util.test.junit.AutoTests" name="[254] /home/travis/build/icyphy/ptII/ptolemy/actor/lib/test/auto/PoissonClock3.xml (RunModel)" time="0.02" />
  <testcase classname="ptolemy.util.test.junit.AutoTests" name="[255] /home/travis/build/icyphy/ptII/ptolemy/actor/lib/test/auto/PubSubWithInitialTokens.xml (RunModel)" time="0.011" />
  <testcase classname="ptolemy.util.test.junit.AutoTests" name="[256] /home/travis/build/icyphy/ptII/ptolemy/actor/lib/test/auto/PubSubWithInitialTokens2.xml (RunModel)" time="0.013" />
  <testcase classname="ptolemy.util.test.junit.AutoTests" name="[257] /home/travis/build/icyphy/ptII/ptolemy/actor/lib/test/auto/PublisherClassNoParameter.xml (RunModel)" time="0.019" />
  <testcase classname="ptolemy.util.test.junit.AutoTests" name="[258] /home/travis/build/icyphy/ptII/ptolemy/actor/lib/test/auto/PublisherClassParameter.xml (RunModel)" time="0.018" />
  <testcase classname="ptolemy.util.test.junit.AutoTests" name="[259] /home/travis/build/icyphy/ptII/ptolemy/actor/lib/test/auto/PublisherNonStrictTest.xml (RunModel)" time="0.012" />
  <testcase classname="ptolemy.util.test.junit.AutoTests" name="[260] /home/travis/build/icyphy/ptII/ptolemy/actor/lib/test/auto/PublisherPort1.xml (RunModel)" time="0.029" />
  <testcase classname="ptolemy.util.test.junit.AutoTests" name="[261] /home/travis/build/icyphy/ptII/ptolemy/actor/lib/test/auto/PublisherPort2.xml (RunModel)" time="0.006" />
  <testcase classname="ptolemy.util.test.junit.AutoTests" name="[262] /home/travis/build/icyphy/ptII/ptolemy/actor/lib/test/auto/PublisherPort3.xml (RunModel)" time="0.009" />
  <testcase classname="ptolemy.util.test.junit.AutoTests" name="[263] /home/travis/build/icyphy/ptII/ptolemy/actor/lib/test/auto/PublisherPort4.xml (RunModel)" time="0.01" />
  <testcase classname="ptolemy.util.test.junit.AutoTests" name="[264] /home/travis/build/icyphy/ptII/ptolemy/actor/lib/test/auto/PublisherPort5.xml (RunModel)" time="0.011" />
  <testcase classname="ptolemy.util.test.junit.AutoTests" name="[265] /home/travis/build/icyphy/ptII/ptolemy/actor/lib/test/auto/PublisherPort5LookAlike.xml (RunModel)" time="0.016" />
  <testcase classname="ptolemy.util.test.junit.AutoTests" name="[266] /home/travis/build/icyphy/ptII/ptolemy/actor/lib/test/auto/PublisherPort6.xml (RunModel)" time="0.009" />
  <testcase classname="ptolemy.util.test.junit.AutoTests" name="[267] /home/travis/build/icyphy/ptII/ptolemy/actor/lib/test/auto/PublisherPort7.xml (RunModel)" time="0.013" />
  <testcase classname="ptolemy.util.test.junit.AutoTests" name="[268] /home/travis/build/icyphy/ptII/ptolemy/actor/lib/test/auto/PublisherPort8.xml (RunModel)" time="0.013" />
  <testcase classname="ptolemy.util.test.junit.AutoTests" name="[269] /home/travis/build/icyphy/ptII/ptolemy/actor/lib/test/auto/PublisherPortSubscriberChannelVariablesAOC2.xml (RunModel)" time="0.034" />
  <testcase classname="ptolemy.util.test.junit.AutoTests" name="[270] /home/travis/build/icyphy/ptII/ptolemy/actor/lib/test/auto/PublisherPortSubscriberOpaqueWidthInference.xml (RunModel)" time="0.015" />
  <testcase classname="ptolemy.util.test.junit.AutoTests" name="[271] /home/travis/build/icyphy/ptII/ptolemy/actor/lib/test/auto/PublisherPortSubscriberPortAdjacent.xml (RunModel)" time="0.015" />
  <testcase classname="ptolemy.util.test.junit.AutoTests" name="[272] /home/travis/build/icyphy/ptII/ptolemy/actor/lib/test/auto/PublisherPortSubscriberPortExpression.xml (RunModel)" time="0.015" />
  <testcase classname="ptolemy.util.test.junit.AutoTests" name="[273] /home/travis/build/icyphy/ptII/ptolemy/actor/lib/test/auto/PublisherPortSubscriberPortOpaqueD3Reverse.xml (RunModel)" time="0.03" />
  <testcase classname="ptolemy.util.test.junit.AutoTests" name="[274] /home/travis/build/icyphy/ptII/ptolemy/actor/lib/test/auto/PublisherPortSubscriberPortOpaqueWidthInference.xml (RunModel)" time="0.016" />
  <testcase classname="ptolemy.util.test.junit.AutoTests" name="[275] /home/travis/build/icyphy/ptII/ptolemy/actor/lib/test/auto/PublisherPortToplevelSubscriberPortAOC.xml (RunModel)" time="0.009" />
  <testcase classname="ptolemy.util.test.junit.AutoTests" name="[276] /home/travis/build/icyphy/ptII/ptolemy/actor/lib/test/auto/PublisherSubscriber.xml (RunModel)" time="0.009" />
  <testcase classname="ptolemy.util.test.junit.AutoTests" name="[277] /home/travis/build/icyphy/ptII/ptolemy/actor/lib/test/auto/PublisherSubscriber10.xml (RunModel)" time="0.015" />
  <testcase classname="ptolemy.util.test.junit.AutoTests" name="[278] /home/travis/build/icyphy/ptII/ptolemy/actor/lib/test/auto/PublisherSubscriber10InitialOutputs.xml (RunModel)" time="0.022" />
  <testcase classname="ptolemy.util.test.junit.AutoTests" name="[279] /home/travis/build/icyphy/ptII/ptolemy/actor/lib/test/auto/PublisherSubscriber11.xml (RunModel)" time="0.011" />
  <testcase classname="ptolemy.util.test.junit.AutoTests" name="[280] /home/travis/build/icyphy/ptII/ptolemy/actor/lib/test/auto/PublisherSubscriber12.xml (RunModel)" time="0.012" />
  <testcase classname="ptolemy.util.test.junit.AutoTests" name="[281] /home/travis/build/icyphy/ptII/ptolemy/actor/lib/test/auto/PublisherSubscriber13.xml (RunModel)" time="0.007" />
  <testcase classname="ptolemy.util.test.junit.AutoTests" name="[282] /home/travis/build/icyphy/ptII/ptolemy/actor/lib/test/auto/PublisherSubscriber14.xml (RunModel)" time="0.016" />
  <testcase classname="ptolemy.util.test.junit.AutoTests" name="[283] /home/travis/build/icyphy/ptII/ptolemy/actor/lib/test/auto/PublisherSubscriber2.xml (RunModel)" time="0.008" />
  <testcase classname="ptolemy.util.test.junit.AutoTests" name="[284] /home/travis/build/icyphy/ptII/ptolemy/actor/lib/test/auto/PublisherSubscriber3.xml (RunModel)" time="0.007" />
  <testcase classname="ptolemy.util.test.junit.AutoTests" name="[285] /home/travis/build/icyphy/ptII/ptolemy/actor/lib/test/auto/PublisherSubscriber4.xml (RunModel)" time="0.006" />
  <testcase classname="ptolemy.util.test.junit.AutoTests" name="[286] /home/travis/build/icyphy/ptII/ptolemy/actor/lib/test/auto/PublisherSubscriber5.xml (RunModel)" time="0.009" />
  <testcase classname="ptolemy.util.test.junit.AutoTests" name="[287] /home/travis/build/icyphy/ptII/ptolemy/actor/lib/test/auto/PublisherSubscriber6.xml (RunModel)" time="0.011" />
  <testcase classname="ptolemy.util.test.junit.AutoTests" name="[288] /home/travis/build/icyphy/ptII/ptolemy/actor/lib/test/auto/PublisherSubscriber7.xml (RunModel)" time="0.019" />
  <testcase classname="ptolemy.util.test.junit.AutoTests" name="[289] /home/travis/build/icyphy/ptII/ptolemy/actor/lib/test/auto/PublisherSubscriber8.xml (RunModel)" time="0.022" />
  <testcase classname="ptolemy.util.test.junit.AutoTests" name="[290] /home/travis/build/icyphy/ptII/ptolemy/actor/lib/test/auto/PublisherSubscriber9.xml (RunModel)" time="0.012" />
  <testcase classname="ptolemy.util.test.junit.AutoTests" name="[291] /home/travis/build/icyphy/ptII/ptolemy/actor/lib/test/auto/PublisherSubscriberAdjacent.xml (RunModel)" time="0.013" />
  <testcase classname="ptolemy.util.test.junit.AutoTests" name="[292] /home/travis/build/icyphy/ptII/ptolemy/actor/lib/test/auto/PublisherSubscriberChannelVariablesAOC2.xml (RunModel)" time="0.031" />
  <testcase classname="ptolemy.util.test.junit.AutoTests" name="[293] /home/travis/build/icyphy/ptII/ptolemy/actor/lib/test/auto/PublisherSubscriberD3.xml (RunModel)" time="0.011" />
  <testcase classname="ptolemy.util.test.junit.AutoTests" name="[294] /home/travis/build/icyphy/ptII/ptolemy/actor/lib/test/auto/PublisherSubscriberD3Reverse.xml (RunModel)" time="0.01" />
  <testcase classname="ptolemy.util.test.junit.AutoTests" name="[295] /home/travis/build/icyphy/ptII/ptolemy/actor/lib/test/auto/PublisherSubscriberExpression.xml (RunModel)" time="0.028" />
  <testcase classname="ptolemy.util.test.junit.AutoTests" name="[296] /home/travis/build/icyphy/ptII/ptolemy/actor/lib/test/auto/PublisherSubscriberOpaque.xml (RunModel)" time="0.012" />
  <testcase classname="ptolemy.util.test.junit.AutoTests" name="[297] /home/travis/build/icyphy/ptII/ptolemy/actor/lib/test/auto/PublisherSubscriberOpaqueD3.xml (RunModel)" time="0.017" />
  <testcase classname="ptolemy.util.test.junit.AutoTests" name="[298] /home/travis/build/icyphy/ptII/ptolemy/actor/lib/test/auto/PublisherSubscriberOpaqueD3Reverse.xml (RunModel)" time="0.018" />
  <testcase classname="ptolemy.util.test.junit.AutoTests" name="[299] /home/travis/build/icyphy/ptII/ptolemy/actor/lib/test/auto/PublisherSubscriberOpaqueWidthInference.xml (RunModel)" time="0.013" />
  <testcase classname="ptolemy.util.test.junit.AutoTests" name="[300] /home/travis/build/icyphy/ptII/ptolemy/actor/lib/test/auto/PublisherTestSubscriber.xml (RunModel)" time="0.012" />
  <testcase classname="ptolemy.util.test.junit.AutoTests" name="[301] /home/travis/build/icyphy/ptII/ptolemy/actor/lib/test/auto/PublisherToplevelSubscriberPortAOC.xml (RunModel)" time="0.009" />
  <testcase classname="ptolemy.util.test.junit.AutoTests" name="[302] /home/travis/build/icyphy/ptII/ptolemy/actor/lib/test/auto/PulseFiringLimitDE.xml (RunModel)" time="0.012" />
  <testcase classname="ptolemy.util.test.junit.AutoTests" name="[303] /home/travis/build/icyphy/ptII/ptolemy/actor/lib/test/auto/Ramp1.xml (RunModel)" time="0.005" />
  <testcase classname="ptolemy.util.test.junit.AutoTests" name="[304] /home/travis/build/icyphy/ptII/ptolemy/actor/lib/test/auto/RampFiringLimitDE.xml (RunModel)" time="0.008" />
  <testcase classname="ptolemy.util.test.junit.AutoTests" name="[305] /home/travis/build/icyphy/ptII/ptolemy/actor/lib/test/auto/RampFiringLimitSDF.xml (RunModel)" time="0.007" />
  <testcase classname="ptolemy.util.test.junit.AutoTests" name="[306] /home/travis/build/icyphy/ptII/ptolemy/actor/lib/test/auto/RandomInteger.xml (RunModel)" time="0.006" />
  <testcase classname="ptolemy.util.test.junit.AutoTests" name="[307] /home/travis/build/icyphy/ptII/ptolemy/actor/lib/test/auto/ReadFile1.xml (RunModel)" time="0.009" />
  <testcase classname="ptolemy.util.test.junit.AutoTests" name="[308] /home/travis/build/icyphy/ptII/ptolemy/actor/lib/test/auto/ReadFile2.xml (RunModel)" time="0.005" />
  <testcase classname="ptolemy.util.test.junit.AutoTests" name="[309] /home/travis/build/icyphy/ptII/ptolemy/actor/lib/test/auto/Reader.xml (RunModel)" time="0.009" />
  <testcase classname="ptolemy.util.test.junit.AutoTests" name="[310] /home/travis/build/icyphy/ptII/ptolemy/actor/lib/test/auto/RecordAssemblerDisplayNameTest.xml (RunModel)" time="3.681" />
  <testcase classname="ptolemy.util.test.junit.AutoTests" name="[311] /home/travis/build/icyphy/ptII/ptolemy/actor/lib/test/auto/RecordAssemblerTypeError.xml (RunModel)" time="0.059" />
  <testcase classname="ptolemy.util.test.junit.AutoTests" name="[312] /home/travis/build/icyphy/ptII/ptolemy/actor/lib/test/auto/RecordDisassember.xml (RunModel)" time="0.016" />
  <testcase classname="ptolemy.util.test.junit.AutoTests" name="[313] /home/travis/build/icyphy/ptII/ptolemy/actor/lib/test/auto/RecordDisassemberDisplayNameTest.xml (RunModel)" time="0.023" />
  <testcase classname="ptolemy.util.test.junit.AutoTests" name="[314] /home/travis/build/icyphy/ptII/ptolemy/actor/lib/test/auto/RecordDisassembler.xml (RunModel)" time="0.008" />
  <testcase classname="ptolemy.util.test.junit.AutoTests" name="[315] /home/travis/build/icyphy/ptII/ptolemy/actor/lib/test/auto/RecordDisassembler2.xml (RunModel)" time="0.01" />
  <testcase classname="ptolemy.util.test.junit.AutoTests" name="[316] /home/travis/build/icyphy/ptII/ptolemy/actor/lib/test/auto/RecordUpdater.xml (RunModel)" time="0.008" />
  <testcase classname="ptolemy.util.test.junit.AutoTests" name="[317] /home/travis/build/icyphy/ptII/ptolemy/actor/lib/test/auto/RecordUpdater2.xml (RunModel)" time="0.007" />
  <testcase classname="ptolemy.util.test.junit.AutoTests" name="[318] /home/travis/build/icyphy/ptII/ptolemy/actor/lib/test/auto/RecursiveLattice.xml (RunModel)" time="0.018" />
  <testcase classname="ptolemy.util.test.junit.AutoTests" name="[319] /home/travis/build/icyphy/ptII/ptolemy/actor/lib/test/auto/Router.xml (RunModel)" time="3.021" />
  <testcase classname="ptolemy.util.test.junit.AutoTests" name="[320] /home/travis/build/icyphy/ptII/ptolemy/actor/lib/test/auto/Router2.xml (RunModel)" time="3.024" />
  <testcase classname="ptolemy.util.test.junit.AutoTests" name="[321] /home/travis/build/icyphy/ptII/ptolemy/actor/lib/test/auto/RunningMaximum.xml (RunModel)" time="0.014" />
  <testcase classname="ptolemy.util.test.junit.AutoTests" name="[322] /home/travis/build/icyphy/ptII/ptolemy/actor/lib/test/auto/RunningMinimum.xml (RunModel)" time="0.016" />
  <testcase classname="ptolemy.util.test.junit.AutoTests" name="[323] /home/travis/build/icyphy/ptII/ptolemy/actor/lib/test/auto/Scale.xml (RunModel)" time="0.005" />
  <testcase classname="ptolemy.util.test.junit.AutoTests" name="[324] /home/travis/build/icyphy/ptII/ptolemy/actor/lib/test/auto/Scale2.xml (RunModel)" time="0.008" />
  <testcase classname="ptolemy.util.test.junit.AutoTests" name="[325] /home/travis/build/icyphy/ptII/ptolemy/actor/lib/test/auto/Scale3.xml (RunModel)" time="0.015" />
  <testcase classname="ptolemy.util.test.junit.AutoTests" name="[326] /home/travis/build/icyphy/ptII/ptolemy/actor/lib/test/auto/ScaleArray.xml (RunModel)" time="0.009" />
  <testcase classname="ptolemy.util.test.junit.AutoTests" name="[327] /home/travis/build/icyphy/ptII/ptolemy/actor/lib/test/auto/ScaleArray2.xml (RunModel)" time="0.005" />
  <testcase classname="ptolemy.util.test.junit.AutoTests" name="[328] /home/travis/build/icyphy/ptII/ptolemy/actor/lib/test/auto/ScaleMatrix.xml (RunModel)" time="0.157" />
  <testcase classname="ptolemy.util.test.junit.AutoTests" name="[329] /home/travis/build/icyphy/ptII/ptolemy/actor/lib/test/auto/Select.xml (RunModel)" time="0.015" />
  <testcase classname="ptolemy.util.test.junit.AutoTests" name="[330] /home/travis/build/icyphy/ptII/ptolemy/actor/lib/test/auto/Select2.xml (RunModel)" time="0.008" />
  <testcase classname="ptolemy.util.test.junit.AutoTests" name="[331] /home/travis/build/icyphy/ptII/ptolemy/actor/lib/test/auto/SequenceToArray2.xml (RunModel)" time="0.131" />
  <testcase classname="ptolemy.util.test.junit.AutoTests" name="[332] /home/travis/build/icyphy/ptII/ptolemy/actor/lib/test/auto/SequentialClock.xml (RunModel)" time="0.012" />
  <testcase classname="ptolemy.util.test.junit.AutoTests" name="[333] /home/travis/build/icyphy/ptII/ptolemy/actor/lib/test/auto/SetVariable.xml (RunModel)" time="0.007" />
  <testcase classname="ptolemy.util.test.junit.AutoTests" name="[334] /home/travis/build/icyphy/ptII/ptolemy/actor/lib/test/auto/SetVariable2.xml (RunModel)" time="0.009" />
  <testcase classname="ptolemy.util.test.junit.AutoTests" name="[335] /home/travis/build/icyphy/ptII/ptolemy/actor/lib/test/auto/SetVariable3.xml (RunModel)" time="0.014" />
  <testcase classname="ptolemy.util.test.junit.AutoTests" name="[336] /home/travis/build/icyphy/ptII/ptolemy/actor/lib/test/auto/SetVariable4.xml (RunModel)" time="0.022" />
  <testcase classname="ptolemy.util.test.junit.AutoTests" name="[337] /home/travis/build/icyphy/ptII/ptolemy/actor/lib/test/auto/SetVariable5.xml (RunModel)" time="0.032" />
  <testcase classname="ptolemy.util.test.junit.AutoTests" name="[338] /home/travis/build/icyphy/ptII/ptolemy/actor/lib/test/auto/Sinewave.xml (RunModel)" time="0.027" />
  <testcase classname="ptolemy.util.test.junit.AutoTests" name="[339] /home/travis/build/icyphy/ptII/ptolemy/actor/lib/test/auto/Sinewave2.xml (RunModel)" time="0.014" />
  <testcase classname="ptolemy.util.test.junit.AutoTests" name="[340] /home/travis/build/icyphy/ptII/ptolemy/actor/lib/test/auto/Sinewave3.xml (RunModel)" time="0.013" />
  <testcase classname="ptolemy.util.test.junit.AutoTests" name="[341] /home/travis/build/icyphy/ptII/ptolemy/actor/lib/test/auto/SingleEvent.xml (RunModel)" time="0.005" />
  <testcase classname="ptolemy.util.test.junit.AutoTests" name="[342] /home/travis/build/icyphy/ptII/ptolemy/actor/lib/test/auto/Sleep.xml (RunModel)" time="6.011" />
  <testcase classname="ptolemy.util.test.junit.AutoTests" name="[343] /home/travis/build/icyphy/ptII/ptolemy/actor/lib/test/auto/SleepMultipleFire.xml (RunModel)" time="1.013" />
  <testcase classname="ptolemy.util.test.junit.AutoTests" name="[344] /home/travis/build/icyphy/ptII/ptolemy/actor/lib/test/auto/StopDE.xml (RunModel)" time="0.021" />
  <testcase classname="ptolemy.util.test.junit.AutoTests" name="[345] /home/travis/build/icyphy/ptII/ptolemy/actor/lib/test/auto/StopSDF.xml (RunModel)" time="0.009" />
  <testcase classname="ptolemy.util.test.junit.AutoTests" name="[346] /home/travis/build/icyphy/ptII/ptolemy/actor/lib/test/auto/StringConstant.xml (RunModel)" time="0.013" />
  <testcase classname="ptolemy.util.test.junit.AutoTests" name="[347] /home/travis/build/icyphy/ptII/ptolemy/actor/lib/test/auto/SubscriberPortInitialValues1.xml (RunModel)" time="0.016" />
  <testcase classname="ptolemy.util.test.junit.AutoTests" name="[348] /home/travis/build/icyphy/ptII/ptolemy/actor/lib/test/auto/SubscriberPortInitialValues13.xml (RunModel)" time="0.025" />
  <testcase classname="ptolemy.util.test.junit.AutoTests" name="[349] /home/travis/build/icyphy/ptII/ptolemy/actor/lib/test/auto/SubscriberPortInitialValues14.xml (RunModel)" time="0.013" />
  <testcase classname="ptolemy.util.test.junit.AutoTests" name="[350] /home/travis/build/icyphy/ptII/ptolemy/actor/lib/test/auto/SubscriberPortInitialValues2.xml (RunModel)" time="0.013" />
  <testcase classname="ptolemy.util.test.junit.AutoTests" name="[351] /home/travis/build/icyphy/ptII/ptolemy/actor/lib/test/auto/SubscriberPortInitialValues3.xml (RunModel)" time="0.015" />
  <testcase classname="ptolemy.util.test.junit.AutoTests" name="[352] /home/travis/build/icyphy/ptII/ptolemy/actor/lib/test/auto/SubscriptionAggregator.xml (RunModel)" time="0.009" />
  <testcase classname="ptolemy.util.test.junit.AutoTests" name="[353] /home/travis/build/icyphy/ptII/ptolemy/actor/lib/test/auto/SubscriptionAggregator2.xml (RunModel)" time="0.009" />
  <testcase classname="ptolemy.util.test.junit.AutoTests" name="[354] /home/travis/build/icyphy/ptII/ptolemy/actor/lib/test/auto/SubscriptionAggregator3.xml (RunModel)" time="0.021" />
  <testcase classname="ptolemy.util.test.junit.AutoTests" name="[355] /home/travis/build/icyphy/ptII/ptolemy/actor/lib/test/auto/SubscriptionAggregatorMultiply.xml (RunModel)" time="0.023" />
  <testcase classname="ptolemy.util.test.junit.AutoTests" name="[356] /home/travis/build/icyphy/ptII/ptolemy/actor/lib/test/auto/SubscriptionAggregatorPortMultiply1.xml (RunModel)" time="0.014" />
  <testcase classname="ptolemy.util.test.junit.AutoTests" name="[357] /home/travis/build/icyphy/ptII/ptolemy/actor/lib/test/auto/Switch.xml (RunModel)" time="0.023" />
  <testcase classname="ptolemy.util.test.junit.AutoTests" name="[358] /home/travis/build/icyphy/ptII/ptolemy/actor/lib/test/auto/Switch2.xml (RunModel)" time="0.009" />
  <testcase classname="ptolemy.util.test.junit.AutoTests" name="[359] /home/travis/build/icyphy/ptII/ptolemy/actor/lib/test/auto/SwitchDE.xml (RunModel)" time="0.011" />
  <testcase classname="ptolemy.util.test.junit.AutoTests" name="[360] /home/travis/build/icyphy/ptII/ptolemy/actor/lib/test/auto/SynchronizerDE.xml (RunModel)" time="0.018" />
  <testcase classname="ptolemy.util.test.junit.AutoTests" name="[361] /home/travis/build/icyphy/ptII/ptolemy/actor/lib/test/auto/Test.xml (RunModel)" time="0.014" />
  <testcase classname="ptolemy.util.test.junit.AutoTests" name="[362] /home/travis/build/icyphy/ptII/ptolemy/actor/lib/test/auto/TestExceptionAttribute1.xml (RunModel)" time="0.005" />
  <testcase classname="ptolemy.util.test.junit.AutoTests" name="[363] /home/travis/build/icyphy/ptII/ptolemy/actor/lib/test/auto/TestExceptionAttribute2.xml (RunModel)" time="0.005" />
  <testcase classname="ptolemy.util.test.junit.AutoTests" name="[364] /home/travis/build/icyphy/ptII/ptolemy/actor/lib/test/auto/TestExceptionAttribute3.xml (RunModel)" time="0.008" />
  <testcase classname="ptolemy.util.test.junit.AutoTests" name="[365] /home/travis/build/icyphy/ptII/ptolemy/actor/lib/test/auto/TestExceptionAttribute4.xml (RunModel)" time="0.005" />
  <testcase classname="ptolemy.util.test.junit.AutoTests" name="[366] /home/travis/build/icyphy/ptII/ptolemy/actor/lib/test/auto/TestExceptionHandler1.xml (RunModel)" time="0.006" />
  <testcase classname="ptolemy.util.test.junit.AutoTests" name="[367] /home/travis/build/icyphy/ptII/ptolemy/actor/lib/test/auto/TestExceptionHandler2.xml (RunModel)" time="0.006" />
  <testcase classname="ptolemy.util.test.junit.AutoTests" name="[368] /home/travis/build/icyphy/ptII/ptolemy/actor/lib/test/auto/TestExceptionHandler3.xml (RunModel)" time="0.005" />
  <testcase classname="ptolemy.util.test.junit.AutoTests" name="[369] /home/travis/build/icyphy/ptII/ptolemy/actor/lib/test/auto/TestExceptionHandler4.xml (RunModel)" time="0.005" />
  <testcase classname="ptolemy.util.test.junit.AutoTests" name="[370] /home/travis/build/icyphy/ptII/ptolemy/actor/lib/test/auto/TestRequireCorrectOrder.xml (RunModel)" time="0.01" />
  <testcase classname="ptolemy.util.test.junit.AutoTests" name="[371] /home/travis/build/icyphy/ptII/ptolemy/actor/lib/test/auto/TestSimple.xml (RunModel)" time="0.004" />
  <testcase classname="ptolemy.util.test.junit.AutoTests" name="[372] /home/travis/build/icyphy/ptII/ptolemy/actor/lib/test/auto/ThrowModelError.xml (RunModel)" time="0.007" />
  <testcase classname="ptolemy.util.test.junit.AutoTests" name="[373] /home/travis/build/icyphy/ptII/ptolemy/actor/lib/test/auto/TimeDelayMicrosteps.xml (RunModel)" time="0.011" />
  <testcase classname="ptolemy.util.test.junit.AutoTests" name="[374] /home/travis/build/icyphy/ptII/ptolemy/actor/lib/test/auto/TimeDelayMicrosteps2.xml (RunModel)" time="0.013" />
  <testcase classname="ptolemy.util.test.junit.AutoTests" name="[375] /home/travis/build/icyphy/ptII/ptolemy/actor/lib/test/auto/TimeDelayMicrosteps3.xml (RunModel)" time="0.009" />
  <testcase classname="ptolemy.util.test.junit.AutoTests" name="[376] /home/travis/build/icyphy/ptII/ptolemy/actor/lib/test/auto/TimeDelayVariableMicrosteps.xml (RunModel)" time="0.009" />
  <testcase classname="ptolemy.util.test.junit.AutoTests" name="[377] /home/travis/build/icyphy/ptII/ptolemy/actor/lib/test/auto/TimeGap.xml (RunModel)" time="0.012" />
  <testcase classname="ptolemy.util.test.junit.AutoTests" name="[378] /home/travis/build/icyphy/ptII/ptolemy/actor/lib/test/auto/TimeGap2.xml (RunModel)" time="0.014" />
  <testcase classname="ptolemy.util.test.junit.AutoTests" name="[379] /home/travis/build/icyphy/ptII/ptolemy/actor/lib/test/auto/TimedSinewave.xml (RunModel)" time="0.051" />
  <testcase classname="ptolemy.util.test.junit.AutoTests" name="[380] /home/travis/build/icyphy/ptII/ptolemy/actor/lib/test/auto/TimedSinewavePhase.xml (RunModel)" time="0.025" />
  <testcase classname="ptolemy.util.test.junit.AutoTests" name="[381] /home/travis/build/icyphy/ptII/ptolemy/actor/lib/test/auto/Timer.xml (RunModel)" time="0.013" />
  <testcase classname="ptolemy.util.test.junit.AutoTests" name="[382] /home/travis/build/icyphy/ptII/ptolemy/actor/lib/test/auto/TriangularDistTestModel.xml (RunModel)" time="0.014" />
  <testcase classname="ptolemy.util.test.junit.AutoTests" name="[383] /home/travis/build/icyphy/ptII/ptolemy/actor/lib/test/auto/TrigFunction.xml (RunModel)" time="0.007" />
  <testcase classname="ptolemy.util.test.junit.AutoTests" name="[384] /home/travis/build/icyphy/ptII/ptolemy/actor/lib/test/auto/TrigFunctionDE.xml (RunModel)" time="0.008" />
  <testcase classname="ptolemy.util.test.junit.AutoTests" name="[385] /home/travis/build/icyphy/ptII/ptolemy/actor/lib/test/auto/TrigFunctionInverse.xml (RunModel)" time="0.007" />
  <testcase classname="ptolemy.util.test.junit.AutoTests" name="[386] /home/travis/build/icyphy/ptII/ptolemy/actor/lib/test/auto/TrigFunctionTan.xml (RunModel)" time="0.005" />
  <testcase classname="ptolemy.util.test.junit.AutoTests" name="[387] /home/travis/build/icyphy/ptII/ptolemy/actor/lib/test/auto/TriggeredClock.xml (RunModel)" time="0.007" />
  <testcase classname="ptolemy.util.test.junit.AutoTests" name="[388] /home/travis/build/icyphy/ptII/ptolemy/actor/lib/test/auto/URLDirectoryReader.xml (RunModel)" time="0.105" />
  <testcase classname="ptolemy.util.test.junit.AutoTests" name="[389] /home/travis/build/icyphy/ptII/ptolemy/actor/lib/test/auto/URLDirectoryReader3.xml (RunModel)" time="1.759" />
  <testcase classname="ptolemy.util.test.junit.AutoTests" name="[390] /home/travis/build/icyphy/ptII/ptolemy/actor/lib/test/auto/UnaryMathFunction.xml (RunModel)" time="0.029" />
  <testcase classname="ptolemy.util.test.junit.AutoTests" name="[391] /home/travis/build/icyphy/ptII/ptolemy/actor/lib/test/auto/Uniform.xml (RunModel)" time="0.01" />
  <testcase classname="ptolemy.util.test.junit.AutoTests" name="[392] /home/travis/build/icyphy/ptII/ptolemy/actor/lib/test/auto/UnionDisassemblerTest.xml (RunModel)" time="0.014" />
  <testcase classname="ptolemy.util.test.junit.AutoTests" name="[393] /home/travis/build/icyphy/ptII/ptolemy/actor/lib/test/auto/UtilityFunctions.xml (RunModel)" time="0.005" />
  <testcase classname="ptolemy.util.test.junit.AutoTests" name="[394] /home/travis/build/icyphy/ptII/ptolemy/actor/lib/test/auto/VariableSleep.xml (RunModel)" time="0.509" />
  <testcase classname="ptolemy.util.test.junit.AutoTests" name="[395] /home/travis/build/icyphy/ptII/ptolemy/actor/lib/test/auto/VectorAssemblerDisassemblerCT.xml (RunModel)" time="0.102" />
  <testcase classname="ptolemy.util.test.junit.AutoTests" name="[396] /home/travis/build/icyphy/ptII/ptolemy/actor/lib/test/auto/VectorAssemblerDisassemblerDE.xml (RunModel)" time="0.019" />
  <testcase classname="ptolemy.util.test.junit.AutoTests" name="[397] /home/travis/build/icyphy/ptII/ptolemy/actor/lib/test/auto/VectorAssemblerDisassemblerSDF.xml (RunModel)" time="0.017" />
  <testcase classname="ptolemy.util.test.junit.AutoTests" name="[398] /home/travis/build/icyphy/ptII/ptolemy/actor/lib/test/auto/WallClockTime.xml (RunModel)" time="1.01" />
  <testcase classname="ptolemy.util.test.junit.AutoTests" name="[399] /home/travis/build/icyphy/ptII/ptolemy/actor/lib/test/auto/WidthTestWithSubscriberPublisher.xml (RunModel)" time="0.037" />
  <testcase classname="ptolemy.util.test.junit.AutoTests" name="[400] /home/travis/build/icyphy/ptII/ptolemy/actor/lib/test/auto/WidthTestWithSubscriberPublisher2.xml (RunModel)" time="0.01" />
  <testcase classname="ptolemy.util.test.junit.AutoTests" name="[401] /home/travis/build/icyphy/ptII/ptolemy/actor/lib/test/auto/WidthTestWithSubscriberPublisher3.xml (RunModel)" time="0.008" />
  <testcase classname="ptolemy.util.test.junit.AutoTests" name="[402] /home/travis/build/icyphy/ptII/ptolemy/actor/lib/test/auto/Writer.xml (RunModel)" time="0.007" />
  <testcase classname="ptolemy.util.test.junit.AutoTests" name="[403] /home/travis/build/icyphy/ptII/ptolemy/actor/lib/test/auto/array.xml (RunModel)" time="0.008" />
  <testcase classname="ptolemy.util.test.junit.AutoTests" name="[404] /home/travis/build/icyphy/ptII/ptolemy/actor/lib/test/auto/array2.xml (RunModel)" time="0.012" />
  <testcase classname="ptolemy.util.test.junit.AutoTests" name="[405] /home/travis/build/icyphy/ptII/ptolemy/actor/lib/test/auto/arrayType.xml (RunModel)" time="0.011" />
  <testcase classname="ptolemy.util.test.junit.AutoTests" name="[406] /home/travis/build/icyphy/ptII/ptolemy/actor/lib/test/auto/arrayType10.xml (RunModel)" time="0.006" />
  <testcase classname="ptolemy.util.test.junit.AutoTests" name="[407] /home/travis/build/icyphy/ptII/ptolemy/actor/lib/test/auto/arrayType11.xml (RunModel)" time="0.006" />
  <testcase classname="ptolemy.util.test.junit.AutoTests" name="[408] /home/travis/build/icyphy/ptII/ptolemy/actor/lib/test/auto/arrayType12.xml (RunModel)" time="0.01" />
  <testcase classname="ptolemy.util.test.junit.AutoTests" name="[409] /home/travis/build/icyphy/ptII/ptolemy/actor/lib/test/auto/arrayType13.xml (RunModel)" time="0.007" />
  <testcase classname="ptolemy.util.test.junit.AutoTests" name="[410] /home/travis/build/icyphy/ptII/ptolemy/actor/lib/test/auto/arrayType14.xml (RunModel)" time="0.006" />
  <testcase classname="ptolemy.util.test.junit.AutoTests" name="[411] /home/travis/build/icyphy/ptII/ptolemy/actor/lib/test/auto/arrayType15.xml (RunModel)" time="0.008" />
  <testcase classname="ptolemy.util.test.junit.AutoTests" name="[412] /home/travis/build/icyphy/ptII/ptolemy/actor/lib/test/auto/arrayType16.xml (RunModel)" time="0.007" />
  <testcase classname="ptolemy.util.test.junit.AutoTests" name="[413] /home/travis/build/icyphy/ptII/ptolemy/actor/lib/test/auto/arrayType17.xml (RunModel)" time="0.006" />
  <testcase classname="ptolemy.util.test.junit.AutoTests" name="[414] /home/travis/build/icyphy/ptII/ptolemy/actor/lib/test/auto/arrayType18.xml (RunModel)" time="0.005" />
  <testcase classname="ptolemy.util.test.junit.AutoTests" name="[415] /home/travis/build/icyphy/ptII/ptolemy/actor/lib/test/auto/arrayType19.xml (RunModel)" time="0.006" />
  <testcase classname="ptolemy.util.test.junit.AutoTests" name="[416] /home/travis/build/icyphy/ptII/ptolemy/actor/lib/test/auto/arrayType2.xml (RunModel)" time="0.007" />
  <testcase classname="ptolemy.util.test.junit.AutoTests" name="[417] /home/travis/build/icyphy/ptII/ptolemy/actor/lib/test/auto/arrayType20.xml (RunModel)" time="0.007" />
  <testcase classname="ptolemy.util.test.junit.AutoTests" name="[418] /home/travis/build/icyphy/ptII/ptolemy/actor/lib/test/auto/arrayType21.xml (RunModel)" time="0.009" />
  <testcase classname="ptolemy.util.test.junit.AutoTests" name="[419] /home/travis/build/icyphy/ptII/ptolemy/actor/lib/test/auto/arrayType22.xml (RunModel)" time="0.007" />
  <testcase classname="ptolemy.util.test.junit.AutoTests" name="[420] /home/travis/build/icyphy/ptII/ptolemy/actor/lib/test/auto/arrayType23.xml (RunModel)" time="0.007" />
  <testcase classname="ptolemy.util.test.junit.AutoTests" name="[421] /home/travis/build/icyphy/ptII/ptolemy/actor/lib/test/auto/arrayType24.xml (RunModel)" time="0.008" />
  <testcase classname="ptolemy.util.test.junit.AutoTests" name="[422] /home/travis/build/icyphy/ptII/ptolemy/actor/lib/test/auto/arrayType25.xml (RunModel)" time="0.007" />
  <testcase classname="ptolemy.util.test.junit.AutoTests" name="[423] /home/travis/build/icyphy/ptII/ptolemy/actor/lib/test/auto/arrayType26.xml (RunModel)" time="0.012" />
  <testcase classname="ptolemy.util.test.junit.AutoTests" name="[424] /home/travis/build/icyphy/ptII/ptolemy/actor/lib/test/auto/arrayType27.xml (RunModel)" time="0.007" />
  <testcase classname="ptolemy.util.test.junit.AutoTests" name="[425] /home/travis/build/icyphy/ptII/ptolemy/actor/lib/test/auto/arrayType28.xml (RunModel)" time="0.008" />
  <testcase classname="ptolemy.util.test.junit.AutoTests" name="[426] /home/travis/build/icyphy/ptII/ptolemy/actor/lib/test/auto/arrayType3.xml (RunModel)" time="0.008" />
  <testcase classname="ptolemy.util.test.junit.AutoTests" name="[427] /home/travis/build/icyphy/ptII/ptolemy/actor/lib/test/auto/arrayType4.xml (RunModel)" time="0.008" />
  <testcase classname="ptolemy.util.test.junit.AutoTests" name="[428] /home/travis/build/icyphy/ptII/ptolemy/actor/lib/test/auto/arrayType5.xml (RunModel)" time="0.012" />
  <testcase classname="ptolemy.util.test.junit.AutoTests" name="[429] /home/travis/build/icyphy/ptII/ptolemy/actor/lib/test/auto/arrayType6.xml (RunModel)" time="0.006" />
  <testcase classname="ptolemy.util.test.junit.AutoTests" name="[430] /home/travis/build/icyphy/ptII/ptolemy/actor/lib/test/auto/arrayType7.xml (RunModel)" time="0.017" />
  <testcase classname="ptolemy.util.test.junit.AutoTests" name="[431] /home/travis/build/icyphy/ptII/ptolemy/actor/lib/test/auto/arrayType8.xml (RunModel)" time="0.007" />
  <testcase classname="ptolemy.util.test.junit.AutoTests" name="[432] /home/travis/build/icyphy/ptII/ptolemy/actor/lib/test/auto/arrayType9.xml (RunModel)" time="0.006" />
  <testcase classname="ptolemy.util.test.junit.AutoTests" name="[433] /home/travis/build/icyphy/ptII/ptolemy/actor/lib/test/auto/cast.xml (RunModel)" time="0.007" />
  <testcase classname="ptolemy.util.test.junit.AutoTests" name="[434] /home/travis/build/icyphy/ptII/ptolemy/actor/lib/test/auto/compositeMultiPort.xml (RunModel)" time="0.018" />
  <testcase classname="ptolemy.util.test.junit.AutoTests" name="[435] /home/travis/build/icyphy/ptII/ptolemy/actor/lib/test/auto/expressionCastInference.xml (RunModel)" time="0.034" />
  <testcase classname="ptolemy.util.test.junit.AutoTests" name="[436] /home/travis/build/icyphy/ptII/ptolemy/actor/lib/test/auto/expressionCastInference2.xml (RunModel)" time="0.036" />
  <testcase classname="ptolemy.util.test.junit.AutoTests" name="[437] /home/travis/build/icyphy/ptII/ptolemy/actor/lib/test/auto/expressionInference.xml (RunModel)" time="0.027" />
  <testcase classname="ptolemy.util.test.junit.AutoTests" name="[438] /home/travis/build/icyphy/ptII/ptolemy/actor/lib/test/auto/expression_bug.xml (RunModel)" time="0.029" />
  <testcase classname="ptolemy.util.test.junit.AutoTests" name="[439] /home/travis/build/icyphy/ptII/ptolemy/actor/lib/test/auto/factorial.xml (RunModel)" time="0.048" />
  <testcase classname="ptolemy.util.test.junit.AutoTests" name="[440] /home/travis/build/icyphy/ptII/ptolemy/actor/lib/test/auto/filterTest1.xml (RunModel)" time="0.011" />
  <testcase classname="ptolemy.util.test.junit.AutoTests" name="[441] /home/travis/build/icyphy/ptII/ptolemy/actor/lib/test/auto/funcApplyInConst.xml (RunModel)" time="0.004" />
  <testcase classname="ptolemy.util.test.junit.AutoTests" name="[442] /home/travis/build/icyphy/ptII/ptolemy/actor/lib/test/auto/funcApplyInExpr.xml (RunModel)" time="0.005" />
  <testcase classname="ptolemy.util.test.junit.AutoTests" name="[443] /home/travis/build/icyphy/ptII/ptolemy/actor/lib/test/auto/function.xml (RunModel)" time="0.011" />
  <testcase classname="ptolemy.util.test.junit.AutoTests" name="[444] /home/travis/build/icyphy/ptII/ptolemy/actor/lib/test/auto/function2.xml (RunModel)" time="0.006" />
  <testcase classname="ptolemy.util.test.junit.AutoTests" name="[445] /home/travis/build/icyphy/ptII/ptolemy/actor/lib/test/auto/function3.xml (RunModel)" time="0.006" />
  <testcase classname="ptolemy.util.test.junit.AutoTests" name="[446] /home/travis/build/icyphy/ptII/ptolemy/actor/lib/test/auto/functionClosureTest1.xml (RunModel)" time="0.009" />
  <testcase classname="ptolemy.util.test.junit.AutoTests" name="[447] /home/travis/build/icyphy/ptII/ptolemy/actor/lib/test/auto/functionClosureTest2.xml (RunModel)" time="0.005" />
  <testcase classname="ptolemy.util.test.junit.AutoTests" name="[448] /home/travis/build/icyphy/ptII/ptolemy/actor/lib/test/auto/functionClosureTest3.xml (RunModel)" time="0.01" />
  <testcase classname="ptolemy.util.test.junit.AutoTests" name="[449] /home/travis/build/icyphy/ptII/ptolemy/actor/lib/test/auto/functionClosureTest4.xml (RunModel)" time="0.014" />
  <testcase classname="ptolemy.util.test.junit.AutoTests" name="[450] /home/travis/build/icyphy/ptII/ptolemy/actor/lib/test/auto/functionClosureTest5.xml (RunModel)" time="0.01" />
  <testcase classname="ptolemy.util.test.junit.AutoTests" name="[451] /home/travis/build/icyphy/ptII/ptolemy/actor/lib/test/auto/functionClosureTest6.xml (RunModel)" time="0.007" />
  <testcase classname="ptolemy.util.test.junit.AutoTests" name="[452] /home/travis/build/icyphy/ptII/ptolemy/actor/lib/test/auto/functionsOnArcs.xml (RunModel)" time="0.008" />
  <testcase classname="ptolemy.util.test.junit.AutoTests" name="[453] /home/travis/build/icyphy/ptII/ptolemy/actor/lib/test/auto/functionsOnArcsHOF.xml (RunModel)" time="0.011" />
  <testcase classname="ptolemy.util.test.junit.AutoTests" name="[454] /home/travis/build/icyphy/ptII/ptolemy/actor/lib/test/auto/logic.xml (RunModel)" time="0.016" />
  <testcase classname="ptolemy.util.test.junit.AutoTests" name="[455] /home/travis/build/icyphy/ptII/ptolemy/actor/lib/test/auto/matrixType.xml (RunModel)" time="0.008" />
  <testcase classname="ptolemy.util.test.junit.AutoTests" name="[456] /home/travis/build/icyphy/ptII/ptolemy/actor/lib/test/auto/matrixType10.xml (RunModel)" time="0.007" />
  <testcase classname="ptolemy.util.test.junit.AutoTests" name="[457] /home/travis/build/icyphy/ptII/ptolemy/actor/lib/test/auto/matrixType11.xml (RunModel)" time="0.007" />
  <testcase classname="ptolemy.util.test.junit.AutoTests" name="[458] /home/travis/build/icyphy/ptII/ptolemy/actor/lib/test/auto/matrixType12.xml (RunModel)" time="0.009" />
  <testcase classname="ptolemy.util.test.junit.AutoTests" name="[459] /home/travis/build/icyphy/ptII/ptolemy/actor/lib/test/auto/matrixType13.xml (RunModel)" time="0.007" />
  <testcase classname="ptolemy.util.test.junit.AutoTests" name="[460] /home/travis/build/icyphy/ptII/ptolemy/actor/lib/test/auto/matrixType14.xml (RunModel)" time="0.009" />
  <testcase classname="ptolemy.util.test.junit.AutoTests" name="[461] /home/travis/build/icyphy/ptII/ptolemy/actor/lib/test/auto/matrixType2.xml (RunModel)" time="0.007" />
  <testcase classname="ptolemy.util.test.junit.AutoTests" name="[462] /home/travis/build/icyphy/ptII/ptolemy/actor/lib/test/auto/matrixType3.xml (RunModel)" time="0.007" />
  <testcase classname="ptolemy.util.test.junit.AutoTests" name="[463] /home/travis/build/icyphy/ptII/ptolemy/actor/lib/test/auto/matrixType4.xml (RunModel)" time="0.006" />
  <testcase classname="ptolemy.util.test.junit.AutoTests" name="[464] /home/travis/build/icyphy/ptII/ptolemy/actor/lib/test/auto/matrixType5.xml (RunModel)" time="0.007" />
  <testcase classname="ptolemy.util.test.junit.AutoTests" name="[465] /home/travis/build/icyphy/ptII/ptolemy/actor/lib/test/auto/matrixType6.xml (RunModel)" time="0.007" />
  <testcase classname="ptolemy.util.test.junit.AutoTests" name="[466] /home/travis/build/icyphy/ptII/ptolemy/actor/lib/test/auto/matrixType7.xml (RunModel)" time="0.007" />
  <testcase classname="ptolemy.util.test.junit.AutoTests" name="[467] /home/travis/build/icyphy/ptII/ptolemy/actor/lib/test/auto/matrixType8.xml (RunModel)" time="0.008" />
  <testcase classname="ptolemy.util.test.junit.AutoTests" name="[468] /home/travis/build/icyphy/ptII/ptolemy/actor/lib/test/auto/matrixType9.xml (RunModel)" time="0.006" />
  <testcase classname="ptolemy.util.test.junit.AutoTests" name="[469] /home/travis/build/icyphy/ptII/ptolemy/actor/lib/test/auto/paraFunctest.xml (RunModel)" time="0.007" />
  <testcase classname="ptolemy.util.test.junit.AutoTests" name="[470] /home/travis/build/icyphy/ptII/ptolemy/actor/lib/test/auto/paraFunctest2.xml (RunModel)" time="0.006" />
  <testcase classname="ptolemy.util.test.junit.AutoTests" name="[471] /home/travis/build/icyphy/ptII/ptolemy/actor/lib/test/auto/parameterPassing.xml (RunModel)" time="0.007" />
  <testcase classname="ptolemy.util.test.junit.AutoTests" name="[472] /home/travis/build/icyphy/ptII/ptolemy/actor/lib/test/auto/record.xml (RunModel)" time="0.007" />
  <testcase classname="ptolemy.util.test.junit.AutoTests" name="[473] /home/travis/build/icyphy/ptII/ptolemy/actor/lib/test/auto/sizedarray1.xml (RunModel)" time="0.007" />
  <testcase classname="ptolemy.util.test.junit.AutoTests" name="[474] /home/travis/build/icyphy/ptII/ptolemy/actor/lib/test/auto/sizedarray2.xml (RunModel)" time="0.008" />
  <testcase classname="ptolemy.util.test.junit.AutoTests" name="[475] /home/travis/build/icyphy/ptII/ptolemy/actor/lib/test/auto/twoPublishers.xml (RunModel)" time="0.024" />
  <system-out><![CDATA[/home/travis/build/icyphy/ptII/ptolemy/actor/lib/test/AbsoluteValue.tcl
testDefs.tcl: setting time out to 9000 seconds at Mon May 04 14:16:09 UTC 2020
97 ms. Memory: 129024K Free: 92614K (72%)
4 ms. Memory: 129024K Free: 90551K (70%)
4 ms. Memory: 129024K Free: 90054K (70%)
4 ms. Memory: 129024K Free: 89032K (69%)
/home/travis/build/icyphy/ptII/ptolemy/actor/lib/test/AddSubtract.tcl
15 ms. Memory: 129024K Free: 86984K (67%)
14 ms. Memory: 129024K Free: 86439K (67%)
12 ms. Memory: 129024K Free: 85446K (66%)
7 ms. Memory: 129024K Free: 84936K (66%)
67 ms. Memory: 129024K Free: 81864K (63%)
4 ms. Memory: 129024K Free: 80840K (63%)
/home/travis/build/icyphy/ptII/ptolemy/actor/lib/test/Average.tcl
17 ms. Memory: 129024K Free: 79302K (61%)
24 ms. Memory: 129024K Free: 78278K (61%)
/home/travis/build/icyphy/ptII/ptolemy/actor/lib/test/Bernoulli.tcl
11 ms. Memory: 129024K Free: 76744K (59%)
2 ms. Memory: 129024K Free: 76199K (59%)
/home/travis/build/icyphy/ptII/ptolemy/actor/lib/test/Clock.tcl
preinitializing
resolving types
initializing
executing number 1
wrapping up
idle
24 ms. Memory: 129024K Free: 73672K (57%)
Completed execution with 5 iterations
preinitializing
resolving types
initializing
executing number 1
wrapping up
idle
10 ms. Memory: 129024K Free: 72648K (56%)
Completed execution with 5 iterations
preinitializing
resolving types
initializing
executing number 1
wrapping up
idle
3 ms. Memory: 129024K Free: 72119K (56%)
Completed execution with 5 iterations
/home/travis/build/icyphy/ptII/ptolemy/actor/lib/test/Commutator.tcl
21 ms. Memory: 129024K Free: 70055K (54%)
9 ms. Memory: 129024K Free: 69031K (54%)
11 ms. Memory: 129024K Free: 63432K (49%)
/home/travis/build/icyphy/ptII/ptolemy/actor/lib/test/Const.tcl
9 ms. Memory: 129024K Free: 61879K (48%)
2 ms. Memory: 129024K Free: 61384K (48%)
5 ms. Memory: 129024K Free: 60855K (47%)
6 ms. Memory: 129024K Free: 60360K (47%)
1 ms. Memory: 129024K Free: 59846K (46%)
19 ms. Memory: 129024K Free: 57798K (45%)
10 ms. Memory: 129024K Free: 56759K (44%)
3 ms. Memory: 129024K Free: 56264K (44%)
/home/travis/build/icyphy/ptII/ptolemy/actor/lib/test/CurrentTime.tcl
preinitializing
resolving types
initializing
executing number 1
wrapping up
idle
16 ms. Memory: 129024K Free: 54216K (42%)
Completed execution with 11 iterations
/home/travis/build/icyphy/ptII/ptolemy/actor/lib/test/DB.tcl
4 ms. Memory: 129024K Free: 52663K (41%)
1 ms. Memory: 129024K Free: 52168K (40%)
2 ms. Memory: 129024K Free: 51654K (40%)
/home/travis/build/icyphy/ptII/ptolemy/actor/lib/test/DiscreteRandomSource.tcl
preinitializing
resolving types
initializing
executing number 1
wrapping up
idle
5 ms. Memory: 129024K Free: 50120K (39%)
Completed execution with 4 iterations
preinitializing
resolving types
initializing
executing number 1
wrapping up
idle
2 ms. Memory: 129024K Free: 49599K (38%)
Completed execution with 4 iterations
preinitializing
resolving types
initializing
executing number 1
wrapping up
idle
2 ms. Memory: 129024K Free: 49096K (38%)
Completed execution with 4 iterations
preinitializing
resolving types
initializing
executing number 1
wrapping up
idle
3 ms. Memory: 129024K Free: 48567K (38%)
Completed execution with 4 iterations
preinitializing
resolving types
initializing
executing number 1
wrapping up
idle
4 ms. Memory: 129024K Free: 48072K (37%)
Completed execution with 4 iterations
/home/travis/build/icyphy/ptII/ptolemy/actor/lib/test/Distributor.tcl
16 ms. Memory: 129024K Free: 112996K (88%)
10 ms. Memory: 129024K Free: 112420K (87%)
StreamChangeRequest.changeExecuted(): <deleteEntity name="rec2"/> succeeded
StreamChangeRequest.changeExecuted(): <deleteRelation name="r2"/> succeeded
StreamChangeRequest.changeExecuted(): Record firings per iteration succeeded
11 ms. Memory: 129024K Free: 109924K (85%)
/home/travis/build/icyphy/ptII/ptolemy/actor/lib/test/Exit.tcl
Exit.tcl: this will print a message about Manager.exitAfterWrapup, which can be ignored.
6 ms. Memory: 129024K Free: 106962K (83%)
/home/travis/build/icyphy/ptII/ptolemy/actor/lib/test/Expression.tcl
19 ms. Memory: 129024K Free: 103308K (80%)
5 ms. Memory: 129024K Free: 102756K (80%)
2 ms. Memory: 129024K Free: 101732K (79%)
preinitializing
resolving types
initializing
executing number 1
wrapping up
idle
5 ms. Memory: 129024K Free: 100244K (78%)
Completed execution with 6 iterations
6 ms. Memory: 129024K Free: 99668K (77%)
2 ms. Memory: 129024K Free: 98660K (76%)
7 ms. Memory: 129024K Free: 97650K (76%)
4 ms. Memory: 129024K Free: 96612K (75%)
5 ms. Memory: 129024K Free: 95076K (74%)
/home/travis/build/icyphy/ptII/ptolemy/actor/lib/test/Gaussian.tcl
6 ms. Memory: 129024K Free: 93554K (73%)
sleeping 1 seconds: ........................................................................................................................................................................................................................................................................................................................................................................................................................................................................................................................................................................................................................................................................................................................................................................................................................................................................................................................................................................................................................................................................................................................................................................................................................................................................................................................................................................................................................................................................................................................................................................................................................................................................................................................................................................................................................................................................................................................................................................................................................................................................................................................................................................................................................................................................................................................................................................................................................................................................................................................................................................................................................................................................................................................................................................................................................................................................................................................................................................................................................................................................................................................................................................................................................................................................................................................................................................................................................................................................................................................................................................................................................................................................................................................................................................................................................................................................................................................................................................................................................................................................................................................................................................................................................................................................................................................................................................................................................................................................................................................................................................................................................................................................................................................................................................................................................................................................................................................................................................................................................................................................................................................................................................................................................................................................................................................................................................................................................................................................................................................................................................................................................................................................................................................................................................................................................................................................................................................................................................................................................................................................................................................................................................................................................................................................................................................................................................................................................................................................................................................................................................................................................................................................................................................................................................................................................................................................................................................................................................................................................................................................................................................................................................................................................................................................................................................................................................................................................................................................................................................................................................................................................................................................................................................................................................................................................................................................................................................................................................................................................................................................................................................................................................................................................................................................................................................................................................................................................................................................................................................................................................................................................................................................................................................................................................................................................................................................................................................................................................................................................................................................................................................................................................................................................................................................................................................................................................................................................................................................................................................................................................................................................................................................................................................................................................................................................................................................................................................................................................................................................................................................................................................................................................................................................................................................................................................................................................................................................................................................................................................................................................................................................................................................................................................................................................................................................................................................................................................................................................................................................................................................................................................................................................................................................................................................................................................................................................................................................................................................................................................................................................................................................................................................................................................................................................................................................................................................................................................................................................................................................................................................................................................................................................................................................................................................................................................................................................................................................................................................................................................................................................................................................................................................................................................................................................................................................................................................................................................................................................................................................................................................................................................................................................................................................................................................................................................................................................................................................................................................................................................................................................................................................................................................................................................................................................................................................................................................................................................................................................................................................................................................................................................................................................................................................................................................................................................................................................................................................................................................................................................................................................................................................................................................................................................................................................................................................................................................................................................................................................................................................................................................................................................................................................................................................................................................................................................................................................................................................................................................................................................................................................................................................................................................................................................................................................................................................................................................................................................................................................................................................................................................................................................................................................................................................................................................................................................................................................................................................................................................................................................................................................................................................................................................................................................................................................................................................................................................................................................................................................................................................................................................................................................................................................................................................................................................................................................................................................................................................................................................................................................................................................................................................................................................................................................................................................................................................................................................................................................................................................................................................................................................................................................................................................................................................................................................................................................................................................................................................................................................................................................................................................................................................................................................................................................................................................................................................................................................................................................................................................................................................................................................................................................................................................................................................................................................................................................................................................................................................................................................................................................................................................................................................................................................................................................................................................................................................................................................................................................................................................................................................................................................................................................................................................................................................................................................................................................................................................................................................................................................................................................................................................................................................................................................................................................................................................................................................................................................................................................................................................................................................................................................................................................................................................................................................................................................................................................................................................................................................................................................................................................................................................................................................................................................................................................................................................................................................................................................................................................................................................................................................................................................................................................................................................................................................................................................................................................................................................................................................................................................................................................................................................................................................................................................................................................................................................................................................................................................................................................................................................................................................................................................................................................................................................................................................................................................................................................................................................................................................................................................................................................................................................................................................................................................................................................................................................................................................................................................................................................................................................................................................................................................................................................................................................................................................................................................................................................................................................................................................................................................................................................................................................................................................................................................................................................................................................................................................................................................................................................................................................................................................................................................................................................................................................................................................................................................................................................................................................................................................................................................................................................................................................................................................................................................................................................................................................................................................................................................................................................................................................................................................................................................................................................................................................................................................................................................................................................................................................................................................................................................................................................................................................................................................................................................................................................................................................................................................................................................................................................................................................................................................................................................................................................................................................................................................................................................................................................................................................................................................................................................................................................................................................................................................................................................................................................................................................................................................................................................................................................................................................................................................................................................................................................................................................................................................................................................................................................................................................................................................................................................................................................................................................................................................................................................................................................................................................................................................................................................................................................................................................................................................................................................................................................................................................................................................................................................................................................................................................................................................................................................................................................................................................................................................................................................................................................................................................................................................................................................................................................................................................................................................................................................................................................................................................................................................................................................................................................................................................................................................................................................................................................................................................................................................................................................................................................................................................................................................................................................................................................................................................................................................................................................................................................................................................................................................................................................................................................................................................................................................................................................................................................................................................................................................................................................................................................................................................................................................................................................................................................................................................................................................................................................................................................................................................................................................................................................................................................................................................................................................................................................................................................................................................................................................................................................................................................................................................................................................................................................................................................................................................................................................................................................................................................................................................................................................................................................................................................................................................................................................................................................................................................................................................................................................................................................................................................................................................................................................................................................................................................................................................................................................................................................................................................................................................................................................................................................................................................................................................................................................................................................................................................................................................................................................................................................................................................................................................................................................................................................................................................................................................................................................................................................................................................................................................................................................................................................................................................................................................................................................................................................................................................................................................................................................................................................................................................................................................................................................................................................................................................................................................................................................................................................................................................................................................................................................................................................................................................................................................................................................................................................................................................................................................................................................................................................................................................................................................................................................................................................................................................................................................................................................................................................................................................................................................................................................................................................................................................................................................................................................................................................................................................................................................................................................................................................................................................................................................................................................................................................................................................................................................................................................................................................................................................................................................................................................................................................................................................................................................................................................................................................................................................................................................................................................................................................................................................................................................................................................................................................................................................................................................................................................................................................................................................................................................................................................................................................................................................................................................................................................................................................................................................................................................................................................................................................................................................................................................................................................................................................................................................................................................................................................................................................................................................................................................................................................................................................................................................................................................................................................................................................................................................................................................................................................................................................................................................................................................................................................................................................................................................................................................................................................................................................................................................................................................................................................................................................................................................................................................................................................................................................................................................................................................................................................................................................................................................................................................................................................................................................................................................................................................................................................................................................................................................................................................................................................................................................................................................................................................................................................................................................................................................................................................................................................................................................................................................................................................................................................................................................................................................................................................................................................................................................................................................................................................................................................................................................................................................................................................................................................................................................................................................................................................................................................................................................................................................................................................................................................................................................................................................................................................................................................................................................................................................................................................................................................................................................................................................................................................................................................................................................................................................................................................................................................................................................................................................................................................................................................................................................................................................................................................................................................................................................................................................................................................................................................................................................................................................................................................................................................................................................................................................................................................................................................................................................................................................................................................................................................................................................................................................................................................................................................................................................................................................................................................................................................................................................................................................................................................................................................................................................................................................................................................................................................................................................................................................................................................................................................................................................................................................................................................................................................................................................................................................................................................................................................................................................................................................................................................................................................................................................................................................................................................................................................................................................................................................................................................................................................................................................................................................................................................................................................................................................................................................................................................................................................................................................................................................................................................................................................................................................................................................................................................................................................................................................................................................................................................................................................................................................................................................................................................................................................................................................................................................................................................................................................................................................................................................................................................................................................................................................................................................................................................................................................................................................................................................................................................................................................................................................................................................................................................................................................................................................................................................................................................................................................................................................................................................................................................................................................................................................................................................................................................................................................................................................................................................................................................................................................................................................................................................................................................................................................................................................................................................................................................................................................................................................................................................................................................................................................................................................................................................................................................................................................................................................................................................................................................................................................................................................................................................................................................................................................................................................................................................................................................................................................................................................................................................................................................................................................................................................................................................................................................................................................................................................................................................................................................................................................................................................................................................................................................................................................................................................................................................................................................................................................................................................................................................................................................................................................................................................................................................................................................................................................................................................................................................................................................................................................................................................................................................................................................................................................................................................................................................................................................................................................................................................................................................................................................................................................................................................................................................................................................................................................................................................................................................................................................................................................................................................................................................................................................................................................................................................................................................................................................................................................................................................................................................................................................................................................................................................................................................................................................................................................................................................................................................................................................................................................................................................................................................................................................................................................................................................................................................................................................................................................................................................................................................................................................................................................................................................................................................................................................................................................................................................................................................................................3 ms. Memory: 129024K Free: 86975K (67%)
2 ms. Memory: 129024K Free: 85967K (67%)
2 ms. Memory: 129024K Free: 85471K (66%)
3 ms. Memory: 129024K Free: 84447K (65%)
6 ms. Memory: 129024K Free: 83933K (65%)
/home/travis/build/icyphy/ptII/ptolemy/actor/lib/test/IIR.tcl
/home/travis/build/icyphy/ptII/ptolemy/actor/lib/test/Interpolator.tcl
5 ms. Memory: 129024K Free: 79823K (62%)
3 ms. Memory: 129024K Free: 79327K (61%)
2 ms. Memory: 129024K Free: 78813K (61%)
4 ms. Memory: 129024K Free: 78303K (61%)
3 ms. Memory: 129024K Free: 77279K (60%)
2 ms. Memory: 129024K Free: 76751K (59%)
1 ms. Memory: 129024K Free: 75711K (59%)
11 ms. Memory: 129024K Free: 74687K (58%)
1 ms. Memory: 129024K Free: 74207K (58%)
2 ms. Memory: 129024K Free: 73183K (57%)
/home/travis/build/icyphy/ptII/ptolemy/actor/lib/test/MathFunction.tcl
5 ms. Memory: 129024K Free: 71135K (55%)
1 ms. Memory: 129024K Free: 70111K (54%)
7 ms. Memory: 129024K Free: 69087K (54%)
2 ms. Memory: 129024K Free: 68063K (53%)
3 ms. Memory: 129024K Free: 66525K (52%)
5 ms. Memory: 129024K Free: 64991K (50%)
/home/travis/build/icyphy/ptII/ptolemy/actor/lib/test/Maximum.tcl
3 ms. Memory: 129024K Free: 62943K (49%)
1 ms. Memory: 129024K Free: 62415K (48%)
2 ms. Memory: 129024K Free: 61391K (48%)
2 ms. Memory: 129024K Free: 60895K (47%)
/home/travis/build/icyphy/ptII/ptolemy/actor/lib/test/Minimum.tcl
3 ms. Memory: 129024K Free: 59357K (46%)
1 ms. Memory: 129024K Free: 58845K (46%)
2 ms. Memory: 129024K Free: 57823K (45%)
1 ms. Memory: 129024K Free: 57303K (44%)
/home/travis/build/icyphy/ptII/ptolemy/actor/lib/test/MultiplyDivide.tcl
4 ms. Memory: 129024K Free: 55247K (43%)
2 ms. Memory: 129024K Free: 54751K (42%)
3 ms. Memory: 129024K Free: 53727K (42%)
3 ms. Memory: 129024K Free: 53207K (41%)
4 ms. Memory: 129024K Free: 52703K (41%)
/home/travis/build/icyphy/ptII/ptolemy/actor/lib/test/OrderedMerge.tcl
Connections changed on port: inputA
Connections changed on port: inputB
Connections changed on port: output
Connections changed on port: output
Connections changed on port: output
Connections changed on port: input
.top. Preinitializing ...
Invoking preinitialize():  .top.OrderedMerge
Called preinitialize()
Invoking preinitialize():  .top.Ramp
Called preinitialize()
Invoking preinitialize():  .top.Ramp2
Called preinitialize()
Invoking preinitialize():  .top.Test
Called preinitialize()
Connections changed on port: inputA
Connections changed on port: output
Connections changed on port: output
Connections changed on port: input
Connections changed on port: inputB
Connections changed on port: output
.top. Finished preinitialize().
Called initialize().
Invoking initialize():  .top.OrderedMerge
Initializing actor: .top.OrderedMerge
Adding a thread: .top.OrderedMerge
Invoking initialize():  .top.Ramp
Initializing actor: .top.Ramp
Adding a thread: .top.Ramp
Invoking initialize():  .top.Ramp2
Initializing actor: .top.Ramp2
Adding a thread: .top.Ramp2
Invoking initialize():  .top.Test
Initializing actor: .top.Test
Adding a thread: .top.Test
Called fire().
Checking for deadlock:
-- Starting thread.
-- Starting thread.
Called initialize()
-- Starting thread.
Called initialize()
Called prefire()
Called fire()
Called initialize()
Called prefire()
Called fire()
Called prefire()
-- Starting thread.
Called initialize()
Called prefire()
Called fire()
There are 0 Blocked actors, 0 Stopped actors, and 4 active threads.
Called fire()
Waiting for actors to stop.
Called postfire()
Called prefire()
Called fire()
Checking for deadlock:
Called postfire()
There are 2 Blocked actors, 0 Stopped actors, and 4 active threads.
Called prefire()
Called fire()
Waiting for actors to stop.
Read input token from inputA with value 0.0
Next port to read input from is inputB
Called postfire()
Called prefire()
Called fire()
Read input token from inputB with value 0.0
Sent output token with value 0.0
Next port to read input from is inputA
Called postfire()
Called prefire()
Called fire()
Checking for deadlock:
There are 1 Blocked actors, 0 Stopped actors, and 4 active threads.
Waiting for actors to stop.
Called postfire()
Called prefire()
Called fire()
Called postfire()
Called prefire()
Called fire()
Checking for deadlock:
There are 1 Blocked actors, 0 Stopped actors, and 4 active threads.
Waiting for actors to stop.
-- Read input: 0.0, which is expected to match: 0.0
Called prefire()
Called fire()
Read input token from inputA with value 1.0
Sent output token with value 0.0
Next port to read input from is inputB
Called postfire()
Called prefire()
Called fire()
Read input token from inputB with value 1.5
Checking for deadlock:
There are 1 Blocked actors, 0 Stopped actors, and 4 active threads.
Waiting for actors to stop.
Called postfire()
Called prefire()
Called fire()
Called postfire()
Called prefire()
Called fire()
Checking for deadlock:
There are 3 Blocked actors, 0 Stopped actors, and 4 active threads.
Waiting for actors to stop.
-- Read input: 0.0, which is expected to match: 0.0
Called prefire()
Called fire()
Checking for deadlock:
There are 3 Blocked actors, 0 Stopped actors, and 4 active threads.
Waiting for actors to stop.
-- Read input: 1.0, which is expected to match: 1.0
Called prefire()
Called fire()
Checking for deadlock:
There are 3 Blocked actors, 0 Stopped actors, and 4 active threads.
Waiting for actors to stop.
Sent output token with value 1.0
Next port to read input from is inputA
Called postfire()
Called prefire()
Called fire()
Called postfire()
Called prefire()
Called fire()
Checking for deadlock:
There are 3 Blocked actors, 0 Stopped actors, and 4 active threads.
Waiting for actors to stop.
Read input token from inputA with value 2.0
-- Read input: 1.5, which is expected to match: 1.5
Called prefire()
Called fire()
Checking for deadlock:
There are 3 Blocked actors, 0 Stopped actors, and 4 active threads.
Waiting for actors to stop.
Sent output token with value 1.5
Next port to read input from is inputB
Called postfire()
Called prefire()
Called fire()
Checking for deadlock:
There are 2 Blocked actors, 0 Stopped actors, and 4 active threads.
Waiting for actors to stop.
Called postfire()
Called prefire()
Called fire()
Checking for deadlock:
There are 3 Blocked actors, 0 Stopped actors, and 4 active threads.
Waiting for actors to stop.
Read input token from inputB with value 3.0
Checking for deadlock:
There are 2 Blocked actors, 0 Stopped actors, and 4 active threads.
Waiting for actors to stop.
-- Read input: 2.0, which is expected to match: 2.0
Called prefire()
Called fire()
Checking for deadlock:
There are 3 Blocked actors, 0 Stopped actors, and 4 active threads.
Waiting for actors to stop.
Sent output token with value 2.0
Next port to read input from is inputA
Called postfire()
Called prefire()
Called fire()
Called postfire()
Called prefire()
Called fire()
Checking for deadlock:
There are 3 Blocked actors, 0 Stopped actors, and 4 active threads.
Waiting for actors to stop.
Read input token from inputA with value 3.0
-- Read input: 3.0, which is expected to match: 3.0
Called prefire()
Called fire()
Checking for deadlock:
There are 3 Blocked actors, 0 Stopped actors, and 4 active threads.
Waiting for actors to stop.
Sent output token with value 3.0
Next port to read input from is inputB
Called postfire()
Called prefire()
Called fire()
Checking for deadlock:
There are 2 Blocked actors, 0 Stopped actors, and 4 active threads.
Waiting for actors to stop.
Called postfire()
Called prefire()
Called fire()
Checking for deadlock:
There are 3 Blocked actors, 0 Stopped actors, and 4 active threads.
Waiting for actors to stop.
Read input token from inputB with value 4.5
Checking for deadlock:
There are 2 Blocked actors, 0 Stopped actors, and 4 active threads.
Waiting for actors to stop.
-- Read input: 3.0, which is expected to match: 3.0
Called prefire()
Called fire()
Checking for deadlock:
There are 3 Blocked actors, 0 Stopped actors, and 4 active threads.
Waiting for actors to stop.
Sent output token with value 3.0
Next port to read input from is inputA
Called postfire()
Called prefire()
Called fire()
Called postfire()
Called prefire()
Called fire()
Checking for deadlock:
There are 3 Blocked actors, 0 Stopped actors, and 4 active threads.
Waiting for actors to stop.
Read input token from inputA with value 4.0
-- Read input: 4.0, which is expected to match: 4.0
Called prefire()
Called fire()
Past the end of training data. Read and discard all inputs.
Checking for deadlock:
There are 3 Blocked actors, 0 Stopped actors, and 4 active threads.
Waiting for actors to stop.
Sent output token with value 4.0
Next port to read input from is inputA
Called postfire()
Called prefire()
Called fire()
Called postfire()
Called prefire()
Called fire()
Checking for deadlock:
There are 3 Blocked actors, 0 Stopped actors, and 4 active threads.
Waiting for actors to stop.
Read input token from inputA with value 5.0
Called prefire()
Called fire()
Past the end of training data. Read and discard all inputs.
Checking for deadlock:
There are 3 Blocked actors, 0 Stopped actors, and 4 active threads.
Waiting for actors to stop.
Sent output token with value 4.5
Next port to read input from is inputB
Called postfire()
Called prefire()
Called fire()
Checking for deadlock:
There are 2 Blocked actors, 0 Stopped actors, and 4 active threads.
Waiting for actors to stop.
Called postfire()
Called prefire()
Called fire()
Checking for deadlock:
There are 3 Blocked actors, 0 Stopped actors, and 4 active threads.
Waiting for actors to stop.
Read input token from inputB with value 6.0
Checking for deadlock:
There are 2 Blocked actors, 0 Stopped actors, and 4 active threads.
Waiting for actors to stop.
Called prefire()
Called fire()
Past the end of training data. Read and discard all inputs.
Checking for deadlock:
There are 3 Blocked actors, 0 Stopped actors, and 4 active threads.
Waiting for actors to stop.
Sent output token with value 5.0
Next port to read input from is inputA
Called postfire()
Called prefire()
Called fire()
Called postfire()
Called prefire()
Called fire()
Checking for deadlock:
There are 3 Blocked actors, 0 Stopped actors, and 4 active threads.
Waiting for actors to stop.
Read input token from inputA with value 6.0
Called prefire()
Called fire()
Past the end of training data. Read and discard all inputs.
Checking for deadlock:
There are 3 Blocked actors, 0 Stopped actors, and 4 active threads.
Waiting for actors to stop.
Sent output token with value 6.0
Next port to read input from is inputB
Called postfire()
Called prefire()
Called fire()
Checking for deadlock:
There are 2 Blocked actors, 0 Stopped actors, and 4 active threads.
Waiting for actors to stop.
Called postfire()
Called prefire()
Called fire()
Checking for deadlock:
There are 3 Blocked actors, 0 Stopped actors, and 4 active threads.
Waiting for actors to stop.
Read input token from inputB with value 7.5
Checking for deadlock:
There are 2 Blocked actors, 0 Stopped actors, and 4 active threads.
Waiting for actors to stop.
Called prefire()
Called fire()
Past the end of training data. Read and discard all inputs.
Checking for deadlock:
There are 3 Blocked actors, 0 Stopped actors, and 4 active threads.
Waiting for actors to stop.
Sent output token with value 6.0
Next port to read input from is inputA
Called postfire()
Called prefire()
Called fire()
Called postfire()
Called prefire()
Called fire()
Checking for deadlock:
There are 3 Blocked actors, 0 Stopped actors, and 4 active threads.
Waiting for actors to stop.
Read input token from inputA with value 7.0
Called prefire()
Called fire()
Past the end of training data. Read and discard all inputs.
Checking for deadlock:
There are 3 Blocked actors, 0 Stopped actors, and 4 active threads.
Waiting for actors to stop.
Sent output token with value 7.0
Next port to read input from is inputA
Called postfire()
Called prefire()
Called fire()
-- Thread wrapup() called.
Called wrapup()
Thread .top.Ramp is exiting.
-- Thread stopped.
Read input token from inputA with value 8.0
Sent output token with value 7.5
Next port to read input from is inputB
Called postfire()
Called prefire()
Called fire()
Read input token from inputB with value 9.0
Checking for deadlock:
There are 1 Blocked actors, 0 Stopped actors, and 3 active threads.
Waiting for actors to stop.
Called postfire()
Called prefire()
Called fire()
Called prefire()
Called fire()
Past the end of training data. Read and discard all inputs.
Checking for deadlock:
There are 2 Blocked actors, 0 Stopped actors, and 3 active threads.
Waiting for actors to stop.
Checking for deadlock:
There are 1 Blocked actors, 0 Stopped actors, and 3 active threads.
Waiting for actors to stop.
Sent output token with value 8.0
Called prefire()
Called fire()
Past the end of training data. Read and discard all inputs.
Checking for deadlock:
There are 2 Blocked actors, 0 Stopped actors, and 3 active threads.
Waiting for actors to stop.
Next port to read input from is inputA
Called postfire()
Called prefire()
Called fire()
Read input token from inputA with value 9.0
Called prefire()
Called fire()
Past the end of training data. Read and discard all inputs.
Checking for deadlock:
There are 2 Blocked actors, 0 Stopped actors, and 3 active threads.
Waiting for actors to stop.
Sent output token with value 9.0
Next port to read input from is inputB
Called postfire()
Called prefire()
Called fire()
Checking for deadlock:
There are 1 Blocked actors, 0 Stopped actors, and 3 active threads.
Waiting for actors to stop.
Called postfire()
Called prefire()
Called fire()
Checking for deadlock:
There are 2 Blocked actors, 0 Stopped actors, and 3 active threads.
Waiting for actors to stop.
Read input token from inputB with value 10.5
Checking for deadlock:
There are 1 Blocked actors, 0 Stopped actors, and 3 active threads.
Waiting for actors to stop.
Called prefire()
Called fire()
Past the end of training data. Read and discard all inputs.
Checking for deadlock:
There are 2 Blocked actors, 0 Stopped actors, and 3 active threads.
Waiting for actors to stop.
Sent output token with value 9.0
Next port to read input from is inputA
Called postfire()
Called prefire()
Called fire()
Checking for deadlock:
There are 3 Blocked actors, 0 Stopped actors, and 3 active threads.
Actors have stopped.
Checking for deadlock:
There are 3 Blocked actors, 0 Stopped actors, and 3 active threads.
Deadlock detected.
Resolving Deadlock
Checking for deadlock:
There are 3 Blocked actors, 0 Stopped actors, and 3 active threads.
Artificial Deadlock - increasing queue capacity.
increasing the capacity of receiver ptolemy.actor.TypedIOPort {.top.OrderedMerge.inputB} to 2
-- Thread wrapup() called.
Called wrapup()
Thread .top.Ramp2 is exiting.
-- Thread stopped.
Director: Called postfire().
Called postfire().
_stopRequested = false
_stopFireRequested = false
Returning from postfire(): true
Called fire().
Checking for deadlock:
There are 2 Blocked actors, 0 Stopped actors, and 2 active threads.
Actors have stopped.
Checking for deadlock:
There are 2 Blocked actors, 0 Stopped actors, and 2 active threads.
Deadlock detected.
Resolving Deadlock
Checking for deadlock:
There are 2 Blocked actors, 0 Stopped actors, and 2 active threads.
Deadlock detected: no processes blocked on write, but some are blocked on read.
Called postfire().
_stopRequested = false
_stopFireRequested = false
Returning from postfire(): false
Finished deactivating branches.
Called wrapup().
-- Thread wrapup() called.
Called wrapup()
Thread .top.Test is exiting.
-- Thread stopped.
-- Blocked Receiver call threw TerminateProcessException.
-- Thread wrapup() called.
Called wrapup()
Thread .top.OrderedMerge is exiting.
-- Thread stopped.
-- Blocked Receiver call threw TerminateProcessException.
50 ms. Memory: 129024K Free: 111717K (87%)
.top. Preinitializing ...
Invoking preinitialize():  .top.OrderedMerge
Called preinitialize()
Invoking preinitialize():  .top.Ramp
Called preinitialize()
Invoking preinitialize():  .top.Ramp2
Called preinitialize()
Invoking preinitialize():  .top.Test
Called preinitialize()
.top. Finished preinitialize().
Called initialize().
Invoking initialize():  .top.OrderedMerge
Initializing actor: .top.OrderedMerge
Adding a thread: .top.OrderedMerge
Invoking initialize():  .top.Ramp
Initializing actor: .top.Ramp
Adding a thread: .top.Ramp
Invoking initialize():  .top.Ramp2
Initializing actor: .top.Ramp2
Adding a thread: .top.Ramp2
Invoking initialize():  .top.Test
Initializing actor: .top.Test
Adding a thread: .top.Test
-- Starting thread.
Called initialize()
Called prefire()
Called fire()
-- Starting thread.
Called initialize()
Called prefire()
Called fire()
Called postfire()
Called prefire()
Called fire()
-- Starting thread.
Called initialize()
Called prefire()
Called fire()
Called postfire()
Called prefire()
Called fire()
Called fire().
Checking for deadlock:
There are 3 Blocked actors, 0 Stopped actors, and 4 active threads.
Waiting for actors to stop.
-- Starting thread.
Called initialize()
Called prefire()
Called fire()
Checking for deadlock:
Read input token from inputA with value 0.0
There are 2 Blocked actors, 0 Stopped actors, and 4 active threads.
Waiting for actors to stop.
Called postfire()
Called prefire()
Called fire()
Checking for deadlock:
There are 3 Blocked actors, 0 Stopped actors, and 4 active threads.
Waiting for actors to stop.
Next port to read input from is inputB
Called postfire()
Called prefire()
Called fire()
Called postfire()
Called prefire()
Called fire()
Checking for deadlock:
There are 3 Blocked actors, 0 Stopped actors, and 4 active threads.
Waiting for actors to stop.
Read input token from inputB with value 0.0
Checking for deadlock:
There are 2 Blocked actors, 0 Stopped actors, and 4 active threads.
Waiting for actors to stop.
-- Read input: 0.0, which is expected to match: 0.0
Called prefire()
Called fire()
Checking for deadlock:
There are 3 Blocked actors, 0 Stopped actors, and 4 active threads.
Waiting for actors to stop.
Sent output token with value 0.0
Next port to read input from is inputA
Called postfire()
Called prefire()
Called fire()
Checking for deadlock:
There are 2 Blocked actors, 0 Stopped actors, and 4 active threads.
Waiting for actors to stop.
Called postfire()
Called prefire()
Called fire()
Checking for deadlock:
There are 3 Blocked actors, 0 Stopped actors, and 4 active threads.
Waiting for actors to stop.
Read input token from inputA with value 1.0
Checking for deadlock:
There are 2 Blocked actors, 0 Stopped actors, and 4 active threads.
Waiting for actors to stop.
-- Read input: 0.0, which is expected to match: 0.0
Called prefire()
Called fire()
Checking for deadlock:
There are 3 Blocked actors, 0 Stopped actors, and 4 active threads.
Waiting for actors to stop.
Sent output token with value 0.0
Next port to read input from is inputB
Called postfire()
Called prefire()
Called fire()
Called postfire()
Called prefire()
Called fire()
Checking for deadlock:
There are 3 Blocked actors, 0 Stopped actors, and 4 active threads.
Waiting for actors to stop.
Read input token from inputB with value 1.5
-- Read input: 1.0, which is expected to match: 1.0
Called prefire()
Called fire()
Checking for deadlock:
There are 3 Blocked actors, 0 Stopped actors, and 4 active threads.
Waiting for actors to stop.
Sent output token with value 1.0
Next port to read input from is inputA
Called postfire()
Called prefire()
Called fire()
Checking for deadlock:
There are 2 Blocked actors, 0 Stopped actors, and 4 active threads.
Waiting for actors to stop.
Called postfire()
Called prefire()
Called fire()
Checking for deadlock:
There are 3 Blocked actors, 0 Stopped actors, and 4 active threads.
Waiting for actors to stop.
Read input token from inputA with value 2.0
Checking for deadlock:
There are 2 Blocked actors, 0 Stopped actors, and 4 active threads.
Waiting for actors to stop.
-- Read input: 1.5, which is expected to match: 1.5
Called prefire()
Called fire()
Checking for deadlock:
There are 3 Blocked actors, 0 Stopped actors, and 4 active threads.
Waiting for actors to stop.
Sent output token with value 1.5
Next port to read input from is inputB
Called postfire()
Called prefire()
Called fire()
Checking for deadlock:
There are 2 Blocked actors, 0 Stopped actors, and 4 active threads.
Waiting for actors to stop.
Called postfire()
Called prefire()
Called fire()
Checking for deadlock:
There are 3 Blocked actors, 0 Stopped actors, and 4 active threads.
Waiting for actors to stop.
Read input token from inputB with value 3.0
Checking for deadlock:
There are 2 Blocked actors, 0 Stopped actors, and 4 active threads.
Waiting for actors to stop.
-- Read input: 2.0, which is expected to match: 2.0
Called prefire()
Called fire()
Checking for deadlock:
There are 3 Blocked actors, 0 Stopped actors, and 4 active threads.
Waiting for actors to stop.
Sent output token with value 2.0
Next port to read input from is inputA
Called postfire()
Called prefire()
Called fire()
Checking for deadlock:
There are 2 Blocked actors, 0 Stopped actors, and 4 active threads.
Waiting for actors to stop.
Called postfire()
Called prefire()
Called fire()
Checking for deadlock:
There are 3 Blocked actors, 0 Stopped actors, and 4 active threads.
Waiting for actors to stop.
Read input token from inputA with value 3.0
Checking for deadlock:
There are 2 Blocked actors, 0 Stopped actors, and 4 active threads.
Waiting for actors to stop.
-- Read input: 3.0, which is expected to match: 3.0
Called prefire()
Called fire()
Checking for deadlock:
There are 3 Blocked actors, 0 Stopped actors, and 4 active threads.
Waiting for actors to stop.
Sent output token with value 3.0
Next port to read input from is inputB
Called postfire()
Called prefire()
Called fire()
Called postfire()
Called prefire()
Called fire()
Checking for deadlock:
There are 3 Blocked actors, 0 Stopped actors, and 4 active threads.
Waiting for actors to stop.
Read input token from inputB with value 4.5
-- Read input: 3.0, which is expected to match: 3.0
Called prefire()
Called fire()
Checking for deadlock:
There are 3 Blocked actors, 0 Stopped actors, and 4 active threads.
Waiting for actors to stop.
Sent output token with value 3.0
Next port to read input from is inputA
Called postfire()
Called prefire()
Called fire()
Checking for deadlock:
There are 2 Blocked actors, 0 Stopped actors, and 4 active threads.
Waiting for actors to stop.
Called postfire()
Called prefire()
Called fire()
Checking for deadlock:
There are 3 Blocked actors, 0 Stopped actors, and 4 active threads.
Waiting for actors to stop.
Read input token from inputA with value 4.0
Checking for deadlock:
There are 2 Blocked actors, 0 Stopped actors, and 4 active threads.
Waiting for actors to stop.
-- Read input: 4.0, which is expected to match: 4.0
Called prefire()
Called fire()
Past the end of training data. Read and discard all inputs.
Checking for deadlock:
There are 3 Blocked actors, 0 Stopped actors, and 4 active threads.
Waiting for actors to stop.
Sent output token with value 4.0
Next port to read input from is inputA
Called postfire()
Called prefire()
Called fire()
Checking for deadlock:
There are 2 Blocked actors, 0 Stopped actors, and 4 active threads.
Waiting for actors to stop.
Called postfire()
Called prefire()
Called fire()
Checking for deadlock:
There are 3 Blocked actors, 0 Stopped actors, and 4 active threads.
Waiting for actors to stop.
Read input token from inputA with value 5.0
Checking for deadlock:
There are 2 Blocked actors, 0 Stopped actors, and 4 active threads.
Waiting for actors to stop.
Called prefire()
Called fire()
Past the end of training data. Read and discard all inputs.
Checking for deadlock:
There are 3 Blocked actors, 0 Stopped actors, and 4 active threads.
Waiting for actors to stop.
Sent output token with value 4.5
Next port to read input from is inputB
Called postfire()
Called prefire()
Called fire()
Called postfire()
Called prefire()
Called fire()
Checking for deadlock:
There are 3 Blocked actors, 0 Stopped actors, and 4 active threads.
Waiting for actors to stop.
Read input token from inputB with value 6.0
Called prefire()
Called fire()
Past the end of training data. Read and discard all inputs.
Checking for deadlock:
There are 3 Blocked actors, 0 Stopped actors, and 4 active threads.
Waiting for actors to stop.
Sent output token with value 5.0
Next port to read input from is inputA
Called postfire()
Called prefire()
Called fire()
Checking for deadlock:
There are 2 Blocked actors, 0 Stopped actors, and 4 active threads.
Waiting for actors to stop.
Called postfire()
Called prefire()
Called fire()
Checking for deadlock:
There are 3 Blocked actors, 0 Stopped actors, and 4 active threads.
Waiting for actors to stop.
Read input token from inputA with value 6.0
Checking for deadlock:
There are 2 Blocked actors, 0 Stopped actors, and 4 active threads.
Waiting for actors to stop.
Called prefire()
Called fire()
Past the end of training data. Read and discard all inputs.
Checking for deadlock:
There are 3 Blocked actors, 0 Stopped actors, and 4 active threads.
Waiting for actors to stop.
Sent output token with value 6.0
Next port to read input from is inputB
Called postfire()
Called prefire()
Called fire()
Called postfire()
Called prefire()
Called fire()
Checking for deadlock:
There are 3 Blocked actors, 0 Stopped actors, and 4 active threads.
Waiting for actors to stop.
Read input token from inputB with value 7.5
Called prefire()
Called fire()
Past the end of training data. Read and discard all inputs.
Checking for deadlock:
There are 3 Blocked actors, 0 Stopped actors, and 4 active threads.
Waiting for actors to stop.
Sent output token with value 6.0
Next port to read input from is inputA
Called postfire()
Called prefire()
Called fire()
Checking for deadlock:
There are 2 Blocked actors, 0 Stopped actors, and 4 active threads.
Waiting for actors to stop.
Called postfire()
Called prefire()
Called fire()
Checking for deadlock:
There are 3 Blocked actors, 0 Stopped actors, and 4 active threads.
Waiting for actors to stop.
Read input token from inputA with value 7.0
Checking for deadlock:
There are 2 Blocked actors, 0 Stopped actors, and 4 active threads.
Waiting for actors to stop.
Called prefire()
Called fire()
Past the end of training data. Read and discard all inputs.
Checking for deadlock:
There are 3 Blocked actors, 0 Stopped actors, and 4 active threads.
Waiting for actors to stop.
Sent output token with value 7.0
Next port to read input from is inputA
Called postfire()
Called prefire()
Called fire()
Checking for deadlock:
There are 2 Blocked actors, 0 Stopped actors, and 4 active threads.
Waiting for actors to stop.
-- Thread wrapup() called.
Called wrapup()
Thread .top.Ramp is exiting.
-- Thread stopped.
Checking for deadlock:
There are 2 Blocked actors, 0 Stopped actors, and 3 active threads.
Waiting for actors to stop.
Read input token from inputA with value 8.0
Called prefire()
Called fire()
Past the end of training data. Read and discard all inputs.
Checking for deadlock:
There are 2 Blocked actors, 0 Stopped actors, and 3 active threads.
Waiting for actors to stop.
Sent output token with value 7.5
Next port to read input from is inputB
Called postfire()
Called prefire()
Called fire()
Checking for deadlock:
There are 1 Blocked actors, 0 Stopped actors, and 3 active threads.
Waiting for actors to stop.
Called postfire()
Called prefire()
Called fire()
Checking for deadlock:
There are 2 Blocked actors, 0 Stopped actors, and 3 active threads.
Waiting for actors to stop.
Read input token from inputB with value 9.0
Checking for deadlock:
There are 1 Blocked actors, 0 Stopped actors, and 3 active threads.
Waiting for actors to stop.
Called prefire()
Called fire()
Past the end of training data. Read and discard all inputs.
Checking for deadlock:
There are 2 Blocked actors, 0 Stopped actors, and 3 active threads.
Waiting for actors to stop.
Sent output token with value 8.0
Next port to read input from is inputA
Called postfire()
Called prefire()
Called fire()
Read input token from inputA with value 9.0
Called prefire()
Called fire()
Past the end of training data. Read and discard all inputs.
Checking for deadlock:
There are 2 Blocked actors, 0 Stopped actors, and 3 active threads.
Waiting for actors to stop.
Sent output token with value 9.0
Next port to read input from is inputB
Called postfire()
Called prefire()
Called fire()
Called postfire()
Called prefire()
Called fire()
Checking for deadlock:
There are 2 Blocked actors, 0 Stopped actors, and 3 active threads.
Waiting for actors to stop.
Read input token from inputB with value 10.5
Called prefire()
Called fire()
Past the end of training data. Read and discard all inputs.
Checking for deadlock:
There are 2 Blocked actors, 0 Stopped actors, and 3 active threads.
Waiting for actors to stop.
Sent output token with value 9.0
Next port to read input from is inputA
Called postfire()
Called prefire()
Called fire()
Checking for deadlock:
There are 3 Blocked actors, 0 Stopped actors, and 3 active threads.
Actors have stopped.
Checking for deadlock:
There are 3 Blocked actors, 0 Stopped actors, and 3 active threads.
Deadlock detected.
Resolving Deadlock
Checking for deadlock:
There are 3 Blocked actors, 0 Stopped actors, and 3 active threads.
Artificial Deadlock - increasing queue capacity.
increasing the capacity of receiver ptolemy.actor.TypedIOPort {.top.OrderedMerge.inputB} to 2
Director: Called postfire().
Called postfire().
_stopRequested = false
_stopFireRequested = false
Returning from postfire(): true
Called fire().
Checking for deadlock:
There are 2 Blocked actors, 0 Stopped actors, and 3 active threads.
Waiting for actors to stop.
-- Thread wrapup() called.
Called wrapup()
Thread .top.Ramp2 is exiting.
-- Thread stopped.
Checking for deadlock:
There are 2 Blocked actors, 0 Stopped actors, and 2 active threads.
Actors have stopped.
Checking for deadlock:
There are 2 Blocked actors, 0 Stopped actors, and 2 active threads.
Deadlock detected.
Resolving Deadlock
Checking for deadlock:
There are 2 Blocked actors, 0 Stopped actors, and 2 active threads.
Deadlock detected: no processes blocked on write, but some are blocked on read.
Called postfire().
_stopRequested = false
_stopFireRequested = false
Returning from postfire(): false
Finished deactivating branches.
Called wrapup().
-- Thread wrapup() called.
Called wrapup()
-- Thread wrapup() called.
Called wrapup()
Thread .top.Test is exiting.
-- Thread stopped.
-- Blocked Receiver call threw TerminateProcessException.
Thread .top.OrderedMerge is exiting.
-- Thread stopped.
-- Blocked Receiver call threw TerminateProcessException.
25 ms. Memory: 129024K Free: 109625K (85%)
/home/travis/build/icyphy/ptII/ptolemy/actor/lib/test/Publisher.tcl
15 ms. Memory: 129024K Free: 103511K (80%)
6 ms. Memory: 129024K Free: 97911K (76%)
3 ms. Memory: 129024K Free: 94325K (73%)
4 ms. Memory: 129024K Free: 93295K (72%)
3 ms. Memory: 129024K Free: 92791K (72%)
3 ms. Memory: 129024K Free: 91767K (71%)
2 ms. Memory: 129024K Free: 91239K (71%)
2 ms. Memory: 129024K Free: 90229K (70%)
28 ms. Memory: 162816K Free: 140246K (86%)
5 ms. Memory: 162816K Free: 136630K (84%)
2 ms. Memory: 162816K Free: 135630K (83%)
3 ms. Memory: 162816K Free: 133574K (82%)
19 ms. Memory: 162816K Free: 125910K (77%)
6 ms. Memory: 162816K Free: 116694K (72%)
17 ms. Memory: 162816K Free: 105430K (65%)
/home/travis/build/icyphy/ptII/ptolemy/actor/lib/test/Pulse.tcl
4 ms. Memory: 162816K Free: 142188K (87%)
8 ms. Memory: 162816K Free: 141674K (87%)
2 ms. Memory: 162816K Free: 141164K (87%)
2 ms. Memory: 162816K Free: 140636K (86%)
1 ms. Memory: 162816K Free: 140140K (86%)
6 ms. Memory: 162816K Free: 139116K (85%)
9 ms. Memory: 162816K Free: 138092K (85%)
4 ms. Memory: 162816K Free: 137578K (84%)
2 ms. Memory: 162816K Free: 136540K (84%)
/home/travis/build/icyphy/ptII/ptolemy/actor/lib/test/Ramp.tcl
4 ms. Memory: 162816K Free: 135020K (83%)
3 ms. Memory: 162816K Free: 133994K (82%)
2 ms. Memory: 162816K Free: 133450K (82%)
1 ms. Memory: 162816K Free: 132452K (81%)
4 ms. Memory: 162816K Free: 131948K (81%)
7 ms. Memory: 162816K Free: 130924K (80%)
5 ms. Memory: 162816K Free: 129900K (80%)
5 actors
5000 microseconds per iteration to create
10 ms. Memory: 162816K Free: 127338K (78%)
2 ms. Memory: 162816K Free: 126828K (78%)
3 ms. Memory: 162816K Free: 125804K (77%)
3 ms. Memory: 162816K Free: 125290K (77%)
50 actors
44000 microseconds per iteration to create
40 ms. Memory: 162816K Free: 109930K (68%)
2 ms. Memory: 162816K Free: 108906K (67%)
5 ms. Memory: 162816K Free: 107882K (66%)
4 ms. Memory: 162816K Free: 106858K (66%)
500 actors
1520000 microseconds per iteration to create
211 ms. Memory: 162816K Free: 107602K (66%)
34 ms. Memory: 162816K Free: 102496K (63%)
33 ms. Memory: 162816K Free: 96866K (59%)
33 ms. Memory: 162816K Free: 91746K (56%)
/home/travis/build/icyphy/ptII/ptolemy/actor/lib/test/RampContinuous.tcl
6 ms. Memory: 162816K Free: 90194K (55%)
/home/travis/build/icyphy/ptII/ptolemy/actor/lib/test/RecordAssembler.tcl
4 ms. Memory: 162816K Free: 88674K (54%)
3 ms. Memory: 162816K Free: 87650K (54%)
/home/travis/build/icyphy/ptII/ptolemy/actor/lib/test/RecordDisassembler.tcl
5 ms. Memory: 162816K Free: 86082K (53%)
2 ms. Memory: 162816K Free: 85602K (53%)
3 ms. Memory: 162816K Free: 84064K (52%)
/home/travis/build/icyphy/ptII/ptolemy/actor/lib/test/Scale.tcl
3 ms. Memory: 162816K Free: 82530K (51%)
1 ms. Memory: 162816K Free: 81506K (50%)
2 ms. Memory: 162816K Free: 80992K (50%)
2 ms. Memory: 162816K Free: 79938K (49%)
2 ms. Memory: 162816K Free: 78944K (48%)
/home/travis/build/icyphy/ptII/ptolemy/actor/lib/test/SequentialClock.tcl
preinitializing
resolving types
initializing
executing number 1
wrapping up
idle
2 ms. Memory: 162816K Free: 77890K (48%)
Completed execution with 5 iterations
preinitializing
resolving types
initializing
executing number 1
wrapping up
idle
1 ms. Memory: 162816K Free: 77410K (48%)
Completed execution with 5 iterations
preinitializing
resolving types
initializing
executing number 1
wrapping up
idle
1 ms. Memory: 162816K Free: 76882K (47%)
Completed execution with 5 iterations
/home/travis/build/icyphy/ptII/ptolemy/actor/lib/test/SetVariable.tcl
3 ms. Memory: 162816K Free: 74848K (46%)
/home/travis/build/icyphy/ptII/ptolemy/actor/lib/test/Sinewave.tcl
/home/travis/build/icyphy/ptII/ptolemy/actor/lib/test/SubscriptionAggregator.tcl
4 ms. Memory: 162816K Free: 63584K (39%)
2 ms. Memory: 162816K Free: 63074K (39%)
1 ms. Memory: 162816K Free: 62560K (38%)
0 ms. Memory: 162816K Free: 62050K (38%)
2 ms. Memory: 162816K Free: 58450K (36%)
9 ms. Memory: 162816K Free: 56416K (35%)
...............................................................971 ms. Memory: 299008K Free: 173977K (58%)
/home/travis/build/icyphy/ptII/ptolemy/actor/lib/test/Test.tcl
 The next command will produce a warning about training mode,
   which may be ignored.
5 ms. Memory: 299008K Free: 171931K (58%)
6 ms. Memory: 299008K Free: 170907K (57%)
1 ms. Memory: 299008K Free: 170387K (57%)
5 ms. Memory: 299008K Free: 169883K (57%)
2 ms. Memory: 299008K Free: 169355K (57%)
17 ms. Memory: 299008K Free: 167835K (56%)
5 ms. Memory: 299008K Free: 166811K (56%)
 The next command will produce a warning about training mode,
   which may be ignored.
4 ms. Memory: 299008K Free: 164249K (55%)
 The next command will produce a warning about training mode,
   which may be ignored.
3 ms. Memory: 299008K Free: 163225K (55%)
7 ms. Memory: 299008K Free: 162715K (54%)
1 ms. Memory: 299008K Free: 162187K (54%)
11 ms. Memory: 299008K Free: 161691K (54%)
6 ms. Memory: 299008K Free: 160667K (54%)
2 ms. Memory: 299008K Free: 157081K (53%)
/home/travis/build/icyphy/ptII/ptolemy/actor/lib/test/TestExceptionHandler.tcl
 The next command will produce a warning about training mode,
   which may be ignored.
2 ms. Memory: 299008K Free: 155547K (52%)
1 ms. Memory: 299008K Free: 155033K (52%)
0 ms. Memory: 299008K Free: 154523K (52%)
/home/travis/build/icyphy/ptII/ptolemy/actor/lib/test/UnionDisassembler.tcl
14 ms. Memory: 299008K Free: 147355K (49%)
/home/travis/build/icyphy/ptII/ptolemy/actor/lib/test/VariableClock.tcl
preinitializing
resolving types
initializing
executing number 1
wrapping up
idle
3 ms. Memory: 299008K Free: 145307K (49%)
Completed execution with 11 iterations
preinitializing
resolving types
initializing
executing number 1
wrapping up
idle
3 ms. Memory: 299008K Free: 143739K (48%)
Completed execution with 10 iterations
05/04/20 02:16:17
Failed: 0  Total Tests: 233  ((Passed: 233, Newly Passed: 0)  Known Failed: 0) /home/travis/build/icyphy/ptII/ptolemy/actor/lib/test
----------------- testing (KnownFailure) /home/travis/build/icyphy/ptII/ptolemy/actor/lib/test/auto/knownFailedTests/PublisherPortToplevelSubscriber.xml
0 ms. Memory: 299008K Free: 140697K (47%)
Known Failure: java.lang.reflect.InvocationTargetException
----------------- testing (KnownFailure) /home/travis/build/icyphy/ptII/ptolemy/actor/lib/test/auto/knownFailedTests/PublisherSubscriberPortToplevel.xml
0 ms. Memory: 299008K Free: 136601K (46%)
Known Failure: java.lang.reflect.InvocationTargetException
----------------- testing (KnownFailure) /home/travis/build/icyphy/ptII/ptolemy/actor/lib/test/auto/knownFailedTests/PublisherSubscriptionAggregatorPort.xml
0 ms. Memory: 299008K Free: 132505K (44%)
Known Failure: java.lang.reflect.InvocationTargetException
----------------- testing (KnownFailure) /home/travis/build/icyphy/ptII/ptolemy/actor/lib/test/auto/knownFailedTests/sizedarray3.xml
3 ms. Memory: 299008K Free: 127385K (43%)
Known Failure: java.lang.reflect.InvocationTargetException
No auto/linux-amd64/*.xml tests in /home/travis/build/icyphy/ptII/ptolemy/actor/lib/test
AutoTests.java: About to close Vertx.
AutoTests.java: Vertx closed.

===========================================================================================
----------------- testing Mon May 04 14:16:18 UTC 2020 /home/travis/build/icyphy/ptII/ptolemy/actor/lib/test/auto/AbsoluteValue.xml
----------------- Instantiating /home/travis/build/icyphy/ptII/ptolemy/actor/lib/test/auto/AbsoluteValue.xml
9 ms. Memory: 299008K Free: 104347K (35%)
----------------- Invoking toplevel() on ptolemy.moml.MoMLSimpleApplication@52403bbb
----------------- Done invoking toplevel() on ptolemy.moml.MoMLSimpleApplication@52403bbb
reloadAllAccessors: .AbsoluteValue

===========================================================================================
----------------- testing Mon May 04 14:16:18 UTC 2020 /home/travis/build/icyphy/ptII/ptolemy/actor/lib/test/auto/AbsoluteValue2.xml
----------------- Instantiating /home/travis/build/icyphy/ptII/ptolemy/actor/lib/test/auto/AbsoluteValue2.xml
5 ms. Memory: 299008K Free: 247193K (83%)
----------------- Invoking toplevel() on ptolemy.moml.MoMLSimpleApplication@71d1a171
----------------- Done invoking toplevel() on ptolemy.moml.MoMLSimpleApplication@71d1a171
reloadAllAccessors: .AbsoluteValue2

===========================================================================================
----------------- testing Mon May 04 14:16:18 UTC 2020 /home/travis/build/icyphy/ptII/ptolemy/actor/lib/test/auto/Accumulator.xml
----------------- Instantiating /home/travis/build/icyphy/ptII/ptolemy/actor/lib/test/auto/Accumulator.xml
7 ms. Memory: 299008K Free: 240539K (80%)
----------------- Invoking toplevel() on ptolemy.moml.MoMLSimpleApplication@588c4c58
----------------- Done invoking toplevel() on ptolemy.moml.MoMLSimpleApplication@588c4c58
reloadAllAccessors: .Accumulator

===========================================================================================
----------------- testing Mon May 04 14:16:18 UTC 2020 /home/travis/build/icyphy/ptII/ptolemy/actor/lib/test/auto/Accumulator2.xml
----------------- Instantiating /home/travis/build/icyphy/ptII/ptolemy/actor/lib/test/auto/Accumulator2.xml
3 ms. Memory: 299008K Free: 235419K (79%)
----------------- Invoking toplevel() on ptolemy.moml.MoMLSimpleApplication@5e6bbeb2
----------------- Done invoking toplevel() on ptolemy.moml.MoMLSimpleApplication@5e6bbeb2
reloadAllAccessors: .Accumulator2

===========================================================================================
----------------- testing Mon May 04 14:16:18 UTC 2020 /home/travis/build/icyphy/ptII/ptolemy/actor/lib/test/auto/Accumulator3.xml
----------------- Instantiating /home/travis/build/icyphy/ptII/ptolemy/actor/lib/test/auto/Accumulator3.xml
4 ms. Memory: 299008K Free: 230809K (77%)
----------------- Invoking toplevel() on ptolemy.moml.MoMLSimpleApplication@78b5e2fb
----------------- Done invoking toplevel() on ptolemy.moml.MoMLSimpleApplication@78b5e2fb
reloadAllAccessors: .Accumulator3

===========================================================================================
----------------- testing Mon May 04 14:16:18 UTC 2020 /home/travis/build/icyphy/ptII/ptolemy/actor/lib/test/auto/ArrayAppend.xml
----------------- Instantiating /home/travis/build/icyphy/ptII/ptolemy/actor/lib/test/auto/ArrayAppend.xml
9 ms. Memory: 299008K Free: 224651K (75%)
----------------- Invoking toplevel() on ptolemy.moml.MoMLSimpleApplication@31dc8254
----------------- Done invoking toplevel() on ptolemy.moml.MoMLSimpleApplication@31dc8254
reloadAllAccessors: .ArrayAppend

===========================================================================================
----------------- testing Mon May 04 14:16:18 UTC 2020 /home/travis/build/icyphy/ptII/ptolemy/actor/lib/test/auto/ArrayAppend2.xml
----------------- Instantiating /home/travis/build/icyphy/ptII/ptolemy/actor/lib/test/auto/ArrayAppend2.xml
468 ms. Memory: 299008K Free: 144793K (48%)
----------------- Invoking toplevel() on ptolemy.moml.MoMLSimpleApplication@409aa55d
----------------- Done invoking toplevel() on ptolemy.moml.MoMLSimpleApplication@409aa55d
reloadAllAccessors: .ArrayAppend2

===========================================================================================
----------------- testing Mon May 04 14:16:19 UTC 2020 /home/travis/build/icyphy/ptII/ptolemy/actor/lib/test/auto/ArrayAppend3.xml
----------------- Instantiating /home/travis/build/icyphy/ptII/ptolemy/actor/lib/test/auto/ArrayAppend3.xml
3 ms. Memory: 299008K Free: 139673K (47%)
----------------- Invoking toplevel() on ptolemy.moml.MoMLSimpleApplication@783a6f73
----------------- Done invoking toplevel() on ptolemy.moml.MoMLSimpleApplication@783a6f73
reloadAllAccessors: .ArrayAppend3

===========================================================================================
----------------- testing Mon May 04 14:16:19 UTC 2020 /home/travis/build/icyphy/ptII/ptolemy/actor/lib/test/auto/ArrayAppend4.xml
----------------- Instantiating /home/travis/build/icyphy/ptII/ptolemy/actor/lib/test/auto/ArrayAppend4.xml
2 ms. Memory: 299008K Free: 134553K (45%)
----------------- Invoking toplevel() on ptolemy.moml.MoMLSimpleApplication@6743a17d
----------------- Done invoking toplevel() on ptolemy.moml.MoMLSimpleApplication@6743a17d
reloadAllAccessors: .ArrayAppend4

===========================================================================================
----------------- testing Mon May 04 14:16:19 UTC 2020 /home/travis/build/icyphy/ptII/ptolemy/actor/lib/test/auto/ArrayAppend5.xml
----------------- Instantiating /home/travis/build/icyphy/ptII/ptolemy/actor/lib/test/auto/ArrayAppend5.xml
3 ms. Memory: 299008K Free: 129433K (43%)
----------------- Invoking toplevel() on ptolemy.moml.MoMLSimpleApplication@f4946f2
----------------- Done invoking toplevel() on ptolemy.moml.MoMLSimpleApplication@f4946f2
reloadAllAccessors: .ArrayAppend5

===========================================================================================
----------------- testing Mon May 04 14:16:19 UTC 2020 /home/travis/build/icyphy/ptII/ptolemy/actor/lib/test/auto/ArrayAppend6.xml
----------------- Instantiating /home/travis/build/icyphy/ptII/ptolemy/actor/lib/test/auto/ArrayAppend6.xml
2 ms. Memory: 299008K Free: 124313K (42%)
----------------- Invoking toplevel() on ptolemy.moml.MoMLSimpleApplication@7bdb1c54
----------------- Done invoking toplevel() on ptolemy.moml.MoMLSimpleApplication@7bdb1c54
reloadAllAccessors: .ArrayAppend6

===========================================================================================
----------------- testing Mon May 04 14:16:19 UTC 2020 /home/travis/build/icyphy/ptII/ptolemy/actor/lib/test/auto/ArrayAppendPerformanceTest.xml
----------------- Instantiating /home/travis/build/icyphy/ptII/ptolemy/actor/lib/test/auto/ArrayAppendPerformanceTest.xml
28 ms. Memory: 299008K Free: 113563K (38%)
----------------- Invoking toplevel() on ptolemy.moml.MoMLSimpleApplication@7120edc5
----------------- Done invoking toplevel() on ptolemy.moml.MoMLSimpleApplication@7120edc5
reloadAllAccessors: .ArrayAppendPerformanceTest

===========================================================================================
----------------- testing Mon May 04 14:16:19 UTC 2020 /home/travis/build/icyphy/ptII/ptolemy/actor/lib/test/auto/ArrayAppendWithEmptyInput.xml
----------------- Instantiating /home/travis/build/icyphy/ptII/ptolemy/actor/lib/test/auto/ArrayAppendWithEmptyInput.xml
8 ms. Memory: 299008K Free: 105881K (35%)
----------------- Invoking toplevel() on ptolemy.moml.MoMLSimpleApplication@29e6e682
----------------- Done invoking toplevel() on ptolemy.moml.MoMLSimpleApplication@29e6e682
reloadAllAccessors: .ArrayAppendWithEmptyInput

===========================================================================================
----------------- testing Mon May 04 14:16:19 UTC 2020 /home/travis/build/icyphy/ptII/ptolemy/actor/lib/test/auto/ArrayAverage.xml
----------------- Instantiating /home/travis/build/icyphy/ptII/ptolemy/actor/lib/test/auto/ArrayAverage.xml
5 ms. Memory: 299008K Free: 97689K (33%)
----------------- Invoking toplevel() on ptolemy.moml.MoMLSimpleApplication@36030bfb
----------------- Done invoking toplevel() on ptolemy.moml.MoMLSimpleApplication@36030bfb
reloadAllAccessors: .ArrayAverage

===========================================================================================
----------------- testing Mon May 04 14:16:19 UTC 2020 /home/travis/build/icyphy/ptII/ptolemy/actor/lib/test/auto/ArrayContains.xml
----------------- Instantiating /home/travis/build/icyphy/ptII/ptolemy/actor/lib/test/auto/ArrayContains.xml
11 ms. Memory: 299008K Free: 92059K (31%)
----------------- Invoking toplevel() on ptolemy.moml.MoMLSimpleApplication@40592e50
----------------- Done invoking toplevel() on ptolemy.moml.MoMLSimpleApplication@40592e50
reloadAllAccessors: .ArrayContains

===========================================================================================
----------------- testing Mon May 04 14:16:19 UTC 2020 /home/travis/build/icyphy/ptII/ptolemy/actor/lib/test/auto/ArrayElement.xml
----------------- Instantiating /home/travis/build/icyphy/ptII/ptolemy/actor/lib/test/auto/ArrayElement.xml
5 ms. Memory: 299008K Free: 245599K (82%)
----------------- Invoking toplevel() on ptolemy.moml.MoMLSimpleApplication@5ed46c21
----------------- Done invoking toplevel() on ptolemy.moml.MoMLSimpleApplication@5ed46c21
reloadAllAccessors: .ArrayElement

===========================================================================================
----------------- testing Mon May 04 14:16:19 UTC 2020 /home/travis/build/icyphy/ptII/ptolemy/actor/lib/test/auto/ArrayElementAsMatrix.xml
----------------- Instantiating /home/travis/build/icyphy/ptII/ptolemy/actor/lib/test/auto/ArrayElementAsMatrix.xml
10 ms. Memory: 299008K Free: 235904K (79%)
----------------- Invoking toplevel() on ptolemy.moml.MoMLSimpleApplication@1cdcffea
----------------- Done invoking toplevel() on ptolemy.moml.MoMLSimpleApplication@1cdcffea
reloadAllAccessors: .ArrayElementAsMatrix

===========================================================================================
----------------- testing Mon May 04 14:16:19 UTC 2020 /home/travis/build/icyphy/ptII/ptolemy/actor/lib/test/auto/ArrayElementI.xml
----------------- Instantiating /home/travis/build/icyphy/ptII/ptolemy/actor/lib/test/auto/ArrayElementI.xml
3 ms. Memory: 299008K Free: 230784K (77%)
----------------- Invoking toplevel() on ptolemy.moml.MoMLSimpleApplication@1d9e086e
----------------- Done invoking toplevel() on ptolemy.moml.MoMLSimpleApplication@1d9e086e
reloadAllAccessors: .ArrayElementI

===========================================================================================
----------------- testing Mon May 04 14:16:19 UTC 2020 /home/travis/build/icyphy/ptII/ptolemy/actor/lib/test/auto/ArrayExtract.xml
----------------- Instantiating /home/travis/build/icyphy/ptII/ptolemy/actor/lib/test/auto/ArrayExtract.xml
5 ms. Memory: 299008K Free: 222078K (74%)
----------------- Invoking toplevel() on ptolemy.moml.MoMLSimpleApplication@35f3d283
----------------- Done invoking toplevel() on ptolemy.moml.MoMLSimpleApplication@35f3d283
reloadAllAccessors: .ArrayExtract

===========================================================================================
----------------- testing Mon May 04 14:16:19 UTC 2020 /home/travis/build/icyphy/ptII/ptolemy/actor/lib/test/auto/ArrayExtract2.xml
----------------- Instantiating /home/travis/build/icyphy/ptII/ptolemy/actor/lib/test/auto/ArrayExtract2.xml
1 ms. Memory: 299008K Free: 216943K (73%)
----------------- Invoking toplevel() on ptolemy.moml.MoMLSimpleApplication@16332e1c
----------------- Done invoking toplevel() on ptolemy.moml.MoMLSimpleApplication@16332e1c
reloadAllAccessors: .ArrayExtract2

===========================================================================================
----------------- testing Mon May 04 14:16:19 UTC 2020 /home/travis/build/icyphy/ptII/ptolemy/actor/lib/test/auto/ArrayLength.xml
----------------- Instantiating /home/travis/build/icyphy/ptII/ptolemy/actor/lib/test/auto/ArrayLength.xml
1 ms. Memory: 299008K Free: 212862K (71%)
----------------- Invoking toplevel() on ptolemy.moml.MoMLSimpleApplication@32d26c0f
----------------- Done invoking toplevel() on ptolemy.moml.MoMLSimpleApplication@32d26c0f
reloadAllAccessors: .ArrayLength

===========================================================================================
----------------- testing Mon May 04 14:16:19 UTC 2020 /home/travis/build/icyphy/ptII/ptolemy/actor/lib/test/auto/ArrayLevelCrossing.xml
----------------- Instantiating /home/travis/build/icyphy/ptII/ptolemy/actor/lib/test/auto/ArrayLevelCrossing.xml
3 ms. Memory: 299008K Free: 205184K (69%)
----------------- Invoking toplevel() on ptolemy.moml.MoMLSimpleApplication@58eeeb9d
----------------- Done invoking toplevel() on ptolemy.moml.MoMLSimpleApplication@58eeeb9d
reloadAllAccessors: .ArrayLevelCrossing

===========================================================================================
----------------- testing Mon May 04 14:16:19 UTC 2020 /home/travis/build/icyphy/ptII/ptolemy/actor/lib/test/auto/ArrayLevelCrossing2.xml
----------------- Instantiating /home/travis/build/icyphy/ptII/ptolemy/actor/lib/test/auto/ArrayLevelCrossing2.xml
2 ms. Memory: 299008K Free: 197487K (66%)
----------------- Invoking toplevel() on ptolemy.moml.MoMLSimpleApplication@19a6f49
----------------- Done invoking toplevel() on ptolemy.moml.MoMLSimpleApplication@19a6f49
reloadAllAccessors: .ArrayLevelCrossing2

===========================================================================================
----------------- testing Mon May 04 14:16:19 UTC 2020 /home/travis/build/icyphy/ptII/ptolemy/actor/lib/test/auto/ArrayPeakSearch.xml
----------------- Instantiating /home/travis/build/icyphy/ptII/ptolemy/actor/lib/test/auto/ArrayPeakSearch.xml
4 ms. Memory: 299008K Free: 188800K (63%)
----------------- Invoking toplevel() on ptolemy.moml.MoMLSimpleApplication@4d9acbc
----------------- Done invoking toplevel() on ptolemy.moml.MoMLSimpleApplication@4d9acbc
reloadAllAccessors: .ArrayPeakSearch

===========================================================================================
----------------- testing Mon May 04 14:16:19 UTC 2020 /home/travis/build/icyphy/ptII/ptolemy/actor/lib/test/auto/ArrayPeakSearch2.xml
----------------- Instantiating /home/travis/build/icyphy/ptII/ptolemy/actor/lib/test/auto/ArrayPeakSearch2.xml
6 ms. Memory: 299008K Free: 178015K (60%)
----------------- Invoking toplevel() on ptolemy.moml.MoMLSimpleApplication@2d8c94cc
----------------- Done invoking toplevel() on ptolemy.moml.MoMLSimpleApplication@2d8c94cc
reloadAllAccessors: .ArrayPeakSearch2

===========================================================================================
----------------- testing Mon May 04 14:16:19 UTC 2020 /home/travis/build/icyphy/ptII/ptolemy/actor/lib/test/auto/ArrayPeakSearch3.xml
----------------- Instantiating /home/travis/build/icyphy/ptII/ptolemy/actor/lib/test/auto/ArrayPeakSearch3.xml
5 ms. Memory: 299008K Free: 169344K (57%)
----------------- Invoking toplevel() on ptolemy.moml.MoMLSimpleApplication@50008bf
----------------- Done invoking toplevel() on ptolemy.moml.MoMLSimpleApplication@50008bf
reloadAllAccessors: .ArrayPeakSearch3

===========================================================================================
----------------- testing Mon May 04 14:16:19 UTC 2020 /home/travis/build/icyphy/ptII/ptolemy/actor/lib/test/auto/ArrayRemoveElement.xml
----------------- Instantiating /home/travis/build/icyphy/ptII/ptolemy/actor/lib/test/auto/ArrayRemoveElement.xml
3 ms. Memory: 299008K Free: 161152K (54%)
----------------- Invoking toplevel() on ptolemy.moml.MoMLSimpleApplication@6e5128d7
----------------- Done invoking toplevel() on ptolemy.moml.MoMLSimpleApplication@6e5128d7
reloadAllAccessors: .ArrayRemoveElement

===========================================================================================
----------------- testing Mon May 04 14:16:19 UTC 2020 /home/travis/build/icyphy/ptII/ptolemy/actor/lib/test/auto/ArraySort.xml
----------------- Instantiating /home/travis/build/icyphy/ptII/ptolemy/actor/lib/test/auto/ArraySort.xml
6 ms. Memory: 299008K Free: 152446K (51%)
----------------- Invoking toplevel() on ptolemy.moml.MoMLSimpleApplication@7212b8f9
----------------- Done invoking toplevel() on ptolemy.moml.MoMLSimpleApplication@7212b8f9
reloadAllAccessors: .ArraySort

===========================================================================================
----------------- testing Mon May 04 14:16:19 UTC 2020 /home/travis/build/icyphy/ptII/ptolemy/actor/lib/test/auto/ArraySum.xml
----------------- Instantiating /home/travis/build/icyphy/ptII/ptolemy/actor/lib/test/auto/ArraySum.xml
7 ms. Memory: 299008K Free: 146816K (49%)
----------------- Invoking toplevel() on ptolemy.moml.MoMLSimpleApplication@1dd9c23f
----------------- Done invoking toplevel() on ptolemy.moml.MoMLSimpleApplication@1dd9c23f
reloadAllAccessors: .ArraySum

===========================================================================================
----------------- testing Mon May 04 14:16:19 UTC 2020 /home/travis/build/icyphy/ptII/ptolemy/actor/lib/test/auto/ArrayToElements.xml
----------------- Instantiating /home/travis/build/icyphy/ptII/ptolemy/actor/lib/test/auto/ArrayToElements.xml
6 ms. Memory: 299008K Free: 141696K (47%)
----------------- Invoking toplevel() on ptolemy.moml.MoMLSimpleApplication@29e3114e
----------------- Done invoking toplevel() on ptolemy.moml.MoMLSimpleApplication@29e3114e
reloadAllAccessors: .ArrayToElements

===========================================================================================
----------------- testing Mon May 04 14:16:19 UTC 2020 /home/travis/build/icyphy/ptII/ptolemy/actor/lib/test/auto/ArrayToMatrix.xml
----------------- Instantiating /home/travis/build/icyphy/ptII/ptolemy/actor/lib/test/auto/ArrayToMatrix.xml
15 ms. Memory: 299008K Free: 127360K (43%)
----------------- Invoking toplevel() on ptolemy.moml.MoMLSimpleApplication@2c4485c6
----------------- Done invoking toplevel() on ptolemy.moml.MoMLSimpleApplication@2c4485c6
reloadAllAccessors: .ArrayToMatrix

===========================================================================================
----------------- testing Mon May 04 14:16:19 UTC 2020 /home/travis/build/icyphy/ptII/ptolemy/actor/lib/test/auto/ArrayUpdate1.xml
----------------- Instantiating /home/travis/build/icyphy/ptII/ptolemy/actor/lib/test/auto/ArrayUpdate1.xml
4 ms. Memory: 299008K Free: 122750K (41%)
----------------- Invoking toplevel() on ptolemy.moml.MoMLSimpleApplication@31cb8f26
----------------- Done invoking toplevel() on ptolemy.moml.MoMLSimpleApplication@31cb8f26
reloadAllAccessors: .ArrayUpdate1

===========================================================================================
----------------- testing Mon May 04 14:16:19 UTC 2020 /home/travis/build/icyphy/ptII/ptolemy/actor/lib/test/auto/ArrayUpdate2.xml
----------------- Instantiating /home/travis/build/icyphy/ptII/ptolemy/actor/lib/test/auto/ArrayUpdate2.xml
6 ms. Memory: 299008K Free: 116096K (39%)
----------------- Invoking toplevel() on ptolemy.moml.MoMLSimpleApplication@4f9046b5
----------------- Done invoking toplevel() on ptolemy.moml.MoMLSimpleApplication@4f9046b5
reloadAllAccessors: .ArrayUpdate2

===========================================================================================
----------------- testing Mon May 04 14:16:19 UTC 2020 /home/travis/build/icyphy/ptII/ptolemy/actor/lib/test/auto/ArrayUpdate3.xml
----------------- Instantiating /home/travis/build/icyphy/ptII/ptolemy/actor/lib/test/auto/ArrayUpdate3.xml
3 ms. Memory: 299008K Free: 111486K (37%)
----------------- Invoking toplevel() on ptolemy.moml.MoMLSimpleApplication@48e7af2e
----------------- Done invoking toplevel() on ptolemy.moml.MoMLSimpleApplication@48e7af2e
reloadAllAccessors: .ArrayUpdate3

===========================================================================================
----------------- testing Mon May 04 14:16:19 UTC 2020 /home/travis/build/icyphy/ptII/ptolemy/actor/lib/test/auto/Assert1.xml
----------------- Instantiating /home/travis/build/icyphy/ptII/ptolemy/actor/lib/test/auto/Assert1.xml
3 ms. Memory: 299008K Free: 106880K (36%)
----------------- Invoking toplevel() on ptolemy.moml.MoMLSimpleApplication@e37bc36
----------------- Done invoking toplevel() on ptolemy.moml.MoMLSimpleApplication@e37bc36
reloadAllAccessors: .Assert1

===========================================================================================
----------------- testing Mon May 04 14:16:19 UTC 2020 /home/travis/build/icyphy/ptII/ptolemy/actor/lib/test/auto/Assert2.xml
----------------- Instantiating /home/travis/build/icyphy/ptII/ptolemy/actor/lib/test/auto/Assert2.xml
2 ms. Memory: 299008K Free: 102270K (34%)
----------------- Invoking toplevel() on ptolemy.moml.MoMLSimpleApplication@36d59598
----------------- Done invoking toplevel() on ptolemy.moml.MoMLSimpleApplication@36d59598
reloadAllAccessors: .Assert2

===========================================================================================
----------------- testing Mon May 04 14:16:19 UTC 2020 /home/travis/build/icyphy/ptII/ptolemy/actor/lib/test/auto/BooleanMultiplexor.xml
----------------- Instantiating /home/travis/build/icyphy/ptII/ptolemy/actor/lib/test/auto/BooleanMultiplexor.xml
2 ms. Memory: 299008K Free: 96640K (32%)
----------------- Invoking toplevel() on ptolemy.moml.MoMLSimpleApplication@31e9e133
----------------- Done invoking toplevel() on ptolemy.moml.MoMLSimpleApplication@31e9e133
reloadAllAccessors: .BooleanMultiplexor

===========================================================================================
----------------- testing Mon May 04 14:16:19 UTC 2020 /home/travis/build/icyphy/ptII/ptolemy/actor/lib/test/auto/BooleanMultiplexor2.xml
----------------- Instantiating /home/travis/build/icyphy/ptII/ptolemy/actor/lib/test/auto/BooleanMultiplexor2.xml
13 ms. Memory: 299008K Free: 90494K (30%)
----------------- Invoking toplevel() on ptolemy.moml.MoMLSimpleApplication@25177c7c
----------------- Done invoking toplevel() on ptolemy.moml.MoMLSimpleApplication@25177c7c
reloadAllAccessors: .BooleanMultiplexor2

===========================================================================================
----------------- testing Mon May 04 14:16:19 UTC 2020 /home/travis/build/icyphy/ptII/ptolemy/actor/lib/test/auto/BooleanMultiplexor3.xml
----------------- Instantiating /home/travis/build/icyphy/ptII/ptolemy/actor/lib/test/auto/BooleanMultiplexor3.xml
3 ms. Memory: 299008K Free: 86400K (29%)
----------------- Invoking toplevel() on ptolemy.moml.MoMLSimpleApplication@14979cc3
----------------- Done invoking toplevel() on ptolemy.moml.MoMLSimpleApplication@14979cc3
reloadAllAccessors: .BooleanMultiplexor3

===========================================================================================
----------------- testing Mon May 04 14:16:20 UTC 2020 /home/travis/build/icyphy/ptII/ptolemy/actor/lib/test/auto/BooleanSelect.xml
----------------- Instantiating /home/travis/build/icyphy/ptII/ptolemy/actor/lib/test/auto/BooleanSelect.xml
8 ms. Memory: 299008K Free: 80751K (27%)
----------------- Invoking toplevel() on ptolemy.moml.MoMLSimpleApplication@49501aa2
----------------- Done invoking toplevel() on ptolemy.moml.MoMLSimpleApplication@49501aa2
reloadAllAccessors: .BooleanSelect

===========================================================================================
----------------- testing Mon May 04 14:16:20 UTC 2020 /home/travis/build/icyphy/ptII/ptolemy/actor/lib/test/auto/BooleanSelect2.xml
----------------- Instantiating /home/travis/build/icyphy/ptII/ptolemy/actor/lib/test/auto/BooleanSelect2.xml
1 ms. Memory: 299008K Free: 76160K (25%)
----------------- Invoking toplevel() on ptolemy.moml.MoMLSimpleApplication@5cfbcca7
----------------- Done invoking toplevel() on ptolemy.moml.MoMLSimpleApplication@5cfbcca7
reloadAllAccessors: .BooleanSelect2

===========================================================================================
----------------- testing Mon May 04 14:16:20 UTC 2020 /home/travis/build/icyphy/ptII/ptolemy/actor/lib/test/auto/BooleanSwitch.xml
----------------- Instantiating /home/travis/build/icyphy/ptII/ptolemy/actor/lib/test/auto/BooleanSwitch.xml
8 ms. Memory: 299008K Free: 248853K (83%)
----------------- Invoking toplevel() on ptolemy.moml.MoMLSimpleApplication@617e4b27
----------------- Done invoking toplevel() on ptolemy.moml.MoMLSimpleApplication@617e4b27
reloadAllAccessors: .BooleanSwitch

===========================================================================================
----------------- testing Mon May 04 14:16:20 UTC 2020 /home/travis/build/icyphy/ptII/ptolemy/actor/lib/test/auto/BooleanSwitch2.xml
----------------- Instantiating /home/travis/build/icyphy/ptII/ptolemy/actor/lib/test/auto/BooleanSwitch2.xml
2 ms. Memory: 299008K Free: 244251K (82%)
----------------- Invoking toplevel() on ptolemy.moml.MoMLSimpleApplication@5b53aa58
----------------- Done invoking toplevel() on ptolemy.moml.MoMLSimpleApplication@5b53aa58
reloadAllAccessors: .BooleanSwitch2

===========================================================================================
----------------- testing Mon May 04 14:16:20 UTC 2020 /home/travis/build/icyphy/ptII/ptolemy/actor/lib/test/auto/BooleanSwitchCloningBugWithClassRelationGroup.xml
----------------- Instantiating /home/travis/build/icyphy/ptII/ptolemy/actor/lib/test/auto/BooleanSwitchCloningBugWithClassRelationGroup.xml
3 ms. Memory: 299008K Free: 237593K (79%)
----------------- Invoking toplevel() on ptolemy.moml.MoMLSimpleApplication@5c3955dd
----------------- Done invoking toplevel() on ptolemy.moml.MoMLSimpleApplication@5c3955dd
reloadAllAccessors: .BooleanSwitchCloningBugWithClassRelationGroup

===========================================================================================
----------------- testing Mon May 04 14:16:20 UTC 2020 /home/travis/build/icyphy/ptII/ptolemy/actor/lib/test/auto/BusActors.xml
----------------- Instantiating /home/travis/build/icyphy/ptII/ptolemy/actor/lib/test/auto/BusActors.xml
5 ms. Memory: 299008K Free: 229915K (77%)
----------------- Invoking toplevel() on ptolemy.moml.MoMLSimpleApplication@33b7e2ed
----------------- Done invoking toplevel() on ptolemy.moml.MoMLSimpleApplication@33b7e2ed
reloadAllAccessors: .BusActors

===========================================================================================
----------------- testing Mon May 04 14:16:20 UTC 2020 /home/travis/build/icyphy/ptII/ptolemy/actor/lib/test/auto/ClassWrapper.xml
----------------- Instantiating /home/travis/build/icyphy/ptII/ptolemy/actor/lib/test/auto/ClassWrapper.xml
3 ms. Memory: 299008K Free: 225305K (75%)
----------------- Invoking toplevel() on ptolemy.moml.MoMLSimpleApplication@9079937
----------------- Done invoking toplevel() on ptolemy.moml.MoMLSimpleApplication@9079937
reloadAllAccessors: .ClassWrapper

===========================================================================================
----------------- testing Mon May 04 14:16:20 UTC 2020 /home/travis/build/icyphy/ptII/ptolemy/actor/lib/test/auto/Clock.xml
----------------- Instantiating /home/travis/build/icyphy/ptII/ptolemy/actor/lib/test/auto/Clock.xml
2 ms. Memory: 299008K Free: 221723K (74%)
----------------- Invoking toplevel() on ptolemy.moml.MoMLSimpleApplication@350adf9d
----------------- Done invoking toplevel() on ptolemy.moml.MoMLSimpleApplication@350adf9d
reloadAllAccessors: .Clock

===========================================================================================
----------------- testing Mon May 04 14:16:20 UTC 2020 /home/travis/build/icyphy/ptII/ptolemy/actor/lib/test/auto/Clock10.xml
----------------- Instantiating /home/travis/build/icyphy/ptII/ptolemy/actor/lib/test/auto/Clock10.xml
3 ms. Memory: 299008K Free: 215579K (72%)
----------------- Invoking toplevel() on ptolemy.moml.MoMLSimpleApplication@6ff66b94
----------------- Done invoking toplevel() on ptolemy.moml.MoMLSimpleApplication@6ff66b94
reloadAllAccessors: .Clock10

===========================================================================================
----------------- testing Mon May 04 14:16:20 UTC 2020 /home/travis/build/icyphy/ptII/ptolemy/actor/lib/test/auto/Clock11.xml
----------------- Instantiating /home/travis/build/icyphy/ptII/ptolemy/actor/lib/test/auto/Clock11.xml
5 ms. Memory: 299008K Free: 209945K (70%)
----------------- Invoking toplevel() on ptolemy.moml.MoMLSimpleApplication@5020570f
----------------- Done invoking toplevel() on ptolemy.moml.MoMLSimpleApplication@5020570f
reloadAllAccessors: .Clock11

===========================================================================================
----------------- testing Mon May 04 14:16:20 UTC 2020 /home/travis/build/icyphy/ptII/ptolemy/actor/lib/test/auto/Clock12.xml
----------------- Instantiating /home/travis/build/icyphy/ptII/ptolemy/actor/lib/test/auto/Clock12.xml
5 ms. Memory: 299008K Free: 203801K (68%)
----------------- Invoking toplevel() on ptolemy.moml.MoMLSimpleApplication@3a321529
----------------- Done invoking toplevel() on ptolemy.moml.MoMLSimpleApplication@3a321529
reloadAllAccessors: .Clock12

===========================================================================================
----------------- testing Mon May 04 14:16:20 UTC 2020 /home/travis/build/icyphy/ptII/ptolemy/actor/lib/test/auto/Clock13.xml
----------------- Instantiating /home/travis/build/icyphy/ptII/ptolemy/actor/lib/test/auto/Clock13.xml
4 ms. Memory: 299008K Free: 198171K (66%)
----------------- Invoking toplevel() on ptolemy.moml.MoMLSimpleApplication@24106adc
----------------- Done invoking toplevel() on ptolemy.moml.MoMLSimpleApplication@24106adc
reloadAllAccessors: .Clock13

===========================================================================================
----------------- testing Mon May 04 14:16:20 UTC 2020 /home/travis/build/icyphy/ptII/ptolemy/actor/lib/test/auto/Clock14.xml
----------------- Instantiating /home/travis/build/icyphy/ptII/ptolemy/actor/lib/test/auto/Clock14.xml
5 ms. Memory: 299008K Free: 192027K (64%)
----------------- Invoking toplevel() on ptolemy.moml.MoMLSimpleApplication@22804f47
----------------- Done invoking toplevel() on ptolemy.moml.MoMLSimpleApplication@22804f47
reloadAllAccessors: .Clock14

===========================================================================================
----------------- testing Mon May 04 14:16:20 UTC 2020 /home/travis/build/icyphy/ptII/ptolemy/actor/lib/test/auto/Clock15.xml
----------------- Instantiating /home/travis/build/icyphy/ptII/ptolemy/actor/lib/test/auto/Clock15.xml
5 ms. Memory: 299008K Free: 186387K (62%)
----------------- Invoking toplevel() on ptolemy.moml.MoMLSimpleApplication@48296cc7
----------------- Done invoking toplevel() on ptolemy.moml.MoMLSimpleApplication@48296cc7
reloadAllAccessors: .Clock15

===========================================================================================
----------------- testing Mon May 04 14:16:20 UTC 2020 /home/travis/build/icyphy/ptII/ptolemy/actor/lib/test/auto/Clock16.xml
----------------- Instantiating /home/travis/build/icyphy/ptII/ptolemy/actor/lib/test/auto/Clock16.xml
34 ms. Memory: 299008K Free: 171531K (57%)
----------------- Invoking toplevel() on ptolemy.moml.MoMLSimpleApplication@18c3a5d8
----------------- Done invoking toplevel() on ptolemy.moml.MoMLSimpleApplication@18c3a5d8
reloadAllAccessors: .Clock16

===========================================================================================
----------------- testing Mon May 04 14:16:20 UTC 2020 /home/travis/build/icyphy/ptII/ptolemy/actor/lib/test/auto/Clock17.xml
----------------- Instantiating /home/travis/build/icyphy/ptII/ptolemy/actor/lib/test/auto/Clock17.xml
14 ms. Memory: 299008K Free: 157211K (53%)
----------------- Invoking toplevel() on ptolemy.moml.MoMLSimpleApplication@5ba5007e
----------------- Done invoking toplevel() on ptolemy.moml.MoMLSimpleApplication@5ba5007e
reloadAllAccessors: .Clock17

===========================================================================================
----------------- testing Mon May 04 14:16:20 UTC 2020 /home/travis/build/icyphy/ptII/ptolemy/actor/lib/test/auto/Clock18.xml
----------------- Instantiating /home/travis/build/icyphy/ptII/ptolemy/actor/lib/test/auto/Clock18.xml
21 ms. Memory: 299008K Free: 143371K (48%)
----------------- Invoking toplevel() on ptolemy.moml.MoMLSimpleApplication@76e38744
----------------- Done invoking toplevel() on ptolemy.moml.MoMLSimpleApplication@76e38744
reloadAllAccessors: .Clock18

===========================================================================================
----------------- testing Mon May 04 14:16:20 UTC 2020 /home/travis/build/icyphy/ptII/ptolemy/actor/lib/test/auto/Clock19.xml
----------------- Instantiating /home/travis/build/icyphy/ptII/ptolemy/actor/lib/test/auto/Clock19.xml
12 ms. Memory: 299008K Free: 130587K (44%)
----------------- Invoking toplevel() on ptolemy.moml.MoMLSimpleApplication@521b01da
----------------- Done invoking toplevel() on ptolemy.moml.MoMLSimpleApplication@521b01da
reloadAllAccessors: .Clock19

===========================================================================================
----------------- testing Mon May 04 14:16:20 UTC 2020 /home/travis/build/icyphy/ptII/ptolemy/actor/lib/test/auto/Clock2.xml
----------------- Instantiating /home/travis/build/icyphy/ptII/ptolemy/actor/lib/test/auto/Clock2.xml
6 ms. Memory: 299008K Free: 125963K (42%)
----------------- Invoking toplevel() on ptolemy.moml.MoMLSimpleApplication@3baf98b5
----------------- Done invoking toplevel() on ptolemy.moml.MoMLSimpleApplication@3baf98b5
reloadAllAccessors: .Clock2

===========================================================================================
----------------- testing Mon May 04 14:16:20 UTC 2020 /home/travis/build/icyphy/ptII/ptolemy/actor/lib/test/auto/Clock20.xml
----------------- Instantiating /home/travis/build/icyphy/ptII/ptolemy/actor/lib/test/auto/Clock20.xml
5 ms. Memory: 299008K Free: 120857K (40%)
----------------- Invoking toplevel() on ptolemy.moml.MoMLSimpleApplication@35d4910f
----------------- Done invoking toplevel() on ptolemy.moml.MoMLSimpleApplication@35d4910f
reloadAllAccessors: .Clock20

===========================================================================================
----------------- testing Mon May 04 14:16:20 UTC 2020 /home/travis/build/icyphy/ptII/ptolemy/actor/lib/test/auto/Clock21.xml
----------------- Instantiating /home/travis/build/icyphy/ptII/ptolemy/actor/lib/test/auto/Clock21.xml
2 ms. Memory: 299008K Free: 115227K (39%)
----------------- Invoking toplevel() on ptolemy.moml.MoMLSimpleApplication@2d0caea7
----------------- Done invoking toplevel() on ptolemy.moml.MoMLSimpleApplication@2d0caea7
reloadAllAccessors: .Clock21

===========================================================================================
----------------- testing Mon May 04 14:16:20 UTC 2020 /home/travis/build/icyphy/ptII/ptolemy/actor/lib/test/auto/Clock22.xml
----------------- Instantiating /home/travis/build/icyphy/ptII/ptolemy/actor/lib/test/auto/Clock22.xml
6 ms. Memory: 299008K Free: 109593K (37%)
----------------- Invoking toplevel() on ptolemy.moml.MoMLSimpleApplication@56be55a4
----------------- Done invoking toplevel() on ptolemy.moml.MoMLSimpleApplication@56be55a4
reloadAllAccessors: .Clock22

===========================================================================================
----------------- testing Mon May 04 14:16:20 UTC 2020 /home/travis/build/icyphy/ptII/ptolemy/actor/lib/test/auto/Clock23.xml
----------------- Instantiating /home/travis/build/icyphy/ptII/ptolemy/actor/lib/test/auto/Clock23.xml
4 ms. Memory: 299008K Free: 104473K (35%)
----------------- Invoking toplevel() on ptolemy.moml.MoMLSimpleApplication@68a4f32e
----------------- Done invoking toplevel() on ptolemy.moml.MoMLSimpleApplication@68a4f32e
reloadAllAccessors: .Clock23

===========================================================================================
----------------- testing Mon May 04 14:16:20 UTC 2020 /home/travis/build/icyphy/ptII/ptolemy/actor/lib/test/auto/Clock24.xml
----------------- Instantiating /home/travis/build/icyphy/ptII/ptolemy/actor/lib/test/auto/Clock24.xml
4 ms. Memory: 299008K Free: 98843K (33%)
----------------- Invoking toplevel() on ptolemy.moml.MoMLSimpleApplication@30f3166f
----------------- Done invoking toplevel() on ptolemy.moml.MoMLSimpleApplication@30f3166f
reloadAllAccessors: .Clock24

===========================================================================================
----------------- testing Mon May 04 14:16:20 UTC 2020 /home/travis/build/icyphy/ptII/ptolemy/actor/lib/test/auto/Clock4.xml
----------------- Instantiating /home/travis/build/icyphy/ptII/ptolemy/actor/lib/test/auto/Clock4.xml
1 ms. Memory: 299008K Free: 94203K (32%)
----------------- Invoking toplevel() on ptolemy.moml.MoMLSimpleApplication@18907576
----------------- Done invoking toplevel() on ptolemy.moml.MoMLSimpleApplication@18907576
reloadAllAccessors: .Clock4

===========================================================================================
----------------- testing Mon May 04 14:16:20 UTC 2020 /home/travis/build/icyphy/ptII/ptolemy/actor/lib/test/auto/Clock5.xml
----------------- Instantiating /home/travis/build/icyphy/ptII/ptolemy/actor/lib/test/auto/Clock5.xml
1 ms. Memory: 299008K Free: 88603K (30%)
----------------- Invoking toplevel() on ptolemy.moml.MoMLSimpleApplication@2e50232c
----------------- Done invoking toplevel() on ptolemy.moml.MoMLSimpleApplication@2e50232c
reloadAllAccessors: .Clock5

===========================================================================================
----------------- testing Mon May 04 14:16:20 UTC 2020 /home/travis/build/icyphy/ptII/ptolemy/actor/lib/test/auto/Clock6.xml
----------------- Instantiating /home/travis/build/icyphy/ptII/ptolemy/actor/lib/test/auto/Clock6.xml
1 ms. Memory: 299008K Free: 83993K (28%)
----------------- Invoking toplevel() on ptolemy.moml.MoMLSimpleApplication@7f1fd44e
----------------- Done invoking toplevel() on ptolemy.moml.MoMLSimpleApplication@7f1fd44e
reloadAllAccessors: .Clock6

===========================================================================================
----------------- testing Mon May 04 14:16:20 UTC 2020 /home/travis/build/icyphy/ptII/ptolemy/actor/lib/test/auto/Clock7.xml
----------------- Instantiating /home/travis/build/icyphy/ptII/ptolemy/actor/lib/test/auto/Clock7.xml
2 ms. Memory: 299008K Free: 79897K (27%)
----------------- Invoking toplevel() on ptolemy.moml.MoMLSimpleApplication@13ed41bf
----------------- Done invoking toplevel() on ptolemy.moml.MoMLSimpleApplication@13ed41bf
reloadAllAccessors: .Clock7

===========================================================================================
----------------- testing Mon May 04 14:16:20 UTC 2020 /home/travis/build/icyphy/ptII/ptolemy/actor/lib/test/auto/Clock8.xml
----------------- Instantiating /home/travis/build/icyphy/ptII/ptolemy/actor/lib/test/auto/Clock8.xml
2 ms. Memory: 299008K Free: 74267K (25%)
----------------- Invoking toplevel() on ptolemy.moml.MoMLSimpleApplication@5c7deaa6
----------------- Done invoking toplevel() on ptolemy.moml.MoMLSimpleApplication@5c7deaa6
reloadAllAccessors: .Clock8

===========================================================================================
----------------- testing Mon May 04 14:16:20 UTC 2020 /home/travis/build/icyphy/ptII/ptolemy/actor/lib/test/auto/Clock9.xml
----------------- Instantiating /home/travis/build/icyphy/ptII/ptolemy/actor/lib/test/auto/Clock9.xml
10 ms. Memory: 299008K Free: 247363K (83%)
----------------- Invoking toplevel() on ptolemy.moml.MoMLSimpleApplication@6b5a4456
----------------- Done invoking toplevel() on ptolemy.moml.MoMLSimpleApplication@6b5a4456
reloadAllAccessors: .Clock9

===========================================================================================
----------------- testing Mon May 04 14:16:20 UTC 2020 /home/travis/build/icyphy/ptII/ptolemy/actor/lib/test/auto/CommDistDiscard.xml
----------------- Instantiating /home/travis/build/icyphy/ptII/ptolemy/actor/lib/test/auto/CommDistDiscard.xml
3 ms. Memory: 299008K Free: 241729K (81%)
----------------- Invoking toplevel() on ptolemy.moml.MoMLSimpleApplication@3c1353b6
----------------- Done invoking toplevel() on ptolemy.moml.MoMLSimpleApplication@3c1353b6
reloadAllAccessors: .CommDistDiscard

===========================================================================================
----------------- testing Mon May 04 14:16:20 UTC 2020 /home/travis/build/icyphy/ptII/ptolemy/actor/lib/test/auto/Commutator.xml
----------------- Instantiating /home/travis/build/icyphy/ptII/ptolemy/actor/lib/test/auto/Commutator.xml
1 ms. Memory: 299008K Free: 237123K (79%)
----------------- Invoking toplevel() on ptolemy.moml.MoMLSimpleApplication@145fff2f
----------------- Done invoking toplevel() on ptolemy.moml.MoMLSimpleApplication@145fff2f
reloadAllAccessors: .Commutator

===========================================================================================
----------------- testing Mon May 04 14:16:20 UTC 2020 /home/travis/build/icyphy/ptII/ptolemy/actor/lib/test/auto/Commutator2.xml
----------------- Instantiating /home/travis/build/icyphy/ptII/ptolemy/actor/lib/test/auto/Commutator2.xml
1 ms. Memory: 299008K Free: 233027K (78%)
----------------- Invoking toplevel() on ptolemy.moml.MoMLSimpleApplication@7121bb45
----------------- Done invoking toplevel() on ptolemy.moml.MoMLSimpleApplication@7121bb45
reloadAllAccessors: .Commutator2

===========================================================================================
----------------- testing Mon May 04 14:16:20 UTC 2020 /home/travis/build/icyphy/ptII/ptolemy/actor/lib/test/auto/Commutator3.xml
----------------- Instantiating /home/travis/build/icyphy/ptII/ptolemy/actor/lib/test/auto/Commutator3.xml
2 ms. Memory: 299008K Free: 228417K (76%)
----------------- Invoking toplevel() on ptolemy.moml.MoMLSimpleApplication@e507555
----------------- Done invoking toplevel() on ptolemy.moml.MoMLSimpleApplication@e507555
reloadAllAccessors: .Commutator3

===========================================================================================
----------------- testing Mon May 04 14:16:20 UTC 2020 /home/travis/build/icyphy/ptII/ptolemy/actor/lib/test/auto/Compare.xml
----------------- Instantiating /home/travis/build/icyphy/ptII/ptolemy/actor/lib/test/auto/Compare.xml
2 ms. Memory: 299008K Free: 222273K (74%)
----------------- Invoking toplevel() on ptolemy.moml.MoMLSimpleApplication@212fdc66
----------------- Done invoking toplevel() on ptolemy.moml.MoMLSimpleApplication@212fdc66
reloadAllAccessors: .Compare

===========================================================================================
----------------- testing Mon May 04 14:16:20 UTC 2020 /home/travis/build/icyphy/ptII/ptolemy/actor/lib/test/auto/CompareDE.xml
----------------- Instantiating /home/travis/build/icyphy/ptII/ptolemy/actor/lib/test/auto/CompareDE.xml
3 ms. Memory: 299008K Free: 215091K (72%)
----------------- Invoking toplevel() on ptolemy.moml.MoMLSimpleApplication@5fabaf5f
----------------- Done invoking toplevel() on ptolemy.moml.MoMLSimpleApplication@5fabaf5f
reloadAllAccessors: .CompareDE

===========================================================================================
----------------- testing Mon May 04 14:16:20 UTC 2020 /home/travis/build/icyphy/ptII/ptolemy/actor/lib/test/auto/ComplexDivide.xml
----------------- Instantiating /home/travis/build/icyphy/ptII/ptolemy/actor/lib/test/auto/ComplexDivide.xml
1 ms. Memory: 299008K Free: 211009K (71%)
----------------- Invoking toplevel() on ptolemy.moml.MoMLSimpleApplication@23f9aaff
----------------- Done invoking toplevel() on ptolemy.moml.MoMLSimpleApplication@23f9aaff
reloadAllAccessors: .ComplexDivide

===========================================================================================
----------------- testing Mon May 04 14:16:20 UTC 2020 /home/travis/build/icyphy/ptII/ptolemy/actor/lib/test/auto/ComputeHistogram.xml
----------------- Instantiating /home/travis/build/icyphy/ptII/ptolemy/actor/lib/test/auto/ComputeHistogram.xml
32 ms. Memory: 299008K Free: 198721K (66%)
----------------- Invoking toplevel() on ptolemy.moml.MoMLSimpleApplication@13a5cfbe
----------------- Done invoking toplevel() on ptolemy.moml.MoMLSimpleApplication@13a5cfbe
reloadAllAccessors: .ComputeHistogram

===========================================================================================
----------------- testing Mon May 04 14:16:20 UTC 2020 /home/travis/build/icyphy/ptII/ptolemy/actor/lib/test/auto/ConfigurationSelect.xml
----------------- Instantiating /home/travis/build/icyphy/ptII/ptolemy/actor/lib/test/auto/ConfigurationSelect.xml
9 ms. Memory: 299008K Free: 193091K (65%)
----------------- Invoking toplevel() on ptolemy.moml.MoMLSimpleApplication@51590373
----------------- Done invoking toplevel() on ptolemy.moml.MoMLSimpleApplication@51590373
reloadAllAccessors: .ConfigurationSelect

===========================================================================================
----------------- testing Mon May 04 14:16:20 UTC 2020 /home/travis/build/icyphy/ptII/ptolemy/actor/lib/test/auto/ConfigurationSelect2.xml
----------------- Instantiating /home/travis/build/icyphy/ptII/ptolemy/actor/lib/test/auto/ConfigurationSelect2.xml
2 ms. Memory: 299008K Free: 188481K (63%)
----------------- Invoking toplevel() on ptolemy.moml.MoMLSimpleApplication@12f1e569
----------------- Done invoking toplevel() on ptolemy.moml.MoMLSimpleApplication@12f1e569
reloadAllAccessors: .ConfigurationSelect2

===========================================================================================
----------------- testing Mon May 04 14:16:20 UTC 2020 /home/travis/build/icyphy/ptII/ptolemy/actor/lib/test/auto/ConfigurationSwitch.xml
----------------- Instantiating /home/travis/build/icyphy/ptII/ptolemy/actor/lib/test/auto/ConfigurationSwitch.xml
2 ms. Memory: 299008K Free: 183361K (61%)
----------------- Invoking toplevel() on ptolemy.moml.MoMLSimpleApplication@58d267d8
----------------- Done invoking toplevel() on ptolemy.moml.MoMLSimpleApplication@58d267d8
reloadAllAccessors: .ConfigurationSwitch

===========================================================================================
----------------- testing Mon May 04 14:16:21 UTC 2020 /home/travis/build/icyphy/ptII/ptolemy/actor/lib/test/auto/ConfigurationSwitch2.xml
----------------- Instantiating /home/travis/build/icyphy/ptII/ptolemy/actor/lib/test/auto/ConfigurationSwitch2.xml
2 ms. Memory: 299008K Free: 177731K (59%)
----------------- Invoking toplevel() on ptolemy.moml.MoMLSimpleApplication@46637a95
----------------- Done invoking toplevel() on ptolemy.moml.MoMLSimpleApplication@46637a95
reloadAllAccessors: .ConfigurationSwitch2

===========================================================================================
----------------- testing Mon May 04 14:16:21 UTC 2020 /home/travis/build/icyphy/ptII/ptolemy/actor/lib/test/auto/ConfigurationSwitchCloningBugWithClassRelationGroup.xml
----------------- Instantiating /home/travis/build/icyphy/ptII/ptolemy/actor/lib/test/auto/ConfigurationSwitchCloningBugWithClassRelationGroup.xml
2 ms. Memory: 299008K Free: 171587K (57%)
----------------- Invoking toplevel() on ptolemy.moml.MoMLSimpleApplication@3d8412a8
----------------- Done invoking toplevel() on ptolemy.moml.MoMLSimpleApplication@3d8412a8
reloadAllAccessors: .ConfigurationSwitchCloningBugWithClassRelationGroup

===========================================================================================
----------------- testing Mon May 04 14:16:21 UTC 2020 /home/travis/build/icyphy/ptII/ptolemy/actor/lib/test/auto/ConfigurationSwitchSelectSDF.xml
----------------- Instantiating /home/travis/build/icyphy/ptII/ptolemy/actor/lib/test/auto/ConfigurationSwitchSelectSDF.xml
2 ms. Memory: 299008K Free: 165953K (56%)
----------------- Invoking toplevel() on ptolemy.moml.MoMLSimpleApplication@144c8066
----------------- Done invoking toplevel() on ptolemy.moml.MoMLSimpleApplication@144c8066
reloadAllAccessors: .ConfigurationSwitchSelectSDF

===========================================================================================
----------------- testing Mon May 04 14:16:21 UTC 2020 /home/travis/build/icyphy/ptII/ptolemy/actor/lib/test/auto/ConfigurationSwitchSelectSDF2.xml
----------------- Instantiating /home/travis/build/icyphy/ptII/ptolemy/actor/lib/test/auto/ConfigurationSwitchSelectSDF2.xml
1 ms. Memory: 299008K Free: 160323K (54%)
----------------- Invoking toplevel() on ptolemy.moml.MoMLSimpleApplication@621d6c05
----------------- Done invoking toplevel() on ptolemy.moml.MoMLSimpleApplication@621d6c05
reloadAllAccessors: .ConfigurationSwitchSelectSDF2

===========================================================================================
----------------- testing Mon May 04 14:16:21 UTC 2020 /home/travis/build/icyphy/ptII/ptolemy/actor/lib/test/auto/Const.xml
----------------- Instantiating /home/travis/build/icyphy/ptII/ptolemy/actor/lib/test/auto/Const.xml
1 ms. Memory: 299008K Free: 156737K (52%)
----------------- Invoking toplevel() on ptolemy.moml.MoMLSimpleApplication@19b73420
----------------- Done invoking toplevel() on ptolemy.moml.MoMLSimpleApplication@19b73420
reloadAllAccessors: .Const

===========================================================================================
----------------- testing Mon May 04 14:16:21 UTC 2020 /home/travis/build/icyphy/ptII/ptolemy/actor/lib/test/auto/Const2.xml
----------------- Instantiating /home/travis/build/icyphy/ptII/ptolemy/actor/lib/test/auto/Const2.xml
1 ms. Memory: 299008K Free: 153155K (51%)
----------------- Invoking toplevel() on ptolemy.moml.MoMLSimpleApplication@6416783b
----------------- Done invoking toplevel() on ptolemy.moml.MoMLSimpleApplication@6416783b
reloadAllAccessors: .Const2

===========================================================================================
----------------- testing Mon May 04 14:16:21 UTC 2020 /home/travis/build/icyphy/ptII/ptolemy/actor/lib/test/auto/Const3.xml
----------------- Instantiating /home/travis/build/icyphy/ptII/ptolemy/actor/lib/test/auto/Const3.xml
1 ms. Memory: 299008K Free: 150083K (50%)
----------------- Invoking toplevel() on ptolemy.moml.MoMLSimpleApplication@74487185
----------------- Done invoking toplevel() on ptolemy.moml.MoMLSimpleApplication@74487185
reloadAllAccessors: .Const3

===========================================================================================
----------------- testing Mon May 04 14:16:21 UTC 2020 /home/travis/build/icyphy/ptII/ptolemy/actor/lib/test/auto/ConstantPublisherPort1.xml
----------------- Instantiating /home/travis/build/icyphy/ptII/ptolemy/actor/lib/test/auto/ConstantPublisherPort1.xml
8 ms. Memory: 299008K Free: 141377K (47%)
----------------- Invoking toplevel() on ptolemy.moml.MoMLSimpleApplication@6580f1f
----------------- Done invoking toplevel() on ptolemy.moml.MoMLSimpleApplication@6580f1f
reloadAllAccessors: .ConstantPublisherPort1

===========================================================================================
----------------- testing Mon May 04 14:16:21 UTC 2020 /home/travis/build/icyphy/ptII/ptolemy/actor/lib/test/auto/ConstantPublisherPort2.xml
----------------- Instantiating /home/travis/build/icyphy/ptII/ptolemy/actor/lib/test/auto/ConstantPublisherPort2.xml
9 ms. Memory: 299008K Free: 133699K (45%)
----------------- Invoking toplevel() on ptolemy.moml.MoMLSimpleApplication@7c90a7f5
----------------- Done invoking toplevel() on ptolemy.moml.MoMLSimpleApplication@7c90a7f5
reloadAllAccessors: .ConstantPublisherPort2

===========================================================================================
----------------- testing Mon May 04 14:16:21 UTC 2020 /home/travis/build/icyphy/ptII/ptolemy/actor/lib/test/auto/ConstantPublisherPort3.xml
----------------- Instantiating /home/travis/build/icyphy/ptII/ptolemy/actor/lib/test/auto/ConstantPublisherPort3.xml
5 ms. Memory: 299008K Free: 125507K (42%)
----------------- Invoking toplevel() on ptolemy.moml.MoMLSimpleApplication@13902b17
----------------- Done invoking toplevel() on ptolemy.moml.MoMLSimpleApplication@13902b17
reloadAllAccessors: .ConstantPublisherPort3

===========================================================================================
----------------- testing Mon May 04 14:16:21 UTC 2020 /home/travis/build/icyphy/ptII/ptolemy/actor/lib/test/auto/ConstantPublisherPort4.xml
----------------- Instantiating /home/travis/build/icyphy/ptII/ptolemy/actor/lib/test/auto/ConstantPublisherPort4.xml
3 ms. Memory: 299008K Free: 118849K (40%)
----------------- Invoking toplevel() on ptolemy.moml.MoMLSimpleApplication@13c23a46
----------------- Done invoking toplevel() on ptolemy.moml.MoMLSimpleApplication@13c23a46
reloadAllAccessors: .ConstantPublisherPort4

===========================================================================================
----------------- testing Mon May 04 14:16:21 UTC 2020 /home/travis/build/icyphy/ptII/ptolemy/actor/lib/test/auto/ConstantPublisherPort5.xml
----------------- Instantiating /home/travis/build/icyphy/ptII/ptolemy/actor/lib/test/auto/ConstantPublisherPort5.xml
27 ms. Memory: 299008K Free: 109123K (36%)
----------------- Invoking toplevel() on ptolemy.moml.MoMLSimpleApplication@3b1e8b28
----------------- Done invoking toplevel() on ptolemy.moml.MoMLSimpleApplication@3b1e8b28
reloadAllAccessors: .ConstantPublisherPort5

===========================================================================================
----------------- testing Mon May 04 14:16:21 UTC 2020 /home/travis/build/icyphy/ptII/ptolemy/actor/lib/test/auto/ConstantPublisherPort6.xml
----------------- Instantiating /home/travis/build/icyphy/ptII/ptolemy/actor/lib/test/auto/ConstantPublisherPort6.xml
11 ms. Memory: 299008K Free: 100417K (34%)
----------------- Invoking toplevel() on ptolemy.moml.MoMLSimpleApplication@593f981a
----------------- Done invoking toplevel() on ptolemy.moml.MoMLSimpleApplication@593f981a
reloadAllAccessors: .ConstantPublisherPort6

===========================================================================================
----------------- testing Mon May 04 14:16:21 UTC 2020 /home/travis/build/icyphy/ptII/ptolemy/actor/lib/test/auto/ConstantPublisherPort7.xml
----------------- Instantiating /home/travis/build/icyphy/ptII/ptolemy/actor/lib/test/auto/ConstantPublisherPort7.xml
17 ms. Memory: 299008K Free: 90691K (30%)
----------------- Invoking toplevel() on ptolemy.moml.MoMLSimpleApplication@34edaa25
----------------- Done invoking toplevel() on ptolemy.moml.MoMLSimpleApplication@34edaa25
reloadAllAccessors: .ConstantPublisherPort7

===========================================================================================
----------------- testing Mon May 04 14:16:21 UTC 2020 /home/travis/build/icyphy/ptII/ptolemy/actor/lib/test/auto/ConstraintMonitor1.xml
----------------- Instantiating /home/travis/build/icyphy/ptII/ptolemy/actor/lib/test/auto/ConstraintMonitor1.xml
2 ms. Memory: 299008K Free: 85571K (29%)
----------------- Invoking toplevel() on ptolemy.moml.MoMLSimpleApplication@231021b
----------------- Done invoking toplevel() on ptolemy.moml.MoMLSimpleApplication@231021b
reloadAllAccessors: .ConstraintMonitor1

===========================================================================================
----------------- testing Mon May 04 14:16:21 UTC 2020 /home/travis/build/icyphy/ptII/ptolemy/actor/lib/test/auto/ConstraintMonitor2.xml
----------------- Instantiating /home/travis/build/icyphy/ptII/ptolemy/actor/lib/test/auto/ConstraintMonitor2.xml
2 ms. Memory: 299008K Free: 81475K (27%)
----------------- Invoking toplevel() on ptolemy.moml.MoMLSimpleApplication@12dbe951
----------------- Done invoking toplevel() on ptolemy.moml.MoMLSimpleApplication@12dbe951
reloadAllAccessors: .ConstraintMonitor2

===========================================================================================
----------------- testing Mon May 04 14:16:21 UTC 2020 /home/travis/build/icyphy/ptII/ptolemy/actor/lib/test/auto/ConstraintMonitor3.xml
----------------- Instantiating /home/travis/build/icyphy/ptII/ptolemy/actor/lib/test/auto/ConstraintMonitor3.xml
2 ms. Memory: 299008K Free: 76865K (26%)
----------------- Invoking toplevel() on ptolemy.moml.MoMLSimpleApplication@78a4bc3e
----------------- Done invoking toplevel() on ptolemy.moml.MoMLSimpleApplication@78a4bc3e
reloadAllAccessors: .ConstraintMonitor3

===========================================================================================
----------------- testing Mon May 04 14:16:21 UTC 2020 /home/travis/build/icyphy/ptII/ptolemy/actor/lib/test/auto/ConstraintMonitor4.xml
----------------- Instantiating /home/travis/build/icyphy/ptII/ptolemy/actor/lib/test/auto/ConstraintMonitor4.xml
2 ms. Memory: 299008K Free: 249147K (83%)
----------------- Invoking toplevel() on ptolemy.moml.MoMLSimpleApplication@4af0ab9a
----------------- Done invoking toplevel() on ptolemy.moml.MoMLSimpleApplication@4af0ab9a
reloadAllAccessors: .ConstraintMonitor4

===========================================================================================
----------------- testing Mon May 04 14:16:21 UTC 2020 /home/travis/build/icyphy/ptII/ptolemy/actor/lib/test/auto/ConstraintMonitor5.xml
----------------- Instantiating /home/travis/build/icyphy/ptII/ptolemy/actor/lib/test/auto/ConstraintMonitor5.xml
2 ms. Memory: 299008K Free: 244027K (82%)
----------------- Invoking toplevel() on ptolemy.moml.MoMLSimpleApplication@4e0dc7d7
----------------- Done invoking toplevel() on ptolemy.moml.MoMLSimpleApplication@4e0dc7d7
reloadAllAccessors: .ConstraintMonitor5

===========================================================================================
----------------- testing Mon May 04 14:16:21 UTC 2020 /home/travis/build/icyphy/ptII/ptolemy/actor/lib/test/auto/ConstraintMonitor6.xml
----------------- Instantiating /home/travis/build/icyphy/ptII/ptolemy/actor/lib/test/auto/ConstraintMonitor6.xml
3 ms. Memory: 299008K Free: 237869K (80%)
----------------- Invoking toplevel() on ptolemy.moml.MoMLSimpleApplication@4a4f018b
----------------- Done invoking toplevel() on ptolemy.moml.MoMLSimpleApplication@4a4f018b
reloadAllAccessors: .ConstraintMonitor6

===========================================================================================
----------------- testing Mon May 04 14:16:21 UTC 2020 /home/travis/build/icyphy/ptII/ptolemy/actor/lib/test/auto/ConstraintMonitor7.xml
----------------- Instantiating /home/travis/build/icyphy/ptII/ptolemy/actor/lib/test/auto/ConstraintMonitor7.xml
17 ms. Memory: 299008K Free: 231733K (78%)
----------------- Invoking toplevel() on ptolemy.moml.MoMLSimpleApplication@3660923b
----------------- Done invoking toplevel() on ptolemy.moml.MoMLSimpleApplication@3660923b
reloadAllAccessors: .ConstraintMonitor7

===========================================================================================
----------------- testing Mon May 04 14:16:21 UTC 2020 /home/travis/build/icyphy/ptII/ptolemy/actor/lib/test/auto/ConstraintMonitor8.xml
----------------- Instantiating /home/travis/build/icyphy/ptII/ptolemy/actor/lib/test/auto/ConstraintMonitor8.xml
8 ms. Memory: 299008K Free: 224061K (75%)
----------------- Invoking toplevel() on ptolemy.moml.MoMLSimpleApplication@1b06b2e2
----------------- Done invoking toplevel() on ptolemy.moml.MoMLSimpleApplication@1b06b2e2
reloadAllAccessors: .ConstraintMonitor8

===========================================================================================
----------------- testing Mon May 04 14:16:21 UTC 2020 /home/travis/build/icyphy/ptII/ptolemy/actor/lib/test/auto/Counter.xml
----------------- Instantiating /home/travis/build/icyphy/ptII/ptolemy/actor/lib/test/auto/Counter.xml
3 ms. Memory: 299008K Free: 218941K (73%)
----------------- Invoking toplevel() on ptolemy.moml.MoMLSimpleApplication@14ef6c65
----------------- Done invoking toplevel() on ptolemy.moml.MoMLSimpleApplication@14ef6c65
reloadAllAccessors: .Counter

===========================================================================================
----------------- testing Mon May 04 14:16:21 UTC 2020 /home/travis/build/icyphy/ptII/ptolemy/actor/lib/test/auto/CurrentTimeSDF.xml
----------------- Instantiating /home/travis/build/icyphy/ptII/ptolemy/actor/lib/test/auto/CurrentTimeSDF.xml
7 ms. Memory: 299008K Free: 215355K (72%)
----------------- Invoking toplevel() on ptolemy.moml.MoMLSimpleApplication@3deb1095
----------------- Done invoking toplevel() on ptolemy.moml.MoMLSimpleApplication@3deb1095
reloadAllAccessors: .CurrentTimeSDF

===========================================================================================
----------------- testing Mon May 04 14:16:21 UTC 2020 /home/travis/build/icyphy/ptII/ptolemy/actor/lib/test/auto/DB.xml
----------------- Instantiating /home/travis/build/icyphy/ptII/ptolemy/actor/lib/test/auto/DB.xml
2 ms. Memory: 299008K Free: 210235K (70%)
----------------- Invoking toplevel() on ptolemy.moml.MoMLSimpleApplication@6237288
----------------- Done invoking toplevel() on ptolemy.moml.MoMLSimpleApplication@6237288
reloadAllAccessors: .DB

===========================================================================================
----------------- testing Mon May 04 14:16:21 UTC 2020 /home/travis/build/icyphy/ptII/ptolemy/actor/lib/test/auto/DBDE.xml
----------------- Instantiating /home/travis/build/icyphy/ptII/ptolemy/actor/lib/test/auto/DBDE.xml
3 ms. Memory: 299008K Free: 203581K (68%)
----------------- Invoking toplevel() on ptolemy.moml.MoMLSimpleApplication@60940cea
----------------- Done invoking toplevel() on ptolemy.moml.MoMLSimpleApplication@60940cea
reloadAllAccessors: .DBDE

===========================================================================================
----------------- testing Mon May 04 14:16:21 UTC 2020 /home/travis/build/icyphy/ptII/ptolemy/actor/lib/test/auto/DateConstructor.xml
----------------- Instantiating /home/travis/build/icyphy/ptII/ptolemy/actor/lib/test/auto/DateConstructor.xml
27 ms. Memory: 299008K Free: 186683K (62%)
----------------- Invoking toplevel() on ptolemy.moml.MoMLSimpleApplication@b35b98c
----------------- Done invoking toplevel() on ptolemy.moml.MoMLSimpleApplication@b35b98c
reloadAllAccessors: .DateConstructor

===========================================================================================
----------------- testing Mon May 04 14:16:21 UTC 2020 /home/travis/build/icyphy/ptII/ptolemy/actor/lib/test/auto/DelayTime.xml
----------------- Instantiating /home/travis/build/icyphy/ptII/ptolemy/actor/lib/test/auto/DelayTime.xml
6 ms. Memory: 299008K Free: 181053K (61%)
----------------- Invoking toplevel() on ptolemy.moml.MoMLSimpleApplication@22078748
----------------- Done invoking toplevel() on ptolemy.moml.MoMLSimpleApplication@22078748
reloadAllAccessors: .DelayTime

===========================================================================================
----------------- testing Mon May 04 14:16:21 UTC 2020 /home/travis/build/icyphy/ptII/ptolemy/actor/lib/test/auto/Dictionary1.xml
----------------- Instantiating /home/travis/build/icyphy/ptII/ptolemy/actor/lib/test/auto/Dictionary1.xml
2 ms. Memory: 299008K Free: 175419K (59%)
----------------- Invoking toplevel() on ptolemy.moml.MoMLSimpleApplication@1869db5e
----------------- Done invoking toplevel() on ptolemy.moml.MoMLSimpleApplication@1869db5e
reloadAllAccessors: .Dictionary1

===========================================================================================
----------------- testing Mon May 04 14:16:21 UTC 2020 /home/travis/build/icyphy/ptII/ptolemy/actor/lib/test/auto/Dictionary2.xml
----------------- Instantiating /home/travis/build/icyphy/ptII/ptolemy/actor/lib/test/auto/Dictionary2.xml
2 ms. Memory: 299008K Free: 170299K (57%)
----------------- Invoking toplevel() on ptolemy.moml.MoMLSimpleApplication@16a452ce
----------------- Done invoking toplevel() on ptolemy.moml.MoMLSimpleApplication@16a452ce
reloadAllAccessors: .Dictionary2

===========================================================================================
----------------- testing Mon May 04 14:16:21 UTC 2020 /home/travis/build/icyphy/ptII/ptolemy/actor/lib/test/auto/Dictionary3.xml
----------------- Instantiating /home/travis/build/icyphy/ptII/ptolemy/actor/lib/test/auto/Dictionary3.xml
2 ms. Memory: 299008K Free: 164669K (55%)
----------------- Invoking toplevel() on ptolemy.moml.MoMLSimpleApplication@1535fa34
----------------- Done invoking toplevel() on ptolemy.moml.MoMLSimpleApplication@1535fa34
reloadAllAccessors: .Dictionary3

===========================================================================================
----------------- testing Mon May 04 14:16:21 UTC 2020 /home/travis/build/icyphy/ptII/ptolemy/actor/lib/test/auto/Dictionary4.xml
----------------- Instantiating /home/travis/build/icyphy/ptII/ptolemy/actor/lib/test/auto/Dictionary4.xml
5 ms. Memory: 299008K Free: 157501K (53%)
----------------- Invoking toplevel() on ptolemy.moml.MoMLSimpleApplication@562c59f5
----------------- Done invoking toplevel() on ptolemy.moml.MoMLSimpleApplication@562c59f5
reloadAllAccessors: .Dictionary4

===========================================================================================
----------------- testing Mon May 04 14:16:21 UTC 2020 /home/travis/build/icyphy/ptII/ptolemy/actor/lib/test/auto/Differential.xml
----------------- Instantiating /home/travis/build/icyphy/ptII/ptolemy/actor/lib/test/auto/Differential.xml
3 ms. Memory: 299008K Free: 152891K (51%)
----------------- Invoking toplevel() on ptolemy.moml.MoMLSimpleApplication@16dd4340
----------------- Done invoking toplevel() on ptolemy.moml.MoMLSimpleApplication@16dd4340
reloadAllAccessors: .Differential

===========================================================================================
----------------- testing Mon May 04 14:16:21 UTC 2020 /home/travis/build/icyphy/ptII/ptolemy/actor/lib/test/auto/Director.xml
----------------- Instantiating /home/travis/build/icyphy/ptII/ptolemy/actor/lib/test/auto/Director.xml
3 ms. Memory: 299008K Free: 149819K (50%)
----------------- Invoking toplevel() on ptolemy.moml.MoMLSimpleApplication@42ca223
----------------- Done invoking toplevel() on ptolemy.moml.MoMLSimpleApplication@42ca223
reloadAllAccessors: .Director

===========================================================================================
----------------- testing Mon May 04 14:16:21 UTC 2020 /home/travis/build/icyphy/ptII/ptolemy/actor/lib/test/auto/DiscreteClock.xml
----------------- Instantiating /home/travis/build/icyphy/ptII/ptolemy/actor/lib/test/auto/DiscreteClock.xml
2 ms. Memory: 299008K Free: 145723K (49%)
----------------- Invoking toplevel() on ptolemy.moml.MoMLSimpleApplication@1d2542ab
----------------- Done invoking toplevel() on ptolemy.moml.MoMLSimpleApplication@1d2542ab
reloadAllAccessors: .DiscreteClock

===========================================================================================
----------------- testing Mon May 04 14:16:21 UTC 2020 /home/travis/build/icyphy/ptII/ptolemy/actor/lib/test/auto/DiscreteClock10.xml
----------------- Instantiating /home/travis/build/icyphy/ptII/ptolemy/actor/lib/test/auto/DiscreteClock10.xml
2 ms. Memory: 299008K Free: 139579K (47%)
----------------- Invoking toplevel() on ptolemy.moml.MoMLSimpleApplication@1dbcafd3
----------------- Done invoking toplevel() on ptolemy.moml.MoMLSimpleApplication@1dbcafd3
reloadAllAccessors: .DiscreteClock10

===========================================================================================
----------------- testing Mon May 04 14:16:21 UTC 2020 /home/travis/build/icyphy/ptII/ptolemy/actor/lib/test/auto/DiscreteClock11.xml
----------------- Instantiating /home/travis/build/icyphy/ptII/ptolemy/actor/lib/test/auto/DiscreteClock11.xml
2 ms. Memory: 299008K Free: 133949K (45%)
----------------- Invoking toplevel() on ptolemy.moml.MoMLSimpleApplication@63e03b03
----------------- Done invoking toplevel() on ptolemy.moml.MoMLSimpleApplication@63e03b03
reloadAllAccessors: .DiscreteClock11

===========================================================================================
----------------- testing Mon May 04 14:16:21 UTC 2020 /home/travis/build/icyphy/ptII/ptolemy/actor/lib/test/auto/DiscreteClock12.xml
----------------- Instantiating /home/travis/build/icyphy/ptII/ptolemy/actor/lib/test/auto/DiscreteClock12.xml
3 ms. Memory: 299008K Free: 127805K (43%)
----------------- Invoking toplevel() on ptolemy.moml.MoMLSimpleApplication@6d640d20
----------------- Done invoking toplevel() on ptolemy.moml.MoMLSimpleApplication@6d640d20
reloadAllAccessors: .DiscreteClock12

===========================================================================================
----------------- testing Mon May 04 14:16:21 UTC 2020 /home/travis/build/icyphy/ptII/ptolemy/actor/lib/test/auto/DiscreteClock13.xml
----------------- Instantiating /home/travis/build/icyphy/ptII/ptolemy/actor/lib/test/auto/DiscreteClock13.xml
4 ms. Memory: 299008K Free: 121661K (41%)
----------------- Invoking toplevel() on ptolemy.moml.MoMLSimpleApplication@11bedfe1
----------------- Done invoking toplevel() on ptolemy.moml.MoMLSimpleApplication@11bedfe1
reloadAllAccessors: .DiscreteClock13

===========================================================================================
----------------- testing Mon May 04 14:16:21 UTC 2020 /home/travis/build/icyphy/ptII/ptolemy/actor/lib/test/auto/DiscreteClock14.xml
----------------- Instantiating /home/travis/build/icyphy/ptII/ptolemy/actor/lib/test/auto/DiscreteClock14.xml
6 ms. Memory: 299008K Free: 115517K (39%)
----------------- Invoking toplevel() on ptolemy.moml.MoMLSimpleApplication@66661435
----------------- Done invoking toplevel() on ptolemy.moml.MoMLSimpleApplication@66661435
reloadAllAccessors: .DiscreteClock14

===========================================================================================
----------------- testing Mon May 04 14:16:21 UTC 2020 /home/travis/build/icyphy/ptII/ptolemy/actor/lib/test/auto/DiscreteClock15.xml
----------------- Instantiating /home/travis/build/icyphy/ptII/ptolemy/actor/lib/test/auto/DiscreteClock15.xml
5 ms. Memory: 299008K Free: 109853K (37%)
----------------- Invoking toplevel() on ptolemy.moml.MoMLSimpleApplication@39f420af
----------------- Done invoking toplevel() on ptolemy.moml.MoMLSimpleApplication@39f420af
reloadAllAccessors: .DiscreteClock15

===========================================================================================
----------------- testing Mon May 04 14:16:21 UTC 2020 /home/travis/build/icyphy/ptII/ptolemy/actor/lib/test/auto/DiscreteClock16.xml
----------------- Instantiating /home/travis/build/icyphy/ptII/ptolemy/actor/lib/test/auto/DiscreteClock16.xml
17 ms. Memory: 299008K Free: 96061K (32%)
----------------- Invoking toplevel() on ptolemy.moml.MoMLSimpleApplication@2ac49160
----------------- Done invoking toplevel() on ptolemy.moml.MoMLSimpleApplication@2ac49160
reloadAllAccessors: .DiscreteClock16

===========================================================================================
----------------- testing Mon May 04 14:16:21 UTC 2020 /home/travis/build/icyphy/ptII/ptolemy/actor/lib/test/auto/DiscreteClock17.xml
----------------- Instantiating /home/travis/build/icyphy/ptII/ptolemy/actor/lib/test/auto/DiscreteClock17.xml
17 ms. Memory: 299008K Free: 81181K (27%)
----------------- Invoking toplevel() on ptolemy.moml.MoMLSimpleApplication@ef165dd
----------------- Done invoking toplevel() on ptolemy.moml.MoMLSimpleApplication@ef165dd
reloadAllAccessors: .DiscreteClock17

===========================================================================================
----------------- testing Mon May 04 14:16:22 UTC 2020 /home/travis/build/icyphy/ptII/ptolemy/actor/lib/test/auto/DiscreteClock18.xml
----------------- Instantiating /home/travis/build/icyphy/ptII/ptolemy/actor/lib/test/auto/DiscreteClock18.xml
23 ms. Memory: 299008K Free: 244651K (82%)
----------------- Invoking toplevel() on ptolemy.moml.MoMLSimpleApplication@55d8f079
----------------- Done invoking toplevel() on ptolemy.moml.MoMLSimpleApplication@55d8f079
reloadAllAccessors: .DiscreteClock18

===========================================================================================
----------------- testing Mon May 04 14:16:22 UTC 2020 /home/travis/build/icyphy/ptII/ptolemy/actor/lib/test/auto/DiscreteClock19.xml
----------------- Instantiating /home/travis/build/icyphy/ptII/ptolemy/actor/lib/test/auto/DiscreteClock19.xml
24 ms. Memory: 299008K Free: 230843K (77%)
----------------- Invoking toplevel() on ptolemy.moml.MoMLSimpleApplication@21e98f22
----------------- Done invoking toplevel() on ptolemy.moml.MoMLSimpleApplication@21e98f22
reloadAllAccessors: .DiscreteClock19

===========================================================================================
----------------- testing Mon May 04 14:16:22 UTC 2020 /home/travis/build/icyphy/ptII/ptolemy/actor/lib/test/auto/DiscreteClock2.xml
----------------- Instantiating /home/travis/build/icyphy/ptII/ptolemy/actor/lib/test/auto/DiscreteClock2.xml
3 ms. Memory: 299008K Free: 225723K (75%)
----------------- Invoking toplevel() on ptolemy.moml.MoMLSimpleApplication@56d85e9
----------------- Done invoking toplevel() on ptolemy.moml.MoMLSimpleApplication@56d85e9
reloadAllAccessors: .DiscreteClock2

===========================================================================================
----------------- testing Mon May 04 14:16:22 UTC 2020 /home/travis/build/icyphy/ptII/ptolemy/actor/lib/test/auto/DiscreteClock20.xml
----------------- Instantiating /home/travis/build/icyphy/ptII/ptolemy/actor/lib/test/auto/DiscreteClock20.xml
7 ms. Memory: 299008K Free: 220089K (74%)
----------------- Invoking toplevel() on ptolemy.moml.MoMLSimpleApplication@43d2116d
----------------- Done invoking toplevel() on ptolemy.moml.MoMLSimpleApplication@43d2116d
reloadAllAccessors: .DiscreteClock20

===========================================================================================
----------------- testing Mon May 04 14:16:22 UTC 2020 /home/travis/build/icyphy/ptII/ptolemy/actor/lib/test/auto/DiscreteClock21.xml
----------------- Instantiating /home/travis/build/icyphy/ptII/ptolemy/actor/lib/test/auto/DiscreteClock21.xml
5 ms. Memory: 299008K Free: 214459K (72%)
----------------- Invoking toplevel() on ptolemy.moml.MoMLSimpleApplication@92d9158
----------------- Done invoking toplevel() on ptolemy.moml.MoMLSimpleApplication@92d9158
reloadAllAccessors: .DiscreteClock21

===========================================================================================
----------------- testing Mon May 04 14:16:22 UTC 2020 /home/travis/build/icyphy/ptII/ptolemy/actor/lib/test/auto/DiscreteClock22.xml
----------------- Instantiating /home/travis/build/icyphy/ptII/ptolemy/actor/lib/test/auto/DiscreteClock22.xml
5 ms. Memory: 299008K Free: 209339K (70%)
----------------- Invoking toplevel() on ptolemy.moml.MoMLSimpleApplication@716f6811
----------------- Done invoking toplevel() on ptolemy.moml.MoMLSimpleApplication@716f6811
reloadAllAccessors: .DiscreteClock22

===========================================================================================
----------------- testing Mon May 04 14:16:22 UTC 2020 /home/travis/build/icyphy/ptII/ptolemy/actor/lib/test/auto/DiscreteClock23.xml
----------------- Instantiating /home/travis/build/icyphy/ptII/ptolemy/actor/lib/test/auto/DiscreteClock23.xml
9 ms. Memory: 299008K Free: 203705K (68%)
----------------- Invoking toplevel() on ptolemy.moml.MoMLSimpleApplication@ffb955d
----------------- Done invoking toplevel() on ptolemy.moml.MoMLSimpleApplication@ffb955d
reloadAllAccessors: .DiscreteClock23

===========================================================================================
----------------- testing Mon May 04 14:16:22 UTC 2020 /home/travis/build/icyphy/ptII/ptolemy/actor/lib/test/auto/DiscreteClock24.xml
----------------- Instantiating /home/travis/build/icyphy/ptII/ptolemy/actor/lib/test/auto/DiscreteClock24.xml
4 ms. Memory: 299008K Free: 198075K (66%)
----------------- Invoking toplevel() on ptolemy.moml.MoMLSimpleApplication@24a33ac6
----------------- Done invoking toplevel() on ptolemy.moml.MoMLSimpleApplication@24a33ac6
reloadAllAccessors: .DiscreteClock24

===========================================================================================
----------------- testing Mon May 04 14:16:22 UTC 2020 /home/travis/build/icyphy/ptII/ptolemy/actor/lib/test/auto/DiscreteClock4.xml
----------------- Instantiating /home/travis/build/icyphy/ptII/ptolemy/actor/lib/test/auto/DiscreteClock4.xml
4 ms. Memory: 299008K Free: 192427K (64%)
----------------- Invoking toplevel() on ptolemy.moml.MoMLSimpleApplication@5d87bee9
----------------- Done invoking toplevel() on ptolemy.moml.MoMLSimpleApplication@5d87bee9
reloadAllAccessors: .DiscreteClock4

===========================================================================================
----------------- testing Mon May 04 14:16:22 UTC 2020 /home/travis/build/icyphy/ptII/ptolemy/actor/lib/test/auto/DiscreteClock5.xml
----------------- Instantiating /home/travis/build/icyphy/ptII/ptolemy/actor/lib/test/auto/DiscreteClock5.xml
2 ms. Memory: 299008K Free: 187307K (63%)
----------------- Invoking toplevel() on ptolemy.moml.MoMLSimpleApplication@73eedd08
----------------- Done invoking toplevel() on ptolemy.moml.MoMLSimpleApplication@73eedd08
reloadAllAccessors: .DiscreteClock5

===========================================================================================
----------------- testing Mon May 04 14:16:22 UTC 2020 /home/travis/build/icyphy/ptII/ptolemy/actor/lib/test/auto/DiscreteClock6.xml
----------------- Instantiating /home/travis/build/icyphy/ptII/ptolemy/actor/lib/test/auto/DiscreteClock6.xml
1 ms. Memory: 299008K Free: 182715K (61%)
----------------- Invoking toplevel() on ptolemy.moml.MoMLSimpleApplication@675c6bf
----------------- Done invoking toplevel() on ptolemy.moml.MoMLSimpleApplication@675c6bf
reloadAllAccessors: .DiscreteClock6

===========================================================================================
----------------- testing Mon May 04 14:16:22 UTC 2020 /home/travis/build/icyphy/ptII/ptolemy/actor/lib/test/auto/DiscreteClock7.xml
----------------- Instantiating /home/travis/build/icyphy/ptII/ptolemy/actor/lib/test/auto/DiscreteClock7.xml
1 ms. Memory: 299008K Free: 178105K (60%)
----------------- Invoking toplevel() on ptolemy.moml.MoMLSimpleApplication@66f57440
----------------- Done invoking toplevel() on ptolemy.moml.MoMLSimpleApplication@66f57440
reloadAllAccessors: .DiscreteClock7

===========================================================================================
----------------- testing Mon May 04 14:16:22 UTC 2020 /home/travis/build/icyphy/ptII/ptolemy/actor/lib/test/auto/DiscreteClock8.xml
----------------- Instantiating /home/travis/build/icyphy/ptII/ptolemy/actor/lib/test/auto/DiscreteClock8.xml
4 ms. Memory: 299008K Free: 172475K (58%)
----------------- Invoking toplevel() on ptolemy.moml.MoMLSimpleApplication@70a5636c
----------------- Done invoking toplevel() on ptolemy.moml.MoMLSimpleApplication@70a5636c
reloadAllAccessors: .DiscreteClock8

===========================================================================================
----------------- testing Mon May 04 14:16:22 UTC 2020 /home/travis/build/icyphy/ptII/ptolemy/actor/lib/test/auto/DiscreteClock9.xml
----------------- Instantiating /home/travis/build/icyphy/ptII/ptolemy/actor/lib/test/auto/DiscreteClock9.xml
3 ms. Memory: 299008K Free: 166827K (56%)
----------------- Invoking toplevel() on ptolemy.moml.MoMLSimpleApplication@16c27537
----------------- Done invoking toplevel() on ptolemy.moml.MoMLSimpleApplication@16c27537
reloadAllAccessors: .DiscreteClock9

===========================================================================================
----------------- testing Mon May 04 14:16:22 UTC 2020 /home/travis/build/icyphy/ptII/ptolemy/actor/lib/test/auto/DisplayArray.xml
----------------- Instantiating /home/travis/build/icyphy/ptII/ptolemy/actor/lib/test/auto/DisplayArray.xml
1 ms. Memory: 299008K Free: 163259K (55%)
----------------- Invoking toplevel() on ptolemy.moml.MoMLSimpleApplication@6db371b1
----------------- Done invoking toplevel() on ptolemy.moml.MoMLSimpleApplication@6db371b1
reloadAllAccessors: .DisplayArray

===========================================================================================
----------------- testing Mon May 04 14:16:22 UTC 2020 /home/travis/build/icyphy/ptII/ptolemy/actor/lib/test/auto/Distributor.xml
----------------- Instantiating /home/travis/build/icyphy/ptII/ptolemy/actor/lib/test/auto/Distributor.xml
1 ms. Memory: 299008K Free: 158649K (53%)
----------------- Invoking toplevel() on ptolemy.moml.MoMLSimpleApplication@720422c7
----------------- Done invoking toplevel() on ptolemy.moml.MoMLSimpleApplication@720422c7
reloadAllAccessors: .Distributor

===========================================================================================
----------------- testing Mon May 04 14:16:22 UTC 2020 /home/travis/build/icyphy/ptII/ptolemy/actor/lib/test/auto/Distributor2.xml
----------------- Instantiating /home/travis/build/icyphy/ptII/ptolemy/actor/lib/test/auto/Distributor2.xml
2 ms. Memory: 299008K Free: 153529K (51%)
----------------- Invoking toplevel() on ptolemy.moml.MoMLSimpleApplication@6eb307dc
----------------- Done invoking toplevel() on ptolemy.moml.MoMLSimpleApplication@6eb307dc
reloadAllAccessors: .Distributor2

===========================================================================================
----------------- testing Mon May 04 14:16:22 UTC 2020 /home/travis/build/icyphy/ptII/ptolemy/actor/lib/test/auto/DownSample.xml
----------------- Instantiating /home/travis/build/icyphy/ptII/ptolemy/actor/lib/test/auto/DownSample.xml
1 ms. Memory: 299008K Free: 148923K (50%)
----------------- Invoking toplevel() on ptolemy.moml.MoMLSimpleApplication@4b103bf3
----------------- Done invoking toplevel() on ptolemy.moml.MoMLSimpleApplication@4b103bf3
reloadAllAccessors: .DownSample

===========================================================================================
----------------- testing Mon May 04 14:16:22 UTC 2020 /home/travis/build/icyphy/ptII/ptolemy/actor/lib/test/auto/ElectronicUnitBase1.xml
----------------- Instantiating /home/travis/build/icyphy/ptII/ptolemy/actor/lib/test/auto/ElectronicUnitBase1.xml
21 ms. Memory: 299008K Free: 133049K (44%)
----------------- Invoking toplevel() on ptolemy.moml.MoMLSimpleApplication@54d4bc55
----------------- Done invoking toplevel() on ptolemy.moml.MoMLSimpleApplication@54d4bc55
reloadAllAccessors: .ElectronicUnitBase1

===========================================================================================
----------------- testing Mon May 04 14:16:22 UTC 2020 /home/travis/build/icyphy/ptII/ptolemy/actor/lib/test/auto/ElementsToArray.xml
----------------- Instantiating /home/travis/build/icyphy/ptII/ptolemy/actor/lib/test/auto/ElementsToArray.xml
3 ms. Memory: 299008K Free: 127929K (43%)
----------------- Invoking toplevel() on ptolemy.moml.MoMLSimpleApplication@53a1494e
----------------- Done invoking toplevel() on ptolemy.moml.MoMLSimpleApplication@53a1494e
reloadAllAccessors: .ElementsToArray

===========================================================================================
----------------- testing Mon May 04 14:16:22 UTC 2020 /home/travis/build/icyphy/ptII/ptolemy/actor/lib/test/auto/Equals.xml
----------------- Instantiating /home/travis/build/icyphy/ptII/ptolemy/actor/lib/test/auto/Equals.xml
3 ms. Memory: 299008K Free: 123323K (41%)
----------------- Invoking toplevel() on ptolemy.moml.MoMLSimpleApplication@490bb7cc
----------------- Done invoking toplevel() on ptolemy.moml.MoMLSimpleApplication@490bb7cc
reloadAllAccessors: .Equals

===========================================================================================
----------------- testing Mon May 04 14:16:22 UTC 2020 /home/travis/build/icyphy/ptII/ptolemy/actor/lib/test/auto/Exec.xml
----------------- Instantiating /home/travis/build/icyphy/ptII/ptolemy/actor/lib/test/auto/Exec.xml
19 ms. Memory: 299008K Free: 117179K (39%)
----------------- Invoking toplevel() on ptolemy.moml.MoMLSimpleApplication@35a0d0b3
----------------- Done invoking toplevel() on ptolemy.moml.MoMLSimpleApplication@35a0d0b3
reloadAllAccessors: .Exec

===========================================================================================
----------------- testing Mon May 04 14:16:22 UTC 2020 /home/travis/build/icyphy/ptII/ptolemy/actor/lib/test/auto/ExecEnvironment.xml
----------------- Instantiating /home/travis/build/icyphy/ptII/ptolemy/actor/lib/test/auto/ExecEnvironment.xml
25 ms. Memory: 299008K Free: 111035K (37%)
----------------- Invoking toplevel() on ptolemy.moml.MoMLSimpleApplication@10c2b045
----------------- Done invoking toplevel() on ptolemy.moml.MoMLSimpleApplication@10c2b045
reloadAllAccessors: .ExecEnvironment

===========================================================================================
----------------- testing Mon May 04 14:16:22 UTC 2020 /home/travis/build/icyphy/ptII/ptolemy/actor/lib/test/auto/ExecNonZeroReturnOutput.xml
----------------- Instantiating /home/travis/build/icyphy/ptII/ptolemy/actor/lib/test/auto/ExecNonZeroReturnOutput.xml
166 ms. Memory: 299008K Free: 99771K (33%)
----------------- Invoking toplevel() on ptolemy.moml.MoMLSimpleApplication@3ebfbc34
----------------- Done invoking toplevel() on ptolemy.moml.MoMLSimpleApplication@3ebfbc34
reloadAllAccessors: .ExecNonZeroReturnOutput

===========================================================================================
----------------- testing Mon May 04 14:16:22 UTC 2020 /home/travis/build/icyphy/ptII/ptolemy/actor/lib/test/auto/ExecRunDemos.xml
----------------- Instantiating /home/travis/build/icyphy/ptII/ptolemy/actor/lib/test/auto/ExecRunDemos.xml
Finished: 64 ms. Memory: 129024K Free: 112203K (87%)

Finished: 57 ms. Memory: 129024K Free: 109494K (85%)

Finished: 90 ms. Memory: 129024K Free: 109530K (85%)

Finished: 66 ms. Memory: 129024K Free: 111053K (86%)

Finished: 56 ms. Memory: 129024K Free: 111848K (87%)

10169 ms. Memory: 299008K Free: 79289K (27%)
----------------- Invoking toplevel() on ptolemy.moml.MoMLSimpleApplication@30a7b0d9
----------------- Done invoking toplevel() on ptolemy.moml.MoMLSimpleApplication@30a7b0d9
reloadAllAccessors: .ExecRunDemos

===========================================================================================
----------------- testing Mon May 04 14:16:33 UTC 2020 /home/travis/build/icyphy/ptII/ptolemy/actor/lib/test/auto/ExecStop.xml
----------------- Instantiating /home/travis/build/icyphy/ptII/ptolemy/actor/lib/test/auto/ExecStop.xml
5017 ms. Memory: 456704K Free: 298041K (65%)
----------------- Invoking toplevel() on ptolemy.moml.MoMLSimpleApplication@78cb8f3
----------------- Done invoking toplevel() on ptolemy.moml.MoMLSimpleApplication@78cb8f3
reloadAllAccessors: .ExecStop

===========================================================================================
----------------- testing Mon May 04 14:16:38 UTC 2020 /home/travis/build/icyphy/ptII/ptolemy/actor/lib/test/auto/ExecutionTimeSDF.xml
----------------- Instantiating /home/travis/build/icyphy/ptII/ptolemy/actor/lib/test/auto/ExecutionTimeSDF.xml
Fired ExecutionTime: -965367296
Fired ExecutionTime: 1324400000
Fired ExecutionTime: 17032704
6007 ms. Memory: 456704K Free: 284729K (62%)

===========================================================================================
----------------- testing Mon May 04 14:16:44 UTC 2020 /home/travis/build/icyphy/ptII/ptolemy/actor/lib/test/auto/Expression1.xml
----------------- Instantiating /home/travis/build/icyphy/ptII/ptolemy/actor/lib/test/auto/Expression1.xml
2 ms. Memory: 456704K Free: 280123K (61%)
----------------- Invoking toplevel() on ptolemy.moml.MoMLSimpleApplication@47fdf53
----------------- Done invoking toplevel() on ptolemy.moml.MoMLSimpleApplication@47fdf53
reloadAllAccessors: .Expression1

===========================================================================================
----------------- testing Mon May 04 14:16:44 UTC 2020 /home/travis/build/icyphy/ptII/ptolemy/actor/lib/test/auto/Expression10.xml
----------------- Instantiating /home/travis/build/icyphy/ptII/ptolemy/actor/lib/test/auto/Expression10.xml
5 ms. Memory: 456704K Free: 274489K (60%)
----------------- Invoking toplevel() on ptolemy.moml.MoMLSimpleApplication@110baa97
----------------- Done invoking toplevel() on ptolemy.moml.MoMLSimpleApplication@110baa97
reloadAllAccessors: .Expression10

===========================================================================================
----------------- testing Mon May 04 14:16:44 UTC 2020 /home/travis/build/icyphy/ptII/ptolemy/actor/lib/test/auto/Expression11.xml
----------------- Instantiating /home/travis/build/icyphy/ptII/ptolemy/actor/lib/test/auto/Expression11.xml
2 ms. Memory: 456704K Free: 270393K (59%)
----------------- Invoking toplevel() on ptolemy.moml.MoMLSimpleApplication@4292feeb
----------------- Done invoking toplevel() on ptolemy.moml.MoMLSimpleApplication@4292feeb
reloadAllAccessors: .Expression11

===========================================================================================
----------------- testing Mon May 04 14:16:44 UTC 2020 /home/travis/build/icyphy/ptII/ptolemy/actor/lib/test/auto/Expression12.xml
----------------- Instantiating /home/travis/build/icyphy/ptII/ptolemy/actor/lib/test/auto/Expression12.xml
4 ms. Memory: 456704K Free: 264763K (58%)
----------------- Invoking toplevel() on ptolemy.moml.MoMLSimpleApplication@6fd7724
----------------- Done invoking toplevel() on ptolemy.moml.MoMLSimpleApplication@6fd7724
reloadAllAccessors: .Expression12

===========================================================================================
----------------- testing Mon May 04 14:16:44 UTC 2020 /home/travis/build/icyphy/ptII/ptolemy/actor/lib/test/auto/Expression13.xml
----------------- Instantiating /home/travis/build/icyphy/ptII/ptolemy/actor/lib/test/auto/Expression13.xml
3 ms. Memory: 456704K Free: 260153K (57%)
----------------- Invoking toplevel() on ptolemy.moml.MoMLSimpleApplication@1635d85f
----------------- Done invoking toplevel() on ptolemy.moml.MoMLSimpleApplication@1635d85f
reloadAllAccessors: .Expression13

===========================================================================================
----------------- testing Mon May 04 14:16:44 UTC 2020 /home/travis/build/icyphy/ptII/ptolemy/actor/lib/test/auto/Expression14.xml
----------------- Instantiating /home/travis/build/icyphy/ptII/ptolemy/actor/lib/test/auto/Expression14.xml
8 ms. Memory: 456704K Free: 254009K (56%)
----------------- Invoking toplevel() on ptolemy.moml.MoMLSimpleApplication@51931d5f
----------------- Done invoking toplevel() on ptolemy.moml.MoMLSimpleApplication@51931d5f
reloadAllAccessors: .Expression14

===========================================================================================
----------------- testing Mon May 04 14:16:44 UTC 2020 /home/travis/build/icyphy/ptII/ptolemy/actor/lib/test/auto/Expression15.xml
----------------- Instantiating /home/travis/build/icyphy/ptII/ptolemy/actor/lib/test/auto/Expression15.xml
3 ms. Memory: 456704K Free: 250427K (55%)
----------------- Invoking toplevel() on ptolemy.moml.MoMLSimpleApplication@54d27f0c
----------------- Done invoking toplevel() on ptolemy.moml.MoMLSimpleApplication@54d27f0c
reloadAllAccessors: .Expression15

===========================================================================================
----------------- testing Mon May 04 14:16:44 UTC 2020 /home/travis/build/icyphy/ptII/ptolemy/actor/lib/test/auto/Expression16.xml
----------------- Instantiating /home/travis/build/icyphy/ptII/ptolemy/actor/lib/test/auto/Expression16.xml
4 ms. Memory: 456704K Free: 245307K (54%)
----------------- Invoking toplevel() on ptolemy.moml.MoMLSimpleApplication@498d4c60
----------------- Done invoking toplevel() on ptolemy.moml.MoMLSimpleApplication@498d4c60
reloadAllAccessors: .Expression16

===========================================================================================
----------------- testing Mon May 04 14:16:44 UTC 2020 /home/travis/build/icyphy/ptII/ptolemy/actor/lib/test/auto/Expression17.xml
----------------- Instantiating /home/travis/build/icyphy/ptII/ptolemy/actor/lib/test/auto/Expression17.xml
2 ms. Memory: 456704K Free: 240187K (53%)
----------------- Invoking toplevel() on ptolemy.moml.MoMLSimpleApplication@23ce8404
----------------- Done invoking toplevel() on ptolemy.moml.MoMLSimpleApplication@23ce8404
reloadAllAccessors: .Expression17

===========================================================================================
----------------- testing Mon May 04 14:16:44 UTC 2020 /home/travis/build/icyphy/ptII/ptolemy/actor/lib/test/auto/Expression18.xml
----------------- Instantiating /home/travis/build/icyphy/ptII/ptolemy/actor/lib/test/auto/Expression18.xml
1 ms. Memory: 456704K Free: 235577K (52%)
----------------- Invoking toplevel() on ptolemy.moml.MoMLSimpleApplication@5aa59829
----------------- Done invoking toplevel() on ptolemy.moml.MoMLSimpleApplication@5aa59829
reloadAllAccessors: .Expression18

===========================================================================================
----------------- testing Mon May 04 14:16:44 UTC 2020 /home/travis/build/icyphy/ptII/ptolemy/actor/lib/test/auto/Expression2.xml
----------------- Instantiating /home/travis/build/icyphy/ptII/ptolemy/actor/lib/test/auto/Expression2.xml
2 ms. Memory: 456704K Free: 230457K (50%)
----------------- Invoking toplevel() on ptolemy.moml.MoMLSimpleApplication@2d220709
----------------- Done invoking toplevel() on ptolemy.moml.MoMLSimpleApplication@2d220709
reloadAllAccessors: .Expression2

===========================================================================================
----------------- testing Mon May 04 14:16:44 UTC 2020 /home/travis/build/icyphy/ptII/ptolemy/actor/lib/test/auto/Expression3.xml
----------------- Instantiating /home/travis/build/icyphy/ptII/ptolemy/actor/lib/test/auto/Expression3.xml
5 ms. Memory: 456704K Free: 225851K (49%)
----------------- Invoking toplevel() on ptolemy.moml.MoMLSimpleApplication@2314628c
----------------- Done invoking toplevel() on ptolemy.moml.MoMLSimpleApplication@2314628c
reloadAllAccessors: .Expression3

===========================================================================================
----------------- testing Mon May 04 14:16:44 UTC 2020 /home/travis/build/icyphy/ptII/ptolemy/actor/lib/test/auto/Expression4.xml
----------------- Instantiating /home/travis/build/icyphy/ptII/ptolemy/actor/lib/test/auto/Expression4.xml
4 ms. Memory: 456704K Free: 218169K (48%)
----------------- Invoking toplevel() on ptolemy.moml.MoMLSimpleApplication@11f825c7
----------------- Done invoking toplevel() on ptolemy.moml.MoMLSimpleApplication@11f825c7
reloadAllAccessors: .Expression4

===========================================================================================
----------------- testing Mon May 04 14:16:44 UTC 2020 /home/travis/build/icyphy/ptII/ptolemy/actor/lib/test/auto/Expression5.xml
----------------- Instantiating /home/travis/build/icyphy/ptII/ptolemy/actor/lib/test/auto/Expression5.xml
4 ms. Memory: 456704K Free: 213049K (47%)
----------------- Invoking toplevel() on ptolemy.moml.MoMLSimpleApplication@21950471
----------------- Done invoking toplevel() on ptolemy.moml.MoMLSimpleApplication@21950471
reloadAllAccessors: .Expression5

===========================================================================================
----------------- testing Mon May 04 14:16:44 UTC 2020 /home/travis/build/icyphy/ptII/ptolemy/actor/lib/test/auto/Expression6.xml
----------------- Instantiating /home/travis/build/icyphy/ptII/ptolemy/actor/lib/test/auto/Expression6.xml
1 ms. Memory: 456704K Free: 208953K (46%)
----------------- Invoking toplevel() on ptolemy.moml.MoMLSimpleApplication@66e0d2f3
----------------- Done invoking toplevel() on ptolemy.moml.MoMLSimpleApplication@66e0d2f3
reloadAllAccessors: .Expression6

===========================================================================================
----------------- testing Mon May 04 14:16:44 UTC 2020 /home/travis/build/icyphy/ptII/ptolemy/actor/lib/test/auto/Expression7.xml
----------------- Instantiating /home/travis/build/icyphy/ptII/ptolemy/actor/lib/test/auto/Expression7.xml
3 ms. Memory: 456704K Free: 203833K (45%)
----------------- Invoking toplevel() on ptolemy.moml.MoMLSimpleApplication@7503c3ed
----------------- Done invoking toplevel() on ptolemy.moml.MoMLSimpleApplication@7503c3ed
reloadAllAccessors: .Expression7

===========================================================================================
----------------- testing Mon May 04 14:16:44 UTC 2020 /home/travis/build/icyphy/ptII/ptolemy/actor/lib/test/auto/Expression8.xml
----------------- Instantiating /home/travis/build/icyphy/ptII/ptolemy/actor/lib/test/auto/Expression8.xml
9 ms. Memory: 456704K Free: 199227K (44%)
----------------- Invoking toplevel() on ptolemy.moml.MoMLSimpleApplication@53b12292
----------------- Done invoking toplevel() on ptolemy.moml.MoMLSimpleApplication@53b12292
reloadAllAccessors: .Expression8

===========================================================================================
----------------- testing Mon May 04 14:16:44 UTC 2020 /home/travis/build/icyphy/ptII/ptolemy/actor/lib/test/auto/Expression9.xml
----------------- Instantiating /home/travis/build/icyphy/ptII/ptolemy/actor/lib/test/auto/Expression9.xml
1 ms. Memory: 456704K Free: 195131K (43%)
----------------- Invoking toplevel() on ptolemy.moml.MoMLSimpleApplication@7d1e8f4e
----------------- Done invoking toplevel() on ptolemy.moml.MoMLSimpleApplication@7d1e8f4e
reloadAllAccessors: .Expression9

===========================================================================================
----------------- testing Mon May 04 14:16:44 UTC 2020 /home/travis/build/icyphy/ptII/ptolemy/actor/lib/test/auto/ExpressionConcatenateArrayType.xml
----------------- Instantiating /home/travis/build/icyphy/ptII/ptolemy/actor/lib/test/auto/ExpressionConcatenateArrayType.xml
2 ms. Memory: 456704K Free: 188473K (41%)
----------------- Invoking toplevel() on ptolemy.moml.MoMLSimpleApplication@3125a350
----------------- Done invoking toplevel() on ptolemy.moml.MoMLSimpleApplication@3125a350
reloadAllAccessors: .ExpressionConcatenateArrayType

===========================================================================================
----------------- testing Mon May 04 14:16:44 UTC 2020 /home/travis/build/icyphy/ptII/ptolemy/actor/lib/test/auto/ExpressionConcatenateArrayType2.xml
----------------- Instantiating /home/travis/build/icyphy/ptII/ptolemy/actor/lib/test/auto/ExpressionConcatenateArrayType2.xml
2 ms. Memory: 456704K Free: 183353K (40%)
----------------- Invoking toplevel() on ptolemy.moml.MoMLSimpleApplication@5b042667
----------------- Done invoking toplevel() on ptolemy.moml.MoMLSimpleApplication@5b042667
reloadAllAccessors: .ExpressionConcatenateArrayType2

===========================================================================================
----------------- testing Mon May 04 14:16:44 UTC 2020 /home/travis/build/icyphy/ptII/ptolemy/actor/lib/test/auto/ExpressionFix.xml
----------------- Instantiating /home/travis/build/icyphy/ptII/ptolemy/actor/lib/test/auto/ExpressionFix.xml
20 ms. Memory: 456704K Free: 176699K (39%)
----------------- Invoking toplevel() on ptolemy.moml.MoMLSimpleApplication@44bacd5f
----------------- Done invoking toplevel() on ptolemy.moml.MoMLSimpleApplication@44bacd5f
reloadAllAccessors: .ExpressionFix

===========================================================================================
----------------- testing Mon May 04 14:16:44 UTC 2020 /home/travis/build/icyphy/ptII/ptolemy/actor/lib/test/auto/ExpressionFix2.xml
----------------- Instantiating /home/travis/build/icyphy/ptII/ptolemy/actor/lib/test/auto/ExpressionFix2.xml
3 ms. Memory: 456704K Free: 172603K (38%)
----------------- Invoking toplevel() on ptolemy.moml.MoMLSimpleApplication@71ad9dec
----------------- Done invoking toplevel() on ptolemy.moml.MoMLSimpleApplication@71ad9dec
reloadAllAccessors: .ExpressionFix2

===========================================================================================
----------------- testing Mon May 04 14:16:44 UTC 2020 /home/travis/build/icyphy/ptII/ptolemy/actor/lib/test/auto/ExpressionFix3.xml
----------------- Instantiating /home/travis/build/icyphy/ptII/ptolemy/actor/lib/test/auto/ExpressionFix3.xml
3 ms. Memory: 456704K Free: 168507K (37%)
----------------- Invoking toplevel() on ptolemy.moml.MoMLSimpleApplication@761c936
----------------- Done invoking toplevel() on ptolemy.moml.MoMLSimpleApplication@761c936
reloadAllAccessors: .ExpressionFix3

===========================================================================================
----------------- testing Mon May 04 14:16:44 UTC 2020 /home/travis/build/icyphy/ptII/ptolemy/actor/lib/test/auto/FileWriter1.xml
----------------- Instantiating /home/travis/build/icyphy/ptII/ptolemy/actor/lib/test/auto/FileWriter1.xml
2 ms. Memory: 456704K Free: 164411K (36%)
----------------- Invoking toplevel() on ptolemy.moml.MoMLSimpleApplication@1f8d4b14
----------------- Done invoking toplevel() on ptolemy.moml.MoMLSimpleApplication@1f8d4b14
reloadAllAccessors: .FileWriter1

===========================================================================================
----------------- testing Mon May 04 14:16:44 UTC 2020 /home/travis/build/icyphy/ptII/ptolemy/actor/lib/test/auto/FileWriter2.xml
----------------- Instantiating /home/travis/build/icyphy/ptII/ptolemy/actor/lib/test/auto/FileWriter2.xml
5 ms. Memory: 456704K Free: 160315K (35%)
----------------- Invoking toplevel() on ptolemy.moml.MoMLSimpleApplication@4069c9eb
----------------- Done invoking toplevel() on ptolemy.moml.MoMLSimpleApplication@4069c9eb
reloadAllAccessors: .FileWriter2

===========================================================================================
----------------- testing Mon May 04 14:16:44 UTC 2020 /home/travis/build/icyphy/ptII/ptolemy/actor/lib/test/auto/FileWriter3.xml
----------------- Instantiating /home/travis/build/icyphy/ptII/ptolemy/actor/lib/test/auto/FileWriter3.xml
3 ms. Memory: 456704K Free: 405078K (89%)
----------------- Invoking toplevel() on ptolemy.moml.MoMLSimpleApplication@6a1de2a3
----------------- Done invoking toplevel() on ptolemy.moml.MoMLSimpleApplication@6a1de2a3
reloadAllAccessors: .FileWriter3

===========================================================================================
----------------- testing Mon May 04 14:16:44 UTC 2020 /home/travis/build/icyphy/ptII/ptolemy/actor/lib/test/auto/Gaussian.xml
----------------- Instantiating /home/travis/build/icyphy/ptII/ptolemy/actor/lib/test/auto/Gaussian.xml
3 ms. Memory: 456704K Free: 400472K (88%)
----------------- Invoking toplevel() on ptolemy.moml.MoMLSimpleApplication@23bef419
----------------- Done invoking toplevel() on ptolemy.moml.MoMLSimpleApplication@23bef419
reloadAllAccessors: .Gaussian

===========================================================================================
----------------- testing Mon May 04 14:16:44 UTC 2020 /home/travis/build/icyphy/ptII/ptolemy/actor/lib/test/auto/Gaussian1.xml
----------------- Instantiating /home/travis/build/icyphy/ptII/ptolemy/actor/lib/test/auto/Gaussian1.xml
9 ms. Memory: 456704K Free: 394807K (86%)
----------------- Invoking toplevel() on ptolemy.moml.MoMLSimpleApplication@755f04bb
----------------- Done invoking toplevel() on ptolemy.moml.MoMLSimpleApplication@755f04bb
reloadAllAccessors: .Gaussian1

===========================================================================================
----------------- testing Mon May 04 14:16:44 UTC 2020 /home/travis/build/icyphy/ptII/ptolemy/actor/lib/test/auto/Gaussian2.xml
----------------- Instantiating /home/travis/build/icyphy/ptII/ptolemy/actor/lib/test/auto/Gaussian2.xml
1 ms. Memory: 456704K Free: 389704K (85%)
----------------- Invoking toplevel() on ptolemy.moml.MoMLSimpleApplication@79156f2a
----------------- Done invoking toplevel() on ptolemy.moml.MoMLSimpleApplication@79156f2a
reloadAllAccessors: .Gaussian2

===========================================================================================
----------------- testing Mon May 04 14:16:44 UTC 2020 /home/travis/build/icyphy/ptII/ptolemy/actor/lib/test/auto/GradientAdaptiveLattice.xml
----------------- Instantiating /home/travis/build/icyphy/ptII/ptolemy/actor/lib/test/auto/GradientAdaptiveLattice.xml
3 ms. Memory: 456704K Free: 384598K (84%)
----------------- Invoking toplevel() on ptolemy.moml.MoMLSimpleApplication@19a77786
----------------- Done invoking toplevel() on ptolemy.moml.MoMLSimpleApplication@19a77786
reloadAllAccessors: .GradientAdaptiveLattice

===========================================================================================
----------------- testing Mon May 04 14:16:44 UTC 2020 /home/travis/build/icyphy/ptII/ptolemy/actor/lib/test/auto/IIR.xml
----------------- Instantiating /home/travis/build/icyphy/ptII/ptolemy/actor/lib/test/auto/IIR.xml
1 ms. Memory: 456704K Free: 379992K (83%)
----------------- Invoking toplevel() on ptolemy.moml.MoMLSimpleApplication@622be339
----------------- Done invoking toplevel() on ptolemy.moml.MoMLSimpleApplication@622be339
reloadAllAccessors: .IIR

===========================================================================================
----------------- testing Mon May 04 14:16:44 UTC 2020 /home/travis/build/icyphy/ptII/ptolemy/actor/lib/test/auto/InputOutputTransparentPorts.xml
----------------- Instantiating /home/travis/build/icyphy/ptII/ptolemy/actor/lib/test/auto/InputOutputTransparentPorts.xml
1 ms. Memory: 456704K Free: 373334K (82%)
----------------- Invoking toplevel() on ptolemy.moml.MoMLSimpleApplication@41231a4a
----------------- Done invoking toplevel() on ptolemy.moml.MoMLSimpleApplication@41231a4a
reloadAllAccessors: .InputOutputTransparentPorts

===========================================================================================
----------------- testing Mon May 04 14:16:44 UTC 2020 /home/travis/build/icyphy/ptII/ptolemy/actor/lib/test/auto/Interpolator.xml
----------------- Instantiating /home/travis/build/icyphy/ptII/ptolemy/actor/lib/test/auto/Interpolator.xml
3 ms. Memory: 456704K Free: 368726K (81%)
----------------- Invoking toplevel() on ptolemy.moml.MoMLSimpleApplication@54a58922
----------------- Done invoking toplevel() on ptolemy.moml.MoMLSimpleApplication@54a58922
reloadAllAccessors: .Interpolator

===========================================================================================
----------------- testing Mon May 04 14:16:44 UTC 2020 /home/travis/build/icyphy/ptII/ptolemy/actor/lib/test/auto/InterpolatorFiringLimitDE.xml
----------------- Instantiating /home/travis/build/icyphy/ptII/ptolemy/actor/lib/test/auto/InterpolatorFiringLimitDE.xml
2 ms. Memory: 456704K Free: 362584K (79%)
----------------- Invoking toplevel() on ptolemy.moml.MoMLSimpleApplication@48724ab8
----------------- Done invoking toplevel() on ptolemy.moml.MoMLSimpleApplication@48724ab8
reloadAllAccessors: .InterpolatorFiringLimitDE

===========================================================================================
----------------- testing Mon May 04 14:16:44 UTC 2020 /home/travis/build/icyphy/ptII/ptolemy/actor/lib/test/auto/Lattice.xml
----------------- Instantiating /home/travis/build/icyphy/ptII/ptolemy/actor/lib/test/auto/Lattice.xml
3 ms. Memory: 456704K Free: 358998K (79%)
----------------- Invoking toplevel() on ptolemy.moml.MoMLSimpleApplication@3f5618a2
----------------- Done invoking toplevel() on ptolemy.moml.MoMLSimpleApplication@3f5618a2
reloadAllAccessors: .Lattice

===========================================================================================
----------------- testing Mon May 04 14:16:44 UTC 2020 /home/travis/build/icyphy/ptII/ptolemy/actor/lib/test/auto/LazyAOCTestLazy.xml
----------------- Instantiating /home/travis/build/icyphy/ptII/ptolemy/actor/lib/test/auto/LazyAOCTestLazy.xml
6 ms. Memory: 456704K Free: 352840K (77%)
----------------- Invoking toplevel() on ptolemy.moml.MoMLSimpleApplication@1f77eadf
----------------- Done invoking toplevel() on ptolemy.moml.MoMLSimpleApplication@1f77eadf
reloadAllAccessors: .LazyAOCTestLazy

===========================================================================================
----------------- testing Mon May 04 14:16:44 UTC 2020 /home/travis/build/icyphy/ptII/ptolemy/actor/lib/test/auto/LazyAOCTestNonLazy.xml
----------------- Instantiating /home/travis/build/icyphy/ptII/ptolemy/actor/lib/test/auto/LazyAOCTestNonLazy.xml
2 ms. Memory: 456704K Free: 346200K (76%)
----------------- Invoking toplevel() on ptolemy.moml.MoMLSimpleApplication@509d2f72
----------------- Done invoking toplevel() on ptolemy.moml.MoMLSimpleApplication@509d2f72
reloadAllAccessors: .LazyAOCTestNonLazy

===========================================================================================
----------------- testing Mon May 04 14:16:44 UTC 2020 /home/travis/build/icyphy/ptII/ptolemy/actor/lib/test/auto/LazyInnerClass.xml
----------------- Instantiating /home/travis/build/icyphy/ptII/ptolemy/actor/lib/test/auto/LazyInnerClass.xml
19 ms. Memory: 456704K Free: 337480K (74%)
----------------- Invoking toplevel() on ptolemy.moml.MoMLSimpleApplication@8712ff6
----------------- Done invoking toplevel() on ptolemy.moml.MoMLSimpleApplication@8712ff6
reloadAllAccessors: .LazyInnerClass

===========================================================================================
----------------- testing Mon May 04 14:16:44 UTC 2020 /home/travis/build/icyphy/ptII/ptolemy/actor/lib/test/auto/LazyPubSub.xml
----------------- Instantiating /home/travis/build/icyphy/ptII/ptolemy/actor/lib/test/auto/LazyPubSub.xml
20 ms. Memory: 456704K Free: 327254K (72%)
----------------- Invoking toplevel() on ptolemy.moml.MoMLSimpleApplication@93f95d8
----------------- Done invoking toplevel() on ptolemy.moml.MoMLSimpleApplication@93f95d8
reloadAllAccessors: .LazyPubSub

===========================================================================================
----------------- testing Mon May 04 14:16:44 UTC 2020 /home/travis/build/icyphy/ptII/ptolemy/actor/lib/test/auto/LazyPubSub2.xml
----------------- Instantiating /home/travis/build/icyphy/ptII/ptolemy/actor/lib/test/auto/LazyPubSub2.xml
16 ms. Memory: 456704K Free: 317528K (70%)
----------------- Invoking toplevel() on ptolemy.moml.MoMLSimpleApplication@31db3c88
----------------- Done invoking toplevel() on ptolemy.moml.MoMLSimpleApplication@31db3c88
reloadAllAccessors: .LazyPubSub2

===========================================================================================
----------------- testing Mon May 04 14:16:44 UTC 2020 /home/travis/build/icyphy/ptII/ptolemy/actor/lib/test/auto/LazyPubSub3.xml
----------------- Instantiating /home/travis/build/icyphy/ptII/ptolemy/actor/lib/test/auto/LazyPubSub3.xml
13 ms. Memory: 456704K Free: 307288K (67%)
----------------- Invoking toplevel() on ptolemy.moml.MoMLSimpleApplication@22300357
----------------- Done invoking toplevel() on ptolemy.moml.MoMLSimpleApplication@22300357
reloadAllAccessors: .LazyPubSub3

===========================================================================================
----------------- testing Mon May 04 14:16:45 UTC 2020 /home/travis/build/icyphy/ptII/ptolemy/actor/lib/test/auto/LazySubClassModel.xml
----------------- Instantiating /home/travis/build/icyphy/ptII/ptolemy/actor/lib/test/auto/LazySubClassModel.xml
2 ms. Memory: 456704K Free: 298582K (65%)
----------------- Invoking toplevel() on ptolemy.moml.MoMLSimpleApplication@3d05069d
----------------- Done invoking toplevel() on ptolemy.moml.MoMLSimpleApplication@3d05069d
reloadAllAccessors: .LazySubClassModel

===========================================================================================
----------------- testing Mon May 04 14:16:45 UTC 2020 /home/travis/build/icyphy/ptII/ptolemy/actor/lib/test/auto/LevelCrossTest1.xml
----------------- Instantiating /home/travis/build/icyphy/ptII/ptolemy/actor/lib/test/auto/LevelCrossTest1.xml
1 ms. Memory: 456704K Free: 292952K (64%)
----------------- Invoking toplevel() on ptolemy.moml.MoMLSimpleApplication@26ad1678
----------------- Done invoking toplevel() on ptolemy.moml.MoMLSimpleApplication@26ad1678
reloadAllAccessors: .broken

===========================================================================================
----------------- testing Mon May 04 14:16:45 UTC 2020 /home/travis/build/icyphy/ptII/ptolemy/actor/lib/test/auto/LevelCrossTest10.xml
----------------- Instantiating /home/travis/build/icyphy/ptII/ptolemy/actor/lib/test/auto/LevelCrossTest10.xml
1 ms. Memory: 456704K Free: 285784K (63%)
----------------- Invoking toplevel() on ptolemy.moml.MoMLSimpleApplication@1610b1c5
----------------- Done invoking toplevel() on ptolemy.moml.MoMLSimpleApplication@1610b1c5
reloadAllAccessors: .LevelCrossTest10

===========================================================================================
----------------- testing Mon May 04 14:16:45 UTC 2020 /home/travis/build/icyphy/ptII/ptolemy/actor/lib/test/auto/LevelCrossTest11.xml
----------------- Instantiating /home/travis/build/icyphy/ptII/ptolemy/actor/lib/test/auto/LevelCrossTest11.xml
2 ms. Memory: 456704K Free: 279640K (61%)
----------------- Invoking toplevel() on ptolemy.moml.MoMLSimpleApplication@18be62e8
----------------- Done invoking toplevel() on ptolemy.moml.MoMLSimpleApplication@18be62e8
reloadAllAccessors: .LevelCrossTest11

===========================================================================================
----------------- testing Mon May 04 14:16:45 UTC 2020 /home/travis/build/icyphy/ptII/ptolemy/actor/lib/test/auto/LevelCrossTest12.xml
----------------- Instantiating /home/travis/build/icyphy/ptII/ptolemy/actor/lib/test/auto/LevelCrossTest12.xml
1 ms. Memory: 456704K Free: 272472K (60%)
----------------- Invoking toplevel() on ptolemy.moml.MoMLSimpleApplication@254b506e
----------------- Done invoking toplevel() on ptolemy.moml.MoMLSimpleApplication@254b506e
reloadAllAccessors: .LevelCrossTest12

===========================================================================================
----------------- testing Mon May 04 14:16:45 UTC 2020 /home/travis/build/icyphy/ptII/ptolemy/actor/lib/test/auto/LevelCrossTest13.xml
----------------- Instantiating /home/travis/build/icyphy/ptII/ptolemy/actor/lib/test/auto/LevelCrossTest13.xml
1 ms. Memory: 456704K Free: 265304K (58%)
----------------- Invoking toplevel() on ptolemy.moml.MoMLSimpleApplication@3015e89a
----------------- Done invoking toplevel() on ptolemy.moml.MoMLSimpleApplication@3015e89a
reloadAllAccessors: .LevelCrossTest13

===========================================================================================
----------------- testing Mon May 04 14:16:45 UTC 2020 /home/travis/build/icyphy/ptII/ptolemy/actor/lib/test/auto/LevelCrossTest2.xml
----------------- Instantiating /home/travis/build/icyphy/ptII/ptolemy/actor/lib/test/auto/LevelCrossTest2.xml
14 ms. Memory: 456704K Free: 260184K (57%)
----------------- Invoking toplevel() on ptolemy.moml.MoMLSimpleApplication@5f5e35f
----------------- Done invoking toplevel() on ptolemy.moml.MoMLSimpleApplication@5f5e35f
reloadAllAccessors: .broken

===========================================================================================
----------------- testing Mon May 04 14:16:45 UTC 2020 /home/travis/build/icyphy/ptII/ptolemy/actor/lib/test/auto/LevelCrossTest3.xml
----------------- Instantiating /home/travis/build/icyphy/ptII/ptolemy/actor/lib/test/auto/LevelCrossTest3.xml
1 ms. Memory: 456704K Free: 253526K (56%)
----------------- Invoking toplevel() on ptolemy.moml.MoMLSimpleApplication@a05cb7a
----------------- Done invoking toplevel() on ptolemy.moml.MoMLSimpleApplication@a05cb7a
reloadAllAccessors: .LevelCrossTest3

===========================================================================================
----------------- testing Mon May 04 14:16:45 UTC 2020 /home/travis/build/icyphy/ptII/ptolemy/actor/lib/test/auto/LevelCrossTest4.xml
----------------- Instantiating /home/travis/build/icyphy/ptII/ptolemy/actor/lib/test/auto/LevelCrossTest4.xml
1 ms. Memory: 456704K Free: 248406K (54%)
----------------- Invoking toplevel() on ptolemy.moml.MoMLSimpleApplication@7dc003d6
----------------- Done invoking toplevel() on ptolemy.moml.MoMLSimpleApplication@7dc003d6
reloadAllAccessors: .broken

===========================================================================================
----------------- testing Mon May 04 14:16:45 UTC 2020 /home/travis/build/icyphy/ptII/ptolemy/actor/lib/test/auto/LevelCrossTest5.xml
----------------- Instantiating /home/travis/build/icyphy/ptII/ptolemy/actor/lib/test/auto/LevelCrossTest5.xml
3 ms. Memory: 456704K Free: 241238K (53%)
----------------- Invoking toplevel() on ptolemy.moml.MoMLSimpleApplication@7052c821
----------------- Done invoking toplevel() on ptolemy.moml.MoMLSimpleApplication@7052c821
reloadAllAccessors: .LevelCrossTest5

===========================================================================================
----------------- testing Mon May 04 14:16:45 UTC 2020 /home/travis/build/icyphy/ptII/ptolemy/actor/lib/test/auto/LevelCrossTest6.xml
----------------- Instantiating /home/travis/build/icyphy/ptII/ptolemy/actor/lib/test/auto/LevelCrossTest6.xml
1 ms. Memory: 456704K Free: 234584K (51%)
----------------- Invoking toplevel() on ptolemy.moml.MoMLSimpleApplication@6ee250c6
----------------- Done invoking toplevel() on ptolemy.moml.MoMLSimpleApplication@6ee250c6
reloadAllAccessors: .LevelCrossTest6

===========================================================================================
----------------- testing Mon May 04 14:16:45 UTC 2020 /home/travis/build/icyphy/ptII/ptolemy/actor/lib/test/auto/LevelCrossTest7.xml
----------------- Instantiating /home/travis/build/icyphy/ptII/ptolemy/actor/lib/test/auto/LevelCrossTest7.xml
2 ms. Memory: 456704K Free: 227416K (50%)
----------------- Invoking toplevel() on ptolemy.moml.MoMLSimpleApplication@4897d5d9
----------------- Done invoking toplevel() on ptolemy.moml.MoMLSimpleApplication@4897d5d9
reloadAllAccessors: .LevelCrossTest7

===========================================================================================
----------------- testing Mon May 04 14:16:45 UTC 2020 /home/travis/build/icyphy/ptII/ptolemy/actor/lib/test/auto/LevelCrossTest8.xml
----------------- Instantiating /home/travis/build/icyphy/ptII/ptolemy/actor/lib/test/auto/LevelCrossTest8.xml
1 ms. Memory: 456704K Free: 219734K (48%)
----------------- Invoking toplevel() on ptolemy.moml.MoMLSimpleApplication@4d7c5f6f
----------------- Done invoking toplevel() on ptolemy.moml.MoMLSimpleApplication@4d7c5f6f
reloadAllAccessors: .LevelCrossTest8

===========================================================================================
----------------- testing Mon May 04 14:16:45 UTC 2020 /home/travis/build/icyphy/ptII/ptolemy/actor/lib/test/auto/LevelCrossTest9.xml
----------------- Instantiating /home/travis/build/icyphy/ptII/ptolemy/actor/lib/test/auto/LevelCrossTest9.xml
1 ms. Memory: 456704K Free: 213080K (47%)
----------------- Invoking toplevel() on ptolemy.moml.MoMLSimpleApplication@315402b3
----------------- Done invoking toplevel() on ptolemy.moml.MoMLSimpleApplication@315402b3
reloadAllAccessors: .LevelCrossTest9

===========================================================================================
----------------- testing Mon May 04 14:16:45 UTC 2020 /home/travis/build/icyphy/ptII/ptolemy/actor/lib/test/auto/LevinsonDurbin.xml
----------------- Instantiating /home/travis/build/icyphy/ptII/ptolemy/actor/lib/test/auto/LevinsonDurbin.xml
1 ms. Memory: 456704K Free: 208984K (46%)
----------------- Invoking toplevel() on ptolemy.moml.MoMLSimpleApplication@2d206d5d
----------------- Done invoking toplevel() on ptolemy.moml.MoMLSimpleApplication@2d206d5d
reloadAllAccessors: .LevinsonDurbin

===========================================================================================
----------------- testing Mon May 04 14:16:45 UTC 2020 /home/travis/build/icyphy/ptII/ptolemy/actor/lib/test/auto/LevinsonDurbin2.xml
----------------- Instantiating /home/travis/build/icyphy/ptII/ptolemy/actor/lib/test/auto/LevinsonDurbin2.xml
1 ms. Memory: 456704K Free: 204888K (45%)
----------------- Invoking toplevel() on ptolemy.moml.MoMLSimpleApplication@5867621c
----------------- Done invoking toplevel() on ptolemy.moml.MoMLSimpleApplication@5867621c
reloadAllAccessors: .LevinsonDurbin2

===========================================================================================
----------------- testing Mon May 04 14:16:45 UTC 2020 /home/travis/build/icyphy/ptII/ptolemy/actor/lib/test/auto/LevinsonDurbin3.xml
----------------- Instantiating /home/travis/build/icyphy/ptII/ptolemy/actor/lib/test/auto/LevinsonDurbin3.xml
2 ms. Memory: 456704K Free: 200792K (44%)
----------------- Invoking toplevel() on ptolemy.moml.MoMLSimpleApplication@1a9f4b02
----------------- Done invoking toplevel() on ptolemy.moml.MoMLSimpleApplication@1a9f4b02
reloadAllAccessors: .LevinsonDurbin3

===========================================================================================
----------------- testing Mon May 04 14:16:45 UTC 2020 /home/travis/build/icyphy/ptII/ptolemy/actor/lib/test/auto/Limiter.xml
----------------- Instantiating /home/travis/build/icyphy/ptII/ptolemy/actor/lib/test/auto/Limiter.xml
9 ms. Memory: 456704K Free: 192072K (42%)
----------------- Invoking toplevel() on ptolemy.moml.MoMLSimpleApplication@4f549db9
----------------- Done invoking toplevel() on ptolemy.moml.MoMLSimpleApplication@4f549db9
reloadAllAccessors: .Limiter

===========================================================================================
----------------- testing Mon May 04 14:16:45 UTC 2020 /home/travis/build/icyphy/ptII/ptolemy/actor/lib/test/auto/LinearDifferenceEquationSystem.xml
----------------- Instantiating /home/travis/build/icyphy/ptII/ptolemy/actor/lib/test/auto/LinearDifferenceEquationSystem.xml
3 ms. Memory: 456704K Free: 184408K (40%)
----------------- Invoking toplevel() on ptolemy.moml.MoMLSimpleApplication@4e6358a1
----------------- Done invoking toplevel() on ptolemy.moml.MoMLSimpleApplication@4e6358a1
reloadAllAccessors: .LinearDifferenceEquationSystem

===========================================================================================
----------------- testing Mon May 04 14:16:45 UTC 2020 /home/travis/build/icyphy/ptII/ptolemy/actor/lib/test/auto/LookupTable.xml
----------------- Instantiating /home/travis/build/icyphy/ptII/ptolemy/actor/lib/test/auto/LookupTable.xml
5 ms. Memory: 456704K Free: 179798K (39%)
----------------- Invoking toplevel() on ptolemy.moml.MoMLSimpleApplication@2802a9cb
----------------- Done invoking toplevel() on ptolemy.moml.MoMLSimpleApplication@2802a9cb
reloadAllAccessors: .LookupTable

===========================================================================================
----------------- testing Mon May 04 14:16:45 UTC 2020 /home/travis/build/icyphy/ptII/ptolemy/actor/lib/test/auto/MathFunction.xml
----------------- Instantiating /home/travis/build/icyphy/ptII/ptolemy/actor/lib/test/auto/MathFunction.xml
2 ms. Memory: 456704K Free: 171606K (38%)
----------------- Invoking toplevel() on ptolemy.moml.MoMLSimpleApplication@1c7306b2
----------------- Done invoking toplevel() on ptolemy.moml.MoMLSimpleApplication@1c7306b2
reloadAllAccessors: .MathFunction

===========================================================================================
----------------- testing Mon May 04 14:16:45 UTC 2020 /home/travis/build/icyphy/ptII/ptolemy/actor/lib/test/auto/MathFunction2.xml
----------------- Instantiating /home/travis/build/icyphy/ptII/ptolemy/actor/lib/test/auto/MathFunction2.xml
3 ms. Memory: 456704K Free: 168024K (37%)
----------------- Invoking toplevel() on ptolemy.moml.MoMLSimpleApplication@5287fd78
----------------- Done invoking toplevel() on ptolemy.moml.MoMLSimpleApplication@5287fd78
reloadAllAccessors: .MathFunction2

===========================================================================================
----------------- testing Mon May 04 14:16:45 UTC 2020 /home/travis/build/icyphy/ptII/ptolemy/actor/lib/test/auto/MathFunction3.xml
----------------- Instantiating /home/travis/build/icyphy/ptII/ptolemy/actor/lib/test/auto/MathFunction3.xml
2 ms. Memory: 456704K Free: 160856K (35%)
----------------- Invoking toplevel() on ptolemy.moml.MoMLSimpleApplication@d38b49a
----------------- Done invoking toplevel() on ptolemy.moml.MoMLSimpleApplication@d38b49a
reloadAllAccessors: .MathFunction3

===========================================================================================
----------------- testing Mon May 04 14:16:45 UTC 2020 /home/travis/build/icyphy/ptII/ptolemy/actor/lib/test/auto/MatrixCropBoolean.xml
----------------- Instantiating /home/travis/build/icyphy/ptII/ptolemy/actor/lib/test/auto/MatrixCropBoolean.xml
1 ms. Memory: 456704K Free: 156246K (34%)
----------------- Invoking toplevel() on ptolemy.moml.MoMLSimpleApplication@14dfff97
----------------- Done invoking toplevel() on ptolemy.moml.MoMLSimpleApplication@14dfff97
reloadAllAccessors: .MatrixCropBoolean

===========================================================================================
----------------- testing Mon May 04 14:16:45 UTC 2020 /home/travis/build/icyphy/ptII/ptolemy/actor/lib/test/auto/MatrixCropComplex.xml
----------------- Instantiating /home/travis/build/icyphy/ptII/ptolemy/actor/lib/test/auto/MatrixCropComplex.xml
2 ms. Memory: 456704K Free: 151640K (33%)
----------------- Invoking toplevel() on ptolemy.moml.MoMLSimpleApplication@399c1abe
----------------- Done invoking toplevel() on ptolemy.moml.MoMLSimpleApplication@399c1abe
reloadAllAccessors: .MatrixCropComplex

===========================================================================================
----------------- testing Mon May 04 14:16:45 UTC 2020 /home/travis/build/icyphy/ptII/ptolemy/actor/lib/test/auto/MatrixCropDouble.xml
----------------- Instantiating /home/travis/build/icyphy/ptII/ptolemy/actor/lib/test/auto/MatrixCropDouble.xml
2 ms. Memory: 456704K Free: 147024K (32%)
----------------- Invoking toplevel() on ptolemy.moml.MoMLSimpleApplication@209f7355
----------------- Done invoking toplevel() on ptolemy.moml.MoMLSimpleApplication@209f7355
reloadAllAccessors: .MatrixCropDouble

===========================================================================================
----------------- testing Mon May 04 14:16:45 UTC 2020 /home/travis/build/icyphy/ptII/ptolemy/actor/lib/test/auto/MatrixCropFix.xml
----------------- Instantiating /home/travis/build/icyphy/ptII/ptolemy/actor/lib/test/auto/MatrixCropFix.xml
2 ms. Memory: 456704K Free: 141896K (31%)
----------------- Invoking toplevel() on ptolemy.moml.MoMLSimpleApplication@214eca5b
----------------- Done invoking toplevel() on ptolemy.moml.MoMLSimpleApplication@214eca5b
reloadAllAccessors: .MatrixCropFix

===========================================================================================
----------------- testing Mon May 04 14:16:45 UTC 2020 /home/travis/build/icyphy/ptII/ptolemy/actor/lib/test/auto/MatrixCropInt.xml
----------------- Instantiating /home/travis/build/icyphy/ptII/ptolemy/actor/lib/test/auto/MatrixCropInt.xml
9 ms. Memory: 456704K Free: 406914K (89%)
----------------- Invoking toplevel() on ptolemy.moml.MoMLSimpleApplication@69708b14
----------------- Done invoking toplevel() on ptolemy.moml.MoMLSimpleApplication@69708b14
reloadAllAccessors: .MatrixCropInt

===========================================================================================
----------------- testing Mon May 04 14:16:45 UTC 2020 /home/travis/build/icyphy/ptII/ptolemy/actor/lib/test/auto/MatrixCropLong.xml
----------------- Instantiating /home/travis/build/icyphy/ptII/ptolemy/actor/lib/test/auto/MatrixCropLong.xml
1 ms. Memory: 456704K Free: 401330K (88%)
----------------- Invoking toplevel() on ptolemy.moml.MoMLSimpleApplication@26dbfddf
----------------- Done invoking toplevel() on ptolemy.moml.MoMLSimpleApplication@26dbfddf
reloadAllAccessors: .MatrixCropLong

===========================================================================================
----------------- testing Mon May 04 14:16:45 UTC 2020 /home/travis/build/icyphy/ptII/ptolemy/actor/lib/test/auto/MatrixToArray.xml
----------------- Instantiating /home/travis/build/icyphy/ptII/ptolemy/actor/lib/test/auto/MatrixToArray.xml
5 ms. Memory: 456704K Free: 386480K (85%)
----------------- Invoking toplevel() on ptolemy.moml.MoMLSimpleApplication@699923e5
----------------- Done invoking toplevel() on ptolemy.moml.MoMLSimpleApplication@699923e5
reloadAllAccessors: .MatrixToArray

===========================================================================================
----------------- testing Mon May 04 14:16:45 UTC 2020 /home/travis/build/icyphy/ptII/ptolemy/actor/lib/test/auto/MaxIndex.xml
----------------- Instantiating /home/travis/build/icyphy/ptII/ptolemy/actor/lib/test/auto/MaxIndex.xml
1 ms. Memory: 456704K Free: 381360K (84%)
----------------- Invoking toplevel() on ptolemy.moml.MoMLSimpleApplication@4c39d4cf
----------------- Done invoking toplevel() on ptolemy.moml.MoMLSimpleApplication@4c39d4cf
reloadAllAccessors: .MaxIndex

===========================================================================================
----------------- testing Mon May 04 14:16:45 UTC 2020 /home/travis/build/icyphy/ptII/ptolemy/actor/lib/test/auto/Maximum.xml
----------------- Instantiating /home/travis/build/icyphy/ptII/ptolemy/actor/lib/test/auto/Maximum.xml
2 ms. Memory: 456704K Free: 374706K (82%)
----------------- Invoking toplevel() on ptolemy.moml.MoMLSimpleApplication@2d6c65f3
----------------- Done invoking toplevel() on ptolemy.moml.MoMLSimpleApplication@2d6c65f3
reloadAllAccessors: .Maximum

===========================================================================================
----------------- testing Mon May 04 14:16:45 UTC 2020 /home/travis/build/icyphy/ptII/ptolemy/actor/lib/test/auto/MaximumComplex.xml
----------------- Instantiating /home/travis/build/icyphy/ptII/ptolemy/actor/lib/test/auto/MaximumComplex.xml
3 ms. Memory: 456704K Free: 368562K (81%)
----------------- Invoking toplevel() on ptolemy.moml.MoMLSimpleApplication@44b25d1f
----------------- Done invoking toplevel() on ptolemy.moml.MoMLSimpleApplication@44b25d1f
reloadAllAccessors: .MaximumComplex

===========================================================================================
----------------- testing Mon May 04 14:16:45 UTC 2020 /home/travis/build/icyphy/ptII/ptolemy/actor/lib/test/auto/MethodCallTest.xml
----------------- Instantiating /home/travis/build/icyphy/ptII/ptolemy/actor/lib/test/auto/MethodCallTest.xml
2 ms. Memory: 456704K Free: 361904K (79%)
----------------- Invoking toplevel() on ptolemy.moml.MoMLSimpleApplication@3b959eff
----------------- Done invoking toplevel() on ptolemy.moml.MoMLSimpleApplication@3b959eff
reloadAllAccessors: .MethodCallTest

===========================================================================================
----------------- testing Mon May 04 14:16:45 UTC 2020 /home/travis/build/icyphy/ptII/ptolemy/actor/lib/test/auto/Minimum.xml
----------------- Instantiating /home/travis/build/icyphy/ptII/ptolemy/actor/lib/test/auto/Minimum.xml
2 ms. Memory: 456704K Free: 355250K (78%)
----------------- Invoking toplevel() on ptolemy.moml.MoMLSimpleApplication@11c377
----------------- Done invoking toplevel() on ptolemy.moml.MoMLSimpleApplication@11c377
reloadAllAccessors: .Minimum

===========================================================================================
----------------- testing Mon May 04 14:16:45 UTC 2020 /home/travis/build/icyphy/ptII/ptolemy/actor/lib/test/auto/MinimumComplex.xml
----------------- Instantiating /home/travis/build/icyphy/ptII/ptolemy/actor/lib/test/auto/MinimumComplex.xml
2 ms. Memory: 456704K Free: 349616K (77%)
----------------- Invoking toplevel() on ptolemy.moml.MoMLSimpleApplication@7ebb2eaa
----------------- Done invoking toplevel() on ptolemy.moml.MoMLSimpleApplication@7ebb2eaa
reloadAllAccessors: .MinimumComplex

===========================================================================================
----------------- testing Mon May 04 14:16:45 UTC 2020 /home/travis/build/icyphy/ptII/ptolemy/actor/lib/test/auto/MinimumMultiports.xml
----------------- Instantiating /home/travis/build/icyphy/ptII/ptolemy/actor/lib/test/auto/MinimumMultiports.xml
3 ms. Memory: 456704K Free: 340914K (75%)
----------------- Invoking toplevel() on ptolemy.moml.MoMLSimpleApplication@57f0e1ce
----------------- Done invoking toplevel() on ptolemy.moml.MoMLSimpleApplication@57f0e1ce
reloadAllAccessors: .MinimumMultiports

===========================================================================================
----------------- testing Mon May 04 14:16:45 UTC 2020 /home/travis/build/icyphy/ptII/ptolemy/actor/lib/test/auto/ModifyDate.xml
----------------- Instantiating /home/travis/build/icyphy/ptII/ptolemy/actor/lib/test/auto/ModifyDate.xml
7 ms. Memory: 456704K Free: 328112K (72%)
----------------- Invoking toplevel() on ptolemy.moml.MoMLSimpleApplication@35cfa40b
----------------- Done invoking toplevel() on ptolemy.moml.MoMLSimpleApplication@35cfa40b
reloadAllAccessors: .ModifyDate

===========================================================================================
----------------- testing Mon May 04 14:16:45 UTC 2020 /home/travis/build/icyphy/ptII/ptolemy/actor/lib/test/auto/ModifyDate2.xml
----------------- Instantiating /home/travis/build/icyphy/ptII/ptolemy/actor/lib/test/auto/ModifyDate2.xml
3 ms. Memory: 456704K Free: 319410K (70%)
----------------- Invoking toplevel() on ptolemy.moml.MoMLSimpleApplication@64ee12d2
----------------- Done invoking toplevel() on ptolemy.moml.MoMLSimpleApplication@64ee12d2
reloadAllAccessors: .ModifyDate2

===========================================================================================
----------------- testing Mon May 04 14:16:45 UTC 2020 /home/travis/build/icyphy/ptII/ptolemy/actor/lib/test/auto/MovingAverage.xml
----------------- Instantiating /home/travis/build/icyphy/ptII/ptolemy/actor/lib/test/auto/MovingAverage.xml
2 ms. Memory: 456704K Free: 314800K (69%)
----------------- Invoking toplevel() on ptolemy.moml.MoMLSimpleApplication@20825f9
----------------- Done invoking toplevel() on ptolemy.moml.MoMLSimpleApplication@20825f9
reloadAllAccessors: .MovingAverage

===========================================================================================
----------------- testing Mon May 04 14:16:45 UTC 2020 /home/travis/build/icyphy/ptII/ptolemy/actor/lib/test/auto/MovingMaximum.xml
----------------- Instantiating /home/travis/build/icyphy/ptII/ptolemy/actor/lib/test/auto/MovingMaximum.xml
1 ms. Memory: 456704K Free: 310194K (68%)
----------------- Invoking toplevel() on ptolemy.moml.MoMLSimpleApplication@70ba3af6
----------------- Done invoking toplevel() on ptolemy.moml.MoMLSimpleApplication@70ba3af6
reloadAllAccessors: .MovingMaximum

===========================================================================================
----------------- testing Mon May 04 14:16:45 UTC 2020 /home/travis/build/icyphy/ptII/ptolemy/actor/lib/test/auto/MultipleLinksToSameRelation.xml
----------------- Instantiating /home/travis/build/icyphy/ptII/ptolemy/actor/lib/test/auto/MultipleLinksToSameRelation.xml
2 ms. Memory: 456704K Free: 306098K (67%)
----------------- Invoking toplevel() on ptolemy.moml.MoMLSimpleApplication@1b1c3bb1
----------------- Done invoking toplevel() on ptolemy.moml.MoMLSimpleApplication@1b1c3bb1
reloadAllAccessors: .MultipleLinksToSameRelation

===========================================================================================
----------------- testing Mon May 04 14:16:45 UTC 2020 /home/travis/build/icyphy/ptII/ptolemy/actor/lib/test/auto/MultipleLinksToSameRelationDE.xml
----------------- Instantiating /home/travis/build/icyphy/ptII/ptolemy/actor/lib/test/auto/MultipleLinksToSameRelationDE.xml
9 ms. Memory: 456704K Free: 301474K (66%)
----------------- Invoking toplevel() on ptolemy.moml.MoMLSimpleApplication@4096f5a
----------------- Done invoking toplevel() on ptolemy.moml.MoMLSimpleApplication@4096f5a
reloadAllAccessors: .MultipleLinksToSameRelationDE

===========================================================================================
----------------- testing Mon May 04 14:16:45 UTC 2020 /home/travis/build/icyphy/ptII/ptolemy/actor/lib/test/auto/Multiplexor.xml
----------------- Instantiating /home/travis/build/icyphy/ptII/ptolemy/actor/lib/test/auto/Multiplexor.xml
2 ms. Memory: 456704K Free: 295858K (65%)
----------------- Invoking toplevel() on ptolemy.moml.MoMLSimpleApplication@2a1328db
----------------- Done invoking toplevel() on ptolemy.moml.MoMLSimpleApplication@2a1328db
reloadAllAccessors: .Multiplexor

===========================================================================================
----------------- testing Mon May 04 14:16:45 UTC 2020 /home/travis/build/icyphy/ptII/ptolemy/actor/lib/test/auto/Multiplexor1.xml
----------------- Instantiating /home/travis/build/icyphy/ptII/ptolemy/actor/lib/test/auto/Multiplexor1.xml
1 ms. Memory: 456704K Free: 290210K (64%)
----------------- Invoking toplevel() on ptolemy.moml.MoMLSimpleApplication@691f2d23
----------------- Done invoking toplevel() on ptolemy.moml.MoMLSimpleApplication@691f2d23
reloadAllAccessors: .Multiplexor1

===========================================================================================
----------------- testing Mon May 04 14:16:45 UTC 2020 /home/travis/build/icyphy/ptII/ptolemy/actor/lib/test/auto/Multiplexor2.xml
----------------- Instantiating /home/travis/build/icyphy/ptII/ptolemy/actor/lib/test/auto/Multiplexor2.xml
3 ms. Memory: 456704K Free: 284080K (62%)
----------------- Invoking toplevel() on ptolemy.moml.MoMLSimpleApplication@5749004c
----------------- Done invoking toplevel() on ptolemy.moml.MoMLSimpleApplication@5749004c
reloadAllAccessors: .Multiplexor2

===========================================================================================
----------------- testing Mon May 04 14:16:45 UTC 2020 /home/travis/build/icyphy/ptII/ptolemy/actor/lib/test/auto/Multiplexor3.xml
----------------- Instantiating /home/travis/build/icyphy/ptII/ptolemy/actor/lib/test/auto/Multiplexor3.xml
1 ms. Memory: 456704K Free: 279984K (61%)
----------------- Invoking toplevel() on ptolemy.moml.MoMLSimpleApplication@1b6193a4
----------------- Done invoking toplevel() on ptolemy.moml.MoMLSimpleApplication@1b6193a4
reloadAllAccessors: .Multiplexor3

===========================================================================================
----------------- testing Mon May 04 14:16:45 UTC 2020 /home/travis/build/icyphy/ptII/ptolemy/actor/lib/test/auto/MultiplexorDE.xml
----------------- Instantiating /home/travis/build/icyphy/ptII/ptolemy/actor/lib/test/auto/MultiplexorDE.xml
2 ms. Memory: 456704K Free: 272306K (60%)
----------------- Invoking toplevel() on ptolemy.moml.MoMLSimpleApplication@4db94dbc
----------------- Done invoking toplevel() on ptolemy.moml.MoMLSimpleApplication@4db94dbc
reloadAllAccessors: .MultiplexorDE

===========================================================================================
----------------- testing Mon May 04 14:16:45 UTC 2020 /home/travis/build/icyphy/ptII/ptolemy/actor/lib/test/auto/MultiportBroadcastTest.xml
----------------- Instantiating /home/travis/build/icyphy/ptII/ptolemy/actor/lib/test/auto/MultiportBroadcastTest.xml
80 ms. Memory: 456704K Free: 266162K (58%)
----------------- Invoking toplevel() on ptolemy.moml.MoMLSimpleApplication@1cb4d69c
----------------- Done invoking toplevel() on ptolemy.moml.MoMLSimpleApplication@1cb4d69c
reloadAllAccessors: .MultiportBroadcastTest

===========================================================================================
----------------- testing Mon May 04 14:16:45 UTC 2020 /home/travis/build/icyphy/ptII/ptolemy/actor/lib/test/auto/MultiportOutHangDuringGetWidth.xml
----------------- Instantiating /home/travis/build/icyphy/ptII/ptolemy/actor/lib/test/auto/MultiportOutHangDuringGetWidth.xml
10 ms. Memory: 456704K Free: 253874K (56%)
----------------- Invoking toplevel() on ptolemy.moml.MoMLSimpleApplication@6f87165
----------------- Done invoking toplevel() on ptolemy.moml.MoMLSimpleApplication@6f87165
reloadAllAccessors: .MultiportOutHangDuringGetWidth

===========================================================================================
----------------- testing Mon May 04 14:16:46 UTC 2020 /home/travis/build/icyphy/ptII/ptolemy/actor/lib/test/auto/NilToken.xml
----------------- Instantiating /home/travis/build/icyphy/ptII/ptolemy/actor/lib/test/auto/NilToken.xml
1 ms. Memory: 456704K Free: 250288K (55%)
----------------- Invoking toplevel() on ptolemy.moml.MoMLSimpleApplication@881adbc
----------------- Done invoking toplevel() on ptolemy.moml.MoMLSimpleApplication@881adbc
reloadAllAccessors: .NilToken

===========================================================================================
----------------- testing Mon May 04 14:16:46 UTC 2020 /home/travis/build/icyphy/ptII/ptolemy/actor/lib/test/auto/NilTokenNonStrictTest.xml
----------------- Instantiating /home/travis/build/icyphy/ptII/ptolemy/actor/lib/test/auto/NilTokenNonStrictTest.xml
1 ms. Memory: 456704K Free: 245168K (54%)
----------------- Invoking toplevel() on ptolemy.moml.MoMLSimpleApplication@79ff9342
----------------- Done invoking toplevel() on ptolemy.moml.MoMLSimpleApplication@79ff9342
reloadAllAccessors: .NilTokenNonStrictTest

===========================================================================================
----------------- testing Mon May 04 14:16:46 UTC 2020 /home/travis/build/icyphy/ptII/ptolemy/actor/lib/test/auto/NilTokenRecord.xml
----------------- Instantiating /home/travis/build/icyphy/ptII/ptolemy/actor/lib/test/auto/NilTokenRecord.xml
3 ms. Memory: 456704K Free: 238514K (52%)
----------------- Invoking toplevel() on ptolemy.moml.MoMLSimpleApplication@461802e2
----------------- Done invoking toplevel() on ptolemy.moml.MoMLSimpleApplication@461802e2
reloadAllAccessors: .NilTokenRecord

===========================================================================================
----------------- testing Mon May 04 14:16:46 UTC 2020 /home/travis/build/icyphy/ptII/ptolemy/actor/lib/test/auto/NilTokenTypeTest.xml
----------------- Instantiating /home/travis/build/icyphy/ptII/ptolemy/actor/lib/test/auto/NilTokenTypeTest.xml
3 ms. Memory: 456704K Free: 228784K (50%)
----------------- Invoking toplevel() on ptolemy.moml.MoMLSimpleApplication@7b18f235
----------------- Done invoking toplevel() on ptolemy.moml.MoMLSimpleApplication@7b18f235
reloadAllAccessors: .NilTokenTypeTest

===========================================================================================
----------------- testing Mon May 04 14:16:46 UTC 2020 /home/travis/build/icyphy/ptII/ptolemy/actor/lib/test/auto/ObjectToken1.xml
----------------- Instantiating /home/travis/build/icyphy/ptII/ptolemy/actor/lib/test/auto/ObjectToken1.xml
1 ms. Memory: 456704K Free: 224688K (49%)
----------------- Invoking toplevel() on ptolemy.moml.MoMLSimpleApplication@75fd340
----------------- Done invoking toplevel() on ptolemy.moml.MoMLSimpleApplication@75fd340
reloadAllAccessors: .ObjectToken1

===========================================================================================
----------------- testing Mon May 04 14:16:46 UTC 2020 /home/travis/build/icyphy/ptII/ptolemy/actor/lib/test/auto/OrderedMerge.xml
----------------- Instantiating /home/travis/build/icyphy/ptII/ptolemy/actor/lib/test/auto/OrderedMerge.xml
8 ms. Memory: 456704K Free: 219058K (48%)
----------------- Invoking toplevel() on ptolemy.moml.MoMLSimpleApplication@6ab35ea
----------------- Done invoking toplevel() on ptolemy.moml.MoMLSimpleApplication@6ab35ea
reloadAllAccessors: .OrderedMerge

===========================================================================================
----------------- testing Mon May 04 14:16:46 UTC 2020 /home/travis/build/icyphy/ptII/ptolemy/actor/lib/test/auto/OrderedRecordDisassembler.xml
----------------- Instantiating /home/travis/build/icyphy/ptII/ptolemy/actor/lib/test/auto/OrderedRecordDisassembler.xml
2 ms. Memory: 456704K Free: 214442K (47%)
----------------- Invoking toplevel() on ptolemy.moml.MoMLSimpleApplication@3c2d2e8a
----------------- Done invoking toplevel() on ptolemy.moml.MoMLSimpleApplication@3c2d2e8a
reloadAllAccessors: .OrderedRecordDisassembler

===========================================================================================
----------------- testing Mon May 04 14:16:46 UTC 2020 /home/travis/build/icyphy/ptII/ptolemy/actor/lib/test/auto/OrderedRecordDisassembler2.xml
----------------- Instantiating /home/travis/build/icyphy/ptII/ptolemy/actor/lib/test/auto/OrderedRecordDisassembler2.xml
4 ms. Memory: 456704K Free: 206770K (45%)
----------------- Invoking toplevel() on ptolemy.moml.MoMLSimpleApplication@792f3df8
----------------- Done invoking toplevel() on ptolemy.moml.MoMLSimpleApplication@792f3df8
reloadAllAccessors: .OrderedRecordDisassembler2

===========================================================================================
----------------- testing Mon May 04 14:16:46 UTC 2020 /home/travis/build/icyphy/ptII/ptolemy/actor/lib/test/auto/OrderedRecordUpdater.xml
----------------- Instantiating /home/travis/build/icyphy/ptII/ptolemy/actor/lib/test/auto/OrderedRecordUpdater.xml
1 ms. Memory: 456704K Free: 201650K (44%)
----------------- Invoking toplevel() on ptolemy.moml.MoMLSimpleApplication@6f4fe928
----------------- Done invoking toplevel() on ptolemy.moml.MoMLSimpleApplication@6f4fe928
reloadAllAccessors: .RecordUpdater

===========================================================================================
----------------- testing Mon May 04 14:16:46 UTC 2020 /home/travis/build/icyphy/ptII/ptolemy/actor/lib/test/auto/OrderedRecordUpdater2.xml
----------------- Instantiating /home/travis/build/icyphy/ptII/ptolemy/actor/lib/test/auto/OrderedRecordUpdater2.xml
3 ms. Memory: 456704K Free: 196530K (43%)
----------------- Invoking toplevel() on ptolemy.moml.MoMLSimpleApplication@691aad5c
----------------- Done invoking toplevel() on ptolemy.moml.MoMLSimpleApplication@691aad5c
reloadAllAccessors: .RecordUpdater2

===========================================================================================
----------------- testing Mon May 04 14:16:46 UTC 2020 /home/travis/build/icyphy/ptII/ptolemy/actor/lib/test/auto/PhaseUnwrap.xml
----------------- Instantiating /home/travis/build/icyphy/ptII/ptolemy/actor/lib/test/auto/PhaseUnwrap.xml
1 ms. Memory: 456704K Free: 191920K (42%)
----------------- Invoking toplevel() on ptolemy.moml.MoMLSimpleApplication@3c52c4fc
----------------- Done invoking toplevel() on ptolemy.moml.MoMLSimpleApplication@3c52c4fc
reloadAllAccessors: .PhaseUnwrap

===========================================================================================
----------------- testing Mon May 04 14:16:46 UTC 2020 /home/travis/build/icyphy/ptII/ptolemy/actor/lib/test/auto/PoissonClock.xml
----------------- Instantiating /home/travis/build/icyphy/ptII/ptolemy/actor/lib/test/auto/PoissonClock.xml
1 ms. Memory: 456704K Free: 187824K (41%)
----------------- Invoking toplevel() on ptolemy.moml.MoMLSimpleApplication@252210cc
----------------- Done invoking toplevel() on ptolemy.moml.MoMLSimpleApplication@252210cc
reloadAllAccessors: .PoissonClock

===========================================================================================
----------------- testing Mon May 04 14:16:46 UTC 2020 /home/travis/build/icyphy/ptII/ptolemy/actor/lib/test/auto/PoissonClock2.xml
----------------- Instantiating /home/travis/build/icyphy/ptII/ptolemy/actor/lib/test/auto/PoissonClock2.xml
1 ms. Memory: 456704K Free: 183218K (40%)
----------------- Invoking toplevel() on ptolemy.moml.MoMLSimpleApplication@38138871
----------------- Done invoking toplevel() on ptolemy.moml.MoMLSimpleApplication@38138871
reloadAllAccessors: .PoissonClock2

===========================================================================================
----------------- testing Mon May 04 14:16:46 UTC 2020 /home/travis/build/icyphy/ptII/ptolemy/actor/lib/test/auto/PoissonClock3.xml
----------------- Instantiating /home/travis/build/icyphy/ptII/ptolemy/actor/lib/test/auto/PoissonClock3.xml
1 ms. Memory: 456704K Free: 179122K (39%)
----------------- Invoking toplevel() on ptolemy.moml.MoMLSimpleApplication@44071877
----------------- Done invoking toplevel() on ptolemy.moml.MoMLSimpleApplication@44071877
reloadAllAccessors: .PoissonClock3

===========================================================================================
----------------- testing Mon May 04 14:16:46 UTC 2020 /home/travis/build/icyphy/ptII/ptolemy/actor/lib/test/auto/PubSubWithInitialTokens.xml
----------------- Instantiating /home/travis/build/icyphy/ptII/ptolemy/actor/lib/test/auto/PubSubWithInitialTokens.xml
2 ms. Memory: 456704K Free: 173458K (38%)
----------------- Invoking toplevel() on ptolemy.moml.MoMLSimpleApplication@4ecc9a17
----------------- Done invoking toplevel() on ptolemy.moml.MoMLSimpleApplication@4ecc9a17
reloadAllAccessors: .PubSubWithInitialTokens

===========================================================================================
----------------- testing Mon May 04 14:16:46 UTC 2020 /home/travis/build/icyphy/ptII/ptolemy/actor/lib/test/auto/PubSubWithInitialTokens2.xml
----------------- Instantiating /home/travis/build/icyphy/ptII/ptolemy/actor/lib/test/auto/PubSubWithInitialTokens2.xml
2 ms. Memory: 456704K Free: 167338K (37%)
----------------- Invoking toplevel() on ptolemy.moml.MoMLSimpleApplication@5ed4b3ff
----------------- Done invoking toplevel() on ptolemy.moml.MoMLSimpleApplication@5ed4b3ff
reloadAllAccessors: .PubSubWithInitialTokens2

===========================================================================================
----------------- testing Mon May 04 14:16:46 UTC 2020 /home/travis/build/icyphy/ptII/ptolemy/actor/lib/test/auto/PublisherClassNoParameter.xml
----------------- Instantiating /home/travis/build/icyphy/ptII/ptolemy/actor/lib/test/auto/PublisherClassNoParameter.xml
2 ms. Memory: 456704K Free: 157618K (35%)
----------------- Invoking toplevel() on ptolemy.moml.MoMLSimpleApplication@1e7ea9ed
----------------- Done invoking toplevel() on ptolemy.moml.MoMLSimpleApplication@1e7ea9ed
reloadAllAccessors: .PublisherClassNoParameter

===========================================================================================
----------------- testing Mon May 04 14:16:46 UTC 2020 /home/travis/build/icyphy/ptII/ptolemy/actor/lib/test/auto/PublisherClassParameter.xml
----------------- Instantiating /home/travis/build/icyphy/ptII/ptolemy/actor/lib/test/auto/PublisherClassParameter.xml
1 ms. Memory: 456704K Free: 147378K (32%)
----------------- Invoking toplevel() on ptolemy.moml.MoMLSimpleApplication@1e032b
----------------- Done invoking toplevel() on ptolemy.moml.MoMLSimpleApplication@1e032b
reloadAllAccessors: .PublisherClassParameter

===========================================================================================
----------------- testing Mon May 04 14:16:46 UTC 2020 /home/travis/build/icyphy/ptII/ptolemy/actor/lib/test/auto/PublisherNonStrictTest.xml
----------------- Instantiating /home/travis/build/icyphy/ptII/ptolemy/actor/lib/test/auto/PublisherNonStrictTest.xml
2 ms. Memory: 456704K Free: 139690K (31%)
----------------- Invoking toplevel() on ptolemy.moml.MoMLSimpleApplication@2a10a528
----------------- Done invoking toplevel() on ptolemy.moml.MoMLSimpleApplication@2a10a528
reloadAllAccessors: .PublisherNonStrictTest

===========================================================================================
----------------- testing Mon May 04 14:16:46 UTC 2020 /home/travis/build/icyphy/ptII/ptolemy/actor/lib/test/auto/PublisherPort1.xml
----------------- Instantiating /home/travis/build/icyphy/ptII/ptolemy/actor/lib/test/auto/PublisherPort1.xml
11 ms. Memory: 456704K Free: 404222K (89%)
----------------- Invoking toplevel() on ptolemy.moml.MoMLSimpleApplication@25917953
----------------- Done invoking toplevel() on ptolemy.moml.MoMLSimpleApplication@25917953
reloadAllAccessors: .PublisherPort1

===========================================================================================
----------------- testing Mon May 04 14:16:46 UTC 2020 /home/travis/build/icyphy/ptII/ptolemy/actor/lib/test/auto/PublisherPort2.xml
----------------- Instantiating /home/travis/build/icyphy/ptII/ptolemy/actor/lib/test/auto/PublisherPort2.xml
1 ms. Memory: 456704K Free: 399102K (87%)
----------------- Invoking toplevel() on ptolemy.moml.MoMLSimpleApplication@7f4d24dd
----------------- Done invoking toplevel() on ptolemy.moml.MoMLSimpleApplication@7f4d24dd
reloadAllAccessors: .PublisherPort2

===========================================================================================
----------------- testing Mon May 04 14:16:46 UTC 2020 /home/travis/build/icyphy/ptII/ptolemy/actor/lib/test/auto/PublisherPort3.xml
----------------- Instantiating /home/travis/build/icyphy/ptII/ptolemy/actor/lib/test/auto/PublisherPort3.xml
2 ms. Memory: 456704K Free: 392414K (86%)
----------------- Invoking toplevel() on ptolemy.moml.MoMLSimpleApplication@2c32d164
----------------- Done invoking toplevel() on ptolemy.moml.MoMLSimpleApplication@2c32d164
reloadAllAccessors: .PublisherPort3

===========================================================================================
----------------- testing Mon May 04 14:16:46 UTC 2020 /home/travis/build/icyphy/ptII/ptolemy/actor/lib/test/auto/PublisherPort4.xml
----------------- Instantiating /home/travis/build/icyphy/ptII/ptolemy/actor/lib/test/auto/PublisherPort4.xml
1 ms. Memory: 456704K Free: 386814K (85%)
----------------- Invoking toplevel() on ptolemy.moml.MoMLSimpleApplication@12b72884
----------------- Done invoking toplevel() on ptolemy.moml.MoMLSimpleApplication@12b72884
reloadAllAccessors: .PublisherPort4

===========================================================================================
----------------- testing Mon May 04 14:16:46 UTC 2020 /home/travis/build/icyphy/ptII/ptolemy/actor/lib/test/auto/PublisherPort5.xml
----------------- Instantiating /home/travis/build/icyphy/ptII/ptolemy/actor/lib/test/auto/PublisherPort5.xml
3 ms. Memory: 456704K Free: 379132K (83%)
----------------- Invoking toplevel() on ptolemy.moml.MoMLSimpleApplication@d0b41b5
----------------- Done invoking toplevel() on ptolemy.moml.MoMLSimpleApplication@d0b41b5
reloadAllAccessors: .PublisherPort5

===========================================================================================
----------------- testing Mon May 04 14:16:46 UTC 2020 /home/travis/build/icyphy/ptII/ptolemy/actor/lib/test/auto/PublisherPort5LookAlike.xml
----------------- Instantiating /home/travis/build/icyphy/ptII/ptolemy/actor/lib/test/auto/PublisherPort5LookAlike.xml
6 ms. Memory: 456704K Free: 371454K (81%)
----------------- Invoking toplevel() on ptolemy.moml.MoMLSimpleApplication@752f42b7
----------------- Done invoking toplevel() on ptolemy.moml.MoMLSimpleApplication@752f42b7
reloadAllAccessors: .PublisherPort5LookAlike

===========================================================================================
----------------- testing Mon May 04 14:16:46 UTC 2020 /home/travis/build/icyphy/ptII/ptolemy/actor/lib/test/auto/PublisherPort6.xml
----------------- Instantiating /home/travis/build/icyphy/ptII/ptolemy/actor/lib/test/auto/PublisherPort6.xml
2 ms. Memory: 456704K Free: 364796K (80%)
----------------- Invoking toplevel() on ptolemy.moml.MoMLSimpleApplication@49ce1d66
----------------- Done invoking toplevel() on ptolemy.moml.MoMLSimpleApplication@49ce1d66
reloadAllAccessors: .PublisherPort6

===========================================================================================
----------------- testing Mon May 04 14:16:46 UTC 2020 /home/travis/build/icyphy/ptII/ptolemy/actor/lib/test/auto/PublisherPort7.xml
----------------- Instantiating /home/travis/build/icyphy/ptII/ptolemy/actor/lib/test/auto/PublisherPort7.xml
3 ms. Memory: 456704K Free: 357118K (78%)
----------------- Invoking toplevel() on ptolemy.moml.MoMLSimpleApplication@6308d25c
----------------- Done invoking toplevel() on ptolemy.moml.MoMLSimpleApplication@6308d25c
reloadAllAccessors: .PublisherPort7

===========================================================================================
----------------- testing Mon May 04 14:16:46 UTC 2020 /home/travis/build/icyphy/ptII/ptolemy/actor/lib/test/auto/PublisherPort8.xml
----------------- Instantiating /home/travis/build/icyphy/ptII/ptolemy/actor/lib/test/auto/PublisherPort8.xml
4 ms. Memory: 456704K Free: 348412K (76%)
----------------- Invoking toplevel() on ptolemy.moml.MoMLSimpleApplication@6d580cc3
----------------- Done invoking toplevel() on ptolemy.moml.MoMLSimpleApplication@6d580cc3
reloadAllAccessors: .PublisherPort8

===========================================================================================
----------------- testing Mon May 04 14:16:46 UTC 2020 /home/travis/build/icyphy/ptII/ptolemy/actor/lib/test/auto/PublisherPortSubscriberChannelVariablesAOC2.xml
----------------- Instantiating /home/travis/build/icyphy/ptII/ptolemy/actor/lib/test/auto/PublisherPortSubscriberChannelVariablesAOC2.xml
9 ms. Memory: 456704K Free: 331004K (72%)
----------------- Invoking toplevel() on ptolemy.moml.MoMLSimpleApplication@8d5ff25
----------------- Done invoking toplevel() on ptolemy.moml.MoMLSimpleApplication@8d5ff25
reloadAllAccessors: .PublisherPortSubscriberChannelVariablesAOC2

===========================================================================================
----------------- testing Mon May 04 14:16:46 UTC 2020 /home/travis/build/icyphy/ptII/ptolemy/actor/lib/test/auto/PublisherPortSubscriberOpaqueWidthInference.xml
----------------- Instantiating /home/travis/build/icyphy/ptII/ptolemy/actor/lib/test/auto/PublisherPortSubscriberOpaqueWidthInference.xml
3 ms. Memory: 456704K Free: 323822K (71%)
----------------- Invoking toplevel() on ptolemy.moml.MoMLSimpleApplication@659d70a9
----------------- Done invoking toplevel() on ptolemy.moml.MoMLSimpleApplication@659d70a9
reloadAllAccessors: .PublisherPortSubscriberOpaqueWidthInference

===========================================================================================
----------------- testing Mon May 04 14:16:46 UTC 2020 /home/travis/build/icyphy/ptII/ptolemy/actor/lib/test/auto/PublisherPortSubscriberPortAdjacent.xml
----------------- Instantiating /home/travis/build/icyphy/ptII/ptolemy/actor/lib/test/auto/PublisherPortSubscriberPortAdjacent.xml
2 ms. Memory: 456704K Free: 315644K (69%)
----------------- Invoking toplevel() on ptolemy.moml.MoMLSimpleApplication@51f703d4
----------------- Done invoking toplevel() on ptolemy.moml.MoMLSimpleApplication@51f703d4
reloadAllAccessors: .PublisherPortSubscriberPortAdjacent

===========================================================================================
----------------- testing Mon May 04 14:16:46 UTC 2020 /home/travis/build/icyphy/ptII/ptolemy/actor/lib/test/auto/PublisherPortSubscriberPortExpression.xml
----------------- Instantiating /home/travis/build/icyphy/ptII/ptolemy/actor/lib/test/auto/PublisherPortSubscriberPortExpression.xml
4 ms. Memory: 456704K Free: 307966K (67%)
----------------- Invoking toplevel() on ptolemy.moml.MoMLSimpleApplication@7caab0c8
----------------- Done invoking toplevel() on ptolemy.moml.MoMLSimpleApplication@7caab0c8
reloadAllAccessors: .PublisherPortSubscriberPortExpression

===========================================================================================
----------------- testing Mon May 04 14:16:46 UTC 2020 /home/travis/build/icyphy/ptII/ptolemy/actor/lib/test/auto/PublisherPortSubscriberPortOpaqueD3Reverse.xml
----------------- Instantiating /home/travis/build/icyphy/ptII/ptolemy/actor/lib/test/auto/PublisherPortSubscriberPortOpaqueD3Reverse.xml
6 ms. Memory: 456704K Free: 297726K (65%)
----------------- Invoking toplevel() on ptolemy.moml.MoMLSimpleApplication@48dceb73
----------------- Done invoking toplevel() on ptolemy.moml.MoMLSimpleApplication@48dceb73
reloadAllAccessors: .PublisherPortSubscriberPortOpaqueD3Reverse

===========================================================================================
----------------- testing Mon May 04 14:16:46 UTC 2020 /home/travis/build/icyphy/ptII/ptolemy/actor/lib/test/auto/PublisherPortSubscriberPortOpaqueWidthInference.xml
----------------- Instantiating /home/travis/build/icyphy/ptII/ptolemy/actor/lib/test/auto/PublisherPortSubscriberPortOpaqueWidthInference.xml
3 ms. Memory: 456704K Free: 290030K (64%)
----------------- Invoking toplevel() on ptolemy.moml.MoMLSimpleApplication@72112d34
----------------- Done invoking toplevel() on ptolemy.moml.MoMLSimpleApplication@72112d34
reloadAllAccessors: .PublisherPortSubscriberPortOpaqueWidthInference

===========================================================================================
----------------- testing Mon May 04 14:16:46 UTC 2020 /home/travis/build/icyphy/ptII/ptolemy/actor/lib/test/auto/PublisherPortToplevelSubscriberPortAOC.xml
----------------- Instantiating /home/travis/build/icyphy/ptII/ptolemy/actor/lib/test/auto/PublisherPortToplevelSubscriberPortAOC.xml
.PublisherPortToplevelSubscriberPortAOC.TestExceptionAttribute: initialize() was not invoked, but wrapup() was.  This is unusual, but not always a problem.  For example, exporting JNLP will do this.
0 ms. Memory: 456704K Free: 284414K (62%)
----------------- Invoking toplevel() on ptolemy.moml.MoMLSimpleApplication@703e13d0
----------------- Done invoking toplevel() on ptolemy.moml.MoMLSimpleApplication@703e13d0
reloadAllAccessors: .PublisherPortToplevelSubscriberPortAOC

===========================================================================================
----------------- testing Mon May 04 14:16:46 UTC 2020 /home/travis/build/icyphy/ptII/ptolemy/actor/lib/test/auto/PublisherSubscriber.xml
----------------- Instantiating /home/travis/build/icyphy/ptII/ptolemy/actor/lib/test/auto/PublisherSubscriber.xml
2 ms. Memory: 456704K Free: 277246K (61%)
----------------- Invoking toplevel() on ptolemy.moml.MoMLSimpleApplication@686dd49e
----------------- Done invoking toplevel() on ptolemy.moml.MoMLSimpleApplication@686dd49e
reloadAllAccessors: .PublisherSubscriber

===========================================================================================
----------------- testing Mon May 04 14:16:46 UTC 2020 /home/travis/build/icyphy/ptII/ptolemy/actor/lib/test/auto/PublisherSubscriber10.xml
----------------- Instantiating /home/travis/build/icyphy/ptII/ptolemy/actor/lib/test/auto/PublisherSubscriber10.xml
5 ms. Memory: 456704K Free: 267516K (59%)
----------------- Invoking toplevel() on ptolemy.moml.MoMLSimpleApplication@1c59091f
----------------- Done invoking toplevel() on ptolemy.moml.MoMLSimpleApplication@1c59091f
reloadAllAccessors: .PublisherSubscriber10

===========================================================================================
----------------- testing Mon May 04 14:16:46 UTC 2020 /home/travis/build/icyphy/ptII/ptolemy/actor/lib/test/auto/PublisherSubscriber10InitialOutputs.xml
----------------- Instantiating /home/travis/build/icyphy/ptII/ptolemy/actor/lib/test/auto/PublisherSubscriber10InitialOutputs.xml
11 ms. Memory: 456704K Free: 258300K (57%)
----------------- Invoking toplevel() on ptolemy.moml.MoMLSimpleApplication@746042b5
----------------- Done invoking toplevel() on ptolemy.moml.MoMLSimpleApplication@746042b5
reloadAllAccessors: .PublisherSubscriber10InitialOutputs

===========================================================================================
----------------- testing Mon May 04 14:16:46 UTC 2020 /home/travis/build/icyphy/ptII/ptolemy/actor/lib/test/auto/PublisherSubscriber11.xml
----------------- Instantiating /home/travis/build/icyphy/ptII/ptolemy/actor/lib/test/auto/PublisherSubscriber11.xml
2 ms. Memory: 456704K Free: 252126K (55%)
----------------- Invoking toplevel() on ptolemy.moml.MoMLSimpleApplication@36ff4487
----------------- Done invoking toplevel() on ptolemy.moml.MoMLSimpleApplication@36ff4487
reloadAllAccessors: .PublisherSubscriber11

===========================================================================================
----------------- testing Mon May 04 14:16:46 UTC 2020 /home/travis/build/icyphy/ptII/ptolemy/actor/lib/test/auto/PublisherSubscriber12.xml
----------------- Instantiating /home/travis/build/icyphy/ptII/ptolemy/actor/lib/test/auto/PublisherSubscriber12.xml
2 ms. Memory: 456704K Free: 244988K (54%)
----------------- Invoking toplevel() on ptolemy.moml.MoMLSimpleApplication@553aa261
----------------- Done invoking toplevel() on ptolemy.moml.MoMLSimpleApplication@553aa261
reloadAllAccessors: .PublisherSubscriber12

===========================================================================================
----------------- testing Mon May 04 14:16:46 UTC 2020 /home/travis/build/icyphy/ptII/ptolemy/actor/lib/test/auto/PublisherSubscriber13.xml
----------------- Instantiating /home/travis/build/icyphy/ptII/ptolemy/actor/lib/test/auto/PublisherSubscriber13.xml
2 ms. Memory: 456704K Free: 239358K (52%)
----------------- Invoking toplevel() on ptolemy.moml.MoMLSimpleApplication@f893001
----------------- Done invoking toplevel() on ptolemy.moml.MoMLSimpleApplication@f893001
reloadAllAccessors: .PublisherSubscriber13

===========================================================================================
----------------- testing Mon May 04 14:16:46 UTC 2020 /home/travis/build/icyphy/ptII/ptolemy/actor/lib/test/auto/PublisherSubscriber14.xml
----------------- Instantiating /home/travis/build/icyphy/ptII/ptolemy/actor/lib/test/auto/PublisherSubscriber14.xml
2 ms. Memory: 456704K Free: 230638K (51%)
----------------- Invoking toplevel() on ptolemy.moml.MoMLSimpleApplication@42e181a0
----------------- Done invoking toplevel() on ptolemy.moml.MoMLSimpleApplication@42e181a0
reloadAllAccessors: .PublisherSubscriber14

===========================================================================================
----------------- testing Mon May 04 14:16:46 UTC 2020 /home/travis/build/icyphy/ptII/ptolemy/actor/lib/test/auto/PublisherSubscriber2.xml
----------------- Instantiating /home/travis/build/icyphy/ptII/ptolemy/actor/lib/test/auto/PublisherSubscriber2.xml
2 ms. Memory: 456704K Free: 225518K (49%)
----------------- Invoking toplevel() on ptolemy.moml.MoMLSimpleApplication@236869e5
----------------- Done invoking toplevel() on ptolemy.moml.MoMLSimpleApplication@236869e5
reloadAllAccessors: .PublisherSubscriber2

===========================================================================================
----------------- testing Mon May 04 14:16:46 UTC 2020 /home/travis/build/icyphy/ptII/ptolemy/actor/lib/test/auto/PublisherSubscriber3.xml
----------------- Instantiating /home/travis/build/icyphy/ptII/ptolemy/actor/lib/test/auto/PublisherSubscriber3.xml
1 ms. Memory: 456704K Free: 219902K (48%)
----------------- Invoking toplevel() on ptolemy.moml.MoMLSimpleApplication@626c03ae
----------------- Done invoking toplevel() on ptolemy.moml.MoMLSimpleApplication@626c03ae
reloadAllAccessors: .PublisherSubscriber3

===========================================================================================
----------------- testing Mon May 04 14:16:46 UTC 2020 /home/travis/build/icyphy/ptII/ptolemy/actor/lib/test/auto/PublisherSubscriber4.xml
----------------- Instantiating /home/travis/build/icyphy/ptII/ptolemy/actor/lib/test/auto/PublisherSubscriber4.xml
2 ms. Memory: 456704K Free: 214782K (47%)
----------------- Invoking toplevel() on ptolemy.moml.MoMLSimpleApplication@5259811d
----------------- Done invoking toplevel() on ptolemy.moml.MoMLSimpleApplication@5259811d
reloadAllAccessors: .PublisherSubscriber4

===========================================================================================
----------------- testing Mon May 04 14:16:46 UTC 2020 /home/travis/build/icyphy/ptII/ptolemy/actor/lib/test/auto/PublisherSubscriber5.xml
----------------- Instantiating /home/travis/build/icyphy/ptII/ptolemy/actor/lib/test/auto/PublisherSubscriber5.xml
2 ms. Memory: 456704K Free: 208124K (46%)
----------------- Invoking toplevel() on ptolemy.moml.MoMLSimpleApplication@59cf6b3c
----------------- Done invoking toplevel() on ptolemy.moml.MoMLSimpleApplication@59cf6b3c
reloadAllAccessors: .PublisherSubscriber5

===========================================================================================
----------------- testing Mon May 04 14:16:46 UTC 2020 /home/travis/build/icyphy/ptII/ptolemy/actor/lib/test/auto/PublisherSubscriber6.xml
----------------- Instantiating /home/travis/build/icyphy/ptII/ptolemy/actor/lib/test/auto/PublisherSubscriber6.xml
3 ms. Memory: 456704K Free: 201980K (44%)
----------------- Invoking toplevel() on ptolemy.moml.MoMLSimpleApplication@219bda98
----------------- Done invoking toplevel() on ptolemy.moml.MoMLSimpleApplication@219bda98
reloadAllAccessors: .PublisherSubscriber6

===========================================================================================
----------------- testing Mon May 04 14:16:46 UTC 2020 /home/travis/build/icyphy/ptII/ptolemy/actor/lib/test/auto/PublisherSubscriber7.xml
----------------- Instantiating /home/travis/build/icyphy/ptII/ptolemy/actor/lib/test/auto/PublisherSubscriber7.xml
6 ms. Memory: 456704K Free: 195326K (43%)
----------------- Invoking toplevel() on ptolemy.moml.MoMLSimpleApplication@74c5b081
----------------- Done invoking toplevel() on ptolemy.moml.MoMLSimpleApplication@74c5b081
reloadAllAccessors: .PublisherSubscriber7

===========================================================================================
----------------- testing Mon May 04 14:16:46 UTC 2020 /home/travis/build/icyphy/ptII/ptolemy/actor/lib/test/auto/PublisherSubscriber8.xml
----------------- Instantiating /home/travis/build/icyphy/ptII/ptolemy/actor/lib/test/auto/PublisherSubscriber8.xml
12 ms. Memory: 456704K Free: 183548K (40%)
----------------- Invoking toplevel() on ptolemy.moml.MoMLSimpleApplication@7e345133
----------------- Done invoking toplevel() on ptolemy.moml.MoMLSimpleApplication@7e345133
reloadAllAccessors: .PublisherSubscriber8

===========================================================================================
----------------- testing Mon May 04 14:16:46 UTC 2020 /home/travis/build/icyphy/ptII/ptolemy/actor/lib/test/auto/PublisherSubscriber9.xml
----------------- Instantiating /home/travis/build/icyphy/ptII/ptolemy/actor/lib/test/auto/PublisherSubscriber9.xml
3 ms. Memory: 456704K Free: 176380K (39%)
----------------- Invoking toplevel() on ptolemy.moml.MoMLSimpleApplication@75958531
----------------- Done invoking toplevel() on ptolemy.moml.MoMLSimpleApplication@75958531
reloadAllAccessors: .PublisherSubscriber9

===========================================================================================
----------------- testing Mon May 04 14:16:46 UTC 2020 /home/travis/build/icyphy/ptII/ptolemy/actor/lib/test/auto/PublisherSubscriberAdjacent.xml
----------------- Instantiating /home/travis/build/icyphy/ptII/ptolemy/actor/lib/test/auto/PublisherSubscriberAdjacent.xml
1 ms. Memory: 456704K Free: 168188K (37%)
----------------- Invoking toplevel() on ptolemy.moml.MoMLSimpleApplication@740539f6
----------------- Done invoking toplevel() on ptolemy.moml.MoMLSimpleApplication@740539f6
reloadAllAccessors: .PublisherSubscriberAdjacent

===========================================================================================
----------------- testing Mon May 04 14:16:46 UTC 2020 /home/travis/build/icyphy/ptII/ptolemy/actor/lib/test/auto/PublisherSubscriberChannelVariablesAOC2.xml
----------------- Instantiating /home/travis/build/icyphy/ptII/ptolemy/actor/lib/test/auto/PublisherSubscriberChannelVariablesAOC2.xml
3 ms. Memory: 456704K Free: 153342K (34%)
----------------- Invoking toplevel() on ptolemy.moml.MoMLSimpleApplication@6b8b532c
----------------- Done invoking toplevel() on ptolemy.moml.MoMLSimpleApplication@6b8b532c
reloadAllAccessors: .PublisherSubscriberChannelVariablesAOC2

===========================================================================================
----------------- testing Mon May 04 14:16:46 UTC 2020 /home/travis/build/icyphy/ptII/ptolemy/actor/lib/test/auto/PublisherSubscriberD3.xml
----------------- Instantiating /home/travis/build/icyphy/ptII/ptolemy/actor/lib/test/auto/PublisherSubscriberD3.xml
2 ms. Memory: 456704K Free: 146174K (32%)
----------------- Invoking toplevel() on ptolemy.moml.MoMLSimpleApplication@3cb7f3b
----------------- Done invoking toplevel() on ptolemy.moml.MoMLSimpleApplication@3cb7f3b
reloadAllAccessors: .PublisherSubscriberD3

===========================================================================================
----------------- testing Mon May 04 14:16:46 UTC 2020 /home/travis/build/icyphy/ptII/ptolemy/actor/lib/test/auto/PublisherSubscriberD3Reverse.xml
----------------- Instantiating /home/travis/build/icyphy/ptII/ptolemy/actor/lib/test/auto/PublisherSubscriberD3Reverse.xml
1 ms. Memory: 456704K Free: 140030K (31%)
----------------- Invoking toplevel() on ptolemy.moml.MoMLSimpleApplication@683d854e
----------------- Done invoking toplevel() on ptolemy.moml.MoMLSimpleApplication@683d854e
reloadAllAccessors: .PublisherSubscriberD3Reverse

===========================================================================================
----------------- testing Mon May 04 14:16:46 UTC 2020 /home/travis/build/icyphy/ptII/ptolemy/actor/lib/test/auto/PublisherSubscriberExpression.xml
----------------- Instantiating /home/travis/build/icyphy/ptII/ptolemy/actor/lib/test/auto/PublisherSubscriberExpression.xml
3 ms. Memory: 456704K Free: 401438K (88%)
----------------- Invoking toplevel() on ptolemy.moml.MoMLSimpleApplication@1f085dc7
----------------- Done invoking toplevel() on ptolemy.moml.MoMLSimpleApplication@1f085dc7
reloadAllAccessors: .PublisherSubscriberExpression

===========================================================================================
----------------- testing Mon May 04 14:16:46 UTC 2020 /home/travis/build/icyphy/ptII/ptolemy/actor/lib/test/auto/PublisherSubscriberOpaque.xml
----------------- Instantiating /home/travis/build/icyphy/ptII/ptolemy/actor/lib/test/auto/PublisherSubscriberOpaque.xml
3 ms. Memory: 456704K Free: 392750K (86%)
----------------- Invoking toplevel() on ptolemy.moml.MoMLSimpleApplication@1834c0e1
----------------- Done invoking toplevel() on ptolemy.moml.MoMLSimpleApplication@1834c0e1
reloadAllAccessors: .PublisherSubscriberOpaque

===========================================================================================
----------------- testing Mon May 04 14:16:46 UTC 2020 /home/travis/build/icyphy/ptII/ptolemy/actor/lib/test/auto/PublisherSubscriberOpaqueD3.xml
----------------- Instantiating /home/travis/build/icyphy/ptII/ptolemy/actor/lib/test/auto/PublisherSubscriberOpaqueD3.xml
5 ms. Memory: 456704K Free: 381486K (84%)
----------------- Invoking toplevel() on ptolemy.moml.MoMLSimpleApplication@4282184b
----------------- Done invoking toplevel() on ptolemy.moml.MoMLSimpleApplication@4282184b
reloadAllAccessors: .PublisherSubscriberOpaqueD3

===========================================================================================
----------------- testing Mon May 04 14:16:47 UTC 2020 /home/travis/build/icyphy/ptII/ptolemy/actor/lib/test/auto/PublisherSubscriberOpaqueD3Reverse.xml
----------------- Instantiating /home/travis/build/icyphy/ptII/ptolemy/actor/lib/test/auto/PublisherSubscriberOpaqueD3Reverse.xml
7 ms. Memory: 456704K Free: 370732K (81%)
----------------- Invoking toplevel() on ptolemy.moml.MoMLSimpleApplication@d3f772
----------------- Done invoking toplevel() on ptolemy.moml.MoMLSimpleApplication@d3f772
reloadAllAccessors: .PublisherSubscriberOpaqueD3Reverse

===========================================================================================
----------------- testing Mon May 04 14:16:47 UTC 2020 /home/travis/build/icyphy/ptII/ptolemy/actor/lib/test/auto/PublisherSubscriberOpaqueWidthInference.xml
----------------- Instantiating /home/travis/build/icyphy/ptII/ptolemy/actor/lib/test/auto/PublisherSubscriberOpaqueWidthInference.xml
3 ms. Memory: 456704K Free: 362526K (79%)
----------------- Invoking toplevel() on ptolemy.moml.MoMLSimpleApplication@76dfd501
----------------- Done invoking toplevel() on ptolemy.moml.MoMLSimpleApplication@76dfd501
reloadAllAccessors: .PublisherSubscriberOpaqueWidthInference

===========================================================================================
----------------- testing Mon May 04 14:16:47 UTC 2020 /home/travis/build/icyphy/ptII/ptolemy/actor/lib/test/auto/PublisherTestSubscriber.xml
----------------- Instantiating /home/travis/build/icyphy/ptII/ptolemy/actor/lib/test/auto/PublisherTestSubscriber.xml
3 ms. Memory: 456704K Free: 354862K (78%)
----------------- Invoking toplevel() on ptolemy.moml.MoMLSimpleApplication@51572d4a
----------------- Done invoking toplevel() on ptolemy.moml.MoMLSimpleApplication@51572d4a
reloadAllAccessors: .PublisherTestSubscriber

===========================================================================================
----------------- testing Mon May 04 14:16:47 UTC 2020 /home/travis/build/icyphy/ptII/ptolemy/actor/lib/test/auto/PublisherToplevelSubscriberPortAOC.xml
----------------- Instantiating /home/travis/build/icyphy/ptII/ptolemy/actor/lib/test/auto/PublisherToplevelSubscriberPortAOC.xml
2 ms. Memory: 456704K Free: 348718K (76%)
----------------- Invoking toplevel() on ptolemy.moml.MoMLSimpleApplication@6061f0fd
----------------- Done invoking toplevel() on ptolemy.moml.MoMLSimpleApplication@6061f0fd
reloadAllAccessors: .PublisherToplevelSubscriberPortAOC

===========================================================================================
----------------- testing Mon May 04 14:16:47 UTC 2020 /home/travis/build/icyphy/ptII/ptolemy/actor/lib/test/auto/PulseFiringLimitDE.xml
----------------- Instantiating /home/travis/build/icyphy/ptII/ptolemy/actor/lib/test/auto/PulseFiringLimitDE.xml
2 ms. Memory: 456704K Free: 342574K (75%)
----------------- Invoking toplevel() on ptolemy.moml.MoMLSimpleApplication@26f4b021
----------------- Done invoking toplevel() on ptolemy.moml.MoMLSimpleApplication@26f4b021
reloadAllAccessors: .PulseFiringLimitDE

===========================================================================================
----------------- testing Mon May 04 14:16:47 UTC 2020 /home/travis/build/icyphy/ptII/ptolemy/actor/lib/test/auto/Ramp1.xml
----------------- Instantiating /home/travis/build/icyphy/ptII/ptolemy/actor/lib/test/auto/Ramp1.xml
1 ms. Memory: 456704K Free: 338478K (74%)
----------------- Invoking toplevel() on ptolemy.moml.MoMLSimpleApplication@29a4734d
----------------- Done invoking toplevel() on ptolemy.moml.MoMLSimpleApplication@29a4734d
reloadAllAccessors: .Ramp1

===========================================================================================
----------------- testing Mon May 04 14:16:47 UTC 2020 /home/travis/build/icyphy/ptII/ptolemy/actor/lib/test/auto/RampFiringLimitDE.xml
----------------- Instantiating /home/travis/build/icyphy/ptII/ptolemy/actor/lib/test/auto/RampFiringLimitDE.xml
2 ms. Memory: 456704K Free: 332334K (73%)
----------------- Invoking toplevel() on ptolemy.moml.MoMLSimpleApplication@f96b0a5
----------------- Done invoking toplevel() on ptolemy.moml.MoMLSimpleApplication@f96b0a5
reloadAllAccessors: .RampFiringLimitDE

===========================================================================================
----------------- testing Mon May 04 14:16:47 UTC 2020 /home/travis/build/icyphy/ptII/ptolemy/actor/lib/test/auto/RampFiringLimitSDF.xml
----------------- Instantiating /home/travis/build/icyphy/ptII/ptolemy/actor/lib/test/auto/RampFiringLimitSDF.xml
2 ms. Memory: 456704K Free: 327214K (72%)
----------------- Invoking toplevel() on ptolemy.moml.MoMLSimpleApplication@418f034d
----------------- Done invoking toplevel() on ptolemy.moml.MoMLSimpleApplication@418f034d
reloadAllAccessors: .RampFiringLimitSDF

===========================================================================================
----------------- testing Mon May 04 14:16:47 UTC 2020 /home/travis/build/icyphy/ptII/ptolemy/actor/lib/test/auto/RandomInteger.xml
----------------- Instantiating /home/travis/build/icyphy/ptII/ptolemy/actor/lib/test/auto/RandomInteger.xml
1 ms. Memory: 456704K Free: 323118K (71%)
----------------- Invoking toplevel() on ptolemy.moml.MoMLSimpleApplication@17624d37
----------------- Done invoking toplevel() on ptolemy.moml.MoMLSimpleApplication@17624d37
reloadAllAccessors: .RandomInteger

===========================================================================================
----------------- testing Mon May 04 14:16:47 UTC 2020 /home/travis/build/icyphy/ptII/ptolemy/actor/lib/test/auto/ReadFile1.xml
----------------- Instantiating /home/travis/build/icyphy/ptII/ptolemy/actor/lib/test/auto/ReadFile1.xml
1 ms. Memory: 456704K Free: 318508K (70%)
----------------- Invoking toplevel() on ptolemy.moml.MoMLSimpleApplication@6808b62
----------------- Done invoking toplevel() on ptolemy.moml.MoMLSimpleApplication@6808b62
reloadAllAccessors: .ReadFile1

===========================================================================================
----------------- testing Mon May 04 14:16:47 UTC 2020 /home/travis/build/icyphy/ptII/ptolemy/actor/lib/test/auto/ReadFile2.xml
----------------- Instantiating /home/travis/build/icyphy/ptII/ptolemy/actor/lib/test/auto/ReadFile2.xml
1 ms. Memory: 456704K Free: 314412K (69%)
----------------- Invoking toplevel() on ptolemy.moml.MoMLSimpleApplication@13afcdb0
----------------- Done invoking toplevel() on ptolemy.moml.MoMLSimpleApplication@13afcdb0
reloadAllAccessors: .ReadFile2

===========================================================================================
----------------- testing Mon May 04 14:16:47 UTC 2020 /home/travis/build/icyphy/ptII/ptolemy/actor/lib/test/auto/Reader.xml
----------------- Instantiating /home/travis/build/icyphy/ptII/ptolemy/actor/lib/test/auto/Reader.xml
actor.lib.Reader is obsolete, use actor.lib.io.ExpressionReader instead
3 ms. Memory: 456704K Free: 310316K (68%)
----------------- Invoking toplevel() on ptolemy.moml.MoMLSimpleApplication@75d8f621
----------------- Done invoking toplevel() on ptolemy.moml.MoMLSimpleApplication@75d8f621
reloadAllAccessors: .Reader

===========================================================================================
----------------- testing Mon May 04 14:16:47 UTC 2020 /home/travis/build/icyphy/ptII/ptolemy/actor/lib/test/auto/RecordAssemblerDisplayNameTest.xml
----------------- Instantiating /home/travis/build/icyphy/ptII/ptolemy/actor/lib/test/auto/RecordAssemblerDisplayNameTest.xml
3674 ms. Memory: 456704K Free: 181118K (40%)
----------------- Invoking toplevel() on ptolemy.moml.MoMLSimpleApplication@5c196f2b
----------------- Done invoking toplevel() on ptolemy.moml.MoMLSimpleApplication@5c196f2b
reloadAllAccessors: .RecordAssemblerDisplayNameTest

===========================================================================================
----------------- testing Mon May 04 14:16:50 UTC 2020 /home/travis/build/icyphy/ptII/ptolemy/actor/lib/test/auto/RecordAssemblerTypeError.xml
----------------- Instantiating /home/travis/build/icyphy/ptII/ptolemy/actor/lib/test/auto/RecordAssemblerTypeError.xml
16 ms. Memory: 456704K Free: 171392K (38%)
----------------- Invoking toplevel() on ptolemy.moml.MoMLSimpleApplication@25cf7d8c
----------------- Done invoking toplevel() on ptolemy.moml.MoMLSimpleApplication@25cf7d8c
reloadAllAccessors: .RecordAssemblerTypeError

===========================================================================================
----------------- testing Mon May 04 14:16:50 UTC 2020 /home/travis/build/icyphy/ptII/ptolemy/actor/lib/test/auto/RecordDisassember.xml
----------------- Instantiating /home/travis/build/icyphy/ptII/ptolemy/actor/lib/test/auto/RecordDisassember.xml
10 ms. Memory: 456704K Free: 166751K (37%)
----------------- Invoking toplevel() on ptolemy.moml.MoMLSimpleApplication@4e8fad94
----------------- Done invoking toplevel() on ptolemy.moml.MoMLSimpleApplication@4e8fad94
reloadAllAccessors: .RecordDisassember

===========================================================================================
----------------- testing Mon May 04 14:16:50 UTC 2020 /home/travis/build/icyphy/ptII/ptolemy/actor/lib/test/auto/RecordDisassemberDisplayNameTest.xml
----------------- Instantiating /home/travis/build/icyphy/ptII/ptolemy/actor/lib/test/auto/RecordDisassemberDisplayNameTest.xml
5 ms. Memory: 456704K Free: 159104K (35%)
----------------- Invoking toplevel() on ptolemy.moml.MoMLSimpleApplication@ad6487b
----------------- Done invoking toplevel() on ptolemy.moml.MoMLSimpleApplication@ad6487b
reloadAllAccessors: .RecordDisassemberDisplayNameTest

===========================================================================================
----------------- testing Mon May 04 14:16:50 UTC 2020 /home/travis/build/icyphy/ptII/ptolemy/actor/lib/test/auto/RecordDisassembler.xml
----------------- Instantiating /home/travis/build/icyphy/ptII/ptolemy/actor/lib/test/auto/RecordDisassembler.xml
2 ms. Memory: 456704K Free: 153984K (34%)
----------------- Invoking toplevel() on ptolemy.moml.MoMLSimpleApplication@5669d4d6
----------------- Done invoking toplevel() on ptolemy.moml.MoMLSimpleApplication@5669d4d6
reloadAllAccessors: .RecordDisassembler

===========================================================================================
----------------- testing Mon May 04 14:16:50 UTC 2020 /home/travis/build/icyphy/ptII/ptolemy/actor/lib/test/auto/RecordDisassembler2.xml
----------------- Instantiating /home/travis/build/icyphy/ptII/ptolemy/actor/lib/test/auto/RecordDisassembler2.xml
2 ms. Memory: 456704K Free: 148864K (33%)
----------------- Invoking toplevel() on ptolemy.moml.MoMLSimpleApplication@2cccb29c
----------------- Done invoking toplevel() on ptolemy.moml.MoMLSimpleApplication@2cccb29c
reloadAllAccessors: .RecordDisassembler2

===========================================================================================
----------------- testing Mon May 04 14:16:50 UTC 2020 /home/travis/build/icyphy/ptII/ptolemy/actor/lib/test/auto/RecordUpdater.xml
----------------- Instantiating /home/travis/build/icyphy/ptII/ptolemy/actor/lib/test/auto/RecordUpdater.xml
3 ms. Memory: 456704K Free: 143744K (31%)
----------------- Invoking toplevel() on ptolemy.moml.MoMLSimpleApplication@b485788
----------------- Done invoking toplevel() on ptolemy.moml.MoMLSimpleApplication@b485788
reloadAllAccessors: .RecordUpdater

===========================================================================================
----------------- testing Mon May 04 14:16:51 UTC 2020 /home/travis/build/icyphy/ptII/ptolemy/actor/lib/test/auto/RecordUpdater2.xml
----------------- Instantiating /home/travis/build/icyphy/ptII/ptolemy/actor/lib/test/auto/RecordUpdater2.xml
2 ms. Memory: 456704K Free: 139134K (30%)
----------------- Invoking toplevel() on ptolemy.moml.MoMLSimpleApplication@62528bc6
----------------- Done invoking toplevel() on ptolemy.moml.MoMLSimpleApplication@62528bc6
reloadAllAccessors: .RecordUpdater2

===========================================================================================
----------------- testing Mon May 04 14:16:51 UTC 2020 /home/travis/build/icyphy/ptII/ptolemy/actor/lib/test/auto/RecursiveLattice.xml
----------------- Instantiating /home/travis/build/icyphy/ptII/ptolemy/actor/lib/test/auto/RecursiveLattice.xml
1 ms. Memory: 456704K Free: 405374K (89%)
----------------- Invoking toplevel() on ptolemy.moml.MoMLSimpleApplication@134f73f1
----------------- Done invoking toplevel() on ptolemy.moml.MoMLSimpleApplication@134f73f1
reloadAllAccessors: .RecursiveLattice

===========================================================================================
----------------- testing Mon May 04 14:16:51 UTC 2020 /home/travis/build/icyphy/ptII/ptolemy/actor/lib/test/auto/Router.xml
----------------- Instantiating /home/travis/build/icyphy/ptII/ptolemy/actor/lib/test/auto/Router.xml
3004 ms. Memory: 456704K Free: 393086K (86%)
----------------- Invoking toplevel() on ptolemy.moml.MoMLSimpleApplication@30f1e43c
----------------- Done invoking toplevel() on ptolemy.moml.MoMLSimpleApplication@30f1e43c
reloadAllAccessors: .Router

===========================================================================================
----------------- testing Mon May 04 14:16:54 UTC 2020 /home/travis/build/icyphy/ptII/ptolemy/actor/lib/test/auto/Router2.xml
----------------- Instantiating /home/travis/build/icyphy/ptII/ptolemy/actor/lib/test/auto/Router2.xml
3006 ms. Memory: 456704K Free: 381312K (83%)
----------------- Invoking toplevel() on ptolemy.moml.MoMLSimpleApplication@719cd421
----------------- Done invoking toplevel() on ptolemy.moml.MoMLSimpleApplication@719cd421
reloadAllAccessors: .Router2

===========================================================================================
----------------- testing Mon May 04 14:16:57 UTC 2020 /home/travis/build/icyphy/ptII/ptolemy/actor/lib/test/auto/RunningMaximum.xml
----------------- Instantiating /home/travis/build/icyphy/ptII/ptolemy/actor/lib/test/auto/RunningMaximum.xml
2 ms. Memory: 456704K Free: 376702K (82%)
----------------- Invoking toplevel() on ptolemy.moml.MoMLSimpleApplication@6ca34bcc
----------------- Done invoking toplevel() on ptolemy.moml.MoMLSimpleApplication@6ca34bcc
reloadAllAccessors: .RunningMaximum

===========================================================================================
----------------- testing Mon May 04 14:16:57 UTC 2020 /home/travis/build/icyphy/ptII/ptolemy/actor/lib/test/auto/RunningMinimum.xml
----------------- Instantiating /home/travis/build/icyphy/ptII/ptolemy/actor/lib/test/auto/RunningMinimum.xml
7 ms. Memory: 456704K Free: 372096K (81%)
----------------- Invoking toplevel() on ptolemy.moml.MoMLSimpleApplication@382cbf37
----------------- Done invoking toplevel() on ptolemy.moml.MoMLSimpleApplication@382cbf37
reloadAllAccessors: .RunningMinimum

===========================================================================================
----------------- testing Mon May 04 14:16:57 UTC 2020 /home/travis/build/icyphy/ptII/ptolemy/actor/lib/test/auto/Scale.xml
----------------- Instantiating /home/travis/build/icyphy/ptII/ptolemy/actor/lib/test/auto/Scale.xml
1 ms. Memory: 456704K Free: 367486K (80%)
----------------- Invoking toplevel() on ptolemy.moml.MoMLSimpleApplication@4671ff7c
----------------- Done invoking toplevel() on ptolemy.moml.MoMLSimpleApplication@4671ff7c
reloadAllAccessors: .Scale

===========================================================================================
----------------- testing Mon May 04 14:16:57 UTC 2020 /home/travis/build/icyphy/ptII/ptolemy/actor/lib/test/auto/Scale2.xml
----------------- Instantiating /home/travis/build/icyphy/ptII/ptolemy/actor/lib/test/auto/Scale2.xml
2 ms. Memory: 456704K Free: 362880K (79%)
----------------- Invoking toplevel() on ptolemy.moml.MoMLSimpleApplication@41a34706
----------------- Done invoking toplevel() on ptolemy.moml.MoMLSimpleApplication@41a34706
reloadAllAccessors: .Scale2

===========================================================================================
----------------- testing Mon May 04 14:16:57 UTC 2020 /home/travis/build/icyphy/ptII/ptolemy/actor/lib/test/auto/Scale3.xml
----------------- Instantiating /home/travis/build/icyphy/ptII/ptolemy/actor/lib/test/auto/Scale3.xml
7 ms. Memory: 456704K Free: 356736K (78%)
----------------- Invoking toplevel() on ptolemy.moml.MoMLSimpleApplication@5ff68f21
----------------- Done invoking toplevel() on ptolemy.moml.MoMLSimpleApplication@5ff68f21
reloadAllAccessors: .Scale3

===========================================================================================
----------------- testing Mon May 04 14:16:57 UTC 2020 /home/travis/build/icyphy/ptII/ptolemy/actor/lib/test/auto/ScaleArray.xml
----------------- Instantiating /home/travis/build/icyphy/ptII/ptolemy/actor/lib/test/auto/ScaleArray.xml
1 ms. Memory: 456704K Free: 351102K (77%)
----------------- Invoking toplevel() on ptolemy.moml.MoMLSimpleApplication@1df5304c
----------------- Done invoking toplevel() on ptolemy.moml.MoMLSimpleApplication@1df5304c
reloadAllAccessors: .ScaleArray

===========================================================================================
----------------- testing Mon May 04 14:16:57 UTC 2020 /home/travis/build/icyphy/ptII/ptolemy/actor/lib/test/auto/ScaleArray2.xml
----------------- Instantiating /home/travis/build/icyphy/ptII/ptolemy/actor/lib/test/auto/ScaleArray2.xml
1 ms. Memory: 456704K Free: 346496K (76%)
----------------- Invoking toplevel() on ptolemy.moml.MoMLSimpleApplication@66b41469
----------------- Done invoking toplevel() on ptolemy.moml.MoMLSimpleApplication@66b41469
reloadAllAccessors: .ScaleArray2

===========================================================================================
----------------- testing Mon May 04 14:16:57 UTC 2020 /home/travis/build/icyphy/ptII/ptolemy/actor/lib/test/auto/ScaleMatrix.xml
----------------- Instantiating /home/travis/build/icyphy/ptII/ptolemy/actor/lib/test/auto/ScaleMatrix.xml
152 ms. Memory: 456704K Free: 334208K (73%)
----------------- Invoking toplevel() on ptolemy.moml.MoMLSimpleApplication@34879c0a
----------------- Done invoking toplevel() on ptolemy.moml.MoMLSimpleApplication@34879c0a
reloadAllAccessors: .ScaleMatrix

===========================================================================================
----------------- testing Mon May 04 14:16:57 UTC 2020 /home/travis/build/icyphy/ptII/ptolemy/actor/lib/test/auto/Select.xml
----------------- Instantiating /home/travis/build/icyphy/ptII/ptolemy/actor/lib/test/auto/Select.xml
2 ms. Memory: 456704K Free: 328064K (72%)
----------------- Invoking toplevel() on ptolemy.moml.MoMLSimpleApplication@2766afdf
----------------- Done invoking toplevel() on ptolemy.moml.MoMLSimpleApplication@2766afdf
reloadAllAccessors: .Select

===========================================================================================
----------------- testing Mon May 04 14:16:57 UTC 2020 /home/travis/build/icyphy/ptII/ptolemy/actor/lib/test/auto/Select2.xml
----------------- Instantiating /home/travis/build/icyphy/ptII/ptolemy/actor/lib/test/auto/Select2.xml
1 ms. Memory: 456704K Free: 323454K (71%)
----------------- Invoking toplevel() on ptolemy.moml.MoMLSimpleApplication@7891e452
----------------- Done invoking toplevel() on ptolemy.moml.MoMLSimpleApplication@7891e452
reloadAllAccessors: .Select2

===========================================================================================
----------------- testing Mon May 04 14:16:57 UTC 2020 /home/travis/build/icyphy/ptII/ptolemy/actor/lib/test/auto/SequenceToArray2.xml
----------------- Instantiating /home/travis/build/icyphy/ptII/ptolemy/actor/lib/test/auto/SequenceToArray2.xml
96 ms. Memory: 456704K Free: 299392K (66%)
----------------- Invoking toplevel() on ptolemy.moml.MoMLSimpleApplication@39172ed2
----------------- Done invoking toplevel() on ptolemy.moml.MoMLSimpleApplication@39172ed2
reloadAllAccessors: .SequenceToArray2

===========================================================================================
----------------- testing Mon May 04 14:16:57 UTC 2020 /home/travis/build/icyphy/ptII/ptolemy/actor/lib/test/auto/SequentialClock.xml
----------------- Instantiating /home/travis/build/icyphy/ptII/ptolemy/actor/lib/test/auto/SequentialClock.xml
1 ms. Memory: 456704K Free: 295296K (65%)
----------------- Invoking toplevel() on ptolemy.moml.MoMLSimpleApplication@4a4d7db7
----------------- Done invoking toplevel() on ptolemy.moml.MoMLSimpleApplication@4a4d7db7
reloadAllAccessors: .SequentialClock

===========================================================================================
----------------- testing Mon May 04 14:16:57 UTC 2020 /home/travis/build/icyphy/ptII/ptolemy/actor/lib/test/auto/SetVariable.xml
----------------- Instantiating /home/travis/build/icyphy/ptII/ptolemy/actor/lib/test/auto/SetVariable.xml
2 ms. Memory: 456704K Free: 290686K (64%)
----------------- Invoking toplevel() on ptolemy.moml.MoMLSimpleApplication@6d3026a8
----------------- Done invoking toplevel() on ptolemy.moml.MoMLSimpleApplication@6d3026a8
reloadAllAccessors: .SetVariable

===========================================================================================
----------------- testing Mon May 04 14:16:57 UTC 2020 /home/travis/build/icyphy/ptII/ptolemy/actor/lib/test/auto/SetVariable2.xml
----------------- Instantiating /home/travis/build/icyphy/ptII/ptolemy/actor/lib/test/auto/SetVariable2.xml
2 ms. Memory: 456704K Free: 285566K (63%)
----------------- Invoking toplevel() on ptolemy.moml.MoMLSimpleApplication@266d7364
----------------- Done invoking toplevel() on ptolemy.moml.MoMLSimpleApplication@266d7364
reloadAllAccessors: .SetVariable2

===========================================================================================
----------------- testing Mon May 04 14:16:57 UTC 2020 /home/travis/build/icyphy/ptII/ptolemy/actor/lib/test/auto/SetVariable3.xml
----------------- Instantiating /home/travis/build/icyphy/ptII/ptolemy/actor/lib/test/auto/SetVariable3.xml
9 ms. Memory: 456704K Free: 279936K (61%)
----------------- Invoking toplevel() on ptolemy.moml.MoMLSimpleApplication@58dd7548
----------------- Done invoking toplevel() on ptolemy.moml.MoMLSimpleApplication@58dd7548
reloadAllAccessors: .SetVariable3

===========================================================================================
----------------- testing Mon May 04 14:16:57 UTC 2020 /home/travis/build/icyphy/ptII/ptolemy/actor/lib/test/auto/SetVariable4.xml
----------------- Instantiating /home/travis/build/icyphy/ptII/ptolemy/actor/lib/test/auto/SetVariable4.xml
14 ms. Memory: 456704K Free: 270720K (59%)
----------------- Invoking toplevel() on ptolemy.moml.MoMLSimpleApplication@621080f0
----------------- Done invoking toplevel() on ptolemy.moml.MoMLSimpleApplication@621080f0
reloadAllAccessors: .SetVariable4

===========================================================================================
----------------- testing Mon May 04 14:16:57 UTC 2020 /home/travis/build/icyphy/ptII/ptolemy/actor/lib/test/auto/SetVariable5.xml
----------------- Instantiating /home/travis/build/icyphy/ptII/ptolemy/actor/lib/test/auto/SetVariable5.xml
19 ms. Memory: 456704K Free: 261504K (57%)
----------------- Invoking toplevel() on ptolemy.moml.MoMLSimpleApplication@432e0aca
----------------- Done invoking toplevel() on ptolemy.moml.MoMLSimpleApplication@432e0aca
reloadAllAccessors: .SetVariable5

===========================================================================================
----------------- testing Mon May 04 14:16:57 UTC 2020 /home/travis/build/icyphy/ptII/ptolemy/actor/lib/test/auto/Sinewave.xml
----------------- Instantiating /home/travis/build/icyphy/ptII/ptolemy/actor/lib/test/auto/Sinewave.xml
6 ms. Memory: 456704K Free: 251264K (55%)
----------------- Invoking toplevel() on ptolemy.moml.MoMLSimpleApplication@176fadea
----------------- Done invoking toplevel() on ptolemy.moml.MoMLSimpleApplication@176fadea
reloadAllAccessors: .Sinewave

===========================================================================================
----------------- testing Mon May 04 14:16:57 UTC 2020 /home/travis/build/icyphy/ptII/ptolemy/actor/lib/test/auto/Sinewave2.xml
----------------- Instantiating /home/travis/build/icyphy/ptII/ptolemy/actor/lib/test/auto/Sinewave2.xml
6 ms. Memory: 456704K Free: 243072K (53%)
----------------- Invoking toplevel() on ptolemy.moml.MoMLSimpleApplication@112d26ad
----------------- Done invoking toplevel() on ptolemy.moml.MoMLSimpleApplication@112d26ad
reloadAllAccessors: .Sinewave2

===========================================================================================
----------------- testing Mon May 04 14:16:57 UTC 2020 /home/travis/build/icyphy/ptII/ptolemy/actor/lib/test/auto/Sinewave3.xml
----------------- Instantiating /home/travis/build/icyphy/ptII/ptolemy/actor/lib/test/auto/Sinewave3.xml
5 ms. Memory: 456704K Free: 234880K (51%)
----------------- Invoking toplevel() on ptolemy.moml.MoMLSimpleApplication@775e4e8d
----------------- Done invoking toplevel() on ptolemy.moml.MoMLSimpleApplication@775e4e8d
reloadAllAccessors: .Sinewave3

===========================================================================================
----------------- testing Mon May 04 14:16:57 UTC 2020 /home/travis/build/icyphy/ptII/ptolemy/actor/lib/test/auto/SingleEvent.xml
----------------- Instantiating /home/travis/build/icyphy/ptII/ptolemy/actor/lib/test/auto/SingleEvent.xml
0 ms. Memory: 456704K Free: 230784K (51%)
----------------- Invoking toplevel() on ptolemy.moml.MoMLSimpleApplication@54c4b6a9
----------------- Done invoking toplevel() on ptolemy.moml.MoMLSimpleApplication@54c4b6a9
reloadAllAccessors: .SingleEvent

===========================================================================================
----------------- testing Mon May 04 14:16:57 UTC 2020 /home/travis/build/icyphy/ptII/ptolemy/actor/lib/test/auto/Sleep.xml
----------------- Instantiating /home/travis/build/icyphy/ptII/ptolemy/actor/lib/test/auto/Sleep.xml
6002 ms. Memory: 456704K Free: 224640K (49%)
----------------- Invoking toplevel() on ptolemy.moml.MoMLSimpleApplication@79030986
----------------- Done invoking toplevel() on ptolemy.moml.MoMLSimpleApplication@79030986
reloadAllAccessors: .Sleep

===========================================================================================
----------------- testing Mon May 04 14:17:03 UTC 2020 /home/travis/build/icyphy/ptII/ptolemy/actor/lib/test/auto/SleepMultipleFire.xml
----------------- Instantiating /home/travis/build/icyphy/ptII/ptolemy/actor/lib/test/auto/SleepMultipleFire.xml
1003 ms. Memory: 456704K Free: 219006K (48%)
----------------- Invoking toplevel() on ptolemy.moml.MoMLSimpleApplication@4aec7938
----------------- Done invoking toplevel() on ptolemy.moml.MoMLSimpleApplication@4aec7938
reloadAllAccessors: .SleepMultipleFire

===========================================================================================
----------------- testing Mon May 04 14:17:04 UTC 2020 /home/travis/build/icyphy/ptII/ptolemy/actor/lib/test/auto/StopDE.xml
----------------- Instantiating /home/travis/build/icyphy/ptII/ptolemy/actor/lib/test/auto/StopDE.xml
8 ms. Memory: 456704K Free: 213376K (47%)
----------------- Invoking toplevel() on ptolemy.moml.MoMLSimpleApplication@515f79f6
----------------- Done invoking toplevel() on ptolemy.moml.MoMLSimpleApplication@515f79f6
reloadAllAccessors: .StopDE

===========================================================================================
----------------- testing Mon May 04 14:17:04 UTC 2020 /home/travis/build/icyphy/ptII/ptolemy/actor/lib/test/auto/StopSDF.xml
----------------- Instantiating /home/travis/build/icyphy/ptII/ptolemy/actor/lib/test/auto/StopSDF.xml
3 ms. Memory: 456704K Free: 207742K (45%)
----------------- Invoking toplevel() on ptolemy.moml.MoMLSimpleApplication@39a55603
----------------- Done invoking toplevel() on ptolemy.moml.MoMLSimpleApplication@39a55603
reloadAllAccessors: .StopSDF

===========================================================================================
----------------- testing Mon May 04 14:17:04 UTC 2020 /home/travis/build/icyphy/ptII/ptolemy/actor/lib/test/auto/StringConstant.xml
----------------- Instantiating /home/travis/build/icyphy/ptII/ptolemy/actor/lib/test/auto/StringConstant.xml
8 ms. Memory: 456704K Free: 203646K (45%)
----------------- Invoking toplevel() on ptolemy.moml.MoMLSimpleApplication@6333372b
----------------- Done invoking toplevel() on ptolemy.moml.MoMLSimpleApplication@6333372b
reloadAllAccessors: .StringConstant

===========================================================================================
----------------- testing Mon May 04 14:17:04 UTC 2020 /home/travis/build/icyphy/ptII/ptolemy/actor/lib/test/auto/SubscriberPortInitialValues1.xml
----------------- Instantiating /home/travis/build/icyphy/ptII/ptolemy/actor/lib/test/auto/SubscriberPortInitialValues1.xml
8 ms. Memory: 456704K Free: 194944K (43%)
----------------- Invoking toplevel() on ptolemy.moml.MoMLSimpleApplication@7067d483
----------------- Done invoking toplevel() on ptolemy.moml.MoMLSimpleApplication@7067d483
reloadAllAccessors: .SubscriberPortInitialValues1

===========================================================================================
----------------- testing Mon May 04 14:17:04 UTC 2020 /home/travis/build/icyphy/ptII/ptolemy/actor/lib/test/auto/SubscriberPortInitialValues13.xml
----------------- Instantiating /home/travis/build/icyphy/ptII/ptolemy/actor/lib/test/auto/SubscriberPortInitialValues13.xml
5 ms. Memory: 456704K Free: 182656K (40%)
----------------- Invoking toplevel() on ptolemy.moml.MoMLSimpleApplication@37dd4adf
----------------- Done invoking toplevel() on ptolemy.moml.MoMLSimpleApplication@37dd4adf
reloadAllAccessors: .SubscriberPortInitialValues13

===========================================================================================
----------------- testing Mon May 04 14:17:04 UTC 2020 /home/travis/build/icyphy/ptII/ptolemy/actor/lib/test/auto/SubscriberPortInitialValues14.xml
----------------- Instantiating /home/travis/build/icyphy/ptII/ptolemy/actor/lib/test/auto/SubscriberPortInitialValues14.xml
3 ms. Memory: 456704K Free: 174974K (38%)
----------------- Invoking toplevel() on ptolemy.moml.MoMLSimpleApplication@1e5561cf
----------------- Done invoking toplevel() on ptolemy.moml.MoMLSimpleApplication@1e5561cf
reloadAllAccessors: .SubscriberPortInitialValues14

===========================================================================================
----------------- testing Mon May 04 14:17:04 UTC 2020 /home/travis/build/icyphy/ptII/ptolemy/actor/lib/test/auto/SubscriberPortInitialValues2.xml
----------------- Instantiating /home/travis/build/icyphy/ptII/ptolemy/actor/lib/test/auto/SubscriberPortInitialValues2.xml
3 ms. Memory: 456704K Free: 167296K (37%)
----------------- Invoking toplevel() on ptolemy.moml.MoMLSimpleApplication@7d325560
----------------- Done invoking toplevel() on ptolemy.moml.MoMLSimpleApplication@7d325560
reloadAllAccessors: .SubscriberPortInitialValues2

===========================================================================================
----------------- testing Mon May 04 14:17:04 UTC 2020 /home/travis/build/icyphy/ptII/ptolemy/actor/lib/test/auto/SubscriberPortInitialValues3.xml
----------------- Instantiating /home/travis/build/icyphy/ptII/ptolemy/actor/lib/test/auto/SubscriberPortInitialValues3.xml
3 ms. Memory: 456704K Free: 156542K (34%)
----------------- Invoking toplevel() on ptolemy.moml.MoMLSimpleApplication@72a1ae00
----------------- Done invoking toplevel() on ptolemy.moml.MoMLSimpleApplication@72a1ae00
reloadAllAccessors: .SubscriberPortInitialValues3

===========================================================================================
----------------- testing Mon May 04 14:17:04 UTC 2020 /home/travis/build/icyphy/ptII/ptolemy/actor/lib/test/auto/SubscriptionAggregator.xml
----------------- Instantiating /home/travis/build/icyphy/ptII/ptolemy/actor/lib/test/auto/SubscriptionAggregator.xml
2 ms. Memory: 456704K Free: 149888K (33%)
----------------- Invoking toplevel() on ptolemy.moml.MoMLSimpleApplication@7d4b51f
----------------- Done invoking toplevel() on ptolemy.moml.MoMLSimpleApplication@7d4b51f
reloadAllAccessors: .SubscriptionAggregator

===========================================================================================
----------------- testing Mon May 04 14:17:04 UTC 2020 /home/travis/build/icyphy/ptII/ptolemy/actor/lib/test/auto/SubscriptionAggregator2.xml
----------------- Instantiating /home/travis/build/icyphy/ptII/ptolemy/actor/lib/test/auto/SubscriptionAggregator2.xml
2 ms. Memory: 456704K Free: 143215K (31%)
----------------- Invoking toplevel() on ptolemy.moml.MoMLSimpleApplication@8d37cf6
----------------- Done invoking toplevel() on ptolemy.moml.MoMLSimpleApplication@8d37cf6
reloadAllAccessors: .SubscriptionAggregator2

===========================================================================================
----------------- testing Mon May 04 14:17:04 UTC 2020 /home/travis/build/icyphy/ptII/ptolemy/actor/lib/test/auto/SubscriptionAggregator3.xml
----------------- Instantiating /home/travis/build/icyphy/ptII/ptolemy/actor/lib/test/auto/SubscriptionAggregator3.xml
12 ms. Memory: 456704K Free: 404906K (89%)
----------------- Invoking toplevel() on ptolemy.moml.MoMLSimpleApplication@46ed000d
----------------- Done invoking toplevel() on ptolemy.moml.MoMLSimpleApplication@46ed000d
reloadAllAccessors: .SubscriptionAggregator3

===========================================================================================
----------------- testing Mon May 04 14:17:04 UTC 2020 /home/travis/build/icyphy/ptII/ptolemy/actor/lib/test/auto/SubscriptionAggregatorMultiply.xml
----------------- Instantiating /home/travis/build/icyphy/ptII/ptolemy/actor/lib/test/auto/SubscriptionAggregatorMultiply.xml
12 ms. Memory: 456704K Free: 396194K (87%)
----------------- Invoking toplevel() on ptolemy.moml.MoMLSimpleApplication@3958a5f1
----------------- Done invoking toplevel() on ptolemy.moml.MoMLSimpleApplication@3958a5f1
reloadAllAccessors: .SubscriptionAggregatorMultiply

===========================================================================================
----------------- testing Mon May 04 14:17:04 UTC 2020 /home/travis/build/icyphy/ptII/ptolemy/actor/lib/test/auto/SubscriptionAggregatorPortMultiply1.xml
----------------- Instantiating /home/travis/build/icyphy/ptII/ptolemy/actor/lib/test/auto/SubscriptionAggregatorPortMultiply1.xml
3 ms. Memory: 456704K Free: 388008K (85%)
----------------- Invoking toplevel() on ptolemy.moml.MoMLSimpleApplication@338f4ea1
----------------- Done invoking toplevel() on ptolemy.moml.MoMLSimpleApplication@338f4ea1
reloadAllAccessors: .SubscriptionAggregatorPortMultiply1

===========================================================================================
----------------- testing Mon May 04 14:17:04 UTC 2020 /home/travis/build/icyphy/ptII/ptolemy/actor/lib/test/auto/Switch.xml
----------------- Instantiating /home/travis/build/icyphy/ptII/ptolemy/actor/lib/test/auto/Switch.xml
14 ms. Memory: 456704K Free: 379816K (83%)
----------------- Invoking toplevel() on ptolemy.moml.MoMLSimpleApplication@73864696
----------------- Done invoking toplevel() on ptolemy.moml.MoMLSimpleApplication@73864696
reloadAllAccessors: .Switch

===========================================================================================
----------------- testing Mon May 04 14:17:04 UTC 2020 /home/travis/build/icyphy/ptII/ptolemy/actor/lib/test/auto/Switch2.xml
----------------- Instantiating /home/travis/build/icyphy/ptII/ptolemy/actor/lib/test/auto/Switch2.xml
1 ms. Memory: 456704K Free: 375210K (82%)
----------------- Invoking toplevel() on ptolemy.moml.MoMLSimpleApplication@66ab7fab
----------------- Done invoking toplevel() on ptolemy.moml.MoMLSimpleApplication@66ab7fab
reloadAllAccessors: .Switch2

===========================================================================================
----------------- testing Mon May 04 14:17:05 UTC 2020 /home/travis/build/icyphy/ptII/ptolemy/actor/lib/test/auto/SwitchDE.xml
----------------- Instantiating /home/travis/build/icyphy/ptII/ptolemy/actor/lib/test/auto/SwitchDE.xml
3 ms. Memory: 456704K Free: 368522K (81%)
----------------- Invoking toplevel() on ptolemy.moml.MoMLSimpleApplication@7a031068
----------------- Done invoking toplevel() on ptolemy.moml.MoMLSimpleApplication@7a031068
reloadAllAccessors: .SwitchDE

===========================================================================================
----------------- testing Mon May 04 14:17:05 UTC 2020 /home/travis/build/icyphy/ptII/ptolemy/actor/lib/test/auto/SynchronizerDE.xml
----------------- Instantiating /home/travis/build/icyphy/ptII/ptolemy/actor/lib/test/auto/SynchronizerDE.xml
6 ms. Memory: 456704K Free: 360330K (79%)
----------------- Invoking toplevel() on ptolemy.moml.MoMLSimpleApplication@1b4804c0
----------------- Done invoking toplevel() on ptolemy.moml.MoMLSimpleApplication@1b4804c0
reloadAllAccessors: .SynchronizerDE

===========================================================================================
----------------- testing Mon May 04 14:17:05 UTC 2020 /home/travis/build/icyphy/ptII/ptolemy/actor/lib/test/auto/Test.xml
----------------- Instantiating /home/travis/build/icyphy/ptII/ptolemy/actor/lib/test/auto/Test.xml
9 ms. Memory: 456704K Free: 355210K (78%)
----------------- Invoking toplevel() on ptolemy.moml.MoMLSimpleApplication@f16b65a
----------------- Done invoking toplevel() on ptolemy.moml.MoMLSimpleApplication@f16b65a
reloadAllAccessors: .Test

===========================================================================================
----------------- testing Mon May 04 14:17:05 UTC 2020 /home/travis/build/icyphy/ptII/ptolemy/actor/lib/test/auto/TestExceptionAttribute1.xml
----------------- Instantiating /home/travis/build/icyphy/ptII/ptolemy/actor/lib/test/auto/TestExceptionAttribute1.xml
1 ms. Memory: 456704K Free: 351658K (77%)
----------------- Invoking toplevel() on ptolemy.moml.MoMLSimpleApplication@426a50d
----------------- Done invoking toplevel() on ptolemy.moml.MoMLSimpleApplication@426a50d
reloadAllAccessors: .TestExceptionAttribute1

===========================================================================================
----------------- testing Mon May 04 14:17:05 UTC 2020 /home/travis/build/icyphy/ptII/ptolemy/actor/lib/test/auto/TestExceptionAttribute2.xml
----------------- Instantiating /home/travis/build/icyphy/ptII/ptolemy/actor/lib/test/auto/TestExceptionAttribute2.xml
1 ms. Memory: 456704K Free: 348072K (76%)
----------------- Invoking toplevel() on ptolemy.moml.MoMLSimpleApplication@7bdc0caf
----------------- Done invoking toplevel() on ptolemy.moml.MoMLSimpleApplication@7bdc0caf
reloadAllAccessors: .TestExceptionAttribute2

===========================================================================================
----------------- testing Mon May 04 14:17:05 UTC 2020 /home/travis/build/icyphy/ptII/ptolemy/actor/lib/test/auto/TestExceptionAttribute3.xml
----------------- Instantiating /home/travis/build/icyphy/ptII/ptolemy/actor/lib/test/auto/TestExceptionAttribute3.xml
.TestExceptionAttribute3.TestExceptionAttribute: initialize() was not invoked, but wrapup() was.  This is unusual, but not always a problem.  For example, exporting JNLP will do this.
0 ms. Memory: 456704K Free: 344490K (75%)
----------------- Invoking toplevel() on ptolemy.moml.MoMLSimpleApplication@647795c4
----------------- Done invoking toplevel() on ptolemy.moml.MoMLSimpleApplication@647795c4
reloadAllAccessors: .TestExceptionAttribute3

===========================================================================================
----------------- testing Mon May 04 14:17:05 UTC 2020 /home/travis/build/icyphy/ptII/ptolemy/actor/lib/test/auto/TestExceptionAttribute4.xml
----------------- Instantiating /home/travis/build/icyphy/ptII/ptolemy/actor/lib/test/auto/TestExceptionAttribute4.xml
.TestExceptionAttribute4.TestExceptionAttribute: initialize() was not invoked, but wrapup() was.  This is unusual, but not always a problem.  For example, exporting JNLP will do this.
.TestExceptionAttribute4.TestExceptionAttribute2: initialize() was not invoked, but wrapup() was.  This is unusual, but not always a problem.  For example, exporting JNLP will do this.
0 ms. Memory: 456704K Free: 340394K (75%)
----------------- Invoking toplevel() on ptolemy.moml.MoMLSimpleApplication@1c064c94
----------------- Done invoking toplevel() on ptolemy.moml.MoMLSimpleApplication@1c064c94
reloadAllAccessors: .TestExceptionAttribute4

===========================================================================================
----------------- testing Mon May 04 14:17:05 UTC 2020 /home/travis/build/icyphy/ptII/ptolemy/actor/lib/test/auto/TestExceptionHandler1.xml
----------------- Instantiating /home/travis/build/icyphy/ptII/ptolemy/actor/lib/test/auto/TestExceptionHandler1.xml
0 ms. Memory: 456704K Free: 336808K (74%)
----------------- Invoking toplevel() on ptolemy.moml.MoMLSimpleApplication@694be35
----------------- Done invoking toplevel() on ptolemy.moml.MoMLSimpleApplication@694be35
reloadAllAccessors: .TestExceptionHandler1

===========================================================================================
----------------- testing Mon May 04 14:17:05 UTC 2020 /home/travis/build/icyphy/ptII/ptolemy/actor/lib/test/auto/TestExceptionHandler2.xml
----------------- Instantiating /home/travis/build/icyphy/ptII/ptolemy/actor/lib/test/auto/TestExceptionHandler2.xml
1 ms. Memory: 456704K Free: 333226K (73%)
----------------- Invoking toplevel() on ptolemy.moml.MoMLSimpleApplication@3861e734
----------------- Done invoking toplevel() on ptolemy.moml.MoMLSimpleApplication@3861e734
reloadAllAccessors: .TestExceptionHandler2

===========================================================================================
----------------- testing Mon May 04 14:17:05 UTC 2020 /home/travis/build/icyphy/ptII/ptolemy/actor/lib/test/auto/TestExceptionHandler3.xml
----------------- Instantiating /home/travis/build/icyphy/ptII/ptolemy/actor/lib/test/auto/TestExceptionHandler3.xml
1 ms. Memory: 456704K Free: 329130K (72%)
----------------- Invoking toplevel() on ptolemy.moml.MoMLSimpleApplication@7d616448
----------------- Done invoking toplevel() on ptolemy.moml.MoMLSimpleApplication@7d616448
reloadAllAccessors: .TestExceptionHandler3

===========================================================================================
----------------- testing Mon May 04 14:17:05 UTC 2020 /home/travis/build/icyphy/ptII/ptolemy/actor/lib/test/auto/TestExceptionHandler4.xml
----------------- Instantiating /home/travis/build/icyphy/ptII/ptolemy/actor/lib/test/auto/TestExceptionHandler4.xml
0 ms. Memory: 456704K Free: 325034K (71%)
----------------- Invoking toplevel() on ptolemy.moml.MoMLSimpleApplication@7664aefd
----------------- Done invoking toplevel() on ptolemy.moml.MoMLSimpleApplication@7664aefd
reloadAllAccessors: .TestExceptionHandler4

===========================================================================================
----------------- testing Mon May 04 14:17:05 UTC 2020 /home/travis/build/icyphy/ptII/ptolemy/actor/lib/test/auto/TestRequireCorrectOrder.xml
----------------- Instantiating /home/travis/build/icyphy/ptII/ptolemy/actor/lib/test/auto/TestRequireCorrectOrder.xml
5 ms. Memory: 456704K Free: 319914K (70%)
----------------- Invoking toplevel() on ptolemy.moml.MoMLSimpleApplication@223d734a
----------------- Done invoking toplevel() on ptolemy.moml.MoMLSimpleApplication@223d734a
reloadAllAccessors: .TestRequireCorrectOrder

===========================================================================================
----------------- testing Mon May 04 14:17:05 UTC 2020 /home/travis/build/icyphy/ptII/ptolemy/actor/lib/test/auto/TestSimple.xml
----------------- Instantiating /home/travis/build/icyphy/ptII/ptolemy/actor/lib/test/auto/TestSimple.xml
1 ms. Memory: 456704K Free: 315304K (69%)
----------------- Invoking toplevel() on ptolemy.moml.MoMLSimpleApplication@73d9db52
----------------- Done invoking toplevel() on ptolemy.moml.MoMLSimpleApplication@73d9db52
reloadAllAccessors: .TestSimple

===========================================================================================
----------------- testing Mon May 04 14:17:05 UTC 2020 /home/travis/build/icyphy/ptII/ptolemy/actor/lib/test/auto/ThrowModelError.xml
----------------- Instantiating /home/travis/build/icyphy/ptII/ptolemy/actor/lib/test/auto/ThrowModelError.xml
1 ms. Memory: 456704K Free: 310698K (68%)
----------------- Invoking toplevel() on ptolemy.moml.MoMLSimpleApplication@698889cc
----------------- Done invoking toplevel() on ptolemy.moml.MoMLSimpleApplication@698889cc
reloadAllAccessors: .ThrowModelError

===========================================================================================
----------------- testing Mon May 04 14:17:05 UTC 2020 /home/travis/build/icyphy/ptII/ptolemy/actor/lib/test/auto/TimeDelayMicrosteps.xml
----------------- Instantiating /home/travis/build/icyphy/ptII/ptolemy/actor/lib/test/auto/TimeDelayMicrosteps.xml
2 ms. Memory: 456704K Free: 304010K (67%)
----------------- Invoking toplevel() on ptolemy.moml.MoMLSimpleApplication@55419a5f
----------------- Done invoking toplevel() on ptolemy.moml.MoMLSimpleApplication@55419a5f
reloadAllAccessors: .TimeDelayMicrosteps

===========================================================================================
----------------- testing Mon May 04 14:17:05 UTC 2020 /home/travis/build/icyphy/ptII/ptolemy/actor/lib/test/auto/TimeDelayMicrosteps2.xml
----------------- Instantiating /home/travis/build/icyphy/ptII/ptolemy/actor/lib/test/auto/TimeDelayMicrosteps2.xml
3 ms. Memory: 456704K Free: 296858K (65%)
----------------- Invoking toplevel() on ptolemy.moml.MoMLSimpleApplication@703e17dc
----------------- Done invoking toplevel() on ptolemy.moml.MoMLSimpleApplication@703e17dc
reloadAllAccessors: .TimeDelayMicrosteps2

===========================================================================================
----------------- testing Mon May 04 14:17:05 UTC 2020 /home/travis/build/icyphy/ptII/ptolemy/actor/lib/test/auto/TimeDelayMicrosteps3.xml
----------------- Instantiating /home/travis/build/icyphy/ptII/ptolemy/actor/lib/test/auto/TimeDelayMicrosteps3.xml
2 ms. Memory: 456704K Free: 290218K (64%)
----------------- Invoking toplevel() on ptolemy.moml.MoMLSimpleApplication@2d7111a4
----------------- Done invoking toplevel() on ptolemy.moml.MoMLSimpleApplication@2d7111a4
reloadAllAccessors: .TimeDelayMicrosteps3

===========================================================================================
----------------- testing Mon May 04 14:17:05 UTC 2020 /home/travis/build/icyphy/ptII/ptolemy/actor/lib/test/auto/TimeDelayVariableMicrosteps.xml
----------------- Instantiating /home/travis/build/icyphy/ptII/ptolemy/actor/lib/test/auto/TimeDelayVariableMicrosteps.xml
3 ms. Memory: 456704K Free: 283560K (62%)
----------------- Invoking toplevel() on ptolemy.moml.MoMLSimpleApplication@2020950
----------------- Done invoking toplevel() on ptolemy.moml.MoMLSimpleApplication@2020950
reloadAllAccessors: .TimeDelayVariableMicrosteps

===========================================================================================
----------------- testing Mon May 04 14:17:05 UTC 2020 /home/travis/build/icyphy/ptII/ptolemy/actor/lib/test/auto/TimeGap.xml
----------------- Instantiating /home/travis/build/icyphy/ptII/ptolemy/actor/lib/test/auto/TimeGap.xml
3 ms. Memory: 456704K Free: 278426K (61%)
----------------- Invoking toplevel() on ptolemy.moml.MoMLSimpleApplication@120d86d5
----------------- Done invoking toplevel() on ptolemy.moml.MoMLSimpleApplication@120d86d5
reloadAllAccessors: .TimeGap

===========================================================================================
----------------- testing Mon May 04 14:17:05 UTC 2020 /home/travis/build/icyphy/ptII/ptolemy/actor/lib/test/auto/TimeGap2.xml
----------------- Instantiating /home/travis/build/icyphy/ptII/ptolemy/actor/lib/test/auto/TimeGap2.xml
2 ms. Memory: 456704K Free: 272810K (60%)
----------------- Invoking toplevel() on ptolemy.moml.MoMLSimpleApplication@4cc5c442
----------------- Done invoking toplevel() on ptolemy.moml.MoMLSimpleApplication@4cc5c442
reloadAllAccessors: .TimeGap2

===========================================================================================
----------------- testing Mon May 04 14:17:05 UTC 2020 /home/travis/build/icyphy/ptII/ptolemy/actor/lib/test/auto/TimedSinewave.xml
----------------- Instantiating /home/travis/build/icyphy/ptII/ptolemy/actor/lib/test/auto/TimedSinewave.xml
26 ms. Memory: 456704K Free: 258474K (57%)
----------------- Invoking toplevel() on ptolemy.moml.MoMLSimpleApplication@fda692a
----------------- Done invoking toplevel() on ptolemy.moml.MoMLSimpleApplication@fda692a
reloadAllAccessors: .TimedSinewave

===========================================================================================
----------------- testing Mon May 04 14:17:05 UTC 2020 /home/travis/build/icyphy/ptII/ptolemy/actor/lib/test/auto/TimedSinewavePhase.xml
----------------- Instantiating /home/travis/build/icyphy/ptII/ptolemy/actor/lib/test/auto/TimedSinewavePhase.xml
7 ms. Memory: 456704K Free: 248744K (54%)
----------------- Invoking toplevel() on ptolemy.moml.MoMLSimpleApplication@64c5fea4
----------------- Done invoking toplevel() on ptolemy.moml.MoMLSimpleApplication@64c5fea4
reloadAllAccessors: .TimedSinewavePhase

===========================================================================================
----------------- testing Mon May 04 14:17:05 UTC 2020 /home/travis/build/icyphy/ptII/ptolemy/actor/lib/test/auto/Timer.xml
----------------- Instantiating /home/travis/build/icyphy/ptII/ptolemy/actor/lib/test/auto/Timer.xml
1 ms. Memory: 456704K Free: 243114K (53%)
----------------- Invoking toplevel() on ptolemy.moml.MoMLSimpleApplication@362cb24e
----------------- Done invoking toplevel() on ptolemy.moml.MoMLSimpleApplication@362cb24e
reloadAllAccessors: .Timer

===========================================================================================
----------------- testing Mon May 04 14:17:05 UTC 2020 /home/travis/build/icyphy/ptII/ptolemy/actor/lib/test/auto/TriangularDistTestModel.xml
----------------- Instantiating /home/travis/build/icyphy/ptII/ptolemy/actor/lib/test/auto/TriangularDistTestModel.xml
2 ms. Memory: 456704K Free: 237450K (52%)
----------------- Invoking toplevel() on ptolemy.moml.MoMLSimpleApplication@7fa431ea
----------------- Done invoking toplevel() on ptolemy.moml.MoMLSimpleApplication@7fa431ea
reloadAllAccessors: .TriangularDistTestModel

===========================================================================================
----------------- testing Mon May 04 14:17:05 UTC 2020 /home/travis/build/icyphy/ptII/ptolemy/actor/lib/test/auto/TrigFunction.xml
----------------- Instantiating /home/travis/build/icyphy/ptII/ptolemy/actor/lib/test/auto/TrigFunction.xml
1 ms. Memory: 456704K Free: 232360K (51%)
----------------- Invoking toplevel() on ptolemy.moml.MoMLSimpleApplication@7828cc6f
----------------- Done invoking toplevel() on ptolemy.moml.MoMLSimpleApplication@7828cc6f
reloadAllAccessors: .TrigFunction

===========================================================================================
----------------- testing Mon May 04 14:17:05 UTC 2020 /home/travis/build/icyphy/ptII/ptolemy/actor/lib/test/auto/TrigFunctionDE.xml
----------------- Instantiating /home/travis/build/icyphy/ptII/ptolemy/actor/lib/test/auto/TrigFunctionDE.xml
1 ms. Memory: 456704K Free: 226202K (50%)
----------------- Invoking toplevel() on ptolemy.moml.MoMLSimpleApplication@9cdcae0
----------------- Done invoking toplevel() on ptolemy.moml.MoMLSimpleApplication@9cdcae0
reloadAllAccessors: .TrigFunctionDE

===========================================================================================
----------------- testing Mon May 04 14:17:05 UTC 2020 /home/travis/build/icyphy/ptII/ptolemy/actor/lib/test/auto/TrigFunctionInverse.xml
----------------- Instantiating /home/travis/build/icyphy/ptII/ptolemy/actor/lib/test/auto/TrigFunctionInverse.xml
1 ms. Memory: 456704K Free: 221096K (48%)
----------------- Invoking toplevel() on ptolemy.moml.MoMLSimpleApplication@75974bc1
----------------- Done invoking toplevel() on ptolemy.moml.MoMLSimpleApplication@75974bc1
reloadAllAccessors: .TrigFunctionInverse

===========================================================================================
----------------- testing Mon May 04 14:17:05 UTC 2020 /home/travis/build/icyphy/ptII/ptolemy/actor/lib/test/auto/TrigFunctionTan.xml
----------------- Instantiating /home/travis/build/icyphy/ptII/ptolemy/actor/lib/test/auto/TrigFunctionTan.xml
1 ms. Memory: 456704K Free: 216490K (47%)
----------------- Invoking toplevel() on ptolemy.moml.MoMLSimpleApplication@4e1ae10d
----------------- Done invoking toplevel() on ptolemy.moml.MoMLSimpleApplication@4e1ae10d
reloadAllAccessors: .TrigFunctionTan

===========================================================================================
----------------- testing Mon May 04 14:17:05 UTC 2020 /home/travis/build/icyphy/ptII/ptolemy/actor/lib/test/auto/TriggeredClock.xml
----------------- Instantiating /home/travis/build/icyphy/ptII/ptolemy/actor/lib/test/auto/TriggeredClock.xml
1 ms. Memory: 456704K Free: 211370K (46%)
----------------- Invoking toplevel() on ptolemy.moml.MoMLSimpleApplication@83788ae
----------------- Done invoking toplevel() on ptolemy.moml.MoMLSimpleApplication@83788ae
reloadAllAccessors: .TriggeredClock

===========================================================================================
----------------- testing Mon May 04 14:17:05 UTC 2020 /home/travis/build/icyphy/ptII/ptolemy/actor/lib/test/auto/URLDirectoryReader.xml
----------------- Instantiating /home/travis/build/icyphy/ptII/ptolemy/actor/lib/test/auto/URLDirectoryReader.xml
45 ms. Memory: 456704K Free: 202154K (44%)
----------------- Invoking toplevel() on ptolemy.moml.MoMLSimpleApplication@4a25b4c3
----------------- Done invoking toplevel() on ptolemy.moml.MoMLSimpleApplication@4a25b4c3
reloadAllAccessors: .URLDirectoryReader

===========================================================================================
----------------- testing Mon May 04 14:17:05 UTC 2020 /home/travis/build/icyphy/ptII/ptolemy/actor/lib/test/auto/URLDirectoryReader3.xml
----------------- Instantiating /home/travis/build/icyphy/ptII/ptolemy/actor/lib/test/auto/URLDirectoryReader3.xml
1428 ms. Memory: 456704K Free: 397357K (87%)
----------------- Invoking toplevel() on ptolemy.moml.MoMLSimpleApplication@4f877c6f
----------------- Done invoking toplevel() on ptolemy.moml.MoMLSimpleApplication@4f877c6f
reloadAllAccessors: .URLDirectoryReader3

===========================================================================================
----------------- testing Mon May 04 14:17:07 UTC 2020 /home/travis/build/icyphy/ptII/ptolemy/actor/lib/test/auto/UnaryMathFunction.xml
----------------- Instantiating /home/travis/build/icyphy/ptII/ptolemy/actor/lib/test/auto/UnaryMathFunction.xml
3 ms. Memory: 456704K Free: 389546K (85%)
----------------- Invoking toplevel() on ptolemy.moml.MoMLSimpleApplication@560fbe25
----------------- Done invoking toplevel() on ptolemy.moml.MoMLSimpleApplication@560fbe25
reloadAllAccessors: .UnaryMathFunction

===========================================================================================
----------------- testing Mon May 04 14:17:07 UTC 2020 /home/travis/build/icyphy/ptII/ptolemy/actor/lib/test/auto/Uniform.xml
----------------- Instantiating /home/travis/build/icyphy/ptII/ptolemy/actor/lib/test/auto/Uniform.xml
1 ms. Memory: 456704K Free: 384936K (84%)
----------------- Invoking toplevel() on ptolemy.moml.MoMLSimpleApplication@579a7116
----------------- Done invoking toplevel() on ptolemy.moml.MoMLSimpleApplication@579a7116
reloadAllAccessors: .Uniform

===========================================================================================
----------------- testing Mon May 04 14:17:07 UTC 2020 /home/travis/build/icyphy/ptII/ptolemy/actor/lib/test/auto/UnionDisassemblerTest.xml
----------------- Instantiating /home/travis/build/icyphy/ptII/ptolemy/actor/lib/test/auto/UnionDisassemblerTest.xml
14 ms. Memory: 456704K Free: 381354K (84%)
----------------- Invoking toplevel() on ptolemy.moml.MoMLSimpleApplication@3716d510
----------------- Done invoking toplevel() on ptolemy.moml.MoMLSimpleApplication@3716d510
reloadAllAccessors: .UnionDisassemblerTest

===========================================================================================
----------------- testing Mon May 04 14:17:07 UTC 2020 /home/travis/build/icyphy/ptII/ptolemy/actor/lib/test/auto/UtilityFunctions.xml
----------------- Instantiating /home/travis/build/icyphy/ptII/ptolemy/actor/lib/test/auto/UtilityFunctions.xml
1 ms. Memory: 456704K Free: 377258K (83%)
----------------- Invoking toplevel() on ptolemy.moml.MoMLSimpleApplication@2a5528a3
----------------- Done invoking toplevel() on ptolemy.moml.MoMLSimpleApplication@2a5528a3
reloadAllAccessors: .UtilityFunctions

===========================================================================================
----------------- testing Mon May 04 14:17:07 UTC 2020 /home/travis/build/icyphy/ptII/ptolemy/actor/lib/test/auto/VariableSleep.xml
----------------- Instantiating /home/travis/build/icyphy/ptII/ptolemy/actor/lib/test/auto/VariableSleep.xml
503 ms. Memory: 456704K Free: 371624K (81%)
----------------- Invoking toplevel() on ptolemy.moml.MoMLSimpleApplication@4a8a30b2
----------------- Done invoking toplevel() on ptolemy.moml.MoMLSimpleApplication@4a8a30b2
reloadAllAccessors: .VariableSleep

===========================================================================================
----------------- testing Mon May 04 14:17:07 UTC 2020 /home/travis/build/icyphy/ptII/ptolemy/actor/lib/test/auto/VectorAssemblerDisassemblerCT.xml
----------------- Instantiating /home/travis/build/icyphy/ptII/ptolemy/actor/lib/test/auto/VectorAssemblerDisassemblerCT.xml
67 ms. Memory: 456704K Free: 351658K (77%)
----------------- Invoking toplevel() on ptolemy.moml.MoMLSimpleApplication@4a77db7d
----------------- Done invoking toplevel() on ptolemy.moml.MoMLSimpleApplication@4a77db7d
reloadAllAccessors: .VectorAssemblerDisassemblerCT

===========================================================================================
----------------- testing Mon May 04 14:17:07 UTC 2020 /home/travis/build/icyphy/ptII/ptolemy/actor/lib/test/auto/VectorAssemblerDisassemblerDE.xml
----------------- Instantiating /home/travis/build/icyphy/ptII/ptolemy/actor/lib/test/auto/VectorAssemblerDisassemblerDE.xml
9 ms. Memory: 456704K Free: 344490K (75%)
----------------- Invoking toplevel() on ptolemy.moml.MoMLSimpleApplication@34a658f3
----------------- Done invoking toplevel() on ptolemy.moml.MoMLSimpleApplication@34a658f3
reloadAllAccessors: .VectorAssemblerDisassemblerDE

===========================================================================================
----------------- testing Mon May 04 14:17:08 UTC 2020 /home/travis/build/icyphy/ptII/ptolemy/actor/lib/test/auto/VectorAssemblerDisassemblerSDF.xml
----------------- Instantiating /home/travis/build/icyphy/ptII/ptolemy/actor/lib/test/auto/VectorAssemblerDisassemblerSDF.xml
2 ms. Memory: 456704K Free: 338346K (74%)
----------------- Invoking toplevel() on ptolemy.moml.MoMLSimpleApplication@62b86f6a
----------------- Done invoking toplevel() on ptolemy.moml.MoMLSimpleApplication@62b86f6a
reloadAllAccessors: .VectorAssemblerDisassemblerSDF

===========================================================================================
----------------- testing Mon May 04 14:17:08 UTC 2020 /home/travis/build/icyphy/ptII/ptolemy/actor/lib/test/auto/WallClockTime.xml
----------------- Instantiating /home/travis/build/icyphy/ptII/ptolemy/actor/lib/test/auto/WallClockTime.xml
1003 ms. Memory: 456704K Free: 333226K (73%)
----------------- Invoking toplevel() on ptolemy.moml.MoMLSimpleApplication@64bc2d5
----------------- Done invoking toplevel() on ptolemy.moml.MoMLSimpleApplication@64bc2d5
reloadAllAccessors: .WallClockTime

===========================================================================================
----------------- testing Mon May 04 14:17:09 UTC 2020 /home/travis/build/icyphy/ptII/ptolemy/actor/lib/test/auto/WidthTestWithSubscriberPublisher.xml
----------------- Instantiating /home/travis/build/icyphy/ptII/ptolemy/actor/lib/test/auto/WidthTestWithSubscriberPublisher.xml
6 ms. Memory: 456704K Free: 314794K (69%)
----------------- Invoking toplevel() on ptolemy.moml.MoMLSimpleApplication@2dc15a8
----------------- Done invoking toplevel() on ptolemy.moml.MoMLSimpleApplication@2dc15a8
reloadAllAccessors: .WidthTestWithSubscriberPublisher

===========================================================================================
----------------- testing Mon May 04 14:17:09 UTC 2020 /home/travis/build/icyphy/ptII/ptolemy/actor/lib/test/auto/WidthTestWithSubscriberPublisher2.xml
----------------- Instantiating /home/travis/build/icyphy/ptII/ptolemy/actor/lib/test/auto/WidthTestWithSubscriberPublisher2.xml
2 ms. Memory: 456704K Free: 308650K (68%)
----------------- Invoking toplevel() on ptolemy.moml.MoMLSimpleApplication@c09600c
----------------- Done invoking toplevel() on ptolemy.moml.MoMLSimpleApplication@c09600c
reloadAllAccessors: .WidthTestWithSubscriberPublisher2

===========================================================================================
----------------- testing Mon May 04 14:17:09 UTC 2020 /home/travis/build/icyphy/ptII/ptolemy/actor/lib/test/auto/WidthTestWithSubscriberPublisher3.xml
----------------- Instantiating /home/travis/build/icyphy/ptII/ptolemy/actor/lib/test/auto/WidthTestWithSubscriberPublisher3.xml
1 ms. Memory: 456704K Free: 303016K (66%)
----------------- Invoking toplevel() on ptolemy.moml.MoMLSimpleApplication@290924f0
----------------- Done invoking toplevel() on ptolemy.moml.MoMLSimpleApplication@290924f0
reloadAllAccessors: .WidthTestWithSubscriberPublisher3

===========================================================================================
----------------- testing Mon May 04 14:17:09 UTC 2020 /home/travis/build/icyphy/ptII/ptolemy/actor/lib/test/auto/Writer.xml
----------------- Instantiating /home/travis/build/icyphy/ptII/ptolemy/actor/lib/test/auto/Writer.xml
0
1
2
3
4
1 ms. Memory: 456704K Free: 298890K (65%)
----------------- Invoking toplevel() on ptolemy.moml.MoMLSimpleApplication@2637ba7e
----------------- Done invoking toplevel() on ptolemy.moml.MoMLSimpleApplication@2637ba7e
reloadAllAccessors: .Writer

===========================================================================================
----------------- testing Mon May 04 14:17:09 UTC 2020 /home/travis/build/icyphy/ptII/ptolemy/actor/lib/test/auto/array.xml
----------------- Instantiating /home/travis/build/icyphy/ptII/ptolemy/actor/lib/test/auto/array.xml
3 ms. Memory: 456704K Free: 294314K (64%)
----------------- Invoking toplevel() on ptolemy.moml.MoMLSimpleApplication@52b05e33
----------------- Done invoking toplevel() on ptolemy.moml.MoMLSimpleApplication@52b05e33
reloadAllAccessors: .array

===========================================================================================
----------------- testing Mon May 04 14:17:09 UTC 2020 /home/travis/build/icyphy/ptII/ptolemy/actor/lib/test/auto/array2.xml
----------------- Instantiating /home/travis/build/icyphy/ptII/ptolemy/actor/lib/test/auto/array2.xml
3 ms. Memory: 456704K Free: 288666K (63%)
----------------- Invoking toplevel() on ptolemy.moml.MoMLSimpleApplication@7d91c3a8
----------------- Done invoking toplevel() on ptolemy.moml.MoMLSimpleApplication@7d91c3a8
reloadAllAccessors: .array2

===========================================================================================
----------------- testing Mon May 04 14:17:09 UTC 2020 /home/travis/build/icyphy/ptII/ptolemy/actor/lib/test/auto/arrayType.xml
----------------- Instantiating /home/travis/build/icyphy/ptII/ptolemy/actor/lib/test/auto/arrayType.xml
1 ms. Memory: 456704K Free: 283560K (62%)
----------------- Invoking toplevel() on ptolemy.moml.MoMLSimpleApplication@34c370f2
----------------- Done invoking toplevel() on ptolemy.moml.MoMLSimpleApplication@34c370f2
reloadAllAccessors: .arrayType

===========================================================================================
----------------- testing Mon May 04 14:17:09 UTC 2020 /home/travis/build/icyphy/ptII/ptolemy/actor/lib/test/auto/arrayType10.xml
----------------- Instantiating /home/travis/build/icyphy/ptII/ptolemy/actor/lib/test/auto/arrayType10.xml
1 ms. Memory: 456704K Free: 278954K (61%)
----------------- Invoking toplevel() on ptolemy.moml.MoMLSimpleApplication@36bb8a08
----------------- Done invoking toplevel() on ptolemy.moml.MoMLSimpleApplication@36bb8a08
reloadAllAccessors: .arrayType10

===========================================================================================
----------------- testing Mon May 04 14:17:09 UTC 2020 /home/travis/build/icyphy/ptII/ptolemy/actor/lib/test/auto/arrayType11.xml
----------------- Instantiating /home/travis/build/icyphy/ptII/ptolemy/actor/lib/test/auto/arrayType11.xml
1 ms. Memory: 456704K Free: 274344K (60%)
----------------- Invoking toplevel() on ptolemy.moml.MoMLSimpleApplication@7000a596
----------------- Done invoking toplevel() on ptolemy.moml.MoMLSimpleApplication@7000a596
reloadAllAccessors: .arrayType11

===========================================================================================
----------------- testing Mon May 04 14:17:09 UTC 2020 /home/travis/build/icyphy/ptII/ptolemy/actor/lib/test/auto/arrayType12.xml
----------------- Instantiating /home/travis/build/icyphy/ptII/ptolemy/actor/lib/test/auto/arrayType12.xml
5 ms. Memory: 456704K Free: 269224K (59%)
----------------- Invoking toplevel() on ptolemy.moml.MoMLSimpleApplication@7b8fe9c0
----------------- Done invoking toplevel() on ptolemy.moml.MoMLSimpleApplication@7b8fe9c0
reloadAllAccessors: .arrayType12

===========================================================================================
----------------- testing Mon May 04 14:17:09 UTC 2020 /home/travis/build/icyphy/ptII/ptolemy/actor/lib/test/auto/arrayType13.xml
----------------- Instantiating /home/travis/build/icyphy/ptII/ptolemy/actor/lib/test/auto/arrayType13.xml
2 ms. Memory: 456704K Free: 264104K (58%)
----------------- Invoking toplevel() on ptolemy.moml.MoMLSimpleApplication@75d12568
----------------- Done invoking toplevel() on ptolemy.moml.MoMLSimpleApplication@75d12568
reloadAllAccessors: .arrayType13

===========================================================================================
----------------- testing Mon May 04 14:17:09 UTC 2020 /home/travis/build/icyphy/ptII/ptolemy/actor/lib/test/auto/arrayType14.xml
----------------- Instantiating /home/travis/build/icyphy/ptII/ptolemy/actor/lib/test/auto/arrayType14.xml
1 ms. Memory: 456704K Free: 258984K (57%)
----------------- Invoking toplevel() on ptolemy.moml.MoMLSimpleApplication@6d145af0
----------------- Done invoking toplevel() on ptolemy.moml.MoMLSimpleApplication@6d145af0
reloadAllAccessors: .arrayType14

===========================================================================================
----------------- testing Mon May 04 14:17:09 UTC 2020 /home/travis/build/icyphy/ptII/ptolemy/actor/lib/test/auto/arrayType15.xml
----------------- Instantiating /home/travis/build/icyphy/ptII/ptolemy/actor/lib/test/auto/arrayType15.xml
2 ms. Memory: 456704K Free: 253864K (56%)
----------------- Invoking toplevel() on ptolemy.moml.MoMLSimpleApplication@45c4857
----------------- Done invoking toplevel() on ptolemy.moml.MoMLSimpleApplication@45c4857
reloadAllAccessors: .arrayType15

===========================================================================================
----------------- testing Mon May 04 14:17:09 UTC 2020 /home/travis/build/icyphy/ptII/ptolemy/actor/lib/test/auto/arrayType16.xml
----------------- Instantiating /home/travis/build/icyphy/ptII/ptolemy/actor/lib/test/auto/arrayType16.xml
2 ms. Memory: 456704K Free: 248730K (54%)
----------------- Invoking toplevel() on ptolemy.moml.MoMLSimpleApplication@771d7f39
----------------- Done invoking toplevel() on ptolemy.moml.MoMLSimpleApplication@771d7f39
reloadAllAccessors: .arrayType16

===========================================================================================
----------------- testing Mon May 04 14:17:09 UTC 2020 /home/travis/build/icyphy/ptII/ptolemy/actor/lib/test/auto/arrayType17.xml
----------------- Instantiating /home/travis/build/icyphy/ptII/ptolemy/actor/lib/test/auto/arrayType17.xml
1 ms. Memory: 456704K Free: 243114K (53%)
----------------- Invoking toplevel() on ptolemy.moml.MoMLSimpleApplication@645fbc6e
----------------- Done invoking toplevel() on ptolemy.moml.MoMLSimpleApplication@645fbc6e
reloadAllAccessors: .arrayType17

===========================================================================================
----------------- testing Mon May 04 14:17:09 UTC 2020 /home/travis/build/icyphy/ptII/ptolemy/actor/lib/test/auto/arrayType18.xml
----------------- Instantiating /home/travis/build/icyphy/ptII/ptolemy/actor/lib/test/auto/arrayType18.xml
1 ms. Memory: 456704K Free: 238504K (52%)
----------------- Invoking toplevel() on ptolemy.moml.MoMLSimpleApplication@510f7b80
----------------- Done invoking toplevel() on ptolemy.moml.MoMLSimpleApplication@510f7b80
reloadAllAccessors: .arrayType18

===========================================================================================
----------------- testing Mon May 04 14:17:09 UTC 2020 /home/travis/build/icyphy/ptII/ptolemy/actor/lib/test/auto/arrayType19.xml
----------------- Instantiating /home/travis/build/icyphy/ptII/ptolemy/actor/lib/test/auto/arrayType19.xml
1 ms. Memory: 456704K Free: 233898K (51%)
----------------- Invoking toplevel() on ptolemy.moml.MoMLSimpleApplication@47a041f
----------------- Done invoking toplevel() on ptolemy.moml.MoMLSimpleApplication@47a041f
reloadAllAccessors: .arrayType19

===========================================================================================
----------------- testing Mon May 04 14:17:09 UTC 2020 /home/travis/build/icyphy/ptII/ptolemy/actor/lib/test/auto/arrayType2.xml
----------------- Instantiating /home/travis/build/icyphy/ptII/ptolemy/actor/lib/test/auto/arrayType2.xml
2 ms. Memory: 456704K Free: 228778K (50%)
----------------- Invoking toplevel() on ptolemy.moml.MoMLSimpleApplication@3cd79c2
----------------- Done invoking toplevel() on ptolemy.moml.MoMLSimpleApplication@3cd79c2
reloadAllAccessors: .arrayType2

===========================================================================================
----------------- testing Mon May 04 14:17:09 UTC 2020 /home/travis/build/icyphy/ptII/ptolemy/actor/lib/test/auto/arrayType20.xml
----------------- Instantiating /home/travis/build/icyphy/ptII/ptolemy/actor/lib/test/auto/arrayType20.xml
2 ms. Memory: 456704K Free: 223658K (49%)
----------------- Invoking toplevel() on ptolemy.moml.MoMLSimpleApplication@43b078ba
----------------- Done invoking toplevel() on ptolemy.moml.MoMLSimpleApplication@43b078ba
reloadAllAccessors: .arrayType20

===========================================================================================
----------------- testing Mon May 04 14:17:09 UTC 2020 /home/travis/build/icyphy/ptII/ptolemy/actor/lib/test/auto/arrayType21.xml
----------------- Instantiating /home/travis/build/icyphy/ptII/ptolemy/actor/lib/test/auto/arrayType21.xml
2 ms. Memory: 456704K Free: 219048K (48%)
----------------- Invoking toplevel() on ptolemy.moml.MoMLSimpleApplication@9dfd45a
----------------- Done invoking toplevel() on ptolemy.moml.MoMLSimpleApplication@9dfd45a
reloadAllAccessors: .arrayType21

===========================================================================================
----------------- testing Mon May 04 14:17:09 UTC 2020 /home/travis/build/icyphy/ptII/ptolemy/actor/lib/test/auto/arrayType22.xml
----------------- Instantiating /home/travis/build/icyphy/ptII/ptolemy/actor/lib/test/auto/arrayType22.xml
2 ms. Memory: 456704K Free: 214442K (47%)
----------------- Invoking toplevel() on ptolemy.moml.MoMLSimpleApplication@253d6879
----------------- Done invoking toplevel() on ptolemy.moml.MoMLSimpleApplication@253d6879
reloadAllAccessors: .arrayType22

===========================================================================================
----------------- testing Mon May 04 14:17:09 UTC 2020 /home/travis/build/icyphy/ptII/ptolemy/actor/lib/test/auto/arrayType23.xml
----------------- Instantiating /home/travis/build/icyphy/ptII/ptolemy/actor/lib/test/auto/arrayType23.xml
2 ms. Memory: 456704K Free: 209832K (46%)
----------------- Invoking toplevel() on ptolemy.moml.MoMLSimpleApplication@61afdec8
----------------- Done invoking toplevel() on ptolemy.moml.MoMLSimpleApplication@61afdec8
reloadAllAccessors: .arrayType23

===========================================================================================
----------------- testing Mon May 04 14:17:09 UTC 2020 /home/travis/build/icyphy/ptII/ptolemy/actor/lib/test/auto/arrayType24.xml
----------------- Instantiating /home/travis/build/icyphy/ptII/ptolemy/actor/lib/test/auto/arrayType24.xml
1 ms. Memory: 456704K Free: 204712K (45%)
----------------- Invoking toplevel() on ptolemy.moml.MoMLSimpleApplication@1d6c7043
----------------- Done invoking toplevel() on ptolemy.moml.MoMLSimpleApplication@1d6c7043
reloadAllAccessors: .arrayType24

===========================================================================================
----------------- testing Mon May 04 14:17:09 UTC 2020 /home/travis/build/icyphy/ptII/ptolemy/actor/lib/test/auto/arrayType25.xml
----------------- Instantiating /home/travis/build/icyphy/ptII/ptolemy/actor/lib/test/auto/arrayType25.xml
1 ms. Memory: 456704K Free: 199592K (44%)
----------------- Invoking toplevel() on ptolemy.moml.MoMLSimpleApplication@4cfcb6f4
----------------- Done invoking toplevel() on ptolemy.moml.MoMLSimpleApplication@4cfcb6f4
reloadAllAccessors: .arrayType25

===========================================================================================
----------------- testing Mon May 04 14:17:09 UTC 2020 /home/travis/build/icyphy/ptII/ptolemy/actor/lib/test/auto/arrayType26.xml
----------------- Instantiating /home/travis/build/icyphy/ptII/ptolemy/actor/lib/test/auto/arrayType26.xml
6 ms. Memory: 456704K Free: 194472K (43%)
----------------- Invoking toplevel() on ptolemy.moml.MoMLSimpleApplication@1a9b84bf
----------------- Done invoking toplevel() on ptolemy.moml.MoMLSimpleApplication@1a9b84bf
reloadAllAccessors: .arrayType26

===========================================================================================
----------------- testing Mon May 04 14:17:09 UTC 2020 /home/travis/build/icyphy/ptII/ptolemy/actor/lib/test/auto/arrayType27.xml
----------------- Instantiating /home/travis/build/icyphy/ptII/ptolemy/actor/lib/test/auto/arrayType27.xml
1 ms. Memory: 456704K Free: 189352K (41%)
----------------- Invoking toplevel() on ptolemy.moml.MoMLSimpleApplication@55b2381a
----------------- Done invoking toplevel() on ptolemy.moml.MoMLSimpleApplication@55b2381a
reloadAllAccessors: .arrayType27

===========================================================================================
----------------- testing Mon May 04 14:17:09 UTC 2020 /home/travis/build/icyphy/ptII/ptolemy/actor/lib/test/auto/arrayType28.xml
----------------- Instantiating /home/travis/build/icyphy/ptII/ptolemy/actor/lib/test/auto/arrayType28.xml
1 ms. Memory: 456704K Free: 183722K (40%)
----------------- Invoking toplevel() on ptolemy.moml.MoMLSimpleApplication@79df7efc
----------------- Done invoking toplevel() on ptolemy.moml.MoMLSimpleApplication@79df7efc
reloadAllAccessors: .arrayType28

===========================================================================================
----------------- testing Mon May 04 14:17:09 UTC 2020 /home/travis/build/icyphy/ptII/ptolemy/actor/lib/test/auto/arrayType3.xml
----------------- Instantiating /home/travis/build/icyphy/ptII/ptolemy/actor/lib/test/auto/arrayType3.xml
1 ms. Memory: 456704K Free: 178602K (39%)
----------------- Invoking toplevel() on ptolemy.moml.MoMLSimpleApplication@258e1237
----------------- Done invoking toplevel() on ptolemy.moml.MoMLSimpleApplication@258e1237
reloadAllAccessors: .arrayType3

===========================================================================================
----------------- testing Mon May 04 14:17:09 UTC 2020 /home/travis/build/icyphy/ptII/ptolemy/actor/lib/test/auto/arrayType4.xml
----------------- Instantiating /home/travis/build/icyphy/ptII/ptolemy/actor/lib/test/auto/arrayType4.xml
1 ms. Memory: 456704K Free: 173482K (38%)
----------------- Invoking toplevel() on ptolemy.moml.MoMLSimpleApplication@4af2e287
----------------- Done invoking toplevel() on ptolemy.moml.MoMLSimpleApplication@4af2e287
reloadAllAccessors: .arrayType4

===========================================================================================
----------------- testing Mon May 04 14:17:09 UTC 2020 /home/travis/build/icyphy/ptII/ptolemy/actor/lib/test/auto/arrayType5.xml
----------------- Instantiating /home/travis/build/icyphy/ptII/ptolemy/actor/lib/test/auto/arrayType5.xml
7 ms. Memory: 456704K Free: 168362K (37%)
----------------- Invoking toplevel() on ptolemy.moml.MoMLSimpleApplication@c26d1c1
----------------- Done invoking toplevel() on ptolemy.moml.MoMLSimpleApplication@c26d1c1
reloadAllAccessors: .arrayType5

===========================================================================================
----------------- testing Mon May 04 14:17:09 UTC 2020 /home/travis/build/icyphy/ptII/ptolemy/actor/lib/test/auto/arrayType6.xml
----------------- Instantiating /home/travis/build/icyphy/ptII/ptolemy/actor/lib/test/auto/arrayType6.xml
1 ms. Memory: 456704K Free: 163242K (36%)
----------------- Invoking toplevel() on ptolemy.moml.MoMLSimpleApplication@20a59289
----------------- Done invoking toplevel() on ptolemy.moml.MoMLSimpleApplication@20a59289
reloadAllAccessors: .arrayType6

===========================================================================================
----------------- testing Mon May 04 14:17:09 UTC 2020 /home/travis/build/icyphy/ptII/ptolemy/actor/lib/test/auto/arrayType7.xml
----------------- Instantiating /home/travis/build/icyphy/ptII/ptolemy/actor/lib/test/auto/arrayType7.xml
1 ms. Memory: 456704K Free: 158632K (35%)
----------------- Invoking toplevel() on ptolemy.moml.MoMLSimpleApplication@5085a710
----------------- Done invoking toplevel() on ptolemy.moml.MoMLSimpleApplication@5085a710
reloadAllAccessors: .arrayType7

===========================================================================================
----------------- testing Mon May 04 14:17:09 UTC 2020 /home/travis/build/icyphy/ptII/ptolemy/actor/lib/test/auto/arrayType8.xml
----------------- Instantiating /home/travis/build/icyphy/ptII/ptolemy/actor/lib/test/auto/arrayType8.xml
1 ms. Memory: 456704K Free: 154026K (34%)
----------------- Invoking toplevel() on ptolemy.moml.MoMLSimpleApplication@3fe19c3c
----------------- Done invoking toplevel() on ptolemy.moml.MoMLSimpleApplication@3fe19c3c
reloadAllAccessors: .arrayType8

===========================================================================================
----------------- testing Mon May 04 14:17:09 UTC 2020 /home/travis/build/icyphy/ptII/ptolemy/actor/lib/test/auto/arrayType9.xml
----------------- Instantiating /home/travis/build/icyphy/ptII/ptolemy/actor/lib/test/auto/arrayType9.xml
1 ms. Memory: 456704K Free: 148906K (33%)
----------------- Invoking toplevel() on ptolemy.moml.MoMLSimpleApplication@2a49f93
----------------- Done invoking toplevel() on ptolemy.moml.MoMLSimpleApplication@2a49f93
reloadAllAccessors: .arrayType9

===========================================================================================
----------------- testing Mon May 04 14:17:09 UTC 2020 /home/travis/build/icyphy/ptII/ptolemy/actor/lib/test/auto/cast.xml
----------------- Instantiating /home/travis/build/icyphy/ptII/ptolemy/actor/lib/test/auto/cast.xml
2 ms. Memory: 456704K Free: 144296K (32%)
----------------- Invoking toplevel() on ptolemy.moml.MoMLSimpleApplication@1c65ccfc
----------------- Done invoking toplevel() on ptolemy.moml.MoMLSimpleApplication@1c65ccfc
reloadAllAccessors: .cast

===========================================================================================
----------------- testing Mon May 04 14:17:09 UTC 2020 /home/travis/build/icyphy/ptII/ptolemy/actor/lib/test/auto/compositeMultiPort.xml
----------------- Instantiating /home/travis/build/icyphy/ptII/ptolemy/actor/lib/test/auto/compositeMultiPort.xml
4 ms. Memory: 456704K Free: 135594K (30%)
----------------- Invoking toplevel() on ptolemy.moml.MoMLSimpleApplication@4733327d
----------------- Done invoking toplevel() on ptolemy.moml.MoMLSimpleApplication@4733327d
reloadAllAccessors: .compositeMultiPort

===========================================================================================
----------------- testing Mon May 04 14:17:09 UTC 2020 /home/travis/build/icyphy/ptII/ptolemy/actor/lib/test/auto/expressionCastInference.xml
----------------- Instantiating /home/travis/build/icyphy/ptII/ptolemy/actor/lib/test/auto/expressionCastInference.xml
2 ms. Memory: 456704K Free: 398095K (87%)
----------------- Invoking toplevel() on ptolemy.moml.MoMLSimpleApplication@77ebedb1
----------------- Done invoking toplevel() on ptolemy.moml.MoMLSimpleApplication@77ebedb1
reloadAllAccessors: .expressionCastInference

===========================================================================================
----------------- testing Mon May 04 14:17:09 UTC 2020 /home/travis/build/icyphy/ptII/ptolemy/actor/lib/test/auto/expressionCastInference2.xml
----------------- Instantiating /home/travis/build/icyphy/ptII/ptolemy/actor/lib/test/auto/expressionCastInference2.xml
2 ms. Memory: 456704K Free: 392975K (86%)
----------------- Invoking toplevel() on ptolemy.moml.MoMLSimpleApplication@314cf43
----------------- Done invoking toplevel() on ptolemy.moml.MoMLSimpleApplication@314cf43
reloadAllAccessors: .expressionCastInference2

===========================================================================================
----------------- testing Mon May 04 14:17:09 UTC 2020 /home/travis/build/icyphy/ptII/ptolemy/actor/lib/test/auto/expressionInference.xml
----------------- Instantiating /home/travis/build/icyphy/ptII/ptolemy/actor/lib/test/auto/expressionInference.xml
1 ms. Memory: 456704K Free: 388879K (85%)
----------------- Invoking toplevel() on ptolemy.moml.MoMLSimpleApplication@1ba43b2f
----------------- Done invoking toplevel() on ptolemy.moml.MoMLSimpleApplication@1ba43b2f
reloadAllAccessors: .expressionInference

===========================================================================================
----------------- testing Mon May 04 14:17:09 UTC 2020 /home/travis/build/icyphy/ptII/ptolemy/actor/lib/test/auto/expression_bug.xml
----------------- Instantiating /home/travis/build/icyphy/ptII/ptolemy/actor/lib/test/auto/expression_bug.xml
1 ms. Memory: 456704K Free: 384783K (84%)
----------------- Invoking toplevel() on ptolemy.moml.MoMLSimpleApplication@2ceaddd6
----------------- Done invoking toplevel() on ptolemy.moml.MoMLSimpleApplication@2ceaddd6
reloadAllAccessors: .expression_bug

===========================================================================================
----------------- testing Mon May 04 14:17:09 UTC 2020 /home/travis/build/icyphy/ptII/ptolemy/actor/lib/test/auto/factorial.xml
----------------- Instantiating /home/travis/build/icyphy/ptII/ptolemy/actor/lib/test/auto/factorial.xml
30 ms. Memory: 456704K Free: 376077K (82%)
----------------- Invoking toplevel() on ptolemy.moml.MoMLSimpleApplication@2ad9715b
----------------- Done invoking toplevel() on ptolemy.moml.MoMLSimpleApplication@2ad9715b
reloadAllAccessors: .factorial

===========================================================================================
----------------- testing Mon May 04 14:17:09 UTC 2020 /home/travis/build/icyphy/ptII/ptolemy/actor/lib/test/auto/filterTest1.xml
----------------- Instantiating /home/travis/build/icyphy/ptII/ptolemy/actor/lib/test/auto/filterTest1.xml
3 ms. Memory: 456704K Free: 370447K (81%)
----------------- Invoking toplevel() on ptolemy.moml.MoMLSimpleApplication@621d3e99
----------------- Done invoking toplevel() on ptolemy.moml.MoMLSimpleApplication@621d3e99
reloadAllAccessors: .filterTest1

===========================================================================================
----------------- testing Mon May 04 14:17:09 UTC 2020 /home/travis/build/icyphy/ptII/ptolemy/actor/lib/test/auto/funcApplyInConst.xml
----------------- Instantiating /home/travis/build/icyphy/ptII/ptolemy/actor/lib/test/auto/funcApplyInConst.xml
1 ms. Memory: 456704K Free: 366861K (80%)
----------------- Invoking toplevel() on ptolemy.moml.MoMLSimpleApplication@6c0bb18d
----------------- Done invoking toplevel() on ptolemy.moml.MoMLSimpleApplication@6c0bb18d
reloadAllAccessors: .funcApplyInConst

===========================================================================================
----------------- testing Mon May 04 14:17:09 UTC 2020 /home/travis/build/icyphy/ptII/ptolemy/actor/lib/test/auto/funcApplyInExpr.xml
----------------- Instantiating /home/travis/build/icyphy/ptII/ptolemy/actor/lib/test/auto/funcApplyInExpr.xml
1 ms. Memory: 456704K Free: 362765K (79%)
----------------- Invoking toplevel() on ptolemy.moml.MoMLSimpleApplication@49a5cb1a
----------------- Done invoking toplevel() on ptolemy.moml.MoMLSimpleApplication@49a5cb1a
reloadAllAccessors: .funcApplyInExpr

===========================================================================================
----------------- testing Mon May 04 14:17:09 UTC 2020 /home/travis/build/icyphy/ptII/ptolemy/actor/lib/test/auto/function.xml
----------------- Instantiating /home/travis/build/icyphy/ptII/ptolemy/actor/lib/test/auto/function.xml
1 ms. Memory: 456704K Free: 358159K (78%)
----------------- Invoking toplevel() on ptolemy.moml.MoMLSimpleApplication@101b0a70
----------------- Done invoking toplevel() on ptolemy.moml.MoMLSimpleApplication@101b0a70
reloadAllAccessors: .function

===========================================================================================
----------------- testing Mon May 04 14:17:09 UTC 2020 /home/travis/build/icyphy/ptII/ptolemy/actor/lib/test/auto/function2.xml
----------------- Instantiating /home/travis/build/icyphy/ptII/ptolemy/actor/lib/test/auto/function2.xml
1 ms. Memory: 456704K Free: 353549K (77%)
----------------- Invoking toplevel() on ptolemy.moml.MoMLSimpleApplication@42569da1
----------------- Done invoking toplevel() on ptolemy.moml.MoMLSimpleApplication@42569da1
reloadAllAccessors: .function2

===========================================================================================
----------------- testing Mon May 04 14:17:09 UTC 2020 /home/travis/build/icyphy/ptII/ptolemy/actor/lib/test/auto/function3.xml
----------------- Instantiating /home/travis/build/icyphy/ptII/ptolemy/actor/lib/test/auto/function3.xml
2 ms. Memory: 456704K Free: 349453K (77%)
----------------- Invoking toplevel() on ptolemy.moml.MoMLSimpleApplication@515ad65
----------------- Done invoking toplevel() on ptolemy.moml.MoMLSimpleApplication@515ad65
reloadAllAccessors: .function3

===========================================================================================
----------------- testing Mon May 04 14:17:09 UTC 2020 /home/travis/build/icyphy/ptII/ptolemy/actor/lib/test/auto/functionClosureTest1.xml
----------------- Instantiating /home/travis/build/icyphy/ptII/ptolemy/actor/lib/test/auto/functionClosureTest1.xml
2 ms. Memory: 456704K Free: 343823K (75%)
----------------- Invoking toplevel() on ptolemy.moml.MoMLSimpleApplication@678a1b9a
----------------- Done invoking toplevel() on ptolemy.moml.MoMLSimpleApplication@678a1b9a
reloadAllAccessors: .functionClosureTest1

===========================================================================================
----------------- testing Mon May 04 14:17:09 UTC 2020 /home/travis/build/icyphy/ptII/ptolemy/actor/lib/test/auto/functionClosureTest2.xml
----------------- Instantiating /home/travis/build/icyphy/ptII/ptolemy/actor/lib/test/auto/functionClosureTest2.xml
1 ms. Memory: 456704K Free: 340237K (74%)
----------------- Invoking toplevel() on ptolemy.moml.MoMLSimpleApplication@6e85d3be
----------------- Done invoking toplevel() on ptolemy.moml.MoMLSimpleApplication@6e85d3be
reloadAllAccessors: .functionClosureTest2

===========================================================================================
----------------- testing Mon May 04 14:17:09 UTC 2020 /home/travis/build/icyphy/ptII/ptolemy/actor/lib/test/auto/functionClosureTest3.xml
----------------- Instantiating /home/travis/build/icyphy/ptII/ptolemy/actor/lib/test/auto/functionClosureTest3.xml
1 ms. Memory: 456704K Free: 334607K (73%)
----------------- Invoking toplevel() on ptolemy.moml.MoMLSimpleApplication@1052c0ef
----------------- Done invoking toplevel() on ptolemy.moml.MoMLSimpleApplication@1052c0ef
reloadAllAccessors: .functionClosureTest3

===========================================================================================
----------------- testing Mon May 04 14:17:09 UTC 2020 /home/travis/build/icyphy/ptII/ptolemy/actor/lib/test/auto/functionClosureTest4.xml
----------------- Instantiating /home/travis/build/icyphy/ptII/ptolemy/actor/lib/test/auto/functionClosureTest4.xml
4 ms. Memory: 456704K Free: 328463K (72%)
----------------- Invoking toplevel() on ptolemy.moml.MoMLSimpleApplication@3d337dd5
----------------- Done invoking toplevel() on ptolemy.moml.MoMLSimpleApplication@3d337dd5
reloadAllAccessors: .functionClosureTest4

===========================================================================================
----------------- testing Mon May 04 14:17:09 UTC 2020 /home/travis/build/icyphy/ptII/ptolemy/actor/lib/test/auto/functionClosureTest5.xml
----------------- Instantiating /home/travis/build/icyphy/ptII/ptolemy/actor/lib/test/auto/functionClosureTest5.xml
3 ms. Memory: 456704K Free: 323343K (71%)
----------------- Invoking toplevel() on ptolemy.moml.MoMLSimpleApplication@171f2553
----------------- Done invoking toplevel() on ptolemy.moml.MoMLSimpleApplication@171f2553
reloadAllAccessors: .functionClosureTest5

===========================================================================================
----------------- testing Mon May 04 14:17:09 UTC 2020 /home/travis/build/icyphy/ptII/ptolemy/actor/lib/test/auto/functionClosureTest6.xml
----------------- Instantiating /home/travis/build/icyphy/ptII/ptolemy/actor/lib/test/auto/functionClosureTest6.xml
2 ms. Memory: 456704K Free: 318223K (70%)
----------------- Invoking toplevel() on ptolemy.moml.MoMLSimpleApplication@4131f27f
----------------- Done invoking toplevel() on ptolemy.moml.MoMLSimpleApplication@4131f27f
reloadAllAccessors: .functionClosureTest6

===========================================================================================
----------------- testing Mon May 04 14:17:09 UTC 2020 /home/travis/build/icyphy/ptII/ptolemy/actor/lib/test/auto/functionsOnArcs.xml
----------------- Instantiating /home/travis/build/icyphy/ptII/ptolemy/actor/lib/test/auto/functionsOnArcs.xml
2 ms. Memory: 456704K Free: 313103K (69%)
----------------- Invoking toplevel() on ptolemy.moml.MoMLSimpleApplication@11031a25
----------------- Done invoking toplevel() on ptolemy.moml.MoMLSimpleApplication@11031a25
reloadAllAccessors: .functionsOnArcs

===========================================================================================
----------------- testing Mon May 04 14:17:09 UTC 2020 /home/travis/build/icyphy/ptII/ptolemy/actor/lib/test/auto/functionsOnArcsHOF.xml
----------------- Instantiating /home/travis/build/icyphy/ptII/ptolemy/actor/lib/test/auto/functionsOnArcsHOF.xml
3 ms. Memory: 456704K Free: 307469K (67%)
----------------- Invoking toplevel() on ptolemy.moml.MoMLSimpleApplication@606b3b4b
----------------- Done invoking toplevel() on ptolemy.moml.MoMLSimpleApplication@606b3b4b
reloadAllAccessors: .functionsOnArcsHOF

===========================================================================================
----------------- testing Mon May 04 14:17:09 UTC 2020 /home/travis/build/icyphy/ptII/ptolemy/actor/lib/test/auto/logic.xml
----------------- Instantiating /home/travis/build/icyphy/ptII/ptolemy/actor/lib/test/auto/logic.xml
2 ms. Memory: 456704K Free: 299791K (66%)
----------------- Invoking toplevel() on ptolemy.moml.MoMLSimpleApplication@6c4bc5ca
----------------- Done invoking toplevel() on ptolemy.moml.MoMLSimpleApplication@6c4bc5ca
reloadAllAccessors: .logic

===========================================================================================
----------------- testing Mon May 04 14:17:09 UTC 2020 /home/travis/build/icyphy/ptII/ptolemy/actor/lib/test/auto/matrixType.xml
----------------- Instantiating /home/travis/build/icyphy/ptII/ptolemy/actor/lib/test/auto/matrixType.xml
1 ms. Memory: 456704K Free: 295181K (65%)
----------------- Invoking toplevel() on ptolemy.moml.MoMLSimpleApplication@5b5f34a7
----------------- Done invoking toplevel() on ptolemy.moml.MoMLSimpleApplication@5b5f34a7
reloadAllAccessors: .matrixType

===========================================================================================
----------------- testing Mon May 04 14:17:09 UTC 2020 /home/travis/build/icyphy/ptII/ptolemy/actor/lib/test/auto/matrixType10.xml
----------------- Instantiating /home/travis/build/icyphy/ptII/ptolemy/actor/lib/test/auto/matrixType10.xml
2 ms. Memory: 456704K Free: 290575K (64%)
----------------- Invoking toplevel() on ptolemy.moml.MoMLSimpleApplication@5181ebf2
----------------- Done invoking toplevel() on ptolemy.moml.MoMLSimpleApplication@5181ebf2
reloadAllAccessors: .matrixType10

===========================================================================================
----------------- testing Mon May 04 14:17:09 UTC 2020 /home/travis/build/icyphy/ptII/ptolemy/actor/lib/test/auto/matrixType11.xml
----------------- Instantiating /home/travis/build/icyphy/ptII/ptolemy/actor/lib/test/auto/matrixType11.xml
1 ms. Memory: 456704K Free: 285455K (63%)
----------------- Invoking toplevel() on ptolemy.moml.MoMLSimpleApplication@739b13c5
----------------- Done invoking toplevel() on ptolemy.moml.MoMLSimpleApplication@739b13c5
reloadAllAccessors: .matrixType11

===========================================================================================
----------------- testing Mon May 04 14:17:09 UTC 2020 /home/travis/build/icyphy/ptII/ptolemy/actor/lib/test/auto/matrixType12.xml
----------------- Instantiating /home/travis/build/icyphy/ptII/ptolemy/actor/lib/test/auto/matrixType12.xml
1 ms. Memory: 456704K Free: 280845K (61%)
----------------- Invoking toplevel() on ptolemy.moml.MoMLSimpleApplication@87a6cbc
----------------- Done invoking toplevel() on ptolemy.moml.MoMLSimpleApplication@87a6cbc
reloadAllAccessors: .matrixType12

===========================================================================================
----------------- testing Mon May 04 14:17:09 UTC 2020 /home/travis/build/icyphy/ptII/ptolemy/actor/lib/test/auto/matrixType13.xml
----------------- Instantiating /home/travis/build/icyphy/ptII/ptolemy/actor/lib/test/auto/matrixType13.xml
2 ms. Memory: 456704K Free: 276239K (60%)
----------------- Invoking toplevel() on ptolemy.moml.MoMLSimpleApplication@530a007a
----------------- Done invoking toplevel() on ptolemy.moml.MoMLSimpleApplication@530a007a
reloadAllAccessors: .matrixType13

===========================================================================================
----------------- testing Mon May 04 14:17:09 UTC 2020 /home/travis/build/icyphy/ptII/ptolemy/actor/lib/test/auto/matrixType14.xml
----------------- Instantiating /home/travis/build/icyphy/ptII/ptolemy/actor/lib/test/auto/matrixType14.xml
1 ms. Memory: 456704K Free: 270590K (59%)
----------------- Invoking toplevel() on ptolemy.moml.MoMLSimpleApplication@6b14b466
----------------- Done invoking toplevel() on ptolemy.moml.MoMLSimpleApplication@6b14b466
reloadAllAccessors: .matrixType14

===========================================================================================
----------------- testing Mon May 04 14:17:09 UTC 2020 /home/travis/build/icyphy/ptII/ptolemy/actor/lib/test/auto/matrixType2.xml
----------------- Instantiating /home/travis/build/icyphy/ptII/ptolemy/actor/lib/test/auto/matrixType2.xml
2 ms. Memory: 456704K Free: 265470K (58%)
----------------- Invoking toplevel() on ptolemy.moml.MoMLSimpleApplication@8212ef
----------------- Done invoking toplevel() on ptolemy.moml.MoMLSimpleApplication@8212ef
reloadAllAccessors: .matrixType2

===========================================================================================
----------------- testing Mon May 04 14:17:10 UTC 2020 /home/travis/build/icyphy/ptII/ptolemy/actor/lib/test/auto/matrixType3.xml
----------------- Instantiating /home/travis/build/icyphy/ptII/ptolemy/actor/lib/test/auto/matrixType3.xml
1 ms. Memory: 456704K Free: 260879K (57%)
----------------- Invoking toplevel() on ptolemy.moml.MoMLSimpleApplication@16a110d0
----------------- Done invoking toplevel() on ptolemy.moml.MoMLSimpleApplication@16a110d0
reloadAllAccessors: .matrixType3

===========================================================================================
----------------- testing Mon May 04 14:17:10 UTC 2020 /home/travis/build/icyphy/ptII/ptolemy/actor/lib/test/auto/matrixType4.xml
----------------- Instantiating /home/travis/build/icyphy/ptII/ptolemy/actor/lib/test/auto/matrixType4.xml
1 ms. Memory: 456704K Free: 255759K (56%)
----------------- Invoking toplevel() on ptolemy.moml.MoMLSimpleApplication@1e7cd4b2
----------------- Done invoking toplevel() on ptolemy.moml.MoMLSimpleApplication@1e7cd4b2
reloadAllAccessors: .matrixType4

===========================================================================================
----------------- testing Mon May 04 14:17:10 UTC 2020 /home/travis/build/icyphy/ptII/ptolemy/actor/lib/test/auto/matrixType5.xml
----------------- Instantiating /home/travis/build/icyphy/ptII/ptolemy/actor/lib/test/auto/matrixType5.xml
1 ms. Memory: 456704K Free: 251149K (55%)
----------------- Invoking toplevel() on ptolemy.moml.MoMLSimpleApplication@671d92b1
----------------- Done invoking toplevel() on ptolemy.moml.MoMLSimpleApplication@671d92b1
reloadAllAccessors: .matrixType5

===========================================================================================
----------------- testing Mon May 04 14:17:10 UTC 2020 /home/travis/build/icyphy/ptII/ptolemy/actor/lib/test/auto/matrixType6.xml
----------------- Instantiating /home/travis/build/icyphy/ptII/ptolemy/actor/lib/test/auto/matrixType6.xml
2 ms. Memory: 456704K Free: 246029K (54%)
----------------- Invoking toplevel() on ptolemy.moml.MoMLSimpleApplication@70f66bce
----------------- Done invoking toplevel() on ptolemy.moml.MoMLSimpleApplication@70f66bce
reloadAllAccessors: .matrixType6

===========================================================================================
----------------- testing Mon May 04 14:17:10 UTC 2020 /home/travis/build/icyphy/ptII/ptolemy/actor/lib/test/auto/matrixType7.xml
----------------- Instantiating /home/travis/build/icyphy/ptII/ptolemy/actor/lib/test/auto/matrixType7.xml
2 ms. Memory: 456704K Free: 241423K (53%)
----------------- Invoking toplevel() on ptolemy.moml.MoMLSimpleApplication@32f431c4
----------------- Done invoking toplevel() on ptolemy.moml.MoMLSimpleApplication@32f431c4
reloadAllAccessors: .matrixType7

===========================================================================================
----------------- testing Mon May 04 14:17:10 UTC 2020 /home/travis/build/icyphy/ptII/ptolemy/actor/lib/test/auto/matrixType8.xml
----------------- Instantiating /home/travis/build/icyphy/ptII/ptolemy/actor/lib/test/auto/matrixType8.xml
1 ms. Memory: 456704K Free: 236813K (52%)
----------------- Invoking toplevel() on ptolemy.moml.MoMLSimpleApplication@398a16b7
----------------- Done invoking toplevel() on ptolemy.moml.MoMLSimpleApplication@398a16b7
reloadAllAccessors: .matrixType8

===========================================================================================
----------------- testing Mon May 04 14:17:10 UTC 2020 /home/travis/build/icyphy/ptII/ptolemy/actor/lib/test/auto/matrixType9.xml
----------------- Instantiating /home/travis/build/icyphy/ptII/ptolemy/actor/lib/test/auto/matrixType9.xml
1 ms. Memory: 456704K Free: 231693K (51%)
----------------- Invoking toplevel() on ptolemy.moml.MoMLSimpleApplication@335c3cc6
----------------- Done invoking toplevel() on ptolemy.moml.MoMLSimpleApplication@335c3cc6
reloadAllAccessors: .matrixType9

===========================================================================================
----------------- testing Mon May 04 14:17:10 UTC 2020 /home/travis/build/icyphy/ptII/ptolemy/actor/lib/test/auto/paraFunctest.xml
----------------- Instantiating /home/travis/build/icyphy/ptII/ptolemy/actor/lib/test/auto/paraFunctest.xml
1 ms. Memory: 456704K Free: 227597K (50%)
----------------- Invoking toplevel() on ptolemy.moml.MoMLSimpleApplication@37013455
----------------- Done invoking toplevel() on ptolemy.moml.MoMLSimpleApplication@37013455
reloadAllAccessors: .paraFunctest

===========================================================================================
----------------- testing Mon May 04 14:17:10 UTC 2020 /home/travis/build/icyphy/ptII/ptolemy/actor/lib/test/auto/paraFunctest2.xml
----------------- Instantiating /home/travis/build/icyphy/ptII/ptolemy/actor/lib/test/auto/paraFunctest2.xml
1 ms. Memory: 456704K Free: 222477K (49%)
----------------- Invoking toplevel() on ptolemy.moml.MoMLSimpleApplication@15bd4d24
----------------- Done invoking toplevel() on ptolemy.moml.MoMLSimpleApplication@15bd4d24
reloadAllAccessors: .paraFunctest2

===========================================================================================
----------------- testing Mon May 04 14:17:10 UTC 2020 /home/travis/build/icyphy/ptII/ptolemy/actor/lib/test/auto/parameterPassing.xml
----------------- Instantiating /home/travis/build/icyphy/ptII/ptolemy/actor/lib/test/auto/parameterPassing.xml
1 ms. Memory: 456704K Free: 218381K (48%)
----------------- Invoking toplevel() on ptolemy.moml.MoMLSimpleApplication@5afebd61
----------------- Done invoking toplevel() on ptolemy.moml.MoMLSimpleApplication@5afebd61
reloadAllAccessors: .parameterPassing

===========================================================================================
----------------- testing Mon May 04 14:17:10 UTC 2020 /home/travis/build/icyphy/ptII/ptolemy/actor/lib/test/auto/record.xml
----------------- Instantiating /home/travis/build/icyphy/ptII/ptolemy/actor/lib/test/auto/record.xml
2 ms. Memory: 456704K Free: 213775K (47%)
----------------- Invoking toplevel() on ptolemy.moml.MoMLSimpleApplication@730f807f
----------------- Done invoking toplevel() on ptolemy.moml.MoMLSimpleApplication@730f807f
reloadAllAccessors: .record

===========================================================================================
----------------- testing Mon May 04 14:17:10 UTC 2020 /home/travis/build/icyphy/ptII/ptolemy/actor/lib/test/auto/sizedarray1.xml
----------------- Instantiating /home/travis/build/icyphy/ptII/ptolemy/actor/lib/test/auto/sizedarray1.xml
1 ms. Memory: 456704K Free: 208141K (46%)
----------------- Invoking toplevel() on ptolemy.moml.MoMLSimpleApplication@545cc1e2
----------------- Done invoking toplevel() on ptolemy.moml.MoMLSimpleApplication@545cc1e2
reloadAllAccessors: .sizedarray1

===========================================================================================
----------------- testing Mon May 04 14:17:10 UTC 2020 /home/travis/build/icyphy/ptII/ptolemy/actor/lib/test/auto/sizedarray2.xml
----------------- Instantiating /home/travis/build/icyphy/ptII/ptolemy/actor/lib/test/auto/sizedarray2.xml
3 ms. Memory: 456704K Free: 203021K (44%)
----------------- Invoking toplevel() on ptolemy.moml.MoMLSimpleApplication@21af5385
----------------- Done invoking toplevel() on ptolemy.moml.MoMLSimpleApplication@21af5385
reloadAllAccessors: .sizedarray2

===========================================================================================
----------------- testing Mon May 04 14:17:10 UTC 2020 /home/travis/build/icyphy/ptII/ptolemy/actor/lib/test/auto/twoPublishers.xml
----------------- Instantiating /home/travis/build/icyphy/ptII/ptolemy/actor/lib/test/auto/twoPublishers.xml
5 ms. Memory: 456704K Free: 192271K (42%)
----------------- Invoking toplevel() on ptolemy.moml.MoMLSimpleApplication@491c9e86
----------------- Done invoking toplevel() on ptolemy.moml.MoMLSimpleApplication@491c9e86
reloadAllAccessors: .twoPublishers
AutoTests.java: About to close Vertx.
AutoTests.java: Vertx closed.
]]></system-out>
  <system-err><![CDATA[java.lang.RuntimeException: Execution failed
	at ptolemy.moml.MoMLSimpleApplication$UnloadThread.run(MoMLSimpleApplication.java:402)
Caused by: java.lang.RuntimeException: StringUtilities.exit() was called. Normally, we would exit here because Manager.exitAfterWrapup() was called.  However, because the ptolemy.ptII.exitAfterWrapup property is set, we throw this exception instead.
	at ptolemy.util.StringUtilities.exit(StringUtilities.java:365)
	at ptolemy.actor.Manager.wrapup(Manager.java:1549)
	at ptolemy.actor.Manager.execute(Manager.java:407)
	at ptolemy.actor.Manager.run(Manager.java:1263)
	at ptolemy.actor.Manager$PtolemyRunThread.run(Manager.java:1933)
Warning: '.top.test' is in training mode, set the trainingMode parameter to false before checking in
Warning: '.top.test' is in training mode, set the trainingMode parameter to false before checking in
Warning: '.top.test' is in training mode, set the trainingMode parameter to false before checking in
Warning: '.BooleanSwitch_RegressionTest_WrongTrainingValues.Test' is in training mode, set the trainingMode parameter to false before checking in
Warning: '.BooleanSwitch_RegressionTest_WrongTrainingValues.Test2' is in training mode, set the trainingMode parameter to false before checking in
Warning: '.BooleanSwitch_RegressionTest_WrongTrainingValues.Test2' The test produced 0 tokens.
Warning: '.top.testExceptionHandler' is in training mode, set the trainingMode parameter to false before checking in
java.lang.RuntimeException: Execution failed
	at ptolemy.moml.MoMLSimpleApplication$UnloadThread.run(MoMLSimpleApplication.java:402)
Caused by: ptolemy.kernel.util.IllegalActionException: PublisherPorts cannot be used at the top level, use a Publisher actor instead.
  in .PublisherPortToplevelSubscriber.PublisherPort
	at ptolemy.actor.PublisherPort.preinitialize(PublisherPort.java:403)
	at ptolemy.actor.CompositeActor.preinitialize(CompositeActor.java:1769)
	at ptolemy.actor.Manager.preinitializeAndResolveTypes(Manager.java:1040)
	at ptolemy.actor.Manager.initialize(Manager.java:710)
	at ptolemy.actor.Manager.execute(Manager.java:356)
	at ptolemy.actor.Manager.run(Manager.java:1263)
	at ptolemy.actor.Manager$PtolemyRunThread.run(Manager.java:1933)
java.lang.reflect.InvocationTargetException
	at java.base/jdk.internal.reflect.NativeConstructorAccessorImpl.newInstance0(Native Method)
	at java.base/jdk.internal.reflect.NativeConstructorAccessorImpl.newInstance(NativeConstructorAccessorImpl.java:62)
	at java.base/jdk.internal.reflect.DelegatingConstructorAccessorImpl.newInstance(DelegatingConstructorAccessorImpl.java:45)
	at java.base/java.lang.reflect.Constructor.newInstance(Constructor.java:490)
	at ptolemy.util.test.junit.AutoKnownFailedTests.RunModel(AutoKnownFailedTests.java:105)
	at java.base/jdk.internal.reflect.NativeMethodAccessorImpl.invoke0(Native Method)
	at java.base/jdk.internal.reflect.NativeMethodAccessorImpl.invoke(NativeMethodAccessorImpl.java:62)
	at java.base/jdk.internal.reflect.DelegatingMethodAccessorImpl.invoke(DelegatingMethodAccessorImpl.java:43)
	at java.base/java.lang.reflect.Method.invoke(Method.java:566)
	at org.junit.runners.model.FrameworkMethod$1.runReflectiveCall(FrameworkMethod.java:44)
	at org.junit.internal.runners.model.ReflectiveCallable.run(ReflectiveCallable.java:15)
	at org.junit.runners.model.FrameworkMethod.invokeExplosively(FrameworkMethod.java:41)
	at junitparams.internal.InvokeParameterisedMethod.evaluate(InvokeParameterisedMethod.java:102)
	at org.junit.internal.runners.statements.FailOnTimeout$1.run(FailOnTimeout.java:28)
Caused by: ptolemy.kernel.util.IllegalActionException: PublisherPorts cannot be used at the top level, use a Publisher actor instead.
  in .PublisherPortToplevelSubscriber.PublisherPort
	at ptolemy.actor.PublisherPort.preinitialize(PublisherPort.java:403)
	at ptolemy.actor.CompositeActor.preinitialize(CompositeActor.java:1769)
	at ptolemy.actor.Manager.preinitializeAndResolveTypes(Manager.java:1040)
	at ptolemy.actor.Manager.initialize(Manager.java:710)
	at ptolemy.actor.Manager.execute(Manager.java:356)
	at ptolemy.actor.Manager.run(Manager.java:1263)
	at ptolemy.actor.Manager$PtolemyRunThread.run(Manager.java:1933)
java.lang.RuntimeException: Execution failed
	at ptolemy.moml.MoMLSimpleApplication$UnloadThread.run(MoMLSimpleApplication.java:402)
Caused by: ptolemy.kernel.util.IllegalActionException: SubscriberPorts cannot be used at the top level, use a Subscriber actor instead.
  in .PublisherSubscriberPortToplevel.SubscriberPort
	at ptolemy.actor.SubscriberPort.preinitialize(SubscriberPort.java:328)
	at ptolemy.actor.CompositeActor.preinitialize(CompositeActor.java:1769)
	at ptolemy.actor.Manager.preinitializeAndResolveTypes(Manager.java:1040)
	at ptolemy.actor.Manager.initialize(Manager.java:710)
	at ptolemy.actor.Manager.execute(Manager.java:356)
	at ptolemy.actor.Manager.run(Manager.java:1263)
	at ptolemy.actor.Manager$PtolemyRunThread.run(Manager.java:1933)
java.lang.reflect.InvocationTargetException
	at java.base/jdk.internal.reflect.NativeConstructorAccessorImpl.newInstance0(Native Method)
	at java.base/jdk.internal.reflect.NativeConstructorAccessorImpl.newInstance(NativeConstructorAccessorImpl.java:62)
	at java.base/jdk.internal.reflect.DelegatingConstructorAccessorImpl.newInstance(DelegatingConstructorAccessorImpl.java:45)
	at java.base/java.lang.reflect.Constructor.newInstance(Constructor.java:490)
	at ptolemy.util.test.junit.AutoKnownFailedTests.RunModel(AutoKnownFailedTests.java:105)
	at java.base/jdk.internal.reflect.NativeMethodAccessorImpl.invoke0(Native Method)
	at java.base/jdk.internal.reflect.NativeMethodAccessorImpl.invoke(NativeMethodAccessorImpl.java:62)
	at java.base/jdk.internal.reflect.DelegatingMethodAccessorImpl.invoke(DelegatingMethodAccessorImpl.java:43)
	at java.base/java.lang.reflect.Method.invoke(Method.java:566)
	at org.junit.runners.model.FrameworkMethod$1.runReflectiveCall(FrameworkMethod.java:44)
	at org.junit.internal.runners.model.ReflectiveCallable.run(ReflectiveCallable.java:15)
	at org.junit.runners.model.FrameworkMethod.invokeExplosively(FrameworkMethod.java:41)
	at junitparams.internal.InvokeParameterisedMethod.evaluate(InvokeParameterisedMethod.java:102)
	at org.junit.internal.runners.statements.FailOnTimeout$1.run(FailOnTimeout.java:28)
Caused by: ptolemy.kernel.util.IllegalActionException: SubscriberPorts cannot be used at the top level, use a Subscriber actor instead.
  in .PublisherSubscriberPortToplevel.SubscriberPort
	at ptolemy.actor.SubscriberPort.preinitialize(SubscriberPort.java:328)
	at ptolemy.actor.CompositeActor.preinitialize(CompositeActor.java:1769)
	at ptolemy.actor.Manager.preinitializeAndResolveTypes(Manager.java:1040)
	at ptolemy.actor.Manager.initialize(Manager.java:710)
	at ptolemy.actor.Manager.execute(Manager.java:356)
	at ptolemy.actor.Manager.run(Manager.java:1263)
	at ptolemy.actor.Manager$PtolemyRunThread.run(Manager.java:1933)
java.lang.RuntimeException: Execution failed
	at ptolemy.moml.MoMLSimpleApplication$UnloadThread.run(MoMLSimpleApplication.java:402)
Caused by: ptolemy.kernel.util.IllegalActionException: SubscriptionAggregatorPorts cannot be used at the top level, use a SubscriptionAggregator actor instead.
  in .PublisherSubscriptionAggregatorPort.SubscriptionAggregatorPort
	at ptolemy.actor.SubscriptionAggregatorPort.preinitialize(SubscriptionAggregatorPort.java:353)
	at ptolemy.actor.CompositeActor.preinitialize(CompositeActor.java:1769)
	at ptolemy.actor.Manager.preinitializeAndResolveTypes(Manager.java:1040)
	at ptolemy.actor.Manager.initialize(Manager.java:710)
	at ptolemy.actor.Manager.execute(Manager.java:356)
	at ptolemy.actor.Manager.run(Manager.java:1263)
	at ptolemy.actor.Manager$PtolemyRunThread.run(Manager.java:1933)
java.lang.reflect.InvocationTargetException
	at java.base/jdk.internal.reflect.NativeConstructorAccessorImpl.newInstance0(Native Method)
	at java.base/jdk.internal.reflect.NativeConstructorAccessorImpl.newInstance(NativeConstructorAccessorImpl.java:62)
	at java.base/jdk.internal.reflect.DelegatingConstructorAccessorImpl.newInstance(DelegatingConstructorAccessorImpl.java:45)
	at java.base/java.lang.reflect.Constructor.newInstance(Constructor.java:490)
	at ptolemy.util.test.junit.AutoKnownFailedTests.RunModel(AutoKnownFailedTests.java:105)
	at java.base/jdk.internal.reflect.NativeMethodAccessorImpl.invoke0(Native Method)
	at java.base/jdk.internal.reflect.NativeMethodAccessorImpl.invoke(NativeMethodAccessorImpl.java:62)
	at java.base/jdk.internal.reflect.DelegatingMethodAccessorImpl.invoke(DelegatingMethodAccessorImpl.java:43)
	at java.base/java.lang.reflect.Method.invoke(Method.java:566)
	at org.junit.runners.model.FrameworkMethod$1.runReflectiveCall(FrameworkMethod.java:44)
	at org.junit.internal.runners.model.ReflectiveCallable.run(ReflectiveCallable.java:15)
	at org.junit.runners.model.FrameworkMethod.invokeExplosively(FrameworkMethod.java:41)
	at junitparams.internal.InvokeParameterisedMethod.evaluate(InvokeParameterisedMethod.java:102)
	at org.junit.internal.runners.statements.FailOnTimeout$1.run(FailOnTimeout.java:28)
Caused by: ptolemy.kernel.util.IllegalActionException: SubscriptionAggregatorPorts cannot be used at the top level, use a SubscriptionAggregator actor instead.
  in .PublisherSubscriptionAggregatorPort.SubscriptionAggregatorPort
	at ptolemy.actor.SubscriptionAggregatorPort.preinitialize(SubscriptionAggregatorPort.java:353)
	at ptolemy.actor.CompositeActor.preinitialize(CompositeActor.java:1769)
	at ptolemy.actor.Manager.preinitializeAndResolveTypes(Manager.java:1040)
	at ptolemy.actor.Manager.initialize(Manager.java:710)
	at ptolemy.actor.Manager.execute(Manager.java:356)
	at ptolemy.actor.Manager.run(Manager.java:1263)
	at ptolemy.actor.Manager$PtolemyRunThread.run(Manager.java:1933)
java.lang.RuntimeException: Execution failed
	at ptolemy.moml.MoMLSimpleApplication$UnloadThread.run(MoMLSimpleApplication.java:402)
Caused by: ptolemy.kernel.util.IllegalActionException: TypeTest actor has no training data.
  in .sizedarray3.TypeTest
	at ptolemy.actor.lib.TypeTest.initialize(TypeTest.java:250)
	at ptolemy.actor.Director.initialize(Director.java:938)
	at ptolemy.actor.Director.initialize(Director.java:907)
	at ptolemy.actor.sched.StaticSchedulingDirector.initialize(StaticSchedulingDirector.java:159)
	at ptolemy.domains.sdf.kernel.SDFDirector.initialize(SDFDirector.java:544)
	at ptolemy.actor.CompositeActor.initialize(CompositeActor.java:935)
	at ptolemy.actor.Manager.initialize(Manager.java:724)
	at ptolemy.actor.Manager.execute(Manager.java:356)
	at ptolemy.actor.Manager.run(Manager.java:1263)
	at ptolemy.actor.Manager$PtolemyRunThread.run(Manager.java:1933)
java.lang.reflect.InvocationTargetException
	at java.base/jdk.internal.reflect.NativeConstructorAccessorImpl.newInstance0(Native Method)
	at java.base/jdk.internal.reflect.NativeConstructorAccessorImpl.newInstance(NativeConstructorAccessorImpl.java:62)
	at java.base/jdk.internal.reflect.DelegatingConstructorAccessorImpl.newInstance(DelegatingConstructorAccessorImpl.java:45)
	at java.base/java.lang.reflect.Constructor.newInstance(Constructor.java:490)
	at ptolemy.util.test.junit.AutoKnownFailedTests.RunModel(AutoKnownFailedTests.java:105)
	at java.base/jdk.internal.reflect.NativeMethodAccessorImpl.invoke0(Native Method)
	at java.base/jdk.internal.reflect.NativeMethodAccessorImpl.invoke(NativeMethodAccessorImpl.java:62)
	at java.base/jdk.internal.reflect.DelegatingMethodAccessorImpl.invoke(DelegatingMethodAccessorImpl.java:43)
	at java.base/java.lang.reflect.Method.invoke(Method.java:566)
	at org.junit.runners.model.FrameworkMethod$1.runReflectiveCall(FrameworkMethod.java:44)
	at org.junit.internal.runners.model.ReflectiveCallable.run(ReflectiveCallable.java:15)
	at org.junit.runners.model.FrameworkMethod.invokeExplosively(FrameworkMethod.java:41)
	at junitparams.internal.InvokeParameterisedMethod.evaluate(InvokeParameterisedMethod.java:102)
	at org.junit.internal.runners.statements.FailOnTimeout$1.run(FailOnTimeout.java:28)
Caused by: ptolemy.kernel.util.IllegalActionException: TypeTest actor has no training data.
  in .sizedarray3.TypeTest
	at ptolemy.actor.lib.TypeTest.initialize(TypeTest.java:250)
	at ptolemy.actor.Director.initialize(Director.java:938)
	at ptolemy.actor.Director.initialize(Director.java:907)
	at ptolemy.actor.sched.StaticSchedulingDirector.initialize(StaticSchedulingDirector.java:159)
	at ptolemy.domains.sdf.kernel.SDFDirector.initialize(SDFDirector.java:544)
	at ptolemy.actor.CompositeActor.initialize(CompositeActor.java:935)
	at ptolemy.actor.Manager.initialize(Manager.java:724)
	at ptolemy.actor.Manager.execute(Manager.java:356)
	at ptolemy.actor.Manager.run(Manager.java:1263)
	at ptolemy.actor.Manager$PtolemyRunThread.run(Manager.java:1933)
java.lang.RuntimeException: Execution failed
	at ptolemy.moml.MoMLSimpleApplication$UnloadThread.run(MoMLSimpleApplication.java:402)
Caused by: ptolemy.kernel.util.IllegalActionException: Test fails in iteration 0.
Value was: 6001L. Should have been: 6000L
  in .ExecutionTimeSDF.NonStrictTest
	at ptolemy.actor.lib.NonStrictTest.postfire(NonStrictTest.java:328)
	at ptolemy.actor.AtomicActor.iterate(AtomicActor.java:518)
	at ptolemy.actor.sched.StaticSchedulingDirector.fire(StaticSchedulingDirector.java:216)
	at ptolemy.domains.sdf.kernel.SDFDirector.fire(SDFDirector.java:500)
	at ptolemy.actor.CompositeActor.fire(CompositeActor.java:455)
	at ptolemy.actor.Manager.iterate(Manager.java:851)
	at ptolemy.actor.Manager.execute(Manager.java:369)
	at ptolemy.actor.Manager.run(Manager.java:1263)
	at ptolemy.actor.Manager$PtolemyRunThread.run(Manager.java:1933)
]]></system-err>
</testsuite>
