<?xml version="1.0" encoding="UTF-8" ?>
<testsuite errors="0" failures="0" hostname="travis-job-a92d689e-2f0c-4d67-bdc9-cbcdad24e61b" name="ptolemy.domains.de.test.junit.JUnitTclTest" skipped="0" tests="101" time="131.991" timestamp="2018-11-15T02:46:52">
  <properties>
    <property name="npm.executable" value="npm" />
    <property name="file.encoding.pkg" value="sun.io" />
    <property name="env.TRAVIS_ROOT" value="/" />
    <property name="ptII.mk.exists" value="true" />
    <property name="env.TRAVIS_APP_HOST" value="build.travis-ci.org" />
    <property name="env.rvm_bin_path" value="/home/travis/.rvm/bin" />
    <property name="java.home" value="/usr/lib/jvm/java-8-oracle/jre" />
    <property name="env.TRAVIS_JOB_NUMBER" value="820.9" />
    <property name="env.TRAVIS_HOME" value="/home/travis" />
    <property name="env.DISPLAY" value=":99.0" />
    <property name="java.net.preferIPv4Stack" value="true" />
    <property name="env.TRAVIS_INIT" value="upstart" />
    <property name="env.SSH_TTY" value="/dev/pts/0" />
    <property name="env.RUN_TESTS" value="false" />
    <property name="timeout.short" value="1000000" />
    <property name="env.TRAVIS_JOB_NAME" value="" />
    <property name="env.TRAVIS_STACK_NODE_ATTRIBUTES" value="/.node-attributes.yml" />
    <property name="junit.formatter" value="xml" />
    <property name="java.endorsed.dirs" value="/usr/lib/jvm/java-8-oracle/jre/lib/endorsed" />
    <property name="env.TRAVIS_SUDO" value="true" />
    <property name="env.LOGNAME" value="travis" />
    <property name="jsdoc.home" value="node_modules/@terraswarm/jsdoc" />
    <property name="debuglevel" value="source,lines,vars" />
    <property name="checkstyle.formatter" value="xml" />
    <property name="bin.vergil.makeable" value="true" />
    <property name="env._system_version" value="14.04" />
    <property name="sun.os.patch.level" value="unknown" />
    <property name="java.vendor.url" value="http://java.oracle.com/" />
    <property name="env.TRAVIS_BUILD_WEB_URL" value="https://travis-ci.org/icyphy/ptII/builds/455302836" />
    <property name="java.version" value="1.8.0_151" />
    <property name="env.TZ" value="UTC" />
    <property name="env.PT_NO_NET" value="true" />
    <property name="env.TRAVIS_PULL_REQUEST_SHA" value="" />
    <property name="env.TRAVIS_SECURE_ENV_VARS" value="true" />
    <property name="env._system_type" value="Linux" />
    <property name="java.vendor.url.bug" value="http://bugreport.sun.com/bugreport/" />
    <property name="env.SSH_CLIENT" value="10.10.4.3 53980 22" />
    <property name="npmjs-org-is-up" value="true" />
    <property name="env.GEM_HOME" value="/home/travis/.rvm/gems/ruby-2.4.1" />
    <property name="env.HAS_ANTARES_THREE_LITTLE_FRONZIES_BADGE" value="true" />
    <property name="env.PS4" value="+" />
    <property name="ant.project.invoked-targets" value="build,test.core2.xml" />
    <property name="env.TRAVIS_PULL_REQUEST_BRANCH" value="" />
    <property name="env.TRAVIS_REPO_SLUG" value="icyphy/ptII" />
    <property name="node.in.path" value="true" />
    <property name="java.maxmemory" value="1400m" />
    <property name="env.RUBY_VERSION" value="ruby-2.4.1" />
    <property name="user.name" value="travis" />
    <property name="env.LANG" value="en_US.UTF-8" />
    <property name="sun.io.unicode.encoding" value="UnicodeLittle" />
    <property name="sun.jnu.encoding" value="UTF-8" />
    <property name="java.runtime.name" value="Java(TM) SE Runtime Environment" />
    <property name="usefile" value="false" />
    <property name="return.code" value="0" />
    <property name="junit.single.formatter" value="plain" />
    <property name="env.DYLD_LIBRARY_PATH" value="/home/travis/pthla/certi-tools/lib:" />
    <property name="env.DEBIAN_FRONTEND" value="noninteractive" />
    <property name="env.SSH_CONNECTION" value="10.10.4.3 53980 10.20.1.63 22" />
    <property name="env.MYSQL_UNIX_PORT" value="/var/run/mysqld/mysqld.sock" />
    <property name="env.TRAVIS_ALLOW_FAILURE" value="false" />
    <property name="env.LC_ALL" value="en_US.UTF-8" />
    <property name="env.TRAVIS_JOB_WEB_URL" value="https://travis-ci.org/icyphy/ptII/jobs/455302845" />
    <property name="java.specification.name" value="Java Platform API Specification" />
    <property name="node.works" value="true" />
    <property name="user.timezone" value="" />
    <property name="path.separator" value=":" />
    <property name="env.TRAVIS_ENABLE_INFRA_DETECTION" value="true" />
    <property name="env.PYTHON_CFLAGS" value="-g -fstack-protector --param=ssp-buffer-size=4 -Wformat -Werror=format-security" />
    <property name="timeout.long" value="4000000" />
    <property name="env.CERTI_HOME" value="/home/travis/pthla/certi-tools" />
    <property name="file.encoding" value="UTF-8" />
    <property name="ant.file.ptII" value="/home/travis/build/icyphy/ptII/build.xml" />
    <property name="javadoc.packagenames" value="com.*,diva.*,lbnl.*,org.hlacerti.*,org.json.*,org.ptolemy.*,org.terraswarm.*,ptolemy.*,ptserver.*" />
    <property name="env.TRAVIS_PULL_REQUEST_SLUG" value="" />
    <property name="ant.project.default-target" value="build" />
    <property name="env.GIT_ASKPASS" value="echo" />
    <property name="env.HOME" value="/home/travis" />
    <property name="sun.java.command" value="org.apache.tools.ant.taskdefs.optional.junit.JUnitTestRunner ptolemy.domains.de.test.junit.JUnitTclTest skipNonTests=false filtertrace=true haltOnError=false haltOnFailure=false formatter=org.apache.tools.ant.taskdefs.optional.junit.OutErrSummaryJUnitResultFormatter showoutput=true outputtoformatters=true logfailedtests=true threadid=0 logtestlistenerevents=false formatter=org.apache.tools.ant.taskdefs.optional.junit.XMLJUnitResultFormatter,/home/travis/build/icyphy/ptII/reports/junit/TEST-ptolemy.domains.de.test.junit.JUnitTclTest.xml crashfile=/home/travis/build/icyphy/ptII/junitvmwatcher5454467784647604572.properties propsfile=/home/travis/build/icyphy/ptII/junit2514561665014925685.properties" />
    <property name="env.MANPATH" value="/home/travis/.nvm/versions/node/v7.10.1/share/man:/home/travis/.kiex/elixirs/elixir-1.4.5/man:/home/travis/.rvm/rubies/ruby-2.4.1/share/man:/usr/local/man:/usr/local/cmake-3.9.2/man:/usr/local/clang-5.0.0/share/man:/usr/local/share/man:/usr/share/man:/home/travis/.rvm/man" />
    <property name="env.COMPOSER_NO_INTERACTION" value="1" />
    <property name="env.JDK_SWITCHER_DEFAULT" value="oraclejdk8" />
    <property name="env.TRAVIS_TIMER_ID" value="04f4c542" />
    <property name="ant.file" value="/home/travis/build/icyphy/ptII/build.xml" />
    <property name="env.TRAVIS_COMMIT_RANGE" value="47458b26aa641c9f472728a4216bbb718a707a32...1c5d1a3af4925012af4277c1845585069763f502" />
    <property name="env._system_name" value="Ubuntu" />
    <property name="timeout" value="2400000" />
    <property name="ptII.classpath.optional.property" value="/home/travis/build/icyphy/ptII/lib/bsh-2.0b4.jar:/home/travis/build/icyphy/ptII/lib/ptCal.jar:/home/travis/build/icyphy/ptII/lib/java_cup.jar:/home/travis/build/icyphy/ptII/lib/saxon8.jar:/home/travis/build/icyphy/ptII/lib/saxon8-dom.jar:/home/travis/build/icyphy/ptII/lib/chic.jar:/home/travis/build/icyphy/ptII/lib/ptcolt.jar:/usr/lib/jvm/java-8-oracle/lib/tools.jar:/usr/lib/eclipse/plugins/org.eclipse.jdt.core_3.8.2.dist.jar:/usr/lib/eclipse/plugins/org.eclipse.core.runtime_3.8.0.dist.jar:/usr/lib/eclipse/plugins/org.eclipse.osgi_3.8.1.dist.jar:/usr/lib/eclipse/plugins/org.eclipse.core.resources_3.8.1.dist.jar:/usr/lib/eclipse/plugins/org.eclipse.equinox.common_3.6.100.dist.jar:/usr/lib/eclipse/plugins/org.eclipse.core.jobs_3.5.200.dist.jar:/usr/lib/eclipse/plugins/org.eclipse.core.contenttype_3.4.200.dist.jar:/usr/lib/eclipse/plugins/org.eclipse.equinox.preferences_3.5.0.dist.jar:/usr/lib/eclipse/plugins/org.eclipse.text_3.5.200.dist.jar:/usr/lib/eclipse/plugins/org.eclipse.ui.workbench_3.8.1.dist.jar:/usr/lib/eclipse/plugins/org.eclipse.jface_3.8.0.dist.jar:/usr/lib/eclipse/plugins/org.eclipse.swt_3.8.2.jar:/usr/lib/eclipse/plugins/org.eclipse.jface.text_3.8.1.dist.jar:/usr/lib/eclipse/plugins/org.eclipse.ui.workbench.texteditor_3.8.0.dist.jar:/usr/lib/eclipse/plugins/org.eclipse.ui.editors_3.8.0.dist.jar:/usr/lib/eclipse/plugins/org.eclipse.core.commands_3.6.1.dist.jar:/usr/lib/eclipse/plugins/org.eclipse.equinox.registry_3.5.200.dist.jar:/usr/lib/eclipse/plugins/org.eclipse.ui.console_3.5.100.dist.jar:/usr/lib/eclipse/plugins/org.eclipse.ui.forms_3.5.200.dist.jar:/usr/lib/eclipse/plugins/org.eclipse.ui.ide_3.8.1.dist.jar:/home/travis/build/icyphy/ptII/vendors/oracle/dbxml.jar:/home/travis/build/icyphy/ptII/vendors/oracle/db.jar:/home/travis/build/icyphy/ptII/vendors/misc/itext/iText.jar:/home/travis/build/icyphy/ptII/lib/g4ltl.jar:/home/travis/build/icyphy/ptII/lib/StructuralCoder.jar:/home/travis/build/icyphy/ptII/lib/org-openide-util.jar:/home/travis/build/icyphy/ptII/lib/org-openide-util-lookup.jar:/home/travis/build/icyphy/ptII/lib/org-netbeans-api-visual.jar:/home/travis/build/icyphy/ptII/vendors/jai-1_1_2_01/lib/jai_core.jar:/home/travis/build/icyphy/ptII/vendors/jai-1_1_2_01/lib/jai_codec.jar:/home/travis/build/icyphy/ptII/lib/jcerti.jar:/home/travis/build/icyphy/ptII/lib/smack.jar:/home/travis/build/icyphy/ptII/lib/smackx.jar:/home/travis/build/icyphy/ptII/lib/jetty-all-8.1.5-v20120716.jar:/home/travis/build/icyphy/ptII/lib/javax.servlet-api-3.0.1.jar:/home/travis/build/icyphy/ptII/lib/javax.mail.jar:/home/travis/build/icyphy/ptII/vendors/JMF-2.1.1e/lib/jmf.jar:/home/travis/build/icyphy/ptII/lib/jna-4.0.0-variadic.jar:/home/travis/build/icyphy/ptII/vendors/misc/joystick/Joystick.jar:/home/travis/build/icyphy/ptII/lib/ptjacl.jar:/home/travis/build/icyphy/ptII/lib/jsoup-1.8.2.jar:/home/travis/build/icyphy/ptII/lib/junit-4.8.2.jar:/home/travis/build/icyphy/ptII/lib/JUnitParams-0.4.0.jar:/home/travis/build/icyphy/ptII/ptolemy/actor/lib/excel/jxl.jar:/home/travis/build/icyphy/ptII/lib/jython.jar:/home/travis/build/icyphy/ptII/lib/kieler.jar:/home/travis/build/icyphy/ptII/vendors/opencv/share/OpenCV/java/opencv-341.jar:/home/travis/build/icyphy/ptII/lib/oscP5.jar:/home/travis/build/icyphy/ptII/lib/nrjavaserial-3.11.0.devel.jar:/home/travis/build/icyphy/ptII/vendors/j3d/lib/j3dcore.jar:/home/travis/build/icyphy/ptII/vendors/j3d/lib/j3dutils.jar:/home/travis/build/icyphy/ptII/vendors/j3d/lib/vecmath.jar:/home/travis/build/icyphy/ptII/ptolemy/distributed/jini/jar/jini-core.jar:/home/travis/build/icyphy/ptII/ptolemy/distributed/jini/jar/jini-ext.jar:/home/travis/build/icyphy/ptII/ptolemy/distributed/jini/jar/sun-util.jar:/home/travis/build/icyphy/ptII/lib/protobuf-java-2.4.1.jar:/home/travis/build/icyphy/ptII/lib/org.eclipse.paho.client.mqttv3.jar:/home/travis/build/icyphy/ptII/ptserver/lib/hessian-4.0.7.jar:/home/travis/build/icyphy/ptII/ptserver/lib/wmqtt.jar:/home/travis/build/icyphy/ptII/lib/mapss.jar:/home/travis/build/icyphy/ptII/ptolemy/actor/ptalon/antlr/antlr.jar:/home/travis/build/icyphy/ptII/lib/JRI.jar:/home/travis/build/icyphy/ptII/lib/commons-lang-2.6.jar:/home/travis/build/icyphy/ptII/lib/commons-logging-1.1.1.jar:/home/travis/build/icyphy/ptII/lib/sootclasses.jar:/home/travis/build/icyphy/ptII/ptolemy/actor/lib/database/mysql-connector-java-5.1.6-bin.jar:/home/travis/build/icyphy/ptII/vendors/misc/sphinx4/sphinx4-data-5prealpha.jar:/home/travis/build/icyphy/ptII/vendors/misc/sphinx4/sphinx4-core-5prealpha.jar:/home/travis/build/icyphy/ptII/lib/PDFRenderer.jar:/home/travis/build/icyphy/ptII/lib/svgSalamander.jar:/home/travis/build/icyphy/ptII/lib/rsyntaxtextarea-2.6.0-SNAPSHOT.jar:/home/travis/build/icyphy/ptII/lib/hazelcast-3.8.2.jar:/home/travis/build/icyphy/ptII/lib/jackson-annotations-2.9.0.jar:/home/travis/build/icyphy/ptII/lib/jackson-core-2.9.3.jar:/home/travis/build/icyphy/ptII/lib/jackson-databind-2.9.3.jar:/home/travis/build/icyphy/ptII/lib/netty-buffer-4.1.19.Final.jar:/home/travis/build/icyphy/ptII/lib/netty-codec-4.1.19.Final.jar:/home/travis/build/icyphy/ptII/lib/netty-codec-dns-4.1.19.Final.jar:/home/travis/build/icyphy/ptII/lib/netty-codec-http-4.1.19.Final.jar:/home/travis/build/icyphy/ptII/lib/netty-codec-http2-4.1.19.Final.jar:/home/travis/build/icyphy/ptII/lib/netty-common-4.1.19.Final.jar:/home/travis/build/icyphy/ptII/lib/netty-handler-4.1.19.Final.jar:/home/travis/build/icyphy/ptII/lib/netty-resolver-4.1.19.Final.jar:/home/travis/build/icyphy/ptII/lib/netty-resolver-dns-4.1.19.Final.jar:/home/travis/build/icyphy/ptII/lib/netty-transport-4.1.19.Final.jar:/home/travis/build/icyphy/ptII/lib/vertx-codegen-3.5.1.jar:/home/travis/build/icyphy/ptII/lib/vertx-core-3.5.2-SNAPSHOT.jar:/home/travis/build/icyphy/ptII/lib/vertx-hazelcast-3.5.1.jar:/home/travis/build/icyphy/ptII/lib/vertx-lang-js-3.5.1.jar:/home/travis/build/icyphy/ptII/lib/vertx-service-proxy-3.5.1.jar:/home/travis/build/icyphy/ptII/lib/vertx-web-3.5.1.jar:/home/travis/build/icyphy/ptII/lib/slf4j-api-1.7.13.jar:/home/travis/build/icyphy/ptII/lib/slf4j-simple-1.7.13.jar:/home/travis/build/icyphy/ptII/lib/webcam-capture-0.3.12.jar:/home/travis/build/icyphy/ptII/lib/bridj-0.7.0.jar:/home/travis/build/icyphy/ptII/lib/xbjlib-1.1.0.nrjavaserial.jar" />
    <property name="test.batch" value="**/junit/*.java" />
    <property name="env._" value="/usr/bin/timeout" />
    <property name="java.io.tmpdir" value="/tmp" />
    <property name="env.TRAVIS_INTERNAL_RUBY_REGEX" value="^ruby-(2\.[0-4]\.[0-9]|1\.9\.3)" />
    <property name="user.language" value="en" />
    <property name="env.HISTCONTROL" value="ignoredups:ignorespace" />
    <property name="env.GOROOT" value="/home/travis/.gimme/versions/go1.7.4.linux.amd64" />
    <property name="line.separator" value="&#xa;" />
    <property name="target" value="1.8" />
    <property name="env.TRAVIS_BUILD_DIR" value="/home/travis/build/icyphy/ptII" />
    <property name="env.ANT_OPTS" value="-Xmx2048m" />
    <property name="ant.file.type" value="file" />
    <property name="ptolemy.ptII.batchMode" value="true" />
    <property name="env.HISTSIZE" value="1000" />
    <property name="env.MERB_ENV" value="test" />
    <property name="java.vm.info" value="mixed mode" />
    <property name="source" value="1.8" />
    <property name="java.vm.specification.name" value="Java Virtual Machine Specification" />
    <property name="env.TRAVIS_TEST_RESULT" value="0" />
    <property name="jsdoc.command" value="node_modules/@terraswarm/jsdoc/jsdoc.js" />
    <property name="npm.works" value="true" />
    <property name="cobertura.dir" value="/home/travis/build/icyphy/ptII/vendors/cobertura-2.0.3" />
    <property name="env.rvm_path" value="/home/travis/.rvm" />
    <property name="env.GEM_PATH" value="/home/travis/.rvm/gems/ruby-2.4.1:/home/travis/.rvm/gems/ruby-2.4.1@global" />
    <property name="env.LC_CTYPE" value="en_US.UTF-8" />
    <property name="java.awt.printerjob" value="sun.print.PSPrinterJob" />
    <property name="env.TRAVIS_CMD" value="$PTII/bin/ptIITravisBuild.sh $SECONDS" />
    <property name="env.TRAVIS_STACK_NAME" value="garnet" />
    <property name="env.TRAVIS_TIMER_START_TIME" value="1542249479524303315" />
    <property name="ant.version" value="Apache Ant(TM) version 1.10.1 compiled on February 2 2017" />
    <property name="ptII.reports" value="/home/travis/build/icyphy/ptII/reports" />
    <property name="env.TRAVIS_STACK_TIMESTAMP" value="2017-12-05 19:33:09 UTC" />
    <property name="ant.file.type.ptII" value="file" />
    <property name="env.RBENV_SHELL" value="bash" />
    <property name="os.name" value="Linux" />
    <property name="java.specification.vendor" value="Oracle Corporation" />
    <property name="env.rvm_version" value="1.29.3 (latest)" />
    <property name="env.TRAVIS_INFRA" value="gce" />
    <property name="env.TERM" value="xterm" />
    <property name="java.vm.name" value="Java HotSpot(TM) 64-Bit Server VM" />
    <property name="env.TRAVIS_BUILD_NUMBER" value="820" />
    <property name="env.CI" value="true" />
    <property name="java.library.path" value="/home/travis/pthla/certi-tools/lib:/usr/lib/jni:/usr/local/share/OpenCV/java/:/usr/share/OpenCV/java::/usr/java/packages/lib/amd64:/usr/lib64:/lib64:/lib:/usr/lib" />
    <property name="env.rvm_prefix" value="/home/travis" />
    <property name="env.PATH" value="/home/travis/pthla/certi-tools/share/scripts:/home/travis/.rvm/gems/ruby-2.4.1/bin:/home/travis/.rvm/gems/ruby-2.4.1@global/bin:/home/travis/.rvm/rubies/ruby-2.4.1/bin:/home/travis/.rvm/bin:/home/travis/.nvm/versions/node/v7.10.1/bin:./node_modules/.bin:/home/travis/build/icyphy/ptII/bin:/home/travis/pthla/certi-tools/bin:/home/travis/bin:/home/travis/.local/bin:/opt/pyenv/shims:/home/travis/.phpenv/shims:/home/travis/perl5/perlbrew/bin:/home/travis/.kiex/elixirs/elixir-1.4.5/bin:/home/travis/.kiex/bin:/home/travis/gopath/bin:/home/travis/.gimme/versions/go1.7.4.linux.amd64/bin:/usr/local/phantomjs/bin:/usr/local/phantomjs:/usr/local/neo4j-3.2.7/bin:/usr/local/maven-3.5.2/bin:/usr/local/cmake-3.9.2/bin:/usr/local/clang-5.0.0/bin:/usr/local/sbin:/usr/local/bin:/usr/sbin:/usr/bin:/sbin:/bin:/home/travis/.phpenv/bin:/opt/pyenv/bin:/home/travis/.yarn/bin" />
    <property name="env.TRAVIS_OS_NAME" value="linux" />
    <property name="ant.java.version" value="1.8" />
    <property name="basedir" value="/home/travis/build/icyphy/ptII" />
    <property name="java.class.version" value="52.0" />
    <property name="env.SHLVL" value="3" />
    <property name="env.LD_LIBRARY_PATH" value="/home/travis/pthla/certi-tools/lib:/usr/lib/jni:/usr/local/share/OpenCV/java/:/usr/share/OpenCV/java:" />
    <property name="env.RACK_ENV" value="test" />
    <property name="ant.home" value="/home/travis/build/icyphy/ptII/ant" />
    <property name="env.NVM_DIR" value="/home/travis/.nvm" />
    <property name="env.PERLBREW_BASHRC_VERSION" value="0.80" />
    <property name="env.CERTI_FOM_PATH" value="/home/travis/pthla/certi-tools/share/federations" />
    <property name="env.TRAVIS_BUILD_ID" value="455302836" />
    <property name="env.PYENV_ROOT" value="/opt/pyenv" />
    <property name="env.TRAVIS_UID" value="2000" />
    <property name="env.rvm_pretty_print_flag" value="auto" />
    <property name="env.NVM_BIN" value="/home/travis/.nvm/versions/node/v7.10.1/bin" />
    <property name="env.TRAVIS_COMMIT" value="1c5d1a3af4925012af4277c1845585069763f502" />
    <property name="env._system_arch" value="x86_64" />
    <property name="node.executable" value="node" />
    <property name="sun.boot.library.path" value="/usr/lib/jvm/java-8-oracle/jre/lib/amd64" />
    <property name="sun.management.compiler" value="HotSpot 64-Bit Tiered Compilers" />
    <property name="java.awt.graphicsenv" value="sun.awt.X11GraphicsEnvironment" />
    <property name="env.GOPATH" value="/home/travis/gopath" />
    <property name="ptolemy.ptII.dir" value="/home/travis/build/icyphy/ptII" />
    <property name="env.USER" value="travis" />
    <property name="env.HISTFILESIZE" value="2000" />
    <property name="timeout.longest" value="19000000" />
    <property name="env.TRAVIS_STACK_FEATURES" value="basic cassandra chromium couchdb disabled-ipv6 docker docker-compose elasticsearch firefox go-toolchain google-chrome jdk memcached mongodb mysql neo4j nodejs_interpreter perl_interpreter perlbrew phantomjs postgresql python_interpreter rabbitmq redis riak ruby_interpreter sqlite xserver" />
    <property name="env.TRAVIS_PULL_REQUEST" value="false" />
    <property name="env.PYENV_SHELL" value="bash" />
    <property name="ant.project.name" value="ptII" />
    <property name="java.vm.specification.version" value="1.8" />
    <property name="env.ANSI_RESET" value="\033[0m" />
    <property name="env.TRAVIS_DIST" value="trusty" />
    <property name="env.CERTI_VERSION" value="4.0.0" />
    <property name="env.NLSPATH" value="/usr/dt/lib/nls/msg/%L/%N.cat" />
    <property name="awt.toolkit" value="sun.awt.X11.XToolkit" />
    <property name="env.CERTI_HOST" value="localhost" />
    <property name="env.MY_RUBY_HOME" value="/home/travis/.rvm/rubies/ruby-2.4.1" />
    <property name="sun.cpu.isalist" value="" />
    <property name="env.TRAVIS_TMPDIR" value="/tmp/tmp.vOqTKHJra1" />
    <property name="java.ext.dirs" value="/usr/lib/jvm/java-8-oracle/jre/lib/ext:/usr/java/packages/lib/ext" />
    <property name="os.version" value="4.4.0-101-generic" />
    <property name="user.home" value="/home/travis" />
    <property name="env.MIX_ARCHIVES" value="/home/travis/.kiex/mix/elixir-1.4.5" />
    <property name="java.vm.vendor" value="Oracle Corporation" />
    <property name="env.TRAVIS_TAG" value="nightly" />
    <property name="env.ANSI_YELLOW" value="\033[33;1m" />
    <property name="env.TRAVIS_FILTERED" value="redirect_io" />
    <property name="env.ANSI_GREEN" value="\033[32;1m" />
    <property name="env.JAVA_HOME" value="/usr/lib/jvm/java-8-oracle" />
    <property name="javadoc.excludepackagenames" value="adm.cvs2svn.*,build.*,config.*,doc.coding.templates.*,jni.test.jni.meaningOfLife.*,jni.test.jni.testDeux.*,jni.test.jni.testTrois.*,org.terraswarm.accessor.accessors.web.node_modules.*,org.terraswarm.accessor.accessors.web.hosts.cordova.demo.*,org.terraswarm.accessor.accessors.web.hosts.cordova.plugins.*,org.terraswarm.accessor.accessors-svn.*,pt-modules.*,ptolemy.apps.agilent.*,ptolemy.apps.anytimecontrol.*,ptolemy.apps.apes.*,ptolemy.apps.charon.*,ptolemy.apps.crazyboard.*,ptolemy.apps.eclipse.*,ptolemy.apps.etherealSting.*,ptolemy.apps.fullscreen.*,ptolemy.apps.giotto.*,ptolemy.apps.ia.*,ptolemy.apps.interfaces.*,ptolemy.apps.jmf.*,ptolemy.apps.kurt.*,ptolemy.apps.kvm.*,ptolemy.apps.lego.*,ptolemy.apps.lejos.*,ptolemy.apps.midp.*,ptolemy.apps.mobileCoding.*,ptolemy.apps.pendulum.*,ptolemy.apps.rijndael.*,ptolemy.apps.robot.*,ptolemy.apps.security.*,ptolemy.apps.sobel.*,ptolemy.apps.soot.*,ptolemy.apps.throttle.*,ptolemy.apps.tini.*,ptolemy.apps.transmission.*,ptolemy.apps.vergil.*,ptolemy.apps.waba.*,ptolemy.apps.websensor.*,ptolemy.apps.webstart.*,ptolemy.apps.xsl.*,ptolemy.apps.zaurus.*,ptolemy.backtrack.eclipse.plugin.*,ptolemy.backtrack.test.*,ptolemy.codegen.c.actor.lib.oldJavaFiles.*,ptolemy.codegen.dsp.lib.*,ptolemy.codegen.kernel.newInterfaces.*,ptolemy.codegen.lib.*,ptolemy.copernicus.kernel.fragment.*,ptolemy.copernicus.shallow.cg.*,ptolemy.domains.giotto.demo.Hierarchy.Hierarchy.*,ptolemy.domains.giotto.demo.Multimode.Multimode.*,ptolemy.domains.giotto.demo.Simple.Simple.*,ptolemy.domains.gr.lib.experimental.*,ptolemy.domains.gro.*,ptolemy.domains.pdf.*,ptolemy.domains.ptinyos.demo.Surge.output.*,ptolemy.moml.test.NoPackageActor.java*,ptolemy.plot.adm.*,ptolemy.plot.servlet.*,reports.*,signed.*,src.*,target.*,vendors.*,ptolemy.cg.adapter.generic.program.procedural.c.mbed*,ptolemy.actor.lib.fmi.fmus.omc*,ptolemy.domains.openmodelica*,ptdb.kernel.bl.save.test.*,ptdb.kernel.bl.load.test.*,ptdb.kernel.bl.search.test.*,ptdb.kernel.bl.migration.test.*,ptdb.kernel.database.test.*,ptdb.test.*,ptdb.gui.test.*,org.ptolemy.scala.*,diva.util.java2d.svg.*,ptolemy.domains.ptinyos.*,ptolemy.actor.lib.fmi.fmipp.*,,org.terraswarm.accessor.accessors.web.node_modules.*,org.terraswarm.accessor.accessors-svn,ptolemy.apps.*,ptolemy.actor.ptalon.demo.ptinyos.SendAndReceiveCnt.output,ptolemy.actor.ptalon.demo.ptinyos.SenseToLeds.output,ptolemy.domains.ptinyos.demo.CntToLedsAndRfm.output,ptolemy.domains.ptinyos.demo.RfmToLeds.output,ptolemy.domains.ptinyos.demo.SendAndReceiveCnt.output,ptolemy.domains.ptinyos.demo.SenseToLeds.output,ptolemy.actor.lib.jjs.modules.udpSocket.*" />
    <property name="env.PTII" value="/home/travis/build/icyphy/ptII" />
    <property name="keystore" value="ptKeystore" />
    <property name="env.XDG_SESSION_ID" value="2" />
    <property name="env.TRAVIS_COMMIT_MESSAGE" value="Added demo for the SemanticYelpSearch accessor illustrating how its results can be used to find local businesses with more than 4 stars which have been found in the last 30 seconds by the accessor" />
    <property name="junit.output.dir" value="/home/travis/build/icyphy/ptII/reports/junit" />
    <property name="npm.return.code" value="0" />
    <property name="user.dir" value="/home/travis/build/icyphy/ptII/ptolemy/domains/de/test" />
    <property name="env.XFILESEARCHPATH" value="/usr/dt/app-defaults/%L/Dt" />
    <property name="env.TRAVIS_NODE_VERSION" value="7" />
    <property name="env.MAIL" value="/var/mail/travis" />
    <property name="env.TRAVIS_EVENT_TYPE" value="cron" />
    <property name="env.PERLBREW_ROOT" value="/home/travis/perl5/perlbrew" />
    <property name="env.PWD" value="/home/travis/build/icyphy/ptII" />
    <property name="timeout.npm" value="45000" />
    <property name="env.PT_TRAVIS_TEST_CORE2_XML" value="true" />
    <property name="env.TRAVIS_ARCH" value="amd64" />
    <property name="sun.cpu.endian" value="little" />
    <property name="env.PAGER" value="cat" />
    <property name="env.TRAVIS_BUILD_STAGE_NAME" value="Test" />
    <property name="env.PERLBREW_HOME" value="/home/travis/.perlbrew" />
    <property name="java.vm.version" value="25.151-b12" />
    <property name="env.RAILS_ENV" value="test" />
    <property name="java.class.path" value="/home/travis/build/icyphy/ptII:/home/travis/build/icyphy/ptII/lib/bsh-2.0b4.jar:/home/travis/build/icyphy/ptII/lib/ptCal.jar:/home/travis/build/icyphy/ptII/lib/java_cup.jar:/home/travis/build/icyphy/ptII/lib/saxon8.jar:/home/travis/build/icyphy/ptII/lib/saxon8-dom.jar:/home/travis/build/icyphy/ptII/lib/chic.jar:/home/travis/build/icyphy/ptII/lib/ptcolt.jar:/usr/lib/jvm/java-8-oracle/lib/tools.jar:/usr/lib/eclipse/plugins/org.eclipse.jdt.core_3.8.2.dist.jar:/usr/lib/eclipse/plugins/org.eclipse.core.runtime_3.8.0.dist.jar:/usr/lib/eclipse/plugins/org.eclipse.osgi_3.8.1.dist.jar:/usr/lib/eclipse/plugins/org.eclipse.core.resources_3.8.1.dist.jar:/usr/lib/eclipse/plugins/org.eclipse.equinox.common_3.6.100.dist.jar:/usr/lib/eclipse/plugins/org.eclipse.core.jobs_3.5.200.dist.jar:/usr/lib/eclipse/plugins/org.eclipse.core.contenttype_3.4.200.dist.jar:/usr/lib/eclipse/plugins/org.eclipse.equinox.preferences_3.5.0.dist.jar:/usr/lib/eclipse/plugins/org.eclipse.text_3.5.200.dist.jar:/usr/lib/eclipse/plugins/org.eclipse.ui.workbench_3.8.1.dist.jar:/usr/lib/eclipse/plugins/org.eclipse.jface_3.8.0.dist.jar:/usr/lib/eclipse/plugins/org.eclipse.swt_3.8.2.jar:/usr/lib/eclipse/plugins/org.eclipse.jface.text_3.8.1.dist.jar:/usr/lib/eclipse/plugins/org.eclipse.ui.workbench.texteditor_3.8.0.dist.jar:/usr/lib/eclipse/plugins/org.eclipse.ui.editors_3.8.0.dist.jar:/usr/lib/eclipse/plugins/org.eclipse.core.commands_3.6.1.dist.jar:/usr/lib/eclipse/plugins/org.eclipse.equinox.registry_3.5.200.dist.jar:/usr/lib/eclipse/plugins/org.eclipse.ui.console_3.5.100.dist.jar:/usr/lib/eclipse/plugins/org.eclipse.ui.forms_3.5.200.dist.jar:/usr/lib/eclipse/plugins/org.eclipse.ui.ide_3.8.1.dist.jar:/home/travis/build/icyphy/ptII/vendors/oracle/dbxml.jar:/home/travis/build/icyphy/ptII/vendors/oracle/db.jar:/home/travis/build/icyphy/ptII/vendors/misc/itext/iText.jar:/home/travis/build/icyphy/ptII/lib/g4ltl.jar:/home/travis/build/icyphy/ptII/lib/StructuralCoder.jar:/home/travis/build/icyphy/ptII/lib/org-openide-util.jar:/home/travis/build/icyphy/ptII/lib/org-openide-util-lookup.jar:/home/travis/build/icyphy/ptII/lib/org-netbeans-api-visual.jar:/home/travis/build/icyphy/ptII/vendors/jai-1_1_2_01/lib/jai_core.jar:/home/travis/build/icyphy/ptII/vendors/jai-1_1_2_01/lib/jai_codec.jar:/home/travis/build/icyphy/ptII/lib/jcerti.jar:/home/travis/build/icyphy/ptII/lib/smack.jar:/home/travis/build/icyphy/ptII/lib/smackx.jar:/home/travis/build/icyphy/ptII/lib/jetty-all-8.1.5-v20120716.jar:/home/travis/build/icyphy/ptII/lib/javax.servlet-api-3.0.1.jar:/home/travis/build/icyphy/ptII/lib/javax.mail.jar:/home/travis/build/icyphy/ptII/vendors/JMF-2.1.1e/lib/jmf.jar:/home/travis/build/icyphy/ptII/lib/jna-4.0.0-variadic.jar:/home/travis/build/icyphy/ptII/vendors/misc/joystick/Joystick.jar:/home/travis/build/icyphy/ptII/lib/ptjacl.jar:/home/travis/build/icyphy/ptII/lib/jsoup-1.8.2.jar:/home/travis/build/icyphy/ptII/lib/junit-4.8.2.jar:/home/travis/build/icyphy/ptII/lib/JUnitParams-0.4.0.jar:/home/travis/build/icyphy/ptII/ptolemy/actor/lib/excel/jxl.jar:/home/travis/build/icyphy/ptII/lib/jython.jar:/home/travis/build/icyphy/ptII/lib/kieler.jar:/home/travis/build/icyphy/ptII/vendors/opencv/share/OpenCV/java/opencv-341.jar:/home/travis/build/icyphy/ptII/lib/oscP5.jar:/home/travis/build/icyphy/ptII/lib/nrjavaserial-3.11.0.devel.jar:/home/travis/build/icyphy/ptII/vendors/j3d/lib/j3dcore.jar:/home/travis/build/icyphy/ptII/vendors/j3d/lib/j3dutils.jar:/home/travis/build/icyphy/ptII/vendors/j3d/lib/vecmath.jar:/home/travis/build/icyphy/ptII/ptolemy/distributed/jini/jar/jini-core.jar:/home/travis/build/icyphy/ptII/ptolemy/distributed/jini/jar/jini-ext.jar:/home/travis/build/icyphy/ptII/ptolemy/distributed/jini/jar/sun-util.jar:/home/travis/build/icyphy/ptII/lib/protobuf-java-2.4.1.jar:/home/travis/build/icyphy/ptII/lib/org.eclipse.paho.client.mqttv3.jar:/home/travis/build/icyphy/ptII/ptserver/lib/hessian-4.0.7.jar:/home/travis/build/icyphy/ptII/ptserver/lib/wmqtt.jar:/home/travis/build/icyphy/ptII/lib/mapss.jar:/home/travis/build/icyphy/ptII/ptolemy/actor/ptalon/antlr/antlr.jar:/home/travis/build/icyphy/ptII/lib/JRI.jar:/home/travis/build/icyphy/ptII/lib/commons-lang-2.6.jar:/home/travis/build/icyphy/ptII/lib/commons-logging-1.1.1.jar:/home/travis/build/icyphy/ptII/lib/sootclasses.jar:/home/travis/build/icyphy/ptII/ptolemy/actor/lib/database/mysql-connector-java-5.1.6-bin.jar:/home/travis/build/icyphy/ptII/vendors/misc/sphinx4/sphinx4-data-5prealpha.jar:/home/travis/build/icyphy/ptII/vendors/misc/sphinx4/sphinx4-core-5prealpha.jar:/home/travis/build/icyphy/ptII/lib/PDFRenderer.jar:/home/travis/build/icyphy/ptII/lib/svgSalamander.jar:/home/travis/build/icyphy/ptII/lib/rsyntaxtextarea-2.6.0-SNAPSHOT.jar:/home/travis/build/icyphy/ptII/lib/hazelcast-3.8.2.jar:/home/travis/build/icyphy/ptII/lib/jackson-annotations-2.9.0.jar:/home/travis/build/icyphy/ptII/lib/jackson-core-2.9.3.jar:/home/travis/build/icyphy/ptII/lib/jackson-databind-2.9.3.jar:/home/travis/build/icyphy/ptII/lib/netty-buffer-4.1.19.Final.jar:/home/travis/build/icyphy/ptII/lib/netty-codec-4.1.19.Final.jar:/home/travis/build/icyphy/ptII/lib/netty-codec-dns-4.1.19.Final.jar:/home/travis/build/icyphy/ptII/lib/netty-codec-http-4.1.19.Final.jar:/home/travis/build/icyphy/ptII/lib/netty-codec-http2-4.1.19.Final.jar:/home/travis/build/icyphy/ptII/lib/netty-common-4.1.19.Final.jar:/home/travis/build/icyphy/ptII/lib/netty-handler-4.1.19.Final.jar:/home/travis/build/icyphy/ptII/lib/netty-resolver-4.1.19.Final.jar:/home/travis/build/icyphy/ptII/lib/netty-resolver-dns-4.1.19.Final.jar:/home/travis/build/icyphy/ptII/lib/netty-transport-4.1.19.Final.jar:/home/travis/build/icyphy/ptII/lib/vertx-codegen-3.5.1.jar:/home/travis/build/icyphy/ptII/lib/vertx-core-3.5.2-SNAPSHOT.jar:/home/travis/build/icyphy/ptII/lib/vertx-hazelcast-3.5.1.jar:/home/travis/build/icyphy/ptII/lib/vertx-lang-js-3.5.1.jar:/home/travis/build/icyphy/ptII/lib/vertx-service-proxy-3.5.1.jar:/home/travis/build/icyphy/ptII/lib/vertx-web-3.5.1.jar:/home/travis/build/icyphy/ptII/lib/slf4j-api-1.7.13.jar:/home/travis/build/icyphy/ptII/lib/slf4j-simple-1.7.13.jar:/home/travis/build/icyphy/ptII/lib/webcam-capture-0.3.12.jar:/home/travis/build/icyphy/ptII/lib/bridj-0.7.0.jar:/home/travis/build/icyphy/ptII/lib/xbjlib-1.1.0.nrjavaserial.jar:/home/travis/build/icyphy/ptII/ptolemy/moml/test:/home/travis/build/icyphy/ptII/ant/lib/ant-launcher.jar:/home/travis/build/icyphy/ptII/ant/lib/ant.jar:/home/travis/build/icyphy/ptII/ant/lib/ant-junit.jar:/home/travis/build/icyphy/ptII/ant/lib/ant-junit4.jar" />
    <property name="ant.library.dir" value="/home/travis/build/icyphy/ptII/ant/lib" />
    <property name="os.arch" value="amd64" />
    <property name="env.TRAVIS_LANGUAGE" value="node_js" />
    <property name="env.CONTINUOUS_INTEGRATION" value="true" />
    <property name="env.TRAVIS_STACK_LANGUAGES" value="__garnet__ c c++ clojure cplusplus cpp default go groovy java node_js php pure_java python ruby scala" />
    <property name="test.name" value="ptolemy.actor.lib.test.junit.JUnitTclTest" />
    <property name="sun.java.launcher" value="SUN_STANDARD" />
    <property name="env.PYTHON_CONFIGURE_OPTS" value="--enable-unicode=ucs4 --with-wide-unicode --enable-shared --enable-ipv6 --enable-loadable-sqlite-extensions --with-computed-gotos" />
    <property name="ant.core.lib" value="/home/travis/build/icyphy/ptII/ant/lib/ant.jar" />
    <property name="java.vm.specification.vendor" value="Oracle Corporation" />
    <property name="env.BCVTB_HOME" value="/home/travis/build/icyphy/ptII/lbnl" />
    <property name="file.separator" value="/" />
    <property name="spotbugs.home" value="/home/travis/build/icyphy/ptII/vendors/spotbugs-3.1.1" />
    <property name="java.runtime.version" value="1.8.0_151-b12" />
    <property name="sun.boot.class.path" value="/usr/lib/jvm/java-8-oracle/jre/lib/resources.jar:/usr/lib/jvm/java-8-oracle/jre/lib/rt.jar:/usr/lib/jvm/java-8-oracle/jre/lib/sunrsasign.jar:/usr/lib/jvm/java-8-oracle/jre/lib/jsse.jar:/usr/lib/jvm/java-8-oracle/jre/lib/jce.jar:/usr/lib/jvm/java-8-oracle/jre/lib/charsets.jar:/usr/lib/jvm/java-8-oracle/jre/lib/jfr.jar:/usr/lib/jvm/java-8-oracle/jre/classes" />
    <property name="env.ANSI_CLEAR" value="\033[0K" />
    <property name="env.HAS_JOSH_K_SEAL_OF_APPROVAL" value="true" />
    <property name="env.XDG_RUNTIME_DIR" value="/run/user/2000" />
    <property name="env.TRAVIS_OSX_IMAGE" value="" />
    <property name="env.TRAVIS_JOB_ID" value="455302845" />
    <property name="env.TRAVIS_BRANCH" value="master" />
    <property name="user.country" value="US" />
    <property name="env.CERTI_HOME_TRAVIS" value="/home/travis/pthla/certi-tools" />
    <property name="env.SHELL" value="/bin/bash" />
    <property name="java.maxmemory.large" value="5000m" />
    <property name="model" value="" />
    <property name="env.CASHER_DIR" value="/home/travis/.casher" />
    <property name="env.NVM_CD_FLAGS" value="" />
    <property name="jshint.executable" value="/home/travis/node_modules/jshint/bin/jshint" />
    <property name="java.vendor" value="Oracle Corporation" />
    <property name="env.JRUBY_OPTS" value=" --client -J-XX:+TieredCompilation -J-XX:TieredStopAtLevel=1 -J-Xss2m -Xcompile.invokedynamic=false" />
    <property name="env.TRAVIS_PRE_CHEF_BOOTSTRAP_TIME" value="2017-12-05T19:32:55" />
    <property name="env.TRAVIS_STACK_JOB_BOARD_REGISTER" value="/.job-board-register.yml" />
    <property name="env.ELIXIR_VERSION" value="1.4.5" />
    <property name="env.ANSI_RED" value="\033[31;1m" />
    <property name="java.specification.version" value="1.8" />
    <property name="env.TRAVIS" value="true" />
    <property name="env.IRBRC" value="/home/travis/.rvm/rubies/ruby-2.4.1/.irbrc" />
    <property name="sun.arch.data.model" value="64" />
  </properties>
  <testcase classname="ptolemy.util.test.junit.TclTests" name="[0] /home/travis/build/icyphy/ptII/ptolemy/domains/de/test/DependencyLoop.tcl (RunTclFile)" time="0.676" />
  <testcase classname="ptolemy.util.test.junit.TclTests" name="[1] /home/travis/build/icyphy/ptII/ptolemy/domains/de/test/RunDETestsAsQSS.tcl (RunTclFile)" time="89.357" />
  <testcase classname="ptolemy.util.test.junit.AutoKnownFailedTests" name="[0] /home/travis/build/icyphy/ptII/ptolemy/domains/de/test/auto/knownFailedTests/DESDFClockTest.xml (RunModel)" time="2.033" />
  <testcase classname="ptolemy.util.test.junit.AutoKnownFailedTests" name="[1] /home/travis/build/icyphy/ptII/ptolemy/domains/de/test/auto/knownFailedTests/DirectFeedback.xml (RunModel)" time="0.02" />
  <testcase classname="ptolemy.util.test.junit.AutoKnownFailedTests" name="[2] /home/travis/build/icyphy/ptII/ptolemy/domains/de/test/auto/knownFailedTests/FSMSource.xml (RunModel)" time="0.021" />
  <testcase classname="ptolemy.util.test.junit.AutoKnownFailedTests" name="[3] /home/travis/build/icyphy/ptII/ptolemy/domains/de/test/auto/knownFailedTests/HierarchicalModel.xml (RunModel)" time="0.038" />
  <testcase classname="ptolemy.util.test.junit.AutoKnownFailedTests" name="[4] /home/travis/build/icyphy/ptII/ptolemy/domains/de/test/auto/knownFailedTests/dependencyLoop.xml (RunModel)" time="0.034" />
  <testcase classname="ptolemy.util.test.junit.AutoKnownFailedTests" name="[5] /home/travis/build/icyphy/ptII/ptolemy/domains/de/test/auto/knownFailedTests/dependencyLoop2.xml (RunModel)" time="0.041" />
  <testcase classname="ptolemy.util.test.junit.AutoNameArchTests" name="[0] ThereAreNoAutoArchTests (RunModel)" time="0.002" />
  <testcase classname="ptolemy.util.test.junit.AutoTests" name="[0] /home/travis/build/icyphy/ptII/ptolemy/domains/de/test/auto/ActorDepthCalculation_actorWithoutPorts.xml (RunModel)" time="0.018" />
  <testcase classname="ptolemy.util.test.junit.AutoTests" name="[1] /home/travis/build/icyphy/ptII/ptolemy/domains/de/test/auto/AssemblyLine.xml (RunModel)" time="0.031" />
  <testcase classname="ptolemy.util.test.junit.AutoTests" name="[2] /home/travis/build/icyphy/ptII/ptolemy/domains/de/test/auto/CQBug1.xml (RunModel)" time="0.017" />
  <testcase classname="ptolemy.util.test.junit.AutoTests" name="[3] /home/travis/build/icyphy/ptII/ptolemy/domains/de/test/auto/CancelFireAt.xml (RunModel)" time="0.011" />
  <testcase classname="ptolemy.util.test.junit.AutoTests" name="[4] /home/travis/build/icyphy/ptII/ptolemy/domains/de/test/auto/CausalityAndComposabilityAnalysis.xml (RunModel)" time="0.012" />
  <testcase classname="ptolemy.util.test.junit.AutoTests" name="[5] /home/travis/build/icyphy/ptII/ptolemy/domains/de/test/auto/CausalityInterface1.xml (RunModel)" time="0.016" />
  <testcase classname="ptolemy.util.test.junit.AutoTests" name="[6] /home/travis/build/icyphy/ptII/ptolemy/domains/de/test/auto/CausalityInterface15.xml (RunModel)" time="0.02" />
  <testcase classname="ptolemy.util.test.junit.AutoTests" name="[7] /home/travis/build/icyphy/ptII/ptolemy/domains/de/test/auto/CausalityInterface2.xml (RunModel)" time="0.015" />
  <testcase classname="ptolemy.util.test.junit.AutoTests" name="[8] /home/travis/build/icyphy/ptII/ptolemy/domains/de/test/auto/CausalityInterface3.xml (RunModel)" time="0.012" />
  <testcase classname="ptolemy.util.test.junit.AutoTests" name="[9] /home/travis/build/icyphy/ptII/ptolemy/domains/de/test/auto/ClockDrift.xml (RunModel)" time="0.05" />
  <testcase classname="ptolemy.util.test.junit.AutoTests" name="[10] /home/travis/build/icyphy/ptII/ptolemy/domains/de/test/auto/ClockDriftAndValueChange.xml (RunModel)" time="0.031" />
  <testcase classname="ptolemy.util.test.junit.AutoTests" name="[11] /home/travis/build/icyphy/ptII/ptolemy/domains/de/test/auto/ClockDriftChange.xml (RunModel)" time="0.035" />
  <testcase classname="ptolemy.util.test.junit.AutoTests" name="[12] /home/travis/build/icyphy/ptII/ptolemy/domains/de/test/auto/ComposableCausalityAnalysis.xml (RunModel)" time="0.02" />
  <testcase classname="ptolemy.util.test.junit.AutoTests" name="[13] /home/travis/build/icyphy/ptII/ptolemy/domains/de/test/auto/DEFixedPointLimitation.xml (RunModel)" time="0.009" />
  <testcase classname="ptolemy.util.test.junit.AutoTests" name="[14] /home/travis/build/icyphy/ptII/ptolemy/domains/de/test/auto/DEScheduleTest.xml (RunModel)" time="0.033" />
  <testcase classname="ptolemy.util.test.junit.AutoTests" name="[15] /home/travis/build/icyphy/ptII/ptolemy/domains/de/test/auto/DEinDEwithStartTimes.xml (RunModel)" time="0.016" />
  <testcase classname="ptolemy.util.test.junit.AutoTests" name="[16] /home/travis/build/icyphy/ptII/ptolemy/domains/de/test/auto/DEinDEwithStartTimes2.xml (RunModel)" time="0.015" />
  <testcase classname="ptolemy.util.test.junit.AutoTests" name="[17] /home/travis/build/icyphy/ptII/ptolemy/domains/de/test/auto/DateDemo.xml (RunModel)" time="0.028" />
  <testcase classname="ptolemy.util.test.junit.AutoTests" name="[18] /home/travis/build/icyphy/ptII/ptolemy/domains/de/test/auto/DateToEvent.xml (RunModel)" time="2.041" />
  <testcase classname="ptolemy.util.test.junit.AutoTests" name="[19] /home/travis/build/icyphy/ptII/ptolemy/domains/de/test/auto/DepthTest1.xml (RunModel)" time="0.022" />
  <testcase classname="ptolemy.util.test.junit.AutoTests" name="[20] /home/travis/build/icyphy/ptII/ptolemy/domains/de/test/auto/DepthTest2.xml (RunModel)" time="0.019" />
  <testcase classname="ptolemy.util.test.junit.AutoTests" name="[21] /home/travis/build/icyphy/ptII/ptolemy/domains/de/test/auto/DepthTest3.xml (RunModel)" time="0.008" />
  <testcase classname="ptolemy.util.test.junit.AutoTests" name="[22] /home/travis/build/icyphy/ptII/ptolemy/domains/de/test/auto/DepthTest4.xml (RunModel)" time="0.013" />
  <testcase classname="ptolemy.util.test.junit.AutoTests" name="[23] /home/travis/build/icyphy/ptII/ptolemy/domains/de/test/auto/DepthTest5.xml (RunModel)" time="0.015" />
  <testcase classname="ptolemy.util.test.junit.AutoTests" name="[24] /home/travis/build/icyphy/ptII/ptolemy/domains/de/test/auto/DepthTest6.xml (RunModel)" time="0.02" />
  <testcase classname="ptolemy.util.test.junit.AutoTests" name="[25] /home/travis/build/icyphy/ptII/ptolemy/domains/de/test/auto/DepthTest7.xml (RunModel)" time="0.013" />
  <testcase classname="ptolemy.util.test.junit.AutoTests" name="[26] /home/travis/build/icyphy/ptII/ptolemy/domains/de/test/auto/EventToDate.xml (RunModel)" time="3.037" />
  <testcase classname="ptolemy.util.test.junit.AutoTests" name="[27] /home/travis/build/icyphy/ptII/ptolemy/domains/de/test/auto/FSM1.xml (RunModel)" time="0.036" />
  <testcase classname="ptolemy.util.test.junit.AutoTests" name="[28] /home/travis/build/icyphy/ptII/ptolemy/domains/de/test/auto/FSM7.xml (RunModel)" time="0.059" />
  <testcase classname="ptolemy.util.test.junit.AutoTests" name="[29] /home/travis/build/icyphy/ptII/ptolemy/domains/de/test/auto/Inspection.xml (RunModel)" time="0.055" />
  <testcase classname="ptolemy.util.test.junit.AutoTests" name="[30] /home/travis/build/icyphy/ptII/ptolemy/domains/de/test/auto/Iteration.xml (RunModel)" time="0.027" />
  <testcase classname="ptolemy.util.test.junit.AutoTests" name="[31] /home/travis/build/icyphy/ptII/ptolemy/domains/de/test/auto/LineFault.xml (RunModel)" time="0.555" />
  <testcase classname="ptolemy.util.test.junit.AutoTests" name="[32] /home/travis/build/icyphy/ptII/ptolemy/domains/de/test/auto/MergeModel1Add.xml (RunModel)" time="0.045" />
  <testcase classname="ptolemy.util.test.junit.AutoTests" name="[33] /home/travis/build/icyphy/ptII/ptolemy/domains/de/test/auto/MergeModel2Add.xml (RunModel)" time="0.042" />
  <testcase classname="ptolemy.util.test.junit.AutoTests" name="[34] /home/travis/build/icyphy/ptII/ptolemy/domains/de/test/auto/MergeModel3Add.xml (RunModel)" time="0.04" />
  <testcase classname="ptolemy.util.test.junit.AutoTests" name="[35] /home/travis/build/icyphy/ptII/ptolemy/domains/de/test/auto/MergeWithoutDiscard.xml (RunModel)" time="0.011" />
  <testcase classname="ptolemy.util.test.junit.AutoTests" name="[36] /home/travis/build/icyphy/ptII/ptolemy/domains/de/test/auto/Modal1.xml (RunModel)" time="0.027" />
  <testcase classname="ptolemy.util.test.junit.AutoTests" name="[37] /home/travis/build/icyphy/ptII/ptolemy/domains/de/test/auto/Modal2.xml (RunModel)" time="0.029" />
  <testcase classname="ptolemy.util.test.junit.AutoTests" name="[38] /home/travis/build/icyphy/ptII/ptolemy/domains/de/test/auto/Modal3.xml (RunModel)" time="0.027" />
  <testcase classname="ptolemy.util.test.junit.AutoTests" name="[39] /home/travis/build/icyphy/ptII/ptolemy/domains/de/test/auto/Modal4.xml (RunModel)" time="0.033" />
  <testcase classname="ptolemy.util.test.junit.AutoTests" name="[40] /home/travis/build/icyphy/ptII/ptolemy/domains/de/test/auto/Modal5.xml (RunModel)" time="0.03" />
  <testcase classname="ptolemy.util.test.junit.AutoTests" name="[41] /home/travis/build/icyphy/ptII/ptolemy/domains/de/test/auto/Modal6.xml (RunModel)" time="0.029" />
  <testcase classname="ptolemy.util.test.junit.AutoTests" name="[42] /home/travis/build/icyphy/ptII/ptolemy/domains/de/test/auto/Modal7.xml (RunModel)" time="0.026" />
  <testcase classname="ptolemy.util.test.junit.AutoTests" name="[43] /home/travis/build/icyphy/ptII/ptolemy/domains/de/test/auto/ModalModel.xml (RunModel)" time="0.139" />
  <testcase classname="ptolemy.util.test.junit.AutoTests" name="[44] /home/travis/build/icyphy/ptII/ptolemy/domains/de/test/auto/ModalSource.xml (RunModel)" time="0.017" />
  <testcase classname="ptolemy.util.test.junit.AutoTests" name="[45] /home/travis/build/icyphy/ptII/ptolemy/domains/de/test/auto/NonInterruptibleTimerZeroDelay.xml (RunModel)" time="0.01" />
  <testcase classname="ptolemy.util.test.junit.AutoTests" name="[46] /home/travis/build/icyphy/ptII/ptolemy/domains/de/test/auto/OpenQueueingNetwork.xml (RunModel)" time="2.21" />
  <testcase classname="ptolemy.util.test.junit.AutoTests" name="[47] /home/travis/build/icyphy/ptII/ptolemy/domains/de/test/auto/OpenQueuingNetwork.xml (RunModel)" time="0.267" />
  <testcase classname="ptolemy.util.test.junit.AutoTests" name="[48] /home/travis/build/icyphy/ptII/ptolemy/domains/de/test/auto/PeriodicSampler.xml (RunModel)" time="0.008" />
  <testcase classname="ptolemy.util.test.junit.AutoTests" name="[49] /home/travis/build/icyphy/ptII/ptolemy/domains/de/test/auto/PersistentIO.xml (RunModel)" time="0.02" />
  <testcase classname="ptolemy.util.test.junit.AutoTests" name="[50] /home/travis/build/icyphy/ptII/ptolemy/domains/de/test/auto/PortParameterResetOnInitialize.xml (RunModel)" time="0.009" />
  <testcase classname="ptolemy.util.test.junit.AutoTests" name="[51] /home/travis/build/icyphy/ptII/ptolemy/domains/de/test/auto/PortParameterUpdates.xml (RunModel)" time="0.017" />
  <testcase classname="ptolemy.util.test.junit.AutoTests" name="[52] /home/travis/build/icyphy/ptII/ptolemy/domains/de/test/auto/QueueAndServer.xml (RunModel)" time="0.021" />
  <testcase classname="ptolemy.util.test.junit.AutoTests" name="[53] /home/travis/build/icyphy/ptII/ptolemy/domains/de/test/auto/Records.xml (RunModel)" time="0.022" />
  <testcase classname="ptolemy.util.test.junit.AutoTests" name="[54] /home/travis/build/icyphy/ptII/ptolemy/domains/de/test/auto/ResetTransitionWithStartTime1.xml (RunModel)" time="0.022" />
  <testcase classname="ptolemy.util.test.junit.AutoTests" name="[55] /home/travis/build/icyphy/ptII/ptolemy/domains/de/test/auto/ResetTransitionWithStartTime2.xml (RunModel)" time="0.018" />
  <testcase classname="ptolemy.util.test.junit.AutoTests" name="[56] /home/travis/build/icyphy/ptII/ptolemy/domains/de/test/auto/ResetTransitionWithStartTime3.xml (RunModel)" time="0.018" />
  <testcase classname="ptolemy.util.test.junit.AutoTests" name="[57] /home/travis/build/icyphy/ptII/ptolemy/domains/de/test/auto/ResetTransitionWithStartTime4.xml (RunModel)" time="0.017" />
  <testcase classname="ptolemy.util.test.junit.AutoTests" name="[58] /home/travis/build/icyphy/ptII/ptolemy/domains/de/test/auto/ResettableTimer1.xml (RunModel)" time="0.011" />
  <testcase classname="ptolemy.util.test.junit.AutoTests" name="[59] /home/travis/build/icyphy/ptII/ptolemy/domains/de/test/auto/ResettableTimer2.xml (RunModel)" time="0.009" />
  <testcase classname="ptolemy.util.test.junit.AutoTests" name="[60] /home/travis/build/icyphy/ptII/ptolemy/domains/de/test/auto/ResettableTimer3.xml (RunModel)" time="0.009" />
  <testcase classname="ptolemy.util.test.junit.AutoTests" name="[61] /home/travis/build/icyphy/ptII/ptolemy/domains/de/test/auto/ResettableTimer4.xml (RunModel)" time="0.018" />
  <testcase classname="ptolemy.util.test.junit.AutoTests" name="[62] /home/travis/build/icyphy/ptII/ptolemy/domains/de/test/auto/ResettableTimer5.xml (RunModel)" time="0.01" />
  <testcase classname="ptolemy.util.test.junit.AutoTests" name="[63] /home/travis/build/icyphy/ptII/ptolemy/domains/de/test/auto/ResettableTimer6.xml (RunModel)" time="0.017" />
  <testcase classname="ptolemy.util.test.junit.AutoTests" name="[64] /home/travis/build/icyphy/ptII/ptolemy/domains/de/test/auto/ServerZeroDelay.xml (RunModel)" time="0.011" />
  <testcase classname="ptolemy.util.test.junit.AutoTests" name="[65] /home/travis/build/icyphy/ptII/ptolemy/domains/de/test/auto/SmartSender.xml (RunModel)" time="3.008" />
  <testcase classname="ptolemy.util.test.junit.AutoTests" name="[66] /home/travis/build/icyphy/ptII/ptolemy/domains/de/test/auto/ThreadedComposite.xml (RunModel)" time="2.026" />
  <testcase classname="ptolemy.util.test.junit.AutoTests" name="[67] /home/travis/build/icyphy/ptII/ptolemy/domains/de/test/auto/Time.xml (RunModel)" time="0.428" />
  <testcase classname="ptolemy.util.test.junit.AutoTests" name="[68] /home/travis/build/icyphy/ptII/ptolemy/domains/de/test/auto/TimeDelayZeroDelay.xml (RunModel)" time="0.012" />
  <testcase classname="ptolemy.util.test.junit.AutoTests" name="[69] /home/travis/build/icyphy/ptII/ptolemy/domains/de/test/auto/TimerZeroDelay.xml (RunModel)" time="0.01" />
  <testcase classname="ptolemy.util.test.junit.AutoTests" name="[70] /home/travis/build/icyphy/ptII/ptolemy/domains/de/test/auto/TimingParadox.xml (RunModel)" time="0.334" />
  <testcase classname="ptolemy.util.test.junit.AutoTests" name="[71] /home/travis/build/icyphy/ptII/ptolemy/domains/de/test/auto/TransferInputs.xml (RunModel)" time="0.017" />
  <testcase classname="ptolemy.util.test.junit.AutoTests" name="[72] /home/travis/build/icyphy/ptII/ptolemy/domains/de/test/auto/TransferOutputs2.xml (RunModel)" time="0.016" />
  <testcase classname="ptolemy.util.test.junit.AutoTests" name="[73] /home/travis/build/icyphy/ptII/ptolemy/domains/de/test/auto/Trilateration.xml (RunModel)" time="11.957" />
  <testcase classname="ptolemy.util.test.junit.AutoTests" name="[74] /home/travis/build/icyphy/ptII/ptolemy/domains/de/test/auto/TwoSigmaDelta.xml (RunModel)" time="1.912" />
  <testcase classname="ptolemy.util.test.junit.AutoTests" name="[75] /home/travis/build/icyphy/ptII/ptolemy/domains/de/test/auto/VariableDelay.xml (RunModel)" time="0.009" />
  <testcase classname="ptolemy.util.test.junit.AutoTests" name="[76] /home/travis/build/icyphy/ptII/ptolemy/domains/de/test/auto/VariableDelay2.xml (RunModel)" time="0.01" />
  <testcase classname="ptolemy.util.test.junit.AutoTests" name="[77] /home/travis/build/icyphy/ptII/ptolemy/domains/de/test/auto/VariableDelayZeroDelay.xml (RunModel)" time="0.011" />
  <testcase classname="ptolemy.util.test.junit.AutoTests" name="[78] /home/travis/build/icyphy/ptII/ptolemy/domains/de/test/auto/VariableDelayZeroDelay2.xml (RunModel)" time="0.01" />
  <testcase classname="ptolemy.util.test.junit.AutoTests" name="[79] /home/travis/build/icyphy/ptII/ptolemy/domains/de/test/auto/deInCt.xml (RunModel)" time="0.016" />
  <testcase classname="ptolemy.util.test.junit.AutoTests" name="[80] /home/travis/build/icyphy/ptII/ptolemy/domains/de/test/auto/deInCt2.xml (RunModel)" time="0.014" />
  <testcase classname="ptolemy.util.test.junit.AutoTests" name="[81] /home/travis/build/icyphy/ptII/ptolemy/domains/de/test/auto/dynamicCausalityInterface1.xml (RunModel)" time="0.018" />
  <testcase classname="ptolemy.util.test.junit.AutoTests" name="[82] /home/travis/build/icyphy/ptII/ptolemy/domains/de/test/auto/fsm_de_test.xml (RunModel)" time="0.028" />
  <testcase classname="ptolemy.util.test.junit.AutoTests" name="[83] /home/travis/build/icyphy/ptII/ptolemy/domains/de/test/auto/functionDependencyReconstruction.xml (RunModel)" time="0.031" />
  <testcase classname="ptolemy.util.test.junit.AutoTests" name="[84] /home/travis/build/icyphy/ptII/ptolemy/domains/de/test/auto/multirate.xml (RunModel)" time="0.016" />
  <testcase classname="ptolemy.util.test.junit.AutoTests" name="[85] /home/travis/build/icyphy/ptII/ptolemy/domains/de/test/auto/multirate2.xml (RunModel)" time="0.015" />
  <testcase classname="ptolemy.util.test.junit.AutoTests" name="[86] /home/travis/build/icyphy/ptII/ptolemy/domains/de/test/auto/realtime.xml (RunModel)" time="10.011" />
  <testcase classname="ptolemy.util.test.junit.AutoTests" name="[87] /home/travis/build/icyphy/ptII/ptolemy/domains/de/test/auto/relationGroup.xml (RunModel)" time="0.009" />
  <testcase classname="ptolemy.util.test.junit.AutoTests" name="[88] /home/travis/build/icyphy/ptII/ptolemy/domains/de/test/auto/relationGroup2.xml (RunModel)" time="0.008" />
  <testcase classname="ptolemy.util.test.junit.AutoTests" name="[89] /home/travis/build/icyphy/ptII/ptolemy/domains/de/test/auto/sortWithOpaquePorts.xml (RunModel)" time="0.008" />
  <testcase classname="ptolemy.util.test.junit.AutoTests" name="[90] /home/travis/build/icyphy/ptII/ptolemy/domains/de/test/auto/transferInputsandOutputs.xml (RunModel)" time="0.016" />
  <testcase classname="ptolemy.util.test.junit.AutoTests" name="[91] /home/travis/build/icyphy/ptII/ptolemy/domains/de/test/auto/triggerType.xml (RunModel)" time="0.008" />
  <system-out><![CDATA[/home/travis/build/icyphy/ptII/ptolemy/domains/de/test/DependencyLoop.tcl
testDefs.tcl: setting time out to 9000 seconds at Thu Nov 15 02:46:52 UTC 2018
15 ms. Memory: 116224K Free: 93480K (80%)
6 ms. Memory: 146944K Free: 135509K (92%)
/home/travis/build/icyphy/ptII/ptolemy/domains/de/test/RunDETestsAsQSS.tcl
Run the DE tests using ptolemy.domains.qss.test.QSSDirectorTest, which extends QSSDirector and prints a message in the constructors.
------------------ testing $PTII/ptolemy/domains/de/test/auto/knownFailedTests/dependencyLoop.xml (Known Failure) 
6 ms. Memory: 146944K Free: 132397K (90%)


==== $PTIIhome/travis/build/icyphy/ptII/ptolemy/domains/de/test/../../../../: Auto Automatic test in file $PTII/ptolemy/domains/de/test/auto/knownFailedTests/dependencyLoop.xml
==== Contents of test case:

	    # FIXME: we should use $relativeFilename here, but it
	    # might have backslashes under Windows, which causes no end
	    # of trouble.
	    createAndExecute $file
	    list {}
	
.... Test generated KNOWN error:
    while executing
ptolemy.kernel.util.IllegalActionException: Found a zero delay loop containing .dependencyLoop.original
  in .dependencyLoop and .dependencyLoop.original
	at ptolemy.actor.util.CausalityInterfaceForComposites._computeOutputPortDepth(CausalityInterfaceForComposites.java:759)
	at ptolemy.actor.util.CausalityInterfaceForComposites._computeInputDepth(CausalityInterfaceForComposites.java:696)
	at ptolemy.actor.util.CausalityInterfaceForComposites._computeOutputPortDepth(CausalityInterfaceForComposites.java:765)
	at ptolemy.actor.util.CausalityInterfaceForComposites._computeInputDepth(CausalityInterfaceForComposites.java:696)
	at ptolemy.actor.util.CausalityInterfaceForComposites._computeOutputPortDepth(CausalityInterfaceForComposites.java:765)
	at ptolemy.actor.util.CausalityInterfaceForComposites._computeInputDepth(CausalityInterfaceForComposites.java:696)
	at ptolemy.actor.util.CausalityInterfaceForComposites._computeActorDepth(CausalityInterfaceForComposites.java:532)
	at ptolemy.actor.util.CausalityInterfaceForComposites.checkForCycles(CausalityInterfaceForComposites.java:96)
	at ptolemy.domains.de.kernel.DEDirector.preinitialize(DEDirector.java:1338)
	at ptolemy.actor.CompositeActor.preinitialize(CompositeActor.java:1828)
	at ptolemy.actor.Manager.preinitializeAndResolveTypes(Manager.java:1040)
	at ptolemy.actor.Manager.initialize(Manager.java:710)
	at ptolemy.actor.Manager.execute(Manager.java:356)
	at ptolemy.actor.Manager.run(Manager.java:1263)
	at ptolemy.actor.Manager$PtolemyRunThread.run(Manager.java:1915)

    while executing
ptolemy.kernel.util.IllegalActionException: Found a zero delay loop containing .dependencyLoop.original
  in .dependencyLoop and .dependencyLoop.original
    while executing
"java::new ptolemy.moml.MoMLSimpleApplication $file
"
    (procedure "createAndExecute" line 2)
    invoked from within
"createAndExecute $file"
    ("uplevel" body line 5)
    invoked from within
"uplevel $contents_of_test"
------------------ testing $PTII/ptolemy/domains/de/test/auto/knownFailedTests/DESDFClockTest.xml (Known Failure) 
2092 ms. Memory: 146944K Free: 116641K (79%)


==== $PTIIhome/travis/build/icyphy/ptII/ptolemy/domains/de/test/../../../../: Auto Automatic test in file $PTII/ptolemy/domains/de/test/auto/knownFailedTests/DESDFClockTest.xml
==== Contents of test case:

	    # FIXME: we should use $relativeFilename here, but it
	    # might have backslashes under Windows, which causes no end
	    # of trouble.
	    createAndExecute $file
	    list {}
	
.... Test generated KNOWN error:
    while executing
ptolemy.kernel.util.IllegalActionException: Actor is not ready to fire.  Perhaps UpSample.prefire() returned false? Try debugging the actor by selecting "Listen to Actor".  Also, for SDF check moml for tokenConsumptionRate on input.
  in .DESDFClockTest.Play Bell.Copy1:SDF Director and .DESDFClockTest.Play Bell.UpSample
	at ptolemy.actor.sched.StaticSchedulingDirector.fire(StaticSchedulingDirector.java:227)
	at ptolemy.domains.sdf.kernel.SDFDirector.fire(SDFDirector.java:500)
	at ptolemy.actor.CompositeActor.fire(CompositeActor.java:455)
	at ptolemy.domains.de.kernel.DEDirector._fire(DEDirector.java:1949)
	at ptolemy.domains.de.kernel.DEDirector.fire(DEDirector.java:502)
	at ptolemy.actor.CompositeActor.fire(CompositeActor.java:455)
	at ptolemy.actor.Manager.iterate(Manager.java:851)
	at ptolemy.actor.Manager.execute(Manager.java:369)
	at ptolemy.actor.Manager.run(Manager.java:1263)
	at ptolemy.actor.Manager$PtolemyRunThread.run(Manager.java:1915)

    while executing
ptolemy.kernel.util.IllegalActionException: Actor is not ready to fire.  Perhaps UpSample.prefire() returned false? Try debugging the actor by selecting "Listen to Actor".  Also, for SDF check moml for tokenConsumptionRate on input.
  in .DESDFClockTest.Play Bell.Copy1:SDF Director and .DESDFClockTest.Play Bell.UpSample
    while executing
"java::new ptolemy.moml.MoMLSimpleApplication $file
"
    (procedure "createAndExecute" line 2)
    invoked from within
"createAndExecute $file"
    ("uplevel" body line 5)
    invoked from within
"uplevel $contents_of_test"
------------------ testing $PTII/ptolemy/domains/de/test/auto/knownFailedTests/FSMSource.xml (Known Failure) 
37 ms. Memory: 146944K Free: 107723K (73%)
!!!! Auto was marked as failing, but now passes
------------------ testing $PTII/ptolemy/domains/de/test/auto/knownFailedTests/dependencyLoop2.xml (Known Failure) 
12 ms. Memory: 146944K Free: 105863K (72%)


==== $PTIIhome/travis/build/icyphy/ptII/ptolemy/domains/de/test/../../../../: Auto Automatic test in file $PTII/ptolemy/domains/de/test/auto/knownFailedTests/dependencyLoop2.xml
==== Contents of test case:

	    # FIXME: we should use $relativeFilename here, but it
	    # might have backslashes under Windows, which causes no end
	    # of trouble.
	    createAndExecute $file
	    list {}
	
.... Test generated KNOWN error:
    while executing
ptolemy.kernel.util.IllegalActionException: Found a zero delay loop containing .dependencyLoop2.original
  in .dependencyLoop2 and .dependencyLoop2.original
	at ptolemy.actor.util.CausalityInterfaceForComposites._computeOutputPortDepth(CausalityInterfaceForComposites.java:759)
	at ptolemy.actor.util.CausalityInterfaceForComposites._computeInputDepth(CausalityInterfaceForComposites.java:696)
	at ptolemy.actor.util.CausalityInterfaceForComposites._computeOutputPortDepth(CausalityInterfaceForComposites.java:765)
	at ptolemy.actor.util.CausalityInterfaceForComposites._computeInputDepth(CausalityInterfaceForComposites.java:696)
	at ptolemy.actor.util.CausalityInterfaceForComposites._computeOutputPortDepth(CausalityInterfaceForComposites.java:765)
	at ptolemy.actor.util.CausalityInterfaceForComposites._computeInputDepth(CausalityInterfaceForComposites.java:696)
	at ptolemy.actor.util.CausalityInterfaceForComposites._computeActorDepth(CausalityInterfaceForComposites.java:532)
	at ptolemy.actor.util.CausalityInterfaceForComposites.checkForCycles(CausalityInterfaceForComposites.java:96)
	at ptolemy.domains.de.kernel.DEDirector.preinitialize(DEDirector.java:1338)
	at ptolemy.actor.CompositeActor.preinitialize(CompositeActor.java:1828)
	at ptolemy.actor.Manager.preinitializeAndResolveTypes(Manager.java:1040)
	at ptolemy.actor.Manager.initialize(Manager.java:710)
	at ptolemy.actor.Manager.execute(Manager.java:356)
	at ptolemy.actor.Manager.run(Manager.java:1263)
	at ptolemy.actor.Manager$PtolemyRunThread.run(Manager.java:1915)

    while executing
ptolemy.kernel.util.IllegalActionException: Found a zero delay loop containing .dependencyLoop2.original
  in .dependencyLoop2 and .dependencyLoop2.original
    while executing
"java::new ptolemy.moml.MoMLSimpleApplication $file
"
    (procedure "createAndExecute" line 2)
    invoked from within
"createAndExecute $file"
    ("uplevel" body line 5)
    invoked from within
"uplevel $contents_of_test"
------------------ testing $PTII/ptolemy/domains/de/test/auto/knownFailedTests/HierarchicalModel.xml (Known Failure) 
5 ms. Memory: 146944K Free: 84398K (57%)


==== $PTIIhome/travis/build/icyphy/ptII/ptolemy/domains/de/test/../../../../: Auto Automatic test in file $PTII/ptolemy/domains/de/test/auto/knownFailedTests/HierarchicalModel.xml
==== Contents of test case:

	    # FIXME: we should use $relativeFilename here, but it
	    # might have backslashes under Windows, which causes no end
	    # of trouble.
	    createAndExecute $file
	    list {}
	
.... Test generated KNOWN error:
    while executing
ptolemy.kernel.util.IllegalActionException: Found a zero delay loop containing .HierarchicalModel.A
  in .HierarchicalModel and .HierarchicalModel.A
	at ptolemy.actor.util.CausalityInterfaceForComposites._computeOutputPortDepth(CausalityInterfaceForComposites.java:759)
	at ptolemy.actor.util.CausalityInterfaceForComposites._computeInputDepth(CausalityInterfaceForComposites.java:696)
	at ptolemy.actor.util.CausalityInterfaceForComposites._computeOutputPortDepth(CausalityInterfaceForComposites.java:765)
	at ptolemy.actor.util.CausalityInterfaceForComposites._computeInputDepth(CausalityInterfaceForComposites.java:696)
	at ptolemy.actor.util.CausalityInterfaceForComposites._computeOutputPortDepth(CausalityInterfaceForComposites.java:765)
	at ptolemy.actor.util.CausalityInterfaceForComposites._computeInputDepth(CausalityInterfaceForComposites.java:696)
	at ptolemy.actor.util.CausalityInterfaceForComposites._computeActorDepth(CausalityInterfaceForComposites.java:532)
	at ptolemy.actor.util.CausalityInterfaceForComposites.checkForCycles(CausalityInterfaceForComposites.java:96)
	at ptolemy.domains.de.kernel.DEDirector.preinitialize(DEDirector.java:1338)
	at ptolemy.actor.CompositeActor.preinitialize(CompositeActor.java:1828)
	at ptolemy.actor.Manager.preinitializeAndResolveTypes(Manager.java:1040)
	at ptolemy.actor.Manager.initialize(Manager.java:710)
	at ptolemy.actor.Manager.execute(Manager.java:356)
	at ptolemy.actor.Manager.run(Manager.java:1263)
	at ptolemy.actor.Manager$PtolemyRunThread.run(Manager.java:1915)

    while executing
ptolemy.kernel.util.IllegalActionException: Found a zero delay loop containing .HierarchicalModel.A
  in .HierarchicalModel and .HierarchicalModel.A
    while executing
"java::new ptolemy.moml.MoMLSimpleApplication $file
"
    (procedure "createAndExecute" line 2)
    invoked from within
"createAndExecute $file"
    ("uplevel" body line 5)
    invoked from within
"uplevel $contents_of_test"
------------------ testing $PTII/ptolemy/domains/de/test/auto/knownFailedTests/DirectFeedback.xml (Known Failure) 
3 ms. Memory: 146944K Free: 141381K (96%)


==== $PTIIhome/travis/build/icyphy/ptII/ptolemy/domains/de/test/../../../../: Auto Automatic test in file $PTII/ptolemy/domains/de/test/auto/knownFailedTests/DirectFeedback.xml
==== Contents of test case:

	    # FIXME: we should use $relativeFilename here, but it
	    # might have backslashes under Windows, which causes no end
	    # of trouble.
	    createAndExecute $file
	    list {}
	
.... Test generated KNOWN error:
    while executing
ptolemy.kernel.util.IllegalActionException: Test fails in iteration 1.
Value was: 1.0. Should have been: 2.0
  in .DirectFeedback.Test
	at ptolemy.actor.lib.Test.fire(Test.java:268)
	at ptolemy.domains.de.kernel.DEDirector._fire(DEDirector.java:1949)
	at ptolemy.domains.de.kernel.DEDirector.fire(DEDirector.java:502)
	at ptolemy.actor.CompositeActor.fire(CompositeActor.java:455)
	at ptolemy.actor.Manager.iterate(Manager.java:851)
	at ptolemy.actor.Manager.execute(Manager.java:369)
	at ptolemy.actor.Manager.run(Manager.java:1263)
	at ptolemy.actor.Manager$PtolemyRunThread.run(Manager.java:1915)

    while executing
ptolemy.kernel.util.IllegalActionException: Test fails in iteration 1.
Value was: 1.0. Should have been: 2.0
  in .DirectFeedback.Test
    while executing
"java::new ptolemy.moml.MoMLSimpleApplication $file
"
    (procedure "createAndExecute" line 2)
    invoked from within
"createAndExecute $file"
    ("uplevel" body line 5)
    invoked from within
"uplevel $contents_of_test"
------------------ testing $PTII/ptolemy/domains/de/test/auto/ActorDepthCalculation_actorWithoutPorts.xml
auto.tcl: Setting watchdog for 200 seconds at Thu Nov 15 02:46:55 UTC 2018
5 ms. Memory: 146944K Free: 132409K (90%)
ptolemy.util.test.WatchDog.cancel(): canceling Thu Nov 15 02:46:55 UTC 2018
auto.tcl: Setting watchdog for 200 seconds at Thu Nov 15 02:46:55 UTC 2018
3 ms. Memory: 146944K Free: 131368K (89%)
ptolemy.util.test.WatchDog.cancel(): canceling Thu Nov 15 02:46:55 UTC 2018
------------------ testing $PTII/ptolemy/domains/de/test/auto/AssemblyLine.xml
auto.tcl: Setting watchdog for 200 seconds at Thu Nov 15 02:46:55 UTC 2018
12 ms. Memory: 208384K Free: 182817K (88%)
ptolemy.util.test.WatchDog.cancel(): canceling Thu Nov 15 02:46:56 UTC 2018
auto.tcl: Setting watchdog for 200 seconds at Thu Nov 15 02:46:56 UTC 2018
12 ms. Memory: 208384K Free: 182817K (88%)
ptolemy.util.test.WatchDog.cancel(): canceling Thu Nov 15 02:46:56 UTC 2018
------------------ testing $PTII/ptolemy/domains/de/test/auto/CQBug1.xml
auto.tcl: Setting watchdog for 200 seconds at Thu Nov 15 02:46:56 UTC 2018
4 ms. Memory: 208384K Free: 197699K (95%)
ptolemy.util.test.WatchDog.cancel(): canceling Thu Nov 15 02:46:56 UTC 2018
auto.tcl: Setting watchdog for 200 seconds at Thu Nov 15 02:46:56 UTC 2018
2 ms. Memory: 208384K Free: 197699K (95%)
ptolemy.util.test.WatchDog.cancel(): canceling Thu Nov 15 02:46:56 UTC 2018
------------------ testing $PTII/ptolemy/domains/de/test/auto/CancelFireAt.xml
auto.tcl: Setting watchdog for 200 seconds at Thu Nov 15 02:46:56 UTC 2018
10 ms. Memory: 208384K Free: 201423K (97%)
ptolemy.util.test.WatchDog.cancel(): canceling Thu Nov 15 02:46:56 UTC 2018
auto.tcl: Setting watchdog for 200 seconds at Thu Nov 15 02:46:56 UTC 2018
3 ms. Memory: 208384K Free: 199319K (96%)
ptolemy.util.test.WatchDog.cancel(): canceling Thu Nov 15 02:46:56 UTC 2018
------------------ testing $PTII/ptolemy/domains/de/test/auto/CausalityAndComposabilityAnalysis.xml
auto.tcl: Setting watchdog for 200 seconds at Thu Nov 15 02:46:56 UTC 2018
15 ms. Memory: 208384K Free: 196475K (94%)
ptolemy.util.test.WatchDog.cancel(): canceling Thu Nov 15 02:46:56 UTC 2018
auto.tcl: Setting watchdog for 200 seconds at Thu Nov 15 02:46:56 UTC 2018
4 ms. Memory: 208384K Free: 196475K (94%)
ptolemy.util.test.WatchDog.cancel(): canceling Thu Nov 15 02:46:56 UTC 2018
------------------ testing $PTII/ptolemy/domains/de/test/auto/CausalityInterface1.xml
auto.tcl: Setting watchdog for 200 seconds at Thu Nov 15 02:46:56 UTC 2018
27 ms. Memory: 208384K Free: 196411K (94%)
ptolemy.util.test.WatchDog.cancel(): canceling Thu Nov 15 02:46:56 UTC 2018
auto.tcl: Setting watchdog for 200 seconds at Thu Nov 15 02:46:56 UTC 2018
6 ms. Memory: 208384K Free: 196411K (94%)
ptolemy.util.test.WatchDog.cancel(): canceling Thu Nov 15 02:46:56 UTC 2018
------------------ testing $PTII/ptolemy/domains/de/test/auto/CausalityInterface15.xml
auto.tcl: Setting watchdog for 200 seconds at Thu Nov 15 02:46:56 UTC 2018
8 ms. Memory: 208384K Free: 196401K (94%)
ptolemy.util.test.WatchDog.cancel(): canceling Thu Nov 15 02:46:56 UTC 2018
auto.tcl: Setting watchdog for 200 seconds at Thu Nov 15 02:46:56 UTC 2018
8 ms. Memory: 208384K Free: 196401K (94%)
ptolemy.util.test.WatchDog.cancel(): canceling Thu Nov 15 02:46:56 UTC 2018
------------------ testing $PTII/ptolemy/domains/de/test/auto/CausalityInterface2.xml
auto.tcl: Setting watchdog for 200 seconds at Thu Nov 15 02:46:56 UTC 2018
5 ms. Memory: 208384K Free: 196385K (94%)
ptolemy.util.test.WatchDog.cancel(): canceling Thu Nov 15 02:46:56 UTC 2018
auto.tcl: Setting watchdog for 200 seconds at Thu Nov 15 02:46:56 UTC 2018
2 ms. Memory: 208384K Free: 196385K (94%)
ptolemy.util.test.WatchDog.cancel(): canceling Thu Nov 15 02:46:56 UTC 2018
------------------ testing $PTII/ptolemy/domains/de/test/auto/CausalityInterface3.xml
auto.tcl: Setting watchdog for 200 seconds at Thu Nov 15 02:46:56 UTC 2018
11 ms. Memory: 208384K Free: 196398K (94%)
ptolemy.util.test.WatchDog.cancel(): canceling Thu Nov 15 02:46:56 UTC 2018
auto.tcl: Setting watchdog for 200 seconds at Thu Nov 15 02:46:56 UTC 2018
8 ms. Memory: 208384K Free: 196398K (94%)
ptolemy.util.test.WatchDog.cancel(): canceling Thu Nov 15 02:46:56 UTC 2018
------------------ testing $PTII/ptolemy/domains/de/test/auto/ClockDrift.xml
auto.tcl: Setting watchdog for 200 seconds at Thu Nov 15 02:46:56 UTC 2018
90 ms. Memory: 208384K Free: 187617K (90%)
ptolemy.util.test.WatchDog.cancel(): canceling Thu Nov 15 02:46:56 UTC 2018
auto.tcl: Setting watchdog for 200 seconds at Thu Nov 15 02:46:56 UTC 2018
49 ms. Memory: 208384K Free: 185513K (89%)
ptolemy.util.test.WatchDog.cancel(): canceling Thu Nov 15 02:46:57 UTC 2018
------------------ testing $PTII/ptolemy/domains/de/test/auto/ClockDriftAndValueChange.xml
auto.tcl: Setting watchdog for 200 seconds at Thu Nov 15 02:46:57 UTC 2018
41 ms. Memory: 208384K Free: 187452K (90%)
ptolemy.util.test.WatchDog.cancel(): canceling Thu Nov 15 02:46:57 UTC 2018
auto.tcl: Setting watchdog for 200 seconds at Thu Nov 15 02:46:57 UTC 2018
35 ms. Memory: 208384K Free: 185348K (89%)
ptolemy.util.test.WatchDog.cancel(): canceling Thu Nov 15 02:46:57 UTC 2018
------------------ testing $PTII/ptolemy/domains/de/test/auto/ClockDriftChange.xml
auto.tcl: Setting watchdog for 200 seconds at Thu Nov 15 02:46:57 UTC 2018
33 ms. Memory: 208384K Free: 190779K (92%)
ptolemy.util.test.WatchDog.cancel(): canceling Thu Nov 15 02:46:57 UTC 2018
auto.tcl: Setting watchdog for 200 seconds at Thu Nov 15 02:46:57 UTC 2018
29 ms. Memory: 208384K Free: 188675K (91%)
ptolemy.util.test.WatchDog.cancel(): canceling Thu Nov 15 02:46:57 UTC 2018
------------------ testing $PTII/ptolemy/domains/de/test/auto/ComposableCausalityAnalysis.xml
auto.tcl: Setting watchdog for 200 seconds at Thu Nov 15 02:46:57 UTC 2018
2 ms. Memory: 208384K Free: 196252K (94%)
ptolemy.util.test.WatchDog.cancel(): canceling Thu Nov 15 02:46:57 UTC 2018
auto.tcl: Setting watchdog for 200 seconds at Thu Nov 15 02:46:57 UTC 2018
2 ms. Memory: 208384K Free: 194148K (93%)
ptolemy.util.test.WatchDog.cancel(): canceling Thu Nov 15 02:46:57 UTC 2018
------------------ testing $PTII/ptolemy/domains/de/test/auto/DEFixedPointLimitation.xml
auto.tcl: Setting watchdog for 200 seconds at Thu Nov 15 02:46:57 UTC 2018
1 ms. Memory: 208384K Free: 196333K (94%)
ptolemy.util.test.WatchDog.cancel(): canceling Thu Nov 15 02:46:57 UTC 2018
auto.tcl: Setting watchdog for 200 seconds at Thu Nov 15 02:46:57 UTC 2018
2 ms. Memory: 208384K Free: 196333K (94%)
ptolemy.util.test.WatchDog.cancel(): canceling Thu Nov 15 02:46:57 UTC 2018
------------------ testing $PTII/ptolemy/domains/de/test/auto/DEScheduleTest.xml
auto.tcl: Setting watchdog for 200 seconds at Thu Nov 15 02:46:57 UTC 2018
3 ms. Memory: 208384K Free: 198473K (95%)
ptolemy.util.test.WatchDog.cancel(): canceling Thu Nov 15 02:46:57 UTC 2018
auto.tcl: Setting watchdog for 200 seconds at Thu Nov 15 02:46:57 UTC 2018
4 ms. Memory: 208384K Free: 196369K (94%)
ptolemy.util.test.WatchDog.cancel(): canceling Thu Nov 15 02:46:57 UTC 2018
------------------ testing $PTII/ptolemy/domains/de/test/auto/DEinDEwithStartTimes.xml
auto.tcl: Setting watchdog for 200 seconds at Thu Nov 15 02:46:57 UTC 2018
10 ms. Memory: 208384K Free: 196338K (94%)
ptolemy.util.test.WatchDog.cancel(): canceling Thu Nov 15 02:46:57 UTC 2018
auto.tcl: Setting watchdog for 200 seconds at Thu Nov 15 02:46:57 UTC 2018
6 ms. Memory: 208384K Free: 194234K (93%)
ptolemy.util.test.WatchDog.cancel(): canceling Thu Nov 15 02:46:57 UTC 2018
------------------ testing $PTII/ptolemy/domains/de/test/auto/DEinDEwithStartTimes2.xml
auto.tcl: Setting watchdog for 200 seconds at Thu Nov 15 02:46:57 UTC 2018
4 ms. Memory: 208384K Free: 196318K (94%)
ptolemy.util.test.WatchDog.cancel(): canceling Thu Nov 15 02:46:57 UTC 2018
auto.tcl: Setting watchdog for 200 seconds at Thu Nov 15 02:46:57 UTC 2018
4 ms. Memory: 208384K Free: 194214K (93%)
ptolemy.util.test.WatchDog.cancel(): canceling Thu Nov 15 02:46:57 UTC 2018
------------------ testing $PTII/ptolemy/domains/de/test/auto/DateDemo.xml
auto.tcl: Setting watchdog for 200 seconds at Thu Nov 15 02:46:57 UTC 2018
17 ms. Memory: 208384K Free: 188735K (91%)
ptolemy.util.test.WatchDog.cancel(): canceling Thu Nov 15 02:46:57 UTC 2018
auto.tcl: Setting watchdog for 200 seconds at Thu Nov 15 02:46:57 UTC 2018
10 ms. Memory: 208384K Free: 186631K (90%)
ptolemy.util.test.WatchDog.cancel(): canceling Thu Nov 15 02:46:57 UTC 2018
------------------ testing $PTII/ptolemy/domains/de/test/auto/DateToEvent.xml
auto.tcl: Setting watchdog for 200 seconds at Thu Nov 15 02:46:57 UTC 2018
2014 ms. Memory: 208384K Free: 183446K (88%)
ptolemy.util.test.WatchDog.cancel(): canceling Thu Nov 15 02:47:00 UTC 2018
auto.tcl: Setting watchdog for 200 seconds at Thu Nov 15 02:47:00 UTC 2018
2004 ms. Memory: 208384K Free: 180988K (87%)
ptolemy.util.test.WatchDog.cancel(): canceling Thu Nov 15 02:47:02 UTC 2018
------------------ testing $PTII/ptolemy/domains/de/test/auto/DepthTest1.xml
auto.tcl: Setting watchdog for 200 seconds at Thu Nov 15 02:47:02 UTC 2018
4 ms. Memory: 208384K Free: 198338K (95%)
ptolemy.util.test.WatchDog.cancel(): canceling Thu Nov 15 02:47:02 UTC 2018
auto.tcl: Setting watchdog for 200 seconds at Thu Nov 15 02:47:02 UTC 2018
5 ms. Memory: 208384K Free: 198338K (95%)
ptolemy.util.test.WatchDog.cancel(): canceling Thu Nov 15 02:47:02 UTC 2018
------------------ testing $PTII/ptolemy/domains/de/test/auto/DepthTest2.xml
auto.tcl: Setting watchdog for 200 seconds at Thu Nov 15 02:47:02 UTC 2018
7 ms. Memory: 208384K Free: 194194K (93%)
ptolemy.util.test.WatchDog.cancel(): canceling Thu Nov 15 02:47:02 UTC 2018
auto.tcl: Setting watchdog for 200 seconds at Thu Nov 15 02:47:02 UTC 2018
2 ms. Memory: 208384K Free: 194194K (93%)
ptolemy.util.test.WatchDog.cancel(): canceling Thu Nov 15 02:47:02 UTC 2018
------------------ testing $PTII/ptolemy/domains/de/test/auto/DepthTest3.xml
auto.tcl: Setting watchdog for 200 seconds at Thu Nov 15 02:47:02 UTC 2018
2 ms. Memory: 208384K Free: 198335K (95%)
ptolemy.util.test.WatchDog.cancel(): canceling Thu Nov 15 02:47:02 UTC 2018
auto.tcl: Setting watchdog for 200 seconds at Thu Nov 15 02:47:02 UTC 2018
1 ms. Memory: 208384K Free: 198335K (95%)
ptolemy.util.test.WatchDog.cancel(): canceling Thu Nov 15 02:47:02 UTC 2018
------------------ testing $PTII/ptolemy/domains/de/test/auto/DepthTest4.xml
auto.tcl: Setting watchdog for 200 seconds at Thu Nov 15 02:47:02 UTC 2018
3 ms. Memory: 208384K Free: 196318K (94%)
ptolemy.util.test.WatchDog.cancel(): canceling Thu Nov 15 02:47:02 UTC 2018
auto.tcl: Setting watchdog for 200 seconds at Thu Nov 15 02:47:02 UTC 2018
2 ms. Memory: 208384K Free: 196318K (94%)
ptolemy.util.test.WatchDog.cancel(): canceling Thu Nov 15 02:47:02 UTC 2018
------------------ testing $PTII/ptolemy/domains/de/test/auto/DepthTest5.xml
auto.tcl: Setting watchdog for 200 seconds at Thu Nov 15 02:47:02 UTC 2018
3 ms. Memory: 208384K Free: 196602K (94%)
ptolemy.util.test.WatchDog.cancel(): canceling Thu Nov 15 02:47:02 UTC 2018
auto.tcl: Setting watchdog for 200 seconds at Thu Nov 15 02:47:02 UTC 2018
3 ms. Memory: 208384K Free: 196602K (94%)
ptolemy.util.test.WatchDog.cancel(): canceling Thu Nov 15 02:47:02 UTC 2018
------------------ testing $PTII/ptolemy/domains/de/test/auto/DepthTest6.xml
auto.tcl: Setting watchdog for 200 seconds at Thu Nov 15 02:47:02 UTC 2018
6 ms. Memory: 208384K Free: 196569K (94%)
ptolemy.util.test.WatchDog.cancel(): canceling Thu Nov 15 02:47:02 UTC 2018
auto.tcl: Setting watchdog for 200 seconds at Thu Nov 15 02:47:02 UTC 2018
3 ms. Memory: 208384K Free: 196232K (94%)
ptolemy.util.test.WatchDog.cancel(): canceling Thu Nov 15 02:47:02 UTC 2018
------------------ testing $PTII/ptolemy/domains/de/test/auto/DepthTest7.xml
auto.tcl: Setting watchdog for 200 seconds at Thu Nov 15 02:47:02 UTC 2018
2 ms. Memory: 208384K Free: 196222K (94%)
ptolemy.util.test.WatchDog.cancel(): canceling Thu Nov 15 02:47:02 UTC 2018
auto.tcl: Setting watchdog for 200 seconds at Thu Nov 15 02:47:02 UTC 2018
2 ms. Memory: 208384K Free: 196222K (94%)
ptolemy.util.test.WatchDog.cancel(): canceling Thu Nov 15 02:47:02 UTC 2018
------------------ testing $PTII/ptolemy/domains/de/test/auto/EventToDate.xml
auto.tcl: Setting watchdog for 200 seconds at Thu Nov 15 02:47:02 UTC 2018
3010 ms. Memory: 208384K Free: 185721K (89%)
ptolemy.util.test.WatchDog.cancel(): canceling Thu Nov 15 02:47:05 UTC 2018
auto.tcl: Setting watchdog for 200 seconds at Thu Nov 15 02:47:05 UTC 2018
3003 ms. Memory: 208384K Free: 185721K (89%)
ptolemy.util.test.WatchDog.cancel(): canceling Thu Nov 15 02:47:08 UTC 2018
------------------ testing $PTII/ptolemy/domains/de/test/auto/FSM1.xml
auto.tcl: Setting watchdog for 200 seconds at Thu Nov 15 02:47:08 UTC 2018
41 ms. Memory: 208384K Free: 189266K (91%)
ptolemy.util.test.WatchDog.cancel(): canceling Thu Nov 15 02:47:08 UTC 2018
auto.tcl: Setting watchdog for 200 seconds at Thu Nov 15 02:47:08 UTC 2018
13 ms. Memory: 208384K Free: 185057K (89%)
ptolemy.util.test.WatchDog.cancel(): canceling Thu Nov 15 02:47:08 UTC 2018
------------------ testing $PTII/ptolemy/domains/de/test/auto/FSM7.xml
auto.tcl: Setting watchdog for 200 seconds at Thu Nov 15 02:47:08 UTC 2018
15 ms. Memory: 208384K Free: 187365K (90%)
ptolemy.util.test.WatchDog.cancel(): canceling Thu Nov 15 02:47:08 UTC 2018
auto.tcl: Setting watchdog for 200 seconds at Thu Nov 15 02:47:08 UTC 2018
13 ms. Memory: 208384K Free: 185261K (89%)
ptolemy.util.test.WatchDog.cancel(): canceling Thu Nov 15 02:47:08 UTC 2018
------------------ testing $PTII/ptolemy/domains/de/test/auto/Inspection.xml
auto.tcl: Setting watchdog for 200 seconds at Thu Nov 15 02:47:09 UTC 2018
37 ms. Memory: 208384K Free: 188918K (91%)
ptolemy.util.test.WatchDog.cancel(): canceling Thu Nov 15 02:47:09 UTC 2018
auto.tcl: Setting watchdog for 200 seconds at Thu Nov 15 02:47:09 UTC 2018
31 ms. Memory: 208384K Free: 186814K (90%)
ptolemy.util.test.WatchDog.cancel(): canceling Thu Nov 15 02:47:09 UTC 2018
------------------ testing $PTII/ptolemy/domains/de/test/auto/Iteration.xml
auto.tcl: Setting watchdog for 200 seconds at Thu Nov 15 02:47:09 UTC 2018
17 ms. Memory: 208384K Free: 196030K (94%)
ptolemy.util.test.WatchDog.cancel(): canceling Thu Nov 15 02:47:09 UTC 2018
auto.tcl: Setting watchdog for 200 seconds at Thu Nov 15 02:47:09 UTC 2018
7 ms. Memory: 208384K Free: 193926K (93%)
ptolemy.util.test.WatchDog.cancel(): canceling Thu Nov 15 02:47:09 UTC 2018
------------------ testing $PTII/ptolemy/domains/de/test/auto/LineFault.xml
auto.tcl: Setting watchdog for 200 seconds at Thu Nov 15 02:47:09 UTC 2018
765 ms. Memory: 208384K Free: 196204K (94%)
ptolemy.util.test.WatchDog.cancel(): canceling Thu Nov 15 02:47:10 UTC 2018
auto.tcl: Setting watchdog for 200 seconds at Thu Nov 15 02:47:10 UTC 2018
609 ms. Memory: 208384K Free: 138756K (67%)
ptolemy.util.test.WatchDog.cancel(): canceling Thu Nov 15 02:47:10 UTC 2018
------------------ testing $PTII/ptolemy/domains/de/test/auto/MergeModel1Add.xml
auto.tcl: Setting watchdog for 200 seconds at Thu Nov 15 02:47:10 UTC 2018
30 ms. Memory: 331264K Free: 298852K (90%)
ptolemy.util.test.WatchDog.cancel(): canceling Thu Nov 15 02:47:11 UTC 2018
auto.tcl: Setting watchdog for 200 seconds at Thu Nov 15 02:47:11 UTC 2018
10 ms. Memory: 331264K Free: 298852K (90%)
ptolemy.util.test.WatchDog.cancel(): canceling Thu Nov 15 02:47:11 UTC 2018
------------------ testing $PTII/ptolemy/domains/de/test/auto/MergeModel2Add.xml
auto.tcl: Setting watchdog for 200 seconds at Thu Nov 15 02:47:11 UTC 2018
14 ms. Memory: 331264K Free: 304138K (92%)
ptolemy.util.test.WatchDog.cancel(): canceling Thu Nov 15 02:47:11 UTC 2018
auto.tcl: Setting watchdog for 200 seconds at Thu Nov 15 02:47:11 UTC 2018
7 ms. Memory: 331264K Free: 300190K (91%)
ptolemy.util.test.WatchDog.cancel(): canceling Thu Nov 15 02:47:11 UTC 2018
------------------ testing $PTII/ptolemy/domains/de/test/auto/MergeModel3Add.xml
auto.tcl: Setting watchdog for 200 seconds at Thu Nov 15 02:47:11 UTC 2018
10 ms. Memory: 331264K Free: 304149K (92%)
ptolemy.util.test.WatchDog.cancel(): canceling Thu Nov 15 02:47:11 UTC 2018
auto.tcl: Setting watchdog for 200 seconds at Thu Nov 15 02:47:11 UTC 2018
10 ms. Memory: 331264K Free: 300201K (91%)
ptolemy.util.test.WatchDog.cancel(): canceling Thu Nov 15 02:47:11 UTC 2018
------------------ testing $PTII/ptolemy/domains/de/test/auto/MergeWithoutDiscard.xml
auto.tcl: Setting watchdog for 200 seconds at Thu Nov 15 02:47:11 UTC 2018
8 ms. Memory: 331264K Free: 319936K (97%)
ptolemy.util.test.WatchDog.cancel(): canceling Thu Nov 15 02:47:11 UTC 2018
auto.tcl: Setting watchdog for 200 seconds at Thu Nov 15 02:47:11 UTC 2018
1 ms. Memory: 331264K Free: 315988K (95%)
ptolemy.util.test.WatchDog.cancel(): canceling Thu Nov 15 02:47:11 UTC 2018
------------------ testing $PTII/ptolemy/domains/de/test/auto/Modal1.xml
auto.tcl: Setting watchdog for 200 seconds at Thu Nov 15 02:47:11 UTC 2018
12 ms. Memory: 331264K Free: 309889K (94%)
ptolemy.util.test.WatchDog.cancel(): canceling Thu Nov 15 02:47:11 UTC 2018
auto.tcl: Setting watchdog for 200 seconds at Thu Nov 15 02:47:11 UTC 2018
12 ms. Memory: 331264K Free: 305941K (92%)
ptolemy.util.test.WatchDog.cancel(): canceling Thu Nov 15 02:47:11 UTC 2018
------------------ testing $PTII/ptolemy/domains/de/test/auto/Modal2.xml
auto.tcl: Setting watchdog for 200 seconds at Thu Nov 15 02:47:11 UTC 2018
15 ms. Memory: 331264K Free: 309755K (94%)
ptolemy.util.test.WatchDog.cancel(): canceling Thu Nov 15 02:47:11 UTC 2018
auto.tcl: Setting watchdog for 200 seconds at Thu Nov 15 02:47:11 UTC 2018
14 ms. Memory: 331264K Free: 305808K (92%)
ptolemy.util.test.WatchDog.cancel(): canceling Thu Nov 15 02:47:11 UTC 2018
------------------ testing $PTII/ptolemy/domains/de/test/auto/Modal3.xml
auto.tcl: Setting watchdog for 200 seconds at Thu Nov 15 02:47:11 UTC 2018
20 ms. Memory: 331264K Free: 305140K (92%)
ptolemy.util.test.WatchDog.cancel(): canceling Thu Nov 15 02:47:11 UTC 2018
auto.tcl: Setting watchdog for 200 seconds at Thu Nov 15 02:47:11 UTC 2018
17 ms. Memory: 331264K Free: 300907K (91%)
ptolemy.util.test.WatchDog.cancel(): canceling Thu Nov 15 02:47:11 UTC 2018
------------------ testing $PTII/ptolemy/domains/de/test/auto/Modal4.xml
auto.tcl: Setting watchdog for 200 seconds at Thu Nov 15 02:47:11 UTC 2018
23 ms. Memory: 331264K Free: 309767K (94%)
ptolemy.util.test.WatchDog.cancel(): canceling Thu Nov 15 02:47:11 UTC 2018
auto.tcl: Setting watchdog for 200 seconds at Thu Nov 15 02:47:11 UTC 2018
13 ms. Memory: 331264K Free: 305820K (92%)
ptolemy.util.test.WatchDog.cancel(): canceling Thu Nov 15 02:47:11 UTC 2018
------------------ testing $PTII/ptolemy/domains/de/test/auto/Modal5.xml
auto.tcl: Setting watchdog for 200 seconds at Thu Nov 15 02:47:11 UTC 2018
15 ms. Memory: 331264K Free: 309754K (94%)
ptolemy.util.test.WatchDog.cancel(): canceling Thu Nov 15 02:47:11 UTC 2018
auto.tcl: Setting watchdog for 200 seconds at Thu Nov 15 02:47:11 UTC 2018
14 ms. Memory: 331264K Free: 305806K (92%)
ptolemy.util.test.WatchDog.cancel(): canceling Thu Nov 15 02:47:11 UTC 2018
------------------ testing $PTII/ptolemy/domains/de/test/auto/Modal6.xml
auto.tcl: Setting watchdog for 200 seconds at Thu Nov 15 02:47:11 UTC 2018
11 ms. Memory: 331264K Free: 309751K (94%)
ptolemy.util.test.WatchDog.cancel(): canceling Thu Nov 15 02:47:12 UTC 2018
auto.tcl: Setting watchdog for 200 seconds at Thu Nov 15 02:47:12 UTC 2018
13 ms. Memory: 331264K Free: 305804K (92%)
ptolemy.util.test.WatchDog.cancel(): canceling Thu Nov 15 02:47:12 UTC 2018
------------------ testing $PTII/ptolemy/domains/de/test/auto/Modal7.xml
auto.tcl: Setting watchdog for 200 seconds at Thu Nov 15 02:47:12 UTC 2018
9 ms. Memory: 331264K Free: 309751K (94%)
ptolemy.util.test.WatchDog.cancel(): canceling Thu Nov 15 02:47:12 UTC 2018
auto.tcl: Setting watchdog for 200 seconds at Thu Nov 15 02:47:12 UTC 2018
10 ms. Memory: 331264K Free: 305804K (92%)
ptolemy.util.test.WatchDog.cancel(): canceling Thu Nov 15 02:47:12 UTC 2018
------------------ testing $PTII/ptolemy/domains/de/test/auto/ModalModel.xml
auto.tcl: Setting watchdog for 200 seconds at Thu Nov 15 02:47:12 UTC 2018
218 ms. Memory: 331264K Free: 246154K (74%)
ptolemy.util.test.WatchDog.cancel(): canceling Thu Nov 15 02:47:12 UTC 2018
auto.tcl: Setting watchdog for 200 seconds at Thu Nov 15 02:47:12 UTC 2018
179 ms. Memory: 331264K Free: 190725K (58%)
ptolemy.util.test.WatchDog.cancel(): canceling Thu Nov 15 02:47:12 UTC 2018
------------------ testing $PTII/ptolemy/domains/de/test/auto/ModalSource.xml
auto.tcl: Setting watchdog for 200 seconds at Thu Nov 15 02:47:12 UTC 2018
9 ms. Memory: 331264K Free: 316520K (96%)
ptolemy.util.test.WatchDog.cancel(): canceling Thu Nov 15 02:47:12 UTC 2018
auto.tcl: Setting watchdog for 200 seconds at Thu Nov 15 02:47:12 UTC 2018
5 ms. Memory: 331264K Free: 312989K (94%)
ptolemy.util.test.WatchDog.cancel(): canceling Thu Nov 15 02:47:12 UTC 2018
------------------ testing $PTII/ptolemy/domains/de/test/auto/NonInterruptibleTimerZeroDelay.xml
auto.tcl: Setting watchdog for 200 seconds at Thu Nov 15 02:47:12 UTC 2018
3 ms. Memory: 331264K Free: 320110K (97%)
ptolemy.util.test.WatchDog.cancel(): canceling Thu Nov 15 02:47:12 UTC 2018
auto.tcl: Setting watchdog for 200 seconds at Thu Nov 15 02:47:12 UTC 2018
2 ms. Memory: 331264K Free: 316579K (96%)
ptolemy.util.test.WatchDog.cancel(): canceling Thu Nov 15 02:47:12 UTC 2018
------------------ testing $PTII/ptolemy/domains/de/test/auto/OpenQueueingNetwork.xml
auto.tcl: Setting watchdog for 200 seconds at Thu Nov 15 02:47:12 UTC 2018
2785 ms. Memory: 573952K Free: 397421K (69%)
ptolemy.util.test.WatchDog.cancel(): canceling Thu Nov 15 02:47:15 UTC 2018
auto.tcl: Setting watchdog for 200 seconds at Thu Nov 15 02:47:15 UTC 2018
2314 ms. Memory: 550912K Free: 310248K (56%)
ptolemy.util.test.WatchDog.cancel(): canceling Thu Nov 15 02:47:18 UTC 2018
------------------ testing $PTII/ptolemy/domains/de/test/auto/OpenQueuingNetwork.xml
auto.tcl: Setting watchdog for 200 seconds at Thu Nov 15 02:47:18 UTC 2018
224 ms. Memory: 549888K Free: 445620K (81%)
ptolemy.util.test.WatchDog.cancel(): canceling Thu Nov 15 02:47:18 UTC 2018
auto.tcl: Setting watchdog for 200 seconds at Thu Nov 15 02:47:18 UTC 2018
213 ms. Memory: 549888K Free: 387209K (70%)
ptolemy.util.test.WatchDog.cancel(): canceling Thu Nov 15 02:47:18 UTC 2018
------------------ testing $PTII/ptolemy/domains/de/test/auto/PeriodicSampler.xml
auto.tcl: Setting watchdog for 200 seconds at Thu Nov 15 02:47:18 UTC 2018
3 ms. Memory: 551936K Free: 531471K (96%)
ptolemy.util.test.WatchDog.cancel(): canceling Thu Nov 15 02:47:18 UTC 2018
auto.tcl: Setting watchdog for 200 seconds at Thu Nov 15 02:47:18 UTC 2018
2 ms. Memory: 551936K Free: 531471K (96%)
ptolemy.util.test.WatchDog.cancel(): canceling Thu Nov 15 02:47:18 UTC 2018
------------------ testing $PTII/ptolemy/domains/de/test/auto/PersistentIO.xml
auto.tcl: Setting watchdog for 200 seconds at Thu Nov 15 02:47:18 UTC 2018
5 ms. Memory: 549376K Free: 524200K (95%)
ptolemy.util.test.WatchDog.cancel(): canceling Thu Nov 15 02:47:18 UTC 2018
auto.tcl: Setting watchdog for 200 seconds at Thu Nov 15 02:47:18 UTC 2018
4 ms. Memory: 549376K Free: 524200K (95%)
ptolemy.util.test.WatchDog.cancel(): canceling Thu Nov 15 02:47:18 UTC 2018
------------------ testing $PTII/ptolemy/domains/de/test/auto/PortParameterResetOnInitialize.xml
auto.tcl: Setting watchdog for 200 seconds at Thu Nov 15 02:47:18 UTC 2018
2 ms. Memory: 551424K Free: 531190K (96%)
ptolemy.util.test.WatchDog.cancel(): canceling Thu Nov 15 02:47:18 UTC 2018
auto.tcl: Setting watchdog for 200 seconds at Thu Nov 15 02:47:18 UTC 2018
1 ms. Memory: 551424K Free: 531190K (96%)
ptolemy.util.test.WatchDog.cancel(): canceling Thu Nov 15 02:47:18 UTC 2018
------------------ testing $PTII/ptolemy/domains/de/test/auto/PortParameterUpdates.xml
auto.tcl: Setting watchdog for 200 seconds at Thu Nov 15 02:47:19 UTC 2018
5 ms. Memory: 549376K Free: 523949K (95%)
ptolemy.util.test.WatchDog.cancel(): canceling Thu Nov 15 02:47:19 UTC 2018
auto.tcl: Setting watchdog for 200 seconds at Thu Nov 15 02:47:19 UTC 2018
3 ms. Memory: 549376K Free: 523949K (95%)
ptolemy.util.test.WatchDog.cancel(): canceling Thu Nov 15 02:47:19 UTC 2018
------------------ testing $PTII/ptolemy/domains/de/test/auto/QueueAndServer.xml
auto.tcl: Setting watchdog for 200 seconds at Thu Nov 15 02:47:19 UTC 2018
14 ms. Memory: 551424K Free: 530641K (96%)
ptolemy.util.test.WatchDog.cancel(): canceling Thu Nov 15 02:47:19 UTC 2018
auto.tcl: Setting watchdog for 200 seconds at Thu Nov 15 02:47:19 UTC 2018
5 ms. Memory: 551424K Free: 530641K (96%)
ptolemy.util.test.WatchDog.cancel(): canceling Thu Nov 15 02:47:19 UTC 2018
------------------ testing $PTII/ptolemy/domains/de/test/auto/Records.xml
auto.tcl: Setting watchdog for 200 seconds at Thu Nov 15 02:47:19 UTC 2018
8 ms. Memory: 549376K Free: 533862K (97%)
ptolemy.util.test.WatchDog.cancel(): canceling Thu Nov 15 02:47:19 UTC 2018
auto.tcl: Setting watchdog for 200 seconds at Thu Nov 15 02:47:19 UTC 2018
2 ms. Memory: 549376K Free: 528551K (96%)
ptolemy.util.test.WatchDog.cancel(): canceling Thu Nov 15 02:47:19 UTC 2018
------------------ testing $PTII/ptolemy/domains/de/test/auto/ResetTransitionWithStartTime1.xml
auto.tcl: Setting watchdog for 200 seconds at Thu Nov 15 02:47:19 UTC 2018
18 ms. Memory: 551424K Free: 530847K (96%)
ptolemy.util.test.WatchDog.cancel(): canceling Thu Nov 15 02:47:19 UTC 2018
auto.tcl: Setting watchdog for 200 seconds at Thu Nov 15 02:47:19 UTC 2018
5 ms. Memory: 551424K Free: 530617K (96%)
ptolemy.util.test.WatchDog.cancel(): canceling Thu Nov 15 02:47:19 UTC 2018
------------------ testing $PTII/ptolemy/domains/de/test/auto/ResetTransitionWithStartTime2.xml
auto.tcl: Setting watchdog for 200 seconds at Thu Nov 15 02:47:19 UTC 2018
4 ms. Memory: 549376K Free: 528790K (96%)
ptolemy.util.test.WatchDog.cancel(): canceling Thu Nov 15 02:47:19 UTC 2018
auto.tcl: Setting watchdog for 200 seconds at Thu Nov 15 02:47:19 UTC 2018
6 ms. Memory: 549376K Free: 528790K (96%)
ptolemy.util.test.WatchDog.cancel(): canceling Thu Nov 15 02:47:19 UTC 2018
------------------ testing $PTII/ptolemy/domains/de/test/auto/ResetTransitionWithStartTime3.xml
auto.tcl: Setting watchdog for 200 seconds at Thu Nov 15 02:47:19 UTC 2018
5 ms. Memory: 550912K Free: 530095K (96%)
ptolemy.util.test.WatchDog.cancel(): canceling Thu Nov 15 02:47:19 UTC 2018
auto.tcl: Setting watchdog for 200 seconds at Thu Nov 15 02:47:19 UTC 2018
6 ms. Memory: 550912K Free: 530095K (96%)
ptolemy.util.test.WatchDog.cancel(): canceling Thu Nov 15 02:47:19 UTC 2018
------------------ testing $PTII/ptolemy/domains/de/test/auto/ResetTransitionWithStartTime4.xml
auto.tcl: Setting watchdog for 200 seconds at Thu Nov 15 02:47:19 UTC 2018
4 ms. Memory: 549376K Free: 528549K (96%)
ptolemy.util.test.WatchDog.cancel(): canceling Thu Nov 15 02:47:19 UTC 2018
auto.tcl: Setting watchdog for 200 seconds at Thu Nov 15 02:47:19 UTC 2018
4 ms. Memory: 549376K Free: 528549K (96%)
ptolemy.util.test.WatchDog.cancel(): canceling Thu Nov 15 02:47:19 UTC 2018
------------------ testing $PTII/ptolemy/domains/de/test/auto/ResettableTimer1.xml
auto.tcl: Setting watchdog for 200 seconds at Thu Nov 15 02:47:19 UTC 2018
7 ms. Memory: 550912K Free: 535406K (97%)
ptolemy.util.test.WatchDog.cancel(): canceling Thu Nov 15 02:47:19 UTC 2018
auto.tcl: Setting watchdog for 200 seconds at Thu Nov 15 02:47:19 UTC 2018
2 ms. Memory: 550912K Free: 535406K (97%)
ptolemy.util.test.WatchDog.cancel(): canceling Thu Nov 15 02:47:19 UTC 2018
------------------ testing $PTII/ptolemy/domains/de/test/auto/ResettableTimer2.xml
auto.tcl: Setting watchdog for 200 seconds at Thu Nov 15 02:47:19 UTC 2018
6 ms. Memory: 549376K Free: 534158K (97%)
ptolemy.util.test.WatchDog.cancel(): canceling Thu Nov 15 02:47:19 UTC 2018
auto.tcl: Setting watchdog for 200 seconds at Thu Nov 15 02:47:19 UTC 2018
2 ms. Memory: 549376K Free: 534158K (97%)
ptolemy.util.test.WatchDog.cancel(): canceling Thu Nov 15 02:47:19 UTC 2018
------------------ testing $PTII/ptolemy/domains/de/test/auto/ResettableTimer3.xml
auto.tcl: Setting watchdog for 200 seconds at Thu Nov 15 02:47:19 UTC 2018
1 ms. Memory: 550912K Free: 535464K (97%)
ptolemy.util.test.WatchDog.cancel(): canceling Thu Nov 15 02:47:19 UTC 2018
auto.tcl: Setting watchdog for 200 seconds at Thu Nov 15 02:47:19 UTC 2018
1 ms. Memory: 550912K Free: 535464K (97%)
ptolemy.util.test.WatchDog.cancel(): canceling Thu Nov 15 02:47:19 UTC 2018
------------------ testing $PTII/ptolemy/domains/de/test/auto/ResettableTimer4.xml
auto.tcl: Setting watchdog for 200 seconds at Thu Nov 15 02:47:19 UTC 2018
1 ms. Memory: 549376K Free: 534170K (97%)
ptolemy.util.test.WatchDog.cancel(): canceling Thu Nov 15 02:47:19 UTC 2018
auto.tcl: Setting watchdog for 200 seconds at Thu Nov 15 02:47:19 UTC 2018
1 ms. Memory: 549376K Free: 534170K (97%)
ptolemy.util.test.WatchDog.cancel(): canceling Thu Nov 15 02:47:19 UTC 2018
------------------ testing $PTII/ptolemy/domains/de/test/auto/ResettableTimer5.xml
auto.tcl: Setting watchdog for 200 seconds at Thu Nov 15 02:47:19 UTC 2018
1 ms. Memory: 550400K Free: 530283K (96%)
ptolemy.util.test.WatchDog.cancel(): canceling Thu Nov 15 02:47:19 UTC 2018
auto.tcl: Setting watchdog for 200 seconds at Thu Nov 15 02:47:19 UTC 2018
2 ms. Memory: 550400K Free: 530283K (96%)
ptolemy.util.test.WatchDog.cancel(): canceling Thu Nov 15 02:47:19 UTC 2018
------------------ testing $PTII/ptolemy/domains/de/test/auto/ResettableTimer6.xml
auto.tcl: Setting watchdog for 200 seconds at Thu Nov 15 02:47:19 UTC 2018
2 ms. Memory: 549376K Free: 533889K (97%)
ptolemy.util.test.WatchDog.cancel(): canceling Thu Nov 15 02:47:19 UTC 2018
auto.tcl: Setting watchdog for 200 seconds at Thu Nov 15 02:47:19 UTC 2018
1 ms. Memory: 549376K Free: 533889K (97%)
ptolemy.util.test.WatchDog.cancel(): canceling Thu Nov 15 02:47:19 UTC 2018
------------------ testing $PTII/ptolemy/domains/de/test/auto/ServerZeroDelay.xml
auto.tcl: Setting watchdog for 200 seconds at Thu Nov 15 02:47:19 UTC 2018
3 ms. Memory: 550400K Free: 535133K (97%)
ptolemy.util.test.WatchDog.cancel(): canceling Thu Nov 15 02:47:19 UTC 2018
auto.tcl: Setting watchdog for 200 seconds at Thu Nov 15 02:47:19 UTC 2018
3 ms. Memory: 550400K Free: 535133K (97%)
ptolemy.util.test.WatchDog.cancel(): canceling Thu Nov 15 02:47:19 UTC 2018
------------------ testing $PTII/ptolemy/domains/de/test/auto/SmartSender.xml
auto.tcl: Setting watchdog for 200 seconds at Thu Nov 15 02:47:20 UTC 2018
3002 ms. Memory: 549376K Free: 534104K (97%)
ptolemy.util.test.WatchDog.cancel(): canceling Thu Nov 15 02:47:23 UTC 2018
auto.tcl: Setting watchdog for 200 seconds at Thu Nov 15 02:47:23 UTC 2018
3001 ms. Memory: 549376K Free: 534104K (97%)
ptolemy.util.test.WatchDog.cancel(): canceling Thu Nov 15 02:47:26 UTC 2018
------------------ testing $PTII/ptolemy/domains/de/test/auto/ThreadedComposite.xml
auto.tcl: Setting watchdog for 200 seconds at Thu Nov 15 02:47:26 UTC 2018
172 ms. Memory: 550400K Free: 510252K (93%)
ptolemy.util.test.WatchDog.cancel(): canceling Thu Nov 15 02:47:26 UTC 2018
auto.tcl: Setting watchdog for 200 seconds at Thu Nov 15 02:47:26 UTC 2018
123 ms. Memory: 550400K Free: 495583K (90%)
ptolemy.util.test.WatchDog.cancel(): canceling Thu Nov 15 02:47:26 UTC 2018
------------------ testing $PTII/ptolemy/domains/de/test/auto/Time.xml
auto.tcl: Setting watchdog for 200 seconds at Thu Nov 15 02:47:26 UTC 2018
485 ms. Memory: 549376K Free: 486802K (89%)
ptolemy.util.test.WatchDog.cancel(): canceling Thu Nov 15 02:47:26 UTC 2018
auto.tcl: Setting watchdog for 200 seconds at Thu Nov 15 02:47:26 UTC 2018
476 ms. Memory: 549376K Free: 433701K (79%)
ptolemy.util.test.WatchDog.cancel(): canceling Thu Nov 15 02:47:27 UTC 2018
------------------ testing $PTII/ptolemy/domains/de/test/auto/TimeDelayZeroDelay.xml
auto.tcl: Setting watchdog for 200 seconds at Thu Nov 15 02:47:27 UTC 2018
2 ms. Memory: 550400K Free: 534820K (97%)
ptolemy.util.test.WatchDog.cancel(): canceling Thu Nov 15 02:47:27 UTC 2018
auto.tcl: Setting watchdog for 200 seconds at Thu Nov 15 02:47:27 UTC 2018
2 ms. Memory: 550400K Free: 534820K (97%)
ptolemy.util.test.WatchDog.cancel(): canceling Thu Nov 15 02:47:27 UTC 2018
------------------ testing $PTII/ptolemy/domains/de/test/auto/TimerZeroDelay.xml
auto.tcl: Setting watchdog for 200 seconds at Thu Nov 15 02:47:27 UTC 2018
1 ms. Memory: 549376K Free: 534070K (97%)
ptolemy.util.test.WatchDog.cancel(): canceling Thu Nov 15 02:47:27 UTC 2018
auto.tcl: Setting watchdog for 200 seconds at Thu Nov 15 02:47:27 UTC 2018
2 ms. Memory: 549376K Free: 534070K (97%)
ptolemy.util.test.WatchDog.cancel(): canceling Thu Nov 15 02:47:27 UTC 2018
------------------ testing $PTII/ptolemy/domains/de/test/auto/TimingParadox.xml
auto.tcl: Setting watchdog for 200 seconds at Thu Nov 15 02:47:27 UTC 2018
336 ms. Memory: 549888K Free: 469678K (85%)
ptolemy.util.test.WatchDog.cancel(): canceling Thu Nov 15 02:47:28 UTC 2018
auto.tcl: Setting watchdog for 200 seconds at Thu Nov 15 02:47:28 UTC 2018
323 ms. Memory: 549888K Free: 437817K (80%)
ptolemy.util.test.WatchDog.cancel(): canceling Thu Nov 15 02:47:28 UTC 2018
------------------ testing $PTII/ptolemy/domains/de/test/auto/TransferInputs.xml
auto.tcl: Setting watchdog for 200 seconds at Thu Nov 15 02:47:28 UTC 2018
2 ms. Memory: 549888K Free: 533486K (97%)
ptolemy.util.test.WatchDog.cancel(): canceling Thu Nov 15 02:47:28 UTC 2018
auto.tcl: Setting watchdog for 200 seconds at Thu Nov 15 02:47:28 UTC 2018
1 ms. Memory: 549888K Free: 533486K (97%)
ptolemy.util.test.WatchDog.cancel(): canceling Thu Nov 15 02:47:28 UTC 2018
------------------ testing $PTII/ptolemy/domains/de/test/auto/TransferOutputs2.xml
auto.tcl: Setting watchdog for 200 seconds at Thu Nov 15 02:47:28 UTC 2018
3 ms. Memory: 549376K Free: 528750K (96%)
ptolemy.util.test.WatchDog.cancel(): canceling Thu Nov 15 02:47:28 UTC 2018
auto.tcl: Setting watchdog for 200 seconds at Thu Nov 15 02:47:28 UTC 2018
3 ms. Memory: 549376K Free: 528750K (96%)
ptolemy.util.test.WatchDog.cancel(): canceling Thu Nov 15 02:47:28 UTC 2018
------------------ testing $PTII/ptolemy/domains/de/test/auto/Trilateration.xml
auto.tcl: Setting watchdog for 200 seconds at Thu Nov 15 02:47:28 UTC 2018
14965 ms. Memory: 766976K Free: 203236K (26%)
ptolemy.util.test.WatchDog.cancel(): canceling Thu Nov 15 02:47:44 UTC 2018
auto.tcl: Setting watchdog for 200 seconds at Thu Nov 15 02:47:44 UTC 2018
11425 ms. Memory: 623104K Free: 575645K (92%)
ptolemy.util.test.WatchDog.cancel(): canceling Thu Nov 15 02:47:55 UTC 2018
------------------ testing $PTII/ptolemy/domains/de/test/auto/TwoSigmaDelta.xml
auto.tcl: Setting watchdog for 200 seconds at Thu Nov 15 02:47:56 UTC 2018
2679 ms. Memory: 619520K Free: 303609K (49%)
ptolemy.util.test.WatchDog.cancel(): canceling Thu Nov 15 02:47:58 UTC 2018
auto.tcl: Setting watchdog for 200 seconds at Thu Nov 15 02:47:58 UTC 2018
2048 ms. Memory: 619520K Free: 68457K (11%)
ptolemy.util.test.WatchDog.cancel(): canceling Thu Nov 15 02:48:00 UTC 2018
------------------ testing $PTII/ptolemy/domains/de/test/auto/VariableDelay.xml
auto.tcl: Setting watchdog for 200 seconds at Thu Nov 15 02:48:00 UTC 2018
4 ms. Memory: 623104K Free: 598289K (96%)
ptolemy.util.test.WatchDog.cancel(): canceling Thu Nov 15 02:48:01 UTC 2018
auto.tcl: Setting watchdog for 200 seconds at Thu Nov 15 02:48:01 UTC 2018
2 ms. Memory: 623104K Free: 598289K (96%)
ptolemy.util.test.WatchDog.cancel(): canceling Thu Nov 15 02:48:01 UTC 2018
------------------ testing $PTII/ptolemy/domains/de/test/auto/VariableDelay2.xml
auto.tcl: Setting watchdog for 200 seconds at Thu Nov 15 02:48:01 UTC 2018
2 ms. Memory: 619520K Free: 600530K (97%)
ptolemy.util.test.WatchDog.cancel(): canceling Thu Nov 15 02:48:01 UTC 2018
auto.tcl: Setting watchdog for 200 seconds at Thu Nov 15 02:48:01 UTC 2018
2 ms. Memory: 619520K Free: 600530K (97%)
ptolemy.util.test.WatchDog.cancel(): canceling Thu Nov 15 02:48:01 UTC 2018
------------------ testing $PTII/ptolemy/domains/de/test/auto/VariableDelayZeroDelay.xml
auto.tcl: Setting watchdog for 200 seconds at Thu Nov 15 02:48:01 UTC 2018
2 ms. Memory: 622592K Free: 598220K (96%)
ptolemy.util.test.WatchDog.cancel(): canceling Thu Nov 15 02:48:01 UTC 2018
auto.tcl: Setting watchdog for 200 seconds at Thu Nov 15 02:48:01 UTC 2018
2 ms. Memory: 622592K Free: 598220K (96%)
ptolemy.util.test.WatchDog.cancel(): canceling Thu Nov 15 02:48:01 UTC 2018
------------------ testing $PTII/ptolemy/domains/de/test/auto/VariableDelayZeroDelay2.xml
auto.tcl: Setting watchdog for 200 seconds at Thu Nov 15 02:48:01 UTC 2018
3 ms. Memory: 619520K Free: 595147K (96%)
ptolemy.util.test.WatchDog.cancel(): canceling Thu Nov 15 02:48:01 UTC 2018
auto.tcl: Setting watchdog for 200 seconds at Thu Nov 15 02:48:01 UTC 2018
2 ms. Memory: 619520K Free: 595147K (96%)
ptolemy.util.test.WatchDog.cancel(): canceling Thu Nov 15 02:48:01 UTC 2018
------------------ testing $PTII/ptolemy/domains/de/test/auto/deInCt.xml
auto.tcl: Setting watchdog for 200 seconds at Thu Nov 15 02:48:01 UTC 2018
0
1
1
0
0
0
1
1
1
0
0
0
0
1
1
1
0
0
0
1
1
1
0
0
1
1
1
1
1
1
0
0
1
1
1
0
0
0
1
1
1
0
0
0
1
1
1
1
6 ms. Memory: 622080K Free: 597673K (96%)
ptolemy.util.test.WatchDog.cancel(): canceling Thu Nov 15 02:48:01 UTC 2018
auto.tcl: Setting watchdog for 200 seconds at Thu Nov 15 02:48:01 UTC 2018
0
1
1
1
0
0
0
1
1
1
1
1
0
0
0
1
1
1
1
1
1
1
0
0
0
0
6 ms. Memory: 622080K Free: 597673K (96%)
ptolemy.util.test.WatchDog.cancel(): canceling Thu Nov 15 02:48:01 UTC 2018
------------------ testing $PTII/ptolemy/domains/de/test/auto/deInCt2.xml
auto.tcl: Setting watchdog for 200 seconds at Thu Nov 15 02:48:01 UTC 2018
0
1
1
1
0
0
1
1
1
0
0
1
1
1
0
0
1
1
1
0
0
1
1
1
0
0
1
1
1
0
0
1
1
1
0
0
1
1
1
0
0
0
12 ms. Memory: 619520K Free: 595113K (96%)
ptolemy.util.test.WatchDog.cancel(): canceling Thu Nov 15 02:48:01 UTC 2018
auto.tcl: Setting watchdog for 200 seconds at Thu Nov 15 02:48:01 UTC 2018
0
1
1
1
0
0
1
1
1
0
0
1
1
1
0
0
1
1
1
0
0
1
1
1
0
0
1
1
1
0
0
1
1
1
0
0
1
1
1
0
0
0
6 ms. Memory: 619520K Free: 595113K (96%)
ptolemy.util.test.WatchDog.cancel(): canceling Thu Nov 15 02:48:01 UTC 2018
------------------ testing $PTII/ptolemy/domains/de/test/auto/dynamicCausalityInterface1.xml
auto.tcl: Setting watchdog for 200 seconds at Thu Nov 15 02:48:01 UTC 2018
2 ms. Memory: 621568K Free: 594385K (96%)
ptolemy.util.test.WatchDog.cancel(): canceling Thu Nov 15 02:48:01 UTC 2018
auto.tcl: Setting watchdog for 200 seconds at Thu Nov 15 02:48:01 UTC 2018
0 ms. Memory: 621568K Free: 594385K (96%)
ptolemy.util.test.WatchDog.cancel(): canceling Thu Nov 15 02:48:01 UTC 2018
------------------ testing $PTII/ptolemy/domains/de/test/auto/fsm_de_test.xml
auto.tcl: Setting watchdog for 200 seconds at Thu Nov 15 02:48:01 UTC 2018
10 ms. Memory: 619520K Free: 595034K (96%)
ptolemy.util.test.WatchDog.cancel(): canceling Thu Nov 15 02:48:01 UTC 2018
auto.tcl: Setting watchdog for 200 seconds at Thu Nov 15 02:48:01 UTC 2018
7 ms. Memory: 619520K Free: 586866K (95%)
ptolemy.util.test.WatchDog.cancel(): canceling Thu Nov 15 02:48:01 UTC 2018
------------------ testing $PTII/ptolemy/domains/de/test/auto/functionDependencyReconstruction.xml
auto.tcl: Setting watchdog for 200 seconds at Thu Nov 15 02:48:01 UTC 2018
3 ms. Memory: 621568K Free: 588906K (95%)
ptolemy.util.test.WatchDog.cancel(): canceling Thu Nov 15 02:48:01 UTC 2018
auto.tcl: Setting watchdog for 200 seconds at Thu Nov 15 02:48:01 UTC 2018
2 ms. Memory: 621568K Free: 580723K (93%)
ptolemy.util.test.WatchDog.cancel(): canceling Thu Nov 15 02:48:01 UTC 2018
------------------ testing $PTII/ptolemy/domains/de/test/auto/multirate.xml
auto.tcl: Setting watchdog for 200 seconds at Thu Nov 15 02:48:01 UTC 2018
4 ms. Memory: 619520K Free: 600251K (97%)
ptolemy.util.test.WatchDog.cancel(): canceling Thu Nov 15 02:48:01 UTC 2018
auto.tcl: Setting watchdog for 200 seconds at Thu Nov 15 02:48:01 UTC 2018
3 ms. Memory: 619520K Free: 600251K (97%)
ptolemy.util.test.WatchDog.cancel(): canceling Thu Nov 15 02:48:01 UTC 2018
------------------ testing $PTII/ptolemy/domains/de/test/auto/multirate2.xml
auto.tcl: Setting watchdog for 200 seconds at Thu Nov 15 02:48:01 UTC 2018
3 ms. Memory: 621056K Free: 602005K (97%)
ptolemy.util.test.WatchDog.cancel(): canceling Thu Nov 15 02:48:01 UTC 2018
auto.tcl: Setting watchdog for 200 seconds at Thu Nov 15 02:48:01 UTC 2018
3 ms. Memory: 621056K Free: 602005K (97%)
ptolemy.util.test.WatchDog.cancel(): canceling Thu Nov 15 02:48:01 UTC 2018
------------------ testing $PTII/ptolemy/domains/de/test/auto/realtime.xml
auto.tcl: Setting watchdog for 200 seconds at Thu Nov 15 02:48:01 UTC 2018
10001 ms. Memory: 619520K Free: 595056K (96%)
ptolemy.util.test.WatchDog.cancel(): canceling Thu Nov 15 02:48:11 UTC 2018
auto.tcl: Setting watchdog for 200 seconds at Thu Nov 15 02:48:11 UTC 2018
10001 ms. Memory: 619520K Free: 595056K (96%)
ptolemy.util.test.WatchDog.cancel(): canceling Thu Nov 15 02:48:21 UTC 2018
------------------ testing $PTII/ptolemy/domains/de/test/auto/relationGroup.xml
auto.tcl: Setting watchdog for 200 seconds at Thu Nov 15 02:48:21 UTC 2018
2 ms. Memory: 621056K Free: 602030K (97%)
ptolemy.util.test.WatchDog.cancel(): canceling Thu Nov 15 02:48:21 UTC 2018
auto.tcl: Setting watchdog for 200 seconds at Thu Nov 15 02:48:21 UTC 2018
2 ms. Memory: 621056K Free: 602030K (97%)
ptolemy.util.test.WatchDog.cancel(): canceling Thu Nov 15 02:48:21 UTC 2018
------------------ testing $PTII/ptolemy/domains/de/test/auto/relationGroup2.xml
auto.tcl: Setting watchdog for 200 seconds at Thu Nov 15 02:48:21 UTC 2018
1 ms. Memory: 619520K Free: 595139K (96%)
ptolemy.util.test.WatchDog.cancel(): canceling Thu Nov 15 02:48:22 UTC 2018
auto.tcl: Setting watchdog for 200 seconds at Thu Nov 15 02:48:22 UTC 2018
1 ms. Memory: 619520K Free: 595139K (96%)
ptolemy.util.test.WatchDog.cancel(): canceling Thu Nov 15 02:48:22 UTC 2018
------------------ testing $PTII/ptolemy/domains/de/test/auto/sortWithOpaquePorts.xml
auto.tcl: Setting watchdog for 200 seconds at Thu Nov 15 02:48:22 UTC 2018
2 ms. Memory: 620544K Free: 596134K (96%)
ptolemy.util.test.WatchDog.cancel(): canceling Thu Nov 15 02:48:22 UTC 2018
auto.tcl: Setting watchdog for 200 seconds at Thu Nov 15 02:48:22 UTC 2018
2 ms. Memory: 620544K Free: 596134K (96%)
ptolemy.util.test.WatchDog.cancel(): canceling Thu Nov 15 02:48:22 UTC 2018
------------------ testing $PTII/ptolemy/domains/de/test/auto/transferInputsandOutputs.xml
auto.tcl: Setting watchdog for 200 seconds at Thu Nov 15 02:48:22 UTC 2018
2 ms. Memory: 619520K Free: 600509K (97%)
ptolemy.util.test.WatchDog.cancel(): canceling Thu Nov 15 02:48:22 UTC 2018
auto.tcl: Setting watchdog for 200 seconds at Thu Nov 15 02:48:22 UTC 2018
2 ms. Memory: 619520K Free: 600509K (97%)
ptolemy.util.test.WatchDog.cancel(): canceling Thu Nov 15 02:48:22 UTC 2018
------------------ testing $PTII/ptolemy/domains/de/test/auto/triggerType.xml
auto.tcl: Setting watchdog for 200 seconds at Thu Nov 15 02:48:22 UTC 2018
1 ms. Memory: 620544K Free: 596101K (96%)
ptolemy.util.test.WatchDog.cancel(): canceling Thu Nov 15 02:48:22 UTC 2018
auto.tcl: Setting watchdog for 200 seconds at Thu Nov 15 02:48:22 UTC 2018
1 ms. Memory: 620544K Free: 596101K (96%)
ptolemy.util.test.WatchDog.cancel(): canceling Thu Nov 15 02:48:22 UTC 2018
11/15/18 02:48:22
Failed: 0  Total Tests: 192  ((Passed: 187, Newly Passed: 1)  Known Failed: 5) /home/travis/build/icyphy/ptII/ptolemy/domains/de/test
11/15/18 02:48:22
Failed: 0  Total Tests: 192  ((Passed: 187, Newly Passed: 1)  Known Failed: 5) /home/travis/build/icyphy/ptII/ptolemy/domains/de/test
----------------- testing (KnownFailure) /home/travis/build/icyphy/ptII/ptolemy/domains/de/test/auto/knownFailedTests/DESDFClockTest.xml
2011 ms. Memory: 619520K Free: 584368K (94%)
Known Failure: java.lang.reflect.InvocationTargetException
----------------- testing (KnownFailure) /home/travis/build/icyphy/ptII/ptolemy/domains/de/test/auto/knownFailedTests/DirectFeedback.xml
2 ms. Memory: 619520K Free: 541288K (87%)
Known Failure: java.lang.reflect.InvocationTargetException
----------------- testing (KnownFailure) /home/travis/build/icyphy/ptII/ptolemy/domains/de/test/auto/knownFailedTests/FSMSource.xml
6 ms. Memory: 619520K Free: 498239K (80%)
----------------- testing (KnownFailure) /home/travis/build/icyphy/ptII/ptolemy/domains/de/test/auto/knownFailedTests/HierarchicalModel.xml
3 ms. Memory: 619520K Free: 465936K (75%)
Known Failure: java.lang.reflect.InvocationTargetException
----------------- testing (KnownFailure) /home/travis/build/icyphy/ptII/ptolemy/domains/de/test/auto/knownFailedTests/dependencyLoop.xml
2 ms. Memory: 619520K Free: 412117K (67%)
Known Failure: java.lang.reflect.InvocationTargetException
----------------- testing (KnownFailure) /home/travis/build/icyphy/ptII/ptolemy/domains/de/test/auto/knownFailedTests/dependencyLoop2.xml
3 ms. Memory: 619520K Free: 358297K (58%)
Known Failure: java.lang.reflect.InvocationTargetException
No auto/linux-amd64/*.xml tests in /home/travis/build/icyphy/ptII/ptolemy/domains/de/test
AutoTests.java: About to close Vertx.
AutoTests.java: Vertx closed.

===========================================================================================
----------------- testing Thu Nov 15 02:48:24 UTC 2018 /home/travis/build/icyphy/ptII/ptolemy/domains/de/test/auto/ActorDepthCalculation_actorWithoutPorts.xml
----------------- Instantiating /home/travis/build/icyphy/ptII/ptolemy/domains/de/test/auto/ActorDepthCalculation_actorWithoutPorts.xml
1 ms. Memory: 619520K Free: 304486K (49%)
----------------- Invoking toplevel() on ptolemy.moml.MoMLSimpleApplication@5eeb09b1
----------------- Done invoking toplevel() on ptolemy.moml.MoMLSimpleApplication@5eeb09b1
reloadAllAccessors: .ActorDepthCalculation_actorWithoutPorts

===========================================================================================
----------------- testing Thu Nov 15 02:48:24 UTC 2018 /home/travis/build/icyphy/ptII/ptolemy/domains/de/test/auto/AssemblyLine.xml
----------------- Instantiating /home/travis/build/icyphy/ptII/ptolemy/domains/de/test/auto/AssemblyLine.xml
6 ms. Memory: 619520K Free: 282961K (46%)
----------------- Invoking toplevel() on ptolemy.moml.MoMLSimpleApplication@7d5674e5
----------------- Done invoking toplevel() on ptolemy.moml.MoMLSimpleApplication@7d5674e5
reloadAllAccessors: .AssemblyLine

===========================================================================================
----------------- testing Thu Nov 15 02:48:24 UTC 2018 /home/travis/build/icyphy/ptII/ptolemy/domains/de/test/auto/CQBug1.xml
----------------- Instantiating /home/travis/build/icyphy/ptII/ptolemy/domains/de/test/auto/CQBug1.xml
3 ms. Memory: 619520K Free: 261437K (42%)
----------------- Invoking toplevel() on ptolemy.moml.MoMLSimpleApplication@3f395c57
----------------- Done invoking toplevel() on ptolemy.moml.MoMLSimpleApplication@3f395c57
reloadAllAccessors: .CQBug1

===========================================================================================
----------------- testing Thu Nov 15 02:48:24 UTC 2018 /home/travis/build/icyphy/ptII/ptolemy/domains/de/test/auto/CancelFireAt.xml
----------------- Instantiating /home/travis/build/icyphy/ptII/ptolemy/domains/de/test/auto/CancelFireAt.xml
2 ms. Memory: 619520K Free: 239912K (39%)
----------------- Invoking toplevel() on ptolemy.moml.MoMLSimpleApplication@1fd8d774
----------------- Done invoking toplevel() on ptolemy.moml.MoMLSimpleApplication@1fd8d774
reloadAllAccessors: .CancelFireAt

===========================================================================================
----------------- testing Thu Nov 15 02:48:24 UTC 2018 /home/travis/build/icyphy/ptII/ptolemy/domains/de/test/auto/CausalityAndComposabilityAnalysis.xml
----------------- Instantiating /home/travis/build/icyphy/ptII/ptolemy/domains/de/test/auto/CausalityAndComposabilityAnalysis.xml
3 ms. Memory: 619520K Free: 218388K (35%)
----------------- Invoking toplevel() on ptolemy.moml.MoMLSimpleApplication@188beded
----------------- Done invoking toplevel() on ptolemy.moml.MoMLSimpleApplication@188beded
reloadAllAccessors: .CausalityAndComposabilityAnalysis

===========================================================================================
----------------- testing Thu Nov 15 02:48:24 UTC 2018 /home/travis/build/icyphy/ptII/ptolemy/domains/de/test/auto/CausalityInterface1.xml
----------------- Instantiating /home/travis/build/icyphy/ptII/ptolemy/domains/de/test/auto/CausalityInterface1.xml
6 ms. Memory: 619520K Free: 196863K (32%)
----------------- Invoking toplevel() on ptolemy.moml.MoMLSimpleApplication@668c885
----------------- Done invoking toplevel() on ptolemy.moml.MoMLSimpleApplication@668c885
reloadAllAccessors: .CausalityInterface1

===========================================================================================
----------------- testing Thu Nov 15 02:48:24 UTC 2018 /home/travis/build/icyphy/ptII/ptolemy/domains/de/test/auto/CausalityInterface15.xml
----------------- Instantiating /home/travis/build/icyphy/ptII/ptolemy/domains/de/test/auto/CausalityInterface15.xml
2 ms. Memory: 619520K Free: 175339K (28%)
----------------- Invoking toplevel() on ptolemy.moml.MoMLSimpleApplication@4a04409b
----------------- Done invoking toplevel() on ptolemy.moml.MoMLSimpleApplication@4a04409b
reloadAllAccessors: .CausalityInterface15

===========================================================================================
----------------- testing Thu Nov 15 02:48:24 UTC 2018 /home/travis/build/icyphy/ptII/ptolemy/domains/de/test/auto/CausalityInterface2.xml
----------------- Instantiating /home/travis/build/icyphy/ptII/ptolemy/domains/de/test/auto/CausalityInterface2.xml
1 ms. Memory: 619520K Free: 153814K (25%)
----------------- Invoking toplevel() on ptolemy.moml.MoMLSimpleApplication@392b62f7
----------------- Done invoking toplevel() on ptolemy.moml.MoMLSimpleApplication@392b62f7
reloadAllAccessors: .CausalityInterface2

===========================================================================================
----------------- testing Thu Nov 15 02:48:24 UTC 2018 /home/travis/build/icyphy/ptII/ptolemy/domains/de/test/auto/CausalityInterface3.xml
----------------- Instantiating /home/travis/build/icyphy/ptII/ptolemy/domains/de/test/auto/CausalityInterface3.xml
1 ms. Memory: 619520K Free: 132289K (21%)
----------------- Invoking toplevel() on ptolemy.moml.MoMLSimpleApplication@3d78da2f
----------------- Done invoking toplevel() on ptolemy.moml.MoMLSimpleApplication@3d78da2f
reloadAllAccessors: .CausalityInterface3

===========================================================================================
----------------- testing Thu Nov 15 02:48:24 UTC 2018 /home/travis/build/icyphy/ptII/ptolemy/domains/de/test/auto/ClockDrift.xml
----------------- Instantiating /home/travis/build/icyphy/ptII/ptolemy/domains/de/test/auto/ClockDrift.xml
19 ms. Memory: 619520K Free: 110765K (18%)
----------------- Invoking toplevel() on ptolemy.moml.MoMLSimpleApplication@6a50b763
----------------- Done invoking toplevel() on ptolemy.moml.MoMLSimpleApplication@6a50b763
reloadAllAccessors: .ClockDrift

===========================================================================================
----------------- testing Thu Nov 15 02:48:24 UTC 2018 /home/travis/build/icyphy/ptII/ptolemy/domains/de/test/auto/ClockDriftAndValueChange.xml
----------------- Instantiating /home/travis/build/icyphy/ptII/ptolemy/domains/de/test/auto/ClockDriftAndValueChange.xml
11 ms. Memory: 619520K Free: 89240K (14%)
----------------- Invoking toplevel() on ptolemy.moml.MoMLSimpleApplication@79b57e7e
----------------- Done invoking toplevel() on ptolemy.moml.MoMLSimpleApplication@79b57e7e
reloadAllAccessors: .ClockDriftAndValueChange

===========================================================================================
----------------- testing Thu Nov 15 02:48:24 UTC 2018 /home/travis/build/icyphy/ptII/ptolemy/domains/de/test/auto/ClockDriftChange.xml
----------------- Instantiating /home/travis/build/icyphy/ptII/ptolemy/domains/de/test/auto/ClockDriftChange.xml
10 ms. Memory: 619520K Free: 75947K (12%)
----------------- Invoking toplevel() on ptolemy.moml.MoMLSimpleApplication@72234763
----------------- Done invoking toplevel() on ptolemy.moml.MoMLSimpleApplication@72234763
reloadAllAccessors: .ClockDriftChange

===========================================================================================
----------------- testing Thu Nov 15 02:48:24 UTC 2018 /home/travis/build/icyphy/ptII/ptolemy/domains/de/test/auto/ComposableCausalityAnalysis.xml
----------------- Instantiating /home/travis/build/icyphy/ptII/ptolemy/domains/de/test/auto/ComposableCausalityAnalysis.xml
1 ms. Memory: 595456K Free: 569217K (96%)
----------------- Invoking toplevel() on ptolemy.moml.MoMLSimpleApplication@4ad8cfcd
----------------- Done invoking toplevel() on ptolemy.moml.MoMLSimpleApplication@4ad8cfcd
reloadAllAccessors: .ComposableCausalityAnalysis

===========================================================================================
----------------- testing Thu Nov 15 02:48:24 UTC 2018 /home/travis/build/icyphy/ptII/ptolemy/domains/de/test/auto/DEFixedPointLimitation.xml
----------------- Instantiating /home/travis/build/icyphy/ptII/ptolemy/domains/de/test/auto/DEFixedPointLimitation.xml
1 ms. Memory: 595456K Free: 543635K (91%)
----------------- Invoking toplevel() on ptolemy.moml.MoMLSimpleApplication@6b2894d8
----------------- Done invoking toplevel() on ptolemy.moml.MoMLSimpleApplication@6b2894d8
reloadAllAccessors: .DEFixedPointLimitation

===========================================================================================
----------------- testing Thu Nov 15 02:48:24 UTC 2018 /home/travis/build/icyphy/ptII/ptolemy/domains/de/test/auto/DEScheduleTest.xml
----------------- Instantiating /home/travis/build/icyphy/ptII/ptolemy/domains/de/test/auto/DEScheduleTest.xml
5 ms. Memory: 595456K Free: 523114K (88%)
----------------- Invoking toplevel() on ptolemy.moml.MoMLSimpleApplication@7553825d
----------------- Done invoking toplevel() on ptolemy.moml.MoMLSimpleApplication@7553825d
reloadAllAccessors: .DEScheduleTest

===========================================================================================
----------------- testing Thu Nov 15 02:48:24 UTC 2018 /home/travis/build/icyphy/ptII/ptolemy/domains/de/test/auto/DEinDEwithStartTimes.xml
----------------- Instantiating /home/travis/build/icyphy/ptII/ptolemy/domains/de/test/auto/DEinDEwithStartTimes.xml
2 ms. Memory: 595456K Free: 502593K (84%)
----------------- Invoking toplevel() on ptolemy.moml.MoMLSimpleApplication@6a44ac9e
----------------- Done invoking toplevel() on ptolemy.moml.MoMLSimpleApplication@6a44ac9e
reloadAllAccessors: .DEinDEwithStartTimes

===========================================================================================
----------------- testing Thu Nov 15 02:48:24 UTC 2018 /home/travis/build/icyphy/ptII/ptolemy/domains/de/test/auto/DEinDEwithStartTimes2.xml
----------------- Instantiating /home/travis/build/icyphy/ptII/ptolemy/domains/de/test/auto/DEinDEwithStartTimes2.xml
2 ms. Memory: 595456K Free: 482053K (81%)
----------------- Invoking toplevel() on ptolemy.moml.MoMLSimpleApplication@682cba2f
----------------- Done invoking toplevel() on ptolemy.moml.MoMLSimpleApplication@682cba2f
reloadAllAccessors: .DEinDEwithStartTimes2

===========================================================================================
----------------- testing Thu Nov 15 02:48:24 UTC 2018 /home/travis/build/icyphy/ptII/ptolemy/domains/de/test/auto/DateDemo.xml
----------------- Instantiating /home/travis/build/icyphy/ptII/ptolemy/domains/de/test/auto/DateDemo.xml
4 ms. Memory: 595456K Free: 451272K (76%)
----------------- Invoking toplevel() on ptolemy.moml.MoMLSimpleApplication@45314206
----------------- Done invoking toplevel() on ptolemy.moml.MoMLSimpleApplication@45314206
reloadAllAccessors: .DateDemo

===========================================================================================
----------------- testing Thu Nov 15 02:48:24 UTC 2018 /home/travis/build/icyphy/ptII/ptolemy/domains/de/test/auto/DateToEvent.xml
----------------- Instantiating /home/travis/build/icyphy/ptII/ptolemy/domains/de/test/auto/DateToEvent.xml
2005 ms. Memory: 595456K Free: 420474K (71%)
----------------- Invoking toplevel() on ptolemy.moml.MoMLSimpleApplication@520a78eb
----------------- Done invoking toplevel() on ptolemy.moml.MoMLSimpleApplication@520a78eb
reloadAllAccessors: .DateToEvent

===========================================================================================
----------------- testing Thu Nov 15 02:48:26 UTC 2018 /home/travis/build/icyphy/ptII/ptolemy/domains/de/test/auto/DepthTest1.xml
----------------- Instantiating /home/travis/build/icyphy/ptII/ptolemy/domains/de/test/auto/DepthTest1.xml
2 ms. Memory: 595456K Free: 399953K (67%)
----------------- Invoking toplevel() on ptolemy.moml.MoMLSimpleApplication@5d40b5d1
----------------- Done invoking toplevel() on ptolemy.moml.MoMLSimpleApplication@5d40b5d1
reloadAllAccessors: .DepthTest1

===========================================================================================
----------------- testing Thu Nov 15 02:48:26 UTC 2018 /home/travis/build/icyphy/ptII/ptolemy/domains/de/test/auto/DepthTest2.xml
----------------- Instantiating /home/travis/build/icyphy/ptII/ptolemy/domains/de/test/auto/DepthTest2.xml
2 ms. Memory: 595456K Free: 379432K (64%)
----------------- Invoking toplevel() on ptolemy.moml.MoMLSimpleApplication@b0042f0
----------------- Done invoking toplevel() on ptolemy.moml.MoMLSimpleApplication@b0042f0
reloadAllAccessors: .DepthTest2

===========================================================================================
----------------- testing Thu Nov 15 02:48:26 UTC 2018 /home/travis/build/icyphy/ptII/ptolemy/domains/de/test/auto/DepthTest3.xml
----------------- Instantiating /home/travis/build/icyphy/ptII/ptolemy/domains/de/test/auto/DepthTest3.xml
1 ms. Memory: 595456K Free: 358911K (60%)
----------------- Invoking toplevel() on ptolemy.moml.MoMLSimpleApplication@35f5fbb0
----------------- Done invoking toplevel() on ptolemy.moml.MoMLSimpleApplication@35f5fbb0
reloadAllAccessors: .DepthTest3

===========================================================================================
----------------- testing Thu Nov 15 02:48:26 UTC 2018 /home/travis/build/icyphy/ptII/ptolemy/domains/de/test/auto/DepthTest4.xml
----------------- Instantiating /home/travis/build/icyphy/ptII/ptolemy/domains/de/test/auto/DepthTest4.xml
2 ms. Memory: 595456K Free: 338390K (57%)
----------------- Invoking toplevel() on ptolemy.moml.MoMLSimpleApplication@5d9421c7
----------------- Done invoking toplevel() on ptolemy.moml.MoMLSimpleApplication@5d9421c7
reloadAllAccessors: .DepthTest4

===========================================================================================
----------------- testing Thu Nov 15 02:48:27 UTC 2018 /home/travis/build/icyphy/ptII/ptolemy/domains/de/test/auto/DepthTest5.xml
----------------- Instantiating /home/travis/build/icyphy/ptII/ptolemy/domains/de/test/auto/DepthTest5.xml
2 ms. Memory: 595456K Free: 312808K (53%)
----------------- Invoking toplevel() on ptolemy.moml.MoMLSimpleApplication@48db0b41
----------------- Done invoking toplevel() on ptolemy.moml.MoMLSimpleApplication@48db0b41
reloadAllAccessors: .DepthTest5

===========================================================================================
----------------- testing Thu Nov 15 02:48:27 UTC 2018 /home/travis/build/icyphy/ptII/ptolemy/domains/de/test/auto/DepthTest6.xml
----------------- Instantiating /home/travis/build/icyphy/ptII/ptolemy/domains/de/test/auto/DepthTest6.xml
8 ms. Memory: 595456K Free: 292287K (49%)
----------------- Invoking toplevel() on ptolemy.moml.MoMLSimpleApplication@3d8fb634
----------------- Done invoking toplevel() on ptolemy.moml.MoMLSimpleApplication@3d8fb634
reloadAllAccessors: .DepthTest6

===========================================================================================
----------------- testing Thu Nov 15 02:48:27 UTC 2018 /home/travis/build/icyphy/ptII/ptolemy/domains/de/test/auto/DepthTest7.xml
----------------- Instantiating /home/travis/build/icyphy/ptII/ptolemy/domains/de/test/auto/DepthTest7.xml
2 ms. Memory: 595456K Free: 271766K (46%)
----------------- Invoking toplevel() on ptolemy.moml.MoMLSimpleApplication@2420b8eb
----------------- Done invoking toplevel() on ptolemy.moml.MoMLSimpleApplication@2420b8eb
reloadAllAccessors: .DepthTest7

===========================================================================================
----------------- testing Thu Nov 15 02:48:27 UTC 2018 /home/travis/build/icyphy/ptII/ptolemy/domains/de/test/auto/EventToDate.xml
----------------- Instantiating /home/travis/build/icyphy/ptII/ptolemy/domains/de/test/auto/EventToDate.xml
3004 ms. Memory: 595456K Free: 240969K (40%)
----------------- Invoking toplevel() on ptolemy.moml.MoMLSimpleApplication@7bccc9d0
----------------- Done invoking toplevel() on ptolemy.moml.MoMLSimpleApplication@7bccc9d0
reloadAllAccessors: .EventToDate

===========================================================================================
----------------- testing Thu Nov 15 02:48:30 UTC 2018 /home/travis/build/icyphy/ptII/ptolemy/domains/de/test/auto/FSM1.xml
----------------- Instantiating /home/travis/build/icyphy/ptII/ptolemy/domains/de/test/auto/FSM1.xml
15 ms. Memory: 595456K Free: 220448K (37%)
----------------- Invoking toplevel() on ptolemy.moml.MoMLSimpleApplication@4023e614
----------------- Done invoking toplevel() on ptolemy.moml.MoMLSimpleApplication@4023e614
reloadAllAccessors: .FSM1

===========================================================================================
----------------- testing Thu Nov 15 02:48:30 UTC 2018 /home/travis/build/icyphy/ptII/ptolemy/domains/de/test/auto/FSM7.xml
----------------- Instantiating /home/travis/build/icyphy/ptII/ptolemy/domains/de/test/auto/FSM7.xml
17 ms. Memory: 595456K Free: 199927K (34%)
----------------- Invoking toplevel() on ptolemy.moml.MoMLSimpleApplication@5984fee5
----------------- Done invoking toplevel() on ptolemy.moml.MoMLSimpleApplication@5984fee5
reloadAllAccessors: .FSM7

===========================================================================================
----------------- testing Thu Nov 15 02:48:30 UTC 2018 /home/travis/build/icyphy/ptII/ptolemy/domains/de/test/auto/Inspection.xml
----------------- Instantiating /home/travis/build/icyphy/ptII/ptolemy/domains/de/test/auto/Inspection.xml
21 ms. Memory: 595456K Free: 169137K (28%)
----------------- Invoking toplevel() on ptolemy.moml.MoMLSimpleApplication@e2dbcea
----------------- Done invoking toplevel() on ptolemy.moml.MoMLSimpleApplication@e2dbcea
reloadAllAccessors: .Inspection

===========================================================================================
----------------- testing Thu Nov 15 02:48:30 UTC 2018 /home/travis/build/icyphy/ptII/ptolemy/domains/de/test/auto/Iteration.xml
----------------- Instantiating /home/travis/build/icyphy/ptII/ptolemy/domains/de/test/auto/Iteration.xml
8 ms. Memory: 595456K Free: 148616K (25%)
----------------- Invoking toplevel() on ptolemy.moml.MoMLSimpleApplication@6db6f3b6
----------------- Done invoking toplevel() on ptolemy.moml.MoMLSimpleApplication@6db6f3b6
reloadAllAccessors: .Iteration

===========================================================================================
----------------- testing Thu Nov 15 02:48:30 UTC 2018 /home/travis/build/icyphy/ptII/ptolemy/domains/de/test/auto/LineFault.xml
----------------- Instantiating /home/travis/build/icyphy/ptII/ptolemy/domains/de/test/auto/LineFault.xml
432 ms. Memory: 571392K Free: 510071K (89%)
----------------- Invoking toplevel() on ptolemy.moml.MoMLSimpleApplication@54e9e5c2
----------------- Done invoking toplevel() on ptolemy.moml.MoMLSimpleApplication@54e9e5c2
reloadAllAccessors: .LineFault

===========================================================================================
----------------- testing Thu Nov 15 02:48:30 UTC 2018 /home/travis/build/icyphy/ptII/ptolemy/domains/de/test/auto/MergeModel1Add.xml
----------------- Instantiating /home/travis/build/icyphy/ptII/ptolemy/domains/de/test/auto/MergeModel1Add.xml
9 ms. Memory: 571392K Free: 476900K (83%)
----------------- Invoking toplevel() on ptolemy.moml.MoMLSimpleApplication@198c5119
----------------- Done invoking toplevel() on ptolemy.moml.MoMLSimpleApplication@198c5119
reloadAllAccessors: .MergeModel1Add

===========================================================================================
----------------- testing Thu Nov 15 02:48:30 UTC 2018 /home/travis/build/icyphy/ptII/ptolemy/domains/de/test/auto/MergeModel2Add.xml
----------------- Instantiating /home/travis/build/icyphy/ptII/ptolemy/domains/de/test/auto/MergeModel2Add.xml
7 ms. Memory: 571392K Free: 452452K (79%)
----------------- Invoking toplevel() on ptolemy.moml.MoMLSimpleApplication@5065afd4
----------------- Done invoking toplevel() on ptolemy.moml.MoMLSimpleApplication@5065afd4
reloadAllAccessors: .MergeModel2Add

===========================================================================================
----------------- testing Thu Nov 15 02:48:30 UTC 2018 /home/travis/build/icyphy/ptII/ptolemy/domains/de/test/auto/MergeModel3Add.xml
----------------- Instantiating /home/travis/build/icyphy/ptII/ptolemy/domains/de/test/auto/MergeModel3Add.xml
4 ms. Memory: 571392K Free: 427972K (75%)
----------------- Invoking toplevel() on ptolemy.moml.MoMLSimpleApplication@7f71bf17
----------------- Done invoking toplevel() on ptolemy.moml.MoMLSimpleApplication@7f71bf17
reloadAllAccessors: .MergeModel3Add

===========================================================================================
----------------- testing Thu Nov 15 02:48:30 UTC 2018 /home/travis/build/icyphy/ptII/ptolemy/domains/de/test/auto/MergeWithoutDiscard.xml
----------------- Instantiating /home/travis/build/icyphy/ptII/ptolemy/domains/de/test/auto/MergeWithoutDiscard.xml
1 ms. Memory: 571392K Free: 418193K (73%)
----------------- Invoking toplevel() on ptolemy.moml.MoMLSimpleApplication@2ec83592
----------------- Done invoking toplevel() on ptolemy.moml.MoMLSimpleApplication@2ec83592
reloadAllAccessors: .MergeWithoutDiscard

===========================================================================================
----------------- testing Thu Nov 15 02:48:30 UTC 2018 /home/travis/build/icyphy/ptII/ptolemy/domains/de/test/auto/Modal1.xml
----------------- Instantiating /home/travis/build/icyphy/ptII/ptolemy/domains/de/test/auto/Modal1.xml
6 ms. Memory: 571392K Free: 398590K (70%)
----------------- Invoking toplevel() on ptolemy.moml.MoMLSimpleApplication@771fc0f
----------------- Done invoking toplevel() on ptolemy.moml.MoMLSimpleApplication@771fc0f
reloadAllAccessors: .Modal1

===========================================================================================
----------------- testing Thu Nov 15 02:48:31 UTC 2018 /home/travis/build/icyphy/ptII/ptolemy/domains/de/test/auto/Modal2.xml
----------------- Instantiating /home/travis/build/icyphy/ptII/ptolemy/domains/de/test/auto/Modal2.xml
7 ms. Memory: 571392K Free: 379000K (66%)
----------------- Invoking toplevel() on ptolemy.moml.MoMLSimpleApplication@79b4fc61
----------------- Done invoking toplevel() on ptolemy.moml.MoMLSimpleApplication@79b4fc61
reloadAllAccessors: .Modal2

===========================================================================================
----------------- testing Thu Nov 15 02:48:31 UTC 2018 /home/travis/build/icyphy/ptII/ptolemy/domains/de/test/auto/Modal3.xml
----------------- Instantiating /home/travis/build/icyphy/ptII/ptolemy/domains/de/test/auto/Modal3.xml
6 ms. Memory: 571392K Free: 356203K (62%)
----------------- Invoking toplevel() on ptolemy.moml.MoMLSimpleApplication@6c8e2131
----------------- Done invoking toplevel() on ptolemy.moml.MoMLSimpleApplication@6c8e2131
reloadAllAccessors: .Modal3

===========================================================================================
----------------- testing Thu Nov 15 02:48:31 UTC 2018 /home/travis/build/icyphy/ptII/ptolemy/domains/de/test/auto/Modal4.xml
----------------- Instantiating /home/travis/build/icyphy/ptII/ptolemy/domains/de/test/auto/Modal4.xml
9 ms. Memory: 571392K Free: 336612K (59%)
----------------- Invoking toplevel() on ptolemy.moml.MoMLSimpleApplication@421c7b2b
----------------- Done invoking toplevel() on ptolemy.moml.MoMLSimpleApplication@421c7b2b
reloadAllAccessors: .Modal4

===========================================================================================
----------------- testing Thu Nov 15 02:48:31 UTC 2018 /home/travis/build/icyphy/ptII/ptolemy/domains/de/test/auto/Modal5.xml
----------------- Instantiating /home/travis/build/icyphy/ptII/ptolemy/domains/de/test/auto/Modal5.xml
9 ms. Memory: 571392K Free: 317022K (55%)
----------------- Invoking toplevel() on ptolemy.moml.MoMLSimpleApplication@23eb2169
----------------- Done invoking toplevel() on ptolemy.moml.MoMLSimpleApplication@23eb2169
reloadAllAccessors: .Modal5

===========================================================================================
----------------- testing Thu Nov 15 02:48:31 UTC 2018 /home/travis/build/icyphy/ptII/ptolemy/domains/de/test/auto/Modal6.xml
----------------- Instantiating /home/travis/build/icyphy/ptII/ptolemy/domains/de/test/auto/Modal6.xml
8 ms. Memory: 571392K Free: 302337K (53%)
----------------- Invoking toplevel() on ptolemy.moml.MoMLSimpleApplication@63f25b3f
----------------- Done invoking toplevel() on ptolemy.moml.MoMLSimpleApplication@63f25b3f
reloadAllAccessors: .Modal6

===========================================================================================
----------------- testing Thu Nov 15 02:48:31 UTC 2018 /home/travis/build/icyphy/ptII/ptolemy/domains/de/test/auto/Modal7.xml
----------------- Instantiating /home/travis/build/icyphy/ptII/ptolemy/domains/de/test/auto/Modal7.xml
5 ms. Memory: 571392K Free: 282763K (49%)
----------------- Invoking toplevel() on ptolemy.moml.MoMLSimpleApplication@4104774b
----------------- Done invoking toplevel() on ptolemy.moml.MoMLSimpleApplication@4104774b
reloadAllAccessors: .Modal7

===========================================================================================
----------------- testing Thu Nov 15 02:48:31 UTC 2018 /home/travis/build/icyphy/ptII/ptolemy/domains/de/test/auto/ModalModel.xml
----------------- Instantiating /home/travis/build/icyphy/ptII/ptolemy/domains/de/test/auto/ModalModel.xml
99 ms. Memory: 571392K Free: 209258K (37%)
----------------- Invoking toplevel() on ptolemy.moml.MoMLSimpleApplication@30e6b6b
----------------- Done invoking toplevel() on ptolemy.moml.MoMLSimpleApplication@30e6b6b
reloadAllAccessors: .ModalModel

===========================================================================================
----------------- testing Thu Nov 15 02:48:31 UTC 2018 /home/travis/build/icyphy/ptII/ptolemy/domains/de/test/auto/ModalSource.xml
----------------- Instantiating /home/travis/build/icyphy/ptII/ptolemy/domains/de/test/auto/ModalSource.xml
4 ms. Memory: 571392K Free: 194574K (34%)
----------------- Invoking toplevel() on ptolemy.moml.MoMLSimpleApplication@2cc4cd7d
----------------- Done invoking toplevel() on ptolemy.moml.MoMLSimpleApplication@2cc4cd7d
reloadAllAccessors: .ModalSource

===========================================================================================
----------------- testing Thu Nov 15 02:48:31 UTC 2018 /home/travis/build/icyphy/ptII/ptolemy/domains/de/test/auto/NonInterruptibleTimerZeroDelay.xml
----------------- Instantiating /home/travis/build/icyphy/ptII/ptolemy/domains/de/test/auto/NonInterruptibleTimerZeroDelay.xml
1 ms. Memory: 571392K Free: 181579K (32%)
----------------- Invoking toplevel() on ptolemy.moml.MoMLSimpleApplication@29e5fad4
----------------- Done invoking toplevel() on ptolemy.moml.MoMLSimpleApplication@29e5fad4
reloadAllAccessors: .NonInterruptibleTimerZeroDelay

===========================================================================================
----------------- testing Thu Nov 15 02:48:31 UTC 2018 /home/travis/build/icyphy/ptII/ptolemy/domains/de/test/auto/OpenQueueingNetwork.xml
----------------- Instantiating /home/travis/build/icyphy/ptII/ptolemy/domains/de/test/auto/OpenQueueingNetwork.xml
2128 ms. Memory: 526336K Free: 467064K (89%)
----------------- Invoking toplevel() on ptolemy.moml.MoMLSimpleApplication@6febdb69
----------------- Done invoking toplevel() on ptolemy.moml.MoMLSimpleApplication@6febdb69
reloadAllAccessors: .OpenQueueingNetwork

===========================================================================================
----------------- testing Thu Nov 15 02:48:33 UTC 2018 /home/travis/build/icyphy/ptII/ptolemy/domains/de/test/auto/OpenQueuingNetwork.xml
----------------- Instantiating /home/travis/build/icyphy/ptII/ptolemy/domains/de/test/auto/OpenQueuingNetwork.xml
221 ms. Memory: 526336K Free: 369061K (70%)
----------------- Invoking toplevel() on ptolemy.moml.MoMLSimpleApplication@6a6434ae
----------------- Done invoking toplevel() on ptolemy.moml.MoMLSimpleApplication@6a6434ae
reloadAllAccessors: .OpenQueuingNetwork

===========================================================================================
----------------- testing Thu Nov 15 02:48:33 UTC 2018 /home/travis/build/icyphy/ptII/ptolemy/domains/de/test/auto/PeriodicSampler.xml
----------------- Instantiating /home/travis/build/icyphy/ptII/ptolemy/domains/de/test/auto/PeriodicSampler.xml
2 ms. Memory: 526336K Free: 360163K (68%)
----------------- Invoking toplevel() on ptolemy.moml.MoMLSimpleApplication@2dd3decd
----------------- Done invoking toplevel() on ptolemy.moml.MoMLSimpleApplication@2dd3decd
reloadAllAccessors: .PeriodicSampler

===========================================================================================
----------------- testing Thu Nov 15 02:48:33 UTC 2018 /home/travis/build/icyphy/ptII/ptolemy/domains/de/test/auto/PersistentIO.xml
----------------- Instantiating /home/travis/build/icyphy/ptII/ptolemy/domains/de/test/auto/PersistentIO.xml
4 ms. Memory: 526336K Free: 346807K (66%)
----------------- Invoking toplevel() on ptolemy.moml.MoMLSimpleApplication@d46347
----------------- Done invoking toplevel() on ptolemy.moml.MoMLSimpleApplication@d46347
reloadAllAccessors: .PersistentIO

===========================================================================================
----------------- testing Thu Nov 15 02:48:33 UTC 2018 /home/travis/build/icyphy/ptII/ptolemy/domains/de/test/auto/PortParameterResetOnInitialize.xml
----------------- Instantiating /home/travis/build/icyphy/ptII/ptolemy/domains/de/test/auto/PortParameterResetOnInitialize.xml
1 ms. Memory: 526336K Free: 335941K (64%)
----------------- Invoking toplevel() on ptolemy.moml.MoMLSimpleApplication@3d628f97
----------------- Done invoking toplevel() on ptolemy.moml.MoMLSimpleApplication@3d628f97
reloadAllAccessors: .PortParameterResetOnInitialize

===========================================================================================
----------------- testing Thu Nov 15 02:48:33 UTC 2018 /home/travis/build/icyphy/ptII/ptolemy/domains/de/test/auto/PortParameterUpdates.xml
----------------- Instantiating /home/travis/build/icyphy/ptII/ptolemy/domains/de/test/auto/PortParameterUpdates.xml
5 ms. Memory: 526336K Free: 322585K (61%)
----------------- Invoking toplevel() on ptolemy.moml.MoMLSimpleApplication@4b0a6d14
----------------- Done invoking toplevel() on ptolemy.moml.MoMLSimpleApplication@4b0a6d14
reloadAllAccessors: .PortParameterUpdates

===========================================================================================
----------------- testing Thu Nov 15 02:48:33 UTC 2018 /home/travis/build/icyphy/ptII/ptolemy/domains/de/test/auto/QueueAndServer.xml
----------------- Instantiating /home/travis/build/icyphy/ptII/ptolemy/domains/de/test/auto/QueueAndServer.xml
5 ms. Memory: 526336K Free: 309223K (59%)
----------------- Invoking toplevel() on ptolemy.moml.MoMLSimpleApplication@679f2035
----------------- Done invoking toplevel() on ptolemy.moml.MoMLSimpleApplication@679f2035
reloadAllAccessors: .QueueAndServer

===========================================================================================
----------------- testing Thu Nov 15 02:48:33 UTC 2018 /home/travis/build/icyphy/ptII/ptolemy/domains/de/test/auto/Records.xml
----------------- Instantiating /home/travis/build/icyphy/ptII/ptolemy/domains/de/test/auto/Records.xml
6 ms. Memory: 526336K Free: 295859K (56%)
----------------- Invoking toplevel() on ptolemy.moml.MoMLSimpleApplication@1ca50f07
----------------- Done invoking toplevel() on ptolemy.moml.MoMLSimpleApplication@1ca50f07
reloadAllAccessors: .Records

===========================================================================================
----------------- testing Thu Nov 15 02:48:33 UTC 2018 /home/travis/build/icyphy/ptII/ptolemy/domains/de/test/auto/ResetTransitionWithStartTime1.xml
----------------- Instantiating /home/travis/build/icyphy/ptII/ptolemy/domains/de/test/auto/ResetTransitionWithStartTime1.xml
4 ms. Memory: 526336K Free: 280528K (53%)
----------------- Invoking toplevel() on ptolemy.moml.MoMLSimpleApplication@60b085f8
----------------- Done invoking toplevel() on ptolemy.moml.MoMLSimpleApplication@60b085f8
reloadAllAccessors: .ResetTransitionWithStartTime1

===========================================================================================
----------------- testing Thu Nov 15 02:48:33 UTC 2018 /home/travis/build/icyphy/ptII/ptolemy/domains/de/test/auto/ResetTransitionWithStartTime2.xml
----------------- Instantiating /home/travis/build/icyphy/ptII/ptolemy/domains/de/test/auto/ResetTransitionWithStartTime2.xml
3 ms. Memory: 526336K Free: 267164K (51%)
----------------- Invoking toplevel() on ptolemy.moml.MoMLSimpleApplication@77291d82
----------------- Done invoking toplevel() on ptolemy.moml.MoMLSimpleApplication@77291d82
reloadAllAccessors: .ResetTransitionWithStartTime2

===========================================================================================
----------------- testing Thu Nov 15 02:48:34 UTC 2018 /home/travis/build/icyphy/ptII/ptolemy/domains/de/test/auto/ResetTransitionWithStartTime3.xml
----------------- Instantiating /home/travis/build/icyphy/ptII/ptolemy/domains/de/test/auto/ResetTransitionWithStartTime3.xml
4 ms. Memory: 526336K Free: 253808K (48%)
----------------- Invoking toplevel() on ptolemy.moml.MoMLSimpleApplication@37e3d21a
----------------- Done invoking toplevel() on ptolemy.moml.MoMLSimpleApplication@37e3d21a
reloadAllAccessors: .ResetTransitionWithStartTime3

===========================================================================================
----------------- testing Thu Nov 15 02:48:34 UTC 2018 /home/travis/build/icyphy/ptII/ptolemy/domains/de/test/auto/ResetTransitionWithStartTime4.xml
----------------- Instantiating /home/travis/build/icyphy/ptII/ptolemy/domains/de/test/auto/ResetTransitionWithStartTime4.xml
3 ms. Memory: 526336K Free: 240444K (46%)
----------------- Invoking toplevel() on ptolemy.moml.MoMLSimpleApplication@4b81f7c4
----------------- Done invoking toplevel() on ptolemy.moml.MoMLSimpleApplication@4b81f7c4
reloadAllAccessors: .ResetTransitionWithStartTime4

===========================================================================================
----------------- testing Thu Nov 15 02:48:34 UTC 2018 /home/travis/build/icyphy/ptII/ptolemy/domains/de/test/auto/ResettableTimer1.xml
----------------- Instantiating /home/travis/build/icyphy/ptII/ptolemy/domains/de/test/auto/ResettableTimer1.xml
1 ms. Memory: 526336K Free: 229579K (44%)
----------------- Invoking toplevel() on ptolemy.moml.MoMLSimpleApplication@d40d09
----------------- Done invoking toplevel() on ptolemy.moml.MoMLSimpleApplication@d40d09
reloadAllAccessors: .ResettableTimer1

===========================================================================================
----------------- testing Thu Nov 15 02:48:34 UTC 2018 /home/travis/build/icyphy/ptII/ptolemy/domains/de/test/auto/ResettableTimer2.xml
----------------- Instantiating /home/travis/build/icyphy/ptII/ptolemy/domains/de/test/auto/ResettableTimer2.xml
2 ms. Memory: 526336K Free: 220680K (42%)
----------------- Invoking toplevel() on ptolemy.moml.MoMLSimpleApplication@3a908e7d
----------------- Done invoking toplevel() on ptolemy.moml.MoMLSimpleApplication@3a908e7d
reloadAllAccessors: .ResettableTimer2

===========================================================================================
----------------- testing Thu Nov 15 02:48:34 UTC 2018 /home/travis/build/icyphy/ptII/ptolemy/domains/de/test/auto/ResettableTimer3.xml
----------------- Instantiating /home/travis/build/icyphy/ptII/ptolemy/domains/de/test/auto/ResettableTimer3.xml
1 ms. Memory: 526336K Free: 211782K (40%)
----------------- Invoking toplevel() on ptolemy.moml.MoMLSimpleApplication@26648d54
----------------- Done invoking toplevel() on ptolemy.moml.MoMLSimpleApplication@26648d54
reloadAllAccessors: .ResettableTimer3

===========================================================================================
----------------- testing Thu Nov 15 02:48:34 UTC 2018 /home/travis/build/icyphy/ptII/ptolemy/domains/de/test/auto/ResettableTimer4.xml
----------------- Instantiating /home/travis/build/icyphy/ptII/ptolemy/domains/de/test/auto/ResettableTimer4.xml
1 ms. Memory: 526336K Free: 202883K (39%)
----------------- Invoking toplevel() on ptolemy.moml.MoMLSimpleApplication@2273b71
----------------- Done invoking toplevel() on ptolemy.moml.MoMLSimpleApplication@2273b71
reloadAllAccessors: .ResettableTimer4

===========================================================================================
----------------- testing Thu Nov 15 02:48:34 UTC 2018 /home/travis/build/icyphy/ptII/ptolemy/domains/de/test/auto/ResettableTimer5.xml
----------------- Instantiating /home/travis/build/icyphy/ptII/ptolemy/domains/de/test/auto/ResettableTimer5.xml
1 ms. Memory: 526336K Free: 192018K (36%)
----------------- Invoking toplevel() on ptolemy.moml.MoMLSimpleApplication@300178f4
----------------- Done invoking toplevel() on ptolemy.moml.MoMLSimpleApplication@300178f4
reloadAllAccessors: .ResettableTimer5

===========================================================================================
----------------- testing Thu Nov 15 02:48:34 UTC 2018 /home/travis/build/icyphy/ptII/ptolemy/domains/de/test/auto/ResettableTimer6.xml
----------------- Instantiating /home/travis/build/icyphy/ptII/ptolemy/domains/de/test/auto/ResettableTimer6.xml
9 ms. Memory: 526336K Free: 183119K (35%)
----------------- Invoking toplevel() on ptolemy.moml.MoMLSimpleApplication@432719
----------------- Done invoking toplevel() on ptolemy.moml.MoMLSimpleApplication@432719
reloadAllAccessors: .ResettableTimer6

===========================================================================================
----------------- testing Thu Nov 15 02:48:34 UTC 2018 /home/travis/build/icyphy/ptII/ptolemy/domains/de/test/auto/ServerZeroDelay.xml
----------------- Instantiating /home/travis/build/icyphy/ptII/ptolemy/domains/de/test/auto/ServerZeroDelay.xml
2 ms. Memory: 526336K Free: 174221K (33%)
----------------- Invoking toplevel() on ptolemy.moml.MoMLSimpleApplication@7bd2fcfb
----------------- Done invoking toplevel() on ptolemy.moml.MoMLSimpleApplication@7bd2fcfb
reloadAllAccessors: .ServerZeroDelay

===========================================================================================
----------------- testing Thu Nov 15 02:48:34 UTC 2018 /home/travis/build/icyphy/ptII/ptolemy/domains/de/test/auto/SmartSender.xml
----------------- Instantiating /home/travis/build/icyphy/ptII/ptolemy/domains/de/test/auto/SmartSender.xml
3001 ms. Memory: 526336K Free: 165322K (31%)
----------------- Invoking toplevel() on ptolemy.moml.MoMLSimpleApplication@21b7374d
----------------- Done invoking toplevel() on ptolemy.moml.MoMLSimpleApplication@21b7374d
reloadAllAccessors: .SmartSender

===========================================================================================
----------------- testing Thu Nov 15 02:48:37 UTC 2018 /home/travis/build/icyphy/ptII/ptolemy/domains/de/test/auto/ThreadedComposite.xml
----------------- Instantiating /home/travis/build/icyphy/ptII/ptolemy/domains/de/test/auto/ThreadedComposite.xml
1994 ms. Memory: 508416K Free: 345884K (68%)
----------------- Invoking toplevel() on ptolemy.moml.MoMLSimpleApplication@1748fbfc
----------------- Done invoking toplevel() on ptolemy.moml.MoMLSimpleApplication@1748fbfc
reloadAllAccessors: .ThreadedComposite

===========================================================================================
----------------- testing Thu Nov 15 02:48:39 UTC 2018 /home/travis/build/icyphy/ptII/ptolemy/domains/de/test/auto/Time.xml
----------------- Instantiating /home/travis/build/icyphy/ptII/ptolemy/domains/de/test/auto/Time.xml
413 ms. Memory: 508416K Free: 285782K (56%)
----------------- Invoking toplevel() on ptolemy.moml.MoMLSimpleApplication@3dd037ad
----------------- Done invoking toplevel() on ptolemy.moml.MoMLSimpleApplication@3dd037ad
reloadAllAccessors: .Time

===========================================================================================
----------------- testing Thu Nov 15 02:48:39 UTC 2018 /home/travis/build/icyphy/ptII/ptolemy/domains/de/test/auto/TimeDelayZeroDelay.xml
----------------- Instantiating /home/travis/build/icyphy/ptII/ptolemy/domains/de/test/auto/TimeDelayZeroDelay.xml
3 ms. Memory: 508416K Free: 277292K (55%)
----------------- Invoking toplevel() on ptolemy.moml.MoMLSimpleApplication@686e9
----------------- Done invoking toplevel() on ptolemy.moml.MoMLSimpleApplication@686e9
reloadAllAccessors: .TimeDelayZeroDelay

===========================================================================================
----------------- testing Thu Nov 15 02:48:39 UTC 2018 /home/travis/build/icyphy/ptII/ptolemy/domains/de/test/auto/TimerZeroDelay.xml
----------------- Instantiating /home/travis/build/icyphy/ptII/ptolemy/domains/de/test/auto/TimerZeroDelay.xml
2 ms. Memory: 508416K Free: 267518K (53%)
----------------- Invoking toplevel() on ptolemy.moml.MoMLSimpleApplication@1c35de3b
----------------- Done invoking toplevel() on ptolemy.moml.MoMLSimpleApplication@1c35de3b
reloadAllAccessors: .TimerZeroDelay

===========================================================================================
----------------- testing Thu Nov 15 02:48:39 UTC 2018 /home/travis/build/icyphy/ptII/ptolemy/domains/de/test/auto/TimingParadox.xml
----------------- Instantiating /home/travis/build/icyphy/ptII/ptolemy/domains/de/test/auto/TimingParadox.xml
269 ms. Memory: 508416K Free: 196688K (39%)
----------------- Invoking toplevel() on ptolemy.moml.MoMLSimpleApplication@19eb0a5a
----------------- Done invoking toplevel() on ptolemy.moml.MoMLSimpleApplication@19eb0a5a
reloadAllAccessors: .TimingParadox

===========================================================================================
----------------- testing Thu Nov 15 02:48:39 UTC 2018 /home/travis/build/icyphy/ptII/ptolemy/domains/de/test/auto/TransferInputs.xml
----------------- Instantiating /home/travis/build/icyphy/ptII/ptolemy/domains/de/test/auto/TransferInputs.xml
2 ms. Memory: 508416K Free: 186898K (37%)
----------------- Invoking toplevel() on ptolemy.moml.MoMLSimpleApplication@3c117871
----------------- Done invoking toplevel() on ptolemy.moml.MoMLSimpleApplication@3c117871
reloadAllAccessors: .TransferInputs

===========================================================================================
----------------- testing Thu Nov 15 02:48:39 UTC 2018 /home/travis/build/icyphy/ptII/ptolemy/domains/de/test/auto/TransferOutputs2.xml
----------------- Instantiating /home/travis/build/icyphy/ptII/ptolemy/domains/de/test/auto/TransferOutputs2.xml
3 ms. Memory: 508416K Free: 175563K (35%)
----------------- Invoking toplevel() on ptolemy.moml.MoMLSimpleApplication@1a297fce
----------------- Done invoking toplevel() on ptolemy.moml.MoMLSimpleApplication@1a297fce
reloadAllAccessors: .TransferOutputs2

===========================================================================================
----------------- testing Thu Nov 15 02:48:39 UTC 2018 /home/travis/build/icyphy/ptII/ptolemy/domains/de/test/auto/Trilateration.xml
----------------- Instantiating /home/travis/build/icyphy/ptII/ptolemy/domains/de/test/auto/Trilateration.xml
11254 ms. Memory: 361472K Free: 322460K (89%)
----------------- Invoking toplevel() on ptolemy.moml.MoMLSimpleApplication@35b85dc8
----------------- Done invoking toplevel() on ptolemy.moml.MoMLSimpleApplication@35b85dc8
reloadAllAccessors: .Trilateration

===========================================================================================
----------------- testing Thu Nov 15 02:48:51 UTC 2018 /home/travis/build/icyphy/ptII/ptolemy/domains/de/test/auto/TwoSigmaDelta.xml
----------------- Instantiating /home/travis/build/icyphy/ptII/ptolemy/domains/de/test/auto/TwoSigmaDelta.xml
1863 ms. Memory: 354304K Free: 306267K (86%)
----------------- Invoking toplevel() on ptolemy.moml.MoMLSimpleApplication@70831eec
----------------- Done invoking toplevel() on ptolemy.moml.MoMLSimpleApplication@70831eec
reloadAllAccessors: .TwoSigmaDelta

===========================================================================================
----------------- testing Thu Nov 15 02:48:53 UTC 2018 /home/travis/build/icyphy/ptII/ptolemy/domains/de/test/auto/VariableDelay.xml
----------------- Instantiating /home/travis/build/icyphy/ptII/ptolemy/domains/de/test/auto/VariableDelay.xml
2 ms. Memory: 354304K Free: 294677K (83%)
----------------- Invoking toplevel() on ptolemy.moml.MoMLSimpleApplication@1cde26b6
----------------- Done invoking toplevel() on ptolemy.moml.MoMLSimpleApplication@1cde26b6
reloadAllAccessors: .VariableDelay

===========================================================================================
----------------- testing Thu Nov 15 02:48:53 UTC 2018 /home/travis/build/icyphy/ptII/ptolemy/domains/de/test/auto/VariableDelay2.xml
----------------- Instantiating /home/travis/build/icyphy/ptII/ptolemy/domains/de/test/auto/VariableDelay2.xml
1 ms. Memory: 354304K Free: 285941K (81%)
----------------- Invoking toplevel() on ptolemy.moml.MoMLSimpleApplication@5cb99c73
----------------- Done invoking toplevel() on ptolemy.moml.MoMLSimpleApplication@5cb99c73
reloadAllAccessors: .VariableDelay2

===========================================================================================
----------------- testing Thu Nov 15 02:48:53 UTC 2018 /home/travis/build/icyphy/ptII/ptolemy/domains/de/test/auto/VariableDelayZeroDelay.xml
----------------- Instantiating /home/travis/build/icyphy/ptII/ptolemy/domains/de/test/auto/VariableDelayZeroDelay.xml
2 ms. Memory: 354304K Free: 277540K (78%)
----------------- Invoking toplevel() on ptolemy.moml.MoMLSimpleApplication@4b02ec19
----------------- Done invoking toplevel() on ptolemy.moml.MoMLSimpleApplication@4b02ec19
reloadAllAccessors: .VariableDelayZeroDelay

===========================================================================================
----------------- testing Thu Nov 15 02:48:53 UTC 2018 /home/travis/build/icyphy/ptII/ptolemy/domains/de/test/auto/VariableDelayZeroDelay2.xml
----------------- Instantiating /home/travis/build/icyphy/ptII/ptolemy/domains/de/test/auto/VariableDelayZeroDelay2.xml
2 ms. Memory: 354304K Free: 268804K (76%)
----------------- Invoking toplevel() on ptolemy.moml.MoMLSimpleApplication@60ca52b1
----------------- Done invoking toplevel() on ptolemy.moml.MoMLSimpleApplication@60ca52b1
reloadAllAccessors: .VariableDelayZeroDelay2

===========================================================================================
----------------- testing Thu Nov 15 02:48:53 UTC 2018 /home/travis/build/icyphy/ptII/ptolemy/domains/de/test/auto/deInCt.xml
----------------- Instantiating /home/travis/build/icyphy/ptII/ptolemy/domains/de/test/auto/deInCt.xml
0
1
1
1
1
1
0
0
1
1
1
0
0
0
0
1
1
1
1
0
0
0
1
1
1
1
1
8 ms. Memory: 354304K Free: 260403K (73%)
----------------- Invoking toplevel() on ptolemy.moml.MoMLSimpleApplication@7a144544
----------------- Done invoking toplevel() on ptolemy.moml.MoMLSimpleApplication@7a144544
reloadAllAccessors: .deInCt

===========================================================================================
----------------- testing Thu Nov 15 02:48:53 UTC 2018 /home/travis/build/icyphy/ptII/ptolemy/domains/de/test/auto/deInCt2.xml
----------------- Instantiating /home/travis/build/icyphy/ptII/ptolemy/domains/de/test/auto/deInCt2.xml
0
1
1
1
0
0
1
1
1
0
0
1
1
1
0
0
1
1
1
0
0
1
1
1
0
0
1
1
1
0
0
1
1
1
0
0
1
1
1
0
0
0
5 ms. Memory: 354304K Free: 251659K (71%)
----------------- Invoking toplevel() on ptolemy.moml.MoMLSimpleApplication@2fe1d21a
----------------- Done invoking toplevel() on ptolemy.moml.MoMLSimpleApplication@2fe1d21a
reloadAllAccessors: .deInCt2

===========================================================================================
----------------- testing Thu Nov 15 02:48:53 UTC 2018 /home/travis/build/icyphy/ptII/ptolemy/domains/de/test/auto/dynamicCausalityInterface1.xml
----------------- Instantiating /home/travis/build/icyphy/ptII/ptolemy/domains/de/test/auto/dynamicCausalityInterface1.xml
1 ms. Memory: 354304K Free: 237895K (67%)
----------------- Invoking toplevel() on ptolemy.moml.MoMLSimpleApplication@7e27de96
----------------- Done invoking toplevel() on ptolemy.moml.MoMLSimpleApplication@7e27de96
reloadAllAccessors: .dynamicCausalityInterface1

===========================================================================================
----------------- testing Thu Nov 15 02:48:53 UTC 2018 /home/travis/build/icyphy/ptII/ptolemy/domains/de/test/auto/fsm_de_test.xml
----------------- Instantiating /home/travis/build/icyphy/ptII/ptolemy/domains/de/test/auto/fsm_de_test.xml
5 ms. Memory: 354304K Free: 226478K (64%)
----------------- Invoking toplevel() on ptolemy.moml.MoMLSimpleApplication@316328d8
----------------- Done invoking toplevel() on ptolemy.moml.MoMLSimpleApplication@316328d8
reloadAllAccessors: .fsm_de_test

===========================================================================================
----------------- testing Thu Nov 15 02:48:54 UTC 2018 /home/travis/build/icyphy/ptII/ptolemy/domains/de/test/auto/functionDependencyReconstruction.xml
----------------- Instantiating /home/travis/build/icyphy/ptII/ptolemy/domains/de/test/auto/functionDependencyReconstruction.xml
2 ms. Memory: 354304K Free: 207343K (59%)
----------------- Invoking toplevel() on ptolemy.moml.MoMLSimpleApplication@161d303d
----------------- Done invoking toplevel() on ptolemy.moml.MoMLSimpleApplication@161d303d
reloadAllAccessors: .functionDependencyReconstruction

===========================================================================================
----------------- testing Thu Nov 15 02:48:54 UTC 2018 /home/travis/build/icyphy/ptII/ptolemy/domains/de/test/auto/multirate.xml
----------------- Instantiating /home/travis/build/icyphy/ptII/ptolemy/domains/de/test/auto/multirate.xml
4 ms. Memory: 354304K Free: 195921K (55%)
----------------- Invoking toplevel() on ptolemy.moml.MoMLSimpleApplication@43edcc46
----------------- Done invoking toplevel() on ptolemy.moml.MoMLSimpleApplication@43edcc46
reloadAllAccessors: .multirate

===========================================================================================
----------------- testing Thu Nov 15 02:48:54 UTC 2018 /home/travis/build/icyphy/ptII/ptolemy/domains/de/test/auto/multirate2.xml
----------------- Instantiating /home/travis/build/icyphy/ptII/ptolemy/domains/de/test/auto/multirate2.xml
2 ms. Memory: 354304K Free: 187177K (53%)
----------------- Invoking toplevel() on ptolemy.moml.MoMLSimpleApplication@abebb05
----------------- Done invoking toplevel() on ptolemy.moml.MoMLSimpleApplication@abebb05
reloadAllAccessors: .multirate2

===========================================================================================
----------------- testing Thu Nov 15 02:48:54 UTC 2018 /home/travis/build/icyphy/ptII/ptolemy/domains/de/test/auto/realtime.xml
----------------- Instantiating /home/travis/build/icyphy/ptII/ptolemy/domains/de/test/auto/realtime.xml
10002 ms. Memory: 354304K Free: 178776K (50%)
----------------- Invoking toplevel() on ptolemy.moml.MoMLSimpleApplication@229f03cc
----------------- Done invoking toplevel() on ptolemy.moml.MoMLSimpleApplication@229f03cc
reloadAllAccessors: .realtime

===========================================================================================
----------------- testing Thu Nov 15 02:49:04 UTC 2018 /home/travis/build/icyphy/ptII/ptolemy/domains/de/test/auto/relationGroup.xml
----------------- Instantiating /home/travis/build/icyphy/ptII/ptolemy/domains/de/test/auto/relationGroup.xml
3 ms. Memory: 354304K Free: 172718K (49%)
----------------- Invoking toplevel() on ptolemy.moml.MoMLSimpleApplication@624a1f8
----------------- Done invoking toplevel() on ptolemy.moml.MoMLSimpleApplication@624a1f8
reloadAllAccessors: .relationGroup

===========================================================================================
----------------- testing Thu Nov 15 02:49:04 UTC 2018 /home/travis/build/icyphy/ptII/ptolemy/domains/de/test/auto/relationGroup2.xml
----------------- Instantiating /home/travis/build/icyphy/ptII/ptolemy/domains/de/test/auto/relationGroup2.xml
1 ms. Memory: 354304K Free: 167011K (47%)
----------------- Invoking toplevel() on ptolemy.moml.MoMLSimpleApplication@6a627f4b
----------------- Done invoking toplevel() on ptolemy.moml.MoMLSimpleApplication@6a627f4b
reloadAllAccessors: .relationGroup2

===========================================================================================
----------------- testing Thu Nov 15 02:49:04 UTC 2018 /home/travis/build/icyphy/ptII/ptolemy/domains/de/test/auto/sortWithOpaquePorts.xml
----------------- Instantiating /home/travis/build/icyphy/ptII/ptolemy/domains/de/test/auto/sortWithOpaquePorts.xml
1 ms. Memory: 354304K Free: 158258K (45%)
----------------- Invoking toplevel() on ptolemy.moml.MoMLSimpleApplication@14635079
----------------- Done invoking toplevel() on ptolemy.moml.MoMLSimpleApplication@14635079
reloadAllAccessors: .sortWithOpaquePorts

===========================================================================================
----------------- testing Thu Nov 15 02:49:04 UTC 2018 /home/travis/build/icyphy/ptII/ptolemy/domains/de/test/auto/transferInputsandOutputs.xml
----------------- Instantiating /home/travis/build/icyphy/ptII/ptolemy/domains/de/test/auto/transferInputsandOutputs.xml
2 ms. Memory: 354304K Free: 146820K (41%)
----------------- Invoking toplevel() on ptolemy.moml.MoMLSimpleApplication@7576e059
----------------- Done invoking toplevel() on ptolemy.moml.MoMLSimpleApplication@7576e059
reloadAllAccessors: .transferInputsandOutputs

===========================================================================================
----------------- testing Thu Nov 15 02:49:04 UTC 2018 /home/travis/build/icyphy/ptII/ptolemy/domains/de/test/auto/triggerType.xml
----------------- Instantiating /home/travis/build/icyphy/ptII/ptolemy/domains/de/test/auto/triggerType.xml
1 ms. Memory: 354304K Free: 138420K (39%)
----------------- Invoking toplevel() on ptolemy.moml.MoMLSimpleApplication@7c9e60b1
----------------- Done invoking toplevel() on ptolemy.moml.MoMLSimpleApplication@7c9e60b1
reloadAllAccessors: .triggerType
AutoTests.java: About to close Vertx.
AutoTests.java: Vertx closed.
]]></system-out>
  <system-err><![CDATA[java.lang.RuntimeException: Execution failed
	at ptolemy.moml.MoMLSimpleApplication$UnloadThread.run(MoMLSimpleApplication.java:402)
Caused by: ptolemy.kernel.util.IllegalActionException: Found a zero delay loop containing .dependencyLoop.original
  in .dependencyLoop and .dependencyLoop.original
	at ptolemy.actor.util.CausalityInterfaceForComposites._computeOutputPortDepth(CausalityInterfaceForComposites.java:759)
	at ptolemy.actor.util.CausalityInterfaceForComposites._computeInputDepth(CausalityInterfaceForComposites.java:696)
	at ptolemy.actor.util.CausalityInterfaceForComposites._computeOutputPortDepth(CausalityInterfaceForComposites.java:765)
	at ptolemy.actor.util.CausalityInterfaceForComposites._computeInputDepth(CausalityInterfaceForComposites.java:696)
	at ptolemy.actor.util.CausalityInterfaceForComposites._computeOutputPortDepth(CausalityInterfaceForComposites.java:765)
	at ptolemy.actor.util.CausalityInterfaceForComposites._computeInputDepth(CausalityInterfaceForComposites.java:696)
	at ptolemy.actor.util.CausalityInterfaceForComposites._computeActorDepth(CausalityInterfaceForComposites.java:532)
	at ptolemy.actor.util.CausalityInterfaceForComposites.checkForCycles(CausalityInterfaceForComposites.java:96)
	at ptolemy.domains.de.kernel.DEDirector.preinitialize(DEDirector.java:1338)
	at ptolemy.actor.CompositeActor.preinitialize(CompositeActor.java:1828)
	at ptolemy.actor.Manager.preinitializeAndResolveTypes(Manager.java:1040)
	at ptolemy.actor.Manager.initialize(Manager.java:710)
	at ptolemy.actor.Manager.execute(Manager.java:356)
	at ptolemy.actor.Manager.run(Manager.java:1263)
	at ptolemy.actor.Manager$PtolemyRunThread.run(Manager.java:1915)
java.lang.RuntimeException: Execution failed
	at ptolemy.moml.MoMLSimpleApplication$UnloadThread.run(MoMLSimpleApplication.java:402)
Caused by: ptolemy.kernel.util.IllegalActionException: Found a zero delay loop containing .dependencyLoop2.original
  in .dependencyLoop2 and .dependencyLoop2.original
	at ptolemy.actor.util.CausalityInterfaceForComposites._computeOutputPortDepth(CausalityInterfaceForComposites.java:759)
	at ptolemy.actor.util.CausalityInterfaceForComposites._computeInputDepth(CausalityInterfaceForComposites.java:696)
	at ptolemy.actor.util.CausalityInterfaceForComposites._computeOutputPortDepth(CausalityInterfaceForComposites.java:765)
	at ptolemy.actor.util.CausalityInterfaceForComposites._computeInputDepth(CausalityInterfaceForComposites.java:696)
	at ptolemy.actor.util.CausalityInterfaceForComposites._computeOutputPortDepth(CausalityInterfaceForComposites.java:765)
	at ptolemy.actor.util.CausalityInterfaceForComposites._computeInputDepth(CausalityInterfaceForComposites.java:696)
	at ptolemy.actor.util.CausalityInterfaceForComposites._computeActorDepth(CausalityInterfaceForComposites.java:532)
	at ptolemy.actor.util.CausalityInterfaceForComposites.checkForCycles(CausalityInterfaceForComposites.java:96)
	at ptolemy.domains.de.kernel.DEDirector.preinitialize(DEDirector.java:1338)
	at ptolemy.actor.CompositeActor.preinitialize(CompositeActor.java:1828)
	at ptolemy.actor.Manager.preinitializeAndResolveTypes(Manager.java:1040)
	at ptolemy.actor.Manager.initialize(Manager.java:710)
	at ptolemy.actor.Manager.execute(Manager.java:356)
	at ptolemy.actor.Manager.run(Manager.java:1263)
	at ptolemy.actor.Manager$PtolemyRunThread.run(Manager.java:1915)
java.lang.RuntimeException: Execution failed
	at ptolemy.moml.MoMLSimpleApplication$UnloadThread.run(MoMLSimpleApplication.java:402)
Caused by: ptolemy.kernel.util.IllegalActionException: Found a zero delay loop containing .dependencyLoop.original
  in .dependencyLoop and .dependencyLoop.original
	at ptolemy.actor.util.CausalityInterfaceForComposites._computeOutputPortDepth(CausalityInterfaceForComposites.java:759)
	at ptolemy.actor.util.CausalityInterfaceForComposites._computeInputDepth(CausalityInterfaceForComposites.java:696)
	at ptolemy.actor.util.CausalityInterfaceForComposites._computeOutputPortDepth(CausalityInterfaceForComposites.java:765)
	at ptolemy.actor.util.CausalityInterfaceForComposites._computeInputDepth(CausalityInterfaceForComposites.java:696)
	at ptolemy.actor.util.CausalityInterfaceForComposites._computeOutputPortDepth(CausalityInterfaceForComposites.java:765)
	at ptolemy.actor.util.CausalityInterfaceForComposites._computeInputDepth(CausalityInterfaceForComposites.java:696)
	at ptolemy.actor.util.CausalityInterfaceForComposites._computeActorDepth(CausalityInterfaceForComposites.java:532)
	at ptolemy.actor.util.CausalityInterfaceForComposites.checkForCycles(CausalityInterfaceForComposites.java:96)
	at ptolemy.domains.de.kernel.DEDirector.preinitialize(DEDirector.java:1338)
	at ptolemy.actor.CompositeActor.preinitialize(CompositeActor.java:1828)
	at ptolemy.actor.Manager.preinitializeAndResolveTypes(Manager.java:1040)
	at ptolemy.actor.Manager.initialize(Manager.java:710)
	at ptolemy.actor.Manager.execute(Manager.java:356)
	at ptolemy.actor.Manager.run(Manager.java:1263)
	at ptolemy.actor.Manager$PtolemyRunThread.run(Manager.java:1915)
java.lang.RuntimeException: Execution failed
	at ptolemy.moml.MoMLSimpleApplication$UnloadThread.run(MoMLSimpleApplication.java:402)
Caused by: ptolemy.kernel.util.IllegalActionException: Actor is not ready to fire.  Perhaps UpSample.prefire() returned false? Try debugging the actor by selecting "Listen to Actor".  Also, for SDF check moml for tokenConsumptionRate on input.
  in .DESDFClockTest.Play Bell.Copy1:SDF Director and .DESDFClockTest.Play Bell.UpSample
	at ptolemy.actor.sched.StaticSchedulingDirector.fire(StaticSchedulingDirector.java:227)
	at ptolemy.domains.sdf.kernel.SDFDirector.fire(SDFDirector.java:500)
	at ptolemy.actor.CompositeActor.fire(CompositeActor.java:455)
	at ptolemy.domains.de.kernel.DEDirector._fire(DEDirector.java:1949)
	at ptolemy.domains.de.kernel.DEDirector.fire(DEDirector.java:502)
	at ptolemy.actor.CompositeActor.fire(CompositeActor.java:455)
	at ptolemy.actor.Manager.iterate(Manager.java:851)
	at ptolemy.actor.Manager.execute(Manager.java:369)
	at ptolemy.actor.Manager.run(Manager.java:1263)
	at ptolemy.actor.Manager$PtolemyRunThread.run(Manager.java:1915)
java.lang.RuntimeException: Execution failed
	at ptolemy.moml.MoMLSimpleApplication$UnloadThread.run(MoMLSimpleApplication.java:402)
Caused by: ptolemy.kernel.util.IllegalActionException: Found a zero delay loop containing .dependencyLoop2.original
  in .dependencyLoop2 and .dependencyLoop2.original
	at ptolemy.actor.util.CausalityInterfaceForComposites._computeOutputPortDepth(CausalityInterfaceForComposites.java:759)
	at ptolemy.actor.util.CausalityInterfaceForComposites._computeInputDepth(CausalityInterfaceForComposites.java:696)
	at ptolemy.actor.util.CausalityInterfaceForComposites._computeOutputPortDepth(CausalityInterfaceForComposites.java:765)
	at ptolemy.actor.util.CausalityInterfaceForComposites._computeInputDepth(CausalityInterfaceForComposites.java:696)
	at ptolemy.actor.util.CausalityInterfaceForComposites._computeOutputPortDepth(CausalityInterfaceForComposites.java:765)
	at ptolemy.actor.util.CausalityInterfaceForComposites._computeInputDepth(CausalityInterfaceForComposites.java:696)
	at ptolemy.actor.util.CausalityInterfaceForComposites._computeActorDepth(CausalityInterfaceForComposites.java:532)
	at ptolemy.actor.util.CausalityInterfaceForComposites.checkForCycles(CausalityInterfaceForComposites.java:96)
	at ptolemy.domains.de.kernel.DEDirector.preinitialize(DEDirector.java:1338)
	at ptolemy.actor.CompositeActor.preinitialize(CompositeActor.java:1828)
	at ptolemy.actor.Manager.preinitializeAndResolveTypes(Manager.java:1040)
	at ptolemy.actor.Manager.initialize(Manager.java:710)
	at ptolemy.actor.Manager.execute(Manager.java:356)
	at ptolemy.actor.Manager.run(Manager.java:1263)
	at ptolemy.actor.Manager$PtolemyRunThread.run(Manager.java:1915)
java.lang.RuntimeException: Execution failed
	at ptolemy.moml.MoMLSimpleApplication$UnloadThread.run(MoMLSimpleApplication.java:402)
Caused by: ptolemy.kernel.util.IllegalActionException: Found a zero delay loop containing .HierarchicalModel.A
  in .HierarchicalModel and .HierarchicalModel.A
	at ptolemy.actor.util.CausalityInterfaceForComposites._computeOutputPortDepth(CausalityInterfaceForComposites.java:759)
	at ptolemy.actor.util.CausalityInterfaceForComposites._computeInputDepth(CausalityInterfaceForComposites.java:696)
	at ptolemy.actor.util.CausalityInterfaceForComposites._computeOutputPortDepth(CausalityInterfaceForComposites.java:765)
	at ptolemy.actor.util.CausalityInterfaceForComposites._computeInputDepth(CausalityInterfaceForComposites.java:696)
	at ptolemy.actor.util.CausalityInterfaceForComposites._computeOutputPortDepth(CausalityInterfaceForComposites.java:765)
	at ptolemy.actor.util.CausalityInterfaceForComposites._computeInputDepth(CausalityInterfaceForComposites.java:696)
	at ptolemy.actor.util.CausalityInterfaceForComposites._computeActorDepth(CausalityInterfaceForComposites.java:532)
	at ptolemy.actor.util.CausalityInterfaceForComposites.checkForCycles(CausalityInterfaceForComposites.java:96)
	at ptolemy.domains.de.kernel.DEDirector.preinitialize(DEDirector.java:1338)
	at ptolemy.actor.CompositeActor.preinitialize(CompositeActor.java:1828)
	at ptolemy.actor.Manager.preinitializeAndResolveTypes(Manager.java:1040)
	at ptolemy.actor.Manager.initialize(Manager.java:710)
	at ptolemy.actor.Manager.execute(Manager.java:356)
	at ptolemy.actor.Manager.run(Manager.java:1263)
	at ptolemy.actor.Manager$PtolemyRunThread.run(Manager.java:1915)
java.lang.RuntimeException: Execution failed
	at ptolemy.moml.MoMLSimpleApplication$UnloadThread.run(MoMLSimpleApplication.java:402)
Caused by: ptolemy.kernel.util.IllegalActionException: Test fails in iteration 1.
Value was: 1.0. Should have been: 2.0
  in .DirectFeedback.Test
	at ptolemy.actor.lib.Test.fire(Test.java:268)
	at ptolemy.domains.de.kernel.DEDirector._fire(DEDirector.java:1949)
	at ptolemy.domains.de.kernel.DEDirector.fire(DEDirector.java:502)
	at ptolemy.actor.CompositeActor.fire(CompositeActor.java:455)
	at ptolemy.actor.Manager.iterate(Manager.java:851)
	at ptolemy.actor.Manager.execute(Manager.java:369)
	at ptolemy.actor.Manager.run(Manager.java:1263)
	at ptolemy.actor.Manager$PtolemyRunThread.run(Manager.java:1915)
java.lang.RuntimeException: Execution failed
	at ptolemy.moml.MoMLSimpleApplication$UnloadThread.run(MoMLSimpleApplication.java:402)
Caused by: ptolemy.kernel.util.IllegalActionException: Actor is not ready to fire.  Perhaps UpSample.prefire() returned false? Try debugging the actor by selecting "Listen to Actor".  Also, for SDF check moml for tokenConsumptionRate on input.
  in .DESDFClockTest.Play Bell.Copy1:SDF Director and .DESDFClockTest.Play Bell.UpSample
	at ptolemy.actor.sched.StaticSchedulingDirector.fire(StaticSchedulingDirector.java:227)
	at ptolemy.domains.sdf.kernel.SDFDirector.fire(SDFDirector.java:500)
	at ptolemy.actor.CompositeActor.fire(CompositeActor.java:455)
	at ptolemy.domains.de.kernel.DEDirector._fire(DEDirector.java:1949)
	at ptolemy.domains.de.kernel.DEDirector.fire(DEDirector.java:502)
	at ptolemy.actor.CompositeActor.fire(CompositeActor.java:455)
	at ptolemy.actor.Manager.iterate(Manager.java:851)
	at ptolemy.actor.Manager.execute(Manager.java:369)
	at ptolemy.actor.Manager.run(Manager.java:1263)
	at ptolemy.actor.Manager$PtolemyRunThread.run(Manager.java:1915)
java.lang.reflect.InvocationTargetException
	at sun.reflect.NativeConstructorAccessorImpl.newInstance0(Native Method)
	at sun.reflect.NativeConstructorAccessorImpl.newInstance(NativeConstructorAccessorImpl.java:62)
	at sun.reflect.DelegatingConstructorAccessorImpl.newInstance(DelegatingConstructorAccessorImpl.java:45)
	at java.lang.reflect.Constructor.newInstance(Constructor.java:423)
	at ptolemy.util.test.junit.AutoKnownFailedTests.RunModel(AutoKnownFailedTests.java:105)
	at sun.reflect.NativeMethodAccessorImpl.invoke0(Native Method)
	at sun.reflect.NativeMethodAccessorImpl.invoke(NativeMethodAccessorImpl.java:62)
	at sun.reflect.DelegatingMethodAccessorImpl.invoke(DelegatingMethodAccessorImpl.java:43)
	at java.lang.reflect.Method.invoke(Method.java:498)
	at org.junit.runners.model.FrameworkMethod$1.runReflectiveCall(FrameworkMethod.java:44)
	at org.junit.internal.runners.model.ReflectiveCallable.run(ReflectiveCallable.java:15)
	at org.junit.runners.model.FrameworkMethod.invokeExplosively(FrameworkMethod.java:41)
	at junitparams.internal.InvokeParameterisedMethod.evaluate(InvokeParameterisedMethod.java:102)
	at org.junit.internal.runners.statements.FailOnTimeout$1.run(FailOnTimeout.java:28)
Caused by: ptolemy.kernel.util.IllegalActionException: Actor is not ready to fire.  Perhaps UpSample.prefire() returned false? Try debugging the actor by selecting "Listen to Actor".  Also, for SDF check moml for tokenConsumptionRate on input.
  in .DESDFClockTest.Play Bell.Copy1:SDF Director and .DESDFClockTest.Play Bell.UpSample
	at ptolemy.actor.sched.StaticSchedulingDirector.fire(StaticSchedulingDirector.java:227)
	at ptolemy.domains.sdf.kernel.SDFDirector.fire(SDFDirector.java:500)
	at ptolemy.actor.CompositeActor.fire(CompositeActor.java:455)
	at ptolemy.domains.de.kernel.DEDirector._fire(DEDirector.java:1949)
	at ptolemy.domains.de.kernel.DEDirector.fire(DEDirector.java:502)
	at ptolemy.actor.CompositeActor.fire(CompositeActor.java:455)
	at ptolemy.actor.Manager.iterate(Manager.java:851)
	at ptolemy.actor.Manager.execute(Manager.java:369)
	at ptolemy.actor.Manager.run(Manager.java:1263)
	at ptolemy.actor.Manager$PtolemyRunThread.run(Manager.java:1915)
java.lang.RuntimeException: Execution failed
	at ptolemy.moml.MoMLSimpleApplication$UnloadThread.run(MoMLSimpleApplication.java:402)
Caused by: ptolemy.kernel.util.IllegalActionException: Test fails in iteration 1.
Value was: 1.0. Should have been: 2.0
  in .DirectFeedback.Test
	at ptolemy.actor.lib.Test.fire(Test.java:268)
	at ptolemy.domains.de.kernel.DEDirector._fire(DEDirector.java:1949)
	at ptolemy.domains.de.kernel.DEDirector.fire(DEDirector.java:502)
	at ptolemy.actor.CompositeActor.fire(CompositeActor.java:455)
	at ptolemy.actor.Manager.iterate(Manager.java:851)
	at ptolemy.actor.Manager.execute(Manager.java:369)
	at ptolemy.actor.Manager.run(Manager.java:1263)
	at ptolemy.actor.Manager$PtolemyRunThread.run(Manager.java:1915)
java.lang.reflect.InvocationTargetException
	at sun.reflect.NativeConstructorAccessorImpl.newInstance0(Native Method)
	at sun.reflect.NativeConstructorAccessorImpl.newInstance(NativeConstructorAccessorImpl.java:62)
	at sun.reflect.DelegatingConstructorAccessorImpl.newInstance(DelegatingConstructorAccessorImpl.java:45)
	at java.lang.reflect.Constructor.newInstance(Constructor.java:423)
	at ptolemy.util.test.junit.AutoKnownFailedTests.RunModel(AutoKnownFailedTests.java:105)
	at sun.reflect.NativeMethodAccessorImpl.invoke0(Native Method)
	at sun.reflect.NativeMethodAccessorImpl.invoke(NativeMethodAccessorImpl.java:62)
	at sun.reflect.DelegatingMethodAccessorImpl.invoke(DelegatingMethodAccessorImpl.java:43)
	at java.lang.reflect.Method.invoke(Method.java:498)
	at org.junit.runners.model.FrameworkMethod$1.runReflectiveCall(FrameworkMethod.java:44)
	at org.junit.internal.runners.model.ReflectiveCallable.run(ReflectiveCallable.java:15)
	at org.junit.runners.model.FrameworkMethod.invokeExplosively(FrameworkMethod.java:41)
	at junitparams.internal.InvokeParameterisedMethod.evaluate(InvokeParameterisedMethod.java:102)
	at org.junit.internal.runners.statements.FailOnTimeout$1.run(FailOnTimeout.java:28)
Caused by: ptolemy.kernel.util.IllegalActionException: Test fails in iteration 1.
Value was: 1.0. Should have been: 2.0
  in .DirectFeedback.Test
	at ptolemy.actor.lib.Test.fire(Test.java:268)
	at ptolemy.domains.de.kernel.DEDirector._fire(DEDirector.java:1949)
	at ptolemy.domains.de.kernel.DEDirector.fire(DEDirector.java:502)
	at ptolemy.actor.CompositeActor.fire(CompositeActor.java:455)
	at ptolemy.actor.Manager.iterate(Manager.java:851)
	at ptolemy.actor.Manager.execute(Manager.java:369)
	at ptolemy.actor.Manager.run(Manager.java:1263)
	at ptolemy.actor.Manager$PtolemyRunThread.run(Manager.java:1915)
java.lang.RuntimeException: Execution failed
	at ptolemy.moml.MoMLSimpleApplication$UnloadThread.run(MoMLSimpleApplication.java:402)
Caused by: ptolemy.kernel.util.IllegalActionException: Found a zero delay loop containing .HierarchicalModel.A
  in .HierarchicalModel and .HierarchicalModel.A
	at ptolemy.actor.util.CausalityInterfaceForComposites._computeOutputPortDepth(CausalityInterfaceForComposites.java:759)
	at ptolemy.actor.util.CausalityInterfaceForComposites._computeInputDepth(CausalityInterfaceForComposites.java:696)
	at ptolemy.actor.util.CausalityInterfaceForComposites._computeOutputPortDepth(CausalityInterfaceForComposites.java:765)
	at ptolemy.actor.util.CausalityInterfaceForComposites._computeInputDepth(CausalityInterfaceForComposites.java:696)
	at ptolemy.actor.util.CausalityInterfaceForComposites._computeOutputPortDepth(CausalityInterfaceForComposites.java:765)
	at ptolemy.actor.util.CausalityInterfaceForComposites._computeInputDepth(CausalityInterfaceForComposites.java:696)
	at ptolemy.actor.util.CausalityInterfaceForComposites._computeActorDepth(CausalityInterfaceForComposites.java:532)
	at ptolemy.actor.util.CausalityInterfaceForComposites.checkForCycles(CausalityInterfaceForComposites.java:96)
	at ptolemy.domains.de.kernel.DEDirector.preinitialize(DEDirector.java:1338)
	at ptolemy.actor.CompositeActor.preinitialize(CompositeActor.java:1828)
	at ptolemy.actor.Manager.preinitializeAndResolveTypes(Manager.java:1040)
	at ptolemy.actor.Manager.initialize(Manager.java:710)
	at ptolemy.actor.Manager.execute(Manager.java:356)
	at ptolemy.actor.Manager.run(Manager.java:1263)
	at ptolemy.actor.Manager$PtolemyRunThread.run(Manager.java:1915)
java.lang.reflect.InvocationTargetException
	at sun.reflect.NativeConstructorAccessorImpl.newInstance0(Native Method)
	at sun.reflect.NativeConstructorAccessorImpl.newInstance(NativeConstructorAccessorImpl.java:62)
	at sun.reflect.DelegatingConstructorAccessorImpl.newInstance(DelegatingConstructorAccessorImpl.java:45)
	at java.lang.reflect.Constructor.newInstance(Constructor.java:423)
	at ptolemy.util.test.junit.AutoKnownFailedTests.RunModel(AutoKnownFailedTests.java:105)
	at sun.reflect.NativeMethodAccessorImpl.invoke0(Native Method)
	at sun.reflect.NativeMethodAccessorImpl.invoke(NativeMethodAccessorImpl.java:62)
	at sun.reflect.DelegatingMethodAccessorImpl.invoke(DelegatingMethodAccessorImpl.java:43)
	at java.lang.reflect.Method.invoke(Method.java:498)
	at org.junit.runners.model.FrameworkMethod$1.runReflectiveCall(FrameworkMethod.java:44)
	at org.junit.internal.runners.model.ReflectiveCallable.run(ReflectiveCallable.java:15)
	at org.junit.runners.model.FrameworkMethod.invokeExplosively(FrameworkMethod.java:41)
	at junitparams.internal.InvokeParameterisedMethod.evaluate(InvokeParameterisedMethod.java:102)
	at org.junit.internal.runners.statements.FailOnTimeout$1.run(FailOnTimeout.java:28)
Caused by: ptolemy.kernel.util.IllegalActionException: Found a zero delay loop containing .HierarchicalModel.A
  in .HierarchicalModel and .HierarchicalModel.A
	at ptolemy.actor.util.CausalityInterfaceForComposites._computeOutputPortDepth(CausalityInterfaceForComposites.java:759)
	at ptolemy.actor.util.CausalityInterfaceForComposites._computeInputDepth(CausalityInterfaceForComposites.java:696)
	at ptolemy.actor.util.CausalityInterfaceForComposites._computeOutputPortDepth(CausalityInterfaceForComposites.java:765)
	at ptolemy.actor.util.CausalityInterfaceForComposites._computeInputDepth(CausalityInterfaceForComposites.java:696)
	at ptolemy.actor.util.CausalityInterfaceForComposites._computeOutputPortDepth(CausalityInterfaceForComposites.java:765)
	at ptolemy.actor.util.CausalityInterfaceForComposites._computeInputDepth(CausalityInterfaceForComposites.java:696)
	at ptolemy.actor.util.CausalityInterfaceForComposites._computeActorDepth(CausalityInterfaceForComposites.java:532)
	at ptolemy.actor.util.CausalityInterfaceForComposites.checkForCycles(CausalityInterfaceForComposites.java:96)
	at ptolemy.domains.de.kernel.DEDirector.preinitialize(DEDirector.java:1338)
	at ptolemy.actor.CompositeActor.preinitialize(CompositeActor.java:1828)
	at ptolemy.actor.Manager.preinitializeAndResolveTypes(Manager.java:1040)
	at ptolemy.actor.Manager.initialize(Manager.java:710)
	at ptolemy.actor.Manager.execute(Manager.java:356)
	at ptolemy.actor.Manager.run(Manager.java:1263)
	at ptolemy.actor.Manager$PtolemyRunThread.run(Manager.java:1915)
java.lang.RuntimeException: Execution failed
	at ptolemy.moml.MoMLSimpleApplication$UnloadThread.run(MoMLSimpleApplication.java:402)
Caused by: ptolemy.kernel.util.IllegalActionException: Found a zero delay loop containing .dependencyLoop.original
  in .dependencyLoop and .dependencyLoop.original
	at ptolemy.actor.util.CausalityInterfaceForComposites._computeOutputPortDepth(CausalityInterfaceForComposites.java:759)
	at ptolemy.actor.util.CausalityInterfaceForComposites._computeInputDepth(CausalityInterfaceForComposites.java:696)
	at ptolemy.actor.util.CausalityInterfaceForComposites._computeOutputPortDepth(CausalityInterfaceForComposites.java:765)
	at ptolemy.actor.util.CausalityInterfaceForComposites._computeInputDepth(CausalityInterfaceForComposites.java:696)
	at ptolemy.actor.util.CausalityInterfaceForComposites._computeOutputPortDepth(CausalityInterfaceForComposites.java:765)
	at ptolemy.actor.util.CausalityInterfaceForComposites._computeInputDepth(CausalityInterfaceForComposites.java:696)
	at ptolemy.actor.util.CausalityInterfaceForComposites._computeActorDepth(CausalityInterfaceForComposites.java:532)
	at ptolemy.actor.util.CausalityInterfaceForComposites.checkForCycles(CausalityInterfaceForComposites.java:96)
	at ptolemy.domains.de.kernel.DEDirector.preinitialize(DEDirector.java:1338)
	at ptolemy.actor.CompositeActor.preinitialize(CompositeActor.java:1828)
	at ptolemy.actor.Manager.preinitializeAndResolveTypes(Manager.java:1040)
	at ptolemy.actor.Manager.initialize(Manager.java:710)
	at ptolemy.actor.Manager.execute(Manager.java:356)
	at ptolemy.actor.Manager.run(Manager.java:1263)
	at ptolemy.actor.Manager$PtolemyRunThread.run(Manager.java:1915)
java.lang.reflect.InvocationTargetException
	at sun.reflect.NativeConstructorAccessorImpl.newInstance0(Native Method)
	at sun.reflect.NativeConstructorAccessorImpl.newInstance(NativeConstructorAccessorImpl.java:62)
	at sun.reflect.DelegatingConstructorAccessorImpl.newInstance(DelegatingConstructorAccessorImpl.java:45)
	at java.lang.reflect.Constructor.newInstance(Constructor.java:423)
	at ptolemy.util.test.junit.AutoKnownFailedTests.RunModel(AutoKnownFailedTests.java:105)
	at sun.reflect.NativeMethodAccessorImpl.invoke0(Native Method)
	at sun.reflect.NativeMethodAccessorImpl.invoke(NativeMethodAccessorImpl.java:62)
	at sun.reflect.DelegatingMethodAccessorImpl.invoke(DelegatingMethodAccessorImpl.java:43)
	at java.lang.reflect.Method.invoke(Method.java:498)
	at org.junit.runners.model.FrameworkMethod$1.runReflectiveCall(FrameworkMethod.java:44)
	at org.junit.internal.runners.model.ReflectiveCallable.run(ReflectiveCallable.java:15)
	at org.junit.runners.model.FrameworkMethod.invokeExplosively(FrameworkMethod.java:41)
	at junitparams.internal.InvokeParameterisedMethod.evaluate(InvokeParameterisedMethod.java:102)
	at org.junit.internal.runners.statements.FailOnTimeout$1.run(FailOnTimeout.java:28)
Caused by: ptolemy.kernel.util.IllegalActionException: Found a zero delay loop containing .dependencyLoop.original
  in .dependencyLoop and .dependencyLoop.original
	at ptolemy.actor.util.CausalityInterfaceForComposites._computeOutputPortDepth(CausalityInterfaceForComposites.java:759)
	at ptolemy.actor.util.CausalityInterfaceForComposites._computeInputDepth(CausalityInterfaceForComposites.java:696)
	at ptolemy.actor.util.CausalityInterfaceForComposites._computeOutputPortDepth(CausalityInterfaceForComposites.java:765)
	at ptolemy.actor.util.CausalityInterfaceForComposites._computeInputDepth(CausalityInterfaceForComposites.java:696)
	at ptolemy.actor.util.CausalityInterfaceForComposites._computeOutputPortDepth(CausalityInterfaceForComposites.java:765)
	at ptolemy.actor.util.CausalityInterfaceForComposites._computeInputDepth(CausalityInterfaceForComposites.java:696)
	at ptolemy.actor.util.CausalityInterfaceForComposites._computeActorDepth(CausalityInterfaceForComposites.java:532)
	at ptolemy.actor.util.CausalityInterfaceForComposites.checkForCycles(CausalityInterfaceForComposites.java:96)
	at ptolemy.domains.de.kernel.DEDirector.preinitialize(DEDirector.java:1338)
	at ptolemy.actor.CompositeActor.preinitialize(CompositeActor.java:1828)
	at ptolemy.actor.Manager.preinitializeAndResolveTypes(Manager.java:1040)
	at ptolemy.actor.Manager.initialize(Manager.java:710)
	at ptolemy.actor.Manager.execute(Manager.java:356)
	at ptolemy.actor.Manager.run(Manager.java:1263)
	at ptolemy.actor.Manager$PtolemyRunThread.run(Manager.java:1915)
java.lang.RuntimeException: Execution failed
	at ptolemy.moml.MoMLSimpleApplication$UnloadThread.run(MoMLSimpleApplication.java:402)
Caused by: ptolemy.kernel.util.IllegalActionException: Found a zero delay loop containing .dependencyLoop2.original
  in .dependencyLoop2 and .dependencyLoop2.original
	at ptolemy.actor.util.CausalityInterfaceForComposites._computeOutputPortDepth(CausalityInterfaceForComposites.java:759)
	at ptolemy.actor.util.CausalityInterfaceForComposites._computeInputDepth(CausalityInterfaceForComposites.java:696)
	at ptolemy.actor.util.CausalityInterfaceForComposites._computeOutputPortDepth(CausalityInterfaceForComposites.java:765)
	at ptolemy.actor.util.CausalityInterfaceForComposites._computeInputDepth(CausalityInterfaceForComposites.java:696)
	at ptolemy.actor.util.CausalityInterfaceForComposites._computeOutputPortDepth(CausalityInterfaceForComposites.java:765)
	at ptolemy.actor.util.CausalityInterfaceForComposites._computeInputDepth(CausalityInterfaceForComposites.java:696)
	at ptolemy.actor.util.CausalityInterfaceForComposites._computeActorDepth(CausalityInterfaceForComposites.java:532)
	at ptolemy.actor.util.CausalityInterfaceForComposites.checkForCycles(CausalityInterfaceForComposites.java:96)
	at ptolemy.domains.de.kernel.DEDirector.preinitialize(DEDirector.java:1338)
	at ptolemy.actor.CompositeActor.preinitialize(CompositeActor.java:1828)
	at ptolemy.actor.Manager.preinitializeAndResolveTypes(Manager.java:1040)
	at ptolemy.actor.Manager.initialize(Manager.java:710)
	at ptolemy.actor.Manager.execute(Manager.java:356)
	at ptolemy.actor.Manager.run(Manager.java:1263)
	at ptolemy.actor.Manager$PtolemyRunThread.run(Manager.java:1915)
java.lang.reflect.InvocationTargetException
	at sun.reflect.NativeConstructorAccessorImpl.newInstance0(Native Method)
	at sun.reflect.NativeConstructorAccessorImpl.newInstance(NativeConstructorAccessorImpl.java:62)
	at sun.reflect.DelegatingConstructorAccessorImpl.newInstance(DelegatingConstructorAccessorImpl.java:45)
	at java.lang.reflect.Constructor.newInstance(Constructor.java:423)
	at ptolemy.util.test.junit.AutoKnownFailedTests.RunModel(AutoKnownFailedTests.java:105)
	at sun.reflect.NativeMethodAccessorImpl.invoke0(Native Method)
	at sun.reflect.NativeMethodAccessorImpl.invoke(NativeMethodAccessorImpl.java:62)
	at sun.reflect.DelegatingMethodAccessorImpl.invoke(DelegatingMethodAccessorImpl.java:43)
	at java.lang.reflect.Method.invoke(Method.java:498)
	at org.junit.runners.model.FrameworkMethod$1.runReflectiveCall(FrameworkMethod.java:44)
	at org.junit.internal.runners.model.ReflectiveCallable.run(ReflectiveCallable.java:15)
	at org.junit.runners.model.FrameworkMethod.invokeExplosively(FrameworkMethod.java:41)
	at junitparams.internal.InvokeParameterisedMethod.evaluate(InvokeParameterisedMethod.java:102)
	at org.junit.internal.runners.statements.FailOnTimeout$1.run(FailOnTimeout.java:28)
Caused by: ptolemy.kernel.util.IllegalActionException: Found a zero delay loop containing .dependencyLoop2.original
  in .dependencyLoop2 and .dependencyLoop2.original
	at ptolemy.actor.util.CausalityInterfaceForComposites._computeOutputPortDepth(CausalityInterfaceForComposites.java:759)
	at ptolemy.actor.util.CausalityInterfaceForComposites._computeInputDepth(CausalityInterfaceForComposites.java:696)
	at ptolemy.actor.util.CausalityInterfaceForComposites._computeOutputPortDepth(CausalityInterfaceForComposites.java:765)
	at ptolemy.actor.util.CausalityInterfaceForComposites._computeInputDepth(CausalityInterfaceForComposites.java:696)
	at ptolemy.actor.util.CausalityInterfaceForComposites._computeOutputPortDepth(CausalityInterfaceForComposites.java:765)
	at ptolemy.actor.util.CausalityInterfaceForComposites._computeInputDepth(CausalityInterfaceForComposites.java:696)
	at ptolemy.actor.util.CausalityInterfaceForComposites._computeActorDepth(CausalityInterfaceForComposites.java:532)
	at ptolemy.actor.util.CausalityInterfaceForComposites.checkForCycles(CausalityInterfaceForComposites.java:96)
	at ptolemy.domains.de.kernel.DEDirector.preinitialize(DEDirector.java:1338)
	at ptolemy.actor.CompositeActor.preinitialize(CompositeActor.java:1828)
	at ptolemy.actor.Manager.preinitializeAndResolveTypes(Manager.java:1040)
	at ptolemy.actor.Manager.initialize(Manager.java:710)
	at ptolemy.actor.Manager.execute(Manager.java:356)
	at ptolemy.actor.Manager.run(Manager.java:1263)
	at ptolemy.actor.Manager$PtolemyRunThread.run(Manager.java:1915)
]]></system-err>
</testsuite>
