<?xml version="1.0" encoding="UTF-8" ?>
<testsuite errors="0" failures="0" hostname="travis-job-720a1f31-c82c-472e-87ef-4a095ade5d80" name="ptolemy.actor.lib.test.junit.JUnitTclTest" skipped="0" tests="517" time="60.464" timestamp="2020-04-24T14:10:56">
  <properties>
    <property name="npm.executable" value="npm" />
    <property name="env.TRAVIS_ROOT" value="/" />
    <property name="ptII.mk.exists" value="true" />
    <property name="env.TRAVIS_APP_HOST" value="build.travis-ci.org" />
    <property name="env.rvm_bin_path" value="/home/travis/.rvm/bin" />
    <property name="java.home" value="/usr/local/lib/jvm/openjdk11" />
    <property name="env.TRAVIS_JOB_NUMBER" value="1611.8" />
    <property name="env.TRAVIS_HOME" value="/home/travis" />
    <property name="env.DISPLAY" value=":99.0" />
    <property name="env.TRAVIS_INIT" value="systemd" />
    <property name="env.SSH_TTY" value="/dev/pts/0" />
    <property name="java.net.preferIPv4Stack" value="true" />
    <property name="env.RUN_TESTS" value="true" />
    <property name="timeout.short" value="1000000" />
    <property name="junit.formatter" value="xml" />
    <property name="env.TRAVIS_SUDO" value="true" />
    <property name="env.TRAVIS_JOB_NAME" value="" />
    <property name="env.TRAVIS_STACK_NODE_ATTRIBUTES" value="/.node-attributes.yml" />
    <property name="env.LOGNAME" value="travis" />
    <property name="env.PT_TRAVIS_TEST_CORE1_XML" value="true" />
    <property name="jsdoc.home" value="node_modules/@terraswarm/jsdoc" />
    <property name="debuglevel" value="source,lines,vars" />
    <property name="checkstyle.formatter" value="xml" />
    <property name="env._system_version" value="16.04" />
    <property name="bin.vergil.makeable" value="true" />
    <property name="sun.os.patch.level" value="unknown" />
    <property name="java.vendor.url" value="http://java.oracle.com/" />
    <property name="env.TRAVIS_BUILD_WEB_URL" value="https://travis-ci.org/icyphy/ptII/builds/679039255" />
    <property name="java.version" value="11.0.2" />
    <property name="env.TZ" value="UTC" />
    <property name="env.TRAVIS_PULL_REQUEST_SHA" value="" />
    <property name="env.PT_NO_NET" value="true" />
    <property name="env.TRAVIS_SECURE_ENV_VARS" value="true" />
    <property name="env._system_type" value="Linux" />
    <property name="java.vendor.url.bug" value="http://bugreport.java.com/bugreport/" />
    <property name="npmjs-org-is-up" value="true" />
    <property name="env.LANGUAGE" value="en_US.UTF-8" />
    <property name="env.SSH_CLIENT" value="10.52.7.29 49868 22" />
    <property name="env.GEM_HOME" value="/home/travis/.rvm/gems/ruby-2.5.3" />
    <property name="env.HAS_ANTARES_THREE_LITTLE_FRONZIES_BADGE" value="true" />
    <property name="java.version.date" value="2019-01-15" />
    <property name="env.PS4" value="+" />
    <property name="ant.project.invoked-targets" value="build,test.core1.xml" />
    <property name="env.TRAVIS_PULL_REQUEST_BRANCH" value="" />
    <property name="env.TRAVIS_REPO_SLUG" value="icyphy/ptII" />
    <property name="env.XDG_DATA_DIRS" value="/usr/local/share:/usr/share:/var/lib/snapd/desktop" />
    <property name="jdk.debug" value="release" />
    <property name="env.TRAVIS_APT_PROXY" value="http://build-cache.travisci.net" />
    <property name="env.TRAVIS_CPU_ARCH" value="amd64" />
    <property name="node.in.path" value="true" />
    <property name="user.name" value="travis" />
    <property name="java.maxmemory" value="1400m" />
    <property name="env.RUBY_VERSION" value="ruby-2.5.3" />
    <property name="env.LANG" value="en_US.UTF-8" />
    <property name="sun.io.unicode.encoding" value="UnicodeLittle" />
    <property name="sun.jnu.encoding" value="UTF-8" />
    <property name="java.runtime.name" value="OpenJDK Runtime Environment" />
    <property name="usefile" value="false" />
    <property name="return.code" value="0" />
    <property name="junit.single.formatter" value="plain" />
    <property name="env.DYLD_LIBRARY_PATH" value="/home/travis/pthla/certi-tools/lib:" />
    <property name="env.DEBIAN_FRONTEND" value="noninteractive" />
    <property name="env.SSH_CONNECTION" value="10.52.7.29 49868 10.20.0.20 22" />
    <property name="env.MYSQL_UNIX_PORT" value="/var/run/mysqld/mysqld.sock" />
    <property name="env.LC_ALL" value="en_US.UTF-8" />
    <property name="env.TRAVIS_ALLOW_FAILURE" value="" />
    <property name="env.TRAVIS_JOB_WEB_URL" value="https://travis-ci.org/icyphy/ptII/jobs/679039263" />
    <property name="java.specification.name" value="Java Platform API Specification" />
    <property name="node.works" value="true" />
    <property name="user.timezone" value="" />
    <property name="path.separator" value=":" />
    <property name="env.TRAVIS_ENABLE_INFRA_DETECTION" value="true" />
    <property name="env.PYTHON_CFLAGS" value="-g -fstack-protector --param=ssp-buffer-size=4 -Wformat -Werror=format-security" />
    <property name="timeout.long" value="4000000" />
    <property name="env.CERTI_HOME" value="/home/travis/pthla/certi-tools" />
    <property name="ant.file.ptII" value="/home/travis/build/icyphy/ptII/build.xml" />
    <property name="javadoc.packagenames" value="com.*,diva.*,lbnl.*,org.hlacerti.*,org.json.*,org.ptolemy.*,org.terraswarm.*,ptolemy.*,ptserver.*" />
    <property name="file.encoding" value="UTF-8" />
    <property name="env.TRAVIS_PULL_REQUEST_SLUG" value="" />
    <property name="ant.project.default-target" value="build" />
    <property name="env.GIT_ASKPASS" value="echo" />
    <property name="env.HOME" value="/home/travis" />
    <property name="sun.java.command" value="org.apache.tools.ant.taskdefs.optional.junit.JUnitTestRunner ptolemy.actor.lib.test.junit.JUnitTclTest skipNonTests=false filtertrace=true haltOnError=false haltOnFailure=false formatter=org.apache.tools.ant.taskdefs.optional.junit.OutErrSummaryJUnitResultFormatter showoutput=true outputtoformatters=true logfailedtests=true threadid=0 logtestlistenerevents=false formatter=org.apache.tools.ant.taskdefs.optional.junit.XMLJUnitResultFormatter,/home/travis/build/icyphy/ptII/reports/junit/TEST-ptolemy.actor.lib.test.junit.JUnitTclTest.xml crashfile=/home/travis/build/icyphy/ptII/junitvmwatcher7377522338085504678.properties propsfile=/home/travis/build/icyphy/ptII/junit11030977334091684956.properties" />
    <property name="env.COMPOSER_NO_INTERACTION" value="1" />
    <property name="env.MANPATH" value="/home/travis/.nvm/versions/node/v7.10.1/share/man:/home/travis/.rvm/rubies/ruby-2.5.3/share/man:/usr/local/cmake-3.12.4/man:/usr/local/clang-7.0.0/share/man:/usr/local/man:/usr/local/share/man:/usr/share/man:/home/travis/.rvm/man" />
    <property name="env.TRAVIS_TIMER_ID" value="1b8482b0" />
    <property name="ant.file" value="/home/travis/build/icyphy/ptII/build.xml" />
    <property name="env.TRAVIS_COMMIT_RANGE" value="3e950cfe0f3c004454147d0a7dfedd7f8d8e77cc...52bfcaaec950ad6b43d11ffdb9cd3f924b0c1f76" />
    <property name="env._system_name" value="Ubuntu" />
    <property name="ptII.classpath.optional.property" value="/home/travis/build/icyphy/ptII/lib/bsh-2.0b4.jar:/home/travis/build/icyphy/ptII/lib/ptCal.jar:/home/travis/build/icyphy/ptII/lib/java_cup.jar:/home/travis/build/icyphy/ptII/lib/saxon8.jar:/home/travis/build/icyphy/ptII/lib/saxon8-dom.jar:/home/travis/build/icyphy/ptII/lib/chic.jar:/home/travis/build/icyphy/ptII/lib/ptcolt.jar:/home/travis/build/icyphy/ptII/vendors/misc/itext/iText.jar:/home/travis/build/icyphy/ptII/lib/g4ltl.jar:/home/travis/build/icyphy/ptII/lib/StructuralCoder.jar:/home/travis/build/icyphy/ptII/lib/jcerti.jar:/home/travis/build/icyphy/ptII/lib/javax.mail.jar:/home/travis/build/icyphy/ptII/vendors/JMF-2.1.1e/lib/jmf.jar:/home/travis/build/icyphy/ptII/lib/jna-4.0.0-variadic.jar:/home/travis/build/icyphy/ptII/vendors/misc/joystick/Joystick.jar:/home/travis/build/icyphy/ptII/lib/ptjacl.jar:/home/travis/build/icyphy/ptII/lib/jsoup-1.8.2.jar:/home/travis/build/icyphy/ptII/lib/junit-4.8.2.jar:/home/travis/build/icyphy/ptII/lib/JUnitParams-0.4.0.jar:/home/travis/build/icyphy/ptII/ptolemy/actor/lib/excel/jxl.jar:/home/travis/build/icyphy/ptII/lib/jython.jar:/home/travis/build/icyphy/ptII/lib/kieler.jar:/home/travis/build/icyphy/ptII/vendors/opencv/share/OpenCV/java/opencv-341.jar:/home/travis/build/icyphy/ptII/lib/oscP5.jar:/home/travis/build/icyphy/ptII/lib/nrjavaserial-3.11.0.devel.jar:/home/travis/build/icyphy/ptII/vendors/j3d/lib/Linux/j3dcore.jar:/home/travis/build/icyphy/ptII/vendors/j3d/lib/Linux/j3dutils.jar:/home/travis/build/icyphy/ptII/vendors/j3d/lib/Linux/vecmath.jar:/home/travis/build/icyphy/ptII/vendors/jogl/lib/Linux/gluegen-rt-natives-linux-amd64.jar:/home/travis/build/icyphy/ptII/vendors/jogl/lib/Linux/gluegen-rt.jar:/home/travis/build/icyphy/ptII/vendors/jogl/lib/Linux/jogl-all-natives-linux-amd64.jar:/home/travis/build/icyphy/ptII/vendors/jogl/lib/Linux/jogl-all.jar:/home/travis/build/icyphy/ptII/ptolemy/distributed/jini/jar/jini-core.jar:/home/travis/build/icyphy/ptII/ptolemy/distributed/jini/jar/jini-ext.jar:/home/travis/build/icyphy/ptII/ptolemy/distributed/jini/jar/sun-util.jar:/home/travis/build/icyphy/ptII/lib/protobuf-java-2.4.1.jar:/home/travis/build/icyphy/ptII/lib/org.eclipse.paho.client.mqttv3.jar:/home/travis/build/icyphy/ptII/lib/mapss.jar:/home/travis/build/icyphy/ptII/ptolemy/actor/ptalon/antlr/antlr.jar:/home/travis/build/icyphy/ptII/lib/JRI.jar:/home/travis/build/icyphy/ptII/lib/commons-lang-2.6.jar:/home/travis/build/icyphy/ptII/lib/commons-logging-1.1.1.jar:/home/travis/build/icyphy/ptII/lib/sootclasses.jar:/home/travis/build/icyphy/ptII/ptolemy/actor/lib/database/mysql-connector-java-5.1.6-bin.jar:/home/travis/build/icyphy/ptII/vendors/misc/sphinx4/sphinx4-data-5prealpha.jar:/home/travis/build/icyphy/ptII/vendors/misc/sphinx4/sphinx4-core-5prealpha.jar:/home/travis/build/icyphy/ptII/lib/PDFRenderer.jar:/home/travis/build/icyphy/ptII/lib/svgSalamander.jar:/home/travis/build/icyphy/ptII/lib/rsyntaxtextarea-2.6.0-SNAPSHOT.jar:/home/travis/build/icyphy/ptII/lib/hazelcast-3.8.2.jar:/home/travis/build/icyphy/ptII/lib/jackson-annotations-2.9.0.jar:/home/travis/build/icyphy/ptII/lib/jackson-core-2.9.3.jar:/home/travis/build/icyphy/ptII/lib/jackson-databind-2.9.3.jar:/home/travis/build/icyphy/ptII/lib/netty-buffer-4.1.19.Final.jar:/home/travis/build/icyphy/ptII/lib/netty-codec-4.1.19.Final.jar:/home/travis/build/icyphy/ptII/lib/netty-codec-dns-4.1.19.Final.jar:/home/travis/build/icyphy/ptII/lib/netty-codec-http-4.1.19.Final.jar:/home/travis/build/icyphy/ptII/lib/netty-codec-http2-4.1.19.Final.jar:/home/travis/build/icyphy/ptII/lib/netty-common-4.1.19.Final.jar:/home/travis/build/icyphy/ptII/lib/netty-handler-4.1.19.Final.jar:/home/travis/build/icyphy/ptII/lib/netty-resolver-4.1.19.Final.jar:/home/travis/build/icyphy/ptII/lib/netty-resolver-dns-4.1.19.Final.jar:/home/travis/build/icyphy/ptII/lib/netty-transport-4.1.19.Final.jar:/home/travis/build/icyphy/ptII/lib/vertx-codegen-3.5.1.jar:/home/travis/build/icyphy/ptII/lib/vertx-core-3.5.2-SNAPSHOT.jar:/home/travis/build/icyphy/ptII/lib/vertx-hazelcast-3.5.1.jar:/home/travis/build/icyphy/ptII/lib/vertx-lang-js-3.5.1.jar:/home/travis/build/icyphy/ptII/lib/vertx-service-proxy-3.5.1.jar:/home/travis/build/icyphy/ptII/lib/vertx-web-3.5.1.jar:/home/travis/build/icyphy/ptII/lib/slf4j-api-1.7.13.jar:/home/travis/build/icyphy/ptII/lib/slf4j-simple-1.7.13.jar:/home/travis/build/icyphy/ptII/lib/webcam-capture-0.3.12.jar:/home/travis/build/icyphy/ptII/lib/bridj-0.7.0.jar:/home/travis/build/icyphy/ptII/lib/xbjlib-1.1.0.nrjavaserial.jar" />
    <property name="timeout" value="2400000" />
    <property name="test.batch" value="**/junit/*.java" />
    <property name="env._" value="/usr/bin/timeout" />
    <property name="java.io.tmpdir" value="/tmp" />
    <property name="user.language" value="en" />
    <property name="env.TRAVIS_INTERNAL_RUBY_REGEX" value="^ruby-(2\.[0-4]\.[0-9]|1\.9\.3)" />
    <property name="env.HISTCONTROL" value="ignoredups:ignorespace" />
    <property name="env.GOROOT" value="/home/travis/.gimme/versions/go1.11.1.linux.amd64" />
    <property name="line.separator" value="&#xa;" />
    <property name="target" value="11" />
    <property name="env.TRAVIS_BUILD_DIR" value="/home/travis/build/icyphy/ptII" />
    <property name="env.ANT_OPTS" value="-Xmx2048m" />
    <property name="ant.file.type" value="file" />
    <property name="ptolemy.ptII.batchMode" value="true" />
    <property name="env.HISTSIZE" value="1000" />
    <property name="env.MERB_ENV" value="test" />
    <property name="java.vm.info" value="mixed mode" />
    <property name="source" value="11" />
    <property name="java.vm.specification.name" value="Java Virtual Machine Specification" />
    <property name="env.TRAVIS_TEST_RESULT" value="0" />
    <property name="jsdoc.command" value="node_modules/@terraswarm/jsdoc/jsdoc.js" />
    <property name="npm.works" value="true" />
    <property name="cobertura.dir" value="/home/travis/build/icyphy/ptII/vendors/cobertura-2.0.3" />
    <property name="jsdoc.command.exists" value="true" />
    <property name="env.rvm_path" value="/home/travis/.rvm" />
    <property name="env.GEM_PATH" value="/home/travis/.rvm/gems/ruby-2.5.3:/home/travis/.rvm/gems/ruby-2.5.3@global" />
    <property name="env.LC_CTYPE" value="en_US.UTF-8" />
    <property name="env.TRAVIS_CMD" value="$PTII/bin/ptIITravisBuild.sh $SECONDS" />
    <property name="java.awt.printerjob" value="sun.print.PSPrinterJob" />
    <property name="env.TRAVIS_STACK_NAME" value="sardonyx" />
    <property name="env.TRAVIS_TIMER_START_TIME" value="1587736837727318852" />
    <property name="ant.version" value="Apache Ant(TM) version 1.10.1 compiled on February 2 2017" />
    <property name="ptII.reports" value="/home/travis/build/icyphy/ptII/reports" />
    <property name="env.TRAVIS_STACK_TIMESTAMP" value="2019-03-25 16:16:56 UTC" />
    <property name="ant.file.type.ptII" value="file" />
    <property name="env.RBENV_SHELL" value="bash" />
    <property name="os.name" value="Linux" />
    <property name="java.specification.vendor" value="Oracle Corporation" />
    <property name="env.rvm_version" value="1.29.7 (latest)" />
    <property name="env.TRAVIS_INFRA" value="unknown" />
    <property name="env.TERM" value="xterm" />
    <property name="java.vm.name" value="OpenJDK 64-Bit Server VM" />
    <property name="env.TRAVIS_BUILD_NUMBER" value="1611" />
    <property name="env.CI" value="true" />
    <property name="java.library.path" value="/home/travis/pthla/certi-tools/lib:/usr/lib/jni:/usr/local/share/OpenCV/java/:/usr/share/OpenCV/java::/usr/java/packages/lib:/usr/lib64:/lib64:/lib:/usr/lib" />
    <property name="jdk.module.path" value="/home/travis/build/icyphy/ptII/vendors/javafx/javafx-sdk-11.0.2/lib:" />
    <property name="env.rvm_prefix" value="/home/travis" />
    <property name="env.PATH" value="/home/travis/pthla/certi-tools/share/scripts:/home/travis/.rvm/gems/ruby-2.5.3/bin:/home/travis/.rvm/gems/ruby-2.5.3@global/bin:/home/travis/.rvm/rubies/ruby-2.5.3/bin:/home/travis/.rvm/bin:/home/travis/.nvm/versions/node/v7.10.1/bin:./node_modules/.bin:/home/travis/build/icyphy/ptII/bin:/home/travis/pthla/certi-tools/bin:/home/travis/bin:/home/travis/.local/bin:/usr/local/lib/jvm/openjdk11/bin:/opt/pyenv/shims:/home/travis/.phpenv/shims:/home/travis/perl5/perlbrew/bin:/home/travis/gopath/bin:/home/travis/.gimme/versions/go1.11.1.linux.amd64/bin:/usr/local/maven-3.6.0/bin:/usr/local/cmake-3.12.4/bin:/usr/local/clang-7.0.0/bin:/usr/local/sbin:/usr/local/bin:/usr/sbin:/usr/bin:/sbin:/bin:/snap/bin:/home/travis/.phpenv/bin:/opt/pyenv/bin:/home/travis/.yarn/bin" />
    <property name="env.TRAVIS_OS_NAME" value="linux" />
    <property name="ant.java.version" value="9" />
    <property name="basedir" value="/home/travis/build/icyphy/ptII" />
    <property name="java.class.version" value="55.0" />
    <property name="env.SHLVL" value="3" />
    <property name="env.LD_LIBRARY_PATH" value="/home/travis/pthla/certi-tools/lib:/usr/lib/jni:/usr/local/share/OpenCV/java/:/usr/share/OpenCV/java:" />
    <property name="env.RACK_ENV" value="test" />
    <property name="ant.home" value="/home/travis/build/icyphy/ptII/ant" />
    <property name="env.NVM_DIR" value="/home/travis/.nvm" />
    <property name="env.CERTI_FOM_PATH" value="/home/travis/pthla/certi-tools/share/federations" />
    <property name="env.TRAVIS_BUILD_ID" value="679039255" />
    <property name="env.PYENV_ROOT" value="/opt/pyenv" />
    <property name="env.TRAVIS_UID" value="2000" />
    <property name="prism.verbose" value="true" />
    <property name="env.NVM_BIN" value="/home/travis/.nvm/versions/node/v7.10.1/bin" />
    <property name="env.TRAVIS_COMMIT" value="52bfcaaec950ad6b43d11ffdb9cd3f924b0c1f76" />
    <property name="env._system_arch" value="x86_64" />
    <property name="node.executable" value="node" />
    <property name="sun.boot.library.path" value="/usr/local/lib/jvm/openjdk11/lib" />
    <property name="sun.management.compiler" value="HotSpot 64-Bit Tiered Compilers" />
    <property name="java.awt.graphicsenv" value="sun.awt.X11GraphicsEnvironment" />
    <property name="env.GOPATH" value="/home/travis/gopath" />
    <property name="ptolemy.ptII.dir" value="/home/travis/build/icyphy/ptII" />
    <property name="env.USER" value="travis" />
    <property name="env.HISTFILESIZE" value="2000" />
    <property name="env.NVM_INC" value="/home/travis/.nvm/versions/node/v7.10.1/include/node" />
    <property name="timeout.longest" value="19000000" />
    <property name="env.PERLBREW_SHELLRC_VERSION" value="0.86" />
    <property name="env.TRAVIS_STACK_FEATURES" value="basic couchdb disabled-ipv6 docker docker-compose elasticsearch firefox go-toolchain google-chrome jdk memcached mongodb mysql nodejs_interpreter perl_interpreter perlbrew phantomjs postgresql python_interpreter redis ruby_interpreter sqlite xserver" />
    <property name="env.TRAVIS_PULL_REQUEST" value="false" />
    <property name="env.PYENV_SHELL" value="bash" />
    <property name="ant.project.name" value="ptII" />
    <property name="env.ANSI_RESET" value="\033[0m" />
    <property name="java.vm.specification.version" value="11" />
    <property name="env.TRAVIS_DIST" value="xenial" />
    <property name="env.CERTI_VERSION" value="4.0.0" />
    <property name="env.CERTI_HOST" value="localhost" />
    <property name="awt.toolkit" value="sun.awt.X11.XToolkit" />
    <property name="env.MY_RUBY_HOME" value="/home/travis/.rvm/rubies/ruby-2.5.3" />
    <property name="sun.cpu.isalist" value="" />
    <property name="env.TRAVIS_TMPDIR" value="/tmp/tmp.wKuYO1AW1b" />
    <property name="java.vm.compressedOopsMode" value="Zero based" />
    <property name="os.version" value="4.15.0-1028-gcp" />
    <property name="user.home" value="/home/travis" />
    <property name="java.vm.vendor" value="Oracle Corporation" />
    <property name="env.TRAVIS_TAG" value="nightly" />
    <property name="env.ANSI_YELLOW" value="\033[33;1m" />
    <property name="env.TRAVIS_FILTERED" value="redirect_io" />
    <property name="env.ANSI_GREEN" value="\033[32;1m" />
    <property name="env.JAVA_HOME" value="/usr/local/lib/jvm/openjdk11" />
    <property name="javadoc.excludepackagenames" value="adm.cvs2svn.*,build.*,config.*,doc.coding.templates.*,jni.test.jni.meaningOfLife.*,jni.test.jni.testDeux.*,jni.test.jni.testTrois.*,org.terraswarm.accessor.accessors.web.node_modules.*,org.terraswarm.accessor.accessors.web.hosts.cordova.demo.*,org.terraswarm.accessor.accessors.web.hosts.cordova.plugins.*,org.terraswarm.accessor.accessors-svn.*,pt-modules.*,ptolemy.apps.agilent.*,ptolemy.apps.anytimecontrol.*,ptolemy.apps.apes.*,ptolemy.apps.charon.*,ptolemy.apps.crazyboard.*,ptolemy.apps.eclipse.*,ptolemy.apps.etherealSting.*,ptolemy.apps.fullscreen.*,ptolemy.apps.giotto.*,ptolemy.apps.ia.*,ptolemy.apps.interfaces.*,ptolemy.apps.jmf.*,ptolemy.apps.kurt.*,ptolemy.apps.kvm.*,ptolemy.apps.lego.*,ptolemy.apps.lejos.*,ptolemy.apps.midp.*,ptolemy.apps.mobileCoding.*,ptolemy.apps.pendulum.*,ptolemy.apps.rijndael.*,ptolemy.apps.robot.*,ptolemy.apps.security.*,ptolemy.apps.sobel.*,ptolemy.apps.soot.*,ptolemy.apps.throttle.*,ptolemy.apps.tini.*,ptolemy.apps.transmission.*,ptolemy.apps.vergil.*,ptolemy.apps.waba.*,ptolemy.apps.websensor.*,ptolemy.apps.webstart.*,ptolemy.apps.xsl.*,ptolemy.apps.zaurus.*,ptolemy.codegen.c.actor.lib.oldJavaFiles.*,ptolemy.codegen.dsp.lib.*,ptolemy.codegen.kernel.newInterfaces.*,ptolemy.codegen.lib.*,ptolemy.copernicus.kernel.fragment.*,ptolemy.copernicus.shallow.cg.*,ptolemy.domains.giotto.demo.Hierarchy.Hierarchy.*,ptolemy.domains.giotto.demo.Multimode.Multimode.*,ptolemy.domains.giotto.demo.Simple.Simple.*,ptolemy.domains.gr.lib.experimental.*,ptolemy.domains.gro.*,ptolemy.domains.pdf.*,ptolemy.domains.ptinyos.demo.Surge.output.*,ptolemy.moml.test.NoPackageActor.java*,ptolemy.plot.adm.*,ptolemy.plot.servlet.*,reports.*,signed.*,src.*,target.*,vendors.*,ptolemy.copernicus.applet.*,ptolemy.media.viewer.*,ptolemy.actor.corba.*,doc.doclets.*,ptolemy.apps.eclipse.awt.*,ptolemy.backtrack.*,ptolemy.backtrack.ast.*,ptolemy.cg.adapter.generic.program.procedural.c.mbed*,ptolemy.homer.*,ptolemy.actor.lib.jai.*,org.ptolemy.scala.*,diva.util.java2d.svg.*,ptolemy.domains.ptinyos.*,ptolemy.actor.lib.fmi.fmipp.*,,org.terraswarm.accessor.accessors.web.node_modules.*,org.terraswarm.accessor.accessors-svn,ptolemy.apps.*,ptolemy.actor.ptalon.demo.ptinyos.SendAndReceiveCnt.output,ptolemy.actor.ptalon.demo.ptinyos.SenseToLeds.output,ptolemy.domains.ptinyos.demo.CntToLedsAndRfm.output,ptolemy.domains.ptinyos.demo.RfmToLeds.output,ptolemy.domains.ptinyos.demo.SendAndReceiveCnt.output,ptolemy.domains.ptinyos.demo.SenseToLeds.output,ptolemy.actor.lib.jjs.modules.udpSocket.*" />
    <property name="env.PTII" value="/home/travis/build/icyphy/ptII" />
    <property name="env.XDG_SESSION_ID" value="2" />
    <property name="keystore" value="ptKeystore" />
    <property name="env.TRAVIS_COMMIT_MESSAGE" value="Updating models using array data type." />
    <property name="junit.output.dir" value="/home/travis/build/icyphy/ptII/reports/junit" />
    <property name="npm.return.code" value="0" />
    <property name="user.dir" value="/home/travis/build/icyphy/ptII/ptolemy/actor/lib/test" />
    <property name="env.TRAVIS_NODE_VERSION" value="7" />
    <property name="env.TRAVIS_EVENT_TYPE" value="cron" />
    <property name="env.MAIL" value="/var/mail/travis" />
    <property name="env.PERLBREW_ROOT" value="/home/travis/perl5/perlbrew" />
    <property name="env.PWD" value="/home/travis/build/icyphy/ptII" />
    <property name="timeout.npm" value="45000" />
    <property name="env.TRAVIS_ARCH" value="amd64" />
    <property name="sun.cpu.endian" value="little" />
    <property name="env.PAGER" value="cat" />
    <property name="env.TRAVIS_BUILD_STAGE_NAME" value="test" />
    <property name="env.PERLBREW_HOME" value="/home/travis/.perlbrew" />
    <property name="java.vm.version" value="11.0.2+9" />
    <property name="env.RAILS_ENV" value="test" />
    <property name="java.class.path" value="/home/travis/.ptolemyII:/home/travis/.ptolemyII/*:/home/travis/build/icyphy/ptII:/home/travis/build/icyphy/ptII/lib/bsh-2.0b4.jar:/home/travis/build/icyphy/ptII/lib/ptCal.jar:/home/travis/build/icyphy/ptII/lib/java_cup.jar:/home/travis/build/icyphy/ptII/lib/saxon8.jar:/home/travis/build/icyphy/ptII/lib/saxon8-dom.jar:/home/travis/build/icyphy/ptII/lib/chic.jar:/home/travis/build/icyphy/ptII/lib/ptcolt.jar:/home/travis/build/icyphy/ptII/vendors/misc/itext/iText.jar:/home/travis/build/icyphy/ptII/lib/g4ltl.jar:/home/travis/build/icyphy/ptII/lib/StructuralCoder.jar:/home/travis/build/icyphy/ptII/lib/jcerti.jar:/home/travis/build/icyphy/ptII/lib/javax.mail.jar:/home/travis/build/icyphy/ptII/vendors/JMF-2.1.1e/lib/jmf.jar:/home/travis/build/icyphy/ptII/lib/jna-4.0.0-variadic.jar:/home/travis/build/icyphy/ptII/vendors/misc/joystick/Joystick.jar:/home/travis/build/icyphy/ptII/lib/ptjacl.jar:/home/travis/build/icyphy/ptII/lib/jsoup-1.8.2.jar:/home/travis/build/icyphy/ptII/lib/junit-4.8.2.jar:/home/travis/build/icyphy/ptII/lib/JUnitParams-0.4.0.jar:/home/travis/build/icyphy/ptII/ptolemy/actor/lib/excel/jxl.jar:/home/travis/build/icyphy/ptII/lib/jython.jar:/home/travis/build/icyphy/ptII/lib/kieler.jar:/home/travis/build/icyphy/ptII/vendors/opencv/share/OpenCV/java/opencv-341.jar:/home/travis/build/icyphy/ptII/lib/oscP5.jar:/home/travis/build/icyphy/ptII/lib/nrjavaserial-3.11.0.devel.jar:/home/travis/build/icyphy/ptII/vendors/j3d/lib/Linux/j3dcore.jar:/home/travis/build/icyphy/ptII/vendors/j3d/lib/Linux/j3dutils.jar:/home/travis/build/icyphy/ptII/vendors/j3d/lib/Linux/vecmath.jar:/home/travis/build/icyphy/ptII/vendors/jogl/lib/Linux/gluegen-rt-natives-linux-amd64.jar:/home/travis/build/icyphy/ptII/vendors/jogl/lib/Linux/gluegen-rt.jar:/home/travis/build/icyphy/ptII/vendors/jogl/lib/Linux/jogl-all-natives-linux-amd64.jar:/home/travis/build/icyphy/ptII/vendors/jogl/lib/Linux/jogl-all.jar:/home/travis/build/icyphy/ptII/ptolemy/distributed/jini/jar/jini-core.jar:/home/travis/build/icyphy/ptII/ptolemy/distributed/jini/jar/jini-ext.jar:/home/travis/build/icyphy/ptII/ptolemy/distributed/jini/jar/sun-util.jar:/home/travis/build/icyphy/ptII/lib/protobuf-java-2.4.1.jar:/home/travis/build/icyphy/ptII/lib/org.eclipse.paho.client.mqttv3.jar:/home/travis/build/icyphy/ptII/lib/mapss.jar:/home/travis/build/icyphy/ptII/ptolemy/actor/ptalon/antlr/antlr.jar:/home/travis/build/icyphy/ptII/lib/JRI.jar:/home/travis/build/icyphy/ptII/lib/commons-lang-2.6.jar:/home/travis/build/icyphy/ptII/lib/commons-logging-1.1.1.jar:/home/travis/build/icyphy/ptII/lib/sootclasses.jar:/home/travis/build/icyphy/ptII/ptolemy/actor/lib/database/mysql-connector-java-5.1.6-bin.jar:/home/travis/build/icyphy/ptII/vendors/misc/sphinx4/sphinx4-data-5prealpha.jar:/home/travis/build/icyphy/ptII/vendors/misc/sphinx4/sphinx4-core-5prealpha.jar:/home/travis/build/icyphy/ptII/lib/PDFRenderer.jar:/home/travis/build/icyphy/ptII/lib/svgSalamander.jar:/home/travis/build/icyphy/ptII/lib/rsyntaxtextarea-2.6.0-SNAPSHOT.jar:/home/travis/build/icyphy/ptII/lib/hazelcast-3.8.2.jar:/home/travis/build/icyphy/ptII/lib/jackson-annotations-2.9.0.jar:/home/travis/build/icyphy/ptII/lib/jackson-core-2.9.3.jar:/home/travis/build/icyphy/ptII/lib/jackson-databind-2.9.3.jar:/home/travis/build/icyphy/ptII/lib/netty-buffer-4.1.19.Final.jar:/home/travis/build/icyphy/ptII/lib/netty-codec-4.1.19.Final.jar:/home/travis/build/icyphy/ptII/lib/netty-codec-dns-4.1.19.Final.jar:/home/travis/build/icyphy/ptII/lib/netty-codec-http-4.1.19.Final.jar:/home/travis/build/icyphy/ptII/lib/netty-codec-http2-4.1.19.Final.jar:/home/travis/build/icyphy/ptII/lib/netty-common-4.1.19.Final.jar:/home/travis/build/icyphy/ptII/lib/netty-handler-4.1.19.Final.jar:/home/travis/build/icyphy/ptII/lib/netty-resolver-4.1.19.Final.jar:/home/travis/build/icyphy/ptII/lib/netty-resolver-dns-4.1.19.Final.jar:/home/travis/build/icyphy/ptII/lib/netty-transport-4.1.19.Final.jar:/home/travis/build/icyphy/ptII/lib/vertx-codegen-3.5.1.jar:/home/travis/build/icyphy/ptII/lib/vertx-core-3.5.2-SNAPSHOT.jar:/home/travis/build/icyphy/ptII/lib/vertx-hazelcast-3.5.1.jar:/home/travis/build/icyphy/ptII/lib/vertx-lang-js-3.5.1.jar:/home/travis/build/icyphy/ptII/lib/vertx-service-proxy-3.5.1.jar:/home/travis/build/icyphy/ptII/lib/vertx-web-3.5.1.jar:/home/travis/build/icyphy/ptII/lib/slf4j-api-1.7.13.jar:/home/travis/build/icyphy/ptII/lib/slf4j-simple-1.7.13.jar:/home/travis/build/icyphy/ptII/lib/webcam-capture-0.3.12.jar:/home/travis/build/icyphy/ptII/lib/bridj-0.7.0.jar:/home/travis/build/icyphy/ptII/lib/xbjlib-1.1.0.nrjavaserial.jar:/home/travis/build/icyphy/ptII/ptolemy/moml/test:/home/travis/build/icyphy/ptII/ant/lib/ant-launcher.jar:/home/travis/build/icyphy/ptII/ant/lib/ant.jar:/home/travis/build/icyphy/ptII/ant/lib/ant-junit.jar:/home/travis/build/icyphy/ptII/ant/lib/ant-junit4.jar" />
    <property name="ant.library.dir" value="/home/travis/build/icyphy/ptII/ant/lib" />
    <property name="os.arch" value="amd64" />
    <property name="env.CONTINUOUS_INTEGRATION" value="true" />
    <property name="env.TRAVIS_LANGUAGE" value="node_js" />
    <property name="env.TRAVIS_STACK_LANGUAGES" value="__sardonyx__ c c++ clojure cplusplus cpp default generic go groovy java node_js php pure_java python ruby scala" />
    <property name="test.name" value="ptolemy.actor.lib.test.junit.JUnitTclTest" />
    <property name="env.APT_KEY_DONT_WARN_ON_DANGEROUS_USAGE" value="1" />
    <property name="sun.java.launcher" value="SUN_STANDARD" />
    <property name="env.PYTHON_CONFIGURE_OPTS" value="--enable-unicode=ucs4 --with-wide-unicode --enable-shared --enable-ipv6 --enable-loadable-sqlite-extensions --with-computed-gotos" />
    <property name="ant.core.lib" value="/home/travis/build/icyphy/ptII/ant/lib/ant.jar" />
    <property name="java.vm.specification.vendor" value="Oracle Corporation" />
    <property name="env.BCVTB_HOME" value="/home/travis/build/icyphy/ptII/lbnl" />
    <property name="file.separator" value="/" />
    <property name="spotbugs.home" value="/home/travis/build/icyphy/ptII/vendors/spotbugs-3.1.1" />
    <property name="java.runtime.version" value="11.0.2+9" />
    <property name="env.ANSI_CLEAR" value="\033[0K" />
    <property name="javafx.verbose" value="true" />
    <property name="env.HAS_JOSH_K_SEAL_OF_APPROVAL" value="true" />
    <property name="env.XDG_RUNTIME_DIR" value="/run/user/2000" />
    <property name="env.TRAVIS_OSX_IMAGE" value="" />
    <property name="env.TRAVIS_JOB_ID" value="679039263" />
    <property name="env.TRAVIS_BRANCH" value="master" />
    <property name="user.country" value="US" />
    <property name="env.CERTI_HOME_TRAVIS" value="/home/travis/pthla/certi-tools" />
    <property name="env.SHELL" value="/bin/bash" />
    <property name="java.maxmemory.large" value="3200m" />
    <property name="model" value="" />
    <property name="env.CASHER_DIR" value="/home/travis/.casher" />
    <property name="env.NVM_CD_FLAGS" value="" />
    <property name="java.vendor.version" value="18.9" />
    <property name="jshint.executable" value="/home/travis/node_modules/jshint/bin/jshint" />
    <property name="env.JRUBY_OPTS" value=" --client -J-XX:+TieredCompilation -J-XX:TieredStopAtLevel=1 -J-Xss2m -Xcompile.invokedynamic=false" />
    <property name="java.vendor" value="Oracle Corporation" />
    <property name="env.TRAVIS_PRE_CHEF_BOOTSTRAP_TIME" value="2019-03-25T16:16:42" />
    <property name="env.TRAVIS_STACK_JOB_BOARD_REGISTER" value="/.job-board-register.yml" />
    <property name="env.ANSI_RED" value="\033[31;1m" />
    <property name="java.specification.version" value="11" />
    <property name="env.IRBRC" value="/home/travis/.rvm/rubies/ruby-2.5.3/.irbrc" />
    <property name="env.TRAVIS" value="true" />
    <property name="sun.arch.data.model" value="64" />
  </properties>
  <testcase classname="ptolemy.util.test.junit.TclTests" name="[0] /home/travis/build/icyphy/ptII/ptolemy/actor/lib/test/AbsoluteValue.tcl (RunTclFile)" time="0.534" />
  <testcase classname="ptolemy.util.test.junit.TclTests" name="[1] /home/travis/build/icyphy/ptII/ptolemy/actor/lib/test/AddSubtract.tcl (RunTclFile)" time="0.096" />
  <testcase classname="ptolemy.util.test.junit.TclTests" name="[2] /home/travis/build/icyphy/ptII/ptolemy/actor/lib/test/Average.tcl (RunTclFile)" time="0.034" />
  <testcase classname="ptolemy.util.test.junit.TclTests" name="[3] /home/travis/build/icyphy/ptII/ptolemy/actor/lib/test/Bernoulli.tcl (RunTclFile)" time="0.039" />
  <testcase classname="ptolemy.util.test.junit.TclTests" name="[4] /home/travis/build/icyphy/ptII/ptolemy/actor/lib/test/Clock.tcl (RunTclFile)" time="0.117" />
  <testcase classname="ptolemy.util.test.junit.TclTests" name="[5] /home/travis/build/icyphy/ptII/ptolemy/actor/lib/test/Commutator.tcl (RunTclFile)" time="0.182" />
  <testcase classname="ptolemy.util.test.junit.TclTests" name="[6] /home/travis/build/icyphy/ptII/ptolemy/actor/lib/test/Const.tcl (RunTclFile)" time="0.114" />
  <testcase classname="ptolemy.util.test.junit.TclTests" name="[7] /home/travis/build/icyphy/ptII/ptolemy/actor/lib/test/CurrentTime.tcl (RunTclFile)" time="0.036" />
  <testcase classname="ptolemy.util.test.junit.TclTests" name="[8] /home/travis/build/icyphy/ptII/ptolemy/actor/lib/test/DB.tcl (RunTclFile)" time="0.026" />
  <testcase classname="ptolemy.util.test.junit.TclTests" name="[9] /home/travis/build/icyphy/ptII/ptolemy/actor/lib/test/DiscreteRandomSource.tcl (RunTclFile)" time="0.026" />
  <testcase classname="ptolemy.util.test.junit.TclTests" name="[10] /home/travis/build/icyphy/ptII/ptolemy/actor/lib/test/Distributor.tcl (RunTclFile)" time="0.055" />
  <testcase classname="ptolemy.util.test.junit.TclTests" name="[11] /home/travis/build/icyphy/ptII/ptolemy/actor/lib/test/Exit.tcl (RunTclFile)" time="0.079" />
  <testcase classname="ptolemy.util.test.junit.TclTests" name="[12] /home/travis/build/icyphy/ptII/ptolemy/actor/lib/test/Expression.tcl (RunTclFile)" time="0.103" />
  <testcase classname="ptolemy.util.test.junit.TclTests" name="[13] /home/travis/build/icyphy/ptII/ptolemy/actor/lib/test/Gaussian.tcl (RunTclFile)" time="0.807" />
  <testcase classname="ptolemy.util.test.junit.TclTests" name="[14] /home/travis/build/icyphy/ptII/ptolemy/actor/lib/test/IIR.tcl (RunTclFile)" time="0.049" />
  <testcase classname="ptolemy.util.test.junit.TclTests" name="[15] /home/travis/build/icyphy/ptII/ptolemy/actor/lib/test/Interpolator.tcl (RunTclFile)" time="0.11" />
  <testcase classname="ptolemy.util.test.junit.TclTests" name="[16] /home/travis/build/icyphy/ptII/ptolemy/actor/lib/test/MathFunction.tcl (RunTclFile)" time="0.078" />
  <testcase classname="ptolemy.util.test.junit.TclTests" name="[17] /home/travis/build/icyphy/ptII/ptolemy/actor/lib/test/Maximum.tcl (RunTclFile)" time="0.029" />
  <testcase classname="ptolemy.util.test.junit.TclTests" name="[18] /home/travis/build/icyphy/ptII/ptolemy/actor/lib/test/Minimum.tcl (RunTclFile)" time="0.018" />
  <testcase classname="ptolemy.util.test.junit.TclTests" name="[19] /home/travis/build/icyphy/ptII/ptolemy/actor/lib/test/MultiplyDivide.tcl (RunTclFile)" time="0.019" />
  <testcase classname="ptolemy.util.test.junit.TclTests" name="[20] /home/travis/build/icyphy/ptII/ptolemy/actor/lib/test/OrderedMerge.tcl (RunTclFile)" time="0.079" />
  <testcase classname="ptolemy.util.test.junit.TclTests" name="[21] /home/travis/build/icyphy/ptII/ptolemy/actor/lib/test/Publisher.tcl (RunTclFile)" time="0.932" />
  <testcase classname="ptolemy.util.test.junit.TclTests" name="[22] /home/travis/build/icyphy/ptII/ptolemy/actor/lib/test/Pulse.tcl (RunTclFile)" time="0.042" />
  <testcase classname="ptolemy.util.test.junit.TclTests" name="[23] /home/travis/build/icyphy/ptII/ptolemy/actor/lib/test/Ramp.tcl (RunTclFile)" time="1.979" />
  <testcase classname="ptolemy.util.test.junit.TclTests" name="[24] /home/travis/build/icyphy/ptII/ptolemy/actor/lib/test/RampContinuous.tcl (RunTclFile)" time="0.017" />
  <testcase classname="ptolemy.util.test.junit.TclTests" name="[25] /home/travis/build/icyphy/ptII/ptolemy/actor/lib/test/RecordAssembler.tcl (RunTclFile)" time="0.014" />
  <testcase classname="ptolemy.util.test.junit.TclTests" name="[26] /home/travis/build/icyphy/ptII/ptolemy/actor/lib/test/RecordDisassembler.tcl (RunTclFile)" time="0.033" />
  <testcase classname="ptolemy.util.test.junit.TclTests" name="[27] /home/travis/build/icyphy/ptII/ptolemy/actor/lib/test/Scale.tcl (RunTclFile)" time="0.023" />
  <testcase classname="ptolemy.util.test.junit.TclTests" name="[28] /home/travis/build/icyphy/ptII/ptolemy/actor/lib/test/SequentialClock.tcl (RunTclFile)" time="0.014" />
  <testcase classname="ptolemy.util.test.junit.TclTests" name="[29] /home/travis/build/icyphy/ptII/ptolemy/actor/lib/test/SetVariable.tcl (RunTclFile)" time="0.011" />
  <testcase classname="ptolemy.util.test.junit.TclTests" name="[30] /home/travis/build/icyphy/ptII/ptolemy/actor/lib/test/Sinewave.tcl (RunTclFile)" time="0.063" />
  <testcase classname="ptolemy.util.test.junit.TclTests" name="[31] /home/travis/build/icyphy/ptII/ptolemy/actor/lib/test/SubscriptionAggregator.tcl (RunTclFile)" time="2.0" />
  <testcase classname="ptolemy.util.test.junit.TclTests" name="[32] /home/travis/build/icyphy/ptII/ptolemy/actor/lib/test/Test.tcl (RunTclFile)" time="0.097" />
  <testcase classname="ptolemy.util.test.junit.TclTests" name="[33] /home/travis/build/icyphy/ptII/ptolemy/actor/lib/test/TestExceptionHandler.tcl (RunTclFile)" time="0.012" />
  <testcase classname="ptolemy.util.test.junit.TclTests" name="[34] /home/travis/build/icyphy/ptII/ptolemy/actor/lib/test/UnionDisassembler.tcl (RunTclFile)" time="0.06" />
  <testcase classname="ptolemy.util.test.junit.TclTests" name="[35] /home/travis/build/icyphy/ptII/ptolemy/actor/lib/test/VariableClock.tcl (RunTclFile)" time="0.028" />
  <testcase classname="ptolemy.util.test.junit.AutoKnownFailedTests" name="[0] /home/travis/build/icyphy/ptII/ptolemy/actor/lib/test/auto/knownFailedTests/PublisherPortToplevelSubscriber.xml (RunModel)" time="0.025" />
  <testcase classname="ptolemy.util.test.junit.AutoKnownFailedTests" name="[1] /home/travis/build/icyphy/ptII/ptolemy/actor/lib/test/auto/knownFailedTests/PublisherSubscriberPortToplevel.xml (RunModel)" time="0.027" />
  <testcase classname="ptolemy.util.test.junit.AutoKnownFailedTests" name="[2] /home/travis/build/icyphy/ptII/ptolemy/actor/lib/test/auto/knownFailedTests/PublisherSubscriptionAggregatorPort.xml (RunModel)" time="0.019" />
  <testcase classname="ptolemy.util.test.junit.AutoKnownFailedTests" name="[3] /home/travis/build/icyphy/ptII/ptolemy/actor/lib/test/auto/knownFailedTests/sizedarray3.xml (RunModel)" time="0.033" />
  <testcase classname="ptolemy.util.test.junit.AutoNameArchTests" name="[0] ThereAreNoAutoArchTests (RunModel)" time="0.001" />
  <testcase classname="ptolemy.util.test.junit.AutoTests" name="[0] /home/travis/build/icyphy/ptII/ptolemy/actor/lib/test/auto/AbsoluteValue.xml (RunModel)" time="0.076" />
  <testcase classname="ptolemy.util.test.junit.AutoTests" name="[1] /home/travis/build/icyphy/ptII/ptolemy/actor/lib/test/auto/AbsoluteValue2.xml (RunModel)" time="0.059" />
  <testcase classname="ptolemy.util.test.junit.AutoTests" name="[2] /home/travis/build/icyphy/ptII/ptolemy/actor/lib/test/auto/Accumulator.xml (RunModel)" time="0.076" />
  <testcase classname="ptolemy.util.test.junit.AutoTests" name="[3] /home/travis/build/icyphy/ptII/ptolemy/actor/lib/test/auto/Accumulator2.xml (RunModel)" time="0.026" />
  <testcase classname="ptolemy.util.test.junit.AutoTests" name="[4] /home/travis/build/icyphy/ptII/ptolemy/actor/lib/test/auto/Accumulator3.xml (RunModel)" time="0.012" />
  <testcase classname="ptolemy.util.test.junit.AutoTests" name="[5] /home/travis/build/icyphy/ptII/ptolemy/actor/lib/test/auto/ArrayAppend.xml (RunModel)" time="0.023" />
  <testcase classname="ptolemy.util.test.junit.AutoTests" name="[6] /home/travis/build/icyphy/ptII/ptolemy/actor/lib/test/auto/ArrayAppend2.xml (RunModel)" time="0.381" />
  <testcase classname="ptolemy.util.test.junit.AutoTests" name="[7] /home/travis/build/icyphy/ptII/ptolemy/actor/lib/test/auto/ArrayAppend3.xml (RunModel)" time="0.028" />
  <testcase classname="ptolemy.util.test.junit.AutoTests" name="[8] /home/travis/build/icyphy/ptII/ptolemy/actor/lib/test/auto/ArrayAppend4.xml (RunModel)" time="0.015" />
  <testcase classname="ptolemy.util.test.junit.AutoTests" name="[9] /home/travis/build/icyphy/ptII/ptolemy/actor/lib/test/auto/ArrayAppend5.xml (RunModel)" time="0.014" />
  <testcase classname="ptolemy.util.test.junit.AutoTests" name="[10] /home/travis/build/icyphy/ptII/ptolemy/actor/lib/test/auto/ArrayAppend6.xml (RunModel)" time="0.022" />
  <testcase classname="ptolemy.util.test.junit.AutoTests" name="[11] /home/travis/build/icyphy/ptII/ptolemy/actor/lib/test/auto/ArrayAppendPerformanceTest.xml (RunModel)" time="0.057" />
  <testcase classname="ptolemy.util.test.junit.AutoTests" name="[12] /home/travis/build/icyphy/ptII/ptolemy/actor/lib/test/auto/ArrayAppendWithEmptyInput.xml (RunModel)" time="0.145" />
  <testcase classname="ptolemy.util.test.junit.AutoTests" name="[13] /home/travis/build/icyphy/ptII/ptolemy/actor/lib/test/auto/ArrayAverage.xml (RunModel)" time="0.07" />
  <testcase classname="ptolemy.util.test.junit.AutoTests" name="[14] /home/travis/build/icyphy/ptII/ptolemy/actor/lib/test/auto/ArrayContains.xml (RunModel)" time="0.037" />
  <testcase classname="ptolemy.util.test.junit.AutoTests" name="[15] /home/travis/build/icyphy/ptII/ptolemy/actor/lib/test/auto/ArrayElement.xml (RunModel)" time="0.018" />
  <testcase classname="ptolemy.util.test.junit.AutoTests" name="[16] /home/travis/build/icyphy/ptII/ptolemy/actor/lib/test/auto/ArrayElementAsMatrix.xml (RunModel)" time="0.035" />
  <testcase classname="ptolemy.util.test.junit.AutoTests" name="[17] /home/travis/build/icyphy/ptII/ptolemy/actor/lib/test/auto/ArrayElementI.xml (RunModel)" time="0.022" />
  <testcase classname="ptolemy.util.test.junit.AutoTests" name="[18] /home/travis/build/icyphy/ptII/ptolemy/actor/lib/test/auto/ArrayExtract.xml (RunModel)" time="0.031" />
  <testcase classname="ptolemy.util.test.junit.AutoTests" name="[19] /home/travis/build/icyphy/ptII/ptolemy/actor/lib/test/auto/ArrayExtract2.xml (RunModel)" time="0.033" />
  <testcase classname="ptolemy.util.test.junit.AutoTests" name="[20] /home/travis/build/icyphy/ptII/ptolemy/actor/lib/test/auto/ArrayLength.xml (RunModel)" time="0.012" />
  <testcase classname="ptolemy.util.test.junit.AutoTests" name="[21] /home/travis/build/icyphy/ptII/ptolemy/actor/lib/test/auto/ArrayLevelCrossing.xml (RunModel)" time="0.025" />
  <testcase classname="ptolemy.util.test.junit.AutoTests" name="[22] /home/travis/build/icyphy/ptII/ptolemy/actor/lib/test/auto/ArrayLevelCrossing2.xml (RunModel)" time="0.019" />
  <testcase classname="ptolemy.util.test.junit.AutoTests" name="[23] /home/travis/build/icyphy/ptII/ptolemy/actor/lib/test/auto/ArrayPeakSearch.xml (RunModel)" time="0.027" />
  <testcase classname="ptolemy.util.test.junit.AutoTests" name="[24] /home/travis/build/icyphy/ptII/ptolemy/actor/lib/test/auto/ArrayPeakSearch2.xml (RunModel)" time="0.032" />
  <testcase classname="ptolemy.util.test.junit.AutoTests" name="[25] /home/travis/build/icyphy/ptII/ptolemy/actor/lib/test/auto/ArrayPeakSearch3.xml (RunModel)" time="0.031" />
  <testcase classname="ptolemy.util.test.junit.AutoTests" name="[26] /home/travis/build/icyphy/ptII/ptolemy/actor/lib/test/auto/ArrayRemoveElement.xml (RunModel)" time="0.026" />
  <testcase classname="ptolemy.util.test.junit.AutoTests" name="[27] /home/travis/build/icyphy/ptII/ptolemy/actor/lib/test/auto/ArraySort.xml (RunModel)" time="0.027" />
  <testcase classname="ptolemy.util.test.junit.AutoTests" name="[28] /home/travis/build/icyphy/ptII/ptolemy/actor/lib/test/auto/ArraySum.xml (RunModel)" time="0.018" />
  <testcase classname="ptolemy.util.test.junit.AutoTests" name="[29] /home/travis/build/icyphy/ptII/ptolemy/actor/lib/test/auto/ArrayToElements.xml (RunModel)" time="0.02" />
  <testcase classname="ptolemy.util.test.junit.AutoTests" name="[30] /home/travis/build/icyphy/ptII/ptolemy/actor/lib/test/auto/ArrayToMatrix.xml (RunModel)" time="0.046" />
  <testcase classname="ptolemy.util.test.junit.AutoTests" name="[31] /home/travis/build/icyphy/ptII/ptolemy/actor/lib/test/auto/ArrayUpdate1.xml (RunModel)" time="0.016" />
  <testcase classname="ptolemy.util.test.junit.AutoTests" name="[32] /home/travis/build/icyphy/ptII/ptolemy/actor/lib/test/auto/ArrayUpdate2.xml (RunModel)" time="0.019" />
  <testcase classname="ptolemy.util.test.junit.AutoTests" name="[33] /home/travis/build/icyphy/ptII/ptolemy/actor/lib/test/auto/ArrayUpdate3.xml (RunModel)" time="0.022" />
  <testcase classname="ptolemy.util.test.junit.AutoTests" name="[34] /home/travis/build/icyphy/ptII/ptolemy/actor/lib/test/auto/Assert1.xml (RunModel)" time="0.022" />
  <testcase classname="ptolemy.util.test.junit.AutoTests" name="[35] /home/travis/build/icyphy/ptII/ptolemy/actor/lib/test/auto/Assert2.xml (RunModel)" time="0.014" />
  <testcase classname="ptolemy.util.test.junit.AutoTests" name="[36] /home/travis/build/icyphy/ptII/ptolemy/actor/lib/test/auto/BooleanMultiplexor.xml (RunModel)" time="0.014" />
  <testcase classname="ptolemy.util.test.junit.AutoTests" name="[37] /home/travis/build/icyphy/ptII/ptolemy/actor/lib/test/auto/BooleanMultiplexor2.xml (RunModel)" time="0.035" />
  <testcase classname="ptolemy.util.test.junit.AutoTests" name="[38] /home/travis/build/icyphy/ptII/ptolemy/actor/lib/test/auto/BooleanMultiplexor3.xml (RunModel)" time="0.036" />
  <testcase classname="ptolemy.util.test.junit.AutoTests" name="[39] /home/travis/build/icyphy/ptII/ptolemy/actor/lib/test/auto/BooleanSelect.xml (RunModel)" time="0.025" />
  <testcase classname="ptolemy.util.test.junit.AutoTests" name="[40] /home/travis/build/icyphy/ptII/ptolemy/actor/lib/test/auto/BooleanSelect2.xml (RunModel)" time="0.014" />
  <testcase classname="ptolemy.util.test.junit.AutoTests" name="[41] /home/travis/build/icyphy/ptII/ptolemy/actor/lib/test/auto/BooleanSwitch.xml (RunModel)" time="0.018" />
  <testcase classname="ptolemy.util.test.junit.AutoTests" name="[42] /home/travis/build/icyphy/ptII/ptolemy/actor/lib/test/auto/BooleanSwitch2.xml (RunModel)" time="0.012" />
  <testcase classname="ptolemy.util.test.junit.AutoTests" name="[43] /home/travis/build/icyphy/ptII/ptolemy/actor/lib/test/auto/BooleanSwitchCloningBugWithClassRelationGroup.xml (RunModel)" time="0.034" />
  <testcase classname="ptolemy.util.test.junit.AutoTests" name="[44] /home/travis/build/icyphy/ptII/ptolemy/actor/lib/test/auto/BusActors.xml (RunModel)" time="0.041" />
  <testcase classname="ptolemy.util.test.junit.AutoTests" name="[45] /home/travis/build/icyphy/ptII/ptolemy/actor/lib/test/auto/ClassWrapper.xml (RunModel)" time="0.024" />
  <testcase classname="ptolemy.util.test.junit.AutoTests" name="[46] /home/travis/build/icyphy/ptII/ptolemy/actor/lib/test/auto/Clock.xml (RunModel)" time="0.017" />
  <testcase classname="ptolemy.util.test.junit.AutoTests" name="[47] /home/travis/build/icyphy/ptII/ptolemy/actor/lib/test/auto/Clock10.xml (RunModel)" time="0.018" />
  <testcase classname="ptolemy.util.test.junit.AutoTests" name="[48] /home/travis/build/icyphy/ptII/ptolemy/actor/lib/test/auto/Clock11.xml (RunModel)" time="0.016" />
  <testcase classname="ptolemy.util.test.junit.AutoTests" name="[49] /home/travis/build/icyphy/ptII/ptolemy/actor/lib/test/auto/Clock12.xml (RunModel)" time="0.017" />
  <testcase classname="ptolemy.util.test.junit.AutoTests" name="[50] /home/travis/build/icyphy/ptII/ptolemy/actor/lib/test/auto/Clock13.xml (RunModel)" time="0.017" />
  <testcase classname="ptolemy.util.test.junit.AutoTests" name="[51] /home/travis/build/icyphy/ptII/ptolemy/actor/lib/test/auto/Clock14.xml (RunModel)" time="0.018" />
  <testcase classname="ptolemy.util.test.junit.AutoTests" name="[52] /home/travis/build/icyphy/ptII/ptolemy/actor/lib/test/auto/Clock15.xml (RunModel)" time="0.01" />
  <testcase classname="ptolemy.util.test.junit.AutoTests" name="[53] /home/travis/build/icyphy/ptII/ptolemy/actor/lib/test/auto/Clock16.xml (RunModel)" time="0.089" />
  <testcase classname="ptolemy.util.test.junit.AutoTests" name="[54] /home/travis/build/icyphy/ptII/ptolemy/actor/lib/test/auto/Clock17.xml (RunModel)" time="0.067" />
  <testcase classname="ptolemy.util.test.junit.AutoTests" name="[55] /home/travis/build/icyphy/ptII/ptolemy/actor/lib/test/auto/Clock18.xml (RunModel)" time="0.051" />
  <testcase classname="ptolemy.util.test.junit.AutoTests" name="[56] /home/travis/build/icyphy/ptII/ptolemy/actor/lib/test/auto/Clock19.xml (RunModel)" time="0.034" />
  <testcase classname="ptolemy.util.test.junit.AutoTests" name="[57] /home/travis/build/icyphy/ptII/ptolemy/actor/lib/test/auto/Clock2.xml (RunModel)" time="0.013" />
  <testcase classname="ptolemy.util.test.junit.AutoTests" name="[58] /home/travis/build/icyphy/ptII/ptolemy/actor/lib/test/auto/Clock20.xml (RunModel)" time="0.022" />
  <testcase classname="ptolemy.util.test.junit.AutoTests" name="[59] /home/travis/build/icyphy/ptII/ptolemy/actor/lib/test/auto/Clock21.xml (RunModel)" time="0.012" />
  <testcase classname="ptolemy.util.test.junit.AutoTests" name="[60] /home/travis/build/icyphy/ptII/ptolemy/actor/lib/test/auto/Clock22.xml (RunModel)" time="0.011" />
  <testcase classname="ptolemy.util.test.junit.AutoTests" name="[61] /home/travis/build/icyphy/ptII/ptolemy/actor/lib/test/auto/Clock23.xml (RunModel)" time="0.018" />
  <testcase classname="ptolemy.util.test.junit.AutoTests" name="[62] /home/travis/build/icyphy/ptII/ptolemy/actor/lib/test/auto/Clock24.xml (RunModel)" time="0.013" />
  <testcase classname="ptolemy.util.test.junit.AutoTests" name="[63] /home/travis/build/icyphy/ptII/ptolemy/actor/lib/test/auto/Clock4.xml (RunModel)" time="0.024" />
  <testcase classname="ptolemy.util.test.junit.AutoTests" name="[64] /home/travis/build/icyphy/ptII/ptolemy/actor/lib/test/auto/Clock5.xml (RunModel)" time="0.012" />
  <testcase classname="ptolemy.util.test.junit.AutoTests" name="[65] /home/travis/build/icyphy/ptII/ptolemy/actor/lib/test/auto/Clock6.xml (RunModel)" time="0.009" />
  <testcase classname="ptolemy.util.test.junit.AutoTests" name="[66] /home/travis/build/icyphy/ptII/ptolemy/actor/lib/test/auto/Clock7.xml (RunModel)" time="0.01" />
  <testcase classname="ptolemy.util.test.junit.AutoTests" name="[67] /home/travis/build/icyphy/ptII/ptolemy/actor/lib/test/auto/Clock8.xml (RunModel)" time="0.014" />
  <testcase classname="ptolemy.util.test.junit.AutoTests" name="[68] /home/travis/build/icyphy/ptII/ptolemy/actor/lib/test/auto/Clock9.xml (RunModel)" time="0.015" />
  <testcase classname="ptolemy.util.test.junit.AutoTests" name="[69] /home/travis/build/icyphy/ptII/ptolemy/actor/lib/test/auto/CommDistDiscard.xml (RunModel)" time="0.022" />
  <testcase classname="ptolemy.util.test.junit.AutoTests" name="[70] /home/travis/build/icyphy/ptII/ptolemy/actor/lib/test/auto/Commutator.xml (RunModel)" time="0.014" />
  <testcase classname="ptolemy.util.test.junit.AutoTests" name="[71] /home/travis/build/icyphy/ptII/ptolemy/actor/lib/test/auto/Commutator2.xml (RunModel)" time="0.01" />
  <testcase classname="ptolemy.util.test.junit.AutoTests" name="[72] /home/travis/build/icyphy/ptII/ptolemy/actor/lib/test/auto/Commutator3.xml (RunModel)" time="0.011" />
  <testcase classname="ptolemy.util.test.junit.AutoTests" name="[73] /home/travis/build/icyphy/ptII/ptolemy/actor/lib/test/auto/Compare.xml (RunModel)" time="0.022" />
  <testcase classname="ptolemy.util.test.junit.AutoTests" name="[74] /home/travis/build/icyphy/ptII/ptolemy/actor/lib/test/auto/CompareDE.xml (RunModel)" time="0.021" />
  <testcase classname="ptolemy.util.test.junit.AutoTests" name="[75] /home/travis/build/icyphy/ptII/ptolemy/actor/lib/test/auto/ComplexDivide.xml (RunModel)" time="0.013" />
  <testcase classname="ptolemy.util.test.junit.AutoTests" name="[76] /home/travis/build/icyphy/ptII/ptolemy/actor/lib/test/auto/ComputeHistogram.xml (RunModel)" time="0.065" />
  <testcase classname="ptolemy.util.test.junit.AutoTests" name="[77] /home/travis/build/icyphy/ptII/ptolemy/actor/lib/test/auto/ConfigurationSelect.xml (RunModel)" time="0.022" />
  <testcase classname="ptolemy.util.test.junit.AutoTests" name="[78] /home/travis/build/icyphy/ptII/ptolemy/actor/lib/test/auto/ConfigurationSelect2.xml (RunModel)" time="0.017" />
  <testcase classname="ptolemy.util.test.junit.AutoTests" name="[79] /home/travis/build/icyphy/ptII/ptolemy/actor/lib/test/auto/ConfigurationSwitch.xml (RunModel)" time="0.024" />
  <testcase classname="ptolemy.util.test.junit.AutoTests" name="[80] /home/travis/build/icyphy/ptII/ptolemy/actor/lib/test/auto/ConfigurationSwitch2.xml (RunModel)" time="0.023" />
  <testcase classname="ptolemy.util.test.junit.AutoTests" name="[81] /home/travis/build/icyphy/ptII/ptolemy/actor/lib/test/auto/ConfigurationSwitchCloningBugWithClassRelationGroup.xml (RunModel)" time="0.017" />
  <testcase classname="ptolemy.util.test.junit.AutoTests" name="[82] /home/travis/build/icyphy/ptII/ptolemy/actor/lib/test/auto/ConfigurationSwitchSelectSDF.xml (RunModel)" time="0.015" />
  <testcase classname="ptolemy.util.test.junit.AutoTests" name="[83] /home/travis/build/icyphy/ptII/ptolemy/actor/lib/test/auto/ConfigurationSwitchSelectSDF2.xml (RunModel)" time="0.013" />
  <testcase classname="ptolemy.util.test.junit.AutoTests" name="[84] /home/travis/build/icyphy/ptII/ptolemy/actor/lib/test/auto/Const.xml (RunModel)" time="0.008" />
  <testcase classname="ptolemy.util.test.junit.AutoTests" name="[85] /home/travis/build/icyphy/ptII/ptolemy/actor/lib/test/auto/Const2.xml (RunModel)" time="0.012" />
  <testcase classname="ptolemy.util.test.junit.AutoTests" name="[86] /home/travis/build/icyphy/ptII/ptolemy/actor/lib/test/auto/Const3.xml (RunModel)" time="0.008" />
  <testcase classname="ptolemy.util.test.junit.AutoTests" name="[87] /home/travis/build/icyphy/ptII/ptolemy/actor/lib/test/auto/ConstantPublisherPort1.xml (RunModel)" time="0.022" />
  <testcase classname="ptolemy.util.test.junit.AutoTests" name="[88] /home/travis/build/icyphy/ptII/ptolemy/actor/lib/test/auto/ConstantPublisherPort2.xml (RunModel)" time="0.025" />
  <testcase classname="ptolemy.util.test.junit.AutoTests" name="[89] /home/travis/build/icyphy/ptII/ptolemy/actor/lib/test/auto/ConstantPublisherPort3.xml (RunModel)" time="0.031" />
  <testcase classname="ptolemy.util.test.junit.AutoTests" name="[90] /home/travis/build/icyphy/ptII/ptolemy/actor/lib/test/auto/ConstantPublisherPort4.xml (RunModel)" time="0.016" />
  <testcase classname="ptolemy.util.test.junit.AutoTests" name="[91] /home/travis/build/icyphy/ptII/ptolemy/actor/lib/test/auto/ConstantPublisherPort5.xml (RunModel)" time="0.048" />
  <testcase classname="ptolemy.util.test.junit.AutoTests" name="[92] /home/travis/build/icyphy/ptII/ptolemy/actor/lib/test/auto/ConstantPublisherPort6.xml (RunModel)" time="0.032" />
  <testcase classname="ptolemy.util.test.junit.AutoTests" name="[93] /home/travis/build/icyphy/ptII/ptolemy/actor/lib/test/auto/ConstantPublisherPort7.xml (RunModel)" time="0.035" />
  <testcase classname="ptolemy.util.test.junit.AutoTests" name="[94] /home/travis/build/icyphy/ptII/ptolemy/actor/lib/test/auto/ConstraintMonitor1.xml (RunModel)" time="0.041" />
  <testcase classname="ptolemy.util.test.junit.AutoTests" name="[95] /home/travis/build/icyphy/ptII/ptolemy/actor/lib/test/auto/ConstraintMonitor2.xml (RunModel)" time="0.013" />
  <testcase classname="ptolemy.util.test.junit.AutoTests" name="[96] /home/travis/build/icyphy/ptII/ptolemy/actor/lib/test/auto/ConstraintMonitor3.xml (RunModel)" time="0.012" />
  <testcase classname="ptolemy.util.test.junit.AutoTests" name="[97] /home/travis/build/icyphy/ptII/ptolemy/actor/lib/test/auto/ConstraintMonitor4.xml (RunModel)" time="0.01" />
  <testcase classname="ptolemy.util.test.junit.AutoTests" name="[98] /home/travis/build/icyphy/ptII/ptolemy/actor/lib/test/auto/ConstraintMonitor5.xml (RunModel)" time="0.009" />
  <testcase classname="ptolemy.util.test.junit.AutoTests" name="[99] /home/travis/build/icyphy/ptII/ptolemy/actor/lib/test/auto/ConstraintMonitor6.xml (RunModel)" time="0.011" />
  <testcase classname="ptolemy.util.test.junit.AutoTests" name="[100] /home/travis/build/icyphy/ptII/ptolemy/actor/lib/test/auto/ConstraintMonitor7.xml (RunModel)" time="0.02" />
  <testcase classname="ptolemy.util.test.junit.AutoTests" name="[101] /home/travis/build/icyphy/ptII/ptolemy/actor/lib/test/auto/ConstraintMonitor8.xml (RunModel)" time="0.015" />
  <testcase classname="ptolemy.util.test.junit.AutoTests" name="[102] /home/travis/build/icyphy/ptII/ptolemy/actor/lib/test/auto/Counter.xml (RunModel)" time="0.012" />
  <testcase classname="ptolemy.util.test.junit.AutoTests" name="[103] /home/travis/build/icyphy/ptII/ptolemy/actor/lib/test/auto/CurrentTimeSDF.xml (RunModel)" time="0.019" />
  <testcase classname="ptolemy.util.test.junit.AutoTests" name="[104] /home/travis/build/icyphy/ptII/ptolemy/actor/lib/test/auto/DB.xml (RunModel)" time="0.01" />
  <testcase classname="ptolemy.util.test.junit.AutoTests" name="[105] /home/travis/build/icyphy/ptII/ptolemy/actor/lib/test/auto/DBDE.xml (RunModel)" time="0.012" />
  <testcase classname="ptolemy.util.test.junit.AutoTests" name="[106] /home/travis/build/icyphy/ptII/ptolemy/actor/lib/test/auto/DateConstructor.xml (RunModel)" time="0.065" />
  <testcase classname="ptolemy.util.test.junit.AutoTests" name="[107] /home/travis/build/icyphy/ptII/ptolemy/actor/lib/test/auto/DelayTime.xml (RunModel)" time="0.018" />
  <testcase classname="ptolemy.util.test.junit.AutoTests" name="[108] /home/travis/build/icyphy/ptII/ptolemy/actor/lib/test/auto/Dictionary1.xml (RunModel)" time="0.014" />
  <testcase classname="ptolemy.util.test.junit.AutoTests" name="[109] /home/travis/build/icyphy/ptII/ptolemy/actor/lib/test/auto/Dictionary2.xml (RunModel)" time="0.028" />
  <testcase classname="ptolemy.util.test.junit.AutoTests" name="[110] /home/travis/build/icyphy/ptII/ptolemy/actor/lib/test/auto/Dictionary3.xml (RunModel)" time="0.013" />
  <testcase classname="ptolemy.util.test.junit.AutoTests" name="[111] /home/travis/build/icyphy/ptII/ptolemy/actor/lib/test/auto/Dictionary4.xml (RunModel)" time="0.018" />
  <testcase classname="ptolemy.util.test.junit.AutoTests" name="[112] /home/travis/build/icyphy/ptII/ptolemy/actor/lib/test/auto/Differential.xml (RunModel)" time="0.011" />
  <testcase classname="ptolemy.util.test.junit.AutoTests" name="[113] /home/travis/build/icyphy/ptII/ptolemy/actor/lib/test/auto/Director.xml (RunModel)" time="0.008" />
  <testcase classname="ptolemy.util.test.junit.AutoTests" name="[114] /home/travis/build/icyphy/ptII/ptolemy/actor/lib/test/auto/DiscreteClock.xml (RunModel)" time="0.007" />
  <testcase classname="ptolemy.util.test.junit.AutoTests" name="[115] /home/travis/build/icyphy/ptII/ptolemy/actor/lib/test/auto/DiscreteClock10.xml (RunModel)" time="0.016" />
  <testcase classname="ptolemy.util.test.junit.AutoTests" name="[116] /home/travis/build/icyphy/ptII/ptolemy/actor/lib/test/auto/DiscreteClock11.xml (RunModel)" time="0.011" />
  <testcase classname="ptolemy.util.test.junit.AutoTests" name="[117] /home/travis/build/icyphy/ptII/ptolemy/actor/lib/test/auto/DiscreteClock12.xml (RunModel)" time="0.013" />
  <testcase classname="ptolemy.util.test.junit.AutoTests" name="[118] /home/travis/build/icyphy/ptII/ptolemy/actor/lib/test/auto/DiscreteClock13.xml (RunModel)" time="0.014" />
  <testcase classname="ptolemy.util.test.junit.AutoTests" name="[119] /home/travis/build/icyphy/ptII/ptolemy/actor/lib/test/auto/DiscreteClock14.xml (RunModel)" time="0.015" />
  <testcase classname="ptolemy.util.test.junit.AutoTests" name="[120] /home/travis/build/icyphy/ptII/ptolemy/actor/lib/test/auto/DiscreteClock15.xml (RunModel)" time="0.014" />
  <testcase classname="ptolemy.util.test.junit.AutoTests" name="[121] /home/travis/build/icyphy/ptII/ptolemy/actor/lib/test/auto/DiscreteClock16.xml (RunModel)" time="0.04" />
  <testcase classname="ptolemy.util.test.junit.AutoTests" name="[122] /home/travis/build/icyphy/ptII/ptolemy/actor/lib/test/auto/DiscreteClock17.xml (RunModel)" time="0.036" />
  <testcase classname="ptolemy.util.test.junit.AutoTests" name="[123] /home/travis/build/icyphy/ptII/ptolemy/actor/lib/test/auto/DiscreteClock18.xml (RunModel)" time="0.037" />
  <testcase classname="ptolemy.util.test.junit.AutoTests" name="[124] /home/travis/build/icyphy/ptII/ptolemy/actor/lib/test/auto/DiscreteClock19.xml (RunModel)" time="0.048" />
  <testcase classname="ptolemy.util.test.junit.AutoTests" name="[125] /home/travis/build/icyphy/ptII/ptolemy/actor/lib/test/auto/DiscreteClock2.xml (RunModel)" time="0.01" />
  <testcase classname="ptolemy.util.test.junit.AutoTests" name="[126] /home/travis/build/icyphy/ptII/ptolemy/actor/lib/test/auto/DiscreteClock20.xml (RunModel)" time="0.018" />
  <testcase classname="ptolemy.util.test.junit.AutoTests" name="[127] /home/travis/build/icyphy/ptII/ptolemy/actor/lib/test/auto/DiscreteClock21.xml (RunModel)" time="0.016" />
  <testcase classname="ptolemy.util.test.junit.AutoTests" name="[128] /home/travis/build/icyphy/ptII/ptolemy/actor/lib/test/auto/DiscreteClock22.xml (RunModel)" time="0.013" />
  <testcase classname="ptolemy.util.test.junit.AutoTests" name="[129] /home/travis/build/icyphy/ptII/ptolemy/actor/lib/test/auto/DiscreteClock23.xml (RunModel)" time="0.018" />
  <testcase classname="ptolemy.util.test.junit.AutoTests" name="[130] /home/travis/build/icyphy/ptII/ptolemy/actor/lib/test/auto/DiscreteClock24.xml (RunModel)" time="0.011" />
  <testcase classname="ptolemy.util.test.junit.AutoTests" name="[131] /home/travis/build/icyphy/ptII/ptolemy/actor/lib/test/auto/DiscreteClock4.xml (RunModel)" time="0.011" />
  <testcase classname="ptolemy.util.test.junit.AutoTests" name="[132] /home/travis/build/icyphy/ptII/ptolemy/actor/lib/test/auto/DiscreteClock5.xml (RunModel)" time="0.009" />
  <testcase classname="ptolemy.util.test.junit.AutoTests" name="[133] /home/travis/build/icyphy/ptII/ptolemy/actor/lib/test/auto/DiscreteClock6.xml (RunModel)" time="0.01" />
  <testcase classname="ptolemy.util.test.junit.AutoTests" name="[134] /home/travis/build/icyphy/ptII/ptolemy/actor/lib/test/auto/DiscreteClock7.xml (RunModel)" time="0.009" />
  <testcase classname="ptolemy.util.test.junit.AutoTests" name="[135] /home/travis/build/icyphy/ptII/ptolemy/actor/lib/test/auto/DiscreteClock8.xml (RunModel)" time="0.017" />
  <testcase classname="ptolemy.util.test.junit.AutoTests" name="[136] /home/travis/build/icyphy/ptII/ptolemy/actor/lib/test/auto/DiscreteClock9.xml (RunModel)" time="0.015" />
  <testcase classname="ptolemy.util.test.junit.AutoTests" name="[137] /home/travis/build/icyphy/ptII/ptolemy/actor/lib/test/auto/DisplayArray.xml (RunModel)" time="0.007" />
  <testcase classname="ptolemy.util.test.junit.AutoTests" name="[138] /home/travis/build/icyphy/ptII/ptolemy/actor/lib/test/auto/Distributor.xml (RunModel)" time="0.008" />
  <testcase classname="ptolemy.util.test.junit.AutoTests" name="[139] /home/travis/build/icyphy/ptII/ptolemy/actor/lib/test/auto/Distributor2.xml (RunModel)" time="0.011" />
  <testcase classname="ptolemy.util.test.junit.AutoTests" name="[140] /home/travis/build/icyphy/ptII/ptolemy/actor/lib/test/auto/DownSample.xml (RunModel)" time="0.008" />
  <testcase classname="ptolemy.util.test.junit.AutoTests" name="[141] /home/travis/build/icyphy/ptII/ptolemy/actor/lib/test/auto/ElectronicUnitBase1.xml (RunModel)" time="0.063" />
  <testcase classname="ptolemy.util.test.junit.AutoTests" name="[142] /home/travis/build/icyphy/ptII/ptolemy/actor/lib/test/auto/ElementsToArray.xml (RunModel)" time="0.01" />
  <testcase classname="ptolemy.util.test.junit.AutoTests" name="[143] /home/travis/build/icyphy/ptII/ptolemy/actor/lib/test/auto/Equals.xml (RunModel)" time="0.012" />
  <testcase classname="ptolemy.util.test.junit.AutoTests" name="[144] /home/travis/build/icyphy/ptII/ptolemy/actor/lib/test/auto/Exec.xml (RunModel)" time="0.028" />
  <testcase classname="ptolemy.util.test.junit.AutoTests" name="[145] /home/travis/build/icyphy/ptII/ptolemy/actor/lib/test/auto/ExecEnvironment.xml (RunModel)" time="0.041" />
  <testcase classname="ptolemy.util.test.junit.AutoTests" name="[146] /home/travis/build/icyphy/ptII/ptolemy/actor/lib/test/auto/ExecNonZeroReturnOutput.xml (RunModel)" time="0.175" />
  <testcase classname="ptolemy.util.test.junit.AutoTests" name="[147] /home/travis/build/icyphy/ptII/ptolemy/actor/lib/test/auto/ExecRunDemos.xml (RunModel)" time="10.224" />
  <testcase classname="ptolemy.util.test.junit.AutoTests" name="[148] /home/travis/build/icyphy/ptII/ptolemy/actor/lib/test/auto/ExecStop.xml (RunModel)" time="5.028" />
  <testcase classname="ptolemy.util.test.junit.AutoTests" name="[149] /home/travis/build/icyphy/ptII/ptolemy/actor/lib/test/auto/ExecutionTimeSDF.xml (RunModel)" time="6.03" />
  <testcase classname="ptolemy.util.test.junit.AutoTests" name="[150] /home/travis/build/icyphy/ptII/ptolemy/actor/lib/test/auto/Expression1.xml (RunModel)" time="0.016" />
  <testcase classname="ptolemy.util.test.junit.AutoTests" name="[151] /home/travis/build/icyphy/ptII/ptolemy/actor/lib/test/auto/Expression10.xml (RunModel)" time="0.012" />
  <testcase classname="ptolemy.util.test.junit.AutoTests" name="[152] /home/travis/build/icyphy/ptII/ptolemy/actor/lib/test/auto/Expression11.xml (RunModel)" time="0.01" />
  <testcase classname="ptolemy.util.test.junit.AutoTests" name="[153] /home/travis/build/icyphy/ptII/ptolemy/actor/lib/test/auto/Expression12.xml (RunModel)" time="0.01" />
  <testcase classname="ptolemy.util.test.junit.AutoTests" name="[154] /home/travis/build/icyphy/ptII/ptolemy/actor/lib/test/auto/Expression13.xml (RunModel)" time="0.011" />
  <testcase classname="ptolemy.util.test.junit.AutoTests" name="[155] /home/travis/build/icyphy/ptII/ptolemy/actor/lib/test/auto/Expression14.xml (RunModel)" time="0.013" />
  <testcase classname="ptolemy.util.test.junit.AutoTests" name="[156] /home/travis/build/icyphy/ptII/ptolemy/actor/lib/test/auto/Expression15.xml (RunModel)" time="0.007" />
  <testcase classname="ptolemy.util.test.junit.AutoTests" name="[157] /home/travis/build/icyphy/ptII/ptolemy/actor/lib/test/auto/Expression16.xml (RunModel)" time="0.015" />
  <testcase classname="ptolemy.util.test.junit.AutoTests" name="[158] /home/travis/build/icyphy/ptII/ptolemy/actor/lib/test/auto/Expression17.xml (RunModel)" time="0.01" />
  <testcase classname="ptolemy.util.test.junit.AutoTests" name="[159] /home/travis/build/icyphy/ptII/ptolemy/actor/lib/test/auto/Expression18.xml (RunModel)" time="0.011" />
  <testcase classname="ptolemy.util.test.junit.AutoTests" name="[160] /home/travis/build/icyphy/ptII/ptolemy/actor/lib/test/auto/Expression2.xml (RunModel)" time="0.015" />
  <testcase classname="ptolemy.util.test.junit.AutoTests" name="[161] /home/travis/build/icyphy/ptII/ptolemy/actor/lib/test/auto/Expression3.xml (RunModel)" time="0.011" />
  <testcase classname="ptolemy.util.test.junit.AutoTests" name="[162] /home/travis/build/icyphy/ptII/ptolemy/actor/lib/test/auto/Expression4.xml (RunModel)" time="0.016" />
  <testcase classname="ptolemy.util.test.junit.AutoTests" name="[163] /home/travis/build/icyphy/ptII/ptolemy/actor/lib/test/auto/Expression5.xml (RunModel)" time="0.012" />
  <testcase classname="ptolemy.util.test.junit.AutoTests" name="[164] /home/travis/build/icyphy/ptII/ptolemy/actor/lib/test/auto/Expression6.xml (RunModel)" time="0.008" />
  <testcase classname="ptolemy.util.test.junit.AutoTests" name="[165] /home/travis/build/icyphy/ptII/ptolemy/actor/lib/test/auto/Expression7.xml (RunModel)" time="0.01" />
  <testcase classname="ptolemy.util.test.junit.AutoTests" name="[166] /home/travis/build/icyphy/ptII/ptolemy/actor/lib/test/auto/Expression8.xml (RunModel)" time="0.024" />
  <testcase classname="ptolemy.util.test.junit.AutoTests" name="[167] /home/travis/build/icyphy/ptII/ptolemy/actor/lib/test/auto/Expression9.xml (RunModel)" time="0.008" />
  <testcase classname="ptolemy.util.test.junit.AutoTests" name="[168] /home/travis/build/icyphy/ptII/ptolemy/actor/lib/test/auto/ExpressionConcatenateArrayType.xml (RunModel)" time="0.031" />
  <testcase classname="ptolemy.util.test.junit.AutoTests" name="[169] /home/travis/build/icyphy/ptII/ptolemy/actor/lib/test/auto/ExpressionConcatenateArrayType2.xml (RunModel)" time="0.015" />
  <testcase classname="ptolemy.util.test.junit.AutoTests" name="[170] /home/travis/build/icyphy/ptII/ptolemy/actor/lib/test/auto/ExpressionFix.xml (RunModel)" time="0.04" />
  <testcase classname="ptolemy.util.test.junit.AutoTests" name="[171] /home/travis/build/icyphy/ptII/ptolemy/actor/lib/test/auto/ExpressionFix2.xml (RunModel)" time="0.009" />
  <testcase classname="ptolemy.util.test.junit.AutoTests" name="[172] /home/travis/build/icyphy/ptII/ptolemy/actor/lib/test/auto/ExpressionFix3.xml (RunModel)" time="0.008" />
  <testcase classname="ptolemy.util.test.junit.AutoTests" name="[173] /home/travis/build/icyphy/ptII/ptolemy/actor/lib/test/auto/FileWriter1.xml (RunModel)" time="0.009" />
  <testcase classname="ptolemy.util.test.junit.AutoTests" name="[174] /home/travis/build/icyphy/ptII/ptolemy/actor/lib/test/auto/FileWriter2.xml (RunModel)" time="0.008" />
  <testcase classname="ptolemy.util.test.junit.AutoTests" name="[175] /home/travis/build/icyphy/ptII/ptolemy/actor/lib/test/auto/FileWriter3.xml (RunModel)" time="0.009" />
  <testcase classname="ptolemy.util.test.junit.AutoTests" name="[176] /home/travis/build/icyphy/ptII/ptolemy/actor/lib/test/auto/Gaussian.xml (RunModel)" time="0.01" />
  <testcase classname="ptolemy.util.test.junit.AutoTests" name="[177] /home/travis/build/icyphy/ptII/ptolemy/actor/lib/test/auto/Gaussian1.xml (RunModel)" time="0.011" />
  <testcase classname="ptolemy.util.test.junit.AutoTests" name="[178] /home/travis/build/icyphy/ptII/ptolemy/actor/lib/test/auto/Gaussian2.xml (RunModel)" time="0.021" />
  <testcase classname="ptolemy.util.test.junit.AutoTests" name="[179] /home/travis/build/icyphy/ptII/ptolemy/actor/lib/test/auto/GradientAdaptiveLattice.xml (RunModel)" time="0.015" />
  <testcase classname="ptolemy.util.test.junit.AutoTests" name="[180] /home/travis/build/icyphy/ptII/ptolemy/actor/lib/test/auto/IIR.xml (RunModel)" time="0.009" />
  <testcase classname="ptolemy.util.test.junit.AutoTests" name="[181] /home/travis/build/icyphy/ptII/ptolemy/actor/lib/test/auto/InputOutputTransparentPorts.xml (RunModel)" time="0.017" />
  <testcase classname="ptolemy.util.test.junit.AutoTests" name="[182] /home/travis/build/icyphy/ptII/ptolemy/actor/lib/test/auto/Interpolator.xml (RunModel)" time="0.011" />
  <testcase classname="ptolemy.util.test.junit.AutoTests" name="[183] /home/travis/build/icyphy/ptII/ptolemy/actor/lib/test/auto/InterpolatorFiringLimitDE.xml (RunModel)" time="0.012" />
  <testcase classname="ptolemy.util.test.junit.AutoTests" name="[184] /home/travis/build/icyphy/ptII/ptolemy/actor/lib/test/auto/Lattice.xml (RunModel)" time="0.008" />
  <testcase classname="ptolemy.util.test.junit.AutoTests" name="[185] /home/travis/build/icyphy/ptII/ptolemy/actor/lib/test/auto/LazyAOCTestLazy.xml (RunModel)" time="0.02" />
  <testcase classname="ptolemy.util.test.junit.AutoTests" name="[186] /home/travis/build/icyphy/ptII/ptolemy/actor/lib/test/auto/LazyAOCTestNonLazy.xml (RunModel)" time="0.042" />
  <testcase classname="ptolemy.util.test.junit.AutoTests" name="[187] /home/travis/build/icyphy/ptII/ptolemy/actor/lib/test/auto/LazyInnerClass.xml (RunModel)" time="0.037" />
  <testcase classname="ptolemy.util.test.junit.AutoTests" name="[188] /home/travis/build/icyphy/ptII/ptolemy/actor/lib/test/auto/LazyPubSub.xml (RunModel)" time="0.069" />
  <testcase classname="ptolemy.util.test.junit.AutoTests" name="[189] /home/travis/build/icyphy/ptII/ptolemy/actor/lib/test/auto/LazyPubSub2.xml (RunModel)" time="0.053" />
  <testcase classname="ptolemy.util.test.junit.AutoTests" name="[190] /home/travis/build/icyphy/ptII/ptolemy/actor/lib/test/auto/LazyPubSub3.xml (RunModel)" time="0.032" />
  <testcase classname="ptolemy.util.test.junit.AutoTests" name="[191] /home/travis/build/icyphy/ptII/ptolemy/actor/lib/test/auto/LazySubClassModel.xml (RunModel)" time="0.021" />
  <testcase classname="ptolemy.util.test.junit.AutoTests" name="[192] /home/travis/build/icyphy/ptII/ptolemy/actor/lib/test/auto/LevelCrossTest1.xml (RunModel)" time="0.009" />
  <testcase classname="ptolemy.util.test.junit.AutoTests" name="[193] /home/travis/build/icyphy/ptII/ptolemy/actor/lib/test/auto/LevelCrossTest10.xml (RunModel)" time="0.013" />
  <testcase classname="ptolemy.util.test.junit.AutoTests" name="[194] /home/travis/build/icyphy/ptII/ptolemy/actor/lib/test/auto/LevelCrossTest11.xml (RunModel)" time="0.01" />
  <testcase classname="ptolemy.util.test.junit.AutoTests" name="[195] /home/travis/build/icyphy/ptII/ptolemy/actor/lib/test/auto/LevelCrossTest12.xml (RunModel)" time="0.018" />
  <testcase classname="ptolemy.util.test.junit.AutoTests" name="[196] /home/travis/build/icyphy/ptII/ptolemy/actor/lib/test/auto/LevelCrossTest13.xml (RunModel)" time="0.012" />
  <testcase classname="ptolemy.util.test.junit.AutoTests" name="[197] /home/travis/build/icyphy/ptII/ptolemy/actor/lib/test/auto/LevelCrossTest2.xml (RunModel)" time="0.01" />
  <testcase classname="ptolemy.util.test.junit.AutoTests" name="[198] /home/travis/build/icyphy/ptII/ptolemy/actor/lib/test/auto/LevelCrossTest3.xml (RunModel)" time="0.01" />
  <testcase classname="ptolemy.util.test.junit.AutoTests" name="[199] /home/travis/build/icyphy/ptII/ptolemy/actor/lib/test/auto/LevelCrossTest4.xml (RunModel)" time="0.01" />
  <testcase classname="ptolemy.util.test.junit.AutoTests" name="[200] /home/travis/build/icyphy/ptII/ptolemy/actor/lib/test/auto/LevelCrossTest5.xml (RunModel)" time="0.01" />
  <testcase classname="ptolemy.util.test.junit.AutoTests" name="[201] /home/travis/build/icyphy/ptII/ptolemy/actor/lib/test/auto/LevelCrossTest6.xml (RunModel)" time="0.011" />
  <testcase classname="ptolemy.util.test.junit.AutoTests" name="[202] /home/travis/build/icyphy/ptII/ptolemy/actor/lib/test/auto/LevelCrossTest7.xml (RunModel)" time="0.012" />
  <testcase classname="ptolemy.util.test.junit.AutoTests" name="[203] /home/travis/build/icyphy/ptII/ptolemy/actor/lib/test/auto/LevelCrossTest8.xml (RunModel)" time="0.011" />
  <testcase classname="ptolemy.util.test.junit.AutoTests" name="[204] /home/travis/build/icyphy/ptII/ptolemy/actor/lib/test/auto/LevelCrossTest9.xml (RunModel)" time="0.01" />
  <testcase classname="ptolemy.util.test.junit.AutoTests" name="[205] /home/travis/build/icyphy/ptII/ptolemy/actor/lib/test/auto/LevinsonDurbin.xml (RunModel)" time="0.007" />
  <testcase classname="ptolemy.util.test.junit.AutoTests" name="[206] /home/travis/build/icyphy/ptII/ptolemy/actor/lib/test/auto/LevinsonDurbin2.xml (RunModel)" time="0.006" />
  <testcase classname="ptolemy.util.test.junit.AutoTests" name="[207] /home/travis/build/icyphy/ptII/ptolemy/actor/lib/test/auto/LevinsonDurbin3.xml (RunModel)" time="0.007" />
  <testcase classname="ptolemy.util.test.junit.AutoTests" name="[208] /home/travis/build/icyphy/ptII/ptolemy/actor/lib/test/auto/Limiter.xml (RunModel)" time="0.038" />
  <testcase classname="ptolemy.util.test.junit.AutoTests" name="[209] /home/travis/build/icyphy/ptII/ptolemy/actor/lib/test/auto/LinearDifferenceEquationSystem.xml (RunModel)" time="0.018" />
  <testcase classname="ptolemy.util.test.junit.AutoTests" name="[210] /home/travis/build/icyphy/ptII/ptolemy/actor/lib/test/auto/LookupTable.xml (RunModel)" time="0.008" />
  <testcase classname="ptolemy.util.test.junit.AutoTests" name="[211] /home/travis/build/icyphy/ptII/ptolemy/actor/lib/test/auto/MathFunction.xml (RunModel)" time="0.027" />
  <testcase classname="ptolemy.util.test.junit.AutoTests" name="[212] /home/travis/build/icyphy/ptII/ptolemy/actor/lib/test/auto/MathFunction2.xml (RunModel)" time="0.013" />
  <testcase classname="ptolemy.util.test.junit.AutoTests" name="[213] /home/travis/build/icyphy/ptII/ptolemy/actor/lib/test/auto/MathFunction3.xml (RunModel)" time="0.018" />
  <testcase classname="ptolemy.util.test.junit.AutoTests" name="[214] /home/travis/build/icyphy/ptII/ptolemy/actor/lib/test/auto/MatrixCropBoolean.xml (RunModel)" time="0.01" />
  <testcase classname="ptolemy.util.test.junit.AutoTests" name="[215] /home/travis/build/icyphy/ptII/ptolemy/actor/lib/test/auto/MatrixCropComplex.xml (RunModel)" time="0.01" />
  <testcase classname="ptolemy.util.test.junit.AutoTests" name="[216] /home/travis/build/icyphy/ptII/ptolemy/actor/lib/test/auto/MatrixCropDouble.xml (RunModel)" time="0.008" />
  <testcase classname="ptolemy.util.test.junit.AutoTests" name="[217] /home/travis/build/icyphy/ptII/ptolemy/actor/lib/test/auto/MatrixCropFix.xml (RunModel)" time="0.01" />
  <testcase classname="ptolemy.util.test.junit.AutoTests" name="[218] /home/travis/build/icyphy/ptII/ptolemy/actor/lib/test/auto/MatrixCropInt.xml (RunModel)" time="0.009" />
  <testcase classname="ptolemy.util.test.junit.AutoTests" name="[219] /home/travis/build/icyphy/ptII/ptolemy/actor/lib/test/auto/MatrixCropLong.xml (RunModel)" time="0.009" />
  <testcase classname="ptolemy.util.test.junit.AutoTests" name="[220] /home/travis/build/icyphy/ptII/ptolemy/actor/lib/test/auto/MatrixToArray.xml (RunModel)" time="0.036" />
  <testcase classname="ptolemy.util.test.junit.AutoTests" name="[221] /home/travis/build/icyphy/ptII/ptolemy/actor/lib/test/auto/MaxIndex.xml (RunModel)" time="0.011" />
  <testcase classname="ptolemy.util.test.junit.AutoTests" name="[222] /home/travis/build/icyphy/ptII/ptolemy/actor/lib/test/auto/Maximum.xml (RunModel)" time="0.014" />
  <testcase classname="ptolemy.util.test.junit.AutoTests" name="[223] /home/travis/build/icyphy/ptII/ptolemy/actor/lib/test/auto/MaximumComplex.xml (RunModel)" time="0.013" />
  <testcase classname="ptolemy.util.test.junit.AutoTests" name="[224] /home/travis/build/icyphy/ptII/ptolemy/actor/lib/test/auto/MethodCallTest.xml (RunModel)" time="0.02" />
  <testcase classname="ptolemy.util.test.junit.AutoTests" name="[225] /home/travis/build/icyphy/ptII/ptolemy/actor/lib/test/auto/Minimum.xml (RunModel)" time="0.014" />
  <testcase classname="ptolemy.util.test.junit.AutoTests" name="[226] /home/travis/build/icyphy/ptII/ptolemy/actor/lib/test/auto/MinimumComplex.xml (RunModel)" time="0.023" />
  <testcase classname="ptolemy.util.test.junit.AutoTests" name="[227] /home/travis/build/icyphy/ptII/ptolemy/actor/lib/test/auto/MinimumMultiports.xml (RunModel)" time="0.016" />
  <testcase classname="ptolemy.util.test.junit.AutoTests" name="[228] /home/travis/build/icyphy/ptII/ptolemy/actor/lib/test/auto/ModifyDate.xml (RunModel)" time="0.037" />
  <testcase classname="ptolemy.util.test.junit.AutoTests" name="[229] /home/travis/build/icyphy/ptII/ptolemy/actor/lib/test/auto/ModifyDate2.xml (RunModel)" time="0.023" />
  <testcase classname="ptolemy.util.test.junit.AutoTests" name="[230] /home/travis/build/icyphy/ptII/ptolemy/actor/lib/test/auto/MovingAverage.xml (RunModel)" time="0.018" />
  <testcase classname="ptolemy.util.test.junit.AutoTests" name="[231] /home/travis/build/icyphy/ptII/ptolemy/actor/lib/test/auto/MovingMaximum.xml (RunModel)" time="0.015" />
  <testcase classname="ptolemy.util.test.junit.AutoTests" name="[232] /home/travis/build/icyphy/ptII/ptolemy/actor/lib/test/auto/MultipleLinksToSameRelation.xml (RunModel)" time="0.007" />
  <testcase classname="ptolemy.util.test.junit.AutoTests" name="[233] /home/travis/build/icyphy/ptII/ptolemy/actor/lib/test/auto/MultipleLinksToSameRelationDE.xml (RunModel)" time="0.009" />
  <testcase classname="ptolemy.util.test.junit.AutoTests" name="[234] /home/travis/build/icyphy/ptII/ptolemy/actor/lib/test/auto/Multiplexor.xml (RunModel)" time="0.01" />
  <testcase classname="ptolemy.util.test.junit.AutoTests" name="[235] /home/travis/build/icyphy/ptII/ptolemy/actor/lib/test/auto/Multiplexor1.xml (RunModel)" time="0.01" />
  <testcase classname="ptolemy.util.test.junit.AutoTests" name="[236] /home/travis/build/icyphy/ptII/ptolemy/actor/lib/test/auto/Multiplexor2.xml (RunModel)" time="0.012" />
  <testcase classname="ptolemy.util.test.junit.AutoTests" name="[237] /home/travis/build/icyphy/ptII/ptolemy/actor/lib/test/auto/Multiplexor3.xml (RunModel)" time="0.007" />
  <testcase classname="ptolemy.util.test.junit.AutoTests" name="[238] /home/travis/build/icyphy/ptII/ptolemy/actor/lib/test/auto/MultiplexorDE.xml (RunModel)" time="0.014" />
  <testcase classname="ptolemy.util.test.junit.AutoTests" name="[239] /home/travis/build/icyphy/ptII/ptolemy/actor/lib/test/auto/MultiportBroadcastTest.xml (RunModel)" time="0.083" />
  <testcase classname="ptolemy.util.test.junit.AutoTests" name="[240] /home/travis/build/icyphy/ptII/ptolemy/actor/lib/test/auto/MultiportOutHangDuringGetWidth.xml (RunModel)" time="0.034" />
  <testcase classname="ptolemy.util.test.junit.AutoTests" name="[241] /home/travis/build/icyphy/ptII/ptolemy/actor/lib/test/auto/NilToken.xml (RunModel)" time="0.01" />
  <testcase classname="ptolemy.util.test.junit.AutoTests" name="[242] /home/travis/build/icyphy/ptII/ptolemy/actor/lib/test/auto/NilTokenNonStrictTest.xml (RunModel)" time="0.009" />
  <testcase classname="ptolemy.util.test.junit.AutoTests" name="[243] /home/travis/build/icyphy/ptII/ptolemy/actor/lib/test/auto/NilTokenRecord.xml (RunModel)" time="0.018" />
  <testcase classname="ptolemy.util.test.junit.AutoTests" name="[244] /home/travis/build/icyphy/ptII/ptolemy/actor/lib/test/auto/NilTokenTypeTest.xml (RunModel)" time="0.029" />
  <testcase classname="ptolemy.util.test.junit.AutoTests" name="[245] /home/travis/build/icyphy/ptII/ptolemy/actor/lib/test/auto/ObjectToken1.xml (RunModel)" time="0.007" />
  <testcase classname="ptolemy.util.test.junit.AutoTests" name="[246] /home/travis/build/icyphy/ptII/ptolemy/actor/lib/test/auto/OrderedMerge.xml (RunModel)" time="0.018" />
  <testcase classname="ptolemy.util.test.junit.AutoTests" name="[247] /home/travis/build/icyphy/ptII/ptolemy/actor/lib/test/auto/OrderedRecordDisassembler.xml (RunModel)" time="0.016" />
  <testcase classname="ptolemy.util.test.junit.AutoTests" name="[248] /home/travis/build/icyphy/ptII/ptolemy/actor/lib/test/auto/OrderedRecordDisassembler2.xml (RunModel)" time="0.018" />
  <testcase classname="ptolemy.util.test.junit.AutoTests" name="[249] /home/travis/build/icyphy/ptII/ptolemy/actor/lib/test/auto/OrderedRecordUpdater.xml (RunModel)" time="0.01" />
  <testcase classname="ptolemy.util.test.junit.AutoTests" name="[250] /home/travis/build/icyphy/ptII/ptolemy/actor/lib/test/auto/OrderedRecordUpdater2.xml (RunModel)" time="0.016" />
  <testcase classname="ptolemy.util.test.junit.AutoTests" name="[251] /home/travis/build/icyphy/ptII/ptolemy/actor/lib/test/auto/PhaseUnwrap.xml (RunModel)" time="0.01" />
  <testcase classname="ptolemy.util.test.junit.AutoTests" name="[252] /home/travis/build/icyphy/ptII/ptolemy/actor/lib/test/auto/PoissonClock.xml (RunModel)" time="0.009" />
  <testcase classname="ptolemy.util.test.junit.AutoTests" name="[253] /home/travis/build/icyphy/ptII/ptolemy/actor/lib/test/auto/PoissonClock2.xml (RunModel)" time="0.006" />
  <testcase classname="ptolemy.util.test.junit.AutoTests" name="[254] /home/travis/build/icyphy/ptII/ptolemy/actor/lib/test/auto/PoissonClock3.xml (RunModel)" time="0.021" />
  <testcase classname="ptolemy.util.test.junit.AutoTests" name="[255] /home/travis/build/icyphy/ptII/ptolemy/actor/lib/test/auto/PubSubWithInitialTokens.xml (RunModel)" time="0.013" />
  <testcase classname="ptolemy.util.test.junit.AutoTests" name="[256] /home/travis/build/icyphy/ptII/ptolemy/actor/lib/test/auto/PubSubWithInitialTokens2.xml (RunModel)" time="0.008" />
  <testcase classname="ptolemy.util.test.junit.AutoTests" name="[257] /home/travis/build/icyphy/ptII/ptolemy/actor/lib/test/auto/PublisherClassNoParameter.xml (RunModel)" time="0.033" />
  <testcase classname="ptolemy.util.test.junit.AutoTests" name="[258] /home/travis/build/icyphy/ptII/ptolemy/actor/lib/test/auto/PublisherClassParameter.xml (RunModel)" time="0.019" />
  <testcase classname="ptolemy.util.test.junit.AutoTests" name="[259] /home/travis/build/icyphy/ptII/ptolemy/actor/lib/test/auto/PublisherNonStrictTest.xml (RunModel)" time="0.012" />
  <testcase classname="ptolemy.util.test.junit.AutoTests" name="[260] /home/travis/build/icyphy/ptII/ptolemy/actor/lib/test/auto/PublisherPort1.xml (RunModel)" time="0.016" />
  <testcase classname="ptolemy.util.test.junit.AutoTests" name="[261] /home/travis/build/icyphy/ptII/ptolemy/actor/lib/test/auto/PublisherPort2.xml (RunModel)" time="0.01" />
  <testcase classname="ptolemy.util.test.junit.AutoTests" name="[262] /home/travis/build/icyphy/ptII/ptolemy/actor/lib/test/auto/PublisherPort3.xml (RunModel)" time="0.009" />
  <testcase classname="ptolemy.util.test.junit.AutoTests" name="[263] /home/travis/build/icyphy/ptII/ptolemy/actor/lib/test/auto/PublisherPort4.xml (RunModel)" time="0.01" />
  <testcase classname="ptolemy.util.test.junit.AutoTests" name="[264] /home/travis/build/icyphy/ptII/ptolemy/actor/lib/test/auto/PublisherPort5.xml (RunModel)" time="0.015" />
  <testcase classname="ptolemy.util.test.junit.AutoTests" name="[265] /home/travis/build/icyphy/ptII/ptolemy/actor/lib/test/auto/PublisherPort5LookAlike.xml (RunModel)" time="0.015" />
  <testcase classname="ptolemy.util.test.junit.AutoTests" name="[266] /home/travis/build/icyphy/ptII/ptolemy/actor/lib/test/auto/PublisherPort6.xml (RunModel)" time="0.01" />
  <testcase classname="ptolemy.util.test.junit.AutoTests" name="[267] /home/travis/build/icyphy/ptII/ptolemy/actor/lib/test/auto/PublisherPort7.xml (RunModel)" time="0.014" />
  <testcase classname="ptolemy.util.test.junit.AutoTests" name="[268] /home/travis/build/icyphy/ptII/ptolemy/actor/lib/test/auto/PublisherPort8.xml (RunModel)" time="0.021" />
  <testcase classname="ptolemy.util.test.junit.AutoTests" name="[269] /home/travis/build/icyphy/ptII/ptolemy/actor/lib/test/auto/PublisherPortSubscriberChannelVariablesAOC2.xml (RunModel)" time="0.03" />
  <testcase classname="ptolemy.util.test.junit.AutoTests" name="[270] /home/travis/build/icyphy/ptII/ptolemy/actor/lib/test/auto/PublisherPortSubscriberOpaqueWidthInference.xml (RunModel)" time="0.014" />
  <testcase classname="ptolemy.util.test.junit.AutoTests" name="[271] /home/travis/build/icyphy/ptII/ptolemy/actor/lib/test/auto/PublisherPortSubscriberPortAdjacent.xml (RunModel)" time="0.016" />
  <testcase classname="ptolemy.util.test.junit.AutoTests" name="[272] /home/travis/build/icyphy/ptII/ptolemy/actor/lib/test/auto/PublisherPortSubscriberPortExpression.xml (RunModel)" time="0.015" />
  <testcase classname="ptolemy.util.test.junit.AutoTests" name="[273] /home/travis/build/icyphy/ptII/ptolemy/actor/lib/test/auto/PublisherPortSubscriberPortOpaqueD3Reverse.xml (RunModel)" time="0.017" />
  <testcase classname="ptolemy.util.test.junit.AutoTests" name="[274] /home/travis/build/icyphy/ptII/ptolemy/actor/lib/test/auto/PublisherPortSubscriberPortOpaqueWidthInference.xml (RunModel)" time="0.016" />
  <testcase classname="ptolemy.util.test.junit.AutoTests" name="[275] /home/travis/build/icyphy/ptII/ptolemy/actor/lib/test/auto/PublisherPortToplevelSubscriberPortAOC.xml (RunModel)" time="0.009" />
  <testcase classname="ptolemy.util.test.junit.AutoTests" name="[276] /home/travis/build/icyphy/ptII/ptolemy/actor/lib/test/auto/PublisherSubscriber.xml (RunModel)" time="0.012" />
  <testcase classname="ptolemy.util.test.junit.AutoTests" name="[277] /home/travis/build/icyphy/ptII/ptolemy/actor/lib/test/auto/PublisherSubscriber10.xml (RunModel)" time="0.02" />
  <testcase classname="ptolemy.util.test.junit.AutoTests" name="[278] /home/travis/build/icyphy/ptII/ptolemy/actor/lib/test/auto/PublisherSubscriber10InitialOutputs.xml (RunModel)" time="0.029" />
  <testcase classname="ptolemy.util.test.junit.AutoTests" name="[279] /home/travis/build/icyphy/ptII/ptolemy/actor/lib/test/auto/PublisherSubscriber11.xml (RunModel)" time="0.035" />
  <testcase classname="ptolemy.util.test.junit.AutoTests" name="[280] /home/travis/build/icyphy/ptII/ptolemy/actor/lib/test/auto/PublisherSubscriber12.xml (RunModel)" time="0.026" />
  <testcase classname="ptolemy.util.test.junit.AutoTests" name="[281] /home/travis/build/icyphy/ptII/ptolemy/actor/lib/test/auto/PublisherSubscriber13.xml (RunModel)" time="0.008" />
  <testcase classname="ptolemy.util.test.junit.AutoTests" name="[282] /home/travis/build/icyphy/ptII/ptolemy/actor/lib/test/auto/PublisherSubscriber14.xml (RunModel)" time="0.019" />
  <testcase classname="ptolemy.util.test.junit.AutoTests" name="[283] /home/travis/build/icyphy/ptII/ptolemy/actor/lib/test/auto/PublisherSubscriber2.xml (RunModel)" time="0.009" />
  <testcase classname="ptolemy.util.test.junit.AutoTests" name="[284] /home/travis/build/icyphy/ptII/ptolemy/actor/lib/test/auto/PublisherSubscriber3.xml (RunModel)" time="0.008" />
  <testcase classname="ptolemy.util.test.junit.AutoTests" name="[285] /home/travis/build/icyphy/ptII/ptolemy/actor/lib/test/auto/PublisherSubscriber4.xml (RunModel)" time="0.007" />
  <testcase classname="ptolemy.util.test.junit.AutoTests" name="[286] /home/travis/build/icyphy/ptII/ptolemy/actor/lib/test/auto/PublisherSubscriber5.xml (RunModel)" time="0.01" />
  <testcase classname="ptolemy.util.test.junit.AutoTests" name="[287] /home/travis/build/icyphy/ptII/ptolemy/actor/lib/test/auto/PublisherSubscriber6.xml (RunModel)" time="0.013" />
  <testcase classname="ptolemy.util.test.junit.AutoTests" name="[288] /home/travis/build/icyphy/ptII/ptolemy/actor/lib/test/auto/PublisherSubscriber7.xml (RunModel)" time="0.015" />
  <testcase classname="ptolemy.util.test.junit.AutoTests" name="[289] /home/travis/build/icyphy/ptII/ptolemy/actor/lib/test/auto/PublisherSubscriber8.xml (RunModel)" time="0.031" />
  <testcase classname="ptolemy.util.test.junit.AutoTests" name="[290] /home/travis/build/icyphy/ptII/ptolemy/actor/lib/test/auto/PublisherSubscriber9.xml (RunModel)" time="0.018" />
  <testcase classname="ptolemy.util.test.junit.AutoTests" name="[291] /home/travis/build/icyphy/ptII/ptolemy/actor/lib/test/auto/PublisherSubscriberAdjacent.xml (RunModel)" time="0.014" />
  <testcase classname="ptolemy.util.test.junit.AutoTests" name="[292] /home/travis/build/icyphy/ptII/ptolemy/actor/lib/test/auto/PublisherSubscriberChannelVariablesAOC2.xml (RunModel)" time="0.03" />
  <testcase classname="ptolemy.util.test.junit.AutoTests" name="[293] /home/travis/build/icyphy/ptII/ptolemy/actor/lib/test/auto/PublisherSubscriberD3.xml (RunModel)" time="0.012" />
  <testcase classname="ptolemy.util.test.junit.AutoTests" name="[294] /home/travis/build/icyphy/ptII/ptolemy/actor/lib/test/auto/PublisherSubscriberD3Reverse.xml (RunModel)" time="0.009" />
  <testcase classname="ptolemy.util.test.junit.AutoTests" name="[295] /home/travis/build/icyphy/ptII/ptolemy/actor/lib/test/auto/PublisherSubscriberExpression.xml (RunModel)" time="0.015" />
  <testcase classname="ptolemy.util.test.junit.AutoTests" name="[296] /home/travis/build/icyphy/ptII/ptolemy/actor/lib/test/auto/PublisherSubscriberOpaque.xml (RunModel)" time="0.027" />
  <testcase classname="ptolemy.util.test.junit.AutoTests" name="[297] /home/travis/build/icyphy/ptII/ptolemy/actor/lib/test/auto/PublisherSubscriberOpaqueD3.xml (RunModel)" time="0.022" />
  <testcase classname="ptolemy.util.test.junit.AutoTests" name="[298] /home/travis/build/icyphy/ptII/ptolemy/actor/lib/test/auto/PublisherSubscriberOpaqueD3Reverse.xml (RunModel)" time="0.021" />
  <testcase classname="ptolemy.util.test.junit.AutoTests" name="[299] /home/travis/build/icyphy/ptII/ptolemy/actor/lib/test/auto/PublisherSubscriberOpaqueWidthInference.xml (RunModel)" time="0.016" />
  <testcase classname="ptolemy.util.test.junit.AutoTests" name="[300] /home/travis/build/icyphy/ptII/ptolemy/actor/lib/test/auto/PublisherTestSubscriber.xml (RunModel)" time="0.014" />
  <testcase classname="ptolemy.util.test.junit.AutoTests" name="[301] /home/travis/build/icyphy/ptII/ptolemy/actor/lib/test/auto/PublisherToplevelSubscriberPortAOC.xml (RunModel)" time="0.01" />
  <testcase classname="ptolemy.util.test.junit.AutoTests" name="[302] /home/travis/build/icyphy/ptII/ptolemy/actor/lib/test/auto/PulseFiringLimitDE.xml (RunModel)" time="0.014" />
  <testcase classname="ptolemy.util.test.junit.AutoTests" name="[303] /home/travis/build/icyphy/ptII/ptolemy/actor/lib/test/auto/Ramp1.xml (RunModel)" time="0.006" />
  <testcase classname="ptolemy.util.test.junit.AutoTests" name="[304] /home/travis/build/icyphy/ptII/ptolemy/actor/lib/test/auto/RampFiringLimitDE.xml (RunModel)" time="0.01" />
  <testcase classname="ptolemy.util.test.junit.AutoTests" name="[305] /home/travis/build/icyphy/ptII/ptolemy/actor/lib/test/auto/RampFiringLimitSDF.xml (RunModel)" time="0.009" />
  <testcase classname="ptolemy.util.test.junit.AutoTests" name="[306] /home/travis/build/icyphy/ptII/ptolemy/actor/lib/test/auto/RandomInteger.xml (RunModel)" time="0.007" />
  <testcase classname="ptolemy.util.test.junit.AutoTests" name="[307] /home/travis/build/icyphy/ptII/ptolemy/actor/lib/test/auto/ReadFile1.xml (RunModel)" time="0.007" />
  <testcase classname="ptolemy.util.test.junit.AutoTests" name="[308] /home/travis/build/icyphy/ptII/ptolemy/actor/lib/test/auto/ReadFile2.xml (RunModel)" time="0.006" />
  <testcase classname="ptolemy.util.test.junit.AutoTests" name="[309] /home/travis/build/icyphy/ptII/ptolemy/actor/lib/test/auto/Reader.xml (RunModel)" time="0.01" />
  <testcase classname="ptolemy.util.test.junit.AutoTests" name="[310] /home/travis/build/icyphy/ptII/ptolemy/actor/lib/test/auto/RecordAssemblerDisplayNameTest.xml (RunModel)" time="3.072" />
  <testcase classname="ptolemy.util.test.junit.AutoTests" name="[311] /home/travis/build/icyphy/ptII/ptolemy/actor/lib/test/auto/RecordAssemblerTypeError.xml (RunModel)" time="0.028" />
  <testcase classname="ptolemy.util.test.junit.AutoTests" name="[312] /home/travis/build/icyphy/ptII/ptolemy/actor/lib/test/auto/RecordDisassember.xml (RunModel)" time="0.01" />
  <testcase classname="ptolemy.util.test.junit.AutoTests" name="[313] /home/travis/build/icyphy/ptII/ptolemy/actor/lib/test/auto/RecordDisassemberDisplayNameTest.xml (RunModel)" time="0.016" />
  <testcase classname="ptolemy.util.test.junit.AutoTests" name="[314] /home/travis/build/icyphy/ptII/ptolemy/actor/lib/test/auto/RecordDisassembler.xml (RunModel)" time="0.017" />
  <testcase classname="ptolemy.util.test.junit.AutoTests" name="[315] /home/travis/build/icyphy/ptII/ptolemy/actor/lib/test/auto/RecordDisassembler2.xml (RunModel)" time="0.01" />
  <testcase classname="ptolemy.util.test.junit.AutoTests" name="[316] /home/travis/build/icyphy/ptII/ptolemy/actor/lib/test/auto/RecordUpdater.xml (RunModel)" time="0.008" />
  <testcase classname="ptolemy.util.test.junit.AutoTests" name="[317] /home/travis/build/icyphy/ptII/ptolemy/actor/lib/test/auto/RecordUpdater2.xml (RunModel)" time="0.008" />
  <testcase classname="ptolemy.util.test.junit.AutoTests" name="[318] /home/travis/build/icyphy/ptII/ptolemy/actor/lib/test/auto/RecursiveLattice.xml (RunModel)" time="0.007" />
  <testcase classname="ptolemy.util.test.junit.AutoTests" name="[319] /home/travis/build/icyphy/ptII/ptolemy/actor/lib/test/auto/Router.xml (RunModel)" time="3.021" />
  <testcase classname="ptolemy.util.test.junit.AutoTests" name="[320] /home/travis/build/icyphy/ptII/ptolemy/actor/lib/test/auto/Router2.xml (RunModel)" time="3.032" />
  <testcase classname="ptolemy.util.test.junit.AutoTests" name="[321] /home/travis/build/icyphy/ptII/ptolemy/actor/lib/test/auto/RunningMaximum.xml (RunModel)" time="0.019" />
  <testcase classname="ptolemy.util.test.junit.AutoTests" name="[322] /home/travis/build/icyphy/ptII/ptolemy/actor/lib/test/auto/RunningMinimum.xml (RunModel)" time="0.035" />
  <testcase classname="ptolemy.util.test.junit.AutoTests" name="[323] /home/travis/build/icyphy/ptII/ptolemy/actor/lib/test/auto/Scale.xml (RunModel)" time="0.013" />
  <testcase classname="ptolemy.util.test.junit.AutoTests" name="[324] /home/travis/build/icyphy/ptII/ptolemy/actor/lib/test/auto/Scale2.xml (RunModel)" time="0.008" />
  <testcase classname="ptolemy.util.test.junit.AutoTests" name="[325] /home/travis/build/icyphy/ptII/ptolemy/actor/lib/test/auto/Scale3.xml (RunModel)" time="0.017" />
  <testcase classname="ptolemy.util.test.junit.AutoTests" name="[326] /home/travis/build/icyphy/ptII/ptolemy/actor/lib/test/auto/ScaleArray.xml (RunModel)" time="0.008" />
  <testcase classname="ptolemy.util.test.junit.AutoTests" name="[327] /home/travis/build/icyphy/ptII/ptolemy/actor/lib/test/auto/ScaleArray2.xml (RunModel)" time="0.007" />
  <testcase classname="ptolemy.util.test.junit.AutoTests" name="[328] /home/travis/build/icyphy/ptII/ptolemy/actor/lib/test/auto/ScaleMatrix.xml (RunModel)" time="0.104" />
  <testcase classname="ptolemy.util.test.junit.AutoTests" name="[329] /home/travis/build/icyphy/ptII/ptolemy/actor/lib/test/auto/Select.xml (RunModel)" time="0.021" />
  <testcase classname="ptolemy.util.test.junit.AutoTests" name="[330] /home/travis/build/icyphy/ptII/ptolemy/actor/lib/test/auto/Select2.xml (RunModel)" time="0.008" />
  <testcase classname="ptolemy.util.test.junit.AutoTests" name="[331] /home/travis/build/icyphy/ptII/ptolemy/actor/lib/test/auto/SequenceToArray2.xml (RunModel)" time="0.123" />
  <testcase classname="ptolemy.util.test.junit.AutoTests" name="[332] /home/travis/build/icyphy/ptII/ptolemy/actor/lib/test/auto/SequentialClock.xml (RunModel)" time="0.01" />
  <testcase classname="ptolemy.util.test.junit.AutoTests" name="[333] /home/travis/build/icyphy/ptII/ptolemy/actor/lib/test/auto/SetVariable.xml (RunModel)" time="0.008" />
  <testcase classname="ptolemy.util.test.junit.AutoTests" name="[334] /home/travis/build/icyphy/ptII/ptolemy/actor/lib/test/auto/SetVariable2.xml (RunModel)" time="0.01" />
  <testcase classname="ptolemy.util.test.junit.AutoTests" name="[335] /home/travis/build/icyphy/ptII/ptolemy/actor/lib/test/auto/SetVariable3.xml (RunModel)" time="0.013" />
  <testcase classname="ptolemy.util.test.junit.AutoTests" name="[336] /home/travis/build/icyphy/ptII/ptolemy/actor/lib/test/auto/SetVariable4.xml (RunModel)" time="0.022" />
  <testcase classname="ptolemy.util.test.junit.AutoTests" name="[337] /home/travis/build/icyphy/ptII/ptolemy/actor/lib/test/auto/SetVariable5.xml (RunModel)" time="0.034" />
  <testcase classname="ptolemy.util.test.junit.AutoTests" name="[338] /home/travis/build/icyphy/ptII/ptolemy/actor/lib/test/auto/Sinewave.xml (RunModel)" time="0.021" />
  <testcase classname="ptolemy.util.test.junit.AutoTests" name="[339] /home/travis/build/icyphy/ptII/ptolemy/actor/lib/test/auto/Sinewave2.xml (RunModel)" time="0.013" />
  <testcase classname="ptolemy.util.test.junit.AutoTests" name="[340] /home/travis/build/icyphy/ptII/ptolemy/actor/lib/test/auto/Sinewave3.xml (RunModel)" time="0.019" />
  <testcase classname="ptolemy.util.test.junit.AutoTests" name="[341] /home/travis/build/icyphy/ptII/ptolemy/actor/lib/test/auto/SingleEvent.xml (RunModel)" time="0.005" />
  <testcase classname="ptolemy.util.test.junit.AutoTests" name="[342] /home/travis/build/icyphy/ptII/ptolemy/actor/lib/test/auto/Sleep.xml (RunModel)" time="6.019" />
  <testcase classname="ptolemy.util.test.junit.AutoTests" name="[343] /home/travis/build/icyphy/ptII/ptolemy/actor/lib/test/auto/SleepMultipleFire.xml (RunModel)" time="1.025" />
  <testcase classname="ptolemy.util.test.junit.AutoTests" name="[344] /home/travis/build/icyphy/ptII/ptolemy/actor/lib/test/auto/StopDE.xml (RunModel)" time="0.021" />
  <testcase classname="ptolemy.util.test.junit.AutoTests" name="[345] /home/travis/build/icyphy/ptII/ptolemy/actor/lib/test/auto/StopSDF.xml (RunModel)" time="0.015" />
  <testcase classname="ptolemy.util.test.junit.AutoTests" name="[346] /home/travis/build/icyphy/ptII/ptolemy/actor/lib/test/auto/StringConstant.xml (RunModel)" time="0.017" />
  <testcase classname="ptolemy.util.test.junit.AutoTests" name="[347] /home/travis/build/icyphy/ptII/ptolemy/actor/lib/test/auto/SubscriberPortInitialValues1.xml (RunModel)" time="0.025" />
  <testcase classname="ptolemy.util.test.junit.AutoTests" name="[348] /home/travis/build/icyphy/ptII/ptolemy/actor/lib/test/auto/SubscriberPortInitialValues13.xml (RunModel)" time="0.027" />
  <testcase classname="ptolemy.util.test.junit.AutoTests" name="[349] /home/travis/build/icyphy/ptII/ptolemy/actor/lib/test/auto/SubscriberPortInitialValues14.xml (RunModel)" time="0.015" />
  <testcase classname="ptolemy.util.test.junit.AutoTests" name="[350] /home/travis/build/icyphy/ptII/ptolemy/actor/lib/test/auto/SubscriberPortInitialValues2.xml (RunModel)" time="0.017" />
  <testcase classname="ptolemy.util.test.junit.AutoTests" name="[351] /home/travis/build/icyphy/ptII/ptolemy/actor/lib/test/auto/SubscriberPortInitialValues3.xml (RunModel)" time="0.02" />
  <testcase classname="ptolemy.util.test.junit.AutoTests" name="[352] /home/travis/build/icyphy/ptII/ptolemy/actor/lib/test/auto/SubscriptionAggregator.xml (RunModel)" time="0.025" />
  <testcase classname="ptolemy.util.test.junit.AutoTests" name="[353] /home/travis/build/icyphy/ptII/ptolemy/actor/lib/test/auto/SubscriptionAggregator2.xml (RunModel)" time="0.01" />
  <testcase classname="ptolemy.util.test.junit.AutoTests" name="[354] /home/travis/build/icyphy/ptII/ptolemy/actor/lib/test/auto/SubscriptionAggregator3.xml (RunModel)" time="0.016" />
  <testcase classname="ptolemy.util.test.junit.AutoTests" name="[355] /home/travis/build/icyphy/ptII/ptolemy/actor/lib/test/auto/SubscriptionAggregatorMultiply.xml (RunModel)" time="0.025" />
  <testcase classname="ptolemy.util.test.junit.AutoTests" name="[356] /home/travis/build/icyphy/ptII/ptolemy/actor/lib/test/auto/SubscriptionAggregatorPortMultiply1.xml (RunModel)" time="0.015" />
  <testcase classname="ptolemy.util.test.junit.AutoTests" name="[357] /home/travis/build/icyphy/ptII/ptolemy/actor/lib/test/auto/Switch.xml (RunModel)" time="0.019" />
  <testcase classname="ptolemy.util.test.junit.AutoTests" name="[358] /home/travis/build/icyphy/ptII/ptolemy/actor/lib/test/auto/Switch2.xml (RunModel)" time="0.011" />
  <testcase classname="ptolemy.util.test.junit.AutoTests" name="[359] /home/travis/build/icyphy/ptII/ptolemy/actor/lib/test/auto/SwitchDE.xml (RunModel)" time="0.013" />
  <testcase classname="ptolemy.util.test.junit.AutoTests" name="[360] /home/travis/build/icyphy/ptII/ptolemy/actor/lib/test/auto/SynchronizerDE.xml (RunModel)" time="0.019" />
  <testcase classname="ptolemy.util.test.junit.AutoTests" name="[361] /home/travis/build/icyphy/ptII/ptolemy/actor/lib/test/auto/Test.xml (RunModel)" time="0.008" />
  <testcase classname="ptolemy.util.test.junit.AutoTests" name="[362] /home/travis/build/icyphy/ptII/ptolemy/actor/lib/test/auto/TestExceptionAttribute1.xml (RunModel)" time="0.007" />
  <testcase classname="ptolemy.util.test.junit.AutoTests" name="[363] /home/travis/build/icyphy/ptII/ptolemy/actor/lib/test/auto/TestExceptionAttribute2.xml (RunModel)" time="0.01" />
  <testcase classname="ptolemy.util.test.junit.AutoTests" name="[364] /home/travis/build/icyphy/ptII/ptolemy/actor/lib/test/auto/TestExceptionAttribute3.xml (RunModel)" time="0.009" />
  <testcase classname="ptolemy.util.test.junit.AutoTests" name="[365] /home/travis/build/icyphy/ptII/ptolemy/actor/lib/test/auto/TestExceptionAttribute4.xml (RunModel)" time="0.005" />
  <testcase classname="ptolemy.util.test.junit.AutoTests" name="[366] /home/travis/build/icyphy/ptII/ptolemy/actor/lib/test/auto/TestExceptionHandler1.xml (RunModel)" time="0.006" />
  <testcase classname="ptolemy.util.test.junit.AutoTests" name="[367] /home/travis/build/icyphy/ptII/ptolemy/actor/lib/test/auto/TestExceptionHandler2.xml (RunModel)" time="0.01" />
  <testcase classname="ptolemy.util.test.junit.AutoTests" name="[368] /home/travis/build/icyphy/ptII/ptolemy/actor/lib/test/auto/TestExceptionHandler3.xml (RunModel)" time="0.005" />
  <testcase classname="ptolemy.util.test.junit.AutoTests" name="[369] /home/travis/build/icyphy/ptII/ptolemy/actor/lib/test/auto/TestExceptionHandler4.xml (RunModel)" time="0.005" />
  <testcase classname="ptolemy.util.test.junit.AutoTests" name="[370] /home/travis/build/icyphy/ptII/ptolemy/actor/lib/test/auto/TestRequireCorrectOrder.xml (RunModel)" time="0.012" />
  <testcase classname="ptolemy.util.test.junit.AutoTests" name="[371] /home/travis/build/icyphy/ptII/ptolemy/actor/lib/test/auto/TestSimple.xml (RunModel)" time="0.006" />
  <testcase classname="ptolemy.util.test.junit.AutoTests" name="[372] /home/travis/build/icyphy/ptII/ptolemy/actor/lib/test/auto/ThrowModelError.xml (RunModel)" time="0.009" />
  <testcase classname="ptolemy.util.test.junit.AutoTests" name="[373] /home/travis/build/icyphy/ptII/ptolemy/actor/lib/test/auto/TimeDelayMicrosteps.xml (RunModel)" time="0.014" />
  <testcase classname="ptolemy.util.test.junit.AutoTests" name="[374] /home/travis/build/icyphy/ptII/ptolemy/actor/lib/test/auto/TimeDelayMicrosteps2.xml (RunModel)" time="0.016" />
  <testcase classname="ptolemy.util.test.junit.AutoTests" name="[375] /home/travis/build/icyphy/ptII/ptolemy/actor/lib/test/auto/TimeDelayMicrosteps3.xml (RunModel)" time="0.013" />
  <testcase classname="ptolemy.util.test.junit.AutoTests" name="[376] /home/travis/build/icyphy/ptII/ptolemy/actor/lib/test/auto/TimeDelayVariableMicrosteps.xml (RunModel)" time="0.012" />
  <testcase classname="ptolemy.util.test.junit.AutoTests" name="[377] /home/travis/build/icyphy/ptII/ptolemy/actor/lib/test/auto/TimeGap.xml (RunModel)" time="0.013" />
  <testcase classname="ptolemy.util.test.junit.AutoTests" name="[378] /home/travis/build/icyphy/ptII/ptolemy/actor/lib/test/auto/TimeGap2.xml (RunModel)" time="0.01" />
  <testcase classname="ptolemy.util.test.junit.AutoTests" name="[379] /home/travis/build/icyphy/ptII/ptolemy/actor/lib/test/auto/TimedSinewave.xml (RunModel)" time="0.051" />
  <testcase classname="ptolemy.util.test.junit.AutoTests" name="[380] /home/travis/build/icyphy/ptII/ptolemy/actor/lib/test/auto/TimedSinewavePhase.xml (RunModel)" time="0.039" />
  <testcase classname="ptolemy.util.test.junit.AutoTests" name="[381] /home/travis/build/icyphy/ptII/ptolemy/actor/lib/test/auto/Timer.xml (RunModel)" time="0.016" />
  <testcase classname="ptolemy.util.test.junit.AutoTests" name="[382] /home/travis/build/icyphy/ptII/ptolemy/actor/lib/test/auto/TriangularDistTestModel.xml (RunModel)" time="0.015" />
  <testcase classname="ptolemy.util.test.junit.AutoTests" name="[383] /home/travis/build/icyphy/ptII/ptolemy/actor/lib/test/auto/TrigFunction.xml (RunModel)" time="0.007" />
  <testcase classname="ptolemy.util.test.junit.AutoTests" name="[384] /home/travis/build/icyphy/ptII/ptolemy/actor/lib/test/auto/TrigFunctionDE.xml (RunModel)" time="0.01" />
  <testcase classname="ptolemy.util.test.junit.AutoTests" name="[385] /home/travis/build/icyphy/ptII/ptolemy/actor/lib/test/auto/TrigFunctionInverse.xml (RunModel)" time="0.008" />
  <testcase classname="ptolemy.util.test.junit.AutoTests" name="[386] /home/travis/build/icyphy/ptII/ptolemy/actor/lib/test/auto/TrigFunctionTan.xml (RunModel)" time="0.006" />
  <testcase classname="ptolemy.util.test.junit.AutoTests" name="[387] /home/travis/build/icyphy/ptII/ptolemy/actor/lib/test/auto/TriggeredClock.xml (RunModel)" time="0.008" />
  <testcase classname="ptolemy.util.test.junit.AutoTests" name="[388] /home/travis/build/icyphy/ptII/ptolemy/actor/lib/test/auto/URLDirectoryReader.xml (RunModel)" time="0.122" />
  <testcase classname="ptolemy.util.test.junit.AutoTests" name="[389] /home/travis/build/icyphy/ptII/ptolemy/actor/lib/test/auto/URLDirectoryReader3.xml (RunModel)" time="1.673" />
  <testcase classname="ptolemy.util.test.junit.AutoTests" name="[390] /home/travis/build/icyphy/ptII/ptolemy/actor/lib/test/auto/UnaryMathFunction.xml (RunModel)" time="0.021" />
  <testcase classname="ptolemy.util.test.junit.AutoTests" name="[391] /home/travis/build/icyphy/ptII/ptolemy/actor/lib/test/auto/Uniform.xml (RunModel)" time="0.031" />
  <testcase classname="ptolemy.util.test.junit.AutoTests" name="[392] /home/travis/build/icyphy/ptII/ptolemy/actor/lib/test/auto/UnionDisassemblerTest.xml (RunModel)" time="0.031" />
  <testcase classname="ptolemy.util.test.junit.AutoTests" name="[393] /home/travis/build/icyphy/ptII/ptolemy/actor/lib/test/auto/UtilityFunctions.xml (RunModel)" time="0.03" />
  <testcase classname="ptolemy.util.test.junit.AutoTests" name="[394] /home/travis/build/icyphy/ptII/ptolemy/actor/lib/test/auto/VariableSleep.xml (RunModel)" time="0.526" />
  <testcase classname="ptolemy.util.test.junit.AutoTests" name="[395] /home/travis/build/icyphy/ptII/ptolemy/actor/lib/test/auto/VectorAssemblerDisassemblerCT.xml (RunModel)" time="0.108" />
  <testcase classname="ptolemy.util.test.junit.AutoTests" name="[396] /home/travis/build/icyphy/ptII/ptolemy/actor/lib/test/auto/VectorAssemblerDisassemblerDE.xml (RunModel)" time="0.018" />
  <testcase classname="ptolemy.util.test.junit.AutoTests" name="[397] /home/travis/build/icyphy/ptII/ptolemy/actor/lib/test/auto/VectorAssemblerDisassemblerSDF.xml (RunModel)" time="0.011" />
  <testcase classname="ptolemy.util.test.junit.AutoTests" name="[398] /home/travis/build/icyphy/ptII/ptolemy/actor/lib/test/auto/WallClockTime.xml (RunModel)" time="1.011" />
  <testcase classname="ptolemy.util.test.junit.AutoTests" name="[399] /home/travis/build/icyphy/ptII/ptolemy/actor/lib/test/auto/WidthTestWithSubscriberPublisher.xml (RunModel)" time="0.039" />
  <testcase classname="ptolemy.util.test.junit.AutoTests" name="[400] /home/travis/build/icyphy/ptII/ptolemy/actor/lib/test/auto/WidthTestWithSubscriberPublisher2.xml (RunModel)" time="0.016" />
  <testcase classname="ptolemy.util.test.junit.AutoTests" name="[401] /home/travis/build/icyphy/ptII/ptolemy/actor/lib/test/auto/WidthTestWithSubscriberPublisher3.xml (RunModel)" time="0.01" />
  <testcase classname="ptolemy.util.test.junit.AutoTests" name="[402] /home/travis/build/icyphy/ptII/ptolemy/actor/lib/test/auto/Writer.xml (RunModel)" time="0.007" />
  <testcase classname="ptolemy.util.test.junit.AutoTests" name="[403] /home/travis/build/icyphy/ptII/ptolemy/actor/lib/test/auto/array.xml (RunModel)" time="0.009" />
  <testcase classname="ptolemy.util.test.junit.AutoTests" name="[404] /home/travis/build/icyphy/ptII/ptolemy/actor/lib/test/auto/array2.xml (RunModel)" time="0.017" />
  <testcase classname="ptolemy.util.test.junit.AutoTests" name="[405] /home/travis/build/icyphy/ptII/ptolemy/actor/lib/test/auto/arrayType.xml (RunModel)" time="0.009" />
  <testcase classname="ptolemy.util.test.junit.AutoTests" name="[406] /home/travis/build/icyphy/ptII/ptolemy/actor/lib/test/auto/arrayType10.xml (RunModel)" time="0.007" />
  <testcase classname="ptolemy.util.test.junit.AutoTests" name="[407] /home/travis/build/icyphy/ptII/ptolemy/actor/lib/test/auto/arrayType11.xml (RunModel)" time="0.007" />
  <testcase classname="ptolemy.util.test.junit.AutoTests" name="[408] /home/travis/build/icyphy/ptII/ptolemy/actor/lib/test/auto/arrayType12.xml (RunModel)" time="0.007" />
  <testcase classname="ptolemy.util.test.junit.AutoTests" name="[409] /home/travis/build/icyphy/ptII/ptolemy/actor/lib/test/auto/arrayType13.xml (RunModel)" time="0.007" />
  <testcase classname="ptolemy.util.test.junit.AutoTests" name="[410] /home/travis/build/icyphy/ptII/ptolemy/actor/lib/test/auto/arrayType14.xml (RunModel)" time="0.007" />
  <testcase classname="ptolemy.util.test.junit.AutoTests" name="[411] /home/travis/build/icyphy/ptII/ptolemy/actor/lib/test/auto/arrayType15.xml (RunModel)" time="0.008" />
  <testcase classname="ptolemy.util.test.junit.AutoTests" name="[412] /home/travis/build/icyphy/ptII/ptolemy/actor/lib/test/auto/arrayType16.xml (RunModel)" time="0.008" />
  <testcase classname="ptolemy.util.test.junit.AutoTests" name="[413] /home/travis/build/icyphy/ptII/ptolemy/actor/lib/test/auto/arrayType17.xml (RunModel)" time="0.011" />
  <testcase classname="ptolemy.util.test.junit.AutoTests" name="[414] /home/travis/build/icyphy/ptII/ptolemy/actor/lib/test/auto/arrayType18.xml (RunModel)" time="0.007" />
  <testcase classname="ptolemy.util.test.junit.AutoTests" name="[415] /home/travis/build/icyphy/ptII/ptolemy/actor/lib/test/auto/arrayType19.xml (RunModel)" time="0.007" />
  <testcase classname="ptolemy.util.test.junit.AutoTests" name="[416] /home/travis/build/icyphy/ptII/ptolemy/actor/lib/test/auto/arrayType2.xml (RunModel)" time="0.007" />
  <testcase classname="ptolemy.util.test.junit.AutoTests" name="[417] /home/travis/build/icyphy/ptII/ptolemy/actor/lib/test/auto/arrayType20.xml (RunModel)" time="0.007" />
  <testcase classname="ptolemy.util.test.junit.AutoTests" name="[418] /home/travis/build/icyphy/ptII/ptolemy/actor/lib/test/auto/arrayType21.xml (RunModel)" time="0.006" />
  <testcase classname="ptolemy.util.test.junit.AutoTests" name="[419] /home/travis/build/icyphy/ptII/ptolemy/actor/lib/test/auto/arrayType22.xml (RunModel)" time="0.007" />
  <testcase classname="ptolemy.util.test.junit.AutoTests" name="[420] /home/travis/build/icyphy/ptII/ptolemy/actor/lib/test/auto/arrayType23.xml (RunModel)" time="0.008" />
  <testcase classname="ptolemy.util.test.junit.AutoTests" name="[421] /home/travis/build/icyphy/ptII/ptolemy/actor/lib/test/auto/arrayType24.xml (RunModel)" time="0.007" />
  <testcase classname="ptolemy.util.test.junit.AutoTests" name="[422] /home/travis/build/icyphy/ptII/ptolemy/actor/lib/test/auto/arrayType25.xml (RunModel)" time="0.007" />
  <testcase classname="ptolemy.util.test.junit.AutoTests" name="[423] /home/travis/build/icyphy/ptII/ptolemy/actor/lib/test/auto/arrayType26.xml (RunModel)" time="0.007" />
  <testcase classname="ptolemy.util.test.junit.AutoTests" name="[424] /home/travis/build/icyphy/ptII/ptolemy/actor/lib/test/auto/arrayType27.xml (RunModel)" time="0.008" />
  <testcase classname="ptolemy.util.test.junit.AutoTests" name="[425] /home/travis/build/icyphy/ptII/ptolemy/actor/lib/test/auto/arrayType28.xml (RunModel)" time="0.009" />
  <testcase classname="ptolemy.util.test.junit.AutoTests" name="[426] /home/travis/build/icyphy/ptII/ptolemy/actor/lib/test/auto/arrayType3.xml (RunModel)" time="0.007" />
  <testcase classname="ptolemy.util.test.junit.AutoTests" name="[427] /home/travis/build/icyphy/ptII/ptolemy/actor/lib/test/auto/arrayType4.xml (RunModel)" time="0.007" />
  <testcase classname="ptolemy.util.test.junit.AutoTests" name="[428] /home/travis/build/icyphy/ptII/ptolemy/actor/lib/test/auto/arrayType5.xml (RunModel)" time="0.008" />
  <testcase classname="ptolemy.util.test.junit.AutoTests" name="[429] /home/travis/build/icyphy/ptII/ptolemy/actor/lib/test/auto/arrayType6.xml (RunModel)" time="0.006" />
  <testcase classname="ptolemy.util.test.junit.AutoTests" name="[430] /home/travis/build/icyphy/ptII/ptolemy/actor/lib/test/auto/arrayType7.xml (RunModel)" time="0.017" />
  <testcase classname="ptolemy.util.test.junit.AutoTests" name="[431] /home/travis/build/icyphy/ptII/ptolemy/actor/lib/test/auto/arrayType8.xml (RunModel)" time="0.014" />
  <testcase classname="ptolemy.util.test.junit.AutoTests" name="[432] /home/travis/build/icyphy/ptII/ptolemy/actor/lib/test/auto/arrayType9.xml (RunModel)" time="0.007" />
  <testcase classname="ptolemy.util.test.junit.AutoTests" name="[433] /home/travis/build/icyphy/ptII/ptolemy/actor/lib/test/auto/cast.xml (RunModel)" time="0.008" />
  <testcase classname="ptolemy.util.test.junit.AutoTests" name="[434] /home/travis/build/icyphy/ptII/ptolemy/actor/lib/test/auto/compositeMultiPort.xml (RunModel)" time="0.015" />
  <testcase classname="ptolemy.util.test.junit.AutoTests" name="[435] /home/travis/build/icyphy/ptII/ptolemy/actor/lib/test/auto/expressionCastInference.xml (RunModel)" time="0.008" />
  <testcase classname="ptolemy.util.test.junit.AutoTests" name="[436] /home/travis/build/icyphy/ptII/ptolemy/actor/lib/test/auto/expressionCastInference2.xml (RunModel)" time="0.029" />
  <testcase classname="ptolemy.util.test.junit.AutoTests" name="[437] /home/travis/build/icyphy/ptII/ptolemy/actor/lib/test/auto/expressionInference.xml (RunModel)" time="0.036" />
  <testcase classname="ptolemy.util.test.junit.AutoTests" name="[438] /home/travis/build/icyphy/ptII/ptolemy/actor/lib/test/auto/expression_bug.xml (RunModel)" time="0.027" />
  <testcase classname="ptolemy.util.test.junit.AutoTests" name="[439] /home/travis/build/icyphy/ptII/ptolemy/actor/lib/test/auto/factorial.xml (RunModel)" time="0.104" />
  <testcase classname="ptolemy.util.test.junit.AutoTests" name="[440] /home/travis/build/icyphy/ptII/ptolemy/actor/lib/test/auto/filterTest1.xml (RunModel)" time="0.037" />
  <testcase classname="ptolemy.util.test.junit.AutoTests" name="[441] /home/travis/build/icyphy/ptII/ptolemy/actor/lib/test/auto/funcApplyInConst.xml (RunModel)" time="0.008" />
  <testcase classname="ptolemy.util.test.junit.AutoTests" name="[442] /home/travis/build/icyphy/ptII/ptolemy/actor/lib/test/auto/funcApplyInExpr.xml (RunModel)" time="0.004" />
  <testcase classname="ptolemy.util.test.junit.AutoTests" name="[443] /home/travis/build/icyphy/ptII/ptolemy/actor/lib/test/auto/function.xml (RunModel)" time="0.008" />
  <testcase classname="ptolemy.util.test.junit.AutoTests" name="[444] /home/travis/build/icyphy/ptII/ptolemy/actor/lib/test/auto/function2.xml (RunModel)" time="0.018" />
  <testcase classname="ptolemy.util.test.junit.AutoTests" name="[445] /home/travis/build/icyphy/ptII/ptolemy/actor/lib/test/auto/function3.xml (RunModel)" time="0.007" />
  <testcase classname="ptolemy.util.test.junit.AutoTests" name="[446] /home/travis/build/icyphy/ptII/ptolemy/actor/lib/test/auto/functionClosureTest1.xml (RunModel)" time="0.009" />
  <testcase classname="ptolemy.util.test.junit.AutoTests" name="[447] /home/travis/build/icyphy/ptII/ptolemy/actor/lib/test/auto/functionClosureTest2.xml (RunModel)" time="0.006" />
  <testcase classname="ptolemy.util.test.junit.AutoTests" name="[448] /home/travis/build/icyphy/ptII/ptolemy/actor/lib/test/auto/functionClosureTest3.xml (RunModel)" time="0.01" />
  <testcase classname="ptolemy.util.test.junit.AutoTests" name="[449] /home/travis/build/icyphy/ptII/ptolemy/actor/lib/test/auto/functionClosureTest4.xml (RunModel)" time="0.012" />
  <testcase classname="ptolemy.util.test.junit.AutoTests" name="[450] /home/travis/build/icyphy/ptII/ptolemy/actor/lib/test/auto/functionClosureTest5.xml (RunModel)" time="0.016" />
  <testcase classname="ptolemy.util.test.junit.AutoTests" name="[451] /home/travis/build/icyphy/ptII/ptolemy/actor/lib/test/auto/functionClosureTest6.xml (RunModel)" time="0.013" />
  <testcase classname="ptolemy.util.test.junit.AutoTests" name="[452] /home/travis/build/icyphy/ptII/ptolemy/actor/lib/test/auto/functionsOnArcs.xml (RunModel)" time="0.018" />
  <testcase classname="ptolemy.util.test.junit.AutoTests" name="[453] /home/travis/build/icyphy/ptII/ptolemy/actor/lib/test/auto/functionsOnArcsHOF.xml (RunModel)" time="0.012" />
  <testcase classname="ptolemy.util.test.junit.AutoTests" name="[454] /home/travis/build/icyphy/ptII/ptolemy/actor/lib/test/auto/logic.xml (RunModel)" time="0.042" />
  <testcase classname="ptolemy.util.test.junit.AutoTests" name="[455] /home/travis/build/icyphy/ptII/ptolemy/actor/lib/test/auto/matrixType.xml (RunModel)" time="0.02" />
  <testcase classname="ptolemy.util.test.junit.AutoTests" name="[456] /home/travis/build/icyphy/ptII/ptolemy/actor/lib/test/auto/matrixType10.xml (RunModel)" time="0.007" />
  <testcase classname="ptolemy.util.test.junit.AutoTests" name="[457] /home/travis/build/icyphy/ptII/ptolemy/actor/lib/test/auto/matrixType11.xml (RunModel)" time="0.007" />
  <testcase classname="ptolemy.util.test.junit.AutoTests" name="[458] /home/travis/build/icyphy/ptII/ptolemy/actor/lib/test/auto/matrixType12.xml (RunModel)" time="0.009" />
  <testcase classname="ptolemy.util.test.junit.AutoTests" name="[459] /home/travis/build/icyphy/ptII/ptolemy/actor/lib/test/auto/matrixType13.xml (RunModel)" time="0.008" />
  <testcase classname="ptolemy.util.test.junit.AutoTests" name="[460] /home/travis/build/icyphy/ptII/ptolemy/actor/lib/test/auto/matrixType14.xml (RunModel)" time="0.009" />
  <testcase classname="ptolemy.util.test.junit.AutoTests" name="[461] /home/travis/build/icyphy/ptII/ptolemy/actor/lib/test/auto/matrixType2.xml (RunModel)" time="0.008" />
  <testcase classname="ptolemy.util.test.junit.AutoTests" name="[462] /home/travis/build/icyphy/ptII/ptolemy/actor/lib/test/auto/matrixType3.xml (RunModel)" time="0.009" />
  <testcase classname="ptolemy.util.test.junit.AutoTests" name="[463] /home/travis/build/icyphy/ptII/ptolemy/actor/lib/test/auto/matrixType4.xml (RunModel)" time="0.008" />
  <testcase classname="ptolemy.util.test.junit.AutoTests" name="[464] /home/travis/build/icyphy/ptII/ptolemy/actor/lib/test/auto/matrixType5.xml (RunModel)" time="0.006" />
  <testcase classname="ptolemy.util.test.junit.AutoTests" name="[465] /home/travis/build/icyphy/ptII/ptolemy/actor/lib/test/auto/matrixType6.xml (RunModel)" time="0.007" />
  <testcase classname="ptolemy.util.test.junit.AutoTests" name="[466] /home/travis/build/icyphy/ptII/ptolemy/actor/lib/test/auto/matrixType7.xml (RunModel)" time="0.008" />
  <testcase classname="ptolemy.util.test.junit.AutoTests" name="[467] /home/travis/build/icyphy/ptII/ptolemy/actor/lib/test/auto/matrixType8.xml (RunModel)" time="0.008" />
  <testcase classname="ptolemy.util.test.junit.AutoTests" name="[468] /home/travis/build/icyphy/ptII/ptolemy/actor/lib/test/auto/matrixType9.xml (RunModel)" time="0.006" />
  <testcase classname="ptolemy.util.test.junit.AutoTests" name="[469] /home/travis/build/icyphy/ptII/ptolemy/actor/lib/test/auto/paraFunctest.xml (RunModel)" time="0.005" />
  <testcase classname="ptolemy.util.test.junit.AutoTests" name="[470] /home/travis/build/icyphy/ptII/ptolemy/actor/lib/test/auto/paraFunctest2.xml (RunModel)" time="0.009" />
  <testcase classname="ptolemy.util.test.junit.AutoTests" name="[471] /home/travis/build/icyphy/ptII/ptolemy/actor/lib/test/auto/parameterPassing.xml (RunModel)" time="0.009" />
  <testcase classname="ptolemy.util.test.junit.AutoTests" name="[472] /home/travis/build/icyphy/ptII/ptolemy/actor/lib/test/auto/record.xml (RunModel)" time="0.008" />
  <testcase classname="ptolemy.util.test.junit.AutoTests" name="[473] /home/travis/build/icyphy/ptII/ptolemy/actor/lib/test/auto/sizedarray1.xml (RunModel)" time="0.008" />
  <testcase classname="ptolemy.util.test.junit.AutoTests" name="[474] /home/travis/build/icyphy/ptII/ptolemy/actor/lib/test/auto/sizedarray2.xml (RunModel)" time="0.009" />
  <testcase classname="ptolemy.util.test.junit.AutoTests" name="[475] /home/travis/build/icyphy/ptII/ptolemy/actor/lib/test/auto/twoPublishers.xml (RunModel)" time="0.023" />
  <system-out><![CDATA[/home/travis/build/icyphy/ptII/ptolemy/actor/lib/test/AbsoluteValue.tcl
testDefs.tcl: setting time out to 9000 seconds at Fri Apr 24 14:10:56 UTC 2020
112 ms. Memory: 129024K Free: 93124K (72%)
4 ms. Memory: 129024K Free: 91076K (71%)
14 ms. Memory: 129024K Free: 90555K (70%)
9 ms. Memory: 129024K Free: 89523K (69%)
/home/travis/build/icyphy/ptII/ptolemy/actor/lib/test/AddSubtract.tcl
9 ms. Memory: 129024K Free: 87490K (68%)
6 ms. Memory: 129024K Free: 86980K (67%)
5 ms. Memory: 129024K Free: 85956K (67%)
7 ms. Memory: 129024K Free: 85435K (66%)
40 ms. Memory: 129024K Free: 82370K (64%)
6 ms. Memory: 129024K Free: 81346K (63%)
/home/travis/build/icyphy/ptII/ptolemy/actor/lib/test/Average.tcl
7 ms. Memory: 129024K Free: 79812K (62%)
7 ms. Memory: 129024K Free: 78788K (61%)
/home/travis/build/icyphy/ptII/ptolemy/actor/lib/test/Bernoulli.tcl
7 ms. Memory: 129024K Free: 77235K (60%)
2 ms. Memory: 129024K Free: 76740K (59%)
/home/travis/build/icyphy/ptII/ptolemy/actor/lib/test/Clock.tcl
preinitializing
resolving types
initializing
executing number 1
wrapping up
idle
32 ms. Memory: 129024K Free: 74178K (57%)
Completed execution with 5 iterations
preinitializing
resolving types
initializing
executing number 1
wrapping up
idle
12 ms. Memory: 129024K Free: 73123K (57%)
Completed execution with 5 iterations
preinitializing
resolving types
initializing
executing number 1
wrapping up
idle
3 ms. Memory: 129024K Free: 72644K (56%)
Completed execution with 5 iterations
/home/travis/build/icyphy/ptII/ptolemy/actor/lib/test/Commutator.tcl
17 ms. Memory: 129024K Free: 70596K (55%)
17 ms. Memory: 129024K Free: 69572K (54%)
18 ms. Memory: 129024K Free: 63907K (50%)
/home/travis/build/icyphy/ptII/ptolemy/actor/lib/test/Const.tcl
12 ms. Memory: 129024K Free: 62404K (48%)
2 ms. Memory: 129024K Free: 61875K (48%)
3 ms. Memory: 129024K Free: 61380K (48%)
3 ms. Memory: 129024K Free: 60859K (47%)
3 ms. Memory: 129024K Free: 60356K (47%)
12 ms. Memory: 129024K Free: 58818K (46%)
12 ms. Memory: 129024K Free: 57284K (44%)
10 ms. Memory: 129024K Free: 56763K (44%)
/home/travis/build/icyphy/ptII/ptolemy/actor/lib/test/CurrentTime.tcl
preinitializing
resolving types
initializing
executing number 1
wrapping up
idle
17 ms. Memory: 129024K Free: 54707K (42%)
Completed execution with 11 iterations
/home/travis/build/icyphy/ptII/ptolemy/actor/lib/test/DB.tcl
6 ms. Memory: 129024K Free: 53188K (41%)
2 ms. Memory: 129024K Free: 52674K (41%)
1 ms. Memory: 129024K Free: 52164K (40%)
/home/travis/build/icyphy/ptII/ptolemy/actor/lib/test/DiscreteRandomSource.tcl
preinitializing
resolving types
initializing
executing number 1
wrapping up
idle
5 ms. Memory: 129024K Free: 50611K (39%)
Completed execution with 4 iterations
preinitializing
resolving types
initializing
executing number 1
wrapping up
idle
2 ms. Memory: 129024K Free: 50116K (39%)
Completed execution with 4 iterations
preinitializing
resolving types
initializing
executing number 1
wrapping up
idle
2 ms. Memory: 129024K Free: 49602K (38%)
Completed execution with 4 iterations
preinitializing
resolving types
initializing
executing number 1
wrapping up
idle
3 ms. Memory: 129024K Free: 49092K (38%)
Completed execution with 4 iterations
preinitializing
resolving types
initializing
executing number 1
wrapping up
idle
4 ms. Memory: 129024K Free: 48578K (38%)
Completed execution with 4 iterations
/home/travis/build/icyphy/ptII/ptolemy/actor/lib/test/Distributor.tcl
23 ms. Memory: 129024K Free: 113613K (88%)
7 ms. Memory: 129024K Free: 112905K (88%)
StreamChangeRequest.changeExecuted(): <deleteEntity name="rec2"/> succeeded
StreamChangeRequest.changeExecuted(): <deleteRelation name="r2"/> succeeded
StreamChangeRequest.changeExecuted(): Record firings per iteration succeeded
4 ms. Memory: 129024K Free: 110571K (86%)
/home/travis/build/icyphy/ptII/ptolemy/actor/lib/test/Exit.tcl
Exit.tcl: this will print a message about Manager.exitAfterWrapup, which can be ignored.
12 ms. Memory: 129024K Free: 107458K (83%)
/home/travis/build/icyphy/ptII/ptolemy/actor/lib/test/Expression.tcl
14 ms. Memory: 129024K Free: 103887K (81%)
3 ms. Memory: 129024K Free: 103387K (80%)
6 ms. Memory: 129024K Free: 102341K (79%)
preinitializing
resolving types
initializing
executing number 1
wrapping up
idle
10 ms. Memory: 129024K Free: 101325K (79%)
Completed execution with 6 iterations
9 ms. Memory: 129024K Free: 100331K (78%)
5 ms. Memory: 129024K Free: 99269K (77%)
7 ms. Memory: 129024K Free: 98253K (76%)
6 ms. Memory: 129024K Free: 97206K (75%)
5 ms. Memory: 129024K Free: 95665K (74%)
/home/travis/build/icyphy/ptII/ptolemy/actor/lib/test/Gaussian.tcl
10 ms. Memory: 129024K Free: 94165K (73%)
sleeping 1 seconds: ...............................................................................................................................................................................................................................................................................................................................................................................................................................................................................................................................................................................................................................................................................................................................................................................................................................................................................................................................................................................................................................................................................................................................................................................................................................................................................................................................................................................................................................................................................................................................................................................................................................................................................................................................................................................................................................................................................................................................................................................................................................................................................................................................................................................................................................................................................................................................................................................................................................................................................................................................................................................................................................................................................................................................................................................................................................................................................................................................................................................................................................................................................................................................................................................................................................................................................................................................................................................................................................................................................................................................................................................................................................................................................................................................................................................................................................................................................................................................................................................................................................................................................................................................................................................................................................................................................................................................................................................................................................................................................................................................................................................................................................................................................................................................................................................................................................................................................................................................................................................................................................................................................................................................................................................................................................................................................................................................................................................................................................................................................................................................................................................................................................................................................................................................................................................................................................................................................................................................................................................................................................................................................................................................................................................................................................................................................................................................................................................................................................................................................................................................................................................................................................................................................................................................................................................................................................................................................................................................................................................................................................................................................................................................................................................................................................................................................................................................................................................................................................................................................................................................................................................................................................................................................................................................................................................................................................................................................................................................................................................................................................................................................................................................................................................................................................................................................................................................................................................................................................................................................................................................................................................................................................................................................................................................................................................................................................................................................................................................................................................................................................................................................................................................................................................................................................................................................................................................................................................................................................................................................................................................................................................................................................................................................................................................................................................................................................................................................................................................................................................................................................................................................................................................................................................................................................................................................................................................................................................................................................................................................................................................................................................................................................................................................................................................................................................................................................................................................................................................................................................................................................................................................................................................................................................................................................................................................................................................................................................................................................................................................................................................................................................................................................................................................................................................................................................................................................................................................................................................................................................................................................................................................................................................................................................................................................................................................................................................................................................................................................................................................................................................................................................................................................................................................................................................................................................................................................................................................................................................................................................................................................................................................................................................................................................................................................................................................................................................................................................................................................................................................................................................................................................................................................................................................................................................................................................................................................................................................................................................................................................................................................................................................................................................................................................................................................................................................................................................................................................................................................................................................................................................................................................................................................................................................................................................................................................................................................................................................................................................................................................................................................................................................................................................................................................................................................................................................................................................................................................................................................................................................................................................................................................................................................................................................................................................................................................................................................................................................................................................................................................................................................................................................................................................................................................................................................................................................................................................................................................................................................................................................................................................................................................................................................................................................................................................................................................................................................................................................................................................................................................................................................................................................................................................................................................................................................................................................................................................................................................................................................................................................................................................................................................................................................................................................................................................................................................................................................................................................................................................................................................................................................................................................................................................................................................................................................................................................................................................................................................................................................................................................................................................................................................................................................................................................................................................................................................................................................................................................................................................................................................................................................................................................................................................................................................................................................................................................................................................................................................................................................................................................................................................................................................................................................................................................................................................................................................................................................................................................................................................................................................................................................................................................................................................................................................................................................................................................................................................................................................................................................................................................................................................................................................................................................................................................................................................................................................................................................................................................................................................................................................................................................................................................................................................................................................................................................................................................................................................................................................................................................................................................................................................................................................................................................................................................................................................................................................................................................................................................................................................................................................................................................................................................................................................................................................................................................................................................................................................................................................................................................................................................................................................................................................................................................................................................................................................................................................................................................................................................................................................................................................................................................................................................................................................................................................................................................................................................................................................................................................................................................................................................................................................................................................................................................................................................................................................................................................................................................................................................................................................................................................................................................................................................................................................................................................................................................................................................................................................................................................................................................................................................................................................................................................................................................................................................................................................................................................................................................................................................................................................................................................................................................................................................................................................................................................................................................................................................................................................................................................................................................................................................................................................................................................................................................................................................................................................................................................................................................................................................................................................................................................................................................................................................................................................................................................................................................................................................................................................................................................................................................................................................................................................................................................................................................................................................................................................................................................................................................................................................................................................................................................................................................................................................................................................................................................................................................................................................................................................................................................................................................................................................................................................................................................................................................................................................................................................................................................................................................................................................................................................................................................................................................................................................................................................................................................................................................................................................................................................................................................................................................................................................................................................................................................................................................................................................................................................................................................................................................................................................................................................................................................................................................................................................................................................................................................................................................................................................................................................................................................................................................................................................................................................................................................................................................................................................................................................................................................................................................................................................................................................................................................................................................................................................................................................................................................................................................................................................................................................................................................................................................................................................................................................................................................................................................................................................................................................................................................................................................................................................................................................................................................................................................................................................................................................................................................................................................................................................................................................................................................................................................................................................................................................................................................................................................................................................................................................................................................................................................................................................................................................................................................................................................................................................................................................................................................................................................................................................................................................................................................................................................................................................................................................................................................................................................................................................................................................................................................................................................................................................................................................................................................................................................................................................................................................................................................................................................................................................................................................................................................................................................................................................................................................................................................................................................................................................................................................................................................................................................................................................................................................................................................................................................................................................................................................................................................................................................................................................................................................................................................................................................................................................................................................................................................................................................................................................................................................................................................................................................................................................................................................................................................................................................................................................................................................................................................................................................................................................................................................................................................................................................................................................................................................................................................................................................................................................................................................................................................................................................................................................................................................................................................................................................................................................................................................................................................................................................................................................................................................................................................................................................................................................................................................................................................................................................................................................................................................................................................................................................................................................................................................................................................................................................................................................................................................................................................................................................................................................................................................................................................................................................................................................................................................................................................................................................................................................................................................................................................................................................................................................................................................................................................................................................................................................................................................................................................................................................................................................................................................................................................................................................................................................................................................................................................................................................................................................................................................................................................................................................................................................................................................................................................................................................................................................................................................................................................................................................................................................................................................................................................................................................................................................................................................................................................................................................................................................................................................................................................................................................................................................................................................................................................................................................................................................................................................................................................................................................................................................................................................................................................................................................................................................................................................................................................................................................................................................................................................................................................................................................................................................................................................................................................................................................................................................................................................................................................................................................................................................................................................................................................................................................................................................................................................................................................................................................................................................................................................................................................................................................................................................................................................................................................................................................................................................................................................................................................................................................................................................................................................................................................................................................................................................................................................................................................................................................................................................................................................................................................................................................................................................................................................................................................................................................................................................................................................................................................................................................................................................................................................................................................................................................................................................................................................................................................................................................................................................................................................................................................................................................................................................................................................................................................................................................................................................................................................................................................................................................................................................................................................................................................................................................................................................................................................................................................................................................................................................................................................................................................................................................................................................................................................................................................................................................................................................................................................................................................................................................................................................................................................................................................................................................................................................................................................................................................................................................................................................................................................................................................................................................................................................................................................................................................................................................................................................................................................................................................................................................................................................................................................................................................................................................................................................................................................................................................................................................................................................................................................................................................................................................................................................................................................................................................................................................................................................................................................................................................3 ms. Memory: 129024K Free: 70618K (55%)
2 ms. Memory: 129024K Free: 69580K (54%)
1 ms. Memory: 129024K Free: 69084K (54%)
3 ms. Memory: 129024K Free: 68381K (53%)
3 ms. Memory: 129024K Free: 67546K (52%)
/home/travis/build/icyphy/ptII/ptolemy/actor/lib/test/IIR.tcl
/home/travis/build/icyphy/ptII/ptolemy/actor/lib/test/Interpolator.tcl
4 ms. Memory: 129024K Free: 63450K (49%)
3 ms. Memory: 129024K Free: 62940K (49%)
4 ms. Memory: 129024K Free: 62412K (48%)
5 ms. Memory: 129024K Free: 61916K (48%)
2 ms. Memory: 129024K Free: 60892K (47%)
5 ms. Memory: 129024K Free: 60364K (47%)
2 ms. Memory: 129024K Free: 59340K (46%)
3 ms. Memory: 129024K Free: 58324K (45%)
7 ms. Memory: 129024K Free: 57820K (45%)
7 ms. Memory: 129024K Free: 56796K (44%)
/home/travis/build/icyphy/ptII/ptolemy/actor/lib/test/MathFunction.tcl
6 ms. Memory: 129024K Free: 54748K (42%)
2 ms. Memory: 129024K Free: 53724K (42%)
2 ms. Memory: 129024K Free: 52186K (40%)
8 ms. Memory: 129024K Free: 51676K (40%)
14 ms. Memory: 129024K Free: 113157K (88%)
9 ms. Memory: 129024K Free: 111212K (86%)
/home/travis/build/icyphy/ptII/ptolemy/actor/lib/test/Maximum.tcl
4 ms. Memory: 129024K Free: 109692K (85%)
7 ms. Memory: 129024K Free: 108668K (84%)
1 ms. Memory: 129024K Free: 108148K (84%)
2 ms. Memory: 129024K Free: 107644K (83%)
/home/travis/build/icyphy/ptII/ptolemy/actor/lib/test/Minimum.tcl
3 ms. Memory: 129024K Free: 105596K (82%)
2 ms. Memory: 129024K Free: 105082K (81%)
1 ms. Memory: 129024K Free: 104572K (81%)
2 ms. Memory: 129024K Free: 103548K (80%)
/home/travis/build/icyphy/ptII/ptolemy/actor/lib/test/MultiplyDivide.tcl
4 ms. Memory: 129024K Free: 101996K (79%)
3 ms. Memory: 129024K Free: 100986K (78%)
2 ms. Memory: 129024K Free: 100476K (78%)
3 ms. Memory: 129024K Free: 99452K (77%)
2 ms. Memory: 129024K Free: 98924K (77%)
/home/travis/build/icyphy/ptII/ptolemy/actor/lib/test/OrderedMerge.tcl
Connections changed on port: inputA
Connections changed on port: inputB
Connections changed on port: output
Connections changed on port: output
Connections changed on port: output
Connections changed on port: input
.top. Preinitializing ...
Invoking preinitialize():  .top.OrderedMerge
Called preinitialize()
Invoking preinitialize():  .top.Ramp
Called preinitialize()
Invoking preinitialize():  .top.Ramp2
Called preinitialize()
Invoking preinitialize():  .top.Test
Called preinitialize()
Connections changed on port: inputA
Connections changed on port: output
Connections changed on port: output
Connections changed on port: input
Connections changed on port: inputB
Connections changed on port: output
.top. Finished preinitialize().
Called initialize().
Invoking initialize():  .top.OrderedMerge
Initializing actor: .top.OrderedMerge
Adding a thread: .top.OrderedMerge
Invoking initialize():  .top.Ramp
Initializing actor: .top.Ramp
Adding a thread: .top.Ramp
Invoking initialize():  .top.Ramp2
Initializing actor: .top.Ramp2
Adding a thread: .top.Ramp2
Invoking initialize():  .top.Test
Initializing actor: .top.Test
Adding a thread: .top.Test
Called fire().
Checking for deadlock:
-- Starting thread.
Called initialize()
Called prefire()
Called fire()
-- Starting thread.
Called initialize()
Called prefire()
Called fire()
-- Starting thread.
Called initialize()
Called prefire()
Called fire()
-- Starting thread.
Called initialize()
Called prefire()
Called fire()
There are 0 Blocked actors, 0 Stopped actors, and 4 active threads.
Waiting for actors to stop.
Called postfire()
Called prefire()
Called fire()
Called postfire()
Called prefire()
Called fire()
Read input token from inputA with value 0.0
Next port to read input from is inputB
Called postfire()
Called prefire()
Called fire()
Read input token from inputB with value 0.0
Sent output token with value 0.0
Next port to read input from is inputA
Called postfire()
Called prefire()
Called fire()
Checking for deadlock:
There are 1 Blocked actors, 0 Stopped actors, and 4 active threads.
Waiting for actors to stop.
Called postfire()
Called prefire()
Called fire()
-- Read input: 0.0, which is expected to match: 0.0
Called prefire()
Called fire()
Called postfire()
Called prefire()
Called fire()
Checking for deadlock:
There are 3 Blocked actors, 0 Stopped actors, and 4 active threads.
Waiting for actors to stop.
Called postfire()
Called prefire()
Called fire()
Read input token from inputA with value 1.0
Sent output token with value 0.0
Next port to read input from is inputB
Called postfire()
Called prefire()
Called fire()
Read input token from inputB with value 1.5
Checking for deadlock:
There are 2 Blocked actors, 0 Stopped actors, and 4 active threads.
Waiting for actors to stop.
-- Read input: 0.0, which is expected to match: 0.0
Called prefire()
Called fire()
Called postfire()
Called prefire()
Called fire()
Checking for deadlock:
There are 3 Blocked actors, 0 Stopped actors, and 4 active threads.
Waiting for actors to stop.
-- Read input: 1.0, which is expected to match: 1.0
Called prefire()
Called fire()
Checking for deadlock:
There are 3 Blocked actors, 0 Stopped actors, and 4 active threads.
Waiting for actors to stop.
Sent output token with value 1.0
Next port to read input from is inputA
Called postfire()
Called prefire()
Called fire()
Called postfire()
Called prefire()
Called fire()
Checking for deadlock:
There are 3 Blocked actors, 0 Stopped actors, and 4 active threads.
Waiting for actors to stop.
Read input token from inputA with value 2.0
-- Read input: 1.5, which is expected to match: 1.5
Called prefire()
Called fire()
Checking for deadlock:
There are 3 Blocked actors, 0 Stopped actors, and 4 active threads.
Waiting for actors to stop.
Sent output token with value 1.5
Next port to read input from is inputB
Called postfire()
Called prefire()
Called fire()
Checking for deadlock:
There are 2 Blocked actors, 0 Stopped actors, and 4 active threads.
Waiting for actors to stop.
Called postfire()
Called prefire()
Called fire()
Checking for deadlock:
There are 3 Blocked actors, 0 Stopped actors, and 4 active threads.
Waiting for actors to stop.
Read input token from inputB with value 3.0
Checking for deadlock:
There are 2 Blocked actors, 0 Stopped actors, and 4 active threads.
Waiting for actors to stop.
-- Read input: 2.0, which is expected to match: 2.0
Called prefire()
Called fire()
Checking for deadlock:
There are 3 Blocked actors, 0 Stopped actors, and 4 active threads.
Waiting for actors to stop.
Sent output token with value 2.0
Next port to read input from is inputA
Called postfire()
Called prefire()
Called fire()
Called postfire()
Called prefire()
Called fire()
Checking for deadlock:
There are 3 Blocked actors, 0 Stopped actors, and 4 active threads.
Waiting for actors to stop.
Read input token from inputA with value 3.0
-- Read input: 3.0, which is expected to match: 3.0
Called prefire()
Called fire()
Checking for deadlock:
There are 3 Blocked actors, 0 Stopped actors, and 4 active threads.
Waiting for actors to stop.
Sent output token with value 3.0
Next port to read input from is inputB
Called postfire()
Called prefire()
Called fire()
Checking for deadlock:
There are 2 Blocked actors, 0 Stopped actors, and 4 active threads.
Waiting for actors to stop.
Called postfire()
Called prefire()
Called fire()
Checking for deadlock:
There are 3 Blocked actors, 0 Stopped actors, and 4 active threads.
Waiting for actors to stop.
Read input token from inputB with value 4.5
Checking for deadlock:
There are 2 Blocked actors, 0 Stopped actors, and 4 active threads.
Waiting for actors to stop.
-- Read input: 3.0, which is expected to match: 3.0
Called prefire()
Called fire()
Checking for deadlock:
There are 3 Blocked actors, 0 Stopped actors, and 4 active threads.
Waiting for actors to stop.
Sent output token with value 3.0
Next port to read input from is inputA
Called postfire()
Called prefire()
Called fire()
Called postfire()
Called prefire()
Called fire()
Checking for deadlock:
There are 3 Blocked actors, 0 Stopped actors, and 4 active threads.
Waiting for actors to stop.
Read input token from inputA with value 4.0
-- Read input: 4.0, which is expected to match: 4.0
Called prefire()
Called fire()
Past the end of training data. Read and discard all inputs.
Checking for deadlock:
There are 3 Blocked actors, 0 Stopped actors, and 4 active threads.
Waiting for actors to stop.
Sent output token with value 4.0
Next port to read input from is inputA
Called postfire()
Called prefire()
Called fire()
Called postfire()
Called prefire()
Called fire()
Checking for deadlock:
There are 3 Blocked actors, 0 Stopped actors, and 4 active threads.
Waiting for actors to stop.
Read input token from inputA with value 5.0
Called prefire()
Called fire()
Past the end of training data. Read and discard all inputs.
Checking for deadlock:
There are 3 Blocked actors, 0 Stopped actors, and 4 active threads.
Waiting for actors to stop.
Sent output token with value 4.5
Next port to read input from is inputB
Called postfire()
Called prefire()
Called fire()
Checking for deadlock:
There are 2 Blocked actors, 0 Stopped actors, and 4 active threads.
Waiting for actors to stop.
Called postfire()
Called prefire()
Called fire()
Checking for deadlock:
There are 3 Blocked actors, 0 Stopped actors, and 4 active threads.
Waiting for actors to stop.
Read input token from inputB with value 6.0
Checking for deadlock:
There are 2 Blocked actors, 0 Stopped actors, and 4 active threads.
Waiting for actors to stop.
Called prefire()
Called fire()
Past the end of training data. Read and discard all inputs.
Checking for deadlock:
There are 3 Blocked actors, 0 Stopped actors, and 4 active threads.
Waiting for actors to stop.
Sent output token with value 5.0
Next port to read input from is inputA
Called postfire()
Called prefire()
Called fire()
Called postfire()
Called prefire()
Called fire()
Checking for deadlock:
There are 3 Blocked actors, 0 Stopped actors, and 4 active threads.
Waiting for actors to stop.
Read input token from inputA with value 6.0
Called prefire()
Called fire()
Past the end of training data. Read and discard all inputs.
Checking for deadlock:
There are 3 Blocked actors, 0 Stopped actors, and 4 active threads.
Waiting for actors to stop.
Sent output token with value 6.0
Next port to read input from is inputB
Called postfire()
Called prefire()
Called fire()
Checking for deadlock:
There are 2 Blocked actors, 0 Stopped actors, and 4 active threads.
Waiting for actors to stop.
Called postfire()
Called prefire()
Called fire()
Checking for deadlock:
There are 3 Blocked actors, 0 Stopped actors, and 4 active threads.
Waiting for actors to stop.
Read input token from inputB with value 7.5
Checking for deadlock:
There are 2 Blocked actors, 0 Stopped actors, and 4 active threads.
Waiting for actors to stop.
Called prefire()
Called fire()
Past the end of training data. Read and discard all inputs.
Checking for deadlock:
There are 3 Blocked actors, 0 Stopped actors, and 4 active threads.
Waiting for actors to stop.
Sent output token with value 6.0
Next port to read input from is inputA
Called postfire()
Called prefire()
Called fire()
Called postfire()
Called prefire()
Called fire()
Checking for deadlock:
There are 3 Blocked actors, 0 Stopped actors, and 4 active threads.
Waiting for actors to stop.
Read input token from inputA with value 7.0
Called prefire()
Called fire()
Past the end of training data. Read and discard all inputs.
Checking for deadlock:
There are 3 Blocked actors, 0 Stopped actors, and 4 active threads.
Waiting for actors to stop.
Sent output token with value 7.0
Next port to read input from is inputA
Called postfire()
Called prefire()
Called fire()
-- Thread wrapup() called.
Called wrapup()
Thread .top.Ramp is exiting.
-- Thread stopped.
Checking for deadlock:
There are 2 Blocked actors, 0 Stopped actors, and 3 active threads.
Waiting for actors to stop.
Read input token from inputA with value 8.0
Sent output token with value 7.5
Next port to read input from is inputB
Called postfire()
Called prefire()
Called fire()
Read input token from inputB with value 9.0
Checking for deadlock:
There are 1 Blocked actors, 0 Stopped actors, and 3 active threads.
Waiting for actors to stop.
Called prefire()
Called fire()
Past the end of training data. Read and discard all inputs.
Called postfire()
Called prefire()
Called fire()
Checking for deadlock:
There are 2 Blocked actors, 0 Stopped actors, and 3 active threads.
Waiting for actors to stop.
Called prefire()
Called fire()
Past the end of training data. Read and discard all inputs.
Checking for deadlock:
There are 2 Blocked actors, 0 Stopped actors, and 3 active threads.
Waiting for actors to stop.
Sent output token with value 8.0
Next port to read input from is inputA
Called postfire()
Called prefire()
Called fire()
Read input token from inputA with value 9.0
Called prefire()
Called fire()
Past the end of training data. Read and discard all inputs.
Checking for deadlock:
There are 2 Blocked actors, 0 Stopped actors, and 3 active threads.
Waiting for actors to stop.
Sent output token with value 9.0
Next port to read input from is inputB
Called postfire()
Called prefire()
Called fire()
Checking for deadlock:
There are 1 Blocked actors, 0 Stopped actors, and 3 active threads.
Waiting for actors to stop.
Called postfire()
Called prefire()
Called fire()
Checking for deadlock:
There are 2 Blocked actors, 0 Stopped actors, and 3 active threads.
Waiting for actors to stop.
Read input token from inputB with value 10.5
Checking for deadlock:
There are 1 Blocked actors, 0 Stopped actors, and 3 active threads.
Waiting for actors to stop.
Called prefire()
Called fire()
Past the end of training data. Read and discard all inputs.
Checking for deadlock:
There are 2 Blocked actors, 0 Stopped actors, and 3 active threads.
Waiting for actors to stop.
Sent output token with value 9.0
Next port to read input from is inputA
Called postfire()
Called prefire()
Called fire()
Checking for deadlock:
There are 3 Blocked actors, 0 Stopped actors, and 3 active threads.
Actors have stopped.
Checking for deadlock:
There are 3 Blocked actors, 0 Stopped actors, and 3 active threads.
Deadlock detected.
Resolving Deadlock
Checking for deadlock:
There are 3 Blocked actors, 0 Stopped actors, and 3 active threads.
Artificial Deadlock - increasing queue capacity.
increasing the capacity of receiver ptolemy.actor.TypedIOPort {.top.OrderedMerge.inputB} to 2
-- Thread wrapup() called.
Called wrapup()
Thread .top.Ramp2 is exiting.
-- Thread stopped.
Director: Called postfire().
Called postfire().
_stopRequested = false
_stopFireRequested = false
Returning from postfire(): true
Called fire().
Checking for deadlock:
There are 2 Blocked actors, 0 Stopped actors, and 2 active threads.
Actors have stopped.
Checking for deadlock:
There are 2 Blocked actors, 0 Stopped actors, and 2 active threads.
Deadlock detected.
Resolving Deadlock
Checking for deadlock:
There are 2 Blocked actors, 0 Stopped actors, and 2 active threads.
Deadlock detected: no processes blocked on write, but some are blocked on read.
Called postfire().
_stopRequested = false
_stopFireRequested = false
Returning from postfire(): false
Finished deactivating branches.
Called wrapup().
-- Thread wrapup() called.
Called wrapup()
Thread .top.Test is exiting.
-- Thread stopped.
-- Blocked Receiver call threw TerminateProcessException.
-- Thread wrapup() called.
Called wrapup()
Thread .top.OrderedMerge is exiting.
-- Thread stopped.
-- Blocked Receiver call threw TerminateProcessException.
41 ms. Memory: 129024K Free: 93818K (73%)
.top. Preinitializing ...
Invoking preinitialize():  .top.OrderedMerge
Called preinitialize()
Invoking preinitialize():  .top.Ramp
Called preinitialize()
Invoking preinitialize():  .top.Ramp2
Called preinitialize()
Invoking preinitialize():  .top.Test
Called preinitialize()
.top. Finished preinitialize().
Called initialize().
Invoking initialize():  .top.OrderedMerge
Initializing actor: .top.OrderedMerge
Adding a thread: .top.OrderedMerge
Invoking initialize():  .top.Ramp
Initializing actor: .top.Ramp
Adding a thread: .top.Ramp
Invoking initialize():  .top.Ramp2
Initializing actor: .top.Ramp2
Adding a thread: .top.Ramp2
Invoking initialize():  .top.Test
Initializing actor: .top.Test
Adding a thread: .top.Test
-- Starting thread.
Called initialize()
Called prefire()
Called fire()
-- Starting thread.
Called initialize()
Called prefire()
Called fire()
Called postfire()
Called prefire()
Called fire()
-- Starting thread.
Called initialize()
Called prefire()
Called fire()
Called postfire()
Called prefire()
Called fire()
Called fire().
Checking for deadlock:
There are 3 Blocked actors, 0 Stopped actors, and 4 active threads.
Waiting for actors to stop.
-- Starting thread.
Called initialize()
Called prefire()
Called fire()
Checking for deadlock:
There are 2 Blocked actors, 0 Stopped actors, and 4 active threads.
Waiting for actors to stop.
Called postfire()
Called prefire()
Called fire()
Checking for deadlock:
There are 3 Blocked actors, 0 Stopped actors, and 4 active threads.
Waiting for actors to stop.
Read input token from inputA with value 0.0
Next port to read input from is inputB
Called postfire()
Called prefire()
Called fire()
Checking for deadlock:
There are 2 Blocked actors, 0 Stopped actors, and 4 active threads.
Waiting for actors to stop.
Called postfire()
Called prefire()
Called fire()
Checking for deadlock:
There are 3 Blocked actors, 0 Stopped actors, and 4 active threads.
Waiting for actors to stop.
Read input token from inputB with value 0.0
-- Read input: 0.0, which is expected to match: 0.0
Called prefire()
Called fire()
Checking for deadlock:
There are 3 Blocked actors, 0 Stopped actors, and 4 active threads.
Waiting for actors to stop.
Sent output token with value 0.0
Next port to read input from is inputA
Called postfire()
Called prefire()
Called fire()
Called postfire()
Called prefire()
Called fire()
Checking for deadlock:
There are 3 Blocked actors, 0 Stopped actors, and 4 active threads.
Waiting for actors to stop.
Read input token from inputA with value 1.0
-- Read input: 0.0, which is expected to match: 0.0
Called prefire()
Called fire()
Checking for deadlock:
There are 3 Blocked actors, 0 Stopped actors, and 4 active threads.
Waiting for actors to stop.
Sent output token with value 0.0
Next port to read input from is inputB
Called postfire()
Called prefire()
Called fire()
Checking for deadlock:
There are 2 Blocked actors, 0 Stopped actors, and 4 active threads.
Waiting for actors to stop.
Called postfire()
Called prefire()
Called fire()
Checking for deadlock:
There are 3 Blocked actors, 0 Stopped actors, and 4 active threads.
Waiting for actors to stop.
Read input token from inputB with value 1.5
Checking for deadlock:
There are 2 Blocked actors, 0 Stopped actors, and 4 active threads.
Waiting for actors to stop.
-- Read input: 1.0, which is expected to match: 1.0
Called prefire()
Called fire()
Checking for deadlock:
There are 3 Blocked actors, 0 Stopped actors, and 4 active threads.
Waiting for actors to stop.
Sent output token with value 1.0
Next port to read input from is inputA
Called postfire()
Called prefire()
Called fire()
Checking for deadlock:
There are 2 Blocked actors, 0 Stopped actors, and 4 active threads.
Waiting for actors to stop.
Called postfire()
Called prefire()
Called fire()
Checking for deadlock:
There are 3 Blocked actors, 0 Stopped actors, and 4 active threads.
Waiting for actors to stop.
Read input token from inputA with value 2.0
Checking for deadlock:
There are 2 Blocked actors, 0 Stopped actors, and 4 active threads.
Waiting for actors to stop.
-- Read input: 1.5, which is expected to match: 1.5
Called prefire()
Called fire()
Checking for deadlock:
There are 3 Blocked actors, 0 Stopped actors, and 4 active threads.
Waiting for actors to stop.
Sent output token with value 1.5
Next port to read input from is inputB
Called postfire()
Called prefire()
Called fire()
Called postfire()
Called prefire()
Called fire()
Checking for deadlock:
There are 3 Blocked actors, 0 Stopped actors, and 4 active threads.
Waiting for actors to stop.
Read input token from inputB with value 3.0
-- Read input: 2.0, which is expected to match: 2.0
Called prefire()
Called fire()
Checking for deadlock:
There are 3 Blocked actors, 0 Stopped actors, and 4 active threads.
Waiting for actors to stop.
Sent output token with value 2.0
Next port to read input from is inputA
Called postfire()
Called prefire()
Called fire()
Called postfire()
Called prefire()
Called fire()
Checking for deadlock:
There are 3 Blocked actors, 0 Stopped actors, and 4 active threads.
Waiting for actors to stop.
Read input token from inputA with value 3.0
-- Read input: 3.0, which is expected to match: 3.0
Called prefire()
Called fire()
Checking for deadlock:
There are 3 Blocked actors, 0 Stopped actors, and 4 active threads.
Waiting for actors to stop.
Sent output token with value 3.0
Next port to read input from is inputB
Called postfire()
Called prefire()
Called fire()
Checking for deadlock:
There are 2 Blocked actors, 0 Stopped actors, and 4 active threads.
Waiting for actors to stop.
Called postfire()
Called prefire()
Called fire()
Checking for deadlock:
There are 3 Blocked actors, 0 Stopped actors, and 4 active threads.
Waiting for actors to stop.
Read input token from inputB with value 4.5
Checking for deadlock:
There are 2 Blocked actors, 0 Stopped actors, and 4 active threads.
Waiting for actors to stop.
-- Read input: 3.0, which is expected to match: 3.0
Called prefire()
Called fire()
Checking for deadlock:
There are 3 Blocked actors, 0 Stopped actors, and 4 active threads.
Waiting for actors to stop.
Sent output token with value 3.0
Next port to read input from is inputA
Called postfire()
Called prefire()
Called fire()
Checking for deadlock:
There are 2 Blocked actors, 0 Stopped actors, and 4 active threads.
Waiting for actors to stop.
Called postfire()
Called prefire()
Called fire()
Checking for deadlock:
There are 3 Blocked actors, 0 Stopped actors, and 4 active threads.
Waiting for actors to stop.
Read input token from inputA with value 4.0
Checking for deadlock:
There are 2 Blocked actors, 0 Stopped actors, and 4 active threads.
Waiting for actors to stop.
-- Read input: 4.0, which is expected to match: 4.0
Called prefire()
Called fire()
Past the end of training data. Read and discard all inputs.
Checking for deadlock:
There are 3 Blocked actors, 0 Stopped actors, and 4 active threads.
Waiting for actors to stop.
Sent output token with value 4.0
Next port to read input from is inputA
Called postfire()
Called prefire()
Called fire()
Called postfire()
Called prefire()
Called fire()
Checking for deadlock:
There are 3 Blocked actors, 0 Stopped actors, and 4 active threads.
Waiting for actors to stop.
Read input token from inputA with value 5.0
Called prefire()
Called fire()
Past the end of training data. Read and discard all inputs.
Checking for deadlock:
There are 3 Blocked actors, 0 Stopped actors, and 4 active threads.
Waiting for actors to stop.
Sent output token with value 4.5
Next port to read input from is inputB
Called postfire()
Called prefire()
Called fire()
Called postfire()
Called prefire()
Called fire()
Checking for deadlock:
There are 3 Blocked actors, 0 Stopped actors, and 4 active threads.
Waiting for actors to stop.
Read input token from inputB with value 6.0
Called prefire()
Called fire()
Past the end of training data. Read and discard all inputs.
Checking for deadlock:
There are 3 Blocked actors, 0 Stopped actors, and 4 active threads.
Waiting for actors to stop.
Sent output token with value 5.0
Next port to read input from is inputA
Called postfire()
Called prefire()
Called fire()
Called postfire()
Called prefire()
Called fire()
Checking for deadlock:
There are 3 Blocked actors, 0 Stopped actors, and 4 active threads.
Waiting for actors to stop.
Read input token from inputA with value 6.0
Called prefire()
Called fire()
Past the end of training data. Read and discard all inputs.
Checking for deadlock:
There are 3 Blocked actors, 0 Stopped actors, and 4 active threads.
Waiting for actors to stop.
Sent output token with value 6.0
Next port to read input from is inputB
Called postfire()
Called prefire()
Called fire()
Called postfire()
Called prefire()
Called fire()
Checking for deadlock:
There are 3 Blocked actors, 0 Stopped actors, and 4 active threads.
Waiting for actors to stop.
Read input token from inputB with value 7.5
Called prefire()
Called fire()
Past the end of training data. Read and discard all inputs.
Checking for deadlock:
There are 3 Blocked actors, 0 Stopped actors, and 4 active threads.
Waiting for actors to stop.
Sent output token with value 6.0
Next port to read input from is inputA
Called postfire()
Called prefire()
Called fire()
Called postfire()
Called prefire()
Called fire()
Checking for deadlock:
There are 3 Blocked actors, 0 Stopped actors, and 4 active threads.
Waiting for actors to stop.
Read input token from inputA with value 7.0
Called prefire()
Called fire()
Past the end of training data. Read and discard all inputs.
Checking for deadlock:
There are 3 Blocked actors, 0 Stopped actors, and 4 active threads.
Waiting for actors to stop.
Sent output token with value 7.0
Next port to read input from is inputA
Called postfire()
Called prefire()
Called fire()
-- Thread wrapup() called.
Called wrapup()
Thread .top.Ramp is exiting.
-- Thread stopped.
Checking for deadlock:
There are 2 Blocked actors, 0 Stopped actors, and 3 active threads.
Waiting for actors to stop.
Read input token from inputA with value 8.0
Called prefire()
Called fire()
Past the end of training data. Read and discard all inputs.
Checking for deadlock:
There are 2 Blocked actors, 0 Stopped actors, and 3 active threads.
Waiting for actors to stop.
Sent output token with value 7.5
Next port to read input from is inputB
Called postfire()
Called prefire()
Called fire()
Called postfire()
Called prefire()
Called fire()
Checking for deadlock:
There are 2 Blocked actors, 0 Stopped actors, and 3 active threads.
Waiting for actors to stop.
Read input token from inputB with value 9.0
Called prefire()
Called fire()
Past the end of training data. Read and discard all inputs.
Checking for deadlock:
There are 2 Blocked actors, 0 Stopped actors, and 3 active threads.
Waiting for actors to stop.
Sent output token with value 8.0
Next port to read input from is inputA
Called postfire()
Called prefire()
Called fire()
Read input token from inputA with value 9.0
Called prefire()
Called fire()
Past the end of training data. Read and discard all inputs.
Checking for deadlock:
There are 2 Blocked actors, 0 Stopped actors, and 3 active threads.
Waiting for actors to stop.
Sent output token with value 9.0
Next port to read input from is inputB
Called postfire()
Called prefire()
Called fire()
Checking for deadlock:
There are 1 Blocked actors, 0 Stopped actors, and 3 active threads.
Waiting for actors to stop.
Called postfire()
Called prefire()
Called fire()
Checking for deadlock:
There are 2 Blocked actors, 0 Stopped actors, and 3 active threads.
Waiting for actors to stop.
Read input token from inputB with value 10.5
Checking for deadlock:
There are 1 Blocked actors, 0 Stopped actors, and 3 active threads.
Waiting for actors to stop.
Called prefire()
Called fire()
Past the end of training data. Read and discard all inputs.
Checking for deadlock:
There are 2 Blocked actors, 0 Stopped actors, and 3 active threads.
Waiting for actors to stop.
Sent output token with value 9.0
Next port to read input from is inputA
Called postfire()
Called prefire()
Called fire()
Checking for deadlock:
There are 3 Blocked actors, 0 Stopped actors, and 3 active threads.
Actors have stopped.
Checking for deadlock:
There are 3 Blocked actors, 0 Stopped actors, and 3 active threads.
Deadlock detected.
Resolving Deadlock
Checking for deadlock:
There are 3 Blocked actors, 0 Stopped actors, and 3 active threads.
Artificial Deadlock - increasing queue capacity.
increasing the capacity of receiver ptolemy.actor.TypedIOPort {.top.OrderedMerge.inputB} to 2
Director: Called postfire().
Called postfire().
_stopRequested = false
_stopFireRequested = false
Returning from postfire(): true
Called fire().
Checking for deadlock:
There are 2 Blocked actors, 0 Stopped actors, and 3 active threads.
Waiting for actors to stop.
-- Thread wrapup() called.
Called wrapup()
Thread .top.Ramp2 is exiting.
-- Thread stopped.
Checking for deadlock:
There are 2 Blocked actors, 0 Stopped actors, and 2 active threads.
Actors have stopped.
Checking for deadlock:
There are 2 Blocked actors, 0 Stopped actors, and 2 active threads.
Deadlock detected.
Resolving Deadlock
Checking for deadlock:
There are 2 Blocked actors, 0 Stopped actors, and 2 active threads.
Deadlock detected: no processes blocked on write, but some are blocked on read.
Called postfire().
_stopRequested = false
_stopFireRequested = false
Returning from postfire(): false
Finished deactivating branches.
Called wrapup().
-- Thread wrapup() called.
Called wrapup()
-- Thread wrapup() called.
Called wrapup()
Thread .top.Test is exiting.
-- Thread stopped.
-- Blocked Receiver call threw TerminateProcessException.
Thread .top.OrderedMerge is exiting.
24 ms. Memory: 129024K Free: 91770K (71%)
/home/travis/build/icyphy/ptII/ptolemy/actor/lib/test/Publisher.tcl
-- Thread stopped.
-- Blocked Receiver call threw TerminateProcessException.
13 ms. Memory: 129024K Free: 85620K (66%)
10 ms. Memory: 155648K Free: 133791K (86%)
8 ms. Memory: 155648K Free: 130239K (84%)
7 ms. Memory: 155648K Free: 129215K (83%)
6 ms. Memory: 155648K Free: 128701K (83%)
14 ms. Memory: 155648K Free: 127677K (82%)
3 ms. Memory: 155648K Free: 127167K (82%)
4 ms. Memory: 155648K Free: 126143K (81%)
37 ms. Memory: 155648K Free: 115903K (74%)
5 ms. Memory: 155648K Free: 112303K (72%)
1 ms. Memory: 155648K Free: 111807K (72%)
4 ms. Memory: 155648K Free: 109759K (71%)
13 ms. Memory: 155648K Free: 102077K (66%)
6 ms. Memory: 155648K Free: 92351K (59%)
11 ms. Memory: 155648K Free: 81583K (52%)
/home/travis/build/icyphy/ptII/ptolemy/actor/lib/test/Pulse.tcl
2 ms. Memory: 155648K Free: 121519K (78%)
1 ms. Memory: 155648K Free: 121023K (78%)
1 ms. Memory: 155648K Free: 120479K (77%)
1 ms. Memory: 155648K Free: 119999K (77%)
1 ms. Memory: 155648K Free: 119471K (77%)
5 ms. Memory: 155648K Free: 118455K (76%)
2 ms. Memory: 155648K Free: 117423K (75%)
9 ms. Memory: 155648K Free: 116399K (75%)
1 ms. Memory: 155648K Free: 115903K (74%)
/home/travis/build/icyphy/ptII/ptolemy/actor/lib/test/Ramp.tcl
2 ms. Memory: 155648K Free: 113855K (73%)
1 ms. Memory: 155648K Free: 113311K (73%)
1 ms. Memory: 155648K Free: 112317K (72%)
10 ms. Memory: 155648K Free: 111807K (72%)
4 ms. Memory: 155648K Free: 110783K (71%)
12 ms. Memory: 155648K Free: 110255K (71%)
4 ms. Memory: 155648K Free: 109231K (70%)
5 actors
12000 microseconds per iteration to create
5 ms. Memory: 155648K Free: 106167K (68%)
1 ms. Memory: 155648K Free: 105663K (68%)
1 ms. Memory: 155648K Free: 105135K (68%)
10 ms. Memory: 155648K Free: 104639K (67%)
50 actors
57000 microseconds per iteration to create
27 ms. Memory: 155648K Free: 88765K (57%)
4 ms. Memory: 155648K Free: 87741K (56%)
5 ms. Memory: 155648K Free: 86703K (56%)
4 ms. Memory: 155648K Free: 85679K (55%)
500 actors
1443000 microseconds per iteration to create
206 ms. Memory: 155648K Free: 83684K (54%)
34 ms. Memory: 155648K Free: 78050K (50%)
53 ms. Memory: 155648K Free: 72930K (47%)
43 ms. Memory: 155648K Free: 67810K (44%)
/home/travis/build/icyphy/ptII/ptolemy/actor/lib/test/RampContinuous.tcl
8 ms. Memory: 155648K Free: 66276K (43%)
/home/travis/build/icyphy/ptII/ptolemy/actor/lib/test/RecordAssembler.tcl
5 ms. Memory: 155648K Free: 64724K (42%)
3 ms. Memory: 155648K Free: 63714K (41%)
/home/travis/build/icyphy/ptII/ptolemy/actor/lib/test/RecordDisassembler.tcl
14 ms. Memory: 155648K Free: 61666K (40%)
4 ms. Memory: 155648K Free: 61156K (39%)
3 ms. Memory: 155648K Free: 60132K (39%)
/home/travis/build/icyphy/ptII/ptolemy/actor/lib/test/Scale.tcl
3 ms. Memory: 155648K Free: 58084K (37%)
2 ms. Memory: 155648K Free: 57556K (37%)
1 ms. Memory: 155648K Free: 56532K (36%)
2 ms. Memory: 155648K Free: 55522K (36%)
3 ms. Memory: 155648K Free: 55012K (35%)
/home/travis/build/icyphy/ptII/ptolemy/actor/lib/test/SequentialClock.tcl
preinitializing
resolving types
initializing
executing number 1
wrapping up
idle
4 ms. Memory: 155648K Free: 53460K (34%)
Completed execution with 5 iterations
preinitializing
resolving types
initializing
executing number 1
wrapping up
idle
1 ms. Memory: 155648K Free: 52964K (34%)
Completed execution with 5 iterations
preinitializing
resolving types
initializing
executing number 1
wrapping up
idle
2 ms. Memory: 155648K Free: 52444K (34%)
Completed execution with 5 iterations
/home/travis/build/icyphy/ptII/ptolemy/actor/lib/test/SetVariable.tcl
4 ms. Memory: 155648K Free: 50916K (33%)
/home/travis/build/icyphy/ptII/ptolemy/actor/lib/test/Sinewave.tcl
/home/travis/build/icyphy/ptII/ptolemy/actor/lib/test/SubscriptionAggregator.tcl
6 ms. Memory: 187392K Free: 154686K (83%)
4 ms. Memory: 187392K Free: 154176K (82%)
2 ms. Memory: 187392K Free: 153655K (82%)
1 ms. Memory: 187392K Free: 153152K (82%)
2 ms. Memory: 187392K Free: 149551K (80%)
8 ms. Memory: 187392K Free: 147518K (79%)
...............................................................888 ms. Memory: 294912K Free: 139894K (47%)
/home/travis/build/icyphy/ptII/ptolemy/actor/lib/test/Test.tcl
 The next command will produce a warning about training mode,
   which may be ignored.
5 ms. Memory: 294912K Free: 137815K (47%)
5 ms. Memory: 294912K Free: 136791K (46%)
1 ms. Memory: 294912K Free: 136312K (46%)
1 ms. Memory: 294912K Free: 135798K (46%)
3 ms. Memory: 294912K Free: 135288K (46%)
2 ms. Memory: 294912K Free: 133735K (45%)
3 ms. Memory: 294912K Free: 132711K (45%)
 The next command will produce a warning about training mode,
   which may be ignored.
4 ms. Memory: 294912K Free: 130168K (44%)
 The next command will produce a warning about training mode,
   which may be ignored.
2 ms. Memory: 294912K Free: 129144K (44%)
1 ms. Memory: 294912K Free: 128615K (44%)
0 ms. Memory: 294912K Free: 128120K (43%)
2 ms. Memory: 294912K Free: 127591K (43%)
7 ms. Memory: 294912K Free: 126582K (43%)
4 ms. Memory: 294912K Free: 123000K (42%)
/home/travis/build/icyphy/ptII/ptolemy/actor/lib/test/TestExceptionHandler.tcl
 The next command will produce a warning about training mode,
   which may be ignored.
2 ms. Memory: 294912K Free: 121431K (41%)
1 ms. Memory: 294912K Free: 120952K (41%)
1 ms. Memory: 294912K Free: 120423K (41%)
/home/travis/build/icyphy/ptII/ptolemy/actor/lib/test/UnionDisassembler.tcl
24 ms. Memory: 294912K Free: 113239K (38%)
/home/travis/build/icyphy/ptII/ptolemy/actor/lib/test/VariableClock.tcl
preinitializing
resolving types
initializing
executing number 1
wrapping up
idle
8 ms. Memory: 294912K Free: 111207K (38%)
Completed execution with 11 iterations
preinitializing
resolving types
initializing
executing number 1
wrapping up
idle
6 ms. Memory: 294912K Free: 109688K (37%)
Completed execution with 10 iterations
04/24/20 02:11:04
Failed: 0  Total Tests: 233  ((Passed: 233, Newly Passed: 0)  Known Failed: 0) /home/travis/build/icyphy/ptII/ptolemy/actor/lib/test
----------------- testing (KnownFailure) /home/travis/build/icyphy/ptII/ptolemy/actor/lib/test/auto/knownFailedTests/PublisherPortToplevelSubscriber.xml
1 ms. Memory: 294912K Free: 106616K (36%)
Known Failure: java.lang.reflect.InvocationTargetException
----------------- testing (KnownFailure) /home/travis/build/icyphy/ptII/ptolemy/actor/lib/test/auto/knownFailedTests/PublisherSubscriberPortToplevel.xml
2 ms. Memory: 294912K Free: 103030K (35%)
Known Failure: java.lang.reflect.InvocationTargetException
----------------- testing (KnownFailure) /home/travis/build/icyphy/ptII/ptolemy/actor/lib/test/auto/knownFailedTests/PublisherSubscriptionAggregatorPort.xml
1 ms. Memory: 294912K Free: 98424K (33%)
Known Failure: java.lang.reflect.InvocationTargetException
----------------- testing (KnownFailure) /home/travis/build/icyphy/ptII/ptolemy/actor/lib/test/auto/knownFailedTests/sizedarray3.xml
7 ms. Memory: 294912K Free: 94328K (32%)
Known Failure: java.lang.reflect.InvocationTargetException
No auto/linux-amd64/*.xml tests in /home/travis/build/icyphy/ptII/ptolemy/actor/lib/test
AutoTests.java: About to close Vertx.
AutoTests.java: Vertx closed.

===========================================================================================
----------------- testing Fri Apr 24 14:11:05 UTC 2020 /home/travis/build/icyphy/ptII/ptolemy/actor/lib/test/auto/AbsoluteValue.xml
----------------- Instantiating /home/travis/build/icyphy/ptII/ptolemy/actor/lib/test/auto/AbsoluteValue.xml
11 ms. Memory: 294912K Free: 227958K (77%)
----------------- Invoking toplevel() on ptolemy.moml.MoMLSimpleApplication@4581ecfd
----------------- Done invoking toplevel() on ptolemy.moml.MoMLSimpleApplication@4581ecfd
reloadAllAccessors: .AbsoluteValue

===========================================================================================
----------------- testing Fri Apr 24 14:11:05 UTC 2020 /home/travis/build/icyphy/ptII/ptolemy/actor/lib/test/auto/AbsoluteValue2.xml
----------------- Instantiating /home/travis/build/icyphy/ptII/ptolemy/actor/lib/test/auto/AbsoluteValue2.xml
6 ms. Memory: 294912K Free: 221304K (75%)
----------------- Invoking toplevel() on ptolemy.moml.MoMLSimpleApplication@723a8d69
----------------- Done invoking toplevel() on ptolemy.moml.MoMLSimpleApplication@723a8d69
reloadAllAccessors: .AbsoluteValue2

===========================================================================================
----------------- testing Fri Apr 24 14:11:05 UTC 2020 /home/travis/build/icyphy/ptII/ptolemy/actor/lib/test/auto/Accumulator.xml
----------------- Instantiating /home/travis/build/icyphy/ptII/ptolemy/actor/lib/test/auto/Accumulator.xml
5 ms. Memory: 294912K Free: 214646K (73%)
----------------- Invoking toplevel() on ptolemy.moml.MoMLSimpleApplication@4044401f
----------------- Done invoking toplevel() on ptolemy.moml.MoMLSimpleApplication@4044401f
reloadAllAccessors: .Accumulator

===========================================================================================
----------------- testing Fri Apr 24 14:11:05 UTC 2020 /home/travis/build/icyphy/ptII/ptolemy/actor/lib/test/auto/Accumulator2.xml
----------------- Instantiating /home/travis/build/icyphy/ptII/ptolemy/actor/lib/test/auto/Accumulator2.xml
4 ms. Memory: 294912K Free: 209526K (71%)
----------------- Invoking toplevel() on ptolemy.moml.MoMLSimpleApplication@3b9d829e
----------------- Done invoking toplevel() on ptolemy.moml.MoMLSimpleApplication@3b9d829e
reloadAllAccessors: .Accumulator2

===========================================================================================
----------------- testing Fri Apr 24 14:11:05 UTC 2020 /home/travis/build/icyphy/ptII/ptolemy/actor/lib/test/auto/Accumulator3.xml
----------------- Instantiating /home/travis/build/icyphy/ptII/ptolemy/actor/lib/test/auto/Accumulator3.xml
3 ms. Memory: 294912K Free: 204920K (69%)
----------------- Invoking toplevel() on ptolemy.moml.MoMLSimpleApplication@298b9072
----------------- Done invoking toplevel() on ptolemy.moml.MoMLSimpleApplication@298b9072
reloadAllAccessors: .Accumulator3

===========================================================================================
----------------- testing Fri Apr 24 14:11:05 UTC 2020 /home/travis/build/icyphy/ptII/ptolemy/actor/lib/test/auto/ArrayAppend.xml
----------------- Instantiating /home/travis/build/icyphy/ptII/ptolemy/actor/lib/test/auto/ArrayAppend.xml
4 ms. Memory: 294912K Free: 198776K (67%)
----------------- Invoking toplevel() on ptolemy.moml.MoMLSimpleApplication@1c681ac9
----------------- Done invoking toplevel() on ptolemy.moml.MoMLSimpleApplication@1c681ac9
reloadAllAccessors: .ArrayAppend

===========================================================================================
----------------- testing Fri Apr 24 14:11:05 UTC 2020 /home/travis/build/icyphy/ptII/ptolemy/actor/lib/test/auto/ArrayAppend2.xml
----------------- Instantiating /home/travis/build/icyphy/ptII/ptolemy/actor/lib/test/auto/ArrayAppend2.xml
364 ms. Memory: 294912K Free: 131192K (44%)
----------------- Invoking toplevel() on ptolemy.moml.MoMLSimpleApplication@1fb475b0
----------------- Done invoking toplevel() on ptolemy.moml.MoMLSimpleApplication@1fb475b0
reloadAllAccessors: .ArrayAppend2

===========================================================================================
----------------- testing Fri Apr 24 14:11:05 UTC 2020 /home/travis/build/icyphy/ptII/ptolemy/actor/lib/test/auto/ArrayAppend3.xml
----------------- Instantiating /home/travis/build/icyphy/ptII/ptolemy/actor/lib/test/auto/ArrayAppend3.xml
4 ms. Memory: 294912K Free: 125558K (43%)
----------------- Invoking toplevel() on ptolemy.moml.MoMLSimpleApplication@266a0830
----------------- Done invoking toplevel() on ptolemy.moml.MoMLSimpleApplication@266a0830
reloadAllAccessors: .ArrayAppend3

===========================================================================================
----------------- testing Fri Apr 24 14:11:05 UTC 2020 /home/travis/build/icyphy/ptII/ptolemy/actor/lib/test/auto/ArrayAppend4.xml
----------------- Instantiating /home/travis/build/icyphy/ptII/ptolemy/actor/lib/test/auto/ArrayAppend4.xml
2 ms. Memory: 294912K Free: 120438K (41%)
----------------- Invoking toplevel() on ptolemy.moml.MoMLSimpleApplication@d1e8b81
----------------- Done invoking toplevel() on ptolemy.moml.MoMLSimpleApplication@d1e8b81
reloadAllAccessors: .ArrayAppend4

===========================================================================================
----------------- testing Fri Apr 24 14:11:06 UTC 2020 /home/travis/build/icyphy/ptII/ptolemy/actor/lib/test/auto/ArrayAppend5.xml
----------------- Instantiating /home/travis/build/icyphy/ptII/ptolemy/actor/lib/test/auto/ArrayAppend5.xml
1 ms. Memory: 294912K Free: 115318K (39%)
----------------- Invoking toplevel() on ptolemy.moml.MoMLSimpleApplication@73fd6b86
----------------- Done invoking toplevel() on ptolemy.moml.MoMLSimpleApplication@73fd6b86
reloadAllAccessors: .ArrayAppend5

===========================================================================================
----------------- testing Fri Apr 24 14:11:06 UTC 2020 /home/travis/build/icyphy/ptII/ptolemy/actor/lib/test/auto/ArrayAppend6.xml
----------------- Instantiating /home/travis/build/icyphy/ptII/ptolemy/actor/lib/test/auto/ArrayAppend6.xml
3 ms. Memory: 294912K Free: 110198K (37%)
----------------- Invoking toplevel() on ptolemy.moml.MoMLSimpleApplication@20186250
----------------- Done invoking toplevel() on ptolemy.moml.MoMLSimpleApplication@20186250
reloadAllAccessors: .ArrayAppend6

===========================================================================================
----------------- testing Fri Apr 24 14:11:06 UTC 2020 /home/travis/build/icyphy/ptII/ptolemy/actor/lib/test/auto/ArrayAppendPerformanceTest.xml
----------------- Instantiating /home/travis/build/icyphy/ptII/ptolemy/actor/lib/test/auto/ArrayAppendPerformanceTest.xml
34 ms. Memory: 294912K Free: 99448K (34%)
----------------- Invoking toplevel() on ptolemy.moml.MoMLSimpleApplication@e9dc71c
----------------- Done invoking toplevel() on ptolemy.moml.MoMLSimpleApplication@e9dc71c
reloadAllAccessors: .ArrayAppendPerformanceTest

===========================================================================================
----------------- testing Fri Apr 24 14:11:06 UTC 2020 /home/travis/build/icyphy/ptII/ptolemy/actor/lib/test/auto/ArrayAppendWithEmptyInput.xml
----------------- Instantiating /home/travis/build/icyphy/ptII/ptolemy/actor/lib/test/auto/ArrayAppendWithEmptyInput.xml
86 ms. Memory: 294912K Free: 246911K (84%)
----------------- Invoking toplevel() on ptolemy.moml.MoMLSimpleApplication@9769dbd
----------------- Done invoking toplevel() on ptolemy.moml.MoMLSimpleApplication@9769dbd
reloadAllAccessors: .ArrayAppendWithEmptyInput

===========================================================================================
----------------- testing Fri Apr 24 14:11:06 UTC 2020 /home/travis/build/icyphy/ptII/ptolemy/actor/lib/test/auto/ArrayAverage.xml
----------------- Instantiating /home/travis/build/icyphy/ptII/ptolemy/actor/lib/test/auto/ArrayAverage.xml
10 ms. Memory: 294912K Free: 238503K (81%)
----------------- Invoking toplevel() on ptolemy.moml.MoMLSimpleApplication@27d133e
----------------- Done invoking toplevel() on ptolemy.moml.MoMLSimpleApplication@27d133e
reloadAllAccessors: .ArrayAverage

===========================================================================================
----------------- testing Fri Apr 24 14:11:06 UTC 2020 /home/travis/build/icyphy/ptII/ptolemy/actor/lib/test/auto/ArrayContains.xml
----------------- Instantiating /home/travis/build/icyphy/ptII/ptolemy/actor/lib/test/auto/ArrayContains.xml
2 ms. Memory: 294912K Free: 232359K (79%)
----------------- Invoking toplevel() on ptolemy.moml.MoMLSimpleApplication@2461b8eb
----------------- Done invoking toplevel() on ptolemy.moml.MoMLSimpleApplication@2461b8eb
reloadAllAccessors: .ArrayContains

===========================================================================================
----------------- testing Fri Apr 24 14:11:06 UTC 2020 /home/travis/build/icyphy/ptII/ptolemy/actor/lib/test/auto/ArrayElement.xml
----------------- Instantiating /home/travis/build/icyphy/ptII/ptolemy/actor/lib/test/auto/ArrayElement.xml
3 ms. Memory: 294912K Free: 226729K (77%)
----------------- Invoking toplevel() on ptolemy.moml.MoMLSimpleApplication@38862d56
----------------- Done invoking toplevel() on ptolemy.moml.MoMLSimpleApplication@38862d56
reloadAllAccessors: .ArrayElement

===========================================================================================
----------------- testing Fri Apr 24 14:11:06 UTC 2020 /home/travis/build/icyphy/ptII/ptolemy/actor/lib/test/auto/ArrayElementAsMatrix.xml
----------------- Instantiating /home/travis/build/icyphy/ptII/ptolemy/actor/lib/test/auto/ArrayElementAsMatrix.xml
8 ms. Memory: 294912K Free: 216489K (73%)
----------------- Invoking toplevel() on ptolemy.moml.MoMLSimpleApplication@7531c839
----------------- Done invoking toplevel() on ptolemy.moml.MoMLSimpleApplication@7531c839
reloadAllAccessors: .ArrayElementAsMatrix

===========================================================================================
----------------- testing Fri Apr 24 14:11:06 UTC 2020 /home/travis/build/icyphy/ptII/ptolemy/actor/lib/test/auto/ArrayElementI.xml
----------------- Instantiating /home/travis/build/icyphy/ptII/ptolemy/actor/lib/test/auto/ArrayElementI.xml
2 ms. Memory: 294912K Free: 211879K (72%)
----------------- Invoking toplevel() on ptolemy.moml.MoMLSimpleApplication@72e8ce37
----------------- Done invoking toplevel() on ptolemy.moml.MoMLSimpleApplication@72e8ce37
reloadAllAccessors: .ArrayElementI

===========================================================================================
----------------- testing Fri Apr 24 14:11:06 UTC 2020 /home/travis/build/icyphy/ptII/ptolemy/actor/lib/test/auto/ArrayExtract.xml
----------------- Instantiating /home/travis/build/icyphy/ptII/ptolemy/actor/lib/test/auto/ArrayExtract.xml
5 ms. Memory: 294912K Free: 203687K (69%)
----------------- Invoking toplevel() on ptolemy.moml.MoMLSimpleApplication@263adecc
----------------- Done invoking toplevel() on ptolemy.moml.MoMLSimpleApplication@263adecc
reloadAllAccessors: .ArrayExtract

===========================================================================================
----------------- testing Fri Apr 24 14:11:06 UTC 2020 /home/travis/build/icyphy/ptII/ptolemy/actor/lib/test/auto/ArrayExtract2.xml
----------------- Instantiating /home/travis/build/icyphy/ptII/ptolemy/actor/lib/test/auto/ArrayExtract2.xml
4 ms. Memory: 294912K Free: 198057K (67%)
----------------- Invoking toplevel() on ptolemy.moml.MoMLSimpleApplication@2c10463b
----------------- Done invoking toplevel() on ptolemy.moml.MoMLSimpleApplication@2c10463b
reloadAllAccessors: .ArrayExtract2

===========================================================================================
----------------- testing Fri Apr 24 14:11:06 UTC 2020 /home/travis/build/icyphy/ptII/ptolemy/actor/lib/test/auto/ArrayLength.xml
----------------- Instantiating /home/travis/build/icyphy/ptII/ptolemy/actor/lib/test/auto/ArrayLength.xml
1 ms. Memory: 294912K Free: 194471K (66%)
----------------- Invoking toplevel() on ptolemy.moml.MoMLSimpleApplication@59b761d7
----------------- Done invoking toplevel() on ptolemy.moml.MoMLSimpleApplication@59b761d7
reloadAllAccessors: .ArrayLength

===========================================================================================
----------------- testing Fri Apr 24 14:11:06 UTC 2020 /home/travis/build/icyphy/ptII/ptolemy/actor/lib/test/auto/ArrayLevelCrossing.xml
----------------- Instantiating /home/travis/build/icyphy/ptII/ptolemy/actor/lib/test/auto/ArrayLevelCrossing.xml
3 ms. Memory: 294912K Free: 186279K (63%)
----------------- Invoking toplevel() on ptolemy.moml.MoMLSimpleApplication@65c2e985
----------------- Done invoking toplevel() on ptolemy.moml.MoMLSimpleApplication@65c2e985
reloadAllAccessors: .ArrayLevelCrossing

===========================================================================================
----------------- testing Fri Apr 24 14:11:06 UTC 2020 /home/travis/build/icyphy/ptII/ptolemy/actor/lib/test/auto/ArrayLevelCrossing2.xml
----------------- Instantiating /home/travis/build/icyphy/ptII/ptolemy/actor/lib/test/auto/ArrayLevelCrossing2.xml
3 ms. Memory: 294912K Free: 179625K (61%)
----------------- Invoking toplevel() on ptolemy.moml.MoMLSimpleApplication@2a3c30c7
----------------- Done invoking toplevel() on ptolemy.moml.MoMLSimpleApplication@2a3c30c7
reloadAllAccessors: .ArrayLevelCrossing2

===========================================================================================
----------------- testing Fri Apr 24 14:11:06 UTC 2020 /home/travis/build/icyphy/ptII/ptolemy/actor/lib/test/auto/ArrayPeakSearch.xml
----------------- Instantiating /home/travis/build/icyphy/ptII/ptolemy/actor/lib/test/auto/ArrayPeakSearch.xml
4 ms. Memory: 294912K Free: 170409K (58%)
----------------- Invoking toplevel() on ptolemy.moml.MoMLSimpleApplication@51d5f1f0
----------------- Done invoking toplevel() on ptolemy.moml.MoMLSimpleApplication@51d5f1f0
reloadAllAccessors: .ArrayPeakSearch

===========================================================================================
----------------- testing Fri Apr 24 14:11:06 UTC 2020 /home/travis/build/icyphy/ptII/ptolemy/actor/lib/test/auto/ArrayPeakSearch2.xml
----------------- Instantiating /home/travis/build/icyphy/ptII/ptolemy/actor/lib/test/auto/ArrayPeakSearch2.xml
5 ms. Memory: 294912K Free: 160169K (54%)
----------------- Invoking toplevel() on ptolemy.moml.MoMLSimpleApplication@2e185e
----------------- Done invoking toplevel() on ptolemy.moml.MoMLSimpleApplication@2e185e
reloadAllAccessors: .ArrayPeakSearch2

===========================================================================================
----------------- testing Fri Apr 24 14:11:06 UTC 2020 /home/travis/build/icyphy/ptII/ptolemy/actor/lib/test/auto/ArrayPeakSearch3.xml
----------------- Instantiating /home/travis/build/icyphy/ptII/ptolemy/actor/lib/test/auto/ArrayPeakSearch3.xml
4 ms. Memory: 294912K Free: 150953K (51%)
----------------- Invoking toplevel() on ptolemy.moml.MoMLSimpleApplication@4acab880
----------------- Done invoking toplevel() on ptolemy.moml.MoMLSimpleApplication@4acab880
reloadAllAccessors: .ArrayPeakSearch3

===========================================================================================
----------------- testing Fri Apr 24 14:11:06 UTC 2020 /home/travis/build/icyphy/ptII/ptolemy/actor/lib/test/auto/ArrayRemoveElement.xml
----------------- Instantiating /home/travis/build/icyphy/ptII/ptolemy/actor/lib/test/auto/ArrayRemoveElement.xml
3 ms. Memory: 294912K Free: 143271K (49%)
----------------- Invoking toplevel() on ptolemy.moml.MoMLSimpleApplication@260a38fb
----------------- Done invoking toplevel() on ptolemy.moml.MoMLSimpleApplication@260a38fb
reloadAllAccessors: .ArrayRemoveElement

===========================================================================================
----------------- testing Fri Apr 24 14:11:06 UTC 2020 /home/travis/build/icyphy/ptII/ptolemy/actor/lib/test/auto/ArraySort.xml
----------------- Instantiating /home/travis/build/icyphy/ptII/ptolemy/actor/lib/test/auto/ArraySort.xml
4 ms. Memory: 294912K Free: 134055K (45%)
----------------- Invoking toplevel() on ptolemy.moml.MoMLSimpleApplication@208da85f
----------------- Done invoking toplevel() on ptolemy.moml.MoMLSimpleApplication@208da85f
reloadAllAccessors: .ArraySort

===========================================================================================
----------------- testing Fri Apr 24 14:11:06 UTC 2020 /home/travis/build/icyphy/ptII/ptolemy/actor/lib/test/auto/ArraySum.xml
----------------- Instantiating /home/travis/build/icyphy/ptII/ptolemy/actor/lib/test/auto/ArraySum.xml
6 ms. Memory: 294912K Free: 128935K (44%)
----------------- Invoking toplevel() on ptolemy.moml.MoMLSimpleApplication@1659faad
----------------- Done invoking toplevel() on ptolemy.moml.MoMLSimpleApplication@1659faad
reloadAllAccessors: .ArraySum

===========================================================================================
----------------- testing Fri Apr 24 14:11:06 UTC 2020 /home/travis/build/icyphy/ptII/ptolemy/actor/lib/test/auto/ArrayToElements.xml
----------------- Instantiating /home/travis/build/icyphy/ptII/ptolemy/actor/lib/test/auto/ArrayToElements.xml
7 ms. Memory: 294912K Free: 123305K (42%)
----------------- Invoking toplevel() on ptolemy.moml.MoMLSimpleApplication@19c0305b
----------------- Done invoking toplevel() on ptolemy.moml.MoMLSimpleApplication@19c0305b
reloadAllAccessors: .ArrayToElements

===========================================================================================
----------------- testing Fri Apr 24 14:11:06 UTC 2020 /home/travis/build/icyphy/ptII/ptolemy/actor/lib/test/auto/ArrayToMatrix.xml
----------------- Instantiating /home/travis/build/icyphy/ptII/ptolemy/actor/lib/test/auto/ArrayToMatrix.xml
10 ms. Memory: 294912K Free: 109479K (37%)
----------------- Invoking toplevel() on ptolemy.moml.MoMLSimpleApplication@436b6e0c
----------------- Done invoking toplevel() on ptolemy.moml.MoMLSimpleApplication@436b6e0c
reloadAllAccessors: .ArrayToMatrix

===========================================================================================
----------------- testing Fri Apr 24 14:11:06 UTC 2020 /home/travis/build/icyphy/ptII/ptolemy/actor/lib/test/auto/ArrayUpdate1.xml
----------------- Instantiating /home/travis/build/icyphy/ptII/ptolemy/actor/lib/test/auto/ArrayUpdate1.xml
2 ms. Memory: 294912K Free: 104359K (35%)
----------------- Invoking toplevel() on ptolemy.moml.MoMLSimpleApplication@6004891
----------------- Done invoking toplevel() on ptolemy.moml.MoMLSimpleApplication@6004891
reloadAllAccessors: .ArrayUpdate1

===========================================================================================
----------------- testing Fri Apr 24 14:11:06 UTC 2020 /home/travis/build/icyphy/ptII/ptolemy/actor/lib/test/auto/ArrayUpdate2.xml
----------------- Instantiating /home/travis/build/icyphy/ptII/ptolemy/actor/lib/test/auto/ArrayUpdate2.xml
4 ms. Memory: 294912K Free: 98215K (33%)
----------------- Invoking toplevel() on ptolemy.moml.MoMLSimpleApplication@51cf46d4
----------------- Done invoking toplevel() on ptolemy.moml.MoMLSimpleApplication@51cf46d4
reloadAllAccessors: .ArrayUpdate2

===========================================================================================
----------------- testing Fri Apr 24 14:11:06 UTC 2020 /home/travis/build/icyphy/ptII/ptolemy/actor/lib/test/auto/ArrayUpdate3.xml
----------------- Instantiating /home/travis/build/icyphy/ptII/ptolemy/actor/lib/test/auto/ArrayUpdate3.xml
2 ms. Memory: 294912K Free: 93095K (32%)
----------------- Invoking toplevel() on ptolemy.moml.MoMLSimpleApplication@37ccd03
----------------- Done invoking toplevel() on ptolemy.moml.MoMLSimpleApplication@37ccd03
reloadAllAccessors: .ArrayUpdate3

===========================================================================================
----------------- testing Fri Apr 24 14:11:06 UTC 2020 /home/travis/build/icyphy/ptII/ptolemy/actor/lib/test/auto/Assert1.xml
----------------- Instantiating /home/travis/build/icyphy/ptII/ptolemy/actor/lib/test/auto/Assert1.xml
7 ms. Memory: 294912K Free: 88999K (30%)
----------------- Invoking toplevel() on ptolemy.moml.MoMLSimpleApplication@4b833fb4
----------------- Done invoking toplevel() on ptolemy.moml.MoMLSimpleApplication@4b833fb4
reloadAllAccessors: .Assert1

===========================================================================================
----------------- testing Fri Apr 24 14:11:07 UTC 2020 /home/travis/build/icyphy/ptII/ptolemy/actor/lib/test/auto/Assert2.xml
----------------- Instantiating /home/travis/build/icyphy/ptII/ptolemy/actor/lib/test/auto/Assert2.xml
2 ms. Memory: 294912K Free: 83879K (28%)
----------------- Invoking toplevel() on ptolemy.moml.MoMLSimpleApplication@69c1ef6c
----------------- Done invoking toplevel() on ptolemy.moml.MoMLSimpleApplication@69c1ef6c
reloadAllAccessors: .Assert2

===========================================================================================
----------------- testing Fri Apr 24 14:11:07 UTC 2020 /home/travis/build/icyphy/ptII/ptolemy/actor/lib/test/auto/BooleanMultiplexor.xml
----------------- Instantiating /home/travis/build/icyphy/ptII/ptolemy/actor/lib/test/auto/BooleanMultiplexor.xml
2 ms. Memory: 294912K Free: 78745K (27%)
----------------- Invoking toplevel() on ptolemy.moml.MoMLSimpleApplication@42b74878
----------------- Done invoking toplevel() on ptolemy.moml.MoMLSimpleApplication@42b74878
reloadAllAccessors: .BooleanMultiplexor

===========================================================================================
----------------- testing Fri Apr 24 14:11:07 UTC 2020 /home/travis/build/icyphy/ptII/ptolemy/actor/lib/test/auto/BooleanMultiplexor2.xml
----------------- Instantiating /home/travis/build/icyphy/ptII/ptolemy/actor/lib/test/auto/BooleanMultiplexor2.xml
19 ms. Memory: 294912K Free: 246247K (83%)
----------------- Invoking toplevel() on ptolemy.moml.MoMLSimpleApplication@b9b0df7
----------------- Done invoking toplevel() on ptolemy.moml.MoMLSimpleApplication@b9b0df7
reloadAllAccessors: .BooleanMultiplexor2

===========================================================================================
----------------- testing Fri Apr 24 14:11:07 UTC 2020 /home/travis/build/icyphy/ptII/ptolemy/actor/lib/test/auto/BooleanMultiplexor3.xml
----------------- Instantiating /home/travis/build/icyphy/ptII/ptolemy/actor/lib/test/auto/BooleanMultiplexor3.xml
7 ms. Memory: 294912K Free: 241637K (82%)
----------------- Invoking toplevel() on ptolemy.moml.MoMLSimpleApplication@6d9c6ed7
----------------- Done invoking toplevel() on ptolemy.moml.MoMLSimpleApplication@6d9c6ed7
reloadAllAccessors: .BooleanMultiplexor3

===========================================================================================
----------------- testing Fri Apr 24 14:11:07 UTC 2020 /home/travis/build/icyphy/ptII/ptolemy/actor/lib/test/auto/BooleanSelect.xml
----------------- Instantiating /home/travis/build/icyphy/ptII/ptolemy/actor/lib/test/auto/BooleanSelect.xml
7 ms. Memory: 294912K Free: 236007K (80%)
----------------- Invoking toplevel() on ptolemy.moml.MoMLSimpleApplication@5c3b0222
----------------- Done invoking toplevel() on ptolemy.moml.MoMLSimpleApplication@5c3b0222
reloadAllAccessors: .BooleanSelect

===========================================================================================
----------------- testing Fri Apr 24 14:11:07 UTC 2020 /home/travis/build/icyphy/ptII/ptolemy/actor/lib/test/auto/BooleanSelect2.xml
----------------- Instantiating /home/travis/build/icyphy/ptII/ptolemy/actor/lib/test/auto/BooleanSelect2.xml
1 ms. Memory: 294912K Free: 231397K (78%)
----------------- Invoking toplevel() on ptolemy.moml.MoMLSimpleApplication@45562aa1
----------------- Done invoking toplevel() on ptolemy.moml.MoMLSimpleApplication@45562aa1
reloadAllAccessors: .BooleanSelect2

===========================================================================================
----------------- testing Fri Apr 24 14:11:07 UTC 2020 /home/travis/build/icyphy/ptII/ptolemy/actor/lib/test/auto/BooleanSwitch.xml
----------------- Instantiating /home/travis/build/icyphy/ptII/ptolemy/actor/lib/test/auto/BooleanSwitch.xml
4 ms. Memory: 294912K Free: 225767K (77%)
----------------- Invoking toplevel() on ptolemy.moml.MoMLSimpleApplication@8718f44
----------------- Done invoking toplevel() on ptolemy.moml.MoMLSimpleApplication@8718f44
reloadAllAccessors: .BooleanSwitch

===========================================================================================
----------------- testing Fri Apr 24 14:11:07 UTC 2020 /home/travis/build/icyphy/ptII/ptolemy/actor/lib/test/auto/BooleanSwitch2.xml
----------------- Instantiating /home/travis/build/icyphy/ptII/ptolemy/actor/lib/test/auto/BooleanSwitch2.xml
2 ms. Memory: 294912K Free: 221157K (75%)
----------------- Invoking toplevel() on ptolemy.moml.MoMLSimpleApplication@6bc936b2
----------------- Done invoking toplevel() on ptolemy.moml.MoMLSimpleApplication@6bc936b2
reloadAllAccessors: .BooleanSwitch2

===========================================================================================
----------------- testing Fri Apr 24 14:11:07 UTC 2020 /home/travis/build/icyphy/ptII/ptolemy/actor/lib/test/auto/BooleanSwitchCloningBugWithClassRelationGroup.xml
----------------- Instantiating /home/travis/build/icyphy/ptII/ptolemy/actor/lib/test/auto/BooleanSwitchCloningBugWithClassRelationGroup.xml
4 ms. Memory: 294912K Free: 215013K (73%)
----------------- Invoking toplevel() on ptolemy.moml.MoMLSimpleApplication@7cc21944
----------------- Done invoking toplevel() on ptolemy.moml.MoMLSimpleApplication@7cc21944
reloadAllAccessors: .BooleanSwitchCloningBugWithClassRelationGroup

===========================================================================================
----------------- testing Fri Apr 24 14:11:07 UTC 2020 /home/travis/build/icyphy/ptII/ptolemy/actor/lib/test/auto/BusActors.xml
----------------- Instantiating /home/travis/build/icyphy/ptII/ptolemy/actor/lib/test/auto/BusActors.xml
4 ms. Memory: 294912K Free: 206821K (70%)
----------------- Invoking toplevel() on ptolemy.moml.MoMLSimpleApplication@7e5b6d10
----------------- Done invoking toplevel() on ptolemy.moml.MoMLSimpleApplication@7e5b6d10
reloadAllAccessors: .BusActors

===========================================================================================
----------------- testing Fri Apr 24 14:11:07 UTC 2020 /home/travis/build/icyphy/ptII/ptolemy/actor/lib/test/auto/ClassWrapper.xml
----------------- Instantiating /home/travis/build/icyphy/ptII/ptolemy/actor/lib/test/auto/ClassWrapper.xml
4 ms. Memory: 294912K Free: 202725K (69%)
----------------- Invoking toplevel() on ptolemy.moml.MoMLSimpleApplication@63f79cb
----------------- Done invoking toplevel() on ptolemy.moml.MoMLSimpleApplication@63f79cb
reloadAllAccessors: .ClassWrapper

===========================================================================================
----------------- testing Fri Apr 24 14:11:07 UTC 2020 /home/travis/build/icyphy/ptII/ptolemy/actor/lib/test/auto/Clock.xml
----------------- Instantiating /home/travis/build/icyphy/ptII/ptolemy/actor/lib/test/auto/Clock.xml
1 ms. Memory: 294912K Free: 198629K (67%)
----------------- Invoking toplevel() on ptolemy.moml.MoMLSimpleApplication@3dcb303e
----------------- Done invoking toplevel() on ptolemy.moml.MoMLSimpleApplication@3dcb303e
reloadAllAccessors: .Clock

===========================================================================================
----------------- testing Fri Apr 24 14:11:07 UTC 2020 /home/travis/build/icyphy/ptII/ptolemy/actor/lib/test/auto/Clock10.xml
----------------- Instantiating /home/travis/build/icyphy/ptII/ptolemy/actor/lib/test/auto/Clock10.xml
4 ms. Memory: 294912K Free: 192999K (65%)
----------------- Invoking toplevel() on ptolemy.moml.MoMLSimpleApplication@50a3e991
----------------- Done invoking toplevel() on ptolemy.moml.MoMLSimpleApplication@50a3e991
reloadAllAccessors: .Clock10

===========================================================================================
----------------- testing Fri Apr 24 14:11:07 UTC 2020 /home/travis/build/icyphy/ptII/ptolemy/actor/lib/test/auto/Clock11.xml
----------------- Instantiating /home/travis/build/icyphy/ptII/ptolemy/actor/lib/test/auto/Clock11.xml
4 ms. Memory: 294912K Free: 186855K (63%)
----------------- Invoking toplevel() on ptolemy.moml.MoMLSimpleApplication@195fe339
----------------- Done invoking toplevel() on ptolemy.moml.MoMLSimpleApplication@195fe339
reloadAllAccessors: .Clock11

===========================================================================================
----------------- testing Fri Apr 24 14:11:07 UTC 2020 /home/travis/build/icyphy/ptII/ptolemy/actor/lib/test/auto/Clock12.xml
----------------- Instantiating /home/travis/build/icyphy/ptII/ptolemy/actor/lib/test/auto/Clock12.xml
6 ms. Memory: 294912K Free: 181221K (61%)
----------------- Invoking toplevel() on ptolemy.moml.MoMLSimpleApplication@2bfcdfda
----------------- Done invoking toplevel() on ptolemy.moml.MoMLSimpleApplication@2bfcdfda
reloadAllAccessors: .Clock12

===========================================================================================
----------------- testing Fri Apr 24 14:11:07 UTC 2020 /home/travis/build/icyphy/ptII/ptolemy/actor/lib/test/auto/Clock13.xml
----------------- Instantiating /home/travis/build/icyphy/ptII/ptolemy/actor/lib/test/auto/Clock13.xml
6 ms. Memory: 294912K Free: 175071K (59%)
----------------- Invoking toplevel() on ptolemy.moml.MoMLSimpleApplication@535c0e59
----------------- Done invoking toplevel() on ptolemy.moml.MoMLSimpleApplication@535c0e59
reloadAllAccessors: .Clock13

===========================================================================================
----------------- testing Fri Apr 24 14:11:07 UTC 2020 /home/travis/build/icyphy/ptII/ptolemy/actor/lib/test/auto/Clock14.xml
----------------- Instantiating /home/travis/build/icyphy/ptII/ptolemy/actor/lib/test/auto/Clock14.xml
4 ms. Memory: 294912K Free: 169447K (57%)
----------------- Invoking toplevel() on ptolemy.moml.MoMLSimpleApplication@3afd4e56
----------------- Done invoking toplevel() on ptolemy.moml.MoMLSimpleApplication@3afd4e56
reloadAllAccessors: .Clock14

===========================================================================================
----------------- testing Fri Apr 24 14:11:07 UTC 2020 /home/travis/build/icyphy/ptII/ptolemy/actor/lib/test/auto/Clock15.xml
----------------- Instantiating /home/travis/build/icyphy/ptII/ptolemy/actor/lib/test/auto/Clock15.xml
2 ms. Memory: 294912K Free: 163303K (55%)
----------------- Invoking toplevel() on ptolemy.moml.MoMLSimpleApplication@37ab93c9
----------------- Done invoking toplevel() on ptolemy.moml.MoMLSimpleApplication@37ab93c9
reloadAllAccessors: .Clock15

===========================================================================================
----------------- testing Fri Apr 24 14:11:07 UTC 2020 /home/travis/build/icyphy/ptII/ptolemy/actor/lib/test/auto/Clock16.xml
----------------- Instantiating /home/travis/build/icyphy/ptII/ptolemy/actor/lib/test/auto/Clock16.xml
34 ms. Memory: 294912K Free: 148447K (50%)
----------------- Invoking toplevel() on ptolemy.moml.MoMLSimpleApplication@19caa67a
----------------- Done invoking toplevel() on ptolemy.moml.MoMLSimpleApplication@19caa67a
reloadAllAccessors: .Clock16

===========================================================================================
----------------- testing Fri Apr 24 14:11:07 UTC 2020 /home/travis/build/icyphy/ptII/ptolemy/actor/lib/test/auto/Clock17.xml
----------------- Instantiating /home/travis/build/icyphy/ptII/ptolemy/actor/lib/test/auto/Clock17.xml
26 ms. Memory: 294912K Free: 134103K (45%)
----------------- Invoking toplevel() on ptolemy.moml.MoMLSimpleApplication@3a0652d3
----------------- Done invoking toplevel() on ptolemy.moml.MoMLSimpleApplication@3a0652d3
reloadAllAccessors: .Clock17

===========================================================================================
----------------- testing Fri Apr 24 14:11:07 UTC 2020 /home/travis/build/icyphy/ptII/ptolemy/actor/lib/test/auto/Clock18.xml
----------------- Instantiating /home/travis/build/icyphy/ptII/ptolemy/actor/lib/test/auto/Clock18.xml
22 ms. Memory: 294912K Free: 120791K (41%)
----------------- Invoking toplevel() on ptolemy.moml.MoMLSimpleApplication@80e7e26
----------------- Done invoking toplevel() on ptolemy.moml.MoMLSimpleApplication@80e7e26
reloadAllAccessors: .Clock18

===========================================================================================
----------------- testing Fri Apr 24 14:11:07 UTC 2020 /home/travis/build/icyphy/ptII/ptolemy/actor/lib/test/auto/Clock19.xml
----------------- Instantiating /home/travis/build/icyphy/ptII/ptolemy/actor/lib/test/auto/Clock19.xml
10 ms. Memory: 294912K Free: 108007K (37%)
----------------- Invoking toplevel() on ptolemy.moml.MoMLSimpleApplication@25947315
----------------- Done invoking toplevel() on ptolemy.moml.MoMLSimpleApplication@25947315
reloadAllAccessors: .Clock19

===========================================================================================
----------------- testing Fri Apr 24 14:11:07 UTC 2020 /home/travis/build/icyphy/ptII/ptolemy/actor/lib/test/auto/Clock2.xml
----------------- Instantiating /home/travis/build/icyphy/ptII/ptolemy/actor/lib/test/auto/Clock2.xml
4 ms. Memory: 294912K Free: 102887K (35%)
----------------- Invoking toplevel() on ptolemy.moml.MoMLSimpleApplication@7f72948b
----------------- Done invoking toplevel() on ptolemy.moml.MoMLSimpleApplication@7f72948b
reloadAllAccessors: .Clock2

===========================================================================================
----------------- testing Fri Apr 24 14:11:07 UTC 2020 /home/travis/build/icyphy/ptII/ptolemy/actor/lib/test/auto/Clock20.xml
----------------- Instantiating /home/travis/build/icyphy/ptII/ptolemy/actor/lib/test/auto/Clock20.xml
6 ms. Memory: 294912K Free: 97765K (33%)
----------------- Invoking toplevel() on ptolemy.moml.MoMLSimpleApplication@5d112989
----------------- Done invoking toplevel() on ptolemy.moml.MoMLSimpleApplication@5d112989
reloadAllAccessors: .Clock20

===========================================================================================
----------------- testing Fri Apr 24 14:11:07 UTC 2020 /home/travis/build/icyphy/ptII/ptolemy/actor/lib/test/auto/Clock21.xml
----------------- Instantiating /home/travis/build/icyphy/ptII/ptolemy/actor/lib/test/auto/Clock21.xml
3 ms. Memory: 294912K Free: 92133K (31%)
----------------- Invoking toplevel() on ptolemy.moml.MoMLSimpleApplication@3a150232
----------------- Done invoking toplevel() on ptolemy.moml.MoMLSimpleApplication@3a150232
reloadAllAccessors: .Clock21

===========================================================================================
----------------- testing Fri Apr 24 14:11:07 UTC 2020 /home/travis/build/icyphy/ptII/ptolemy/actor/lib/test/auto/Clock22.xml
----------------- Instantiating /home/travis/build/icyphy/ptII/ptolemy/actor/lib/test/auto/Clock22.xml
2 ms. Memory: 294912K Free: 86503K (29%)
----------------- Invoking toplevel() on ptolemy.moml.MoMLSimpleApplication@4858f963
----------------- Done invoking toplevel() on ptolemy.moml.MoMLSimpleApplication@4858f963
reloadAllAccessors: .Clock22

===========================================================================================
----------------- testing Fri Apr 24 14:11:07 UTC 2020 /home/travis/build/icyphy/ptII/ptolemy/actor/lib/test/auto/Clock23.xml
----------------- Instantiating /home/travis/build/icyphy/ptII/ptolemy/actor/lib/test/auto/Clock23.xml
3 ms. Memory: 294912K Free: 81383K (28%)
----------------- Invoking toplevel() on ptolemy.moml.MoMLSimpleApplication@60fa1f4a
----------------- Done invoking toplevel() on ptolemy.moml.MoMLSimpleApplication@60fa1f4a
reloadAllAccessors: .Clock23

===========================================================================================
----------------- testing Fri Apr 24 14:11:07 UTC 2020 /home/travis/build/icyphy/ptII/ptolemy/actor/lib/test/auto/Clock24.xml
----------------- Instantiating /home/travis/build/icyphy/ptII/ptolemy/actor/lib/test/auto/Clock24.xml
4 ms. Memory: 294912K Free: 75749K (26%)
----------------- Invoking toplevel() on ptolemy.moml.MoMLSimpleApplication@61fb33ec
----------------- Done invoking toplevel() on ptolemy.moml.MoMLSimpleApplication@61fb33ec
reloadAllAccessors: .Clock24

===========================================================================================
----------------- testing Fri Apr 24 14:11:07 UTC 2020 /home/travis/build/icyphy/ptII/ptolemy/actor/lib/test/auto/Clock4.xml
----------------- Instantiating /home/travis/build/icyphy/ptII/ptolemy/actor/lib/test/auto/Clock4.xml
2 ms. Memory: 466944K Free: 418023K (90%)
----------------- Invoking toplevel() on ptolemy.moml.MoMLSimpleApplication@f49f5d9
----------------- Done invoking toplevel() on ptolemy.moml.MoMLSimpleApplication@f49f5d9
reloadAllAccessors: .Clock4

===========================================================================================
----------------- testing Fri Apr 24 14:11:07 UTC 2020 /home/travis/build/icyphy/ptII/ptolemy/actor/lib/test/auto/Clock5.xml
----------------- Instantiating /home/travis/build/icyphy/ptII/ptolemy/actor/lib/test/auto/Clock5.xml
2 ms. Memory: 466944K Free: 412423K (88%)
----------------- Invoking toplevel() on ptolemy.moml.MoMLSimpleApplication@2c49074e
----------------- Done invoking toplevel() on ptolemy.moml.MoMLSimpleApplication@2c49074e
reloadAllAccessors: .Clock5

===========================================================================================
----------------- testing Fri Apr 24 14:11:07 UTC 2020 /home/travis/build/icyphy/ptII/ptolemy/actor/lib/test/auto/Clock6.xml
----------------- Instantiating /home/travis/build/icyphy/ptII/ptolemy/actor/lib/test/auto/Clock6.xml
1 ms. Memory: 466944K Free: 407813K (87%)
----------------- Invoking toplevel() on ptolemy.moml.MoMLSimpleApplication@1383e1bf
----------------- Done invoking toplevel() on ptolemy.moml.MoMLSimpleApplication@1383e1bf
reloadAllAccessors: .Clock6

===========================================================================================
----------------- testing Fri Apr 24 14:11:07 UTC 2020 /home/travis/build/icyphy/ptII/ptolemy/actor/lib/test/auto/Clock7.xml
----------------- Instantiating /home/travis/build/icyphy/ptII/ptolemy/actor/lib/test/auto/Clock7.xml
2 ms. Memory: 466944K Free: 403717K (86%)
----------------- Invoking toplevel() on ptolemy.moml.MoMLSimpleApplication@6d8141b5
----------------- Done invoking toplevel() on ptolemy.moml.MoMLSimpleApplication@6d8141b5
reloadAllAccessors: .Clock7

===========================================================================================
----------------- testing Fri Apr 24 14:11:07 UTC 2020 /home/travis/build/icyphy/ptII/ptolemy/actor/lib/test/auto/Clock8.xml
----------------- Instantiating /home/travis/build/icyphy/ptII/ptolemy/actor/lib/test/auto/Clock8.xml
4 ms. Memory: 466944K Free: 398087K (85%)
----------------- Invoking toplevel() on ptolemy.moml.MoMLSimpleApplication@6a30a2d9
----------------- Done invoking toplevel() on ptolemy.moml.MoMLSimpleApplication@6a30a2d9
reloadAllAccessors: .Clock8

===========================================================================================
----------------- testing Fri Apr 24 14:11:07 UTC 2020 /home/travis/build/icyphy/ptII/ptolemy/actor/lib/test/auto/Clock9.xml
----------------- Instantiating /home/travis/build/icyphy/ptII/ptolemy/actor/lib/test/auto/Clock9.xml
4 ms. Memory: 466944K Free: 392967K (84%)
----------------- Invoking toplevel() on ptolemy.moml.MoMLSimpleApplication@61beb360
----------------- Done invoking toplevel() on ptolemy.moml.MoMLSimpleApplication@61beb360
reloadAllAccessors: .Clock9

===========================================================================================
----------------- testing Fri Apr 24 14:11:07 UTC 2020 /home/travis/build/icyphy/ptII/ptolemy/actor/lib/test/auto/CommDistDiscard.xml
----------------- Instantiating /home/travis/build/icyphy/ptII/ptolemy/actor/lib/test/auto/CommDistDiscard.xml
3 ms. Memory: 466944K Free: 387333K (83%)
----------------- Invoking toplevel() on ptolemy.moml.MoMLSimpleApplication@366c7d6d
----------------- Done invoking toplevel() on ptolemy.moml.MoMLSimpleApplication@366c7d6d
reloadAllAccessors: .CommDistDiscard

===========================================================================================
----------------- testing Fri Apr 24 14:11:07 UTC 2020 /home/travis/build/icyphy/ptII/ptolemy/actor/lib/test/auto/Commutator.xml
----------------- Instantiating /home/travis/build/icyphy/ptII/ptolemy/actor/lib/test/auto/Commutator.xml
1 ms. Memory: 466944K Free: 382727K (82%)
----------------- Invoking toplevel() on ptolemy.moml.MoMLSimpleApplication@6f6094c6
----------------- Done invoking toplevel() on ptolemy.moml.MoMLSimpleApplication@6f6094c6
reloadAllAccessors: .Commutator

===========================================================================================
----------------- testing Fri Apr 24 14:11:08 UTC 2020 /home/travis/build/icyphy/ptII/ptolemy/actor/lib/test/auto/Commutator2.xml
----------------- Instantiating /home/travis/build/icyphy/ptII/ptolemy/actor/lib/test/auto/Commutator2.xml
1 ms. Memory: 466944K Free: 378631K (81%)
----------------- Invoking toplevel() on ptolemy.moml.MoMLSimpleApplication@12666f89
----------------- Done invoking toplevel() on ptolemy.moml.MoMLSimpleApplication@12666f89
reloadAllAccessors: .Commutator2

===========================================================================================
----------------- testing Fri Apr 24 14:11:08 UTC 2020 /home/travis/build/icyphy/ptII/ptolemy/actor/lib/test/auto/Commutator3.xml
----------------- Instantiating /home/travis/build/icyphy/ptII/ptolemy/actor/lib/test/auto/Commutator3.xml
1 ms. Memory: 466944K Free: 374021K (80%)
----------------- Invoking toplevel() on ptolemy.moml.MoMLSimpleApplication@7666c7f9
----------------- Done invoking toplevel() on ptolemy.moml.MoMLSimpleApplication@7666c7f9
reloadAllAccessors: .Commutator3

===========================================================================================
----------------- testing Fri Apr 24 14:11:08 UTC 2020 /home/travis/build/icyphy/ptII/ptolemy/actor/lib/test/auto/Compare.xml
----------------- Instantiating /home/travis/build/icyphy/ptII/ptolemy/actor/lib/test/auto/Compare.xml
2 ms. Memory: 466944K Free: 367877K (79%)
----------------- Invoking toplevel() on ptolemy.moml.MoMLSimpleApplication@77adc0e8
----------------- Done invoking toplevel() on ptolemy.moml.MoMLSimpleApplication@77adc0e8
reloadAllAccessors: .Compare

===========================================================================================
----------------- testing Fri Apr 24 14:11:08 UTC 2020 /home/travis/build/icyphy/ptII/ptolemy/actor/lib/test/auto/CompareDE.xml
----------------- Instantiating /home/travis/build/icyphy/ptII/ptolemy/actor/lib/test/auto/CompareDE.xml
4 ms. Memory: 466944K Free: 360695K (77%)
----------------- Invoking toplevel() on ptolemy.moml.MoMLSimpleApplication@2d8fcedb
----------------- Done invoking toplevel() on ptolemy.moml.MoMLSimpleApplication@2d8fcedb
reloadAllAccessors: .CompareDE

===========================================================================================
----------------- testing Fri Apr 24 14:11:08 UTC 2020 /home/travis/build/icyphy/ptII/ptolemy/actor/lib/test/auto/ComplexDivide.xml
----------------- Instantiating /home/travis/build/icyphy/ptII/ptolemy/actor/lib/test/auto/ComplexDivide.xml
1 ms. Memory: 466944K Free: 357127K (76%)
----------------- Invoking toplevel() on ptolemy.moml.MoMLSimpleApplication@7051b796
----------------- Done invoking toplevel() on ptolemy.moml.MoMLSimpleApplication@7051b796
reloadAllAccessors: .ComplexDivide

===========================================================================================
----------------- testing Fri Apr 24 14:11:08 UTC 2020 /home/travis/build/icyphy/ptII/ptolemy/actor/lib/test/auto/ComputeHistogram.xml
----------------- Instantiating /home/travis/build/icyphy/ptII/ptolemy/actor/lib/test/auto/ComputeHistogram.xml
30 ms. Memory: 466944K Free: 344325K (74%)
----------------- Invoking toplevel() on ptolemy.moml.MoMLSimpleApplication@313b3487
----------------- Done invoking toplevel() on ptolemy.moml.MoMLSimpleApplication@313b3487
reloadAllAccessors: .ComputeHistogram

===========================================================================================
----------------- testing Fri Apr 24 14:11:08 UTC 2020 /home/travis/build/icyphy/ptII/ptolemy/actor/lib/test/auto/ConfigurationSelect.xml
----------------- Instantiating /home/travis/build/icyphy/ptII/ptolemy/actor/lib/test/auto/ConfigurationSelect.xml
9 ms. Memory: 466944K Free: 338695K (73%)
----------------- Invoking toplevel() on ptolemy.moml.MoMLSimpleApplication@566f41a4
----------------- Done invoking toplevel() on ptolemy.moml.MoMLSimpleApplication@566f41a4
reloadAllAccessors: .ConfigurationSelect

===========================================================================================
----------------- testing Fri Apr 24 14:11:08 UTC 2020 /home/travis/build/icyphy/ptII/ptolemy/actor/lib/test/auto/ConfigurationSelect2.xml
----------------- Instantiating /home/travis/build/icyphy/ptII/ptolemy/actor/lib/test/auto/ConfigurationSelect2.xml
2 ms. Memory: 466944K Free: 334599K (72%)
----------------- Invoking toplevel() on ptolemy.moml.MoMLSimpleApplication@53d2756c
----------------- Done invoking toplevel() on ptolemy.moml.MoMLSimpleApplication@53d2756c
reloadAllAccessors: .ConfigurationSelect2

===========================================================================================
----------------- testing Fri Apr 24 14:11:08 UTC 2020 /home/travis/build/icyphy/ptII/ptolemy/actor/lib/test/auto/ConfigurationSwitch.xml
----------------- Instantiating /home/travis/build/icyphy/ptII/ptolemy/actor/lib/test/auto/ConfigurationSwitch.xml
2 ms. Memory: 466944K Free: 328965K (70%)
----------------- Invoking toplevel() on ptolemy.moml.MoMLSimpleApplication@4643fe75
----------------- Done invoking toplevel() on ptolemy.moml.MoMLSimpleApplication@4643fe75
reloadAllAccessors: .ConfigurationSwitch

===========================================================================================
----------------- testing Fri Apr 24 14:11:08 UTC 2020 /home/travis/build/icyphy/ptII/ptolemy/actor/lib/test/auto/ConfigurationSwitch2.xml
----------------- Instantiating /home/travis/build/icyphy/ptII/ptolemy/actor/lib/test/auto/ConfigurationSwitch2.xml
2 ms. Memory: 466944K Free: 323845K (69%)
----------------- Invoking toplevel() on ptolemy.moml.MoMLSimpleApplication@1cd3d509
----------------- Done invoking toplevel() on ptolemy.moml.MoMLSimpleApplication@1cd3d509
reloadAllAccessors: .ConfigurationSwitch2

===========================================================================================
----------------- testing Fri Apr 24 14:11:08 UTC 2020 /home/travis/build/icyphy/ptII/ptolemy/actor/lib/test/auto/ConfigurationSwitchCloningBugWithClassRelationGroup.xml
----------------- Instantiating /home/travis/build/icyphy/ptII/ptolemy/actor/lib/test/auto/ConfigurationSwitchCloningBugWithClassRelationGroup.xml
1 ms. Memory: 466944K Free: 316677K (68%)
----------------- Invoking toplevel() on ptolemy.moml.MoMLSimpleApplication@31cf8f8d
----------------- Done invoking toplevel() on ptolemy.moml.MoMLSimpleApplication@31cf8f8d
reloadAllAccessors: .ConfigurationSwitchCloningBugWithClassRelationGroup

===========================================================================================
----------------- testing Fri Apr 24 14:11:08 UTC 2020 /home/travis/build/icyphy/ptII/ptolemy/actor/lib/test/auto/ConfigurationSwitchSelectSDF.xml
----------------- Instantiating /home/travis/build/icyphy/ptII/ptolemy/actor/lib/test/auto/ConfigurationSwitchSelectSDF.xml
5 ms. Memory: 466944K Free: 311557K (67%)
----------------- Invoking toplevel() on ptolemy.moml.MoMLSimpleApplication@5cbf0b59
----------------- Done invoking toplevel() on ptolemy.moml.MoMLSimpleApplication@5cbf0b59
reloadAllAccessors: .ConfigurationSwitchSelectSDF

===========================================================================================
----------------- testing Fri Apr 24 14:11:08 UTC 2020 /home/travis/build/icyphy/ptII/ptolemy/actor/lib/test/auto/ConfigurationSwitchSelectSDF2.xml
----------------- Instantiating /home/travis/build/icyphy/ptII/ptolemy/actor/lib/test/auto/ConfigurationSwitchSelectSDF2.xml
2 ms. Memory: 466944K Free: 305927K (66%)
----------------- Invoking toplevel() on ptolemy.moml.MoMLSimpleApplication@487ddc3c
----------------- Done invoking toplevel() on ptolemy.moml.MoMLSimpleApplication@487ddc3c
reloadAllAccessors: .ConfigurationSwitchSelectSDF2

===========================================================================================
----------------- testing Fri Apr 24 14:11:08 UTC 2020 /home/travis/build/icyphy/ptII/ptolemy/actor/lib/test/auto/Const.xml
----------------- Instantiating /home/travis/build/icyphy/ptII/ptolemy/actor/lib/test/auto/Const.xml
1 ms. Memory: 466944K Free: 302341K (65%)
----------------- Invoking toplevel() on ptolemy.moml.MoMLSimpleApplication@2e470cc8
----------------- Done invoking toplevel() on ptolemy.moml.MoMLSimpleApplication@2e470cc8
reloadAllAccessors: .Const

===========================================================================================
----------------- testing Fri Apr 24 14:11:08 UTC 2020 /home/travis/build/icyphy/ptII/ptolemy/actor/lib/test/auto/Const2.xml
----------------- Instantiating /home/travis/build/icyphy/ptII/ptolemy/actor/lib/test/auto/Const2.xml
2 ms. Memory: 466944K Free: 298759K (64%)
----------------- Invoking toplevel() on ptolemy.moml.MoMLSimpleApplication@d293eb4
----------------- Done invoking toplevel() on ptolemy.moml.MoMLSimpleApplication@d293eb4
reloadAllAccessors: .Const2

===========================================================================================
----------------- testing Fri Apr 24 14:11:08 UTC 2020 /home/travis/build/icyphy/ptII/ptolemy/actor/lib/test/auto/Const3.xml
----------------- Instantiating /home/travis/build/icyphy/ptII/ptolemy/actor/lib/test/auto/Const3.xml
1 ms. Memory: 466944K Free: 295687K (63%)
----------------- Invoking toplevel() on ptolemy.moml.MoMLSimpleApplication@796c25a8
----------------- Done invoking toplevel() on ptolemy.moml.MoMLSimpleApplication@796c25a8
reloadAllAccessors: .Const3

===========================================================================================
----------------- testing Fri Apr 24 14:11:08 UTC 2020 /home/travis/build/icyphy/ptII/ptolemy/actor/lib/test/auto/ConstantPublisherPort1.xml
----------------- Instantiating /home/travis/build/icyphy/ptII/ptolemy/actor/lib/test/auto/ConstantPublisherPort1.xml
7 ms. Memory: 466944K Free: 287495K (62%)
----------------- Invoking toplevel() on ptolemy.moml.MoMLSimpleApplication@7e61bcd7
----------------- Done invoking toplevel() on ptolemy.moml.MoMLSimpleApplication@7e61bcd7
reloadAllAccessors: .ConstantPublisherPort1

===========================================================================================
----------------- testing Fri Apr 24 14:11:08 UTC 2020 /home/travis/build/icyphy/ptII/ptolemy/actor/lib/test/auto/ConstantPublisherPort2.xml
----------------- Instantiating /home/travis/build/icyphy/ptII/ptolemy/actor/lib/test/auto/ConstantPublisherPort2.xml
11 ms. Memory: 466944K Free: 279813K (60%)
----------------- Invoking toplevel() on ptolemy.moml.MoMLSimpleApplication@5373cb51
----------------- Done invoking toplevel() on ptolemy.moml.MoMLSimpleApplication@5373cb51
reloadAllAccessors: .ConstantPublisherPort2

===========================================================================================
----------------- testing Fri Apr 24 14:11:08 UTC 2020 /home/travis/build/icyphy/ptII/ptolemy/actor/lib/test/auto/ConstantPublisherPort3.xml
----------------- Instantiating /home/travis/build/icyphy/ptII/ptolemy/actor/lib/test/auto/ConstantPublisherPort3.xml
12 ms. Memory: 466944K Free: 272135K (58%)
----------------- Invoking toplevel() on ptolemy.moml.MoMLSimpleApplication@4733d4fb
----------------- Done invoking toplevel() on ptolemy.moml.MoMLSimpleApplication@4733d4fb
reloadAllAccessors: .ConstantPublisherPort3

===========================================================================================
----------------- testing Fri Apr 24 14:11:08 UTC 2020 /home/travis/build/icyphy/ptII/ptolemy/actor/lib/test/auto/ConstantPublisherPort4.xml
----------------- Instantiating /home/travis/build/icyphy/ptII/ptolemy/actor/lib/test/auto/ConstantPublisherPort4.xml
2 ms. Memory: 466944K Free: 265463K (57%)
----------------- Invoking toplevel() on ptolemy.moml.MoMLSimpleApplication@5c3d63df
----------------- Done invoking toplevel() on ptolemy.moml.MoMLSimpleApplication@5c3d63df
reloadAllAccessors: .ConstantPublisherPort4

===========================================================================================
----------------- testing Fri Apr 24 14:11:08 UTC 2020 /home/travis/build/icyphy/ptII/ptolemy/actor/lib/test/auto/ConstantPublisherPort5.xml
----------------- Instantiating /home/travis/build/icyphy/ptII/ptolemy/actor/lib/test/auto/ConstantPublisherPort5.xml
33 ms. Memory: 466944K Free: 255751K (55%)
----------------- Invoking toplevel() on ptolemy.moml.MoMLSimpleApplication@59025c81
----------------- Done invoking toplevel() on ptolemy.moml.MoMLSimpleApplication@59025c81
reloadAllAccessors: .ConstantPublisherPort5

===========================================================================================
----------------- testing Fri Apr 24 14:11:08 UTC 2020 /home/travis/build/icyphy/ptII/ptolemy/actor/lib/test/auto/ConstantPublisherPort6.xml
----------------- Instantiating /home/travis/build/icyphy/ptII/ptolemy/actor/lib/test/auto/ConstantPublisherPort6.xml
19 ms. Memory: 466944K Free: 246535K (53%)
----------------- Invoking toplevel() on ptolemy.moml.MoMLSimpleApplication@251827ac
----------------- Done invoking toplevel() on ptolemy.moml.MoMLSimpleApplication@251827ac
reloadAllAccessors: .ConstantPublisherPort6

===========================================================================================
----------------- testing Fri Apr 24 14:11:08 UTC 2020 /home/travis/build/icyphy/ptII/ptolemy/actor/lib/test/auto/ConstantPublisherPort7.xml
----------------- Instantiating /home/travis/build/icyphy/ptII/ptolemy/actor/lib/test/auto/ConstantPublisherPort7.xml
19 ms. Memory: 466944K Free: 236805K (51%)
----------------- Invoking toplevel() on ptolemy.moml.MoMLSimpleApplication@210b8fd8
----------------- Done invoking toplevel() on ptolemy.moml.MoMLSimpleApplication@210b8fd8
reloadAllAccessors: .ConstantPublisherPort7

===========================================================================================
----------------- testing Fri Apr 24 14:11:08 UTC 2020 /home/travis/build/icyphy/ptII/ptolemy/actor/lib/test/auto/ConstraintMonitor1.xml
----------------- Instantiating /home/travis/build/icyphy/ptII/ptolemy/actor/lib/test/auto/ConstraintMonitor1.xml
6 ms. Memory: 466944K Free: 231685K (50%)
----------------- Invoking toplevel() on ptolemy.moml.MoMLSimpleApplication@22da4ece
----------------- Done invoking toplevel() on ptolemy.moml.MoMLSimpleApplication@22da4ece
reloadAllAccessors: .ConstraintMonitor1

===========================================================================================
----------------- testing Fri Apr 24 14:11:08 UTC 2020 /home/travis/build/icyphy/ptII/ptolemy/actor/lib/test/auto/ConstraintMonitor2.xml
----------------- Instantiating /home/travis/build/icyphy/ptII/ptolemy/actor/lib/test/auto/ConstraintMonitor2.xml
6 ms. Memory: 466944K Free: 227079K (49%)
----------------- Invoking toplevel() on ptolemy.moml.MoMLSimpleApplication@7d1028dd
----------------- Done invoking toplevel() on ptolemy.moml.MoMLSimpleApplication@7d1028dd
reloadAllAccessors: .ConstraintMonitor2

===========================================================================================
----------------- testing Fri Apr 24 14:11:08 UTC 2020 /home/travis/build/icyphy/ptII/ptolemy/actor/lib/test/auto/ConstraintMonitor3.xml
----------------- Instantiating /home/travis/build/icyphy/ptII/ptolemy/actor/lib/test/auto/ConstraintMonitor3.xml
2 ms. Memory: 466944K Free: 222469K (48%)
----------------- Invoking toplevel() on ptolemy.moml.MoMLSimpleApplication@6703a77c
----------------- Done invoking toplevel() on ptolemy.moml.MoMLSimpleApplication@6703a77c
reloadAllAccessors: .ConstraintMonitor3

===========================================================================================
----------------- testing Fri Apr 24 14:11:08 UTC 2020 /home/travis/build/icyphy/ptII/ptolemy/actor/lib/test/auto/ConstraintMonitor4.xml
----------------- Instantiating /home/travis/build/icyphy/ptII/ptolemy/actor/lib/test/auto/ConstraintMonitor4.xml
1 ms. Memory: 466944K Free: 217349K (47%)
----------------- Invoking toplevel() on ptolemy.moml.MoMLSimpleApplication@1ae1c0cc
----------------- Done invoking toplevel() on ptolemy.moml.MoMLSimpleApplication@1ae1c0cc
reloadAllAccessors: .ConstraintMonitor4

===========================================================================================
----------------- testing Fri Apr 24 14:11:08 UTC 2020 /home/travis/build/icyphy/ptII/ptolemy/actor/lib/test/auto/ConstraintMonitor5.xml
----------------- Instantiating /home/travis/build/icyphy/ptII/ptolemy/actor/lib/test/auto/ConstraintMonitor5.xml
1 ms. Memory: 466944K Free: 212229K (45%)
----------------- Invoking toplevel() on ptolemy.moml.MoMLSimpleApplication@41780dcd
----------------- Done invoking toplevel() on ptolemy.moml.MoMLSimpleApplication@41780dcd
reloadAllAccessors: .ConstraintMonitor5

===========================================================================================
----------------- testing Fri Apr 24 14:11:08 UTC 2020 /home/travis/build/icyphy/ptII/ptolemy/actor/lib/test/auto/ConstraintMonitor6.xml
----------------- Instantiating /home/travis/build/icyphy/ptII/ptolemy/actor/lib/test/auto/ConstraintMonitor6.xml
3 ms. Memory: 466944K Free: 206071K (44%)
----------------- Invoking toplevel() on ptolemy.moml.MoMLSimpleApplication@14ef6c65
----------------- Done invoking toplevel() on ptolemy.moml.MoMLSimpleApplication@14ef6c65
reloadAllAccessors: .ConstraintMonitor6

===========================================================================================
----------------- testing Fri Apr 24 14:11:08 UTC 2020 /home/travis/build/icyphy/ptII/ptolemy/actor/lib/test/auto/ConstraintMonitor7.xml
----------------- Instantiating /home/travis/build/icyphy/ptII/ptolemy/actor/lib/test/auto/ConstraintMonitor7.xml
5 ms. Memory: 466944K Free: 199927K (43%)
----------------- Invoking toplevel() on ptolemy.moml.MoMLSimpleApplication@68860fc2
----------------- Done invoking toplevel() on ptolemy.moml.MoMLSimpleApplication@68860fc2
reloadAllAccessors: .ConstraintMonitor7

===========================================================================================
----------------- testing Fri Apr 24 14:11:08 UTC 2020 /home/travis/build/icyphy/ptII/ptolemy/actor/lib/test/auto/ConstraintMonitor8.xml
----------------- Instantiating /home/travis/build/icyphy/ptII/ptolemy/actor/lib/test/auto/ConstraintMonitor8.xml
5 ms. Memory: 466944K Free: 192263K (41%)
----------------- Invoking toplevel() on ptolemy.moml.MoMLSimpleApplication@75c4d05b
----------------- Done invoking toplevel() on ptolemy.moml.MoMLSimpleApplication@75c4d05b
reloadAllAccessors: .ConstraintMonitor8

===========================================================================================
----------------- testing Fri Apr 24 14:11:08 UTC 2020 /home/travis/build/icyphy/ptII/ptolemy/actor/lib/test/auto/Counter.xml
----------------- Instantiating /home/travis/build/icyphy/ptII/ptolemy/actor/lib/test/auto/Counter.xml
2 ms. Memory: 466944K Free: 187143K (40%)
----------------- Invoking toplevel() on ptolemy.moml.MoMLSimpleApplication@b4160a0
----------------- Done invoking toplevel() on ptolemy.moml.MoMLSimpleApplication@b4160a0
reloadAllAccessors: .Counter

===========================================================================================
----------------- testing Fri Apr 24 14:11:08 UTC 2020 /home/travis/build/icyphy/ptII/ptolemy/actor/lib/test/auto/CurrentTimeSDF.xml
----------------- Instantiating /home/travis/build/icyphy/ptII/ptolemy/actor/lib/test/auto/CurrentTimeSDF.xml
12 ms. Memory: 466944K Free: 418549K (90%)
----------------- Invoking toplevel() on ptolemy.moml.MoMLSimpleApplication@1ff75301
----------------- Done invoking toplevel() on ptolemy.moml.MoMLSimpleApplication@1ff75301
reloadAllAccessors: .CurrentTimeSDF

===========================================================================================
----------------- testing Fri Apr 24 14:11:08 UTC 2020 /home/travis/build/icyphy/ptII/ptolemy/actor/lib/test/auto/DB.xml
----------------- Instantiating /home/travis/build/icyphy/ptII/ptolemy/actor/lib/test/auto/DB.xml
2 ms. Memory: 466944K Free: 412919K (88%)
----------------- Invoking toplevel() on ptolemy.moml.MoMLSimpleApplication@3b88c7c0
----------------- Done invoking toplevel() on ptolemy.moml.MoMLSimpleApplication@3b88c7c0
reloadAllAccessors: .DB

===========================================================================================
----------------- testing Fri Apr 24 14:11:08 UTC 2020 /home/travis/build/icyphy/ptII/ptolemy/actor/lib/test/auto/DBDE.xml
----------------- Instantiating /home/travis/build/icyphy/ptII/ptolemy/actor/lib/test/auto/DBDE.xml
3 ms. Memory: 466944K Free: 407255K (87%)
----------------- Invoking toplevel() on ptolemy.moml.MoMLSimpleApplication@1ccbb755
----------------- Done invoking toplevel() on ptolemy.moml.MoMLSimpleApplication@1ccbb755
reloadAllAccessors: .DBDE

===========================================================================================
----------------- testing Fri Apr 24 14:11:08 UTC 2020 /home/travis/build/icyphy/ptII/ptolemy/actor/lib/test/auto/DateConstructor.xml
----------------- Instantiating /home/travis/build/icyphy/ptII/ptolemy/actor/lib/test/auto/DateConstructor.xml
25 ms. Memory: 466944K Free: 389877K (83%)
----------------- Invoking toplevel() on ptolemy.moml.MoMLSimpleApplication@45180c06
----------------- Done invoking toplevel() on ptolemy.moml.MoMLSimpleApplication@45180c06
reloadAllAccessors: .DateConstructor

===========================================================================================
----------------- testing Fri Apr 24 14:11:08 UTC 2020 /home/travis/build/icyphy/ptII/ptolemy/actor/lib/test/auto/DelayTime.xml
----------------- Instantiating /home/travis/build/icyphy/ptII/ptolemy/actor/lib/test/auto/DelayTime.xml
5 ms. Memory: 466944K Free: 384757K (82%)
----------------- Invoking toplevel() on ptolemy.moml.MoMLSimpleApplication@5e8502b5
----------------- Done invoking toplevel() on ptolemy.moml.MoMLSimpleApplication@5e8502b5
reloadAllAccessors: .DelayTime

===========================================================================================
----------------- testing Fri Apr 24 14:11:08 UTC 2020 /home/travis/build/icyphy/ptII/ptolemy/actor/lib/test/auto/Dictionary1.xml
----------------- Instantiating /home/travis/build/icyphy/ptII/ptolemy/actor/lib/test/auto/Dictionary1.xml
1 ms. Memory: 466944K Free: 379127K (81%)
----------------- Invoking toplevel() on ptolemy.moml.MoMLSimpleApplication@573305cd
----------------- Done invoking toplevel() on ptolemy.moml.MoMLSimpleApplication@573305cd
reloadAllAccessors: .Dictionary1

===========================================================================================
----------------- testing Fri Apr 24 14:11:08 UTC 2020 /home/travis/build/icyphy/ptII/ptolemy/actor/lib/test/auto/Dictionary2.xml
----------------- Instantiating /home/travis/build/icyphy/ptII/ptolemy/actor/lib/test/auto/Dictionary2.xml
4 ms. Memory: 466944K Free: 374007K (80%)
----------------- Invoking toplevel() on ptolemy.moml.MoMLSimpleApplication@2d7ee722
----------------- Done invoking toplevel() on ptolemy.moml.MoMLSimpleApplication@2d7ee722
reloadAllAccessors: .Dictionary2

===========================================================================================
----------------- testing Fri Apr 24 14:11:08 UTC 2020 /home/travis/build/icyphy/ptII/ptolemy/actor/lib/test/auto/Dictionary3.xml
----------------- Instantiating /home/travis/build/icyphy/ptII/ptolemy/actor/lib/test/auto/Dictionary3.xml
1 ms. Memory: 466944K Free: 368373K (79%)
----------------- Invoking toplevel() on ptolemy.moml.MoMLSimpleApplication@79121788
----------------- Done invoking toplevel() on ptolemy.moml.MoMLSimpleApplication@79121788
reloadAllAccessors: .Dictionary3

===========================================================================================
----------------- testing Fri Apr 24 14:11:08 UTC 2020 /home/travis/build/icyphy/ptII/ptolemy/actor/lib/test/auto/Dictionary4.xml
----------------- Instantiating /home/travis/build/icyphy/ptII/ptolemy/actor/lib/test/auto/Dictionary4.xml
3 ms. Memory: 466944K Free: 361205K (77%)
----------------- Invoking toplevel() on ptolemy.moml.MoMLSimpleApplication@17db73be
----------------- Done invoking toplevel() on ptolemy.moml.MoMLSimpleApplication@17db73be
reloadAllAccessors: .Dictionary4

===========================================================================================
----------------- testing Fri Apr 24 14:11:09 UTC 2020 /home/travis/build/icyphy/ptII/ptolemy/actor/lib/test/auto/Differential.xml
----------------- Instantiating /home/travis/build/icyphy/ptII/ptolemy/actor/lib/test/auto/Differential.xml
3 ms. Memory: 466944K Free: 357109K (76%)
----------------- Invoking toplevel() on ptolemy.moml.MoMLSimpleApplication@218dec84
----------------- Done invoking toplevel() on ptolemy.moml.MoMLSimpleApplication@218dec84
reloadAllAccessors: .Differential

===========================================================================================
----------------- testing Fri Apr 24 14:11:09 UTC 2020 /home/travis/build/icyphy/ptII/ptolemy/actor/lib/test/auto/Director.xml
----------------- Instantiating /home/travis/build/icyphy/ptII/ptolemy/actor/lib/test/auto/Director.xml
2 ms. Memory: 466944K Free: 353527K (76%)
----------------- Invoking toplevel() on ptolemy.moml.MoMLSimpleApplication@5aa33ef5
----------------- Done invoking toplevel() on ptolemy.moml.MoMLSimpleApplication@5aa33ef5
reloadAllAccessors: .Director

===========================================================================================
----------------- testing Fri Apr 24 14:11:09 UTC 2020 /home/travis/build/icyphy/ptII/ptolemy/actor/lib/test/auto/DiscreteClock.xml
----------------- Instantiating /home/travis/build/icyphy/ptII/ptolemy/actor/lib/test/auto/DiscreteClock.xml
1 ms. Memory: 466944K Free: 349431K (75%)
----------------- Invoking toplevel() on ptolemy.moml.MoMLSimpleApplication@7c1fa033
----------------- Done invoking toplevel() on ptolemy.moml.MoMLSimpleApplication@7c1fa033
reloadAllAccessors: .DiscreteClock

===========================================================================================
----------------- testing Fri Apr 24 14:11:09 UTC 2020 /home/travis/build/icyphy/ptII/ptolemy/actor/lib/test/auto/DiscreteClock10.xml
----------------- Instantiating /home/travis/build/icyphy/ptII/ptolemy/actor/lib/test/auto/DiscreteClock10.xml
6 ms. Memory: 466944K Free: 343287K (74%)
----------------- Invoking toplevel() on ptolemy.moml.MoMLSimpleApplication@bb70367
----------------- Done invoking toplevel() on ptolemy.moml.MoMLSimpleApplication@bb70367
reloadAllAccessors: .DiscreteClock10

===========================================================================================
----------------- testing Fri Apr 24 14:11:09 UTC 2020 /home/travis/build/icyphy/ptII/ptolemy/actor/lib/test/auto/DiscreteClock11.xml
----------------- Instantiating /home/travis/build/icyphy/ptII/ptolemy/actor/lib/test/auto/DiscreteClock11.xml
2 ms. Memory: 466944K Free: 337653K (72%)
----------------- Invoking toplevel() on ptolemy.moml.MoMLSimpleApplication@50fd2721
----------------- Done invoking toplevel() on ptolemy.moml.MoMLSimpleApplication@50fd2721
reloadAllAccessors: .DiscreteClock11

===========================================================================================
----------------- testing Fri Apr 24 14:11:09 UTC 2020 /home/travis/build/icyphy/ptII/ptolemy/actor/lib/test/auto/DiscreteClock12.xml
----------------- Instantiating /home/travis/build/icyphy/ptII/ptolemy/actor/lib/test/auto/DiscreteClock12.xml
3 ms. Memory: 466944K Free: 331509K (71%)
----------------- Invoking toplevel() on ptolemy.moml.MoMLSimpleApplication@3fc21b1
----------------- Done invoking toplevel() on ptolemy.moml.MoMLSimpleApplication@3fc21b1
reloadAllAccessors: .DiscreteClock12

===========================================================================================
----------------- testing Fri Apr 24 14:11:09 UTC 2020 /home/travis/build/icyphy/ptII/ptolemy/actor/lib/test/auto/DiscreteClock13.xml
----------------- Instantiating /home/travis/build/icyphy/ptII/ptolemy/actor/lib/test/auto/DiscreteClock13.xml
4 ms. Memory: 466944K Free: 325335K (70%)
----------------- Invoking toplevel() on ptolemy.moml.MoMLSimpleApplication@6c7f05d5
----------------- Done invoking toplevel() on ptolemy.moml.MoMLSimpleApplication@6c7f05d5
reloadAllAccessors: .DiscreteClock13

===========================================================================================
----------------- testing Fri Apr 24 14:11:09 UTC 2020 /home/travis/build/icyphy/ptII/ptolemy/actor/lib/test/auto/DiscreteClock14.xml
----------------- Instantiating /home/travis/build/icyphy/ptII/ptolemy/actor/lib/test/auto/DiscreteClock14.xml
5 ms. Memory: 466944K Free: 319215K (68%)
----------------- Invoking toplevel() on ptolemy.moml.MoMLSimpleApplication@6f9e813b
----------------- Done invoking toplevel() on ptolemy.moml.MoMLSimpleApplication@6f9e813b
reloadAllAccessors: .DiscreteClock14

===========================================================================================
----------------- testing Fri Apr 24 14:11:09 UTC 2020 /home/travis/build/icyphy/ptII/ptolemy/actor/lib/test/auto/DiscreteClock15.xml
----------------- Instantiating /home/travis/build/icyphy/ptII/ptolemy/actor/lib/test/auto/DiscreteClock15.xml
4 ms. Memory: 466944K Free: 313591K (67%)
----------------- Invoking toplevel() on ptolemy.moml.MoMLSimpleApplication@61c8e481
----------------- Done invoking toplevel() on ptolemy.moml.MoMLSimpleApplication@61c8e481
reloadAllAccessors: .DiscreteClock15

===========================================================================================
----------------- testing Fri Apr 24 14:11:09 UTC 2020 /home/travis/build/icyphy/ptII/ptolemy/actor/lib/test/auto/DiscreteClock16.xml
----------------- Instantiating /home/travis/build/icyphy/ptII/ptolemy/actor/lib/test/auto/DiscreteClock16.xml
16 ms. Memory: 466944K Free: 299765K (64%)
----------------- Invoking toplevel() on ptolemy.moml.MoMLSimpleApplication@30a08b5c
----------------- Done invoking toplevel() on ptolemy.moml.MoMLSimpleApplication@30a08b5c
reloadAllAccessors: .DiscreteClock16

===========================================================================================
----------------- testing Fri Apr 24 14:11:09 UTC 2020 /home/travis/build/icyphy/ptII/ptolemy/actor/lib/test/auto/DiscreteClock17.xml
----------------- Instantiating /home/travis/build/icyphy/ptII/ptolemy/actor/lib/test/auto/DiscreteClock17.xml
15 ms. Memory: 466944K Free: 285423K (61%)
----------------- Invoking toplevel() on ptolemy.moml.MoMLSimpleApplication@82df456
----------------- Done invoking toplevel() on ptolemy.moml.MoMLSimpleApplication@82df456
reloadAllAccessors: .DiscreteClock17

===========================================================================================
----------------- testing Fri Apr 24 14:11:09 UTC 2020 /home/travis/build/icyphy/ptII/ptolemy/actor/lib/test/auto/DiscreteClock18.xml
----------------- Instantiating /home/travis/build/icyphy/ptII/ptolemy/actor/lib/test/auto/DiscreteClock18.xml
18 ms. Memory: 466944K Free: 271607K (58%)
----------------- Invoking toplevel() on ptolemy.moml.MoMLSimpleApplication@50990e9a
----------------- Done invoking toplevel() on ptolemy.moml.MoMLSimpleApplication@50990e9a
reloadAllAccessors: .DiscreteClock18

===========================================================================================
----------------- testing Fri Apr 24 14:11:09 UTC 2020 /home/travis/build/icyphy/ptII/ptolemy/actor/lib/test/auto/DiscreteClock19.xml
----------------- Instantiating /home/travis/build/icyphy/ptII/ptolemy/actor/lib/test/auto/DiscreteClock19.xml
18 ms. Memory: 466944K Free: 257781K (55%)
----------------- Invoking toplevel() on ptolemy.moml.MoMLSimpleApplication@357c73ce
----------------- Done invoking toplevel() on ptolemy.moml.MoMLSimpleApplication@357c73ce
reloadAllAccessors: .DiscreteClock19

===========================================================================================
----------------- testing Fri Apr 24 14:11:09 UTC 2020 /home/travis/build/icyphy/ptII/ptolemy/actor/lib/test/auto/DiscreteClock2.xml
----------------- Instantiating /home/travis/build/icyphy/ptII/ptolemy/actor/lib/test/auto/DiscreteClock2.xml
4 ms. Memory: 466944K Free: 252655K (54%)
----------------- Invoking toplevel() on ptolemy.moml.MoMLSimpleApplication@7e0942a8
----------------- Done invoking toplevel() on ptolemy.moml.MoMLSimpleApplication@7e0942a8
reloadAllAccessors: .DiscreteClock2

===========================================================================================
----------------- testing Fri Apr 24 14:11:09 UTC 2020 /home/travis/build/icyphy/ptII/ptolemy/actor/lib/test/auto/DiscreteClock20.xml
----------------- Instantiating /home/travis/build/icyphy/ptII/ptolemy/actor/lib/test/auto/DiscreteClock20.xml
9 ms. Memory: 466944K Free: 247031K (53%)
----------------- Invoking toplevel() on ptolemy.moml.MoMLSimpleApplication@8a96bdb
----------------- Done invoking toplevel() on ptolemy.moml.MoMLSimpleApplication@8a96bdb
reloadAllAccessors: .DiscreteClock20

===========================================================================================
----------------- testing Fri Apr 24 14:11:09 UTC 2020 /home/travis/build/icyphy/ptII/ptolemy/actor/lib/test/auto/DiscreteClock21.xml
----------------- Instantiating /home/travis/build/icyphy/ptII/ptolemy/actor/lib/test/auto/DiscreteClock21.xml
4 ms. Memory: 466944K Free: 241397K (52%)
----------------- Invoking toplevel() on ptolemy.moml.MoMLSimpleApplication@6b0776f9
----------------- Done invoking toplevel() on ptolemy.moml.MoMLSimpleApplication@6b0776f9
reloadAllAccessors: .DiscreteClock21

===========================================================================================
----------------- testing Fri Apr 24 14:11:09 UTC 2020 /home/travis/build/icyphy/ptII/ptolemy/actor/lib/test/auto/DiscreteClock22.xml
----------------- Instantiating /home/travis/build/icyphy/ptII/ptolemy/actor/lib/test/auto/DiscreteClock22.xml
4 ms. Memory: 466944K Free: 236277K (51%)
----------------- Invoking toplevel() on ptolemy.moml.MoMLSimpleApplication@3b507a53
----------------- Done invoking toplevel() on ptolemy.moml.MoMLSimpleApplication@3b507a53
reloadAllAccessors: .DiscreteClock22

===========================================================================================
----------------- testing Fri Apr 24 14:11:09 UTC 2020 /home/travis/build/icyphy/ptII/ptolemy/actor/lib/test/auto/DiscreteClock23.xml
----------------- Instantiating /home/travis/build/icyphy/ptII/ptolemy/actor/lib/test/auto/DiscreteClock23.xml
9 ms. Memory: 466944K Free: 230647K (49%)
----------------- Invoking toplevel() on ptolemy.moml.MoMLSimpleApplication@7e131312
----------------- Done invoking toplevel() on ptolemy.moml.MoMLSimpleApplication@7e131312
reloadAllAccessors: .DiscreteClock23

===========================================================================================
----------------- testing Fri Apr 24 14:11:09 UTC 2020 /home/travis/build/icyphy/ptII/ptolemy/actor/lib/test/auto/DiscreteClock24.xml
----------------- Instantiating /home/travis/build/icyphy/ptII/ptolemy/actor/lib/test/auto/DiscreteClock24.xml
4 ms. Memory: 466944K Free: 225013K (48%)
----------------- Invoking toplevel() on ptolemy.moml.MoMLSimpleApplication@1ef0dfdd
----------------- Done invoking toplevel() on ptolemy.moml.MoMLSimpleApplication@1ef0dfdd
reloadAllAccessors: .DiscreteClock24

===========================================================================================
----------------- testing Fri Apr 24 14:11:09 UTC 2020 /home/travis/build/icyphy/ptII/ptolemy/actor/lib/test/auto/DiscreteClock4.xml
----------------- Instantiating /home/travis/build/icyphy/ptII/ptolemy/actor/lib/test/auto/DiscreteClock4.xml
4 ms. Memory: 466944K Free: 219383K (47%)
----------------- Invoking toplevel() on ptolemy.moml.MoMLSimpleApplication@1506e6
----------------- Done invoking toplevel() on ptolemy.moml.MoMLSimpleApplication@1506e6
reloadAllAccessors: .DiscreteClock4

===========================================================================================
----------------- testing Fri Apr 24 14:11:09 UTC 2020 /home/travis/build/icyphy/ptII/ptolemy/actor/lib/test/auto/DiscreteClock5.xml
----------------- Instantiating /home/travis/build/icyphy/ptII/ptolemy/actor/lib/test/auto/DiscreteClock5.xml
2 ms. Memory: 466944K Free: 214263K (46%)
----------------- Invoking toplevel() on ptolemy.moml.MoMLSimpleApplication@115fcca5
----------------- Done invoking toplevel() on ptolemy.moml.MoMLSimpleApplication@115fcca5
reloadAllAccessors: .DiscreteClock5

===========================================================================================
----------------- testing Fri Apr 24 14:11:09 UTC 2020 /home/travis/build/icyphy/ptII/ptolemy/actor/lib/test/auto/DiscreteClock6.xml
----------------- Instantiating /home/travis/build/icyphy/ptII/ptolemy/actor/lib/test/auto/DiscreteClock6.xml
1 ms. Memory: 466944K Free: 209653K (45%)
----------------- Invoking toplevel() on ptolemy.moml.MoMLSimpleApplication@4f009ab3
----------------- Done invoking toplevel() on ptolemy.moml.MoMLSimpleApplication@4f009ab3
reloadAllAccessors: .DiscreteClock6

===========================================================================================
----------------- testing Fri Apr 24 14:11:09 UTC 2020 /home/travis/build/icyphy/ptII/ptolemy/actor/lib/test/auto/DiscreteClock7.xml
----------------- Instantiating /home/travis/build/icyphy/ptII/ptolemy/actor/lib/test/auto/DiscreteClock7.xml
1 ms. Memory: 466944K Free: 204533K (44%)
----------------- Invoking toplevel() on ptolemy.moml.MoMLSimpleApplication@5dfcf603
----------------- Done invoking toplevel() on ptolemy.moml.MoMLSimpleApplication@5dfcf603
reloadAllAccessors: .DiscreteClock7

===========================================================================================
----------------- testing Fri Apr 24 14:11:09 UTC 2020 /home/travis/build/icyphy/ptII/ptolemy/actor/lib/test/auto/DiscreteClock8.xml
----------------- Instantiating /home/travis/build/icyphy/ptII/ptolemy/actor/lib/test/auto/DiscreteClock8.xml
3 ms. Memory: 466944K Free: 198903K (43%)
----------------- Invoking toplevel() on ptolemy.moml.MoMLSimpleApplication@756aec15
----------------- Done invoking toplevel() on ptolemy.moml.MoMLSimpleApplication@756aec15
reloadAllAccessors: .DiscreteClock8

===========================================================================================
----------------- testing Fri Apr 24 14:11:09 UTC 2020 /home/travis/build/icyphy/ptII/ptolemy/actor/lib/test/auto/DiscreteClock9.xml
----------------- Instantiating /home/travis/build/icyphy/ptII/ptolemy/actor/lib/test/auto/DiscreteClock9.xml
4 ms. Memory: 466944K Free: 193255K (41%)
----------------- Invoking toplevel() on ptolemy.moml.MoMLSimpleApplication@78c3a96b
----------------- Done invoking toplevel() on ptolemy.moml.MoMLSimpleApplication@78c3a96b
reloadAllAccessors: .DiscreteClock9

===========================================================================================
----------------- testing Fri Apr 24 14:11:09 UTC 2020 /home/travis/build/icyphy/ptII/ptolemy/actor/lib/test/auto/DisplayArray.xml
----------------- Instantiating /home/travis/build/icyphy/ptII/ptolemy/actor/lib/test/auto/DisplayArray.xml
1 ms. Memory: 466944K Free: 189687K (41%)
----------------- Invoking toplevel() on ptolemy.moml.MoMLSimpleApplication@3f07c924
----------------- Done invoking toplevel() on ptolemy.moml.MoMLSimpleApplication@3f07c924
reloadAllAccessors: .DisplayArray

===========================================================================================
----------------- testing Fri Apr 24 14:11:09 UTC 2020 /home/travis/build/icyphy/ptII/ptolemy/actor/lib/test/auto/Distributor.xml
----------------- Instantiating /home/travis/build/icyphy/ptII/ptolemy/actor/lib/test/auto/Distributor.xml
1 ms. Memory: 466944K Free: 184567K (40%)
----------------- Invoking toplevel() on ptolemy.moml.MoMLSimpleApplication@310f9ff
----------------- Done invoking toplevel() on ptolemy.moml.MoMLSimpleApplication@310f9ff
reloadAllAccessors: .Distributor

===========================================================================================
----------------- testing Fri Apr 24 14:11:09 UTC 2020 /home/travis/build/icyphy/ptII/ptolemy/actor/lib/test/auto/Distributor2.xml
----------------- Instantiating /home/travis/build/icyphy/ptII/ptolemy/actor/lib/test/auto/Distributor2.xml
1 ms. Memory: 466944K Free: 179957K (39%)
----------------- Invoking toplevel() on ptolemy.moml.MoMLSimpleApplication@154f0e50
----------------- Done invoking toplevel() on ptolemy.moml.MoMLSimpleApplication@154f0e50
reloadAllAccessors: .Distributor2

===========================================================================================
----------------- testing Fri Apr 24 14:11:09 UTC 2020 /home/travis/build/icyphy/ptII/ptolemy/actor/lib/test/auto/DownSample.xml
----------------- Instantiating /home/travis/build/icyphy/ptII/ptolemy/actor/lib/test/auto/DownSample.xml
2 ms. Memory: 466944K Free: 175351K (38%)
----------------- Invoking toplevel() on ptolemy.moml.MoMLSimpleApplication@3c85646c
----------------- Done invoking toplevel() on ptolemy.moml.MoMLSimpleApplication@3c85646c
reloadAllAccessors: .DownSample

===========================================================================================
----------------- testing Fri Apr 24 14:11:09 UTC 2020 /home/travis/build/icyphy/ptII/ptolemy/actor/lib/test/auto/ElectronicUnitBase1.xml
----------------- Instantiating /home/travis/build/icyphy/ptII/ptolemy/actor/lib/test/auto/ElectronicUnitBase1.xml
17 ms. Memory: 466944K Free: 159991K (34%)
----------------- Invoking toplevel() on ptolemy.moml.MoMLSimpleApplication@60b36b28
----------------- Done invoking toplevel() on ptolemy.moml.MoMLSimpleApplication@60b36b28
reloadAllAccessors: .ElectronicUnitBase1

===========================================================================================
----------------- testing Fri Apr 24 14:11:09 UTC 2020 /home/travis/build/icyphy/ptII/ptolemy/actor/lib/test/auto/ElementsToArray.xml
----------------- Instantiating /home/travis/build/icyphy/ptII/ptolemy/actor/lib/test/auto/ElementsToArray.xml
3 ms. Memory: 466944K Free: 154871K (33%)
----------------- Invoking toplevel() on ptolemy.moml.MoMLSimpleApplication@11e0c3e
----------------- Done invoking toplevel() on ptolemy.moml.MoMLSimpleApplication@11e0c3e
reloadAllAccessors: .ElementsToArray

===========================================================================================
----------------- testing Fri Apr 24 14:11:09 UTC 2020 /home/travis/build/icyphy/ptII/ptolemy/actor/lib/test/auto/Equals.xml
----------------- Instantiating /home/travis/build/icyphy/ptII/ptolemy/actor/lib/test/auto/Equals.xml
3 ms. Memory: 466944K Free: 150261K (32%)
----------------- Invoking toplevel() on ptolemy.moml.MoMLSimpleApplication@17a23cc
----------------- Done invoking toplevel() on ptolemy.moml.MoMLSimpleApplication@17a23cc
reloadAllAccessors: .Equals

===========================================================================================
----------------- testing Fri Apr 24 14:11:09 UTC 2020 /home/travis/build/icyphy/ptII/ptolemy/actor/lib/test/auto/Exec.xml
----------------- Instantiating /home/travis/build/icyphy/ptII/ptolemy/actor/lib/test/auto/Exec.xml
15 ms. Memory: 466944K Free: 415646K (89%)
----------------- Invoking toplevel() on ptolemy.moml.MoMLSimpleApplication@12f2c64c
----------------- Done invoking toplevel() on ptolemy.moml.MoMLSimpleApplication@12f2c64c
reloadAllAccessors: .Exec

===========================================================================================
----------------- testing Fri Apr 24 14:11:09 UTC 2020 /home/travis/build/icyphy/ptII/ptolemy/actor/lib/test/auto/ExecEnvironment.xml
----------------- Instantiating /home/travis/build/icyphy/ptII/ptolemy/actor/lib/test/auto/ExecEnvironment.xml
27 ms. Memory: 466944K Free: 410014K (88%)
----------------- Invoking toplevel() on ptolemy.moml.MoMLSimpleApplication@5161e173
----------------- Done invoking toplevel() on ptolemy.moml.MoMLSimpleApplication@5161e173
reloadAllAccessors: .ExecEnvironment

===========================================================================================
----------------- testing Fri Apr 24 14:11:09 UTC 2020 /home/travis/build/icyphy/ptII/ptolemy/actor/lib/test/auto/ExecNonZeroReturnOutput.xml
----------------- Instantiating /home/travis/build/icyphy/ptII/ptolemy/actor/lib/test/auto/ExecNonZeroReturnOutput.xml
154 ms. Memory: 466944K Free: 398750K (85%)
----------------- Invoking toplevel() on ptolemy.moml.MoMLSimpleApplication@21665c8e
----------------- Done invoking toplevel() on ptolemy.moml.MoMLSimpleApplication@21665c8e
reloadAllAccessors: .ExecNonZeroReturnOutput

===========================================================================================
----------------- testing Fri Apr 24 14:11:09 UTC 2020 /home/travis/build/icyphy/ptII/ptolemy/actor/lib/test/auto/ExecRunDemos.xml
----------------- Instantiating /home/travis/build/icyphy/ptII/ptolemy/actor/lib/test/auto/ExecRunDemos.xml
Finished: 57 ms. Memory: 129024K Free: 112108K (87%)

Finished: 77 ms. Memory: 129024K Free: 109424K (85%)

Finished: 103 ms. Memory: 129024K Free: 109533K (85%)

Finished: 80 ms. Memory: 129024K Free: 111011K (86%)

Finished: 72 ms. Memory: 129024K Free: 112147K (87%)

10189 ms. Memory: 466944K Free: 376734K (81%)
----------------- Invoking toplevel() on ptolemy.moml.MoMLSimpleApplication@5f1a45e7
----------------- Done invoking toplevel() on ptolemy.moml.MoMLSimpleApplication@5f1a45e7
reloadAllAccessors: .ExecRunDemos

===========================================================================================
----------------- testing Fri Apr 24 14:11:20 UTC 2020 /home/travis/build/icyphy/ptII/ptolemy/actor/lib/test/auto/ExecStop.xml
----------------- Instantiating /home/travis/build/icyphy/ptII/ptolemy/actor/lib/test/auto/ExecStop.xml
5016 ms. Memory: 466944K Free: 236448K (51%)
----------------- Invoking toplevel() on ptolemy.moml.MoMLSimpleApplication@48f5db8f
----------------- Done invoking toplevel() on ptolemy.moml.MoMLSimpleApplication@48f5db8f
reloadAllAccessors: .ExecStop

===========================================================================================
----------------- testing Fri Apr 24 14:11:25 UTC 2020 /home/travis/build/icyphy/ptII/ptolemy/actor/lib/test/auto/ExecutionTimeSDF.xml
----------------- Instantiating /home/travis/build/icyphy/ptII/ptolemy/actor/lib/test/auto/ExecutionTimeSDF.xml
Fired ExecutionTime: -418967296
Fired ExecutionTime: 1334800000
Fired ExecutionTime: -133367296
6009 ms. Memory: 466944K Free: 224656K (48%)
----------------- Invoking toplevel() on ptolemy.moml.MoMLSimpleApplication@6f405fcf
----------------- Done invoking toplevel() on ptolemy.moml.MoMLSimpleApplication@6f405fcf
reloadAllAccessors: .ExecutionTimeSDF

===========================================================================================
----------------- testing Fri Apr 24 14:11:31 UTC 2020 /home/travis/build/icyphy/ptII/ptolemy/actor/lib/test/auto/Expression1.xml
----------------- Instantiating /home/travis/build/icyphy/ptII/ptolemy/actor/lib/test/auto/Expression1.xml
1 ms. Memory: 466944K Free: 221088K (47%)
----------------- Invoking toplevel() on ptolemy.moml.MoMLSimpleApplication@fa3fd79
----------------- Done invoking toplevel() on ptolemy.moml.MoMLSimpleApplication@fa3fd79
reloadAllAccessors: .Expression1

===========================================================================================
----------------- testing Fri Apr 24 14:11:31 UTC 2020 /home/travis/build/icyphy/ptII/ptolemy/actor/lib/test/auto/Expression10.xml
----------------- Instantiating /home/travis/build/icyphy/ptII/ptolemy/actor/lib/test/auto/Expression10.xml
5 ms. Memory: 466944K Free: 215968K (46%)
----------------- Invoking toplevel() on ptolemy.moml.MoMLSimpleApplication@549bcd56
----------------- Done invoking toplevel() on ptolemy.moml.MoMLSimpleApplication@549bcd56
reloadAllAccessors: .Expression10

===========================================================================================
----------------- testing Fri Apr 24 14:11:31 UTC 2020 /home/travis/build/icyphy/ptII/ptolemy/actor/lib/test/auto/Expression11.xml
----------------- Instantiating /home/travis/build/icyphy/ptII/ptolemy/actor/lib/test/auto/Expression11.xml
2 ms. Memory: 466944K Free: 211358K (45%)
----------------- Invoking toplevel() on ptolemy.moml.MoMLSimpleApplication@304113fa
----------------- Done invoking toplevel() on ptolemy.moml.MoMLSimpleApplication@304113fa
reloadAllAccessors: .Expression11

===========================================================================================
----------------- testing Fri Apr 24 14:11:31 UTC 2020 /home/travis/build/icyphy/ptII/ptolemy/actor/lib/test/auto/Expression12.xml
----------------- Instantiating /home/travis/build/icyphy/ptII/ptolemy/actor/lib/test/auto/Expression12.xml
2 ms. Memory: 466944K Free: 206238K (44%)
----------------- Invoking toplevel() on ptolemy.moml.MoMLSimpleApplication@7223b7e6
----------------- Done invoking toplevel() on ptolemy.moml.MoMLSimpleApplication@7223b7e6
reloadAllAccessors: .Expression12

===========================================================================================
----------------- testing Fri Apr 24 14:11:31 UTC 2020 /home/travis/build/icyphy/ptII/ptolemy/actor/lib/test/auto/Expression13.xml
----------------- Instantiating /home/travis/build/icyphy/ptII/ptolemy/actor/lib/test/auto/Expression13.xml
3 ms. Memory: 466944K Free: 201118K (43%)
----------------- Invoking toplevel() on ptolemy.moml.MoMLSimpleApplication@2182c0cc
----------------- Done invoking toplevel() on ptolemy.moml.MoMLSimpleApplication@2182c0cc
reloadAllAccessors: .Expression13

===========================================================================================
----------------- testing Fri Apr 24 14:11:31 UTC 2020 /home/travis/build/icyphy/ptII/ptolemy/actor/lib/test/auto/Expression14.xml
----------------- Instantiating /home/travis/build/icyphy/ptII/ptolemy/actor/lib/test/auto/Expression14.xml
4 ms. Memory: 466944K Free: 194974K (42%)
----------------- Invoking toplevel() on ptolemy.moml.MoMLSimpleApplication@4a32386e
----------------- Done invoking toplevel() on ptolemy.moml.MoMLSimpleApplication@4a32386e
reloadAllAccessors: .Expression14

===========================================================================================
----------------- testing Fri Apr 24 14:11:31 UTC 2020 /home/travis/build/icyphy/ptII/ptolemy/actor/lib/test/auto/Expression15.xml
----------------- Instantiating /home/travis/build/icyphy/ptII/ptolemy/actor/lib/test/auto/Expression15.xml
1 ms. Memory: 466944K Free: 191392K (41%)
----------------- Invoking toplevel() on ptolemy.moml.MoMLSimpleApplication@5840bcb0
----------------- Done invoking toplevel() on ptolemy.moml.MoMLSimpleApplication@5840bcb0
reloadAllAccessors: .Expression15

===========================================================================================
----------------- testing Fri Apr 24 14:11:31 UTC 2020 /home/travis/build/icyphy/ptII/ptolemy/actor/lib/test/auto/Expression16.xml
----------------- Instantiating /home/travis/build/icyphy/ptII/ptolemy/actor/lib/test/auto/Expression16.xml
2 ms. Memory: 466944K Free: 186272K (40%)
----------------- Invoking toplevel() on ptolemy.moml.MoMLSimpleApplication@711c0c1f
----------------- Done invoking toplevel() on ptolemy.moml.MoMLSimpleApplication@711c0c1f
reloadAllAccessors: .Expression16

===========================================================================================
----------------- testing Fri Apr 24 14:11:31 UTC 2020 /home/travis/build/icyphy/ptII/ptolemy/actor/lib/test/auto/Expression17.xml
----------------- Instantiating /home/travis/build/icyphy/ptII/ptolemy/actor/lib/test/auto/Expression17.xml
2 ms. Memory: 466944K Free: 181662K (39%)
----------------- Invoking toplevel() on ptolemy.moml.MoMLSimpleApplication@3c516c7d
----------------- Done invoking toplevel() on ptolemy.moml.MoMLSimpleApplication@3c516c7d
reloadAllAccessors: .Expression17

===========================================================================================
----------------- testing Fri Apr 24 14:11:31 UTC 2020 /home/travis/build/icyphy/ptII/ptolemy/actor/lib/test/auto/Expression18.xml
----------------- Instantiating /home/travis/build/icyphy/ptII/ptolemy/actor/lib/test/auto/Expression18.xml
1 ms. Memory: 466944K Free: 176528K (38%)
----------------- Invoking toplevel() on ptolemy.moml.MoMLSimpleApplication@43a7f5c3
----------------- Done invoking toplevel() on ptolemy.moml.MoMLSimpleApplication@43a7f5c3
reloadAllAccessors: .Expression18

===========================================================================================
----------------- testing Fri Apr 24 14:11:31 UTC 2020 /home/travis/build/icyphy/ptII/ptolemy/actor/lib/test/auto/Expression2.xml
----------------- Instantiating /home/travis/build/icyphy/ptII/ptolemy/actor/lib/test/auto/Expression2.xml
3 ms. Memory: 466944K Free: 170912K (37%)
----------------- Invoking toplevel() on ptolemy.moml.MoMLSimpleApplication@23e1fac7
----------------- Done invoking toplevel() on ptolemy.moml.MoMLSimpleApplication@23e1fac7
reloadAllAccessors: .Expression2

===========================================================================================
----------------- testing Fri Apr 24 14:11:31 UTC 2020 /home/travis/build/icyphy/ptII/ptolemy/actor/lib/test/auto/Expression3.xml
----------------- Instantiating /home/travis/build/icyphy/ptII/ptolemy/actor/lib/test/auto/Expression3.xml
5 ms. Memory: 466944K Free: 166302K (36%)
----------------- Invoking toplevel() on ptolemy.moml.MoMLSimpleApplication@3f59b35
----------------- Done invoking toplevel() on ptolemy.moml.MoMLSimpleApplication@3f59b35
reloadAllAccessors: .Expression3

===========================================================================================
----------------- testing Fri Apr 24 14:11:31 UTC 2020 /home/travis/build/icyphy/ptII/ptolemy/actor/lib/test/auto/Expression4.xml
----------------- Instantiating /home/travis/build/icyphy/ptII/ptolemy/actor/lib/test/auto/Expression4.xml
5 ms. Memory: 466944K Free: 158624K (34%)
----------------- Invoking toplevel() on ptolemy.moml.MoMLSimpleApplication@37ecc07d
----------------- Done invoking toplevel() on ptolemy.moml.MoMLSimpleApplication@37ecc07d
reloadAllAccessors: .Expression4

===========================================================================================
----------------- testing Fri Apr 24 14:11:31 UTC 2020 /home/travis/build/icyphy/ptII/ptolemy/actor/lib/test/auto/Expression5.xml
----------------- Instantiating /home/travis/build/icyphy/ptII/ptolemy/actor/lib/test/auto/Expression5.xml
4 ms. Memory: 466944K Free: 154014K (33%)
----------------- Invoking toplevel() on ptolemy.moml.MoMLSimpleApplication@5ae539ab
----------------- Done invoking toplevel() on ptolemy.moml.MoMLSimpleApplication@5ae539ab
reloadAllAccessors: .Expression5

===========================================================================================
----------------- testing Fri Apr 24 14:11:31 UTC 2020 /home/travis/build/icyphy/ptII/ptolemy/actor/lib/test/auto/Expression6.xml
----------------- Instantiating /home/travis/build/icyphy/ptII/ptolemy/actor/lib/test/auto/Expression6.xml
2 ms. Memory: 466944K Free: 149408K (32%)
----------------- Invoking toplevel() on ptolemy.moml.MoMLSimpleApplication@6fcb2515
----------------- Done invoking toplevel() on ptolemy.moml.MoMLSimpleApplication@6fcb2515
reloadAllAccessors: .Expression6

===========================================================================================
----------------- testing Fri Apr 24 14:11:31 UTC 2020 /home/travis/build/icyphy/ptII/ptolemy/actor/lib/test/auto/Expression7.xml
----------------- Instantiating /home/travis/build/icyphy/ptII/ptolemy/actor/lib/test/auto/Expression7.xml
2 ms. Memory: 466944K Free: 144288K (31%)
----------------- Invoking toplevel() on ptolemy.moml.MoMLSimpleApplication@1c5f44ea
----------------- Done invoking toplevel() on ptolemy.moml.MoMLSimpleApplication@1c5f44ea
reloadAllAccessors: .Expression7

===========================================================================================
----------------- testing Fri Apr 24 14:11:31 UTC 2020 /home/travis/build/icyphy/ptII/ptolemy/actor/lib/test/auto/Expression8.xml
----------------- Instantiating /home/travis/build/icyphy/ptII/ptolemy/actor/lib/test/auto/Expression8.xml
8 ms. Memory: 466944K Free: 415999K (89%)
----------------- Invoking toplevel() on ptolemy.moml.MoMLSimpleApplication@21959f86
----------------- Done invoking toplevel() on ptolemy.moml.MoMLSimpleApplication@21959f86
reloadAllAccessors: .Expression8

===========================================================================================
----------------- testing Fri Apr 24 14:11:31 UTC 2020 /home/travis/build/icyphy/ptII/ptolemy/actor/lib/test/auto/Expression9.xml
----------------- Instantiating /home/travis/build/icyphy/ptII/ptolemy/actor/lib/test/auto/Expression9.xml
1 ms. Memory: 466944K Free: 411903K (88%)
----------------- Invoking toplevel() on ptolemy.moml.MoMLSimpleApplication@77adb95b
----------------- Done invoking toplevel() on ptolemy.moml.MoMLSimpleApplication@77adb95b
reloadAllAccessors: .Expression9

===========================================================================================
----------------- testing Fri Apr 24 14:11:31 UTC 2020 /home/travis/build/icyphy/ptII/ptolemy/actor/lib/test/auto/ExpressionConcatenateArrayType.xml
----------------- Instantiating /home/travis/build/icyphy/ptII/ptolemy/actor/lib/test/auto/ExpressionConcatenateArrayType.xml
3 ms. Memory: 466944K Free: 405249K (87%)
----------------- Invoking toplevel() on ptolemy.moml.MoMLSimpleApplication@59110912
----------------- Done invoking toplevel() on ptolemy.moml.MoMLSimpleApplication@59110912
reloadAllAccessors: .ExpressionConcatenateArrayType

===========================================================================================
----------------- testing Fri Apr 24 14:11:31 UTC 2020 /home/travis/build/icyphy/ptII/ptolemy/actor/lib/test/auto/ExpressionConcatenateArrayType2.xml
----------------- Instantiating /home/travis/build/icyphy/ptII/ptolemy/actor/lib/test/auto/ExpressionConcatenateArrayType2.xml
2 ms. Memory: 466944K Free: 400129K (86%)
----------------- Invoking toplevel() on ptolemy.moml.MoMLSimpleApplication@a275ca9
----------------- Done invoking toplevel() on ptolemy.moml.MoMLSimpleApplication@a275ca9
reloadAllAccessors: .ExpressionConcatenateArrayType2

===========================================================================================
----------------- testing Fri Apr 24 14:11:31 UTC 2020 /home/travis/build/icyphy/ptII/ptolemy/actor/lib/test/auto/ExpressionFix.xml
----------------- Instantiating /home/travis/build/icyphy/ptII/ptolemy/actor/lib/test/auto/ExpressionFix.xml
15 ms. Memory: 466944K Free: 393468K (84%)
----------------- Invoking toplevel() on ptolemy.moml.MoMLSimpleApplication@75f30e34
----------------- Done invoking toplevel() on ptolemy.moml.MoMLSimpleApplication@75f30e34
reloadAllAccessors: .ExpressionFix

===========================================================================================
----------------- testing Fri Apr 24 14:11:31 UTC 2020 /home/travis/build/icyphy/ptII/ptolemy/actor/lib/test/auto/ExpressionFix2.xml
----------------- Instantiating /home/travis/build/icyphy/ptII/ptolemy/actor/lib/test/auto/ExpressionFix2.xml
2 ms. Memory: 466944K Free: 389375K (83%)
----------------- Invoking toplevel() on ptolemy.moml.MoMLSimpleApplication@2db8d95f
----------------- Done invoking toplevel() on ptolemy.moml.MoMLSimpleApplication@2db8d95f
reloadAllAccessors: .ExpressionFix2

===========================================================================================
----------------- testing Fri Apr 24 14:11:31 UTC 2020 /home/travis/build/icyphy/ptII/ptolemy/actor/lib/test/auto/ExpressionFix3.xml
----------------- Instantiating /home/travis/build/icyphy/ptII/ptolemy/actor/lib/test/auto/ExpressionFix3.xml
2 ms. Memory: 466944K Free: 385279K (83%)
----------------- Invoking toplevel() on ptolemy.moml.MoMLSimpleApplication@262effc0
----------------- Done invoking toplevel() on ptolemy.moml.MoMLSimpleApplication@262effc0
reloadAllAccessors: .ExpressionFix3

===========================================================================================
----------------- testing Fri Apr 24 14:11:31 UTC 2020 /home/travis/build/icyphy/ptII/ptolemy/actor/lib/test/auto/FileWriter1.xml
----------------- Instantiating /home/travis/build/icyphy/ptII/ptolemy/actor/lib/test/auto/FileWriter1.xml
1 ms. Memory: 466944K Free: 381183K (82%)
----------------- Invoking toplevel() on ptolemy.moml.MoMLSimpleApplication@397211a2
----------------- Done invoking toplevel() on ptolemy.moml.MoMLSimpleApplication@397211a2
reloadAllAccessors: .FileWriter1

===========================================================================================
----------------- testing Fri Apr 24 14:11:31 UTC 2020 /home/travis/build/icyphy/ptII/ptolemy/actor/lib/test/auto/FileWriter2.xml
----------------- Instantiating /home/travis/build/icyphy/ptII/ptolemy/actor/lib/test/auto/FileWriter2.xml
2 ms. Memory: 466944K Free: 376577K (81%)
----------------- Invoking toplevel() on ptolemy.moml.MoMLSimpleApplication@bfc76bf
----------------- Done invoking toplevel() on ptolemy.moml.MoMLSimpleApplication@bfc76bf
reloadAllAccessors: .FileWriter2

===========================================================================================
----------------- testing Fri Apr 24 14:11:31 UTC 2020 /home/travis/build/icyphy/ptII/ptolemy/actor/lib/test/auto/FileWriter3.xml
----------------- Instantiating /home/travis/build/icyphy/ptII/ptolemy/actor/lib/test/auto/FileWriter3.xml
1 ms. Memory: 466944K Free: 372991K (80%)
----------------- Invoking toplevel() on ptolemy.moml.MoMLSimpleApplication@28cdbc6f
----------------- Done invoking toplevel() on ptolemy.moml.MoMLSimpleApplication@28cdbc6f
reloadAllAccessors: .FileWriter3

===========================================================================================
----------------- testing Fri Apr 24 14:11:31 UTC 2020 /home/travis/build/icyphy/ptII/ptolemy/actor/lib/test/auto/Gaussian.xml
----------------- Instantiating /home/travis/build/icyphy/ptII/ptolemy/actor/lib/test/auto/Gaussian.xml
1 ms. Memory: 466944K Free: 368385K (79%)
----------------- Invoking toplevel() on ptolemy.moml.MoMLSimpleApplication@4b645600
----------------- Done invoking toplevel() on ptolemy.moml.MoMLSimpleApplication@4b645600
reloadAllAccessors: .Gaussian

===========================================================================================
----------------- testing Fri Apr 24 14:11:31 UTC 2020 /home/travis/build/icyphy/ptII/ptolemy/actor/lib/test/auto/Gaussian1.xml
----------------- Instantiating /home/travis/build/icyphy/ptII/ptolemy/actor/lib/test/auto/Gaussian1.xml
1 ms. Memory: 466944K Free: 363265K (78%)
----------------- Invoking toplevel() on ptolemy.moml.MoMLSimpleApplication@7ebf33e3
----------------- Done invoking toplevel() on ptolemy.moml.MoMLSimpleApplication@7ebf33e3
reloadAllAccessors: .Gaussian1

===========================================================================================
----------------- testing Fri Apr 24 14:11:31 UTC 2020 /home/travis/build/icyphy/ptII/ptolemy/actor/lib/test/auto/Gaussian2.xml
----------------- Instantiating /home/travis/build/icyphy/ptII/ptolemy/actor/lib/test/auto/Gaussian2.xml
2 ms. Memory: 466944K Free: 357617K (77%)
----------------- Invoking toplevel() on ptolemy.moml.MoMLSimpleApplication@680309ad
----------------- Done invoking toplevel() on ptolemy.moml.MoMLSimpleApplication@680309ad
reloadAllAccessors: .Gaussian2

===========================================================================================
----------------- testing Fri Apr 24 14:11:31 UTC 2020 /home/travis/build/icyphy/ptII/ptolemy/actor/lib/test/auto/GradientAdaptiveLattice.xml
----------------- Instantiating /home/travis/build/icyphy/ptII/ptolemy/actor/lib/test/auto/GradientAdaptiveLattice.xml
3 ms. Memory: 466944K Free: 352511K (75%)
----------------- Invoking toplevel() on ptolemy.moml.MoMLSimpleApplication@64477d7b
----------------- Done invoking toplevel() on ptolemy.moml.MoMLSimpleApplication@64477d7b
reloadAllAccessors: .GradientAdaptiveLattice

===========================================================================================
----------------- testing Fri Apr 24 14:11:31 UTC 2020 /home/travis/build/icyphy/ptII/ptolemy/actor/lib/test/auto/IIR.xml
----------------- Instantiating /home/travis/build/icyphy/ptII/ptolemy/actor/lib/test/auto/IIR.xml
1 ms. Memory: 466944K Free: 348415K (75%)
----------------- Invoking toplevel() on ptolemy.moml.MoMLSimpleApplication@74769204
----------------- Done invoking toplevel() on ptolemy.moml.MoMLSimpleApplication@74769204
reloadAllAccessors: .IIR

===========================================================================================
----------------- testing Fri Apr 24 14:11:31 UTC 2020 /home/travis/build/icyphy/ptII/ptolemy/actor/lib/test/auto/InputOutputTransparentPorts.xml
----------------- Instantiating /home/travis/build/icyphy/ptII/ptolemy/actor/lib/test/auto/InputOutputTransparentPorts.xml
1 ms. Memory: 466944K Free: 341247K (73%)
----------------- Invoking toplevel() on ptolemy.moml.MoMLSimpleApplication@5975a0cb
----------------- Done invoking toplevel() on ptolemy.moml.MoMLSimpleApplication@5975a0cb
reloadAllAccessors: .InputOutputTransparentPorts

===========================================================================================
----------------- testing Fri Apr 24 14:11:31 UTC 2020 /home/travis/build/icyphy/ptII/ptolemy/actor/lib/test/auto/Interpolator.xml
----------------- Instantiating /home/travis/build/icyphy/ptII/ptolemy/actor/lib/test/auto/Interpolator.xml
3 ms. Memory: 466944K Free: 336639K (72%)
----------------- Invoking toplevel() on ptolemy.moml.MoMLSimpleApplication@4ed77128
----------------- Done invoking toplevel() on ptolemy.moml.MoMLSimpleApplication@4ed77128
reloadAllAccessors: .Interpolator

===========================================================================================
----------------- testing Fri Apr 24 14:11:31 UTC 2020 /home/travis/build/icyphy/ptII/ptolemy/actor/lib/test/auto/InterpolatorFiringLimitDE.xml
----------------- Instantiating /home/travis/build/icyphy/ptII/ptolemy/actor/lib/test/auto/InterpolatorFiringLimitDE.xml
1 ms. Memory: 466944K Free: 330497K (71%)
----------------- Invoking toplevel() on ptolemy.moml.MoMLSimpleApplication@677e6719
----------------- Done invoking toplevel() on ptolemy.moml.MoMLSimpleApplication@677e6719
reloadAllAccessors: .InterpolatorFiringLimitDE

===========================================================================================
----------------- testing Fri Apr 24 14:11:31 UTC 2020 /home/travis/build/icyphy/ptII/ptolemy/actor/lib/test/auto/Lattice.xml
----------------- Instantiating /home/travis/build/icyphy/ptII/ptolemy/actor/lib/test/auto/Lattice.xml
2 ms. Memory: 466944K Free: 326401K (70%)
----------------- Invoking toplevel() on ptolemy.moml.MoMLSimpleApplication@5e7ec9e0
----------------- Done invoking toplevel() on ptolemy.moml.MoMLSimpleApplication@5e7ec9e0
reloadAllAccessors: .Lattice

===========================================================================================
----------------- testing Fri Apr 24 14:11:31 UTC 2020 /home/travis/build/icyphy/ptII/ptolemy/actor/lib/test/auto/LazyAOCTestLazy.xml
----------------- Instantiating /home/travis/build/icyphy/ptII/ptolemy/actor/lib/test/auto/LazyAOCTestLazy.xml
7 ms. Memory: 466944K Free: 320257K (69%)
----------------- Invoking toplevel() on ptolemy.moml.MoMLSimpleApplication@72628131
----------------- Done invoking toplevel() on ptolemy.moml.MoMLSimpleApplication@72628131
reloadAllAccessors: .LazyAOCTestLazy

===========================================================================================
----------------- testing Fri Apr 24 14:11:31 UTC 2020 /home/travis/build/icyphy/ptII/ptolemy/actor/lib/test/auto/LazyAOCTestNonLazy.xml
----------------- Instantiating /home/travis/build/icyphy/ptII/ptolemy/actor/lib/test/auto/LazyAOCTestNonLazy.xml
2 ms. Memory: 466944K Free: 314623K (67%)
----------------- Invoking toplevel() on ptolemy.moml.MoMLSimpleApplication@8f11fdc
----------------- Done invoking toplevel() on ptolemy.moml.MoMLSimpleApplication@8f11fdc
reloadAllAccessors: .LazyAOCTestNonLazy

===========================================================================================
----------------- testing Fri Apr 24 14:11:31 UTC 2020 /home/travis/build/icyphy/ptII/ptolemy/actor/lib/test/auto/LazyInnerClass.xml
----------------- Instantiating /home/travis/build/icyphy/ptII/ptolemy/actor/lib/test/auto/LazyInnerClass.xml
10 ms. Memory: 466944K Free: 305921K (66%)
----------------- Invoking toplevel() on ptolemy.moml.MoMLSimpleApplication@30301c6
----------------- Done invoking toplevel() on ptolemy.moml.MoMLSimpleApplication@30301c6
reloadAllAccessors: .LazyInnerClass

===========================================================================================
----------------- testing Fri Apr 24 14:11:31 UTC 2020 /home/travis/build/icyphy/ptII/ptolemy/actor/lib/test/auto/LazyPubSub.xml
----------------- Instantiating /home/travis/build/icyphy/ptII/ptolemy/actor/lib/test/auto/LazyPubSub.xml
20 ms. Memory: 466944K Free: 295681K (63%)
----------------- Invoking toplevel() on ptolemy.moml.MoMLSimpleApplication@1cd31e07
----------------- Done invoking toplevel() on ptolemy.moml.MoMLSimpleApplication@1cd31e07
reloadAllAccessors: .LazyPubSub

===========================================================================================
----------------- testing Fri Apr 24 14:11:32 UTC 2020 /home/travis/build/icyphy/ptII/ptolemy/actor/lib/test/auto/LazyPubSub2.xml
----------------- Instantiating /home/travis/build/icyphy/ptII/ptolemy/actor/lib/test/auto/LazyPubSub2.xml
13 ms. Memory: 466944K Free: 286465K (61%)
----------------- Invoking toplevel() on ptolemy.moml.MoMLSimpleApplication@41dd6d02
----------------- Done invoking toplevel() on ptolemy.moml.MoMLSimpleApplication@41dd6d02
reloadAllAccessors: .LazyPubSub2

===========================================================================================
----------------- testing Fri Apr 24 14:11:32 UTC 2020 /home/travis/build/icyphy/ptII/ptolemy/actor/lib/test/auto/LazyPubSub3.xml
----------------- Instantiating /home/travis/build/icyphy/ptII/ptolemy/actor/lib/test/auto/LazyPubSub3.xml
18 ms. Memory: 466944K Free: 276225K (59%)
----------------- Invoking toplevel() on ptolemy.moml.MoMLSimpleApplication@44cc4aac
----------------- Done invoking toplevel() on ptolemy.moml.MoMLSimpleApplication@44cc4aac
reloadAllAccessors: .LazyPubSub3

===========================================================================================
----------------- testing Fri Apr 24 14:11:32 UTC 2020 /home/travis/build/icyphy/ptII/ptolemy/actor/lib/test/auto/LazySubClassModel.xml
----------------- Instantiating /home/travis/build/icyphy/ptII/ptolemy/actor/lib/test/auto/LazySubClassModel.xml
2 ms. Memory: 466944K Free: 267009K (57%)
----------------- Invoking toplevel() on ptolemy.moml.MoMLSimpleApplication@18554bf3
----------------- Done invoking toplevel() on ptolemy.moml.MoMLSimpleApplication@18554bf3
reloadAllAccessors: .LazySubClassModel

===========================================================================================
----------------- testing Fri Apr 24 14:11:32 UTC 2020 /home/travis/build/icyphy/ptII/ptolemy/actor/lib/test/auto/LevelCrossTest1.xml
----------------- Instantiating /home/travis/build/icyphy/ptII/ptolemy/actor/lib/test/auto/LevelCrossTest1.xml
1 ms. Memory: 466944K Free: 261375K (56%)
----------------- Invoking toplevel() on ptolemy.moml.MoMLSimpleApplication@791cfc32
----------------- Done invoking toplevel() on ptolemy.moml.MoMLSimpleApplication@791cfc32
reloadAllAccessors: .broken

===========================================================================================
----------------- testing Fri Apr 24 14:11:32 UTC 2020 /home/travis/build/icyphy/ptII/ptolemy/actor/lib/test/auto/LevelCrossTest10.xml
----------------- Instantiating /home/travis/build/icyphy/ptII/ptolemy/actor/lib/test/auto/LevelCrossTest10.xml
2 ms. Memory: 466944K Free: 254207K (54%)
----------------- Invoking toplevel() on ptolemy.moml.MoMLSimpleApplication@4086e504
----------------- Done invoking toplevel() on ptolemy.moml.MoMLSimpleApplication@4086e504
reloadAllAccessors: .LevelCrossTest10

===========================================================================================
----------------- testing Fri Apr 24 14:11:32 UTC 2020 /home/travis/build/icyphy/ptII/ptolemy/actor/lib/test/auto/LevelCrossTest11.xml
----------------- Instantiating /home/travis/build/icyphy/ptII/ptolemy/actor/lib/test/auto/LevelCrossTest11.xml
1 ms. Memory: 466944K Free: 247553K (53%)
----------------- Invoking toplevel() on ptolemy.moml.MoMLSimpleApplication@6adc5cf8
----------------- Done invoking toplevel() on ptolemy.moml.MoMLSimpleApplication@6adc5cf8
reloadAllAccessors: .LevelCrossTest11

===========================================================================================
----------------- testing Fri Apr 24 14:11:32 UTC 2020 /home/travis/build/icyphy/ptII/ptolemy/actor/lib/test/auto/LevelCrossTest12.xml
----------------- Instantiating /home/travis/build/icyphy/ptII/ptolemy/actor/lib/test/auto/LevelCrossTest12.xml
1 ms. Memory: 466944K Free: 240385K (51%)
----------------- Invoking toplevel() on ptolemy.moml.MoMLSimpleApplication@868ec61
----------------- Done invoking toplevel() on ptolemy.moml.MoMLSimpleApplication@868ec61
reloadAllAccessors: .LevelCrossTest12

===========================================================================================
----------------- testing Fri Apr 24 14:11:32 UTC 2020 /home/travis/build/icyphy/ptII/ptolemy/actor/lib/test/auto/LevelCrossTest13.xml
----------------- Instantiating /home/travis/build/icyphy/ptII/ptolemy/actor/lib/test/auto/LevelCrossTest13.xml
1 ms. Memory: 466944K Free: 233217K (50%)
----------------- Invoking toplevel() on ptolemy.moml.MoMLSimpleApplication@23f77441
----------------- Done invoking toplevel() on ptolemy.moml.MoMLSimpleApplication@23f77441
reloadAllAccessors: .LevelCrossTest13

===========================================================================================
----------------- testing Fri Apr 24 14:11:32 UTC 2020 /home/travis/build/icyphy/ptII/ptolemy/actor/lib/test/auto/LevelCrossTest2.xml
----------------- Instantiating /home/travis/build/icyphy/ptII/ptolemy/actor/lib/test/auto/LevelCrossTest2.xml
1 ms. Memory: 466944K Free: 227583K (49%)
----------------- Invoking toplevel() on ptolemy.moml.MoMLSimpleApplication@5afd6103
----------------- Done invoking toplevel() on ptolemy.moml.MoMLSimpleApplication@5afd6103
reloadAllAccessors: .broken

===========================================================================================
----------------- testing Fri Apr 24 14:11:32 UTC 2020 /home/travis/build/icyphy/ptII/ptolemy/actor/lib/test/auto/LevelCrossTest3.xml
----------------- Instantiating /home/travis/build/icyphy/ptII/ptolemy/actor/lib/test/auto/LevelCrossTest3.xml
2 ms. Memory: 466944K Free: 221439K (47%)
----------------- Invoking toplevel() on ptolemy.moml.MoMLSimpleApplication@719a4965
----------------- Done invoking toplevel() on ptolemy.moml.MoMLSimpleApplication@719a4965
reloadAllAccessors: .LevelCrossTest3

===========================================================================================
----------------- testing Fri Apr 24 14:11:32 UTC 2020 /home/travis/build/icyphy/ptII/ptolemy/actor/lib/test/auto/LevelCrossTest4.xml
----------------- Instantiating /home/travis/build/icyphy/ptII/ptolemy/actor/lib/test/auto/LevelCrossTest4.xml
2 ms. Memory: 466944K Free: 216319K (46%)
----------------- Invoking toplevel() on ptolemy.moml.MoMLSimpleApplication@734793f
----------------- Done invoking toplevel() on ptolemy.moml.MoMLSimpleApplication@734793f
reloadAllAccessors: .broken

===========================================================================================
----------------- testing Fri Apr 24 14:11:32 UTC 2020 /home/travis/build/icyphy/ptII/ptolemy/actor/lib/test/auto/LevelCrossTest5.xml
----------------- Instantiating /home/travis/build/icyphy/ptII/ptolemy/actor/lib/test/auto/LevelCrossTest5.xml
1 ms. Memory: 466944K Free: 209665K (45%)
----------------- Invoking toplevel() on ptolemy.moml.MoMLSimpleApplication@2df43703
----------------- Done invoking toplevel() on ptolemy.moml.MoMLSimpleApplication@2df43703
reloadAllAccessors: .LevelCrossTest5

===========================================================================================
----------------- testing Fri Apr 24 14:11:32 UTC 2020 /home/travis/build/icyphy/ptII/ptolemy/actor/lib/test/auto/LevelCrossTest6.xml
----------------- Instantiating /home/travis/build/icyphy/ptII/ptolemy/actor/lib/test/auto/LevelCrossTest6.xml
1 ms. Memory: 466944K Free: 203007K (43%)
----------------- Invoking toplevel() on ptolemy.moml.MoMLSimpleApplication@2f48a69b
----------------- Done invoking toplevel() on ptolemy.moml.MoMLSimpleApplication@2f48a69b
reloadAllAccessors: .LevelCrossTest6

===========================================================================================
----------------- testing Fri Apr 24 14:11:32 UTC 2020 /home/travis/build/icyphy/ptII/ptolemy/actor/lib/test/auto/LevelCrossTest7.xml
----------------- Instantiating /home/travis/build/icyphy/ptII/ptolemy/actor/lib/test/auto/LevelCrossTest7.xml
1 ms. Memory: 466944K Free: 195329K (42%)
----------------- Invoking toplevel() on ptolemy.moml.MoMLSimpleApplication@480c8652
----------------- Done invoking toplevel() on ptolemy.moml.MoMLSimpleApplication@480c8652
reloadAllAccessors: .LevelCrossTest7

===========================================================================================
----------------- testing Fri Apr 24 14:11:32 UTC 2020 /home/travis/build/icyphy/ptII/ptolemy/actor/lib/test/auto/LevelCrossTest8.xml
----------------- Instantiating /home/travis/build/icyphy/ptII/ptolemy/actor/lib/test/auto/LevelCrossTest8.xml
1 ms. Memory: 466944K Free: 189185K (41%)
----------------- Invoking toplevel() on ptolemy.moml.MoMLSimpleApplication@19d7fde9
----------------- Done invoking toplevel() on ptolemy.moml.MoMLSimpleApplication@19d7fde9
reloadAllAccessors: .LevelCrossTest8

===========================================================================================
----------------- testing Fri Apr 24 14:11:32 UTC 2020 /home/travis/build/icyphy/ptII/ptolemy/actor/lib/test/auto/LevelCrossTest9.xml
----------------- Instantiating /home/travis/build/icyphy/ptII/ptolemy/actor/lib/test/auto/LevelCrossTest9.xml
1 ms. Memory: 466944K Free: 182527K (39%)
----------------- Invoking toplevel() on ptolemy.moml.MoMLSimpleApplication@3a401da1
----------------- Done invoking toplevel() on ptolemy.moml.MoMLSimpleApplication@3a401da1
reloadAllAccessors: .LevelCrossTest9

===========================================================================================
----------------- testing Fri Apr 24 14:11:32 UTC 2020 /home/travis/build/icyphy/ptII/ptolemy/actor/lib/test/auto/LevinsonDurbin.xml
----------------- Instantiating /home/travis/build/icyphy/ptII/ptolemy/actor/lib/test/auto/LevinsonDurbin.xml
1 ms. Memory: 466944K Free: 178431K (38%)
----------------- Invoking toplevel() on ptolemy.moml.MoMLSimpleApplication@79a9e392
----------------- Done invoking toplevel() on ptolemy.moml.MoMLSimpleApplication@79a9e392
reloadAllAccessors: .LevinsonDurbin

===========================================================================================
----------------- testing Fri Apr 24 14:11:32 UTC 2020 /home/travis/build/icyphy/ptII/ptolemy/actor/lib/test/auto/LevinsonDurbin2.xml
----------------- Instantiating /home/travis/build/icyphy/ptII/ptolemy/actor/lib/test/auto/LevinsonDurbin2.xml
1 ms. Memory: 466944K Free: 174849K (37%)
----------------- Invoking toplevel() on ptolemy.moml.MoMLSimpleApplication@1c5465bc
----------------- Done invoking toplevel() on ptolemy.moml.MoMLSimpleApplication@1c5465bc
reloadAllAccessors: .LevinsonDurbin2

===========================================================================================
----------------- testing Fri Apr 24 14:11:32 UTC 2020 /home/travis/build/icyphy/ptII/ptolemy/actor/lib/test/auto/LevinsonDurbin3.xml
----------------- Instantiating /home/travis/build/icyphy/ptII/ptolemy/actor/lib/test/auto/LevinsonDurbin3.xml
1 ms. Memory: 466944K Free: 170753K (37%)
----------------- Invoking toplevel() on ptolemy.moml.MoMLSimpleApplication@79532bdb
----------------- Done invoking toplevel() on ptolemy.moml.MoMLSimpleApplication@79532bdb
reloadAllAccessors: .LevinsonDurbin3

===========================================================================================
----------------- testing Fri Apr 24 14:11:32 UTC 2020 /home/travis/build/icyphy/ptII/ptolemy/actor/lib/test/auto/Limiter.xml
----------------- Instantiating /home/travis/build/icyphy/ptII/ptolemy/actor/lib/test/auto/Limiter.xml
6 ms. Memory: 466944K Free: 161537K (35%)
----------------- Invoking toplevel() on ptolemy.moml.MoMLSimpleApplication@57866711
----------------- Done invoking toplevel() on ptolemy.moml.MoMLSimpleApplication@57866711
reloadAllAccessors: .Limiter

===========================================================================================
----------------- testing Fri Apr 24 14:11:32 UTC 2020 /home/travis/build/icyphy/ptII/ptolemy/actor/lib/test/auto/LinearDifferenceEquationSystem.xml
----------------- Instantiating /home/travis/build/icyphy/ptII/ptolemy/actor/lib/test/auto/LinearDifferenceEquationSystem.xml
3 ms. Memory: 466944K Free: 154369K (33%)
----------------- Invoking toplevel() on ptolemy.moml.MoMLSimpleApplication@627b4d75
----------------- Done invoking toplevel() on ptolemy.moml.MoMLSimpleApplication@627b4d75
reloadAllAccessors: .LinearDifferenceEquationSystem

===========================================================================================
----------------- testing Fri Apr 24 14:11:32 UTC 2020 /home/travis/build/icyphy/ptII/ptolemy/actor/lib/test/auto/LookupTable.xml
----------------- Instantiating /home/travis/build/icyphy/ptII/ptolemy/actor/lib/test/auto/LookupTable.xml
1 ms. Memory: 466944K Free: 150273K (32%)
----------------- Invoking toplevel() on ptolemy.moml.MoMLSimpleApplication@79e171cb
----------------- Done invoking toplevel() on ptolemy.moml.MoMLSimpleApplication@79e171cb
reloadAllAccessors: .LookupTable

===========================================================================================
----------------- testing Fri Apr 24 14:11:32 UTC 2020 /home/travis/build/icyphy/ptII/ptolemy/actor/lib/test/auto/MathFunction.xml
----------------- Instantiating /home/travis/build/icyphy/ptII/ptolemy/actor/lib/test/auto/MathFunction.xml
2 ms. Memory: 466944K Free: 142081K (30%)
----------------- Invoking toplevel() on ptolemy.moml.MoMLSimpleApplication@1c8ef838
----------------- Done invoking toplevel() on ptolemy.moml.MoMLSimpleApplication@1c8ef838
reloadAllAccessors: .MathFunction

===========================================================================================
----------------- testing Fri Apr 24 14:11:32 UTC 2020 /home/travis/build/icyphy/ptII/ptolemy/actor/lib/test/auto/MathFunction2.xml
----------------- Instantiating /home/travis/build/icyphy/ptII/ptolemy/actor/lib/test/auto/MathFunction2.xml
1 ms. Memory: 466944K Free: 414648K (89%)
----------------- Invoking toplevel() on ptolemy.moml.MoMLSimpleApplication@435038f5
----------------- Done invoking toplevel() on ptolemy.moml.MoMLSimpleApplication@435038f5
reloadAllAccessors: .MathFunction2

===========================================================================================
----------------- testing Fri Apr 24 14:11:32 UTC 2020 /home/travis/build/icyphy/ptII/ptolemy/actor/lib/test/auto/MathFunction3.xml
----------------- Instantiating /home/travis/build/icyphy/ptII/ptolemy/actor/lib/test/auto/MathFunction3.xml
2 ms. Memory: 466944K Free: 407480K (87%)
----------------- Invoking toplevel() on ptolemy.moml.MoMLSimpleApplication@58e2534
----------------- Done invoking toplevel() on ptolemy.moml.MoMLSimpleApplication@58e2534
reloadAllAccessors: .MathFunction3

===========================================================================================
----------------- testing Fri Apr 24 14:11:32 UTC 2020 /home/travis/build/icyphy/ptII/ptolemy/actor/lib/test/auto/MatrixCropBoolean.xml
----------------- Instantiating /home/travis/build/icyphy/ptII/ptolemy/actor/lib/test/auto/MatrixCropBoolean.xml
2 ms. Memory: 466944K Free: 402840K (86%)
----------------- Invoking toplevel() on ptolemy.moml.MoMLSimpleApplication@6600a5e6
----------------- Done invoking toplevel() on ptolemy.moml.MoMLSimpleApplication@6600a5e6
reloadAllAccessors: .MatrixCropBoolean

===========================================================================================
----------------- testing Fri Apr 24 14:11:32 UTC 2020 /home/travis/build/icyphy/ptII/ptolemy/actor/lib/test/auto/MatrixCropComplex.xml
----------------- Instantiating /home/travis/build/icyphy/ptII/ptolemy/actor/lib/test/auto/MatrixCropComplex.xml
2 ms. Memory: 466944K Free: 397744K (85%)
----------------- Invoking toplevel() on ptolemy.moml.MoMLSimpleApplication@5e68132e
----------------- Done invoking toplevel() on ptolemy.moml.MoMLSimpleApplication@5e68132e
reloadAllAccessors: .MatrixCropComplex

===========================================================================================
----------------- testing Fri Apr 24 14:11:32 UTC 2020 /home/travis/build/icyphy/ptII/ptolemy/actor/lib/test/auto/MatrixCropDouble.xml
----------------- Instantiating /home/travis/build/icyphy/ptII/ptolemy/actor/lib/test/auto/MatrixCropDouble.xml
2 ms. Memory: 466944K Free: 392600K (84%)
----------------- Invoking toplevel() on ptolemy.moml.MoMLSimpleApplication@34ac0a5
----------------- Done invoking toplevel() on ptolemy.moml.MoMLSimpleApplication@34ac0a5
reloadAllAccessors: .MatrixCropDouble

===========================================================================================
----------------- testing Fri Apr 24 14:11:32 UTC 2020 /home/travis/build/icyphy/ptII/ptolemy/actor/lib/test/auto/MatrixCropFix.xml
----------------- Instantiating /home/travis/build/icyphy/ptII/ptolemy/actor/lib/test/auto/MatrixCropFix.xml
2 ms. Memory: 466944K Free: 387496K (83%)
----------------- Invoking toplevel() on ptolemy.moml.MoMLSimpleApplication@5181fe61
----------------- Done invoking toplevel() on ptolemy.moml.MoMLSimpleApplication@5181fe61
reloadAllAccessors: .MatrixCropFix

===========================================================================================
----------------- testing Fri Apr 24 14:11:32 UTC 2020 /home/travis/build/icyphy/ptII/ptolemy/actor/lib/test/auto/MatrixCropInt.xml
----------------- Instantiating /home/travis/build/icyphy/ptII/ptolemy/actor/lib/test/auto/MatrixCropInt.xml
2 ms. Memory: 466944K Free: 382360K (82%)
----------------- Invoking toplevel() on ptolemy.moml.MoMLSimpleApplication@1cd27b16
----------------- Done invoking toplevel() on ptolemy.moml.MoMLSimpleApplication@1cd27b16
reloadAllAccessors: .MatrixCropInt

===========================================================================================
----------------- testing Fri Apr 24 14:11:32 UTC 2020 /home/travis/build/icyphy/ptII/ptolemy/actor/lib/test/auto/MatrixCropLong.xml
----------------- Instantiating /home/travis/build/icyphy/ptII/ptolemy/actor/lib/test/auto/MatrixCropLong.xml
1 ms. Memory: 466944K Free: 377784K (81%)
----------------- Invoking toplevel() on ptolemy.moml.MoMLSimpleApplication@7262dc00
----------------- Done invoking toplevel() on ptolemy.moml.MoMLSimpleApplication@7262dc00
reloadAllAccessors: .MatrixCropLong

===========================================================================================
----------------- testing Fri Apr 24 14:11:32 UTC 2020 /home/travis/build/icyphy/ptII/ptolemy/actor/lib/test/auto/MatrixToArray.xml
----------------- Instantiating /home/travis/build/icyphy/ptII/ptolemy/actor/lib/test/auto/MatrixToArray.xml
5 ms. Memory: 466944K Free: 362934K (78%)
----------------- Invoking toplevel() on ptolemy.moml.MoMLSimpleApplication@5fbbf6eb
----------------- Done invoking toplevel() on ptolemy.moml.MoMLSimpleApplication@5fbbf6eb
reloadAllAccessors: .MatrixToArray

===========================================================================================
----------------- testing Fri Apr 24 14:11:32 UTC 2020 /home/travis/build/icyphy/ptII/ptolemy/actor/lib/test/auto/MaxIndex.xml
----------------- Instantiating /home/travis/build/icyphy/ptII/ptolemy/actor/lib/test/auto/MaxIndex.xml
1 ms. Memory: 466944K Free: 357814K (77%)
----------------- Invoking toplevel() on ptolemy.moml.MoMLSimpleApplication@7a602a0f
----------------- Done invoking toplevel() on ptolemy.moml.MoMLSimpleApplication@7a602a0f
reloadAllAccessors: .MaxIndex

===========================================================================================
----------------- testing Fri Apr 24 14:11:32 UTC 2020 /home/travis/build/icyphy/ptII/ptolemy/actor/lib/test/auto/Maximum.xml
----------------- Instantiating /home/travis/build/icyphy/ptII/ptolemy/actor/lib/test/auto/Maximum.xml
2 ms. Memory: 466944K Free: 351160K (75%)
----------------- Invoking toplevel() on ptolemy.moml.MoMLSimpleApplication@8f7e836
----------------- Done invoking toplevel() on ptolemy.moml.MoMLSimpleApplication@8f7e836
reloadAllAccessors: .Maximum

===========================================================================================
----------------- testing Fri Apr 24 14:11:32 UTC 2020 /home/travis/build/icyphy/ptII/ptolemy/actor/lib/test/auto/MaximumComplex.xml
----------------- Instantiating /home/travis/build/icyphy/ptII/ptolemy/actor/lib/test/auto/MaximumComplex.xml
3 ms. Memory: 466944K Free: 345512K (74%)
----------------- Invoking toplevel() on ptolemy.moml.MoMLSimpleApplication@3b57db2c
----------------- Done invoking toplevel() on ptolemy.moml.MoMLSimpleApplication@3b57db2c
reloadAllAccessors: .MaximumComplex

===========================================================================================
----------------- testing Fri Apr 24 14:11:32 UTC 2020 /home/travis/build/icyphy/ptII/ptolemy/actor/lib/test/auto/MethodCallTest.xml
----------------- Instantiating /home/travis/build/icyphy/ptII/ptolemy/actor/lib/test/auto/MethodCallTest.xml
2 ms. Memory: 466944K Free: 338872K (73%)
----------------- Invoking toplevel() on ptolemy.moml.MoMLSimpleApplication@7fbca375
----------------- Done invoking toplevel() on ptolemy.moml.MoMLSimpleApplication@7fbca375
reloadAllAccessors: .MethodCallTest

===========================================================================================
----------------- testing Fri Apr 24 14:11:32 UTC 2020 /home/travis/build/icyphy/ptII/ptolemy/actor/lib/test/auto/Minimum.xml
----------------- Instantiating /home/travis/build/icyphy/ptII/ptolemy/actor/lib/test/auto/Minimum.xml
2 ms. Memory: 466944K Free: 332214K (71%)
----------------- Invoking toplevel() on ptolemy.moml.MoMLSimpleApplication@27973697
----------------- Done invoking toplevel() on ptolemy.moml.MoMLSimpleApplication@27973697
reloadAllAccessors: .Minimum

===========================================================================================
----------------- testing Fri Apr 24 14:11:32 UTC 2020 /home/travis/build/icyphy/ptII/ptolemy/actor/lib/test/auto/MinimumComplex.xml
----------------- Instantiating /home/travis/build/icyphy/ptII/ptolemy/actor/lib/test/auto/MinimumComplex.xml
3 ms. Memory: 466944K Free: 326056K (70%)
----------------- Invoking toplevel() on ptolemy.moml.MoMLSimpleApplication@3f87ae16
----------------- Done invoking toplevel() on ptolemy.moml.MoMLSimpleApplication@3f87ae16
reloadAllAccessors: .MinimumComplex

===========================================================================================
----------------- testing Fri Apr 24 14:11:32 UTC 2020 /home/travis/build/icyphy/ptII/ptolemy/actor/lib/test/auto/MinimumMultiports.xml
----------------- Instantiating /home/travis/build/icyphy/ptII/ptolemy/actor/lib/test/auto/MinimumMultiports.xml
3 ms. Memory: 466944K Free: 317368K (68%)
----------------- Invoking toplevel() on ptolemy.moml.MoMLSimpleApplication@14032901
----------------- Done invoking toplevel() on ptolemy.moml.MoMLSimpleApplication@14032901
reloadAllAccessors: .MinimumMultiports

===========================================================================================
----------------- testing Fri Apr 24 14:11:32 UTC 2020 /home/travis/build/icyphy/ptII/ptolemy/actor/lib/test/auto/ModifyDate.xml
----------------- Instantiating /home/travis/build/icyphy/ptII/ptolemy/actor/lib/test/auto/ModifyDate.xml
7 ms. Memory: 466944K Free: 305080K (65%)
----------------- Invoking toplevel() on ptolemy.moml.MoMLSimpleApplication@554571c5
----------------- Done invoking toplevel() on ptolemy.moml.MoMLSimpleApplication@554571c5
reloadAllAccessors: .ModifyDate

===========================================================================================
----------------- testing Fri Apr 24 14:11:32 UTC 2020 /home/travis/build/icyphy/ptII/ptolemy/actor/lib/test/auto/ModifyDate2.xml
----------------- Instantiating /home/travis/build/icyphy/ptII/ptolemy/actor/lib/test/auto/ModifyDate2.xml
2 ms. Memory: 466944K Free: 296374K (63%)
----------------- Invoking toplevel() on ptolemy.moml.MoMLSimpleApplication@3aa302db
----------------- Done invoking toplevel() on ptolemy.moml.MoMLSimpleApplication@3aa302db
reloadAllAccessors: .ModifyDate2

===========================================================================================
----------------- testing Fri Apr 24 14:11:32 UTC 2020 /home/travis/build/icyphy/ptII/ptolemy/actor/lib/test/auto/MovingAverage.xml
----------------- Instantiating /home/travis/build/icyphy/ptII/ptolemy/actor/lib/test/auto/MovingAverage.xml
1 ms. Memory: 466944K Free: 291254K (62%)
----------------- Invoking toplevel() on ptolemy.moml.MoMLSimpleApplication@5c5c1a4c
----------------- Done invoking toplevel() on ptolemy.moml.MoMLSimpleApplication@5c5c1a4c
reloadAllAccessors: .MovingAverage

===========================================================================================
----------------- testing Fri Apr 24 14:11:32 UTC 2020 /home/travis/build/icyphy/ptII/ptolemy/actor/lib/test/auto/MovingMaximum.xml
----------------- Instantiating /home/travis/build/icyphy/ptII/ptolemy/actor/lib/test/auto/MovingMaximum.xml
1 ms. Memory: 466944K Free: 286648K (61%)
----------------- Invoking toplevel() on ptolemy.moml.MoMLSimpleApplication@2d4e9476
----------------- Done invoking toplevel() on ptolemy.moml.MoMLSimpleApplication@2d4e9476
reloadAllAccessors: .MovingMaximum

===========================================================================================
----------------- testing Fri Apr 24 14:11:32 UTC 2020 /home/travis/build/icyphy/ptII/ptolemy/actor/lib/test/auto/MultipleLinksToSameRelation.xml
----------------- Instantiating /home/travis/build/icyphy/ptII/ptolemy/actor/lib/test/auto/MultipleLinksToSameRelation.xml
2 ms. Memory: 466944K Free: 282552K (61%)
----------------- Invoking toplevel() on ptolemy.moml.MoMLSimpleApplication@13578461
----------------- Done invoking toplevel() on ptolemy.moml.MoMLSimpleApplication@13578461
reloadAllAccessors: .MultipleLinksToSameRelation

===========================================================================================
----------------- testing Fri Apr 24 14:11:32 UTC 2020 /home/travis/build/icyphy/ptII/ptolemy/actor/lib/test/auto/MultipleLinksToSameRelationDE.xml
----------------- Instantiating /home/travis/build/icyphy/ptII/ptolemy/actor/lib/test/auto/MultipleLinksToSameRelationDE.xml
4 ms. Memory: 466944K Free: 278456K (60%)
----------------- Invoking toplevel() on ptolemy.moml.MoMLSimpleApplication@e483d8d
----------------- Done invoking toplevel() on ptolemy.moml.MoMLSimpleApplication@e483d8d
reloadAllAccessors: .MultipleLinksToSameRelationDE

===========================================================================================
----------------- testing Fri Apr 24 14:11:32 UTC 2020 /home/travis/build/icyphy/ptII/ptolemy/actor/lib/test/auto/Multiplexor.xml
----------------- Instantiating /home/travis/build/icyphy/ptII/ptolemy/actor/lib/test/auto/Multiplexor.xml
1 ms. Memory: 466944K Free: 272822K (58%)
----------------- Invoking toplevel() on ptolemy.moml.MoMLSimpleApplication@5354a246
----------------- Done invoking toplevel() on ptolemy.moml.MoMLSimpleApplication@5354a246
reloadAllAccessors: .Multiplexor

===========================================================================================
----------------- testing Fri Apr 24 14:11:32 UTC 2020 /home/travis/build/icyphy/ptII/ptolemy/actor/lib/test/auto/Multiplexor1.xml
----------------- Instantiating /home/travis/build/icyphy/ptII/ptolemy/actor/lib/test/auto/Multiplexor1.xml
2 ms. Memory: 466944K Free: 267192K (57%)
----------------- Invoking toplevel() on ptolemy.moml.MoMLSimpleApplication@6a4da30f
----------------- Done invoking toplevel() on ptolemy.moml.MoMLSimpleApplication@6a4da30f
reloadAllAccessors: .Multiplexor1

===========================================================================================
----------------- testing Fri Apr 24 14:11:32 UTC 2020 /home/travis/build/icyphy/ptII/ptolemy/actor/lib/test/auto/Multiplexor2.xml
----------------- Instantiating /home/travis/build/icyphy/ptII/ptolemy/actor/lib/test/auto/Multiplexor2.xml
3 ms. Memory: 466944K Free: 260534K (56%)
----------------- Invoking toplevel() on ptolemy.moml.MoMLSimpleApplication@591526e
----------------- Done invoking toplevel() on ptolemy.moml.MoMLSimpleApplication@591526e
reloadAllAccessors: .Multiplexor2

===========================================================================================
----------------- testing Fri Apr 24 14:11:32 UTC 2020 /home/travis/build/icyphy/ptII/ptolemy/actor/lib/test/auto/Multiplexor3.xml
----------------- Instantiating /home/travis/build/icyphy/ptII/ptolemy/actor/lib/test/auto/Multiplexor3.xml
1 ms. Memory: 466944K Free: 256438K (55%)
----------------- Invoking toplevel() on ptolemy.moml.MoMLSimpleApplication@44b42449
----------------- Done invoking toplevel() on ptolemy.moml.MoMLSimpleApplication@44b42449
reloadAllAccessors: .Multiplexor3

===========================================================================================
----------------- testing Fri Apr 24 14:11:32 UTC 2020 /home/travis/build/icyphy/ptII/ptolemy/actor/lib/test/auto/MultiplexorDE.xml
----------------- Instantiating /home/travis/build/icyphy/ptII/ptolemy/actor/lib/test/auto/MultiplexorDE.xml
2 ms. Memory: 466944K Free: 249256K (53%)
----------------- Invoking toplevel() on ptolemy.moml.MoMLSimpleApplication@2e05aa2b
----------------- Done invoking toplevel() on ptolemy.moml.MoMLSimpleApplication@2e05aa2b
reloadAllAccessors: .MultiplexorDE

===========================================================================================
----------------- testing Fri Apr 24 14:11:32 UTC 2020 /home/travis/build/icyphy/ptII/ptolemy/actor/lib/test/auto/MultiportBroadcastTest.xml
----------------- Instantiating /home/travis/build/icyphy/ptII/ptolemy/actor/lib/test/auto/MultiportBroadcastTest.xml
75 ms. Memory: 466944K Free: 243126K (52%)
----------------- Invoking toplevel() on ptolemy.moml.MoMLSimpleApplication@1b02e83
----------------- Done invoking toplevel() on ptolemy.moml.MoMLSimpleApplication@1b02e83
reloadAllAccessors: .MultiportBroadcastTest

===========================================================================================
----------------- testing Fri Apr 24 14:11:33 UTC 2020 /home/travis/build/icyphy/ptII/ptolemy/actor/lib/test/auto/MultiportOutHangDuringGetWidth.xml
----------------- Instantiating /home/travis/build/icyphy/ptII/ptolemy/actor/lib/test/auto/MultiportOutHangDuringGetWidth.xml
4 ms. Memory: 466944K Free: 230328K (49%)
----------------- Invoking toplevel() on ptolemy.moml.MoMLSimpleApplication@dbf75d
----------------- Done invoking toplevel() on ptolemy.moml.MoMLSimpleApplication@dbf75d
reloadAllAccessors: .MultiportOutHangDuringGetWidth

===========================================================================================
----------------- testing Fri Apr 24 14:11:33 UTC 2020 /home/travis/build/icyphy/ptII/ptolemy/actor/lib/test/auto/NilToken.xml
----------------- Instantiating /home/travis/build/icyphy/ptII/ptolemy/actor/lib/test/auto/NilToken.xml
1 ms. Memory: 466944K Free: 226232K (48%)
----------------- Invoking toplevel() on ptolemy.moml.MoMLSimpleApplication@3630abce
----------------- Done invoking toplevel() on ptolemy.moml.MoMLSimpleApplication@3630abce
reloadAllAccessors: .NilToken

===========================================================================================
----------------- testing Fri Apr 24 14:11:33 UTC 2020 /home/travis/build/icyphy/ptII/ptolemy/actor/lib/test/auto/NilTokenNonStrictTest.xml
----------------- Instantiating /home/travis/build/icyphy/ptII/ptolemy/actor/lib/test/auto/NilTokenNonStrictTest.xml
1 ms. Memory: 466944K Free: 221622K (47%)
----------------- Invoking toplevel() on ptolemy.moml.MoMLSimpleApplication@1975b40
----------------- Done invoking toplevel() on ptolemy.moml.MoMLSimpleApplication@1975b40
reloadAllAccessors: .NilTokenNonStrictTest

===========================================================================================
----------------- testing Fri Apr 24 14:11:33 UTC 2020 /home/travis/build/icyphy/ptII/ptolemy/actor/lib/test/auto/NilTokenRecord.xml
----------------- Instantiating /home/travis/build/icyphy/ptII/ptolemy/actor/lib/test/auto/NilTokenRecord.xml
5 ms. Memory: 466944K Free: 214968K (46%)
----------------- Invoking toplevel() on ptolemy.moml.MoMLSimpleApplication@9148a8f
----------------- Done invoking toplevel() on ptolemy.moml.MoMLSimpleApplication@9148a8f
reloadAllAccessors: .NilTokenRecord

===========================================================================================
----------------- testing Fri Apr 24 14:11:33 UTC 2020 /home/travis/build/icyphy/ptII/ptolemy/actor/lib/test/auto/NilTokenTypeTest.xml
----------------- Instantiating /home/travis/build/icyphy/ptII/ptolemy/actor/lib/test/auto/NilTokenTypeTest.xml
10 ms. Memory: 466944K Free: 205752K (44%)
----------------- Invoking toplevel() on ptolemy.moml.MoMLSimpleApplication@5dbd8afd
----------------- Done invoking toplevel() on ptolemy.moml.MoMLSimpleApplication@5dbd8afd
reloadAllAccessors: .NilTokenTypeTest

===========================================================================================
----------------- testing Fri Apr 24 14:11:33 UTC 2020 /home/travis/build/icyphy/ptII/ptolemy/actor/lib/test/auto/ObjectToken1.xml
----------------- Instantiating /home/travis/build/icyphy/ptII/ptolemy/actor/lib/test/auto/ObjectToken1.xml
3 ms. Memory: 466944K Free: 201656K (43%)
----------------- Invoking toplevel() on ptolemy.moml.MoMLSimpleApplication@3944d94d
----------------- Done invoking toplevel() on ptolemy.moml.MoMLSimpleApplication@3944d94d
reloadAllAccessors: .ObjectToken1

===========================================================================================
----------------- testing Fri Apr 24 14:11:33 UTC 2020 /home/travis/build/icyphy/ptII/ptolemy/actor/lib/test/auto/OrderedMerge.xml
----------------- Instantiating /home/travis/build/icyphy/ptII/ptolemy/actor/lib/test/auto/OrderedMerge.xml
11 ms. Memory: 466944K Free: 196022K (42%)
----------------- Invoking toplevel() on ptolemy.moml.MoMLSimpleApplication@244d8760
----------------- Done invoking toplevel() on ptolemy.moml.MoMLSimpleApplication@244d8760
reloadAllAccessors: .OrderedMerge

===========================================================================================
----------------- testing Fri Apr 24 14:11:33 UTC 2020 /home/travis/build/icyphy/ptII/ptolemy/actor/lib/test/auto/OrderedRecordDisassembler.xml
----------------- Instantiating /home/travis/build/icyphy/ptII/ptolemy/actor/lib/test/auto/OrderedRecordDisassembler.xml
3 ms. Memory: 466944K Free: 190872K (41%)
----------------- Invoking toplevel() on ptolemy.moml.MoMLSimpleApplication@12a8ecda
----------------- Done invoking toplevel() on ptolemy.moml.MoMLSimpleApplication@12a8ecda
reloadAllAccessors: .OrderedRecordDisassembler

===========================================================================================
----------------- testing Fri Apr 24 14:11:33 UTC 2020 /home/travis/build/icyphy/ptII/ptolemy/actor/lib/test/auto/OrderedRecordDisassembler2.xml
----------------- Instantiating /home/travis/build/icyphy/ptII/ptolemy/actor/lib/test/auto/OrderedRecordDisassembler2.xml
4 ms. Memory: 466944K Free: 183224K (39%)
----------------- Invoking toplevel() on ptolemy.moml.MoMLSimpleApplication@7baa9443
----------------- Done invoking toplevel() on ptolemy.moml.MoMLSimpleApplication@7baa9443
reloadAllAccessors: .OrderedRecordDisassembler2

===========================================================================================
----------------- testing Fri Apr 24 14:11:33 UTC 2020 /home/travis/build/icyphy/ptII/ptolemy/actor/lib/test/auto/OrderedRecordUpdater.xml
----------------- Instantiating /home/travis/build/icyphy/ptII/ptolemy/actor/lib/test/auto/OrderedRecordUpdater.xml
1 ms. Memory: 466944K Free: 178104K (38%)
----------------- Invoking toplevel() on ptolemy.moml.MoMLSimpleApplication@26e05c64
----------------- Done invoking toplevel() on ptolemy.moml.MoMLSimpleApplication@26e05c64
reloadAllAccessors: .RecordUpdater

===========================================================================================
----------------- testing Fri Apr 24 14:11:33 UTC 2020 /home/travis/build/icyphy/ptII/ptolemy/actor/lib/test/auto/OrderedRecordUpdater2.xml
----------------- Instantiating /home/travis/build/icyphy/ptII/ptolemy/actor/lib/test/auto/OrderedRecordUpdater2.xml
3 ms. Memory: 466944K Free: 173494K (37%)
----------------- Invoking toplevel() on ptolemy.moml.MoMLSimpleApplication@21157a22
----------------- Done invoking toplevel() on ptolemy.moml.MoMLSimpleApplication@21157a22
reloadAllAccessors: .RecordUpdater2

===========================================================================================
----------------- testing Fri Apr 24 14:11:33 UTC 2020 /home/travis/build/icyphy/ptII/ptolemy/actor/lib/test/auto/PhaseUnwrap.xml
----------------- Instantiating /home/travis/build/icyphy/ptII/ptolemy/actor/lib/test/auto/PhaseUnwrap.xml
1 ms. Memory: 466944K Free: 169398K (36%)
----------------- Invoking toplevel() on ptolemy.moml.MoMLSimpleApplication@4f253ca
----------------- Done invoking toplevel() on ptolemy.moml.MoMLSimpleApplication@4f253ca
reloadAllAccessors: .PhaseUnwrap

===========================================================================================
----------------- testing Fri Apr 24 14:11:33 UTC 2020 /home/travis/build/icyphy/ptII/ptolemy/actor/lib/test/auto/PoissonClock.xml
----------------- Instantiating /home/travis/build/icyphy/ptII/ptolemy/actor/lib/test/auto/PoissonClock.xml
2 ms. Memory: 466944K Free: 165302K (35%)
----------------- Invoking toplevel() on ptolemy.moml.MoMLSimpleApplication@1c015417
----------------- Done invoking toplevel() on ptolemy.moml.MoMLSimpleApplication@1c015417
reloadAllAccessors: .PoissonClock

===========================================================================================
----------------- testing Fri Apr 24 14:11:33 UTC 2020 /home/travis/build/icyphy/ptII/ptolemy/actor/lib/test/auto/PoissonClock2.xml
----------------- Instantiating /home/travis/build/icyphy/ptII/ptolemy/actor/lib/test/auto/PoissonClock2.xml
1 ms. Memory: 466944K Free: 160696K (34%)
----------------- Invoking toplevel() on ptolemy.moml.MoMLSimpleApplication@785d633d
----------------- Done invoking toplevel() on ptolemy.moml.MoMLSimpleApplication@785d633d
reloadAllAccessors: .PoissonClock2

===========================================================================================
----------------- testing Fri Apr 24 14:11:33 UTC 2020 /home/travis/build/icyphy/ptII/ptolemy/actor/lib/test/auto/PoissonClock3.xml
----------------- Instantiating /home/travis/build/icyphy/ptII/ptolemy/actor/lib/test/auto/PoissonClock3.xml
1 ms. Memory: 466944K Free: 156086K (33%)
----------------- Invoking toplevel() on ptolemy.moml.MoMLSimpleApplication@507e5f89
----------------- Done invoking toplevel() on ptolemy.moml.MoMLSimpleApplication@507e5f89
reloadAllAccessors: .PoissonClock3

===========================================================================================
----------------- testing Fri Apr 24 14:11:33 UTC 2020 /home/travis/build/icyphy/ptII/ptolemy/actor/lib/test/auto/PubSubWithInitialTokens.xml
----------------- Instantiating /home/travis/build/icyphy/ptII/ptolemy/actor/lib/test/auto/PubSubWithInitialTokens.xml
1 ms. Memory: 466944K Free: 150456K (32%)
----------------- Invoking toplevel() on ptolemy.moml.MoMLSimpleApplication@71f708e5
----------------- Done invoking toplevel() on ptolemy.moml.MoMLSimpleApplication@71f708e5
reloadAllAccessors: .PubSubWithInitialTokens

===========================================================================================
----------------- testing Fri Apr 24 14:11:33 UTC 2020 /home/travis/build/icyphy/ptII/ptolemy/actor/lib/test/auto/PubSubWithInitialTokens2.xml
----------------- Instantiating /home/travis/build/icyphy/ptII/ptolemy/actor/lib/test/auto/PubSubWithInitialTokens2.xml
2 ms. Memory: 466944K Free: 144312K (31%)
----------------- Invoking toplevel() on ptolemy.moml.MoMLSimpleApplication@7c51a08f
----------------- Done invoking toplevel() on ptolemy.moml.MoMLSimpleApplication@7c51a08f
reloadAllAccessors: .PubSubWithInitialTokens2

===========================================================================================
----------------- testing Fri Apr 24 14:11:33 UTC 2020 /home/travis/build/icyphy/ptII/ptolemy/actor/lib/test/auto/PublisherClassNoParameter.xml
----------------- Instantiating /home/travis/build/icyphy/ptII/ptolemy/actor/lib/test/auto/PublisherClassNoParameter.xml
2 ms. Memory: 466944K Free: 410620K (88%)
----------------- Invoking toplevel() on ptolemy.moml.MoMLSimpleApplication@34d70672
----------------- Done invoking toplevel() on ptolemy.moml.MoMLSimpleApplication@34d70672
reloadAllAccessors: .PublisherClassNoParameter

===========================================================================================
----------------- testing Fri Apr 24 14:11:33 UTC 2020 /home/travis/build/icyphy/ptII/ptolemy/actor/lib/test/auto/PublisherClassParameter.xml
----------------- Instantiating /home/travis/build/icyphy/ptII/ptolemy/actor/lib/test/auto/PublisherClassParameter.xml
2 ms. Memory: 466944K Free: 399884K (86%)
----------------- Invoking toplevel() on ptolemy.moml.MoMLSimpleApplication@336ef74c
----------------- Done invoking toplevel() on ptolemy.moml.MoMLSimpleApplication@336ef74c
reloadAllAccessors: .PublisherClassParameter

===========================================================================================
----------------- testing Fri Apr 24 14:11:33 UTC 2020 /home/travis/build/icyphy/ptII/ptolemy/actor/lib/test/auto/PublisherNonStrictTest.xml
----------------- Instantiating /home/travis/build/icyphy/ptII/ptolemy/actor/lib/test/auto/PublisherNonStrictTest.xml
3 ms. Memory: 466944K Free: 392196K (84%)
----------------- Invoking toplevel() on ptolemy.moml.MoMLSimpleApplication@20d4502d
----------------- Done invoking toplevel() on ptolemy.moml.MoMLSimpleApplication@20d4502d
reloadAllAccessors: .PublisherNonStrictTest

===========================================================================================
----------------- testing Fri Apr 24 14:11:33 UTC 2020 /home/travis/build/icyphy/ptII/ptolemy/actor/lib/test/auto/PublisherPort1.xml
----------------- Instantiating /home/travis/build/icyphy/ptII/ptolemy/actor/lib/test/auto/PublisherPort1.xml
8 ms. Memory: 466944K Free: 386572K (83%)
----------------- Invoking toplevel() on ptolemy.moml.MoMLSimpleApplication@2628128c
----------------- Done invoking toplevel() on ptolemy.moml.MoMLSimpleApplication@2628128c
reloadAllAccessors: .PublisherPort1

===========================================================================================
----------------- testing Fri Apr 24 14:11:33 UTC 2020 /home/travis/build/icyphy/ptII/ptolemy/actor/lib/test/auto/PublisherPort2.xml
----------------- Instantiating /home/travis/build/icyphy/ptII/ptolemy/actor/lib/test/auto/PublisherPort2.xml
1 ms. Memory: 466944K Free: 381452K (82%)
----------------- Invoking toplevel() on ptolemy.moml.MoMLSimpleApplication@1817faf3
----------------- Done invoking toplevel() on ptolemy.moml.MoMLSimpleApplication@1817faf3
reloadAllAccessors: .PublisherPort2

===========================================================================================
----------------- testing Fri Apr 24 14:11:33 UTC 2020 /home/travis/build/icyphy/ptII/ptolemy/actor/lib/test/auto/PublisherPort3.xml
----------------- Instantiating /home/travis/build/icyphy/ptII/ptolemy/actor/lib/test/auto/PublisherPort3.xml
3 ms. Memory: 466944K Free: 374764K (80%)
----------------- Invoking toplevel() on ptolemy.moml.MoMLSimpleApplication@3350d4ac
----------------- Done invoking toplevel() on ptolemy.moml.MoMLSimpleApplication@3350d4ac
reloadAllAccessors: .PublisherPort3

===========================================================================================
----------------- testing Fri Apr 24 14:11:33 UTC 2020 /home/travis/build/icyphy/ptII/ptolemy/actor/lib/test/auto/PublisherPort4.xml
----------------- Instantiating /home/travis/build/icyphy/ptII/ptolemy/actor/lib/test/auto/PublisherPort4.xml
2 ms. Memory: 466944K Free: 369164K (79%)
----------------- Invoking toplevel() on ptolemy.moml.MoMLSimpleApplication@5cb21e4a
----------------- Done invoking toplevel() on ptolemy.moml.MoMLSimpleApplication@5cb21e4a
reloadAllAccessors: .PublisherPort4

===========================================================================================
----------------- testing Fri Apr 24 14:11:33 UTC 2020 /home/travis/build/icyphy/ptII/ptolemy/actor/lib/test/auto/PublisherPort5.xml
----------------- Instantiating /home/travis/build/icyphy/ptII/ptolemy/actor/lib/test/auto/PublisherPort5.xml
6 ms. Memory: 466944K Free: 361482K (77%)
----------------- Invoking toplevel() on ptolemy.moml.MoMLSimpleApplication@31a9ae5e
----------------- Done invoking toplevel() on ptolemy.moml.MoMLSimpleApplication@31a9ae5e
reloadAllAccessors: .PublisherPort5

===========================================================================================
----------------- testing Fri Apr 24 14:11:33 UTC 2020 /home/travis/build/icyphy/ptII/ptolemy/actor/lib/test/auto/PublisherPort5LookAlike.xml
----------------- Instantiating /home/travis/build/icyphy/ptII/ptolemy/actor/lib/test/auto/PublisherPort5LookAlike.xml
6 ms. Memory: 466944K Free: 353804K (76%)
----------------- Invoking toplevel() on ptolemy.moml.MoMLSimpleApplication@41fd2fa5
----------------- Done invoking toplevel() on ptolemy.moml.MoMLSimpleApplication@41fd2fa5
reloadAllAccessors: .PublisherPort5LookAlike

===========================================================================================
----------------- testing Fri Apr 24 14:11:33 UTC 2020 /home/travis/build/icyphy/ptII/ptolemy/actor/lib/test/auto/PublisherPort6.xml
----------------- Instantiating /home/travis/build/icyphy/ptII/ptolemy/actor/lib/test/auto/PublisherPort6.xml
2 ms. Memory: 466944K Free: 347146K (74%)
----------------- Invoking toplevel() on ptolemy.moml.MoMLSimpleApplication@1aa600cf
----------------- Done invoking toplevel() on ptolemy.moml.MoMLSimpleApplication@1aa600cf
reloadAllAccessors: .PublisherPort6

===========================================================================================
----------------- testing Fri Apr 24 14:11:33 UTC 2020 /home/travis/build/icyphy/ptII/ptolemy/actor/lib/test/auto/PublisherPort7.xml
----------------- Instantiating /home/travis/build/icyphy/ptII/ptolemy/actor/lib/test/auto/PublisherPort7.xml
4 ms. Memory: 466944K Free: 339978K (73%)
----------------- Invoking toplevel() on ptolemy.moml.MoMLSimpleApplication@446efd47
----------------- Done invoking toplevel() on ptolemy.moml.MoMLSimpleApplication@446efd47
reloadAllAccessors: .PublisherPort7

===========================================================================================
----------------- testing Fri Apr 24 14:11:33 UTC 2020 /home/travis/build/icyphy/ptII/ptolemy/actor/lib/test/auto/PublisherPort8.xml
----------------- Instantiating /home/travis/build/icyphy/ptII/ptolemy/actor/lib/test/auto/PublisherPort8.xml
10 ms. Memory: 466944K Free: 331276K (71%)
----------------- Invoking toplevel() on ptolemy.moml.MoMLSimpleApplication@68f3167f
----------------- Done invoking toplevel() on ptolemy.moml.MoMLSimpleApplication@68f3167f
reloadAllAccessors: .PublisherPort8

===========================================================================================
----------------- testing Fri Apr 24 14:11:33 UTC 2020 /home/travis/build/icyphy/ptII/ptolemy/actor/lib/test/auto/PublisherPortSubscriberChannelVariablesAOC2.xml
----------------- Instantiating /home/travis/build/icyphy/ptII/ptolemy/actor/lib/test/auto/PublisherPortSubscriberChannelVariablesAOC2.xml
3 ms. Memory: 466944K Free: 313354K (67%)
----------------- Invoking toplevel() on ptolemy.moml.MoMLSimpleApplication@1158ea70
----------------- Done invoking toplevel() on ptolemy.moml.MoMLSimpleApplication@1158ea70
reloadAllAccessors: .PublisherPortSubscriberChannelVariablesAOC2

===========================================================================================
----------------- testing Fri Apr 24 14:11:33 UTC 2020 /home/travis/build/icyphy/ptII/ptolemy/actor/lib/test/auto/PublisherPortSubscriberOpaqueWidthInference.xml
----------------- Instantiating /home/travis/build/icyphy/ptII/ptolemy/actor/lib/test/auto/PublisherPortSubscriberOpaqueWidthInference.xml
4 ms. Memory: 466944K Free: 305676K (65%)
----------------- Invoking toplevel() on ptolemy.moml.MoMLSimpleApplication@73abbb0e
----------------- Done invoking toplevel() on ptolemy.moml.MoMLSimpleApplication@73abbb0e
reloadAllAccessors: .PublisherPortSubscriberOpaqueWidthInference

===========================================================================================
----------------- testing Fri Apr 24 14:11:33 UTC 2020 /home/travis/build/icyphy/ptII/ptolemy/actor/lib/test/auto/PublisherPortSubscriberPortAdjacent.xml
----------------- Instantiating /home/travis/build/icyphy/ptII/ptolemy/actor/lib/test/auto/PublisherPortSubscriberPortAdjacent.xml
1 ms. Memory: 466944K Free: 297484K (64%)
----------------- Invoking toplevel() on ptolemy.moml.MoMLSimpleApplication@60be9822
----------------- Done invoking toplevel() on ptolemy.moml.MoMLSimpleApplication@60be9822
reloadAllAccessors: .PublisherPortSubscriberPortAdjacent

===========================================================================================
----------------- testing Fri Apr 24 14:11:33 UTC 2020 /home/travis/build/icyphy/ptII/ptolemy/actor/lib/test/auto/PublisherPortSubscriberPortExpression.xml
----------------- Instantiating /home/travis/build/icyphy/ptII/ptolemy/actor/lib/test/auto/PublisherPortSubscriberPortExpression.xml
3 ms. Memory: 466944K Free: 289788K (62%)
----------------- Invoking toplevel() on ptolemy.moml.MoMLSimpleApplication@b874e4e
----------------- Done invoking toplevel() on ptolemy.moml.MoMLSimpleApplication@b874e4e
reloadAllAccessors: .PublisherPortSubscriberPortExpression

===========================================================================================
----------------- testing Fri Apr 24 14:11:33 UTC 2020 /home/travis/build/icyphy/ptII/ptolemy/actor/lib/test/auto/PublisherPortSubscriberPortOpaqueD3Reverse.xml
----------------- Instantiating /home/travis/build/icyphy/ptII/ptolemy/actor/lib/test/auto/PublisherPortSubscriberPortOpaqueD3Reverse.xml
5 ms. Memory: 466944K Free: 279562K (60%)
----------------- Invoking toplevel() on ptolemy.moml.MoMLSimpleApplication@2e22e373
----------------- Done invoking toplevel() on ptolemy.moml.MoMLSimpleApplication@2e22e373
reloadAllAccessors: .PublisherPortSubscriberPortOpaqueD3Reverse

===========================================================================================
----------------- testing Fri Apr 24 14:11:33 UTC 2020 /home/travis/build/icyphy/ptII/ptolemy/actor/lib/test/auto/PublisherPortSubscriberPortOpaqueWidthInference.xml
----------------- Instantiating /home/travis/build/icyphy/ptII/ptolemy/actor/lib/test/auto/PublisherPortSubscriberPortOpaqueWidthInference.xml
3 ms. Memory: 466944K Free: 271884K (58%)
----------------- Invoking toplevel() on ptolemy.moml.MoMLSimpleApplication@6b2c50fd
----------------- Done invoking toplevel() on ptolemy.moml.MoMLSimpleApplication@6b2c50fd
reloadAllAccessors: .PublisherPortSubscriberPortOpaqueWidthInference

===========================================================================================
----------------- testing Fri Apr 24 14:11:33 UTC 2020 /home/travis/build/icyphy/ptII/ptolemy/actor/lib/test/auto/PublisherPortToplevelSubscriberPortAOC.xml
----------------- Instantiating /home/travis/build/icyphy/ptII/ptolemy/actor/lib/test/auto/PublisherPortToplevelSubscriberPortAOC.xml
.PublisherPortToplevelSubscriberPortAOC.TestExceptionAttribute: initialize() was not invoked, but wrapup() was.  This is unusual, but not always a problem.  For example, exporting JNLP will do this.
1 ms. Memory: 466944K Free: 266250K (57%)
----------------- Invoking toplevel() on ptolemy.moml.MoMLSimpleApplication@61fe52
----------------- Done invoking toplevel() on ptolemy.moml.MoMLSimpleApplication@61fe52
reloadAllAccessors: .PublisherPortToplevelSubscriberPortAOC

===========================================================================================
----------------- testing Fri Apr 24 14:11:33 UTC 2020 /home/travis/build/icyphy/ptII/ptolemy/actor/lib/test/auto/PublisherSubscriber.xml
----------------- Instantiating /home/travis/build/icyphy/ptII/ptolemy/actor/lib/test/auto/PublisherSubscriber.xml
2 ms. Memory: 466944K Free: 258572K (55%)
----------------- Invoking toplevel() on ptolemy.moml.MoMLSimpleApplication@520f63e1
----------------- Done invoking toplevel() on ptolemy.moml.MoMLSimpleApplication@520f63e1
reloadAllAccessors: .PublisherSubscriber

===========================================================================================
----------------- testing Fri Apr 24 14:11:33 UTC 2020 /home/travis/build/icyphy/ptII/ptolemy/actor/lib/test/auto/PublisherSubscriber10.xml
----------------- Instantiating /home/travis/build/icyphy/ptII/ptolemy/actor/lib/test/auto/PublisherSubscriber10.xml
5 ms. Memory: 466944K Free: 248842K (53%)
----------------- Invoking toplevel() on ptolemy.moml.MoMLSimpleApplication@4b365f11
----------------- Done invoking toplevel() on ptolemy.moml.MoMLSimpleApplication@4b365f11
reloadAllAccessors: .PublisherSubscriber10

===========================================================================================
----------------- testing Fri Apr 24 14:11:33 UTC 2020 /home/travis/build/icyphy/ptII/ptolemy/actor/lib/test/auto/PublisherSubscriber10InitialOutputs.xml
----------------- Instantiating /home/travis/build/icyphy/ptII/ptolemy/actor/lib/test/auto/PublisherSubscriber10InitialOutputs.xml
17 ms. Memory: 466944K Free: 239626K (51%)
----------------- Invoking toplevel() on ptolemy.moml.MoMLSimpleApplication@41ae51bd
----------------- Done invoking toplevel() on ptolemy.moml.MoMLSimpleApplication@41ae51bd
reloadAllAccessors: .PublisherSubscriber10InitialOutputs

===========================================================================================
----------------- testing Fri Apr 24 14:11:33 UTC 2020 /home/travis/build/icyphy/ptII/ptolemy/actor/lib/test/auto/PublisherSubscriber11.xml
----------------- Instantiating /home/travis/build/icyphy/ptII/ptolemy/actor/lib/test/auto/PublisherSubscriber11.xml
4 ms. Memory: 466944K Free: 233996K (50%)
----------------- Invoking toplevel() on ptolemy.moml.MoMLSimpleApplication@269b9570
----------------- Done invoking toplevel() on ptolemy.moml.MoMLSimpleApplication@269b9570
reloadAllAccessors: .PublisherSubscriber11

===========================================================================================
----------------- testing Fri Apr 24 14:11:33 UTC 2020 /home/travis/build/icyphy/ptII/ptolemy/actor/lib/test/auto/PublisherSubscriber12.xml
----------------- Instantiating /home/travis/build/icyphy/ptII/ptolemy/actor/lib/test/auto/PublisherSubscriber12.xml
5 ms. Memory: 466944K Free: 226828K (49%)
----------------- Invoking toplevel() on ptolemy.moml.MoMLSimpleApplication@46d2ca3b
----------------- Done invoking toplevel() on ptolemy.moml.MoMLSimpleApplication@46d2ca3b
reloadAllAccessors: .PublisherSubscriber12

===========================================================================================
----------------- testing Fri Apr 24 14:11:33 UTC 2020 /home/travis/build/icyphy/ptII/ptolemy/actor/lib/test/auto/PublisherSubscriber13.xml
----------------- Instantiating /home/travis/build/icyphy/ptII/ptolemy/actor/lib/test/auto/PublisherSubscriber13.xml
2 ms. Memory: 466944K Free: 221164K (47%)
----------------- Invoking toplevel() on ptolemy.moml.MoMLSimpleApplication@67c9511a
----------------- Done invoking toplevel() on ptolemy.moml.MoMLSimpleApplication@67c9511a
reloadAllAccessors: .PublisherSubscriber13

===========================================================================================
----------------- testing Fri Apr 24 14:11:33 UTC 2020 /home/travis/build/icyphy/ptII/ptolemy/actor/lib/test/auto/PublisherSubscriber14.xml
----------------- Instantiating /home/travis/build/icyphy/ptII/ptolemy/actor/lib/test/auto/PublisherSubscriber14.xml
1 ms. Memory: 466944K Free: 212492K (46%)
----------------- Invoking toplevel() on ptolemy.moml.MoMLSimpleApplication@67addb52
----------------- Done invoking toplevel() on ptolemy.moml.MoMLSimpleApplication@67addb52
reloadAllAccessors: .PublisherSubscriber14

===========================================================================================
----------------- testing Fri Apr 24 14:11:33 UTC 2020 /home/travis/build/icyphy/ptII/ptolemy/actor/lib/test/auto/PublisherSubscriber2.xml
----------------- Instantiating /home/travis/build/icyphy/ptII/ptolemy/actor/lib/test/auto/PublisherSubscriber2.xml
2 ms. Memory: 466944K Free: 206844K (44%)
----------------- Invoking toplevel() on ptolemy.moml.MoMLSimpleApplication@14d7d871
----------------- Done invoking toplevel() on ptolemy.moml.MoMLSimpleApplication@14d7d871
reloadAllAccessors: .PublisherSubscriber2

===========================================================================================
----------------- testing Fri Apr 24 14:11:33 UTC 2020 /home/travis/build/icyphy/ptII/ptolemy/actor/lib/test/auto/PublisherSubscriber3.xml
----------------- Instantiating /home/travis/build/icyphy/ptII/ptolemy/actor/lib/test/auto/PublisherSubscriber3.xml
1 ms. Memory: 466944K Free: 201228K (43%)
----------------- Invoking toplevel() on ptolemy.moml.MoMLSimpleApplication@36e24d4b
----------------- Done invoking toplevel() on ptolemy.moml.MoMLSimpleApplication@36e24d4b
reloadAllAccessors: .PublisherSubscriber3

===========================================================================================
----------------- testing Fri Apr 24 14:11:33 UTC 2020 /home/travis/build/icyphy/ptII/ptolemy/actor/lib/test/auto/PublisherSubscriber4.xml
----------------- Instantiating /home/travis/build/icyphy/ptII/ptolemy/actor/lib/test/auto/PublisherSubscriber4.xml
2 ms. Memory: 466944K Free: 196108K (42%)
----------------- Invoking toplevel() on ptolemy.moml.MoMLSimpleApplication@2f634b4b
----------------- Done invoking toplevel() on ptolemy.moml.MoMLSimpleApplication@2f634b4b
reloadAllAccessors: .PublisherSubscriber4

===========================================================================================
----------------- testing Fri Apr 24 14:11:33 UTC 2020 /home/travis/build/icyphy/ptII/ptolemy/actor/lib/test/auto/PublisherSubscriber5.xml
----------------- Instantiating /home/travis/build/icyphy/ptII/ptolemy/actor/lib/test/auto/PublisherSubscriber5.xml
2 ms. Memory: 466944K Free: 189450K (41%)
----------------- Invoking toplevel() on ptolemy.moml.MoMLSimpleApplication@1b107c40
----------------- Done invoking toplevel() on ptolemy.moml.MoMLSimpleApplication@1b107c40
reloadAllAccessors: .PublisherSubscriber5

===========================================================================================
----------------- testing Fri Apr 24 14:11:33 UTC 2020 /home/travis/build/icyphy/ptII/ptolemy/actor/lib/test/auto/PublisherSubscriber6.xml
----------------- Instantiating /home/travis/build/icyphy/ptII/ptolemy/actor/lib/test/auto/PublisherSubscriber6.xml
3 ms. Memory: 466944K Free: 182796K (39%)
----------------- Invoking toplevel() on ptolemy.moml.MoMLSimpleApplication@40034f6f
----------------- Done invoking toplevel() on ptolemy.moml.MoMLSimpleApplication@40034f6f
reloadAllAccessors: .PublisherSubscriber6

===========================================================================================
----------------- testing Fri Apr 24 14:11:33 UTC 2020 /home/travis/build/icyphy/ptII/ptolemy/actor/lib/test/auto/PublisherSubscriber7.xml
----------------- Instantiating /home/travis/build/icyphy/ptII/ptolemy/actor/lib/test/auto/PublisherSubscriber7.xml
6 ms. Memory: 466944K Free: 176138K (38%)
----------------- Invoking toplevel() on ptolemy.moml.MoMLSimpleApplication@67db5132
----------------- Done invoking toplevel() on ptolemy.moml.MoMLSimpleApplication@67db5132
reloadAllAccessors: .PublisherSubscriber7

===========================================================================================
----------------- testing Fri Apr 24 14:11:34 UTC 2020 /home/travis/build/icyphy/ptII/ptolemy/actor/lib/test/auto/PublisherSubscriber8.xml
----------------- Instantiating /home/travis/build/icyphy/ptII/ptolemy/actor/lib/test/auto/PublisherSubscriber8.xml
17 ms. Memory: 466944K Free: 163850K (35%)
----------------- Invoking toplevel() on ptolemy.moml.MoMLSimpleApplication@4a1aa6bf
----------------- Done invoking toplevel() on ptolemy.moml.MoMLSimpleApplication@4a1aa6bf
reloadAllAccessors: .PublisherSubscriber8

===========================================================================================
----------------- testing Fri Apr 24 14:11:34 UTC 2020 /home/travis/build/icyphy/ptII/ptolemy/actor/lib/test/auto/PublisherSubscriber9.xml
----------------- Instantiating /home/travis/build/icyphy/ptII/ptolemy/actor/lib/test/auto/PublisherSubscriber9.xml
5 ms. Memory: 466944K Free: 156682K (34%)
----------------- Invoking toplevel() on ptolemy.moml.MoMLSimpleApplication@56e2e2d2
----------------- Done invoking toplevel() on ptolemy.moml.MoMLSimpleApplication@56e2e2d2
reloadAllAccessors: .PublisherSubscriber9

===========================================================================================
----------------- testing Fri Apr 24 14:11:34 UTC 2020 /home/travis/build/icyphy/ptII/ptolemy/actor/lib/test/auto/PublisherSubscriberAdjacent.xml
----------------- Instantiating /home/travis/build/icyphy/ptII/ptolemy/actor/lib/test/auto/PublisherSubscriberAdjacent.xml
2 ms. Memory: 466944K Free: 148490K (32%)
----------------- Invoking toplevel() on ptolemy.moml.MoMLSimpleApplication@48dceb73
----------------- Done invoking toplevel() on ptolemy.moml.MoMLSimpleApplication@48dceb73
reloadAllAccessors: .PublisherSubscriberAdjacent

===========================================================================================
----------------- testing Fri Apr 24 14:11:34 UTC 2020 /home/travis/build/icyphy/ptII/ptolemy/actor/lib/test/auto/PublisherSubscriberChannelVariablesAOC2.xml
----------------- Instantiating /home/travis/build/icyphy/ptII/ptolemy/actor/lib/test/auto/PublisherSubscriberChannelVariablesAOC2.xml
2 ms. Memory: 466944K Free: 410251K (88%)
----------------- Invoking toplevel() on ptolemy.moml.MoMLSimpleApplication@7ae1579a
----------------- Done invoking toplevel() on ptolemy.moml.MoMLSimpleApplication@7ae1579a
reloadAllAccessors: .PublisherSubscriberChannelVariablesAOC2

===========================================================================================
----------------- testing Fri Apr 24 14:11:34 UTC 2020 /home/travis/build/icyphy/ptII/ptolemy/actor/lib/test/auto/PublisherSubscriberD3.xml
----------------- Instantiating /home/travis/build/icyphy/ptII/ptolemy/actor/lib/test/auto/PublisherSubscriberD3.xml
2 ms. Memory: 466944K Free: 403083K (86%)
----------------- Invoking toplevel() on ptolemy.moml.MoMLSimpleApplication@292d6cda
----------------- Done invoking toplevel() on ptolemy.moml.MoMLSimpleApplication@292d6cda
reloadAllAccessors: .PublisherSubscriberD3

===========================================================================================
----------------- testing Fri Apr 24 14:11:34 UTC 2020 /home/travis/build/icyphy/ptII/ptolemy/actor/lib/test/auto/PublisherSubscriberD3Reverse.xml
----------------- Instantiating /home/travis/build/icyphy/ptII/ptolemy/actor/lib/test/auto/PublisherSubscriberD3Reverse.xml
2 ms. Memory: 466944K Free: 396939K (85%)
----------------- Invoking toplevel() on ptolemy.moml.MoMLSimpleApplication@3a0a4542
----------------- Done invoking toplevel() on ptolemy.moml.MoMLSimpleApplication@3a0a4542
reloadAllAccessors: .PublisherSubscriberD3Reverse

===========================================================================================
----------------- testing Fri Apr 24 14:11:34 UTC 2020 /home/travis/build/icyphy/ptII/ptolemy/actor/lib/test/auto/PublisherSubscriberExpression.xml
----------------- Instantiating /home/travis/build/icyphy/ptII/ptolemy/actor/lib/test/auto/PublisherSubscriberExpression.xml
3 ms. Memory: 466944K Free: 388237K (83%)
----------------- Invoking toplevel() on ptolemy.moml.MoMLSimpleApplication@443b6e
----------------- Done invoking toplevel() on ptolemy.moml.MoMLSimpleApplication@443b6e
reloadAllAccessors: .PublisherSubscriberExpression

===========================================================================================
----------------- testing Fri Apr 24 14:11:34 UTC 2020 /home/travis/build/icyphy/ptII/ptolemy/actor/lib/test/auto/PublisherSubscriberOpaque.xml
----------------- Instantiating /home/travis/build/icyphy/ptII/ptolemy/actor/lib/test/auto/PublisherSubscriberOpaque.xml
3 ms. Memory: 466944K Free: 380045K (81%)
----------------- Invoking toplevel() on ptolemy.moml.MoMLSimpleApplication@1cc6a781
----------------- Done invoking toplevel() on ptolemy.moml.MoMLSimpleApplication@1cc6a781
reloadAllAccessors: .PublisherSubscriberOpaque

===========================================================================================
----------------- testing Fri Apr 24 14:11:34 UTC 2020 /home/travis/build/icyphy/ptII/ptolemy/actor/lib/test/auto/PublisherSubscriberOpaqueD3.xml
----------------- Instantiating /home/travis/build/icyphy/ptII/ptolemy/actor/lib/test/auto/PublisherSubscriberOpaqueD3.xml
6 ms. Memory: 466944K Free: 368267K (79%)
----------------- Invoking toplevel() on ptolemy.moml.MoMLSimpleApplication@756ae0d4
----------------- Done invoking toplevel() on ptolemy.moml.MoMLSimpleApplication@756ae0d4
reloadAllAccessors: .PublisherSubscriberOpaqueD3

===========================================================================================
----------------- testing Fri Apr 24 14:11:34 UTC 2020 /home/travis/build/icyphy/ptII/ptolemy/actor/lib/test/auto/PublisherSubscriberOpaqueD3Reverse.xml
----------------- Instantiating /home/travis/build/icyphy/ptII/ptolemy/actor/lib/test/auto/PublisherSubscriberOpaqueD3Reverse.xml
8 ms. Memory: 466944K Free: 357517K (77%)
----------------- Invoking toplevel() on ptolemy.moml.MoMLSimpleApplication@1e7e2509
----------------- Done invoking toplevel() on ptolemy.moml.MoMLSimpleApplication@1e7e2509
reloadAllAccessors: .PublisherSubscriberOpaqueD3Reverse

===========================================================================================
----------------- testing Fri Apr 24 14:11:34 UTC 2020 /home/travis/build/icyphy/ptII/ptolemy/actor/lib/test/auto/PublisherSubscriberOpaqueWidthInference.xml
----------------- Instantiating /home/travis/build/icyphy/ptII/ptolemy/actor/lib/test/auto/PublisherSubscriberOpaqueWidthInference.xml
5 ms. Memory: 466944K Free: 349325K (75%)
----------------- Invoking toplevel() on ptolemy.moml.MoMLSimpleApplication@1f455d2a
----------------- Done invoking toplevel() on ptolemy.moml.MoMLSimpleApplication@1f455d2a
reloadAllAccessors: .PublisherSubscriberOpaqueWidthInference

===========================================================================================
----------------- testing Fri Apr 24 14:11:34 UTC 2020 /home/travis/build/icyphy/ptII/ptolemy/actor/lib/test/auto/PublisherTestSubscriber.xml
----------------- Instantiating /home/travis/build/icyphy/ptII/ptolemy/actor/lib/test/auto/PublisherTestSubscriber.xml
2 ms. Memory: 466944K Free: 341637K (73%)
----------------- Invoking toplevel() on ptolemy.moml.MoMLSimpleApplication@3cbb9bbb
----------------- Done invoking toplevel() on ptolemy.moml.MoMLSimpleApplication@3cbb9bbb
reloadAllAccessors: .PublisherTestSubscriber

===========================================================================================
----------------- testing Fri Apr 24 14:11:34 UTC 2020 /home/travis/build/icyphy/ptII/ptolemy/actor/lib/test/auto/PublisherToplevelSubscriberPortAOC.xml
----------------- Instantiating /home/travis/build/icyphy/ptII/ptolemy/actor/lib/test/auto/PublisherToplevelSubscriberPortAOC.xml
1 ms. Memory: 466944K Free: 335469K (72%)
----------------- Invoking toplevel() on ptolemy.moml.MoMLSimpleApplication@1b8fa30d
----------------- Done invoking toplevel() on ptolemy.moml.MoMLSimpleApplication@1b8fa30d
reloadAllAccessors: .PublisherToplevelSubscriberPortAOC

===========================================================================================
----------------- testing Fri Apr 24 14:11:34 UTC 2020 /home/travis/build/icyphy/ptII/ptolemy/actor/lib/test/auto/PulseFiringLimitDE.xml
----------------- Instantiating /home/travis/build/icyphy/ptII/ptolemy/actor/lib/test/auto/PulseFiringLimitDE.xml
3 ms. Memory: 466944K Free: 329355K (71%)
----------------- Invoking toplevel() on ptolemy.moml.MoMLSimpleApplication@236a4d0b
----------------- Done invoking toplevel() on ptolemy.moml.MoMLSimpleApplication@236a4d0b
reloadAllAccessors: .PulseFiringLimitDE

===========================================================================================
----------------- testing Fri Apr 24 14:11:34 UTC 2020 /home/travis/build/icyphy/ptII/ptolemy/actor/lib/test/auto/Ramp1.xml
----------------- Instantiating /home/travis/build/icyphy/ptII/ptolemy/actor/lib/test/auto/Ramp1.xml
1 ms. Memory: 466944K Free: 325253K (70%)
----------------- Invoking toplevel() on ptolemy.moml.MoMLSimpleApplication@52fd6522
----------------- Done invoking toplevel() on ptolemy.moml.MoMLSimpleApplication@52fd6522
reloadAllAccessors: .Ramp1

===========================================================================================
----------------- testing Fri Apr 24 14:11:34 UTC 2020 /home/travis/build/icyphy/ptII/ptolemy/actor/lib/test/auto/RampFiringLimitDE.xml
----------------- Instantiating /home/travis/build/icyphy/ptII/ptolemy/actor/lib/test/auto/RampFiringLimitDE.xml
2 ms. Memory: 466944K Free: 319101K (68%)
----------------- Invoking toplevel() on ptolemy.moml.MoMLSimpleApplication@64a1f78f
----------------- Done invoking toplevel() on ptolemy.moml.MoMLSimpleApplication@64a1f78f
reloadAllAccessors: .RampFiringLimitDE

===========================================================================================
----------------- testing Fri Apr 24 14:11:34 UTC 2020 /home/travis/build/icyphy/ptII/ptolemy/actor/lib/test/auto/RampFiringLimitSDF.xml
----------------- Instantiating /home/travis/build/icyphy/ptII/ptolemy/actor/lib/test/auto/RampFiringLimitSDF.xml
2 ms. Memory: 466944K Free: 313981K (67%)
----------------- Invoking toplevel() on ptolemy.moml.MoMLSimpleApplication@280cf906
----------------- Done invoking toplevel() on ptolemy.moml.MoMLSimpleApplication@280cf906
reloadAllAccessors: .RampFiringLimitSDF

===========================================================================================
----------------- testing Fri Apr 24 14:11:34 UTC 2020 /home/travis/build/icyphy/ptII/ptolemy/actor/lib/test/auto/RandomInteger.xml
----------------- Instantiating /home/travis/build/icyphy/ptII/ptolemy/actor/lib/test/auto/RandomInteger.xml
1 ms. Memory: 466944K Free: 309899K (66%)
----------------- Invoking toplevel() on ptolemy.moml.MoMLSimpleApplication@2ae17
----------------- Done invoking toplevel() on ptolemy.moml.MoMLSimpleApplication@2ae17
reloadAllAccessors: .RandomInteger

===========================================================================================
----------------- testing Fri Apr 24 14:11:34 UTC 2020 /home/travis/build/icyphy/ptII/ptolemy/actor/lib/test/auto/ReadFile1.xml
----------------- Instantiating /home/travis/build/icyphy/ptII/ptolemy/actor/lib/test/auto/ReadFile1.xml
2 ms. Memory: 466944K Free: 304773K (65%)
----------------- Invoking toplevel() on ptolemy.moml.MoMLSimpleApplication@5ad71ea5
----------------- Done invoking toplevel() on ptolemy.moml.MoMLSimpleApplication@5ad71ea5
reloadAllAccessors: .ReadFile1

===========================================================================================
----------------- testing Fri Apr 24 14:11:34 UTC 2020 /home/travis/build/icyphy/ptII/ptolemy/actor/lib/test/auto/ReadFile2.xml
----------------- Instantiating /home/travis/build/icyphy/ptII/ptolemy/actor/lib/test/auto/ReadFile2.xml
1 ms. Memory: 466944K Free: 300683K (64%)
----------------- Invoking toplevel() on ptolemy.moml.MoMLSimpleApplication@374e66ab
----------------- Done invoking toplevel() on ptolemy.moml.MoMLSimpleApplication@374e66ab
reloadAllAccessors: .ReadFile2

===========================================================================================
----------------- testing Fri Apr 24 14:11:34 UTC 2020 /home/travis/build/icyphy/ptII/ptolemy/actor/lib/test/auto/Reader.xml
----------------- Instantiating /home/travis/build/icyphy/ptII/ptolemy/actor/lib/test/auto/Reader.xml
actor.lib.Reader is obsolete, use actor.lib.io.ExpressionReader instead
1 ms. Memory: 466944K Free: 296587K (64%)
----------------- Invoking toplevel() on ptolemy.moml.MoMLSimpleApplication@31b5e416
----------------- Done invoking toplevel() on ptolemy.moml.MoMLSimpleApplication@31b5e416
reloadAllAccessors: .Reader

===========================================================================================
----------------- testing Fri Apr 24 14:11:34 UTC 2020 /home/travis/build/icyphy/ptII/ptolemy/actor/lib/test/auto/RecordAssemblerDisplayNameTest.xml
----------------- Instantiating /home/travis/build/icyphy/ptII/ptolemy/actor/lib/test/auto/RecordAssemblerDisplayNameTest.xml
3057 ms. Memory: 466944K Free: 166823K (36%)
----------------- Invoking toplevel() on ptolemy.moml.MoMLSimpleApplication@3de8ea63
----------------- Done invoking toplevel() on ptolemy.moml.MoMLSimpleApplication@3de8ea63
reloadAllAccessors: .RecordAssemblerDisplayNameTest

===========================================================================================
----------------- testing Fri Apr 24 14:11:37 UTC 2020 /home/travis/build/icyphy/ptII/ptolemy/actor/lib/test/auto/RecordAssemblerTypeError.xml
----------------- Instantiating /home/travis/build/icyphy/ptII/ptolemy/actor/lib/test/auto/RecordAssemblerTypeError.xml
5 ms. Memory: 466944K Free: 157097K (34%)
----------------- Invoking toplevel() on ptolemy.moml.MoMLSimpleApplication@66160302
----------------- Done invoking toplevel() on ptolemy.moml.MoMLSimpleApplication@66160302
reloadAllAccessors: .RecordAssemblerTypeError

===========================================================================================
----------------- testing Fri Apr 24 14:11:37 UTC 2020 /home/travis/build/icyphy/ptII/ptolemy/actor/lib/test/auto/RecordDisassember.xml
----------------- Instantiating /home/travis/build/icyphy/ptII/ptolemy/actor/lib/test/auto/RecordDisassember.xml
4 ms. Memory: 466944K Free: 152457K (33%)
----------------- Invoking toplevel() on ptolemy.moml.MoMLSimpleApplication@2ecc67da
----------------- Done invoking toplevel() on ptolemy.moml.MoMLSimpleApplication@2ecc67da
reloadAllAccessors: .RecordDisassember

===========================================================================================
----------------- testing Fri Apr 24 14:11:37 UTC 2020 /home/travis/build/icyphy/ptII/ptolemy/actor/lib/test/auto/RecordDisassemberDisplayNameTest.xml
----------------- Instantiating /home/travis/build/icyphy/ptII/ptolemy/actor/lib/test/auto/RecordDisassemberDisplayNameTest.xml
5 ms. Memory: 466944K Free: 144295K (31%)
----------------- Invoking toplevel() on ptolemy.moml.MoMLSimpleApplication@7c2da43c
----------------- Done invoking toplevel() on ptolemy.moml.MoMLSimpleApplication@7c2da43c
reloadAllAccessors: .RecordDisassemberDisplayNameTest

===========================================================================================
----------------- testing Fri Apr 24 14:11:37 UTC 2020 /home/travis/build/icyphy/ptII/ptolemy/actor/lib/test/auto/RecordDisassembler.xml
----------------- Instantiating /home/travis/build/icyphy/ptII/ptolemy/actor/lib/test/auto/RecordDisassembler.xml
2 ms. Memory: 466944K Free: 415373K (89%)
----------------- Invoking toplevel() on ptolemy.moml.MoMLSimpleApplication@1d62ac86
----------------- Done invoking toplevel() on ptolemy.moml.MoMLSimpleApplication@1d62ac86
reloadAllAccessors: .RecordDisassembler

===========================================================================================
----------------- testing Fri Apr 24 14:11:37 UTC 2020 /home/travis/build/icyphy/ptII/ptolemy/actor/lib/test/auto/RecordDisassembler2.xml
----------------- Instantiating /home/travis/build/icyphy/ptII/ptolemy/actor/lib/test/auto/RecordDisassembler2.xml
2 ms. Memory: 466944K Free: 410253K (88%)
----------------- Invoking toplevel() on ptolemy.moml.MoMLSimpleApplication@1f01f7ab
----------------- Done invoking toplevel() on ptolemy.moml.MoMLSimpleApplication@1f01f7ab
reloadAllAccessors: .RecordDisassembler2

===========================================================================================
----------------- testing Fri Apr 24 14:11:37 UTC 2020 /home/travis/build/icyphy/ptII/ptolemy/actor/lib/test/auto/RecordUpdater.xml
----------------- Instantiating /home/travis/build/icyphy/ptII/ptolemy/actor/lib/test/auto/RecordUpdater.xml
1 ms. Memory: 466944K Free: 405147K (87%)
----------------- Invoking toplevel() on ptolemy.moml.MoMLSimpleApplication@6bdb7260
----------------- Done invoking toplevel() on ptolemy.moml.MoMLSimpleApplication@6bdb7260
reloadAllAccessors: .RecordUpdater

===========================================================================================
----------------- testing Fri Apr 24 14:11:37 UTC 2020 /home/travis/build/icyphy/ptII/ptolemy/actor/lib/test/auto/RecordUpdater2.xml
----------------- Instantiating /home/travis/build/icyphy/ptII/ptolemy/actor/lib/test/auto/RecordUpdater2.xml
2 ms. Memory: 466944K Free: 400027K (86%)
----------------- Invoking toplevel() on ptolemy.moml.MoMLSimpleApplication@e41096e
----------------- Done invoking toplevel() on ptolemy.moml.MoMLSimpleApplication@e41096e
reloadAllAccessors: .RecordUpdater2

===========================================================================================
----------------- testing Fri Apr 24 14:11:37 UTC 2020 /home/travis/build/icyphy/ptII/ptolemy/actor/lib/test/auto/RecursiveLattice.xml
----------------- Instantiating /home/travis/build/icyphy/ptII/ptolemy/actor/lib/test/auto/RecursiveLattice.xml
1 ms. Memory: 466944K Free: 395931K (85%)
----------------- Invoking toplevel() on ptolemy.moml.MoMLSimpleApplication@4eb8a41b
----------------- Done invoking toplevel() on ptolemy.moml.MoMLSimpleApplication@4eb8a41b
reloadAllAccessors: .RecursiveLattice

===========================================================================================
----------------- testing Fri Apr 24 14:11:37 UTC 2020 /home/travis/build/icyphy/ptII/ptolemy/actor/lib/test/auto/Router.xml
----------------- Instantiating /home/travis/build/icyphy/ptII/ptolemy/actor/lib/test/auto/Router.xml
3003 ms. Memory: 466944K Free: 384157K (82%)
----------------- Invoking toplevel() on ptolemy.moml.MoMLSimpleApplication@1ecdf45d
----------------- Done invoking toplevel() on ptolemy.moml.MoMLSimpleApplication@1ecdf45d
reloadAllAccessors: .Router

===========================================================================================
----------------- testing Fri Apr 24 14:11:40 UTC 2020 /home/travis/build/icyphy/ptII/ptolemy/actor/lib/test/auto/Router2.xml
----------------- Instantiating /home/travis/build/icyphy/ptII/ptolemy/actor/lib/test/auto/Router2.xml
3006 ms. Memory: 466944K Free: 372893K (80%)
----------------- Invoking toplevel() on ptolemy.moml.MoMLSimpleApplication@27d05356
----------------- Done invoking toplevel() on ptolemy.moml.MoMLSimpleApplication@27d05356
reloadAllAccessors: .Router2

===========================================================================================
----------------- testing Fri Apr 24 14:11:43 UTC 2020 /home/travis/build/icyphy/ptII/ptolemy/actor/lib/test/auto/RunningMaximum.xml
----------------- Instantiating /home/travis/build/icyphy/ptII/ptolemy/actor/lib/test/auto/RunningMaximum.xml
7 ms. Memory: 466944K Free: 368283K (79%)
----------------- Invoking toplevel() on ptolemy.moml.MoMLSimpleApplication@71a532f9
----------------- Done invoking toplevel() on ptolemy.moml.MoMLSimpleApplication@71a532f9
reloadAllAccessors: .RunningMaximum

===========================================================================================
----------------- testing Fri Apr 24 14:11:43 UTC 2020 /home/travis/build/icyphy/ptII/ptolemy/actor/lib/test/auto/RunningMinimum.xml
----------------- Instantiating /home/travis/build/icyphy/ptII/ptolemy/actor/lib/test/auto/RunningMinimum.xml
2 ms. Memory: 466944K Free: 363677K (78%)
----------------- Invoking toplevel() on ptolemy.moml.MoMLSimpleApplication@15f36b30
----------------- Done invoking toplevel() on ptolemy.moml.MoMLSimpleApplication@15f36b30
reloadAllAccessors: .RunningMinimum

===========================================================================================
----------------- testing Fri Apr 24 14:11:43 UTC 2020 /home/travis/build/icyphy/ptII/ptolemy/actor/lib/test/auto/Scale.xml
----------------- Instantiating /home/travis/build/icyphy/ptII/ptolemy/actor/lib/test/auto/Scale.xml
1 ms. Memory: 466944K Free: 359067K (77%)
----------------- Invoking toplevel() on ptolemy.moml.MoMLSimpleApplication@765b9765
----------------- Done invoking toplevel() on ptolemy.moml.MoMLSimpleApplication@765b9765
reloadAllAccessors: .Scale

===========================================================================================
----------------- testing Fri Apr 24 14:11:43 UTC 2020 /home/travis/build/icyphy/ptII/ptolemy/actor/lib/test/auto/Scale2.xml
----------------- Instantiating /home/travis/build/icyphy/ptII/ptolemy/actor/lib/test/auto/Scale2.xml
2 ms. Memory: 466944K Free: 354461K (76%)
----------------- Invoking toplevel() on ptolemy.moml.MoMLSimpleApplication@9d3e867
----------------- Done invoking toplevel() on ptolemy.moml.MoMLSimpleApplication@9d3e867
reloadAllAccessors: .Scale2

===========================================================================================
----------------- testing Fri Apr 24 14:11:43 UTC 2020 /home/travis/build/icyphy/ptII/ptolemy/actor/lib/test/auto/Scale3.xml
----------------- Instantiating /home/travis/build/icyphy/ptII/ptolemy/actor/lib/test/auto/Scale3.xml
8 ms. Memory: 466944K Free: 348317K (75%)
----------------- Invoking toplevel() on ptolemy.moml.MoMLSimpleApplication@77edba92
----------------- Done invoking toplevel() on ptolemy.moml.MoMLSimpleApplication@77edba92
reloadAllAccessors: .Scale3

===========================================================================================
----------------- testing Fri Apr 24 14:11:43 UTC 2020 /home/travis/build/icyphy/ptII/ptolemy/actor/lib/test/auto/ScaleArray.xml
----------------- Instantiating /home/travis/build/icyphy/ptII/ptolemy/actor/lib/test/auto/ScaleArray.xml
2 ms. Memory: 466944K Free: 343707K (74%)
----------------- Invoking toplevel() on ptolemy.moml.MoMLSimpleApplication@6fe5dafb
----------------- Done invoking toplevel() on ptolemy.moml.MoMLSimpleApplication@6fe5dafb
reloadAllAccessors: .ScaleArray

===========================================================================================
----------------- testing Fri Apr 24 14:11:43 UTC 2020 /home/travis/build/icyphy/ptII/ptolemy/actor/lib/test/auto/ScaleArray2.xml
----------------- Instantiating /home/travis/build/icyphy/ptII/ptolemy/actor/lib/test/auto/ScaleArray2.xml
1 ms. Memory: 466944K Free: 339101K (73%)
----------------- Invoking toplevel() on ptolemy.moml.MoMLSimpleApplication@6e08dea3
----------------- Done invoking toplevel() on ptolemy.moml.MoMLSimpleApplication@6e08dea3
reloadAllAccessors: .ScaleArray2

===========================================================================================
----------------- testing Fri Apr 24 14:11:43 UTC 2020 /home/travis/build/icyphy/ptII/ptolemy/actor/lib/test/auto/ScaleMatrix.xml
----------------- Instantiating /home/travis/build/icyphy/ptII/ptolemy/actor/lib/test/auto/ScaleMatrix.xml
97 ms. Memory: 466944K Free: 323741K (69%)
----------------- Invoking toplevel() on ptolemy.moml.MoMLSimpleApplication@2a86f9c0
----------------- Done invoking toplevel() on ptolemy.moml.MoMLSimpleApplication@2a86f9c0
reloadAllAccessors: .ScaleMatrix

===========================================================================================
----------------- testing Fri Apr 24 14:11:43 UTC 2020 /home/travis/build/icyphy/ptII/ptolemy/actor/lib/test/auto/Select.xml
----------------- Instantiating /home/travis/build/icyphy/ptII/ptolemy/actor/lib/test/auto/Select.xml
2 ms. Memory: 466944K Free: 317597K (68%)
----------------- Invoking toplevel() on ptolemy.moml.MoMLSimpleApplication@460ccc26
----------------- Done invoking toplevel() on ptolemy.moml.MoMLSimpleApplication@460ccc26
reloadAllAccessors: .Select

===========================================================================================
----------------- testing Fri Apr 24 14:11:43 UTC 2020 /home/travis/build/icyphy/ptII/ptolemy/actor/lib/test/auto/Select2.xml
----------------- Instantiating /home/travis/build/icyphy/ptII/ptolemy/actor/lib/test/auto/Select2.xml
1 ms. Memory: 466944K Free: 312987K (67%)
----------------- Invoking toplevel() on ptolemy.moml.MoMLSimpleApplication@77df7cfa
----------------- Done invoking toplevel() on ptolemy.moml.MoMLSimpleApplication@77df7cfa
reloadAllAccessors: .Select2

===========================================================================================
----------------- testing Fri Apr 24 14:11:43 UTC 2020 /home/travis/build/icyphy/ptII/ptolemy/actor/lib/test/auto/SequenceToArray2.xml
----------------- Instantiating /home/travis/build/icyphy/ptII/ptolemy/actor/lib/test/auto/SequenceToArray2.xml
87 ms. Memory: 466944K Free: 288411K (62%)
----------------- Invoking toplevel() on ptolemy.moml.MoMLSimpleApplication@12fd2fe5
----------------- Done invoking toplevel() on ptolemy.moml.MoMLSimpleApplication@12fd2fe5
reloadAllAccessors: .SequenceToArray2

===========================================================================================
----------------- testing Fri Apr 24 14:11:44 UTC 2020 /home/travis/build/icyphy/ptII/ptolemy/actor/lib/test/auto/SequentialClock.xml
----------------- Instantiating /home/travis/build/icyphy/ptII/ptolemy/actor/lib/test/auto/SequentialClock.xml
1 ms. Memory: 466944K Free: 284315K (61%)
----------------- Invoking toplevel() on ptolemy.moml.MoMLSimpleApplication@362c5850
----------------- Done invoking toplevel() on ptolemy.moml.MoMLSimpleApplication@362c5850
reloadAllAccessors: .SequentialClock

===========================================================================================
----------------- testing Fri Apr 24 14:11:44 UTC 2020 /home/travis/build/icyphy/ptII/ptolemy/actor/lib/test/auto/SetVariable.xml
----------------- Instantiating /home/travis/build/icyphy/ptII/ptolemy/actor/lib/test/auto/SetVariable.xml
2 ms. Memory: 466944K Free: 279709K (60%)
----------------- Invoking toplevel() on ptolemy.moml.MoMLSimpleApplication@4ca0ab1c
----------------- Done invoking toplevel() on ptolemy.moml.MoMLSimpleApplication@4ca0ab1c
reloadAllAccessors: .SetVariable

===========================================================================================
----------------- testing Fri Apr 24 14:11:44 UTC 2020 /home/travis/build/icyphy/ptII/ptolemy/actor/lib/test/auto/SetVariable2.xml
----------------- Instantiating /home/travis/build/icyphy/ptII/ptolemy/actor/lib/test/auto/SetVariable2.xml
5 ms. Memory: 466944K Free: 274589K (59%)
----------------- Invoking toplevel() on ptolemy.moml.MoMLSimpleApplication@139359e0
----------------- Done invoking toplevel() on ptolemy.moml.MoMLSimpleApplication@139359e0
reloadAllAccessors: .SetVariable2

===========================================================================================
----------------- testing Fri Apr 24 14:11:44 UTC 2020 /home/travis/build/icyphy/ptII/ptolemy/actor/lib/test/auto/SetVariable3.xml
----------------- Instantiating /home/travis/build/icyphy/ptII/ptolemy/actor/lib/test/auto/SetVariable3.xml
8 ms. Memory: 466944K Free: 269469K (58%)
----------------- Invoking toplevel() on ptolemy.moml.MoMLSimpleApplication@9b9400b
----------------- Done invoking toplevel() on ptolemy.moml.MoMLSimpleApplication@9b9400b
reloadAllAccessors: .SetVariable3

===========================================================================================
----------------- testing Fri Apr 24 14:11:44 UTC 2020 /home/travis/build/icyphy/ptII/ptolemy/actor/lib/test/auto/SetVariable4.xml
----------------- Instantiating /home/travis/build/icyphy/ptII/ptolemy/actor/lib/test/auto/SetVariable4.xml
12 ms. Memory: 466944K Free: 260253K (56%)
----------------- Invoking toplevel() on ptolemy.moml.MoMLSimpleApplication@72ab0792
----------------- Done invoking toplevel() on ptolemy.moml.MoMLSimpleApplication@72ab0792
reloadAllAccessors: .SetVariable4

===========================================================================================
----------------- testing Fri Apr 24 14:11:44 UTC 2020 /home/travis/build/icyphy/ptII/ptolemy/actor/lib/test/auto/SetVariable5.xml
----------------- Instantiating /home/travis/build/icyphy/ptII/ptolemy/actor/lib/test/auto/SetVariable5.xml
17 ms. Memory: 466944K Free: 251037K (54%)
----------------- Invoking toplevel() on ptolemy.moml.MoMLSimpleApplication@313f4ba3
----------------- Done invoking toplevel() on ptolemy.moml.MoMLSimpleApplication@313f4ba3
reloadAllAccessors: .SetVariable5

===========================================================================================
----------------- testing Fri Apr 24 14:11:44 UTC 2020 /home/travis/build/icyphy/ptII/ptolemy/actor/lib/test/auto/Sinewave.xml
----------------- Instantiating /home/travis/build/icyphy/ptII/ptolemy/actor/lib/test/auto/Sinewave.xml
4 ms. Memory: 466944K Free: 240797K (52%)
----------------- Invoking toplevel() on ptolemy.moml.MoMLSimpleApplication@1055f7c6
----------------- Done invoking toplevel() on ptolemy.moml.MoMLSimpleApplication@1055f7c6
reloadAllAccessors: .Sinewave

===========================================================================================
----------------- testing Fri Apr 24 14:11:44 UTC 2020 /home/travis/build/icyphy/ptII/ptolemy/actor/lib/test/auto/Sinewave2.xml
----------------- Instantiating /home/travis/build/icyphy/ptII/ptolemy/actor/lib/test/auto/Sinewave2.xml
4 ms. Memory: 466944K Free: 232605K (50%)
----------------- Invoking toplevel() on ptolemy.moml.MoMLSimpleApplication@403f63ab
----------------- Done invoking toplevel() on ptolemy.moml.MoMLSimpleApplication@403f63ab
reloadAllAccessors: .Sinewave2

===========================================================================================
----------------- testing Fri Apr 24 14:11:44 UTC 2020 /home/travis/build/icyphy/ptII/ptolemy/actor/lib/test/auto/Sinewave3.xml
----------------- Instantiating /home/travis/build/icyphy/ptII/ptolemy/actor/lib/test/auto/Sinewave3.xml
7 ms. Memory: 466944K Free: 223899K (48%)
----------------- Invoking toplevel() on ptolemy.moml.MoMLSimpleApplication@78831e34
----------------- Done invoking toplevel() on ptolemy.moml.MoMLSimpleApplication@78831e34
reloadAllAccessors: .Sinewave3

===========================================================================================
----------------- testing Fri Apr 24 14:11:44 UTC 2020 /home/travis/build/icyphy/ptII/ptolemy/actor/lib/test/auto/SingleEvent.xml
----------------- Instantiating /home/travis/build/icyphy/ptII/ptolemy/actor/lib/test/auto/SingleEvent.xml
1 ms. Memory: 466944K Free: 219803K (47%)
----------------- Invoking toplevel() on ptolemy.moml.MoMLSimpleApplication@520957f5
----------------- Done invoking toplevel() on ptolemy.moml.MoMLSimpleApplication@520957f5
reloadAllAccessors: .SingleEvent

===========================================================================================
----------------- testing Fri Apr 24 14:11:44 UTC 2020 /home/travis/build/icyphy/ptII/ptolemy/actor/lib/test/auto/Sleep.xml
----------------- Instantiating /home/travis/build/icyphy/ptII/ptolemy/actor/lib/test/auto/Sleep.xml
6003 ms. Memory: 466944K Free: 214653K (46%)
----------------- Invoking toplevel() on ptolemy.moml.MoMLSimpleApplication@8022e3c
----------------- Done invoking toplevel() on ptolemy.moml.MoMLSimpleApplication@8022e3c
reloadAllAccessors: .Sleep

===========================================================================================
----------------- testing Fri Apr 24 14:11:50 UTC 2020 /home/travis/build/icyphy/ptII/ptolemy/actor/lib/test/auto/SleepMultipleFire.xml
----------------- Instantiating /home/travis/build/icyphy/ptII/ptolemy/actor/lib/test/auto/SleepMultipleFire.xml
1012 ms. Memory: 466944K Free: 209053K (45%)
----------------- Invoking toplevel() on ptolemy.moml.MoMLSimpleApplication@41838c87
----------------- Done invoking toplevel() on ptolemy.moml.MoMLSimpleApplication@41838c87
reloadAllAccessors: .SleepMultipleFire

===========================================================================================
----------------- testing Fri Apr 24 14:11:51 UTC 2020 /home/travis/build/icyphy/ptII/ptolemy/actor/lib/test/auto/StopDE.xml
----------------- Instantiating /home/travis/build/icyphy/ptII/ptolemy/actor/lib/test/auto/StopDE.xml
5 ms. Memory: 466944K Free: 202395K (43%)
----------------- Invoking toplevel() on ptolemy.moml.MoMLSimpleApplication@5085f18c
----------------- Done invoking toplevel() on ptolemy.moml.MoMLSimpleApplication@5085f18c
reloadAllAccessors: .StopDE

===========================================================================================
----------------- testing Fri Apr 24 14:11:51 UTC 2020 /home/travis/build/icyphy/ptII/ptolemy/actor/lib/test/auto/StopSDF.xml
----------------- Instantiating /home/travis/build/icyphy/ptII/ptolemy/actor/lib/test/auto/StopSDF.xml
4 ms. Memory: 466944K Free: 197275K (42%)
----------------- Invoking toplevel() on ptolemy.moml.MoMLSimpleApplication@3b1ade9d
----------------- Done invoking toplevel() on ptolemy.moml.MoMLSimpleApplication@3b1ade9d
reloadAllAccessors: .StopSDF

===========================================================================================
----------------- testing Fri Apr 24 14:11:51 UTC 2020 /home/travis/build/icyphy/ptII/ptolemy/actor/lib/test/auto/StringConstant.xml
----------------- Instantiating /home/travis/build/icyphy/ptII/ptolemy/actor/lib/test/auto/StringConstant.xml
11 ms. Memory: 466944K Free: 192669K (41%)
----------------- Invoking toplevel() on ptolemy.moml.MoMLSimpleApplication@3478b03
----------------- Done invoking toplevel() on ptolemy.moml.MoMLSimpleApplication@3478b03
reloadAllAccessors: .StringConstant

===========================================================================================
----------------- testing Fri Apr 24 14:11:51 UTC 2020 /home/travis/build/icyphy/ptII/ptolemy/actor/lib/test/auto/SubscriberPortInitialValues1.xml
----------------- Instantiating /home/travis/build/icyphy/ptII/ptolemy/actor/lib/test/auto/SubscriberPortInitialValues1.xml
10 ms. Memory: 466944K Free: 183963K (39%)
----------------- Invoking toplevel() on ptolemy.moml.MoMLSimpleApplication@3944d8dc
----------------- Done invoking toplevel() on ptolemy.moml.MoMLSimpleApplication@3944d8dc
reloadAllAccessors: .SubscriberPortInitialValues1

===========================================================================================
----------------- testing Fri Apr 24 14:11:51 UTC 2020 /home/travis/build/icyphy/ptII/ptolemy/actor/lib/test/auto/SubscriberPortInitialValues13.xml
----------------- Instantiating /home/travis/build/icyphy/ptII/ptolemy/actor/lib/test/auto/SubscriberPortInitialValues13.xml
8 ms. Memory: 466944K Free: 171165K (37%)
----------------- Invoking toplevel() on ptolemy.moml.MoMLSimpleApplication@6825e118
----------------- Done invoking toplevel() on ptolemy.moml.MoMLSimpleApplication@6825e118
reloadAllAccessors: .SubscriberPortInitialValues13

===========================================================================================
----------------- testing Fri Apr 24 14:11:51 UTC 2020 /home/travis/build/icyphy/ptII/ptolemy/actor/lib/test/auto/SubscriberPortInitialValues14.xml
----------------- Instantiating /home/travis/build/icyphy/ptII/ptolemy/actor/lib/test/auto/SubscriberPortInitialValues14.xml
4 ms. Memory: 466944K Free: 163483K (35%)
----------------- Invoking toplevel() on ptolemy.moml.MoMLSimpleApplication@6edaaaf6
----------------- Done invoking toplevel() on ptolemy.moml.MoMLSimpleApplication@6edaaaf6
reloadAllAccessors: .SubscriberPortInitialValues14

===========================================================================================
----------------- testing Fri Apr 24 14:11:51 UTC 2020 /home/travis/build/icyphy/ptII/ptolemy/actor/lib/test/auto/SubscriberPortInitialValues2.xml
----------------- Instantiating /home/travis/build/icyphy/ptII/ptolemy/actor/lib/test/auto/SubscriberPortInitialValues2.xml
4 ms. Memory: 466944K Free: 155805K (33%)
----------------- Invoking toplevel() on ptolemy.moml.MoMLSimpleApplication@5155c7a7
----------------- Done invoking toplevel() on ptolemy.moml.MoMLSimpleApplication@5155c7a7
reloadAllAccessors: .SubscriberPortInitialValues2

===========================================================================================
----------------- testing Fri Apr 24 14:11:51 UTC 2020 /home/travis/build/icyphy/ptII/ptolemy/actor/lib/test/auto/SubscriberPortInitialValues3.xml
----------------- Instantiating /home/travis/build/icyphy/ptII/ptolemy/actor/lib/test/auto/SubscriberPortInitialValues3.xml
5 ms. Memory: 466944K Free: 144541K (31%)
----------------- Invoking toplevel() on ptolemy.moml.MoMLSimpleApplication@4b4df49b
----------------- Done invoking toplevel() on ptolemy.moml.MoMLSimpleApplication@4b4df49b
reloadAllAccessors: .SubscriberPortInitialValues3

===========================================================================================
----------------- testing Fri Apr 24 14:11:51 UTC 2020 /home/travis/build/icyphy/ptII/ptolemy/actor/lib/test/auto/SubscriptionAggregator.xml
----------------- Instantiating /home/travis/build/icyphy/ptII/ptolemy/actor/lib/test/auto/SubscriptionAggregator.xml
4 ms. Memory: 466944K Free: 413301K (89%)
----------------- Invoking toplevel() on ptolemy.moml.MoMLSimpleApplication@5500bf9c
----------------- Done invoking toplevel() on ptolemy.moml.MoMLSimpleApplication@5500bf9c
reloadAllAccessors: .SubscriptionAggregator

===========================================================================================
----------------- testing Fri Apr 24 14:11:51 UTC 2020 /home/travis/build/icyphy/ptII/ptolemy/actor/lib/test/auto/SubscriptionAggregator2.xml
----------------- Instantiating /home/travis/build/icyphy/ptII/ptolemy/actor/lib/test/auto/SubscriptionAggregator2.xml
2 ms. Memory: 466944K Free: 406157K (87%)
----------------- Invoking toplevel() on ptolemy.moml.MoMLSimpleApplication@1f5a7e46
----------------- Done invoking toplevel() on ptolemy.moml.MoMLSimpleApplication@1f5a7e46
reloadAllAccessors: .SubscriptionAggregator2

===========================================================================================
----------------- testing Fri Apr 24 14:11:51 UTC 2020 /home/travis/build/icyphy/ptII/ptolemy/actor/lib/test/auto/SubscriptionAggregator3.xml
----------------- Instantiating /home/travis/build/icyphy/ptII/ptolemy/actor/lib/test/auto/SubscriptionAggregator3.xml
4 ms. Memory: 466944K Free: 397461K (85%)
----------------- Invoking toplevel() on ptolemy.moml.MoMLSimpleApplication@7e6b15b
----------------- Done invoking toplevel() on ptolemy.moml.MoMLSimpleApplication@7e6b15b
reloadAllAccessors: .SubscriptionAggregator3

===========================================================================================
----------------- testing Fri Apr 24 14:11:51 UTC 2020 /home/travis/build/icyphy/ptII/ptolemy/actor/lib/test/auto/SubscriptionAggregatorMultiply.xml
----------------- Instantiating /home/travis/build/icyphy/ptII/ptolemy/actor/lib/test/auto/SubscriptionAggregatorMultiply.xml
13 ms. Memory: 466944K Free: 389269K (83%)
----------------- Invoking toplevel() on ptolemy.moml.MoMLSimpleApplication@13e73c9e
----------------- Done invoking toplevel() on ptolemy.moml.MoMLSimpleApplication@13e73c9e
reloadAllAccessors: .SubscriptionAggregatorMultiply

===========================================================================================
----------------- testing Fri Apr 24 14:11:51 UTC 2020 /home/travis/build/icyphy/ptII/ptolemy/actor/lib/test/auto/SubscriptionAggregatorPortMultiply1.xml
----------------- Instantiating /home/travis/build/icyphy/ptII/ptolemy/actor/lib/test/auto/SubscriptionAggregatorPortMultiply1.xml
3 ms. Memory: 466944K Free: 381587K (82%)
----------------- Invoking toplevel() on ptolemy.moml.MoMLSimpleApplication@24a707f
----------------- Done invoking toplevel() on ptolemy.moml.MoMLSimpleApplication@24a707f
reloadAllAccessors: .SubscriptionAggregatorPortMultiply1

===========================================================================================
----------------- testing Fri Apr 24 14:11:51 UTC 2020 /home/travis/build/icyphy/ptII/ptolemy/actor/lib/test/auto/Switch.xml
----------------- Instantiating /home/travis/build/icyphy/ptII/ptolemy/actor/lib/test/auto/Switch.xml
9 ms. Memory: 466944K Free: 373395K (80%)
----------------- Invoking toplevel() on ptolemy.moml.MoMLSimpleApplication@a6ba29a
----------------- Done invoking toplevel() on ptolemy.moml.MoMLSimpleApplication@a6ba29a
reloadAllAccessors: .Switch

===========================================================================================
----------------- testing Fri Apr 24 14:11:51 UTC 2020 /home/travis/build/icyphy/ptII/ptolemy/actor/lib/test/auto/Switch2.xml
----------------- Instantiating /home/travis/build/icyphy/ptII/ptolemy/actor/lib/test/auto/Switch2.xml
2 ms. Memory: 466944K Free: 368789K (79%)
----------------- Invoking toplevel() on ptolemy.moml.MoMLSimpleApplication@166a2448
----------------- Done invoking toplevel() on ptolemy.moml.MoMLSimpleApplication@166a2448
reloadAllAccessors: .Switch2

===========================================================================================
----------------- testing Fri Apr 24 14:11:51 UTC 2020 /home/travis/build/icyphy/ptII/ptolemy/actor/lib/test/auto/SwitchDE.xml
----------------- Instantiating /home/travis/build/icyphy/ptII/ptolemy/actor/lib/test/auto/SwitchDE.xml
3 ms. Memory: 466944K Free: 362645K (78%)
----------------- Invoking toplevel() on ptolemy.moml.MoMLSimpleApplication@1fa84a27
----------------- Done invoking toplevel() on ptolemy.moml.MoMLSimpleApplication@1fa84a27
reloadAllAccessors: .SwitchDE

===========================================================================================
----------------- testing Fri Apr 24 14:11:51 UTC 2020 /home/travis/build/icyphy/ptII/ptolemy/actor/lib/test/auto/SynchronizerDE.xml
----------------- Instantiating /home/travis/build/icyphy/ptII/ptolemy/actor/lib/test/auto/SynchronizerDE.xml
6 ms. Memory: 466944K Free: 354453K (76%)
----------------- Invoking toplevel() on ptolemy.moml.MoMLSimpleApplication@1a0c39ef
----------------- Done invoking toplevel() on ptolemy.moml.MoMLSimpleApplication@1a0c39ef
reloadAllAccessors: .SynchronizerDE

===========================================================================================
----------------- testing Fri Apr 24 14:11:51 UTC 2020 /home/travis/build/icyphy/ptII/ptolemy/actor/lib/test/auto/Test.xml
----------------- Instantiating /home/travis/build/icyphy/ptII/ptolemy/actor/lib/test/auto/Test.xml
1 ms. Memory: 466944K Free: 349333K (75%)
----------------- Invoking toplevel() on ptolemy.moml.MoMLSimpleApplication@7408a34f
----------------- Done invoking toplevel() on ptolemy.moml.MoMLSimpleApplication@7408a34f
reloadAllAccessors: .Test

===========================================================================================
----------------- testing Fri Apr 24 14:11:51 UTC 2020 /home/travis/build/icyphy/ptII/ptolemy/actor/lib/test/auto/TestExceptionAttribute1.xml
----------------- Instantiating /home/travis/build/icyphy/ptII/ptolemy/actor/lib/test/auto/TestExceptionAttribute1.xml
1 ms. Memory: 466944K Free: 345747K (74%)
----------------- Invoking toplevel() on ptolemy.moml.MoMLSimpleApplication@2f2e3b46
----------------- Done invoking toplevel() on ptolemy.moml.MoMLSimpleApplication@2f2e3b46
reloadAllAccessors: .TestExceptionAttribute1

===========================================================================================
----------------- testing Fri Apr 24 14:11:51 UTC 2020 /home/travis/build/icyphy/ptII/ptolemy/actor/lib/test/auto/TestExceptionAttribute2.xml
----------------- Instantiating /home/travis/build/icyphy/ptII/ptolemy/actor/lib/test/auto/TestExceptionAttribute2.xml
1 ms. Memory: 466944K Free: 342165K (73%)
----------------- Invoking toplevel() on ptolemy.moml.MoMLSimpleApplication@68882267
----------------- Done invoking toplevel() on ptolemy.moml.MoMLSimpleApplication@68882267
reloadAllAccessors: .TestExceptionAttribute2

===========================================================================================
----------------- testing Fri Apr 24 14:11:51 UTC 2020 /home/travis/build/icyphy/ptII/ptolemy/actor/lib/test/auto/TestExceptionAttribute3.xml
----------------- Instantiating /home/travis/build/icyphy/ptII/ptolemy/actor/lib/test/auto/TestExceptionAttribute3.xml
.TestExceptionAttribute3.TestExceptionAttribute: initialize() was not invoked, but wrapup() was.  This is unusual, but not always a problem.  For example, exporting JNLP will do this.
1 ms. Memory: 466944K Free: 338579K (73%)
----------------- Invoking toplevel() on ptolemy.moml.MoMLSimpleApplication@1b184d01
----------------- Done invoking toplevel() on ptolemy.moml.MoMLSimpleApplication@1b184d01
reloadAllAccessors: .TestExceptionAttribute3

===========================================================================================
----------------- testing Fri Apr 24 14:11:51 UTC 2020 /home/travis/build/icyphy/ptII/ptolemy/actor/lib/test/auto/TestExceptionAttribute4.xml
----------------- Instantiating /home/travis/build/icyphy/ptII/ptolemy/actor/lib/test/auto/TestExceptionAttribute4.xml
.TestExceptionAttribute4.TestExceptionAttribute: initialize() was not invoked, but wrapup() was.  This is unusual, but not always a problem.  For example, exporting JNLP will do this.
.TestExceptionAttribute4.TestExceptionAttribute2: initialize() was not invoked, but wrapup() was.  This is unusual, but not always a problem.  For example, exporting JNLP will do this.
0 ms. Memory: 466944K Free: 334483K (72%)
----------------- Invoking toplevel() on ptolemy.moml.MoMLSimpleApplication@3ef3bdb2
----------------- Done invoking toplevel() on ptolemy.moml.MoMLSimpleApplication@3ef3bdb2
reloadAllAccessors: .TestExceptionAttribute4

===========================================================================================
----------------- testing Fri Apr 24 14:11:51 UTC 2020 /home/travis/build/icyphy/ptII/ptolemy/actor/lib/test/auto/TestExceptionHandler1.xml
----------------- Instantiating /home/travis/build/icyphy/ptII/ptolemy/actor/lib/test/auto/TestExceptionHandler1.xml
1 ms. Memory: 466944K Free: 330901K (71%)
----------------- Invoking toplevel() on ptolemy.moml.MoMLSimpleApplication@5f1e8a0e
----------------- Done invoking toplevel() on ptolemy.moml.MoMLSimpleApplication@5f1e8a0e
reloadAllAccessors: .TestExceptionHandler1

===========================================================================================
----------------- testing Fri Apr 24 14:11:51 UTC 2020 /home/travis/build/icyphy/ptII/ptolemy/actor/lib/test/auto/TestExceptionHandler2.xml
----------------- Instantiating /home/travis/build/icyphy/ptII/ptolemy/actor/lib/test/auto/TestExceptionHandler2.xml
1 ms. Memory: 466944K Free: 327315K (70%)
----------------- Invoking toplevel() on ptolemy.moml.MoMLSimpleApplication@15994dff
----------------- Done invoking toplevel() on ptolemy.moml.MoMLSimpleApplication@15994dff
reloadAllAccessors: .TestExceptionHandler2

===========================================================================================
----------------- testing Fri Apr 24 14:11:51 UTC 2020 /home/travis/build/icyphy/ptII/ptolemy/actor/lib/test/auto/TestExceptionHandler3.xml
----------------- Instantiating /home/travis/build/icyphy/ptII/ptolemy/actor/lib/test/auto/TestExceptionHandler3.xml
0 ms. Memory: 466944K Free: 323219K (69%)
----------------- Invoking toplevel() on ptolemy.moml.MoMLSimpleApplication@103fcd71
----------------- Done invoking toplevel() on ptolemy.moml.MoMLSimpleApplication@103fcd71
reloadAllAccessors: .TestExceptionHandler3

===========================================================================================
----------------- testing Fri Apr 24 14:11:51 UTC 2020 /home/travis/build/icyphy/ptII/ptolemy/actor/lib/test/auto/TestExceptionHandler4.xml
----------------- Instantiating /home/travis/build/icyphy/ptII/ptolemy/actor/lib/test/auto/TestExceptionHandler4.xml
1 ms. Memory: 466944K Free: 319123K (68%)
----------------- Invoking toplevel() on ptolemy.moml.MoMLSimpleApplication@26c81ad7
----------------- Done invoking toplevel() on ptolemy.moml.MoMLSimpleApplication@26c81ad7
reloadAllAccessors: .TestExceptionHandler4

===========================================================================================
----------------- testing Fri Apr 24 14:11:51 UTC 2020 /home/travis/build/icyphy/ptII/ptolemy/actor/lib/test/auto/TestRequireCorrectOrder.xml
----------------- Instantiating /home/travis/build/icyphy/ptII/ptolemy/actor/lib/test/auto/TestRequireCorrectOrder.xml
5 ms. Memory: 466944K Free: 313989K (67%)
----------------- Invoking toplevel() on ptolemy.moml.MoMLSimpleApplication@6cda43aa
----------------- Done invoking toplevel() on ptolemy.moml.MoMLSimpleApplication@6cda43aa
reloadAllAccessors: .TestRequireCorrectOrder

===========================================================================================
----------------- testing Fri Apr 24 14:11:51 UTC 2020 /home/travis/build/icyphy/ptII/ptolemy/actor/lib/test/auto/TestSimple.xml
----------------- Instantiating /home/travis/build/icyphy/ptII/ptolemy/actor/lib/test/auto/TestSimple.xml
2 ms. Memory: 466944K Free: 309907K (66%)
----------------- Invoking toplevel() on ptolemy.moml.MoMLSimpleApplication@3e3548e7
----------------- Done invoking toplevel() on ptolemy.moml.MoMLSimpleApplication@3e3548e7
reloadAllAccessors: .TestSimple

===========================================================================================
----------------- testing Fri Apr 24 14:11:51 UTC 2020 /home/travis/build/icyphy/ptII/ptolemy/actor/lib/test/auto/ThrowModelError.xml
----------------- Instantiating /home/travis/build/icyphy/ptII/ptolemy/actor/lib/test/auto/ThrowModelError.xml
1 ms. Memory: 466944K Free: 305301K (65%)
----------------- Invoking toplevel() on ptolemy.moml.MoMLSimpleApplication@295da059
----------------- Done invoking toplevel() on ptolemy.moml.MoMLSimpleApplication@295da059
reloadAllAccessors: .ThrowModelError

===========================================================================================
----------------- testing Fri Apr 24 14:11:51 UTC 2020 /home/travis/build/icyphy/ptII/ptolemy/actor/lib/test/auto/TimeDelayMicrosteps.xml
----------------- Instantiating /home/travis/build/icyphy/ptII/ptolemy/actor/lib/test/auto/TimeDelayMicrosteps.xml
2 ms. Memory: 466944K Free: 298613K (64%)
----------------- Invoking toplevel() on ptolemy.moml.MoMLSimpleApplication@5fca5e5
----------------- Done invoking toplevel() on ptolemy.moml.MoMLSimpleApplication@5fca5e5
reloadAllAccessors: .TimeDelayMicrosteps

===========================================================================================
----------------- testing Fri Apr 24 14:11:51 UTC 2020 /home/travis/build/icyphy/ptII/ptolemy/actor/lib/test/auto/TimeDelayMicrosteps2.xml
----------------- Instantiating /home/travis/build/icyphy/ptII/ptolemy/actor/lib/test/auto/TimeDelayMicrosteps2.xml
3 ms. Memory: 466944K Free: 291445K (62%)
----------------- Invoking toplevel() on ptolemy.moml.MoMLSimpleApplication@695fbd15
----------------- Done invoking toplevel() on ptolemy.moml.MoMLSimpleApplication@695fbd15
reloadAllAccessors: .TimeDelayMicrosteps2

===========================================================================================
----------------- testing Fri Apr 24 14:11:51 UTC 2020 /home/travis/build/icyphy/ptII/ptolemy/actor/lib/test/auto/TimeDelayMicrosteps3.xml
----------------- Instantiating /home/travis/build/icyphy/ptII/ptolemy/actor/lib/test/auto/TimeDelayMicrosteps3.xml
3 ms. Memory: 466944K Free: 284819K (61%)
----------------- Invoking toplevel() on ptolemy.moml.MoMLSimpleApplication@54653119
----------------- Done invoking toplevel() on ptolemy.moml.MoMLSimpleApplication@54653119
reloadAllAccessors: .TimeDelayMicrosteps3

===========================================================================================
----------------- testing Fri Apr 24 14:11:51 UTC 2020 /home/travis/build/icyphy/ptII/ptolemy/actor/lib/test/auto/TimeDelayVariableMicrosteps.xml
----------------- Instantiating /home/travis/build/icyphy/ptII/ptolemy/actor/lib/test/auto/TimeDelayVariableMicrosteps.xml
2 ms. Memory: 466944K Free: 277653K (59%)
----------------- Invoking toplevel() on ptolemy.moml.MoMLSimpleApplication@7d051656
----------------- Done invoking toplevel() on ptolemy.moml.MoMLSimpleApplication@7d051656
reloadAllAccessors: .TimeDelayVariableMicrosteps

===========================================================================================
----------------- testing Fri Apr 24 14:11:51 UTC 2020 /home/travis/build/icyphy/ptII/ptolemy/actor/lib/test/auto/TimeGap.xml
----------------- Instantiating /home/travis/build/icyphy/ptII/ptolemy/actor/lib/test/auto/TimeGap.xml
3 ms. Memory: 466944K Free: 272533K (58%)
----------------- Invoking toplevel() on ptolemy.moml.MoMLSimpleApplication@45dd4611
----------------- Done invoking toplevel() on ptolemy.moml.MoMLSimpleApplication@45dd4611
reloadAllAccessors: .TimeGap

===========================================================================================
----------------- testing Fri Apr 24 14:11:51 UTC 2020 /home/travis/build/icyphy/ptII/ptolemy/actor/lib/test/auto/TimeGap2.xml
----------------- Instantiating /home/travis/build/icyphy/ptII/ptolemy/actor/lib/test/auto/TimeGap2.xml
1 ms. Memory: 466944K Free: 266869K (57%)
----------------- Invoking toplevel() on ptolemy.moml.MoMLSimpleApplication@441ee76f
----------------- Done invoking toplevel() on ptolemy.moml.MoMLSimpleApplication@441ee76f
reloadAllAccessors: .TimeGap2

===========================================================================================
----------------- testing Fri Apr 24 14:11:51 UTC 2020 /home/travis/build/icyphy/ptII/ptolemy/actor/lib/test/auto/TimedSinewave.xml
----------------- Instantiating /home/travis/build/icyphy/ptII/ptolemy/actor/lib/test/auto/TimedSinewave.xml
23 ms. Memory: 466944K Free: 252053K (54%)
----------------- Invoking toplevel() on ptolemy.moml.MoMLSimpleApplication@68c1f729
----------------- Done invoking toplevel() on ptolemy.moml.MoMLSimpleApplication@68c1f729
reloadAllAccessors: .TimedSinewave

===========================================================================================
----------------- testing Fri Apr 24 14:11:51 UTC 2020 /home/travis/build/icyphy/ptII/ptolemy/actor/lib/test/auto/TimedSinewavePhase.xml
----------------- Instantiating /home/travis/build/icyphy/ptII/ptolemy/actor/lib/test/auto/TimedSinewavePhase.xml
9 ms. Memory: 466944K Free: 242323K (52%)
----------------- Invoking toplevel() on ptolemy.moml.MoMLSimpleApplication@62522cf5
----------------- Done invoking toplevel() on ptolemy.moml.MoMLSimpleApplication@62522cf5
reloadAllAccessors: .TimedSinewavePhase

===========================================================================================
----------------- testing Fri Apr 24 14:11:52 UTC 2020 /home/travis/build/icyphy/ptII/ptolemy/actor/lib/test/auto/Timer.xml
----------------- Instantiating /home/travis/build/icyphy/ptII/ptolemy/actor/lib/test/auto/Timer.xml
2 ms. Memory: 466944K Free: 236693K (51%)
----------------- Invoking toplevel() on ptolemy.moml.MoMLSimpleApplication@b1c5981
----------------- Done invoking toplevel() on ptolemy.moml.MoMLSimpleApplication@b1c5981
reloadAllAccessors: .Timer

===========================================================================================
----------------- testing Fri Apr 24 14:11:52 UTC 2020 /home/travis/build/icyphy/ptII/ptolemy/actor/lib/test/auto/TriangularDistTestModel.xml
----------------- Instantiating /home/travis/build/icyphy/ptII/ptolemy/actor/lib/test/auto/TriangularDistTestModel.xml
2 ms. Memory: 466944K Free: 231029K (49%)
----------------- Invoking toplevel() on ptolemy.moml.MoMLSimpleApplication@2b875f30
----------------- Done invoking toplevel() on ptolemy.moml.MoMLSimpleApplication@2b875f30
reloadAllAccessors: .TriangularDistTestModel

===========================================================================================
----------------- testing Fri Apr 24 14:11:52 UTC 2020 /home/travis/build/icyphy/ptII/ptolemy/actor/lib/test/auto/TrigFunction.xml
----------------- Instantiating /home/travis/build/icyphy/ptII/ptolemy/actor/lib/test/auto/TrigFunction.xml
2 ms. Memory: 466944K Free: 226453K (48%)
----------------- Invoking toplevel() on ptolemy.moml.MoMLSimpleApplication@4af3c076
----------------- Done invoking toplevel() on ptolemy.moml.MoMLSimpleApplication@4af3c076
reloadAllAccessors: .TrigFunction

===========================================================================================
----------------- testing Fri Apr 24 14:11:52 UTC 2020 /home/travis/build/icyphy/ptII/ptolemy/actor/lib/test/auto/TrigFunctionDE.xml
----------------- Instantiating /home/travis/build/icyphy/ptII/ptolemy/actor/lib/test/auto/TrigFunctionDE.xml
2 ms. Memory: 466944K Free: 220309K (47%)
----------------- Invoking toplevel() on ptolemy.moml.MoMLSimpleApplication@429591ef
----------------- Done invoking toplevel() on ptolemy.moml.MoMLSimpleApplication@429591ef
reloadAllAccessors: .TrigFunctionDE

===========================================================================================
----------------- testing Fri Apr 24 14:11:52 UTC 2020 /home/travis/build/icyphy/ptII/ptolemy/actor/lib/test/auto/TrigFunctionInverse.xml
----------------- Instantiating /home/travis/build/icyphy/ptII/ptolemy/actor/lib/test/auto/TrigFunctionInverse.xml
2 ms. Memory: 466944K Free: 215189K (46%)
----------------- Invoking toplevel() on ptolemy.moml.MoMLSimpleApplication@61f6e35d
----------------- Done invoking toplevel() on ptolemy.moml.MoMLSimpleApplication@61f6e35d
reloadAllAccessors: .TrigFunctionInverse

===========================================================================================
----------------- testing Fri Apr 24 14:11:52 UTC 2020 /home/travis/build/icyphy/ptII/ptolemy/actor/lib/test/auto/TrigFunctionTan.xml
----------------- Instantiating /home/travis/build/icyphy/ptII/ptolemy/actor/lib/test/auto/TrigFunctionTan.xml
1 ms. Memory: 466944K Free: 211093K (45%)
----------------- Invoking toplevel() on ptolemy.moml.MoMLSimpleApplication@595525ff
----------------- Done invoking toplevel() on ptolemy.moml.MoMLSimpleApplication@595525ff
reloadAllAccessors: .TrigFunctionTan

===========================================================================================
----------------- testing Fri Apr 24 14:11:52 UTC 2020 /home/travis/build/icyphy/ptII/ptolemy/actor/lib/test/auto/TriggeredClock.xml
----------------- Instantiating /home/travis/build/icyphy/ptII/ptolemy/actor/lib/test/auto/TriggeredClock.xml
1 ms. Memory: 466944K Free: 206467K (44%)
----------------- Invoking toplevel() on ptolemy.moml.MoMLSimpleApplication@3b1a7f7e
----------------- Done invoking toplevel() on ptolemy.moml.MoMLSimpleApplication@3b1a7f7e
reloadAllAccessors: .TriggeredClock

===========================================================================================
----------------- testing Fri Apr 24 14:11:52 UTC 2020 /home/travis/build/icyphy/ptII/ptolemy/actor/lib/test/auto/URLDirectoryReader.xml
----------------- Instantiating /home/travis/build/icyphy/ptII/ptolemy/actor/lib/test/auto/URLDirectoryReader.xml
38 ms. Memory: 466944K Free: 197267K (42%)
----------------- Invoking toplevel() on ptolemy.moml.MoMLSimpleApplication@1c11576
----------------- Done invoking toplevel() on ptolemy.moml.MoMLSimpleApplication@1c11576
reloadAllAccessors: .URLDirectoryReader

===========================================================================================
----------------- testing Fri Apr 24 14:11:52 UTC 2020 /home/travis/build/icyphy/ptII/ptolemy/actor/lib/test/auto/URLDirectoryReader3.xml
----------------- Instantiating /home/travis/build/icyphy/ptII/ptolemy/actor/lib/test/auto/URLDirectoryReader3.xml
1338 ms. Memory: 466944K Free: 408310K (87%)
----------------- Invoking toplevel() on ptolemy.moml.MoMLSimpleApplication@13fd64c9
----------------- Done invoking toplevel() on ptolemy.moml.MoMLSimpleApplication@13fd64c9
reloadAllAccessors: .URLDirectoryReader3

===========================================================================================
----------------- testing Fri Apr 24 14:11:53 UTC 2020 /home/travis/build/icyphy/ptII/ptolemy/actor/lib/test/auto/UnaryMathFunction.xml
----------------- Instantiating /home/travis/build/icyphy/ptII/ptolemy/actor/lib/test/auto/UnaryMathFunction.xml
2 ms. Memory: 466944K Free: 400494K (86%)
----------------- Invoking toplevel() on ptolemy.moml.MoMLSimpleApplication@698de20e
----------------- Done invoking toplevel() on ptolemy.moml.MoMLSimpleApplication@698de20e
reloadAllAccessors: .UnaryMathFunction

===========================================================================================
----------------- testing Fri Apr 24 14:11:53 UTC 2020 /home/travis/build/icyphy/ptII/ptolemy/actor/lib/test/auto/Uniform.xml
----------------- Instantiating /home/travis/build/icyphy/ptII/ptolemy/actor/lib/test/auto/Uniform.xml
2 ms. Memory: 466944K Free: 395884K (85%)
----------------- Invoking toplevel() on ptolemy.moml.MoMLSimpleApplication@4f4f719b
----------------- Done invoking toplevel() on ptolemy.moml.MoMLSimpleApplication@4f4f719b
reloadAllAccessors: .Uniform

===========================================================================================
----------------- testing Fri Apr 24 14:11:53 UTC 2020 /home/travis/build/icyphy/ptII/ptolemy/actor/lib/test/auto/UnionDisassemblerTest.xml
----------------- Instantiating /home/travis/build/icyphy/ptII/ptolemy/actor/lib/test/auto/UnionDisassemblerTest.xml
14 ms. Memory: 466944K Free: 392302K (84%)
----------------- Invoking toplevel() on ptolemy.moml.MoMLSimpleApplication@e66b49a
----------------- Done invoking toplevel() on ptolemy.moml.MoMLSimpleApplication@e66b49a
reloadAllAccessors: .UnionDisassemblerTest

===========================================================================================
----------------- testing Fri Apr 24 14:11:54 UTC 2020 /home/travis/build/icyphy/ptII/ptolemy/actor/lib/test/auto/UtilityFunctions.xml
----------------- Instantiating /home/travis/build/icyphy/ptII/ptolemy/actor/lib/test/auto/UtilityFunctions.xml
1 ms. Memory: 466944K Free: 388206K (83%)
----------------- Invoking toplevel() on ptolemy.moml.MoMLSimpleApplication@2327de7b
----------------- Done invoking toplevel() on ptolemy.moml.MoMLSimpleApplication@2327de7b
reloadAllAccessors: .UtilityFunctions

===========================================================================================
----------------- testing Fri Apr 24 14:11:54 UTC 2020 /home/travis/build/icyphy/ptII/ptolemy/actor/lib/test/auto/VariableSleep.xml
----------------- Instantiating /home/travis/build/icyphy/ptII/ptolemy/actor/lib/test/auto/VariableSleep.xml
503 ms. Memory: 466944K Free: 382572K (82%)
----------------- Invoking toplevel() on ptolemy.moml.MoMLSimpleApplication@3830eb7f
----------------- Done invoking toplevel() on ptolemy.moml.MoMLSimpleApplication@3830eb7f
reloadAllAccessors: .VariableSleep

===========================================================================================
----------------- testing Fri Apr 24 14:11:54 UTC 2020 /home/travis/build/icyphy/ptII/ptolemy/actor/lib/test/auto/VectorAssemblerDisassemblerCT.xml
----------------- Instantiating /home/travis/build/icyphy/ptII/ptolemy/actor/lib/test/auto/VectorAssemblerDisassemblerCT.xml
66 ms. Memory: 466944K Free: 361582K (77%)
----------------- Invoking toplevel() on ptolemy.moml.MoMLSimpleApplication@4c6a4e2e
----------------- Done invoking toplevel() on ptolemy.moml.MoMLSimpleApplication@4c6a4e2e
reloadAllAccessors: .VectorAssemblerDisassemblerCT

===========================================================================================
----------------- testing Fri Apr 24 14:11:54 UTC 2020 /home/travis/build/icyphy/ptII/ptolemy/actor/lib/test/auto/VectorAssemblerDisassemblerDE.xml
----------------- Instantiating /home/travis/build/icyphy/ptII/ptolemy/actor/lib/test/auto/VectorAssemblerDisassemblerDE.xml
3 ms. Memory: 466944K Free: 354414K (76%)
----------------- Invoking toplevel() on ptolemy.moml.MoMLSimpleApplication@332bd42f
----------------- Done invoking toplevel() on ptolemy.moml.MoMLSimpleApplication@332bd42f
reloadAllAccessors: .VectorAssemblerDisassemblerDE

===========================================================================================
----------------- testing Fri Apr 24 14:11:54 UTC 2020 /home/travis/build/icyphy/ptII/ptolemy/actor/lib/test/auto/VectorAssemblerDisassemblerSDF.xml
----------------- Instantiating /home/travis/build/icyphy/ptII/ptolemy/actor/lib/test/auto/VectorAssemblerDisassemblerSDF.xml
2 ms. Memory: 466944K Free: 347756K (74%)
----------------- Invoking toplevel() on ptolemy.moml.MoMLSimpleApplication@f510465
----------------- Done invoking toplevel() on ptolemy.moml.MoMLSimpleApplication@f510465
reloadAllAccessors: .VectorAssemblerDisassemblerSDF

===========================================================================================
----------------- testing Fri Apr 24 14:11:54 UTC 2020 /home/travis/build/icyphy/ptII/ptolemy/actor/lib/test/auto/WallClockTime.xml
----------------- Instantiating /home/travis/build/icyphy/ptII/ptolemy/actor/lib/test/auto/WallClockTime.xml
1004 ms. Memory: 466944K Free: 342636K (73%)
----------------- Invoking toplevel() on ptolemy.moml.MoMLSimpleApplication@4d2f896b
----------------- Done invoking toplevel() on ptolemy.moml.MoMLSimpleApplication@4d2f896b
reloadAllAccessors: .WallClockTime

===========================================================================================
----------------- testing Fri Apr 24 14:11:55 UTC 2020 /home/travis/build/icyphy/ptII/ptolemy/actor/lib/test/auto/WidthTestWithSubscriberPublisher.xml
----------------- Instantiating /home/travis/build/icyphy/ptII/ptolemy/actor/lib/test/auto/WidthTestWithSubscriberPublisher.xml
9 ms. Memory: 466944K Free: 325228K (70%)
----------------- Invoking toplevel() on ptolemy.moml.MoMLSimpleApplication@5f7afab4
----------------- Done invoking toplevel() on ptolemy.moml.MoMLSimpleApplication@5f7afab4
reloadAllAccessors: .WidthTestWithSubscriberPublisher

===========================================================================================
----------------- testing Fri Apr 24 14:11:55 UTC 2020 /home/travis/build/icyphy/ptII/ptolemy/actor/lib/test/auto/WidthTestWithSubscriberPublisher2.xml
----------------- Instantiating /home/travis/build/icyphy/ptII/ptolemy/actor/lib/test/auto/WidthTestWithSubscriberPublisher2.xml
2 ms. Memory: 466944K Free: 318060K (68%)
----------------- Invoking toplevel() on ptolemy.moml.MoMLSimpleApplication@334a11d4
----------------- Done invoking toplevel() on ptolemy.moml.MoMLSimpleApplication@334a11d4
reloadAllAccessors: .WidthTestWithSubscriberPublisher2

===========================================================================================
----------------- testing Fri Apr 24 14:11:55 UTC 2020 /home/travis/build/icyphy/ptII/ptolemy/actor/lib/test/auto/WidthTestWithSubscriberPublisher3.xml
----------------- Instantiating /home/travis/build/icyphy/ptII/ptolemy/actor/lib/test/auto/WidthTestWithSubscriberPublisher3.xml
2 ms. Memory: 466944K Free: 312430K (67%)
----------------- Invoking toplevel() on ptolemy.moml.MoMLSimpleApplication@76c4ce31
----------------- Done invoking toplevel() on ptolemy.moml.MoMLSimpleApplication@76c4ce31
reloadAllAccessors: .WidthTestWithSubscriberPublisher3

===========================================================================================
----------------- testing Fri Apr 24 14:11:55 UTC 2020 /home/travis/build/icyphy/ptII/ptolemy/actor/lib/test/auto/Writer.xml
----------------- Instantiating /home/travis/build/icyphy/ptII/ptolemy/actor/lib/test/auto/Writer.xml
0
1
2
3
4
2 ms. Memory: 466944K Free: 308334K (66%)
----------------- Invoking toplevel() on ptolemy.moml.MoMLSimpleApplication@4fd540ed
----------------- Done invoking toplevel() on ptolemy.moml.MoMLSimpleApplication@4fd540ed
reloadAllAccessors: .Writer

===========================================================================================
----------------- testing Fri Apr 24 14:11:55 UTC 2020 /home/travis/build/icyphy/ptII/ptolemy/actor/lib/test/auto/array.xml
----------------- Instantiating /home/travis/build/icyphy/ptII/ptolemy/actor/lib/test/auto/array.xml
2 ms. Memory: 466944K Free: 303724K (65%)
----------------- Invoking toplevel() on ptolemy.moml.MoMLSimpleApplication@6bafebec
----------------- Done invoking toplevel() on ptolemy.moml.MoMLSimpleApplication@6bafebec
reloadAllAccessors: .array

===========================================================================================
----------------- testing Fri Apr 24 14:11:55 UTC 2020 /home/travis/build/icyphy/ptII/ptolemy/actor/lib/test/auto/array2.xml
----------------- Instantiating /home/travis/build/icyphy/ptII/ptolemy/actor/lib/test/auto/array2.xml
9 ms. Memory: 466944K Free: 298590K (64%)
----------------- Invoking toplevel() on ptolemy.moml.MoMLSimpleApplication@1a7b9f85
----------------- Done invoking toplevel() on ptolemy.moml.MoMLSimpleApplication@1a7b9f85
reloadAllAccessors: .array2

===========================================================================================
----------------- testing Fri Apr 24 14:11:55 UTC 2020 /home/travis/build/icyphy/ptII/ptolemy/actor/lib/test/auto/arrayType.xml
----------------- Instantiating /home/travis/build/icyphy/ptII/ptolemy/actor/lib/test/auto/arrayType.xml
2 ms. Memory: 466944K Free: 293484K (63%)
----------------- Invoking toplevel() on ptolemy.moml.MoMLSimpleApplication@3bd8fcf8
----------------- Done invoking toplevel() on ptolemy.moml.MoMLSimpleApplication@3bd8fcf8
reloadAllAccessors: .arrayType

===========================================================================================
----------------- testing Fri Apr 24 14:11:55 UTC 2020 /home/travis/build/icyphy/ptII/ptolemy/actor/lib/test/auto/arrayType10.xml
----------------- Instantiating /home/travis/build/icyphy/ptII/ptolemy/actor/lib/test/auto/arrayType10.xml
1 ms. Memory: 466944K Free: 288364K (62%)
----------------- Invoking toplevel() on ptolemy.moml.MoMLSimpleApplication@40343fad
----------------- Done invoking toplevel() on ptolemy.moml.MoMLSimpleApplication@40343fad
reloadAllAccessors: .arrayType10

===========================================================================================
----------------- testing Fri Apr 24 14:11:55 UTC 2020 /home/travis/build/icyphy/ptII/ptolemy/actor/lib/test/auto/arrayType11.xml
----------------- Instantiating /home/travis/build/icyphy/ptII/ptolemy/actor/lib/test/auto/arrayType11.xml
1 ms. Memory: 466944K Free: 283758K (61%)
----------------- Invoking toplevel() on ptolemy.moml.MoMLSimpleApplication@40b178ae
----------------- Done invoking toplevel() on ptolemy.moml.MoMLSimpleApplication@40b178ae
reloadAllAccessors: .arrayType11

===========================================================================================
----------------- testing Fri Apr 24 14:11:55 UTC 2020 /home/travis/build/icyphy/ptII/ptolemy/actor/lib/test/auto/arrayType12.xml
----------------- Instantiating /home/travis/build/icyphy/ptII/ptolemy/actor/lib/test/auto/arrayType12.xml
1 ms. Memory: 466944K Free: 279148K (60%)
----------------- Invoking toplevel() on ptolemy.moml.MoMLSimpleApplication@34141052
----------------- Done invoking toplevel() on ptolemy.moml.MoMLSimpleApplication@34141052
reloadAllAccessors: .arrayType12

===========================================================================================
----------------- testing Fri Apr 24 14:11:55 UTC 2020 /home/travis/build/icyphy/ptII/ptolemy/actor/lib/test/auto/arrayType13.xml
----------------- Instantiating /home/travis/build/icyphy/ptII/ptolemy/actor/lib/test/auto/arrayType13.xml
1 ms. Memory: 466944K Free: 274028K (59%)
----------------- Invoking toplevel() on ptolemy.moml.MoMLSimpleApplication@339a0ef
----------------- Done invoking toplevel() on ptolemy.moml.MoMLSimpleApplication@339a0ef
reloadAllAccessors: .arrayType13

===========================================================================================
----------------- testing Fri Apr 24 14:11:55 UTC 2020 /home/travis/build/icyphy/ptII/ptolemy/actor/lib/test/auto/arrayType14.xml
----------------- Instantiating /home/travis/build/icyphy/ptII/ptolemy/actor/lib/test/auto/arrayType14.xml
1 ms. Memory: 466944K Free: 268908K (58%)
----------------- Invoking toplevel() on ptolemy.moml.MoMLSimpleApplication@46a5a354
----------------- Done invoking toplevel() on ptolemy.moml.MoMLSimpleApplication@46a5a354
reloadAllAccessors: .arrayType14

===========================================================================================
----------------- testing Fri Apr 24 14:11:55 UTC 2020 /home/travis/build/icyphy/ptII/ptolemy/actor/lib/test/auto/arrayType15.xml
----------------- Instantiating /home/travis/build/icyphy/ptII/ptolemy/actor/lib/test/auto/arrayType15.xml
2 ms. Memory: 466944K Free: 263278K (56%)
----------------- Invoking toplevel() on ptolemy.moml.MoMLSimpleApplication@6dcf627d
----------------- Done invoking toplevel() on ptolemy.moml.MoMLSimpleApplication@6dcf627d
reloadAllAccessors: .arrayType15

===========================================================================================
----------------- testing Fri Apr 24 14:11:55 UTC 2020 /home/travis/build/icyphy/ptII/ptolemy/actor/lib/test/auto/arrayType16.xml
----------------- Instantiating /home/travis/build/icyphy/ptII/ptolemy/actor/lib/test/auto/arrayType16.xml
1 ms. Memory: 466944K Free: 258158K (55%)
----------------- Invoking toplevel() on ptolemy.moml.MoMLSimpleApplication@6070bebe
----------------- Done invoking toplevel() on ptolemy.moml.MoMLSimpleApplication@6070bebe
reloadAllAccessors: .arrayType16

===========================================================================================
----------------- testing Fri Apr 24 14:11:55 UTC 2020 /home/travis/build/icyphy/ptII/ptolemy/actor/lib/test/auto/arrayType17.xml
----------------- Instantiating /home/travis/build/icyphy/ptII/ptolemy/actor/lib/test/auto/arrayType17.xml
1 ms. Memory: 466944K Free: 253038K (54%)
----------------- Invoking toplevel() on ptolemy.moml.MoMLSimpleApplication@721f42c4
----------------- Done invoking toplevel() on ptolemy.moml.MoMLSimpleApplication@721f42c4
reloadAllAccessors: .arrayType17

===========================================================================================
----------------- testing Fri Apr 24 14:11:55 UTC 2020 /home/travis/build/icyphy/ptII/ptolemy/actor/lib/test/auto/arrayType18.xml
----------------- Instantiating /home/travis/build/icyphy/ptII/ptolemy/actor/lib/test/auto/arrayType18.xml
1 ms. Memory: 466944K Free: 248428K (53%)
----------------- Invoking toplevel() on ptolemy.moml.MoMLSimpleApplication@27803d91
----------------- Done invoking toplevel() on ptolemy.moml.MoMLSimpleApplication@27803d91
reloadAllAccessors: .arrayType18

===========================================================================================
----------------- testing Fri Apr 24 14:11:55 UTC 2020 /home/travis/build/icyphy/ptII/ptolemy/actor/lib/test/auto/arrayType19.xml
----------------- Instantiating /home/travis/build/icyphy/ptII/ptolemy/actor/lib/test/auto/arrayType19.xml
1 ms. Memory: 466944K Free: 243822K (52%)
----------------- Invoking toplevel() on ptolemy.moml.MoMLSimpleApplication@47e2efe3
----------------- Done invoking toplevel() on ptolemy.moml.MoMLSimpleApplication@47e2efe3
reloadAllAccessors: .arrayType19

===========================================================================================
----------------- testing Fri Apr 24 14:11:55 UTC 2020 /home/travis/build/icyphy/ptII/ptolemy/actor/lib/test/auto/arrayType2.xml
----------------- Instantiating /home/travis/build/icyphy/ptII/ptolemy/actor/lib/test/auto/arrayType2.xml
1 ms. Memory: 466944K Free: 238174K (51%)
----------------- Invoking toplevel() on ptolemy.moml.MoMLSimpleApplication@57f8a898
----------------- Done invoking toplevel() on ptolemy.moml.MoMLSimpleApplication@57f8a898
reloadAllAccessors: .arrayType2

===========================================================================================
----------------- testing Fri Apr 24 14:11:56 UTC 2020 /home/travis/build/icyphy/ptII/ptolemy/actor/lib/test/auto/arrayType20.xml
----------------- Instantiating /home/travis/build/icyphy/ptII/ptolemy/actor/lib/test/auto/arrayType20.xml
1 ms. Memory: 466944K Free: 233582K (50%)
----------------- Invoking toplevel() on ptolemy.moml.MoMLSimpleApplication@42c2f0f6
----------------- Done invoking toplevel() on ptolemy.moml.MoMLSimpleApplication@42c2f0f6
reloadAllAccessors: .arrayType20

===========================================================================================
----------------- testing Fri Apr 24 14:11:56 UTC 2020 /home/travis/build/icyphy/ptII/ptolemy/actor/lib/test/auto/arrayType21.xml
----------------- Instantiating /home/travis/build/icyphy/ptII/ptolemy/actor/lib/test/auto/arrayType21.xml
1 ms. Memory: 466944K Free: 228972K (49%)
----------------- Invoking toplevel() on ptolemy.moml.MoMLSimpleApplication@7ecbb54b
----------------- Done invoking toplevel() on ptolemy.moml.MoMLSimpleApplication@7ecbb54b
reloadAllAccessors: .arrayType21

===========================================================================================
----------------- testing Fri Apr 24 14:11:56 UTC 2020 /home/travis/build/icyphy/ptII/ptolemy/actor/lib/test/auto/arrayType22.xml
----------------- Instantiating /home/travis/build/icyphy/ptII/ptolemy/actor/lib/test/auto/arrayType22.xml
1 ms. Memory: 466944K Free: 224366K (48%)
----------------- Invoking toplevel() on ptolemy.moml.MoMLSimpleApplication@598d99ea
----------------- Done invoking toplevel() on ptolemy.moml.MoMLSimpleApplication@598d99ea
reloadAllAccessors: .arrayType22

===========================================================================================
----------------- testing Fri Apr 24 14:11:56 UTC 2020 /home/travis/build/icyphy/ptII/ptolemy/actor/lib/test/auto/arrayType23.xml
----------------- Instantiating /home/travis/build/icyphy/ptII/ptolemy/actor/lib/test/auto/arrayType23.xml
2 ms. Memory: 466944K Free: 219246K (47%)
----------------- Invoking toplevel() on ptolemy.moml.MoMLSimpleApplication@49735db8
----------------- Done invoking toplevel() on ptolemy.moml.MoMLSimpleApplication@49735db8
reloadAllAccessors: .arrayType23

===========================================================================================
----------------- testing Fri Apr 24 14:11:56 UTC 2020 /home/travis/build/icyphy/ptII/ptolemy/actor/lib/test/auto/arrayType24.xml
----------------- Instantiating /home/travis/build/icyphy/ptII/ptolemy/actor/lib/test/auto/arrayType24.xml
2 ms. Memory: 466944K Free: 214636K (46%)
----------------- Invoking toplevel() on ptolemy.moml.MoMLSimpleApplication@61f029fe
----------------- Done invoking toplevel() on ptolemy.moml.MoMLSimpleApplication@61f029fe
reloadAllAccessors: .arrayType24

===========================================================================================
----------------- testing Fri Apr 24 14:11:56 UTC 2020 /home/travis/build/icyphy/ptII/ptolemy/actor/lib/test/auto/arrayType25.xml
----------------- Instantiating /home/travis/build/icyphy/ptII/ptolemy/actor/lib/test/auto/arrayType25.xml
1 ms. Memory: 466944K Free: 209516K (45%)
----------------- Invoking toplevel() on ptolemy.moml.MoMLSimpleApplication@2cb78829
----------------- Done invoking toplevel() on ptolemy.moml.MoMLSimpleApplication@2cb78829
reloadAllAccessors: .arrayType25

===========================================================================================
----------------- testing Fri Apr 24 14:11:56 UTC 2020 /home/travis/build/icyphy/ptII/ptolemy/actor/lib/test/auto/arrayType26.xml
----------------- Instantiating /home/travis/build/icyphy/ptII/ptolemy/actor/lib/test/auto/arrayType26.xml
1 ms. Memory: 466944K Free: 204382K (44%)
----------------- Invoking toplevel() on ptolemy.moml.MoMLSimpleApplication@5d2c692c
----------------- Done invoking toplevel() on ptolemy.moml.MoMLSimpleApplication@5d2c692c
reloadAllAccessors: .arrayType26

===========================================================================================
----------------- testing Fri Apr 24 14:11:56 UTC 2020 /home/travis/build/icyphy/ptII/ptolemy/actor/lib/test/auto/arrayType27.xml
----------------- Instantiating /home/travis/build/icyphy/ptII/ptolemy/actor/lib/test/auto/arrayType27.xml
1 ms. Memory: 466944K Free: 198766K (43%)
----------------- Invoking toplevel() on ptolemy.moml.MoMLSimpleApplication@34c370f2
----------------- Done invoking toplevel() on ptolemy.moml.MoMLSimpleApplication@34c370f2
reloadAllAccessors: .arrayType27

===========================================================================================
----------------- testing Fri Apr 24 14:11:56 UTC 2020 /home/travis/build/icyphy/ptII/ptolemy/actor/lib/test/auto/arrayType28.xml
----------------- Instantiating /home/travis/build/icyphy/ptII/ptolemy/actor/lib/test/auto/arrayType28.xml
1 ms. Memory: 466944K Free: 193646K (41%)
----------------- Invoking toplevel() on ptolemy.moml.MoMLSimpleApplication@70b5b2dd
----------------- Done invoking toplevel() on ptolemy.moml.MoMLSimpleApplication@70b5b2dd
reloadAllAccessors: .arrayType28

===========================================================================================
----------------- testing Fri Apr 24 14:11:56 UTC 2020 /home/travis/build/icyphy/ptII/ptolemy/actor/lib/test/auto/arrayType3.xml
----------------- Instantiating /home/travis/build/icyphy/ptII/ptolemy/actor/lib/test/auto/arrayType3.xml
1 ms. Memory: 466944K Free: 188526K (40%)
----------------- Invoking toplevel() on ptolemy.moml.MoMLSimpleApplication@e6aeeea
----------------- Done invoking toplevel() on ptolemy.moml.MoMLSimpleApplication@e6aeeea
reloadAllAccessors: .arrayType3

===========================================================================================
----------------- testing Fri Apr 24 14:11:56 UTC 2020 /home/travis/build/icyphy/ptII/ptolemy/actor/lib/test/auto/arrayType4.xml
----------------- Instantiating /home/travis/build/icyphy/ptII/ptolemy/actor/lib/test/auto/arrayType4.xml
2 ms. Memory: 466944K Free: 183406K (39%)
----------------- Invoking toplevel() on ptolemy.moml.MoMLSimpleApplication@5a291996
----------------- Done invoking toplevel() on ptolemy.moml.MoMLSimpleApplication@5a291996
reloadAllAccessors: .arrayType4

===========================================================================================
----------------- testing Fri Apr 24 14:11:56 UTC 2020 /home/travis/build/icyphy/ptII/ptolemy/actor/lib/test/auto/arrayType5.xml
----------------- Instantiating /home/travis/build/icyphy/ptII/ptolemy/actor/lib/test/auto/arrayType5.xml
1 ms. Memory: 466944K Free: 177758K (38%)
----------------- Invoking toplevel() on ptolemy.moml.MoMLSimpleApplication@73fcaf08
----------------- Done invoking toplevel() on ptolemy.moml.MoMLSimpleApplication@73fcaf08
reloadAllAccessors: .arrayType5

===========================================================================================
----------------- testing Fri Apr 24 14:11:56 UTC 2020 /home/travis/build/icyphy/ptII/ptolemy/actor/lib/test/auto/arrayType6.xml
----------------- Instantiating /home/travis/build/icyphy/ptII/ptolemy/actor/lib/test/auto/arrayType6.xml
1 ms. Memory: 466944K Free: 173166K (37%)
----------------- Invoking toplevel() on ptolemy.moml.MoMLSimpleApplication@8f0d1f9
----------------- Done invoking toplevel() on ptolemy.moml.MoMLSimpleApplication@8f0d1f9
reloadAllAccessors: .arrayType6

===========================================================================================
----------------- testing Fri Apr 24 14:11:56 UTC 2020 /home/travis/build/icyphy/ptII/ptolemy/actor/lib/test/auto/arrayType7.xml
----------------- Instantiating /home/travis/build/icyphy/ptII/ptolemy/actor/lib/test/auto/arrayType7.xml
2 ms. Memory: 466944K Free: 168556K (36%)
----------------- Invoking toplevel() on ptolemy.moml.MoMLSimpleApplication@5421fff8
----------------- Done invoking toplevel() on ptolemy.moml.MoMLSimpleApplication@5421fff8
reloadAllAccessors: .arrayType7

===========================================================================================
----------------- testing Fri Apr 24 14:11:56 UTC 2020 /home/travis/build/icyphy/ptII/ptolemy/actor/lib/test/auto/arrayType8.xml
----------------- Instantiating /home/travis/build/icyphy/ptII/ptolemy/actor/lib/test/auto/arrayType8.xml
6 ms. Memory: 466944K Free: 163950K (35%)
----------------- Invoking toplevel() on ptolemy.moml.MoMLSimpleApplication@4d60845b
----------------- Done invoking toplevel() on ptolemy.moml.MoMLSimpleApplication@4d60845b
reloadAllAccessors: .arrayType8

===========================================================================================
----------------- testing Fri Apr 24 14:11:56 UTC 2020 /home/travis/build/icyphy/ptII/ptolemy/actor/lib/test/auto/arrayType9.xml
----------------- Instantiating /home/travis/build/icyphy/ptII/ptolemy/actor/lib/test/auto/arrayType9.xml
1 ms. Memory: 466944K Free: 158830K (34%)
----------------- Invoking toplevel() on ptolemy.moml.MoMLSimpleApplication@47bb3083
----------------- Done invoking toplevel() on ptolemy.moml.MoMLSimpleApplication@47bb3083
reloadAllAccessors: .arrayType9

===========================================================================================
----------------- testing Fri Apr 24 14:11:56 UTC 2020 /home/travis/build/icyphy/ptII/ptolemy/actor/lib/test/auto/cast.xml
----------------- Instantiating /home/travis/build/icyphy/ptII/ptolemy/actor/lib/test/auto/cast.xml
1 ms. Memory: 466944K Free: 154220K (33%)
----------------- Invoking toplevel() on ptolemy.moml.MoMLSimpleApplication@7c2e19a4
----------------- Done invoking toplevel() on ptolemy.moml.MoMLSimpleApplication@7c2e19a4
reloadAllAccessors: .cast

===========================================================================================
----------------- testing Fri Apr 24 14:11:56 UTC 2020 /home/travis/build/icyphy/ptII/ptolemy/actor/lib/test/auto/compositeMultiPort.xml
----------------- Instantiating /home/travis/build/icyphy/ptII/ptolemy/actor/lib/test/auto/compositeMultiPort.xml
3 ms. Memory: 466944K Free: 145518K (31%)
----------------- Invoking toplevel() on ptolemy.moml.MoMLSimpleApplication@19abdf94
----------------- Done invoking toplevel() on ptolemy.moml.MoMLSimpleApplication@19abdf94
reloadAllAccessors: .compositeMultiPort

===========================================================================================
----------------- testing Fri Apr 24 14:11:56 UTC 2020 /home/travis/build/icyphy/ptII/ptolemy/actor/lib/test/auto/expressionCastInference.xml
----------------- Instantiating /home/travis/build/icyphy/ptII/ptolemy/actor/lib/test/auto/expressionCastInference.xml
2 ms. Memory: 466944K Free: 140908K (30%)
----------------- Invoking toplevel() on ptolemy.moml.MoMLSimpleApplication@68f90fb5
----------------- Done invoking toplevel() on ptolemy.moml.MoMLSimpleApplication@68f90fb5
reloadAllAccessors: .expressionCastInference

===========================================================================================
----------------- testing Fri Apr 24 14:11:56 UTC 2020 /home/travis/build/icyphy/ptII/ptolemy/actor/lib/test/auto/expressionCastInference2.xml
----------------- Instantiating /home/travis/build/icyphy/ptII/ptolemy/actor/lib/test/auto/expressionCastInference2.xml
2 ms. Memory: 466944K Free: 408789K (88%)
----------------- Invoking toplevel() on ptolemy.moml.MoMLSimpleApplication@9bd5c5e
----------------- Done invoking toplevel() on ptolemy.moml.MoMLSimpleApplication@9bd5c5e
reloadAllAccessors: .expressionCastInference2

===========================================================================================
----------------- testing Fri Apr 24 14:11:56 UTC 2020 /home/travis/build/icyphy/ptII/ptolemy/actor/lib/test/auto/expressionInference.xml
----------------- Instantiating /home/travis/build/icyphy/ptII/ptolemy/actor/lib/test/auto/expressionInference.xml
1 ms. Memory: 466944K Free: 404693K (87%)
----------------- Invoking toplevel() on ptolemy.moml.MoMLSimpleApplication@5749550b
----------------- Done invoking toplevel() on ptolemy.moml.MoMLSimpleApplication@5749550b
reloadAllAccessors: .expressionInference

===========================================================================================
----------------- testing Fri Apr 24 14:11:56 UTC 2020 /home/travis/build/icyphy/ptII/ptolemy/actor/lib/test/auto/expression_bug.xml
----------------- Instantiating /home/travis/build/icyphy/ptII/ptolemy/actor/lib/test/auto/expression_bug.xml
1 ms. Memory: 466944K Free: 400083K (86%)
----------------- Invoking toplevel() on ptolemy.moml.MoMLSimpleApplication@2685e207
----------------- Done invoking toplevel() on ptolemy.moml.MoMLSimpleApplication@2685e207
reloadAllAccessors: .expression_bug

===========================================================================================
----------------- testing Fri Apr 24 14:11:56 UTC 2020 /home/travis/build/icyphy/ptII/ptolemy/actor/lib/test/auto/factorial.xml
----------------- Instantiating /home/travis/build/icyphy/ptII/ptolemy/actor/lib/test/auto/factorial.xml
67 ms. Memory: 466944K Free: 391381K (84%)
----------------- Invoking toplevel() on ptolemy.moml.MoMLSimpleApplication@f03af0f
----------------- Done invoking toplevel() on ptolemy.moml.MoMLSimpleApplication@f03af0f
reloadAllAccessors: .factorial

===========================================================================================
----------------- testing Fri Apr 24 14:11:56 UTC 2020 /home/travis/build/icyphy/ptII/ptolemy/actor/lib/test/auto/filterTest1.xml
----------------- Instantiating /home/travis/build/icyphy/ptII/ptolemy/actor/lib/test/auto/filterTest1.xml
5 ms. Memory: 466944K Free: 385747K (83%)
----------------- Invoking toplevel() on ptolemy.moml.MoMLSimpleApplication@1634feff
----------------- Done invoking toplevel() on ptolemy.moml.MoMLSimpleApplication@1634feff
reloadAllAccessors: .filterTest1

===========================================================================================
----------------- testing Fri Apr 24 14:11:56 UTC 2020 /home/travis/build/icyphy/ptII/ptolemy/actor/lib/test/auto/funcApplyInConst.xml
----------------- Instantiating /home/travis/build/icyphy/ptII/ptolemy/actor/lib/test/auto/funcApplyInConst.xml
1 ms. Memory: 466944K Free: 382165K (82%)
----------------- Invoking toplevel() on ptolemy.moml.MoMLSimpleApplication@58ce6bc9
----------------- Done invoking toplevel() on ptolemy.moml.MoMLSimpleApplication@58ce6bc9
reloadAllAccessors: .funcApplyInConst

===========================================================================================
----------------- testing Fri Apr 24 14:11:56 UTC 2020 /home/travis/build/icyphy/ptII/ptolemy/actor/lib/test/auto/funcApplyInExpr.xml
----------------- Instantiating /home/travis/build/icyphy/ptII/ptolemy/actor/lib/test/auto/funcApplyInExpr.xml
1 ms. Memory: 466944K Free: 378579K (81%)
----------------- Invoking toplevel() on ptolemy.moml.MoMLSimpleApplication@6066fe4e
----------------- Done invoking toplevel() on ptolemy.moml.MoMLSimpleApplication@6066fe4e
reloadAllAccessors: .funcApplyInExpr

===========================================================================================
----------------- testing Fri Apr 24 14:11:56 UTC 2020 /home/travis/build/icyphy/ptII/ptolemy/actor/lib/test/auto/function.xml
----------------- Instantiating /home/travis/build/icyphy/ptII/ptolemy/actor/lib/test/auto/function.xml
2 ms. Memory: 466944K Free: 373459K (80%)
----------------- Invoking toplevel() on ptolemy.moml.MoMLSimpleApplication@77466834
----------------- Done invoking toplevel() on ptolemy.moml.MoMLSimpleApplication@77466834
reloadAllAccessors: .function

===========================================================================================
----------------- testing Fri Apr 24 14:11:56 UTC 2020 /home/travis/build/icyphy/ptII/ptolemy/actor/lib/test/auto/function2.xml
----------------- Instantiating /home/travis/build/icyphy/ptII/ptolemy/actor/lib/test/auto/function2.xml
9 ms. Memory: 466944K Free: 368853K (79%)
----------------- Invoking toplevel() on ptolemy.moml.MoMLSimpleApplication@3d43b162
----------------- Done invoking toplevel() on ptolemy.moml.MoMLSimpleApplication@3d43b162
reloadAllAccessors: .function2

===========================================================================================
----------------- testing Fri Apr 24 14:11:56 UTC 2020 /home/travis/build/icyphy/ptII/ptolemy/actor/lib/test/auto/function3.xml
----------------- Instantiating /home/travis/build/icyphy/ptII/ptolemy/actor/lib/test/auto/function3.xml
1 ms. Memory: 466944K Free: 365267K (78%)
----------------- Invoking toplevel() on ptolemy.moml.MoMLSimpleApplication@514e6024
----------------- Done invoking toplevel() on ptolemy.moml.MoMLSimpleApplication@514e6024
reloadAllAccessors: .function3

===========================================================================================
----------------- testing Fri Apr 24 14:11:56 UTC 2020 /home/travis/build/icyphy/ptII/ptolemy/actor/lib/test/auto/functionClosureTest1.xml
----------------- Instantiating /home/travis/build/icyphy/ptII/ptolemy/actor/lib/test/auto/functionClosureTest1.xml
1 ms. Memory: 466944K Free: 359123K (77%)
----------------- Invoking toplevel() on ptolemy.moml.MoMLSimpleApplication@c806659
----------------- Done invoking toplevel() on ptolemy.moml.MoMLSimpleApplication@c806659
reloadAllAccessors: .functionClosureTest1

===========================================================================================
----------------- testing Fri Apr 24 14:11:56 UTC 2020 /home/travis/build/icyphy/ptII/ptolemy/actor/lib/test/auto/functionClosureTest2.xml
----------------- Instantiating /home/travis/build/icyphy/ptII/ptolemy/actor/lib/test/auto/functionClosureTest2.xml
1 ms. Memory: 466944K Free: 355541K (76%)
----------------- Invoking toplevel() on ptolemy.moml.MoMLSimpleApplication@710e98ea
----------------- Done invoking toplevel() on ptolemy.moml.MoMLSimpleApplication@710e98ea
reloadAllAccessors: .functionClosureTest2

===========================================================================================
----------------- testing Fri Apr 24 14:11:56 UTC 2020 /home/travis/build/icyphy/ptII/ptolemy/actor/lib/test/auto/functionClosureTest3.xml
----------------- Instantiating /home/travis/build/icyphy/ptII/ptolemy/actor/lib/test/auto/functionClosureTest3.xml
4 ms. Memory: 466944K Free: 350421K (75%)
----------------- Invoking toplevel() on ptolemy.moml.MoMLSimpleApplication@76e1550a
----------------- Done invoking toplevel() on ptolemy.moml.MoMLSimpleApplication@76e1550a
reloadAllAccessors: .functionClosureTest3

===========================================================================================
----------------- testing Fri Apr 24 14:11:56 UTC 2020 /home/travis/build/icyphy/ptII/ptolemy/actor/lib/test/auto/functionClosureTest4.xml
----------------- Instantiating /home/travis/build/icyphy/ptII/ptolemy/actor/lib/test/auto/functionClosureTest4.xml
3 ms. Memory: 466944K Free: 343763K (74%)
----------------- Invoking toplevel() on ptolemy.moml.MoMLSimpleApplication@1e5c144d
----------------- Done invoking toplevel() on ptolemy.moml.MoMLSimpleApplication@1e5c144d
reloadAllAccessors: .functionClosureTest4

===========================================================================================
----------------- testing Fri Apr 24 14:11:56 UTC 2020 /home/travis/build/icyphy/ptII/ptolemy/actor/lib/test/auto/functionClosureTest5.xml
----------------- Instantiating /home/travis/build/icyphy/ptII/ptolemy/actor/lib/test/auto/functionClosureTest5.xml
7 ms. Memory: 466944K Free: 338628K (73%)
----------------- Invoking toplevel() on ptolemy.moml.MoMLSimpleApplication@78754ffe
----------------- Done invoking toplevel() on ptolemy.moml.MoMLSimpleApplication@78754ffe
reloadAllAccessors: .functionClosureTest5

===========================================================================================
----------------- testing Fri Apr 24 14:11:56 UTC 2020 /home/travis/build/icyphy/ptII/ptolemy/actor/lib/test/auto/functionClosureTest6.xml
----------------- Instantiating /home/travis/build/icyphy/ptII/ptolemy/actor/lib/test/auto/functionClosureTest6.xml
2 ms. Memory: 466944K Free: 334037K (72%)
----------------- Invoking toplevel() on ptolemy.moml.MoMLSimpleApplication@20ec761a
----------------- Done invoking toplevel() on ptolemy.moml.MoMLSimpleApplication@20ec761a
reloadAllAccessors: .functionClosureTest6

===========================================================================================
----------------- testing Fri Apr 24 14:11:56 UTC 2020 /home/travis/build/icyphy/ptII/ptolemy/actor/lib/test/auto/functionsOnArcs.xml
----------------- Instantiating /home/travis/build/icyphy/ptII/ptolemy/actor/lib/test/auto/functionsOnArcs.xml
3 ms. Memory: 466944K Free: 328403K (70%)
----------------- Invoking toplevel() on ptolemy.moml.MoMLSimpleApplication@361f6562
----------------- Done invoking toplevel() on ptolemy.moml.MoMLSimpleApplication@361f6562
reloadAllAccessors: .functionsOnArcs

===========================================================================================
----------------- testing Fri Apr 24 14:11:56 UTC 2020 /home/travis/build/icyphy/ptII/ptolemy/actor/lib/test/auto/functionsOnArcsHOF.xml
----------------- Instantiating /home/travis/build/icyphy/ptII/ptolemy/actor/lib/test/auto/functionsOnArcsHOF.xml
4 ms. Memory: 466944K Free: 322773K (69%)
----------------- Invoking toplevel() on ptolemy.moml.MoMLSimpleApplication@4db4b9e1
----------------- Done invoking toplevel() on ptolemy.moml.MoMLSimpleApplication@4db4b9e1
reloadAllAccessors: .functionsOnArcsHOF

===========================================================================================
----------------- testing Fri Apr 24 14:11:56 UTC 2020 /home/travis/build/icyphy/ptII/ptolemy/actor/lib/test/auto/logic.xml
----------------- Instantiating /home/travis/build/icyphy/ptII/ptolemy/actor/lib/test/auto/logic.xml
2 ms. Memory: 466944K Free: 315605K (68%)
----------------- Invoking toplevel() on ptolemy.moml.MoMLSimpleApplication@4826ac8f
----------------- Done invoking toplevel() on ptolemy.moml.MoMLSimpleApplication@4826ac8f
reloadAllAccessors: .logic

===========================================================================================
----------------- testing Fri Apr 24 14:11:56 UTC 2020 /home/travis/build/icyphy/ptII/ptolemy/actor/lib/test/auto/matrixType.xml
----------------- Instantiating /home/travis/build/icyphy/ptII/ptolemy/actor/lib/test/auto/matrixType.xml
2 ms. Memory: 466944K Free: 310995K (67%)
----------------- Invoking toplevel() on ptolemy.moml.MoMLSimpleApplication@254e6514
----------------- Done invoking toplevel() on ptolemy.moml.MoMLSimpleApplication@254e6514
reloadAllAccessors: .matrixType

===========================================================================================
----------------- testing Fri Apr 24 14:11:56 UTC 2020 /home/travis/build/icyphy/ptII/ptolemy/actor/lib/test/auto/matrixType10.xml
----------------- Instantiating /home/travis/build/icyphy/ptII/ptolemy/actor/lib/test/auto/matrixType10.xml
2 ms. Memory: 466944K Free: 305875K (66%)
----------------- Invoking toplevel() on ptolemy.moml.MoMLSimpleApplication@6dcdc4ae
----------------- Done invoking toplevel() on ptolemy.moml.MoMLSimpleApplication@6dcdc4ae
reloadAllAccessors: .matrixType10

===========================================================================================
----------------- testing Fri Apr 24 14:11:56 UTC 2020 /home/travis/build/icyphy/ptII/ptolemy/actor/lib/test/auto/matrixType11.xml
----------------- Instantiating /home/travis/build/icyphy/ptII/ptolemy/actor/lib/test/auto/matrixType11.xml
1 ms. Memory: 466944K Free: 301269K (65%)
----------------- Invoking toplevel() on ptolemy.moml.MoMLSimpleApplication@5b0546b0
----------------- Done invoking toplevel() on ptolemy.moml.MoMLSimpleApplication@5b0546b0
reloadAllAccessors: .matrixType11

===========================================================================================
----------------- testing Fri Apr 24 14:11:56 UTC 2020 /home/travis/build/icyphy/ptII/ptolemy/actor/lib/test/auto/matrixType12.xml
----------------- Instantiating /home/travis/build/icyphy/ptII/ptolemy/actor/lib/test/auto/matrixType12.xml
1 ms. Memory: 466944K Free: 296659K (64%)
----------------- Invoking toplevel() on ptolemy.moml.MoMLSimpleApplication@2dbebd5
----------------- Done invoking toplevel() on ptolemy.moml.MoMLSimpleApplication@2dbebd5
reloadAllAccessors: .matrixType12

===========================================================================================
----------------- testing Fri Apr 24 14:11:56 UTC 2020 /home/travis/build/icyphy/ptII/ptolemy/actor/lib/test/auto/matrixType13.xml
----------------- Instantiating /home/travis/build/icyphy/ptII/ptolemy/actor/lib/test/auto/matrixType13.xml
1 ms. Memory: 466944K Free: 291539K (62%)
----------------- Invoking toplevel() on ptolemy.moml.MoMLSimpleApplication@16b2b2dd
----------------- Done invoking toplevel() on ptolemy.moml.MoMLSimpleApplication@16b2b2dd
reloadAllAccessors: .matrixType13

===========================================================================================
----------------- testing Fri Apr 24 14:11:56 UTC 2020 /home/travis/build/icyphy/ptII/ptolemy/actor/lib/test/auto/matrixType14.xml
----------------- Instantiating /home/travis/build/icyphy/ptII/ptolemy/actor/lib/test/auto/matrixType14.xml
1 ms. Memory: 466944K Free: 286419K (61%)
----------------- Invoking toplevel() on ptolemy.moml.MoMLSimpleApplication@2503a76a
----------------- Done invoking toplevel() on ptolemy.moml.MoMLSimpleApplication@2503a76a
reloadAllAccessors: .matrixType14

===========================================================================================
----------------- testing Fri Apr 24 14:11:56 UTC 2020 /home/travis/build/icyphy/ptII/ptolemy/actor/lib/test/auto/matrixType2.xml
----------------- Instantiating /home/travis/build/icyphy/ptII/ptolemy/actor/lib/test/auto/matrixType2.xml
2 ms. Memory: 466944K Free: 281299K (60%)
----------------- Invoking toplevel() on ptolemy.moml.MoMLSimpleApplication@4c85e471
----------------- Done invoking toplevel() on ptolemy.moml.MoMLSimpleApplication@4c85e471
reloadAllAccessors: .matrixType2

===========================================================================================
----------------- testing Fri Apr 24 14:11:56 UTC 2020 /home/travis/build/icyphy/ptII/ptolemy/actor/lib/test/auto/matrixType3.xml
----------------- Instantiating /home/travis/build/icyphy/ptII/ptolemy/actor/lib/test/auto/matrixType3.xml
3 ms. Memory: 466944K Free: 276693K (59%)
----------------- Invoking toplevel() on ptolemy.moml.MoMLSimpleApplication@150c136c
----------------- Done invoking toplevel() on ptolemy.moml.MoMLSimpleApplication@150c136c
reloadAllAccessors: .matrixType3

===========================================================================================
----------------- testing Fri Apr 24 14:11:56 UTC 2020 /home/travis/build/icyphy/ptII/ptolemy/actor/lib/test/auto/matrixType4.xml
----------------- Instantiating /home/travis/build/icyphy/ptII/ptolemy/actor/lib/test/auto/matrixType4.xml
1 ms. Memory: 466944K Free: 272083K (58%)
----------------- Invoking toplevel() on ptolemy.moml.MoMLSimpleApplication@60e41d5b
----------------- Done invoking toplevel() on ptolemy.moml.MoMLSimpleApplication@60e41d5b
reloadAllAccessors: .matrixType4

===========================================================================================
----------------- testing Fri Apr 24 14:11:56 UTC 2020 /home/travis/build/icyphy/ptII/ptolemy/actor/lib/test/auto/matrixType5.xml
----------------- Instantiating /home/travis/build/icyphy/ptII/ptolemy/actor/lib/test/auto/matrixType5.xml
1 ms. Memory: 466944K Free: 266963K (57%)
----------------- Invoking toplevel() on ptolemy.moml.MoMLSimpleApplication@5ec0b04a
----------------- Done invoking toplevel() on ptolemy.moml.MoMLSimpleApplication@5ec0b04a
reloadAllAccessors: .matrixType5

===========================================================================================
----------------- testing Fri Apr 24 14:11:56 UTC 2020 /home/travis/build/icyphy/ptII/ptolemy/actor/lib/test/auto/matrixType6.xml
----------------- Instantiating /home/travis/build/icyphy/ptII/ptolemy/actor/lib/test/auto/matrixType6.xml
2 ms. Memory: 466944K Free: 262357K (56%)
----------------- Invoking toplevel() on ptolemy.moml.MoMLSimpleApplication@5feb8c0f
----------------- Done invoking toplevel() on ptolemy.moml.MoMLSimpleApplication@5feb8c0f
reloadAllAccessors: .matrixType6

===========================================================================================
----------------- testing Fri Apr 24 14:11:56 UTC 2020 /home/travis/build/icyphy/ptII/ptolemy/actor/lib/test/auto/matrixType7.xml
----------------- Instantiating /home/travis/build/icyphy/ptII/ptolemy/actor/lib/test/auto/matrixType7.xml
1 ms. Memory: 466944K Free: 257747K (55%)
----------------- Invoking toplevel() on ptolemy.moml.MoMLSimpleApplication@57c2d794
----------------- Done invoking toplevel() on ptolemy.moml.MoMLSimpleApplication@57c2d794
reloadAllAccessors: .matrixType7

===========================================================================================
----------------- testing Fri Apr 24 14:11:56 UTC 2020 /home/travis/build/icyphy/ptII/ptolemy/actor/lib/test/auto/matrixType8.xml
----------------- Instantiating /home/travis/build/icyphy/ptII/ptolemy/actor/lib/test/auto/matrixType8.xml
2 ms. Memory: 466944K Free: 252627K (54%)
----------------- Invoking toplevel() on ptolemy.moml.MoMLSimpleApplication@4043064c
----------------- Done invoking toplevel() on ptolemy.moml.MoMLSimpleApplication@4043064c
reloadAllAccessors: .matrixType8

===========================================================================================
----------------- testing Fri Apr 24 14:11:56 UTC 2020 /home/travis/build/icyphy/ptII/ptolemy/actor/lib/test/auto/matrixType9.xml
----------------- Instantiating /home/travis/build/icyphy/ptII/ptolemy/actor/lib/test/auto/matrixType9.xml
1 ms. Memory: 466944K Free: 248021K (53%)
----------------- Invoking toplevel() on ptolemy.moml.MoMLSimpleApplication@27a645b7
----------------- Done invoking toplevel() on ptolemy.moml.MoMLSimpleApplication@27a645b7
reloadAllAccessors: .matrixType9

===========================================================================================
----------------- testing Fri Apr 24 14:11:56 UTC 2020 /home/travis/build/icyphy/ptII/ptolemy/actor/lib/test/auto/paraFunctest.xml
----------------- Instantiating /home/travis/build/icyphy/ptII/ptolemy/actor/lib/test/auto/paraFunctest.xml
2 ms. Memory: 466944K Free: 244435K (52%)
----------------- Invoking toplevel() on ptolemy.moml.MoMLSimpleApplication@65734f6a
----------------- Done invoking toplevel() on ptolemy.moml.MoMLSimpleApplication@65734f6a
reloadAllAccessors: .paraFunctest

===========================================================================================
----------------- testing Fri Apr 24 14:11:56 UTC 2020 /home/travis/build/icyphy/ptII/ptolemy/actor/lib/test/auto/paraFunctest2.xml
----------------- Instantiating /home/travis/build/icyphy/ptII/ptolemy/actor/lib/test/auto/paraFunctest2.xml
1 ms. Memory: 466944K Free: 239315K (51%)
----------------- Invoking toplevel() on ptolemy.moml.MoMLSimpleApplication@24e6cb04
----------------- Done invoking toplevel() on ptolemy.moml.MoMLSimpleApplication@24e6cb04
reloadAllAccessors: .paraFunctest2

===========================================================================================
----------------- testing Fri Apr 24 14:11:56 UTC 2020 /home/travis/build/icyphy/ptII/ptolemy/actor/lib/test/auto/parameterPassing.xml
----------------- Instantiating /home/travis/build/icyphy/ptII/ptolemy/actor/lib/test/auto/parameterPassing.xml
1 ms. Memory: 466944K Free: 235219K (50%)
----------------- Invoking toplevel() on ptolemy.moml.MoMLSimpleApplication@7d1c70e4
----------------- Done invoking toplevel() on ptolemy.moml.MoMLSimpleApplication@7d1c70e4
reloadAllAccessors: .parameterPassing

===========================================================================================
----------------- testing Fri Apr 24 14:11:56 UTC 2020 /home/travis/build/icyphy/ptII/ptolemy/actor/lib/test/auto/record.xml
----------------- Instantiating /home/travis/build/icyphy/ptII/ptolemy/actor/lib/test/auto/record.xml
2 ms. Memory: 466944K Free: 230613K (49%)
----------------- Invoking toplevel() on ptolemy.moml.MoMLSimpleApplication@1a5c5f98
----------------- Done invoking toplevel() on ptolemy.moml.MoMLSimpleApplication@1a5c5f98
reloadAllAccessors: .record

===========================================================================================
----------------- testing Fri Apr 24 14:11:56 UTC 2020 /home/travis/build/icyphy/ptII/ptolemy/actor/lib/test/auto/sizedarray1.xml
----------------- Instantiating /home/travis/build/icyphy/ptII/ptolemy/actor/lib/test/auto/sizedarray1.xml
2 ms. Memory: 466944K Free: 224979K (48%)
----------------- Invoking toplevel() on ptolemy.moml.MoMLSimpleApplication@294c4569
----------------- Done invoking toplevel() on ptolemy.moml.MoMLSimpleApplication@294c4569
reloadAllAccessors: .sizedarray1

===========================================================================================
----------------- testing Fri Apr 24 14:11:56 UTC 2020 /home/travis/build/icyphy/ptII/ptolemy/actor/lib/test/auto/sizedarray2.xml
----------------- Instantiating /home/travis/build/icyphy/ptII/ptolemy/actor/lib/test/auto/sizedarray2.xml
3 ms. Memory: 466944K Free: 219349K (47%)
----------------- Invoking toplevel() on ptolemy.moml.MoMLSimpleApplication@6114fe58
----------------- Done invoking toplevel() on ptolemy.moml.MoMLSimpleApplication@6114fe58
reloadAllAccessors: .sizedarray2

===========================================================================================
----------------- testing Fri Apr 24 14:11:56 UTC 2020 /home/travis/build/icyphy/ptII/ptolemy/actor/lib/test/auto/twoPublishers.xml
----------------- Instantiating /home/travis/build/icyphy/ptII/ptolemy/actor/lib/test/auto/twoPublishers.xml
5 ms. Memory: 466944K Free: 208595K (45%)
----------------- Invoking toplevel() on ptolemy.moml.MoMLSimpleApplication@3683bb24
----------------- Done invoking toplevel() on ptolemy.moml.MoMLSimpleApplication@3683bb24
reloadAllAccessors: .twoPublishers
AutoTests.java: About to close Vertx.
AutoTests.java: Vertx closed.
]]></system-out>
  <system-err><![CDATA[java.lang.RuntimeException: Execution failed
	at ptolemy.moml.MoMLSimpleApplication$UnloadThread.run(MoMLSimpleApplication.java:402)
Caused by: java.lang.RuntimeException: StringUtilities.exit() was called. Normally, we would exit here because Manager.exitAfterWrapup() was called.  However, because the ptolemy.ptII.exitAfterWrapup property is set, we throw this exception instead.
	at ptolemy.util.StringUtilities.exit(StringUtilities.java:365)
	at ptolemy.actor.Manager.wrapup(Manager.java:1549)
	at ptolemy.actor.Manager.execute(Manager.java:407)
	at ptolemy.actor.Manager.run(Manager.java:1263)
	at ptolemy.actor.Manager$PtolemyRunThread.run(Manager.java:1933)
Warning: '.top.test' is in training mode, set the trainingMode parameter to false before checking in
Warning: '.top.test' is in training mode, set the trainingMode parameter to false before checking in
Warning: '.top.test' is in training mode, set the trainingMode parameter to false before checking in
Warning: '.BooleanSwitch_RegressionTest_WrongTrainingValues.Test' is in training mode, set the trainingMode parameter to false before checking in
Warning: '.BooleanSwitch_RegressionTest_WrongTrainingValues.Test2' is in training mode, set the trainingMode parameter to false before checking in
Warning: '.BooleanSwitch_RegressionTest_WrongTrainingValues.Test2' The test produced 0 tokens.
Warning: '.top.testExceptionHandler' is in training mode, set the trainingMode parameter to false before checking in
java.lang.RuntimeException: Execution failed
	at ptolemy.moml.MoMLSimpleApplication$UnloadThread.run(MoMLSimpleApplication.java:402)
Caused by: ptolemy.kernel.util.IllegalActionException: PublisherPorts cannot be used at the top level, use a Publisher actor instead.
  in .PublisherPortToplevelSubscriber.PublisherPort
	at ptolemy.actor.PublisherPort.preinitialize(PublisherPort.java:403)
	at ptolemy.actor.CompositeActor.preinitialize(CompositeActor.java:1769)
	at ptolemy.actor.Manager.preinitializeAndResolveTypes(Manager.java:1040)
	at ptolemy.actor.Manager.initialize(Manager.java:710)
	at ptolemy.actor.Manager.execute(Manager.java:356)
	at ptolemy.actor.Manager.run(Manager.java:1263)
	at ptolemy.actor.Manager$PtolemyRunThread.run(Manager.java:1933)
java.lang.reflect.InvocationTargetException
	at java.base/jdk.internal.reflect.NativeConstructorAccessorImpl.newInstance0(Native Method)
	at java.base/jdk.internal.reflect.NativeConstructorAccessorImpl.newInstance(NativeConstructorAccessorImpl.java:62)
	at java.base/jdk.internal.reflect.DelegatingConstructorAccessorImpl.newInstance(DelegatingConstructorAccessorImpl.java:45)
	at java.base/java.lang.reflect.Constructor.newInstance(Constructor.java:490)
	at ptolemy.util.test.junit.AutoKnownFailedTests.RunModel(AutoKnownFailedTests.java:105)
	at java.base/jdk.internal.reflect.NativeMethodAccessorImpl.invoke0(Native Method)
	at java.base/jdk.internal.reflect.NativeMethodAccessorImpl.invoke(NativeMethodAccessorImpl.java:62)
	at java.base/jdk.internal.reflect.DelegatingMethodAccessorImpl.invoke(DelegatingMethodAccessorImpl.java:43)
	at java.base/java.lang.reflect.Method.invoke(Method.java:566)
	at org.junit.runners.model.FrameworkMethod$1.runReflectiveCall(FrameworkMethod.java:44)
	at org.junit.internal.runners.model.ReflectiveCallable.run(ReflectiveCallable.java:15)
	at org.junit.runners.model.FrameworkMethod.invokeExplosively(FrameworkMethod.java:41)
	at junitparams.internal.InvokeParameterisedMethod.evaluate(InvokeParameterisedMethod.java:102)
	at org.junit.internal.runners.statements.FailOnTimeout$1.run(FailOnTimeout.java:28)
Caused by: ptolemy.kernel.util.IllegalActionException: PublisherPorts cannot be used at the top level, use a Publisher actor instead.
  in .PublisherPortToplevelSubscriber.PublisherPort
	at ptolemy.actor.PublisherPort.preinitialize(PublisherPort.java:403)
	at ptolemy.actor.CompositeActor.preinitialize(CompositeActor.java:1769)
	at ptolemy.actor.Manager.preinitializeAndResolveTypes(Manager.java:1040)
	at ptolemy.actor.Manager.initialize(Manager.java:710)
	at ptolemy.actor.Manager.execute(Manager.java:356)
	at ptolemy.actor.Manager.run(Manager.java:1263)
	at ptolemy.actor.Manager$PtolemyRunThread.run(Manager.java:1933)
java.lang.RuntimeException: Execution failed
	at ptolemy.moml.MoMLSimpleApplication$UnloadThread.run(MoMLSimpleApplication.java:402)
Caused by: ptolemy.kernel.util.IllegalActionException: SubscriberPorts cannot be used at the top level, use a Subscriber actor instead.
  in .PublisherSubscriberPortToplevel.SubscriberPort
	at ptolemy.actor.SubscriberPort.preinitialize(SubscriberPort.java:328)
	at ptolemy.actor.CompositeActor.preinitialize(CompositeActor.java:1769)
	at ptolemy.actor.Manager.preinitializeAndResolveTypes(Manager.java:1040)
	at ptolemy.actor.Manager.initialize(Manager.java:710)
	at ptolemy.actor.Manager.execute(Manager.java:356)
	at ptolemy.actor.Manager.run(Manager.java:1263)
	at ptolemy.actor.Manager$PtolemyRunThread.run(Manager.java:1933)
java.lang.reflect.InvocationTargetException
	at java.base/jdk.internal.reflect.NativeConstructorAccessorImpl.newInstance0(Native Method)
	at java.base/jdk.internal.reflect.NativeConstructorAccessorImpl.newInstance(NativeConstructorAccessorImpl.java:62)
	at java.base/jdk.internal.reflect.DelegatingConstructorAccessorImpl.newInstance(DelegatingConstructorAccessorImpl.java:45)
	at java.base/java.lang.reflect.Constructor.newInstance(Constructor.java:490)
	at ptolemy.util.test.junit.AutoKnownFailedTests.RunModel(AutoKnownFailedTests.java:105)
	at java.base/jdk.internal.reflect.NativeMethodAccessorImpl.invoke0(Native Method)
	at java.base/jdk.internal.reflect.NativeMethodAccessorImpl.invoke(NativeMethodAccessorImpl.java:62)
	at java.base/jdk.internal.reflect.DelegatingMethodAccessorImpl.invoke(DelegatingMethodAccessorImpl.java:43)
	at java.base/java.lang.reflect.Method.invoke(Method.java:566)
	at org.junit.runners.model.FrameworkMethod$1.runReflectiveCall(FrameworkMethod.java:44)
	at org.junit.internal.runners.model.ReflectiveCallable.run(ReflectiveCallable.java:15)
	at org.junit.runners.model.FrameworkMethod.invokeExplosively(FrameworkMethod.java:41)
	at junitparams.internal.InvokeParameterisedMethod.evaluate(InvokeParameterisedMethod.java:102)
	at org.junit.internal.runners.statements.FailOnTimeout$1.run(FailOnTimeout.java:28)
Caused by: ptolemy.kernel.util.IllegalActionException: SubscriberPorts cannot be used at the top level, use a Subscriber actor instead.
  in .PublisherSubscriberPortToplevel.SubscriberPort
	at ptolemy.actor.SubscriberPort.preinitialize(SubscriberPort.java:328)
	at ptolemy.actor.CompositeActor.preinitialize(CompositeActor.java:1769)
	at ptolemy.actor.Manager.preinitializeAndResolveTypes(Manager.java:1040)
	at ptolemy.actor.Manager.initialize(Manager.java:710)
	at ptolemy.actor.Manager.execute(Manager.java:356)
	at ptolemy.actor.Manager.run(Manager.java:1263)
	at ptolemy.actor.Manager$PtolemyRunThread.run(Manager.java:1933)
java.lang.RuntimeException: Execution failed
	at ptolemy.moml.MoMLSimpleApplication$UnloadThread.run(MoMLSimpleApplication.java:402)
Caused by: ptolemy.kernel.util.IllegalActionException: SubscriptionAggregatorPorts cannot be used at the top level, use a SubscriptionAggregator actor instead.
  in .PublisherSubscriptionAggregatorPort.SubscriptionAggregatorPort
	at ptolemy.actor.SubscriptionAggregatorPort.preinitialize(SubscriptionAggregatorPort.java:353)
	at ptolemy.actor.CompositeActor.preinitialize(CompositeActor.java:1769)
	at ptolemy.actor.Manager.preinitializeAndResolveTypes(Manager.java:1040)
	at ptolemy.actor.Manager.initialize(Manager.java:710)
	at ptolemy.actor.Manager.execute(Manager.java:356)
	at ptolemy.actor.Manager.run(Manager.java:1263)
	at ptolemy.actor.Manager$PtolemyRunThread.run(Manager.java:1933)
java.lang.reflect.InvocationTargetException
	at java.base/jdk.internal.reflect.NativeConstructorAccessorImpl.newInstance0(Native Method)
	at java.base/jdk.internal.reflect.NativeConstructorAccessorImpl.newInstance(NativeConstructorAccessorImpl.java:62)
	at java.base/jdk.internal.reflect.DelegatingConstructorAccessorImpl.newInstance(DelegatingConstructorAccessorImpl.java:45)
	at java.base/java.lang.reflect.Constructor.newInstance(Constructor.java:490)
	at ptolemy.util.test.junit.AutoKnownFailedTests.RunModel(AutoKnownFailedTests.java:105)
	at java.base/jdk.internal.reflect.NativeMethodAccessorImpl.invoke0(Native Method)
	at java.base/jdk.internal.reflect.NativeMethodAccessorImpl.invoke(NativeMethodAccessorImpl.java:62)
	at java.base/jdk.internal.reflect.DelegatingMethodAccessorImpl.invoke(DelegatingMethodAccessorImpl.java:43)
	at java.base/java.lang.reflect.Method.invoke(Method.java:566)
	at org.junit.runners.model.FrameworkMethod$1.runReflectiveCall(FrameworkMethod.java:44)
	at org.junit.internal.runners.model.ReflectiveCallable.run(ReflectiveCallable.java:15)
	at org.junit.runners.model.FrameworkMethod.invokeExplosively(FrameworkMethod.java:41)
	at junitparams.internal.InvokeParameterisedMethod.evaluate(InvokeParameterisedMethod.java:102)
	at org.junit.internal.runners.statements.FailOnTimeout$1.run(FailOnTimeout.java:28)
Caused by: ptolemy.kernel.util.IllegalActionException: SubscriptionAggregatorPorts cannot be used at the top level, use a SubscriptionAggregator actor instead.
  in .PublisherSubscriptionAggregatorPort.SubscriptionAggregatorPort
	at ptolemy.actor.SubscriptionAggregatorPort.preinitialize(SubscriptionAggregatorPort.java:353)
	at ptolemy.actor.CompositeActor.preinitialize(CompositeActor.java:1769)
	at ptolemy.actor.Manager.preinitializeAndResolveTypes(Manager.java:1040)
	at ptolemy.actor.Manager.initialize(Manager.java:710)
	at ptolemy.actor.Manager.execute(Manager.java:356)
	at ptolemy.actor.Manager.run(Manager.java:1263)
	at ptolemy.actor.Manager$PtolemyRunThread.run(Manager.java:1933)
java.lang.RuntimeException: Execution failed
	at ptolemy.moml.MoMLSimpleApplication$UnloadThread.run(MoMLSimpleApplication.java:402)
Caused by: ptolemy.kernel.util.IllegalActionException: TypeTest actor has no training data.
  in .sizedarray3.TypeTest
	at ptolemy.actor.lib.TypeTest.initialize(TypeTest.java:250)
	at ptolemy.actor.Director.initialize(Director.java:938)
	at ptolemy.actor.Director.initialize(Director.java:907)
	at ptolemy.actor.sched.StaticSchedulingDirector.initialize(StaticSchedulingDirector.java:159)
	at ptolemy.domains.sdf.kernel.SDFDirector.initialize(SDFDirector.java:544)
	at ptolemy.actor.CompositeActor.initialize(CompositeActor.java:935)
	at ptolemy.actor.Manager.initialize(Manager.java:724)
	at ptolemy.actor.Manager.execute(Manager.java:356)
	at ptolemy.actor.Manager.run(Manager.java:1263)
	at ptolemy.actor.Manager$PtolemyRunThread.run(Manager.java:1933)
java.lang.reflect.InvocationTargetException
	at java.base/jdk.internal.reflect.NativeConstructorAccessorImpl.newInstance0(Native Method)
	at java.base/jdk.internal.reflect.NativeConstructorAccessorImpl.newInstance(NativeConstructorAccessorImpl.java:62)
	at java.base/jdk.internal.reflect.DelegatingConstructorAccessorImpl.newInstance(DelegatingConstructorAccessorImpl.java:45)
	at java.base/java.lang.reflect.Constructor.newInstance(Constructor.java:490)
	at ptolemy.util.test.junit.AutoKnownFailedTests.RunModel(AutoKnownFailedTests.java:105)
	at java.base/jdk.internal.reflect.NativeMethodAccessorImpl.invoke0(Native Method)
	at java.base/jdk.internal.reflect.NativeMethodAccessorImpl.invoke(NativeMethodAccessorImpl.java:62)
	at java.base/jdk.internal.reflect.DelegatingMethodAccessorImpl.invoke(DelegatingMethodAccessorImpl.java:43)
	at java.base/java.lang.reflect.Method.invoke(Method.java:566)
	at org.junit.runners.model.FrameworkMethod$1.runReflectiveCall(FrameworkMethod.java:44)
	at org.junit.internal.runners.model.ReflectiveCallable.run(ReflectiveCallable.java:15)
	at org.junit.runners.model.FrameworkMethod.invokeExplosively(FrameworkMethod.java:41)
	at junitparams.internal.InvokeParameterisedMethod.evaluate(InvokeParameterisedMethod.java:102)
	at org.junit.internal.runners.statements.FailOnTimeout$1.run(FailOnTimeout.java:28)
Caused by: ptolemy.kernel.util.IllegalActionException: TypeTest actor has no training data.
  in .sizedarray3.TypeTest
	at ptolemy.actor.lib.TypeTest.initialize(TypeTest.java:250)
	at ptolemy.actor.Director.initialize(Director.java:938)
	at ptolemy.actor.Director.initialize(Director.java:907)
	at ptolemy.actor.sched.StaticSchedulingDirector.initialize(StaticSchedulingDirector.java:159)
	at ptolemy.domains.sdf.kernel.SDFDirector.initialize(SDFDirector.java:544)
	at ptolemy.actor.CompositeActor.initialize(CompositeActor.java:935)
	at ptolemy.actor.Manager.initialize(Manager.java:724)
	at ptolemy.actor.Manager.execute(Manager.java:356)
	at ptolemy.actor.Manager.run(Manager.java:1263)
	at ptolemy.actor.Manager$PtolemyRunThread.run(Manager.java:1933)
]]></system-err>
</testsuite>
