<?xml version="1.0" encoding="UTF-8" ?>
<testsuite errors="0" failures="0" hostname="travis-job-16c4147e-9db1-4b66-9d86-e8cfccc53763" name="ptolemy.domains.de.test.junit.JUnitTclTest" skipped="0" tests="101" time="120.976" timestamp="2020-03-25T13:38:35">
  <properties>
    <property name="npm.executable" value="npm" />
    <property name="env.TRAVIS_ROOT" value="/" />
    <property name="ptII.mk.exists" value="true" />
    <property name="env.TRAVIS_APP_HOST" value="build.travis-ci.org" />
    <property name="env.rvm_bin_path" value="/home/travis/.rvm/bin" />
    <property name="java.home" value="/usr/local/lib/jvm/openjdk11" />
    <property name="env.TRAVIS_JOB_NUMBER" value="1581.9" />
    <property name="env.TRAVIS_HOME" value="/home/travis" />
    <property name="env.DISPLAY" value=":99.0" />
    <property name="env.TRAVIS_INIT" value="systemd" />
    <property name="env.SSH_TTY" value="/dev/pts/0" />
    <property name="java.net.preferIPv4Stack" value="true" />
    <property name="env.RUN_TESTS" value="true" />
    <property name="timeout.short" value="1000000" />
    <property name="junit.formatter" value="xml" />
    <property name="env.TRAVIS_SUDO" value="true" />
    <property name="env.TRAVIS_JOB_NAME" value="" />
    <property name="env.TRAVIS_STACK_NODE_ATTRIBUTES" value="/.node-attributes.yml" />
    <property name="env.LOGNAME" value="travis" />
    <property name="jsdoc.home" value="node_modules/@terraswarm/jsdoc" />
    <property name="debuglevel" value="source,lines,vars" />
    <property name="checkstyle.formatter" value="xml" />
    <property name="env._system_version" value="16.04" />
    <property name="bin.vergil.makeable" value="true" />
    <property name="sun.os.patch.level" value="unknown" />
    <property name="java.vendor.url" value="http://java.oracle.com/" />
    <property name="env.TRAVIS_BUILD_WEB_URL" value="https://travis-ci.org/icyphy/ptII/builds/666777429" />
    <property name="java.version" value="11.0.2" />
    <property name="env.TZ" value="UTC" />
    <property name="env.TRAVIS_PULL_REQUEST_SHA" value="" />
    <property name="env.PT_NO_NET" value="true" />
    <property name="env.TRAVIS_SECURE_ENV_VARS" value="true" />
    <property name="env._system_type" value="Linux" />
    <property name="java.vendor.url.bug" value="http://bugreport.java.com/bugreport/" />
    <property name="npmjs-org-is-up" value="true" />
    <property name="env.LANGUAGE" value="en_US.UTF-8" />
    <property name="env.SSH_CLIENT" value="10.16.0.34 59336 22" />
    <property name="env.GEM_HOME" value="/home/travis/.rvm/gems/ruby-2.5.3" />
    <property name="env.HAS_ANTARES_THREE_LITTLE_FRONZIES_BADGE" value="true" />
    <property name="java.version.date" value="2019-01-15" />
    <property name="env.PS4" value="+" />
    <property name="ant.project.invoked-targets" value="build,test.core2.xml" />
    <property name="env.TRAVIS_PULL_REQUEST_BRANCH" value="" />
    <property name="env.TRAVIS_REPO_SLUG" value="icyphy/ptII" />
    <property name="env.XDG_DATA_DIRS" value="/usr/local/share:/usr/share:/var/lib/snapd/desktop" />
    <property name="jdk.debug" value="release" />
    <property name="env.TRAVIS_APT_PROXY" value="http://build-cache.travisci.net" />
    <property name="env.TRAVIS_CPU_ARCH" value="amd64" />
    <property name="node.in.path" value="true" />
    <property name="user.name" value="travis" />
    <property name="java.maxmemory" value="1400m" />
    <property name="env.RUBY_VERSION" value="ruby-2.5.3" />
    <property name="env.LANG" value="en_US.UTF-8" />
    <property name="sun.io.unicode.encoding" value="UnicodeLittle" />
    <property name="sun.jnu.encoding" value="UTF-8" />
    <property name="java.runtime.name" value="OpenJDK Runtime Environment" />
    <property name="usefile" value="false" />
    <property name="return.code" value="0" />
    <property name="junit.single.formatter" value="plain" />
    <property name="env.DYLD_LIBRARY_PATH" value="/home/travis/pthla/certi-tools/lib:" />
    <property name="env.DEBIAN_FRONTEND" value="noninteractive" />
    <property name="env.SSH_CONNECTION" value="10.16.0.34 59336 10.20.0.168 22" />
    <property name="env.MYSQL_UNIX_PORT" value="/var/run/mysqld/mysqld.sock" />
    <property name="env.LC_ALL" value="en_US.UTF-8" />
    <property name="env.TRAVIS_ALLOW_FAILURE" value="" />
    <property name="env.TRAVIS_JOB_WEB_URL" value="https://travis-ci.org/icyphy/ptII/jobs/666777438" />
    <property name="java.specification.name" value="Java Platform API Specification" />
    <property name="node.works" value="true" />
    <property name="user.timezone" value="" />
    <property name="path.separator" value=":" />
    <property name="env.TRAVIS_ENABLE_INFRA_DETECTION" value="true" />
    <property name="env.PYTHON_CFLAGS" value="-g -fstack-protector --param=ssp-buffer-size=4 -Wformat -Werror=format-security" />
    <property name="timeout.long" value="4000000" />
    <property name="env.CERTI_HOME" value="/home/travis/pthla/certi-tools" />
    <property name="ant.file.ptII" value="/home/travis/build/icyphy/ptII/build.xml" />
    <property name="javadoc.packagenames" value="com.*,diva.*,lbnl.*,org.hlacerti.*,org.json.*,org.ptolemy.*,org.terraswarm.*,ptolemy.*,ptserver.*" />
    <property name="file.encoding" value="UTF-8" />
    <property name="env.TRAVIS_PULL_REQUEST_SLUG" value="" />
    <property name="ant.project.default-target" value="build" />
    <property name="env.GIT_ASKPASS" value="echo" />
    <property name="env.HOME" value="/home/travis" />
    <property name="sun.java.command" value="org.apache.tools.ant.taskdefs.optional.junit.JUnitTestRunner ptolemy.domains.de.test.junit.JUnitTclTest skipNonTests=false filtertrace=true haltOnError=false haltOnFailure=false formatter=org.apache.tools.ant.taskdefs.optional.junit.OutErrSummaryJUnitResultFormatter showoutput=true outputtoformatters=true logfailedtests=true threadid=0 logtestlistenerevents=false formatter=org.apache.tools.ant.taskdefs.optional.junit.XMLJUnitResultFormatter,/home/travis/build/icyphy/ptII/reports/junit/TEST-ptolemy.domains.de.test.junit.JUnitTclTest.xml crashfile=/home/travis/build/icyphy/ptII/junitvmwatcher1156307829080067185.properties propsfile=/home/travis/build/icyphy/ptII/junit7566341326840223038.properties" />
    <property name="env.COMPOSER_NO_INTERACTION" value="1" />
    <property name="env.MANPATH" value="/home/travis/.nvm/versions/node/v7.10.1/share/man:/home/travis/.rvm/rubies/ruby-2.5.3/share/man:/usr/local/cmake-3.12.4/man:/usr/local/clang-7.0.0/share/man:/usr/local/man:/usr/local/share/man:/usr/share/man:/home/travis/.rvm/man" />
    <property name="env.TRAVIS_TIMER_ID" value="1e591b31" />
    <property name="ant.file" value="/home/travis/build/icyphy/ptII/build.xml" />
    <property name="env.TRAVIS_COMMIT_RANGE" value="3e950cfe0f3c004454147d0a7dfedd7f8d8e77cc...52bfcaaec950ad6b43d11ffdb9cd3f924b0c1f76" />
    <property name="env._system_name" value="Ubuntu" />
    <property name="ptII.classpath.optional.property" value="/home/travis/build/icyphy/ptII/lib/bsh-2.0b4.jar:/home/travis/build/icyphy/ptII/lib/ptCal.jar:/home/travis/build/icyphy/ptII/lib/java_cup.jar:/home/travis/build/icyphy/ptII/lib/saxon8.jar:/home/travis/build/icyphy/ptII/lib/saxon8-dom.jar:/home/travis/build/icyphy/ptII/lib/chic.jar:/home/travis/build/icyphy/ptII/lib/ptcolt.jar:/home/travis/build/icyphy/ptII/vendors/misc/itext/iText.jar:/home/travis/build/icyphy/ptII/lib/g4ltl.jar:/home/travis/build/icyphy/ptII/lib/StructuralCoder.jar:/home/travis/build/icyphy/ptII/lib/jcerti.jar:/home/travis/build/icyphy/ptII/lib/javax.mail.jar:/home/travis/build/icyphy/ptII/vendors/JMF-2.1.1e/lib/jmf.jar:/home/travis/build/icyphy/ptII/lib/jna-4.0.0-variadic.jar:/home/travis/build/icyphy/ptII/vendors/misc/joystick/Joystick.jar:/home/travis/build/icyphy/ptII/lib/ptjacl.jar:/home/travis/build/icyphy/ptII/lib/jsoup-1.8.2.jar:/home/travis/build/icyphy/ptII/lib/junit-4.8.2.jar:/home/travis/build/icyphy/ptII/lib/JUnitParams-0.4.0.jar:/home/travis/build/icyphy/ptII/ptolemy/actor/lib/excel/jxl.jar:/home/travis/build/icyphy/ptII/lib/jython.jar:/home/travis/build/icyphy/ptII/lib/kieler.jar:/home/travis/build/icyphy/ptII/vendors/opencv/share/OpenCV/java/opencv-341.jar:/home/travis/build/icyphy/ptII/lib/oscP5.jar:/home/travis/build/icyphy/ptII/lib/nrjavaserial-3.11.0.devel.jar:/home/travis/build/icyphy/ptII/vendors/j3d/lib/Linux/j3dcore.jar:/home/travis/build/icyphy/ptII/vendors/j3d/lib/Linux/j3dutils.jar:/home/travis/build/icyphy/ptII/vendors/j3d/lib/Linux/vecmath.jar:/home/travis/build/icyphy/ptII/vendors/jogl/lib/Linux/gluegen-rt-natives-linux-amd64.jar:/home/travis/build/icyphy/ptII/vendors/jogl/lib/Linux/gluegen-rt.jar:/home/travis/build/icyphy/ptII/vendors/jogl/lib/Linux/jogl-all-natives-linux-amd64.jar:/home/travis/build/icyphy/ptII/vendors/jogl/lib/Linux/jogl-all.jar:/home/travis/build/icyphy/ptII/ptolemy/distributed/jini/jar/jini-core.jar:/home/travis/build/icyphy/ptII/ptolemy/distributed/jini/jar/jini-ext.jar:/home/travis/build/icyphy/ptII/ptolemy/distributed/jini/jar/sun-util.jar:/home/travis/build/icyphy/ptII/lib/protobuf-java-2.4.1.jar:/home/travis/build/icyphy/ptII/lib/org.eclipse.paho.client.mqttv3.jar:/home/travis/build/icyphy/ptII/lib/mapss.jar:/home/travis/build/icyphy/ptII/ptolemy/actor/ptalon/antlr/antlr.jar:/home/travis/build/icyphy/ptII/lib/JRI.jar:/home/travis/build/icyphy/ptII/lib/commons-lang-2.6.jar:/home/travis/build/icyphy/ptII/lib/commons-logging-1.1.1.jar:/home/travis/build/icyphy/ptII/lib/sootclasses.jar:/home/travis/build/icyphy/ptII/ptolemy/actor/lib/database/mysql-connector-java-5.1.6-bin.jar:/home/travis/build/icyphy/ptII/vendors/misc/sphinx4/sphinx4-data-5prealpha.jar:/home/travis/build/icyphy/ptII/vendors/misc/sphinx4/sphinx4-core-5prealpha.jar:/home/travis/build/icyphy/ptII/lib/PDFRenderer.jar:/home/travis/build/icyphy/ptII/lib/svgSalamander.jar:/home/travis/build/icyphy/ptII/lib/rsyntaxtextarea-2.6.0-SNAPSHOT.jar:/home/travis/build/icyphy/ptII/lib/hazelcast-3.8.2.jar:/home/travis/build/icyphy/ptII/lib/jackson-annotations-2.9.0.jar:/home/travis/build/icyphy/ptII/lib/jackson-core-2.9.3.jar:/home/travis/build/icyphy/ptII/lib/jackson-databind-2.9.3.jar:/home/travis/build/icyphy/ptII/lib/netty-buffer-4.1.19.Final.jar:/home/travis/build/icyphy/ptII/lib/netty-codec-4.1.19.Final.jar:/home/travis/build/icyphy/ptII/lib/netty-codec-dns-4.1.19.Final.jar:/home/travis/build/icyphy/ptII/lib/netty-codec-http-4.1.19.Final.jar:/home/travis/build/icyphy/ptII/lib/netty-codec-http2-4.1.19.Final.jar:/home/travis/build/icyphy/ptII/lib/netty-common-4.1.19.Final.jar:/home/travis/build/icyphy/ptII/lib/netty-handler-4.1.19.Final.jar:/home/travis/build/icyphy/ptII/lib/netty-resolver-4.1.19.Final.jar:/home/travis/build/icyphy/ptII/lib/netty-resolver-dns-4.1.19.Final.jar:/home/travis/build/icyphy/ptII/lib/netty-transport-4.1.19.Final.jar:/home/travis/build/icyphy/ptII/lib/vertx-codegen-3.5.1.jar:/home/travis/build/icyphy/ptII/lib/vertx-core-3.5.2-SNAPSHOT.jar:/home/travis/build/icyphy/ptII/lib/vertx-hazelcast-3.5.1.jar:/home/travis/build/icyphy/ptII/lib/vertx-lang-js-3.5.1.jar:/home/travis/build/icyphy/ptII/lib/vertx-service-proxy-3.5.1.jar:/home/travis/build/icyphy/ptII/lib/vertx-web-3.5.1.jar:/home/travis/build/icyphy/ptII/lib/slf4j-api-1.7.13.jar:/home/travis/build/icyphy/ptII/lib/slf4j-simple-1.7.13.jar:/home/travis/build/icyphy/ptII/lib/webcam-capture-0.3.12.jar:/home/travis/build/icyphy/ptII/lib/bridj-0.7.0.jar:/home/travis/build/icyphy/ptII/lib/xbjlib-1.1.0.nrjavaserial.jar" />
    <property name="timeout" value="2400000" />
    <property name="test.batch" value="**/junit/*.java" />
    <property name="env._" value="/usr/bin/timeout" />
    <property name="java.io.tmpdir" value="/tmp" />
    <property name="user.language" value="en" />
    <property name="env.TRAVIS_INTERNAL_RUBY_REGEX" value="^ruby-(2\.[0-4]\.[0-9]|1\.9\.3)" />
    <property name="env.HISTCONTROL" value="ignoredups:ignorespace" />
    <property name="env.GOROOT" value="/home/travis/.gimme/versions/go1.11.1.linux.amd64" />
    <property name="line.separator" value="&#xa;" />
    <property name="target" value="11" />
    <property name="env.TRAVIS_BUILD_DIR" value="/home/travis/build/icyphy/ptII" />
    <property name="env.ANT_OPTS" value="-Xmx2048m" />
    <property name="ant.file.type" value="file" />
    <property name="ptolemy.ptII.batchMode" value="true" />
    <property name="env.HISTSIZE" value="1000" />
    <property name="env.MERB_ENV" value="test" />
    <property name="java.vm.info" value="mixed mode" />
    <property name="source" value="11" />
    <property name="java.vm.specification.name" value="Java Virtual Machine Specification" />
    <property name="env.TRAVIS_TEST_RESULT" value="0" />
    <property name="jsdoc.command" value="node_modules/@terraswarm/jsdoc/jsdoc.js" />
    <property name="npm.works" value="true" />
    <property name="cobertura.dir" value="/home/travis/build/icyphy/ptII/vendors/cobertura-2.0.3" />
    <property name="jsdoc.command.exists" value="true" />
    <property name="env.rvm_path" value="/home/travis/.rvm" />
    <property name="env.GEM_PATH" value="/home/travis/.rvm/gems/ruby-2.5.3:/home/travis/.rvm/gems/ruby-2.5.3@global" />
    <property name="env.LC_CTYPE" value="en_US.UTF-8" />
    <property name="env.TRAVIS_CMD" value="$PTII/bin/ptIITravisBuild.sh $SECONDS" />
    <property name="java.awt.printerjob" value="sun.print.PSPrinterJob" />
    <property name="env.TRAVIS_STACK_NAME" value="sardonyx" />
    <property name="env.TRAVIS_TIMER_START_TIME" value="1585143318732764778" />
    <property name="ant.version" value="Apache Ant(TM) version 1.10.1 compiled on February 2 2017" />
    <property name="ptII.reports" value="/home/travis/build/icyphy/ptII/reports" />
    <property name="env.TRAVIS_STACK_TIMESTAMP" value="2019-03-25 16:16:56 UTC" />
    <property name="ant.file.type.ptII" value="file" />
    <property name="env.RBENV_SHELL" value="bash" />
    <property name="os.name" value="Linux" />
    <property name="java.specification.vendor" value="Oracle Corporation" />
    <property name="env.rvm_version" value="1.29.7 (latest)" />
    <property name="env.TRAVIS_INFRA" value="unknown" />
    <property name="env.TERM" value="xterm" />
    <property name="java.vm.name" value="OpenJDK 64-Bit Server VM" />
    <property name="env.TRAVIS_BUILD_NUMBER" value="1581" />
    <property name="env.CI" value="true" />
    <property name="java.library.path" value="/home/travis/pthla/certi-tools/lib:/usr/lib/jni:/usr/local/share/OpenCV/java/:/usr/share/OpenCV/java::/usr/java/packages/lib:/usr/lib64:/lib64:/lib:/usr/lib" />
    <property name="jdk.module.path" value="/home/travis/build/icyphy/ptII/vendors/javafx/javafx-sdk-11.0.2/lib:" />
    <property name="env.rvm_prefix" value="/home/travis" />
    <property name="env.PATH" value="/home/travis/pthla/certi-tools/share/scripts:/home/travis/.rvm/gems/ruby-2.5.3/bin:/home/travis/.rvm/gems/ruby-2.5.3@global/bin:/home/travis/.rvm/rubies/ruby-2.5.3/bin:/home/travis/.rvm/bin:/home/travis/.nvm/versions/node/v7.10.1/bin:./node_modules/.bin:/home/travis/build/icyphy/ptII/bin:/home/travis/pthla/certi-tools/bin:/home/travis/bin:/home/travis/.local/bin:/usr/local/lib/jvm/openjdk11/bin:/opt/pyenv/shims:/home/travis/.phpenv/shims:/home/travis/perl5/perlbrew/bin:/home/travis/gopath/bin:/home/travis/.gimme/versions/go1.11.1.linux.amd64/bin:/usr/local/maven-3.6.0/bin:/usr/local/cmake-3.12.4/bin:/usr/local/clang-7.0.0/bin:/usr/local/sbin:/usr/local/bin:/usr/sbin:/usr/bin:/sbin:/bin:/snap/bin:/home/travis/.phpenv/bin:/opt/pyenv/bin:/home/travis/.yarn/bin" />
    <property name="env.TRAVIS_OS_NAME" value="linux" />
    <property name="ant.java.version" value="9" />
    <property name="basedir" value="/home/travis/build/icyphy/ptII" />
    <property name="java.class.version" value="55.0" />
    <property name="env.SHLVL" value="3" />
    <property name="env.LD_LIBRARY_PATH" value="/home/travis/pthla/certi-tools/lib:/usr/lib/jni:/usr/local/share/OpenCV/java/:/usr/share/OpenCV/java:" />
    <property name="env.RACK_ENV" value="test" />
    <property name="ant.home" value="/home/travis/build/icyphy/ptII/ant" />
    <property name="env.NVM_DIR" value="/home/travis/.nvm" />
    <property name="env.CERTI_FOM_PATH" value="/home/travis/pthla/certi-tools/share/federations" />
    <property name="env.TRAVIS_BUILD_ID" value="666777429" />
    <property name="env.PYENV_ROOT" value="/opt/pyenv" />
    <property name="env.TRAVIS_UID" value="2000" />
    <property name="prism.verbose" value="true" />
    <property name="env.NVM_BIN" value="/home/travis/.nvm/versions/node/v7.10.1/bin" />
    <property name="env.TRAVIS_COMMIT" value="52bfcaaec950ad6b43d11ffdb9cd3f924b0c1f76" />
    <property name="env._system_arch" value="x86_64" />
    <property name="node.executable" value="node" />
    <property name="sun.boot.library.path" value="/usr/local/lib/jvm/openjdk11/lib" />
    <property name="sun.management.compiler" value="HotSpot 64-Bit Tiered Compilers" />
    <property name="java.awt.graphicsenv" value="sun.awt.X11GraphicsEnvironment" />
    <property name="env.GOPATH" value="/home/travis/gopath" />
    <property name="ptolemy.ptII.dir" value="/home/travis/build/icyphy/ptII" />
    <property name="env.USER" value="travis" />
    <property name="env.HISTFILESIZE" value="2000" />
    <property name="env.NVM_INC" value="/home/travis/.nvm/versions/node/v7.10.1/include/node" />
    <property name="timeout.longest" value="19000000" />
    <property name="env.PERLBREW_SHELLRC_VERSION" value="0.86" />
    <property name="env.TRAVIS_STACK_FEATURES" value="basic couchdb disabled-ipv6 docker docker-compose elasticsearch firefox go-toolchain google-chrome jdk memcached mongodb mysql nodejs_interpreter perl_interpreter perlbrew phantomjs postgresql python_interpreter redis ruby_interpreter sqlite xserver" />
    <property name="env.TRAVIS_PULL_REQUEST" value="false" />
    <property name="env.PYENV_SHELL" value="bash" />
    <property name="ant.project.name" value="ptII" />
    <property name="env.ANSI_RESET" value="\033[0m" />
    <property name="java.vm.specification.version" value="11" />
    <property name="env.TRAVIS_DIST" value="xenial" />
    <property name="env.CERTI_VERSION" value="4.0.0" />
    <property name="env.CERTI_HOST" value="localhost" />
    <property name="awt.toolkit" value="sun.awt.X11.XToolkit" />
    <property name="env.MY_RUBY_HOME" value="/home/travis/.rvm/rubies/ruby-2.5.3" />
    <property name="sun.cpu.isalist" value="" />
    <property name="env.TRAVIS_TMPDIR" value="/tmp/tmp.IOJPuMRbRi" />
    <property name="java.vm.compressedOopsMode" value="Zero based" />
    <property name="os.version" value="4.15.0-1028-gcp" />
    <property name="user.home" value="/home/travis" />
    <property name="java.vm.vendor" value="Oracle Corporation" />
    <property name="env.TRAVIS_TAG" value="nightly" />
    <property name="env.ANSI_YELLOW" value="\033[33;1m" />
    <property name="env.TRAVIS_FILTERED" value="redirect_io" />
    <property name="env.ANSI_GREEN" value="\033[32;1m" />
    <property name="env.JAVA_HOME" value="/usr/local/lib/jvm/openjdk11" />
    <property name="javadoc.excludepackagenames" value="adm.cvs2svn.*,build.*,config.*,doc.coding.templates.*,jni.test.jni.meaningOfLife.*,jni.test.jni.testDeux.*,jni.test.jni.testTrois.*,org.terraswarm.accessor.accessors.web.node_modules.*,org.terraswarm.accessor.accessors.web.hosts.cordova.demo.*,org.terraswarm.accessor.accessors.web.hosts.cordova.plugins.*,org.terraswarm.accessor.accessors-svn.*,pt-modules.*,ptolemy.apps.agilent.*,ptolemy.apps.anytimecontrol.*,ptolemy.apps.apes.*,ptolemy.apps.charon.*,ptolemy.apps.crazyboard.*,ptolemy.apps.eclipse.*,ptolemy.apps.etherealSting.*,ptolemy.apps.fullscreen.*,ptolemy.apps.giotto.*,ptolemy.apps.ia.*,ptolemy.apps.interfaces.*,ptolemy.apps.jmf.*,ptolemy.apps.kurt.*,ptolemy.apps.kvm.*,ptolemy.apps.lego.*,ptolemy.apps.lejos.*,ptolemy.apps.midp.*,ptolemy.apps.mobileCoding.*,ptolemy.apps.pendulum.*,ptolemy.apps.rijndael.*,ptolemy.apps.robot.*,ptolemy.apps.security.*,ptolemy.apps.sobel.*,ptolemy.apps.soot.*,ptolemy.apps.throttle.*,ptolemy.apps.tini.*,ptolemy.apps.transmission.*,ptolemy.apps.vergil.*,ptolemy.apps.waba.*,ptolemy.apps.websensor.*,ptolemy.apps.webstart.*,ptolemy.apps.xsl.*,ptolemy.apps.zaurus.*,ptolemy.codegen.c.actor.lib.oldJavaFiles.*,ptolemy.codegen.dsp.lib.*,ptolemy.codegen.kernel.newInterfaces.*,ptolemy.codegen.lib.*,ptolemy.copernicus.kernel.fragment.*,ptolemy.copernicus.shallow.cg.*,ptolemy.domains.giotto.demo.Hierarchy.Hierarchy.*,ptolemy.domains.giotto.demo.Multimode.Multimode.*,ptolemy.domains.giotto.demo.Simple.Simple.*,ptolemy.domains.gr.lib.experimental.*,ptolemy.domains.gro.*,ptolemy.domains.pdf.*,ptolemy.domains.ptinyos.demo.Surge.output.*,ptolemy.moml.test.NoPackageActor.java*,ptolemy.plot.adm.*,ptolemy.plot.servlet.*,reports.*,signed.*,src.*,target.*,vendors.*,ptolemy.copernicus.applet.*,ptolemy.media.viewer.*,ptolemy.actor.corba.*,doc.doclets.*,ptolemy.apps.eclipse.awt.*,ptolemy.backtrack.*,ptolemy.backtrack.ast.*,ptolemy.cg.adapter.generic.program.procedural.c.mbed*,ptolemy.homer.*,ptolemy.actor.lib.jai.*,org.ptolemy.scala.*,diva.util.java2d.svg.*,ptolemy.domains.ptinyos.*,ptolemy.actor.lib.fmi.fmipp.*,,org.terraswarm.accessor.accessors.web.node_modules.*,org.terraswarm.accessor.accessors-svn,ptolemy.apps.*,ptolemy.actor.ptalon.demo.ptinyos.SendAndReceiveCnt.output,ptolemy.actor.ptalon.demo.ptinyos.SenseToLeds.output,ptolemy.domains.ptinyos.demo.CntToLedsAndRfm.output,ptolemy.domains.ptinyos.demo.RfmToLeds.output,ptolemy.domains.ptinyos.demo.SendAndReceiveCnt.output,ptolemy.domains.ptinyos.demo.SenseToLeds.output,ptolemy.actor.lib.jjs.modules.udpSocket.*" />
    <property name="env.PTII" value="/home/travis/build/icyphy/ptII" />
    <property name="env.XDG_SESSION_ID" value="2" />
    <property name="keystore" value="ptKeystore" />
    <property name="env.TRAVIS_COMMIT_MESSAGE" value="Updating models using array data type." />
    <property name="junit.output.dir" value="/home/travis/build/icyphy/ptII/reports/junit" />
    <property name="npm.return.code" value="0" />
    <property name="user.dir" value="/home/travis/build/icyphy/ptII/ptolemy/domains/de/test" />
    <property name="env.TRAVIS_NODE_VERSION" value="7" />
    <property name="env.TRAVIS_EVENT_TYPE" value="cron" />
    <property name="env.MAIL" value="/var/mail/travis" />
    <property name="env.PERLBREW_ROOT" value="/home/travis/perl5/perlbrew" />
    <property name="env.PWD" value="/home/travis/build/icyphy/ptII" />
    <property name="timeout.npm" value="45000" />
    <property name="env.PT_TRAVIS_TEST_CORE2_XML" value="true" />
    <property name="env.TRAVIS_ARCH" value="amd64" />
    <property name="sun.cpu.endian" value="little" />
    <property name="env.PAGER" value="cat" />
    <property name="env.TRAVIS_BUILD_STAGE_NAME" value="test" />
    <property name="env.PERLBREW_HOME" value="/home/travis/.perlbrew" />
    <property name="java.vm.version" value="11.0.2+9" />
    <property name="env.RAILS_ENV" value="test" />
    <property name="java.class.path" value="/home/travis/build/icyphy/ptII:/home/travis/build/icyphy/ptII/lib/bsh-2.0b4.jar:/home/travis/build/icyphy/ptII/lib/ptCal.jar:/home/travis/build/icyphy/ptII/lib/java_cup.jar:/home/travis/build/icyphy/ptII/lib/saxon8.jar:/home/travis/build/icyphy/ptII/lib/saxon8-dom.jar:/home/travis/build/icyphy/ptII/lib/chic.jar:/home/travis/build/icyphy/ptII/lib/ptcolt.jar:/home/travis/build/icyphy/ptII/vendors/misc/itext/iText.jar:/home/travis/build/icyphy/ptII/lib/g4ltl.jar:/home/travis/build/icyphy/ptII/lib/StructuralCoder.jar:/home/travis/build/icyphy/ptII/lib/jcerti.jar:/home/travis/build/icyphy/ptII/lib/javax.mail.jar:/home/travis/build/icyphy/ptII/vendors/JMF-2.1.1e/lib/jmf.jar:/home/travis/build/icyphy/ptII/lib/jna-4.0.0-variadic.jar:/home/travis/build/icyphy/ptII/vendors/misc/joystick/Joystick.jar:/home/travis/build/icyphy/ptII/lib/ptjacl.jar:/home/travis/build/icyphy/ptII/lib/jsoup-1.8.2.jar:/home/travis/build/icyphy/ptII/lib/junit-4.8.2.jar:/home/travis/build/icyphy/ptII/lib/JUnitParams-0.4.0.jar:/home/travis/build/icyphy/ptII/ptolemy/actor/lib/excel/jxl.jar:/home/travis/build/icyphy/ptII/lib/jython.jar:/home/travis/build/icyphy/ptII/lib/kieler.jar:/home/travis/build/icyphy/ptII/vendors/opencv/share/OpenCV/java/opencv-341.jar:/home/travis/build/icyphy/ptII/lib/oscP5.jar:/home/travis/build/icyphy/ptII/lib/nrjavaserial-3.11.0.devel.jar:/home/travis/build/icyphy/ptII/vendors/j3d/lib/Linux/j3dcore.jar:/home/travis/build/icyphy/ptII/vendors/j3d/lib/Linux/j3dutils.jar:/home/travis/build/icyphy/ptII/vendors/j3d/lib/Linux/vecmath.jar:/home/travis/build/icyphy/ptII/vendors/jogl/lib/Linux/gluegen-rt-natives-linux-amd64.jar:/home/travis/build/icyphy/ptII/vendors/jogl/lib/Linux/gluegen-rt.jar:/home/travis/build/icyphy/ptII/vendors/jogl/lib/Linux/jogl-all-natives-linux-amd64.jar:/home/travis/build/icyphy/ptII/vendors/jogl/lib/Linux/jogl-all.jar:/home/travis/build/icyphy/ptII/ptolemy/distributed/jini/jar/jini-core.jar:/home/travis/build/icyphy/ptII/ptolemy/distributed/jini/jar/jini-ext.jar:/home/travis/build/icyphy/ptII/ptolemy/distributed/jini/jar/sun-util.jar:/home/travis/build/icyphy/ptII/lib/protobuf-java-2.4.1.jar:/home/travis/build/icyphy/ptII/lib/org.eclipse.paho.client.mqttv3.jar:/home/travis/build/icyphy/ptII/lib/mapss.jar:/home/travis/build/icyphy/ptII/ptolemy/actor/ptalon/antlr/antlr.jar:/home/travis/build/icyphy/ptII/lib/JRI.jar:/home/travis/build/icyphy/ptII/lib/commons-lang-2.6.jar:/home/travis/build/icyphy/ptII/lib/commons-logging-1.1.1.jar:/home/travis/build/icyphy/ptII/lib/sootclasses.jar:/home/travis/build/icyphy/ptII/ptolemy/actor/lib/database/mysql-connector-java-5.1.6-bin.jar:/home/travis/build/icyphy/ptII/vendors/misc/sphinx4/sphinx4-data-5prealpha.jar:/home/travis/build/icyphy/ptII/vendors/misc/sphinx4/sphinx4-core-5prealpha.jar:/home/travis/build/icyphy/ptII/lib/PDFRenderer.jar:/home/travis/build/icyphy/ptII/lib/svgSalamander.jar:/home/travis/build/icyphy/ptII/lib/rsyntaxtextarea-2.6.0-SNAPSHOT.jar:/home/travis/build/icyphy/ptII/lib/hazelcast-3.8.2.jar:/home/travis/build/icyphy/ptII/lib/jackson-annotations-2.9.0.jar:/home/travis/build/icyphy/ptII/lib/jackson-core-2.9.3.jar:/home/travis/build/icyphy/ptII/lib/jackson-databind-2.9.3.jar:/home/travis/build/icyphy/ptII/lib/netty-buffer-4.1.19.Final.jar:/home/travis/build/icyphy/ptII/lib/netty-codec-4.1.19.Final.jar:/home/travis/build/icyphy/ptII/lib/netty-codec-dns-4.1.19.Final.jar:/home/travis/build/icyphy/ptII/lib/netty-codec-http-4.1.19.Final.jar:/home/travis/build/icyphy/ptII/lib/netty-codec-http2-4.1.19.Final.jar:/home/travis/build/icyphy/ptII/lib/netty-common-4.1.19.Final.jar:/home/travis/build/icyphy/ptII/lib/netty-handler-4.1.19.Final.jar:/home/travis/build/icyphy/ptII/lib/netty-resolver-4.1.19.Final.jar:/home/travis/build/icyphy/ptII/lib/netty-resolver-dns-4.1.19.Final.jar:/home/travis/build/icyphy/ptII/lib/netty-transport-4.1.19.Final.jar:/home/travis/build/icyphy/ptII/lib/vertx-codegen-3.5.1.jar:/home/travis/build/icyphy/ptII/lib/vertx-core-3.5.2-SNAPSHOT.jar:/home/travis/build/icyphy/ptII/lib/vertx-hazelcast-3.5.1.jar:/home/travis/build/icyphy/ptII/lib/vertx-lang-js-3.5.1.jar:/home/travis/build/icyphy/ptII/lib/vertx-service-proxy-3.5.1.jar:/home/travis/build/icyphy/ptII/lib/vertx-web-3.5.1.jar:/home/travis/build/icyphy/ptII/lib/slf4j-api-1.7.13.jar:/home/travis/build/icyphy/ptII/lib/slf4j-simple-1.7.13.jar:/home/travis/build/icyphy/ptII/lib/webcam-capture-0.3.12.jar:/home/travis/build/icyphy/ptII/lib/bridj-0.7.0.jar:/home/travis/build/icyphy/ptII/lib/xbjlib-1.1.0.nrjavaserial.jar:/home/travis/build/icyphy/ptII/ptolemy/moml/test:/home/travis/build/icyphy/ptII/ant/lib/ant-launcher.jar:/home/travis/build/icyphy/ptII/ant/lib/ant.jar:/home/travis/build/icyphy/ptII/ant/lib/ant-junit.jar:/home/travis/build/icyphy/ptII/ant/lib/ant-junit4.jar" />
    <property name="ant.library.dir" value="/home/travis/build/icyphy/ptII/ant/lib" />
    <property name="os.arch" value="amd64" />
    <property name="env.CONTINUOUS_INTEGRATION" value="true" />
    <property name="env.TRAVIS_LANGUAGE" value="node_js" />
    <property name="env.TRAVIS_STACK_LANGUAGES" value="__sardonyx__ c c++ clojure cplusplus cpp default generic go groovy java node_js php pure_java python ruby scala" />
    <property name="test.name" value="ptolemy.actor.lib.test.junit.JUnitTclTest" />
    <property name="env.APT_KEY_DONT_WARN_ON_DANGEROUS_USAGE" value="1" />
    <property name="sun.java.launcher" value="SUN_STANDARD" />
    <property name="env.PYTHON_CONFIGURE_OPTS" value="--enable-unicode=ucs4 --with-wide-unicode --enable-shared --enable-ipv6 --enable-loadable-sqlite-extensions --with-computed-gotos" />
    <property name="ant.core.lib" value="/home/travis/build/icyphy/ptII/ant/lib/ant.jar" />
    <property name="java.vm.specification.vendor" value="Oracle Corporation" />
    <property name="env.BCVTB_HOME" value="/home/travis/build/icyphy/ptII/lbnl" />
    <property name="file.separator" value="/" />
    <property name="spotbugs.home" value="/home/travis/build/icyphy/ptII/vendors/spotbugs-3.1.1" />
    <property name="java.runtime.version" value="11.0.2+9" />
    <property name="env.ANSI_CLEAR" value="\033[0K" />
    <property name="javafx.verbose" value="true" />
    <property name="env.HAS_JOSH_K_SEAL_OF_APPROVAL" value="true" />
    <property name="env.XDG_RUNTIME_DIR" value="/run/user/2000" />
    <property name="env.TRAVIS_OSX_IMAGE" value="" />
    <property name="env.TRAVIS_JOB_ID" value="666777438" />
    <property name="env.TRAVIS_BRANCH" value="master" />
    <property name="user.country" value="US" />
    <property name="env.CERTI_HOME_TRAVIS" value="/home/travis/pthla/certi-tools" />
    <property name="env.SHELL" value="/bin/bash" />
    <property name="java.maxmemory.large" value="3200m" />
    <property name="model" value="" />
    <property name="env.CASHER_DIR" value="/home/travis/.casher" />
    <property name="env.NVM_CD_FLAGS" value="" />
    <property name="java.vendor.version" value="18.9" />
    <property name="jshint.executable" value="/home/travis/node_modules/jshint/bin/jshint" />
    <property name="env.JRUBY_OPTS" value=" --client -J-XX:+TieredCompilation -J-XX:TieredStopAtLevel=1 -J-Xss2m -Xcompile.invokedynamic=false" />
    <property name="java.vendor" value="Oracle Corporation" />
    <property name="env.TRAVIS_PRE_CHEF_BOOTSTRAP_TIME" value="2019-03-25T16:16:42" />
    <property name="env.TRAVIS_STACK_JOB_BOARD_REGISTER" value="/.job-board-register.yml" />
    <property name="env.ANSI_RED" value="\033[31;1m" />
    <property name="java.specification.version" value="11" />
    <property name="env.IRBRC" value="/home/travis/.rvm/rubies/ruby-2.5.3/.irbrc" />
    <property name="env.TRAVIS" value="true" />
    <property name="sun.arch.data.model" value="64" />
  </properties>
  <testcase classname="ptolemy.util.test.junit.TclTests" name="[0] /home/travis/build/icyphy/ptII/ptolemy/domains/de/test/DependencyLoop.tcl (RunTclFile)" time="1.033" />
  <testcase classname="ptolemy.util.test.junit.TclTests" name="[1] /home/travis/build/icyphy/ptII/ptolemy/domains/de/test/RunDETestsAsQSS.tcl (RunTclFile)" time="81.375" />
  <testcase classname="ptolemy.util.test.junit.AutoKnownFailedTests" name="[0] /home/travis/build/icyphy/ptII/ptolemy/domains/de/test/auto/knownFailedTests/DESDFClockTest.xml (RunModel)" time="2.046" />
  <testcase classname="ptolemy.util.test.junit.AutoKnownFailedTests" name="[1] /home/travis/build/icyphy/ptII/ptolemy/domains/de/test/auto/knownFailedTests/DirectFeedback.xml (RunModel)" time="0.021" />
  <testcase classname="ptolemy.util.test.junit.AutoKnownFailedTests" name="[2] /home/travis/build/icyphy/ptII/ptolemy/domains/de/test/auto/knownFailedTests/FSMSource.xml (RunModel)" time="0.021" />
  <testcase classname="ptolemy.util.test.junit.AutoKnownFailedTests" name="[3] /home/travis/build/icyphy/ptII/ptolemy/domains/de/test/auto/knownFailedTests/HierarchicalModel.xml (RunModel)" time="0.039" />
  <testcase classname="ptolemy.util.test.junit.AutoKnownFailedTests" name="[4] /home/travis/build/icyphy/ptII/ptolemy/domains/de/test/auto/knownFailedTests/dependencyLoop.xml (RunModel)" time="0.042" />
  <testcase classname="ptolemy.util.test.junit.AutoKnownFailedTests" name="[5] /home/travis/build/icyphy/ptII/ptolemy/domains/de/test/auto/knownFailedTests/dependencyLoop2.xml (RunModel)" time="0.037" />
  <testcase classname="ptolemy.util.test.junit.AutoNameArchTests" name="[0] ThereAreNoAutoArchTests (RunModel)" time="0.001" />
  <testcase classname="ptolemy.util.test.junit.AutoTests" name="[0] /home/travis/build/icyphy/ptII/ptolemy/domains/de/test/auto/ActorDepthCalculation_actorWithoutPorts.xml (RunModel)" time="0.027" />
  <testcase classname="ptolemy.util.test.junit.AutoTests" name="[1] /home/travis/build/icyphy/ptII/ptolemy/domains/de/test/auto/AssemblyLine.xml (RunModel)" time="0.017" />
  <testcase classname="ptolemy.util.test.junit.AutoTests" name="[2] /home/travis/build/icyphy/ptII/ptolemy/domains/de/test/auto/CQBug1.xml (RunModel)" time="0.009" />
  <testcase classname="ptolemy.util.test.junit.AutoTests" name="[3] /home/travis/build/icyphy/ptII/ptolemy/domains/de/test/auto/CancelFireAt.xml (RunModel)" time="0.013" />
  <testcase classname="ptolemy.util.test.junit.AutoTests" name="[4] /home/travis/build/icyphy/ptII/ptolemy/domains/de/test/auto/CausalityAndComposabilityAnalysis.xml (RunModel)" time="0.009" />
  <testcase classname="ptolemy.util.test.junit.AutoTests" name="[5] /home/travis/build/icyphy/ptII/ptolemy/domains/de/test/auto/CausalityInterface1.xml (RunModel)" time="0.013" />
  <testcase classname="ptolemy.util.test.junit.AutoTests" name="[6] /home/travis/build/icyphy/ptII/ptolemy/domains/de/test/auto/CausalityInterface15.xml (RunModel)" time="0.014" />
  <testcase classname="ptolemy.util.test.junit.AutoTests" name="[7] /home/travis/build/icyphy/ptII/ptolemy/domains/de/test/auto/CausalityInterface2.xml (RunModel)" time="0.012" />
  <testcase classname="ptolemy.util.test.junit.AutoTests" name="[8] /home/travis/build/icyphy/ptII/ptolemy/domains/de/test/auto/CausalityInterface3.xml (RunModel)" time="0.011" />
  <testcase classname="ptolemy.util.test.junit.AutoTests" name="[9] /home/travis/build/icyphy/ptII/ptolemy/domains/de/test/auto/ClockDrift.xml (RunModel)" time="0.035" />
  <testcase classname="ptolemy.util.test.junit.AutoTests" name="[10] /home/travis/build/icyphy/ptII/ptolemy/domains/de/test/auto/ClockDriftAndValueChange.xml (RunModel)" time="0.031" />
  <testcase classname="ptolemy.util.test.junit.AutoTests" name="[11] /home/travis/build/icyphy/ptII/ptolemy/domains/de/test/auto/ClockDriftChange.xml (RunModel)" time="0.03" />
  <testcase classname="ptolemy.util.test.junit.AutoTests" name="[12] /home/travis/build/icyphy/ptII/ptolemy/domains/de/test/auto/ComposableCausalityAnalysis.xml (RunModel)" time="0.015" />
  <testcase classname="ptolemy.util.test.junit.AutoTests" name="[13] /home/travis/build/icyphy/ptII/ptolemy/domains/de/test/auto/DEFixedPointLimitation.xml (RunModel)" time="0.01" />
  <testcase classname="ptolemy.util.test.junit.AutoTests" name="[14] /home/travis/build/icyphy/ptII/ptolemy/domains/de/test/auto/DEScheduleTest.xml (RunModel)" time="0.013" />
  <testcase classname="ptolemy.util.test.junit.AutoTests" name="[15] /home/travis/build/icyphy/ptII/ptolemy/domains/de/test/auto/DEinDEwithStartTimes.xml (RunModel)" time="0.013" />
  <testcase classname="ptolemy.util.test.junit.AutoTests" name="[16] /home/travis/build/icyphy/ptII/ptolemy/domains/de/test/auto/DEinDEwithStartTimes2.xml (RunModel)" time="0.021" />
  <testcase classname="ptolemy.util.test.junit.AutoTests" name="[17] /home/travis/build/icyphy/ptII/ptolemy/domains/de/test/auto/DateDemo.xml (RunModel)" time="0.03" />
  <testcase classname="ptolemy.util.test.junit.AutoTests" name="[18] /home/travis/build/icyphy/ptII/ptolemy/domains/de/test/auto/DateToEvent.xml (RunModel)" time="2.042" />
  <testcase classname="ptolemy.util.test.junit.AutoTests" name="[19] /home/travis/build/icyphy/ptII/ptolemy/domains/de/test/auto/DepthTest1.xml (RunModel)" time="0.007" />
  <testcase classname="ptolemy.util.test.junit.AutoTests" name="[20] /home/travis/build/icyphy/ptII/ptolemy/domains/de/test/auto/DepthTest2.xml (RunModel)" time="0.015" />
  <testcase classname="ptolemy.util.test.junit.AutoTests" name="[21] /home/travis/build/icyphy/ptII/ptolemy/domains/de/test/auto/DepthTest3.xml (RunModel)" time="0.009" />
  <testcase classname="ptolemy.util.test.junit.AutoTests" name="[22] /home/travis/build/icyphy/ptII/ptolemy/domains/de/test/auto/DepthTest4.xml (RunModel)" time="0.01" />
  <testcase classname="ptolemy.util.test.junit.AutoTests" name="[23] /home/travis/build/icyphy/ptII/ptolemy/domains/de/test/auto/DepthTest5.xml (RunModel)" time="0.012" />
  <testcase classname="ptolemy.util.test.junit.AutoTests" name="[24] /home/travis/build/icyphy/ptII/ptolemy/domains/de/test/auto/DepthTest6.xml (RunModel)" time="0.013" />
  <testcase classname="ptolemy.util.test.junit.AutoTests" name="[25] /home/travis/build/icyphy/ptII/ptolemy/domains/de/test/auto/DepthTest7.xml (RunModel)" time="0.01" />
  <testcase classname="ptolemy.util.test.junit.AutoTests" name="[26] /home/travis/build/icyphy/ptII/ptolemy/domains/de/test/auto/EventToDate.xml (RunModel)" time="3.049" />
  <testcase classname="ptolemy.util.test.junit.AutoTests" name="[27] /home/travis/build/icyphy/ptII/ptolemy/domains/de/test/auto/FSM1.xml (RunModel)" time="0.04" />
  <testcase classname="ptolemy.util.test.junit.AutoTests" name="[28] /home/travis/build/icyphy/ptII/ptolemy/domains/de/test/auto/FSM7.xml (RunModel)" time="0.048" />
  <testcase classname="ptolemy.util.test.junit.AutoTests" name="[29] /home/travis/build/icyphy/ptII/ptolemy/domains/de/test/auto/Inspection.xml (RunModel)" time="0.042" />
  <testcase classname="ptolemy.util.test.junit.AutoTests" name="[30] /home/travis/build/icyphy/ptII/ptolemy/domains/de/test/auto/Iteration.xml (RunModel)" time="0.021" />
  <testcase classname="ptolemy.util.test.junit.AutoTests" name="[31] /home/travis/build/icyphy/ptII/ptolemy/domains/de/test/auto/LineFault.xml (RunModel)" time="0.54" />
  <testcase classname="ptolemy.util.test.junit.AutoTests" name="[32] /home/travis/build/icyphy/ptII/ptolemy/domains/de/test/auto/MergeModel1Add.xml (RunModel)" time="0.046" />
  <testcase classname="ptolemy.util.test.junit.AutoTests" name="[33] /home/travis/build/icyphy/ptII/ptolemy/domains/de/test/auto/MergeModel2Add.xml (RunModel)" time="0.032" />
  <testcase classname="ptolemy.util.test.junit.AutoTests" name="[34] /home/travis/build/icyphy/ptII/ptolemy/domains/de/test/auto/MergeModel3Add.xml (RunModel)" time="0.046" />
  <testcase classname="ptolemy.util.test.junit.AutoTests" name="[35] /home/travis/build/icyphy/ptII/ptolemy/domains/de/test/auto/MergeWithoutDiscard.xml (RunModel)" time="0.01" />
  <testcase classname="ptolemy.util.test.junit.AutoTests" name="[36] /home/travis/build/icyphy/ptII/ptolemy/domains/de/test/auto/Modal1.xml (RunModel)" time="0.025" />
  <testcase classname="ptolemy.util.test.junit.AutoTests" name="[37] /home/travis/build/icyphy/ptII/ptolemy/domains/de/test/auto/Modal2.xml (RunModel)" time="0.025" />
  <testcase classname="ptolemy.util.test.junit.AutoTests" name="[38] /home/travis/build/icyphy/ptII/ptolemy/domains/de/test/auto/Modal3.xml (RunModel)" time="0.028" />
  <testcase classname="ptolemy.util.test.junit.AutoTests" name="[39] /home/travis/build/icyphy/ptII/ptolemy/domains/de/test/auto/Modal4.xml (RunModel)" time="0.028" />
  <testcase classname="ptolemy.util.test.junit.AutoTests" name="[40] /home/travis/build/icyphy/ptII/ptolemy/domains/de/test/auto/Modal5.xml (RunModel)" time="0.028" />
  <testcase classname="ptolemy.util.test.junit.AutoTests" name="[41] /home/travis/build/icyphy/ptII/ptolemy/domains/de/test/auto/Modal6.xml (RunModel)" time="0.027" />
  <testcase classname="ptolemy.util.test.junit.AutoTests" name="[42] /home/travis/build/icyphy/ptII/ptolemy/domains/de/test/auto/Modal7.xml (RunModel)" time="0.028" />
  <testcase classname="ptolemy.util.test.junit.AutoTests" name="[43] /home/travis/build/icyphy/ptII/ptolemy/domains/de/test/auto/ModalModel.xml (RunModel)" time="0.163" />
  <testcase classname="ptolemy.util.test.junit.AutoTests" name="[44] /home/travis/build/icyphy/ptII/ptolemy/domains/de/test/auto/ModalSource.xml (RunModel)" time="0.023" />
  <testcase classname="ptolemy.util.test.junit.AutoTests" name="[45] /home/travis/build/icyphy/ptII/ptolemy/domains/de/test/auto/NonInterruptibleTimerZeroDelay.xml (RunModel)" time="0.013" />
  <testcase classname="ptolemy.util.test.junit.AutoTests" name="[46] /home/travis/build/icyphy/ptII/ptolemy/domains/de/test/auto/OpenQueueingNetwork.xml (RunModel)" time="2.408" />
  <testcase classname="ptolemy.util.test.junit.AutoTests" name="[47] /home/travis/build/icyphy/ptII/ptolemy/domains/de/test/auto/OpenQueuingNetwork.xml (RunModel)" time="0.276" />
  <testcase classname="ptolemy.util.test.junit.AutoTests" name="[48] /home/travis/build/icyphy/ptII/ptolemy/domains/de/test/auto/PeriodicSampler.xml (RunModel)" time="0.016" />
  <testcase classname="ptolemy.util.test.junit.AutoTests" name="[49] /home/travis/build/icyphy/ptII/ptolemy/domains/de/test/auto/PersistentIO.xml (RunModel)" time="0.018" />
  <testcase classname="ptolemy.util.test.junit.AutoTests" name="[50] /home/travis/build/icyphy/ptII/ptolemy/domains/de/test/auto/PortParameterResetOnInitialize.xml (RunModel)" time="0.008" />
  <testcase classname="ptolemy.util.test.junit.AutoTests" name="[51] /home/travis/build/icyphy/ptII/ptolemy/domains/de/test/auto/PortParameterUpdates.xml (RunModel)" time="0.014" />
  <testcase classname="ptolemy.util.test.junit.AutoTests" name="[52] /home/travis/build/icyphy/ptII/ptolemy/domains/de/test/auto/QueueAndServer.xml (RunModel)" time="0.02" />
  <testcase classname="ptolemy.util.test.junit.AutoTests" name="[53] /home/travis/build/icyphy/ptII/ptolemy/domains/de/test/auto/Records.xml (RunModel)" time="0.02" />
  <testcase classname="ptolemy.util.test.junit.AutoTests" name="[54] /home/travis/build/icyphy/ptII/ptolemy/domains/de/test/auto/ResetTransitionWithStartTime1.xml (RunModel)" time="0.026" />
  <testcase classname="ptolemy.util.test.junit.AutoTests" name="[55] /home/travis/build/icyphy/ptII/ptolemy/domains/de/test/auto/ResetTransitionWithStartTime2.xml (RunModel)" time="0.024" />
  <testcase classname="ptolemy.util.test.junit.AutoTests" name="[56] /home/travis/build/icyphy/ptII/ptolemy/domains/de/test/auto/ResetTransitionWithStartTime3.xml (RunModel)" time="0.019" />
  <testcase classname="ptolemy.util.test.junit.AutoTests" name="[57] /home/travis/build/icyphy/ptII/ptolemy/domains/de/test/auto/ResetTransitionWithStartTime4.xml (RunModel)" time="0.016" />
  <testcase classname="ptolemy.util.test.junit.AutoTests" name="[58] /home/travis/build/icyphy/ptII/ptolemy/domains/de/test/auto/ResettableTimer1.xml (RunModel)" time="0.009" />
  <testcase classname="ptolemy.util.test.junit.AutoTests" name="[59] /home/travis/build/icyphy/ptII/ptolemy/domains/de/test/auto/ResettableTimer2.xml (RunModel)" time="0.008" />
  <testcase classname="ptolemy.util.test.junit.AutoTests" name="[60] /home/travis/build/icyphy/ptII/ptolemy/domains/de/test/auto/ResettableTimer3.xml (RunModel)" time="0.008" />
  <testcase classname="ptolemy.util.test.junit.AutoTests" name="[61] /home/travis/build/icyphy/ptII/ptolemy/domains/de/test/auto/ResettableTimer4.xml (RunModel)" time="0.009" />
  <testcase classname="ptolemy.util.test.junit.AutoTests" name="[62] /home/travis/build/icyphy/ptII/ptolemy/domains/de/test/auto/ResettableTimer5.xml (RunModel)" time="0.008" />
  <testcase classname="ptolemy.util.test.junit.AutoTests" name="[63] /home/travis/build/icyphy/ptII/ptolemy/domains/de/test/auto/ResettableTimer6.xml (RunModel)" time="0.017" />
  <testcase classname="ptolemy.util.test.junit.AutoTests" name="[64] /home/travis/build/icyphy/ptII/ptolemy/domains/de/test/auto/ServerZeroDelay.xml (RunModel)" time="0.01" />
  <testcase classname="ptolemy.util.test.junit.AutoTests" name="[65] /home/travis/build/icyphy/ptII/ptolemy/domains/de/test/auto/SmartSender.xml (RunModel)" time="3.018" />
  <testcase classname="ptolemy.util.test.junit.AutoTests" name="[66] /home/travis/build/icyphy/ptII/ptolemy/domains/de/test/auto/ThreadedComposite.xml (RunModel)" time="0.213" />
  <testcase classname="ptolemy.util.test.junit.AutoTests" name="[67] /home/travis/build/icyphy/ptII/ptolemy/domains/de/test/auto/Time.xml (RunModel)" time="0.375" />
  <testcase classname="ptolemy.util.test.junit.AutoTests" name="[68] /home/travis/build/icyphy/ptII/ptolemy/domains/de/test/auto/TimeDelayZeroDelay.xml (RunModel)" time="0.015" />
  <testcase classname="ptolemy.util.test.junit.AutoTests" name="[69] /home/travis/build/icyphy/ptII/ptolemy/domains/de/test/auto/TimerZeroDelay.xml (RunModel)" time="0.014" />
  <testcase classname="ptolemy.util.test.junit.AutoTests" name="[70] /home/travis/build/icyphy/ptII/ptolemy/domains/de/test/auto/TimingParadox.xml (RunModel)" time="0.294" />
  <testcase classname="ptolemy.util.test.junit.AutoTests" name="[71] /home/travis/build/icyphy/ptII/ptolemy/domains/de/test/auto/TransferInputs.xml (RunModel)" time="0.016" />
  <testcase classname="ptolemy.util.test.junit.AutoTests" name="[72] /home/travis/build/icyphy/ptII/ptolemy/domains/de/test/auto/TransferOutputs2.xml (RunModel)" time="0.016" />
  <testcase classname="ptolemy.util.test.junit.AutoTests" name="[73] /home/travis/build/icyphy/ptII/ptolemy/domains/de/test/auto/Trilateration.xml (RunModel)" time="10.121" />
  <testcase classname="ptolemy.util.test.junit.AutoTests" name="[74] /home/travis/build/icyphy/ptII/ptolemy/domains/de/test/auto/TwoSigmaDelta.xml (RunModel)" time="2.057" />
  <testcase classname="ptolemy.util.test.junit.AutoTests" name="[75] /home/travis/build/icyphy/ptII/ptolemy/domains/de/test/auto/VariableDelay.xml (RunModel)" time="0.012" />
  <testcase classname="ptolemy.util.test.junit.AutoTests" name="[76] /home/travis/build/icyphy/ptII/ptolemy/domains/de/test/auto/VariableDelay2.xml (RunModel)" time="0.009" />
  <testcase classname="ptolemy.util.test.junit.AutoTests" name="[77] /home/travis/build/icyphy/ptII/ptolemy/domains/de/test/auto/VariableDelayZeroDelay.xml (RunModel)" time="0.011" />
  <testcase classname="ptolemy.util.test.junit.AutoTests" name="[78] /home/travis/build/icyphy/ptII/ptolemy/domains/de/test/auto/VariableDelayZeroDelay2.xml (RunModel)" time="0.009" />
  <testcase classname="ptolemy.util.test.junit.AutoTests" name="[79] /home/travis/build/icyphy/ptII/ptolemy/domains/de/test/auto/deInCt.xml (RunModel)" time="0.015" />
  <testcase classname="ptolemy.util.test.junit.AutoTests" name="[80] /home/travis/build/icyphy/ptII/ptolemy/domains/de/test/auto/deInCt2.xml (RunModel)" time="0.022" />
  <testcase classname="ptolemy.util.test.junit.AutoTests" name="[81] /home/travis/build/icyphy/ptII/ptolemy/domains/de/test/auto/dynamicCausalityInterface1.xml (RunModel)" time="0.015" />
  <testcase classname="ptolemy.util.test.junit.AutoTests" name="[82] /home/travis/build/icyphy/ptII/ptolemy/domains/de/test/auto/fsm_de_test.xml (RunModel)" time="0.02" />
  <testcase classname="ptolemy.util.test.junit.AutoTests" name="[83] /home/travis/build/icyphy/ptII/ptolemy/domains/de/test/auto/functionDependencyReconstruction.xml (RunModel)" time="0.025" />
  <testcase classname="ptolemy.util.test.junit.AutoTests" name="[84] /home/travis/build/icyphy/ptII/ptolemy/domains/de/test/auto/multirate.xml (RunModel)" time="0.015" />
  <testcase classname="ptolemy.util.test.junit.AutoTests" name="[85] /home/travis/build/icyphy/ptII/ptolemy/domains/de/test/auto/multirate2.xml (RunModel)" time="0.013" />
  <testcase classname="ptolemy.util.test.junit.AutoTests" name="[86] /home/travis/build/icyphy/ptII/ptolemy/domains/de/test/auto/realtime.xml (RunModel)" time="10.016" />
  <testcase classname="ptolemy.util.test.junit.AutoTests" name="[87] /home/travis/build/icyphy/ptII/ptolemy/domains/de/test/auto/relationGroup.xml (RunModel)" time="0.008" />
  <testcase classname="ptolemy.util.test.junit.AutoTests" name="[88] /home/travis/build/icyphy/ptII/ptolemy/domains/de/test/auto/relationGroup2.xml (RunModel)" time="0.011" />
  <testcase classname="ptolemy.util.test.junit.AutoTests" name="[89] /home/travis/build/icyphy/ptII/ptolemy/domains/de/test/auto/sortWithOpaquePorts.xml (RunModel)" time="0.008" />
  <testcase classname="ptolemy.util.test.junit.AutoTests" name="[90] /home/travis/build/icyphy/ptII/ptolemy/domains/de/test/auto/transferInputsandOutputs.xml (RunModel)" time="0.021" />
  <testcase classname="ptolemy.util.test.junit.AutoTests" name="[91] /home/travis/build/icyphy/ptII/ptolemy/domains/de/test/auto/triggerType.xml (RunModel)" time="0.009" />
  <system-out><![CDATA[/home/travis/build/icyphy/ptII/ptolemy/domains/de/test/DependencyLoop.tcl
testDefs.tcl: setting time out to 9000 seconds at Wed Mar 25 13:38:35 UTC 2020
70 ms. Memory: 129024K Free: 78794K (61%)
28 ms. Memory: 129024K Free: 61386K (48%)
/home/travis/build/icyphy/ptII/ptolemy/domains/de/test/RunDETestsAsQSS.tcl
Run the DE tests using ptolemy.domains.qss.test.QSSDirectorTest, which extends QSSDirector and prints a message in the constructors.
------------------ testing $PTII/ptolemy/domains/de/test/auto/knownFailedTests/DirectFeedback.xml (Known Failure) 
39 ms. Memory: 129024K Free: 56266K (44%)


==== $PTIIhome/travis/build/icyphy/ptII/ptolemy/domains/de/test/../../../../: Auto Automatic test in file $PTII/ptolemy/domains/de/test/auto/knownFailedTests/DirectFeedback.xml
==== Contents of test case:

	    # FIXME: we should use $relativeFilename here, but it
	    # might have backslashes under Windows, which causes no end
	    # of trouble.
	    createAndExecute $file
	    list {}
	
.... Test generated KNOWN error:
    while executing
ptolemy.kernel.util.IllegalActionException: Test fails in iteration 1.
Value was: 1.0. Should have been: 2.0
  in .DirectFeedback.Test
	at ptolemy.actor.lib.Test.fire(Test.java:268)
	at ptolemy.domains.de.kernel.DEDirector._fire(DEDirector.java:1949)
	at ptolemy.domains.de.kernel.DEDirector.fire(DEDirector.java:502)
	at ptolemy.actor.CompositeActor.fire(CompositeActor.java:455)
	at ptolemy.actor.Manager.iterate(Manager.java:851)
	at ptolemy.actor.Manager.execute(Manager.java:369)
	at ptolemy.actor.Manager.run(Manager.java:1263)
	at ptolemy.actor.Manager$PtolemyRunThread.run(Manager.java:1933)

    while executing
ptolemy.kernel.util.IllegalActionException: Test fails in iteration 1.
Value was: 1.0. Should have been: 2.0
  in .DirectFeedback.Test
    while executing
"java::new ptolemy.moml.MoMLSimpleApplication $file
"
    (procedure "createAndExecute" line 2)
    invoked from within
"createAndExecute $file"
    ("uplevel" body line 5)
    invoked from within
"uplevel $contents_of_test"
------------------ testing $PTII/ptolemy/domains/de/test/auto/knownFailedTests/dependencyLoop.xml (Known Failure) 
8 ms. Memory: 129024K Free: 53194K (41%)


==== $PTIIhome/travis/build/icyphy/ptII/ptolemy/domains/de/test/../../../../: Auto Automatic test in file $PTII/ptolemy/domains/de/test/auto/knownFailedTests/dependencyLoop.xml
==== Contents of test case:

	    # FIXME: we should use $relativeFilename here, but it
	    # might have backslashes under Windows, which causes no end
	    # of trouble.
	    createAndExecute $file
	    list {}
	
.... Test generated KNOWN error:
    while executing
ptolemy.kernel.util.IllegalActionException: Found a zero delay loop containing .dependencyLoop.original
  in .dependencyLoop and .dependencyLoop.original
	at ptolemy.actor.util.CausalityInterfaceForComposites._computeOutputPortDepth(CausalityInterfaceForComposites.java:759)
	at ptolemy.actor.util.CausalityInterfaceForComposites._computeInputDepth(CausalityInterfaceForComposites.java:696)
	at ptolemy.actor.util.CausalityInterfaceForComposites._computeOutputPortDepth(CausalityInterfaceForComposites.java:765)
	at ptolemy.actor.util.CausalityInterfaceForComposites._computeInputDepth(CausalityInterfaceForComposites.java:696)
	at ptolemy.actor.util.CausalityInterfaceForComposites._computeOutputPortDepth(CausalityInterfaceForComposites.java:765)
	at ptolemy.actor.util.CausalityInterfaceForComposites._computeInputDepth(CausalityInterfaceForComposites.java:696)
	at ptolemy.actor.util.CausalityInterfaceForComposites._computeActorDepth(CausalityInterfaceForComposites.java:532)
	at ptolemy.actor.util.CausalityInterfaceForComposites.checkForCycles(CausalityInterfaceForComposites.java:96)
	at ptolemy.domains.de.kernel.DEDirector.preinitialize(DEDirector.java:1338)
	at ptolemy.actor.CompositeActor.preinitialize(CompositeActor.java:1828)
	at ptolemy.actor.Manager.preinitializeAndResolveTypes(Manager.java:1040)
	at ptolemy.actor.Manager.initialize(Manager.java:710)
	at ptolemy.actor.Manager.execute(Manager.java:356)
	at ptolemy.actor.Manager.run(Manager.java:1263)
	at ptolemy.actor.Manager$PtolemyRunThread.run(Manager.java:1933)

    while executing
ptolemy.kernel.util.IllegalActionException: Found a zero delay loop containing .dependencyLoop.original
  in .dependencyLoop and .dependencyLoop.original
    while executing
"java::new ptolemy.moml.MoMLSimpleApplication $file
"
    (procedure "createAndExecute" line 2)
    invoked from within
"createAndExecute $file"
    ("uplevel" body line 5)
    invoked from within
"uplevel $contents_of_test"
------------------ testing $PTII/ptolemy/domains/de/test/auto/knownFailedTests/FSMSource.xml (Known Failure) 
75 ms. Memory: 129024K Free: 112139K (87%)
!!!! Auto was marked as failing, but now passes
------------------ testing $PTII/ptolemy/domains/de/test/auto/knownFailedTests/HierarchicalModel.xml (Known Failure) 
5 ms. Memory: 129024K Free: 94261K (73%)


==== $PTIIhome/travis/build/icyphy/ptII/ptolemy/domains/de/test/../../../../: Auto Automatic test in file $PTII/ptolemy/domains/de/test/auto/knownFailedTests/HierarchicalModel.xml
==== Contents of test case:

	    # FIXME: we should use $relativeFilename here, but it
	    # might have backslashes under Windows, which causes no end
	    # of trouble.
	    createAndExecute $file
	    list {}
	
.... Test generated KNOWN error:
    while executing
ptolemy.kernel.util.IllegalActionException: Found a zero delay loop containing .HierarchicalModel.A
  in .HierarchicalModel and .HierarchicalModel.A
	at ptolemy.actor.util.CausalityInterfaceForComposites._computeOutputPortDepth(CausalityInterfaceForComposites.java:759)
	at ptolemy.actor.util.CausalityInterfaceForComposites._computeInputDepth(CausalityInterfaceForComposites.java:696)
	at ptolemy.actor.util.CausalityInterfaceForComposites._computeOutputPortDepth(CausalityInterfaceForComposites.java:765)
	at ptolemy.actor.util.CausalityInterfaceForComposites._computeInputDepth(CausalityInterfaceForComposites.java:696)
	at ptolemy.actor.util.CausalityInterfaceForComposites._computeOutputPortDepth(CausalityInterfaceForComposites.java:765)
	at ptolemy.actor.util.CausalityInterfaceForComposites._computeInputDepth(CausalityInterfaceForComposites.java:696)
	at ptolemy.actor.util.CausalityInterfaceForComposites._computeActorDepth(CausalityInterfaceForComposites.java:532)
	at ptolemy.actor.util.CausalityInterfaceForComposites.checkForCycles(CausalityInterfaceForComposites.java:96)
	at ptolemy.domains.de.kernel.DEDirector.preinitialize(DEDirector.java:1338)
	at ptolemy.actor.CompositeActor.preinitialize(CompositeActor.java:1828)
	at ptolemy.actor.Manager.preinitializeAndResolveTypes(Manager.java:1040)
	at ptolemy.actor.Manager.initialize(Manager.java:710)
	at ptolemy.actor.Manager.execute(Manager.java:356)
	at ptolemy.actor.Manager.run(Manager.java:1263)
	at ptolemy.actor.Manager$PtolemyRunThread.run(Manager.java:1933)

    while executing
ptolemy.kernel.util.IllegalActionException: Found a zero delay loop containing .HierarchicalModel.A
  in .HierarchicalModel and .HierarchicalModel.A
    while executing
"java::new ptolemy.moml.MoMLSimpleApplication $file
"
    (procedure "createAndExecute" line 2)
    invoked from within
"createAndExecute $file"
    ("uplevel" body line 5)
    invoked from within
"uplevel $contents_of_test"
------------------ testing $PTII/ptolemy/domains/de/test/auto/knownFailedTests/dependencyLoop2.xml (Known Failure) 
7 ms. Memory: 129024K Free: 78331K (61%)


==== $PTIIhome/travis/build/icyphy/ptII/ptolemy/domains/de/test/../../../../: Auto Automatic test in file $PTII/ptolemy/domains/de/test/auto/knownFailedTests/dependencyLoop2.xml
==== Contents of test case:

	    # FIXME: we should use $relativeFilename here, but it
	    # might have backslashes under Windows, which causes no end
	    # of trouble.
	    createAndExecute $file
	    list {}
	
.... Test generated KNOWN error:
    while executing
ptolemy.kernel.util.IllegalActionException: Found a zero delay loop containing .dependencyLoop2.original
  in .dependencyLoop2 and .dependencyLoop2.original
	at ptolemy.actor.util.CausalityInterfaceForComposites._computeOutputPortDepth(CausalityInterfaceForComposites.java:759)
	at ptolemy.actor.util.CausalityInterfaceForComposites._computeInputDepth(CausalityInterfaceForComposites.java:696)
	at ptolemy.actor.util.CausalityInterfaceForComposites._computeOutputPortDepth(CausalityInterfaceForComposites.java:765)
	at ptolemy.actor.util.CausalityInterfaceForComposites._computeInputDepth(CausalityInterfaceForComposites.java:696)
	at ptolemy.actor.util.CausalityInterfaceForComposites._computeOutputPortDepth(CausalityInterfaceForComposites.java:765)
	at ptolemy.actor.util.CausalityInterfaceForComposites._computeInputDepth(CausalityInterfaceForComposites.java:696)
	at ptolemy.actor.util.CausalityInterfaceForComposites._computeActorDepth(CausalityInterfaceForComposites.java:532)
	at ptolemy.actor.util.CausalityInterfaceForComposites.checkForCycles(CausalityInterfaceForComposites.java:96)
	at ptolemy.domains.de.kernel.DEDirector.preinitialize(DEDirector.java:1338)
	at ptolemy.actor.CompositeActor.preinitialize(CompositeActor.java:1828)
	at ptolemy.actor.Manager.preinitializeAndResolveTypes(Manager.java:1040)
	at ptolemy.actor.Manager.initialize(Manager.java:710)
	at ptolemy.actor.Manager.execute(Manager.java:356)
	at ptolemy.actor.Manager.run(Manager.java:1263)
	at ptolemy.actor.Manager$PtolemyRunThread.run(Manager.java:1933)

    while executing
ptolemy.kernel.util.IllegalActionException: Found a zero delay loop containing .dependencyLoop2.original
  in .dependencyLoop2 and .dependencyLoop2.original
    while executing
"java::new ptolemy.moml.MoMLSimpleApplication $file
"
    (procedure "createAndExecute" line 2)
    invoked from within
"createAndExecute $file"
    ("uplevel" body line 5)
    invoked from within
"uplevel $contents_of_test"
------------------ testing $PTII/ptolemy/domains/de/test/auto/knownFailedTests/DESDFClockTest.xml (Known Failure) 
2060 ms. Memory: 129024K Free: 106484K (83%)


==== $PTIIhome/travis/build/icyphy/ptII/ptolemy/domains/de/test/../../../../: Auto Automatic test in file $PTII/ptolemy/domains/de/test/auto/knownFailedTests/DESDFClockTest.xml
==== Contents of test case:

	    # FIXME: we should use $relativeFilename here, but it
	    # might have backslashes under Windows, which causes no end
	    # of trouble.
	    createAndExecute $file
	    list {}
	
.... Test generated KNOWN error:
    while executing
ptolemy.kernel.util.IllegalActionException: Actor is not ready to fire.  Perhaps UpSample.prefire() returned false? Try debugging the actor by selecting "Listen to Actor".  Also, for SDF check moml for tokenConsumptionRate on input.
  in .DESDFClockTest.Play Bell.Copy1:SDF Director and .DESDFClockTest.Play Bell.UpSample
	at ptolemy.actor.sched.StaticSchedulingDirector.fire(StaticSchedulingDirector.java:227)
	at ptolemy.domains.sdf.kernel.SDFDirector.fire(SDFDirector.java:500)
	at ptolemy.actor.CompositeActor.fire(CompositeActor.java:455)
	at ptolemy.domains.de.kernel.DEDirector._fire(DEDirector.java:1949)
	at ptolemy.domains.de.kernel.DEDirector.fire(DEDirector.java:502)
	at ptolemy.actor.CompositeActor.fire(CompositeActor.java:455)
	at ptolemy.actor.Manager.iterate(Manager.java:851)
	at ptolemy.actor.Manager.execute(Manager.java:369)
	at ptolemy.actor.Manager.run(Manager.java:1263)
	at ptolemy.actor.Manager$PtolemyRunThread.run(Manager.java:1933)

    while executing
ptolemy.kernel.util.IllegalActionException: Actor is not ready to fire.  Perhaps UpSample.prefire() returned false? Try debugging the actor by selecting "Listen to Actor".  Also, for SDF check moml for tokenConsumptionRate on input.
  in .DESDFClockTest.Play Bell.Copy1:SDF Director and .DESDFClockTest.Play Bell.UpSample
    while executing
"java::new ptolemy.moml.MoMLSimpleApplication $file
"
    (procedure "createAndExecute" line 2)
    invoked from within
"createAndExecute $file"
    ("uplevel" body line 5)
    invoked from within
"uplevel $contents_of_test"
------------------ testing $PTII/ptolemy/domains/de/test/auto/ActorDepthCalculation_actorWithoutPorts.xml
auto.tcl: Setting watchdog for 200 seconds at Wed Mar 25 13:38:39 UTC 2020
10 ms. Memory: 129024K Free: 98806K (77%)
ptolemy.util.test.WatchDog.cancel(): canceling Wed Mar 25 13:38:39 UTC 2020
auto.tcl: Setting watchdog for 200 seconds at Wed Mar 25 13:38:39 UTC 2020
8 ms. Memory: 129024K Free: 97254K (75%)
ptolemy.util.test.WatchDog.cancel(): canceling Wed Mar 25 13:38:39 UTC 2020
------------------ testing $PTII/ptolemy/domains/de/test/auto/AssemblyLine.xml
auto.tcl: Setting watchdog for 200 seconds at Wed Mar 25 13:38:40 UTC 2020
10 ms. Memory: 48128K Free: 24390K (51%)
ptolemy.util.test.WatchDog.cancel(): canceling Wed Mar 25 13:38:40 UTC 2020
auto.tcl: Setting watchdog for 200 seconds at Wed Mar 25 13:38:40 UTC 2020
6 ms. Memory: 48128K Free: 23654K (49%)
ptolemy.util.test.WatchDog.cancel(): canceling Wed Mar 25 13:38:40 UTC 2020
------------------ testing $PTII/ptolemy/domains/de/test/auto/CQBug1.xml
auto.tcl: Setting watchdog for 200 seconds at Wed Mar 25 13:38:40 UTC 2020
3 ms. Memory: 48128K Free: 30494K (63%)
ptolemy.util.test.WatchDog.cancel(): canceling Wed Mar 25 13:38:40 UTC 2020
auto.tcl: Setting watchdog for 200 seconds at Wed Mar 25 13:38:40 UTC 2020
2 ms. Memory: 48128K Free: 30054K (62%)
ptolemy.util.test.WatchDog.cancel(): canceling Wed Mar 25 13:38:40 UTC 2020
------------------ testing $PTII/ptolemy/domains/de/test/auto/CancelFireAt.xml
auto.tcl: Setting watchdog for 200 seconds at Wed Mar 25 13:38:40 UTC 2020
3 ms. Memory: 48128K Free: 31655K (66%)
ptolemy.util.test.WatchDog.cancel(): canceling Wed Mar 25 13:38:40 UTC 2020
auto.tcl: Setting watchdog for 200 seconds at Wed Mar 25 13:38:40 UTC 2020
2 ms. Memory: 48128K Free: 31089K (65%)
ptolemy.util.test.WatchDog.cancel(): canceling Wed Mar 25 13:38:40 UTC 2020
------------------ testing $PTII/ptolemy/domains/de/test/auto/CausalityAndComposabilityAnalysis.xml
auto.tcl: Setting watchdog for 200 seconds at Wed Mar 25 13:38:40 UTC 2020
8 ms. Memory: 48128K Free: 29394K (61%)
ptolemy.util.test.WatchDog.cancel(): canceling Wed Mar 25 13:38:40 UTC 2020
auto.tcl: Setting watchdog for 200 seconds at Wed Mar 25 13:38:40 UTC 2020
5 ms. Memory: 48128K Free: 28962K (60%)
ptolemy.util.test.WatchDog.cancel(): canceling Wed Mar 25 13:38:40 UTC 2020
------------------ testing $PTII/ptolemy/domains/de/test/auto/CausalityInterface1.xml
auto.tcl: Setting watchdog for 200 seconds at Wed Mar 25 13:38:40 UTC 2020
30 ms. Memory: 48128K Free: 28322K (59%)
ptolemy.util.test.WatchDog.cancel(): canceling Wed Mar 25 13:38:40 UTC 2020
auto.tcl: Setting watchdog for 200 seconds at Wed Mar 25 13:38:40 UTC 2020
4 ms. Memory: 48128K Free: 27327K (57%)
ptolemy.util.test.WatchDog.cancel(): canceling Wed Mar 25 13:38:40 UTC 2020
------------------ testing $PTII/ptolemy/domains/de/test/auto/CausalityInterface15.xml
auto.tcl: Setting watchdog for 200 seconds at Wed Mar 25 13:38:40 UTC 2020
9 ms. Memory: 48128K Free: 27919K (58%)
ptolemy.util.test.WatchDog.cancel(): canceling Wed Mar 25 13:38:40 UTC 2020
auto.tcl: Setting watchdog for 200 seconds at Wed Mar 25 13:38:40 UTC 2020
8 ms. Memory: 48128K Free: 27187K (56%)
ptolemy.util.test.WatchDog.cancel(): canceling Wed Mar 25 13:38:40 UTC 2020
------------------ testing $PTII/ptolemy/domains/de/test/auto/CausalityInterface2.xml
auto.tcl: Setting watchdog for 200 seconds at Wed Mar 25 13:38:40 UTC 2020
5 ms. Memory: 48128K Free: 28896K (60%)
ptolemy.util.test.WatchDog.cancel(): canceling Wed Mar 25 13:38:40 UTC 2020
auto.tcl: Setting watchdog for 200 seconds at Wed Mar 25 13:38:40 UTC 2020
3 ms. Memory: 48128K Free: 27756K (58%)
ptolemy.util.test.WatchDog.cancel(): canceling Wed Mar 25 13:38:40 UTC 2020
------------------ testing $PTII/ptolemy/domains/de/test/auto/CausalityInterface3.xml
auto.tcl: Setting watchdog for 200 seconds at Wed Mar 25 13:38:40 UTC 2020
5 ms. Memory: 48128K Free: 28415K (59%)
ptolemy.util.test.WatchDog.cancel(): canceling Wed Mar 25 13:38:40 UTC 2020
auto.tcl: Setting watchdog for 200 seconds at Wed Mar 25 13:38:40 UTC 2020
2 ms. Memory: 48128K Free: 27983K (58%)
ptolemy.util.test.WatchDog.cancel(): canceling Wed Mar 25 13:38:40 UTC 2020
------------------ testing $PTII/ptolemy/domains/de/test/auto/ClockDrift.xml
auto.tcl: Setting watchdog for 200 seconds at Wed Mar 25 13:38:40 UTC 2020
95 ms. Memory: 48128K Free: 20743K (43%)
ptolemy.util.test.WatchDog.cancel(): canceling Wed Mar 25 13:38:41 UTC 2020
auto.tcl: Setting watchdog for 200 seconds at Wed Mar 25 13:38:41 UTC 2020
65 ms. Memory: 48128K Free: 17545K (36%)
ptolemy.util.test.WatchDog.cancel(): canceling Wed Mar 25 13:38:41 UTC 2020
------------------ testing $PTII/ptolemy/domains/de/test/auto/ClockDriftAndValueChange.xml
auto.tcl: Setting watchdog for 200 seconds at Wed Mar 25 13:38:41 UTC 2020
29 ms. Memory: 48128K Free: 20835K (43%)
ptolemy.util.test.WatchDog.cancel(): canceling Wed Mar 25 13:38:41 UTC 2020
auto.tcl: Setting watchdog for 200 seconds at Wed Mar 25 13:38:41 UTC 2020
23 ms. Memory: 48128K Free: 17844K (37%)
ptolemy.util.test.WatchDog.cancel(): canceling Wed Mar 25 13:38:41 UTC 2020
------------------ testing $PTII/ptolemy/domains/de/test/auto/ClockDriftChange.xml
auto.tcl: Setting watchdog for 200 seconds at Wed Mar 25 13:38:41 UTC 2020
19 ms. Memory: 48128K Free: 23141K (48%)
ptolemy.util.test.WatchDog.cancel(): canceling Wed Mar 25 13:38:41 UTC 2020
auto.tcl: Setting watchdog for 200 seconds at Wed Mar 25 13:38:41 UTC 2020
24 ms. Memory: 48128K Free: 20565K (43%)
ptolemy.util.test.WatchDog.cancel(): canceling Wed Mar 25 13:38:41 UTC 2020
------------------ testing $PTII/ptolemy/domains/de/test/auto/ComposableCausalityAnalysis.xml
auto.tcl: Setting watchdog for 200 seconds at Wed Mar 25 13:38:41 UTC 2020
2 ms. Memory: 48128K Free: 27782K (58%)
ptolemy.util.test.WatchDog.cancel(): canceling Wed Mar 25 13:38:41 UTC 2020
auto.tcl: Setting watchdog for 200 seconds at Wed Mar 25 13:38:41 UTC 2020
4 ms. Memory: 48128K Free: 26740K (56%)
ptolemy.util.test.WatchDog.cancel(): canceling Wed Mar 25 13:38:41 UTC 2020
------------------ testing $PTII/ptolemy/domains/de/test/auto/DEFixedPointLimitation.xml
auto.tcl: Setting watchdog for 200 seconds at Wed Mar 25 13:38:41 UTC 2020
4 ms. Memory: 48128K Free: 29084K (60%)
ptolemy.util.test.WatchDog.cancel(): canceling Wed Mar 25 13:38:41 UTC 2020
auto.tcl: Setting watchdog for 200 seconds at Wed Mar 25 13:38:41 UTC 2020
2 ms. Memory: 48128K Free: 28202K (59%)
ptolemy.util.test.WatchDog.cancel(): canceling Wed Mar 25 13:38:41 UTC 2020
------------------ testing $PTII/ptolemy/domains/de/test/auto/DEScheduleTest.xml
auto.tcl: Setting watchdog for 200 seconds at Wed Mar 25 13:38:41 UTC 2020
4 ms. Memory: 48128K Free: 29427K (61%)
ptolemy.util.test.WatchDog.cancel(): canceling Wed Mar 25 13:38:41 UTC 2020
auto.tcl: Setting watchdog for 200 seconds at Wed Mar 25 13:38:41 UTC 2020
3 ms. Memory: 48128K Free: 28650K (60%)
ptolemy.util.test.WatchDog.cancel(): canceling Wed Mar 25 13:38:41 UTC 2020
------------------ testing $PTII/ptolemy/domains/de/test/auto/DEinDEwithStartTimes.xml
auto.tcl: Setting watchdog for 200 seconds at Wed Mar 25 13:38:41 UTC 2020
6 ms. Memory: 48128K Free: 27577K (57%)
ptolemy.util.test.WatchDog.cancel(): canceling Wed Mar 25 13:38:41 UTC 2020
auto.tcl: Setting watchdog for 200 seconds at Wed Mar 25 13:38:41 UTC 2020
3 ms. Memory: 48128K Free: 26553K (55%)
ptolemy.util.test.WatchDog.cancel(): canceling Wed Mar 25 13:38:41 UTC 2020
------------------ testing $PTII/ptolemy/domains/de/test/auto/DEinDEwithStartTimes2.xml
auto.tcl: Setting watchdog for 200 seconds at Wed Mar 25 13:38:41 UTC 2020
4 ms. Memory: 48128K Free: 26655K (55%)
ptolemy.util.test.WatchDog.cancel(): canceling Wed Mar 25 13:38:41 UTC 2020
auto.tcl: Setting watchdog for 200 seconds at Wed Mar 25 13:38:41 UTC 2020
4 ms. Memory: 48128K Free: 25401K (53%)
ptolemy.util.test.WatchDog.cancel(): canceling Wed Mar 25 13:38:41 UTC 2020
------------------ testing $PTII/ptolemy/domains/de/test/auto/DateDemo.xml
auto.tcl: Setting watchdog for 200 seconds at Wed Mar 25 13:38:41 UTC 2020
13 ms. Memory: 48128K Free: 21031K (44%)
ptolemy.util.test.WatchDog.cancel(): canceling Wed Mar 25 13:38:41 UTC 2020
auto.tcl: Setting watchdog for 200 seconds at Wed Mar 25 13:38:41 UTC 2020
6 ms. Memory: 48128K Free: 19405K (40%)
ptolemy.util.test.WatchDog.cancel(): canceling Wed Mar 25 13:38:41 UTC 2020
------------------ testing $PTII/ptolemy/domains/de/test/auto/DateToEvent.xml
auto.tcl: Setting watchdog for 200 seconds at Wed Mar 25 13:38:42 UTC 2020
2010 ms. Memory: 48128K Free: 16962K (35%)
ptolemy.util.test.WatchDog.cancel(): canceling Wed Mar 25 13:38:44 UTC 2020
auto.tcl: Setting watchdog for 200 seconds at Wed Mar 25 13:38:44 UTC 2020
2015 ms. Memory: 48128K Free: 16188K (34%)
ptolemy.util.test.WatchDog.cancel(): canceling Wed Mar 25 13:38:46 UTC 2020
------------------ testing $PTII/ptolemy/domains/de/test/auto/DepthTest1.xml
auto.tcl: Setting watchdog for 200 seconds at Wed Mar 25 13:38:46 UTC 2020
3 ms. Memory: 48128K Free: 30110K (63%)
ptolemy.util.test.WatchDog.cancel(): canceling Wed Mar 25 13:38:46 UTC 2020
auto.tcl: Setting watchdog for 200 seconds at Wed Mar 25 13:38:46 UTC 2020
2 ms. Memory: 48128K Free: 29676K (62%)
ptolemy.util.test.WatchDog.cancel(): canceling Wed Mar 25 13:38:46 UTC 2020
------------------ testing $PTII/ptolemy/domains/de/test/auto/DepthTest2.xml
auto.tcl: Setting watchdog for 200 seconds at Wed Mar 25 13:38:46 UTC 2020
4 ms. Memory: 48128K Free: 26954K (56%)
ptolemy.util.test.WatchDog.cancel(): canceling Wed Mar 25 13:38:46 UTC 2020
auto.tcl: Setting watchdog for 200 seconds at Wed Mar 25 13:38:46 UTC 2020
2 ms. Memory: 48128K Free: 26521K (55%)
ptolemy.util.test.WatchDog.cancel(): canceling Wed Mar 25 13:38:46 UTC 2020
------------------ testing $PTII/ptolemy/domains/de/test/auto/DepthTest3.xml
auto.tcl: Setting watchdog for 200 seconds at Wed Mar 25 13:38:46 UTC 2020
3 ms. Memory: 48128K Free: 30440K (63%)
ptolemy.util.test.WatchDog.cancel(): canceling Wed Mar 25 13:38:46 UTC 2020
auto.tcl: Setting watchdog for 200 seconds at Wed Mar 25 13:38:46 UTC 2020
2 ms. Memory: 48128K Free: 30008K (62%)
ptolemy.util.test.WatchDog.cancel(): canceling Wed Mar 25 13:38:46 UTC 2020
------------------ testing $PTII/ptolemy/domains/de/test/auto/DepthTest4.xml
auto.tcl: Setting watchdog for 200 seconds at Wed Mar 25 13:38:46 UTC 2020
9 ms. Memory: 48128K Free: 28712K (60%)
ptolemy.util.test.WatchDog.cancel(): canceling Wed Mar 25 13:38:46 UTC 2020
auto.tcl: Setting watchdog for 200 seconds at Wed Mar 25 13:38:46 UTC 2020
2 ms. Memory: 48128K Free: 28042K (58%)
ptolemy.util.test.WatchDog.cancel(): canceling Wed Mar 25 13:38:46 UTC 2020
------------------ testing $PTII/ptolemy/domains/de/test/auto/DepthTest5.xml
auto.tcl: Setting watchdog for 200 seconds at Wed Mar 25 13:38:46 UTC 2020
6 ms. Memory: 48128K Free: 28148K (58%)
ptolemy.util.test.WatchDog.cancel(): canceling Wed Mar 25 13:38:46 UTC 2020
auto.tcl: Setting watchdog for 200 seconds at Wed Mar 25 13:38:46 UTC 2020
2 ms. Memory: 48128K Free: 27402K (57%)
ptolemy.util.test.WatchDog.cancel(): canceling Wed Mar 25 13:38:46 UTC 2020
------------------ testing $PTII/ptolemy/domains/de/test/auto/DepthTest6.xml
auto.tcl: Setting watchdog for 200 seconds at Wed Mar 25 13:38:46 UTC 2020
4 ms. Memory: 48128K Free: 27916K (58%)
ptolemy.util.test.WatchDog.cancel(): canceling Wed Mar 25 13:38:46 UTC 2020
auto.tcl: Setting watchdog for 200 seconds at Wed Mar 25 13:38:46 UTC 2020
3 ms. Memory: 48128K Free: 27500K (57%)
ptolemy.util.test.WatchDog.cancel(): canceling Wed Mar 25 13:38:46 UTC 2020
------------------ testing $PTII/ptolemy/domains/de/test/auto/DepthTest7.xml
auto.tcl: Setting watchdog for 200 seconds at Wed Mar 25 13:38:46 UTC 2020
3 ms. Memory: 48128K Free: 28637K (60%)
ptolemy.util.test.WatchDog.cancel(): canceling Wed Mar 25 13:38:46 UTC 2020
auto.tcl: Setting watchdog for 200 seconds at Wed Mar 25 13:38:46 UTC 2020
3 ms. Memory: 48128K Free: 27951K (58%)
ptolemy.util.test.WatchDog.cancel(): canceling Wed Mar 25 13:38:46 UTC 2020
------------------ testing $PTII/ptolemy/domains/de/test/auto/EventToDate.xml
auto.tcl: Setting watchdog for 200 seconds at Wed Mar 25 13:38:46 UTC 2020
3009 ms. Memory: 48128K Free: 19418K (40%)
ptolemy.util.test.WatchDog.cancel(): canceling Wed Mar 25 13:38:49 UTC 2020
auto.tcl: Setting watchdog for 200 seconds at Wed Mar 25 13:38:49 UTC 2020
3005 ms. Memory: 48128K Free: 18785K (39%)
ptolemy.util.test.WatchDog.cancel(): canceling Wed Mar 25 13:38:52 UTC 2020
------------------ testing $PTII/ptolemy/domains/de/test/auto/FSM1.xml
auto.tcl: Setting watchdog for 200 seconds at Wed Mar 25 13:38:52 UTC 2020
31 ms. Memory: 48128K Free: 20204K (42%)
ptolemy.util.test.WatchDog.cancel(): canceling Wed Mar 25 13:38:52 UTC 2020
auto.tcl: Setting watchdog for 200 seconds at Wed Mar 25 13:38:52 UTC 2020
19 ms. Memory: 48128K Free: 17038K (35%)
ptolemy.util.test.WatchDog.cancel(): canceling Wed Mar 25 13:38:52 UTC 2020
------------------ testing $PTII/ptolemy/domains/de/test/auto/FSM7.xml
auto.tcl: Setting watchdog for 200 seconds at Wed Mar 25 13:38:52 UTC 2020
21 ms. Memory: 48128K Free: 20390K (42%)
ptolemy.util.test.WatchDog.cancel(): canceling Wed Mar 25 13:38:52 UTC 2020
auto.tcl: Setting watchdog for 200 seconds at Wed Mar 25 13:38:52 UTC 2020
13 ms. Memory: 48128K Free: 17260K (36%)
ptolemy.util.test.WatchDog.cancel(): canceling Wed Mar 25 13:38:52 UTC 2020
------------------ testing $PTII/ptolemy/domains/de/test/auto/Inspection.xml
auto.tcl: Setting watchdog for 200 seconds at Wed Mar 25 13:38:52 UTC 2020
24 ms. Memory: 48128K Free: 20422K (42%)
ptolemy.util.test.WatchDog.cancel(): canceling Wed Mar 25 13:38:52 UTC 2020
auto.tcl: Setting watchdog for 200 seconds at Wed Mar 25 13:38:52 UTC 2020
17 ms. Memory: 48128K Free: 18698K (39%)
ptolemy.util.test.WatchDog.cancel(): canceling Wed Mar 25 13:38:53 UTC 2020
------------------ testing $PTII/ptolemy/domains/de/test/auto/Iteration.xml
auto.tcl: Setting watchdog for 200 seconds at Wed Mar 25 13:38:53 UTC 2020
6 ms. Memory: 48128K Free: 26166K (54%)
ptolemy.util.test.WatchDog.cancel(): canceling Wed Mar 25 13:38:53 UTC 2020
auto.tcl: Setting watchdog for 200 seconds at Wed Mar 25 13:38:53 UTC 2020
5 ms. Memory: 48128K Free: 24754K (51%)
ptolemy.util.test.WatchDog.cancel(): canceling Wed Mar 25 13:38:53 UTC 2020
------------------ testing $PTII/ptolemy/domains/de/test/auto/LineFault.xml
auto.tcl: Setting watchdog for 200 seconds at Wed Mar 25 13:38:53 UTC 2020
548 ms. Memory: 48128K Free: 24434K (51%)
ptolemy.util.test.WatchDog.cancel(): canceling Wed Mar 25 13:38:53 UTC 2020
auto.tcl: Setting watchdog for 200 seconds at Wed Mar 25 13:38:53 UTC 2020
478 ms. Memory: 59392K Free: 21473K (36%)
ptolemy.util.test.WatchDog.cancel(): canceling Wed Mar 25 13:38:54 UTC 2020
------------------ testing $PTII/ptolemy/domains/de/test/auto/MergeModel1Add.xml
auto.tcl: Setting watchdog for 200 seconds at Wed Mar 25 13:38:54 UTC 2020
30 ms. Memory: 58368K Free: 22392K (38%)
ptolemy.util.test.WatchDog.cancel(): canceling Wed Mar 25 13:38:54 UTC 2020
auto.tcl: Setting watchdog for 200 seconds at Wed Mar 25 13:38:54 UTC 2020
9 ms. Memory: 58368K Free: 20718K (35%)
ptolemy.util.test.WatchDog.cancel(): canceling Wed Mar 25 13:38:54 UTC 2020
------------------ testing $PTII/ptolemy/domains/de/test/auto/MergeModel2Add.xml
auto.tcl: Setting watchdog for 200 seconds at Wed Mar 25 13:38:54 UTC 2020
7 ms. Memory: 55296K Free: 21125K (38%)
ptolemy.util.test.WatchDog.cancel(): canceling Wed Mar 25 13:38:54 UTC 2020
auto.tcl: Setting watchdog for 200 seconds at Wed Mar 25 13:38:54 UTC 2020
8 ms. Memory: 55296K Free: 19406K (35%)
ptolemy.util.test.WatchDog.cancel(): canceling Wed Mar 25 13:38:54 UTC 2020
------------------ testing $PTII/ptolemy/domains/de/test/auto/MergeModel3Add.xml
auto.tcl: Setting watchdog for 200 seconds at Wed Mar 25 13:38:54 UTC 2020
7 ms. Memory: 55296K Free: 21390K (39%)
ptolemy.util.test.WatchDog.cancel(): canceling Wed Mar 25 13:38:54 UTC 2020
auto.tcl: Setting watchdog for 200 seconds at Wed Mar 25 13:38:54 UTC 2020
6 ms. Memory: 55296K Free: 19857K (36%)
ptolemy.util.test.WatchDog.cancel(): canceling Wed Mar 25 13:38:54 UTC 2020
------------------ testing $PTII/ptolemy/domains/de/test/auto/MergeWithoutDiscard.xml
auto.tcl: Setting watchdog for 200 seconds at Wed Mar 25 13:38:54 UTC 2020
3 ms. Memory: 55296K Free: 35914K (65%)
ptolemy.util.test.WatchDog.cancel(): canceling Wed Mar 25 13:38:54 UTC 2020
auto.tcl: Setting watchdog for 200 seconds at Wed Mar 25 13:38:54 UTC 2020
1 ms. Memory: 55296K Free: 35479K (64%)
ptolemy.util.test.WatchDog.cancel(): canceling Wed Mar 25 13:38:54 UTC 2020
------------------ testing $PTII/ptolemy/domains/de/test/auto/Modal1.xml
auto.tcl: Setting watchdog for 200 seconds at Wed Mar 25 13:38:54 UTC 2020
20 ms. Memory: 51200K Free: 24024K (47%)
ptolemy.util.test.WatchDog.cancel(): canceling Wed Mar 25 13:38:54 UTC 2020
auto.tcl: Setting watchdog for 200 seconds at Wed Mar 25 13:38:54 UTC 2020
15 ms. Memory: 51200K Free: 20740K (41%)
ptolemy.util.test.WatchDog.cancel(): canceling Wed Mar 25 13:38:54 UTC 2020
------------------ testing $PTII/ptolemy/domains/de/test/auto/Modal2.xml
auto.tcl: Setting watchdog for 200 seconds at Wed Mar 25 13:38:54 UTC 2020
15 ms. Memory: 51200K Free: 23900K (47%)
ptolemy.util.test.WatchDog.cancel(): canceling Wed Mar 25 13:38:54 UTC 2020
auto.tcl: Setting watchdog for 200 seconds at Wed Mar 25 13:38:54 UTC 2020
17 ms. Memory: 51200K Free: 20644K (40%)
ptolemy.util.test.WatchDog.cancel(): canceling Wed Mar 25 13:38:55 UTC 2020
------------------ testing $PTII/ptolemy/domains/de/test/auto/Modal3.xml
auto.tcl: Setting watchdog for 200 seconds at Wed Mar 25 13:38:55 UTC 2020
11 ms. Memory: 51200K Free: 23412K (46%)
ptolemy.util.test.WatchDog.cancel(): canceling Wed Mar 25 13:38:55 UTC 2020
auto.tcl: Setting watchdog for 200 seconds at Wed Mar 25 13:38:55 UTC 2020
11 ms. Memory: 51200K Free: 20303K (40%)
ptolemy.util.test.WatchDog.cancel(): canceling Wed Mar 25 13:38:55 UTC 2020
------------------ testing $PTII/ptolemy/domains/de/test/auto/Modal4.xml
auto.tcl: Setting watchdog for 200 seconds at Wed Mar 25 13:38:55 UTC 2020
12 ms. Memory: 51200K Free: 22818K (45%)
ptolemy.util.test.WatchDog.cancel(): canceling Wed Mar 25 13:38:55 UTC 2020
auto.tcl: Setting watchdog for 200 seconds at Wed Mar 25 13:38:55 UTC 2020
13 ms. Memory: 51200K Free: 19013K (37%)
ptolemy.util.test.WatchDog.cancel(): canceling Wed Mar 25 13:38:55 UTC 2020
------------------ testing $PTII/ptolemy/domains/de/test/auto/Modal5.xml
auto.tcl: Setting watchdog for 200 seconds at Wed Mar 25 13:38:55 UTC 2020
12 ms. Memory: 51200K Free: 22837K (45%)
ptolemy.util.test.WatchDog.cancel(): canceling Wed Mar 25 13:38:55 UTC 2020
auto.tcl: Setting watchdog for 200 seconds at Wed Mar 25 13:38:55 UTC 2020
13 ms. Memory: 51200K Free: 19001K (37%)
ptolemy.util.test.WatchDog.cancel(): canceling Wed Mar 25 13:38:55 UTC 2020
------------------ testing $PTII/ptolemy/domains/de/test/auto/Modal6.xml
auto.tcl: Setting watchdog for 200 seconds at Wed Mar 25 13:38:55 UTC 2020
15 ms. Memory: 51200K Free: 23645K (46%)
ptolemy.util.test.WatchDog.cancel(): canceling Wed Mar 25 13:38:55 UTC 2020
auto.tcl: Setting watchdog for 200 seconds at Wed Mar 25 13:38:55 UTC 2020
19 ms. Memory: 51200K Free: 19649K (38%)
ptolemy.util.test.WatchDog.cancel(): canceling Wed Mar 25 13:38:55 UTC 2020
------------------ testing $PTII/ptolemy/domains/de/test/auto/Modal7.xml
auto.tcl: Setting watchdog for 200 seconds at Wed Mar 25 13:38:55 UTC 2020
9 ms. Memory: 51200K Free: 22803K (45%)
ptolemy.util.test.WatchDog.cancel(): canceling Wed Mar 25 13:38:55 UTC 2020
auto.tcl: Setting watchdog for 200 seconds at Wed Mar 25 13:38:55 UTC 2020
11 ms. Memory: 51200K Free: 19272K (38%)
ptolemy.util.test.WatchDog.cancel(): canceling Wed Mar 25 13:38:55 UTC 2020
------------------ testing $PTII/ptolemy/domains/de/test/auto/ModalModel.xml
auto.tcl: Setting watchdog for 200 seconds at Wed Mar 25 13:38:55 UTC 2020
169 ms. Memory: 51200K Free: 13023K (25%)
ptolemy.util.test.WatchDog.cancel(): canceling Wed Mar 25 13:38:55 UTC 2020
auto.tcl: Setting watchdog for 200 seconds at Wed Mar 25 13:38:55 UTC 2020
188 ms. Memory: 61440K Free: 40172K (65%)
ptolemy.util.test.WatchDog.cancel(): canceling Wed Mar 25 13:38:55 UTC 2020
------------------ testing $PTII/ptolemy/domains/de/test/auto/ModalSource.xml
auto.tcl: Setting watchdog for 200 seconds at Wed Mar 25 13:38:55 UTC 2020
7 ms. Memory: 55296K Free: 31767K (57%)
ptolemy.util.test.WatchDog.cancel(): canceling Wed Mar 25 13:38:56 UTC 2020
auto.tcl: Setting watchdog for 200 seconds at Wed Mar 25 13:38:56 UTC 2020
5 ms. Memory: 55296K Free: 29719K (54%)
ptolemy.util.test.WatchDog.cancel(): canceling Wed Mar 25 13:38:56 UTC 2020
------------------ testing $PTII/ptolemy/domains/de/test/auto/NonInterruptibleTimerZeroDelay.xml
auto.tcl: Setting watchdog for 200 seconds at Wed Mar 25 13:38:56 UTC 2020
3 ms. Memory: 55296K Free: 36664K (66%)
ptolemy.util.test.WatchDog.cancel(): canceling Wed Mar 25 13:38:56 UTC 2020
auto.tcl: Setting watchdog for 200 seconds at Wed Mar 25 13:38:56 UTC 2020
2 ms. Memory: 55296K Free: 36036K (65%)
ptolemy.util.test.WatchDog.cancel(): canceling Wed Mar 25 13:38:56 UTC 2020
------------------ testing $PTII/ptolemy/domains/de/test/auto/OpenQueueingNetwork.xml
auto.tcl: Setting watchdog for 200 seconds at Wed Mar 25 13:38:56 UTC 2020
2658 ms. Memory: 134144K Free: 84921K (63%)
ptolemy.util.test.WatchDog.cancel(): canceling Wed Mar 25 13:38:58 UTC 2020
auto.tcl: Setting watchdog for 200 seconds at Wed Mar 25 13:38:58 UTC 2020
2332 ms. Memory: 161792K Free: 119235K (74%)
ptolemy.util.test.WatchDog.cancel(): canceling Wed Mar 25 13:39:01 UTC 2020
------------------ testing $PTII/ptolemy/domains/de/test/auto/OpenQueuingNetwork.xml
auto.tcl: Setting watchdog for 200 seconds at Wed Mar 25 13:39:01 UTC 2020
212 ms. Memory: 58368K Free: 31806K (54%)
ptolemy.util.test.WatchDog.cancel(): canceling Wed Mar 25 13:39:01 UTC 2020
auto.tcl: Setting watchdog for 200 seconds at Wed Mar 25 13:39:01 UTC 2020
211 ms. Memory: 58368K Free: 12787K (22%)
ptolemy.util.test.WatchDog.cancel(): canceling Wed Mar 25 13:39:01 UTC 2020
------------------ testing $PTII/ptolemy/domains/de/test/auto/PeriodicSampler.xml
auto.tcl: Setting watchdog for 200 seconds at Wed Mar 25 13:39:01 UTC 2020
3 ms. Memory: 51200K Free: 31806K (62%)
ptolemy.util.test.WatchDog.cancel(): canceling Wed Mar 25 13:39:01 UTC 2020
auto.tcl: Setting watchdog for 200 seconds at Wed Mar 25 13:39:01 UTC 2020
2 ms. Memory: 51200K Free: 31286K (61%)
ptolemy.util.test.WatchDog.cancel(): canceling Wed Mar 25 13:39:01 UTC 2020
------------------ testing $PTII/ptolemy/domains/de/test/auto/PersistentIO.xml
auto.tcl: Setting watchdog for 200 seconds at Wed Mar 25 13:39:01 UTC 2020
5 ms. Memory: 51200K Free: 26730K (52%)
ptolemy.util.test.WatchDog.cancel(): canceling Wed Mar 25 13:39:01 UTC 2020
auto.tcl: Setting watchdog for 200 seconds at Wed Mar 25 13:39:01 UTC 2020
3 ms. Memory: 51200K Free: 25210K (49%)
ptolemy.util.test.WatchDog.cancel(): canceling Wed Mar 25 13:39:01 UTC 2020
------------------ testing $PTII/ptolemy/domains/de/test/auto/PortParameterResetOnInitialize.xml
auto.tcl: Setting watchdog for 200 seconds at Wed Mar 25 13:39:01 UTC 2020
2 ms. Memory: 51200K Free: 31922K (62%)
ptolemy.util.test.WatchDog.cancel(): canceling Wed Mar 25 13:39:01 UTC 2020
auto.tcl: Setting watchdog for 200 seconds at Wed Mar 25 13:39:01 UTC 2020
2 ms. Memory: 51200K Free: 31413K (61%)
ptolemy.util.test.WatchDog.cancel(): canceling Wed Mar 25 13:39:01 UTC 2020
------------------ testing $PTII/ptolemy/domains/de/test/auto/PortParameterUpdates.xml
auto.tcl: Setting watchdog for 200 seconds at Wed Mar 25 13:39:01 UTC 2020
3 ms. Memory: 51200K Free: 29798K (58%)
ptolemy.util.test.WatchDog.cancel(): canceling Wed Mar 25 13:39:02 UTC 2020
auto.tcl: Setting watchdog for 200 seconds at Wed Mar 25 13:39:02 UTC 2020
3 ms. Memory: 51200K Free: 28785K (56%)
ptolemy.util.test.WatchDog.cancel(): canceling Wed Mar 25 13:39:02 UTC 2020
------------------ testing $PTII/ptolemy/domains/de/test/auto/QueueAndServer.xml
auto.tcl: Setting watchdog for 200 seconds at Wed Mar 25 13:39:02 UTC 2020
11 ms. Memory: 51200K Free: 28690K (56%)
ptolemy.util.test.WatchDog.cancel(): canceling Wed Mar 25 13:39:02 UTC 2020
auto.tcl: Setting watchdog for 200 seconds at Wed Mar 25 13:39:02 UTC 2020
9 ms. Memory: 51200K Free: 27218K (53%)
ptolemy.util.test.WatchDog.cancel(): canceling Wed Mar 25 13:39:02 UTC 2020
------------------ testing $PTII/ptolemy/domains/de/test/auto/Records.xml
auto.tcl: Setting watchdog for 200 seconds at Wed Mar 25 13:39:02 UTC 2020
4 ms. Memory: 51200K Free: 30967K (60%)
ptolemy.util.test.WatchDog.cancel(): canceling Wed Mar 25 13:39:02 UTC 2020
auto.tcl: Setting watchdog for 200 seconds at Wed Mar 25 13:39:02 UTC 2020
1 ms. Memory: 51200K Free: 30455K (59%)
ptolemy.util.test.WatchDog.cancel(): canceling Wed Mar 25 13:39:02 UTC 2020
------------------ testing $PTII/ptolemy/domains/de/test/auto/ResetTransitionWithStartTime1.xml
auto.tcl: Setting watchdog for 200 seconds at Wed Mar 25 13:39:02 UTC 2020
12 ms. Memory: 51200K Free: 28214K (55%)
ptolemy.util.test.WatchDog.cancel(): canceling Wed Mar 25 13:39:02 UTC 2020
auto.tcl: Setting watchdog for 200 seconds at Wed Mar 25 13:39:02 UTC 2020
6 ms. Memory: 51200K Free: 26150K (51%)
ptolemy.util.test.WatchDog.cancel(): canceling Wed Mar 25 13:39:02 UTC 2020
------------------ testing $PTII/ptolemy/domains/de/test/auto/ResetTransitionWithStartTime2.xml
auto.tcl: Setting watchdog for 200 seconds at Wed Mar 25 13:39:02 UTC 2020
5 ms. Memory: 51200K Free: 28169K (55%)
ptolemy.util.test.WatchDog.cancel(): canceling Wed Mar 25 13:39:02 UTC 2020
auto.tcl: Setting watchdog for 200 seconds at Wed Mar 25 13:39:02 UTC 2020
5 ms. Memory: 51200K Free: 25607K (50%)
ptolemy.util.test.WatchDog.cancel(): canceling Wed Mar 25 13:39:02 UTC 2020
------------------ testing $PTII/ptolemy/domains/de/test/auto/ResetTransitionWithStartTime3.xml
auto.tcl: Setting watchdog for 200 seconds at Wed Mar 25 13:39:02 UTC 2020
5 ms. Memory: 51200K Free: 28169K (55%)
ptolemy.util.test.WatchDog.cancel(): canceling Wed Mar 25 13:39:02 UTC 2020
auto.tcl: Setting watchdog for 200 seconds at Wed Mar 25 13:39:02 UTC 2020
5 ms. Memory: 51200K Free: 26129K (51%)
ptolemy.util.test.WatchDog.cancel(): canceling Wed Mar 25 13:39:02 UTC 2020
------------------ testing $PTII/ptolemy/domains/de/test/auto/ResetTransitionWithStartTime4.xml
auto.tcl: Setting watchdog for 200 seconds at Wed Mar 25 13:39:02 UTC 2020
10 ms. Memory: 51200K Free: 28615K (56%)
ptolemy.util.test.WatchDog.cancel(): canceling Wed Mar 25 13:39:02 UTC 2020
auto.tcl: Setting watchdog for 200 seconds at Wed Mar 25 13:39:02 UTC 2020
4 ms. Memory: 51200K Free: 27145K (53%)
ptolemy.util.test.WatchDog.cancel(): canceling Wed Mar 25 13:39:02 UTC 2020
------------------ testing $PTII/ptolemy/domains/de/test/auto/ResettableTimer1.xml
auto.tcl: Setting watchdog for 200 seconds at Wed Mar 25 13:39:02 UTC 2020
3 ms. Memory: 51200K Free: 32337K (63%)
ptolemy.util.test.WatchDog.cancel(): canceling Wed Mar 25 13:39:02 UTC 2020
auto.tcl: Setting watchdog for 200 seconds at Wed Mar 25 13:39:02 UTC 2020
2 ms. Memory: 51200K Free: 31717K (62%)
ptolemy.util.test.WatchDog.cancel(): canceling Wed Mar 25 13:39:02 UTC 2020
------------------ testing $PTII/ptolemy/domains/de/test/auto/ResettableTimer2.xml
auto.tcl: Setting watchdog for 200 seconds at Wed Mar 25 13:39:02 UTC 2020
2 ms. Memory: 51200K Free: 32439K (63%)
ptolemy.util.test.WatchDog.cancel(): canceling Wed Mar 25 13:39:02 UTC 2020
auto.tcl: Setting watchdog for 200 seconds at Wed Mar 25 13:39:02 UTC 2020
2 ms. Memory: 51200K Free: 31798K (62%)
ptolemy.util.test.WatchDog.cancel(): canceling Wed Mar 25 13:39:02 UTC 2020
------------------ testing $PTII/ptolemy/domains/de/test/auto/ResettableTimer3.xml
auto.tcl: Setting watchdog for 200 seconds at Wed Mar 25 13:39:02 UTC 2020
1 ms. Memory: 51200K Free: 32301K (63%)
ptolemy.util.test.WatchDog.cancel(): canceling Wed Mar 25 13:39:02 UTC 2020
auto.tcl: Setting watchdog for 200 seconds at Wed Mar 25 13:39:02 UTC 2020
1 ms. Memory: 51200K Free: 32301K (63%)
ptolemy.util.test.WatchDog.cancel(): canceling Wed Mar 25 13:39:02 UTC 2020
------------------ testing $PTII/ptolemy/domains/de/test/auto/ResettableTimer4.xml
auto.tcl: Setting watchdog for 200 seconds at Wed Mar 25 13:39:02 UTC 2020
1 ms. Memory: 51200K Free: 32314K (63%)
ptolemy.util.test.WatchDog.cancel(): canceling Wed Mar 25 13:39:02 UTC 2020
auto.tcl: Setting watchdog for 200 seconds at Wed Mar 25 13:39:02 UTC 2020
1 ms. Memory: 51200K Free: 31800K (62%)
ptolemy.util.test.WatchDog.cancel(): canceling Wed Mar 25 13:39:02 UTC 2020
------------------ testing $PTII/ptolemy/domains/de/test/auto/ResettableTimer5.xml
auto.tcl: Setting watchdog for 200 seconds at Wed Mar 25 13:39:02 UTC 2020
2 ms. Memory: 51200K Free: 31798K (62%)
ptolemy.util.test.WatchDog.cancel(): canceling Wed Mar 25 13:39:02 UTC 2020
auto.tcl: Setting watchdog for 200 seconds at Wed Mar 25 13:39:02 UTC 2020
2 ms. Memory: 51200K Free: 31288K (61%)
ptolemy.util.test.WatchDog.cancel(): canceling Wed Mar 25 13:39:02 UTC 2020
------------------ testing $PTII/ptolemy/domains/de/test/auto/ResettableTimer6.xml
auto.tcl: Setting watchdog for 200 seconds at Wed Mar 25 13:39:02 UTC 2020
1 ms. Memory: 51200K Free: 31789K (62%)
ptolemy.util.test.WatchDog.cancel(): canceling Wed Mar 25 13:39:02 UTC 2020
auto.tcl: Setting watchdog for 200 seconds at Wed Mar 25 13:39:02 UTC 2020
2 ms. Memory: 51200K Free: 31279K (61%)
ptolemy.util.test.WatchDog.cancel(): canceling Wed Mar 25 13:39:02 UTC 2020
------------------ testing $PTII/ptolemy/domains/de/test/auto/ServerZeroDelay.xml
auto.tcl: Setting watchdog for 200 seconds at Wed Mar 25 13:39:02 UTC 2020
3 ms. Memory: 51200K Free: 32294K (63%)
ptolemy.util.test.WatchDog.cancel(): canceling Wed Mar 25 13:39:02 UTC 2020
auto.tcl: Setting watchdog for 200 seconds at Wed Mar 25 13:39:02 UTC 2020
2 ms. Memory: 51200K Free: 31270K (61%)
ptolemy.util.test.WatchDog.cancel(): canceling Wed Mar 25 13:39:02 UTC 2020
------------------ testing $PTII/ptolemy/domains/de/test/auto/SmartSender.xml
auto.tcl: Setting watchdog for 200 seconds at Wed Mar 25 13:39:02 UTC 2020
3002 ms. Memory: 51200K Free: 31774K (62%)
ptolemy.util.test.WatchDog.cancel(): canceling Wed Mar 25 13:39:05 UTC 2020
auto.tcl: Setting watchdog for 200 seconds at Wed Mar 25 13:39:05 UTC 2020
3001 ms. Memory: 51200K Free: 31264K (61%)
ptolemy.util.test.WatchDog.cancel(): canceling Wed Mar 25 13:39:08 UTC 2020
------------------ testing $PTII/ptolemy/domains/de/test/auto/ThreadedComposite.xml
auto.tcl: Setting watchdog for 200 seconds at Wed Mar 25 13:39:08 UTC 2020
240 ms. Memory: 51200K Free: 10799K (21%)
ptolemy.util.test.WatchDog.cancel(): canceling Wed Mar 25 13:39:09 UTC 2020
auto.tcl: Setting watchdog for 200 seconds at Wed Mar 25 13:39:09 UTC 2020
181 ms. Memory: 51200K Free: 23379K (46%)
ptolemy.util.test.WatchDog.cancel(): canceling Wed Mar 25 13:39:09 UTC 2020
------------------ testing $PTII/ptolemy/domains/de/test/auto/Time.xml
auto.tcl: Setting watchdog for 200 seconds at Wed Mar 25 13:39:09 UTC 2020
485 ms. Memory: 51200K Free: 8579K (17%)
ptolemy.util.test.WatchDog.cancel(): canceling Wed Mar 25 13:39:10 UTC 2020
auto.tcl: Setting watchdog for 200 seconds at Wed Mar 25 13:39:10 UTC 2020
524 ms. Memory: 51200K Free: 12088K (24%)
ptolemy.util.test.WatchDog.cancel(): canceling Wed Mar 25 13:39:10 UTC 2020
------------------ testing $PTII/ptolemy/domains/de/test/auto/TimeDelayZeroDelay.xml
auto.tcl: Setting watchdog for 200 seconds at Wed Mar 25 13:39:10 UTC 2020
2 ms. Memory: 51200K Free: 32219K (63%)
ptolemy.util.test.WatchDog.cancel(): canceling Wed Mar 25 13:39:10 UTC 2020
auto.tcl: Setting watchdog for 200 seconds at Wed Mar 25 13:39:10 UTC 2020
2 ms. Memory: 51200K Free: 31347K (61%)
ptolemy.util.test.WatchDog.cancel(): canceling Wed Mar 25 13:39:10 UTC 2020
------------------ testing $PTII/ptolemy/domains/de/test/auto/TimerZeroDelay.xml
auto.tcl: Setting watchdog for 200 seconds at Wed Mar 25 13:39:10 UTC 2020
3 ms. Memory: 51200K Free: 32628K (64%)
ptolemy.util.test.WatchDog.cancel(): canceling Wed Mar 25 13:39:10 UTC 2020
auto.tcl: Setting watchdog for 200 seconds at Wed Mar 25 13:39:10 UTC 2020
1 ms. Memory: 51200K Free: 31826K (62%)
ptolemy.util.test.WatchDog.cancel(): canceling Wed Mar 25 13:39:10 UTC 2020
------------------ testing $PTII/ptolemy/domains/de/test/auto/TimingParadox.xml
auto.tcl: Setting watchdog for 200 seconds at Wed Mar 25 13:39:10 UTC 2020
321 ms. Memory: 63488K Free: 33649K (53%)
ptolemy.util.test.WatchDog.cancel(): canceling Wed Mar 25 13:39:11 UTC 2020
auto.tcl: Setting watchdog for 200 seconds at Wed Mar 25 13:39:11 UTC 2020
286 ms. Memory: 63488K Free: 32665K (51%)
ptolemy.util.test.WatchDog.cancel(): canceling Wed Mar 25 13:39:11 UTC 2020
------------------ testing $PTII/ptolemy/domains/de/test/auto/TransferInputs.xml
auto.tcl: Setting watchdog for 200 seconds at Wed Mar 25 13:39:11 UTC 2020
2 ms. Memory: 55296K Free: 34826K (63%)
ptolemy.util.test.WatchDog.cancel(): canceling Wed Mar 25 13:39:11 UTC 2020
auto.tcl: Setting watchdog for 200 seconds at Wed Mar 25 13:39:11 UTC 2020
1 ms. Memory: 55296K Free: 33966K (61%)
ptolemy.util.test.WatchDog.cancel(): canceling Wed Mar 25 13:39:11 UTC 2020
------------------ testing $PTII/ptolemy/domains/de/test/auto/TransferOutputs2.xml
auto.tcl: Setting watchdog for 200 seconds at Wed Mar 25 13:39:11 UTC 2020
2 ms. Memory: 51200K Free: 28172K (55%)
ptolemy.util.test.WatchDog.cancel(): canceling Wed Mar 25 13:39:11 UTC 2020
auto.tcl: Setting watchdog for 200 seconds at Wed Mar 25 13:39:11 UTC 2020
3 ms. Memory: 51200K Free: 26786K (52%)
ptolemy.util.test.WatchDog.cancel(): canceling Wed Mar 25 13:39:11 UTC 2020
------------------ testing $PTII/ptolemy/domains/de/test/auto/Trilateration.xml
auto.tcl: Setting watchdog for 200 seconds at Wed Mar 25 13:39:11 UTC 2020
11592 ms. Memory: 414720K Free: 292352K (70%)
ptolemy.util.test.WatchDog.cancel(): canceling Wed Mar 25 13:39:24 UTC 2020
auto.tcl: Setting watchdog for 200 seconds at Wed Mar 25 13:39:24 UTC 2020
8744 ms. Memory: 414720K Free: 348676K (84%)
ptolemy.util.test.WatchDog.cancel(): canceling Wed Mar 25 13:39:33 UTC 2020
------------------ testing $PTII/ptolemy/domains/de/test/auto/TwoSigmaDelta.xml
auto.tcl: Setting watchdog for 200 seconds at Wed Mar 25 13:39:33 UTC 2020
2259 ms. Memory: 89088K Free: 13034K (15%)
ptolemy.util.test.WatchDog.cancel(): canceling Wed Mar 25 13:39:35 UTC 2020
auto.tcl: Setting watchdog for 200 seconds at Wed Mar 25 13:39:35 UTC 2020
1609 ms. Memory: 89088K Free: 58570K (66%)
ptolemy.util.test.WatchDog.cancel(): canceling Wed Mar 25 13:39:37 UTC 2020
------------------ testing $PTII/ptolemy/domains/de/test/auto/VariableDelay.xml
auto.tcl: Setting watchdog for 200 seconds at Wed Mar 25 13:39:37 UTC 2020
3 ms. Memory: 55296K Free: 35305K (64%)
ptolemy.util.test.WatchDog.cancel(): canceling Wed Mar 25 13:39:37 UTC 2020
auto.tcl: Setting watchdog for 200 seconds at Wed Mar 25 13:39:37 UTC 2020
1 ms. Memory: 55296K Free: 34311K (62%)
ptolemy.util.test.WatchDog.cancel(): canceling Wed Mar 25 13:39:37 UTC 2020
------------------ testing $PTII/ptolemy/domains/de/test/auto/VariableDelay2.xml
auto.tcl: Setting watchdog for 200 seconds at Wed Mar 25 13:39:37 UTC 2020
6 ms. Memory: 55296K Free: 35719K (65%)
ptolemy.util.test.WatchDog.cancel(): canceling Wed Mar 25 13:39:37 UTC 2020
auto.tcl: Setting watchdog for 200 seconds at Wed Mar 25 13:39:37 UTC 2020
2 ms. Memory: 55296K Free: 35221K (64%)
ptolemy.util.test.WatchDog.cancel(): canceling Wed Mar 25 13:39:37 UTC 2020
------------------ testing $PTII/ptolemy/domains/de/test/auto/VariableDelayZeroDelay.xml
auto.tcl: Setting watchdog for 200 seconds at Wed Mar 25 13:39:37 UTC 2020
2 ms. Memory: 55296K Free: 36259K (66%)
ptolemy.util.test.WatchDog.cancel(): canceling Wed Mar 25 13:39:37 UTC 2020
auto.tcl: Setting watchdog for 200 seconds at Wed Mar 25 13:39:37 UTC 2020
2 ms. Memory: 55296K Free: 35702K (65%)
ptolemy.util.test.WatchDog.cancel(): canceling Wed Mar 25 13:39:37 UTC 2020
------------------ testing $PTII/ptolemy/domains/de/test/auto/VariableDelayZeroDelay2.xml
auto.tcl: Setting watchdog for 200 seconds at Wed Mar 25 13:39:37 UTC 2020
2 ms. Memory: 55296K Free: 36245K (66%)
ptolemy.util.test.WatchDog.cancel(): canceling Wed Mar 25 13:39:37 UTC 2020
auto.tcl: Setting watchdog for 200 seconds at Wed Mar 25 13:39:37 UTC 2020
2 ms. Memory: 55296K Free: 35221K (64%)
ptolemy.util.test.WatchDog.cancel(): canceling Wed Mar 25 13:39:37 UTC 2020
------------------ testing $PTII/ptolemy/domains/de/test/auto/deInCt.xml
auto.tcl: Setting watchdog for 200 seconds at Wed Mar 25 13:39:37 UTC 2020
0
1
1
1
0
0
0
1
1
1
0
0
0
0
0
0
0
0
0
1
1
1
0
0
0
1
1
1
1
1
14 ms. Memory: 55296K Free: 35218K (64%)
ptolemy.util.test.WatchDog.cancel(): canceling Wed Mar 25 13:39:37 UTC 2020
auto.tcl: Setting watchdog for 200 seconds at Wed Mar 25 13:39:37 UTC 2020
0
1
1
1
1
1
0
0
0
1
1
1
0
0
0
0
1
1
1
0
0
1
1
1
0
0
0
0
0
1
1
0
0
0
0
1
1
1
0
0
0
12 ms. Memory: 55296K Free: 33680K (61%)
ptolemy.util.test.WatchDog.cancel(): canceling Wed Mar 25 13:39:37 UTC 2020
------------------ testing $PTII/ptolemy/domains/de/test/auto/deInCt2.xml
auto.tcl: Setting watchdog for 200 seconds at Wed Mar 25 13:39:37 UTC 2020
0
1
1
1
0
0
1
1
1
0
0
1
1
1
0
0
1
1
1
0
0
1
1
1
0
0
1
1
1
0
0
1
1
1
0
0
1
1
1
0
0
0
5 ms. Memory: 51200K Free: 31168K (61%)
ptolemy.util.test.WatchDog.cancel(): canceling Wed Mar 25 13:39:37 UTC 2020
auto.tcl: Setting watchdog for 200 seconds at Wed Mar 25 13:39:37 UTC 2020
0
1
1
1
0
0
1
1
1
0
0
1
1
1
0
0
1
1
1
0
0
1
1
1
0
0
1
1
1
0
0
1
1
1
0
0
1
1
1
0
0
0
5 ms. Memory: 51200K Free: 29571K (58%)
ptolemy.util.test.WatchDog.cancel(): canceling Wed Mar 25 13:39:37 UTC 2020
------------------ testing $PTII/ptolemy/domains/de/test/auto/dynamicCausalityInterface1.xml
auto.tcl: Setting watchdog for 200 seconds at Wed Mar 25 13:39:37 UTC 2020
1 ms. Memory: 51200K Free: 27021K (53%)
ptolemy.util.test.WatchDog.cancel(): canceling Wed Mar 25 13:39:37 UTC 2020
auto.tcl: Setting watchdog for 200 seconds at Wed Mar 25 13:39:37 UTC 2020
1 ms. Memory: 51200K Free: 26524K (52%)
ptolemy.util.test.WatchDog.cancel(): canceling Wed Mar 25 13:39:37 UTC 2020
------------------ testing $PTII/ptolemy/domains/de/test/auto/fsm_de_test.xml
auto.tcl: Setting watchdog for 200 seconds at Wed Mar 25 13:39:37 UTC 2020
10 ms. Memory: 51200K Free: 26920K (53%)
ptolemy.util.test.WatchDog.cancel(): canceling Wed Mar 25 13:39:37 UTC 2020
auto.tcl: Setting watchdog for 200 seconds at Wed Mar 25 13:39:37 UTC 2020
6 ms. Memory: 51200K Free: 24872K (49%)
ptolemy.util.test.WatchDog.cancel(): canceling Wed Mar 25 13:39:37 UTC 2020
------------------ testing $PTII/ptolemy/domains/de/test/auto/functionDependencyReconstruction.xml
auto.tcl: Setting watchdog for 200 seconds at Wed Mar 25 13:39:37 UTC 2020
2 ms. Memory: 51200K Free: 20766K (41%)
ptolemy.util.test.WatchDog.cancel(): canceling Wed Mar 25 13:39:37 UTC 2020
auto.tcl: Setting watchdog for 200 seconds at Wed Mar 25 13:39:37 UTC 2020
3 ms. Memory: 51200K Free: 18718K (37%)
ptolemy.util.test.WatchDog.cancel(): canceling Wed Mar 25 13:39:37 UTC 2020
------------------ testing $PTII/ptolemy/domains/de/test/auto/multirate.xml
auto.tcl: Setting watchdog for 200 seconds at Wed Mar 25 13:39:37 UTC 2020
5 ms. Memory: 51200K Free: 28963K (57%)
ptolemy.util.test.WatchDog.cancel(): canceling Wed Mar 25 13:39:37 UTC 2020
auto.tcl: Setting watchdog for 200 seconds at Wed Mar 25 13:39:37 UTC 2020
3 ms. Memory: 51200K Free: 27816K (54%)
ptolemy.util.test.WatchDog.cancel(): canceling Wed Mar 25 13:39:37 UTC 2020
------------------ testing $PTII/ptolemy/domains/de/test/auto/multirate2.xml
auto.tcl: Setting watchdog for 200 seconds at Wed Mar 25 13:39:37 UTC 2020
3 ms. Memory: 51200K Free: 29517K (58%)
ptolemy.util.test.WatchDog.cancel(): canceling Wed Mar 25 13:39:37 UTC 2020
auto.tcl: Setting watchdog for 200 seconds at Wed Mar 25 13:39:37 UTC 2020
2 ms. Memory: 51200K Free: 27998K (55%)
ptolemy.util.test.WatchDog.cancel(): canceling Wed Mar 25 13:39:37 UTC 2020
------------------ testing $PTII/ptolemy/domains/de/test/auto/realtime.xml
auto.tcl: Setting watchdog for 200 seconds at Wed Mar 25 13:39:37 UTC 2020
10001 ms. Memory: 51200K Free: 31780K (62%)
ptolemy.util.test.WatchDog.cancel(): canceling Wed Mar 25 13:39:47 UTC 2020
auto.tcl: Setting watchdog for 200 seconds at Wed Mar 25 13:39:47 UTC 2020
10001 ms. Memory: 51200K Free: 31067K (61%)
ptolemy.util.test.WatchDog.cancel(): canceling Wed Mar 25 13:39:57 UTC 2020
------------------ testing $PTII/ptolemy/domains/de/test/auto/relationGroup.xml
auto.tcl: Setting watchdog for 200 seconds at Wed Mar 25 13:39:57 UTC 2020
2 ms. Memory: 51200K Free: 32829K (64%)
ptolemy.util.test.WatchDog.cancel(): canceling Wed Mar 25 13:39:57 UTC 2020
auto.tcl: Setting watchdog for 200 seconds at Wed Mar 25 13:39:57 UTC 2020
2 ms. Memory: 51200K Free: 32116K (63%)
ptolemy.util.test.WatchDog.cancel(): canceling Wed Mar 25 13:39:57 UTC 2020
------------------ testing $PTII/ptolemy/domains/de/test/auto/relationGroup2.xml
auto.tcl: Setting watchdog for 200 seconds at Wed Mar 25 13:39:58 UTC 2020
1 ms. Memory: 51200K Free: 32683K (64%)
ptolemy.util.test.WatchDog.cancel(): canceling Wed Mar 25 13:39:58 UTC 2020
auto.tcl: Setting watchdog for 200 seconds at Wed Mar 25 13:39:58 UTC 2020
2 ms. Memory: 51200K Free: 32182K (63%)
ptolemy.util.test.WatchDog.cancel(): canceling Wed Mar 25 13:39:58 UTC 2020
------------------ testing $PTII/ptolemy/domains/de/test/auto/sortWithOpaquePorts.xml
auto.tcl: Setting watchdog for 200 seconds at Wed Mar 25 13:39:58 UTC 2020
2 ms. Memory: 51200K Free: 31648K (62%)
ptolemy.util.test.WatchDog.cancel(): canceling Wed Mar 25 13:39:58 UTC 2020
auto.tcl: Setting watchdog for 200 seconds at Wed Mar 25 13:39:58 UTC 2020
2 ms. Memory: 51200K Free: 30640K (60%)
ptolemy.util.test.WatchDog.cancel(): canceling Wed Mar 25 13:39:58 UTC 2020
------------------ testing $PTII/ptolemy/domains/de/test/auto/transferInputsandOutputs.xml
auto.tcl: Setting watchdog for 200 seconds at Wed Mar 25 13:39:58 UTC 2020
2 ms. Memory: 51200K Free: 29090K (57%)
ptolemy.util.test.WatchDog.cancel(): canceling Wed Mar 25 13:39:58 UTC 2020
auto.tcl: Setting watchdog for 200 seconds at Wed Mar 25 13:39:58 UTC 2020
3 ms. Memory: 51200K Free: 28066K (55%)
ptolemy.util.test.WatchDog.cancel(): canceling Wed Mar 25 13:39:58 UTC 2020
------------------ testing $PTII/ptolemy/domains/de/test/auto/triggerType.xml
auto.tcl: Setting watchdog for 200 seconds at Wed Mar 25 13:39:58 UTC 2020
1 ms. Memory: 51200K Free: 32113K (63%)
ptolemy.util.test.WatchDog.cancel(): canceling Wed Mar 25 13:39:58 UTC 2020
auto.tcl: Setting watchdog for 200 seconds at Wed Mar 25 13:39:58 UTC 2020
1 ms. Memory: 51200K Free: 31089K (61%)
ptolemy.util.test.WatchDog.cancel(): canceling Wed Mar 25 13:39:58 UTC 2020
03/25/20 01:39:58
Failed: 0  Total Tests: 192  ((Passed: 187, Newly Passed: 1)  Known Failed: 5) /home/travis/build/icyphy/ptII/ptolemy/domains/de/test
03/25/20 01:39:58
Failed: 0  Total Tests: 192  ((Passed: 187, Newly Passed: 1)  Known Failed: 5) /home/travis/build/icyphy/ptII/ptolemy/domains/de/test
----------------- testing (KnownFailure) /home/travis/build/icyphy/ptII/ptolemy/domains/de/test/auto/knownFailedTests/DESDFClockTest.xml
2013 ms. Memory: 51200K Free: 24999K (49%)
Known Failure: java.lang.reflect.InvocationTargetException
----------------- testing (KnownFailure) /home/travis/build/icyphy/ptII/ptolemy/domains/de/test/auto/knownFailedTests/DirectFeedback.xml
3 ms. Memory: 51200K Free: 20903K (41%)
Known Failure: java.lang.reflect.InvocationTargetException
----------------- testing (KnownFailure) /home/travis/build/icyphy/ptII/ptolemy/domains/de/test/auto/knownFailedTests/FSMSource.xml
10 ms. Memory: 51200K Free: 13735K (27%)
----------------- testing (KnownFailure) /home/travis/build/icyphy/ptII/ptolemy/domains/de/test/auto/knownFailedTests/HierarchicalModel.xml
2 ms. Memory: 51200K Free: 26969K (53%)
Known Failure: java.lang.reflect.InvocationTargetException
----------------- testing (KnownFailure) /home/travis/build/icyphy/ptII/ptolemy/domains/de/test/auto/knownFailedTests/dependencyLoop.xml
2 ms. Memory: 51200K Free: 11593K (23%)
Known Failure: java.lang.reflect.InvocationTargetException
----------------- testing (KnownFailure) /home/travis/build/icyphy/ptII/ptolemy/domains/de/test/auto/knownFailedTests/dependencyLoop2.xml
6 ms. Memory: 51200K Free: 25463K (50%)
Known Failure: java.lang.reflect.InvocationTargetException
No auto/linux-amd64/*.xml tests in /home/travis/build/icyphy/ptII/ptolemy/domains/de/test
AutoTests.java: About to close Vertx.
AutoTests.java: Vertx closed.

===========================================================================================
----------------- testing Wed Mar 25 13:40:00 UTC 2020 /home/travis/build/icyphy/ptII/ptolemy/domains/de/test/auto/ActorDepthCalculation_actorWithoutPorts.xml
----------------- Instantiating /home/travis/build/icyphy/ptII/ptolemy/domains/de/test/auto/ActorDepthCalculation_actorWithoutPorts.xml
2 ms. Memory: 51200K Free: 18613K (36%)
----------------- Invoking toplevel() on ptolemy.moml.MoMLSimpleApplication@c570136
----------------- Done invoking toplevel() on ptolemy.moml.MoMLSimpleApplication@c570136
reloadAllAccessors: .ActorDepthCalculation_actorWithoutPorts

===========================================================================================
----------------- testing Wed Mar 25 13:40:00 UTC 2020 /home/travis/build/icyphy/ptII/ptolemy/domains/de/test/auto/AssemblyLine.xml
----------------- Instantiating /home/travis/build/icyphy/ptII/ptolemy/domains/de/test/auto/AssemblyLine.xml
4 ms. Memory: 51200K Free: 11501K (22%)
----------------- Invoking toplevel() on ptolemy.moml.MoMLSimpleApplication@6efe8fd2
----------------- Done invoking toplevel() on ptolemy.moml.MoMLSimpleApplication@6efe8fd2
reloadAllAccessors: .AssemblyLine

===========================================================================================
----------------- testing Wed Mar 25 13:40:00 UTC 2020 /home/travis/build/icyphy/ptII/ptolemy/domains/de/test/auto/CQBug1.xml
----------------- Instantiating /home/travis/build/icyphy/ptII/ptolemy/domains/de/test/auto/CQBug1.xml
1 ms. Memory: 51200K Free: 8668K (17%)
----------------- Invoking toplevel() on ptolemy.moml.MoMLSimpleApplication@72dc79fb
----------------- Done invoking toplevel() on ptolemy.moml.MoMLSimpleApplication@72dc79fb
reloadAllAccessors: .CQBug1

===========================================================================================
----------------- testing Wed Mar 25 13:40:00 UTC 2020 /home/travis/build/icyphy/ptII/ptolemy/domains/de/test/auto/CancelFireAt.xml
----------------- Instantiating /home/travis/build/icyphy/ptII/ptolemy/domains/de/test/auto/CancelFireAt.xml
1 ms. Memory: 51200K Free: 35157K (69%)
----------------- Invoking toplevel() on ptolemy.moml.MoMLSimpleApplication@500c38ca
----------------- Done invoking toplevel() on ptolemy.moml.MoMLSimpleApplication@500c38ca
reloadAllAccessors: .CancelFireAt

===========================================================================================
----------------- testing Wed Mar 25 13:40:00 UTC 2020 /home/travis/build/icyphy/ptII/ptolemy/domains/de/test/auto/CausalityAndComposabilityAnalysis.xml
----------------- Instantiating /home/travis/build/icyphy/ptII/ptolemy/domains/de/test/auto/CausalityAndComposabilityAnalysis.xml
2 ms. Memory: 51200K Free: 30824K (60%)
----------------- Invoking toplevel() on ptolemy.moml.MoMLSimpleApplication@47ffb056
----------------- Done invoking toplevel() on ptolemy.moml.MoMLSimpleApplication@47ffb056
reloadAllAccessors: .CausalityAndComposabilityAnalysis

===========================================================================================
----------------- testing Wed Mar 25 13:40:00 UTC 2020 /home/travis/build/icyphy/ptII/ptolemy/domains/de/test/auto/CausalityInterface1.xml
----------------- Instantiating /home/travis/build/icyphy/ptII/ptolemy/domains/de/test/auto/CausalityInterface1.xml
5 ms. Memory: 51200K Free: 25834K (50%)
----------------- Invoking toplevel() on ptolemy.moml.MoMLSimpleApplication@24422ba8
----------------- Done invoking toplevel() on ptolemy.moml.MoMLSimpleApplication@24422ba8
reloadAllAccessors: .CausalityInterface1

===========================================================================================
----------------- testing Wed Mar 25 13:40:00 UTC 2020 /home/travis/build/icyphy/ptII/ptolemy/domains/de/test/auto/CausalityInterface15.xml
----------------- Instantiating /home/travis/build/icyphy/ptII/ptolemy/domains/de/test/auto/CausalityInterface15.xml
2 ms. Memory: 51200K Free: 20340K (40%)
----------------- Invoking toplevel() on ptolemy.moml.MoMLSimpleApplication@173ea069
----------------- Done invoking toplevel() on ptolemy.moml.MoMLSimpleApplication@173ea069
reloadAllAccessors: .CausalityInterface15

===========================================================================================
----------------- testing Wed Mar 25 13:40:00 UTC 2020 /home/travis/build/icyphy/ptII/ptolemy/domains/de/test/auto/CausalityInterface2.xml
----------------- Instantiating /home/travis/build/icyphy/ptII/ptolemy/domains/de/test/auto/CausalityInterface2.xml
1 ms. Memory: 51200K Free: 15704K (31%)
----------------- Invoking toplevel() on ptolemy.moml.MoMLSimpleApplication@7439f21d
----------------- Done invoking toplevel() on ptolemy.moml.MoMLSimpleApplication@7439f21d
reloadAllAccessors: .CausalityInterface2

===========================================================================================
----------------- testing Wed Mar 25 13:40:00 UTC 2020 /home/travis/build/icyphy/ptII/ptolemy/domains/de/test/auto/CausalityInterface3.xml
----------------- Instantiating /home/travis/build/icyphy/ptII/ptolemy/domains/de/test/auto/CausalityInterface3.xml
2 ms. Memory: 51200K Free: 10859K (21%)
----------------- Invoking toplevel() on ptolemy.moml.MoMLSimpleApplication@259b5140
----------------- Done invoking toplevel() on ptolemy.moml.MoMLSimpleApplication@259b5140
reloadAllAccessors: .CausalityInterface3

===========================================================================================
----------------- testing Wed Mar 25 13:40:00 UTC 2020 /home/travis/build/icyphy/ptII/ptolemy/domains/de/test/auto/ClockDrift.xml
----------------- Instantiating /home/travis/build/icyphy/ptII/ptolemy/domains/de/test/auto/ClockDrift.xml
14 ms. Memory: 51200K Free: 26288K (51%)
----------------- Invoking toplevel() on ptolemy.moml.MoMLSimpleApplication@7ea083c7
----------------- Done invoking toplevel() on ptolemy.moml.MoMLSimpleApplication@7ea083c7
reloadAllAccessors: .ClockDrift

===========================================================================================
----------------- testing Wed Mar 25 13:40:00 UTC 2020 /home/travis/build/icyphy/ptII/ptolemy/domains/de/test/auto/ClockDriftAndValueChange.xml
----------------- Instantiating /home/travis/build/icyphy/ptII/ptolemy/domains/de/test/auto/ClockDriftAndValueChange.xml
10 ms. Memory: 51200K Free: 14471K (28%)
----------------- Invoking toplevel() on ptolemy.moml.MoMLSimpleApplication@4aaf1068
----------------- Done invoking toplevel() on ptolemy.moml.MoMLSimpleApplication@4aaf1068
reloadAllAccessors: .ClockDriftAndValueChange

===========================================================================================
----------------- testing Wed Mar 25 13:40:00 UTC 2020 /home/travis/build/icyphy/ptII/ptolemy/domains/de/test/auto/ClockDriftChange.xml
----------------- Instantiating /home/travis/build/icyphy/ptII/ptolemy/domains/de/test/auto/ClockDriftChange.xml
8 ms. Memory: 51200K Free: 32201K (63%)
----------------- Invoking toplevel() on ptolemy.moml.MoMLSimpleApplication@2fef0b0e
----------------- Done invoking toplevel() on ptolemy.moml.MoMLSimpleApplication@2fef0b0e
reloadAllAccessors: .ClockDriftChange

===========================================================================================
----------------- testing Wed Mar 25 13:40:00 UTC 2020 /home/travis/build/icyphy/ptII/ptolemy/domains/de/test/auto/ComposableCausalityAnalysis.xml
----------------- Instantiating /home/travis/build/icyphy/ptII/ptolemy/domains/de/test/auto/ComposableCausalityAnalysis.xml
1 ms. Memory: 51200K Free: 26396K (52%)
----------------- Invoking toplevel() on ptolemy.moml.MoMLSimpleApplication@4e772ac6
----------------- Done invoking toplevel() on ptolemy.moml.MoMLSimpleApplication@4e772ac6
reloadAllAccessors: .ComposableCausalityAnalysis

===========================================================================================
----------------- testing Wed Mar 25 13:40:00 UTC 2020 /home/travis/build/icyphy/ptII/ptolemy/domains/de/test/auto/DEFixedPointLimitation.xml
----------------- Instantiating /home/travis/build/icyphy/ptII/ptolemy/domains/de/test/auto/DEFixedPointLimitation.xml
3 ms. Memory: 51200K Free: 21658K (42%)
----------------- Invoking toplevel() on ptolemy.moml.MoMLSimpleApplication@37a8d0c6
----------------- Done invoking toplevel() on ptolemy.moml.MoMLSimpleApplication@37a8d0c6
reloadAllAccessors: .DEFixedPointLimitation

===========================================================================================
----------------- testing Wed Mar 25 13:40:00 UTC 2020 /home/travis/build/icyphy/ptII/ptolemy/domains/de/test/auto/DEScheduleTest.xml
----------------- Instantiating /home/travis/build/icyphy/ptII/ptolemy/domains/de/test/auto/DEScheduleTest.xml
1 ms. Memory: 51200K Free: 17396K (34%)
----------------- Invoking toplevel() on ptolemy.moml.MoMLSimpleApplication@72ffa5f
----------------- Done invoking toplevel() on ptolemy.moml.MoMLSimpleApplication@72ffa5f
reloadAllAccessors: .DEScheduleTest

===========================================================================================
----------------- testing Wed Mar 25 13:40:00 UTC 2020 /home/travis/build/icyphy/ptII/ptolemy/domains/de/test/auto/DEinDEwithStartTimes.xml
----------------- Instantiating /home/travis/build/icyphy/ptII/ptolemy/domains/de/test/auto/DEinDEwithStartTimes.xml
1 ms. Memory: 51200K Free: 11610K (23%)
----------------- Invoking toplevel() on ptolemy.moml.MoMLSimpleApplication@d178db8
----------------- Done invoking toplevel() on ptolemy.moml.MoMLSimpleApplication@d178db8
reloadAllAccessors: .DEinDEwithStartTimes

===========================================================================================
----------------- testing Wed Mar 25 13:40:00 UTC 2020 /home/travis/build/icyphy/ptII/ptolemy/domains/de/test/auto/DEinDEwithStartTimes2.xml
----------------- Instantiating /home/travis/build/icyphy/ptII/ptolemy/domains/de/test/auto/DEinDEwithStartTimes2.xml
3 ms. Memory: 51200K Free: 32833K (64%)
----------------- Invoking toplevel() on ptolemy.moml.MoMLSimpleApplication@1312fbe
----------------- Done invoking toplevel() on ptolemy.moml.MoMLSimpleApplication@1312fbe
reloadAllAccessors: .DEinDEwithStartTimes2

===========================================================================================
----------------- testing Wed Mar 25 13:40:00 UTC 2020 /home/travis/build/icyphy/ptII/ptolemy/domains/de/test/auto/DateDemo.xml
----------------- Instantiating /home/travis/build/icyphy/ptII/ptolemy/domains/de/test/auto/DateDemo.xml
9 ms. Memory: 51200K Free: 21743K (42%)
----------------- Invoking toplevel() on ptolemy.moml.MoMLSimpleApplication@1cc287b7
----------------- Done invoking toplevel() on ptolemy.moml.MoMLSimpleApplication@1cc287b7
reloadAllAccessors: .DateDemo

===========================================================================================
----------------- testing Wed Mar 25 13:40:00 UTC 2020 /home/travis/build/icyphy/ptII/ptolemy/domains/de/test/auto/DateToEvent.xml
----------------- Instantiating /home/travis/build/icyphy/ptII/ptolemy/domains/de/test/auto/DateToEvent.xml
2004 ms. Memory: 51200K Free: 33617K (66%)
----------------- Invoking toplevel() on ptolemy.moml.MoMLSimpleApplication@2a8b7b23
----------------- Done invoking toplevel() on ptolemy.moml.MoMLSimpleApplication@2a8b7b23
reloadAllAccessors: .DateToEvent

===========================================================================================
----------------- testing Wed Mar 25 13:40:02 UTC 2020 /home/travis/build/icyphy/ptII/ptolemy/domains/de/test/auto/DepthTest1.xml
----------------- Instantiating /home/travis/build/icyphy/ptII/ptolemy/domains/de/test/auto/DepthTest1.xml
1 ms. Memory: 51200K Free: 30767K (60%)
----------------- Invoking toplevel() on ptolemy.moml.MoMLSimpleApplication@464001
----------------- Done invoking toplevel() on ptolemy.moml.MoMLSimpleApplication@464001
reloadAllAccessors: .DepthTest1

===========================================================================================
----------------- testing Wed Mar 25 13:40:02 UTC 2020 /home/travis/build/icyphy/ptII/ptolemy/domains/de/test/auto/DepthTest2.xml
----------------- Instantiating /home/travis/build/icyphy/ptII/ptolemy/domains/de/test/auto/DepthTest2.xml
2 ms. Memory: 51200K Free: 24407K (48%)
----------------- Invoking toplevel() on ptolemy.moml.MoMLSimpleApplication@59733f38
----------------- Done invoking toplevel() on ptolemy.moml.MoMLSimpleApplication@59733f38
reloadAllAccessors: .DepthTest2

===========================================================================================
----------------- testing Wed Mar 25 13:40:02 UTC 2020 /home/travis/build/icyphy/ptII/ptolemy/domains/de/test/auto/DepthTest3.xml
----------------- Instantiating /home/travis/build/icyphy/ptII/ptolemy/domains/de/test/auto/DepthTest3.xml
1 ms. Memory: 51200K Free: 21305K (42%)
----------------- Invoking toplevel() on ptolemy.moml.MoMLSimpleApplication@5dcf5c57
----------------- Done invoking toplevel() on ptolemy.moml.MoMLSimpleApplication@5dcf5c57
reloadAllAccessors: .DepthTest3

===========================================================================================
----------------- testing Wed Mar 25 13:40:03 UTC 2020 /home/travis/build/icyphy/ptII/ptolemy/domains/de/test/auto/DepthTest4.xml
----------------- Instantiating /home/travis/build/icyphy/ptII/ptolemy/domains/de/test/auto/DepthTest4.xml
2 ms. Memory: 51200K Free: 16610K (32%)
----------------- Invoking toplevel() on ptolemy.moml.MoMLSimpleApplication@75522705
----------------- Done invoking toplevel() on ptolemy.moml.MoMLSimpleApplication@75522705
reloadAllAccessors: .DepthTest4

===========================================================================================
----------------- testing Wed Mar 25 13:40:03 UTC 2020 /home/travis/build/icyphy/ptII/ptolemy/domains/de/test/auto/DepthTest5.xml
----------------- Instantiating /home/travis/build/icyphy/ptII/ptolemy/domains/de/test/auto/DepthTest5.xml
2 ms. Memory: 51200K Free: 11255K (22%)
----------------- Invoking toplevel() on ptolemy.moml.MoMLSimpleApplication@7f3b9689
----------------- Done invoking toplevel() on ptolemy.moml.MoMLSimpleApplication@7f3b9689
reloadAllAccessors: .DepthTest5

===========================================================================================
----------------- testing Wed Mar 25 13:40:03 UTC 2020 /home/travis/build/icyphy/ptII/ptolemy/domains/de/test/auto/DepthTest6.xml
----------------- Instantiating /home/travis/build/icyphy/ptII/ptolemy/domains/de/test/auto/DepthTest6.xml
3 ms. Memory: 51200K Free: 33861K (66%)
----------------- Invoking toplevel() on ptolemy.moml.MoMLSimpleApplication@50964e7f
----------------- Done invoking toplevel() on ptolemy.moml.MoMLSimpleApplication@50964e7f
reloadAllAccessors: .DepthTest6

===========================================================================================
----------------- testing Wed Mar 25 13:40:03 UTC 2020 /home/travis/build/icyphy/ptII/ptolemy/domains/de/test/auto/DepthTest7.xml
----------------- Instantiating /home/travis/build/icyphy/ptII/ptolemy/domains/de/test/auto/DepthTest7.xml
1 ms. Memory: 51200K Free: 28895K (56%)
----------------- Invoking toplevel() on ptolemy.moml.MoMLSimpleApplication@2d6faae7
----------------- Done invoking toplevel() on ptolemy.moml.MoMLSimpleApplication@2d6faae7
reloadAllAccessors: .DepthTest7

===========================================================================================
----------------- testing Wed Mar 25 13:40:03 UTC 2020 /home/travis/build/icyphy/ptII/ptolemy/domains/de/test/auto/EventToDate.xml
----------------- Instantiating /home/travis/build/icyphy/ptII/ptolemy/domains/de/test/auto/EventToDate.xml
3013 ms. Memory: 51200K Free: 15415K (30%)
----------------- Invoking toplevel() on ptolemy.moml.MoMLSimpleApplication@373dae99
----------------- Done invoking toplevel() on ptolemy.moml.MoMLSimpleApplication@373dae99
reloadAllAccessors: .EventToDate

===========================================================================================
----------------- testing Wed Mar 25 13:40:06 UTC 2020 /home/travis/build/icyphy/ptII/ptolemy/domains/de/test/auto/FSM1.xml
----------------- Instantiating /home/travis/build/icyphy/ptII/ptolemy/domains/de/test/auto/FSM1.xml
13 ms. Memory: 51200K Free: 31067K (61%)
----------------- Invoking toplevel() on ptolemy.moml.MoMLSimpleApplication@4680efc0
----------------- Done invoking toplevel() on ptolemy.moml.MoMLSimpleApplication@4680efc0
reloadAllAccessors: .FSM1

===========================================================================================
----------------- testing Wed Mar 25 13:40:06 UTC 2020 /home/travis/build/icyphy/ptII/ptolemy/domains/de/test/auto/FSM7.xml
----------------- Instantiating /home/travis/build/icyphy/ptII/ptolemy/domains/de/test/auto/FSM7.xml
21 ms. Memory: 51200K Free: 18811K (37%)
----------------- Invoking toplevel() on ptolemy.moml.MoMLSimpleApplication@ee7a00b
----------------- Done invoking toplevel() on ptolemy.moml.MoMLSimpleApplication@ee7a00b
reloadAllAccessors: .FSM7

===========================================================================================
----------------- testing Wed Mar 25 13:40:06 UTC 2020 /home/travis/build/icyphy/ptII/ptolemy/domains/de/test/auto/Inspection.xml
----------------- Instantiating /home/travis/build/icyphy/ptII/ptolemy/domains/de/test/auto/Inspection.xml
17 ms. Memory: 51200K Free: 34352K (67%)
----------------- Invoking toplevel() on ptolemy.moml.MoMLSimpleApplication@6692144b
----------------- Done invoking toplevel() on ptolemy.moml.MoMLSimpleApplication@6692144b
reloadAllAccessors: .Inspection

===========================================================================================
----------------- testing Wed Mar 25 13:40:06 UTC 2020 /home/travis/build/icyphy/ptII/ptolemy/domains/de/test/auto/Iteration.xml
----------------- Instantiating /home/travis/build/icyphy/ptII/ptolemy/domains/de/test/auto/Iteration.xml
9 ms. Memory: 51200K Free: 27283K (53%)
----------------- Invoking toplevel() on ptolemy.moml.MoMLSimpleApplication@192008cb
----------------- Done invoking toplevel() on ptolemy.moml.MoMLSimpleApplication@192008cb
reloadAllAccessors: .Iteration

===========================================================================================
----------------- testing Wed Mar 25 13:40:06 UTC 2020 /home/travis/build/icyphy/ptII/ptolemy/domains/de/test/auto/LineFault.xml
----------------- Instantiating /home/travis/build/icyphy/ptII/ptolemy/domains/de/test/auto/LineFault.xml
426 ms. Memory: 51200K Free: 19965K (39%)
----------------- Invoking toplevel() on ptolemy.moml.MoMLSimpleApplication@306374f6
----------------- Done invoking toplevel() on ptolemy.moml.MoMLSimpleApplication@306374f6
reloadAllAccessors: .LineFault

===========================================================================================
----------------- testing Wed Mar 25 13:40:06 UTC 2020 /home/travis/build/icyphy/ptII/ptolemy/domains/de/test/auto/MergeModel1Add.xml
----------------- Instantiating /home/travis/build/icyphy/ptII/ptolemy/domains/de/test/auto/MergeModel1Add.xml
5 ms. Memory: 51200K Free: 27876K (54%)
----------------- Invoking toplevel() on ptolemy.moml.MoMLSimpleApplication@7042f080
----------------- Done invoking toplevel() on ptolemy.moml.MoMLSimpleApplication@7042f080
reloadAllAccessors: .MergeModel1Add

===========================================================================================
----------------- testing Wed Mar 25 13:40:06 UTC 2020 /home/travis/build/icyphy/ptII/ptolemy/domains/de/test/auto/MergeModel2Add.xml
----------------- Instantiating /home/travis/build/icyphy/ptII/ptolemy/domains/de/test/auto/MergeModel2Add.xml
5 ms. Memory: 51200K Free: 10198K (20%)
----------------- Invoking toplevel() on ptolemy.moml.MoMLSimpleApplication@453f5ea4
----------------- Done invoking toplevel() on ptolemy.moml.MoMLSimpleApplication@453f5ea4
reloadAllAccessors: .MergeModel2Add

===========================================================================================
----------------- testing Wed Mar 25 13:40:06 UTC 2020 /home/travis/build/icyphy/ptII/ptolemy/domains/de/test/auto/MergeModel3Add.xml
----------------- Instantiating /home/travis/build/icyphy/ptII/ptolemy/domains/de/test/auto/MergeModel3Add.xml
5 ms. Memory: 51200K Free: 18284K (36%)
----------------- Invoking toplevel() on ptolemy.moml.MoMLSimpleApplication@6f8021ea
----------------- Done invoking toplevel() on ptolemy.moml.MoMLSimpleApplication@6f8021ea
reloadAllAccessors: .MergeModel3Add

===========================================================================================
----------------- testing Wed Mar 25 13:40:06 UTC 2020 /home/travis/build/icyphy/ptII/ptolemy/domains/de/test/auto/MergeWithoutDiscard.xml
----------------- Instantiating /home/travis/build/icyphy/ptII/ptolemy/domains/de/test/auto/MergeWithoutDiscard.xml
1 ms. Memory: 51200K Free: 14188K (28%)
----------------- Invoking toplevel() on ptolemy.moml.MoMLSimpleApplication@1deec74a
----------------- Done invoking toplevel() on ptolemy.moml.MoMLSimpleApplication@1deec74a
reloadAllAccessors: .MergeWithoutDiscard

===========================================================================================
----------------- testing Wed Mar 25 13:40:06 UTC 2020 /home/travis/build/icyphy/ptII/ptolemy/domains/de/test/auto/Modal1.xml
----------------- Instantiating /home/travis/build/icyphy/ptII/ptolemy/domains/de/test/auto/Modal1.xml
7 ms. Memory: 51200K Free: 27541K (54%)
----------------- Invoking toplevel() on ptolemy.moml.MoMLSimpleApplication@5255be3e
----------------- Done invoking toplevel() on ptolemy.moml.MoMLSimpleApplication@5255be3e
reloadAllAccessors: .Modal1

===========================================================================================
----------------- testing Wed Mar 25 13:40:06 UTC 2020 /home/travis/build/icyphy/ptII/ptolemy/domains/de/test/auto/Modal2.xml
----------------- Instantiating /home/travis/build/icyphy/ptII/ptolemy/domains/de/test/auto/Modal2.xml
8 ms. Memory: 51200K Free: 15515K (30%)
----------------- Invoking toplevel() on ptolemy.moml.MoMLSimpleApplication@412dd1a0
----------------- Done invoking toplevel() on ptolemy.moml.MoMLSimpleApplication@412dd1a0
reloadAllAccessors: .Modal2

===========================================================================================
----------------- testing Wed Mar 25 13:40:06 UTC 2020 /home/travis/build/icyphy/ptII/ptolemy/domains/de/test/auto/Modal3.xml
----------------- Instantiating /home/travis/build/icyphy/ptII/ptolemy/domains/de/test/auto/Modal3.xml
8 ms. Memory: 51200K Free: 28759K (56%)
----------------- Invoking toplevel() on ptolemy.moml.MoMLSimpleApplication@e18f5a3
----------------- Done invoking toplevel() on ptolemy.moml.MoMLSimpleApplication@e18f5a3
reloadAllAccessors: .Modal3

===========================================================================================
----------------- testing Wed Mar 25 13:40:07 UTC 2020 /home/travis/build/icyphy/ptII/ptolemy/domains/de/test/auto/Modal4.xml
----------------- Instantiating /home/travis/build/icyphy/ptII/ptolemy/domains/de/test/auto/Modal4.xml
10 ms. Memory: 51200K Free: 15720K (31%)
----------------- Invoking toplevel() on ptolemy.moml.MoMLSimpleApplication@36519ff6
----------------- Done invoking toplevel() on ptolemy.moml.MoMLSimpleApplication@36519ff6
reloadAllAccessors: .Modal4

===========================================================================================
----------------- testing Wed Mar 25 13:40:07 UTC 2020 /home/travis/build/icyphy/ptII/ptolemy/domains/de/test/auto/Modal5.xml
----------------- Instantiating /home/travis/build/icyphy/ptII/ptolemy/domains/de/test/auto/Modal5.xml
9 ms. Memory: 51200K Free: 28326K (55%)
----------------- Invoking toplevel() on ptolemy.moml.MoMLSimpleApplication@28881ced
----------------- Done invoking toplevel() on ptolemy.moml.MoMLSimpleApplication@28881ced
reloadAllAccessors: .Modal5

===========================================================================================
----------------- testing Wed Mar 25 13:40:07 UTC 2020 /home/travis/build/icyphy/ptII/ptolemy/domains/de/test/auto/Modal6.xml
----------------- Instantiating /home/travis/build/icyphy/ptII/ptolemy/domains/de/test/auto/Modal6.xml
7 ms. Memory: 51200K Free: 16038K (31%)
----------------- Invoking toplevel() on ptolemy.moml.MoMLSimpleApplication@4399151d
----------------- Done invoking toplevel() on ptolemy.moml.MoMLSimpleApplication@4399151d
reloadAllAccessors: .Modal6

===========================================================================================
----------------- testing Wed Mar 25 13:40:07 UTC 2020 /home/travis/build/icyphy/ptII/ptolemy/domains/de/test/auto/Modal7.xml
----------------- Instantiating /home/travis/build/icyphy/ptII/ptolemy/domains/de/test/auto/Modal7.xml
7 ms. Memory: 51200K Free: 28303K (55%)
----------------- Invoking toplevel() on ptolemy.moml.MoMLSimpleApplication@5ba66110
----------------- Done invoking toplevel() on ptolemy.moml.MoMLSimpleApplication@5ba66110
reloadAllAccessors: .Modal7

===========================================================================================
----------------- testing Wed Mar 25 13:40:07 UTC 2020 /home/travis/build/icyphy/ptII/ptolemy/domains/de/test/auto/ModalModel.xml
----------------- Instantiating /home/travis/build/icyphy/ptII/ptolemy/domains/de/test/auto/ModalModel.xml
124 ms. Memory: 51200K Free: 11644K (23%)
----------------- Invoking toplevel() on ptolemy.moml.MoMLSimpleApplication@7f18575d
----------------- Done invoking toplevel() on ptolemy.moml.MoMLSimpleApplication@7f18575d
reloadAllAccessors: .ModalModel

===========================================================================================
----------------- testing Wed Mar 25 13:40:07 UTC 2020 /home/travis/build/icyphy/ptII/ptolemy/domains/de/test/auto/ModalSource.xml
----------------- Instantiating /home/travis/build/icyphy/ptII/ptolemy/domains/de/test/auto/ModalSource.xml
6 ms. Memory: 62464K Free: 40566K (65%)
----------------- Invoking toplevel() on ptolemy.moml.MoMLSimpleApplication@451c7965
----------------- Done invoking toplevel() on ptolemy.moml.MoMLSimpleApplication@451c7965
reloadAllAccessors: .ModalSource

===========================================================================================
----------------- testing Wed Mar 25 13:40:07 UTC 2020 /home/travis/build/icyphy/ptII/ptolemy/domains/de/test/auto/NonInterruptibleTimerZeroDelay.xml
----------------- Instantiating /home/travis/build/icyphy/ptII/ptolemy/domains/de/test/auto/NonInterruptibleTimerZeroDelay.xml
2 ms. Memory: 62464K Free: 37049K (59%)
----------------- Invoking toplevel() on ptolemy.moml.MoMLSimpleApplication@6ac5eb41
----------------- Done invoking toplevel() on ptolemy.moml.MoMLSimpleApplication@6ac5eb41
reloadAllAccessors: .NonInterruptibleTimerZeroDelay

===========================================================================================
----------------- testing Wed Mar 25 13:40:07 UTC 2020 /home/travis/build/icyphy/ptII/ptolemy/domains/de/test/auto/OpenQueueingNetwork.xml
----------------- Instantiating /home/travis/build/icyphy/ptII/ptolemy/domains/de/test/auto/OpenQueueingNetwork.xml
2316 ms. Memory: 100352K Free: 79205K (79%)
----------------- Invoking toplevel() on ptolemy.moml.MoMLSimpleApplication@47d0d2f6
----------------- Done invoking toplevel() on ptolemy.moml.MoMLSimpleApplication@47d0d2f6
reloadAllAccessors: .OpenQueueingNetwork

===========================================================================================
----------------- testing Wed Mar 25 13:40:09 UTC 2020 /home/travis/build/icyphy/ptII/ptolemy/domains/de/test/auto/OpenQueuingNetwork.xml
----------------- Instantiating /home/travis/build/icyphy/ptII/ptolemy/domains/de/test/auto/OpenQueuingNetwork.xml
230 ms. Memory: 100352K Free: 59556K (59%)
----------------- Invoking toplevel() on ptolemy.moml.MoMLSimpleApplication@5d57ab55
----------------- Done invoking toplevel() on ptolemy.moml.MoMLSimpleApplication@5d57ab55
reloadAllAccessors: .OpenQueuingNetwork

===========================================================================================
----------------- testing Wed Mar 25 13:40:10 UTC 2020 /home/travis/build/icyphy/ptII/ptolemy/domains/de/test/auto/PeriodicSampler.xml
----------------- Instantiating /home/travis/build/icyphy/ptII/ptolemy/domains/de/test/auto/PeriodicSampler.xml
2 ms. Memory: 100352K Free: 54950K (55%)
----------------- Invoking toplevel() on ptolemy.moml.MoMLSimpleApplication@22fde49d
----------------- Done invoking toplevel() on ptolemy.moml.MoMLSimpleApplication@22fde49d
reloadAllAccessors: .PeriodicSampler

===========================================================================================
----------------- testing Wed Mar 25 13:40:10 UTC 2020 /home/travis/build/icyphy/ptII/ptolemy/domains/de/test/auto/PersistentIO.xml
----------------- Instantiating /home/travis/build/icyphy/ptII/ptolemy/domains/de/test/auto/PersistentIO.xml
4 ms. Memory: 100352K Free: 45190K (45%)
----------------- Invoking toplevel() on ptolemy.moml.MoMLSimpleApplication@554d8857
----------------- Done invoking toplevel() on ptolemy.moml.MoMLSimpleApplication@554d8857
reloadAllAccessors: .PersistentIO

===========================================================================================
----------------- testing Wed Mar 25 13:40:10 UTC 2020 /home/travis/build/icyphy/ptII/ptolemy/domains/de/test/auto/PortParameterResetOnInitialize.xml
----------------- Instantiating /home/travis/build/icyphy/ptII/ptolemy/domains/de/test/auto/PortParameterResetOnInitialize.xml
1 ms. Memory: 100352K Free: 40614K (40%)
----------------- Invoking toplevel() on ptolemy.moml.MoMLSimpleApplication@414106eb
----------------- Done invoking toplevel() on ptolemy.moml.MoMLSimpleApplication@414106eb
reloadAllAccessors: .PortParameterResetOnInitialize

===========================================================================================
----------------- testing Wed Mar 25 13:40:10 UTC 2020 /home/travis/build/icyphy/ptII/ptolemy/domains/de/test/auto/PortParameterUpdates.xml
----------------- Instantiating /home/travis/build/icyphy/ptII/ptolemy/domains/de/test/auto/PortParameterUpdates.xml
4 ms. Memory: 100352K Free: 33942K (34%)
----------------- Invoking toplevel() on ptolemy.moml.MoMLSimpleApplication@7146f10d
----------------- Done invoking toplevel() on ptolemy.moml.MoMLSimpleApplication@7146f10d
reloadAllAccessors: .PortParameterUpdates

===========================================================================================
----------------- testing Wed Mar 25 13:40:10 UTC 2020 /home/travis/build/icyphy/ptII/ptolemy/domains/de/test/auto/QueueAndServer.xml
----------------- Instantiating /home/travis/build/icyphy/ptII/ptolemy/domains/de/test/auto/QueueAndServer.xml
4 ms. Memory: 100352K Free: 26278K (26%)
----------------- Invoking toplevel() on ptolemy.moml.MoMLSimpleApplication@2ac22684
----------------- Done invoking toplevel() on ptolemy.moml.MoMLSimpleApplication@2ac22684
reloadAllAccessors: .QueueAndServer

===========================================================================================
----------------- testing Wed Mar 25 13:40:10 UTC 2020 /home/travis/build/icyphy/ptII/ptolemy/domains/de/test/auto/Records.xml
----------------- Instantiating /home/travis/build/icyphy/ptII/ptolemy/domains/de/test/auto/Records.xml
3 ms. Memory: 120832K Free: 99372K (82%)
----------------- Invoking toplevel() on ptolemy.moml.MoMLSimpleApplication@43252f27
----------------- Done invoking toplevel() on ptolemy.moml.MoMLSimpleApplication@43252f27
reloadAllAccessors: .Records

===========================================================================================
----------------- testing Wed Mar 25 13:40:10 UTC 2020 /home/travis/build/icyphy/ptII/ptolemy/domains/de/test/auto/ResetTransitionWithStartTime1.xml
----------------- Instantiating /home/travis/build/icyphy/ptII/ptolemy/domains/de/test/auto/ResetTransitionWithStartTime1.xml
5 ms. Memory: 120832K Free: 91180K (75%)
----------------- Invoking toplevel() on ptolemy.moml.MoMLSimpleApplication@2a930f0e
----------------- Done invoking toplevel() on ptolemy.moml.MoMLSimpleApplication@2a930f0e
reloadAllAccessors: .ResetTransitionWithStartTime1

===========================================================================================
----------------- testing Wed Mar 25 13:40:10 UTC 2020 /home/travis/build/icyphy/ptII/ptolemy/domains/de/test/auto/ResetTransitionWithStartTime2.xml
----------------- Instantiating /home/travis/build/icyphy/ptII/ptolemy/domains/de/test/auto/ResetTransitionWithStartTime2.xml
5 ms. Memory: 120832K Free: 82988K (69%)
----------------- Invoking toplevel() on ptolemy.moml.MoMLSimpleApplication@2b4b20ac
----------------- Done invoking toplevel() on ptolemy.moml.MoMLSimpleApplication@2b4b20ac
reloadAllAccessors: .ResetTransitionWithStartTime2

===========================================================================================
----------------- testing Wed Mar 25 13:40:10 UTC 2020 /home/travis/build/icyphy/ptII/ptolemy/domains/de/test/auto/ResetTransitionWithStartTime3.xml
----------------- Instantiating /home/travis/build/icyphy/ptII/ptolemy/domains/de/test/auto/ResetTransitionWithStartTime3.xml
4 ms. Memory: 120832K Free: 74796K (62%)
----------------- Invoking toplevel() on ptolemy.moml.MoMLSimpleApplication@773bcbaa
----------------- Done invoking toplevel() on ptolemy.moml.MoMLSimpleApplication@773bcbaa
reloadAllAccessors: .ResetTransitionWithStartTime3

===========================================================================================
----------------- testing Wed Mar 25 13:40:10 UTC 2020 /home/travis/build/icyphy/ptII/ptolemy/domains/de/test/auto/ResetTransitionWithStartTime4.xml
----------------- Instantiating /home/travis/build/icyphy/ptII/ptolemy/domains/de/test/auto/ResetTransitionWithStartTime4.xml
3 ms. Memory: 120832K Free: 67108K (56%)
----------------- Invoking toplevel() on ptolemy.moml.MoMLSimpleApplication@2ab0d239
----------------- Done invoking toplevel() on ptolemy.moml.MoMLSimpleApplication@2ab0d239
reloadAllAccessors: .ResetTransitionWithStartTime4

===========================================================================================
----------------- testing Wed Mar 25 13:40:10 UTC 2020 /home/travis/build/icyphy/ptII/ptolemy/domains/de/test/auto/ResettableTimer1.xml
----------------- Instantiating /home/travis/build/icyphy/ptII/ptolemy/domains/de/test/auto/ResettableTimer1.xml
2 ms. Memory: 120832K Free: 63004K (52%)
----------------- Invoking toplevel() on ptolemy.moml.MoMLSimpleApplication@4c9eeb80
----------------- Done invoking toplevel() on ptolemy.moml.MoMLSimpleApplication@4c9eeb80
reloadAllAccessors: .ResettableTimer1

===========================================================================================
----------------- testing Wed Mar 25 13:40:10 UTC 2020 /home/travis/build/icyphy/ptII/ptolemy/domains/de/test/auto/ResettableTimer2.xml
----------------- Instantiating /home/travis/build/icyphy/ptII/ptolemy/domains/de/test/auto/ResettableTimer2.xml
2 ms. Memory: 120832K Free: 58908K (49%)
----------------- Invoking toplevel() on ptolemy.moml.MoMLSimpleApplication@6f592d71
----------------- Done invoking toplevel() on ptolemy.moml.MoMLSimpleApplication@6f592d71
reloadAllAccessors: .ResettableTimer2

===========================================================================================
----------------- testing Wed Mar 25 13:40:10 UTC 2020 /home/travis/build/icyphy/ptII/ptolemy/domains/de/test/auto/ResettableTimer3.xml
----------------- Instantiating /home/travis/build/icyphy/ptII/ptolemy/domains/de/test/auto/ResettableTimer3.xml
1 ms. Memory: 120832K Free: 54826K (45%)
----------------- Invoking toplevel() on ptolemy.moml.MoMLSimpleApplication@5f52af54
----------------- Done invoking toplevel() on ptolemy.moml.MoMLSimpleApplication@5f52af54
reloadAllAccessors: .ResettableTimer3

===========================================================================================
----------------- testing Wed Mar 25 13:40:10 UTC 2020 /home/travis/build/icyphy/ptII/ptolemy/domains/de/test/auto/ResettableTimer4.xml
----------------- Instantiating /home/travis/build/icyphy/ptII/ptolemy/domains/de/test/auto/ResettableTimer4.xml
1 ms. Memory: 120832K Free: 50730K (42%)
----------------- Invoking toplevel() on ptolemy.moml.MoMLSimpleApplication@6c583e55
----------------- Done invoking toplevel() on ptolemy.moml.MoMLSimpleApplication@6c583e55
reloadAllAccessors: .ResettableTimer4

===========================================================================================
----------------- testing Wed Mar 25 13:40:10 UTC 2020 /home/travis/build/icyphy/ptII/ptolemy/domains/de/test/auto/ResettableTimer5.xml
----------------- Instantiating /home/travis/build/icyphy/ptII/ptolemy/domains/de/test/auto/ResettableTimer5.xml
1 ms. Memory: 120832K Free: 46634K (39%)
----------------- Invoking toplevel() on ptolemy.moml.MoMLSimpleApplication@348cc712
----------------- Done invoking toplevel() on ptolemy.moml.MoMLSimpleApplication@348cc712
reloadAllAccessors: .ResettableTimer5

===========================================================================================
----------------- testing Wed Mar 25 13:40:10 UTC 2020 /home/travis/build/icyphy/ptII/ptolemy/domains/de/test/auto/ResettableTimer6.xml
----------------- Instantiating /home/travis/build/icyphy/ptII/ptolemy/domains/de/test/auto/ResettableTimer6.xml
7 ms. Memory: 120832K Free: 42026K (35%)
----------------- Invoking toplevel() on ptolemy.moml.MoMLSimpleApplication@688d8fae
----------------- Done invoking toplevel() on ptolemy.moml.MoMLSimpleApplication@688d8fae
reloadAllAccessors: .ResettableTimer6

===========================================================================================
----------------- testing Wed Mar 25 13:40:10 UTC 2020 /home/travis/build/icyphy/ptII/ptolemy/domains/de/test/auto/ServerZeroDelay.xml
----------------- Instantiating /home/travis/build/icyphy/ptII/ptolemy/domains/de/test/auto/ServerZeroDelay.xml
1 ms. Memory: 120832K Free: 37932K (31%)
----------------- Invoking toplevel() on ptolemy.moml.MoMLSimpleApplication@68f228fd
----------------- Done invoking toplevel() on ptolemy.moml.MoMLSimpleApplication@68f228fd
reloadAllAccessors: .ServerZeroDelay

===========================================================================================
----------------- testing Wed Mar 25 13:40:10 UTC 2020 /home/travis/build/icyphy/ptII/ptolemy/domains/de/test/auto/SmartSender.xml
----------------- Instantiating /home/travis/build/icyphy/ptII/ptolemy/domains/de/test/auto/SmartSender.xml
3001 ms. Memory: 120832K Free: 101696K (84%)
----------------- Invoking toplevel() on ptolemy.moml.MoMLSimpleApplication@1d6b2dbd
----------------- Done invoking toplevel() on ptolemy.moml.MoMLSimpleApplication@1d6b2dbd
reloadAllAccessors: .SmartSender

===========================================================================================
----------------- testing Wed Mar 25 13:40:13 UTC 2020 /home/travis/build/icyphy/ptII/ptolemy/domains/de/test/auto/ThreadedComposite.xml
----------------- Instantiating /home/travis/build/icyphy/ptII/ptolemy/domains/de/test/auto/ThreadedComposite.xml
187 ms. Memory: 120832K Free: 77911K (64%)
----------------- Invoking toplevel() on ptolemy.moml.MoMLSimpleApplication@6a33bf19
----------------- Done invoking toplevel() on ptolemy.moml.MoMLSimpleApplication@6a33bf19
reloadAllAccessors: .ThreadedComposite

===========================================================================================
----------------- testing Wed Mar 25 13:40:13 UTC 2020 /home/travis/build/icyphy/ptII/ptolemy/domains/de/test/auto/Time.xml
----------------- Instantiating /home/travis/build/icyphy/ptII/ptolemy/domains/de/test/auto/Time.xml
360 ms. Memory: 120832K Free: 94328K (78%)
----------------- Invoking toplevel() on ptolemy.moml.MoMLSimpleApplication@7ec90ae9
----------------- Done invoking toplevel() on ptolemy.moml.MoMLSimpleApplication@7ec90ae9
reloadAllAccessors: .Time

===========================================================================================
----------------- testing Wed Mar 25 13:40:13 UTC 2020 /home/travis/build/icyphy/ptII/ptolemy/domains/de/test/auto/TimeDelayZeroDelay.xml
----------------- Instantiating /home/travis/build/icyphy/ptII/ptolemy/domains/de/test/auto/TimeDelayZeroDelay.xml
1 ms. Memory: 120832K Free: 89745K (74%)
----------------- Invoking toplevel() on ptolemy.moml.MoMLSimpleApplication@643caa6b
----------------- Done invoking toplevel() on ptolemy.moml.MoMLSimpleApplication@643caa6b
reloadAllAccessors: .TimeDelayZeroDelay

===========================================================================================
----------------- testing Wed Mar 25 13:40:13 UTC 2020 /home/travis/build/icyphy/ptII/ptolemy/domains/de/test/auto/TimerZeroDelay.xml
----------------- Instantiating /home/travis/build/icyphy/ptII/ptolemy/domains/de/test/auto/TimerZeroDelay.xml
2 ms. Memory: 120832K Free: 85649K (71%)
----------------- Invoking toplevel() on ptolemy.moml.MoMLSimpleApplication@3dbb5502
----------------- Done invoking toplevel() on ptolemy.moml.MoMLSimpleApplication@3dbb5502
reloadAllAccessors: .TimerZeroDelay

===========================================================================================
----------------- testing Wed Mar 25 13:40:13 UTC 2020 /home/travis/build/icyphy/ptII/ptolemy/domains/de/test/auto/TimingParadox.xml
----------------- Instantiating /home/travis/build/icyphy/ptII/ptolemy/domains/de/test/auto/TimingParadox.xml
237 ms. Memory: 120832K Free: 88390K (73%)
----------------- Invoking toplevel() on ptolemy.moml.MoMLSimpleApplication@d4e5637
----------------- Done invoking toplevel() on ptolemy.moml.MoMLSimpleApplication@d4e5637
reloadAllAccessors: .TimingParadox

===========================================================================================
----------------- testing Wed Mar 25 13:40:14 UTC 2020 /home/travis/build/icyphy/ptII/ptolemy/domains/de/test/auto/TransferInputs.xml
----------------- Instantiating /home/travis/build/icyphy/ptII/ptolemy/domains/de/test/auto/TransferInputs.xml
1 ms. Memory: 120832K Free: 83651K (69%)
----------------- Invoking toplevel() on ptolemy.moml.MoMLSimpleApplication@71b385f7
----------------- Done invoking toplevel() on ptolemy.moml.MoMLSimpleApplication@71b385f7
reloadAllAccessors: .TransferInputs

===========================================================================================
----------------- testing Wed Mar 25 13:40:14 UTC 2020 /home/travis/build/icyphy/ptII/ptolemy/domains/de/test/auto/TransferOutputs2.xml
----------------- Instantiating /home/travis/build/icyphy/ptII/ptolemy/domains/de/test/auto/TransferOutputs2.xml
3 ms. Memory: 120832K Free: 75481K (62%)
----------------- Invoking toplevel() on ptolemy.moml.MoMLSimpleApplication@f1fee87
----------------- Done invoking toplevel() on ptolemy.moml.MoMLSimpleApplication@f1fee87
reloadAllAccessors: .TransferOutputs2

===========================================================================================
----------------- testing Wed Mar 25 13:40:14 UTC 2020 /home/travis/build/icyphy/ptII/ptolemy/domains/de/test/auto/Trilateration.xml
----------------- Instantiating /home/travis/build/icyphy/ptII/ptolemy/domains/de/test/auto/Trilateration.xml
9419 ms. Memory: 415744K Free: 337914K (81%)
----------------- Invoking toplevel() on ptolemy.moml.MoMLSimpleApplication@1ab03a97
----------------- Done invoking toplevel() on ptolemy.moml.MoMLSimpleApplication@1ab03a97
reloadAllAccessors: .Trilateration

===========================================================================================
----------------- testing Wed Mar 25 13:40:24 UTC 2020 /home/travis/build/icyphy/ptII/ptolemy/domains/de/test/auto/TwoSigmaDelta.xml
----------------- Instantiating /home/travis/build/icyphy/ptII/ptolemy/domains/de/test/auto/TwoSigmaDelta.xml
2011 ms. Memory: 415744K Free: 380933K (92%)
----------------- Invoking toplevel() on ptolemy.moml.MoMLSimpleApplication@2d08a2ee
----------------- Done invoking toplevel() on ptolemy.moml.MoMLSimpleApplication@2d08a2ee
reloadAllAccessors: .TwoSigmaDelta

===========================================================================================
----------------- testing Wed Mar 25 13:40:26 UTC 2020 /home/travis/build/icyphy/ptII/ptolemy/domains/de/test/auto/VariableDelay.xml
----------------- Instantiating /home/travis/build/icyphy/ptII/ptolemy/domains/de/test/auto/VariableDelay.xml
2 ms. Memory: 415744K Free: 375807K (90%)
----------------- Invoking toplevel() on ptolemy.moml.MoMLSimpleApplication@5d706815
----------------- Done invoking toplevel() on ptolemy.moml.MoMLSimpleApplication@5d706815
reloadAllAccessors: .VariableDelay

===========================================================================================
----------------- testing Wed Mar 25 13:40:26 UTC 2020 /home/travis/build/icyphy/ptII/ptolemy/domains/de/test/auto/VariableDelay2.xml
----------------- Instantiating /home/travis/build/icyphy/ptII/ptolemy/domains/de/test/auto/VariableDelay2.xml
1 ms. Memory: 415744K Free: 371207K (89%)
----------------- Invoking toplevel() on ptolemy.moml.MoMLSimpleApplication@7fc90762
----------------- Done invoking toplevel() on ptolemy.moml.MoMLSimpleApplication@7fc90762
reloadAllAccessors: .VariableDelay2

===========================================================================================
----------------- testing Wed Mar 25 13:40:26 UTC 2020 /home/travis/build/icyphy/ptII/ptolemy/domains/de/test/auto/VariableDelayZeroDelay.xml
----------------- Instantiating /home/travis/build/icyphy/ptII/ptolemy/domains/de/test/auto/VariableDelayZeroDelay.xml
4 ms. Memory: 415744K Free: 367111K (88%)
----------------- Invoking toplevel() on ptolemy.moml.MoMLSimpleApplication@6063742
----------------- Done invoking toplevel() on ptolemy.moml.MoMLSimpleApplication@6063742
reloadAllAccessors: .VariableDelayZeroDelay

===========================================================================================
----------------- testing Wed Mar 25 13:40:26 UTC 2020 /home/travis/build/icyphy/ptII/ptolemy/domains/de/test/auto/VariableDelayZeroDelay2.xml
----------------- Instantiating /home/travis/build/icyphy/ptII/ptolemy/domains/de/test/auto/VariableDelayZeroDelay2.xml
2 ms. Memory: 415744K Free: 363015K (87%)
----------------- Invoking toplevel() on ptolemy.moml.MoMLSimpleApplication@90a019e
----------------- Done invoking toplevel() on ptolemy.moml.MoMLSimpleApplication@90a019e
reloadAllAccessors: .VariableDelayZeroDelay2

===========================================================================================
----------------- testing Wed Mar 25 13:40:26 UTC 2020 /home/travis/build/icyphy/ptII/ptolemy/domains/de/test/auto/deInCt.xml
----------------- Instantiating /home/travis/build/icyphy/ptII/ptolemy/domains/de/test/auto/deInCt.xml
0
1
1
1
0
0
0
1
1
1
0
0
0
0
1
1
0
0
0
1
1
1
0
0
0
1
1
1
0
0
0
0
1
1
1
1
0
0
0
1
1
1
1
7 ms. Memory: 415744K Free: 357895K (86%)
----------------- Invoking toplevel() on ptolemy.moml.MoMLSimpleApplication@16078faa
----------------- Done invoking toplevel() on ptolemy.moml.MoMLSimpleApplication@16078faa
reloadAllAccessors: .deInCt

===========================================================================================
----------------- testing Wed Mar 25 13:40:26 UTC 2020 /home/travis/build/icyphy/ptII/ptolemy/domains/de/test/auto/deInCt2.xml
----------------- Instantiating /home/travis/build/icyphy/ptII/ptolemy/domains/de/test/auto/deInCt2.xml
0
1
1
1
0
0
1
1
1
0
0
1
1
1
0
0
1
1
1
0
0
1
1
1
0
0
1
1
1
0
0
1
1
1
0
0
1
1
1
0
0
0
6 ms. Memory: 415744K Free: 352775K (85%)
----------------- Invoking toplevel() on ptolemy.moml.MoMLSimpleApplication@234cff2c
----------------- Done invoking toplevel() on ptolemy.moml.MoMLSimpleApplication@234cff2c
reloadAllAccessors: .deInCt2

===========================================================================================
----------------- testing Wed Mar 25 13:40:26 UTC 2020 /home/travis/build/icyphy/ptII/ptolemy/domains/de/test/auto/dynamicCausalityInterface1.xml
----------------- Instantiating /home/travis/build/icyphy/ptII/ptolemy/domains/de/test/auto/dynamicCausalityInterface1.xml
0 ms. Memory: 415744K Free: 343559K (83%)
----------------- Invoking toplevel() on ptolemy.moml.MoMLSimpleApplication@3cabeb6a
----------------- Done invoking toplevel() on ptolemy.moml.MoMLSimpleApplication@3cabeb6a
reloadAllAccessors: .dynamicCausalityInterface1

===========================================================================================
----------------- testing Wed Mar 25 13:40:26 UTC 2020 /home/travis/build/icyphy/ptII/ptolemy/domains/de/test/auto/fsm_de_test.xml
----------------- Instantiating /home/travis/build/icyphy/ptII/ptolemy/domains/de/test/auto/fsm_de_test.xml
4 ms. Memory: 415744K Free: 334343K (80%)
----------------- Invoking toplevel() on ptolemy.moml.MoMLSimpleApplication@2a1a3d6f
----------------- Done invoking toplevel() on ptolemy.moml.MoMLSimpleApplication@2a1a3d6f
reloadAllAccessors: .fsm_de_test

===========================================================================================
----------------- testing Wed Mar 25 13:40:26 UTC 2020 /home/travis/build/icyphy/ptII/ptolemy/domains/de/test/auto/functionDependencyReconstruction.xml
----------------- Instantiating /home/travis/build/icyphy/ptII/ptolemy/domains/de/test/auto/functionDependencyReconstruction.xml
2 ms. Memory: 415744K Free: 319493K (77%)
----------------- Invoking toplevel() on ptolemy.moml.MoMLSimpleApplication@61dcf4e1
----------------- Done invoking toplevel() on ptolemy.moml.MoMLSimpleApplication@61dcf4e1
reloadAllAccessors: .functionDependencyReconstruction

===========================================================================================
----------------- testing Wed Mar 25 13:40:26 UTC 2020 /home/travis/build/icyphy/ptII/ptolemy/domains/de/test/auto/multirate.xml
----------------- Instantiating /home/travis/build/icyphy/ptII/ptolemy/domains/de/test/auto/multirate.xml
4 ms. Memory: 415744K Free: 312839K (75%)
----------------- Invoking toplevel() on ptolemy.moml.MoMLSimpleApplication@580bf6a7
----------------- Done invoking toplevel() on ptolemy.moml.MoMLSimpleApplication@580bf6a7
reloadAllAccessors: .multirate

===========================================================================================
----------------- testing Wed Mar 25 13:40:26 UTC 2020 /home/travis/build/icyphy/ptII/ptolemy/domains/de/test/auto/multirate2.xml
----------------- Instantiating /home/travis/build/icyphy/ptII/ptolemy/domains/de/test/auto/multirate2.xml
3 ms. Memory: 415744K Free: 306167K (74%)
----------------- Invoking toplevel() on ptolemy.moml.MoMLSimpleApplication@8560822
----------------- Done invoking toplevel() on ptolemy.moml.MoMLSimpleApplication@8560822
reloadAllAccessors: .multirate2

===========================================================================================
----------------- testing Wed Mar 25 13:40:26 UTC 2020 /home/travis/build/icyphy/ptII/ptolemy/domains/de/test/auto/realtime.xml
----------------- Instantiating /home/travis/build/icyphy/ptII/ptolemy/domains/de/test/auto/realtime.xml
10003 ms. Memory: 415744K Free: 301575K (73%)
----------------- Invoking toplevel() on ptolemy.moml.MoMLSimpleApplication@5f1e080f
----------------- Done invoking toplevel() on ptolemy.moml.MoMLSimpleApplication@5f1e080f
reloadAllAccessors: .realtime

===========================================================================================
----------------- testing Wed Mar 25 13:40:36 UTC 2020 /home/travis/build/icyphy/ptII/ptolemy/domains/de/test/auto/relationGroup.xml
----------------- Instantiating /home/travis/build/icyphy/ptII/ptolemy/domains/de/test/auto/relationGroup.xml
2 ms. Memory: 415744K Free: 297989K (72%)
----------------- Invoking toplevel() on ptolemy.moml.MoMLSimpleApplication@1d53f0bd
----------------- Done invoking toplevel() on ptolemy.moml.MoMLSimpleApplication@1d53f0bd
reloadAllAccessors: .relationGroup

===========================================================================================
----------------- testing Wed Mar 25 13:40:36 UTC 2020 /home/travis/build/icyphy/ptII/ptolemy/domains/de/test/auto/relationGroup2.xml
----------------- Instantiating /home/travis/build/icyphy/ptII/ptolemy/domains/de/test/auto/relationGroup2.xml
1 ms. Memory: 415744K Free: 294407K (71%)
----------------- Invoking toplevel() on ptolemy.moml.MoMLSimpleApplication@4083d12b
----------------- Done invoking toplevel() on ptolemy.moml.MoMLSimpleApplication@4083d12b
reloadAllAccessors: .relationGroup2

===========================================================================================
----------------- testing Wed Mar 25 13:40:36 UTC 2020 /home/travis/build/icyphy/ptII/ptolemy/domains/de/test/auto/sortWithOpaquePorts.xml
----------------- Instantiating /home/travis/build/icyphy/ptII/ptolemy/domains/de/test/auto/sortWithOpaquePorts.xml
1 ms. Memory: 415744K Free: 289767K (70%)
----------------- Invoking toplevel() on ptolemy.moml.MoMLSimpleApplication@4c894bd1
----------------- Done invoking toplevel() on ptolemy.moml.MoMLSimpleApplication@4c894bd1
reloadAllAccessors: .sortWithOpaquePorts

===========================================================================================
----------------- testing Wed Mar 25 13:40:36 UTC 2020 /home/travis/build/icyphy/ptII/ptolemy/domains/de/test/auto/transferInputsandOutputs.xml
----------------- Instantiating /home/travis/build/icyphy/ptII/ptolemy/domains/de/test/auto/transferInputsandOutputs.xml
1 ms. Memory: 415744K Free: 282629K (68%)
----------------- Invoking toplevel() on ptolemy.moml.MoMLSimpleApplication@6f62444a
----------------- Done invoking toplevel() on ptolemy.moml.MoMLSimpleApplication@6f62444a
reloadAllAccessors: .transferInputsandOutputs

===========================================================================================
----------------- testing Wed Mar 25 13:40:36 UTC 2020 /home/travis/build/icyphy/ptII/ptolemy/domains/de/test/auto/triggerType.xml
----------------- Instantiating /home/travis/build/icyphy/ptII/ptolemy/domains/de/test/auto/triggerType.xml
1 ms. Memory: 415744K Free: 278503K (67%)
----------------- Invoking toplevel() on ptolemy.moml.MoMLSimpleApplication@36abeb90
----------------- Done invoking toplevel() on ptolemy.moml.MoMLSimpleApplication@36abeb90
reloadAllAccessors: .triggerType
AutoTests.java: About to close Vertx.
AutoTests.java: Vertx closed.
]]></system-out>
  <system-err><![CDATA[java.lang.RuntimeException: Execution failed
	at ptolemy.moml.MoMLSimpleApplication$UnloadThread.run(MoMLSimpleApplication.java:402)
Caused by: ptolemy.kernel.util.IllegalActionException: Found a zero delay loop containing .dependencyLoop.original
  in .dependencyLoop and .dependencyLoop.original
	at ptolemy.actor.util.CausalityInterfaceForComposites._computeOutputPortDepth(CausalityInterfaceForComposites.java:759)
	at ptolemy.actor.util.CausalityInterfaceForComposites._computeInputDepth(CausalityInterfaceForComposites.java:696)
	at ptolemy.actor.util.CausalityInterfaceForComposites._computeOutputPortDepth(CausalityInterfaceForComposites.java:765)
	at ptolemy.actor.util.CausalityInterfaceForComposites._computeInputDepth(CausalityInterfaceForComposites.java:696)
	at ptolemy.actor.util.CausalityInterfaceForComposites._computeOutputPortDepth(CausalityInterfaceForComposites.java:765)
	at ptolemy.actor.util.CausalityInterfaceForComposites._computeInputDepth(CausalityInterfaceForComposites.java:696)
	at ptolemy.actor.util.CausalityInterfaceForComposites._computeActorDepth(CausalityInterfaceForComposites.java:532)
	at ptolemy.actor.util.CausalityInterfaceForComposites.checkForCycles(CausalityInterfaceForComposites.java:96)
	at ptolemy.domains.de.kernel.DEDirector.preinitialize(DEDirector.java:1338)
	at ptolemy.actor.CompositeActor.preinitialize(CompositeActor.java:1828)
	at ptolemy.actor.Manager.preinitializeAndResolveTypes(Manager.java:1040)
	at ptolemy.actor.Manager.initialize(Manager.java:710)
	at ptolemy.actor.Manager.execute(Manager.java:356)
	at ptolemy.actor.Manager.run(Manager.java:1263)
	at ptolemy.actor.Manager$PtolemyRunThread.run(Manager.java:1933)
java.lang.RuntimeException: Execution failed
	at ptolemy.moml.MoMLSimpleApplication$UnloadThread.run(MoMLSimpleApplication.java:402)
Caused by: ptolemy.kernel.util.IllegalActionException: Found a zero delay loop containing .dependencyLoop2.original
  in .dependencyLoop2 and .dependencyLoop2.original
	at ptolemy.actor.util.CausalityInterfaceForComposites._computeOutputPortDepth(CausalityInterfaceForComposites.java:759)
	at ptolemy.actor.util.CausalityInterfaceForComposites._computeInputDepth(CausalityInterfaceForComposites.java:696)
	at ptolemy.actor.util.CausalityInterfaceForComposites._computeOutputPortDepth(CausalityInterfaceForComposites.java:765)
	at ptolemy.actor.util.CausalityInterfaceForComposites._computeInputDepth(CausalityInterfaceForComposites.java:696)
	at ptolemy.actor.util.CausalityInterfaceForComposites._computeOutputPortDepth(CausalityInterfaceForComposites.java:765)
	at ptolemy.actor.util.CausalityInterfaceForComposites._computeInputDepth(CausalityInterfaceForComposites.java:696)
	at ptolemy.actor.util.CausalityInterfaceForComposites._computeActorDepth(CausalityInterfaceForComposites.java:532)
	at ptolemy.actor.util.CausalityInterfaceForComposites.checkForCycles(CausalityInterfaceForComposites.java:96)
	at ptolemy.domains.de.kernel.DEDirector.preinitialize(DEDirector.java:1338)
	at ptolemy.actor.CompositeActor.preinitialize(CompositeActor.java:1828)
	at ptolemy.actor.Manager.preinitializeAndResolveTypes(Manager.java:1040)
	at ptolemy.actor.Manager.initialize(Manager.java:710)
	at ptolemy.actor.Manager.execute(Manager.java:356)
	at ptolemy.actor.Manager.run(Manager.java:1263)
	at ptolemy.actor.Manager$PtolemyRunThread.run(Manager.java:1933)
java.lang.RuntimeException: Execution failed
	at ptolemy.moml.MoMLSimpleApplication$UnloadThread.run(MoMLSimpleApplication.java:402)
Caused by: ptolemy.kernel.util.IllegalActionException: Test fails in iteration 1.
Value was: 1.0. Should have been: 2.0
  in .DirectFeedback.Test
	at ptolemy.actor.lib.Test.fire(Test.java:268)
	at ptolemy.domains.de.kernel.DEDirector._fire(DEDirector.java:1949)
	at ptolemy.domains.de.kernel.DEDirector.fire(DEDirector.java:502)
	at ptolemy.actor.CompositeActor.fire(CompositeActor.java:455)
	at ptolemy.actor.Manager.iterate(Manager.java:851)
	at ptolemy.actor.Manager.execute(Manager.java:369)
	at ptolemy.actor.Manager.run(Manager.java:1263)
	at ptolemy.actor.Manager$PtolemyRunThread.run(Manager.java:1933)
java.lang.RuntimeException: Execution failed
	at ptolemy.moml.MoMLSimpleApplication$UnloadThread.run(MoMLSimpleApplication.java:402)
Caused by: ptolemy.kernel.util.IllegalActionException: Found a zero delay loop containing .dependencyLoop.original
  in .dependencyLoop and .dependencyLoop.original
	at ptolemy.actor.util.CausalityInterfaceForComposites._computeOutputPortDepth(CausalityInterfaceForComposites.java:759)
	at ptolemy.actor.util.CausalityInterfaceForComposites._computeInputDepth(CausalityInterfaceForComposites.java:696)
	at ptolemy.actor.util.CausalityInterfaceForComposites._computeOutputPortDepth(CausalityInterfaceForComposites.java:765)
	at ptolemy.actor.util.CausalityInterfaceForComposites._computeInputDepth(CausalityInterfaceForComposites.java:696)
	at ptolemy.actor.util.CausalityInterfaceForComposites._computeOutputPortDepth(CausalityInterfaceForComposites.java:765)
	at ptolemy.actor.util.CausalityInterfaceForComposites._computeInputDepth(CausalityInterfaceForComposites.java:696)
	at ptolemy.actor.util.CausalityInterfaceForComposites._computeActorDepth(CausalityInterfaceForComposites.java:532)
	at ptolemy.actor.util.CausalityInterfaceForComposites.checkForCycles(CausalityInterfaceForComposites.java:96)
	at ptolemy.domains.de.kernel.DEDirector.preinitialize(DEDirector.java:1338)
	at ptolemy.actor.CompositeActor.preinitialize(CompositeActor.java:1828)
	at ptolemy.actor.Manager.preinitializeAndResolveTypes(Manager.java:1040)
	at ptolemy.actor.Manager.initialize(Manager.java:710)
	at ptolemy.actor.Manager.execute(Manager.java:356)
	at ptolemy.actor.Manager.run(Manager.java:1263)
	at ptolemy.actor.Manager$PtolemyRunThread.run(Manager.java:1933)
java.lang.RuntimeException: Execution failed
	at ptolemy.moml.MoMLSimpleApplication$UnloadThread.run(MoMLSimpleApplication.java:402)
Caused by: ptolemy.kernel.util.IllegalActionException: Found a zero delay loop containing .HierarchicalModel.A
  in .HierarchicalModel and .HierarchicalModel.A
	at ptolemy.actor.util.CausalityInterfaceForComposites._computeOutputPortDepth(CausalityInterfaceForComposites.java:759)
	at ptolemy.actor.util.CausalityInterfaceForComposites._computeInputDepth(CausalityInterfaceForComposites.java:696)
	at ptolemy.actor.util.CausalityInterfaceForComposites._computeOutputPortDepth(CausalityInterfaceForComposites.java:765)
	at ptolemy.actor.util.CausalityInterfaceForComposites._computeInputDepth(CausalityInterfaceForComposites.java:696)
	at ptolemy.actor.util.CausalityInterfaceForComposites._computeOutputPortDepth(CausalityInterfaceForComposites.java:765)
	at ptolemy.actor.util.CausalityInterfaceForComposites._computeInputDepth(CausalityInterfaceForComposites.java:696)
	at ptolemy.actor.util.CausalityInterfaceForComposites._computeActorDepth(CausalityInterfaceForComposites.java:532)
	at ptolemy.actor.util.CausalityInterfaceForComposites.checkForCycles(CausalityInterfaceForComposites.java:96)
	at ptolemy.domains.de.kernel.DEDirector.preinitialize(DEDirector.java:1338)
	at ptolemy.actor.CompositeActor.preinitialize(CompositeActor.java:1828)
	at ptolemy.actor.Manager.preinitializeAndResolveTypes(Manager.java:1040)
	at ptolemy.actor.Manager.initialize(Manager.java:710)
	at ptolemy.actor.Manager.execute(Manager.java:356)
	at ptolemy.actor.Manager.run(Manager.java:1263)
	at ptolemy.actor.Manager$PtolemyRunThread.run(Manager.java:1933)
java.lang.RuntimeException: Execution failed
	at ptolemy.moml.MoMLSimpleApplication$UnloadThread.run(MoMLSimpleApplication.java:402)
Caused by: ptolemy.kernel.util.IllegalActionException: Found a zero delay loop containing .dependencyLoop2.original
  in .dependencyLoop2 and .dependencyLoop2.original
	at ptolemy.actor.util.CausalityInterfaceForComposites._computeOutputPortDepth(CausalityInterfaceForComposites.java:759)
	at ptolemy.actor.util.CausalityInterfaceForComposites._computeInputDepth(CausalityInterfaceForComposites.java:696)
	at ptolemy.actor.util.CausalityInterfaceForComposites._computeOutputPortDepth(CausalityInterfaceForComposites.java:765)
	at ptolemy.actor.util.CausalityInterfaceForComposites._computeInputDepth(CausalityInterfaceForComposites.java:696)
	at ptolemy.actor.util.CausalityInterfaceForComposites._computeOutputPortDepth(CausalityInterfaceForComposites.java:765)
	at ptolemy.actor.util.CausalityInterfaceForComposites._computeInputDepth(CausalityInterfaceForComposites.java:696)
	at ptolemy.actor.util.CausalityInterfaceForComposites._computeActorDepth(CausalityInterfaceForComposites.java:532)
	at ptolemy.actor.util.CausalityInterfaceForComposites.checkForCycles(CausalityInterfaceForComposites.java:96)
	at ptolemy.domains.de.kernel.DEDirector.preinitialize(DEDirector.java:1338)
	at ptolemy.actor.CompositeActor.preinitialize(CompositeActor.java:1828)
	at ptolemy.actor.Manager.preinitializeAndResolveTypes(Manager.java:1040)
	at ptolemy.actor.Manager.initialize(Manager.java:710)
	at ptolemy.actor.Manager.execute(Manager.java:356)
	at ptolemy.actor.Manager.run(Manager.java:1263)
	at ptolemy.actor.Manager$PtolemyRunThread.run(Manager.java:1933)
java.lang.RuntimeException: Execution failed
	at ptolemy.moml.MoMLSimpleApplication$UnloadThread.run(MoMLSimpleApplication.java:402)
Caused by: ptolemy.kernel.util.IllegalActionException: Actor is not ready to fire.  Perhaps UpSample.prefire() returned false? Try debugging the actor by selecting "Listen to Actor".  Also, for SDF check moml for tokenConsumptionRate on input.
  in .DESDFClockTest.Play Bell.Copy1:SDF Director and .DESDFClockTest.Play Bell.UpSample
	at ptolemy.actor.sched.StaticSchedulingDirector.fire(StaticSchedulingDirector.java:227)
	at ptolemy.domains.sdf.kernel.SDFDirector.fire(SDFDirector.java:500)
	at ptolemy.actor.CompositeActor.fire(CompositeActor.java:455)
	at ptolemy.domains.de.kernel.DEDirector._fire(DEDirector.java:1949)
	at ptolemy.domains.de.kernel.DEDirector.fire(DEDirector.java:502)
	at ptolemy.actor.CompositeActor.fire(CompositeActor.java:455)
	at ptolemy.actor.Manager.iterate(Manager.java:851)
	at ptolemy.actor.Manager.execute(Manager.java:369)
	at ptolemy.actor.Manager.run(Manager.java:1263)
	at ptolemy.actor.Manager$PtolemyRunThread.run(Manager.java:1933)
java.lang.RuntimeException: Execution failed
	at ptolemy.moml.MoMLSimpleApplication$UnloadThread.run(MoMLSimpleApplication.java:402)
Caused by: ptolemy.kernel.util.IllegalActionException: Actor is not ready to fire.  Perhaps UpSample.prefire() returned false? Try debugging the actor by selecting "Listen to Actor".  Also, for SDF check moml for tokenConsumptionRate on input.
  in .DESDFClockTest.Play Bell.Copy1:SDF Director and .DESDFClockTest.Play Bell.UpSample
	at ptolemy.actor.sched.StaticSchedulingDirector.fire(StaticSchedulingDirector.java:227)
	at ptolemy.domains.sdf.kernel.SDFDirector.fire(SDFDirector.java:500)
	at ptolemy.actor.CompositeActor.fire(CompositeActor.java:455)
	at ptolemy.domains.de.kernel.DEDirector._fire(DEDirector.java:1949)
	at ptolemy.domains.de.kernel.DEDirector.fire(DEDirector.java:502)
	at ptolemy.actor.CompositeActor.fire(CompositeActor.java:455)
	at ptolemy.actor.Manager.iterate(Manager.java:851)
	at ptolemy.actor.Manager.execute(Manager.java:369)
	at ptolemy.actor.Manager.run(Manager.java:1263)
	at ptolemy.actor.Manager$PtolemyRunThread.run(Manager.java:1933)
java.lang.reflect.InvocationTargetException
	at java.base/jdk.internal.reflect.NativeConstructorAccessorImpl.newInstance0(Native Method)
	at java.base/jdk.internal.reflect.NativeConstructorAccessorImpl.newInstance(NativeConstructorAccessorImpl.java:62)
	at java.base/jdk.internal.reflect.DelegatingConstructorAccessorImpl.newInstance(DelegatingConstructorAccessorImpl.java:45)
	at java.base/java.lang.reflect.Constructor.newInstance(Constructor.java:490)
	at ptolemy.util.test.junit.AutoKnownFailedTests.RunModel(AutoKnownFailedTests.java:105)
	at java.base/jdk.internal.reflect.NativeMethodAccessorImpl.invoke0(Native Method)
	at java.base/jdk.internal.reflect.NativeMethodAccessorImpl.invoke(NativeMethodAccessorImpl.java:62)
	at java.base/jdk.internal.reflect.DelegatingMethodAccessorImpl.invoke(DelegatingMethodAccessorImpl.java:43)
	at java.base/java.lang.reflect.Method.invoke(Method.java:566)
	at org.junit.runners.model.FrameworkMethod$1.runReflectiveCall(FrameworkMethod.java:44)
	at org.junit.internal.runners.model.ReflectiveCallable.run(ReflectiveCallable.java:15)
	at org.junit.runners.model.FrameworkMethod.invokeExplosively(FrameworkMethod.java:41)
	at junitparams.internal.InvokeParameterisedMethod.evaluate(InvokeParameterisedMethod.java:102)
	at org.junit.internal.runners.statements.FailOnTimeout$1.run(FailOnTimeout.java:28)
Caused by: ptolemy.kernel.util.IllegalActionException: Actor is not ready to fire.  Perhaps UpSample.prefire() returned false? Try debugging the actor by selecting "Listen to Actor".  Also, for SDF check moml for tokenConsumptionRate on input.
  in .DESDFClockTest.Play Bell.Copy1:SDF Director and .DESDFClockTest.Play Bell.UpSample
	at ptolemy.actor.sched.StaticSchedulingDirector.fire(StaticSchedulingDirector.java:227)
	at ptolemy.domains.sdf.kernel.SDFDirector.fire(SDFDirector.java:500)
	at ptolemy.actor.CompositeActor.fire(CompositeActor.java:455)
	at ptolemy.domains.de.kernel.DEDirector._fire(DEDirector.java:1949)
	at ptolemy.domains.de.kernel.DEDirector.fire(DEDirector.java:502)
	at ptolemy.actor.CompositeActor.fire(CompositeActor.java:455)
	at ptolemy.actor.Manager.iterate(Manager.java:851)
	at ptolemy.actor.Manager.execute(Manager.java:369)
	at ptolemy.actor.Manager.run(Manager.java:1263)
	at ptolemy.actor.Manager$PtolemyRunThread.run(Manager.java:1933)
java.lang.RuntimeException: Execution failed
	at ptolemy.moml.MoMLSimpleApplication$UnloadThread.run(MoMLSimpleApplication.java:402)
Caused by: ptolemy.kernel.util.IllegalActionException: Test fails in iteration 1.
Value was: 1.0. Should have been: 2.0
  in .DirectFeedback.Test
	at ptolemy.actor.lib.Test.fire(Test.java:268)
	at ptolemy.domains.de.kernel.DEDirector._fire(DEDirector.java:1949)
	at ptolemy.domains.de.kernel.DEDirector.fire(DEDirector.java:502)
	at ptolemy.actor.CompositeActor.fire(CompositeActor.java:455)
	at ptolemy.actor.Manager.iterate(Manager.java:851)
	at ptolemy.actor.Manager.execute(Manager.java:369)
	at ptolemy.actor.Manager.run(Manager.java:1263)
	at ptolemy.actor.Manager$PtolemyRunThread.run(Manager.java:1933)
java.lang.reflect.InvocationTargetException
	at java.base/jdk.internal.reflect.NativeConstructorAccessorImpl.newInstance0(Native Method)
	at java.base/jdk.internal.reflect.NativeConstructorAccessorImpl.newInstance(NativeConstructorAccessorImpl.java:62)
	at java.base/jdk.internal.reflect.DelegatingConstructorAccessorImpl.newInstance(DelegatingConstructorAccessorImpl.java:45)
	at java.base/java.lang.reflect.Constructor.newInstance(Constructor.java:490)
	at ptolemy.util.test.junit.AutoKnownFailedTests.RunModel(AutoKnownFailedTests.java:105)
	at java.base/jdk.internal.reflect.NativeMethodAccessorImpl.invoke0(Native Method)
	at java.base/jdk.internal.reflect.NativeMethodAccessorImpl.invoke(NativeMethodAccessorImpl.java:62)
	at java.base/jdk.internal.reflect.DelegatingMethodAccessorImpl.invoke(DelegatingMethodAccessorImpl.java:43)
	at java.base/java.lang.reflect.Method.invoke(Method.java:566)
	at org.junit.runners.model.FrameworkMethod$1.runReflectiveCall(FrameworkMethod.java:44)
	at org.junit.internal.runners.model.ReflectiveCallable.run(ReflectiveCallable.java:15)
	at org.junit.runners.model.FrameworkMethod.invokeExplosively(FrameworkMethod.java:41)
	at junitparams.internal.InvokeParameterisedMethod.evaluate(InvokeParameterisedMethod.java:102)
	at org.junit.internal.runners.statements.FailOnTimeout$1.run(FailOnTimeout.java:28)
Caused by: ptolemy.kernel.util.IllegalActionException: Test fails in iteration 1.
Value was: 1.0. Should have been: 2.0
  in .DirectFeedback.Test
	at ptolemy.actor.lib.Test.fire(Test.java:268)
	at ptolemy.domains.de.kernel.DEDirector._fire(DEDirector.java:1949)
	at ptolemy.domains.de.kernel.DEDirector.fire(DEDirector.java:502)
	at ptolemy.actor.CompositeActor.fire(CompositeActor.java:455)
	at ptolemy.actor.Manager.iterate(Manager.java:851)
	at ptolemy.actor.Manager.execute(Manager.java:369)
	at ptolemy.actor.Manager.run(Manager.java:1263)
	at ptolemy.actor.Manager$PtolemyRunThread.run(Manager.java:1933)
java.lang.RuntimeException: Execution failed
	at ptolemy.moml.MoMLSimpleApplication$UnloadThread.run(MoMLSimpleApplication.java:402)
Caused by: ptolemy.kernel.util.IllegalActionException: Found a zero delay loop containing .HierarchicalModel.A
  in .HierarchicalModel and .HierarchicalModel.A
	at ptolemy.actor.util.CausalityInterfaceForComposites._computeOutputPortDepth(CausalityInterfaceForComposites.java:759)
	at ptolemy.actor.util.CausalityInterfaceForComposites._computeInputDepth(CausalityInterfaceForComposites.java:696)
	at ptolemy.actor.util.CausalityInterfaceForComposites._computeOutputPortDepth(CausalityInterfaceForComposites.java:765)
	at ptolemy.actor.util.CausalityInterfaceForComposites._computeInputDepth(CausalityInterfaceForComposites.java:696)
	at ptolemy.actor.util.CausalityInterfaceForComposites._computeOutputPortDepth(CausalityInterfaceForComposites.java:765)
	at ptolemy.actor.util.CausalityInterfaceForComposites._computeInputDepth(CausalityInterfaceForComposites.java:696)
	at ptolemy.actor.util.CausalityInterfaceForComposites._computeActorDepth(CausalityInterfaceForComposites.java:532)
	at ptolemy.actor.util.CausalityInterfaceForComposites.checkForCycles(CausalityInterfaceForComposites.java:96)
	at ptolemy.domains.de.kernel.DEDirector.preinitialize(DEDirector.java:1338)
	at ptolemy.actor.CompositeActor.preinitialize(CompositeActor.java:1828)
	at ptolemy.actor.Manager.preinitializeAndResolveTypes(Manager.java:1040)
	at ptolemy.actor.Manager.initialize(Manager.java:710)
	at ptolemy.actor.Manager.execute(Manager.java:356)
	at ptolemy.actor.Manager.run(Manager.java:1263)
	at ptolemy.actor.Manager$PtolemyRunThread.run(Manager.java:1933)
java.lang.reflect.InvocationTargetException
	at java.base/jdk.internal.reflect.NativeConstructorAccessorImpl.newInstance0(Native Method)
	at java.base/jdk.internal.reflect.NativeConstructorAccessorImpl.newInstance(NativeConstructorAccessorImpl.java:62)
	at java.base/jdk.internal.reflect.DelegatingConstructorAccessorImpl.newInstance(DelegatingConstructorAccessorImpl.java:45)
	at java.base/java.lang.reflect.Constructor.newInstance(Constructor.java:490)
	at ptolemy.util.test.junit.AutoKnownFailedTests.RunModel(AutoKnownFailedTests.java:105)
	at java.base/jdk.internal.reflect.NativeMethodAccessorImpl.invoke0(Native Method)
	at java.base/jdk.internal.reflect.NativeMethodAccessorImpl.invoke(NativeMethodAccessorImpl.java:62)
	at java.base/jdk.internal.reflect.DelegatingMethodAccessorImpl.invoke(DelegatingMethodAccessorImpl.java:43)
	at java.base/java.lang.reflect.Method.invoke(Method.java:566)
	at org.junit.runners.model.FrameworkMethod$1.runReflectiveCall(FrameworkMethod.java:44)
	at org.junit.internal.runners.model.ReflectiveCallable.run(ReflectiveCallable.java:15)
	at org.junit.runners.model.FrameworkMethod.invokeExplosively(FrameworkMethod.java:41)
	at junitparams.internal.InvokeParameterisedMethod.evaluate(InvokeParameterisedMethod.java:102)
	at org.junit.internal.runners.statements.FailOnTimeout$1.run(FailOnTimeout.java:28)
Caused by: ptolemy.kernel.util.IllegalActionException: Found a zero delay loop containing .HierarchicalModel.A
  in .HierarchicalModel and .HierarchicalModel.A
	at ptolemy.actor.util.CausalityInterfaceForComposites._computeOutputPortDepth(CausalityInterfaceForComposites.java:759)
	at ptolemy.actor.util.CausalityInterfaceForComposites._computeInputDepth(CausalityInterfaceForComposites.java:696)
	at ptolemy.actor.util.CausalityInterfaceForComposites._computeOutputPortDepth(CausalityInterfaceForComposites.java:765)
	at ptolemy.actor.util.CausalityInterfaceForComposites._computeInputDepth(CausalityInterfaceForComposites.java:696)
	at ptolemy.actor.util.CausalityInterfaceForComposites._computeOutputPortDepth(CausalityInterfaceForComposites.java:765)
	at ptolemy.actor.util.CausalityInterfaceForComposites._computeInputDepth(CausalityInterfaceForComposites.java:696)
	at ptolemy.actor.util.CausalityInterfaceForComposites._computeActorDepth(CausalityInterfaceForComposites.java:532)
	at ptolemy.actor.util.CausalityInterfaceForComposites.checkForCycles(CausalityInterfaceForComposites.java:96)
	at ptolemy.domains.de.kernel.DEDirector.preinitialize(DEDirector.java:1338)
	at ptolemy.actor.CompositeActor.preinitialize(CompositeActor.java:1828)
	at ptolemy.actor.Manager.preinitializeAndResolveTypes(Manager.java:1040)
	at ptolemy.actor.Manager.initialize(Manager.java:710)
	at ptolemy.actor.Manager.execute(Manager.java:356)
	at ptolemy.actor.Manager.run(Manager.java:1263)
	at ptolemy.actor.Manager$PtolemyRunThread.run(Manager.java:1933)
java.lang.RuntimeException: Execution failed
	at ptolemy.moml.MoMLSimpleApplication$UnloadThread.run(MoMLSimpleApplication.java:402)
Caused by: ptolemy.kernel.util.IllegalActionException: Found a zero delay loop containing .dependencyLoop.original
  in .dependencyLoop and .dependencyLoop.original
	at ptolemy.actor.util.CausalityInterfaceForComposites._computeOutputPortDepth(CausalityInterfaceForComposites.java:759)
	at ptolemy.actor.util.CausalityInterfaceForComposites._computeInputDepth(CausalityInterfaceForComposites.java:696)
	at ptolemy.actor.util.CausalityInterfaceForComposites._computeOutputPortDepth(CausalityInterfaceForComposites.java:765)
	at ptolemy.actor.util.CausalityInterfaceForComposites._computeInputDepth(CausalityInterfaceForComposites.java:696)
	at ptolemy.actor.util.CausalityInterfaceForComposites._computeOutputPortDepth(CausalityInterfaceForComposites.java:765)
	at ptolemy.actor.util.CausalityInterfaceForComposites._computeInputDepth(CausalityInterfaceForComposites.java:696)
	at ptolemy.actor.util.CausalityInterfaceForComposites._computeActorDepth(CausalityInterfaceForComposites.java:532)
	at ptolemy.actor.util.CausalityInterfaceForComposites.checkForCycles(CausalityInterfaceForComposites.java:96)
	at ptolemy.domains.de.kernel.DEDirector.preinitialize(DEDirector.java:1338)
	at ptolemy.actor.CompositeActor.preinitialize(CompositeActor.java:1828)
	at ptolemy.actor.Manager.preinitializeAndResolveTypes(Manager.java:1040)
	at ptolemy.actor.Manager.initialize(Manager.java:710)
	at ptolemy.actor.Manager.execute(Manager.java:356)
	at ptolemy.actor.Manager.run(Manager.java:1263)
	at ptolemy.actor.Manager$PtolemyRunThread.run(Manager.java:1933)
java.lang.reflect.InvocationTargetException
	at java.base/jdk.internal.reflect.NativeConstructorAccessorImpl.newInstance0(Native Method)
	at java.base/jdk.internal.reflect.NativeConstructorAccessorImpl.newInstance(NativeConstructorAccessorImpl.java:62)
	at java.base/jdk.internal.reflect.DelegatingConstructorAccessorImpl.newInstance(DelegatingConstructorAccessorImpl.java:45)
	at java.base/java.lang.reflect.Constructor.newInstance(Constructor.java:490)
	at ptolemy.util.test.junit.AutoKnownFailedTests.RunModel(AutoKnownFailedTests.java:105)
	at java.base/jdk.internal.reflect.NativeMethodAccessorImpl.invoke0(Native Method)
	at java.base/jdk.internal.reflect.NativeMethodAccessorImpl.invoke(NativeMethodAccessorImpl.java:62)
	at java.base/jdk.internal.reflect.DelegatingMethodAccessorImpl.invoke(DelegatingMethodAccessorImpl.java:43)
	at java.base/java.lang.reflect.Method.invoke(Method.java:566)
	at org.junit.runners.model.FrameworkMethod$1.runReflectiveCall(FrameworkMethod.java:44)
	at org.junit.internal.runners.model.ReflectiveCallable.run(ReflectiveCallable.java:15)
	at org.junit.runners.model.FrameworkMethod.invokeExplosively(FrameworkMethod.java:41)
	at junitparams.internal.InvokeParameterisedMethod.evaluate(InvokeParameterisedMethod.java:102)
	at org.junit.internal.runners.statements.FailOnTimeout$1.run(FailOnTimeout.java:28)
Caused by: ptolemy.kernel.util.IllegalActionException: Found a zero delay loop containing .dependencyLoop.original
  in .dependencyLoop and .dependencyLoop.original
	at ptolemy.actor.util.CausalityInterfaceForComposites._computeOutputPortDepth(CausalityInterfaceForComposites.java:759)
	at ptolemy.actor.util.CausalityInterfaceForComposites._computeInputDepth(CausalityInterfaceForComposites.java:696)
	at ptolemy.actor.util.CausalityInterfaceForComposites._computeOutputPortDepth(CausalityInterfaceForComposites.java:765)
	at ptolemy.actor.util.CausalityInterfaceForComposites._computeInputDepth(CausalityInterfaceForComposites.java:696)
	at ptolemy.actor.util.CausalityInterfaceForComposites._computeOutputPortDepth(CausalityInterfaceForComposites.java:765)
	at ptolemy.actor.util.CausalityInterfaceForComposites._computeInputDepth(CausalityInterfaceForComposites.java:696)
	at ptolemy.actor.util.CausalityInterfaceForComposites._computeActorDepth(CausalityInterfaceForComposites.java:532)
	at ptolemy.actor.util.CausalityInterfaceForComposites.checkForCycles(CausalityInterfaceForComposites.java:96)
	at ptolemy.domains.de.kernel.DEDirector.preinitialize(DEDirector.java:1338)
	at ptolemy.actor.CompositeActor.preinitialize(CompositeActor.java:1828)
	at ptolemy.actor.Manager.preinitializeAndResolveTypes(Manager.java:1040)
	at ptolemy.actor.Manager.initialize(Manager.java:710)
	at ptolemy.actor.Manager.execute(Manager.java:356)
	at ptolemy.actor.Manager.run(Manager.java:1263)
	at ptolemy.actor.Manager$PtolemyRunThread.run(Manager.java:1933)
java.lang.RuntimeException: Execution failed
	at ptolemy.moml.MoMLSimpleApplication$UnloadThread.run(MoMLSimpleApplication.java:402)
Caused by: ptolemy.kernel.util.IllegalActionException: Found a zero delay loop containing .dependencyLoop2.original
  in .dependencyLoop2 and .dependencyLoop2.original
	at ptolemy.actor.util.CausalityInterfaceForComposites._computeOutputPortDepth(CausalityInterfaceForComposites.java:759)
	at ptolemy.actor.util.CausalityInterfaceForComposites._computeInputDepth(CausalityInterfaceForComposites.java:696)
	at ptolemy.actor.util.CausalityInterfaceForComposites._computeOutputPortDepth(CausalityInterfaceForComposites.java:765)
	at ptolemy.actor.util.CausalityInterfaceForComposites._computeInputDepth(CausalityInterfaceForComposites.java:696)
	at ptolemy.actor.util.CausalityInterfaceForComposites._computeOutputPortDepth(CausalityInterfaceForComposites.java:765)
	at ptolemy.actor.util.CausalityInterfaceForComposites._computeInputDepth(CausalityInterfaceForComposites.java:696)
	at ptolemy.actor.util.CausalityInterfaceForComposites._computeActorDepth(CausalityInterfaceForComposites.java:532)
	at ptolemy.actor.util.CausalityInterfaceForComposites.checkForCycles(CausalityInterfaceForComposites.java:96)
	at ptolemy.domains.de.kernel.DEDirector.preinitialize(DEDirector.java:1338)
	at ptolemy.actor.CompositeActor.preinitialize(CompositeActor.java:1828)
	at ptolemy.actor.Manager.preinitializeAndResolveTypes(Manager.java:1040)
	at ptolemy.actor.Manager.initialize(Manager.java:710)
	at ptolemy.actor.Manager.execute(Manager.java:356)
	at ptolemy.actor.Manager.run(Manager.java:1263)
	at ptolemy.actor.Manager$PtolemyRunThread.run(Manager.java:1933)
java.lang.reflect.InvocationTargetException
	at java.base/jdk.internal.reflect.NativeConstructorAccessorImpl.newInstance0(Native Method)
	at java.base/jdk.internal.reflect.NativeConstructorAccessorImpl.newInstance(NativeConstructorAccessorImpl.java:62)
	at java.base/jdk.internal.reflect.DelegatingConstructorAccessorImpl.newInstance(DelegatingConstructorAccessorImpl.java:45)
	at java.base/java.lang.reflect.Constructor.newInstance(Constructor.java:490)
	at ptolemy.util.test.junit.AutoKnownFailedTests.RunModel(AutoKnownFailedTests.java:105)
	at java.base/jdk.internal.reflect.NativeMethodAccessorImpl.invoke0(Native Method)
	at java.base/jdk.internal.reflect.NativeMethodAccessorImpl.invoke(NativeMethodAccessorImpl.java:62)
	at java.base/jdk.internal.reflect.DelegatingMethodAccessorImpl.invoke(DelegatingMethodAccessorImpl.java:43)
	at java.base/java.lang.reflect.Method.invoke(Method.java:566)
	at org.junit.runners.model.FrameworkMethod$1.runReflectiveCall(FrameworkMethod.java:44)
	at org.junit.internal.runners.model.ReflectiveCallable.run(ReflectiveCallable.java:15)
	at org.junit.runners.model.FrameworkMethod.invokeExplosively(FrameworkMethod.java:41)
	at junitparams.internal.InvokeParameterisedMethod.evaluate(InvokeParameterisedMethod.java:102)
	at org.junit.internal.runners.statements.FailOnTimeout$1.run(FailOnTimeout.java:28)
Caused by: ptolemy.kernel.util.IllegalActionException: Found a zero delay loop containing .dependencyLoop2.original
  in .dependencyLoop2 and .dependencyLoop2.original
	at ptolemy.actor.util.CausalityInterfaceForComposites._computeOutputPortDepth(CausalityInterfaceForComposites.java:759)
	at ptolemy.actor.util.CausalityInterfaceForComposites._computeInputDepth(CausalityInterfaceForComposites.java:696)
	at ptolemy.actor.util.CausalityInterfaceForComposites._computeOutputPortDepth(CausalityInterfaceForComposites.java:765)
	at ptolemy.actor.util.CausalityInterfaceForComposites._computeInputDepth(CausalityInterfaceForComposites.java:696)
	at ptolemy.actor.util.CausalityInterfaceForComposites._computeOutputPortDepth(CausalityInterfaceForComposites.java:765)
	at ptolemy.actor.util.CausalityInterfaceForComposites._computeInputDepth(CausalityInterfaceForComposites.java:696)
	at ptolemy.actor.util.CausalityInterfaceForComposites._computeActorDepth(CausalityInterfaceForComposites.java:532)
	at ptolemy.actor.util.CausalityInterfaceForComposites.checkForCycles(CausalityInterfaceForComposites.java:96)
	at ptolemy.domains.de.kernel.DEDirector.preinitialize(DEDirector.java:1338)
	at ptolemy.actor.CompositeActor.preinitialize(CompositeActor.java:1828)
	at ptolemy.actor.Manager.preinitializeAndResolveTypes(Manager.java:1040)
	at ptolemy.actor.Manager.initialize(Manager.java:710)
	at ptolemy.actor.Manager.execute(Manager.java:356)
	at ptolemy.actor.Manager.run(Manager.java:1263)
	at ptolemy.actor.Manager$PtolemyRunThread.run(Manager.java:1933)
]]></system-err>
</testsuite>
