<?xml version="1.0" encoding="UTF-8" ?>
<testsuite errors="0" failures="0" hostname="travis-job-c3a7089a-79e8-4dd7-bc45-02403a944cec" name="ptolemy.domains.de.test.junit.JUnitTclTest" skipped="0" tests="101" time="131.324" timestamp="2019-03-28T06:39:43">
  <properties>
    <property name="npm.executable" value="npm" />
    <property name="file.encoding.pkg" value="sun.io" />
    <property name="env.TRAVIS_ROOT" value="/" />
    <property name="ptII.mk.exists" value="true" />
    <property name="env.TRAVIS_APP_HOST" value="build.travis-ci.org" />
    <property name="env.rvm_bin_path" value="/home/travis/.rvm/bin" />
    <property name="java.home" value="/usr/lib/jvm/java-8-oracle/jre" />
    <property name="env.TRAVIS_JOB_NUMBER" value="1064.9" />
    <property name="env.TRAVIS_HOME" value="/home/travis" />
    <property name="env.DISPLAY" value=":99.0" />
    <property name="java.net.preferIPv4Stack" value="true" />
    <property name="env.TRAVIS_INIT" value="upstart" />
    <property name="env.SSH_TTY" value="/dev/pts/0" />
    <property name="env.RUN_TESTS" value="true" />
    <property name="timeout.short" value="1000000" />
    <property name="env.TRAVIS_JOB_NAME" value="" />
    <property name="env.TRAVIS_STACK_NODE_ATTRIBUTES" value="/.node-attributes.yml" />
    <property name="junit.formatter" value="xml" />
    <property name="java.endorsed.dirs" value="/usr/lib/jvm/java-8-oracle/jre/lib/endorsed" />
    <property name="env.TRAVIS_SUDO" value="true" />
    <property name="env.LOGNAME" value="travis" />
    <property name="jsdoc.home" value="node_modules/@terraswarm/jsdoc" />
    <property name="debuglevel" value="source,lines,vars" />
    <property name="checkstyle.formatter" value="xml" />
    <property name="bin.vergil.makeable" value="true" />
    <property name="env._system_version" value="14.04" />
    <property name="sun.os.patch.level" value="unknown" />
    <property name="java.vendor.url" value="http://java.oracle.com/" />
    <property name="env.TRAVIS_BUILD_WEB_URL" value="https://travis-ci.org/icyphy/ptII/builds/512330169" />
    <property name="java.version" value="1.8.0_151" />
    <property name="env.TZ" value="UTC" />
    <property name="env.PT_NO_NET" value="true" />
    <property name="env.TRAVIS_PULL_REQUEST_SHA" value="" />
    <property name="env.TRAVIS_SECURE_ENV_VARS" value="true" />
    <property name="env._system_type" value="Linux" />
    <property name="java.vendor.url.bug" value="http://bugreport.sun.com/bugreport/" />
    <property name="env.SSH_CLIENT" value="10.10.19.217 50788 22" />
    <property name="npmjs-org-is-up" value="true" />
    <property name="env.GEM_HOME" value="/home/travis/.rvm/gems/ruby-2.4.1" />
    <property name="env.HAS_ANTARES_THREE_LITTLE_FRONZIES_BADGE" value="true" />
    <property name="env.PS4" value="+" />
    <property name="ant.project.invoked-targets" value="build,test.core2.xml" />
    <property name="env.TRAVIS_PULL_REQUEST_BRANCH" value="" />
    <property name="env.TRAVIS_REPO_SLUG" value="icyphy/ptII" />
    <property name="env.TRAVIS_APT_PROXY" value="http://build-cache.travisci.net" />
    <property name="node.in.path" value="true" />
    <property name="java.maxmemory" value="1400m" />
    <property name="env.RUBY_VERSION" value="ruby-2.4.1" />
    <property name="user.name" value="travis" />
    <property name="env.LANG" value="en_US.UTF-8" />
    <property name="sun.io.unicode.encoding" value="UnicodeLittle" />
    <property name="sun.jnu.encoding" value="UTF-8" />
    <property name="java.runtime.name" value="Java(TM) SE Runtime Environment" />
    <property name="usefile" value="false" />
    <property name="return.code" value="0" />
    <property name="junit.single.formatter" value="plain" />
    <property name="env.DYLD_LIBRARY_PATH" value="/home/travis/pthla/certi-tools/lib:" />
    <property name="env.DEBIAN_FRONTEND" value="noninteractive" />
    <property name="env.SSH_CONNECTION" value="10.10.19.217 50788 10.20.2.196 22" />
    <property name="env.MYSQL_UNIX_PORT" value="/var/run/mysqld/mysqld.sock" />
    <property name="env.TRAVIS_ALLOW_FAILURE" value="false" />
    <property name="env.LC_ALL" value="en_US.UTF-8" />
    <property name="env.TRAVIS_JOB_WEB_URL" value="https://travis-ci.org/icyphy/ptII/jobs/512330178" />
    <property name="java.specification.name" value="Java Platform API Specification" />
    <property name="node.works" value="true" />
    <property name="user.timezone" value="" />
    <property name="path.separator" value=":" />
    <property name="env.TRAVIS_ENABLE_INFRA_DETECTION" value="true" />
    <property name="env.PYTHON_CFLAGS" value="-g -fstack-protector --param=ssp-buffer-size=4 -Wformat -Werror=format-security" />
    <property name="timeout.long" value="4000000" />
    <property name="env.CERTI_HOME" value="/home/travis/pthla/certi-tools" />
    <property name="file.encoding" value="UTF-8" />
    <property name="ant.file.ptII" value="/home/travis/build/icyphy/ptII/build.xml" />
    <property name="javadoc.packagenames" value="com.*,diva.*,lbnl.*,org.hlacerti.*,org.json.*,org.ptolemy.*,org.terraswarm.*,ptolemy.*,ptserver.*" />
    <property name="env.TRAVIS_PULL_REQUEST_SLUG" value="" />
    <property name="ant.project.default-target" value="build" />
    <property name="env.GIT_ASKPASS" value="echo" />
    <property name="env.HOME" value="/home/travis" />
    <property name="sun.java.command" value="org.apache.tools.ant.taskdefs.optional.junit.JUnitTestRunner ptolemy.domains.de.test.junit.JUnitTclTest skipNonTests=false filtertrace=true haltOnError=false haltOnFailure=false formatter=org.apache.tools.ant.taskdefs.optional.junit.OutErrSummaryJUnitResultFormatter showoutput=true outputtoformatters=true logfailedtests=true threadid=0 logtestlistenerevents=false formatter=org.apache.tools.ant.taskdefs.optional.junit.XMLJUnitResultFormatter,/home/travis/build/icyphy/ptII/reports/junit/TEST-ptolemy.domains.de.test.junit.JUnitTclTest.xml crashfile=/home/travis/build/icyphy/ptII/junitvmwatcher7728407245186496456.properties propsfile=/home/travis/build/icyphy/ptII/junit1495553262348708911.properties" />
    <property name="env.MANPATH" value="/home/travis/.nvm/versions/node/v7.10.1/share/man:/home/travis/.kiex/elixirs/elixir-1.4.5/man:/home/travis/.rvm/rubies/ruby-2.4.1/share/man:/usr/local/man:/usr/local/cmake-3.9.2/man:/usr/local/clang-5.0.0/share/man:/usr/local/share/man:/usr/share/man:/home/travis/.rvm/man" />
    <property name="env.COMPOSER_NO_INTERACTION" value="1" />
    <property name="env.JDK_SWITCHER_DEFAULT" value="oraclejdk8" />
    <property name="env.TRAVIS_TIMER_ID" value="21e18ea7" />
    <property name="ant.file" value="/home/travis/build/icyphy/ptII/build.xml" />
    <property name="env.TRAVIS_COMMIT_RANGE" value="0782bd3425e6f918a908c7a59e84728ae8507326...957937ed47d2203b072c1ffe922bf40d236472ed" />
    <property name="env._system_name" value="Ubuntu" />
    <property name="timeout" value="2400000" />
    <property name="ptII.classpath.optional.property" value="/home/travis/build/icyphy/ptII/lib/bsh-2.0b4.jar:/home/travis/build/icyphy/ptII/lib/ptCal.jar:/home/travis/build/icyphy/ptII/lib/java_cup.jar:/home/travis/build/icyphy/ptII/lib/saxon8.jar:/home/travis/build/icyphy/ptII/lib/saxon8-dom.jar:/home/travis/build/icyphy/ptII/lib/chic.jar:/home/travis/build/icyphy/ptII/lib/ptcolt.jar:/usr/lib/jvm/java-8-oracle/lib/tools.jar:/home/travis/build/icyphy/ptII/vendors/misc/itext/iText.jar:/home/travis/build/icyphy/ptII/lib/g4ltl.jar:/home/travis/build/icyphy/ptII/lib/StructuralCoder.jar:/home/travis/build/icyphy/ptII/vendors/jai-1_1_2_01/lib/jai_core.jar:/home/travis/build/icyphy/ptII/vendors/jai-1_1_2_01/lib/jai_codec.jar:/home/travis/build/icyphy/ptII/lib/jcerti.jar:/home/travis/build/icyphy/ptII/lib/javax.mail.jar:/home/travis/build/icyphy/ptII/vendors/JMF-2.1.1e/lib/jmf.jar:/home/travis/build/icyphy/ptII/lib/jna-4.0.0-variadic.jar:/home/travis/build/icyphy/ptII/vendors/misc/joystick/Joystick.jar:/home/travis/build/icyphy/ptII/lib/ptjacl.jar:/home/travis/build/icyphy/ptII/lib/jsoup-1.8.2.jar:/home/travis/build/icyphy/ptII/lib/junit-4.8.2.jar:/home/travis/build/icyphy/ptII/lib/JUnitParams-0.4.0.jar:/home/travis/build/icyphy/ptII/ptolemy/actor/lib/excel/jxl.jar:/home/travis/build/icyphy/ptII/lib/jython.jar:/home/travis/build/icyphy/ptII/lib/kieler.jar:/home/travis/build/icyphy/ptII/vendors/opencv/share/OpenCV/java/opencv-341.jar:/home/travis/build/icyphy/ptII/lib/oscP5.jar:/home/travis/build/icyphy/ptII/lib/nrjavaserial-3.11.0.devel.jar:/home/travis/build/icyphy/ptII/vendors/j3d/lib/j3dcore.jar:/home/travis/build/icyphy/ptII/vendors/j3d/lib/j3dutils.jar:/home/travis/build/icyphy/ptII/vendors/j3d/lib/vecmath.jar:/home/travis/build/icyphy/ptII/ptolemy/distributed/jini/jar/jini-core.jar:/home/travis/build/icyphy/ptII/ptolemy/distributed/jini/jar/jini-ext.jar:/home/travis/build/icyphy/ptII/ptolemy/distributed/jini/jar/sun-util.jar:/home/travis/build/icyphy/ptII/lib/protobuf-java-2.4.1.jar:/home/travis/build/icyphy/ptII/lib/org.eclipse.paho.client.mqttv3.jar:/home/travis/build/icyphy/ptII/lib/mapss.jar:/home/travis/build/icyphy/ptII/ptolemy/actor/ptalon/antlr/antlr.jar:/home/travis/build/icyphy/ptII/lib/JRI.jar:/home/travis/build/icyphy/ptII/lib/commons-lang-2.6.jar:/home/travis/build/icyphy/ptII/lib/commons-logging-1.1.1.jar:/home/travis/build/icyphy/ptII/lib/sootclasses.jar:/home/travis/build/icyphy/ptII/ptolemy/actor/lib/database/mysql-connector-java-5.1.6-bin.jar:/home/travis/build/icyphy/ptII/vendors/misc/sphinx4/sphinx4-data-5prealpha.jar:/home/travis/build/icyphy/ptII/vendors/misc/sphinx4/sphinx4-core-5prealpha.jar:/home/travis/build/icyphy/ptII/lib/PDFRenderer.jar:/home/travis/build/icyphy/ptII/lib/svgSalamander.jar:/home/travis/build/icyphy/ptII/lib/rsyntaxtextarea-2.6.0-SNAPSHOT.jar:/home/travis/build/icyphy/ptII/lib/hazelcast-3.8.2.jar:/home/travis/build/icyphy/ptII/lib/jackson-annotations-2.9.0.jar:/home/travis/build/icyphy/ptII/lib/jackson-core-2.9.3.jar:/home/travis/build/icyphy/ptII/lib/jackson-databind-2.9.3.jar:/home/travis/build/icyphy/ptII/lib/netty-buffer-4.1.19.Final.jar:/home/travis/build/icyphy/ptII/lib/netty-codec-4.1.19.Final.jar:/home/travis/build/icyphy/ptII/lib/netty-codec-dns-4.1.19.Final.jar:/home/travis/build/icyphy/ptII/lib/netty-codec-http-4.1.19.Final.jar:/home/travis/build/icyphy/ptII/lib/netty-codec-http2-4.1.19.Final.jar:/home/travis/build/icyphy/ptII/lib/netty-common-4.1.19.Final.jar:/home/travis/build/icyphy/ptII/lib/netty-handler-4.1.19.Final.jar:/home/travis/build/icyphy/ptII/lib/netty-resolver-4.1.19.Final.jar:/home/travis/build/icyphy/ptII/lib/netty-resolver-dns-4.1.19.Final.jar:/home/travis/build/icyphy/ptII/lib/netty-transport-4.1.19.Final.jar:/home/travis/build/icyphy/ptII/lib/vertx-codegen-3.5.1.jar:/home/travis/build/icyphy/ptII/lib/vertx-core-3.5.2-SNAPSHOT.jar:/home/travis/build/icyphy/ptII/lib/vertx-hazelcast-3.5.1.jar:/home/travis/build/icyphy/ptII/lib/vertx-lang-js-3.5.1.jar:/home/travis/build/icyphy/ptII/lib/vertx-service-proxy-3.5.1.jar:/home/travis/build/icyphy/ptII/lib/vertx-web-3.5.1.jar:/home/travis/build/icyphy/ptII/lib/slf4j-api-1.7.13.jar:/home/travis/build/icyphy/ptII/lib/slf4j-simple-1.7.13.jar:/home/travis/build/icyphy/ptII/lib/webcam-capture-0.3.12.jar:/home/travis/build/icyphy/ptII/lib/bridj-0.7.0.jar:/home/travis/build/icyphy/ptII/lib/xbjlib-1.1.0.nrjavaserial.jar" />
    <property name="test.batch" value="**/junit/*.java" />
    <property name="env._" value="/usr/bin/timeout" />
    <property name="java.io.tmpdir" value="/tmp" />
    <property name="env.TRAVIS_INTERNAL_RUBY_REGEX" value="^ruby-(2\.[0-4]\.[0-9]|1\.9\.3)" />
    <property name="user.language" value="en" />
    <property name="env.HISTCONTROL" value="ignoredups:ignorespace" />
    <property name="env.GOROOT" value="/home/travis/.gimme/versions/go1.7.4.linux.amd64" />
    <property name="line.separator" value="&#xa;" />
    <property name="target" value="1.8" />
    <property name="env.TRAVIS_BUILD_DIR" value="/home/travis/build/icyphy/ptII" />
    <property name="env.ANT_OPTS" value="-Xmx2048m" />
    <property name="ant.file.type" value="file" />
    <property name="ptolemy.ptII.batchMode" value="true" />
    <property name="env.HISTSIZE" value="1000" />
    <property name="env.MERB_ENV" value="test" />
    <property name="java.vm.info" value="mixed mode" />
    <property name="source" value="1.8" />
    <property name="java.vm.specification.name" value="Java Virtual Machine Specification" />
    <property name="env.TRAVIS_TEST_RESULT" value="0" />
    <property name="jsdoc.command" value="node_modules/@terraswarm/jsdoc/jsdoc.js" />
    <property name="npm.works" value="true" />
    <property name="cobertura.dir" value="/home/travis/build/icyphy/ptII/vendors/cobertura-2.0.3" />
    <property name="env.rvm_path" value="/home/travis/.rvm" />
    <property name="env.GEM_PATH" value="/home/travis/.rvm/gems/ruby-2.4.1:/home/travis/.rvm/gems/ruby-2.4.1@global" />
    <property name="env.LC_CTYPE" value="en_US.UTF-8" />
    <property name="java.awt.printerjob" value="sun.print.PSPrinterJob" />
    <property name="env.TRAVIS_CMD" value="$PTII/bin/ptIITravisBuild.sh $SECONDS" />
    <property name="env.TRAVIS_STACK_NAME" value="garnet" />
    <property name="env.TRAVIS_TIMER_START_TIME" value="1553754681705774605" />
    <property name="ant.version" value="Apache Ant(TM) version 1.10.1 compiled on February 2 2017" />
    <property name="ptII.reports" value="/home/travis/build/icyphy/ptII/reports" />
    <property name="env.TRAVIS_STACK_TIMESTAMP" value="2017-12-05 19:33:09 UTC" />
    <property name="ant.file.type.ptII" value="file" />
    <property name="env.RBENV_SHELL" value="bash" />
    <property name="os.name" value="Linux" />
    <property name="java.specification.vendor" value="Oracle Corporation" />
    <property name="env.rvm_version" value="1.29.3 (latest)" />
    <property name="env.TRAVIS_INFRA" value="gce" />
    <property name="env.TERM" value="xterm" />
    <property name="java.vm.name" value="Java HotSpot(TM) 64-Bit Server VM" />
    <property name="env.TRAVIS_BUILD_NUMBER" value="1064" />
    <property name="env.CI" value="true" />
    <property name="java.library.path" value="/home/travis/pthla/certi-tools/lib:/usr/lib/jni:/usr/local/share/OpenCV/java/:/usr/share/OpenCV/java::/usr/java/packages/lib/amd64:/usr/lib64:/lib64:/lib:/usr/lib" />
    <property name="env.rvm_prefix" value="/home/travis" />
    <property name="env.PATH" value="/home/travis/pthla/certi-tools/share/scripts:/home/travis/.rvm/gems/ruby-2.4.1/bin:/home/travis/.rvm/gems/ruby-2.4.1@global/bin:/home/travis/.rvm/rubies/ruby-2.4.1/bin:/home/travis/.rvm/bin:/home/travis/.nvm/versions/node/v7.10.1/bin:./node_modules/.bin:/home/travis/build/icyphy/ptII/bin:/home/travis/pthla/certi-tools/bin:/home/travis/bin:/home/travis/.local/bin:/opt/pyenv/shims:/home/travis/.phpenv/shims:/home/travis/perl5/perlbrew/bin:/home/travis/.kiex/elixirs/elixir-1.4.5/bin:/home/travis/.kiex/bin:/home/travis/gopath/bin:/home/travis/.gimme/versions/go1.7.4.linux.amd64/bin:/usr/local/phantomjs/bin:/usr/local/phantomjs:/usr/local/neo4j-3.2.7/bin:/usr/local/maven-3.5.2/bin:/usr/local/cmake-3.9.2/bin:/usr/local/clang-5.0.0/bin:/usr/local/sbin:/usr/local/bin:/usr/sbin:/usr/bin:/sbin:/bin:/home/travis/.phpenv/bin:/opt/pyenv/bin:/home/travis/.yarn/bin" />
    <property name="env.TRAVIS_OS_NAME" value="linux" />
    <property name="ant.java.version" value="1.8" />
    <property name="basedir" value="/home/travis/build/icyphy/ptII" />
    <property name="java.class.version" value="52.0" />
    <property name="env.SHLVL" value="3" />
    <property name="env.LD_LIBRARY_PATH" value="/home/travis/pthla/certi-tools/lib:/usr/lib/jni:/usr/local/share/OpenCV/java/:/usr/share/OpenCV/java:" />
    <property name="env.RACK_ENV" value="test" />
    <property name="ant.home" value="/home/travis/build/icyphy/ptII/ant" />
    <property name="env.PERLBREW_BASHRC_VERSION" value="0.80" />
    <property name="env.NVM_DIR" value="/home/travis/.nvm" />
    <property name="env.TRAVIS_BUILD_ID" value="512330169" />
    <property name="env.CERTI_FOM_PATH" value="/home/travis/pthla/certi-tools/share/federations" />
    <property name="env.PYENV_ROOT" value="/opt/pyenv" />
    <property name="env.TRAVIS_UID" value="2000" />
    <property name="env.rvm_pretty_print_flag" value="auto" />
    <property name="env.NVM_BIN" value="/home/travis/.nvm/versions/node/v7.10.1/bin" />
    <property name="env.TRAVIS_COMMIT" value="957937ed47d2203b072c1ffe922bf40d236472ed" />
    <property name="env._system_arch" value="x86_64" />
    <property name="node.executable" value="node" />
    <property name="sun.boot.library.path" value="/usr/lib/jvm/java-8-oracle/jre/lib/amd64" />
    <property name="sun.management.compiler" value="HotSpot 64-Bit Tiered Compilers" />
    <property name="env.GOPATH" value="/home/travis/gopath" />
    <property name="java.awt.graphicsenv" value="sun.awt.X11GraphicsEnvironment" />
    <property name="ptolemy.ptII.dir" value="/home/travis/build/icyphy/ptII" />
    <property name="env.USER" value="travis" />
    <property name="env.HISTFILESIZE" value="2000" />
    <property name="timeout.longest" value="19000000" />
    <property name="env.TRAVIS_STACK_FEATURES" value="basic cassandra chromium couchdb disabled-ipv6 docker docker-compose elasticsearch firefox go-toolchain google-chrome jdk memcached mongodb mysql neo4j nodejs_interpreter perl_interpreter perlbrew phantomjs postgresql python_interpreter rabbitmq redis riak ruby_interpreter sqlite xserver" />
    <property name="env.TRAVIS_PULL_REQUEST" value="false" />
    <property name="env.PYENV_SHELL" value="bash" />
    <property name="ant.project.name" value="ptII" />
    <property name="java.vm.specification.version" value="1.8" />
    <property name="env.ANSI_RESET" value="\033[0m" />
    <property name="env.TRAVIS_DIST" value="trusty" />
    <property name="env.CERTI_VERSION" value="4.0.0" />
    <property name="env.NLSPATH" value="/usr/dt/lib/nls/msg/%L/%N.cat" />
    <property name="awt.toolkit" value="sun.awt.X11.XToolkit" />
    <property name="env.CERTI_HOST" value="localhost" />
    <property name="env.MY_RUBY_HOME" value="/home/travis/.rvm/rubies/ruby-2.4.1" />
    <property name="sun.cpu.isalist" value="" />
    <property name="env.TRAVIS_TMPDIR" value="/tmp/tmp.BEghKXeI6k" />
    <property name="java.ext.dirs" value="/usr/lib/jvm/java-8-oracle/jre/lib/ext:/usr/java/packages/lib/ext" />
    <property name="os.version" value="4.4.0-101-generic" />
    <property name="user.home" value="/home/travis" />
    <property name="env.MIX_ARCHIVES" value="/home/travis/.kiex/mix/elixir-1.4.5" />
    <property name="java.vm.vendor" value="Oracle Corporation" />
    <property name="env.TRAVIS_TAG" value="nightly" />
    <property name="env.ANSI_YELLOW" value="\033[33;1m" />
    <property name="env.TRAVIS_FILTERED" value="redirect_io" />
    <property name="env.ANSI_GREEN" value="\033[32;1m" />
    <property name="env.JAVA_HOME" value="/usr/lib/jvm/java-8-oracle" />
    <property name="env.PTII" value="/home/travis/build/icyphy/ptII" />
    <property name="javadoc.excludepackagenames" value="adm.cvs2svn.*,build.*,config.*,doc.coding.templates.*,jni.test.jni.meaningOfLife.*,jni.test.jni.testDeux.*,jni.test.jni.testTrois.*,org.terraswarm.accessor.accessors.web.node_modules.*,org.terraswarm.accessor.accessors.web.hosts.cordova.demo.*,org.terraswarm.accessor.accessors.web.hosts.cordova.plugins.*,org.terraswarm.accessor.accessors-svn.*,pt-modules.*,ptolemy.apps.agilent.*,ptolemy.apps.anytimecontrol.*,ptolemy.apps.apes.*,ptolemy.apps.charon.*,ptolemy.apps.crazyboard.*,ptolemy.apps.eclipse.*,ptolemy.apps.etherealSting.*,ptolemy.apps.fullscreen.*,ptolemy.apps.giotto.*,ptolemy.apps.ia.*,ptolemy.apps.interfaces.*,ptolemy.apps.jmf.*,ptolemy.apps.kurt.*,ptolemy.apps.kvm.*,ptolemy.apps.lego.*,ptolemy.apps.lejos.*,ptolemy.apps.midp.*,ptolemy.apps.mobileCoding.*,ptolemy.apps.pendulum.*,ptolemy.apps.rijndael.*,ptolemy.apps.robot.*,ptolemy.apps.security.*,ptolemy.apps.sobel.*,ptolemy.apps.soot.*,ptolemy.apps.throttle.*,ptolemy.apps.tini.*,ptolemy.apps.transmission.*,ptolemy.apps.vergil.*,ptolemy.apps.waba.*,ptolemy.apps.websensor.*,ptolemy.apps.webstart.*,ptolemy.apps.xsl.*,ptolemy.apps.zaurus.*,ptolemy.codegen.c.actor.lib.oldJavaFiles.*,ptolemy.codegen.dsp.lib.*,ptolemy.codegen.kernel.newInterfaces.*,ptolemy.codegen.lib.*,ptolemy.copernicus.kernel.fragment.*,ptolemy.copernicus.shallow.cg.*,ptolemy.domains.giotto.demo.Hierarchy.Hierarchy.*,ptolemy.domains.giotto.demo.Multimode.Multimode.*,ptolemy.domains.giotto.demo.Simple.Simple.*,ptolemy.domains.gr.lib.experimental.*,ptolemy.domains.gro.*,ptolemy.domains.pdf.*,ptolemy.domains.ptinyos.demo.Surge.output.*,ptolemy.moml.test.NoPackageActor.java*,ptolemy.plot.adm.*,ptolemy.plot.servlet.*,reports.*,signed.*,src.*,target.*,vendors.*,ptolemy.apps.eclipse.awt.*,ptolemy.backtrack.*,ptolemy.backtrack.ast.*,ptolemy.cg.adapter.generic.program.procedural.c.mbed*,ptolemy.homer.*,org.ptolemy.scala.*,diva.util.java2d.svg.*,ptolemy.domains.ptinyos.*,ptolemy.actor.lib.fmi.fmipp.*,,org.terraswarm.accessor.accessors.web.node_modules.*,org.terraswarm.accessor.accessors-svn,ptolemy.apps.*,ptolemy.actor.ptalon.demo.ptinyos.SendAndReceiveCnt.output,ptolemy.actor.ptalon.demo.ptinyos.SenseToLeds.output,ptolemy.domains.ptinyos.demo.CntToLedsAndRfm.output,ptolemy.domains.ptinyos.demo.RfmToLeds.output,ptolemy.domains.ptinyos.demo.SendAndReceiveCnt.output,ptolemy.domains.ptinyos.demo.SenseToLeds.output,ptolemy.actor.lib.jjs.modules.udpSocket.*" />
    <property name="env.TRAVIS_COMMIT_MESSAGE" value="Updated SemanticYelpSensor demo to get API key from keystore" />
    <property name="keystore" value="ptKeystore" />
    <property name="env.XDG_SESSION_ID" value="2" />
    <property name="junit.output.dir" value="/home/travis/build/icyphy/ptII/reports/junit" />
    <property name="npm.return.code" value="0" />
    <property name="user.dir" value="/home/travis/build/icyphy/ptII/ptolemy/domains/de/test" />
    <property name="env.TRAVIS_NODE_VERSION" value="7" />
    <property name="env.XFILESEARCHPATH" value="/usr/dt/app-defaults/%L/Dt" />
    <property name="env.TRAVIS_EVENT_TYPE" value="cron" />
    <property name="env.MAIL" value="/var/mail/travis" />
    <property name="env.PWD" value="/home/travis/build/icyphy/ptII" />
    <property name="env.PERLBREW_ROOT" value="/home/travis/perl5/perlbrew" />
    <property name="timeout.npm" value="45000" />
    <property name="env.PT_TRAVIS_TEST_CORE2_XML" value="true" />
    <property name="env.TRAVIS_ARCH" value="amd64" />
    <property name="env.PAGER" value="cat" />
    <property name="sun.cpu.endian" value="little" />
    <property name="env.TRAVIS_BUILD_STAGE_NAME" value="Test" />
    <property name="env.PERLBREW_HOME" value="/home/travis/.perlbrew" />
    <property name="env.RAILS_ENV" value="test" />
    <property name="java.vm.version" value="25.151-b12" />
    <property name="java.class.path" value="/home/travis/build/icyphy/ptII:/home/travis/build/icyphy/ptII/lib/bsh-2.0b4.jar:/home/travis/build/icyphy/ptII/lib/ptCal.jar:/home/travis/build/icyphy/ptII/lib/java_cup.jar:/home/travis/build/icyphy/ptII/lib/saxon8.jar:/home/travis/build/icyphy/ptII/lib/saxon8-dom.jar:/home/travis/build/icyphy/ptII/lib/chic.jar:/home/travis/build/icyphy/ptII/lib/ptcolt.jar:/usr/lib/jvm/java-8-oracle/lib/tools.jar:/home/travis/build/icyphy/ptII/vendors/misc/itext/iText.jar:/home/travis/build/icyphy/ptII/lib/g4ltl.jar:/home/travis/build/icyphy/ptII/lib/StructuralCoder.jar:/home/travis/build/icyphy/ptII/vendors/jai-1_1_2_01/lib/jai_core.jar:/home/travis/build/icyphy/ptII/vendors/jai-1_1_2_01/lib/jai_codec.jar:/home/travis/build/icyphy/ptII/lib/jcerti.jar:/home/travis/build/icyphy/ptII/lib/javax.mail.jar:/home/travis/build/icyphy/ptII/vendors/JMF-2.1.1e/lib/jmf.jar:/home/travis/build/icyphy/ptII/lib/jna-4.0.0-variadic.jar:/home/travis/build/icyphy/ptII/vendors/misc/joystick/Joystick.jar:/home/travis/build/icyphy/ptII/lib/ptjacl.jar:/home/travis/build/icyphy/ptII/lib/jsoup-1.8.2.jar:/home/travis/build/icyphy/ptII/lib/junit-4.8.2.jar:/home/travis/build/icyphy/ptII/lib/JUnitParams-0.4.0.jar:/home/travis/build/icyphy/ptII/ptolemy/actor/lib/excel/jxl.jar:/home/travis/build/icyphy/ptII/lib/jython.jar:/home/travis/build/icyphy/ptII/lib/kieler.jar:/home/travis/build/icyphy/ptII/vendors/opencv/share/OpenCV/java/opencv-341.jar:/home/travis/build/icyphy/ptII/lib/oscP5.jar:/home/travis/build/icyphy/ptII/lib/nrjavaserial-3.11.0.devel.jar:/home/travis/build/icyphy/ptII/vendors/j3d/lib/j3dcore.jar:/home/travis/build/icyphy/ptII/vendors/j3d/lib/j3dutils.jar:/home/travis/build/icyphy/ptII/vendors/j3d/lib/vecmath.jar:/home/travis/build/icyphy/ptII/ptolemy/distributed/jini/jar/jini-core.jar:/home/travis/build/icyphy/ptII/ptolemy/distributed/jini/jar/jini-ext.jar:/home/travis/build/icyphy/ptII/ptolemy/distributed/jini/jar/sun-util.jar:/home/travis/build/icyphy/ptII/lib/protobuf-java-2.4.1.jar:/home/travis/build/icyphy/ptII/lib/org.eclipse.paho.client.mqttv3.jar:/home/travis/build/icyphy/ptII/lib/mapss.jar:/home/travis/build/icyphy/ptII/ptolemy/actor/ptalon/antlr/antlr.jar:/home/travis/build/icyphy/ptII/lib/JRI.jar:/home/travis/build/icyphy/ptII/lib/commons-lang-2.6.jar:/home/travis/build/icyphy/ptII/lib/commons-logging-1.1.1.jar:/home/travis/build/icyphy/ptII/lib/sootclasses.jar:/home/travis/build/icyphy/ptII/ptolemy/actor/lib/database/mysql-connector-java-5.1.6-bin.jar:/home/travis/build/icyphy/ptII/vendors/misc/sphinx4/sphinx4-data-5prealpha.jar:/home/travis/build/icyphy/ptII/vendors/misc/sphinx4/sphinx4-core-5prealpha.jar:/home/travis/build/icyphy/ptII/lib/PDFRenderer.jar:/home/travis/build/icyphy/ptII/lib/svgSalamander.jar:/home/travis/build/icyphy/ptII/lib/rsyntaxtextarea-2.6.0-SNAPSHOT.jar:/home/travis/build/icyphy/ptII/lib/hazelcast-3.8.2.jar:/home/travis/build/icyphy/ptII/lib/jackson-annotations-2.9.0.jar:/home/travis/build/icyphy/ptII/lib/jackson-core-2.9.3.jar:/home/travis/build/icyphy/ptII/lib/jackson-databind-2.9.3.jar:/home/travis/build/icyphy/ptII/lib/netty-buffer-4.1.19.Final.jar:/home/travis/build/icyphy/ptII/lib/netty-codec-4.1.19.Final.jar:/home/travis/build/icyphy/ptII/lib/netty-codec-dns-4.1.19.Final.jar:/home/travis/build/icyphy/ptII/lib/netty-codec-http-4.1.19.Final.jar:/home/travis/build/icyphy/ptII/lib/netty-codec-http2-4.1.19.Final.jar:/home/travis/build/icyphy/ptII/lib/netty-common-4.1.19.Final.jar:/home/travis/build/icyphy/ptII/lib/netty-handler-4.1.19.Final.jar:/home/travis/build/icyphy/ptII/lib/netty-resolver-4.1.19.Final.jar:/home/travis/build/icyphy/ptII/lib/netty-resolver-dns-4.1.19.Final.jar:/home/travis/build/icyphy/ptII/lib/netty-transport-4.1.19.Final.jar:/home/travis/build/icyphy/ptII/lib/vertx-codegen-3.5.1.jar:/home/travis/build/icyphy/ptII/lib/vertx-core-3.5.2-SNAPSHOT.jar:/home/travis/build/icyphy/ptII/lib/vertx-hazelcast-3.5.1.jar:/home/travis/build/icyphy/ptII/lib/vertx-lang-js-3.5.1.jar:/home/travis/build/icyphy/ptII/lib/vertx-service-proxy-3.5.1.jar:/home/travis/build/icyphy/ptII/lib/vertx-web-3.5.1.jar:/home/travis/build/icyphy/ptII/lib/slf4j-api-1.7.13.jar:/home/travis/build/icyphy/ptII/lib/slf4j-simple-1.7.13.jar:/home/travis/build/icyphy/ptII/lib/webcam-capture-0.3.12.jar:/home/travis/build/icyphy/ptII/lib/bridj-0.7.0.jar:/home/travis/build/icyphy/ptII/lib/xbjlib-1.1.0.nrjavaserial.jar:/home/travis/build/icyphy/ptII/ptolemy/moml/test:/home/travis/build/icyphy/ptII/ant/lib/ant-launcher.jar:/home/travis/build/icyphy/ptII/ant/lib/ant.jar:/home/travis/build/icyphy/ptII/ant/lib/ant-junit.jar:/home/travis/build/icyphy/ptII/ant/lib/ant-junit4.jar" />
    <property name="ant.library.dir" value="/home/travis/build/icyphy/ptII/ant/lib" />
    <property name="os.arch" value="amd64" />
    <property name="env.TRAVIS_LANGUAGE" value="node_js" />
    <property name="env.CONTINUOUS_INTEGRATION" value="true" />
    <property name="env.TRAVIS_STACK_LANGUAGES" value="__garnet__ c c++ clojure cplusplus cpp default go groovy java node_js php pure_java python ruby scala" />
    <property name="test.name" value="ptolemy.actor.lib.test.junit.JUnitTclTest" />
    <property name="sun.java.launcher" value="SUN_STANDARD" />
    <property name="env.PYTHON_CONFIGURE_OPTS" value="--enable-unicode=ucs4 --with-wide-unicode --enable-shared --enable-ipv6 --enable-loadable-sqlite-extensions --with-computed-gotos" />
    <property name="ant.core.lib" value="/home/travis/build/icyphy/ptII/ant/lib/ant.jar" />
    <property name="java.vm.specification.vendor" value="Oracle Corporation" />
    <property name="env.BCVTB_HOME" value="/home/travis/build/icyphy/ptII/lbnl" />
    <property name="file.separator" value="/" />
    <property name="spotbugs.home" value="/home/travis/build/icyphy/ptII/vendors/spotbugs-3.1.1" />
    <property name="java.runtime.version" value="1.8.0_151-b12" />
    <property name="sun.boot.class.path" value="/usr/lib/jvm/java-8-oracle/jre/lib/resources.jar:/usr/lib/jvm/java-8-oracle/jre/lib/rt.jar:/usr/lib/jvm/java-8-oracle/jre/lib/sunrsasign.jar:/usr/lib/jvm/java-8-oracle/jre/lib/jsse.jar:/usr/lib/jvm/java-8-oracle/jre/lib/jce.jar:/usr/lib/jvm/java-8-oracle/jre/lib/charsets.jar:/usr/lib/jvm/java-8-oracle/jre/lib/jfr.jar:/usr/lib/jvm/java-8-oracle/jre/classes" />
    <property name="env.ANSI_CLEAR" value="\033[0K" />
    <property name="env.HAS_JOSH_K_SEAL_OF_APPROVAL" value="true" />
    <property name="env.XDG_RUNTIME_DIR" value="/run/user/2000" />
    <property name="env.TRAVIS_OSX_IMAGE" value="" />
    <property name="env.TRAVIS_BRANCH" value="master" />
    <property name="env.TRAVIS_JOB_ID" value="512330178" />
    <property name="user.country" value="US" />
    <property name="env.CERTI_HOME_TRAVIS" value="/home/travis/pthla/certi-tools" />
    <property name="env.SHELL" value="/bin/bash" />
    <property name="java.maxmemory.large" value="5000m" />
    <property name="model" value="" />
    <property name="env.CASHER_DIR" value="/home/travis/.casher" />
    <property name="env.NVM_CD_FLAGS" value="" />
    <property name="jshint.executable" value="/home/travis/node_modules/jshint/bin/jshint" />
    <property name="java.vendor" value="Oracle Corporation" />
    <property name="env.JRUBY_OPTS" value=" --client -J-XX:+TieredCompilation -J-XX:TieredStopAtLevel=1 -J-Xss2m -Xcompile.invokedynamic=false" />
    <property name="env.TRAVIS_PRE_CHEF_BOOTSTRAP_TIME" value="2017-12-05T19:32:55" />
    <property name="env.TRAVIS_STACK_JOB_BOARD_REGISTER" value="/.job-board-register.yml" />
    <property name="env.ELIXIR_VERSION" value="1.4.5" />
    <property name="env.ANSI_RED" value="\033[31;1m" />
    <property name="java.specification.version" value="1.8" />
    <property name="env.TRAVIS" value="true" />
    <property name="env.IRBRC" value="/home/travis/.rvm/rubies/ruby-2.4.1/.irbrc" />
    <property name="sun.arch.data.model" value="64" />
  </properties>
  <testcase classname="ptolemy.util.test.junit.TclTests" name="[0] /home/travis/build/icyphy/ptII/ptolemy/domains/de/test/DependencyLoop.tcl (RunTclFile)" time="0.757" />
  <testcase classname="ptolemy.util.test.junit.TclTests" name="[1] /home/travis/build/icyphy/ptII/ptolemy/domains/de/test/RunDETestsAsQSS.tcl (RunTclFile)" time="90.539" />
  <testcase classname="ptolemy.util.test.junit.AutoKnownFailedTests" name="[0] /home/travis/build/icyphy/ptII/ptolemy/domains/de/test/auto/knownFailedTests/DESDFClockTest.xml (RunModel)" time="2.043" />
  <testcase classname="ptolemy.util.test.junit.AutoKnownFailedTests" name="[1] /home/travis/build/icyphy/ptII/ptolemy/domains/de/test/auto/knownFailedTests/DirectFeedback.xml (RunModel)" time="0.014" />
  <testcase classname="ptolemy.util.test.junit.AutoKnownFailedTests" name="[2] /home/travis/build/icyphy/ptII/ptolemy/domains/de/test/auto/knownFailedTests/FSMSource.xml (RunModel)" time="0.032" />
  <testcase classname="ptolemy.util.test.junit.AutoKnownFailedTests" name="[3] /home/travis/build/icyphy/ptII/ptolemy/domains/de/test/auto/knownFailedTests/HierarchicalModel.xml (RunModel)" time="0.054" />
  <testcase classname="ptolemy.util.test.junit.AutoKnownFailedTests" name="[4] /home/travis/build/icyphy/ptII/ptolemy/domains/de/test/auto/knownFailedTests/dependencyLoop.xml (RunModel)" time="0.039" />
  <testcase classname="ptolemy.util.test.junit.AutoKnownFailedTests" name="[5] /home/travis/build/icyphy/ptII/ptolemy/domains/de/test/auto/knownFailedTests/dependencyLoop2.xml (RunModel)" time="0.049" />
  <testcase classname="ptolemy.util.test.junit.AutoNameArchTests" name="[0] ThereAreNoAutoArchTests (RunModel)" time="0.0" />
  <testcase classname="ptolemy.util.test.junit.AutoTests" name="[0] /home/travis/build/icyphy/ptII/ptolemy/domains/de/test/auto/ActorDepthCalculation_actorWithoutPorts.xml (RunModel)" time="0.017" />
  <testcase classname="ptolemy.util.test.junit.AutoTests" name="[1] /home/travis/build/icyphy/ptII/ptolemy/domains/de/test/auto/AssemblyLine.xml (RunModel)" time="0.024" />
  <testcase classname="ptolemy.util.test.junit.AutoTests" name="[2] /home/travis/build/icyphy/ptII/ptolemy/domains/de/test/auto/CQBug1.xml (RunModel)" time="0.008" />
  <testcase classname="ptolemy.util.test.junit.AutoTests" name="[3] /home/travis/build/icyphy/ptII/ptolemy/domains/de/test/auto/CancelFireAt.xml (RunModel)" time="0.006" />
  <testcase classname="ptolemy.util.test.junit.AutoTests" name="[4] /home/travis/build/icyphy/ptII/ptolemy/domains/de/test/auto/CausalityAndComposabilityAnalysis.xml (RunModel)" time="0.012" />
  <testcase classname="ptolemy.util.test.junit.AutoTests" name="[5] /home/travis/build/icyphy/ptII/ptolemy/domains/de/test/auto/CausalityInterface1.xml (RunModel)" time="0.013" />
  <testcase classname="ptolemy.util.test.junit.AutoTests" name="[6] /home/travis/build/icyphy/ptII/ptolemy/domains/de/test/auto/CausalityInterface15.xml (RunModel)" time="0.013" />
  <testcase classname="ptolemy.util.test.junit.AutoTests" name="[7] /home/travis/build/icyphy/ptII/ptolemy/domains/de/test/auto/CausalityInterface2.xml (RunModel)" time="0.013" />
  <testcase classname="ptolemy.util.test.junit.AutoTests" name="[8] /home/travis/build/icyphy/ptII/ptolemy/domains/de/test/auto/CausalityInterface3.xml (RunModel)" time="0.015" />
  <testcase classname="ptolemy.util.test.junit.AutoTests" name="[9] /home/travis/build/icyphy/ptII/ptolemy/domains/de/test/auto/ClockDrift.xml (RunModel)" time="0.031" />
  <testcase classname="ptolemy.util.test.junit.AutoTests" name="[10] /home/travis/build/icyphy/ptII/ptolemy/domains/de/test/auto/ClockDriftAndValueChange.xml (RunModel)" time="0.032" />
  <testcase classname="ptolemy.util.test.junit.AutoTests" name="[11] /home/travis/build/icyphy/ptII/ptolemy/domains/de/test/auto/ClockDriftChange.xml (RunModel)" time="0.028" />
  <testcase classname="ptolemy.util.test.junit.AutoTests" name="[12] /home/travis/build/icyphy/ptII/ptolemy/domains/de/test/auto/ComposableCausalityAnalysis.xml (RunModel)" time="0.013" />
  <testcase classname="ptolemy.util.test.junit.AutoTests" name="[13] /home/travis/build/icyphy/ptII/ptolemy/domains/de/test/auto/DEFixedPointLimitation.xml (RunModel)" time="0.007" />
  <testcase classname="ptolemy.util.test.junit.AutoTests" name="[14] /home/travis/build/icyphy/ptII/ptolemy/domains/de/test/auto/DEScheduleTest.xml (RunModel)" time="0.008" />
  <testcase classname="ptolemy.util.test.junit.AutoTests" name="[15] /home/travis/build/icyphy/ptII/ptolemy/domains/de/test/auto/DEinDEwithStartTimes.xml (RunModel)" time="0.009" />
  <testcase classname="ptolemy.util.test.junit.AutoTests" name="[16] /home/travis/build/icyphy/ptII/ptolemy/domains/de/test/auto/DEinDEwithStartTimes2.xml (RunModel)" time="0.018" />
  <testcase classname="ptolemy.util.test.junit.AutoTests" name="[17] /home/travis/build/icyphy/ptII/ptolemy/domains/de/test/auto/DateDemo.xml (RunModel)" time="0.03" />
  <testcase classname="ptolemy.util.test.junit.AutoTests" name="[18] /home/travis/build/icyphy/ptII/ptolemy/domains/de/test/auto/DateToEvent.xml (RunModel)" time="2.03" />
  <testcase classname="ptolemy.util.test.junit.AutoTests" name="[19] /home/travis/build/icyphy/ptII/ptolemy/domains/de/test/auto/DepthTest1.xml (RunModel)" time="0.013" />
  <testcase classname="ptolemy.util.test.junit.AutoTests" name="[20] /home/travis/build/icyphy/ptII/ptolemy/domains/de/test/auto/DepthTest2.xml (RunModel)" time="0.018" />
  <testcase classname="ptolemy.util.test.junit.AutoTests" name="[21] /home/travis/build/icyphy/ptII/ptolemy/domains/de/test/auto/DepthTest3.xml (RunModel)" time="0.009" />
  <testcase classname="ptolemy.util.test.junit.AutoTests" name="[22] /home/travis/build/icyphy/ptII/ptolemy/domains/de/test/auto/DepthTest4.xml (RunModel)" time="0.012" />
  <testcase classname="ptolemy.util.test.junit.AutoTests" name="[23] /home/travis/build/icyphy/ptII/ptolemy/domains/de/test/auto/DepthTest5.xml (RunModel)" time="0.015" />
  <testcase classname="ptolemy.util.test.junit.AutoTests" name="[24] /home/travis/build/icyphy/ptII/ptolemy/domains/de/test/auto/DepthTest6.xml (RunModel)" time="0.012" />
  <testcase classname="ptolemy.util.test.junit.AutoTests" name="[25] /home/travis/build/icyphy/ptII/ptolemy/domains/de/test/auto/DepthTest7.xml (RunModel)" time="0.011" />
  <testcase classname="ptolemy.util.test.junit.AutoTests" name="[26] /home/travis/build/icyphy/ptII/ptolemy/domains/de/test/auto/EventToDate.xml (RunModel)" time="3.033" />
  <testcase classname="ptolemy.util.test.junit.AutoTests" name="[27] /home/travis/build/icyphy/ptII/ptolemy/domains/de/test/auto/FSM1.xml (RunModel)" time="0.035" />
  <testcase classname="ptolemy.util.test.junit.AutoTests" name="[28] /home/travis/build/icyphy/ptII/ptolemy/domains/de/test/auto/FSM7.xml (RunModel)" time="0.03" />
  <testcase classname="ptolemy.util.test.junit.AutoTests" name="[29] /home/travis/build/icyphy/ptII/ptolemy/domains/de/test/auto/Inspection.xml (RunModel)" time="0.036" />
  <testcase classname="ptolemy.util.test.junit.AutoTests" name="[30] /home/travis/build/icyphy/ptII/ptolemy/domains/de/test/auto/Iteration.xml (RunModel)" time="0.019" />
  <testcase classname="ptolemy.util.test.junit.AutoTests" name="[31] /home/travis/build/icyphy/ptII/ptolemy/domains/de/test/auto/LineFault.xml (RunModel)" time="0.586" />
  <testcase classname="ptolemy.util.test.junit.AutoTests" name="[32] /home/travis/build/icyphy/ptII/ptolemy/domains/de/test/auto/MergeModel1Add.xml (RunModel)" time="0.051" />
  <testcase classname="ptolemy.util.test.junit.AutoTests" name="[33] /home/travis/build/icyphy/ptII/ptolemy/domains/de/test/auto/MergeModel2Add.xml (RunModel)" time="0.038" />
  <testcase classname="ptolemy.util.test.junit.AutoTests" name="[34] /home/travis/build/icyphy/ptII/ptolemy/domains/de/test/auto/MergeModel3Add.xml (RunModel)" time="0.038" />
  <testcase classname="ptolemy.util.test.junit.AutoTests" name="[35] /home/travis/build/icyphy/ptII/ptolemy/domains/de/test/auto/MergeWithoutDiscard.xml (RunModel)" time="0.01" />
  <testcase classname="ptolemy.util.test.junit.AutoTests" name="[36] /home/travis/build/icyphy/ptII/ptolemy/domains/de/test/auto/Modal1.xml (RunModel)" time="0.029" />
  <testcase classname="ptolemy.util.test.junit.AutoTests" name="[37] /home/travis/build/icyphy/ptII/ptolemy/domains/de/test/auto/Modal2.xml (RunModel)" time="0.025" />
  <testcase classname="ptolemy.util.test.junit.AutoTests" name="[38] /home/travis/build/icyphy/ptII/ptolemy/domains/de/test/auto/Modal3.xml (RunModel)" time="0.032" />
  <testcase classname="ptolemy.util.test.junit.AutoTests" name="[39] /home/travis/build/icyphy/ptII/ptolemy/domains/de/test/auto/Modal4.xml (RunModel)" time="0.032" />
  <testcase classname="ptolemy.util.test.junit.AutoTests" name="[40] /home/travis/build/icyphy/ptII/ptolemy/domains/de/test/auto/Modal5.xml (RunModel)" time="0.026" />
  <testcase classname="ptolemy.util.test.junit.AutoTests" name="[41] /home/travis/build/icyphy/ptII/ptolemy/domains/de/test/auto/Modal6.xml (RunModel)" time="0.026" />
  <testcase classname="ptolemy.util.test.junit.AutoTests" name="[42] /home/travis/build/icyphy/ptII/ptolemy/domains/de/test/auto/Modal7.xml (RunModel)" time="0.03" />
  <testcase classname="ptolemy.util.test.junit.AutoTests" name="[43] /home/travis/build/icyphy/ptII/ptolemy/domains/de/test/auto/ModalModel.xml (RunModel)" time="0.152" />
  <testcase classname="ptolemy.util.test.junit.AutoTests" name="[44] /home/travis/build/icyphy/ptII/ptolemy/domains/de/test/auto/ModalSource.xml (RunModel)" time="0.018" />
  <testcase classname="ptolemy.util.test.junit.AutoTests" name="[45] /home/travis/build/icyphy/ptII/ptolemy/domains/de/test/auto/NonInterruptibleTimerZeroDelay.xml (RunModel)" time="0.011" />
  <testcase classname="ptolemy.util.test.junit.AutoTests" name="[46] /home/travis/build/icyphy/ptII/ptolemy/domains/de/test/auto/OpenQueueingNetwork.xml (RunModel)" time="2.151" />
  <testcase classname="ptolemy.util.test.junit.AutoTests" name="[47] /home/travis/build/icyphy/ptII/ptolemy/domains/de/test/auto/OpenQueuingNetwork.xml (RunModel)" time="0.264" />
  <testcase classname="ptolemy.util.test.junit.AutoTests" name="[48] /home/travis/build/icyphy/ptII/ptolemy/domains/de/test/auto/PeriodicSampler.xml (RunModel)" time="0.008" />
  <testcase classname="ptolemy.util.test.junit.AutoTests" name="[49] /home/travis/build/icyphy/ptII/ptolemy/domains/de/test/auto/PersistentIO.xml (RunModel)" time="0.017" />
  <testcase classname="ptolemy.util.test.junit.AutoTests" name="[50] /home/travis/build/icyphy/ptII/ptolemy/domains/de/test/auto/PortParameterResetOnInitialize.xml (RunModel)" time="0.009" />
  <testcase classname="ptolemy.util.test.junit.AutoTests" name="[51] /home/travis/build/icyphy/ptII/ptolemy/domains/de/test/auto/PortParameterUpdates.xml (RunModel)" time="0.018" />
  <testcase classname="ptolemy.util.test.junit.AutoTests" name="[52] /home/travis/build/icyphy/ptII/ptolemy/domains/de/test/auto/QueueAndServer.xml (RunModel)" time="0.019" />
  <testcase classname="ptolemy.util.test.junit.AutoTests" name="[53] /home/travis/build/icyphy/ptII/ptolemy/domains/de/test/auto/Records.xml (RunModel)" time="0.014" />
  <testcase classname="ptolemy.util.test.junit.AutoTests" name="[54] /home/travis/build/icyphy/ptII/ptolemy/domains/de/test/auto/ResetTransitionWithStartTime1.xml (RunModel)" time="0.017" />
  <testcase classname="ptolemy.util.test.junit.AutoTests" name="[55] /home/travis/build/icyphy/ptII/ptolemy/domains/de/test/auto/ResetTransitionWithStartTime2.xml (RunModel)" time="0.02" />
  <testcase classname="ptolemy.util.test.junit.AutoTests" name="[56] /home/travis/build/icyphy/ptII/ptolemy/domains/de/test/auto/ResetTransitionWithStartTime3.xml (RunModel)" time="0.019" />
  <testcase classname="ptolemy.util.test.junit.AutoTests" name="[57] /home/travis/build/icyphy/ptII/ptolemy/domains/de/test/auto/ResetTransitionWithStartTime4.xml (RunModel)" time="0.02" />
  <testcase classname="ptolemy.util.test.junit.AutoTests" name="[58] /home/travis/build/icyphy/ptII/ptolemy/domains/de/test/auto/ResettableTimer1.xml (RunModel)" time="0.011" />
  <testcase classname="ptolemy.util.test.junit.AutoTests" name="[59] /home/travis/build/icyphy/ptII/ptolemy/domains/de/test/auto/ResettableTimer2.xml (RunModel)" time="0.01" />
  <testcase classname="ptolemy.util.test.junit.AutoTests" name="[60] /home/travis/build/icyphy/ptII/ptolemy/domains/de/test/auto/ResettableTimer3.xml (RunModel)" time="0.008" />
  <testcase classname="ptolemy.util.test.junit.AutoTests" name="[61] /home/travis/build/icyphy/ptII/ptolemy/domains/de/test/auto/ResettableTimer4.xml (RunModel)" time="0.009" />
  <testcase classname="ptolemy.util.test.junit.AutoTests" name="[62] /home/travis/build/icyphy/ptII/ptolemy/domains/de/test/auto/ResettableTimer5.xml (RunModel)" time="0.009" />
  <testcase classname="ptolemy.util.test.junit.AutoTests" name="[63] /home/travis/build/icyphy/ptII/ptolemy/domains/de/test/auto/ResettableTimer6.xml (RunModel)" time="0.017" />
  <testcase classname="ptolemy.util.test.junit.AutoTests" name="[64] /home/travis/build/icyphy/ptII/ptolemy/domains/de/test/auto/ServerZeroDelay.xml (RunModel)" time="0.013" />
  <testcase classname="ptolemy.util.test.junit.AutoTests" name="[65] /home/travis/build/icyphy/ptII/ptolemy/domains/de/test/auto/SmartSender.xml (RunModel)" time="3.011" />
  <testcase classname="ptolemy.util.test.junit.AutoTests" name="[66] /home/travis/build/icyphy/ptII/ptolemy/domains/de/test/auto/ThreadedComposite.xml (RunModel)" time="0.333" />
  <testcase classname="ptolemy.util.test.junit.AutoTests" name="[67] /home/travis/build/icyphy/ptII/ptolemy/domains/de/test/auto/Time.xml (RunModel)" time="0.419" />
  <testcase classname="ptolemy.util.test.junit.AutoTests" name="[68] /home/travis/build/icyphy/ptII/ptolemy/domains/de/test/auto/TimeDelayZeroDelay.xml (RunModel)" time="0.012" />
  <testcase classname="ptolemy.util.test.junit.AutoTests" name="[69] /home/travis/build/icyphy/ptII/ptolemy/domains/de/test/auto/TimerZeroDelay.xml (RunModel)" time="0.01" />
  <testcase classname="ptolemy.util.test.junit.AutoTests" name="[70] /home/travis/build/icyphy/ptII/ptolemy/domains/de/test/auto/TimingParadox.xml (RunModel)" time="0.34" />
  <testcase classname="ptolemy.util.test.junit.AutoTests" name="[71] /home/travis/build/icyphy/ptII/ptolemy/domains/de/test/auto/TransferInputs.xml (RunModel)" time="0.013" />
  <testcase classname="ptolemy.util.test.junit.AutoTests" name="[72] /home/travis/build/icyphy/ptII/ptolemy/domains/de/test/auto/TransferOutputs2.xml (RunModel)" time="0.015" />
  <testcase classname="ptolemy.util.test.junit.AutoTests" name="[73] /home/travis/build/icyphy/ptII/ptolemy/domains/de/test/auto/Trilateration.xml (RunModel)" time="11.666" />
  <testcase classname="ptolemy.util.test.junit.AutoTests" name="[74] /home/travis/build/icyphy/ptII/ptolemy/domains/de/test/auto/TwoSigmaDelta.xml (RunModel)" time="2.093" />
  <testcase classname="ptolemy.util.test.junit.AutoTests" name="[75] /home/travis/build/icyphy/ptII/ptolemy/domains/de/test/auto/VariableDelay.xml (RunModel)" time="0.016" />
  <testcase classname="ptolemy.util.test.junit.AutoTests" name="[76] /home/travis/build/icyphy/ptII/ptolemy/domains/de/test/auto/VariableDelay2.xml (RunModel)" time="0.009" />
  <testcase classname="ptolemy.util.test.junit.AutoTests" name="[77] /home/travis/build/icyphy/ptII/ptolemy/domains/de/test/auto/VariableDelayZeroDelay.xml (RunModel)" time="0.01" />
  <testcase classname="ptolemy.util.test.junit.AutoTests" name="[78] /home/travis/build/icyphy/ptII/ptolemy/domains/de/test/auto/VariableDelayZeroDelay2.xml (RunModel)" time="0.013" />
  <testcase classname="ptolemy.util.test.junit.AutoTests" name="[79] /home/travis/build/icyphy/ptII/ptolemy/domains/de/test/auto/deInCt.xml (RunModel)" time="0.015" />
  <testcase classname="ptolemy.util.test.junit.AutoTests" name="[80] /home/travis/build/icyphy/ptII/ptolemy/domains/de/test/auto/deInCt2.xml (RunModel)" time="0.014" />
  <testcase classname="ptolemy.util.test.junit.AutoTests" name="[81] /home/travis/build/icyphy/ptII/ptolemy/domains/de/test/auto/dynamicCausalityInterface1.xml (RunModel)" time="0.018" />
  <testcase classname="ptolemy.util.test.junit.AutoTests" name="[82] /home/travis/build/icyphy/ptII/ptolemy/domains/de/test/auto/fsm_de_test.xml (RunModel)" time="0.029" />
  <testcase classname="ptolemy.util.test.junit.AutoTests" name="[83] /home/travis/build/icyphy/ptII/ptolemy/domains/de/test/auto/functionDependencyReconstruction.xml (RunModel)" time="0.031" />
  <testcase classname="ptolemy.util.test.junit.AutoTests" name="[84] /home/travis/build/icyphy/ptII/ptolemy/domains/de/test/auto/multirate.xml (RunModel)" time="0.015" />
  <testcase classname="ptolemy.util.test.junit.AutoTests" name="[85] /home/travis/build/icyphy/ptII/ptolemy/domains/de/test/auto/multirate2.xml (RunModel)" time="0.015" />
  <testcase classname="ptolemy.util.test.junit.AutoTests" name="[86] /home/travis/build/icyphy/ptII/ptolemy/domains/de/test/auto/realtime.xml (RunModel)" time="10.016" />
  <testcase classname="ptolemy.util.test.junit.AutoTests" name="[87] /home/travis/build/icyphy/ptII/ptolemy/domains/de/test/auto/relationGroup.xml (RunModel)" time="0.012" />
  <testcase classname="ptolemy.util.test.junit.AutoTests" name="[88] /home/travis/build/icyphy/ptII/ptolemy/domains/de/test/auto/relationGroup2.xml (RunModel)" time="0.014" />
  <testcase classname="ptolemy.util.test.junit.AutoTests" name="[89] /home/travis/build/icyphy/ptII/ptolemy/domains/de/test/auto/sortWithOpaquePorts.xml (RunModel)" time="0.01" />
  <testcase classname="ptolemy.util.test.junit.AutoTests" name="[90] /home/travis/build/icyphy/ptII/ptolemy/domains/de/test/auto/transferInputsandOutputs.xml (RunModel)" time="0.026" />
  <testcase classname="ptolemy.util.test.junit.AutoTests" name="[91] /home/travis/build/icyphy/ptII/ptolemy/domains/de/test/auto/triggerType.xml (RunModel)" time="0.01" />
  <system-out><![CDATA[/home/travis/build/icyphy/ptII/ptolemy/domains/de/test/DependencyLoop.tcl
testDefs.tcl: setting time out to 9000 seconds at Thu Mar 28 06:39:43 UTC 2019
17 ms. Memory: 116224K Free: 97635K (84%)
14 ms. Memory: 146944K Free: 141134K (96%)
/home/travis/build/icyphy/ptII/ptolemy/domains/de/test/RunDETestsAsQSS.tcl
Run the DE tests using ptolemy.domains.qss.test.QSSDirectorTest, which extends QSSDirector and prints a message in the constructors.
------------------ testing $PTII/ptolemy/domains/de/test/auto/knownFailedTests/dependencyLoop.xml (Known Failure) 
11 ms. Memory: 146944K Free: 136888K (93%)


==== $PTIIhome/travis/build/icyphy/ptII/ptolemy/domains/de/test/../../../../: Auto Automatic test in file $PTII/ptolemy/domains/de/test/auto/knownFailedTests/dependencyLoop.xml
==== Contents of test case:

	    # FIXME: we should use $relativeFilename here, but it
	    # might have backslashes under Windows, which causes no end
	    # of trouble.
	    createAndExecute $file
	    list {}
	
.... Test generated KNOWN error:
    while executing
ptolemy.kernel.util.IllegalActionException: Found a zero delay loop containing .dependencyLoop.original
  in .dependencyLoop and .dependencyLoop.original
	at ptolemy.actor.util.CausalityInterfaceForComposites._computeOutputPortDepth(CausalityInterfaceForComposites.java:759)
	at ptolemy.actor.util.CausalityInterfaceForComposites._computeInputDepth(CausalityInterfaceForComposites.java:696)
	at ptolemy.actor.util.CausalityInterfaceForComposites._computeOutputPortDepth(CausalityInterfaceForComposites.java:765)
	at ptolemy.actor.util.CausalityInterfaceForComposites._computeInputDepth(CausalityInterfaceForComposites.java:696)
	at ptolemy.actor.util.CausalityInterfaceForComposites._computeOutputPortDepth(CausalityInterfaceForComposites.java:765)
	at ptolemy.actor.util.CausalityInterfaceForComposites._computeInputDepth(CausalityInterfaceForComposites.java:696)
	at ptolemy.actor.util.CausalityInterfaceForComposites._computeActorDepth(CausalityInterfaceForComposites.java:532)
	at ptolemy.actor.util.CausalityInterfaceForComposites.checkForCycles(CausalityInterfaceForComposites.java:96)
	at ptolemy.domains.de.kernel.DEDirector.preinitialize(DEDirector.java:1338)
	at ptolemy.actor.CompositeActor.preinitialize(CompositeActor.java:1828)
	at ptolemy.actor.Manager.preinitializeAndResolveTypes(Manager.java:1040)
	at ptolemy.actor.Manager.initialize(Manager.java:710)
	at ptolemy.actor.Manager.execute(Manager.java:356)
	at ptolemy.actor.Manager.run(Manager.java:1263)
	at ptolemy.actor.Manager$PtolemyRunThread.run(Manager.java:1915)

    while executing
ptolemy.kernel.util.IllegalActionException: Found a zero delay loop containing .dependencyLoop.original
  in .dependencyLoop and .dependencyLoop.original
    while executing
"java::new ptolemy.moml.MoMLSimpleApplication $file
"
    (procedure "createAndExecute" line 2)
    invoked from within
"createAndExecute $file"
    ("uplevel" body line 5)
    invoked from within
"uplevel $contents_of_test"
------------------ testing $PTII/ptolemy/domains/de/test/auto/knownFailedTests/DESDFClockTest.xml (Known Failure) 
2095 ms. Memory: 146944K Free: 121325K (83%)


==== $PTIIhome/travis/build/icyphy/ptII/ptolemy/domains/de/test/../../../../: Auto Automatic test in file $PTII/ptolemy/domains/de/test/auto/knownFailedTests/DESDFClockTest.xml
==== Contents of test case:

	    # FIXME: we should use $relativeFilename here, but it
	    # might have backslashes under Windows, which causes no end
	    # of trouble.
	    createAndExecute $file
	    list {}
	
.... Test generated KNOWN error:
    while executing
ptolemy.kernel.util.IllegalActionException: Actor is not ready to fire.  Perhaps UpSample.prefire() returned false? Try debugging the actor by selecting "Listen to Actor".  Also, for SDF check moml for tokenConsumptionRate on input.
  in .DESDFClockTest.Play Bell.Copy1:SDF Director and .DESDFClockTest.Play Bell.UpSample
	at ptolemy.actor.sched.StaticSchedulingDirector.fire(StaticSchedulingDirector.java:227)
	at ptolemy.domains.sdf.kernel.SDFDirector.fire(SDFDirector.java:500)
	at ptolemy.actor.CompositeActor.fire(CompositeActor.java:455)
	at ptolemy.domains.de.kernel.DEDirector._fire(DEDirector.java:1949)
	at ptolemy.domains.de.kernel.DEDirector.fire(DEDirector.java:502)
	at ptolemy.actor.CompositeActor.fire(CompositeActor.java:455)
	at ptolemy.actor.Manager.iterate(Manager.java:851)
	at ptolemy.actor.Manager.execute(Manager.java:369)
	at ptolemy.actor.Manager.run(Manager.java:1263)
	at ptolemy.actor.Manager$PtolemyRunThread.run(Manager.java:1915)

    while executing
ptolemy.kernel.util.IllegalActionException: Actor is not ready to fire.  Perhaps UpSample.prefire() returned false? Try debugging the actor by selecting "Listen to Actor".  Also, for SDF check moml for tokenConsumptionRate on input.
  in .DESDFClockTest.Play Bell.Copy1:SDF Director and .DESDFClockTest.Play Bell.UpSample
    while executing
"java::new ptolemy.moml.MoMLSimpleApplication $file
"
    (procedure "createAndExecute" line 2)
    invoked from within
"createAndExecute $file"
    ("uplevel" body line 5)
    invoked from within
"uplevel $contents_of_test"
------------------ testing $PTII/ptolemy/domains/de/test/auto/knownFailedTests/FSMSource.xml (Known Failure) 
46 ms. Memory: 146944K Free: 112473K (77%)
!!!! Auto was marked as failing, but now passes
------------------ testing $PTII/ptolemy/domains/de/test/auto/knownFailedTests/dependencyLoop2.xml (Known Failure) 
5 ms. Memory: 146944K Free: 110589K (75%)


==== $PTIIhome/travis/build/icyphy/ptII/ptolemy/domains/de/test/../../../../: Auto Automatic test in file $PTII/ptolemy/domains/de/test/auto/knownFailedTests/dependencyLoop2.xml
==== Contents of test case:

	    # FIXME: we should use $relativeFilename here, but it
	    # might have backslashes under Windows, which causes no end
	    # of trouble.
	    createAndExecute $file
	    list {}
	
.... Test generated KNOWN error:
    while executing
ptolemy.kernel.util.IllegalActionException: Found a zero delay loop containing .dependencyLoop2.original
  in .dependencyLoop2 and .dependencyLoop2.original
	at ptolemy.actor.util.CausalityInterfaceForComposites._computeOutputPortDepth(CausalityInterfaceForComposites.java:759)
	at ptolemy.actor.util.CausalityInterfaceForComposites._computeInputDepth(CausalityInterfaceForComposites.java:696)
	at ptolemy.actor.util.CausalityInterfaceForComposites._computeOutputPortDepth(CausalityInterfaceForComposites.java:765)
	at ptolemy.actor.util.CausalityInterfaceForComposites._computeInputDepth(CausalityInterfaceForComposites.java:696)
	at ptolemy.actor.util.CausalityInterfaceForComposites._computeOutputPortDepth(CausalityInterfaceForComposites.java:765)
	at ptolemy.actor.util.CausalityInterfaceForComposites._computeInputDepth(CausalityInterfaceForComposites.java:696)
	at ptolemy.actor.util.CausalityInterfaceForComposites._computeActorDepth(CausalityInterfaceForComposites.java:532)
	at ptolemy.actor.util.CausalityInterfaceForComposites.checkForCycles(CausalityInterfaceForComposites.java:96)
	at ptolemy.domains.de.kernel.DEDirector.preinitialize(DEDirector.java:1338)
	at ptolemy.actor.CompositeActor.preinitialize(CompositeActor.java:1828)
	at ptolemy.actor.Manager.preinitializeAndResolveTypes(Manager.java:1040)
	at ptolemy.actor.Manager.initialize(Manager.java:710)
	at ptolemy.actor.Manager.execute(Manager.java:356)
	at ptolemy.actor.Manager.run(Manager.java:1263)
	at ptolemy.actor.Manager$PtolemyRunThread.run(Manager.java:1915)

    while executing
ptolemy.kernel.util.IllegalActionException: Found a zero delay loop containing .dependencyLoop2.original
  in .dependencyLoop2 and .dependencyLoop2.original
    while executing
"java::new ptolemy.moml.MoMLSimpleApplication $file
"
    (procedure "createAndExecute" line 2)
    invoked from within
"createAndExecute $file"
    ("uplevel" body line 5)
    invoked from within
"uplevel $contents_of_test"
------------------ testing $PTII/ptolemy/domains/de/test/auto/knownFailedTests/HierarchicalModel.xml (Known Failure) 
9 ms. Memory: 146944K Free: 90460K (62%)


==== $PTIIhome/travis/build/icyphy/ptII/ptolemy/domains/de/test/../../../../: Auto Automatic test in file $PTII/ptolemy/domains/de/test/auto/knownFailedTests/HierarchicalModel.xml
==== Contents of test case:

	    # FIXME: we should use $relativeFilename here, but it
	    # might have backslashes under Windows, which causes no end
	    # of trouble.
	    createAndExecute $file
	    list {}
	
.... Test generated KNOWN error:
    while executing
ptolemy.kernel.util.IllegalActionException: Found a zero delay loop containing .HierarchicalModel.A
  in .HierarchicalModel and .HierarchicalModel.A
	at ptolemy.actor.util.CausalityInterfaceForComposites._computeOutputPortDepth(CausalityInterfaceForComposites.java:759)
	at ptolemy.actor.util.CausalityInterfaceForComposites._computeInputDepth(CausalityInterfaceForComposites.java:696)
	at ptolemy.actor.util.CausalityInterfaceForComposites._computeOutputPortDepth(CausalityInterfaceForComposites.java:765)
	at ptolemy.actor.util.CausalityInterfaceForComposites._computeInputDepth(CausalityInterfaceForComposites.java:696)
	at ptolemy.actor.util.CausalityInterfaceForComposites._computeOutputPortDepth(CausalityInterfaceForComposites.java:765)
	at ptolemy.actor.util.CausalityInterfaceForComposites._computeInputDepth(CausalityInterfaceForComposites.java:696)
	at ptolemy.actor.util.CausalityInterfaceForComposites._computeActorDepth(CausalityInterfaceForComposites.java:532)
	at ptolemy.actor.util.CausalityInterfaceForComposites.checkForCycles(CausalityInterfaceForComposites.java:96)
	at ptolemy.domains.de.kernel.DEDirector.preinitialize(DEDirector.java:1338)
	at ptolemy.actor.CompositeActor.preinitialize(CompositeActor.java:1828)
	at ptolemy.actor.Manager.preinitializeAndResolveTypes(Manager.java:1040)
	at ptolemy.actor.Manager.initialize(Manager.java:710)
	at ptolemy.actor.Manager.execute(Manager.java:356)
	at ptolemy.actor.Manager.run(Manager.java:1263)
	at ptolemy.actor.Manager$PtolemyRunThread.run(Manager.java:1915)

    while executing
ptolemy.kernel.util.IllegalActionException: Found a zero delay loop containing .HierarchicalModel.A
  in .HierarchicalModel and .HierarchicalModel.A
    while executing
"java::new ptolemy.moml.MoMLSimpleApplication $file
"
    (procedure "createAndExecute" line 2)
    invoked from within
"createAndExecute $file"
    ("uplevel" body line 5)
    invoked from within
"uplevel $contents_of_test"
------------------ testing $PTII/ptolemy/domains/de/test/auto/knownFailedTests/DirectFeedback.xml (Known Failure) 
8 ms. Memory: 146944K Free: 86350K (59%)


==== $PTIIhome/travis/build/icyphy/ptII/ptolemy/domains/de/test/../../../../: Auto Automatic test in file $PTII/ptolemy/domains/de/test/auto/knownFailedTests/DirectFeedback.xml
==== Contents of test case:

	    # FIXME: we should use $relativeFilename here, but it
	    # might have backslashes under Windows, which causes no end
	    # of trouble.
	    createAndExecute $file
	    list {}
	
.... Test generated KNOWN error:
    while executing
ptolemy.kernel.util.IllegalActionException: Test fails in iteration 1.
Value was: 1.0. Should have been: 2.0
  in .DirectFeedback.Test
	at ptolemy.actor.lib.Test.fire(Test.java:268)
	at ptolemy.domains.de.kernel.DEDirector._fire(DEDirector.java:1949)
	at ptolemy.domains.de.kernel.DEDirector.fire(DEDirector.java:502)
	at ptolemy.actor.CompositeActor.fire(CompositeActor.java:455)
	at ptolemy.actor.Manager.iterate(Manager.java:851)
	at ptolemy.actor.Manager.execute(Manager.java:369)
	at ptolemy.actor.Manager.run(Manager.java:1263)
	at ptolemy.actor.Manager$PtolemyRunThread.run(Manager.java:1915)

    while executing
ptolemy.kernel.util.IllegalActionException: Test fails in iteration 1.
Value was: 1.0. Should have been: 2.0
  in .DirectFeedback.Test
    while executing
"java::new ptolemy.moml.MoMLSimpleApplication $file
"
    (procedure "createAndExecute" line 2)
    invoked from within
"createAndExecute $file"
    ("uplevel" body line 5)
    invoked from within
"uplevel $contents_of_test"
------------------ testing $PTII/ptolemy/domains/de/test/auto/ActorDepthCalculation_actorWithoutPorts.xml
auto.tcl: Setting watchdog for 200 seconds at Thu Mar 28 06:39:46 UTC 2019
7 ms. Memory: 146944K Free: 138706K (94%)
ptolemy.util.test.WatchDog.cancel(): canceling Thu Mar 28 06:39:47 UTC 2019
auto.tcl: Setting watchdog for 200 seconds at Thu Mar 28 06:39:47 UTC 2019
3 ms. Memory: 146944K Free: 137685K (94%)
ptolemy.util.test.WatchDog.cancel(): canceling Thu Mar 28 06:39:47 UTC 2019
------------------ testing $PTII/ptolemy/domains/de/test/auto/AssemblyLine.xml
auto.tcl: Setting watchdog for 200 seconds at Thu Mar 28 06:39:47 UTC 2019
39 ms. Memory: 208384K Free: 186264K (89%)
ptolemy.util.test.WatchDog.cancel(): canceling Thu Mar 28 06:39:47 UTC 2019
auto.tcl: Setting watchdog for 200 seconds at Thu Mar 28 06:39:47 UTC 2019
7 ms. Memory: 208384K Free: 186264K (89%)
ptolemy.util.test.WatchDog.cancel(): canceling Thu Mar 28 06:39:47 UTC 2019
------------------ testing $PTII/ptolemy/domains/de/test/auto/CQBug1.xml
auto.tcl: Setting watchdog for 200 seconds at Thu Mar 28 06:39:47 UTC 2019
19 ms. Memory: 208384K Free: 197905K (95%)
ptolemy.util.test.WatchDog.cancel(): canceling Thu Mar 28 06:39:47 UTC 2019
auto.tcl: Setting watchdog for 200 seconds at Thu Mar 28 06:39:47 UTC 2019
2 ms. Memory: 208384K Free: 197905K (95%)
ptolemy.util.test.WatchDog.cancel(): canceling Thu Mar 28 06:39:47 UTC 2019
------------------ testing $PTII/ptolemy/domains/de/test/auto/CancelFireAt.xml
auto.tcl: Setting watchdog for 200 seconds at Thu Mar 28 06:39:47 UTC 2019
9 ms. Memory: 208384K Free: 201567K (97%)
ptolemy.util.test.WatchDog.cancel(): canceling Thu Mar 28 06:39:47 UTC 2019
auto.tcl: Setting watchdog for 200 seconds at Thu Mar 28 06:39:47 UTC 2019
4 ms. Memory: 208384K Free: 199525K (96%)
ptolemy.util.test.WatchDog.cancel(): canceling Thu Mar 28 06:39:47 UTC 2019
------------------ testing $PTII/ptolemy/domains/de/test/auto/CausalityAndComposabilityAnalysis.xml
auto.tcl: Setting watchdog for 200 seconds at Thu Mar 28 06:39:47 UTC 2019
21 ms. Memory: 208384K Free: 198604K (95%)
ptolemy.util.test.WatchDog.cancel(): canceling Thu Mar 28 06:39:48 UTC 2019
auto.tcl: Setting watchdog for 200 seconds at Thu Mar 28 06:39:48 UTC 2019
10 ms. Memory: 208384K Free: 196563K (94%)
ptolemy.util.test.WatchDog.cancel(): canceling Thu Mar 28 06:39:48 UTC 2019
------------------ testing $PTII/ptolemy/domains/de/test/auto/CausalityInterface1.xml
auto.tcl: Setting watchdog for 200 seconds at Thu Mar 28 06:39:48 UTC 2019
17 ms. Memory: 208384K Free: 196500K (94%)
ptolemy.util.test.WatchDog.cancel(): canceling Thu Mar 28 06:39:48 UTC 2019
auto.tcl: Setting watchdog for 200 seconds at Thu Mar 28 06:39:48 UTC 2019
4 ms. Memory: 208384K Free: 196500K (94%)
ptolemy.util.test.WatchDog.cancel(): canceling Thu Mar 28 06:39:48 UTC 2019
------------------ testing $PTII/ptolemy/domains/de/test/auto/CausalityInterface15.xml
auto.tcl: Setting watchdog for 200 seconds at Thu Mar 28 06:39:48 UTC 2019
8 ms. Memory: 208384K Free: 196459K (94%)
ptolemy.util.test.WatchDog.cancel(): canceling Thu Mar 28 06:39:48 UTC 2019
auto.tcl: Setting watchdog for 200 seconds at Thu Mar 28 06:39:48 UTC 2019
5 ms. Memory: 208384K Free: 196459K (94%)
ptolemy.util.test.WatchDog.cancel(): canceling Thu Mar 28 06:39:48 UTC 2019
------------------ testing $PTII/ptolemy/domains/de/test/auto/CausalityInterface2.xml
auto.tcl: Setting watchdog for 200 seconds at Thu Mar 28 06:39:48 UTC 2019
4 ms. Memory: 208384K Free: 196994K (95%)
ptolemy.util.test.WatchDog.cancel(): canceling Thu Mar 28 06:39:48 UTC 2019
auto.tcl: Setting watchdog for 200 seconds at Thu Mar 28 06:39:48 UTC 2019
5 ms. Memory: 208384K Free: 196994K (95%)
ptolemy.util.test.WatchDog.cancel(): canceling Thu Mar 28 06:39:48 UTC 2019
------------------ testing $PTII/ptolemy/domains/de/test/auto/CausalityInterface3.xml
auto.tcl: Setting watchdog for 200 seconds at Thu Mar 28 06:39:48 UTC 2019
3 ms. Memory: 208384K Free: 196487K (94%)
ptolemy.util.test.WatchDog.cancel(): canceling Thu Mar 28 06:39:48 UTC 2019
auto.tcl: Setting watchdog for 200 seconds at Thu Mar 28 06:39:48 UTC 2019
2 ms. Memory: 208384K Free: 196487K (94%)
ptolemy.util.test.WatchDog.cancel(): canceling Thu Mar 28 06:39:48 UTC 2019
------------------ testing $PTII/ptolemy/domains/de/test/auto/ClockDrift.xml
auto.tcl: Setting watchdog for 200 seconds at Thu Mar 28 06:39:48 UTC 2019
98 ms. Memory: 208384K Free: 187895K (90%)
ptolemy.util.test.WatchDog.cancel(): canceling Thu Mar 28 06:39:48 UTC 2019
auto.tcl: Setting watchdog for 200 seconds at Thu Mar 28 06:39:48 UTC 2019
52 ms. Memory: 208384K Free: 185854K (89%)
ptolemy.util.test.WatchDog.cancel(): canceling Thu Mar 28 06:39:48 UTC 2019
------------------ testing $PTII/ptolemy/domains/de/test/auto/ClockDriftAndValueChange.xml
auto.tcl: Setting watchdog for 200 seconds at Thu Mar 28 06:39:48 UTC 2019
52 ms. Memory: 208384K Free: 187730K (90%)
ptolemy.util.test.WatchDog.cancel(): canceling Thu Mar 28 06:39:48 UTC 2019
auto.tcl: Setting watchdog for 200 seconds at Thu Mar 28 06:39:48 UTC 2019
33 ms. Memory: 208384K Free: 185689K (89%)
ptolemy.util.test.WatchDog.cancel(): canceling Thu Mar 28 06:39:48 UTC 2019
------------------ testing $PTII/ptolemy/domains/de/test/auto/ClockDriftChange.xml
auto.tcl: Setting watchdog for 200 seconds at Thu Mar 28 06:39:48 UTC 2019
36 ms. Memory: 208384K Free: 190991K (92%)
ptolemy.util.test.WatchDog.cancel(): canceling Thu Mar 28 06:39:49 UTC 2019
auto.tcl: Setting watchdog for 200 seconds at Thu Mar 28 06:39:49 UTC 2019
29 ms. Memory: 208384K Free: 188950K (91%)
ptolemy.util.test.WatchDog.cancel(): canceling Thu Mar 28 06:39:49 UTC 2019
------------------ testing $PTII/ptolemy/domains/de/test/auto/ComposableCausalityAnalysis.xml
auto.tcl: Setting watchdog for 200 seconds at Thu Mar 28 06:39:49 UTC 2019
4 ms. Memory: 208384K Free: 196341K (94%)
ptolemy.util.test.WatchDog.cancel(): canceling Thu Mar 28 06:39:49 UTC 2019
auto.tcl: Setting watchdog for 200 seconds at Thu Mar 28 06:39:49 UTC 2019
2 ms. Memory: 208384K Free: 194300K (93%)
ptolemy.util.test.WatchDog.cancel(): canceling Thu Mar 28 06:39:49 UTC 2019
------------------ testing $PTII/ptolemy/domains/de/test/auto/DEFixedPointLimitation.xml
auto.tcl: Setting watchdog for 200 seconds at Thu Mar 28 06:39:49 UTC 2019
3 ms. Memory: 208384K Free: 198462K (95%)
ptolemy.util.test.WatchDog.cancel(): canceling Thu Mar 28 06:39:49 UTC 2019
auto.tcl: Setting watchdog for 200 seconds at Thu Mar 28 06:39:49 UTC 2019
1 ms. Memory: 208384K Free: 196421K (94%)
ptolemy.util.test.WatchDog.cancel(): canceling Thu Mar 28 06:39:49 UTC 2019
------------------ testing $PTII/ptolemy/domains/de/test/auto/DEScheduleTest.xml
auto.tcl: Setting watchdog for 200 seconds at Thu Mar 28 06:39:49 UTC 2019
11 ms. Memory: 208384K Free: 198498K (95%)
ptolemy.util.test.WatchDog.cancel(): canceling Thu Mar 28 06:39:49 UTC 2019
auto.tcl: Setting watchdog for 200 seconds at Thu Mar 28 06:39:49 UTC 2019
3 ms. Memory: 208384K Free: 196457K (94%)
ptolemy.util.test.WatchDog.cancel(): canceling Thu Mar 28 06:39:49 UTC 2019
------------------ testing $PTII/ptolemy/domains/de/test/auto/DEinDEwithStartTimes.xml
auto.tcl: Setting watchdog for 200 seconds at Thu Mar 28 06:39:49 UTC 2019
3 ms. Memory: 208384K Free: 196426K (94%)
ptolemy.util.test.WatchDog.cancel(): canceling Thu Mar 28 06:39:49 UTC 2019
auto.tcl: Setting watchdog for 200 seconds at Thu Mar 28 06:39:49 UTC 2019
3 ms. Memory: 208384K Free: 196426K (94%)
ptolemy.util.test.WatchDog.cancel(): canceling Thu Mar 28 06:39:49 UTC 2019
------------------ testing $PTII/ptolemy/domains/de/test/auto/DEinDEwithStartTimes2.xml
auto.tcl: Setting watchdog for 200 seconds at Thu Mar 28 06:39:49 UTC 2019
6 ms. Memory: 208384K Free: 196406K (94%)
ptolemy.util.test.WatchDog.cancel(): canceling Thu Mar 28 06:39:49 UTC 2019
auto.tcl: Setting watchdog for 200 seconds at Thu Mar 28 06:39:49 UTC 2019
6 ms. Memory: 208384K Free: 194365K (93%)
ptolemy.util.test.WatchDog.cancel(): canceling Thu Mar 28 06:39:49 UTC 2019
------------------ testing $PTII/ptolemy/domains/de/test/auto/DateDemo.xml
auto.tcl: Setting watchdog for 200 seconds at Thu Mar 28 06:39:49 UTC 2019
13 ms. Memory: 208384K Free: 189021K (91%)
ptolemy.util.test.WatchDog.cancel(): canceling Thu Mar 28 06:39:49 UTC 2019
auto.tcl: Setting watchdog for 200 seconds at Thu Mar 28 06:39:49 UTC 2019
10 ms. Memory: 208384K Free: 186980K (90%)
ptolemy.util.test.WatchDog.cancel(): canceling Thu Mar 28 06:39:49 UTC 2019
------------------ testing $PTII/ptolemy/domains/de/test/auto/DateToEvent.xml
auto.tcl: Setting watchdog for 200 seconds at Thu Mar 28 06:39:49 UTC 2019
2014 ms. Memory: 208384K Free: 183897K (88%)
ptolemy.util.test.WatchDog.cancel(): canceling Thu Mar 28 06:39:51 UTC 2019
auto.tcl: Setting watchdog for 200 seconds at Thu Mar 28 06:39:51 UTC 2019
2006 ms. Memory: 208384K Free: 183897K (88%)
ptolemy.util.test.WatchDog.cancel(): canceling Thu Mar 28 06:39:53 UTC 2019
------------------ testing $PTII/ptolemy/domains/de/test/auto/DepthTest1.xml
auto.tcl: Setting watchdog for 200 seconds at Thu Mar 28 06:39:53 UTC 2019
4 ms. Memory: 208384K Free: 195569K (94%)
ptolemy.util.test.WatchDog.cancel(): canceling Thu Mar 28 06:39:53 UTC 2019
auto.tcl: Setting watchdog for 200 seconds at Thu Mar 28 06:39:53 UTC 2019
5 ms. Memory: 208384K Free: 195569K (94%)
ptolemy.util.test.WatchDog.cancel(): canceling Thu Mar 28 06:39:53 UTC 2019
------------------ testing $PTII/ptolemy/domains/de/test/auto/DepthTest2.xml
auto.tcl: Setting watchdog for 200 seconds at Thu Mar 28 06:39:53 UTC 2019
9 ms. Memory: 208384K Free: 194377K (93%)
ptolemy.util.test.WatchDog.cancel(): canceling Thu Mar 28 06:39:53 UTC 2019
auto.tcl: Setting watchdog for 200 seconds at Thu Mar 28 06:39:53 UTC 2019
3 ms. Memory: 208384K Free: 194377K (93%)
ptolemy.util.test.WatchDog.cancel(): canceling Thu Mar 28 06:39:53 UTC 2019
------------------ testing $PTII/ptolemy/domains/de/test/auto/DepthTest3.xml
auto.tcl: Setting watchdog for 200 seconds at Thu Mar 28 06:39:54 UTC 2019
2 ms. Memory: 208384K Free: 198880K (95%)
ptolemy.util.test.WatchDog.cancel(): canceling Thu Mar 28 06:39:54 UTC 2019
auto.tcl: Setting watchdog for 200 seconds at Thu Mar 28 06:39:54 UTC 2019
2 ms. Memory: 208384K Free: 198880K (95%)
ptolemy.util.test.WatchDog.cancel(): canceling Thu Mar 28 06:39:54 UTC 2019
------------------ testing $PTII/ptolemy/domains/de/test/auto/DepthTest4.xml
auto.tcl: Setting watchdog for 200 seconds at Thu Mar 28 06:39:54 UTC 2019
6 ms. Memory: 208384K Free: 196408K (94%)
ptolemy.util.test.WatchDog.cancel(): canceling Thu Mar 28 06:39:54 UTC 2019
auto.tcl: Setting watchdog for 200 seconds at Thu Mar 28 06:39:54 UTC 2019
3 ms. Memory: 208384K Free: 196408K (94%)
ptolemy.util.test.WatchDog.cancel(): canceling Thu Mar 28 06:39:54 UTC 2019
------------------ testing $PTII/ptolemy/domains/de/test/auto/DepthTest5.xml
auto.tcl: Setting watchdog for 200 seconds at Thu Mar 28 06:39:54 UTC 2019
3 ms. Memory: 208384K Free: 196872K (94%)
ptolemy.util.test.WatchDog.cancel(): canceling Thu Mar 28 06:39:54 UTC 2019
auto.tcl: Setting watchdog for 200 seconds at Thu Mar 28 06:39:54 UTC 2019
2 ms. Memory: 208384K Free: 196872K (94%)
ptolemy.util.test.WatchDog.cancel(): canceling Thu Mar 28 06:39:54 UTC 2019
------------------ testing $PTII/ptolemy/domains/de/test/auto/DepthTest6.xml
auto.tcl: Setting watchdog for 200 seconds at Thu Mar 28 06:39:54 UTC 2019
13 ms. Memory: 208384K Free: 196849K (94%)
ptolemy.util.test.WatchDog.cancel(): canceling Thu Mar 28 06:39:54 UTC 2019
auto.tcl: Setting watchdog for 200 seconds at Thu Mar 28 06:39:54 UTC 2019
3 ms. Memory: 208384K Free: 196849K (94%)
ptolemy.util.test.WatchDog.cancel(): canceling Thu Mar 28 06:39:54 UTC 2019
------------------ testing $PTII/ptolemy/domains/de/test/auto/DepthTest7.xml
auto.tcl: Setting watchdog for 200 seconds at Thu Mar 28 06:39:54 UTC 2019
3 ms. Memory: 208384K Free: 195082K (94%)
ptolemy.util.test.WatchDog.cancel(): canceling Thu Mar 28 06:39:54 UTC 2019
auto.tcl: Setting watchdog for 200 seconds at Thu Mar 28 06:39:54 UTC 2019
2 ms. Memory: 208384K Free: 195082K (94%)
ptolemy.util.test.WatchDog.cancel(): canceling Thu Mar 28 06:39:54 UTC 2019
------------------ testing $PTII/ptolemy/domains/de/test/auto/EventToDate.xml
auto.tcl: Setting watchdog for 200 seconds at Thu Mar 28 06:39:54 UTC 2019
3010 ms. Memory: 208384K Free: 186119K (89%)
ptolemy.util.test.WatchDog.cancel(): canceling Thu Mar 28 06:39:57 UTC 2019
auto.tcl: Setting watchdog for 200 seconds at Thu Mar 28 06:39:57 UTC 2019
3005 ms. Memory: 208384K Free: 186119K (89%)
ptolemy.util.test.WatchDog.cancel(): canceling Thu Mar 28 06:40:00 UTC 2019
------------------ testing $PTII/ptolemy/domains/de/test/auto/FSM1.xml
auto.tcl: Setting watchdog for 200 seconds at Thu Mar 28 06:40:00 UTC 2019
40 ms. Memory: 208384K Free: 190001K (91%)
ptolemy.util.test.WatchDog.cancel(): canceling Thu Mar 28 06:40:00 UTC 2019
auto.tcl: Setting watchdog for 200 seconds at Thu Mar 28 06:40:00 UTC 2019
29 ms. Memory: 208384K Free: 185919K (89%)
ptolemy.util.test.WatchDog.cancel(): canceling Thu Mar 28 06:40:00 UTC 2019
------------------ testing $PTII/ptolemy/domains/de/test/auto/FSM7.xml
auto.tcl: Setting watchdog for 200 seconds at Thu Mar 28 06:40:00 UTC 2019
24 ms. Memory: 208384K Free: 188457K (90%)
ptolemy.util.test.WatchDog.cancel(): canceling Thu Mar 28 06:40:00 UTC 2019
auto.tcl: Setting watchdog for 200 seconds at Thu Mar 28 06:40:00 UTC 2019
23 ms. Memory: 208384K Free: 184374K (88%)
ptolemy.util.test.WatchDog.cancel(): canceling Thu Mar 28 06:40:00 UTC 2019
------------------ testing $PTII/ptolemy/domains/de/test/auto/Inspection.xml
auto.tcl: Setting watchdog for 200 seconds at Thu Mar 28 06:40:00 UTC 2019
36 ms. Memory: 208384K Free: 189376K (91%)
ptolemy.util.test.WatchDog.cancel(): canceling Thu Mar 28 06:40:00 UTC 2019
auto.tcl: Setting watchdog for 200 seconds at Thu Mar 28 06:40:00 UTC 2019
28 ms. Memory: 208384K Free: 187334K (90%)
ptolemy.util.test.WatchDog.cancel(): canceling Thu Mar 28 06:40:00 UTC 2019
------------------ testing $PTII/ptolemy/domains/de/test/auto/Iteration.xml
auto.tcl: Setting watchdog for 200 seconds at Thu Mar 28 06:40:01 UTC 2019
20 ms. Memory: 208384K Free: 194888K (94%)
ptolemy.util.test.WatchDog.cancel(): canceling Thu Mar 28 06:40:01 UTC 2019
auto.tcl: Setting watchdog for 200 seconds at Thu Mar 28 06:40:01 UTC 2019
8 ms. Memory: 208384K Free: 192847K (93%)
ptolemy.util.test.WatchDog.cancel(): canceling Thu Mar 28 06:40:01 UTC 2019
------------------ testing $PTII/ptolemy/domains/de/test/auto/LineFault.xml
auto.tcl: Setting watchdog for 200 seconds at Thu Mar 28 06:40:01 UTC 2019
694 ms. Memory: 208384K Free: 199841K (96%)
ptolemy.util.test.WatchDog.cancel(): canceling Thu Mar 28 06:40:02 UTC 2019
auto.tcl: Setting watchdog for 200 seconds at Thu Mar 28 06:40:02 UTC 2019
585 ms. Memory: 208384K Free: 142425K (68%)
ptolemy.util.test.WatchDog.cancel(): canceling Thu Mar 28 06:40:02 UTC 2019
------------------ testing $PTII/ptolemy/domains/de/test/auto/MergeModel1Add.xml
auto.tcl: Setting watchdog for 200 seconds at Thu Mar 28 06:40:02 UTC 2019
16 ms. Memory: 331264K Free: 300812K (91%)
ptolemy.util.test.WatchDog.cancel(): canceling Thu Mar 28 06:40:02 UTC 2019
auto.tcl: Setting watchdog for 200 seconds at Thu Mar 28 06:40:02 UTC 2019
10 ms. Memory: 331264K Free: 300812K (91%)
ptolemy.util.test.WatchDog.cancel(): canceling Thu Mar 28 06:40:02 UTC 2019
------------------ testing $PTII/ptolemy/domains/de/test/auto/MergeModel2Add.xml
auto.tcl: Setting watchdog for 200 seconds at Thu Mar 28 06:40:02 UTC 2019
11 ms. Memory: 331264K Free: 305733K (92%)
ptolemy.util.test.WatchDog.cancel(): canceling Thu Mar 28 06:40:03 UTC 2019
auto.tcl: Setting watchdog for 200 seconds at Thu Mar 28 06:40:03 UTC 2019
12 ms. Memory: 331264K Free: 302166K (91%)
ptolemy.util.test.WatchDog.cancel(): canceling Thu Mar 28 06:40:03 UTC 2019
------------------ testing $PTII/ptolemy/domains/de/test/auto/MergeModel3Add.xml
auto.tcl: Setting watchdog for 200 seconds at Thu Mar 28 06:40:03 UTC 2019
18 ms. Memory: 331264K Free: 305712K (92%)
ptolemy.util.test.WatchDog.cancel(): canceling Thu Mar 28 06:40:03 UTC 2019
auto.tcl: Setting watchdog for 200 seconds at Thu Mar 28 06:40:03 UTC 2019
11 ms. Memory: 331264K Free: 302144K (91%)
ptolemy.util.test.WatchDog.cancel(): canceling Thu Mar 28 06:40:03 UTC 2019
------------------ testing $PTII/ptolemy/domains/de/test/auto/MergeWithoutDiscard.xml
auto.tcl: Setting watchdog for 200 seconds at Thu Mar 28 06:40:03 UTC 2019
2 ms. Memory: 331264K Free: 317117K (96%)
ptolemy.util.test.WatchDog.cancel(): canceling Thu Mar 28 06:40:03 UTC 2019
auto.tcl: Setting watchdog for 200 seconds at Thu Mar 28 06:40:03 UTC 2019
1 ms. Memory: 331264K Free: 317117K (96%)
ptolemy.util.test.WatchDog.cancel(): canceling Thu Mar 28 06:40:03 UTC 2019
------------------ testing $PTII/ptolemy/domains/de/test/auto/Modal1.xml
auto.tcl: Setting watchdog for 200 seconds at Thu Mar 28 06:40:03 UTC 2019
18 ms. Memory: 331264K Free: 310314K (94%)
ptolemy.util.test.WatchDog.cancel(): canceling Thu Mar 28 06:40:03 UTC 2019
auto.tcl: Setting watchdog for 200 seconds at Thu Mar 28 06:40:03 UTC 2019
29 ms. Memory: 331264K Free: 306747K (93%)
ptolemy.util.test.WatchDog.cancel(): canceling Thu Mar 28 06:40:03 UTC 2019
------------------ testing $PTII/ptolemy/domains/de/test/auto/Modal2.xml
auto.tcl: Setting watchdog for 200 seconds at Thu Mar 28 06:40:03 UTC 2019
13 ms. Memory: 331264K Free: 310199K (94%)
ptolemy.util.test.WatchDog.cancel(): canceling Thu Mar 28 06:40:03 UTC 2019
auto.tcl: Setting watchdog for 200 seconds at Thu Mar 28 06:40:03 UTC 2019
24 ms. Memory: 331264K Free: 306631K (93%)
ptolemy.util.test.WatchDog.cancel(): canceling Thu Mar 28 06:40:03 UTC 2019
------------------ testing $PTII/ptolemy/domains/de/test/auto/Modal3.xml
auto.tcl: Setting watchdog for 200 seconds at Thu Mar 28 06:40:03 UTC 2019
15 ms. Memory: 331264K Free: 310861K (94%)
ptolemy.util.test.WatchDog.cancel(): canceling Thu Mar 28 06:40:03 UTC 2019
auto.tcl: Setting watchdog for 200 seconds at Thu Mar 28 06:40:03 UTC 2019
16 ms. Memory: 331264K Free: 306618K (93%)
ptolemy.util.test.WatchDog.cancel(): canceling Thu Mar 28 06:40:03 UTC 2019
------------------ testing $PTII/ptolemy/domains/de/test/auto/Modal4.xml
auto.tcl: Setting watchdog for 200 seconds at Thu Mar 28 06:40:03 UTC 2019
14 ms. Memory: 331264K Free: 310199K (94%)
ptolemy.util.test.WatchDog.cancel(): canceling Thu Mar 28 06:40:03 UTC 2019
auto.tcl: Setting watchdog for 200 seconds at Thu Mar 28 06:40:03 UTC 2019
16 ms. Memory: 331264K Free: 306632K (93%)
ptolemy.util.test.WatchDog.cancel(): canceling Thu Mar 28 06:40:03 UTC 2019
------------------ testing $PTII/ptolemy/domains/de/test/auto/Modal5.xml
auto.tcl: Setting watchdog for 200 seconds at Thu Mar 28 06:40:03 UTC 2019
19 ms. Memory: 331264K Free: 310186K (94%)
ptolemy.util.test.WatchDog.cancel(): canceling Thu Mar 28 06:40:03 UTC 2019
auto.tcl: Setting watchdog for 200 seconds at Thu Mar 28 06:40:03 UTC 2019
14 ms. Memory: 331264K Free: 306619K (93%)
ptolemy.util.test.WatchDog.cancel(): canceling Thu Mar 28 06:40:03 UTC 2019
------------------ testing $PTII/ptolemy/domains/de/test/auto/Modal6.xml
auto.tcl: Setting watchdog for 200 seconds at Thu Mar 28 06:40:03 UTC 2019
13 ms. Memory: 331264K Free: 310183K (94%)
ptolemy.util.test.WatchDog.cancel(): canceling Thu Mar 28 06:40:04 UTC 2019
auto.tcl: Setting watchdog for 200 seconds at Thu Mar 28 06:40:04 UTC 2019
14 ms. Memory: 331264K Free: 306616K (93%)
ptolemy.util.test.WatchDog.cancel(): canceling Thu Mar 28 06:40:04 UTC 2019
------------------ testing $PTII/ptolemy/domains/de/test/auto/Modal7.xml
auto.tcl: Setting watchdog for 200 seconds at Thu Mar 28 06:40:04 UTC 2019
19 ms. Memory: 331264K Free: 306616K (93%)
ptolemy.util.test.WatchDog.cancel(): canceling Thu Mar 28 06:40:04 UTC 2019
auto.tcl: Setting watchdog for 200 seconds at Thu Mar 28 06:40:04 UTC 2019
11 ms. Memory: 331264K Free: 303049K (91%)
ptolemy.util.test.WatchDog.cancel(): canceling Thu Mar 28 06:40:04 UTC 2019
------------------ testing $PTII/ptolemy/domains/de/test/auto/ModalModel.xml
auto.tcl: Setting watchdog for 200 seconds at Thu Mar 28 06:40:04 UTC 2019
187 ms. Memory: 331264K Free: 247840K (75%)
ptolemy.util.test.WatchDog.cancel(): canceling Thu Mar 28 06:40:04 UTC 2019
auto.tcl: Setting watchdog for 200 seconds at Thu Mar 28 06:40:04 UTC 2019
183 ms. Memory: 331264K Free: 190762K (58%)
ptolemy.util.test.WatchDog.cancel(): canceling Thu Mar 28 06:40:04 UTC 2019
------------------ testing $PTII/ptolemy/domains/de/test/auto/ModalSource.xml
auto.tcl: Setting watchdog for 200 seconds at Thu Mar 28 06:40:04 UTC 2019
6 ms. Memory: 331264K Free: 316900K (96%)
ptolemy.util.test.WatchDog.cancel(): canceling Thu Mar 28 06:40:04 UTC 2019
auto.tcl: Setting watchdog for 200 seconds at Thu Mar 28 06:40:04 UTC 2019
5 ms. Memory: 331264K Free: 313633K (95%)
ptolemy.util.test.WatchDog.cancel(): canceling Thu Mar 28 06:40:04 UTC 2019
------------------ testing $PTII/ptolemy/domains/de/test/auto/NonInterruptibleTimerZeroDelay.xml
auto.tcl: Setting watchdog for 200 seconds at Thu Mar 28 06:40:04 UTC 2019
4 ms. Memory: 331264K Free: 320820K (97%)
ptolemy.util.test.WatchDog.cancel(): canceling Thu Mar 28 06:40:04 UTC 2019
auto.tcl: Setting watchdog for 200 seconds at Thu Mar 28 06:40:04 UTC 2019
3 ms. Memory: 331264K Free: 317553K (96%)
ptolemy.util.test.WatchDog.cancel(): canceling Thu Mar 28 06:40:04 UTC 2019
------------------ testing $PTII/ptolemy/domains/de/test/auto/OpenQueueingNetwork.xml
auto.tcl: Setting watchdog for 200 seconds at Thu Mar 28 06:40:04 UTC 2019
3021 ms. Memory: 317952K Free: 150691K (47%)
ptolemy.util.test.WatchDog.cancel(): canceling Thu Mar 28 06:40:08 UTC 2019
auto.tcl: Setting watchdog for 200 seconds at Thu Mar 28 06:40:08 UTC 2019
2480 ms. Memory: 287232K Free: 227588K (79%)
ptolemy.util.test.WatchDog.cancel(): canceling Thu Mar 28 06:40:10 UTC 2019
------------------ testing $PTII/ptolemy/domains/de/test/auto/OpenQueuingNetwork.xml
auto.tcl: Setting watchdog for 200 seconds at Thu Mar 28 06:40:10 UTC 2019
222 ms. Memory: 287232K Free: 187639K (65%)
ptolemy.util.test.WatchDog.cancel(): canceling Thu Mar 28 06:40:10 UTC 2019
auto.tcl: Setting watchdog for 200 seconds at Thu Mar 28 06:40:10 UTC 2019
215 ms. Memory: 287232K Free: 128335K (45%)
ptolemy.util.test.WatchDog.cancel(): canceling Thu Mar 28 06:40:11 UTC 2019
------------------ testing $PTII/ptolemy/domains/de/test/auto/PeriodicSampler.xml
auto.tcl: Setting watchdog for 200 seconds at Thu Mar 28 06:40:11 UTC 2019
3 ms. Memory: 289792K Free: 277491K (96%)
ptolemy.util.test.WatchDog.cancel(): canceling Thu Mar 28 06:40:11 UTC 2019
auto.tcl: Setting watchdog for 200 seconds at Thu Mar 28 06:40:11 UTC 2019
2 ms. Memory: 289792K Free: 274637K (95%)
ptolemy.util.test.WatchDog.cancel(): canceling Thu Mar 28 06:40:11 UTC 2019
------------------ testing $PTII/ptolemy/domains/de/test/auto/PersistentIO.xml
auto.tcl: Setting watchdog for 200 seconds at Thu Mar 28 06:40:11 UTC 2019
5 ms. Memory: 287232K Free: 269823K (94%)
ptolemy.util.test.WatchDog.cancel(): canceling Thu Mar 28 06:40:11 UTC 2019
auto.tcl: Setting watchdog for 200 seconds at Thu Mar 28 06:40:11 UTC 2019
4 ms. Memory: 287232K Free: 266969K (93%)
ptolemy.util.test.WatchDog.cancel(): canceling Thu Mar 28 06:40:11 UTC 2019
------------------ testing $PTII/ptolemy/domains/de/test/auto/PortParameterResetOnInitialize.xml
auto.tcl: Setting watchdog for 200 seconds at Thu Mar 28 06:40:11 UTC 2019
2 ms. Memory: 289280K Free: 274431K (95%)
ptolemy.util.test.WatchDog.cancel(): canceling Thu Mar 28 06:40:11 UTC 2019
auto.tcl: Setting watchdog for 200 seconds at Thu Mar 28 06:40:11 UTC 2019
1 ms. Memory: 289280K Free: 274431K (95%)
ptolemy.util.test.WatchDog.cancel(): canceling Thu Mar 28 06:40:11 UTC 2019
------------------ testing $PTII/ptolemy/domains/de/test/auto/PortParameterUpdates.xml
auto.tcl: Setting watchdog for 200 seconds at Thu Mar 28 06:40:11 UTC 2019
5 ms. Memory: 287232K Free: 272516K (95%)
ptolemy.util.test.WatchDog.cancel(): canceling Thu Mar 28 06:40:11 UTC 2019
auto.tcl: Setting watchdog for 200 seconds at Thu Mar 28 06:40:11 UTC 2019
4 ms. Memory: 287232K Free: 269662K (94%)
ptolemy.util.test.WatchDog.cancel(): canceling Thu Mar 28 06:40:11 UTC 2019
------------------ testing $PTII/ptolemy/domains/de/test/auto/QueueAndServer.xml
auto.tcl: Setting watchdog for 200 seconds at Thu Mar 28 06:40:11 UTC 2019
16 ms. Memory: 289280K Free: 273731K (95%)
ptolemy.util.test.WatchDog.cancel(): canceling Thu Mar 28 06:40:11 UTC 2019
auto.tcl: Setting watchdog for 200 seconds at Thu Mar 28 06:40:11 UTC 2019
6 ms. Memory: 289280K Free: 273731K (95%)
ptolemy.util.test.WatchDog.cancel(): canceling Thu Mar 28 06:40:11 UTC 2019
------------------ testing $PTII/ptolemy/domains/de/test/auto/Records.xml
auto.tcl: Setting watchdog for 200 seconds at Thu Mar 28 06:40:11 UTC 2019
3 ms. Memory: 287232K Free: 274480K (96%)
ptolemy.util.test.WatchDog.cancel(): canceling Thu Mar 28 06:40:11 UTC 2019
auto.tcl: Setting watchdog for 200 seconds at Thu Mar 28 06:40:11 UTC 2019
2 ms. Memory: 287232K Free: 274480K (96%)
ptolemy.util.test.WatchDog.cancel(): canceling Thu Mar 28 06:40:11 UTC 2019
------------------ testing $PTII/ptolemy/domains/de/test/auto/ResetTransitionWithStartTime1.xml
auto.tcl: Setting watchdog for 200 seconds at Thu Mar 28 06:40:11 UTC 2019
13 ms. Memory: 288768K Free: 273338K (95%)
ptolemy.util.test.WatchDog.cancel(): canceling Thu Mar 28 06:40:11 UTC 2019
auto.tcl: Setting watchdog for 200 seconds at Thu Mar 28 06:40:11 UTC 2019
6 ms. Memory: 288768K Free: 270329K (94%)
ptolemy.util.test.WatchDog.cancel(): canceling Thu Mar 28 06:40:11 UTC 2019
------------------ testing $PTII/ptolemy/domains/de/test/auto/ResetTransitionWithStartTime2.xml
auto.tcl: Setting watchdog for 200 seconds at Thu Mar 28 06:40:11 UTC 2019
6 ms. Memory: 287232K Free: 271793K (95%)
ptolemy.util.test.WatchDog.cancel(): canceling Thu Mar 28 06:40:11 UTC 2019
auto.tcl: Setting watchdog for 200 seconds at Thu Mar 28 06:40:11 UTC 2019
7 ms. Memory: 287232K Free: 267677K (93%)
ptolemy.util.test.WatchDog.cancel(): canceling Thu Mar 28 06:40:11 UTC 2019
------------------ testing $PTII/ptolemy/domains/de/test/auto/ResetTransitionWithStartTime3.xml
auto.tcl: Setting watchdog for 200 seconds at Thu Mar 28 06:40:11 UTC 2019
7 ms. Memory: 288768K Free: 273173K (95%)
ptolemy.util.test.WatchDog.cancel(): canceling Thu Mar 28 06:40:11 UTC 2019
auto.tcl: Setting watchdog for 200 seconds at Thu Mar 28 06:40:11 UTC 2019
6 ms. Memory: 288768K Free: 273173K (95%)
ptolemy.util.test.WatchDog.cancel(): canceling Thu Mar 28 06:40:11 UTC 2019
------------------ testing $PTII/ptolemy/domains/de/test/auto/ResetTransitionWithStartTime4.xml
auto.tcl: Setting watchdog for 200 seconds at Thu Mar 28 06:40:11 UTC 2019
5 ms. Memory: 287232K Free: 271636K (95%)
ptolemy.util.test.WatchDog.cancel(): canceling Thu Mar 28 06:40:11 UTC 2019
auto.tcl: Setting watchdog for 200 seconds at Thu Mar 28 06:40:11 UTC 2019
4 ms. Memory: 287232K Free: 271636K (95%)
ptolemy.util.test.WatchDog.cancel(): canceling Thu Mar 28 06:40:11 UTC 2019
------------------ testing $PTII/ptolemy/domains/de/test/auto/ResettableTimer1.xml
auto.tcl: Setting watchdog for 200 seconds at Thu Mar 28 06:40:11 UTC 2019
3 ms. Memory: 288768K Free: 276021K (96%)
ptolemy.util.test.WatchDog.cancel(): canceling Thu Mar 28 06:40:11 UTC 2019
auto.tcl: Setting watchdog for 200 seconds at Thu Mar 28 06:40:11 UTC 2019
2 ms. Memory: 288768K Free: 276021K (96%)
ptolemy.util.test.WatchDog.cancel(): canceling Thu Mar 28 06:40:11 UTC 2019
------------------ testing $PTII/ptolemy/domains/de/test/auto/ResettableTimer2.xml
auto.tcl: Setting watchdog for 200 seconds at Thu Mar 28 06:40:12 UTC 2019
3 ms. Memory: 287232K Free: 274698K (96%)
ptolemy.util.test.WatchDog.cancel(): canceling Thu Mar 28 06:40:12 UTC 2019
auto.tcl: Setting watchdog for 200 seconds at Thu Mar 28 06:40:12 UTC 2019
4 ms. Memory: 287232K Free: 274698K (96%)
ptolemy.util.test.WatchDog.cancel(): canceling Thu Mar 28 06:40:12 UTC 2019
------------------ testing $PTII/ptolemy/domains/de/test/auto/ResettableTimer3.xml
auto.tcl: Setting watchdog for 200 seconds at Thu Mar 28 06:40:12 UTC 2019
1 ms. Memory: 288256K Free: 275567K (96%)
ptolemy.util.test.WatchDog.cancel(): canceling Thu Mar 28 06:40:12 UTC 2019
auto.tcl: Setting watchdog for 200 seconds at Thu Mar 28 06:40:12 UTC 2019
2 ms. Memory: 288256K Free: 275567K (96%)
ptolemy.util.test.WatchDog.cancel(): canceling Thu Mar 28 06:40:12 UTC 2019
------------------ testing $PTII/ptolemy/domains/de/test/auto/ResettableTimer4.xml
auto.tcl: Setting watchdog for 200 seconds at Thu Mar 28 06:40:12 UTC 2019
1 ms. Memory: 287232K Free: 274711K (96%)
ptolemy.util.test.WatchDog.cancel(): canceling Thu Mar 28 06:40:12 UTC 2019
auto.tcl: Setting watchdog for 200 seconds at Thu Mar 28 06:40:12 UTC 2019
2 ms. Memory: 287232K Free: 274711K (96%)
ptolemy.util.test.WatchDog.cancel(): canceling Thu Mar 28 06:40:12 UTC 2019
------------------ testing $PTII/ptolemy/domains/de/test/auto/ResettableTimer5.xml
auto.tcl: Setting watchdog for 200 seconds at Thu Mar 28 06:40:12 UTC 2019
1 ms. Memory: 288256K Free: 273675K (95%)
ptolemy.util.test.WatchDog.cancel(): canceling Thu Mar 28 06:40:12 UTC 2019
auto.tcl: Setting watchdog for 200 seconds at Thu Mar 28 06:40:12 UTC 2019
1 ms. Memory: 288256K Free: 273675K (95%)
ptolemy.util.test.WatchDog.cancel(): canceling Thu Mar 28 06:40:12 UTC 2019
------------------ testing $PTII/ptolemy/domains/de/test/auto/ResettableTimer6.xml
auto.tcl: Setting watchdog for 200 seconds at Thu Mar 28 06:40:12 UTC 2019
2 ms. Memory: 287232K Free: 272445K (95%)
ptolemy.util.test.WatchDog.cancel(): canceling Thu Mar 28 06:40:12 UTC 2019
auto.tcl: Setting watchdog for 200 seconds at Thu Mar 28 06:40:12 UTC 2019
2 ms. Memory: 287232K Free: 272445K (95%)
ptolemy.util.test.WatchDog.cancel(): canceling Thu Mar 28 06:40:12 UTC 2019
------------------ testing $PTII/ptolemy/domains/de/test/auto/ServerZeroDelay.xml
auto.tcl: Setting watchdog for 200 seconds at Thu Mar 28 06:40:12 UTC 2019
2 ms. Memory: 288256K Free: 275673K (96%)
ptolemy.util.test.WatchDog.cancel(): canceling Thu Mar 28 06:40:12 UTC 2019
auto.tcl: Setting watchdog for 200 seconds at Thu Mar 28 06:40:12 UTC 2019
2 ms. Memory: 288256K Free: 275673K (96%)
ptolemy.util.test.WatchDog.cancel(): canceling Thu Mar 28 06:40:12 UTC 2019
------------------ testing $PTII/ptolemy/domains/de/test/auto/SmartSender.xml
auto.tcl: Setting watchdog for 200 seconds at Thu Mar 28 06:40:12 UTC 2019
3001 ms. Memory: 287232K Free: 272586K (95%)
ptolemy.util.test.WatchDog.cancel(): canceling Thu Mar 28 06:40:15 UTC 2019
auto.tcl: Setting watchdog for 200 seconds at Thu Mar 28 06:40:15 UTC 2019
3002 ms. Memory: 287232K Free: 272586K (95%)
ptolemy.util.test.WatchDog.cancel(): canceling Thu Mar 28 06:40:18 UTC 2019
------------------ testing $PTII/ptolemy/domains/de/test/auto/ThreadedComposite.xml
auto.tcl: Setting watchdog for 200 seconds at Thu Mar 28 06:40:18 UTC 2019
237 ms. Memory: 288256K Free: 252524K (88%)
ptolemy.util.test.WatchDog.cancel(): canceling Thu Mar 28 06:40:18 UTC 2019
auto.tcl: Setting watchdog for 200 seconds at Thu Mar 28 06:40:18 UTC 2019
166 ms. Memory: 288256K Free: 237320K (82%)
ptolemy.util.test.WatchDog.cancel(): canceling Thu Mar 28 06:40:18 UTC 2019
------------------ testing $PTII/ptolemy/domains/de/test/auto/Time.xml
auto.tcl: Setting watchdog for 200 seconds at Thu Mar 28 06:40:18 UTC 2019
504 ms. Memory: 287232K Free: 222757K (78%)
ptolemy.util.test.WatchDog.cancel(): canceling Thu Mar 28 06:40:19 UTC 2019
auto.tcl: Setting watchdog for 200 seconds at Thu Mar 28 06:40:19 UTC 2019
489 ms. Memory: 287232K Free: 168527K (59%)
ptolemy.util.test.WatchDog.cancel(): canceling Thu Mar 28 06:40:19 UTC 2019
------------------ testing $PTII/ptolemy/domains/de/test/auto/TimeDelayZeroDelay.xml
auto.tcl: Setting watchdog for 200 seconds at Thu Mar 28 06:40:19 UTC 2019
2 ms. Memory: 287744K Free: 275527K (96%)
ptolemy.util.test.WatchDog.cancel(): canceling Thu Mar 28 06:40:20 UTC 2019
auto.tcl: Setting watchdog for 200 seconds at Thu Mar 28 06:40:20 UTC 2019
2 ms. Memory: 287744K Free: 275527K (96%)
ptolemy.util.test.WatchDog.cancel(): canceling Thu Mar 28 06:40:20 UTC 2019
------------------ testing $PTII/ptolemy/domains/de/test/auto/TimerZeroDelay.xml
auto.tcl: Setting watchdog for 200 seconds at Thu Mar 28 06:40:20 UTC 2019
3 ms. Memory: 287232K Free: 275144K (96%)
ptolemy.util.test.WatchDog.cancel(): canceling Thu Mar 28 06:40:20 UTC 2019
auto.tcl: Setting watchdog for 200 seconds at Thu Mar 28 06:40:20 UTC 2019
2 ms. Memory: 287232K Free: 275144K (96%)
ptolemy.util.test.WatchDog.cancel(): canceling Thu Mar 28 06:40:20 UTC 2019
------------------ testing $PTII/ptolemy/domains/de/test/auto/TimingParadox.xml
auto.tcl: Setting watchdog for 200 seconds at Thu Mar 28 06:40:20 UTC 2019
334 ms. Memory: 287744K Free: 209506K (73%)
ptolemy.util.test.WatchDog.cancel(): canceling Thu Mar 28 06:40:20 UTC 2019
auto.tcl: Setting watchdog for 200 seconds at Thu Mar 28 06:40:20 UTC 2019
329 ms. Memory: 287744K Free: 175977K (61%)
ptolemy.util.test.WatchDog.cancel(): canceling Thu Mar 28 06:40:20 UTC 2019
------------------ testing $PTII/ptolemy/domains/de/test/auto/TransferInputs.xml
auto.tcl: Setting watchdog for 200 seconds at Thu Mar 28 06:40:20 UTC 2019
2 ms. Memory: 287744K Free: 274613K (95%)
ptolemy.util.test.WatchDog.cancel(): canceling Thu Mar 28 06:40:20 UTC 2019
auto.tcl: Setting watchdog for 200 seconds at Thu Mar 28 06:40:20 UTC 2019
2 ms. Memory: 287744K Free: 274613K (95%)
ptolemy.util.test.WatchDog.cancel(): canceling Thu Mar 28 06:40:20 UTC 2019
------------------ testing $PTII/ptolemy/domains/de/test/auto/TransferOutputs2.xml
auto.tcl: Setting watchdog for 200 seconds at Thu Mar 28 06:40:21 UTC 2019
3 ms. Memory: 287232K Free: 270571K (94%)
ptolemy.util.test.WatchDog.cancel(): canceling Thu Mar 28 06:40:21 UTC 2019
auto.tcl: Setting watchdog for 200 seconds at Thu Mar 28 06:40:21 UTC 2019
3 ms. Memory: 287232K Free: 267974K (93%)
ptolemy.util.test.WatchDog.cancel(): canceling Thu Mar 28 06:40:21 UTC 2019
------------------ testing $PTII/ptolemy/domains/de/test/auto/Trilateration.xml
auto.tcl: Setting watchdog for 200 seconds at Thu Mar 28 06:40:21 UTC 2019
15312 ms. Memory: 473088K Free: 294895K (62%)
ptolemy.util.test.WatchDog.cancel(): canceling Thu Mar 28 06:40:37 UTC 2019
auto.tcl: Setting watchdog for 200 seconds at Thu Mar 28 06:40:37 UTC 2019
11148 ms. Memory: 352256K Free: 234166K (66%)
ptolemy.util.test.WatchDog.cancel(): canceling Thu Mar 28 06:40:48 UTC 2019
------------------ testing $PTII/ptolemy/domains/de/test/auto/TwoSigmaDelta.xml
auto.tcl: Setting watchdog for 200 seconds at Thu Mar 28 06:40:48 UTC 2019
2686 ms. Memory: 349184K Free: 64929K (19%)
ptolemy.util.test.WatchDog.cancel(): canceling Thu Mar 28 06:40:51 UTC 2019
auto.tcl: Setting watchdog for 200 seconds at Thu Mar 28 06:40:51 UTC 2019
2051 ms. Memory: 339968K Free: 90577K (27%)
ptolemy.util.test.WatchDog.cancel(): canceling Thu Mar 28 06:40:53 UTC 2019
------------------ testing $PTII/ptolemy/domains/de/test/auto/VariableDelay.xml
auto.tcl: Setting watchdog for 200 seconds at Thu Mar 28 06:40:53 UTC 2019
3 ms. Memory: 337408K Free: 325531K (96%)
ptolemy.util.test.WatchDog.cancel(): canceling Thu Mar 28 06:40:53 UTC 2019
auto.tcl: Setting watchdog for 200 seconds at Thu Mar 28 06:40:53 UTC 2019
2 ms. Memory: 337408K Free: 321548K (95%)
ptolemy.util.test.WatchDog.cancel(): canceling Thu Mar 28 06:40:53 UTC 2019
------------------ testing $PTII/ptolemy/domains/de/test/auto/VariableDelay2.xml
auto.tcl: Setting watchdog for 200 seconds at Thu Mar 28 06:40:53 UTC 2019
6 ms. Memory: 339456K Free: 327989K (97%)
ptolemy.util.test.WatchDog.cancel(): canceling Thu Mar 28 06:40:53 UTC 2019
auto.tcl: Setting watchdog for 200 seconds at Thu Mar 28 06:40:53 UTC 2019
2 ms. Memory: 339456K Free: 324006K (95%)
ptolemy.util.test.WatchDog.cancel(): canceling Thu Mar 28 06:40:53 UTC 2019
------------------ testing $PTII/ptolemy/domains/de/test/auto/VariableDelayZeroDelay.xml
auto.tcl: Setting watchdog for 200 seconds at Thu Mar 28 06:40:53 UTC 2019
2 ms. Memory: 337408K Free: 323380K (96%)
ptolemy.util.test.WatchDog.cancel(): canceling Thu Mar 28 06:40:53 UTC 2019
auto.tcl: Setting watchdog for 200 seconds at Thu Mar 28 06:40:53 UTC 2019
2 ms. Memory: 337408K Free: 323380K (96%)
ptolemy.util.test.WatchDog.cancel(): canceling Thu Mar 28 06:40:53 UTC 2019
------------------ testing $PTII/ptolemy/domains/de/test/auto/VariableDelayZeroDelay2.xml
auto.tcl: Setting watchdog for 200 seconds at Thu Mar 28 06:40:53 UTC 2019
2 ms. Memory: 339456K Free: 325426K (96%)
ptolemy.util.test.WatchDog.cancel(): canceling Thu Mar 28 06:40:53 UTC 2019
auto.tcl: Setting watchdog for 200 seconds at Thu Mar 28 06:40:53 UTC 2019
2 ms. Memory: 339456K Free: 321444K (95%)
ptolemy.util.test.WatchDog.cancel(): canceling Thu Mar 28 06:40:53 UTC 2019
------------------ testing $PTII/ptolemy/domains/de/test/auto/deInCt.xml
auto.tcl: Setting watchdog for 200 seconds at Thu Mar 28 06:40:53 UTC 2019
0
1
1
1
0
0
0
1
1
1
1
0
0
0
0
1
1
1
0
0
0
1
1
1
0
0
0
0
1
1
1
1
1
13 ms. Memory: 337408K Free: 323369K (96%)
ptolemy.util.test.WatchDog.cancel(): canceling Thu Mar 28 06:40:53 UTC 2019
auto.tcl: Setting watchdog for 200 seconds at Thu Mar 28 06:40:53 UTC 2019
0
1
1
1
0
0
0
1
1
1
0
0
1
1
1
0
0
0
1
1
1
1
1
0
0
0
0
1
1
1
0
0
0
0
0
10 ms. Memory: 337408K Free: 319371K (95%)
ptolemy.util.test.WatchDog.cancel(): canceling Thu Mar 28 06:40:53 UTC 2019
------------------ testing $PTII/ptolemy/domains/de/test/auto/deInCt2.xml
auto.tcl: Setting watchdog for 200 seconds at Thu Mar 28 06:40:53 UTC 2019
0
1
1
1
0
0
1
1
1
0
0
1
1
1
0
0
1
1
1
0
0
1
1
1
0
0
1
1
1
0
0
1
1
1
0
0
1
1
1
0
0
0
20 ms. Memory: 338944K Free: 324911K (96%)
ptolemy.util.test.WatchDog.cancel(): canceling Thu Mar 28 06:40:54 UTC 2019
auto.tcl: Setting watchdog for 200 seconds at Thu Mar 28 06:40:54 UTC 2019
0
1
1
1
0
0
1
1
1
0
0
1
1
1
0
0
1
1
1
0
0
1
1
1
0
0
1
1
1
0
0
1
1
1
0
0
1
1
1
0
0
0
4 ms. Memory: 338944K Free: 320912K (95%)
ptolemy.util.test.WatchDog.cancel(): canceling Thu Mar 28 06:40:54 UTC 2019
------------------ testing $PTII/ptolemy/domains/de/test/auto/dynamicCausalityInterface1.xml
auto.tcl: Setting watchdog for 200 seconds at Thu Mar 28 06:40:54 UTC 2019
2 ms. Memory: 337408K Free: 315374K (93%)
ptolemy.util.test.WatchDog.cancel(): canceling Thu Mar 28 06:40:54 UTC 2019
auto.tcl: Setting watchdog for 200 seconds at Thu Mar 28 06:40:54 UTC 2019
0 ms. Memory: 337408K Free: 315374K (93%)
ptolemy.util.test.WatchDog.cancel(): canceling Thu Mar 28 06:40:54 UTC 2019
------------------ testing $PTII/ptolemy/domains/de/test/auto/fsm_de_test.xml
auto.tcl: Setting watchdog for 200 seconds at Thu Mar 28 06:40:54 UTC 2019
14 ms. Memory: 338944K Free: 320803K (95%)
ptolemy.util.test.WatchDog.cancel(): canceling Thu Mar 28 06:40:54 UTC 2019
auto.tcl: Setting watchdog for 200 seconds at Thu Mar 28 06:40:54 UTC 2019
5 ms. Memory: 338944K Free: 316804K (93%)
ptolemy.util.test.WatchDog.cancel(): canceling Thu Mar 28 06:40:54 UTC 2019
------------------ testing $PTII/ptolemy/domains/de/test/auto/functionDependencyReconstruction.xml
auto.tcl: Setting watchdog for 200 seconds at Thu Mar 28 06:40:54 UTC 2019
3 ms. Memory: 337408K Free: 311277K (92%)
ptolemy.util.test.WatchDog.cancel(): canceling Thu Mar 28 06:40:54 UTC 2019
auto.tcl: Setting watchdog for 200 seconds at Thu Mar 28 06:40:54 UTC 2019
3 ms. Memory: 337408K Free: 307279K (91%)
ptolemy.util.test.WatchDog.cancel(): canceling Thu Mar 28 06:40:54 UTC 2019
------------------ testing $PTII/ptolemy/domains/de/test/auto/multirate.xml
auto.tcl: Setting watchdog for 200 seconds at Thu Mar 28 06:40:54 UTC 2019
5 ms. Memory: 338432K Free: 320172K (95%)
ptolemy.util.test.WatchDog.cancel(): canceling Thu Mar 28 06:40:54 UTC 2019
auto.tcl: Setting watchdog for 200 seconds at Thu Mar 28 06:40:54 UTC 2019
2 ms. Memory: 338432K Free: 320172K (95%)
ptolemy.util.test.WatchDog.cancel(): canceling Thu Mar 28 06:40:54 UTC 2019
------------------ testing $PTII/ptolemy/domains/de/test/auto/multirate2.xml
auto.tcl: Setting watchdog for 200 seconds at Thu Mar 28 06:40:54 UTC 2019
3 ms. Memory: 337408K Free: 319320K (95%)
ptolemy.util.test.WatchDog.cancel(): canceling Thu Mar 28 06:40:54 UTC 2019
auto.tcl: Setting watchdog for 200 seconds at Thu Mar 28 06:40:54 UTC 2019
3 ms. Memory: 337408K Free: 319320K (95%)
ptolemy.util.test.WatchDog.cancel(): canceling Thu Mar 28 06:40:54 UTC 2019
------------------ testing $PTII/ptolemy/domains/de/test/auto/realtime.xml
auto.tcl: Setting watchdog for 200 seconds at Thu Mar 28 06:40:54 UTC 2019
10001 ms. Memory: 338432K Free: 324335K (96%)
ptolemy.util.test.WatchDog.cancel(): canceling Thu Mar 28 06:41:04 UTC 2019
auto.tcl: Setting watchdog for 200 seconds at Thu Mar 28 06:41:04 UTC 2019
10002 ms. Memory: 338432K Free: 320337K (95%)
ptolemy.util.test.WatchDog.cancel(): canceling Thu Mar 28 06:41:14 UTC 2019
------------------ testing $PTII/ptolemy/domains/de/test/auto/relationGroup.xml
auto.tcl: Setting watchdog for 200 seconds at Thu Mar 28 06:41:14 UTC 2019
1 ms. Memory: 337408K Free: 323343K (96%)
ptolemy.util.test.WatchDog.cancel(): canceling Thu Mar 28 06:41:14 UTC 2019
auto.tcl: Setting watchdog for 200 seconds at Thu Mar 28 06:41:14 UTC 2019
1 ms. Memory: 337408K Free: 323343K (96%)
ptolemy.util.test.WatchDog.cancel(): canceling Thu Mar 28 06:41:14 UTC 2019
------------------ testing $PTII/ptolemy/domains/de/test/auto/relationGroup2.xml
auto.tcl: Setting watchdog for 200 seconds at Thu Mar 28 06:41:14 UTC 2019
1 ms. Memory: 338432K Free: 324393K (96%)
ptolemy.util.test.WatchDog.cancel(): canceling Thu Mar 28 06:41:14 UTC 2019
auto.tcl: Setting watchdog for 200 seconds at Thu Mar 28 06:41:14 UTC 2019
1 ms. Memory: 338432K Free: 324393K (96%)
ptolemy.util.test.WatchDog.cancel(): canceling Thu Mar 28 06:41:14 UTC 2019
------------------ testing $PTII/ptolemy/domains/de/test/auto/sortWithOpaquePorts.xml
auto.tcl: Setting watchdog for 200 seconds at Thu Mar 28 06:41:14 UTC 2019
1 ms. Memory: 337408K Free: 323370K (96%)
ptolemy.util.test.WatchDog.cancel(): canceling Thu Mar 28 06:41:14 UTC 2019
auto.tcl: Setting watchdog for 200 seconds at Thu Mar 28 06:41:14 UTC 2019
2 ms. Memory: 337408K Free: 319372K (95%)
ptolemy.util.test.WatchDog.cancel(): canceling Thu Mar 28 06:41:14 UTC 2019
------------------ testing $PTII/ptolemy/domains/de/test/auto/transferInputsandOutputs.xml
auto.tcl: Setting watchdog for 200 seconds at Thu Mar 28 06:41:14 UTC 2019
2 ms. Memory: 337920K Free: 319887K (95%)
ptolemy.util.test.WatchDog.cancel(): canceling Thu Mar 28 06:41:14 UTC 2019
auto.tcl: Setting watchdog for 200 seconds at Thu Mar 28 06:41:14 UTC 2019
2 ms. Memory: 337920K Free: 319887K (95%)
ptolemy.util.test.WatchDog.cancel(): canceling Thu Mar 28 06:41:14 UTC 2019
------------------ testing $PTII/ptolemy/domains/de/test/auto/triggerType.xml
auto.tcl: Setting watchdog for 200 seconds at Thu Mar 28 06:41:14 UTC 2019
1 ms. Memory: 337408K Free: 323306K (96%)
ptolemy.util.test.WatchDog.cancel(): canceling Thu Mar 28 06:41:14 UTC 2019
auto.tcl: Setting watchdog for 200 seconds at Thu Mar 28 06:41:14 UTC 2019
1 ms. Memory: 337408K Free: 319324K (95%)
ptolemy.util.test.WatchDog.cancel(): canceling Thu Mar 28 06:41:14 UTC 2019
03/28/19 06:41:14
Failed: 0  Total Tests: 192  ((Passed: 187, Newly Passed: 1)  Known Failed: 5) /home/travis/build/icyphy/ptII/ptolemy/domains/de/test
03/28/19 06:41:14
Failed: 0  Total Tests: 192  ((Passed: 187, Newly Passed: 1)  Known Failed: 5) /home/travis/build/icyphy/ptII/ptolemy/domains/de/test
----------------- testing (KnownFailure) /home/travis/build/icyphy/ptII/ptolemy/domains/de/test/auto/knownFailedTests/DESDFClockTest.xml
2012 ms. Memory: 337920K Free: 308489K (91%)
Known Failure: java.lang.reflect.InvocationTargetException
----------------- testing (KnownFailure) /home/travis/build/icyphy/ptII/ptolemy/domains/de/test/auto/knownFailedTests/DirectFeedback.xml
1 ms. Memory: 337920K Free: 288008K (85%)
Known Failure: java.lang.reflect.InvocationTargetException
----------------- testing (KnownFailure) /home/travis/build/icyphy/ptII/ptolemy/domains/de/test/auto/knownFailedTests/FSMSource.xml
15 ms. Memory: 337920K Free: 267528K (79%)
----------------- testing (KnownFailure) /home/travis/build/icyphy/ptII/ptolemy/domains/de/test/auto/knownFailedTests/HierarchicalModel.xml
3 ms. Memory: 337920K Free: 241896K (72%)
Known Failure: java.lang.reflect.InvocationTargetException
----------------- testing (KnownFailure) /home/travis/build/icyphy/ptII/ptolemy/domains/de/test/auto/knownFailedTests/dependencyLoop.xml
2 ms. Memory: 337920K Free: 211159K (62%)
Known Failure: java.lang.reflect.InvocationTargetException
----------------- testing (KnownFailure) /home/travis/build/icyphy/ptII/ptolemy/domains/de/test/auto/knownFailedTests/dependencyLoop2.xml
3 ms. Memory: 337920K Free: 180423K (53%)
Known Failure: java.lang.reflect.InvocationTargetException
No auto/linux-amd64/*.xml tests in /home/travis/build/icyphy/ptII/ptolemy/domains/de/test
AutoTests.java: About to close Vertx.
AutoTests.java: Vertx closed.

===========================================================================================
----------------- testing Thu Mar 28 06:41:17 UTC 2019 /home/travis/build/icyphy/ptII/ptolemy/domains/de/test/auto/ActorDepthCalculation_actorWithoutPorts.xml
----------------- Instantiating /home/travis/build/icyphy/ptII/ptolemy/domains/de/test/auto/ActorDepthCalculation_actorWithoutPorts.xml
1 ms. Memory: 337920K Free: 154823K (46%)
----------------- Invoking toplevel() on ptolemy.moml.MoMLSimpleApplication@762e082
----------------- Done invoking toplevel() on ptolemy.moml.MoMLSimpleApplication@762e082
reloadAllAccessors: .ActorDepthCalculation_actorWithoutPorts

===========================================================================================
----------------- testing Thu Mar 28 06:41:17 UTC 2019 /home/travis/build/icyphy/ptII/ptolemy/domains/de/test/auto/AssemblyLine.xml
----------------- Instantiating /home/travis/build/icyphy/ptII/ptolemy/domains/de/test/auto/AssemblyLine.xml
2 ms. Memory: 337920K Free: 139447K (41%)
----------------- Invoking toplevel() on ptolemy.moml.MoMLSimpleApplication@627bd758
----------------- Done invoking toplevel() on ptolemy.moml.MoMLSimpleApplication@627bd758
reloadAllAccessors: .AssemblyLine

===========================================================================================
----------------- testing Thu Mar 28 06:41:17 UTC 2019 /home/travis/build/icyphy/ptII/ptolemy/domains/de/test/auto/CQBug1.xml
----------------- Instantiating /home/travis/build/icyphy/ptII/ptolemy/domains/de/test/auto/CQBug1.xml
1 ms. Memory: 337920K Free: 129207K (38%)
----------------- Invoking toplevel() on ptolemy.moml.MoMLSimpleApplication@5981c6f8
----------------- Done invoking toplevel() on ptolemy.moml.MoMLSimpleApplication@5981c6f8
reloadAllAccessors: .CQBug1

===========================================================================================
----------------- testing Thu Mar 28 06:41:17 UTC 2019 /home/travis/build/icyphy/ptII/ptolemy/domains/de/test/auto/CancelFireAt.xml
----------------- Instantiating /home/travis/build/icyphy/ptII/ptolemy/domains/de/test/auto/CancelFireAt.xml
1 ms. Memory: 337920K Free: 118967K (35%)
----------------- Invoking toplevel() on ptolemy.moml.MoMLSimpleApplication@43d1788c
----------------- Done invoking toplevel() on ptolemy.moml.MoMLSimpleApplication@43d1788c
reloadAllAccessors: .CancelFireAt

===========================================================================================
----------------- testing Thu Mar 28 06:41:17 UTC 2019 /home/travis/build/icyphy/ptII/ptolemy/domains/de/test/auto/CausalityAndComposabilityAnalysis.xml
----------------- Instantiating /home/travis/build/icyphy/ptII/ptolemy/domains/de/test/auto/CausalityAndComposabilityAnalysis.xml
2 ms. Memory: 337920K Free: 108727K (32%)
----------------- Invoking toplevel() on ptolemy.moml.MoMLSimpleApplication@3e151b40
----------------- Done invoking toplevel() on ptolemy.moml.MoMLSimpleApplication@3e151b40
reloadAllAccessors: .CausalityAndComposabilityAnalysis

===========================================================================================
----------------- testing Thu Mar 28 06:41:17 UTC 2019 /home/travis/build/icyphy/ptII/ptolemy/domains/de/test/auto/CausalityInterface1.xml
----------------- Instantiating /home/travis/build/icyphy/ptII/ptolemy/domains/de/test/auto/CausalityInterface1.xml
4 ms. Memory: 337920K Free: 98486K (29%)
----------------- Invoking toplevel() on ptolemy.moml.MoMLSimpleApplication@751e65a8
----------------- Done invoking toplevel() on ptolemy.moml.MoMLSimpleApplication@751e65a8
reloadAllAccessors: .CausalityInterface1

===========================================================================================
----------------- testing Thu Mar 28 06:41:17 UTC 2019 /home/travis/build/icyphy/ptII/ptolemy/domains/de/test/auto/CausalityInterface15.xml
----------------- Instantiating /home/travis/build/icyphy/ptII/ptolemy/domains/de/test/auto/CausalityInterface15.xml
2 ms. Memory: 337920K Free: 84264K (25%)
----------------- Invoking toplevel() on ptolemy.moml.MoMLSimpleApplication@21875aaa
----------------- Done invoking toplevel() on ptolemy.moml.MoMLSimpleApplication@21875aaa
reloadAllAccessors: .CausalityInterface15

===========================================================================================
----------------- testing Thu Mar 28 06:41:17 UTC 2019 /home/travis/build/icyphy/ptII/ptolemy/domains/de/test/auto/CausalityInterface2.xml
----------------- Instantiating /home/travis/build/icyphy/ptII/ptolemy/domains/de/test/auto/CausalityInterface2.xml
2 ms. Memory: 337920K Free: 76973K (23%)
----------------- Invoking toplevel() on ptolemy.moml.MoMLSimpleApplication@8ed9d76
----------------- Done invoking toplevel() on ptolemy.moml.MoMLSimpleApplication@8ed9d76
reloadAllAccessors: .CausalityInterface2

===========================================================================================
----------------- testing Thu Mar 28 06:41:17 UTC 2019 /home/travis/build/icyphy/ptII/ptolemy/domains/de/test/auto/CausalityInterface3.xml
----------------- Instantiating /home/travis/build/icyphy/ptII/ptolemy/domains/de/test/auto/CausalityInterface3.xml
1 ms. Memory: 326144K Free: 313630K (96%)
----------------- Invoking toplevel() on ptolemy.moml.MoMLSimpleApplication@4edd04f2
----------------- Done invoking toplevel() on ptolemy.moml.MoMLSimpleApplication@4edd04f2
reloadAllAccessors: .CausalityInterface3

===========================================================================================
----------------- testing Thu Mar 28 06:41:17 UTC 2019 /home/travis/build/icyphy/ptII/ptolemy/domains/de/test/auto/ClockDrift.xml
----------------- Instantiating /home/travis/build/icyphy/ptII/ptolemy/domains/de/test/auto/ClockDrift.xml
11 ms. Memory: 326144K Free: 293964K (90%)
----------------- Invoking toplevel() on ptolemy.moml.MoMLSimpleApplication@11dce4b7
----------------- Done invoking toplevel() on ptolemy.moml.MoMLSimpleApplication@11dce4b7
reloadAllAccessors: .ClockDrift

===========================================================================================
----------------- testing Thu Mar 28 06:41:17 UTC 2019 /home/travis/build/icyphy/ptII/ptolemy/domains/de/test/auto/ClockDriftAndValueChange.xml
----------------- Instantiating /home/travis/build/icyphy/ptII/ptolemy/domains/de/test/auto/ClockDriftAndValueChange.xml
12 ms. Memory: 326144K Free: 279264K (86%)
----------------- Invoking toplevel() on ptolemy.moml.MoMLSimpleApplication@6432da01
----------------- Done invoking toplevel() on ptolemy.moml.MoMLSimpleApplication@6432da01
reloadAllAccessors: .ClockDriftAndValueChange

===========================================================================================
----------------- testing Thu Mar 28 06:41:17 UTC 2019 /home/travis/build/icyphy/ptII/ptolemy/domains/de/test/auto/ClockDriftChange.xml
----------------- Instantiating /home/travis/build/icyphy/ptII/ptolemy/domains/de/test/auto/ClockDriftChange.xml
8 ms. Memory: 326144K Free: 266995K (82%)
----------------- Invoking toplevel() on ptolemy.moml.MoMLSimpleApplication@778d4484
----------------- Done invoking toplevel() on ptolemy.moml.MoMLSimpleApplication@778d4484
reloadAllAccessors: .ClockDriftChange

===========================================================================================
----------------- testing Thu Mar 28 06:41:17 UTC 2019 /home/travis/build/icyphy/ptII/ptolemy/domains/de/test/auto/ComposableCausalityAnalysis.xml
----------------- Instantiating /home/travis/build/icyphy/ptII/ptolemy/domains/de/test/auto/ComposableCausalityAnalysis.xml
1 ms. Memory: 326144K Free: 259637K (80%)
----------------- Invoking toplevel() on ptolemy.moml.MoMLSimpleApplication@78192767
----------------- Done invoking toplevel() on ptolemy.moml.MoMLSimpleApplication@78192767
reloadAllAccessors: .ComposableCausalityAnalysis

===========================================================================================
----------------- testing Thu Mar 28 06:41:17 UTC 2019 /home/travis/build/icyphy/ptII/ptolemy/domains/de/test/auto/DEFixedPointLimitation.xml
----------------- Instantiating /home/travis/build/icyphy/ptII/ptolemy/domains/de/test/auto/DEFixedPointLimitation.xml
0 ms. Memory: 326144K Free: 252295K (77%)
----------------- Invoking toplevel() on ptolemy.moml.MoMLSimpleApplication@52e25d6f
----------------- Done invoking toplevel() on ptolemy.moml.MoMLSimpleApplication@52e25d6f
reloadAllAccessors: .DEFixedPointLimitation

===========================================================================================
----------------- testing Thu Mar 28 06:41:17 UTC 2019 /home/travis/build/icyphy/ptII/ptolemy/domains/de/test/auto/DEScheduleTest.xml
----------------- Instantiating /home/travis/build/icyphy/ptII/ptolemy/domains/de/test/auto/DEScheduleTest.xml
1 ms. Memory: 326144K Free: 242435K (74%)
----------------- Invoking toplevel() on ptolemy.moml.MoMLSimpleApplication@313b091c
----------------- Done invoking toplevel() on ptolemy.moml.MoMLSimpleApplication@313b091c
reloadAllAccessors: .DEScheduleTest

===========================================================================================
----------------- testing Thu Mar 28 06:41:17 UTC 2019 /home/travis/build/icyphy/ptII/ptolemy/domains/de/test/auto/DEinDEwithStartTimes.xml
----------------- Instantiating /home/travis/build/icyphy/ptII/ptolemy/domains/de/test/auto/DEinDEwithStartTimes.xml
1 ms. Memory: 326144K Free: 235077K (72%)
----------------- Invoking toplevel() on ptolemy.moml.MoMLSimpleApplication@41f01685
----------------- Done invoking toplevel() on ptolemy.moml.MoMLSimpleApplication@41f01685
reloadAllAccessors: .DEinDEwithStartTimes

===========================================================================================
----------------- testing Thu Mar 28 06:41:17 UTC 2019 /home/travis/build/icyphy/ptII/ptolemy/domains/de/test/auto/DEinDEwithStartTimes2.xml
----------------- Instantiating /home/travis/build/icyphy/ptII/ptolemy/domains/de/test/auto/DEinDEwithStartTimes2.xml
2 ms. Memory: 326144K Free: 225284K (69%)
----------------- Invoking toplevel() on ptolemy.moml.MoMLSimpleApplication@6856e951
----------------- Done invoking toplevel() on ptolemy.moml.MoMLSimpleApplication@6856e951
reloadAllAccessors: .DEinDEwithStartTimes2

===========================================================================================
----------------- testing Thu Mar 28 06:41:17 UTC 2019 /home/travis/build/icyphy/ptII/ptolemy/domains/de/test/auto/DateDemo.xml
----------------- Instantiating /home/travis/build/icyphy/ptII/ptolemy/domains/de/test/auto/DateDemo.xml
4 ms. Memory: 326144K Free: 210559K (65%)
----------------- Invoking toplevel() on ptolemy.moml.MoMLSimpleApplication@7c15d509
----------------- Done invoking toplevel() on ptolemy.moml.MoMLSimpleApplication@7c15d509
reloadAllAccessors: .DateDemo

===========================================================================================
----------------- testing Thu Mar 28 06:41:17 UTC 2019 /home/travis/build/icyphy/ptII/ptolemy/domains/de/test/auto/DateToEvent.xml
----------------- Instantiating /home/travis/build/icyphy/ptII/ptolemy/domains/de/test/auto/DateToEvent.xml
2004 ms. Memory: 326144K Free: 190924K (59%)
----------------- Invoking toplevel() on ptolemy.moml.MoMLSimpleApplication@5bcaeba
----------------- Done invoking toplevel() on ptolemy.moml.MoMLSimpleApplication@5bcaeba
reloadAllAccessors: .DateToEvent

===========================================================================================
----------------- testing Thu Mar 28 06:41:19 UTC 2019 /home/travis/build/icyphy/ptII/ptolemy/domains/de/test/auto/DepthTest1.xml
----------------- Instantiating /home/travis/build/icyphy/ptII/ptolemy/domains/de/test/auto/DepthTest1.xml
1 ms. Memory: 326144K Free: 183528K (56%)
----------------- Invoking toplevel() on ptolemy.moml.MoMLSimpleApplication@333a863b
----------------- Done invoking toplevel() on ptolemy.moml.MoMLSimpleApplication@333a863b
reloadAllAccessors: .DepthTest1

===========================================================================================
----------------- testing Thu Mar 28 06:41:19 UTC 2019 /home/travis/build/icyphy/ptII/ptolemy/domains/de/test/auto/DepthTest2.xml
----------------- Instantiating /home/travis/build/icyphy/ptII/ptolemy/domains/de/test/auto/DepthTest2.xml
2 ms. Memory: 326144K Free: 173723K (53%)
----------------- Invoking toplevel() on ptolemy.moml.MoMLSimpleApplication@4290a4c
----------------- Done invoking toplevel() on ptolemy.moml.MoMLSimpleApplication@4290a4c
reloadAllAccessors: .DepthTest2

===========================================================================================
----------------- testing Thu Mar 28 06:41:19 UTC 2019 /home/travis/build/icyphy/ptII/ptolemy/domains/de/test/auto/DepthTest3.xml
----------------- Instantiating /home/travis/build/icyphy/ptII/ptolemy/domains/de/test/auto/DepthTest3.xml
1 ms. Memory: 326144K Free: 168828K (52%)
----------------- Invoking toplevel() on ptolemy.moml.MoMLSimpleApplication@686b4e8c
----------------- Done invoking toplevel() on ptolemy.moml.MoMLSimpleApplication@686b4e8c
reloadAllAccessors: .DepthTest3

===========================================================================================
----------------- testing Thu Mar 28 06:41:19 UTC 2019 /home/travis/build/icyphy/ptII/ptolemy/domains/de/test/auto/DepthTest4.xml
----------------- Instantiating /home/travis/build/icyphy/ptII/ptolemy/domains/de/test/auto/DepthTest4.xml
1 ms. Memory: 326144K Free: 161486K (50%)
----------------- Invoking toplevel() on ptolemy.moml.MoMLSimpleApplication@136b8f8c
----------------- Done invoking toplevel() on ptolemy.moml.MoMLSimpleApplication@136b8f8c
reloadAllAccessors: .DepthTest4

===========================================================================================
----------------- testing Thu Mar 28 06:41:19 UTC 2019 /home/travis/build/icyphy/ptII/ptolemy/domains/de/test/auto/DepthTest5.xml
----------------- Instantiating /home/travis/build/icyphy/ptII/ptolemy/domains/de/test/auto/DepthTest5.xml
2 ms. Memory: 326144K Free: 154128K (47%)
----------------- Invoking toplevel() on ptolemy.moml.MoMLSimpleApplication@41813413
----------------- Done invoking toplevel() on ptolemy.moml.MoMLSimpleApplication@41813413
reloadAllAccessors: .DepthTest5

===========================================================================================
----------------- testing Thu Mar 28 06:41:19 UTC 2019 /home/travis/build/icyphy/ptII/ptolemy/domains/de/test/auto/DepthTest6.xml
----------------- Instantiating /home/travis/build/icyphy/ptII/ptolemy/domains/de/test/auto/DepthTest6.xml
1 ms. Memory: 326144K Free: 146769K (45%)
----------------- Invoking toplevel() on ptolemy.moml.MoMLSimpleApplication@25256ceb
----------------- Done invoking toplevel() on ptolemy.moml.MoMLSimpleApplication@25256ceb
reloadAllAccessors: .DepthTest6

===========================================================================================
----------------- testing Thu Mar 28 06:41:19 UTC 2019 /home/travis/build/icyphy/ptII/ptolemy/domains/de/test/auto/DepthTest7.xml
----------------- Instantiating /home/travis/build/icyphy/ptII/ptolemy/domains/de/test/auto/DepthTest7.xml
1 ms. Memory: 326144K Free: 136910K (42%)
----------------- Invoking toplevel() on ptolemy.moml.MoMLSimpleApplication@31da1ebd
----------------- Done invoking toplevel() on ptolemy.moml.MoMLSimpleApplication@31da1ebd
reloadAllAccessors: .DepthTest7

===========================================================================================
----------------- testing Thu Mar 28 06:41:19 UTC 2019 /home/travis/build/icyphy/ptII/ptolemy/domains/de/test/auto/EventToDate.xml
----------------- Instantiating /home/travis/build/icyphy/ptII/ptolemy/domains/de/test/auto/EventToDate.xml
3004 ms. Memory: 326144K Free: 119762K (37%)
----------------- Invoking toplevel() on ptolemy.moml.MoMLSimpleApplication@59e42f98
----------------- Done invoking toplevel() on ptolemy.moml.MoMLSimpleApplication@59e42f98
reloadAllAccessors: .EventToDate

===========================================================================================
----------------- testing Thu Mar 28 06:41:22 UTC 2019 /home/travis/build/icyphy/ptII/ptolemy/domains/de/test/auto/FSM1.xml
----------------- Instantiating /home/travis/build/icyphy/ptII/ptolemy/domains/de/test/auto/FSM1.xml
13 ms. Memory: 326144K Free: 105054K (32%)
----------------- Invoking toplevel() on ptolemy.moml.MoMLSimpleApplication@51761954
----------------- Done invoking toplevel() on ptolemy.moml.MoMLSimpleApplication@51761954
reloadAllAccessors: .FSM1

===========================================================================================
----------------- testing Thu Mar 28 06:41:22 UTC 2019 /home/travis/build/icyphy/ptII/ptolemy/domains/de/test/auto/FSM7.xml
----------------- Instantiating /home/travis/build/icyphy/ptII/ptolemy/domains/de/test/auto/FSM7.xml
8 ms. Memory: 326144K Free: 90338K (28%)
----------------- Invoking toplevel() on ptolemy.moml.MoMLSimpleApplication@4a91e0ea
----------------- Done invoking toplevel() on ptolemy.moml.MoMLSimpleApplication@4a91e0ea
reloadAllAccessors: .FSM7

===========================================================================================
----------------- testing Thu Mar 28 06:41:22 UTC 2019 /home/travis/build/icyphy/ptII/ptolemy/domains/de/test/auto/Inspection.xml
----------------- Instantiating /home/travis/build/icyphy/ptII/ptolemy/domains/de/test/auto/Inspection.xml
12 ms. Memory: 326144K Free: 76236K (23%)
----------------- Invoking toplevel() on ptolemy.moml.MoMLSimpleApplication@3a2a0280
----------------- Done invoking toplevel() on ptolemy.moml.MoMLSimpleApplication@3a2a0280
reloadAllAccessors: .Inspection

===========================================================================================
----------------- testing Thu Mar 28 06:41:22 UTC 2019 /home/travis/build/icyphy/ptII/ptolemy/domains/de/test/auto/Iteration.xml
----------------- Instantiating /home/travis/build/icyphy/ptII/ptolemy/domains/de/test/auto/Iteration.xml
4 ms. Memory: 315904K Free: 299271K (95%)
----------------- Invoking toplevel() on ptolemy.moml.MoMLSimpleApplication@7325ac3c
----------------- Done invoking toplevel() on ptolemy.moml.MoMLSimpleApplication@7325ac3c
reloadAllAccessors: .Iteration

===========================================================================================
----------------- testing Thu Mar 28 06:41:22 UTC 2019 /home/travis/build/icyphy/ptII/ptolemy/domains/de/test/auto/LineFault.xml
----------------- Instantiating /home/travis/build/icyphy/ptII/ptolemy/domains/de/test/auto/LineFault.xml
465 ms. Memory: 315904K Free: 184376K (58%)
----------------- Invoking toplevel() on ptolemy.moml.MoMLSimpleApplication@53ebb075
----------------- Done invoking toplevel() on ptolemy.moml.MoMLSimpleApplication@53ebb075
reloadAllAccessors: .LineFault

===========================================================================================
----------------- testing Thu Mar 28 06:41:23 UTC 2019 /home/travis/build/icyphy/ptII/ptolemy/domains/de/test/auto/MergeModel1Add.xml
----------------- Instantiating /home/travis/build/icyphy/ptII/ptolemy/domains/de/test/auto/MergeModel1Add.xml
10 ms. Memory: 315904K Free: 163285K (52%)
----------------- Invoking toplevel() on ptolemy.moml.MoMLSimpleApplication@e6b262
----------------- Done invoking toplevel() on ptolemy.moml.MoMLSimpleApplication@e6b262
reloadAllAccessors: .MergeModel1Add

===========================================================================================
----------------- testing Thu Mar 28 06:41:23 UTC 2019 /home/travis/build/icyphy/ptII/ptolemy/domains/de/test/auto/MergeModel2Add.xml
----------------- Instantiating /home/travis/build/icyphy/ptII/ptolemy/domains/de/test/auto/MergeModel2Add.xml
7 ms. Memory: 315904K Free: 140527K (44%)
----------------- Invoking toplevel() on ptolemy.moml.MoMLSimpleApplication@491bc028
----------------- Done invoking toplevel() on ptolemy.moml.MoMLSimpleApplication@491bc028
reloadAllAccessors: .MergeModel2Add

===========================================================================================
----------------- testing Thu Mar 28 06:41:23 UTC 2019 /home/travis/build/icyphy/ptII/ptolemy/domains/de/test/auto/MergeModel3Add.xml
----------------- Instantiating /home/travis/build/icyphy/ptII/ptolemy/domains/de/test/auto/MergeModel3Add.xml
5 ms. Memory: 315904K Free: 119411K (38%)
----------------- Invoking toplevel() on ptolemy.moml.MoMLSimpleApplication@7af32a35
----------------- Done invoking toplevel() on ptolemy.moml.MoMLSimpleApplication@7af32a35
reloadAllAccessors: .MergeModel3Add

===========================================================================================
----------------- testing Thu Mar 28 06:41:23 UTC 2019 /home/travis/build/icyphy/ptII/ptolemy/domains/de/test/auto/MergeWithoutDiscard.xml
----------------- Instantiating /home/travis/build/icyphy/ptII/ptolemy/domains/de/test/auto/MergeWithoutDiscard.xml
1 ms. Memory: 315904K Free: 112376K (36%)
----------------- Invoking toplevel() on ptolemy.moml.MoMLSimpleApplication@2f81b61d
----------------- Done invoking toplevel() on ptolemy.moml.MoMLSimpleApplication@2f81b61d
reloadAllAccessors: .MergeWithoutDiscard

===========================================================================================
----------------- testing Thu Mar 28 06:41:23 UTC 2019 /home/travis/build/icyphy/ptII/ptolemy/domains/de/test/auto/Modal1.xml
----------------- Instantiating /home/travis/build/icyphy/ptII/ptolemy/domains/de/test/auto/Modal1.xml
8 ms. Memory: 315904K Free: 98321K (31%)
----------------- Invoking toplevel() on ptolemy.moml.MoMLSimpleApplication@779d754
----------------- Done invoking toplevel() on ptolemy.moml.MoMLSimpleApplication@779d754
reloadAllAccessors: .Modal1

===========================================================================================
----------------- testing Thu Mar 28 06:41:23 UTC 2019 /home/travis/build/icyphy/ptII/ptolemy/domains/de/test/auto/Modal2.xml
----------------- Instantiating /home/travis/build/icyphy/ptII/ptolemy/domains/de/test/auto/Modal2.xml
6 ms. Memory: 315904K Free: 82622K (26%)
----------------- Invoking toplevel() on ptolemy.moml.MoMLSimpleApplication@7b4df5ab
----------------- Done invoking toplevel() on ptolemy.moml.MoMLSimpleApplication@7b4df5ab
reloadAllAccessors: .Modal2

===========================================================================================
----------------- testing Thu Mar 28 06:41:23 UTC 2019 /home/travis/build/icyphy/ptII/ptolemy/domains/de/test/auto/Modal3.xml
----------------- Instantiating /home/travis/build/icyphy/ptII/ptolemy/domains/de/test/auto/Modal3.xml
9 ms. Memory: 305152K Free: 291103K (95%)
----------------- Invoking toplevel() on ptolemy.moml.MoMLSimpleApplication@5fb87acb
----------------- Done invoking toplevel() on ptolemy.moml.MoMLSimpleApplication@5fb87acb
reloadAllAccessors: .Modal3

===========================================================================================
----------------- testing Thu Mar 28 06:41:23 UTC 2019 /home/travis/build/icyphy/ptII/ptolemy/domains/de/test/auto/Modal4.xml
----------------- Instantiating /home/travis/build/icyphy/ptII/ptolemy/domains/de/test/auto/Modal4.xml
9 ms. Memory: 305152K Free: 274376K (90%)
----------------- Invoking toplevel() on ptolemy.moml.MoMLSimpleApplication@f917b0
----------------- Done invoking toplevel() on ptolemy.moml.MoMLSimpleApplication@f917b0
reloadAllAccessors: .Modal4

===========================================================================================
----------------- testing Thu Mar 28 06:41:23 UTC 2019 /home/travis/build/icyphy/ptII/ptolemy/domains/de/test/auto/Modal5.xml
----------------- Instantiating /home/travis/build/icyphy/ptII/ptolemy/domains/de/test/auto/Modal5.xml
8 ms. Memory: 305152K Free: 258657K (85%)
----------------- Invoking toplevel() on ptolemy.moml.MoMLSimpleApplication@49fd3400
----------------- Done invoking toplevel() on ptolemy.moml.MoMLSimpleApplication@49fd3400
reloadAllAccessors: .Modal5

===========================================================================================
----------------- testing Thu Mar 28 06:41:23 UTC 2019 /home/travis/build/icyphy/ptII/ptolemy/domains/de/test/auto/Modal6.xml
----------------- Instantiating /home/travis/build/icyphy/ptII/ptolemy/domains/de/test/auto/Modal6.xml
9 ms. Memory: 305152K Free: 244167K (80%)
----------------- Invoking toplevel() on ptolemy.moml.MoMLSimpleApplication@39b04b63
----------------- Done invoking toplevel() on ptolemy.moml.MoMLSimpleApplication@39b04b63
reloadAllAccessors: .Modal6

===========================================================================================
----------------- testing Thu Mar 28 06:41:23 UTC 2019 /home/travis/build/icyphy/ptII/ptolemy/domains/de/test/auto/Modal7.xml
----------------- Instantiating /home/travis/build/icyphy/ptII/ptolemy/domains/de/test/auto/Modal7.xml
7 ms. Memory: 305152K Free: 228488K (75%)
----------------- Invoking toplevel() on ptolemy.moml.MoMLSimpleApplication@64521c47
----------------- Done invoking toplevel() on ptolemy.moml.MoMLSimpleApplication@64521c47
reloadAllAccessors: .Modal7

===========================================================================================
----------------- testing Thu Mar 28 06:41:23 UTC 2019 /home/travis/build/icyphy/ptII/ptolemy/domains/de/test/auto/ModalModel.xml
----------------- Instantiating /home/travis/build/icyphy/ptII/ptolemy/domains/de/test/auto/ModalModel.xml
112 ms. Memory: 305152K Free: 155575K (51%)
----------------- Invoking toplevel() on ptolemy.moml.MoMLSimpleApplication@26c72e5d
----------------- Done invoking toplevel() on ptolemy.moml.MoMLSimpleApplication@26c72e5d
reloadAllAccessors: .ModalModel

===========================================================================================
----------------- testing Thu Mar 28 06:41:23 UTC 2019 /home/travis/build/icyphy/ptII/ptolemy/domains/de/test/auto/ModalSource.xml
----------------- Instantiating /home/travis/build/icyphy/ptII/ptolemy/domains/de/test/auto/ModalSource.xml
4 ms. Memory: 305152K Free: 146609K (48%)
----------------- Invoking toplevel() on ptolemy.moml.MoMLSimpleApplication@22803920
----------------- Done invoking toplevel() on ptolemy.moml.MoMLSimpleApplication@22803920
reloadAllAccessors: .ModalSource

===========================================================================================
----------------- testing Thu Mar 28 06:41:23 UTC 2019 /home/travis/build/icyphy/ptII/ptolemy/domains/de/test/auto/NonInterruptibleTimerZeroDelay.xml
----------------- Instantiating /home/travis/build/icyphy/ptII/ptolemy/domains/de/test/auto/NonInterruptibleTimerZeroDelay.xml
2 ms. Memory: 305152K Free: 138847K (46%)
----------------- Invoking toplevel() on ptolemy.moml.MoMLSimpleApplication@13a51fe7
----------------- Done invoking toplevel() on ptolemy.moml.MoMLSimpleApplication@13a51fe7
reloadAllAccessors: .NonInterruptibleTimerZeroDelay

===========================================================================================
----------------- testing Thu Mar 28 06:41:23 UTC 2019 /home/travis/build/icyphy/ptII/ptolemy/domains/de/test/auto/OpenQueueingNetwork.xml
----------------- Instantiating /home/travis/build/icyphy/ptII/ptolemy/domains/de/test/auto/OpenQueueingNetwork.xml
2063 ms. Memory: 279552K Free: 133929K (48%)
----------------- Invoking toplevel() on ptolemy.moml.MoMLSimpleApplication@58c6387f
----------------- Done invoking toplevel() on ptolemy.moml.MoMLSimpleApplication@58c6387f
reloadAllAccessors: .OpenQueueingNetwork

===========================================================================================
----------------- testing Thu Mar 28 06:41:26 UTC 2019 /home/travis/build/icyphy/ptII/ptolemy/domains/de/test/auto/OpenQueuingNetwork.xml
----------------- Instantiating /home/travis/build/icyphy/ptII/ptolemy/domains/de/test/auto/OpenQueuingNetwork.xml
214 ms. Memory: 269824K Free: 229696K (85%)
----------------- Invoking toplevel() on ptolemy.moml.MoMLSimpleApplication@47db538c
----------------- Done invoking toplevel() on ptolemy.moml.MoMLSimpleApplication@47db538c
reloadAllAccessors: .OpenQueuingNetwork

===========================================================================================
----------------- testing Thu Mar 28 06:41:26 UTC 2019 /home/travis/build/icyphy/ptII/ptolemy/domains/de/test/auto/PeriodicSampler.xml
----------------- Instantiating /home/travis/build/icyphy/ptII/ptolemy/domains/de/test/auto/PeriodicSampler.xml
1 ms. Memory: 269824K Free: 222095K (82%)
----------------- Invoking toplevel() on ptolemy.moml.MoMLSimpleApplication@75229d53
----------------- Done invoking toplevel() on ptolemy.moml.MoMLSimpleApplication@75229d53
reloadAllAccessors: .PeriodicSampler

===========================================================================================
----------------- testing Thu Mar 28 06:41:26 UTC 2019 /home/travis/build/icyphy/ptII/ptolemy/domains/de/test/auto/PersistentIO.xml
----------------- Instantiating /home/travis/build/icyphy/ptII/ptolemy/domains/de/test/auto/PersistentIO.xml
4 ms. Memory: 269824K Free: 210399K (78%)
----------------- Invoking toplevel() on ptolemy.moml.MoMLSimpleApplication@48ed042d
----------------- Done invoking toplevel() on ptolemy.moml.MoMLSimpleApplication@48ed042d
reloadAllAccessors: .PersistentIO

===========================================================================================
----------------- testing Thu Mar 28 06:41:26 UTC 2019 /home/travis/build/icyphy/ptII/ptolemy/domains/de/test/auto/PortParameterResetOnInitialize.xml
----------------- Instantiating /home/travis/build/icyphy/ptII/ptolemy/domains/de/test/auto/PortParameterResetOnInitialize.xml
1 ms. Memory: 269824K Free: 204363K (76%)
----------------- Invoking toplevel() on ptolemy.moml.MoMLSimpleApplication@7be876e7
----------------- Done invoking toplevel() on ptolemy.moml.MoMLSimpleApplication@7be876e7
reloadAllAccessors: .PortParameterResetOnInitialize

===========================================================================================
----------------- testing Thu Mar 28 06:41:26 UTC 2019 /home/travis/build/icyphy/ptII/ptolemy/domains/de/test/auto/PortParameterUpdates.xml
----------------- Instantiating /home/travis/build/icyphy/ptII/ptolemy/domains/de/test/auto/PortParameterUpdates.xml
7 ms. Memory: 269824K Free: 196083K (73%)
----------------- Invoking toplevel() on ptolemy.moml.MoMLSimpleApplication@3ef33138
----------------- Done invoking toplevel() on ptolemy.moml.MoMLSimpleApplication@3ef33138
reloadAllAccessors: .PortParameterUpdates

===========================================================================================
----------------- testing Thu Mar 28 06:41:26 UTC 2019 /home/travis/build/icyphy/ptII/ptolemy/domains/de/test/auto/QueueAndServer.xml
----------------- Instantiating /home/travis/build/icyphy/ptII/ptolemy/domains/de/test/auto/QueueAndServer.xml
4 ms. Memory: 269824K Free: 186282K (69%)
----------------- Invoking toplevel() on ptolemy.moml.MoMLSimpleApplication@2a52056b
----------------- Done invoking toplevel() on ptolemy.moml.MoMLSimpleApplication@2a52056b
reloadAllAccessors: .QueueAndServer

===========================================================================================
----------------- testing Thu Mar 28 06:41:26 UTC 2019 /home/travis/build/icyphy/ptII/ptolemy/domains/de/test/auto/Records.xml
----------------- Instantiating /home/travis/build/icyphy/ptII/ptolemy/domains/de/test/auto/Records.xml
4 ms. Memory: 269824K Free: 178352K (66%)
----------------- Invoking toplevel() on ptolemy.moml.MoMLSimpleApplication@5bf33fde
----------------- Done invoking toplevel() on ptolemy.moml.MoMLSimpleApplication@5bf33fde
reloadAllAccessors: .Records

===========================================================================================
----------------- testing Thu Mar 28 06:41:26 UTC 2019 /home/travis/build/icyphy/ptII/ptolemy/domains/de/test/auto/ResetTransitionWithStartTime1.xml
----------------- Instantiating /home/travis/build/icyphy/ptII/ptolemy/domains/de/test/auto/ResetTransitionWithStartTime1.xml
4 ms. Memory: 269824K Free: 166273K (62%)
----------------- Invoking toplevel() on ptolemy.moml.MoMLSimpleApplication@390e586f
----------------- Done invoking toplevel() on ptolemy.moml.MoMLSimpleApplication@390e586f
reloadAllAccessors: .ResetTransitionWithStartTime1

===========================================================================================
----------------- testing Thu Mar 28 06:41:26 UTC 2019 /home/travis/build/icyphy/ptII/ptolemy/domains/de/test/auto/ResetTransitionWithStartTime2.xml
----------------- Instantiating /home/travis/build/icyphy/ptII/ptolemy/domains/de/test/auto/ResetTransitionWithStartTime2.xml
3 ms. Memory: 269824K Free: 154577K (57%)
----------------- Invoking toplevel() on ptolemy.moml.MoMLSimpleApplication@7abe61f6
----------------- Done invoking toplevel() on ptolemy.moml.MoMLSimpleApplication@7abe61f6
reloadAllAccessors: .ResetTransitionWithStartTime2

===========================================================================================
----------------- testing Thu Mar 28 06:41:26 UTC 2019 /home/travis/build/icyphy/ptII/ptolemy/domains/de/test/auto/ResetTransitionWithStartTime3.xml
----------------- Instantiating /home/travis/build/icyphy/ptII/ptolemy/domains/de/test/auto/ResetTransitionWithStartTime3.xml
4 ms. Memory: 269824K Free: 142881K (53%)
----------------- Invoking toplevel() on ptolemy.moml.MoMLSimpleApplication@6b7dffad
----------------- Done invoking toplevel() on ptolemy.moml.MoMLSimpleApplication@6b7dffad
reloadAllAccessors: .ResetTransitionWithStartTime3

===========================================================================================
----------------- testing Thu Mar 28 06:41:26 UTC 2019 /home/travis/build/icyphy/ptII/ptolemy/domains/de/test/auto/ResetTransitionWithStartTime4.xml
----------------- Instantiating /home/travis/build/icyphy/ptII/ptolemy/domains/de/test/auto/ResetTransitionWithStartTime4.xml
3 ms. Memory: 269824K Free: 132690K (49%)
----------------- Invoking toplevel() on ptolemy.moml.MoMLSimpleApplication@65030a2d
----------------- Done invoking toplevel() on ptolemy.moml.MoMLSimpleApplication@65030a2d
reloadAllAccessors: .ResetTransitionWithStartTime4

===========================================================================================
----------------- testing Thu Mar 28 06:41:26 UTC 2019 /home/travis/build/icyphy/ptII/ptolemy/domains/de/test/auto/ResettableTimer1.xml
----------------- Instantiating /home/travis/build/icyphy/ptII/ptolemy/domains/de/test/auto/ResettableTimer1.xml
2 ms. Memory: 269824K Free: 126655K (47%)
----------------- Invoking toplevel() on ptolemy.moml.MoMLSimpleApplication@1dc5fb80
----------------- Done invoking toplevel() on ptolemy.moml.MoMLSimpleApplication@1dc5fb80
reloadAllAccessors: .ResettableTimer1

===========================================================================================
----------------- testing Thu Mar 28 06:41:26 UTC 2019 /home/travis/build/icyphy/ptII/ptolemy/domains/de/test/auto/ResettableTimer2.xml
----------------- Instantiating /home/travis/build/icyphy/ptII/ptolemy/domains/de/test/auto/ResettableTimer2.xml
2 ms. Memory: 269824K Free: 120238K (45%)
----------------- Invoking toplevel() on ptolemy.moml.MoMLSimpleApplication@4033c4a7
----------------- Done invoking toplevel() on ptolemy.moml.MoMLSimpleApplication@4033c4a7
reloadAllAccessors: .ResettableTimer2

===========================================================================================
----------------- testing Thu Mar 28 06:41:26 UTC 2019 /home/travis/build/icyphy/ptII/ptolemy/domains/de/test/auto/ResettableTimer3.xml
----------------- Instantiating /home/travis/build/icyphy/ptII/ptolemy/domains/de/test/auto/ResettableTimer3.xml
1 ms. Memory: 269824K Free: 114203K (42%)
----------------- Invoking toplevel() on ptolemy.moml.MoMLSimpleApplication@36d8cf34
----------------- Done invoking toplevel() on ptolemy.moml.MoMLSimpleApplication@36d8cf34
reloadAllAccessors: .ResettableTimer3

===========================================================================================
----------------- testing Thu Mar 28 06:41:26 UTC 2019 /home/travis/build/icyphy/ptII/ptolemy/domains/de/test/auto/ResettableTimer4.xml
----------------- Instantiating /home/travis/build/icyphy/ptII/ptolemy/domains/de/test/auto/ResettableTimer4.xml
1 ms. Memory: 269824K Free: 108168K (40%)
----------------- Invoking toplevel() on ptolemy.moml.MoMLSimpleApplication@236cef3f
----------------- Done invoking toplevel() on ptolemy.moml.MoMLSimpleApplication@236cef3f
reloadAllAccessors: .ResettableTimer4

===========================================================================================
----------------- testing Thu Mar 28 06:41:26 UTC 2019 /home/travis/build/icyphy/ptII/ptolemy/domains/de/test/auto/ResettableTimer5.xml
----------------- Instantiating /home/travis/build/icyphy/ptII/ptolemy/domains/de/test/auto/ResettableTimer5.xml
1 ms. Memory: 269824K Free: 101759K (38%)
----------------- Invoking toplevel() on ptolemy.moml.MoMLSimpleApplication@310a2549
----------------- Done invoking toplevel() on ptolemy.moml.MoMLSimpleApplication@310a2549
reloadAllAccessors: .ResettableTimer5

===========================================================================================
----------------- testing Thu Mar 28 06:41:26 UTC 2019 /home/travis/build/icyphy/ptII/ptolemy/domains/de/test/auto/ResettableTimer6.xml
----------------- Instantiating /home/travis/build/icyphy/ptII/ptolemy/domains/de/test/auto/ResettableTimer6.xml
4 ms. Memory: 269824K Free: 93827K (35%)
----------------- Invoking toplevel() on ptolemy.moml.MoMLSimpleApplication@1c316952
----------------- Done invoking toplevel() on ptolemy.moml.MoMLSimpleApplication@1c316952
reloadAllAccessors: .ResettableTimer6

===========================================================================================
----------------- testing Thu Mar 28 06:41:26 UTC 2019 /home/travis/build/icyphy/ptII/ptolemy/domains/de/test/auto/ServerZeroDelay.xml
----------------- Instantiating /home/travis/build/icyphy/ptII/ptolemy/domains/de/test/auto/ServerZeroDelay.xml
4 ms. Memory: 269824K Free: 87800K (33%)
----------------- Invoking toplevel() on ptolemy.moml.MoMLSimpleApplication@3b8dbabf
----------------- Done invoking toplevel() on ptolemy.moml.MoMLSimpleApplication@3b8dbabf
reloadAllAccessors: .ServerZeroDelay

===========================================================================================
----------------- testing Thu Mar 28 06:41:26 UTC 2019 /home/travis/build/icyphy/ptII/ptolemy/domains/de/test/auto/SmartSender.xml
----------------- Instantiating /home/travis/build/icyphy/ptII/ptolemy/domains/de/test/auto/SmartSender.xml
3001 ms. Memory: 269824K Free: 81391K (30%)
----------------- Invoking toplevel() on ptolemy.moml.MoMLSimpleApplication@1b356c7b
----------------- Done invoking toplevel() on ptolemy.moml.MoMLSimpleApplication@1b356c7b
reloadAllAccessors: .SmartSender

===========================================================================================
----------------- testing Thu Mar 28 06:41:29 UTC 2019 /home/travis/build/icyphy/ptII/ptolemy/domains/de/test/auto/ThreadedComposite.xml
----------------- Instantiating /home/travis/build/icyphy/ptII/ptolemy/domains/de/test/auto/ThreadedComposite.xml
298 ms. Memory: 263680K Free: 225244K (85%)
----------------- Invoking toplevel() on ptolemy.moml.MoMLSimpleApplication@7843027
----------------- Done invoking toplevel() on ptolemy.moml.MoMLSimpleApplication@7843027
reloadAllAccessors: .ThreadedComposite

===========================================================================================
----------------- testing Thu Mar 28 06:41:29 UTC 2019 /home/travis/build/icyphy/ptII/ptolemy/domains/de/test/auto/Time.xml
----------------- Instantiating /home/travis/build/icyphy/ptII/ptolemy/domains/de/test/auto/Time.xml
409 ms. Memory: 263680K Free: 169331K (64%)
----------------- Invoking toplevel() on ptolemy.moml.MoMLSimpleApplication@1584be66
----------------- Done invoking toplevel() on ptolemy.moml.MoMLSimpleApplication@1584be66
reloadAllAccessors: .Time

===========================================================================================
----------------- testing Thu Mar 28 06:41:30 UTC 2019 /home/travis/build/icyphy/ptII/ptolemy/domains/de/test/auto/TimeDelayZeroDelay.xml
----------------- Instantiating /home/travis/build/icyphy/ptII/ptolemy/domains/de/test/auto/TimeDelayZeroDelay.xml
3 ms. Memory: 263680K Free: 163898K (62%)
----------------- Invoking toplevel() on ptolemy.moml.MoMLSimpleApplication@16565d68
----------------- Done invoking toplevel() on ptolemy.moml.MoMLSimpleApplication@16565d68
reloadAllAccessors: .TimeDelayZeroDelay

===========================================================================================
----------------- testing Thu Mar 28 06:41:30 UTC 2019 /home/travis/build/icyphy/ptII/ptolemy/domains/de/test/auto/TimerZeroDelay.xml
----------------- Instantiating /home/travis/build/icyphy/ptII/ptolemy/domains/de/test/auto/TimerZeroDelay.xml
2 ms. Memory: 263680K Free: 158481K (60%)
----------------- Invoking toplevel() on ptolemy.moml.MoMLSimpleApplication@6a50c1c
----------------- Done invoking toplevel() on ptolemy.moml.MoMLSimpleApplication@6a50c1c
reloadAllAccessors: .TimerZeroDelay

===========================================================================================
----------------- testing Thu Mar 28 06:41:30 UTC 2019 /home/travis/build/icyphy/ptII/ptolemy/domains/de/test/auto/TimingParadox.xml
----------------- Instantiating /home/travis/build/icyphy/ptII/ptolemy/domains/de/test/auto/TimingParadox.xml
279 ms. Memory: 263680K Free: 89471K (34%)
----------------- Invoking toplevel() on ptolemy.moml.MoMLSimpleApplication@3bb0c96b
----------------- Done invoking toplevel() on ptolemy.moml.MoMLSimpleApplication@3bb0c96b
reloadAllAccessors: .TimingParadox

===========================================================================================
----------------- testing Thu Mar 28 06:41:30 UTC 2019 /home/travis/build/icyphy/ptII/ptolemy/domains/de/test/auto/TransferInputs.xml
----------------- Instantiating /home/travis/build/icyphy/ptII/ptolemy/domains/de/test/auto/TransferInputs.xml
2 ms. Memory: 263680K Free: 84022K (32%)
----------------- Invoking toplevel() on ptolemy.moml.MoMLSimpleApplication@33b6495c
----------------- Done invoking toplevel() on ptolemy.moml.MoMLSimpleApplication@33b6495c
reloadAllAccessors: .TransferInputs

===========================================================================================
----------------- testing Thu Mar 28 06:41:30 UTC 2019 /home/travis/build/icyphy/ptII/ptolemy/domains/de/test/auto/TransferOutputs2.xml
----------------- Instantiating /home/travis/build/icyphy/ptII/ptolemy/domains/de/test/auto/TransferOutputs2.xml
3 ms. Memory: 263680K Free: 73750K (28%)
----------------- Invoking toplevel() on ptolemy.moml.MoMLSimpleApplication@7cc5c2a9
----------------- Done invoking toplevel() on ptolemy.moml.MoMLSimpleApplication@7cc5c2a9
reloadAllAccessors: .TransferOutputs2

===========================================================================================
----------------- testing Thu Mar 28 06:41:30 UTC 2019 /home/travis/build/icyphy/ptII/ptolemy/domains/de/test/auto/Trilateration.xml
----------------- Instantiating /home/travis/build/icyphy/ptII/ptolemy/domains/de/test/auto/Trilateration.xml
10950 ms. Memory: 715776K Free: 439596K (61%)
----------------- Invoking toplevel() on ptolemy.moml.MoMLSimpleApplication@2d879097
----------------- Done invoking toplevel() on ptolemy.moml.MoMLSimpleApplication@2d879097
reloadAllAccessors: .Trilateration

===========================================================================================
----------------- testing Thu Mar 28 06:41:42 UTC 2019 /home/travis/build/icyphy/ptII/ptolemy/domains/de/test/auto/TwoSigmaDelta.xml
----------------- Instantiating /home/travis/build/icyphy/ptII/ptolemy/domains/de/test/auto/TwoSigmaDelta.xml
2026 ms. Memory: 715776K Free: 141938K (20%)
----------------- Invoking toplevel() on ptolemy.moml.MoMLSimpleApplication@4846777f
----------------- Done invoking toplevel() on ptolemy.moml.MoMLSimpleApplication@4846777f
reloadAllAccessors: .TwoSigmaDelta

===========================================================================================
----------------- testing Thu Mar 28 06:41:44 UTC 2019 /home/travis/build/icyphy/ptII/ptolemy/domains/de/test/auto/VariableDelay.xml
----------------- Instantiating /home/travis/build/icyphy/ptII/ptolemy/domains/de/test/auto/VariableDelay.xml
6 ms. Memory: 715776K Free: 115979K (16%)
----------------- Invoking toplevel() on ptolemy.moml.MoMLSimpleApplication@30f4ca42
----------------- Done invoking toplevel() on ptolemy.moml.MoMLSimpleApplication@30f4ca42
reloadAllAccessors: .VariableDelay

===========================================================================================
----------------- testing Thu Mar 28 06:41:44 UTC 2019 /home/travis/build/icyphy/ptII/ptolemy/domains/de/test/auto/VariableDelay2.xml
----------------- Instantiating /home/travis/build/icyphy/ptII/ptolemy/domains/de/test/auto/VariableDelay2.xml
2 ms. Memory: 715776K Free: 90020K (13%)
----------------- Invoking toplevel() on ptolemy.moml.MoMLSimpleApplication@7beaf9f2
----------------- Done invoking toplevel() on ptolemy.moml.MoMLSimpleApplication@7beaf9f2
reloadAllAccessors: .VariableDelay2

===========================================================================================
----------------- testing Thu Mar 28 06:41:44 UTC 2019 /home/travis/build/icyphy/ptII/ptolemy/domains/de/test/auto/VariableDelayZeroDelay.xml
----------------- Instantiating /home/travis/build/icyphy/ptII/ptolemy/domains/de/test/auto/VariableDelayZeroDelay.xml
1 ms. Memory: 715776K Free: 64850K (9%)
----------------- Invoking toplevel() on ptolemy.moml.MoMLSimpleApplication@18b237e4
----------------- Done invoking toplevel() on ptolemy.moml.MoMLSimpleApplication@18b237e4
reloadAllAccessors: .VariableDelayZeroDelay

===========================================================================================
----------------- testing Thu Mar 28 06:41:44 UTC 2019 /home/travis/build/icyphy/ptII/ptolemy/domains/de/test/auto/VariableDelayZeroDelay2.xml
----------------- Instantiating /home/travis/build/icyphy/ptII/ptolemy/domains/de/test/auto/VariableDelayZeroDelay2.xml
2 ms. Memory: 680960K Free: 639166K (94%)
----------------- Invoking toplevel() on ptolemy.moml.MoMLSimpleApplication@ef7383d
----------------- Done invoking toplevel() on ptolemy.moml.MoMLSimpleApplication@ef7383d
reloadAllAccessors: .VariableDelayZeroDelay2

===========================================================================================
----------------- testing Thu Mar 28 06:41:44 UTC 2019 /home/travis/build/icyphy/ptII/ptolemy/domains/de/test/auto/deInCt.xml
----------------- Instantiating /home/travis/build/icyphy/ptII/ptolemy/domains/de/test/auto/deInCt.xml
0
1
1
1
1
1
1
0
0
1
1
1
0
0
0
0
0
1
1
1
0
0
0
1
1
1
0
0
0
1
1
0
0
0
0
0
0
4 ms. Memory: 680960K Free: 614175K (90%)
----------------- Invoking toplevel() on ptolemy.moml.MoMLSimpleApplication@3ce4ea27
----------------- Done invoking toplevel() on ptolemy.moml.MoMLSimpleApplication@3ce4ea27
reloadAllAccessors: .deInCt

===========================================================================================
----------------- testing Thu Mar 28 06:41:44 UTC 2019 /home/travis/build/icyphy/ptII/ptolemy/domains/de/test/auto/deInCt2.xml
----------------- Instantiating /home/travis/build/icyphy/ptII/ptolemy/domains/de/test/auto/deInCt2.xml
0
1
1
1
0
0
1
1
1
0
0
1
1
1
0
0
1
1
1
0
0
1
1
1
0
0
1
1
1
0
0
1
1
1
0
0
1
1
1
0
0
0
6 ms. Memory: 680960K Free: 589689K (87%)
----------------- Invoking toplevel() on ptolemy.moml.MoMLSimpleApplication@1f81076d
----------------- Done invoking toplevel() on ptolemy.moml.MoMLSimpleApplication@1f81076d
reloadAllAccessors: .deInCt2

===========================================================================================
----------------- testing Thu Mar 28 06:41:44 UTC 2019 /home/travis/build/icyphy/ptII/ptolemy/domains/de/test/auto/dynamicCausalityInterface1.xml
----------------- Instantiating /home/travis/build/icyphy/ptII/ptolemy/domains/de/test/auto/dynamicCausalityInterface1.xml
1 ms. Memory: 680960K Free: 565202K (83%)
----------------- Invoking toplevel() on ptolemy.moml.MoMLSimpleApplication@ee0e2cf
----------------- Done invoking toplevel() on ptolemy.moml.MoMLSimpleApplication@ee0e2cf
reloadAllAccessors: .dynamicCausalityInterface1

===========================================================================================
----------------- testing Thu Mar 28 06:41:44 UTC 2019 /home/travis/build/icyphy/ptII/ptolemy/domains/de/test/auto/fsm_de_test.xml
----------------- Instantiating /home/travis/build/icyphy/ptII/ptolemy/domains/de/test/auto/fsm_de_test.xml
5 ms. Memory: 680960K Free: 540714K (79%)
----------------- Invoking toplevel() on ptolemy.moml.MoMLSimpleApplication@34f3659e
----------------- Done invoking toplevel() on ptolemy.moml.MoMLSimpleApplication@34f3659e
reloadAllAccessors: .fsm_de_test

===========================================================================================
----------------- testing Thu Mar 28 06:41:44 UTC 2019 /home/travis/build/icyphy/ptII/ptolemy/domains/de/test/auto/functionDependencyReconstruction.xml
----------------- Instantiating /home/travis/build/icyphy/ptII/ptolemy/domains/de/test/auto/functionDependencyReconstruction.xml
2 ms. Memory: 680960K Free: 504220K (74%)
----------------- Invoking toplevel() on ptolemy.moml.MoMLSimpleApplication@3ba7ea5c
----------------- Done invoking toplevel() on ptolemy.moml.MoMLSimpleApplication@3ba7ea5c
reloadAllAccessors: .functionDependencyReconstruction

===========================================================================================
----------------- testing Thu Mar 28 06:41:44 UTC 2019 /home/travis/build/icyphy/ptII/ptolemy/domains/de/test/auto/multirate.xml
----------------- Instantiating /home/travis/build/icyphy/ptII/ptolemy/domains/de/test/auto/multirate.xml
2 ms. Memory: 680960K Free: 479733K (70%)
----------------- Invoking toplevel() on ptolemy.moml.MoMLSimpleApplication@160b31ee
----------------- Done invoking toplevel() on ptolemy.moml.MoMLSimpleApplication@160b31ee
reloadAllAccessors: .multirate

===========================================================================================
----------------- testing Thu Mar 28 06:41:44 UTC 2019 /home/travis/build/icyphy/ptII/ptolemy/domains/de/test/auto/multirate2.xml
----------------- Instantiating /home/travis/build/icyphy/ptII/ptolemy/domains/de/test/auto/multirate2.xml
2 ms. Memory: 680960K Free: 455247K (67%)
----------------- Invoking toplevel() on ptolemy.moml.MoMLSimpleApplication@bb34dea
----------------- Done invoking toplevel() on ptolemy.moml.MoMLSimpleApplication@bb34dea
reloadAllAccessors: .multirate2

===========================================================================================
----------------- testing Thu Mar 28 06:41:44 UTC 2019 /home/travis/build/icyphy/ptII/ptolemy/domains/de/test/auto/realtime.xml
----------------- Instantiating /home/travis/build/icyphy/ptII/ptolemy/domains/de/test/auto/realtime.xml
10006 ms. Memory: 680960K Free: 430760K (63%)
----------------- Invoking toplevel() on ptolemy.moml.MoMLSimpleApplication@3e2099e7
----------------- Done invoking toplevel() on ptolemy.moml.MoMLSimpleApplication@3e2099e7
reloadAllAccessors: .realtime

===========================================================================================
----------------- testing Thu Mar 28 06:41:54 UTC 2019 /home/travis/build/icyphy/ptII/ptolemy/domains/de/test/auto/relationGroup.xml
----------------- Instantiating /home/travis/build/icyphy/ptII/ptolemy/domains/de/test/auto/relationGroup.xml
2 ms. Memory: 680960K Free: 406274K (60%)
----------------- Invoking toplevel() on ptolemy.moml.MoMLSimpleApplication@209874a5
----------------- Done invoking toplevel() on ptolemy.moml.MoMLSimpleApplication@209874a5
reloadAllAccessors: .relationGroup

===========================================================================================
----------------- testing Thu Mar 28 06:41:54 UTC 2019 /home/travis/build/icyphy/ptII/ptolemy/domains/de/test/auto/relationGroup2.xml
----------------- Instantiating /home/travis/build/icyphy/ptII/ptolemy/domains/de/test/auto/relationGroup2.xml
1 ms. Memory: 680960K Free: 381787K (56%)
----------------- Invoking toplevel() on ptolemy.moml.MoMLSimpleApplication@7f942435
----------------- Done invoking toplevel() on ptolemy.moml.MoMLSimpleApplication@7f942435
reloadAllAccessors: .relationGroup2

===========================================================================================
----------------- testing Thu Mar 28 06:41:54 UTC 2019 /home/travis/build/icyphy/ptII/ptolemy/domains/de/test/auto/sortWithOpaquePorts.xml
----------------- Instantiating /home/travis/build/icyphy/ptII/ptolemy/domains/de/test/auto/sortWithOpaquePorts.xml
1 ms. Memory: 680960K Free: 356796K (52%)
----------------- Invoking toplevel() on ptolemy.moml.MoMLSimpleApplication@2c6cebb1
----------------- Done invoking toplevel() on ptolemy.moml.MoMLSimpleApplication@2c6cebb1
reloadAllAccessors: .sortWithOpaquePorts

===========================================================================================
----------------- testing Thu Mar 28 06:41:54 UTC 2019 /home/travis/build/icyphy/ptII/ptolemy/domains/de/test/auto/transferInputsandOutputs.xml
----------------- Instantiating /home/travis/build/icyphy/ptII/ptolemy/domains/de/test/auto/transferInputsandOutputs.xml
2 ms. Memory: 680960K Free: 332310K (49%)
----------------- Invoking toplevel() on ptolemy.moml.MoMLSimpleApplication@69c068b7
----------------- Done invoking toplevel() on ptolemy.moml.MoMLSimpleApplication@69c068b7
reloadAllAccessors: .transferInputsandOutputs

===========================================================================================
----------------- testing Thu Mar 28 06:41:54 UTC 2019 /home/travis/build/icyphy/ptII/ptolemy/domains/de/test/auto/triggerType.xml
----------------- Instantiating /home/travis/build/icyphy/ptII/ptolemy/domains/de/test/auto/triggerType.xml
1 ms. Memory: 680960K Free: 307823K (45%)
----------------- Invoking toplevel() on ptolemy.moml.MoMLSimpleApplication@5a11f7df
----------------- Done invoking toplevel() on ptolemy.moml.MoMLSimpleApplication@5a11f7df
reloadAllAccessors: .triggerType
AutoTests.java: About to close Vertx.
AutoTests.java: Vertx closed.
]]></system-out>
  <system-err><![CDATA[java.lang.RuntimeException: Execution failed
	at ptolemy.moml.MoMLSimpleApplication$UnloadThread.run(MoMLSimpleApplication.java:402)
Caused by: ptolemy.kernel.util.IllegalActionException: Found a zero delay loop containing .dependencyLoop.original
  in .dependencyLoop and .dependencyLoop.original
	at ptolemy.actor.util.CausalityInterfaceForComposites._computeOutputPortDepth(CausalityInterfaceForComposites.java:759)
	at ptolemy.actor.util.CausalityInterfaceForComposites._computeInputDepth(CausalityInterfaceForComposites.java:696)
	at ptolemy.actor.util.CausalityInterfaceForComposites._computeOutputPortDepth(CausalityInterfaceForComposites.java:765)
	at ptolemy.actor.util.CausalityInterfaceForComposites._computeInputDepth(CausalityInterfaceForComposites.java:696)
	at ptolemy.actor.util.CausalityInterfaceForComposites._computeOutputPortDepth(CausalityInterfaceForComposites.java:765)
	at ptolemy.actor.util.CausalityInterfaceForComposites._computeInputDepth(CausalityInterfaceForComposites.java:696)
	at ptolemy.actor.util.CausalityInterfaceForComposites._computeActorDepth(CausalityInterfaceForComposites.java:532)
	at ptolemy.actor.util.CausalityInterfaceForComposites.checkForCycles(CausalityInterfaceForComposites.java:96)
	at ptolemy.domains.de.kernel.DEDirector.preinitialize(DEDirector.java:1338)
	at ptolemy.actor.CompositeActor.preinitialize(CompositeActor.java:1828)
	at ptolemy.actor.Manager.preinitializeAndResolveTypes(Manager.java:1040)
	at ptolemy.actor.Manager.initialize(Manager.java:710)
	at ptolemy.actor.Manager.execute(Manager.java:356)
	at ptolemy.actor.Manager.run(Manager.java:1263)
	at ptolemy.actor.Manager$PtolemyRunThread.run(Manager.java:1915)
java.lang.RuntimeException: Execution failed
	at ptolemy.moml.MoMLSimpleApplication$UnloadThread.run(MoMLSimpleApplication.java:402)
Caused by: ptolemy.kernel.util.IllegalActionException: Found a zero delay loop containing .dependencyLoop2.original
  in .dependencyLoop2 and .dependencyLoop2.original
	at ptolemy.actor.util.CausalityInterfaceForComposites._computeOutputPortDepth(CausalityInterfaceForComposites.java:759)
	at ptolemy.actor.util.CausalityInterfaceForComposites._computeInputDepth(CausalityInterfaceForComposites.java:696)
	at ptolemy.actor.util.CausalityInterfaceForComposites._computeOutputPortDepth(CausalityInterfaceForComposites.java:765)
	at ptolemy.actor.util.CausalityInterfaceForComposites._computeInputDepth(CausalityInterfaceForComposites.java:696)
	at ptolemy.actor.util.CausalityInterfaceForComposites._computeOutputPortDepth(CausalityInterfaceForComposites.java:765)
	at ptolemy.actor.util.CausalityInterfaceForComposites._computeInputDepth(CausalityInterfaceForComposites.java:696)
	at ptolemy.actor.util.CausalityInterfaceForComposites._computeActorDepth(CausalityInterfaceForComposites.java:532)
	at ptolemy.actor.util.CausalityInterfaceForComposites.checkForCycles(CausalityInterfaceForComposites.java:96)
	at ptolemy.domains.de.kernel.DEDirector.preinitialize(DEDirector.java:1338)
	at ptolemy.actor.CompositeActor.preinitialize(CompositeActor.java:1828)
	at ptolemy.actor.Manager.preinitializeAndResolveTypes(Manager.java:1040)
	at ptolemy.actor.Manager.initialize(Manager.java:710)
	at ptolemy.actor.Manager.execute(Manager.java:356)
	at ptolemy.actor.Manager.run(Manager.java:1263)
	at ptolemy.actor.Manager$PtolemyRunThread.run(Manager.java:1915)
java.lang.RuntimeException: Execution failed
	at ptolemy.moml.MoMLSimpleApplication$UnloadThread.run(MoMLSimpleApplication.java:402)
Caused by: ptolemy.kernel.util.IllegalActionException: Found a zero delay loop containing .dependencyLoop.original
  in .dependencyLoop and .dependencyLoop.original
	at ptolemy.actor.util.CausalityInterfaceForComposites._computeOutputPortDepth(CausalityInterfaceForComposites.java:759)
	at ptolemy.actor.util.CausalityInterfaceForComposites._computeInputDepth(CausalityInterfaceForComposites.java:696)
	at ptolemy.actor.util.CausalityInterfaceForComposites._computeOutputPortDepth(CausalityInterfaceForComposites.java:765)
	at ptolemy.actor.util.CausalityInterfaceForComposites._computeInputDepth(CausalityInterfaceForComposites.java:696)
	at ptolemy.actor.util.CausalityInterfaceForComposites._computeOutputPortDepth(CausalityInterfaceForComposites.java:765)
	at ptolemy.actor.util.CausalityInterfaceForComposites._computeInputDepth(CausalityInterfaceForComposites.java:696)
	at ptolemy.actor.util.CausalityInterfaceForComposites._computeActorDepth(CausalityInterfaceForComposites.java:532)
	at ptolemy.actor.util.CausalityInterfaceForComposites.checkForCycles(CausalityInterfaceForComposites.java:96)
	at ptolemy.domains.de.kernel.DEDirector.preinitialize(DEDirector.java:1338)
	at ptolemy.actor.CompositeActor.preinitialize(CompositeActor.java:1828)
	at ptolemy.actor.Manager.preinitializeAndResolveTypes(Manager.java:1040)
	at ptolemy.actor.Manager.initialize(Manager.java:710)
	at ptolemy.actor.Manager.execute(Manager.java:356)
	at ptolemy.actor.Manager.run(Manager.java:1263)
	at ptolemy.actor.Manager$PtolemyRunThread.run(Manager.java:1915)
java.lang.RuntimeException: Execution failed
	at ptolemy.moml.MoMLSimpleApplication$UnloadThread.run(MoMLSimpleApplication.java:402)
Caused by: ptolemy.kernel.util.IllegalActionException: Actor is not ready to fire.  Perhaps UpSample.prefire() returned false? Try debugging the actor by selecting "Listen to Actor".  Also, for SDF check moml for tokenConsumptionRate on input.
  in .DESDFClockTest.Play Bell.Copy1:SDF Director and .DESDFClockTest.Play Bell.UpSample
	at ptolemy.actor.sched.StaticSchedulingDirector.fire(StaticSchedulingDirector.java:227)
	at ptolemy.domains.sdf.kernel.SDFDirector.fire(SDFDirector.java:500)
	at ptolemy.actor.CompositeActor.fire(CompositeActor.java:455)
	at ptolemy.domains.de.kernel.DEDirector._fire(DEDirector.java:1949)
	at ptolemy.domains.de.kernel.DEDirector.fire(DEDirector.java:502)
	at ptolemy.actor.CompositeActor.fire(CompositeActor.java:455)
	at ptolemy.actor.Manager.iterate(Manager.java:851)
	at ptolemy.actor.Manager.execute(Manager.java:369)
	at ptolemy.actor.Manager.run(Manager.java:1263)
	at ptolemy.actor.Manager$PtolemyRunThread.run(Manager.java:1915)
java.lang.RuntimeException: Execution failed
	at ptolemy.moml.MoMLSimpleApplication$UnloadThread.run(MoMLSimpleApplication.java:402)
Caused by: ptolemy.kernel.util.IllegalActionException: Found a zero delay loop containing .dependencyLoop2.original
  in .dependencyLoop2 and .dependencyLoop2.original
	at ptolemy.actor.util.CausalityInterfaceForComposites._computeOutputPortDepth(CausalityInterfaceForComposites.java:759)
	at ptolemy.actor.util.CausalityInterfaceForComposites._computeInputDepth(CausalityInterfaceForComposites.java:696)
	at ptolemy.actor.util.CausalityInterfaceForComposites._computeOutputPortDepth(CausalityInterfaceForComposites.java:765)
	at ptolemy.actor.util.CausalityInterfaceForComposites._computeInputDepth(CausalityInterfaceForComposites.java:696)
	at ptolemy.actor.util.CausalityInterfaceForComposites._computeOutputPortDepth(CausalityInterfaceForComposites.java:765)
	at ptolemy.actor.util.CausalityInterfaceForComposites._computeInputDepth(CausalityInterfaceForComposites.java:696)
	at ptolemy.actor.util.CausalityInterfaceForComposites._computeActorDepth(CausalityInterfaceForComposites.java:532)
	at ptolemy.actor.util.CausalityInterfaceForComposites.checkForCycles(CausalityInterfaceForComposites.java:96)
	at ptolemy.domains.de.kernel.DEDirector.preinitialize(DEDirector.java:1338)
	at ptolemy.actor.CompositeActor.preinitialize(CompositeActor.java:1828)
	at ptolemy.actor.Manager.preinitializeAndResolveTypes(Manager.java:1040)
	at ptolemy.actor.Manager.initialize(Manager.java:710)
	at ptolemy.actor.Manager.execute(Manager.java:356)
	at ptolemy.actor.Manager.run(Manager.java:1263)
	at ptolemy.actor.Manager$PtolemyRunThread.run(Manager.java:1915)
java.lang.RuntimeException: Execution failed
	at ptolemy.moml.MoMLSimpleApplication$UnloadThread.run(MoMLSimpleApplication.java:402)
Caused by: ptolemy.kernel.util.IllegalActionException: Found a zero delay loop containing .HierarchicalModel.A
  in .HierarchicalModel and .HierarchicalModel.A
	at ptolemy.actor.util.CausalityInterfaceForComposites._computeOutputPortDepth(CausalityInterfaceForComposites.java:759)
	at ptolemy.actor.util.CausalityInterfaceForComposites._computeInputDepth(CausalityInterfaceForComposites.java:696)
	at ptolemy.actor.util.CausalityInterfaceForComposites._computeOutputPortDepth(CausalityInterfaceForComposites.java:765)
	at ptolemy.actor.util.CausalityInterfaceForComposites._computeInputDepth(CausalityInterfaceForComposites.java:696)
	at ptolemy.actor.util.CausalityInterfaceForComposites._computeOutputPortDepth(CausalityInterfaceForComposites.java:765)
	at ptolemy.actor.util.CausalityInterfaceForComposites._computeInputDepth(CausalityInterfaceForComposites.java:696)
	at ptolemy.actor.util.CausalityInterfaceForComposites._computeActorDepth(CausalityInterfaceForComposites.java:532)
	at ptolemy.actor.util.CausalityInterfaceForComposites.checkForCycles(CausalityInterfaceForComposites.java:96)
	at ptolemy.domains.de.kernel.DEDirector.preinitialize(DEDirector.java:1338)
	at ptolemy.actor.CompositeActor.preinitialize(CompositeActor.java:1828)
	at ptolemy.actor.Manager.preinitializeAndResolveTypes(Manager.java:1040)
	at ptolemy.actor.Manager.initialize(Manager.java:710)
	at ptolemy.actor.Manager.execute(Manager.java:356)
	at ptolemy.actor.Manager.run(Manager.java:1263)
	at ptolemy.actor.Manager$PtolemyRunThread.run(Manager.java:1915)
java.lang.RuntimeException: Execution failed
	at ptolemy.moml.MoMLSimpleApplication$UnloadThread.run(MoMLSimpleApplication.java:402)
Caused by: ptolemy.kernel.util.IllegalActionException: Test fails in iteration 1.
Value was: 1.0. Should have been: 2.0
  in .DirectFeedback.Test
	at ptolemy.actor.lib.Test.fire(Test.java:268)
	at ptolemy.domains.de.kernel.DEDirector._fire(DEDirector.java:1949)
	at ptolemy.domains.de.kernel.DEDirector.fire(DEDirector.java:502)
	at ptolemy.actor.CompositeActor.fire(CompositeActor.java:455)
	at ptolemy.actor.Manager.iterate(Manager.java:851)
	at ptolemy.actor.Manager.execute(Manager.java:369)
	at ptolemy.actor.Manager.run(Manager.java:1263)
	at ptolemy.actor.Manager$PtolemyRunThread.run(Manager.java:1915)
java.lang.RuntimeException: Execution failed
	at ptolemy.moml.MoMLSimpleApplication$UnloadThread.run(MoMLSimpleApplication.java:402)
Caused by: ptolemy.kernel.util.IllegalActionException: Actor is not ready to fire.  Perhaps UpSample.prefire() returned false? Try debugging the actor by selecting "Listen to Actor".  Also, for SDF check moml for tokenConsumptionRate on input.
  in .DESDFClockTest.Play Bell.Copy1:SDF Director and .DESDFClockTest.Play Bell.UpSample
	at ptolemy.actor.sched.StaticSchedulingDirector.fire(StaticSchedulingDirector.java:227)
	at ptolemy.domains.sdf.kernel.SDFDirector.fire(SDFDirector.java:500)
	at ptolemy.actor.CompositeActor.fire(CompositeActor.java:455)
	at ptolemy.domains.de.kernel.DEDirector._fire(DEDirector.java:1949)
	at ptolemy.domains.de.kernel.DEDirector.fire(DEDirector.java:502)
	at ptolemy.actor.CompositeActor.fire(CompositeActor.java:455)
	at ptolemy.actor.Manager.iterate(Manager.java:851)
	at ptolemy.actor.Manager.execute(Manager.java:369)
	at ptolemy.actor.Manager.run(Manager.java:1263)
	at ptolemy.actor.Manager$PtolemyRunThread.run(Manager.java:1915)
java.lang.reflect.InvocationTargetException
	at sun.reflect.NativeConstructorAccessorImpl.newInstance0(Native Method)
	at sun.reflect.NativeConstructorAccessorImpl.newInstance(NativeConstructorAccessorImpl.java:62)
	at sun.reflect.DelegatingConstructorAccessorImpl.newInstance(DelegatingConstructorAccessorImpl.java:45)
	at java.lang.reflect.Constructor.newInstance(Constructor.java:423)
	at ptolemy.util.test.junit.AutoKnownFailedTests.RunModel(AutoKnownFailedTests.java:105)
	at sun.reflect.NativeMethodAccessorImpl.invoke0(Native Method)
	at sun.reflect.NativeMethodAccessorImpl.invoke(NativeMethodAccessorImpl.java:62)
	at sun.reflect.DelegatingMethodAccessorImpl.invoke(DelegatingMethodAccessorImpl.java:43)
	at java.lang.reflect.Method.invoke(Method.java:498)
	at org.junit.runners.model.FrameworkMethod$1.runReflectiveCall(FrameworkMethod.java:44)
	at org.junit.internal.runners.model.ReflectiveCallable.run(ReflectiveCallable.java:15)
	at org.junit.runners.model.FrameworkMethod.invokeExplosively(FrameworkMethod.java:41)
	at junitparams.internal.InvokeParameterisedMethod.evaluate(InvokeParameterisedMethod.java:102)
	at org.junit.internal.runners.statements.FailOnTimeout$1.run(FailOnTimeout.java:28)
Caused by: ptolemy.kernel.util.IllegalActionException: Actor is not ready to fire.  Perhaps UpSample.prefire() returned false? Try debugging the actor by selecting "Listen to Actor".  Also, for SDF check moml for tokenConsumptionRate on input.
  in .DESDFClockTest.Play Bell.Copy1:SDF Director and .DESDFClockTest.Play Bell.UpSample
	at ptolemy.actor.sched.StaticSchedulingDirector.fire(StaticSchedulingDirector.java:227)
	at ptolemy.domains.sdf.kernel.SDFDirector.fire(SDFDirector.java:500)
	at ptolemy.actor.CompositeActor.fire(CompositeActor.java:455)
	at ptolemy.domains.de.kernel.DEDirector._fire(DEDirector.java:1949)
	at ptolemy.domains.de.kernel.DEDirector.fire(DEDirector.java:502)
	at ptolemy.actor.CompositeActor.fire(CompositeActor.java:455)
	at ptolemy.actor.Manager.iterate(Manager.java:851)
	at ptolemy.actor.Manager.execute(Manager.java:369)
	at ptolemy.actor.Manager.run(Manager.java:1263)
	at ptolemy.actor.Manager$PtolemyRunThread.run(Manager.java:1915)
java.lang.RuntimeException: Execution failed
	at ptolemy.moml.MoMLSimpleApplication$UnloadThread.run(MoMLSimpleApplication.java:402)
Caused by: ptolemy.kernel.util.IllegalActionException: Test fails in iteration 1.
Value was: 1.0. Should have been: 2.0
  in .DirectFeedback.Test
	at ptolemy.actor.lib.Test.fire(Test.java:268)
	at ptolemy.domains.de.kernel.DEDirector._fire(DEDirector.java:1949)
	at ptolemy.domains.de.kernel.DEDirector.fire(DEDirector.java:502)
	at ptolemy.actor.CompositeActor.fire(CompositeActor.java:455)
	at ptolemy.actor.Manager.iterate(Manager.java:851)
	at ptolemy.actor.Manager.execute(Manager.java:369)
	at ptolemy.actor.Manager.run(Manager.java:1263)
	at ptolemy.actor.Manager$PtolemyRunThread.run(Manager.java:1915)
java.lang.reflect.InvocationTargetException
	at sun.reflect.NativeConstructorAccessorImpl.newInstance0(Native Method)
	at sun.reflect.NativeConstructorAccessorImpl.newInstance(NativeConstructorAccessorImpl.java:62)
	at sun.reflect.DelegatingConstructorAccessorImpl.newInstance(DelegatingConstructorAccessorImpl.java:45)
	at java.lang.reflect.Constructor.newInstance(Constructor.java:423)
	at ptolemy.util.test.junit.AutoKnownFailedTests.RunModel(AutoKnownFailedTests.java:105)
	at sun.reflect.NativeMethodAccessorImpl.invoke0(Native Method)
	at sun.reflect.NativeMethodAccessorImpl.invoke(NativeMethodAccessorImpl.java:62)
	at sun.reflect.DelegatingMethodAccessorImpl.invoke(DelegatingMethodAccessorImpl.java:43)
	at java.lang.reflect.Method.invoke(Method.java:498)
	at org.junit.runners.model.FrameworkMethod$1.runReflectiveCall(FrameworkMethod.java:44)
	at org.junit.internal.runners.model.ReflectiveCallable.run(ReflectiveCallable.java:15)
	at org.junit.runners.model.FrameworkMethod.invokeExplosively(FrameworkMethod.java:41)
	at junitparams.internal.InvokeParameterisedMethod.evaluate(InvokeParameterisedMethod.java:102)
	at org.junit.internal.runners.statements.FailOnTimeout$1.run(FailOnTimeout.java:28)
Caused by: ptolemy.kernel.util.IllegalActionException: Test fails in iteration 1.
Value was: 1.0. Should have been: 2.0
  in .DirectFeedback.Test
	at ptolemy.actor.lib.Test.fire(Test.java:268)
	at ptolemy.domains.de.kernel.DEDirector._fire(DEDirector.java:1949)
	at ptolemy.domains.de.kernel.DEDirector.fire(DEDirector.java:502)
	at ptolemy.actor.CompositeActor.fire(CompositeActor.java:455)
	at ptolemy.actor.Manager.iterate(Manager.java:851)
	at ptolemy.actor.Manager.execute(Manager.java:369)
	at ptolemy.actor.Manager.run(Manager.java:1263)
	at ptolemy.actor.Manager$PtolemyRunThread.run(Manager.java:1915)
java.lang.RuntimeException: Execution failed
	at ptolemy.moml.MoMLSimpleApplication$UnloadThread.run(MoMLSimpleApplication.java:402)
Caused by: ptolemy.kernel.util.IllegalActionException: Found a zero delay loop containing .HierarchicalModel.A
  in .HierarchicalModel and .HierarchicalModel.A
	at ptolemy.actor.util.CausalityInterfaceForComposites._computeOutputPortDepth(CausalityInterfaceForComposites.java:759)
	at ptolemy.actor.util.CausalityInterfaceForComposites._computeInputDepth(CausalityInterfaceForComposites.java:696)
	at ptolemy.actor.util.CausalityInterfaceForComposites._computeOutputPortDepth(CausalityInterfaceForComposites.java:765)
	at ptolemy.actor.util.CausalityInterfaceForComposites._computeInputDepth(CausalityInterfaceForComposites.java:696)
	at ptolemy.actor.util.CausalityInterfaceForComposites._computeOutputPortDepth(CausalityInterfaceForComposites.java:765)
	at ptolemy.actor.util.CausalityInterfaceForComposites._computeInputDepth(CausalityInterfaceForComposites.java:696)
	at ptolemy.actor.util.CausalityInterfaceForComposites._computeActorDepth(CausalityInterfaceForComposites.java:532)
	at ptolemy.actor.util.CausalityInterfaceForComposites.checkForCycles(CausalityInterfaceForComposites.java:96)
	at ptolemy.domains.de.kernel.DEDirector.preinitialize(DEDirector.java:1338)
	at ptolemy.actor.CompositeActor.preinitialize(CompositeActor.java:1828)
	at ptolemy.actor.Manager.preinitializeAndResolveTypes(Manager.java:1040)
	at ptolemy.actor.Manager.initialize(Manager.java:710)
	at ptolemy.actor.Manager.execute(Manager.java:356)
	at ptolemy.actor.Manager.run(Manager.java:1263)
	at ptolemy.actor.Manager$PtolemyRunThread.run(Manager.java:1915)
java.lang.reflect.InvocationTargetException
	at sun.reflect.NativeConstructorAccessorImpl.newInstance0(Native Method)
	at sun.reflect.NativeConstructorAccessorImpl.newInstance(NativeConstructorAccessorImpl.java:62)
	at sun.reflect.DelegatingConstructorAccessorImpl.newInstance(DelegatingConstructorAccessorImpl.java:45)
	at java.lang.reflect.Constructor.newInstance(Constructor.java:423)
	at ptolemy.util.test.junit.AutoKnownFailedTests.RunModel(AutoKnownFailedTests.java:105)
	at sun.reflect.NativeMethodAccessorImpl.invoke0(Native Method)
	at sun.reflect.NativeMethodAccessorImpl.invoke(NativeMethodAccessorImpl.java:62)
	at sun.reflect.DelegatingMethodAccessorImpl.invoke(DelegatingMethodAccessorImpl.java:43)
	at java.lang.reflect.Method.invoke(Method.java:498)
	at org.junit.runners.model.FrameworkMethod$1.runReflectiveCall(FrameworkMethod.java:44)
	at org.junit.internal.runners.model.ReflectiveCallable.run(ReflectiveCallable.java:15)
	at org.junit.runners.model.FrameworkMethod.invokeExplosively(FrameworkMethod.java:41)
	at junitparams.internal.InvokeParameterisedMethod.evaluate(InvokeParameterisedMethod.java:102)
	at org.junit.internal.runners.statements.FailOnTimeout$1.run(FailOnTimeout.java:28)
Caused by: ptolemy.kernel.util.IllegalActionException: Found a zero delay loop containing .HierarchicalModel.A
  in .HierarchicalModel and .HierarchicalModel.A
	at ptolemy.actor.util.CausalityInterfaceForComposites._computeOutputPortDepth(CausalityInterfaceForComposites.java:759)
	at ptolemy.actor.util.CausalityInterfaceForComposites._computeInputDepth(CausalityInterfaceForComposites.java:696)
	at ptolemy.actor.util.CausalityInterfaceForComposites._computeOutputPortDepth(CausalityInterfaceForComposites.java:765)
	at ptolemy.actor.util.CausalityInterfaceForComposites._computeInputDepth(CausalityInterfaceForComposites.java:696)
	at ptolemy.actor.util.CausalityInterfaceForComposites._computeOutputPortDepth(CausalityInterfaceForComposites.java:765)
	at ptolemy.actor.util.CausalityInterfaceForComposites._computeInputDepth(CausalityInterfaceForComposites.java:696)
	at ptolemy.actor.util.CausalityInterfaceForComposites._computeActorDepth(CausalityInterfaceForComposites.java:532)
	at ptolemy.actor.util.CausalityInterfaceForComposites.checkForCycles(CausalityInterfaceForComposites.java:96)
	at ptolemy.domains.de.kernel.DEDirector.preinitialize(DEDirector.java:1338)
	at ptolemy.actor.CompositeActor.preinitialize(CompositeActor.java:1828)
	at ptolemy.actor.Manager.preinitializeAndResolveTypes(Manager.java:1040)
	at ptolemy.actor.Manager.initialize(Manager.java:710)
	at ptolemy.actor.Manager.execute(Manager.java:356)
	at ptolemy.actor.Manager.run(Manager.java:1263)
	at ptolemy.actor.Manager$PtolemyRunThread.run(Manager.java:1915)
java.lang.RuntimeException: Execution failed
	at ptolemy.moml.MoMLSimpleApplication$UnloadThread.run(MoMLSimpleApplication.java:402)
Caused by: ptolemy.kernel.util.IllegalActionException: Found a zero delay loop containing .dependencyLoop.original
  in .dependencyLoop and .dependencyLoop.original
	at ptolemy.actor.util.CausalityInterfaceForComposites._computeOutputPortDepth(CausalityInterfaceForComposites.java:759)
	at ptolemy.actor.util.CausalityInterfaceForComposites._computeInputDepth(CausalityInterfaceForComposites.java:696)
	at ptolemy.actor.util.CausalityInterfaceForComposites._computeOutputPortDepth(CausalityInterfaceForComposites.java:765)
	at ptolemy.actor.util.CausalityInterfaceForComposites._computeInputDepth(CausalityInterfaceForComposites.java:696)
	at ptolemy.actor.util.CausalityInterfaceForComposites._computeOutputPortDepth(CausalityInterfaceForComposites.java:765)
	at ptolemy.actor.util.CausalityInterfaceForComposites._computeInputDepth(CausalityInterfaceForComposites.java:696)
	at ptolemy.actor.util.CausalityInterfaceForComposites._computeActorDepth(CausalityInterfaceForComposites.java:532)
	at ptolemy.actor.util.CausalityInterfaceForComposites.checkForCycles(CausalityInterfaceForComposites.java:96)
	at ptolemy.domains.de.kernel.DEDirector.preinitialize(DEDirector.java:1338)
	at ptolemy.actor.CompositeActor.preinitialize(CompositeActor.java:1828)
	at ptolemy.actor.Manager.preinitializeAndResolveTypes(Manager.java:1040)
	at ptolemy.actor.Manager.initialize(Manager.java:710)
	at ptolemy.actor.Manager.execute(Manager.java:356)
	at ptolemy.actor.Manager.run(Manager.java:1263)
	at ptolemy.actor.Manager$PtolemyRunThread.run(Manager.java:1915)
java.lang.reflect.InvocationTargetException
	at sun.reflect.NativeConstructorAccessorImpl.newInstance0(Native Method)
	at sun.reflect.NativeConstructorAccessorImpl.newInstance(NativeConstructorAccessorImpl.java:62)
	at sun.reflect.DelegatingConstructorAccessorImpl.newInstance(DelegatingConstructorAccessorImpl.java:45)
	at java.lang.reflect.Constructor.newInstance(Constructor.java:423)
	at ptolemy.util.test.junit.AutoKnownFailedTests.RunModel(AutoKnownFailedTests.java:105)
	at sun.reflect.NativeMethodAccessorImpl.invoke0(Native Method)
	at sun.reflect.NativeMethodAccessorImpl.invoke(NativeMethodAccessorImpl.java:62)
	at sun.reflect.DelegatingMethodAccessorImpl.invoke(DelegatingMethodAccessorImpl.java:43)
	at java.lang.reflect.Method.invoke(Method.java:498)
	at org.junit.runners.model.FrameworkMethod$1.runReflectiveCall(FrameworkMethod.java:44)
	at org.junit.internal.runners.model.ReflectiveCallable.run(ReflectiveCallable.java:15)
	at org.junit.runners.model.FrameworkMethod.invokeExplosively(FrameworkMethod.java:41)
	at junitparams.internal.InvokeParameterisedMethod.evaluate(InvokeParameterisedMethod.java:102)
	at org.junit.internal.runners.statements.FailOnTimeout$1.run(FailOnTimeout.java:28)
Caused by: ptolemy.kernel.util.IllegalActionException: Found a zero delay loop containing .dependencyLoop.original
  in .dependencyLoop and .dependencyLoop.original
	at ptolemy.actor.util.CausalityInterfaceForComposites._computeOutputPortDepth(CausalityInterfaceForComposites.java:759)
	at ptolemy.actor.util.CausalityInterfaceForComposites._computeInputDepth(CausalityInterfaceForComposites.java:696)
	at ptolemy.actor.util.CausalityInterfaceForComposites._computeOutputPortDepth(CausalityInterfaceForComposites.java:765)
	at ptolemy.actor.util.CausalityInterfaceForComposites._computeInputDepth(CausalityInterfaceForComposites.java:696)
	at ptolemy.actor.util.CausalityInterfaceForComposites._computeOutputPortDepth(CausalityInterfaceForComposites.java:765)
	at ptolemy.actor.util.CausalityInterfaceForComposites._computeInputDepth(CausalityInterfaceForComposites.java:696)
	at ptolemy.actor.util.CausalityInterfaceForComposites._computeActorDepth(CausalityInterfaceForComposites.java:532)
	at ptolemy.actor.util.CausalityInterfaceForComposites.checkForCycles(CausalityInterfaceForComposites.java:96)
	at ptolemy.domains.de.kernel.DEDirector.preinitialize(DEDirector.java:1338)
	at ptolemy.actor.CompositeActor.preinitialize(CompositeActor.java:1828)
	at ptolemy.actor.Manager.preinitializeAndResolveTypes(Manager.java:1040)
	at ptolemy.actor.Manager.initialize(Manager.java:710)
	at ptolemy.actor.Manager.execute(Manager.java:356)
	at ptolemy.actor.Manager.run(Manager.java:1263)
	at ptolemy.actor.Manager$PtolemyRunThread.run(Manager.java:1915)
java.lang.RuntimeException: Execution failed
	at ptolemy.moml.MoMLSimpleApplication$UnloadThread.run(MoMLSimpleApplication.java:402)
Caused by: ptolemy.kernel.util.IllegalActionException: Found a zero delay loop containing .dependencyLoop2.original
  in .dependencyLoop2 and .dependencyLoop2.original
	at ptolemy.actor.util.CausalityInterfaceForComposites._computeOutputPortDepth(CausalityInterfaceForComposites.java:759)
	at ptolemy.actor.util.CausalityInterfaceForComposites._computeInputDepth(CausalityInterfaceForComposites.java:696)
	at ptolemy.actor.util.CausalityInterfaceForComposites._computeOutputPortDepth(CausalityInterfaceForComposites.java:765)
	at ptolemy.actor.util.CausalityInterfaceForComposites._computeInputDepth(CausalityInterfaceForComposites.java:696)
	at ptolemy.actor.util.CausalityInterfaceForComposites._computeOutputPortDepth(CausalityInterfaceForComposites.java:765)
	at ptolemy.actor.util.CausalityInterfaceForComposites._computeInputDepth(CausalityInterfaceForComposites.java:696)
	at ptolemy.actor.util.CausalityInterfaceForComposites._computeActorDepth(CausalityInterfaceForComposites.java:532)
	at ptolemy.actor.util.CausalityInterfaceForComposites.checkForCycles(CausalityInterfaceForComposites.java:96)
	at ptolemy.domains.de.kernel.DEDirector.preinitialize(DEDirector.java:1338)
	at ptolemy.actor.CompositeActor.preinitialize(CompositeActor.java:1828)
	at ptolemy.actor.Manager.preinitializeAndResolveTypes(Manager.java:1040)
	at ptolemy.actor.Manager.initialize(Manager.java:710)
	at ptolemy.actor.Manager.execute(Manager.java:356)
	at ptolemy.actor.Manager.run(Manager.java:1263)
	at ptolemy.actor.Manager$PtolemyRunThread.run(Manager.java:1915)
java.lang.reflect.InvocationTargetException
	at sun.reflect.NativeConstructorAccessorImpl.newInstance0(Native Method)
	at sun.reflect.NativeConstructorAccessorImpl.newInstance(NativeConstructorAccessorImpl.java:62)
	at sun.reflect.DelegatingConstructorAccessorImpl.newInstance(DelegatingConstructorAccessorImpl.java:45)
	at java.lang.reflect.Constructor.newInstance(Constructor.java:423)
	at ptolemy.util.test.junit.AutoKnownFailedTests.RunModel(AutoKnownFailedTests.java:105)
	at sun.reflect.NativeMethodAccessorImpl.invoke0(Native Method)
	at sun.reflect.NativeMethodAccessorImpl.invoke(NativeMethodAccessorImpl.java:62)
	at sun.reflect.DelegatingMethodAccessorImpl.invoke(DelegatingMethodAccessorImpl.java:43)
	at java.lang.reflect.Method.invoke(Method.java:498)
	at org.junit.runners.model.FrameworkMethod$1.runReflectiveCall(FrameworkMethod.java:44)
	at org.junit.internal.runners.model.ReflectiveCallable.run(ReflectiveCallable.java:15)
	at org.junit.runners.model.FrameworkMethod.invokeExplosively(FrameworkMethod.java:41)
	at junitparams.internal.InvokeParameterisedMethod.evaluate(InvokeParameterisedMethod.java:102)
	at org.junit.internal.runners.statements.FailOnTimeout$1.run(FailOnTimeout.java:28)
Caused by: ptolemy.kernel.util.IllegalActionException: Found a zero delay loop containing .dependencyLoop2.original
  in .dependencyLoop2 and .dependencyLoop2.original
	at ptolemy.actor.util.CausalityInterfaceForComposites._computeOutputPortDepth(CausalityInterfaceForComposites.java:759)
	at ptolemy.actor.util.CausalityInterfaceForComposites._computeInputDepth(CausalityInterfaceForComposites.java:696)
	at ptolemy.actor.util.CausalityInterfaceForComposites._computeOutputPortDepth(CausalityInterfaceForComposites.java:765)
	at ptolemy.actor.util.CausalityInterfaceForComposites._computeInputDepth(CausalityInterfaceForComposites.java:696)
	at ptolemy.actor.util.CausalityInterfaceForComposites._computeOutputPortDepth(CausalityInterfaceForComposites.java:765)
	at ptolemy.actor.util.CausalityInterfaceForComposites._computeInputDepth(CausalityInterfaceForComposites.java:696)
	at ptolemy.actor.util.CausalityInterfaceForComposites._computeActorDepth(CausalityInterfaceForComposites.java:532)
	at ptolemy.actor.util.CausalityInterfaceForComposites.checkForCycles(CausalityInterfaceForComposites.java:96)
	at ptolemy.domains.de.kernel.DEDirector.preinitialize(DEDirector.java:1338)
	at ptolemy.actor.CompositeActor.preinitialize(CompositeActor.java:1828)
	at ptolemy.actor.Manager.preinitializeAndResolveTypes(Manager.java:1040)
	at ptolemy.actor.Manager.initialize(Manager.java:710)
	at ptolemy.actor.Manager.execute(Manager.java:356)
	at ptolemy.actor.Manager.run(Manager.java:1263)
	at ptolemy.actor.Manager$PtolemyRunThread.run(Manager.java:1915)
]]></system-err>
</testsuite>
