<?xml version="1.0" encoding="UTF-8" ?>
<testsuite errors="0" failures="1" hostname="travis-job-71056d93-47c1-4836-8f23-b919fd3fa2d2" name="ptolemy.actor.lib.test.junit.JUnitTclTest" skipped="0" tests="517" time="58.526" timestamp="2019-12-29T06:29:28">
  <properties>
    <property name="npm.executable" value="npm" />
    <property name="env.TRAVIS_ROOT" value="/" />
    <property name="ptII.mk.exists" value="true" />
    <property name="env.TRAVIS_APP_HOST" value="build.travis-ci.org" />
    <property name="env.rvm_bin_path" value="/home/travis/.rvm/bin" />
    <property name="java.home" value="/usr/local/lib/jvm/openjdk11" />
    <property name="env.TRAVIS_JOB_NUMBER" value="1446.8" />
    <property name="env.TRAVIS_HOME" value="/home/travis" />
    <property name="env.DISPLAY" value=":99.0" />
    <property name="env.TRAVIS_INIT" value="systemd" />
    <property name="env.SSH_TTY" value="/dev/pts/0" />
    <property name="java.net.preferIPv4Stack" value="true" />
    <property name="env.RUN_TESTS" value="true" />
    <property name="timeout.short" value="1000000" />
    <property name="junit.formatter" value="xml" />
    <property name="env.TRAVIS_SUDO" value="true" />
    <property name="env.TRAVIS_JOB_NAME" value="" />
    <property name="env.TRAVIS_STACK_NODE_ATTRIBUTES" value="/.node-attributes.yml" />
    <property name="env.LOGNAME" value="travis" />
    <property name="env.PT_TRAVIS_TEST_CORE1_XML" value="true" />
    <property name="jsdoc.home" value="node_modules/@terraswarm/jsdoc" />
    <property name="debuglevel" value="source,lines,vars" />
    <property name="checkstyle.formatter" value="xml" />
    <property name="env._system_version" value="16.04" />
    <property name="bin.vergil.makeable" value="true" />
    <property name="sun.os.patch.level" value="unknown" />
    <property name="java.vendor.url" value="http://java.oracle.com/" />
    <property name="env.TRAVIS_BUILD_WEB_URL" value="https://travis-ci.org/icyphy/ptII/builds/630528091" />
    <property name="java.version" value="11.0.2" />
    <property name="env.TZ" value="UTC" />
    <property name="env.TRAVIS_PULL_REQUEST_SHA" value="" />
    <property name="env.PT_NO_NET" value="true" />
    <property name="env.TRAVIS_SECURE_ENV_VARS" value="true" />
    <property name="env._system_type" value="Linux" />
    <property name="java.vendor.url.bug" value="http://bugreport.java.com/bugreport/" />
    <property name="npmjs-org-is-up" value="true" />
    <property name="env.LANGUAGE" value="en_US.UTF-8" />
    <property name="env.SSH_CLIENT" value="10.52.1.73 50260 22" />
    <property name="env.GEM_HOME" value="/home/travis/.rvm/gems/ruby-2.5.3" />
    <property name="env.HAS_ANTARES_THREE_LITTLE_FRONZIES_BADGE" value="true" />
    <property name="java.version.date" value="2019-01-15" />
    <property name="env.PS4" value="+" />
    <property name="ant.project.invoked-targets" value="build,test.core1.xml" />
    <property name="env.TRAVIS_PULL_REQUEST_BRANCH" value="" />
    <property name="env.TRAVIS_REPO_SLUG" value="icyphy/ptII" />
    <property name="env.XDG_DATA_DIRS" value="/usr/local/share:/usr/share:/var/lib/snapd/desktop" />
    <property name="jdk.debug" value="release" />
    <property name="env.TRAVIS_APT_PROXY" value="http://build-cache.travisci.net" />
    <property name="env.TRAVIS_CPU_ARCH" value="amd64" />
    <property name="node.in.path" value="true" />
    <property name="user.name" value="travis" />
    <property name="java.maxmemory" value="1400m" />
    <property name="env.RUBY_VERSION" value="ruby-2.5.3" />
    <property name="env.LANG" value="en_US.UTF-8" />
    <property name="sun.io.unicode.encoding" value="UnicodeLittle" />
    <property name="sun.jnu.encoding" value="UTF-8" />
    <property name="java.runtime.name" value="OpenJDK Runtime Environment" />
    <property name="usefile" value="false" />
    <property name="return.code" value="0" />
    <property name="junit.single.formatter" value="plain" />
    <property name="env.DYLD_LIBRARY_PATH" value="/home/travis/pthla/certi-tools/lib:" />
    <property name="env.DEBIAN_FRONTEND" value="noninteractive" />
    <property name="env.SSH_CONNECTION" value="10.52.1.73 50260 10.20.0.100 22" />
    <property name="env.MYSQL_UNIX_PORT" value="/var/run/mysqld/mysqld.sock" />
    <property name="env.LC_ALL" value="en_US.UTF-8" />
    <property name="env.TRAVIS_ALLOW_FAILURE" value="false" />
    <property name="env.TRAVIS_JOB_WEB_URL" value="https://travis-ci.org/icyphy/ptII/jobs/630528099" />
    <property name="java.specification.name" value="Java Platform API Specification" />
    <property name="node.works" value="true" />
    <property name="user.timezone" value="" />
    <property name="path.separator" value=":" />
    <property name="env.TRAVIS_ENABLE_INFRA_DETECTION" value="true" />
    <property name="env.PYTHON_CFLAGS" value="-g -fstack-protector --param=ssp-buffer-size=4 -Wformat -Werror=format-security" />
    <property name="timeout.long" value="4000000" />
    <property name="env.CERTI_HOME" value="/home/travis/pthla/certi-tools" />
    <property name="ant.file.ptII" value="/home/travis/build/icyphy/ptII/build.xml" />
    <property name="javadoc.packagenames" value="com.*,diva.*,lbnl.*,org.hlacerti.*,org.json.*,org.ptolemy.*,org.terraswarm.*,ptolemy.*,ptserver.*" />
    <property name="file.encoding" value="UTF-8" />
    <property name="env.TRAVIS_PULL_REQUEST_SLUG" value="" />
    <property name="ant.project.default-target" value="build" />
    <property name="env.GIT_ASKPASS" value="echo" />
    <property name="env.HOME" value="/home/travis" />
    <property name="sun.java.command" value="org.apache.tools.ant.taskdefs.optional.junit.JUnitTestRunner ptolemy.actor.lib.test.junit.JUnitTclTest skipNonTests=false filtertrace=true haltOnError=false haltOnFailure=false formatter=org.apache.tools.ant.taskdefs.optional.junit.OutErrSummaryJUnitResultFormatter showoutput=true outputtoformatters=true logfailedtests=true threadid=0 logtestlistenerevents=false formatter=org.apache.tools.ant.taskdefs.optional.junit.XMLJUnitResultFormatter,/home/travis/build/icyphy/ptII/reports/junit/TEST-ptolemy.actor.lib.test.junit.JUnitTclTest.xml crashfile=/home/travis/build/icyphy/ptII/junitvmwatcher6891540658134926807.properties propsfile=/home/travis/build/icyphy/ptII/junit11639531620573424373.properties" />
    <property name="env.COMPOSER_NO_INTERACTION" value="1" />
    <property name="env.MANPATH" value="/home/travis/.nvm/versions/node/v7.10.1/share/man:/home/travis/.rvm/rubies/ruby-2.5.3/share/man:/usr/local/cmake-3.12.4/man:/usr/local/clang-7.0.0/share/man:/usr/local/man:/usr/local/share/man:/usr/share/man:/home/travis/.rvm/man" />
    <property name="env.TRAVIS_TIMER_ID" value="1f4ea6de" />
    <property name="ant.file" value="/home/travis/build/icyphy/ptII/build.xml" />
    <property name="env.TRAVIS_COMMIT_RANGE" value="ec90a3f30cbca97c6668975b0dc5d1ff1f4b614e...1f87987f0e3e7c0b3e4c2c438cef4d3742e50cee" />
    <property name="env._system_name" value="Ubuntu" />
    <property name="ptII.classpath.optional.property" value="/home/travis/build/icyphy/ptII/lib/bsh-2.0b4.jar:/home/travis/build/icyphy/ptII/lib/ptCal.jar:/home/travis/build/icyphy/ptII/lib/java_cup.jar:/home/travis/build/icyphy/ptII/lib/saxon8.jar:/home/travis/build/icyphy/ptII/lib/saxon8-dom.jar:/home/travis/build/icyphy/ptII/lib/chic.jar:/home/travis/build/icyphy/ptII/lib/ptcolt.jar:/home/travis/build/icyphy/ptII/vendors/misc/itext/iText.jar:/home/travis/build/icyphy/ptII/lib/g4ltl.jar:/home/travis/build/icyphy/ptII/lib/StructuralCoder.jar:/home/travis/build/icyphy/ptII/lib/jcerti.jar:/home/travis/build/icyphy/ptII/lib/javax.mail.jar:/home/travis/build/icyphy/ptII/vendors/JMF-2.1.1e/lib/jmf.jar:/home/travis/build/icyphy/ptII/lib/jna-4.0.0-variadic.jar:/home/travis/build/icyphy/ptII/vendors/misc/joystick/Joystick.jar:/home/travis/build/icyphy/ptII/lib/ptjacl.jar:/home/travis/build/icyphy/ptII/lib/jsoup-1.8.2.jar:/home/travis/build/icyphy/ptII/lib/junit-4.8.2.jar:/home/travis/build/icyphy/ptII/lib/JUnitParams-0.4.0.jar:/home/travis/build/icyphy/ptII/ptolemy/actor/lib/excel/jxl.jar:/home/travis/build/icyphy/ptII/lib/jython.jar:/home/travis/build/icyphy/ptII/lib/kieler.jar:/home/travis/build/icyphy/ptII/vendors/opencv/share/OpenCV/java/opencv-341.jar:/home/travis/build/icyphy/ptII/lib/oscP5.jar:/home/travis/build/icyphy/ptII/lib/nrjavaserial-3.11.0.devel.jar:/home/travis/build/icyphy/ptII/vendors/j3d/lib/Linux/j3dcore.jar:/home/travis/build/icyphy/ptII/vendors/j3d/lib/Linux/j3dutils.jar:/home/travis/build/icyphy/ptII/vendors/j3d/lib/Linux/vecmath.jar:/home/travis/build/icyphy/ptII/vendors/jogl/lib/Linux/gluegen-rt-natives-linux-amd64.jar:/home/travis/build/icyphy/ptII/vendors/jogl/lib/Linux/gluegen-rt.jar:/home/travis/build/icyphy/ptII/vendors/jogl/lib/Linux/jogl-all-natives-linux-amd64.jar:/home/travis/build/icyphy/ptII/vendors/jogl/lib/Linux/jogl-all.jar:/home/travis/build/icyphy/ptII/ptolemy/distributed/jini/jar/jini-core.jar:/home/travis/build/icyphy/ptII/ptolemy/distributed/jini/jar/jini-ext.jar:/home/travis/build/icyphy/ptII/ptolemy/distributed/jini/jar/sun-util.jar:/home/travis/build/icyphy/ptII/lib/protobuf-java-2.4.1.jar:/home/travis/build/icyphy/ptII/lib/org.eclipse.paho.client.mqttv3.jar:/home/travis/build/icyphy/ptII/lib/mapss.jar:/home/travis/build/icyphy/ptII/ptolemy/actor/ptalon/antlr/antlr.jar:/home/travis/build/icyphy/ptII/lib/JRI.jar:/home/travis/build/icyphy/ptII/lib/commons-lang-2.6.jar:/home/travis/build/icyphy/ptII/lib/commons-logging-1.1.1.jar:/home/travis/build/icyphy/ptII/lib/sootclasses.jar:/home/travis/build/icyphy/ptII/ptolemy/actor/lib/database/mysql-connector-java-5.1.6-bin.jar:/home/travis/build/icyphy/ptII/vendors/misc/sphinx4/sphinx4-data-5prealpha.jar:/home/travis/build/icyphy/ptII/vendors/misc/sphinx4/sphinx4-core-5prealpha.jar:/home/travis/build/icyphy/ptII/lib/PDFRenderer.jar:/home/travis/build/icyphy/ptII/lib/svgSalamander.jar:/home/travis/build/icyphy/ptII/lib/rsyntaxtextarea-2.6.0-SNAPSHOT.jar:/home/travis/build/icyphy/ptII/lib/hazelcast-3.8.2.jar:/home/travis/build/icyphy/ptII/lib/jackson-annotations-2.9.0.jar:/home/travis/build/icyphy/ptII/lib/jackson-core-2.9.3.jar:/home/travis/build/icyphy/ptII/lib/jackson-databind-2.9.3.jar:/home/travis/build/icyphy/ptII/lib/netty-buffer-4.1.19.Final.jar:/home/travis/build/icyphy/ptII/lib/netty-codec-4.1.19.Final.jar:/home/travis/build/icyphy/ptII/lib/netty-codec-dns-4.1.19.Final.jar:/home/travis/build/icyphy/ptII/lib/netty-codec-http-4.1.19.Final.jar:/home/travis/build/icyphy/ptII/lib/netty-codec-http2-4.1.19.Final.jar:/home/travis/build/icyphy/ptII/lib/netty-common-4.1.19.Final.jar:/home/travis/build/icyphy/ptII/lib/netty-handler-4.1.19.Final.jar:/home/travis/build/icyphy/ptII/lib/netty-resolver-4.1.19.Final.jar:/home/travis/build/icyphy/ptII/lib/netty-resolver-dns-4.1.19.Final.jar:/home/travis/build/icyphy/ptII/lib/netty-transport-4.1.19.Final.jar:/home/travis/build/icyphy/ptII/lib/vertx-codegen-3.5.1.jar:/home/travis/build/icyphy/ptII/lib/vertx-core-3.5.2-SNAPSHOT.jar:/home/travis/build/icyphy/ptII/lib/vertx-hazelcast-3.5.1.jar:/home/travis/build/icyphy/ptII/lib/vertx-lang-js-3.5.1.jar:/home/travis/build/icyphy/ptII/lib/vertx-service-proxy-3.5.1.jar:/home/travis/build/icyphy/ptII/lib/vertx-web-3.5.1.jar:/home/travis/build/icyphy/ptII/lib/slf4j-api-1.7.13.jar:/home/travis/build/icyphy/ptII/lib/slf4j-simple-1.7.13.jar:/home/travis/build/icyphy/ptII/lib/webcam-capture-0.3.12.jar:/home/travis/build/icyphy/ptII/lib/bridj-0.7.0.jar:/home/travis/build/icyphy/ptII/lib/xbjlib-1.1.0.nrjavaserial.jar" />
    <property name="timeout" value="2400000" />
    <property name="test.batch" value="**/junit/*.java" />
    <property name="env._" value="/usr/bin/timeout" />
    <property name="java.io.tmpdir" value="/tmp" />
    <property name="user.language" value="en" />
    <property name="env.TRAVIS_INTERNAL_RUBY_REGEX" value="^ruby-(2\.[0-4]\.[0-9]|1\.9\.3)" />
    <property name="env.HISTCONTROL" value="ignoredups:ignorespace" />
    <property name="env.GOROOT" value="/home/travis/.gimme/versions/go1.11.1.linux.amd64" />
    <property name="line.separator" value="&#xa;" />
    <property name="target" value="11" />
    <property name="env.TRAVIS_BUILD_DIR" value="/home/travis/build/icyphy/ptII" />
    <property name="env.ANT_OPTS" value="-Xmx2048m" />
    <property name="ant.file.type" value="file" />
    <property name="ptolemy.ptII.batchMode" value="true" />
    <property name="env.HISTSIZE" value="1000" />
    <property name="env.MERB_ENV" value="test" />
    <property name="java.vm.info" value="mixed mode" />
    <property name="source" value="11" />
    <property name="java.vm.specification.name" value="Java Virtual Machine Specification" />
    <property name="env.TRAVIS_TEST_RESULT" value="0" />
    <property name="jsdoc.command" value="node_modules/@terraswarm/jsdoc/jsdoc.js" />
    <property name="npm.works" value="true" />
    <property name="cobertura.dir" value="/home/travis/build/icyphy/ptII/vendors/cobertura-2.0.3" />
    <property name="jsdoc.command.exists" value="true" />
    <property name="env.rvm_path" value="/home/travis/.rvm" />
    <property name="env.GEM_PATH" value="/home/travis/.rvm/gems/ruby-2.5.3:/home/travis/.rvm/gems/ruby-2.5.3@global" />
    <property name="env.LC_CTYPE" value="en_US.UTF-8" />
    <property name="env.TRAVIS_CMD" value="$PTII/bin/ptIITravisBuild.sh $SECONDS" />
    <property name="java.awt.printerjob" value="sun.print.PSPrinterJob" />
    <property name="env.TRAVIS_STACK_NAME" value="sardonyx" />
    <property name="env.TRAVIS_TIMER_START_TIME" value="1577600418752576355" />
    <property name="ant.version" value="Apache Ant(TM) version 1.10.1 compiled on February 2 2017" />
    <property name="ptII.reports" value="/home/travis/build/icyphy/ptII/reports" />
    <property name="env.TRAVIS_STACK_TIMESTAMP" value="2019-03-25 16:16:56 UTC" />
    <property name="ant.file.type.ptII" value="file" />
    <property name="env.RBENV_SHELL" value="bash" />
    <property name="os.name" value="Linux" />
    <property name="java.specification.vendor" value="Oracle Corporation" />
    <property name="env.rvm_version" value="1.29.7 (latest)" />
    <property name="env.TRAVIS_INFRA" value="unknown" />
    <property name="env.TERM" value="xterm" />
    <property name="java.vm.name" value="OpenJDK 64-Bit Server VM" />
    <property name="env.TRAVIS_BUILD_NUMBER" value="1446" />
    <property name="env.CI" value="true" />
    <property name="java.library.path" value="/home/travis/pthla/certi-tools/lib:/usr/lib/jni:/usr/local/share/OpenCV/java/:/usr/share/OpenCV/java::/usr/java/packages/lib:/usr/lib64:/lib64:/lib:/usr/lib" />
    <property name="jdk.module.path" value="/home/travis/build/icyphy/ptII/vendors/javafx/javafx-sdk-11.0.2/lib:" />
    <property name="env.rvm_prefix" value="/home/travis" />
    <property name="env.PATH" value="/home/travis/pthla/certi-tools/share/scripts:/home/travis/.rvm/gems/ruby-2.5.3/bin:/home/travis/.rvm/gems/ruby-2.5.3@global/bin:/home/travis/.rvm/rubies/ruby-2.5.3/bin:/home/travis/.rvm/bin:/home/travis/.nvm/versions/node/v7.10.1/bin:./node_modules/.bin:/home/travis/build/icyphy/ptII/bin:/home/travis/pthla/certi-tools/bin:/home/travis/bin:/home/travis/.local/bin:/usr/local/lib/jvm/openjdk11/bin:/opt/pyenv/shims:/home/travis/.phpenv/shims:/home/travis/perl5/perlbrew/bin:/home/travis/gopath/bin:/home/travis/.gimme/versions/go1.11.1.linux.amd64/bin:/usr/local/maven-3.6.0/bin:/usr/local/cmake-3.12.4/bin:/usr/local/clang-7.0.0/bin:/usr/local/sbin:/usr/local/bin:/usr/sbin:/usr/bin:/sbin:/bin:/snap/bin:/home/travis/.phpenv/bin:/opt/pyenv/bin:/home/travis/.yarn/bin" />
    <property name="env.TRAVIS_OS_NAME" value="linux" />
    <property name="ant.java.version" value="9" />
    <property name="basedir" value="/home/travis/build/icyphy/ptII" />
    <property name="java.class.version" value="55.0" />
    <property name="env.SHLVL" value="3" />
    <property name="env.LD_LIBRARY_PATH" value="/home/travis/pthla/certi-tools/lib:/usr/lib/jni:/usr/local/share/OpenCV/java/:/usr/share/OpenCV/java:" />
    <property name="env.RACK_ENV" value="test" />
    <property name="ant.home" value="/home/travis/build/icyphy/ptII/ant" />
    <property name="env.NVM_DIR" value="/home/travis/.nvm" />
    <property name="env.CERTI_FOM_PATH" value="/home/travis/pthla/certi-tools/share/federations" />
    <property name="env.TRAVIS_BUILD_ID" value="630528091" />
    <property name="env.PYENV_ROOT" value="/opt/pyenv" />
    <property name="env.TRAVIS_UID" value="2000" />
    <property name="prism.verbose" value="true" />
    <property name="env.NVM_BIN" value="/home/travis/.nvm/versions/node/v7.10.1/bin" />
    <property name="env.TRAVIS_COMMIT" value="1f87987f0e3e7c0b3e4c2c438cef4d3742e50cee" />
    <property name="env._system_arch" value="x86_64" />
    <property name="node.executable" value="node" />
    <property name="sun.boot.library.path" value="/usr/local/lib/jvm/openjdk11/lib" />
    <property name="sun.management.compiler" value="HotSpot 64-Bit Tiered Compilers" />
    <property name="java.awt.graphicsenv" value="sun.awt.X11GraphicsEnvironment" />
    <property name="env.GOPATH" value="/home/travis/gopath" />
    <property name="ptolemy.ptII.dir" value="/home/travis/build/icyphy/ptII" />
    <property name="env.USER" value="travis" />
    <property name="env.HISTFILESIZE" value="2000" />
    <property name="timeout.longest" value="19000000" />
    <property name="env.PERLBREW_SHELLRC_VERSION" value="0.86" />
    <property name="env.TRAVIS_STACK_FEATURES" value="basic couchdb disabled-ipv6 docker docker-compose elasticsearch firefox go-toolchain google-chrome jdk memcached mongodb mysql nodejs_interpreter perl_interpreter perlbrew phantomjs postgresql python_interpreter redis ruby_interpreter sqlite xserver" />
    <property name="env.TRAVIS_PULL_REQUEST" value="false" />
    <property name="env.PYENV_SHELL" value="bash" />
    <property name="ant.project.name" value="ptII" />
    <property name="env.ANSI_RESET" value="\033[0m" />
    <property name="java.vm.specification.version" value="11" />
    <property name="env.TRAVIS_DIST" value="xenial" />
    <property name="env.CERTI_VERSION" value="4.0.0" />
    <property name="env.CERTI_HOST" value="localhost" />
    <property name="awt.toolkit" value="sun.awt.X11.XToolkit" />
    <property name="env.MY_RUBY_HOME" value="/home/travis/.rvm/rubies/ruby-2.5.3" />
    <property name="sun.cpu.isalist" value="" />
    <property name="env.TRAVIS_TMPDIR" value="/tmp/tmp.il2QunIwpr" />
    <property name="java.vm.compressedOopsMode" value="Zero based" />
    <property name="os.version" value="4.15.0-1028-gcp" />
    <property name="user.home" value="/home/travis" />
    <property name="java.vm.vendor" value="Oracle Corporation" />
    <property name="env.TRAVIS_TAG" value="nightly" />
    <property name="env.ANSI_YELLOW" value="\033[33;1m" />
    <property name="env.TRAVIS_FILTERED" value="redirect_io" />
    <property name="env.ANSI_GREEN" value="\033[32;1m" />
    <property name="env.JAVA_HOME" value="/usr/local/lib/jvm/openjdk11" />
    <property name="javadoc.excludepackagenames" value="adm.cvs2svn.*,build.*,config.*,doc.coding.templates.*,jni.test.jni.meaningOfLife.*,jni.test.jni.testDeux.*,jni.test.jni.testTrois.*,org.terraswarm.accessor.accessors.web.node_modules.*,org.terraswarm.accessor.accessors.web.hosts.cordova.demo.*,org.terraswarm.accessor.accessors.web.hosts.cordova.plugins.*,org.terraswarm.accessor.accessors-svn.*,pt-modules.*,ptolemy.apps.agilent.*,ptolemy.apps.anytimecontrol.*,ptolemy.apps.apes.*,ptolemy.apps.charon.*,ptolemy.apps.crazyboard.*,ptolemy.apps.eclipse.*,ptolemy.apps.etherealSting.*,ptolemy.apps.fullscreen.*,ptolemy.apps.giotto.*,ptolemy.apps.ia.*,ptolemy.apps.interfaces.*,ptolemy.apps.jmf.*,ptolemy.apps.kurt.*,ptolemy.apps.kvm.*,ptolemy.apps.lego.*,ptolemy.apps.lejos.*,ptolemy.apps.midp.*,ptolemy.apps.mobileCoding.*,ptolemy.apps.pendulum.*,ptolemy.apps.rijndael.*,ptolemy.apps.robot.*,ptolemy.apps.security.*,ptolemy.apps.sobel.*,ptolemy.apps.soot.*,ptolemy.apps.throttle.*,ptolemy.apps.tini.*,ptolemy.apps.transmission.*,ptolemy.apps.vergil.*,ptolemy.apps.waba.*,ptolemy.apps.websensor.*,ptolemy.apps.webstart.*,ptolemy.apps.xsl.*,ptolemy.apps.zaurus.*,ptolemy.codegen.c.actor.lib.oldJavaFiles.*,ptolemy.codegen.dsp.lib.*,ptolemy.codegen.kernel.newInterfaces.*,ptolemy.codegen.lib.*,ptolemy.copernicus.kernel.fragment.*,ptolemy.copernicus.shallow.cg.*,ptolemy.domains.giotto.demo.Hierarchy.Hierarchy.*,ptolemy.domains.giotto.demo.Multimode.Multimode.*,ptolemy.domains.giotto.demo.Simple.Simple.*,ptolemy.domains.gr.lib.experimental.*,ptolemy.domains.gro.*,ptolemy.domains.pdf.*,ptolemy.domains.ptinyos.demo.Surge.output.*,ptolemy.moml.test.NoPackageActor.java*,ptolemy.plot.adm.*,ptolemy.plot.servlet.*,reports.*,signed.*,src.*,target.*,vendors.*,ptolemy.copernicus.applet.*,ptolemy.media.viewer.*,ptolemy.actor.corba.*,doc.doclets.*,ptolemy.apps.eclipse.awt.*,ptolemy.backtrack.*,ptolemy.backtrack.ast.*,ptolemy.cg.adapter.generic.program.procedural.c.mbed*,ptolemy.homer.*,ptolemy.actor.lib.jai.*,org.ptolemy.scala.*,diva.util.java2d.svg.*,ptolemy.domains.ptinyos.*,ptolemy.actor.lib.fmi.fmipp.*,,org.terraswarm.accessor.accessors.web.node_modules.*,org.terraswarm.accessor.accessors-svn,ptolemy.apps.*,ptolemy.actor.ptalon.demo.ptinyos.SendAndReceiveCnt.output,ptolemy.actor.ptalon.demo.ptinyos.SenseToLeds.output,ptolemy.domains.ptinyos.demo.CntToLedsAndRfm.output,ptolemy.domains.ptinyos.demo.RfmToLeds.output,ptolemy.domains.ptinyos.demo.SendAndReceiveCnt.output,ptolemy.domains.ptinyos.demo.SenseToLeds.output,ptolemy.actor.lib.jjs.modules.udpSocket.*" />
    <property name="env.PTII" value="/home/travis/build/icyphy/ptII" />
    <property name="env.XDG_SESSION_ID" value="2" />
    <property name="keystore" value="ptKeystore" />
    <property name="env.TRAVIS_COMMIT_MESSAGE" value="Restored ptolemy/domains/space/test/auto directory now that we have timeout mechanism. Hopefully, we will now just see test failures when the database is down instead of total failure of the tests." />
    <property name="junit.output.dir" value="/home/travis/build/icyphy/ptII/reports/junit" />
    <property name="npm.return.code" value="0" />
    <property name="user.dir" value="/home/travis/build/icyphy/ptII/ptolemy/actor/lib/test" />
    <property name="env.TRAVIS_NODE_VERSION" value="7" />
    <property name="env.TRAVIS_EVENT_TYPE" value="cron" />
    <property name="env.MAIL" value="/var/mail/travis" />
    <property name="env.PERLBREW_ROOT" value="/home/travis/perl5/perlbrew" />
    <property name="env.PWD" value="/home/travis/build/icyphy/ptII" />
    <property name="timeout.npm" value="45000" />
    <property name="env.TRAVIS_ARCH" value="amd64" />
    <property name="sun.cpu.endian" value="little" />
    <property name="env.PAGER" value="cat" />
    <property name="env.TRAVIS_BUILD_STAGE_NAME" value="Test" />
    <property name="env.PERLBREW_HOME" value="/home/travis/.perlbrew" />
    <property name="java.vm.version" value="11.0.2+9" />
    <property name="env.RAILS_ENV" value="test" />
    <property name="java.class.path" value="/home/travis/.ptolemyII:/home/travis/.ptolemyII/*:/home/travis/build/icyphy/ptII:/home/travis/build/icyphy/ptII/lib/bsh-2.0b4.jar:/home/travis/build/icyphy/ptII/lib/ptCal.jar:/home/travis/build/icyphy/ptII/lib/java_cup.jar:/home/travis/build/icyphy/ptII/lib/saxon8.jar:/home/travis/build/icyphy/ptII/lib/saxon8-dom.jar:/home/travis/build/icyphy/ptII/lib/chic.jar:/home/travis/build/icyphy/ptII/lib/ptcolt.jar:/home/travis/build/icyphy/ptII/vendors/misc/itext/iText.jar:/home/travis/build/icyphy/ptII/lib/g4ltl.jar:/home/travis/build/icyphy/ptII/lib/StructuralCoder.jar:/home/travis/build/icyphy/ptII/lib/jcerti.jar:/home/travis/build/icyphy/ptII/lib/javax.mail.jar:/home/travis/build/icyphy/ptII/vendors/JMF-2.1.1e/lib/jmf.jar:/home/travis/build/icyphy/ptII/lib/jna-4.0.0-variadic.jar:/home/travis/build/icyphy/ptII/vendors/misc/joystick/Joystick.jar:/home/travis/build/icyphy/ptII/lib/ptjacl.jar:/home/travis/build/icyphy/ptII/lib/jsoup-1.8.2.jar:/home/travis/build/icyphy/ptII/lib/junit-4.8.2.jar:/home/travis/build/icyphy/ptII/lib/JUnitParams-0.4.0.jar:/home/travis/build/icyphy/ptII/ptolemy/actor/lib/excel/jxl.jar:/home/travis/build/icyphy/ptII/lib/jython.jar:/home/travis/build/icyphy/ptII/lib/kieler.jar:/home/travis/build/icyphy/ptII/vendors/opencv/share/OpenCV/java/opencv-341.jar:/home/travis/build/icyphy/ptII/lib/oscP5.jar:/home/travis/build/icyphy/ptII/lib/nrjavaserial-3.11.0.devel.jar:/home/travis/build/icyphy/ptII/vendors/j3d/lib/Linux/j3dcore.jar:/home/travis/build/icyphy/ptII/vendors/j3d/lib/Linux/j3dutils.jar:/home/travis/build/icyphy/ptII/vendors/j3d/lib/Linux/vecmath.jar:/home/travis/build/icyphy/ptII/vendors/jogl/lib/Linux/gluegen-rt-natives-linux-amd64.jar:/home/travis/build/icyphy/ptII/vendors/jogl/lib/Linux/gluegen-rt.jar:/home/travis/build/icyphy/ptII/vendors/jogl/lib/Linux/jogl-all-natives-linux-amd64.jar:/home/travis/build/icyphy/ptII/vendors/jogl/lib/Linux/jogl-all.jar:/home/travis/build/icyphy/ptII/ptolemy/distributed/jini/jar/jini-core.jar:/home/travis/build/icyphy/ptII/ptolemy/distributed/jini/jar/jini-ext.jar:/home/travis/build/icyphy/ptII/ptolemy/distributed/jini/jar/sun-util.jar:/home/travis/build/icyphy/ptII/lib/protobuf-java-2.4.1.jar:/home/travis/build/icyphy/ptII/lib/org.eclipse.paho.client.mqttv3.jar:/home/travis/build/icyphy/ptII/lib/mapss.jar:/home/travis/build/icyphy/ptII/ptolemy/actor/ptalon/antlr/antlr.jar:/home/travis/build/icyphy/ptII/lib/JRI.jar:/home/travis/build/icyphy/ptII/lib/commons-lang-2.6.jar:/home/travis/build/icyphy/ptII/lib/commons-logging-1.1.1.jar:/home/travis/build/icyphy/ptII/lib/sootclasses.jar:/home/travis/build/icyphy/ptII/ptolemy/actor/lib/database/mysql-connector-java-5.1.6-bin.jar:/home/travis/build/icyphy/ptII/vendors/misc/sphinx4/sphinx4-data-5prealpha.jar:/home/travis/build/icyphy/ptII/vendors/misc/sphinx4/sphinx4-core-5prealpha.jar:/home/travis/build/icyphy/ptII/lib/PDFRenderer.jar:/home/travis/build/icyphy/ptII/lib/svgSalamander.jar:/home/travis/build/icyphy/ptII/lib/rsyntaxtextarea-2.6.0-SNAPSHOT.jar:/home/travis/build/icyphy/ptII/lib/hazelcast-3.8.2.jar:/home/travis/build/icyphy/ptII/lib/jackson-annotations-2.9.0.jar:/home/travis/build/icyphy/ptII/lib/jackson-core-2.9.3.jar:/home/travis/build/icyphy/ptII/lib/jackson-databind-2.9.3.jar:/home/travis/build/icyphy/ptII/lib/netty-buffer-4.1.19.Final.jar:/home/travis/build/icyphy/ptII/lib/netty-codec-4.1.19.Final.jar:/home/travis/build/icyphy/ptII/lib/netty-codec-dns-4.1.19.Final.jar:/home/travis/build/icyphy/ptII/lib/netty-codec-http-4.1.19.Final.jar:/home/travis/build/icyphy/ptII/lib/netty-codec-http2-4.1.19.Final.jar:/home/travis/build/icyphy/ptII/lib/netty-common-4.1.19.Final.jar:/home/travis/build/icyphy/ptII/lib/netty-handler-4.1.19.Final.jar:/home/travis/build/icyphy/ptII/lib/netty-resolver-4.1.19.Final.jar:/home/travis/build/icyphy/ptII/lib/netty-resolver-dns-4.1.19.Final.jar:/home/travis/build/icyphy/ptII/lib/netty-transport-4.1.19.Final.jar:/home/travis/build/icyphy/ptII/lib/vertx-codegen-3.5.1.jar:/home/travis/build/icyphy/ptII/lib/vertx-core-3.5.2-SNAPSHOT.jar:/home/travis/build/icyphy/ptII/lib/vertx-hazelcast-3.5.1.jar:/home/travis/build/icyphy/ptII/lib/vertx-lang-js-3.5.1.jar:/home/travis/build/icyphy/ptII/lib/vertx-service-proxy-3.5.1.jar:/home/travis/build/icyphy/ptII/lib/vertx-web-3.5.1.jar:/home/travis/build/icyphy/ptII/lib/slf4j-api-1.7.13.jar:/home/travis/build/icyphy/ptII/lib/slf4j-simple-1.7.13.jar:/home/travis/build/icyphy/ptII/lib/webcam-capture-0.3.12.jar:/home/travis/build/icyphy/ptII/lib/bridj-0.7.0.jar:/home/travis/build/icyphy/ptII/lib/xbjlib-1.1.0.nrjavaserial.jar:/home/travis/build/icyphy/ptII/ptolemy/moml/test:/home/travis/build/icyphy/ptII/ant/lib/ant-launcher.jar:/home/travis/build/icyphy/ptII/ant/lib/ant.jar:/home/travis/build/icyphy/ptII/ant/lib/ant-junit.jar:/home/travis/build/icyphy/ptII/ant/lib/ant-junit4.jar" />
    <property name="ant.library.dir" value="/home/travis/build/icyphy/ptII/ant/lib" />
    <property name="os.arch" value="amd64" />
    <property name="env.CONTINUOUS_INTEGRATION" value="true" />
    <property name="env.TRAVIS_LANGUAGE" value="node_js" />
    <property name="env.TRAVIS_STACK_LANGUAGES" value="__sardonyx__ c c++ clojure cplusplus cpp default generic go groovy java node_js php pure_java python ruby scala" />
    <property name="test.name" value="ptolemy.actor.lib.test.junit.JUnitTclTest" />
    <property name="env.APT_KEY_DONT_WARN_ON_DANGEROUS_USAGE" value="1" />
    <property name="sun.java.launcher" value="SUN_STANDARD" />
    <property name="env.PYTHON_CONFIGURE_OPTS" value="--enable-unicode=ucs4 --with-wide-unicode --enable-shared --enable-ipv6 --enable-loadable-sqlite-extensions --with-computed-gotos" />
    <property name="ant.core.lib" value="/home/travis/build/icyphy/ptII/ant/lib/ant.jar" />
    <property name="java.vm.specification.vendor" value="Oracle Corporation" />
    <property name="env.BCVTB_HOME" value="/home/travis/build/icyphy/ptII/lbnl" />
    <property name="file.separator" value="/" />
    <property name="spotbugs.home" value="/home/travis/build/icyphy/ptII/vendors/spotbugs-3.1.1" />
    <property name="java.runtime.version" value="11.0.2+9" />
    <property name="env.ANSI_CLEAR" value="\033[0K" />
    <property name="javafx.verbose" value="true" />
    <property name="env.HAS_JOSH_K_SEAL_OF_APPROVAL" value="true" />
    <property name="env.XDG_RUNTIME_DIR" value="/run/user/2000" />
    <property name="env.TRAVIS_OSX_IMAGE" value="" />
    <property name="env.TRAVIS_JOB_ID" value="630528099" />
    <property name="env.TRAVIS_BRANCH" value="master" />
    <property name="user.country" value="US" />
    <property name="env.CERTI_HOME_TRAVIS" value="/home/travis/pthla/certi-tools" />
    <property name="env.SHELL" value="/bin/bash" />
    <property name="java.maxmemory.large" value="3200m" />
    <property name="model" value="" />
    <property name="env.CASHER_DIR" value="/home/travis/.casher" />
    <property name="env.NVM_CD_FLAGS" value="" />
    <property name="java.vendor.version" value="18.9" />
    <property name="jshint.executable" value="/home/travis/node_modules/jshint/bin/jshint" />
    <property name="env.JRUBY_OPTS" value=" --client -J-XX:+TieredCompilation -J-XX:TieredStopAtLevel=1 -J-Xss2m -Xcompile.invokedynamic=false" />
    <property name="java.vendor" value="Oracle Corporation" />
    <property name="env.TRAVIS_PRE_CHEF_BOOTSTRAP_TIME" value="2019-03-25T16:16:42" />
    <property name="env.TRAVIS_STACK_JOB_BOARD_REGISTER" value="/.job-board-register.yml" />
    <property name="env.ANSI_RED" value="\033[31;1m" />
    <property name="java.specification.version" value="11" />
    <property name="env.IRBRC" value="/home/travis/.rvm/rubies/ruby-2.5.3/.irbrc" />
    <property name="env.TRAVIS" value="true" />
    <property name="sun.arch.data.model" value="64" />
  </properties>
  <testcase classname="ptolemy.util.test.junit.TclTests" name="[0] /home/travis/build/icyphy/ptII/ptolemy/actor/lib/test/AbsoluteValue.tcl (RunTclFile)" time="0.407" />
  <testcase classname="ptolemy.util.test.junit.TclTests" name="[1] /home/travis/build/icyphy/ptII/ptolemy/actor/lib/test/AddSubtract.tcl (RunTclFile)" time="0.102" />
  <testcase classname="ptolemy.util.test.junit.TclTests" name="[2] /home/travis/build/icyphy/ptII/ptolemy/actor/lib/test/Average.tcl (RunTclFile)" time="0.031" />
  <testcase classname="ptolemy.util.test.junit.TclTests" name="[3] /home/travis/build/icyphy/ptII/ptolemy/actor/lib/test/Bernoulli.tcl (RunTclFile)" time="0.02" />
  <testcase classname="ptolemy.util.test.junit.TclTests" name="[4] /home/travis/build/icyphy/ptII/ptolemy/actor/lib/test/Clock.tcl (RunTclFile)" time="0.114" />
  <testcase classname="ptolemy.util.test.junit.TclTests" name="[5] /home/travis/build/icyphy/ptII/ptolemy/actor/lib/test/Commutator.tcl (RunTclFile)" time="0.155" />
  <testcase classname="ptolemy.util.test.junit.TclTests" name="[6] /home/travis/build/icyphy/ptII/ptolemy/actor/lib/test/Const.tcl (RunTclFile)" time="0.092" />
  <testcase classname="ptolemy.util.test.junit.TclTests" name="[7] /home/travis/build/icyphy/ptII/ptolemy/actor/lib/test/CurrentTime.tcl (RunTclFile)" time="0.036" />
  <testcase classname="ptolemy.util.test.junit.TclTests" name="[8] /home/travis/build/icyphy/ptII/ptolemy/actor/lib/test/DB.tcl (RunTclFile)" time="0.038" />
  <testcase classname="ptolemy.util.test.junit.TclTests" name="[9] /home/travis/build/icyphy/ptII/ptolemy/actor/lib/test/DiscreteRandomSource.tcl (RunTclFile)" time="0.028" />
  <testcase classname="ptolemy.util.test.junit.TclTests" name="[10] /home/travis/build/icyphy/ptII/ptolemy/actor/lib/test/Distributor.tcl (RunTclFile)" time="0.085" />
  <testcase classname="ptolemy.util.test.junit.TclTests" name="[11] /home/travis/build/icyphy/ptII/ptolemy/actor/lib/test/Exit.tcl (RunTclFile)" time="0.084" />
  <testcase classname="ptolemy.util.test.junit.TclTests" name="[12] /home/travis/build/icyphy/ptII/ptolemy/actor/lib/test/Expression.tcl (RunTclFile)" time="0.089" />
  <testcase classname="ptolemy.util.test.junit.TclTests" name="[13] /home/travis/build/icyphy/ptII/ptolemy/actor/lib/test/Gaussian.tcl (RunTclFile)" time="0.698" />
  <testcase classname="ptolemy.util.test.junit.TclTests" name="[14] /home/travis/build/icyphy/ptII/ptolemy/actor/lib/test/IIR.tcl (RunTclFile)" time="0.02" />
  <testcase classname="ptolemy.util.test.junit.TclTests" name="[15] /home/travis/build/icyphy/ptII/ptolemy/actor/lib/test/Interpolator.tcl (RunTclFile)" time="0.074" />
  <testcase classname="ptolemy.util.test.junit.TclTests" name="[16] /home/travis/build/icyphy/ptII/ptolemy/actor/lib/test/MathFunction.tcl (RunTclFile)" time="0.039" />
  <testcase classname="ptolemy.util.test.junit.TclTests" name="[17] /home/travis/build/icyphy/ptII/ptolemy/actor/lib/test/Maximum.tcl (RunTclFile)" time="0.02" />
  <testcase classname="ptolemy.util.test.junit.TclTests" name="[18] /home/travis/build/icyphy/ptII/ptolemy/actor/lib/test/Minimum.tcl (RunTclFile)" time="0.017" />
  <testcase classname="ptolemy.util.test.junit.TclTests" name="[19] /home/travis/build/icyphy/ptII/ptolemy/actor/lib/test/MultiplyDivide.tcl (RunTclFile)" time="0.032" />
  <testcase classname="ptolemy.util.test.junit.TclTests" name="[20] /home/travis/build/icyphy/ptII/ptolemy/actor/lib/test/OrderedMerge.tcl (RunTclFile)" time="0.125" />
  <testcase classname="ptolemy.util.test.junit.TclTests" name="[21] /home/travis/build/icyphy/ptII/ptolemy/actor/lib/test/Publisher.tcl (RunTclFile)" time="0.787" />
  <testcase classname="ptolemy.util.test.junit.TclTests" name="[22] /home/travis/build/icyphy/ptII/ptolemy/actor/lib/test/Pulse.tcl (RunTclFile)" time="0.066" />
  <testcase classname="ptolemy.util.test.junit.TclTests" name="[23] /home/travis/build/icyphy/ptII/ptolemy/actor/lib/test/Ramp.tcl (RunTclFile)" time="1.772" />
  <testcase classname="ptolemy.util.test.junit.TclTests" name="[24] /home/travis/build/icyphy/ptII/ptolemy/actor/lib/test/RampContinuous.tcl (RunTclFile)" time="0.017" />
  <testcase classname="ptolemy.util.test.junit.TclTests" name="[25] /home/travis/build/icyphy/ptII/ptolemy/actor/lib/test/RecordAssembler.tcl (RunTclFile)" time="0.013" />
  <testcase classname="ptolemy.util.test.junit.TclTests" name="[26] /home/travis/build/icyphy/ptII/ptolemy/actor/lib/test/RecordDisassembler.tcl (RunTclFile)" time="0.017" />
  <testcase classname="ptolemy.util.test.junit.TclTests" name="[27] /home/travis/build/icyphy/ptII/ptolemy/actor/lib/test/Scale.tcl (RunTclFile)" time="0.014" />
  <testcase classname="ptolemy.util.test.junit.TclTests" name="[28] /home/travis/build/icyphy/ptII/ptolemy/actor/lib/test/SequentialClock.tcl (RunTclFile)" time="0.01" />
  <testcase classname="ptolemy.util.test.junit.TclTests" name="[29] /home/travis/build/icyphy/ptII/ptolemy/actor/lib/test/SetVariable.tcl (RunTclFile)" time="0.028">
    <failure message="Number of failed tests is has increased. expected:&lt;0&gt; but was:&lt;1&gt;" type="junit.framework.AssertionFailedError">junit.framework.AssertionFailedError: Number of failed tests is has increased. expected:&lt;0&gt; but was:&lt;1&gt;
	at ptolemy.util.test.junit.TclTests.RunTclFile(TclTests.java:286)
	at jdk.internal.reflect.GeneratedMethodAccessor19.invoke(Unknown Source)
	at java.base/jdk.internal.reflect.DelegatingMethodAccessorImpl.invoke(DelegatingMethodAccessorImpl.java:43)
	at junitparams.internal.InvokeParameterisedMethod.evaluate(InvokeParameterisedMethod.java:102)
	at junitparams.internal.ParameterisedTestMethodRunner.runMethodInvoker(ParameterisedTestMethodRunner.java:47)
	at junitparams.internal.ParameterisedTestMethodRunner.runTestMethod(ParameterisedTestMethodRunner.java:41)
	at junitparams.internal.ParameterisedTestClassRunner.runParameterisedTest(ParameterisedTestClassRunner.java:143)
	at junitparams.JUnitParamsRunner.runChild(JUnitParamsRunner.java:237)
	at junitparams.JUnitParamsRunner.runChild(JUnitParamsRunner.java:215)
</failure>
  </testcase>
  <testcase classname="ptolemy.util.test.junit.TclTests" name="[30] /home/travis/build/icyphy/ptII/ptolemy/actor/lib/test/Sinewave.tcl (RunTclFile)" time="0.056" />
  <testcase classname="ptolemy.util.test.junit.TclTests" name="[31] /home/travis/build/icyphy/ptII/ptolemy/actor/lib/test/SubscriptionAggregator.tcl (RunTclFile)" time="1.969" />
  <testcase classname="ptolemy.util.test.junit.TclTests" name="[32] /home/travis/build/icyphy/ptII/ptolemy/actor/lib/test/Test.tcl (RunTclFile)" time="0.104" />
  <testcase classname="ptolemy.util.test.junit.TclTests" name="[33] /home/travis/build/icyphy/ptII/ptolemy/actor/lib/test/TestExceptionHandler.tcl (RunTclFile)" time="0.013" />
  <testcase classname="ptolemy.util.test.junit.TclTests" name="[34] /home/travis/build/icyphy/ptII/ptolemy/actor/lib/test/UnionDisassembler.tcl (RunTclFile)" time="0.072" />
  <testcase classname="ptolemy.util.test.junit.TclTests" name="[35] /home/travis/build/icyphy/ptII/ptolemy/actor/lib/test/VariableClock.tcl (RunTclFile)" time="0.029" />
  <testcase classname="ptolemy.util.test.junit.AutoKnownFailedTests" name="[0] /home/travis/build/icyphy/ptII/ptolemy/actor/lib/test/auto/knownFailedTests/PublisherPortToplevelSubscriber.xml (RunModel)" time="0.075" />
  <testcase classname="ptolemy.util.test.junit.AutoKnownFailedTests" name="[1] /home/travis/build/icyphy/ptII/ptolemy/actor/lib/test/auto/knownFailedTests/PublisherSubscriberPortToplevel.xml (RunModel)" time="0.019" />
  <testcase classname="ptolemy.util.test.junit.AutoKnownFailedTests" name="[2] /home/travis/build/icyphy/ptII/ptolemy/actor/lib/test/auto/knownFailedTests/PublisherSubscriptionAggregatorPort.xml (RunModel)" time="0.015" />
  <testcase classname="ptolemy.util.test.junit.AutoKnownFailedTests" name="[3] /home/travis/build/icyphy/ptII/ptolemy/actor/lib/test/auto/knownFailedTests/sizedarray3.xml (RunModel)" time="0.021" />
  <testcase classname="ptolemy.util.test.junit.AutoNameArchTests" name="[0] ThereAreNoAutoArchTests (RunModel)" time="0.003" />
  <testcase classname="ptolemy.util.test.junit.AutoTests" name="[0] /home/travis/build/icyphy/ptII/ptolemy/actor/lib/test/auto/AbsoluteValue.xml (RunModel)" time="0.112" />
  <testcase classname="ptolemy.util.test.junit.AutoTests" name="[1] /home/travis/build/icyphy/ptII/ptolemy/actor/lib/test/auto/AbsoluteValue2.xml (RunModel)" time="0.065" />
  <testcase classname="ptolemy.util.test.junit.AutoTests" name="[2] /home/travis/build/icyphy/ptII/ptolemy/actor/lib/test/auto/Accumulator.xml (RunModel)" time="0.042" />
  <testcase classname="ptolemy.util.test.junit.AutoTests" name="[3] /home/travis/build/icyphy/ptII/ptolemy/actor/lib/test/auto/Accumulator2.xml (RunModel)" time="0.024" />
  <testcase classname="ptolemy.util.test.junit.AutoTests" name="[4] /home/travis/build/icyphy/ptII/ptolemy/actor/lib/test/auto/Accumulator3.xml (RunModel)" time="0.024" />
  <testcase classname="ptolemy.util.test.junit.AutoTests" name="[5] /home/travis/build/icyphy/ptII/ptolemy/actor/lib/test/auto/ArrayAppend.xml (RunModel)" time="0.036" />
  <testcase classname="ptolemy.util.test.junit.AutoTests" name="[6] /home/travis/build/icyphy/ptII/ptolemy/actor/lib/test/auto/ArrayAppend2.xml (RunModel)" time="0.393" />
  <testcase classname="ptolemy.util.test.junit.AutoTests" name="[7] /home/travis/build/icyphy/ptII/ptolemy/actor/lib/test/auto/ArrayAppend3.xml (RunModel)" time="0.035" />
  <testcase classname="ptolemy.util.test.junit.AutoTests" name="[8] /home/travis/build/icyphy/ptII/ptolemy/actor/lib/test/auto/ArrayAppend4.xml (RunModel)" time="0.02" />
  <testcase classname="ptolemy.util.test.junit.AutoTests" name="[9] /home/travis/build/icyphy/ptII/ptolemy/actor/lib/test/auto/ArrayAppend5.xml (RunModel)" time="0.018" />
  <testcase classname="ptolemy.util.test.junit.AutoTests" name="[10] /home/travis/build/icyphy/ptII/ptolemy/actor/lib/test/auto/ArrayAppend6.xml (RunModel)" time="0.017" />
  <testcase classname="ptolemy.util.test.junit.AutoTests" name="[11] /home/travis/build/icyphy/ptII/ptolemy/actor/lib/test/auto/ArrayAppendPerformanceTest.xml (RunModel)" time="0.062" />
  <testcase classname="ptolemy.util.test.junit.AutoTests" name="[12] /home/travis/build/icyphy/ptII/ptolemy/actor/lib/test/auto/ArrayAppendWithEmptyInput.xml (RunModel)" time="0.038" />
  <testcase classname="ptolemy.util.test.junit.AutoTests" name="[13] /home/travis/build/icyphy/ptII/ptolemy/actor/lib/test/auto/ArrayAverage.xml (RunModel)" time="0.052" />
  <testcase classname="ptolemy.util.test.junit.AutoTests" name="[14] /home/travis/build/icyphy/ptII/ptolemy/actor/lib/test/auto/ArrayContains.xml (RunModel)" time="0.018" />
  <testcase classname="ptolemy.util.test.junit.AutoTests" name="[15] /home/travis/build/icyphy/ptII/ptolemy/actor/lib/test/auto/ArrayElement.xml (RunModel)" time="0.013" />
  <testcase classname="ptolemy.util.test.junit.AutoTests" name="[16] /home/travis/build/icyphy/ptII/ptolemy/actor/lib/test/auto/ArrayElementAsMatrix.xml (RunModel)" time="0.051" />
  <testcase classname="ptolemy.util.test.junit.AutoTests" name="[17] /home/travis/build/icyphy/ptII/ptolemy/actor/lib/test/auto/ArrayElementI.xml (RunModel)" time="0.028" />
  <testcase classname="ptolemy.util.test.junit.AutoTests" name="[18] /home/travis/build/icyphy/ptII/ptolemy/actor/lib/test/auto/ArrayExtract.xml (RunModel)" time="0.022" />
  <testcase classname="ptolemy.util.test.junit.AutoTests" name="[19] /home/travis/build/icyphy/ptII/ptolemy/actor/lib/test/auto/ArrayExtract2.xml (RunModel)" time="0.018" />
  <testcase classname="ptolemy.util.test.junit.AutoTests" name="[20] /home/travis/build/icyphy/ptII/ptolemy/actor/lib/test/auto/ArrayLength.xml (RunModel)" time="0.017" />
  <testcase classname="ptolemy.util.test.junit.AutoTests" name="[21] /home/travis/build/icyphy/ptII/ptolemy/actor/lib/test/auto/ArrayLevelCrossing.xml (RunModel)" time="0.023" />
  <testcase classname="ptolemy.util.test.junit.AutoTests" name="[22] /home/travis/build/icyphy/ptII/ptolemy/actor/lib/test/auto/ArrayLevelCrossing2.xml (RunModel)" time="0.019" />
  <testcase classname="ptolemy.util.test.junit.AutoTests" name="[23] /home/travis/build/icyphy/ptII/ptolemy/actor/lib/test/auto/ArrayPeakSearch.xml (RunModel)" time="0.048" />
  <testcase classname="ptolemy.util.test.junit.AutoTests" name="[24] /home/travis/build/icyphy/ptII/ptolemy/actor/lib/test/auto/ArrayPeakSearch2.xml (RunModel)" time="0.034" />
  <testcase classname="ptolemy.util.test.junit.AutoTests" name="[25] /home/travis/build/icyphy/ptII/ptolemy/actor/lib/test/auto/ArrayPeakSearch3.xml (RunModel)" time="0.03" />
  <testcase classname="ptolemy.util.test.junit.AutoTests" name="[26] /home/travis/build/icyphy/ptII/ptolemy/actor/lib/test/auto/ArrayRemoveElement.xml (RunModel)" time="0.025" />
  <testcase classname="ptolemy.util.test.junit.AutoTests" name="[27] /home/travis/build/icyphy/ptII/ptolemy/actor/lib/test/auto/ArraySort.xml (RunModel)" time="0.028" />
  <testcase classname="ptolemy.util.test.junit.AutoTests" name="[28] /home/travis/build/icyphy/ptII/ptolemy/actor/lib/test/auto/ArraySum.xml (RunModel)" time="0.017" />
  <testcase classname="ptolemy.util.test.junit.AutoTests" name="[29] /home/travis/build/icyphy/ptII/ptolemy/actor/lib/test/auto/ArrayToElements.xml (RunModel)" time="0.02" />
  <testcase classname="ptolemy.util.test.junit.AutoTests" name="[30] /home/travis/build/icyphy/ptII/ptolemy/actor/lib/test/auto/ArrayToMatrix.xml (RunModel)" time="0.042" />
  <testcase classname="ptolemy.util.test.junit.AutoTests" name="[31] /home/travis/build/icyphy/ptII/ptolemy/actor/lib/test/auto/ArrayUpdate1.xml (RunModel)" time="0.015" />
  <testcase classname="ptolemy.util.test.junit.AutoTests" name="[32] /home/travis/build/icyphy/ptII/ptolemy/actor/lib/test/auto/ArrayUpdate2.xml (RunModel)" time="0.017" />
  <testcase classname="ptolemy.util.test.junit.AutoTests" name="[33] /home/travis/build/icyphy/ptII/ptolemy/actor/lib/test/auto/ArrayUpdate3.xml (RunModel)" time="0.011" />
  <testcase classname="ptolemy.util.test.junit.AutoTests" name="[34] /home/travis/build/icyphy/ptII/ptolemy/actor/lib/test/auto/Assert1.xml (RunModel)" time="0.026" />
  <testcase classname="ptolemy.util.test.junit.AutoTests" name="[35] /home/travis/build/icyphy/ptII/ptolemy/actor/lib/test/auto/Assert2.xml (RunModel)" time="0.015" />
  <testcase classname="ptolemy.util.test.junit.AutoTests" name="[36] /home/travis/build/icyphy/ptII/ptolemy/actor/lib/test/auto/BooleanMultiplexor.xml (RunModel)" time="0.013" />
  <testcase classname="ptolemy.util.test.junit.AutoTests" name="[37] /home/travis/build/icyphy/ptII/ptolemy/actor/lib/test/auto/BooleanMultiplexor2.xml (RunModel)" time="0.013" />
  <testcase classname="ptolemy.util.test.junit.AutoTests" name="[38] /home/travis/build/icyphy/ptII/ptolemy/actor/lib/test/auto/BooleanMultiplexor3.xml (RunModel)" time="0.015" />
  <testcase classname="ptolemy.util.test.junit.AutoTests" name="[39] /home/travis/build/icyphy/ptII/ptolemy/actor/lib/test/auto/BooleanSelect.xml (RunModel)" time="0.024" />
  <testcase classname="ptolemy.util.test.junit.AutoTests" name="[40] /home/travis/build/icyphy/ptII/ptolemy/actor/lib/test/auto/BooleanSelect2.xml (RunModel)" time="0.011" />
  <testcase classname="ptolemy.util.test.junit.AutoTests" name="[41] /home/travis/build/icyphy/ptII/ptolemy/actor/lib/test/auto/BooleanSwitch.xml (RunModel)" time="0.016" />
  <testcase classname="ptolemy.util.test.junit.AutoTests" name="[42] /home/travis/build/icyphy/ptII/ptolemy/actor/lib/test/auto/BooleanSwitch2.xml (RunModel)" time="0.015" />
  <testcase classname="ptolemy.util.test.junit.AutoTests" name="[43] /home/travis/build/icyphy/ptII/ptolemy/actor/lib/test/auto/BooleanSwitchCloningBugWithClassRelationGroup.xml (RunModel)" time="0.024" />
  <testcase classname="ptolemy.util.test.junit.AutoTests" name="[44] /home/travis/build/icyphy/ptII/ptolemy/actor/lib/test/auto/BusActors.xml (RunModel)" time="0.044" />
  <testcase classname="ptolemy.util.test.junit.AutoTests" name="[45] /home/travis/build/icyphy/ptII/ptolemy/actor/lib/test/auto/ClassWrapper.xml (RunModel)" time="0.023" />
  <testcase classname="ptolemy.util.test.junit.AutoTests" name="[46] /home/travis/build/icyphy/ptII/ptolemy/actor/lib/test/auto/Clock.xml (RunModel)" time="0.007" />
  <testcase classname="ptolemy.util.test.junit.AutoTests" name="[47] /home/travis/build/icyphy/ptII/ptolemy/actor/lib/test/auto/Clock10.xml (RunModel)" time="0.015" />
  <testcase classname="ptolemy.util.test.junit.AutoTests" name="[48] /home/travis/build/icyphy/ptII/ptolemy/actor/lib/test/auto/Clock11.xml (RunModel)" time="0.018" />
  <testcase classname="ptolemy.util.test.junit.AutoTests" name="[49] /home/travis/build/icyphy/ptII/ptolemy/actor/lib/test/auto/Clock12.xml (RunModel)" time="0.025" />
  <testcase classname="ptolemy.util.test.junit.AutoTests" name="[50] /home/travis/build/icyphy/ptII/ptolemy/actor/lib/test/auto/Clock13.xml (RunModel)" time="0.016" />
  <testcase classname="ptolemy.util.test.junit.AutoTests" name="[51] /home/travis/build/icyphy/ptII/ptolemy/actor/lib/test/auto/Clock14.xml (RunModel)" time="0.017" />
  <testcase classname="ptolemy.util.test.junit.AutoTests" name="[52] /home/travis/build/icyphy/ptII/ptolemy/actor/lib/test/auto/Clock15.xml (RunModel)" time="0.011" />
  <testcase classname="ptolemy.util.test.junit.AutoTests" name="[53] /home/travis/build/icyphy/ptII/ptolemy/actor/lib/test/auto/Clock16.xml (RunModel)" time="0.098" />
  <testcase classname="ptolemy.util.test.junit.AutoTests" name="[54] /home/travis/build/icyphy/ptII/ptolemy/actor/lib/test/auto/Clock17.xml (RunModel)" time="0.04" />
  <testcase classname="ptolemy.util.test.junit.AutoTests" name="[55] /home/travis/build/icyphy/ptII/ptolemy/actor/lib/test/auto/Clock18.xml (RunModel)" time="0.049" />
  <testcase classname="ptolemy.util.test.junit.AutoTests" name="[56] /home/travis/build/icyphy/ptII/ptolemy/actor/lib/test/auto/Clock19.xml (RunModel)" time="0.039" />
  <testcase classname="ptolemy.util.test.junit.AutoTests" name="[57] /home/travis/build/icyphy/ptII/ptolemy/actor/lib/test/auto/Clock2.xml (RunModel)" time="0.011" />
  <testcase classname="ptolemy.util.test.junit.AutoTests" name="[58] /home/travis/build/icyphy/ptII/ptolemy/actor/lib/test/auto/Clock20.xml (RunModel)" time="0.018" />
  <testcase classname="ptolemy.util.test.junit.AutoTests" name="[59] /home/travis/build/icyphy/ptII/ptolemy/actor/lib/test/auto/Clock21.xml (RunModel)" time="0.012" />
  <testcase classname="ptolemy.util.test.junit.AutoTests" name="[60] /home/travis/build/icyphy/ptII/ptolemy/actor/lib/test/auto/Clock22.xml (RunModel)" time="0.01" />
  <testcase classname="ptolemy.util.test.junit.AutoTests" name="[61] /home/travis/build/icyphy/ptII/ptolemy/actor/lib/test/auto/Clock23.xml (RunModel)" time="0.013" />
  <testcase classname="ptolemy.util.test.junit.AutoTests" name="[62] /home/travis/build/icyphy/ptII/ptolemy/actor/lib/test/auto/Clock24.xml (RunModel)" time="0.012" />
  <testcase classname="ptolemy.util.test.junit.AutoTests" name="[63] /home/travis/build/icyphy/ptII/ptolemy/actor/lib/test/auto/Clock4.xml (RunModel)" time="0.008" />
  <testcase classname="ptolemy.util.test.junit.AutoTests" name="[64] /home/travis/build/icyphy/ptII/ptolemy/actor/lib/test/auto/Clock5.xml (RunModel)" time="0.013" />
  <testcase classname="ptolemy.util.test.junit.AutoTests" name="[65] /home/travis/build/icyphy/ptII/ptolemy/actor/lib/test/auto/Clock6.xml (RunModel)" time="0.013" />
  <testcase classname="ptolemy.util.test.junit.AutoTests" name="[66] /home/travis/build/icyphy/ptII/ptolemy/actor/lib/test/auto/Clock7.xml (RunModel)" time="0.008" />
  <testcase classname="ptolemy.util.test.junit.AutoTests" name="[67] /home/travis/build/icyphy/ptII/ptolemy/actor/lib/test/auto/Clock8.xml (RunModel)" time="0.012" />
  <testcase classname="ptolemy.util.test.junit.AutoTests" name="[68] /home/travis/build/icyphy/ptII/ptolemy/actor/lib/test/auto/Clock9.xml (RunModel)" time="0.01" />
  <testcase classname="ptolemy.util.test.junit.AutoTests" name="[69] /home/travis/build/icyphy/ptII/ptolemy/actor/lib/test/auto/CommDistDiscard.xml (RunModel)" time="0.017" />
  <testcase classname="ptolemy.util.test.junit.AutoTests" name="[70] /home/travis/build/icyphy/ptII/ptolemy/actor/lib/test/auto/Commutator.xml (RunModel)" time="0.012" />
  <testcase classname="ptolemy.util.test.junit.AutoTests" name="[71] /home/travis/build/icyphy/ptII/ptolemy/actor/lib/test/auto/Commutator2.xml (RunModel)" time="0.007" />
  <testcase classname="ptolemy.util.test.junit.AutoTests" name="[72] /home/travis/build/icyphy/ptII/ptolemy/actor/lib/test/auto/Commutator3.xml (RunModel)" time="0.008" />
  <testcase classname="ptolemy.util.test.junit.AutoTests" name="[73] /home/travis/build/icyphy/ptII/ptolemy/actor/lib/test/auto/Compare.xml (RunModel)" time="0.016" />
  <testcase classname="ptolemy.util.test.junit.AutoTests" name="[74] /home/travis/build/icyphy/ptII/ptolemy/actor/lib/test/auto/CompareDE.xml (RunModel)" time="0.014" />
  <testcase classname="ptolemy.util.test.junit.AutoTests" name="[75] /home/travis/build/icyphy/ptII/ptolemy/actor/lib/test/auto/ComplexDivide.xml (RunModel)" time="0.006" />
  <testcase classname="ptolemy.util.test.junit.AutoTests" name="[76] /home/travis/build/icyphy/ptII/ptolemy/actor/lib/test/auto/ComputeHistogram.xml (RunModel)" time="0.069" />
  <testcase classname="ptolemy.util.test.junit.AutoTests" name="[77] /home/travis/build/icyphy/ptII/ptolemy/actor/lib/test/auto/ConfigurationSelect.xml (RunModel)" time="0.018" />
  <testcase classname="ptolemy.util.test.junit.AutoTests" name="[78] /home/travis/build/icyphy/ptII/ptolemy/actor/lib/test/auto/ConfigurationSelect2.xml (RunModel)" time="0.014" />
  <testcase classname="ptolemy.util.test.junit.AutoTests" name="[79] /home/travis/build/icyphy/ptII/ptolemy/actor/lib/test/auto/ConfigurationSwitch.xml (RunModel)" time="0.027" />
  <testcase classname="ptolemy.util.test.junit.AutoTests" name="[80] /home/travis/build/icyphy/ptII/ptolemy/actor/lib/test/auto/ConfigurationSwitch2.xml (RunModel)" time="0.022" />
  <testcase classname="ptolemy.util.test.junit.AutoTests" name="[81] /home/travis/build/icyphy/ptII/ptolemy/actor/lib/test/auto/ConfigurationSwitchCloningBugWithClassRelationGroup.xml (RunModel)" time="0.021" />
  <testcase classname="ptolemy.util.test.junit.AutoTests" name="[82] /home/travis/build/icyphy/ptII/ptolemy/actor/lib/test/auto/ConfigurationSwitchSelectSDF.xml (RunModel)" time="0.017" />
  <testcase classname="ptolemy.util.test.junit.AutoTests" name="[83] /home/travis/build/icyphy/ptII/ptolemy/actor/lib/test/auto/ConfigurationSwitchSelectSDF2.xml (RunModel)" time="0.014" />
  <testcase classname="ptolemy.util.test.junit.AutoTests" name="[84] /home/travis/build/icyphy/ptII/ptolemy/actor/lib/test/auto/Const.xml (RunModel)" time="0.007" />
  <testcase classname="ptolemy.util.test.junit.AutoTests" name="[85] /home/travis/build/icyphy/ptII/ptolemy/actor/lib/test/auto/Const2.xml (RunModel)" time="0.011" />
  <testcase classname="ptolemy.util.test.junit.AutoTests" name="[86] /home/travis/build/icyphy/ptII/ptolemy/actor/lib/test/auto/Const3.xml (RunModel)" time="0.005" />
  <testcase classname="ptolemy.util.test.junit.AutoTests" name="[87] /home/travis/build/icyphy/ptII/ptolemy/actor/lib/test/auto/ConstantPublisherPort1.xml (RunModel)" time="0.024" />
  <testcase classname="ptolemy.util.test.junit.AutoTests" name="[88] /home/travis/build/icyphy/ptII/ptolemy/actor/lib/test/auto/ConstantPublisherPort2.xml (RunModel)" time="0.027" />
  <testcase classname="ptolemy.util.test.junit.AutoTests" name="[89] /home/travis/build/icyphy/ptII/ptolemy/actor/lib/test/auto/ConstantPublisherPort3.xml (RunModel)" time="0.02" />
  <testcase classname="ptolemy.util.test.junit.AutoTests" name="[90] /home/travis/build/icyphy/ptII/ptolemy/actor/lib/test/auto/ConstantPublisherPort4.xml (RunModel)" time="0.017" />
  <testcase classname="ptolemy.util.test.junit.AutoTests" name="[91] /home/travis/build/icyphy/ptII/ptolemy/actor/lib/test/auto/ConstantPublisherPort5.xml (RunModel)" time="0.045" />
  <testcase classname="ptolemy.util.test.junit.AutoTests" name="[92] /home/travis/build/icyphy/ptII/ptolemy/actor/lib/test/auto/ConstantPublisherPort6.xml (RunModel)" time="0.031" />
  <testcase classname="ptolemy.util.test.junit.AutoTests" name="[93] /home/travis/build/icyphy/ptII/ptolemy/actor/lib/test/auto/ConstantPublisherPort7.xml (RunModel)" time="0.031" />
  <testcase classname="ptolemy.util.test.junit.AutoTests" name="[94] /home/travis/build/icyphy/ptII/ptolemy/actor/lib/test/auto/ConstraintMonitor1.xml (RunModel)" time="0.03" />
  <testcase classname="ptolemy.util.test.junit.AutoTests" name="[95] /home/travis/build/icyphy/ptII/ptolemy/actor/lib/test/auto/ConstraintMonitor2.xml (RunModel)" time="0.013" />
  <testcase classname="ptolemy.util.test.junit.AutoTests" name="[96] /home/travis/build/icyphy/ptII/ptolemy/actor/lib/test/auto/ConstraintMonitor3.xml (RunModel)" time="0.014" />
  <testcase classname="ptolemy.util.test.junit.AutoTests" name="[97] /home/travis/build/icyphy/ptII/ptolemy/actor/lib/test/auto/ConstraintMonitor4.xml (RunModel)" time="0.013" />
  <testcase classname="ptolemy.util.test.junit.AutoTests" name="[98] /home/travis/build/icyphy/ptII/ptolemy/actor/lib/test/auto/ConstraintMonitor5.xml (RunModel)" time="0.011" />
  <testcase classname="ptolemy.util.test.junit.AutoTests" name="[99] /home/travis/build/icyphy/ptII/ptolemy/actor/lib/test/auto/ConstraintMonitor6.xml (RunModel)" time="0.013" />
  <testcase classname="ptolemy.util.test.junit.AutoTests" name="[100] /home/travis/build/icyphy/ptII/ptolemy/actor/lib/test/auto/ConstraintMonitor7.xml (RunModel)" time="0.019" />
  <testcase classname="ptolemy.util.test.junit.AutoTests" name="[101] /home/travis/build/icyphy/ptII/ptolemy/actor/lib/test/auto/ConstraintMonitor8.xml (RunModel)" time="0.015" />
  <testcase classname="ptolemy.util.test.junit.AutoTests" name="[102] /home/travis/build/icyphy/ptII/ptolemy/actor/lib/test/auto/Counter.xml (RunModel)" time="0.014" />
  <testcase classname="ptolemy.util.test.junit.AutoTests" name="[103] /home/travis/build/icyphy/ptII/ptolemy/actor/lib/test/auto/CurrentTimeSDF.xml (RunModel)" time="0.008" />
  <testcase classname="ptolemy.util.test.junit.AutoTests" name="[104] /home/travis/build/icyphy/ptII/ptolemy/actor/lib/test/auto/DB.xml (RunModel)" time="0.011" />
  <testcase classname="ptolemy.util.test.junit.AutoTests" name="[105] /home/travis/build/icyphy/ptII/ptolemy/actor/lib/test/auto/DBDE.xml (RunModel)" time="0.013" />
  <testcase classname="ptolemy.util.test.junit.AutoTests" name="[106] /home/travis/build/icyphy/ptII/ptolemy/actor/lib/test/auto/DateConstructor.xml (RunModel)" time="0.059" />
  <testcase classname="ptolemy.util.test.junit.AutoTests" name="[107] /home/travis/build/icyphy/ptII/ptolemy/actor/lib/test/auto/DelayTime.xml (RunModel)" time="0.016" />
  <testcase classname="ptolemy.util.test.junit.AutoTests" name="[108] /home/travis/build/icyphy/ptII/ptolemy/actor/lib/test/auto/Dictionary1.xml (RunModel)" time="0.014" />
  <testcase classname="ptolemy.util.test.junit.AutoTests" name="[109] /home/travis/build/icyphy/ptII/ptolemy/actor/lib/test/auto/Dictionary2.xml (RunModel)" time="0.014" />
  <testcase classname="ptolemy.util.test.junit.AutoTests" name="[110] /home/travis/build/icyphy/ptII/ptolemy/actor/lib/test/auto/Dictionary3.xml (RunModel)" time="0.01" />
  <testcase classname="ptolemy.util.test.junit.AutoTests" name="[111] /home/travis/build/icyphy/ptII/ptolemy/actor/lib/test/auto/Dictionary4.xml (RunModel)" time="0.013" />
  <testcase classname="ptolemy.util.test.junit.AutoTests" name="[112] /home/travis/build/icyphy/ptII/ptolemy/actor/lib/test/auto/Differential.xml (RunModel)" time="0.009" />
  <testcase classname="ptolemy.util.test.junit.AutoTests" name="[113] /home/travis/build/icyphy/ptII/ptolemy/actor/lib/test/auto/Director.xml (RunModel)" time="0.007" />
  <testcase classname="ptolemy.util.test.junit.AutoTests" name="[114] /home/travis/build/icyphy/ptII/ptolemy/actor/lib/test/auto/DiscreteClock.xml (RunModel)" time="0.006" />
  <testcase classname="ptolemy.util.test.junit.AutoTests" name="[115] /home/travis/build/icyphy/ptII/ptolemy/actor/lib/test/auto/DiscreteClock10.xml (RunModel)" time="0.017" />
  <testcase classname="ptolemy.util.test.junit.AutoTests" name="[116] /home/travis/build/icyphy/ptII/ptolemy/actor/lib/test/auto/DiscreteClock11.xml (RunModel)" time="0.01" />
  <testcase classname="ptolemy.util.test.junit.AutoTests" name="[117] /home/travis/build/icyphy/ptII/ptolemy/actor/lib/test/auto/DiscreteClock12.xml (RunModel)" time="0.01" />
  <testcase classname="ptolemy.util.test.junit.AutoTests" name="[118] /home/travis/build/icyphy/ptII/ptolemy/actor/lib/test/auto/DiscreteClock13.xml (RunModel)" time="0.011" />
  <testcase classname="ptolemy.util.test.junit.AutoTests" name="[119] /home/travis/build/icyphy/ptII/ptolemy/actor/lib/test/auto/DiscreteClock14.xml (RunModel)" time="0.011" />
  <testcase classname="ptolemy.util.test.junit.AutoTests" name="[120] /home/travis/build/icyphy/ptII/ptolemy/actor/lib/test/auto/DiscreteClock15.xml (RunModel)" time="0.012" />
  <testcase classname="ptolemy.util.test.junit.AutoTests" name="[121] /home/travis/build/icyphy/ptII/ptolemy/actor/lib/test/auto/DiscreteClock16.xml (RunModel)" time="0.036" />
  <testcase classname="ptolemy.util.test.junit.AutoTests" name="[122] /home/travis/build/icyphy/ptII/ptolemy/actor/lib/test/auto/DiscreteClock17.xml (RunModel)" time="0.037" />
  <testcase classname="ptolemy.util.test.junit.AutoTests" name="[123] /home/travis/build/icyphy/ptII/ptolemy/actor/lib/test/auto/DiscreteClock18.xml (RunModel)" time="0.041" />
  <testcase classname="ptolemy.util.test.junit.AutoTests" name="[124] /home/travis/build/icyphy/ptII/ptolemy/actor/lib/test/auto/DiscreteClock19.xml (RunModel)" time="0.044" />
  <testcase classname="ptolemy.util.test.junit.AutoTests" name="[125] /home/travis/build/icyphy/ptII/ptolemy/actor/lib/test/auto/DiscreteClock2.xml (RunModel)" time="0.009" />
  <testcase classname="ptolemy.util.test.junit.AutoTests" name="[126] /home/travis/build/icyphy/ptII/ptolemy/actor/lib/test/auto/DiscreteClock20.xml (RunModel)" time="0.015" />
  <testcase classname="ptolemy.util.test.junit.AutoTests" name="[127] /home/travis/build/icyphy/ptII/ptolemy/actor/lib/test/auto/DiscreteClock21.xml (RunModel)" time="0.017" />
  <testcase classname="ptolemy.util.test.junit.AutoTests" name="[128] /home/travis/build/icyphy/ptII/ptolemy/actor/lib/test/auto/DiscreteClock22.xml (RunModel)" time="0.013" />
  <testcase classname="ptolemy.util.test.junit.AutoTests" name="[129] /home/travis/build/icyphy/ptII/ptolemy/actor/lib/test/auto/DiscreteClock23.xml (RunModel)" time="0.017" />
  <testcase classname="ptolemy.util.test.junit.AutoTests" name="[130] /home/travis/build/icyphy/ptII/ptolemy/actor/lib/test/auto/DiscreteClock24.xml (RunModel)" time="0.01" />
  <testcase classname="ptolemy.util.test.junit.AutoTests" name="[131] /home/travis/build/icyphy/ptII/ptolemy/actor/lib/test/auto/DiscreteClock4.xml (RunModel)" time="0.009" />
  <testcase classname="ptolemy.util.test.junit.AutoTests" name="[132] /home/travis/build/icyphy/ptII/ptolemy/actor/lib/test/auto/DiscreteClock5.xml (RunModel)" time="0.007" />
  <testcase classname="ptolemy.util.test.junit.AutoTests" name="[133] /home/travis/build/icyphy/ptII/ptolemy/actor/lib/test/auto/DiscreteClock6.xml (RunModel)" time="0.009" />
  <testcase classname="ptolemy.util.test.junit.AutoTests" name="[134] /home/travis/build/icyphy/ptII/ptolemy/actor/lib/test/auto/DiscreteClock7.xml (RunModel)" time="0.009" />
  <testcase classname="ptolemy.util.test.junit.AutoTests" name="[135] /home/travis/build/icyphy/ptII/ptolemy/actor/lib/test/auto/DiscreteClock8.xml (RunModel)" time="0.022" />
  <testcase classname="ptolemy.util.test.junit.AutoTests" name="[136] /home/travis/build/icyphy/ptII/ptolemy/actor/lib/test/auto/DiscreteClock9.xml (RunModel)" time="0.011" />
  <testcase classname="ptolemy.util.test.junit.AutoTests" name="[137] /home/travis/build/icyphy/ptII/ptolemy/actor/lib/test/auto/DisplayArray.xml (RunModel)" time="0.007" />
  <testcase classname="ptolemy.util.test.junit.AutoTests" name="[138] /home/travis/build/icyphy/ptII/ptolemy/actor/lib/test/auto/Distributor.xml (RunModel)" time="0.011" />
  <testcase classname="ptolemy.util.test.junit.AutoTests" name="[139] /home/travis/build/icyphy/ptII/ptolemy/actor/lib/test/auto/Distributor2.xml (RunModel)" time="0.009" />
  <testcase classname="ptolemy.util.test.junit.AutoTests" name="[140] /home/travis/build/icyphy/ptII/ptolemy/actor/lib/test/auto/DownSample.xml (RunModel)" time="0.009" />
  <testcase classname="ptolemy.util.test.junit.AutoTests" name="[141] /home/travis/build/icyphy/ptII/ptolemy/actor/lib/test/auto/ElectronicUnitBase1.xml (RunModel)" time="0.052" />
  <testcase classname="ptolemy.util.test.junit.AutoTests" name="[142] /home/travis/build/icyphy/ptII/ptolemy/actor/lib/test/auto/ElementsToArray.xml (RunModel)" time="0.008" />
  <testcase classname="ptolemy.util.test.junit.AutoTests" name="[143] /home/travis/build/icyphy/ptII/ptolemy/actor/lib/test/auto/Equals.xml (RunModel)" time="0.011" />
  <testcase classname="ptolemy.util.test.junit.AutoTests" name="[144] /home/travis/build/icyphy/ptII/ptolemy/actor/lib/test/auto/Exec.xml (RunModel)" time="0.023" />
  <testcase classname="ptolemy.util.test.junit.AutoTests" name="[145] /home/travis/build/icyphy/ptII/ptolemy/actor/lib/test/auto/ExecEnvironment.xml (RunModel)" time="0.033" />
  <testcase classname="ptolemy.util.test.junit.AutoTests" name="[146] /home/travis/build/icyphy/ptII/ptolemy/actor/lib/test/auto/ExecNonZeroReturnOutput.xml (RunModel)" time="0.178" />
  <testcase classname="ptolemy.util.test.junit.AutoTests" name="[147] /home/travis/build/icyphy/ptII/ptolemy/actor/lib/test/auto/ExecRunDemos.xml (RunModel)" time="9.911" />
  <testcase classname="ptolemy.util.test.junit.AutoTests" name="[148] /home/travis/build/icyphy/ptII/ptolemy/actor/lib/test/auto/ExecStop.xml (RunModel)" time="5.031" />
  <testcase classname="ptolemy.util.test.junit.AutoTests" name="[149] /home/travis/build/icyphy/ptII/ptolemy/actor/lib/test/auto/ExecutionTimeSDF.xml (RunModel)" time="6.031" />
  <testcase classname="ptolemy.util.test.junit.AutoTests" name="[150] /home/travis/build/icyphy/ptII/ptolemy/actor/lib/test/auto/Expression1.xml (RunModel)" time="0.007" />
  <testcase classname="ptolemy.util.test.junit.AutoTests" name="[151] /home/travis/build/icyphy/ptII/ptolemy/actor/lib/test/auto/Expression10.xml (RunModel)" time="0.02" />
  <testcase classname="ptolemy.util.test.junit.AutoTests" name="[152] /home/travis/build/icyphy/ptII/ptolemy/actor/lib/test/auto/Expression11.xml (RunModel)" time="0.009" />
  <testcase classname="ptolemy.util.test.junit.AutoTests" name="[153] /home/travis/build/icyphy/ptII/ptolemy/actor/lib/test/auto/Expression12.xml (RunModel)" time="0.021" />
  <testcase classname="ptolemy.util.test.junit.AutoTests" name="[154] /home/travis/build/icyphy/ptII/ptolemy/actor/lib/test/auto/Expression13.xml (RunModel)" time="0.015" />
  <testcase classname="ptolemy.util.test.junit.AutoTests" name="[155] /home/travis/build/icyphy/ptII/ptolemy/actor/lib/test/auto/Expression14.xml (RunModel)" time="0.034" />
  <testcase classname="ptolemy.util.test.junit.AutoTests" name="[156] /home/travis/build/icyphy/ptII/ptolemy/actor/lib/test/auto/Expression15.xml (RunModel)" time="0.007" />
  <testcase classname="ptolemy.util.test.junit.AutoTests" name="[157] /home/travis/build/icyphy/ptII/ptolemy/actor/lib/test/auto/Expression16.xml (RunModel)" time="0.009" />
  <testcase classname="ptolemy.util.test.junit.AutoTests" name="[158] /home/travis/build/icyphy/ptII/ptolemy/actor/lib/test/auto/Expression17.xml (RunModel)" time="0.009" />
  <testcase classname="ptolemy.util.test.junit.AutoTests" name="[159] /home/travis/build/icyphy/ptII/ptolemy/actor/lib/test/auto/Expression18.xml (RunModel)" time="0.011" />
  <testcase classname="ptolemy.util.test.junit.AutoTests" name="[160] /home/travis/build/icyphy/ptII/ptolemy/actor/lib/test/auto/Expression2.xml (RunModel)" time="0.01" />
  <testcase classname="ptolemy.util.test.junit.AutoTests" name="[161] /home/travis/build/icyphy/ptII/ptolemy/actor/lib/test/auto/Expression3.xml (RunModel)" time="0.01" />
  <testcase classname="ptolemy.util.test.junit.AutoTests" name="[162] /home/travis/build/icyphy/ptII/ptolemy/actor/lib/test/auto/Expression4.xml (RunModel)" time="0.016" />
  <testcase classname="ptolemy.util.test.junit.AutoTests" name="[163] /home/travis/build/icyphy/ptII/ptolemy/actor/lib/test/auto/Expression5.xml (RunModel)" time="0.009" />
  <testcase classname="ptolemy.util.test.junit.AutoTests" name="[164] /home/travis/build/icyphy/ptII/ptolemy/actor/lib/test/auto/Expression6.xml (RunModel)" time="0.007" />
  <testcase classname="ptolemy.util.test.junit.AutoTests" name="[165] /home/travis/build/icyphy/ptII/ptolemy/actor/lib/test/auto/Expression7.xml (RunModel)" time="0.009" />
  <testcase classname="ptolemy.util.test.junit.AutoTests" name="[166] /home/travis/build/icyphy/ptII/ptolemy/actor/lib/test/auto/Expression8.xml (RunModel)" time="0.012" />
  <testcase classname="ptolemy.util.test.junit.AutoTests" name="[167] /home/travis/build/icyphy/ptII/ptolemy/actor/lib/test/auto/Expression9.xml (RunModel)" time="0.006" />
  <testcase classname="ptolemy.util.test.junit.AutoTests" name="[168] /home/travis/build/icyphy/ptII/ptolemy/actor/lib/test/auto/ExpressionConcatenateArrayType.xml (RunModel)" time="0.018" />
  <testcase classname="ptolemy.util.test.junit.AutoTests" name="[169] /home/travis/build/icyphy/ptII/ptolemy/actor/lib/test/auto/ExpressionConcatenateArrayType2.xml (RunModel)" time="0.018" />
  <testcase classname="ptolemy.util.test.junit.AutoTests" name="[170] /home/travis/build/icyphy/ptII/ptolemy/actor/lib/test/auto/ExpressionFix.xml (RunModel)" time="0.035" />
  <testcase classname="ptolemy.util.test.junit.AutoTests" name="[171] /home/travis/build/icyphy/ptII/ptolemy/actor/lib/test/auto/ExpressionFix2.xml (RunModel)" time="0.011" />
  <testcase classname="ptolemy.util.test.junit.AutoTests" name="[172] /home/travis/build/icyphy/ptII/ptolemy/actor/lib/test/auto/ExpressionFix3.xml (RunModel)" time="0.012" />
  <testcase classname="ptolemy.util.test.junit.AutoTests" name="[173] /home/travis/build/icyphy/ptII/ptolemy/actor/lib/test/auto/FileWriter1.xml (RunModel)" time="0.008" />
  <testcase classname="ptolemy.util.test.junit.AutoTests" name="[174] /home/travis/build/icyphy/ptII/ptolemy/actor/lib/test/auto/FileWriter2.xml (RunModel)" time="0.008" />
  <testcase classname="ptolemy.util.test.junit.AutoTests" name="[175] /home/travis/build/icyphy/ptII/ptolemy/actor/lib/test/auto/FileWriter3.xml (RunModel)" time="0.011" />
  <testcase classname="ptolemy.util.test.junit.AutoTests" name="[176] /home/travis/build/icyphy/ptII/ptolemy/actor/lib/test/auto/Gaussian.xml (RunModel)" time="0.01" />
  <testcase classname="ptolemy.util.test.junit.AutoTests" name="[177] /home/travis/build/icyphy/ptII/ptolemy/actor/lib/test/auto/Gaussian1.xml (RunModel)" time="0.01" />
  <testcase classname="ptolemy.util.test.junit.AutoTests" name="[178] /home/travis/build/icyphy/ptII/ptolemy/actor/lib/test/auto/Gaussian2.xml (RunModel)" time="0.019" />
  <testcase classname="ptolemy.util.test.junit.AutoTests" name="[179] /home/travis/build/icyphy/ptII/ptolemy/actor/lib/test/auto/GradientAdaptiveLattice.xml (RunModel)" time="0.013" />
  <testcase classname="ptolemy.util.test.junit.AutoTests" name="[180] /home/travis/build/icyphy/ptII/ptolemy/actor/lib/test/auto/IIR.xml (RunModel)" time="0.008" />
  <testcase classname="ptolemy.util.test.junit.AutoTests" name="[181] /home/travis/build/icyphy/ptII/ptolemy/actor/lib/test/auto/InputOutputTransparentPorts.xml (RunModel)" time="0.021" />
  <testcase classname="ptolemy.util.test.junit.AutoTests" name="[182] /home/travis/build/icyphy/ptII/ptolemy/actor/lib/test/auto/Interpolator.xml (RunModel)" time="0.01" />
  <testcase classname="ptolemy.util.test.junit.AutoTests" name="[183] /home/travis/build/icyphy/ptII/ptolemy/actor/lib/test/auto/InterpolatorFiringLimitDE.xml (RunModel)" time="0.013" />
  <testcase classname="ptolemy.util.test.junit.AutoTests" name="[184] /home/travis/build/icyphy/ptII/ptolemy/actor/lib/test/auto/Lattice.xml (RunModel)" time="0.008" />
  <testcase classname="ptolemy.util.test.junit.AutoTests" name="[185] /home/travis/build/icyphy/ptII/ptolemy/actor/lib/test/auto/LazyAOCTestLazy.xml (RunModel)" time="0.046" />
  <testcase classname="ptolemy.util.test.junit.AutoTests" name="[186] /home/travis/build/icyphy/ptII/ptolemy/actor/lib/test/auto/LazyAOCTestNonLazy.xml (RunModel)" time="0.042" />
  <testcase classname="ptolemy.util.test.junit.AutoTests" name="[187] /home/travis/build/icyphy/ptII/ptolemy/actor/lib/test/auto/LazyInnerClass.xml (RunModel)" time="0.052" />
  <testcase classname="ptolemy.util.test.junit.AutoTests" name="[188] /home/travis/build/icyphy/ptII/ptolemy/actor/lib/test/auto/LazyPubSub.xml (RunModel)" time="0.056" />
  <testcase classname="ptolemy.util.test.junit.AutoTests" name="[189] /home/travis/build/icyphy/ptII/ptolemy/actor/lib/test/auto/LazyPubSub2.xml (RunModel)" time="0.043" />
  <testcase classname="ptolemy.util.test.junit.AutoTests" name="[190] /home/travis/build/icyphy/ptII/ptolemy/actor/lib/test/auto/LazyPubSub3.xml (RunModel)" time="0.026" />
  <testcase classname="ptolemy.util.test.junit.AutoTests" name="[191] /home/travis/build/icyphy/ptII/ptolemy/actor/lib/test/auto/LazySubClassModel.xml (RunModel)" time="0.02" />
  <testcase classname="ptolemy.util.test.junit.AutoTests" name="[192] /home/travis/build/icyphy/ptII/ptolemy/actor/lib/test/auto/LevelCrossTest1.xml (RunModel)" time="0.01" />
  <testcase classname="ptolemy.util.test.junit.AutoTests" name="[193] /home/travis/build/icyphy/ptII/ptolemy/actor/lib/test/auto/LevelCrossTest10.xml (RunModel)" time="0.015" />
  <testcase classname="ptolemy.util.test.junit.AutoTests" name="[194] /home/travis/build/icyphy/ptII/ptolemy/actor/lib/test/auto/LevelCrossTest11.xml (RunModel)" time="0.015" />
  <testcase classname="ptolemy.util.test.junit.AutoTests" name="[195] /home/travis/build/icyphy/ptII/ptolemy/actor/lib/test/auto/LevelCrossTest12.xml (RunModel)" time="0.017" />
  <testcase classname="ptolemy.util.test.junit.AutoTests" name="[196] /home/travis/build/icyphy/ptII/ptolemy/actor/lib/test/auto/LevelCrossTest13.xml (RunModel)" time="0.012" />
  <testcase classname="ptolemy.util.test.junit.AutoTests" name="[197] /home/travis/build/icyphy/ptII/ptolemy/actor/lib/test/auto/LevelCrossTest2.xml (RunModel)" time="0.009" />
  <testcase classname="ptolemy.util.test.junit.AutoTests" name="[198] /home/travis/build/icyphy/ptII/ptolemy/actor/lib/test/auto/LevelCrossTest3.xml (RunModel)" time="0.011" />
  <testcase classname="ptolemy.util.test.junit.AutoTests" name="[199] /home/travis/build/icyphy/ptII/ptolemy/actor/lib/test/auto/LevelCrossTest4.xml (RunModel)" time="0.009" />
  <testcase classname="ptolemy.util.test.junit.AutoTests" name="[200] /home/travis/build/icyphy/ptII/ptolemy/actor/lib/test/auto/LevelCrossTest5.xml (RunModel)" time="0.013" />
  <testcase classname="ptolemy.util.test.junit.AutoTests" name="[201] /home/travis/build/icyphy/ptII/ptolemy/actor/lib/test/auto/LevelCrossTest6.xml (RunModel)" time="0.015" />
  <testcase classname="ptolemy.util.test.junit.AutoTests" name="[202] /home/travis/build/icyphy/ptII/ptolemy/actor/lib/test/auto/LevelCrossTest7.xml (RunModel)" time="0.012" />
  <testcase classname="ptolemy.util.test.junit.AutoTests" name="[203] /home/travis/build/icyphy/ptII/ptolemy/actor/lib/test/auto/LevelCrossTest8.xml (RunModel)" time="0.012" />
  <testcase classname="ptolemy.util.test.junit.AutoTests" name="[204] /home/travis/build/icyphy/ptII/ptolemy/actor/lib/test/auto/LevelCrossTest9.xml (RunModel)" time="0.012" />
  <testcase classname="ptolemy.util.test.junit.AutoTests" name="[205] /home/travis/build/icyphy/ptII/ptolemy/actor/lib/test/auto/LevinsonDurbin.xml (RunModel)" time="0.008" />
  <testcase classname="ptolemy.util.test.junit.AutoTests" name="[206] /home/travis/build/icyphy/ptII/ptolemy/actor/lib/test/auto/LevinsonDurbin2.xml (RunModel)" time="0.007" />
  <testcase classname="ptolemy.util.test.junit.AutoTests" name="[207] /home/travis/build/icyphy/ptII/ptolemy/actor/lib/test/auto/LevinsonDurbin3.xml (RunModel)" time="0.009" />
  <testcase classname="ptolemy.util.test.junit.AutoTests" name="[208] /home/travis/build/icyphy/ptII/ptolemy/actor/lib/test/auto/Limiter.xml (RunModel)" time="0.033" />
  <testcase classname="ptolemy.util.test.junit.AutoTests" name="[209] /home/travis/build/icyphy/ptII/ptolemy/actor/lib/test/auto/LinearDifferenceEquationSystem.xml (RunModel)" time="0.019" />
  <testcase classname="ptolemy.util.test.junit.AutoTests" name="[210] /home/travis/build/icyphy/ptII/ptolemy/actor/lib/test/auto/LookupTable.xml (RunModel)" time="0.009" />
  <testcase classname="ptolemy.util.test.junit.AutoTests" name="[211] /home/travis/build/icyphy/ptII/ptolemy/actor/lib/test/auto/MathFunction.xml (RunModel)" time="0.027" />
  <testcase classname="ptolemy.util.test.junit.AutoTests" name="[212] /home/travis/build/icyphy/ptII/ptolemy/actor/lib/test/auto/MathFunction2.xml (RunModel)" time="0.013" />
  <testcase classname="ptolemy.util.test.junit.AutoTests" name="[213] /home/travis/build/icyphy/ptII/ptolemy/actor/lib/test/auto/MathFunction3.xml (RunModel)" time="0.014" />
  <testcase classname="ptolemy.util.test.junit.AutoTests" name="[214] /home/travis/build/icyphy/ptII/ptolemy/actor/lib/test/auto/MatrixCropBoolean.xml (RunModel)" time="0.013" />
  <testcase classname="ptolemy.util.test.junit.AutoTests" name="[215] /home/travis/build/icyphy/ptII/ptolemy/actor/lib/test/auto/MatrixCropComplex.xml (RunModel)" time="0.008" />
  <testcase classname="ptolemy.util.test.junit.AutoTests" name="[216] /home/travis/build/icyphy/ptII/ptolemy/actor/lib/test/auto/MatrixCropDouble.xml (RunModel)" time="0.007" />
  <testcase classname="ptolemy.util.test.junit.AutoTests" name="[217] /home/travis/build/icyphy/ptII/ptolemy/actor/lib/test/auto/MatrixCropFix.xml (RunModel)" time="0.014" />
  <testcase classname="ptolemy.util.test.junit.AutoTests" name="[218] /home/travis/build/icyphy/ptII/ptolemy/actor/lib/test/auto/MatrixCropInt.xml (RunModel)" time="0.011" />
  <testcase classname="ptolemy.util.test.junit.AutoTests" name="[219] /home/travis/build/icyphy/ptII/ptolemy/actor/lib/test/auto/MatrixCropLong.xml (RunModel)" time="0.007" />
  <testcase classname="ptolemy.util.test.junit.AutoTests" name="[220] /home/travis/build/icyphy/ptII/ptolemy/actor/lib/test/auto/MatrixToArray.xml (RunModel)" time="0.05" />
  <testcase classname="ptolemy.util.test.junit.AutoTests" name="[221] /home/travis/build/icyphy/ptII/ptolemy/actor/lib/test/auto/MaxIndex.xml (RunModel)" time="0.01" />
  <testcase classname="ptolemy.util.test.junit.AutoTests" name="[222] /home/travis/build/icyphy/ptII/ptolemy/actor/lib/test/auto/Maximum.xml (RunModel)" time="0.012" />
  <testcase classname="ptolemy.util.test.junit.AutoTests" name="[223] /home/travis/build/icyphy/ptII/ptolemy/actor/lib/test/auto/MaximumComplex.xml (RunModel)" time="0.013" />
  <testcase classname="ptolemy.util.test.junit.AutoTests" name="[224] /home/travis/build/icyphy/ptII/ptolemy/actor/lib/test/auto/MethodCallTest.xml (RunModel)" time="0.022" />
  <testcase classname="ptolemy.util.test.junit.AutoTests" name="[225] /home/travis/build/icyphy/ptII/ptolemy/actor/lib/test/auto/Minimum.xml (RunModel)" time="0.012" />
  <testcase classname="ptolemy.util.test.junit.AutoTests" name="[226] /home/travis/build/icyphy/ptII/ptolemy/actor/lib/test/auto/MinimumComplex.xml (RunModel)" time="0.021" />
  <testcase classname="ptolemy.util.test.junit.AutoTests" name="[227] /home/travis/build/icyphy/ptII/ptolemy/actor/lib/test/auto/MinimumMultiports.xml (RunModel)" time="0.02" />
  <testcase classname="ptolemy.util.test.junit.AutoTests" name="[228] /home/travis/build/icyphy/ptII/ptolemy/actor/lib/test/auto/ModifyDate.xml (RunModel)" time="0.046" />
  <testcase classname="ptolemy.util.test.junit.AutoTests" name="[229] /home/travis/build/icyphy/ptII/ptolemy/actor/lib/test/auto/ModifyDate2.xml (RunModel)" time="0.023" />
  <testcase classname="ptolemy.util.test.junit.AutoTests" name="[230] /home/travis/build/icyphy/ptII/ptolemy/actor/lib/test/auto/MovingAverage.xml (RunModel)" time="0.009" />
  <testcase classname="ptolemy.util.test.junit.AutoTests" name="[231] /home/travis/build/icyphy/ptII/ptolemy/actor/lib/test/auto/MovingMaximum.xml (RunModel)" time="0.009" />
  <testcase classname="ptolemy.util.test.junit.AutoTests" name="[232] /home/travis/build/icyphy/ptII/ptolemy/actor/lib/test/auto/MultipleLinksToSameRelation.xml (RunModel)" time="0.006" />
  <testcase classname="ptolemy.util.test.junit.AutoTests" name="[233] /home/travis/build/icyphy/ptII/ptolemy/actor/lib/test/auto/MultipleLinksToSameRelationDE.xml (RunModel)" time="0.015" />
  <testcase classname="ptolemy.util.test.junit.AutoTests" name="[234] /home/travis/build/icyphy/ptII/ptolemy/actor/lib/test/auto/Multiplexor.xml (RunModel)" time="0.009" />
  <testcase classname="ptolemy.util.test.junit.AutoTests" name="[235] /home/travis/build/icyphy/ptII/ptolemy/actor/lib/test/auto/Multiplexor1.xml (RunModel)" time="0.009" />
  <testcase classname="ptolemy.util.test.junit.AutoTests" name="[236] /home/travis/build/icyphy/ptII/ptolemy/actor/lib/test/auto/Multiplexor2.xml (RunModel)" time="0.01" />
  <testcase classname="ptolemy.util.test.junit.AutoTests" name="[237] /home/travis/build/icyphy/ptII/ptolemy/actor/lib/test/auto/Multiplexor3.xml (RunModel)" time="0.007" />
  <testcase classname="ptolemy.util.test.junit.AutoTests" name="[238] /home/travis/build/icyphy/ptII/ptolemy/actor/lib/test/auto/MultiplexorDE.xml (RunModel)" time="0.014" />
  <testcase classname="ptolemy.util.test.junit.AutoTests" name="[239] /home/travis/build/icyphy/ptII/ptolemy/actor/lib/test/auto/MultiportBroadcastTest.xml (RunModel)" time="0.086" />
  <testcase classname="ptolemy.util.test.junit.AutoTests" name="[240] /home/travis/build/icyphy/ptII/ptolemy/actor/lib/test/auto/MultiportOutHangDuringGetWidth.xml (RunModel)" time="0.03" />
  <testcase classname="ptolemy.util.test.junit.AutoTests" name="[241] /home/travis/build/icyphy/ptII/ptolemy/actor/lib/test/auto/NilToken.xml (RunModel)" time="0.01" />
  <testcase classname="ptolemy.util.test.junit.AutoTests" name="[242] /home/travis/build/icyphy/ptII/ptolemy/actor/lib/test/auto/NilTokenNonStrictTest.xml (RunModel)" time="0.009" />
  <testcase classname="ptolemy.util.test.junit.AutoTests" name="[243] /home/travis/build/icyphy/ptII/ptolemy/actor/lib/test/auto/NilTokenRecord.xml (RunModel)" time="0.024" />
  <testcase classname="ptolemy.util.test.junit.AutoTests" name="[244] /home/travis/build/icyphy/ptII/ptolemy/actor/lib/test/auto/NilTokenTypeTest.xml (RunModel)" time="0.024" />
  <testcase classname="ptolemy.util.test.junit.AutoTests" name="[245] /home/travis/build/icyphy/ptII/ptolemy/actor/lib/test/auto/ObjectToken1.xml (RunModel)" time="0.008" />
  <testcase classname="ptolemy.util.test.junit.AutoTests" name="[246] /home/travis/build/icyphy/ptII/ptolemy/actor/lib/test/auto/OrderedMerge.xml (RunModel)" time="0.017" />
  <testcase classname="ptolemy.util.test.junit.AutoTests" name="[247] /home/travis/build/icyphy/ptII/ptolemy/actor/lib/test/auto/OrderedRecordDisassembler.xml (RunModel)" time="0.016" />
  <testcase classname="ptolemy.util.test.junit.AutoTests" name="[248] /home/travis/build/icyphy/ptII/ptolemy/actor/lib/test/auto/OrderedRecordDisassembler2.xml (RunModel)" time="0.016" />
  <testcase classname="ptolemy.util.test.junit.AutoTests" name="[249] /home/travis/build/icyphy/ptII/ptolemy/actor/lib/test/auto/OrderedRecordUpdater.xml (RunModel)" time="0.01" />
  <testcase classname="ptolemy.util.test.junit.AutoTests" name="[250] /home/travis/build/icyphy/ptII/ptolemy/actor/lib/test/auto/OrderedRecordUpdater2.xml (RunModel)" time="0.014" />
  <testcase classname="ptolemy.util.test.junit.AutoTests" name="[251] /home/travis/build/icyphy/ptII/ptolemy/actor/lib/test/auto/PhaseUnwrap.xml (RunModel)" time="0.011" />
  <testcase classname="ptolemy.util.test.junit.AutoTests" name="[252] /home/travis/build/icyphy/ptII/ptolemy/actor/lib/test/auto/PoissonClock.xml (RunModel)" time="0.009" />
  <testcase classname="ptolemy.util.test.junit.AutoTests" name="[253] /home/travis/build/icyphy/ptII/ptolemy/actor/lib/test/auto/PoissonClock2.xml (RunModel)" time="0.006" />
  <testcase classname="ptolemy.util.test.junit.AutoTests" name="[254] /home/travis/build/icyphy/ptII/ptolemy/actor/lib/test/auto/PoissonClock3.xml (RunModel)" time="0.02" />
  <testcase classname="ptolemy.util.test.junit.AutoTests" name="[255] /home/travis/build/icyphy/ptII/ptolemy/actor/lib/test/auto/PubSubWithInitialTokens.xml (RunModel)" time="0.014" />
  <testcase classname="ptolemy.util.test.junit.AutoTests" name="[256] /home/travis/build/icyphy/ptII/ptolemy/actor/lib/test/auto/PubSubWithInitialTokens2.xml (RunModel)" time="0.009" />
  <testcase classname="ptolemy.util.test.junit.AutoTests" name="[257] /home/travis/build/icyphy/ptII/ptolemy/actor/lib/test/auto/PublisherClassNoParameter.xml (RunModel)" time="0.022" />
  <testcase classname="ptolemy.util.test.junit.AutoTests" name="[258] /home/travis/build/icyphy/ptII/ptolemy/actor/lib/test/auto/PublisherClassParameter.xml (RunModel)" time="0.018" />
  <testcase classname="ptolemy.util.test.junit.AutoTests" name="[259] /home/travis/build/icyphy/ptII/ptolemy/actor/lib/test/auto/PublisherNonStrictTest.xml (RunModel)" time="0.012" />
  <testcase classname="ptolemy.util.test.junit.AutoTests" name="[260] /home/travis/build/icyphy/ptII/ptolemy/actor/lib/test/auto/PublisherPort1.xml (RunModel)" time="0.008" />
  <testcase classname="ptolemy.util.test.junit.AutoTests" name="[261] /home/travis/build/icyphy/ptII/ptolemy/actor/lib/test/auto/PublisherPort2.xml (RunModel)" time="0.008" />
  <testcase classname="ptolemy.util.test.junit.AutoTests" name="[262] /home/travis/build/icyphy/ptII/ptolemy/actor/lib/test/auto/PublisherPort3.xml (RunModel)" time="0.019" />
  <testcase classname="ptolemy.util.test.junit.AutoTests" name="[263] /home/travis/build/icyphy/ptII/ptolemy/actor/lib/test/auto/PublisherPort4.xml (RunModel)" time="0.016" />
  <testcase classname="ptolemy.util.test.junit.AutoTests" name="[264] /home/travis/build/icyphy/ptII/ptolemy/actor/lib/test/auto/PublisherPort5.xml (RunModel)" time="0.011" />
  <testcase classname="ptolemy.util.test.junit.AutoTests" name="[265] /home/travis/build/icyphy/ptII/ptolemy/actor/lib/test/auto/PublisherPort5LookAlike.xml (RunModel)" time="0.014" />
  <testcase classname="ptolemy.util.test.junit.AutoTests" name="[266] /home/travis/build/icyphy/ptII/ptolemy/actor/lib/test/auto/PublisherPort6.xml (RunModel)" time="0.009" />
  <testcase classname="ptolemy.util.test.junit.AutoTests" name="[267] /home/travis/build/icyphy/ptII/ptolemy/actor/lib/test/auto/PublisherPort7.xml (RunModel)" time="0.012" />
  <testcase classname="ptolemy.util.test.junit.AutoTests" name="[268] /home/travis/build/icyphy/ptII/ptolemy/actor/lib/test/auto/PublisherPort8.xml (RunModel)" time="0.013" />
  <testcase classname="ptolemy.util.test.junit.AutoTests" name="[269] /home/travis/build/icyphy/ptII/ptolemy/actor/lib/test/auto/PublisherPortSubscriberChannelVariablesAOC2.xml (RunModel)" time="0.03" />
  <testcase classname="ptolemy.util.test.junit.AutoTests" name="[270] /home/travis/build/icyphy/ptII/ptolemy/actor/lib/test/auto/PublisherPortSubscriberOpaqueWidthInference.xml (RunModel)" time="0.014" />
  <testcase classname="ptolemy.util.test.junit.AutoTests" name="[271] /home/travis/build/icyphy/ptII/ptolemy/actor/lib/test/auto/PublisherPortSubscriberPortAdjacent.xml (RunModel)" time="0.015" />
  <testcase classname="ptolemy.util.test.junit.AutoTests" name="[272] /home/travis/build/icyphy/ptII/ptolemy/actor/lib/test/auto/PublisherPortSubscriberPortExpression.xml (RunModel)" time="0.027" />
  <testcase classname="ptolemy.util.test.junit.AutoTests" name="[273] /home/travis/build/icyphy/ptII/ptolemy/actor/lib/test/auto/PublisherPortSubscriberPortOpaqueD3Reverse.xml (RunModel)" time="0.022" />
  <testcase classname="ptolemy.util.test.junit.AutoTests" name="[274] /home/travis/build/icyphy/ptII/ptolemy/actor/lib/test/auto/PublisherPortSubscriberPortOpaqueWidthInference.xml (RunModel)" time="0.012" />
  <testcase classname="ptolemy.util.test.junit.AutoTests" name="[275] /home/travis/build/icyphy/ptII/ptolemy/actor/lib/test/auto/PublisherPortToplevelSubscriberPortAOC.xml (RunModel)" time="0.009" />
  <testcase classname="ptolemy.util.test.junit.AutoTests" name="[276] /home/travis/build/icyphy/ptII/ptolemy/actor/lib/test/auto/PublisherSubscriber.xml (RunModel)" time="0.011" />
  <testcase classname="ptolemy.util.test.junit.AutoTests" name="[277] /home/travis/build/icyphy/ptII/ptolemy/actor/lib/test/auto/PublisherSubscriber10.xml (RunModel)" time="0.018" />
  <testcase classname="ptolemy.util.test.junit.AutoTests" name="[278] /home/travis/build/icyphy/ptII/ptolemy/actor/lib/test/auto/PublisherSubscriber10InitialOutputs.xml (RunModel)" time="0.028" />
  <testcase classname="ptolemy.util.test.junit.AutoTests" name="[279] /home/travis/build/icyphy/ptII/ptolemy/actor/lib/test/auto/PublisherSubscriber11.xml (RunModel)" time="0.018" />
  <testcase classname="ptolemy.util.test.junit.AutoTests" name="[280] /home/travis/build/icyphy/ptII/ptolemy/actor/lib/test/auto/PublisherSubscriber12.xml (RunModel)" time="0.012" />
  <testcase classname="ptolemy.util.test.junit.AutoTests" name="[281] /home/travis/build/icyphy/ptII/ptolemy/actor/lib/test/auto/PublisherSubscriber13.xml (RunModel)" time="0.008" />
  <testcase classname="ptolemy.util.test.junit.AutoTests" name="[282] /home/travis/build/icyphy/ptII/ptolemy/actor/lib/test/auto/PublisherSubscriber14.xml (RunModel)" time="0.015" />
  <testcase classname="ptolemy.util.test.junit.AutoTests" name="[283] /home/travis/build/icyphy/ptII/ptolemy/actor/lib/test/auto/PublisherSubscriber2.xml (RunModel)" time="0.008" />
  <testcase classname="ptolemy.util.test.junit.AutoTests" name="[284] /home/travis/build/icyphy/ptII/ptolemy/actor/lib/test/auto/PublisherSubscriber3.xml (RunModel)" time="0.008" />
  <testcase classname="ptolemy.util.test.junit.AutoTests" name="[285] /home/travis/build/icyphy/ptII/ptolemy/actor/lib/test/auto/PublisherSubscriber4.xml (RunModel)" time="0.007" />
  <testcase classname="ptolemy.util.test.junit.AutoTests" name="[286] /home/travis/build/icyphy/ptII/ptolemy/actor/lib/test/auto/PublisherSubscriber5.xml (RunModel)" time="0.011" />
  <testcase classname="ptolemy.util.test.junit.AutoTests" name="[287] /home/travis/build/icyphy/ptII/ptolemy/actor/lib/test/auto/PublisherSubscriber6.xml (RunModel)" time="0.012" />
  <testcase classname="ptolemy.util.test.junit.AutoTests" name="[288] /home/travis/build/icyphy/ptII/ptolemy/actor/lib/test/auto/PublisherSubscriber7.xml (RunModel)" time="0.014" />
  <testcase classname="ptolemy.util.test.junit.AutoTests" name="[289] /home/travis/build/icyphy/ptII/ptolemy/actor/lib/test/auto/PublisherSubscriber8.xml (RunModel)" time="0.025" />
  <testcase classname="ptolemy.util.test.junit.AutoTests" name="[290] /home/travis/build/icyphy/ptII/ptolemy/actor/lib/test/auto/PublisherSubscriber9.xml (RunModel)" time="0.015" />
  <testcase classname="ptolemy.util.test.junit.AutoTests" name="[291] /home/travis/build/icyphy/ptII/ptolemy/actor/lib/test/auto/PublisherSubscriberAdjacent.xml (RunModel)" time="0.013" />
  <testcase classname="ptolemy.util.test.junit.AutoTests" name="[292] /home/travis/build/icyphy/ptII/ptolemy/actor/lib/test/auto/PublisherSubscriberChannelVariablesAOC2.xml (RunModel)" time="0.031" />
  <testcase classname="ptolemy.util.test.junit.AutoTests" name="[293] /home/travis/build/icyphy/ptII/ptolemy/actor/lib/test/auto/PublisherSubscriberD3.xml (RunModel)" time="0.01" />
  <testcase classname="ptolemy.util.test.junit.AutoTests" name="[294] /home/travis/build/icyphy/ptII/ptolemy/actor/lib/test/auto/PublisherSubscriberD3Reverse.xml (RunModel)" time="0.009" />
  <testcase classname="ptolemy.util.test.junit.AutoTests" name="[295] /home/travis/build/icyphy/ptII/ptolemy/actor/lib/test/auto/PublisherSubscriberExpression.xml (RunModel)" time="0.013" />
  <testcase classname="ptolemy.util.test.junit.AutoTests" name="[296] /home/travis/build/icyphy/ptII/ptolemy/actor/lib/test/auto/PublisherSubscriberOpaque.xml (RunModel)" time="0.013" />
  <testcase classname="ptolemy.util.test.junit.AutoTests" name="[297] /home/travis/build/icyphy/ptII/ptolemy/actor/lib/test/auto/PublisherSubscriberOpaqueD3.xml (RunModel)" time="0.019" />
  <testcase classname="ptolemy.util.test.junit.AutoTests" name="[298] /home/travis/build/icyphy/ptII/ptolemy/actor/lib/test/auto/PublisherSubscriberOpaqueD3Reverse.xml (RunModel)" time="0.017" />
  <testcase classname="ptolemy.util.test.junit.AutoTests" name="[299] /home/travis/build/icyphy/ptII/ptolemy/actor/lib/test/auto/PublisherSubscriberOpaqueWidthInference.xml (RunModel)" time="0.013" />
  <testcase classname="ptolemy.util.test.junit.AutoTests" name="[300] /home/travis/build/icyphy/ptII/ptolemy/actor/lib/test/auto/PublisherTestSubscriber.xml (RunModel)" time="0.012" />
  <testcase classname="ptolemy.util.test.junit.AutoTests" name="[301] /home/travis/build/icyphy/ptII/ptolemy/actor/lib/test/auto/PublisherToplevelSubscriberPortAOC.xml (RunModel)" time="0.009" />
  <testcase classname="ptolemy.util.test.junit.AutoTests" name="[302] /home/travis/build/icyphy/ptII/ptolemy/actor/lib/test/auto/PulseFiringLimitDE.xml (RunModel)" time="0.012" />
  <testcase classname="ptolemy.util.test.junit.AutoTests" name="[303] /home/travis/build/icyphy/ptII/ptolemy/actor/lib/test/auto/Ramp1.xml (RunModel)" time="0.005" />
  <testcase classname="ptolemy.util.test.junit.AutoTests" name="[304] /home/travis/build/icyphy/ptII/ptolemy/actor/lib/test/auto/RampFiringLimitDE.xml (RunModel)" time="0.009" />
  <testcase classname="ptolemy.util.test.junit.AutoTests" name="[305] /home/travis/build/icyphy/ptII/ptolemy/actor/lib/test/auto/RampFiringLimitSDF.xml (RunModel)" time="0.007" />
  <testcase classname="ptolemy.util.test.junit.AutoTests" name="[306] /home/travis/build/icyphy/ptII/ptolemy/actor/lib/test/auto/RandomInteger.xml (RunModel)" time="0.006" />
  <testcase classname="ptolemy.util.test.junit.AutoTests" name="[307] /home/travis/build/icyphy/ptII/ptolemy/actor/lib/test/auto/ReadFile1.xml (RunModel)" time="0.006" />
  <testcase classname="ptolemy.util.test.junit.AutoTests" name="[308] /home/travis/build/icyphy/ptII/ptolemy/actor/lib/test/auto/ReadFile2.xml (RunModel)" time="0.008" />
  <testcase classname="ptolemy.util.test.junit.AutoTests" name="[309] /home/travis/build/icyphy/ptII/ptolemy/actor/lib/test/auto/Reader.xml (RunModel)" time="0.009" />
  <testcase classname="ptolemy.util.test.junit.AutoTests" name="[310] /home/travis/build/icyphy/ptII/ptolemy/actor/lib/test/auto/RecordAssemblerDisplayNameTest.xml (RunModel)" time="3.187" />
  <testcase classname="ptolemy.util.test.junit.AutoTests" name="[311] /home/travis/build/icyphy/ptII/ptolemy/actor/lib/test/auto/RecordAssemblerTypeError.xml (RunModel)" time="0.047" />
  <testcase classname="ptolemy.util.test.junit.AutoTests" name="[312] /home/travis/build/icyphy/ptII/ptolemy/actor/lib/test/auto/RecordDisassember.xml (RunModel)" time="0.011" />
  <testcase classname="ptolemy.util.test.junit.AutoTests" name="[313] /home/travis/build/icyphy/ptII/ptolemy/actor/lib/test/auto/RecordDisassemberDisplayNameTest.xml (RunModel)" time="0.021" />
  <testcase classname="ptolemy.util.test.junit.AutoTests" name="[314] /home/travis/build/icyphy/ptII/ptolemy/actor/lib/test/auto/RecordDisassembler.xml (RunModel)" time="0.01" />
  <testcase classname="ptolemy.util.test.junit.AutoTests" name="[315] /home/travis/build/icyphy/ptII/ptolemy/actor/lib/test/auto/RecordDisassembler2.xml (RunModel)" time="0.008" />
  <testcase classname="ptolemy.util.test.junit.AutoTests" name="[316] /home/travis/build/icyphy/ptII/ptolemy/actor/lib/test/auto/RecordUpdater.xml (RunModel)" time="0.007" />
  <testcase classname="ptolemy.util.test.junit.AutoTests" name="[317] /home/travis/build/icyphy/ptII/ptolemy/actor/lib/test/auto/RecordUpdater2.xml (RunModel)" time="0.007" />
  <testcase classname="ptolemy.util.test.junit.AutoTests" name="[318] /home/travis/build/icyphy/ptII/ptolemy/actor/lib/test/auto/RecursiveLattice.xml (RunModel)" time="0.007" />
  <testcase classname="ptolemy.util.test.junit.AutoTests" name="[319] /home/travis/build/icyphy/ptII/ptolemy/actor/lib/test/auto/Router.xml (RunModel)" time="3.022" />
  <testcase classname="ptolemy.util.test.junit.AutoTests" name="[320] /home/travis/build/icyphy/ptII/ptolemy/actor/lib/test/auto/Router2.xml (RunModel)" time="3.025" />
  <testcase classname="ptolemy.util.test.junit.AutoTests" name="[321] /home/travis/build/icyphy/ptII/ptolemy/actor/lib/test/auto/RunningMaximum.xml (RunModel)" time="0.019" />
  <testcase classname="ptolemy.util.test.junit.AutoTests" name="[322] /home/travis/build/icyphy/ptII/ptolemy/actor/lib/test/auto/RunningMinimum.xml (RunModel)" time="0.012" />
  <testcase classname="ptolemy.util.test.junit.AutoTests" name="[323] /home/travis/build/icyphy/ptII/ptolemy/actor/lib/test/auto/Scale.xml (RunModel)" time="0.007" />
  <testcase classname="ptolemy.util.test.junit.AutoTests" name="[324] /home/travis/build/icyphy/ptII/ptolemy/actor/lib/test/auto/Scale2.xml (RunModel)" time="0.01" />
  <testcase classname="ptolemy.util.test.junit.AutoTests" name="[325] /home/travis/build/icyphy/ptII/ptolemy/actor/lib/test/auto/Scale3.xml (RunModel)" time="0.023" />
  <testcase classname="ptolemy.util.test.junit.AutoTests" name="[326] /home/travis/build/icyphy/ptII/ptolemy/actor/lib/test/auto/ScaleArray.xml (RunModel)" time="0.014" />
  <testcase classname="ptolemy.util.test.junit.AutoTests" name="[327] /home/travis/build/icyphy/ptII/ptolemy/actor/lib/test/auto/ScaleArray2.xml (RunModel)" time="0.008" />
  <testcase classname="ptolemy.util.test.junit.AutoTests" name="[328] /home/travis/build/icyphy/ptII/ptolemy/actor/lib/test/auto/ScaleMatrix.xml (RunModel)" time="0.141" />
  <testcase classname="ptolemy.util.test.junit.AutoTests" name="[329] /home/travis/build/icyphy/ptII/ptolemy/actor/lib/test/auto/Select.xml (RunModel)" time="0.012" />
  <testcase classname="ptolemy.util.test.junit.AutoTests" name="[330] /home/travis/build/icyphy/ptII/ptolemy/actor/lib/test/auto/Select2.xml (RunModel)" time="0.007" />
  <testcase classname="ptolemy.util.test.junit.AutoTests" name="[331] /home/travis/build/icyphy/ptII/ptolemy/actor/lib/test/auto/SequenceToArray2.xml (RunModel)" time="0.112" />
  <testcase classname="ptolemy.util.test.junit.AutoTests" name="[332] /home/travis/build/icyphy/ptII/ptolemy/actor/lib/test/auto/SequentialClock.xml (RunModel)" time="0.006" />
  <testcase classname="ptolemy.util.test.junit.AutoTests" name="[333] /home/travis/build/icyphy/ptII/ptolemy/actor/lib/test/auto/SetVariable.xml (RunModel)" time="0.008" />
  <testcase classname="ptolemy.util.test.junit.AutoTests" name="[334] /home/travis/build/icyphy/ptII/ptolemy/actor/lib/test/auto/SetVariable2.xml (RunModel)" time="0.008" />
  <testcase classname="ptolemy.util.test.junit.AutoTests" name="[335] /home/travis/build/icyphy/ptII/ptolemy/actor/lib/test/auto/SetVariable3.xml (RunModel)" time="0.013" />
  <testcase classname="ptolemy.util.test.junit.AutoTests" name="[336] /home/travis/build/icyphy/ptII/ptolemy/actor/lib/test/auto/SetVariable4.xml (RunModel)" time="0.022" />
  <testcase classname="ptolemy.util.test.junit.AutoTests" name="[337] /home/travis/build/icyphy/ptII/ptolemy/actor/lib/test/auto/SetVariable5.xml (RunModel)" time="0.029" />
  <testcase classname="ptolemy.util.test.junit.AutoTests" name="[338] /home/travis/build/icyphy/ptII/ptolemy/actor/lib/test/auto/Sinewave.xml (RunModel)" time="0.027" />
  <testcase classname="ptolemy.util.test.junit.AutoTests" name="[339] /home/travis/build/icyphy/ptII/ptolemy/actor/lib/test/auto/Sinewave2.xml (RunModel)" time="0.016" />
  <testcase classname="ptolemy.util.test.junit.AutoTests" name="[340] /home/travis/build/icyphy/ptII/ptolemy/actor/lib/test/auto/Sinewave3.xml (RunModel)" time="0.022" />
  <testcase classname="ptolemy.util.test.junit.AutoTests" name="[341] /home/travis/build/icyphy/ptII/ptolemy/actor/lib/test/auto/SingleEvent.xml (RunModel)" time="0.005" />
  <testcase classname="ptolemy.util.test.junit.AutoTests" name="[342] /home/travis/build/icyphy/ptII/ptolemy/actor/lib/test/auto/Sleep.xml (RunModel)" time="6.015" />
  <testcase classname="ptolemy.util.test.junit.AutoTests" name="[343] /home/travis/build/icyphy/ptII/ptolemy/actor/lib/test/auto/SleepMultipleFire.xml (RunModel)" time="1.028" />
  <testcase classname="ptolemy.util.test.junit.AutoTests" name="[344] /home/travis/build/icyphy/ptII/ptolemy/actor/lib/test/auto/StopDE.xml (RunModel)" time="0.019" />
  <testcase classname="ptolemy.util.test.junit.AutoTests" name="[345] /home/travis/build/icyphy/ptII/ptolemy/actor/lib/test/auto/StopSDF.xml (RunModel)" time="0.01" />
  <testcase classname="ptolemy.util.test.junit.AutoTests" name="[346] /home/travis/build/icyphy/ptII/ptolemy/actor/lib/test/auto/StringConstant.xml (RunModel)" time="0.019" />
  <testcase classname="ptolemy.util.test.junit.AutoTests" name="[347] /home/travis/build/icyphy/ptII/ptolemy/actor/lib/test/auto/SubscriberPortInitialValues1.xml (RunModel)" time="0.024" />
  <testcase classname="ptolemy.util.test.junit.AutoTests" name="[348] /home/travis/build/icyphy/ptII/ptolemy/actor/lib/test/auto/SubscriberPortInitialValues13.xml (RunModel)" time="0.021" />
  <testcase classname="ptolemy.util.test.junit.AutoTests" name="[349] /home/travis/build/icyphy/ptII/ptolemy/actor/lib/test/auto/SubscriberPortInitialValues14.xml (RunModel)" time="0.012" />
  <testcase classname="ptolemy.util.test.junit.AutoTests" name="[350] /home/travis/build/icyphy/ptII/ptolemy/actor/lib/test/auto/SubscriberPortInitialValues2.xml (RunModel)" time="0.012" />
  <testcase classname="ptolemy.util.test.junit.AutoTests" name="[351] /home/travis/build/icyphy/ptII/ptolemy/actor/lib/test/auto/SubscriberPortInitialValues3.xml (RunModel)" time="0.037" />
  <testcase classname="ptolemy.util.test.junit.AutoTests" name="[352] /home/travis/build/icyphy/ptII/ptolemy/actor/lib/test/auto/SubscriptionAggregator.xml (RunModel)" time="0.008" />
  <testcase classname="ptolemy.util.test.junit.AutoTests" name="[353] /home/travis/build/icyphy/ptII/ptolemy/actor/lib/test/auto/SubscriptionAggregator2.xml (RunModel)" time="0.009" />
  <testcase classname="ptolemy.util.test.junit.AutoTests" name="[354] /home/travis/build/icyphy/ptII/ptolemy/actor/lib/test/auto/SubscriptionAggregator3.xml (RunModel)" time="0.013" />
  <testcase classname="ptolemy.util.test.junit.AutoTests" name="[355] /home/travis/build/icyphy/ptII/ptolemy/actor/lib/test/auto/SubscriptionAggregatorMultiply.xml (RunModel)" time="0.018" />
  <testcase classname="ptolemy.util.test.junit.AutoTests" name="[356] /home/travis/build/icyphy/ptII/ptolemy/actor/lib/test/auto/SubscriptionAggregatorPortMultiply1.xml (RunModel)" time="0.01" />
  <testcase classname="ptolemy.util.test.junit.AutoTests" name="[357] /home/travis/build/icyphy/ptII/ptolemy/actor/lib/test/auto/Switch.xml (RunModel)" time="0.014" />
  <testcase classname="ptolemy.util.test.junit.AutoTests" name="[358] /home/travis/build/icyphy/ptII/ptolemy/actor/lib/test/auto/Switch2.xml (RunModel)" time="0.007" />
  <testcase classname="ptolemy.util.test.junit.AutoTests" name="[359] /home/travis/build/icyphy/ptII/ptolemy/actor/lib/test/auto/SwitchDE.xml (RunModel)" time="0.011" />
  <testcase classname="ptolemy.util.test.junit.AutoTests" name="[360] /home/travis/build/icyphy/ptII/ptolemy/actor/lib/test/auto/SynchronizerDE.xml (RunModel)" time="0.016" />
  <testcase classname="ptolemy.util.test.junit.AutoTests" name="[361] /home/travis/build/icyphy/ptII/ptolemy/actor/lib/test/auto/Test.xml (RunModel)" time="0.006" />
  <testcase classname="ptolemy.util.test.junit.AutoTests" name="[362] /home/travis/build/icyphy/ptII/ptolemy/actor/lib/test/auto/TestExceptionAttribute1.xml (RunModel)" time="0.005" />
  <testcase classname="ptolemy.util.test.junit.AutoTests" name="[363] /home/travis/build/icyphy/ptII/ptolemy/actor/lib/test/auto/TestExceptionAttribute2.xml (RunModel)" time="0.005" />
  <testcase classname="ptolemy.util.test.junit.AutoTests" name="[364] /home/travis/build/icyphy/ptII/ptolemy/actor/lib/test/auto/TestExceptionAttribute3.xml (RunModel)" time="0.008" />
  <testcase classname="ptolemy.util.test.junit.AutoTests" name="[365] /home/travis/build/icyphy/ptII/ptolemy/actor/lib/test/auto/TestExceptionAttribute4.xml (RunModel)" time="0.006" />
  <testcase classname="ptolemy.util.test.junit.AutoTests" name="[366] /home/travis/build/icyphy/ptII/ptolemy/actor/lib/test/auto/TestExceptionHandler1.xml (RunModel)" time="0.004" />
  <testcase classname="ptolemy.util.test.junit.AutoTests" name="[367] /home/travis/build/icyphy/ptII/ptolemy/actor/lib/test/auto/TestExceptionHandler2.xml (RunModel)" time="0.008" />
  <testcase classname="ptolemy.util.test.junit.AutoTests" name="[368] /home/travis/build/icyphy/ptII/ptolemy/actor/lib/test/auto/TestExceptionHandler3.xml (RunModel)" time="0.004" />
  <testcase classname="ptolemy.util.test.junit.AutoTests" name="[369] /home/travis/build/icyphy/ptII/ptolemy/actor/lib/test/auto/TestExceptionHandler4.xml (RunModel)" time="0.004" />
  <testcase classname="ptolemy.util.test.junit.AutoTests" name="[370] /home/travis/build/icyphy/ptII/ptolemy/actor/lib/test/auto/TestRequireCorrectOrder.xml (RunModel)" time="0.01" />
  <testcase classname="ptolemy.util.test.junit.AutoTests" name="[371] /home/travis/build/icyphy/ptII/ptolemy/actor/lib/test/auto/TestSimple.xml (RunModel)" time="0.004" />
  <testcase classname="ptolemy.util.test.junit.AutoTests" name="[372] /home/travis/build/icyphy/ptII/ptolemy/actor/lib/test/auto/ThrowModelError.xml (RunModel)" time="0.007" />
  <testcase classname="ptolemy.util.test.junit.AutoTests" name="[373] /home/travis/build/icyphy/ptII/ptolemy/actor/lib/test/auto/TimeDelayMicrosteps.xml (RunModel)" time="0.011" />
  <testcase classname="ptolemy.util.test.junit.AutoTests" name="[374] /home/travis/build/icyphy/ptII/ptolemy/actor/lib/test/auto/TimeDelayMicrosteps2.xml (RunModel)" time="0.012" />
  <testcase classname="ptolemy.util.test.junit.AutoTests" name="[375] /home/travis/build/icyphy/ptII/ptolemy/actor/lib/test/auto/TimeDelayMicrosteps3.xml (RunModel)" time="0.009" />
  <testcase classname="ptolemy.util.test.junit.AutoTests" name="[376] /home/travis/build/icyphy/ptII/ptolemy/actor/lib/test/auto/TimeDelayVariableMicrosteps.xml (RunModel)" time="0.009" />
  <testcase classname="ptolemy.util.test.junit.AutoTests" name="[377] /home/travis/build/icyphy/ptII/ptolemy/actor/lib/test/auto/TimeGap.xml (RunModel)" time="0.01" />
  <testcase classname="ptolemy.util.test.junit.AutoTests" name="[378] /home/travis/build/icyphy/ptII/ptolemy/actor/lib/test/auto/TimeGap2.xml (RunModel)" time="0.008" />
  <testcase classname="ptolemy.util.test.junit.AutoTests" name="[379] /home/travis/build/icyphy/ptII/ptolemy/actor/lib/test/auto/TimedSinewave.xml (RunModel)" time="0.047" />
  <testcase classname="ptolemy.util.test.junit.AutoTests" name="[380] /home/travis/build/icyphy/ptII/ptolemy/actor/lib/test/auto/TimedSinewavePhase.xml (RunModel)" time="0.031" />
  <testcase classname="ptolemy.util.test.junit.AutoTests" name="[381] /home/travis/build/icyphy/ptII/ptolemy/actor/lib/test/auto/Timer.xml (RunModel)" time="0.014" />
  <testcase classname="ptolemy.util.test.junit.AutoTests" name="[382] /home/travis/build/icyphy/ptII/ptolemy/actor/lib/test/auto/TriangularDistTestModel.xml (RunModel)" time="0.013" />
  <testcase classname="ptolemy.util.test.junit.AutoTests" name="[383] /home/travis/build/icyphy/ptII/ptolemy/actor/lib/test/auto/TrigFunction.xml (RunModel)" time="0.006" />
  <testcase classname="ptolemy.util.test.junit.AutoTests" name="[384] /home/travis/build/icyphy/ptII/ptolemy/actor/lib/test/auto/TrigFunctionDE.xml (RunModel)" time="0.008" />
  <testcase classname="ptolemy.util.test.junit.AutoTests" name="[385] /home/travis/build/icyphy/ptII/ptolemy/actor/lib/test/auto/TrigFunctionInverse.xml (RunModel)" time="0.007" />
  <testcase classname="ptolemy.util.test.junit.AutoTests" name="[386] /home/travis/build/icyphy/ptII/ptolemy/actor/lib/test/auto/TrigFunctionTan.xml (RunModel)" time="0.014" />
  <testcase classname="ptolemy.util.test.junit.AutoTests" name="[387] /home/travis/build/icyphy/ptII/ptolemy/actor/lib/test/auto/TriggeredClock.xml (RunModel)" time="0.012" />
  <testcase classname="ptolemy.util.test.junit.AutoTests" name="[388] /home/travis/build/icyphy/ptII/ptolemy/actor/lib/test/auto/URLDirectoryReader.xml (RunModel)" time="0.107" />
  <testcase classname="ptolemy.util.test.junit.AutoTests" name="[389] /home/travis/build/icyphy/ptII/ptolemy/actor/lib/test/auto/URLDirectoryReader3.xml (RunModel)" time="1.59" />
  <testcase classname="ptolemy.util.test.junit.AutoTests" name="[390] /home/travis/build/icyphy/ptII/ptolemy/actor/lib/test/auto/UnaryMathFunction.xml (RunModel)" time="0.03" />
  <testcase classname="ptolemy.util.test.junit.AutoTests" name="[391] /home/travis/build/icyphy/ptII/ptolemy/actor/lib/test/auto/Uniform.xml (RunModel)" time="0.009" />
  <testcase classname="ptolemy.util.test.junit.AutoTests" name="[392] /home/travis/build/icyphy/ptII/ptolemy/actor/lib/test/auto/UnionDisassemblerTest.xml (RunModel)" time="0.014" />
  <testcase classname="ptolemy.util.test.junit.AutoTests" name="[393] /home/travis/build/icyphy/ptII/ptolemy/actor/lib/test/auto/UtilityFunctions.xml (RunModel)" time="0.005" />
  <testcase classname="ptolemy.util.test.junit.AutoTests" name="[394] /home/travis/build/icyphy/ptII/ptolemy/actor/lib/test/auto/VariableSleep.xml (RunModel)" time="0.508" />
  <testcase classname="ptolemy.util.test.junit.AutoTests" name="[395] /home/travis/build/icyphy/ptII/ptolemy/actor/lib/test/auto/VectorAssemblerDisassemblerCT.xml (RunModel)" time="0.104" />
  <testcase classname="ptolemy.util.test.junit.AutoTests" name="[396] /home/travis/build/icyphy/ptII/ptolemy/actor/lib/test/auto/VectorAssemblerDisassemblerDE.xml (RunModel)" time="0.012" />
  <testcase classname="ptolemy.util.test.junit.AutoTests" name="[397] /home/travis/build/icyphy/ptII/ptolemy/actor/lib/test/auto/VectorAssemblerDisassemblerSDF.xml (RunModel)" time="0.01" />
  <testcase classname="ptolemy.util.test.junit.AutoTests" name="[398] /home/travis/build/icyphy/ptII/ptolemy/actor/lib/test/auto/WallClockTime.xml (RunModel)" time="1.009" />
  <testcase classname="ptolemy.util.test.junit.AutoTests" name="[399] /home/travis/build/icyphy/ptII/ptolemy/actor/lib/test/auto/WidthTestWithSubscriberPublisher.xml (RunModel)" time="0.033" />
  <testcase classname="ptolemy.util.test.junit.AutoTests" name="[400] /home/travis/build/icyphy/ptII/ptolemy/actor/lib/test/auto/WidthTestWithSubscriberPublisher2.xml (RunModel)" time="0.011" />
  <testcase classname="ptolemy.util.test.junit.AutoTests" name="[401] /home/travis/build/icyphy/ptII/ptolemy/actor/lib/test/auto/WidthTestWithSubscriberPublisher3.xml (RunModel)" time="0.009" />
  <testcase classname="ptolemy.util.test.junit.AutoTests" name="[402] /home/travis/build/icyphy/ptII/ptolemy/actor/lib/test/auto/Writer.xml (RunModel)" time="0.006" />
  <testcase classname="ptolemy.util.test.junit.AutoTests" name="[403] /home/travis/build/icyphy/ptII/ptolemy/actor/lib/test/auto/array.xml (RunModel)" time="0.007" />
  <testcase classname="ptolemy.util.test.junit.AutoTests" name="[404] /home/travis/build/icyphy/ptII/ptolemy/actor/lib/test/auto/array2.xml (RunModel)" time="0.007" />
  <testcase classname="ptolemy.util.test.junit.AutoTests" name="[405] /home/travis/build/icyphy/ptII/ptolemy/actor/lib/test/auto/arrayType.xml (RunModel)" time="0.008" />
  <testcase classname="ptolemy.util.test.junit.AutoTests" name="[406] /home/travis/build/icyphy/ptII/ptolemy/actor/lib/test/auto/arrayType10.xml (RunModel)" time="0.006" />
  <testcase classname="ptolemy.util.test.junit.AutoTests" name="[407] /home/travis/build/icyphy/ptII/ptolemy/actor/lib/test/auto/arrayType11.xml (RunModel)" time="0.005" />
  <testcase classname="ptolemy.util.test.junit.AutoTests" name="[408] /home/travis/build/icyphy/ptII/ptolemy/actor/lib/test/auto/arrayType12.xml (RunModel)" time="0.007" />
  <testcase classname="ptolemy.util.test.junit.AutoTests" name="[409] /home/travis/build/icyphy/ptII/ptolemy/actor/lib/test/auto/arrayType13.xml (RunModel)" time="0.007" />
  <testcase classname="ptolemy.util.test.junit.AutoTests" name="[410] /home/travis/build/icyphy/ptII/ptolemy/actor/lib/test/auto/arrayType14.xml (RunModel)" time="0.007" />
  <testcase classname="ptolemy.util.test.junit.AutoTests" name="[411] /home/travis/build/icyphy/ptII/ptolemy/actor/lib/test/auto/arrayType15.xml (RunModel)" time="0.008" />
  <testcase classname="ptolemy.util.test.junit.AutoTests" name="[412] /home/travis/build/icyphy/ptII/ptolemy/actor/lib/test/auto/arrayType16.xml (RunModel)" time="0.006" />
  <testcase classname="ptolemy.util.test.junit.AutoTests" name="[413] /home/travis/build/icyphy/ptII/ptolemy/actor/lib/test/auto/arrayType17.xml (RunModel)" time="0.008" />
  <testcase classname="ptolemy.util.test.junit.AutoTests" name="[414] /home/travis/build/icyphy/ptII/ptolemy/actor/lib/test/auto/arrayType18.xml (RunModel)" time="0.006" />
  <testcase classname="ptolemy.util.test.junit.AutoTests" name="[415] /home/travis/build/icyphy/ptII/ptolemy/actor/lib/test/auto/arrayType19.xml (RunModel)" time="0.005" />
  <testcase classname="ptolemy.util.test.junit.AutoTests" name="[416] /home/travis/build/icyphy/ptII/ptolemy/actor/lib/test/auto/arrayType2.xml (RunModel)" time="0.006" />
  <testcase classname="ptolemy.util.test.junit.AutoTests" name="[417] /home/travis/build/icyphy/ptII/ptolemy/actor/lib/test/auto/arrayType20.xml (RunModel)" time="0.006" />
  <testcase classname="ptolemy.util.test.junit.AutoTests" name="[418] /home/travis/build/icyphy/ptII/ptolemy/actor/lib/test/auto/arrayType21.xml (RunModel)" time="0.005" />
  <testcase classname="ptolemy.util.test.junit.AutoTests" name="[419] /home/travis/build/icyphy/ptII/ptolemy/actor/lib/test/auto/arrayType22.xml (RunModel)" time="0.006" />
  <testcase classname="ptolemy.util.test.junit.AutoTests" name="[420] /home/travis/build/icyphy/ptII/ptolemy/actor/lib/test/auto/arrayType23.xml (RunModel)" time="0.006" />
  <testcase classname="ptolemy.util.test.junit.AutoTests" name="[421] /home/travis/build/icyphy/ptII/ptolemy/actor/lib/test/auto/arrayType24.xml (RunModel)" time="0.007" />
  <testcase classname="ptolemy.util.test.junit.AutoTests" name="[422] /home/travis/build/icyphy/ptII/ptolemy/actor/lib/test/auto/arrayType25.xml (RunModel)" time="0.007" />
  <testcase classname="ptolemy.util.test.junit.AutoTests" name="[423] /home/travis/build/icyphy/ptII/ptolemy/actor/lib/test/auto/arrayType26.xml (RunModel)" time="0.006" />
  <testcase classname="ptolemy.util.test.junit.AutoTests" name="[424] /home/travis/build/icyphy/ptII/ptolemy/actor/lib/test/auto/arrayType27.xml (RunModel)" time="0.006" />
  <testcase classname="ptolemy.util.test.junit.AutoTests" name="[425] /home/travis/build/icyphy/ptII/ptolemy/actor/lib/test/auto/arrayType28.xml (RunModel)" time="0.007" />
  <testcase classname="ptolemy.util.test.junit.AutoTests" name="[426] /home/travis/build/icyphy/ptII/ptolemy/actor/lib/test/auto/arrayType3.xml (RunModel)" time="0.01" />
  <testcase classname="ptolemy.util.test.junit.AutoTests" name="[427] /home/travis/build/icyphy/ptII/ptolemy/actor/lib/test/auto/arrayType4.xml (RunModel)" time="0.009" />
  <testcase classname="ptolemy.util.test.junit.AutoTests" name="[428] /home/travis/build/icyphy/ptII/ptolemy/actor/lib/test/auto/arrayType5.xml (RunModel)" time="0.007" />
  <testcase classname="ptolemy.util.test.junit.AutoTests" name="[429] /home/travis/build/icyphy/ptII/ptolemy/actor/lib/test/auto/arrayType6.xml (RunModel)" time="0.006" />
  <testcase classname="ptolemy.util.test.junit.AutoTests" name="[430] /home/travis/build/icyphy/ptII/ptolemy/actor/lib/test/auto/arrayType7.xml (RunModel)" time="0.006" />
  <testcase classname="ptolemy.util.test.junit.AutoTests" name="[431] /home/travis/build/icyphy/ptII/ptolemy/actor/lib/test/auto/arrayType8.xml (RunModel)" time="0.013" />
  <testcase classname="ptolemy.util.test.junit.AutoTests" name="[432] /home/travis/build/icyphy/ptII/ptolemy/actor/lib/test/auto/arrayType9.xml (RunModel)" time="0.006" />
  <testcase classname="ptolemy.util.test.junit.AutoTests" name="[433] /home/travis/build/icyphy/ptII/ptolemy/actor/lib/test/auto/cast.xml (RunModel)" time="0.007" />
  <testcase classname="ptolemy.util.test.junit.AutoTests" name="[434] /home/travis/build/icyphy/ptII/ptolemy/actor/lib/test/auto/compositeMultiPort.xml (RunModel)" time="0.013" />
  <testcase classname="ptolemy.util.test.junit.AutoTests" name="[435] /home/travis/build/icyphy/ptII/ptolemy/actor/lib/test/auto/expressionCastInference.xml (RunModel)" time="0.015" />
  <testcase classname="ptolemy.util.test.junit.AutoTests" name="[436] /home/travis/build/icyphy/ptII/ptolemy/actor/lib/test/auto/expressionCastInference2.xml (RunModel)" time="0.006" />
  <testcase classname="ptolemy.util.test.junit.AutoTests" name="[437] /home/travis/build/icyphy/ptII/ptolemy/actor/lib/test/auto/expressionInference.xml (RunModel)" time="0.005" />
  <testcase classname="ptolemy.util.test.junit.AutoTests" name="[438] /home/travis/build/icyphy/ptII/ptolemy/actor/lib/test/auto/expression_bug.xml (RunModel)" time="0.005" />
  <testcase classname="ptolemy.util.test.junit.AutoTests" name="[439] /home/travis/build/icyphy/ptII/ptolemy/actor/lib/test/auto/factorial.xml (RunModel)" time="0.096" />
  <testcase classname="ptolemy.util.test.junit.AutoTests" name="[440] /home/travis/build/icyphy/ptII/ptolemy/actor/lib/test/auto/filterTest1.xml (RunModel)" time="0.013" />
  <testcase classname="ptolemy.util.test.junit.AutoTests" name="[441] /home/travis/build/icyphy/ptII/ptolemy/actor/lib/test/auto/funcApplyInConst.xml (RunModel)" time="0.005" />
  <testcase classname="ptolemy.util.test.junit.AutoTests" name="[442] /home/travis/build/icyphy/ptII/ptolemy/actor/lib/test/auto/funcApplyInExpr.xml (RunModel)" time="0.004" />
  <testcase classname="ptolemy.util.test.junit.AutoTests" name="[443] /home/travis/build/icyphy/ptII/ptolemy/actor/lib/test/auto/function.xml (RunModel)" time="0.007" />
  <testcase classname="ptolemy.util.test.junit.AutoTests" name="[444] /home/travis/build/icyphy/ptII/ptolemy/actor/lib/test/auto/function2.xml (RunModel)" time="0.008" />
  <testcase classname="ptolemy.util.test.junit.AutoTests" name="[445] /home/travis/build/icyphy/ptII/ptolemy/actor/lib/test/auto/function3.xml (RunModel)" time="0.005" />
  <testcase classname="ptolemy.util.test.junit.AutoTests" name="[446] /home/travis/build/icyphy/ptII/ptolemy/actor/lib/test/auto/functionClosureTest1.xml (RunModel)" time="0.008" />
  <testcase classname="ptolemy.util.test.junit.AutoTests" name="[447] /home/travis/build/icyphy/ptII/ptolemy/actor/lib/test/auto/functionClosureTest2.xml (RunModel)" time="0.029" />
  <testcase classname="ptolemy.util.test.junit.AutoTests" name="[448] /home/travis/build/icyphy/ptII/ptolemy/actor/lib/test/auto/functionClosureTest3.xml (RunModel)" time="0.03" />
  <testcase classname="ptolemy.util.test.junit.AutoTests" name="[449] /home/travis/build/icyphy/ptII/ptolemy/actor/lib/test/auto/functionClosureTest4.xml (RunModel)" time="0.032" />
  <testcase classname="ptolemy.util.test.junit.AutoTests" name="[450] /home/travis/build/icyphy/ptII/ptolemy/actor/lib/test/auto/functionClosureTest5.xml (RunModel)" time="0.034" />
  <testcase classname="ptolemy.util.test.junit.AutoTests" name="[451] /home/travis/build/icyphy/ptII/ptolemy/actor/lib/test/auto/functionClosureTest6.xml (RunModel)" time="0.01" />
  <testcase classname="ptolemy.util.test.junit.AutoTests" name="[452] /home/travis/build/icyphy/ptII/ptolemy/actor/lib/test/auto/functionsOnArcs.xml (RunModel)" time="0.006" />
  <testcase classname="ptolemy.util.test.junit.AutoTests" name="[453] /home/travis/build/icyphy/ptII/ptolemy/actor/lib/test/auto/functionsOnArcsHOF.xml (RunModel)" time="0.011" />
  <testcase classname="ptolemy.util.test.junit.AutoTests" name="[454] /home/travis/build/icyphy/ptII/ptolemy/actor/lib/test/auto/logic.xml (RunModel)" time="0.016" />
  <testcase classname="ptolemy.util.test.junit.AutoTests" name="[455] /home/travis/build/icyphy/ptII/ptolemy/actor/lib/test/auto/matrixType.xml (RunModel)" time="0.006" />
  <testcase classname="ptolemy.util.test.junit.AutoTests" name="[456] /home/travis/build/icyphy/ptII/ptolemy/actor/lib/test/auto/matrixType10.xml (RunModel)" time="0.007" />
  <testcase classname="ptolemy.util.test.junit.AutoTests" name="[457] /home/travis/build/icyphy/ptII/ptolemy/actor/lib/test/auto/matrixType11.xml (RunModel)" time="0.006" />
  <testcase classname="ptolemy.util.test.junit.AutoTests" name="[458] /home/travis/build/icyphy/ptII/ptolemy/actor/lib/test/auto/matrixType12.xml (RunModel)" time="0.008" />
  <testcase classname="ptolemy.util.test.junit.AutoTests" name="[459] /home/travis/build/icyphy/ptII/ptolemy/actor/lib/test/auto/matrixType13.xml (RunModel)" time="0.006" />
  <testcase classname="ptolemy.util.test.junit.AutoTests" name="[460] /home/travis/build/icyphy/ptII/ptolemy/actor/lib/test/auto/matrixType14.xml (RunModel)" time="0.008" />
  <testcase classname="ptolemy.util.test.junit.AutoTests" name="[461] /home/travis/build/icyphy/ptII/ptolemy/actor/lib/test/auto/matrixType2.xml (RunModel)" time="0.006" />
  <testcase classname="ptolemy.util.test.junit.AutoTests" name="[462] /home/travis/build/icyphy/ptII/ptolemy/actor/lib/test/auto/matrixType3.xml (RunModel)" time="0.009" />
  <testcase classname="ptolemy.util.test.junit.AutoTests" name="[463] /home/travis/build/icyphy/ptII/ptolemy/actor/lib/test/auto/matrixType4.xml (RunModel)" time="0.006" />
  <testcase classname="ptolemy.util.test.junit.AutoTests" name="[464] /home/travis/build/icyphy/ptII/ptolemy/actor/lib/test/auto/matrixType5.xml (RunModel)" time="0.006" />
  <testcase classname="ptolemy.util.test.junit.AutoTests" name="[465] /home/travis/build/icyphy/ptII/ptolemy/actor/lib/test/auto/matrixType6.xml (RunModel)" time="0.006" />
  <testcase classname="ptolemy.util.test.junit.AutoTests" name="[466] /home/travis/build/icyphy/ptII/ptolemy/actor/lib/test/auto/matrixType7.xml (RunModel)" time="0.006" />
  <testcase classname="ptolemy.util.test.junit.AutoTests" name="[467] /home/travis/build/icyphy/ptII/ptolemy/actor/lib/test/auto/matrixType8.xml (RunModel)" time="0.006" />
  <testcase classname="ptolemy.util.test.junit.AutoTests" name="[468] /home/travis/build/icyphy/ptII/ptolemy/actor/lib/test/auto/matrixType9.xml (RunModel)" time="0.006" />
  <testcase classname="ptolemy.util.test.junit.AutoTests" name="[469] /home/travis/build/icyphy/ptII/ptolemy/actor/lib/test/auto/paraFunctest.xml (RunModel)" time="0.006" />
  <testcase classname="ptolemy.util.test.junit.AutoTests" name="[470] /home/travis/build/icyphy/ptII/ptolemy/actor/lib/test/auto/paraFunctest2.xml (RunModel)" time="0.009" />
  <testcase classname="ptolemy.util.test.junit.AutoTests" name="[471] /home/travis/build/icyphy/ptII/ptolemy/actor/lib/test/auto/parameterPassing.xml (RunModel)" time="0.005" />
  <testcase classname="ptolemy.util.test.junit.AutoTests" name="[472] /home/travis/build/icyphy/ptII/ptolemy/actor/lib/test/auto/record.xml (RunModel)" time="0.006" />
  <testcase classname="ptolemy.util.test.junit.AutoTests" name="[473] /home/travis/build/icyphy/ptII/ptolemy/actor/lib/test/auto/sizedarray1.xml (RunModel)" time="0.007" />
  <testcase classname="ptolemy.util.test.junit.AutoTests" name="[474] /home/travis/build/icyphy/ptII/ptolemy/actor/lib/test/auto/sizedarray2.xml (RunModel)" time="0.007" />
  <testcase classname="ptolemy.util.test.junit.AutoTests" name="[475] /home/travis/build/icyphy/ptII/ptolemy/actor/lib/test/auto/twoPublishers.xml (RunModel)" time="0.019" />
  <system-out><![CDATA[/home/travis/build/icyphy/ptII/ptolemy/actor/lib/test/AbsoluteValue.tcl
testDefs.tcl: setting time out to 9000 seconds at Sun Dec 29 06:29:29 UTC 2019
77 ms. Memory: 129024K Free: 94147K (73%)
4 ms. Memory: 129024K Free: 92609K (72%)
4 ms. Memory: 129024K Free: 91585K (71%)
4 ms. Memory: 129024K Free: 91075K (71%)
/home/travis/build/icyphy/ptII/ptolemy/actor/lib/test/AddSubtract.tcl
9 ms. Memory: 129024K Free: 89027K (69%)
5 ms. Memory: 129024K Free: 88003K (68%)
5 ms. Memory: 129024K Free: 87489K (68%)
7 ms. Memory: 129024K Free: 86450K (67%)
47 ms. Memory: 129024K Free: 83907K (65%)
5 ms. Memory: 129024K Free: 82883K (64%)
/home/travis/build/icyphy/ptII/ptolemy/actor/lib/test/Average.tcl
6 ms. Memory: 129024K Free: 81330K (63%)
6 ms. Memory: 129024K Free: 79811K (62%)
/home/travis/build/icyphy/ptII/ptolemy/actor/lib/test/Bernoulli.tcl
7 ms. Memory: 129024K Free: 78258K (61%)
2 ms. Memory: 129024K Free: 78258K (61%)
/home/travis/build/icyphy/ptII/ptolemy/actor/lib/test/Clock.tcl
preinitializing
resolving types
initializing
executing number 1
wrapping up
idle
35 ms. Memory: 129024K Free: 75201K (58%)
Completed execution with 5 iterations
preinitializing
resolving types
initializing
executing number 1
wrapping up
idle
14 ms. Memory: 129024K Free: 74691K (58%)
Completed execution with 5 iterations
preinitializing
resolving types
initializing
executing number 1
wrapping up
idle
3 ms. Memory: 129024K Free: 74177K (57%)
Completed execution with 5 iterations
/home/travis/build/icyphy/ptII/ptolemy/actor/lib/test/Commutator.tcl
5 ms. Memory: 129024K Free: 72129K (56%)
5 ms. Memory: 129024K Free: 71090K (55%)
17 ms. Memory: 129024K Free: 65475K (51%)
/home/travis/build/icyphy/ptII/ptolemy/actor/lib/test/Const.tcl
3 ms. Memory: 129024K Free: 63922K (50%)
5 ms. Memory: 129024K Free: 63427K (49%)
2 ms. Memory: 129024K Free: 62913K (49%)
2 ms. Memory: 129024K Free: 62403K (48%)
2 ms. Memory: 129024K Free: 61379K (48%)
17 ms. Memory: 129024K Free: 59841K (46%)
4 ms. Memory: 129024K Free: 58802K (46%)
8 ms. Memory: 129024K Free: 57793K (45%)
/home/travis/build/icyphy/ptII/ptolemy/actor/lib/test/CurrentTime.tcl
preinitializing
resolving types
initializing
executing number 1
wrapping up
idle
13 ms. Memory: 129024K Free: 56259K (44%)
Completed execution with 11 iterations
/home/travis/build/icyphy/ptII/ptolemy/actor/lib/test/DB.tcl
17 ms. Memory: 129024K Free: 54211K (42%)
2 ms. Memory: 129024K Free: 53697K (42%)
2 ms. Memory: 129024K Free: 53187K (41%)
/home/travis/build/icyphy/ptII/ptolemy/actor/lib/test/DiscreteRandomSource.tcl
preinitializing
resolving types
initializing
executing number 1
wrapping up
idle
4 ms. Memory: 129024K Free: 52163K (40%)
Completed execution with 4 iterations
preinitializing
resolving types
initializing
executing number 1
wrapping up
idle
2 ms. Memory: 129024K Free: 51642K (40%)
Completed execution with 4 iterations
preinitializing
resolving types
initializing
executing number 1
wrapping up
idle
8 ms. Memory: 129024K Free: 51139K (40%)
Completed execution with 4 iterations
preinitializing
resolving types
initializing
executing number 1
wrapping up
idle
2 ms. Memory: 129024K Free: 50610K (39%)
Completed execution with 4 iterations
preinitializing
resolving types
initializing
executing number 1
wrapping up
idle
3 ms. Memory: 129024K Free: 50115K (39%)
Completed execution with 4 iterations
/home/travis/build/icyphy/ptII/ptolemy/actor/lib/test/Distributor.tcl
35 ms. Memory: 129024K Free: 115146K (89%)
20 ms. Memory: 129024K Free: 114598K (89%)
StreamChangeRequest.changeExecuted(): <deleteEntity name="rec2"/> succeeded
StreamChangeRequest.changeExecuted(): <deleteRelation name="r2"/> succeeded
StreamChangeRequest.changeExecuted(): Record firings per iteration succeeded
4 ms. Memory: 129024K Free: 112104K (87%)
/home/travis/build/icyphy/ptII/ptolemy/actor/lib/test/Exit.tcl
Exit.tcl: this will print a message about Manager.exitAfterWrapup, which can be ignored.
7 ms. Memory: 129024K Free: 108985K (84%)
/home/travis/build/icyphy/ptII/ptolemy/actor/lib/test/Expression.tcl
19 ms. Memory: 129024K Free: 105516K (82%)
8 ms. Memory: 129024K Free: 104898K (81%)
5 ms. Memory: 129024K Free: 103882K (81%)
preinitializing
resolving types
initializing
executing number 1
wrapping up
idle
12 ms. Memory: 129024K Free: 102414K (79%)
Completed execution with 6 iterations
2 ms. Memory: 129024K Free: 101842K (79%)
1 ms. Memory: 129024K Free: 100809K (78%)
4 ms. Memory: 129024K Free: 99802K (77%)
3 ms. Memory: 129024K Free: 98340K (76%)
3 ms. Memory: 129024K Free: 97286K (75%)
/home/travis/build/icyphy/ptII/ptolemy/actor/lib/test/Gaussian.tcl
2 ms. Memory: 129024K Free: 95690K (74%)
sleeping 1 seconds: ...........................................................................................................................................................................................................................................................................................................................................................................................................................................................................................................................................................................................................................................................................................................................................................................................................................................................................................................................................................................................................................................................................................................................................................................................................................................................................................................................................................................................................................................................................................................................................................................................................................................................................................................................................................................................................................................................................................................................................................................................................................................................................................................................................................................................................................................................................................................................................................................................................................................................................................................................................................................................................................................................................................................................................................................................................................................................................................................................................................................................................................................................................................................................................................................................................................................................................................................................................................................................................................................................................................................................................................................................................................................................................................................................................................................................................................................................................................................................................................................................................................................................................................................................................................................................................................................................................................................................................................................................................................................................................................................................................................................................................................................................................................................................................................................................................................................................................................................................................................................................................................................................................................................................................................................................................................................................................................................................................................................................................................................................................................................................................................................................................................................................................................................................................................................................................................................................................................................................................................................................................................................................................................................................................................................................................................................................................................................................................................................................................................................................................................................................................................................................................................................................................................................................................................................................................................................................................................................................................................................................................................................................................................................................................................................................................................................................................................................................................................................................................................................................................................................................................................................................................................................................................................................................................................................................................................................................................................................................................................................................................................................................................................................................................................................................................................................................................................................................................................................................................................................................................................................................................................................................................................................................................................................................................................................................................................................................................................................................................................................................................................................................................................................................................................................................................................................................................................................................................................................................................................................................................................................................................................................................................................................................................................................................................................................................................................................................................................................................................................................................................................................................................................................................................................................................................................................................................................................................................................................................................................................................................................................................................................................................................................................................................................................................................................................................................................................................................................................................................................................................................................................................................................................................................................................................................................................................................................................................................................................................................................................................................................................................................................................................................................................................................................................................................................................................................................................................................................................................................................................................................................................................................................................................................................................................................................................................................................................................................................................................................................................................................................................................................................................................................................................................................................................................................................................................................................................................................................................................................................................................................................................................................................................................................................................................................................................................................................................................................................................................................................................................................................................................................................................................................................................................................................................................................................................................................................................................................................................................................................................................................................................................................................................................................................................................................................................................................................................................................................................................................................................................................................................................................................................................................................................................................................................................................................................................................................................................................................................................................................................................................................................................................................................................................................................................................................................................................................................................................................................................................................................................................................................................................................................................................................................................................................................................................................................................................................................................................................................................................................................................................................................................................................................................................................................................................................................................................................................................................................................................................................................................................................................................................................................................................................................................................................................................................................................................................................................................................................................................................................................................................................................................................................................................................................................................................................................................................................................................................................................................................................................................................................................................................................................................................................................................................................................................................................................................................................................................................................................................................................................................................................................................................................................................................................................................................................................................................................................................................................................................................................................................................................................................................................................................................................................................................................................................................................................................................................................................................................................................................................................................................................................................................................................................................................................................................................................................................................................................................................................................................................................................................................................................................................................................................................................................................................................................................................................................................................................................................................................................................................................................................................................................................................................................................................................................................................................................................................................................................................................................................................................................................................................................................................................................................................................................................................................................................................................................................................................................................................................................................................................................................................................................................................................................................................................................................................................................................................................................................................................................................................................................................................................................................................................................................................................................................................................................................................................................................................................................................................................................................................................................................................................................................................................................................................................................................................................................................................................................................................................................................................................................................................................................................................................................................................................................................................................................................................................................................................................................................................................................................................................................................................................................................................................................................................................................................................................................................................................................................................................................................................................................................................................................................................................................................................................................................................................................................................................................................................................................................................................................................................................................................................................................................................................................................................................................................................................................................................................................................................................................................................................................................................................................................................................................................................................................................................................................................................................................................................................................................................................................................................................................................................................................................................................................................................................................................................................................................................................................................................................................................................................................................................................................................................................................................................................................................................................................................................................................................................................................................................................................................................................................................................................................................................................................................................................................................................................................................................................................................................................................................................................................................................................................................................................................................................................................................................................................................................................................................................................................................................................................................................................................................................................................................................................................................................................................................................................................................................................................................................................................................................................................................................................................................................................................................................................................................................................................................................................................................................................................................................................................................................................................................................................................................................................................................................................................................................................................................................................................................................................................................................................................................................................................................................................................................................................................................................................................................................................................................................................................................................................................................................................................................................................................................................................................................................................................................................................................................................................................................................................................................................................................................................................................................................................................................................................................................................................................................................................................................................................................................................................................................................................................................................................................................................................................................................................................................................................................................................................................................................................................................................................................................................................................................................................................................................................................................................................................................................................................................................................................................................................................................................................................................................................................................................................................................................................................................................................................................................................................................................................................................................................................................................................................................................................................................................................................................................................................................................................................................................................................................................................................................................................................................................................................................................................................................................................................................................................................................................................................................................................................................................................................................................................................................................................................................................................................................................................................................................................................................................................................................................................................................................................................................................................................................................................................................................................................................................................................................................................................................................................................................................................................................................................................................................................................................................................................................................................................................................................................................................................................................................................................................................................................................................................................................................................................................................................................................................................................................................................................................................................................................................................................................................................................................................................................................................................................................................................................................................................................................................................................................................................................................................................................................................................................................................................................................................................................................................................................................................................................................................................................................................................................................................................................................................................................................................................................................................................................................................................................................................................................................................................................................................................................................................................................................................................................................................................................................................................................................................................................................................................................................................................................................................................................................................................................................................................................................................................................................................................................................................................................................................................................................................................................................................................................................................................................................................................................................................................................................................................................................................................................................................................................................................................................................................................................................................................................................................................................................................................................................................................................................................................................................................................................................................................................................................................................................................................................................................................................................................................................................................................................................................................................................................................................................................................................................................................................................................................................................................................................................................................................................................................................................................................................................................................................................................................................................................................................................................................................................................................................................................................................................................................................................................................................................................................................................................................................................................................................................................................................................................................................................................................................................................................................................................................................................................................................................................................................................................................................................................................................................................................................................................................................................................................................................................................................................................................................................................................................................................................................................................................................................................................................................................................................................................................................................................................................................................................................................................................................................................................................................................................................................................................................................................................................................................................................................................................................................................................................................................................................................................................................................................................................................................................................................................................................................................................................................................................................................................................................................................................................................................................................................................................................................................................................................................................................................................................................................................................................................................................................................................................................................................................................................................................................................................................................................................................................................................................................................................................................................................................................................................................................................................................................................................................................................................................................................................................................................................................................................................................................................................................................................................................................................................................................................................................................................................................................................................................................................................................................................................................................................................................................................................................................................................................................................................................................................2 ms. Memory: 129024K Free: 71719K (56%)
2 ms. Memory: 129024K Free: 71209K (55%)
2 ms. Memory: 129024K Free: 70681K (55%)
1 ms. Memory: 129024K Free: 69657K (54%)
1 ms. Memory: 129024K Free: 69161K (54%)
/home/travis/build/icyphy/ptII/ptolemy/actor/lib/test/IIR.tcl
/home/travis/build/icyphy/ptII/ptolemy/actor/lib/test/Interpolator.tcl
3 ms. Memory: 129024K Free: 65569K (51%)
1 ms. Memory: 129024K Free: 64551K (50%)
2 ms. Memory: 129024K Free: 64041K (50%)
2 ms. Memory: 129024K Free: 63527K (49%)
2 ms. Memory: 129024K Free: 63017K (49%)
6 ms. Memory: 129024K Free: 61993K (48%)
9 ms. Memory: 129024K Free: 60969K (47%)
1 ms. Memory: 129024K Free: 59945K (46%)
2 ms. Memory: 129024K Free: 59417K (46%)
2 ms. Memory: 129024K Free: 58393K (45%)
/home/travis/build/icyphy/ptII/ptolemy/actor/lib/test/MathFunction.tcl
4 ms. Memory: 129024K Free: 56345K (44%)
2 ms. Memory: 129024K Free: 55321K (43%)
1 ms. Memory: 129024K Free: 54281K (42%)
2 ms. Memory: 129024K Free: 53273K (41%)
6 ms. Memory: 129024K Free: 114173K (88%)
5 ms. Memory: 129024K Free: 112240K (87%)
/home/travis/build/icyphy/ptII/ptolemy/actor/lib/test/Maximum.tcl
2 ms. Memory: 129024K Free: 110206K (85%)
1 ms. Memory: 129024K Free: 109696K (85%)
2 ms. Memory: 129024K Free: 108672K (84%)
2 ms. Memory: 129024K Free: 108158K (84%)
/home/travis/build/icyphy/ptII/ptolemy/actor/lib/test/Minimum.tcl
3 ms. Memory: 129024K Free: 106624K (83%)
2 ms. Memory: 129024K Free: 105600K (82%)
2 ms. Memory: 129024K Free: 105086K (81%)
2 ms. Memory: 129024K Free: 104576K (81%)
/home/travis/build/icyphy/ptII/ptolemy/actor/lib/test/MultiplyDivide.tcl
4 ms. Memory: 129024K Free: 102528K (79%)
2 ms. Memory: 129024K Free: 101984K (79%)
2 ms. Memory: 129024K Free: 100990K (78%)
2 ms. Memory: 129024K Free: 100480K (78%)
6 ms. Memory: 129024K Free: 99936K (77%)
/home/travis/build/icyphy/ptII/ptolemy/actor/lib/test/OrderedMerge.tcl
Connections changed on port: inputA
Connections changed on port: inputB
Connections changed on port: output
Connections changed on port: output
Connections changed on port: output
Connections changed on port: input
.top. Preinitializing ...
Invoking preinitialize():  .top.OrderedMerge
Called preinitialize()
Invoking preinitialize():  .top.Ramp
Called preinitialize()
Invoking preinitialize():  .top.Ramp2
Called preinitialize()
Invoking preinitialize():  .top.Test
Called preinitialize()
Connections changed on port: inputA
Connections changed on port: output
Connections changed on port: output
Connections changed on port: input
Connections changed on port: inputB
Connections changed on port: output
.top. Finished preinitialize().
Called initialize().
Invoking initialize():  .top.OrderedMerge
Initializing actor: .top.OrderedMerge
Adding a thread: .top.OrderedMerge
Invoking initialize():  .top.Ramp
Initializing actor: .top.Ramp
Adding a thread: .top.Ramp
Invoking initialize():  .top.Ramp2
Initializing actor: .top.Ramp2
Adding a thread: .top.Ramp2
Invoking initialize():  .top.Test
Initializing actor: .top.Test
Adding a thread: .top.Test
Called fire().
Checking for deadlock:
-- Starting thread.
Called initialize()
Called prefire()
Called fire()
-- Starting thread.
Called initialize()
-- Starting thread.
Called initialize()
Called prefire()
Called prefire()
Called fire()
Called fire()
-- Starting thread.
Called initialize()
Called prefire()
Called fire()
There are 0 Blocked actors, 0 Stopped actors, and 4 active threads.
Waiting for actors to stop.
Called postfire()
Called prefire()
Called fire()
Called postfire()
Called prefire()
Called fire()
Read input token from inputA with value 0.0
Next port to read input from is inputB
Called postfire()
Called prefire()
Called fire()
Read input token from inputB with value 0.0
Sent output token with value 0.0
Next port to read input from is inputA
Called postfire()
Called prefire()
Called fire()
Checking for deadlock:
There are 1 Blocked actors, 0 Stopped actors, and 4 active threads.
Waiting for actors to stop.
Called postfire()
Called prefire()
Called fire()
Called postfire()
Called prefire()
Called fire()
-- Read input: 0.0, which is expected to match: 0.0
Called prefire()
Called fire()
Checking for deadlock:
There are 3 Blocked actors, 0 Stopped actors, and 4 active threads.
Waiting for actors to stop.
Read input token from inputA with value 1.0
Sent output token with value 0.0
Next port to read input from is inputB
Called postfire()
Called prefire()
Called fire()
Read input token from inputB with value 1.5
Checking for deadlock:
There are 1 Blocked actors, 0 Stopped actors, and 4 active threads.
Waiting for actors to stop.
Called postfire()
Called prefire()
Called fire()
Called postfire()
Called prefire()
Called fire()
-- Read input: 0.0, which is expected to match: 0.0
Called prefire()
Called fire()
Checking for deadlock:
There are 3 Blocked actors, 0 Stopped actors, and 4 active threads.
Waiting for actors to stop.
-- Read input: 1.0, which is expected to match: 1.0
Called prefire()
Called fire()
Sent output token with value 1.0
Next port to read input from is inputA
Called postfire()
Called prefire()
Called fire()
Read input token from inputA with value 2.0
Sent output token with value 1.5
Checking for deadlock:
There are 1 Blocked actors, 0 Stopped actors, and 4 active threads.
Waiting for actors to stop.
Called postfire()
Called prefire()
Called fire()
-- Read input: 1.5, which is expected to match: 1.5
Called prefire()
Called fire()
Checking for deadlock:
There are 3 Blocked actors, 0 Stopped actors, and 4 active threads.
Waiting for actors to stop.
Next port to read input from is inputB
Called postfire()
Called prefire()
Called fire()
Checking for deadlock:
There are 2 Blocked actors, 0 Stopped actors, and 4 active threads.
Waiting for actors to stop.
Called postfire()
Called prefire()
Called fire()
Checking for deadlock:
There are 3 Blocked actors, 0 Stopped actors, and 4 active threads.
Waiting for actors to stop.
Read input token from inputB with value 3.0
Checking for deadlock:
There are 2 Blocked actors, 0 Stopped actors, and 4 active threads.
Waiting for actors to stop.
-- Read input: 2.0, which is expected to match: 2.0
Called prefire()
Called fire()
Checking for deadlock:
There are 3 Blocked actors, 0 Stopped actors, and 4 active threads.
Waiting for actors to stop.
Sent output token with value 2.0
Next port to read input from is inputA
Called postfire()
Called prefire()
Called fire()
Checking for deadlock:
There are 2 Blocked actors, 0 Stopped actors, and 4 active threads.
Waiting for actors to stop.
Called postfire()
Called prefire()
Called fire()
Checking for deadlock:
There are 3 Blocked actors, 0 Stopped actors, and 4 active threads.
Waiting for actors to stop.
Read input token from inputA with value 3.0
-- Read input: 3.0, which is expected to match: 3.0
Called prefire()
Called fire()
Checking for deadlock:
There are 3 Blocked actors, 0 Stopped actors, and 4 active threads.
Waiting for actors to stop.
Sent output token with value 3.0
Next port to read input from is inputB
Called postfire()
Called prefire()
Called fire()
Called postfire()
Called prefire()
Called fire()
Checking for deadlock:
There are 3 Blocked actors, 0 Stopped actors, and 4 active threads.
Waiting for actors to stop.
Read input token from inputB with value 4.5
-- Read input: 3.0, which is expected to match: 3.0
Called prefire()
Called fire()
Checking for deadlock:
There are 3 Blocked actors, 0 Stopped actors, and 4 active threads.
Waiting for actors to stop.
Sent output token with value 3.0
Next port to read input from is inputA
Called postfire()
Called prefire()
Called fire()
Checking for deadlock:
There are 2 Blocked actors, 0 Stopped actors, and 4 active threads.
Waiting for actors to stop.
Called postfire()
Called prefire()
Called fire()
Checking for deadlock:
There are 3 Blocked actors, 0 Stopped actors, and 4 active threads.
Waiting for actors to stop.
Read input token from inputA with value 4.0
Checking for deadlock:
There are 2 Blocked actors, 0 Stopped actors, and 4 active threads.
Waiting for actors to stop.
-- Read input: 4.0, which is expected to match: 4.0
Called prefire()
Called fire()
Past the end of training data. Read and discard all inputs.
Checking for deadlock:
There are 3 Blocked actors, 0 Stopped actors, and 4 active threads.
Waiting for actors to stop.
Sent output token with value 4.0
Next port to read input from is inputA
Called postfire()
Called prefire()
Called fire()
Checking for deadlock:
There are 2 Blocked actors, 0 Stopped actors, and 4 active threads.
Waiting for actors to stop.
Called postfire()
Called prefire()
Called fire()
Checking for deadlock:
There are 3 Blocked actors, 0 Stopped actors, and 4 active threads.
Waiting for actors to stop.
Read input token from inputA with value 5.0
Checking for deadlock:
There are 2 Blocked actors, 0 Stopped actors, and 4 active threads.
Waiting for actors to stop.
Called prefire()
Called fire()
Past the end of training data. Read and discard all inputs.
Checking for deadlock:
There are 3 Blocked actors, 0 Stopped actors, and 4 active threads.
Waiting for actors to stop.
Sent output token with value 4.5
Next port to read input from is inputB
Called postfire()
Called prefire()
Called fire()
Called postfire()
Called prefire()
Called fire()
Checking for deadlock:
There are 3 Blocked actors, 0 Stopped actors, and 4 active threads.
Waiting for actors to stop.
Read input token from inputB with value 6.0
Called prefire()
Called fire()
Past the end of training data. Read and discard all inputs.
Checking for deadlock:
There are 3 Blocked actors, 0 Stopped actors, and 4 active threads.
Waiting for actors to stop.
Sent output token with value 5.0
Next port to read input from is inputA
Called postfire()
Called prefire()
Called fire()
Checking for deadlock:
There are 2 Blocked actors, 0 Stopped actors, and 4 active threads.
Waiting for actors to stop.
Called postfire()
Called prefire()
Called fire()
Checking for deadlock:
There are 3 Blocked actors, 0 Stopped actors, and 4 active threads.
Waiting for actors to stop.
Read input token from inputA with value 6.0
Checking for deadlock:
There are 2 Blocked actors, 0 Stopped actors, and 4 active threads.
Waiting for actors to stop.
Called prefire()
Called fire()
Past the end of training data. Read and discard all inputs.
Checking for deadlock:
There are 3 Blocked actors, 0 Stopped actors, and 4 active threads.
Waiting for actors to stop.
Sent output token with value 6.0
Next port to read input from is inputB
Called postfire()
Called prefire()
Called fire()
Called postfire()
Called prefire()
Called fire()
Checking for deadlock:
There are 3 Blocked actors, 0 Stopped actors, and 4 active threads.
Waiting for actors to stop.
Read input token from inputB with value 7.5
Called prefire()
Called fire()
Past the end of training data. Read and discard all inputs.
Checking for deadlock:
There are 3 Blocked actors, 0 Stopped actors, and 4 active threads.
Waiting for actors to stop.
Sent output token with value 6.0
Next port to read input from is inputA
Called postfire()
Called prefire()
Called fire()
Checking for deadlock:
There are 2 Blocked actors, 0 Stopped actors, and 4 active threads.
Waiting for actors to stop.
Called postfire()
Called prefire()
Called fire()
Checking for deadlock:
There are 3 Blocked actors, 0 Stopped actors, and 4 active threads.
Waiting for actors to stop.
Read input token from inputA with value 7.0
Checking for deadlock:
There are 2 Blocked actors, 0 Stopped actors, and 4 active threads.
Waiting for actors to stop.
Called prefire()
Called fire()
Past the end of training data. Read and discard all inputs.
Checking for deadlock:
There are 3 Blocked actors, 0 Stopped actors, and 4 active threads.
Waiting for actors to stop.
Sent output token with value 7.0
Next port to read input from is inputA
Called postfire()
Called prefire()
Called fire()
Checking for deadlock:
There are 2 Blocked actors, 0 Stopped actors, and 4 active threads.
Waiting for actors to stop.
-- Thread wrapup() called.
Called wrapup()
Thread .top.Ramp is exiting.
-- Thread stopped.
Checking for deadlock:
There are 2 Blocked actors, 0 Stopped actors, and 3 active threads.
Waiting for actors to stop.
Read input token from inputA with value 8.0
Called prefire()
Called fire()
Past the end of training data. Read and discard all inputs.
Checking for deadlock:
There are 2 Blocked actors, 0 Stopped actors, and 3 active threads.
Waiting for actors to stop.
Sent output token with value 7.5
Next port to read input from is inputB
Called postfire()
Called prefire()
Called fire()
Checking for deadlock:
There are 1 Blocked actors, 0 Stopped actors, and 3 active threads.
Waiting for actors to stop.
Called postfire()
Called prefire()
Called fire()
Checking for deadlock:
There are 2 Blocked actors, 0 Stopped actors, and 3 active threads.
Waiting for actors to stop.
Read input token from inputB with value 9.0
Checking for deadlock:
There are 1 Blocked actors, 0 Stopped actors, and 3 active threads.
Waiting for actors to stop.
Called prefire()
Called fire()
Past the end of training data. Read and discard all inputs.
Checking for deadlock:
There are 2 Blocked actors, 0 Stopped actors, and 3 active threads.
Waiting for actors to stop.
Sent output token with value 8.0
Next port to read input from is inputA
Called postfire()
Called prefire()
Called fire()
Read input token from inputA with value 9.0
Called prefire()
Called fire()
Past the end of training data. Read and discard all inputs.
Checking for deadlock:
There are 2 Blocked actors, 0 Stopped actors, and 3 active threads.
Waiting for actors to stop.
Sent output token with value 9.0
Next port to read input from is inputB
Called postfire()
Called prefire()
Called fire()
Called postfire()
Called prefire()
Called fire()
Checking for deadlock:
There are 2 Blocked actors, 0 Stopped actors, and 3 active threads.
Waiting for actors to stop.
Read input token from inputB with value 10.5
Called prefire()
Called fire()
Past the end of training data. Read and discard all inputs.
Checking for deadlock:
There are 2 Blocked actors, 0 Stopped actors, and 3 active threads.
Waiting for actors to stop.
Sent output token with value 9.0
Next port to read input from is inputA
Called postfire()
Called prefire()
Called fire()
Checking for deadlock:
There are 3 Blocked actors, 0 Stopped actors, and 3 active threads.
Actors have stopped.
Checking for deadlock:
There are 3 Blocked actors, 0 Stopped actors, and 3 active threads.
Deadlock detected.
Resolving Deadlock
Checking for deadlock:
There are 3 Blocked actors, 0 Stopped actors, and 3 active threads.
Artificial Deadlock - increasing queue capacity.
increasing the capacity of receiver ptolemy.actor.TypedIOPort {.top.OrderedMerge.inputB} to 2
-- Thread wrapup() called.
Called wrapup()
Thread .top.Ramp2 is exiting.
-- Thread stopped.
Director: Called postfire().
Called postfire().
_stopRequested = false
_stopFireRequested = false
Returning from postfire(): true
Called fire().
Checking for deadlock:
There are 2 Blocked actors, 0 Stopped actors, and 2 active threads.
Actors have stopped.
Checking for deadlock:
There are 2 Blocked actors, 0 Stopped actors, and 2 active threads.
Deadlock detected.
Resolving Deadlock
Checking for deadlock:
There are 2 Blocked actors, 0 Stopped actors, and 2 active threads.
Deadlock detected: no processes blocked on write, but some are blocked on read.
Called postfire().
_stopRequested = false
_stopFireRequested = false
Returning from postfire(): false
Finished deactivating branches.
Called wrapup().
-- Thread wrapup() called.
Called wrapup()
Thread .top.Test is exiting.
-- Thread stopped.
-- Blocked Receiver call threw TerminateProcessException.
-- Thread wrapup() called.
Called wrapup()
Thread .top.OrderedMerge is exiting.
-- Thread stopped.
-- Blocked Receiver call threw TerminateProcessException.
73 ms. Memory: 129024K Free: 94846K (74%)
.top. Preinitializing ...
Invoking preinitialize():  .top.OrderedMerge
Called preinitialize()
Invoking preinitialize():  .top.Ramp
Called preinitialize()
Invoking preinitialize():  .top.Ramp2
Called preinitialize()
Invoking preinitialize():  .top.Test
Called preinitialize()
.top. Finished preinitialize().
Called initialize().
Invoking initialize():  .top.OrderedMerge
Initializing actor: .top.OrderedMerge
Adding a thread: .top.OrderedMerge
Invoking initialize():  .top.Ramp
Initializing actor: .top.Ramp
Adding a thread: .top.Ramp
Invoking initialize():  .top.Ramp2
Initializing actor: .top.Ramp2
Adding a thread: .top.Ramp2
Invoking initialize():  .top.Test
Initializing actor: .top.Test
Adding a thread: .top.Test
-- Starting thread.
Called initialize()
Called prefire()
Called fire()
-- Starting thread.
Called initialize()
Called prefire()
Called fire()
Called postfire()
Called prefire()
Called fire()
-- Starting thread.
Called initialize()
Called prefire()
Called fire()
Called postfire()
Called prefire()
Called fire()
Called fire().
Checking for deadlock:
There are 3 Blocked actors, 0 Stopped actors, and 4 active threads.
Waiting for actors to stop.
-- Starting thread.
Called initialize()
Called prefire()
Called fire()
Checking for deadlock:
There are 2 Blocked actors, 0 Stopped actors, and 4 active threads.
Waiting for actors to stop.
Read input token from inputA with value 0.0
Next port to read input from is inputB
Called postfire()
Called prefire()
Called fire()
Checking for deadlock:
There are 1 Blocked actors, 0 Stopped actors, and 4 active threads.
Waiting for actors to stop.
Called postfire()
Called prefire()
Called fire()
Checking for deadlock:
There are 2 Blocked actors, 0 Stopped actors, and 4 active threads.
Waiting for actors to stop.
Read input token from inputB with value 0.0
-- Read input: 0.0, which is expected to match: 0.0
Called prefire()
Called fire()
Checking for deadlock:
There are 2 Blocked actors, 0 Stopped actors, and 4 active threads.
Waiting for actors to stop.
Sent output token with value 0.0
Next port to read input from is inputA
Called postfire()
Called prefire()
Called fire()
Called postfire()
Called prefire()
Called fire()
Read input token from inputA with value 1.0
-- Read input: 0.0, which is expected to match: 0.0
Called prefire()
Called fire()
Checking for deadlock:
There are 2 Blocked actors, 0 Stopped actors, and 4 active threads.
Waiting for actors to stop.
Sent output token with value 0.0
Called postfire()
Called prefire()
Next port to read input from is inputB
Called postfire()
Called fire()
Called prefire()
Called fire()
Checking for deadlock:
There are 3 Blocked actors, 0 Stopped actors, and 4 active threads.
Waiting for actors to stop.
Called postfire()
Called prefire()
Called fire()
Checking for deadlock:
There are 3 Blocked actors, 0 Stopped actors, and 4 active threads.
Waiting for actors to stop.
Read input token from inputB with value 1.5
-- Read input: 1.0, which is expected to match: 1.0
Called prefire()
Called fire()
Checking for deadlock:
There are 3 Blocked actors, 0 Stopped actors, and 4 active threads.
Waiting for actors to stop.
Sent output token with value 1.0
Next port to read input from is inputA
Called postfire()
Called prefire()
Called fire()
Checking for deadlock:
There are 2 Blocked actors, 0 Stopped actors, and 4 active threads.
Waiting for actors to stop.
Read input token from inputA with value 2.0
-- Read input: 1.5, which is expected to match: 1.5
Called prefire()
Called fire()
Checking for deadlock:
There are 2 Blocked actors, 0 Stopped actors, and 4 active threads.
Waiting for actors to stop.
Sent output token with value 1.5
Next port to read input from is inputB
Called postfire()
Called prefire()
Called fire()
Called postfire()
Called prefire()
Called fire()
Checking for deadlock:
There are 2 Blocked actors, 0 Stopped actors, and 4 active threads.
Waiting for actors to stop.
Read input token from inputB with value 3.0
-- Read input: 2.0, which is expected to match: 2.0
Called prefire()
Called fire()
Checking for deadlock:
There are 2 Blocked actors, 0 Stopped actors, and 4 active threads.
Waiting for actors to stop.
Sent output token with value 2.0
Next port to read input from is inputA
Called postfire()
Called prefire()
Called fire()
Checking for deadlock:
There are 3 Blocked actors, 0 Stopped actors, and 4 active threads.
Waiting for actors to stop.
Called postfire()
Called prefire()
Called fire()
Checking for deadlock:
There are 2 Blocked actors, 0 Stopped actors, and 4 active threads.
Waiting for actors to stop.
Checking for deadlock:
There are 3 Blocked actors, 0 Stopped actors, and 4 active threads.
Waiting for actors to stop.
Called postfire()
Called prefire()
Called fire()
Checking for deadlock:
There are 3 Blocked actors, 0 Stopped actors, and 4 active threads.
Waiting for actors to stop.
Read input token from inputA with value 3.0
Checking for deadlock:
There are 2 Blocked actors, 0 Stopped actors, and 4 active threads.
Waiting for actors to stop.
-- Read input: 3.0, which is expected to match: 3.0
Called prefire()
Called fire()
Sent output token with value 3.0
Checking for deadlock:
There are 3 Blocked actors, 0 Stopped actors, and 4 active threads.
Waiting for actors to stop.
Next port to read input from is inputB
Called postfire()
Called prefire()
Called fire()
Called postfire()
Called prefire()
Called fire()
Checking for deadlock:
There are 3 Blocked actors, 0 Stopped actors, and 4 active threads.
Waiting for actors to stop.
Read input token from inputB with value 4.5
Sent output token with value 3.0
Next port to read input from is inputA
Called postfire()
Called prefire()
Called fire()
Read input token from inputA with value 4.0
Checking for deadlock:
There are 2 Blocked actors, 0 Stopped actors, and 4 active threads.
Waiting for actors to stop.
Called postfire()
Called prefire()
Called fire()
-- Read input: 3.0, which is expected to match: 3.0
Called prefire()
Called fire()
Sent output token with value 4.0
Next port to read input from is inputA
Called postfire()
Called prefire()
Called fire()
Read input token from inputA with value 5.0
Called postfire()
Checking for deadlock:
Called prefire()
Called fire()
There are 2 Blocked actors, 0 Stopped actors, and 4 active threads.
Waiting for actors to stop.
-- Read input: 4.0, which is expected to match: 4.0
Called prefire()
Called fire()
Past the end of training data. Read and discard all inputs.
Checking for deadlock:
There are 3 Blocked actors, 0 Stopped actors, and 4 active threads.
Waiting for actors to stop.
Called prefire()
Called fire()
Past the end of training data. Read and discard all inputs.
Checking for deadlock:
There are 3 Blocked actors, 0 Stopped actors, and 4 active threads.
Waiting for actors to stop.
Sent output token with value 4.5
Next port to read input from is inputB
Called postfire()
Called prefire()
Called fire()
Checking for deadlock:
There are 2 Blocked actors, 0 Stopped actors, and 4 active threads.
Waiting for actors to stop.
Called postfire()
Called prefire()
Called fire()
Checking for deadlock:
There are 3 Blocked actors, 0 Stopped actors, and 4 active threads.
Waiting for actors to stop.
Read input token from inputB with value 6.0
Sent output token with value 5.0
Next port to read input from is inputA
Called postfire()
Called prefire()
Called fire()
Read input token from inputA with value 6.0
Called postfire()
Called prefire()
Checking for deadlock:
Called fire()
There are 2 Blocked actors, 0 Stopped actors, and 4 active threads.
Waiting for actors to stop.
Called prefire()
Called fire()
Past the end of training data. Read and discard all inputs.
Checking for deadlock:
There are 3 Blocked actors, 0 Stopped actors, and 4 active threads.
Waiting for actors to stop.
Checking for deadlock:
There are 2 Blocked actors, 0 Stopped actors, and 4 active threads.
Waiting for actors to stop.
Called prefire()
Called fire()
Past the end of training data. Read and discard all inputs.
Checking for deadlock:
There are 3 Blocked actors, 0 Stopped actors, and 4 active threads.
Waiting for actors to stop.
Sent output token with value 6.0
Next port to read input from is inputB
Called postfire()
Called prefire()
Called fire()
Checking for deadlock:
There are 2 Blocked actors, 0 Stopped actors, and 4 active threads.
Waiting for actors to stop.
Called postfire()
Called prefire()
Called fire()
Read input token from inputB with value 7.5
Checking for deadlock:
There are 3 Blocked actors, 0 Stopped actors, and 4 active threads.
Waiting for actors to stop.
Checking for deadlock:
There are 2 Blocked actors, 0 Stopped actors, and 4 active threads.
Waiting for actors to stop.
Called prefire()
Called fire()
Past the end of training data. Read and discard all inputs.
Checking for deadlock:
There are 3 Blocked actors, 0 Stopped actors, and 4 active threads.
Waiting for actors to stop.
Sent output token with value 6.0
Next port to read input from is inputA
Called postfire()
Called prefire()
Called fire()
Checking for deadlock:
There are 2 Blocked actors, 0 Stopped actors, and 4 active threads.
Waiting for actors to stop.
Called postfire()
Called prefire()
Called fire()
Checking for deadlock:
There are 3 Blocked actors, 0 Stopped actors, and 4 active threads.
Waiting for actors to stop.
Read input token from inputA with value 7.0
Checking for deadlock:
There are 2 Blocked actors, 0 Stopped actors, and 4 active threads.
Waiting for actors to stop.
Called prefire()
Called fire()
Past the end of training data. Read and discard all inputs.
Checking for deadlock:
There are 3 Blocked actors, 0 Stopped actors, and 4 active threads.
Waiting for actors to stop.
Sent output token with value 7.0
Next port to read input from is inputA
Called postfire()
Called prefire()
Called fire()
Checking for deadlock:
There are 2 Blocked actors, 0 Stopped actors, and 4 active threads.
Waiting for actors to stop.
-- Thread wrapup() called.
Called wrapup()
Thread .top.Ramp is exiting.
-- Thread stopped.
Checking for deadlock:
There are 2 Blocked actors, 0 Stopped actors, and 3 active threads.
Waiting for actors to stop.
Read input token from inputA with value 8.0
Called prefire()
Called fire()
Past the end of training data. Read and discard all inputs.
Checking for deadlock:
There are 2 Blocked actors, 0 Stopped actors, and 3 active threads.
Waiting for actors to stop.
Sent output token with value 7.5
Next port to read input from is inputB
Called postfire()
Called prefire()
Called fire()
Checking for deadlock:
There are 1 Blocked actors, 0 Stopped actors, and 3 active threads.
Waiting for actors to stop.
Called postfire()
Called prefire()
Called fire()
Read input token from inputB with value 9.0
Checking for deadlock:
There are 2 Blocked actors, 0 Stopped actors, and 3 active threads.
Waiting for actors to stop.
Checking for deadlock:
There are 1 Blocked actors, 0 Stopped actors, and 3 active threads.
Waiting for actors to stop.
Called prefire()
Called fire()
Past the end of training data. Read and discard all inputs.
Checking for deadlock:
There are 2 Blocked actors, 0 Stopped actors, and 3 active threads.
Waiting for actors to stop.
Sent output token with value 8.0
Next port to read input from is inputA
Called postfire()
Called prefire()
Called fire()
Read input token from inputA with value 9.0
Called prefire()
Called fire()
Past the end of training data. Read and discard all inputs.
Checking for deadlock:
There are 2 Blocked actors, 0 Stopped actors, and 3 active threads.
Waiting for actors to stop.
Sent output token with value 9.0
Next port to read input from is inputB
Called postfire()
Called prefire()
Called fire()
Checking for deadlock:
There are 1 Blocked actors, 0 Stopped actors, and 3 active threads.
Waiting for actors to stop.
Called postfire()
Called prefire()
Read input token from inputB with value 10.5
Called fire()
Called prefire()
Called fire()
Past the end of training data. Read and discard all inputs.
Checking for deadlock:
There are 2 Blocked actors, 0 Stopped actors, and 3 active threads.
Waiting for actors to stop.
Sent output token with value 9.0
Next port to read input from is inputA
Called postfire()
Called prefire()
Called fire()
Checking for deadlock:
There are 3 Blocked actors, 0 Stopped actors, and 3 active threads.
Actors have stopped.
Checking for deadlock:
There are 3 Blocked actors, 0 Stopped actors, and 3 active threads.
Deadlock detected.
Resolving Deadlock
Checking for deadlock:
There are 3 Blocked actors, 0 Stopped actors, and 3 active threads.
Artificial Deadlock - increasing queue capacity.
increasing the capacity of receiver ptolemy.actor.TypedIOPort {.top.OrderedMerge.inputB} to 2
Director: Called postfire().
Called postfire().
_stopRequested = false
_stopFireRequested = false
Returning from postfire(): true
Called fire().
Checking for deadlock:
There are 2 Blocked actors, 0 Stopped actors, and 3 active threads.
Waiting for actors to stop.
-- Thread wrapup() called.
Called wrapup()
Thread .top.Ramp2 is exiting.
-- Thread stopped.
Checking for deadlock:
There are 2 Blocked actors, 0 Stopped actors, and 2 active threads.
Actors have stopped.
Checking for deadlock:
There are 2 Blocked actors, 0 Stopped actors, and 2 active threads.
Deadlock detected.
Resolving Deadlock
Checking for deadlock:
There are 2 Blocked actors, 0 Stopped actors, and 2 active threads.
Deadlock detected: no processes blocked on write, but some are blocked on read.
Called postfire().
_stopRequested = false
_stopFireRequested = false
Returning from postfire(): false
Finished deactivating branches.
Called wrapup().
-- Thread wrapup() called.
Called wrapup()
Thread .top.OrderedMerge is exiting.
-- Thread stopped.
-- Blocked Receiver call threw TerminateProcessException.
-- Thread wrapup() called.
Called wrapup()
Thread .top.Test is exiting.
-- Thread stopped.
-- Blocked Receiver call threw TerminateProcessException.
32 ms. Memory: 129024K Free: 92288K (72%)
/home/travis/build/icyphy/ptII/ptolemy/actor/lib/test/Publisher.tcl
11 ms. Memory: 129024K Free: 86144K (67%)
7 ms. Memory: 129024K Free: 81024K (63%)
6 ms. Memory: 129024K Free: 76928K (60%)
5 ms. Memory: 129024K Free: 76414K (59%)
3 ms. Memory: 129024K Free: 75384K (58%)
16 ms. Memory: 129024K Free: 113516K (88%)
2 ms. Memory: 129024K Free: 113004K (88%)
3 ms. Memory: 129024K Free: 111980K (87%)
16 ms. Memory: 129024K Free: 102250K (79%)
2 ms. Memory: 129024K Free: 98154K (76%)
1 ms. Memory: 129024K Free: 97644K (76%)
3 ms. Memory: 129024K Free: 95596K (74%)
13 ms. Memory: 129024K Free: 87914K (68%)
13 ms. Memory: 129024K Free: 78188K (61%)
13 ms. Memory: 129024K Free: 66924K (52%)
/home/travis/build/icyphy/ptII/ptolemy/actor/lib/test/Pulse.tcl
5 ms. Memory: 155648K Free: 123146K (79%)
8 ms. Memory: 155648K Free: 122617K (79%)
2 ms. Memory: 155648K Free: 122122K (78%)
1 ms. Memory: 155648K Free: 121577K (78%)
1 ms. Memory: 155648K Free: 121098K (78%)
6 ms. Memory: 155648K Free: 120074K (77%)
8 ms. Memory: 155648K Free: 119050K (76%)
5 ms. Memory: 155648K Free: 118026K (76%)
2 ms. Memory: 155648K Free: 117481K (75%)
/home/travis/build/icyphy/ptII/ptolemy/actor/lib/test/Ramp.tcl
4 ms. Memory: 155648K Free: 115464K (74%)
3 ms. Memory: 155648K Free: 114954K (74%)
4 ms. Memory: 155648K Free: 113930K (73%)
2 ms. Memory: 155648K Free: 113401K (73%)
4 ms. Memory: 155648K Free: 112377K (72%)
6 ms. Memory: 155648K Free: 111368K (72%)
4 ms. Memory: 155648K Free: 110858K (71%)
5 actors
5000 microseconds per iteration to create
9 ms. Memory: 155648K Free: 107786K (69%)
2 ms. Memory: 155648K Free: 107272K (69%)
2 ms. Memory: 155648K Free: 106762K (69%)
2 ms. Memory: 155648K Free: 106241K (68%)
50 actors
44000 microseconds per iteration to create
33 ms. Memory: 155648K Free: 90378K (58%)
11 ms. Memory: 155648K Free: 89354K (57%)
4 ms. Memory: 155648K Free: 88330K (57%)
12 ms. Memory: 155648K Free: 87306K (56%)
500 actors
1242000 microseconds per iteration to create
234 ms. Memory: 155648K Free: 88894K (57%)
49 ms. Memory: 155648K Free: 83260K (53%)
30 ms. Memory: 155648K Free: 78140K (50%)
29 ms. Memory: 155648K Free: 73020K (47%)
/home/travis/build/icyphy/ptII/ptolemy/actor/lib/test/RampContinuous.tcl
6 ms. Memory: 155648K Free: 71486K (46%)
/home/travis/build/icyphy/ptII/ptolemy/actor/lib/test/RecordAssembler.tcl
5 ms. Memory: 155648K Free: 69948K (45%)
2 ms. Memory: 155648K Free: 68910K (44%)
/home/travis/build/icyphy/ptII/ptolemy/actor/lib/test/RecordDisassembler.tcl
5 ms. Memory: 155648K Free: 67390K (43%)
2 ms. Memory: 155648K Free: 66366K (43%)
2 ms. Memory: 155648K Free: 65342K (42%)
/home/travis/build/icyphy/ptII/ptolemy/actor/lib/test/Scale.tcl
2 ms. Memory: 155648K Free: 63294K (41%)
1 ms. Memory: 155648K Free: 62774K (40%)
1 ms. Memory: 155648K Free: 61756K (40%)
2 ms. Memory: 155648K Free: 61246K (39%)
2 ms. Memory: 155648K Free: 60222K (39%)
/home/travis/build/icyphy/ptII/ptolemy/actor/lib/test/SequentialClock.tcl
preinitializing
resolving types
initializing
executing number 1
wrapping up
idle
1 ms. Memory: 155648K Free: 59198K (38%)
Completed execution with 5 iterations
preinitializing
resolving types
initializing
executing number 1
wrapping up
idle
1 ms. Memory: 155648K Free: 58174K (37%)
Completed execution with 5 iterations
preinitializing
resolving types
initializing
executing number 1
wrapping up
idle
1 ms. Memory: 155648K Free: 57646K (37%)
Completed execution with 5 iterations
/home/travis/build/icyphy/ptII/ptolemy/actor/lib/test/SetVariable.tcl
4 ms. Memory: 155648K Free: 56126K (36%)


==== $PTII/ptolemy/actor/lib/test/SetVariable.tcl: SetVariable-3.1 changeFailed
==== Contents of test case:

    #Uses 2.1 above
    jdkCaptureErr {
        # This test was failing if we ran Exit.tcl and then this test.
        # MessageHandler.error() now actually throws the Exception.
	catch {$setVariable changeFailed [java::null]  [java::new Exception {Test exception for SetVariable.changeFailed()}]} errMsg
    } results
    list [string range $results 0 89] "\n" $errMsg

==== Result was:
{java.lang.Exception: Test exception for SetVariable.changeFailed()
	at java.base/jdk.inter} {
} {java.lang.RuntimeException: java.lang.Exception: Test exception for SetVariable.changeFailed()}
---- Result should have been:
{Failed to set variable.
java.lang.Exception: Test exception for SetVariable.changeFailed()} {
} {java.lang.RuntimeException: java.lang.Exception: Test exception for SetVariable.changeFailed()}
---- SetVariable-3.1 FAILED
/home/travis/build/icyphy/ptII/ptolemy/actor/lib/test/Sinewave.tcl
/home/travis/build/icyphy/ptII/ptolemy/actor/lib/test/SubscriptionAggregator.tcl
4 ms. Memory: 155648K Free: 126602K (81%)
2 ms. Memory: 155648K Free: 126074K (81%)
0 ms. Memory: 155648K Free: 125578K (81%)
0 ms. Memory: 155648K Free: 125064K (80%)
2 ms. Memory: 155648K Free: 121482K (78%)
7 ms. Memory: 155648K Free: 119434K (77%)
...............................................................865 ms. Memory: 314368K Free: 262995K (84%)
/home/travis/build/icyphy/ptII/ptolemy/actor/lib/test/Test.tcl
 The next command will produce a warning about training mode,
   which may be ignored.
5 ms. Memory: 314368K Free: 260941K (83%)
5 ms. Memory: 314368K Free: 259901K (83%)
1 ms. Memory: 314368K Free: 259422K (83%)
2 ms. Memory: 314368K Free: 258908K (82%)
2 ms. Memory: 314368K Free: 258398K (82%)
3 ms. Memory: 314368K Free: 256845K (82%)
4 ms. Memory: 314368K Free: 255821K (81%)
 The next command will produce a warning about training mode,
   which may be ignored.
11 ms. Memory: 314368K Free: 253278K (81%)
 The next command will produce a warning about training mode,
   which may be ignored.
3 ms. Memory: 314368K Free: 252254K (80%)
1 ms. Memory: 314368K Free: 251725K (80%)
1 ms. Memory: 314368K Free: 251230K (80%)
3 ms. Memory: 314368K Free: 250701K (80%)
7 ms. Memory: 314368K Free: 249692K (79%)
5 ms. Memory: 314368K Free: 246110K (78%)
/home/travis/build/icyphy/ptII/ptolemy/actor/lib/test/TestExceptionHandler.tcl
 The next command will produce a warning about training mode,
   which may be ignored.
3 ms. Memory: 314368K Free: 244557K (78%)
1 ms. Memory: 314368K Free: 244062K (78%)
1 ms. Memory: 314368K Free: 243533K (77%)
/home/travis/build/icyphy/ptII/ptolemy/actor/lib/test/UnionDisassembler.tcl
26 ms. Memory: 314368K Free: 236365K (75%)
/home/travis/build/icyphy/ptII/ptolemy/actor/lib/test/VariableClock.tcl
preinitializing
resolving types
initializing
executing number 1
wrapping up
idle
8 ms. Memory: 314368K Free: 234317K (75%)
Completed execution with 11 iterations
preinitializing
resolving types
initializing
executing number 1
wrapping up
idle
7 ms. Memory: 314368K Free: 232798K (74%)
Completed execution with 10 iterations
12/29/19 06:29:36
Failed: 1  Total Tests: 234  ((Passed: 233, Newly Passed: 0)  Known Failed: 0) /home/travis/build/icyphy/ptII/ptolemy/actor/lib/test
----------------- testing (KnownFailure) /home/travis/build/icyphy/ptII/ptolemy/actor/lib/test/auto/knownFailedTests/PublisherPortToplevelSubscriber.xml
0 ms. Memory: 314368K Free: 229867K (73%)
Known Failure: java.lang.reflect.InvocationTargetException
----------------- testing (KnownFailure) /home/travis/build/icyphy/ptII/ptolemy/actor/lib/test/auto/knownFailedTests/PublisherSubscriberPortToplevel.xml
1 ms. Memory: 314368K Free: 260608K (83%)
Known Failure: java.lang.reflect.InvocationTargetException
----------------- testing (KnownFailure) /home/travis/build/icyphy/ptII/ptolemy/actor/lib/test/auto/knownFailedTests/PublisherSubscriptionAggregatorPort.xml
0 ms. Memory: 314368K Free: 257022K (82%)
Known Failure: java.lang.reflect.InvocationTargetException
----------------- testing (KnownFailure) /home/travis/build/icyphy/ptII/ptolemy/actor/lib/test/auto/knownFailedTests/sizedarray3.xml
4 ms. Memory: 314368K Free: 252926K (80%)
Known Failure: java.lang.reflect.InvocationTargetException
No auto/linux-amd64/*.xml tests in /home/travis/build/icyphy/ptII/ptolemy/actor/lib/test
AutoTests.java: About to close Vertx.
AutoTests.java: Vertx closed.

===========================================================================================
----------------- testing Sun Dec 29 06:29:36 UTC 2019 /home/travis/build/icyphy/ptII/ptolemy/actor/lib/test/auto/AbsoluteValue.xml
----------------- Instantiating /home/travis/build/icyphy/ptII/ptolemy/actor/lib/test/auto/AbsoluteValue.xml
34 ms. Memory: 314368K Free: 228864K (73%)
----------------- Invoking toplevel() on ptolemy.moml.MoMLSimpleApplication@35504235
----------------- Done invoking toplevel() on ptolemy.moml.MoMLSimpleApplication@35504235
reloadAllAccessors: .AbsoluteValue

===========================================================================================
----------------- testing Sun Dec 29 06:29:36 UTC 2019 /home/travis/build/icyphy/ptII/ptolemy/actor/lib/test/auto/AbsoluteValue2.xml
----------------- Instantiating /home/travis/build/icyphy/ptII/ptolemy/actor/lib/test/auto/AbsoluteValue2.xml
4 ms. Memory: 314368K Free: 222206K (71%)
----------------- Invoking toplevel() on ptolemy.moml.MoMLSimpleApplication@914567c
----------------- Done invoking toplevel() on ptolemy.moml.MoMLSimpleApplication@914567c
reloadAllAccessors: .AbsoluteValue2

===========================================================================================
----------------- testing Sun Dec 29 06:29:36 UTC 2019 /home/travis/build/icyphy/ptII/ptolemy/actor/lib/test/auto/Accumulator.xml
----------------- Instantiating /home/travis/build/icyphy/ptII/ptolemy/actor/lib/test/auto/Accumulator.xml
19 ms. Memory: 314368K Free: 216062K (69%)
----------------- Invoking toplevel() on ptolemy.moml.MoMLSimpleApplication@6fef010a
----------------- Done invoking toplevel() on ptolemy.moml.MoMLSimpleApplication@6fef010a
reloadAllAccessors: .Accumulator

===========================================================================================
----------------- testing Sun Dec 29 06:29:36 UTC 2019 /home/travis/build/icyphy/ptII/ptolemy/actor/lib/test/auto/Accumulator2.xml
----------------- Instantiating /home/travis/build/icyphy/ptII/ptolemy/actor/lib/test/auto/Accumulator2.xml
3 ms. Memory: 314368K Free: 210432K (67%)
----------------- Invoking toplevel() on ptolemy.moml.MoMLSimpleApplication@5dea6073
----------------- Done invoking toplevel() on ptolemy.moml.MoMLSimpleApplication@5dea6073
reloadAllAccessors: .Accumulator2

===========================================================================================
----------------- testing Sun Dec 29 06:29:36 UTC 2019 /home/travis/build/icyphy/ptII/ptolemy/actor/lib/test/auto/Accumulator3.xml
----------------- Instantiating /home/travis/build/icyphy/ptII/ptolemy/actor/lib/test/auto/Accumulator3.xml
2 ms. Memory: 314368K Free: 206336K (66%)
----------------- Invoking toplevel() on ptolemy.moml.MoMLSimpleApplication@877a4c2
----------------- Done invoking toplevel() on ptolemy.moml.MoMLSimpleApplication@877a4c2
reloadAllAccessors: .Accumulator3

===========================================================================================
----------------- testing Sun Dec 29 06:29:37 UTC 2019 /home/travis/build/icyphy/ptII/ptolemy/actor/lib/test/auto/ArrayAppend.xml
----------------- Instantiating /home/travis/build/icyphy/ptII/ptolemy/actor/lib/test/auto/ArrayAppend.xml
6 ms. Memory: 314368K Free: 200192K (64%)
----------------- Invoking toplevel() on ptolemy.moml.MoMLSimpleApplication@35062ef7
----------------- Done invoking toplevel() on ptolemy.moml.MoMLSimpleApplication@35062ef7
reloadAllAccessors: .ArrayAppend

===========================================================================================
----------------- testing Sun Dec 29 06:29:37 UTC 2019 /home/travis/build/icyphy/ptII/ptolemy/actor/lib/test/auto/ArrayAppend2.xml
----------------- Instantiating /home/travis/build/icyphy/ptII/ptolemy/actor/lib/test/auto/ArrayAppend2.xml
350 ms. Memory: 314368K Free: 245462K (78%)
----------------- Invoking toplevel() on ptolemy.moml.MoMLSimpleApplication@2073bba3
----------------- Done invoking toplevel() on ptolemy.moml.MoMLSimpleApplication@2073bba3
reloadAllAccessors: .ArrayAppend2

===========================================================================================
----------------- testing Sun Dec 29 06:29:37 UTC 2019 /home/travis/build/icyphy/ptII/ptolemy/actor/lib/test/auto/ArrayAppend3.xml
----------------- Instantiating /home/travis/build/icyphy/ptII/ptolemy/actor/lib/test/auto/ArrayAppend3.xml
4 ms. Memory: 314368K Free: 239318K (76%)
----------------- Invoking toplevel() on ptolemy.moml.MoMLSimpleApplication@2a6f81f7
----------------- Done invoking toplevel() on ptolemy.moml.MoMLSimpleApplication@2a6f81f7
reloadAllAccessors: .ArrayAppend3

===========================================================================================
----------------- testing Sun Dec 29 06:29:37 UTC 2019 /home/travis/build/icyphy/ptII/ptolemy/actor/lib/test/auto/ArrayAppend4.xml
----------------- Instantiating /home/travis/build/icyphy/ptII/ptolemy/actor/lib/test/auto/ArrayAppend4.xml
2 ms. Memory: 314368K Free: 234198K (74%)
----------------- Invoking toplevel() on ptolemy.moml.MoMLSimpleApplication@4cd1d19b
----------------- Done invoking toplevel() on ptolemy.moml.MoMLSimpleApplication@4cd1d19b
reloadAllAccessors: .ArrayAppend4

===========================================================================================
----------------- testing Sun Dec 29 06:29:37 UTC 2019 /home/travis/build/icyphy/ptII/ptolemy/actor/lib/test/auto/ArrayAppend5.xml
----------------- Instantiating /home/travis/build/icyphy/ptII/ptolemy/actor/lib/test/auto/ArrayAppend5.xml
2 ms. Memory: 314368K Free: 229078K (73%)
----------------- Invoking toplevel() on ptolemy.moml.MoMLSimpleApplication@70742143
----------------- Done invoking toplevel() on ptolemy.moml.MoMLSimpleApplication@70742143
reloadAllAccessors: .ArrayAppend5

===========================================================================================
----------------- testing Sun Dec 29 06:29:37 UTC 2019 /home/travis/build/icyphy/ptII/ptolemy/actor/lib/test/auto/ArrayAppend6.xml
----------------- Instantiating /home/travis/build/icyphy/ptII/ptolemy/actor/lib/test/auto/ArrayAppend6.xml
2 ms. Memory: 314368K Free: 223958K (71%)
----------------- Invoking toplevel() on ptolemy.moml.MoMLSimpleApplication@233e4850
----------------- Done invoking toplevel() on ptolemy.moml.MoMLSimpleApplication@233e4850
reloadAllAccessors: .ArrayAppend6

===========================================================================================
----------------- testing Sun Dec 29 06:29:37 UTC 2019 /home/travis/build/icyphy/ptII/ptolemy/actor/lib/test/auto/ArrayAppendPerformanceTest.xml
----------------- Instantiating /home/travis/build/icyphy/ptII/ptolemy/actor/lib/test/auto/ArrayAppendPerformanceTest.xml
40 ms. Memory: 314368K Free: 212694K (68%)
----------------- Invoking toplevel() on ptolemy.moml.MoMLSimpleApplication@4f699d85
----------------- Done invoking toplevel() on ptolemy.moml.MoMLSimpleApplication@4f699d85
reloadAllAccessors: .ArrayAppendPerformanceTest

===========================================================================================
----------------- testing Sun Dec 29 06:29:37 UTC 2019 /home/travis/build/icyphy/ptII/ptolemy/actor/lib/test/auto/ArrayAppendWithEmptyInput.xml
----------------- Instantiating /home/travis/build/icyphy/ptII/ptolemy/actor/lib/test/auto/ArrayAppendWithEmptyInput.xml
7 ms. Memory: 314368K Free: 204502K (65%)
----------------- Invoking toplevel() on ptolemy.moml.MoMLSimpleApplication@2e9fdb29
----------------- Done invoking toplevel() on ptolemy.moml.MoMLSimpleApplication@2e9fdb29
reloadAllAccessors: .ArrayAppendWithEmptyInput

===========================================================================================
----------------- testing Sun Dec 29 06:29:37 UTC 2019 /home/travis/build/icyphy/ptII/ptolemy/actor/lib/test/auto/ArrayAverage.xml
----------------- Instantiating /home/travis/build/icyphy/ptII/ptolemy/actor/lib/test/auto/ArrayAverage.xml
19 ms. Memory: 314368K Free: 196824K (63%)
----------------- Invoking toplevel() on ptolemy.moml.MoMLSimpleApplication@1f5e969a
----------------- Done invoking toplevel() on ptolemy.moml.MoMLSimpleApplication@1f5e969a
reloadAllAccessors: .ArrayAverage

===========================================================================================
----------------- testing Sun Dec 29 06:29:37 UTC 2019 /home/travis/build/icyphy/ptII/ptolemy/actor/lib/test/auto/ArrayContains.xml
----------------- Instantiating /home/travis/build/icyphy/ptII/ptolemy/actor/lib/test/auto/ArrayContains.xml
2 ms. Memory: 314368K Free: 190680K (61%)
----------------- Invoking toplevel() on ptolemy.moml.MoMLSimpleApplication@5540f373
----------------- Done invoking toplevel() on ptolemy.moml.MoMLSimpleApplication@5540f373
reloadAllAccessors: .ArrayContains

===========================================================================================
----------------- testing Sun Dec 29 06:29:37 UTC 2019 /home/travis/build/icyphy/ptII/ptolemy/actor/lib/test/auto/ArrayElement.xml
----------------- Instantiating /home/travis/build/icyphy/ptII/ptolemy/actor/lib/test/auto/ArrayElement.xml
3 ms. Memory: 314368K Free: 185560K (59%)
----------------- Invoking toplevel() on ptolemy.moml.MoMLSimpleApplication@286b603f
----------------- Done invoking toplevel() on ptolemy.moml.MoMLSimpleApplication@286b603f
reloadAllAccessors: .ArrayElement

===========================================================================================
----------------- testing Sun Dec 29 06:29:37 UTC 2019 /home/travis/build/icyphy/ptII/ptolemy/actor/lib/test/auto/ArrayElementAsMatrix.xml
----------------- Instantiating /home/travis/build/icyphy/ptII/ptolemy/actor/lib/test/auto/ArrayElementAsMatrix.xml
17 ms. Memory: 314368K Free: 175320K (56%)
----------------- Invoking toplevel() on ptolemy.moml.MoMLSimpleApplication@71a732c7
----------------- Done invoking toplevel() on ptolemy.moml.MoMLSimpleApplication@71a732c7
reloadAllAccessors: .ArrayElementAsMatrix

===========================================================================================
----------------- testing Sun Dec 29 06:29:37 UTC 2019 /home/travis/build/icyphy/ptII/ptolemy/actor/lib/test/auto/ArrayElementI.xml
----------------- Instantiating /home/travis/build/icyphy/ptII/ptolemy/actor/lib/test/auto/ArrayElementI.xml
3 ms. Memory: 314368K Free: 169680K (54%)
----------------- Invoking toplevel() on ptolemy.moml.MoMLSimpleApplication@41256ea7
----------------- Done invoking toplevel() on ptolemy.moml.MoMLSimpleApplication@41256ea7
reloadAllAccessors: .ArrayElementI

===========================================================================================
----------------- testing Sun Dec 29 06:29:37 UTC 2019 /home/travis/build/icyphy/ptII/ptolemy/actor/lib/test/auto/ArrayExtract.xml
----------------- Instantiating /home/travis/build/icyphy/ptII/ptolemy/actor/lib/test/auto/ArrayExtract.xml
4 ms. Memory: 314368K Free: 162008K (52%)
----------------- Invoking toplevel() on ptolemy.moml.MoMLSimpleApplication@4d189f93
----------------- Done invoking toplevel() on ptolemy.moml.MoMLSimpleApplication@4d189f93
reloadAllAccessors: .ArrayExtract

===========================================================================================
----------------- testing Sun Dec 29 06:29:37 UTC 2019 /home/travis/build/icyphy/ptII/ptolemy/actor/lib/test/auto/ArrayExtract2.xml
----------------- Instantiating /home/travis/build/icyphy/ptII/ptolemy/actor/lib/test/auto/ArrayExtract2.xml
2 ms. Memory: 314368K Free: 156360K (50%)
----------------- Invoking toplevel() on ptolemy.moml.MoMLSimpleApplication@75994e09
----------------- Done invoking toplevel() on ptolemy.moml.MoMLSimpleApplication@75994e09
reloadAllAccessors: .ArrayExtract2

===========================================================================================
----------------- testing Sun Dec 29 06:29:37 UTC 2019 /home/travis/build/icyphy/ptII/ptolemy/actor/lib/test/auto/ArrayLength.xml
----------------- Instantiating /home/travis/build/icyphy/ptII/ptolemy/actor/lib/test/auto/ArrayLength.xml
1 ms. Memory: 314368K Free: 152792K (49%)
----------------- Invoking toplevel() on ptolemy.moml.MoMLSimpleApplication@5bee8b8c
----------------- Done invoking toplevel() on ptolemy.moml.MoMLSimpleApplication@5bee8b8c
reloadAllAccessors: .ArrayLength

===========================================================================================
----------------- testing Sun Dec 29 06:29:37 UTC 2019 /home/travis/build/icyphy/ptII/ptolemy/actor/lib/test/auto/ArrayLevelCrossing.xml
----------------- Instantiating /home/travis/build/icyphy/ptII/ptolemy/actor/lib/test/auto/ArrayLevelCrossing.xml
3 ms. Memory: 314368K Free: 144086K (46%)
----------------- Invoking toplevel() on ptolemy.moml.MoMLSimpleApplication@3ff02a58
----------------- Done invoking toplevel() on ptolemy.moml.MoMLSimpleApplication@3ff02a58
reloadAllAccessors: .ArrayLevelCrossing

===========================================================================================
----------------- testing Sun Dec 29 06:29:37 UTC 2019 /home/travis/build/icyphy/ptII/ptolemy/actor/lib/test/auto/ArrayLevelCrossing2.xml
----------------- Instantiating /home/travis/build/icyphy/ptII/ptolemy/actor/lib/test/auto/ArrayLevelCrossing2.xml
3 ms. Memory: 314368K Free: 136904K (44%)
----------------- Invoking toplevel() on ptolemy.moml.MoMLSimpleApplication@687cd304
----------------- Done invoking toplevel() on ptolemy.moml.MoMLSimpleApplication@687cd304
reloadAllAccessors: .ArrayLevelCrossing2

===========================================================================================
----------------- testing Sun Dec 29 06:29:37 UTC 2019 /home/travis/build/icyphy/ptII/ptolemy/actor/lib/test/auto/ArrayPeakSearch.xml
----------------- Instantiating /home/travis/build/icyphy/ptII/ptolemy/actor/lib/test/auto/ArrayPeakSearch.xml
14 ms. Memory: 314368K Free: 262113K (83%)
----------------- Invoking toplevel() on ptolemy.moml.MoMLSimpleApplication@427be8b9
----------------- Done invoking toplevel() on ptolemy.moml.MoMLSimpleApplication@427be8b9
reloadAllAccessors: .ArrayPeakSearch

===========================================================================================
----------------- testing Sun Dec 29 06:29:38 UTC 2019 /home/travis/build/icyphy/ptII/ptolemy/actor/lib/test/auto/ArrayPeakSearch2.xml
----------------- Instantiating /home/travis/build/icyphy/ptII/ptolemy/actor/lib/test/auto/ArrayPeakSearch2.xml
6 ms. Memory: 314368K Free: 250835K (80%)
----------------- Invoking toplevel() on ptolemy.moml.MoMLSimpleApplication@5d00006c
----------------- Done invoking toplevel() on ptolemy.moml.MoMLSimpleApplication@5d00006c
reloadAllAccessors: .ArrayPeakSearch2

===========================================================================================
----------------- testing Sun Dec 29 06:29:38 UTC 2019 /home/travis/build/icyphy/ptII/ptolemy/actor/lib/test/auto/ArrayPeakSearch3.xml
----------------- Instantiating /home/travis/build/icyphy/ptII/ptolemy/actor/lib/test/auto/ArrayPeakSearch3.xml
3 ms. Memory: 314368K Free: 242147K (77%)
----------------- Invoking toplevel() on ptolemy.moml.MoMLSimpleApplication@2b6567f2
----------------- Done invoking toplevel() on ptolemy.moml.MoMLSimpleApplication@2b6567f2
reloadAllAccessors: .ArrayPeakSearch3

===========================================================================================
----------------- testing Sun Dec 29 06:29:38 UTC 2019 /home/travis/build/icyphy/ptII/ptolemy/actor/lib/test/auto/ArrayRemoveElement.xml
----------------- Instantiating /home/travis/build/icyphy/ptII/ptolemy/actor/lib/test/auto/ArrayRemoveElement.xml
3 ms. Memory: 314368K Free: 233955K (74%)
----------------- Invoking toplevel() on ptolemy.moml.MoMLSimpleApplication@6b6d1705
----------------- Done invoking toplevel() on ptolemy.moml.MoMLSimpleApplication@6b6d1705
reloadAllAccessors: .ArrayRemoveElement

===========================================================================================
----------------- testing Sun Dec 29 06:29:38 UTC 2019 /home/travis/build/icyphy/ptII/ptolemy/actor/lib/test/auto/ArraySort.xml
----------------- Instantiating /home/travis/build/icyphy/ptII/ptolemy/actor/lib/test/auto/ArraySort.xml
6 ms. Memory: 314368K Free: 225249K (72%)
----------------- Invoking toplevel() on ptolemy.moml.MoMLSimpleApplication@49e49b03
----------------- Done invoking toplevel() on ptolemy.moml.MoMLSimpleApplication@49e49b03
reloadAllAccessors: .ArraySort

===========================================================================================
----------------- testing Sun Dec 29 06:29:38 UTC 2019 /home/travis/build/icyphy/ptII/ptolemy/actor/lib/test/auto/ArraySum.xml
----------------- Instantiating /home/travis/build/icyphy/ptII/ptolemy/actor/lib/test/auto/ArraySum.xml
6 ms. Memory: 314368K Free: 219619K (70%)
----------------- Invoking toplevel() on ptolemy.moml.MoMLSimpleApplication@7571af4e
----------------- Done invoking toplevel() on ptolemy.moml.MoMLSimpleApplication@7571af4e
reloadAllAccessors: .ArraySum

===========================================================================================
----------------- testing Sun Dec 29 06:29:38 UTC 2019 /home/travis/build/icyphy/ptII/ptolemy/actor/lib/test/auto/ArrayToElements.xml
----------------- Instantiating /home/travis/build/icyphy/ptII/ptolemy/actor/lib/test/auto/ArrayToElements.xml
6 ms. Memory: 314368K Free: 214499K (68%)
----------------- Invoking toplevel() on ptolemy.moml.MoMLSimpleApplication@31acb3eb
----------------- Done invoking toplevel() on ptolemy.moml.MoMLSimpleApplication@31acb3eb
reloadAllAccessors: .ArrayToElements

===========================================================================================
----------------- testing Sun Dec 29 06:29:38 UTC 2019 /home/travis/build/icyphy/ptII/ptolemy/actor/lib/test/auto/ArrayToMatrix.xml
----------------- Instantiating /home/travis/build/icyphy/ptII/ptolemy/actor/lib/test/auto/ArrayToMatrix.xml
6 ms. Memory: 314368K Free: 200163K (64%)
----------------- Invoking toplevel() on ptolemy.moml.MoMLSimpleApplication@19b94384
----------------- Done invoking toplevel() on ptolemy.moml.MoMLSimpleApplication@19b94384
reloadAllAccessors: .ArrayToMatrix

===========================================================================================
----------------- testing Sun Dec 29 06:29:38 UTC 2019 /home/travis/build/icyphy/ptII/ptolemy/actor/lib/test/auto/ArrayUpdate1.xml
----------------- Instantiating /home/travis/build/icyphy/ptII/ptolemy/actor/lib/test/auto/ArrayUpdate1.xml
6 ms. Memory: 314368K Free: 195553K (62%)
----------------- Invoking toplevel() on ptolemy.moml.MoMLSimpleApplication@157c7478
----------------- Done invoking toplevel() on ptolemy.moml.MoMLSimpleApplication@157c7478
reloadAllAccessors: .ArrayUpdate1

===========================================================================================
----------------- testing Sun Dec 29 06:29:38 UTC 2019 /home/travis/build/icyphy/ptII/ptolemy/actor/lib/test/auto/ArrayUpdate2.xml
----------------- Instantiating /home/travis/build/icyphy/ptII/ptolemy/actor/lib/test/auto/ArrayUpdate2.xml
8 ms. Memory: 314368K Free: 189409K (60%)
----------------- Invoking toplevel() on ptolemy.moml.MoMLSimpleApplication@403f04e1
----------------- Done invoking toplevel() on ptolemy.moml.MoMLSimpleApplication@403f04e1
reloadAllAccessors: .ArrayUpdate2

===========================================================================================
----------------- testing Sun Dec 29 06:29:38 UTC 2019 /home/travis/build/icyphy/ptII/ptolemy/actor/lib/test/auto/ArrayUpdate3.xml
----------------- Instantiating /home/travis/build/icyphy/ptII/ptolemy/actor/lib/test/auto/ArrayUpdate3.xml
2 ms. Memory: 314368K Free: 184803K (59%)
----------------- Invoking toplevel() on ptolemy.moml.MoMLSimpleApplication@3d043e4e
----------------- Done invoking toplevel() on ptolemy.moml.MoMLSimpleApplication@3d043e4e
reloadAllAccessors: .ArrayUpdate3

===========================================================================================
----------------- testing Sun Dec 29 06:29:38 UTC 2019 /home/travis/build/icyphy/ptII/ptolemy/actor/lib/test/auto/Assert1.xml
----------------- Instantiating /home/travis/build/icyphy/ptII/ptolemy/actor/lib/test/auto/Assert1.xml
2 ms. Memory: 314368K Free: 180193K (57%)
----------------- Invoking toplevel() on ptolemy.moml.MoMLSimpleApplication@4e9824f2
----------------- Done invoking toplevel() on ptolemy.moml.MoMLSimpleApplication@4e9824f2
reloadAllAccessors: .Assert1

===========================================================================================
----------------- testing Sun Dec 29 06:29:38 UTC 2019 /home/travis/build/icyphy/ptII/ptolemy/actor/lib/test/auto/Assert2.xml
----------------- Instantiating /home/travis/build/icyphy/ptII/ptolemy/actor/lib/test/auto/Assert2.xml
2 ms. Memory: 314368K Free: 175073K (56%)
----------------- Invoking toplevel() on ptolemy.moml.MoMLSimpleApplication@2fee24c0
----------------- Done invoking toplevel() on ptolemy.moml.MoMLSimpleApplication@2fee24c0
reloadAllAccessors: .Assert2

===========================================================================================
----------------- testing Sun Dec 29 06:29:38 UTC 2019 /home/travis/build/icyphy/ptII/ptolemy/actor/lib/test/auto/BooleanMultiplexor.xml
----------------- Instantiating /home/travis/build/icyphy/ptII/ptolemy/actor/lib/test/auto/BooleanMultiplexor.xml
2 ms. Memory: 314368K Free: 169443K (54%)
----------------- Invoking toplevel() on ptolemy.moml.MoMLSimpleApplication@488ade0d
----------------- Done invoking toplevel() on ptolemy.moml.MoMLSimpleApplication@488ade0d
reloadAllAccessors: .BooleanMultiplexor

===========================================================================================
----------------- testing Sun Dec 29 06:29:38 UTC 2019 /home/travis/build/icyphy/ptII/ptolemy/actor/lib/test/auto/BooleanMultiplexor2.xml
----------------- Instantiating /home/travis/build/icyphy/ptII/ptolemy/actor/lib/test/auto/BooleanMultiplexor2.xml
4 ms. Memory: 314368K Free: 162785K (52%)
----------------- Invoking toplevel() on ptolemy.moml.MoMLSimpleApplication@40724705
----------------- Done invoking toplevel() on ptolemy.moml.MoMLSimpleApplication@40724705
reloadAllAccessors: .BooleanMultiplexor2

===========================================================================================
----------------- testing Sun Dec 29 06:29:38 UTC 2019 /home/travis/build/icyphy/ptII/ptolemy/actor/lib/test/auto/BooleanMultiplexor3.xml
----------------- Instantiating /home/travis/build/icyphy/ptII/ptolemy/actor/lib/test/auto/BooleanMultiplexor3.xml
2 ms. Memory: 314368K Free: 158689K (50%)
----------------- Invoking toplevel() on ptolemy.moml.MoMLSimpleApplication@45c8f339
----------------- Done invoking toplevel() on ptolemy.moml.MoMLSimpleApplication@45c8f339
reloadAllAccessors: .BooleanMultiplexor3

===========================================================================================
----------------- testing Sun Dec 29 06:29:38 UTC 2019 /home/travis/build/icyphy/ptII/ptolemy/actor/lib/test/auto/BooleanSelect.xml
----------------- Instantiating /home/travis/build/icyphy/ptII/ptolemy/actor/lib/test/auto/BooleanSelect.xml
8 ms. Memory: 314368K Free: 153059K (49%)
----------------- Invoking toplevel() on ptolemy.moml.MoMLSimpleApplication@1452fd12
----------------- Done invoking toplevel() on ptolemy.moml.MoMLSimpleApplication@1452fd12
reloadAllAccessors: .BooleanSelect

===========================================================================================
----------------- testing Sun Dec 29 06:29:38 UTC 2019 /home/travis/build/icyphy/ptII/ptolemy/actor/lib/test/auto/BooleanSelect2.xml
----------------- Instantiating /home/travis/build/icyphy/ptII/ptolemy/actor/lib/test/auto/BooleanSelect2.xml
1 ms. Memory: 314368K Free: 148449K (47%)
----------------- Invoking toplevel() on ptolemy.moml.MoMLSimpleApplication@7f74b57c
----------------- Done invoking toplevel() on ptolemy.moml.MoMLSimpleApplication@7f74b57c
reloadAllAccessors: .BooleanSelect2

===========================================================================================
----------------- testing Sun Dec 29 06:29:38 UTC 2019 /home/travis/build/icyphy/ptII/ptolemy/actor/lib/test/auto/BooleanSwitch.xml
----------------- Instantiating /home/travis/build/icyphy/ptII/ptolemy/actor/lib/test/auto/BooleanSwitch.xml
4 ms. Memory: 314368K Free: 142305K (45%)
----------------- Invoking toplevel() on ptolemy.moml.MoMLSimpleApplication@51a56faf
----------------- Done invoking toplevel() on ptolemy.moml.MoMLSimpleApplication@51a56faf
reloadAllAccessors: .BooleanSwitch

===========================================================================================
----------------- testing Sun Dec 29 06:29:38 UTC 2019 /home/travis/build/icyphy/ptII/ptolemy/actor/lib/test/auto/BooleanSwitch2.xml
----------------- Instantiating /home/travis/build/icyphy/ptII/ptolemy/actor/lib/test/auto/BooleanSwitch2.xml
1 ms. Memory: 314368K Free: 137699K (44%)
----------------- Invoking toplevel() on ptolemy.moml.MoMLSimpleApplication@247d532c
----------------- Done invoking toplevel() on ptolemy.moml.MoMLSimpleApplication@247d532c
reloadAllAccessors: .BooleanSwitch2

===========================================================================================
----------------- testing Sun Dec 29 06:29:38 UTC 2019 /home/travis/build/icyphy/ptII/ptolemy/actor/lib/test/auto/BooleanSwitchCloningBugWithClassRelationGroup.xml
----------------- Instantiating /home/travis/build/icyphy/ptII/ptolemy/actor/lib/test/auto/BooleanSwitchCloningBugWithClassRelationGroup.xml
3 ms. Memory: 314368K Free: 131555K (42%)
----------------- Invoking toplevel() on ptolemy.moml.MoMLSimpleApplication@466c8c4e
----------------- Done invoking toplevel() on ptolemy.moml.MoMLSimpleApplication@466c8c4e
reloadAllAccessors: .BooleanSwitchCloningBugWithClassRelationGroup

===========================================================================================
----------------- testing Sun Dec 29 06:29:38 UTC 2019 /home/travis/build/icyphy/ptII/ptolemy/actor/lib/test/auto/BusActors.xml
----------------- Instantiating /home/travis/build/icyphy/ptII/ptolemy/actor/lib/test/auto/BusActors.xml
5 ms. Memory: 314368K Free: 123363K (39%)
----------------- Invoking toplevel() on ptolemy.moml.MoMLSimpleApplication@38b79651
----------------- Done invoking toplevel() on ptolemy.moml.MoMLSimpleApplication@38b79651
reloadAllAccessors: .BusActors

===========================================================================================
----------------- testing Sun Dec 29 06:29:38 UTC 2019 /home/travis/build/icyphy/ptII/ptolemy/actor/lib/test/auto/ClassWrapper.xml
----------------- Instantiating /home/travis/build/icyphy/ptII/ptolemy/actor/lib/test/auto/ClassWrapper.xml
3 ms. Memory: 314368K Free: 119267K (38%)
----------------- Invoking toplevel() on ptolemy.moml.MoMLSimpleApplication@4443c784
----------------- Done invoking toplevel() on ptolemy.moml.MoMLSimpleApplication@4443c784
reloadAllAccessors: .ClassWrapper

===========================================================================================
----------------- testing Sun Dec 29 06:29:38 UTC 2019 /home/travis/build/icyphy/ptII/ptolemy/actor/lib/test/auto/Clock.xml
----------------- Instantiating /home/travis/build/icyphy/ptII/ptolemy/actor/lib/test/auto/Clock.xml
1 ms. Memory: 314368K Free: 115171K (37%)
----------------- Invoking toplevel() on ptolemy.moml.MoMLSimpleApplication@759e41ad
----------------- Done invoking toplevel() on ptolemy.moml.MoMLSimpleApplication@759e41ad
reloadAllAccessors: .Clock

===========================================================================================
----------------- testing Sun Dec 29 06:29:38 UTC 2019 /home/travis/build/icyphy/ptII/ptolemy/actor/lib/test/auto/Clock10.xml
----------------- Instantiating /home/travis/build/icyphy/ptII/ptolemy/actor/lib/test/auto/Clock10.xml
3 ms. Memory: 314368K Free: 109537K (35%)
----------------- Invoking toplevel() on ptolemy.moml.MoMLSimpleApplication@ec42b0b
----------------- Done invoking toplevel() on ptolemy.moml.MoMLSimpleApplication@ec42b0b
reloadAllAccessors: .Clock10

===========================================================================================
----------------- testing Sun Dec 29 06:29:38 UTC 2019 /home/travis/build/icyphy/ptII/ptolemy/actor/lib/test/auto/Clock11.xml
----------------- Instantiating /home/travis/build/icyphy/ptII/ptolemy/actor/lib/test/auto/Clock11.xml
7 ms. Memory: 314368K Free: 103393K (33%)
----------------- Invoking toplevel() on ptolemy.moml.MoMLSimpleApplication@274b11b6
----------------- Done invoking toplevel() on ptolemy.moml.MoMLSimpleApplication@274b11b6
reloadAllAccessors: .Clock11

===========================================================================================
----------------- testing Sun Dec 29 06:29:38 UTC 2019 /home/travis/build/icyphy/ptII/ptolemy/actor/lib/test/auto/Clock12.xml
----------------- Instantiating /home/travis/build/icyphy/ptII/ptolemy/actor/lib/test/auto/Clock12.xml
5 ms. Memory: 314368K Free: 259345K (82%)
----------------- Invoking toplevel() on ptolemy.moml.MoMLSimpleApplication@6de1dafc
----------------- Done invoking toplevel() on ptolemy.moml.MoMLSimpleApplication@6de1dafc
reloadAllAccessors: .Clock12

===========================================================================================
----------------- testing Sun Dec 29 06:29:38 UTC 2019 /home/travis/build/icyphy/ptII/ptolemy/actor/lib/test/auto/Clock13.xml
----------------- Instantiating /home/travis/build/icyphy/ptII/ptolemy/actor/lib/test/auto/Clock13.xml
5 ms. Memory: 314368K Free: 253201K (81%)
----------------- Invoking toplevel() on ptolemy.moml.MoMLSimpleApplication@50e9be07
----------------- Done invoking toplevel() on ptolemy.moml.MoMLSimpleApplication@50e9be07
reloadAllAccessors: .Clock13

===========================================================================================
----------------- testing Sun Dec 29 06:29:38 UTC 2019 /home/travis/build/icyphy/ptII/ptolemy/actor/lib/test/auto/Clock14.xml
----------------- Instantiating /home/travis/build/icyphy/ptII/ptolemy/actor/lib/test/auto/Clock14.xml
4 ms. Memory: 314368K Free: 247057K (79%)
----------------- Invoking toplevel() on ptolemy.moml.MoMLSimpleApplication@336dc7d0
----------------- Done invoking toplevel() on ptolemy.moml.MoMLSimpleApplication@336dc7d0
reloadAllAccessors: .Clock14

===========================================================================================
----------------- testing Sun Dec 29 06:29:38 UTC 2019 /home/travis/build/icyphy/ptII/ptolemy/actor/lib/test/auto/Clock15.xml
----------------- Instantiating /home/travis/build/icyphy/ptII/ptolemy/actor/lib/test/auto/Clock15.xml
3 ms. Memory: 314368K Free: 241417K (77%)
----------------- Invoking toplevel() on ptolemy.moml.MoMLSimpleApplication@34aa8209
----------------- Done invoking toplevel() on ptolemy.moml.MoMLSimpleApplication@34aa8209
reloadAllAccessors: .Clock15

===========================================================================================
----------------- testing Sun Dec 29 06:29:38 UTC 2019 /home/travis/build/icyphy/ptII/ptolemy/actor/lib/test/auto/Clock16.xml
----------------- Instantiating /home/travis/build/icyphy/ptII/ptolemy/actor/lib/test/auto/Clock16.xml
32 ms. Memory: 314368K Free: 226049K (72%)
----------------- Invoking toplevel() on ptolemy.moml.MoMLSimpleApplication@4566f1b0
----------------- Done invoking toplevel() on ptolemy.moml.MoMLSimpleApplication@4566f1b0
reloadAllAccessors: .Clock16

===========================================================================================
----------------- testing Sun Dec 29 06:29:38 UTC 2019 /home/travis/build/icyphy/ptII/ptolemy/actor/lib/test/auto/Clock17.xml
----------------- Instantiating /home/travis/build/icyphy/ptII/ptolemy/actor/lib/test/auto/Clock17.xml
11 ms. Memory: 314368K Free: 212241K (68%)
----------------- Invoking toplevel() on ptolemy.moml.MoMLSimpleApplication@2e6e886e
----------------- Done invoking toplevel() on ptolemy.moml.MoMLSimpleApplication@2e6e886e
reloadAllAccessors: .Clock17

===========================================================================================
----------------- testing Sun Dec 29 06:29:38 UTC 2019 /home/travis/build/icyphy/ptII/ptolemy/actor/lib/test/auto/Clock18.xml
----------------- Instantiating /home/travis/build/icyphy/ptII/ptolemy/actor/lib/test/auto/Clock18.xml
19 ms. Memory: 314368K Free: 198385K (63%)
----------------- Invoking toplevel() on ptolemy.moml.MoMLSimpleApplication@6810e57f
----------------- Done invoking toplevel() on ptolemy.moml.MoMLSimpleApplication@6810e57f
reloadAllAccessors: .Clock18

===========================================================================================
----------------- testing Sun Dec 29 06:29:38 UTC 2019 /home/travis/build/icyphy/ptII/ptolemy/actor/lib/test/auto/Clock19.xml
----------------- Instantiating /home/travis/build/icyphy/ptII/ptolemy/actor/lib/test/auto/Clock19.xml
13 ms. Memory: 314368K Free: 185617K (59%)
----------------- Invoking toplevel() on ptolemy.moml.MoMLSimpleApplication@5acefbda
----------------- Done invoking toplevel() on ptolemy.moml.MoMLSimpleApplication@5acefbda
reloadAllAccessors: .Clock19

===========================================================================================
----------------- testing Sun Dec 29 06:29:39 UTC 2019 /home/travis/build/icyphy/ptII/ptolemy/actor/lib/test/auto/Clock2.xml
----------------- Instantiating /home/travis/build/icyphy/ptII/ptolemy/actor/lib/test/auto/Clock2.xml
6 ms. Memory: 314368K Free: 180993K (58%)
----------------- Invoking toplevel() on ptolemy.moml.MoMLSimpleApplication@70af3d24
----------------- Done invoking toplevel() on ptolemy.moml.MoMLSimpleApplication@70af3d24
reloadAllAccessors: .Clock2

===========================================================================================
----------------- testing Sun Dec 29 06:29:39 UTC 2019 /home/travis/build/icyphy/ptII/ptolemy/actor/lib/test/auto/Clock20.xml
----------------- Instantiating /home/travis/build/icyphy/ptII/ptolemy/actor/lib/test/auto/Clock20.xml
9 ms. Memory: 314368K Free: 175377K (56%)
----------------- Invoking toplevel() on ptolemy.moml.MoMLSimpleApplication@3267c6cd
----------------- Done invoking toplevel() on ptolemy.moml.MoMLSimpleApplication@3267c6cd
reloadAllAccessors: .Clock20

===========================================================================================
----------------- testing Sun Dec 29 06:29:39 UTC 2019 /home/travis/build/icyphy/ptII/ptolemy/actor/lib/test/auto/Clock21.xml
----------------- Instantiating /home/travis/build/icyphy/ptII/ptolemy/actor/lib/test/auto/Clock21.xml
4 ms. Memory: 314368K Free: 170257K (54%)
----------------- Invoking toplevel() on ptolemy.moml.MoMLSimpleApplication@205d3933
----------------- Done invoking toplevel() on ptolemy.moml.MoMLSimpleApplication@205d3933
reloadAllAccessors: .Clock21

===========================================================================================
----------------- testing Sun Dec 29 06:29:39 UTC 2019 /home/travis/build/icyphy/ptII/ptolemy/actor/lib/test/auto/Clock22.xml
----------------- Instantiating /home/travis/build/icyphy/ptII/ptolemy/actor/lib/test/auto/Clock22.xml
4 ms. Memory: 314368K Free: 164623K (52%)
----------------- Invoking toplevel() on ptolemy.moml.MoMLSimpleApplication@6e6f9b54
----------------- Done invoking toplevel() on ptolemy.moml.MoMLSimpleApplication@6e6f9b54
reloadAllAccessors: .Clock22

===========================================================================================
----------------- testing Sun Dec 29 06:29:39 UTC 2019 /home/travis/build/icyphy/ptII/ptolemy/actor/lib/test/auto/Clock23.xml
----------------- Instantiating /home/travis/build/icyphy/ptII/ptolemy/actor/lib/test/auto/Clock23.xml
4 ms. Memory: 314368K Free: 159503K (51%)
----------------- Invoking toplevel() on ptolemy.moml.MoMLSimpleApplication@4adccfe1
----------------- Done invoking toplevel() on ptolemy.moml.MoMLSimpleApplication@4adccfe1
reloadAllAccessors: .Clock23

===========================================================================================
----------------- testing Sun Dec 29 06:29:39 UTC 2019 /home/travis/build/icyphy/ptII/ptolemy/actor/lib/test/auto/Clock24.xml
----------------- Instantiating /home/travis/build/icyphy/ptII/ptolemy/actor/lib/test/auto/Clock24.xml
5 ms. Memory: 314368K Free: 153873K (49%)
----------------- Invoking toplevel() on ptolemy.moml.MoMLSimpleApplication@16f2b1be
----------------- Done invoking toplevel() on ptolemy.moml.MoMLSimpleApplication@16f2b1be
reloadAllAccessors: .Clock24

===========================================================================================
----------------- testing Sun Dec 29 06:29:39 UTC 2019 /home/travis/build/icyphy/ptII/ptolemy/actor/lib/test/auto/Clock4.xml
----------------- Instantiating /home/travis/build/icyphy/ptII/ptolemy/actor/lib/test/auto/Clock4.xml
1 ms. Memory: 314368K Free: 149233K (47%)
----------------- Invoking toplevel() on ptolemy.moml.MoMLSimpleApplication@7f237bdf
----------------- Done invoking toplevel() on ptolemy.moml.MoMLSimpleApplication@7f237bdf
reloadAllAccessors: .Clock4

===========================================================================================
----------------- testing Sun Dec 29 06:29:39 UTC 2019 /home/travis/build/icyphy/ptII/ptolemy/actor/lib/test/auto/Clock5.xml
----------------- Instantiating /home/travis/build/icyphy/ptII/ptolemy/actor/lib/test/auto/Clock5.xml
6 ms. Memory: 314368K Free: 143633K (46%)
----------------- Invoking toplevel() on ptolemy.moml.MoMLSimpleApplication@fd1f1c2
----------------- Done invoking toplevel() on ptolemy.moml.MoMLSimpleApplication@fd1f1c2
reloadAllAccessors: .Clock5

===========================================================================================
----------------- testing Sun Dec 29 06:29:39 UTC 2019 /home/travis/build/icyphy/ptII/ptolemy/actor/lib/test/auto/Clock6.xml
----------------- Instantiating /home/travis/build/icyphy/ptII/ptolemy/actor/lib/test/auto/Clock6.xml
1 ms. Memory: 314368K Free: 139023K (44%)
----------------- Invoking toplevel() on ptolemy.moml.MoMLSimpleApplication@181b62b5
----------------- Done invoking toplevel() on ptolemy.moml.MoMLSimpleApplication@181b62b5
reloadAllAccessors: .Clock6

===========================================================================================
----------------- testing Sun Dec 29 06:29:39 UTC 2019 /home/travis/build/icyphy/ptII/ptolemy/actor/lib/test/auto/Clock7.xml
----------------- Instantiating /home/travis/build/icyphy/ptII/ptolemy/actor/lib/test/auto/Clock7.xml
2 ms. Memory: 314368K Free: 134927K (43%)
----------------- Invoking toplevel() on ptolemy.moml.MoMLSimpleApplication@312b2311
----------------- Done invoking toplevel() on ptolemy.moml.MoMLSimpleApplication@312b2311
reloadAllAccessors: .Clock7

===========================================================================================
----------------- testing Sun Dec 29 06:29:39 UTC 2019 /home/travis/build/icyphy/ptII/ptolemy/actor/lib/test/auto/Clock8.xml
----------------- Instantiating /home/travis/build/icyphy/ptII/ptolemy/actor/lib/test/auto/Clock8.xml
4 ms. Memory: 314368K Free: 129297K (41%)
----------------- Invoking toplevel() on ptolemy.moml.MoMLSimpleApplication@61beb360
----------------- Done invoking toplevel() on ptolemy.moml.MoMLSimpleApplication@61beb360
reloadAllAccessors: .Clock8

===========================================================================================
----------------- testing Sun Dec 29 06:29:39 UTC 2019 /home/travis/build/icyphy/ptII/ptolemy/actor/lib/test/auto/Clock9.xml
----------------- Instantiating /home/travis/build/icyphy/ptII/ptolemy/actor/lib/test/auto/Clock9.xml
4 ms. Memory: 314368K Free: 124177K (40%)
----------------- Invoking toplevel() on ptolemy.moml.MoMLSimpleApplication@50914cb2
----------------- Done invoking toplevel() on ptolemy.moml.MoMLSimpleApplication@50914cb2
reloadAllAccessors: .Clock9

===========================================================================================
----------------- testing Sun Dec 29 06:29:39 UTC 2019 /home/travis/build/icyphy/ptII/ptolemy/actor/lib/test/auto/CommDistDiscard.xml
----------------- Instantiating /home/travis/build/icyphy/ptII/ptolemy/actor/lib/test/auto/CommDistDiscard.xml
3 ms. Memory: 314368K Free: 118543K (38%)
----------------- Invoking toplevel() on ptolemy.moml.MoMLSimpleApplication@26a0d3f5
----------------- Done invoking toplevel() on ptolemy.moml.MoMLSimpleApplication@26a0d3f5
reloadAllAccessors: .CommDistDiscard

===========================================================================================
----------------- testing Sun Dec 29 06:29:39 UTC 2019 /home/travis/build/icyphy/ptII/ptolemy/actor/lib/test/auto/Commutator.xml
----------------- Instantiating /home/travis/build/icyphy/ptII/ptolemy/actor/lib/test/auto/Commutator.xml
2 ms. Memory: 314368K Free: 113937K (36%)
----------------- Invoking toplevel() on ptolemy.moml.MoMLSimpleApplication@5f9bf3ed
----------------- Done invoking toplevel() on ptolemy.moml.MoMLSimpleApplication@5f9bf3ed
reloadAllAccessors: .Commutator

===========================================================================================
----------------- testing Sun Dec 29 06:29:39 UTC 2019 /home/travis/build/icyphy/ptII/ptolemy/actor/lib/test/auto/Commutator2.xml
----------------- Instantiating /home/travis/build/icyphy/ptII/ptolemy/actor/lib/test/auto/Commutator2.xml
1 ms. Memory: 314368K Free: 109841K (35%)
----------------- Invoking toplevel() on ptolemy.moml.MoMLSimpleApplication@33507baf
----------------- Done invoking toplevel() on ptolemy.moml.MoMLSimpleApplication@33507baf
reloadAllAccessors: .Commutator2

===========================================================================================
----------------- testing Sun Dec 29 06:29:39 UTC 2019 /home/travis/build/icyphy/ptII/ptolemy/actor/lib/test/auto/Commutator3.xml
----------------- Instantiating /home/travis/build/icyphy/ptII/ptolemy/actor/lib/test/auto/Commutator3.xml
2 ms. Memory: 314368K Free: 105231K (33%)
----------------- Invoking toplevel() on ptolemy.moml.MoMLSimpleApplication@469424e6
----------------- Done invoking toplevel() on ptolemy.moml.MoMLSimpleApplication@469424e6
reloadAllAccessors: .Commutator3

===========================================================================================
----------------- testing Sun Dec 29 06:29:39 UTC 2019 /home/travis/build/icyphy/ptII/ptolemy/actor/lib/test/auto/Compare.xml
----------------- Instantiating /home/travis/build/icyphy/ptII/ptolemy/actor/lib/test/auto/Compare.xml
1 ms. Memory: 314368K Free: 99087K (32%)
----------------- Invoking toplevel() on ptolemy.moml.MoMLSimpleApplication@72c9f9d
----------------- Done invoking toplevel() on ptolemy.moml.MoMLSimpleApplication@72c9f9d
reloadAllAccessors: .Compare

===========================================================================================
----------------- testing Sun Dec 29 06:29:39 UTC 2019 /home/travis/build/icyphy/ptII/ptolemy/actor/lib/test/auto/CompareDE.xml
----------------- Instantiating /home/travis/build/icyphy/ptII/ptolemy/actor/lib/test/auto/CompareDE.xml
3 ms. Memory: 314368K Free: 91905K (29%)
----------------- Invoking toplevel() on ptolemy.moml.MoMLSimpleApplication@6277491a
----------------- Done invoking toplevel() on ptolemy.moml.MoMLSimpleApplication@6277491a
reloadAllAccessors: .CompareDE

===========================================================================================
----------------- testing Sun Dec 29 06:29:39 UTC 2019 /home/travis/build/icyphy/ptII/ptolemy/actor/lib/test/auto/ComplexDivide.xml
----------------- Instantiating /home/travis/build/icyphy/ptII/ptolemy/actor/lib/test/auto/ComplexDivide.xml
1 ms. Memory: 314368K Free: 87823K (28%)
----------------- Invoking toplevel() on ptolemy.moml.MoMLSimpleApplication@37b00607
----------------- Done invoking toplevel() on ptolemy.moml.MoMLSimpleApplication@37b00607
reloadAllAccessors: .ComplexDivide

===========================================================================================
----------------- testing Sun Dec 29 06:29:39 UTC 2019 /home/travis/build/icyphy/ptII/ptolemy/actor/lib/test/auto/ComputeHistogram.xml
----------------- Instantiating /home/travis/build/icyphy/ptII/ptolemy/actor/lib/test/auto/ComputeHistogram.xml
30 ms. Memory: 502784K Free: 440067K (88%)
----------------- Invoking toplevel() on ptolemy.moml.MoMLSimpleApplication@396db456
----------------- Done invoking toplevel() on ptolemy.moml.MoMLSimpleApplication@396db456
reloadAllAccessors: .ComputeHistogram

===========================================================================================
----------------- testing Sun Dec 29 06:29:39 UTC 2019 /home/travis/build/icyphy/ptII/ptolemy/actor/lib/test/auto/ConfigurationSelect.xml
----------------- Instantiating /home/travis/build/icyphy/ptII/ptolemy/actor/lib/test/auto/ConfigurationSelect.xml
7 ms. Memory: 502784K Free: 434437K (86%)
----------------- Invoking toplevel() on ptolemy.moml.MoMLSimpleApplication@26ce7138
----------------- Done invoking toplevel() on ptolemy.moml.MoMLSimpleApplication@26ce7138
reloadAllAccessors: .ConfigurationSelect

===========================================================================================
----------------- testing Sun Dec 29 06:29:39 UTC 2019 /home/travis/build/icyphy/ptII/ptolemy/actor/lib/test/auto/ConfigurationSelect2.xml
----------------- Instantiating /home/travis/build/icyphy/ptII/ptolemy/actor/lib/test/auto/ConfigurationSelect2.xml
3 ms. Memory: 502784K Free: 429827K (85%)
----------------- Invoking toplevel() on ptolemy.moml.MoMLSimpleApplication@1192648e
----------------- Done invoking toplevel() on ptolemy.moml.MoMLSimpleApplication@1192648e
reloadAllAccessors: .ConfigurationSelect2

===========================================================================================
----------------- testing Sun Dec 29 06:29:39 UTC 2019 /home/travis/build/icyphy/ptII/ptolemy/actor/lib/test/auto/ConfigurationSwitch.xml
----------------- Instantiating /home/travis/build/icyphy/ptII/ptolemy/actor/lib/test/auto/ConfigurationSwitch.xml
1 ms. Memory: 502784K Free: 424707K (84%)
----------------- Invoking toplevel() on ptolemy.moml.MoMLSimpleApplication@eaff944
----------------- Done invoking toplevel() on ptolemy.moml.MoMLSimpleApplication@eaff944
reloadAllAccessors: .ConfigurationSwitch

===========================================================================================
----------------- testing Sun Dec 29 06:29:39 UTC 2019 /home/travis/build/icyphy/ptII/ptolemy/actor/lib/test/auto/ConfigurationSwitch2.xml
----------------- Instantiating /home/travis/build/icyphy/ptII/ptolemy/actor/lib/test/auto/ConfigurationSwitch2.xml
3 ms. Memory: 502784K Free: 419077K (83%)
----------------- Invoking toplevel() on ptolemy.moml.MoMLSimpleApplication@22dd5934
----------------- Done invoking toplevel() on ptolemy.moml.MoMLSimpleApplication@22dd5934
reloadAllAccessors: .ConfigurationSwitch2

===========================================================================================
----------------- testing Sun Dec 29 06:29:39 UTC 2019 /home/travis/build/icyphy/ptII/ptolemy/actor/lib/test/auto/ConfigurationSwitchCloningBugWithClassRelationGroup.xml
----------------- Instantiating /home/travis/build/icyphy/ptII/ptolemy/actor/lib/test/auto/ConfigurationSwitchCloningBugWithClassRelationGroup.xml
1 ms. Memory: 502784K Free: 412933K (82%)
----------------- Invoking toplevel() on ptolemy.moml.MoMLSimpleApplication@569ce86a
----------------- Done invoking toplevel() on ptolemy.moml.MoMLSimpleApplication@569ce86a
reloadAllAccessors: .ConfigurationSwitchCloningBugWithClassRelationGroup

===========================================================================================
----------------- testing Sun Dec 29 06:29:39 UTC 2019 /home/travis/build/icyphy/ptII/ptolemy/actor/lib/test/auto/ConfigurationSwitchSelectSDF.xml
----------------- Instantiating /home/travis/build/icyphy/ptII/ptolemy/actor/lib/test/auto/ConfigurationSwitchSelectSDF.xml
2 ms. Memory: 502784K Free: 407299K (81%)
----------------- Invoking toplevel() on ptolemy.moml.MoMLSimpleApplication@52a8af19
----------------- Done invoking toplevel() on ptolemy.moml.MoMLSimpleApplication@52a8af19
reloadAllAccessors: .ConfigurationSwitchSelectSDF

===========================================================================================
----------------- testing Sun Dec 29 06:29:39 UTC 2019 /home/travis/build/icyphy/ptII/ptolemy/actor/lib/test/auto/ConfigurationSwitchSelectSDF2.xml
----------------- Instantiating /home/travis/build/icyphy/ptII/ptolemy/actor/lib/test/auto/ConfigurationSwitchSelectSDF2.xml
2 ms. Memory: 502784K Free: 401155K (80%)
----------------- Invoking toplevel() on ptolemy.moml.MoMLSimpleApplication@7cbe2c36
----------------- Done invoking toplevel() on ptolemy.moml.MoMLSimpleApplication@7cbe2c36
reloadAllAccessors: .ConfigurationSwitchSelectSDF2

===========================================================================================
----------------- testing Sun Dec 29 06:29:39 UTC 2019 /home/travis/build/icyphy/ptII/ptolemy/actor/lib/test/auto/Const.xml
----------------- Instantiating /home/travis/build/icyphy/ptII/ptolemy/actor/lib/test/auto/Const.xml
1 ms. Memory: 502784K Free: 398083K (79%)
----------------- Invoking toplevel() on ptolemy.moml.MoMLSimpleApplication@859e88a
----------------- Done invoking toplevel() on ptolemy.moml.MoMLSimpleApplication@859e88a
reloadAllAccessors: .Const

===========================================================================================
----------------- testing Sun Dec 29 06:29:39 UTC 2019 /home/travis/build/icyphy/ptII/ptolemy/actor/lib/test/auto/Const2.xml
----------------- Instantiating /home/travis/build/icyphy/ptII/ptolemy/actor/lib/test/auto/Const2.xml
1 ms. Memory: 502784K Free: 393987K (78%)
----------------- Invoking toplevel() on ptolemy.moml.MoMLSimpleApplication@6f230582
----------------- Done invoking toplevel() on ptolemy.moml.MoMLSimpleApplication@6f230582
reloadAllAccessors: .Const2

===========================================================================================
----------------- testing Sun Dec 29 06:29:39 UTC 2019 /home/travis/build/icyphy/ptII/ptolemy/actor/lib/test/auto/Const3.xml
----------------- Instantiating /home/travis/build/icyphy/ptII/ptolemy/actor/lib/test/auto/Const3.xml
1 ms. Memory: 502784K Free: 390915K (78%)
----------------- Invoking toplevel() on ptolemy.moml.MoMLSimpleApplication@7a659996
----------------- Done invoking toplevel() on ptolemy.moml.MoMLSimpleApplication@7a659996
reloadAllAccessors: .Const3

===========================================================================================
----------------- testing Sun Dec 29 06:29:39 UTC 2019 /home/travis/build/icyphy/ptII/ptolemy/actor/lib/test/auto/ConstantPublisherPort1.xml
----------------- Instantiating /home/travis/build/icyphy/ptII/ptolemy/actor/lib/test/auto/ConstantPublisherPort1.xml
10 ms. Memory: 502784K Free: 382213K (76%)
----------------- Invoking toplevel() on ptolemy.moml.MoMLSimpleApplication@4522c09d
----------------- Done invoking toplevel() on ptolemy.moml.MoMLSimpleApplication@4522c09d
reloadAllAccessors: .ConstantPublisherPort1

===========================================================================================
----------------- testing Sun Dec 29 06:29:39 UTC 2019 /home/travis/build/icyphy/ptII/ptolemy/actor/lib/test/auto/ConstantPublisherPort2.xml
----------------- Instantiating /home/travis/build/icyphy/ptII/ptolemy/actor/lib/test/auto/ConstantPublisherPort2.xml
10 ms. Memory: 502784K Free: 374531K (74%)
----------------- Invoking toplevel() on ptolemy.moml.MoMLSimpleApplication@2f5e28a3
----------------- Done invoking toplevel() on ptolemy.moml.MoMLSimpleApplication@2f5e28a3
reloadAllAccessors: .ConstantPublisherPort2

===========================================================================================
----------------- testing Sun Dec 29 06:29:39 UTC 2019 /home/travis/build/icyphy/ptII/ptolemy/actor/lib/test/auto/ConstantPublisherPort3.xml
----------------- Instantiating /home/travis/build/icyphy/ptII/ptolemy/actor/lib/test/auto/ConstantPublisherPort3.xml
7 ms. Memory: 502784K Free: 366853K (73%)
----------------- Invoking toplevel() on ptolemy.moml.MoMLSimpleApplication@4733d4fb
----------------- Done invoking toplevel() on ptolemy.moml.MoMLSimpleApplication@4733d4fb
reloadAllAccessors: .ConstantPublisherPort3

===========================================================================================
----------------- testing Sun Dec 29 06:29:39 UTC 2019 /home/travis/build/icyphy/ptII/ptolemy/actor/lib/test/auto/ConstantPublisherPort4.xml
----------------- Instantiating /home/travis/build/icyphy/ptII/ptolemy/actor/lib/test/auto/ConstantPublisherPort4.xml
3 ms. Memory: 502784K Free: 360195K (72%)
----------------- Invoking toplevel() on ptolemy.moml.MoMLSimpleApplication@3f039dc3
----------------- Done invoking toplevel() on ptolemy.moml.MoMLSimpleApplication@3f039dc3
reloadAllAccessors: .ConstantPublisherPort4

===========================================================================================
----------------- testing Sun Dec 29 06:29:39 UTC 2019 /home/travis/build/icyphy/ptII/ptolemy/actor/lib/test/auto/ConstantPublisherPort5.xml
----------------- Instantiating /home/travis/build/icyphy/ptII/ptolemy/actor/lib/test/auto/ConstantPublisherPort5.xml
29 ms. Memory: 502784K Free: 350469K (70%)
----------------- Invoking toplevel() on ptolemy.moml.MoMLSimpleApplication@6447bb0b
----------------- Done invoking toplevel() on ptolemy.moml.MoMLSimpleApplication@6447bb0b
reloadAllAccessors: .ConstantPublisherPort5

===========================================================================================
----------------- testing Sun Dec 29 06:29:39 UTC 2019 /home/travis/build/icyphy/ptII/ptolemy/actor/lib/test/auto/ConstantPublisherPort6.xml
----------------- Instantiating /home/travis/build/icyphy/ptII/ptolemy/actor/lib/test/auto/ConstantPublisherPort6.xml
16 ms. Memory: 502784K Free: 341253K (68%)
----------------- Invoking toplevel() on ptolemy.moml.MoMLSimpleApplication@16517ad0
----------------- Done invoking toplevel() on ptolemy.moml.MoMLSimpleApplication@16517ad0
reloadAllAccessors: .ConstantPublisherPort6

===========================================================================================
----------------- testing Sun Dec 29 06:29:39 UTC 2019 /home/travis/build/icyphy/ptII/ptolemy/actor/lib/test/auto/ConstantPublisherPort7.xml
----------------- Instantiating /home/travis/build/icyphy/ptII/ptolemy/actor/lib/test/auto/ConstantPublisherPort7.xml
19 ms. Memory: 502784K Free: 332037K (66%)
----------------- Invoking toplevel() on ptolemy.moml.MoMLSimpleApplication@d3310b7
----------------- Done invoking toplevel() on ptolemy.moml.MoMLSimpleApplication@d3310b7
reloadAllAccessors: .ConstantPublisherPort7

===========================================================================================
----------------- testing Sun Dec 29 06:29:39 UTC 2019 /home/travis/build/icyphy/ptII/ptolemy/actor/lib/test/auto/ConstraintMonitor1.xml
----------------- Instantiating /home/travis/build/icyphy/ptII/ptolemy/actor/lib/test/auto/ConstraintMonitor1.xml
3 ms. Memory: 502784K Free: 326917K (65%)
----------------- Invoking toplevel() on ptolemy.moml.MoMLSimpleApplication@5e44bf58
----------------- Done invoking toplevel() on ptolemy.moml.MoMLSimpleApplication@5e44bf58
reloadAllAccessors: .ConstraintMonitor1

===========================================================================================
----------------- testing Sun Dec 29 06:29:39 UTC 2019 /home/travis/build/icyphy/ptII/ptolemy/actor/lib/test/auto/ConstraintMonitor2.xml
----------------- Instantiating /home/travis/build/icyphy/ptII/ptolemy/actor/lib/test/auto/ConstraintMonitor2.xml
1 ms. Memory: 502784K Free: 321797K (64%)
----------------- Invoking toplevel() on ptolemy.moml.MoMLSimpleApplication@5ca332f8
----------------- Done invoking toplevel() on ptolemy.moml.MoMLSimpleApplication@5ca332f8
reloadAllAccessors: .ConstraintMonitor2

===========================================================================================
----------------- testing Sun Dec 29 06:29:39 UTC 2019 /home/travis/build/icyphy/ptII/ptolemy/actor/lib/test/auto/ConstraintMonitor3.xml
----------------- Instantiating /home/travis/build/icyphy/ptII/ptolemy/actor/lib/test/auto/ConstraintMonitor3.xml
4 ms. Memory: 502784K Free: 317187K (63%)
----------------- Invoking toplevel() on ptolemy.moml.MoMLSimpleApplication@7d1028dd
----------------- Done invoking toplevel() on ptolemy.moml.MoMLSimpleApplication@7d1028dd
reloadAllAccessors: .ConstraintMonitor3

===========================================================================================
----------------- testing Sun Dec 29 06:29:39 UTC 2019 /home/travis/build/icyphy/ptII/ptolemy/actor/lib/test/auto/ConstraintMonitor4.xml
----------------- Instantiating /home/travis/build/icyphy/ptII/ptolemy/actor/lib/test/auto/ConstraintMonitor4.xml
1 ms. Memory: 502784K Free: 312067K (62%)
----------------- Invoking toplevel() on ptolemy.moml.MoMLSimpleApplication@7f51faa9
----------------- Done invoking toplevel() on ptolemy.moml.MoMLSimpleApplication@7f51faa9
reloadAllAccessors: .ConstraintMonitor4

===========================================================================================
----------------- testing Sun Dec 29 06:29:39 UTC 2019 /home/travis/build/icyphy/ptII/ptolemy/actor/lib/test/auto/ConstraintMonitor5.xml
----------------- Instantiating /home/travis/build/icyphy/ptII/ptolemy/actor/lib/test/auto/ConstraintMonitor5.xml
2 ms. Memory: 502784K Free: 306437K (61%)
----------------- Invoking toplevel() on ptolemy.moml.MoMLSimpleApplication@e742f0
----------------- Done invoking toplevel() on ptolemy.moml.MoMLSimpleApplication@e742f0
reloadAllAccessors: .ConstraintMonitor5

===========================================================================================
----------------- testing Sun Dec 29 06:29:39 UTC 2019 /home/travis/build/icyphy/ptII/ptolemy/actor/lib/test/auto/ConstraintMonitor6.xml
----------------- Instantiating /home/travis/build/icyphy/ptII/ptolemy/actor/lib/test/auto/ConstraintMonitor6.xml
2 ms. Memory: 502784K Free: 300797K (60%)
----------------- Invoking toplevel() on ptolemy.moml.MoMLSimpleApplication@77b0b49f
----------------- Done invoking toplevel() on ptolemy.moml.MoMLSimpleApplication@77b0b49f
reloadAllAccessors: .ConstraintMonitor6

===========================================================================================
----------------- testing Sun Dec 29 06:29:39 UTC 2019 /home/travis/build/icyphy/ptII/ptolemy/actor/lib/test/auto/ConstraintMonitor7.xml
----------------- Instantiating /home/travis/build/icyphy/ptII/ptolemy/actor/lib/test/auto/ConstraintMonitor7.xml
2 ms. Memory: 502784K Free: 294149K (59%)
----------------- Invoking toplevel() on ptolemy.moml.MoMLSimpleApplication@292f5e6f
----------------- Done invoking toplevel() on ptolemy.moml.MoMLSimpleApplication@292f5e6f
reloadAllAccessors: .ConstraintMonitor7

===========================================================================================
----------------- testing Sun Dec 29 06:29:40 UTC 2019 /home/travis/build/icyphy/ptII/ptolemy/actor/lib/test/auto/ConstraintMonitor8.xml
----------------- Instantiating /home/travis/build/icyphy/ptII/ptolemy/actor/lib/test/auto/ConstraintMonitor8.xml
3 ms. Memory: 502784K Free: 286467K (57%)
----------------- Invoking toplevel() on ptolemy.moml.MoMLSimpleApplication@d74aad9
----------------- Done invoking toplevel() on ptolemy.moml.MoMLSimpleApplication@d74aad9
reloadAllAccessors: .ConstraintMonitor8

===========================================================================================
----------------- testing Sun Dec 29 06:29:40 UTC 2019 /home/travis/build/icyphy/ptII/ptolemy/actor/lib/test/auto/Counter.xml
----------------- Instantiating /home/travis/build/icyphy/ptII/ptolemy/actor/lib/test/auto/Counter.xml
2 ms. Memory: 502784K Free: 281345K (56%)
----------------- Invoking toplevel() on ptolemy.moml.MoMLSimpleApplication@6d879fd3
----------------- Done invoking toplevel() on ptolemy.moml.MoMLSimpleApplication@6d879fd3
reloadAllAccessors: .Counter

===========================================================================================
----------------- testing Sun Dec 29 06:29:40 UTC 2019 /home/travis/build/icyphy/ptII/ptolemy/actor/lib/test/auto/CurrentTimeSDF.xml
----------------- Instantiating /home/travis/build/icyphy/ptII/ptolemy/actor/lib/test/auto/CurrentTimeSDF.xml
2 ms. Memory: 502784K Free: 277251K (55%)
----------------- Invoking toplevel() on ptolemy.moml.MoMLSimpleApplication@678fed23
----------------- Done invoking toplevel() on ptolemy.moml.MoMLSimpleApplication@678fed23
reloadAllAccessors: .CurrentTimeSDF

===========================================================================================
----------------- testing Sun Dec 29 06:29:40 UTC 2019 /home/travis/build/icyphy/ptII/ptolemy/actor/lib/test/auto/DB.xml
----------------- Instantiating /home/travis/build/icyphy/ptII/ptolemy/actor/lib/test/auto/DB.xml
2 ms. Memory: 502784K Free: 272131K (54%)
----------------- Invoking toplevel() on ptolemy.moml.MoMLSimpleApplication@51bb2d15
----------------- Done invoking toplevel() on ptolemy.moml.MoMLSimpleApplication@51bb2d15
reloadAllAccessors: .DB

===========================================================================================
----------------- testing Sun Dec 29 06:29:40 UTC 2019 /home/travis/build/icyphy/ptII/ptolemy/actor/lib/test/auto/DBDE.xml
----------------- Instantiating /home/travis/build/icyphy/ptII/ptolemy/actor/lib/test/auto/DBDE.xml
2 ms. Memory: 502784K Free: 266501K (53%)
----------------- Invoking toplevel() on ptolemy.moml.MoMLSimpleApplication@63960db4
----------------- Done invoking toplevel() on ptolemy.moml.MoMLSimpleApplication@63960db4
reloadAllAccessors: .DBDE

===========================================================================================
----------------- testing Sun Dec 29 06:29:40 UTC 2019 /home/travis/build/icyphy/ptII/ptolemy/actor/lib/test/auto/DateConstructor.xml
----------------- Instantiating /home/travis/build/icyphy/ptII/ptolemy/actor/lib/test/auto/DateConstructor.xml
24 ms. Memory: 502784K Free: 248579K (49%)
----------------- Invoking toplevel() on ptolemy.moml.MoMLSimpleApplication@7457565c
----------------- Done invoking toplevel() on ptolemy.moml.MoMLSimpleApplication@7457565c
reloadAllAccessors: .DateConstructor

===========================================================================================
----------------- testing Sun Dec 29 06:29:40 UTC 2019 /home/travis/build/icyphy/ptII/ptolemy/actor/lib/test/auto/DelayTime.xml
----------------- Instantiating /home/travis/build/icyphy/ptII/ptolemy/actor/lib/test/auto/DelayTime.xml
5 ms. Memory: 502784K Free: 243459K (48%)
----------------- Invoking toplevel() on ptolemy.moml.MoMLSimpleApplication@5383ea4d
----------------- Done invoking toplevel() on ptolemy.moml.MoMLSimpleApplication@5383ea4d
reloadAllAccessors: .DelayTime

===========================================================================================
----------------- testing Sun Dec 29 06:29:40 UTC 2019 /home/travis/build/icyphy/ptII/ptolemy/actor/lib/test/auto/Dictionary1.xml
----------------- Instantiating /home/travis/build/icyphy/ptII/ptolemy/actor/lib/test/auto/Dictionary1.xml
1 ms. Memory: 502784K Free: 238339K (47%)
----------------- Invoking toplevel() on ptolemy.moml.MoMLSimpleApplication@408dbd46
----------------- Done invoking toplevel() on ptolemy.moml.MoMLSimpleApplication@408dbd46
reloadAllAccessors: .Dictionary1

===========================================================================================
----------------- testing Sun Dec 29 06:29:40 UTC 2019 /home/travis/build/icyphy/ptII/ptolemy/actor/lib/test/auto/Dictionary2.xml
----------------- Instantiating /home/travis/build/icyphy/ptII/ptolemy/actor/lib/test/auto/Dictionary2.xml
3 ms. Memory: 502784K Free: 232709K (46%)
----------------- Invoking toplevel() on ptolemy.moml.MoMLSimpleApplication@6b7801eb
----------------- Done invoking toplevel() on ptolemy.moml.MoMLSimpleApplication@6b7801eb
reloadAllAccessors: .Dictionary2

===========================================================================================
----------------- testing Sun Dec 29 06:29:40 UTC 2019 /home/travis/build/icyphy/ptII/ptolemy/actor/lib/test/auto/Dictionary3.xml
----------------- Instantiating /home/travis/build/icyphy/ptII/ptolemy/actor/lib/test/auto/Dictionary3.xml
1 ms. Memory: 502784K Free: 227075K (45%)
----------------- Invoking toplevel() on ptolemy.moml.MoMLSimpleApplication@6560d78f
----------------- Done invoking toplevel() on ptolemy.moml.MoMLSimpleApplication@6560d78f
reloadAllAccessors: .Dictionary3

===========================================================================================
----------------- testing Sun Dec 29 06:29:40 UTC 2019 /home/travis/build/icyphy/ptII/ptolemy/actor/lib/test/auto/Dictionary4.xml
----------------- Instantiating /home/travis/build/icyphy/ptII/ptolemy/actor/lib/test/auto/Dictionary4.xml
3 ms. Memory: 502784K Free: 219901K (44%)
----------------- Invoking toplevel() on ptolemy.moml.MoMLSimpleApplication@3bf0dd69
----------------- Done invoking toplevel() on ptolemy.moml.MoMLSimpleApplication@3bf0dd69
reloadAllAccessors: .Dictionary4

===========================================================================================
----------------- testing Sun Dec 29 06:29:40 UTC 2019 /home/travis/build/icyphy/ptII/ptolemy/actor/lib/test/auto/Differential.xml
----------------- Instantiating /home/travis/build/icyphy/ptII/ptolemy/actor/lib/test/auto/Differential.xml
2 ms. Memory: 502784K Free: 215811K (43%)
----------------- Invoking toplevel() on ptolemy.moml.MoMLSimpleApplication@19c1a5ca
----------------- Done invoking toplevel() on ptolemy.moml.MoMLSimpleApplication@19c1a5ca
reloadAllAccessors: .Differential

===========================================================================================
----------------- testing Sun Dec 29 06:29:40 UTC 2019 /home/travis/build/icyphy/ptII/ptolemy/actor/lib/test/auto/Director.xml
----------------- Instantiating /home/travis/build/icyphy/ptII/ptolemy/actor/lib/test/auto/Director.xml
1 ms. Memory: 502784K Free: 212229K (42%)
----------------- Invoking toplevel() on ptolemy.moml.MoMLSimpleApplication@55e6e8cb
----------------- Done invoking toplevel() on ptolemy.moml.MoMLSimpleApplication@55e6e8cb
reloadAllAccessors: .Director

===========================================================================================
----------------- testing Sun Dec 29 06:29:40 UTC 2019 /home/travis/build/icyphy/ptII/ptolemy/actor/lib/test/auto/DiscreteClock.xml
----------------- Instantiating /home/travis/build/icyphy/ptII/ptolemy/actor/lib/test/auto/DiscreteClock.xml
0 ms. Memory: 502784K Free: 208133K (41%)
----------------- Invoking toplevel() on ptolemy.moml.MoMLSimpleApplication@62c36ce5
----------------- Done invoking toplevel() on ptolemy.moml.MoMLSimpleApplication@62c36ce5
reloadAllAccessors: .DiscreteClock

===========================================================================================
----------------- testing Sun Dec 29 06:29:40 UTC 2019 /home/travis/build/icyphy/ptII/ptolemy/actor/lib/test/auto/DiscreteClock10.xml
----------------- Instantiating /home/travis/build/icyphy/ptII/ptolemy/actor/lib/test/auto/DiscreteClock10.xml
2 ms. Memory: 502784K Free: 447232K (89%)
----------------- Invoking toplevel() on ptolemy.moml.MoMLSimpleApplication@7ce3b0eb
----------------- Done invoking toplevel() on ptolemy.moml.MoMLSimpleApplication@7ce3b0eb
reloadAllAccessors: .DiscreteClock10

===========================================================================================
----------------- testing Sun Dec 29 06:29:40 UTC 2019 /home/travis/build/icyphy/ptII/ptolemy/actor/lib/test/auto/DiscreteClock11.xml
----------------- Instantiating /home/travis/build/icyphy/ptII/ptolemy/actor/lib/test/auto/DiscreteClock11.xml
1 ms. Memory: 502784K Free: 441088K (88%)
----------------- Invoking toplevel() on ptolemy.moml.MoMLSimpleApplication@2d15adc6
----------------- Done invoking toplevel() on ptolemy.moml.MoMLSimpleApplication@2d15adc6
reloadAllAccessors: .DiscreteClock11

===========================================================================================
----------------- testing Sun Dec 29 06:29:40 UTC 2019 /home/travis/build/icyphy/ptII/ptolemy/actor/lib/test/auto/DiscreteClock12.xml
----------------- Instantiating /home/travis/build/icyphy/ptII/ptolemy/actor/lib/test/auto/DiscreteClock12.xml
1 ms. Memory: 502784K Free: 434944K (87%)
----------------- Invoking toplevel() on ptolemy.moml.MoMLSimpleApplication@50fd2721
----------------- Done invoking toplevel() on ptolemy.moml.MoMLSimpleApplication@50fd2721
reloadAllAccessors: .DiscreteClock12

===========================================================================================
----------------- testing Sun Dec 29 06:29:40 UTC 2019 /home/travis/build/icyphy/ptII/ptolemy/actor/lib/test/auto/DiscreteClock13.xml
----------------- Instantiating /home/travis/build/icyphy/ptII/ptolemy/actor/lib/test/auto/DiscreteClock13.xml
4 ms. Memory: 502784K Free: 428800K (85%)
----------------- Invoking toplevel() on ptolemy.moml.MoMLSimpleApplication@27852985
----------------- Done invoking toplevel() on ptolemy.moml.MoMLSimpleApplication@27852985
reloadAllAccessors: .DiscreteClock13

===========================================================================================
----------------- testing Sun Dec 29 06:29:40 UTC 2019 /home/travis/build/icyphy/ptII/ptolemy/actor/lib/test/auto/DiscreteClock14.xml
----------------- Instantiating /home/travis/build/icyphy/ptII/ptolemy/actor/lib/test/auto/DiscreteClock14.xml
5 ms. Memory: 502784K Free: 423133K (84%)
----------------- Invoking toplevel() on ptolemy.moml.MoMLSimpleApplication@6307e506
----------------- Done invoking toplevel() on ptolemy.moml.MoMLSimpleApplication@6307e506
reloadAllAccessors: .DiscreteClock14

===========================================================================================
----------------- testing Sun Dec 29 06:29:40 UTC 2019 /home/travis/build/icyphy/ptII/ptolemy/actor/lib/test/auto/DiscreteClock15.xml
----------------- Instantiating /home/travis/build/icyphy/ptII/ptolemy/actor/lib/test/auto/DiscreteClock15.xml
4 ms. Memory: 502784K Free: 416992K (83%)
----------------- Invoking toplevel() on ptolemy.moml.MoMLSimpleApplication@70763c47
----------------- Done invoking toplevel() on ptolemy.moml.MoMLSimpleApplication@70763c47
reloadAllAccessors: .DiscreteClock15

===========================================================================================
----------------- testing Sun Dec 29 06:29:40 UTC 2019 /home/travis/build/icyphy/ptII/ptolemy/actor/lib/test/auto/DiscreteClock16.xml
----------------- Instantiating /home/travis/build/icyphy/ptII/ptolemy/actor/lib/test/auto/DiscreteClock16.xml
15 ms. Memory: 502784K Free: 403200K (80%)
----------------- Invoking toplevel() on ptolemy.moml.MoMLSimpleApplication@73bffcec
----------------- Done invoking toplevel() on ptolemy.moml.MoMLSimpleApplication@73bffcec
reloadAllAccessors: .DiscreteClock16

===========================================================================================
----------------- testing Sun Dec 29 06:29:40 UTC 2019 /home/travis/build/icyphy/ptII/ptolemy/actor/lib/test/auto/DiscreteClock17.xml
----------------- Instantiating /home/travis/build/icyphy/ptII/ptolemy/actor/lib/test/auto/DiscreteClock17.xml
17 ms. Memory: 502784K Free: 388336K (77%)
----------------- Invoking toplevel() on ptolemy.moml.MoMLSimpleApplication@30a08b5c
----------------- Done invoking toplevel() on ptolemy.moml.MoMLSimpleApplication@30a08b5c
reloadAllAccessors: .DiscreteClock17

===========================================================================================
----------------- testing Sun Dec 29 06:29:40 UTC 2019 /home/travis/build/icyphy/ptII/ptolemy/actor/lib/test/auto/DiscreteClock18.xml
----------------- Instantiating /home/travis/build/icyphy/ptII/ptolemy/actor/lib/test/auto/DiscreteClock18.xml
20 ms. Memory: 502784K Free: 374528K (74%)
----------------- Invoking toplevel() on ptolemy.moml.MoMLSimpleApplication@221a1011
----------------- Done invoking toplevel() on ptolemy.moml.MoMLSimpleApplication@221a1011
reloadAllAccessors: .DiscreteClock18

===========================================================================================
----------------- testing Sun Dec 29 06:29:40 UTC 2019 /home/travis/build/icyphy/ptII/ptolemy/actor/lib/test/auto/DiscreteClock19.xml
----------------- Instantiating /home/travis/build/icyphy/ptII/ptolemy/actor/lib/test/auto/DiscreteClock19.xml
19 ms. Memory: 502784K Free: 361216K (72%)
----------------- Invoking toplevel() on ptolemy.moml.MoMLSimpleApplication@7033f5c5
----------------- Done invoking toplevel() on ptolemy.moml.MoMLSimpleApplication@7033f5c5
reloadAllAccessors: .DiscreteClock19

===========================================================================================
----------------- testing Sun Dec 29 06:29:40 UTC 2019 /home/travis/build/icyphy/ptII/ptolemy/actor/lib/test/auto/DiscreteClock2.xml
----------------- Instantiating /home/travis/build/icyphy/ptII/ptolemy/actor/lib/test/auto/DiscreteClock2.xml
3 ms. Memory: 502784K Free: 356096K (71%)
----------------- Invoking toplevel() on ptolemy.moml.MoMLSimpleApplication@cd178af
----------------- Done invoking toplevel() on ptolemy.moml.MoMLSimpleApplication@cd178af
reloadAllAccessors: .DiscreteClock2

===========================================================================================
----------------- testing Sun Dec 29 06:29:40 UTC 2019 /home/travis/build/icyphy/ptII/ptolemy/actor/lib/test/auto/DiscreteClock20.xml
----------------- Instantiating /home/travis/build/icyphy/ptII/ptolemy/actor/lib/test/auto/DiscreteClock20.xml
6 ms. Memory: 502784K Free: 350462K (70%)
----------------- Invoking toplevel() on ptolemy.moml.MoMLSimpleApplication@24a33ac6
----------------- Done invoking toplevel() on ptolemy.moml.MoMLSimpleApplication@24a33ac6
reloadAllAccessors: .DiscreteClock20

===========================================================================================
----------------- testing Sun Dec 29 06:29:40 UTC 2019 /home/travis/build/icyphy/ptII/ptolemy/actor/lib/test/auto/DiscreteClock21.xml
----------------- Instantiating /home/travis/build/icyphy/ptII/ptolemy/actor/lib/test/auto/DiscreteClock21.xml
4 ms. Memory: 502784K Free: 344832K (69%)
----------------- Invoking toplevel() on ptolemy.moml.MoMLSimpleApplication@7515bc66
----------------- Done invoking toplevel() on ptolemy.moml.MoMLSimpleApplication@7515bc66
reloadAllAccessors: .DiscreteClock21

===========================================================================================
----------------- testing Sun Dec 29 06:29:40 UTC 2019 /home/travis/build/icyphy/ptII/ptolemy/actor/lib/test/auto/DiscreteClock22.xml
----------------- Instantiating /home/travis/build/icyphy/ptII/ptolemy/actor/lib/test/auto/DiscreteClock22.xml
4 ms. Memory: 502784K Free: 339712K (68%)
----------------- Invoking toplevel() on ptolemy.moml.MoMLSimpleApplication@3490085b
----------------- Done invoking toplevel() on ptolemy.moml.MoMLSimpleApplication@3490085b
reloadAllAccessors: .DiscreteClock22

===========================================================================================
----------------- testing Sun Dec 29 06:29:40 UTC 2019 /home/travis/build/icyphy/ptII/ptolemy/actor/lib/test/auto/DiscreteClock23.xml
----------------- Instantiating /home/travis/build/icyphy/ptII/ptolemy/actor/lib/test/auto/DiscreteClock23.xml
8 ms. Memory: 502784K Free: 334078K (66%)
----------------- Invoking toplevel() on ptolemy.moml.MoMLSimpleApplication@2667806e
----------------- Done invoking toplevel() on ptolemy.moml.MoMLSimpleApplication@2667806e
reloadAllAccessors: .DiscreteClock23

===========================================================================================
----------------- testing Sun Dec 29 06:29:40 UTC 2019 /home/travis/build/icyphy/ptII/ptolemy/actor/lib/test/auto/DiscreteClock24.xml
----------------- Instantiating /home/travis/build/icyphy/ptII/ptolemy/actor/lib/test/auto/DiscreteClock24.xml
3 ms. Memory: 502784K Free: 328448K (65%)
----------------- Invoking toplevel() on ptolemy.moml.MoMLSimpleApplication@7e131312
----------------- Done invoking toplevel() on ptolemy.moml.MoMLSimpleApplication@7e131312
reloadAllAccessors: .DiscreteClock24

===========================================================================================
----------------- testing Sun Dec 29 06:29:40 UTC 2019 /home/travis/build/icyphy/ptII/ptolemy/actor/lib/test/auto/DiscreteClock4.xml
----------------- Instantiating /home/travis/build/icyphy/ptII/ptolemy/actor/lib/test/auto/DiscreteClock4.xml
3 ms. Memory: 502784K Free: 322800K (64%)
----------------- Invoking toplevel() on ptolemy.moml.MoMLSimpleApplication@a95774b
----------------- Done invoking toplevel() on ptolemy.moml.MoMLSimpleApplication@a95774b
reloadAllAccessors: .DiscreteClock4

===========================================================================================
----------------- testing Sun Dec 29 06:29:40 UTC 2019 /home/travis/build/icyphy/ptII/ptolemy/actor/lib/test/auto/DiscreteClock5.xml
----------------- Instantiating /home/travis/build/icyphy/ptII/ptolemy/actor/lib/test/auto/DiscreteClock5.xml
1 ms. Memory: 502784K Free: 317688K (63%)
----------------- Invoking toplevel() on ptolemy.moml.MoMLSimpleApplication@6ddb6301
----------------- Done invoking toplevel() on ptolemy.moml.MoMLSimpleApplication@6ddb6301
reloadAllAccessors: .DiscreteClock5

===========================================================================================
----------------- testing Sun Dec 29 06:29:40 UTC 2019 /home/travis/build/icyphy/ptII/ptolemy/actor/lib/test/auto/DiscreteClock6.xml
----------------- Instantiating /home/travis/build/icyphy/ptII/ptolemy/actor/lib/test/auto/DiscreteClock6.xml
1 ms. Memory: 502784K Free: 313088K (62%)
----------------- Invoking toplevel() on ptolemy.moml.MoMLSimpleApplication@700fd719
----------------- Done invoking toplevel() on ptolemy.moml.MoMLSimpleApplication@700fd719
reloadAllAccessors: .DiscreteClock6

===========================================================================================
----------------- testing Sun Dec 29 06:29:40 UTC 2019 /home/travis/build/icyphy/ptII/ptolemy/actor/lib/test/auto/DiscreteClock7.xml
----------------- Instantiating /home/travis/build/icyphy/ptII/ptolemy/actor/lib/test/auto/DiscreteClock7.xml
1 ms. Memory: 502784K Free: 308478K (61%)
----------------- Invoking toplevel() on ptolemy.moml.MoMLSimpleApplication@44eeb48
----------------- Done invoking toplevel() on ptolemy.moml.MoMLSimpleApplication@44eeb48
reloadAllAccessors: .DiscreteClock7

===========================================================================================
----------------- testing Sun Dec 29 06:29:40 UTC 2019 /home/travis/build/icyphy/ptII/ptolemy/actor/lib/test/auto/DiscreteClock8.xml
----------------- Instantiating /home/travis/build/icyphy/ptII/ptolemy/actor/lib/test/auto/DiscreteClock8.xml
1 ms. Memory: 502784K Free: 302848K (60%)
----------------- Invoking toplevel() on ptolemy.moml.MoMLSimpleApplication@57dbbba3
----------------- Done invoking toplevel() on ptolemy.moml.MoMLSimpleApplication@57dbbba3
reloadAllAccessors: .DiscreteClock8

===========================================================================================
----------------- testing Sun Dec 29 06:29:40 UTC 2019 /home/travis/build/icyphy/ptII/ptolemy/actor/lib/test/auto/DiscreteClock9.xml
----------------- Instantiating /home/travis/build/icyphy/ptII/ptolemy/actor/lib/test/auto/DiscreteClock9.xml
3 ms. Memory: 502784K Free: 296704K (59%)
----------------- Invoking toplevel() on ptolemy.moml.MoMLSimpleApplication@4e731eb9
----------------- Done invoking toplevel() on ptolemy.moml.MoMLSimpleApplication@4e731eb9
reloadAllAccessors: .DiscreteClock9

===========================================================================================
----------------- testing Sun Dec 29 06:29:40 UTC 2019 /home/travis/build/icyphy/ptII/ptolemy/actor/lib/test/auto/DisplayArray.xml
----------------- Instantiating /home/travis/build/icyphy/ptII/ptolemy/actor/lib/test/auto/DisplayArray.xml
1 ms. Memory: 502784K Free: 293632K (58%)
----------------- Invoking toplevel() on ptolemy.moml.MoMLSimpleApplication@1646b65f
----------------- Done invoking toplevel() on ptolemy.moml.MoMLSimpleApplication@1646b65f
reloadAllAccessors: .DisplayArray

===========================================================================================
----------------- testing Sun Dec 29 06:29:40 UTC 2019 /home/travis/build/icyphy/ptII/ptolemy/actor/lib/test/auto/Distributor.xml
----------------- Instantiating /home/travis/build/icyphy/ptII/ptolemy/actor/lib/test/auto/Distributor.xml
1 ms. Memory: 502784K Free: 288512K (57%)
----------------- Invoking toplevel() on ptolemy.moml.MoMLSimpleApplication@1730544d
----------------- Done invoking toplevel() on ptolemy.moml.MoMLSimpleApplication@1730544d
reloadAllAccessors: .Distributor

===========================================================================================
----------------- testing Sun Dec 29 06:29:40 UTC 2019 /home/travis/build/icyphy/ptII/ptolemy/actor/lib/test/auto/Distributor2.xml
----------------- Instantiating /home/travis/build/icyphy/ptII/ptolemy/actor/lib/test/auto/Distributor2.xml
1 ms. Memory: 502784K Free: 283392K (56%)
----------------- Invoking toplevel() on ptolemy.moml.MoMLSimpleApplication@310f9ff
----------------- Done invoking toplevel() on ptolemy.moml.MoMLSimpleApplication@310f9ff
reloadAllAccessors: .Distributor2

===========================================================================================
----------------- testing Sun Dec 29 06:29:40 UTC 2019 /home/travis/build/icyphy/ptII/ptolemy/actor/lib/test/auto/DownSample.xml
----------------- Instantiating /home/travis/build/icyphy/ptII/ptolemy/actor/lib/test/auto/DownSample.xml
1 ms. Memory: 502784K Free: 278272K (55%)
----------------- Invoking toplevel() on ptolemy.moml.MoMLSimpleApplication@5a9dfcc7
----------------- Done invoking toplevel() on ptolemy.moml.MoMLSimpleApplication@5a9dfcc7
reloadAllAccessors: .DownSample

===========================================================================================
----------------- testing Sun Dec 29 06:29:40 UTC 2019 /home/travis/build/icyphy/ptII/ptolemy/actor/lib/test/auto/ElectronicUnitBase1.xml
----------------- Instantiating /home/travis/build/icyphy/ptII/ptolemy/actor/lib/test/auto/ElectronicUnitBase1.xml
15 ms. Memory: 502784K Free: 262398K (52%)
----------------- Invoking toplevel() on ptolemy.moml.MoMLSimpleApplication@622f9c7c
----------------- Done invoking toplevel() on ptolemy.moml.MoMLSimpleApplication@622f9c7c
reloadAllAccessors: .ElectronicUnitBase1

===========================================================================================
----------------- testing Sun Dec 29 06:29:40 UTC 2019 /home/travis/build/icyphy/ptII/ptolemy/actor/lib/test/auto/ElementsToArray.xml
----------------- Instantiating /home/travis/build/icyphy/ptII/ptolemy/actor/lib/test/auto/ElementsToArray.xml
2 ms. Memory: 502784K Free: 257278K (51%)
----------------- Invoking toplevel() on ptolemy.moml.MoMLSimpleApplication@523536f3
----------------- Done invoking toplevel() on ptolemy.moml.MoMLSimpleApplication@523536f3
reloadAllAccessors: .ElementsToArray

===========================================================================================
----------------- testing Sun Dec 29 06:29:40 UTC 2019 /home/travis/build/icyphy/ptII/ptolemy/actor/lib/test/auto/Equals.xml
----------------- Instantiating /home/travis/build/icyphy/ptII/ptolemy/actor/lib/test/auto/Equals.xml
2 ms. Memory: 502784K Free: 252672K (50%)
----------------- Invoking toplevel() on ptolemy.moml.MoMLSimpleApplication@2f7a4abd
----------------- Done invoking toplevel() on ptolemy.moml.MoMLSimpleApplication@2f7a4abd
reloadAllAccessors: .Equals

===========================================================================================
----------------- testing Sun Dec 29 06:29:40 UTC 2019 /home/travis/build/icyphy/ptII/ptolemy/actor/lib/test/auto/Exec.xml
----------------- Instantiating /home/travis/build/icyphy/ptII/ptolemy/actor/lib/test/auto/Exec.xml
13 ms. Memory: 502784K Free: 247038K (49%)
----------------- Invoking toplevel() on ptolemy.moml.MoMLSimpleApplication@3f38b232
----------------- Done invoking toplevel() on ptolemy.moml.MoMLSimpleApplication@3f38b232
reloadAllAccessors: .Exec

===========================================================================================
----------------- testing Sun Dec 29 06:29:40 UTC 2019 /home/travis/build/icyphy/ptII/ptolemy/actor/lib/test/auto/ExecEnvironment.xml
----------------- Instantiating /home/travis/build/icyphy/ptII/ptolemy/actor/lib/test/auto/ExecEnvironment.xml
23 ms. Memory: 502784K Free: 241406K (48%)
----------------- Invoking toplevel() on ptolemy.moml.MoMLSimpleApplication@39e5ca02
----------------- Done invoking toplevel() on ptolemy.moml.MoMLSimpleApplication@39e5ca02
reloadAllAccessors: .ExecEnvironment

===========================================================================================
----------------- testing Sun Dec 29 06:29:40 UTC 2019 /home/travis/build/icyphy/ptII/ptolemy/actor/lib/test/auto/ExecNonZeroReturnOutput.xml
----------------- Instantiating /home/travis/build/icyphy/ptII/ptolemy/actor/lib/test/auto/ExecNonZeroReturnOutput.xml
153 ms. Memory: 502784K Free: 230144K (46%)
----------------- Invoking toplevel() on ptolemy.moml.MoMLSimpleApplication@1daac910
----------------- Done invoking toplevel() on ptolemy.moml.MoMLSimpleApplication@1daac910
reloadAllAccessors: .ExecNonZeroReturnOutput

===========================================================================================
----------------- testing Sun Dec 29 06:29:41 UTC 2019 /home/travis/build/icyphy/ptII/ptolemy/actor/lib/test/auto/ExecRunDemos.xml
----------------- Instantiating /home/travis/build/icyphy/ptII/ptolemy/actor/lib/test/auto/ExecRunDemos.xml
Finished: 48 ms. Memory: 129024K Free: 113155K (88%)

Finished: 54 ms. Memory: 129024K Free: 110480K (86%)

Finished: 67 ms. Memory: 129024K Free: 111095K (86%)

Finished: 67 ms. Memory: 129024K Free: 112132K (87%)

Finished: 61 ms. Memory: 129024K Free: 113012K (88%)

9874 ms. Memory: 502784K Free: 208638K (41%)
----------------- Invoking toplevel() on ptolemy.moml.MoMLSimpleApplication@3c8d797d
----------------- Done invoking toplevel() on ptolemy.moml.MoMLSimpleApplication@3c8d797d
reloadAllAccessors: .ExecRunDemos

===========================================================================================
----------------- testing Sun Dec 29 06:29:51 UTC 2019 /home/travis/build/icyphy/ptII/ptolemy/actor/lib/test/auto/ExecStop.xml
----------------- Instantiating /home/travis/build/icyphy/ptII/ptolemy/actor/lib/test/auto/ExecStop.xml
5013 ms. Memory: 502784K Free: 349575K (70%)
----------------- Invoking toplevel() on ptolemy.moml.MoMLSimpleApplication@52bc6b88
----------------- Done invoking toplevel() on ptolemy.moml.MoMLSimpleApplication@52bc6b88
reloadAllAccessors: .ExecStop

===========================================================================================
----------------- testing Sun Dec 29 06:29:56 UTC 2019 /home/travis/build/icyphy/ptII/ptolemy/actor/lib/test/auto/ExecutionTimeSDF.xml
----------------- Instantiating /home/travis/build/icyphy/ptII/ptolemy/actor/lib/test/auto/ExecutionTimeSDF.xml
Fired ExecutionTime: -925367296
Fired ExecutionTime: 1338800000
Fired ExecutionTime: 183032704
6005 ms. Memory: 502784K Free: 337055K (67%)
----------------- Invoking toplevel() on ptolemy.moml.MoMLSimpleApplication@587b82ad
----------------- Done invoking toplevel() on ptolemy.moml.MoMLSimpleApplication@587b82ad
reloadAllAccessors: .ExecutionTimeSDF

===========================================================================================
----------------- testing Sun Dec 29 06:30:02 UTC 2019 /home/travis/build/icyphy/ptII/ptolemy/actor/lib/test/auto/Expression1.xml
----------------- Instantiating /home/travis/build/icyphy/ptII/ptolemy/actor/lib/test/auto/Expression1.xml
1 ms. Memory: 502784K Free: 333469K (66%)
----------------- Invoking toplevel() on ptolemy.moml.MoMLSimpleApplication@2cd430e7
----------------- Done invoking toplevel() on ptolemy.moml.MoMLSimpleApplication@2cd430e7
reloadAllAccessors: .Expression1

===========================================================================================
----------------- testing Sun Dec 29 06:30:02 UTC 2019 /home/travis/build/icyphy/ptII/ptolemy/actor/lib/test/auto/Expression10.xml
----------------- Instantiating /home/travis/build/icyphy/ptII/ptolemy/actor/lib/test/auto/Expression10.xml
12 ms. Memory: 502784K Free: 327839K (65%)
----------------- Invoking toplevel() on ptolemy.moml.MoMLSimpleApplication@760142de
----------------- Done invoking toplevel() on ptolemy.moml.MoMLSimpleApplication@760142de
reloadAllAccessors: .Expression10

===========================================================================================
----------------- testing Sun Dec 29 06:30:02 UTC 2019 /home/travis/build/icyphy/ptII/ptolemy/actor/lib/test/auto/Expression11.xml
----------------- Instantiating /home/travis/build/icyphy/ptII/ptolemy/actor/lib/test/auto/Expression11.xml
2 ms. Memory: 502784K Free: 323229K (64%)
----------------- Invoking toplevel() on ptolemy.moml.MoMLSimpleApplication@b57b19b
----------------- Done invoking toplevel() on ptolemy.moml.MoMLSimpleApplication@b57b19b
reloadAllAccessors: .Expression11

===========================================================================================
----------------- testing Sun Dec 29 06:30:02 UTC 2019 /home/travis/build/icyphy/ptII/ptolemy/actor/lib/test/auto/Expression12.xml
----------------- Instantiating /home/travis/build/icyphy/ptII/ptolemy/actor/lib/test/auto/Expression12.xml
2 ms. Memory: 502784K Free: 317599K (63%)
----------------- Invoking toplevel() on ptolemy.moml.MoMLSimpleApplication@c63deef
----------------- Done invoking toplevel() on ptolemy.moml.MoMLSimpleApplication@c63deef
reloadAllAccessors: .Expression12

===========================================================================================
----------------- testing Sun Dec 29 06:30:02 UTC 2019 /home/travis/build/icyphy/ptII/ptolemy/actor/lib/test/auto/Expression13.xml
----------------- Instantiating /home/travis/build/icyphy/ptII/ptolemy/actor/lib/test/auto/Expression13.xml
3 ms. Memory: 502784K Free: 312989K (62%)
----------------- Invoking toplevel() on ptolemy.moml.MoMLSimpleApplication@d9c475e
----------------- Done invoking toplevel() on ptolemy.moml.MoMLSimpleApplication@d9c475e
reloadAllAccessors: .Expression13

===========================================================================================
----------------- testing Sun Dec 29 06:30:02 UTC 2019 /home/travis/build/icyphy/ptII/ptolemy/actor/lib/test/auto/Expression14.xml
----------------- Instantiating /home/travis/build/icyphy/ptII/ptolemy/actor/lib/test/auto/Expression14.xml
6 ms. Memory: 502784K Free: 306845K (61%)
----------------- Invoking toplevel() on ptolemy.moml.MoMLSimpleApplication@2d86cddf
----------------- Done invoking toplevel() on ptolemy.moml.MoMLSimpleApplication@2d86cddf
reloadAllAccessors: .Expression14

===========================================================================================
----------------- testing Sun Dec 29 06:30:02 UTC 2019 /home/travis/build/icyphy/ptII/ptolemy/actor/lib/test/auto/Expression15.xml
----------------- Instantiating /home/travis/build/icyphy/ptII/ptolemy/actor/lib/test/auto/Expression15.xml
1 ms. Memory: 502784K Free: 302749K (60%)
----------------- Invoking toplevel() on ptolemy.moml.MoMLSimpleApplication@5840bcb0
----------------- Done invoking toplevel() on ptolemy.moml.MoMLSimpleApplication@5840bcb0
reloadAllAccessors: .Expression15

===========================================================================================
----------------- testing Sun Dec 29 06:30:02 UTC 2019 /home/travis/build/icyphy/ptII/ptolemy/actor/lib/test/auto/Expression16.xml
----------------- Instantiating /home/travis/build/icyphy/ptII/ptolemy/actor/lib/test/auto/Expression16.xml
2 ms. Memory: 502784K Free: 297629K (59%)
----------------- Invoking toplevel() on ptolemy.moml.MoMLSimpleApplication@711c0c1f
----------------- Done invoking toplevel() on ptolemy.moml.MoMLSimpleApplication@711c0c1f
reloadAllAccessors: .Expression16

===========================================================================================
----------------- testing Sun Dec 29 06:30:02 UTC 2019 /home/travis/build/icyphy/ptII/ptolemy/actor/lib/test/auto/Expression17.xml
----------------- Instantiating /home/travis/build/icyphy/ptII/ptolemy/actor/lib/test/auto/Expression17.xml
2 ms. Memory: 502784K Free: 292509K (58%)
----------------- Invoking toplevel() on ptolemy.moml.MoMLSimpleApplication@7bd539c3
----------------- Done invoking toplevel() on ptolemy.moml.MoMLSimpleApplication@7bd539c3
reloadAllAccessors: .Expression17

===========================================================================================
----------------- testing Sun Dec 29 06:30:02 UTC 2019 /home/travis/build/icyphy/ptII/ptolemy/actor/lib/test/auto/Expression18.xml
----------------- Instantiating /home/travis/build/icyphy/ptII/ptolemy/actor/lib/test/auto/Expression18.xml
2 ms. Memory: 502784K Free: 287389K (57%)
----------------- Invoking toplevel() on ptolemy.moml.MoMLSimpleApplication@3ab74594
----------------- Done invoking toplevel() on ptolemy.moml.MoMLSimpleApplication@3ab74594
reloadAllAccessors: .Expression18

===========================================================================================
----------------- testing Sun Dec 29 06:30:02 UTC 2019 /home/travis/build/icyphy/ptII/ptolemy/actor/lib/test/auto/Expression2.xml
----------------- Instantiating /home/travis/build/icyphy/ptII/ptolemy/actor/lib/test/auto/Expression2.xml
2 ms. Memory: 502784K Free: 282269K (56%)
----------------- Invoking toplevel() on ptolemy.moml.MoMLSimpleApplication@79335b80
----------------- Done invoking toplevel() on ptolemy.moml.MoMLSimpleApplication@79335b80
reloadAllAccessors: .Expression2

===========================================================================================
----------------- testing Sun Dec 29 06:30:02 UTC 2019 /home/travis/build/icyphy/ptII/ptolemy/actor/lib/test/auto/Expression3.xml
----------------- Instantiating /home/travis/build/icyphy/ptII/ptolemy/actor/lib/test/auto/Expression3.xml
4 ms. Memory: 502784K Free: 277663K (55%)
----------------- Invoking toplevel() on ptolemy.moml.MoMLSimpleApplication@4bb590e9
----------------- Done invoking toplevel() on ptolemy.moml.MoMLSimpleApplication@4bb590e9
reloadAllAccessors: .Expression3

===========================================================================================
----------------- testing Sun Dec 29 06:30:02 UTC 2019 /home/travis/build/icyphy/ptII/ptolemy/actor/lib/test/auto/Expression4.xml
----------------- Instantiating /home/travis/build/icyphy/ptII/ptolemy/actor/lib/test/auto/Expression4.xml
4 ms. Memory: 502784K Free: 269981K (54%)
----------------- Invoking toplevel() on ptolemy.moml.MoMLSimpleApplication@461a6e06
----------------- Done invoking toplevel() on ptolemy.moml.MoMLSimpleApplication@461a6e06
reloadAllAccessors: .Expression4

===========================================================================================
----------------- testing Sun Dec 29 06:30:02 UTC 2019 /home/travis/build/icyphy/ptII/ptolemy/actor/lib/test/auto/Expression5.xml
----------------- Instantiating /home/travis/build/icyphy/ptII/ptolemy/actor/lib/test/auto/Expression5.xml
2 ms. Memory: 502784K Free: 264861K (53%)
----------------- Invoking toplevel() on ptolemy.moml.MoMLSimpleApplication@4715d2cd
----------------- Done invoking toplevel() on ptolemy.moml.MoMLSimpleApplication@4715d2cd
reloadAllAccessors: .Expression5

===========================================================================================
----------------- testing Sun Dec 29 06:30:02 UTC 2019 /home/travis/build/icyphy/ptII/ptolemy/actor/lib/test/auto/Expression6.xml
----------------- Instantiating /home/travis/build/icyphy/ptII/ptolemy/actor/lib/test/auto/Expression6.xml
1 ms. Memory: 502784K Free: 260255K (52%)
----------------- Invoking toplevel() on ptolemy.moml.MoMLSimpleApplication@11f20fb1
----------------- Done invoking toplevel() on ptolemy.moml.MoMLSimpleApplication@11f20fb1
reloadAllAccessors: .Expression6

===========================================================================================
----------------- testing Sun Dec 29 06:30:02 UTC 2019 /home/travis/build/icyphy/ptII/ptolemy/actor/lib/test/auto/Expression7.xml
----------------- Instantiating /home/travis/build/icyphy/ptII/ptolemy/actor/lib/test/auto/Expression7.xml
2 ms. Memory: 502784K Free: 255135K (51%)
----------------- Invoking toplevel() on ptolemy.moml.MoMLSimpleApplication@3ac8a89d
----------------- Done invoking toplevel() on ptolemy.moml.MoMLSimpleApplication@3ac8a89d
reloadAllAccessors: .Expression7

===========================================================================================
----------------- testing Sun Dec 29 06:30:02 UTC 2019 /home/travis/build/icyphy/ptII/ptolemy/actor/lib/test/auto/Expression8.xml
----------------- Instantiating /home/travis/build/icyphy/ptII/ptolemy/actor/lib/test/auto/Expression8.xml
6 ms. Memory: 502784K Free: 250015K (50%)
----------------- Invoking toplevel() on ptolemy.moml.MoMLSimpleApplication@21959f86
----------------- Done invoking toplevel() on ptolemy.moml.MoMLSimpleApplication@21959f86
reloadAllAccessors: .Expression8

===========================================================================================
----------------- testing Sun Dec 29 06:30:02 UTC 2019 /home/travis/build/icyphy/ptII/ptolemy/actor/lib/test/auto/Expression9.xml
----------------- Instantiating /home/travis/build/icyphy/ptII/ptolemy/actor/lib/test/auto/Expression9.xml
1 ms. Memory: 502784K Free: 245919K (49%)
----------------- Invoking toplevel() on ptolemy.moml.MoMLSimpleApplication@2fc3e50e
----------------- Done invoking toplevel() on ptolemy.moml.MoMLSimpleApplication@2fc3e50e
reloadAllAccessors: .Expression9

===========================================================================================
----------------- testing Sun Dec 29 06:30:02 UTC 2019 /home/travis/build/icyphy/ptII/ptolemy/actor/lib/test/auto/ExpressionConcatenateArrayType.xml
----------------- Instantiating /home/travis/build/icyphy/ptII/ptolemy/actor/lib/test/auto/ExpressionConcatenateArrayType.xml
2 ms. Memory: 502784K Free: 239775K (48%)
----------------- Invoking toplevel() on ptolemy.moml.MoMLSimpleApplication@59110912
----------------- Done invoking toplevel() on ptolemy.moml.MoMLSimpleApplication@59110912
reloadAllAccessors: .ExpressionConcatenateArrayType

===========================================================================================
----------------- testing Sun Dec 29 06:30:02 UTC 2019 /home/travis/build/icyphy/ptII/ptolemy/actor/lib/test/auto/ExpressionConcatenateArrayType2.xml
----------------- Instantiating /home/travis/build/icyphy/ptII/ptolemy/actor/lib/test/auto/ExpressionConcatenateArrayType2.xml
2 ms. Memory: 502784K Free: 234141K (47%)
----------------- Invoking toplevel() on ptolemy.moml.MoMLSimpleApplication@3457542d
----------------- Done invoking toplevel() on ptolemy.moml.MoMLSimpleApplication@3457542d
reloadAllAccessors: .ExpressionConcatenateArrayType2

===========================================================================================
----------------- testing Sun Dec 29 06:30:02 UTC 2019 /home/travis/build/icyphy/ptII/ptolemy/actor/lib/test/auto/ExpressionFix.xml
----------------- Instantiating /home/travis/build/icyphy/ptII/ptolemy/actor/lib/test/auto/ExpressionFix.xml
18 ms. Memory: 502784K Free: 227487K (45%)
----------------- Invoking toplevel() on ptolemy.moml.MoMLSimpleApplication@75f30e34
----------------- Done invoking toplevel() on ptolemy.moml.MoMLSimpleApplication@75f30e34
reloadAllAccessors: .ExpressionFix

===========================================================================================
----------------- testing Sun Dec 29 06:30:02 UTC 2019 /home/travis/build/icyphy/ptII/ptolemy/actor/lib/test/auto/ExpressionFix2.xml
----------------- Instantiating /home/travis/build/icyphy/ptII/ptolemy/actor/lib/test/auto/ExpressionFix2.xml
3 ms. Memory: 502784K Free: 222877K (44%)
----------------- Invoking toplevel() on ptolemy.moml.MoMLSimpleApplication@2db8d95f
----------------- Done invoking toplevel() on ptolemy.moml.MoMLSimpleApplication@2db8d95f
reloadAllAccessors: .ExpressionFix2

===========================================================================================
----------------- testing Sun Dec 29 06:30:02 UTC 2019 /home/travis/build/icyphy/ptII/ptolemy/actor/lib/test/auto/ExpressionFix3.xml
----------------- Instantiating /home/travis/build/icyphy/ptII/ptolemy/actor/lib/test/auto/ExpressionFix3.xml
2 ms. Memory: 502784K Free: 218271K (43%)
----------------- Invoking toplevel() on ptolemy.moml.MoMLSimpleApplication@6411d6e7
----------------- Done invoking toplevel() on ptolemy.moml.MoMLSimpleApplication@6411d6e7
reloadAllAccessors: .ExpressionFix3

===========================================================================================
----------------- testing Sun Dec 29 06:30:02 UTC 2019 /home/travis/build/icyphy/ptII/ptolemy/actor/lib/test/auto/FileWriter1.xml
----------------- Instantiating /home/travis/build/icyphy/ptII/ptolemy/actor/lib/test/auto/FileWriter1.xml
2 ms. Memory: 502784K Free: 214175K (43%)
----------------- Invoking toplevel() on ptolemy.moml.MoMLSimpleApplication@27c0ad35
----------------- Done invoking toplevel() on ptolemy.moml.MoMLSimpleApplication@27c0ad35
reloadAllAccessors: .FileWriter1

===========================================================================================
----------------- testing Sun Dec 29 06:30:02 UTC 2019 /home/travis/build/icyphy/ptII/ptolemy/actor/lib/test/auto/FileWriter2.xml
----------------- Instantiating /home/travis/build/icyphy/ptII/ptolemy/actor/lib/test/auto/FileWriter2.xml
2 ms. Memory: 502784K Free: 209565K (42%)
----------------- Invoking toplevel() on ptolemy.moml.MoMLSimpleApplication@bfc76bf
----------------- Done invoking toplevel() on ptolemy.moml.MoMLSimpleApplication@bfc76bf
reloadAllAccessors: .FileWriter2

===========================================================================================
----------------- testing Sun Dec 29 06:30:02 UTC 2019 /home/travis/build/icyphy/ptII/ptolemy/actor/lib/test/auto/FileWriter3.xml
----------------- Instantiating /home/travis/build/icyphy/ptII/ptolemy/actor/lib/test/auto/FileWriter3.xml
3 ms. Memory: 502784K Free: 205469K (41%)
----------------- Invoking toplevel() on ptolemy.moml.MoMLSimpleApplication@28cdbc6f
----------------- Done invoking toplevel() on ptolemy.moml.MoMLSimpleApplication@28cdbc6f
reloadAllAccessors: .FileWriter3

===========================================================================================
----------------- testing Sun Dec 29 06:30:02 UTC 2019 /home/travis/build/icyphy/ptII/ptolemy/actor/lib/test/auto/Gaussian.xml
----------------- Instantiating /home/travis/build/icyphy/ptII/ptolemy/actor/lib/test/auto/Gaussian.xml
2 ms. Memory: 502784K Free: 201373K (40%)
----------------- Invoking toplevel() on ptolemy.moml.MoMLSimpleApplication@4b645600
----------------- Done invoking toplevel() on ptolemy.moml.MoMLSimpleApplication@4b645600
reloadAllAccessors: .Gaussian

===========================================================================================
----------------- testing Sun Dec 29 06:30:02 UTC 2019 /home/travis/build/icyphy/ptII/ptolemy/actor/lib/test/auto/Gaussian1.xml
----------------- Instantiating /home/travis/build/icyphy/ptII/ptolemy/actor/lib/test/auto/Gaussian1.xml
2 ms. Memory: 502784K Free: 196239K (39%)
----------------- Invoking toplevel() on ptolemy.moml.MoMLSimpleApplication@5368431f
----------------- Done invoking toplevel() on ptolemy.moml.MoMLSimpleApplication@5368431f
reloadAllAccessors: .Gaussian1

===========================================================================================
----------------- testing Sun Dec 29 06:30:02 UTC 2019 /home/travis/build/icyphy/ptII/ptolemy/actor/lib/test/auto/Gaussian2.xml
----------------- Instantiating /home/travis/build/icyphy/ptII/ptolemy/actor/lib/test/auto/Gaussian2.xml
8 ms. Memory: 502784K Free: 190623K (38%)
----------------- Invoking toplevel() on ptolemy.moml.MoMLSimpleApplication@22978d83
----------------- Done invoking toplevel() on ptolemy.moml.MoMLSimpleApplication@22978d83
reloadAllAccessors: .Gaussian2

===========================================================================================
----------------- testing Sun Dec 29 06:30:02 UTC 2019 /home/travis/build/icyphy/ptII/ptolemy/actor/lib/test/auto/GradientAdaptiveLattice.xml
----------------- Instantiating /home/travis/build/icyphy/ptII/ptolemy/actor/lib/test/auto/GradientAdaptiveLattice.xml
3 ms. Memory: 502784K Free: 185503K (37%)
----------------- Invoking toplevel() on ptolemy.moml.MoMLSimpleApplication@4684f00a
----------------- Done invoking toplevel() on ptolemy.moml.MoMLSimpleApplication@4684f00a
reloadAllAccessors: .GradientAdaptiveLattice

===========================================================================================
----------------- testing Sun Dec 29 06:30:02 UTC 2019 /home/travis/build/icyphy/ptII/ptolemy/actor/lib/test/auto/IIR.xml
----------------- Instantiating /home/travis/build/icyphy/ptII/ptolemy/actor/lib/test/auto/IIR.xml
1 ms. Memory: 502784K Free: 180893K (36%)
----------------- Invoking toplevel() on ptolemy.moml.MoMLSimpleApplication@1cc48d42
----------------- Done invoking toplevel() on ptolemy.moml.MoMLSimpleApplication@1cc48d42
reloadAllAccessors: .IIR

===========================================================================================
----------------- testing Sun Dec 29 06:30:02 UTC 2019 /home/travis/build/icyphy/ptII/ptolemy/actor/lib/test/auto/InputOutputTransparentPorts.xml
----------------- Instantiating /home/travis/build/icyphy/ptII/ptolemy/actor/lib/test/auto/InputOutputTransparentPorts.xml
3 ms. Memory: 502784K Free: 173725K (35%)
----------------- Invoking toplevel() on ptolemy.moml.MoMLSimpleApplication@549c1a83
----------------- Done invoking toplevel() on ptolemy.moml.MoMLSimpleApplication@549c1a83
reloadAllAccessors: .InputOutputTransparentPorts

===========================================================================================
----------------- testing Sun Dec 29 06:30:02 UTC 2019 /home/travis/build/icyphy/ptII/ptolemy/actor/lib/test/auto/Interpolator.xml
----------------- Instantiating /home/travis/build/icyphy/ptII/ptolemy/actor/lib/test/auto/Interpolator.xml
3 ms. Memory: 502784K Free: 169629K (34%)
----------------- Invoking toplevel() on ptolemy.moml.MoMLSimpleApplication@69bdf099
----------------- Done invoking toplevel() on ptolemy.moml.MoMLSimpleApplication@69bdf099
reloadAllAccessors: .Interpolator

===========================================================================================
----------------- testing Sun Dec 29 06:30:02 UTC 2019 /home/travis/build/icyphy/ptII/ptolemy/actor/lib/test/auto/InterpolatorFiringLimitDE.xml
----------------- Instantiating /home/travis/build/icyphy/ptII/ptolemy/actor/lib/test/auto/InterpolatorFiringLimitDE.xml
4 ms. Memory: 502784K Free: 163485K (33%)
----------------- Invoking toplevel() on ptolemy.moml.MoMLSimpleApplication@214bd7fb
----------------- Done invoking toplevel() on ptolemy.moml.MoMLSimpleApplication@214bd7fb
reloadAllAccessors: .InterpolatorFiringLimitDE

===========================================================================================
----------------- testing Sun Dec 29 06:30:02 UTC 2019 /home/travis/build/icyphy/ptII/ptolemy/actor/lib/test/auto/Lattice.xml
----------------- Instantiating /home/travis/build/icyphy/ptII/ptolemy/actor/lib/test/auto/Lattice.xml
1 ms. Memory: 502784K Free: 159389K (32%)
----------------- Invoking toplevel() on ptolemy.moml.MoMLSimpleApplication@167c8fed
----------------- Done invoking toplevel() on ptolemy.moml.MoMLSimpleApplication@167c8fed
reloadAllAccessors: .Lattice

===========================================================================================
----------------- testing Sun Dec 29 06:30:02 UTC 2019 /home/travis/build/icyphy/ptII/ptolemy/actor/lib/test/auto/LazyAOCTestLazy.xml
----------------- Instantiating /home/travis/build/icyphy/ptII/ptolemy/actor/lib/test/auto/LazyAOCTestLazy.xml
36 ms. Memory: 502784K Free: 450011K (90%)
----------------- Invoking toplevel() on ptolemy.moml.MoMLSimpleApplication@288138
----------------- Done invoking toplevel() on ptolemy.moml.MoMLSimpleApplication@288138
reloadAllAccessors: .LazyAOCTestLazy

===========================================================================================
----------------- testing Sun Dec 29 06:30:02 UTC 2019 /home/travis/build/icyphy/ptII/ptolemy/actor/lib/test/auto/LazyAOCTestNonLazy.xml
----------------- Instantiating /home/travis/build/icyphy/ptII/ptolemy/actor/lib/test/auto/LazyAOCTestNonLazy.xml
1 ms. Memory: 502784K Free: 442878K (88%)
----------------- Invoking toplevel() on ptolemy.moml.MoMLSimpleApplication@28a2c646
----------------- Done invoking toplevel() on ptolemy.moml.MoMLSimpleApplication@28a2c646
reloadAllAccessors: .LazyAOCTestNonLazy

===========================================================================================
----------------- testing Sun Dec 29 06:30:02 UTC 2019 /home/travis/build/icyphy/ptII/ptolemy/actor/lib/test/auto/LazyInnerClass.xml
----------------- Instantiating /home/travis/build/icyphy/ptII/ptolemy/actor/lib/test/auto/LazyInnerClass.xml
18 ms. Memory: 502784K Free: 434176K (86%)
----------------- Invoking toplevel() on ptolemy.moml.MoMLSimpleApplication@285e56dd
----------------- Done invoking toplevel() on ptolemy.moml.MoMLSimpleApplication@285e56dd
reloadAllAccessors: .LazyInnerClass

===========================================================================================
----------------- testing Sun Dec 29 06:30:02 UTC 2019 /home/travis/build/icyphy/ptII/ptolemy/actor/lib/test/auto/LazyPubSub.xml
----------------- Instantiating /home/travis/build/icyphy/ptII/ptolemy/actor/lib/test/auto/LazyPubSub.xml
18 ms. Memory: 502784K Free: 423422K (84%)
----------------- Invoking toplevel() on ptolemy.moml.MoMLSimpleApplication@41ced35a
----------------- Done invoking toplevel() on ptolemy.moml.MoMLSimpleApplication@41ced35a
reloadAllAccessors: .LazyPubSub

===========================================================================================
----------------- testing Sun Dec 29 06:30:02 UTC 2019 /home/travis/build/icyphy/ptII/ptolemy/actor/lib/test/auto/LazyPubSub2.xml
----------------- Instantiating /home/travis/build/icyphy/ptII/ptolemy/actor/lib/test/auto/LazyPubSub2.xml
14 ms. Memory: 502784K Free: 413696K (82%)
----------------- Invoking toplevel() on ptolemy.moml.MoMLSimpleApplication@37bb6a06
----------------- Done invoking toplevel() on ptolemy.moml.MoMLSimpleApplication@37bb6a06
reloadAllAccessors: .LazyPubSub2

===========================================================================================
----------------- testing Sun Dec 29 06:30:02 UTC 2019 /home/travis/build/icyphy/ptII/ptolemy/actor/lib/test/auto/LazyPubSub3.xml
----------------- Instantiating /home/travis/build/icyphy/ptII/ptolemy/actor/lib/test/auto/LazyPubSub3.xml
16 ms. Memory: 502784K Free: 403456K (80%)
----------------- Invoking toplevel() on ptolemy.moml.MoMLSimpleApplication@408e2d7f
----------------- Done invoking toplevel() on ptolemy.moml.MoMLSimpleApplication@408e2d7f
reloadAllAccessors: .LazyPubSub3

===========================================================================================
----------------- testing Sun Dec 29 06:30:03 UTC 2019 /home/travis/build/icyphy/ptII/ptolemy/actor/lib/test/auto/LazySubClassModel.xml
----------------- Instantiating /home/travis/build/icyphy/ptII/ptolemy/actor/lib/test/auto/LazySubClassModel.xml
2 ms. Memory: 502784K Free: 394240K (78%)
----------------- Invoking toplevel() on ptolemy.moml.MoMLSimpleApplication@6c02b28
----------------- Done invoking toplevel() on ptolemy.moml.MoMLSimpleApplication@6c02b28
reloadAllAccessors: .LazySubClassModel

===========================================================================================
----------------- testing Sun Dec 29 06:30:03 UTC 2019 /home/travis/build/icyphy/ptII/ptolemy/actor/lib/test/auto/LevelCrossTest1.xml
----------------- Instantiating /home/travis/build/icyphy/ptII/ptolemy/actor/lib/test/auto/LevelCrossTest1.xml
1 ms. Memory: 502784K Free: 388606K (77%)
----------------- Invoking toplevel() on ptolemy.moml.MoMLSimpleApplication@502928ef
----------------- Done invoking toplevel() on ptolemy.moml.MoMLSimpleApplication@502928ef
reloadAllAccessors: .broken

===========================================================================================
----------------- testing Sun Dec 29 06:30:03 UTC 2019 /home/travis/build/icyphy/ptII/ptolemy/actor/lib/test/auto/LevelCrossTest10.xml
----------------- Instantiating /home/travis/build/icyphy/ptII/ptolemy/actor/lib/test/auto/LevelCrossTest10.xml
4 ms. Memory: 502784K Free: 380928K (76%)
----------------- Invoking toplevel() on ptolemy.moml.MoMLSimpleApplication@3e7f1325
----------------- Done invoking toplevel() on ptolemy.moml.MoMLSimpleApplication@3e7f1325
reloadAllAccessors: .LevelCrossTest10

===========================================================================================
----------------- testing Sun Dec 29 06:30:03 UTC 2019 /home/travis/build/icyphy/ptII/ptolemy/actor/lib/test/auto/LevelCrossTest11.xml
----------------- Instantiating /home/travis/build/icyphy/ptII/ptolemy/actor/lib/test/auto/LevelCrossTest11.xml
1 ms. Memory: 502784K Free: 374270K (74%)
----------------- Invoking toplevel() on ptolemy.moml.MoMLSimpleApplication@71846c66
----------------- Done invoking toplevel() on ptolemy.moml.MoMLSimpleApplication@71846c66
reloadAllAccessors: .LevelCrossTest11

===========================================================================================
----------------- testing Sun Dec 29 06:30:03 UTC 2019 /home/travis/build/icyphy/ptII/ptolemy/actor/lib/test/auto/LevelCrossTest12.xml
----------------- Instantiating /home/travis/build/icyphy/ptII/ptolemy/actor/lib/test/auto/LevelCrossTest12.xml
1 ms. Memory: 502784K Free: 367102K (73%)
----------------- Invoking toplevel() on ptolemy.moml.MoMLSimpleApplication@79c7b382
----------------- Done invoking toplevel() on ptolemy.moml.MoMLSimpleApplication@79c7b382
reloadAllAccessors: .LevelCrossTest12

===========================================================================================
----------------- testing Sun Dec 29 06:30:03 UTC 2019 /home/travis/build/icyphy/ptII/ptolemy/actor/lib/test/auto/LevelCrossTest13.xml
----------------- Instantiating /home/travis/build/icyphy/ptII/ptolemy/actor/lib/test/auto/LevelCrossTest13.xml
1 ms. Memory: 502784K Free: 359424K (71%)
----------------- Invoking toplevel() on ptolemy.moml.MoMLSimpleApplication@58c671f
----------------- Done invoking toplevel() on ptolemy.moml.MoMLSimpleApplication@58c671f
reloadAllAccessors: .LevelCrossTest13

===========================================================================================
----------------- testing Sun Dec 29 06:30:03 UTC 2019 /home/travis/build/icyphy/ptII/ptolemy/actor/lib/test/auto/LevelCrossTest2.xml
----------------- Instantiating /home/travis/build/icyphy/ptII/ptolemy/actor/lib/test/auto/LevelCrossTest2.xml
1 ms. Memory: 502784K Free: 353790K (70%)
----------------- Invoking toplevel() on ptolemy.moml.MoMLSimpleApplication@65e5716e
----------------- Done invoking toplevel() on ptolemy.moml.MoMLSimpleApplication@65e5716e
reloadAllAccessors: .broken

===========================================================================================
----------------- testing Sun Dec 29 06:30:03 UTC 2019 /home/travis/build/icyphy/ptII/ptolemy/actor/lib/test/auto/LevelCrossTest3.xml
----------------- Instantiating /home/travis/build/icyphy/ptII/ptolemy/actor/lib/test/auto/LevelCrossTest3.xml
1 ms. Memory: 502784K Free: 347136K (69%)
----------------- Invoking toplevel() on ptolemy.moml.MoMLSimpleApplication@4c4a322f
----------------- Done invoking toplevel() on ptolemy.moml.MoMLSimpleApplication@4c4a322f
reloadAllAccessors: .LevelCrossTest3

===========================================================================================
----------------- testing Sun Dec 29 06:30:03 UTC 2019 /home/travis/build/icyphy/ptII/ptolemy/actor/lib/test/auto/LevelCrossTest4.xml
----------------- Instantiating /home/travis/build/icyphy/ptII/ptolemy/actor/lib/test/auto/LevelCrossTest4.xml
1 ms. Memory: 502784K Free: 341502K (68%)
----------------- Invoking toplevel() on ptolemy.moml.MoMLSimpleApplication@559389e4
----------------- Done invoking toplevel() on ptolemy.moml.MoMLSimpleApplication@559389e4
reloadAllAccessors: .broken

===========================================================================================
----------------- testing Sun Dec 29 06:30:03 UTC 2019 /home/travis/build/icyphy/ptII/ptolemy/actor/lib/test/auto/LevelCrossTest5.xml
----------------- Instantiating /home/travis/build/icyphy/ptII/ptolemy/actor/lib/test/auto/LevelCrossTest5.xml
3 ms. Memory: 502784K Free: 334334K (66%)
----------------- Invoking toplevel() on ptolemy.moml.MoMLSimpleApplication@2c20d16
----------------- Done invoking toplevel() on ptolemy.moml.MoMLSimpleApplication@2c20d16
reloadAllAccessors: .LevelCrossTest5

===========================================================================================
----------------- testing Sun Dec 29 06:30:03 UTC 2019 /home/travis/build/icyphy/ptII/ptolemy/actor/lib/test/auto/LevelCrossTest6.xml
----------------- Instantiating /home/travis/build/icyphy/ptII/ptolemy/actor/lib/test/auto/LevelCrossTest6.xml
1 ms. Memory: 502784K Free: 327680K (65%)
----------------- Invoking toplevel() on ptolemy.moml.MoMLSimpleApplication@3ed69c42
----------------- Done invoking toplevel() on ptolemy.moml.MoMLSimpleApplication@3ed69c42
reloadAllAccessors: .LevelCrossTest6

===========================================================================================
----------------- testing Sun Dec 29 06:30:03 UTC 2019 /home/travis/build/icyphy/ptII/ptolemy/actor/lib/test/auto/LevelCrossTest7.xml
----------------- Instantiating /home/travis/build/icyphy/ptII/ptolemy/actor/lib/test/auto/LevelCrossTest7.xml
1 ms. Memory: 502784K Free: 320512K (64%)
----------------- Invoking toplevel() on ptolemy.moml.MoMLSimpleApplication@41ed9f24
----------------- Done invoking toplevel() on ptolemy.moml.MoMLSimpleApplication@41ed9f24
reloadAllAccessors: .LevelCrossTest7

===========================================================================================
----------------- testing Sun Dec 29 06:30:03 UTC 2019 /home/travis/build/icyphy/ptII/ptolemy/actor/lib/test/auto/LevelCrossTest8.xml
----------------- Instantiating /home/travis/build/icyphy/ptII/ptolemy/actor/lib/test/auto/LevelCrossTest8.xml
1 ms. Memory: 502784K Free: 314368K (63%)
----------------- Invoking toplevel() on ptolemy.moml.MoMLSimpleApplication@5b9dc011
----------------- Done invoking toplevel() on ptolemy.moml.MoMLSimpleApplication@5b9dc011
reloadAllAccessors: .LevelCrossTest8

===========================================================================================
----------------- testing Sun Dec 29 06:30:03 UTC 2019 /home/travis/build/icyphy/ptII/ptolemy/actor/lib/test/auto/LevelCrossTest9.xml
----------------- Instantiating /home/travis/build/icyphy/ptII/ptolemy/actor/lib/test/auto/LevelCrossTest9.xml
1 ms. Memory: 502784K Free: 307200K (61%)
----------------- Invoking toplevel() on ptolemy.moml.MoMLSimpleApplication@379c3607
----------------- Done invoking toplevel() on ptolemy.moml.MoMLSimpleApplication@379c3607
reloadAllAccessors: .LevelCrossTest9

===========================================================================================
----------------- testing Sun Dec 29 06:30:03 UTC 2019 /home/travis/build/icyphy/ptII/ptolemy/actor/lib/test/auto/LevinsonDurbin.xml
----------------- Instantiating /home/travis/build/icyphy/ptII/ptolemy/actor/lib/test/auto/LevinsonDurbin.xml
1 ms. Memory: 502784K Free: 303104K (60%)
----------------- Invoking toplevel() on ptolemy.moml.MoMLSimpleApplication@5c78ef43
----------------- Done invoking toplevel() on ptolemy.moml.MoMLSimpleApplication@5c78ef43
reloadAllAccessors: .LevinsonDurbin

===========================================================================================
----------------- testing Sun Dec 29 06:30:03 UTC 2019 /home/travis/build/icyphy/ptII/ptolemy/actor/lib/test/auto/LevinsonDurbin2.xml
----------------- Instantiating /home/travis/build/icyphy/ptII/ptolemy/actor/lib/test/auto/LevinsonDurbin2.xml
1 ms. Memory: 502784K Free: 299008K (59%)
----------------- Invoking toplevel() on ptolemy.moml.MoMLSimpleApplication@6c366aa9
----------------- Done invoking toplevel() on ptolemy.moml.MoMLSimpleApplication@6c366aa9
reloadAllAccessors: .LevinsonDurbin2

===========================================================================================
----------------- testing Sun Dec 29 06:30:03 UTC 2019 /home/travis/build/icyphy/ptII/ptolemy/actor/lib/test/auto/LevinsonDurbin3.xml
----------------- Instantiating /home/travis/build/icyphy/ptII/ptolemy/actor/lib/test/auto/LevinsonDurbin3.xml
2 ms. Memory: 502784K Free: 294912K (59%)
----------------- Invoking toplevel() on ptolemy.moml.MoMLSimpleApplication@34027769
----------------- Done invoking toplevel() on ptolemy.moml.MoMLSimpleApplication@34027769
reloadAllAccessors: .LevinsonDurbin3

===========================================================================================
----------------- testing Sun Dec 29 06:30:03 UTC 2019 /home/travis/build/icyphy/ptII/ptolemy/actor/lib/test/auto/Limiter.xml
----------------- Instantiating /home/travis/build/icyphy/ptII/ptolemy/actor/lib/test/auto/Limiter.xml
3 ms. Memory: 502784K Free: 285696K (57%)
----------------- Invoking toplevel() on ptolemy.moml.MoMLSimpleApplication@451d42a1
----------------- Done invoking toplevel() on ptolemy.moml.MoMLSimpleApplication@451d42a1
reloadAllAccessors: .Limiter

===========================================================================================
----------------- testing Sun Dec 29 06:30:03 UTC 2019 /home/travis/build/icyphy/ptII/ptolemy/actor/lib/test/auto/LinearDifferenceEquationSystem.xml
----------------- Instantiating /home/travis/build/icyphy/ptII/ptolemy/actor/lib/test/auto/LinearDifferenceEquationSystem.xml
2 ms. Memory: 502784K Free: 278528K (55%)
----------------- Invoking toplevel() on ptolemy.moml.MoMLSimpleApplication@7c61cd65
----------------- Done invoking toplevel() on ptolemy.moml.MoMLSimpleApplication@7c61cd65
reloadAllAccessors: .LinearDifferenceEquationSystem

===========================================================================================
----------------- testing Sun Dec 29 06:30:03 UTC 2019 /home/travis/build/icyphy/ptII/ptolemy/actor/lib/test/auto/LookupTable.xml
----------------- Instantiating /home/travis/build/icyphy/ptII/ptolemy/actor/lib/test/auto/LookupTable.xml
1 ms. Memory: 502784K Free: 273918K (54%)
----------------- Invoking toplevel() on ptolemy.moml.MoMLSimpleApplication@51208107
----------------- Done invoking toplevel() on ptolemy.moml.MoMLSimpleApplication@51208107
reloadAllAccessors: .LookupTable

===========================================================================================
----------------- testing Sun Dec 29 06:30:03 UTC 2019 /home/travis/build/icyphy/ptII/ptolemy/actor/lib/test/auto/MathFunction.xml
----------------- Instantiating /home/travis/build/icyphy/ptII/ptolemy/actor/lib/test/auto/MathFunction.xml
11 ms. Memory: 502784K Free: 265726K (53%)
----------------- Invoking toplevel() on ptolemy.moml.MoMLSimpleApplication@665fb12e
----------------- Done invoking toplevel() on ptolemy.moml.MoMLSimpleApplication@665fb12e
reloadAllAccessors: .MathFunction

===========================================================================================
----------------- testing Sun Dec 29 06:30:03 UTC 2019 /home/travis/build/icyphy/ptII/ptolemy/actor/lib/test/auto/MathFunction2.xml
----------------- Instantiating /home/travis/build/icyphy/ptII/ptolemy/actor/lib/test/auto/MathFunction2.xml
1 ms. Memory: 502784K Free: 261630K (52%)
----------------- Invoking toplevel() on ptolemy.moml.MoMLSimpleApplication@cb1df83
----------------- Done invoking toplevel() on ptolemy.moml.MoMLSimpleApplication@cb1df83
reloadAllAccessors: .MathFunction2

===========================================================================================
----------------- testing Sun Dec 29 06:30:03 UTC 2019 /home/travis/build/icyphy/ptII/ptolemy/actor/lib/test/auto/MathFunction3.xml
----------------- Instantiating /home/travis/build/icyphy/ptII/ptolemy/actor/lib/test/auto/MathFunction3.xml
2 ms. Memory: 502784K Free: 254462K (51%)
----------------- Invoking toplevel() on ptolemy.moml.MoMLSimpleApplication@73dc1b48
----------------- Done invoking toplevel() on ptolemy.moml.MoMLSimpleApplication@73dc1b48
reloadAllAccessors: .MathFunction3

===========================================================================================
----------------- testing Sun Dec 29 06:30:03 UTC 2019 /home/travis/build/icyphy/ptII/ptolemy/actor/lib/test/auto/MatrixCropBoolean.xml
----------------- Instantiating /home/travis/build/icyphy/ptII/ptolemy/actor/lib/test/auto/MatrixCropBoolean.xml
1 ms. Memory: 502784K Free: 249311K (50%)
----------------- Invoking toplevel() on ptolemy.moml.MoMLSimpleApplication@33569756
----------------- Done invoking toplevel() on ptolemy.moml.MoMLSimpleApplication@33569756
reloadAllAccessors: .MatrixCropBoolean

===========================================================================================
----------------- testing Sun Dec 29 06:30:03 UTC 2019 /home/travis/build/icyphy/ptII/ptolemy/actor/lib/test/auto/MatrixCropComplex.xml
----------------- Instantiating /home/travis/build/icyphy/ptII/ptolemy/actor/lib/test/auto/MatrixCropComplex.xml
1 ms. Memory: 502784K Free: 244215K (49%)
----------------- Invoking toplevel() on ptolemy.moml.MoMLSimpleApplication@1cb91115
----------------- Done invoking toplevel() on ptolemy.moml.MoMLSimpleApplication@1cb91115
reloadAllAccessors: .MatrixCropComplex

===========================================================================================
----------------- testing Sun Dec 29 06:30:03 UTC 2019 /home/travis/build/icyphy/ptII/ptolemy/actor/lib/test/auto/MatrixCropDouble.xml
----------------- Instantiating /home/travis/build/icyphy/ptII/ptolemy/actor/lib/test/auto/MatrixCropDouble.xml
2 ms. Memory: 502784K Free: 239071K (48%)
----------------- Invoking toplevel() on ptolemy.moml.MoMLSimpleApplication@200ce7c8
----------------- Done invoking toplevel() on ptolemy.moml.MoMLSimpleApplication@200ce7c8
reloadAllAccessors: .MatrixCropDouble

===========================================================================================
----------------- testing Sun Dec 29 06:30:03 UTC 2019 /home/travis/build/icyphy/ptII/ptolemy/actor/lib/test/auto/MatrixCropFix.xml
----------------- Instantiating /home/travis/build/icyphy/ptII/ptolemy/actor/lib/test/auto/MatrixCropFix.xml
1 ms. Memory: 502784K Free: 233951K (47%)
----------------- Invoking toplevel() on ptolemy.moml.MoMLSimpleApplication@12a9ded0
----------------- Done invoking toplevel() on ptolemy.moml.MoMLSimpleApplication@12a9ded0
reloadAllAccessors: .MatrixCropFix

===========================================================================================
----------------- testing Sun Dec 29 06:30:03 UTC 2019 /home/travis/build/icyphy/ptII/ptolemy/actor/lib/test/auto/MatrixCropInt.xml
----------------- Instantiating /home/travis/build/icyphy/ptII/ptolemy/actor/lib/test/auto/MatrixCropInt.xml
2 ms. Memory: 502784K Free: 228831K (46%)
----------------- Invoking toplevel() on ptolemy.moml.MoMLSimpleApplication@66417c29
----------------- Done invoking toplevel() on ptolemy.moml.MoMLSimpleApplication@66417c29
reloadAllAccessors: .MatrixCropInt

===========================================================================================
----------------- testing Sun Dec 29 06:30:03 UTC 2019 /home/travis/build/icyphy/ptII/ptolemy/actor/lib/test/auto/MatrixCropLong.xml
----------------- Instantiating /home/travis/build/icyphy/ptII/ptolemy/actor/lib/test/auto/MatrixCropLong.xml
1 ms. Memory: 502784K Free: 223735K (44%)
----------------- Invoking toplevel() on ptolemy.moml.MoMLSimpleApplication@622ad8ff
----------------- Done invoking toplevel() on ptolemy.moml.MoMLSimpleApplication@622ad8ff
reloadAllAccessors: .MatrixCropLong

===========================================================================================
----------------- testing Sun Dec 29 06:30:03 UTC 2019 /home/travis/build/icyphy/ptII/ptolemy/actor/lib/test/auto/MatrixToArray.xml
----------------- Instantiating /home/travis/build/icyphy/ptII/ptolemy/actor/lib/test/auto/MatrixToArray.xml
6 ms. Memory: 502784K Free: 208896K (42%)
----------------- Invoking toplevel() on ptolemy.moml.MoMLSimpleApplication@550628b0
----------------- Done invoking toplevel() on ptolemy.moml.MoMLSimpleApplication@550628b0
reloadAllAccessors: .MatrixToArray

===========================================================================================
----------------- testing Sun Dec 29 06:30:03 UTC 2019 /home/travis/build/icyphy/ptII/ptolemy/actor/lib/test/auto/MaxIndex.xml
----------------- Instantiating /home/travis/build/icyphy/ptII/ptolemy/actor/lib/test/auto/MaxIndex.xml
2 ms. Memory: 502784K Free: 203776K (41%)
----------------- Invoking toplevel() on ptolemy.moml.MoMLSimpleApplication@6815973f
----------------- Done invoking toplevel() on ptolemy.moml.MoMLSimpleApplication@6815973f
reloadAllAccessors: .MaxIndex

===========================================================================================
----------------- testing Sun Dec 29 06:30:03 UTC 2019 /home/travis/build/icyphy/ptII/ptolemy/actor/lib/test/auto/Maximum.xml
----------------- Instantiating /home/travis/build/icyphy/ptII/ptolemy/actor/lib/test/auto/Maximum.xml
2 ms. Memory: 502784K Free: 197087K (39%)
----------------- Invoking toplevel() on ptolemy.moml.MoMLSimpleApplication@4dcc7fe0
----------------- Done invoking toplevel() on ptolemy.moml.MoMLSimpleApplication@4dcc7fe0
reloadAllAccessors: .Maximum

===========================================================================================
----------------- testing Sun Dec 29 06:30:03 UTC 2019 /home/travis/build/icyphy/ptII/ptolemy/actor/lib/test/auto/MaximumComplex.xml
----------------- Instantiating /home/travis/build/icyphy/ptII/ptolemy/actor/lib/test/auto/MaximumComplex.xml
4 ms. Memory: 502784K Free: 190959K (38%)
----------------- Invoking toplevel() on ptolemy.moml.MoMLSimpleApplication@37f99616
----------------- Done invoking toplevel() on ptolemy.moml.MoMLSimpleApplication@37f99616
reloadAllAccessors: .MaximumComplex

===========================================================================================
----------------- testing Sun Dec 29 06:30:03 UTC 2019 /home/travis/build/icyphy/ptII/ptolemy/actor/lib/test/auto/MethodCallTest.xml
----------------- Instantiating /home/travis/build/icyphy/ptII/ptolemy/actor/lib/test/auto/MethodCallTest.xml
3 ms. Memory: 502784K Free: 184320K (37%)
----------------- Invoking toplevel() on ptolemy.moml.MoMLSimpleApplication@2426f995
----------------- Done invoking toplevel() on ptolemy.moml.MoMLSimpleApplication@2426f995
reloadAllAccessors: .MethodCallTest

===========================================================================================
----------------- testing Sun Dec 29 06:30:03 UTC 2019 /home/travis/build/icyphy/ptII/ptolemy/actor/lib/test/auto/Minimum.xml
----------------- Instantiating /home/travis/build/icyphy/ptII/ptolemy/actor/lib/test/auto/Minimum.xml
2 ms. Memory: 502784K Free: 177662K (35%)
----------------- Invoking toplevel() on ptolemy.moml.MoMLSimpleApplication@232b31b0
----------------- Done invoking toplevel() on ptolemy.moml.MoMLSimpleApplication@232b31b0
reloadAllAccessors: .Minimum

===========================================================================================
----------------- testing Sun Dec 29 06:30:03 UTC 2019 /home/travis/build/icyphy/ptII/ptolemy/actor/lib/test/auto/MinimumComplex.xml
----------------- Instantiating /home/travis/build/icyphy/ptII/ptolemy/actor/lib/test/auto/MinimumComplex.xml
3 ms. Memory: 502784K Free: 171503K (34%)
----------------- Invoking toplevel() on ptolemy.moml.MoMLSimpleApplication@3fcec014
----------------- Done invoking toplevel() on ptolemy.moml.MoMLSimpleApplication@3fcec014
reloadAllAccessors: .MinimumComplex

===========================================================================================
----------------- testing Sun Dec 29 06:30:03 UTC 2019 /home/travis/build/icyphy/ptII/ptolemy/actor/lib/test/auto/MinimumMultiports.xml
----------------- Instantiating /home/travis/build/icyphy/ptII/ptolemy/actor/lib/test/auto/MinimumMultiports.xml
3 ms. Memory: 502784K Free: 162271K (32%)
----------------- Invoking toplevel() on ptolemy.moml.MoMLSimpleApplication@69235ed3
----------------- Done invoking toplevel() on ptolemy.moml.MoMLSimpleApplication@69235ed3
reloadAllAccessors: .MinimumMultiports

===========================================================================================
----------------- testing Sun Dec 29 06:30:03 UTC 2019 /home/travis/build/icyphy/ptII/ptolemy/actor/lib/test/auto/ModifyDate.xml
----------------- Instantiating /home/travis/build/icyphy/ptII/ptolemy/actor/lib/test/auto/ModifyDate.xml
4 ms. Memory: 502784K Free: 446147K (89%)
----------------- Invoking toplevel() on ptolemy.moml.MoMLSimpleApplication@6bdee47f
----------------- Done invoking toplevel() on ptolemy.moml.MoMLSimpleApplication@6bdee47f
reloadAllAccessors: .ModifyDate

===========================================================================================
----------------- testing Sun Dec 29 06:30:03 UTC 2019 /home/travis/build/icyphy/ptII/ptolemy/actor/lib/test/auto/ModifyDate2.xml
----------------- Instantiating /home/travis/build/icyphy/ptII/ptolemy/actor/lib/test/auto/ModifyDate2.xml
2 ms. Memory: 502784K Free: 436931K (87%)
----------------- Invoking toplevel() on ptolemy.moml.MoMLSimpleApplication@b572327
----------------- Done invoking toplevel() on ptolemy.moml.MoMLSimpleApplication@b572327
reloadAllAccessors: .ModifyDate2

===========================================================================================
----------------- testing Sun Dec 29 06:30:03 UTC 2019 /home/travis/build/icyphy/ptII/ptolemy/actor/lib/test/auto/MovingAverage.xml
----------------- Instantiating /home/travis/build/icyphy/ptII/ptolemy/actor/lib/test/auto/MovingAverage.xml
1 ms. Memory: 502784K Free: 431811K (86%)
----------------- Invoking toplevel() on ptolemy.moml.MoMLSimpleApplication@4c87aad4
----------------- Done invoking toplevel() on ptolemy.moml.MoMLSimpleApplication@4c87aad4
reloadAllAccessors: .MovingAverage

===========================================================================================
----------------- testing Sun Dec 29 06:30:03 UTC 2019 /home/travis/build/icyphy/ptII/ptolemy/actor/lib/test/auto/MovingMaximum.xml
----------------- Instantiating /home/travis/build/icyphy/ptII/ptolemy/actor/lib/test/auto/MovingMaximum.xml
1 ms. Memory: 502784K Free: 427201K (85%)
----------------- Invoking toplevel() on ptolemy.moml.MoMLSimpleApplication@5c85ca36
----------------- Done invoking toplevel() on ptolemy.moml.MoMLSimpleApplication@5c85ca36
reloadAllAccessors: .MovingMaximum

===========================================================================================
----------------- testing Sun Dec 29 06:30:03 UTC 2019 /home/travis/build/icyphy/ptII/ptolemy/actor/lib/test/auto/MultipleLinksToSameRelation.xml
----------------- Instantiating /home/travis/build/icyphy/ptII/ptolemy/actor/lib/test/auto/MultipleLinksToSameRelation.xml
1 ms. Memory: 502784K Free: 423105K (84%)
----------------- Invoking toplevel() on ptolemy.moml.MoMLSimpleApplication@7bbf9db2
----------------- Done invoking toplevel() on ptolemy.moml.MoMLSimpleApplication@7bbf9db2
reloadAllAccessors: .MultipleLinksToSameRelation

===========================================================================================
----------------- testing Sun Dec 29 06:30:03 UTC 2019 /home/travis/build/icyphy/ptII/ptolemy/actor/lib/test/auto/MultipleLinksToSameRelationDE.xml
----------------- Instantiating /home/travis/build/icyphy/ptII/ptolemy/actor/lib/test/auto/MultipleLinksToSameRelationDE.xml
8 ms. Memory: 502784K Free: 418499K (83%)
----------------- Invoking toplevel() on ptolemy.moml.MoMLSimpleApplication@1174371e
----------------- Done invoking toplevel() on ptolemy.moml.MoMLSimpleApplication@1174371e
reloadAllAccessors: .MultipleLinksToSameRelationDE

===========================================================================================
----------------- testing Sun Dec 29 06:30:03 UTC 2019 /home/travis/build/icyphy/ptII/ptolemy/actor/lib/test/auto/Multiplexor.xml
----------------- Instantiating /home/travis/build/icyphy/ptII/ptolemy/actor/lib/test/auto/Multiplexor.xml
2 ms. Memory: 502784K Free: 412865K (82%)
----------------- Invoking toplevel() on ptolemy.moml.MoMLSimpleApplication@147bf868
----------------- Done invoking toplevel() on ptolemy.moml.MoMLSimpleApplication@147bf868
reloadAllAccessors: .Multiplexor

===========================================================================================
----------------- testing Sun Dec 29 06:30:03 UTC 2019 /home/travis/build/icyphy/ptII/ptolemy/actor/lib/test/auto/Multiplexor1.xml
----------------- Instantiating /home/travis/build/icyphy/ptII/ptolemy/actor/lib/test/auto/Multiplexor1.xml
2 ms. Memory: 502784K Free: 407235K (81%)
----------------- Invoking toplevel() on ptolemy.moml.MoMLSimpleApplication@1783d17b
----------------- Done invoking toplevel() on ptolemy.moml.MoMLSimpleApplication@1783d17b
reloadAllAccessors: .Multiplexor1

===========================================================================================
----------------- testing Sun Dec 29 06:30:03 UTC 2019 /home/travis/build/icyphy/ptII/ptolemy/actor/lib/test/auto/Multiplexor2.xml
----------------- Instantiating /home/travis/build/icyphy/ptII/ptolemy/actor/lib/test/auto/Multiplexor2.xml
2 ms. Memory: 502784K Free: 400577K (80%)
----------------- Invoking toplevel() on ptolemy.moml.MoMLSimpleApplication@497be739
----------------- Done invoking toplevel() on ptolemy.moml.MoMLSimpleApplication@497be739
reloadAllAccessors: .Multiplexor2

===========================================================================================
----------------- testing Sun Dec 29 06:30:03 UTC 2019 /home/travis/build/icyphy/ptII/ptolemy/actor/lib/test/auto/Multiplexor3.xml
----------------- Instantiating /home/travis/build/icyphy/ptII/ptolemy/actor/lib/test/auto/Multiplexor3.xml
1 ms. Memory: 502784K Free: 396481K (79%)
----------------- Invoking toplevel() on ptolemy.moml.MoMLSimpleApplication@4e537bc4
----------------- Done invoking toplevel() on ptolemy.moml.MoMLSimpleApplication@4e537bc4
reloadAllAccessors: .Multiplexor3

===========================================================================================
----------------- testing Sun Dec 29 06:30:03 UTC 2019 /home/travis/build/icyphy/ptII/ptolemy/actor/lib/test/auto/MultiplexorDE.xml
----------------- Instantiating /home/travis/build/icyphy/ptII/ptolemy/actor/lib/test/auto/MultiplexorDE.xml
2 ms. Memory: 502784K Free: 388803K (77%)
----------------- Invoking toplevel() on ptolemy.moml.MoMLSimpleApplication@607fc465
----------------- Done invoking toplevel() on ptolemy.moml.MoMLSimpleApplication@607fc465
reloadAllAccessors: .MultiplexorDE

===========================================================================================
----------------- testing Sun Dec 29 06:30:03 UTC 2019 /home/travis/build/icyphy/ptII/ptolemy/actor/lib/test/auto/MultiportBroadcastTest.xml
----------------- Instantiating /home/travis/build/icyphy/ptII/ptolemy/actor/lib/test/auto/MultiportBroadcastTest.xml
78 ms. Memory: 502784K Free: 382659K (76%)
----------------- Invoking toplevel() on ptolemy.moml.MoMLSimpleApplication@5192d46
----------------- Done invoking toplevel() on ptolemy.moml.MoMLSimpleApplication@5192d46
reloadAllAccessors: .MultiportBroadcastTest

===========================================================================================
----------------- testing Sun Dec 29 06:30:03 UTC 2019 /home/travis/build/icyphy/ptII/ptolemy/actor/lib/test/auto/MultiportOutHangDuringGetWidth.xml
----------------- Instantiating /home/travis/build/icyphy/ptII/ptolemy/actor/lib/test/auto/MultiportOutHangDuringGetWidth.xml
5 ms. Memory: 502784K Free: 370371K (74%)
----------------- Invoking toplevel() on ptolemy.moml.MoMLSimpleApplication@3e827917
----------------- Done invoking toplevel() on ptolemy.moml.MoMLSimpleApplication@3e827917
reloadAllAccessors: .MultiportOutHangDuringGetWidth

===========================================================================================
----------------- testing Sun Dec 29 06:30:03 UTC 2019 /home/travis/build/icyphy/ptII/ptolemy/actor/lib/test/auto/NilToken.xml
----------------- Instantiating /home/travis/build/icyphy/ptII/ptolemy/actor/lib/test/auto/NilToken.xml
1 ms. Memory: 502784K Free: 366275K (73%)
----------------- Invoking toplevel() on ptolemy.moml.MoMLSimpleApplication@51ceae06
----------------- Done invoking toplevel() on ptolemy.moml.MoMLSimpleApplication@51ceae06
reloadAllAccessors: .NilToken

===========================================================================================
----------------- testing Sun Dec 29 06:30:03 UTC 2019 /home/travis/build/icyphy/ptII/ptolemy/actor/lib/test/auto/NilTokenNonStrictTest.xml
----------------- Instantiating /home/travis/build/icyphy/ptII/ptolemy/actor/lib/test/auto/NilTokenNonStrictTest.xml
1 ms. Memory: 502784K Free: 361665K (72%)
----------------- Invoking toplevel() on ptolemy.moml.MoMLSimpleApplication@26a305e8
----------------- Done invoking toplevel() on ptolemy.moml.MoMLSimpleApplication@26a305e8
reloadAllAccessors: .NilTokenNonStrictTest

===========================================================================================
----------------- testing Sun Dec 29 06:30:04 UTC 2019 /home/travis/build/icyphy/ptII/ptolemy/actor/lib/test/auto/NilTokenRecord.xml
----------------- Instantiating /home/travis/build/icyphy/ptII/ptolemy/actor/lib/test/auto/NilTokenRecord.xml
11 ms. Memory: 502784K Free: 355011K (71%)
----------------- Invoking toplevel() on ptolemy.moml.MoMLSimpleApplication@2124bd64
----------------- Done invoking toplevel() on ptolemy.moml.MoMLSimpleApplication@2124bd64
reloadAllAccessors: .NilTokenRecord

===========================================================================================
----------------- testing Sun Dec 29 06:30:04 UTC 2019 /home/travis/build/icyphy/ptII/ptolemy/actor/lib/test/auto/NilTokenTypeTest.xml
----------------- Instantiating /home/travis/build/icyphy/ptII/ptolemy/actor/lib/test/auto/NilTokenTypeTest.xml
3 ms. Memory: 502784K Free: 345281K (69%)
----------------- Invoking toplevel() on ptolemy.moml.MoMLSimpleApplication@1d01ec6f
----------------- Done invoking toplevel() on ptolemy.moml.MoMLSimpleApplication@1d01ec6f
reloadAllAccessors: .NilTokenTypeTest

===========================================================================================
----------------- testing Sun Dec 29 06:30:04 UTC 2019 /home/travis/build/icyphy/ptII/ptolemy/actor/lib/test/auto/ObjectToken1.xml
----------------- Instantiating /home/travis/build/icyphy/ptII/ptolemy/actor/lib/test/auto/ObjectToken1.xml
2 ms. Memory: 502784K Free: 340675K (68%)
----------------- Invoking toplevel() on ptolemy.moml.MoMLSimpleApplication@29742011
----------------- Done invoking toplevel() on ptolemy.moml.MoMLSimpleApplication@29742011
reloadAllAccessors: .ObjectToken1

===========================================================================================
----------------- testing Sun Dec 29 06:30:04 UTC 2019 /home/travis/build/icyphy/ptII/ptolemy/actor/lib/test/auto/OrderedMerge.xml
----------------- Instantiating /home/travis/build/icyphy/ptII/ptolemy/actor/lib/test/auto/OrderedMerge.xml
9 ms. Memory: 502784K Free: 335041K (67%)
----------------- Invoking toplevel() on ptolemy.moml.MoMLSimpleApplication@575b253
----------------- Done invoking toplevel() on ptolemy.moml.MoMLSimpleApplication@575b253
reloadAllAccessors: .OrderedMerge

===========================================================================================
----------------- testing Sun Dec 29 06:30:04 UTC 2019 /home/travis/build/icyphy/ptII/ptolemy/actor/lib/test/auto/OrderedRecordDisassembler.xml
----------------- Instantiating /home/travis/build/icyphy/ptII/ptolemy/actor/lib/test/auto/OrderedRecordDisassembler.xml
2 ms. Memory: 502784K Free: 329891K (66%)
----------------- Invoking toplevel() on ptolemy.moml.MoMLSimpleApplication@7b7a242e
----------------- Done invoking toplevel() on ptolemy.moml.MoMLSimpleApplication@7b7a242e
reloadAllAccessors: .OrderedRecordDisassembler

===========================================================================================
----------------- testing Sun Dec 29 06:30:04 UTC 2019 /home/travis/build/icyphy/ptII/ptolemy/actor/lib/test/auto/OrderedRecordDisassembler2.xml
----------------- Instantiating /home/travis/build/icyphy/ptII/ptolemy/actor/lib/test/auto/OrderedRecordDisassembler2.xml
3 ms. Memory: 502784K Free: 322243K (64%)
----------------- Invoking toplevel() on ptolemy.moml.MoMLSimpleApplication@3f272052
----------------- Done invoking toplevel() on ptolemy.moml.MoMLSimpleApplication@3f272052
reloadAllAccessors: .OrderedRecordDisassembler2

===========================================================================================
----------------- testing Sun Dec 29 06:30:04 UTC 2019 /home/travis/build/icyphy/ptII/ptolemy/actor/lib/test/auto/OrderedRecordUpdater.xml
----------------- Instantiating /home/travis/build/icyphy/ptII/ptolemy/actor/lib/test/auto/OrderedRecordUpdater.xml
1 ms. Memory: 502784K Free: 317123K (63%)
----------------- Invoking toplevel() on ptolemy.moml.MoMLSimpleApplication@62ea3863
----------------- Done invoking toplevel() on ptolemy.moml.MoMLSimpleApplication@62ea3863
reloadAllAccessors: .RecordUpdater

===========================================================================================
----------------- testing Sun Dec 29 06:30:04 UTC 2019 /home/travis/build/icyphy/ptII/ptolemy/actor/lib/test/auto/OrderedRecordUpdater2.xml
----------------- Instantiating /home/travis/build/icyphy/ptII/ptolemy/actor/lib/test/auto/OrderedRecordUpdater2.xml
2 ms. Memory: 502784K Free: 312513K (62%)
----------------- Invoking toplevel() on ptolemy.moml.MoMLSimpleApplication@2b4efb40
----------------- Done invoking toplevel() on ptolemy.moml.MoMLSimpleApplication@2b4efb40
reloadAllAccessors: .RecordUpdater2

===========================================================================================
----------------- testing Sun Dec 29 06:30:04 UTC 2019 /home/travis/build/icyphy/ptII/ptolemy/actor/lib/test/auto/PhaseUnwrap.xml
----------------- Instantiating /home/travis/build/icyphy/ptII/ptolemy/actor/lib/test/auto/PhaseUnwrap.xml
2 ms. Memory: 502784K Free: 307907K (61%)
----------------- Invoking toplevel() on ptolemy.moml.MoMLSimpleApplication@75b41d8d
----------------- Done invoking toplevel() on ptolemy.moml.MoMLSimpleApplication@75b41d8d
reloadAllAccessors: .PhaseUnwrap

===========================================================================================
----------------- testing Sun Dec 29 06:30:04 UTC 2019 /home/travis/build/icyphy/ptII/ptolemy/actor/lib/test/auto/PoissonClock.xml
----------------- Instantiating /home/travis/build/icyphy/ptII/ptolemy/actor/lib/test/auto/PoissonClock.xml
1 ms. Memory: 502784K Free: 303811K (60%)
----------------- Invoking toplevel() on ptolemy.moml.MoMLSimpleApplication@6bec2d1f
----------------- Done invoking toplevel() on ptolemy.moml.MoMLSimpleApplication@6bec2d1f
reloadAllAccessors: .PoissonClock

===========================================================================================
----------------- testing Sun Dec 29 06:30:04 UTC 2019 /home/travis/build/icyphy/ptII/ptolemy/actor/lib/test/auto/PoissonClock2.xml
----------------- Instantiating /home/travis/build/icyphy/ptII/ptolemy/actor/lib/test/auto/PoissonClock2.xml
1 ms. Memory: 502784K Free: 299715K (60%)
----------------- Invoking toplevel() on ptolemy.moml.MoMLSimpleApplication@5119413e
----------------- Done invoking toplevel() on ptolemy.moml.MoMLSimpleApplication@5119413e
reloadAllAccessors: .PoissonClock2

===========================================================================================
----------------- testing Sun Dec 29 06:30:04 UTC 2019 /home/travis/build/icyphy/ptII/ptolemy/actor/lib/test/auto/PoissonClock3.xml
----------------- Instantiating /home/travis/build/icyphy/ptII/ptolemy/actor/lib/test/auto/PoissonClock3.xml
1 ms. Memory: 502784K Free: 294595K (59%)
----------------- Invoking toplevel() on ptolemy.moml.MoMLSimpleApplication@191c7bc
----------------- Done invoking toplevel() on ptolemy.moml.MoMLSimpleApplication@191c7bc
reloadAllAccessors: .PoissonClock3

===========================================================================================
----------------- testing Sun Dec 29 06:30:04 UTC 2019 /home/travis/build/icyphy/ptII/ptolemy/actor/lib/test/auto/PubSubWithInitialTokens.xml
----------------- Instantiating /home/travis/build/icyphy/ptII/ptolemy/actor/lib/test/auto/PubSubWithInitialTokens.xml
1 ms. Memory: 502784K Free: 288955K (57%)
----------------- Invoking toplevel() on ptolemy.moml.MoMLSimpleApplication@3622b176
----------------- Done invoking toplevel() on ptolemy.moml.MoMLSimpleApplication@3622b176
reloadAllAccessors: .PubSubWithInitialTokens

===========================================================================================
----------------- testing Sun Dec 29 06:30:04 UTC 2019 /home/travis/build/icyphy/ptII/ptolemy/actor/lib/test/auto/PubSubWithInitialTokens2.xml
----------------- Instantiating /home/travis/build/icyphy/ptII/ptolemy/actor/lib/test/auto/PubSubWithInitialTokens2.xml
2 ms. Memory: 502784K Free: 282811K (56%)
----------------- Invoking toplevel() on ptolemy.moml.MoMLSimpleApplication@7f5fb274
----------------- Done invoking toplevel() on ptolemy.moml.MoMLSimpleApplication@7f5fb274
reloadAllAccessors: .PubSubWithInitialTokens2

===========================================================================================
----------------- testing Sun Dec 29 06:30:04 UTC 2019 /home/travis/build/icyphy/ptII/ptolemy/actor/lib/test/auto/PublisherClassNoParameter.xml
----------------- Instantiating /home/travis/build/icyphy/ptII/ptolemy/actor/lib/test/auto/PublisherClassNoParameter.xml
2 ms. Memory: 502784K Free: 273091K (54%)
----------------- Invoking toplevel() on ptolemy.moml.MoMLSimpleApplication@507154ea
----------------- Done invoking toplevel() on ptolemy.moml.MoMLSimpleApplication@507154ea
reloadAllAccessors: .PublisherClassNoParameter

===========================================================================================
----------------- testing Sun Dec 29 06:30:04 UTC 2019 /home/travis/build/icyphy/ptII/ptolemy/actor/lib/test/auto/PublisherClassParameter.xml
----------------- Instantiating /home/travis/build/icyphy/ptII/ptolemy/actor/lib/test/auto/PublisherClassParameter.xml
2 ms. Memory: 502784K Free: 262851K (52%)
----------------- Invoking toplevel() on ptolemy.moml.MoMLSimpleApplication@509af6c8
----------------- Done invoking toplevel() on ptolemy.moml.MoMLSimpleApplication@509af6c8
reloadAllAccessors: .PublisherClassParameter

===========================================================================================
----------------- testing Sun Dec 29 06:30:04 UTC 2019 /home/travis/build/icyphy/ptII/ptolemy/actor/lib/test/auto/PublisherNonStrictTest.xml
----------------- Instantiating /home/travis/build/icyphy/ptII/ptolemy/actor/lib/test/auto/PublisherNonStrictTest.xml
3 ms. Memory: 502784K Free: 255163K (51%)
----------------- Invoking toplevel() on ptolemy.moml.MoMLSimpleApplication@21da9e6a
----------------- Done invoking toplevel() on ptolemy.moml.MoMLSimpleApplication@21da9e6a
reloadAllAccessors: .PublisherNonStrictTest

===========================================================================================
----------------- testing Sun Dec 29 06:30:04 UTC 2019 /home/travis/build/icyphy/ptII/ptolemy/actor/lib/test/auto/PublisherPort1.xml
----------------- Instantiating /home/travis/build/icyphy/ptII/ptolemy/actor/lib/test/auto/PublisherPort1.xml
2 ms. Memory: 502784K Free: 249539K (50%)
----------------- Invoking toplevel() on ptolemy.moml.MoMLSimpleApplication@5eab70a6
----------------- Done invoking toplevel() on ptolemy.moml.MoMLSimpleApplication@5eab70a6
reloadAllAccessors: .PublisherPort1

===========================================================================================
----------------- testing Sun Dec 29 06:30:04 UTC 2019 /home/travis/build/icyphy/ptII/ptolemy/actor/lib/test/auto/PublisherPort2.xml
----------------- Instantiating /home/travis/build/icyphy/ptII/ptolemy/actor/lib/test/auto/PublisherPort2.xml
3 ms. Memory: 502784K Free: 244419K (49%)
----------------- Invoking toplevel() on ptolemy.moml.MoMLSimpleApplication@3cd5a635
----------------- Done invoking toplevel() on ptolemy.moml.MoMLSimpleApplication@3cd5a635
reloadAllAccessors: .PublisherPort2

===========================================================================================
----------------- testing Sun Dec 29 06:30:04 UTC 2019 /home/travis/build/icyphy/ptII/ptolemy/actor/lib/test/auto/PublisherPort3.xml
----------------- Instantiating /home/travis/build/icyphy/ptII/ptolemy/actor/lib/test/auto/PublisherPort3.xml
12 ms. Memory: 502784K Free: 237251K (47%)
----------------- Invoking toplevel() on ptolemy.moml.MoMLSimpleApplication@412c7a24
----------------- Done invoking toplevel() on ptolemy.moml.MoMLSimpleApplication@412c7a24
reloadAllAccessors: .PublisherPort3

===========================================================================================
----------------- testing Sun Dec 29 06:30:04 UTC 2019 /home/travis/build/icyphy/ptII/ptolemy/actor/lib/test/auto/PublisherPort4.xml
----------------- Instantiating /home/travis/build/icyphy/ptII/ptolemy/actor/lib/test/auto/PublisherPort4.xml
3 ms. Memory: 502784K Free: 231611K (46%)
----------------- Invoking toplevel() on ptolemy.moml.MoMLSimpleApplication@307d87d0
----------------- Done invoking toplevel() on ptolemy.moml.MoMLSimpleApplication@307d87d0
reloadAllAccessors: .PublisherPort4

===========================================================================================
----------------- testing Sun Dec 29 06:30:04 UTC 2019 /home/travis/build/icyphy/ptII/ptolemy/actor/lib/test/auto/PublisherPort5.xml
----------------- Instantiating /home/travis/build/icyphy/ptII/ptolemy/actor/lib/test/auto/PublisherPort5.xml
3 ms. Memory: 502784K Free: 223939K (45%)
----------------- Invoking toplevel() on ptolemy.moml.MoMLSimpleApplication@2c822259
----------------- Done invoking toplevel() on ptolemy.moml.MoMLSimpleApplication@2c822259
reloadAllAccessors: .PublisherPort5

===========================================================================================
----------------- testing Sun Dec 29 06:30:04 UTC 2019 /home/travis/build/icyphy/ptII/ptolemy/actor/lib/test/auto/PublisherPort5LookAlike.xml
----------------- Instantiating /home/travis/build/icyphy/ptII/ptolemy/actor/lib/test/auto/PublisherPort5LookAlike.xml
6 ms. Memory: 502784K Free: 216251K (43%)
----------------- Invoking toplevel() on ptolemy.moml.MoMLSimpleApplication@311d5705
----------------- Done invoking toplevel() on ptolemy.moml.MoMLSimpleApplication@311d5705
reloadAllAccessors: .PublisherPort5LookAlike

===========================================================================================
----------------- testing Sun Dec 29 06:30:04 UTC 2019 /home/travis/build/icyphy/ptII/ptolemy/actor/lib/test/auto/PublisherPort6.xml
----------------- Instantiating /home/travis/build/icyphy/ptII/ptolemy/actor/lib/test/auto/PublisherPort6.xml
1 ms. Memory: 502784K Free: 209603K (42%)
----------------- Invoking toplevel() on ptolemy.moml.MoMLSimpleApplication@1df2e1eb
----------------- Done invoking toplevel() on ptolemy.moml.MoMLSimpleApplication@1df2e1eb
reloadAllAccessors: .PublisherPort6

===========================================================================================
----------------- testing Sun Dec 29 06:30:04 UTC 2019 /home/travis/build/icyphy/ptII/ptolemy/actor/lib/test/auto/PublisherPort7.xml
----------------- Instantiating /home/travis/build/icyphy/ptII/ptolemy/actor/lib/test/auto/PublisherPort7.xml
2 ms. Memory: 502784K Free: 201921K (40%)
----------------- Invoking toplevel() on ptolemy.moml.MoMLSimpleApplication@4bf32352
----------------- Done invoking toplevel() on ptolemy.moml.MoMLSimpleApplication@4bf32352
reloadAllAccessors: .PublisherPort7

===========================================================================================
----------------- testing Sun Dec 29 06:30:04 UTC 2019 /home/travis/build/icyphy/ptII/ptolemy/actor/lib/test/auto/PublisherPort8.xml
----------------- Instantiating /home/travis/build/icyphy/ptII/ptolemy/actor/lib/test/auto/PublisherPort8.xml
4 ms. Memory: 502784K Free: 193219K (38%)
----------------- Invoking toplevel() on ptolemy.moml.MoMLSimpleApplication@59c03c31
----------------- Done invoking toplevel() on ptolemy.moml.MoMLSimpleApplication@59c03c31
reloadAllAccessors: .PublisherPort8

===========================================================================================
----------------- testing Sun Dec 29 06:30:04 UTC 2019 /home/travis/build/icyphy/ptII/ptolemy/actor/lib/test/auto/PublisherPortSubscriberChannelVariablesAOC2.xml
----------------- Instantiating /home/travis/build/icyphy/ptII/ptolemy/actor/lib/test/auto/PublisherPortSubscriberChannelVariablesAOC2.xml
2 ms. Memory: 502784K Free: 175297K (35%)
----------------- Invoking toplevel() on ptolemy.moml.MoMLSimpleApplication@4f5284e4
----------------- Done invoking toplevel() on ptolemy.moml.MoMLSimpleApplication@4f5284e4
reloadAllAccessors: .PublisherPortSubscriberChannelVariablesAOC2

===========================================================================================
----------------- testing Sun Dec 29 06:30:04 UTC 2019 /home/travis/build/icyphy/ptII/ptolemy/actor/lib/test/auto/PublisherPortSubscriberOpaqueWidthInference.xml
----------------- Instantiating /home/travis/build/icyphy/ptII/ptolemy/actor/lib/test/auto/PublisherPortSubscriberOpaqueWidthInference.xml
3 ms. Memory: 502784K Free: 167091K (33%)
----------------- Invoking toplevel() on ptolemy.moml.MoMLSimpleApplication@724cbe1d
----------------- Done invoking toplevel() on ptolemy.moml.MoMLSimpleApplication@724cbe1d
reloadAllAccessors: .PublisherPortSubscriberOpaqueWidthInference

===========================================================================================
----------------- testing Sun Dec 29 06:30:04 UTC 2019 /home/travis/build/icyphy/ptII/ptolemy/actor/lib/test/auto/PublisherPortSubscriberPortAdjacent.xml
----------------- Instantiating /home/travis/build/icyphy/ptII/ptolemy/actor/lib/test/auto/PublisherPortSubscriberPortAdjacent.xml
1 ms. Memory: 502784K Free: 158913K (32%)
----------------- Invoking toplevel() on ptolemy.moml.MoMLSimpleApplication@32048b26
----------------- Done invoking toplevel() on ptolemy.moml.MoMLSimpleApplication@32048b26
reloadAllAccessors: .PublisherPortSubscriberPortAdjacent

===========================================================================================
----------------- testing Sun Dec 29 06:30:04 UTC 2019 /home/travis/build/icyphy/ptII/ptolemy/actor/lib/test/auto/PublisherPortSubscriberPortExpression.xml
----------------- Instantiating /home/travis/build/icyphy/ptII/ptolemy/actor/lib/test/auto/PublisherPortSubscriberPortExpression.xml
6 ms. Memory: 502784K Free: 447134K (89%)
----------------- Invoking toplevel() on ptolemy.moml.MoMLSimpleApplication@47391971
----------------- Done invoking toplevel() on ptolemy.moml.MoMLSimpleApplication@47391971
reloadAllAccessors: .PublisherPortSubscriberPortExpression

===========================================================================================
----------------- testing Sun Dec 29 06:30:04 UTC 2019 /home/travis/build/icyphy/ptII/ptolemy/actor/lib/test/auto/PublisherPortSubscriberPortOpaqueD3Reverse.xml
----------------- Instantiating /home/travis/build/icyphy/ptII/ptolemy/actor/lib/test/auto/PublisherPortSubscriberPortOpaqueD3Reverse.xml
5 ms. Memory: 502784K Free: 436380K (87%)
----------------- Invoking toplevel() on ptolemy.moml.MoMLSimpleApplication@73fa0666
----------------- Done invoking toplevel() on ptolemy.moml.MoMLSimpleApplication@73fa0666
reloadAllAccessors: .PublisherPortSubscriberPortOpaqueD3Reverse

===========================================================================================
----------------- testing Sun Dec 29 06:30:04 UTC 2019 /home/travis/build/icyphy/ptII/ptolemy/actor/lib/test/auto/PublisherPortSubscriberPortOpaqueWidthInference.xml
----------------- Instantiating /home/travis/build/icyphy/ptII/ptolemy/actor/lib/test/auto/PublisherPortSubscriberPortOpaqueWidthInference.xml
3 ms. Memory: 502784K Free: 428702K (85%)
----------------- Invoking toplevel() on ptolemy.moml.MoMLSimpleApplication@1004d2a0
----------------- Done invoking toplevel() on ptolemy.moml.MoMLSimpleApplication@1004d2a0
reloadAllAccessors: .PublisherPortSubscriberPortOpaqueWidthInference

===========================================================================================
----------------- testing Sun Dec 29 06:30:04 UTC 2019 /home/travis/build/icyphy/ptII/ptolemy/actor/lib/test/auto/PublisherPortToplevelSubscriberPortAOC.xml
----------------- Instantiating /home/travis/build/icyphy/ptII/ptolemy/actor/lib/test/auto/PublisherPortToplevelSubscriberPortAOC.xml
.PublisherPortToplevelSubscriberPortAOC.TestExceptionAttribute: initialize() was not invoked, but wrapup() was.  This is unusual, but not always a problem.  For example, exporting JNLP will do this.
0 ms. Memory: 502784K Free: 423068K (84%)
----------------- Invoking toplevel() on ptolemy.moml.MoMLSimpleApplication@526dfcae
----------------- Done invoking toplevel() on ptolemy.moml.MoMLSimpleApplication@526dfcae
reloadAllAccessors: .PublisherPortToplevelSubscriberPortAOC

===========================================================================================
----------------- testing Sun Dec 29 06:30:04 UTC 2019 /home/travis/build/icyphy/ptII/ptolemy/actor/lib/test/auto/PublisherSubscriber.xml
----------------- Instantiating /home/travis/build/icyphy/ptII/ptolemy/actor/lib/test/auto/PublisherSubscriber.xml
2 ms. Memory: 502784K Free: 415870K (83%)
----------------- Invoking toplevel() on ptolemy.moml.MoMLSimpleApplication@37550189
----------------- Done invoking toplevel() on ptolemy.moml.MoMLSimpleApplication@37550189
reloadAllAccessors: .PublisherSubscriber

===========================================================================================
----------------- testing Sun Dec 29 06:30:04 UTC 2019 /home/travis/build/icyphy/ptII/ptolemy/actor/lib/test/auto/PublisherSubscriber10.xml
----------------- Instantiating /home/travis/build/icyphy/ptII/ptolemy/actor/lib/test/auto/PublisherSubscriber10.xml
5 ms. Memory: 502784K Free: 406684K (81%)
----------------- Invoking toplevel() on ptolemy.moml.MoMLSimpleApplication@b0663c4
----------------- Done invoking toplevel() on ptolemy.moml.MoMLSimpleApplication@b0663c4
reloadAllAccessors: .PublisherSubscriber10

===========================================================================================
----------------- testing Sun Dec 29 06:30:04 UTC 2019 /home/travis/build/icyphy/ptII/ptolemy/actor/lib/test/auto/PublisherSubscriber10InitialOutputs.xml
----------------- Instantiating /home/travis/build/icyphy/ptII/ptolemy/actor/lib/test/auto/PublisherSubscriber10InitialOutputs.xml
16 ms. Memory: 502784K Free: 396444K (79%)
----------------- Invoking toplevel() on ptolemy.moml.MoMLSimpleApplication@6360642
----------------- Done invoking toplevel() on ptolemy.moml.MoMLSimpleApplication@6360642
reloadAllAccessors: .PublisherSubscriber10InitialOutputs

===========================================================================================
----------------- testing Sun Dec 29 06:30:04 UTC 2019 /home/travis/build/icyphy/ptII/ptolemy/actor/lib/test/auto/PublisherSubscriber11.xml
----------------- Instantiating /home/travis/build/icyphy/ptII/ptolemy/actor/lib/test/auto/PublisherSubscriber11.xml
3 ms. Memory: 502784K Free: 389790K (78%)
----------------- Invoking toplevel() on ptolemy.moml.MoMLSimpleApplication@6d595d2d
----------------- Done invoking toplevel() on ptolemy.moml.MoMLSimpleApplication@6d595d2d
reloadAllAccessors: .PublisherSubscriber11

===========================================================================================
----------------- testing Sun Dec 29 06:30:04 UTC 2019 /home/travis/build/icyphy/ptII/ptolemy/actor/lib/test/auto/PublisherSubscriber12.xml
----------------- Instantiating /home/travis/build/icyphy/ptII/ptolemy/actor/lib/test/auto/PublisherSubscriber12.xml
5 ms. Memory: 502784K Free: 382622K (76%)
----------------- Invoking toplevel() on ptolemy.moml.MoMLSimpleApplication@614a0b1f
----------------- Done invoking toplevel() on ptolemy.moml.MoMLSimpleApplication@614a0b1f
reloadAllAccessors: .PublisherSubscriber12

===========================================================================================
----------------- testing Sun Dec 29 06:30:04 UTC 2019 /home/travis/build/icyphy/ptII/ptolemy/actor/lib/test/auto/PublisherSubscriber13.xml
----------------- Instantiating /home/travis/build/icyphy/ptII/ptolemy/actor/lib/test/auto/PublisherSubscriber13.xml
2 ms. Memory: 502784K Free: 376958K (75%)
----------------- Invoking toplevel() on ptolemy.moml.MoMLSimpleApplication@826a729
----------------- Done invoking toplevel() on ptolemy.moml.MoMLSimpleApplication@826a729
reloadAllAccessors: .PublisherSubscriber13

===========================================================================================
----------------- testing Sun Dec 29 06:30:04 UTC 2019 /home/travis/build/icyphy/ptII/ptolemy/actor/lib/test/auto/PublisherSubscriber14.xml
----------------- Instantiating /home/travis/build/icyphy/ptII/ptolemy/actor/lib/test/auto/PublisherSubscriber14.xml
2 ms. Memory: 502784K Free: 368286K (73%)
----------------- Invoking toplevel() on ptolemy.moml.MoMLSimpleApplication@237e9241
----------------- Done invoking toplevel() on ptolemy.moml.MoMLSimpleApplication@237e9241
reloadAllAccessors: .PublisherSubscriber14

===========================================================================================
----------------- testing Sun Dec 29 06:30:04 UTC 2019 /home/travis/build/icyphy/ptII/ptolemy/actor/lib/test/auto/PublisherSubscriber2.xml
----------------- Instantiating /home/travis/build/icyphy/ptII/ptolemy/actor/lib/test/auto/PublisherSubscriber2.xml
2 ms. Memory: 502784K Free: 362142K (72%)
----------------- Invoking toplevel() on ptolemy.moml.MoMLSimpleApplication@2b3fd97c
----------------- Done invoking toplevel() on ptolemy.moml.MoMLSimpleApplication@2b3fd97c
reloadAllAccessors: .PublisherSubscriber2

===========================================================================================
----------------- testing Sun Dec 29 06:30:04 UTC 2019 /home/travis/build/icyphy/ptII/ptolemy/actor/lib/test/auto/PublisherSubscriber3.xml
----------------- Instantiating /home/travis/build/icyphy/ptII/ptolemy/actor/lib/test/auto/PublisherSubscriber3.xml
2 ms. Memory: 502784K Free: 356478K (71%)
----------------- Invoking toplevel() on ptolemy.moml.MoMLSimpleApplication@4a1670e7
----------------- Done invoking toplevel() on ptolemy.moml.MoMLSimpleApplication@4a1670e7
reloadAllAccessors: .PublisherSubscriber3

===========================================================================================
----------------- testing Sun Dec 29 06:30:04 UTC 2019 /home/travis/build/icyphy/ptII/ptolemy/actor/lib/test/auto/PublisherSubscriber4.xml
----------------- Instantiating /home/travis/build/icyphy/ptII/ptolemy/actor/lib/test/auto/PublisherSubscriber4.xml
1 ms. Memory: 502784K Free: 350878K (70%)
----------------- Invoking toplevel() on ptolemy.moml.MoMLSimpleApplication@28c01026
----------------- Done invoking toplevel() on ptolemy.moml.MoMLSimpleApplication@28c01026
reloadAllAccessors: .PublisherSubscriber4

===========================================================================================
----------------- testing Sun Dec 29 06:30:04 UTC 2019 /home/travis/build/icyphy/ptII/ptolemy/actor/lib/test/auto/PublisherSubscriber5.xml
----------------- Instantiating /home/travis/build/icyphy/ptII/ptolemy/actor/lib/test/auto/PublisherSubscriber5.xml
2 ms. Memory: 502784K Free: 344220K (68%)
----------------- Invoking toplevel() on ptolemy.moml.MoMLSimpleApplication@3e477201
----------------- Done invoking toplevel() on ptolemy.moml.MoMLSimpleApplication@3e477201
reloadAllAccessors: .PublisherSubscriber5

===========================================================================================
----------------- testing Sun Dec 29 06:30:04 UTC 2019 /home/travis/build/icyphy/ptII/ptolemy/actor/lib/test/auto/PublisherSubscriber6.xml
----------------- Instantiating /home/travis/build/icyphy/ptII/ptolemy/actor/lib/test/auto/PublisherSubscriber6.xml
3 ms. Memory: 502784K Free: 337566K (67%)
----------------- Invoking toplevel() on ptolemy.moml.MoMLSimpleApplication@34f59ab9
----------------- Done invoking toplevel() on ptolemy.moml.MoMLSimpleApplication@34f59ab9
reloadAllAccessors: .PublisherSubscriber6

===========================================================================================
----------------- testing Sun Dec 29 06:30:04 UTC 2019 /home/travis/build/icyphy/ptII/ptolemy/actor/lib/test/auto/PublisherSubscriber7.xml
----------------- Instantiating /home/travis/build/icyphy/ptII/ptolemy/actor/lib/test/auto/PublisherSubscriber7.xml
6 ms. Memory: 502784K Free: 330398K (66%)
----------------- Invoking toplevel() on ptolemy.moml.MoMLSimpleApplication@570bf0cd
----------------- Done invoking toplevel() on ptolemy.moml.MoMLSimpleApplication@570bf0cd
reloadAllAccessors: .PublisherSubscriber7

===========================================================================================
----------------- testing Sun Dec 29 06:30:04 UTC 2019 /home/travis/build/icyphy/ptII/ptolemy/actor/lib/test/auto/PublisherSubscriber8.xml
----------------- Instantiating /home/travis/build/icyphy/ptII/ptolemy/actor/lib/test/auto/PublisherSubscriber8.xml
14 ms. Memory: 502784K Free: 318620K (63%)
----------------- Invoking toplevel() on ptolemy.moml.MoMLSimpleApplication@4fe6fb8d
----------------- Done invoking toplevel() on ptolemy.moml.MoMLSimpleApplication@4fe6fb8d
reloadAllAccessors: .PublisherSubscriber8

===========================================================================================
----------------- testing Sun Dec 29 06:30:04 UTC 2019 /home/travis/build/icyphy/ptII/ptolemy/actor/lib/test/auto/PublisherSubscriber9.xml
----------------- Instantiating /home/travis/build/icyphy/ptII/ptolemy/actor/lib/test/auto/PublisherSubscriber9.xml
3 ms. Memory: 502784K Free: 311438K (62%)
----------------- Invoking toplevel() on ptolemy.moml.MoMLSimpleApplication@2e54be29
----------------- Done invoking toplevel() on ptolemy.moml.MoMLSimpleApplication@2e54be29
reloadAllAccessors: .PublisherSubscriber9

===========================================================================================
----------------- testing Sun Dec 29 06:30:04 UTC 2019 /home/travis/build/icyphy/ptII/ptolemy/actor/lib/test/auto/PublisherSubscriberAdjacent.xml
----------------- Instantiating /home/travis/build/icyphy/ptII/ptolemy/actor/lib/test/auto/PublisherSubscriberAdjacent.xml
1 ms. Memory: 502784K Free: 303260K (60%)
----------------- Invoking toplevel() on ptolemy.moml.MoMLSimpleApplication@5838c221
----------------- Done invoking toplevel() on ptolemy.moml.MoMLSimpleApplication@5838c221
reloadAllAccessors: .PublisherSubscriberAdjacent

===========================================================================================
----------------- testing Sun Dec 29 06:30:04 UTC 2019 /home/travis/build/icyphy/ptII/ptolemy/actor/lib/test/auto/PublisherSubscriberChannelVariablesAOC2.xml
----------------- Instantiating /home/travis/build/icyphy/ptII/ptolemy/actor/lib/test/auto/PublisherSubscriberChannelVariablesAOC2.xml
2 ms. Memory: 502784K Free: 287886K (57%)
----------------- Invoking toplevel() on ptolemy.moml.MoMLSimpleApplication@7122b802
----------------- Done invoking toplevel() on ptolemy.moml.MoMLSimpleApplication@7122b802
reloadAllAccessors: .PublisherSubscriberChannelVariablesAOC2

===========================================================================================
----------------- testing Sun Dec 29 06:30:04 UTC 2019 /home/travis/build/icyphy/ptII/ptolemy/actor/lib/test/auto/PublisherSubscriberD3.xml
----------------- Instantiating /home/travis/build/icyphy/ptII/ptolemy/actor/lib/test/auto/PublisherSubscriberD3.xml
1 ms. Memory: 502784K Free: 280732K (56%)
----------------- Invoking toplevel() on ptolemy.moml.MoMLSimpleApplication@63246bd4
----------------- Done invoking toplevel() on ptolemy.moml.MoMLSimpleApplication@63246bd4
reloadAllAccessors: .PublisherSubscriberD3

===========================================================================================
----------------- testing Sun Dec 29 06:30:04 UTC 2019 /home/travis/build/icyphy/ptII/ptolemy/actor/lib/test/auto/PublisherSubscriberD3Reverse.xml
----------------- Instantiating /home/travis/build/icyphy/ptII/ptolemy/actor/lib/test/auto/PublisherSubscriberD3Reverse.xml
1 ms. Memory: 502784K Free: 274588K (55%)
----------------- Invoking toplevel() on ptolemy.moml.MoMLSimpleApplication@7bac37c3
----------------- Done invoking toplevel() on ptolemy.moml.MoMLSimpleApplication@7bac37c3
reloadAllAccessors: .PublisherSubscriberD3Reverse

===========================================================================================
----------------- testing Sun Dec 29 06:30:04 UTC 2019 /home/travis/build/icyphy/ptII/ptolemy/actor/lib/test/auto/PublisherSubscriberExpression.xml
----------------- Instantiating /home/travis/build/icyphy/ptII/ptolemy/actor/lib/test/auto/PublisherSubscriberExpression.xml
3 ms. Memory: 502784K Free: 266396K (53%)
----------------- Invoking toplevel() on ptolemy.moml.MoMLSimpleApplication@63d3a626
----------------- Done invoking toplevel() on ptolemy.moml.MoMLSimpleApplication@63d3a626
reloadAllAccessors: .PublisherSubscriberExpression

===========================================================================================
----------------- testing Sun Dec 29 06:30:04 UTC 2019 /home/travis/build/icyphy/ptII/ptolemy/actor/lib/test/auto/PublisherSubscriberOpaque.xml
----------------- Instantiating /home/travis/build/icyphy/ptII/ptolemy/actor/lib/test/auto/PublisherSubscriberOpaque.xml
3 ms. Memory: 502784K Free: 257694K (51%)
----------------- Invoking toplevel() on ptolemy.moml.MoMLSimpleApplication@20b0a204
----------------- Done invoking toplevel() on ptolemy.moml.MoMLSimpleApplication@20b0a204
reloadAllAccessors: .PublisherSubscriberOpaque

===========================================================================================
----------------- testing Sun Dec 29 06:30:04 UTC 2019 /home/travis/build/icyphy/ptII/ptolemy/actor/lib/test/auto/PublisherSubscriberOpaqueD3.xml
----------------- Instantiating /home/travis/build/icyphy/ptII/ptolemy/actor/lib/test/auto/PublisherSubscriberOpaqueD3.xml
5 ms. Memory: 502784K Free: 245406K (49%)
----------------- Invoking toplevel() on ptolemy.moml.MoMLSimpleApplication@7bcf09a0
----------------- Done invoking toplevel() on ptolemy.moml.MoMLSimpleApplication@7bcf09a0
reloadAllAccessors: .PublisherSubscriberOpaqueD3

===========================================================================================
----------------- testing Sun Dec 29 06:30:05 UTC 2019 /home/travis/build/icyphy/ptII/ptolemy/actor/lib/test/auto/PublisherSubscriberOpaqueD3Reverse.xml
----------------- Instantiating /home/travis/build/icyphy/ptII/ptolemy/actor/lib/test/auto/PublisherSubscriberOpaqueD3Reverse.xml
6 ms. Memory: 502784K Free: 234652K (47%)
----------------- Invoking toplevel() on ptolemy.moml.MoMLSimpleApplication@572a65fd
----------------- Done invoking toplevel() on ptolemy.moml.MoMLSimpleApplication@572a65fd
reloadAllAccessors: .PublisherSubscriberOpaqueD3Reverse

===========================================================================================
----------------- testing Sun Dec 29 06:30:05 UTC 2019 /home/travis/build/icyphy/ptII/ptolemy/actor/lib/test/auto/PublisherSubscriberOpaqueWidthInference.xml
----------------- Instantiating /home/travis/build/icyphy/ptII/ptolemy/actor/lib/test/auto/PublisherSubscriberOpaqueWidthInference.xml
4 ms. Memory: 502784K Free: 226446K (45%)
----------------- Invoking toplevel() on ptolemy.moml.MoMLSimpleApplication@3b7b6de6
----------------- Done invoking toplevel() on ptolemy.moml.MoMLSimpleApplication@3b7b6de6
reloadAllAccessors: .PublisherSubscriberOpaqueWidthInference

===========================================================================================
----------------- testing Sun Dec 29 06:30:05 UTC 2019 /home/travis/build/icyphy/ptII/ptolemy/actor/lib/test/auto/PublisherTestSubscriber.xml
----------------- Instantiating /home/travis/build/icyphy/ptII/ptolemy/actor/lib/test/auto/PublisherTestSubscriber.xml
2 ms. Memory: 502784K Free: 218782K (44%)
----------------- Invoking toplevel() on ptolemy.moml.MoMLSimpleApplication@142c4c12
----------------- Done invoking toplevel() on ptolemy.moml.MoMLSimpleApplication@142c4c12
reloadAllAccessors: .PublisherTestSubscriber

===========================================================================================
----------------- testing Sun Dec 29 06:30:05 UTC 2019 /home/travis/build/icyphy/ptII/ptolemy/actor/lib/test/auto/PublisherToplevelSubscriberPortAOC.xml
----------------- Instantiating /home/travis/build/icyphy/ptII/ptolemy/actor/lib/test/auto/PublisherToplevelSubscriberPortAOC.xml
1 ms. Memory: 502784K Free: 212094K (42%)
----------------- Invoking toplevel() on ptolemy.moml.MoMLSimpleApplication@31155f7f
----------------- Done invoking toplevel() on ptolemy.moml.MoMLSimpleApplication@31155f7f
reloadAllAccessors: .PublisherToplevelSubscriberPortAOC

===========================================================================================
----------------- testing Sun Dec 29 06:30:05 UTC 2019 /home/travis/build/icyphy/ptII/ptolemy/actor/lib/test/auto/PulseFiringLimitDE.xml
----------------- Instantiating /home/travis/build/icyphy/ptII/ptolemy/actor/lib/test/auto/PulseFiringLimitDE.xml
1 ms. Memory: 502784K Free: 205980K (41%)
----------------- Invoking toplevel() on ptolemy.moml.MoMLSimpleApplication@3bb3460
----------------- Done invoking toplevel() on ptolemy.moml.MoMLSimpleApplication@3bb3460
reloadAllAccessors: .PulseFiringLimitDE

===========================================================================================
----------------- testing Sun Dec 29 06:30:05 UTC 2019 /home/travis/build/icyphy/ptII/ptolemy/actor/lib/test/auto/Ramp1.xml
----------------- Instantiating /home/travis/build/icyphy/ptII/ptolemy/actor/lib/test/auto/Ramp1.xml
1 ms. Memory: 502784K Free: 201878K (40%)
----------------- Invoking toplevel() on ptolemy.moml.MoMLSimpleApplication@4178e6d2
----------------- Done invoking toplevel() on ptolemy.moml.MoMLSimpleApplication@4178e6d2
reloadAllAccessors: .Ramp1

===========================================================================================
----------------- testing Sun Dec 29 06:30:05 UTC 2019 /home/travis/build/icyphy/ptII/ptolemy/actor/lib/test/auto/RampFiringLimitDE.xml
----------------- Instantiating /home/travis/build/icyphy/ptII/ptolemy/actor/lib/test/auto/RampFiringLimitDE.xml
2 ms. Memory: 502784K Free: 195230K (39%)
----------------- Invoking toplevel() on ptolemy.moml.MoMLSimpleApplication@46888330
----------------- Done invoking toplevel() on ptolemy.moml.MoMLSimpleApplication@46888330
reloadAllAccessors: .RampFiringLimitDE

===========================================================================================
----------------- testing Sun Dec 29 06:30:05 UTC 2019 /home/travis/build/icyphy/ptII/ptolemy/actor/lib/test/auto/RampFiringLimitSDF.xml
----------------- Instantiating /home/travis/build/icyphy/ptII/ptolemy/actor/lib/test/auto/RampFiringLimitSDF.xml
2 ms. Memory: 502784K Free: 190110K (38%)
----------------- Invoking toplevel() on ptolemy.moml.MoMLSimpleApplication@25841eda
----------------- Done invoking toplevel() on ptolemy.moml.MoMLSimpleApplication@25841eda
reloadAllAccessors: .RampFiringLimitSDF

===========================================================================================
----------------- testing Sun Dec 29 06:30:05 UTC 2019 /home/travis/build/icyphy/ptII/ptolemy/actor/lib/test/auto/RandomInteger.xml
----------------- Instantiating /home/travis/build/icyphy/ptII/ptolemy/actor/lib/test/auto/RandomInteger.xml
1 ms. Memory: 502784K Free: 186014K (37%)
----------------- Invoking toplevel() on ptolemy.moml.MoMLSimpleApplication@aab2c41
----------------- Done invoking toplevel() on ptolemy.moml.MoMLSimpleApplication@aab2c41
reloadAllAccessors: .RandomInteger

===========================================================================================
----------------- testing Sun Dec 29 06:30:05 UTC 2019 /home/travis/build/icyphy/ptII/ptolemy/actor/lib/test/auto/ReadFile1.xml
----------------- Instantiating /home/travis/build/icyphy/ptII/ptolemy/actor/lib/test/auto/ReadFile1.xml
2 ms. Memory: 502784K Free: 181404K (36%)
----------------- Invoking toplevel() on ptolemy.moml.MoMLSimpleApplication@72652f67
----------------- Done invoking toplevel() on ptolemy.moml.MoMLSimpleApplication@72652f67
reloadAllAccessors: .ReadFile1

===========================================================================================
----------------- testing Sun Dec 29 06:30:05 UTC 2019 /home/travis/build/icyphy/ptII/ptolemy/actor/lib/test/auto/ReadFile2.xml
----------------- Instantiating /home/travis/build/icyphy/ptII/ptolemy/actor/lib/test/auto/ReadFile2.xml
2 ms. Memory: 502784K Free: 176798K (35%)
----------------- Invoking toplevel() on ptolemy.moml.MoMLSimpleApplication@5f5744fd
----------------- Done invoking toplevel() on ptolemy.moml.MoMLSimpleApplication@5f5744fd
reloadAllAccessors: .ReadFile2

===========================================================================================
----------------- testing Sun Dec 29 06:30:05 UTC 2019 /home/travis/build/icyphy/ptII/ptolemy/actor/lib/test/auto/Reader.xml
----------------- Instantiating /home/travis/build/icyphy/ptII/ptolemy/actor/lib/test/auto/Reader.xml
actor.lib.Reader is obsolete, use actor.lib.io.ExpressionReader instead
4 ms. Memory: 502784K Free: 172702K (34%)
----------------- Invoking toplevel() on ptolemy.moml.MoMLSimpleApplication@7cc350d4
----------------- Done invoking toplevel() on ptolemy.moml.MoMLSimpleApplication@7cc350d4
reloadAllAccessors: .Reader

===========================================================================================
----------------- testing Sun Dec 29 06:30:05 UTC 2019 /home/travis/build/icyphy/ptII/ptolemy/actor/lib/test/auto/RecordAssemblerDisplayNameTest.xml
----------------- Instantiating /home/travis/build/icyphy/ptII/ptolemy/actor/lib/test/auto/RecordAssemblerDisplayNameTest.xml
3158 ms. Memory: 502784K Free: 154339K (31%)
----------------- Invoking toplevel() on ptolemy.moml.MoMLSimpleApplication@b953687
----------------- Done invoking toplevel() on ptolemy.moml.MoMLSimpleApplication@b953687
reloadAllAccessors: .RecordAssemblerDisplayNameTest

===========================================================================================
----------------- testing Sun Dec 29 06:30:08 UTC 2019 /home/travis/build/icyphy/ptII/ptolemy/actor/lib/test/auto/RecordAssemblerTypeError.xml
----------------- Instantiating /home/travis/build/icyphy/ptII/ptolemy/actor/lib/test/auto/RecordAssemblerTypeError.xml
14 ms. Memory: 502784K Free: 440830K (88%)
----------------- Invoking toplevel() on ptolemy.moml.MoMLSimpleApplication@4bcec43d
----------------- Done invoking toplevel() on ptolemy.moml.MoMLSimpleApplication@4bcec43d
reloadAllAccessors: .RecordAssemblerTypeError

===========================================================================================
----------------- testing Sun Dec 29 06:30:08 UTC 2019 /home/travis/build/icyphy/ptII/ptolemy/actor/lib/test/auto/RecordDisassember.xml
----------------- Instantiating /home/travis/build/icyphy/ptII/ptolemy/actor/lib/test/auto/RecordDisassember.xml
5 ms. Memory: 502784K Free: 435703K (87%)
----------------- Invoking toplevel() on ptolemy.moml.MoMLSimpleApplication@41548fc5
----------------- Done invoking toplevel() on ptolemy.moml.MoMLSimpleApplication@41548fc5
reloadAllAccessors: .RecordDisassember

===========================================================================================
----------------- testing Sun Dec 29 06:30:08 UTC 2019 /home/travis/build/icyphy/ptII/ptolemy/actor/lib/test/auto/RecordDisassemberDisplayNameTest.xml
----------------- Instantiating /home/travis/build/icyphy/ptII/ptolemy/actor/lib/test/auto/RecordDisassemberDisplayNameTest.xml
10 ms. Memory: 502784K Free: 427518K (85%)
----------------- Invoking toplevel() on ptolemy.moml.MoMLSimpleApplication@72a73226
----------------- Done invoking toplevel() on ptolemy.moml.MoMLSimpleApplication@72a73226
reloadAllAccessors: .RecordDisassemberDisplayNameTest

===========================================================================================
----------------- testing Sun Dec 29 06:30:08 UTC 2019 /home/travis/build/icyphy/ptII/ptolemy/actor/lib/test/auto/RecordDisassembler.xml
----------------- Instantiating /home/travis/build/icyphy/ptII/ptolemy/actor/lib/test/auto/RecordDisassembler.xml
2 ms. Memory: 502784K Free: 422391K (84%)
----------------- Invoking toplevel() on ptolemy.moml.MoMLSimpleApplication@531b0e03
----------------- Done invoking toplevel() on ptolemy.moml.MoMLSimpleApplication@531b0e03
reloadAllAccessors: .RecordDisassembler

===========================================================================================
----------------- testing Sun Dec 29 06:30:08 UTC 2019 /home/travis/build/icyphy/ptII/ptolemy/actor/lib/test/auto/RecordDisassembler2.xml
----------------- Instantiating /home/travis/build/icyphy/ptII/ptolemy/actor/lib/test/auto/RecordDisassembler2.xml
2 ms. Memory: 502784K Free: 417247K (83%)
----------------- Invoking toplevel() on ptolemy.moml.MoMLSimpleApplication@ac34e84
----------------- Done invoking toplevel() on ptolemy.moml.MoMLSimpleApplication@ac34e84
reloadAllAccessors: .RecordDisassembler2

===========================================================================================
----------------- testing Sun Dec 29 06:30:08 UTC 2019 /home/travis/build/icyphy/ptII/ptolemy/actor/lib/test/auto/RecordUpdater.xml
----------------- Instantiating /home/travis/build/icyphy/ptII/ptolemy/actor/lib/test/auto/RecordUpdater.xml
1 ms. Memory: 502784K Free: 412158K (82%)
----------------- Invoking toplevel() on ptolemy.moml.MoMLSimpleApplication@376cfcee
----------------- Done invoking toplevel() on ptolemy.moml.MoMLSimpleApplication@376cfcee
reloadAllAccessors: .RecordUpdater

===========================================================================================
----------------- testing Sun Dec 29 06:30:08 UTC 2019 /home/travis/build/icyphy/ptII/ptolemy/actor/lib/test/auto/RecordUpdater2.xml
----------------- Instantiating /home/travis/build/icyphy/ptII/ptolemy/actor/lib/test/auto/RecordUpdater2.xml
2 ms. Memory: 502784K Free: 407038K (81%)
----------------- Invoking toplevel() on ptolemy.moml.MoMLSimpleApplication@49145225
----------------- Done invoking toplevel() on ptolemy.moml.MoMLSimpleApplication@49145225
reloadAllAccessors: .RecordUpdater2

===========================================================================================
----------------- testing Sun Dec 29 06:30:08 UTC 2019 /home/travis/build/icyphy/ptII/ptolemy/actor/lib/test/auto/RecursiveLattice.xml
----------------- Instantiating /home/travis/build/icyphy/ptII/ptolemy/actor/lib/test/auto/RecursiveLattice.xml
1 ms. Memory: 502784K Free: 402942K (80%)
----------------- Invoking toplevel() on ptolemy.moml.MoMLSimpleApplication@64e40e4
----------------- Done invoking toplevel() on ptolemy.moml.MoMLSimpleApplication@64e40e4
reloadAllAccessors: .RecursiveLattice

===========================================================================================
----------------- testing Sun Dec 29 06:30:08 UTC 2019 /home/travis/build/icyphy/ptII/ptolemy/actor/lib/test/auto/Router.xml
----------------- Instantiating /home/travis/build/icyphy/ptII/ptolemy/actor/lib/test/auto/Router.xml
3004 ms. Memory: 502784K Free: 392192K (78%)
----------------- Invoking toplevel() on ptolemy.moml.MoMLSimpleApplication@25403dc
----------------- Done invoking toplevel() on ptolemy.moml.MoMLSimpleApplication@25403dc
reloadAllAccessors: .Router

===========================================================================================
----------------- testing Sun Dec 29 06:30:11 UTC 2019 /home/travis/build/icyphy/ptII/ptolemy/actor/lib/test/auto/Router2.xml
----------------- Instantiating /home/travis/build/icyphy/ptII/ptolemy/actor/lib/test/auto/Router2.xml
3004 ms. Memory: 502784K Free: 380928K (76%)
----------------- Invoking toplevel() on ptolemy.moml.MoMLSimpleApplication@5d3bec7c
----------------- Done invoking toplevel() on ptolemy.moml.MoMLSimpleApplication@5d3bec7c
reloadAllAccessors: .Router2

===========================================================================================
----------------- testing Sun Dec 29 06:30:14 UTC 2019 /home/travis/build/icyphy/ptII/ptolemy/actor/lib/test/auto/RunningMaximum.xml
----------------- Instantiating /home/travis/build/icyphy/ptII/ptolemy/actor/lib/test/auto/RunningMaximum.xml
5 ms. Memory: 502784K Free: 376318K (75%)
----------------- Invoking toplevel() on ptolemy.moml.MoMLSimpleApplication@64f290bf
----------------- Done invoking toplevel() on ptolemy.moml.MoMLSimpleApplication@64f290bf
reloadAllAccessors: .RunningMaximum

===========================================================================================
----------------- testing Sun Dec 29 06:30:14 UTC 2019 /home/travis/build/icyphy/ptII/ptolemy/actor/lib/test/auto/RunningMinimum.xml
----------------- Instantiating /home/travis/build/icyphy/ptII/ptolemy/actor/lib/test/auto/RunningMinimum.xml
1 ms. Memory: 502784K Free: 371198K (74%)
----------------- Invoking toplevel() on ptolemy.moml.MoMLSimpleApplication@13ef85a7
----------------- Done invoking toplevel() on ptolemy.moml.MoMLSimpleApplication@13ef85a7
reloadAllAccessors: .RunningMinimum

===========================================================================================
----------------- testing Sun Dec 29 06:30:14 UTC 2019 /home/travis/build/icyphy/ptII/ptolemy/actor/lib/test/auto/Scale.xml
----------------- Instantiating /home/travis/build/icyphy/ptII/ptolemy/actor/lib/test/auto/Scale.xml
1 ms. Memory: 502784K Free: 366592K (73%)
----------------- Invoking toplevel() on ptolemy.moml.MoMLSimpleApplication@58522055
----------------- Done invoking toplevel() on ptolemy.moml.MoMLSimpleApplication@58522055
reloadAllAccessors: .Scale

===========================================================================================
----------------- testing Sun Dec 29 06:30:14 UTC 2019 /home/travis/build/icyphy/ptII/ptolemy/actor/lib/test/auto/Scale2.xml
----------------- Instantiating /home/travis/build/icyphy/ptII/ptolemy/actor/lib/test/auto/Scale2.xml
1 ms. Memory: 502784K Free: 361982K (72%)
----------------- Invoking toplevel() on ptolemy.moml.MoMLSimpleApplication@7c36f7f3
----------------- Done invoking toplevel() on ptolemy.moml.MoMLSimpleApplication@7c36f7f3
reloadAllAccessors: .Scale2

===========================================================================================
----------------- testing Sun Dec 29 06:30:14 UTC 2019 /home/travis/build/icyphy/ptII/ptolemy/actor/lib/test/auto/Scale3.xml
----------------- Instantiating /home/travis/build/icyphy/ptII/ptolemy/actor/lib/test/auto/Scale3.xml
10 ms. Memory: 502784K Free: 355838K (71%)
----------------- Invoking toplevel() on ptolemy.moml.MoMLSimpleApplication@71aaf665
----------------- Done invoking toplevel() on ptolemy.moml.MoMLSimpleApplication@71aaf665
reloadAllAccessors: .Scale3

===========================================================================================
----------------- testing Sun Dec 29 06:30:14 UTC 2019 /home/travis/build/icyphy/ptII/ptolemy/actor/lib/test/auto/ScaleArray.xml
----------------- Instantiating /home/travis/build/icyphy/ptII/ptolemy/actor/lib/test/auto/ScaleArray.xml
6 ms. Memory: 502784K Free: 350718K (70%)
----------------- Invoking toplevel() on ptolemy.moml.MoMLSimpleApplication@442b3038
----------------- Done invoking toplevel() on ptolemy.moml.MoMLSimpleApplication@442b3038
reloadAllAccessors: .ScaleArray

===========================================================================================
----------------- testing Sun Dec 29 06:30:14 UTC 2019 /home/travis/build/icyphy/ptII/ptolemy/actor/lib/test/auto/ScaleArray2.xml
----------------- Instantiating /home/travis/build/icyphy/ptII/ptolemy/actor/lib/test/auto/ScaleArray2.xml
1 ms. Memory: 502784K Free: 346112K (69%)
----------------- Invoking toplevel() on ptolemy.moml.MoMLSimpleApplication@2b595910
----------------- Done invoking toplevel() on ptolemy.moml.MoMLSimpleApplication@2b595910
reloadAllAccessors: .ScaleArray2

===========================================================================================
----------------- testing Sun Dec 29 06:30:14 UTC 2019 /home/travis/build/icyphy/ptII/ptolemy/actor/lib/test/auto/ScaleMatrix.xml
----------------- Instantiating /home/travis/build/icyphy/ptII/ptolemy/actor/lib/test/auto/ScaleMatrix.xml
135 ms. Memory: 502784K Free: 330752K (66%)
----------------- Invoking toplevel() on ptolemy.moml.MoMLSimpleApplication@597b398a
----------------- Done invoking toplevel() on ptolemy.moml.MoMLSimpleApplication@597b398a
reloadAllAccessors: .ScaleMatrix

===========================================================================================
----------------- testing Sun Dec 29 06:30:14 UTC 2019 /home/travis/build/icyphy/ptII/ptolemy/actor/lib/test/auto/Select.xml
----------------- Instantiating /home/travis/build/icyphy/ptII/ptolemy/actor/lib/test/auto/Select.xml
2 ms. Memory: 502784K Free: 324079K (64%)
----------------- Invoking toplevel() on ptolemy.moml.MoMLSimpleApplication@44cce853
----------------- Done invoking toplevel() on ptolemy.moml.MoMLSimpleApplication@44cce853
reloadAllAccessors: .Select

===========================================================================================
----------------- testing Sun Dec 29 06:30:14 UTC 2019 /home/travis/build/icyphy/ptII/ptolemy/actor/lib/test/auto/Select2.xml
----------------- Instantiating /home/travis/build/icyphy/ptII/ptolemy/actor/lib/test/auto/Select2.xml
0 ms. Memory: 502784K Free: 319488K (64%)
----------------- Invoking toplevel() on ptolemy.moml.MoMLSimpleApplication@1470f723
----------------- Done invoking toplevel() on ptolemy.moml.MoMLSimpleApplication@1470f723
reloadAllAccessors: .Select2

===========================================================================================
----------------- testing Sun Dec 29 06:30:14 UTC 2019 /home/travis/build/icyphy/ptII/ptolemy/actor/lib/test/auto/SequenceToArray2.xml
----------------- Instantiating /home/travis/build/icyphy/ptII/ptolemy/actor/lib/test/auto/SequenceToArray2.xml
83 ms. Memory: 502784K Free: 295407K (59%)
----------------- Invoking toplevel() on ptolemy.moml.MoMLSimpleApplication@603218ef
----------------- Done invoking toplevel() on ptolemy.moml.MoMLSimpleApplication@603218ef
reloadAllAccessors: .SequenceToArray2

===========================================================================================
----------------- testing Sun Dec 29 06:30:14 UTC 2019 /home/travis/build/icyphy/ptII/ptolemy/actor/lib/test/auto/SequentialClock.xml
----------------- Instantiating /home/travis/build/icyphy/ptII/ptolemy/actor/lib/test/auto/SequentialClock.xml
1 ms. Memory: 502784K Free: 290816K (58%)
----------------- Invoking toplevel() on ptolemy.moml.MoMLSimpleApplication@7a7b4db5
----------------- Done invoking toplevel() on ptolemy.moml.MoMLSimpleApplication@7a7b4db5
reloadAllAccessors: .SequentialClock

===========================================================================================
----------------- testing Sun Dec 29 06:30:14 UTC 2019 /home/travis/build/icyphy/ptII/ptolemy/actor/lib/test/auto/SetVariable.xml
----------------- Instantiating /home/travis/build/icyphy/ptII/ptolemy/actor/lib/test/auto/SetVariable.xml
2 ms. Memory: 502784K Free: 286206K (57%)
----------------- Invoking toplevel() on ptolemy.moml.MoMLSimpleApplication@3b30a1de
----------------- Done invoking toplevel() on ptolemy.moml.MoMLSimpleApplication@3b30a1de
reloadAllAccessors: .SetVariable

===========================================================================================
----------------- testing Sun Dec 29 06:30:14 UTC 2019 /home/travis/build/icyphy/ptII/ptolemy/actor/lib/test/auto/SetVariable2.xml
----------------- Instantiating /home/travis/build/icyphy/ptII/ptolemy/actor/lib/test/auto/SetVariable2.xml
3 ms. Memory: 502784K Free: 281086K (56%)
----------------- Invoking toplevel() on ptolemy.moml.MoMLSimpleApplication@652da8b5
----------------- Done invoking toplevel() on ptolemy.moml.MoMLSimpleApplication@652da8b5
reloadAllAccessors: .SetVariable2

===========================================================================================
----------------- testing Sun Dec 29 06:30:14 UTC 2019 /home/travis/build/icyphy/ptII/ptolemy/actor/lib/test/auto/SetVariable3.xml
----------------- Instantiating /home/travis/build/icyphy/ptII/ptolemy/actor/lib/test/auto/SetVariable3.xml
5 ms. Memory: 502784K Free: 275456K (55%)
----------------- Invoking toplevel() on ptolemy.moml.MoMLSimpleApplication@66ed1bc1
----------------- Done invoking toplevel() on ptolemy.moml.MoMLSimpleApplication@66ed1bc1
reloadAllAccessors: .SetVariable3

===========================================================================================
----------------- testing Sun Dec 29 06:30:15 UTC 2019 /home/travis/build/icyphy/ptII/ptolemy/actor/lib/test/auto/SetVariable4.xml
----------------- Instantiating /home/travis/build/icyphy/ptII/ptolemy/actor/lib/test/auto/SetVariable4.xml
14 ms. Memory: 502784K Free: 266238K (53%)
----------------- Invoking toplevel() on ptolemy.moml.MoMLSimpleApplication@175852b5
----------------- Done invoking toplevel() on ptolemy.moml.MoMLSimpleApplication@175852b5
reloadAllAccessors: .SetVariable4

===========================================================================================
----------------- testing Sun Dec 29 06:30:15 UTC 2019 /home/travis/build/icyphy/ptII/ptolemy/actor/lib/test/auto/SetVariable5.xml
----------------- Instantiating /home/travis/build/icyphy/ptII/ptolemy/actor/lib/test/auto/SetVariable5.xml
16 ms. Memory: 502784K Free: 257024K (51%)
----------------- Invoking toplevel() on ptolemy.moml.MoMLSimpleApplication@52ec0616
----------------- Done invoking toplevel() on ptolemy.moml.MoMLSimpleApplication@52ec0616
reloadAllAccessors: .SetVariable5

===========================================================================================
----------------- testing Sun Dec 29 06:30:15 UTC 2019 /home/travis/build/icyphy/ptII/ptolemy/actor/lib/test/auto/Sinewave.xml
----------------- Instantiating /home/travis/build/icyphy/ptII/ptolemy/actor/lib/test/auto/Sinewave.xml
12 ms. Memory: 502784K Free: 245760K (49%)
----------------- Invoking toplevel() on ptolemy.moml.MoMLSimpleApplication@7a6e98af
----------------- Done invoking toplevel() on ptolemy.moml.MoMLSimpleApplication@7a6e98af
reloadAllAccessors: .Sinewave

===========================================================================================
----------------- testing Sun Dec 29 06:30:15 UTC 2019 /home/travis/build/icyphy/ptII/ptolemy/actor/lib/test/auto/Sinewave2.xml
----------------- Instantiating /home/travis/build/icyphy/ptII/ptolemy/actor/lib/test/auto/Sinewave2.xml
7 ms. Memory: 502784K Free: 237568K (47%)
----------------- Invoking toplevel() on ptolemy.moml.MoMLSimpleApplication@3e9cf246
----------------- Done invoking toplevel() on ptolemy.moml.MoMLSimpleApplication@3e9cf246
reloadAllAccessors: .Sinewave2

===========================================================================================
----------------- testing Sun Dec 29 06:30:15 UTC 2019 /home/travis/build/icyphy/ptII/ptolemy/actor/lib/test/auto/Sinewave3.xml
----------------- Instantiating /home/travis/build/icyphy/ptII/ptolemy/actor/lib/test/auto/Sinewave3.xml
12 ms. Memory: 502784K Free: 228352K (45%)
----------------- Invoking toplevel() on ptolemy.moml.MoMLSimpleApplication@1ee96a2a
----------------- Done invoking toplevel() on ptolemy.moml.MoMLSimpleApplication@1ee96a2a
reloadAllAccessors: .Sinewave3

===========================================================================================
----------------- testing Sun Dec 29 06:30:15 UTC 2019 /home/travis/build/icyphy/ptII/ptolemy/actor/lib/test/auto/SingleEvent.xml
----------------- Instantiating /home/travis/build/icyphy/ptII/ptolemy/actor/lib/test/auto/SingleEvent.xml
1 ms. Memory: 502784K Free: 224256K (45%)
----------------- Invoking toplevel() on ptolemy.moml.MoMLSimpleApplication@632e736e
----------------- Done invoking toplevel() on ptolemy.moml.MoMLSimpleApplication@632e736e
reloadAllAccessors: .SingleEvent

===========================================================================================
----------------- testing Sun Dec 29 06:30:15 UTC 2019 /home/travis/build/icyphy/ptII/ptolemy/actor/lib/test/auto/Sleep.xml
----------------- Instantiating /home/travis/build/icyphy/ptII/ptolemy/actor/lib/test/auto/Sleep.xml
6002 ms. Memory: 502784K Free: 218607K (43%)
----------------- Invoking toplevel() on ptolemy.moml.MoMLSimpleApplication@76ff632f
----------------- Done invoking toplevel() on ptolemy.moml.MoMLSimpleApplication@76ff632f
reloadAllAccessors: .Sleep

===========================================================================================
----------------- testing Sun Dec 29 06:30:21 UTC 2019 /home/travis/build/icyphy/ptII/ptolemy/actor/lib/test/auto/SleepMultipleFire.xml
----------------- Instantiating /home/travis/build/icyphy/ptII/ptolemy/actor/lib/test/auto/SleepMultipleFire.xml
1011 ms. Memory: 502784K Free: 212478K (42%)
----------------- Invoking toplevel() on ptolemy.moml.MoMLSimpleApplication@148a0640
----------------- Done invoking toplevel() on ptolemy.moml.MoMLSimpleApplication@148a0640
reloadAllAccessors: .SleepMultipleFire

===========================================================================================
----------------- testing Sun Dec 29 06:30:22 UTC 2019 /home/travis/build/icyphy/ptII/ptolemy/actor/lib/test/auto/StopDE.xml
----------------- Instantiating /home/travis/build/icyphy/ptII/ptolemy/actor/lib/test/auto/StopDE.xml
6 ms. Memory: 502784K Free: 206848K (41%)
----------------- Invoking toplevel() on ptolemy.moml.MoMLSimpleApplication@363fc621
----------------- Done invoking toplevel() on ptolemy.moml.MoMLSimpleApplication@363fc621
reloadAllAccessors: .StopDE

===========================================================================================
----------------- testing Sun Dec 29 06:30:22 UTC 2019 /home/travis/build/icyphy/ptII/ptolemy/actor/lib/test/auto/StopSDF.xml
----------------- Instantiating /home/travis/build/icyphy/ptII/ptolemy/actor/lib/test/auto/StopSDF.xml
3 ms. Memory: 502784K Free: 201728K (40%)
----------------- Invoking toplevel() on ptolemy.moml.MoMLSimpleApplication@31f696b6
----------------- Done invoking toplevel() on ptolemy.moml.MoMLSimpleApplication@31f696b6
reloadAllAccessors: .StopSDF

===========================================================================================
----------------- testing Sun Dec 29 06:30:22 UTC 2019 /home/travis/build/icyphy/ptII/ptolemy/actor/lib/test/auto/StringConstant.xml
----------------- Instantiating /home/travis/build/icyphy/ptII/ptolemy/actor/lib/test/auto/StringConstant.xml
14 ms. Memory: 502784K Free: 196094K (39%)
----------------- Invoking toplevel() on ptolemy.moml.MoMLSimpleApplication@72a2a2b5
----------------- Done invoking toplevel() on ptolemy.moml.MoMLSimpleApplication@72a2a2b5
reloadAllAccessors: .StringConstant

===========================================================================================
----------------- testing Sun Dec 29 06:30:22 UTC 2019 /home/travis/build/icyphy/ptII/ptolemy/actor/lib/test/auto/SubscriberPortInitialValues1.xml
----------------- Instantiating /home/travis/build/icyphy/ptII/ptolemy/actor/lib/test/auto/SubscriberPortInitialValues1.xml
10 ms. Memory: 502784K Free: 187392K (37%)
----------------- Invoking toplevel() on ptolemy.moml.MoMLSimpleApplication@4d990a3
----------------- Done invoking toplevel() on ptolemy.moml.MoMLSimpleApplication@4d990a3
reloadAllAccessors: .SubscriberPortInitialValues1

===========================================================================================
----------------- testing Sun Dec 29 06:30:22 UTC 2019 /home/travis/build/icyphy/ptII/ptolemy/actor/lib/test/auto/SubscriberPortInitialValues13.xml
----------------- Instantiating /home/travis/build/icyphy/ptII/ptolemy/actor/lib/test/auto/SubscriberPortInitialValues13.xml
5 ms. Memory: 502784K Free: 174590K (35%)
----------------- Invoking toplevel() on ptolemy.moml.MoMLSimpleApplication@2d11cfd1
----------------- Done invoking toplevel() on ptolemy.moml.MoMLSimpleApplication@2d11cfd1
reloadAllAccessors: .SubscriberPortInitialValues13

===========================================================================================
----------------- testing Sun Dec 29 06:30:22 UTC 2019 /home/travis/build/icyphy/ptII/ptolemy/actor/lib/test/auto/SubscriberPortInitialValues14.xml
----------------- Instantiating /home/travis/build/icyphy/ptII/ptolemy/actor/lib/test/auto/SubscriberPortInitialValues14.xml
3 ms. Memory: 502784K Free: 166912K (33%)
----------------- Invoking toplevel() on ptolemy.moml.MoMLSimpleApplication@6da90868
----------------- Done invoking toplevel() on ptolemy.moml.MoMLSimpleApplication@6da90868
reloadAllAccessors: .SubscriberPortInitialValues14

===========================================================================================
----------------- testing Sun Dec 29 06:30:22 UTC 2019 /home/travis/build/icyphy/ptII/ptolemy/actor/lib/test/auto/SubscriberPortInitialValues2.xml
----------------- Instantiating /home/travis/build/icyphy/ptII/ptolemy/actor/lib/test/auto/SubscriberPortInitialValues2.xml
3 ms. Memory: 502784K Free: 158720K (32%)
----------------- Invoking toplevel() on ptolemy.moml.MoMLSimpleApplication@fce9039
----------------- Done invoking toplevel() on ptolemy.moml.MoMLSimpleApplication@fce9039
reloadAllAccessors: .SubscriberPortInitialValues2

===========================================================================================
----------------- testing Sun Dec 29 06:30:22 UTC 2019 /home/travis/build/icyphy/ptII/ptolemy/actor/lib/test/auto/SubscriberPortInitialValues3.xml
----------------- Instantiating /home/travis/build/icyphy/ptII/ptolemy/actor/lib/test/auto/SubscriberPortInitialValues3.xml
3 ms. Memory: 502784K Free: 444629K (88%)
----------------- Invoking toplevel() on ptolemy.moml.MoMLSimpleApplication@5a2ad722
----------------- Done invoking toplevel() on ptolemy.moml.MoMLSimpleApplication@5a2ad722
reloadAllAccessors: .SubscriberPortInitialValues3

===========================================================================================
----------------- testing Sun Dec 29 06:30:22 UTC 2019 /home/travis/build/icyphy/ptII/ptolemy/actor/lib/test/auto/SubscriptionAggregator.xml
----------------- Instantiating /home/travis/build/icyphy/ptII/ptolemy/actor/lib/test/auto/SubscriptionAggregator.xml
3 ms. Memory: 502784K Free: 437447K (87%)
----------------- Invoking toplevel() on ptolemy.moml.MoMLSimpleApplication@33cfac7a
----------------- Done invoking toplevel() on ptolemy.moml.MoMLSimpleApplication@33cfac7a
reloadAllAccessors: .SubscriptionAggregator

===========================================================================================
----------------- testing Sun Dec 29 06:30:22 UTC 2019 /home/travis/build/icyphy/ptII/ptolemy/actor/lib/test/auto/SubscriptionAggregator2.xml
----------------- Instantiating /home/travis/build/icyphy/ptII/ptolemy/actor/lib/test/auto/SubscriptionAggregator2.xml
3 ms. Memory: 502784K Free: 430807K (86%)
----------------- Invoking toplevel() on ptolemy.moml.MoMLSimpleApplication@51a14302
----------------- Done invoking toplevel() on ptolemy.moml.MoMLSimpleApplication@51a14302
reloadAllAccessors: .SubscriptionAggregator2

===========================================================================================
----------------- testing Sun Dec 29 06:30:22 UTC 2019 /home/travis/build/icyphy/ptII/ptolemy/actor/lib/test/auto/SubscriptionAggregator3.xml
----------------- Instantiating /home/travis/build/icyphy/ptII/ptolemy/actor/lib/test/auto/SubscriptionAggregator3.xml
3 ms. Memory: 502784K Free: 422095K (84%)
----------------- Invoking toplevel() on ptolemy.moml.MoMLSimpleApplication@3ded4e17
----------------- Done invoking toplevel() on ptolemy.moml.MoMLSimpleApplication@3ded4e17
reloadAllAccessors: .SubscriptionAggregator3

===========================================================================================
----------------- testing Sun Dec 29 06:30:22 UTC 2019 /home/travis/build/icyphy/ptII/ptolemy/actor/lib/test/auto/SubscriptionAggregatorMultiply.xml
----------------- Instantiating /home/travis/build/icyphy/ptII/ptolemy/actor/lib/test/auto/SubscriptionAggregatorMultiply.xml
11 ms. Memory: 502784K Free: 413399K (82%)
----------------- Invoking toplevel() on ptolemy.moml.MoMLSimpleApplication@4f9d56cb
----------------- Done invoking toplevel() on ptolemy.moml.MoMLSimpleApplication@4f9d56cb
reloadAllAccessors: .SubscriptionAggregatorMultiply

===========================================================================================
----------------- testing Sun Dec 29 06:30:22 UTC 2019 /home/travis/build/icyphy/ptII/ptolemy/actor/lib/test/auto/SubscriptionAggregatorPortMultiply1.xml
----------------- Instantiating /home/travis/build/icyphy/ptII/ptolemy/actor/lib/test/auto/SubscriptionAggregatorPortMultiply1.xml
3 ms. Memory: 502784K Free: 405207K (81%)
----------------- Invoking toplevel() on ptolemy.moml.MoMLSimpleApplication@3ba62361
----------------- Done invoking toplevel() on ptolemy.moml.MoMLSimpleApplication@3ba62361
reloadAllAccessors: .SubscriptionAggregatorPortMultiply1

===========================================================================================
----------------- testing Sun Dec 29 06:30:22 UTC 2019 /home/travis/build/icyphy/ptII/ptolemy/actor/lib/test/auto/Switch.xml
----------------- Instantiating /home/travis/build/icyphy/ptII/ptolemy/actor/lib/test/auto/Switch.xml
7 ms. Memory: 502784K Free: 397015K (79%)
----------------- Invoking toplevel() on ptolemy.moml.MoMLSimpleApplication@7941e5b4
----------------- Done invoking toplevel() on ptolemy.moml.MoMLSimpleApplication@7941e5b4
reloadAllAccessors: .Switch

===========================================================================================
----------------- testing Sun Dec 29 06:30:22 UTC 2019 /home/travis/build/icyphy/ptII/ptolemy/actor/lib/test/auto/Switch2.xml
----------------- Instantiating /home/travis/build/icyphy/ptII/ptolemy/actor/lib/test/auto/Switch2.xml
0 ms. Memory: 502784K Free: 391895K (78%)
----------------- Invoking toplevel() on ptolemy.moml.MoMLSimpleApplication@204404e5
----------------- Done invoking toplevel() on ptolemy.moml.MoMLSimpleApplication@204404e5
reloadAllAccessors: .Switch2

===========================================================================================
----------------- testing Sun Dec 29 06:30:22 UTC 2019 /home/travis/build/icyphy/ptII/ptolemy/actor/lib/test/auto/SwitchDE.xml
----------------- Instantiating /home/travis/build/icyphy/ptII/ptolemy/actor/lib/test/auto/SwitchDE.xml
2 ms. Memory: 502784K Free: 385751K (77%)
----------------- Invoking toplevel() on ptolemy.moml.MoMLSimpleApplication@4d2382ae
----------------- Done invoking toplevel() on ptolemy.moml.MoMLSimpleApplication@4d2382ae
reloadAllAccessors: .SwitchDE

===========================================================================================
----------------- testing Sun Dec 29 06:30:22 UTC 2019 /home/travis/build/icyphy/ptII/ptolemy/actor/lib/test/auto/SynchronizerDE.xml
----------------- Instantiating /home/travis/build/icyphy/ptII/ptolemy/actor/lib/test/auto/SynchronizerDE.xml
6 ms. Memory: 502784K Free: 377559K (75%)
----------------- Invoking toplevel() on ptolemy.moml.MoMLSimpleApplication@1c6fc779
----------------- Done invoking toplevel() on ptolemy.moml.MoMLSimpleApplication@1c6fc779
reloadAllAccessors: .SynchronizerDE

===========================================================================================
----------------- testing Sun Dec 29 06:30:22 UTC 2019 /home/travis/build/icyphy/ptII/ptolemy/actor/lib/test/auto/Test.xml
----------------- Instantiating /home/travis/build/icyphy/ptII/ptolemy/actor/lib/test/auto/Test.xml
2 ms. Memory: 502784K Free: 371911K (74%)
----------------- Invoking toplevel() on ptolemy.moml.MoMLSimpleApplication@34154367
----------------- Done invoking toplevel() on ptolemy.moml.MoMLSimpleApplication@34154367
reloadAllAccessors: .Test

===========================================================================================
----------------- testing Sun Dec 29 06:30:22 UTC 2019 /home/travis/build/icyphy/ptII/ptolemy/actor/lib/test/auto/TestExceptionAttribute1.xml
----------------- Instantiating /home/travis/build/icyphy/ptII/ptolemy/actor/lib/test/auto/TestExceptionAttribute1.xml
0 ms. Memory: 502784K Free: 368343K (73%)
----------------- Invoking toplevel() on ptolemy.moml.MoMLSimpleApplication@2400bfe3
----------------- Done invoking toplevel() on ptolemy.moml.MoMLSimpleApplication@2400bfe3
reloadAllAccessors: .TestExceptionAttribute1

===========================================================================================
----------------- testing Sun Dec 29 06:30:22 UTC 2019 /home/travis/build/icyphy/ptII/ptolemy/actor/lib/test/auto/TestExceptionAttribute2.xml
----------------- Instantiating /home/travis/build/icyphy/ptII/ptolemy/actor/lib/test/auto/TestExceptionAttribute2.xml
1 ms. Memory: 502784K Free: 364757K (73%)
----------------- Invoking toplevel() on ptolemy.moml.MoMLSimpleApplication@355ef9e8
----------------- Done invoking toplevel() on ptolemy.moml.MoMLSimpleApplication@355ef9e8
reloadAllAccessors: .TestExceptionAttribute2

===========================================================================================
----------------- testing Sun Dec 29 06:30:22 UTC 2019 /home/travis/build/icyphy/ptII/ptolemy/actor/lib/test/auto/TestExceptionAttribute3.xml
----------------- Instantiating /home/travis/build/icyphy/ptII/ptolemy/actor/lib/test/auto/TestExceptionAttribute3.xml
.TestExceptionAttribute3.TestExceptionAttribute: initialize() was not invoked, but wrapup() was.  This is unusual, but not always a problem.  For example, exporting JNLP will do this.
1 ms. Memory: 502784K Free: 360661K (72%)
----------------- Invoking toplevel() on ptolemy.moml.MoMLSimpleApplication@7a1d1032
----------------- Done invoking toplevel() on ptolemy.moml.MoMLSimpleApplication@7a1d1032
reloadAllAccessors: .TestExceptionAttribute3

===========================================================================================
----------------- testing Sun Dec 29 06:30:22 UTC 2019 /home/travis/build/icyphy/ptII/ptolemy/actor/lib/test/auto/TestExceptionAttribute4.xml
----------------- Instantiating /home/travis/build/icyphy/ptII/ptolemy/actor/lib/test/auto/TestExceptionAttribute4.xml
.TestExceptionAttribute4.TestExceptionAttribute: initialize() was not invoked, but wrapup() was.  This is unusual, but not always a problem.  For example, exporting JNLP will do this.
.TestExceptionAttribute4.TestExceptionAttribute2: initialize() was not invoked, but wrapup() was.  This is unusual, but not always a problem.  For example, exporting JNLP will do this.
1 ms. Memory: 502784K Free: 356565K (71%)
----------------- Invoking toplevel() on ptolemy.moml.MoMLSimpleApplication@3eff5440
----------------- Done invoking toplevel() on ptolemy.moml.MoMLSimpleApplication@3eff5440
reloadAllAccessors: .TestExceptionAttribute4

===========================================================================================
----------------- testing Sun Dec 29 06:30:22 UTC 2019 /home/travis/build/icyphy/ptII/ptolemy/actor/lib/test/auto/TestExceptionHandler1.xml
----------------- Instantiating /home/travis/build/icyphy/ptII/ptolemy/actor/lib/test/auto/TestExceptionHandler1.xml
1 ms. Memory: 502784K Free: 352983K (70%)
----------------- Invoking toplevel() on ptolemy.moml.MoMLSimpleApplication@4f7b1ab3
----------------- Done invoking toplevel() on ptolemy.moml.MoMLSimpleApplication@4f7b1ab3
reloadAllAccessors: .TestExceptionHandler1

===========================================================================================
----------------- testing Sun Dec 29 06:30:22 UTC 2019 /home/travis/build/icyphy/ptII/ptolemy/actor/lib/test/auto/TestExceptionHandler2.xml
----------------- Instantiating /home/travis/build/icyphy/ptII/ptolemy/actor/lib/test/auto/TestExceptionHandler2.xml
1 ms. Memory: 502784K Free: 348887K (69%)
----------------- Invoking toplevel() on ptolemy.moml.MoMLSimpleApplication@6d8805b9
----------------- Done invoking toplevel() on ptolemy.moml.MoMLSimpleApplication@6d8805b9
reloadAllAccessors: .TestExceptionHandler2

===========================================================================================
----------------- testing Sun Dec 29 06:30:22 UTC 2019 /home/travis/build/icyphy/ptII/ptolemy/actor/lib/test/auto/TestExceptionHandler3.xml
----------------- Instantiating /home/travis/build/icyphy/ptII/ptolemy/actor/lib/test/auto/TestExceptionHandler3.xml
1 ms. Memory: 502784K Free: 345301K (69%)
----------------- Invoking toplevel() on ptolemy.moml.MoMLSimpleApplication@2a6c9bd8
----------------- Done invoking toplevel() on ptolemy.moml.MoMLSimpleApplication@2a6c9bd8
reloadAllAccessors: .TestExceptionHandler3

===========================================================================================
----------------- testing Sun Dec 29 06:30:22 UTC 2019 /home/travis/build/icyphy/ptII/ptolemy/actor/lib/test/auto/TestExceptionHandler4.xml
----------------- Instantiating /home/travis/build/icyphy/ptII/ptolemy/actor/lib/test/auto/TestExceptionHandler4.xml
1 ms. Memory: 502784K Free: 341205K (68%)
----------------- Invoking toplevel() on ptolemy.moml.MoMLSimpleApplication@706c4a65
----------------- Done invoking toplevel() on ptolemy.moml.MoMLSimpleApplication@706c4a65
reloadAllAccessors: .TestExceptionHandler4

===========================================================================================
----------------- testing Sun Dec 29 06:30:22 UTC 2019 /home/travis/build/icyphy/ptII/ptolemy/actor/lib/test/auto/TestRequireCorrectOrder.xml
----------------- Instantiating /home/travis/build/icyphy/ptII/ptolemy/actor/lib/test/auto/TestRequireCorrectOrder.xml
4 ms. Memory: 502784K Free: 335575K (67%)
----------------- Invoking toplevel() on ptolemy.moml.MoMLSimpleApplication@3b6a9a4f
----------------- Done invoking toplevel() on ptolemy.moml.MoMLSimpleApplication@3b6a9a4f
reloadAllAccessors: .TestRequireCorrectOrder

===========================================================================================
----------------- testing Sun Dec 29 06:30:22 UTC 2019 /home/travis/build/icyphy/ptII/ptolemy/actor/lib/test/auto/TestSimple.xml
----------------- Instantiating /home/travis/build/icyphy/ptII/ptolemy/actor/lib/test/auto/TestSimple.xml
1 ms. Memory: 502784K Free: 330959K (66%)
----------------- Invoking toplevel() on ptolemy.moml.MoMLSimpleApplication@7616a5d9
----------------- Done invoking toplevel() on ptolemy.moml.MoMLSimpleApplication@7616a5d9
reloadAllAccessors: .TestSimple

===========================================================================================
----------------- testing Sun Dec 29 06:30:22 UTC 2019 /home/travis/build/icyphy/ptII/ptolemy/actor/lib/test/auto/ThrowModelError.xml
----------------- Instantiating /home/travis/build/icyphy/ptII/ptolemy/actor/lib/test/auto/ThrowModelError.xml
1 ms. Memory: 502784K Free: 325845K (65%)
----------------- Invoking toplevel() on ptolemy.moml.MoMLSimpleApplication@715e46d3
----------------- Done invoking toplevel() on ptolemy.moml.MoMLSimpleApplication@715e46d3
reloadAllAccessors: .ThrowModelError

===========================================================================================
----------------- testing Sun Dec 29 06:30:22 UTC 2019 /home/travis/build/icyphy/ptII/ptolemy/actor/lib/test/auto/TimeDelayMicrosteps.xml
----------------- Instantiating /home/travis/build/icyphy/ptII/ptolemy/actor/lib/test/auto/TimeDelayMicrosteps.xml
2 ms. Memory: 502784K Free: 319191K (63%)
----------------- Invoking toplevel() on ptolemy.moml.MoMLSimpleApplication@7668d89d
----------------- Done invoking toplevel() on ptolemy.moml.MoMLSimpleApplication@7668d89d
reloadAllAccessors: .TimeDelayMicrosteps

===========================================================================================
----------------- testing Sun Dec 29 06:30:22 UTC 2019 /home/travis/build/icyphy/ptII/ptolemy/actor/lib/test/auto/TimeDelayMicrosteps2.xml
----------------- Instantiating /home/travis/build/icyphy/ptII/ptolemy/actor/lib/test/auto/TimeDelayMicrosteps2.xml
4 ms. Memory: 502784K Free: 312023K (62%)
----------------- Invoking toplevel() on ptolemy.moml.MoMLSimpleApplication@7656a4ec
----------------- Done invoking toplevel() on ptolemy.moml.MoMLSimpleApplication@7656a4ec
reloadAllAccessors: .TimeDelayMicrosteps2

===========================================================================================
----------------- testing Sun Dec 29 06:30:22 UTC 2019 /home/travis/build/icyphy/ptII/ptolemy/actor/lib/test/auto/TimeDelayMicrosteps3.xml
----------------- Instantiating /home/travis/build/icyphy/ptII/ptolemy/actor/lib/test/auto/TimeDelayMicrosteps3.xml
2 ms. Memory: 502784K Free: 304855K (61%)
----------------- Invoking toplevel() on ptolemy.moml.MoMLSimpleApplication@2984d00d
----------------- Done invoking toplevel() on ptolemy.moml.MoMLSimpleApplication@2984d00d
reloadAllAccessors: .TimeDelayMicrosteps3

===========================================================================================
----------------- testing Sun Dec 29 06:30:22 UTC 2019 /home/travis/build/icyphy/ptII/ptolemy/actor/lib/test/auto/TimeDelayVariableMicrosteps.xml
----------------- Instantiating /home/travis/build/icyphy/ptII/ptolemy/actor/lib/test/auto/TimeDelayVariableMicrosteps.xml
3 ms. Memory: 502784K Free: 298197K (59%)
----------------- Invoking toplevel() on ptolemy.moml.MoMLSimpleApplication@5a105614
----------------- Done invoking toplevel() on ptolemy.moml.MoMLSimpleApplication@5a105614
reloadAllAccessors: .TimeDelayVariableMicrosteps

===========================================================================================
----------------- testing Sun Dec 29 06:30:22 UTC 2019 /home/travis/build/icyphy/ptII/ptolemy/actor/lib/test/auto/TimeGap.xml
----------------- Instantiating /home/travis/build/icyphy/ptII/ptolemy/actor/lib/test/auto/TimeGap.xml
3 ms. Memory: 502784K Free: 293047K (58%)
----------------- Invoking toplevel() on ptolemy.moml.MoMLSimpleApplication@50d59ee7
----------------- Done invoking toplevel() on ptolemy.moml.MoMLSimpleApplication@50d59ee7
reloadAllAccessors: .TimeGap

===========================================================================================
----------------- testing Sun Dec 29 06:30:22 UTC 2019 /home/travis/build/icyphy/ptII/ptolemy/actor/lib/test/auto/TimeGap2.xml
----------------- Instantiating /home/travis/build/icyphy/ptII/ptolemy/actor/lib/test/auto/TimeGap2.xml
1 ms. Memory: 502784K Free: 286927K (57%)
----------------- Invoking toplevel() on ptolemy.moml.MoMLSimpleApplication@7b5d20e5
----------------- Done invoking toplevel() on ptolemy.moml.MoMLSimpleApplication@7b5d20e5
reloadAllAccessors: .TimeGap2

===========================================================================================
----------------- testing Sun Dec 29 06:30:22 UTC 2019 /home/travis/build/icyphy/ptII/ptolemy/actor/lib/test/auto/TimedSinewave.xml
----------------- Instantiating /home/travis/build/icyphy/ptII/ptolemy/actor/lib/test/auto/TimedSinewave.xml
23 ms. Memory: 502784K Free: 273111K (54%)
----------------- Invoking toplevel() on ptolemy.moml.MoMLSimpleApplication@3ed5fe44
----------------- Done invoking toplevel() on ptolemy.moml.MoMLSimpleApplication@3ed5fe44
reloadAllAccessors: .TimedSinewave

===========================================================================================
----------------- testing Sun Dec 29 06:30:22 UTC 2019 /home/travis/build/icyphy/ptII/ptolemy/actor/lib/test/auto/TimedSinewavePhase.xml
----------------- Instantiating /home/travis/build/icyphy/ptII/ptolemy/actor/lib/test/auto/TimedSinewavePhase.xml
8 ms. Memory: 502784K Free: 262871K (52%)
----------------- Invoking toplevel() on ptolemy.moml.MoMLSimpleApplication@443c5663
----------------- Done invoking toplevel() on ptolemy.moml.MoMLSimpleApplication@443c5663
reloadAllAccessors: .TimedSinewavePhase

===========================================================================================
----------------- testing Sun Dec 29 06:30:22 UTC 2019 /home/travis/build/icyphy/ptII/ptolemy/actor/lib/test/auto/Timer.xml
----------------- Instantiating /home/travis/build/icyphy/ptII/ptolemy/actor/lib/test/auto/Timer.xml
2 ms. Memory: 502784K Free: 257231K (51%)
----------------- Invoking toplevel() on ptolemy.moml.MoMLSimpleApplication@535ac08c
----------------- Done invoking toplevel() on ptolemy.moml.MoMLSimpleApplication@535ac08c
reloadAllAccessors: .Timer

===========================================================================================
----------------- testing Sun Dec 29 06:30:22 UTC 2019 /home/travis/build/icyphy/ptII/ptolemy/actor/lib/test/auto/TriangularDistTestModel.xml
----------------- Instantiating /home/travis/build/icyphy/ptII/ptolemy/actor/lib/test/auto/TriangularDistTestModel.xml
2 ms. Memory: 502784K Free: 251607K (50%)
----------------- Invoking toplevel() on ptolemy.moml.MoMLSimpleApplication@6eebb840
----------------- Done invoking toplevel() on ptolemy.moml.MoMLSimpleApplication@6eebb840
reloadAllAccessors: .TriangularDistTestModel

===========================================================================================
----------------- testing Sun Dec 29 06:30:22 UTC 2019 /home/travis/build/icyphy/ptII/ptolemy/actor/lib/test/auto/TrigFunction.xml
----------------- Instantiating /home/travis/build/icyphy/ptII/ptolemy/actor/lib/test/auto/TrigFunction.xml
1 ms. Memory: 502784K Free: 246487K (49%)
----------------- Invoking toplevel() on ptolemy.moml.MoMLSimpleApplication@38be2354
----------------- Done invoking toplevel() on ptolemy.moml.MoMLSimpleApplication@38be2354
reloadAllAccessors: .TrigFunction

===========================================================================================
----------------- testing Sun Dec 29 06:30:22 UTC 2019 /home/travis/build/icyphy/ptII/ptolemy/actor/lib/test/auto/TrigFunctionDE.xml
----------------- Instantiating /home/travis/build/icyphy/ptII/ptolemy/actor/lib/test/auto/TrigFunctionDE.xml
1 ms. Memory: 502784K Free: 240839K (48%)
----------------- Invoking toplevel() on ptolemy.moml.MoMLSimpleApplication@7eef8e4f
----------------- Done invoking toplevel() on ptolemy.moml.MoMLSimpleApplication@7eef8e4f
reloadAllAccessors: .TrigFunctionDE

===========================================================================================
----------------- testing Sun Dec 29 06:30:22 UTC 2019 /home/travis/build/icyphy/ptII/ptolemy/actor/lib/test/auto/TrigFunctionInverse.xml
----------------- Instantiating /home/travis/build/icyphy/ptII/ptolemy/actor/lib/test/auto/TrigFunctionInverse.xml
2 ms. Memory: 502784K Free: 235223K (47%)
----------------- Invoking toplevel() on ptolemy.moml.MoMLSimpleApplication@3eb4f929
----------------- Done invoking toplevel() on ptolemy.moml.MoMLSimpleApplication@3eb4f929
reloadAllAccessors: .TrigFunctionInverse

===========================================================================================
----------------- testing Sun Dec 29 06:30:22 UTC 2019 /home/travis/build/icyphy/ptII/ptolemy/actor/lib/test/auto/TrigFunctionTan.xml
----------------- Instantiating /home/travis/build/icyphy/ptII/ptolemy/actor/lib/test/auto/TrigFunctionTan.xml
9 ms. Memory: 502784K Free: 231127K (46%)
----------------- Invoking toplevel() on ptolemy.moml.MoMLSimpleApplication@4fc815f3
----------------- Done invoking toplevel() on ptolemy.moml.MoMLSimpleApplication@4fc815f3
reloadAllAccessors: .TrigFunctionTan

===========================================================================================
----------------- testing Sun Dec 29 06:30:22 UTC 2019 /home/travis/build/icyphy/ptII/ptolemy/actor/lib/test/auto/TriggeredClock.xml
----------------- Instantiating /home/travis/build/icyphy/ptII/ptolemy/actor/lib/test/auto/TriggeredClock.xml
1 ms. Memory: 502784K Free: 226501K (45%)
----------------- Invoking toplevel() on ptolemy.moml.MoMLSimpleApplication@c12aa43
----------------- Done invoking toplevel() on ptolemy.moml.MoMLSimpleApplication@c12aa43
reloadAllAccessors: .TriggeredClock

===========================================================================================
----------------- testing Sun Dec 29 06:30:22 UTC 2019 /home/travis/build/icyphy/ptII/ptolemy/actor/lib/test/auto/URLDirectoryReader.xml
----------------- Instantiating /home/travis/build/icyphy/ptII/ptolemy/actor/lib/test/auto/URLDirectoryReader.xml
35 ms. Memory: 502784K Free: 216791K (43%)
----------------- Invoking toplevel() on ptolemy.moml.MoMLSimpleApplication@4bff9a1f
----------------- Done invoking toplevel() on ptolemy.moml.MoMLSimpleApplication@4bff9a1f
reloadAllAccessors: .URLDirectoryReader

===========================================================================================
----------------- testing Sun Dec 29 06:30:23 UTC 2019 /home/travis/build/icyphy/ptII/ptolemy/actor/lib/test/auto/URLDirectoryReader3.xml
----------------- Instantiating /home/travis/build/icyphy/ptII/ptolemy/actor/lib/test/auto/URLDirectoryReader3.xml
1269 ms. Memory: 502784K Free: 440340K (88%)
----------------- Invoking toplevel() on ptolemy.moml.MoMLSimpleApplication@66be1dc9
----------------- Done invoking toplevel() on ptolemy.moml.MoMLSimpleApplication@66be1dc9
reloadAllAccessors: .URLDirectoryReader3

===========================================================================================
----------------- testing Sun Dec 29 06:30:24 UTC 2019 /home/travis/build/icyphy/ptII/ptolemy/actor/lib/test/auto/UnaryMathFunction.xml
----------------- Instantiating /home/travis/build/icyphy/ptII/ptolemy/actor/lib/test/auto/UnaryMathFunction.xml
2 ms. Memory: 502784K Free: 432527K (86%)
----------------- Invoking toplevel() on ptolemy.moml.MoMLSimpleApplication@3f8f7b68
----------------- Done invoking toplevel() on ptolemy.moml.MoMLSimpleApplication@3f8f7b68
reloadAllAccessors: .UnaryMathFunction

===========================================================================================
----------------- testing Sun Dec 29 06:30:24 UTC 2019 /home/travis/build/icyphy/ptII/ptolemy/actor/lib/test/auto/Uniform.xml
----------------- Instantiating /home/travis/build/icyphy/ptII/ptolemy/actor/lib/test/auto/Uniform.xml
3 ms. Memory: 502784K Free: 427407K (85%)
----------------- Invoking toplevel() on ptolemy.moml.MoMLSimpleApplication@482126b
----------------- Done invoking toplevel() on ptolemy.moml.MoMLSimpleApplication@482126b
reloadAllAccessors: .Uniform

===========================================================================================
----------------- testing Sun Dec 29 06:30:24 UTC 2019 /home/travis/build/icyphy/ptII/ptolemy/actor/lib/test/auto/UnionDisassemblerTest.xml
----------------- Instantiating /home/travis/build/icyphy/ptII/ptolemy/actor/lib/test/auto/UnionDisassemblerTest.xml
12 ms. Memory: 502784K Free: 423815K (84%)
----------------- Invoking toplevel() on ptolemy.moml.MoMLSimpleApplication@29eb99f8
----------------- Done invoking toplevel() on ptolemy.moml.MoMLSimpleApplication@29eb99f8
reloadAllAccessors: .UnionDisassemblerTest

===========================================================================================
----------------- testing Sun Dec 29 06:30:24 UTC 2019 /home/travis/build/icyphy/ptII/ptolemy/actor/lib/test/auto/UtilityFunctions.xml
----------------- Instantiating /home/travis/build/icyphy/ptII/ptolemy/actor/lib/test/auto/UtilityFunctions.xml
1 ms. Memory: 502784K Free: 419725K (83%)
----------------- Invoking toplevel() on ptolemy.moml.MoMLSimpleApplication@419c4048
----------------- Done invoking toplevel() on ptolemy.moml.MoMLSimpleApplication@419c4048
reloadAllAccessors: .UtilityFunctions

===========================================================================================
----------------- testing Sun Dec 29 06:30:24 UTC 2019 /home/travis/build/icyphy/ptII/ptolemy/actor/lib/test/auto/VariableSleep.xml
----------------- Instantiating /home/travis/build/icyphy/ptII/ptolemy/actor/lib/test/auto/VariableSleep.xml
502 ms. Memory: 502784K Free: 414095K (82%)
----------------- Invoking toplevel() on ptolemy.moml.MoMLSimpleApplication@3f4e05f8
----------------- Done invoking toplevel() on ptolemy.moml.MoMLSimpleApplication@3f4e05f8
reloadAllAccessors: .VariableSleep

===========================================================================================
----------------- testing Sun Dec 29 06:30:25 UTC 2019 /home/travis/build/icyphy/ptII/ptolemy/actor/lib/test/auto/VectorAssemblerDisassemblerCT.xml
----------------- Instantiating /home/travis/build/icyphy/ptII/ptolemy/actor/lib/test/auto/VectorAssemblerDisassemblerCT.xml
66 ms. Memory: 502784K Free: 393615K (78%)
----------------- Invoking toplevel() on ptolemy.moml.MoMLSimpleApplication@2be80093
----------------- Done invoking toplevel() on ptolemy.moml.MoMLSimpleApplication@2be80093
reloadAllAccessors: .VectorAssemblerDisassemblerCT

===========================================================================================
----------------- testing Sun Dec 29 06:30:25 UTC 2019 /home/travis/build/icyphy/ptII/ptolemy/actor/lib/test/auto/VectorAssemblerDisassemblerDE.xml
----------------- Instantiating /home/travis/build/icyphy/ptII/ptolemy/actor/lib/test/auto/VectorAssemblerDisassemblerDE.xml
2 ms. Memory: 502784K Free: 385933K (77%)
----------------- Invoking toplevel() on ptolemy.moml.MoMLSimpleApplication@68bb3aff
----------------- Done invoking toplevel() on ptolemy.moml.MoMLSimpleApplication@68bb3aff
reloadAllAccessors: .VectorAssemblerDisassemblerDE

===========================================================================================
----------------- testing Sun Dec 29 06:30:25 UTC 2019 /home/travis/build/icyphy/ptII/ptolemy/actor/lib/test/auto/VectorAssemblerDisassemblerSDF.xml
----------------- Instantiating /home/travis/build/icyphy/ptII/ptolemy/actor/lib/test/auto/VectorAssemblerDisassemblerSDF.xml
2 ms. Memory: 502784K Free: 379279K (75%)
----------------- Invoking toplevel() on ptolemy.moml.MoMLSimpleApplication@321e0e64
----------------- Done invoking toplevel() on ptolemy.moml.MoMLSimpleApplication@321e0e64
reloadAllAccessors: .VectorAssemblerDisassemblerSDF

===========================================================================================
----------------- testing Sun Dec 29 06:30:25 UTC 2019 /home/travis/build/icyphy/ptII/ptolemy/actor/lib/test/auto/WallClockTime.xml
----------------- Instantiating /home/travis/build/icyphy/ptII/ptolemy/actor/lib/test/auto/WallClockTime.xml
1003 ms. Memory: 502784K Free: 374159K (74%)
----------------- Invoking toplevel() on ptolemy.moml.MoMLSimpleApplication@2b45425d
----------------- Done invoking toplevel() on ptolemy.moml.MoMLSimpleApplication@2b45425d
reloadAllAccessors: .WallClockTime

===========================================================================================
----------------- testing Sun Dec 29 06:30:26 UTC 2019 /home/travis/build/icyphy/ptII/ptolemy/actor/lib/test/auto/WidthTestWithSubscriberPublisher.xml
----------------- Instantiating /home/travis/build/icyphy/ptII/ptolemy/actor/lib/test/auto/WidthTestWithSubscriberPublisher.xml
7 ms. Memory: 502784K Free: 356237K (71%)
----------------- Invoking toplevel() on ptolemy.moml.MoMLSimpleApplication@938dcc5
----------------- Done invoking toplevel() on ptolemy.moml.MoMLSimpleApplication@938dcc5
reloadAllAccessors: .WidthTestWithSubscriberPublisher

===========================================================================================
----------------- testing Sun Dec 29 06:30:26 UTC 2019 /home/travis/build/icyphy/ptII/ptolemy/actor/lib/test/auto/WidthTestWithSubscriberPublisher2.xml
----------------- Instantiating /home/travis/build/icyphy/ptII/ptolemy/actor/lib/test/auto/WidthTestWithSubscriberPublisher2.xml
2 ms. Memory: 502784K Free: 350093K (70%)
----------------- Invoking toplevel() on ptolemy.moml.MoMLSimpleApplication@604127a4
----------------- Done invoking toplevel() on ptolemy.moml.MoMLSimpleApplication@604127a4
reloadAllAccessors: .WidthTestWithSubscriberPublisher2

===========================================================================================
----------------- testing Sun Dec 29 06:30:26 UTC 2019 /home/travis/build/icyphy/ptII/ptolemy/actor/lib/test/auto/WidthTestWithSubscriberPublisher3.xml
----------------- Instantiating /home/travis/build/icyphy/ptII/ptolemy/actor/lib/test/auto/WidthTestWithSubscriberPublisher3.xml
1 ms. Memory: 502784K Free: 344463K (69%)
----------------- Invoking toplevel() on ptolemy.moml.MoMLSimpleApplication@37cb0076
----------------- Done invoking toplevel() on ptolemy.moml.MoMLSimpleApplication@37cb0076
reloadAllAccessors: .WidthTestWithSubscriberPublisher3

===========================================================================================
----------------- testing Sun Dec 29 06:30:26 UTC 2019 /home/travis/build/icyphy/ptII/ptolemy/actor/lib/test/auto/Writer.xml
----------------- Instantiating /home/travis/build/icyphy/ptII/ptolemy/actor/lib/test/auto/Writer.xml
0
1
2
3
4
1 ms. Memory: 502784K Free: 339839K (68%)
----------------- Invoking toplevel() on ptolemy.moml.MoMLSimpleApplication@7d4b98ee
----------------- Done invoking toplevel() on ptolemy.moml.MoMLSimpleApplication@7d4b98ee
reloadAllAccessors: .Writer

===========================================================================================
----------------- testing Sun Dec 29 06:30:26 UTC 2019 /home/travis/build/icyphy/ptII/ptolemy/actor/lib/test/auto/array.xml
----------------- Instantiating /home/travis/build/icyphy/ptII/ptolemy/actor/lib/test/auto/array.xml
1 ms. Memory: 502784K Free: 335247K (67%)
----------------- Invoking toplevel() on ptolemy.moml.MoMLSimpleApplication@ff2d52c
----------------- Done invoking toplevel() on ptolemy.moml.MoMLSimpleApplication@ff2d52c
reloadAllAccessors: .array

===========================================================================================
----------------- testing Sun Dec 29 06:30:26 UTC 2019 /home/travis/build/icyphy/ptII/ptolemy/actor/lib/test/auto/array2.xml
----------------- Instantiating /home/travis/build/icyphy/ptII/ptolemy/actor/lib/test/auto/array2.xml
2 ms. Memory: 502784K Free: 329599K (66%)
----------------- Invoking toplevel() on ptolemy.moml.MoMLSimpleApplication@61eda1cc
----------------- Done invoking toplevel() on ptolemy.moml.MoMLSimpleApplication@61eda1cc
reloadAllAccessors: .array2

===========================================================================================
----------------- testing Sun Dec 29 06:30:26 UTC 2019 /home/travis/build/icyphy/ptII/ptolemy/actor/lib/test/auto/arrayType.xml
----------------- Instantiating /home/travis/build/icyphy/ptII/ptolemy/actor/lib/test/auto/arrayType.xml
1 ms. Memory: 502784K Free: 324493K (65%)
----------------- Invoking toplevel() on ptolemy.moml.MoMLSimpleApplication@239375ef
----------------- Done invoking toplevel() on ptolemy.moml.MoMLSimpleApplication@239375ef
reloadAllAccessors: .arrayType

===========================================================================================
----------------- testing Sun Dec 29 06:30:26 UTC 2019 /home/travis/build/icyphy/ptII/ptolemy/actor/lib/test/auto/arrayType10.xml
----------------- Instantiating /home/travis/build/icyphy/ptII/ptolemy/actor/lib/test/auto/arrayType10.xml
1 ms. Memory: 502784K Free: 319887K (64%)
----------------- Invoking toplevel() on ptolemy.moml.MoMLSimpleApplication@56b15d7d
----------------- Done invoking toplevel() on ptolemy.moml.MoMLSimpleApplication@56b15d7d
reloadAllAccessors: .arrayType10

===========================================================================================
----------------- testing Sun Dec 29 06:30:26 UTC 2019 /home/travis/build/icyphy/ptII/ptolemy/actor/lib/test/auto/arrayType11.xml
----------------- Instantiating /home/travis/build/icyphy/ptII/ptolemy/actor/lib/test/auto/arrayType11.xml
1 ms. Memory: 502784K Free: 314767K (63%)
----------------- Invoking toplevel() on ptolemy.moml.MoMLSimpleApplication@231c9c6d
----------------- Done invoking toplevel() on ptolemy.moml.MoMLSimpleApplication@231c9c6d
reloadAllAccessors: .arrayType11

===========================================================================================
----------------- testing Sun Dec 29 06:30:26 UTC 2019 /home/travis/build/icyphy/ptII/ptolemy/actor/lib/test/auto/arrayType12.xml
----------------- Instantiating /home/travis/build/icyphy/ptII/ptolemy/actor/lib/test/auto/arrayType12.xml
1 ms. Memory: 502784K Free: 310157K (62%)
----------------- Invoking toplevel() on ptolemy.moml.MoMLSimpleApplication@7f4c4c6f
----------------- Done invoking toplevel() on ptolemy.moml.MoMLSimpleApplication@7f4c4c6f
reloadAllAccessors: .arrayType12

===========================================================================================
----------------- testing Sun Dec 29 06:30:26 UTC 2019 /home/travis/build/icyphy/ptII/ptolemy/actor/lib/test/auto/arrayType13.xml
----------------- Instantiating /home/travis/build/icyphy/ptII/ptolemy/actor/lib/test/auto/arrayType13.xml
1 ms. Memory: 502784K Free: 305037K (61%)
----------------- Invoking toplevel() on ptolemy.moml.MoMLSimpleApplication@7a28c2e0
----------------- Done invoking toplevel() on ptolemy.moml.MoMLSimpleApplication@7a28c2e0
reloadAllAccessors: .arrayType13

===========================================================================================
----------------- testing Sun Dec 29 06:30:26 UTC 2019 /home/travis/build/icyphy/ptII/ptolemy/actor/lib/test/auto/arrayType14.xml
----------------- Instantiating /home/travis/build/icyphy/ptII/ptolemy/actor/lib/test/auto/arrayType14.xml
1 ms. Memory: 502784K Free: 299407K (60%)
----------------- Invoking toplevel() on ptolemy.moml.MoMLSimpleApplication@205df2cb
----------------- Done invoking toplevel() on ptolemy.moml.MoMLSimpleApplication@205df2cb
reloadAllAccessors: .arrayType14

===========================================================================================
----------------- testing Sun Dec 29 06:30:26 UTC 2019 /home/travis/build/icyphy/ptII/ptolemy/actor/lib/test/auto/arrayType15.xml
----------------- Instantiating /home/travis/build/icyphy/ptII/ptolemy/actor/lib/test/auto/arrayType15.xml
2 ms. Memory: 502784K Free: 294287K (59%)
----------------- Invoking toplevel() on ptolemy.moml.MoMLSimpleApplication@64a96d7b
----------------- Done invoking toplevel() on ptolemy.moml.MoMLSimpleApplication@64a96d7b
reloadAllAccessors: .arrayType15

===========================================================================================
----------------- testing Sun Dec 29 06:30:26 UTC 2019 /home/travis/build/icyphy/ptII/ptolemy/actor/lib/test/auto/arrayType16.xml
----------------- Instantiating /home/travis/build/icyphy/ptII/ptolemy/actor/lib/test/auto/arrayType16.xml
1 ms. Memory: 502784K Free: 288653K (57%)
----------------- Invoking toplevel() on ptolemy.moml.MoMLSimpleApplication@315e7e24
----------------- Done invoking toplevel() on ptolemy.moml.MoMLSimpleApplication@315e7e24
reloadAllAccessors: .arrayType16

===========================================================================================
----------------- testing Sun Dec 29 06:30:26 UTC 2019 /home/travis/build/icyphy/ptII/ptolemy/actor/lib/test/auto/arrayType17.xml
----------------- Instantiating /home/travis/build/icyphy/ptII/ptolemy/actor/lib/test/auto/arrayType17.xml
1 ms. Memory: 502784K Free: 283533K (56%)
----------------- Invoking toplevel() on ptolemy.moml.MoMLSimpleApplication@6dcf627d
----------------- Done invoking toplevel() on ptolemy.moml.MoMLSimpleApplication@6dcf627d
reloadAllAccessors: .arrayType17

===========================================================================================
----------------- testing Sun Dec 29 06:30:26 UTC 2019 /home/travis/build/icyphy/ptII/ptolemy/actor/lib/test/auto/arrayType18.xml
----------------- Instantiating /home/travis/build/icyphy/ptII/ptolemy/actor/lib/test/auto/arrayType18.xml
1 ms. Memory: 502784K Free: 278927K (55%)
----------------- Invoking toplevel() on ptolemy.moml.MoMLSimpleApplication@1951fe52
----------------- Done invoking toplevel() on ptolemy.moml.MoMLSimpleApplication@1951fe52
reloadAllAccessors: .arrayType18

===========================================================================================
----------------- testing Sun Dec 29 06:30:26 UTC 2019 /home/travis/build/icyphy/ptII/ptolemy/actor/lib/test/auto/arrayType19.xml
----------------- Instantiating /home/travis/build/icyphy/ptII/ptolemy/actor/lib/test/auto/arrayType19.xml
1 ms. Memory: 502784K Free: 273807K (54%)
----------------- Invoking toplevel() on ptolemy.moml.MoMLSimpleApplication@1daf3ae6
----------------- Done invoking toplevel() on ptolemy.moml.MoMLSimpleApplication@1daf3ae6
reloadAllAccessors: .arrayType19

===========================================================================================
----------------- testing Sun Dec 29 06:30:26 UTC 2019 /home/travis/build/icyphy/ptII/ptolemy/actor/lib/test/auto/arrayType2.xml
----------------- Instantiating /home/travis/build/icyphy/ptII/ptolemy/actor/lib/test/auto/arrayType2.xml
1 ms. Memory: 502784K Free: 268687K (53%)
----------------- Invoking toplevel() on ptolemy.moml.MoMLSimpleApplication@13cb6eaa
----------------- Done invoking toplevel() on ptolemy.moml.MoMLSimpleApplication@13cb6eaa
reloadAllAccessors: .arrayType2

===========================================================================================
----------------- testing Sun Dec 29 06:30:26 UTC 2019 /home/travis/build/icyphy/ptII/ptolemy/actor/lib/test/auto/arrayType20.xml
----------------- Instantiating /home/travis/build/icyphy/ptII/ptolemy/actor/lib/test/auto/arrayType20.xml
1 ms. Memory: 502784K Free: 263567K (52%)
----------------- Invoking toplevel() on ptolemy.moml.MoMLSimpleApplication@51d3a652
----------------- Done invoking toplevel() on ptolemy.moml.MoMLSimpleApplication@51d3a652
reloadAllAccessors: .arrayType20

===========================================================================================
----------------- testing Sun Dec 29 06:30:26 UTC 2019 /home/travis/build/icyphy/ptII/ptolemy/actor/lib/test/auto/arrayType21.xml
----------------- Instantiating /home/travis/build/icyphy/ptII/ptolemy/actor/lib/test/auto/arrayType21.xml
1 ms. Memory: 502784K Free: 258957K (52%)
----------------- Invoking toplevel() on ptolemy.moml.MoMLSimpleApplication@2879e8f3
----------------- Done invoking toplevel() on ptolemy.moml.MoMLSimpleApplication@2879e8f3
reloadAllAccessors: .arrayType21

===========================================================================================
----------------- testing Sun Dec 29 06:30:26 UTC 2019 /home/travis/build/icyphy/ptII/ptolemy/actor/lib/test/auto/arrayType22.xml
----------------- Instantiating /home/travis/build/icyphy/ptII/ptolemy/actor/lib/test/auto/arrayType22.xml
1 ms. Memory: 502784K Free: 253837K (50%)
----------------- Invoking toplevel() on ptolemy.moml.MoMLSimpleApplication@1452d242
----------------- Done invoking toplevel() on ptolemy.moml.MoMLSimpleApplication@1452d242
reloadAllAccessors: .arrayType22

===========================================================================================
----------------- testing Sun Dec 29 06:30:26 UTC 2019 /home/travis/build/icyphy/ptII/ptolemy/actor/lib/test/auto/arrayType23.xml
----------------- Instantiating /home/travis/build/icyphy/ptII/ptolemy/actor/lib/test/auto/arrayType23.xml
1 ms. Memory: 502784K Free: 249231K (50%)
----------------- Invoking toplevel() on ptolemy.moml.MoMLSimpleApplication@616f54c7
----------------- Done invoking toplevel() on ptolemy.moml.MoMLSimpleApplication@616f54c7
reloadAllAccessors: .arrayType23

===========================================================================================
----------------- testing Sun Dec 29 06:30:26 UTC 2019 /home/travis/build/icyphy/ptII/ptolemy/actor/lib/test/auto/arrayType24.xml
----------------- Instantiating /home/travis/build/icyphy/ptII/ptolemy/actor/lib/test/auto/arrayType24.xml
1 ms. Memory: 502784K Free: 244621K (49%)
----------------- Invoking toplevel() on ptolemy.moml.MoMLSimpleApplication@174e6bbc
----------------- Done invoking toplevel() on ptolemy.moml.MoMLSimpleApplication@174e6bbc
reloadAllAccessors: .arrayType24

===========================================================================================
----------------- testing Sun Dec 29 06:30:26 UTC 2019 /home/travis/build/icyphy/ptII/ptolemy/actor/lib/test/auto/arrayType25.xml
----------------- Instantiating /home/travis/build/icyphy/ptII/ptolemy/actor/lib/test/auto/arrayType25.xml
2 ms. Memory: 502784K Free: 238991K (48%)
----------------- Invoking toplevel() on ptolemy.moml.MoMLSimpleApplication@3aea7944
----------------- Done invoking toplevel() on ptolemy.moml.MoMLSimpleApplication@3aea7944
reloadAllAccessors: .arrayType25

===========================================================================================
----------------- testing Sun Dec 29 06:30:26 UTC 2019 /home/travis/build/icyphy/ptII/ptolemy/actor/lib/test/auto/arrayType26.xml
----------------- Instantiating /home/travis/build/icyphy/ptII/ptolemy/actor/lib/test/auto/arrayType26.xml
2 ms. Memory: 502784K Free: 233871K (47%)
----------------- Invoking toplevel() on ptolemy.moml.MoMLSimpleApplication@5ad8d7d8
----------------- Done invoking toplevel() on ptolemy.moml.MoMLSimpleApplication@5ad8d7d8
reloadAllAccessors: .arrayType26

===========================================================================================
----------------- testing Sun Dec 29 06:30:26 UTC 2019 /home/travis/build/icyphy/ptII/ptolemy/actor/lib/test/auto/arrayType27.xml
----------------- Instantiating /home/travis/build/icyphy/ptII/ptolemy/actor/lib/test/auto/arrayType27.xml
1 ms. Memory: 502784K Free: 228237K (45%)
----------------- Invoking toplevel() on ptolemy.moml.MoMLSimpleApplication@71776a6a
----------------- Done invoking toplevel() on ptolemy.moml.MoMLSimpleApplication@71776a6a
reloadAllAccessors: .arrayType27

===========================================================================================
----------------- testing Sun Dec 29 06:30:26 UTC 2019 /home/travis/build/icyphy/ptII/ptolemy/actor/lib/test/auto/arrayType28.xml
----------------- Instantiating /home/travis/build/icyphy/ptII/ptolemy/actor/lib/test/auto/arrayType28.xml
1 ms. Memory: 502784K Free: 223103K (44%)
----------------- Invoking toplevel() on ptolemy.moml.MoMLSimpleApplication@1cd2da9f
----------------- Done invoking toplevel() on ptolemy.moml.MoMLSimpleApplication@1cd2da9f
reloadAllAccessors: .arrayType28

===========================================================================================
----------------- testing Sun Dec 29 06:30:26 UTC 2019 /home/travis/build/icyphy/ptII/ptolemy/actor/lib/test/auto/arrayType3.xml
----------------- Instantiating /home/travis/build/icyphy/ptII/ptolemy/actor/lib/test/auto/arrayType3.xml
5 ms. Memory: 502784K Free: 217487K (43%)
----------------- Invoking toplevel() on ptolemy.moml.MoMLSimpleApplication@699d91b5
----------------- Done invoking toplevel() on ptolemy.moml.MoMLSimpleApplication@699d91b5
reloadAllAccessors: .arrayType3

===========================================================================================
----------------- testing Sun Dec 29 06:30:26 UTC 2019 /home/travis/build/icyphy/ptII/ptolemy/actor/lib/test/auto/arrayType4.xml
----------------- Instantiating /home/travis/build/icyphy/ptII/ptolemy/actor/lib/test/auto/arrayType4.xml
1 ms. Memory: 502784K Free: 212367K (42%)
----------------- Invoking toplevel() on ptolemy.moml.MoMLSimpleApplication@5251f5f0
----------------- Done invoking toplevel() on ptolemy.moml.MoMLSimpleApplication@5251f5f0
reloadAllAccessors: .arrayType4

===========================================================================================
----------------- testing Sun Dec 29 06:30:26 UTC 2019 /home/travis/build/icyphy/ptII/ptolemy/actor/lib/test/auto/arrayType5.xml
----------------- Instantiating /home/travis/build/icyphy/ptII/ptolemy/actor/lib/test/auto/arrayType5.xml
2 ms. Memory: 502784K Free: 207247K (41%)
----------------- Invoking toplevel() on ptolemy.moml.MoMLSimpleApplication@34c370f2
----------------- Done invoking toplevel() on ptolemy.moml.MoMLSimpleApplication@34c370f2
reloadAllAccessors: .arrayType5

===========================================================================================
----------------- testing Sun Dec 29 06:30:26 UTC 2019 /home/travis/build/icyphy/ptII/ptolemy/actor/lib/test/auto/arrayType6.xml
----------------- Instantiating /home/travis/build/icyphy/ptII/ptolemy/actor/lib/test/auto/arrayType6.xml
1 ms. Memory: 502784K Free: 202127K (40%)
----------------- Invoking toplevel() on ptolemy.moml.MoMLSimpleApplication@24c4037f
----------------- Done invoking toplevel() on ptolemy.moml.MoMLSimpleApplication@24c4037f
reloadAllAccessors: .arrayType6

===========================================================================================
----------------- testing Sun Dec 29 06:30:26 UTC 2019 /home/travis/build/icyphy/ptII/ptolemy/actor/lib/test/auto/arrayType7.xml
----------------- Instantiating /home/travis/build/icyphy/ptII/ptolemy/actor/lib/test/auto/arrayType7.xml
1 ms. Memory: 502784K Free: 197517K (39%)
----------------- Invoking toplevel() on ptolemy.moml.MoMLSimpleApplication@1222e093
----------------- Done invoking toplevel() on ptolemy.moml.MoMLSimpleApplication@1222e093
reloadAllAccessors: .arrayType7

===========================================================================================
----------------- testing Sun Dec 29 06:30:26 UTC 2019 /home/travis/build/icyphy/ptII/ptolemy/actor/lib/test/auto/arrayType8.xml
----------------- Instantiating /home/travis/build/icyphy/ptII/ptolemy/actor/lib/test/auto/arrayType8.xml
5 ms. Memory: 502784K Free: 192397K (38%)
----------------- Invoking toplevel() on ptolemy.moml.MoMLSimpleApplication@ae69ff1
----------------- Done invoking toplevel() on ptolemy.moml.MoMLSimpleApplication@ae69ff1
reloadAllAccessors: .arrayType8

===========================================================================================
----------------- testing Sun Dec 29 06:30:26 UTC 2019 /home/travis/build/icyphy/ptII/ptolemy/actor/lib/test/auto/arrayType9.xml
----------------- Instantiating /home/travis/build/icyphy/ptII/ptolemy/actor/lib/test/auto/arrayType9.xml
1 ms. Memory: 502784K Free: 187791K (37%)
----------------- Invoking toplevel() on ptolemy.moml.MoMLSimpleApplication@3a2c4012
----------------- Done invoking toplevel() on ptolemy.moml.MoMLSimpleApplication@3a2c4012
reloadAllAccessors: .arrayType9

===========================================================================================
----------------- testing Sun Dec 29 06:30:26 UTC 2019 /home/travis/build/icyphy/ptII/ptolemy/actor/lib/test/auto/cast.xml
----------------- Instantiating /home/travis/build/icyphy/ptII/ptolemy/actor/lib/test/auto/cast.xml
3 ms. Memory: 502784K Free: 182671K (36%)
----------------- Invoking toplevel() on ptolemy.moml.MoMLSimpleApplication@3cb6feaf
----------------- Done invoking toplevel() on ptolemy.moml.MoMLSimpleApplication@3cb6feaf
reloadAllAccessors: .cast

===========================================================================================
----------------- testing Sun Dec 29 06:30:26 UTC 2019 /home/travis/build/icyphy/ptII/ptolemy/actor/lib/test/auto/compositeMultiPort.xml
----------------- Instantiating /home/travis/build/icyphy/ptII/ptolemy/actor/lib/test/auto/compositeMultiPort.xml
3 ms. Memory: 502784K Free: 173959K (35%)
----------------- Invoking toplevel() on ptolemy.moml.MoMLSimpleApplication@17f80540
----------------- Done invoking toplevel() on ptolemy.moml.MoMLSimpleApplication@17f80540
reloadAllAccessors: .compositeMultiPort

===========================================================================================
----------------- testing Sun Dec 29 06:30:26 UTC 2019 /home/travis/build/icyphy/ptII/ptolemy/actor/lib/test/auto/expressionCastInference.xml
----------------- Instantiating /home/travis/build/icyphy/ptII/ptolemy/actor/lib/test/auto/expressionCastInference.xml
11 ms. Memory: 502784K Free: 168845K (34%)
----------------- Invoking toplevel() on ptolemy.moml.MoMLSimpleApplication@12cc0557
----------------- Done invoking toplevel() on ptolemy.moml.MoMLSimpleApplication@12cc0557
reloadAllAccessors: .expressionCastInference

===========================================================================================
----------------- testing Sun Dec 29 06:30:26 UTC 2019 /home/travis/build/icyphy/ptII/ptolemy/actor/lib/test/auto/expressionCastInference2.xml
----------------- Instantiating /home/travis/build/icyphy/ptII/ptolemy/actor/lib/test/auto/expressionCastInference2.xml
2 ms. Memory: 502784K Free: 164239K (33%)
----------------- Invoking toplevel() on ptolemy.moml.MoMLSimpleApplication@641675ee
----------------- Done invoking toplevel() on ptolemy.moml.MoMLSimpleApplication@641675ee
reloadAllAccessors: .expressionCastInference2

===========================================================================================
----------------- testing Sun Dec 29 06:30:26 UTC 2019 /home/travis/build/icyphy/ptII/ptolemy/actor/lib/test/auto/expressionInference.xml
----------------- Instantiating /home/travis/build/icyphy/ptII/ptolemy/actor/lib/test/auto/expressionInference.xml
1 ms. Memory: 502784K Free: 159629K (32%)
----------------- Invoking toplevel() on ptolemy.moml.MoMLSimpleApplication@3d9c8401
----------------- Done invoking toplevel() on ptolemy.moml.MoMLSimpleApplication@3d9c8401
reloadAllAccessors: .expressionInference

===========================================================================================
----------------- testing Sun Dec 29 06:30:26 UTC 2019 /home/travis/build/icyphy/ptII/ptolemy/actor/lib/test/auto/expression_bug.xml
----------------- Instantiating /home/travis/build/icyphy/ptII/ptolemy/actor/lib/test/auto/expression_bug.xml
1 ms. Memory: 502784K Free: 155533K (31%)
----------------- Invoking toplevel() on ptolemy.moml.MoMLSimpleApplication@783550f8
----------------- Done invoking toplevel() on ptolemy.moml.MoMLSimpleApplication@783550f8
reloadAllAccessors: .expression_bug

===========================================================================================
----------------- testing Sun Dec 29 06:30:26 UTC 2019 /home/travis/build/icyphy/ptII/ptolemy/actor/lib/test/auto/factorial.xml
----------------- Instantiating /home/travis/build/icyphy/ptII/ptolemy/actor/lib/test/auto/factorial.xml
63 ms. Memory: 502784K Free: 441667K (88%)
----------------- Invoking toplevel() on ptolemy.moml.MoMLSimpleApplication@6784b8f0
----------------- Done invoking toplevel() on ptolemy.moml.MoMLSimpleApplication@6784b8f0
reloadAllAccessors: .factorial

===========================================================================================
----------------- testing Sun Dec 29 06:30:26 UTC 2019 /home/travis/build/icyphy/ptII/ptolemy/actor/lib/test/auto/filterTest1.xml
----------------- Instantiating /home/travis/build/icyphy/ptII/ptolemy/actor/lib/test/auto/filterTest1.xml
3 ms. Memory: 502784K Free: 435523K (87%)
----------------- Invoking toplevel() on ptolemy.moml.MoMLSimpleApplication@5b5ab26b
----------------- Done invoking toplevel() on ptolemy.moml.MoMLSimpleApplication@5b5ab26b
reloadAllAccessors: .filterTest1

===========================================================================================
----------------- testing Sun Dec 29 06:30:26 UTC 2019 /home/travis/build/icyphy/ptII/ptolemy/actor/lib/test/auto/funcApplyInConst.xml
----------------- Instantiating /home/travis/build/icyphy/ptII/ptolemy/actor/lib/test/auto/funcApplyInConst.xml
0 ms. Memory: 502784K Free: 431941K (86%)
----------------- Invoking toplevel() on ptolemy.moml.MoMLSimpleApplication@30b7a8ef
----------------- Done invoking toplevel() on ptolemy.moml.MoMLSimpleApplication@30b7a8ef
reloadAllAccessors: .funcApplyInConst

===========================================================================================
----------------- testing Sun Dec 29 06:30:26 UTC 2019 /home/travis/build/icyphy/ptII/ptolemy/actor/lib/test/auto/funcApplyInExpr.xml
----------------- Instantiating /home/travis/build/icyphy/ptII/ptolemy/actor/lib/test/auto/funcApplyInExpr.xml
1 ms. Memory: 502784K Free: 427845K (85%)
----------------- Invoking toplevel() on ptolemy.moml.MoMLSimpleApplication@31d3529
----------------- Done invoking toplevel() on ptolemy.moml.MoMLSimpleApplication@31d3529
reloadAllAccessors: .funcApplyInExpr

===========================================================================================
----------------- testing Sun Dec 29 06:30:26 UTC 2019 /home/travis/build/icyphy/ptII/ptolemy/actor/lib/test/auto/function.xml
----------------- Instantiating /home/travis/build/icyphy/ptII/ptolemy/actor/lib/test/auto/function.xml
1 ms. Memory: 502784K Free: 423235K (84%)
----------------- Invoking toplevel() on ptolemy.moml.MoMLSimpleApplication@34f76220
----------------- Done invoking toplevel() on ptolemy.moml.MoMLSimpleApplication@34f76220
reloadAllAccessors: .function

===========================================================================================
----------------- testing Sun Dec 29 06:30:26 UTC 2019 /home/travis/build/icyphy/ptII/ptolemy/actor/lib/test/auto/function2.xml
----------------- Instantiating /home/travis/build/icyphy/ptII/ptolemy/actor/lib/test/auto/function2.xml
2 ms. Memory: 502784K Free: 418115K (83%)
----------------- Invoking toplevel() on ptolemy.moml.MoMLSimpleApplication@29a81320
----------------- Done invoking toplevel() on ptolemy.moml.MoMLSimpleApplication@29a81320
reloadAllAccessors: .function2

===========================================================================================
----------------- testing Sun Dec 29 06:30:26 UTC 2019 /home/travis/build/icyphy/ptII/ptolemy/actor/lib/test/auto/function3.xml
----------------- Instantiating /home/travis/build/icyphy/ptII/ptolemy/actor/lib/test/auto/function3.xml
1 ms. Memory: 502784K Free: 414533K (82%)
----------------- Invoking toplevel() on ptolemy.moml.MoMLSimpleApplication@3b772837
----------------- Done invoking toplevel() on ptolemy.moml.MoMLSimpleApplication@3b772837
reloadAllAccessors: .function3

===========================================================================================
----------------- testing Sun Dec 29 06:30:26 UTC 2019 /home/travis/build/icyphy/ptII/ptolemy/actor/lib/test/auto/functionClosureTest1.xml
----------------- Instantiating /home/travis/build/icyphy/ptII/ptolemy/actor/lib/test/auto/functionClosureTest1.xml
1 ms. Memory: 502784K Free: 408389K (81%)
----------------- Invoking toplevel() on ptolemy.moml.MoMLSimpleApplication@6050b88a
----------------- Done invoking toplevel() on ptolemy.moml.MoMLSimpleApplication@6050b88a
reloadAllAccessors: .functionClosureTest1

===========================================================================================
----------------- testing Sun Dec 29 06:30:26 UTC 2019 /home/travis/build/icyphy/ptII/ptolemy/actor/lib/test/auto/functionClosureTest2.xml
----------------- Instantiating /home/travis/build/icyphy/ptII/ptolemy/actor/lib/test/auto/functionClosureTest2.xml
1 ms. Memory: 502784K Free: 404803K (81%)
----------------- Invoking toplevel() on ptolemy.moml.MoMLSimpleApplication@48efa421
----------------- Done invoking toplevel() on ptolemy.moml.MoMLSimpleApplication@48efa421
reloadAllAccessors: .functionClosureTest2

===========================================================================================
----------------- testing Sun Dec 29 06:30:27 UTC 2019 /home/travis/build/icyphy/ptII/ptolemy/actor/lib/test/auto/functionClosureTest3.xml
----------------- Instantiating /home/travis/build/icyphy/ptII/ptolemy/actor/lib/test/auto/functionClosureTest3.xml
2 ms. Memory: 502784K Free: 399173K (79%)
----------------- Invoking toplevel() on ptolemy.moml.MoMLSimpleApplication@630545a2
----------------- Done invoking toplevel() on ptolemy.moml.MoMLSimpleApplication@630545a2
reloadAllAccessors: .functionClosureTest3

===========================================================================================
----------------- testing Sun Dec 29 06:30:27 UTC 2019 /home/travis/build/icyphy/ptII/ptolemy/actor/lib/test/auto/functionClosureTest4.xml
----------------- Instantiating /home/travis/build/icyphy/ptII/ptolemy/actor/lib/test/auto/functionClosureTest4.xml
2 ms. Memory: 502784K Free: 393029K (78%)
----------------- Invoking toplevel() on ptolemy.moml.MoMLSimpleApplication@38530de7
----------------- Done invoking toplevel() on ptolemy.moml.MoMLSimpleApplication@38530de7
reloadAllAccessors: .functionClosureTest4

===========================================================================================
----------------- testing Sun Dec 29 06:30:27 UTC 2019 /home/travis/build/icyphy/ptII/ptolemy/actor/lib/test/auto/functionClosureTest5.xml
----------------- Instantiating /home/travis/build/icyphy/ptII/ptolemy/actor/lib/test/auto/functionClosureTest5.xml
7 ms. Memory: 502784K Free: 387380K (77%)
----------------- Invoking toplevel() on ptolemy.moml.MoMLSimpleApplication@7f89daf0
----------------- Done invoking toplevel() on ptolemy.moml.MoMLSimpleApplication@7f89daf0
reloadAllAccessors: .functionClosureTest5

===========================================================================================
----------------- testing Sun Dec 29 06:30:27 UTC 2019 /home/travis/build/icyphy/ptII/ptolemy/actor/lib/test/auto/functionClosureTest6.xml
----------------- Instantiating /home/travis/build/icyphy/ptII/ptolemy/actor/lib/test/auto/functionClosureTest6.xml
1 ms. Memory: 502784K Free: 382789K (76%)
----------------- Invoking toplevel() on ptolemy.moml.MoMLSimpleApplication@c630df4
----------------- Done invoking toplevel() on ptolemy.moml.MoMLSimpleApplication@c630df4
reloadAllAccessors: .functionClosureTest6

===========================================================================================
----------------- testing Sun Dec 29 06:30:27 UTC 2019 /home/travis/build/icyphy/ptII/ptolemy/actor/lib/test/auto/functionsOnArcs.xml
----------------- Instantiating /home/travis/build/icyphy/ptII/ptolemy/actor/lib/test/auto/functionsOnArcs.xml
1 ms. Memory: 502784K Free: 377155K (75%)
----------------- Invoking toplevel() on ptolemy.moml.MoMLSimpleApplication@1fff33bd
----------------- Done invoking toplevel() on ptolemy.moml.MoMLSimpleApplication@1fff33bd
reloadAllAccessors: .functionsOnArcs

===========================================================================================
----------------- testing Sun Dec 29 06:30:27 UTC 2019 /home/travis/build/icyphy/ptII/ptolemy/actor/lib/test/auto/functionsOnArcsHOF.xml
----------------- Instantiating /home/travis/build/icyphy/ptII/ptolemy/actor/lib/test/auto/functionsOnArcsHOF.xml
4 ms. Memory: 502784K Free: 371525K (74%)
----------------- Invoking toplevel() on ptolemy.moml.MoMLSimpleApplication@751b0d32
----------------- Done invoking toplevel() on ptolemy.moml.MoMLSimpleApplication@751b0d32
reloadAllAccessors: .functionsOnArcsHOF

===========================================================================================
----------------- testing Sun Dec 29 06:30:27 UTC 2019 /home/travis/build/icyphy/ptII/ptolemy/actor/lib/test/auto/logic.xml
----------------- Instantiating /home/travis/build/icyphy/ptII/ptolemy/actor/lib/test/auto/logic.xml
2 ms. Memory: 502784K Free: 363843K (72%)
----------------- Invoking toplevel() on ptolemy.moml.MoMLSimpleApplication@31211569
----------------- Done invoking toplevel() on ptolemy.moml.MoMLSimpleApplication@31211569
reloadAllAccessors: .logic

===========================================================================================
----------------- testing Sun Dec 29 06:30:27 UTC 2019 /home/travis/build/icyphy/ptII/ptolemy/actor/lib/test/auto/matrixType.xml
----------------- Instantiating /home/travis/build/icyphy/ptII/ptolemy/actor/lib/test/auto/matrixType.xml
2 ms. Memory: 502784K Free: 358708K (71%)
----------------- Invoking toplevel() on ptolemy.moml.MoMLSimpleApplication@53c52fde
----------------- Done invoking toplevel() on ptolemy.moml.MoMLSimpleApplication@53c52fde
reloadAllAccessors: .matrixType

===========================================================================================
----------------- testing Sun Dec 29 06:30:27 UTC 2019 /home/travis/build/icyphy/ptII/ptolemy/actor/lib/test/auto/matrixType10.xml
----------------- Instantiating /home/travis/build/icyphy/ptII/ptolemy/actor/lib/test/auto/matrixType10.xml
1 ms. Memory: 502784K Free: 353603K (70%)
----------------- Invoking toplevel() on ptolemy.moml.MoMLSimpleApplication@53cc8053
----------------- Done invoking toplevel() on ptolemy.moml.MoMLSimpleApplication@53cc8053
reloadAllAccessors: .matrixType10

===========================================================================================
----------------- testing Sun Dec 29 06:30:27 UTC 2019 /home/travis/build/icyphy/ptII/ptolemy/actor/lib/test/auto/matrixType11.xml
----------------- Instantiating /home/travis/build/icyphy/ptII/ptolemy/actor/lib/test/auto/matrixType11.xml
1 ms. Memory: 502784K Free: 348483K (69%)
----------------- Invoking toplevel() on ptolemy.moml.MoMLSimpleApplication@6d54c587
----------------- Done invoking toplevel() on ptolemy.moml.MoMLSimpleApplication@6d54c587
reloadAllAccessors: .matrixType11

===========================================================================================
----------------- testing Sun Dec 29 06:30:27 UTC 2019 /home/travis/build/icyphy/ptII/ptolemy/actor/lib/test/auto/matrixType12.xml
----------------- Instantiating /home/travis/build/icyphy/ptII/ptolemy/actor/lib/test/auto/matrixType12.xml
1 ms. Memory: 502784K Free: 343877K (68%)
----------------- Invoking toplevel() on ptolemy.moml.MoMLSimpleApplication@5891595d
----------------- Done invoking toplevel() on ptolemy.moml.MoMLSimpleApplication@5891595d
reloadAllAccessors: .matrixType12

===========================================================================================
----------------- testing Sun Dec 29 06:30:27 UTC 2019 /home/travis/build/icyphy/ptII/ptolemy/actor/lib/test/auto/matrixType13.xml
----------------- Instantiating /home/travis/build/icyphy/ptII/ptolemy/actor/lib/test/auto/matrixType13.xml
1 ms. Memory: 502784K Free: 338757K (67%)
----------------- Invoking toplevel() on ptolemy.moml.MoMLSimpleApplication@4d5e6bf5
----------------- Done invoking toplevel() on ptolemy.moml.MoMLSimpleApplication@4d5e6bf5
reloadAllAccessors: .matrixType13

===========================================================================================
----------------- testing Sun Dec 29 06:30:27 UTC 2019 /home/travis/build/icyphy/ptII/ptolemy/actor/lib/test/auto/matrixType14.xml
----------------- Instantiating /home/travis/build/icyphy/ptII/ptolemy/actor/lib/test/auto/matrixType14.xml
1 ms. Memory: 502784K Free: 334147K (66%)
----------------- Invoking toplevel() on ptolemy.moml.MoMLSimpleApplication@25cbc873
----------------- Done invoking toplevel() on ptolemy.moml.MoMLSimpleApplication@25cbc873
reloadAllAccessors: .matrixType14

===========================================================================================
----------------- testing Sun Dec 29 06:30:27 UTC 2019 /home/travis/build/icyphy/ptII/ptolemy/actor/lib/test/auto/matrixType2.xml
----------------- Instantiating /home/travis/build/icyphy/ptII/ptolemy/actor/lib/test/auto/matrixType2.xml
1 ms. Memory: 502784K Free: 329027K (65%)
----------------- Invoking toplevel() on ptolemy.moml.MoMLSimpleApplication@54cc0e8e
----------------- Done invoking toplevel() on ptolemy.moml.MoMLSimpleApplication@54cc0e8e
reloadAllAccessors: .matrixType2

===========================================================================================
----------------- testing Sun Dec 29 06:30:27 UTC 2019 /home/travis/build/icyphy/ptII/ptolemy/actor/lib/test/auto/matrixType3.xml
----------------- Instantiating /home/travis/build/icyphy/ptII/ptolemy/actor/lib/test/auto/matrixType3.xml
4 ms. Memory: 502784K Free: 324421K (65%)
----------------- Invoking toplevel() on ptolemy.moml.MoMLSimpleApplication@640cb23d
----------------- Done invoking toplevel() on ptolemy.moml.MoMLSimpleApplication@640cb23d
reloadAllAccessors: .matrixType3

===========================================================================================
----------------- testing Sun Dec 29 06:30:27 UTC 2019 /home/travis/build/icyphy/ptII/ptolemy/actor/lib/test/auto/matrixType4.xml
----------------- Instantiating /home/travis/build/icyphy/ptII/ptolemy/actor/lib/test/auto/matrixType4.xml
1 ms. Memory: 502784K Free: 319301K (64%)
----------------- Invoking toplevel() on ptolemy.moml.MoMLSimpleApplication@517a7bf3
----------------- Done invoking toplevel() on ptolemy.moml.MoMLSimpleApplication@517a7bf3
reloadAllAccessors: .matrixType4

===========================================================================================
----------------- testing Sun Dec 29 06:30:27 UTC 2019 /home/travis/build/icyphy/ptII/ptolemy/actor/lib/test/auto/matrixType5.xml
----------------- Instantiating /home/travis/build/icyphy/ptII/ptolemy/actor/lib/test/auto/matrixType5.xml
1 ms. Memory: 502784K Free: 314691K (63%)
----------------- Invoking toplevel() on ptolemy.moml.MoMLSimpleApplication@23118272
----------------- Done invoking toplevel() on ptolemy.moml.MoMLSimpleApplication@23118272
reloadAllAccessors: .matrixType5

===========================================================================================
----------------- testing Sun Dec 29 06:30:27 UTC 2019 /home/travis/build/icyphy/ptII/ptolemy/actor/lib/test/auto/matrixType6.xml
----------------- Instantiating /home/travis/build/icyphy/ptII/ptolemy/actor/lib/test/auto/matrixType6.xml
1 ms. Memory: 502784K Free: 309571K (62%)
----------------- Invoking toplevel() on ptolemy.moml.MoMLSimpleApplication@2471e355
----------------- Done invoking toplevel() on ptolemy.moml.MoMLSimpleApplication@2471e355
reloadAllAccessors: .matrixType6

===========================================================================================
----------------- testing Sun Dec 29 06:30:27 UTC 2019 /home/travis/build/icyphy/ptII/ptolemy/actor/lib/test/auto/matrixType7.xml
----------------- Instantiating /home/travis/build/icyphy/ptII/ptolemy/actor/lib/test/auto/matrixType7.xml
1 ms. Memory: 502784K Free: 304965K (61%)
----------------- Invoking toplevel() on ptolemy.moml.MoMLSimpleApplication@6099c6d4
----------------- Done invoking toplevel() on ptolemy.moml.MoMLSimpleApplication@6099c6d4
reloadAllAccessors: .matrixType7

===========================================================================================
----------------- testing Sun Dec 29 06:30:27 UTC 2019 /home/travis/build/icyphy/ptII/ptolemy/actor/lib/test/auto/matrixType8.xml
----------------- Instantiating /home/travis/build/icyphy/ptII/ptolemy/actor/lib/test/auto/matrixType8.xml
1 ms. Memory: 502784K Free: 299845K (60%)
----------------- Invoking toplevel() on ptolemy.moml.MoMLSimpleApplication@520c7cbf
----------------- Done invoking toplevel() on ptolemy.moml.MoMLSimpleApplication@520c7cbf
reloadAllAccessors: .matrixType8

===========================================================================================
----------------- testing Sun Dec 29 06:30:27 UTC 2019 /home/travis/build/icyphy/ptII/ptolemy/actor/lib/test/auto/matrixType9.xml
----------------- Instantiating /home/travis/build/icyphy/ptII/ptolemy/actor/lib/test/auto/matrixType9.xml
1 ms. Memory: 502784K Free: 295235K (59%)
----------------- Invoking toplevel() on ptolemy.moml.MoMLSimpleApplication@518c6325
----------------- Done invoking toplevel() on ptolemy.moml.MoMLSimpleApplication@518c6325
reloadAllAccessors: .matrixType9

===========================================================================================
----------------- testing Sun Dec 29 06:30:27 UTC 2019 /home/travis/build/icyphy/ptII/ptolemy/actor/lib/test/auto/paraFunctest.xml
----------------- Instantiating /home/travis/build/icyphy/ptII/ptolemy/actor/lib/test/auto/paraFunctest.xml
3 ms. Memory: 502784K Free: 291139K (58%)
----------------- Invoking toplevel() on ptolemy.moml.MoMLSimpleApplication@68a17258
----------------- Done invoking toplevel() on ptolemy.moml.MoMLSimpleApplication@68a17258
reloadAllAccessors: .paraFunctest

===========================================================================================
----------------- testing Sun Dec 29 06:30:27 UTC 2019 /home/travis/build/icyphy/ptII/ptolemy/actor/lib/test/auto/paraFunctest2.xml
----------------- Instantiating /home/travis/build/icyphy/ptII/ptolemy/actor/lib/test/auto/paraFunctest2.xml
1 ms. Memory: 502784K Free: 286019K (57%)
----------------- Invoking toplevel() on ptolemy.moml.MoMLSimpleApplication@2493363b
----------------- Done invoking toplevel() on ptolemy.moml.MoMLSimpleApplication@2493363b
reloadAllAccessors: .paraFunctest2

===========================================================================================
----------------- testing Sun Dec 29 06:30:27 UTC 2019 /home/travis/build/icyphy/ptII/ptolemy/actor/lib/test/auto/parameterPassing.xml
----------------- Instantiating /home/travis/build/icyphy/ptII/ptolemy/actor/lib/test/auto/parameterPassing.xml
1 ms. Memory: 502784K Free: 281923K (56%)
----------------- Invoking toplevel() on ptolemy.moml.MoMLSimpleApplication@58e27d70
----------------- Done invoking toplevel() on ptolemy.moml.MoMLSimpleApplication@58e27d70
reloadAllAccessors: .parameterPassing

===========================================================================================
----------------- testing Sun Dec 29 06:30:27 UTC 2019 /home/travis/build/icyphy/ptII/ptolemy/actor/lib/test/auto/record.xml
----------------- Instantiating /home/travis/build/icyphy/ptII/ptolemy/actor/lib/test/auto/record.xml
2 ms. Memory: 502784K Free: 276803K (55%)
----------------- Invoking toplevel() on ptolemy.moml.MoMLSimpleApplication@37b397c9
----------------- Done invoking toplevel() on ptolemy.moml.MoMLSimpleApplication@37b397c9
reloadAllAccessors: .record

===========================================================================================
----------------- testing Sun Dec 29 06:30:27 UTC 2019 /home/travis/build/icyphy/ptII/ptolemy/actor/lib/test/auto/sizedarray1.xml
----------------- Instantiating /home/travis/build/icyphy/ptII/ptolemy/actor/lib/test/auto/sizedarray1.xml
1 ms. Memory: 502784K Free: 271683K (54%)
----------------- Invoking toplevel() on ptolemy.moml.MoMLSimpleApplication@649630aa
----------------- Done invoking toplevel() on ptolemy.moml.MoMLSimpleApplication@649630aa
reloadAllAccessors: .sizedarray1

===========================================================================================
----------------- testing Sun Dec 29 06:30:27 UTC 2019 /home/travis/build/icyphy/ptII/ptolemy/actor/lib/test/auto/sizedarray2.xml
----------------- Instantiating /home/travis/build/icyphy/ptII/ptolemy/actor/lib/test/auto/sizedarray2.xml
2 ms. Memory: 502784K Free: 266053K (53%)
----------------- Invoking toplevel() on ptolemy.moml.MoMLSimpleApplication@58316d6
----------------- Done invoking toplevel() on ptolemy.moml.MoMLSimpleApplication@58316d6
reloadAllAccessors: .sizedarray2

===========================================================================================
----------------- testing Sun Dec 29 06:30:27 UTC 2019 /home/travis/build/icyphy/ptII/ptolemy/actor/lib/test/auto/twoPublishers.xml
----------------- Instantiating /home/travis/build/icyphy/ptII/ptolemy/actor/lib/test/auto/twoPublishers.xml
5 ms. Memory: 502784K Free: 255813K (51%)
----------------- Invoking toplevel() on ptolemy.moml.MoMLSimpleApplication@45b0f075
----------------- Done invoking toplevel() on ptolemy.moml.MoMLSimpleApplication@45b0f075
reloadAllAccessors: .twoPublishers
AutoTests.java: About to close Vertx.
AutoTests.java: Vertx closed.
]]></system-out>
  <system-err><![CDATA[java.lang.RuntimeException: Execution failed
	at ptolemy.moml.MoMLSimpleApplication$UnloadThread.run(MoMLSimpleApplication.java:402)
Caused by: java.lang.RuntimeException: StringUtilities.exit() was called. Normally, we would exit here because Manager.exitAfterWrapup() was called.  However, because the ptolemy.ptII.exitAfterWrapup property is set, we throw this exception instead.
	at ptolemy.util.StringUtilities.exit(StringUtilities.java:365)
	at ptolemy.actor.Manager.wrapup(Manager.java:1549)
	at ptolemy.actor.Manager.execute(Manager.java:407)
	at ptolemy.actor.Manager.run(Manager.java:1263)
	at ptolemy.actor.Manager$PtolemyRunThread.run(Manager.java:1933)
Warning: '.top.test' is in training mode, set the trainingMode parameter to false before checking in
Warning: '.top.test' is in training mode, set the trainingMode parameter to false before checking in
Warning: '.top.test' is in training mode, set the trainingMode parameter to false before checking in
Warning: '.BooleanSwitch_RegressionTest_WrongTrainingValues.Test' is in training mode, set the trainingMode parameter to false before checking in
Warning: '.BooleanSwitch_RegressionTest_WrongTrainingValues.Test2' is in training mode, set the trainingMode parameter to false before checking in
Warning: '.BooleanSwitch_RegressionTest_WrongTrainingValues.Test2' The test produced 0 tokens.
Warning: '.top.testExceptionHandler' is in training mode, set the trainingMode parameter to false before checking in
java.lang.RuntimeException: Execution failed
	at ptolemy.moml.MoMLSimpleApplication$UnloadThread.run(MoMLSimpleApplication.java:402)
Caused by: ptolemy.kernel.util.IllegalActionException: PublisherPorts cannot be used at the top level, use a Publisher actor instead.
  in .PublisherPortToplevelSubscriber.PublisherPort
	at ptolemy.actor.PublisherPort.preinitialize(PublisherPort.java:403)
	at ptolemy.actor.CompositeActor.preinitialize(CompositeActor.java:1769)
	at ptolemy.actor.Manager.preinitializeAndResolveTypes(Manager.java:1040)
	at ptolemy.actor.Manager.initialize(Manager.java:710)
	at ptolemy.actor.Manager.execute(Manager.java:356)
	at ptolemy.actor.Manager.run(Manager.java:1263)
	at ptolemy.actor.Manager$PtolemyRunThread.run(Manager.java:1933)
java.lang.reflect.InvocationTargetException
	at java.base/jdk.internal.reflect.NativeConstructorAccessorImpl.newInstance0(Native Method)
	at java.base/jdk.internal.reflect.NativeConstructorAccessorImpl.newInstance(NativeConstructorAccessorImpl.java:62)
	at java.base/jdk.internal.reflect.DelegatingConstructorAccessorImpl.newInstance(DelegatingConstructorAccessorImpl.java:45)
	at java.base/java.lang.reflect.Constructor.newInstance(Constructor.java:490)
	at ptolemy.util.test.junit.AutoKnownFailedTests.RunModel(AutoKnownFailedTests.java:105)
	at java.base/jdk.internal.reflect.NativeMethodAccessorImpl.invoke0(Native Method)
	at java.base/jdk.internal.reflect.NativeMethodAccessorImpl.invoke(NativeMethodAccessorImpl.java:62)
	at java.base/jdk.internal.reflect.DelegatingMethodAccessorImpl.invoke(DelegatingMethodAccessorImpl.java:43)
	at java.base/java.lang.reflect.Method.invoke(Method.java:566)
	at org.junit.runners.model.FrameworkMethod$1.runReflectiveCall(FrameworkMethod.java:44)
	at org.junit.internal.runners.model.ReflectiveCallable.run(ReflectiveCallable.java:15)
	at org.junit.runners.model.FrameworkMethod.invokeExplosively(FrameworkMethod.java:41)
	at junitparams.internal.InvokeParameterisedMethod.evaluate(InvokeParameterisedMethod.java:102)
	at org.junit.internal.runners.statements.FailOnTimeout$1.run(FailOnTimeout.java:28)
Caused by: ptolemy.kernel.util.IllegalActionException: PublisherPorts cannot be used at the top level, use a Publisher actor instead.
  in .PublisherPortToplevelSubscriber.PublisherPort
	at ptolemy.actor.PublisherPort.preinitialize(PublisherPort.java:403)
	at ptolemy.actor.CompositeActor.preinitialize(CompositeActor.java:1769)
	at ptolemy.actor.Manager.preinitializeAndResolveTypes(Manager.java:1040)
	at ptolemy.actor.Manager.initialize(Manager.java:710)
	at ptolemy.actor.Manager.execute(Manager.java:356)
	at ptolemy.actor.Manager.run(Manager.java:1263)
	at ptolemy.actor.Manager$PtolemyRunThread.run(Manager.java:1933)
java.lang.RuntimeException: Execution failed
	at ptolemy.moml.MoMLSimpleApplication$UnloadThread.run(MoMLSimpleApplication.java:402)
Caused by: ptolemy.kernel.util.IllegalActionException: SubscriberPorts cannot be used at the top level, use a Subscriber actor instead.
  in .PublisherSubscriberPortToplevel.SubscriberPort
	at ptolemy.actor.SubscriberPort.preinitialize(SubscriberPort.java:328)
	at ptolemy.actor.CompositeActor.preinitialize(CompositeActor.java:1769)
	at ptolemy.actor.Manager.preinitializeAndResolveTypes(Manager.java:1040)
	at ptolemy.actor.Manager.initialize(Manager.java:710)
	at ptolemy.actor.Manager.execute(Manager.java:356)
	at ptolemy.actor.Manager.run(Manager.java:1263)
	at ptolemy.actor.Manager$PtolemyRunThread.run(Manager.java:1933)
java.lang.reflect.InvocationTargetException
	at java.base/jdk.internal.reflect.NativeConstructorAccessorImpl.newInstance0(Native Method)
	at java.base/jdk.internal.reflect.NativeConstructorAccessorImpl.newInstance(NativeConstructorAccessorImpl.java:62)
	at java.base/jdk.internal.reflect.DelegatingConstructorAccessorImpl.newInstance(DelegatingConstructorAccessorImpl.java:45)
	at java.base/java.lang.reflect.Constructor.newInstance(Constructor.java:490)
	at ptolemy.util.test.junit.AutoKnownFailedTests.RunModel(AutoKnownFailedTests.java:105)
	at java.base/jdk.internal.reflect.NativeMethodAccessorImpl.invoke0(Native Method)
	at java.base/jdk.internal.reflect.NativeMethodAccessorImpl.invoke(NativeMethodAccessorImpl.java:62)
	at java.base/jdk.internal.reflect.DelegatingMethodAccessorImpl.invoke(DelegatingMethodAccessorImpl.java:43)
	at java.base/java.lang.reflect.Method.invoke(Method.java:566)
	at org.junit.runners.model.FrameworkMethod$1.runReflectiveCall(FrameworkMethod.java:44)
	at org.junit.internal.runners.model.ReflectiveCallable.run(ReflectiveCallable.java:15)
	at org.junit.runners.model.FrameworkMethod.invokeExplosively(FrameworkMethod.java:41)
	at junitparams.internal.InvokeParameterisedMethod.evaluate(InvokeParameterisedMethod.java:102)
	at org.junit.internal.runners.statements.FailOnTimeout$1.run(FailOnTimeout.java:28)
Caused by: ptolemy.kernel.util.IllegalActionException: SubscriberPorts cannot be used at the top level, use a Subscriber actor instead.
  in .PublisherSubscriberPortToplevel.SubscriberPort
	at ptolemy.actor.SubscriberPort.preinitialize(SubscriberPort.java:328)
	at ptolemy.actor.CompositeActor.preinitialize(CompositeActor.java:1769)
	at ptolemy.actor.Manager.preinitializeAndResolveTypes(Manager.java:1040)
	at ptolemy.actor.Manager.initialize(Manager.java:710)
	at ptolemy.actor.Manager.execute(Manager.java:356)
	at ptolemy.actor.Manager.run(Manager.java:1263)
	at ptolemy.actor.Manager$PtolemyRunThread.run(Manager.java:1933)
java.lang.RuntimeException: Execution failed
	at ptolemy.moml.MoMLSimpleApplication$UnloadThread.run(MoMLSimpleApplication.java:402)
Caused by: ptolemy.kernel.util.IllegalActionException: SubscriptionAggregatorPorts cannot be used at the top level, use a SubscriptionAggregator actor instead.
  in .PublisherSubscriptionAggregatorPort.SubscriptionAggregatorPort
	at ptolemy.actor.SubscriptionAggregatorPort.preinitialize(SubscriptionAggregatorPort.java:353)
	at ptolemy.actor.CompositeActor.preinitialize(CompositeActor.java:1769)
	at ptolemy.actor.Manager.preinitializeAndResolveTypes(Manager.java:1040)
	at ptolemy.actor.Manager.initialize(Manager.java:710)
	at ptolemy.actor.Manager.execute(Manager.java:356)
	at ptolemy.actor.Manager.run(Manager.java:1263)
	at ptolemy.actor.Manager$PtolemyRunThread.run(Manager.java:1933)
java.lang.reflect.InvocationTargetException
	at java.base/jdk.internal.reflect.NativeConstructorAccessorImpl.newInstance0(Native Method)
	at java.base/jdk.internal.reflect.NativeConstructorAccessorImpl.newInstance(NativeConstructorAccessorImpl.java:62)
	at java.base/jdk.internal.reflect.DelegatingConstructorAccessorImpl.newInstance(DelegatingConstructorAccessorImpl.java:45)
	at java.base/java.lang.reflect.Constructor.newInstance(Constructor.java:490)
	at ptolemy.util.test.junit.AutoKnownFailedTests.RunModel(AutoKnownFailedTests.java:105)
	at java.base/jdk.internal.reflect.NativeMethodAccessorImpl.invoke0(Native Method)
	at java.base/jdk.internal.reflect.NativeMethodAccessorImpl.invoke(NativeMethodAccessorImpl.java:62)
	at java.base/jdk.internal.reflect.DelegatingMethodAccessorImpl.invoke(DelegatingMethodAccessorImpl.java:43)
	at java.base/java.lang.reflect.Method.invoke(Method.java:566)
	at org.junit.runners.model.FrameworkMethod$1.runReflectiveCall(FrameworkMethod.java:44)
	at org.junit.internal.runners.model.ReflectiveCallable.run(ReflectiveCallable.java:15)
	at org.junit.runners.model.FrameworkMethod.invokeExplosively(FrameworkMethod.java:41)
	at junitparams.internal.InvokeParameterisedMethod.evaluate(InvokeParameterisedMethod.java:102)
	at org.junit.internal.runners.statements.FailOnTimeout$1.run(FailOnTimeout.java:28)
Caused by: ptolemy.kernel.util.IllegalActionException: SubscriptionAggregatorPorts cannot be used at the top level, use a SubscriptionAggregator actor instead.
  in .PublisherSubscriptionAggregatorPort.SubscriptionAggregatorPort
	at ptolemy.actor.SubscriptionAggregatorPort.preinitialize(SubscriptionAggregatorPort.java:353)
	at ptolemy.actor.CompositeActor.preinitialize(CompositeActor.java:1769)
	at ptolemy.actor.Manager.preinitializeAndResolveTypes(Manager.java:1040)
	at ptolemy.actor.Manager.initialize(Manager.java:710)
	at ptolemy.actor.Manager.execute(Manager.java:356)
	at ptolemy.actor.Manager.run(Manager.java:1263)
	at ptolemy.actor.Manager$PtolemyRunThread.run(Manager.java:1933)
java.lang.RuntimeException: Execution failed
	at ptolemy.moml.MoMLSimpleApplication$UnloadThread.run(MoMLSimpleApplication.java:402)
Caused by: ptolemy.kernel.util.IllegalActionException: TypeTest actor has no training data.
  in .sizedarray3.TypeTest
	at ptolemy.actor.lib.TypeTest.initialize(TypeTest.java:250)
	at ptolemy.actor.Director.initialize(Director.java:938)
	at ptolemy.actor.Director.initialize(Director.java:907)
	at ptolemy.actor.sched.StaticSchedulingDirector.initialize(StaticSchedulingDirector.java:159)
	at ptolemy.domains.sdf.kernel.SDFDirector.initialize(SDFDirector.java:544)
	at ptolemy.actor.CompositeActor.initialize(CompositeActor.java:935)
	at ptolemy.actor.Manager.initialize(Manager.java:724)
	at ptolemy.actor.Manager.execute(Manager.java:356)
	at ptolemy.actor.Manager.run(Manager.java:1263)
	at ptolemy.actor.Manager$PtolemyRunThread.run(Manager.java:1933)
java.lang.reflect.InvocationTargetException
	at java.base/jdk.internal.reflect.NativeConstructorAccessorImpl.newInstance0(Native Method)
	at java.base/jdk.internal.reflect.NativeConstructorAccessorImpl.newInstance(NativeConstructorAccessorImpl.java:62)
	at java.base/jdk.internal.reflect.DelegatingConstructorAccessorImpl.newInstance(DelegatingConstructorAccessorImpl.java:45)
	at java.base/java.lang.reflect.Constructor.newInstance(Constructor.java:490)
	at ptolemy.util.test.junit.AutoKnownFailedTests.RunModel(AutoKnownFailedTests.java:105)
	at java.base/jdk.internal.reflect.NativeMethodAccessorImpl.invoke0(Native Method)
	at java.base/jdk.internal.reflect.NativeMethodAccessorImpl.invoke(NativeMethodAccessorImpl.java:62)
	at java.base/jdk.internal.reflect.DelegatingMethodAccessorImpl.invoke(DelegatingMethodAccessorImpl.java:43)
	at java.base/java.lang.reflect.Method.invoke(Method.java:566)
	at org.junit.runners.model.FrameworkMethod$1.runReflectiveCall(FrameworkMethod.java:44)
	at org.junit.internal.runners.model.ReflectiveCallable.run(ReflectiveCallable.java:15)
	at org.junit.runners.model.FrameworkMethod.invokeExplosively(FrameworkMethod.java:41)
	at junitparams.internal.InvokeParameterisedMethod.evaluate(InvokeParameterisedMethod.java:102)
	at org.junit.internal.runners.statements.FailOnTimeout$1.run(FailOnTimeout.java:28)
Caused by: ptolemy.kernel.util.IllegalActionException: TypeTest actor has no training data.
  in .sizedarray3.TypeTest
	at ptolemy.actor.lib.TypeTest.initialize(TypeTest.java:250)
	at ptolemy.actor.Director.initialize(Director.java:938)
	at ptolemy.actor.Director.initialize(Director.java:907)
	at ptolemy.actor.sched.StaticSchedulingDirector.initialize(StaticSchedulingDirector.java:159)
	at ptolemy.domains.sdf.kernel.SDFDirector.initialize(SDFDirector.java:544)
	at ptolemy.actor.CompositeActor.initialize(CompositeActor.java:935)
	at ptolemy.actor.Manager.initialize(Manager.java:724)
	at ptolemy.actor.Manager.execute(Manager.java:356)
	at ptolemy.actor.Manager.run(Manager.java:1263)
	at ptolemy.actor.Manager$PtolemyRunThread.run(Manager.java:1933)
]]></system-err>
</testsuite>
