<?xml version="1.0" encoding="UTF-8" ?>
<testsuite errors="0" failures="0" hostname="travis-job-8d9ab846-4620-4d22-a945-aa1603f420ae" name="ptolemy.actor.lib.test.junit.JUnitTclTest" skipped="0" tests="517" time="61.23" timestamp="2020-03-10T07:19:50">
  <properties>
    <property name="npm.executable" value="npm" />
    <property name="env.TRAVIS_ROOT" value="/" />
    <property name="ptII.mk.exists" value="true" />
    <property name="env.TRAVIS_APP_HOST" value="build.travis-ci.org" />
    <property name="env.rvm_bin_path" value="/home/travis/.rvm/bin" />
    <property name="java.home" value="/usr/local/lib/jvm/openjdk11" />
    <property name="env.TRAVIS_JOB_NUMBER" value="1565.8" />
    <property name="env.TRAVIS_HOME" value="/home/travis" />
    <property name="env.DISPLAY" value=":99.0" />
    <property name="env.TRAVIS_INIT" value="systemd" />
    <property name="env.SSH_TTY" value="/dev/pts/0" />
    <property name="java.net.preferIPv4Stack" value="true" />
    <property name="env.RUN_TESTS" value="true" />
    <property name="timeout.short" value="1000000" />
    <property name="junit.formatter" value="xml" />
    <property name="env.TRAVIS_SUDO" value="true" />
    <property name="env.TRAVIS_JOB_NAME" value="" />
    <property name="env.TRAVIS_STACK_NODE_ATTRIBUTES" value="/.node-attributes.yml" />
    <property name="env.LOGNAME" value="travis" />
    <property name="env.PT_TRAVIS_TEST_CORE1_XML" value="true" />
    <property name="jsdoc.home" value="node_modules/@terraswarm/jsdoc" />
    <property name="debuglevel" value="source,lines,vars" />
    <property name="checkstyle.formatter" value="xml" />
    <property name="env._system_version" value="16.04" />
    <property name="bin.vergil.makeable" value="true" />
    <property name="sun.os.patch.level" value="unknown" />
    <property name="java.vendor.url" value="http://java.oracle.com/" />
    <property name="env.TRAVIS_BUILD_WEB_URL" value="https://travis-ci.org/icyphy/ptII/builds/660490257" />
    <property name="java.version" value="11.0.2" />
    <property name="env.TZ" value="UTC" />
    <property name="env.TRAVIS_PULL_REQUEST_SHA" value="" />
    <property name="env.PT_NO_NET" value="true" />
    <property name="env.TRAVIS_SECURE_ENV_VARS" value="true" />
    <property name="env._system_type" value="Linux" />
    <property name="java.vendor.url.bug" value="http://bugreport.java.com/bugreport/" />
    <property name="npmjs-org-is-up" value="true" />
    <property name="env.LANGUAGE" value="en_US.UTF-8" />
    <property name="env.SSH_CLIENT" value="10.52.3.14 43704 22" />
    <property name="env.GEM_HOME" value="/home/travis/.rvm/gems/ruby-2.5.3" />
    <property name="env.HAS_ANTARES_THREE_LITTLE_FRONZIES_BADGE" value="true" />
    <property name="java.version.date" value="2019-01-15" />
    <property name="env.PS4" value="+" />
    <property name="ant.project.invoked-targets" value="build,test.core1.xml" />
    <property name="env.TRAVIS_PULL_REQUEST_BRANCH" value="" />
    <property name="env.TRAVIS_REPO_SLUG" value="icyphy/ptII" />
    <property name="env.XDG_DATA_DIRS" value="/usr/local/share:/usr/share:/var/lib/snapd/desktop" />
    <property name="jdk.debug" value="release" />
    <property name="env.TRAVIS_APT_PROXY" value="http://build-cache.travisci.net" />
    <property name="env.TRAVIS_CPU_ARCH" value="amd64" />
    <property name="node.in.path" value="true" />
    <property name="user.name" value="travis" />
    <property name="java.maxmemory" value="1400m" />
    <property name="env.RUBY_VERSION" value="ruby-2.5.3" />
    <property name="env.LANG" value="en_US.UTF-8" />
    <property name="sun.io.unicode.encoding" value="UnicodeLittle" />
    <property name="sun.jnu.encoding" value="UTF-8" />
    <property name="java.runtime.name" value="OpenJDK Runtime Environment" />
    <property name="usefile" value="false" />
    <property name="return.code" value="0" />
    <property name="junit.single.formatter" value="plain" />
    <property name="env.DYLD_LIBRARY_PATH" value="/home/travis/pthla/certi-tools/lib:" />
    <property name="env.DEBIAN_FRONTEND" value="noninteractive" />
    <property name="env.SSH_CONNECTION" value="10.52.3.14 43704 10.20.0.202 22" />
    <property name="env.MYSQL_UNIX_PORT" value="/var/run/mysqld/mysqld.sock" />
    <property name="env.LC_ALL" value="en_US.UTF-8" />
    <property name="env.TRAVIS_ALLOW_FAILURE" value="false" />
    <property name="env.TRAVIS_JOB_WEB_URL" value="https://travis-ci.org/icyphy/ptII/jobs/660490265" />
    <property name="java.specification.name" value="Java Platform API Specification" />
    <property name="node.works" value="true" />
    <property name="user.timezone" value="" />
    <property name="path.separator" value=":" />
    <property name="env.TRAVIS_ENABLE_INFRA_DETECTION" value="true" />
    <property name="env.PYTHON_CFLAGS" value="-g -fstack-protector --param=ssp-buffer-size=4 -Wformat -Werror=format-security" />
    <property name="timeout.long" value="4000000" />
    <property name="env.CERTI_HOME" value="/home/travis/pthla/certi-tools" />
    <property name="ant.file.ptII" value="/home/travis/build/icyphy/ptII/build.xml" />
    <property name="javadoc.packagenames" value="com.*,diva.*,lbnl.*,org.hlacerti.*,org.json.*,org.ptolemy.*,org.terraswarm.*,ptolemy.*,ptserver.*" />
    <property name="file.encoding" value="UTF-8" />
    <property name="env.TRAVIS_PULL_REQUEST_SLUG" value="" />
    <property name="ant.project.default-target" value="build" />
    <property name="env.GIT_ASKPASS" value="echo" />
    <property name="env.HOME" value="/home/travis" />
    <property name="sun.java.command" value="org.apache.tools.ant.taskdefs.optional.junit.JUnitTestRunner ptolemy.actor.lib.test.junit.JUnitTclTest skipNonTests=false filtertrace=true haltOnError=false haltOnFailure=false formatter=org.apache.tools.ant.taskdefs.optional.junit.OutErrSummaryJUnitResultFormatter showoutput=true outputtoformatters=true logfailedtests=true threadid=0 logtestlistenerevents=false formatter=org.apache.tools.ant.taskdefs.optional.junit.XMLJUnitResultFormatter,/home/travis/build/icyphy/ptII/reports/junit/TEST-ptolemy.actor.lib.test.junit.JUnitTclTest.xml crashfile=/home/travis/build/icyphy/ptII/junitvmwatcher14736235227642723428.properties propsfile=/home/travis/build/icyphy/ptII/junit8763266222394560166.properties" />
    <property name="env.COMPOSER_NO_INTERACTION" value="1" />
    <property name="env.MANPATH" value="/home/travis/.nvm/versions/node/v7.10.1/share/man:/home/travis/.rvm/rubies/ruby-2.5.3/share/man:/usr/local/cmake-3.12.4/man:/usr/local/clang-7.0.0/share/man:/usr/local/man:/usr/local/share/man:/usr/share/man:/home/travis/.rvm/man" />
    <property name="env.TRAVIS_TIMER_ID" value="00436d6d" />
    <property name="ant.file" value="/home/travis/build/icyphy/ptII/build.xml" />
    <property name="env.TRAVIS_COMMIT_RANGE" value="b0b7595e7e282c72b49bdde78eb77cb938632839...3e950cfe0f3c004454147d0a7dfedd7f8d8e77cc" />
    <property name="env._system_name" value="Ubuntu" />
    <property name="ptII.classpath.optional.property" value="/home/travis/build/icyphy/ptII/lib/bsh-2.0b4.jar:/home/travis/build/icyphy/ptII/lib/ptCal.jar:/home/travis/build/icyphy/ptII/lib/java_cup.jar:/home/travis/build/icyphy/ptII/lib/saxon8.jar:/home/travis/build/icyphy/ptII/lib/saxon8-dom.jar:/home/travis/build/icyphy/ptII/lib/chic.jar:/home/travis/build/icyphy/ptII/lib/ptcolt.jar:/home/travis/build/icyphy/ptII/vendors/misc/itext/iText.jar:/home/travis/build/icyphy/ptII/lib/g4ltl.jar:/home/travis/build/icyphy/ptII/lib/StructuralCoder.jar:/home/travis/build/icyphy/ptII/lib/jcerti.jar:/home/travis/build/icyphy/ptII/lib/javax.mail.jar:/home/travis/build/icyphy/ptII/vendors/JMF-2.1.1e/lib/jmf.jar:/home/travis/build/icyphy/ptII/lib/jna-4.0.0-variadic.jar:/home/travis/build/icyphy/ptII/vendors/misc/joystick/Joystick.jar:/home/travis/build/icyphy/ptII/lib/ptjacl.jar:/home/travis/build/icyphy/ptII/lib/jsoup-1.8.2.jar:/home/travis/build/icyphy/ptII/lib/junit-4.8.2.jar:/home/travis/build/icyphy/ptII/lib/JUnitParams-0.4.0.jar:/home/travis/build/icyphy/ptII/ptolemy/actor/lib/excel/jxl.jar:/home/travis/build/icyphy/ptII/lib/jython.jar:/home/travis/build/icyphy/ptII/lib/kieler.jar:/home/travis/build/icyphy/ptII/vendors/opencv/share/OpenCV/java/opencv-341.jar:/home/travis/build/icyphy/ptII/lib/oscP5.jar:/home/travis/build/icyphy/ptII/lib/nrjavaserial-3.11.0.devel.jar:/home/travis/build/icyphy/ptII/vendors/j3d/lib/Linux/j3dcore.jar:/home/travis/build/icyphy/ptII/vendors/j3d/lib/Linux/j3dutils.jar:/home/travis/build/icyphy/ptII/vendors/j3d/lib/Linux/vecmath.jar:/home/travis/build/icyphy/ptII/vendors/jogl/lib/Linux/gluegen-rt-natives-linux-amd64.jar:/home/travis/build/icyphy/ptII/vendors/jogl/lib/Linux/gluegen-rt.jar:/home/travis/build/icyphy/ptII/vendors/jogl/lib/Linux/jogl-all-natives-linux-amd64.jar:/home/travis/build/icyphy/ptII/vendors/jogl/lib/Linux/jogl-all.jar:/home/travis/build/icyphy/ptII/ptolemy/distributed/jini/jar/jini-core.jar:/home/travis/build/icyphy/ptII/ptolemy/distributed/jini/jar/jini-ext.jar:/home/travis/build/icyphy/ptII/ptolemy/distributed/jini/jar/sun-util.jar:/home/travis/build/icyphy/ptII/lib/protobuf-java-2.4.1.jar:/home/travis/build/icyphy/ptII/lib/org.eclipse.paho.client.mqttv3.jar:/home/travis/build/icyphy/ptII/lib/mapss.jar:/home/travis/build/icyphy/ptII/ptolemy/actor/ptalon/antlr/antlr.jar:/home/travis/build/icyphy/ptII/lib/JRI.jar:/home/travis/build/icyphy/ptII/lib/commons-lang-2.6.jar:/home/travis/build/icyphy/ptII/lib/commons-logging-1.1.1.jar:/home/travis/build/icyphy/ptII/lib/sootclasses.jar:/home/travis/build/icyphy/ptII/ptolemy/actor/lib/database/mysql-connector-java-5.1.6-bin.jar:/home/travis/build/icyphy/ptII/vendors/misc/sphinx4/sphinx4-data-5prealpha.jar:/home/travis/build/icyphy/ptII/vendors/misc/sphinx4/sphinx4-core-5prealpha.jar:/home/travis/build/icyphy/ptII/lib/PDFRenderer.jar:/home/travis/build/icyphy/ptII/lib/svgSalamander.jar:/home/travis/build/icyphy/ptII/lib/rsyntaxtextarea-2.6.0-SNAPSHOT.jar:/home/travis/build/icyphy/ptII/lib/hazelcast-3.8.2.jar:/home/travis/build/icyphy/ptII/lib/jackson-annotations-2.9.0.jar:/home/travis/build/icyphy/ptII/lib/jackson-core-2.9.3.jar:/home/travis/build/icyphy/ptII/lib/jackson-databind-2.9.3.jar:/home/travis/build/icyphy/ptII/lib/netty-buffer-4.1.19.Final.jar:/home/travis/build/icyphy/ptII/lib/netty-codec-4.1.19.Final.jar:/home/travis/build/icyphy/ptII/lib/netty-codec-dns-4.1.19.Final.jar:/home/travis/build/icyphy/ptII/lib/netty-codec-http-4.1.19.Final.jar:/home/travis/build/icyphy/ptII/lib/netty-codec-http2-4.1.19.Final.jar:/home/travis/build/icyphy/ptII/lib/netty-common-4.1.19.Final.jar:/home/travis/build/icyphy/ptII/lib/netty-handler-4.1.19.Final.jar:/home/travis/build/icyphy/ptII/lib/netty-resolver-4.1.19.Final.jar:/home/travis/build/icyphy/ptII/lib/netty-resolver-dns-4.1.19.Final.jar:/home/travis/build/icyphy/ptII/lib/netty-transport-4.1.19.Final.jar:/home/travis/build/icyphy/ptII/lib/vertx-codegen-3.5.1.jar:/home/travis/build/icyphy/ptII/lib/vertx-core-3.5.2-SNAPSHOT.jar:/home/travis/build/icyphy/ptII/lib/vertx-hazelcast-3.5.1.jar:/home/travis/build/icyphy/ptII/lib/vertx-lang-js-3.5.1.jar:/home/travis/build/icyphy/ptII/lib/vertx-service-proxy-3.5.1.jar:/home/travis/build/icyphy/ptII/lib/vertx-web-3.5.1.jar:/home/travis/build/icyphy/ptII/lib/slf4j-api-1.7.13.jar:/home/travis/build/icyphy/ptII/lib/slf4j-simple-1.7.13.jar:/home/travis/build/icyphy/ptII/lib/webcam-capture-0.3.12.jar:/home/travis/build/icyphy/ptII/lib/bridj-0.7.0.jar:/home/travis/build/icyphy/ptII/lib/xbjlib-1.1.0.nrjavaserial.jar" />
    <property name="timeout" value="2400000" />
    <property name="test.batch" value="**/junit/*.java" />
    <property name="env._" value="/usr/bin/timeout" />
    <property name="java.io.tmpdir" value="/tmp" />
    <property name="user.language" value="en" />
    <property name="env.TRAVIS_INTERNAL_RUBY_REGEX" value="^ruby-(2\.[0-4]\.[0-9]|1\.9\.3)" />
    <property name="env.HISTCONTROL" value="ignoredups:ignorespace" />
    <property name="env.GOROOT" value="/home/travis/.gimme/versions/go1.11.1.linux.amd64" />
    <property name="line.separator" value="&#xa;" />
    <property name="target" value="11" />
    <property name="env.TRAVIS_BUILD_DIR" value="/home/travis/build/icyphy/ptII" />
    <property name="env.ANT_OPTS" value="-Xmx2048m" />
    <property name="ant.file.type" value="file" />
    <property name="ptolemy.ptII.batchMode" value="true" />
    <property name="env.HISTSIZE" value="1000" />
    <property name="env.MERB_ENV" value="test" />
    <property name="java.vm.info" value="mixed mode" />
    <property name="source" value="11" />
    <property name="java.vm.specification.name" value="Java Virtual Machine Specification" />
    <property name="env.TRAVIS_TEST_RESULT" value="0" />
    <property name="jsdoc.command" value="node_modules/@terraswarm/jsdoc/jsdoc.js" />
    <property name="npm.works" value="true" />
    <property name="cobertura.dir" value="/home/travis/build/icyphy/ptII/vendors/cobertura-2.0.3" />
    <property name="jsdoc.command.exists" value="true" />
    <property name="env.rvm_path" value="/home/travis/.rvm" />
    <property name="env.GEM_PATH" value="/home/travis/.rvm/gems/ruby-2.5.3:/home/travis/.rvm/gems/ruby-2.5.3@global" />
    <property name="env.LC_CTYPE" value="en_US.UTF-8" />
    <property name="env.TRAVIS_CMD" value="$PTII/bin/ptIITravisBuild.sh $SECONDS" />
    <property name="java.awt.printerjob" value="sun.print.PSPrinterJob" />
    <property name="env.TRAVIS_STACK_NAME" value="sardonyx" />
    <property name="env.TRAVIS_TIMER_START_TIME" value="1583824176347332647" />
    <property name="ant.version" value="Apache Ant(TM) version 1.10.1 compiled on February 2 2017" />
    <property name="ptII.reports" value="/home/travis/build/icyphy/ptII/reports" />
    <property name="env.TRAVIS_STACK_TIMESTAMP" value="2019-03-25 16:16:56 UTC" />
    <property name="ant.file.type.ptII" value="file" />
    <property name="env.RBENV_SHELL" value="bash" />
    <property name="os.name" value="Linux" />
    <property name="java.specification.vendor" value="Oracle Corporation" />
    <property name="env.rvm_version" value="1.29.7 (latest)" />
    <property name="env.TRAVIS_INFRA" value="unknown" />
    <property name="env.TERM" value="xterm" />
    <property name="java.vm.name" value="OpenJDK 64-Bit Server VM" />
    <property name="env.TRAVIS_BUILD_NUMBER" value="1565" />
    <property name="env.CI" value="true" />
    <property name="java.library.path" value="/home/travis/pthla/certi-tools/lib:/usr/lib/jni:/usr/local/share/OpenCV/java/:/usr/share/OpenCV/java::/usr/java/packages/lib:/usr/lib64:/lib64:/lib:/usr/lib" />
    <property name="jdk.module.path" value="/home/travis/build/icyphy/ptII/vendors/javafx/javafx-sdk-11.0.2/lib:" />
    <property name="env.rvm_prefix" value="/home/travis" />
    <property name="env.PATH" value="/home/travis/pthla/certi-tools/share/scripts:/home/travis/.rvm/gems/ruby-2.5.3/bin:/home/travis/.rvm/gems/ruby-2.5.3@global/bin:/home/travis/.rvm/rubies/ruby-2.5.3/bin:/home/travis/.rvm/bin:/home/travis/.nvm/versions/node/v7.10.1/bin:./node_modules/.bin:/home/travis/build/icyphy/ptII/bin:/home/travis/pthla/certi-tools/bin:/home/travis/bin:/home/travis/.local/bin:/usr/local/lib/jvm/openjdk11/bin:/opt/pyenv/shims:/home/travis/.phpenv/shims:/home/travis/perl5/perlbrew/bin:/home/travis/gopath/bin:/home/travis/.gimme/versions/go1.11.1.linux.amd64/bin:/usr/local/maven-3.6.0/bin:/usr/local/cmake-3.12.4/bin:/usr/local/clang-7.0.0/bin:/usr/local/sbin:/usr/local/bin:/usr/sbin:/usr/bin:/sbin:/bin:/snap/bin:/home/travis/.phpenv/bin:/opt/pyenv/bin:/home/travis/.yarn/bin" />
    <property name="env.TRAVIS_OS_NAME" value="linux" />
    <property name="ant.java.version" value="9" />
    <property name="basedir" value="/home/travis/build/icyphy/ptII" />
    <property name="java.class.version" value="55.0" />
    <property name="env.SHLVL" value="3" />
    <property name="env.LD_LIBRARY_PATH" value="/home/travis/pthla/certi-tools/lib:/usr/lib/jni:/usr/local/share/OpenCV/java/:/usr/share/OpenCV/java:" />
    <property name="env.RACK_ENV" value="test" />
    <property name="ant.home" value="/home/travis/build/icyphy/ptII/ant" />
    <property name="env.NVM_DIR" value="/home/travis/.nvm" />
    <property name="env.CERTI_FOM_PATH" value="/home/travis/pthla/certi-tools/share/federations" />
    <property name="env.TRAVIS_BUILD_ID" value="660490257" />
    <property name="env.PYENV_ROOT" value="/opt/pyenv" />
    <property name="env.TRAVIS_UID" value="2000" />
    <property name="prism.verbose" value="true" />
    <property name="env.NVM_BIN" value="/home/travis/.nvm/versions/node/v7.10.1/bin" />
    <property name="env.TRAVIS_COMMIT" value="3e950cfe0f3c004454147d0a7dfedd7f8d8e77cc" />
    <property name="env._system_arch" value="x86_64" />
    <property name="node.executable" value="node" />
    <property name="sun.boot.library.path" value="/usr/local/lib/jvm/openjdk11/lib" />
    <property name="sun.management.compiler" value="HotSpot 64-Bit Tiered Compilers" />
    <property name="java.awt.graphicsenv" value="sun.awt.X11GraphicsEnvironment" />
    <property name="env.GOPATH" value="/home/travis/gopath" />
    <property name="ptolemy.ptII.dir" value="/home/travis/build/icyphy/ptII" />
    <property name="env.USER" value="travis" />
    <property name="env.HISTFILESIZE" value="2000" />
    <property name="env.NVM_INC" value="/home/travis/.nvm/versions/node/v7.10.1/include/node" />
    <property name="timeout.longest" value="19000000" />
    <property name="env.PERLBREW_SHELLRC_VERSION" value="0.86" />
    <property name="env.TRAVIS_STACK_FEATURES" value="basic couchdb disabled-ipv6 docker docker-compose elasticsearch firefox go-toolchain google-chrome jdk memcached mongodb mysql nodejs_interpreter perl_interpreter perlbrew phantomjs postgresql python_interpreter redis ruby_interpreter sqlite xserver" />
    <property name="env.TRAVIS_PULL_REQUEST" value="false" />
    <property name="env.PYENV_SHELL" value="bash" />
    <property name="ant.project.name" value="ptII" />
    <property name="env.ANSI_RESET" value="\033[0m" />
    <property name="java.vm.specification.version" value="11" />
    <property name="env.TRAVIS_DIST" value="xenial" />
    <property name="env.CERTI_VERSION" value="4.0.0" />
    <property name="env.CERTI_HOST" value="localhost" />
    <property name="awt.toolkit" value="sun.awt.X11.XToolkit" />
    <property name="env.MY_RUBY_HOME" value="/home/travis/.rvm/rubies/ruby-2.5.3" />
    <property name="sun.cpu.isalist" value="" />
    <property name="env.TRAVIS_TMPDIR" value="/tmp/tmp.LV9ncDddkB" />
    <property name="java.vm.compressedOopsMode" value="Zero based" />
    <property name="os.version" value="4.15.0-1028-gcp" />
    <property name="user.home" value="/home/travis" />
    <property name="java.vm.vendor" value="Oracle Corporation" />
    <property name="env.TRAVIS_TAG" value="nightly" />
    <property name="env.ANSI_YELLOW" value="\033[33;1m" />
    <property name="env.TRAVIS_FILTERED" value="redirect_io" />
    <property name="env.ANSI_GREEN" value="\033[32;1m" />
    <property name="env.JAVA_HOME" value="/usr/local/lib/jvm/openjdk11" />
    <property name="javadoc.excludepackagenames" value="adm.cvs2svn.*,build.*,config.*,doc.coding.templates.*,jni.test.jni.meaningOfLife.*,jni.test.jni.testDeux.*,jni.test.jni.testTrois.*,org.terraswarm.accessor.accessors.web.node_modules.*,org.terraswarm.accessor.accessors.web.hosts.cordova.demo.*,org.terraswarm.accessor.accessors.web.hosts.cordova.plugins.*,org.terraswarm.accessor.accessors-svn.*,pt-modules.*,ptolemy.apps.agilent.*,ptolemy.apps.anytimecontrol.*,ptolemy.apps.apes.*,ptolemy.apps.charon.*,ptolemy.apps.crazyboard.*,ptolemy.apps.eclipse.*,ptolemy.apps.etherealSting.*,ptolemy.apps.fullscreen.*,ptolemy.apps.giotto.*,ptolemy.apps.ia.*,ptolemy.apps.interfaces.*,ptolemy.apps.jmf.*,ptolemy.apps.kurt.*,ptolemy.apps.kvm.*,ptolemy.apps.lego.*,ptolemy.apps.lejos.*,ptolemy.apps.midp.*,ptolemy.apps.mobileCoding.*,ptolemy.apps.pendulum.*,ptolemy.apps.rijndael.*,ptolemy.apps.robot.*,ptolemy.apps.security.*,ptolemy.apps.sobel.*,ptolemy.apps.soot.*,ptolemy.apps.throttle.*,ptolemy.apps.tini.*,ptolemy.apps.transmission.*,ptolemy.apps.vergil.*,ptolemy.apps.waba.*,ptolemy.apps.websensor.*,ptolemy.apps.webstart.*,ptolemy.apps.xsl.*,ptolemy.apps.zaurus.*,ptolemy.codegen.c.actor.lib.oldJavaFiles.*,ptolemy.codegen.dsp.lib.*,ptolemy.codegen.kernel.newInterfaces.*,ptolemy.codegen.lib.*,ptolemy.copernicus.kernel.fragment.*,ptolemy.copernicus.shallow.cg.*,ptolemy.domains.giotto.demo.Hierarchy.Hierarchy.*,ptolemy.domains.giotto.demo.Multimode.Multimode.*,ptolemy.domains.giotto.demo.Simple.Simple.*,ptolemy.domains.gr.lib.experimental.*,ptolemy.domains.gro.*,ptolemy.domains.pdf.*,ptolemy.domains.ptinyos.demo.Surge.output.*,ptolemy.moml.test.NoPackageActor.java*,ptolemy.plot.adm.*,ptolemy.plot.servlet.*,reports.*,signed.*,src.*,target.*,vendors.*,ptolemy.copernicus.applet.*,ptolemy.media.viewer.*,ptolemy.actor.corba.*,doc.doclets.*,ptolemy.apps.eclipse.awt.*,ptolemy.backtrack.*,ptolemy.backtrack.ast.*,ptolemy.cg.adapter.generic.program.procedural.c.mbed*,ptolemy.homer.*,ptolemy.actor.lib.jai.*,org.ptolemy.scala.*,diva.util.java2d.svg.*,ptolemy.domains.ptinyos.*,ptolemy.actor.lib.fmi.fmipp.*,,org.terraswarm.accessor.accessors.web.node_modules.*,org.terraswarm.accessor.accessors-svn,ptolemy.apps.*,ptolemy.actor.ptalon.demo.ptinyos.SendAndReceiveCnt.output,ptolemy.actor.ptalon.demo.ptinyos.SenseToLeds.output,ptolemy.domains.ptinyos.demo.CntToLedsAndRfm.output,ptolemy.domains.ptinyos.demo.RfmToLeds.output,ptolemy.domains.ptinyos.demo.SendAndReceiveCnt.output,ptolemy.domains.ptinyos.demo.SenseToLeds.output,ptolemy.actor.lib.jjs.modules.udpSocket.*" />
    <property name="env.PTII" value="/home/travis/build/icyphy/ptII" />
    <property name="env.XDG_SESSION_ID" value="2" />
    <property name="keystore" value="ptKeystore" />
    <property name="env.TRAVIS_COMMIT_MESSAGE" value="Removing useless files." />
    <property name="junit.output.dir" value="/home/travis/build/icyphy/ptII/reports/junit" />
    <property name="npm.return.code" value="0" />
    <property name="user.dir" value="/home/travis/build/icyphy/ptII/ptolemy/actor/lib/test" />
    <property name="env.TRAVIS_NODE_VERSION" value="7" />
    <property name="env.TRAVIS_EVENT_TYPE" value="cron" />
    <property name="env.MAIL" value="/var/mail/travis" />
    <property name="env.PERLBREW_ROOT" value="/home/travis/perl5/perlbrew" />
    <property name="env.PWD" value="/home/travis/build/icyphy/ptII" />
    <property name="timeout.npm" value="45000" />
    <property name="env.TRAVIS_ARCH" value="amd64" />
    <property name="sun.cpu.endian" value="little" />
    <property name="env.PAGER" value="cat" />
    <property name="env.TRAVIS_BUILD_STAGE_NAME" value="Test" />
    <property name="env.PERLBREW_HOME" value="/home/travis/.perlbrew" />
    <property name="java.vm.version" value="11.0.2+9" />
    <property name="env.RAILS_ENV" value="test" />
    <property name="java.class.path" value="/home/travis/.ptolemyII:/home/travis/.ptolemyII/*:/home/travis/build/icyphy/ptII:/home/travis/build/icyphy/ptII/lib/bsh-2.0b4.jar:/home/travis/build/icyphy/ptII/lib/ptCal.jar:/home/travis/build/icyphy/ptII/lib/java_cup.jar:/home/travis/build/icyphy/ptII/lib/saxon8.jar:/home/travis/build/icyphy/ptII/lib/saxon8-dom.jar:/home/travis/build/icyphy/ptII/lib/chic.jar:/home/travis/build/icyphy/ptII/lib/ptcolt.jar:/home/travis/build/icyphy/ptII/vendors/misc/itext/iText.jar:/home/travis/build/icyphy/ptII/lib/g4ltl.jar:/home/travis/build/icyphy/ptII/lib/StructuralCoder.jar:/home/travis/build/icyphy/ptII/lib/jcerti.jar:/home/travis/build/icyphy/ptII/lib/javax.mail.jar:/home/travis/build/icyphy/ptII/vendors/JMF-2.1.1e/lib/jmf.jar:/home/travis/build/icyphy/ptII/lib/jna-4.0.0-variadic.jar:/home/travis/build/icyphy/ptII/vendors/misc/joystick/Joystick.jar:/home/travis/build/icyphy/ptII/lib/ptjacl.jar:/home/travis/build/icyphy/ptII/lib/jsoup-1.8.2.jar:/home/travis/build/icyphy/ptII/lib/junit-4.8.2.jar:/home/travis/build/icyphy/ptII/lib/JUnitParams-0.4.0.jar:/home/travis/build/icyphy/ptII/ptolemy/actor/lib/excel/jxl.jar:/home/travis/build/icyphy/ptII/lib/jython.jar:/home/travis/build/icyphy/ptII/lib/kieler.jar:/home/travis/build/icyphy/ptII/vendors/opencv/share/OpenCV/java/opencv-341.jar:/home/travis/build/icyphy/ptII/lib/oscP5.jar:/home/travis/build/icyphy/ptII/lib/nrjavaserial-3.11.0.devel.jar:/home/travis/build/icyphy/ptII/vendors/j3d/lib/Linux/j3dcore.jar:/home/travis/build/icyphy/ptII/vendors/j3d/lib/Linux/j3dutils.jar:/home/travis/build/icyphy/ptII/vendors/j3d/lib/Linux/vecmath.jar:/home/travis/build/icyphy/ptII/vendors/jogl/lib/Linux/gluegen-rt-natives-linux-amd64.jar:/home/travis/build/icyphy/ptII/vendors/jogl/lib/Linux/gluegen-rt.jar:/home/travis/build/icyphy/ptII/vendors/jogl/lib/Linux/jogl-all-natives-linux-amd64.jar:/home/travis/build/icyphy/ptII/vendors/jogl/lib/Linux/jogl-all.jar:/home/travis/build/icyphy/ptII/ptolemy/distributed/jini/jar/jini-core.jar:/home/travis/build/icyphy/ptII/ptolemy/distributed/jini/jar/jini-ext.jar:/home/travis/build/icyphy/ptII/ptolemy/distributed/jini/jar/sun-util.jar:/home/travis/build/icyphy/ptII/lib/protobuf-java-2.4.1.jar:/home/travis/build/icyphy/ptII/lib/org.eclipse.paho.client.mqttv3.jar:/home/travis/build/icyphy/ptII/lib/mapss.jar:/home/travis/build/icyphy/ptII/ptolemy/actor/ptalon/antlr/antlr.jar:/home/travis/build/icyphy/ptII/lib/JRI.jar:/home/travis/build/icyphy/ptII/lib/commons-lang-2.6.jar:/home/travis/build/icyphy/ptII/lib/commons-logging-1.1.1.jar:/home/travis/build/icyphy/ptII/lib/sootclasses.jar:/home/travis/build/icyphy/ptII/ptolemy/actor/lib/database/mysql-connector-java-5.1.6-bin.jar:/home/travis/build/icyphy/ptII/vendors/misc/sphinx4/sphinx4-data-5prealpha.jar:/home/travis/build/icyphy/ptII/vendors/misc/sphinx4/sphinx4-core-5prealpha.jar:/home/travis/build/icyphy/ptII/lib/PDFRenderer.jar:/home/travis/build/icyphy/ptII/lib/svgSalamander.jar:/home/travis/build/icyphy/ptII/lib/rsyntaxtextarea-2.6.0-SNAPSHOT.jar:/home/travis/build/icyphy/ptII/lib/hazelcast-3.8.2.jar:/home/travis/build/icyphy/ptII/lib/jackson-annotations-2.9.0.jar:/home/travis/build/icyphy/ptII/lib/jackson-core-2.9.3.jar:/home/travis/build/icyphy/ptII/lib/jackson-databind-2.9.3.jar:/home/travis/build/icyphy/ptII/lib/netty-buffer-4.1.19.Final.jar:/home/travis/build/icyphy/ptII/lib/netty-codec-4.1.19.Final.jar:/home/travis/build/icyphy/ptII/lib/netty-codec-dns-4.1.19.Final.jar:/home/travis/build/icyphy/ptII/lib/netty-codec-http-4.1.19.Final.jar:/home/travis/build/icyphy/ptII/lib/netty-codec-http2-4.1.19.Final.jar:/home/travis/build/icyphy/ptII/lib/netty-common-4.1.19.Final.jar:/home/travis/build/icyphy/ptII/lib/netty-handler-4.1.19.Final.jar:/home/travis/build/icyphy/ptII/lib/netty-resolver-4.1.19.Final.jar:/home/travis/build/icyphy/ptII/lib/netty-resolver-dns-4.1.19.Final.jar:/home/travis/build/icyphy/ptII/lib/netty-transport-4.1.19.Final.jar:/home/travis/build/icyphy/ptII/lib/vertx-codegen-3.5.1.jar:/home/travis/build/icyphy/ptII/lib/vertx-core-3.5.2-SNAPSHOT.jar:/home/travis/build/icyphy/ptII/lib/vertx-hazelcast-3.5.1.jar:/home/travis/build/icyphy/ptII/lib/vertx-lang-js-3.5.1.jar:/home/travis/build/icyphy/ptII/lib/vertx-service-proxy-3.5.1.jar:/home/travis/build/icyphy/ptII/lib/vertx-web-3.5.1.jar:/home/travis/build/icyphy/ptII/lib/slf4j-api-1.7.13.jar:/home/travis/build/icyphy/ptII/lib/slf4j-simple-1.7.13.jar:/home/travis/build/icyphy/ptII/lib/webcam-capture-0.3.12.jar:/home/travis/build/icyphy/ptII/lib/bridj-0.7.0.jar:/home/travis/build/icyphy/ptII/lib/xbjlib-1.1.0.nrjavaserial.jar:/home/travis/build/icyphy/ptII/ptolemy/moml/test:/home/travis/build/icyphy/ptII/ant/lib/ant-launcher.jar:/home/travis/build/icyphy/ptII/ant/lib/ant.jar:/home/travis/build/icyphy/ptII/ant/lib/ant-junit.jar:/home/travis/build/icyphy/ptII/ant/lib/ant-junit4.jar" />
    <property name="ant.library.dir" value="/home/travis/build/icyphy/ptII/ant/lib" />
    <property name="os.arch" value="amd64" />
    <property name="env.CONTINUOUS_INTEGRATION" value="true" />
    <property name="env.TRAVIS_LANGUAGE" value="node_js" />
    <property name="env.TRAVIS_STACK_LANGUAGES" value="__sardonyx__ c c++ clojure cplusplus cpp default generic go groovy java node_js php pure_java python ruby scala" />
    <property name="test.name" value="ptolemy.actor.lib.test.junit.JUnitTclTest" />
    <property name="env.APT_KEY_DONT_WARN_ON_DANGEROUS_USAGE" value="1" />
    <property name="sun.java.launcher" value="SUN_STANDARD" />
    <property name="env.PYTHON_CONFIGURE_OPTS" value="--enable-unicode=ucs4 --with-wide-unicode --enable-shared --enable-ipv6 --enable-loadable-sqlite-extensions --with-computed-gotos" />
    <property name="ant.core.lib" value="/home/travis/build/icyphy/ptII/ant/lib/ant.jar" />
    <property name="java.vm.specification.vendor" value="Oracle Corporation" />
    <property name="env.BCVTB_HOME" value="/home/travis/build/icyphy/ptII/lbnl" />
    <property name="file.separator" value="/" />
    <property name="spotbugs.home" value="/home/travis/build/icyphy/ptII/vendors/spotbugs-3.1.1" />
    <property name="java.runtime.version" value="11.0.2+9" />
    <property name="env.ANSI_CLEAR" value="\033[0K" />
    <property name="javafx.verbose" value="true" />
    <property name="env.HAS_JOSH_K_SEAL_OF_APPROVAL" value="true" />
    <property name="env.XDG_RUNTIME_DIR" value="/run/user/2000" />
    <property name="env.TRAVIS_OSX_IMAGE" value="" />
    <property name="env.TRAVIS_JOB_ID" value="660490265" />
    <property name="env.TRAVIS_BRANCH" value="master" />
    <property name="user.country" value="US" />
    <property name="env.CERTI_HOME_TRAVIS" value="/home/travis/pthla/certi-tools" />
    <property name="env.SHELL" value="/bin/bash" />
    <property name="java.maxmemory.large" value="3200m" />
    <property name="model" value="" />
    <property name="env.CASHER_DIR" value="/home/travis/.casher" />
    <property name="env.NVM_CD_FLAGS" value="" />
    <property name="java.vendor.version" value="18.9" />
    <property name="jshint.executable" value="/home/travis/node_modules/jshint/bin/jshint" />
    <property name="env.JRUBY_OPTS" value=" --client -J-XX:+TieredCompilation -J-XX:TieredStopAtLevel=1 -J-Xss2m -Xcompile.invokedynamic=false" />
    <property name="java.vendor" value="Oracle Corporation" />
    <property name="env.TRAVIS_PRE_CHEF_BOOTSTRAP_TIME" value="2019-03-25T16:16:42" />
    <property name="env.TRAVIS_STACK_JOB_BOARD_REGISTER" value="/.job-board-register.yml" />
    <property name="env.ANSI_RED" value="\033[31;1m" />
    <property name="java.specification.version" value="11" />
    <property name="env.IRBRC" value="/home/travis/.rvm/rubies/ruby-2.5.3/.irbrc" />
    <property name="env.TRAVIS" value="true" />
    <property name="sun.arch.data.model" value="64" />
  </properties>
  <testcase classname="ptolemy.util.test.junit.TclTests" name="[0] /home/travis/build/icyphy/ptII/ptolemy/actor/lib/test/AbsoluteValue.tcl (RunTclFile)" time="0.478" />
  <testcase classname="ptolemy.util.test.junit.TclTests" name="[1] /home/travis/build/icyphy/ptII/ptolemy/actor/lib/test/AddSubtract.tcl (RunTclFile)" time="0.102" />
  <testcase classname="ptolemy.util.test.junit.TclTests" name="[2] /home/travis/build/icyphy/ptII/ptolemy/actor/lib/test/Average.tcl (RunTclFile)" time="0.038" />
  <testcase classname="ptolemy.util.test.junit.TclTests" name="[3] /home/travis/build/icyphy/ptII/ptolemy/actor/lib/test/Bernoulli.tcl (RunTclFile)" time="0.046" />
  <testcase classname="ptolemy.util.test.junit.TclTests" name="[4] /home/travis/build/icyphy/ptII/ptolemy/actor/lib/test/Clock.tcl (RunTclFile)" time="0.13" />
  <testcase classname="ptolemy.util.test.junit.TclTests" name="[5] /home/travis/build/icyphy/ptII/ptolemy/actor/lib/test/Commutator.tcl (RunTclFile)" time="0.132" />
  <testcase classname="ptolemy.util.test.junit.TclTests" name="[6] /home/travis/build/icyphy/ptII/ptolemy/actor/lib/test/Const.tcl (RunTclFile)" time="0.149" />
  <testcase classname="ptolemy.util.test.junit.TclTests" name="[7] /home/travis/build/icyphy/ptII/ptolemy/actor/lib/test/CurrentTime.tcl (RunTclFile)" time="0.052" />
  <testcase classname="ptolemy.util.test.junit.TclTests" name="[8] /home/travis/build/icyphy/ptII/ptolemy/actor/lib/test/DB.tcl (RunTclFile)" time="0.041" />
  <testcase classname="ptolemy.util.test.junit.TclTests" name="[9] /home/travis/build/icyphy/ptII/ptolemy/actor/lib/test/DiscreteRandomSource.tcl (RunTclFile)" time="0.047" />
  <testcase classname="ptolemy.util.test.junit.TclTests" name="[10] /home/travis/build/icyphy/ptII/ptolemy/actor/lib/test/Distributor.tcl (RunTclFile)" time="0.08" />
  <testcase classname="ptolemy.util.test.junit.TclTests" name="[11] /home/travis/build/icyphy/ptII/ptolemy/actor/lib/test/Exit.tcl (RunTclFile)" time="0.08" />
  <testcase classname="ptolemy.util.test.junit.TclTests" name="[12] /home/travis/build/icyphy/ptII/ptolemy/actor/lib/test/Expression.tcl (RunTclFile)" time="0.065" />
  <testcase classname="ptolemy.util.test.junit.TclTests" name="[13] /home/travis/build/icyphy/ptII/ptolemy/actor/lib/test/Gaussian.tcl (RunTclFile)" time="0.092" />
  <testcase classname="ptolemy.util.test.junit.TclTests" name="[14] /home/travis/build/icyphy/ptII/ptolemy/actor/lib/test/IIR.tcl (RunTclFile)" time="0.049" />
  <testcase classname="ptolemy.util.test.junit.TclTests" name="[15] /home/travis/build/icyphy/ptII/ptolemy/actor/lib/test/Interpolator.tcl (RunTclFile)" time="0.078" />
  <testcase classname="ptolemy.util.test.junit.TclTests" name="[16] /home/travis/build/icyphy/ptII/ptolemy/actor/lib/test/MathFunction.tcl (RunTclFile)" time="0.082" />
  <testcase classname="ptolemy.util.test.junit.TclTests" name="[17] /home/travis/build/icyphy/ptII/ptolemy/actor/lib/test/Maximum.tcl (RunTclFile)" time="0.023" />
  <testcase classname="ptolemy.util.test.junit.TclTests" name="[18] /home/travis/build/icyphy/ptII/ptolemy/actor/lib/test/Minimum.tcl (RunTclFile)" time="0.019" />
  <testcase classname="ptolemy.util.test.junit.TclTests" name="[19] /home/travis/build/icyphy/ptII/ptolemy/actor/lib/test/MultiplyDivide.tcl (RunTclFile)" time="0.021" />
  <testcase classname="ptolemy.util.test.junit.TclTests" name="[20] /home/travis/build/icyphy/ptII/ptolemy/actor/lib/test/OrderedMerge.tcl (RunTclFile)" time="0.122" />
  <testcase classname="ptolemy.util.test.junit.TclTests" name="[21] /home/travis/build/icyphy/ptII/ptolemy/actor/lib/test/Publisher.tcl (RunTclFile)" time="0.82" />
  <testcase classname="ptolemy.util.test.junit.TclTests" name="[22] /home/travis/build/icyphy/ptII/ptolemy/actor/lib/test/Pulse.tcl (RunTclFile)" time="0.075" />
  <testcase classname="ptolemy.util.test.junit.TclTests" name="[23] /home/travis/build/icyphy/ptII/ptolemy/actor/lib/test/Ramp.tcl (RunTclFile)" time="1.776" />
  <testcase classname="ptolemy.util.test.junit.TclTests" name="[24] /home/travis/build/icyphy/ptII/ptolemy/actor/lib/test/RampContinuous.tcl (RunTclFile)" time="0.018" />
  <testcase classname="ptolemy.util.test.junit.TclTests" name="[25] /home/travis/build/icyphy/ptII/ptolemy/actor/lib/test/RecordAssembler.tcl (RunTclFile)" time="0.015" />
  <testcase classname="ptolemy.util.test.junit.TclTests" name="[26] /home/travis/build/icyphy/ptII/ptolemy/actor/lib/test/RecordDisassembler.tcl (RunTclFile)" time="0.032" />
  <testcase classname="ptolemy.util.test.junit.TclTests" name="[27] /home/travis/build/icyphy/ptII/ptolemy/actor/lib/test/Scale.tcl (RunTclFile)" time="0.017" />
  <testcase classname="ptolemy.util.test.junit.TclTests" name="[28] /home/travis/build/icyphy/ptII/ptolemy/actor/lib/test/SequentialClock.tcl (RunTclFile)" time="0.012" />
  <testcase classname="ptolemy.util.test.junit.TclTests" name="[29] /home/travis/build/icyphy/ptII/ptolemy/actor/lib/test/SetVariable.tcl (RunTclFile)" time="0.01" />
  <testcase classname="ptolemy.util.test.junit.TclTests" name="[30] /home/travis/build/icyphy/ptII/ptolemy/actor/lib/test/Sinewave.tcl (RunTclFile)" time="0.04" />
  <testcase classname="ptolemy.util.test.junit.TclTests" name="[31] /home/travis/build/icyphy/ptII/ptolemy/actor/lib/test/SubscriptionAggregator.tcl (RunTclFile)" time="2.202" />
  <testcase classname="ptolemy.util.test.junit.TclTests" name="[32] /home/travis/build/icyphy/ptII/ptolemy/actor/lib/test/Test.tcl (RunTclFile)" time="0.148" />
  <testcase classname="ptolemy.util.test.junit.TclTests" name="[33] /home/travis/build/icyphy/ptII/ptolemy/actor/lib/test/TestExceptionHandler.tcl (RunTclFile)" time="0.014" />
  <testcase classname="ptolemy.util.test.junit.TclTests" name="[34] /home/travis/build/icyphy/ptII/ptolemy/actor/lib/test/UnionDisassembler.tcl (RunTclFile)" time="0.081" />
  <testcase classname="ptolemy.util.test.junit.TclTests" name="[35] /home/travis/build/icyphy/ptII/ptolemy/actor/lib/test/VariableClock.tcl (RunTclFile)" time="0.033" />
  <testcase classname="ptolemy.util.test.junit.AutoKnownFailedTests" name="[0] /home/travis/build/icyphy/ptII/ptolemy/actor/lib/test/auto/knownFailedTests/PublisherPortToplevelSubscriber.xml (RunModel)" time="0.023" />
  <testcase classname="ptolemy.util.test.junit.AutoKnownFailedTests" name="[1] /home/travis/build/icyphy/ptII/ptolemy/actor/lib/test/auto/knownFailedTests/PublisherSubscriberPortToplevel.xml (RunModel)" time="0.019" />
  <testcase classname="ptolemy.util.test.junit.AutoKnownFailedTests" name="[2] /home/travis/build/icyphy/ptII/ptolemy/actor/lib/test/auto/knownFailedTests/PublisherSubscriptionAggregatorPort.xml (RunModel)" time="0.028" />
  <testcase classname="ptolemy.util.test.junit.AutoKnownFailedTests" name="[3] /home/travis/build/icyphy/ptII/ptolemy/actor/lib/test/auto/knownFailedTests/sizedarray3.xml (RunModel)" time="0.024" />
  <testcase classname="ptolemy.util.test.junit.AutoNameArchTests" name="[0] ThereAreNoAutoArchTests (RunModel)" time="0.004" />
  <testcase classname="ptolemy.util.test.junit.AutoTests" name="[0] /home/travis/build/icyphy/ptII/ptolemy/actor/lib/test/auto/AbsoluteValue.xml (RunModel)" time="0.096" />
  <testcase classname="ptolemy.util.test.junit.AutoTests" name="[1] /home/travis/build/icyphy/ptII/ptolemy/actor/lib/test/auto/AbsoluteValue2.xml (RunModel)" time="0.06" />
  <testcase classname="ptolemy.util.test.junit.AutoTests" name="[2] /home/travis/build/icyphy/ptII/ptolemy/actor/lib/test/auto/Accumulator.xml (RunModel)" time="0.063" />
  <testcase classname="ptolemy.util.test.junit.AutoTests" name="[3] /home/travis/build/icyphy/ptII/ptolemy/actor/lib/test/auto/Accumulator2.xml (RunModel)" time="0.049" />
  <testcase classname="ptolemy.util.test.junit.AutoTests" name="[4] /home/travis/build/icyphy/ptII/ptolemy/actor/lib/test/auto/Accumulator3.xml (RunModel)" time="0.029" />
  <testcase classname="ptolemy.util.test.junit.AutoTests" name="[5] /home/travis/build/icyphy/ptII/ptolemy/actor/lib/test/auto/ArrayAppend.xml (RunModel)" time="0.087" />
  <testcase classname="ptolemy.util.test.junit.AutoTests" name="[6] /home/travis/build/icyphy/ptII/ptolemy/actor/lib/test/auto/ArrayAppend2.xml (RunModel)" time="0.444" />
  <testcase classname="ptolemy.util.test.junit.AutoTests" name="[7] /home/travis/build/icyphy/ptII/ptolemy/actor/lib/test/auto/ArrayAppend3.xml (RunModel)" time="0.028" />
  <testcase classname="ptolemy.util.test.junit.AutoTests" name="[8] /home/travis/build/icyphy/ptII/ptolemy/actor/lib/test/auto/ArrayAppend4.xml (RunModel)" time="0.04" />
  <testcase classname="ptolemy.util.test.junit.AutoTests" name="[9] /home/travis/build/icyphy/ptII/ptolemy/actor/lib/test/auto/ArrayAppend5.xml (RunModel)" time="0.015" />
  <testcase classname="ptolemy.util.test.junit.AutoTests" name="[10] /home/travis/build/icyphy/ptII/ptolemy/actor/lib/test/auto/ArrayAppend6.xml (RunModel)" time="0.013" />
  <testcase classname="ptolemy.util.test.junit.AutoTests" name="[11] /home/travis/build/icyphy/ptII/ptolemy/actor/lib/test/auto/ArrayAppendPerformanceTest.xml (RunModel)" time="0.045" />
  <testcase classname="ptolemy.util.test.junit.AutoTests" name="[12] /home/travis/build/icyphy/ptII/ptolemy/actor/lib/test/auto/ArrayAppendWithEmptyInput.xml (RunModel)" time="0.036" />
  <testcase classname="ptolemy.util.test.junit.AutoTests" name="[13] /home/travis/build/icyphy/ptII/ptolemy/actor/lib/test/auto/ArrayAverage.xml (RunModel)" time="0.044" />
  <testcase classname="ptolemy.util.test.junit.AutoTests" name="[14] /home/travis/build/icyphy/ptII/ptolemy/actor/lib/test/auto/ArrayContains.xml (RunModel)" time="0.044" />
  <testcase classname="ptolemy.util.test.junit.AutoTests" name="[15] /home/travis/build/icyphy/ptII/ptolemy/actor/lib/test/auto/ArrayElement.xml (RunModel)" time="0.024" />
  <testcase classname="ptolemy.util.test.junit.AutoTests" name="[16] /home/travis/build/icyphy/ptII/ptolemy/actor/lib/test/auto/ArrayElementAsMatrix.xml (RunModel)" time="0.078" />
  <testcase classname="ptolemy.util.test.junit.AutoTests" name="[17] /home/travis/build/icyphy/ptII/ptolemy/actor/lib/test/auto/ArrayElementI.xml (RunModel)" time="0.08" />
  <testcase classname="ptolemy.util.test.junit.AutoTests" name="[18] /home/travis/build/icyphy/ptII/ptolemy/actor/lib/test/auto/ArrayExtract.xml (RunModel)" time="0.035" />
  <testcase classname="ptolemy.util.test.junit.AutoTests" name="[19] /home/travis/build/icyphy/ptII/ptolemy/actor/lib/test/auto/ArrayExtract2.xml (RunModel)" time="0.019" />
  <testcase classname="ptolemy.util.test.junit.AutoTests" name="[20] /home/travis/build/icyphy/ptII/ptolemy/actor/lib/test/auto/ArrayLength.xml (RunModel)" time="0.026" />
  <testcase classname="ptolemy.util.test.junit.AutoTests" name="[21] /home/travis/build/icyphy/ptII/ptolemy/actor/lib/test/auto/ArrayLevelCrossing.xml (RunModel)" time="0.032" />
  <testcase classname="ptolemy.util.test.junit.AutoTests" name="[22] /home/travis/build/icyphy/ptII/ptolemy/actor/lib/test/auto/ArrayLevelCrossing2.xml (RunModel)" time="0.02" />
  <testcase classname="ptolemy.util.test.junit.AutoTests" name="[23] /home/travis/build/icyphy/ptII/ptolemy/actor/lib/test/auto/ArrayPeakSearch.xml (RunModel)" time="0.059" />
  <testcase classname="ptolemy.util.test.junit.AutoTests" name="[24] /home/travis/build/icyphy/ptII/ptolemy/actor/lib/test/auto/ArrayPeakSearch2.xml (RunModel)" time="0.03" />
  <testcase classname="ptolemy.util.test.junit.AutoTests" name="[25] /home/travis/build/icyphy/ptII/ptolemy/actor/lib/test/auto/ArrayPeakSearch3.xml (RunModel)" time="0.026" />
  <testcase classname="ptolemy.util.test.junit.AutoTests" name="[26] /home/travis/build/icyphy/ptII/ptolemy/actor/lib/test/auto/ArrayRemoveElement.xml (RunModel)" time="0.024" />
  <testcase classname="ptolemy.util.test.junit.AutoTests" name="[27] /home/travis/build/icyphy/ptII/ptolemy/actor/lib/test/auto/ArraySort.xml (RunModel)" time="0.03" />
  <testcase classname="ptolemy.util.test.junit.AutoTests" name="[28] /home/travis/build/icyphy/ptII/ptolemy/actor/lib/test/auto/ArraySum.xml (RunModel)" time="0.017" />
  <testcase classname="ptolemy.util.test.junit.AutoTests" name="[29] /home/travis/build/icyphy/ptII/ptolemy/actor/lib/test/auto/ArrayToElements.xml (RunModel)" time="0.018" />
  <testcase classname="ptolemy.util.test.junit.AutoTests" name="[30] /home/travis/build/icyphy/ptII/ptolemy/actor/lib/test/auto/ArrayToMatrix.xml (RunModel)" time="0.051" />
  <testcase classname="ptolemy.util.test.junit.AutoTests" name="[31] /home/travis/build/icyphy/ptII/ptolemy/actor/lib/test/auto/ArrayUpdate1.xml (RunModel)" time="0.015" />
  <testcase classname="ptolemy.util.test.junit.AutoTests" name="[32] /home/travis/build/icyphy/ptII/ptolemy/actor/lib/test/auto/ArrayUpdate2.xml (RunModel)" time="0.024" />
  <testcase classname="ptolemy.util.test.junit.AutoTests" name="[33] /home/travis/build/icyphy/ptII/ptolemy/actor/lib/test/auto/ArrayUpdate3.xml (RunModel)" time="0.022" />
  <testcase classname="ptolemy.util.test.junit.AutoTests" name="[34] /home/travis/build/icyphy/ptII/ptolemy/actor/lib/test/auto/Assert1.xml (RunModel)" time="0.022" />
  <testcase classname="ptolemy.util.test.junit.AutoTests" name="[35] /home/travis/build/icyphy/ptII/ptolemy/actor/lib/test/auto/Assert2.xml (RunModel)" time="0.017" />
  <testcase classname="ptolemy.util.test.junit.AutoTests" name="[36] /home/travis/build/icyphy/ptII/ptolemy/actor/lib/test/auto/BooleanMultiplexor.xml (RunModel)" time="0.013" />
  <testcase classname="ptolemy.util.test.junit.AutoTests" name="[37] /home/travis/build/icyphy/ptII/ptolemy/actor/lib/test/auto/BooleanMultiplexor2.xml (RunModel)" time="0.024" />
  <testcase classname="ptolemy.util.test.junit.AutoTests" name="[38] /home/travis/build/icyphy/ptII/ptolemy/actor/lib/test/auto/BooleanMultiplexor3.xml (RunModel)" time="0.02" />
  <testcase classname="ptolemy.util.test.junit.AutoTests" name="[39] /home/travis/build/icyphy/ptII/ptolemy/actor/lib/test/auto/BooleanSelect.xml (RunModel)" time="0.02" />
  <testcase classname="ptolemy.util.test.junit.AutoTests" name="[40] /home/travis/build/icyphy/ptII/ptolemy/actor/lib/test/auto/BooleanSelect2.xml (RunModel)" time="0.017" />
  <testcase classname="ptolemy.util.test.junit.AutoTests" name="[41] /home/travis/build/icyphy/ptII/ptolemy/actor/lib/test/auto/BooleanSwitch.xml (RunModel)" time="0.017" />
  <testcase classname="ptolemy.util.test.junit.AutoTests" name="[42] /home/travis/build/icyphy/ptII/ptolemy/actor/lib/test/auto/BooleanSwitch2.xml (RunModel)" time="0.016" />
  <testcase classname="ptolemy.util.test.junit.AutoTests" name="[43] /home/travis/build/icyphy/ptII/ptolemy/actor/lib/test/auto/BooleanSwitchCloningBugWithClassRelationGroup.xml (RunModel)" time="0.035" />
  <testcase classname="ptolemy.util.test.junit.AutoTests" name="[44] /home/travis/build/icyphy/ptII/ptolemy/actor/lib/test/auto/BusActors.xml (RunModel)" time="0.043" />
  <testcase classname="ptolemy.util.test.junit.AutoTests" name="[45] /home/travis/build/icyphy/ptII/ptolemy/actor/lib/test/auto/ClassWrapper.xml (RunModel)" time="0.019" />
  <testcase classname="ptolemy.util.test.junit.AutoTests" name="[46] /home/travis/build/icyphy/ptII/ptolemy/actor/lib/test/auto/Clock.xml (RunModel)" time="0.02" />
  <testcase classname="ptolemy.util.test.junit.AutoTests" name="[47] /home/travis/build/icyphy/ptII/ptolemy/actor/lib/test/auto/Clock10.xml (RunModel)" time="0.025" />
  <testcase classname="ptolemy.util.test.junit.AutoTests" name="[48] /home/travis/build/icyphy/ptII/ptolemy/actor/lib/test/auto/Clock11.xml (RunModel)" time="0.017" />
  <testcase classname="ptolemy.util.test.junit.AutoTests" name="[49] /home/travis/build/icyphy/ptII/ptolemy/actor/lib/test/auto/Clock12.xml (RunModel)" time="0.02" />
  <testcase classname="ptolemy.util.test.junit.AutoTests" name="[50] /home/travis/build/icyphy/ptII/ptolemy/actor/lib/test/auto/Clock13.xml (RunModel)" time="0.019" />
  <testcase classname="ptolemy.util.test.junit.AutoTests" name="[51] /home/travis/build/icyphy/ptII/ptolemy/actor/lib/test/auto/Clock14.xml (RunModel)" time="0.017" />
  <testcase classname="ptolemy.util.test.junit.AutoTests" name="[52] /home/travis/build/icyphy/ptII/ptolemy/actor/lib/test/auto/Clock15.xml (RunModel)" time="0.013" />
  <testcase classname="ptolemy.util.test.junit.AutoTests" name="[53] /home/travis/build/icyphy/ptII/ptolemy/actor/lib/test/auto/Clock16.xml (RunModel)" time="0.089" />
  <testcase classname="ptolemy.util.test.junit.AutoTests" name="[54] /home/travis/build/icyphy/ptII/ptolemy/actor/lib/test/auto/Clock17.xml (RunModel)" time="0.066" />
  <testcase classname="ptolemy.util.test.junit.AutoTests" name="[55] /home/travis/build/icyphy/ptII/ptolemy/actor/lib/test/auto/Clock18.xml (RunModel)" time="0.046" />
  <testcase classname="ptolemy.util.test.junit.AutoTests" name="[56] /home/travis/build/icyphy/ptII/ptolemy/actor/lib/test/auto/Clock19.xml (RunModel)" time="0.037" />
  <testcase classname="ptolemy.util.test.junit.AutoTests" name="[57] /home/travis/build/icyphy/ptII/ptolemy/actor/lib/test/auto/Clock2.xml (RunModel)" time="0.017" />
  <testcase classname="ptolemy.util.test.junit.AutoTests" name="[58] /home/travis/build/icyphy/ptII/ptolemy/actor/lib/test/auto/Clock20.xml (RunModel)" time="0.02" />
  <testcase classname="ptolemy.util.test.junit.AutoTests" name="[59] /home/travis/build/icyphy/ptII/ptolemy/actor/lib/test/auto/Clock21.xml (RunModel)" time="0.018" />
  <testcase classname="ptolemy.util.test.junit.AutoTests" name="[60] /home/travis/build/icyphy/ptII/ptolemy/actor/lib/test/auto/Clock22.xml (RunModel)" time="0.015" />
  <testcase classname="ptolemy.util.test.junit.AutoTests" name="[61] /home/travis/build/icyphy/ptII/ptolemy/actor/lib/test/auto/Clock23.xml (RunModel)" time="0.014" />
  <testcase classname="ptolemy.util.test.junit.AutoTests" name="[62] /home/travis/build/icyphy/ptII/ptolemy/actor/lib/test/auto/Clock24.xml (RunModel)" time="0.017" />
  <testcase classname="ptolemy.util.test.junit.AutoTests" name="[63] /home/travis/build/icyphy/ptII/ptolemy/actor/lib/test/auto/Clock4.xml (RunModel)" time="0.01" />
  <testcase classname="ptolemy.util.test.junit.AutoTests" name="[64] /home/travis/build/icyphy/ptII/ptolemy/actor/lib/test/auto/Clock5.xml (RunModel)" time="0.013" />
  <testcase classname="ptolemy.util.test.junit.AutoTests" name="[65] /home/travis/build/icyphy/ptII/ptolemy/actor/lib/test/auto/Clock6.xml (RunModel)" time="0.009" />
  <testcase classname="ptolemy.util.test.junit.AutoTests" name="[66] /home/travis/build/icyphy/ptII/ptolemy/actor/lib/test/auto/Clock7.xml (RunModel)" time="0.047" />
  <testcase classname="ptolemy.util.test.junit.AutoTests" name="[67] /home/travis/build/icyphy/ptII/ptolemy/actor/lib/test/auto/Clock8.xml (RunModel)" time="0.017" />
  <testcase classname="ptolemy.util.test.junit.AutoTests" name="[68] /home/travis/build/icyphy/ptII/ptolemy/actor/lib/test/auto/Clock9.xml (RunModel)" time="0.015" />
  <testcase classname="ptolemy.util.test.junit.AutoTests" name="[69] /home/travis/build/icyphy/ptII/ptolemy/actor/lib/test/auto/CommDistDiscard.xml (RunModel)" time="0.02" />
  <testcase classname="ptolemy.util.test.junit.AutoTests" name="[70] /home/travis/build/icyphy/ptII/ptolemy/actor/lib/test/auto/Commutator.xml (RunModel)" time="0.022" />
  <testcase classname="ptolemy.util.test.junit.AutoTests" name="[71] /home/travis/build/icyphy/ptII/ptolemy/actor/lib/test/auto/Commutator2.xml (RunModel)" time="0.012" />
  <testcase classname="ptolemy.util.test.junit.AutoTests" name="[72] /home/travis/build/icyphy/ptII/ptolemy/actor/lib/test/auto/Commutator3.xml (RunModel)" time="0.013" />
  <testcase classname="ptolemy.util.test.junit.AutoTests" name="[73] /home/travis/build/icyphy/ptII/ptolemy/actor/lib/test/auto/Compare.xml (RunModel)" time="0.023" />
  <testcase classname="ptolemy.util.test.junit.AutoTests" name="[74] /home/travis/build/icyphy/ptII/ptolemy/actor/lib/test/auto/CompareDE.xml (RunModel)" time="0.041" />
  <testcase classname="ptolemy.util.test.junit.AutoTests" name="[75] /home/travis/build/icyphy/ptII/ptolemy/actor/lib/test/auto/ComplexDivide.xml (RunModel)" time="0.01" />
  <testcase classname="ptolemy.util.test.junit.AutoTests" name="[76] /home/travis/build/icyphy/ptII/ptolemy/actor/lib/test/auto/ComputeHistogram.xml (RunModel)" time="0.071" />
  <testcase classname="ptolemy.util.test.junit.AutoTests" name="[77] /home/travis/build/icyphy/ptII/ptolemy/actor/lib/test/auto/ConfigurationSelect.xml (RunModel)" time="0.019" />
  <testcase classname="ptolemy.util.test.junit.AutoTests" name="[78] /home/travis/build/icyphy/ptII/ptolemy/actor/lib/test/auto/ConfigurationSelect2.xml (RunModel)" time="0.016" />
  <testcase classname="ptolemy.util.test.junit.AutoTests" name="[79] /home/travis/build/icyphy/ptII/ptolemy/actor/lib/test/auto/ConfigurationSwitch.xml (RunModel)" time="0.032" />
  <testcase classname="ptolemy.util.test.junit.AutoTests" name="[80] /home/travis/build/icyphy/ptII/ptolemy/actor/lib/test/auto/ConfigurationSwitch2.xml (RunModel)" time="0.021" />
  <testcase classname="ptolemy.util.test.junit.AutoTests" name="[81] /home/travis/build/icyphy/ptII/ptolemy/actor/lib/test/auto/ConfigurationSwitchCloningBugWithClassRelationGroup.xml (RunModel)" time="0.032" />
  <testcase classname="ptolemy.util.test.junit.AutoTests" name="[82] /home/travis/build/icyphy/ptII/ptolemy/actor/lib/test/auto/ConfigurationSwitchSelectSDF.xml (RunModel)" time="0.016" />
  <testcase classname="ptolemy.util.test.junit.AutoTests" name="[83] /home/travis/build/icyphy/ptII/ptolemy/actor/lib/test/auto/ConfigurationSwitchSelectSDF2.xml (RunModel)" time="0.017" />
  <testcase classname="ptolemy.util.test.junit.AutoTests" name="[84] /home/travis/build/icyphy/ptII/ptolemy/actor/lib/test/auto/Const.xml (RunModel)" time="0.008" />
  <testcase classname="ptolemy.util.test.junit.AutoTests" name="[85] /home/travis/build/icyphy/ptII/ptolemy/actor/lib/test/auto/Const2.xml (RunModel)" time="0.011" />
  <testcase classname="ptolemy.util.test.junit.AutoTests" name="[86] /home/travis/build/icyphy/ptII/ptolemy/actor/lib/test/auto/Const3.xml (RunModel)" time="0.009" />
  <testcase classname="ptolemy.util.test.junit.AutoTests" name="[87] /home/travis/build/icyphy/ptII/ptolemy/actor/lib/test/auto/ConstantPublisherPort1.xml (RunModel)" time="0.028" />
  <testcase classname="ptolemy.util.test.junit.AutoTests" name="[88] /home/travis/build/icyphy/ptII/ptolemy/actor/lib/test/auto/ConstantPublisherPort2.xml (RunModel)" time="0.025" />
  <testcase classname="ptolemy.util.test.junit.AutoTests" name="[89] /home/travis/build/icyphy/ptII/ptolemy/actor/lib/test/auto/ConstantPublisherPort3.xml (RunModel)" time="0.021" />
  <testcase classname="ptolemy.util.test.junit.AutoTests" name="[90] /home/travis/build/icyphy/ptII/ptolemy/actor/lib/test/auto/ConstantPublisherPort4.xml (RunModel)" time="0.016" />
  <testcase classname="ptolemy.util.test.junit.AutoTests" name="[91] /home/travis/build/icyphy/ptII/ptolemy/actor/lib/test/auto/ConstantPublisherPort5.xml (RunModel)" time="0.042" />
  <testcase classname="ptolemy.util.test.junit.AutoTests" name="[92] /home/travis/build/icyphy/ptII/ptolemy/actor/lib/test/auto/ConstantPublisherPort6.xml (RunModel)" time="0.036" />
  <testcase classname="ptolemy.util.test.junit.AutoTests" name="[93] /home/travis/build/icyphy/ptII/ptolemy/actor/lib/test/auto/ConstantPublisherPort7.xml (RunModel)" time="0.029" />
  <testcase classname="ptolemy.util.test.junit.AutoTests" name="[94] /home/travis/build/icyphy/ptII/ptolemy/actor/lib/test/auto/ConstraintMonitor1.xml (RunModel)" time="0.033" />
  <testcase classname="ptolemy.util.test.junit.AutoTests" name="[95] /home/travis/build/icyphy/ptII/ptolemy/actor/lib/test/auto/ConstraintMonitor2.xml (RunModel)" time="0.011" />
  <testcase classname="ptolemy.util.test.junit.AutoTests" name="[96] /home/travis/build/icyphy/ptII/ptolemy/actor/lib/test/auto/ConstraintMonitor3.xml (RunModel)" time="0.017" />
  <testcase classname="ptolemy.util.test.junit.AutoTests" name="[97] /home/travis/build/icyphy/ptII/ptolemy/actor/lib/test/auto/ConstraintMonitor4.xml (RunModel)" time="0.014" />
  <testcase classname="ptolemy.util.test.junit.AutoTests" name="[98] /home/travis/build/icyphy/ptII/ptolemy/actor/lib/test/auto/ConstraintMonitor5.xml (RunModel)" time="0.015" />
  <testcase classname="ptolemy.util.test.junit.AutoTests" name="[99] /home/travis/build/icyphy/ptII/ptolemy/actor/lib/test/auto/ConstraintMonitor6.xml (RunModel)" time="0.017" />
  <testcase classname="ptolemy.util.test.junit.AutoTests" name="[100] /home/travis/build/icyphy/ptII/ptolemy/actor/lib/test/auto/ConstraintMonitor7.xml (RunModel)" time="0.017" />
  <testcase classname="ptolemy.util.test.junit.AutoTests" name="[101] /home/travis/build/icyphy/ptII/ptolemy/actor/lib/test/auto/ConstraintMonitor8.xml (RunModel)" time="0.016" />
  <testcase classname="ptolemy.util.test.junit.AutoTests" name="[102] /home/travis/build/icyphy/ptII/ptolemy/actor/lib/test/auto/Counter.xml (RunModel)" time="0.012" />
  <testcase classname="ptolemy.util.test.junit.AutoTests" name="[103] /home/travis/build/icyphy/ptII/ptolemy/actor/lib/test/auto/CurrentTimeSDF.xml (RunModel)" time="0.008" />
  <testcase classname="ptolemy.util.test.junit.AutoTests" name="[104] /home/travis/build/icyphy/ptII/ptolemy/actor/lib/test/auto/DB.xml (RunModel)" time="0.009" />
  <testcase classname="ptolemy.util.test.junit.AutoTests" name="[105] /home/travis/build/icyphy/ptII/ptolemy/actor/lib/test/auto/DBDE.xml (RunModel)" time="0.012" />
  <testcase classname="ptolemy.util.test.junit.AutoTests" name="[106] /home/travis/build/icyphy/ptII/ptolemy/actor/lib/test/auto/DateConstructor.xml (RunModel)" time="0.072" />
  <testcase classname="ptolemy.util.test.junit.AutoTests" name="[107] /home/travis/build/icyphy/ptII/ptolemy/actor/lib/test/auto/DelayTime.xml (RunModel)" time="0.014" />
  <testcase classname="ptolemy.util.test.junit.AutoTests" name="[108] /home/travis/build/icyphy/ptII/ptolemy/actor/lib/test/auto/Dictionary1.xml (RunModel)" time="0.013" />
  <testcase classname="ptolemy.util.test.junit.AutoTests" name="[109] /home/travis/build/icyphy/ptII/ptolemy/actor/lib/test/auto/Dictionary2.xml (RunModel)" time="0.016" />
  <testcase classname="ptolemy.util.test.junit.AutoTests" name="[110] /home/travis/build/icyphy/ptII/ptolemy/actor/lib/test/auto/Dictionary3.xml (RunModel)" time="0.012" />
  <testcase classname="ptolemy.util.test.junit.AutoTests" name="[111] /home/travis/build/icyphy/ptII/ptolemy/actor/lib/test/auto/Dictionary4.xml (RunModel)" time="0.018" />
  <testcase classname="ptolemy.util.test.junit.AutoTests" name="[112] /home/travis/build/icyphy/ptII/ptolemy/actor/lib/test/auto/Differential.xml (RunModel)" time="0.012" />
  <testcase classname="ptolemy.util.test.junit.AutoTests" name="[113] /home/travis/build/icyphy/ptII/ptolemy/actor/lib/test/auto/Director.xml (RunModel)" time="0.009" />
  <testcase classname="ptolemy.util.test.junit.AutoTests" name="[114] /home/travis/build/icyphy/ptII/ptolemy/actor/lib/test/auto/DiscreteClock.xml (RunModel)" time="0.007" />
  <testcase classname="ptolemy.util.test.junit.AutoTests" name="[115] /home/travis/build/icyphy/ptII/ptolemy/actor/lib/test/auto/DiscreteClock10.xml (RunModel)" time="0.013" />
  <testcase classname="ptolemy.util.test.junit.AutoTests" name="[116] /home/travis/build/icyphy/ptII/ptolemy/actor/lib/test/auto/DiscreteClock11.xml (RunModel)" time="0.011" />
  <testcase classname="ptolemy.util.test.junit.AutoTests" name="[117] /home/travis/build/icyphy/ptII/ptolemy/actor/lib/test/auto/DiscreteClock12.xml (RunModel)" time="0.014" />
  <testcase classname="ptolemy.util.test.junit.AutoTests" name="[118] /home/travis/build/icyphy/ptII/ptolemy/actor/lib/test/auto/DiscreteClock13.xml (RunModel)" time="0.014" />
  <testcase classname="ptolemy.util.test.junit.AutoTests" name="[119] /home/travis/build/icyphy/ptII/ptolemy/actor/lib/test/auto/DiscreteClock14.xml (RunModel)" time="0.013" />
  <testcase classname="ptolemy.util.test.junit.AutoTests" name="[120] /home/travis/build/icyphy/ptII/ptolemy/actor/lib/test/auto/DiscreteClock15.xml (RunModel)" time="0.013" />
  <testcase classname="ptolemy.util.test.junit.AutoTests" name="[121] /home/travis/build/icyphy/ptII/ptolemy/actor/lib/test/auto/DiscreteClock16.xml (RunModel)" time="0.046" />
  <testcase classname="ptolemy.util.test.junit.AutoTests" name="[122] /home/travis/build/icyphy/ptII/ptolemy/actor/lib/test/auto/DiscreteClock17.xml (RunModel)" time="0.037" />
  <testcase classname="ptolemy.util.test.junit.AutoTests" name="[123] /home/travis/build/icyphy/ptII/ptolemy/actor/lib/test/auto/DiscreteClock18.xml (RunModel)" time="0.033" />
  <testcase classname="ptolemy.util.test.junit.AutoTests" name="[124] /home/travis/build/icyphy/ptII/ptolemy/actor/lib/test/auto/DiscreteClock19.xml (RunModel)" time="0.034" />
  <testcase classname="ptolemy.util.test.junit.AutoTests" name="[125] /home/travis/build/icyphy/ptII/ptolemy/actor/lib/test/auto/DiscreteClock2.xml (RunModel)" time="0.011" />
  <testcase classname="ptolemy.util.test.junit.AutoTests" name="[126] /home/travis/build/icyphy/ptII/ptolemy/actor/lib/test/auto/DiscreteClock20.xml (RunModel)" time="0.014" />
  <testcase classname="ptolemy.util.test.junit.AutoTests" name="[127] /home/travis/build/icyphy/ptII/ptolemy/actor/lib/test/auto/DiscreteClock21.xml (RunModel)" time="0.018" />
  <testcase classname="ptolemy.util.test.junit.AutoTests" name="[128] /home/travis/build/icyphy/ptII/ptolemy/actor/lib/test/auto/DiscreteClock22.xml (RunModel)" time="0.011" />
  <testcase classname="ptolemy.util.test.junit.AutoTests" name="[129] /home/travis/build/icyphy/ptII/ptolemy/actor/lib/test/auto/DiscreteClock23.xml (RunModel)" time="0.013" />
  <testcase classname="ptolemy.util.test.junit.AutoTests" name="[130] /home/travis/build/icyphy/ptII/ptolemy/actor/lib/test/auto/DiscreteClock24.xml (RunModel)" time="0.014" />
  <testcase classname="ptolemy.util.test.junit.AutoTests" name="[131] /home/travis/build/icyphy/ptII/ptolemy/actor/lib/test/auto/DiscreteClock4.xml (RunModel)" time="0.01" />
  <testcase classname="ptolemy.util.test.junit.AutoTests" name="[132] /home/travis/build/icyphy/ptII/ptolemy/actor/lib/test/auto/DiscreteClock5.xml (RunModel)" time="0.009" />
  <testcase classname="ptolemy.util.test.junit.AutoTests" name="[133] /home/travis/build/icyphy/ptII/ptolemy/actor/lib/test/auto/DiscreteClock6.xml (RunModel)" time="0.007" />
  <testcase classname="ptolemy.util.test.junit.AutoTests" name="[134] /home/travis/build/icyphy/ptII/ptolemy/actor/lib/test/auto/DiscreteClock7.xml (RunModel)" time="0.008" />
  <testcase classname="ptolemy.util.test.junit.AutoTests" name="[135] /home/travis/build/icyphy/ptII/ptolemy/actor/lib/test/auto/DiscreteClock8.xml (RunModel)" time="0.017" />
  <testcase classname="ptolemy.util.test.junit.AutoTests" name="[136] /home/travis/build/icyphy/ptII/ptolemy/actor/lib/test/auto/DiscreteClock9.xml (RunModel)" time="0.02" />
  <testcase classname="ptolemy.util.test.junit.AutoTests" name="[137] /home/travis/build/icyphy/ptII/ptolemy/actor/lib/test/auto/DisplayArray.xml (RunModel)" time="0.008" />
  <testcase classname="ptolemy.util.test.junit.AutoTests" name="[138] /home/travis/build/icyphy/ptII/ptolemy/actor/lib/test/auto/Distributor.xml (RunModel)" time="0.009" />
  <testcase classname="ptolemy.util.test.junit.AutoTests" name="[139] /home/travis/build/icyphy/ptII/ptolemy/actor/lib/test/auto/Distributor2.xml (RunModel)" time="0.01" />
  <testcase classname="ptolemy.util.test.junit.AutoTests" name="[140] /home/travis/build/icyphy/ptII/ptolemy/actor/lib/test/auto/DownSample.xml (RunModel)" time="0.026" />
  <testcase classname="ptolemy.util.test.junit.AutoTests" name="[141] /home/travis/build/icyphy/ptII/ptolemy/actor/lib/test/auto/ElectronicUnitBase1.xml (RunModel)" time="0.049" />
  <testcase classname="ptolemy.util.test.junit.AutoTests" name="[142] /home/travis/build/icyphy/ptII/ptolemy/actor/lib/test/auto/ElementsToArray.xml (RunModel)" time="0.011" />
  <testcase classname="ptolemy.util.test.junit.AutoTests" name="[143] /home/travis/build/icyphy/ptII/ptolemy/actor/lib/test/auto/Equals.xml (RunModel)" time="0.015" />
  <testcase classname="ptolemy.util.test.junit.AutoTests" name="[144] /home/travis/build/icyphy/ptII/ptolemy/actor/lib/test/auto/Exec.xml (RunModel)" time="0.025" />
  <testcase classname="ptolemy.util.test.junit.AutoTests" name="[145] /home/travis/build/icyphy/ptII/ptolemy/actor/lib/test/auto/ExecEnvironment.xml (RunModel)" time="0.032" />
  <testcase classname="ptolemy.util.test.junit.AutoTests" name="[146] /home/travis/build/icyphy/ptII/ptolemy/actor/lib/test/auto/ExecNonZeroReturnOutput.xml (RunModel)" time="0.18" />
  <testcase classname="ptolemy.util.test.junit.AutoTests" name="[147] /home/travis/build/icyphy/ptII/ptolemy/actor/lib/test/auto/ExecRunDemos.xml (RunModel)" time="10.506" />
  <testcase classname="ptolemy.util.test.junit.AutoTests" name="[148] /home/travis/build/icyphy/ptII/ptolemy/actor/lib/test/auto/ExecStop.xml (RunModel)" time="5.026" />
  <testcase classname="ptolemy.util.test.junit.AutoTests" name="[149] /home/travis/build/icyphy/ptII/ptolemy/actor/lib/test/auto/ExecutionTimeSDF.xml (RunModel)" time="6.031" />
  <testcase classname="ptolemy.util.test.junit.AutoTests" name="[150] /home/travis/build/icyphy/ptII/ptolemy/actor/lib/test/auto/Expression1.xml (RunModel)" time="0.016" />
  <testcase classname="ptolemy.util.test.junit.AutoTests" name="[151] /home/travis/build/icyphy/ptII/ptolemy/actor/lib/test/auto/Expression10.xml (RunModel)" time="0.024" />
  <testcase classname="ptolemy.util.test.junit.AutoTests" name="[152] /home/travis/build/icyphy/ptII/ptolemy/actor/lib/test/auto/Expression11.xml (RunModel)" time="0.01" />
  <testcase classname="ptolemy.util.test.junit.AutoTests" name="[153] /home/travis/build/icyphy/ptII/ptolemy/actor/lib/test/auto/Expression12.xml (RunModel)" time="0.013" />
  <testcase classname="ptolemy.util.test.junit.AutoTests" name="[154] /home/travis/build/icyphy/ptII/ptolemy/actor/lib/test/auto/Expression13.xml (RunModel)" time="0.01" />
  <testcase classname="ptolemy.util.test.junit.AutoTests" name="[155] /home/travis/build/icyphy/ptII/ptolemy/actor/lib/test/auto/Expression14.xml (RunModel)" time="0.018" />
  <testcase classname="ptolemy.util.test.junit.AutoTests" name="[156] /home/travis/build/icyphy/ptII/ptolemy/actor/lib/test/auto/Expression15.xml (RunModel)" time="0.006" />
  <testcase classname="ptolemy.util.test.junit.AutoTests" name="[157] /home/travis/build/icyphy/ptII/ptolemy/actor/lib/test/auto/Expression16.xml (RunModel)" time="0.011" />
  <testcase classname="ptolemy.util.test.junit.AutoTests" name="[158] /home/travis/build/icyphy/ptII/ptolemy/actor/lib/test/auto/Expression17.xml (RunModel)" time="0.009" />
  <testcase classname="ptolemy.util.test.junit.AutoTests" name="[159] /home/travis/build/icyphy/ptII/ptolemy/actor/lib/test/auto/Expression18.xml (RunModel)" time="0.011" />
  <testcase classname="ptolemy.util.test.junit.AutoTests" name="[160] /home/travis/build/icyphy/ptII/ptolemy/actor/lib/test/auto/Expression2.xml (RunModel)" time="0.01" />
  <testcase classname="ptolemy.util.test.junit.AutoTests" name="[161] /home/travis/build/icyphy/ptII/ptolemy/actor/lib/test/auto/Expression3.xml (RunModel)" time="0.009" />
  <testcase classname="ptolemy.util.test.junit.AutoTests" name="[162] /home/travis/build/icyphy/ptII/ptolemy/actor/lib/test/auto/Expression4.xml (RunModel)" time="0.018" />
  <testcase classname="ptolemy.util.test.junit.AutoTests" name="[163] /home/travis/build/icyphy/ptII/ptolemy/actor/lib/test/auto/Expression5.xml (RunModel)" time="0.01" />
  <testcase classname="ptolemy.util.test.junit.AutoTests" name="[164] /home/travis/build/icyphy/ptII/ptolemy/actor/lib/test/auto/Expression6.xml (RunModel)" time="0.008" />
  <testcase classname="ptolemy.util.test.junit.AutoTests" name="[165] /home/travis/build/icyphy/ptII/ptolemy/actor/lib/test/auto/Expression7.xml (RunModel)" time="0.009" />
  <testcase classname="ptolemy.util.test.junit.AutoTests" name="[166] /home/travis/build/icyphy/ptII/ptolemy/actor/lib/test/auto/Expression8.xml (RunModel)" time="0.011" />
  <testcase classname="ptolemy.util.test.junit.AutoTests" name="[167] /home/travis/build/icyphy/ptII/ptolemy/actor/lib/test/auto/Expression9.xml (RunModel)" time="0.007" />
  <testcase classname="ptolemy.util.test.junit.AutoTests" name="[168] /home/travis/build/icyphy/ptII/ptolemy/actor/lib/test/auto/ExpressionConcatenateArrayType.xml (RunModel)" time="0.029" />
  <testcase classname="ptolemy.util.test.junit.AutoTests" name="[169] /home/travis/build/icyphy/ptII/ptolemy/actor/lib/test/auto/ExpressionConcatenateArrayType2.xml (RunModel)" time="0.021" />
  <testcase classname="ptolemy.util.test.junit.AutoTests" name="[170] /home/travis/build/icyphy/ptII/ptolemy/actor/lib/test/auto/ExpressionFix.xml (RunModel)" time="0.043" />
  <testcase classname="ptolemy.util.test.junit.AutoTests" name="[171] /home/travis/build/icyphy/ptII/ptolemy/actor/lib/test/auto/ExpressionFix2.xml (RunModel)" time="0.014" />
  <testcase classname="ptolemy.util.test.junit.AutoTests" name="[172] /home/travis/build/icyphy/ptII/ptolemy/actor/lib/test/auto/ExpressionFix3.xml (RunModel)" time="0.012" />
  <testcase classname="ptolemy.util.test.junit.AutoTests" name="[173] /home/travis/build/icyphy/ptII/ptolemy/actor/lib/test/auto/FileWriter1.xml (RunModel)" time="0.009" />
  <testcase classname="ptolemy.util.test.junit.AutoTests" name="[174] /home/travis/build/icyphy/ptII/ptolemy/actor/lib/test/auto/FileWriter2.xml (RunModel)" time="0.012" />
  <testcase classname="ptolemy.util.test.junit.AutoTests" name="[175] /home/travis/build/icyphy/ptII/ptolemy/actor/lib/test/auto/FileWriter3.xml (RunModel)" time="0.01" />
  <testcase classname="ptolemy.util.test.junit.AutoTests" name="[176] /home/travis/build/icyphy/ptII/ptolemy/actor/lib/test/auto/Gaussian.xml (RunModel)" time="0.016" />
  <testcase classname="ptolemy.util.test.junit.AutoTests" name="[177] /home/travis/build/icyphy/ptII/ptolemy/actor/lib/test/auto/Gaussian1.xml (RunModel)" time="0.02" />
  <testcase classname="ptolemy.util.test.junit.AutoTests" name="[178] /home/travis/build/icyphy/ptII/ptolemy/actor/lib/test/auto/Gaussian2.xml (RunModel)" time="0.084" />
  <testcase classname="ptolemy.util.test.junit.AutoTests" name="[179] /home/travis/build/icyphy/ptII/ptolemy/actor/lib/test/auto/GradientAdaptiveLattice.xml (RunModel)" time="0.016" />
  <testcase classname="ptolemy.util.test.junit.AutoTests" name="[180] /home/travis/build/icyphy/ptII/ptolemy/actor/lib/test/auto/IIR.xml (RunModel)" time="0.013" />
  <testcase classname="ptolemy.util.test.junit.AutoTests" name="[181] /home/travis/build/icyphy/ptII/ptolemy/actor/lib/test/auto/InputOutputTransparentPorts.xml (RunModel)" time="0.018" />
  <testcase classname="ptolemy.util.test.junit.AutoTests" name="[182] /home/travis/build/icyphy/ptII/ptolemy/actor/lib/test/auto/Interpolator.xml (RunModel)" time="0.012" />
  <testcase classname="ptolemy.util.test.junit.AutoTests" name="[183] /home/travis/build/icyphy/ptII/ptolemy/actor/lib/test/auto/InterpolatorFiringLimitDE.xml (RunModel)" time="0.013" />
  <testcase classname="ptolemy.util.test.junit.AutoTests" name="[184] /home/travis/build/icyphy/ptII/ptolemy/actor/lib/test/auto/Lattice.xml (RunModel)" time="0.008" />
  <testcase classname="ptolemy.util.test.junit.AutoTests" name="[185] /home/travis/build/icyphy/ptII/ptolemy/actor/lib/test/auto/LazyAOCTestLazy.xml (RunModel)" time="0.022" />
  <testcase classname="ptolemy.util.test.junit.AutoTests" name="[186] /home/travis/build/icyphy/ptII/ptolemy/actor/lib/test/auto/LazyAOCTestNonLazy.xml (RunModel)" time="0.054" />
  <testcase classname="ptolemy.util.test.junit.AutoTests" name="[187] /home/travis/build/icyphy/ptII/ptolemy/actor/lib/test/auto/LazyInnerClass.xml (RunModel)" time="0.043" />
  <testcase classname="ptolemy.util.test.junit.AutoTests" name="[188] /home/travis/build/icyphy/ptII/ptolemy/actor/lib/test/auto/LazyPubSub.xml (RunModel)" time="0.061" />
  <testcase classname="ptolemy.util.test.junit.AutoTests" name="[189] /home/travis/build/icyphy/ptII/ptolemy/actor/lib/test/auto/LazyPubSub2.xml (RunModel)" time="0.043" />
  <testcase classname="ptolemy.util.test.junit.AutoTests" name="[190] /home/travis/build/icyphy/ptII/ptolemy/actor/lib/test/auto/LazyPubSub3.xml (RunModel)" time="0.025" />
  <testcase classname="ptolemy.util.test.junit.AutoTests" name="[191] /home/travis/build/icyphy/ptII/ptolemy/actor/lib/test/auto/LazySubClassModel.xml (RunModel)" time="0.025" />
  <testcase classname="ptolemy.util.test.junit.AutoTests" name="[192] /home/travis/build/icyphy/ptII/ptolemy/actor/lib/test/auto/LevelCrossTest1.xml (RunModel)" time="0.01" />
  <testcase classname="ptolemy.util.test.junit.AutoTests" name="[193] /home/travis/build/icyphy/ptII/ptolemy/actor/lib/test/auto/LevelCrossTest10.xml (RunModel)" time="0.014" />
  <testcase classname="ptolemy.util.test.junit.AutoTests" name="[194] /home/travis/build/icyphy/ptII/ptolemy/actor/lib/test/auto/LevelCrossTest11.xml (RunModel)" time="0.016" />
  <testcase classname="ptolemy.util.test.junit.AutoTests" name="[195] /home/travis/build/icyphy/ptII/ptolemy/actor/lib/test/auto/LevelCrossTest12.xml (RunModel)" time="0.018" />
  <testcase classname="ptolemy.util.test.junit.AutoTests" name="[196] /home/travis/build/icyphy/ptII/ptolemy/actor/lib/test/auto/LevelCrossTest13.xml (RunModel)" time="0.013" />
  <testcase classname="ptolemy.util.test.junit.AutoTests" name="[197] /home/travis/build/icyphy/ptII/ptolemy/actor/lib/test/auto/LevelCrossTest2.xml (RunModel)" time="0.01" />
  <testcase classname="ptolemy.util.test.junit.AutoTests" name="[198] /home/travis/build/icyphy/ptII/ptolemy/actor/lib/test/auto/LevelCrossTest3.xml (RunModel)" time="0.014" />
  <testcase classname="ptolemy.util.test.junit.AutoTests" name="[199] /home/travis/build/icyphy/ptII/ptolemy/actor/lib/test/auto/LevelCrossTest4.xml (RunModel)" time="0.012" />
  <testcase classname="ptolemy.util.test.junit.AutoTests" name="[200] /home/travis/build/icyphy/ptII/ptolemy/actor/lib/test/auto/LevelCrossTest5.xml (RunModel)" time="0.015" />
  <testcase classname="ptolemy.util.test.junit.AutoTests" name="[201] /home/travis/build/icyphy/ptII/ptolemy/actor/lib/test/auto/LevelCrossTest6.xml (RunModel)" time="0.017" />
  <testcase classname="ptolemy.util.test.junit.AutoTests" name="[202] /home/travis/build/icyphy/ptII/ptolemy/actor/lib/test/auto/LevelCrossTest7.xml (RunModel)" time="0.015" />
  <testcase classname="ptolemy.util.test.junit.AutoTests" name="[203] /home/travis/build/icyphy/ptII/ptolemy/actor/lib/test/auto/LevelCrossTest8.xml (RunModel)" time="0.012" />
  <testcase classname="ptolemy.util.test.junit.AutoTests" name="[204] /home/travis/build/icyphy/ptII/ptolemy/actor/lib/test/auto/LevelCrossTest9.xml (RunModel)" time="0.015" />
  <testcase classname="ptolemy.util.test.junit.AutoTests" name="[205] /home/travis/build/icyphy/ptII/ptolemy/actor/lib/test/auto/LevinsonDurbin.xml (RunModel)" time="0.012" />
  <testcase classname="ptolemy.util.test.junit.AutoTests" name="[206] /home/travis/build/icyphy/ptII/ptolemy/actor/lib/test/auto/LevinsonDurbin2.xml (RunModel)" time="0.01" />
  <testcase classname="ptolemy.util.test.junit.AutoTests" name="[207] /home/travis/build/icyphy/ptII/ptolemy/actor/lib/test/auto/LevinsonDurbin3.xml (RunModel)" time="0.023" />
  <testcase classname="ptolemy.util.test.junit.AutoTests" name="[208] /home/travis/build/icyphy/ptII/ptolemy/actor/lib/test/auto/Limiter.xml (RunModel)" time="0.024" />
  <testcase classname="ptolemy.util.test.junit.AutoTests" name="[209] /home/travis/build/icyphy/ptII/ptolemy/actor/lib/test/auto/LinearDifferenceEquationSystem.xml (RunModel)" time="0.02" />
  <testcase classname="ptolemy.util.test.junit.AutoTests" name="[210] /home/travis/build/icyphy/ptII/ptolemy/actor/lib/test/auto/LookupTable.xml (RunModel)" time="0.009" />
  <testcase classname="ptolemy.util.test.junit.AutoTests" name="[211] /home/travis/build/icyphy/ptII/ptolemy/actor/lib/test/auto/MathFunction.xml (RunModel)" time="0.019" />
  <testcase classname="ptolemy.util.test.junit.AutoTests" name="[212] /home/travis/build/icyphy/ptII/ptolemy/actor/lib/test/auto/MathFunction2.xml (RunModel)" time="0.017" />
  <testcase classname="ptolemy.util.test.junit.AutoTests" name="[213] /home/travis/build/icyphy/ptII/ptolemy/actor/lib/test/auto/MathFunction3.xml (RunModel)" time="0.023" />
  <testcase classname="ptolemy.util.test.junit.AutoTests" name="[214] /home/travis/build/icyphy/ptII/ptolemy/actor/lib/test/auto/MatrixCropBoolean.xml (RunModel)" time="0.01" />
  <testcase classname="ptolemy.util.test.junit.AutoTests" name="[215] /home/travis/build/icyphy/ptII/ptolemy/actor/lib/test/auto/MatrixCropComplex.xml (RunModel)" time="0.009" />
  <testcase classname="ptolemy.util.test.junit.AutoTests" name="[216] /home/travis/build/icyphy/ptII/ptolemy/actor/lib/test/auto/MatrixCropDouble.xml (RunModel)" time="0.01" />
  <testcase classname="ptolemy.util.test.junit.AutoTests" name="[217] /home/travis/build/icyphy/ptII/ptolemy/actor/lib/test/auto/MatrixCropFix.xml (RunModel)" time="0.012" />
  <testcase classname="ptolemy.util.test.junit.AutoTests" name="[218] /home/travis/build/icyphy/ptII/ptolemy/actor/lib/test/auto/MatrixCropInt.xml (RunModel)" time="0.009" />
  <testcase classname="ptolemy.util.test.junit.AutoTests" name="[219] /home/travis/build/icyphy/ptII/ptolemy/actor/lib/test/auto/MatrixCropLong.xml (RunModel)" time="0.008" />
  <testcase classname="ptolemy.util.test.junit.AutoTests" name="[220] /home/travis/build/icyphy/ptII/ptolemy/actor/lib/test/auto/MatrixToArray.xml (RunModel)" time="0.054" />
  <testcase classname="ptolemy.util.test.junit.AutoTests" name="[221] /home/travis/build/icyphy/ptII/ptolemy/actor/lib/test/auto/MaxIndex.xml (RunModel)" time="0.012" />
  <testcase classname="ptolemy.util.test.junit.AutoTests" name="[222] /home/travis/build/icyphy/ptII/ptolemy/actor/lib/test/auto/Maximum.xml (RunModel)" time="0.013" />
  <testcase classname="ptolemy.util.test.junit.AutoTests" name="[223] /home/travis/build/icyphy/ptII/ptolemy/actor/lib/test/auto/MaximumComplex.xml (RunModel)" time="0.018" />
  <testcase classname="ptolemy.util.test.junit.AutoTests" name="[224] /home/travis/build/icyphy/ptII/ptolemy/actor/lib/test/auto/MethodCallTest.xml (RunModel)" time="0.026" />
  <testcase classname="ptolemy.util.test.junit.AutoTests" name="[225] /home/travis/build/icyphy/ptII/ptolemy/actor/lib/test/auto/Minimum.xml (RunModel)" time="0.02" />
  <testcase classname="ptolemy.util.test.junit.AutoTests" name="[226] /home/travis/build/icyphy/ptII/ptolemy/actor/lib/test/auto/MinimumComplex.xml (RunModel)" time="0.027" />
  <testcase classname="ptolemy.util.test.junit.AutoTests" name="[227] /home/travis/build/icyphy/ptII/ptolemy/actor/lib/test/auto/MinimumMultiports.xml (RunModel)" time="0.034" />
  <testcase classname="ptolemy.util.test.junit.AutoTests" name="[228] /home/travis/build/icyphy/ptII/ptolemy/actor/lib/test/auto/ModifyDate.xml (RunModel)" time="0.047" />
  <testcase classname="ptolemy.util.test.junit.AutoTests" name="[229] /home/travis/build/icyphy/ptII/ptolemy/actor/lib/test/auto/ModifyDate2.xml (RunModel)" time="0.025" />
  <testcase classname="ptolemy.util.test.junit.AutoTests" name="[230] /home/travis/build/icyphy/ptII/ptolemy/actor/lib/test/auto/MovingAverage.xml (RunModel)" time="0.011" />
  <testcase classname="ptolemy.util.test.junit.AutoTests" name="[231] /home/travis/build/icyphy/ptII/ptolemy/actor/lib/test/auto/MovingMaximum.xml (RunModel)" time="0.019" />
  <testcase classname="ptolemy.util.test.junit.AutoTests" name="[232] /home/travis/build/icyphy/ptII/ptolemy/actor/lib/test/auto/MultipleLinksToSameRelation.xml (RunModel)" time="0.008" />
  <testcase classname="ptolemy.util.test.junit.AutoTests" name="[233] /home/travis/build/icyphy/ptII/ptolemy/actor/lib/test/auto/MultipleLinksToSameRelationDE.xml (RunModel)" time="0.009" />
  <testcase classname="ptolemy.util.test.junit.AutoTests" name="[234] /home/travis/build/icyphy/ptII/ptolemy/actor/lib/test/auto/Multiplexor.xml (RunModel)" time="0.012" />
  <testcase classname="ptolemy.util.test.junit.AutoTests" name="[235] /home/travis/build/icyphy/ptII/ptolemy/actor/lib/test/auto/Multiplexor1.xml (RunModel)" time="0.011" />
  <testcase classname="ptolemy.util.test.junit.AutoTests" name="[236] /home/travis/build/icyphy/ptII/ptolemy/actor/lib/test/auto/Multiplexor2.xml (RunModel)" time="0.016" />
  <testcase classname="ptolemy.util.test.junit.AutoTests" name="[237] /home/travis/build/icyphy/ptII/ptolemy/actor/lib/test/auto/Multiplexor3.xml (RunModel)" time="0.008" />
  <testcase classname="ptolemy.util.test.junit.AutoTests" name="[238] /home/travis/build/icyphy/ptII/ptolemy/actor/lib/test/auto/MultiplexorDE.xml (RunModel)" time="0.015" />
  <testcase classname="ptolemy.util.test.junit.AutoTests" name="[239] /home/travis/build/icyphy/ptII/ptolemy/actor/lib/test/auto/MultiportBroadcastTest.xml (RunModel)" time="0.108" />
  <testcase classname="ptolemy.util.test.junit.AutoTests" name="[240] /home/travis/build/icyphy/ptII/ptolemy/actor/lib/test/auto/MultiportOutHangDuringGetWidth.xml (RunModel)" time="0.064" />
  <testcase classname="ptolemy.util.test.junit.AutoTests" name="[241] /home/travis/build/icyphy/ptII/ptolemy/actor/lib/test/auto/NilToken.xml (RunModel)" time="0.015" />
  <testcase classname="ptolemy.util.test.junit.AutoTests" name="[242] /home/travis/build/icyphy/ptII/ptolemy/actor/lib/test/auto/NilTokenNonStrictTest.xml (RunModel)" time="0.013" />
  <testcase classname="ptolemy.util.test.junit.AutoTests" name="[243] /home/travis/build/icyphy/ptII/ptolemy/actor/lib/test/auto/NilTokenRecord.xml (RunModel)" time="0.021" />
  <testcase classname="ptolemy.util.test.junit.AutoTests" name="[244] /home/travis/build/icyphy/ptII/ptolemy/actor/lib/test/auto/NilTokenTypeTest.xml (RunModel)" time="0.032" />
  <testcase classname="ptolemy.util.test.junit.AutoTests" name="[245] /home/travis/build/icyphy/ptII/ptolemy/actor/lib/test/auto/ObjectToken1.xml (RunModel)" time="0.012" />
  <testcase classname="ptolemy.util.test.junit.AutoTests" name="[246] /home/travis/build/icyphy/ptII/ptolemy/actor/lib/test/auto/OrderedMerge.xml (RunModel)" time="0.021" />
  <testcase classname="ptolemy.util.test.junit.AutoTests" name="[247] /home/travis/build/icyphy/ptII/ptolemy/actor/lib/test/auto/OrderedRecordDisassembler.xml (RunModel)" time="0.018" />
  <testcase classname="ptolemy.util.test.junit.AutoTests" name="[248] /home/travis/build/icyphy/ptII/ptolemy/actor/lib/test/auto/OrderedRecordDisassembler2.xml (RunModel)" time="0.017" />
  <testcase classname="ptolemy.util.test.junit.AutoTests" name="[249] /home/travis/build/icyphy/ptII/ptolemy/actor/lib/test/auto/OrderedRecordUpdater.xml (RunModel)" time="0.012" />
  <testcase classname="ptolemy.util.test.junit.AutoTests" name="[250] /home/travis/build/icyphy/ptII/ptolemy/actor/lib/test/auto/OrderedRecordUpdater2.xml (RunModel)" time="0.016" />
  <testcase classname="ptolemy.util.test.junit.AutoTests" name="[251] /home/travis/build/icyphy/ptII/ptolemy/actor/lib/test/auto/PhaseUnwrap.xml (RunModel)" time="0.013" />
  <testcase classname="ptolemy.util.test.junit.AutoTests" name="[252] /home/travis/build/icyphy/ptII/ptolemy/actor/lib/test/auto/PoissonClock.xml (RunModel)" time="0.009" />
  <testcase classname="ptolemy.util.test.junit.AutoTests" name="[253] /home/travis/build/icyphy/ptII/ptolemy/actor/lib/test/auto/PoissonClock2.xml (RunModel)" time="0.008" />
  <testcase classname="ptolemy.util.test.junit.AutoTests" name="[254] /home/travis/build/icyphy/ptII/ptolemy/actor/lib/test/auto/PoissonClock3.xml (RunModel)" time="0.021" />
  <testcase classname="ptolemy.util.test.junit.AutoTests" name="[255] /home/travis/build/icyphy/ptII/ptolemy/actor/lib/test/auto/PubSubWithInitialTokens.xml (RunModel)" time="0.016" />
  <testcase classname="ptolemy.util.test.junit.AutoTests" name="[256] /home/travis/build/icyphy/ptII/ptolemy/actor/lib/test/auto/PubSubWithInitialTokens2.xml (RunModel)" time="0.013" />
  <testcase classname="ptolemy.util.test.junit.AutoTests" name="[257] /home/travis/build/icyphy/ptII/ptolemy/actor/lib/test/auto/PublisherClassNoParameter.xml (RunModel)" time="0.022" />
  <testcase classname="ptolemy.util.test.junit.AutoTests" name="[258] /home/travis/build/icyphy/ptII/ptolemy/actor/lib/test/auto/PublisherClassParameter.xml (RunModel)" time="0.02" />
  <testcase classname="ptolemy.util.test.junit.AutoTests" name="[259] /home/travis/build/icyphy/ptII/ptolemy/actor/lib/test/auto/PublisherNonStrictTest.xml (RunModel)" time="0.013" />
  <testcase classname="ptolemy.util.test.junit.AutoTests" name="[260] /home/travis/build/icyphy/ptII/ptolemy/actor/lib/test/auto/PublisherPort1.xml (RunModel)" time="0.021" />
  <testcase classname="ptolemy.util.test.junit.AutoTests" name="[261] /home/travis/build/icyphy/ptII/ptolemy/actor/lib/test/auto/PublisherPort2.xml (RunModel)" time="0.017" />
  <testcase classname="ptolemy.util.test.junit.AutoTests" name="[262] /home/travis/build/icyphy/ptII/ptolemy/actor/lib/test/auto/PublisherPort3.xml (RunModel)" time="0.011" />
  <testcase classname="ptolemy.util.test.junit.AutoTests" name="[263] /home/travis/build/icyphy/ptII/ptolemy/actor/lib/test/auto/PublisherPort4.xml (RunModel)" time="0.014" />
  <testcase classname="ptolemy.util.test.junit.AutoTests" name="[264] /home/travis/build/icyphy/ptII/ptolemy/actor/lib/test/auto/PublisherPort5.xml (RunModel)" time="0.014" />
  <testcase classname="ptolemy.util.test.junit.AutoTests" name="[265] /home/travis/build/icyphy/ptII/ptolemy/actor/lib/test/auto/PublisherPort5LookAlike.xml (RunModel)" time="0.018" />
  <testcase classname="ptolemy.util.test.junit.AutoTests" name="[266] /home/travis/build/icyphy/ptII/ptolemy/actor/lib/test/auto/PublisherPort6.xml (RunModel)" time="0.013" />
  <testcase classname="ptolemy.util.test.junit.AutoTests" name="[267] /home/travis/build/icyphy/ptII/ptolemy/actor/lib/test/auto/PublisherPort7.xml (RunModel)" time="0.016" />
  <testcase classname="ptolemy.util.test.junit.AutoTests" name="[268] /home/travis/build/icyphy/ptII/ptolemy/actor/lib/test/auto/PublisherPort8.xml (RunModel)" time="0.016" />
  <testcase classname="ptolemy.util.test.junit.AutoTests" name="[269] /home/travis/build/icyphy/ptII/ptolemy/actor/lib/test/auto/PublisherPortSubscriberChannelVariablesAOC2.xml (RunModel)" time="0.03" />
  <testcase classname="ptolemy.util.test.junit.AutoTests" name="[270] /home/travis/build/icyphy/ptII/ptolemy/actor/lib/test/auto/PublisherPortSubscriberOpaqueWidthInference.xml (RunModel)" time="0.051" />
  <testcase classname="ptolemy.util.test.junit.AutoTests" name="[271] /home/travis/build/icyphy/ptII/ptolemy/actor/lib/test/auto/PublisherPortSubscriberPortAdjacent.xml (RunModel)" time="0.025" />
  <testcase classname="ptolemy.util.test.junit.AutoTests" name="[272] /home/travis/build/icyphy/ptII/ptolemy/actor/lib/test/auto/PublisherPortSubscriberPortExpression.xml (RunModel)" time="0.015" />
  <testcase classname="ptolemy.util.test.junit.AutoTests" name="[273] /home/travis/build/icyphy/ptII/ptolemy/actor/lib/test/auto/PublisherPortSubscriberPortOpaqueD3Reverse.xml (RunModel)" time="0.032" />
  <testcase classname="ptolemy.util.test.junit.AutoTests" name="[274] /home/travis/build/icyphy/ptII/ptolemy/actor/lib/test/auto/PublisherPortSubscriberPortOpaqueWidthInference.xml (RunModel)" time="0.014" />
  <testcase classname="ptolemy.util.test.junit.AutoTests" name="[275] /home/travis/build/icyphy/ptII/ptolemy/actor/lib/test/auto/PublisherPortToplevelSubscriberPortAOC.xml (RunModel)" time="0.011" />
  <testcase classname="ptolemy.util.test.junit.AutoTests" name="[276] /home/travis/build/icyphy/ptII/ptolemy/actor/lib/test/auto/PublisherSubscriber.xml (RunModel)" time="0.012" />
  <testcase classname="ptolemy.util.test.junit.AutoTests" name="[277] /home/travis/build/icyphy/ptII/ptolemy/actor/lib/test/auto/PublisherSubscriber10.xml (RunModel)" time="0.018" />
  <testcase classname="ptolemy.util.test.junit.AutoTests" name="[278] /home/travis/build/icyphy/ptII/ptolemy/actor/lib/test/auto/PublisherSubscriber10InitialOutputs.xml (RunModel)" time="0.026" />
  <testcase classname="ptolemy.util.test.junit.AutoTests" name="[279] /home/travis/build/icyphy/ptII/ptolemy/actor/lib/test/auto/PublisherSubscriber11.xml (RunModel)" time="0.015" />
  <testcase classname="ptolemy.util.test.junit.AutoTests" name="[280] /home/travis/build/icyphy/ptII/ptolemy/actor/lib/test/auto/PublisherSubscriber12.xml (RunModel)" time="0.02" />
  <testcase classname="ptolemy.util.test.junit.AutoTests" name="[281] /home/travis/build/icyphy/ptII/ptolemy/actor/lib/test/auto/PublisherSubscriber13.xml (RunModel)" time="0.01" />
  <testcase classname="ptolemy.util.test.junit.AutoTests" name="[282] /home/travis/build/icyphy/ptII/ptolemy/actor/lib/test/auto/PublisherSubscriber14.xml (RunModel)" time="0.021" />
  <testcase classname="ptolemy.util.test.junit.AutoTests" name="[283] /home/travis/build/icyphy/ptII/ptolemy/actor/lib/test/auto/PublisherSubscriber2.xml (RunModel)" time="0.01" />
  <testcase classname="ptolemy.util.test.junit.AutoTests" name="[284] /home/travis/build/icyphy/ptII/ptolemy/actor/lib/test/auto/PublisherSubscriber3.xml (RunModel)" time="0.009" />
  <testcase classname="ptolemy.util.test.junit.AutoTests" name="[285] /home/travis/build/icyphy/ptII/ptolemy/actor/lib/test/auto/PublisherSubscriber4.xml (RunModel)" time="0.008" />
  <testcase classname="ptolemy.util.test.junit.AutoTests" name="[286] /home/travis/build/icyphy/ptII/ptolemy/actor/lib/test/auto/PublisherSubscriber5.xml (RunModel)" time="0.011" />
  <testcase classname="ptolemy.util.test.junit.AutoTests" name="[287] /home/travis/build/icyphy/ptII/ptolemy/actor/lib/test/auto/PublisherSubscriber6.xml (RunModel)" time="0.014" />
  <testcase classname="ptolemy.util.test.junit.AutoTests" name="[288] /home/travis/build/icyphy/ptII/ptolemy/actor/lib/test/auto/PublisherSubscriber7.xml (RunModel)" time="0.018" />
  <testcase classname="ptolemy.util.test.junit.AutoTests" name="[289] /home/travis/build/icyphy/ptII/ptolemy/actor/lib/test/auto/PublisherSubscriber8.xml (RunModel)" time="0.026" />
  <testcase classname="ptolemy.util.test.junit.AutoTests" name="[290] /home/travis/build/icyphy/ptII/ptolemy/actor/lib/test/auto/PublisherSubscriber9.xml (RunModel)" time="0.015" />
  <testcase classname="ptolemy.util.test.junit.AutoTests" name="[291] /home/travis/build/icyphy/ptII/ptolemy/actor/lib/test/auto/PublisherSubscriberAdjacent.xml (RunModel)" time="0.015" />
  <testcase classname="ptolemy.util.test.junit.AutoTests" name="[292] /home/travis/build/icyphy/ptII/ptolemy/actor/lib/test/auto/PublisherSubscriberChannelVariablesAOC2.xml (RunModel)" time="0.023" />
  <testcase classname="ptolemy.util.test.junit.AutoTests" name="[293] /home/travis/build/icyphy/ptII/ptolemy/actor/lib/test/auto/PublisherSubscriberD3.xml (RunModel)" time="0.012" />
  <testcase classname="ptolemy.util.test.junit.AutoTests" name="[294] /home/travis/build/icyphy/ptII/ptolemy/actor/lib/test/auto/PublisherSubscriberD3Reverse.xml (RunModel)" time="0.012" />
  <testcase classname="ptolemy.util.test.junit.AutoTests" name="[295] /home/travis/build/icyphy/ptII/ptolemy/actor/lib/test/auto/PublisherSubscriberExpression.xml (RunModel)" time="0.015" />
  <testcase classname="ptolemy.util.test.junit.AutoTests" name="[296] /home/travis/build/icyphy/ptII/ptolemy/actor/lib/test/auto/PublisherSubscriberOpaque.xml (RunModel)" time="0.014" />
  <testcase classname="ptolemy.util.test.junit.AutoTests" name="[297] /home/travis/build/icyphy/ptII/ptolemy/actor/lib/test/auto/PublisherSubscriberOpaqueD3.xml (RunModel)" time="0.02" />
  <testcase classname="ptolemy.util.test.junit.AutoTests" name="[298] /home/travis/build/icyphy/ptII/ptolemy/actor/lib/test/auto/PublisherSubscriberOpaqueD3Reverse.xml (RunModel)" time="0.022" />
  <testcase classname="ptolemy.util.test.junit.AutoTests" name="[299] /home/travis/build/icyphy/ptII/ptolemy/actor/lib/test/auto/PublisherSubscriberOpaqueWidthInference.xml (RunModel)" time="0.015" />
  <testcase classname="ptolemy.util.test.junit.AutoTests" name="[300] /home/travis/build/icyphy/ptII/ptolemy/actor/lib/test/auto/PublisherTestSubscriber.xml (RunModel)" time="0.016" />
  <testcase classname="ptolemy.util.test.junit.AutoTests" name="[301] /home/travis/build/icyphy/ptII/ptolemy/actor/lib/test/auto/PublisherToplevelSubscriberPortAOC.xml (RunModel)" time="0.011" />
  <testcase classname="ptolemy.util.test.junit.AutoTests" name="[302] /home/travis/build/icyphy/ptII/ptolemy/actor/lib/test/auto/PulseFiringLimitDE.xml (RunModel)" time="0.014" />
  <testcase classname="ptolemy.util.test.junit.AutoTests" name="[303] /home/travis/build/icyphy/ptII/ptolemy/actor/lib/test/auto/Ramp1.xml (RunModel)" time="0.006" />
  <testcase classname="ptolemy.util.test.junit.AutoTests" name="[304] /home/travis/build/icyphy/ptII/ptolemy/actor/lib/test/auto/RampFiringLimitDE.xml (RunModel)" time="0.01" />
  <testcase classname="ptolemy.util.test.junit.AutoTests" name="[305] /home/travis/build/icyphy/ptII/ptolemy/actor/lib/test/auto/RampFiringLimitSDF.xml (RunModel)" time="0.009" />
  <testcase classname="ptolemy.util.test.junit.AutoTests" name="[306] /home/travis/build/icyphy/ptII/ptolemy/actor/lib/test/auto/RandomInteger.xml (RunModel)" time="0.008" />
  <testcase classname="ptolemy.util.test.junit.AutoTests" name="[307] /home/travis/build/icyphy/ptII/ptolemy/actor/lib/test/auto/ReadFile1.xml (RunModel)" time="0.007" />
  <testcase classname="ptolemy.util.test.junit.AutoTests" name="[308] /home/travis/build/icyphy/ptII/ptolemy/actor/lib/test/auto/ReadFile2.xml (RunModel)" time="0.007" />
  <testcase classname="ptolemy.util.test.junit.AutoTests" name="[309] /home/travis/build/icyphy/ptII/ptolemy/actor/lib/test/auto/Reader.xml (RunModel)" time="0.014" />
  <testcase classname="ptolemy.util.test.junit.AutoTests" name="[310] /home/travis/build/icyphy/ptII/ptolemy/actor/lib/test/auto/RecordAssemblerDisplayNameTest.xml (RunModel)" time="3.348" />
  <testcase classname="ptolemy.util.test.junit.AutoTests" name="[311] /home/travis/build/icyphy/ptII/ptolemy/actor/lib/test/auto/RecordAssemblerTypeError.xml (RunModel)" time="0.055" />
  <testcase classname="ptolemy.util.test.junit.AutoTests" name="[312] /home/travis/build/icyphy/ptII/ptolemy/actor/lib/test/auto/RecordDisassember.xml (RunModel)" time="0.012" />
  <testcase classname="ptolemy.util.test.junit.AutoTests" name="[313] /home/travis/build/icyphy/ptII/ptolemy/actor/lib/test/auto/RecordDisassemberDisplayNameTest.xml (RunModel)" time="0.018" />
  <testcase classname="ptolemy.util.test.junit.AutoTests" name="[314] /home/travis/build/icyphy/ptII/ptolemy/actor/lib/test/auto/RecordDisassembler.xml (RunModel)" time="0.011" />
  <testcase classname="ptolemy.util.test.junit.AutoTests" name="[315] /home/travis/build/icyphy/ptII/ptolemy/actor/lib/test/auto/RecordDisassembler2.xml (RunModel)" time="0.01" />
  <testcase classname="ptolemy.util.test.junit.AutoTests" name="[316] /home/travis/build/icyphy/ptII/ptolemy/actor/lib/test/auto/RecordUpdater.xml (RunModel)" time="0.042" />
  <testcase classname="ptolemy.util.test.junit.AutoTests" name="[317] /home/travis/build/icyphy/ptII/ptolemy/actor/lib/test/auto/RecordUpdater2.xml (RunModel)" time="0.01" />
  <testcase classname="ptolemy.util.test.junit.AutoTests" name="[318] /home/travis/build/icyphy/ptII/ptolemy/actor/lib/test/auto/RecursiveLattice.xml (RunModel)" time="0.008" />
  <testcase classname="ptolemy.util.test.junit.AutoTests" name="[319] /home/travis/build/icyphy/ptII/ptolemy/actor/lib/test/auto/Router.xml (RunModel)" time="3.023" />
  <testcase classname="ptolemy.util.test.junit.AutoTests" name="[320] /home/travis/build/icyphy/ptII/ptolemy/actor/lib/test/auto/Router2.xml (RunModel)" time="3.022" />
  <testcase classname="ptolemy.util.test.junit.AutoTests" name="[321] /home/travis/build/icyphy/ptII/ptolemy/actor/lib/test/auto/RunningMaximum.xml (RunModel)" time="0.015" />
  <testcase classname="ptolemy.util.test.junit.AutoTests" name="[322] /home/travis/build/icyphy/ptII/ptolemy/actor/lib/test/auto/RunningMinimum.xml (RunModel)" time="0.016" />
  <testcase classname="ptolemy.util.test.junit.AutoTests" name="[323] /home/travis/build/icyphy/ptII/ptolemy/actor/lib/test/auto/Scale.xml (RunModel)" time="0.011" />
  <testcase classname="ptolemy.util.test.junit.AutoTests" name="[324] /home/travis/build/icyphy/ptII/ptolemy/actor/lib/test/auto/Scale2.xml (RunModel)" time="0.009" />
  <testcase classname="ptolemy.util.test.junit.AutoTests" name="[325] /home/travis/build/icyphy/ptII/ptolemy/actor/lib/test/auto/Scale3.xml (RunModel)" time="0.022" />
  <testcase classname="ptolemy.util.test.junit.AutoTests" name="[326] /home/travis/build/icyphy/ptII/ptolemy/actor/lib/test/auto/ScaleArray.xml (RunModel)" time="0.014" />
  <testcase classname="ptolemy.util.test.junit.AutoTests" name="[327] /home/travis/build/icyphy/ptII/ptolemy/actor/lib/test/auto/ScaleArray2.xml (RunModel)" time="0.008" />
  <testcase classname="ptolemy.util.test.junit.AutoTests" name="[328] /home/travis/build/icyphy/ptII/ptolemy/actor/lib/test/auto/ScaleMatrix.xml (RunModel)" time="0.149" />
  <testcase classname="ptolemy.util.test.junit.AutoTests" name="[329] /home/travis/build/icyphy/ptII/ptolemy/actor/lib/test/auto/Select.xml (RunModel)" time="0.012" />
  <testcase classname="ptolemy.util.test.junit.AutoTests" name="[330] /home/travis/build/icyphy/ptII/ptolemy/actor/lib/test/auto/Select2.xml (RunModel)" time="0.009" />
  <testcase classname="ptolemy.util.test.junit.AutoTests" name="[331] /home/travis/build/icyphy/ptII/ptolemy/actor/lib/test/auto/SequenceToArray2.xml (RunModel)" time="0.115" />
  <testcase classname="ptolemy.util.test.junit.AutoTests" name="[332] /home/travis/build/icyphy/ptII/ptolemy/actor/lib/test/auto/SequentialClock.xml (RunModel)" time="0.01" />
  <testcase classname="ptolemy.util.test.junit.AutoTests" name="[333] /home/travis/build/icyphy/ptII/ptolemy/actor/lib/test/auto/SetVariable.xml (RunModel)" time="0.01" />
  <testcase classname="ptolemy.util.test.junit.AutoTests" name="[334] /home/travis/build/icyphy/ptII/ptolemy/actor/lib/test/auto/SetVariable2.xml (RunModel)" time="0.017" />
  <testcase classname="ptolemy.util.test.junit.AutoTests" name="[335] /home/travis/build/icyphy/ptII/ptolemy/actor/lib/test/auto/SetVariable3.xml (RunModel)" time="0.011" />
  <testcase classname="ptolemy.util.test.junit.AutoTests" name="[336] /home/travis/build/icyphy/ptII/ptolemy/actor/lib/test/auto/SetVariable4.xml (RunModel)" time="0.032" />
  <testcase classname="ptolemy.util.test.junit.AutoTests" name="[337] /home/travis/build/icyphy/ptII/ptolemy/actor/lib/test/auto/SetVariable5.xml (RunModel)" time="0.043" />
  <testcase classname="ptolemy.util.test.junit.AutoTests" name="[338] /home/travis/build/icyphy/ptII/ptolemy/actor/lib/test/auto/Sinewave.xml (RunModel)" time="0.023" />
  <testcase classname="ptolemy.util.test.junit.AutoTests" name="[339] /home/travis/build/icyphy/ptII/ptolemy/actor/lib/test/auto/Sinewave2.xml (RunModel)" time="0.013" />
  <testcase classname="ptolemy.util.test.junit.AutoTests" name="[340] /home/travis/build/icyphy/ptII/ptolemy/actor/lib/test/auto/Sinewave3.xml (RunModel)" time="0.021" />
  <testcase classname="ptolemy.util.test.junit.AutoTests" name="[341] /home/travis/build/icyphy/ptII/ptolemy/actor/lib/test/auto/SingleEvent.xml (RunModel)" time="0.012" />
  <testcase classname="ptolemy.util.test.junit.AutoTests" name="[342] /home/travis/build/icyphy/ptII/ptolemy/actor/lib/test/auto/Sleep.xml (RunModel)" time="6.019" />
  <testcase classname="ptolemy.util.test.junit.AutoTests" name="[343] /home/travis/build/icyphy/ptII/ptolemy/actor/lib/test/auto/SleepMultipleFire.xml (RunModel)" time="1.019" />
  <testcase classname="ptolemy.util.test.junit.AutoTests" name="[344] /home/travis/build/icyphy/ptII/ptolemy/actor/lib/test/auto/StopDE.xml (RunModel)" time="0.024" />
  <testcase classname="ptolemy.util.test.junit.AutoTests" name="[345] /home/travis/build/icyphy/ptII/ptolemy/actor/lib/test/auto/StopSDF.xml (RunModel)" time="0.014" />
  <testcase classname="ptolemy.util.test.junit.AutoTests" name="[346] /home/travis/build/icyphy/ptII/ptolemy/actor/lib/test/auto/StringConstant.xml (RunModel)" time="0.015" />
  <testcase classname="ptolemy.util.test.junit.AutoTests" name="[347] /home/travis/build/icyphy/ptII/ptolemy/actor/lib/test/auto/SubscriberPortInitialValues1.xml (RunModel)" time="0.021" />
  <testcase classname="ptolemy.util.test.junit.AutoTests" name="[348] /home/travis/build/icyphy/ptII/ptolemy/actor/lib/test/auto/SubscriberPortInitialValues13.xml (RunModel)" time="0.024" />
  <testcase classname="ptolemy.util.test.junit.AutoTests" name="[349] /home/travis/build/icyphy/ptII/ptolemy/actor/lib/test/auto/SubscriberPortInitialValues14.xml (RunModel)" time="0.014" />
  <testcase classname="ptolemy.util.test.junit.AutoTests" name="[350] /home/travis/build/icyphy/ptII/ptolemy/actor/lib/test/auto/SubscriberPortInitialValues2.xml (RunModel)" time="0.015" />
  <testcase classname="ptolemy.util.test.junit.AutoTests" name="[351] /home/travis/build/icyphy/ptII/ptolemy/actor/lib/test/auto/SubscriberPortInitialValues3.xml (RunModel)" time="0.019" />
  <testcase classname="ptolemy.util.test.junit.AutoTests" name="[352] /home/travis/build/icyphy/ptII/ptolemy/actor/lib/test/auto/SubscriptionAggregator.xml (RunModel)" time="0.012" />
  <testcase classname="ptolemy.util.test.junit.AutoTests" name="[353] /home/travis/build/icyphy/ptII/ptolemy/actor/lib/test/auto/SubscriptionAggregator2.xml (RunModel)" time="0.012" />
  <testcase classname="ptolemy.util.test.junit.AutoTests" name="[354] /home/travis/build/icyphy/ptII/ptolemy/actor/lib/test/auto/SubscriptionAggregator3.xml (RunModel)" time="0.016" />
  <testcase classname="ptolemy.util.test.junit.AutoTests" name="[355] /home/travis/build/icyphy/ptII/ptolemy/actor/lib/test/auto/SubscriptionAggregatorMultiply.xml (RunModel)" time="0.023" />
  <testcase classname="ptolemy.util.test.junit.AutoTests" name="[356] /home/travis/build/icyphy/ptII/ptolemy/actor/lib/test/auto/SubscriptionAggregatorPortMultiply1.xml (RunModel)" time="0.014" />
  <testcase classname="ptolemy.util.test.junit.AutoTests" name="[357] /home/travis/build/icyphy/ptII/ptolemy/actor/lib/test/auto/Switch.xml (RunModel)" time="0.058" />
  <testcase classname="ptolemy.util.test.junit.AutoTests" name="[358] /home/travis/build/icyphy/ptII/ptolemy/actor/lib/test/auto/Switch2.xml (RunModel)" time="0.012" />
  <testcase classname="ptolemy.util.test.junit.AutoTests" name="[359] /home/travis/build/icyphy/ptII/ptolemy/actor/lib/test/auto/SwitchDE.xml (RunModel)" time="0.013" />
  <testcase classname="ptolemy.util.test.junit.AutoTests" name="[360] /home/travis/build/icyphy/ptII/ptolemy/actor/lib/test/auto/SynchronizerDE.xml (RunModel)" time="0.02" />
  <testcase classname="ptolemy.util.test.junit.AutoTests" name="[361] /home/travis/build/icyphy/ptII/ptolemy/actor/lib/test/auto/Test.xml (RunModel)" time="0.016" />
  <testcase classname="ptolemy.util.test.junit.AutoTests" name="[362] /home/travis/build/icyphy/ptII/ptolemy/actor/lib/test/auto/TestExceptionAttribute1.xml (RunModel)" time="0.007" />
  <testcase classname="ptolemy.util.test.junit.AutoTests" name="[363] /home/travis/build/icyphy/ptII/ptolemy/actor/lib/test/auto/TestExceptionAttribute2.xml (RunModel)" time="0.015" />
  <testcase classname="ptolemy.util.test.junit.AutoTests" name="[364] /home/travis/build/icyphy/ptII/ptolemy/actor/lib/test/auto/TestExceptionAttribute3.xml (RunModel)" time="0.01" />
  <testcase classname="ptolemy.util.test.junit.AutoTests" name="[365] /home/travis/build/icyphy/ptII/ptolemy/actor/lib/test/auto/TestExceptionAttribute4.xml (RunModel)" time="0.008" />
  <testcase classname="ptolemy.util.test.junit.AutoTests" name="[366] /home/travis/build/icyphy/ptII/ptolemy/actor/lib/test/auto/TestExceptionHandler1.xml (RunModel)" time="0.009" />
  <testcase classname="ptolemy.util.test.junit.AutoTests" name="[367] /home/travis/build/icyphy/ptII/ptolemy/actor/lib/test/auto/TestExceptionHandler2.xml (RunModel)" time="0.011" />
  <testcase classname="ptolemy.util.test.junit.AutoTests" name="[368] /home/travis/build/icyphy/ptII/ptolemy/actor/lib/test/auto/TestExceptionHandler3.xml (RunModel)" time="0.005" />
  <testcase classname="ptolemy.util.test.junit.AutoTests" name="[369] /home/travis/build/icyphy/ptII/ptolemy/actor/lib/test/auto/TestExceptionHandler4.xml (RunModel)" time="0.006" />
  <testcase classname="ptolemy.util.test.junit.AutoTests" name="[370] /home/travis/build/icyphy/ptII/ptolemy/actor/lib/test/auto/TestRequireCorrectOrder.xml (RunModel)" time="0.013" />
  <testcase classname="ptolemy.util.test.junit.AutoTests" name="[371] /home/travis/build/icyphy/ptII/ptolemy/actor/lib/test/auto/TestSimple.xml (RunModel)" time="0.006" />
  <testcase classname="ptolemy.util.test.junit.AutoTests" name="[372] /home/travis/build/icyphy/ptII/ptolemy/actor/lib/test/auto/ThrowModelError.xml (RunModel)" time="0.01" />
  <testcase classname="ptolemy.util.test.junit.AutoTests" name="[373] /home/travis/build/icyphy/ptII/ptolemy/actor/lib/test/auto/TimeDelayMicrosteps.xml (RunModel)" time="0.024" />
  <testcase classname="ptolemy.util.test.junit.AutoTests" name="[374] /home/travis/build/icyphy/ptII/ptolemy/actor/lib/test/auto/TimeDelayMicrosteps2.xml (RunModel)" time="0.013" />
  <testcase classname="ptolemy.util.test.junit.AutoTests" name="[375] /home/travis/build/icyphy/ptII/ptolemy/actor/lib/test/auto/TimeDelayMicrosteps3.xml (RunModel)" time="0.013" />
  <testcase classname="ptolemy.util.test.junit.AutoTests" name="[376] /home/travis/build/icyphy/ptII/ptolemy/actor/lib/test/auto/TimeDelayVariableMicrosteps.xml (RunModel)" time="0.011" />
  <testcase classname="ptolemy.util.test.junit.AutoTests" name="[377] /home/travis/build/icyphy/ptII/ptolemy/actor/lib/test/auto/TimeGap.xml (RunModel)" time="0.016" />
  <testcase classname="ptolemy.util.test.junit.AutoTests" name="[378] /home/travis/build/icyphy/ptII/ptolemy/actor/lib/test/auto/TimeGap2.xml (RunModel)" time="0.009" />
  <testcase classname="ptolemy.util.test.junit.AutoTests" name="[379] /home/travis/build/icyphy/ptII/ptolemy/actor/lib/test/auto/TimedSinewave.xml (RunModel)" time="0.049" />
  <testcase classname="ptolemy.util.test.junit.AutoTests" name="[380] /home/travis/build/icyphy/ptII/ptolemy/actor/lib/test/auto/TimedSinewavePhase.xml (RunModel)" time="0.031" />
  <testcase classname="ptolemy.util.test.junit.AutoTests" name="[381] /home/travis/build/icyphy/ptII/ptolemy/actor/lib/test/auto/Timer.xml (RunModel)" time="0.019" />
  <testcase classname="ptolemy.util.test.junit.AutoTests" name="[382] /home/travis/build/icyphy/ptII/ptolemy/actor/lib/test/auto/TriangularDistTestModel.xml (RunModel)" time="0.017" />
  <testcase classname="ptolemy.util.test.junit.AutoTests" name="[383] /home/travis/build/icyphy/ptII/ptolemy/actor/lib/test/auto/TrigFunction.xml (RunModel)" time="0.012" />
  <testcase classname="ptolemy.util.test.junit.AutoTests" name="[384] /home/travis/build/icyphy/ptII/ptolemy/actor/lib/test/auto/TrigFunctionDE.xml (RunModel)" time="0.01" />
  <testcase classname="ptolemy.util.test.junit.AutoTests" name="[385] /home/travis/build/icyphy/ptII/ptolemy/actor/lib/test/auto/TrigFunctionInverse.xml (RunModel)" time="0.009" />
  <testcase classname="ptolemy.util.test.junit.AutoTests" name="[386] /home/travis/build/icyphy/ptII/ptolemy/actor/lib/test/auto/TrigFunctionTan.xml (RunModel)" time="0.006" />
  <testcase classname="ptolemy.util.test.junit.AutoTests" name="[387] /home/travis/build/icyphy/ptII/ptolemy/actor/lib/test/auto/TriggeredClock.xml (RunModel)" time="0.008" />
  <testcase classname="ptolemy.util.test.junit.AutoTests" name="[388] /home/travis/build/icyphy/ptII/ptolemy/actor/lib/test/auto/URLDirectoryReader.xml (RunModel)" time="0.113" />
  <testcase classname="ptolemy.util.test.junit.AutoTests" name="[389] /home/travis/build/icyphy/ptII/ptolemy/actor/lib/test/auto/URLDirectoryReader3.xml (RunModel)" time="1.883" />
  <testcase classname="ptolemy.util.test.junit.AutoTests" name="[390] /home/travis/build/icyphy/ptII/ptolemy/actor/lib/test/auto/UnaryMathFunction.xml (RunModel)" time="0.019" />
  <testcase classname="ptolemy.util.test.junit.AutoTests" name="[391] /home/travis/build/icyphy/ptII/ptolemy/actor/lib/test/auto/Uniform.xml (RunModel)" time="0.018" />
  <testcase classname="ptolemy.util.test.junit.AutoTests" name="[392] /home/travis/build/icyphy/ptII/ptolemy/actor/lib/test/auto/UnionDisassemblerTest.xml (RunModel)" time="0.013" />
  <testcase classname="ptolemy.util.test.junit.AutoTests" name="[393] /home/travis/build/icyphy/ptII/ptolemy/actor/lib/test/auto/UtilityFunctions.xml (RunModel)" time="0.007" />
  <testcase classname="ptolemy.util.test.junit.AutoTests" name="[394] /home/travis/build/icyphy/ptII/ptolemy/actor/lib/test/auto/VariableSleep.xml (RunModel)" time="0.511" />
  <testcase classname="ptolemy.util.test.junit.AutoTests" name="[395] /home/travis/build/icyphy/ptII/ptolemy/actor/lib/test/auto/VectorAssemblerDisassemblerCT.xml (RunModel)" time="0.113" />
  <testcase classname="ptolemy.util.test.junit.AutoTests" name="[396] /home/travis/build/icyphy/ptII/ptolemy/actor/lib/test/auto/VectorAssemblerDisassemblerDE.xml (RunModel)" time="0.013" />
  <testcase classname="ptolemy.util.test.junit.AutoTests" name="[397] /home/travis/build/icyphy/ptII/ptolemy/actor/lib/test/auto/VectorAssemblerDisassemblerSDF.xml (RunModel)" time="0.013" />
  <testcase classname="ptolemy.util.test.junit.AutoTests" name="[398] /home/travis/build/icyphy/ptII/ptolemy/actor/lib/test/auto/WallClockTime.xml (RunModel)" time="1.012" />
  <testcase classname="ptolemy.util.test.junit.AutoTests" name="[399] /home/travis/build/icyphy/ptII/ptolemy/actor/lib/test/auto/WidthTestWithSubscriberPublisher.xml (RunModel)" time="0.042" />
  <testcase classname="ptolemy.util.test.junit.AutoTests" name="[400] /home/travis/build/icyphy/ptII/ptolemy/actor/lib/test/auto/WidthTestWithSubscriberPublisher2.xml (RunModel)" time="0.014" />
  <testcase classname="ptolemy.util.test.junit.AutoTests" name="[401] /home/travis/build/icyphy/ptII/ptolemy/actor/lib/test/auto/WidthTestWithSubscriberPublisher3.xml (RunModel)" time="0.01" />
  <testcase classname="ptolemy.util.test.junit.AutoTests" name="[402] /home/travis/build/icyphy/ptII/ptolemy/actor/lib/test/auto/Writer.xml (RunModel)" time="0.007" />
  <testcase classname="ptolemy.util.test.junit.AutoTests" name="[403] /home/travis/build/icyphy/ptII/ptolemy/actor/lib/test/auto/array.xml (RunModel)" time="0.008" />
  <testcase classname="ptolemy.util.test.junit.AutoTests" name="[404] /home/travis/build/icyphy/ptII/ptolemy/actor/lib/test/auto/array2.xml (RunModel)" time="0.02" />
  <testcase classname="ptolemy.util.test.junit.AutoTests" name="[405] /home/travis/build/icyphy/ptII/ptolemy/actor/lib/test/auto/arrayType.xml (RunModel)" time="0.009" />
  <testcase classname="ptolemy.util.test.junit.AutoTests" name="[406] /home/travis/build/icyphy/ptII/ptolemy/actor/lib/test/auto/arrayType10.xml (RunModel)" time="0.008" />
  <testcase classname="ptolemy.util.test.junit.AutoTests" name="[407] /home/travis/build/icyphy/ptII/ptolemy/actor/lib/test/auto/arrayType11.xml (RunModel)" time="0.008" />
  <testcase classname="ptolemy.util.test.junit.AutoTests" name="[408] /home/travis/build/icyphy/ptII/ptolemy/actor/lib/test/auto/arrayType12.xml (RunModel)" time="0.009" />
  <testcase classname="ptolemy.util.test.junit.AutoTests" name="[409] /home/travis/build/icyphy/ptII/ptolemy/actor/lib/test/auto/arrayType13.xml (RunModel)" time="0.009" />
  <testcase classname="ptolemy.util.test.junit.AutoTests" name="[410] /home/travis/build/icyphy/ptII/ptolemy/actor/lib/test/auto/arrayType14.xml (RunModel)" time="0.008" />
  <testcase classname="ptolemy.util.test.junit.AutoTests" name="[411] /home/travis/build/icyphy/ptII/ptolemy/actor/lib/test/auto/arrayType15.xml (RunModel)" time="0.009" />
  <testcase classname="ptolemy.util.test.junit.AutoTests" name="[412] /home/travis/build/icyphy/ptII/ptolemy/actor/lib/test/auto/arrayType16.xml (RunModel)" time="0.009" />
  <testcase classname="ptolemy.util.test.junit.AutoTests" name="[413] /home/travis/build/icyphy/ptII/ptolemy/actor/lib/test/auto/arrayType17.xml (RunModel)" time="0.01" />
  <testcase classname="ptolemy.util.test.junit.AutoTests" name="[414] /home/travis/build/icyphy/ptII/ptolemy/actor/lib/test/auto/arrayType18.xml (RunModel)" time="0.014" />
  <testcase classname="ptolemy.util.test.junit.AutoTests" name="[415] /home/travis/build/icyphy/ptII/ptolemy/actor/lib/test/auto/arrayType19.xml (RunModel)" time="0.009" />
  <testcase classname="ptolemy.util.test.junit.AutoTests" name="[416] /home/travis/build/icyphy/ptII/ptolemy/actor/lib/test/auto/arrayType2.xml (RunModel)" time="0.009" />
  <testcase classname="ptolemy.util.test.junit.AutoTests" name="[417] /home/travis/build/icyphy/ptII/ptolemy/actor/lib/test/auto/arrayType20.xml (RunModel)" time="0.008" />
  <testcase classname="ptolemy.util.test.junit.AutoTests" name="[418] /home/travis/build/icyphy/ptII/ptolemy/actor/lib/test/auto/arrayType21.xml (RunModel)" time="0.007" />
  <testcase classname="ptolemy.util.test.junit.AutoTests" name="[419] /home/travis/build/icyphy/ptII/ptolemy/actor/lib/test/auto/arrayType22.xml (RunModel)" time="0.007" />
  <testcase classname="ptolemy.util.test.junit.AutoTests" name="[420] /home/travis/build/icyphy/ptII/ptolemy/actor/lib/test/auto/arrayType23.xml (RunModel)" time="0.008" />
  <testcase classname="ptolemy.util.test.junit.AutoTests" name="[421] /home/travis/build/icyphy/ptII/ptolemy/actor/lib/test/auto/arrayType24.xml (RunModel)" time="0.008" />
  <testcase classname="ptolemy.util.test.junit.AutoTests" name="[422] /home/travis/build/icyphy/ptII/ptolemy/actor/lib/test/auto/arrayType25.xml (RunModel)" time="0.009" />
  <testcase classname="ptolemy.util.test.junit.AutoTests" name="[423] /home/travis/build/icyphy/ptII/ptolemy/actor/lib/test/auto/arrayType26.xml (RunModel)" time="0.007" />
  <testcase classname="ptolemy.util.test.junit.AutoTests" name="[424] /home/travis/build/icyphy/ptII/ptolemy/actor/lib/test/auto/arrayType27.xml (RunModel)" time="0.009" />
  <testcase classname="ptolemy.util.test.junit.AutoTests" name="[425] /home/travis/build/icyphy/ptII/ptolemy/actor/lib/test/auto/arrayType28.xml (RunModel)" time="0.008" />
  <testcase classname="ptolemy.util.test.junit.AutoTests" name="[426] /home/travis/build/icyphy/ptII/ptolemy/actor/lib/test/auto/arrayType3.xml (RunModel)" time="0.008" />
  <testcase classname="ptolemy.util.test.junit.AutoTests" name="[427] /home/travis/build/icyphy/ptII/ptolemy/actor/lib/test/auto/arrayType4.xml (RunModel)" time="0.008" />
  <testcase classname="ptolemy.util.test.junit.AutoTests" name="[428] /home/travis/build/icyphy/ptII/ptolemy/actor/lib/test/auto/arrayType5.xml (RunModel)" time="0.012" />
  <testcase classname="ptolemy.util.test.junit.AutoTests" name="[429] /home/travis/build/icyphy/ptII/ptolemy/actor/lib/test/auto/arrayType6.xml (RunModel)" time="0.008" />
  <testcase classname="ptolemy.util.test.junit.AutoTests" name="[430] /home/travis/build/icyphy/ptII/ptolemy/actor/lib/test/auto/arrayType7.xml (RunModel)" time="0.007" />
  <testcase classname="ptolemy.util.test.junit.AutoTests" name="[431] /home/travis/build/icyphy/ptII/ptolemy/actor/lib/test/auto/arrayType8.xml (RunModel)" time="0.021" />
  <testcase classname="ptolemy.util.test.junit.AutoTests" name="[432] /home/travis/build/icyphy/ptII/ptolemy/actor/lib/test/auto/arrayType9.xml (RunModel)" time="0.007" />
  <testcase classname="ptolemy.util.test.junit.AutoTests" name="[433] /home/travis/build/icyphy/ptII/ptolemy/actor/lib/test/auto/cast.xml (RunModel)" time="0.008" />
  <testcase classname="ptolemy.util.test.junit.AutoTests" name="[434] /home/travis/build/icyphy/ptII/ptolemy/actor/lib/test/auto/compositeMultiPort.xml (RunModel)" time="0.015" />
  <testcase classname="ptolemy.util.test.junit.AutoTests" name="[435] /home/travis/build/icyphy/ptII/ptolemy/actor/lib/test/auto/expressionCastInference.xml (RunModel)" time="0.008" />
  <testcase classname="ptolemy.util.test.junit.AutoTests" name="[436] /home/travis/build/icyphy/ptII/ptolemy/actor/lib/test/auto/expressionCastInference2.xml (RunModel)" time="0.007" />
  <testcase classname="ptolemy.util.test.junit.AutoTests" name="[437] /home/travis/build/icyphy/ptII/ptolemy/actor/lib/test/auto/expressionInference.xml (RunModel)" time="0.007" />
  <testcase classname="ptolemy.util.test.junit.AutoTests" name="[438] /home/travis/build/icyphy/ptII/ptolemy/actor/lib/test/auto/expression_bug.xml (RunModel)" time="0.007" />
  <testcase classname="ptolemy.util.test.junit.AutoTests" name="[439] /home/travis/build/icyphy/ptII/ptolemy/actor/lib/test/auto/factorial.xml (RunModel)" time="0.057" />
  <testcase classname="ptolemy.util.test.junit.AutoTests" name="[440] /home/travis/build/icyphy/ptII/ptolemy/actor/lib/test/auto/filterTest1.xml (RunModel)" time="0.011" />
  <testcase classname="ptolemy.util.test.junit.AutoTests" name="[441] /home/travis/build/icyphy/ptII/ptolemy/actor/lib/test/auto/funcApplyInConst.xml (RunModel)" time="0.005" />
  <testcase classname="ptolemy.util.test.junit.AutoTests" name="[442] /home/travis/build/icyphy/ptII/ptolemy/actor/lib/test/auto/funcApplyInExpr.xml (RunModel)" time="0.005" />
  <testcase classname="ptolemy.util.test.junit.AutoTests" name="[443] /home/travis/build/icyphy/ptII/ptolemy/actor/lib/test/auto/function.xml (RunModel)" time="0.043" />
  <testcase classname="ptolemy.util.test.junit.AutoTests" name="[444] /home/travis/build/icyphy/ptII/ptolemy/actor/lib/test/auto/function2.xml (RunModel)" time="0.01" />
  <testcase classname="ptolemy.util.test.junit.AutoTests" name="[445] /home/travis/build/icyphy/ptII/ptolemy/actor/lib/test/auto/function3.xml (RunModel)" time="0.006" />
  <testcase classname="ptolemy.util.test.junit.AutoTests" name="[446] /home/travis/build/icyphy/ptII/ptolemy/actor/lib/test/auto/functionClosureTest1.xml (RunModel)" time="0.033" />
  <testcase classname="ptolemy.util.test.junit.AutoTests" name="[447] /home/travis/build/icyphy/ptII/ptolemy/actor/lib/test/auto/functionClosureTest2.xml (RunModel)" time="0.035" />
  <testcase classname="ptolemy.util.test.junit.AutoTests" name="[448] /home/travis/build/icyphy/ptII/ptolemy/actor/lib/test/auto/functionClosureTest3.xml (RunModel)" time="0.071" />
  <testcase classname="ptolemy.util.test.junit.AutoTests" name="[449] /home/travis/build/icyphy/ptII/ptolemy/actor/lib/test/auto/functionClosureTest4.xml (RunModel)" time="0.048" />
  <testcase classname="ptolemy.util.test.junit.AutoTests" name="[450] /home/travis/build/icyphy/ptII/ptolemy/actor/lib/test/auto/functionClosureTest5.xml (RunModel)" time="0.03" />
  <testcase classname="ptolemy.util.test.junit.AutoTests" name="[451] /home/travis/build/icyphy/ptII/ptolemy/actor/lib/test/auto/functionClosureTest6.xml (RunModel)" time="0.008" />
  <testcase classname="ptolemy.util.test.junit.AutoTests" name="[452] /home/travis/build/icyphy/ptII/ptolemy/actor/lib/test/auto/functionsOnArcs.xml (RunModel)" time="0.011" />
  <testcase classname="ptolemy.util.test.junit.AutoTests" name="[453] /home/travis/build/icyphy/ptII/ptolemy/actor/lib/test/auto/functionsOnArcsHOF.xml (RunModel)" time="0.012" />
  <testcase classname="ptolemy.util.test.junit.AutoTests" name="[454] /home/travis/build/icyphy/ptII/ptolemy/actor/lib/test/auto/logic.xml (RunModel)" time="0.016" />
  <testcase classname="ptolemy.util.test.junit.AutoTests" name="[455] /home/travis/build/icyphy/ptII/ptolemy/actor/lib/test/auto/matrixType.xml (RunModel)" time="0.008" />
  <testcase classname="ptolemy.util.test.junit.AutoTests" name="[456] /home/travis/build/icyphy/ptII/ptolemy/actor/lib/test/auto/matrixType10.xml (RunModel)" time="0.008" />
  <testcase classname="ptolemy.util.test.junit.AutoTests" name="[457] /home/travis/build/icyphy/ptII/ptolemy/actor/lib/test/auto/matrixType11.xml (RunModel)" time="0.008" />
  <testcase classname="ptolemy.util.test.junit.AutoTests" name="[458] /home/travis/build/icyphy/ptII/ptolemy/actor/lib/test/auto/matrixType12.xml (RunModel)" time="0.011" />
  <testcase classname="ptolemy.util.test.junit.AutoTests" name="[459] /home/travis/build/icyphy/ptII/ptolemy/actor/lib/test/auto/matrixType13.xml (RunModel)" time="0.008" />
  <testcase classname="ptolemy.util.test.junit.AutoTests" name="[460] /home/travis/build/icyphy/ptII/ptolemy/actor/lib/test/auto/matrixType14.xml (RunModel)" time="0.009" />
  <testcase classname="ptolemy.util.test.junit.AutoTests" name="[461] /home/travis/build/icyphy/ptII/ptolemy/actor/lib/test/auto/matrixType2.xml (RunModel)" time="0.009" />
  <testcase classname="ptolemy.util.test.junit.AutoTests" name="[462] /home/travis/build/icyphy/ptII/ptolemy/actor/lib/test/auto/matrixType3.xml (RunModel)" time="0.01" />
  <testcase classname="ptolemy.util.test.junit.AutoTests" name="[463] /home/travis/build/icyphy/ptII/ptolemy/actor/lib/test/auto/matrixType4.xml (RunModel)" time="0.008" />
  <testcase classname="ptolemy.util.test.junit.AutoTests" name="[464] /home/travis/build/icyphy/ptII/ptolemy/actor/lib/test/auto/matrixType5.xml (RunModel)" time="0.008" />
  <testcase classname="ptolemy.util.test.junit.AutoTests" name="[465] /home/travis/build/icyphy/ptII/ptolemy/actor/lib/test/auto/matrixType6.xml (RunModel)" time="0.008" />
  <testcase classname="ptolemy.util.test.junit.AutoTests" name="[466] /home/travis/build/icyphy/ptII/ptolemy/actor/lib/test/auto/matrixType7.xml (RunModel)" time="0.011" />
  <testcase classname="ptolemy.util.test.junit.AutoTests" name="[467] /home/travis/build/icyphy/ptII/ptolemy/actor/lib/test/auto/matrixType8.xml (RunModel)" time="0.008" />
  <testcase classname="ptolemy.util.test.junit.AutoTests" name="[468] /home/travis/build/icyphy/ptII/ptolemy/actor/lib/test/auto/matrixType9.xml (RunModel)" time="0.008" />
  <testcase classname="ptolemy.util.test.junit.AutoTests" name="[469] /home/travis/build/icyphy/ptII/ptolemy/actor/lib/test/auto/paraFunctest.xml (RunModel)" time="0.007" />
  <testcase classname="ptolemy.util.test.junit.AutoTests" name="[470] /home/travis/build/icyphy/ptII/ptolemy/actor/lib/test/auto/paraFunctest2.xml (RunModel)" time="0.011" />
  <testcase classname="ptolemy.util.test.junit.AutoTests" name="[471] /home/travis/build/icyphy/ptII/ptolemy/actor/lib/test/auto/parameterPassing.xml (RunModel)" time="0.008" />
  <testcase classname="ptolemy.util.test.junit.AutoTests" name="[472] /home/travis/build/icyphy/ptII/ptolemy/actor/lib/test/auto/record.xml (RunModel)" time="0.009" />
  <testcase classname="ptolemy.util.test.junit.AutoTests" name="[473] /home/travis/build/icyphy/ptII/ptolemy/actor/lib/test/auto/sizedarray1.xml (RunModel)" time="0.01" />
  <testcase classname="ptolemy.util.test.junit.AutoTests" name="[474] /home/travis/build/icyphy/ptII/ptolemy/actor/lib/test/auto/sizedarray2.xml (RunModel)" time="0.009" />
  <testcase classname="ptolemy.util.test.junit.AutoTests" name="[475] /home/travis/build/icyphy/ptII/ptolemy/actor/lib/test/auto/twoPublishers.xml (RunModel)" time="0.024" />
  <system-out><![CDATA[/home/travis/build/icyphy/ptII/ptolemy/actor/lib/test/AbsoluteValue.tcl
testDefs.tcl: setting time out to 9000 seconds at Tue Mar 10 07:19:50 UTC 2020
81 ms. Memory: 129024K Free: 93127K (72%)
4 ms. Memory: 129024K Free: 91079K (71%)
4 ms. Memory: 129024K Free: 90055K (70%)
5 ms. Memory: 129024K Free: 89527K (69%)
/home/travis/build/icyphy/ptII/ptolemy/actor/lib/test/AddSubtract.tcl
9 ms. Memory: 129024K Free: 87493K (68%)
5 ms. Memory: 129024K Free: 86983K (67%)
6 ms. Memory: 129024K Free: 85959K (67%)
8 ms. Memory: 129024K Free: 85439K (66%)
42 ms. Memory: 129024K Free: 82373K (64%)
5 ms. Memory: 129024K Free: 81349K (63%)
/home/travis/build/icyphy/ptII/ptolemy/actor/lib/test/Average.tcl
6 ms. Memory: 129024K Free: 79815K (62%)
12 ms. Memory: 129024K Free: 78791K (61%)
/home/travis/build/icyphy/ptII/ptolemy/actor/lib/test/Bernoulli.tcl
8 ms. Memory: 129024K Free: 77239K (60%)
5 ms. Memory: 129024K Free: 76743K (59%)
/home/travis/build/icyphy/ptII/ptolemy/actor/lib/test/Clock.tcl
preinitializing
resolving types
initializing
executing number 1
wrapping up
idle
40 ms. Memory: 129024K Free: 74181K (57%)
Completed execution with 5 iterations
preinitializing
resolving types
initializing
executing number 1
wrapping up
idle
12 ms. Memory: 129024K Free: 73127K (57%)
Completed execution with 5 iterations
preinitializing
resolving types
initializing
executing number 1
wrapping up
idle
12 ms. Memory: 129024K Free: 72647K (56%)
Completed execution with 5 iterations
/home/travis/build/icyphy/ptII/ptolemy/actor/lib/test/Commutator.tcl
13 ms. Memory: 129024K Free: 70599K (55%)
6 ms. Memory: 129024K Free: 69575K (54%)
15 ms. Memory: 129024K Free: 63927K (50%)
/home/travis/build/icyphy/ptII/ptolemy/actor/lib/test/Const.tcl
9 ms. Memory: 129024K Free: 62407K (48%)
2 ms. Memory: 129024K Free: 61887K (48%)
3 ms. Memory: 129024K Free: 61383K (48%)
3 ms. Memory: 129024K Free: 60869K (47%)
3 ms. Memory: 129024K Free: 60359K (47%)
21 ms. Memory: 129024K Free: 58821K (46%)
8 ms. Memory: 129024K Free: 57287K (44%)
12 ms. Memory: 129024K Free: 56773K (44%)
/home/travis/build/icyphy/ptII/ptolemy/actor/lib/test/CurrentTime.tcl
preinitializing
resolving types
initializing
executing number 1
wrapping up
idle
20 ms. Memory: 129024K Free: 54695K (42%)
Completed execution with 11 iterations
/home/travis/build/icyphy/ptII/ptolemy/actor/lib/test/DB.tcl
12 ms. Memory: 129024K Free: 53191K (41%)
3 ms. Memory: 129024K Free: 52677K (41%)
4 ms. Memory: 129024K Free: 52167K (40%)
/home/travis/build/icyphy/ptII/ptolemy/actor/lib/test/DiscreteRandomSource.tcl
preinitializing
resolving types
initializing
executing number 1
wrapping up
idle
13 ms. Memory: 129024K Free: 50119K (39%)
Completed execution with 4 iterations
preinitializing
resolving types
initializing
executing number 1
wrapping up
idle
2 ms. Memory: 129024K Free: 49591K (38%)
Completed execution with 4 iterations
preinitializing
resolving types
initializing
executing number 1
wrapping up
idle
3 ms. Memory: 129024K Free: 49095K (38%)
Completed execution with 4 iterations
preinitializing
resolving types
initializing
executing number 1
wrapping up
idle
12 ms. Memory: 129024K Free: 48551K (38%)
Completed execution with 4 iterations
preinitializing
resolving types
initializing
executing number 1
wrapping up
idle
3 ms. Memory: 129024K Free: 48071K (37%)
Completed execution with 4 iterations
/home/travis/build/icyphy/ptII/ptolemy/actor/lib/test/Distributor.tcl
15 ms. Memory: 129024K Free: 113206K (88%)
10 ms. Memory: 129024K Free: 112706K (87%)
StreamChangeRequest.changeExecuted(): <deleteEntity name="rec2"/> succeeded
StreamChangeRequest.changeExecuted(): <deleteRelation name="r2"/> succeeded
StreamChangeRequest.changeExecuted(): Record firings per iteration succeeded
4 ms. Memory: 129024K Free: 110134K (85%)
/home/travis/build/icyphy/ptII/ptolemy/actor/lib/test/Exit.tcl
Exit.tcl: this will print a message about Manager.exitAfterWrapup, which can be ignored.
13 ms. Memory: 129024K Free: 107180K (83%)
/home/travis/build/icyphy/ptII/ptolemy/actor/lib/test/Expression.tcl
12 ms. Memory: 129024K Free: 103990K (81%)
3 ms. Memory: 129024K Free: 102952K (80%)
3 ms. Memory: 129024K Free: 102459K (79%)
preinitializing
resolving types
initializing
executing number 1
wrapping up
idle
5 ms. Memory: 129024K Free: 100918K (78%)
Completed execution with 6 iterations
3 ms. Memory: 129024K Free: 99880K (77%)
3 ms. Memory: 129024K Free: 99379K (77%)
4 ms. Memory: 129024K Free: 97816K (76%)
4 ms. Memory: 129024K Free: 96792K (75%)
3 ms. Memory: 129024K Free: 95775K (74%)
/home/travis/build/icyphy/ptII/ptolemy/actor/lib/test/Gaussian.tcl
4 ms. Memory: 129024K Free: 93750K (73%)
sleeping 1 seconds: ............................................................................................................................................................................................................................................................................................................................................................................................................................................................................................................................................................................................................................................................................................................................................................................................................................................................20 ms. Memory: 129024K Free: 112858K (87%)
2 ms. Memory: 129024K Free: 112363K (87%)
2 ms. Memory: 129024K Free: 111842K (87%)
1 ms. Memory: 129024K Free: 110825K (86%)
12 ms. Memory: 129024K Free: 110315K (85%)
/home/travis/build/icyphy/ptII/ptolemy/actor/lib/test/IIR.tcl
/home/travis/build/icyphy/ptII/ptolemy/actor/lib/test/Interpolator.tcl
5 ms. Memory: 129024K Free: 106698K (83%)
1 ms. Memory: 129024K Free: 105690K (82%)
4 ms. Memory: 129024K Free: 105195K (82%)
3 ms. Memory: 129024K Free: 104681K (81%)
2 ms. Memory: 129024K Free: 103657K (80%)
2 ms. Memory: 129024K Free: 103147K (80%)
2 ms. Memory: 129024K Free: 102123K (79%)
2 ms. Memory: 129024K Free: 101099K (78%)
1 ms. Memory: 129024K Free: 100570K (78%)
2 ms. Memory: 129024K Free: 99546K (77%)
/home/travis/build/icyphy/ptII/ptolemy/actor/lib/test/MathFunction.tcl
7 ms. Memory: 129024K Free: 97498K (76%)
2 ms. Memory: 129024K Free: 96474K (75%)
11 ms. Memory: 129024K Free: 95434K (74%)
2 ms. Memory: 129024K Free: 94441K (73%)
3 ms. Memory: 129024K Free: 93386K (72%)
12 ms. Memory: 129024K Free: 91369K (71%)
/home/travis/build/icyphy/ptII/ptolemy/actor/lib/test/Maximum.tcl
3 ms. Memory: 129024K Free: 89306K (69%)
2 ms. Memory: 129024K Free: 88811K (69%)
2 ms. Memory: 129024K Free: 87787K (68%)
2 ms. Memory: 129024K Free: 87266K (68%)
/home/travis/build/icyphy/ptII/ptolemy/actor/lib/test/Minimum.tcl
3 ms. Memory: 129024K Free: 85739K (66%)
2 ms. Memory: 129024K Free: 85225K (66%)
2 ms. Memory: 129024K Free: 84201K (65%)
2 ms. Memory: 129024K Free: 83691K (65%)
/home/travis/build/icyphy/ptII/ptolemy/actor/lib/test/MultiplyDivide.tcl
3 ms. Memory: 129024K Free: 81643K (63%)
2 ms. Memory: 129024K Free: 81129K (63%)
2 ms. Memory: 129024K Free: 80098K (62%)
3 ms. Memory: 129024K Free: 79595K (62%)
2 ms. Memory: 129024K Free: 79066K (61%)
/home/travis/build/icyphy/ptII/ptolemy/actor/lib/test/OrderedMerge.tcl
Connections changed on port: inputA
Connections changed on port: inputB
Connections changed on port: output
Connections changed on port: output
Connections changed on port: output
Connections changed on port: input
.top. Preinitializing ...
Invoking preinitialize():  .top.OrderedMerge
Called preinitialize()
Invoking preinitialize():  .top.Ramp
Called preinitialize()
Invoking preinitialize():  .top.Ramp2
Called preinitialize()
Invoking preinitialize():  .top.Test
Called preinitialize()
Connections changed on port: inputA
Connections changed on port: output
Connections changed on port: output
Connections changed on port: input
Connections changed on port: inputB
Connections changed on port: output
.top. Finished preinitialize().
Called initialize().
Invoking initialize():  .top.OrderedMerge
Initializing actor: .top.OrderedMerge
Adding a thread: .top.OrderedMerge
Invoking initialize():  .top.Ramp
Initializing actor: .top.Ramp
Adding a thread: .top.Ramp
Invoking initialize():  .top.Ramp2
Initializing actor: .top.Ramp2
Adding a thread: .top.Ramp2
Invoking initialize():  .top.Test
Initializing actor: .top.Test
Adding a thread: .top.Test
Called fire().
Checking for deadlock:
-- Starting thread.
Called initialize()
Called prefire()
Called fire()
-- Starting thread.
Called initialize()
Called prefire()
Called fire()
-- Starting thread.
Called initialize()
There are 0 Blocked actors, 0 Stopped actors, and 4 active threads.
Waiting for actors to stop.
Called postfire()
Called prefire()
Called fire()
Called prefire()
Called fire()
Called postfire()
Called prefire()
Called fire()
-- Starting thread.
Called initialize()
Called prefire()
Called fire()
Read input token from inputA with value 0.0
Next port to read input from is inputB
Called postfire()
Called prefire()
Called fire()
Read input token from inputB with value 0.0
Sent output token with value 0.0
Next port to read input from is inputA
Called postfire()
Called prefire()
Called fire()
Checking for deadlock:
There are 1 Blocked actors, 0 Stopped actors, and 4 active threads.
Waiting for actors to stop.
Called postfire()
Called prefire()
Called fire()
Called postfire()
Called prefire()
Called fire()
-- Read input: 0.0, which is expected to match: 0.0
Called prefire()
Called fire()
Checking for deadlock:
There are 3 Blocked actors, 0 Stopped actors, and 4 active threads.
Waiting for actors to stop.
Read input token from inputA with value 1.0
Sent output token with value 0.0
Next port to read input from is inputB
Called postfire()
Called prefire()
Called fire()
Read input token from inputB with value 1.5
Checking for deadlock:
There are 1 Blocked actors, 0 Stopped actors, and 4 active threads.
Waiting for actors to stop.
Called postfire()
Called prefire()
Called fire()
Called postfire()
Called prefire()
Called fire()
-- Read input: 0.0, which is expected to match: 0.0
Called prefire()
Called fire()
Checking for deadlock:
There are 3 Blocked actors, 0 Stopped actors, and 4 active threads.
Waiting for actors to stop.
-- Read input: 1.0, which is expected to match: 1.0
Called prefire()
Called fire()
Sent output token with value 1.0
Next port to read input from is inputA
Called postfire()
Called prefire()
Called fire()
Read input token from inputA with value 2.0
Sent output token with value 1.5
Next port to read input from is inputB
Called postfire()
Called prefire()
Called fire()
Read input token from inputB with value 3.0
Checking for deadlock:
There are 1 Blocked actors, 0 Stopped actors, and 4 active threads.
Waiting for actors to stop.
Called postfire()
Called prefire()
Called fire()
Called postfire()
Called prefire()
Called fire()
-- Read input: 1.5, which is expected to match: 1.5
Called prefire()
Called fire()
Checking for deadlock:
There are 3 Blocked actors, 0 Stopped actors, and 4 active threads.
Waiting for actors to stop.
-- Read input: 2.0, which is expected to match: 2.0
Called prefire()
Called fire()
Sent output token with value 2.0
Next port to read input from is inputA
Called postfire()
Called prefire()
Called fire()
Read input token from inputA with value 3.0
Sent output token with value 3.0
Next port to read input from is inputB
Called postfire()
Called prefire()
Called fire()
Read input token from inputB with value 4.5
Checking for deadlock:
There are 1 Blocked actors, 0 Stopped actors, and 4 active threads.
Waiting for actors to stop.
Called postfire()
Called prefire()
Called fire()
Called postfire()
Called prefire()
Called fire()
-- Read input: 3.0, which is expected to match: 3.0
Called prefire()
Called fire()
Checking for deadlock:
There are 3 Blocked actors, 0 Stopped actors, and 4 active threads.
Waiting for actors to stop.
-- Read input: 3.0, which is expected to match: 3.0
Called prefire()
Called fire()
Sent output token with value 3.0
Next port to read input from is inputA
Called postfire()
Called prefire()
Called fire()
Read input token from inputA with value 4.0
Sent output token with value 4.0
Next port to read input from is inputA
Called postfire()
Called prefire()
Called fire()
Checking for deadlock:
There are 2 Blocked actors, 0 Stopped actors, and 4 active threads.
Waiting for actors to stop.
Called postfire()
Called prefire()
Called fire()
-- Read input: 4.0, which is expected to match: 4.0
Called prefire()
Called fire()
Past the end of training data. Read and discard all inputs.
Checking for deadlock:
There are 3 Blocked actors, 0 Stopped actors, and 4 active threads.
Waiting for actors to stop.
Called postfire()
Called prefire()
Called fire()
Checking for deadlock:
There are 3 Blocked actors, 0 Stopped actors, and 4 active threads.
Waiting for actors to stop.
Read input token from inputA with value 5.0
Called prefire()
Called fire()
Past the end of training data. Read and discard all inputs.
Checking for deadlock:
There are 3 Blocked actors, 0 Stopped actors, and 4 active threads.
Waiting for actors to stop.
Sent output token with value 4.5
Next port to read input from is inputB
Called postfire()
Called prefire()
Called fire()
Called postfire()
Called prefire()
Called fire()
Checking for deadlock:
There are 3 Blocked actors, 0 Stopped actors, and 4 active threads.
Waiting for actors to stop.
Read input token from inputB with value 6.0
Called prefire()
Called fire()
Past the end of training data. Read and discard all inputs.
Checking for deadlock:
There are 3 Blocked actors, 0 Stopped actors, and 4 active threads.
Waiting for actors to stop.
Sent output token with value 5.0
Next port to read input from is inputA
Called postfire()
Called prefire()
Called fire()
Checking for deadlock:
There are 2 Blocked actors, 0 Stopped actors, and 4 active threads.
Waiting for actors to stop.
Called postfire()
Called prefire()
Called fire()
Checking for deadlock:
There are 3 Blocked actors, 0 Stopped actors, and 4 active threads.
Waiting for actors to stop.
Read input token from inputA with value 6.0
Checking for deadlock:
There are 2 Blocked actors, 0 Stopped actors, and 4 active threads.
Waiting for actors to stop.
Called prefire()
Called fire()
Past the end of training data. Read and discard all inputs.
Checking for deadlock:
There are 3 Blocked actors, 0 Stopped actors, and 4 active threads.
Waiting for actors to stop.
Sent output token with value 6.0
Next port to read input from is inputB
Called postfire()
Called prefire()
Called fire()
Called postfire()
Called prefire()
Called fire()
Checking for deadlock:
There are 3 Blocked actors, 0 Stopped actors, and 4 active threads.
Waiting for actors to stop.
Read input token from inputB with value 7.5
Called prefire()
Called fire()
Past the end of training data. Read and discard all inputs.
Checking for deadlock:
There are 3 Blocked actors, 0 Stopped actors, and 4 active threads.
Waiting for actors to stop.
Sent output token with value 6.0
Next port to read input from is inputA
Called postfire()
Called prefire()
Called fire()
Checking for deadlock:
There are 2 Blocked actors, 0 Stopped actors, and 4 active threads.
Waiting for actors to stop.
Called postfire()
Called prefire()
Called fire()
Checking for deadlock:
There are 3 Blocked actors, 0 Stopped actors, and 4 active threads.
Waiting for actors to stop.
Read input token from inputA with value 7.0
Checking for deadlock:
There are 2 Blocked actors, 0 Stopped actors, and 4 active threads.
Waiting for actors to stop.
Called prefire()
Called fire()
Past the end of training data. Read and discard all inputs.
Checking for deadlock:
There are 3 Blocked actors, 0 Stopped actors, and 4 active threads.
Waiting for actors to stop.
Sent output token with value 7.0
Next port to read input from is inputA
Called postfire()
Called prefire()
Called fire()
Checking for deadlock:
There are 2 Blocked actors, 0 Stopped actors, and 4 active threads.
Waiting for actors to stop.
-- Thread wrapup() called.
Called wrapup()
Thread .top.Ramp is exiting.
-- Thread stopped.
Checking for deadlock:
There are 2 Blocked actors, 0 Stopped actors, and 3 active threads.
Waiting for actors to stop.
Read input token from inputA with value 8.0
Called prefire()
Called fire()
Past the end of training data. Read and discard all inputs.
Checking for deadlock:
There are 2 Blocked actors, 0 Stopped actors, and 3 active threads.
Waiting for actors to stop.
Sent output token with value 7.5
Next port to read input from is inputB
Called postfire()
Called prefire()
Called fire()
Checking for deadlock:
There are 1 Blocked actors, 0 Stopped actors, and 3 active threads.
Waiting for actors to stop.
Called postfire()
Called prefire()
Called fire()
Checking for deadlock:
There are 2 Blocked actors, 0 Stopped actors, and 3 active threads.
Waiting for actors to stop.
Read input token from inputB with value 9.0
Checking for deadlock:
There are 1 Blocked actors, 0 Stopped actors, and 3 active threads.
Waiting for actors to stop.
Called prefire()
Called fire()
Past the end of training data. Read and discard all inputs.
Checking for deadlock:
There are 2 Blocked actors, 0 Stopped actors, and 3 active threads.
Waiting for actors to stop.
Sent output token with value 8.0
Next port to read input from is inputA
Called postfire()
Called prefire()
Called fire()
Read input token from inputA with value 9.0
Called prefire()
Called fire()
Past the end of training data. Read and discard all inputs.
Checking for deadlock:
There are 2 Blocked actors, 0 Stopped actors, and 3 active threads.
Waiting for actors to stop.
Sent output token with value 9.0
Next port to read input from is inputB
Called postfire()
Called prefire()
Called fire()
Called postfire()
Called prefire()
Called fire()
Checking for deadlock:
There are 2 Blocked actors, 0 Stopped actors, and 3 active threads.
Waiting for actors to stop.
Read input token from inputB with value 10.5
Called prefire()
Called fire()
Past the end of training data. Read and discard all inputs.
Checking for deadlock:
There are 2 Blocked actors, 0 Stopped actors, and 3 active threads.
Waiting for actors to stop.
Sent output token with value 9.0
Next port to read input from is inputA
Called postfire()
Called prefire()
Called fire()
Checking for deadlock:
There are 3 Blocked actors, 0 Stopped actors, and 3 active threads.
Actors have stopped.
Checking for deadlock:
There are 3 Blocked actors, 0 Stopped actors, and 3 active threads.
Deadlock detected.
Resolving Deadlock
Checking for deadlock:
There are 3 Blocked actors, 0 Stopped actors, and 3 active threads.
Artificial Deadlock - increasing queue capacity.
increasing the capacity of receiver ptolemy.actor.TypedIOPort {.top.OrderedMerge.inputB} to 2
Director: Called postfire().
Called postfire().
_stopRequested = false
_stopFireRequested = false
Returning from postfire(): true
-- Thread wrapup() called.
Called wrapup()
Thread .top.Ramp2 is exiting.
-- Thread stopped.
Called fire().
Checking for deadlock:
There are 2 Blocked actors, 0 Stopped actors, and 2 active threads.
Actors have stopped.
Checking for deadlock:
There are 2 Blocked actors, 0 Stopped actors, and 2 active threads.
Deadlock detected.
Resolving Deadlock
Checking for deadlock:
There are 2 Blocked actors, 0 Stopped actors, and 2 active threads.
Deadlock detected: no processes blocked on write, but some are blocked on read.
Called postfire().
_stopRequested = false
_stopFireRequested = false
Returning from postfire(): false
Finished deactivating branches.
Called wrapup().
-- Thread wrapup() called.
Called wrapup()
Thread .top.Test is exiting.
-- Thread stopped.
-- Blocked Receiver call threw TerminateProcessException.
-- Thread wrapup() called.
Called wrapup()
Thread .top.OrderedMerge is exiting.
-- Thread stopped.
-- Blocked Receiver call threw TerminateProcessException.
63 ms. Memory: 129024K Free: 73961K (57%)
.top. Preinitializing ...
Invoking preinitialize():  .top.OrderedMerge
Called preinitialize()
Invoking preinitialize():  .top.Ramp
Called preinitialize()
Invoking preinitialize():  .top.Ramp2
Called preinitialize()
Invoking preinitialize():  .top.Test
Called preinitialize()
.top. Finished preinitialize().
Called initialize().
Invoking initialize():  .top.OrderedMerge
Initializing actor: .top.OrderedMerge
Adding a thread: .top.OrderedMerge
Invoking initialize():  .top.Ramp
Initializing actor: .top.Ramp
Adding a thread: .top.Ramp
Invoking initialize():  .top.Ramp2
Initializing actor: .top.Ramp2
Adding a thread: .top.Ramp2
Invoking initialize():  .top.Test
Initializing actor: .top.Test
Adding a thread: .top.Test
-- Starting thread.
Called initialize()
Called prefire()
Called fire()
-- Starting thread.
Called initialize()
Called prefire()
Called fire()
Called postfire()
Called prefire()
Called fire()
Called fire().
Checking for deadlock:
There are 2 Blocked actors, 0 Stopped actors, and 4 active threads.
Waiting for actors to stop.
-- Starting thread.
Called initialize()
Called prefire()
Called fire()
Called postfire()
Called prefire()
Called fire()
Checking for deadlock:
There are 3 Blocked actors, 0 Stopped actors, and 4 active threads.
Waiting for actors to stop.
-- Starting thread.
Called initialize()
Called prefire()
Called fire()
Checking for deadlock:
There are 2 Blocked actors, 0 Stopped actors, and 4 active threads.
Waiting for actors to stop.
Called postfire()
Called prefire()
Called fire()
Checking for deadlock:
There are 3 Blocked actors, 0 Stopped actors, and 4 active threads.
Waiting for actors to stop.
Read input token from inputA with value 0.0
Next port to read input from is inputB
Called postfire()
Called prefire()
Called fire()
Checking for deadlock:
There are 2 Blocked actors, 0 Stopped actors, and 4 active threads.
Waiting for actors to stop.
Called postfire()
Called prefire()
Called fire()
Checking for deadlock:
There are 3 Blocked actors, 0 Stopped actors, and 4 active threads.
Waiting for actors to stop.
Read input token from inputB with value 0.0
Checking for deadlock:
There are 2 Blocked actors, 0 Stopped actors, and 4 active threads.
Waiting for actors to stop.
-- Read input: 0.0, which is expected to match: 0.0
Called prefire()
Called fire()
Checking for deadlock:
There are 3 Blocked actors, 0 Stopped actors, and 4 active threads.
Waiting for actors to stop.
Sent output token with value 0.0
Next port to read input from is inputA
Called postfire()
Called prefire()
Called fire()
Checking for deadlock:
There are 2 Blocked actors, 0 Stopped actors, and 4 active threads.
Waiting for actors to stop.
Called postfire()
Called prefire()
Called fire()
Checking for deadlock:
There are 3 Blocked actors, 0 Stopped actors, and 4 active threads.
Waiting for actors to stop.
Read input token from inputA with value 1.0
Checking for deadlock:
There are 2 Blocked actors, 0 Stopped actors, and 4 active threads.
Waiting for actors to stop.
-- Read input: 0.0, which is expected to match: 0.0
Called prefire()
Called fire()
Checking for deadlock:
There are 3 Blocked actors, 0 Stopped actors, and 4 active threads.
Waiting for actors to stop.
Sent output token with value 0.0
Next port to read input from is inputB
Called postfire()
Called prefire()
Called fire()
Called postfire()
Called prefire()
Called fire()
Checking for deadlock:
There are 3 Blocked actors, 0 Stopped actors, and 4 active threads.
Waiting for actors to stop.
Read input token from inputB with value 1.5
-- Read input: 1.0, which is expected to match: 1.0
Called prefire()
Called fire()
Checking for deadlock:
There are 3 Blocked actors, 0 Stopped actors, and 4 active threads.
Waiting for actors to stop.
Sent output token with value 1.0
Next port to read input from is inputA
Called postfire()
Called prefire()
Called fire()
Checking for deadlock:
There are 2 Blocked actors, 0 Stopped actors, and 4 active threads.
Waiting for actors to stop.
Called postfire()
Called prefire()
Called fire()
Checking for deadlock:
There are 3 Blocked actors, 0 Stopped actors, and 4 active threads.
Waiting for actors to stop.
Read input token from inputA with value 2.0
Checking for deadlock:
There are 2 Blocked actors, 0 Stopped actors, and 4 active threads.
Waiting for actors to stop.
-- Read input: 1.5, which is expected to match: 1.5
Called prefire()
Called fire()
Checking for deadlock:
There are 3 Blocked actors, 0 Stopped actors, and 4 active threads.
Waiting for actors to stop.
Sent output token with value 1.5
Next port to read input from is inputB
Called postfire()
Called prefire()
Called fire()
Checking for deadlock:
There are 2 Blocked actors, 0 Stopped actors, and 4 active threads.
Waiting for actors to stop.
Called postfire()
Called prefire()
Called fire()
Checking for deadlock:
There are 3 Blocked actors, 0 Stopped actors, and 4 active threads.
Waiting for actors to stop.
Read input token from inputB with value 3.0
Checking for deadlock:
There are 2 Blocked actors, 0 Stopped actors, and 4 active threads.
Waiting for actors to stop.
-- Read input: 2.0, which is expected to match: 2.0
Called prefire()
Called fire()
Checking for deadlock:
There are 3 Blocked actors, 0 Stopped actors, and 4 active threads.
Waiting for actors to stop.
Sent output token with value 2.0
Next port to read input from is inputA
Called postfire()
Called prefire()
Called fire()
Checking for deadlock:
There are 2 Blocked actors, 0 Stopped actors, and 4 active threads.
Waiting for actors to stop.
Called postfire()
Called prefire()
Called fire()
Checking for deadlock:
There are 3 Blocked actors, 0 Stopped actors, and 4 active threads.
Waiting for actors to stop.
Read input token from inputA with value 3.0
Checking for deadlock:
There are 2 Blocked actors, 0 Stopped actors, and 4 active threads.
Waiting for actors to stop.
-- Read input: 3.0, which is expected to match: 3.0
Called prefire()
Called fire()
Checking for deadlock:
There are 3 Blocked actors, 0 Stopped actors, and 4 active threads.
Waiting for actors to stop.
Sent output token with value 3.0
Next port to read input from is inputB
Called postfire()
Called prefire()
Called fire()
Called postfire()
Called prefire()
Called fire()
Checking for deadlock:
There are 3 Blocked actors, 0 Stopped actors, and 4 active threads.
Waiting for actors to stop.
Read input token from inputB with value 4.5
-- Read input: 3.0, which is expected to match: 3.0
Called prefire()
Called fire()
Checking for deadlock:
There are 3 Blocked actors, 0 Stopped actors, and 4 active threads.
Waiting for actors to stop.
Sent output token with value 3.0
Next port to read input from is inputA
Called postfire()
Called prefire()
Called fire()
Checking for deadlock:
There are 2 Blocked actors, 0 Stopped actors, and 4 active threads.
Waiting for actors to stop.
Called postfire()
Called prefire()
Called fire()
Checking for deadlock:
There are 3 Blocked actors, 0 Stopped actors, and 4 active threads.
Waiting for actors to stop.
Read input token from inputA with value 4.0
Checking for deadlock:
There are 2 Blocked actors, 0 Stopped actors, and 4 active threads.
Waiting for actors to stop.
-- Read input: 4.0, which is expected to match: 4.0
Called prefire()
Called fire()
Past the end of training data. Read and discard all inputs.
Checking for deadlock:
There are 3 Blocked actors, 0 Stopped actors, and 4 active threads.
Waiting for actors to stop.
Sent output token with value 4.0
Next port to read input from is inputA
Called postfire()
Called prefire()
Called fire()
Checking for deadlock:
There are 2 Blocked actors, 0 Stopped actors, and 4 active threads.
Waiting for actors to stop.
Called postfire()
Called prefire()
Called fire()
Checking for deadlock:
There are 3 Blocked actors, 0 Stopped actors, and 4 active threads.
Waiting for actors to stop.
Read input token from inputA with value 5.0
Checking for deadlock:
There are 2 Blocked actors, 0 Stopped actors, and 4 active threads.
Waiting for actors to stop.
Called prefire()
Called fire()
Past the end of training data. Read and discard all inputs.
Checking for deadlock:
There are 3 Blocked actors, 0 Stopped actors, and 4 active threads.
Waiting for actors to stop.
Sent output token with value 4.5
Next port to read input from is inputB
Called postfire()
Called prefire()
Called fire()
Called postfire()
Called prefire()
Called fire()
Checking for deadlock:
There are 3 Blocked actors, 0 Stopped actors, and 4 active threads.
Waiting for actors to stop.
Read input token from inputB with value 6.0
Called prefire()
Called fire()
Past the end of training data. Read and discard all inputs.
Checking for deadlock:
There are 3 Blocked actors, 0 Stopped actors, and 4 active threads.
Waiting for actors to stop.
Sent output token with value 5.0
Next port to read input from is inputA
Called postfire()
Called prefire()
Called fire()
Checking for deadlock:
There are 2 Blocked actors, 0 Stopped actors, and 4 active threads.
Waiting for actors to stop.
Called postfire()
Called prefire()
Called fire()
Checking for deadlock:
There are 3 Blocked actors, 0 Stopped actors, and 4 active threads.
Waiting for actors to stop.
Read input token from inputA with value 6.0
Checking for deadlock:
There are 2 Blocked actors, 0 Stopped actors, and 4 active threads.
Waiting for actors to stop.
Called prefire()
Called fire()
Past the end of training data. Read and discard all inputs.
Checking for deadlock:
There are 3 Blocked actors, 0 Stopped actors, and 4 active threads.
Waiting for actors to stop.
Sent output token with value 6.0
Next port to read input from is inputB
Called postfire()
Called prefire()
Called fire()
Called postfire()
Called prefire()
Called fire()
Checking for deadlock:
There are 3 Blocked actors, 0 Stopped actors, and 4 active threads.
Waiting for actors to stop.
Read input token from inputB with value 7.5
Called prefire()
Called fire()
Past the end of training data. Read and discard all inputs.
Checking for deadlock:
There are 3 Blocked actors, 0 Stopped actors, and 4 active threads.
Waiting for actors to stop.
Sent output token with value 6.0
Next port to read input from is inputA
Called postfire()
Called prefire()
Called fire()
Checking for deadlock:
There are 2 Blocked actors, 0 Stopped actors, and 4 active threads.
Waiting for actors to stop.
Called postfire()
Called prefire()
Called fire()
Checking for deadlock:
There are 3 Blocked actors, 0 Stopped actors, and 4 active threads.
Waiting for actors to stop.
Read input token from inputA with value 7.0
Checking for deadlock:
There are 2 Blocked actors, 0 Stopped actors, and 4 active threads.
Waiting for actors to stop.
Called prefire()
Called fire()
Past the end of training data. Read and discard all inputs.
Checking for deadlock:
There are 3 Blocked actors, 0 Stopped actors, and 4 active threads.
Waiting for actors to stop.
Sent output token with value 7.0
Next port to read input from is inputA
Called postfire()
Called prefire()
Called fire()
Checking for deadlock:
There are 2 Blocked actors, 0 Stopped actors, and 4 active threads.
Waiting for actors to stop.
-- Thread wrapup() called.
Called wrapup()
Thread .top.Ramp is exiting.
-- Thread stopped.
Checking for deadlock:
There are 2 Blocked actors, 0 Stopped actors, and 3 active threads.
Waiting for actors to stop.
Read input token from inputA with value 8.0
Called prefire()
Called fire()
Past the end of training data. Read and discard all inputs.
Checking for deadlock:
There are 2 Blocked actors, 0 Stopped actors, and 3 active threads.
Waiting for actors to stop.
Sent output token with value 7.5
Next port to read input from is inputB
Called postfire()
Called prefire()
Called fire()
Checking for deadlock:
There are 1 Blocked actors, 0 Stopped actors, and 3 active threads.
Waiting for actors to stop.
Called postfire()
Called prefire()
Called fire()
Checking for deadlock:
There are 2 Blocked actors, 0 Stopped actors, and 3 active threads.
Waiting for actors to stop.
Read input token from inputB with value 9.0
Checking for deadlock:
There are 1 Blocked actors, 0 Stopped actors, and 3 active threads.
Waiting for actors to stop.
Called prefire()
Called fire()
Past the end of training data. Read and discard all inputs.
Checking for deadlock:
There are 2 Blocked actors, 0 Stopped actors, and 3 active threads.
Waiting for actors to stop.
Sent output token with value 8.0
Next port to read input from is inputA
Called postfire()
Called prefire()
Called fire()
Read input token from inputA with value 9.0
Called prefire()
Called fire()
Past the end of training data. Read and discard all inputs.
Checking for deadlock:
There are 2 Blocked actors, 0 Stopped actors, and 3 active threads.
Waiting for actors to stop.
Sent output token with value 9.0
Next port to read input from is inputB
Called postfire()
Called prefire()
Called fire()
Called postfire()
Called prefire()
Called fire()
Checking for deadlock:
There are 2 Blocked actors, 0 Stopped actors, and 3 active threads.
Waiting for actors to stop.
Read input token from inputB with value 10.5
Called prefire()
Called fire()
Past the end of training data. Read and discard all inputs.
Checking for deadlock:
There are 2 Blocked actors, 0 Stopped actors, and 3 active threads.
Waiting for actors to stop.
Sent output token with value 9.0
Next port to read input from is inputA
Called postfire()
Called prefire()
Called fire()
Checking for deadlock:
There are 3 Blocked actors, 0 Stopped actors, and 3 active threads.
Actors have stopped.
Checking for deadlock:
There are 3 Blocked actors, 0 Stopped actors, and 3 active threads.
Deadlock detected.
Resolving Deadlock
Checking for deadlock:
There are 3 Blocked actors, 0 Stopped actors, and 3 active threads.
Artificial Deadlock - increasing queue capacity.
increasing the capacity of receiver ptolemy.actor.TypedIOPort {.top.OrderedMerge.inputB} to 2
Director: Called postfire().
Called postfire().
_stopRequested = false
_stopFireRequested = false
Returning from postfire(): true
Called fire().
Checking for deadlock:
There are 2 Blocked actors, 0 Stopped actors, and 3 active threads.
Waiting for actors to stop.
-- Thread wrapup() called.
Called wrapup()
Thread .top.Ramp2 is exiting.
-- Thread stopped.
Checking for deadlock:
There are 2 Blocked actors, 0 Stopped actors, and 2 active threads.
Actors have stopped.
Checking for deadlock:
There are 2 Blocked actors, 0 Stopped actors, and 2 active threads.
Deadlock detected.
Resolving Deadlock
Checking for deadlock:
There are 2 Blocked actors, 0 Stopped actors, and 2 active threads.
Deadlock detected: no processes blocked on write, but some are blocked on read.
Called postfire().
_stopRequested = false
_stopFireRequested = false
Returning from postfire(): false
Finished deactivating branches.
Called wrapup().
-- Thread wrapup() called.
Called wrapup()
-- Thread wrapup() called.
Called wrapup()
Thread .top.Test is exiting.
-- Thread stopped.
-- Blocked Receiver call threw TerminateProcessException.
Thread .top.OrderedMerge is exiting.
-- Thread stopped.
-- Blocked Receiver call threw TerminateProcessException.
43 ms. Memory: 129024K Free: 110776K (86%)
/home/travis/build/icyphy/ptII/ptolemy/actor/lib/test/Publisher.tcl
5 ms. Memory: 129024K Free: 104446K (81%)
7 ms. Memory: 129024K Free: 99326K (77%)
6 ms. Memory: 129024K Free: 95726K (74%)
7 ms. Memory: 129024K Free: 94710K (73%)
5 ms. Memory: 129024K Free: 93692K (73%)
11 ms. Memory: 129024K Free: 93182K (72%)
3 ms. Memory: 129024K Free: 92158K (71%)
2 ms. Memory: 129024K Free: 91134K (71%)
24 ms. Memory: 129024K Free: 81404K (63%)
8 ms. Memory: 129024K Free: 77308K (60%)
3 ms. Memory: 129024K Free: 76798K (60%)
19 ms. Memory: 155648K Free: 138145K (89%)
17 ms. Memory: 155648K Free: 129951K (83%)
20 ms. Memory: 155648K Free: 120735K (78%)
14 ms. Memory: 155648K Free: 109471K (70%)
/home/travis/build/icyphy/ptII/ptolemy/actor/lib/test/Pulse.tcl
4 ms. Memory: 155648K Free: 125972K (81%)
8 ms. Memory: 155648K Free: 125476K (81%)
2 ms. Memory: 155648K Free: 124948K (80%)
2 ms. Memory: 155648K Free: 124452K (80%)
2 ms. Memory: 155648K Free: 123938K (80%)
5 ms. Memory: 155648K Free: 122900K (79%)
9 ms. Memory: 155648K Free: 121890K (78%)
2 ms. Memory: 155648K Free: 120866K (78%)
5 ms. Memory: 155648K Free: 120356K (77%)
/home/travis/build/icyphy/ptII/ptolemy/actor/lib/test/Ramp.tcl
7 ms. Memory: 155648K Free: 118308K (76%)
3 ms. Memory: 155648K Free: 117764K (76%)
2 ms. Memory: 155648K Free: 116770K (75%)
1 ms. Memory: 155648K Free: 115746K (74%)
8 ms. Memory: 155648K Free: 115236K (74%)
9 ms. Memory: 155648K Free: 114212K (73%)
5 ms. Memory: 155648K Free: 113188K (73%)
5 actors
7000 microseconds per iteration to create
10 ms. Memory: 155648K Free: 110626K (71%)
2 ms. Memory: 155648K Free: 110116K (71%)
4 ms. Memory: 155648K Free: 109602K (70%)
2 ms. Memory: 155648K Free: 109092K (70%)
50 actors
41000 microseconds per iteration to create
43 ms. Memory: 155648K Free: 93204K (60%)
13 ms. Memory: 155648K Free: 92194K (59%)
12 ms. Memory: 155648K Free: 91170K (59%)
4 ms. Memory: 155648K Free: 90146K (58%)
500 actors
1255000 microseconds per iteration to create
214 ms. Memory: 155648K Free: 76960K (49%)
32 ms. Memory: 155648K Free: 71330K (46%)
33 ms. Memory: 155648K Free: 66210K (43%)
35 ms. Memory: 155648K Free: 61090K (39%)
/home/travis/build/icyphy/ptII/ptolemy/actor/lib/test/RampContinuous.tcl
6 ms. Memory: 155648K Free: 59538K (38%)
/home/travis/build/icyphy/ptII/ptolemy/actor/lib/test/RecordAssembler.tcl
5 ms. Memory: 155648K Free: 58018K (37%)
3 ms. Memory: 155648K Free: 56994K (37%)
/home/travis/build/icyphy/ptII/ptolemy/actor/lib/test/RecordDisassembler.tcl
6 ms. Memory: 155648K Free: 55456K (36%)
3 ms. Memory: 155648K Free: 54418K (35%)
17 ms. Memory: 155648K Free: 131807K (85%)
/home/travis/build/icyphy/ptII/ptolemy/actor/lib/test/Scale.tcl
3 ms. Memory: 155648K Free: 129759K (83%)
1 ms. Memory: 155648K Free: 129264K (83%)
1 ms. Memory: 155648K Free: 128240K (82%)
2 ms. Memory: 155648K Free: 127695K (82%)
3 ms. Memory: 155648K Free: 126702K (81%)
/home/travis/build/icyphy/ptII/ptolemy/actor/lib/test/SequentialClock.tcl
preinitializing
resolving types
initializing
executing number 1
wrapping up
idle
2 ms. Memory: 155648K Free: 125647K (81%)
Completed execution with 5 iterations
preinitializing
resolving types
initializing
executing number 1
wrapping up
idle
1 ms. Memory: 155648K Free: 125168K (80%)
Completed execution with 5 iterations
preinitializing
resolving types
initializing
executing number 1
wrapping up
idle
1 ms. Memory: 155648K Free: 124627K (80%)
Completed execution with 5 iterations
/home/travis/build/icyphy/ptII/ptolemy/actor/lib/test/SetVariable.tcl
4 ms. Memory: 155648K Free: 122591K (79%)
/home/travis/build/icyphy/ptII/ptolemy/actor/lib/test/Sinewave.tcl
/home/travis/build/icyphy/ptII/ptolemy/actor/lib/test/SubscriptionAggregator.tcl
10 ms. Memory: 155648K Free: 111311K (72%)
7 ms. Memory: 155648K Free: 110318K (71%)
0 ms. Memory: 155648K Free: 109808K (71%)
0 ms. Memory: 155648K Free: 109808K (71%)
2 ms. Memory: 155648K Free: 105712K (68%)
9 ms. Memory: 155648K Free: 103664K (67%)
...............................................................1042 ms. Memory: 293888K Free: 191633K (65%)
/home/travis/build/icyphy/ptII/ptolemy/actor/lib/test/Test.tcl
 The next command will produce a warning about training mode,
   which may be ignored.
5 ms. Memory: 293888K Free: 189587K (65%)
7 ms. Memory: 293888K Free: 189043K (64%)
2 ms. Memory: 293888K Free: 188563K (64%)
4 ms. Memory: 293888K Free: 187539K (64%)
14 ms. Memory: 293888K Free: 187025K (64%)
4 ms. Memory: 293888K Free: 185971K (63%)
4 ms. Memory: 293888K Free: 184467K (63%)
 The next command will produce a warning about training mode,
   which may be ignored.
6 ms. Memory: 293888K Free: 182419K (62%)
 The next command will produce a warning about training mode,
   which may be ignored.
3 ms. Memory: 293888K Free: 180881K (62%)
2 ms. Memory: 293888K Free: 180371K (61%)
1 ms. Memory: 293888K Free: 180371K (61%)
3 ms. Memory: 293888K Free: 179347K (61%)
9 ms. Memory: 293888K Free: 178833K (61%)
7 ms. Memory: 293888K Free: 174737K (59%)
/home/travis/build/icyphy/ptII/ptolemy/actor/lib/test/TestExceptionHandler.tcl
 The next command will produce a warning about training mode,
   which may be ignored.
3 ms. Memory: 293888K Free: 173713K (59%)
1 ms. Memory: 293888K Free: 173203K (59%)
1 ms. Memory: 293888K Free: 172689K (59%)
/home/travis/build/icyphy/ptII/ptolemy/actor/lib/test/UnionDisassembler.tcl
31 ms. Memory: 293888K Free: 165011K (56%)
/home/travis/build/icyphy/ptII/ptolemy/actor/lib/test/VariableClock.tcl
preinitializing
resolving types
initializing
executing number 1
wrapping up
idle
10 ms. Memory: 293888K Free: 163459K (56%)
Completed execution with 11 iterations
preinitializing
resolving types
initializing
executing number 1
wrapping up
idle
11 ms. Memory: 293888K Free: 161939K (55%)
Completed execution with 10 iterations
03/10/20 07:19:57
Failed: 0  Total Tests: 233  ((Passed: 233, Newly Passed: 0)  Known Failed: 0) /home/travis/build/icyphy/ptII/ptolemy/actor/lib/test
----------------- testing (KnownFailure) /home/travis/build/icyphy/ptII/ptolemy/actor/lib/test/auto/knownFailedTests/PublisherPortToplevelSubscriber.xml
0 ms. Memory: 293888K Free: 158353K (54%)
Known Failure: java.lang.reflect.InvocationTargetException
----------------- testing (KnownFailure) /home/travis/build/icyphy/ptII/ptolemy/actor/lib/test/auto/knownFailedTests/PublisherSubscriberPortToplevel.xml
0 ms. Memory: 293888K Free: 154257K (52%)
Known Failure: java.lang.reflect.InvocationTargetException
----------------- testing (KnownFailure) /home/travis/build/icyphy/ptII/ptolemy/actor/lib/test/auto/knownFailedTests/PublisherSubscriptionAggregatorPort.xml
1 ms. Memory: 293888K Free: 150131K (51%)
Known Failure: java.lang.reflect.InvocationTargetException
----------------- testing (KnownFailure) /home/travis/build/icyphy/ptII/ptolemy/actor/lib/test/auto/knownFailedTests/sizedarray3.xml
7 ms. Memory: 293888K Free: 145555K (50%)
Known Failure: java.lang.reflect.InvocationTargetException
No auto/linux-amd64/*.xml tests in /home/travis/build/icyphy/ptII/ptolemy/actor/lib/test
AutoTests.java: About to close Vertx.
AutoTests.java: Vertx closed.

===========================================================================================
----------------- testing Tue Mar 10 07:19:58 UTC 2020 /home/travis/build/icyphy/ptII/ptolemy/actor/lib/test/auto/AbsoluteValue.xml
----------------- Instantiating /home/travis/build/icyphy/ptII/ptolemy/actor/lib/test/auto/AbsoluteValue.xml
15 ms. Memory: 293888K Free: 122499K (42%)
----------------- Invoking toplevel() on ptolemy.moml.MoMLSimpleApplication@5d83edaf
----------------- Done invoking toplevel() on ptolemy.moml.MoMLSimpleApplication@5d83edaf
reloadAllAccessors: .AbsoluteValue

===========================================================================================
----------------- testing Tue Mar 10 07:19:58 UTC 2020 /home/travis/build/icyphy/ptII/ptolemy/actor/lib/test/auto/AbsoluteValue2.xml
----------------- Instantiating /home/travis/build/icyphy/ptII/ptolemy/actor/lib/test/auto/AbsoluteValue2.xml
10 ms. Memory: 293888K Free: 115345K (39%)
----------------- Invoking toplevel() on ptolemy.moml.MoMLSimpleApplication@57d3c4c8
----------------- Done invoking toplevel() on ptolemy.moml.MoMLSimpleApplication@57d3c4c8
reloadAllAccessors: .AbsoluteValue2

===========================================================================================
----------------- testing Tue Mar 10 07:19:58 UTC 2020 /home/travis/build/icyphy/ptII/ptolemy/actor/lib/test/auto/Accumulator.xml
----------------- Instantiating /home/travis/build/icyphy/ptII/ptolemy/actor/lib/test/auto/Accumulator.xml
7 ms. Memory: 293888K Free: 109201K (37%)
----------------- Invoking toplevel() on ptolemy.moml.MoMLSimpleApplication@7065abf5
----------------- Done invoking toplevel() on ptolemy.moml.MoMLSimpleApplication@7065abf5
reloadAllAccessors: .Accumulator

===========================================================================================
----------------- testing Tue Mar 10 07:19:58 UTC 2020 /home/travis/build/icyphy/ptII/ptolemy/actor/lib/test/auto/Accumulator2.xml
----------------- Instantiating /home/travis/build/icyphy/ptII/ptolemy/actor/lib/test/auto/Accumulator2.xml
4 ms. Memory: 293888K Free: 103571K (35%)
----------------- Invoking toplevel() on ptolemy.moml.MoMLSimpleApplication@40951c4b
----------------- Done invoking toplevel() on ptolemy.moml.MoMLSimpleApplication@40951c4b
reloadAllAccessors: .Accumulator2

===========================================================================================
----------------- testing Tue Mar 10 07:19:58 UTC 2020 /home/travis/build/icyphy/ptII/ptolemy/actor/lib/test/auto/Accumulator3.xml
----------------- Instantiating /home/travis/build/icyphy/ptII/ptolemy/actor/lib/test/auto/Accumulator3.xml
5 ms. Memory: 293888K Free: 99475K (34%)
----------------- Invoking toplevel() on ptolemy.moml.MoMLSimpleApplication@4b963f10
----------------- Done invoking toplevel() on ptolemy.moml.MoMLSimpleApplication@4b963f10
reloadAllAccessors: .Accumulator3

===========================================================================================
----------------- testing Tue Mar 10 07:19:58 UTC 2020 /home/travis/build/icyphy/ptII/ptolemy/actor/lib/test/auto/ArrayAppend.xml
----------------- Instantiating /home/travis/build/icyphy/ptII/ptolemy/actor/lib/test/auto/ArrayAppend.xml
4 ms. Memory: 293888K Free: 241773K (82%)
----------------- Invoking toplevel() on ptolemy.moml.MoMLSimpleApplication@6ee37994
----------------- Done invoking toplevel() on ptolemy.moml.MoMLSimpleApplication@6ee37994
reloadAllAccessors: .ArrayAppend

===========================================================================================
----------------- testing Tue Mar 10 07:19:58 UTC 2020 /home/travis/build/icyphy/ptII/ptolemy/actor/lib/test/auto/ArrayAppend2.xml
----------------- Instantiating /home/travis/build/icyphy/ptII/ptolemy/actor/lib/test/auto/ArrayAppend2.xml
428 ms. Memory: 293888K Free: 158829K (54%)
----------------- Invoking toplevel() on ptolemy.moml.MoMLSimpleApplication@4607e910
----------------- Done invoking toplevel() on ptolemy.moml.MoMLSimpleApplication@4607e910
reloadAllAccessors: .ArrayAppend2

===========================================================================================
----------------- testing Tue Mar 10 07:19:59 UTC 2020 /home/travis/build/icyphy/ptII/ptolemy/actor/lib/test/auto/ArrayAppend3.xml
----------------- Instantiating /home/travis/build/icyphy/ptII/ptolemy/actor/lib/test/auto/ArrayAppend3.xml
6 ms. Memory: 293888K Free: 154219K (52%)
----------------- Invoking toplevel() on ptolemy.moml.MoMLSimpleApplication@6794789e
----------------- Done invoking toplevel() on ptolemy.moml.MoMLSimpleApplication@6794789e
reloadAllAccessors: .ArrayAppend3

===========================================================================================
----------------- testing Tue Mar 10 07:19:59 UTC 2020 /home/travis/build/icyphy/ptII/ptolemy/actor/lib/test/auto/ArrayAppend4.xml
----------------- Instantiating /home/travis/build/icyphy/ptII/ptolemy/actor/lib/test/auto/ArrayAppend4.xml
1 ms. Memory: 293888K Free: 149099K (51%)
----------------- Invoking toplevel() on ptolemy.moml.MoMLSimpleApplication@4b30ae74
----------------- Done invoking toplevel() on ptolemy.moml.MoMLSimpleApplication@4b30ae74
reloadAllAccessors: .ArrayAppend4

===========================================================================================
----------------- testing Tue Mar 10 07:19:59 UTC 2020 /home/travis/build/icyphy/ptII/ptolemy/actor/lib/test/auto/ArrayAppend5.xml
----------------- Instantiating /home/travis/build/icyphy/ptII/ptolemy/actor/lib/test/auto/ArrayAppend5.xml
2 ms. Memory: 293888K Free: 143979K (49%)
----------------- Invoking toplevel() on ptolemy.moml.MoMLSimpleApplication@5b20db68
----------------- Done invoking toplevel() on ptolemy.moml.MoMLSimpleApplication@5b20db68
reloadAllAccessors: .ArrayAppend5

===========================================================================================
----------------- testing Tue Mar 10 07:19:59 UTC 2020 /home/travis/build/icyphy/ptII/ptolemy/actor/lib/test/auto/ArrayAppend6.xml
----------------- Instantiating /home/travis/build/icyphy/ptII/ptolemy/actor/lib/test/auto/ArrayAppend6.xml
2 ms. Memory: 293888K Free: 138859K (47%)
----------------- Invoking toplevel() on ptolemy.moml.MoMLSimpleApplication@7a9812c4
----------------- Done invoking toplevel() on ptolemy.moml.MoMLSimpleApplication@7a9812c4
reloadAllAccessors: .ArrayAppend6

===========================================================================================
----------------- testing Tue Mar 10 07:19:59 UTC 2020 /home/travis/build/icyphy/ptII/ptolemy/actor/lib/test/auto/ArrayAppendPerformanceTest.xml
----------------- Instantiating /home/travis/build/icyphy/ptII/ptolemy/actor/lib/test/auto/ArrayAppendPerformanceTest.xml
29 ms. Memory: 293888K Free: 128619K (44%)
----------------- Invoking toplevel() on ptolemy.moml.MoMLSimpleApplication@56622cfa
----------------- Done invoking toplevel() on ptolemy.moml.MoMLSimpleApplication@56622cfa
reloadAllAccessors: .ArrayAppendPerformanceTest

===========================================================================================
----------------- testing Tue Mar 10 07:19:59 UTC 2020 /home/travis/build/icyphy/ptII/ptolemy/actor/lib/test/auto/ArrayAppendWithEmptyInput.xml
----------------- Instantiating /home/travis/build/icyphy/ptII/ptolemy/actor/lib/test/auto/ArrayAppendWithEmptyInput.xml
8 ms. Memory: 293888K Free: 120427K (41%)
----------------- Invoking toplevel() on ptolemy.moml.MoMLSimpleApplication@4b30a2b1
----------------- Done invoking toplevel() on ptolemy.moml.MoMLSimpleApplication@4b30a2b1
reloadAllAccessors: .ArrayAppendWithEmptyInput

===========================================================================================
----------------- testing Tue Mar 10 07:19:59 UTC 2020 /home/travis/build/icyphy/ptII/ptolemy/actor/lib/test/auto/ArrayAverage.xml
----------------- Instantiating /home/travis/build/icyphy/ptII/ptolemy/actor/lib/test/auto/ArrayAverage.xml
4 ms. Memory: 293888K Free: 112749K (38%)
----------------- Invoking toplevel() on ptolemy.moml.MoMLSimpleApplication@196411b9
----------------- Done invoking toplevel() on ptolemy.moml.MoMLSimpleApplication@196411b9
reloadAllAccessors: .ArrayAverage

===========================================================================================
----------------- testing Tue Mar 10 07:19:59 UTC 2020 /home/travis/build/icyphy/ptII/ptolemy/actor/lib/test/auto/ArrayContains.xml
----------------- Instantiating /home/travis/build/icyphy/ptII/ptolemy/actor/lib/test/auto/ArrayContains.xml
11 ms. Memory: 293888K Free: 107115K (36%)
----------------- Invoking toplevel() on ptolemy.moml.MoMLSimpleApplication@52dde789
----------------- Done invoking toplevel() on ptolemy.moml.MoMLSimpleApplication@52dde789
reloadAllAccessors: .ArrayContains

===========================================================================================
----------------- testing Tue Mar 10 07:19:59 UTC 2020 /home/travis/build/icyphy/ptII/ptolemy/actor/lib/test/auto/ArrayElement.xml
----------------- Instantiating /home/travis/build/icyphy/ptII/ptolemy/actor/lib/test/auto/ArrayElement.xml
4 ms. Memory: 293888K Free: 100971K (34%)
----------------- Invoking toplevel() on ptolemy.moml.MoMLSimpleApplication@2c109440
----------------- Done invoking toplevel() on ptolemy.moml.MoMLSimpleApplication@2c109440
reloadAllAccessors: .ArrayElement

===========================================================================================
----------------- testing Tue Mar 10 07:19:59 UTC 2020 /home/travis/build/icyphy/ptII/ptolemy/actor/lib/test/auto/ArrayElementAsMatrix.xml
----------------- Instantiating /home/travis/build/icyphy/ptII/ptolemy/actor/lib/test/auto/ArrayElementAsMatrix.xml
20 ms. Memory: 293888K Free: 91245K (31%)
----------------- Invoking toplevel() on ptolemy.moml.MoMLSimpleApplication@6516027c
----------------- Done invoking toplevel() on ptolemy.moml.MoMLSimpleApplication@6516027c
reloadAllAccessors: .ArrayElementAsMatrix

===========================================================================================
----------------- testing Tue Mar 10 07:19:59 UTC 2020 /home/travis/build/icyphy/ptII/ptolemy/actor/lib/test/auto/ArrayElementI.xml
----------------- Instantiating /home/travis/build/icyphy/ptII/ptolemy/actor/lib/test/auto/ArrayElementI.xml
4 ms. Memory: 293888K Free: 243273K (83%)
----------------- Invoking toplevel() on ptolemy.moml.MoMLSimpleApplication@5a30b542
----------------- Done invoking toplevel() on ptolemy.moml.MoMLSimpleApplication@5a30b542
reloadAllAccessors: .ArrayElementI

===========================================================================================
----------------- testing Tue Mar 10 07:19:59 UTC 2020 /home/travis/build/icyphy/ptII/ptolemy/actor/lib/test/auto/ArrayExtract.xml
----------------- Instantiating /home/travis/build/icyphy/ptII/ptolemy/actor/lib/test/auto/ArrayExtract.xml
6 ms. Memory: 293888K Free: 234567K (80%)
----------------- Invoking toplevel() on ptolemy.moml.MoMLSimpleApplication@26baab4f
----------------- Done invoking toplevel() on ptolemy.moml.MoMLSimpleApplication@26baab4f
reloadAllAccessors: .ArrayExtract

===========================================================================================
----------------- testing Tue Mar 10 07:19:59 UTC 2020 /home/travis/build/icyphy/ptII/ptolemy/actor/lib/test/auto/ArrayExtract2.xml
----------------- Instantiating /home/travis/build/icyphy/ptII/ptolemy/actor/lib/test/auto/ArrayExtract2.xml
2 ms. Memory: 293888K Free: 229433K (78%)
----------------- Invoking toplevel() on ptolemy.moml.MoMLSimpleApplication@9979d50
----------------- Done invoking toplevel() on ptolemy.moml.MoMLSimpleApplication@9979d50
reloadAllAccessors: .ArrayExtract2

===========================================================================================
----------------- testing Tue Mar 10 07:19:59 UTC 2020 /home/travis/build/icyphy/ptII/ptolemy/actor/lib/test/auto/ArrayLength.xml
----------------- Instantiating /home/travis/build/icyphy/ptII/ptolemy/actor/lib/test/auto/ArrayLength.xml
1 ms. Memory: 293888K Free: 224841K (77%)
----------------- Invoking toplevel() on ptolemy.moml.MoMLSimpleApplication@495667e
----------------- Done invoking toplevel() on ptolemy.moml.MoMLSimpleApplication@495667e
reloadAllAccessors: .ArrayLength

===========================================================================================
----------------- testing Tue Mar 10 07:19:59 UTC 2020 /home/travis/build/icyphy/ptII/ptolemy/actor/lib/test/auto/ArrayLevelCrossing.xml
----------------- Instantiating /home/travis/build/icyphy/ptII/ptolemy/actor/lib/test/auto/ArrayLevelCrossing.xml
6 ms. Memory: 293888K Free: 217159K (74%)
----------------- Invoking toplevel() on ptolemy.moml.MoMLSimpleApplication@26849dca
----------------- Done invoking toplevel() on ptolemy.moml.MoMLSimpleApplication@26849dca
reloadAllAccessors: .ArrayLevelCrossing

===========================================================================================
----------------- testing Tue Mar 10 07:19:59 UTC 2020 /home/travis/build/icyphy/ptII/ptolemy/actor/lib/test/auto/ArrayLevelCrossing2.xml
----------------- Instantiating /home/travis/build/icyphy/ptII/ptolemy/actor/lib/test/auto/ArrayLevelCrossing2.xml
3 ms. Memory: 293888K Free: 209481K (71%)
----------------- Invoking toplevel() on ptolemy.moml.MoMLSimpleApplication@6b78fac6
----------------- Done invoking toplevel() on ptolemy.moml.MoMLSimpleApplication@6b78fac6
reloadAllAccessors: .ArrayLevelCrossing2

===========================================================================================
----------------- testing Tue Mar 10 07:19:59 UTC 2020 /home/travis/build/icyphy/ptII/ptolemy/actor/lib/test/auto/ArrayPeakSearch.xml
----------------- Instantiating /home/travis/build/icyphy/ptII/ptolemy/actor/lib/test/auto/ArrayPeakSearch.xml
11 ms. Memory: 293888K Free: 200775K (68%)
----------------- Invoking toplevel() on ptolemy.moml.MoMLSimpleApplication@47198967
----------------- Done invoking toplevel() on ptolemy.moml.MoMLSimpleApplication@47198967
reloadAllAccessors: .ArrayPeakSearch

===========================================================================================
----------------- testing Tue Mar 10 07:19:59 UTC 2020 /home/travis/build/icyphy/ptII/ptolemy/actor/lib/test/auto/ArrayPeakSearch2.xml
----------------- Instantiating /home/travis/build/icyphy/ptII/ptolemy/actor/lib/test/auto/ArrayPeakSearch2.xml
4 ms. Memory: 293888K Free: 190025K (65%)
----------------- Invoking toplevel() on ptolemy.moml.MoMLSimpleApplication@1c088060
----------------- Done invoking toplevel() on ptolemy.moml.MoMLSimpleApplication@1c088060
reloadAllAccessors: .ArrayPeakSearch2

===========================================================================================
----------------- testing Tue Mar 10 07:19:59 UTC 2020 /home/travis/build/icyphy/ptII/ptolemy/actor/lib/test/auto/ArrayPeakSearch3.xml
----------------- Instantiating /home/travis/build/icyphy/ptII/ptolemy/actor/lib/test/auto/ArrayPeakSearch3.xml
3 ms. Memory: 293888K Free: 181319K (62%)
----------------- Invoking toplevel() on ptolemy.moml.MoMLSimpleApplication@10001965
----------------- Done invoking toplevel() on ptolemy.moml.MoMLSimpleApplication@10001965
reloadAllAccessors: .ArrayPeakSearch3

===========================================================================================
----------------- testing Tue Mar 10 07:19:59 UTC 2020 /home/travis/build/icyphy/ptII/ptolemy/actor/lib/test/auto/ArrayRemoveElement.xml
----------------- Instantiating /home/travis/build/icyphy/ptII/ptolemy/actor/lib/test/auto/ArrayRemoveElement.xml
3 ms. Memory: 293888K Free: 173127K (59%)
----------------- Invoking toplevel() on ptolemy.moml.MoMLSimpleApplication@289d25a8
----------------- Done invoking toplevel() on ptolemy.moml.MoMLSimpleApplication@289d25a8
reloadAllAccessors: .ArrayRemoveElement

===========================================================================================
----------------- testing Tue Mar 10 07:19:59 UTC 2020 /home/travis/build/icyphy/ptII/ptolemy/actor/lib/test/auto/ArraySort.xml
----------------- Instantiating /home/travis/build/icyphy/ptII/ptolemy/actor/lib/test/auto/ArraySort.xml
5 ms. Memory: 293888K Free: 164425K (56%)
----------------- Invoking toplevel() on ptolemy.moml.MoMLSimpleApplication@37c37dfb
----------------- Done invoking toplevel() on ptolemy.moml.MoMLSimpleApplication@37c37dfb
reloadAllAccessors: .ArraySort

===========================================================================================
----------------- testing Tue Mar 10 07:19:59 UTC 2020 /home/travis/build/icyphy/ptII/ptolemy/actor/lib/test/auto/ArraySum.xml
----------------- Instantiating /home/travis/build/icyphy/ptII/ptolemy/actor/lib/test/auto/ArraySum.xml
2 ms. Memory: 293888K Free: 158791K (54%)
----------------- Invoking toplevel() on ptolemy.moml.MoMLSimpleApplication@4b04215f
----------------- Done invoking toplevel() on ptolemy.moml.MoMLSimpleApplication@4b04215f
reloadAllAccessors: .ArraySum

===========================================================================================
----------------- testing Tue Mar 10 07:19:59 UTC 2020 /home/travis/build/icyphy/ptII/ptolemy/actor/lib/test/auto/ArrayToElements.xml
----------------- Instantiating /home/travis/build/icyphy/ptII/ptolemy/actor/lib/test/auto/ArrayToElements.xml
7 ms. Memory: 293888K Free: 153671K (52%)
----------------- Invoking toplevel() on ptolemy.moml.MoMLSimpleApplication@65a2a69d
----------------- Done invoking toplevel() on ptolemy.moml.MoMLSimpleApplication@65a2a69d
reloadAllAccessors: .ArrayToElements

===========================================================================================
----------------- testing Tue Mar 10 07:19:59 UTC 2020 /home/travis/build/icyphy/ptII/ptolemy/actor/lib/test/auto/ArrayToMatrix.xml
----------------- Instantiating /home/travis/build/icyphy/ptII/ptolemy/actor/lib/test/auto/ArrayToMatrix.xml
6 ms. Memory: 293888K Free: 139335K (47%)
----------------- Invoking toplevel() on ptolemy.moml.MoMLSimpleApplication@2cc21286
----------------- Done invoking toplevel() on ptolemy.moml.MoMLSimpleApplication@2cc21286
reloadAllAccessors: .ArrayToMatrix

===========================================================================================
----------------- testing Tue Mar 10 07:19:59 UTC 2020 /home/travis/build/icyphy/ptII/ptolemy/actor/lib/test/auto/ArrayUpdate1.xml
----------------- Instantiating /home/travis/build/icyphy/ptII/ptolemy/actor/lib/test/auto/ArrayUpdate1.xml
2 ms. Memory: 293888K Free: 134729K (46%)
----------------- Invoking toplevel() on ptolemy.moml.MoMLSimpleApplication@310aa627
----------------- Done invoking toplevel() on ptolemy.moml.MoMLSimpleApplication@310aa627
reloadAllAccessors: .ArrayUpdate1

===========================================================================================
----------------- testing Tue Mar 10 07:20:00 UTC 2020 /home/travis/build/icyphy/ptII/ptolemy/actor/lib/test/auto/ArrayUpdate2.xml
----------------- Instantiating /home/travis/build/icyphy/ptII/ptolemy/actor/lib/test/auto/ArrayUpdate2.xml
5 ms. Memory: 293888K Free: 128585K (44%)
----------------- Invoking toplevel() on ptolemy.moml.MoMLSimpleApplication@dd31972
----------------- Done invoking toplevel() on ptolemy.moml.MoMLSimpleApplication@dd31972
reloadAllAccessors: .ArrayUpdate2

===========================================================================================
----------------- testing Tue Mar 10 07:20:00 UTC 2020 /home/travis/build/icyphy/ptII/ptolemy/actor/lib/test/auto/ArrayUpdate3.xml
----------------- Instantiating /home/travis/build/icyphy/ptII/ptolemy/actor/lib/test/auto/ArrayUpdate3.xml
2 ms. Memory: 293888K Free: 123975K (42%)
----------------- Invoking toplevel() on ptolemy.moml.MoMLSimpleApplication@23de9167
----------------- Done invoking toplevel() on ptolemy.moml.MoMLSimpleApplication@23de9167
reloadAllAccessors: .ArrayUpdate3

===========================================================================================
----------------- testing Tue Mar 10 07:20:00 UTC 2020 /home/travis/build/icyphy/ptII/ptolemy/actor/lib/test/auto/Assert1.xml
----------------- Instantiating /home/travis/build/icyphy/ptII/ptolemy/actor/lib/test/auto/Assert1.xml
7 ms. Memory: 293888K Free: 119369K (41%)
----------------- Invoking toplevel() on ptolemy.moml.MoMLSimpleApplication@23237072
----------------- Done invoking toplevel() on ptolemy.moml.MoMLSimpleApplication@23237072
reloadAllAccessors: .Assert1

===========================================================================================
----------------- testing Tue Mar 10 07:20:00 UTC 2020 /home/travis/build/icyphy/ptII/ptolemy/actor/lib/test/auto/Assert2.xml
----------------- Instantiating /home/travis/build/icyphy/ptII/ptolemy/actor/lib/test/auto/Assert2.xml
2 ms. Memory: 293888K Free: 114759K (39%)
----------------- Invoking toplevel() on ptolemy.moml.MoMLSimpleApplication@9d9a69e
----------------- Done invoking toplevel() on ptolemy.moml.MoMLSimpleApplication@9d9a69e
reloadAllAccessors: .Assert2

===========================================================================================
----------------- testing Tue Mar 10 07:20:00 UTC 2020 /home/travis/build/icyphy/ptII/ptolemy/actor/lib/test/auto/BooleanMultiplexor.xml
----------------- Instantiating /home/travis/build/icyphy/ptII/ptolemy/actor/lib/test/auto/BooleanMultiplexor.xml
3 ms. Memory: 293888K Free: 109129K (37%)
----------------- Invoking toplevel() on ptolemy.moml.MoMLSimpleApplication@748e2043
----------------- Done invoking toplevel() on ptolemy.moml.MoMLSimpleApplication@748e2043
reloadAllAccessors: .BooleanMultiplexor

===========================================================================================
----------------- testing Tue Mar 10 07:20:00 UTC 2020 /home/travis/build/icyphy/ptII/ptolemy/actor/lib/test/auto/BooleanMultiplexor2.xml
----------------- Instantiating /home/travis/build/icyphy/ptII/ptolemy/actor/lib/test/auto/BooleanMultiplexor2.xml
12 ms. Memory: 293888K Free: 102985K (35%)
----------------- Invoking toplevel() on ptolemy.moml.MoMLSimpleApplication@4eae1e1a
----------------- Done invoking toplevel() on ptolemy.moml.MoMLSimpleApplication@4eae1e1a
reloadAllAccessors: .BooleanMultiplexor2

===========================================================================================
----------------- testing Tue Mar 10 07:20:00 UTC 2020 /home/travis/build/icyphy/ptII/ptolemy/actor/lib/test/auto/BooleanMultiplexor3.xml
----------------- Instantiating /home/travis/build/icyphy/ptII/ptolemy/actor/lib/test/auto/BooleanMultiplexor3.xml
3 ms. Memory: 293888K Free: 98889K (34%)
----------------- Invoking toplevel() on ptolemy.moml.MoMLSimpleApplication@d26aeae
----------------- Done invoking toplevel() on ptolemy.moml.MoMLSimpleApplication@d26aeae
reloadAllAccessors: .BooleanMultiplexor3

===========================================================================================
----------------- testing Tue Mar 10 07:20:00 UTC 2020 /home/travis/build/icyphy/ptII/ptolemy/actor/lib/test/auto/BooleanSelect.xml
----------------- Instantiating /home/travis/build/icyphy/ptII/ptolemy/actor/lib/test/auto/BooleanSelect.xml
7 ms. Memory: 293888K Free: 93241K (32%)
----------------- Invoking toplevel() on ptolemy.moml.MoMLSimpleApplication@203b3e30
----------------- Done invoking toplevel() on ptolemy.moml.MoMLSimpleApplication@203b3e30
reloadAllAccessors: .BooleanSelect

===========================================================================================
----------------- testing Tue Mar 10 07:20:00 UTC 2020 /home/travis/build/icyphy/ptII/ptolemy/actor/lib/test/auto/BooleanSelect2.xml
----------------- Instantiating /home/travis/build/icyphy/ptII/ptolemy/actor/lib/test/auto/BooleanSelect2.xml
1 ms. Memory: 293888K Free: 88649K (30%)
----------------- Invoking toplevel() on ptolemy.moml.MoMLSimpleApplication@28a12cae
----------------- Done invoking toplevel() on ptolemy.moml.MoMLSimpleApplication@28a12cae
reloadAllAccessors: .BooleanSelect2

===========================================================================================
----------------- testing Tue Mar 10 07:20:00 UTC 2020 /home/travis/build/icyphy/ptII/ptolemy/actor/lib/test/auto/BooleanSwitch.xml
----------------- Instantiating /home/travis/build/icyphy/ptII/ptolemy/actor/lib/test/auto/BooleanSwitch.xml
5 ms. Memory: 293888K Free: 83015K (28%)
----------------- Invoking toplevel() on ptolemy.moml.MoMLSimpleApplication@48103960
----------------- Done invoking toplevel() on ptolemy.moml.MoMLSimpleApplication@48103960
reloadAllAccessors: .BooleanSwitch

===========================================================================================
----------------- testing Tue Mar 10 07:20:00 UTC 2020 /home/travis/build/icyphy/ptII/ptolemy/actor/lib/test/auto/BooleanSwitch2.xml
----------------- Instantiating /home/travis/build/icyphy/ptII/ptolemy/actor/lib/test/auto/BooleanSwitch2.xml
1 ms. Memory: 293888K Free: 241737K (82%)
----------------- Invoking toplevel() on ptolemy.moml.MoMLSimpleApplication@226ca7ec
----------------- Done invoking toplevel() on ptolemy.moml.MoMLSimpleApplication@226ca7ec
reloadAllAccessors: .BooleanSwitch2

===========================================================================================
----------------- testing Tue Mar 10 07:20:00 UTC 2020 /home/travis/build/icyphy/ptII/ptolemy/actor/lib/test/auto/BooleanSwitchCloningBugWithClassRelationGroup.xml
----------------- Instantiating /home/travis/build/icyphy/ptII/ptolemy/actor/lib/test/auto/BooleanSwitchCloningBugWithClassRelationGroup.xml
4 ms. Memory: 293888K Free: 235593K (80%)
----------------- Invoking toplevel() on ptolemy.moml.MoMLSimpleApplication@69a10857
----------------- Done invoking toplevel() on ptolemy.moml.MoMLSimpleApplication@69a10857
reloadAllAccessors: .BooleanSwitchCloningBugWithClassRelationGroup

===========================================================================================
----------------- testing Tue Mar 10 07:20:00 UTC 2020 /home/travis/build/icyphy/ptII/ptolemy/actor/lib/test/auto/BusActors.xml
----------------- Instantiating /home/travis/build/icyphy/ptII/ptolemy/actor/lib/test/auto/BusActors.xml
6 ms. Memory: 293888K Free: 227401K (77%)
----------------- Invoking toplevel() on ptolemy.moml.MoMLSimpleApplication@2e071a11
----------------- Done invoking toplevel() on ptolemy.moml.MoMLSimpleApplication@2e071a11
reloadAllAccessors: .BusActors

===========================================================================================
----------------- testing Tue Mar 10 07:20:00 UTC 2020 /home/travis/build/icyphy/ptII/ptolemy/actor/lib/test/auto/ClassWrapper.xml
----------------- Instantiating /home/travis/build/icyphy/ptII/ptolemy/actor/lib/test/auto/ClassWrapper.xml
3 ms. Memory: 293888K Free: 223305K (76%)
----------------- Invoking toplevel() on ptolemy.moml.MoMLSimpleApplication@243d5631
----------------- Done invoking toplevel() on ptolemy.moml.MoMLSimpleApplication@243d5631
reloadAllAccessors: .ClassWrapper

===========================================================================================
----------------- testing Tue Mar 10 07:20:00 UTC 2020 /home/travis/build/icyphy/ptII/ptolemy/actor/lib/test/auto/Clock.xml
----------------- Instantiating /home/travis/build/icyphy/ptII/ptolemy/actor/lib/test/auto/Clock.xml
3 ms. Memory: 293888K Free: 219209K (75%)
----------------- Invoking toplevel() on ptolemy.moml.MoMLSimpleApplication@273afac5
----------------- Done invoking toplevel() on ptolemy.moml.MoMLSimpleApplication@273afac5
reloadAllAccessors: .Clock

===========================================================================================
----------------- testing Tue Mar 10 07:20:00 UTC 2020 /home/travis/build/icyphy/ptII/ptolemy/actor/lib/test/auto/Clock10.xml
----------------- Instantiating /home/travis/build/icyphy/ptII/ptolemy/actor/lib/test/auto/Clock10.xml
4 ms. Memory: 293888K Free: 213575K (73%)
----------------- Invoking toplevel() on ptolemy.moml.MoMLSimpleApplication@2ad23297
----------------- Done invoking toplevel() on ptolemy.moml.MoMLSimpleApplication@2ad23297
reloadAllAccessors: .Clock10

===========================================================================================
----------------- testing Tue Mar 10 07:20:00 UTC 2020 /home/travis/build/icyphy/ptII/ptolemy/actor/lib/test/auto/Clock11.xml
----------------- Instantiating /home/travis/build/icyphy/ptII/ptolemy/actor/lib/test/auto/Clock11.xml
5 ms. Memory: 293888K Free: 207431K (71%)
----------------- Invoking toplevel() on ptolemy.moml.MoMLSimpleApplication@46623bad
----------------- Done invoking toplevel() on ptolemy.moml.MoMLSimpleApplication@46623bad
reloadAllAccessors: .Clock11

===========================================================================================
----------------- testing Tue Mar 10 07:20:00 UTC 2020 /home/travis/build/icyphy/ptII/ptolemy/actor/lib/test/auto/Clock12.xml
----------------- Instantiating /home/travis/build/icyphy/ptII/ptolemy/actor/lib/test/auto/Clock12.xml
4 ms. Memory: 293888K Free: 201801K (69%)
----------------- Invoking toplevel() on ptolemy.moml.MoMLSimpleApplication@6eeb772
----------------- Done invoking toplevel() on ptolemy.moml.MoMLSimpleApplication@6eeb772
reloadAllAccessors: .Clock12

===========================================================================================
----------------- testing Tue Mar 10 07:20:00 UTC 2020 /home/travis/build/icyphy/ptII/ptolemy/actor/lib/test/auto/Clock13.xml
----------------- Instantiating /home/travis/build/icyphy/ptII/ptolemy/actor/lib/test/auto/Clock13.xml
7 ms. Memory: 293888K Free: 195657K (67%)
----------------- Invoking toplevel() on ptolemy.moml.MoMLSimpleApplication@178db6b1
----------------- Done invoking toplevel() on ptolemy.moml.MoMLSimpleApplication@178db6b1
reloadAllAccessors: .Clock13

===========================================================================================
----------------- testing Tue Mar 10 07:20:00 UTC 2020 /home/travis/build/icyphy/ptII/ptolemy/actor/lib/test/auto/Clock14.xml
----------------- Instantiating /home/travis/build/icyphy/ptII/ptolemy/actor/lib/test/auto/Clock14.xml
7 ms. Memory: 293888K Free: 189993K (65%)
----------------- Invoking toplevel() on ptolemy.moml.MoMLSimpleApplication@49c7a92f
----------------- Done invoking toplevel() on ptolemy.moml.MoMLSimpleApplication@49c7a92f
reloadAllAccessors: .Clock14

===========================================================================================
----------------- testing Tue Mar 10 07:20:00 UTC 2020 /home/travis/build/icyphy/ptII/ptolemy/actor/lib/test/auto/Clock15.xml
----------------- Instantiating /home/travis/build/icyphy/ptII/ptolemy/actor/lib/test/auto/Clock15.xml
4 ms. Memory: 293888K Free: 183849K (63%)
----------------- Invoking toplevel() on ptolemy.moml.MoMLSimpleApplication@5f0caa15
----------------- Done invoking toplevel() on ptolemy.moml.MoMLSimpleApplication@5f0caa15
reloadAllAccessors: .Clock15

===========================================================================================
----------------- testing Tue Mar 10 07:20:00 UTC 2020 /home/travis/build/icyphy/ptII/ptolemy/actor/lib/test/auto/Clock16.xml
----------------- Instantiating /home/travis/build/icyphy/ptII/ptolemy/actor/lib/test/auto/Clock16.xml
37 ms. Memory: 293888K Free: 169017K (58%)
----------------- Invoking toplevel() on ptolemy.moml.MoMLSimpleApplication@413862b2
----------------- Done invoking toplevel() on ptolemy.moml.MoMLSimpleApplication@413862b2
reloadAllAccessors: .Clock16

===========================================================================================
----------------- testing Tue Mar 10 07:20:00 UTC 2020 /home/travis/build/icyphy/ptII/ptolemy/actor/lib/test/auto/Clock17.xml
----------------- Instantiating /home/travis/build/icyphy/ptII/ptolemy/actor/lib/test/auto/Clock17.xml
26 ms. Memory: 293888K Free: 155193K (53%)
----------------- Invoking toplevel() on ptolemy.moml.MoMLSimpleApplication@108bb0cf
----------------- Done invoking toplevel() on ptolemy.moml.MoMLSimpleApplication@108bb0cf
reloadAllAccessors: .Clock17

===========================================================================================
----------------- testing Tue Mar 10 07:20:00 UTC 2020 /home/travis/build/icyphy/ptII/ptolemy/actor/lib/test/auto/Clock18.xml
----------------- Instantiating /home/travis/build/icyphy/ptII/ptolemy/actor/lib/test/auto/Clock18.xml
22 ms. Memory: 293888K Free: 141895K (48%)
----------------- Invoking toplevel() on ptolemy.moml.MoMLSimpleApplication@2088b735
----------------- Done invoking toplevel() on ptolemy.moml.MoMLSimpleApplication@2088b735
reloadAllAccessors: .Clock18

===========================================================================================
----------------- testing Tue Mar 10 07:20:00 UTC 2020 /home/travis/build/icyphy/ptII/ptolemy/actor/lib/test/auto/Clock19.xml
----------------- Instantiating /home/travis/build/icyphy/ptII/ptolemy/actor/lib/test/auto/Clock19.xml
13 ms. Memory: 293888K Free: 129097K (44%)
----------------- Invoking toplevel() on ptolemy.moml.MoMLSimpleApplication@7f555631
----------------- Done invoking toplevel() on ptolemy.moml.MoMLSimpleApplication@7f555631
reloadAllAccessors: .Clock19

===========================================================================================
----------------- testing Tue Mar 10 07:20:00 UTC 2020 /home/travis/build/icyphy/ptII/ptolemy/actor/lib/test/auto/Clock2.xml
----------------- Instantiating /home/travis/build/icyphy/ptII/ptolemy/actor/lib/test/auto/Clock2.xml
7 ms. Memory: 293888K Free: 124473K (42%)
----------------- Invoking toplevel() on ptolemy.moml.MoMLSimpleApplication@509f15bb
----------------- Done invoking toplevel() on ptolemy.moml.MoMLSimpleApplication@509f15bb
reloadAllAccessors: .Clock2

===========================================================================================
----------------- testing Tue Mar 10 07:20:00 UTC 2020 /home/travis/build/icyphy/ptII/ptolemy/actor/lib/test/auto/Clock20.xml
----------------- Instantiating /home/travis/build/icyphy/ptII/ptolemy/actor/lib/test/auto/Clock20.xml
9 ms. Memory: 293888K Free: 118857K (40%)
----------------- Invoking toplevel() on ptolemy.moml.MoMLSimpleApplication@23ee3c66
----------------- Done invoking toplevel() on ptolemy.moml.MoMLSimpleApplication@23ee3c66
reloadAllAccessors: .Clock20

===========================================================================================
----------------- testing Tue Mar 10 07:20:00 UTC 2020 /home/travis/build/icyphy/ptII/ptolemy/actor/lib/test/auto/Clock21.xml
----------------- Instantiating /home/travis/build/icyphy/ptII/ptolemy/actor/lib/test/auto/Clock21.xml
8 ms. Memory: 293888K Free: 113737K (39%)
----------------- Invoking toplevel() on ptolemy.moml.MoMLSimpleApplication@3efd5c92
----------------- Done invoking toplevel() on ptolemy.moml.MoMLSimpleApplication@3efd5c92
reloadAllAccessors: .Clock21

===========================================================================================
----------------- testing Tue Mar 10 07:20:00 UTC 2020 /home/travis/build/icyphy/ptII/ptolemy/actor/lib/test/auto/Clock22.xml
----------------- Instantiating /home/travis/build/icyphy/ptII/ptolemy/actor/lib/test/auto/Clock22.xml
6 ms. Memory: 293888K Free: 108103K (37%)
----------------- Invoking toplevel() on ptolemy.moml.MoMLSimpleApplication@42cfa6c9
----------------- Done invoking toplevel() on ptolemy.moml.MoMLSimpleApplication@42cfa6c9
reloadAllAccessors: .Clock22

===========================================================================================
----------------- testing Tue Mar 10 07:20:00 UTC 2020 /home/travis/build/icyphy/ptII/ptolemy/actor/lib/test/auto/Clock23.xml
----------------- Instantiating /home/travis/build/icyphy/ptII/ptolemy/actor/lib/test/auto/Clock23.xml
4 ms. Memory: 293888K Free: 102983K (35%)
----------------- Invoking toplevel() on ptolemy.moml.MoMLSimpleApplication@6fa7b860
----------------- Done invoking toplevel() on ptolemy.moml.MoMLSimpleApplication@6fa7b860
reloadAllAccessors: .Clock23

===========================================================================================
----------------- testing Tue Mar 10 07:20:00 UTC 2020 /home/travis/build/icyphy/ptII/ptolemy/actor/lib/test/auto/Clock24.xml
----------------- Instantiating /home/travis/build/icyphy/ptII/ptolemy/actor/lib/test/auto/Clock24.xml
8 ms. Memory: 293888K Free: 97353K (33%)
----------------- Invoking toplevel() on ptolemy.moml.MoMLSimpleApplication@afd76ea
----------------- Done invoking toplevel() on ptolemy.moml.MoMLSimpleApplication@afd76ea
reloadAllAccessors: .Clock24

===========================================================================================
----------------- testing Tue Mar 10 07:20:00 UTC 2020 /home/travis/build/icyphy/ptII/ptolemy/actor/lib/test/auto/Clock4.xml
----------------- Instantiating /home/travis/build/icyphy/ptII/ptolemy/actor/lib/test/auto/Clock4.xml
2 ms. Memory: 293888K Free: 92713K (32%)
----------------- Invoking toplevel() on ptolemy.moml.MoMLSimpleApplication@7f84f2db
----------------- Done invoking toplevel() on ptolemy.moml.MoMLSimpleApplication@7f84f2db
reloadAllAccessors: .Clock4

===========================================================================================
----------------- testing Tue Mar 10 07:20:00 UTC 2020 /home/travis/build/icyphy/ptII/ptolemy/actor/lib/test/auto/Clock5.xml
----------------- Instantiating /home/travis/build/icyphy/ptII/ptolemy/actor/lib/test/auto/Clock5.xml
2 ms. Memory: 293888K Free: 87113K (30%)
----------------- Invoking toplevel() on ptolemy.moml.MoMLSimpleApplication@2ab14f81
----------------- Done invoking toplevel() on ptolemy.moml.MoMLSimpleApplication@2ab14f81
reloadAllAccessors: .Clock5

===========================================================================================
----------------- testing Tue Mar 10 07:20:00 UTC 2020 /home/travis/build/icyphy/ptII/ptolemy/actor/lib/test/auto/Clock6.xml
----------------- Instantiating /home/travis/build/icyphy/ptII/ptolemy/actor/lib/test/auto/Clock6.xml
2 ms. Memory: 293888K Free: 82503K (28%)
----------------- Invoking toplevel() on ptolemy.moml.MoMLSimpleApplication@74abda1d
----------------- Done invoking toplevel() on ptolemy.moml.MoMLSimpleApplication@74abda1d
reloadAllAccessors: .Clock6

===========================================================================================
----------------- testing Tue Mar 10 07:20:00 UTC 2020 /home/travis/build/icyphy/ptII/ptolemy/actor/lib/test/auto/Clock7.xml
----------------- Instantiating /home/travis/build/icyphy/ptII/ptolemy/actor/lib/test/auto/Clock7.xml
2 ms. Memory: 534528K Free: 484423K (91%)
----------------- Invoking toplevel() on ptolemy.moml.MoMLSimpleApplication@7a1ea039
----------------- Done invoking toplevel() on ptolemy.moml.MoMLSimpleApplication@7a1ea039
reloadAllAccessors: .Clock7

===========================================================================================
----------------- testing Tue Mar 10 07:20:01 UTC 2020 /home/travis/build/icyphy/ptII/ptolemy/actor/lib/test/auto/Clock8.xml
----------------- Instantiating /home/travis/build/icyphy/ptII/ptolemy/actor/lib/test/auto/Clock8.xml
4 ms. Memory: 534528K Free: 478793K (90%)
----------------- Invoking toplevel() on ptolemy.moml.MoMLSimpleApplication@148525af
----------------- Done invoking toplevel() on ptolemy.moml.MoMLSimpleApplication@148525af
reloadAllAccessors: .Clock8

===========================================================================================
----------------- testing Tue Mar 10 07:20:01 UTC 2020 /home/travis/build/icyphy/ptII/ptolemy/actor/lib/test/auto/Clock9.xml
----------------- Instantiating /home/travis/build/icyphy/ptII/ptolemy/actor/lib/test/auto/Clock9.xml
5 ms. Memory: 534528K Free: 473129K (89%)
----------------- Invoking toplevel() on ptolemy.moml.MoMLSimpleApplication@2ede06c5
----------------- Done invoking toplevel() on ptolemy.moml.MoMLSimpleApplication@2ede06c5
reloadAllAccessors: .Clock9

===========================================================================================
----------------- testing Tue Mar 10 07:20:01 UTC 2020 /home/travis/build/icyphy/ptII/ptolemy/actor/lib/test/auto/CommDistDiscard.xml
----------------- Instantiating /home/travis/build/icyphy/ptII/ptolemy/actor/lib/test/auto/CommDistDiscard.xml
4 ms. Memory: 534528K Free: 468039K (88%)
----------------- Invoking toplevel() on ptolemy.moml.MoMLSimpleApplication@219ddc20
----------------- Done invoking toplevel() on ptolemy.moml.MoMLSimpleApplication@219ddc20
reloadAllAccessors: .CommDistDiscard

===========================================================================================
----------------- testing Tue Mar 10 07:20:01 UTC 2020 /home/travis/build/icyphy/ptII/ptolemy/actor/lib/test/auto/Commutator.xml
----------------- Instantiating /home/travis/build/icyphy/ptII/ptolemy/actor/lib/test/auto/Commutator.xml
6 ms. Memory: 534528K Free: 463433K (87%)
----------------- Invoking toplevel() on ptolemy.moml.MoMLSimpleApplication@5cae240f
----------------- Done invoking toplevel() on ptolemy.moml.MoMLSimpleApplication@5cae240f
reloadAllAccessors: .Commutator

===========================================================================================
----------------- testing Tue Mar 10 07:20:01 UTC 2020 /home/travis/build/icyphy/ptII/ptolemy/actor/lib/test/auto/Commutator2.xml
----------------- Instantiating /home/travis/build/icyphy/ptII/ptolemy/actor/lib/test/auto/Commutator2.xml
2 ms. Memory: 534528K Free: 458823K (86%)
----------------- Invoking toplevel() on ptolemy.moml.MoMLSimpleApplication@12f54ed
----------------- Done invoking toplevel() on ptolemy.moml.MoMLSimpleApplication@12f54ed
reloadAllAccessors: .Commutator2

===========================================================================================
----------------- testing Tue Mar 10 07:20:01 UTC 2020 /home/travis/build/icyphy/ptII/ptolemy/actor/lib/test/auto/Commutator3.xml
----------------- Instantiating /home/travis/build/icyphy/ptII/ptolemy/actor/lib/test/auto/Commutator3.xml
3 ms. Memory: 534528K Free: 454727K (85%)
----------------- Invoking toplevel() on ptolemy.moml.MoMLSimpleApplication@410d407d
----------------- Done invoking toplevel() on ptolemy.moml.MoMLSimpleApplication@410d407d
reloadAllAccessors: .Commutator3

===========================================================================================
----------------- testing Tue Mar 10 07:20:01 UTC 2020 /home/travis/build/icyphy/ptII/ptolemy/actor/lib/test/auto/Compare.xml
----------------- Instantiating /home/travis/build/icyphy/ptII/ptolemy/actor/lib/test/auto/Compare.xml
3 ms. Memory: 534528K Free: 448073K (84%)
----------------- Invoking toplevel() on ptolemy.moml.MoMLSimpleApplication@36c37a15
----------------- Done invoking toplevel() on ptolemy.moml.MoMLSimpleApplication@36c37a15
reloadAllAccessors: .Compare

===========================================================================================
----------------- testing Tue Mar 10 07:20:01 UTC 2020 /home/travis/build/icyphy/ptII/ptolemy/actor/lib/test/auto/CompareDE.xml
----------------- Instantiating /home/travis/build/icyphy/ptII/ptolemy/actor/lib/test/auto/CompareDE.xml
5 ms. Memory: 534528K Free: 441401K (83%)
----------------- Invoking toplevel() on ptolemy.moml.MoMLSimpleApplication@2f6739eb
----------------- Done invoking toplevel() on ptolemy.moml.MoMLSimpleApplication@2f6739eb
reloadAllAccessors: .CompareDE

===========================================================================================
----------------- testing Tue Mar 10 07:20:01 UTC 2020 /home/travis/build/icyphy/ptII/ptolemy/actor/lib/test/auto/ComplexDivide.xml
----------------- Instantiating /home/travis/build/icyphy/ptII/ptolemy/actor/lib/test/auto/ComplexDivide.xml
2 ms. Memory: 534528K Free: 437319K (82%)
----------------- Invoking toplevel() on ptolemy.moml.MoMLSimpleApplication@7c3f3e97
----------------- Done invoking toplevel() on ptolemy.moml.MoMLSimpleApplication@7c3f3e97
reloadAllAccessors: .ComplexDivide

===========================================================================================
----------------- testing Tue Mar 10 07:20:01 UTC 2020 /home/travis/build/icyphy/ptII/ptolemy/actor/lib/test/auto/ComputeHistogram.xml
----------------- Instantiating /home/travis/build/icyphy/ptII/ptolemy/actor/lib/test/auto/ComputeHistogram.xml
30 ms. Memory: 534528K Free: 424521K (79%)
----------------- Invoking toplevel() on ptolemy.moml.MoMLSimpleApplication@6e5479e6
----------------- Done invoking toplevel() on ptolemy.moml.MoMLSimpleApplication@6e5479e6
reloadAllAccessors: .ComputeHistogram

===========================================================================================
----------------- testing Tue Mar 10 07:20:01 UTC 2020 /home/travis/build/icyphy/ptII/ptolemy/actor/lib/test/auto/ConfigurationSelect.xml
----------------- Instantiating /home/travis/build/icyphy/ptII/ptolemy/actor/lib/test/auto/ConfigurationSelect.xml
7 ms. Memory: 534528K Free: 419401K (78%)
----------------- Invoking toplevel() on ptolemy.moml.MoMLSimpleApplication@471311ea
----------------- Done invoking toplevel() on ptolemy.moml.MoMLSimpleApplication@471311ea
reloadAllAccessors: .ConfigurationSelect

===========================================================================================
----------------- testing Tue Mar 10 07:20:01 UTC 2020 /home/travis/build/icyphy/ptII/ptolemy/actor/lib/test/auto/ConfigurationSelect2.xml
----------------- Instantiating /home/travis/build/icyphy/ptII/ptolemy/actor/lib/test/auto/ConfigurationSelect2.xml
2 ms. Memory: 534528K Free: 414791K (78%)
----------------- Invoking toplevel() on ptolemy.moml.MoMLSimpleApplication@3c1cd4ef
----------------- Done invoking toplevel() on ptolemy.moml.MoMLSimpleApplication@3c1cd4ef
reloadAllAccessors: .ConfigurationSelect2

===========================================================================================
----------------- testing Tue Mar 10 07:20:01 UTC 2020 /home/travis/build/icyphy/ptII/ptolemy/actor/lib/test/auto/ConfigurationSwitch.xml
----------------- Instantiating /home/travis/build/icyphy/ptII/ptolemy/actor/lib/test/auto/ConfigurationSwitch.xml
2 ms. Memory: 534528K Free: 409671K (77%)
----------------- Invoking toplevel() on ptolemy.moml.MoMLSimpleApplication@5cd7db5e
----------------- Done invoking toplevel() on ptolemy.moml.MoMLSimpleApplication@5cd7db5e
reloadAllAccessors: .ConfigurationSwitch

===========================================================================================
----------------- testing Tue Mar 10 07:20:01 UTC 2020 /home/travis/build/icyphy/ptII/ptolemy/actor/lib/test/auto/ConfigurationSwitch2.xml
----------------- Instantiating /home/travis/build/icyphy/ptII/ptolemy/actor/lib/test/auto/ConfigurationSwitch2.xml
4 ms. Memory: 534528K Free: 404041K (76%)
----------------- Invoking toplevel() on ptolemy.moml.MoMLSimpleApplication@249bdc15
----------------- Done invoking toplevel() on ptolemy.moml.MoMLSimpleApplication@249bdc15
reloadAllAccessors: .ConfigurationSwitch2

===========================================================================================
----------------- testing Tue Mar 10 07:20:01 UTC 2020 /home/travis/build/icyphy/ptII/ptolemy/actor/lib/test/auto/ConfigurationSwitchCloningBugWithClassRelationGroup.xml
----------------- Instantiating /home/travis/build/icyphy/ptII/ptolemy/actor/lib/test/auto/ConfigurationSwitchCloningBugWithClassRelationGroup.xml
1 ms. Memory: 534528K Free: 397383K (74%)
----------------- Invoking toplevel() on ptolemy.moml.MoMLSimpleApplication@3308687a
----------------- Done invoking toplevel() on ptolemy.moml.MoMLSimpleApplication@3308687a
reloadAllAccessors: .ConfigurationSwitchCloningBugWithClassRelationGroup

===========================================================================================
----------------- testing Tue Mar 10 07:20:01 UTC 2020 /home/travis/build/icyphy/ptII/ptolemy/actor/lib/test/auto/ConfigurationSwitchSelectSDF.xml
----------------- Instantiating /home/travis/build/icyphy/ptII/ptolemy/actor/lib/test/auto/ConfigurationSwitchSelectSDF.xml
3 ms. Memory: 534528K Free: 392263K (73%)
----------------- Invoking toplevel() on ptolemy.moml.MoMLSimpleApplication@4a3d75ef
----------------- Done invoking toplevel() on ptolemy.moml.MoMLSimpleApplication@4a3d75ef
reloadAllAccessors: .ConfigurationSwitchSelectSDF

===========================================================================================
----------------- testing Tue Mar 10 07:20:01 UTC 2020 /home/travis/build/icyphy/ptII/ptolemy/actor/lib/test/auto/ConfigurationSwitchSelectSDF2.xml
----------------- Instantiating /home/travis/build/icyphy/ptII/ptolemy/actor/lib/test/auto/ConfigurationSwitchSelectSDF2.xml
2 ms. Memory: 534528K Free: 386119K (72%)
----------------- Invoking toplevel() on ptolemy.moml.MoMLSimpleApplication@2619cd7a
----------------- Done invoking toplevel() on ptolemy.moml.MoMLSimpleApplication@2619cd7a
reloadAllAccessors: .ConfigurationSwitchSelectSDF2

===========================================================================================
----------------- testing Tue Mar 10 07:20:01 UTC 2020 /home/travis/build/icyphy/ptII/ptolemy/actor/lib/test/auto/Const.xml
----------------- Instantiating /home/travis/build/icyphy/ptII/ptolemy/actor/lib/test/auto/Const.xml
1 ms. Memory: 534528K Free: 382537K (72%)
----------------- Invoking toplevel() on ptolemy.moml.MoMLSimpleApplication@51877da7
----------------- Done invoking toplevel() on ptolemy.moml.MoMLSimpleApplication@51877da7
reloadAllAccessors: .Const

===========================================================================================
----------------- testing Tue Mar 10 07:20:01 UTC 2020 /home/travis/build/icyphy/ptII/ptolemy/actor/lib/test/auto/Const2.xml
----------------- Instantiating /home/travis/build/icyphy/ptII/ptolemy/actor/lib/test/auto/Const2.xml
1 ms. Memory: 534528K Free: 378951K (71%)
----------------- Invoking toplevel() on ptolemy.moml.MoMLSimpleApplication@6c89227b
----------------- Done invoking toplevel() on ptolemy.moml.MoMLSimpleApplication@6c89227b
reloadAllAccessors: .Const2

===========================================================================================
----------------- testing Tue Mar 10 07:20:01 UTC 2020 /home/travis/build/icyphy/ptII/ptolemy/actor/lib/test/auto/Const3.xml
----------------- Instantiating /home/travis/build/icyphy/ptII/ptolemy/actor/lib/test/auto/Const3.xml
1 ms. Memory: 534528K Free: 375879K (70%)
----------------- Invoking toplevel() on ptolemy.moml.MoMLSimpleApplication@7762347f
----------------- Done invoking toplevel() on ptolemy.moml.MoMLSimpleApplication@7762347f
reloadAllAccessors: .Const3

===========================================================================================
----------------- testing Tue Mar 10 07:20:01 UTC 2020 /home/travis/build/icyphy/ptII/ptolemy/actor/lib/test/auto/ConstantPublisherPort1.xml
----------------- Instantiating /home/travis/build/icyphy/ptII/ptolemy/actor/lib/test/auto/ConstantPublisherPort1.xml
6 ms. Memory: 534528K Free: 367177K (69%)
----------------- Invoking toplevel() on ptolemy.moml.MoMLSimpleApplication@3be366d7
----------------- Done invoking toplevel() on ptolemy.moml.MoMLSimpleApplication@3be366d7
reloadAllAccessors: .ConstantPublisherPort1

===========================================================================================
----------------- testing Tue Mar 10 07:20:01 UTC 2020 /home/travis/build/icyphy/ptII/ptolemy/actor/lib/test/auto/ConstantPublisherPort2.xml
----------------- Instantiating /home/travis/build/icyphy/ptII/ptolemy/actor/lib/test/auto/ConstantPublisherPort2.xml
10 ms. Memory: 534528K Free: 359495K (67%)
----------------- Invoking toplevel() on ptolemy.moml.MoMLSimpleApplication@5f507c2
----------------- Done invoking toplevel() on ptolemy.moml.MoMLSimpleApplication@5f507c2
reloadAllAccessors: .ConstantPublisherPort2

===========================================================================================
----------------- testing Tue Mar 10 07:20:01 UTC 2020 /home/travis/build/icyphy/ptII/ptolemy/actor/lib/test/auto/ConstantPublisherPort3.xml
----------------- Instantiating /home/travis/build/icyphy/ptII/ptolemy/actor/lib/test/auto/ConstantPublisherPort3.xml
6 ms. Memory: 534528K Free: 351817K (66%)
----------------- Invoking toplevel() on ptolemy.moml.MoMLSimpleApplication@683dad32
----------------- Done invoking toplevel() on ptolemy.moml.MoMLSimpleApplication@683dad32
reloadAllAccessors: .ConstantPublisherPort3

===========================================================================================
----------------- testing Tue Mar 10 07:20:01 UTC 2020 /home/travis/build/icyphy/ptII/ptolemy/actor/lib/test/auto/ConstantPublisherPort4.xml
----------------- Instantiating /home/travis/build/icyphy/ptII/ptolemy/actor/lib/test/auto/ConstantPublisherPort4.xml
3 ms. Memory: 534528K Free: 345145K (65%)
----------------- Invoking toplevel() on ptolemy.moml.MoMLSimpleApplication@749b4947
----------------- Done invoking toplevel() on ptolemy.moml.MoMLSimpleApplication@749b4947
reloadAllAccessors: .ConstantPublisherPort4

===========================================================================================
----------------- testing Tue Mar 10 07:20:01 UTC 2020 /home/travis/build/icyphy/ptII/ptolemy/actor/lib/test/auto/ConstantPublisherPort5.xml
----------------- Instantiating /home/travis/build/icyphy/ptII/ptolemy/actor/lib/test/auto/ConstantPublisherPort5.xml
27 ms. Memory: 534528K Free: 335433K (63%)
----------------- Invoking toplevel() on ptolemy.moml.MoMLSimpleApplication@6db2594e
----------------- Done invoking toplevel() on ptolemy.moml.MoMLSimpleApplication@6db2594e
reloadAllAccessors: .ConstantPublisherPort5

===========================================================================================
----------------- testing Tue Mar 10 07:20:01 UTC 2020 /home/travis/build/icyphy/ptII/ptolemy/actor/lib/test/auto/ConstantPublisherPort6.xml
----------------- Instantiating /home/travis/build/icyphy/ptII/ptolemy/actor/lib/test/auto/ConstantPublisherPort6.xml
19 ms. Memory: 534528K Free: 325703K (61%)
----------------- Invoking toplevel() on ptolemy.moml.MoMLSimpleApplication@2f1ab43
----------------- Done invoking toplevel() on ptolemy.moml.MoMLSimpleApplication@2f1ab43
reloadAllAccessors: .ConstantPublisherPort6

===========================================================================================
----------------- testing Tue Mar 10 07:20:01 UTC 2020 /home/travis/build/icyphy/ptII/ptolemy/actor/lib/test/auto/ConstantPublisherPort7.xml
----------------- Instantiating /home/travis/build/icyphy/ptII/ptolemy/actor/lib/test/auto/ConstantPublisherPort7.xml
14 ms. Memory: 534528K Free: 317001K (59%)
----------------- Invoking toplevel() on ptolemy.moml.MoMLSimpleApplication@3d1115fa
----------------- Done invoking toplevel() on ptolemy.moml.MoMLSimpleApplication@3d1115fa
reloadAllAccessors: .ConstantPublisherPort7

===========================================================================================
----------------- testing Tue Mar 10 07:20:01 UTC 2020 /home/travis/build/icyphy/ptII/ptolemy/actor/lib/test/auto/ConstraintMonitor1.xml
----------------- Instantiating /home/travis/build/icyphy/ptII/ptolemy/actor/lib/test/auto/ConstraintMonitor1.xml
2 ms. Memory: 534528K Free: 311881K (58%)
----------------- Invoking toplevel() on ptolemy.moml.MoMLSimpleApplication@407d1358
----------------- Done invoking toplevel() on ptolemy.moml.MoMLSimpleApplication@407d1358
reloadAllAccessors: .ConstraintMonitor1

===========================================================================================
----------------- testing Tue Mar 10 07:20:01 UTC 2020 /home/travis/build/icyphy/ptII/ptolemy/actor/lib/test/auto/ConstraintMonitor2.xml
----------------- Instantiating /home/travis/build/icyphy/ptII/ptolemy/actor/lib/test/auto/ConstraintMonitor2.xml
1 ms. Memory: 534528K Free: 306761K (57%)
----------------- Invoking toplevel() on ptolemy.moml.MoMLSimpleApplication@a353f79
----------------- Done invoking toplevel() on ptolemy.moml.MoMLSimpleApplication@a353f79
reloadAllAccessors: .ConstraintMonitor2

===========================================================================================
----------------- testing Tue Mar 10 07:20:01 UTC 2020 /home/travis/build/icyphy/ptII/ptolemy/actor/lib/test/auto/ConstraintMonitor3.xml
----------------- Instantiating /home/travis/build/icyphy/ptII/ptolemy/actor/lib/test/auto/ConstraintMonitor3.xml
3 ms. Memory: 534528K Free: 302665K (57%)
----------------- Invoking toplevel() on ptolemy.moml.MoMLSimpleApplication@12dbe951
----------------- Done invoking toplevel() on ptolemy.moml.MoMLSimpleApplication@12dbe951
reloadAllAccessors: .ConstraintMonitor3

===========================================================================================
----------------- testing Tue Mar 10 07:20:01 UTC 2020 /home/travis/build/icyphy/ptII/ptolemy/actor/lib/test/auto/ConstraintMonitor4.xml
----------------- Instantiating /home/travis/build/icyphy/ptII/ptolemy/actor/lib/test/auto/ConstraintMonitor4.xml
4 ms. Memory: 534528K Free: 297545K (56%)
----------------- Invoking toplevel() on ptolemy.moml.MoMLSimpleApplication@627e2f13
----------------- Done invoking toplevel() on ptolemy.moml.MoMLSimpleApplication@627e2f13
reloadAllAccessors: .ConstraintMonitor4

===========================================================================================
----------------- testing Tue Mar 10 07:20:01 UTC 2020 /home/travis/build/icyphy/ptII/ptolemy/actor/lib/test/auto/ConstraintMonitor5.xml
----------------- Instantiating /home/travis/build/icyphy/ptII/ptolemy/actor/lib/test/auto/ConstraintMonitor5.xml
4 ms. Memory: 534528K Free: 292935K (55%)
----------------- Invoking toplevel() on ptolemy.moml.MoMLSimpleApplication@650d8a18
----------------- Done invoking toplevel() on ptolemy.moml.MoMLSimpleApplication@650d8a18
reloadAllAccessors: .ConstraintMonitor5

===========================================================================================
----------------- testing Tue Mar 10 07:20:01 UTC 2020 /home/travis/build/icyphy/ptII/ptolemy/actor/lib/test/auto/ConstraintMonitor6.xml
----------------- Instantiating /home/travis/build/icyphy/ptII/ptolemy/actor/lib/test/auto/ConstraintMonitor6.xml
5 ms. Memory: 534528K Free: 286281K (54%)
----------------- Invoking toplevel() on ptolemy.moml.MoMLSimpleApplication@1354a406
----------------- Done invoking toplevel() on ptolemy.moml.MoMLSimpleApplication@1354a406
reloadAllAccessors: .ConstraintMonitor6

===========================================================================================
----------------- testing Tue Mar 10 07:20:01 UTC 2020 /home/travis/build/icyphy/ptII/ptolemy/actor/lib/test/auto/ConstraintMonitor7.xml
----------------- Instantiating /home/travis/build/icyphy/ptII/ptolemy/actor/lib/test/auto/ConstraintMonitor7.xml
5 ms. Memory: 534528K Free: 279617K (52%)
----------------- Invoking toplevel() on ptolemy.moml.MoMLSimpleApplication@1432c413
----------------- Done invoking toplevel() on ptolemy.moml.MoMLSimpleApplication@1432c413
reloadAllAccessors: .ConstraintMonitor7

===========================================================================================
----------------- testing Tue Mar 10 07:20:01 UTC 2020 /home/travis/build/icyphy/ptII/ptolemy/actor/lib/test/auto/ConstraintMonitor8.xml
----------------- Instantiating /home/travis/build/icyphy/ptII/ptolemy/actor/lib/test/auto/ConstraintMonitor8.xml
4 ms. Memory: 534528K Free: 272449K (51%)
----------------- Invoking toplevel() on ptolemy.moml.MoMLSimpleApplication@4011dcda
----------------- Done invoking toplevel() on ptolemy.moml.MoMLSimpleApplication@4011dcda
reloadAllAccessors: .ConstraintMonitor8

===========================================================================================
----------------- testing Tue Mar 10 07:20:01 UTC 2020 /home/travis/build/icyphy/ptII/ptolemy/actor/lib/test/auto/Counter.xml
----------------- Instantiating /home/travis/build/icyphy/ptII/ptolemy/actor/lib/test/auto/Counter.xml
2 ms. Memory: 534528K Free: 267335K (50%)
----------------- Invoking toplevel() on ptolemy.moml.MoMLSimpleApplication@5cd33ff4
----------------- Done invoking toplevel() on ptolemy.moml.MoMLSimpleApplication@5cd33ff4
reloadAllAccessors: .Counter

===========================================================================================
----------------- testing Tue Mar 10 07:20:02 UTC 2020 /home/travis/build/icyphy/ptII/ptolemy/actor/lib/test/auto/CurrentTimeSDF.xml
----------------- Instantiating /home/travis/build/icyphy/ptII/ptolemy/actor/lib/test/auto/CurrentTimeSDF.xml
1 ms. Memory: 534528K Free: 481351K (90%)
----------------- Invoking toplevel() on ptolemy.moml.MoMLSimpleApplication@774a11d2
----------------- Done invoking toplevel() on ptolemy.moml.MoMLSimpleApplication@774a11d2
reloadAllAccessors: .CurrentTimeSDF

===========================================================================================
----------------- testing Tue Mar 10 07:20:02 UTC 2020 /home/travis/build/icyphy/ptII/ptolemy/actor/lib/test/auto/DB.xml
----------------- Instantiating /home/travis/build/icyphy/ptII/ptolemy/actor/lib/test/auto/DB.xml
2 ms. Memory: 534528K Free: 476231K (89%)
----------------- Invoking toplevel() on ptolemy.moml.MoMLSimpleApplication@28bc7d0e
----------------- Done invoking toplevel() on ptolemy.moml.MoMLSimpleApplication@28bc7d0e
reloadAllAccessors: .DB

===========================================================================================
----------------- testing Tue Mar 10 07:20:02 UTC 2020 /home/travis/build/icyphy/ptII/ptolemy/actor/lib/test/auto/DBDE.xml
----------------- Instantiating /home/travis/build/icyphy/ptII/ptolemy/actor/lib/test/auto/DBDE.xml
2 ms. Memory: 534528K Free: 470057K (88%)
----------------- Invoking toplevel() on ptolemy.moml.MoMLSimpleApplication@4432af38
----------------- Done invoking toplevel() on ptolemy.moml.MoMLSimpleApplication@4432af38
reloadAllAccessors: .DBDE

===========================================================================================
----------------- testing Tue Mar 10 07:20:02 UTC 2020 /home/travis/build/icyphy/ptII/ptolemy/actor/lib/test/auto/DateConstructor.xml
----------------- Instantiating /home/travis/build/icyphy/ptII/ptolemy/actor/lib/test/auto/DateConstructor.xml
33 ms. Memory: 534528K Free: 452679K (85%)
----------------- Invoking toplevel() on ptolemy.moml.MoMLSimpleApplication@eaec036
----------------- Done invoking toplevel() on ptolemy.moml.MoMLSimpleApplication@eaec036
reloadAllAccessors: .DateConstructor

===========================================================================================
----------------- testing Tue Mar 10 07:20:02 UTC 2020 /home/travis/build/icyphy/ptII/ptolemy/actor/lib/test/auto/DelayTime.xml
----------------- Instantiating /home/travis/build/icyphy/ptII/ptolemy/actor/lib/test/auto/DelayTime.xml
5 ms. Memory: 534528K Free: 448073K (84%)
----------------- Invoking toplevel() on ptolemy.moml.MoMLSimpleApplication@4ad27666
----------------- Done invoking toplevel() on ptolemy.moml.MoMLSimpleApplication@4ad27666
reloadAllAccessors: .DelayTime

===========================================================================================
----------------- testing Tue Mar 10 07:20:02 UTC 2020 /home/travis/build/icyphy/ptII/ptolemy/actor/lib/test/auto/Dictionary1.xml
----------------- Instantiating /home/travis/build/icyphy/ptII/ptolemy/actor/lib/test/auto/Dictionary1.xml
1 ms. Memory: 534528K Free: 442439K (83%)
----------------- Invoking toplevel() on ptolemy.moml.MoMLSimpleApplication@691112fe
----------------- Done invoking toplevel() on ptolemy.moml.MoMLSimpleApplication@691112fe
reloadAllAccessors: .Dictionary1

===========================================================================================
----------------- testing Tue Mar 10 07:20:02 UTC 2020 /home/travis/build/icyphy/ptII/ptolemy/actor/lib/test/auto/Dictionary2.xml
----------------- Instantiating /home/travis/build/icyphy/ptII/ptolemy/actor/lib/test/auto/Dictionary2.xml
4 ms. Memory: 534528K Free: 436809K (82%)
----------------- Invoking toplevel() on ptolemy.moml.MoMLSimpleApplication@7680b7e6
----------------- Done invoking toplevel() on ptolemy.moml.MoMLSimpleApplication@7680b7e6
reloadAllAccessors: .Dictionary2

===========================================================================================
----------------- testing Tue Mar 10 07:20:02 UTC 2020 /home/travis/build/icyphy/ptII/ptolemy/actor/lib/test/auto/Dictionary3.xml
----------------- Instantiating /home/travis/build/icyphy/ptII/ptolemy/actor/lib/test/auto/Dictionary3.xml
2 ms. Memory: 534528K Free: 431689K (81%)
----------------- Invoking toplevel() on ptolemy.moml.MoMLSimpleApplication@493d26b8
----------------- Done invoking toplevel() on ptolemy.moml.MoMLSimpleApplication@493d26b8
reloadAllAccessors: .Dictionary3

===========================================================================================
----------------- testing Tue Mar 10 07:20:02 UTC 2020 /home/travis/build/icyphy/ptII/ptolemy/actor/lib/test/auto/Dictionary4.xml
----------------- Instantiating /home/travis/build/icyphy/ptII/ptolemy/actor/lib/test/auto/Dictionary4.xml
2 ms. Memory: 534528K Free: 424521K (79%)
----------------- Invoking toplevel() on ptolemy.moml.MoMLSimpleApplication@48764fc9
----------------- Done invoking toplevel() on ptolemy.moml.MoMLSimpleApplication@48764fc9
reloadAllAccessors: .Dictionary4

===========================================================================================
----------------- testing Tue Mar 10 07:20:02 UTC 2020 /home/travis/build/icyphy/ptII/ptolemy/actor/lib/test/auto/Differential.xml
----------------- Instantiating /home/travis/build/icyphy/ptII/ptolemy/actor/lib/test/auto/Differential.xml
3 ms. Memory: 534528K Free: 419911K (79%)
----------------- Invoking toplevel() on ptolemy.moml.MoMLSimpleApplication@5ce6e994
----------------- Done invoking toplevel() on ptolemy.moml.MoMLSimpleApplication@5ce6e994
reloadAllAccessors: .Differential

===========================================================================================
----------------- testing Tue Mar 10 07:20:02 UTC 2020 /home/travis/build/icyphy/ptII/ptolemy/actor/lib/test/auto/Director.xml
----------------- Instantiating /home/travis/build/icyphy/ptII/ptolemy/actor/lib/test/auto/Director.xml
1 ms. Memory: 534528K Free: 416839K (78%)
----------------- Invoking toplevel() on ptolemy.moml.MoMLSimpleApplication@3ae71882
----------------- Done invoking toplevel() on ptolemy.moml.MoMLSimpleApplication@3ae71882
reloadAllAccessors: .Director

===========================================================================================
----------------- testing Tue Mar 10 07:20:02 UTC 2020 /home/travis/build/icyphy/ptII/ptolemy/actor/lib/test/auto/DiscreteClock.xml
----------------- Instantiating /home/travis/build/icyphy/ptII/ptolemy/actor/lib/test/auto/DiscreteClock.xml
1 ms. Memory: 534528K Free: 412743K (77%)
----------------- Invoking toplevel() on ptolemy.moml.MoMLSimpleApplication@2089811d
----------------- Done invoking toplevel() on ptolemy.moml.MoMLSimpleApplication@2089811d
reloadAllAccessors: .DiscreteClock

===========================================================================================
----------------- testing Tue Mar 10 07:20:02 UTC 2020 /home/travis/build/icyphy/ptII/ptolemy/actor/lib/test/auto/DiscreteClock10.xml
----------------- Instantiating /home/travis/build/icyphy/ptII/ptolemy/actor/lib/test/auto/DiscreteClock10.xml
5 ms. Memory: 534528K Free: 406599K (76%)
----------------- Invoking toplevel() on ptolemy.moml.MoMLSimpleApplication@1bc2d853
----------------- Done invoking toplevel() on ptolemy.moml.MoMLSimpleApplication@1bc2d853
reloadAllAccessors: .DiscreteClock10

===========================================================================================
----------------- testing Tue Mar 10 07:20:02 UTC 2020 /home/travis/build/icyphy/ptII/ptolemy/actor/lib/test/auto/DiscreteClock11.xml
----------------- Instantiating /home/travis/build/icyphy/ptII/ptolemy/actor/lib/test/auto/DiscreteClock11.xml
1 ms. Memory: 534528K Free: 400455K (75%)
----------------- Invoking toplevel() on ptolemy.moml.MoMLSimpleApplication@20e0a64c
----------------- Done invoking toplevel() on ptolemy.moml.MoMLSimpleApplication@20e0a64c
reloadAllAccessors: .DiscreteClock11

===========================================================================================
----------------- testing Tue Mar 10 07:20:02 UTC 2020 /home/travis/build/icyphy/ptII/ptolemy/actor/lib/test/auto/DiscreteClock12.xml
----------------- Instantiating /home/travis/build/icyphy/ptII/ptolemy/actor/lib/test/auto/DiscreteClock12.xml
3 ms. Memory: 534528K Free: 394825K (74%)
----------------- Invoking toplevel() on ptolemy.moml.MoMLSimpleApplication@7349c35e
----------------- Done invoking toplevel() on ptolemy.moml.MoMLSimpleApplication@7349c35e
reloadAllAccessors: .DiscreteClock12

===========================================================================================
----------------- testing Tue Mar 10 07:20:02 UTC 2020 /home/travis/build/icyphy/ptII/ptolemy/actor/lib/test/auto/DiscreteClock13.xml
----------------- Instantiating /home/travis/build/icyphy/ptII/ptolemy/actor/lib/test/auto/DiscreteClock13.xml
4 ms. Memory: 534528K Free: 388681K (73%)
----------------- Invoking toplevel() on ptolemy.moml.MoMLSimpleApplication@2acc714e
----------------- Done invoking toplevel() on ptolemy.moml.MoMLSimpleApplication@2acc714e
reloadAllAccessors: .DiscreteClock13

===========================================================================================
----------------- testing Tue Mar 10 07:20:02 UTC 2020 /home/travis/build/icyphy/ptII/ptolemy/actor/lib/test/auto/DiscreteClock14.xml
----------------- Instantiating /home/travis/build/icyphy/ptII/ptolemy/actor/lib/test/auto/DiscreteClock14.xml
4 ms. Memory: 534528K Free: 382537K (72%)
----------------- Invoking toplevel() on ptolemy.moml.MoMLSimpleApplication@53bd64d7
----------------- Done invoking toplevel() on ptolemy.moml.MoMLSimpleApplication@53bd64d7
reloadAllAccessors: .DiscreteClock14

===========================================================================================
----------------- testing Tue Mar 10 07:20:02 UTC 2020 /home/travis/build/icyphy/ptII/ptolemy/actor/lib/test/auto/DiscreteClock15.xml
----------------- Instantiating /home/travis/build/icyphy/ptII/ptolemy/actor/lib/test/auto/DiscreteClock15.xml
4 ms. Memory: 534528K Free: 376393K (70%)
----------------- Invoking toplevel() on ptolemy.moml.MoMLSimpleApplication@43b8e157
----------------- Done invoking toplevel() on ptolemy.moml.MoMLSimpleApplication@43b8e157
reloadAllAccessors: .DiscreteClock15

===========================================================================================
----------------- testing Tue Mar 10 07:20:02 UTC 2020 /home/travis/build/icyphy/ptII/ptolemy/actor/lib/test/auto/DiscreteClock16.xml
----------------- Instantiating /home/travis/build/icyphy/ptII/ptolemy/actor/lib/test/auto/DiscreteClock16.xml
11 ms. Memory: 534528K Free: 363081K (68%)
----------------- Invoking toplevel() on ptolemy.moml.MoMLSimpleApplication@4aa97a98
----------------- Done invoking toplevel() on ptolemy.moml.MoMLSimpleApplication@4aa97a98
reloadAllAccessors: .DiscreteClock16

===========================================================================================
----------------- testing Tue Mar 10 07:20:02 UTC 2020 /home/travis/build/icyphy/ptII/ptolemy/actor/lib/test/auto/DiscreteClock17.xml
----------------- Instantiating /home/travis/build/icyphy/ptII/ptolemy/actor/lib/test/auto/DiscreteClock17.xml
14 ms. Memory: 534528K Free: 348217K (65%)
----------------- Invoking toplevel() on ptolemy.moml.MoMLSimpleApplication@54a23e84
----------------- Done invoking toplevel() on ptolemy.moml.MoMLSimpleApplication@54a23e84
reloadAllAccessors: .DiscreteClock17

===========================================================================================
----------------- testing Tue Mar 10 07:20:02 UTC 2020 /home/travis/build/icyphy/ptII/ptolemy/actor/lib/test/auto/DiscreteClock18.xml
----------------- Instantiating /home/travis/build/icyphy/ptII/ptolemy/actor/lib/test/auto/DiscreteClock18.xml
12 ms. Memory: 534528K Free: 334409K (63%)
----------------- Invoking toplevel() on ptolemy.moml.MoMLSimpleApplication@606c12ab
----------------- Done invoking toplevel() on ptolemy.moml.MoMLSimpleApplication@606c12ab
reloadAllAccessors: .DiscreteClock18

===========================================================================================
----------------- testing Tue Mar 10 07:20:02 UTC 2020 /home/travis/build/icyphy/ptII/ptolemy/actor/lib/test/auto/DiscreteClock19.xml
----------------- Instantiating /home/travis/build/icyphy/ptII/ptolemy/actor/lib/test/auto/DiscreteClock19.xml
11 ms. Memory: 534528K Free: 321097K (60%)
----------------- Invoking toplevel() on ptolemy.moml.MoMLSimpleApplication@cd50c58
----------------- Done invoking toplevel() on ptolemy.moml.MoMLSimpleApplication@cd50c58
reloadAllAccessors: .DiscreteClock19

===========================================================================================
----------------- testing Tue Mar 10 07:20:02 UTC 2020 /home/travis/build/icyphy/ptII/ptolemy/actor/lib/test/auto/DiscreteClock2.xml
----------------- Instantiating /home/travis/build/icyphy/ptII/ptolemy/actor/lib/test/auto/DiscreteClock2.xml
3 ms. Memory: 534528K Free: 315977K (59%)
----------------- Invoking toplevel() on ptolemy.moml.MoMLSimpleApplication@2e601918
----------------- Done invoking toplevel() on ptolemy.moml.MoMLSimpleApplication@2e601918
reloadAllAccessors: .DiscreteClock2

===========================================================================================
----------------- testing Tue Mar 10 07:20:02 UTC 2020 /home/travis/build/icyphy/ptII/ptolemy/actor/lib/test/auto/DiscreteClock20.xml
----------------- Instantiating /home/travis/build/icyphy/ptII/ptolemy/actor/lib/test/auto/DiscreteClock20.xml
2 ms. Memory: 534528K Free: 310343K (58%)
----------------- Invoking toplevel() on ptolemy.moml.MoMLSimpleApplication@92d9158
----------------- Done invoking toplevel() on ptolemy.moml.MoMLSimpleApplication@92d9158
reloadAllAccessors: .DiscreteClock20

===========================================================================================
----------------- testing Tue Mar 10 07:20:02 UTC 2020 /home/travis/build/icyphy/ptII/ptolemy/actor/lib/test/auto/DiscreteClock21.xml
----------------- Instantiating /home/travis/build/icyphy/ptII/ptolemy/actor/lib/test/auto/DiscreteClock21.xml
6 ms. Memory: 534528K Free: 304713K (57%)
----------------- Invoking toplevel() on ptolemy.moml.MoMLSimpleApplication@6799f152
----------------- Done invoking toplevel() on ptolemy.moml.MoMLSimpleApplication@6799f152
reloadAllAccessors: .DiscreteClock21

===========================================================================================
----------------- testing Tue Mar 10 07:20:02 UTC 2020 /home/travis/build/icyphy/ptII/ptolemy/actor/lib/test/auto/DiscreteClock22.xml
----------------- Instantiating /home/travis/build/icyphy/ptII/ptolemy/actor/lib/test/auto/DiscreteClock22.xml
2 ms. Memory: 534528K Free: 299593K (56%)
----------------- Invoking toplevel() on ptolemy.moml.MoMLSimpleApplication@62ae5a44
----------------- Done invoking toplevel() on ptolemy.moml.MoMLSimpleApplication@62ae5a44
reloadAllAccessors: .DiscreteClock22

===========================================================================================
----------------- testing Tue Mar 10 07:20:02 UTC 2020 /home/travis/build/icyphy/ptII/ptolemy/actor/lib/test/auto/DiscreteClock23.xml
----------------- Instantiating /home/travis/build/icyphy/ptII/ptolemy/actor/lib/test/auto/DiscreteClock23.xml
2 ms. Memory: 534528K Free: 293959K (55%)
----------------- Invoking toplevel() on ptolemy.moml.MoMLSimpleApplication@4ac6d5b0
----------------- Done invoking toplevel() on ptolemy.moml.MoMLSimpleApplication@4ac6d5b0
reloadAllAccessors: .DiscreteClock23

===========================================================================================
----------------- testing Tue Mar 10 07:20:02 UTC 2020 /home/travis/build/icyphy/ptII/ptolemy/actor/lib/test/auto/DiscreteClock24.xml
----------------- Instantiating /home/travis/build/icyphy/ptII/ptolemy/actor/lib/test/auto/DiscreteClock24.xml
5 ms. Memory: 534528K Free: 288329K (54%)
----------------- Invoking toplevel() on ptolemy.moml.MoMLSimpleApplication@6b0776f9
----------------- Done invoking toplevel() on ptolemy.moml.MoMLSimpleApplication@6b0776f9
reloadAllAccessors: .DiscreteClock24

===========================================================================================
----------------- testing Tue Mar 10 07:20:02 UTC 2020 /home/travis/build/icyphy/ptII/ptolemy/actor/lib/test/auto/DiscreteClock4.xml
----------------- Instantiating /home/travis/build/icyphy/ptII/ptolemy/actor/lib/test/auto/DiscreteClock4.xml
1 ms. Memory: 534528K Free: 282695K (53%)
----------------- Invoking toplevel() on ptolemy.moml.MoMLSimpleApplication@33393318
----------------- Done invoking toplevel() on ptolemy.moml.MoMLSimpleApplication@33393318
reloadAllAccessors: .DiscreteClock4

===========================================================================================
----------------- testing Tue Mar 10 07:20:02 UTC 2020 /home/travis/build/icyphy/ptII/ptolemy/actor/lib/test/auto/DiscreteClock5.xml
----------------- Instantiating /home/travis/build/icyphy/ptII/ptolemy/actor/lib/test/auto/DiscreteClock5.xml
1 ms. Memory: 534528K Free: 277569K (52%)
----------------- Invoking toplevel() on ptolemy.moml.MoMLSimpleApplication@76efbad3
----------------- Done invoking toplevel() on ptolemy.moml.MoMLSimpleApplication@76efbad3
reloadAllAccessors: .DiscreteClock5

===========================================================================================
----------------- testing Tue Mar 10 07:20:02 UTC 2020 /home/travis/build/icyphy/ptII/ptolemy/actor/lib/test/auto/DiscreteClock6.xml
----------------- Instantiating /home/travis/build/icyphy/ptII/ptolemy/actor/lib/test/auto/DiscreteClock6.xml
1 ms. Memory: 534528K Free: 273465K (51%)
----------------- Invoking toplevel() on ptolemy.moml.MoMLSimpleApplication@824eaf3
----------------- Done invoking toplevel() on ptolemy.moml.MoMLSimpleApplication@824eaf3
reloadAllAccessors: .DiscreteClock6

===========================================================================================
----------------- testing Tue Mar 10 07:20:02 UTC 2020 /home/travis/build/icyphy/ptII/ptolemy/actor/lib/test/auto/DiscreteClock7.xml
----------------- Instantiating /home/travis/build/icyphy/ptII/ptolemy/actor/lib/test/auto/DiscreteClock7.xml
2 ms. Memory: 534528K Free: 268359K (50%)
----------------- Invoking toplevel() on ptolemy.moml.MoMLSimpleApplication@5e037e48
----------------- Done invoking toplevel() on ptolemy.moml.MoMLSimpleApplication@5e037e48
reloadAllAccessors: .DiscreteClock7

===========================================================================================
----------------- testing Tue Mar 10 07:20:02 UTC 2020 /home/travis/build/icyphy/ptII/ptolemy/actor/lib/test/auto/DiscreteClock8.xml
----------------- Instantiating /home/travis/build/icyphy/ptII/ptolemy/actor/lib/test/auto/DiscreteClock8.xml
7 ms. Memory: 534528K Free: 262729K (49%)
----------------- Invoking toplevel() on ptolemy.moml.MoMLSimpleApplication@145877df
----------------- Done invoking toplevel() on ptolemy.moml.MoMLSimpleApplication@145877df
reloadAllAccessors: .DiscreteClock8

===========================================================================================
----------------- testing Tue Mar 10 07:20:02 UTC 2020 /home/travis/build/icyphy/ptII/ptolemy/actor/lib/test/auto/DiscreteClock9.xml
----------------- Instantiating /home/travis/build/icyphy/ptII/ptolemy/actor/lib/test/auto/DiscreteClock9.xml
4 ms. Memory: 534528K Free: 256585K (48%)
----------------- Invoking toplevel() on ptolemy.moml.MoMLSimpleApplication@384c8d75
----------------- Done invoking toplevel() on ptolemy.moml.MoMLSimpleApplication@384c8d75
reloadAllAccessors: .DiscreteClock9

===========================================================================================
----------------- testing Tue Mar 10 07:20:02 UTC 2020 /home/travis/build/icyphy/ptII/ptolemy/actor/lib/test/auto/DisplayArray.xml
----------------- Instantiating /home/travis/build/icyphy/ptII/ptolemy/actor/lib/test/auto/DisplayArray.xml
1 ms. Memory: 534528K Free: 253513K (47%)
----------------- Invoking toplevel() on ptolemy.moml.MoMLSimpleApplication@7badc580
----------------- Done invoking toplevel() on ptolemy.moml.MoMLSimpleApplication@7badc580
reloadAllAccessors: .DisplayArray

===========================================================================================
----------------- testing Tue Mar 10 07:20:02 UTC 2020 /home/travis/build/icyphy/ptII/ptolemy/actor/lib/test/auto/Distributor.xml
----------------- Instantiating /home/travis/build/icyphy/ptII/ptolemy/actor/lib/test/auto/Distributor.xml
1 ms. Memory: 534528K Free: 248393K (46%)
----------------- Invoking toplevel() on ptolemy.moml.MoMLSimpleApplication@7ee6eac5
----------------- Done invoking toplevel() on ptolemy.moml.MoMLSimpleApplication@7ee6eac5
reloadAllAccessors: .Distributor

===========================================================================================
----------------- testing Tue Mar 10 07:20:02 UTC 2020 /home/travis/build/icyphy/ptII/ptolemy/actor/lib/test/auto/Distributor2.xml
----------------- Instantiating /home/travis/build/icyphy/ptII/ptolemy/actor/lib/test/auto/Distributor2.xml
1 ms. Memory: 534528K Free: 243783K (46%)
----------------- Invoking toplevel() on ptolemy.moml.MoMLSimpleApplication@575711e6
----------------- Done invoking toplevel() on ptolemy.moml.MoMLSimpleApplication@575711e6
reloadAllAccessors: .Distributor2

===========================================================================================
----------------- testing Tue Mar 10 07:20:02 UTC 2020 /home/travis/build/icyphy/ptII/ptolemy/actor/lib/test/auto/DownSample.xml
----------------- Instantiating /home/travis/build/icyphy/ptII/ptolemy/actor/lib/test/auto/DownSample.xml
2 ms. Memory: 534528K Free: 239177K (45%)
----------------- Invoking toplevel() on ptolemy.moml.MoMLSimpleApplication@3e14ecbe
----------------- Done invoking toplevel() on ptolemy.moml.MoMLSimpleApplication@3e14ecbe
reloadAllAccessors: .DownSample

===========================================================================================
----------------- testing Tue Mar 10 07:20:02 UTC 2020 /home/travis/build/icyphy/ptII/ptolemy/actor/lib/test/auto/ElectronicUnitBase1.xml
----------------- Instantiating /home/travis/build/icyphy/ptII/ptolemy/actor/lib/test/auto/ElectronicUnitBase1.xml
13 ms. Memory: 534528K Free: 223303K (42%)
----------------- Invoking toplevel() on ptolemy.moml.MoMLSimpleApplication@750b426f
----------------- Done invoking toplevel() on ptolemy.moml.MoMLSimpleApplication@750b426f
reloadAllAccessors: .ElectronicUnitBase1

===========================================================================================
----------------- testing Tue Mar 10 07:20:02 UTC 2020 /home/travis/build/icyphy/ptII/ptolemy/actor/lib/test/auto/ElementsToArray.xml
----------------- Instantiating /home/travis/build/icyphy/ptII/ptolemy/actor/lib/test/auto/ElementsToArray.xml
2 ms. Memory: 534528K Free: 218183K (41%)
----------------- Invoking toplevel() on ptolemy.moml.MoMLSimpleApplication@8a3b420
----------------- Done invoking toplevel() on ptolemy.moml.MoMLSimpleApplication@8a3b420
reloadAllAccessors: .ElementsToArray

===========================================================================================
----------------- testing Tue Mar 10 07:20:02 UTC 2020 /home/travis/build/icyphy/ptII/ptolemy/actor/lib/test/auto/Equals.xml
----------------- Instantiating /home/travis/build/icyphy/ptII/ptolemy/actor/lib/test/auto/Equals.xml
2 ms. Memory: 534528K Free: 213577K (40%)
----------------- Invoking toplevel() on ptolemy.moml.MoMLSimpleApplication@2a3ef6bc
----------------- Done invoking toplevel() on ptolemy.moml.MoMLSimpleApplication@2a3ef6bc
reloadAllAccessors: .Equals

===========================================================================================
----------------- testing Tue Mar 10 07:20:02 UTC 2020 /home/travis/build/icyphy/ptII/ptolemy/actor/lib/test/auto/Exec.xml
----------------- Instantiating /home/travis/build/icyphy/ptII/ptolemy/actor/lib/test/auto/Exec.xml
15 ms. Memory: 534528K Free: 208441K (39%)
----------------- Invoking toplevel() on ptolemy.moml.MoMLSimpleApplication@710e1f71
----------------- Done invoking toplevel() on ptolemy.moml.MoMLSimpleApplication@710e1f71
reloadAllAccessors: .Exec

===========================================================================================
----------------- testing Tue Mar 10 07:20:03 UTC 2020 /home/travis/build/icyphy/ptII/ptolemy/actor/lib/test/auto/ExecEnvironment.xml
----------------- Instantiating /home/travis/build/icyphy/ptII/ptolemy/actor/lib/test/auto/ExecEnvironment.xml
18 ms. Memory: 534528K Free: 202809K (38%)
----------------- Invoking toplevel() on ptolemy.moml.MoMLSimpleApplication@1e8184d3
----------------- Done invoking toplevel() on ptolemy.moml.MoMLSimpleApplication@1e8184d3
reloadAllAccessors: .ExecEnvironment

===========================================================================================
----------------- testing Tue Mar 10 07:20:03 UTC 2020 /home/travis/build/icyphy/ptII/ptolemy/actor/lib/test/auto/ExecNonZeroReturnOutput.xml
----------------- Instantiating /home/travis/build/icyphy/ptII/ptolemy/actor/lib/test/auto/ExecNonZeroReturnOutput.xml
161 ms. Memory: 534528K Free: 191559K (36%)
----------------- Invoking toplevel() on ptolemy.moml.MoMLSimpleApplication@5d7bc806
----------------- Done invoking toplevel() on ptolemy.moml.MoMLSimpleApplication@5d7bc806
reloadAllAccessors: .ExecNonZeroReturnOutput

===========================================================================================
----------------- testing Tue Mar 10 07:20:03 UTC 2020 /home/travis/build/icyphy/ptII/ptolemy/actor/lib/test/auto/ExecRunDemos.xml
----------------- Instantiating /home/travis/build/icyphy/ptII/ptolemy/actor/lib/test/auto/ExecRunDemos.xml
Finished: 63 ms. Memory: 129024K Free: 112096K (87%)

Finished: 61 ms. Memory: 129024K Free: 109558K (85%)

Finished: 91 ms. Memory: 129024K Free: 109531K (85%)

Finished: 69 ms. Memory: 129024K Free: 111101K (86%)

Finished: 74 ms. Memory: 129024K Free: 111864K (87%)

10464 ms. Memory: 534528K Free: 478281K (89%)
----------------- Invoking toplevel() on ptolemy.moml.MoMLSimpleApplication@30a7b0d9
----------------- Done invoking toplevel() on ptolemy.moml.MoMLSimpleApplication@30a7b0d9
reloadAllAccessors: .ExecRunDemos

===========================================================================================
----------------- testing Tue Mar 10 07:20:13 UTC 2020 /home/travis/build/icyphy/ptII/ptolemy/actor/lib/test/auto/ExecStop.xml
----------------- Instantiating /home/travis/build/icyphy/ptII/ptolemy/actor/lib/test/auto/ExecStop.xml
5015 ms. Memory: 534528K Free: 330825K (62%)
----------------- Invoking toplevel() on ptolemy.moml.MoMLSimpleApplication@531c8901
----------------- Done invoking toplevel() on ptolemy.moml.MoMLSimpleApplication@531c8901
reloadAllAccessors: .ExecStop

===========================================================================================
----------------- testing Tue Mar 10 07:20:18 UTC 2020 /home/travis/build/icyphy/ptII/ptolemy/actor/lib/test/auto/ExecutionTimeSDF.xml
----------------- Instantiating /home/travis/build/icyphy/ptII/ptolemy/actor/lib/test/auto/ExecutionTimeSDF.xml
Fired ExecutionTime: -458967296
Fired ExecutionTime: 1322800000
Fired ExecutionTime: 1353200000
6004 ms. Memory: 534528K Free: 318537K (60%)
----------------- Invoking toplevel() on ptolemy.moml.MoMLSimpleApplication@1403e38d
----------------- Done invoking toplevel() on ptolemy.moml.MoMLSimpleApplication@1403e38d
reloadAllAccessors: .ExecutionTimeSDF

===========================================================================================
----------------- testing Tue Mar 10 07:20:24 UTC 2020 /home/travis/build/icyphy/ptII/ptolemy/actor/lib/test/auto/Expression1.xml
----------------- Instantiating /home/travis/build/icyphy/ptII/ptolemy/actor/lib/test/auto/Expression1.xml
2 ms. Memory: 534528K Free: 314951K (59%)
----------------- Invoking toplevel() on ptolemy.moml.MoMLSimpleApplication@618456d7
----------------- Done invoking toplevel() on ptolemy.moml.MoMLSimpleApplication@618456d7
reloadAllAccessors: .Expression1

===========================================================================================
----------------- testing Tue Mar 10 07:20:24 UTC 2020 /home/travis/build/icyphy/ptII/ptolemy/actor/lib/test/auto/Expression10.xml
----------------- Instantiating /home/travis/build/icyphy/ptII/ptolemy/actor/lib/test/auto/Expression10.xml
5 ms. Memory: 534528K Free: 309831K (58%)
----------------- Invoking toplevel() on ptolemy.moml.MoMLSimpleApplication@1ff783b6
----------------- Done invoking toplevel() on ptolemy.moml.MoMLSimpleApplication@1ff783b6
reloadAllAccessors: .Expression10

===========================================================================================
----------------- testing Tue Mar 10 07:20:24 UTC 2020 /home/travis/build/icyphy/ptII/ptolemy/actor/lib/test/auto/Expression11.xml
----------------- Instantiating /home/travis/build/icyphy/ptII/ptolemy/actor/lib/test/auto/Expression11.xml
2 ms. Memory: 534528K Free: 305223K (57%)
----------------- Invoking toplevel() on ptolemy.moml.MoMLSimpleApplication@d059b4d
----------------- Done invoking toplevel() on ptolemy.moml.MoMLSimpleApplication@d059b4d
reloadAllAccessors: .Expression11

===========================================================================================
----------------- testing Tue Mar 10 07:20:24 UTC 2020 /home/travis/build/icyphy/ptII/ptolemy/actor/lib/test/auto/Expression12.xml
----------------- Instantiating /home/travis/build/icyphy/ptII/ptolemy/actor/lib/test/auto/Expression12.xml
3 ms. Memory: 534528K Free: 299591K (56%)
----------------- Invoking toplevel() on ptolemy.moml.MoMLSimpleApplication@72b38ce2
----------------- Done invoking toplevel() on ptolemy.moml.MoMLSimpleApplication@72b38ce2
reloadAllAccessors: .Expression12

===========================================================================================
----------------- testing Tue Mar 10 07:20:24 UTC 2020 /home/travis/build/icyphy/ptII/ptolemy/actor/lib/test/auto/Expression13.xml
----------------- Instantiating /home/travis/build/icyphy/ptII/ptolemy/actor/lib/test/auto/Expression13.xml
3 ms. Memory: 534528K Free: 294471K (55%)
----------------- Invoking toplevel() on ptolemy.moml.MoMLSimpleApplication@67039619
----------------- Done invoking toplevel() on ptolemy.moml.MoMLSimpleApplication@67039619
reloadAllAccessors: .Expression13

===========================================================================================
----------------- testing Tue Mar 10 07:20:24 UTC 2020 /home/travis/build/icyphy/ptII/ptolemy/actor/lib/test/auto/Expression14.xml
----------------- Instantiating /home/travis/build/icyphy/ptII/ptolemy/actor/lib/test/auto/Expression14.xml
7 ms. Memory: 534528K Free: 288327K (54%)
----------------- Invoking toplevel() on ptolemy.moml.MoMLSimpleApplication@339d0f6b
----------------- Done invoking toplevel() on ptolemy.moml.MoMLSimpleApplication@339d0f6b
reloadAllAccessors: .Expression14

===========================================================================================
----------------- testing Tue Mar 10 07:20:24 UTC 2020 /home/travis/build/icyphy/ptII/ptolemy/actor/lib/test/auto/Expression15.xml
----------------- Instantiating /home/travis/build/icyphy/ptII/ptolemy/actor/lib/test/auto/Expression15.xml
1 ms. Memory: 534528K Free: 284745K (53%)
----------------- Invoking toplevel() on ptolemy.moml.MoMLSimpleApplication@47bd096c
----------------- Done invoking toplevel() on ptolemy.moml.MoMLSimpleApplication@47bd096c
reloadAllAccessors: .Expression15

===========================================================================================
----------------- testing Tue Mar 10 07:20:24 UTC 2020 /home/travis/build/icyphy/ptII/ptolemy/actor/lib/test/auto/Expression16.xml
----------------- Instantiating /home/travis/build/icyphy/ptII/ptolemy/actor/lib/test/auto/Expression16.xml
2 ms. Memory: 534528K Free: 279625K (52%)
----------------- Invoking toplevel() on ptolemy.moml.MoMLSimpleApplication@af924c7
----------------- Done invoking toplevel() on ptolemy.moml.MoMLSimpleApplication@af924c7
reloadAllAccessors: .Expression16

===========================================================================================
----------------- testing Tue Mar 10 07:20:24 UTC 2020 /home/travis/build/icyphy/ptII/ptolemy/actor/lib/test/auto/Expression17.xml
----------------- Instantiating /home/travis/build/icyphy/ptII/ptolemy/actor/lib/test/auto/Expression17.xml
2 ms. Memory: 534528K Free: 274505K (51%)
----------------- Invoking toplevel() on ptolemy.moml.MoMLSimpleApplication@71fbd5a2
----------------- Done invoking toplevel() on ptolemy.moml.MoMLSimpleApplication@71fbd5a2
reloadAllAccessors: .Expression17

===========================================================================================
----------------- testing Tue Mar 10 07:20:24 UTC 2020 /home/travis/build/icyphy/ptII/ptolemy/actor/lib/test/auto/Expression18.xml
----------------- Instantiating /home/travis/build/icyphy/ptII/ptolemy/actor/lib/test/auto/Expression18.xml
1 ms. Memory: 534528K Free: 268871K (50%)
----------------- Invoking toplevel() on ptolemy.moml.MoMLSimpleApplication@6a44f8f
----------------- Done invoking toplevel() on ptolemy.moml.MoMLSimpleApplication@6a44f8f
reloadAllAccessors: .Expression18

===========================================================================================
----------------- testing Tue Mar 10 07:20:24 UTC 2020 /home/travis/build/icyphy/ptII/ptolemy/actor/lib/test/auto/Expression2.xml
----------------- Instantiating /home/travis/build/icyphy/ptII/ptolemy/actor/lib/test/auto/Expression2.xml
3 ms. Memory: 534528K Free: 263751K (49%)
----------------- Invoking toplevel() on ptolemy.moml.MoMLSimpleApplication@d9c475e
----------------- Done invoking toplevel() on ptolemy.moml.MoMLSimpleApplication@d9c475e
reloadAllAccessors: .Expression2

===========================================================================================
----------------- testing Tue Mar 10 07:20:24 UTC 2020 /home/travis/build/icyphy/ptII/ptolemy/actor/lib/test/auto/Expression3.xml
----------------- Instantiating /home/travis/build/icyphy/ptII/ptolemy/actor/lib/test/auto/Expression3.xml
2 ms. Memory: 534528K Free: 259145K (48%)
----------------- Invoking toplevel() on ptolemy.moml.MoMLSimpleApplication@4ad63da3
----------------- Done invoking toplevel() on ptolemy.moml.MoMLSimpleApplication@4ad63da3
reloadAllAccessors: .Expression3

===========================================================================================
----------------- testing Tue Mar 10 07:20:25 UTC 2020 /home/travis/build/icyphy/ptII/ptolemy/actor/lib/test/auto/Expression4.xml
----------------- Instantiating /home/travis/build/icyphy/ptII/ptolemy/actor/lib/test/auto/Expression4.xml
4 ms. Memory: 534528K Free: 251449K (47%)
----------------- Invoking toplevel() on ptolemy.moml.MoMLSimpleApplication@13632d27
----------------- Done invoking toplevel() on ptolemy.moml.MoMLSimpleApplication@13632d27
reloadAllAccessors: .Expression4

===========================================================================================
----------------- testing Tue Mar 10 07:20:25 UTC 2020 /home/travis/build/icyphy/ptII/ptolemy/actor/lib/test/auto/Expression5.xml
----------------- Instantiating /home/travis/build/icyphy/ptII/ptolemy/actor/lib/test/auto/Expression5.xml
2 ms. Memory: 534528K Free: 246343K (46%)
----------------- Invoking toplevel() on ptolemy.moml.MoMLSimpleApplication@4399e45f
----------------- Done invoking toplevel() on ptolemy.moml.MoMLSimpleApplication@4399e45f
reloadAllAccessors: .Expression5

===========================================================================================
----------------- testing Tue Mar 10 07:20:25 UTC 2020 /home/travis/build/icyphy/ptII/ptolemy/actor/lib/test/auto/Expression6.xml
----------------- Instantiating /home/travis/build/icyphy/ptII/ptolemy/actor/lib/test/auto/Expression6.xml
2 ms. Memory: 534528K Free: 241737K (45%)
----------------- Invoking toplevel() on ptolemy.moml.MoMLSimpleApplication@57427ba4
----------------- Done invoking toplevel() on ptolemy.moml.MoMLSimpleApplication@57427ba4
reloadAllAccessors: .Expression6

===========================================================================================
----------------- testing Tue Mar 10 07:20:25 UTC 2020 /home/travis/build/icyphy/ptII/ptolemy/actor/lib/test/auto/Expression7.xml
----------------- Instantiating /home/travis/build/icyphy/ptII/ptolemy/actor/lib/test/auto/Expression7.xml
2 ms. Memory: 534528K Free: 236617K (44%)
----------------- Invoking toplevel() on ptolemy.moml.MoMLSimpleApplication@17d06c56
----------------- Done invoking toplevel() on ptolemy.moml.MoMLSimpleApplication@17d06c56
reloadAllAccessors: .Expression7

===========================================================================================
----------------- testing Tue Mar 10 07:20:25 UTC 2020 /home/travis/build/icyphy/ptII/ptolemy/actor/lib/test/auto/Expression8.xml
----------------- Instantiating /home/travis/build/icyphy/ptII/ptolemy/actor/lib/test/auto/Expression8.xml
4 ms. Memory: 534528K Free: 231497K (43%)
----------------- Invoking toplevel() on ptolemy.moml.MoMLSimpleApplication@4cf85e4c
----------------- Done invoking toplevel() on ptolemy.moml.MoMLSimpleApplication@4cf85e4c
reloadAllAccessors: .Expression8

===========================================================================================
----------------- testing Tue Mar 10 07:20:25 UTC 2020 /home/travis/build/icyphy/ptII/ptolemy/actor/lib/test/auto/Expression9.xml
----------------- Instantiating /home/travis/build/icyphy/ptII/ptolemy/actor/lib/test/auto/Expression9.xml
1 ms. Memory: 534528K Free: 227911K (43%)
----------------- Invoking toplevel() on ptolemy.moml.MoMLSimpleApplication@2491b306
----------------- Done invoking toplevel() on ptolemy.moml.MoMLSimpleApplication@2491b306
reloadAllAccessors: .Expression9

===========================================================================================
----------------- testing Tue Mar 10 07:20:25 UTC 2020 /home/travis/build/icyphy/ptII/ptolemy/actor/lib/test/auto/ExpressionConcatenateArrayType.xml
----------------- Instantiating /home/travis/build/icyphy/ptII/ptolemy/actor/lib/test/auto/ExpressionConcatenateArrayType.xml
3 ms. Memory: 534528K Free: 221257K (41%)
----------------- Invoking toplevel() on ptolemy.moml.MoMLSimpleApplication@b448c19
----------------- Done invoking toplevel() on ptolemy.moml.MoMLSimpleApplication@b448c19
reloadAllAccessors: .ExpressionConcatenateArrayType

===========================================================================================
----------------- testing Tue Mar 10 07:20:25 UTC 2020 /home/travis/build/icyphy/ptII/ptolemy/actor/lib/test/auto/ExpressionConcatenateArrayType2.xml
----------------- Instantiating /home/travis/build/icyphy/ptII/ptolemy/actor/lib/test/auto/ExpressionConcatenateArrayType2.xml
2 ms. Memory: 534528K Free: 215623K (40%)
----------------- Invoking toplevel() on ptolemy.moml.MoMLSimpleApplication@3f83076e
----------------- Done invoking toplevel() on ptolemy.moml.MoMLSimpleApplication@3f83076e
reloadAllAccessors: .ExpressionConcatenateArrayType2

===========================================================================================
----------------- testing Tue Mar 10 07:20:25 UTC 2020 /home/travis/build/icyphy/ptII/ptolemy/actor/lib/test/auto/ExpressionFix.xml
----------------- Instantiating /home/travis/build/icyphy/ptII/ptolemy/actor/lib/test/auto/ExpressionFix.xml
21 ms. Memory: 534528K Free: 208969K (39%)
----------------- Invoking toplevel() on ptolemy.moml.MoMLSimpleApplication@24093477
----------------- Done invoking toplevel() on ptolemy.moml.MoMLSimpleApplication@24093477
reloadAllAccessors: .ExpressionFix

===========================================================================================
----------------- testing Tue Mar 10 07:20:25 UTC 2020 /home/travis/build/icyphy/ptII/ptolemy/actor/lib/test/auto/ExpressionFix2.xml
----------------- Instantiating /home/travis/build/icyphy/ptII/ptolemy/actor/lib/test/auto/ExpressionFix2.xml
3 ms. Memory: 534528K Free: 204873K (38%)
----------------- Invoking toplevel() on ptolemy.moml.MoMLSimpleApplication@5f06574e
----------------- Done invoking toplevel() on ptolemy.moml.MoMLSimpleApplication@5f06574e
reloadAllAccessors: .ExpressionFix2

===========================================================================================
----------------- testing Tue Mar 10 07:20:25 UTC 2020 /home/travis/build/icyphy/ptII/ptolemy/actor/lib/test/auto/ExpressionFix3.xml
----------------- Instantiating /home/travis/build/icyphy/ptII/ptolemy/actor/lib/test/auto/ExpressionFix3.xml
2 ms. Memory: 534528K Free: 200263K (37%)
----------------- Invoking toplevel() on ptolemy.moml.MoMLSimpleApplication@2cbda6a1
----------------- Done invoking toplevel() on ptolemy.moml.MoMLSimpleApplication@2cbda6a1
reloadAllAccessors: .ExpressionFix3

===========================================================================================
----------------- testing Tue Mar 10 07:20:25 UTC 2020 /home/travis/build/icyphy/ptII/ptolemy/actor/lib/test/auto/FileWriter1.xml
----------------- Instantiating /home/travis/build/icyphy/ptII/ptolemy/actor/lib/test/auto/FileWriter1.xml
2 ms. Memory: 534528K Free: 196167K (37%)
----------------- Invoking toplevel() on ptolemy.moml.MoMLSimpleApplication@28f2c8bd
----------------- Done invoking toplevel() on ptolemy.moml.MoMLSimpleApplication@28f2c8bd
reloadAllAccessors: .FileWriter1

===========================================================================================
----------------- testing Tue Mar 10 07:20:25 UTC 2020 /home/travis/build/icyphy/ptII/ptolemy/actor/lib/test/auto/FileWriter2.xml
----------------- Instantiating /home/travis/build/icyphy/ptII/ptolemy/actor/lib/test/auto/FileWriter2.xml
5 ms. Memory: 534528K Free: 192057K (36%)
----------------- Invoking toplevel() on ptolemy.moml.MoMLSimpleApplication@23e2d2f
----------------- Done invoking toplevel() on ptolemy.moml.MoMLSimpleApplication@23e2d2f
reloadAllAccessors: .FileWriter2

===========================================================================================
----------------- testing Tue Mar 10 07:20:25 UTC 2020 /home/travis/build/icyphy/ptII/ptolemy/actor/lib/test/auto/FileWriter3.xml
----------------- Instantiating /home/travis/build/icyphy/ptII/ptolemy/actor/lib/test/auto/FileWriter3.xml
2 ms. Memory: 534528K Free: 187975K (35%)
----------------- Invoking toplevel() on ptolemy.moml.MoMLSimpleApplication@1bddf8b7
----------------- Done invoking toplevel() on ptolemy.moml.MoMLSimpleApplication@1bddf8b7
reloadAllAccessors: .FileWriter3

===========================================================================================
----------------- testing Tue Mar 10 07:20:25 UTC 2020 /home/travis/build/icyphy/ptII/ptolemy/actor/lib/test/auto/Gaussian.xml
----------------- Instantiating /home/travis/build/icyphy/ptII/ptolemy/actor/lib/test/auto/Gaussian.xml
4 ms. Memory: 534528K Free: 183369K (34%)
----------------- Invoking toplevel() on ptolemy.moml.MoMLSimpleApplication@6dd6b6e9
----------------- Done invoking toplevel() on ptolemy.moml.MoMLSimpleApplication@6dd6b6e9
reloadAllAccessors: .Gaussian

===========================================================================================
----------------- testing Tue Mar 10 07:20:25 UTC 2020 /home/travis/build/icyphy/ptII/ptolemy/actor/lib/test/auto/Gaussian1.xml
----------------- Instantiating /home/travis/build/icyphy/ptII/ptolemy/actor/lib/test/auto/Gaussian1.xml
9 ms. Memory: 534528K Free: 177729K (33%)
----------------- Invoking toplevel() on ptolemy.moml.MoMLSimpleApplication@c126e18
----------------- Done invoking toplevel() on ptolemy.moml.MoMLSimpleApplication@c126e18
reloadAllAccessors: .Gaussian1

===========================================================================================
----------------- testing Tue Mar 10 07:20:25 UTC 2020 /home/travis/build/icyphy/ptII/ptolemy/actor/lib/test/auto/Gaussian2.xml
----------------- Instantiating /home/travis/build/icyphy/ptII/ptolemy/actor/lib/test/auto/Gaussian2.xml
2 ms. Memory: 534528K Free: 480841K (90%)
----------------- Invoking toplevel() on ptolemy.moml.MoMLSimpleApplication@45ce648e
----------------- Done invoking toplevel() on ptolemy.moml.MoMLSimpleApplication@45ce648e
reloadAllAccessors: .Gaussian2

===========================================================================================
----------------- testing Tue Mar 10 07:20:25 UTC 2020 /home/travis/build/icyphy/ptII/ptolemy/actor/lib/test/auto/GradientAdaptiveLattice.xml
----------------- Instantiating /home/travis/build/icyphy/ptII/ptolemy/actor/lib/test/auto/GradientAdaptiveLattice.xml
3 ms. Memory: 534528K Free: 475721K (89%)
----------------- Invoking toplevel() on ptolemy.moml.MoMLSimpleApplication@76416035
----------------- Done invoking toplevel() on ptolemy.moml.MoMLSimpleApplication@76416035
reloadAllAccessors: .GradientAdaptiveLattice

===========================================================================================
----------------- testing Tue Mar 10 07:20:25 UTC 2020 /home/travis/build/icyphy/ptII/ptolemy/actor/lib/test/auto/IIR.xml
----------------- Instantiating /home/travis/build/icyphy/ptII/ptolemy/actor/lib/test/auto/IIR.xml
2 ms. Memory: 534528K Free: 471111K (88%)
----------------- Invoking toplevel() on ptolemy.moml.MoMLSimpleApplication@719471e0
----------------- Done invoking toplevel() on ptolemy.moml.MoMLSimpleApplication@719471e0
reloadAllAccessors: .IIR

===========================================================================================
----------------- testing Tue Mar 10 07:20:25 UTC 2020 /home/travis/build/icyphy/ptII/ptolemy/actor/lib/test/auto/InputOutputTransparentPorts.xml
----------------- Instantiating /home/travis/build/icyphy/ptII/ptolemy/actor/lib/test/auto/InputOutputTransparentPorts.xml
1 ms. Memory: 534528K Free: 463943K (87%)
----------------- Invoking toplevel() on ptolemy.moml.MoMLSimpleApplication@178e10f7
----------------- Done invoking toplevel() on ptolemy.moml.MoMLSimpleApplication@178e10f7
reloadAllAccessors: .InputOutputTransparentPorts

===========================================================================================
----------------- testing Tue Mar 10 07:20:25 UTC 2020 /home/travis/build/icyphy/ptII/ptolemy/actor/lib/test/auto/Interpolator.xml
----------------- Instantiating /home/travis/build/icyphy/ptII/ptolemy/actor/lib/test/auto/Interpolator.xml
3 ms. Memory: 534528K Free: 459847K (86%)
----------------- Invoking toplevel() on ptolemy.moml.MoMLSimpleApplication@67ea7ae6
----------------- Done invoking toplevel() on ptolemy.moml.MoMLSimpleApplication@67ea7ae6
reloadAllAccessors: .Interpolator

===========================================================================================
----------------- testing Tue Mar 10 07:20:25 UTC 2020 /home/travis/build/icyphy/ptII/ptolemy/actor/lib/test/auto/InterpolatorFiringLimitDE.xml
----------------- Instantiating /home/travis/build/icyphy/ptII/ptolemy/actor/lib/test/auto/InterpolatorFiringLimitDE.xml
3 ms. Memory: 534528K Free: 453703K (85%)
----------------- Invoking toplevel() on ptolemy.moml.MoMLSimpleApplication@44d0a0cd
----------------- Done invoking toplevel() on ptolemy.moml.MoMLSimpleApplication@44d0a0cd
reloadAllAccessors: .InterpolatorFiringLimitDE

===========================================================================================
----------------- testing Tue Mar 10 07:20:25 UTC 2020 /home/travis/build/icyphy/ptII/ptolemy/actor/lib/test/auto/Lattice.xml
----------------- Instantiating /home/travis/build/icyphy/ptII/ptolemy/actor/lib/test/auto/Lattice.xml
2 ms. Memory: 534528K Free: 449607K (84%)
----------------- Invoking toplevel() on ptolemy.moml.MoMLSimpleApplication@5fb66860
----------------- Done invoking toplevel() on ptolemy.moml.MoMLSimpleApplication@5fb66860
reloadAllAccessors: .Lattice

===========================================================================================
----------------- testing Tue Mar 10 07:20:25 UTC 2020 /home/travis/build/icyphy/ptII/ptolemy/actor/lib/test/auto/LazyAOCTestLazy.xml
----------------- Instantiating /home/travis/build/icyphy/ptII/ptolemy/actor/lib/test/auto/LazyAOCTestLazy.xml
8 ms. Memory: 534528K Free: 443449K (83%)
----------------- Invoking toplevel() on ptolemy.moml.MoMLSimpleApplication@1e513e63
----------------- Done invoking toplevel() on ptolemy.moml.MoMLSimpleApplication@1e513e63
reloadAllAccessors: .LazyAOCTestLazy

===========================================================================================
----------------- testing Tue Mar 10 07:20:25 UTC 2020 /home/travis/build/icyphy/ptII/ptolemy/actor/lib/test/auto/LazyAOCTestNonLazy.xml
----------------- Instantiating /home/travis/build/icyphy/ptII/ptolemy/actor/lib/test/auto/LazyAOCTestNonLazy.xml
2 ms. Memory: 534528K Free: 436295K (82%)
----------------- Invoking toplevel() on ptolemy.moml.MoMLSimpleApplication@171b3366
----------------- Done invoking toplevel() on ptolemy.moml.MoMLSimpleApplication@171b3366
reloadAllAccessors: .LazyAOCTestNonLazy

===========================================================================================
----------------- testing Tue Mar 10 07:20:25 UTC 2020 /home/travis/build/icyphy/ptII/ptolemy/actor/lib/test/auto/LazyInnerClass.xml
----------------- Instantiating /home/travis/build/icyphy/ptII/ptolemy/actor/lib/test/auto/LazyInnerClass.xml
18 ms. Memory: 534528K Free: 428089K (80%)
----------------- Invoking toplevel() on ptolemy.moml.MoMLSimpleApplication@67ac1b9d
----------------- Done invoking toplevel() on ptolemy.moml.MoMLSimpleApplication@67ac1b9d
reloadAllAccessors: .LazyInnerClass

===========================================================================================
----------------- testing Tue Mar 10 07:20:25 UTC 2020 /home/travis/build/icyphy/ptII/ptolemy/actor/lib/test/auto/LazyPubSub.xml
----------------- Instantiating /home/travis/build/icyphy/ptII/ptolemy/actor/lib/test/auto/LazyPubSub.xml
18 ms. Memory: 534528K Free: 417863K (78%)
----------------- Invoking toplevel() on ptolemy.moml.MoMLSimpleApplication@13b9d8cc
----------------- Done invoking toplevel() on ptolemy.moml.MoMLSimpleApplication@13b9d8cc
reloadAllAccessors: .LazyPubSub

===========================================================================================
----------------- testing Tue Mar 10 07:20:25 UTC 2020 /home/travis/build/icyphy/ptII/ptolemy/actor/lib/test/auto/LazyPubSub2.xml
----------------- Instantiating /home/travis/build/icyphy/ptII/ptolemy/actor/lib/test/auto/LazyPubSub2.xml
16 ms. Memory: 534528K Free: 407623K (76%)
----------------- Invoking toplevel() on ptolemy.moml.MoMLSimpleApplication@78257655
----------------- Done invoking toplevel() on ptolemy.moml.MoMLSimpleApplication@78257655
reloadAllAccessors: .LazyPubSub2

===========================================================================================
----------------- testing Tue Mar 10 07:20:25 UTC 2020 /home/travis/build/icyphy/ptII/ptolemy/actor/lib/test/auto/LazyPubSub3.xml
----------------- Instantiating /home/travis/build/icyphy/ptII/ptolemy/actor/lib/test/auto/LazyPubSub3.xml
11 ms. Memory: 534528K Free: 397383K (74%)
----------------- Invoking toplevel() on ptolemy.moml.MoMLSimpleApplication@2e32a377
----------------- Done invoking toplevel() on ptolemy.moml.MoMLSimpleApplication@2e32a377
reloadAllAccessors: .LazyPubSub3

===========================================================================================
----------------- testing Tue Mar 10 07:20:25 UTC 2020 /home/travis/build/icyphy/ptII/ptolemy/actor/lib/test/auto/LazySubClassModel.xml
----------------- Instantiating /home/travis/build/icyphy/ptII/ptolemy/actor/lib/test/auto/LazySubClassModel.xml
2 ms. Memory: 534528K Free: 388167K (73%)
----------------- Invoking toplevel() on ptolemy.moml.MoMLSimpleApplication@3e2abc23
----------------- Done invoking toplevel() on ptolemy.moml.MoMLSimpleApplication@3e2abc23
reloadAllAccessors: .LazySubClassModel

===========================================================================================
----------------- testing Tue Mar 10 07:20:25 UTC 2020 /home/travis/build/icyphy/ptII/ptolemy/actor/lib/test/auto/LevelCrossTest1.xml
----------------- Instantiating /home/travis/build/icyphy/ptII/ptolemy/actor/lib/test/auto/LevelCrossTest1.xml
2 ms. Memory: 534528K Free: 382537K (72%)
----------------- Invoking toplevel() on ptolemy.moml.MoMLSimpleApplication@bbcb28
----------------- Done invoking toplevel() on ptolemy.moml.MoMLSimpleApplication@bbcb28
reloadAllAccessors: .broken

===========================================================================================
----------------- testing Tue Mar 10 07:20:25 UTC 2020 /home/travis/build/icyphy/ptII/ptolemy/actor/lib/test/auto/LevelCrossTest10.xml
----------------- Instantiating /home/travis/build/icyphy/ptII/ptolemy/actor/lib/test/auto/LevelCrossTest10.xml
1 ms. Memory: 534528K Free: 375369K (70%)
----------------- Invoking toplevel() on ptolemy.moml.MoMLSimpleApplication@9b84085
----------------- Done invoking toplevel() on ptolemy.moml.MoMLSimpleApplication@9b84085
reloadAllAccessors: .LevelCrossTest10

===========================================================================================
----------------- testing Tue Mar 10 07:20:25 UTC 2020 /home/travis/build/icyphy/ptII/ptolemy/actor/lib/test/auto/LevelCrossTest11.xml
----------------- Instantiating /home/travis/build/icyphy/ptII/ptolemy/actor/lib/test/auto/LevelCrossTest11.xml
1 ms. Memory: 534528K Free: 368711K (69%)
----------------- Invoking toplevel() on ptolemy.moml.MoMLSimpleApplication@6561ced1
----------------- Done invoking toplevel() on ptolemy.moml.MoMLSimpleApplication@6561ced1
reloadAllAccessors: .LevelCrossTest11

===========================================================================================
----------------- testing Tue Mar 10 07:20:25 UTC 2020 /home/travis/build/icyphy/ptII/ptolemy/actor/lib/test/auto/LevelCrossTest12.xml
----------------- Instantiating /home/travis/build/icyphy/ptII/ptolemy/actor/lib/test/auto/LevelCrossTest12.xml
3 ms. Memory: 534528K Free: 362057K (68%)
----------------- Invoking toplevel() on ptolemy.moml.MoMLSimpleApplication@4419632e
----------------- Done invoking toplevel() on ptolemy.moml.MoMLSimpleApplication@4419632e
reloadAllAccessors: .LevelCrossTest12

===========================================================================================
----------------- testing Tue Mar 10 07:20:25 UTC 2020 /home/travis/build/icyphy/ptII/ptolemy/actor/lib/test/auto/LevelCrossTest13.xml
----------------- Instantiating /home/travis/build/icyphy/ptII/ptolemy/actor/lib/test/auto/LevelCrossTest13.xml
1 ms. Memory: 534528K Free: 353865K (66%)
----------------- Invoking toplevel() on ptolemy.moml.MoMLSimpleApplication@32c66c15
----------------- Done invoking toplevel() on ptolemy.moml.MoMLSimpleApplication@32c66c15
reloadAllAccessors: .LevelCrossTest13

===========================================================================================
----------------- testing Tue Mar 10 07:20:25 UTC 2020 /home/travis/build/icyphy/ptII/ptolemy/actor/lib/test/auto/LevelCrossTest2.xml
----------------- Instantiating /home/travis/build/icyphy/ptII/ptolemy/actor/lib/test/auto/LevelCrossTest2.xml
1 ms. Memory: 534528K Free: 348231K (65%)
----------------- Invoking toplevel() on ptolemy.moml.MoMLSimpleApplication@7a0558ab
----------------- Done invoking toplevel() on ptolemy.moml.MoMLSimpleApplication@7a0558ab
reloadAllAccessors: .broken

===========================================================================================
----------------- testing Tue Mar 10 07:20:25 UTC 2020 /home/travis/build/icyphy/ptII/ptolemy/actor/lib/test/auto/LevelCrossTest3.xml
----------------- Instantiating /home/travis/build/icyphy/ptII/ptolemy/actor/lib/test/auto/LevelCrossTest3.xml
1 ms. Memory: 534528K Free: 342087K (64%)
----------------- Invoking toplevel() on ptolemy.moml.MoMLSimpleApplication@6a84d6e6
----------------- Done invoking toplevel() on ptolemy.moml.MoMLSimpleApplication@6a84d6e6
reloadAllAccessors: .LevelCrossTest3

===========================================================================================
----------------- testing Tue Mar 10 07:20:25 UTC 2020 /home/travis/build/icyphy/ptII/ptolemy/actor/lib/test/auto/LevelCrossTest4.xml
----------------- Instantiating /home/travis/build/icyphy/ptII/ptolemy/actor/lib/test/auto/LevelCrossTest4.xml
2 ms. Memory: 534528K Free: 336967K (63%)
----------------- Invoking toplevel() on ptolemy.moml.MoMLSimpleApplication@20c68262
----------------- Done invoking toplevel() on ptolemy.moml.MoMLSimpleApplication@20c68262
reloadAllAccessors: .broken

===========================================================================================
----------------- testing Tue Mar 10 07:20:25 UTC 2020 /home/travis/build/icyphy/ptII/ptolemy/actor/lib/test/auto/LevelCrossTest5.xml
----------------- Instantiating /home/travis/build/icyphy/ptII/ptolemy/actor/lib/test/auto/LevelCrossTest5.xml
4 ms. Memory: 534528K Free: 329289K (62%)
----------------- Invoking toplevel() on ptolemy.moml.MoMLSimpleApplication@7d0b84cd
----------------- Done invoking toplevel() on ptolemy.moml.MoMLSimpleApplication@7d0b84cd
reloadAllAccessors: .LevelCrossTest5

===========================================================================================
----------------- testing Tue Mar 10 07:20:25 UTC 2020 /home/travis/build/icyphy/ptII/ptolemy/actor/lib/test/auto/LevelCrossTest6.xml
----------------- Instantiating /home/travis/build/icyphy/ptII/ptolemy/actor/lib/test/auto/LevelCrossTest6.xml
1 ms. Memory: 534528K Free: 322121K (60%)
----------------- Invoking toplevel() on ptolemy.moml.MoMLSimpleApplication@69739e55
----------------- Done invoking toplevel() on ptolemy.moml.MoMLSimpleApplication@69739e55
reloadAllAccessors: .LevelCrossTest6

===========================================================================================
----------------- testing Tue Mar 10 07:20:25 UTC 2020 /home/travis/build/icyphy/ptII/ptolemy/actor/lib/test/auto/LevelCrossTest7.xml
----------------- Instantiating /home/travis/build/icyphy/ptII/ptolemy/actor/lib/test/auto/LevelCrossTest7.xml
2 ms. Memory: 534528K Free: 314439K (59%)
----------------- Invoking toplevel() on ptolemy.moml.MoMLSimpleApplication@740ab547
----------------- Done invoking toplevel() on ptolemy.moml.MoMLSimpleApplication@740ab547
reloadAllAccessors: .LevelCrossTest7

===========================================================================================
----------------- testing Tue Mar 10 07:20:25 UTC 2020 /home/travis/build/icyphy/ptII/ptolemy/actor/lib/test/auto/LevelCrossTest8.xml
----------------- Instantiating /home/travis/build/icyphy/ptII/ptolemy/actor/lib/test/auto/LevelCrossTest8.xml
1 ms. Memory: 534528K Free: 307785K (58%)
----------------- Invoking toplevel() on ptolemy.moml.MoMLSimpleApplication@250e36b1
----------------- Done invoking toplevel() on ptolemy.moml.MoMLSimpleApplication@250e36b1
reloadAllAccessors: .LevelCrossTest8

===========================================================================================
----------------- testing Tue Mar 10 07:20:25 UTC 2020 /home/travis/build/icyphy/ptII/ptolemy/actor/lib/test/auto/LevelCrossTest9.xml
----------------- Instantiating /home/travis/build/icyphy/ptII/ptolemy/actor/lib/test/auto/LevelCrossTest9.xml
2 ms. Memory: 534528K Free: 299593K (56%)
----------------- Invoking toplevel() on ptolemy.moml.MoMLSimpleApplication@61a5cc60
----------------- Done invoking toplevel() on ptolemy.moml.MoMLSimpleApplication@61a5cc60
reloadAllAccessors: .LevelCrossTest9

===========================================================================================
----------------- testing Tue Mar 10 07:20:26 UTC 2020 /home/travis/build/icyphy/ptII/ptolemy/actor/lib/test/auto/LevinsonDurbin.xml
----------------- Instantiating /home/travis/build/icyphy/ptII/ptolemy/actor/lib/test/auto/LevinsonDurbin.xml
5 ms. Memory: 534528K Free: 295497K (55%)
----------------- Invoking toplevel() on ptolemy.moml.MoMLSimpleApplication@48f8880a
----------------- Done invoking toplevel() on ptolemy.moml.MoMLSimpleApplication@48f8880a
reloadAllAccessors: .LevinsonDurbin

===========================================================================================
----------------- testing Tue Mar 10 07:20:26 UTC 2020 /home/travis/build/icyphy/ptII/ptolemy/actor/lib/test/auto/LevinsonDurbin2.xml
----------------- Instantiating /home/travis/build/icyphy/ptII/ptolemy/actor/lib/test/auto/LevinsonDurbin2.xml
1 ms. Memory: 534528K Free: 291401K (55%)
----------------- Invoking toplevel() on ptolemy.moml.MoMLSimpleApplication@5a5955fa
----------------- Done invoking toplevel() on ptolemy.moml.MoMLSimpleApplication@5a5955fa
reloadAllAccessors: .LevinsonDurbin2

===========================================================================================
----------------- testing Tue Mar 10 07:20:26 UTC 2020 /home/travis/build/icyphy/ptII/ptolemy/actor/lib/test/auto/LevinsonDurbin3.xml
----------------- Instantiating /home/travis/build/icyphy/ptII/ptolemy/actor/lib/test/auto/LevinsonDurbin3.xml
3 ms. Memory: 534528K Free: 287305K (54%)
----------------- Invoking toplevel() on ptolemy.moml.MoMLSimpleApplication@1fd1272d
----------------- Done invoking toplevel() on ptolemy.moml.MoMLSimpleApplication@1fd1272d
reloadAllAccessors: .LevinsonDurbin3

===========================================================================================
----------------- testing Tue Mar 10 07:20:26 UTC 2020 /home/travis/build/icyphy/ptII/ptolemy/actor/lib/test/auto/Limiter.xml
----------------- Instantiating /home/travis/build/icyphy/ptII/ptolemy/actor/lib/test/auto/Limiter.xml
4 ms. Memory: 534528K Free: 278089K (52%)
----------------- Invoking toplevel() on ptolemy.moml.MoMLSimpleApplication@6d3b072e
----------------- Done invoking toplevel() on ptolemy.moml.MoMLSimpleApplication@6d3b072e
reloadAllAccessors: .Limiter

===========================================================================================
----------------- testing Tue Mar 10 07:20:26 UTC 2020 /home/travis/build/icyphy/ptII/ptolemy/actor/lib/test/auto/LinearDifferenceEquationSystem.xml
----------------- Instantiating /home/travis/build/icyphy/ptII/ptolemy/actor/lib/test/auto/LinearDifferenceEquationSystem.xml
4 ms. Memory: 534528K Free: 270921K (51%)
----------------- Invoking toplevel() on ptolemy.moml.MoMLSimpleApplication@4ddbcf66
----------------- Done invoking toplevel() on ptolemy.moml.MoMLSimpleApplication@4ddbcf66
reloadAllAccessors: .LinearDifferenceEquationSystem

===========================================================================================
----------------- testing Tue Mar 10 07:20:26 UTC 2020 /home/travis/build/icyphy/ptII/ptolemy/actor/lib/test/auto/LookupTable.xml
----------------- Instantiating /home/travis/build/icyphy/ptII/ptolemy/actor/lib/test/auto/LookupTable.xml
1 ms. Memory: 534528K Free: 266311K (50%)
----------------- Invoking toplevel() on ptolemy.moml.MoMLSimpleApplication@32fe2854
----------------- Done invoking toplevel() on ptolemy.moml.MoMLSimpleApplication@32fe2854
reloadAllAccessors: .LookupTable

===========================================================================================
----------------- testing Tue Mar 10 07:20:26 UTC 2020 /home/travis/build/icyphy/ptII/ptolemy/actor/lib/test/auto/MathFunction.xml
----------------- Instantiating /home/travis/build/icyphy/ptII/ptolemy/actor/lib/test/auto/MathFunction.xml
2 ms. Memory: 534528K Free: 258119K (48%)
----------------- Invoking toplevel() on ptolemy.moml.MoMLSimpleApplication@7f4c1747
----------------- Done invoking toplevel() on ptolemy.moml.MoMLSimpleApplication@7f4c1747
reloadAllAccessors: .MathFunction

===========================================================================================
----------------- testing Tue Mar 10 07:20:26 UTC 2020 /home/travis/build/icyphy/ptII/ptolemy/actor/lib/test/auto/MathFunction2.xml
----------------- Instantiating /home/travis/build/icyphy/ptII/ptolemy/actor/lib/test/auto/MathFunction2.xml
10 ms. Memory: 534528K Free: 254023K (48%)
----------------- Invoking toplevel() on ptolemy.moml.MoMLSimpleApplication@6443a6c7
----------------- Done invoking toplevel() on ptolemy.moml.MoMLSimpleApplication@6443a6c7
reloadAllAccessors: .MathFunction2

===========================================================================================
----------------- testing Tue Mar 10 07:20:26 UTC 2020 /home/travis/build/icyphy/ptII/ptolemy/actor/lib/test/auto/MathFunction3.xml
----------------- Instantiating /home/travis/build/icyphy/ptII/ptolemy/actor/lib/test/auto/MathFunction3.xml
2 ms. Memory: 534528K Free: 246855K (46%)
----------------- Invoking toplevel() on ptolemy.moml.MoMLSimpleApplication@73a7253b
----------------- Done invoking toplevel() on ptolemy.moml.MoMLSimpleApplication@73a7253b
reloadAllAccessors: .MathFunction3

===========================================================================================
----------------- testing Tue Mar 10 07:20:26 UTC 2020 /home/travis/build/icyphy/ptII/ptolemy/actor/lib/test/auto/MatrixCropBoolean.xml
----------------- Instantiating /home/travis/build/icyphy/ptII/ptolemy/actor/lib/test/auto/MatrixCropBoolean.xml
2 ms. Memory: 534528K Free: 241705K (45%)
----------------- Invoking toplevel() on ptolemy.moml.MoMLSimpleApplication@54bbd5d4
----------------- Done invoking toplevel() on ptolemy.moml.MoMLSimpleApplication@54bbd5d4
reloadAllAccessors: .MatrixCropBoolean

===========================================================================================
----------------- testing Tue Mar 10 07:20:26 UTC 2020 /home/travis/build/icyphy/ptII/ptolemy/actor/lib/test/auto/MatrixCropComplex.xml
----------------- Instantiating /home/travis/build/icyphy/ptII/ptolemy/actor/lib/test/auto/MatrixCropComplex.xml
1 ms. Memory: 534528K Free: 236601K (44%)
----------------- Invoking toplevel() on ptolemy.moml.MoMLSimpleApplication@35046f31
----------------- Done invoking toplevel() on ptolemy.moml.MoMLSimpleApplication@35046f31
reloadAllAccessors: .MatrixCropComplex

===========================================================================================
----------------- testing Tue Mar 10 07:20:26 UTC 2020 /home/travis/build/icyphy/ptII/ptolemy/actor/lib/test/auto/MatrixCropDouble.xml
----------------- Instantiating /home/travis/build/icyphy/ptII/ptolemy/actor/lib/test/auto/MatrixCropDouble.xml
4 ms. Memory: 534528K Free: 231465K (43%)
----------------- Invoking toplevel() on ptolemy.moml.MoMLSimpleApplication@6a1f3b73
----------------- Done invoking toplevel() on ptolemy.moml.MoMLSimpleApplication@6a1f3b73
reloadAllAccessors: .MatrixCropDouble

===========================================================================================
----------------- testing Tue Mar 10 07:20:26 UTC 2020 /home/travis/build/icyphy/ptII/ptolemy/actor/lib/test/auto/MatrixCropFix.xml
----------------- Instantiating /home/travis/build/icyphy/ptII/ptolemy/actor/lib/test/auto/MatrixCropFix.xml
2 ms. Memory: 534528K Free: 226361K (42%)
----------------- Invoking toplevel() on ptolemy.moml.MoMLSimpleApplication@58df4dcf
----------------- Done invoking toplevel() on ptolemy.moml.MoMLSimpleApplication@58df4dcf
reloadAllAccessors: .MatrixCropFix

===========================================================================================
----------------- testing Tue Mar 10 07:20:26 UTC 2020 /home/travis/build/icyphy/ptII/ptolemy/actor/lib/test/auto/MatrixCropInt.xml
----------------- Instantiating /home/travis/build/icyphy/ptII/ptolemy/actor/lib/test/auto/MatrixCropInt.xml
2 ms. Memory: 534528K Free: 221241K (41%)
----------------- Invoking toplevel() on ptolemy.moml.MoMLSimpleApplication@6bf5406a
----------------- Done invoking toplevel() on ptolemy.moml.MoMLSimpleApplication@6bf5406a
reloadAllAccessors: .MatrixCropInt

===========================================================================================
----------------- testing Tue Mar 10 07:20:26 UTC 2020 /home/travis/build/icyphy/ptII/ptolemy/actor/lib/test/auto/MatrixCropLong.xml
----------------- Instantiating /home/travis/build/icyphy/ptII/ptolemy/actor/lib/test/auto/MatrixCropLong.xml
2 ms. Memory: 534528K Free: 216121K (40%)
----------------- Invoking toplevel() on ptolemy.moml.MoMLSimpleApplication@1cb91115
----------------- Done invoking toplevel() on ptolemy.moml.MoMLSimpleApplication@1cb91115
reloadAllAccessors: .MatrixCropLong

===========================================================================================
----------------- testing Tue Mar 10 07:20:26 UTC 2020 /home/travis/build/icyphy/ptII/ptolemy/actor/lib/test/auto/MatrixToArray.xml
----------------- Instantiating /home/travis/build/icyphy/ptII/ptolemy/actor/lib/test/auto/MatrixToArray.xml
9 ms. Memory: 534528K Free: 201289K (38%)
----------------- Invoking toplevel() on ptolemy.moml.MoMLSimpleApplication@60242783
----------------- Done invoking toplevel() on ptolemy.moml.MoMLSimpleApplication@60242783
reloadAllAccessors: .MatrixToArray

===========================================================================================
----------------- testing Tue Mar 10 07:20:26 UTC 2020 /home/travis/build/icyphy/ptII/ptolemy/actor/lib/test/auto/MaxIndex.xml
----------------- Instantiating /home/travis/build/icyphy/ptII/ptolemy/actor/lib/test/auto/MaxIndex.xml
1 ms. Memory: 534528K Free: 196169K (37%)
----------------- Invoking toplevel() on ptolemy.moml.MoMLSimpleApplication@2594b053
----------------- Done invoking toplevel() on ptolemy.moml.MoMLSimpleApplication@2594b053
reloadAllAccessors: .MaxIndex

===========================================================================================
----------------- testing Tue Mar 10 07:20:26 UTC 2020 /home/travis/build/icyphy/ptII/ptolemy/actor/lib/test/auto/Maximum.xml
----------------- Instantiating /home/travis/build/icyphy/ptII/ptolemy/actor/lib/test/auto/Maximum.xml
2 ms. Memory: 534528K Free: 189481K (35%)
----------------- Invoking toplevel() on ptolemy.moml.MoMLSimpleApplication@7394760c
----------------- Done invoking toplevel() on ptolemy.moml.MoMLSimpleApplication@7394760c
reloadAllAccessors: .Maximum

===========================================================================================
----------------- testing Tue Mar 10 07:20:26 UTC 2020 /home/travis/build/icyphy/ptII/ptolemy/actor/lib/test/auto/MaximumComplex.xml
----------------- Instantiating /home/travis/build/icyphy/ptII/ptolemy/actor/lib/test/auto/MaximumComplex.xml
5 ms. Memory: 534528K Free: 183353K (34%)
----------------- Invoking toplevel() on ptolemy.moml.MoMLSimpleApplication@3d3c0015
----------------- Done invoking toplevel() on ptolemy.moml.MoMLSimpleApplication@3d3c0015
reloadAllAccessors: .MaximumComplex

===========================================================================================
----------------- testing Tue Mar 10 07:20:26 UTC 2020 /home/travis/build/icyphy/ptII/ptolemy/actor/lib/test/auto/MethodCallTest.xml
----------------- Instantiating /home/travis/build/icyphy/ptII/ptolemy/actor/lib/test/auto/MethodCallTest.xml
3 ms. Memory: 534528K Free: 176713K (33%)
----------------- Invoking toplevel() on ptolemy.moml.MoMLSimpleApplication@69b63c8f
----------------- Done invoking toplevel() on ptolemy.moml.MoMLSimpleApplication@69b63c8f
reloadAllAccessors: .MethodCallTest

===========================================================================================
----------------- testing Tue Mar 10 07:20:26 UTC 2020 /home/travis/build/icyphy/ptII/ptolemy/actor/lib/test/auto/Minimum.xml
----------------- Instantiating /home/travis/build/icyphy/ptII/ptolemy/actor/lib/test/auto/Minimum.xml
3 ms. Memory: 534528K Free: 477753K (89%)
----------------- Invoking toplevel() on ptolemy.moml.MoMLSimpleApplication@e14eaa1
----------------- Done invoking toplevel() on ptolemy.moml.MoMLSimpleApplication@e14eaa1
reloadAllAccessors: .Minimum

===========================================================================================
----------------- testing Tue Mar 10 07:20:26 UTC 2020 /home/travis/build/icyphy/ptII/ptolemy/actor/lib/test/auto/MinimumComplex.xml
----------------- Instantiating /home/travis/build/icyphy/ptII/ptolemy/actor/lib/test/auto/MinimumComplex.xml
3 ms. Memory: 534528K Free: 471609K (88%)
----------------- Invoking toplevel() on ptolemy.moml.MoMLSimpleApplication@64018a10
----------------- Done invoking toplevel() on ptolemy.moml.MoMLSimpleApplication@64018a10
reloadAllAccessors: .MinimumComplex

===========================================================================================
----------------- testing Tue Mar 10 07:20:26 UTC 2020 /home/travis/build/icyphy/ptII/ptolemy/actor/lib/test/auto/MinimumMultiports.xml
----------------- Instantiating /home/travis/build/icyphy/ptII/ptolemy/actor/lib/test/auto/MinimumMultiports.xml
4 ms. Memory: 534528K Free: 462921K (87%)
----------------- Invoking toplevel() on ptolemy.moml.MoMLSimpleApplication@215c6cc8
----------------- Done invoking toplevel() on ptolemy.moml.MoMLSimpleApplication@215c6cc8
reloadAllAccessors: .MinimumMultiports

===========================================================================================
----------------- testing Tue Mar 10 07:20:26 UTC 2020 /home/travis/build/icyphy/ptII/ptolemy/actor/lib/test/auto/ModifyDate.xml
----------------- Instantiating /home/travis/build/icyphy/ptII/ptolemy/actor/lib/test/auto/ModifyDate.xml
9 ms. Memory: 534528K Free: 450119K (84%)
----------------- Invoking toplevel() on ptolemy.moml.MoMLSimpleApplication@73fbbf6
----------------- Done invoking toplevel() on ptolemy.moml.MoMLSimpleApplication@73fbbf6
reloadAllAccessors: .ModifyDate

===========================================================================================
----------------- testing Tue Mar 10 07:20:26 UTC 2020 /home/travis/build/icyphy/ptII/ptolemy/actor/lib/test/auto/ModifyDate2.xml
----------------- Instantiating /home/travis/build/icyphy/ptII/ptolemy/actor/lib/test/auto/ModifyDate2.xml
3 ms. Memory: 534528K Free: 441417K (83%)
----------------- Invoking toplevel() on ptolemy.moml.MoMLSimpleApplication@29188aa6
----------------- Done invoking toplevel() on ptolemy.moml.MoMLSimpleApplication@29188aa6
reloadAllAccessors: .ModifyDate2

===========================================================================================
----------------- testing Tue Mar 10 07:20:26 UTC 2020 /home/travis/build/icyphy/ptII/ptolemy/actor/lib/test/auto/MovingAverage.xml
----------------- Instantiating /home/travis/build/icyphy/ptII/ptolemy/actor/lib/test/auto/MovingAverage.xml
1 ms. Memory: 534528K Free: 436297K (82%)
----------------- Invoking toplevel() on ptolemy.moml.MoMLSimpleApplication@7b90a46e
----------------- Done invoking toplevel() on ptolemy.moml.MoMLSimpleApplication@7b90a46e
reloadAllAccessors: .MovingAverage

===========================================================================================
----------------- testing Tue Mar 10 07:20:26 UTC 2020 /home/travis/build/icyphy/ptII/ptolemy/actor/lib/test/auto/MovingMaximum.xml
----------------- Instantiating /home/travis/build/icyphy/ptII/ptolemy/actor/lib/test/auto/MovingMaximum.xml
9 ms. Memory: 534528K Free: 431687K (81%)
----------------- Invoking toplevel() on ptolemy.moml.MoMLSimpleApplication@77a8150d
----------------- Done invoking toplevel() on ptolemy.moml.MoMLSimpleApplication@77a8150d
reloadAllAccessors: .MovingMaximum

===========================================================================================
----------------- testing Tue Mar 10 07:20:26 UTC 2020 /home/travis/build/icyphy/ptII/ptolemy/actor/lib/test/auto/MultipleLinksToSameRelation.xml
----------------- Instantiating /home/travis/build/icyphy/ptII/ptolemy/actor/lib/test/auto/MultipleLinksToSameRelation.xml
2 ms. Memory: 534528K Free: 427591K (80%)
----------------- Invoking toplevel() on ptolemy.moml.MoMLSimpleApplication@13578461
----------------- Done invoking toplevel() on ptolemy.moml.MoMLSimpleApplication@13578461
reloadAllAccessors: .MultipleLinksToSameRelation

===========================================================================================
----------------- testing Tue Mar 10 07:20:26 UTC 2020 /home/travis/build/icyphy/ptII/ptolemy/actor/lib/test/auto/MultipleLinksToSameRelationDE.xml
----------------- Instantiating /home/travis/build/icyphy/ptII/ptolemy/actor/lib/test/auto/MultipleLinksToSameRelationDE.xml
2 ms. Memory: 534528K Free: 422985K (79%)
----------------- Invoking toplevel() on ptolemy.moml.MoMLSimpleApplication@3806ef02
----------------- Done invoking toplevel() on ptolemy.moml.MoMLSimpleApplication@3806ef02
reloadAllAccessors: .MultipleLinksToSameRelationDE

===========================================================================================
----------------- testing Tue Mar 10 07:20:26 UTC 2020 /home/travis/build/icyphy/ptII/ptolemy/actor/lib/test/auto/Multiplexor.xml
----------------- Instantiating /home/travis/build/icyphy/ptII/ptolemy/actor/lib/test/auto/Multiplexor.xml
1 ms. Memory: 534528K Free: 417351K (78%)
----------------- Invoking toplevel() on ptolemy.moml.MoMLSimpleApplication@227f1362
----------------- Done invoking toplevel() on ptolemy.moml.MoMLSimpleApplication@227f1362
reloadAllAccessors: .Multiplexor

===========================================================================================
----------------- testing Tue Mar 10 07:20:26 UTC 2020 /home/travis/build/icyphy/ptII/ptolemy/actor/lib/test/auto/Multiplexor1.xml
----------------- Instantiating /home/travis/build/icyphy/ptII/ptolemy/actor/lib/test/auto/Multiplexor1.xml
2 ms. Memory: 534528K Free: 411721K (77%)
----------------- Invoking toplevel() on ptolemy.moml.MoMLSimpleApplication@144af4f5
----------------- Done invoking toplevel() on ptolemy.moml.MoMLSimpleApplication@144af4f5
reloadAllAccessors: .Multiplexor1

===========================================================================================
----------------- testing Tue Mar 10 07:20:26 UTC 2020 /home/travis/build/icyphy/ptII/ptolemy/actor/lib/test/auto/Multiplexor2.xml
----------------- Instantiating /home/travis/build/icyphy/ptII/ptolemy/actor/lib/test/auto/Multiplexor2.xml
6 ms. Memory: 534528K Free: 405063K (76%)
----------------- Invoking toplevel() on ptolemy.moml.MoMLSimpleApplication@64927224
----------------- Done invoking toplevel() on ptolemy.moml.MoMLSimpleApplication@64927224
reloadAllAccessors: .Multiplexor2

===========================================================================================
----------------- testing Tue Mar 10 07:20:26 UTC 2020 /home/travis/build/icyphy/ptII/ptolemy/actor/lib/test/auto/Multiplexor3.xml
----------------- Instantiating /home/travis/build/icyphy/ptII/ptolemy/actor/lib/test/auto/Multiplexor3.xml
1 ms. Memory: 534528K Free: 400967K (75%)
----------------- Invoking toplevel() on ptolemy.moml.MoMLSimpleApplication@64be1754
----------------- Done invoking toplevel() on ptolemy.moml.MoMLSimpleApplication@64be1754
reloadAllAccessors: .Multiplexor3

===========================================================================================
----------------- testing Tue Mar 10 07:20:26 UTC 2020 /home/travis/build/icyphy/ptII/ptolemy/actor/lib/test/auto/MultiplexorDE.xml
----------------- Instantiating /home/travis/build/icyphy/ptII/ptolemy/actor/lib/test/auto/MultiplexorDE.xml
2 ms. Memory: 534528K Free: 393289K (74%)
----------------- Invoking toplevel() on ptolemy.moml.MoMLSimpleApplication@55bfffb2
----------------- Done invoking toplevel() on ptolemy.moml.MoMLSimpleApplication@55bfffb2
reloadAllAccessors: .MultiplexorDE

===========================================================================================
----------------- testing Tue Mar 10 07:20:26 UTC 2020 /home/travis/build/icyphy/ptII/ptolemy/actor/lib/test/auto/MultiportBroadcastTest.xml
----------------- Instantiating /home/travis/build/icyphy/ptII/ptolemy/actor/lib/test/auto/MultiportBroadcastTest.xml
98 ms. Memory: 534528K Free: 387145K (72%)
----------------- Invoking toplevel() on ptolemy.moml.MoMLSimpleApplication@7d11e494
----------------- Done invoking toplevel() on ptolemy.moml.MoMLSimpleApplication@7d11e494
reloadAllAccessors: .MultiportBroadcastTest

===========================================================================================
----------------- testing Tue Mar 10 07:20:26 UTC 2020 /home/travis/build/icyphy/ptII/ptolemy/actor/lib/test/auto/MultiportOutHangDuringGetWidth.xml
----------------- Instantiating /home/travis/build/icyphy/ptII/ptolemy/actor/lib/test/auto/MultiportOutHangDuringGetWidth.xml
6 ms. Memory: 534528K Free: 374857K (70%)
----------------- Invoking toplevel() on ptolemy.moml.MoMLSimpleApplication@dbf75d
----------------- Done invoking toplevel() on ptolemy.moml.MoMLSimpleApplication@dbf75d
reloadAllAccessors: .MultiportOutHangDuringGetWidth

===========================================================================================
----------------- testing Tue Mar 10 07:20:26 UTC 2020 /home/travis/build/icyphy/ptII/ptolemy/actor/lib/test/auto/NilToken.xml
----------------- Instantiating /home/travis/build/icyphy/ptII/ptolemy/actor/lib/test/auto/NilToken.xml
1 ms. Memory: 534528K Free: 370761K (69%)
----------------- Invoking toplevel() on ptolemy.moml.MoMLSimpleApplication@4ff1e59d
----------------- Done invoking toplevel() on ptolemy.moml.MoMLSimpleApplication@4ff1e59d
reloadAllAccessors: .NilToken

===========================================================================================
----------------- testing Tue Mar 10 07:20:26 UTC 2020 /home/travis/build/icyphy/ptII/ptolemy/actor/lib/test/auto/NilTokenNonStrictTest.xml
----------------- Instantiating /home/travis/build/icyphy/ptII/ptolemy/actor/lib/test/auto/NilTokenNonStrictTest.xml
3 ms. Memory: 534528K Free: 366151K (68%)
----------------- Invoking toplevel() on ptolemy.moml.MoMLSimpleApplication@1975b40
----------------- Done invoking toplevel() on ptolemy.moml.MoMLSimpleApplication@1975b40
reloadAllAccessors: .NilTokenNonStrictTest

===========================================================================================
----------------- testing Tue Mar 10 07:20:26 UTC 2020 /home/travis/build/icyphy/ptII/ptolemy/actor/lib/test/auto/NilTokenRecord.xml
----------------- Instantiating /home/travis/build/icyphy/ptII/ptolemy/actor/lib/test/auto/NilTokenRecord.xml
6 ms. Memory: 534528K Free: 358983K (67%)
----------------- Invoking toplevel() on ptolemy.moml.MoMLSimpleApplication@9148a8f
----------------- Done invoking toplevel() on ptolemy.moml.MoMLSimpleApplication@9148a8f
reloadAllAccessors: .NilTokenRecord

===========================================================================================
----------------- testing Tue Mar 10 07:20:27 UTC 2020 /home/travis/build/icyphy/ptII/ptolemy/actor/lib/test/auto/NilTokenTypeTest.xml
----------------- Instantiating /home/travis/build/icyphy/ptII/ptolemy/actor/lib/test/auto/NilTokenTypeTest.xml
10 ms. Memory: 534528K Free: 349257K (65%)
----------------- Invoking toplevel() on ptolemy.moml.MoMLSimpleApplication@5dbd8afd
----------------- Done invoking toplevel() on ptolemy.moml.MoMLSimpleApplication@5dbd8afd
reloadAllAccessors: .NilTokenTypeTest

===========================================================================================
----------------- testing Tue Mar 10 07:20:27 UTC 2020 /home/travis/build/icyphy/ptII/ptolemy/actor/lib/test/auto/ObjectToken1.xml
----------------- Instantiating /home/travis/build/icyphy/ptII/ptolemy/actor/lib/test/auto/ObjectToken1.xml
2 ms. Memory: 534528K Free: 345161K (65%)
----------------- Invoking toplevel() on ptolemy.moml.MoMLSimpleApplication@3944d94d
----------------- Done invoking toplevel() on ptolemy.moml.MoMLSimpleApplication@3944d94d
reloadAllAccessors: .ObjectToken1

===========================================================================================
----------------- testing Tue Mar 10 07:20:27 UTC 2020 /home/travis/build/icyphy/ptII/ptolemy/actor/lib/test/auto/OrderedMerge.xml
----------------- Instantiating /home/travis/build/icyphy/ptII/ptolemy/actor/lib/test/auto/OrderedMerge.xml
12 ms. Memory: 534528K Free: 339527K (64%)
----------------- Invoking toplevel() on ptolemy.moml.MoMLSimpleApplication@3bfc2f24
----------------- Done invoking toplevel() on ptolemy.moml.MoMLSimpleApplication@3bfc2f24
reloadAllAccessors: .OrderedMerge

===========================================================================================
----------------- testing Tue Mar 10 07:20:27 UTC 2020 /home/travis/build/icyphy/ptII/ptolemy/actor/lib/test/auto/OrderedRecordDisassembler.xml
----------------- Instantiating /home/travis/build/icyphy/ptII/ptolemy/actor/lib/test/auto/OrderedRecordDisassembler.xml
2 ms. Memory: 534528K Free: 334377K (63%)
----------------- Invoking toplevel() on ptolemy.moml.MoMLSimpleApplication@1da96df3
----------------- Done invoking toplevel() on ptolemy.moml.MoMLSimpleApplication@1da96df3
reloadAllAccessors: .OrderedRecordDisassembler

===========================================================================================
----------------- testing Tue Mar 10 07:20:27 UTC 2020 /home/travis/build/icyphy/ptII/ptolemy/actor/lib/test/auto/OrderedRecordDisassembler2.xml
----------------- Instantiating /home/travis/build/icyphy/ptII/ptolemy/actor/lib/test/auto/OrderedRecordDisassembler2.xml
4 ms. Memory: 534528K Free: 326729K (61%)
----------------- Invoking toplevel() on ptolemy.moml.MoMLSimpleApplication@12770d45
----------------- Done invoking toplevel() on ptolemy.moml.MoMLSimpleApplication@12770d45
reloadAllAccessors: .OrderedRecordDisassembler2

===========================================================================================
----------------- testing Tue Mar 10 07:20:27 UTC 2020 /home/travis/build/icyphy/ptII/ptolemy/actor/lib/test/auto/OrderedRecordUpdater.xml
----------------- Instantiating /home/travis/build/icyphy/ptII/ptolemy/actor/lib/test/auto/OrderedRecordUpdater.xml
1 ms. Memory: 534528K Free: 322119K (60%)
----------------- Invoking toplevel() on ptolemy.moml.MoMLSimpleApplication@777eb506
----------------- Done invoking toplevel() on ptolemy.moml.MoMLSimpleApplication@777eb506
reloadAllAccessors: .RecordUpdater

===========================================================================================
----------------- testing Tue Mar 10 07:20:27 UTC 2020 /home/travis/build/icyphy/ptII/ptolemy/actor/lib/test/auto/OrderedRecordUpdater2.xml
----------------- Instantiating /home/travis/build/icyphy/ptII/ptolemy/actor/lib/test/auto/OrderedRecordUpdater2.xml
2 ms. Memory: 534528K Free: 316999K (59%)
----------------- Invoking toplevel() on ptolemy.moml.MoMLSimpleApplication@7983edfd
----------------- Done invoking toplevel() on ptolemy.moml.MoMLSimpleApplication@7983edfd
reloadAllAccessors: .RecordUpdater2

===========================================================================================
----------------- testing Tue Mar 10 07:20:27 UTC 2020 /home/travis/build/icyphy/ptII/ptolemy/actor/lib/test/auto/PhaseUnwrap.xml
----------------- Instantiating /home/travis/build/icyphy/ptII/ptolemy/actor/lib/test/auto/PhaseUnwrap.xml
2 ms. Memory: 534528K Free: 312393K (58%)
----------------- Invoking toplevel() on ptolemy.moml.MoMLSimpleApplication@64251048
----------------- Done invoking toplevel() on ptolemy.moml.MoMLSimpleApplication@64251048
reloadAllAccessors: .PhaseUnwrap

===========================================================================================
----------------- testing Tue Mar 10 07:20:27 UTC 2020 /home/travis/build/icyphy/ptII/ptolemy/actor/lib/test/auto/PoissonClock.xml
----------------- Instantiating /home/travis/build/icyphy/ptII/ptolemy/actor/lib/test/auto/PoissonClock.xml
1 ms. Memory: 534528K Free: 308297K (58%)
----------------- Invoking toplevel() on ptolemy.moml.MoMLSimpleApplication@55c4a78c
----------------- Done invoking toplevel() on ptolemy.moml.MoMLSimpleApplication@55c4a78c
reloadAllAccessors: .PoissonClock

===========================================================================================
----------------- testing Tue Mar 10 07:20:27 UTC 2020 /home/travis/build/icyphy/ptII/ptolemy/actor/lib/test/auto/PoissonClock2.xml
----------------- Instantiating /home/travis/build/icyphy/ptII/ptolemy/actor/lib/test/auto/PoissonClock2.xml
2 ms. Memory: 534528K Free: 303687K (57%)
----------------- Invoking toplevel() on ptolemy.moml.MoMLSimpleApplication@79ff1426
----------------- Done invoking toplevel() on ptolemy.moml.MoMLSimpleApplication@79ff1426
reloadAllAccessors: .PoissonClock2

===========================================================================================
----------------- testing Tue Mar 10 07:20:27 UTC 2020 /home/travis/build/icyphy/ptII/ptolemy/actor/lib/test/auto/PoissonClock3.xml
----------------- Instantiating /home/travis/build/icyphy/ptII/ptolemy/actor/lib/test/auto/PoissonClock3.xml
1 ms. Memory: 534528K Free: 299081K (56%)
----------------- Invoking toplevel() on ptolemy.moml.MoMLSimpleApplication@34a51d1c
----------------- Done invoking toplevel() on ptolemy.moml.MoMLSimpleApplication@34a51d1c
reloadAllAccessors: .PoissonClock3

===========================================================================================
----------------- testing Tue Mar 10 07:20:27 UTC 2020 /home/travis/build/icyphy/ptII/ptolemy/actor/lib/test/auto/PubSubWithInitialTokens.xml
----------------- Instantiating /home/travis/build/icyphy/ptII/ptolemy/actor/lib/test/auto/PubSubWithInitialTokens.xml
4 ms. Memory: 534528K Free: 293441K (55%)
----------------- Invoking toplevel() on ptolemy.moml.MoMLSimpleApplication@4d20f1a2
----------------- Done invoking toplevel() on ptolemy.moml.MoMLSimpleApplication@4d20f1a2
reloadAllAccessors: .PubSubWithInitialTokens

===========================================================================================
----------------- testing Tue Mar 10 07:20:27 UTC 2020 /home/travis/build/icyphy/ptII/ptolemy/actor/lib/test/auto/PubSubWithInitialTokens2.xml
----------------- Instantiating /home/travis/build/icyphy/ptII/ptolemy/actor/lib/test/auto/PubSubWithInitialTokens2.xml
2 ms. Memory: 534528K Free: 287289K (54%)
----------------- Invoking toplevel() on ptolemy.moml.MoMLSimpleApplication@4e6e2c8e
----------------- Done invoking toplevel() on ptolemy.moml.MoMLSimpleApplication@4e6e2c8e
reloadAllAccessors: .PubSubWithInitialTokens2

===========================================================================================
----------------- testing Tue Mar 10 07:20:27 UTC 2020 /home/travis/build/icyphy/ptII/ptolemy/actor/lib/test/auto/PublisherClassNoParameter.xml
----------------- Instantiating /home/travis/build/icyphy/ptII/ptolemy/actor/lib/test/auto/PublisherClassNoParameter.xml
2 ms. Memory: 534528K Free: 277577K (52%)
----------------- Invoking toplevel() on ptolemy.moml.MoMLSimpleApplication@46d2bc7d
----------------- Done invoking toplevel() on ptolemy.moml.MoMLSimpleApplication@46d2bc7d
reloadAllAccessors: .PublisherClassNoParameter

===========================================================================================
----------------- testing Tue Mar 10 07:20:27 UTC 2020 /home/travis/build/icyphy/ptII/ptolemy/actor/lib/test/auto/PublisherClassParameter.xml
----------------- Instantiating /home/travis/build/icyphy/ptII/ptolemy/actor/lib/test/auto/PublisherClassParameter.xml
2 ms. Memory: 534528K Free: 267337K (50%)
----------------- Invoking toplevel() on ptolemy.moml.MoMLSimpleApplication@9470586
----------------- Done invoking toplevel() on ptolemy.moml.MoMLSimpleApplication@9470586
reloadAllAccessors: .PublisherClassParameter

===========================================================================================
----------------- testing Tue Mar 10 07:20:27 UTC 2020 /home/travis/build/icyphy/ptII/ptolemy/actor/lib/test/auto/PublisherNonStrictTest.xml
----------------- Instantiating /home/travis/build/icyphy/ptII/ptolemy/actor/lib/test/auto/PublisherNonStrictTest.xml
2 ms. Memory: 534528K Free: 259649K (49%)
----------------- Invoking toplevel() on ptolemy.moml.MoMLSimpleApplication@222b0f11
----------------- Done invoking toplevel() on ptolemy.moml.MoMLSimpleApplication@222b0f11
reloadAllAccessors: .PublisherNonStrictTest

===========================================================================================
----------------- testing Tue Mar 10 07:20:27 UTC 2020 /home/travis/build/icyphy/ptII/ptolemy/actor/lib/test/auto/PublisherPort1.xml
----------------- Instantiating /home/travis/build/icyphy/ptII/ptolemy/actor/lib/test/auto/PublisherPort1.xml
14 ms. Memory: 534528K Free: 254025K (48%)
----------------- Invoking toplevel() on ptolemy.moml.MoMLSimpleApplication@6ab35ea
----------------- Done invoking toplevel() on ptolemy.moml.MoMLSimpleApplication@6ab35ea
reloadAllAccessors: .PublisherPort1

===========================================================================================
----------------- testing Tue Mar 10 07:20:27 UTC 2020 /home/travis/build/icyphy/ptII/ptolemy/actor/lib/test/auto/PublisherPort2.xml
----------------- Instantiating /home/travis/build/icyphy/ptII/ptolemy/actor/lib/test/auto/PublisherPort2.xml
2 ms. Memory: 534528K Free: 248905K (47%)
----------------- Invoking toplevel() on ptolemy.moml.MoMLSimpleApplication@54dfeba5
----------------- Done invoking toplevel() on ptolemy.moml.MoMLSimpleApplication@54dfeba5
reloadAllAccessors: .PublisherPort2

===========================================================================================
----------------- testing Tue Mar 10 07:20:27 UTC 2020 /home/travis/build/icyphy/ptII/ptolemy/actor/lib/test/auto/PublisherPort3.xml
----------------- Instantiating /home/travis/build/icyphy/ptII/ptolemy/actor/lib/test/auto/PublisherPort3.xml
3 ms. Memory: 534528K Free: 242217K (45%)
----------------- Invoking toplevel() on ptolemy.moml.MoMLSimpleApplication@615dca00
----------------- Done invoking toplevel() on ptolemy.moml.MoMLSimpleApplication@615dca00
reloadAllAccessors: .PublisherPort3

===========================================================================================
----------------- testing Tue Mar 10 07:20:27 UTC 2020 /home/travis/build/icyphy/ptII/ptolemy/actor/lib/test/auto/PublisherPort4.xml
----------------- Instantiating /home/travis/build/icyphy/ptII/ptolemy/actor/lib/test/auto/PublisherPort4.xml
2 ms. Memory: 534528K Free: 236617K (44%)
----------------- Invoking toplevel() on ptolemy.moml.MoMLSimpleApplication@1ad5a628
----------------- Done invoking toplevel() on ptolemy.moml.MoMLSimpleApplication@1ad5a628
reloadAllAccessors: .PublisherPort4

===========================================================================================
----------------- testing Tue Mar 10 07:20:27 UTC 2020 /home/travis/build/icyphy/ptII/ptolemy/actor/lib/test/auto/PublisherPort5.xml
----------------- Instantiating /home/travis/build/icyphy/ptII/ptolemy/actor/lib/test/auto/PublisherPort5.xml
4 ms. Memory: 534528K Free: 228935K (43%)
----------------- Invoking toplevel() on ptolemy.moml.MoMLSimpleApplication@129970ae
----------------- Done invoking toplevel() on ptolemy.moml.MoMLSimpleApplication@129970ae
reloadAllAccessors: .PublisherPort5

===========================================================================================
----------------- testing Tue Mar 10 07:20:27 UTC 2020 /home/travis/build/icyphy/ptII/ptolemy/actor/lib/test/auto/PublisherPort5LookAlike.xml
----------------- Instantiating /home/travis/build/icyphy/ptII/ptolemy/actor/lib/test/auto/PublisherPort5LookAlike.xml
8 ms. Memory: 534528K Free: 221257K (41%)
----------------- Invoking toplevel() on ptolemy.moml.MoMLSimpleApplication@16a83d6f
----------------- Done invoking toplevel() on ptolemy.moml.MoMLSimpleApplication@16a83d6f
reloadAllAccessors: .PublisherPort5LookAlike

===========================================================================================
----------------- testing Tue Mar 10 07:20:27 UTC 2020 /home/travis/build/icyphy/ptII/ptolemy/actor/lib/test/auto/PublisherPort6.xml
----------------- Instantiating /home/travis/build/icyphy/ptII/ptolemy/actor/lib/test/auto/PublisherPort6.xml
2 ms. Memory: 534528K Free: 214599K (40%)
----------------- Invoking toplevel() on ptolemy.moml.MoMLSimpleApplication@6dd7a48b
----------------- Done invoking toplevel() on ptolemy.moml.MoMLSimpleApplication@6dd7a48b
reloadAllAccessors: .PublisherPort6

===========================================================================================
----------------- testing Tue Mar 10 07:20:27 UTC 2020 /home/travis/build/icyphy/ptII/ptolemy/actor/lib/test/auto/PublisherPort7.xml
----------------- Instantiating /home/travis/build/icyphy/ptII/ptolemy/actor/lib/test/auto/PublisherPort7.xml
3 ms. Memory: 534528K Free: 206921K (39%)
----------------- Invoking toplevel() on ptolemy.moml.MoMLSimpleApplication@1ddb3e7
----------------- Done invoking toplevel() on ptolemy.moml.MoMLSimpleApplication@1ddb3e7
reloadAllAccessors: .PublisherPort7

===========================================================================================
----------------- testing Tue Mar 10 07:20:27 UTC 2020 /home/travis/build/icyphy/ptII/ptolemy/actor/lib/test/auto/PublisherPort8.xml
----------------- Instantiating /home/travis/build/icyphy/ptII/ptolemy/actor/lib/test/auto/PublisherPort8.xml
4 ms. Memory: 534528K Free: 198215K (37%)
----------------- Invoking toplevel() on ptolemy.moml.MoMLSimpleApplication@2c7ae9f5
----------------- Done invoking toplevel() on ptolemy.moml.MoMLSimpleApplication@2c7ae9f5
reloadAllAccessors: .PublisherPort8

===========================================================================================
----------------- testing Tue Mar 10 07:20:27 UTC 2020 /home/travis/build/icyphy/ptII/ptolemy/actor/lib/test/auto/PublisherPortSubscriberChannelVariablesAOC2.xml
----------------- Instantiating /home/travis/build/icyphy/ptII/ptolemy/actor/lib/test/auto/PublisherPortSubscriberChannelVariablesAOC2.xml
2 ms. Memory: 534528K Free: 180297K (34%)
----------------- Invoking toplevel() on ptolemy.moml.MoMLSimpleApplication@1158ea70
----------------- Done invoking toplevel() on ptolemy.moml.MoMLSimpleApplication@1158ea70
reloadAllAccessors: .PublisherPortSubscriberChannelVariablesAOC2

===========================================================================================
----------------- testing Tue Mar 10 07:20:27 UTC 2020 /home/travis/build/icyphy/ptII/ptolemy/actor/lib/test/auto/PublisherPortSubscriberOpaqueWidthInference.xml
----------------- Instantiating /home/travis/build/icyphy/ptII/ptolemy/actor/lib/test/auto/PublisherPortSubscriberOpaqueWidthInference.xml
3 ms. Memory: 534528K Free: 479815K (90%)
----------------- Invoking toplevel() on ptolemy.moml.MoMLSimpleApplication@6011f9e6
----------------- Done invoking toplevel() on ptolemy.moml.MoMLSimpleApplication@6011f9e6
reloadAllAccessors: .PublisherPortSubscriberOpaqueWidthInference

===========================================================================================
----------------- testing Tue Mar 10 07:20:27 UTC 2020 /home/travis/build/icyphy/ptII/ptolemy/actor/lib/test/auto/PublisherPortSubscriberPortAdjacent.xml
----------------- Instantiating /home/travis/build/icyphy/ptII/ptolemy/actor/lib/test/auto/PublisherPortSubscriberPortAdjacent.xml
2 ms. Memory: 534528K Free: 471113K (88%)
----------------- Invoking toplevel() on ptolemy.moml.MoMLSimpleApplication@3728aad8
----------------- Done invoking toplevel() on ptolemy.moml.MoMLSimpleApplication@3728aad8
reloadAllAccessors: .PublisherPortSubscriberPortAdjacent

===========================================================================================
----------------- testing Tue Mar 10 07:20:27 UTC 2020 /home/travis/build/icyphy/ptII/ptolemy/actor/lib/test/auto/PublisherPortSubscriberPortExpression.xml
----------------- Instantiating /home/travis/build/icyphy/ptII/ptolemy/actor/lib/test/auto/PublisherPortSubscriberPortExpression.xml
4 ms. Memory: 534528K Free: 463425K (87%)
----------------- Invoking toplevel() on ptolemy.moml.MoMLSimpleApplication@b874e4e
----------------- Done invoking toplevel() on ptolemy.moml.MoMLSimpleApplication@b874e4e
reloadAllAccessors: .PublisherPortSubscriberPortExpression

===========================================================================================
----------------- testing Tue Mar 10 07:20:27 UTC 2020 /home/travis/build/icyphy/ptII/ptolemy/actor/lib/test/auto/PublisherPortSubscriberPortOpaqueD3Reverse.xml
----------------- Instantiating /home/travis/build/icyphy/ptII/ptolemy/actor/lib/test/auto/PublisherPortSubscriberPortOpaqueD3Reverse.xml
6 ms. Memory: 534528K Free: 453191K (85%)
----------------- Invoking toplevel() on ptolemy.moml.MoMLSimpleApplication@51a5fd5a
----------------- Done invoking toplevel() on ptolemy.moml.MoMLSimpleApplication@51a5fd5a
reloadAllAccessors: .PublisherPortSubscriberPortOpaqueD3Reverse

===========================================================================================
----------------- testing Tue Mar 10 07:20:27 UTC 2020 /home/travis/build/icyphy/ptII/ptolemy/actor/lib/test/auto/PublisherPortSubscriberPortOpaqueWidthInference.xml
----------------- Instantiating /home/travis/build/icyphy/ptII/ptolemy/actor/lib/test/auto/PublisherPortSubscriberPortOpaqueWidthInference.xml
3 ms. Memory: 534528K Free: 445513K (83%)
----------------- Invoking toplevel() on ptolemy.moml.MoMLSimpleApplication@b320e89
----------------- Done invoking toplevel() on ptolemy.moml.MoMLSimpleApplication@b320e89
reloadAllAccessors: .PublisherPortSubscriberPortOpaqueWidthInference

===========================================================================================
----------------- testing Tue Mar 10 07:20:27 UTC 2020 /home/travis/build/icyphy/ptII/ptolemy/actor/lib/test/auto/PublisherPortToplevelSubscriberPortAOC.xml
----------------- Instantiating /home/travis/build/icyphy/ptII/ptolemy/actor/lib/test/auto/PublisherPortToplevelSubscriberPortAOC.xml
.PublisherPortToplevelSubscriberPortAOC.TestExceptionAttribute: initialize() was not invoked, but wrapup() was.  This is unusual, but not always a problem.  For example, exporting JNLP will do this.
1 ms. Memory: 534528K Free: 439879K (82%)
----------------- Invoking toplevel() on ptolemy.moml.MoMLSimpleApplication@35781b0f
----------------- Done invoking toplevel() on ptolemy.moml.MoMLSimpleApplication@35781b0f
reloadAllAccessors: .PublisherPortToplevelSubscriberPortAOC

===========================================================================================
----------------- testing Tue Mar 10 07:20:27 UTC 2020 /home/travis/build/icyphy/ptII/ptolemy/actor/lib/test/auto/PublisherSubscriber.xml
----------------- Instantiating /home/travis/build/icyphy/ptII/ptolemy/actor/lib/test/auto/PublisherSubscriber.xml
2 ms. Memory: 534528K Free: 432201K (81%)
----------------- Invoking toplevel() on ptolemy.moml.MoMLSimpleApplication@5a35704a
----------------- Done invoking toplevel() on ptolemy.moml.MoMLSimpleApplication@5a35704a
reloadAllAccessors: .PublisherSubscriber

===========================================================================================
----------------- testing Tue Mar 10 07:20:27 UTC 2020 /home/travis/build/icyphy/ptII/ptolemy/actor/lib/test/auto/PublisherSubscriber10.xml
----------------- Instantiating /home/travis/build/icyphy/ptII/ptolemy/actor/lib/test/auto/PublisherSubscriber10.xml
6 ms. Memory: 534528K Free: 422471K (79%)
----------------- Invoking toplevel() on ptolemy.moml.MoMLSimpleApplication@10889585
----------------- Done invoking toplevel() on ptolemy.moml.MoMLSimpleApplication@10889585
reloadAllAccessors: .PublisherSubscriber10

===========================================================================================
----------------- testing Tue Mar 10 07:20:27 UTC 2020 /home/travis/build/icyphy/ptII/ptolemy/actor/lib/test/auto/PublisherSubscriber10InitialOutputs.xml
----------------- Instantiating /home/travis/build/icyphy/ptII/ptolemy/actor/lib/test/auto/PublisherSubscriber10InitialOutputs.xml
14 ms. Memory: 534528K Free: 413255K (77%)
----------------- Invoking toplevel() on ptolemy.moml.MoMLSimpleApplication@35c854b3
----------------- Done invoking toplevel() on ptolemy.moml.MoMLSimpleApplication@35c854b3
reloadAllAccessors: .PublisherSubscriber10InitialOutputs

===========================================================================================
----------------- testing Tue Mar 10 07:20:27 UTC 2020 /home/travis/build/icyphy/ptII/ptolemy/actor/lib/test/auto/PublisherSubscriber11.xml
----------------- Instantiating /home/travis/build/icyphy/ptII/ptolemy/actor/lib/test/auto/PublisherSubscriber11.xml
4 ms. Memory: 534528K Free: 407081K (76%)
----------------- Invoking toplevel() on ptolemy.moml.MoMLSimpleApplication@6494e71b
----------------- Done invoking toplevel() on ptolemy.moml.MoMLSimpleApplication@6494e71b
reloadAllAccessors: .PublisherSubscriber11

===========================================================================================
----------------- testing Tue Mar 10 07:20:27 UTC 2020 /home/travis/build/icyphy/ptII/ptolemy/actor/lib/test/auto/PublisherSubscriber12.xml
----------------- Instantiating /home/travis/build/icyphy/ptII/ptolemy/actor/lib/test/auto/PublisherSubscriber12.xml
5 ms. Memory: 534528K Free: 400457K (75%)
----------------- Invoking toplevel() on ptolemy.moml.MoMLSimpleApplication@12934b05
----------------- Done invoking toplevel() on ptolemy.moml.MoMLSimpleApplication@12934b05
reloadAllAccessors: .PublisherSubscriber12

===========================================================================================
----------------- testing Tue Mar 10 07:20:27 UTC 2020 /home/travis/build/icyphy/ptII/ptolemy/actor/lib/test/auto/PublisherSubscriber13.xml
----------------- Instantiating /home/travis/build/icyphy/ptII/ptolemy/actor/lib/test/auto/PublisherSubscriber13.xml
2 ms. Memory: 534528K Free: 394793K (74%)
----------------- Invoking toplevel() on ptolemy.moml.MoMLSimpleApplication@15d934d0
----------------- Done invoking toplevel() on ptolemy.moml.MoMLSimpleApplication@15d934d0
reloadAllAccessors: .PublisherSubscriber13

===========================================================================================
----------------- testing Tue Mar 10 07:20:27 UTC 2020 /home/travis/build/icyphy/ptII/ptolemy/actor/lib/test/auto/PublisherSubscriber14.xml
----------------- Instantiating /home/travis/build/icyphy/ptII/ptolemy/actor/lib/test/auto/PublisherSubscriber14.xml
1 ms. Memory: 534528K Free: 386121K (72%)
----------------- Invoking toplevel() on ptolemy.moml.MoMLSimpleApplication@396162df
----------------- Done invoking toplevel() on ptolemy.moml.MoMLSimpleApplication@396162df
reloadAllAccessors: .PublisherSubscriber14

===========================================================================================
----------------- testing Tue Mar 10 07:20:27 UTC 2020 /home/travis/build/icyphy/ptII/ptolemy/actor/lib/test/auto/PublisherSubscriber2.xml
----------------- Instantiating /home/travis/build/icyphy/ptII/ptolemy/actor/lib/test/auto/PublisherSubscriber2.xml
3 ms. Memory: 534528K Free: 380487K (71%)
----------------- Invoking toplevel() on ptolemy.moml.MoMLSimpleApplication@663c8eab
----------------- Done invoking toplevel() on ptolemy.moml.MoMLSimpleApplication@663c8eab
reloadAllAccessors: .PublisherSubscriber2

===========================================================================================
----------------- testing Tue Mar 10 07:20:27 UTC 2020 /home/travis/build/icyphy/ptII/ptolemy/actor/lib/test/auto/PublisherSubscriber3.xml
----------------- Instantiating /home/travis/build/icyphy/ptII/ptolemy/actor/lib/test/auto/PublisherSubscriber3.xml
2 ms. Memory: 534528K Free: 374343K (70%)
----------------- Invoking toplevel() on ptolemy.moml.MoMLSimpleApplication@478cb5f4
----------------- Done invoking toplevel() on ptolemy.moml.MoMLSimpleApplication@478cb5f4
reloadAllAccessors: .PublisherSubscriber3

===========================================================================================
----------------- testing Tue Mar 10 07:20:27 UTC 2020 /home/travis/build/icyphy/ptII/ptolemy/actor/lib/test/auto/PublisherSubscriber4.xml
----------------- Instantiating /home/travis/build/icyphy/ptII/ptolemy/actor/lib/test/auto/PublisherSubscriber4.xml
2 ms. Memory: 534528K Free: 369193K (69%)
----------------- Invoking toplevel() on ptolemy.moml.MoMLSimpleApplication@2f789b47
----------------- Done invoking toplevel() on ptolemy.moml.MoMLSimpleApplication@2f789b47
reloadAllAccessors: .PublisherSubscriber4

===========================================================================================
----------------- testing Tue Mar 10 07:20:27 UTC 2020 /home/travis/build/icyphy/ptII/ptolemy/actor/lib/test/auto/PublisherSubscriber5.xml
----------------- Instantiating /home/travis/build/icyphy/ptII/ptolemy/actor/lib/test/auto/PublisherSubscriber5.xml
2 ms. Memory: 534528K Free: 362569K (68%)
----------------- Invoking toplevel() on ptolemy.moml.MoMLSimpleApplication@e3f06c3
----------------- Done invoking toplevel() on ptolemy.moml.MoMLSimpleApplication@e3f06c3
reloadAllAccessors: .PublisherSubscriber5

===========================================================================================
----------------- testing Tue Mar 10 07:20:27 UTC 2020 /home/travis/build/icyphy/ptII/ptolemy/actor/lib/test/auto/PublisherSubscriber6.xml
----------------- Instantiating /home/travis/build/icyphy/ptII/ptolemy/actor/lib/test/auto/PublisherSubscriber6.xml
4 ms. Memory: 534528K Free: 355911K (67%)
----------------- Invoking toplevel() on ptolemy.moml.MoMLSimpleApplication@53c65c42
----------------- Done invoking toplevel() on ptolemy.moml.MoMLSimpleApplication@53c65c42
reloadAllAccessors: .PublisherSubscriber6

===========================================================================================
----------------- testing Tue Mar 10 07:20:27 UTC 2020 /home/travis/build/icyphy/ptII/ptolemy/actor/lib/test/auto/PublisherSubscriber7.xml
----------------- Instantiating /home/travis/build/icyphy/ptII/ptolemy/actor/lib/test/auto/PublisherSubscriber7.xml
7 ms. Memory: 534528K Free: 349257K (65%)
----------------- Invoking toplevel() on ptolemy.moml.MoMLSimpleApplication@34b25899
----------------- Done invoking toplevel() on ptolemy.moml.MoMLSimpleApplication@34b25899
reloadAllAccessors: .PublisherSubscriber7

===========================================================================================
----------------- testing Tue Mar 10 07:20:27 UTC 2020 /home/travis/build/icyphy/ptII/ptolemy/actor/lib/test/auto/PublisherSubscriber8.xml
----------------- Instantiating /home/travis/build/icyphy/ptII/ptolemy/actor/lib/test/auto/PublisherSubscriber8.xml
14 ms. Memory: 534528K Free: 337479K (63%)
----------------- Invoking toplevel() on ptolemy.moml.MoMLSimpleApplication@244453d9
----------------- Done invoking toplevel() on ptolemy.moml.MoMLSimpleApplication@244453d9
reloadAllAccessors: .PublisherSubscriber8

===========================================================================================
----------------- testing Tue Mar 10 07:20:27 UTC 2020 /home/travis/build/icyphy/ptII/ptolemy/actor/lib/test/auto/PublisherSubscriber9.xml
----------------- Instantiating /home/travis/build/icyphy/ptII/ptolemy/actor/lib/test/auto/PublisherSubscriber9.xml
2 ms. Memory: 534528K Free: 330305K (62%)
----------------- Invoking toplevel() on ptolemy.moml.MoMLSimpleApplication@bacfa5a
----------------- Done invoking toplevel() on ptolemy.moml.MoMLSimpleApplication@bacfa5a
reloadAllAccessors: .PublisherSubscriber9

===========================================================================================
----------------- testing Tue Mar 10 07:20:27 UTC 2020 /home/travis/build/icyphy/ptII/ptolemy/actor/lib/test/auto/PublisherSubscriberAdjacent.xml
----------------- Instantiating /home/travis/build/icyphy/ptII/ptolemy/actor/lib/test/auto/PublisherSubscriberAdjacent.xml
2 ms. Memory: 534528K Free: 322119K (60%)
----------------- Invoking toplevel() on ptolemy.moml.MoMLSimpleApplication@79bc88fe
----------------- Done invoking toplevel() on ptolemy.moml.MoMLSimpleApplication@79bc88fe
reloadAllAccessors: .PublisherSubscriberAdjacent

===========================================================================================
----------------- testing Tue Mar 10 07:20:28 UTC 2020 /home/travis/build/icyphy/ptII/ptolemy/actor/lib/test/auto/PublisherSubscriberChannelVariablesAOC2.xml
----------------- Instantiating /home/travis/build/icyphy/ptII/ptolemy/actor/lib/test/auto/PublisherSubscriberChannelVariablesAOC2.xml
3 ms. Memory: 534528K Free: 307769K (58%)
----------------- Invoking toplevel() on ptolemy.moml.MoMLSimpleApplication@7ae1579a
----------------- Done invoking toplevel() on ptolemy.moml.MoMLSimpleApplication@7ae1579a
reloadAllAccessors: .PublisherSubscriberChannelVariablesAOC2

===========================================================================================
----------------- testing Tue Mar 10 07:20:28 UTC 2020 /home/travis/build/icyphy/ptII/ptolemy/actor/lib/test/auto/PublisherSubscriberD3.xml
----------------- Instantiating /home/travis/build/icyphy/ptII/ptolemy/actor/lib/test/auto/PublisherSubscriberD3.xml
1 ms. Memory: 534528K Free: 300105K (56%)
----------------- Invoking toplevel() on ptolemy.moml.MoMLSimpleApplication@59f4ae91
----------------- Done invoking toplevel() on ptolemy.moml.MoMLSimpleApplication@59f4ae91
reloadAllAccessors: .PublisherSubscriberD3

===========================================================================================
----------------- testing Tue Mar 10 07:20:28 UTC 2020 /home/travis/build/icyphy/ptII/ptolemy/actor/lib/test/auto/PublisherSubscriberD3Reverse.xml
----------------- Instantiating /home/travis/build/icyphy/ptII/ptolemy/actor/lib/test/auto/PublisherSubscriberD3Reverse.xml
1 ms. Memory: 534528K Free: 293961K (55%)
----------------- Invoking toplevel() on ptolemy.moml.MoMLSimpleApplication@79a71641
----------------- Done invoking toplevel() on ptolemy.moml.MoMLSimpleApplication@79a71641
reloadAllAccessors: .PublisherSubscriberD3Reverse

===========================================================================================
----------------- testing Tue Mar 10 07:20:28 UTC 2020 /home/travis/build/icyphy/ptII/ptolemy/actor/lib/test/auto/PublisherSubscriberExpression.xml
----------------- Instantiating /home/travis/build/icyphy/ptII/ptolemy/actor/lib/test/auto/PublisherSubscriberExpression.xml
3 ms. Memory: 534528K Free: 285769K (53%)
----------------- Invoking toplevel() on ptolemy.moml.MoMLSimpleApplication@259a50dc
----------------- Done invoking toplevel() on ptolemy.moml.MoMLSimpleApplication@259a50dc
reloadAllAccessors: .PublisherSubscriberExpression

===========================================================================================
----------------- testing Tue Mar 10 07:20:28 UTC 2020 /home/travis/build/icyphy/ptII/ptolemy/actor/lib/test/auto/PublisherSubscriberOpaque.xml
----------------- Instantiating /home/travis/build/icyphy/ptII/ptolemy/actor/lib/test/auto/PublisherSubscriberOpaque.xml
4 ms. Memory: 534528K Free: 277577K (52%)
----------------- Invoking toplevel() on ptolemy.moml.MoMLSimpleApplication@544acf8b
----------------- Done invoking toplevel() on ptolemy.moml.MoMLSimpleApplication@544acf8b
reloadAllAccessors: .PublisherSubscriberOpaque

===========================================================================================
----------------- testing Tue Mar 10 07:20:28 UTC 2020 /home/travis/build/icyphy/ptII/ptolemy/actor/lib/test/auto/PublisherSubscriberOpaqueD3.xml
----------------- Instantiating /home/travis/build/icyphy/ptII/ptolemy/actor/lib/test/auto/PublisherSubscriberOpaqueD3.xml
5 ms. Memory: 534528K Free: 266313K (50%)
----------------- Invoking toplevel() on ptolemy.moml.MoMLSimpleApplication@6c3d7fad
----------------- Done invoking toplevel() on ptolemy.moml.MoMLSimpleApplication@6c3d7fad
reloadAllAccessors: .PublisherSubscriberOpaqueD3

===========================================================================================
----------------- testing Tue Mar 10 07:20:28 UTC 2020 /home/travis/build/icyphy/ptII/ptolemy/actor/lib/test/auto/PublisherSubscriberOpaqueD3Reverse.xml
----------------- Instantiating /home/travis/build/icyphy/ptII/ptolemy/actor/lib/test/auto/PublisherSubscriberOpaqueD3Reverse.xml
8 ms. Memory: 534528K Free: 255559K (48%)
----------------- Invoking toplevel() on ptolemy.moml.MoMLSimpleApplication@3a632568
----------------- Done invoking toplevel() on ptolemy.moml.MoMLSimpleApplication@3a632568
reloadAllAccessors: .PublisherSubscriberOpaqueD3Reverse

===========================================================================================
----------------- testing Tue Mar 10 07:20:28 UTC 2020 /home/travis/build/icyphy/ptII/ptolemy/actor/lib/test/auto/PublisherSubscriberOpaqueWidthInference.xml
----------------- Instantiating /home/travis/build/icyphy/ptII/ptolemy/actor/lib/test/auto/PublisherSubscriberOpaqueWidthInference.xml
3 ms. Memory: 534528K Free: 247353K (46%)
----------------- Invoking toplevel() on ptolemy.moml.MoMLSimpleApplication@67d10a6e
----------------- Done invoking toplevel() on ptolemy.moml.MoMLSimpleApplication@67d10a6e
reloadAllAccessors: .PublisherSubscriberOpaqueWidthInference

===========================================================================================
----------------- testing Tue Mar 10 07:20:28 UTC 2020 /home/travis/build/icyphy/ptII/ptolemy/actor/lib/test/auto/PublisherTestSubscriber.xml
----------------- Instantiating /home/travis/build/icyphy/ptII/ptolemy/actor/lib/test/auto/PublisherTestSubscriber.xml
2 ms. Memory: 534528K Free: 239689K (45%)
----------------- Invoking toplevel() on ptolemy.moml.MoMLSimpleApplication@2eff447e
----------------- Done invoking toplevel() on ptolemy.moml.MoMLSimpleApplication@2eff447e
reloadAllAccessors: .PublisherTestSubscriber

===========================================================================================
----------------- testing Tue Mar 10 07:20:28 UTC 2020 /home/travis/build/icyphy/ptII/ptolemy/actor/lib/test/auto/PublisherToplevelSubscriberPortAOC.xml
----------------- Instantiating /home/travis/build/icyphy/ptII/ptolemy/actor/lib/test/auto/PublisherToplevelSubscriberPortAOC.xml
2 ms. Memory: 534528K Free: 233017K (44%)
----------------- Invoking toplevel() on ptolemy.moml.MoMLSimpleApplication@761f6a90
----------------- Done invoking toplevel() on ptolemy.moml.MoMLSimpleApplication@761f6a90
reloadAllAccessors: .PublisherToplevelSubscriberPortAOC

===========================================================================================
----------------- testing Tue Mar 10 07:20:28 UTC 2020 /home/travis/build/icyphy/ptII/ptolemy/actor/lib/test/auto/PulseFiringLimitDE.xml
----------------- Instantiating /home/travis/build/icyphy/ptII/ptolemy/actor/lib/test/auto/PulseFiringLimitDE.xml
1 ms. Memory: 534528K Free: 226887K (42%)
----------------- Invoking toplevel() on ptolemy.moml.MoMLSimpleApplication@f5267be
----------------- Done invoking toplevel() on ptolemy.moml.MoMLSimpleApplication@f5267be
reloadAllAccessors: .PulseFiringLimitDE

===========================================================================================
----------------- testing Tue Mar 10 07:20:28 UTC 2020 /home/travis/build/icyphy/ptII/ptolemy/actor/lib/test/auto/Ramp1.xml
----------------- Instantiating /home/travis/build/icyphy/ptII/ptolemy/actor/lib/test/auto/Ramp1.xml
1 ms. Memory: 534528K Free: 222777K (42%)
----------------- Invoking toplevel() on ptolemy.moml.MoMLSimpleApplication@319f4c57
----------------- Done invoking toplevel() on ptolemy.moml.MoMLSimpleApplication@319f4c57
reloadAllAccessors: .Ramp1

===========================================================================================
----------------- testing Tue Mar 10 07:20:28 UTC 2020 /home/travis/build/icyphy/ptII/ptolemy/actor/lib/test/auto/RampFiringLimitDE.xml
----------------- Instantiating /home/travis/build/icyphy/ptII/ptolemy/actor/lib/test/auto/RampFiringLimitDE.xml
2 ms. Memory: 534528K Free: 216633K (41%)
----------------- Invoking toplevel() on ptolemy.moml.MoMLSimpleApplication@60a40d71
----------------- Done invoking toplevel() on ptolemy.moml.MoMLSimpleApplication@60a40d71
reloadAllAccessors: .RampFiringLimitDE

===========================================================================================
----------------- testing Tue Mar 10 07:20:28 UTC 2020 /home/travis/build/icyphy/ptII/ptolemy/actor/lib/test/auto/RampFiringLimitSDF.xml
----------------- Instantiating /home/travis/build/icyphy/ptII/ptolemy/actor/lib/test/auto/RampFiringLimitSDF.xml
2 ms. Memory: 534528K Free: 211497K (40%)
----------------- Invoking toplevel() on ptolemy.moml.MoMLSimpleApplication@3790b66f
----------------- Done invoking toplevel() on ptolemy.moml.MoMLSimpleApplication@3790b66f
reloadAllAccessors: .RampFiringLimitSDF

===========================================================================================
----------------- testing Tue Mar 10 07:20:28 UTC 2020 /home/travis/build/icyphy/ptII/ptolemy/actor/lib/test/auto/RandomInteger.xml
----------------- Instantiating /home/travis/build/icyphy/ptII/ptolemy/actor/lib/test/auto/RandomInteger.xml
1 ms. Memory: 534528K Free: 207431K (39%)
----------------- Invoking toplevel() on ptolemy.moml.MoMLSimpleApplication@7ce2bc79
----------------- Done invoking toplevel() on ptolemy.moml.MoMLSimpleApplication@7ce2bc79
reloadAllAccessors: .RandomInteger

===========================================================================================
----------------- testing Tue Mar 10 07:20:28 UTC 2020 /home/travis/build/icyphy/ptII/ptolemy/actor/lib/test/auto/ReadFile1.xml
----------------- Instantiating /home/travis/build/icyphy/ptII/ptolemy/actor/lib/test/auto/ReadFile1.xml
2 ms. Memory: 534528K Free: 202311K (38%)
----------------- Invoking toplevel() on ptolemy.moml.MoMLSimpleApplication@34784cee
----------------- Done invoking toplevel() on ptolemy.moml.MoMLSimpleApplication@34784cee
reloadAllAccessors: .ReadFile1

===========================================================================================
----------------- testing Tue Mar 10 07:20:28 UTC 2020 /home/travis/build/icyphy/ptII/ptolemy/actor/lib/test/auto/ReadFile2.xml
----------------- Instantiating /home/travis/build/icyphy/ptII/ptolemy/actor/lib/test/auto/ReadFile2.xml
2 ms. Memory: 534528K Free: 198215K (37%)
----------------- Invoking toplevel() on ptolemy.moml.MoMLSimpleApplication@7fd06370
----------------- Done invoking toplevel() on ptolemy.moml.MoMLSimpleApplication@7fd06370
reloadAllAccessors: .ReadFile2

===========================================================================================
----------------- testing Tue Mar 10 07:20:28 UTC 2020 /home/travis/build/icyphy/ptII/ptolemy/actor/lib/test/auto/Reader.xml
----------------- Instantiating /home/travis/build/icyphy/ptII/ptolemy/actor/lib/test/auto/Reader.xml
actor.lib.Reader is obsolete, use actor.lib.io.ExpressionReader instead
4 ms. Memory: 534528K Free: 194119K (36%)
----------------- Invoking toplevel() on ptolemy.moml.MoMLSimpleApplication@61c3740a
----------------- Done invoking toplevel() on ptolemy.moml.MoMLSimpleApplication@61c3740a
reloadAllAccessors: .Reader

===========================================================================================
----------------- testing Tue Mar 10 07:20:28 UTC 2020 /home/travis/build/icyphy/ptII/ptolemy/actor/lib/test/auto/RecordAssemblerDisplayNameTest.xml
----------------- Instantiating /home/travis/build/icyphy/ptII/ptolemy/actor/lib/test/auto/RecordAssemblerDisplayNameTest.xml
3337 ms. Memory: 534528K Free: 213065K (40%)
----------------- Invoking toplevel() on ptolemy.moml.MoMLSimpleApplication@ae7035d
----------------- Done invoking toplevel() on ptolemy.moml.MoMLSimpleApplication@ae7035d
reloadAllAccessors: .RecordAssemblerDisplayNameTest

===========================================================================================
----------------- testing Tue Mar 10 07:20:31 UTC 2020 /home/travis/build/icyphy/ptII/ptolemy/actor/lib/test/auto/RecordAssemblerTypeError.xml
----------------- Instantiating /home/travis/build/icyphy/ptII/ptolemy/actor/lib/test/auto/RecordAssemblerTypeError.xml
20 ms. Memory: 534528K Free: 203335K (38%)
----------------- Invoking toplevel() on ptolemy.moml.MoMLSimpleApplication@66a0851d
----------------- Done invoking toplevel() on ptolemy.moml.MoMLSimpleApplication@66a0851d
reloadAllAccessors: .RecordAssemblerTypeError

===========================================================================================
----------------- testing Tue Mar 10 07:20:31 UTC 2020 /home/travis/build/icyphy/ptII/ptolemy/actor/lib/test/auto/RecordDisassember.xml
----------------- Instantiating /home/travis/build/icyphy/ptII/ptolemy/actor/lib/test/auto/RecordDisassember.xml
4 ms. Memory: 534528K Free: 198729K (37%)
----------------- Invoking toplevel() on ptolemy.moml.MoMLSimpleApplication@19937cc4
----------------- Done invoking toplevel() on ptolemy.moml.MoMLSimpleApplication@19937cc4
reloadAllAccessors: .RecordDisassember

===========================================================================================
----------------- testing Tue Mar 10 07:20:31 UTC 2020 /home/travis/build/icyphy/ptII/ptolemy/actor/lib/test/auto/RecordDisassemberDisplayNameTest.xml
----------------- Instantiating /home/travis/build/icyphy/ptII/ptolemy/actor/lib/test/auto/RecordDisassemberDisplayNameTest.xml
5 ms. Memory: 534528K Free: 190023K (36%)
----------------- Invoking toplevel() on ptolemy.moml.MoMLSimpleApplication@61364e12
----------------- Done invoking toplevel() on ptolemy.moml.MoMLSimpleApplication@61364e12
reloadAllAccessors: .RecordDisassemberDisplayNameTest

===========================================================================================
----------------- testing Tue Mar 10 07:20:31 UTC 2020 /home/travis/build/icyphy/ptII/ptolemy/actor/lib/test/auto/RecordDisassembler.xml
----------------- Instantiating /home/travis/build/icyphy/ptII/ptolemy/actor/lib/test/auto/RecordDisassembler.xml
2 ms. Memory: 534528K Free: 184889K (35%)
----------------- Invoking toplevel() on ptolemy.moml.MoMLSimpleApplication@2ecc67da
----------------- Done invoking toplevel() on ptolemy.moml.MoMLSimpleApplication@2ecc67da
reloadAllAccessors: .RecordDisassembler

===========================================================================================
----------------- testing Tue Mar 10 07:20:31 UTC 2020 /home/travis/build/icyphy/ptII/ptolemy/actor/lib/test/auto/RecordDisassembler2.xml
----------------- Instantiating /home/travis/build/icyphy/ptII/ptolemy/actor/lib/test/auto/RecordDisassembler2.xml
4 ms. Memory: 534528K Free: 179769K (34%)
----------------- Invoking toplevel() on ptolemy.moml.MoMLSimpleApplication@466a7e62
----------------- Done invoking toplevel() on ptolemy.moml.MoMLSimpleApplication@466a7e62
reloadAllAccessors: .RecordDisassembler2

===========================================================================================
----------------- testing Tue Mar 10 07:20:31 UTC 2020 /home/travis/build/icyphy/ptII/ptolemy/actor/lib/test/auto/RecordUpdater.xml
----------------- Instantiating /home/travis/build/icyphy/ptII/ptolemy/actor/lib/test/auto/RecordUpdater.xml
2 ms. Memory: 534528K Free: 483099K (90%)
----------------- Invoking toplevel() on ptolemy.moml.MoMLSimpleApplication@391e7fd7
----------------- Done invoking toplevel() on ptolemy.moml.MoMLSimpleApplication@391e7fd7
reloadAllAccessors: .RecordUpdater

===========================================================================================
----------------- testing Tue Mar 10 07:20:31 UTC 2020 /home/travis/build/icyphy/ptII/ptolemy/actor/lib/test/auto/RecordUpdater2.xml
----------------- Instantiating /home/travis/build/icyphy/ptII/ptolemy/actor/lib/test/auto/RecordUpdater2.xml
3 ms. Memory: 534528K Free: 477255K (89%)
----------------- Invoking toplevel() on ptolemy.moml.MoMLSimpleApplication@15e249e4
----------------- Done invoking toplevel() on ptolemy.moml.MoMLSimpleApplication@15e249e4
reloadAllAccessors: .RecordUpdater2

===========================================================================================
----------------- testing Tue Mar 10 07:20:31 UTC 2020 /home/travis/build/icyphy/ptII/ptolemy/actor/lib/test/auto/RecursiveLattice.xml
----------------- Instantiating /home/travis/build/icyphy/ptII/ptolemy/actor/lib/test/auto/RecursiveLattice.xml
1 ms. Memory: 534528K Free: 473159K (89%)
----------------- Invoking toplevel() on ptolemy.moml.MoMLSimpleApplication@3c983ed4
----------------- Done invoking toplevel() on ptolemy.moml.MoMLSimpleApplication@3c983ed4
reloadAllAccessors: .RecursiveLattice

===========================================================================================
----------------- testing Tue Mar 10 07:20:31 UTC 2020 /home/travis/build/icyphy/ptII/ptolemy/actor/lib/test/auto/Router.xml
----------------- Instantiating /home/travis/build/icyphy/ptII/ptolemy/actor/lib/test/auto/Router.xml
3004 ms. Memory: 534528K Free: 462919K (87%)
----------------- Invoking toplevel() on ptolemy.moml.MoMLSimpleApplication@715d1643
----------------- Done invoking toplevel() on ptolemy.moml.MoMLSimpleApplication@715d1643
reloadAllAccessors: .Router

===========================================================================================
----------------- testing Tue Mar 10 07:20:34 UTC 2020 /home/travis/build/icyphy/ptII/ptolemy/actor/lib/test/auto/Router2.xml
----------------- Instantiating /home/travis/build/icyphy/ptII/ptolemy/actor/lib/test/auto/Router2.xml
3004 ms. Memory: 534528K Free: 452169K (85%)
----------------- Invoking toplevel() on ptolemy.moml.MoMLSimpleApplication@7ca730a5
----------------- Done invoking toplevel() on ptolemy.moml.MoMLSimpleApplication@7ca730a5
reloadAllAccessors: .Router2

===========================================================================================
----------------- testing Tue Mar 10 07:20:37 UTC 2020 /home/travis/build/icyphy/ptII/ptolemy/actor/lib/test/auto/RunningMaximum.xml
----------------- Instantiating /home/travis/build/icyphy/ptII/ptolemy/actor/lib/test/auto/RunningMaximum.xml
2 ms. Memory: 534528K Free: 447559K (84%)
----------------- Invoking toplevel() on ptolemy.moml.MoMLSimpleApplication@578e6f03
----------------- Done invoking toplevel() on ptolemy.moml.MoMLSimpleApplication@578e6f03
reloadAllAccessors: .RunningMaximum

===========================================================================================
----------------- testing Tue Mar 10 07:20:37 UTC 2020 /home/travis/build/icyphy/ptII/ptolemy/actor/lib/test/auto/RunningMinimum.xml
----------------- Instantiating /home/travis/build/icyphy/ptII/ptolemy/actor/lib/test/auto/RunningMinimum.xml
2 ms. Memory: 534528K Free: 442439K (83%)
----------------- Invoking toplevel() on ptolemy.moml.MoMLSimpleApplication@349c1095
----------------- Done invoking toplevel() on ptolemy.moml.MoMLSimpleApplication@349c1095
reloadAllAccessors: .RunningMinimum

===========================================================================================
----------------- testing Tue Mar 10 07:20:37 UTC 2020 /home/travis/build/icyphy/ptII/ptolemy/actor/lib/test/auto/Scale.xml
----------------- Instantiating /home/travis/build/icyphy/ptII/ptolemy/actor/lib/test/auto/Scale.xml
1 ms. Memory: 534528K Free: 437833K (82%)
----------------- Invoking toplevel() on ptolemy.moml.MoMLSimpleApplication@141c5923
----------------- Done invoking toplevel() on ptolemy.moml.MoMLSimpleApplication@141c5923
reloadAllAccessors: .Scale

===========================================================================================
----------------- testing Tue Mar 10 07:20:37 UTC 2020 /home/travis/build/icyphy/ptII/ptolemy/actor/lib/test/auto/Scale2.xml
----------------- Instantiating /home/travis/build/icyphy/ptII/ptolemy/actor/lib/test/auto/Scale2.xml
2 ms. Memory: 534528K Free: 433223K (81%)
----------------- Invoking toplevel() on ptolemy.moml.MoMLSimpleApplication@35ce0104
----------------- Done invoking toplevel() on ptolemy.moml.MoMLSimpleApplication@35ce0104
reloadAllAccessors: .Scale2

===========================================================================================
----------------- testing Tue Mar 10 07:20:37 UTC 2020 /home/travis/build/icyphy/ptII/ptolemy/actor/lib/test/auto/Scale3.xml
----------------- Instantiating /home/travis/build/icyphy/ptII/ptolemy/actor/lib/test/auto/Scale3.xml
13 ms. Memory: 534528K Free: 427079K (80%)
----------------- Invoking toplevel() on ptolemy.moml.MoMLSimpleApplication@68dbc1c4
----------------- Done invoking toplevel() on ptolemy.moml.MoMLSimpleApplication@68dbc1c4
reloadAllAccessors: .Scale3

===========================================================================================
----------------- testing Tue Mar 10 07:20:38 UTC 2020 /home/travis/build/icyphy/ptII/ptolemy/actor/lib/test/auto/ScaleArray.xml
----------------- Instantiating /home/travis/build/icyphy/ptII/ptolemy/actor/lib/test/auto/ScaleArray.xml
2 ms. Memory: 534528K Free: 422473K (79%)
----------------- Invoking toplevel() on ptolemy.moml.MoMLSimpleApplication@76442d2e
----------------- Done invoking toplevel() on ptolemy.moml.MoMLSimpleApplication@76442d2e
reloadAllAccessors: .ScaleArray

===========================================================================================
----------------- testing Tue Mar 10 07:20:38 UTC 2020 /home/travis/build/icyphy/ptII/ptolemy/actor/lib/test/auto/ScaleArray2.xml
----------------- Instantiating /home/travis/build/icyphy/ptII/ptolemy/actor/lib/test/auto/ScaleArray2.xml
2 ms. Memory: 534528K Free: 417353K (78%)
----------------- Invoking toplevel() on ptolemy.moml.MoMLSimpleApplication@ec774e
----------------- Done invoking toplevel() on ptolemy.moml.MoMLSimpleApplication@ec774e
reloadAllAccessors: .ScaleArray2

===========================================================================================
----------------- testing Tue Mar 10 07:20:38 UTC 2020 /home/travis/build/icyphy/ptII/ptolemy/actor/lib/test/auto/ScaleMatrix.xml
----------------- Instantiating /home/travis/build/icyphy/ptII/ptolemy/actor/lib/test/auto/ScaleMatrix.xml
142 ms. Memory: 534528K Free: 404041K (76%)
----------------- Invoking toplevel() on ptolemy.moml.MoMLSimpleApplication@3e4034d4
----------------- Done invoking toplevel() on ptolemy.moml.MoMLSimpleApplication@3e4034d4
reloadAllAccessors: .ScaleMatrix

===========================================================================================
----------------- testing Tue Mar 10 07:20:38 UTC 2020 /home/travis/build/icyphy/ptII/ptolemy/actor/lib/test/auto/Select.xml
----------------- Instantiating /home/travis/build/icyphy/ptII/ptolemy/actor/lib/test/auto/Select.xml
2 ms. Memory: 534528K Free: 397897K (74%)
----------------- Invoking toplevel() on ptolemy.moml.MoMLSimpleApplication@6acb3d55
----------------- Done invoking toplevel() on ptolemy.moml.MoMLSimpleApplication@6acb3d55
reloadAllAccessors: .Select

===========================================================================================
----------------- testing Tue Mar 10 07:20:38 UTC 2020 /home/travis/build/icyphy/ptII/ptolemy/actor/lib/test/auto/Select2.xml
----------------- Instantiating /home/travis/build/icyphy/ptII/ptolemy/actor/lib/test/auto/Select2.xml
1 ms. Memory: 534528K Free: 393287K (74%)
----------------- Invoking toplevel() on ptolemy.moml.MoMLSimpleApplication@4939d53a
----------------- Done invoking toplevel() on ptolemy.moml.MoMLSimpleApplication@4939d53a
reloadAllAccessors: .Select2

===========================================================================================
----------------- testing Tue Mar 10 07:20:38 UTC 2020 /home/travis/build/icyphy/ptII/ptolemy/actor/lib/test/auto/SequenceToArray2.xml
----------------- Instantiating /home/travis/build/icyphy/ptII/ptolemy/actor/lib/test/auto/SequenceToArray2.xml
82 ms. Memory: 534528K Free: 368711K (69%)
----------------- Invoking toplevel() on ptolemy.moml.MoMLSimpleApplication@62174b3
----------------- Done invoking toplevel() on ptolemy.moml.MoMLSimpleApplication@62174b3
reloadAllAccessors: .SequenceToArray2

===========================================================================================
----------------- testing Tue Mar 10 07:20:38 UTC 2020 /home/travis/build/icyphy/ptII/ptolemy/actor/lib/test/auto/SequentialClock.xml
----------------- Instantiating /home/travis/build/icyphy/ptII/ptolemy/actor/lib/test/auto/SequentialClock.xml
1 ms. Memory: 534528K Free: 364105K (68%)
----------------- Invoking toplevel() on ptolemy.moml.MoMLSimpleApplication@75a033c4
----------------- Done invoking toplevel() on ptolemy.moml.MoMLSimpleApplication@75a033c4
reloadAllAccessors: .SequentialClock

===========================================================================================
----------------- testing Tue Mar 10 07:20:38 UTC 2020 /home/travis/build/icyphy/ptII/ptolemy/actor/lib/test/auto/SetVariable.xml
----------------- Instantiating /home/travis/build/icyphy/ptII/ptolemy/actor/lib/test/auto/SetVariable.xml
4 ms. Memory: 534528K Free: 359495K (67%)
----------------- Invoking toplevel() on ptolemy.moml.MoMLSimpleApplication@1af8c733
----------------- Done invoking toplevel() on ptolemy.moml.MoMLSimpleApplication@1af8c733
reloadAllAccessors: .SetVariable

===========================================================================================
----------------- testing Tue Mar 10 07:20:38 UTC 2020 /home/travis/build/icyphy/ptII/ptolemy/actor/lib/test/auto/SetVariable2.xml
----------------- Instantiating /home/travis/build/icyphy/ptII/ptolemy/actor/lib/test/auto/SetVariable2.xml
9 ms. Memory: 534528K Free: 354375K (66%)
----------------- Invoking toplevel() on ptolemy.moml.MoMLSimpleApplication@46e9981c
----------------- Done invoking toplevel() on ptolemy.moml.MoMLSimpleApplication@46e9981c
reloadAllAccessors: .SetVariable2

===========================================================================================
----------------- testing Tue Mar 10 07:20:38 UTC 2020 /home/travis/build/icyphy/ptII/ptolemy/actor/lib/test/auto/SetVariable3.xml
----------------- Instantiating /home/travis/build/icyphy/ptII/ptolemy/actor/lib/test/auto/SetVariable3.xml
3 ms. Memory: 534528K Free: 349255K (65%)
----------------- Invoking toplevel() on ptolemy.moml.MoMLSimpleApplication@4ab537c5
----------------- Done invoking toplevel() on ptolemy.moml.MoMLSimpleApplication@4ab537c5
reloadAllAccessors: .SetVariable3

===========================================================================================
----------------- testing Tue Mar 10 07:20:38 UTC 2020 /home/travis/build/icyphy/ptII/ptolemy/actor/lib/test/auto/SetVariable4.xml
----------------- Instantiating /home/travis/build/icyphy/ptII/ptolemy/actor/lib/test/auto/SetVariable4.xml
23 ms. Memory: 534528K Free: 338505K (63%)
----------------- Invoking toplevel() on ptolemy.moml.MoMLSimpleApplication@49057b4
----------------- Done invoking toplevel() on ptolemy.moml.MoMLSimpleApplication@49057b4
reloadAllAccessors: .SetVariable4

===========================================================================================
----------------- testing Tue Mar 10 07:20:38 UTC 2020 /home/travis/build/icyphy/ptII/ptolemy/actor/lib/test/auto/SetVariable5.xml
----------------- Instantiating /home/travis/build/icyphy/ptII/ptolemy/actor/lib/test/auto/SetVariable5.xml
19 ms. Memory: 534528K Free: 329289K (62%)
----------------- Invoking toplevel() on ptolemy.moml.MoMLSimpleApplication@56051af0
----------------- Done invoking toplevel() on ptolemy.moml.MoMLSimpleApplication@56051af0
reloadAllAccessors: .SetVariable5

===========================================================================================
----------------- testing Tue Mar 10 07:20:38 UTC 2020 /home/travis/build/icyphy/ptII/ptolemy/actor/lib/test/auto/Sinewave.xml
----------------- Instantiating /home/travis/build/icyphy/ptII/ptolemy/actor/lib/test/auto/Sinewave.xml
5 ms. Memory: 534528K Free: 319049K (60%)
----------------- Invoking toplevel() on ptolemy.moml.MoMLSimpleApplication@42d8ad26
----------------- Done invoking toplevel() on ptolemy.moml.MoMLSimpleApplication@42d8ad26
reloadAllAccessors: .Sinewave

===========================================================================================
----------------- testing Tue Mar 10 07:20:38 UTC 2020 /home/travis/build/icyphy/ptII/ptolemy/actor/lib/test/auto/Sinewave2.xml
----------------- Instantiating /home/travis/build/icyphy/ptII/ptolemy/actor/lib/test/auto/Sinewave2.xml
5 ms. Memory: 534528K Free: 310857K (58%)
----------------- Invoking toplevel() on ptolemy.moml.MoMLSimpleApplication@4c94748
----------------- Done invoking toplevel() on ptolemy.moml.MoMLSimpleApplication@4c94748
reloadAllAccessors: .Sinewave2

===========================================================================================
----------------- testing Tue Mar 10 07:20:38 UTC 2020 /home/travis/build/icyphy/ptII/ptolemy/actor/lib/test/auto/Sinewave3.xml
----------------- Instantiating /home/travis/build/icyphy/ptII/ptolemy/actor/lib/test/auto/Sinewave3.xml
10 ms. Memory: 534528K Free: 302137K (57%)
----------------- Invoking toplevel() on ptolemy.moml.MoMLSimpleApplication@62d3e9fe
----------------- Done invoking toplevel() on ptolemy.moml.MoMLSimpleApplication@62d3e9fe
reloadAllAccessors: .Sinewave3

===========================================================================================
----------------- testing Tue Mar 10 07:20:38 UTC 2020 /home/travis/build/icyphy/ptII/ptolemy/actor/lib/test/auto/SingleEvent.xml
----------------- Instantiating /home/travis/build/icyphy/ptII/ptolemy/actor/lib/test/auto/SingleEvent.xml
2 ms. Memory: 534528K Free: 298055K (56%)
----------------- Invoking toplevel() on ptolemy.moml.MoMLSimpleApplication@2c9a0f26
----------------- Done invoking toplevel() on ptolemy.moml.MoMLSimpleApplication@2c9a0f26
reloadAllAccessors: .SingleEvent

===========================================================================================
----------------- testing Tue Mar 10 07:20:38 UTC 2020 /home/travis/build/icyphy/ptII/ptolemy/actor/lib/test/auto/Sleep.xml
----------------- Instantiating /home/travis/build/icyphy/ptII/ptolemy/actor/lib/test/auto/Sleep.xml
6003 ms. Memory: 534528K Free: 292905K (55%)
----------------- Invoking toplevel() on ptolemy.moml.MoMLSimpleApplication@435e0c29
----------------- Done invoking toplevel() on ptolemy.moml.MoMLSimpleApplication@435e0c29
reloadAllAccessors: .Sleep

===========================================================================================
----------------- testing Tue Mar 10 07:20:44 UTC 2020 /home/travis/build/icyphy/ptII/ptolemy/actor/lib/test/auto/SleepMultipleFire.xml
----------------- Instantiating /home/travis/build/icyphy/ptII/ptolemy/actor/lib/test/auto/SleepMultipleFire.xml
1004 ms. Memory: 534528K Free: 287305K (54%)
----------------- Invoking toplevel() on ptolemy.moml.MoMLSimpleApplication@51fa315e
----------------- Done invoking toplevel() on ptolemy.moml.MoMLSimpleApplication@51fa315e
reloadAllAccessors: .SleepMultipleFire

===========================================================================================
----------------- testing Tue Mar 10 07:20:45 UTC 2020 /home/travis/build/icyphy/ptII/ptolemy/actor/lib/test/auto/StopDE.xml
----------------- Instantiating /home/travis/build/icyphy/ptII/ptolemy/actor/lib/test/auto/StopDE.xml
6 ms. Memory: 534528K Free: 281161K (53%)
----------------- Invoking toplevel() on ptolemy.moml.MoMLSimpleApplication@8492366
----------------- Done invoking toplevel() on ptolemy.moml.MoMLSimpleApplication@8492366
reloadAllAccessors: .StopDE

===========================================================================================
----------------- testing Tue Mar 10 07:20:45 UTC 2020 /home/travis/build/icyphy/ptII/ptolemy/actor/lib/test/auto/StopSDF.xml
----------------- Instantiating /home/travis/build/icyphy/ptII/ptolemy/actor/lib/test/auto/StopSDF.xml
4 ms. Memory: 534528K Free: 276041K (52%)
----------------- Invoking toplevel() on ptolemy.moml.MoMLSimpleApplication@7d3aec4c
----------------- Done invoking toplevel() on ptolemy.moml.MoMLSimpleApplication@7d3aec4c
reloadAllAccessors: .StopSDF

===========================================================================================
----------------- testing Tue Mar 10 07:20:45 UTC 2020 /home/travis/build/icyphy/ptII/ptolemy/actor/lib/test/auto/StringConstant.xml
----------------- Instantiating /home/travis/build/icyphy/ptII/ptolemy/actor/lib/test/auto/StringConstant.xml
10 ms. Memory: 534528K Free: 271945K (51%)
----------------- Invoking toplevel() on ptolemy.moml.MoMLSimpleApplication@62d3f9a8
----------------- Done invoking toplevel() on ptolemy.moml.MoMLSimpleApplication@62d3f9a8
reloadAllAccessors: .StringConstant

===========================================================================================
----------------- testing Tue Mar 10 07:20:45 UTC 2020 /home/travis/build/icyphy/ptII/ptolemy/actor/lib/test/auto/SubscriberPortInitialValues1.xml
----------------- Instantiating /home/travis/build/icyphy/ptII/ptolemy/actor/lib/test/auto/SubscriberPortInitialValues1.xml
9 ms. Memory: 534528K Free: 263239K (49%)
----------------- Invoking toplevel() on ptolemy.moml.MoMLSimpleApplication@3944d8dc
----------------- Done invoking toplevel() on ptolemy.moml.MoMLSimpleApplication@3944d8dc
reloadAllAccessors: .SubscriberPortInitialValues1

===========================================================================================
----------------- testing Tue Mar 10 07:20:45 UTC 2020 /home/travis/build/icyphy/ptII/ptolemy/actor/lib/test/auto/SubscriberPortInitialValues13.xml
----------------- Instantiating /home/travis/build/icyphy/ptII/ptolemy/actor/lib/test/auto/SubscriberPortInitialValues13.xml
6 ms. Memory: 534528K Free: 249927K (47%)
----------------- Invoking toplevel() on ptolemy.moml.MoMLSimpleApplication@6825e118
----------------- Done invoking toplevel() on ptolemy.moml.MoMLSimpleApplication@6825e118
reloadAllAccessors: .SubscriberPortInitialValues13

===========================================================================================
----------------- testing Tue Mar 10 07:20:45 UTC 2020 /home/travis/build/icyphy/ptII/ptolemy/actor/lib/test/auto/SubscriberPortInitialValues14.xml
----------------- Instantiating /home/travis/build/icyphy/ptII/ptolemy/actor/lib/test/auto/SubscriberPortInitialValues14.xml
4 ms. Memory: 534528K Free: 242249K (45%)
----------------- Invoking toplevel() on ptolemy.moml.MoMLSimpleApplication@6edaaaf6
----------------- Done invoking toplevel() on ptolemy.moml.MoMLSimpleApplication@6edaaaf6
reloadAllAccessors: .SubscriberPortInitialValues14

===========================================================================================
----------------- testing Tue Mar 10 07:20:45 UTC 2020 /home/travis/build/icyphy/ptII/ptolemy/actor/lib/test/auto/SubscriberPortInitialValues2.xml
----------------- Instantiating /home/travis/build/icyphy/ptII/ptolemy/actor/lib/test/auto/SubscriberPortInitialValues2.xml
4 ms. Memory: 534528K Free: 234567K (44%)
----------------- Invoking toplevel() on ptolemy.moml.MoMLSimpleApplication@5dd9d38d
----------------- Done invoking toplevel() on ptolemy.moml.MoMLSimpleApplication@5dd9d38d
reloadAllAccessors: .SubscriberPortInitialValues2

===========================================================================================
----------------- testing Tue Mar 10 07:20:45 UTC 2020 /home/travis/build/icyphy/ptII/ptolemy/actor/lib/test/auto/SubscriberPortInitialValues3.xml
----------------- Instantiating /home/travis/build/icyphy/ptII/ptolemy/actor/lib/test/auto/SubscriberPortInitialValues3.xml
4 ms. Memory: 534528K Free: 223303K (42%)
----------------- Invoking toplevel() on ptolemy.moml.MoMLSimpleApplication@36588b3b
----------------- Done invoking toplevel() on ptolemy.moml.MoMLSimpleApplication@36588b3b
reloadAllAccessors: .SubscriberPortInitialValues3

===========================================================================================
----------------- testing Tue Mar 10 07:20:45 UTC 2020 /home/travis/build/icyphy/ptII/ptolemy/actor/lib/test/auto/SubscriptionAggregator.xml
----------------- Instantiating /home/travis/build/icyphy/ptII/ptolemy/actor/lib/test/auto/SubscriptionAggregator.xml
3 ms. Memory: 534528K Free: 215625K (40%)
----------------- Invoking toplevel() on ptolemy.moml.MoMLSimpleApplication@76c5a9a4
----------------- Done invoking toplevel() on ptolemy.moml.MoMLSimpleApplication@76c5a9a4
reloadAllAccessors: .SubscriptionAggregator

===========================================================================================
----------------- testing Tue Mar 10 07:20:45 UTC 2020 /home/travis/build/icyphy/ptII/ptolemy/actor/lib/test/auto/SubscriptionAggregator2.xml
----------------- Instantiating /home/travis/build/icyphy/ptII/ptolemy/actor/lib/test/auto/SubscriptionAggregator2.xml
2 ms. Memory: 534528K Free: 208961K (39%)
----------------- Invoking toplevel() on ptolemy.moml.MoMLSimpleApplication@7e51cc97
----------------- Done invoking toplevel() on ptolemy.moml.MoMLSimpleApplication@7e51cc97
reloadAllAccessors: .SubscriptionAggregator2

===========================================================================================
----------------- testing Tue Mar 10 07:20:45 UTC 2020 /home/travis/build/icyphy/ptII/ptolemy/actor/lib/test/auto/SubscriptionAggregator3.xml
----------------- Instantiating /home/travis/build/icyphy/ptII/ptolemy/actor/lib/test/auto/SubscriptionAggregator3.xml
4 ms. Memory: 534528K Free: 200761K (38%)
----------------- Invoking toplevel() on ptolemy.moml.MoMLSimpleApplication@516fe782
----------------- Done invoking toplevel() on ptolemy.moml.MoMLSimpleApplication@516fe782
reloadAllAccessors: .SubscriptionAggregator3

===========================================================================================
----------------- testing Tue Mar 10 07:20:45 UTC 2020 /home/travis/build/icyphy/ptII/ptolemy/actor/lib/test/auto/SubscriptionAggregatorMultiply.xml
----------------- Instantiating /home/travis/build/icyphy/ptII/ptolemy/actor/lib/test/auto/SubscriptionAggregatorMultiply.xml
13 ms. Memory: 534528K Free: 192073K (36%)
----------------- Invoking toplevel() on ptolemy.moml.MoMLSimpleApplication@61d38fd0
----------------- Done invoking toplevel() on ptolemy.moml.MoMLSimpleApplication@61d38fd0
reloadAllAccessors: .SubscriptionAggregatorMultiply

===========================================================================================
----------------- testing Tue Mar 10 07:20:45 UTC 2020 /home/travis/build/icyphy/ptII/ptolemy/actor/lib/test/auto/SubscriptionAggregatorPortMultiply1.xml
----------------- Instantiating /home/travis/build/icyphy/ptII/ptolemy/actor/lib/test/auto/SubscriptionAggregatorPortMultiply1.xml
4 ms. Memory: 534528K Free: 184391K (34%)
----------------- Invoking toplevel() on ptolemy.moml.MoMLSimpleApplication@10b9c78f
----------------- Done invoking toplevel() on ptolemy.moml.MoMLSimpleApplication@10b9c78f
reloadAllAccessors: .SubscriptionAggregatorPortMultiply1

===========================================================================================
----------------- testing Tue Mar 10 07:20:45 UTC 2020 /home/travis/build/icyphy/ptII/ptolemy/actor/lib/test/auto/Switch.xml
----------------- Instantiating /home/travis/build/icyphy/ptII/ptolemy/actor/lib/test/auto/Switch.xml
49 ms. Memory: 534528K Free: 482631K (90%)
----------------- Invoking toplevel() on ptolemy.moml.MoMLSimpleApplication@cb5a7f2
----------------- Done invoking toplevel() on ptolemy.moml.MoMLSimpleApplication@cb5a7f2
reloadAllAccessors: .Switch

===========================================================================================
----------------- testing Tue Mar 10 07:20:45 UTC 2020 /home/travis/build/icyphy/ptII/ptolemy/actor/lib/test/auto/Switch2.xml
----------------- Instantiating /home/travis/build/icyphy/ptII/ptolemy/actor/lib/test/auto/Switch2.xml
1 ms. Memory: 534528K Free: 477255K (89%)
----------------- Invoking toplevel() on ptolemy.moml.MoMLSimpleApplication@7b142e5b
----------------- Done invoking toplevel() on ptolemy.moml.MoMLSimpleApplication@7b142e5b
reloadAllAccessors: .Switch2

===========================================================================================
----------------- testing Tue Mar 10 07:20:45 UTC 2020 /home/travis/build/icyphy/ptII/ptolemy/actor/lib/test/auto/SwitchDE.xml
----------------- Instantiating /home/travis/build/icyphy/ptII/ptolemy/actor/lib/test/auto/SwitchDE.xml
3 ms. Memory: 534528K Free: 471097K (88%)
----------------- Invoking toplevel() on ptolemy.moml.MoMLSimpleApplication@4d2382ae
----------------- Done invoking toplevel() on ptolemy.moml.MoMLSimpleApplication@4d2382ae
reloadAllAccessors: .SwitchDE

===========================================================================================
----------------- testing Tue Mar 10 07:20:45 UTC 2020 /home/travis/build/icyphy/ptII/ptolemy/actor/lib/test/auto/SynchronizerDE.xml
----------------- Instantiating /home/travis/build/icyphy/ptII/ptolemy/actor/lib/test/auto/SynchronizerDE.xml
8 ms. Memory: 534528K Free: 462889K (87%)
----------------- Invoking toplevel() on ptolemy.moml.MoMLSimpleApplication@43aa4d11
----------------- Done invoking toplevel() on ptolemy.moml.MoMLSimpleApplication@43aa4d11
reloadAllAccessors: .SynchronizerDE

===========================================================================================
----------------- testing Tue Mar 10 07:20:46 UTC 2020 /home/travis/build/icyphy/ptII/ptolemy/actor/lib/test/auto/Test.xml
----------------- Instantiating /home/travis/build/icyphy/ptII/ptolemy/actor/lib/test/auto/Test.xml
9 ms. Memory: 534528K Free: 457289K (86%)
----------------- Invoking toplevel() on ptolemy.moml.MoMLSimpleApplication@607be3f5
----------------- Done invoking toplevel() on ptolemy.moml.MoMLSimpleApplication@607be3f5
reloadAllAccessors: .Test

===========================================================================================
----------------- testing Tue Mar 10 07:20:46 UTC 2020 /home/travis/build/icyphy/ptII/ptolemy/actor/lib/test/auto/TestExceptionAttribute1.xml
----------------- Instantiating /home/travis/build/icyphy/ptII/ptolemy/actor/lib/test/auto/TestExceptionAttribute1.xml
1 ms. Memory: 534528K Free: 453703K (85%)
----------------- Invoking toplevel() on ptolemy.moml.MoMLSimpleApplication@21c84b44
----------------- Done invoking toplevel() on ptolemy.moml.MoMLSimpleApplication@21c84b44
reloadAllAccessors: .TestExceptionAttribute1

===========================================================================================
----------------- testing Tue Mar 10 07:20:46 UTC 2020 /home/travis/build/icyphy/ptII/ptolemy/actor/lib/test/auto/TestExceptionAttribute2.xml
----------------- Instantiating /home/travis/build/icyphy/ptII/ptolemy/actor/lib/test/auto/TestExceptionAttribute2.xml
1 ms. Memory: 534528K Free: 450121K (84%)
----------------- Invoking toplevel() on ptolemy.moml.MoMLSimpleApplication@46da61e3
----------------- Done invoking toplevel() on ptolemy.moml.MoMLSimpleApplication@46da61e3
reloadAllAccessors: .TestExceptionAttribute2

===========================================================================================
----------------- testing Tue Mar 10 07:20:46 UTC 2020 /home/travis/build/icyphy/ptII/ptolemy/actor/lib/test/auto/TestExceptionAttribute3.xml
----------------- Instantiating /home/travis/build/icyphy/ptII/ptolemy/actor/lib/test/auto/TestExceptionAttribute3.xml
.TestExceptionAttribute3.TestExceptionAttribute: initialize() was not invoked, but wrapup() was.  This is unusual, but not always a problem.  For example, exporting JNLP will do this.
1 ms. Memory: 534528K Free: 446025K (83%)
----------------- Invoking toplevel() on ptolemy.moml.MoMLSimpleApplication@45d0845d
----------------- Done invoking toplevel() on ptolemy.moml.MoMLSimpleApplication@45d0845d
reloadAllAccessors: .TestExceptionAttribute3

===========================================================================================
----------------- testing Tue Mar 10 07:20:46 UTC 2020 /home/travis/build/icyphy/ptII/ptolemy/actor/lib/test/auto/TestExceptionAttribute4.xml
----------------- Instantiating /home/travis/build/icyphy/ptII/ptolemy/actor/lib/test/auto/TestExceptionAttribute4.xml
.TestExceptionAttribute4.TestExceptionAttribute: initialize() was not invoked, but wrapup() was.  This is unusual, but not always a problem.  For example, exporting JNLP will do this.
.TestExceptionAttribute4.TestExceptionAttribute2: initialize() was not invoked, but wrapup() was.  This is unusual, but not always a problem.  For example, exporting JNLP will do this.
0 ms. Memory: 534528K Free: 441929K (83%)
----------------- Invoking toplevel() on ptolemy.moml.MoMLSimpleApplication@3f654fb2
----------------- Done invoking toplevel() on ptolemy.moml.MoMLSimpleApplication@3f654fb2
reloadAllAccessors: .TestExceptionAttribute4

===========================================================================================
----------------- testing Tue Mar 10 07:20:46 UTC 2020 /home/travis/build/icyphy/ptII/ptolemy/actor/lib/test/auto/TestExceptionHandler1.xml
----------------- Instantiating /home/travis/build/icyphy/ptII/ptolemy/actor/lib/test/auto/TestExceptionHandler1.xml
1 ms. Memory: 534528K Free: 438343K (82%)
----------------- Invoking toplevel() on ptolemy.moml.MoMLSimpleApplication@2187658c
----------------- Done invoking toplevel() on ptolemy.moml.MoMLSimpleApplication@2187658c
reloadAllAccessors: .TestExceptionHandler1

===========================================================================================
----------------- testing Tue Mar 10 07:20:46 UTC 2020 /home/travis/build/icyphy/ptII/ptolemy/actor/lib/test/auto/TestExceptionHandler2.xml
----------------- Instantiating /home/travis/build/icyphy/ptII/ptolemy/actor/lib/test/auto/TestExceptionHandler2.xml
1 ms. Memory: 534528K Free: 434247K (81%)
----------------- Invoking toplevel() on ptolemy.moml.MoMLSimpleApplication@501c500f
----------------- Done invoking toplevel() on ptolemy.moml.MoMLSimpleApplication@501c500f
reloadAllAccessors: .TestExceptionHandler2

===========================================================================================
----------------- testing Tue Mar 10 07:20:46 UTC 2020 /home/travis/build/icyphy/ptII/ptolemy/actor/lib/test/auto/TestExceptionHandler3.xml
----------------- Instantiating /home/travis/build/icyphy/ptII/ptolemy/actor/lib/test/auto/TestExceptionHandler3.xml
0 ms. Memory: 534528K Free: 430665K (81%)
----------------- Invoking toplevel() on ptolemy.moml.MoMLSimpleApplication@4c4ec2c2
----------------- Done invoking toplevel() on ptolemy.moml.MoMLSimpleApplication@4c4ec2c2
reloadAllAccessors: .TestExceptionHandler3

===========================================================================================
----------------- testing Tue Mar 10 07:20:46 UTC 2020 /home/travis/build/icyphy/ptII/ptolemy/actor/lib/test/auto/TestExceptionHandler4.xml
----------------- Instantiating /home/travis/build/icyphy/ptII/ptolemy/actor/lib/test/auto/TestExceptionHandler4.xml
0 ms. Memory: 534528K Free: 426569K (80%)
----------------- Invoking toplevel() on ptolemy.moml.MoMLSimpleApplication@51592fe8
----------------- Done invoking toplevel() on ptolemy.moml.MoMLSimpleApplication@51592fe8
reloadAllAccessors: .TestExceptionHandler4

===========================================================================================
----------------- testing Tue Mar 10 07:20:46 UTC 2020 /home/travis/build/icyphy/ptII/ptolemy/actor/lib/test/auto/TestRequireCorrectOrder.xml
----------------- Instantiating /home/travis/build/icyphy/ptII/ptolemy/actor/lib/test/auto/TestRequireCorrectOrder.xml
6 ms. Memory: 534528K Free: 420921K (79%)
----------------- Invoking toplevel() on ptolemy.moml.MoMLSimpleApplication@5953d2a9
----------------- Done invoking toplevel() on ptolemy.moml.MoMLSimpleApplication@5953d2a9
reloadAllAccessors: .TestRequireCorrectOrder

===========================================================================================
----------------- testing Tue Mar 10 07:20:46 UTC 2020 /home/travis/build/icyphy/ptII/ptolemy/actor/lib/test/auto/TestSimple.xml
----------------- Instantiating /home/travis/build/icyphy/ptII/ptolemy/actor/lib/test/auto/TestSimple.xml
1 ms. Memory: 534528K Free: 416329K (78%)
----------------- Invoking toplevel() on ptolemy.moml.MoMLSimpleApplication@422c40c8
----------------- Done invoking toplevel() on ptolemy.moml.MoMLSimpleApplication@422c40c8
reloadAllAccessors: .TestSimple

===========================================================================================
----------------- testing Tue Mar 10 07:20:46 UTC 2020 /home/travis/build/icyphy/ptII/ptolemy/actor/lib/test/auto/ThrowModelError.xml
----------------- Instantiating /home/travis/build/icyphy/ptII/ptolemy/actor/lib/test/auto/ThrowModelError.xml
1 ms. Memory: 534528K Free: 411719K (77%)
----------------- Invoking toplevel() on ptolemy.moml.MoMLSimpleApplication@7229ae6d
----------------- Done invoking toplevel() on ptolemy.moml.MoMLSimpleApplication@7229ae6d
reloadAllAccessors: .ThrowModelError

===========================================================================================
----------------- testing Tue Mar 10 07:20:46 UTC 2020 /home/travis/build/icyphy/ptII/ptolemy/actor/lib/test/auto/TimeDelayMicrosteps.xml
----------------- Instantiating /home/travis/build/icyphy/ptII/ptolemy/actor/lib/test/auto/TimeDelayMicrosteps.xml
3 ms. Memory: 534528K Free: 404521K (76%)
----------------- Invoking toplevel() on ptolemy.moml.MoMLSimpleApplication@3843d8c6
----------------- Done invoking toplevel() on ptolemy.moml.MoMLSimpleApplication@3843d8c6
reloadAllAccessors: .TimeDelayMicrosteps

===========================================================================================
----------------- testing Tue Mar 10 07:20:46 UTC 2020 /home/travis/build/icyphy/ptII/ptolemy/actor/lib/test/auto/TimeDelayMicrosteps2.xml
----------------- Instantiating /home/travis/build/icyphy/ptII/ptolemy/actor/lib/test/auto/TimeDelayMicrosteps2.xml
3 ms. Memory: 534528K Free: 397369K (74%)
----------------- Invoking toplevel() on ptolemy.moml.MoMLSimpleApplication@7f5bf451
----------------- Done invoking toplevel() on ptolemy.moml.MoMLSimpleApplication@7f5bf451
reloadAllAccessors: .TimeDelayMicrosteps2

===========================================================================================
----------------- testing Tue Mar 10 07:20:46 UTC 2020 /home/travis/build/icyphy/ptII/ptolemy/actor/lib/test/auto/TimeDelayMicrosteps3.xml
----------------- Instantiating /home/travis/build/icyphy/ptII/ptolemy/actor/lib/test/auto/TimeDelayMicrosteps3.xml
4 ms. Memory: 534528K Free: 390729K (73%)
----------------- Invoking toplevel() on ptolemy.moml.MoMLSimpleApplication@530a6ce1
----------------- Done invoking toplevel() on ptolemy.moml.MoMLSimpleApplication@530a6ce1
reloadAllAccessors: .TimeDelayMicrosteps3

===========================================================================================
----------------- testing Tue Mar 10 07:20:46 UTC 2020 /home/travis/build/icyphy/ptII/ptolemy/actor/lib/test/auto/TimeDelayVariableMicrosteps.xml
----------------- Instantiating /home/travis/build/icyphy/ptII/ptolemy/actor/lib/test/auto/TimeDelayVariableMicrosteps.xml
3 ms. Memory: 534528K Free: 383561K (72%)
----------------- Invoking toplevel() on ptolemy.moml.MoMLSimpleApplication@1e5e105c
----------------- Done invoking toplevel() on ptolemy.moml.MoMLSimpleApplication@1e5e105c
reloadAllAccessors: .TimeDelayVariableMicrosteps

===========================================================================================
----------------- testing Tue Mar 10 07:20:46 UTC 2020 /home/travis/build/icyphy/ptII/ptolemy/actor/lib/test/auto/TimeGap.xml
----------------- Instantiating /home/travis/build/icyphy/ptII/ptolemy/actor/lib/test/auto/TimeGap.xml
3 ms. Memory: 534528K Free: 378441K (71%)
----------------- Invoking toplevel() on ptolemy.moml.MoMLSimpleApplication@18e80e1e
----------------- Done invoking toplevel() on ptolemy.moml.MoMLSimpleApplication@18e80e1e
reloadAllAccessors: .TimeGap

===========================================================================================
----------------- testing Tue Mar 10 07:20:46 UTC 2020 /home/travis/build/icyphy/ptII/ptolemy/actor/lib/test/auto/TimeGap2.xml
----------------- Instantiating /home/travis/build/icyphy/ptII/ptolemy/actor/lib/test/auto/TimeGap2.xml
2 ms. Memory: 534528K Free: 372777K (70%)
----------------- Invoking toplevel() on ptolemy.moml.MoMLSimpleApplication@36f838d6
----------------- Done invoking toplevel() on ptolemy.moml.MoMLSimpleApplication@36f838d6
reloadAllAccessors: .TimeGap2

===========================================================================================
----------------- testing Tue Mar 10 07:20:46 UTC 2020 /home/travis/build/icyphy/ptII/ptolemy/actor/lib/test/auto/TimedSinewave.xml
----------------- Instantiating /home/travis/build/icyphy/ptII/ptolemy/actor/lib/test/auto/TimedSinewave.xml
27 ms. Memory: 534528K Free: 357961K (67%)
----------------- Invoking toplevel() on ptolemy.moml.MoMLSimpleApplication@38ee079a
----------------- Done invoking toplevel() on ptolemy.moml.MoMLSimpleApplication@38ee079a
reloadAllAccessors: .TimedSinewave

===========================================================================================
----------------- testing Tue Mar 10 07:20:46 UTC 2020 /home/travis/build/icyphy/ptII/ptolemy/actor/lib/test/auto/TimedSinewavePhase.xml
----------------- Instantiating /home/travis/build/icyphy/ptII/ptolemy/actor/lib/test/auto/TimedSinewavePhase.xml
8 ms. Memory: 534528K Free: 348231K (65%)
----------------- Invoking toplevel() on ptolemy.moml.MoMLSimpleApplication@4f9f873e
----------------- Done invoking toplevel() on ptolemy.moml.MoMLSimpleApplication@4f9f873e
reloadAllAccessors: .TimedSinewavePhase

===========================================================================================
----------------- testing Tue Mar 10 07:20:46 UTC 2020 /home/travis/build/icyphy/ptII/ptolemy/actor/lib/test/auto/Timer.xml
----------------- Instantiating /home/travis/build/icyphy/ptII/ptolemy/actor/lib/test/auto/Timer.xml
5 ms. Memory: 534528K Free: 342081K (64%)
----------------- Invoking toplevel() on ptolemy.moml.MoMLSimpleApplication@503313b4
----------------- Done invoking toplevel() on ptolemy.moml.MoMLSimpleApplication@503313b4
reloadAllAccessors: .Timer

===========================================================================================
----------------- testing Tue Mar 10 07:20:46 UTC 2020 /home/travis/build/icyphy/ptII/ptolemy/actor/lib/test/auto/TriangularDistTestModel.xml
----------------- Instantiating /home/travis/build/icyphy/ptII/ptolemy/actor/lib/test/auto/TriangularDistTestModel.xml
2 ms. Memory: 534528K Free: 336457K (63%)
----------------- Invoking toplevel() on ptolemy.moml.MoMLSimpleApplication@3a9ce29e
----------------- Done invoking toplevel() on ptolemy.moml.MoMLSimpleApplication@3a9ce29e
reloadAllAccessors: .TriangularDistTestModel

===========================================================================================
----------------- testing Tue Mar 10 07:20:46 UTC 2020 /home/travis/build/icyphy/ptII/ptolemy/actor/lib/test/auto/TrigFunction.xml
----------------- Instantiating /home/travis/build/icyphy/ptII/ptolemy/actor/lib/test/auto/TrigFunction.xml
2 ms. Memory: 534528K Free: 331847K (62%)
----------------- Invoking toplevel() on ptolemy.moml.MoMLSimpleApplication@2e0354c
----------------- Done invoking toplevel() on ptolemy.moml.MoMLSimpleApplication@2e0354c
reloadAllAccessors: .TrigFunction

===========================================================================================
----------------- testing Tue Mar 10 07:20:46 UTC 2020 /home/travis/build/icyphy/ptII/ptolemy/actor/lib/test/auto/TrigFunctionDE.xml
----------------- Instantiating /home/travis/build/icyphy/ptII/ptolemy/actor/lib/test/auto/TrigFunctionDE.xml
1 ms. Memory: 534528K Free: 325703K (61%)
----------------- Invoking toplevel() on ptolemy.moml.MoMLSimpleApplication@5049829f
----------------- Done invoking toplevel() on ptolemy.moml.MoMLSimpleApplication@5049829f
reloadAllAccessors: .TrigFunctionDE

===========================================================================================
----------------- testing Tue Mar 10 07:20:46 UTC 2020 /home/travis/build/icyphy/ptII/ptolemy/actor/lib/test/auto/TrigFunctionInverse.xml
----------------- Instantiating /home/travis/build/icyphy/ptII/ptolemy/actor/lib/test/auto/TrigFunctionInverse.xml
1 ms. Memory: 534528K Free: 320583K (60%)
----------------- Invoking toplevel() on ptolemy.moml.MoMLSimpleApplication@236dd3eb
----------------- Done invoking toplevel() on ptolemy.moml.MoMLSimpleApplication@236dd3eb
reloadAllAccessors: .TrigFunctionInverse

===========================================================================================
----------------- testing Tue Mar 10 07:20:46 UTC 2020 /home/travis/build/icyphy/ptII/ptolemy/actor/lib/test/auto/TrigFunctionTan.xml
----------------- Instantiating /home/travis/build/icyphy/ptII/ptolemy/actor/lib/test/auto/TrigFunctionTan.xml
1 ms. Memory: 534528K Free: 316487K (59%)
----------------- Invoking toplevel() on ptolemy.moml.MoMLSimpleApplication@383810e6
----------------- Done invoking toplevel() on ptolemy.moml.MoMLSimpleApplication@383810e6
reloadAllAccessors: .TrigFunctionTan

===========================================================================================
----------------- testing Tue Mar 10 07:20:46 UTC 2020 /home/travis/build/icyphy/ptII/ptolemy/actor/lib/test/auto/TriggeredClock.xml
----------------- Instantiating /home/travis/build/icyphy/ptII/ptolemy/actor/lib/test/auto/TriggeredClock.xml
1 ms. Memory: 534528K Free: 310857K (58%)
----------------- Invoking toplevel() on ptolemy.moml.MoMLSimpleApplication@5bb39672
----------------- Done invoking toplevel() on ptolemy.moml.MoMLSimpleApplication@5bb39672
reloadAllAccessors: .TriggeredClock

===========================================================================================
----------------- testing Tue Mar 10 07:20:46 UTC 2020 /home/travis/build/icyphy/ptII/ptolemy/actor/lib/test/auto/URLDirectoryReader.xml
----------------- Instantiating /home/travis/build/icyphy/ptII/ptolemy/actor/lib/test/auto/URLDirectoryReader.xml
34 ms. Memory: 534528K Free: 302151K (57%)
----------------- Invoking toplevel() on ptolemy.moml.MoMLSimpleApplication@28bf7327
----------------- Done invoking toplevel() on ptolemy.moml.MoMLSimpleApplication@28bf7327
reloadAllAccessors: .URLDirectoryReader

===========================================================================================
----------------- testing Tue Mar 10 07:20:46 UTC 2020 /home/travis/build/icyphy/ptII/ptolemy/actor/lib/test/auto/URLDirectoryReader3.xml
----------------- Instantiating /home/travis/build/icyphy/ptII/ptolemy/actor/lib/test/auto/URLDirectoryReader3.xml
1474 ms. Memory: 534528K Free: 475710K (89%)
----------------- Invoking toplevel() on ptolemy.moml.MoMLSimpleApplication@421b28f0
----------------- Done invoking toplevel() on ptolemy.moml.MoMLSimpleApplication@421b28f0
reloadAllAccessors: .URLDirectoryReader3

===========================================================================================
----------------- testing Tue Mar 10 07:20:48 UTC 2020 /home/travis/build/icyphy/ptII/ptolemy/actor/lib/test/auto/UnaryMathFunction.xml
----------------- Instantiating /home/travis/build/icyphy/ptII/ptolemy/actor/lib/test/auto/UnaryMathFunction.xml
2 ms. Memory: 534528K Free: 468028K (88%)
----------------- Invoking toplevel() on ptolemy.moml.MoMLSimpleApplication@5264b161
----------------- Done invoking toplevel() on ptolemy.moml.MoMLSimpleApplication@5264b161
reloadAllAccessors: .UnaryMathFunction

===========================================================================================
----------------- testing Tue Mar 10 07:20:48 UTC 2020 /home/travis/build/icyphy/ptII/ptolemy/actor/lib/test/auto/Uniform.xml
----------------- Instantiating /home/travis/build/icyphy/ptII/ptolemy/actor/lib/test/auto/Uniform.xml
2 ms. Memory: 534528K Free: 462894K (87%)
----------------- Invoking toplevel() on ptolemy.moml.MoMLSimpleApplication@24a79371
----------------- Done invoking toplevel() on ptolemy.moml.MoMLSimpleApplication@24a79371
reloadAllAccessors: .Uniform

===========================================================================================
----------------- testing Tue Mar 10 07:20:48 UTC 2020 /home/travis/build/icyphy/ptII/ptolemy/actor/lib/test/auto/UnionDisassemblerTest.xml
----------------- Instantiating /home/travis/build/icyphy/ptII/ptolemy/actor/lib/test/auto/UnionDisassemblerTest.xml
9 ms. Memory: 534528K Free: 458812K (86%)
----------------- Invoking toplevel() on ptolemy.moml.MoMLSimpleApplication@77f1221
----------------- Done invoking toplevel() on ptolemy.moml.MoMLSimpleApplication@77f1221
reloadAllAccessors: .UnionDisassemblerTest

===========================================================================================
----------------- testing Tue Mar 10 07:20:48 UTC 2020 /home/travis/build/icyphy/ptII/ptolemy/actor/lib/test/auto/UtilityFunctions.xml
----------------- Instantiating /home/travis/build/icyphy/ptII/ptolemy/actor/lib/test/auto/UtilityFunctions.xml
1 ms. Memory: 534528K Free: 454206K (85%)
----------------- Invoking toplevel() on ptolemy.moml.MoMLSimpleApplication@7dd49bd1
----------------- Done invoking toplevel() on ptolemy.moml.MoMLSimpleApplication@7dd49bd1
reloadAllAccessors: .UtilityFunctions

===========================================================================================
----------------- testing Tue Mar 10 07:20:48 UTC 2020 /home/travis/build/icyphy/ptII/ptolemy/actor/lib/test/auto/VariableSleep.xml
----------------- Instantiating /home/travis/build/icyphy/ptII/ptolemy/actor/lib/test/auto/VariableSleep.xml
503 ms. Memory: 534528K Free: 449086K (84%)
----------------- Invoking toplevel() on ptolemy.moml.MoMLSimpleApplication@414bfc0b
----------------- Done invoking toplevel() on ptolemy.moml.MoMLSimpleApplication@414bfc0b
reloadAllAccessors: .VariableSleep

===========================================================================================
----------------- testing Tue Mar 10 07:20:49 UTC 2020 /home/travis/build/icyphy/ptII/ptolemy/actor/lib/test/auto/VectorAssemblerDisassemblerCT.xml
----------------- Instantiating /home/travis/build/icyphy/ptII/ptolemy/actor/lib/test/auto/VectorAssemblerDisassemblerCT.xml
66 ms. Memory: 534528K Free: 429116K (80%)
----------------- Invoking toplevel() on ptolemy.moml.MoMLSimpleApplication@4e0f9ba0
----------------- Done invoking toplevel() on ptolemy.moml.MoMLSimpleApplication@4e0f9ba0
reloadAllAccessors: .VectorAssemblerDisassemblerCT

===========================================================================================
----------------- testing Tue Mar 10 07:20:49 UTC 2020 /home/travis/build/icyphy/ptII/ptolemy/actor/lib/test/auto/VectorAssemblerDisassemblerDE.xml
----------------- Instantiating /home/travis/build/icyphy/ptII/ptolemy/actor/lib/test/auto/VectorAssemblerDisassemblerDE.xml
2 ms. Memory: 534528K Free: 421438K (79%)
----------------- Invoking toplevel() on ptolemy.moml.MoMLSimpleApplication@7e93e225
----------------- Done invoking toplevel() on ptolemy.moml.MoMLSimpleApplication@7e93e225
reloadAllAccessors: .VectorAssemblerDisassemblerDE

===========================================================================================
----------------- testing Tue Mar 10 07:20:49 UTC 2020 /home/travis/build/icyphy/ptII/ptolemy/actor/lib/test/auto/VectorAssemblerDisassemblerSDF.xml
----------------- Instantiating /home/travis/build/icyphy/ptII/ptolemy/actor/lib/test/auto/VectorAssemblerDisassemblerSDF.xml
4 ms. Memory: 534528K Free: 415294K (78%)
----------------- Invoking toplevel() on ptolemy.moml.MoMLSimpleApplication@610d07a
----------------- Done invoking toplevel() on ptolemy.moml.MoMLSimpleApplication@610d07a
reloadAllAccessors: .VectorAssemblerDisassemblerSDF

===========================================================================================
----------------- testing Tue Mar 10 07:20:49 UTC 2020 /home/travis/build/icyphy/ptII/ptolemy/actor/lib/test/auto/WallClockTime.xml
----------------- Instantiating /home/travis/build/icyphy/ptII/ptolemy/actor/lib/test/auto/WallClockTime.xml
1004 ms. Memory: 534528K Free: 409660K (77%)
----------------- Invoking toplevel() on ptolemy.moml.MoMLSimpleApplication@14a3c213
----------------- Done invoking toplevel() on ptolemy.moml.MoMLSimpleApplication@14a3c213
reloadAllAccessors: .WallClockTime

===========================================================================================
----------------- testing Tue Mar 10 07:20:50 UTC 2020 /home/travis/build/icyphy/ptII/ptolemy/actor/lib/test/auto/WidthTestWithSubscriberPublisher.xml
----------------- Instantiating /home/travis/build/icyphy/ptII/ptolemy/actor/lib/test/auto/WidthTestWithSubscriberPublisher.xml
6 ms. Memory: 534528K Free: 391742K (73%)
----------------- Invoking toplevel() on ptolemy.moml.MoMLSimpleApplication@7c88317e
----------------- Done invoking toplevel() on ptolemy.moml.MoMLSimpleApplication@7c88317e
reloadAllAccessors: .WidthTestWithSubscriberPublisher

===========================================================================================
----------------- testing Tue Mar 10 07:20:50 UTC 2020 /home/travis/build/icyphy/ptII/ptolemy/actor/lib/test/auto/WidthTestWithSubscriberPublisher2.xml
----------------- Instantiating /home/travis/build/icyphy/ptII/ptolemy/actor/lib/test/auto/WidthTestWithSubscriberPublisher2.xml
2 ms. Memory: 534528K Free: 385084K (72%)
----------------- Invoking toplevel() on ptolemy.moml.MoMLSimpleApplication@4cb0121e
----------------- Done invoking toplevel() on ptolemy.moml.MoMLSimpleApplication@4cb0121e
reloadAllAccessors: .WidthTestWithSubscriberPublisher2

===========================================================================================
----------------- testing Tue Mar 10 07:20:50 UTC 2020 /home/travis/build/icyphy/ptII/ptolemy/actor/lib/test/auto/WidthTestWithSubscriberPublisher3.xml
----------------- Instantiating /home/travis/build/icyphy/ptII/ptolemy/actor/lib/test/auto/WidthTestWithSubscriberPublisher3.xml
2 ms. Memory: 534528K Free: 378940K (71%)
----------------- Invoking toplevel() on ptolemy.moml.MoMLSimpleApplication@263959cc
----------------- Done invoking toplevel() on ptolemy.moml.MoMLSimpleApplication@263959cc
reloadAllAccessors: .WidthTestWithSubscriberPublisher3

===========================================================================================
----------------- testing Tue Mar 10 07:20:50 UTC 2020 /home/travis/build/icyphy/ptII/ptolemy/actor/lib/test/auto/Writer.xml
----------------- Instantiating /home/travis/build/icyphy/ptII/ptolemy/actor/lib/test/auto/Writer.xml
0
1
2
3
4
2 ms. Memory: 534528K Free: 374830K (70%)
----------------- Invoking toplevel() on ptolemy.moml.MoMLSimpleApplication@125e2b4f
----------------- Done invoking toplevel() on ptolemy.moml.MoMLSimpleApplication@125e2b4f
reloadAllAccessors: .Writer

===========================================================================================
----------------- testing Tue Mar 10 07:20:50 UTC 2020 /home/travis/build/icyphy/ptII/ptolemy/actor/lib/test/auto/array.xml
----------------- Instantiating /home/travis/build/icyphy/ptII/ptolemy/actor/lib/test/auto/array.xml
2 ms. Memory: 534528K Free: 370238K (69%)
----------------- Invoking toplevel() on ptolemy.moml.MoMLSimpleApplication@17312950
----------------- Done invoking toplevel() on ptolemy.moml.MoMLSimpleApplication@17312950
reloadAllAccessors: .array

===========================================================================================
----------------- testing Tue Mar 10 07:20:50 UTC 2020 /home/travis/build/icyphy/ptII/ptolemy/actor/lib/test/auto/array2.xml
----------------- Instantiating /home/travis/build/icyphy/ptII/ptolemy/actor/lib/test/auto/array2.xml
13 ms. Memory: 534528K Free: 364590K (68%)
----------------- Invoking toplevel() on ptolemy.moml.MoMLSimpleApplication@2815ec5c
----------------- Done invoking toplevel() on ptolemy.moml.MoMLSimpleApplication@2815ec5c
reloadAllAccessors: .array2

===========================================================================================
----------------- testing Tue Mar 10 07:20:50 UTC 2020 /home/travis/build/icyphy/ptII/ptolemy/actor/lib/test/auto/arrayType.xml
----------------- Instantiating /home/travis/build/icyphy/ptII/ptolemy/actor/lib/test/auto/arrayType.xml
1 ms. Memory: 534528K Free: 359484K (67%)
----------------- Invoking toplevel() on ptolemy.moml.MoMLSimpleApplication@77e4df79
----------------- Done invoking toplevel() on ptolemy.moml.MoMLSimpleApplication@77e4df79
reloadAllAccessors: .arrayType

===========================================================================================
----------------- testing Tue Mar 10 07:20:50 UTC 2020 /home/travis/build/icyphy/ptII/ptolemy/actor/lib/test/auto/arrayType10.xml
----------------- Instantiating /home/travis/build/icyphy/ptII/ptolemy/actor/lib/test/auto/arrayType10.xml
2 ms. Memory: 534528K Free: 354878K (66%)
----------------- Invoking toplevel() on ptolemy.moml.MoMLSimpleApplication@22b38875
----------------- Done invoking toplevel() on ptolemy.moml.MoMLSimpleApplication@22b38875
reloadAllAccessors: .arrayType10

===========================================================================================
----------------- testing Tue Mar 10 07:20:50 UTC 2020 /home/travis/build/icyphy/ptII/ptolemy/actor/lib/test/auto/arrayType11.xml
----------------- Instantiating /home/travis/build/icyphy/ptII/ptolemy/actor/lib/test/auto/arrayType11.xml
1 ms. Memory: 534528K Free: 349758K (65%)
----------------- Invoking toplevel() on ptolemy.moml.MoMLSimpleApplication@672f6b51
----------------- Done invoking toplevel() on ptolemy.moml.MoMLSimpleApplication@672f6b51
reloadAllAccessors: .arrayType11

===========================================================================================
----------------- testing Tue Mar 10 07:20:50 UTC 2020 /home/travis/build/icyphy/ptII/ptolemy/actor/lib/test/auto/arrayType12.xml
----------------- Instantiating /home/travis/build/icyphy/ptII/ptolemy/actor/lib/test/auto/arrayType12.xml
2 ms. Memory: 534528K Free: 345148K (65%)
----------------- Invoking toplevel() on ptolemy.moml.MoMLSimpleApplication@20d9f075
----------------- Done invoking toplevel() on ptolemy.moml.MoMLSimpleApplication@20d9f075
reloadAllAccessors: .arrayType12

===========================================================================================
----------------- testing Tue Mar 10 07:20:50 UTC 2020 /home/travis/build/icyphy/ptII/ptolemy/actor/lib/test/auto/arrayType13.xml
----------------- Instantiating /home/travis/build/icyphy/ptII/ptolemy/actor/lib/test/auto/arrayType13.xml
2 ms. Memory: 534528K Free: 339518K (64%)
----------------- Invoking toplevel() on ptolemy.moml.MoMLSimpleApplication@279703aa
----------------- Done invoking toplevel() on ptolemy.moml.MoMLSimpleApplication@279703aa
reloadAllAccessors: .arrayType13

===========================================================================================
----------------- testing Tue Mar 10 07:20:50 UTC 2020 /home/travis/build/icyphy/ptII/ptolemy/actor/lib/test/auto/arrayType14.xml
----------------- Instantiating /home/travis/build/icyphy/ptII/ptolemy/actor/lib/test/auto/arrayType14.xml
2 ms. Memory: 534528K Free: 334398K (63%)
----------------- Invoking toplevel() on ptolemy.moml.MoMLSimpleApplication@6070bebe
----------------- Done invoking toplevel() on ptolemy.moml.MoMLSimpleApplication@6070bebe
reloadAllAccessors: .arrayType14

===========================================================================================
----------------- testing Tue Mar 10 07:20:50 UTC 2020 /home/travis/build/icyphy/ptII/ptolemy/actor/lib/test/auto/arrayType15.xml
----------------- Instantiating /home/travis/build/icyphy/ptII/ptolemy/actor/lib/test/auto/arrayType15.xml
2 ms. Memory: 534528K Free: 329278K (62%)
----------------- Invoking toplevel() on ptolemy.moml.MoMLSimpleApplication@721f42c4
----------------- Done invoking toplevel() on ptolemy.moml.MoMLSimpleApplication@721f42c4
reloadAllAccessors: .arrayType15

===========================================================================================
----------------- testing Tue Mar 10 07:20:50 UTC 2020 /home/travis/build/icyphy/ptII/ptolemy/actor/lib/test/auto/arrayType16.xml
----------------- Instantiating /home/travis/build/icyphy/ptII/ptolemy/actor/lib/test/auto/arrayType16.xml
2 ms. Memory: 534528K Free: 323644K (61%)
----------------- Invoking toplevel() on ptolemy.moml.MoMLSimpleApplication@98f7878
----------------- Done invoking toplevel() on ptolemy.moml.MoMLSimpleApplication@98f7878
reloadAllAccessors: .arrayType16

===========================================================================================
----------------- testing Tue Mar 10 07:20:50 UTC 2020 /home/travis/build/icyphy/ptII/ptolemy/actor/lib/test/auto/arrayType17.xml
----------------- Instantiating /home/travis/build/icyphy/ptII/ptolemy/actor/lib/test/auto/arrayType17.xml
3 ms. Memory: 534528K Free: 318524K (60%)
----------------- Invoking toplevel() on ptolemy.moml.MoMLSimpleApplication@6d53da63
----------------- Done invoking toplevel() on ptolemy.moml.MoMLSimpleApplication@6d53da63
reloadAllAccessors: .arrayType17

===========================================================================================
----------------- testing Tue Mar 10 07:20:50 UTC 2020 /home/travis/build/icyphy/ptII/ptolemy/actor/lib/test/auto/arrayType18.xml
----------------- Instantiating /home/travis/build/icyphy/ptII/ptolemy/actor/lib/test/auto/arrayType18.xml
3 ms. Memory: 534528K Free: 313918K (59%)
----------------- Invoking toplevel() on ptolemy.moml.MoMLSimpleApplication@e8b8d4d
----------------- Done invoking toplevel() on ptolemy.moml.MoMLSimpleApplication@e8b8d4d
reloadAllAccessors: .arrayType18

===========================================================================================
----------------- testing Tue Mar 10 07:20:50 UTC 2020 /home/travis/build/icyphy/ptII/ptolemy/actor/lib/test/auto/arrayType19.xml
----------------- Instantiating /home/travis/build/icyphy/ptII/ptolemy/actor/lib/test/auto/arrayType19.xml
2 ms. Memory: 534528K Free: 308798K (58%)
----------------- Invoking toplevel() on ptolemy.moml.MoMLSimpleApplication@616f54c7
----------------- Done invoking toplevel() on ptolemy.moml.MoMLSimpleApplication@616f54c7
reloadAllAccessors: .arrayType19

===========================================================================================
----------------- testing Tue Mar 10 07:20:50 UTC 2020 /home/travis/build/icyphy/ptII/ptolemy/actor/lib/test/auto/arrayType2.xml
----------------- Instantiating /home/travis/build/icyphy/ptII/ptolemy/actor/lib/test/auto/arrayType2.xml
2 ms. Memory: 534528K Free: 303678K (57%)
----------------- Invoking toplevel() on ptolemy.moml.MoMLSimpleApplication@2a08f088
----------------- Done invoking toplevel() on ptolemy.moml.MoMLSimpleApplication@2a08f088
reloadAllAccessors: .arrayType2

===========================================================================================
----------------- testing Tue Mar 10 07:20:50 UTC 2020 /home/travis/build/icyphy/ptII/ptolemy/actor/lib/test/auto/arrayType20.xml
----------------- Instantiating /home/travis/build/icyphy/ptII/ptolemy/actor/lib/test/auto/arrayType20.xml
1 ms. Memory: 534528K Free: 298044K (56%)
----------------- Invoking toplevel() on ptolemy.moml.MoMLSimpleApplication@2fb46b02
----------------- Done invoking toplevel() on ptolemy.moml.MoMLSimpleApplication@2fb46b02
reloadAllAccessors: .arrayType20

===========================================================================================
----------------- testing Tue Mar 10 07:20:50 UTC 2020 /home/travis/build/icyphy/ptII/ptolemy/actor/lib/test/auto/arrayType21.xml
----------------- Instantiating /home/travis/build/icyphy/ptII/ptolemy/actor/lib/test/auto/arrayType21.xml
1 ms. Memory: 534528K Free: 292924K (55%)
----------------- Invoking toplevel() on ptolemy.moml.MoMLSimpleApplication@49735db8
----------------- Done invoking toplevel() on ptolemy.moml.MoMLSimpleApplication@49735db8
reloadAllAccessors: .arrayType21

===========================================================================================
----------------- testing Tue Mar 10 07:20:50 UTC 2020 /home/travis/build/icyphy/ptII/ptolemy/actor/lib/test/auto/arrayType22.xml
----------------- Instantiating /home/travis/build/icyphy/ptII/ptolemy/actor/lib/test/auto/arrayType22.xml
1 ms. Memory: 534528K Free: 288318K (54%)
----------------- Invoking toplevel() on ptolemy.moml.MoMLSimpleApplication@1d5854d
----------------- Done invoking toplevel() on ptolemy.moml.MoMLSimpleApplication@1d5854d
reloadAllAccessors: .arrayType22

===========================================================================================
----------------- testing Tue Mar 10 07:20:50 UTC 2020 /home/travis/build/icyphy/ptII/ptolemy/actor/lib/test/auto/arrayType23.xml
----------------- Instantiating /home/travis/build/icyphy/ptII/ptolemy/actor/lib/test/auto/arrayType23.xml
1 ms. Memory: 534528K Free: 283198K (53%)
----------------- Invoking toplevel() on ptolemy.moml.MoMLSimpleApplication@52b05e33
----------------- Done invoking toplevel() on ptolemy.moml.MoMLSimpleApplication@52b05e33
reloadAllAccessors: .arrayType23

===========================================================================================
----------------- testing Tue Mar 10 07:20:50 UTC 2020 /home/travis/build/icyphy/ptII/ptolemy/actor/lib/test/auto/arrayType24.xml
----------------- Instantiating /home/travis/build/icyphy/ptII/ptolemy/actor/lib/test/auto/arrayType24.xml
2 ms. Memory: 534528K Free: 278588K (52%)
----------------- Invoking toplevel() on ptolemy.moml.MoMLSimpleApplication@610d3026
----------------- Done invoking toplevel() on ptolemy.moml.MoMLSimpleApplication@610d3026
reloadAllAccessors: .arrayType24

===========================================================================================
----------------- testing Tue Mar 10 07:20:50 UTC 2020 /home/travis/build/icyphy/ptII/ptolemy/actor/lib/test/auto/arrayType25.xml
----------------- Instantiating /home/travis/build/icyphy/ptII/ptolemy/actor/lib/test/auto/arrayType25.xml
2 ms. Memory: 534528K Free: 273468K (51%)
----------------- Invoking toplevel() on ptolemy.moml.MoMLSimpleApplication@d94bcb7
----------------- Done invoking toplevel() on ptolemy.moml.MoMLSimpleApplication@d94bcb7
reloadAllAccessors: .arrayType25

===========================================================================================
----------------- testing Tue Mar 10 07:20:50 UTC 2020 /home/travis/build/icyphy/ptII/ptolemy/actor/lib/test/auto/arrayType26.xml
----------------- Instantiating /home/travis/build/icyphy/ptII/ptolemy/actor/lib/test/auto/arrayType26.xml
1 ms. Memory: 534528K Free: 267838K (50%)
----------------- Invoking toplevel() on ptolemy.moml.MoMLSimpleApplication@4b6ba3cc
----------------- Done invoking toplevel() on ptolemy.moml.MoMLSimpleApplication@4b6ba3cc
reloadAllAccessors: .arrayType26

===========================================================================================
----------------- testing Tue Mar 10 07:20:50 UTC 2020 /home/travis/build/icyphy/ptII/ptolemy/actor/lib/test/auto/arrayType27.xml
----------------- Instantiating /home/travis/build/icyphy/ptII/ptolemy/actor/lib/test/auto/arrayType27.xml
1 ms. Memory: 534528K Free: 262718K (49%)
----------------- Invoking toplevel() on ptolemy.moml.MoMLSimpleApplication@7b0de886
----------------- Done invoking toplevel() on ptolemy.moml.MoMLSimpleApplication@7b0de886
reloadAllAccessors: .arrayType27

===========================================================================================
----------------- testing Tue Mar 10 07:20:50 UTC 2020 /home/travis/build/icyphy/ptII/ptolemy/actor/lib/test/auto/arrayType28.xml
----------------- Instantiating /home/travis/build/icyphy/ptII/ptolemy/actor/lib/test/auto/arrayType28.xml
2 ms. Memory: 534528K Free: 257084K (48%)
----------------- Invoking toplevel() on ptolemy.moml.MoMLSimpleApplication@503bc603
----------------- Done invoking toplevel() on ptolemy.moml.MoMLSimpleApplication@503bc603
reloadAllAccessors: .arrayType28

===========================================================================================
----------------- testing Tue Mar 10 07:20:50 UTC 2020 /home/travis/build/icyphy/ptII/ptolemy/actor/lib/test/auto/arrayType3.xml
----------------- Instantiating /home/travis/build/icyphy/ptII/ptolemy/actor/lib/test/auto/arrayType3.xml
2 ms. Memory: 534528K Free: 251964K (47%)
----------------- Invoking toplevel() on ptolemy.moml.MoMLSimpleApplication@112d663e
----------------- Done invoking toplevel() on ptolemy.moml.MoMLSimpleApplication@112d663e
reloadAllAccessors: .arrayType3

===========================================================================================
----------------- testing Tue Mar 10 07:20:50 UTC 2020 /home/travis/build/icyphy/ptII/ptolemy/actor/lib/test/auto/arrayType4.xml
----------------- Instantiating /home/travis/build/icyphy/ptII/ptolemy/actor/lib/test/auto/arrayType4.xml
1 ms. Memory: 534528K Free: 246844K (46%)
----------------- Invoking toplevel() on ptolemy.moml.MoMLSimpleApplication@33d33fe2
----------------- Done invoking toplevel() on ptolemy.moml.MoMLSimpleApplication@33d33fe2
reloadAllAccessors: .arrayType4

===========================================================================================
----------------- testing Tue Mar 10 07:20:50 UTC 2020 /home/travis/build/icyphy/ptII/ptolemy/actor/lib/test/auto/arrayType5.xml
----------------- Instantiating /home/travis/build/icyphy/ptII/ptolemy/actor/lib/test/auto/arrayType5.xml
6 ms. Memory: 534528K Free: 241214K (45%)
----------------- Invoking toplevel() on ptolemy.moml.MoMLSimpleApplication@72376bb9
----------------- Done invoking toplevel() on ptolemy.moml.MoMLSimpleApplication@72376bb9
reloadAllAccessors: .arrayType5

===========================================================================================
----------------- testing Tue Mar 10 07:20:50 UTC 2020 /home/travis/build/icyphy/ptII/ptolemy/actor/lib/test/auto/arrayType6.xml
----------------- Instantiating /home/travis/build/icyphy/ptII/ptolemy/actor/lib/test/auto/arrayType6.xml
1 ms. Memory: 534528K Free: 236604K (44%)
----------------- Invoking toplevel() on ptolemy.moml.MoMLSimpleApplication@1869f901
----------------- Done invoking toplevel() on ptolemy.moml.MoMLSimpleApplication@1869f901
reloadAllAccessors: .arrayType6

===========================================================================================
----------------- testing Tue Mar 10 07:20:50 UTC 2020 /home/travis/build/icyphy/ptII/ptolemy/actor/lib/test/auto/arrayType7.xml
----------------- Instantiating /home/travis/build/icyphy/ptII/ptolemy/actor/lib/test/auto/arrayType7.xml
2 ms. Memory: 534528K Free: 231484K (43%)
----------------- Invoking toplevel() on ptolemy.moml.MoMLSimpleApplication@3805a59d
----------------- Done invoking toplevel() on ptolemy.moml.MoMLSimpleApplication@3805a59d
reloadAllAccessors: .arrayType7

===========================================================================================
----------------- testing Tue Mar 10 07:20:50 UTC 2020 /home/travis/build/icyphy/ptII/ptolemy/actor/lib/test/auto/arrayType8.xml
----------------- Instantiating /home/travis/build/icyphy/ptII/ptolemy/actor/lib/test/auto/arrayType8.xml
2 ms. Memory: 534528K Free: 226878K (42%)
----------------- Invoking toplevel() on ptolemy.moml.MoMLSimpleApplication@61ddf487
----------------- Done invoking toplevel() on ptolemy.moml.MoMLSimpleApplication@61ddf487
reloadAllAccessors: .arrayType8

===========================================================================================
----------------- testing Tue Mar 10 07:20:50 UTC 2020 /home/travis/build/icyphy/ptII/ptolemy/actor/lib/test/auto/arrayType9.xml
----------------- Instantiating /home/travis/build/icyphy/ptII/ptolemy/actor/lib/test/auto/arrayType9.xml
2 ms. Memory: 534528K Free: 221758K (41%)
----------------- Invoking toplevel() on ptolemy.moml.MoMLSimpleApplication@88266da
----------------- Done invoking toplevel() on ptolemy.moml.MoMLSimpleApplication@88266da
reloadAllAccessors: .arrayType9

===========================================================================================
----------------- testing Tue Mar 10 07:20:50 UTC 2020 /home/travis/build/icyphy/ptII/ptolemy/actor/lib/test/auto/cast.xml
----------------- Instantiating /home/travis/build/icyphy/ptII/ptolemy/actor/lib/test/auto/cast.xml
2 ms. Memory: 534528K Free: 217148K (41%)
----------------- Invoking toplevel() on ptolemy.moml.MoMLSimpleApplication@1cbc0b9e
----------------- Done invoking toplevel() on ptolemy.moml.MoMLSimpleApplication@1cbc0b9e
reloadAllAccessors: .cast

===========================================================================================
----------------- testing Tue Mar 10 07:20:50 UTC 2020 /home/travis/build/icyphy/ptII/ptolemy/actor/lib/test/auto/compositeMultiPort.xml
----------------- Instantiating /home/travis/build/icyphy/ptII/ptolemy/actor/lib/test/auto/compositeMultiPort.xml
3 ms. Memory: 534528K Free: 208446K (39%)
----------------- Invoking toplevel() on ptolemy.moml.MoMLSimpleApplication@1ff9d628
----------------- Done invoking toplevel() on ptolemy.moml.MoMLSimpleApplication@1ff9d628
reloadAllAccessors: .compositeMultiPort

===========================================================================================
----------------- testing Tue Mar 10 07:20:50 UTC 2020 /home/travis/build/icyphy/ptII/ptolemy/actor/lib/test/auto/expressionCastInference.xml
----------------- Instantiating /home/travis/build/icyphy/ptII/ptolemy/actor/lib/test/auto/expressionCastInference.xml
2 ms. Memory: 534528K Free: 203326K (38%)
----------------- Invoking toplevel() on ptolemy.moml.MoMLSimpleApplication@98def8f
----------------- Done invoking toplevel() on ptolemy.moml.MoMLSimpleApplication@98def8f
reloadAllAccessors: .expressionCastInference

===========================================================================================
----------------- testing Tue Mar 10 07:20:50 UTC 2020 /home/travis/build/icyphy/ptII/ptolemy/actor/lib/test/auto/expressionCastInference2.xml
----------------- Instantiating /home/travis/build/icyphy/ptII/ptolemy/actor/lib/test/auto/expressionCastInference2.xml
2 ms. Memory: 534528K Free: 198716K (37%)
----------------- Invoking toplevel() on ptolemy.moml.MoMLSimpleApplication@64f5617a
----------------- Done invoking toplevel() on ptolemy.moml.MoMLSimpleApplication@64f5617a
reloadAllAccessors: .expressionCastInference2

===========================================================================================
----------------- testing Tue Mar 10 07:20:50 UTC 2020 /home/travis/build/icyphy/ptII/ptolemy/actor/lib/test/auto/expressionInference.xml
----------------- Instantiating /home/travis/build/icyphy/ptII/ptolemy/actor/lib/test/auto/expressionInference.xml
1 ms. Memory: 534528K Free: 194110K (36%)
----------------- Invoking toplevel() on ptolemy.moml.MoMLSimpleApplication@5749550b
----------------- Done invoking toplevel() on ptolemy.moml.MoMLSimpleApplication@5749550b
reloadAllAccessors: .expressionInference

===========================================================================================
----------------- testing Tue Mar 10 07:20:50 UTC 2020 /home/travis/build/icyphy/ptII/ptolemy/actor/lib/test/auto/expression_bug.xml
----------------- Instantiating /home/travis/build/icyphy/ptII/ptolemy/actor/lib/test/auto/expression_bug.xml
1 ms. Memory: 534528K Free: 189500K (35%)
----------------- Invoking toplevel() on ptolemy.moml.MoMLSimpleApplication@2685e207
----------------- Done invoking toplevel() on ptolemy.moml.MoMLSimpleApplication@2685e207
reloadAllAccessors: .expression_bug

===========================================================================================
----------------- testing Tue Mar 10 07:20:50 UTC 2020 /home/travis/build/icyphy/ptII/ptolemy/actor/lib/test/auto/factorial.xml
----------------- Instantiating /home/travis/build/icyphy/ptII/ptolemy/actor/lib/test/auto/factorial.xml
40 ms. Memory: 534528K Free: 180798K (34%)
----------------- Invoking toplevel() on ptolemy.moml.MoMLSimpleApplication@f03af0f
----------------- Done invoking toplevel() on ptolemy.moml.MoMLSimpleApplication@f03af0f
reloadAllAccessors: .factorial

===========================================================================================
----------------- testing Tue Mar 10 07:20:50 UTC 2020 /home/travis/build/icyphy/ptII/ptolemy/actor/lib/test/auto/filterTest1.xml
----------------- Instantiating /home/travis/build/icyphy/ptII/ptolemy/actor/lib/test/auto/filterTest1.xml
2 ms. Memory: 534528K Free: 175164K (33%)
----------------- Invoking toplevel() on ptolemy.moml.MoMLSimpleApplication@1d155834
----------------- Done invoking toplevel() on ptolemy.moml.MoMLSimpleApplication@1d155834
reloadAllAccessors: .filterTest1

===========================================================================================
----------------- testing Tue Mar 10 07:20:50 UTC 2020 /home/travis/build/icyphy/ptII/ptolemy/actor/lib/test/auto/funcApplyInConst.xml
----------------- Instantiating /home/travis/build/icyphy/ptII/ptolemy/actor/lib/test/auto/funcApplyInConst.xml
1 ms. Memory: 534528K Free: 171582K (32%)
----------------- Invoking toplevel() on ptolemy.moml.MoMLSimpleApplication@4a920678
----------------- Done invoking toplevel() on ptolemy.moml.MoMLSimpleApplication@4a920678
reloadAllAccessors: .funcApplyInConst

===========================================================================================
----------------- testing Tue Mar 10 07:20:50 UTC 2020 /home/travis/build/icyphy/ptII/ptolemy/actor/lib/test/auto/funcApplyInExpr.xml
----------------- Instantiating /home/travis/build/icyphy/ptII/ptolemy/actor/lib/test/auto/funcApplyInExpr.xml
1 ms. Memory: 534528K Free: 167486K (31%)
----------------- Invoking toplevel() on ptolemy.moml.MoMLSimpleApplication@574d03b
----------------- Done invoking toplevel() on ptolemy.moml.MoMLSimpleApplication@574d03b
reloadAllAccessors: .funcApplyInExpr

===========================================================================================
----------------- testing Tue Mar 10 07:20:50 UTC 2020 /home/travis/build/icyphy/ptII/ptolemy/actor/lib/test/auto/function.xml
----------------- Instantiating /home/travis/build/icyphy/ptII/ptolemy/actor/lib/test/auto/function.xml
5 ms. Memory: 534528K Free: 476672K (89%)
----------------- Invoking toplevel() on ptolemy.moml.MoMLSimpleApplication@6fe115a9
----------------- Done invoking toplevel() on ptolemy.moml.MoMLSimpleApplication@6fe115a9
reloadAllAccessors: .function

===========================================================================================
----------------- testing Tue Mar 10 07:20:50 UTC 2020 /home/travis/build/icyphy/ptII/ptolemy/actor/lib/test/auto/function2.xml
----------------- Instantiating /home/travis/build/icyphy/ptII/ptolemy/actor/lib/test/auto/function2.xml
4 ms. Memory: 534528K Free: 471552K (88%)
----------------- Invoking toplevel() on ptolemy.moml.MoMLSimpleApplication@791d8de0
----------------- Done invoking toplevel() on ptolemy.moml.MoMLSimpleApplication@791d8de0
reloadAllAccessors: .function2

===========================================================================================
----------------- testing Tue Mar 10 07:20:50 UTC 2020 /home/travis/build/icyphy/ptII/ptolemy/actor/lib/test/auto/function3.xml
----------------- Instantiating /home/travis/build/icyphy/ptII/ptolemy/actor/lib/test/auto/function3.xml
2 ms. Memory: 534528K Free: 467966K (88%)
----------------- Invoking toplevel() on ptolemy.moml.MoMLSimpleApplication@1db8e1d5
----------------- Done invoking toplevel() on ptolemy.moml.MoMLSimpleApplication@1db8e1d5
reloadAllAccessors: .function3

===========================================================================================
----------------- testing Tue Mar 10 07:20:50 UTC 2020 /home/travis/build/icyphy/ptII/ptolemy/actor/lib/test/auto/functionClosureTest1.xml
----------------- Instantiating /home/travis/build/icyphy/ptII/ptolemy/actor/lib/test/auto/functionClosureTest1.xml
3 ms. Memory: 534528K Free: 461815K (86%)
----------------- Invoking toplevel() on ptolemy.moml.MoMLSimpleApplication@48e99934
----------------- Done invoking toplevel() on ptolemy.moml.MoMLSimpleApplication@48e99934
reloadAllAccessors: .functionClosureTest1

===========================================================================================
----------------- testing Tue Mar 10 07:20:51 UTC 2020 /home/travis/build/icyphy/ptII/ptolemy/actor/lib/test/auto/functionClosureTest2.xml
----------------- Instantiating /home/travis/build/icyphy/ptII/ptolemy/actor/lib/test/auto/functionClosureTest2.xml
1 ms. Memory: 534528K Free: 458240K (86%)
----------------- Invoking toplevel() on ptolemy.moml.MoMLSimpleApplication@7f8fb8c4
----------------- Done invoking toplevel() on ptolemy.moml.MoMLSimpleApplication@7f8fb8c4
reloadAllAccessors: .functionClosureTest2

===========================================================================================
----------------- testing Tue Mar 10 07:20:51 UTC 2020 /home/travis/build/icyphy/ptII/ptolemy/actor/lib/test/auto/functionClosureTest3.xml
----------------- Instantiating /home/travis/build/icyphy/ptII/ptolemy/actor/lib/test/auto/functionClosureTest3.xml
2 ms. Memory: 534528K Free: 452606K (85%)
----------------- Invoking toplevel() on ptolemy.moml.MoMLSimpleApplication@39cec76f
----------------- Done invoking toplevel() on ptolemy.moml.MoMLSimpleApplication@39cec76f
reloadAllAccessors: .functionClosureTest3

===========================================================================================
----------------- testing Tue Mar 10 07:20:51 UTC 2020 /home/travis/build/icyphy/ptII/ptolemy/actor/lib/test/auto/functionClosureTest4.xml
----------------- Instantiating /home/travis/build/icyphy/ptII/ptolemy/actor/lib/test/auto/functionClosureTest4.xml
2 ms. Memory: 534528K Free: 446462K (84%)
----------------- Invoking toplevel() on ptolemy.moml.MoMLSimpleApplication@7378bb29
----------------- Done invoking toplevel() on ptolemy.moml.MoMLSimpleApplication@7378bb29
reloadAllAccessors: .functionClosureTest4

===========================================================================================
----------------- testing Tue Mar 10 07:20:51 UTC 2020 /home/travis/build/icyphy/ptII/ptolemy/actor/lib/test/auto/functionClosureTest5.xml
----------------- Instantiating /home/travis/build/icyphy/ptII/ptolemy/actor/lib/test/auto/functionClosureTest5.xml
3 ms. Memory: 534528K Free: 440832K (82%)
----------------- Invoking toplevel() on ptolemy.moml.MoMLSimpleApplication@63bd6381
----------------- Done invoking toplevel() on ptolemy.moml.MoMLSimpleApplication@63bd6381
reloadAllAccessors: .functionClosureTest5

===========================================================================================
----------------- testing Tue Mar 10 07:20:51 UTC 2020 /home/travis/build/icyphy/ptII/ptolemy/actor/lib/test/auto/functionClosureTest6.xml
----------------- Instantiating /home/travis/build/icyphy/ptII/ptolemy/actor/lib/test/auto/functionClosureTest6.xml
2 ms. Memory: 534528K Free: 436207K (82%)
----------------- Invoking toplevel() on ptolemy.moml.MoMLSimpleApplication@366d78db
----------------- Done invoking toplevel() on ptolemy.moml.MoMLSimpleApplication@366d78db
reloadAllAccessors: .functionClosureTest6

===========================================================================================
----------------- testing Tue Mar 10 07:20:51 UTC 2020 /home/travis/build/icyphy/ptII/ptolemy/actor/lib/test/auto/functionsOnArcs.xml
----------------- Instantiating /home/travis/build/icyphy/ptII/ptolemy/actor/lib/test/auto/functionsOnArcs.xml
4 ms. Memory: 534528K Free: 430592K (81%)
----------------- Invoking toplevel() on ptolemy.moml.MoMLSimpleApplication@124677b6
----------------- Done invoking toplevel() on ptolemy.moml.MoMLSimpleApplication@124677b6
reloadAllAccessors: .functionsOnArcs

===========================================================================================
----------------- testing Tue Mar 10 07:20:51 UTC 2020 /home/travis/build/icyphy/ptII/ptolemy/actor/lib/test/auto/functionsOnArcsHOF.xml
----------------- Instantiating /home/travis/build/icyphy/ptII/ptolemy/actor/lib/test/auto/functionsOnArcsHOF.xml
3 ms. Memory: 534528K Free: 424958K (80%)
----------------- Invoking toplevel() on ptolemy.moml.MoMLSimpleApplication@3c3713a6
----------------- Done invoking toplevel() on ptolemy.moml.MoMLSimpleApplication@3c3713a6
reloadAllAccessors: .functionsOnArcsHOF

===========================================================================================
----------------- testing Tue Mar 10 07:20:51 UTC 2020 /home/travis/build/icyphy/ptII/ptolemy/actor/lib/test/auto/logic.xml
----------------- Instantiating /home/travis/build/icyphy/ptII/ptolemy/actor/lib/test/auto/logic.xml
2 ms. Memory: 534528K Free: 417280K (78%)
----------------- Invoking toplevel() on ptolemy.moml.MoMLSimpleApplication@356e9460
----------------- Done invoking toplevel() on ptolemy.moml.MoMLSimpleApplication@356e9460
reloadAllAccessors: .logic

===========================================================================================
----------------- testing Tue Mar 10 07:20:51 UTC 2020 /home/travis/build/icyphy/ptII/ptolemy/actor/lib/test/auto/matrixType.xml
----------------- Instantiating /home/travis/build/icyphy/ptII/ptolemy/actor/lib/test/auto/matrixType.xml
2 ms. Memory: 534528K Free: 412670K (77%)
----------------- Invoking toplevel() on ptolemy.moml.MoMLSimpleApplication@5416655e
----------------- Done invoking toplevel() on ptolemy.moml.MoMLSimpleApplication@5416655e
reloadAllAccessors: .matrixType

===========================================================================================
----------------- testing Tue Mar 10 07:20:51 UTC 2020 /home/travis/build/icyphy/ptII/ptolemy/actor/lib/test/auto/matrixType10.xml
----------------- Instantiating /home/travis/build/icyphy/ptII/ptolemy/actor/lib/test/auto/matrixType10.xml
2 ms. Memory: 534528K Free: 407550K (76%)
----------------- Invoking toplevel() on ptolemy.moml.MoMLSimpleApplication@517a7bf3
----------------- Done invoking toplevel() on ptolemy.moml.MoMLSimpleApplication@517a7bf3
reloadAllAccessors: .matrixType10

===========================================================================================
----------------- testing Tue Mar 10 07:20:51 UTC 2020 /home/travis/build/icyphy/ptII/ptolemy/actor/lib/test/auto/matrixType11.xml
----------------- Instantiating /home/travis/build/icyphy/ptII/ptolemy/actor/lib/test/auto/matrixType11.xml
2 ms. Memory: 534528K Free: 402944K (75%)
----------------- Invoking toplevel() on ptolemy.moml.MoMLSimpleApplication@d540b50
----------------- Done invoking toplevel() on ptolemy.moml.MoMLSimpleApplication@d540b50
reloadAllAccessors: .matrixType11

===========================================================================================
----------------- testing Tue Mar 10 07:20:51 UTC 2020 /home/travis/build/icyphy/ptII/ptolemy/actor/lib/test/auto/matrixType12.xml
----------------- Instantiating /home/travis/build/icyphy/ptII/ptolemy/actor/lib/test/auto/matrixType12.xml
2 ms. Memory: 534528K Free: 397824K (74%)
----------------- Invoking toplevel() on ptolemy.moml.MoMLSimpleApplication@265cde18
----------------- Done invoking toplevel() on ptolemy.moml.MoMLSimpleApplication@265cde18
reloadAllAccessors: .matrixType12

===========================================================================================
----------------- testing Tue Mar 10 07:20:51 UTC 2020 /home/travis/build/icyphy/ptII/ptolemy/actor/lib/test/auto/matrixType13.xml
----------------- Instantiating /home/travis/build/icyphy/ptII/ptolemy/actor/lib/test/auto/matrixType13.xml
1 ms. Memory: 534528K Free: 393214K (74%)
----------------- Invoking toplevel() on ptolemy.moml.MoMLSimpleApplication@7ffd20ea
----------------- Done invoking toplevel() on ptolemy.moml.MoMLSimpleApplication@7ffd20ea
reloadAllAccessors: .matrixType13

===========================================================================================
----------------- testing Tue Mar 10 07:20:51 UTC 2020 /home/travis/build/icyphy/ptII/ptolemy/actor/lib/test/auto/matrixType14.xml
----------------- Instantiating /home/travis/build/icyphy/ptII/ptolemy/actor/lib/test/auto/matrixType14.xml
2 ms. Memory: 534528K Free: 388094K (73%)
----------------- Invoking toplevel() on ptolemy.moml.MoMLSimpleApplication@15738f67
----------------- Done invoking toplevel() on ptolemy.moml.MoMLSimpleApplication@15738f67
reloadAllAccessors: .matrixType14

===========================================================================================
----------------- testing Tue Mar 10 07:20:51 UTC 2020 /home/travis/build/icyphy/ptII/ptolemy/actor/lib/test/auto/matrixType2.xml
----------------- Instantiating /home/travis/build/icyphy/ptII/ptolemy/actor/lib/test/auto/matrixType2.xml
1 ms. Memory: 534528K Free: 382959K (72%)
----------------- Invoking toplevel() on ptolemy.moml.MoMLSimpleApplication@79a5f6b
----------------- Done invoking toplevel() on ptolemy.moml.MoMLSimpleApplication@79a5f6b
reloadAllAccessors: .matrixType2

===========================================================================================
----------------- testing Tue Mar 10 07:20:51 UTC 2020 /home/travis/build/icyphy/ptII/ptolemy/actor/lib/test/auto/matrixType3.xml
----------------- Instantiating /home/travis/build/icyphy/ptII/ptolemy/actor/lib/test/auto/matrixType3.xml
4 ms. Memory: 534528K Free: 377854K (71%)
----------------- Invoking toplevel() on ptolemy.moml.MoMLSimpleApplication@68efecfb
----------------- Done invoking toplevel() on ptolemy.moml.MoMLSimpleApplication@68efecfb
reloadAllAccessors: .matrixType3

===========================================================================================
----------------- testing Tue Mar 10 07:20:51 UTC 2020 /home/travis/build/icyphy/ptII/ptolemy/actor/lib/test/auto/matrixType4.xml
----------------- Instantiating /home/travis/build/icyphy/ptII/ptolemy/actor/lib/test/auto/matrixType4.xml
2 ms. Memory: 534528K Free: 373248K (70%)
----------------- Invoking toplevel() on ptolemy.moml.MoMLSimpleApplication@2f18d379
----------------- Done invoking toplevel() on ptolemy.moml.MoMLSimpleApplication@2f18d379
reloadAllAccessors: .matrixType4

===========================================================================================
----------------- testing Tue Mar 10 07:20:51 UTC 2020 /home/travis/build/icyphy/ptII/ptolemy/actor/lib/test/auto/matrixType5.xml
----------------- Instantiating /home/travis/build/icyphy/ptII/ptolemy/actor/lib/test/auto/matrixType5.xml
2 ms. Memory: 534528K Free: 368128K (69%)
----------------- Invoking toplevel() on ptolemy.moml.MoMLSimpleApplication@60e41d5b
----------------- Done invoking toplevel() on ptolemy.moml.MoMLSimpleApplication@60e41d5b
reloadAllAccessors: .matrixType5

===========================================================================================
----------------- testing Tue Mar 10 07:20:51 UTC 2020 /home/travis/build/icyphy/ptII/ptolemy/actor/lib/test/auto/matrixType6.xml
----------------- Instantiating /home/travis/build/icyphy/ptII/ptolemy/actor/lib/test/auto/matrixType6.xml
1 ms. Memory: 534528K Free: 363518K (68%)
----------------- Invoking toplevel() on ptolemy.moml.MoMLSimpleApplication@71826e3f
----------------- Done invoking toplevel() on ptolemy.moml.MoMLSimpleApplication@71826e3f
reloadAllAccessors: .matrixType6

===========================================================================================
----------------- testing Tue Mar 10 07:20:51 UTC 2020 /home/travis/build/icyphy/ptII/ptolemy/actor/lib/test/auto/matrixType7.xml
----------------- Instantiating /home/travis/build/icyphy/ptII/ptolemy/actor/lib/test/auto/matrixType7.xml
2 ms. Memory: 534528K Free: 358398K (67%)
----------------- Invoking toplevel() on ptolemy.moml.MoMLSimpleApplication@5feb8c0f
----------------- Done invoking toplevel() on ptolemy.moml.MoMLSimpleApplication@5feb8c0f
reloadAllAccessors: .matrixType7

===========================================================================================
----------------- testing Tue Mar 10 07:20:51 UTC 2020 /home/travis/build/icyphy/ptII/ptolemy/actor/lib/test/auto/matrixType8.xml
----------------- Instantiating /home/travis/build/icyphy/ptII/ptolemy/actor/lib/test/auto/matrixType8.xml
2 ms. Memory: 534528K Free: 353792K (66%)
----------------- Invoking toplevel() on ptolemy.moml.MoMLSimpleApplication@c427063
----------------- Done invoking toplevel() on ptolemy.moml.MoMLSimpleApplication@c427063
reloadAllAccessors: .matrixType8

===========================================================================================
----------------- testing Tue Mar 10 07:20:51 UTC 2020 /home/travis/build/icyphy/ptII/ptolemy/actor/lib/test/auto/matrixType9.xml
----------------- Instantiating /home/travis/build/icyphy/ptII/ptolemy/actor/lib/test/auto/matrixType9.xml
2 ms. Memory: 534528K Free: 348672K (65%)
----------------- Invoking toplevel() on ptolemy.moml.MoMLSimpleApplication@50893b15
----------------- Done invoking toplevel() on ptolemy.moml.MoMLSimpleApplication@50893b15
reloadAllAccessors: .matrixType9

===========================================================================================
----------------- testing Tue Mar 10 07:20:51 UTC 2020 /home/travis/build/icyphy/ptII/ptolemy/actor/lib/test/auto/paraFunctest.xml
----------------- Instantiating /home/travis/build/icyphy/ptII/ptolemy/actor/lib/test/auto/paraFunctest.xml
1 ms. Memory: 534528K Free: 344576K (64%)
----------------- Invoking toplevel() on ptolemy.moml.MoMLSimpleApplication@37ee5085
----------------- Done invoking toplevel() on ptolemy.moml.MoMLSimpleApplication@37ee5085
reloadAllAccessors: .paraFunctest

===========================================================================================
----------------- testing Tue Mar 10 07:20:51 UTC 2020 /home/travis/build/icyphy/ptII/ptolemy/actor/lib/test/auto/paraFunctest2.xml
----------------- Instantiating /home/travis/build/icyphy/ptII/ptolemy/actor/lib/test/auto/paraFunctest2.xml
2 ms. Memory: 534528K Free: 339966K (64%)
----------------- Invoking toplevel() on ptolemy.moml.MoMLSimpleApplication@173e8c28
----------------- Done invoking toplevel() on ptolemy.moml.MoMLSimpleApplication@173e8c28
reloadAllAccessors: .paraFunctest2

===========================================================================================
----------------- testing Tue Mar 10 07:20:51 UTC 2020 /home/travis/build/icyphy/ptII/ptolemy/actor/lib/test/auto/parameterPassing.xml
----------------- Instantiating /home/travis/build/icyphy/ptII/ptolemy/actor/lib/test/auto/parameterPassing.xml
1 ms. Memory: 534528K Free: 335870K (63%)
----------------- Invoking toplevel() on ptolemy.moml.MoMLSimpleApplication@1310bf82
----------------- Done invoking toplevel() on ptolemy.moml.MoMLSimpleApplication@1310bf82
reloadAllAccessors: .parameterPassing

===========================================================================================
----------------- testing Tue Mar 10 07:20:51 UTC 2020 /home/travis/build/icyphy/ptII/ptolemy/actor/lib/test/auto/record.xml
----------------- Instantiating /home/travis/build/icyphy/ptII/ptolemy/actor/lib/test/auto/record.xml
3 ms. Memory: 534528K Free: 330750K (62%)
----------------- Invoking toplevel() on ptolemy.moml.MoMLSimpleApplication@7d789236
----------------- Done invoking toplevel() on ptolemy.moml.MoMLSimpleApplication@7d789236
reloadAllAccessors: .record

===========================================================================================
----------------- testing Tue Mar 10 07:20:51 UTC 2020 /home/travis/build/icyphy/ptII/ptolemy/actor/lib/test/auto/sizedarray1.xml
----------------- Instantiating /home/travis/build/icyphy/ptII/ptolemy/actor/lib/test/auto/sizedarray1.xml
1 ms. Memory: 534528K Free: 325120K (61%)
----------------- Invoking toplevel() on ptolemy.moml.MoMLSimpleApplication@3dbf0103
----------------- Done invoking toplevel() on ptolemy.moml.MoMLSimpleApplication@3dbf0103
reloadAllAccessors: .sizedarray1

===========================================================================================
----------------- testing Tue Mar 10 07:20:51 UTC 2020 /home/travis/build/icyphy/ptII/ptolemy/actor/lib/test/auto/sizedarray2.xml
----------------- Instantiating /home/travis/build/icyphy/ptII/ptolemy/actor/lib/test/auto/sizedarray2.xml
2 ms. Memory: 534528K Free: 319486K (60%)
----------------- Invoking toplevel() on ptolemy.moml.MoMLSimpleApplication@6a34b714
----------------- Done invoking toplevel() on ptolemy.moml.MoMLSimpleApplication@6a34b714
reloadAllAccessors: .sizedarray2

===========================================================================================
----------------- testing Tue Mar 10 07:20:51 UTC 2020 /home/travis/build/icyphy/ptII/ptolemy/actor/lib/test/auto/twoPublishers.xml
----------------- Instantiating /home/travis/build/icyphy/ptII/ptolemy/actor/lib/test/auto/twoPublishers.xml
5 ms. Memory: 534528K Free: 308736K (58%)
----------------- Invoking toplevel() on ptolemy.moml.MoMLSimpleApplication@27ea3893
----------------- Done invoking toplevel() on ptolemy.moml.MoMLSimpleApplication@27ea3893
reloadAllAccessors: .twoPublishers
AutoTests.java: About to close Vertx.
AutoTests.java: Vertx closed.
]]></system-out>
  <system-err><![CDATA[java.lang.RuntimeException: Execution failed
	at ptolemy.moml.MoMLSimpleApplication$UnloadThread.run(MoMLSimpleApplication.java:402)
Caused by: java.lang.RuntimeException: StringUtilities.exit() was called. Normally, we would exit here because Manager.exitAfterWrapup() was called.  However, because the ptolemy.ptII.exitAfterWrapup property is set, we throw this exception instead.
	at ptolemy.util.StringUtilities.exit(StringUtilities.java:365)
	at ptolemy.actor.Manager.wrapup(Manager.java:1549)
	at ptolemy.actor.Manager.execute(Manager.java:407)
	at ptolemy.actor.Manager.run(Manager.java:1263)
	at ptolemy.actor.Manager$PtolemyRunThread.run(Manager.java:1933)
Warning: '.top.test' is in training mode, set the trainingMode parameter to false before checking in
Warning: '.top.test' is in training mode, set the trainingMode parameter to false before checking in
Warning: '.top.test' is in training mode, set the trainingMode parameter to false before checking in
Warning: '.BooleanSwitch_RegressionTest_WrongTrainingValues.Test' is in training mode, set the trainingMode parameter to false before checking in
Warning: '.BooleanSwitch_RegressionTest_WrongTrainingValues.Test2' is in training mode, set the trainingMode parameter to false before checking in
Warning: '.BooleanSwitch_RegressionTest_WrongTrainingValues.Test2' The test produced 0 tokens.
Warning: '.top.testExceptionHandler' is in training mode, set the trainingMode parameter to false before checking in
java.lang.RuntimeException: Execution failed
	at ptolemy.moml.MoMLSimpleApplication$UnloadThread.run(MoMLSimpleApplication.java:402)
Caused by: ptolemy.kernel.util.IllegalActionException: PublisherPorts cannot be used at the top level, use a Publisher actor instead.
  in .PublisherPortToplevelSubscriber.PublisherPort
	at ptolemy.actor.PublisherPort.preinitialize(PublisherPort.java:403)
	at ptolemy.actor.CompositeActor.preinitialize(CompositeActor.java:1769)
	at ptolemy.actor.Manager.preinitializeAndResolveTypes(Manager.java:1040)
	at ptolemy.actor.Manager.initialize(Manager.java:710)
	at ptolemy.actor.Manager.execute(Manager.java:356)
	at ptolemy.actor.Manager.run(Manager.java:1263)
	at ptolemy.actor.Manager$PtolemyRunThread.run(Manager.java:1933)
java.lang.reflect.InvocationTargetException
	at java.base/jdk.internal.reflect.NativeConstructorAccessorImpl.newInstance0(Native Method)
	at java.base/jdk.internal.reflect.NativeConstructorAccessorImpl.newInstance(NativeConstructorAccessorImpl.java:62)
	at java.base/jdk.internal.reflect.DelegatingConstructorAccessorImpl.newInstance(DelegatingConstructorAccessorImpl.java:45)
	at java.base/java.lang.reflect.Constructor.newInstance(Constructor.java:490)
	at ptolemy.util.test.junit.AutoKnownFailedTests.RunModel(AutoKnownFailedTests.java:105)
	at java.base/jdk.internal.reflect.NativeMethodAccessorImpl.invoke0(Native Method)
	at java.base/jdk.internal.reflect.NativeMethodAccessorImpl.invoke(NativeMethodAccessorImpl.java:62)
	at java.base/jdk.internal.reflect.DelegatingMethodAccessorImpl.invoke(DelegatingMethodAccessorImpl.java:43)
	at java.base/java.lang.reflect.Method.invoke(Method.java:566)
	at org.junit.runners.model.FrameworkMethod$1.runReflectiveCall(FrameworkMethod.java:44)
	at org.junit.internal.runners.model.ReflectiveCallable.run(ReflectiveCallable.java:15)
	at org.junit.runners.model.FrameworkMethod.invokeExplosively(FrameworkMethod.java:41)
	at junitparams.internal.InvokeParameterisedMethod.evaluate(InvokeParameterisedMethod.java:102)
	at org.junit.internal.runners.statements.FailOnTimeout$1.run(FailOnTimeout.java:28)
Caused by: ptolemy.kernel.util.IllegalActionException: PublisherPorts cannot be used at the top level, use a Publisher actor instead.
  in .PublisherPortToplevelSubscriber.PublisherPort
	at ptolemy.actor.PublisherPort.preinitialize(PublisherPort.java:403)
	at ptolemy.actor.CompositeActor.preinitialize(CompositeActor.java:1769)
	at ptolemy.actor.Manager.preinitializeAndResolveTypes(Manager.java:1040)
	at ptolemy.actor.Manager.initialize(Manager.java:710)
	at ptolemy.actor.Manager.execute(Manager.java:356)
	at ptolemy.actor.Manager.run(Manager.java:1263)
	at ptolemy.actor.Manager$PtolemyRunThread.run(Manager.java:1933)
java.lang.RuntimeException: Execution failed
	at ptolemy.moml.MoMLSimpleApplication$UnloadThread.run(MoMLSimpleApplication.java:402)
Caused by: ptolemy.kernel.util.IllegalActionException: SubscriberPorts cannot be used at the top level, use a Subscriber actor instead.
  in .PublisherSubscriberPortToplevel.SubscriberPort
	at ptolemy.actor.SubscriberPort.preinitialize(SubscriberPort.java:328)
	at ptolemy.actor.CompositeActor.preinitialize(CompositeActor.java:1769)
	at ptolemy.actor.Manager.preinitializeAndResolveTypes(Manager.java:1040)
	at ptolemy.actor.Manager.initialize(Manager.java:710)
	at ptolemy.actor.Manager.execute(Manager.java:356)
	at ptolemy.actor.Manager.run(Manager.java:1263)
	at ptolemy.actor.Manager$PtolemyRunThread.run(Manager.java:1933)
java.lang.reflect.InvocationTargetException
	at java.base/jdk.internal.reflect.NativeConstructorAccessorImpl.newInstance0(Native Method)
	at java.base/jdk.internal.reflect.NativeConstructorAccessorImpl.newInstance(NativeConstructorAccessorImpl.java:62)
	at java.base/jdk.internal.reflect.DelegatingConstructorAccessorImpl.newInstance(DelegatingConstructorAccessorImpl.java:45)
	at java.base/java.lang.reflect.Constructor.newInstance(Constructor.java:490)
	at ptolemy.util.test.junit.AutoKnownFailedTests.RunModel(AutoKnownFailedTests.java:105)
	at java.base/jdk.internal.reflect.NativeMethodAccessorImpl.invoke0(Native Method)
	at java.base/jdk.internal.reflect.NativeMethodAccessorImpl.invoke(NativeMethodAccessorImpl.java:62)
	at java.base/jdk.internal.reflect.DelegatingMethodAccessorImpl.invoke(DelegatingMethodAccessorImpl.java:43)
	at java.base/java.lang.reflect.Method.invoke(Method.java:566)
	at org.junit.runners.model.FrameworkMethod$1.runReflectiveCall(FrameworkMethod.java:44)
	at org.junit.internal.runners.model.ReflectiveCallable.run(ReflectiveCallable.java:15)
	at org.junit.runners.model.FrameworkMethod.invokeExplosively(FrameworkMethod.java:41)
	at junitparams.internal.InvokeParameterisedMethod.evaluate(InvokeParameterisedMethod.java:102)
	at org.junit.internal.runners.statements.FailOnTimeout$1.run(FailOnTimeout.java:28)
Caused by: ptolemy.kernel.util.IllegalActionException: SubscriberPorts cannot be used at the top level, use a Subscriber actor instead.
  in .PublisherSubscriberPortToplevel.SubscriberPort
	at ptolemy.actor.SubscriberPort.preinitialize(SubscriberPort.java:328)
	at ptolemy.actor.CompositeActor.preinitialize(CompositeActor.java:1769)
	at ptolemy.actor.Manager.preinitializeAndResolveTypes(Manager.java:1040)
	at ptolemy.actor.Manager.initialize(Manager.java:710)
	at ptolemy.actor.Manager.execute(Manager.java:356)
	at ptolemy.actor.Manager.run(Manager.java:1263)
	at ptolemy.actor.Manager$PtolemyRunThread.run(Manager.java:1933)
java.lang.RuntimeException: Execution failed
	at ptolemy.moml.MoMLSimpleApplication$UnloadThread.run(MoMLSimpleApplication.java:402)
Caused by: ptolemy.kernel.util.IllegalActionException: SubscriptionAggregatorPorts cannot be used at the top level, use a SubscriptionAggregator actor instead.
  in .PublisherSubscriptionAggregatorPort.SubscriptionAggregatorPort
	at ptolemy.actor.SubscriptionAggregatorPort.preinitialize(SubscriptionAggregatorPort.java:353)
	at ptolemy.actor.CompositeActor.preinitialize(CompositeActor.java:1769)
	at ptolemy.actor.Manager.preinitializeAndResolveTypes(Manager.java:1040)
	at ptolemy.actor.Manager.initialize(Manager.java:710)
	at ptolemy.actor.Manager.execute(Manager.java:356)
	at ptolemy.actor.Manager.run(Manager.java:1263)
	at ptolemy.actor.Manager$PtolemyRunThread.run(Manager.java:1933)
java.lang.reflect.InvocationTargetException
	at java.base/jdk.internal.reflect.NativeConstructorAccessorImpl.newInstance0(Native Method)
	at java.base/jdk.internal.reflect.NativeConstructorAccessorImpl.newInstance(NativeConstructorAccessorImpl.java:62)
	at java.base/jdk.internal.reflect.DelegatingConstructorAccessorImpl.newInstance(DelegatingConstructorAccessorImpl.java:45)
	at java.base/java.lang.reflect.Constructor.newInstance(Constructor.java:490)
	at ptolemy.util.test.junit.AutoKnownFailedTests.RunModel(AutoKnownFailedTests.java:105)
	at java.base/jdk.internal.reflect.NativeMethodAccessorImpl.invoke0(Native Method)
	at java.base/jdk.internal.reflect.NativeMethodAccessorImpl.invoke(NativeMethodAccessorImpl.java:62)
	at java.base/jdk.internal.reflect.DelegatingMethodAccessorImpl.invoke(DelegatingMethodAccessorImpl.java:43)
	at java.base/java.lang.reflect.Method.invoke(Method.java:566)
	at org.junit.runners.model.FrameworkMethod$1.runReflectiveCall(FrameworkMethod.java:44)
	at org.junit.internal.runners.model.ReflectiveCallable.run(ReflectiveCallable.java:15)
	at org.junit.runners.model.FrameworkMethod.invokeExplosively(FrameworkMethod.java:41)
	at junitparams.internal.InvokeParameterisedMethod.evaluate(InvokeParameterisedMethod.java:102)
	at org.junit.internal.runners.statements.FailOnTimeout$1.run(FailOnTimeout.java:28)
Caused by: ptolemy.kernel.util.IllegalActionException: SubscriptionAggregatorPorts cannot be used at the top level, use a SubscriptionAggregator actor instead.
  in .PublisherSubscriptionAggregatorPort.SubscriptionAggregatorPort
	at ptolemy.actor.SubscriptionAggregatorPort.preinitialize(SubscriptionAggregatorPort.java:353)
	at ptolemy.actor.CompositeActor.preinitialize(CompositeActor.java:1769)
	at ptolemy.actor.Manager.preinitializeAndResolveTypes(Manager.java:1040)
	at ptolemy.actor.Manager.initialize(Manager.java:710)
	at ptolemy.actor.Manager.execute(Manager.java:356)
	at ptolemy.actor.Manager.run(Manager.java:1263)
	at ptolemy.actor.Manager$PtolemyRunThread.run(Manager.java:1933)
java.lang.RuntimeException: Execution failed
	at ptolemy.moml.MoMLSimpleApplication$UnloadThread.run(MoMLSimpleApplication.java:402)
Caused by: ptolemy.kernel.util.IllegalActionException: TypeTest actor has no training data.
  in .sizedarray3.TypeTest
	at ptolemy.actor.lib.TypeTest.initialize(TypeTest.java:250)
	at ptolemy.actor.Director.initialize(Director.java:938)
	at ptolemy.actor.Director.initialize(Director.java:907)
	at ptolemy.actor.sched.StaticSchedulingDirector.initialize(StaticSchedulingDirector.java:159)
	at ptolemy.domains.sdf.kernel.SDFDirector.initialize(SDFDirector.java:544)
	at ptolemy.actor.CompositeActor.initialize(CompositeActor.java:935)
	at ptolemy.actor.Manager.initialize(Manager.java:724)
	at ptolemy.actor.Manager.execute(Manager.java:356)
	at ptolemy.actor.Manager.run(Manager.java:1263)
	at ptolemy.actor.Manager$PtolemyRunThread.run(Manager.java:1933)
java.lang.reflect.InvocationTargetException
	at java.base/jdk.internal.reflect.NativeConstructorAccessorImpl.newInstance0(Native Method)
	at java.base/jdk.internal.reflect.NativeConstructorAccessorImpl.newInstance(NativeConstructorAccessorImpl.java:62)
	at java.base/jdk.internal.reflect.DelegatingConstructorAccessorImpl.newInstance(DelegatingConstructorAccessorImpl.java:45)
	at java.base/java.lang.reflect.Constructor.newInstance(Constructor.java:490)
	at ptolemy.util.test.junit.AutoKnownFailedTests.RunModel(AutoKnownFailedTests.java:105)
	at java.base/jdk.internal.reflect.NativeMethodAccessorImpl.invoke0(Native Method)
	at java.base/jdk.internal.reflect.NativeMethodAccessorImpl.invoke(NativeMethodAccessorImpl.java:62)
	at java.base/jdk.internal.reflect.DelegatingMethodAccessorImpl.invoke(DelegatingMethodAccessorImpl.java:43)
	at java.base/java.lang.reflect.Method.invoke(Method.java:566)
	at org.junit.runners.model.FrameworkMethod$1.runReflectiveCall(FrameworkMethod.java:44)
	at org.junit.internal.runners.model.ReflectiveCallable.run(ReflectiveCallable.java:15)
	at org.junit.runners.model.FrameworkMethod.invokeExplosively(FrameworkMethod.java:41)
	at junitparams.internal.InvokeParameterisedMethod.evaluate(InvokeParameterisedMethod.java:102)
	at org.junit.internal.runners.statements.FailOnTimeout$1.run(FailOnTimeout.java:28)
Caused by: ptolemy.kernel.util.IllegalActionException: TypeTest actor has no training data.
  in .sizedarray3.TypeTest
	at ptolemy.actor.lib.TypeTest.initialize(TypeTest.java:250)
	at ptolemy.actor.Director.initialize(Director.java:938)
	at ptolemy.actor.Director.initialize(Director.java:907)
	at ptolemy.actor.sched.StaticSchedulingDirector.initialize(StaticSchedulingDirector.java:159)
	at ptolemy.domains.sdf.kernel.SDFDirector.initialize(SDFDirector.java:544)
	at ptolemy.actor.CompositeActor.initialize(CompositeActor.java:935)
	at ptolemy.actor.Manager.initialize(Manager.java:724)
	at ptolemy.actor.Manager.execute(Manager.java:356)
	at ptolemy.actor.Manager.run(Manager.java:1263)
	at ptolemy.actor.Manager$PtolemyRunThread.run(Manager.java:1933)
]]></system-err>
</testsuite>
