<?xml version="1.0" encoding="UTF-8" ?>
<testsuite errors="1" failures="0" hostname="travis-job-3ab46b3f-5138-49e4-a20c-62e03661a1c4" name="ptolemy.actor.lib.test.junit.JUnitTclTest" skipped="0" tests="517" time="58.872" timestamp="2021-08-06T02:08:29">
  <properties>
    <property name="npm.executable" value="npm" />
    <property name="env.TRAVIS_ROOT" value="/" />
    <property name="ptII.mk.exists" value="true" />
    <property name="env.TRAVIS_APP_HOST" value="build.travis-ci.com" />
    <property name="env.rvm_bin_path" value="/home/travis/.rvm/bin" />
    <property name="java.home" value="/usr/local/lib/jvm/openjdk11" />
    <property name="env.TRAVIS_JOB_NUMBER" value="1832.8" />
    <property name="env.TRAVIS_HOME" value="/home/travis" />
    <property name="env.DISPLAY" value=":99.0" />
    <property name="env.TRAVIS_INIT" value="systemd" />
    <property name="env.SSH_TTY" value="/dev/pts/0" />
    <property name="java.net.preferIPv4Stack" value="true" />
    <property name="env.RUN_TESTS" value="true" />
    <property name="timeout.short" value="1000000" />
    <property name="junit.formatter" value="xml" />
    <property name="env.TRAVIS_SUDO" value="true" />
    <property name="env.TRAVIS_JOB_NAME" value="" />
    <property name="env.TRAVIS_STACK_NODE_ATTRIBUTES" value="/.node-attributes.yml" />
    <property name="env.LOGNAME" value="travis" />
    <property name="env.PT_TRAVIS_TEST_CORE1_XML" value="true" />
    <property name="jsdoc.home" value="node_modules/@terraswarm/jsdoc" />
    <property name="debuglevel" value="source,lines,vars" />
    <property name="checkstyle.formatter" value="xml" />
    <property name="bin.vergil.makeable" value="true" />
    <property name="sun.os.patch.level" value="unknown" />
    <property name="java.vendor.url" value="http://java.oracle.com/" />
    <property name="env.TRAVIS_BUILD_WEB_URL" value="https://app.travis-ci.com/icyphy/ptII/builds/234654364" />
    <property name="java.version" value="11.0.2" />
    <property name="env.TZ" value="UTC" />
    <property name="env.TRAVIS_PULL_REQUEST_SHA" value="" />
    <property name="env.PT_NO_NET" value="true" />
    <property name="env.TRAVIS_SECURE_ENV_VARS" value="true" />
    <property name="java.vendor.url.bug" value="http://bugreport.java.com/bugreport/" />
    <property name="npmjs-org-is-up" value="true" />
    <property name="env.LANGUAGE" value="en_US.UTF-8" />
    <property name="env.SSH_CLIENT" value="10.16.6.16 50232 22" />
    <property name="env.GEM_HOME" value="/home/travis/.rvm/gems/ruby-2.5.3" />
    <property name="env.HAS_ANTARES_THREE_LITTLE_FRONZIES_BADGE" value="true" />
    <property name="java.version.date" value="2019-01-15" />
    <property name="env.PS4" value="+" />
    <property name="ant.project.invoked-targets" value="build,test.core1.xml" />
    <property name="env.TRAVIS_PULL_REQUEST_BRANCH" value="" />
    <property name="env.TRAVIS_REPO_SLUG" value="icyphy/ptII" />
    <property name="env.XDG_DATA_DIRS" value="/usr/local/share:/usr/share:/var/lib/snapd/desktop" />
    <property name="jdk.debug" value="release" />
    <property name="env.TRAVIS_APT_PROXY" value="http://build-cache.travisci.net" />
    <property name="env.TRAVIS_CPU_ARCH" value="amd64" />
    <property name="node.in.path" value="true" />
    <property name="user.name" value="travis" />
    <property name="java.maxmemory" value="1400m" />
    <property name="env.RUBY_VERSION" value="ruby-2.5.3" />
    <property name="env.LANG" value="en_US.UTF-8" />
    <property name="sun.io.unicode.encoding" value="UnicodeLittle" />
    <property name="sun.jnu.encoding" value="UTF-8" />
    <property name="java.runtime.name" value="OpenJDK Runtime Environment" />
    <property name="usefile" value="false" />
    <property name="return.code" value="0" />
    <property name="junit.single.formatter" value="plain" />
    <property name="env.DYLD_LIBRARY_PATH" value="/home/travis/pthla/certi-tools/lib:" />
    <property name="env.DEBIAN_FRONTEND" value="noninteractive" />
    <property name="env.SSH_CONNECTION" value="10.16.6.16 50232 10.30.255.50 22" />
    <property name="env.MYSQL_UNIX_PORT" value="/var/run/mysqld/mysqld.sock" />
    <property name="env.LC_ALL" value="en_US.UTF-8" />
    <property name="env.TRAVIS_ALLOW_FAILURE" value="" />
    <property name="env.TRAVIS_JOB_WEB_URL" value="https://app.travis-ci.com/icyphy/ptII/jobs/529489387" />
    <property name="java.specification.name" value="Java Platform API Specification" />
    <property name="node.works" value="true" />
    <property name="user.timezone" value="" />
    <property name="path.separator" value=":" />
    <property name="env.TRAVIS_ENABLE_INFRA_DETECTION" value="true" />
    <property name="env.PYTHON_CFLAGS" value="-g -fstack-protector --param=ssp-buffer-size=4 -Wformat -Werror=format-security" />
    <property name="timeout.long" value="4000000" />
    <property name="env.CERTI_HOME" value="/home/travis/pthla/certi-tools" />
    <property name="ant.file.ptII" value="/home/travis/build/icyphy/ptII/build.xml" />
    <property name="javadoc.packagenames" value="com.*,diva.*,lbnl.*,org.hlacerti.*,org.json.*,org.ptolemy.*,org.terraswarm.*,ptolemy.*,ptserver.*" />
    <property name="file.encoding" value="UTF-8" />
    <property name="env.TRAVIS_PULL_REQUEST_SLUG" value="" />
    <property name="ant.project.default-target" value="build" />
    <property name="env.GIT_ASKPASS" value="echo" />
    <property name="env.HOME" value="/home/travis" />
    <property name="sun.java.command" value="org.apache.tools.ant.taskdefs.optional.junit.JUnitTestRunner ptolemy.actor.lib.test.junit.JUnitTclTest skipNonTests=false filtertrace=true haltOnError=false haltOnFailure=false formatter=org.apache.tools.ant.taskdefs.optional.junit.OutErrSummaryJUnitResultFormatter showoutput=true outputtoformatters=true logfailedtests=true threadid=0 logtestlistenerevents=false formatter=org.apache.tools.ant.taskdefs.optional.junit.XMLJUnitResultFormatter,/home/travis/build/icyphy/ptII/reports/junit/TEST-ptolemy.actor.lib.test.junit.JUnitTclTest.xml crashfile=/home/travis/build/icyphy/ptII/junitvmwatcher3884729056707482466.properties propsfile=/home/travis/build/icyphy/ptII/junit10115195478036142544.properties" />
    <property name="env.COMPOSER_NO_INTERACTION" value="1" />
    <property name="env.MANPATH" value="/home/travis/.nvm/versions/node/v7.10.1/share/man:/home/travis/.rvm/rubies/ruby-2.5.3/share/man:/usr/local/cmake-3.12.4/man:/usr/local/clang-7.0.0/share/man:/usr/local/man:/usr/local/share/man:/usr/share/man:/home/travis/.rvm/man" />
    <property name="env.TRAVIS_TIMER_ID" value="02ce1e98" />
    <property name="ant.file" value="/home/travis/build/icyphy/ptII/build.xml" />
    <property name="env.TRAVIS_COMMIT_RANGE" value="b8ec14d5b9ea3ab4edd2f0220b28afd058e26d20...f344ce0e1f253b5a10ca8bea36f2097f8a275ab3" />
    <property name="ptII.classpath.optional.property" value="/home/travis/build/icyphy/ptII/lib/bsh-2.0b4.jar:/home/travis/build/icyphy/ptII/lib/ptCal.jar:/home/travis/build/icyphy/ptII/lib/java_cup.jar:/home/travis/build/icyphy/ptII/lib/saxon8.jar:/home/travis/build/icyphy/ptII/lib/saxon8-dom.jar:/home/travis/build/icyphy/ptII/lib/chic.jar:/home/travis/build/icyphy/ptII/lib/ptcolt.jar:/home/travis/build/icyphy/ptII/vendors/misc/itext/iText.jar:/home/travis/build/icyphy/ptII/lib/g4ltl.jar:/home/travis/build/icyphy/ptII/lib/StructuralCoder.jar:/home/travis/build/icyphy/ptII/lib/jcerti.jar:/home/travis/build/icyphy/ptII/lib/javax.mail.jar:/home/travis/build/icyphy/ptII/vendors/JMF-2.1.1e/lib/jmf.jar:/home/travis/build/icyphy/ptII/lib/jna-4.0.0-variadic.jar:/home/travis/build/icyphy/ptII/vendors/misc/joystick/Joystick.jar:/home/travis/build/icyphy/ptII/lib/ptjacl.jar:/home/travis/build/icyphy/ptII/lib/jsoup-1.8.2.jar:/home/travis/build/icyphy/ptII/lib/junit-4.8.2.jar:/home/travis/build/icyphy/ptII/lib/JUnitParams-0.4.0.jar:/home/travis/build/icyphy/ptII/ptolemy/actor/lib/excel/jxl.jar:/home/travis/build/icyphy/ptII/lib/jython.jar:/home/travis/build/icyphy/ptII/lib/kieler.jar:/home/travis/build/icyphy/ptII/vendors/opencv/share/OpenCV/java/opencv-341.jar:/home/travis/build/icyphy/ptII/lib/oscP5.jar:/home/travis/build/icyphy/ptII/lib/nrjavaserial-3.11.0.devel.jar:/home/travis/build/icyphy/ptII/vendors/j3d/lib/Linux/j3dcore.jar:/home/travis/build/icyphy/ptII/vendors/j3d/lib/Linux/j3dutils.jar:/home/travis/build/icyphy/ptII/vendors/j3d/lib/Linux/vecmath.jar:/home/travis/build/icyphy/ptII/vendors/jogl/lib/Linux/gluegen-rt-natives-linux-amd64.jar:/home/travis/build/icyphy/ptII/vendors/jogl/lib/Linux/gluegen-rt.jar:/home/travis/build/icyphy/ptII/vendors/jogl/lib/Linux/jogl-all-natives-linux-amd64.jar:/home/travis/build/icyphy/ptII/vendors/jogl/lib/Linux/jogl-all.jar:/home/travis/build/icyphy/ptII/ptolemy/distributed/jini/jar/jini-core.jar:/home/travis/build/icyphy/ptII/ptolemy/distributed/jini/jar/jini-ext.jar:/home/travis/build/icyphy/ptII/ptolemy/distributed/jini/jar/sun-util.jar:/home/travis/build/icyphy/ptII/lib/protobuf-java-2.4.1.jar:/home/travis/build/icyphy/ptII/lib/org.eclipse.paho.client.mqttv3.jar:/home/travis/build/icyphy/ptII/lib/mapss.jar:/home/travis/build/icyphy/ptII/ptolemy/actor/ptalon/antlr/antlr.jar:/home/travis/build/icyphy/ptII/lib/JRI.jar:/home/travis/build/icyphy/ptII/lib/commons-lang-2.6.jar:/home/travis/build/icyphy/ptII/lib/commons-logging-1.1.1.jar:/home/travis/build/icyphy/ptII/lib/sootclasses.jar:/home/travis/build/icyphy/ptII/ptolemy/actor/lib/database/mysql-connector-java-5.1.6-bin.jar:/home/travis/build/icyphy/ptII/vendors/misc/sphinx4/sphinx4-data-5prealpha.jar:/home/travis/build/icyphy/ptII/vendors/misc/sphinx4/sphinx4-core-5prealpha.jar:/home/travis/build/icyphy/ptII/lib/PDFRenderer.jar:/home/travis/build/icyphy/ptII/lib/svgSalamander.jar:/home/travis/build/icyphy/ptII/lib/rsyntaxtextarea-2.6.0-SNAPSHOT.jar:/home/travis/build/icyphy/ptII/lib/hazelcast-3.8.2.jar:/home/travis/build/icyphy/ptII/lib/jackson-annotations-2.9.0.jar:/home/travis/build/icyphy/ptII/lib/jackson-core-2.9.3.jar:/home/travis/build/icyphy/ptII/lib/jackson-databind-2.9.3.jar:/home/travis/build/icyphy/ptII/lib/netty-buffer-4.1.19.Final.jar:/home/travis/build/icyphy/ptII/lib/netty-codec-4.1.19.Final.jar:/home/travis/build/icyphy/ptII/lib/netty-codec-dns-4.1.19.Final.jar:/home/travis/build/icyphy/ptII/lib/netty-codec-http-4.1.19.Final.jar:/home/travis/build/icyphy/ptII/lib/netty-codec-http2-4.1.19.Final.jar:/home/travis/build/icyphy/ptII/lib/netty-common-4.1.19.Final.jar:/home/travis/build/icyphy/ptII/lib/netty-handler-4.1.19.Final.jar:/home/travis/build/icyphy/ptII/lib/netty-resolver-4.1.19.Final.jar:/home/travis/build/icyphy/ptII/lib/netty-resolver-dns-4.1.19.Final.jar:/home/travis/build/icyphy/ptII/lib/netty-transport-4.1.19.Final.jar:/home/travis/build/icyphy/ptII/lib/vertx-codegen-3.5.1.jar:/home/travis/build/icyphy/ptII/lib/vertx-core-3.5.2-SNAPSHOT.jar:/home/travis/build/icyphy/ptII/lib/vertx-hazelcast-3.5.1.jar:/home/travis/build/icyphy/ptII/lib/vertx-lang-js-3.5.1.jar:/home/travis/build/icyphy/ptII/lib/vertx-service-proxy-3.5.1.jar:/home/travis/build/icyphy/ptII/lib/vertx-web-3.5.1.jar:/home/travis/build/icyphy/ptII/lib/slf4j-api-1.7.13.jar:/home/travis/build/icyphy/ptII/lib/slf4j-simple-1.7.13.jar:/home/travis/build/icyphy/ptII/lib/webcam-capture-0.3.12.jar:/home/travis/build/icyphy/ptII/lib/bridj-0.7.0.jar:/home/travis/build/icyphy/ptII/lib/xbjlib-1.1.0.nrjavaserial.jar" />
    <property name="timeout" value="2400000" />
    <property name="test.batch" value="**/junit/*.java" />
    <property name="env._" value="/usr/bin/timeout" />
    <property name="java.io.tmpdir" value="/tmp" />
    <property name="user.language" value="en" />
    <property name="env.TRAVIS_INTERNAL_RUBY_REGEX" value="^ruby-(2\.[0-4]\.[0-9]|1\.9\.3)" />
    <property name="env.HISTCONTROL" value="ignoredups:ignorespace" />
    <property name="env.GOROOT" value="/home/travis/.gimme/versions/go1.11.1.linux.amd64" />
    <property name="line.separator" value="&#xa;" />
    <property name="target" value="11" />
    <property name="env.TRAVIS_BUILD_DIR" value="/home/travis/build/icyphy/ptII" />
    <property name="env.ANT_OPTS" value="-Xmx2048m" />
    <property name="ant.file.type" value="file" />
    <property name="ptolemy.ptII.batchMode" value="true" />
    <property name="env.HISTSIZE" value="1000" />
    <property name="env.MERB_ENV" value="test" />
    <property name="java.vm.info" value="mixed mode" />
    <property name="source" value="11" />
    <property name="java.vm.specification.name" value="Java Virtual Machine Specification" />
    <property name="env.TRAVIS_TEST_RESULT" value="0" />
    <property name="jsdoc.command" value="node_modules/@terraswarm/jsdoc/jsdoc.js" />
    <property name="npm.works" value="true" />
    <property name="cobertura.dir" value="/home/travis/build/icyphy/ptII/vendors/cobertura-2.0.3" />
    <property name="jsdoc.command.exists" value="true" />
    <property name="env.rvm_path" value="/home/travis/.rvm" />
    <property name="env.GEM_PATH" value="/home/travis/.rvm/gems/ruby-2.5.3:/home/travis/.rvm/gems/ruby-2.5.3@global" />
    <property name="env.LC_CTYPE" value="en_US.UTF-8" />
    <property name="env.TRAVIS_CMD" value="$PTII/bin/ptIITravisBuild.sh $SECONDS" />
    <property name="java.awt.printerjob" value="sun.print.PSPrinterJob" />
    <property name="env.TRAVIS_STACK_NAME" value="sardonyx" />
    <property name="env.TRAVIS_TIMER_START_TIME" value="1628215141122318695" />
    <property name="ant.version" value="Apache Ant(TM) version 1.10.1 compiled on February 2 2017" />
    <property name="ptII.reports" value="/home/travis/build/icyphy/ptII/reports" />
    <property name="env.TRAVIS_STACK_TIMESTAMP" value="2020-06-24 13:13:18 UTC" />
    <property name="ant.file.type.ptII" value="file" />
    <property name="env.RBENV_SHELL" value="bash" />
    <property name="os.name" value="Linux" />
    <property name="java.specification.vendor" value="Oracle Corporation" />
    <property name="env.rvm_version" value="1.29.10 (latest)" />
    <property name="env.TRAVIS_INFRA" value="unknown" />
    <property name="env.TERM" value="xterm" />
    <property name="java.vm.name" value="OpenJDK 64-Bit Server VM" />
    <property name="env.TRAVIS_BUILD_NUMBER" value="1832" />
    <property name="env.CI" value="true" />
    <property name="java.library.path" value="/home/travis/pthla/certi-tools/lib:/usr/lib/jni:/usr/local/share/OpenCV/java/:/usr/share/OpenCV/java::/usr/java/packages/lib:/usr/lib64:/lib64:/lib:/usr/lib" />
    <property name="jdk.module.path" value="/home/travis/build/icyphy/ptII/vendors/javafx/javafx-sdk-11.0.2/lib:" />
    <property name="env.rvm_prefix" value="/home/travis" />
    <property name="env.PATH" value="/home/travis/pthla/certi-tools/share/scripts:/home/travis/.rvm/gems/ruby-2.5.3/bin:/home/travis/.rvm/gems/ruby-2.5.3@global/bin:/home/travis/.rvm/rubies/ruby-2.5.3/bin:/home/travis/.rvm/bin:./node_modules/.bin:/home/travis/build/icyphy/ptII/bin:/home/travis/pthla/certi-tools/bin:/home/travis/bin:/home/travis/.local/bin:/usr/local/lib/jvm/openjdk11/bin:/opt/pyenv/shims:/home/travis/.phpenv/shims:/home/travis/perl5/perlbrew/bin:/home/travis/.nvm/versions/node/v7.10.1/bin:/home/travis/gopath/bin:/home/travis/.gimme/versions/go1.11.1.linux.amd64/bin:/usr/local/maven-3.6.3/bin:/usr/local/cmake-3.12.4/bin:/usr/local/clang-7.0.0/bin:/usr/local/sbin:/usr/local/bin:/usr/sbin:/usr/bin:/sbin:/bin:/snap/bin:/home/travis/.phpenv/bin:/opt/pyenv/bin:/home/travis/.yarn/bin" />
    <property name="env.TRAVIS_OS_NAME" value="linux" />
    <property name="ant.java.version" value="9" />
    <property name="basedir" value="/home/travis/build/icyphy/ptII" />
    <property name="java.class.version" value="55.0" />
    <property name="env.SHLVL" value="3" />
    <property name="env.LD_LIBRARY_PATH" value="/home/travis/pthla/certi-tools/lib:/usr/lib/jni:/usr/local/share/OpenCV/java/:/usr/share/OpenCV/java:" />
    <property name="env.RACK_ENV" value="test" />
    <property name="ant.home" value="/home/travis/build/icyphy/ptII/ant" />
    <property name="env.NVM_DIR" value="/home/travis/.nvm" />
    <property name="env.CERTI_FOM_PATH" value="/home/travis/pthla/certi-tools/share/federations" />
    <property name="env.TRAVIS_BUILD_ID" value="234654364" />
    <property name="env.PYENV_ROOT" value="/opt/pyenv" />
    <property name="env.TRAVIS_UID" value="2000" />
    <property name="prism.verbose" value="true" />
    <property name="env.NVM_BIN" value="/home/travis/.nvm/versions/node/v7.10.1/bin" />
    <property name="env.TRAVIS_COMMIT" value="f344ce0e1f253b5a10ca8bea36f2097f8a275ab3" />
    <property name="node.executable" value="node" />
    <property name="sun.boot.library.path" value="/usr/local/lib/jvm/openjdk11/lib" />
    <property name="sun.management.compiler" value="HotSpot 64-Bit Tiered Compilers" />
    <property name="java.awt.graphicsenv" value="sun.awt.X11GraphicsEnvironment" />
    <property name="env.GOPATH" value="/home/travis/gopath" />
    <property name="ptolemy.ptII.dir" value="/home/travis/build/icyphy/ptII" />
    <property name="env.USER" value="travis" />
    <property name="env.HISTFILESIZE" value="2000" />
    <property name="env.NVM_INC" value="/home/travis/.nvm/versions/node/v7.10.1/include/node" />
    <property name="timeout.longest" value="19000000" />
    <property name="env.PERLBREW_SHELLRC_VERSION" value="0.88" />
    <property name="env.TRAVIS_STACK_FEATURES" value="basic couchdb disabled-ipv6 docker docker-compose elasticsearch firefox go-toolchain google-chrome jdk memcached mongodb mysql nodejs_interpreter perl_interpreter perlbrew phantomjs postgresql python_interpreter redis ruby_interpreter sqlite xserver" />
    <property name="env.TRAVIS_PULL_REQUEST" value="false" />
    <property name="env.PYENV_SHELL" value="bash" />
    <property name="ant.project.name" value="ptII" />
    <property name="env.ANSI_RESET" value="\033[0m" />
    <property name="java.vm.specification.version" value="11" />
    <property name="env.TRAVIS_DIST" value="xenial" />
    <property name="env.CERTI_VERSION" value="4.0.0" />
    <property name="env.CERTI_HOST" value="localhost" />
    <property name="awt.toolkit" value="sun.awt.X11.XToolkit" />
    <property name="env.MY_RUBY_HOME" value="/home/travis/.rvm/rubies/ruby-2.5.3" />
    <property name="sun.cpu.isalist" value="" />
    <property name="env.TRAVIS_TMPDIR" value="/tmp/tmp.OWF6O7JKjz" />
    <property name="java.vm.compressedOopsMode" value="Zero based" />
    <property name="os.version" value="4.15.0-1077-gcp" />
    <property name="user.home" value="/home/travis" />
    <property name="java.vm.vendor" value="Oracle Corporation" />
    <property name="env.TRAVIS_TAG" value="nightly" />
    <property name="env.ANSI_YELLOW" value="\033[33;1m" />
    <property name="env.TRAVIS_FILTERED" value="redirect_io" />
    <property name="env.ANSI_GREEN" value="\033[32;1m" />
    <property name="env.JAVA_HOME" value="/usr/local/lib/jvm/openjdk11" />
    <property name="javadoc.excludepackagenames" value="adm.cvs2svn.*,build.*,config.*,doc.coding.templates.*,jni.test.jni.meaningOfLife.*,jni.test.jni.testDeux.*,jni.test.jni.testTrois.*,org.terraswarm.accessor.accessors.web.node_modules.*,org.terraswarm.accessor.accessors.web.hosts.cordova.demo.*,org.terraswarm.accessor.accessors.web.hosts.cordova.plugins.*,org.terraswarm.accessor.accessors-svn.*,pt-modules.*,ptolemy.apps.agilent.*,ptolemy.apps.anytimecontrol.*,ptolemy.apps.apes.*,ptolemy.apps.charon.*,ptolemy.apps.crazyboard.*,ptolemy.apps.eclipse.*,ptolemy.apps.etherealSting.*,ptolemy.apps.fullscreen.*,ptolemy.apps.giotto.*,ptolemy.apps.ia.*,ptolemy.apps.interfaces.*,ptolemy.apps.jmf.*,ptolemy.apps.kurt.*,ptolemy.apps.kvm.*,ptolemy.apps.lego.*,ptolemy.apps.lejos.*,ptolemy.apps.midp.*,ptolemy.apps.mobileCoding.*,ptolemy.apps.pendulum.*,ptolemy.apps.rijndael.*,ptolemy.apps.robot.*,ptolemy.apps.security.*,ptolemy.apps.sobel.*,ptolemy.apps.soot.*,ptolemy.apps.throttle.*,ptolemy.apps.tini.*,ptolemy.apps.transmission.*,ptolemy.apps.vergil.*,ptolemy.apps.waba.*,ptolemy.apps.websensor.*,ptolemy.apps.webstart.*,ptolemy.apps.xsl.*,ptolemy.apps.zaurus.*,ptolemy.codegen.c.actor.lib.oldJavaFiles.*,ptolemy.codegen.dsp.lib.*,ptolemy.codegen.kernel.newInterfaces.*,ptolemy.codegen.lib.*,ptolemy.copernicus.kernel.fragment.*,ptolemy.copernicus.shallow.cg.*,ptolemy.domains.giotto.demo.Hierarchy.Hierarchy.*,ptolemy.domains.giotto.demo.Multimode.Multimode.*,ptolemy.domains.giotto.demo.Simple.Simple.*,ptolemy.domains.gr.lib.experimental.*,ptolemy.domains.gro.*,ptolemy.domains.pdf.*,ptolemy.domains.ptinyos.demo.Surge.output.*,ptolemy.moml.test.NoPackageActor.java*,ptolemy.plot.adm.*,ptolemy.plot.servlet.*,reports.*,signed.*,src.*,target.*,vendors.*,ptolemy.copernicus.applet.*,ptolemy.media.viewer.*,ptolemy.actor.corba.*,doc.doclets.*,ptolemy.apps.eclipse.awt.*,ptolemy.backtrack.*,ptolemy.backtrack.ast.*,ptolemy.cg.adapter.generic.program.procedural.c.mbed*,ptolemy.homer.*,ptolemy.actor.lib.jai.*,org.ptolemy.scala.*,diva.util.java2d.svg.*,ptolemy.domains.ptinyos.*,ptolemy.actor.lib.fmi.fmipp.*,,org.terraswarm.accessor.accessors.web.node_modules.*,org.terraswarm.accessor.accessors-svn,ptolemy.apps.*,ptolemy.actor.ptalon.demo.ptinyos.SendAndReceiveCnt.output,ptolemy.actor.ptalon.demo.ptinyos.SenseToLeds.output,ptolemy.domains.ptinyos.demo.CntToLedsAndRfm.output,ptolemy.domains.ptinyos.demo.RfmToLeds.output,ptolemy.domains.ptinyos.demo.SendAndReceiveCnt.output,ptolemy.domains.ptinyos.demo.SenseToLeds.output,ptolemy.actor.lib.jjs.modules.udpSocket.*" />
    <property name="env.PTII" value="/home/travis/build/icyphy/ptII" />
    <property name="env.XDG_SESSION_ID" value="2" />
    <property name="keystore" value="ptKeystore" />
    <property name="env.TRAVIS_COMMIT_MESSAGE" value="&apos;pkill -1 sshd&apos; caused the build to error, try using &apos;sudo service ssh restart&apos;." />
    <property name="junit.output.dir" value="/home/travis/build/icyphy/ptII/reports/junit" />
    <property name="npm.return.code" value="0" />
    <property name="user.dir" value="/home/travis/build/icyphy/ptII/ptolemy/actor/lib/test" />
    <property name="env.TRAVIS_NODE_VERSION" value="7" />
    <property name="env.TRAVIS_EVENT_TYPE" value="cron" />
    <property name="env.MAIL" value="/var/mail/travis" />
    <property name="env.PERLBREW_ROOT" value="/home/travis/perl5/perlbrew" />
    <property name="env.PWD" value="/home/travis/build/icyphy/ptII" />
    <property name="timeout.npm" value="45000" />
    <property name="env.TRAVIS_ARCH" value="amd64" />
    <property name="sun.cpu.endian" value="little" />
    <property name="env.PAGER" value="cat" />
    <property name="env.TRAVIS_BUILD_STAGE_NAME" value="test" />
    <property name="env.PERLBREW_HOME" value="/home/travis/.perlbrew" />
    <property name="java.vm.version" value="11.0.2+9" />
    <property name="env.RAILS_ENV" value="test" />
    <property name="java.class.path" value="/home/travis/.ptolemyII:/home/travis/.ptolemyII/*:/home/travis/build/icyphy/ptII:/home/travis/build/icyphy/ptII/lib/bsh-2.0b4.jar:/home/travis/build/icyphy/ptII/lib/ptCal.jar:/home/travis/build/icyphy/ptII/lib/java_cup.jar:/home/travis/build/icyphy/ptII/lib/saxon8.jar:/home/travis/build/icyphy/ptII/lib/saxon8-dom.jar:/home/travis/build/icyphy/ptII/lib/chic.jar:/home/travis/build/icyphy/ptII/lib/ptcolt.jar:/home/travis/build/icyphy/ptII/vendors/misc/itext/iText.jar:/home/travis/build/icyphy/ptII/lib/g4ltl.jar:/home/travis/build/icyphy/ptII/lib/StructuralCoder.jar:/home/travis/build/icyphy/ptII/lib/jcerti.jar:/home/travis/build/icyphy/ptII/lib/javax.mail.jar:/home/travis/build/icyphy/ptII/vendors/JMF-2.1.1e/lib/jmf.jar:/home/travis/build/icyphy/ptII/lib/jna-4.0.0-variadic.jar:/home/travis/build/icyphy/ptII/vendors/misc/joystick/Joystick.jar:/home/travis/build/icyphy/ptII/lib/ptjacl.jar:/home/travis/build/icyphy/ptII/lib/jsoup-1.8.2.jar:/home/travis/build/icyphy/ptII/lib/junit-4.8.2.jar:/home/travis/build/icyphy/ptII/lib/JUnitParams-0.4.0.jar:/home/travis/build/icyphy/ptII/ptolemy/actor/lib/excel/jxl.jar:/home/travis/build/icyphy/ptII/lib/jython.jar:/home/travis/build/icyphy/ptII/lib/kieler.jar:/home/travis/build/icyphy/ptII/vendors/opencv/share/OpenCV/java/opencv-341.jar:/home/travis/build/icyphy/ptII/lib/oscP5.jar:/home/travis/build/icyphy/ptII/lib/nrjavaserial-3.11.0.devel.jar:/home/travis/build/icyphy/ptII/vendors/j3d/lib/Linux/j3dcore.jar:/home/travis/build/icyphy/ptII/vendors/j3d/lib/Linux/j3dutils.jar:/home/travis/build/icyphy/ptII/vendors/j3d/lib/Linux/vecmath.jar:/home/travis/build/icyphy/ptII/vendors/jogl/lib/Linux/gluegen-rt-natives-linux-amd64.jar:/home/travis/build/icyphy/ptII/vendors/jogl/lib/Linux/gluegen-rt.jar:/home/travis/build/icyphy/ptII/vendors/jogl/lib/Linux/jogl-all-natives-linux-amd64.jar:/home/travis/build/icyphy/ptII/vendors/jogl/lib/Linux/jogl-all.jar:/home/travis/build/icyphy/ptII/ptolemy/distributed/jini/jar/jini-core.jar:/home/travis/build/icyphy/ptII/ptolemy/distributed/jini/jar/jini-ext.jar:/home/travis/build/icyphy/ptII/ptolemy/distributed/jini/jar/sun-util.jar:/home/travis/build/icyphy/ptII/lib/protobuf-java-2.4.1.jar:/home/travis/build/icyphy/ptII/lib/org.eclipse.paho.client.mqttv3.jar:/home/travis/build/icyphy/ptII/lib/mapss.jar:/home/travis/build/icyphy/ptII/ptolemy/actor/ptalon/antlr/antlr.jar:/home/travis/build/icyphy/ptII/lib/JRI.jar:/home/travis/build/icyphy/ptII/lib/commons-lang-2.6.jar:/home/travis/build/icyphy/ptII/lib/commons-logging-1.1.1.jar:/home/travis/build/icyphy/ptII/lib/sootclasses.jar:/home/travis/build/icyphy/ptII/ptolemy/actor/lib/database/mysql-connector-java-5.1.6-bin.jar:/home/travis/build/icyphy/ptII/vendors/misc/sphinx4/sphinx4-data-5prealpha.jar:/home/travis/build/icyphy/ptII/vendors/misc/sphinx4/sphinx4-core-5prealpha.jar:/home/travis/build/icyphy/ptII/lib/PDFRenderer.jar:/home/travis/build/icyphy/ptII/lib/svgSalamander.jar:/home/travis/build/icyphy/ptII/lib/rsyntaxtextarea-2.6.0-SNAPSHOT.jar:/home/travis/build/icyphy/ptII/lib/hazelcast-3.8.2.jar:/home/travis/build/icyphy/ptII/lib/jackson-annotations-2.9.0.jar:/home/travis/build/icyphy/ptII/lib/jackson-core-2.9.3.jar:/home/travis/build/icyphy/ptII/lib/jackson-databind-2.9.3.jar:/home/travis/build/icyphy/ptII/lib/netty-buffer-4.1.19.Final.jar:/home/travis/build/icyphy/ptII/lib/netty-codec-4.1.19.Final.jar:/home/travis/build/icyphy/ptII/lib/netty-codec-dns-4.1.19.Final.jar:/home/travis/build/icyphy/ptII/lib/netty-codec-http-4.1.19.Final.jar:/home/travis/build/icyphy/ptII/lib/netty-codec-http2-4.1.19.Final.jar:/home/travis/build/icyphy/ptII/lib/netty-common-4.1.19.Final.jar:/home/travis/build/icyphy/ptII/lib/netty-handler-4.1.19.Final.jar:/home/travis/build/icyphy/ptII/lib/netty-resolver-4.1.19.Final.jar:/home/travis/build/icyphy/ptII/lib/netty-resolver-dns-4.1.19.Final.jar:/home/travis/build/icyphy/ptII/lib/netty-transport-4.1.19.Final.jar:/home/travis/build/icyphy/ptII/lib/vertx-codegen-3.5.1.jar:/home/travis/build/icyphy/ptII/lib/vertx-core-3.5.2-SNAPSHOT.jar:/home/travis/build/icyphy/ptII/lib/vertx-hazelcast-3.5.1.jar:/home/travis/build/icyphy/ptII/lib/vertx-lang-js-3.5.1.jar:/home/travis/build/icyphy/ptII/lib/vertx-service-proxy-3.5.1.jar:/home/travis/build/icyphy/ptII/lib/vertx-web-3.5.1.jar:/home/travis/build/icyphy/ptII/lib/slf4j-api-1.7.13.jar:/home/travis/build/icyphy/ptII/lib/slf4j-simple-1.7.13.jar:/home/travis/build/icyphy/ptII/lib/webcam-capture-0.3.12.jar:/home/travis/build/icyphy/ptII/lib/bridj-0.7.0.jar:/home/travis/build/icyphy/ptII/lib/xbjlib-1.1.0.nrjavaserial.jar:/home/travis/build/icyphy/ptII/ptolemy/moml/test:/home/travis/build/icyphy/ptII/ant/lib/ant-launcher.jar:/home/travis/build/icyphy/ptII/ant/lib/ant.jar:/home/travis/build/icyphy/ptII/ant/lib/ant-junit.jar:/home/travis/build/icyphy/ptII/ant/lib/ant-junit4.jar" />
    <property name="ant.library.dir" value="/home/travis/build/icyphy/ptII/ant/lib" />
    <property name="os.arch" value="amd64" />
    <property name="env.CONTINUOUS_INTEGRATION" value="true" />
    <property name="env.TRAVIS_LANGUAGE" value="node_js" />
    <property name="env.TRAVIS_STACK_LANGUAGES" value="__sardonyx__ c c++ clojure cplusplus cpp default generic go groovy java node_js php pure_java python ruby scala" />
    <property name="test.name" value="ptolemy.actor.lib.test.junit.JUnitTclTest" />
    <property name="env.APT_KEY_DONT_WARN_ON_DANGEROUS_USAGE" value="1" />
    <property name="sun.java.launcher" value="SUN_STANDARD" />
    <property name="env.PYTHON_CONFIGURE_OPTS" value="--enable-unicode=ucs4 --with-wide-unicode --enable-shared --enable-ipv6 --enable-loadable-sqlite-extensions --with-computed-gotos" />
    <property name="ant.core.lib" value="/home/travis/build/icyphy/ptII/ant/lib/ant.jar" />
    <property name="java.vm.specification.vendor" value="Oracle Corporation" />
    <property name="env.BCVTB_HOME" value="/home/travis/build/icyphy/ptII/lbnl" />
    <property name="file.separator" value="/" />
    <property name="spotbugs.home" value="/home/travis/build/icyphy/ptII/vendors/spotbugs-3.1.1" />
    <property name="java.runtime.version" value="11.0.2+9" />
    <property name="env.ANSI_CLEAR" value="\033[0K" />
    <property name="javafx.verbose" value="true" />
    <property name="env.HAS_JOSH_K_SEAL_OF_APPROVAL" value="true" />
    <property name="env.XDG_RUNTIME_DIR" value="/run/user/2000" />
    <property name="env.TRAVIS_OSX_IMAGE" value="" />
    <property name="env.TRAVIS_JOB_ID" value="529489387" />
    <property name="env.TRAVIS_BRANCH" value="master" />
    <property name="user.country" value="US" />
    <property name="env.CERTI_HOME_TRAVIS" value="/home/travis/pthla/certi-tools" />
    <property name="env.SHELL" value="/bin/bash" />
    <property name="java.maxmemory.large" value="3200m" />
    <property name="model" value="" />
    <property name="env.CASHER_DIR" value="/home/travis/.casher" />
    <property name="env.NVM_CD_FLAGS" value="" />
    <property name="java.vendor.version" value="18.9" />
    <property name="jshint.executable" value="/home/travis/node_modules/jshint/bin/jshint" />
    <property name="env.JRUBY_OPTS" value=" --client -J-XX:+TieredCompilation -J-XX:TieredStopAtLevel=1 -J-Xss2m -Xcompile.invokedynamic=false" />
    <property name="java.vendor" value="Oracle Corporation" />
    <property name="env.TRAVIS_PRE_CHEF_BOOTSTRAP_TIME" value="2020-06-24T13:13:03" />
    <property name="env.TRAVIS_STACK_JOB_BOARD_REGISTER" value="/.job-board-register.yml" />
    <property name="env.ANSI_RED" value="\033[31;1m" />
    <property name="java.specification.version" value="11" />
    <property name="env.IRBRC" value="/home/travis/.rvm/rubies/ruby-2.5.3/.irbrc" />
    <property name="env.TRAVIS" value="true" />
    <property name="sun.arch.data.model" value="64" />
  </properties>
  <testcase classname="ptolemy.util.test.junit.TclTests" name="[0] /home/travis/build/icyphy/ptII/ptolemy/actor/lib/test/AbsoluteValue.tcl (RunTclFile)" time="0.442" />
  <testcase classname="ptolemy.util.test.junit.TclTests" name="[1] /home/travis/build/icyphy/ptII/ptolemy/actor/lib/test/AddSubtract.tcl (RunTclFile)" time="0.121" />
  <testcase classname="ptolemy.util.test.junit.TclTests" name="[2] /home/travis/build/icyphy/ptII/ptolemy/actor/lib/test/Average.tcl (RunTclFile)" time="0.064" />
  <testcase classname="ptolemy.util.test.junit.TclTests" name="[3] /home/travis/build/icyphy/ptII/ptolemy/actor/lib/test/Bernoulli.tcl (RunTclFile)" time="0.036" />
  <testcase classname="ptolemy.util.test.junit.TclTests" name="[4] /home/travis/build/icyphy/ptII/ptolemy/actor/lib/test/Clock.tcl (RunTclFile)" time="0.117" />
  <testcase classname="ptolemy.util.test.junit.TclTests" name="[5] /home/travis/build/icyphy/ptII/ptolemy/actor/lib/test/Commutator.tcl (RunTclFile)" time="0.17" />
  <testcase classname="ptolemy.util.test.junit.TclTests" name="[6] /home/travis/build/icyphy/ptII/ptolemy/actor/lib/test/Const.tcl (RunTclFile)" time="0.136" />
  <testcase classname="ptolemy.util.test.junit.TclTests" name="[7] /home/travis/build/icyphy/ptII/ptolemy/actor/lib/test/CurrentTime.tcl (RunTclFile)" time="0.036" />
  <testcase classname="ptolemy.util.test.junit.TclTests" name="[8] /home/travis/build/icyphy/ptII/ptolemy/actor/lib/test/DB.tcl (RunTclFile)" time="0.042" />
  <testcase classname="ptolemy.util.test.junit.TclTests" name="[9] /home/travis/build/icyphy/ptII/ptolemy/actor/lib/test/DiscreteRandomSource.tcl (RunTclFile)" time="0.047" />
  <testcase classname="ptolemy.util.test.junit.TclTests" name="[10] /home/travis/build/icyphy/ptII/ptolemy/actor/lib/test/Distributor.tcl (RunTclFile)" time="0.081" />
  <testcase classname="ptolemy.util.test.junit.TclTests" name="[11] /home/travis/build/icyphy/ptII/ptolemy/actor/lib/test/Exit.tcl (RunTclFile)" time="0.088" />
  <testcase classname="ptolemy.util.test.junit.TclTests" name="[12] /home/travis/build/icyphy/ptII/ptolemy/actor/lib/test/Expression.tcl (RunTclFile)" time="0.117" />
  <testcase classname="ptolemy.util.test.junit.TclTests" name="[13] /home/travis/build/icyphy/ptII/ptolemy/actor/lib/test/Gaussian.tcl (RunTclFile)" time="0.161" />
  <testcase classname="ptolemy.util.test.junit.TclTests" name="[14] /home/travis/build/icyphy/ptII/ptolemy/actor/lib/test/IIR.tcl (RunTclFile)" time="0.038" />
  <testcase classname="ptolemy.util.test.junit.TclTests" name="[15] /home/travis/build/icyphy/ptII/ptolemy/actor/lib/test/Interpolator.tcl (RunTclFile)" time="0.091" />
  <testcase classname="ptolemy.util.test.junit.TclTests" name="[16] /home/travis/build/icyphy/ptII/ptolemy/actor/lib/test/MathFunction.tcl (RunTclFile)" time="0.064" />
  <testcase classname="ptolemy.util.test.junit.TclTests" name="[17] /home/travis/build/icyphy/ptII/ptolemy/actor/lib/test/Maximum.tcl (RunTclFile)" time="0.021" />
  <testcase classname="ptolemy.util.test.junit.TclTests" name="[18] /home/travis/build/icyphy/ptII/ptolemy/actor/lib/test/Minimum.tcl (RunTclFile)" time="0.018" />
  <testcase classname="ptolemy.util.test.junit.TclTests" name="[19] /home/travis/build/icyphy/ptII/ptolemy/actor/lib/test/MultiplyDivide.tcl (RunTclFile)" time="0.02" />
  <testcase classname="ptolemy.util.test.junit.TclTests" name="[20] /home/travis/build/icyphy/ptII/ptolemy/actor/lib/test/OrderedMerge.tcl (RunTclFile)" time="0.12" />
  <testcase classname="ptolemy.util.test.junit.TclTests" name="[21] /home/travis/build/icyphy/ptII/ptolemy/actor/lib/test/Publisher.tcl (RunTclFile)" time="0.698" />
  <testcase classname="ptolemy.util.test.junit.TclTests" name="[22] /home/travis/build/icyphy/ptII/ptolemy/actor/lib/test/Pulse.tcl (RunTclFile)" time="0.054" />
  <testcase classname="ptolemy.util.test.junit.TclTests" name="[23] /home/travis/build/icyphy/ptII/ptolemy/actor/lib/test/Ramp.tcl (RunTclFile)" time="1.905" />
  <testcase classname="ptolemy.util.test.junit.TclTests" name="[24] /home/travis/build/icyphy/ptII/ptolemy/actor/lib/test/RampContinuous.tcl (RunTclFile)" time="0.015" />
  <testcase classname="ptolemy.util.test.junit.TclTests" name="[25] /home/travis/build/icyphy/ptII/ptolemy/actor/lib/test/RecordAssembler.tcl (RunTclFile)" time="0.012" />
  <testcase classname="ptolemy.util.test.junit.TclTests" name="[26] /home/travis/build/icyphy/ptII/ptolemy/actor/lib/test/RecordDisassembler.tcl (RunTclFile)" time="0.017" />
  <testcase classname="ptolemy.util.test.junit.TclTests" name="[27] /home/travis/build/icyphy/ptII/ptolemy/actor/lib/test/Scale.tcl (RunTclFile)" time="0.014" />
  <testcase classname="ptolemy.util.test.junit.TclTests" name="[28] /home/travis/build/icyphy/ptII/ptolemy/actor/lib/test/SequentialClock.tcl (RunTclFile)" time="0.01" />
  <testcase classname="ptolemy.util.test.junit.TclTests" name="[29] /home/travis/build/icyphy/ptII/ptolemy/actor/lib/test/SetVariable.tcl (RunTclFile)" time="0.008" />
  <testcase classname="ptolemy.util.test.junit.TclTests" name="[30] /home/travis/build/icyphy/ptII/ptolemy/actor/lib/test/Sinewave.tcl (RunTclFile)" time="0.024" />
  <testcase classname="ptolemy.util.test.junit.TclTests" name="[31] /home/travis/build/icyphy/ptII/ptolemy/actor/lib/test/SubscriptionAggregator.tcl (RunTclFile)" time="1.997" />
  <testcase classname="ptolemy.util.test.junit.TclTests" name="[32] /home/travis/build/icyphy/ptII/ptolemy/actor/lib/test/Test.tcl (RunTclFile)" time="0.088" />
  <testcase classname="ptolemy.util.test.junit.TclTests" name="[33] /home/travis/build/icyphy/ptII/ptolemy/actor/lib/test/TestExceptionHandler.tcl (RunTclFile)" time="0.011" />
  <testcase classname="ptolemy.util.test.junit.TclTests" name="[34] /home/travis/build/icyphy/ptII/ptolemy/actor/lib/test/UnionDisassembler.tcl (RunTclFile)" time="0.046" />
  <testcase classname="ptolemy.util.test.junit.TclTests" name="[35] /home/travis/build/icyphy/ptII/ptolemy/actor/lib/test/VariableClock.tcl (RunTclFile)" time="0.017" />
  <testcase classname="ptolemy.util.test.junit.AutoKnownFailedTests" name="[0] /home/travis/build/icyphy/ptII/ptolemy/actor/lib/test/auto/knownFailedTests/PublisherPortToplevelSubscriber.xml (RunModel)" time="0.031" />
  <testcase classname="ptolemy.util.test.junit.AutoKnownFailedTests" name="[1] /home/travis/build/icyphy/ptII/ptolemy/actor/lib/test/auto/knownFailedTests/PublisherSubscriberPortToplevel.xml (RunModel)" time="0.021" />
  <testcase classname="ptolemy.util.test.junit.AutoKnownFailedTests" name="[2] /home/travis/build/icyphy/ptII/ptolemy/actor/lib/test/auto/knownFailedTests/PublisherSubscriptionAggregatorPort.xml (RunModel)" time="0.02" />
  <testcase classname="ptolemy.util.test.junit.AutoKnownFailedTests" name="[3] /home/travis/build/icyphy/ptII/ptolemy/actor/lib/test/auto/knownFailedTests/sizedarray3.xml (RunModel)" time="0.036" />
  <testcase classname="ptolemy.util.test.junit.AutoNameArchTests" name="[0] ThereAreNoAutoArchTests (RunModel)" time="0.001" />
  <testcase classname="ptolemy.util.test.junit.AutoTests" name="[0] /home/travis/build/icyphy/ptII/ptolemy/actor/lib/test/auto/AbsoluteValue.xml (RunModel)" time="0.076" />
  <testcase classname="ptolemy.util.test.junit.AutoTests" name="[1] /home/travis/build/icyphy/ptII/ptolemy/actor/lib/test/auto/AbsoluteValue2.xml (RunModel)" time="0.048" />
  <testcase classname="ptolemy.util.test.junit.AutoTests" name="[2] /home/travis/build/icyphy/ptII/ptolemy/actor/lib/test/auto/Accumulator.xml (RunModel)" time="0.061" />
  <testcase classname="ptolemy.util.test.junit.AutoTests" name="[3] /home/travis/build/icyphy/ptII/ptolemy/actor/lib/test/auto/Accumulator2.xml (RunModel)" time="0.049" />
  <testcase classname="ptolemy.util.test.junit.AutoTests" name="[4] /home/travis/build/icyphy/ptII/ptolemy/actor/lib/test/auto/Accumulator3.xml (RunModel)" time="0.034" />
  <testcase classname="ptolemy.util.test.junit.AutoTests" name="[5] /home/travis/build/icyphy/ptII/ptolemy/actor/lib/test/auto/ArrayAppend.xml (RunModel)" time="0.033" />
  <testcase classname="ptolemy.util.test.junit.AutoTests" name="[6] /home/travis/build/icyphy/ptII/ptolemy/actor/lib/test/auto/ArrayAppend2.xml (RunModel)" time="0.388" />
  <testcase classname="ptolemy.util.test.junit.AutoTests" name="[7] /home/travis/build/icyphy/ptII/ptolemy/actor/lib/test/auto/ArrayAppend3.xml (RunModel)" time="0.02" />
  <testcase classname="ptolemy.util.test.junit.AutoTests" name="[8] /home/travis/build/icyphy/ptII/ptolemy/actor/lib/test/auto/ArrayAppend4.xml (RunModel)" time="0.013" />
  <testcase classname="ptolemy.util.test.junit.AutoTests" name="[9] /home/travis/build/icyphy/ptII/ptolemy/actor/lib/test/auto/ArrayAppend5.xml (RunModel)" time="0.015" />
  <testcase classname="ptolemy.util.test.junit.AutoTests" name="[10] /home/travis/build/icyphy/ptII/ptolemy/actor/lib/test/auto/ArrayAppend6.xml (RunModel)" time="0.013" />
  <testcase classname="ptolemy.util.test.junit.AutoTests" name="[11] /home/travis/build/icyphy/ptII/ptolemy/actor/lib/test/auto/ArrayAppendPerformanceTest.xml (RunModel)" time="0.049" />
  <testcase classname="ptolemy.util.test.junit.AutoTests" name="[12] /home/travis/build/icyphy/ptII/ptolemy/actor/lib/test/auto/ArrayAppendWithEmptyInput.xml (RunModel)" time="0.03" />
  <testcase classname="ptolemy.util.test.junit.AutoTests" name="[13] /home/travis/build/icyphy/ptII/ptolemy/actor/lib/test/auto/ArrayAverage.xml (RunModel)" time="0.045" />
  <testcase classname="ptolemy.util.test.junit.AutoTests" name="[14] /home/travis/build/icyphy/ptII/ptolemy/actor/lib/test/auto/ArrayContains.xml (RunModel)" time="0.032" />
  <testcase classname="ptolemy.util.test.junit.AutoTests" name="[15] /home/travis/build/icyphy/ptII/ptolemy/actor/lib/test/auto/ArrayElement.xml (RunModel)" time="0.029" />
  <testcase classname="ptolemy.util.test.junit.AutoTests" name="[16] /home/travis/build/icyphy/ptII/ptolemy/actor/lib/test/auto/ArrayElementAsMatrix.xml (RunModel)" time="0.05" />
  <testcase classname="ptolemy.util.test.junit.AutoTests" name="[17] /home/travis/build/icyphy/ptII/ptolemy/actor/lib/test/auto/ArrayElementI.xml (RunModel)" time="0.019" />
  <testcase classname="ptolemy.util.test.junit.AutoTests" name="[18] /home/travis/build/icyphy/ptII/ptolemy/actor/lib/test/auto/ArrayExtract.xml (RunModel)" time="0.031" />
  <testcase classname="ptolemy.util.test.junit.AutoTests" name="[19] /home/travis/build/icyphy/ptII/ptolemy/actor/lib/test/auto/ArrayExtract2.xml (RunModel)" time="0.018" />
  <testcase classname="ptolemy.util.test.junit.AutoTests" name="[20] /home/travis/build/icyphy/ptII/ptolemy/actor/lib/test/auto/ArrayLength.xml (RunModel)" time="0.017" />
  <testcase classname="ptolemy.util.test.junit.AutoTests" name="[21] /home/travis/build/icyphy/ptII/ptolemy/actor/lib/test/auto/ArrayLevelCrossing.xml (RunModel)" time="0.022" />
  <testcase classname="ptolemy.util.test.junit.AutoTests" name="[22] /home/travis/build/icyphy/ptII/ptolemy/actor/lib/test/auto/ArrayLevelCrossing2.xml (RunModel)" time="0.041" />
  <testcase classname="ptolemy.util.test.junit.AutoTests" name="[23] /home/travis/build/icyphy/ptII/ptolemy/actor/lib/test/auto/ArrayPeakSearch.xml (RunModel)" time="0.037" />
  <testcase classname="ptolemy.util.test.junit.AutoTests" name="[24] /home/travis/build/icyphy/ptII/ptolemy/actor/lib/test/auto/ArrayPeakSearch2.xml (RunModel)" time="0.035" />
  <testcase classname="ptolemy.util.test.junit.AutoTests" name="[25] /home/travis/build/icyphy/ptII/ptolemy/actor/lib/test/auto/ArrayPeakSearch3.xml (RunModel)" time="0.033" />
  <testcase classname="ptolemy.util.test.junit.AutoTests" name="[26] /home/travis/build/icyphy/ptII/ptolemy/actor/lib/test/auto/ArrayRemoveElement.xml (RunModel)" time="0.029" />
  <testcase classname="ptolemy.util.test.junit.AutoTests" name="[27] /home/travis/build/icyphy/ptII/ptolemy/actor/lib/test/auto/ArraySort.xml (RunModel)" time="0.033" />
  <testcase classname="ptolemy.util.test.junit.AutoTests" name="[28] /home/travis/build/icyphy/ptII/ptolemy/actor/lib/test/auto/ArraySum.xml (RunModel)" time="0.018" />
  <testcase classname="ptolemy.util.test.junit.AutoTests" name="[29] /home/travis/build/icyphy/ptII/ptolemy/actor/lib/test/auto/ArrayToElements.xml (RunModel)" time="0.019" />
  <testcase classname="ptolemy.util.test.junit.AutoTests" name="[30] /home/travis/build/icyphy/ptII/ptolemy/actor/lib/test/auto/ArrayToMatrix.xml (RunModel)" time="0.054" />
  <testcase classname="ptolemy.util.test.junit.AutoTests" name="[31] /home/travis/build/icyphy/ptII/ptolemy/actor/lib/test/auto/ArrayUpdate1.xml (RunModel)" time="0.021" />
  <testcase classname="ptolemy.util.test.junit.AutoTests" name="[32] /home/travis/build/icyphy/ptII/ptolemy/actor/lib/test/auto/ArrayUpdate2.xml (RunModel)" time="0.019" />
  <testcase classname="ptolemy.util.test.junit.AutoTests" name="[33] /home/travis/build/icyphy/ptII/ptolemy/actor/lib/test/auto/ArrayUpdate3.xml (RunModel)" time="0.016" />
  <testcase classname="ptolemy.util.test.junit.AutoTests" name="[34] /home/travis/build/icyphy/ptII/ptolemy/actor/lib/test/auto/Assert1.xml (RunModel)" time="0.018" />
  <testcase classname="ptolemy.util.test.junit.AutoTests" name="[35] /home/travis/build/icyphy/ptII/ptolemy/actor/lib/test/auto/Assert2.xml (RunModel)" time="0.01" />
  <testcase classname="ptolemy.util.test.junit.AutoTests" name="[36] /home/travis/build/icyphy/ptII/ptolemy/actor/lib/test/auto/BooleanMultiplexor.xml (RunModel)" time="0.013" />
  <testcase classname="ptolemy.util.test.junit.AutoTests" name="[37] /home/travis/build/icyphy/ptII/ptolemy/actor/lib/test/auto/BooleanMultiplexor2.xml (RunModel)" time="0.032" />
  <testcase classname="ptolemy.util.test.junit.AutoTests" name="[38] /home/travis/build/icyphy/ptII/ptolemy/actor/lib/test/auto/BooleanMultiplexor3.xml (RunModel)" time="0.011" />
  <testcase classname="ptolemy.util.test.junit.AutoTests" name="[39] /home/travis/build/icyphy/ptII/ptolemy/actor/lib/test/auto/BooleanSelect.xml (RunModel)" time="0.019" />
  <testcase classname="ptolemy.util.test.junit.AutoTests" name="[40] /home/travis/build/icyphy/ptII/ptolemy/actor/lib/test/auto/BooleanSelect2.xml (RunModel)" time="0.013" />
  <testcase classname="ptolemy.util.test.junit.AutoTests" name="[41] /home/travis/build/icyphy/ptII/ptolemy/actor/lib/test/auto/BooleanSwitch.xml (RunModel)" time="0.022" />
  <testcase classname="ptolemy.util.test.junit.AutoTests" name="[42] /home/travis/build/icyphy/ptII/ptolemy/actor/lib/test/auto/BooleanSwitch2.xml (RunModel)" time="0.019" />
  <testcase classname="ptolemy.util.test.junit.AutoTests" name="[43] /home/travis/build/icyphy/ptII/ptolemy/actor/lib/test/auto/BooleanSwitchCloningBugWithClassRelationGroup.xml (RunModel)" time="0.039" />
  <testcase classname="ptolemy.util.test.junit.AutoTests" name="[44] /home/travis/build/icyphy/ptII/ptolemy/actor/lib/test/auto/BusActors.xml (RunModel)" time="0.026" />
  <testcase classname="ptolemy.util.test.junit.AutoTests" name="[45] /home/travis/build/icyphy/ptII/ptolemy/actor/lib/test/auto/ClassWrapper.xml (RunModel)" time="0.019" />
  <testcase classname="ptolemy.util.test.junit.AutoTests" name="[46] /home/travis/build/icyphy/ptII/ptolemy/actor/lib/test/auto/Clock.xml (RunModel)" time="0.01" />
  <testcase classname="ptolemy.util.test.junit.AutoTests" name="[47] /home/travis/build/icyphy/ptII/ptolemy/actor/lib/test/auto/Clock10.xml (RunModel)" time="0.036" />
  <testcase classname="ptolemy.util.test.junit.AutoTests" name="[48] /home/travis/build/icyphy/ptII/ptolemy/actor/lib/test/auto/Clock11.xml (RunModel)" time="0.017" />
  <testcase classname="ptolemy.util.test.junit.AutoTests" name="[49] /home/travis/build/icyphy/ptII/ptolemy/actor/lib/test/auto/Clock12.xml (RunModel)" time="0.014" />
  <testcase classname="ptolemy.util.test.junit.AutoTests" name="[50] /home/travis/build/icyphy/ptII/ptolemy/actor/lib/test/auto/Clock13.xml (RunModel)" time="0.013" />
  <testcase classname="ptolemy.util.test.junit.AutoTests" name="[51] /home/travis/build/icyphy/ptII/ptolemy/actor/lib/test/auto/Clock14.xml (RunModel)" time="0.017" />
  <testcase classname="ptolemy.util.test.junit.AutoTests" name="[52] /home/travis/build/icyphy/ptII/ptolemy/actor/lib/test/auto/Clock15.xml (RunModel)" time="0.01" />
  <testcase classname="ptolemy.util.test.junit.AutoTests" name="[53] /home/travis/build/icyphy/ptII/ptolemy/actor/lib/test/auto/Clock16.xml (RunModel)" time="0.072" />
  <testcase classname="ptolemy.util.test.junit.AutoTests" name="[54] /home/travis/build/icyphy/ptII/ptolemy/actor/lib/test/auto/Clock17.xml (RunModel)" time="0.058" />
  <testcase classname="ptolemy.util.test.junit.AutoTests" name="[55] /home/travis/build/icyphy/ptII/ptolemy/actor/lib/test/auto/Clock18.xml (RunModel)" time="0.041" />
  <testcase classname="ptolemy.util.test.junit.AutoTests" name="[56] /home/travis/build/icyphy/ptII/ptolemy/actor/lib/test/auto/Clock19.xml (RunModel)" time="0.032" />
  <testcase classname="ptolemy.util.test.junit.AutoTests" name="[57] /home/travis/build/icyphy/ptII/ptolemy/actor/lib/test/auto/Clock2.xml (RunModel)" time="0.01" />
  <testcase classname="ptolemy.util.test.junit.AutoTests" name="[58] /home/travis/build/icyphy/ptII/ptolemy/actor/lib/test/auto/Clock20.xml (RunModel)" time="0.016" />
  <testcase classname="ptolemy.util.test.junit.AutoTests" name="[59] /home/travis/build/icyphy/ptII/ptolemy/actor/lib/test/auto/Clock21.xml (RunModel)" time="0.011" />
  <testcase classname="ptolemy.util.test.junit.AutoTests" name="[60] /home/travis/build/icyphy/ptII/ptolemy/actor/lib/test/auto/Clock22.xml (RunModel)" time="0.014" />
  <testcase classname="ptolemy.util.test.junit.AutoTests" name="[61] /home/travis/build/icyphy/ptII/ptolemy/actor/lib/test/auto/Clock23.xml (RunModel)" time="0.011" />
  <testcase classname="ptolemy.util.test.junit.AutoTests" name="[62] /home/travis/build/icyphy/ptII/ptolemy/actor/lib/test/auto/Clock24.xml (RunModel)" time="0.013" />
  <testcase classname="ptolemy.util.test.junit.AutoTests" name="[63] /home/travis/build/icyphy/ptII/ptolemy/actor/lib/test/auto/Clock4.xml (RunModel)" time="0.012" />
  <testcase classname="ptolemy.util.test.junit.AutoTests" name="[64] /home/travis/build/icyphy/ptII/ptolemy/actor/lib/test/auto/Clock5.xml (RunModel)" time="0.008" />
  <testcase classname="ptolemy.util.test.junit.AutoTests" name="[65] /home/travis/build/icyphy/ptII/ptolemy/actor/lib/test/auto/Clock6.xml (RunModel)" time="0.012" />
  <testcase classname="ptolemy.util.test.junit.AutoTests" name="[66] /home/travis/build/icyphy/ptII/ptolemy/actor/lib/test/auto/Clock7.xml (RunModel)" time="0.007" />
  <testcase classname="ptolemy.util.test.junit.AutoTests" name="[67] /home/travis/build/icyphy/ptII/ptolemy/actor/lib/test/auto/Clock8.xml (RunModel)" time="0.01" />
  <testcase classname="ptolemy.util.test.junit.AutoTests" name="[68] /home/travis/build/icyphy/ptII/ptolemy/actor/lib/test/auto/Clock9.xml (RunModel)" time="0.013" />
  <testcase classname="ptolemy.util.test.junit.AutoTests" name="[69] /home/travis/build/icyphy/ptII/ptolemy/actor/lib/test/auto/CommDistDiscard.xml (RunModel)" time="0.019" />
  <testcase classname="ptolemy.util.test.junit.AutoTests" name="[70] /home/travis/build/icyphy/ptII/ptolemy/actor/lib/test/auto/Commutator.xml (RunModel)" time="0.011" />
  <testcase classname="ptolemy.util.test.junit.AutoTests" name="[71] /home/travis/build/icyphy/ptII/ptolemy/actor/lib/test/auto/Commutator2.xml (RunModel)" time="0.008" />
  <testcase classname="ptolemy.util.test.junit.AutoTests" name="[72] /home/travis/build/icyphy/ptII/ptolemy/actor/lib/test/auto/Commutator3.xml (RunModel)" time="0.035" />
  <testcase classname="ptolemy.util.test.junit.AutoTests" name="[73] /home/travis/build/icyphy/ptII/ptolemy/actor/lib/test/auto/Compare.xml (RunModel)" time="0.022" />
  <testcase classname="ptolemy.util.test.junit.AutoTests" name="[74] /home/travis/build/icyphy/ptII/ptolemy/actor/lib/test/auto/CompareDE.xml (RunModel)" time="0.017" />
  <testcase classname="ptolemy.util.test.junit.AutoTests" name="[75] /home/travis/build/icyphy/ptII/ptolemy/actor/lib/test/auto/ComplexDivide.xml (RunModel)" time="0.01" />
  <testcase classname="ptolemy.util.test.junit.AutoTests" name="[76] /home/travis/build/icyphy/ptII/ptolemy/actor/lib/test/auto/ComputeHistogram.xml (RunModel)" time="0.057" />
  <testcase classname="ptolemy.util.test.junit.AutoTests" name="[77] /home/travis/build/icyphy/ptII/ptolemy/actor/lib/test/auto/ConfigurationSelect.xml (RunModel)" time="0.014" />
  <testcase classname="ptolemy.util.test.junit.AutoTests" name="[78] /home/travis/build/icyphy/ptII/ptolemy/actor/lib/test/auto/ConfigurationSelect2.xml (RunModel)" time="0.011" />
  <testcase classname="ptolemy.util.test.junit.AutoTests" name="[79] /home/travis/build/icyphy/ptII/ptolemy/actor/lib/test/auto/ConfigurationSwitch.xml (RunModel)" time="0.03" />
  <testcase classname="ptolemy.util.test.junit.AutoTests" name="[80] /home/travis/build/icyphy/ptII/ptolemy/actor/lib/test/auto/ConfigurationSwitch2.xml (RunModel)" time="0.013" />
  <testcase classname="ptolemy.util.test.junit.AutoTests" name="[81] /home/travis/build/icyphy/ptII/ptolemy/actor/lib/test/auto/ConfigurationSwitchCloningBugWithClassRelationGroup.xml (RunModel)" time="0.021" />
  <testcase classname="ptolemy.util.test.junit.AutoTests" name="[82] /home/travis/build/icyphy/ptII/ptolemy/actor/lib/test/auto/ConfigurationSwitchSelectSDF.xml (RunModel)" time="0.021" />
  <testcase classname="ptolemy.util.test.junit.AutoTests" name="[83] /home/travis/build/icyphy/ptII/ptolemy/actor/lib/test/auto/ConfigurationSwitchSelectSDF2.xml (RunModel)" time="0.013" />
  <testcase classname="ptolemy.util.test.junit.AutoTests" name="[84] /home/travis/build/icyphy/ptII/ptolemy/actor/lib/test/auto/Const.xml (RunModel)" time="0.007" />
  <testcase classname="ptolemy.util.test.junit.AutoTests" name="[85] /home/travis/build/icyphy/ptII/ptolemy/actor/lib/test/auto/Const2.xml (RunModel)" time="0.01" />
  <testcase classname="ptolemy.util.test.junit.AutoTests" name="[86] /home/travis/build/icyphy/ptII/ptolemy/actor/lib/test/auto/Const3.xml (RunModel)" time="0.005" />
  <testcase classname="ptolemy.util.test.junit.AutoTests" name="[87] /home/travis/build/icyphy/ptII/ptolemy/actor/lib/test/auto/ConstantPublisherPort1.xml (RunModel)" time="0.025" />
  <testcase classname="ptolemy.util.test.junit.AutoTests" name="[88] /home/travis/build/icyphy/ptII/ptolemy/actor/lib/test/auto/ConstantPublisherPort2.xml (RunModel)" time="0.03" />
  <testcase classname="ptolemy.util.test.junit.AutoTests" name="[89] /home/travis/build/icyphy/ptII/ptolemy/actor/lib/test/auto/ConstantPublisherPort3.xml (RunModel)" time="0.024" />
  <testcase classname="ptolemy.util.test.junit.AutoTests" name="[90] /home/travis/build/icyphy/ptII/ptolemy/actor/lib/test/auto/ConstantPublisherPort4.xml (RunModel)" time="0.02" />
  <testcase classname="ptolemy.util.test.junit.AutoTests" name="[91] /home/travis/build/icyphy/ptII/ptolemy/actor/lib/test/auto/ConstantPublisherPort5.xml (RunModel)" time="0.041" />
  <testcase classname="ptolemy.util.test.junit.AutoTests" name="[92] /home/travis/build/icyphy/ptII/ptolemy/actor/lib/test/auto/ConstantPublisherPort6.xml (RunModel)" time="0.034" />
  <testcase classname="ptolemy.util.test.junit.AutoTests" name="[93] /home/travis/build/icyphy/ptII/ptolemy/actor/lib/test/auto/ConstantPublisherPort7.xml (RunModel)" time="0.032" />
  <testcase classname="ptolemy.util.test.junit.AutoTests" name="[94] /home/travis/build/icyphy/ptII/ptolemy/actor/lib/test/auto/ConstraintMonitor1.xml (RunModel)" time="0.045" />
  <testcase classname="ptolemy.util.test.junit.AutoTests" name="[95] /home/travis/build/icyphy/ptII/ptolemy/actor/lib/test/auto/ConstraintMonitor2.xml (RunModel)" time="0.012" />
  <testcase classname="ptolemy.util.test.junit.AutoTests" name="[96] /home/travis/build/icyphy/ptII/ptolemy/actor/lib/test/auto/ConstraintMonitor3.xml (RunModel)" time="0.013" />
  <testcase classname="ptolemy.util.test.junit.AutoTests" name="[97] /home/travis/build/icyphy/ptII/ptolemy/actor/lib/test/auto/ConstraintMonitor4.xml (RunModel)" time="0.01" />
  <testcase classname="ptolemy.util.test.junit.AutoTests" name="[98] /home/travis/build/icyphy/ptII/ptolemy/actor/lib/test/auto/ConstraintMonitor5.xml (RunModel)" time="0.016" />
  <testcase classname="ptolemy.util.test.junit.AutoTests" name="[99] /home/travis/build/icyphy/ptII/ptolemy/actor/lib/test/auto/ConstraintMonitor6.xml (RunModel)" time="0.017" />
  <testcase classname="ptolemy.util.test.junit.AutoTests" name="[100] /home/travis/build/icyphy/ptII/ptolemy/actor/lib/test/auto/ConstraintMonitor7.xml (RunModel)" time="0.022" />
  <testcase classname="ptolemy.util.test.junit.AutoTests" name="[101] /home/travis/build/icyphy/ptII/ptolemy/actor/lib/test/auto/ConstraintMonitor8.xml (RunModel)" time="0.019" />
  <testcase classname="ptolemy.util.test.junit.AutoTests" name="[102] /home/travis/build/icyphy/ptII/ptolemy/actor/lib/test/auto/Counter.xml (RunModel)" time="0.012" />
  <testcase classname="ptolemy.util.test.junit.AutoTests" name="[103] /home/travis/build/icyphy/ptII/ptolemy/actor/lib/test/auto/CurrentTimeSDF.xml (RunModel)" time="0.008" />
  <testcase classname="ptolemy.util.test.junit.AutoTests" name="[104] /home/travis/build/icyphy/ptII/ptolemy/actor/lib/test/auto/DB.xml (RunModel)" time="0.011" />
  <testcase classname="ptolemy.util.test.junit.AutoTests" name="[105] /home/travis/build/icyphy/ptII/ptolemy/actor/lib/test/auto/DBDE.xml (RunModel)" time="0.022" />
  <testcase classname="ptolemy.util.test.junit.AutoTests" name="[106] /home/travis/build/icyphy/ptII/ptolemy/actor/lib/test/auto/DateConstructor.xml (RunModel)" time="0.064" />
  <testcase classname="ptolemy.util.test.junit.AutoTests" name="[107] /home/travis/build/icyphy/ptII/ptolemy/actor/lib/test/auto/DelayTime.xml (RunModel)" time="0.015" />
  <testcase classname="ptolemy.util.test.junit.AutoTests" name="[108] /home/travis/build/icyphy/ptII/ptolemy/actor/lib/test/auto/Dictionary1.xml (RunModel)" time="0.016" />
  <testcase classname="ptolemy.util.test.junit.AutoTests" name="[109] /home/travis/build/icyphy/ptII/ptolemy/actor/lib/test/auto/Dictionary2.xml (RunModel)" time="0.016" />
  <testcase classname="ptolemy.util.test.junit.AutoTests" name="[110] /home/travis/build/icyphy/ptII/ptolemy/actor/lib/test/auto/Dictionary3.xml (RunModel)" time="0.011" />
  <testcase classname="ptolemy.util.test.junit.AutoTests" name="[111] /home/travis/build/icyphy/ptII/ptolemy/actor/lib/test/auto/Dictionary4.xml (RunModel)" time="0.014" />
  <testcase classname="ptolemy.util.test.junit.AutoTests" name="[112] /home/travis/build/icyphy/ptII/ptolemy/actor/lib/test/auto/Differential.xml (RunModel)" time="0.01" />
  <testcase classname="ptolemy.util.test.junit.AutoTests" name="[113] /home/travis/build/icyphy/ptII/ptolemy/actor/lib/test/auto/Director.xml (RunModel)" time="0.018" />
  <testcase classname="ptolemy.util.test.junit.AutoTests" name="[114] /home/travis/build/icyphy/ptII/ptolemy/actor/lib/test/auto/DiscreteClock.xml (RunModel)" time="0.01" />
  <testcase classname="ptolemy.util.test.junit.AutoTests" name="[115] /home/travis/build/icyphy/ptII/ptolemy/actor/lib/test/auto/DiscreteClock10.xml (RunModel)" time="0.012" />
  <testcase classname="ptolemy.util.test.junit.AutoTests" name="[116] /home/travis/build/icyphy/ptII/ptolemy/actor/lib/test/auto/DiscreteClock11.xml (RunModel)" time="0.01" />
  <testcase classname="ptolemy.util.test.junit.AutoTests" name="[117] /home/travis/build/icyphy/ptII/ptolemy/actor/lib/test/auto/DiscreteClock12.xml (RunModel)" time="0.011" />
  <testcase classname="ptolemy.util.test.junit.AutoTests" name="[118] /home/travis/build/icyphy/ptII/ptolemy/actor/lib/test/auto/DiscreteClock13.xml (RunModel)" time="0.011" />
  <testcase classname="ptolemy.util.test.junit.AutoTests" name="[119] /home/travis/build/icyphy/ptII/ptolemy/actor/lib/test/auto/DiscreteClock14.xml (RunModel)" time="0.009" />
  <testcase classname="ptolemy.util.test.junit.AutoTests" name="[120] /home/travis/build/icyphy/ptII/ptolemy/actor/lib/test/auto/DiscreteClock15.xml (RunModel)" time="0.019" />
  <testcase classname="ptolemy.util.test.junit.AutoTests" name="[121] /home/travis/build/icyphy/ptII/ptolemy/actor/lib/test/auto/DiscreteClock16.xml (RunModel)" time="0.036" />
  <testcase classname="ptolemy.util.test.junit.AutoTests" name="[122] /home/travis/build/icyphy/ptII/ptolemy/actor/lib/test/auto/DiscreteClock17.xml (RunModel)" time="0.039" />
  <testcase classname="ptolemy.util.test.junit.AutoTests" name="[123] /home/travis/build/icyphy/ptII/ptolemy/actor/lib/test/auto/DiscreteClock18.xml (RunModel)" time="0.038" />
  <testcase classname="ptolemy.util.test.junit.AutoTests" name="[124] /home/travis/build/icyphy/ptII/ptolemy/actor/lib/test/auto/DiscreteClock19.xml (RunModel)" time="0.047" />
  <testcase classname="ptolemy.util.test.junit.AutoTests" name="[125] /home/travis/build/icyphy/ptII/ptolemy/actor/lib/test/auto/DiscreteClock2.xml (RunModel)" time="0.011" />
  <testcase classname="ptolemy.util.test.junit.AutoTests" name="[126] /home/travis/build/icyphy/ptII/ptolemy/actor/lib/test/auto/DiscreteClock20.xml (RunModel)" time="0.016" />
  <testcase classname="ptolemy.util.test.junit.AutoTests" name="[127] /home/travis/build/icyphy/ptII/ptolemy/actor/lib/test/auto/DiscreteClock21.xml (RunModel)" time="0.015" />
  <testcase classname="ptolemy.util.test.junit.AutoTests" name="[128] /home/travis/build/icyphy/ptII/ptolemy/actor/lib/test/auto/DiscreteClock22.xml (RunModel)" time="0.014" />
  <testcase classname="ptolemy.util.test.junit.AutoTests" name="[129] /home/travis/build/icyphy/ptII/ptolemy/actor/lib/test/auto/DiscreteClock23.xml (RunModel)" time="0.015" />
  <testcase classname="ptolemy.util.test.junit.AutoTests" name="[130] /home/travis/build/icyphy/ptII/ptolemy/actor/lib/test/auto/DiscreteClock24.xml (RunModel)" time="0.012" />
  <testcase classname="ptolemy.util.test.junit.AutoTests" name="[131] /home/travis/build/icyphy/ptII/ptolemy/actor/lib/test/auto/DiscreteClock4.xml (RunModel)" time="0.012" />
  <testcase classname="ptolemy.util.test.junit.AutoTests" name="[132] /home/travis/build/icyphy/ptII/ptolemy/actor/lib/test/auto/DiscreteClock5.xml (RunModel)" time="0.01" />
  <testcase classname="ptolemy.util.test.junit.AutoTests" name="[133] /home/travis/build/icyphy/ptII/ptolemy/actor/lib/test/auto/DiscreteClock6.xml (RunModel)" time="0.009" />
  <testcase classname="ptolemy.util.test.junit.AutoTests" name="[134] /home/travis/build/icyphy/ptII/ptolemy/actor/lib/test/auto/DiscreteClock7.xml (RunModel)" time="0.009" />
  <testcase classname="ptolemy.util.test.junit.AutoTests" name="[135] /home/travis/build/icyphy/ptII/ptolemy/actor/lib/test/auto/DiscreteClock8.xml (RunModel)" time="0.024" />
  <testcase classname="ptolemy.util.test.junit.AutoTests" name="[136] /home/travis/build/icyphy/ptII/ptolemy/actor/lib/test/auto/DiscreteClock9.xml (RunModel)" time="0.013" />
  <testcase classname="ptolemy.util.test.junit.AutoTests" name="[137] /home/travis/build/icyphy/ptII/ptolemy/actor/lib/test/auto/DisplayArray.xml (RunModel)" time="0.008" />
  <testcase classname="ptolemy.util.test.junit.AutoTests" name="[138] /home/travis/build/icyphy/ptII/ptolemy/actor/lib/test/auto/Distributor.xml (RunModel)" time="0.008" />
  <testcase classname="ptolemy.util.test.junit.AutoTests" name="[139] /home/travis/build/icyphy/ptII/ptolemy/actor/lib/test/auto/Distributor2.xml (RunModel)" time="0.01" />
  <testcase classname="ptolemy.util.test.junit.AutoTests" name="[140] /home/travis/build/icyphy/ptII/ptolemy/actor/lib/test/auto/DownSample.xml (RunModel)" time="0.011" />
  <testcase classname="ptolemy.util.test.junit.AutoTests" name="[141] /home/travis/build/icyphy/ptII/ptolemy/actor/lib/test/auto/ElectronicUnitBase1.xml (RunModel)" time="0.052" />
  <testcase classname="ptolemy.util.test.junit.AutoTests" name="[142] /home/travis/build/icyphy/ptII/ptolemy/actor/lib/test/auto/ElementsToArray.xml (RunModel)" time="0.009" />
  <testcase classname="ptolemy.util.test.junit.AutoTests" name="[143] /home/travis/build/icyphy/ptII/ptolemy/actor/lib/test/auto/Equals.xml (RunModel)" time="0.012" />
  <testcase classname="ptolemy.util.test.junit.AutoTests" name="[144] /home/travis/build/icyphy/ptII/ptolemy/actor/lib/test/auto/Exec.xml (RunModel)" time="0.024" />
  <testcase classname="ptolemy.util.test.junit.AutoTests" name="[145] /home/travis/build/icyphy/ptII/ptolemy/actor/lib/test/auto/ExecEnvironment.xml (RunModel)" time="0.028" />
  <testcase classname="ptolemy.util.test.junit.AutoTests" name="[146] /home/travis/build/icyphy/ptII/ptolemy/actor/lib/test/auto/ExecNonZeroReturnOutput.xml (RunModel)" time="0.173" />
  <testcase classname="ptolemy.util.test.junit.AutoTests" name="[147] /home/travis/build/icyphy/ptII/ptolemy/actor/lib/test/auto/ExecRunDemos.xml (RunModel)" time="10.125" />
  <testcase classname="ptolemy.util.test.junit.AutoTests" name="[148] /home/travis/build/icyphy/ptII/ptolemy/actor/lib/test/auto/ExecStop.xml (RunModel)" time="5.033" />
  <testcase classname="ptolemy.util.test.junit.AutoTests" name="[149] /home/travis/build/icyphy/ptII/ptolemy/actor/lib/test/auto/ExecutionTimeSDF.xml (RunModel)" time="6.05">
    <error type="java.lang.reflect.InvocationTargetException">java.lang.reflect.InvocationTargetException
	at jdk.internal.reflect.GeneratedConstructorAccessor36.newInstance(Unknown Source)
	at java.base/jdk.internal.reflect.DelegatingConstructorAccessorImpl.newInstance(DelegatingConstructorAccessorImpl.java:45)
	at java.base/java.lang.reflect.Constructor.newInstance(Constructor.java:490)
	at ptolemy.util.test.junit.AutoTests.RunModel(AutoTests.java:193)
	at jdk.internal.reflect.GeneratedMethodAccessor43.invoke(Unknown Source)
	at java.base/jdk.internal.reflect.DelegatingMethodAccessorImpl.invoke(DelegatingMethodAccessorImpl.java:43)
	at junitparams.internal.InvokeParameterisedMethod.evaluate(InvokeParameterisedMethod.java:102)
Caused by: ptolemy.kernel.util.IllegalActionException: Test fails in iteration 0.
Value was: 6002L. Should have been: 6000L
  in .ExecutionTimeSDF.NonStrictTest
	at ptolemy.actor.lib.NonStrictTest.postfire(NonStrictTest.java:328)
	at ptolemy.actor.AtomicActor.iterate(AtomicActor.java:518)
	at ptolemy.actor.sched.StaticSchedulingDirector.fire(StaticSchedulingDirector.java:216)
	at ptolemy.domains.sdf.kernel.SDFDirector.fire(SDFDirector.java:500)
	at ptolemy.actor.CompositeActor.fire(CompositeActor.java:455)
	at ptolemy.actor.Manager.iterate(Manager.java:851)
	at ptolemy.actor.Manager.execute(Manager.java:369)
	at ptolemy.actor.Manager.run(Manager.java:1263)
	at ptolemy.actor.Manager$PtolemyRunThread.run(Manager.java:1933)
</error>
  </testcase>
  <testcase classname="ptolemy.util.test.junit.AutoTests" name="[150] /home/travis/build/icyphy/ptII/ptolemy/actor/lib/test/auto/Expression1.xml (RunModel)" time="0.009" />
  <testcase classname="ptolemy.util.test.junit.AutoTests" name="[151] /home/travis/build/icyphy/ptII/ptolemy/actor/lib/test/auto/Expression10.xml (RunModel)" time="0.012" />
  <testcase classname="ptolemy.util.test.junit.AutoTests" name="[152] /home/travis/build/icyphy/ptII/ptolemy/actor/lib/test/auto/Expression11.xml (RunModel)" time="0.023" />
  <testcase classname="ptolemy.util.test.junit.AutoTests" name="[153] /home/travis/build/icyphy/ptII/ptolemy/actor/lib/test/auto/Expression12.xml (RunModel)" time="0.011" />
  <testcase classname="ptolemy.util.test.junit.AutoTests" name="[154] /home/travis/build/icyphy/ptII/ptolemy/actor/lib/test/auto/Expression13.xml (RunModel)" time="0.017" />
  <testcase classname="ptolemy.util.test.junit.AutoTests" name="[155] /home/travis/build/icyphy/ptII/ptolemy/actor/lib/test/auto/Expression14.xml (RunModel)" time="0.018" />
  <testcase classname="ptolemy.util.test.junit.AutoTests" name="[156] /home/travis/build/icyphy/ptII/ptolemy/actor/lib/test/auto/Expression15.xml (RunModel)" time="0.007" />
  <testcase classname="ptolemy.util.test.junit.AutoTests" name="[157] /home/travis/build/icyphy/ptII/ptolemy/actor/lib/test/auto/Expression16.xml (RunModel)" time="0.011" />
  <testcase classname="ptolemy.util.test.junit.AutoTests" name="[158] /home/travis/build/icyphy/ptII/ptolemy/actor/lib/test/auto/Expression17.xml (RunModel)" time="0.009" />
  <testcase classname="ptolemy.util.test.junit.AutoTests" name="[159] /home/travis/build/icyphy/ptII/ptolemy/actor/lib/test/auto/Expression18.xml (RunModel)" time="0.012" />
  <testcase classname="ptolemy.util.test.junit.AutoTests" name="[160] /home/travis/build/icyphy/ptII/ptolemy/actor/lib/test/auto/Expression2.xml (RunModel)" time="0.01" />
  <testcase classname="ptolemy.util.test.junit.AutoTests" name="[161] /home/travis/build/icyphy/ptII/ptolemy/actor/lib/test/auto/Expression3.xml (RunModel)" time="0.012" />
  <testcase classname="ptolemy.util.test.junit.AutoTests" name="[162] /home/travis/build/icyphy/ptII/ptolemy/actor/lib/test/auto/Expression4.xml (RunModel)" time="0.015" />
  <testcase classname="ptolemy.util.test.junit.AutoTests" name="[163] /home/travis/build/icyphy/ptII/ptolemy/actor/lib/test/auto/Expression5.xml (RunModel)" time="0.015" />
  <testcase classname="ptolemy.util.test.junit.AutoTests" name="[164] /home/travis/build/icyphy/ptII/ptolemy/actor/lib/test/auto/Expression6.xml (RunModel)" time="0.008" />
  <testcase classname="ptolemy.util.test.junit.AutoTests" name="[165] /home/travis/build/icyphy/ptII/ptolemy/actor/lib/test/auto/Expression7.xml (RunModel)" time="0.01" />
  <testcase classname="ptolemy.util.test.junit.AutoTests" name="[166] /home/travis/build/icyphy/ptII/ptolemy/actor/lib/test/auto/Expression8.xml (RunModel)" time="0.012" />
  <testcase classname="ptolemy.util.test.junit.AutoTests" name="[167] /home/travis/build/icyphy/ptII/ptolemy/actor/lib/test/auto/Expression9.xml (RunModel)" time="0.007" />
  <testcase classname="ptolemy.util.test.junit.AutoTests" name="[168] /home/travis/build/icyphy/ptII/ptolemy/actor/lib/test/auto/ExpressionConcatenateArrayType.xml (RunModel)" time="0.038" />
  <testcase classname="ptolemy.util.test.junit.AutoTests" name="[169] /home/travis/build/icyphy/ptII/ptolemy/actor/lib/test/auto/ExpressionConcatenateArrayType2.xml (RunModel)" time="0.019" />
  <testcase classname="ptolemy.util.test.junit.AutoTests" name="[170] /home/travis/build/icyphy/ptII/ptolemy/actor/lib/test/auto/ExpressionFix.xml (RunModel)" time="0.042" />
  <testcase classname="ptolemy.util.test.junit.AutoTests" name="[171] /home/travis/build/icyphy/ptII/ptolemy/actor/lib/test/auto/ExpressionFix2.xml (RunModel)" time="0.011" />
  <testcase classname="ptolemy.util.test.junit.AutoTests" name="[172] /home/travis/build/icyphy/ptII/ptolemy/actor/lib/test/auto/ExpressionFix3.xml (RunModel)" time="0.011" />
  <testcase classname="ptolemy.util.test.junit.AutoTests" name="[173] /home/travis/build/icyphy/ptII/ptolemy/actor/lib/test/auto/FileWriter1.xml (RunModel)" time="0.007" />
  <testcase classname="ptolemy.util.test.junit.AutoTests" name="[174] /home/travis/build/icyphy/ptII/ptolemy/actor/lib/test/auto/FileWriter2.xml (RunModel)" time="0.013" />
  <testcase classname="ptolemy.util.test.junit.AutoTests" name="[175] /home/travis/build/icyphy/ptII/ptolemy/actor/lib/test/auto/FileWriter3.xml (RunModel)" time="0.012" />
  <testcase classname="ptolemy.util.test.junit.AutoTests" name="[176] /home/travis/build/icyphy/ptII/ptolemy/actor/lib/test/auto/Gaussian.xml (RunModel)" time="0.01" />
  <testcase classname="ptolemy.util.test.junit.AutoTests" name="[177] /home/travis/build/icyphy/ptII/ptolemy/actor/lib/test/auto/Gaussian1.xml (RunModel)" time="0.014" />
  <testcase classname="ptolemy.util.test.junit.AutoTests" name="[178] /home/travis/build/icyphy/ptII/ptolemy/actor/lib/test/auto/Gaussian2.xml (RunModel)" time="0.022" />
  <testcase classname="ptolemy.util.test.junit.AutoTests" name="[179] /home/travis/build/icyphy/ptII/ptolemy/actor/lib/test/auto/GradientAdaptiveLattice.xml (RunModel)" time="0.017" />
  <testcase classname="ptolemy.util.test.junit.AutoTests" name="[180] /home/travis/build/icyphy/ptII/ptolemy/actor/lib/test/auto/IIR.xml (RunModel)" time="0.009" />
  <testcase classname="ptolemy.util.test.junit.AutoTests" name="[181] /home/travis/build/icyphy/ptII/ptolemy/actor/lib/test/auto/InputOutputTransparentPorts.xml (RunModel)" time="0.016" />
  <testcase classname="ptolemy.util.test.junit.AutoTests" name="[182] /home/travis/build/icyphy/ptII/ptolemy/actor/lib/test/auto/Interpolator.xml (RunModel)" time="0.01" />
  <testcase classname="ptolemy.util.test.junit.AutoTests" name="[183] /home/travis/build/icyphy/ptII/ptolemy/actor/lib/test/auto/InterpolatorFiringLimitDE.xml (RunModel)" time="0.012" />
  <testcase classname="ptolemy.util.test.junit.AutoTests" name="[184] /home/travis/build/icyphy/ptII/ptolemy/actor/lib/test/auto/Lattice.xml (RunModel)" time="0.007" />
  <testcase classname="ptolemy.util.test.junit.AutoTests" name="[185] /home/travis/build/icyphy/ptII/ptolemy/actor/lib/test/auto/LazyAOCTestLazy.xml (RunModel)" time="0.02" />
  <testcase classname="ptolemy.util.test.junit.AutoTests" name="[186] /home/travis/build/icyphy/ptII/ptolemy/actor/lib/test/auto/LazyAOCTestNonLazy.xml (RunModel)" time="0.046" />
  <testcase classname="ptolemy.util.test.junit.AutoTests" name="[187] /home/travis/build/icyphy/ptII/ptolemy/actor/lib/test/auto/LazyInnerClass.xml (RunModel)" time="0.049" />
  <testcase classname="ptolemy.util.test.junit.AutoTests" name="[188] /home/travis/build/icyphy/ptII/ptolemy/actor/lib/test/auto/LazyPubSub.xml (RunModel)" time="0.054" />
  <testcase classname="ptolemy.util.test.junit.AutoTests" name="[189] /home/travis/build/icyphy/ptII/ptolemy/actor/lib/test/auto/LazyPubSub2.xml (RunModel)" time="0.027" />
  <testcase classname="ptolemy.util.test.junit.AutoTests" name="[190] /home/travis/build/icyphy/ptII/ptolemy/actor/lib/test/auto/LazyPubSub3.xml (RunModel)" time="0.039" />
  <testcase classname="ptolemy.util.test.junit.AutoTests" name="[191] /home/travis/build/icyphy/ptII/ptolemy/actor/lib/test/auto/LazySubClassModel.xml (RunModel)" time="0.02" />
  <testcase classname="ptolemy.util.test.junit.AutoTests" name="[192] /home/travis/build/icyphy/ptII/ptolemy/actor/lib/test/auto/LevelCrossTest1.xml (RunModel)" time="0.008" />
  <testcase classname="ptolemy.util.test.junit.AutoTests" name="[193] /home/travis/build/icyphy/ptII/ptolemy/actor/lib/test/auto/LevelCrossTest10.xml (RunModel)" time="0.014" />
  <testcase classname="ptolemy.util.test.junit.AutoTests" name="[194] /home/travis/build/icyphy/ptII/ptolemy/actor/lib/test/auto/LevelCrossTest11.xml (RunModel)" time="0.017" />
  <testcase classname="ptolemy.util.test.junit.AutoTests" name="[195] /home/travis/build/icyphy/ptII/ptolemy/actor/lib/test/auto/LevelCrossTest12.xml (RunModel)" time="0.015" />
  <testcase classname="ptolemy.util.test.junit.AutoTests" name="[196] /home/travis/build/icyphy/ptII/ptolemy/actor/lib/test/auto/LevelCrossTest13.xml (RunModel)" time="0.012" />
  <testcase classname="ptolemy.util.test.junit.AutoTests" name="[197] /home/travis/build/icyphy/ptII/ptolemy/actor/lib/test/auto/LevelCrossTest2.xml (RunModel)" time="0.009" />
  <testcase classname="ptolemy.util.test.junit.AutoTests" name="[198] /home/travis/build/icyphy/ptII/ptolemy/actor/lib/test/auto/LevelCrossTest3.xml (RunModel)" time="0.011" />
  <testcase classname="ptolemy.util.test.junit.AutoTests" name="[199] /home/travis/build/icyphy/ptII/ptolemy/actor/lib/test/auto/LevelCrossTest4.xml (RunModel)" time="0.008" />
  <testcase classname="ptolemy.util.test.junit.AutoTests" name="[200] /home/travis/build/icyphy/ptII/ptolemy/actor/lib/test/auto/LevelCrossTest5.xml (RunModel)" time="0.031" />
  <testcase classname="ptolemy.util.test.junit.AutoTests" name="[201] /home/travis/build/icyphy/ptII/ptolemy/actor/lib/test/auto/LevelCrossTest6.xml (RunModel)" time="0.014" />
  <testcase classname="ptolemy.util.test.junit.AutoTests" name="[202] /home/travis/build/icyphy/ptII/ptolemy/actor/lib/test/auto/LevelCrossTest7.xml (RunModel)" time="0.017" />
  <testcase classname="ptolemy.util.test.junit.AutoTests" name="[203] /home/travis/build/icyphy/ptII/ptolemy/actor/lib/test/auto/LevelCrossTest8.xml (RunModel)" time="0.02" />
  <testcase classname="ptolemy.util.test.junit.AutoTests" name="[204] /home/travis/build/icyphy/ptII/ptolemy/actor/lib/test/auto/LevelCrossTest9.xml (RunModel)" time="0.019" />
  <testcase classname="ptolemy.util.test.junit.AutoTests" name="[205] /home/travis/build/icyphy/ptII/ptolemy/actor/lib/test/auto/LevinsonDurbin.xml (RunModel)" time="0.009" />
  <testcase classname="ptolemy.util.test.junit.AutoTests" name="[206] /home/travis/build/icyphy/ptII/ptolemy/actor/lib/test/auto/LevinsonDurbin2.xml (RunModel)" time="0.008" />
  <testcase classname="ptolemy.util.test.junit.AutoTests" name="[207] /home/travis/build/icyphy/ptII/ptolemy/actor/lib/test/auto/LevinsonDurbin3.xml (RunModel)" time="0.012" />
  <testcase classname="ptolemy.util.test.junit.AutoTests" name="[208] /home/travis/build/icyphy/ptII/ptolemy/actor/lib/test/auto/Limiter.xml (RunModel)" time="0.039" />
  <testcase classname="ptolemy.util.test.junit.AutoTests" name="[209] /home/travis/build/icyphy/ptII/ptolemy/actor/lib/test/auto/LinearDifferenceEquationSystem.xml (RunModel)" time="0.022" />
  <testcase classname="ptolemy.util.test.junit.AutoTests" name="[210] /home/travis/build/icyphy/ptII/ptolemy/actor/lib/test/auto/LookupTable.xml (RunModel)" time="0.01" />
  <testcase classname="ptolemy.util.test.junit.AutoTests" name="[211] /home/travis/build/icyphy/ptII/ptolemy/actor/lib/test/auto/MathFunction.xml (RunModel)" time="0.034" />
  <testcase classname="ptolemy.util.test.junit.AutoTests" name="[212] /home/travis/build/icyphy/ptII/ptolemy/actor/lib/test/auto/MathFunction2.xml (RunModel)" time="0.012" />
  <testcase classname="ptolemy.util.test.junit.AutoTests" name="[213] /home/travis/build/icyphy/ptII/ptolemy/actor/lib/test/auto/MathFunction3.xml (RunModel)" time="0.018" />
  <testcase classname="ptolemy.util.test.junit.AutoTests" name="[214] /home/travis/build/icyphy/ptII/ptolemy/actor/lib/test/auto/MatrixCropBoolean.xml (RunModel)" time="0.016" />
  <testcase classname="ptolemy.util.test.junit.AutoTests" name="[215] /home/travis/build/icyphy/ptII/ptolemy/actor/lib/test/auto/MatrixCropComplex.xml (RunModel)" time="0.01" />
  <testcase classname="ptolemy.util.test.junit.AutoTests" name="[216] /home/travis/build/icyphy/ptII/ptolemy/actor/lib/test/auto/MatrixCropDouble.xml (RunModel)" time="0.008" />
  <testcase classname="ptolemy.util.test.junit.AutoTests" name="[217] /home/travis/build/icyphy/ptII/ptolemy/actor/lib/test/auto/MatrixCropFix.xml (RunModel)" time="0.015" />
  <testcase classname="ptolemy.util.test.junit.AutoTests" name="[218] /home/travis/build/icyphy/ptII/ptolemy/actor/lib/test/auto/MatrixCropInt.xml (RunModel)" time="0.011" />
  <testcase classname="ptolemy.util.test.junit.AutoTests" name="[219] /home/travis/build/icyphy/ptII/ptolemy/actor/lib/test/auto/MatrixCropLong.xml (RunModel)" time="0.009" />
  <testcase classname="ptolemy.util.test.junit.AutoTests" name="[220] /home/travis/build/icyphy/ptII/ptolemy/actor/lib/test/auto/MatrixToArray.xml (RunModel)" time="0.045" />
  <testcase classname="ptolemy.util.test.junit.AutoTests" name="[221] /home/travis/build/icyphy/ptII/ptolemy/actor/lib/test/auto/MaxIndex.xml (RunModel)" time="0.012" />
  <testcase classname="ptolemy.util.test.junit.AutoTests" name="[222] /home/travis/build/icyphy/ptII/ptolemy/actor/lib/test/auto/Maximum.xml (RunModel)" time="0.011" />
  <testcase classname="ptolemy.util.test.junit.AutoTests" name="[223] /home/travis/build/icyphy/ptII/ptolemy/actor/lib/test/auto/MaximumComplex.xml (RunModel)" time="0.019" />
  <testcase classname="ptolemy.util.test.junit.AutoTests" name="[224] /home/travis/build/icyphy/ptII/ptolemy/actor/lib/test/auto/MethodCallTest.xml (RunModel)" time="0.019" />
  <testcase classname="ptolemy.util.test.junit.AutoTests" name="[225] /home/travis/build/icyphy/ptII/ptolemy/actor/lib/test/auto/Minimum.xml (RunModel)" time="0.013" />
  <testcase classname="ptolemy.util.test.junit.AutoTests" name="[226] /home/travis/build/icyphy/ptII/ptolemy/actor/lib/test/auto/MinimumComplex.xml (RunModel)" time="0.022" />
  <testcase classname="ptolemy.util.test.junit.AutoTests" name="[227] /home/travis/build/icyphy/ptII/ptolemy/actor/lib/test/auto/MinimumMultiports.xml (RunModel)" time="0.016" />
  <testcase classname="ptolemy.util.test.junit.AutoTests" name="[228] /home/travis/build/icyphy/ptII/ptolemy/actor/lib/test/auto/ModifyDate.xml (RunModel)" time="0.048" />
  <testcase classname="ptolemy.util.test.junit.AutoTests" name="[229] /home/travis/build/icyphy/ptII/ptolemy/actor/lib/test/auto/ModifyDate2.xml (RunModel)" time="0.024" />
  <testcase classname="ptolemy.util.test.junit.AutoTests" name="[230] /home/travis/build/icyphy/ptII/ptolemy/actor/lib/test/auto/MovingAverage.xml (RunModel)" time="0.012" />
  <testcase classname="ptolemy.util.test.junit.AutoTests" name="[231] /home/travis/build/icyphy/ptII/ptolemy/actor/lib/test/auto/MovingMaximum.xml (RunModel)" time="0.01" />
  <testcase classname="ptolemy.util.test.junit.AutoTests" name="[232] /home/travis/build/icyphy/ptII/ptolemy/actor/lib/test/auto/MultipleLinksToSameRelation.xml (RunModel)" time="0.007" />
  <testcase classname="ptolemy.util.test.junit.AutoTests" name="[233] /home/travis/build/icyphy/ptII/ptolemy/actor/lib/test/auto/MultipleLinksToSameRelationDE.xml (RunModel)" time="0.013" />
  <testcase classname="ptolemy.util.test.junit.AutoTests" name="[234] /home/travis/build/icyphy/ptII/ptolemy/actor/lib/test/auto/Multiplexor.xml (RunModel)" time="0.01" />
  <testcase classname="ptolemy.util.test.junit.AutoTests" name="[235] /home/travis/build/icyphy/ptII/ptolemy/actor/lib/test/auto/Multiplexor1.xml (RunModel)" time="0.011" />
  <testcase classname="ptolemy.util.test.junit.AutoTests" name="[236] /home/travis/build/icyphy/ptII/ptolemy/actor/lib/test/auto/Multiplexor2.xml (RunModel)" time="0.014" />
  <testcase classname="ptolemy.util.test.junit.AutoTests" name="[237] /home/travis/build/icyphy/ptII/ptolemy/actor/lib/test/auto/Multiplexor3.xml (RunModel)" time="0.007" />
  <testcase classname="ptolemy.util.test.junit.AutoTests" name="[238] /home/travis/build/icyphy/ptII/ptolemy/actor/lib/test/auto/MultiplexorDE.xml (RunModel)" time="0.014" />
  <testcase classname="ptolemy.util.test.junit.AutoTests" name="[239] /home/travis/build/icyphy/ptII/ptolemy/actor/lib/test/auto/MultiportBroadcastTest.xml (RunModel)" time="0.08" />
  <testcase classname="ptolemy.util.test.junit.AutoTests" name="[240] /home/travis/build/icyphy/ptII/ptolemy/actor/lib/test/auto/MultiportOutHangDuringGetWidth.xml (RunModel)" time="0.031" />
  <testcase classname="ptolemy.util.test.junit.AutoTests" name="[241] /home/travis/build/icyphy/ptII/ptolemy/actor/lib/test/auto/NilToken.xml (RunModel)" time="0.009" />
  <testcase classname="ptolemy.util.test.junit.AutoTests" name="[242] /home/travis/build/icyphy/ptII/ptolemy/actor/lib/test/auto/NilTokenNonStrictTest.xml (RunModel)" time="0.009" />
  <testcase classname="ptolemy.util.test.junit.AutoTests" name="[243] /home/travis/build/icyphy/ptII/ptolemy/actor/lib/test/auto/NilTokenRecord.xml (RunModel)" time="0.024" />
  <testcase classname="ptolemy.util.test.junit.AutoTests" name="[244] /home/travis/build/icyphy/ptII/ptolemy/actor/lib/test/auto/NilTokenTypeTest.xml (RunModel)" time="0.025" />
  <testcase classname="ptolemy.util.test.junit.AutoTests" name="[245] /home/travis/build/icyphy/ptII/ptolemy/actor/lib/test/auto/ObjectToken1.xml (RunModel)" time="0.007" />
  <testcase classname="ptolemy.util.test.junit.AutoTests" name="[246] /home/travis/build/icyphy/ptII/ptolemy/actor/lib/test/auto/OrderedMerge.xml (RunModel)" time="0.016" />
  <testcase classname="ptolemy.util.test.junit.AutoTests" name="[247] /home/travis/build/icyphy/ptII/ptolemy/actor/lib/test/auto/OrderedRecordDisassembler.xml (RunModel)" time="0.015" />
  <testcase classname="ptolemy.util.test.junit.AutoTests" name="[248] /home/travis/build/icyphy/ptII/ptolemy/actor/lib/test/auto/OrderedRecordDisassembler2.xml (RunModel)" time="0.016" />
  <testcase classname="ptolemy.util.test.junit.AutoTests" name="[249] /home/travis/build/icyphy/ptII/ptolemy/actor/lib/test/auto/OrderedRecordUpdater.xml (RunModel)" time="0.01" />
  <testcase classname="ptolemy.util.test.junit.AutoTests" name="[250] /home/travis/build/icyphy/ptII/ptolemy/actor/lib/test/auto/OrderedRecordUpdater2.xml (RunModel)" time="0.015" />
  <testcase classname="ptolemy.util.test.junit.AutoTests" name="[251] /home/travis/build/icyphy/ptII/ptolemy/actor/lib/test/auto/PhaseUnwrap.xml (RunModel)" time="0.011" />
  <testcase classname="ptolemy.util.test.junit.AutoTests" name="[252] /home/travis/build/icyphy/ptII/ptolemy/actor/lib/test/auto/PoissonClock.xml (RunModel)" time="0.009" />
  <testcase classname="ptolemy.util.test.junit.AutoTests" name="[253] /home/travis/build/icyphy/ptII/ptolemy/actor/lib/test/auto/PoissonClock2.xml (RunModel)" time="0.006" />
  <testcase classname="ptolemy.util.test.junit.AutoTests" name="[254] /home/travis/build/icyphy/ptII/ptolemy/actor/lib/test/auto/PoissonClock3.xml (RunModel)" time="0.021" />
  <testcase classname="ptolemy.util.test.junit.AutoTests" name="[255] /home/travis/build/icyphy/ptII/ptolemy/actor/lib/test/auto/PubSubWithInitialTokens.xml (RunModel)" time="0.011" />
  <testcase classname="ptolemy.util.test.junit.AutoTests" name="[256] /home/travis/build/icyphy/ptII/ptolemy/actor/lib/test/auto/PubSubWithInitialTokens2.xml (RunModel)" time="0.011" />
  <testcase classname="ptolemy.util.test.junit.AutoTests" name="[257] /home/travis/build/icyphy/ptII/ptolemy/actor/lib/test/auto/PublisherClassNoParameter.xml (RunModel)" time="0.044" />
  <testcase classname="ptolemy.util.test.junit.AutoTests" name="[258] /home/travis/build/icyphy/ptII/ptolemy/actor/lib/test/auto/PublisherClassParameter.xml (RunModel)" time="0.018" />
  <testcase classname="ptolemy.util.test.junit.AutoTests" name="[259] /home/travis/build/icyphy/ptII/ptolemy/actor/lib/test/auto/PublisherNonStrictTest.xml (RunModel)" time="0.013" />
  <testcase classname="ptolemy.util.test.junit.AutoTests" name="[260] /home/travis/build/icyphy/ptII/ptolemy/actor/lib/test/auto/PublisherPort1.xml (RunModel)" time="0.009" />
  <testcase classname="ptolemy.util.test.junit.AutoTests" name="[261] /home/travis/build/icyphy/ptII/ptolemy/actor/lib/test/auto/PublisherPort2.xml (RunModel)" time="0.007" />
  <testcase classname="ptolemy.util.test.junit.AutoTests" name="[262] /home/travis/build/icyphy/ptII/ptolemy/actor/lib/test/auto/PublisherPort3.xml (RunModel)" time="0.017" />
  <testcase classname="ptolemy.util.test.junit.AutoTests" name="[263] /home/travis/build/icyphy/ptII/ptolemy/actor/lib/test/auto/PublisherPort4.xml (RunModel)" time="0.013" />
  <testcase classname="ptolemy.util.test.junit.AutoTests" name="[264] /home/travis/build/icyphy/ptII/ptolemy/actor/lib/test/auto/PublisherPort5.xml (RunModel)" time="0.011" />
  <testcase classname="ptolemy.util.test.junit.AutoTests" name="[265] /home/travis/build/icyphy/ptII/ptolemy/actor/lib/test/auto/PublisherPort5LookAlike.xml (RunModel)" time="0.015" />
  <testcase classname="ptolemy.util.test.junit.AutoTests" name="[266] /home/travis/build/icyphy/ptII/ptolemy/actor/lib/test/auto/PublisherPort6.xml (RunModel)" time="0.013" />
  <testcase classname="ptolemy.util.test.junit.AutoTests" name="[267] /home/travis/build/icyphy/ptII/ptolemy/actor/lib/test/auto/PublisherPort7.xml (RunModel)" time="0.013" />
  <testcase classname="ptolemy.util.test.junit.AutoTests" name="[268] /home/travis/build/icyphy/ptII/ptolemy/actor/lib/test/auto/PublisherPort8.xml (RunModel)" time="0.013" />
  <testcase classname="ptolemy.util.test.junit.AutoTests" name="[269] /home/travis/build/icyphy/ptII/ptolemy/actor/lib/test/auto/PublisherPortSubscriberChannelVariablesAOC2.xml (RunModel)" time="0.029" />
  <testcase classname="ptolemy.util.test.junit.AutoTests" name="[270] /home/travis/build/icyphy/ptII/ptolemy/actor/lib/test/auto/PublisherPortSubscriberOpaqueWidthInference.xml (RunModel)" time="0.012" />
  <testcase classname="ptolemy.util.test.junit.AutoTests" name="[271] /home/travis/build/icyphy/ptII/ptolemy/actor/lib/test/auto/PublisherPortSubscriberPortAdjacent.xml (RunModel)" time="0.02" />
  <testcase classname="ptolemy.util.test.junit.AutoTests" name="[272] /home/travis/build/icyphy/ptII/ptolemy/actor/lib/test/auto/PublisherPortSubscriberPortExpression.xml (RunModel)" time="0.015" />
  <testcase classname="ptolemy.util.test.junit.AutoTests" name="[273] /home/travis/build/icyphy/ptII/ptolemy/actor/lib/test/auto/PublisherPortSubscriberPortOpaqueD3Reverse.xml (RunModel)" time="0.016" />
  <testcase classname="ptolemy.util.test.junit.AutoTests" name="[274] /home/travis/build/icyphy/ptII/ptolemy/actor/lib/test/auto/PublisherPortSubscriberPortOpaqueWidthInference.xml (RunModel)" time="0.013" />
  <testcase classname="ptolemy.util.test.junit.AutoTests" name="[275] /home/travis/build/icyphy/ptII/ptolemy/actor/lib/test/auto/PublisherPortToplevelSubscriberPortAOC.xml (RunModel)" time="0.009" />
  <testcase classname="ptolemy.util.test.junit.AutoTests" name="[276] /home/travis/build/icyphy/ptII/ptolemy/actor/lib/test/auto/PublisherSubscriber.xml (RunModel)" time="0.012" />
  <testcase classname="ptolemy.util.test.junit.AutoTests" name="[277] /home/travis/build/icyphy/ptII/ptolemy/actor/lib/test/auto/PublisherSubscriber10.xml (RunModel)" time="0.019" />
  <testcase classname="ptolemy.util.test.junit.AutoTests" name="[278] /home/travis/build/icyphy/ptII/ptolemy/actor/lib/test/auto/PublisherSubscriber10InitialOutputs.xml (RunModel)" time="0.028" />
  <testcase classname="ptolemy.util.test.junit.AutoTests" name="[279] /home/travis/build/icyphy/ptII/ptolemy/actor/lib/test/auto/PublisherSubscriber11.xml (RunModel)" time="0.016" />
  <testcase classname="ptolemy.util.test.junit.AutoTests" name="[280] /home/travis/build/icyphy/ptII/ptolemy/actor/lib/test/auto/PublisherSubscriber12.xml (RunModel)" time="0.013" />
  <testcase classname="ptolemy.util.test.junit.AutoTests" name="[281] /home/travis/build/icyphy/ptII/ptolemy/actor/lib/test/auto/PublisherSubscriber13.xml (RunModel)" time="0.008" />
  <testcase classname="ptolemy.util.test.junit.AutoTests" name="[282] /home/travis/build/icyphy/ptII/ptolemy/actor/lib/test/auto/PublisherSubscriber14.xml (RunModel)" time="0.025" />
  <testcase classname="ptolemy.util.test.junit.AutoTests" name="[283] /home/travis/build/icyphy/ptII/ptolemy/actor/lib/test/auto/PublisherSubscriber2.xml (RunModel)" time="0.01" />
  <testcase classname="ptolemy.util.test.junit.AutoTests" name="[284] /home/travis/build/icyphy/ptII/ptolemy/actor/lib/test/auto/PublisherSubscriber3.xml (RunModel)" time="0.009" />
  <testcase classname="ptolemy.util.test.junit.AutoTests" name="[285] /home/travis/build/icyphy/ptII/ptolemy/actor/lib/test/auto/PublisherSubscriber4.xml (RunModel)" time="0.008" />
  <testcase classname="ptolemy.util.test.junit.AutoTests" name="[286] /home/travis/build/icyphy/ptII/ptolemy/actor/lib/test/auto/PublisherSubscriber5.xml (RunModel)" time="0.011" />
  <testcase classname="ptolemy.util.test.junit.AutoTests" name="[287] /home/travis/build/icyphy/ptII/ptolemy/actor/lib/test/auto/PublisherSubscriber6.xml (RunModel)" time="0.014" />
  <testcase classname="ptolemy.util.test.junit.AutoTests" name="[288] /home/travis/build/icyphy/ptII/ptolemy/actor/lib/test/auto/PublisherSubscriber7.xml (RunModel)" time="0.016" />
  <testcase classname="ptolemy.util.test.junit.AutoTests" name="[289] /home/travis/build/icyphy/ptII/ptolemy/actor/lib/test/auto/PublisherSubscriber8.xml (RunModel)" time="0.029" />
  <testcase classname="ptolemy.util.test.junit.AutoTests" name="[290] /home/travis/build/icyphy/ptII/ptolemy/actor/lib/test/auto/PublisherSubscriber9.xml (RunModel)" time="0.019" />
  <testcase classname="ptolemy.util.test.junit.AutoTests" name="[291] /home/travis/build/icyphy/ptII/ptolemy/actor/lib/test/auto/PublisherSubscriberAdjacent.xml (RunModel)" time="0.044" />
  <testcase classname="ptolemy.util.test.junit.AutoTests" name="[292] /home/travis/build/icyphy/ptII/ptolemy/actor/lib/test/auto/PublisherSubscriberChannelVariablesAOC2.xml (RunModel)" time="0.028" />
  <testcase classname="ptolemy.util.test.junit.AutoTests" name="[293] /home/travis/build/icyphy/ptII/ptolemy/actor/lib/test/auto/PublisherSubscriberD3.xml (RunModel)" time="0.011" />
  <testcase classname="ptolemy.util.test.junit.AutoTests" name="[294] /home/travis/build/icyphy/ptII/ptolemy/actor/lib/test/auto/PublisherSubscriberD3Reverse.xml (RunModel)" time="0.009" />
  <testcase classname="ptolemy.util.test.junit.AutoTests" name="[295] /home/travis/build/icyphy/ptII/ptolemy/actor/lib/test/auto/PublisherSubscriberExpression.xml (RunModel)" time="0.013" />
  <testcase classname="ptolemy.util.test.junit.AutoTests" name="[296] /home/travis/build/icyphy/ptII/ptolemy/actor/lib/test/auto/PublisherSubscriberOpaque.xml (RunModel)" time="0.014" />
  <testcase classname="ptolemy.util.test.junit.AutoTests" name="[297] /home/travis/build/icyphy/ptII/ptolemy/actor/lib/test/auto/PublisherSubscriberOpaqueD3.xml (RunModel)" time="0.02" />
  <testcase classname="ptolemy.util.test.junit.AutoTests" name="[298] /home/travis/build/icyphy/ptII/ptolemy/actor/lib/test/auto/PublisherSubscriberOpaqueD3Reverse.xml (RunModel)" time="0.019" />
  <testcase classname="ptolemy.util.test.junit.AutoTests" name="[299] /home/travis/build/icyphy/ptII/ptolemy/actor/lib/test/auto/PublisherSubscriberOpaqueWidthInference.xml (RunModel)" time="0.015" />
  <testcase classname="ptolemy.util.test.junit.AutoTests" name="[300] /home/travis/build/icyphy/ptII/ptolemy/actor/lib/test/auto/PublisherTestSubscriber.xml (RunModel)" time="0.012" />
  <testcase classname="ptolemy.util.test.junit.AutoTests" name="[301] /home/travis/build/icyphy/ptII/ptolemy/actor/lib/test/auto/PublisherToplevelSubscriberPortAOC.xml (RunModel)" time="0.011" />
  <testcase classname="ptolemy.util.test.junit.AutoTests" name="[302] /home/travis/build/icyphy/ptII/ptolemy/actor/lib/test/auto/PulseFiringLimitDE.xml (RunModel)" time="0.013" />
  <testcase classname="ptolemy.util.test.junit.AutoTests" name="[303] /home/travis/build/icyphy/ptII/ptolemy/actor/lib/test/auto/Ramp1.xml (RunModel)" time="0.006" />
  <testcase classname="ptolemy.util.test.junit.AutoTests" name="[304] /home/travis/build/icyphy/ptII/ptolemy/actor/lib/test/auto/RampFiringLimitDE.xml (RunModel)" time="0.009" />
  <testcase classname="ptolemy.util.test.junit.AutoTests" name="[305] /home/travis/build/icyphy/ptII/ptolemy/actor/lib/test/auto/RampFiringLimitSDF.xml (RunModel)" time="0.008" />
  <testcase classname="ptolemy.util.test.junit.AutoTests" name="[306] /home/travis/build/icyphy/ptII/ptolemy/actor/lib/test/auto/RandomInteger.xml (RunModel)" time="0.007" />
  <testcase classname="ptolemy.util.test.junit.AutoTests" name="[307] /home/travis/build/icyphy/ptII/ptolemy/actor/lib/test/auto/ReadFile1.xml (RunModel)" time="0.006" />
  <testcase classname="ptolemy.util.test.junit.AutoTests" name="[308] /home/travis/build/icyphy/ptII/ptolemy/actor/lib/test/auto/ReadFile2.xml (RunModel)" time="0.005" />
  <testcase classname="ptolemy.util.test.junit.AutoTests" name="[309] /home/travis/build/icyphy/ptII/ptolemy/actor/lib/test/auto/Reader.xml (RunModel)" time="0.012" />
  <testcase classname="ptolemy.util.test.junit.AutoTests" name="[310] /home/travis/build/icyphy/ptII/ptolemy/actor/lib/test/auto/RecordAssemblerDisplayNameTest.xml (RunModel)" time="2.903" />
  <testcase classname="ptolemy.util.test.junit.AutoTests" name="[311] /home/travis/build/icyphy/ptII/ptolemy/actor/lib/test/auto/RecordAssemblerTypeError.xml (RunModel)" time="0.05" />
  <testcase classname="ptolemy.util.test.junit.AutoTests" name="[312] /home/travis/build/icyphy/ptII/ptolemy/actor/lib/test/auto/RecordDisassember.xml (RunModel)" time="0.017" />
  <testcase classname="ptolemy.util.test.junit.AutoTests" name="[313] /home/travis/build/icyphy/ptII/ptolemy/actor/lib/test/auto/RecordDisassemberDisplayNameTest.xml (RunModel)" time="0.035" />
  <testcase classname="ptolemy.util.test.junit.AutoTests" name="[314] /home/travis/build/icyphy/ptII/ptolemy/actor/lib/test/auto/RecordDisassembler.xml (RunModel)" time="0.009" />
  <testcase classname="ptolemy.util.test.junit.AutoTests" name="[315] /home/travis/build/icyphy/ptII/ptolemy/actor/lib/test/auto/RecordDisassembler2.xml (RunModel)" time="0.009" />
  <testcase classname="ptolemy.util.test.junit.AutoTests" name="[316] /home/travis/build/icyphy/ptII/ptolemy/actor/lib/test/auto/RecordUpdater.xml (RunModel)" time="0.013" />
  <testcase classname="ptolemy.util.test.junit.AutoTests" name="[317] /home/travis/build/icyphy/ptII/ptolemy/actor/lib/test/auto/RecordUpdater2.xml (RunModel)" time="0.008" />
  <testcase classname="ptolemy.util.test.junit.AutoTests" name="[318] /home/travis/build/icyphy/ptII/ptolemy/actor/lib/test/auto/RecursiveLattice.xml (RunModel)" time="0.008" />
  <testcase classname="ptolemy.util.test.junit.AutoTests" name="[319] /home/travis/build/icyphy/ptII/ptolemy/actor/lib/test/auto/Router.xml (RunModel)" time="3.022" />
  <testcase classname="ptolemy.util.test.junit.AutoTests" name="[320] /home/travis/build/icyphy/ptII/ptolemy/actor/lib/test/auto/Router2.xml (RunModel)" time="3.024" />
  <testcase classname="ptolemy.util.test.junit.AutoTests" name="[321] /home/travis/build/icyphy/ptII/ptolemy/actor/lib/test/auto/RunningMaximum.xml (RunModel)" time="0.012" />
  <testcase classname="ptolemy.util.test.junit.AutoTests" name="[322] /home/travis/build/icyphy/ptII/ptolemy/actor/lib/test/auto/RunningMinimum.xml (RunModel)" time="0.016" />
  <testcase classname="ptolemy.util.test.junit.AutoTests" name="[323] /home/travis/build/icyphy/ptII/ptolemy/actor/lib/test/auto/Scale.xml (RunModel)" time="0.007" />
  <testcase classname="ptolemy.util.test.junit.AutoTests" name="[324] /home/travis/build/icyphy/ptII/ptolemy/actor/lib/test/auto/Scale2.xml (RunModel)" time="0.007" />
  <testcase classname="ptolemy.util.test.junit.AutoTests" name="[325] /home/travis/build/icyphy/ptII/ptolemy/actor/lib/test/auto/Scale3.xml (RunModel)" time="0.017" />
  <testcase classname="ptolemy.util.test.junit.AutoTests" name="[326] /home/travis/build/icyphy/ptII/ptolemy/actor/lib/test/auto/ScaleArray.xml (RunModel)" time="0.007" />
  <testcase classname="ptolemy.util.test.junit.AutoTests" name="[327] /home/travis/build/icyphy/ptII/ptolemy/actor/lib/test/auto/ScaleArray2.xml (RunModel)" time="0.006" />
  <testcase classname="ptolemy.util.test.junit.AutoTests" name="[328] /home/travis/build/icyphy/ptII/ptolemy/actor/lib/test/auto/ScaleMatrix.xml (RunModel)" time="0.118" />
  <testcase classname="ptolemy.util.test.junit.AutoTests" name="[329] /home/travis/build/icyphy/ptII/ptolemy/actor/lib/test/auto/Select.xml (RunModel)" time="0.012" />
  <testcase classname="ptolemy.util.test.junit.AutoTests" name="[330] /home/travis/build/icyphy/ptII/ptolemy/actor/lib/test/auto/Select2.xml (RunModel)" time="0.007" />
  <testcase classname="ptolemy.util.test.junit.AutoTests" name="[331] /home/travis/build/icyphy/ptII/ptolemy/actor/lib/test/auto/SequenceToArray2.xml (RunModel)" time="0.108" />
  <testcase classname="ptolemy.util.test.junit.AutoTests" name="[332] /home/travis/build/icyphy/ptII/ptolemy/actor/lib/test/auto/SequentialClock.xml (RunModel)" time="0.011" />
  <testcase classname="ptolemy.util.test.junit.AutoTests" name="[333] /home/travis/build/icyphy/ptII/ptolemy/actor/lib/test/auto/SetVariable.xml (RunModel)" time="0.009" />
  <testcase classname="ptolemy.util.test.junit.AutoTests" name="[334] /home/travis/build/icyphy/ptII/ptolemy/actor/lib/test/auto/SetVariable2.xml (RunModel)" time="0.011" />
  <testcase classname="ptolemy.util.test.junit.AutoTests" name="[335] /home/travis/build/icyphy/ptII/ptolemy/actor/lib/test/auto/SetVariable3.xml (RunModel)" time="0.012" />
  <testcase classname="ptolemy.util.test.junit.AutoTests" name="[336] /home/travis/build/icyphy/ptII/ptolemy/actor/lib/test/auto/SetVariable4.xml (RunModel)" time="0.029" />
  <testcase classname="ptolemy.util.test.junit.AutoTests" name="[337] /home/travis/build/icyphy/ptII/ptolemy/actor/lib/test/auto/SetVariable5.xml (RunModel)" time="0.03" />
  <testcase classname="ptolemy.util.test.junit.AutoTests" name="[338] /home/travis/build/icyphy/ptII/ptolemy/actor/lib/test/auto/Sinewave.xml (RunModel)" time="0.021" />
  <testcase classname="ptolemy.util.test.junit.AutoTests" name="[339] /home/travis/build/icyphy/ptII/ptolemy/actor/lib/test/auto/Sinewave2.xml (RunModel)" time="0.014" />
  <testcase classname="ptolemy.util.test.junit.AutoTests" name="[340] /home/travis/build/icyphy/ptII/ptolemy/actor/lib/test/auto/Sinewave3.xml (RunModel)" time="0.018" />
  <testcase classname="ptolemy.util.test.junit.AutoTests" name="[341] /home/travis/build/icyphy/ptII/ptolemy/actor/lib/test/auto/SingleEvent.xml (RunModel)" time="0.005" />
  <testcase classname="ptolemy.util.test.junit.AutoTests" name="[342] /home/travis/build/icyphy/ptII/ptolemy/actor/lib/test/auto/Sleep.xml (RunModel)" time="6.019" />
  <testcase classname="ptolemy.util.test.junit.AutoTests" name="[343] /home/travis/build/icyphy/ptII/ptolemy/actor/lib/test/auto/SleepMultipleFire.xml (RunModel)" time="1.018" />
  <testcase classname="ptolemy.util.test.junit.AutoTests" name="[344] /home/travis/build/icyphy/ptII/ptolemy/actor/lib/test/auto/StopDE.xml (RunModel)" time="0.016" />
  <testcase classname="ptolemy.util.test.junit.AutoTests" name="[345] /home/travis/build/icyphy/ptII/ptolemy/actor/lib/test/auto/StopSDF.xml (RunModel)" time="0.01" />
  <testcase classname="ptolemy.util.test.junit.AutoTests" name="[346] /home/travis/build/icyphy/ptII/ptolemy/actor/lib/test/auto/StringConstant.xml (RunModel)" time="0.013" />
  <testcase classname="ptolemy.util.test.junit.AutoTests" name="[347] /home/travis/build/icyphy/ptII/ptolemy/actor/lib/test/auto/SubscriberPortInitialValues1.xml (RunModel)" time="0.021" />
  <testcase classname="ptolemy.util.test.junit.AutoTests" name="[348] /home/travis/build/icyphy/ptII/ptolemy/actor/lib/test/auto/SubscriberPortInitialValues13.xml (RunModel)" time="0.025" />
  <testcase classname="ptolemy.util.test.junit.AutoTests" name="[349] /home/travis/build/icyphy/ptII/ptolemy/actor/lib/test/auto/SubscriberPortInitialValues14.xml (RunModel)" time="0.02" />
  <testcase classname="ptolemy.util.test.junit.AutoTests" name="[350] /home/travis/build/icyphy/ptII/ptolemy/actor/lib/test/auto/SubscriberPortInitialValues2.xml (RunModel)" time="0.033" />
  <testcase classname="ptolemy.util.test.junit.AutoTests" name="[351] /home/travis/build/icyphy/ptII/ptolemy/actor/lib/test/auto/SubscriberPortInitialValues3.xml (RunModel)" time="0.02" />
  <testcase classname="ptolemy.util.test.junit.AutoTests" name="[352] /home/travis/build/icyphy/ptII/ptolemy/actor/lib/test/auto/SubscriptionAggregator.xml (RunModel)" time="0.011" />
  <testcase classname="ptolemy.util.test.junit.AutoTests" name="[353] /home/travis/build/icyphy/ptII/ptolemy/actor/lib/test/auto/SubscriptionAggregator2.xml (RunModel)" time="0.009" />
  <testcase classname="ptolemy.util.test.junit.AutoTests" name="[354] /home/travis/build/icyphy/ptII/ptolemy/actor/lib/test/auto/SubscriptionAggregator3.xml (RunModel)" time="0.013" />
  <testcase classname="ptolemy.util.test.junit.AutoTests" name="[355] /home/travis/build/icyphy/ptII/ptolemy/actor/lib/test/auto/SubscriptionAggregatorMultiply.xml (RunModel)" time="0.015" />
  <testcase classname="ptolemy.util.test.junit.AutoTests" name="[356] /home/travis/build/icyphy/ptII/ptolemy/actor/lib/test/auto/SubscriptionAggregatorPortMultiply1.xml (RunModel)" time="0.011" />
  <testcase classname="ptolemy.util.test.junit.AutoTests" name="[357] /home/travis/build/icyphy/ptII/ptolemy/actor/lib/test/auto/Switch.xml (RunModel)" time="0.016" />
  <testcase classname="ptolemy.util.test.junit.AutoTests" name="[358] /home/travis/build/icyphy/ptII/ptolemy/actor/lib/test/auto/Switch2.xml (RunModel)" time="0.011" />
  <testcase classname="ptolemy.util.test.junit.AutoTests" name="[359] /home/travis/build/icyphy/ptII/ptolemy/actor/lib/test/auto/SwitchDE.xml (RunModel)" time="0.015" />
  <testcase classname="ptolemy.util.test.junit.AutoTests" name="[360] /home/travis/build/icyphy/ptII/ptolemy/actor/lib/test/auto/SynchronizerDE.xml (RunModel)" time="0.02" />
  <testcase classname="ptolemy.util.test.junit.AutoTests" name="[361] /home/travis/build/icyphy/ptII/ptolemy/actor/lib/test/auto/Test.xml (RunModel)" time="0.008" />
  <testcase classname="ptolemy.util.test.junit.AutoTests" name="[362] /home/travis/build/icyphy/ptII/ptolemy/actor/lib/test/auto/TestExceptionAttribute1.xml (RunModel)" time="0.006" />
  <testcase classname="ptolemy.util.test.junit.AutoTests" name="[363] /home/travis/build/icyphy/ptII/ptolemy/actor/lib/test/auto/TestExceptionAttribute2.xml (RunModel)" time="0.006" />
  <testcase classname="ptolemy.util.test.junit.AutoTests" name="[364] /home/travis/build/icyphy/ptII/ptolemy/actor/lib/test/auto/TestExceptionAttribute3.xml (RunModel)" time="0.009" />
  <testcase classname="ptolemy.util.test.junit.AutoTests" name="[365] /home/travis/build/icyphy/ptII/ptolemy/actor/lib/test/auto/TestExceptionAttribute4.xml (RunModel)" time="0.006" />
  <testcase classname="ptolemy.util.test.junit.AutoTests" name="[366] /home/travis/build/icyphy/ptII/ptolemy/actor/lib/test/auto/TestExceptionHandler1.xml (RunModel)" time="0.005" />
  <testcase classname="ptolemy.util.test.junit.AutoTests" name="[367] /home/travis/build/icyphy/ptII/ptolemy/actor/lib/test/auto/TestExceptionHandler2.xml (RunModel)" time="0.007" />
  <testcase classname="ptolemy.util.test.junit.AutoTests" name="[368] /home/travis/build/icyphy/ptII/ptolemy/actor/lib/test/auto/TestExceptionHandler3.xml (RunModel)" time="0.004" />
  <testcase classname="ptolemy.util.test.junit.AutoTests" name="[369] /home/travis/build/icyphy/ptII/ptolemy/actor/lib/test/auto/TestExceptionHandler4.xml (RunModel)" time="0.004" />
  <testcase classname="ptolemy.util.test.junit.AutoTests" name="[370] /home/travis/build/icyphy/ptII/ptolemy/actor/lib/test/auto/TestRequireCorrectOrder.xml (RunModel)" time="0.014" />
  <testcase classname="ptolemy.util.test.junit.AutoTests" name="[371] /home/travis/build/icyphy/ptII/ptolemy/actor/lib/test/auto/TestSimple.xml (RunModel)" time="0.008" />
  <testcase classname="ptolemy.util.test.junit.AutoTests" name="[372] /home/travis/build/icyphy/ptII/ptolemy/actor/lib/test/auto/ThrowModelError.xml (RunModel)" time="0.009" />
  <testcase classname="ptolemy.util.test.junit.AutoTests" name="[373] /home/travis/build/icyphy/ptII/ptolemy/actor/lib/test/auto/TimeDelayMicrosteps.xml (RunModel)" time="0.012" />
  <testcase classname="ptolemy.util.test.junit.AutoTests" name="[374] /home/travis/build/icyphy/ptII/ptolemy/actor/lib/test/auto/TimeDelayMicrosteps2.xml (RunModel)" time="0.012" />
  <testcase classname="ptolemy.util.test.junit.AutoTests" name="[375] /home/travis/build/icyphy/ptII/ptolemy/actor/lib/test/auto/TimeDelayMicrosteps3.xml (RunModel)" time="0.009" />
  <testcase classname="ptolemy.util.test.junit.AutoTests" name="[376] /home/travis/build/icyphy/ptII/ptolemy/actor/lib/test/auto/TimeDelayVariableMicrosteps.xml (RunModel)" time="0.009" />
  <testcase classname="ptolemy.util.test.junit.AutoTests" name="[377] /home/travis/build/icyphy/ptII/ptolemy/actor/lib/test/auto/TimeGap.xml (RunModel)" time="0.018" />
  <testcase classname="ptolemy.util.test.junit.AutoTests" name="[378] /home/travis/build/icyphy/ptII/ptolemy/actor/lib/test/auto/TimeGap2.xml (RunModel)" time="0.009" />
  <testcase classname="ptolemy.util.test.junit.AutoTests" name="[379] /home/travis/build/icyphy/ptII/ptolemy/actor/lib/test/auto/TimedSinewave.xml (RunModel)" time="0.045" />
  <testcase classname="ptolemy.util.test.junit.AutoTests" name="[380] /home/travis/build/icyphy/ptII/ptolemy/actor/lib/test/auto/TimedSinewavePhase.xml (RunModel)" time="0.028" />
  <testcase classname="ptolemy.util.test.junit.AutoTests" name="[381] /home/travis/build/icyphy/ptII/ptolemy/actor/lib/test/auto/Timer.xml (RunModel)" time="0.015" />
  <testcase classname="ptolemy.util.test.junit.AutoTests" name="[382] /home/travis/build/icyphy/ptII/ptolemy/actor/lib/test/auto/TriangularDistTestModel.xml (RunModel)" time="0.014" />
  <testcase classname="ptolemy.util.test.junit.AutoTests" name="[383] /home/travis/build/icyphy/ptII/ptolemy/actor/lib/test/auto/TrigFunction.xml (RunModel)" time="0.008" />
  <testcase classname="ptolemy.util.test.junit.AutoTests" name="[384] /home/travis/build/icyphy/ptII/ptolemy/actor/lib/test/auto/TrigFunctionDE.xml (RunModel)" time="0.009" />
  <testcase classname="ptolemy.util.test.junit.AutoTests" name="[385] /home/travis/build/icyphy/ptII/ptolemy/actor/lib/test/auto/TrigFunctionInverse.xml (RunModel)" time="0.007" />
  <testcase classname="ptolemy.util.test.junit.AutoTests" name="[386] /home/travis/build/icyphy/ptII/ptolemy/actor/lib/test/auto/TrigFunctionTan.xml (RunModel)" time="0.005" />
  <testcase classname="ptolemy.util.test.junit.AutoTests" name="[387] /home/travis/build/icyphy/ptII/ptolemy/actor/lib/test/auto/TriggeredClock.xml (RunModel)" time="0.007" />
  <testcase classname="ptolemy.util.test.junit.AutoTests" name="[388] /home/travis/build/icyphy/ptII/ptolemy/actor/lib/test/auto/URLDirectoryReader.xml (RunModel)" time="0.109" />
  <testcase classname="ptolemy.util.test.junit.AutoTests" name="[389] /home/travis/build/icyphy/ptII/ptolemy/actor/lib/test/auto/URLDirectoryReader3.xml (RunModel)" time="1.826" />
  <testcase classname="ptolemy.util.test.junit.AutoTests" name="[390] /home/travis/build/icyphy/ptII/ptolemy/actor/lib/test/auto/UnaryMathFunction.xml (RunModel)" time="0.037" />
  <testcase classname="ptolemy.util.test.junit.AutoTests" name="[391] /home/travis/build/icyphy/ptII/ptolemy/actor/lib/test/auto/Uniform.xml (RunModel)" time="0.009" />
  <testcase classname="ptolemy.util.test.junit.AutoTests" name="[392] /home/travis/build/icyphy/ptII/ptolemy/actor/lib/test/auto/UnionDisassemblerTest.xml (RunModel)" time="0.012" />
  <testcase classname="ptolemy.util.test.junit.AutoTests" name="[393] /home/travis/build/icyphy/ptII/ptolemy/actor/lib/test/auto/UtilityFunctions.xml (RunModel)" time="0.014" />
  <testcase classname="ptolemy.util.test.junit.AutoTests" name="[394] /home/travis/build/icyphy/ptII/ptolemy/actor/lib/test/auto/VariableSleep.xml (RunModel)" time="0.51" />
  <testcase classname="ptolemy.util.test.junit.AutoTests" name="[395] /home/travis/build/icyphy/ptII/ptolemy/actor/lib/test/auto/VectorAssemblerDisassemblerCT.xml (RunModel)" time="0.104" />
  <testcase classname="ptolemy.util.test.junit.AutoTests" name="[396] /home/travis/build/icyphy/ptII/ptolemy/actor/lib/test/auto/VectorAssemblerDisassemblerDE.xml (RunModel)" time="0.012" />
  <testcase classname="ptolemy.util.test.junit.AutoTests" name="[397] /home/travis/build/icyphy/ptII/ptolemy/actor/lib/test/auto/VectorAssemblerDisassemblerSDF.xml (RunModel)" time="0.01" />
  <testcase classname="ptolemy.util.test.junit.AutoTests" name="[398] /home/travis/build/icyphy/ptII/ptolemy/actor/lib/test/auto/WallClockTime.xml (RunModel)" time="1.01" />
  <testcase classname="ptolemy.util.test.junit.AutoTests" name="[399] /home/travis/build/icyphy/ptII/ptolemy/actor/lib/test/auto/WidthTestWithSubscriberPublisher.xml (RunModel)" time="0.034" />
  <testcase classname="ptolemy.util.test.junit.AutoTests" name="[400] /home/travis/build/icyphy/ptII/ptolemy/actor/lib/test/auto/WidthTestWithSubscriberPublisher2.xml (RunModel)" time="0.014" />
  <testcase classname="ptolemy.util.test.junit.AutoTests" name="[401] /home/travis/build/icyphy/ptII/ptolemy/actor/lib/test/auto/WidthTestWithSubscriberPublisher3.xml (RunModel)" time="0.011" />
  <testcase classname="ptolemy.util.test.junit.AutoTests" name="[402] /home/travis/build/icyphy/ptII/ptolemy/actor/lib/test/auto/Writer.xml (RunModel)" time="0.006" />
  <testcase classname="ptolemy.util.test.junit.AutoTests" name="[403] /home/travis/build/icyphy/ptII/ptolemy/actor/lib/test/auto/array.xml (RunModel)" time="0.007" />
  <testcase classname="ptolemy.util.test.junit.AutoTests" name="[404] /home/travis/build/icyphy/ptII/ptolemy/actor/lib/test/auto/array2.xml (RunModel)" time="0.01" />
  <testcase classname="ptolemy.util.test.junit.AutoTests" name="[405] /home/travis/build/icyphy/ptII/ptolemy/actor/lib/test/auto/arrayType.xml (RunModel)" time="0.008" />
  <testcase classname="ptolemy.util.test.junit.AutoTests" name="[406] /home/travis/build/icyphy/ptII/ptolemy/actor/lib/test/auto/arrayType10.xml (RunModel)" time="0.007" />
  <testcase classname="ptolemy.util.test.junit.AutoTests" name="[407] /home/travis/build/icyphy/ptII/ptolemy/actor/lib/test/auto/arrayType11.xml (RunModel)" time="0.007" />
  <testcase classname="ptolemy.util.test.junit.AutoTests" name="[408] /home/travis/build/icyphy/ptII/ptolemy/actor/lib/test/auto/arrayType12.xml (RunModel)" time="0.007" />
  <testcase classname="ptolemy.util.test.junit.AutoTests" name="[409] /home/travis/build/icyphy/ptII/ptolemy/actor/lib/test/auto/arrayType13.xml (RunModel)" time="0.007" />
  <testcase classname="ptolemy.util.test.junit.AutoTests" name="[410] /home/travis/build/icyphy/ptII/ptolemy/actor/lib/test/auto/arrayType14.xml (RunModel)" time="0.007" />
  <testcase classname="ptolemy.util.test.junit.AutoTests" name="[411] /home/travis/build/icyphy/ptII/ptolemy/actor/lib/test/auto/arrayType15.xml (RunModel)" time="0.008" />
  <testcase classname="ptolemy.util.test.junit.AutoTests" name="[412] /home/travis/build/icyphy/ptII/ptolemy/actor/lib/test/auto/arrayType16.xml (RunModel)" time="0.007" />
  <testcase classname="ptolemy.util.test.junit.AutoTests" name="[413] /home/travis/build/icyphy/ptII/ptolemy/actor/lib/test/auto/arrayType17.xml (RunModel)" time="0.007" />
  <testcase classname="ptolemy.util.test.junit.AutoTests" name="[414] /home/travis/build/icyphy/ptII/ptolemy/actor/lib/test/auto/arrayType18.xml (RunModel)" time="0.007" />
  <testcase classname="ptolemy.util.test.junit.AutoTests" name="[415] /home/travis/build/icyphy/ptII/ptolemy/actor/lib/test/auto/arrayType19.xml (RunModel)" time="0.007" />
  <testcase classname="ptolemy.util.test.junit.AutoTests" name="[416] /home/travis/build/icyphy/ptII/ptolemy/actor/lib/test/auto/arrayType2.xml (RunModel)" time="0.007" />
  <testcase classname="ptolemy.util.test.junit.AutoTests" name="[417] /home/travis/build/icyphy/ptII/ptolemy/actor/lib/test/auto/arrayType20.xml (RunModel)" time="0.007" />
  <testcase classname="ptolemy.util.test.junit.AutoTests" name="[418] /home/travis/build/icyphy/ptII/ptolemy/actor/lib/test/auto/arrayType21.xml (RunModel)" time="0.007" />
  <testcase classname="ptolemy.util.test.junit.AutoTests" name="[419] /home/travis/build/icyphy/ptII/ptolemy/actor/lib/test/auto/arrayType22.xml (RunModel)" time="0.007" />
  <testcase classname="ptolemy.util.test.junit.AutoTests" name="[420] /home/travis/build/icyphy/ptII/ptolemy/actor/lib/test/auto/arrayType23.xml (RunModel)" time="0.006" />
  <testcase classname="ptolemy.util.test.junit.AutoTests" name="[421] /home/travis/build/icyphy/ptII/ptolemy/actor/lib/test/auto/arrayType24.xml (RunModel)" time="0.007" />
  <testcase classname="ptolemy.util.test.junit.AutoTests" name="[422] /home/travis/build/icyphy/ptII/ptolemy/actor/lib/test/auto/arrayType25.xml (RunModel)" time="0.007" />
  <testcase classname="ptolemy.util.test.junit.AutoTests" name="[423] /home/travis/build/icyphy/ptII/ptolemy/actor/lib/test/auto/arrayType26.xml (RunModel)" time="0.007" />
  <testcase classname="ptolemy.util.test.junit.AutoTests" name="[424] /home/travis/build/icyphy/ptII/ptolemy/actor/lib/test/auto/arrayType27.xml (RunModel)" time="0.007" />
  <testcase classname="ptolemy.util.test.junit.AutoTests" name="[425] /home/travis/build/icyphy/ptII/ptolemy/actor/lib/test/auto/arrayType28.xml (RunModel)" time="0.007" />
  <testcase classname="ptolemy.util.test.junit.AutoTests" name="[426] /home/travis/build/icyphy/ptII/ptolemy/actor/lib/test/auto/arrayType3.xml (RunModel)" time="0.006" />
  <testcase classname="ptolemy.util.test.junit.AutoTests" name="[427] /home/travis/build/icyphy/ptII/ptolemy/actor/lib/test/auto/arrayType4.xml (RunModel)" time="0.007" />
  <testcase classname="ptolemy.util.test.junit.AutoTests" name="[428] /home/travis/build/icyphy/ptII/ptolemy/actor/lib/test/auto/arrayType5.xml (RunModel)" time="0.007" />
  <testcase classname="ptolemy.util.test.junit.AutoTests" name="[429] /home/travis/build/icyphy/ptII/ptolemy/actor/lib/test/auto/arrayType6.xml (RunModel)" time="0.006" />
  <testcase classname="ptolemy.util.test.junit.AutoTests" name="[430] /home/travis/build/icyphy/ptII/ptolemy/actor/lib/test/auto/arrayType7.xml (RunModel)" time="0.01" />
  <testcase classname="ptolemy.util.test.junit.AutoTests" name="[431] /home/travis/build/icyphy/ptII/ptolemy/actor/lib/test/auto/arrayType8.xml (RunModel)" time="0.02" />
  <testcase classname="ptolemy.util.test.junit.AutoTests" name="[432] /home/travis/build/icyphy/ptII/ptolemy/actor/lib/test/auto/arrayType9.xml (RunModel)" time="0.007" />
  <testcase classname="ptolemy.util.test.junit.AutoTests" name="[433] /home/travis/build/icyphy/ptII/ptolemy/actor/lib/test/auto/cast.xml (RunModel)" time="0.007" />
  <testcase classname="ptolemy.util.test.junit.AutoTests" name="[434] /home/travis/build/icyphy/ptII/ptolemy/actor/lib/test/auto/compositeMultiPort.xml (RunModel)" time="0.046" />
  <testcase classname="ptolemy.util.test.junit.AutoTests" name="[435] /home/travis/build/icyphy/ptII/ptolemy/actor/lib/test/auto/expressionCastInference.xml (RunModel)" time="0.032" />
  <testcase classname="ptolemy.util.test.junit.AutoTests" name="[436] /home/travis/build/icyphy/ptII/ptolemy/actor/lib/test/auto/expressionCastInference2.xml (RunModel)" time="0.036" />
  <testcase classname="ptolemy.util.test.junit.AutoTests" name="[437] /home/travis/build/icyphy/ptII/ptolemy/actor/lib/test/auto/expressionInference.xml (RunModel)" time="0.033" />
  <testcase classname="ptolemy.util.test.junit.AutoTests" name="[438] /home/travis/build/icyphy/ptII/ptolemy/actor/lib/test/auto/expression_bug.xml (RunModel)" time="0.041" />
  <testcase classname="ptolemy.util.test.junit.AutoTests" name="[439] /home/travis/build/icyphy/ptII/ptolemy/actor/lib/test/auto/factorial.xml (RunModel)" time="0.046" />
  <testcase classname="ptolemy.util.test.junit.AutoTests" name="[440] /home/travis/build/icyphy/ptII/ptolemy/actor/lib/test/auto/filterTest1.xml (RunModel)" time="0.01" />
  <testcase classname="ptolemy.util.test.junit.AutoTests" name="[441] /home/travis/build/icyphy/ptII/ptolemy/actor/lib/test/auto/funcApplyInConst.xml (RunModel)" time="0.005" />
  <testcase classname="ptolemy.util.test.junit.AutoTests" name="[442] /home/travis/build/icyphy/ptII/ptolemy/actor/lib/test/auto/funcApplyInExpr.xml (RunModel)" time="0.014" />
  <testcase classname="ptolemy.util.test.junit.AutoTests" name="[443] /home/travis/build/icyphy/ptII/ptolemy/actor/lib/test/auto/function.xml (RunModel)" time="0.025" />
  <testcase classname="ptolemy.util.test.junit.AutoTests" name="[444] /home/travis/build/icyphy/ptII/ptolemy/actor/lib/test/auto/function2.xml (RunModel)" time="0.011" />
  <testcase classname="ptolemy.util.test.junit.AutoTests" name="[445] /home/travis/build/icyphy/ptII/ptolemy/actor/lib/test/auto/function3.xml (RunModel)" time="0.005" />
  <testcase classname="ptolemy.util.test.junit.AutoTests" name="[446] /home/travis/build/icyphy/ptII/ptolemy/actor/lib/test/auto/functionClosureTest1.xml (RunModel)" time="0.008" />
  <testcase classname="ptolemy.util.test.junit.AutoTests" name="[447] /home/travis/build/icyphy/ptII/ptolemy/actor/lib/test/auto/functionClosureTest2.xml (RunModel)" time="0.005" />
  <testcase classname="ptolemy.util.test.junit.AutoTests" name="[448] /home/travis/build/icyphy/ptII/ptolemy/actor/lib/test/auto/functionClosureTest3.xml (RunModel)" time="0.008" />
  <testcase classname="ptolemy.util.test.junit.AutoTests" name="[449] /home/travis/build/icyphy/ptII/ptolemy/actor/lib/test/auto/functionClosureTest4.xml (RunModel)" time="0.014" />
  <testcase classname="ptolemy.util.test.junit.AutoTests" name="[450] /home/travis/build/icyphy/ptII/ptolemy/actor/lib/test/auto/functionClosureTest5.xml (RunModel)" time="0.009" />
  <testcase classname="ptolemy.util.test.junit.AutoTests" name="[451] /home/travis/build/icyphy/ptII/ptolemy/actor/lib/test/auto/functionClosureTest6.xml (RunModel)" time="0.006" />
  <testcase classname="ptolemy.util.test.junit.AutoTests" name="[452] /home/travis/build/icyphy/ptII/ptolemy/actor/lib/test/auto/functionsOnArcs.xml (RunModel)" time="0.007" />
  <testcase classname="ptolemy.util.test.junit.AutoTests" name="[453] /home/travis/build/icyphy/ptII/ptolemy/actor/lib/test/auto/functionsOnArcsHOF.xml (RunModel)" time="0.01" />
  <testcase classname="ptolemy.util.test.junit.AutoTests" name="[454] /home/travis/build/icyphy/ptII/ptolemy/actor/lib/test/auto/logic.xml (RunModel)" time="0.015" />
  <testcase classname="ptolemy.util.test.junit.AutoTests" name="[455] /home/travis/build/icyphy/ptII/ptolemy/actor/lib/test/auto/matrixType.xml (RunModel)" time="0.007" />
  <testcase classname="ptolemy.util.test.junit.AutoTests" name="[456] /home/travis/build/icyphy/ptII/ptolemy/actor/lib/test/auto/matrixType10.xml (RunModel)" time="0.009" />
  <testcase classname="ptolemy.util.test.junit.AutoTests" name="[457] /home/travis/build/icyphy/ptII/ptolemy/actor/lib/test/auto/matrixType11.xml (RunModel)" time="0.007" />
  <testcase classname="ptolemy.util.test.junit.AutoTests" name="[458] /home/travis/build/icyphy/ptII/ptolemy/actor/lib/test/auto/matrixType12.xml (RunModel)" time="0.008" />
  <testcase classname="ptolemy.util.test.junit.AutoTests" name="[459] /home/travis/build/icyphy/ptII/ptolemy/actor/lib/test/auto/matrixType13.xml (RunModel)" time="0.006" />
  <testcase classname="ptolemy.util.test.junit.AutoTests" name="[460] /home/travis/build/icyphy/ptII/ptolemy/actor/lib/test/auto/matrixType14.xml (RunModel)" time="0.009" />
  <testcase classname="ptolemy.util.test.junit.AutoTests" name="[461] /home/travis/build/icyphy/ptII/ptolemy/actor/lib/test/auto/matrixType2.xml (RunModel)" time="0.007" />
  <testcase classname="ptolemy.util.test.junit.AutoTests" name="[462] /home/travis/build/icyphy/ptII/ptolemy/actor/lib/test/auto/matrixType3.xml (RunModel)" time="0.008" />
  <testcase classname="ptolemy.util.test.junit.AutoTests" name="[463] /home/travis/build/icyphy/ptII/ptolemy/actor/lib/test/auto/matrixType4.xml (RunModel)" time="0.007" />
  <testcase classname="ptolemy.util.test.junit.AutoTests" name="[464] /home/travis/build/icyphy/ptII/ptolemy/actor/lib/test/auto/matrixType5.xml (RunModel)" time="0.007" />
  <testcase classname="ptolemy.util.test.junit.AutoTests" name="[465] /home/travis/build/icyphy/ptII/ptolemy/actor/lib/test/auto/matrixType6.xml (RunModel)" time="0.007" />
  <testcase classname="ptolemy.util.test.junit.AutoTests" name="[466] /home/travis/build/icyphy/ptII/ptolemy/actor/lib/test/auto/matrixType7.xml (RunModel)" time="0.006" />
  <testcase classname="ptolemy.util.test.junit.AutoTests" name="[467] /home/travis/build/icyphy/ptII/ptolemy/actor/lib/test/auto/matrixType8.xml (RunModel)" time="0.007" />
  <testcase classname="ptolemy.util.test.junit.AutoTests" name="[468] /home/travis/build/icyphy/ptII/ptolemy/actor/lib/test/auto/matrixType9.xml (RunModel)" time="0.006" />
  <testcase classname="ptolemy.util.test.junit.AutoTests" name="[469] /home/travis/build/icyphy/ptII/ptolemy/actor/lib/test/auto/paraFunctest.xml (RunModel)" time="0.009" />
  <testcase classname="ptolemy.util.test.junit.AutoTests" name="[470] /home/travis/build/icyphy/ptII/ptolemy/actor/lib/test/auto/paraFunctest2.xml (RunModel)" time="0.01" />
  <testcase classname="ptolemy.util.test.junit.AutoTests" name="[471] /home/travis/build/icyphy/ptII/ptolemy/actor/lib/test/auto/parameterPassing.xml (RunModel)" time="0.006" />
  <testcase classname="ptolemy.util.test.junit.AutoTests" name="[472] /home/travis/build/icyphy/ptII/ptolemy/actor/lib/test/auto/record.xml (RunModel)" time="0.007" />
  <testcase classname="ptolemy.util.test.junit.AutoTests" name="[473] /home/travis/build/icyphy/ptII/ptolemy/actor/lib/test/auto/sizedarray1.xml (RunModel)" time="0.007" />
  <testcase classname="ptolemy.util.test.junit.AutoTests" name="[474] /home/travis/build/icyphy/ptII/ptolemy/actor/lib/test/auto/sizedarray2.xml (RunModel)" time="0.008" />
  <testcase classname="ptolemy.util.test.junit.AutoTests" name="[475] /home/travis/build/icyphy/ptII/ptolemy/actor/lib/test/auto/twoPublishers.xml (RunModel)" time="0.016" />
  <system-out><![CDATA[/home/travis/build/icyphy/ptII/ptolemy/actor/lib/test/AbsoluteValue.tcl
testDefs.tcl: setting time out to 9000 seconds at Fri Aug 06 02:08:29 UTC 2021
83 ms. Memory: 129024K Free: 93128K (72%)
4 ms. Memory: 129024K Free: 91080K (71%)
5 ms. Memory: 129024K Free: 90559K (70%)
4 ms. Memory: 129024K Free: 89527K (69%)
/home/travis/build/icyphy/ptII/ptolemy/actor/lib/test/AddSubtract.tcl
9 ms. Memory: 129024K Free: 87494K (68%)
6 ms. Memory: 129024K Free: 86984K (67%)
5 ms. Memory: 129024K Free: 85960K (67%)
7 ms. Memory: 129024K Free: 85439K (66%)
58 ms. Memory: 129024K Free: 82374K (64%)
6 ms. Memory: 129024K Free: 81350K (63%)
/home/travis/build/icyphy/ptII/ptolemy/actor/lib/test/Average.tcl
15 ms. Memory: 129024K Free: 79816K (62%)
14 ms. Memory: 129024K Free: 78792K (61%)
/home/travis/build/icyphy/ptII/ptolemy/actor/lib/test/Bernoulli.tcl
4 ms. Memory: 129024K Free: 77239K (60%)
3 ms. Memory: 129024K Free: 76744K (59%)
/home/travis/build/icyphy/ptII/ptolemy/actor/lib/test/Clock.tcl
preinitializing
resolving types
initializing
executing number 1
wrapping up
idle
32 ms. Memory: 129024K Free: 74182K (57%)
Completed execution with 5 iterations
preinitializing
resolving types
initializing
executing number 1
wrapping up
idle
9 ms. Memory: 129024K Free: 73127K (57%)
Completed execution with 5 iterations
preinitializing
resolving types
initializing
executing number 1
wrapping up
idle
7 ms. Memory: 129024K Free: 72648K (56%)
Completed execution with 5 iterations
/home/travis/build/icyphy/ptII/ptolemy/actor/lib/test/Commutator.tcl
10 ms. Memory: 129024K Free: 70600K (55%)
9 ms. Memory: 129024K Free: 69576K (54%)
11 ms. Memory: 129024K Free: 63927K (50%)
/home/travis/build/icyphy/ptII/ptolemy/actor/lib/test/Const.tcl
11 ms. Memory: 129024K Free: 62408K (48%)
3 ms. Memory: 129024K Free: 61887K (48%)
10 ms. Memory: 129024K Free: 61384K (48%)
2 ms. Memory: 129024K Free: 60870K (47%)
2 ms. Memory: 129024K Free: 60360K (47%)
17 ms. Memory: 129024K Free: 58822K (46%)
4 ms. Memory: 129024K Free: 57288K (44%)
7 ms. Memory: 129024K Free: 56774K (44%)
/home/travis/build/icyphy/ptII/ptolemy/actor/lib/test/CurrentTime.tcl
preinitializing
resolving types
initializing
executing number 1
wrapping up
idle
17 ms. Memory: 129024K Free: 54695K (42%)
Completed execution with 11 iterations
/home/travis/build/icyphy/ptII/ptolemy/actor/lib/test/DB.tcl
7 ms. Memory: 129024K Free: 53192K (41%)
4 ms. Memory: 129024K Free: 52678K (41%)
4 ms. Memory: 129024K Free: 52168K (40%)
/home/travis/build/icyphy/ptII/ptolemy/actor/lib/test/DiscreteRandomSource.tcl
preinitializing
resolving types
initializing
executing number 1
wrapping up
idle
4 ms. Memory: 129024K Free: 50615K (39%)
Completed execution with 4 iterations
preinitializing
resolving types
initializing
executing number 1
wrapping up
idle
5 ms. Memory: 129024K Free: 50120K (39%)
Completed execution with 4 iterations
preinitializing
resolving types
initializing
executing number 1
wrapping up
idle
6 ms. Memory: 129024K Free: 49606K (38%)
Completed execution with 4 iterations
preinitializing
resolving types
initializing
executing number 1
wrapping up
idle
10 ms. Memory: 129024K Free: 49096K (38%)
Completed execution with 4 iterations
preinitializing
resolving types
initializing
executing number 1
wrapping up
idle
3 ms. Memory: 129024K Free: 48582K (38%)
Completed execution with 4 iterations
/home/travis/build/icyphy/ptII/ptolemy/actor/lib/test/Distributor.tcl
25 ms. Memory: 129024K Free: 113669K (88%)
11 ms. Memory: 129024K Free: 112975K (88%)
StreamChangeRequest.changeExecuted(): <deleteEntity name="rec2"/> succeeded
StreamChangeRequest.changeExecuted(): <deleteRelation name="r2"/> succeeded
StreamChangeRequest.changeExecuted(): Record firings per iteration succeeded
8 ms. Memory: 129024K Free: 110509K (86%)
/home/travis/build/icyphy/ptII/ptolemy/actor/lib/test/Exit.tcl
Exit.tcl: this will print a message about Manager.exitAfterWrapup, which can be ignored.
6 ms. Memory: 129024K Free: 107510K (83%)
/home/travis/build/icyphy/ptII/ptolemy/actor/lib/test/Expression.tcl
23 ms. Memory: 129024K Free: 103919K (81%)
9 ms. Memory: 129024K Free: 103459K (80%)
2 ms. Memory: 129024K Free: 102435K (79%)
preinitializing
resolving types
initializing
executing number 1
wrapping up
idle
10 ms. Memory: 129024K Free: 101293K (79%)
Completed execution with 6 iterations
5 ms. Memory: 129024K Free: 100387K (78%)
2 ms. Memory: 129024K Free: 99363K (77%)
7 ms. Memory: 129024K Free: 98221K (76%)
7 ms. Memory: 129024K Free: 96729K (75%)
5 ms. Memory: 129024K Free: 95697K (74%)
/home/travis/build/icyphy/ptII/ptolemy/actor/lib/test/Gaussian.tcl
5 ms. Memory: 129024K Free: 94195K (73%)
sleeping 1 seconds: ........................................................................................................................................................................................................................................................................................................................................................................................................................................................................................................................................................................................................................................................................................................................................................................................................................................................................................................................................................................................................................................................................................................................................................................................................................................................................................................................................................................................................................................................................................................................................................................................................................................................................................................................................................................................................................................................................................................................................................................................................................................................................................................................................................................................................................................................................................................................................................................................................................................................................................................................................................................................................................................................................................................................................................................................................................................................................................................................................................................................................................................................................................................................................................................................................................................................................................................................................................................................................................................................................................................................................................................................................................................................................................................................................................................................................................................................................................................................................................................................................................................................................................................................................................................................................................................................................................................................................................................................................................................................................2 ms. Memory: 129024K Free: 97030K (75%)
2 ms. Memory: 129024K Free: 95975K (74%)
1 ms. Memory: 129024K Free: 95496K (74%)
2 ms. Memory: 129024K Free: 94967K (74%)
2 ms. Memory: 129024K Free: 94472K (73%)
/home/travis/build/icyphy/ptII/ptolemy/actor/lib/test/IIR.tcl
/home/travis/build/icyphy/ptII/ptolemy/actor/lib/test/Interpolator.tcl
7 ms. Memory: 129024K Free: 90376K (70%)
2 ms. Memory: 129024K Free: 89862K (70%)
2 ms. Memory: 129024K Free: 89352K (69%)
3 ms. Memory: 129024K Free: 88823K (69%)
2 ms. Memory: 129024K Free: 87814K (68%)
3 ms. Memory: 129024K Free: 87304K (68%)
10 ms. Memory: 129024K Free: 86280K (67%)
1 ms. Memory: 129024K Free: 85256K (66%)
4 ms. Memory: 129024K Free: 84727K (66%)
4 ms. Memory: 129024K Free: 83703K (65%)
/home/travis/build/icyphy/ptII/ptolemy/actor/lib/test/MathFunction.tcl
5 ms. Memory: 129024K Free: 81655K (63%)
2 ms. Memory: 129024K Free: 80631K (62%)
2 ms. Memory: 129024K Free: 79615K (62%)
13 ms. Memory: 129024K Free: 78583K (61%)
11 ms. Memory: 129024K Free: 112904K (88%)
5 ms. Memory: 129024K Free: 111335K (86%)
/home/travis/build/icyphy/ptII/ptolemy/actor/lib/test/Maximum.tcl
3 ms. Memory: 129024K Free: 109303K (85%)
2 ms. Memory: 129024K Free: 108294K (84%)
2 ms. Memory: 129024K Free: 107784K (84%)
2 ms. Memory: 129024K Free: 107239K (83%)
/home/travis/build/icyphy/ptII/ptolemy/actor/lib/test/Minimum.tcl
3 ms. Memory: 129024K Free: 105736K (82%)
2 ms. Memory: 129024K Free: 104712K (81%)
2 ms. Memory: 129024K Free: 104167K (81%)
2 ms. Memory: 129024K Free: 103688K (80%)
/home/travis/build/icyphy/ptII/ptolemy/actor/lib/test/MultiplyDivide.tcl
3 ms. Memory: 129024K Free: 101640K (79%)
2 ms. Memory: 129024K Free: 101119K (78%)
2 ms. Memory: 129024K Free: 100102K (78%)
2 ms. Memory: 129024K Free: 99592K (77%)
1 ms. Memory: 129024K Free: 98568K (76%)
/home/travis/build/icyphy/ptII/ptolemy/actor/lib/test/OrderedMerge.tcl
Connections changed on port: inputA
Connections changed on port: inputB
Connections changed on port: output
Connections changed on port: output
Connections changed on port: output
Connections changed on port: input
.top. Preinitializing ...
Invoking preinitialize():  .top.OrderedMerge
Called preinitialize()
Invoking preinitialize():  .top.Ramp
Called preinitialize()
Invoking preinitialize():  .top.Ramp2
Called preinitialize()
Invoking preinitialize():  .top.Test
Called preinitialize()
Connections changed on port: inputA
Connections changed on port: output
Connections changed on port: output
Connections changed on port: input
Connections changed on port: inputB
Connections changed on port: output
.top. Finished preinitialize().
Called initialize().
Invoking initialize():  .top.OrderedMerge
Initializing actor: .top.OrderedMerge
Adding a thread: .top.OrderedMerge
Invoking initialize():  .top.Ramp
Initializing actor: .top.Ramp
Adding a thread: .top.Ramp
Invoking initialize():  .top.Ramp2
Initializing actor: .top.Ramp2
Adding a thread: .top.Ramp2
Invoking initialize():  .top.Test
Initializing actor: .top.Test
Adding a thread: .top.Test
Called fire().
Checking for deadlock:
-- Starting thread.
-- Starting thread.
Called initialize()
Called initialize()
Called prefire()
Called fire()
-- Starting thread.
Called initialize()
Called prefire()
Called fire()
-- Starting thread.
Called initialize()
Called prefire()
Called fire()
Called prefire()
Called fire()
There are 0 Blocked actors, 0 Stopped actors, and 4 active threads.
Waiting for actors to stop.
Called postfire()
Called postfire()
Called prefire()
Called prefire()
Called fire()
Called fire()
Checking for deadlock:
There are 2 Blocked actors, 0 Stopped actors, and 4 active threads.
Waiting for actors to stop.
Read input token from inputA with value 0.0
Called postfire()
Called prefire()
Called fire()
Next port to read input from is inputB
Called postfire()
Called prefire()
Called fire()
Read input token from inputB with value 0.0
Sent output token with value 0.0
Next port to read input from is inputA
Called postfire()
Called prefire()
Called fire()
Read input token from inputA with value 1.0
Checking for deadlock:
There are 1 Blocked actors, 0 Stopped actors, and 4 active threads.
Waiting for actors to stop.
Called postfire()
Called prefire()
Called fire()
Checking for deadlock:
There are 1 Blocked actors, 0 Stopped actors, and 4 active threads.
Waiting for actors to stop.
-- Read input: 0.0, which is expected to match: 0.0
Called prefire()
Called fire()
Called postfire()
Called prefire()
Called fire()
Checking for deadlock:
There are 3 Blocked actors, 0 Stopped actors, and 4 active threads.
Waiting for actors to stop.
Sent output token with value 0.0
-- Read input: 0.0, which is expected to match: 0.0
Called prefire()
Called fire()
Next port to read input from is inputB
Called postfire()
Called prefire()
Called fire()
Checking for deadlock:
There are 2 Blocked actors, 0 Stopped actors, and 4 active threads.
Waiting for actors to stop.
Read input token from inputB with value 1.5
Sent output token with value 1.0
Next port to read input from is inputA
Called postfire()
Called prefire()
Called fire()
Read input token from inputA with value 2.0
Checking for deadlock:
There are 1 Blocked actors, 0 Stopped actors, and 4 active threads.
Waiting for actors to stop.
Called postfire()
Called postfire()
Called prefire()
Called prefire()
Called fire()
-- Read input: 1.0, which is expected to match: 1.0
Called prefire()
Called fire()
Called fire()
Checking for deadlock:
There are 3 Blocked actors, 0 Stopped actors, and 4 active threads.
Waiting for actors to stop.
Checking for deadlock:
There are 2 Blocked actors, 0 Stopped actors, and 4 active threads.
Waiting for actors to stop.
-- Read input: 1.5, which is expected to match: 1.5
Sent output token with value 1.5
Called prefire()
Called fire()
Next port to read input from is inputB
Called postfire()
Called prefire()
Called fire()
Read input token from inputB with value 3.0
Sent output token with value 2.0
Next port to read input from is inputA
Called postfire()
Called prefire()
Called fire()
Read input token from inputA with value 3.0
Checking for deadlock:
There are 1 Blocked actors, 0 Stopped actors, and 4 active threads.
Waiting for actors to stop.
Called postfire()
Called postfire()
Called prefire()
Called prefire()
Called fire()
Checking for deadlock:
There are 1 Blocked actors, 0 Stopped actors, and 4 active threads.
Waiting for actors to stop.
Called fire()
Sent output token with value 3.0
-- Read input: 2.0, which is expected to match: 2.0
Called prefire()
Next port to read input from is inputB
Called postfire()
Called prefire()
Called fire()
Checking for deadlock:
Called fire()
There are 2 Blocked actors, 0 Stopped actors, and 4 active threads.
Waiting for actors to stop.
Read input token from inputB with value 4.5
-- Read input: 3.0, which is expected to match: 3.0
Called prefire()
Sent output token with value 3.0
Called fire()
Next port to read input from is inputA
Called postfire()
Called prefire()
-- Read input: 3.0, which is expected to match: 3.0
Called fire()
Called prefire()
Called fire()
Read input token from inputA with value 4.0
Called postfire()
Called prefire()
Called fire()
Sent output token with value 4.0
Next port to read input from is inputA
Called postfire()
Called prefire()
Called fire()
Read input token from inputA with value 5.0
Checking for deadlock:
There are 1 Blocked actors, 0 Stopped actors, and 4 active threads.
Waiting for actors to stop.
Called postfire()
Called prefire()
Called fire()
Checking for deadlock:
-- Read input: 4.0, which is expected to match: 4.0
Called prefire()
Called fire()
Past the end of training data. Read and discard all inputs.
Called postfire()
Called prefire()
There are 1 Blocked actors, 0 Stopped actors, and 4 active threads.
Called fire()
Waiting for actors to stop.
Sent output token with value 4.5
Next port to read input from is inputB
Called postfire()
Called prefire()
Called fire()
Read input token from inputB with value 6.0
Checking for deadlock:
There are 2 Blocked actors, 0 Stopped actors, and 4 active threads.
Waiting for actors to stop.
Called postfire()
Called prefire()
Called prefire()
Called fire()
Called fire()
Past the end of training data. Read and discard all inputs.
Checking for deadlock:
There are 3 Blocked actors, 0 Stopped actors, and 4 active threads.
Waiting for actors to stop.
Sent output token with value 5.0
Called prefire()
Called fire()
Past the end of training data. Read and discard all inputs.
Next port to read input from is inputA
Called postfire()
Called prefire()
Called fire()
Checking for deadlock:
There are 2 Blocked actors, 0 Stopped actors, and 4 active threads.
Waiting for actors to stop.
Called postfire()
Read input token from inputA with value 6.0
Called prefire()
Checking for deadlock:
Called fire()
There are 2 Blocked actors, 0 Stopped actors, and 4 active threads.
Waiting for actors to stop.
Called prefire()
Called fire()
Sent output token with value 6.0
Checking for deadlock:
There are 2 Blocked actors, 0 Stopped actors, and 4 active threads.
Waiting for actors to stop.
Past the end of training data. Read and discard all inputs.
Checking for deadlock:
There are 3 Blocked actors, 0 Stopped actors, and 4 active threads.
Waiting for actors to stop.
Next port to read input from is inputB
Called postfire()
Called prefire()
Called fire()
Called postfire()
Called prefire()
Called fire()
Checking for deadlock:
There are 3 Blocked actors, 0 Stopped actors, and 4 active threads.
Waiting for actors to stop.
Read input token from inputB with value 7.5
Called prefire()
Called fire()
Past the end of training data. Read and discard all inputs.
Sent output token with value 6.0
Checking for deadlock:
There are 3 Blocked actors, 0 Stopped actors, and 4 active threads.
Waiting for actors to stop.
Next port to read input from is inputA
Called postfire()
Called prefire()
Called fire()
Checking for deadlock:
There are 2 Blocked actors, 0 Stopped actors, and 4 active threads.
Waiting for actors to stop.
Read input token from inputA with value 7.0
Called postfire()
Called prefire()
Called fire()
Called prefire()
Called fire()
Past the end of training data. Read and discard all inputs.
Checking for deadlock:
There are 3 Blocked actors, 0 Stopped actors, and 4 active threads.
Waiting for actors to stop.
Sent output token with value 7.0
Next port to read input from is inputA
Called postfire()
Called prefire()
Called fire()
Read input token from inputA with value 8.0
-- Thread wrapup() called.
Checking for deadlock:
Called wrapup()
There are 2 Blocked actors, 0 Stopped actors, and 4 active threads.
Waiting for actors to stop.
Thread .top.Ramp is exiting.
-- Thread stopped.
Checking for deadlock:
There are 2 Blocked actors, 0 Stopped actors, and 3 active threads.
Waiting for actors to stop.
Called prefire()
Called fire()
Past the end of training data. Read and discard all inputs.
Checking for deadlock:
There are 2 Blocked actors, 0 Stopped actors, and 3 active threads.
Waiting for actors to stop.
Sent output token with value 7.5
Next port to read input from is inputB
Called postfire()
Called prefire()
Called fire()
Checking for deadlock:
There are 1 Blocked actors, 0 Stopped actors, and 3 active threads.
Waiting for actors to stop.
Called postfire()
Called prefire()
Called fire()
Checking for deadlock:
There are 2 Blocked actors, 0 Stopped actors, and 3 active threads.
Waiting for actors to stop.
Read input token from inputB with value 9.0
Checking for deadlock:
There are 1 Blocked actors, 0 Stopped actors, and 3 active threads.
Waiting for actors to stop.
Called prefire()
Called fire()
Past the end of training data. Read and discard all inputs.
Checking for deadlock:
There are 2 Blocked actors, 0 Stopped actors, and 3 active threads.
Waiting for actors to stop.
Sent output token with value 8.0
Next port to read input from is inputA
Called postfire()
Called prefire()
Called fire()
Read input token from inputA with value 9.0
Called prefire()
Called fire()
Past the end of training data. Read and discard all inputs.
Checking for deadlock:
There are 2 Blocked actors, 0 Stopped actors, and 3 active threads.
Waiting for actors to stop.
Sent output token with value 9.0
Next port to read input from is inputB
Called postfire()
Called prefire()
Called fire()
Called postfire()
Called prefire()
Called fire()
Checking for deadlock:
There are 2 Blocked actors, 0 Stopped actors, and 3 active threads.
Waiting for actors to stop.
Read input token from inputB with value 10.5
Called prefire()
Called fire()
Past the end of training data. Read and discard all inputs.
Checking for deadlock:
There are 2 Blocked actors, 0 Stopped actors, and 3 active threads.
Waiting for actors to stop.
Sent output token with value 9.0
Next port to read input from is inputA
Called postfire()
Called prefire()
Called fire()
Checking for deadlock:
There are 3 Blocked actors, 0 Stopped actors, and 3 active threads.
Actors have stopped.
Checking for deadlock:
There are 3 Blocked actors, 0 Stopped actors, and 3 active threads.
Deadlock detected.
Resolving Deadlock
Checking for deadlock:
There are 3 Blocked actors, 0 Stopped actors, and 3 active threads.
Artificial Deadlock - increasing queue capacity.
increasing the capacity of receiver ptolemy.actor.TypedIOPort {.top.OrderedMerge.inputB} to 2
Director: Called postfire().
Called postfire().
_stopRequested = false
_stopFireRequested = false
Returning from postfire(): true
Called fire().
Checking for deadlock:
There are 2 Blocked actors, 0 Stopped actors, and 3 active threads.
Waiting for actors to stop.
-- Thread wrapup() called.
Called wrapup()
Thread .top.Ramp2 is exiting.
-- Thread stopped.
Checking for deadlock:
There are 2 Blocked actors, 0 Stopped actors, and 2 active threads.
Actors have stopped.
Checking for deadlock:
There are 2 Blocked actors, 0 Stopped actors, and 2 active threads.
Deadlock detected.
Resolving Deadlock
Checking for deadlock:
There are 2 Blocked actors, 0 Stopped actors, and 2 active threads.
Deadlock detected: no processes blocked on write, but some are blocked on read.
Called postfire().
_stopRequested = false
_stopFireRequested = false
Returning from postfire(): false
Finished deactivating branches.
Called wrapup().
-- Thread wrapup() called.
Called wrapup()
Thread .top.Test is exiting.
-- Thread stopped.
-- Blocked Receiver call threw TerminateProcessException.
-- Thread wrapup() called.
Called wrapup()
Thread .top.OrderedMerge is exiting.
-- Thread stopped.
-- Blocked Receiver call threw TerminateProcessException.
66 ms. Memory: 129024K Free: 94521K (73%)
.top. Preinitializing ...
Invoking preinitialize():  .top.OrderedMerge
Called preinitialize()
Invoking preinitialize():  .top.Ramp
Called preinitialize()
Invoking preinitialize():  .top.Ramp2
Called preinitialize()
Invoking preinitialize():  .top.Test
Called preinitialize()
.top. Finished preinitialize().
Called initialize().
Invoking initialize():  .top.OrderedMerge
Initializing actor: .top.OrderedMerge
Adding a thread: .top.OrderedMerge
Invoking initialize():  .top.Ramp
Initializing actor: .top.Ramp
Adding a thread: .top.Ramp
Invoking initialize():  .top.Ramp2
Initializing actor: .top.Ramp2
Adding a thread: .top.Ramp2
Invoking initialize():  .top.Test
Initializing actor: .top.Test
Adding a thread: .top.Test
-- Starting thread.
Called initialize()
Called prefire()
Called fire()
-- Starting thread.
Called initialize()
Called prefire()
Called fire()
Called postfire()
Called prefire()
Called fire()
Called fire().
Checking for deadlock:
There are 2 Blocked actors, 0 Stopped actors, and 4 active threads.
Waiting for actors to stop.
-- Starting thread.
Called initialize()
Called prefire()
Called fire()
Called postfire()
Called prefire()
Called fire()
Checking for deadlock:
There are 3 Blocked actors, 0 Stopped actors, and 4 active threads.
Waiting for actors to stop.
-- Starting thread.
Called initialize()
Called prefire()
Called fire()
Read input token from inputA with value 0.0
Next port to read input from is inputB
Called postfire()
Called prefire()
Called fire()
Read input token from inputB with value 0.0
Sent output token with value 0.0
Next port to read input from is inputA
Called postfire()
Called prefire()
Called fire()
-- Read input: 0.0, which is expected to match: 0.0
Called prefire()
Called fire()
Checking for deadlock:
There are 2 Blocked actors, 0 Stopped actors, and 4 active threads.
Waiting for actors to stop.
Called postfire()
Called prefire()
Called fire()
Called postfire()
Called prefire()
Called fire()
Checking for deadlock:
There are 3 Blocked actors, 0 Stopped actors, and 4 active threads.
Waiting for actors to stop.
Read input token from inputA with value 1.0
Sent output token with value 0.0
Next port to read input from is inputB
Called postfire()
Called prefire()
Called fire()
Read input token from inputB with value 1.5
-- Read input: 0.0, which is expected to match: 0.0
Called prefire()
Called fire()
Checking for deadlock:
There are 1 Blocked actors, 0 Stopped actors, and 4 active threads.
Waiting for actors to stop.
Called postfire()
Called prefire()
Called fire()
Called postfire()
Called prefire()
Called fire()
Checking for deadlock:
There are 3 Blocked actors, 0 Stopped actors, and 4 active threads.
Waiting for actors to stop.
Sent output token with value 1.0
Next port to read input from is inputA
Called postfire()
Called prefire()
Called fire()
Read input token from inputA with value 2.0
-- Read input: 1.0, which is expected to match: 1.0
Called prefire()
Called fire()
Checking for deadlock:
There are 2 Blocked actors, 0 Stopped actors, and 4 active threads.
Waiting for actors to stop.
Called postfire()
Called prefire()
Called fire()
Checking for deadlock:
There are 3 Blocked actors, 0 Stopped actors, and 4 active threads.
Waiting for actors to stop.
-- Read input: 1.5, which is expected to match: 1.5
Called prefire()
Called fire()
Checking for deadlock:
There are 3 Blocked actors, 0 Stopped actors, and 4 active threads.
Waiting for actors to stop.
Sent output token with value 1.5
Next port to read input from is inputB
Called postfire()
Called prefire()
Called fire()
Checking for deadlock:
There are 2 Blocked actors, 0 Stopped actors, and 4 active threads.
Waiting for actors to stop.
Called postfire()
Called prefire()
Called fire()
Checking for deadlock:
There are 3 Blocked actors, 0 Stopped actors, and 4 active threads.
Waiting for actors to stop.
Read input token from inputB with value 3.0
Sent output token with value 2.0
Next port to read input from is inputA
Called postfire()
Called prefire()
Called fire()
Read input token from inputA with value 3.0
Checking for deadlock:
There are 2 Blocked actors, 0 Stopped actors, and 4 active threads.
Waiting for actors to stop.
-- Read input: 2.0, which is expected to match: 2.0
Called prefire()
Called fire()
Called postfire()
Called prefire()
Called fire()
Checking for deadlock:
There are 3 Blocked actors, 0 Stopped actors, and 4 active threads.
Waiting for actors to stop.
Checking for deadlock:
There are 2 Blocked actors, 0 Stopped actors, and 4 active threads.
Waiting for actors to stop.
-- Read input: 3.0, which is expected to match: 3.0
Called prefire()
Called fire()
Checking for deadlock:
There are 3 Blocked actors, 0 Stopped actors, and 4 active threads.
Waiting for actors to stop.
Sent output token with value 3.0
Next port to read input from is inputB
Called postfire()
Called prefire()
Called fire()
Checking for deadlock:
There are 2 Blocked actors, 0 Stopped actors, and 4 active threads.
Waiting for actors to stop.
Called postfire()
Called prefire()
Called fire()
Checking for deadlock:
There are 3 Blocked actors, 0 Stopped actors, and 4 active threads.
Waiting for actors to stop.
Read input token from inputB with value 4.5
Sent output token with value 3.0
Next port to read input from is inputA
Called postfire()
Called prefire()
Called fire()
Read input token from inputA with value 4.0
Checking for deadlock:
There are 2 Blocked actors, 0 Stopped actors, and 4 active threads.
Waiting for actors to stop.
-- Read input: 3.0, which is expected to match: 3.0
Called prefire()
Called fire()
Called postfire()
Called prefire()
Called fire()
Checking for deadlock:
There are 3 Blocked actors, 0 Stopped actors, and 4 active threads.
Waiting for actors to stop.
Checking for deadlock:
There are 2 Blocked actors, 0 Stopped actors, and 4 active threads.
Waiting for actors to stop.
-- Read input: 4.0, which is expected to match: 4.0
Called prefire()
Called fire()
Past the end of training data. Read and discard all inputs.
Checking for deadlock:
There are 3 Blocked actors, 0 Stopped actors, and 4 active threads.
Waiting for actors to stop.
Sent output token with value 4.0
Next port to read input from is inputA
Called postfire()
Called prefire()
Called fire()
Checking for deadlock:
There are 2 Blocked actors, 0 Stopped actors, and 4 active threads.
Waiting for actors to stop.
Called postfire()
Called prefire()
Called fire()
Checking for deadlock:
There are 3 Blocked actors, 0 Stopped actors, and 4 active threads.
Waiting for actors to stop.
Read input token from inputA with value 5.0
Checking for deadlock:
There are 2 Blocked actors, 0 Stopped actors, and 4 active threads.
Waiting for actors to stop.
Called prefire()
Called fire()
Past the end of training data. Read and discard all inputs.
Checking for deadlock:
There are 3 Blocked actors, 0 Stopped actors, and 4 active threads.
Waiting for actors to stop.
Sent output token with value 4.5
Next port to read input from is inputB
Called postfire()
Called prefire()
Called fire()
Checking for deadlock:
There are 2 Blocked actors, 0 Stopped actors, and 4 active threads.
Waiting for actors to stop.
Called postfire()
Called prefire()
Called fire()
Checking for deadlock:
There are 3 Blocked actors, 0 Stopped actors, and 4 active threads.
Waiting for actors to stop.
Read input token from inputB with value 6.0
Sent output token with value 5.0
Next port to read input from is inputA
Called postfire()
Called prefire()
Called fire()
Read input token from inputA with value 6.0
Called postfire()
Called prefire()
Called fire()
Checking for deadlock:
There are 3 Blocked actors, 0 Stopped actors, and 4 active threads.
Waiting for actors to stop.
Called prefire()
Called fire()
Past the end of training data. Read and discard all inputs.
Checking for deadlock:
There are 3 Blocked actors, 0 Stopped actors, and 4 active threads.
Waiting for actors to stop.
Called prefire()
Called fire()
Past the end of training data. Read and discard all inputs.
Checking for deadlock:
There are 3 Blocked actors, 0 Stopped actors, and 4 active threads.
Waiting for actors to stop.
Sent output token with value 6.0
Next port to read input from is inputB
Called postfire()
Called prefire()
Called fire()
Checking for deadlock:
There are 2 Blocked actors, 0 Stopped actors, and 4 active threads.
Waiting for actors to stop.
Called postfire()
Called prefire()
Called fire()
Checking for deadlock:
There are 3 Blocked actors, 0 Stopped actors, and 4 active threads.
Waiting for actors to stop.
Read input token from inputB with value 7.5
Sent output token with value 6.0
Next port to read input from is inputA
Called postfire()
Called prefire()
Called fire()
Read input token from inputA with value 7.0
Checking for deadlock:
There are 2 Blocked actors, 0 Stopped actors, and 4 active threads.
Waiting for actors to stop.
Called postfire()
Called prefire()
Called fire()
Called prefire()
Called fire()
Past the end of training data. Read and discard all inputs.
Checking for deadlock:
There are 3 Blocked actors, 0 Stopped actors, and 4 active threads.
Waiting for actors to stop.
Called prefire()
Called fire()
Past the end of training data. Read and discard all inputs.
Checking for deadlock:
There are 3 Blocked actors, 0 Stopped actors, and 4 active threads.
Waiting for actors to stop.
Sent output token with value 7.0
Next port to read input from is inputA
Called postfire()
Called prefire()
Called fire()
Checking for deadlock:
There are 2 Blocked actors, 0 Stopped actors, and 4 active threads.
Waiting for actors to stop.
-- Thread wrapup() called.
Called wrapup()
Thread .top.Ramp is exiting.
-- Thread stopped.
Checking for deadlock:
There are 2 Blocked actors, 0 Stopped actors, and 3 active threads.
Waiting for actors to stop.
Read input token from inputA with value 8.0
Called prefire()
Called fire()
Past the end of training data. Read and discard all inputs.
Checking for deadlock:
There are 2 Blocked actors, 0 Stopped actors, and 3 active threads.
Waiting for actors to stop.
Sent output token with value 7.5
Next port to read input from is inputB
Called postfire()
Called prefire()
Called fire()
Checking for deadlock:
There are 1 Blocked actors, 0 Stopped actors, and 3 active threads.
Waiting for actors to stop.
Called postfire()
Called prefire()
Called fire()
Checking for deadlock:
There are 2 Blocked actors, 0 Stopped actors, and 3 active threads.
Waiting for actors to stop.
Read input token from inputB with value 9.0
Checking for deadlock:
There are 1 Blocked actors, 0 Stopped actors, and 3 active threads.
Waiting for actors to stop.
Called prefire()
Called fire()
Past the end of training data. Read and discard all inputs.
Checking for deadlock:
There are 2 Blocked actors, 0 Stopped actors, and 3 active threads.
Waiting for actors to stop.
Sent output token with value 8.0
Next port to read input from is inputA
Called postfire()
Called prefire()
Called fire()
Read input token from inputA with value 9.0
Called prefire()
Called fire()
Past the end of training data. Read and discard all inputs.
Checking for deadlock:
There are 2 Blocked actors, 0 Stopped actors, and 3 active threads.
Waiting for actors to stop.
Sent output token with value 9.0
Next port to read input from is inputB
Called postfire()
Called prefire()
Called fire()
Checking for deadlock:
There are 1 Blocked actors, 0 Stopped actors, and 3 active threads.
Waiting for actors to stop.
Called postfire()
Called prefire()
Called fire()
Checking for deadlock:
There are 2 Blocked actors, 0 Stopped actors, and 3 active threads.
Waiting for actors to stop.
Read input token from inputB with value 10.5
Checking for deadlock:
There are 1 Blocked actors, 0 Stopped actors, and 3 active threads.
Waiting for actors to stop.
Called prefire()
Called fire()
Past the end of training data. Read and discard all inputs.
Checking for deadlock:
There are 2 Blocked actors, 0 Stopped actors, and 3 active threads.
Waiting for actors to stop.
Sent output token with value 9.0
Next port to read input from is inputA
Called postfire()
Called prefire()
Called fire()
Checking for deadlock:
There are 3 Blocked actors, 0 Stopped actors, and 3 active threads.
Actors have stopped.
Checking for deadlock:
There are 3 Blocked actors, 0 Stopped actors, and 3 active threads.
Deadlock detected.
Resolving Deadlock
Checking for deadlock:
There are 3 Blocked actors, 0 Stopped actors, and 3 active threads.
Artificial Deadlock - increasing queue capacity.
increasing the capacity of receiver ptolemy.actor.TypedIOPort {.top.OrderedMerge.inputB} to 2
Director: Called postfire().
Called postfire().
_stopRequested = false
_stopFireRequested = false
Returning from postfire(): true
Called fire().
Checking for deadlock:
There are 2 Blocked actors, 0 Stopped actors, and 3 active threads.
Waiting for actors to stop.
-- Thread wrapup() called.
Called wrapup()
Thread .top.Ramp2 is exiting.
-- Thread stopped.
Checking for deadlock:
There are 2 Blocked actors, 0 Stopped actors, and 2 active threads.
Actors have stopped.
Checking for deadlock:
There are 2 Blocked actors, 0 Stopped actors, and 2 active threads.
Deadlock detected.
Resolving Deadlock
Checking for deadlock:
There are 2 Blocked actors, 0 Stopped actors, and 2 active threads.
Deadlock detected: no processes blocked on write, but some are blocked on read.
Called postfire().
_stopRequested = false
_stopFireRequested = false
Returning from postfire(): false
Finished deactivating branches.
Called wrapup().
-- Thread wrapup() called.
Called wrapup()
-- Thread wrapup() called.
Called wrapup()
Thread .top.Test is exiting.
-- Thread stopped.
-- Blocked Receiver call threw TerminateProcessException.
Thread .top.OrderedMerge is exiting.
-- Thread stopped.
-- Blocked Receiver call threw TerminateProcessException.
34 ms. Memory: 129024K Free: 92424K (72%)
/home/travis/build/icyphy/ptII/ptolemy/actor/lib/test/Publisher.tcl
10 ms. Memory: 129024K Free: 86280K (67%)
4 ms. Memory: 129024K Free: 80631K (62%)
2 ms. Memory: 129024K Free: 77064K (60%)
3 ms. Memory: 129024K Free: 76040K (59%)
2 ms. Memory: 129024K Free: 75511K (59%)
2 ms. Memory: 129024K Free: 74502K (58%)
2 ms. Memory: 129024K Free: 111959K (87%)
2 ms. Memory: 129024K Free: 110935K (86%)
33 ms. Memory: 129024K Free: 101205K (78%)
3 ms. Memory: 129024K Free: 97095K (75%)
2 ms. Memory: 129024K Free: 96599K (75%)
10 ms. Memory: 129024K Free: 94551K (73%)
5 ms. Memory: 129024K Free: 86869K (67%)
7 ms. Memory: 129024K Free: 77143K (60%)
11 ms. Memory: 129024K Free: 66359K (51%)
/home/travis/build/icyphy/ptII/ptolemy/actor/lib/test/Pulse.tcl
4 ms. Memory: 129024K Free: 78961K (61%)
7 ms. Memory: 129024K Free: 78465K (61%)
1 ms. Memory: 129024K Free: 77951K (60%)
1 ms. Memory: 129024K Free: 77441K (60%)
1 ms. Memory: 129024K Free: 76927K (60%)
6 ms. Memory: 129024K Free: 75903K (59%)
4 ms. Memory: 129024K Free: 74865K (58%)
3 ms. Memory: 129024K Free: 73841K (57%)
1 ms. Memory: 129024K Free: 73345K (57%)
/home/travis/build/icyphy/ptII/ptolemy/actor/lib/test/Ramp.tcl
2 ms. Memory: 129024K Free: 71297K (55%)
1 ms. Memory: 129024K Free: 70769K (55%)
1 ms. Memory: 129024K Free: 69759K (54%)
1 ms. Memory: 129024K Free: 69249K (54%)
3 ms. Memory: 129024K Free: 68225K (53%)
4 ms. Memory: 129024K Free: 67201K (52%)
3 ms. Memory: 129024K Free: 66673K (52%)
5 actors
4000 microseconds per iteration to create
4 ms. Memory: 129024K Free: 63615K (49%)
2 ms. Memory: 129024K Free: 63105K (49%)
1 ms. Memory: 129024K Free: 62577K (49%)
2 ms. Memory: 129024K Free: 62081K (48%)
50 actors
28000 microseconds per iteration to create
46 ms. Memory: 158720K Free: 133160K (84%)
12 ms. Memory: 158720K Free: 132190K (83%)
5 ms. Memory: 158720K Free: 131180K (83%)
8 ms. Memory: 158720K Free: 130156K (82%)
500 actors
1456000 microseconds per iteration to create
217 ms. Memory: 158720K Free: 107725K (68%)
28 ms. Memory: 158720K Free: 102605K (65%)
29 ms. Memory: 158720K Free: 97485K (61%)
28 ms. Memory: 158720K Free: 91855K (58%)
/home/travis/build/icyphy/ptII/ptolemy/actor/lib/test/RampContinuous.tcl
6 ms. Memory: 158720K Free: 90317K (57%)
/home/travis/build/icyphy/ptII/ptolemy/actor/lib/test/RecordAssembler.tcl
4 ms. Memory: 158720K Free: 89279K (56%)
3 ms. Memory: 158720K Free: 88239K (56%)
/home/travis/build/icyphy/ptII/ptolemy/actor/lib/test/RecordDisassembler.tcl
5 ms. Memory: 158720K Free: 86207K (54%)
2 ms. Memory: 158720K Free: 85711K (54%)
3 ms. Memory: 158720K Free: 84159K (53%)
/home/travis/build/icyphy/ptII/ptolemy/actor/lib/test/Scale.tcl
2 ms. Memory: 158720K Free: 82639K (52%)
1 ms. Memory: 158720K Free: 81615K (51%)
1 ms. Memory: 158720K Free: 81101K (51%)
2 ms. Memory: 158720K Free: 80063K (50%)
2 ms. Memory: 158720K Free: 79567K (50%)
/home/travis/build/icyphy/ptII/ptolemy/actor/lib/test/SequentialClock.tcl
preinitializing
resolving types
initializing
executing number 1
wrapping up
idle
2 ms. Memory: 158720K Free: 77999K (49%)
Completed execution with 5 iterations
preinitializing
resolving types
initializing
executing number 1
wrapping up
idle
1 ms. Memory: 158720K Free: 77519K (49%)
Completed execution with 5 iterations
preinitializing
resolving types
initializing
executing number 1
wrapping up
idle
1 ms. Memory: 158720K Free: 76991K (49%)
Completed execution with 5 iterations
/home/travis/build/icyphy/ptII/ptolemy/actor/lib/test/SetVariable.tcl
4 ms. Memory: 158720K Free: 74957K (47%)
/home/travis/build/icyphy/ptII/ptolemy/actor/lib/test/Sinewave.tcl
/home/travis/build/icyphy/ptII/ptolemy/actor/lib/test/SubscriptionAggregator.tcl
4 ms. Memory: 158720K Free: 63693K (40%)
2 ms. Memory: 158720K Free: 63183K (40%)
0 ms. Memory: 158720K Free: 62669K (39%)
0 ms. Memory: 158720K Free: 62159K (39%)
23 ms. Memory: 158720K Free: 135026K (85%)
11 ms. Memory: 158720K Free: 133009K (84%)
...............................................................844 ms. Memory: 283648K Free: 219835K (78%)
/home/travis/build/icyphy/ptII/ptolemy/actor/lib/test/Test.tcl
 The next command will produce a warning about training mode,
   which may be ignored.
6 ms. Memory: 283648K Free: 217789K (77%)
2 ms. Memory: 283648K Free: 216765K (76%)
1 ms. Memory: 283648K Free: 216237K (76%)
1 ms. Memory: 283648K Free: 215741K (76%)
3 ms. Memory: 283648K Free: 215227K (76%)
3 ms. Memory: 283648K Free: 213693K (75%)
3 ms. Memory: 283648K Free: 212669K (75%)
 The next command will produce a warning about training mode,
   which may be ignored.
4 ms. Memory: 283648K Free: 210101K (74%)
 The next command will produce a warning about training mode,
   which may be ignored.
3 ms. Memory: 283648K Free: 209083K (74%)
1 ms. Memory: 283648K Free: 208573K (74%)
2 ms. Memory: 283648K Free: 208045K (73%)
2 ms. Memory: 283648K Free: 207549K (73%)
5 ms. Memory: 283648K Free: 206525K (73%)
3 ms. Memory: 283648K Free: 202933K (72%)
/home/travis/build/icyphy/ptII/ptolemy/actor/lib/test/TestExceptionHandler.tcl
 The next command will produce a warning about training mode,
   which may be ignored.
3 ms. Memory: 283648K Free: 201405K (71%)
1 ms. Memory: 283648K Free: 200885K (71%)
1 ms. Memory: 283648K Free: 200381K (71%)
/home/travis/build/icyphy/ptII/ptolemy/actor/lib/test/UnionDisassembler.tcl
14 ms. Memory: 283648K Free: 193213K (68%)
/home/travis/build/icyphy/ptII/ptolemy/actor/lib/test/VariableClock.tcl
preinitializing
resolving types
initializing
executing number 1
wrapping up
idle
3 ms. Memory: 283648K Free: 191165K (67%)
Completed execution with 11 iterations
preinitializing
resolving types
initializing
executing number 1
wrapping up
idle
3 ms. Memory: 283648K Free: 189627K (67%)
Completed execution with 10 iterations
08/06/21 02:08:36
Failed: 0  Total Tests: 233  ((Passed: 233, Newly Passed: 0)  Known Failed: 0) /home/travis/build/icyphy/ptII/ptolemy/actor/lib/test
----------------- testing (KnownFailure) /home/travis/build/icyphy/ptII/ptolemy/actor/lib/test/auto/knownFailedTests/PublisherPortToplevelSubscriber.xml
0 ms. Memory: 283648K Free: 186555K (66%)
Known Failure: java.lang.reflect.InvocationTargetException
----------------- testing (KnownFailure) /home/travis/build/icyphy/ptII/ptolemy/actor/lib/test/auto/knownFailedTests/PublisherSubscriberPortToplevel.xml
0 ms. Memory: 283648K Free: 182459K (64%)
Known Failure: java.lang.reflect.InvocationTargetException
----------------- testing (KnownFailure) /home/travis/build/icyphy/ptII/ptolemy/actor/lib/test/auto/knownFailedTests/PublisherSubscriptionAggregatorPort.xml
0 ms. Memory: 283648K Free: 178363K (63%)
Known Failure: java.lang.reflect.InvocationTargetException
----------------- testing (KnownFailure) /home/travis/build/icyphy/ptII/ptolemy/actor/lib/test/auto/knownFailedTests/sizedarray3.xml
7 ms. Memory: 283648K Free: 173757K (61%)
Known Failure: java.lang.reflect.InvocationTargetException
No auto/linux-amd64/*.xml tests in /home/travis/build/icyphy/ptII/ptolemy/actor/lib/test
AutoTests.java: About to close Vertx.
AutoTests.java: Vertx closed.

===========================================================================================
----------------- testing Fri Aug 06 02:08:36 UTC 2021 /home/travis/build/icyphy/ptII/ptolemy/actor/lib/test/auto/AbsoluteValue.xml
----------------- Instantiating /home/travis/build/icyphy/ptII/ptolemy/actor/lib/test/auto/AbsoluteValue.xml
14 ms. Memory: 283648K Free: 151229K (53%)
----------------- Invoking toplevel() on ptolemy.moml.MoMLSimpleApplication@423c56b9
----------------- Done invoking toplevel() on ptolemy.moml.MoMLSimpleApplication@423c56b9
reloadAllAccessors: .AbsoluteValue

===========================================================================================
----------------- testing Fri Aug 06 02:08:36 UTC 2021 /home/travis/build/icyphy/ptII/ptolemy/actor/lib/test/auto/AbsoluteValue2.xml
----------------- Instantiating /home/travis/build/icyphy/ptII/ptolemy/actor/lib/test/auto/AbsoluteValue2.xml
8 ms. Memory: 283648K Free: 144571K (51%)
----------------- Invoking toplevel() on ptolemy.moml.MoMLSimpleApplication@7fea4b05
----------------- Done invoking toplevel() on ptolemy.moml.MoMLSimpleApplication@7fea4b05
reloadAllAccessors: .AbsoluteValue2

===========================================================================================
----------------- testing Fri Aug 06 02:08:36 UTC 2021 /home/travis/build/icyphy/ptII/ptolemy/actor/lib/test/auto/Accumulator.xml
----------------- Instantiating /home/travis/build/icyphy/ptII/ptolemy/actor/lib/test/auto/Accumulator.xml
5 ms. Memory: 283648K Free: 137917K (49%)
----------------- Invoking toplevel() on ptolemy.moml.MoMLSimpleApplication@421feaa2
----------------- Done invoking toplevel() on ptolemy.moml.MoMLSimpleApplication@421feaa2
reloadAllAccessors: .Accumulator

===========================================================================================
----------------- testing Fri Aug 06 02:08:36 UTC 2021 /home/travis/build/icyphy/ptII/ptolemy/actor/lib/test/auto/Accumulator2.xml
----------------- Instantiating /home/travis/build/icyphy/ptII/ptolemy/actor/lib/test/auto/Accumulator2.xml
3 ms. Memory: 283648K Free: 132797K (47%)
----------------- Invoking toplevel() on ptolemy.moml.MoMLSimpleApplication@1190ffee
----------------- Done invoking toplevel() on ptolemy.moml.MoMLSimpleApplication@1190ffee
reloadAllAccessors: .Accumulator2

===========================================================================================
----------------- testing Fri Aug 06 02:08:37 UTC 2021 /home/travis/build/icyphy/ptII/ptolemy/actor/lib/test/auto/Accumulator3.xml
----------------- Instantiating /home/travis/build/icyphy/ptII/ptolemy/actor/lib/test/auto/Accumulator3.xml
5 ms. Memory: 283648K Free: 128701K (45%)
----------------- Invoking toplevel() on ptolemy.moml.MoMLSimpleApplication@298b9072
----------------- Done invoking toplevel() on ptolemy.moml.MoMLSimpleApplication@298b9072
reloadAllAccessors: .Accumulator3

===========================================================================================
----------------- testing Fri Aug 06 02:08:37 UTC 2021 /home/travis/build/icyphy/ptII/ptolemy/actor/lib/test/auto/ArrayAppend.xml
----------------- Instantiating /home/travis/build/icyphy/ptII/ptolemy/actor/lib/test/auto/ArrayAppend.xml
6 ms. Memory: 283648K Free: 122557K (43%)
----------------- Invoking toplevel() on ptolemy.moml.MoMLSimpleApplication@359a15cf
----------------- Done invoking toplevel() on ptolemy.moml.MoMLSimpleApplication@359a15cf
reloadAllAccessors: .ArrayAppend

===========================================================================================
----------------- testing Fri Aug 06 02:08:37 UTC 2021 /home/travis/build/icyphy/ptII/ptolemy/actor/lib/test/auto/ArrayAppend2.xml
----------------- Instantiating /home/travis/build/icyphy/ptII/ptolemy/actor/lib/test/auto/ArrayAppend2.xml
368 ms. Memory: 283648K Free: 184432K (65%)
----------------- Invoking toplevel() on ptolemy.moml.MoMLSimpleApplication@7205a00b
----------------- Done invoking toplevel() on ptolemy.moml.MoMLSimpleApplication@7205a00b
reloadAllAccessors: .ArrayAppend2

===========================================================================================
----------------- testing Fri Aug 06 02:08:37 UTC 2021 /home/travis/build/icyphy/ptII/ptolemy/actor/lib/test/auto/ArrayAppend3.xml
----------------- Instantiating /home/travis/build/icyphy/ptII/ptolemy/actor/lib/test/auto/ArrayAppend3.xml
3 ms. Memory: 283648K Free: 178288K (63%)
----------------- Invoking toplevel() on ptolemy.moml.MoMLSimpleApplication@2167f37e
----------------- Done invoking toplevel() on ptolemy.moml.MoMLSimpleApplication@2167f37e
reloadAllAccessors: .ArrayAppend3

===========================================================================================
----------------- testing Fri Aug 06 02:08:37 UTC 2021 /home/travis/build/icyphy/ptII/ptolemy/actor/lib/test/auto/ArrayAppend4.xml
----------------- Instantiating /home/travis/build/icyphy/ptII/ptolemy/actor/lib/test/auto/ArrayAppend4.xml
2 ms. Memory: 283648K Free: 173168K (61%)
----------------- Invoking toplevel() on ptolemy.moml.MoMLSimpleApplication@367e9ba3
----------------- Done invoking toplevel() on ptolemy.moml.MoMLSimpleApplication@367e9ba3
reloadAllAccessors: .ArrayAppend4

===========================================================================================
----------------- testing Fri Aug 06 02:08:37 UTC 2021 /home/travis/build/icyphy/ptII/ptolemy/actor/lib/test/auto/ArrayAppend5.xml
----------------- Instantiating /home/travis/build/icyphy/ptII/ptolemy/actor/lib/test/auto/ArrayAppend5.xml
2 ms. Memory: 283648K Free: 168048K (59%)
----------------- Invoking toplevel() on ptolemy.moml.MoMLSimpleApplication@433377e5
----------------- Done invoking toplevel() on ptolemy.moml.MoMLSimpleApplication@433377e5
reloadAllAccessors: .ArrayAppend5

===========================================================================================
----------------- testing Fri Aug 06 02:08:37 UTC 2021 /home/travis/build/icyphy/ptII/ptolemy/actor/lib/test/auto/ArrayAppend6.xml
----------------- Instantiating /home/travis/build/icyphy/ptII/ptolemy/actor/lib/test/auto/ArrayAppend6.xml
2 ms. Memory: 283648K Free: 162928K (57%)
----------------- Invoking toplevel() on ptolemy.moml.MoMLSimpleApplication@1222057a
----------------- Done invoking toplevel() on ptolemy.moml.MoMLSimpleApplication@1222057a
reloadAllAccessors: .ArrayAppend6

===========================================================================================
----------------- testing Fri Aug 06 02:08:37 UTC 2021 /home/travis/build/icyphy/ptII/ptolemy/actor/lib/test/auto/ArrayAppendPerformanceTest.xml
----------------- Instantiating /home/travis/build/icyphy/ptII/ptolemy/actor/lib/test/auto/ArrayAppendPerformanceTest.xml
26 ms. Memory: 283648K Free: 152688K (54%)
----------------- Invoking toplevel() on ptolemy.moml.MoMLSimpleApplication@5f1f4965
----------------- Done invoking toplevel() on ptolemy.moml.MoMLSimpleApplication@5f1f4965
reloadAllAccessors: .ArrayAppendPerformanceTest

===========================================================================================
----------------- testing Fri Aug 06 02:08:37 UTC 2021 /home/travis/build/icyphy/ptII/ptolemy/actor/lib/test/auto/ArrayAppendWithEmptyInput.xml
----------------- Instantiating /home/travis/build/icyphy/ptII/ptolemy/actor/lib/test/auto/ArrayAppendWithEmptyInput.xml
8 ms. Memory: 283648K Free: 144496K (51%)
----------------- Invoking toplevel() on ptolemy.moml.MoMLSimpleApplication@2b7b170d
----------------- Done invoking toplevel() on ptolemy.moml.MoMLSimpleApplication@2b7b170d
reloadAllAccessors: .ArrayAppendWithEmptyInput

===========================================================================================
----------------- testing Fri Aug 06 02:08:37 UTC 2021 /home/travis/build/icyphy/ptII/ptolemy/actor/lib/test/auto/ArrayAverage.xml
----------------- Instantiating /home/travis/build/icyphy/ptII/ptolemy/actor/lib/test/auto/ArrayAverage.xml
10 ms. Memory: 283648K Free: 136304K (48%)
----------------- Invoking toplevel() on ptolemy.moml.MoMLSimpleApplication@5cb74045
----------------- Done invoking toplevel() on ptolemy.moml.MoMLSimpleApplication@5cb74045
reloadAllAccessors: .ArrayAverage

===========================================================================================
----------------- testing Fri Aug 06 02:08:37 UTC 2021 /home/travis/build/icyphy/ptII/ptolemy/actor/lib/test/auto/ArrayContains.xml
----------------- Instantiating /home/travis/build/icyphy/ptII/ptolemy/actor/lib/test/auto/ArrayContains.xml
3 ms. Memory: 283648K Free: 130674K (46%)
----------------- Invoking toplevel() on ptolemy.moml.MoMLSimpleApplication@4ea6047b
----------------- Done invoking toplevel() on ptolemy.moml.MoMLSimpleApplication@4ea6047b
reloadAllAccessors: .ArrayContains

===========================================================================================
----------------- testing Fri Aug 06 02:08:37 UTC 2021 /home/travis/build/icyphy/ptII/ptolemy/actor/lib/test/auto/ArrayElement.xml
----------------- Instantiating /home/travis/build/icyphy/ptII/ptolemy/actor/lib/test/auto/ArrayElement.xml
3 ms. Memory: 283648K Free: 125040K (44%)
----------------- Invoking toplevel() on ptolemy.moml.MoMLSimpleApplication@33d4cad
----------------- Done invoking toplevel() on ptolemy.moml.MoMLSimpleApplication@33d4cad
reloadAllAccessors: .ArrayElement

===========================================================================================
----------------- testing Fri Aug 06 02:08:37 UTC 2021 /home/travis/build/icyphy/ptII/ptolemy/actor/lib/test/auto/ArrayElementAsMatrix.xml
----------------- Instantiating /home/travis/build/icyphy/ptII/ptolemy/actor/lib/test/auto/ArrayElementAsMatrix.xml
13 ms. Memory: 283648K Free: 114800K (40%)
----------------- Invoking toplevel() on ptolemy.moml.MoMLSimpleApplication@13cb1f6b
----------------- Done invoking toplevel() on ptolemy.moml.MoMLSimpleApplication@13cb1f6b
reloadAllAccessors: .ArrayElementAsMatrix

===========================================================================================
----------------- testing Fri Aug 06 02:08:37 UTC 2021 /home/travis/build/icyphy/ptII/ptolemy/actor/lib/test/auto/ArrayElementI.xml
----------------- Instantiating /home/travis/build/icyphy/ptII/ptolemy/actor/lib/test/auto/ArrayElementI.xml
3 ms. Memory: 283648K Free: 110194K (39%)
----------------- Invoking toplevel() on ptolemy.moml.MoMLSimpleApplication@37b11fdb
----------------- Done invoking toplevel() on ptolemy.moml.MoMLSimpleApplication@37b11fdb
reloadAllAccessors: .ArrayElementI

===========================================================================================
----------------- testing Fri Aug 06 02:08:37 UTC 2021 /home/travis/build/icyphy/ptII/ptolemy/actor/lib/test/auto/ArrayExtract.xml
----------------- Instantiating /home/travis/build/icyphy/ptII/ptolemy/actor/lib/test/auto/ArrayExtract.xml
10 ms. Memory: 283648K Free: 100978K (36%)
----------------- Invoking toplevel() on ptolemy.moml.MoMLSimpleApplication@35f3d283
----------------- Done invoking toplevel() on ptolemy.moml.MoMLSimpleApplication@35f3d283
reloadAllAccessors: .ArrayExtract

===========================================================================================
----------------- testing Fri Aug 06 02:08:37 UTC 2021 /home/travis/build/icyphy/ptII/ptolemy/actor/lib/test/auto/ArrayExtract2.xml
----------------- Instantiating /home/travis/build/icyphy/ptII/ptolemy/actor/lib/test/auto/ArrayExtract2.xml
4 ms. Memory: 283648K Free: 95858K (34%)
----------------- Invoking toplevel() on ptolemy.moml.MoMLSimpleApplication@21464f58
----------------- Done invoking toplevel() on ptolemy.moml.MoMLSimpleApplication@21464f58
reloadAllAccessors: .ArrayExtract2

===========================================================================================
----------------- testing Fri Aug 06 02:08:37 UTC 2021 /home/travis/build/icyphy/ptII/ptolemy/actor/lib/test/auto/ArrayLength.xml
----------------- Instantiating /home/travis/build/icyphy/ptII/ptolemy/actor/lib/test/auto/ArrayLength.xml
1 ms. Memory: 283648K Free: 91762K (32%)
----------------- Invoking toplevel() on ptolemy.moml.MoMLSimpleApplication@446d5f81
----------------- Done invoking toplevel() on ptolemy.moml.MoMLSimpleApplication@446d5f81
reloadAllAccessors: .ArrayLength

===========================================================================================
----------------- testing Fri Aug 06 02:08:37 UTC 2021 /home/travis/build/icyphy/ptII/ptolemy/actor/lib/test/auto/ArrayLevelCrossing.xml
----------------- Instantiating /home/travis/build/icyphy/ptII/ptolemy/actor/lib/test/auto/ArrayLevelCrossing.xml
2 ms. Memory: 283648K Free: 84080K (30%)
----------------- Invoking toplevel() on ptolemy.moml.MoMLSimpleApplication@1a26e433
----------------- Done invoking toplevel() on ptolemy.moml.MoMLSimpleApplication@1a26e433
reloadAllAccessors: .ArrayLevelCrossing

===========================================================================================
----------------- testing Fri Aug 06 02:08:37 UTC 2021 /home/travis/build/icyphy/ptII/ptolemy/actor/lib/test/auto/ArrayLevelCrossing2.xml
----------------- Instantiating /home/travis/build/icyphy/ptII/ptolemy/actor/lib/test/auto/ArrayLevelCrossing2.xml
5 ms. Memory: 283648K Free: 228466K (81%)
----------------- Invoking toplevel() on ptolemy.moml.MoMLSimpleApplication@3729864
----------------- Done invoking toplevel() on ptolemy.moml.MoMLSimpleApplication@3729864
reloadAllAccessors: .ArrayLevelCrossing2

===========================================================================================
----------------- testing Fri Aug 06 02:08:38 UTC 2021 /home/travis/build/icyphy/ptII/ptolemy/actor/lib/test/auto/ArrayPeakSearch.xml
----------------- Instantiating /home/travis/build/icyphy/ptII/ptolemy/actor/lib/test/auto/ArrayPeakSearch.xml
5 ms. Memory: 283648K Free: 219250K (77%)
----------------- Invoking toplevel() on ptolemy.moml.MoMLSimpleApplication@5c402cf4
----------------- Done invoking toplevel() on ptolemy.moml.MoMLSimpleApplication@5c402cf4
reloadAllAccessors: .ArrayPeakSearch

===========================================================================================
----------------- testing Fri Aug 06 02:08:38 UTC 2021 /home/travis/build/icyphy/ptII/ptolemy/actor/lib/test/auto/ArrayPeakSearch2.xml
----------------- Instantiating /home/travis/build/icyphy/ptII/ptolemy/actor/lib/test/auto/ArrayPeakSearch2.xml
4 ms. Memory: 283648K Free: 209010K (74%)
----------------- Invoking toplevel() on ptolemy.moml.MoMLSimpleApplication@3dcd0ab1
----------------- Done invoking toplevel() on ptolemy.moml.MoMLSimpleApplication@3dcd0ab1
reloadAllAccessors: .ArrayPeakSearch2

===========================================================================================
----------------- testing Fri Aug 06 02:08:38 UTC 2021 /home/travis/build/icyphy/ptII/ptolemy/actor/lib/test/auto/ArrayPeakSearch3.xml
----------------- Instantiating /home/travis/build/icyphy/ptII/ptolemy/actor/lib/test/auto/ArrayPeakSearch3.xml
5 ms. Memory: 283648K Free: 199794K (70%)
----------------- Invoking toplevel() on ptolemy.moml.MoMLSimpleApplication@4acab880
----------------- Done invoking toplevel() on ptolemy.moml.MoMLSimpleApplication@4acab880
reloadAllAccessors: .ArrayPeakSearch3

===========================================================================================
----------------- testing Fri Aug 06 02:08:38 UTC 2021 /home/travis/build/icyphy/ptII/ptolemy/actor/lib/test/auto/ArrayRemoveElement.xml
----------------- Instantiating /home/travis/build/icyphy/ptII/ptolemy/actor/lib/test/auto/ArrayRemoveElement.xml
3 ms. Memory: 283648K Free: 192112K (68%)
----------------- Invoking toplevel() on ptolemy.moml.MoMLSimpleApplication@35973d6c
----------------- Done invoking toplevel() on ptolemy.moml.MoMLSimpleApplication@35973d6c
reloadAllAccessors: .ArrayRemoveElement

===========================================================================================
----------------- testing Fri Aug 06 02:08:38 UTC 2021 /home/travis/build/icyphy/ptII/ptolemy/actor/lib/test/auto/ArraySort.xml
----------------- Instantiating /home/travis/build/icyphy/ptII/ptolemy/actor/lib/test/auto/ArraySort.xml
8 ms. Memory: 283648K Free: 182896K (64%)
----------------- Invoking toplevel() on ptolemy.moml.MoMLSimpleApplication@7d413f96
----------------- Done invoking toplevel() on ptolemy.moml.MoMLSimpleApplication@7d413f96
reloadAllAccessors: .ArraySort

===========================================================================================
----------------- testing Fri Aug 06 02:08:38 UTC 2021 /home/travis/build/icyphy/ptII/ptolemy/actor/lib/test/auto/ArraySum.xml
----------------- Instantiating /home/travis/build/icyphy/ptII/ptolemy/actor/lib/test/auto/ArraySum.xml
5 ms. Memory: 283648K Free: 177776K (63%)
----------------- Invoking toplevel() on ptolemy.moml.MoMLSimpleApplication@428f8d36
----------------- Done invoking toplevel() on ptolemy.moml.MoMLSimpleApplication@428f8d36
reloadAllAccessors: .ArraySum

===========================================================================================
----------------- testing Fri Aug 06 02:08:38 UTC 2021 /home/travis/build/icyphy/ptII/ptolemy/actor/lib/test/auto/ArrayToElements.xml
----------------- Instantiating /home/travis/build/icyphy/ptII/ptolemy/actor/lib/test/auto/ArrayToElements.xml
6 ms. Memory: 283648K Free: 172146K (61%)
----------------- Invoking toplevel() on ptolemy.moml.MoMLSimpleApplication@675786d1
----------------- Done invoking toplevel() on ptolemy.moml.MoMLSimpleApplication@675786d1
reloadAllAccessors: .ArrayToElements

===========================================================================================
----------------- testing Fri Aug 06 02:08:38 UTC 2021 /home/travis/build/icyphy/ptII/ptolemy/actor/lib/test/auto/ArrayToMatrix.xml
----------------- Instantiating /home/travis/build/icyphy/ptII/ptolemy/actor/lib/test/auto/ArrayToMatrix.xml
17 ms. Memory: 283648K Free: 158320K (56%)
----------------- Invoking toplevel() on ptolemy.moml.MoMLSimpleApplication@199b3465
----------------- Done invoking toplevel() on ptolemy.moml.MoMLSimpleApplication@199b3465
reloadAllAccessors: .ArrayToMatrix

===========================================================================================
----------------- testing Fri Aug 06 02:08:38 UTC 2021 /home/travis/build/icyphy/ptII/ptolemy/actor/lib/test/auto/ArrayUpdate1.xml
----------------- Instantiating /home/travis/build/icyphy/ptII/ptolemy/actor/lib/test/auto/ArrayUpdate1.xml
4 ms. Memory: 283648K Free: 153200K (54%)
----------------- Invoking toplevel() on ptolemy.moml.MoMLSimpleApplication@2207a2a6
----------------- Done invoking toplevel() on ptolemy.moml.MoMLSimpleApplication@2207a2a6
reloadAllAccessors: .ArrayUpdate1

===========================================================================================
----------------- testing Fri Aug 06 02:08:38 UTC 2021 /home/travis/build/icyphy/ptII/ptolemy/actor/lib/test/auto/ArrayUpdate2.xml
----------------- Instantiating /home/travis/build/icyphy/ptII/ptolemy/actor/lib/test/auto/ArrayUpdate2.xml
7 ms. Memory: 283648K Free: 147570K (52%)
----------------- Invoking toplevel() on ptolemy.moml.MoMLSimpleApplication@4ef87f88
----------------- Done invoking toplevel() on ptolemy.moml.MoMLSimpleApplication@4ef87f88
reloadAllAccessors: .ArrayUpdate2

===========================================================================================
----------------- testing Fri Aug 06 02:08:38 UTC 2021 /home/travis/build/icyphy/ptII/ptolemy/actor/lib/test/auto/ArrayUpdate3.xml
----------------- Instantiating /home/travis/build/icyphy/ptII/ptolemy/actor/lib/test/auto/ArrayUpdate3.xml
4 ms. Memory: 283648K Free: 142450K (50%)
----------------- Invoking toplevel() on ptolemy.moml.MoMLSimpleApplication@25b3b1d1
----------------- Done invoking toplevel() on ptolemy.moml.MoMLSimpleApplication@25b3b1d1
reloadAllAccessors: .ArrayUpdate3

===========================================================================================
----------------- testing Fri Aug 06 02:08:38 UTC 2021 /home/travis/build/icyphy/ptII/ptolemy/actor/lib/test/auto/Assert1.xml
----------------- Instantiating /home/travis/build/icyphy/ptII/ptolemy/actor/lib/test/auto/Assert1.xml
5 ms. Memory: 283648K Free: 138354K (49%)
----------------- Invoking toplevel() on ptolemy.moml.MoMLSimpleApplication@1a15738e
----------------- Done invoking toplevel() on ptolemy.moml.MoMLSimpleApplication@1a15738e
reloadAllAccessors: .Assert1

===========================================================================================
----------------- testing Fri Aug 06 02:08:38 UTC 2021 /home/travis/build/icyphy/ptII/ptolemy/actor/lib/test/auto/Assert2.xml
----------------- Instantiating /home/travis/build/icyphy/ptII/ptolemy/actor/lib/test/auto/Assert2.xml
2 ms. Memory: 283648K Free: 132720K (47%)
----------------- Invoking toplevel() on ptolemy.moml.MoMLSimpleApplication@1fefa450
----------------- Done invoking toplevel() on ptolemy.moml.MoMLSimpleApplication@1fefa450
reloadAllAccessors: .Assert2

===========================================================================================
----------------- testing Fri Aug 06 02:08:38 UTC 2021 /home/travis/build/icyphy/ptII/ptolemy/actor/lib/test/auto/BooleanMultiplexor.xml
----------------- Instantiating /home/travis/build/icyphy/ptII/ptolemy/actor/lib/test/auto/BooleanMultiplexor.xml
2 ms. Memory: 283648K Free: 127569K (45%)
----------------- Invoking toplevel() on ptolemy.moml.MoMLSimpleApplication@40bd0bc9
----------------- Done invoking toplevel() on ptolemy.moml.MoMLSimpleApplication@40bd0bc9
reloadAllAccessors: .BooleanMultiplexor

===========================================================================================
----------------- testing Fri Aug 06 02:08:38 UTC 2021 /home/travis/build/icyphy/ptII/ptolemy/actor/lib/test/auto/BooleanMultiplexor2.xml
----------------- Instantiating /home/travis/build/icyphy/ptII/ptolemy/actor/lib/test/auto/BooleanMultiplexor2.xml
18 ms. Memory: 283648K Free: 120946K (43%)
----------------- Invoking toplevel() on ptolemy.moml.MoMLSimpleApplication@6879f68b
----------------- Done invoking toplevel() on ptolemy.moml.MoMLSimpleApplication@6879f68b
reloadAllAccessors: .BooleanMultiplexor2

===========================================================================================
----------------- testing Fri Aug 06 02:08:38 UTC 2021 /home/travis/build/icyphy/ptII/ptolemy/actor/lib/test/auto/BooleanMultiplexor3.xml
----------------- Instantiating /home/travis/build/icyphy/ptII/ptolemy/actor/lib/test/auto/BooleanMultiplexor3.xml
1 ms. Memory: 283648K Free: 117360K (41%)
----------------- Invoking toplevel() on ptolemy.moml.MoMLSimpleApplication@461f1066
----------------- Done invoking toplevel() on ptolemy.moml.MoMLSimpleApplication@461f1066
reloadAllAccessors: .BooleanMultiplexor3

===========================================================================================
----------------- testing Fri Aug 06 02:08:38 UTC 2021 /home/travis/build/icyphy/ptII/ptolemy/actor/lib/test/auto/BooleanSelect.xml
----------------- Instantiating /home/travis/build/icyphy/ptII/ptolemy/actor/lib/test/auto/BooleanSelect.xml
3 ms. Memory: 283648K Free: 111201K (39%)
----------------- Invoking toplevel() on ptolemy.moml.MoMLSimpleApplication@1382bd5c
----------------- Done invoking toplevel() on ptolemy.moml.MoMLSimpleApplication@1382bd5c
reloadAllAccessors: .BooleanSelect

===========================================================================================
----------------- testing Fri Aug 06 02:08:38 UTC 2021 /home/travis/build/icyphy/ptII/ptolemy/actor/lib/test/auto/BooleanSelect2.xml
----------------- Instantiating /home/travis/build/icyphy/ptII/ptolemy/actor/lib/test/auto/BooleanSelect2.xml
1 ms. Memory: 283648K Free: 107120K (38%)
----------------- Invoking toplevel() on ptolemy.moml.MoMLSimpleApplication@79f5f985
----------------- Done invoking toplevel() on ptolemy.moml.MoMLSimpleApplication@79f5f985
reloadAllAccessors: .BooleanSelect2

===========================================================================================
----------------- testing Fri Aug 06 02:08:38 UTC 2021 /home/travis/build/icyphy/ptII/ptolemy/actor/lib/test/auto/BooleanSwitch.xml
----------------- Instantiating /home/travis/build/icyphy/ptII/ptolemy/actor/lib/test/auto/BooleanSwitch.xml
10 ms. Memory: 283648K Free: 100976K (36%)
----------------- Invoking toplevel() on ptolemy.moml.MoMLSimpleApplication@4e20b978
----------------- Done invoking toplevel() on ptolemy.moml.MoMLSimpleApplication@4e20b978
reloadAllAccessors: .BooleanSwitch

===========================================================================================
----------------- testing Fri Aug 06 02:08:38 UTC 2021 /home/travis/build/icyphy/ptII/ptolemy/actor/lib/test/auto/BooleanSwitch2.xml
----------------- Instantiating /home/travis/build/icyphy/ptII/ptolemy/actor/lib/test/auto/BooleanSwitch2.xml
2 ms. Memory: 283648K Free: 96880K (34%)
----------------- Invoking toplevel() on ptolemy.moml.MoMLSimpleApplication@1adafb69
----------------- Done invoking toplevel() on ptolemy.moml.MoMLSimpleApplication@1adafb69
reloadAllAccessors: .BooleanSwitch2

===========================================================================================
----------------- testing Fri Aug 06 02:08:38 UTC 2021 /home/travis/build/icyphy/ptII/ptolemy/actor/lib/test/auto/BooleanSwitchCloningBugWithClassRelationGroup.xml
----------------- Instantiating /home/travis/build/icyphy/ptII/ptolemy/actor/lib/test/auto/BooleanSwitchCloningBugWithClassRelationGroup.xml
4 ms. Memory: 283648K Free: 90226K (32%)
----------------- Invoking toplevel() on ptolemy.moml.MoMLSimpleApplication@28a755e
----------------- Done invoking toplevel() on ptolemy.moml.MoMLSimpleApplication@28a755e
reloadAllAccessors: .BooleanSwitchCloningBugWithClassRelationGroup

===========================================================================================
----------------- testing Fri Aug 06 02:08:38 UTC 2021 /home/travis/build/icyphy/ptII/ptolemy/actor/lib/test/auto/BusActors.xml
----------------- Instantiating /home/travis/build/icyphy/ptII/ptolemy/actor/lib/test/auto/BusActors.xml
4 ms. Memory: 283648K Free: 82034K (29%)
----------------- Invoking toplevel() on ptolemy.moml.MoMLSimpleApplication@1de4a084
----------------- Done invoking toplevel() on ptolemy.moml.MoMLSimpleApplication@1de4a084
reloadAllAccessors: .BusActors

===========================================================================================
----------------- testing Fri Aug 06 02:08:38 UTC 2021 /home/travis/build/icyphy/ptII/ptolemy/actor/lib/test/auto/ClassWrapper.xml
----------------- Instantiating /home/travis/build/icyphy/ptII/ptolemy/actor/lib/test/auto/ClassWrapper.xml
4 ms. Memory: 283648K Free: 77938K (27%)
----------------- Invoking toplevel() on ptolemy.moml.MoMLSimpleApplication@5f5eefa7
----------------- Done invoking toplevel() on ptolemy.moml.MoMLSimpleApplication@5f5eefa7
reloadAllAccessors: .ClassWrapper

===========================================================================================
----------------- testing Fri Aug 06 02:08:38 UTC 2021 /home/travis/build/icyphy/ptII/ptolemy/actor/lib/test/auto/Clock.xml
----------------- Instantiating /home/travis/build/icyphy/ptII/ptolemy/actor/lib/test/auto/Clock.xml
1 ms. Memory: 283648K Free: 73842K (26%)
----------------- Invoking toplevel() on ptolemy.moml.MoMLSimpleApplication@6313059e
----------------- Done invoking toplevel() on ptolemy.moml.MoMLSimpleApplication@6313059e
reloadAllAccessors: .Clock

===========================================================================================
----------------- testing Fri Aug 06 02:08:38 UTC 2021 /home/travis/build/icyphy/ptII/ptolemy/actor/lib/test/auto/Clock10.xml
----------------- Instantiating /home/travis/build/icyphy/ptII/ptolemy/actor/lib/test/auto/Clock10.xml
22 ms. Memory: 283648K Free: 231465K (82%)
----------------- Invoking toplevel() on ptolemy.moml.MoMLSimpleApplication@7a78d038
----------------- Done invoking toplevel() on ptolemy.moml.MoMLSimpleApplication@7a78d038
reloadAllAccessors: .Clock10

===========================================================================================
----------------- testing Fri Aug 06 02:08:38 UTC 2021 /home/travis/build/icyphy/ptII/ptolemy/actor/lib/test/auto/Clock11.xml
----------------- Instantiating /home/travis/build/icyphy/ptII/ptolemy/actor/lib/test/auto/Clock11.xml
4 ms. Memory: 283648K Free: 225073K (79%)
----------------- Invoking toplevel() on ptolemy.moml.MoMLSimpleApplication@50bec19c
----------------- Done invoking toplevel() on ptolemy.moml.MoMLSimpleApplication@50bec19c
reloadAllAccessors: .Clock11

===========================================================================================
----------------- testing Fri Aug 06 02:08:38 UTC 2021 /home/travis/build/icyphy/ptII/ptolemy/actor/lib/test/auto/Clock12.xml
----------------- Instantiating /home/travis/build/icyphy/ptII/ptolemy/actor/lib/test/auto/Clock12.xml
6 ms. Memory: 283648K Free: 218931K (77%)
----------------- Invoking toplevel() on ptolemy.moml.MoMLSimpleApplication@2af7839f
----------------- Done invoking toplevel() on ptolemy.moml.MoMLSimpleApplication@2af7839f
reloadAllAccessors: .Clock12

===========================================================================================
----------------- testing Fri Aug 06 02:08:38 UTC 2021 /home/travis/build/icyphy/ptII/ptolemy/actor/lib/test/auto/Clock13.xml
----------------- Instantiating /home/travis/build/icyphy/ptII/ptolemy/actor/lib/test/auto/Clock13.xml
4 ms. Memory: 283648K Free: 213301K (75%)
----------------- Invoking toplevel() on ptolemy.moml.MoMLSimpleApplication@7660e77c
----------------- Done invoking toplevel() on ptolemy.moml.MoMLSimpleApplication@7660e77c
reloadAllAccessors: .Clock13

===========================================================================================
----------------- testing Fri Aug 06 02:08:38 UTC 2021 /home/travis/build/icyphy/ptII/ptolemy/actor/lib/test/auto/Clock14.xml
----------------- Instantiating /home/travis/build/icyphy/ptII/ptolemy/actor/lib/test/auto/Clock14.xml
3 ms. Memory: 283648K Free: 207157K (73%)
----------------- Invoking toplevel() on ptolemy.moml.MoMLSimpleApplication@23cc49ed
----------------- Done invoking toplevel() on ptolemy.moml.MoMLSimpleApplication@23cc49ed
reloadAllAccessors: .Clock14

===========================================================================================
----------------- testing Fri Aug 06 02:08:38 UTC 2021 /home/travis/build/icyphy/ptII/ptolemy/actor/lib/test/auto/Clock15.xml
----------------- Instantiating /home/travis/build/icyphy/ptII/ptolemy/actor/lib/test/auto/Clock15.xml
2 ms. Memory: 283648K Free: 201517K (71%)
----------------- Invoking toplevel() on ptolemy.moml.MoMLSimpleApplication@7af94578
----------------- Done invoking toplevel() on ptolemy.moml.MoMLSimpleApplication@7af94578
reloadAllAccessors: .Clock15

===========================================================================================
----------------- testing Fri Aug 06 02:08:38 UTC 2021 /home/travis/build/icyphy/ptII/ptolemy/actor/lib/test/auto/Clock16.xml
----------------- Instantiating /home/travis/build/icyphy/ptII/ptolemy/actor/lib/test/auto/Clock16.xml
25 ms. Memory: 283648K Free: 186661K (66%)
----------------- Invoking toplevel() on ptolemy.moml.MoMLSimpleApplication@58f63185
----------------- Done invoking toplevel() on ptolemy.moml.MoMLSimpleApplication@58f63185
reloadAllAccessors: .Clock16

===========================================================================================
----------------- testing Fri Aug 06 02:08:38 UTC 2021 /home/travis/build/icyphy/ptII/ptolemy/actor/lib/test/auto/Clock17.xml
----------------- Instantiating /home/travis/build/icyphy/ptII/ptolemy/actor/lib/test/auto/Clock17.xml
23 ms. Memory: 283648K Free: 172837K (61%)
----------------- Invoking toplevel() on ptolemy.moml.MoMLSimpleApplication@1de49db4
----------------- Done invoking toplevel() on ptolemy.moml.MoMLSimpleApplication@1de49db4
reloadAllAccessors: .Clock17

===========================================================================================
----------------- testing Fri Aug 06 02:08:38 UTC 2021 /home/travis/build/icyphy/ptII/ptolemy/actor/lib/test/auto/Clock18.xml
----------------- Instantiating /home/travis/build/icyphy/ptII/ptolemy/actor/lib/test/auto/Clock18.xml
21 ms. Memory: 283648K Free: 159525K (56%)
----------------- Invoking toplevel() on ptolemy.moml.MoMLSimpleApplication@60a25abc
----------------- Done invoking toplevel() on ptolemy.moml.MoMLSimpleApplication@60a25abc
reloadAllAccessors: .Clock18

===========================================================================================
----------------- testing Fri Aug 06 02:08:39 UTC 2021 /home/travis/build/icyphy/ptII/ptolemy/actor/lib/test/auto/Clock19.xml
----------------- Instantiating /home/travis/build/icyphy/ptII/ptolemy/actor/lib/test/auto/Clock19.xml
10 ms. Memory: 283648K Free: 146227K (52%)
----------------- Invoking toplevel() on ptolemy.moml.MoMLSimpleApplication@5d906c9c
----------------- Done invoking toplevel() on ptolemy.moml.MoMLSimpleApplication@5d906c9c
reloadAllAccessors: .Clock19

===========================================================================================
----------------- testing Fri Aug 06 02:08:39 UTC 2021 /home/travis/build/icyphy/ptII/ptolemy/actor/lib/test/auto/Clock2.xml
----------------- Instantiating /home/travis/build/icyphy/ptII/ptolemy/actor/lib/test/auto/Clock2.xml
4 ms. Memory: 283648K Free: 141621K (50%)
----------------- Invoking toplevel() on ptolemy.moml.MoMLSimpleApplication@6cbcf195
----------------- Done invoking toplevel() on ptolemy.moml.MoMLSimpleApplication@6cbcf195
reloadAllAccessors: .Clock2

===========================================================================================
----------------- testing Fri Aug 06 02:08:39 UTC 2021 /home/travis/build/icyphy/ptII/ptolemy/actor/lib/test/auto/Clock20.xml
----------------- Instantiating /home/travis/build/icyphy/ptII/ptolemy/actor/lib/test/auto/Clock20.xml
6 ms. Memory: 283648K Free: 135987K (48%)
----------------- Invoking toplevel() on ptolemy.moml.MoMLSimpleApplication@429d2c8c
----------------- Done invoking toplevel() on ptolemy.moml.MoMLSimpleApplication@429d2c8c
reloadAllAccessors: .Clock20

===========================================================================================
----------------- testing Fri Aug 06 02:08:39 UTC 2021 /home/travis/build/icyphy/ptII/ptolemy/actor/lib/test/auto/Clock21.xml
----------------- Instantiating /home/travis/build/icyphy/ptII/ptolemy/actor/lib/test/auto/Clock21.xml
3 ms. Memory: 283648K Free: 130867K (46%)
----------------- Invoking toplevel() on ptolemy.moml.MoMLSimpleApplication@164972e
----------------- Done invoking toplevel() on ptolemy.moml.MoMLSimpleApplication@164972e
reloadAllAccessors: .Clock21

===========================================================================================
----------------- testing Fri Aug 06 02:08:39 UTC 2021 /home/travis/build/icyphy/ptII/ptolemy/actor/lib/test/auto/Clock22.xml
----------------- Instantiating /home/travis/build/icyphy/ptII/ptolemy/actor/lib/test/auto/Clock22.xml
3 ms. Memory: 283648K Free: 125237K (44%)
----------------- Invoking toplevel() on ptolemy.moml.MoMLSimpleApplication@4641bc62
----------------- Done invoking toplevel() on ptolemy.moml.MoMLSimpleApplication@4641bc62
reloadAllAccessors: .Clock22

===========================================================================================
----------------- testing Fri Aug 06 02:08:39 UTC 2021 /home/travis/build/icyphy/ptII/ptolemy/actor/lib/test/auto/Clock23.xml
----------------- Instantiating /home/travis/build/icyphy/ptII/ptolemy/actor/lib/test/auto/Clock23.xml
3 ms. Memory: 283648K Free: 120117K (42%)
----------------- Invoking toplevel() on ptolemy.moml.MoMLSimpleApplication@d1d6c31
----------------- Done invoking toplevel() on ptolemy.moml.MoMLSimpleApplication@d1d6c31
reloadAllAccessors: .Clock23

===========================================================================================
----------------- testing Fri Aug 06 02:08:39 UTC 2021 /home/travis/build/icyphy/ptII/ptolemy/actor/lib/test/auto/Clock24.xml
----------------- Instantiating /home/travis/build/icyphy/ptII/ptolemy/actor/lib/test/auto/Clock24.xml
4 ms. Memory: 283648K Free: 114483K (40%)
----------------- Invoking toplevel() on ptolemy.moml.MoMLSimpleApplication@7c6bd774
----------------- Done invoking toplevel() on ptolemy.moml.MoMLSimpleApplication@7c6bd774
reloadAllAccessors: .Clock24

===========================================================================================
----------------- testing Fri Aug 06 02:08:39 UTC 2021 /home/travis/build/icyphy/ptII/ptolemy/actor/lib/test/auto/Clock4.xml
----------------- Instantiating /home/travis/build/icyphy/ptII/ptolemy/actor/lib/test/auto/Clock4.xml
2 ms. Memory: 283648K Free: 109333K (39%)
----------------- Invoking toplevel() on ptolemy.moml.MoMLSimpleApplication@6111c4b7
----------------- Done invoking toplevel() on ptolemy.moml.MoMLSimpleApplication@6111c4b7
reloadAllAccessors: .Clock4

===========================================================================================
----------------- testing Fri Aug 06 02:08:39 UTC 2021 /home/travis/build/icyphy/ptII/ptolemy/actor/lib/test/auto/Clock5.xml
----------------- Instantiating /home/travis/build/icyphy/ptII/ptolemy/actor/lib/test/auto/Clock5.xml
2 ms. Memory: 283648K Free: 104243K (37%)
----------------- Invoking toplevel() on ptolemy.moml.MoMLSimpleApplication@3de9b5fc
----------------- Done invoking toplevel() on ptolemy.moml.MoMLSimpleApplication@3de9b5fc
reloadAllAccessors: .Clock5

===========================================================================================
----------------- testing Fri Aug 06 02:08:39 UTC 2021 /home/travis/build/icyphy/ptII/ptolemy/actor/lib/test/auto/Clock6.xml
----------------- Instantiating /home/travis/build/icyphy/ptII/ptolemy/actor/lib/test/auto/Clock6.xml
1 ms. Memory: 283648K Free: 100133K (35%)
----------------- Invoking toplevel() on ptolemy.moml.MoMLSimpleApplication@6a6a7fcc
----------------- Done invoking toplevel() on ptolemy.moml.MoMLSimpleApplication@6a6a7fcc
reloadAllAccessors: .Clock6

===========================================================================================
----------------- testing Fri Aug 06 02:08:39 UTC 2021 /home/travis/build/icyphy/ptII/ptolemy/actor/lib/test/auto/Clock7.xml
----------------- Instantiating /home/travis/build/icyphy/ptII/ptolemy/actor/lib/test/auto/Clock7.xml
2 ms. Memory: 283648K Free: 95027K (34%)
----------------- Invoking toplevel() on ptolemy.moml.MoMLSimpleApplication@52c7f707
----------------- Done invoking toplevel() on ptolemy.moml.MoMLSimpleApplication@52c7f707
reloadAllAccessors: .Clock7

===========================================================================================
----------------- testing Fri Aug 06 02:08:39 UTC 2021 /home/travis/build/icyphy/ptII/ptolemy/actor/lib/test/auto/Clock8.xml
----------------- Instantiating /home/travis/build/icyphy/ptII/ptolemy/actor/lib/test/auto/Clock8.xml
2 ms. Memory: 283648K Free: 89397K (32%)
----------------- Invoking toplevel() on ptolemy.moml.MoMLSimpleApplication@74683393
----------------- Done invoking toplevel() on ptolemy.moml.MoMLSimpleApplication@74683393
reloadAllAccessors: .Clock8

===========================================================================================
----------------- testing Fri Aug 06 02:08:39 UTC 2021 /home/travis/build/icyphy/ptII/ptolemy/actor/lib/test/auto/Clock9.xml
----------------- Instantiating /home/travis/build/icyphy/ptII/ptolemy/actor/lib/test/auto/Clock9.xml
3 ms. Memory: 283648K Free: 83757K (30%)
----------------- Invoking toplevel() on ptolemy.moml.MoMLSimpleApplication@4b10687f
----------------- Done invoking toplevel() on ptolemy.moml.MoMLSimpleApplication@4b10687f
reloadAllAccessors: .Clock9

===========================================================================================
----------------- testing Fri Aug 06 02:08:39 UTC 2021 /home/travis/build/icyphy/ptII/ptolemy/actor/lib/test/auto/CommDistDiscard.xml
----------------- Instantiating /home/travis/build/icyphy/ptII/ptolemy/actor/lib/test/auto/CommDistDiscard.xml
3 ms. Memory: 283648K Free: 78643K (28%)
----------------- Invoking toplevel() on ptolemy.moml.MoMLSimpleApplication@8ad61c4
----------------- Done invoking toplevel() on ptolemy.moml.MoMLSimpleApplication@8ad61c4
reloadAllAccessors: .CommDistDiscard

===========================================================================================
----------------- testing Fri Aug 06 02:08:39 UTC 2021 /home/travis/build/icyphy/ptII/ptolemy/actor/lib/test/auto/Commutator.xml
----------------- Instantiating /home/travis/build/icyphy/ptII/ptolemy/actor/lib/test/auto/Commutator.xml
2 ms. Memory: 283648K Free: 74037K (26%)
----------------- Invoking toplevel() on ptolemy.moml.MoMLSimpleApplication@41cfabbe
----------------- Done invoking toplevel() on ptolemy.moml.MoMLSimpleApplication@41cfabbe
reloadAllAccessors: .Commutator

===========================================================================================
----------------- testing Fri Aug 06 02:08:39 UTC 2021 /home/travis/build/icyphy/ptII/ptolemy/actor/lib/test/auto/Commutator2.xml
----------------- Instantiating /home/travis/build/icyphy/ptII/ptolemy/actor/lib/test/auto/Commutator2.xml
1 ms. Memory: 283648K Free: 69941K (25%)
----------------- Invoking toplevel() on ptolemy.moml.MoMLSimpleApplication@469424e6
----------------- Done invoking toplevel() on ptolemy.moml.MoMLSimpleApplication@469424e6
reloadAllAccessors: .Commutator2

===========================================================================================
----------------- testing Fri Aug 06 02:08:39 UTC 2021 /home/travis/build/icyphy/ptII/ptolemy/actor/lib/test/auto/Commutator3.xml
----------------- Instantiating /home/travis/build/icyphy/ptII/ptolemy/actor/lib/test/auto/Commutator3.xml
27 ms. Memory: 460800K Free: 408176K (89%)
----------------- Invoking toplevel() on ptolemy.moml.MoMLSimpleApplication@4a26fa73
----------------- Done invoking toplevel() on ptolemy.moml.MoMLSimpleApplication@4a26fa73
reloadAllAccessors: .Commutator3

===========================================================================================
----------------- testing Fri Aug 06 02:08:39 UTC 2021 /home/travis/build/icyphy/ptII/ptolemy/actor/lib/test/auto/Compare.xml
----------------- Instantiating /home/travis/build/icyphy/ptII/ptolemy/actor/lib/test/auto/Compare.xml
2 ms. Memory: 460800K Free: 401008K (87%)
----------------- Invoking toplevel() on ptolemy.moml.MoMLSimpleApplication@2b3e87e7
----------------- Done invoking toplevel() on ptolemy.moml.MoMLSimpleApplication@2b3e87e7
reloadAllAccessors: .Compare

===========================================================================================
----------------- testing Fri Aug 06 02:08:39 UTC 2021 /home/travis/build/icyphy/ptII/ptolemy/actor/lib/test/auto/CompareDE.xml
----------------- Instantiating /home/travis/build/icyphy/ptII/ptolemy/actor/lib/test/auto/CompareDE.xml
4 ms. Memory: 460800K Free: 394354K (86%)
----------------- Invoking toplevel() on ptolemy.moml.MoMLSimpleApplication@239f28c6
----------------- Done invoking toplevel() on ptolemy.moml.MoMLSimpleApplication@239f28c6
reloadAllAccessors: .CompareDE

===========================================================================================
----------------- testing Fri Aug 06 02:08:39 UTC 2021 /home/travis/build/icyphy/ptII/ptolemy/actor/lib/test/auto/ComplexDivide.xml
----------------- Instantiating /home/travis/build/icyphy/ptII/ptolemy/actor/lib/test/auto/ComplexDivide.xml
2 ms. Memory: 460800K Free: 390258K (85%)
----------------- Invoking toplevel() on ptolemy.moml.MoMLSimpleApplication@3b7de566
----------------- Done invoking toplevel() on ptolemy.moml.MoMLSimpleApplication@3b7de566
reloadAllAccessors: .ComplexDivide

===========================================================================================
----------------- testing Fri Aug 06 02:08:39 UTC 2021 /home/travis/build/icyphy/ptII/ptolemy/actor/lib/test/auto/ComputeHistogram.xml
----------------- Instantiating /home/travis/build/icyphy/ptII/ptolemy/actor/lib/test/auto/ComputeHistogram.xml
28 ms. Memory: 460800K Free: 377456K (82%)
----------------- Invoking toplevel() on ptolemy.moml.MoMLSimpleApplication@4cf83885
----------------- Done invoking toplevel() on ptolemy.moml.MoMLSimpleApplication@4cf83885
reloadAllAccessors: .ComputeHistogram

===========================================================================================
----------------- testing Fri Aug 06 02:08:39 UTC 2021 /home/travis/build/icyphy/ptII/ptolemy/actor/lib/test/auto/ConfigurationSelect.xml
----------------- Instantiating /home/travis/build/icyphy/ptII/ptolemy/actor/lib/test/auto/ConfigurationSelect.xml
3 ms. Memory: 460800K Free: 372305K (81%)
----------------- Invoking toplevel() on ptolemy.moml.MoMLSimpleApplication@53ddc923
----------------- Done invoking toplevel() on ptolemy.moml.MoMLSimpleApplication@53ddc923
reloadAllAccessors: .ConfigurationSelect

===========================================================================================
----------------- testing Fri Aug 06 02:08:39 UTC 2021 /home/travis/build/icyphy/ptII/ptolemy/actor/lib/test/auto/ConfigurationSelect2.xml
----------------- Instantiating /home/travis/build/icyphy/ptII/ptolemy/actor/lib/test/auto/ConfigurationSelect2.xml
2 ms. Memory: 460800K Free: 367730K (80%)
----------------- Invoking toplevel() on ptolemy.moml.MoMLSimpleApplication@1be2f8a7
----------------- Done invoking toplevel() on ptolemy.moml.MoMLSimpleApplication@1be2f8a7
reloadAllAccessors: .ConfigurationSelect2

===========================================================================================
----------------- testing Fri Aug 06 02:08:39 UTC 2021 /home/travis/build/icyphy/ptII/ptolemy/actor/lib/test/auto/ConfigurationSwitch.xml
----------------- Instantiating /home/travis/build/icyphy/ptII/ptolemy/actor/lib/test/auto/ConfigurationSwitch.xml
2 ms. Memory: 460800K Free: 362096K (79%)
----------------- Invoking toplevel() on ptolemy.moml.MoMLSimpleApplication@7d5a39b7
----------------- Done invoking toplevel() on ptolemy.moml.MoMLSimpleApplication@7d5a39b7
reloadAllAccessors: .ConfigurationSwitch

===========================================================================================
----------------- testing Fri Aug 06 02:08:39 UTC 2021 /home/travis/build/icyphy/ptII/ptolemy/actor/lib/test/auto/ConfigurationSwitch2.xml
----------------- Instantiating /home/travis/build/icyphy/ptII/ptolemy/actor/lib/test/auto/ConfigurationSwitch2.xml
2 ms. Memory: 460800K Free: 356976K (77%)
----------------- Invoking toplevel() on ptolemy.moml.MoMLSimpleApplication@2631513e
----------------- Done invoking toplevel() on ptolemy.moml.MoMLSimpleApplication@2631513e
reloadAllAccessors: .ConfigurationSwitch2

===========================================================================================
----------------- testing Fri Aug 06 02:08:39 UTC 2021 /home/travis/build/icyphy/ptII/ptolemy/actor/lib/test/auto/ConfigurationSwitchCloningBugWithClassRelationGroup.xml
----------------- Instantiating /home/travis/build/icyphy/ptII/ptolemy/actor/lib/test/auto/ConfigurationSwitchCloningBugWithClassRelationGroup.xml
2 ms. Memory: 460800K Free: 350322K (76%)
----------------- Invoking toplevel() on ptolemy.moml.MoMLSimpleApplication@10354527
----------------- Done invoking toplevel() on ptolemy.moml.MoMLSimpleApplication@10354527
reloadAllAccessors: .ConfigurationSwitchCloningBugWithClassRelationGroup

===========================================================================================
----------------- testing Fri Aug 06 02:08:39 UTC 2021 /home/travis/build/icyphy/ptII/ptolemy/actor/lib/test/auto/ConfigurationSwitchSelectSDF.xml
----------------- Instantiating /home/travis/build/icyphy/ptII/ptolemy/actor/lib/test/auto/ConfigurationSwitchSelectSDF.xml
4 ms. Memory: 460800K Free: 344688K (75%)
----------------- Invoking toplevel() on ptolemy.moml.MoMLSimpleApplication@717b67c6
----------------- Done invoking toplevel() on ptolemy.moml.MoMLSimpleApplication@717b67c6
reloadAllAccessors: .ConfigurationSwitchSelectSDF

===========================================================================================
----------------- testing Fri Aug 06 02:08:39 UTC 2021 /home/travis/build/icyphy/ptII/ptolemy/actor/lib/test/auto/ConfigurationSwitchSelectSDF2.xml
----------------- Instantiating /home/travis/build/icyphy/ptII/ptolemy/actor/lib/test/auto/ConfigurationSwitchSelectSDF2.xml
2 ms. Memory: 460800K Free: 339058K (74%)
----------------- Invoking toplevel() on ptolemy.moml.MoMLSimpleApplication@690e198a
----------------- Done invoking toplevel() on ptolemy.moml.MoMLSimpleApplication@690e198a
reloadAllAccessors: .ConfigurationSwitchSelectSDF2

===========================================================================================
----------------- testing Fri Aug 06 02:08:39 UTC 2021 /home/travis/build/icyphy/ptII/ptolemy/actor/lib/test/auto/Const.xml
----------------- Instantiating /home/travis/build/icyphy/ptII/ptolemy/actor/lib/test/auto/Const.xml
2 ms. Memory: 460800K Free: 335472K (73%)
----------------- Invoking toplevel() on ptolemy.moml.MoMLSimpleApplication@24538bef
----------------- Done invoking toplevel() on ptolemy.moml.MoMLSimpleApplication@24538bef
reloadAllAccessors: .Const

===========================================================================================
----------------- testing Fri Aug 06 02:08:39 UTC 2021 /home/travis/build/icyphy/ptII/ptolemy/actor/lib/test/auto/Const2.xml
----------------- Instantiating /home/travis/build/icyphy/ptII/ptolemy/actor/lib/test/auto/Const2.xml
2 ms. Memory: 460800K Free: 331890K (72%)
----------------- Invoking toplevel() on ptolemy.moml.MoMLSimpleApplication@6a6325da
----------------- Done invoking toplevel() on ptolemy.moml.MoMLSimpleApplication@6a6325da
reloadAllAccessors: .Const2

===========================================================================================
----------------- testing Fri Aug 06 02:08:39 UTC 2021 /home/travis/build/icyphy/ptII/ptolemy/actor/lib/test/auto/Const3.xml
----------------- Instantiating /home/travis/build/icyphy/ptII/ptolemy/actor/lib/test/auto/Const3.xml
1 ms. Memory: 460800K Free: 328818K (71%)
----------------- Invoking toplevel() on ptolemy.moml.MoMLSimpleApplication@694168d
----------------- Done invoking toplevel() on ptolemy.moml.MoMLSimpleApplication@694168d
reloadAllAccessors: .Const3

===========================================================================================
----------------- testing Fri Aug 06 02:08:39 UTC 2021 /home/travis/build/icyphy/ptII/ptolemy/actor/lib/test/auto/ConstantPublisherPort1.xml
----------------- Instantiating /home/travis/build/icyphy/ptII/ptolemy/actor/lib/test/auto/ConstantPublisherPort1.xml
6 ms. Memory: 460800K Free: 319602K (69%)
----------------- Invoking toplevel() on ptolemy.moml.MoMLSimpleApplication@6f869271
----------------- Done invoking toplevel() on ptolemy.moml.MoMLSimpleApplication@6f869271
reloadAllAccessors: .ConstantPublisherPort1

===========================================================================================
----------------- testing Fri Aug 06 02:08:39 UTC 2021 /home/travis/build/icyphy/ptII/ptolemy/actor/lib/test/auto/ConstantPublisherPort2.xml
----------------- Instantiating /home/travis/build/icyphy/ptII/ptolemy/actor/lib/test/auto/ConstantPublisherPort2.xml
14 ms. Memory: 460800K Free: 312434K (68%)
----------------- Invoking toplevel() on ptolemy.moml.MoMLSimpleApplication@5a9d3c59
----------------- Done invoking toplevel() on ptolemy.moml.MoMLSimpleApplication@5a9d3c59
reloadAllAccessors: .ConstantPublisherPort2

===========================================================================================
----------------- testing Fri Aug 06 02:08:39 UTC 2021 /home/travis/build/icyphy/ptII/ptolemy/actor/lib/test/auto/ConstantPublisherPort3.xml
----------------- Instantiating /home/travis/build/icyphy/ptII/ptolemy/actor/lib/test/auto/ConstantPublisherPort3.xml
5 ms. Memory: 460800K Free: 304752K (66%)
----------------- Invoking toplevel() on ptolemy.moml.MoMLSimpleApplication@5deec211
----------------- Done invoking toplevel() on ptolemy.moml.MoMLSimpleApplication@5deec211
reloadAllAccessors: .ConstantPublisherPort3

===========================================================================================
----------------- testing Fri Aug 06 02:08:39 UTC 2021 /home/travis/build/icyphy/ptII/ptolemy/actor/lib/test/auto/ConstantPublisherPort4.xml
----------------- Instantiating /home/travis/build/icyphy/ptII/ptolemy/actor/lib/test/auto/ConstantPublisherPort4.xml
4 ms. Memory: 460800K Free: 297584K (65%)
----------------- Invoking toplevel() on ptolemy.moml.MoMLSimpleApplication@219db770
----------------- Done invoking toplevel() on ptolemy.moml.MoMLSimpleApplication@219db770
reloadAllAccessors: .ConstantPublisherPort4

===========================================================================================
----------------- testing Fri Aug 06 02:08:39 UTC 2021 /home/travis/build/icyphy/ptII/ptolemy/actor/lib/test/auto/ConstantPublisherPort5.xml
----------------- Instantiating /home/travis/build/icyphy/ptII/ptolemy/actor/lib/test/auto/ConstantPublisherPort5.xml
25 ms. Memory: 460800K Free: 288368K (63%)
----------------- Invoking toplevel() on ptolemy.moml.MoMLSimpleApplication@502d111c
----------------- Done invoking toplevel() on ptolemy.moml.MoMLSimpleApplication@502d111c
reloadAllAccessors: .ConstantPublisherPort5

===========================================================================================
----------------- testing Fri Aug 06 02:08:39 UTC 2021 /home/travis/build/icyphy/ptII/ptolemy/actor/lib/test/auto/ConstantPublisherPort6.xml
----------------- Instantiating /home/travis/build/icyphy/ptII/ptolemy/actor/lib/test/auto/ConstantPublisherPort6.xml
17 ms. Memory: 460800K Free: 278642K (60%)
----------------- Invoking toplevel() on ptolemy.moml.MoMLSimpleApplication@79cfb83a
----------------- Done invoking toplevel() on ptolemy.moml.MoMLSimpleApplication@79cfb83a
reloadAllAccessors: .ConstantPublisherPort6

===========================================================================================
----------------- testing Fri Aug 06 02:08:39 UTC 2021 /home/travis/build/icyphy/ptII/ptolemy/actor/lib/test/auto/ConstantPublisherPort7.xml
----------------- Instantiating /home/travis/build/icyphy/ptII/ptolemy/actor/lib/test/auto/ConstantPublisherPort7.xml
17 ms. Memory: 460800K Free: 268912K (58%)
----------------- Invoking toplevel() on ptolemy.moml.MoMLSimpleApplication@5c91058c
----------------- Done invoking toplevel() on ptolemy.moml.MoMLSimpleApplication@5c91058c
reloadAllAccessors: .ConstantPublisherPort7

===========================================================================================
----------------- testing Fri Aug 06 02:08:39 UTC 2021 /home/travis/build/icyphy/ptII/ptolemy/actor/lib/test/auto/ConstraintMonitor1.xml
----------------- Instantiating /home/travis/build/icyphy/ptII/ptolemy/actor/lib/test/auto/ConstraintMonitor1.xml
8 ms. Memory: 460800K Free: 263792K (57%)
----------------- Invoking toplevel() on ptolemy.moml.MoMLSimpleApplication@49a150c0
----------------- Done invoking toplevel() on ptolemy.moml.MoMLSimpleApplication@49a150c0
reloadAllAccessors: .ConstraintMonitor1

===========================================================================================
----------------- testing Fri Aug 06 02:08:39 UTC 2021 /home/travis/build/icyphy/ptII/ptolemy/actor/lib/test/auto/ConstraintMonitor2.xml
----------------- Instantiating /home/travis/build/icyphy/ptII/ptolemy/actor/lib/test/auto/ConstraintMonitor2.xml
2 ms. Memory: 460800K Free: 259186K (56%)
----------------- Invoking toplevel() on ptolemy.moml.MoMLSimpleApplication@6703a77c
----------------- Done invoking toplevel() on ptolemy.moml.MoMLSimpleApplication@6703a77c
reloadAllAccessors: .ConstraintMonitor2

===========================================================================================
----------------- testing Fri Aug 06 02:08:39 UTC 2021 /home/travis/build/icyphy/ptII/ptolemy/actor/lib/test/auto/ConstraintMonitor3.xml
----------------- Instantiating /home/travis/build/icyphy/ptII/ptolemy/actor/lib/test/auto/ConstraintMonitor3.xml
4 ms. Memory: 460800K Free: 254066K (55%)
----------------- Invoking toplevel() on ptolemy.moml.MoMLSimpleApplication@5d3eb9fa
----------------- Done invoking toplevel() on ptolemy.moml.MoMLSimpleApplication@5d3eb9fa
reloadAllAccessors: .ConstraintMonitor3

===========================================================================================
----------------- testing Fri Aug 06 02:08:39 UTC 2021 /home/travis/build/icyphy/ptII/ptolemy/actor/lib/test/auto/ConstraintMonitor4.xml
----------------- Instantiating /home/travis/build/icyphy/ptII/ptolemy/actor/lib/test/auto/ConstraintMonitor4.xml
2 ms. Memory: 460800K Free: 249456K (54%)
----------------- Invoking toplevel() on ptolemy.moml.MoMLSimpleApplication@1675386a
----------------- Done invoking toplevel() on ptolemy.moml.MoMLSimpleApplication@1675386a
reloadAllAccessors: .ConstraintMonitor4

===========================================================================================
----------------- testing Fri Aug 06 02:08:40 UTC 2021 /home/travis/build/icyphy/ptII/ptolemy/actor/lib/test/auto/ConstraintMonitor5.xml
----------------- Instantiating /home/travis/build/icyphy/ptII/ptolemy/actor/lib/test/auto/ConstraintMonitor5.xml
6 ms. Memory: 460800K Free: 244336K (53%)
----------------- Invoking toplevel() on ptolemy.moml.MoMLSimpleApplication@6c064f16
----------------- Done invoking toplevel() on ptolemy.moml.MoMLSimpleApplication@6c064f16
reloadAllAccessors: .ConstraintMonitor5

===========================================================================================
----------------- testing Fri Aug 06 02:08:40 UTC 2021 /home/travis/build/icyphy/ptII/ptolemy/actor/lib/test/auto/ConstraintMonitor6.xml
----------------- Instantiating /home/travis/build/icyphy/ptII/ptolemy/actor/lib/test/auto/ConstraintMonitor6.xml
3 ms. Memory: 460800K Free: 237682K (52%)
----------------- Invoking toplevel() on ptolemy.moml.MoMLSimpleApplication@5b234502
----------------- Done invoking toplevel() on ptolemy.moml.MoMLSimpleApplication@5b234502
reloadAllAccessors: .ConstraintMonitor6

===========================================================================================
----------------- testing Fri Aug 06 02:08:40 UTC 2021 /home/travis/build/icyphy/ptII/ptolemy/actor/lib/test/auto/ConstraintMonitor7.xml
----------------- Instantiating /home/travis/build/icyphy/ptII/ptolemy/actor/lib/test/auto/ConstraintMonitor7.xml
6 ms. Memory: 460800K Free: 232041K (50%)
----------------- Invoking toplevel() on ptolemy.moml.MoMLSimpleApplication@7bccf3a5
----------------- Done invoking toplevel() on ptolemy.moml.MoMLSimpleApplication@7bccf3a5
reloadAllAccessors: .ConstraintMonitor7

===========================================================================================
----------------- testing Fri Aug 06 02:08:40 UTC 2021 /home/travis/build/icyphy/ptII/ptolemy/actor/lib/test/auto/ConstraintMonitor8.xml
----------------- Instantiating /home/travis/build/icyphy/ptII/ptolemy/actor/lib/test/auto/ConstraintMonitor8.xml
4 ms. Memory: 460800K Free: 224370K (49%)
----------------- Invoking toplevel() on ptolemy.moml.MoMLSimpleApplication@29dcaa02
----------------- Done invoking toplevel() on ptolemy.moml.MoMLSimpleApplication@29dcaa02
reloadAllAccessors: .ConstraintMonitor8

===========================================================================================
----------------- testing Fri Aug 06 02:08:40 UTC 2021 /home/travis/build/icyphy/ptII/ptolemy/actor/lib/test/auto/Counter.xml
----------------- Instantiating /home/travis/build/icyphy/ptII/ptolemy/actor/lib/test/auto/Counter.xml
2 ms. Memory: 460800K Free: 219248K (48%)
----------------- Invoking toplevel() on ptolemy.moml.MoMLSimpleApplication@b4e0faa
----------------- Done invoking toplevel() on ptolemy.moml.MoMLSimpleApplication@b4e0faa
reloadAllAccessors: .Counter

===========================================================================================
----------------- testing Fri Aug 06 02:08:40 UTC 2021 /home/travis/build/icyphy/ptII/ptolemy/actor/lib/test/auto/CurrentTimeSDF.xml
----------------- Instantiating /home/travis/build/icyphy/ptII/ptolemy/actor/lib/test/auto/CurrentTimeSDF.xml
1 ms. Memory: 460800K Free: 215664K (47%)
----------------- Invoking toplevel() on ptolemy.moml.MoMLSimpleApplication@3ea56e9
----------------- Done invoking toplevel() on ptolemy.moml.MoMLSimpleApplication@3ea56e9
reloadAllAccessors: .CurrentTimeSDF

===========================================================================================
----------------- testing Fri Aug 06 02:08:40 UTC 2021 /home/travis/build/icyphy/ptII/ptolemy/actor/lib/test/auto/DB.xml
----------------- Instantiating /home/travis/build/icyphy/ptII/ptolemy/actor/lib/test/auto/DB.xml
2 ms. Memory: 460800K Free: 210544K (46%)
----------------- Invoking toplevel() on ptolemy.moml.MoMLSimpleApplication@4f7cfa7f
----------------- Done invoking toplevel() on ptolemy.moml.MoMLSimpleApplication@4f7cfa7f
reloadAllAccessors: .DB

===========================================================================================
----------------- testing Fri Aug 06 02:08:40 UTC 2021 /home/travis/build/icyphy/ptII/ptolemy/actor/lib/test/auto/DBDE.xml
----------------- Instantiating /home/travis/build/icyphy/ptII/ptolemy/actor/lib/test/auto/DBDE.xml
1 ms. Memory: 460800K Free: 204385K (44%)
----------------- Invoking toplevel() on ptolemy.moml.MoMLSimpleApplication@1c07c780
----------------- Done invoking toplevel() on ptolemy.moml.MoMLSimpleApplication@1c07c780
reloadAllAccessors: .DBDE

===========================================================================================
----------------- testing Fri Aug 06 02:08:40 UTC 2021 /home/travis/build/icyphy/ptII/ptolemy/actor/lib/test/auto/DateConstructor.xml
----------------- Instantiating /home/travis/build/icyphy/ptII/ptolemy/actor/lib/test/auto/DateConstructor.xml
27 ms. Memory: 460800K Free: 186992K (41%)
----------------- Invoking toplevel() on ptolemy.moml.MoMLSimpleApplication@3d95949e
----------------- Done invoking toplevel() on ptolemy.moml.MoMLSimpleApplication@3d95949e
reloadAllAccessors: .DateConstructor

===========================================================================================
----------------- testing Fri Aug 06 02:08:40 UTC 2021 /home/travis/build/icyphy/ptII/ptolemy/actor/lib/test/auto/DelayTime.xml
----------------- Instantiating /home/travis/build/icyphy/ptII/ptolemy/actor/lib/test/auto/DelayTime.xml
5 ms. Memory: 460800K Free: 182386K (40%)
----------------- Invoking toplevel() on ptolemy.moml.MoMLSimpleApplication@7ea2c18a
----------------- Done invoking toplevel() on ptolemy.moml.MoMLSimpleApplication@7ea2c18a
reloadAllAccessors: .DelayTime

===========================================================================================
----------------- testing Fri Aug 06 02:08:40 UTC 2021 /home/travis/build/icyphy/ptII/ptolemy/actor/lib/test/auto/Dictionary1.xml
----------------- Instantiating /home/travis/build/icyphy/ptII/ptolemy/actor/lib/test/auto/Dictionary1.xml
2 ms. Memory: 460800K Free: 176752K (38%)
----------------- Invoking toplevel() on ptolemy.moml.MoMLSimpleApplication@e041225
----------------- Done invoking toplevel() on ptolemy.moml.MoMLSimpleApplication@e041225
reloadAllAccessors: .Dictionary1

===========================================================================================
----------------- testing Fri Aug 06 02:08:40 UTC 2021 /home/travis/build/icyphy/ptII/ptolemy/actor/lib/test/auto/Dictionary2.xml
----------------- Instantiating /home/travis/build/icyphy/ptII/ptolemy/actor/lib/test/auto/Dictionary2.xml
2 ms. Memory: 460800K Free: 403200K (88%)
----------------- Invoking toplevel() on ptolemy.moml.MoMLSimpleApplication@3969dd7
----------------- Done invoking toplevel() on ptolemy.moml.MoMLSimpleApplication@3969dd7
reloadAllAccessors: .Dictionary2

===========================================================================================
----------------- testing Fri Aug 06 02:08:40 UTC 2021 /home/travis/build/icyphy/ptII/ptolemy/actor/lib/test/auto/Dictionary3.xml
----------------- Instantiating /home/travis/build/icyphy/ptII/ptolemy/actor/lib/test/auto/Dictionary3.xml
1 ms. Memory: 460800K Free: 398080K (86%)
----------------- Invoking toplevel() on ptolemy.moml.MoMLSimpleApplication@22487972
----------------- Done invoking toplevel() on ptolemy.moml.MoMLSimpleApplication@22487972
reloadAllAccessors: .Dictionary3

===========================================================================================
----------------- testing Fri Aug 06 02:08:40 UTC 2021 /home/travis/build/icyphy/ptII/ptolemy/actor/lib/test/auto/Dictionary4.xml
----------------- Instantiating /home/travis/build/icyphy/ptII/ptolemy/actor/lib/test/auto/Dictionary4.xml
2 ms. Memory: 460800K Free: 390912K (85%)
----------------- Invoking toplevel() on ptolemy.moml.MoMLSimpleApplication@a590a30
----------------- Done invoking toplevel() on ptolemy.moml.MoMLSimpleApplication@a590a30
reloadAllAccessors: .Dictionary4

===========================================================================================
----------------- testing Fri Aug 06 02:08:40 UTC 2021 /home/travis/build/icyphy/ptII/ptolemy/actor/lib/test/auto/Differential.xml
----------------- Instantiating /home/travis/build/icyphy/ptII/ptolemy/actor/lib/test/auto/Differential.xml
1 ms. Memory: 460800K Free: 386302K (84%)
----------------- Invoking toplevel() on ptolemy.moml.MoMLSimpleApplication@3e802adf
----------------- Done invoking toplevel() on ptolemy.moml.MoMLSimpleApplication@3e802adf
reloadAllAccessors: .Differential

===========================================================================================
----------------- testing Fri Aug 06 02:08:40 UTC 2021 /home/travis/build/icyphy/ptII/ptolemy/actor/lib/test/auto/Director.xml
----------------- Instantiating /home/travis/build/icyphy/ptII/ptolemy/actor/lib/test/auto/Director.xml
4 ms. Memory: 460800K Free: 382720K (83%)
----------------- Invoking toplevel() on ptolemy.moml.MoMLSimpleApplication@5195ed01
----------------- Done invoking toplevel() on ptolemy.moml.MoMLSimpleApplication@5195ed01
reloadAllAccessors: .Director

===========================================================================================
----------------- testing Fri Aug 06 02:08:40 UTC 2021 /home/travis/build/icyphy/ptII/ptolemy/actor/lib/test/auto/DiscreteClock.xml
----------------- Instantiating /home/travis/build/icyphy/ptII/ptolemy/actor/lib/test/auto/DiscreteClock.xml
1 ms. Memory: 460800K Free: 379134K (82%)
----------------- Invoking toplevel() on ptolemy.moml.MoMLSimpleApplication@26d397cb
----------------- Done invoking toplevel() on ptolemy.moml.MoMLSimpleApplication@26d397cb
reloadAllAccessors: .DiscreteClock

===========================================================================================
----------------- testing Fri Aug 06 02:08:40 UTC 2021 /home/travis/build/icyphy/ptII/ptolemy/actor/lib/test/auto/DiscreteClock10.xml
----------------- Instantiating /home/travis/build/icyphy/ptII/ptolemy/actor/lib/test/auto/DiscreteClock10.xml
4 ms. Memory: 460800K Free: 372990K (81%)
----------------- Invoking toplevel() on ptolemy.moml.MoMLSimpleApplication@b970e97
----------------- Done invoking toplevel() on ptolemy.moml.MoMLSimpleApplication@b970e97
reloadAllAccessors: .DiscreteClock10

===========================================================================================
----------------- testing Fri Aug 06 02:08:40 UTC 2021 /home/travis/build/icyphy/ptII/ptolemy/actor/lib/test/auto/DiscreteClock11.xml
----------------- Instantiating /home/travis/build/icyphy/ptII/ptolemy/actor/lib/test/auto/DiscreteClock11.xml
2 ms. Memory: 460800K Free: 366846K (80%)
----------------- Invoking toplevel() on ptolemy.moml.MoMLSimpleApplication@355fa287
----------------- Done invoking toplevel() on ptolemy.moml.MoMLSimpleApplication@355fa287
reloadAllAccessors: .DiscreteClock11

===========================================================================================
----------------- testing Fri Aug 06 02:08:40 UTC 2021 /home/travis/build/icyphy/ptII/ptolemy/actor/lib/test/auto/DiscreteClock12.xml
----------------- Instantiating /home/travis/build/icyphy/ptII/ptolemy/actor/lib/test/auto/DiscreteClock12.xml
2 ms. Memory: 460800K Free: 361216K (78%)
----------------- Invoking toplevel() on ptolemy.moml.MoMLSimpleApplication@7f265130
----------------- Done invoking toplevel() on ptolemy.moml.MoMLSimpleApplication@7f265130
reloadAllAccessors: .DiscreteClock12

===========================================================================================
----------------- testing Fri Aug 06 02:08:40 UTC 2021 /home/travis/build/icyphy/ptII/ptolemy/actor/lib/test/auto/DiscreteClock13.xml
----------------- Instantiating /home/travis/build/icyphy/ptII/ptolemy/actor/lib/test/auto/DiscreteClock13.xml
2 ms. Memory: 460800K Free: 355072K (77%)
----------------- Invoking toplevel() on ptolemy.moml.MoMLSimpleApplication@4bee695a
----------------- Done invoking toplevel() on ptolemy.moml.MoMLSimpleApplication@4bee695a
reloadAllAccessors: .DiscreteClock13

===========================================================================================
----------------- testing Fri Aug 06 02:08:40 UTC 2021 /home/travis/build/icyphy/ptII/ptolemy/actor/lib/test/auto/DiscreteClock14.xml
----------------- Instantiating /home/travis/build/icyphy/ptII/ptolemy/actor/lib/test/auto/DiscreteClock14.xml
2 ms. Memory: 460800K Free: 348928K (76%)
----------------- Invoking toplevel() on ptolemy.moml.MoMLSimpleApplication@21285188
----------------- Done invoking toplevel() on ptolemy.moml.MoMLSimpleApplication@21285188
reloadAllAccessors: .DiscreteClock14

===========================================================================================
----------------- testing Fri Aug 06 02:08:40 UTC 2021 /home/travis/build/icyphy/ptII/ptolemy/actor/lib/test/auto/DiscreteClock15.xml
----------------- Instantiating /home/travis/build/icyphy/ptII/ptolemy/actor/lib/test/auto/DiscreteClock15.xml
2 ms. Memory: 460800K Free: 342784K (74%)
----------------- Invoking toplevel() on ptolemy.moml.MoMLSimpleApplication@727b5b3c
----------------- Done invoking toplevel() on ptolemy.moml.MoMLSimpleApplication@727b5b3c
reloadAllAccessors: .DiscreteClock15

===========================================================================================
----------------- testing Fri Aug 06 02:08:40 UTC 2021 /home/travis/build/icyphy/ptII/ptolemy/actor/lib/test/auto/DiscreteClock16.xml
----------------- Instantiating /home/travis/build/icyphy/ptII/ptolemy/actor/lib/test/auto/DiscreteClock16.xml
14 ms. Memory: 460800K Free: 329472K (72%)
----------------- Invoking toplevel() on ptolemy.moml.MoMLSimpleApplication@33560414
----------------- Done invoking toplevel() on ptolemy.moml.MoMLSimpleApplication@33560414
reloadAllAccessors: .DiscreteClock16

===========================================================================================
----------------- testing Fri Aug 06 02:08:40 UTC 2021 /home/travis/build/icyphy/ptII/ptolemy/actor/lib/test/auto/DiscreteClock17.xml
----------------- Instantiating /home/travis/build/icyphy/ptII/ptolemy/actor/lib/test/auto/DiscreteClock17.xml
17 ms. Memory: 460800K Free: 314608K (68%)
----------------- Invoking toplevel() on ptolemy.moml.MoMLSimpleApplication@55dd5ab4
----------------- Done invoking toplevel() on ptolemy.moml.MoMLSimpleApplication@55dd5ab4
reloadAllAccessors: .DiscreteClock17

===========================================================================================
----------------- testing Fri Aug 06 02:08:40 UTC 2021 /home/travis/build/icyphy/ptII/ptolemy/actor/lib/test/auto/DiscreteClock18.xml
----------------- Instantiating /home/travis/build/icyphy/ptII/ptolemy/actor/lib/test/auto/DiscreteClock18.xml
18 ms. Memory: 460800K Free: 300800K (65%)
----------------- Invoking toplevel() on ptolemy.moml.MoMLSimpleApplication@16d988a6
----------------- Done invoking toplevel() on ptolemy.moml.MoMLSimpleApplication@16d988a6
reloadAllAccessors: .DiscreteClock18

===========================================================================================
----------------- testing Fri Aug 06 02:08:40 UTC 2021 /home/travis/build/icyphy/ptII/ptolemy/actor/lib/test/auto/DiscreteClock19.xml
----------------- Instantiating /home/travis/build/icyphy/ptII/ptolemy/actor/lib/test/auto/DiscreteClock19.xml
21 ms. Memory: 460800K Free: 286974K (62%)
----------------- Invoking toplevel() on ptolemy.moml.MoMLSimpleApplication@1e70edb2
----------------- Done invoking toplevel() on ptolemy.moml.MoMLSimpleApplication@1e70edb2
reloadAllAccessors: .DiscreteClock19

===========================================================================================
----------------- testing Fri Aug 06 02:08:40 UTC 2021 /home/travis/build/icyphy/ptII/ptolemy/actor/lib/test/auto/DiscreteClock2.xml
----------------- Instantiating /home/travis/build/icyphy/ptII/ptolemy/actor/lib/test/auto/DiscreteClock2.xml
1 ms. Memory: 460800K Free: 282368K (61%)
----------------- Invoking toplevel() on ptolemy.moml.MoMLSimpleApplication@337045db
----------------- Done invoking toplevel() on ptolemy.moml.MoMLSimpleApplication@337045db
reloadAllAccessors: .DiscreteClock2

===========================================================================================
----------------- testing Fri Aug 06 02:08:40 UTC 2021 /home/travis/build/icyphy/ptII/ptolemy/actor/lib/test/auto/DiscreteClock20.xml
----------------- Instantiating /home/travis/build/icyphy/ptII/ptolemy/actor/lib/test/auto/DiscreteClock20.xml
6 ms. Memory: 460800K Free: 276734K (60%)
----------------- Invoking toplevel() on ptolemy.moml.MoMLSimpleApplication@c6b4f47
----------------- Done invoking toplevel() on ptolemy.moml.MoMLSimpleApplication@c6b4f47
reloadAllAccessors: .DiscreteClock20

===========================================================================================
----------------- testing Fri Aug 06 02:08:40 UTC 2021 /home/travis/build/icyphy/ptII/ptolemy/actor/lib/test/auto/DiscreteClock21.xml
----------------- Instantiating /home/travis/build/icyphy/ptII/ptolemy/actor/lib/test/auto/DiscreteClock21.xml
2 ms. Memory: 460800K Free: 271104K (59%)
----------------- Invoking toplevel() on ptolemy.moml.MoMLSimpleApplication@6f477a21
----------------- Done invoking toplevel() on ptolemy.moml.MoMLSimpleApplication@6f477a21
reloadAllAccessors: .DiscreteClock21

===========================================================================================
----------------- testing Fri Aug 06 02:08:40 UTC 2021 /home/travis/build/icyphy/ptII/ptolemy/actor/lib/test/auto/DiscreteClock22.xml
----------------- Instantiating /home/travis/build/icyphy/ptII/ptolemy/actor/lib/test/auto/DiscreteClock22.xml
3 ms. Memory: 460800K Free: 265470K (58%)
----------------- Invoking toplevel() on ptolemy.moml.MoMLSimpleApplication@3353d7dd
----------------- Done invoking toplevel() on ptolemy.moml.MoMLSimpleApplication@3353d7dd
reloadAllAccessors: .DiscreteClock22

===========================================================================================
----------------- testing Fri Aug 06 02:08:40 UTC 2021 /home/travis/build/icyphy/ptII/ptolemy/actor/lib/test/auto/DiscreteClock23.xml
----------------- Instantiating /home/travis/build/icyphy/ptII/ptolemy/actor/lib/test/auto/DiscreteClock23.xml
6 ms. Memory: 460800K Free: 260350K (56%)
----------------- Invoking toplevel() on ptolemy.moml.MoMLSimpleApplication@95e37ab
----------------- Done invoking toplevel() on ptolemy.moml.MoMLSimpleApplication@95e37ab
reloadAllAccessors: .DiscreteClock23

===========================================================================================
----------------- testing Fri Aug 06 02:08:40 UTC 2021 /home/travis/build/icyphy/ptII/ptolemy/actor/lib/test/auto/DiscreteClock24.xml
----------------- Instantiating /home/travis/build/icyphy/ptII/ptolemy/actor/lib/test/auto/DiscreteClock24.xml
2 ms. Memory: 460800K Free: 254720K (55%)
----------------- Invoking toplevel() on ptolemy.moml.MoMLSimpleApplication@55e736f
----------------- Done invoking toplevel() on ptolemy.moml.MoMLSimpleApplication@55e736f
reloadAllAccessors: .DiscreteClock24

===========================================================================================
----------------- testing Fri Aug 06 02:08:40 UTC 2021 /home/travis/build/icyphy/ptII/ptolemy/actor/lib/test/auto/DiscreteClock4.xml
----------------- Instantiating /home/travis/build/icyphy/ptII/ptolemy/actor/lib/test/auto/DiscreteClock4.xml
3 ms. Memory: 460800K Free: 249086K (54%)
----------------- Invoking toplevel() on ptolemy.moml.MoMLSimpleApplication@2f362667
----------------- Done invoking toplevel() on ptolemy.moml.MoMLSimpleApplication@2f362667
reloadAllAccessors: .DiscreteClock4

===========================================================================================
----------------- testing Fri Aug 06 02:08:40 UTC 2021 /home/travis/build/icyphy/ptII/ptolemy/actor/lib/test/auto/DiscreteClock5.xml
----------------- Instantiating /home/travis/build/icyphy/ptII/ptolemy/actor/lib/test/auto/DiscreteClock5.xml
1 ms. Memory: 460800K Free: 243952K (53%)
----------------- Invoking toplevel() on ptolemy.moml.MoMLSimpleApplication@718bcd47
----------------- Done invoking toplevel() on ptolemy.moml.MoMLSimpleApplication@718bcd47
reloadAllAccessors: .DiscreteClock5

===========================================================================================
----------------- testing Fri Aug 06 02:08:40 UTC 2021 /home/travis/build/icyphy/ptII/ptolemy/actor/lib/test/auto/DiscreteClock6.xml
----------------- Instantiating /home/travis/build/icyphy/ptII/ptolemy/actor/lib/test/auto/DiscreteClock6.xml
1 ms. Memory: 460800K Free: 239360K (52%)
----------------- Invoking toplevel() on ptolemy.moml.MoMLSimpleApplication@f8dca59
----------------- Done invoking toplevel() on ptolemy.moml.MoMLSimpleApplication@f8dca59
reloadAllAccessors: .DiscreteClock6

===========================================================================================
----------------- testing Fri Aug 06 02:08:40 UTC 2021 /home/travis/build/icyphy/ptII/ptolemy/actor/lib/test/auto/DiscreteClock7.xml
----------------- Instantiating /home/travis/build/icyphy/ptII/ptolemy/actor/lib/test/auto/DiscreteClock7.xml
2 ms. Memory: 460800K Free: 234750K (51%)
----------------- Invoking toplevel() on ptolemy.moml.MoMLSimpleApplication@74a85561
----------------- Done invoking toplevel() on ptolemy.moml.MoMLSimpleApplication@74a85561
reloadAllAccessors: .DiscreteClock7

===========================================================================================
----------------- testing Fri Aug 06 02:08:40 UTC 2021 /home/travis/build/icyphy/ptII/ptolemy/actor/lib/test/auto/DiscreteClock8.xml
----------------- Instantiating /home/travis/build/icyphy/ptII/ptolemy/actor/lib/test/auto/DiscreteClock8.xml
5 ms. Memory: 460800K Free: 229120K (50%)
----------------- Invoking toplevel() on ptolemy.moml.MoMLSimpleApplication@61f4c3d2
----------------- Done invoking toplevel() on ptolemy.moml.MoMLSimpleApplication@61f4c3d2
reloadAllAccessors: .DiscreteClock8

===========================================================================================
----------------- testing Fri Aug 06 02:08:40 UTC 2021 /home/travis/build/icyphy/ptII/ptolemy/actor/lib/test/auto/DiscreteClock9.xml
----------------- Instantiating /home/travis/build/icyphy/ptII/ptolemy/actor/lib/test/auto/DiscreteClock9.xml
4 ms. Memory: 460800K Free: 223456K (48%)
----------------- Invoking toplevel() on ptolemy.moml.MoMLSimpleApplication@2f8345f1
----------------- Done invoking toplevel() on ptolemy.moml.MoMLSimpleApplication@2f8345f1
reloadAllAccessors: .DiscreteClock9

===========================================================================================
----------------- testing Fri Aug 06 02:08:40 UTC 2021 /home/travis/build/icyphy/ptII/ptolemy/actor/lib/test/auto/DisplayArray.xml
----------------- Instantiating /home/travis/build/icyphy/ptII/ptolemy/actor/lib/test/auto/DisplayArray.xml
2 ms. Memory: 460800K Free: 219904K (48%)
----------------- Invoking toplevel() on ptolemy.moml.MoMLSimpleApplication@6234227e
----------------- Done invoking toplevel() on ptolemy.moml.MoMLSimpleApplication@6234227e
reloadAllAccessors: .DisplayArray

===========================================================================================
----------------- testing Fri Aug 06 02:08:40 UTC 2021 /home/travis/build/icyphy/ptII/ptolemy/actor/lib/test/auto/Distributor.xml
----------------- Instantiating /home/travis/build/icyphy/ptII/ptolemy/actor/lib/test/auto/Distributor.xml
1 ms. Memory: 460800K Free: 214784K (47%)
----------------- Invoking toplevel() on ptolemy.moml.MoMLSimpleApplication@4155e1f1
----------------- Done invoking toplevel() on ptolemy.moml.MoMLSimpleApplication@4155e1f1
reloadAllAccessors: .Distributor

===========================================================================================
----------------- testing Fri Aug 06 02:08:40 UTC 2021 /home/travis/build/icyphy/ptII/ptolemy/actor/lib/test/auto/Distributor2.xml
----------------- Instantiating /home/travis/build/icyphy/ptII/ptolemy/actor/lib/test/auto/Distributor2.xml
1 ms. Memory: 460800K Free: 209664K (46%)
----------------- Invoking toplevel() on ptolemy.moml.MoMLSimpleApplication@34777bbf
----------------- Done invoking toplevel() on ptolemy.moml.MoMLSimpleApplication@34777bbf
reloadAllAccessors: .Distributor2

===========================================================================================
----------------- testing Fri Aug 06 02:08:40 UTC 2021 /home/travis/build/icyphy/ptII/ptolemy/actor/lib/test/auto/DownSample.xml
----------------- Instantiating /home/travis/build/icyphy/ptII/ptolemy/actor/lib/test/auto/DownSample.xml
2 ms. Memory: 460800K Free: 205054K (44%)
----------------- Invoking toplevel() on ptolemy.moml.MoMLSimpleApplication@35ba55c3
----------------- Done invoking toplevel() on ptolemy.moml.MoMLSimpleApplication@35ba55c3
reloadAllAccessors: .DownSample

===========================================================================================
----------------- testing Fri Aug 06 02:08:40 UTC 2021 /home/travis/build/icyphy/ptII/ptolemy/actor/lib/test/auto/ElectronicUnitBase1.xml
----------------- Instantiating /home/travis/build/icyphy/ptII/ptolemy/actor/lib/test/auto/ElectronicUnitBase1.xml
13 ms. Memory: 460800K Free: 189694K (41%)
----------------- Invoking toplevel() on ptolemy.moml.MoMLSimpleApplication@71a11eb7
----------------- Done invoking toplevel() on ptolemy.moml.MoMLSimpleApplication@71a11eb7
reloadAllAccessors: .ElectronicUnitBase1

===========================================================================================
----------------- testing Fri Aug 06 02:08:41 UTC 2021 /home/travis/build/icyphy/ptII/ptolemy/actor/lib/test/auto/ElementsToArray.xml
----------------- Instantiating /home/travis/build/icyphy/ptII/ptolemy/actor/lib/test/auto/ElementsToArray.xml
2 ms. Memory: 460800K Free: 184574K (40%)
----------------- Invoking toplevel() on ptolemy.moml.MoMLSimpleApplication@51ed48c0
----------------- Done invoking toplevel() on ptolemy.moml.MoMLSimpleApplication@51ed48c0
reloadAllAccessors: .ElementsToArray

===========================================================================================
----------------- testing Fri Aug 06 02:08:41 UTC 2021 /home/travis/build/icyphy/ptII/ptolemy/actor/lib/test/auto/Equals.xml
----------------- Instantiating /home/travis/build/icyphy/ptII/ptolemy/actor/lib/test/auto/Equals.xml
2 ms. Memory: 460800K Free: 179968K (39%)
----------------- Invoking toplevel() on ptolemy.moml.MoMLSimpleApplication@30255646
----------------- Done invoking toplevel() on ptolemy.moml.MoMLSimpleApplication@30255646
reloadAllAccessors: .Equals

===========================================================================================
----------------- testing Fri Aug 06 02:08:41 UTC 2021 /home/travis/build/icyphy/ptII/ptolemy/actor/lib/test/auto/Exec.xml
----------------- Instantiating /home/travis/build/icyphy/ptII/ptolemy/actor/lib/test/auto/Exec.xml
15 ms. Memory: 460800K Free: 173824K (38%)
----------------- Invoking toplevel() on ptolemy.moml.MoMLSimpleApplication@307b2b9c
----------------- Done invoking toplevel() on ptolemy.moml.MoMLSimpleApplication@307b2b9c
reloadAllAccessors: .Exec

===========================================================================================
----------------- testing Fri Aug 06 02:08:41 UTC 2021 /home/travis/build/icyphy/ptII/ptolemy/actor/lib/test/auto/ExecEnvironment.xml
----------------- Instantiating /home/travis/build/icyphy/ptII/ptolemy/actor/lib/test/auto/ExecEnvironment.xml
17 ms. Memory: 460800K Free: 169200K (37%)
----------------- Invoking toplevel() on ptolemy.moml.MoMLSimpleApplication@5189e64c
----------------- Done invoking toplevel() on ptolemy.moml.MoMLSimpleApplication@5189e64c
reloadAllAccessors: .ExecEnvironment

===========================================================================================
----------------- testing Fri Aug 06 02:08:41 UTC 2021 /home/travis/build/icyphy/ptII/ptolemy/actor/lib/test/auto/ExecNonZeroReturnOutput.xml
----------------- Instantiating /home/travis/build/icyphy/ptII/ptolemy/actor/lib/test/auto/ExecNonZeroReturnOutput.xml
149 ms. Memory: 460800K Free: 157440K (34%)
----------------- Invoking toplevel() on ptolemy.moml.MoMLSimpleApplication@553c5e17
----------------- Done invoking toplevel() on ptolemy.moml.MoMLSimpleApplication@553c5e17
reloadAllAccessors: .ExecNonZeroReturnOutput

===========================================================================================
----------------- testing Fri Aug 06 02:08:41 UTC 2021 /home/travis/build/icyphy/ptII/ptolemy/actor/lib/test/auto/ExecRunDemos.xml
----------------- Instantiating /home/travis/build/icyphy/ptII/ptolemy/actor/lib/test/auto/ExecRunDemos.xml
Finished: 56 ms. Memory: 129024K Free: 112103K (87%)

Finished: 45 ms. Memory: 129024K Free: 109609K (85%)

Finished: 73 ms. Memory: 129024K Free: 109521K (85%)

Finished: 77 ms. Memory: 129024K Free: 111476K (86%)

Finished: 63 ms. Memory: 129024K Free: 112324K (87%)

10082 ms. Memory: 460800K Free: 402546K (87%)
----------------- Invoking toplevel() on ptolemy.moml.MoMLSimpleApplication@1933af30
----------------- Done invoking toplevel() on ptolemy.moml.MoMLSimpleApplication@1933af30
reloadAllAccessors: .ExecRunDemos

===========================================================================================
----------------- testing Fri Aug 06 02:08:51 UTC 2021 /home/travis/build/icyphy/ptII/ptolemy/actor/lib/test/auto/ExecStop.xml
----------------- Instantiating /home/travis/build/icyphy/ptII/ptolemy/actor/lib/test/auto/ExecStop.xml
5023 ms. Memory: 460800K Free: 260720K (57%)
----------------- Invoking toplevel() on ptolemy.moml.MoMLSimpleApplication@3eb24dfc
----------------- Done invoking toplevel() on ptolemy.moml.MoMLSimpleApplication@3eb24dfc
reloadAllAccessors: .ExecStop

===========================================================================================
----------------- testing Fri Aug 06 02:08:56 UTC 2021 /home/travis/build/icyphy/ptII/ptolemy/actor/lib/test/auto/ExecutionTimeSDF.xml
----------------- Instantiating /home/travis/build/icyphy/ptII/ptolemy/actor/lib/test/auto/ExecutionTimeSDF.xml
Fired ExecutionTime: -388567296
Fired ExecutionTime: 1360400000
Fired ExecutionTime: -229767296
6009 ms. Memory: 460800K Free: 247408K (54%)

===========================================================================================
----------------- testing Fri Aug 06 02:09:02 UTC 2021 /home/travis/build/icyphy/ptII/ptolemy/actor/lib/test/auto/Expression1.xml
----------------- Instantiating /home/travis/build/icyphy/ptII/ptolemy/actor/lib/test/auto/Expression1.xml
1 ms. Memory: 460800K Free: 242802K (53%)
----------------- Invoking toplevel() on ptolemy.moml.MoMLSimpleApplication@57b4846
----------------- Done invoking toplevel() on ptolemy.moml.MoMLSimpleApplication@57b4846
reloadAllAccessors: .Expression1

===========================================================================================
----------------- testing Fri Aug 06 02:09:02 UTC 2021 /home/travis/build/icyphy/ptII/ptolemy/actor/lib/test/auto/Expression10.xml
----------------- Instantiating /home/travis/build/icyphy/ptII/ptolemy/actor/lib/test/auto/Expression10.xml
5 ms. Memory: 460800K Free: 237168K (51%)
----------------- Invoking toplevel() on ptolemy.moml.MoMLSimpleApplication@411c98f4
----------------- Done invoking toplevel() on ptolemy.moml.MoMLSimpleApplication@411c98f4
reloadAllAccessors: .Expression10

===========================================================================================
----------------- testing Fri Aug 06 02:09:02 UTC 2021 /home/travis/build/icyphy/ptII/ptolemy/actor/lib/test/auto/Expression11.xml
----------------- Instantiating /home/travis/build/icyphy/ptII/ptolemy/actor/lib/test/auto/Expression11.xml
2 ms. Memory: 460800K Free: 233072K (51%)
----------------- Invoking toplevel() on ptolemy.moml.MoMLSimpleApplication@66966a14
----------------- Done invoking toplevel() on ptolemy.moml.MoMLSimpleApplication@66966a14
reloadAllAccessors: .Expression11

===========================================================================================
----------------- testing Fri Aug 06 02:09:02 UTC 2021 /home/travis/build/icyphy/ptII/ptolemy/actor/lib/test/auto/Expression12.xml
----------------- Instantiating /home/travis/build/icyphy/ptII/ptolemy/actor/lib/test/auto/Expression12.xml
2 ms. Memory: 460800K Free: 227442K (49%)
----------------- Invoking toplevel() on ptolemy.moml.MoMLSimpleApplication@24c0a849
----------------- Done invoking toplevel() on ptolemy.moml.MoMLSimpleApplication@24c0a849
reloadAllAccessors: .Expression12

===========================================================================================
----------------- testing Fri Aug 06 02:09:02 UTC 2021 /home/travis/build/icyphy/ptII/ptolemy/actor/lib/test/auto/Expression13.xml
----------------- Instantiating /home/travis/build/icyphy/ptII/ptolemy/actor/lib/test/auto/Expression13.xml
2 ms. Memory: 460800K Free: 222322K (48%)
----------------- Invoking toplevel() on ptolemy.moml.MoMLSimpleApplication@3d8971bc
----------------- Done invoking toplevel() on ptolemy.moml.MoMLSimpleApplication@3d8971bc
reloadAllAccessors: .Expression13

===========================================================================================
----------------- testing Fri Aug 06 02:09:02 UTC 2021 /home/travis/build/icyphy/ptII/ptolemy/actor/lib/test/auto/Expression14.xml
----------------- Instantiating /home/travis/build/icyphy/ptII/ptolemy/actor/lib/test/auto/Expression14.xml
8 ms. Memory: 460800K Free: 216178K (47%)
----------------- Invoking toplevel() on ptolemy.moml.MoMLSimpleApplication@d87f564
----------------- Done invoking toplevel() on ptolemy.moml.MoMLSimpleApplication@d87f564
reloadAllAccessors: .Expression14

===========================================================================================
----------------- testing Fri Aug 06 02:09:02 UTC 2021 /home/travis/build/icyphy/ptII/ptolemy/actor/lib/test/auto/Expression15.xml
----------------- Instantiating /home/travis/build/icyphy/ptII/ptolemy/actor/lib/test/auto/Expression15.xml
2 ms. Memory: 460800K Free: 212082K (46%)
----------------- Invoking toplevel() on ptolemy.moml.MoMLSimpleApplication@7f435ca1
----------------- Done invoking toplevel() on ptolemy.moml.MoMLSimpleApplication@7f435ca1
reloadAllAccessors: .Expression15

===========================================================================================
----------------- testing Fri Aug 06 02:09:02 UTC 2021 /home/travis/build/icyphy/ptII/ptolemy/actor/lib/test/auto/Expression16.xml
----------------- Instantiating /home/travis/build/icyphy/ptII/ptolemy/actor/lib/test/auto/Expression16.xml
2 ms. Memory: 460800K Free: 207472K (45%)
----------------- Invoking toplevel() on ptolemy.moml.MoMLSimpleApplication@ee9d80d
----------------- Done invoking toplevel() on ptolemy.moml.MoMLSimpleApplication@ee9d80d
reloadAllAccessors: .Expression16

===========================================================================================
----------------- testing Fri Aug 06 02:09:02 UTC 2021 /home/travis/build/icyphy/ptII/ptolemy/actor/lib/test/auto/Expression17.xml
----------------- Instantiating /home/travis/build/icyphy/ptII/ptolemy/actor/lib/test/auto/Expression17.xml
3 ms. Memory: 460800K Free: 202352K (44%)
----------------- Invoking toplevel() on ptolemy.moml.MoMLSimpleApplication@6f6d93d4
----------------- Done invoking toplevel() on ptolemy.moml.MoMLSimpleApplication@6f6d93d4
reloadAllAccessors: .Expression17

===========================================================================================
----------------- testing Fri Aug 06 02:09:02 UTC 2021 /home/travis/build/icyphy/ptII/ptolemy/actor/lib/test/auto/Expression18.xml
----------------- Instantiating /home/travis/build/icyphy/ptII/ptolemy/actor/lib/test/auto/Expression18.xml
4 ms. Memory: 460800K Free: 197232K (43%)
----------------- Invoking toplevel() on ptolemy.moml.MoMLSimpleApplication@3c284362
----------------- Done invoking toplevel() on ptolemy.moml.MoMLSimpleApplication@3c284362
reloadAllAccessors: .Expression18

===========================================================================================
----------------- testing Fri Aug 06 02:09:02 UTC 2021 /home/travis/build/icyphy/ptII/ptolemy/actor/lib/test/auto/Expression2.xml
----------------- Instantiating /home/travis/build/icyphy/ptII/ptolemy/actor/lib/test/auto/Expression2.xml
3 ms. Memory: 460800K Free: 192112K (42%)
----------------- Invoking toplevel() on ptolemy.moml.MoMLSimpleApplication@7678051c
----------------- Done invoking toplevel() on ptolemy.moml.MoMLSimpleApplication@7678051c
reloadAllAccessors: .Expression2

===========================================================================================
----------------- testing Fri Aug 06 02:09:02 UTC 2021 /home/travis/build/icyphy/ptII/ptolemy/actor/lib/test/auto/Expression3.xml
----------------- Instantiating /home/travis/build/icyphy/ptII/ptolemy/actor/lib/test/auto/Expression3.xml
5 ms. Memory: 460800K Free: 186992K (41%)
----------------- Invoking toplevel() on ptolemy.moml.MoMLSimpleApplication@397d787f
----------------- Done invoking toplevel() on ptolemy.moml.MoMLSimpleApplication@397d787f
reloadAllAccessors: .Expression3

===========================================================================================
----------------- testing Fri Aug 06 02:09:02 UTC 2021 /home/travis/build/icyphy/ptII/ptolemy/actor/lib/test/auto/Expression4.xml
----------------- Instantiating /home/travis/build/icyphy/ptII/ptolemy/actor/lib/test/auto/Expression4.xml
3 ms. Memory: 460800K Free: 179314K (39%)
----------------- Invoking toplevel() on ptolemy.moml.MoMLSimpleApplication@3d753405
----------------- Done invoking toplevel() on ptolemy.moml.MoMLSimpleApplication@3d753405
reloadAllAccessors: .Expression4

===========================================================================================
----------------- testing Fri Aug 06 02:09:02 UTC 2021 /home/travis/build/icyphy/ptII/ptolemy/actor/lib/test/auto/Expression5.xml
----------------- Instantiating /home/travis/build/icyphy/ptII/ptolemy/actor/lib/test/auto/Expression5.xml
4 ms. Memory: 460800K Free: 174704K (38%)
----------------- Invoking toplevel() on ptolemy.moml.MoMLSimpleApplication@556487de
----------------- Done invoking toplevel() on ptolemy.moml.MoMLSimpleApplication@556487de
reloadAllAccessors: .Expression5

===========================================================================================
----------------- testing Fri Aug 06 02:09:02 UTC 2021 /home/travis/build/icyphy/ptII/ptolemy/actor/lib/test/auto/Expression6.xml
----------------- Instantiating /home/travis/build/icyphy/ptII/ptolemy/actor/lib/test/auto/Expression6.xml
1 ms. Memory: 460800K Free: 170098K (37%)
----------------- Invoking toplevel() on ptolemy.moml.MoMLSimpleApplication@23230be3
----------------- Done invoking toplevel() on ptolemy.moml.MoMLSimpleApplication@23230be3
reloadAllAccessors: .Expression6

===========================================================================================
----------------- testing Fri Aug 06 02:09:02 UTC 2021 /home/travis/build/icyphy/ptII/ptolemy/actor/lib/test/auto/Expression7.xml
----------------- Instantiating /home/travis/build/icyphy/ptII/ptolemy/actor/lib/test/auto/Expression7.xml
2 ms. Memory: 460800K Free: 164978K (36%)
----------------- Invoking toplevel() on ptolemy.moml.MoMLSimpleApplication@39d34ae6
----------------- Done invoking toplevel() on ptolemy.moml.MoMLSimpleApplication@39d34ae6
reloadAllAccessors: .Expression7

===========================================================================================
----------------- testing Fri Aug 06 02:09:02 UTC 2021 /home/travis/build/icyphy/ptII/ptolemy/actor/lib/test/auto/Expression8.xml
----------------- Instantiating /home/travis/build/icyphy/ptII/ptolemy/actor/lib/test/auto/Expression8.xml
7 ms. Memory: 460800K Free: 159858K (35%)
----------------- Invoking toplevel() on ptolemy.moml.MoMLSimpleApplication@6c5f2c09
----------------- Done invoking toplevel() on ptolemy.moml.MoMLSimpleApplication@6c5f2c09
reloadAllAccessors: .Expression8

===========================================================================================
----------------- testing Fri Aug 06 02:09:02 UTC 2021 /home/travis/build/icyphy/ptII/ptolemy/actor/lib/test/auto/Expression9.xml
----------------- Instantiating /home/travis/build/icyphy/ptII/ptolemy/actor/lib/test/auto/Expression9.xml
1 ms. Memory: 460800K Free: 155762K (34%)
----------------- Invoking toplevel() on ptolemy.moml.MoMLSimpleApplication@4db8ae6a
----------------- Done invoking toplevel() on ptolemy.moml.MoMLSimpleApplication@4db8ae6a
reloadAllAccessors: .Expression9

===========================================================================================
----------------- testing Fri Aug 06 02:09:02 UTC 2021 /home/travis/build/icyphy/ptII/ptolemy/actor/lib/test/auto/ExpressionConcatenateArrayType.xml
----------------- Instantiating /home/travis/build/icyphy/ptII/ptolemy/actor/lib/test/auto/ExpressionConcatenateArrayType.xml
3 ms. Memory: 460800K Free: 149104K (32%)
----------------- Invoking toplevel() on ptolemy.moml.MoMLSimpleApplication@781e0950
----------------- Done invoking toplevel() on ptolemy.moml.MoMLSimpleApplication@781e0950
reloadAllAccessors: .ExpressionConcatenateArrayType

===========================================================================================
----------------- testing Fri Aug 06 02:09:02 UTC 2021 /home/travis/build/icyphy/ptII/ptolemy/actor/lib/test/auto/ExpressionConcatenateArrayType2.xml
----------------- Instantiating /home/travis/build/icyphy/ptII/ptolemy/actor/lib/test/auto/ExpressionConcatenateArrayType2.xml
2 ms. Memory: 460800K Free: 143984K (31%)
----------------- Invoking toplevel() on ptolemy.moml.MoMLSimpleApplication@28a04ecd
----------------- Done invoking toplevel() on ptolemy.moml.MoMLSimpleApplication@28a04ecd
reloadAllAccessors: .ExpressionConcatenateArrayType2

===========================================================================================
----------------- testing Fri Aug 06 02:09:02 UTC 2021 /home/travis/build/icyphy/ptII/ptolemy/actor/lib/test/auto/ExpressionFix.xml
----------------- Instantiating /home/travis/build/icyphy/ptII/ptolemy/actor/lib/test/auto/ExpressionFix.xml
21 ms. Memory: 460800K Free: 137330K (30%)
----------------- Invoking toplevel() on ptolemy.moml.MoMLSimpleApplication@4e8bbc9e
----------------- Done invoking toplevel() on ptolemy.moml.MoMLSimpleApplication@4e8bbc9e
reloadAllAccessors: .ExpressionFix

===========================================================================================
----------------- testing Fri Aug 06 02:09:02 UTC 2021 /home/travis/build/icyphy/ptII/ptolemy/actor/lib/test/auto/ExpressionFix2.xml
----------------- Instantiating /home/travis/build/icyphy/ptII/ptolemy/actor/lib/test/auto/ExpressionFix2.xml
4 ms. Memory: 460800K Free: 404207K (88%)
----------------- Invoking toplevel() on ptolemy.moml.MoMLSimpleApplication@2399d1ac
----------------- Done invoking toplevel() on ptolemy.moml.MoMLSimpleApplication@2399d1ac
reloadAllAccessors: .ExpressionFix2

===========================================================================================
----------------- testing Fri Aug 06 02:09:02 UTC 2021 /home/travis/build/icyphy/ptII/ptolemy/actor/lib/test/auto/ExpressionFix3.xml
----------------- Instantiating /home/travis/build/icyphy/ptII/ptolemy/actor/lib/test/auto/ExpressionFix3.xml
2 ms. Memory: 460800K Free: 399601K (87%)
----------------- Invoking toplevel() on ptolemy.moml.MoMLSimpleApplication@369caed6
----------------- Done invoking toplevel() on ptolemy.moml.MoMLSimpleApplication@369caed6
reloadAllAccessors: .ExpressionFix3

===========================================================================================
----------------- testing Fri Aug 06 02:09:02 UTC 2021 /home/travis/build/icyphy/ptII/ptolemy/actor/lib/test/auto/FileWriter1.xml
----------------- Instantiating /home/travis/build/icyphy/ptII/ptolemy/actor/lib/test/auto/FileWriter1.xml
2 ms. Memory: 460800K Free: 395505K (86%)
----------------- Invoking toplevel() on ptolemy.moml.MoMLSimpleApplication@290744d9
----------------- Done invoking toplevel() on ptolemy.moml.MoMLSimpleApplication@290744d9
reloadAllAccessors: .FileWriter1

===========================================================================================
----------------- testing Fri Aug 06 02:09:02 UTC 2021 /home/travis/build/icyphy/ptII/ptolemy/actor/lib/test/auto/FileWriter2.xml
----------------- Instantiating /home/travis/build/icyphy/ptII/ptolemy/actor/lib/test/auto/FileWriter2.xml
5 ms. Memory: 460800K Free: 390895K (85%)
----------------- Invoking toplevel() on ptolemy.moml.MoMLSimpleApplication@35b8ada9
----------------- Done invoking toplevel() on ptolemy.moml.MoMLSimpleApplication@35b8ada9
reloadAllAccessors: .FileWriter2

===========================================================================================
----------------- testing Fri Aug 06 02:09:02 UTC 2021 /home/travis/build/icyphy/ptII/ptolemy/actor/lib/test/auto/FileWriter3.xml
----------------- Instantiating /home/travis/build/icyphy/ptII/ptolemy/actor/lib/test/auto/FileWriter3.xml
3 ms. Memory: 460800K Free: 386799K (84%)
----------------- Invoking toplevel() on ptolemy.moml.MoMLSimpleApplication@2ddd86d2
----------------- Done invoking toplevel() on ptolemy.moml.MoMLSimpleApplication@2ddd86d2
reloadAllAccessors: .FileWriter3

===========================================================================================
----------------- testing Fri Aug 06 02:09:02 UTC 2021 /home/travis/build/icyphy/ptII/ptolemy/actor/lib/test/auto/Gaussian.xml
----------------- Instantiating /home/travis/build/icyphy/ptII/ptolemy/actor/lib/test/auto/Gaussian.xml
1 ms. Memory: 460800K Free: 382703K (83%)
----------------- Invoking toplevel() on ptolemy.moml.MoMLSimpleApplication@406cd346
----------------- Done invoking toplevel() on ptolemy.moml.MoMLSimpleApplication@406cd346
reloadAllAccessors: .Gaussian

===========================================================================================
----------------- testing Fri Aug 06 02:09:02 UTC 2021 /home/travis/build/icyphy/ptII/ptolemy/actor/lib/test/auto/Gaussian1.xml
----------------- Instantiating /home/travis/build/icyphy/ptII/ptolemy/actor/lib/test/auto/Gaussian1.xml
3 ms. Memory: 460800K Free: 377073K (82%)
----------------- Invoking toplevel() on ptolemy.moml.MoMLSimpleApplication@11d95fb3
----------------- Done invoking toplevel() on ptolemy.moml.MoMLSimpleApplication@11d95fb3
reloadAllAccessors: .Gaussian1

===========================================================================================
----------------- testing Fri Aug 06 02:09:03 UTC 2021 /home/travis/build/icyphy/ptII/ptolemy/actor/lib/test/auto/Gaussian2.xml
----------------- Instantiating /home/travis/build/icyphy/ptII/ptolemy/actor/lib/test/auto/Gaussian2.xml
9 ms. Memory: 460800K Free: 371425K (81%)
----------------- Invoking toplevel() on ptolemy.moml.MoMLSimpleApplication@7dd349e
----------------- Done invoking toplevel() on ptolemy.moml.MoMLSimpleApplication@7dd349e
reloadAllAccessors: .Gaussian2

===========================================================================================
----------------- testing Fri Aug 06 02:09:03 UTC 2021 /home/travis/build/icyphy/ptII/ptolemy/actor/lib/test/auto/GradientAdaptiveLattice.xml
----------------- Instantiating /home/travis/build/icyphy/ptII/ptolemy/actor/lib/test/auto/GradientAdaptiveLattice.xml
3 ms. Memory: 460800K Free: 366319K (79%)
----------------- Invoking toplevel() on ptolemy.moml.MoMLSimpleApplication@74a86d25
----------------- Done invoking toplevel() on ptolemy.moml.MoMLSimpleApplication@74a86d25
reloadAllAccessors: .GradientAdaptiveLattice

===========================================================================================
----------------- testing Fri Aug 06 02:09:03 UTC 2021 /home/travis/build/icyphy/ptII/ptolemy/actor/lib/test/auto/IIR.xml
----------------- Instantiating /home/travis/build/icyphy/ptII/ptolemy/actor/lib/test/auto/IIR.xml
1 ms. Memory: 460800K Free: 361713K (78%)
----------------- Invoking toplevel() on ptolemy.moml.MoMLSimpleApplication@1b750704
----------------- Done invoking toplevel() on ptolemy.moml.MoMLSimpleApplication@1b750704
reloadAllAccessors: .IIR

===========================================================================================
----------------- testing Fri Aug 06 02:09:03 UTC 2021 /home/travis/build/icyphy/ptII/ptolemy/actor/lib/test/auto/InputOutputTransparentPorts.xml
----------------- Instantiating /home/travis/build/icyphy/ptII/ptolemy/actor/lib/test/auto/InputOutputTransparentPorts.xml
2 ms. Memory: 460800K Free: 354031K (77%)
----------------- Invoking toplevel() on ptolemy.moml.MoMLSimpleApplication@f810a51
----------------- Done invoking toplevel() on ptolemy.moml.MoMLSimpleApplication@f810a51
reloadAllAccessors: .InputOutputTransparentPorts

===========================================================================================
----------------- testing Fri Aug 06 02:09:03 UTC 2021 /home/travis/build/icyphy/ptII/ptolemy/actor/lib/test/auto/Interpolator.xml
----------------- Instantiating /home/travis/build/icyphy/ptII/ptolemy/actor/lib/test/auto/Interpolator.xml
3 ms. Memory: 460800K Free: 349935K (76%)
----------------- Invoking toplevel() on ptolemy.moml.MoMLSimpleApplication@674a876f
----------------- Done invoking toplevel() on ptolemy.moml.MoMLSimpleApplication@674a876f
reloadAllAccessors: .Interpolator

===========================================================================================
----------------- testing Fri Aug 06 02:09:03 UTC 2021 /home/travis/build/icyphy/ptII/ptolemy/actor/lib/test/auto/InterpolatorFiringLimitDE.xml
----------------- Instantiating /home/travis/build/icyphy/ptII/ptolemy/actor/lib/test/auto/InterpolatorFiringLimitDE.xml
2 ms. Memory: 460800K Free: 343281K (74%)
----------------- Invoking toplevel() on ptolemy.moml.MoMLSimpleApplication@52fdfd8a
----------------- Done invoking toplevel() on ptolemy.moml.MoMLSimpleApplication@52fdfd8a
reloadAllAccessors: .InterpolatorFiringLimitDE

===========================================================================================
----------------- testing Fri Aug 06 02:09:03 UTC 2021 /home/travis/build/icyphy/ptII/ptolemy/actor/lib/test/auto/Lattice.xml
----------------- Instantiating /home/travis/build/icyphy/ptII/ptolemy/actor/lib/test/auto/Lattice.xml
1 ms. Memory: 460800K Free: 339695K (74%)
----------------- Invoking toplevel() on ptolemy.moml.MoMLSimpleApplication@595d0001
----------------- Done invoking toplevel() on ptolemy.moml.MoMLSimpleApplication@595d0001
reloadAllAccessors: .Lattice

===========================================================================================
----------------- testing Fri Aug 06 02:09:03 UTC 2021 /home/travis/build/icyphy/ptII/ptolemy/actor/lib/test/auto/LazyAOCTestLazy.xml
----------------- Instantiating /home/travis/build/icyphy/ptII/ptolemy/actor/lib/test/auto/LazyAOCTestLazy.xml
10 ms. Memory: 460800K Free: 333537K (72%)
----------------- Invoking toplevel() on ptolemy.moml.MoMLSimpleApplication@38da9797
----------------- Done invoking toplevel() on ptolemy.moml.MoMLSimpleApplication@38da9797
reloadAllAccessors: .LazyAOCTestLazy

===========================================================================================
----------------- testing Fri Aug 06 02:09:03 UTC 2021 /home/travis/build/icyphy/ptII/ptolemy/actor/lib/test/auto/LazyAOCTestNonLazy.xml
----------------- Instantiating /home/travis/build/icyphy/ptII/ptolemy/actor/lib/test/auto/LazyAOCTestNonLazy.xml
2 ms. Memory: 460800K Free: 327407K (71%)
----------------- Invoking toplevel() on ptolemy.moml.MoMLSimpleApplication@7d77e579
----------------- Done invoking toplevel() on ptolemy.moml.MoMLSimpleApplication@7d77e579
reloadAllAccessors: .LazyAOCTestNonLazy

===========================================================================================
----------------- testing Fri Aug 06 02:09:03 UTC 2021 /home/travis/build/icyphy/ptII/ptolemy/actor/lib/test/auto/LazyInnerClass.xml
----------------- Instantiating /home/travis/build/icyphy/ptII/ptolemy/actor/lib/test/auto/LazyInnerClass.xml
24 ms. Memory: 460800K Free: 318705K (69%)
----------------- Invoking toplevel() on ptolemy.moml.MoMLSimpleApplication@3e1987d3
----------------- Done invoking toplevel() on ptolemy.moml.MoMLSimpleApplication@3e1987d3
reloadAllAccessors: .LazyInnerClass

===========================================================================================
----------------- testing Fri Aug 06 02:09:03 UTC 2021 /home/travis/build/icyphy/ptII/ptolemy/actor/lib/test/auto/LazyPubSub.xml
----------------- Instantiating /home/travis/build/icyphy/ptII/ptolemy/actor/lib/test/auto/LazyPubSub.xml
20 ms. Memory: 460800K Free: 308465K (67%)
----------------- Invoking toplevel() on ptolemy.moml.MoMLSimpleApplication@7a6d8051
----------------- Done invoking toplevel() on ptolemy.moml.MoMLSimpleApplication@7a6d8051
reloadAllAccessors: .LazyPubSub

===========================================================================================
----------------- testing Fri Aug 06 02:09:03 UTC 2021 /home/travis/build/icyphy/ptII/ptolemy/actor/lib/test/auto/LazyPubSub2.xml
----------------- Instantiating /home/travis/build/icyphy/ptII/ptolemy/actor/lib/test/auto/LazyPubSub2.xml
14 ms. Memory: 460800K Free: 298225K (65%)
----------------- Invoking toplevel() on ptolemy.moml.MoMLSimpleApplication@67d98120
----------------- Done invoking toplevel() on ptolemy.moml.MoMLSimpleApplication@67d98120
reloadAllAccessors: .LazyPubSub2

===========================================================================================
----------------- testing Fri Aug 06 02:09:03 UTC 2021 /home/travis/build/icyphy/ptII/ptolemy/actor/lib/test/auto/LazyPubSub3.xml
----------------- Instantiating /home/travis/build/icyphy/ptII/ptolemy/actor/lib/test/auto/LazyPubSub3.xml
10 ms. Memory: 460800K Free: 287985K (62%)
----------------- Invoking toplevel() on ptolemy.moml.MoMLSimpleApplication@f9922ac
----------------- Done invoking toplevel() on ptolemy.moml.MoMLSimpleApplication@f9922ac
reloadAllAccessors: .LazyPubSub3

===========================================================================================
----------------- testing Fri Aug 06 02:09:03 UTC 2021 /home/travis/build/icyphy/ptII/ptolemy/actor/lib/test/auto/LazySubClassModel.xml
----------------- Instantiating /home/travis/build/icyphy/ptII/ptolemy/actor/lib/test/auto/LazySubClassModel.xml
1 ms. Memory: 460800K Free: 278255K (60%)
----------------- Invoking toplevel() on ptolemy.moml.MoMLSimpleApplication@23365fbd
----------------- Done invoking toplevel() on ptolemy.moml.MoMLSimpleApplication@23365fbd
reloadAllAccessors: .LazySubClassModel

===========================================================================================
----------------- testing Fri Aug 06 02:09:03 UTC 2021 /home/travis/build/icyphy/ptII/ptolemy/actor/lib/test/auto/LevelCrossTest1.xml
----------------- Instantiating /home/travis/build/icyphy/ptII/ptolemy/actor/lib/test/auto/LevelCrossTest1.xml
1 ms. Memory: 460800K Free: 272625K (59%)
----------------- Invoking toplevel() on ptolemy.moml.MoMLSimpleApplication@7ed13051
----------------- Done invoking toplevel() on ptolemy.moml.MoMLSimpleApplication@7ed13051
reloadAllAccessors: .broken

===========================================================================================
----------------- testing Fri Aug 06 02:09:03 UTC 2021 /home/travis/build/icyphy/ptII/ptolemy/actor/lib/test/auto/LevelCrossTest10.xml
----------------- Instantiating /home/travis/build/icyphy/ptII/ptolemy/actor/lib/test/auto/LevelCrossTest10.xml
1 ms. Memory: 460800K Free: 264943K (57%)
----------------- Invoking toplevel() on ptolemy.moml.MoMLSimpleApplication@1117e25c
----------------- Done invoking toplevel() on ptolemy.moml.MoMLSimpleApplication@1117e25c
reloadAllAccessors: .LevelCrossTest10

===========================================================================================
----------------- testing Fri Aug 06 02:09:03 UTC 2021 /home/travis/build/icyphy/ptII/ptolemy/actor/lib/test/auto/LevelCrossTest11.xml
----------------- Instantiating /home/travis/build/icyphy/ptII/ptolemy/actor/lib/test/auto/LevelCrossTest11.xml
1 ms. Memory: 460800K Free: 257775K (56%)
----------------- Invoking toplevel() on ptolemy.moml.MoMLSimpleApplication@68c0f905
----------------- Done invoking toplevel() on ptolemy.moml.MoMLSimpleApplication@68c0f905
reloadAllAccessors: .LevelCrossTest11

===========================================================================================
----------------- testing Fri Aug 06 02:09:03 UTC 2021 /home/travis/build/icyphy/ptII/ptolemy/actor/lib/test/auto/LevelCrossTest12.xml
----------------- Instantiating /home/travis/build/icyphy/ptII/ptolemy/actor/lib/test/auto/LevelCrossTest12.xml
1 ms. Memory: 460800K Free: 251121K (54%)
----------------- Invoking toplevel() on ptolemy.moml.MoMLSimpleApplication@3d3d7173
----------------- Done invoking toplevel() on ptolemy.moml.MoMLSimpleApplication@3d3d7173
reloadAllAccessors: .LevelCrossTest12

===========================================================================================
----------------- testing Fri Aug 06 02:09:03 UTC 2021 /home/travis/build/icyphy/ptII/ptolemy/actor/lib/test/auto/LevelCrossTest13.xml
----------------- Instantiating /home/travis/build/icyphy/ptII/ptolemy/actor/lib/test/auto/LevelCrossTest13.xml
1 ms. Memory: 460800K Free: 242929K (53%)
----------------- Invoking toplevel() on ptolemy.moml.MoMLSimpleApplication@42558416
----------------- Done invoking toplevel() on ptolemy.moml.MoMLSimpleApplication@42558416
reloadAllAccessors: .LevelCrossTest13

===========================================================================================
----------------- testing Fri Aug 06 02:09:03 UTC 2021 /home/travis/build/icyphy/ptII/ptolemy/actor/lib/test/auto/LevelCrossTest2.xml
----------------- Instantiating /home/travis/build/icyphy/ptII/ptolemy/actor/lib/test/auto/LevelCrossTest2.xml
1 ms. Memory: 460800K Free: 237295K (51%)
----------------- Invoking toplevel() on ptolemy.moml.MoMLSimpleApplication@29178f94
----------------- Done invoking toplevel() on ptolemy.moml.MoMLSimpleApplication@29178f94
reloadAllAccessors: .broken

===========================================================================================
----------------- testing Fri Aug 06 02:09:03 UTC 2021 /home/travis/build/icyphy/ptII/ptolemy/actor/lib/test/auto/LevelCrossTest3.xml
----------------- Instantiating /home/travis/build/icyphy/ptII/ptolemy/actor/lib/test/auto/LevelCrossTest3.xml
1 ms. Memory: 460800K Free: 230641K (50%)
----------------- Invoking toplevel() on ptolemy.moml.MoMLSimpleApplication@3469332b
----------------- Done invoking toplevel() on ptolemy.moml.MoMLSimpleApplication@3469332b
reloadAllAccessors: .LevelCrossTest3

===========================================================================================
----------------- testing Fri Aug 06 02:09:03 UTC 2021 /home/travis/build/icyphy/ptII/ptolemy/actor/lib/test/auto/LevelCrossTest4.xml
----------------- Instantiating /home/travis/build/icyphy/ptII/ptolemy/actor/lib/test/auto/LevelCrossTest4.xml
1 ms. Memory: 460800K Free: 225521K (49%)
----------------- Invoking toplevel() on ptolemy.moml.MoMLSimpleApplication@525a7fae
----------------- Done invoking toplevel() on ptolemy.moml.MoMLSimpleApplication@525a7fae
reloadAllAccessors: .broken

===========================================================================================
----------------- testing Fri Aug 06 02:09:03 UTC 2021 /home/travis/build/icyphy/ptII/ptolemy/actor/lib/test/auto/LevelCrossTest5.xml
----------------- Instantiating /home/travis/build/icyphy/ptII/ptolemy/actor/lib/test/auto/LevelCrossTest5.xml
1 ms. Memory: 460800K Free: 218863K (47%)
----------------- Invoking toplevel() on ptolemy.moml.MoMLSimpleApplication@6622d883
----------------- Done invoking toplevel() on ptolemy.moml.MoMLSimpleApplication@6622d883
reloadAllAccessors: .LevelCrossTest5

===========================================================================================
----------------- testing Fri Aug 06 02:09:03 UTC 2021 /home/travis/build/icyphy/ptII/ptolemy/actor/lib/test/auto/LevelCrossTest6.xml
----------------- Instantiating /home/travis/build/icyphy/ptII/ptolemy/actor/lib/test/auto/LevelCrossTest6.xml
2 ms. Memory: 460800K Free: 211695K (46%)
----------------- Invoking toplevel() on ptolemy.moml.MoMLSimpleApplication@75b380da
----------------- Done invoking toplevel() on ptolemy.moml.MoMLSimpleApplication@75b380da
reloadAllAccessors: .LevelCrossTest6

===========================================================================================
----------------- testing Fri Aug 06 02:09:03 UTC 2021 /home/travis/build/icyphy/ptII/ptolemy/actor/lib/test/auto/LevelCrossTest7.xml
----------------- Instantiating /home/travis/build/icyphy/ptII/ptolemy/actor/lib/test/auto/LevelCrossTest7.xml
1 ms. Memory: 460800K Free: 204017K (44%)
----------------- Invoking toplevel() on ptolemy.moml.MoMLSimpleApplication@6fb41c06
----------------- Done invoking toplevel() on ptolemy.moml.MoMLSimpleApplication@6fb41c06
reloadAllAccessors: .LevelCrossTest7

===========================================================================================
----------------- testing Fri Aug 06 02:09:03 UTC 2021 /home/travis/build/icyphy/ptII/ptolemy/actor/lib/test/auto/LevelCrossTest8.xml
----------------- Instantiating /home/travis/build/icyphy/ptII/ptolemy/actor/lib/test/auto/LevelCrossTest8.xml
8 ms. Memory: 460800K Free: 196335K (43%)
----------------- Invoking toplevel() on ptolemy.moml.MoMLSimpleApplication@300130bf
----------------- Done invoking toplevel() on ptolemy.moml.MoMLSimpleApplication@300130bf
reloadAllAccessors: .LevelCrossTest8

===========================================================================================
----------------- testing Fri Aug 06 02:09:03 UTC 2021 /home/travis/build/icyphy/ptII/ptolemy/actor/lib/test/auto/LevelCrossTest9.xml
----------------- Instantiating /home/travis/build/icyphy/ptII/ptolemy/actor/lib/test/auto/LevelCrossTest9.xml
1 ms. Memory: 460800K Free: 189681K (41%)
----------------- Invoking toplevel() on ptolemy.moml.MoMLSimpleApplication@426bf2d5
----------------- Done invoking toplevel() on ptolemy.moml.MoMLSimpleApplication@426bf2d5
reloadAllAccessors: .LevelCrossTest9

===========================================================================================
----------------- testing Fri Aug 06 02:09:03 UTC 2021 /home/travis/build/icyphy/ptII/ptolemy/actor/lib/test/auto/LevinsonDurbin.xml
----------------- Instantiating /home/travis/build/icyphy/ptII/ptolemy/actor/lib/test/auto/LevinsonDurbin.xml
1 ms. Memory: 460800K Free: 185585K (40%)
----------------- Invoking toplevel() on ptolemy.moml.MoMLSimpleApplication@75f9f458
----------------- Done invoking toplevel() on ptolemy.moml.MoMLSimpleApplication@75f9f458
reloadAllAccessors: .LevinsonDurbin

===========================================================================================
----------------- testing Fri Aug 06 02:09:03 UTC 2021 /home/travis/build/icyphy/ptII/ptolemy/actor/lib/test/auto/LevinsonDurbin2.xml
----------------- Instantiating /home/travis/build/icyphy/ptII/ptolemy/actor/lib/test/auto/LevinsonDurbin2.xml
1 ms. Memory: 460800K Free: 181489K (39%)
----------------- Invoking toplevel() on ptolemy.moml.MoMLSimpleApplication@4ccbfc7
----------------- Done invoking toplevel() on ptolemy.moml.MoMLSimpleApplication@4ccbfc7
reloadAllAccessors: .LevinsonDurbin2

===========================================================================================
----------------- testing Fri Aug 06 02:09:03 UTC 2021 /home/travis/build/icyphy/ptII/ptolemy/actor/lib/test/auto/LevinsonDurbin3.xml
----------------- Instantiating /home/travis/build/icyphy/ptII/ptolemy/actor/lib/test/auto/LevinsonDurbin3.xml
6 ms. Memory: 460800K Free: 177393K (38%)
----------------- Invoking toplevel() on ptolemy.moml.MoMLSimpleApplication@14947c4d
----------------- Done invoking toplevel() on ptolemy.moml.MoMLSimpleApplication@14947c4d
reloadAllAccessors: .LevinsonDurbin3

===========================================================================================
----------------- testing Fri Aug 06 02:09:03 UTC 2021 /home/travis/build/icyphy/ptII/ptolemy/actor/lib/test/auto/Limiter.xml
----------------- Instantiating /home/travis/build/icyphy/ptII/ptolemy/actor/lib/test/auto/Limiter.xml
4 ms. Memory: 460800K Free: 168177K (36%)
----------------- Invoking toplevel() on ptolemy.moml.MoMLSimpleApplication@5767a33a
----------------- Done invoking toplevel() on ptolemy.moml.MoMLSimpleApplication@5767a33a
reloadAllAccessors: .Limiter

===========================================================================================
----------------- testing Fri Aug 06 02:09:03 UTC 2021 /home/travis/build/icyphy/ptII/ptolemy/actor/lib/test/auto/LinearDifferenceEquationSystem.xml
----------------- Instantiating /home/travis/build/icyphy/ptII/ptolemy/actor/lib/test/auto/LinearDifferenceEquationSystem.xml
4 ms. Memory: 460800K Free: 161009K (35%)
----------------- Invoking toplevel() on ptolemy.moml.MoMLSimpleApplication@21d6d0d0
----------------- Done invoking toplevel() on ptolemy.moml.MoMLSimpleApplication@21d6d0d0
reloadAllAccessors: .LinearDifferenceEquationSystem

===========================================================================================
----------------- testing Fri Aug 06 02:09:03 UTC 2021 /home/travis/build/icyphy/ptII/ptolemy/actor/lib/test/auto/LookupTable.xml
----------------- Instantiating /home/travis/build/icyphy/ptII/ptolemy/actor/lib/test/auto/LookupTable.xml
1 ms. Memory: 460800K Free: 156399K (34%)
----------------- Invoking toplevel() on ptolemy.moml.MoMLSimpleApplication@260e8ec6
----------------- Done invoking toplevel() on ptolemy.moml.MoMLSimpleApplication@260e8ec6
reloadAllAccessors: .LookupTable

===========================================================================================
----------------- testing Fri Aug 06 02:09:03 UTC 2021 /home/travis/build/icyphy/ptII/ptolemy/actor/lib/test/auto/MathFunction.xml
----------------- Instantiating /home/travis/build/icyphy/ptII/ptolemy/actor/lib/test/auto/MathFunction.xml
3 ms. Memory: 460800K Free: 148207K (32%)
----------------- Invoking toplevel() on ptolemy.moml.MoMLSimpleApplication@3d0e089b
----------------- Done invoking toplevel() on ptolemy.moml.MoMLSimpleApplication@3d0e089b
reloadAllAccessors: .MathFunction

===========================================================================================
----------------- testing Fri Aug 06 02:09:03 UTC 2021 /home/travis/build/icyphy/ptII/ptolemy/actor/lib/test/auto/MathFunction2.xml
----------------- Instantiating /home/travis/build/icyphy/ptII/ptolemy/actor/lib/test/auto/MathFunction2.xml
4 ms. Memory: 460800K Free: 144111K (31%)
----------------- Invoking toplevel() on ptolemy.moml.MoMLSimpleApplication@22a8dc53
----------------- Done invoking toplevel() on ptolemy.moml.MoMLSimpleApplication@22a8dc53
reloadAllAccessors: .MathFunction2

===========================================================================================
----------------- testing Fri Aug 06 02:09:03 UTC 2021 /home/travis/build/icyphy/ptII/ptolemy/actor/lib/test/auto/MathFunction3.xml
----------------- Instantiating /home/travis/build/icyphy/ptII/ptolemy/actor/lib/test/auto/MathFunction3.xml
2 ms. Memory: 460800K Free: 136943K (30%)
----------------- Invoking toplevel() on ptolemy.moml.MoMLSimpleApplication@1f81866c
----------------- Done invoking toplevel() on ptolemy.moml.MoMLSimpleApplication@1f81866c
reloadAllAccessors: .MathFunction3

===========================================================================================
----------------- testing Fri Aug 06 02:09:03 UTC 2021 /home/travis/build/icyphy/ptII/ptolemy/actor/lib/test/auto/MatrixCropBoolean.xml
----------------- Instantiating /home/travis/build/icyphy/ptII/ptolemy/actor/lib/test/auto/MatrixCropBoolean.xml
2 ms. Memory: 460800K Free: 402564K (87%)
----------------- Invoking toplevel() on ptolemy.moml.MoMLSimpleApplication@73439b50
----------------- Done invoking toplevel() on ptolemy.moml.MoMLSimpleApplication@73439b50
reloadAllAccessors: .MatrixCropBoolean

===========================================================================================
----------------- testing Fri Aug 06 02:09:03 UTC 2021 /home/travis/build/icyphy/ptII/ptolemy/actor/lib/test/auto/MatrixCropComplex.xml
----------------- Instantiating /home/travis/build/icyphy/ptII/ptolemy/actor/lib/test/auto/MatrixCropComplex.xml
2 ms. Memory: 460800K Free: 397444K (86%)
----------------- Invoking toplevel() on ptolemy.moml.MoMLSimpleApplication@7cadaa64
----------------- Done invoking toplevel() on ptolemy.moml.MoMLSimpleApplication@7cadaa64
reloadAllAccessors: .MatrixCropComplex

===========================================================================================
----------------- testing Fri Aug 06 02:09:03 UTC 2021 /home/travis/build/icyphy/ptII/ptolemy/actor/lib/test/auto/MatrixCropDouble.xml
----------------- Instantiating /home/travis/build/icyphy/ptII/ptolemy/actor/lib/test/auto/MatrixCropDouble.xml
2 ms. Memory: 460800K Free: 392324K (85%)
----------------- Invoking toplevel() on ptolemy.moml.MoMLSimpleApplication@115ffa57
----------------- Done invoking toplevel() on ptolemy.moml.MoMLSimpleApplication@115ffa57
reloadAllAccessors: .MatrixCropDouble

===========================================================================================
----------------- testing Fri Aug 06 02:09:03 UTC 2021 /home/travis/build/icyphy/ptII/ptolemy/actor/lib/test/auto/MatrixCropFix.xml
----------------- Instantiating /home/travis/build/icyphy/ptII/ptolemy/actor/lib/test/auto/MatrixCropFix.xml
3 ms. Memory: 460800K Free: 387220K (84%)
----------------- Invoking toplevel() on ptolemy.moml.MoMLSimpleApplication@7570f58e
----------------- Done invoking toplevel() on ptolemy.moml.MoMLSimpleApplication@7570f58e
reloadAllAccessors: .MatrixCropFix

===========================================================================================
----------------- testing Fri Aug 06 02:09:03 UTC 2021 /home/travis/build/icyphy/ptII/ptolemy/actor/lib/test/auto/MatrixCropInt.xml
----------------- Instantiating /home/travis/build/icyphy/ptII/ptolemy/actor/lib/test/auto/MatrixCropInt.xml
2 ms. Memory: 460800K Free: 382628K (83%)
----------------- Invoking toplevel() on ptolemy.moml.MoMLSimpleApplication@dea0118
----------------- Done invoking toplevel() on ptolemy.moml.MoMLSimpleApplication@dea0118
reloadAllAccessors: .MatrixCropInt

===========================================================================================
----------------- testing Fri Aug 06 02:09:03 UTC 2021 /home/travis/build/icyphy/ptII/ptolemy/actor/lib/test/auto/MatrixCropLong.xml
----------------- Instantiating /home/travis/build/icyphy/ptII/ptolemy/actor/lib/test/auto/MatrixCropLong.xml
2 ms. Memory: 460800K Free: 377508K (82%)
----------------- Invoking toplevel() on ptolemy.moml.MoMLSimpleApplication@72ca6092
----------------- Done invoking toplevel() on ptolemy.moml.MoMLSimpleApplication@72ca6092
reloadAllAccessors: .MatrixCropLong

===========================================================================================
----------------- testing Fri Aug 06 02:09:03 UTC 2021 /home/travis/build/icyphy/ptII/ptolemy/actor/lib/test/auto/MatrixToArray.xml
----------------- Instantiating /home/travis/build/icyphy/ptII/ptolemy/actor/lib/test/auto/MatrixToArray.xml
6 ms. Memory: 460800K Free: 362148K (79%)
----------------- Invoking toplevel() on ptolemy.moml.MoMLSimpleApplication@57fe38b
----------------- Done invoking toplevel() on ptolemy.moml.MoMLSimpleApplication@57fe38b
reloadAllAccessors: .MatrixToArray

===========================================================================================
----------------- testing Fri Aug 06 02:09:04 UTC 2021 /home/travis/build/icyphy/ptII/ptolemy/actor/lib/test/auto/MaxIndex.xml
----------------- Instantiating /home/travis/build/icyphy/ptII/ptolemy/actor/lib/test/auto/MaxIndex.xml
1 ms. Memory: 460800K Free: 357028K (77%)
----------------- Invoking toplevel() on ptolemy.moml.MoMLSimpleApplication@7adefa2
----------------- Done invoking toplevel() on ptolemy.moml.MoMLSimpleApplication@7adefa2
reloadAllAccessors: .MaxIndex

===========================================================================================
----------------- testing Fri Aug 06 02:09:04 UTC 2021 /home/travis/build/icyphy/ptII/ptolemy/actor/lib/test/auto/Maximum.xml
----------------- Instantiating /home/travis/build/icyphy/ptII/ptolemy/actor/lib/test/auto/Maximum.xml
2 ms. Memory: 460800K Free: 350340K (76%)
----------------- Invoking toplevel() on ptolemy.moml.MoMLSimpleApplication@3519ff7a
----------------- Done invoking toplevel() on ptolemy.moml.MoMLSimpleApplication@3519ff7a
reloadAllAccessors: .Maximum

===========================================================================================
----------------- testing Fri Aug 06 02:09:04 UTC 2021 /home/travis/build/icyphy/ptII/ptolemy/actor/lib/test/auto/MaximumComplex.xml
----------------- Instantiating /home/travis/build/icyphy/ptII/ptolemy/actor/lib/test/auto/MaximumComplex.xml
5 ms. Memory: 460800K Free: 344212K (75%)
----------------- Invoking toplevel() on ptolemy.moml.MoMLSimpleApplication@210d8e17
----------------- Done invoking toplevel() on ptolemy.moml.MoMLSimpleApplication@210d8e17
reloadAllAccessors: .MaximumComplex

===========================================================================================
----------------- testing Fri Aug 06 02:09:04 UTC 2021 /home/travis/build/icyphy/ptII/ptolemy/actor/lib/test/auto/MethodCallTest.xml
----------------- Instantiating /home/travis/build/icyphy/ptII/ptolemy/actor/lib/test/auto/MethodCallTest.xml
2 ms. Memory: 460800K Free: 337572K (73%)
----------------- Invoking toplevel() on ptolemy.moml.MoMLSimpleApplication@78296e2c
----------------- Done invoking toplevel() on ptolemy.moml.MoMLSimpleApplication@78296e2c
reloadAllAccessors: .MethodCallTest

===========================================================================================
----------------- testing Fri Aug 06 02:09:04 UTC 2021 /home/travis/build/icyphy/ptII/ptolemy/actor/lib/test/auto/Minimum.xml
----------------- Instantiating /home/travis/build/icyphy/ptII/ptolemy/actor/lib/test/auto/Minimum.xml
3 ms. Memory: 460800K Free: 330914K (72%)
----------------- Invoking toplevel() on ptolemy.moml.MoMLSimpleApplication@59d34630
----------------- Done invoking toplevel() on ptolemy.moml.MoMLSimpleApplication@59d34630
reloadAllAccessors: .Minimum

===========================================================================================
----------------- testing Fri Aug 06 02:09:04 UTC 2021 /home/travis/build/icyphy/ptII/ptolemy/actor/lib/test/auto/MinimumComplex.xml
----------------- Instantiating /home/travis/build/icyphy/ptII/ptolemy/actor/lib/test/auto/MinimumComplex.xml
2 ms. Memory: 460800K Free: 324756K (70%)
----------------- Invoking toplevel() on ptolemy.moml.MoMLSimpleApplication@32b41ed
----------------- Done invoking toplevel() on ptolemy.moml.MoMLSimpleApplication@32b41ed
reloadAllAccessors: .MinimumComplex

===========================================================================================
----------------- testing Fri Aug 06 02:09:04 UTC 2021 /home/travis/build/icyphy/ptII/ptolemy/actor/lib/test/auto/MinimumMultiports.xml
----------------- Instantiating /home/travis/build/icyphy/ptII/ptolemy/actor/lib/test/auto/MinimumMultiports.xml
3 ms. Memory: 460800K Free: 315524K (68%)
----------------- Invoking toplevel() on ptolemy.moml.MoMLSimpleApplication@7fb9625
----------------- Done invoking toplevel() on ptolemy.moml.MoMLSimpleApplication@7fb9625
reloadAllAccessors: .MinimumMultiports

===========================================================================================
----------------- testing Fri Aug 06 02:09:04 UTC 2021 /home/travis/build/icyphy/ptII/ptolemy/actor/lib/test/auto/ModifyDate.xml
----------------- Instantiating /home/travis/build/icyphy/ptII/ptolemy/actor/lib/test/auto/ModifyDate.xml
6 ms. Memory: 460800K Free: 302242K (66%)
----------------- Invoking toplevel() on ptolemy.moml.MoMLSimpleApplication@5a460fc8
----------------- Done invoking toplevel() on ptolemy.moml.MoMLSimpleApplication@5a460fc8
reloadAllAccessors: .ModifyDate

===========================================================================================
----------------- testing Fri Aug 06 02:09:04 UTC 2021 /home/travis/build/icyphy/ptII/ptolemy/actor/lib/test/auto/ModifyDate2.xml
----------------- Instantiating /home/travis/build/icyphy/ptII/ptolemy/actor/lib/test/auto/ModifyDate2.xml
4 ms. Memory: 460800K Free: 293540K (64%)
----------------- Invoking toplevel() on ptolemy.moml.MoMLSimpleApplication@798be0bb
----------------- Done invoking toplevel() on ptolemy.moml.MoMLSimpleApplication@798be0bb
reloadAllAccessors: .ModifyDate2

===========================================================================================
----------------- testing Fri Aug 06 02:09:04 UTC 2021 /home/travis/build/icyphy/ptII/ptolemy/actor/lib/test/auto/MovingAverage.xml
----------------- Instantiating /home/travis/build/icyphy/ptII/ptolemy/actor/lib/test/auto/MovingAverage.xml
3 ms. Memory: 460800K Free: 288420K (63%)
----------------- Invoking toplevel() on ptolemy.moml.MoMLSimpleApplication@7903a11e
----------------- Done invoking toplevel() on ptolemy.moml.MoMLSimpleApplication@7903a11e
reloadAllAccessors: .MovingAverage

===========================================================================================
----------------- testing Fri Aug 06 02:09:04 UTC 2021 /home/travis/build/icyphy/ptII/ptolemy/actor/lib/test/auto/MovingMaximum.xml
----------------- Instantiating /home/travis/build/icyphy/ptII/ptolemy/actor/lib/test/auto/MovingMaximum.xml
1 ms. Memory: 460800K Free: 283810K (62%)
----------------- Invoking toplevel() on ptolemy.moml.MoMLSimpleApplication@530c266d
----------------- Done invoking toplevel() on ptolemy.moml.MoMLSimpleApplication@530c266d
reloadAllAccessors: .MovingMaximum

===========================================================================================
----------------- testing Fri Aug 06 02:09:04 UTC 2021 /home/travis/build/icyphy/ptII/ptolemy/actor/lib/test/auto/MultipleLinksToSameRelation.xml
----------------- Instantiating /home/travis/build/icyphy/ptII/ptolemy/actor/lib/test/auto/MultipleLinksToSameRelation.xml
1 ms. Memory: 460800K Free: 279714K (61%)
----------------- Invoking toplevel() on ptolemy.moml.MoMLSimpleApplication@3df34b94
----------------- Done invoking toplevel() on ptolemy.moml.MoMLSimpleApplication@3df34b94
reloadAllAccessors: .MultipleLinksToSameRelation

===========================================================================================
----------------- testing Fri Aug 06 02:09:04 UTC 2021 /home/travis/build/icyphy/ptII/ptolemy/actor/lib/test/auto/MultipleLinksToSameRelationDE.xml
----------------- Instantiating /home/travis/build/icyphy/ptII/ptolemy/actor/lib/test/auto/MultipleLinksToSameRelationDE.xml
9 ms. Memory: 460800K Free: 275108K (60%)
----------------- Invoking toplevel() on ptolemy.moml.MoMLSimpleApplication@ece20a5
----------------- Done invoking toplevel() on ptolemy.moml.MoMLSimpleApplication@ece20a5
reloadAllAccessors: .MultipleLinksToSameRelationDE

===========================================================================================
----------------- testing Fri Aug 06 02:09:04 UTC 2021 /home/travis/build/icyphy/ptII/ptolemy/actor/lib/test/auto/Multiplexor.xml
----------------- Instantiating /home/travis/build/icyphy/ptII/ptolemy/actor/lib/test/auto/Multiplexor.xml
1 ms. Memory: 460800K Free: 269474K (58%)
----------------- Invoking toplevel() on ptolemy.moml.MoMLSimpleApplication@20efe4f0
----------------- Done invoking toplevel() on ptolemy.moml.MoMLSimpleApplication@20efe4f0
reloadAllAccessors: .Multiplexor

===========================================================================================
----------------- testing Fri Aug 06 02:09:04 UTC 2021 /home/travis/build/icyphy/ptII/ptolemy/actor/lib/test/auto/Multiplexor1.xml
----------------- Instantiating /home/travis/build/icyphy/ptII/ptolemy/actor/lib/test/auto/Multiplexor1.xml
2 ms. Memory: 460800K Free: 263844K (57%)
----------------- Invoking toplevel() on ptolemy.moml.MoMLSimpleApplication@27e7e3e5
----------------- Done invoking toplevel() on ptolemy.moml.MoMLSimpleApplication@27e7e3e5
reloadAllAccessors: .Multiplexor1

===========================================================================================
----------------- testing Fri Aug 06 02:09:04 UTC 2021 /home/travis/build/icyphy/ptII/ptolemy/actor/lib/test/auto/Multiplexor2.xml
----------------- Instantiating /home/travis/build/icyphy/ptII/ptolemy/actor/lib/test/auto/Multiplexor2.xml
5 ms. Memory: 460800K Free: 257186K (56%)
----------------- Invoking toplevel() on ptolemy.moml.MoMLSimpleApplication@1f637110
----------------- Done invoking toplevel() on ptolemy.moml.MoMLSimpleApplication@1f637110
reloadAllAccessors: .Multiplexor2

===========================================================================================
----------------- testing Fri Aug 06 02:09:04 UTC 2021 /home/travis/build/icyphy/ptII/ptolemy/actor/lib/test/auto/Multiplexor3.xml
----------------- Instantiating /home/travis/build/icyphy/ptII/ptolemy/actor/lib/test/auto/Multiplexor3.xml
2 ms. Memory: 460800K Free: 253090K (55%)
----------------- Invoking toplevel() on ptolemy.moml.MoMLSimpleApplication@5fe5b15e
----------------- Done invoking toplevel() on ptolemy.moml.MoMLSimpleApplication@5fe5b15e
reloadAllAccessors: .Multiplexor3

===========================================================================================
----------------- testing Fri Aug 06 02:09:04 UTC 2021 /home/travis/build/icyphy/ptII/ptolemy/actor/lib/test/auto/MultiplexorDE.xml
----------------- Instantiating /home/travis/build/icyphy/ptII/ptolemy/actor/lib/test/auto/MultiplexorDE.xml
2 ms. Memory: 460800K Free: 245412K (53%)
----------------- Invoking toplevel() on ptolemy.moml.MoMLSimpleApplication@73f4cb08
----------------- Done invoking toplevel() on ptolemy.moml.MoMLSimpleApplication@73f4cb08
reloadAllAccessors: .MultiplexorDE

===========================================================================================
----------------- testing Fri Aug 06 02:09:04 UTC 2021 /home/travis/build/icyphy/ptII/ptolemy/actor/lib/test/auto/MultiportBroadcastTest.xml
----------------- Instantiating /home/travis/build/icyphy/ptII/ptolemy/actor/lib/test/auto/MultiportBroadcastTest.xml
74 ms. Memory: 460800K Free: 239268K (52%)
----------------- Invoking toplevel() on ptolemy.moml.MoMLSimpleApplication@73364844
----------------- Done invoking toplevel() on ptolemy.moml.MoMLSimpleApplication@73364844
reloadAllAccessors: .MultiportBroadcastTest

===========================================================================================
----------------- testing Fri Aug 06 02:09:04 UTC 2021 /home/travis/build/icyphy/ptII/ptolemy/actor/lib/test/auto/MultiportOutHangDuringGetWidth.xml
----------------- Instantiating /home/travis/build/icyphy/ptII/ptolemy/actor/lib/test/auto/MultiportOutHangDuringGetWidth.xml
4 ms. Memory: 460800K Free: 226980K (49%)
----------------- Invoking toplevel() on ptolemy.moml.MoMLSimpleApplication@44cfc28c
----------------- Done invoking toplevel() on ptolemy.moml.MoMLSimpleApplication@44cfc28c
reloadAllAccessors: .MultiportOutHangDuringGetWidth

===========================================================================================
----------------- testing Fri Aug 06 02:09:04 UTC 2021 /home/travis/build/icyphy/ptII/ptolemy/actor/lib/test/auto/NilToken.xml
----------------- Instantiating /home/travis/build/icyphy/ptII/ptolemy/actor/lib/test/auto/NilToken.xml
1 ms. Memory: 460800K Free: 222884K (48%)
----------------- Invoking toplevel() on ptolemy.moml.MoMLSimpleApplication@95eeb49
----------------- Done invoking toplevel() on ptolemy.moml.MoMLSimpleApplication@95eeb49
reloadAllAccessors: .NilToken

===========================================================================================
----------------- testing Fri Aug 06 02:09:04 UTC 2021 /home/travis/build/icyphy/ptII/ptolemy/actor/lib/test/auto/NilTokenNonStrictTest.xml
----------------- Instantiating /home/travis/build/icyphy/ptII/ptolemy/actor/lib/test/auto/NilTokenNonStrictTest.xml
1 ms. Memory: 460800K Free: 218274K (47%)
----------------- Invoking toplevel() on ptolemy.moml.MoMLSimpleApplication@125db018
----------------- Done invoking toplevel() on ptolemy.moml.MoMLSimpleApplication@125db018
reloadAllAccessors: .NilTokenNonStrictTest

===========================================================================================
----------------- testing Fri Aug 06 02:09:04 UTC 2021 /home/travis/build/icyphy/ptII/ptolemy/actor/lib/test/auto/NilTokenRecord.xml
----------------- Instantiating /home/travis/build/icyphy/ptII/ptolemy/actor/lib/test/auto/NilTokenRecord.xml
9 ms. Memory: 460800K Free: 211620K (46%)
----------------- Invoking toplevel() on ptolemy.moml.MoMLSimpleApplication@1a28bad4
----------------- Done invoking toplevel() on ptolemy.moml.MoMLSimpleApplication@1a28bad4
reloadAllAccessors: .NilTokenRecord

===========================================================================================
----------------- testing Fri Aug 06 02:09:04 UTC 2021 /home/travis/build/icyphy/ptII/ptolemy/actor/lib/test/auto/NilTokenTypeTest.xml
----------------- Instantiating /home/travis/build/icyphy/ptII/ptolemy/actor/lib/test/auto/NilTokenTypeTest.xml
6 ms. Memory: 460800K Free: 201890K (44%)
----------------- Invoking toplevel() on ptolemy.moml.MoMLSimpleApplication@66d9b5cc
----------------- Done invoking toplevel() on ptolemy.moml.MoMLSimpleApplication@66d9b5cc
reloadAllAccessors: .NilTokenTypeTest

===========================================================================================
----------------- testing Fri Aug 06 02:09:04 UTC 2021 /home/travis/build/icyphy/ptII/ptolemy/actor/lib/test/auto/ObjectToken1.xml
----------------- Instantiating /home/travis/build/icyphy/ptII/ptolemy/actor/lib/test/auto/ObjectToken1.xml
1 ms. Memory: 460800K Free: 197794K (43%)
----------------- Invoking toplevel() on ptolemy.moml.MoMLSimpleApplication@2108a400
----------------- Done invoking toplevel() on ptolemy.moml.MoMLSimpleApplication@2108a400
reloadAllAccessors: .ObjectToken1

===========================================================================================
----------------- testing Fri Aug 06 02:09:04 UTC 2021 /home/travis/build/icyphy/ptII/ptolemy/actor/lib/test/auto/OrderedMerge.xml
----------------- Instantiating /home/travis/build/icyphy/ptII/ptolemy/actor/lib/test/auto/OrderedMerge.xml
7 ms. Memory: 460800K Free: 192164K (42%)
----------------- Invoking toplevel() on ptolemy.moml.MoMLSimpleApplication@3ab36c33
----------------- Done invoking toplevel() on ptolemy.moml.MoMLSimpleApplication@3ab36c33
reloadAllAccessors: .OrderedMerge

===========================================================================================
----------------- testing Fri Aug 06 02:09:04 UTC 2021 /home/travis/build/icyphy/ptII/ptolemy/actor/lib/test/auto/OrderedRecordDisassembler.xml
----------------- Instantiating /home/travis/build/icyphy/ptII/ptolemy/actor/lib/test/auto/OrderedRecordDisassembler.xml
3 ms. Memory: 460800K Free: 187044K (41%)
----------------- Invoking toplevel() on ptolemy.moml.MoMLSimpleApplication@2fcc9634
----------------- Done invoking toplevel() on ptolemy.moml.MoMLSimpleApplication@2fcc9634
reloadAllAccessors: .OrderedRecordDisassembler

===========================================================================================
----------------- testing Fri Aug 06 02:09:04 UTC 2021 /home/travis/build/icyphy/ptII/ptolemy/actor/lib/test/auto/OrderedRecordDisassembler2.xml
----------------- Instantiating /home/travis/build/icyphy/ptII/ptolemy/actor/lib/test/auto/OrderedRecordDisassembler2.xml
3 ms. Memory: 460800K Free: 179348K (39%)
----------------- Invoking toplevel() on ptolemy.moml.MoMLSimpleApplication@61744656
----------------- Done invoking toplevel() on ptolemy.moml.MoMLSimpleApplication@61744656
reloadAllAccessors: .OrderedRecordDisassembler2

===========================================================================================
----------------- testing Fri Aug 06 02:09:04 UTC 2021 /home/travis/build/icyphy/ptII/ptolemy/actor/lib/test/auto/OrderedRecordUpdater.xml
----------------- Instantiating /home/travis/build/icyphy/ptII/ptolemy/actor/lib/test/auto/OrderedRecordUpdater.xml
1 ms. Memory: 460800K Free: 174242K (38%)
----------------- Invoking toplevel() on ptolemy.moml.MoMLSimpleApplication@7ef6ee92
----------------- Done invoking toplevel() on ptolemy.moml.MoMLSimpleApplication@7ef6ee92
reloadAllAccessors: .RecordUpdater

===========================================================================================
----------------- testing Fri Aug 06 02:09:04 UTC 2021 /home/travis/build/icyphy/ptII/ptolemy/actor/lib/test/auto/OrderedRecordUpdater2.xml
----------------- Instantiating /home/travis/build/icyphy/ptII/ptolemy/actor/lib/test/auto/OrderedRecordUpdater2.xml
2 ms. Memory: 460800K Free: 169122K (37%)
----------------- Invoking toplevel() on ptolemy.moml.MoMLSimpleApplication@6db4781d
----------------- Done invoking toplevel() on ptolemy.moml.MoMLSimpleApplication@6db4781d
reloadAllAccessors: .RecordUpdater2

===========================================================================================
----------------- testing Fri Aug 06 02:09:04 UTC 2021 /home/travis/build/icyphy/ptII/ptolemy/actor/lib/test/auto/PhaseUnwrap.xml
----------------- Instantiating /home/travis/build/icyphy/ptII/ptolemy/actor/lib/test/auto/PhaseUnwrap.xml
2 ms. Memory: 460800K Free: 164516K (36%)
----------------- Invoking toplevel() on ptolemy.moml.MoMLSimpleApplication@7b393c63
----------------- Done invoking toplevel() on ptolemy.moml.MoMLSimpleApplication@7b393c63
reloadAllAccessors: .PhaseUnwrap

===========================================================================================
----------------- testing Fri Aug 06 02:09:04 UTC 2021 /home/travis/build/icyphy/ptII/ptolemy/actor/lib/test/auto/PoissonClock.xml
----------------- Instantiating /home/travis/build/icyphy/ptII/ptolemy/actor/lib/test/auto/PoissonClock.xml
2 ms. Memory: 460800K Free: 160420K (35%)
----------------- Invoking toplevel() on ptolemy.moml.MoMLSimpleApplication@65a6a247
----------------- Done invoking toplevel() on ptolemy.moml.MoMLSimpleApplication@65a6a247
reloadAllAccessors: .PoissonClock

===========================================================================================
----------------- testing Fri Aug 06 02:09:04 UTC 2021 /home/travis/build/icyphy/ptII/ptolemy/actor/lib/test/auto/PoissonClock2.xml
----------------- Instantiating /home/travis/build/icyphy/ptII/ptolemy/actor/lib/test/auto/PoissonClock2.xml
1 ms. Memory: 460800K Free: 155810K (34%)
----------------- Invoking toplevel() on ptolemy.moml.MoMLSimpleApplication@ab0fd5e
----------------- Done invoking toplevel() on ptolemy.moml.MoMLSimpleApplication@ab0fd5e
reloadAllAccessors: .PoissonClock2

===========================================================================================
----------------- testing Fri Aug 06 02:09:04 UTC 2021 /home/travis/build/icyphy/ptII/ptolemy/actor/lib/test/auto/PoissonClock3.xml
----------------- Instantiating /home/travis/build/icyphy/ptII/ptolemy/actor/lib/test/auto/PoissonClock3.xml
1 ms. Memory: 460800K Free: 151204K (33%)
----------------- Invoking toplevel() on ptolemy.moml.MoMLSimpleApplication@629f5a75
----------------- Done invoking toplevel() on ptolemy.moml.MoMLSimpleApplication@629f5a75
reloadAllAccessors: .PoissonClock3

===========================================================================================
----------------- testing Fri Aug 06 02:09:04 UTC 2021 /home/travis/build/icyphy/ptII/ptolemy/actor/lib/test/auto/PubSubWithInitialTokens.xml
----------------- Instantiating /home/travis/build/icyphy/ptII/ptolemy/actor/lib/test/auto/PubSubWithInitialTokens.xml
2 ms. Memory: 460800K Free: 145564K (32%)
----------------- Invoking toplevel() on ptolemy.moml.MoMLSimpleApplication@15c258a8
----------------- Done invoking toplevel() on ptolemy.moml.MoMLSimpleApplication@15c258a8
reloadAllAccessors: .PubSubWithInitialTokens

===========================================================================================
----------------- testing Fri Aug 06 02:09:04 UTC 2021 /home/travis/build/icyphy/ptII/ptolemy/actor/lib/test/auto/PubSubWithInitialTokens2.xml
----------------- Instantiating /home/travis/build/icyphy/ptII/ptolemy/actor/lib/test/auto/PubSubWithInitialTokens2.xml
1 ms. Memory: 460800K Free: 139420K (30%)
----------------- Invoking toplevel() on ptolemy.moml.MoMLSimpleApplication@3e67e47b
----------------- Done invoking toplevel() on ptolemy.moml.MoMLSimpleApplication@3e67e47b
reloadAllAccessors: .PubSubWithInitialTokens2

===========================================================================================
----------------- testing Fri Aug 06 02:09:04 UTC 2021 /home/travis/build/icyphy/ptII/ptolemy/actor/lib/test/auto/PublisherClassNoParameter.xml
----------------- Instantiating /home/travis/build/icyphy/ptII/ptolemy/actor/lib/test/auto/PublisherClassNoParameter.xml
1 ms. Memory: 460800K Free: 400012K (87%)
----------------- Invoking toplevel() on ptolemy.moml.MoMLSimpleApplication@7c0190ec
----------------- Done invoking toplevel() on ptolemy.moml.MoMLSimpleApplication@7c0190ec
reloadAllAccessors: .PublisherClassNoParameter

===========================================================================================
----------------- testing Fri Aug 06 02:09:04 UTC 2021 /home/travis/build/icyphy/ptII/ptolemy/actor/lib/test/auto/PublisherClassParameter.xml
----------------- Instantiating /home/travis/build/icyphy/ptII/ptolemy/actor/lib/test/auto/PublisherClassParameter.xml
2 ms. Memory: 460800K Free: 388748K (84%)
----------------- Invoking toplevel() on ptolemy.moml.MoMLSimpleApplication@8570d4e
----------------- Done invoking toplevel() on ptolemy.moml.MoMLSimpleApplication@8570d4e
reloadAllAccessors: .PublisherClassParameter

===========================================================================================
----------------- testing Fri Aug 06 02:09:04 UTC 2021 /home/travis/build/icyphy/ptII/ptolemy/actor/lib/test/auto/PublisherNonStrictTest.xml
----------------- Instantiating /home/travis/build/icyphy/ptII/ptolemy/actor/lib/test/auto/PublisherNonStrictTest.xml
3 ms. Memory: 460800K Free: 381060K (83%)
----------------- Invoking toplevel() on ptolemy.moml.MoMLSimpleApplication@6ef57bd3
----------------- Done invoking toplevel() on ptolemy.moml.MoMLSimpleApplication@6ef57bd3
reloadAllAccessors: .PublisherNonStrictTest

===========================================================================================
----------------- testing Fri Aug 06 02:09:04 UTC 2021 /home/travis/build/icyphy/ptII/ptolemy/actor/lib/test/auto/PublisherPort1.xml
----------------- Instantiating /home/travis/build/icyphy/ptII/ptolemy/actor/lib/test/auto/PublisherPort1.xml
2 ms. Memory: 460800K Free: 375436K (81%)
----------------- Invoking toplevel() on ptolemy.moml.MoMLSimpleApplication@7b06ea4a
----------------- Done invoking toplevel() on ptolemy.moml.MoMLSimpleApplication@7b06ea4a
reloadAllAccessors: .PublisherPort1

===========================================================================================
----------------- testing Fri Aug 06 02:09:04 UTC 2021 /home/travis/build/icyphy/ptII/ptolemy/actor/lib/test/auto/PublisherPort2.xml
----------------- Instantiating /home/travis/build/icyphy/ptII/ptolemy/actor/lib/test/auto/PublisherPort2.xml
1 ms. Memory: 460800K Free: 370316K (80%)
----------------- Invoking toplevel() on ptolemy.moml.MoMLSimpleApplication@4c0c3f00
----------------- Done invoking toplevel() on ptolemy.moml.MoMLSimpleApplication@4c0c3f00
reloadAllAccessors: .PublisherPort2

===========================================================================================
----------------- testing Fri Aug 06 02:09:04 UTC 2021 /home/travis/build/icyphy/ptII/ptolemy/actor/lib/test/auto/PublisherPort3.xml
----------------- Instantiating /home/travis/build/icyphy/ptII/ptolemy/actor/lib/test/auto/PublisherPort3.xml
9 ms. Memory: 460800K Free: 363628K (79%)
----------------- Invoking toplevel() on ptolemy.moml.MoMLSimpleApplication@7aee9ae5
----------------- Done invoking toplevel() on ptolemy.moml.MoMLSimpleApplication@7aee9ae5
reloadAllAccessors: .PublisherPort3

===========================================================================================
----------------- testing Fri Aug 06 02:09:04 UTC 2021 /home/travis/build/icyphy/ptII/ptolemy/actor/lib/test/auto/PublisherPort4.xml
----------------- Instantiating /home/travis/build/icyphy/ptII/ptolemy/actor/lib/test/auto/PublisherPort4.xml
2 ms. Memory: 460800K Free: 358028K (78%)
----------------- Invoking toplevel() on ptolemy.moml.MoMLSimpleApplication@d2d5e10
----------------- Done invoking toplevel() on ptolemy.moml.MoMLSimpleApplication@d2d5e10
reloadAllAccessors: .PublisherPort4

===========================================================================================
----------------- testing Fri Aug 06 02:09:04 UTC 2021 /home/travis/build/icyphy/ptII/ptolemy/actor/lib/test/auto/PublisherPort5.xml
----------------- Instantiating /home/travis/build/icyphy/ptII/ptolemy/actor/lib/test/auto/PublisherPort5.xml
3 ms. Memory: 460800K Free: 350346K (76%)
----------------- Invoking toplevel() on ptolemy.moml.MoMLSimpleApplication@5f39d941
----------------- Done invoking toplevel() on ptolemy.moml.MoMLSimpleApplication@5f39d941
reloadAllAccessors: .PublisherPort5

===========================================================================================
----------------- testing Fri Aug 06 02:09:04 UTC 2021 /home/travis/build/icyphy/ptII/ptolemy/actor/lib/test/auto/PublisherPort5LookAlike.xml
----------------- Instantiating /home/travis/build/icyphy/ptII/ptolemy/actor/lib/test/auto/PublisherPort5LookAlike.xml
6 ms. Memory: 460800K Free: 342668K (74%)
----------------- Invoking toplevel() on ptolemy.moml.MoMLSimpleApplication@2e29e60e
----------------- Done invoking toplevel() on ptolemy.moml.MoMLSimpleApplication@2e29e60e
reloadAllAccessors: .PublisherPort5LookAlike

===========================================================================================
----------------- testing Fri Aug 06 02:09:04 UTC 2021 /home/travis/build/icyphy/ptII/ptolemy/actor/lib/test/auto/PublisherPort6.xml
----------------- Instantiating /home/travis/build/icyphy/ptII/ptolemy/actor/lib/test/auto/PublisherPort6.xml
2 ms. Memory: 460800K Free: 335996K (73%)
----------------- Invoking toplevel() on ptolemy.moml.MoMLSimpleApplication@1159a8df
----------------- Done invoking toplevel() on ptolemy.moml.MoMLSimpleApplication@1159a8df
reloadAllAccessors: .PublisherPort6

===========================================================================================
----------------- testing Fri Aug 06 02:09:04 UTC 2021 /home/travis/build/icyphy/ptII/ptolemy/actor/lib/test/auto/PublisherPort7.xml
----------------- Instantiating /home/travis/build/icyphy/ptII/ptolemy/actor/lib/test/auto/PublisherPort7.xml
2 ms. Memory: 460800K Free: 327818K (71%)
----------------- Invoking toplevel() on ptolemy.moml.MoMLSimpleApplication@199c9382
----------------- Done invoking toplevel() on ptolemy.moml.MoMLSimpleApplication@199c9382
reloadAllAccessors: .PublisherPort7

===========================================================================================
----------------- testing Fri Aug 06 02:09:04 UTC 2021 /home/travis/build/icyphy/ptII/ptolemy/actor/lib/test/auto/PublisherPort8.xml
----------------- Instantiating /home/travis/build/icyphy/ptII/ptolemy/actor/lib/test/auto/PublisherPort8.xml
4 ms. Memory: 460800K Free: 319116K (69%)
----------------- Invoking toplevel() on ptolemy.moml.MoMLSimpleApplication@7aa345a0
----------------- Done invoking toplevel() on ptolemy.moml.MoMLSimpleApplication@7aa345a0
reloadAllAccessors: .PublisherPort8

===========================================================================================
----------------- testing Fri Aug 06 02:09:04 UTC 2021 /home/travis/build/icyphy/ptII/ptolemy/actor/lib/test/auto/PublisherPortSubscriberChannelVariablesAOC2.xml
----------------- Instantiating /home/travis/build/icyphy/ptII/ptolemy/actor/lib/test/auto/PublisherPortSubscriberChannelVariablesAOC2.xml
2 ms. Memory: 460800K Free: 301194K (65%)
----------------- Invoking toplevel() on ptolemy.moml.MoMLSimpleApplication@5ab2d22d
----------------- Done invoking toplevel() on ptolemy.moml.MoMLSimpleApplication@5ab2d22d
reloadAllAccessors: .PublisherPortSubscriberChannelVariablesAOC2

===========================================================================================
----------------- testing Fri Aug 06 02:09:05 UTC 2021 /home/travis/build/icyphy/ptII/ptolemy/actor/lib/test/auto/PublisherPortSubscriberOpaqueWidthInference.xml
----------------- Instantiating /home/travis/build/icyphy/ptII/ptolemy/actor/lib/test/auto/PublisherPortSubscriberOpaqueWidthInference.xml
3 ms. Memory: 460800K Free: 293516K (64%)
----------------- Invoking toplevel() on ptolemy.moml.MoMLSimpleApplication@4918afe1
----------------- Done invoking toplevel() on ptolemy.moml.MoMLSimpleApplication@4918afe1
reloadAllAccessors: .PublisherPortSubscriberOpaqueWidthInference

===========================================================================================
----------------- testing Fri Aug 06 02:09:05 UTC 2021 /home/travis/build/icyphy/ptII/ptolemy/actor/lib/test/auto/PublisherPortSubscriberPortAdjacent.xml
----------------- Instantiating /home/travis/build/icyphy/ptII/ptolemy/actor/lib/test/auto/PublisherPortSubscriberPortAdjacent.xml
5 ms. Memory: 460800K Free: 285324K (62%)
----------------- Invoking toplevel() on ptolemy.moml.MoMLSimpleApplication@445f9be5
----------------- Done invoking toplevel() on ptolemy.moml.MoMLSimpleApplication@445f9be5
reloadAllAccessors: .PublisherPortSubscriberPortAdjacent

===========================================================================================
----------------- testing Fri Aug 06 02:09:05 UTC 2021 /home/travis/build/icyphy/ptII/ptolemy/actor/lib/test/auto/PublisherPortSubscriberPortExpression.xml
----------------- Instantiating /home/travis/build/icyphy/ptII/ptolemy/actor/lib/test/auto/PublisherPortSubscriberPortExpression.xml
4 ms. Memory: 460800K Free: 277132K (60%)
----------------- Invoking toplevel() on ptolemy.moml.MoMLSimpleApplication@1f28e97e
----------------- Done invoking toplevel() on ptolemy.moml.MoMLSimpleApplication@1f28e97e
reloadAllAccessors: .PublisherPortSubscriberPortExpression

===========================================================================================
----------------- testing Fri Aug 06 02:09:05 UTC 2021 /home/travis/build/icyphy/ptII/ptolemy/actor/lib/test/auto/PublisherPortSubscriberPortOpaqueD3Reverse.xml
----------------- Instantiating /home/travis/build/icyphy/ptII/ptolemy/actor/lib/test/auto/PublisherPortSubscriberPortOpaqueD3Reverse.xml
5 ms. Memory: 460800K Free: 266892K (58%)
----------------- Invoking toplevel() on ptolemy.moml.MoMLSimpleApplication@20fe19f4
----------------- Done invoking toplevel() on ptolemy.moml.MoMLSimpleApplication@20fe19f4
reloadAllAccessors: .PublisherPortSubscriberPortOpaqueD3Reverse

===========================================================================================
----------------- testing Fri Aug 06 02:09:05 UTC 2021 /home/travis/build/icyphy/ptII/ptolemy/actor/lib/test/auto/PublisherPortSubscriberPortOpaqueWidthInference.xml
----------------- Instantiating /home/travis/build/icyphy/ptII/ptolemy/actor/lib/test/auto/PublisherPortSubscriberPortOpaqueWidthInference.xml
3 ms. Memory: 460800K Free: 258700K (56%)
----------------- Invoking toplevel() on ptolemy.moml.MoMLSimpleApplication@1862aa7e
----------------- Done invoking toplevel() on ptolemy.moml.MoMLSimpleApplication@1862aa7e
reloadAllAccessors: .PublisherPortSubscriberPortOpaqueWidthInference

===========================================================================================
----------------- testing Fri Aug 06 02:09:05 UTC 2021 /home/travis/build/icyphy/ptII/ptolemy/actor/lib/test/auto/PublisherPortToplevelSubscriberPortAOC.xml
----------------- Instantiating /home/travis/build/icyphy/ptII/ptolemy/actor/lib/test/auto/PublisherPortToplevelSubscriberPortAOC.xml
.PublisherPortToplevelSubscriberPortAOC.TestExceptionAttribute: initialize() was not invoked, but wrapup() was.  This is unusual, but not always a problem.  For example, exporting JNLP will do this.
1 ms. Memory: 460800K Free: 252556K (55%)
----------------- Invoking toplevel() on ptolemy.moml.MoMLSimpleApplication@4e5bcce2
----------------- Done invoking toplevel() on ptolemy.moml.MoMLSimpleApplication@4e5bcce2
reloadAllAccessors: .PublisherPortToplevelSubscriberPortAOC

===========================================================================================
----------------- testing Fri Aug 06 02:09:05 UTC 2021 /home/travis/build/icyphy/ptII/ptolemy/actor/lib/test/auto/PublisherSubscriber.xml
----------------- Instantiating /home/travis/build/icyphy/ptII/ptolemy/actor/lib/test/auto/PublisherSubscriber.xml
2 ms. Memory: 460800K Free: 245388K (53%)
----------------- Invoking toplevel() on ptolemy.moml.MoMLSimpleApplication@4ebb2bac
----------------- Done invoking toplevel() on ptolemy.moml.MoMLSimpleApplication@4ebb2bac
reloadAllAccessors: .PublisherSubscriber

===========================================================================================
----------------- testing Fri Aug 06 02:09:05 UTC 2021 /home/travis/build/icyphy/ptII/ptolemy/actor/lib/test/auto/PublisherSubscriber10.xml
----------------- Instantiating /home/travis/build/icyphy/ptII/ptolemy/actor/lib/test/auto/PublisherSubscriber10.xml
4 ms. Memory: 460800K Free: 235658K (51%)
----------------- Invoking toplevel() on ptolemy.moml.MoMLSimpleApplication@7a810b49
----------------- Done invoking toplevel() on ptolemy.moml.MoMLSimpleApplication@7a810b49
reloadAllAccessors: .PublisherSubscriber10

===========================================================================================
----------------- testing Fri Aug 06 02:09:05 UTC 2021 /home/travis/build/icyphy/ptII/ptolemy/actor/lib/test/auto/PublisherSubscriber10InitialOutputs.xml
----------------- Instantiating /home/travis/build/icyphy/ptII/ptolemy/actor/lib/test/auto/PublisherSubscriber10InitialOutputs.xml
14 ms. Memory: 460800K Free: 226442K (49%)
----------------- Invoking toplevel() on ptolemy.moml.MoMLSimpleApplication@7c4bd508
----------------- Done invoking toplevel() on ptolemy.moml.MoMLSimpleApplication@7c4bd508
reloadAllAccessors: .PublisherSubscriber10InitialOutputs

===========================================================================================
----------------- testing Fri Aug 06 02:09:05 UTC 2021 /home/travis/build/icyphy/ptII/ptolemy/actor/lib/test/auto/PublisherSubscriber11.xml
----------------- Instantiating /home/travis/build/icyphy/ptII/ptolemy/actor/lib/test/auto/PublisherSubscriber11.xml
3 ms. Memory: 460800K Free: 220284K (48%)
----------------- Invoking toplevel() on ptolemy.moml.MoMLSimpleApplication@49ee0f25
----------------- Done invoking toplevel() on ptolemy.moml.MoMLSimpleApplication@49ee0f25
reloadAllAccessors: .PublisherSubscriber11

===========================================================================================
----------------- testing Fri Aug 06 02:09:05 UTC 2021 /home/travis/build/icyphy/ptII/ptolemy/actor/lib/test/auto/PublisherSubscriber12.xml
----------------- Instantiating /home/travis/build/icyphy/ptII/ptolemy/actor/lib/test/auto/PublisherSubscriber12.xml
4 ms. Memory: 460800K Free: 213130K (46%)
----------------- Invoking toplevel() on ptolemy.moml.MoMLSimpleApplication@5e365396
----------------- Done invoking toplevel() on ptolemy.moml.MoMLSimpleApplication@5e365396
reloadAllAccessors: .PublisherSubscriber12

===========================================================================================
----------------- testing Fri Aug 06 02:09:05 UTC 2021 /home/travis/build/icyphy/ptII/ptolemy/actor/lib/test/auto/PublisherSubscriber13.xml
----------------- Instantiating /home/travis/build/icyphy/ptII/ptolemy/actor/lib/test/auto/PublisherSubscriber13.xml
2 ms. Memory: 460800K Free: 206956K (45%)
----------------- Invoking toplevel() on ptolemy.moml.MoMLSimpleApplication@96872df
----------------- Done invoking toplevel() on ptolemy.moml.MoMLSimpleApplication@96872df
reloadAllAccessors: .PublisherSubscriber13

===========================================================================================
----------------- testing Fri Aug 06 02:09:05 UTC 2021 /home/travis/build/icyphy/ptII/ptolemy/actor/lib/test/auto/PublisherSubscriber14.xml
----------------- Instantiating /home/travis/build/icyphy/ptII/ptolemy/actor/lib/test/auto/PublisherSubscriber14.xml
2 ms. Memory: 460800K Free: 198284K (43%)
----------------- Invoking toplevel() on ptolemy.moml.MoMLSimpleApplication@2b7fccc3
----------------- Done invoking toplevel() on ptolemy.moml.MoMLSimpleApplication@2b7fccc3
reloadAllAccessors: .PublisherSubscriber14

===========================================================================================
----------------- testing Fri Aug 06 02:09:05 UTC 2021 /home/travis/build/icyphy/ptII/ptolemy/actor/lib/test/auto/PublisherSubscriber2.xml
----------------- Instantiating /home/travis/build/icyphy/ptII/ptolemy/actor/lib/test/auto/PublisherSubscriber2.xml
2 ms. Memory: 460800K Free: 192620K (42%)
----------------- Invoking toplevel() on ptolemy.moml.MoMLSimpleApplication@4a2b35df
----------------- Done invoking toplevel() on ptolemy.moml.MoMLSimpleApplication@4a2b35df
reloadAllAccessors: .PublisherSubscriber2

===========================================================================================
----------------- testing Fri Aug 06 02:09:05 UTC 2021 /home/travis/build/icyphy/ptII/ptolemy/actor/lib/test/auto/PublisherSubscriber3.xml
----------------- Instantiating /home/travis/build/icyphy/ptII/ptolemy/actor/lib/test/auto/PublisherSubscriber3.xml
1 ms. Memory: 460800K Free: 187020K (41%)
----------------- Invoking toplevel() on ptolemy.moml.MoMLSimpleApplication@4bc8921f
----------------- Done invoking toplevel() on ptolemy.moml.MoMLSimpleApplication@4bc8921f
reloadAllAccessors: .PublisherSubscriber3

===========================================================================================
----------------- testing Fri Aug 06 02:09:05 UTC 2021 /home/travis/build/icyphy/ptII/ptolemy/actor/lib/test/auto/PublisherSubscriber4.xml
----------------- Instantiating /home/travis/build/icyphy/ptII/ptolemy/actor/lib/test/auto/PublisherSubscriber4.xml
2 ms. Memory: 460800K Free: 181356K (39%)
----------------- Invoking toplevel() on ptolemy.moml.MoMLSimpleApplication@6a79a36a
----------------- Done invoking toplevel() on ptolemy.moml.MoMLSimpleApplication@6a79a36a
reloadAllAccessors: .PublisherSubscriber4

===========================================================================================
----------------- testing Fri Aug 06 02:09:05 UTC 2021 /home/travis/build/icyphy/ptII/ptolemy/actor/lib/test/auto/PublisherSubscriber5.xml
----------------- Instantiating /home/travis/build/icyphy/ptII/ptolemy/actor/lib/test/auto/PublisherSubscriber5.xml
2 ms. Memory: 460800K Free: 174212K (38%)
----------------- Invoking toplevel() on ptolemy.moml.MoMLSimpleApplication@6061c00b
----------------- Done invoking toplevel() on ptolemy.moml.MoMLSimpleApplication@6061c00b
reloadAllAccessors: .PublisherSubscriber5

===========================================================================================
----------------- testing Fri Aug 06 02:09:05 UTC 2021 /home/travis/build/icyphy/ptII/ptolemy/actor/lib/test/auto/PublisherSubscriber6.xml
----------------- Instantiating /home/travis/build/icyphy/ptII/ptolemy/actor/lib/test/auto/PublisherSubscriber6.xml
3 ms. Memory: 460800K Free: 167564K (36%)
----------------- Invoking toplevel() on ptolemy.moml.MoMLSimpleApplication@26bdd629
----------------- Done invoking toplevel() on ptolemy.moml.MoMLSimpleApplication@26bdd629
reloadAllAccessors: .PublisherSubscriber6

===========================================================================================
----------------- testing Fri Aug 06 02:09:05 UTC 2021 /home/travis/build/icyphy/ptII/ptolemy/actor/lib/test/auto/PublisherSubscriber7.xml
----------------- Instantiating /home/travis/build/icyphy/ptII/ptolemy/actor/lib/test/auto/PublisherSubscriber7.xml
6 ms. Memory: 460800K Free: 160906K (35%)
----------------- Invoking toplevel() on ptolemy.moml.MoMLSimpleApplication@6f64c9e3
----------------- Done invoking toplevel() on ptolemy.moml.MoMLSimpleApplication@6f64c9e3
reloadAllAccessors: .PublisherSubscriber7

===========================================================================================
----------------- testing Fri Aug 06 02:09:05 UTC 2021 /home/travis/build/icyphy/ptII/ptolemy/actor/lib/test/auto/PublisherSubscriber8.xml
----------------- Instantiating /home/travis/build/icyphy/ptII/ptolemy/actor/lib/test/auto/PublisherSubscriber8.xml
16 ms. Memory: 460800K Free: 149132K (32%)
----------------- Invoking toplevel() on ptolemy.moml.MoMLSimpleApplication@6b10b9ef
----------------- Done invoking toplevel() on ptolemy.moml.MoMLSimpleApplication@6b10b9ef
reloadAllAccessors: .PublisherSubscriber8

===========================================================================================
----------------- testing Fri Aug 06 02:09:05 UTC 2021 /home/travis/build/icyphy/ptII/ptolemy/actor/lib/test/auto/PublisherSubscriber9.xml
----------------- Instantiating /home/travis/build/icyphy/ptII/ptolemy/actor/lib/test/auto/PublisherSubscriber9.xml
2 ms. Memory: 460800K Free: 141964K (31%)
----------------- Invoking toplevel() on ptolemy.moml.MoMLSimpleApplication@5ed48051
----------------- Done invoking toplevel() on ptolemy.moml.MoMLSimpleApplication@5ed48051
reloadAllAccessors: .PublisherSubscriber9

===========================================================================================
----------------- testing Fri Aug 06 02:09:05 UTC 2021 /home/travis/build/icyphy/ptII/ptolemy/actor/lib/test/auto/PublisherSubscriberAdjacent.xml
----------------- Instantiating /home/travis/build/icyphy/ptII/ptolemy/actor/lib/test/auto/PublisherSubscriberAdjacent.xml
1 ms. Memory: 460800K Free: 403077K (87%)
----------------- Invoking toplevel() on ptolemy.moml.MoMLSimpleApplication@1c76aed0
----------------- Done invoking toplevel() on ptolemy.moml.MoMLSimpleApplication@1c76aed0
reloadAllAccessors: .PublisherSubscriberAdjacent

===========================================================================================
----------------- testing Fri Aug 06 02:09:05 UTC 2021 /home/travis/build/icyphy/ptII/ptolemy/actor/lib/test/auto/PublisherSubscriberChannelVariablesAOC2.xml
----------------- Instantiating /home/travis/build/icyphy/ptII/ptolemy/actor/lib/test/auto/PublisherSubscriberChannelVariablesAOC2.xml
3 ms. Memory: 460800K Free: 387731K (84%)
----------------- Invoking toplevel() on ptolemy.moml.MoMLSimpleApplication@5e4df9a0
----------------- Done invoking toplevel() on ptolemy.moml.MoMLSimpleApplication@5e4df9a0
reloadAllAccessors: .PublisherSubscriberChannelVariablesAOC2

===========================================================================================
----------------- testing Fri Aug 06 02:09:05 UTC 2021 /home/travis/build/icyphy/ptII/ptolemy/actor/lib/test/auto/PublisherSubscriberD3.xml
----------------- Instantiating /home/travis/build/icyphy/ptII/ptolemy/actor/lib/test/auto/PublisherSubscriberD3.xml
2 ms. Memory: 460800K Free: 380563K (83%)
----------------- Invoking toplevel() on ptolemy.moml.MoMLSimpleApplication@4b3198d3
----------------- Done invoking toplevel() on ptolemy.moml.MoMLSimpleApplication@4b3198d3
reloadAllAccessors: .PublisherSubscriberD3

===========================================================================================
----------------- testing Fri Aug 06 02:09:05 UTC 2021 /home/travis/build/icyphy/ptII/ptolemy/actor/lib/test/auto/PublisherSubscriberD3Reverse.xml
----------------- Instantiating /home/travis/build/icyphy/ptII/ptolemy/actor/lib/test/auto/PublisherSubscriberD3Reverse.xml
1 ms. Memory: 460800K Free: 374419K (81%)
----------------- Invoking toplevel() on ptolemy.moml.MoMLSimpleApplication@26d9d43f
----------------- Done invoking toplevel() on ptolemy.moml.MoMLSimpleApplication@26d9d43f
reloadAllAccessors: .PublisherSubscriberD3Reverse

===========================================================================================
----------------- testing Fri Aug 06 02:09:05 UTC 2021 /home/travis/build/icyphy/ptII/ptolemy/actor/lib/test/auto/PublisherSubscriberExpression.xml
----------------- Instantiating /home/travis/build/icyphy/ptII/ptolemy/actor/lib/test/auto/PublisherSubscriberExpression.xml
3 ms. Memory: 460800K Free: 366213K (79%)
----------------- Invoking toplevel() on ptolemy.moml.MoMLSimpleApplication@13396914
----------------- Done invoking toplevel() on ptolemy.moml.MoMLSimpleApplication@13396914
reloadAllAccessors: .PublisherSubscriberExpression

===========================================================================================
----------------- testing Fri Aug 06 02:09:05 UTC 2021 /home/travis/build/icyphy/ptII/ptolemy/actor/lib/test/auto/PublisherSubscriberOpaque.xml
----------------- Instantiating /home/travis/build/icyphy/ptII/ptolemy/actor/lib/test/auto/PublisherSubscriberOpaque.xml
3 ms. Memory: 460800K Free: 357525K (78%)
----------------- Invoking toplevel() on ptolemy.moml.MoMLSimpleApplication@14c70906
----------------- Done invoking toplevel() on ptolemy.moml.MoMLSimpleApplication@14c70906
reloadAllAccessors: .PublisherSubscriberOpaque

===========================================================================================
----------------- testing Fri Aug 06 02:09:05 UTC 2021 /home/travis/build/icyphy/ptII/ptolemy/actor/lib/test/auto/PublisherSubscriberOpaqueD3.xml
----------------- Instantiating /home/travis/build/icyphy/ptII/ptolemy/actor/lib/test/auto/PublisherSubscriberOpaqueD3.xml
5 ms. Memory: 460800K Free: 346261K (75%)
----------------- Invoking toplevel() on ptolemy.moml.MoMLSimpleApplication@44fb7125
----------------- Done invoking toplevel() on ptolemy.moml.MoMLSimpleApplication@44fb7125
reloadAllAccessors: .PublisherSubscriberOpaqueD3

===========================================================================================
----------------- testing Fri Aug 06 02:09:05 UTC 2021 /home/travis/build/icyphy/ptII/ptolemy/actor/lib/test/auto/PublisherSubscriberOpaqueD3Reverse.xml
----------------- Instantiating /home/travis/build/icyphy/ptII/ptolemy/actor/lib/test/auto/PublisherSubscriberOpaqueD3Reverse.xml
7 ms. Memory: 460800K Free: 335507K (73%)
----------------- Invoking toplevel() on ptolemy.moml.MoMLSimpleApplication@771d2cc3
----------------- Done invoking toplevel() on ptolemy.moml.MoMLSimpleApplication@771d2cc3
reloadAllAccessors: .PublisherSubscriberOpaqueD3Reverse

===========================================================================================
----------------- testing Fri Aug 06 02:09:05 UTC 2021 /home/travis/build/icyphy/ptII/ptolemy/actor/lib/test/auto/PublisherSubscriberOpaqueWidthInference.xml
----------------- Instantiating /home/travis/build/icyphy/ptII/ptolemy/actor/lib/test/auto/PublisherSubscriberOpaqueWidthInference.xml
4 ms. Memory: 460800K Free: 327301K (71%)
----------------- Invoking toplevel() on ptolemy.moml.MoMLSimpleApplication@66113fc4
----------------- Done invoking toplevel() on ptolemy.moml.MoMLSimpleApplication@66113fc4
reloadAllAccessors: .PublisherSubscriberOpaqueWidthInference

===========================================================================================
----------------- testing Fri Aug 06 02:09:05 UTC 2021 /home/travis/build/icyphy/ptII/ptolemy/actor/lib/test/auto/PublisherTestSubscriber.xml
----------------- Instantiating /home/travis/build/icyphy/ptII/ptolemy/actor/lib/test/auto/PublisherTestSubscriber.xml
2 ms. Memory: 460800K Free: 319637K (69%)
----------------- Invoking toplevel() on ptolemy.moml.MoMLSimpleApplication@3f22def5
----------------- Done invoking toplevel() on ptolemy.moml.MoMLSimpleApplication@3f22def5
reloadAllAccessors: .PublisherTestSubscriber

===========================================================================================
----------------- testing Fri Aug 06 02:09:05 UTC 2021 /home/travis/build/icyphy/ptII/ptolemy/actor/lib/test/auto/PublisherToplevelSubscriberPortAOC.xml
----------------- Instantiating /home/travis/build/icyphy/ptII/ptolemy/actor/lib/test/auto/PublisherToplevelSubscriberPortAOC.xml
4 ms. Memory: 460800K Free: 312469K (68%)
----------------- Invoking toplevel() on ptolemy.moml.MoMLSimpleApplication@39019aac
----------------- Done invoking toplevel() on ptolemy.moml.MoMLSimpleApplication@39019aac
reloadAllAccessors: .PublisherToplevelSubscriberPortAOC

===========================================================================================
----------------- testing Fri Aug 06 02:09:05 UTC 2021 /home/travis/build/icyphy/ptII/ptolemy/actor/lib/test/auto/PulseFiringLimitDE.xml
----------------- Instantiating /home/travis/build/icyphy/ptII/ptolemy/actor/lib/test/auto/PulseFiringLimitDE.xml
2 ms. Memory: 460800K Free: 305811K (66%)
----------------- Invoking toplevel() on ptolemy.moml.MoMLSimpleApplication@4b58898d
----------------- Done invoking toplevel() on ptolemy.moml.MoMLSimpleApplication@4b58898d
reloadAllAccessors: .PulseFiringLimitDE

===========================================================================================
----------------- testing Fri Aug 06 02:09:05 UTC 2021 /home/travis/build/icyphy/ptII/ptolemy/actor/lib/test/auto/Ramp1.xml
----------------- Instantiating /home/travis/build/icyphy/ptII/ptolemy/actor/lib/test/auto/Ramp1.xml
1 ms. Memory: 460800K Free: 301709K (65%)
----------------- Invoking toplevel() on ptolemy.moml.MoMLSimpleApplication@47c1894e
----------------- Done invoking toplevel() on ptolemy.moml.MoMLSimpleApplication@47c1894e
reloadAllAccessors: .Ramp1

===========================================================================================
----------------- testing Fri Aug 06 02:09:05 UTC 2021 /home/travis/build/icyphy/ptII/ptolemy/actor/lib/test/auto/RampFiringLimitDE.xml
----------------- Instantiating /home/travis/build/icyphy/ptII/ptolemy/actor/lib/test/auto/RampFiringLimitDE.xml
2 ms. Memory: 460800K Free: 295557K (64%)
----------------- Invoking toplevel() on ptolemy.moml.MoMLSimpleApplication@4fea2c7
----------------- Done invoking toplevel() on ptolemy.moml.MoMLSimpleApplication@4fea2c7
reloadAllAccessors: .RampFiringLimitDE

===========================================================================================
----------------- testing Fri Aug 06 02:09:05 UTC 2021 /home/travis/build/icyphy/ptII/ptolemy/actor/lib/test/auto/RampFiringLimitSDF.xml
----------------- Instantiating /home/travis/build/icyphy/ptII/ptolemy/actor/lib/test/auto/RampFiringLimitSDF.xml
1 ms. Memory: 460800K Free: 289941K (63%)
----------------- Invoking toplevel() on ptolemy.moml.MoMLSimpleApplication@1ca80c3a
----------------- Done invoking toplevel() on ptolemy.moml.MoMLSimpleApplication@1ca80c3a
reloadAllAccessors: .RampFiringLimitSDF

===========================================================================================
----------------- testing Fri Aug 06 02:09:05 UTC 2021 /home/travis/build/icyphy/ptII/ptolemy/actor/lib/test/auto/RandomInteger.xml
----------------- Instantiating /home/travis/build/icyphy/ptII/ptolemy/actor/lib/test/auto/RandomInteger.xml
0 ms. Memory: 460800K Free: 285845K (62%)
----------------- Invoking toplevel() on ptolemy.moml.MoMLSimpleApplication@2bb25978
----------------- Done invoking toplevel() on ptolemy.moml.MoMLSimpleApplication@2bb25978
reloadAllAccessors: .RandomInteger

===========================================================================================
----------------- testing Fri Aug 06 02:09:05 UTC 2021 /home/travis/build/icyphy/ptII/ptolemy/actor/lib/test/auto/ReadFile1.xml
----------------- Instantiating /home/travis/build/icyphy/ptII/ptolemy/actor/lib/test/auto/ReadFile1.xml
1 ms. Memory: 460800K Free: 281229K (61%)
----------------- Invoking toplevel() on ptolemy.moml.MoMLSimpleApplication@1a7eb4c9
----------------- Done invoking toplevel() on ptolemy.moml.MoMLSimpleApplication@1a7eb4c9
reloadAllAccessors: .ReadFile1

===========================================================================================
----------------- testing Fri Aug 06 02:09:05 UTC 2021 /home/travis/build/icyphy/ptII/ptolemy/actor/lib/test/auto/ReadFile2.xml
----------------- Instantiating /home/travis/build/icyphy/ptII/ptolemy/actor/lib/test/auto/ReadFile2.xml
1 ms. Memory: 460800K Free: 277139K (60%)
----------------- Invoking toplevel() on ptolemy.moml.MoMLSimpleApplication@a319411
----------------- Done invoking toplevel() on ptolemy.moml.MoMLSimpleApplication@a319411
reloadAllAccessors: .ReadFile2

===========================================================================================
----------------- testing Fri Aug 06 02:09:05 UTC 2021 /home/travis/build/icyphy/ptII/ptolemy/actor/lib/test/auto/Reader.xml
----------------- Instantiating /home/travis/build/icyphy/ptII/ptolemy/actor/lib/test/auto/Reader.xml
actor.lib.Reader is obsolete, use actor.lib.io.ExpressionReader instead
3 ms. Memory: 460800K Free: 273043K (59%)
----------------- Invoking toplevel() on ptolemy.moml.MoMLSimpleApplication@74ed0811
----------------- Done invoking toplevel() on ptolemy.moml.MoMLSimpleApplication@74ed0811
reloadAllAccessors: .Reader

===========================================================================================
----------------- testing Fri Aug 06 02:09:05 UTC 2021 /home/travis/build/icyphy/ptII/ptolemy/actor/lib/test/auto/RecordAssemblerDisplayNameTest.xml
----------------- Instantiating /home/travis/build/icyphy/ptII/ptolemy/actor/lib/test/auto/RecordAssemblerDisplayNameTest.xml
2895 ms. Memory: 460800K Free: 155770K (34%)
----------------- Invoking toplevel() on ptolemy.moml.MoMLSimpleApplication@cc714f9
----------------- Done invoking toplevel() on ptolemy.moml.MoMLSimpleApplication@cc714f9
reloadAllAccessors: .RecordAssemblerDisplayNameTest

===========================================================================================
----------------- testing Fri Aug 06 02:09:08 UTC 2021 /home/travis/build/icyphy/ptII/ptolemy/actor/lib/test/auto/RecordAssemblerTypeError.xml
----------------- Instantiating /home/travis/build/icyphy/ptII/ptolemy/actor/lib/test/auto/RecordAssemblerTypeError.xml
12 ms. Memory: 460800K Free: 146044K (32%)
----------------- Invoking toplevel() on ptolemy.moml.MoMLSimpleApplication@16a2708d
----------------- Done invoking toplevel() on ptolemy.moml.MoMLSimpleApplication@16a2708d
reloadAllAccessors: .RecordAssemblerTypeError

===========================================================================================
----------------- testing Fri Aug 06 02:09:08 UTC 2021 /home/travis/build/icyphy/ptII/ptolemy/actor/lib/test/auto/RecordDisassember.xml
----------------- Instantiating /home/travis/build/icyphy/ptII/ptolemy/actor/lib/test/auto/RecordDisassember.xml
5 ms. Memory: 460800K Free: 140924K (31%)
----------------- Invoking toplevel() on ptolemy.moml.MoMLSimpleApplication@6b412202
----------------- Done invoking toplevel() on ptolemy.moml.MoMLSimpleApplication@6b412202
reloadAllAccessors: .RecordDisassember

===========================================================================================
----------------- testing Fri Aug 06 02:09:08 UTC 2021 /home/travis/build/icyphy/ptII/ptolemy/actor/lib/test/auto/RecordDisassemberDisplayNameTest.xml
----------------- Instantiating /home/travis/build/icyphy/ptII/ptolemy/actor/lib/test/auto/RecordDisassemberDisplayNameTest.xml
6 ms. Memory: 460800K Free: 403058K (87%)
----------------- Invoking toplevel() on ptolemy.moml.MoMLSimpleApplication@6b892f4b
----------------- Done invoking toplevel() on ptolemy.moml.MoMLSimpleApplication@6b892f4b
reloadAllAccessors: .RecordDisassemberDisplayNameTest

===========================================================================================
----------------- testing Fri Aug 06 02:09:08 UTC 2021 /home/travis/build/icyphy/ptII/ptolemy/actor/lib/test/auto/RecordDisassembler.xml
----------------- Instantiating /home/travis/build/icyphy/ptII/ptolemy/actor/lib/test/auto/RecordDisassembler.xml
2 ms. Memory: 460800K Free: 397417K (86%)
----------------- Invoking toplevel() on ptolemy.moml.MoMLSimpleApplication@4f94fa64
----------------- Done invoking toplevel() on ptolemy.moml.MoMLSimpleApplication@4f94fa64
reloadAllAccessors: .RecordDisassembler

===========================================================================================
----------------- testing Fri Aug 06 02:09:08 UTC 2021 /home/travis/build/icyphy/ptII/ptolemy/actor/lib/test/auto/RecordDisassembler2.xml
----------------- Instantiating /home/travis/build/icyphy/ptII/ptolemy/actor/lib/test/auto/RecordDisassembler2.xml
2 ms. Memory: 460800K Free: 392273K (85%)
----------------- Invoking toplevel() on ptolemy.moml.MoMLSimpleApplication@7521835f
----------------- Done invoking toplevel() on ptolemy.moml.MoMLSimpleApplication@7521835f
reloadAllAccessors: .RecordDisassembler2

===========================================================================================
----------------- testing Fri Aug 06 02:09:08 UTC 2021 /home/travis/build/icyphy/ptII/ptolemy/actor/lib/test/auto/RecordUpdater.xml
----------------- Instantiating /home/travis/build/icyphy/ptII/ptolemy/actor/lib/test/auto/RecordUpdater.xml
3 ms. Memory: 460800K Free: 387184K (84%)
----------------- Invoking toplevel() on ptolemy.moml.MoMLSimpleApplication@12bab872
----------------- Done invoking toplevel() on ptolemy.moml.MoMLSimpleApplication@12bab872
reloadAllAccessors: .RecordUpdater

===========================================================================================
----------------- testing Fri Aug 06 02:09:08 UTC 2021 /home/travis/build/icyphy/ptII/ptolemy/actor/lib/test/auto/RecordUpdater2.xml
----------------- Instantiating /home/travis/build/icyphy/ptII/ptolemy/actor/lib/test/auto/RecordUpdater2.xml
2 ms. Memory: 460800K Free: 381554K (83%)
----------------- Invoking toplevel() on ptolemy.moml.MoMLSimpleApplication@6c97a2ab
----------------- Done invoking toplevel() on ptolemy.moml.MoMLSimpleApplication@6c97a2ab
reloadAllAccessors: .RecordUpdater2

===========================================================================================
----------------- testing Fri Aug 06 02:09:08 UTC 2021 /home/travis/build/icyphy/ptII/ptolemy/actor/lib/test/auto/RecursiveLattice.xml
----------------- Instantiating /home/travis/build/icyphy/ptII/ptolemy/actor/lib/test/auto/RecursiveLattice.xml
2 ms. Memory: 460800K Free: 376944K (82%)
----------------- Invoking toplevel() on ptolemy.moml.MoMLSimpleApplication@1821cffc
----------------- Done invoking toplevel() on ptolemy.moml.MoMLSimpleApplication@1821cffc
reloadAllAccessors: .RecursiveLattice

===========================================================================================
----------------- testing Fri Aug 06 02:09:08 UTC 2021 /home/travis/build/icyphy/ptII/ptolemy/actor/lib/test/auto/Router.xml
----------------- Instantiating /home/travis/build/icyphy/ptII/ptolemy/actor/lib/test/auto/Router.xml
3004 ms. Memory: 460800K Free: 366194K (79%)
----------------- Invoking toplevel() on ptolemy.moml.MoMLSimpleApplication@4b4062d8
----------------- Done invoking toplevel() on ptolemy.moml.MoMLSimpleApplication@4b4062d8
reloadAllAccessors: .Router

===========================================================================================
----------------- testing Fri Aug 06 02:09:11 UTC 2021 /home/travis/build/icyphy/ptII/ptolemy/actor/lib/test/auto/Router2.xml
----------------- Instantiating /home/travis/build/icyphy/ptII/ptolemy/actor/lib/test/auto/Router2.xml
3004 ms. Memory: 460800K Free: 355954K (77%)
----------------- Invoking toplevel() on ptolemy.moml.MoMLSimpleApplication@3b07854d
----------------- Done invoking toplevel() on ptolemy.moml.MoMLSimpleApplication@3b07854d
reloadAllAccessors: .Router2

===========================================================================================
----------------- testing Fri Aug 06 02:09:14 UTC 2021 /home/travis/build/icyphy/ptII/ptolemy/actor/lib/test/auto/RunningMaximum.xml
----------------- Instantiating /home/travis/build/icyphy/ptII/ptolemy/actor/lib/test/auto/RunningMaximum.xml
2 ms. Memory: 460800K Free: 350834K (76%)
----------------- Invoking toplevel() on ptolemy.moml.MoMLSimpleApplication@1e234ff9
----------------- Done invoking toplevel() on ptolemy.moml.MoMLSimpleApplication@1e234ff9
reloadAllAccessors: .RunningMaximum

===========================================================================================
----------------- testing Fri Aug 06 02:09:14 UTC 2021 /home/travis/build/icyphy/ptII/ptolemy/actor/lib/test/auto/RunningMinimum.xml
----------------- Instantiating /home/travis/build/icyphy/ptII/ptolemy/actor/lib/test/auto/RunningMinimum.xml
8 ms. Memory: 460800K Free: 346224K (75%)
----------------- Invoking toplevel() on ptolemy.moml.MoMLSimpleApplication@70380d8d
----------------- Done invoking toplevel() on ptolemy.moml.MoMLSimpleApplication@70380d8d
reloadAllAccessors: .RunningMinimum

===========================================================================================
----------------- testing Fri Aug 06 02:09:14 UTC 2021 /home/travis/build/icyphy/ptII/ptolemy/actor/lib/test/auto/Scale.xml
----------------- Instantiating /home/travis/build/icyphy/ptII/ptolemy/actor/lib/test/auto/Scale.xml
1 ms. Memory: 460800K Free: 341618K (74%)
----------------- Invoking toplevel() on ptolemy.moml.MoMLSimpleApplication@7eccfd74
----------------- Done invoking toplevel() on ptolemy.moml.MoMLSimpleApplication@7eccfd74
reloadAllAccessors: .Scale

===========================================================================================
----------------- testing Fri Aug 06 02:09:14 UTC 2021 /home/travis/build/icyphy/ptII/ptolemy/actor/lib/test/auto/Scale2.xml
----------------- Instantiating /home/travis/build/icyphy/ptII/ptolemy/actor/lib/test/auto/Scale2.xml
1 ms. Memory: 460800K Free: 337008K (73%)
----------------- Invoking toplevel() on ptolemy.moml.MoMLSimpleApplication@3b0ca98d
----------------- Done invoking toplevel() on ptolemy.moml.MoMLSimpleApplication@3b0ca98d
reloadAllAccessors: .Scale2

===========================================================================================
----------------- testing Fri Aug 06 02:09:14 UTC 2021 /home/travis/build/icyphy/ptII/ptolemy/actor/lib/test/auto/Scale3.xml
----------------- Instantiating /home/travis/build/icyphy/ptII/ptolemy/actor/lib/test/auto/Scale3.xml
7 ms. Memory: 460800K Free: 329840K (72%)
----------------- Invoking toplevel() on ptolemy.moml.MoMLSimpleApplication@2ad2bcff
----------------- Done invoking toplevel() on ptolemy.moml.MoMLSimpleApplication@2ad2bcff
reloadAllAccessors: .Scale3

===========================================================================================
----------------- testing Fri Aug 06 02:09:14 UTC 2021 /home/travis/build/icyphy/ptII/ptolemy/actor/lib/test/auto/ScaleArray.xml
----------------- Instantiating /home/travis/build/icyphy/ptII/ptolemy/actor/lib/test/auto/ScaleArray.xml
2 ms. Memory: 460800K Free: 325234K (71%)
----------------- Invoking toplevel() on ptolemy.moml.MoMLSimpleApplication@1048964e
----------------- Done invoking toplevel() on ptolemy.moml.MoMLSimpleApplication@1048964e
reloadAllAccessors: .ScaleArray

===========================================================================================
----------------- testing Fri Aug 06 02:09:14 UTC 2021 /home/travis/build/icyphy/ptII/ptolemy/actor/lib/test/auto/ScaleArray2.xml
----------------- Instantiating /home/travis/build/icyphy/ptII/ptolemy/actor/lib/test/auto/ScaleArray2.xml
1 ms. Memory: 460800K Free: 320624K (70%)
----------------- Invoking toplevel() on ptolemy.moml.MoMLSimpleApplication@5cce92c8
----------------- Done invoking toplevel() on ptolemy.moml.MoMLSimpleApplication@5cce92c8
reloadAllAccessors: .ScaleArray2

===========================================================================================
----------------- testing Fri Aug 06 02:09:14 UTC 2021 /home/travis/build/icyphy/ptII/ptolemy/actor/lib/test/auto/ScaleMatrix.xml
----------------- Instantiating /home/travis/build/icyphy/ptII/ptolemy/actor/lib/test/auto/ScaleMatrix.xml
112 ms. Memory: 460800K Free: 305778K (66%)
----------------- Invoking toplevel() on ptolemy.moml.MoMLSimpleApplication@3cee3413
----------------- Done invoking toplevel() on ptolemy.moml.MoMLSimpleApplication@3cee3413
reloadAllAccessors: .ScaleMatrix

===========================================================================================
----------------- testing Fri Aug 06 02:09:15 UTC 2021 /home/travis/build/icyphy/ptII/ptolemy/actor/lib/test/auto/Select.xml
----------------- Instantiating /home/travis/build/icyphy/ptII/ptolemy/actor/lib/test/auto/Select.xml
1 ms. Memory: 460800K Free: 299634K (65%)
----------------- Invoking toplevel() on ptolemy.moml.MoMLSimpleApplication@7b299f74
----------------- Done invoking toplevel() on ptolemy.moml.MoMLSimpleApplication@7b299f74
reloadAllAccessors: .Select

===========================================================================================
----------------- testing Fri Aug 06 02:09:15 UTC 2021 /home/travis/build/icyphy/ptII/ptolemy/actor/lib/test/auto/Select2.xml
----------------- Instantiating /home/travis/build/icyphy/ptII/ptolemy/actor/lib/test/auto/Select2.xml
1 ms. Memory: 460800K Free: 295024K (64%)
----------------- Invoking toplevel() on ptolemy.moml.MoMLSimpleApplication@4a9a72a7
----------------- Done invoking toplevel() on ptolemy.moml.MoMLSimpleApplication@4a9a72a7
reloadAllAccessors: .Select2

===========================================================================================
----------------- testing Fri Aug 06 02:09:15 UTC 2021 /home/travis/build/icyphy/ptII/ptolemy/actor/lib/test/auto/SequenceToArray2.xml
----------------- Instantiating /home/travis/build/icyphy/ptII/ptolemy/actor/lib/test/auto/SequenceToArray2.xml
80 ms. Memory: 460800K Free: 270962K (59%)
----------------- Invoking toplevel() on ptolemy.moml.MoMLSimpleApplication@5318282f
----------------- Done invoking toplevel() on ptolemy.moml.MoMLSimpleApplication@5318282f
reloadAllAccessors: .SequenceToArray2

===========================================================================================
----------------- testing Fri Aug 06 02:09:15 UTC 2021 /home/travis/build/icyphy/ptII/ptolemy/actor/lib/test/auto/SequentialClock.xml
----------------- Instantiating /home/travis/build/icyphy/ptII/ptolemy/actor/lib/test/auto/SequentialClock.xml
1 ms. Memory: 460800K Free: 266866K (58%)
----------------- Invoking toplevel() on ptolemy.moml.MoMLSimpleApplication@5d7a16a9
----------------- Done invoking toplevel() on ptolemy.moml.MoMLSimpleApplication@5d7a16a9
reloadAllAccessors: .SequentialClock

===========================================================================================
----------------- testing Fri Aug 06 02:09:15 UTC 2021 /home/travis/build/icyphy/ptII/ptolemy/actor/lib/test/auto/SetVariable.xml
----------------- Instantiating /home/travis/build/icyphy/ptII/ptolemy/actor/lib/test/auto/SetVariable.xml
2 ms. Memory: 460800K Free: 261746K (57%)
----------------- Invoking toplevel() on ptolemy.moml.MoMLSimpleApplication@76bb5c32
----------------- Done invoking toplevel() on ptolemy.moml.MoMLSimpleApplication@76bb5c32
reloadAllAccessors: .SetVariable

===========================================================================================
----------------- testing Fri Aug 06 02:09:15 UTC 2021 /home/travis/build/icyphy/ptII/ptolemy/actor/lib/test/auto/SetVariable2.xml
----------------- Instantiating /home/travis/build/icyphy/ptII/ptolemy/actor/lib/test/auto/SetVariable2.xml
2 ms. Memory: 460800K Free: 256626K (56%)
----------------- Invoking toplevel() on ptolemy.moml.MoMLSimpleApplication@1cca1b2c
----------------- Done invoking toplevel() on ptolemy.moml.MoMLSimpleApplication@1cca1b2c
reloadAllAccessors: .SetVariable2

===========================================================================================
----------------- testing Fri Aug 06 02:09:15 UTC 2021 /home/travis/build/icyphy/ptII/ptolemy/actor/lib/test/auto/SetVariable3.xml
----------------- Instantiating /home/travis/build/icyphy/ptII/ptolemy/actor/lib/test/auto/SetVariable3.xml
6 ms. Memory: 460800K Free: 250992K (54%)
----------------- Invoking toplevel() on ptolemy.moml.MoMLSimpleApplication@466f7b69
----------------- Done invoking toplevel() on ptolemy.moml.MoMLSimpleApplication@466f7b69
reloadAllAccessors: .SetVariable3

===========================================================================================
----------------- testing Fri Aug 06 02:09:15 UTC 2021 /home/travis/build/icyphy/ptII/ptolemy/actor/lib/test/auto/SetVariable4.xml
----------------- Instantiating /home/travis/build/icyphy/ptII/ptolemy/actor/lib/test/auto/SetVariable4.xml
21 ms. Memory: 460800K Free: 241266K (52%)
----------------- Invoking toplevel() on ptolemy.moml.MoMLSimpleApplication@78dafef6
----------------- Done invoking toplevel() on ptolemy.moml.MoMLSimpleApplication@78dafef6
reloadAllAccessors: .SetVariable4

===========================================================================================
----------------- testing Fri Aug 06 02:09:15 UTC 2021 /home/travis/build/icyphy/ptII/ptolemy/actor/lib/test/auto/SetVariable5.xml
----------------- Instantiating /home/travis/build/icyphy/ptII/ptolemy/actor/lib/test/auto/SetVariable5.xml
14 ms. Memory: 460800K Free: 232050K (50%)
----------------- Invoking toplevel() on ptolemy.moml.MoMLSimpleApplication@479f0784
----------------- Done invoking toplevel() on ptolemy.moml.MoMLSimpleApplication@479f0784
reloadAllAccessors: .SetVariable5

===========================================================================================
----------------- testing Fri Aug 06 02:09:15 UTC 2021 /home/travis/build/icyphy/ptII/ptolemy/actor/lib/test/auto/Sinewave.xml
----------------- Instantiating /home/travis/build/icyphy/ptII/ptolemy/actor/lib/test/auto/Sinewave.xml
4 ms. Memory: 460800K Free: 221296K (48%)
----------------- Invoking toplevel() on ptolemy.moml.MoMLSimpleApplication@4b2f779e
----------------- Done invoking toplevel() on ptolemy.moml.MoMLSimpleApplication@4b2f779e
reloadAllAccessors: .Sinewave

===========================================================================================
----------------- testing Fri Aug 06 02:09:15 UTC 2021 /home/travis/build/icyphy/ptII/ptolemy/actor/lib/test/auto/Sinewave2.xml
----------------- Instantiating /home/travis/build/icyphy/ptII/ptolemy/actor/lib/test/auto/Sinewave2.xml
5 ms. Memory: 460800K Free: 213097K (46%)
----------------- Invoking toplevel() on ptolemy.moml.MoMLSimpleApplication@6729b429
----------------- Done invoking toplevel() on ptolemy.moml.MoMLSimpleApplication@6729b429
reloadAllAccessors: .Sinewave2

===========================================================================================
----------------- testing Fri Aug 06 02:09:15 UTC 2021 /home/travis/build/icyphy/ptII/ptolemy/actor/lib/test/auto/Sinewave3.xml
----------------- Instantiating /home/travis/build/icyphy/ptII/ptolemy/actor/lib/test/auto/Sinewave3.xml
7 ms. Memory: 460800K Free: 204881K (44%)
----------------- Invoking toplevel() on ptolemy.moml.MoMLSimpleApplication@6686e38f
----------------- Done invoking toplevel() on ptolemy.moml.MoMLSimpleApplication@6686e38f
reloadAllAccessors: .Sinewave3

===========================================================================================
----------------- testing Fri Aug 06 02:09:15 UTC 2021 /home/travis/build/icyphy/ptII/ptolemy/actor/lib/test/auto/SingleEvent.xml
----------------- Instantiating /home/travis/build/icyphy/ptII/ptolemy/actor/lib/test/auto/SingleEvent.xml
1 ms. Memory: 460800K Free: 200306K (43%)
----------------- Invoking toplevel() on ptolemy.moml.MoMLSimpleApplication@542b976d
----------------- Done invoking toplevel() on ptolemy.moml.MoMLSimpleApplication@542b976d
reloadAllAccessors: .SingleEvent

===========================================================================================
----------------- testing Fri Aug 06 02:09:15 UTC 2021 /home/travis/build/icyphy/ptII/ptolemy/actor/lib/test/auto/Sleep.xml
----------------- Instantiating /home/travis/build/icyphy/ptII/ptolemy/actor/lib/test/auto/Sleep.xml
6003 ms. Memory: 460800K Free: 194672K (42%)
----------------- Invoking toplevel() on ptolemy.moml.MoMLSimpleApplication@3d4b4375
----------------- Done invoking toplevel() on ptolemy.moml.MoMLSimpleApplication@3d4b4375
reloadAllAccessors: .Sleep

===========================================================================================
----------------- testing Fri Aug 06 02:09:21 UTC 2021 /home/travis/build/icyphy/ptII/ptolemy/actor/lib/test/auto/SleepMultipleFire.xml
----------------- Instantiating /home/travis/build/icyphy/ptII/ptolemy/actor/lib/test/auto/SleepMultipleFire.xml
1005 ms. Memory: 460800K Free: 189042K (41%)
----------------- Invoking toplevel() on ptolemy.moml.MoMLSimpleApplication@5be4a75e
----------------- Done invoking toplevel() on ptolemy.moml.MoMLSimpleApplication@5be4a75e
reloadAllAccessors: .SleepMultipleFire

===========================================================================================
----------------- testing Fri Aug 06 02:09:22 UTC 2021 /home/travis/build/icyphy/ptII/ptolemy/actor/lib/test/auto/StopDE.xml
----------------- Instantiating /home/travis/build/icyphy/ptII/ptolemy/actor/lib/test/auto/StopDE.xml
4 ms. Memory: 460800K Free: 182898K (40%)
----------------- Invoking toplevel() on ptolemy.moml.MoMLSimpleApplication@13c43705
----------------- Done invoking toplevel() on ptolemy.moml.MoMLSimpleApplication@13c43705
reloadAllAccessors: .StopDE

===========================================================================================
----------------- testing Fri Aug 06 02:09:22 UTC 2021 /home/travis/build/icyphy/ptII/ptolemy/actor/lib/test/auto/StopSDF.xml
----------------- Instantiating /home/travis/build/icyphy/ptII/ptolemy/actor/lib/test/auto/StopSDF.xml
3 ms. Memory: 460800K Free: 177778K (39%)
----------------- Invoking toplevel() on ptolemy.moml.MoMLSimpleApplication@43712655
----------------- Done invoking toplevel() on ptolemy.moml.MoMLSimpleApplication@43712655
reloadAllAccessors: .StopSDF

===========================================================================================
----------------- testing Fri Aug 06 02:09:22 UTC 2021 /home/travis/build/icyphy/ptII/ptolemy/actor/lib/test/auto/StringConstant.xml
----------------- Instantiating /home/travis/build/icyphy/ptII/ptolemy/actor/lib/test/auto/StringConstant.xml
8 ms. Memory: 460800K Free: 173682K (38%)
----------------- Invoking toplevel() on ptolemy.moml.MoMLSimpleApplication@313288df
----------------- Done invoking toplevel() on ptolemy.moml.MoMLSimpleApplication@313288df
reloadAllAccessors: .StringConstant

===========================================================================================
----------------- testing Fri Aug 06 02:09:22 UTC 2021 /home/travis/build/icyphy/ptII/ptolemy/actor/lib/test/auto/SubscriberPortInitialValues1.xml
----------------- Instantiating /home/travis/build/icyphy/ptII/ptolemy/actor/lib/test/auto/SubscriberPortInitialValues1.xml
8 ms. Memory: 460800K Free: 164466K (36%)
----------------- Invoking toplevel() on ptolemy.moml.MoMLSimpleApplication@36d1c948
----------------- Done invoking toplevel() on ptolemy.moml.MoMLSimpleApplication@36d1c948
reloadAllAccessors: .SubscriberPortInitialValues1

===========================================================================================
----------------- testing Fri Aug 06 02:09:22 UTC 2021 /home/travis/build/icyphy/ptII/ptolemy/actor/lib/test/auto/SubscriberPortInitialValues13.xml
----------------- Instantiating /home/travis/build/icyphy/ptII/ptolemy/actor/lib/test/auto/SubscriberPortInitialValues13.xml
7 ms. Memory: 460800K Free: 151664K (33%)
----------------- Invoking toplevel() on ptolemy.moml.MoMLSimpleApplication@7f79badc
----------------- Done invoking toplevel() on ptolemy.moml.MoMLSimpleApplication@7f79badc
reloadAllAccessors: .SubscriberPortInitialValues13

===========================================================================================
----------------- testing Fri Aug 06 02:09:22 UTC 2021 /home/travis/build/icyphy/ptII/ptolemy/actor/lib/test/auto/SubscriberPortInitialValues14.xml
----------------- Instantiating /home/travis/build/icyphy/ptII/ptolemy/actor/lib/test/auto/SubscriberPortInitialValues14.xml
5 ms. Memory: 460800K Free: 143472K (31%)
----------------- Invoking toplevel() on ptolemy.moml.MoMLSimpleApplication@25c3c67f
----------------- Done invoking toplevel() on ptolemy.moml.MoMLSimpleApplication@25c3c67f
reloadAllAccessors: .SubscriberPortInitialValues14

===========================================================================================
----------------- testing Fri Aug 06 02:09:22 UTC 2021 /home/travis/build/icyphy/ptII/ptolemy/actor/lib/test/auto/SubscriberPortInitialValues2.xml
----------------- Instantiating /home/travis/build/icyphy/ptII/ptolemy/actor/lib/test/auto/SubscriberPortInitialValues2.xml
22 ms. Memory: 460800K Free: 405106K (88%)
----------------- Invoking toplevel() on ptolemy.moml.MoMLSimpleApplication@6b1fad49
----------------- Done invoking toplevel() on ptolemy.moml.MoMLSimpleApplication@6b1fad49
reloadAllAccessors: .SubscriberPortInitialValues2

===========================================================================================
----------------- testing Fri Aug 06 02:09:22 UTC 2021 /home/travis/build/icyphy/ptII/ptolemy/actor/lib/test/auto/SubscriberPortInitialValues3.xml
----------------- Instantiating /home/travis/build/icyphy/ptII/ptolemy/actor/lib/test/auto/SubscriberPortInitialValues3.xml
4 ms. Memory: 460800K Free: 393842K (85%)
----------------- Invoking toplevel() on ptolemy.moml.MoMLSimpleApplication@575da0e
----------------- Done invoking toplevel() on ptolemy.moml.MoMLSimpleApplication@575da0e
reloadAllAccessors: .SubscriberPortInitialValues3

===========================================================================================
----------------- testing Fri Aug 06 02:09:22 UTC 2021 /home/travis/build/icyphy/ptII/ptolemy/actor/lib/test/auto/SubscriptionAggregator.xml
----------------- Instantiating /home/travis/build/icyphy/ptII/ptolemy/actor/lib/test/auto/SubscriptionAggregator.xml
3 ms. Memory: 460800K Free: 386660K (84%)
----------------- Invoking toplevel() on ptolemy.moml.MoMLSimpleApplication@4fbaa673
----------------- Done invoking toplevel() on ptolemy.moml.MoMLSimpleApplication@4fbaa673
reloadAllAccessors: .SubscriptionAggregator

===========================================================================================
----------------- testing Fri Aug 06 02:09:22 UTC 2021 /home/travis/build/icyphy/ptII/ptolemy/actor/lib/test/auto/SubscriptionAggregator2.xml
----------------- Instantiating /home/travis/build/icyphy/ptII/ptolemy/actor/lib/test/auto/SubscriptionAggregator2.xml
3 ms. Memory: 460800K Free: 380020K (82%)
----------------- Invoking toplevel() on ptolemy.moml.MoMLSimpleApplication@4e6fb78d
----------------- Done invoking toplevel() on ptolemy.moml.MoMLSimpleApplication@4e6fb78d
reloadAllAccessors: .SubscriptionAggregator2

===========================================================================================
----------------- testing Fri Aug 06 02:09:22 UTC 2021 /home/travis/build/icyphy/ptII/ptolemy/actor/lib/test/auto/SubscriptionAggregator3.xml
----------------- Instantiating /home/travis/build/icyphy/ptII/ptolemy/actor/lib/test/auto/SubscriptionAggregator3.xml
3 ms. Memory: 460800K Free: 370804K (80%)
----------------- Invoking toplevel() on ptolemy.moml.MoMLSimpleApplication@6634504d
----------------- Done invoking toplevel() on ptolemy.moml.MoMLSimpleApplication@6634504d
reloadAllAccessors: .SubscriptionAggregator3

===========================================================================================
----------------- testing Fri Aug 06 02:09:22 UTC 2021 /home/travis/build/icyphy/ptII/ptolemy/actor/lib/test/auto/SubscriptionAggregatorMultiply.xml
----------------- Instantiating /home/travis/build/icyphy/ptII/ptolemy/actor/lib/test/auto/SubscriptionAggregatorMultiply.xml
4 ms. Memory: 460800K Free: 362092K (79%)
----------------- Invoking toplevel() on ptolemy.moml.MoMLSimpleApplication@1415fdd6
----------------- Done invoking toplevel() on ptolemy.moml.MoMLSimpleApplication@1415fdd6
reloadAllAccessors: .SubscriptionAggregatorMultiply

===========================================================================================
----------------- testing Fri Aug 06 02:09:22 UTC 2021 /home/travis/build/icyphy/ptII/ptolemy/actor/lib/test/auto/SubscriptionAggregatorPortMultiply1.xml
----------------- Instantiating /home/travis/build/icyphy/ptII/ptolemy/actor/lib/test/auto/SubscriptionAggregatorPortMultiply1.xml
3 ms. Memory: 460800K Free: 354420K (77%)
----------------- Invoking toplevel() on ptolemy.moml.MoMLSimpleApplication@1b494b4a
----------------- Done invoking toplevel() on ptolemy.moml.MoMLSimpleApplication@1b494b4a
reloadAllAccessors: .SubscriptionAggregatorPortMultiply1

===========================================================================================
----------------- testing Fri Aug 06 02:09:22 UTC 2021 /home/travis/build/icyphy/ptII/ptolemy/actor/lib/test/auto/Switch.xml
----------------- Instantiating /home/travis/build/icyphy/ptII/ptolemy/actor/lib/test/auto/Switch.xml
8 ms. Memory: 460800K Free: 345714K (75%)
----------------- Invoking toplevel() on ptolemy.moml.MoMLSimpleApplication@c02daa2
----------------- Done invoking toplevel() on ptolemy.moml.MoMLSimpleApplication@c02daa2
reloadAllAccessors: .Switch

===========================================================================================
----------------- testing Fri Aug 06 02:09:22 UTC 2021 /home/travis/build/icyphy/ptII/ptolemy/actor/lib/test/auto/Switch2.xml
----------------- Instantiating /home/travis/build/icyphy/ptII/ptolemy/actor/lib/test/auto/Switch2.xml
1 ms. Memory: 460800K Free: 341108K (74%)
----------------- Invoking toplevel() on ptolemy.moml.MoMLSimpleApplication@66f8bb9f
----------------- Done invoking toplevel() on ptolemy.moml.MoMLSimpleApplication@66f8bb9f
reloadAllAccessors: .Switch2

===========================================================================================
----------------- testing Fri Aug 06 02:09:22 UTC 2021 /home/travis/build/icyphy/ptII/ptolemy/actor/lib/test/auto/SwitchDE.xml
----------------- Instantiating /home/travis/build/icyphy/ptII/ptolemy/actor/lib/test/auto/SwitchDE.xml
3 ms. Memory: 460800K Free: 334964K (73%)
----------------- Invoking toplevel() on ptolemy.moml.MoMLSimpleApplication@28bd6962
----------------- Done invoking toplevel() on ptolemy.moml.MoMLSimpleApplication@28bd6962
reloadAllAccessors: .SwitchDE

===========================================================================================
----------------- testing Fri Aug 06 02:09:22 UTC 2021 /home/travis/build/icyphy/ptII/ptolemy/actor/lib/test/auto/SynchronizerDE.xml
----------------- Instantiating /home/travis/build/icyphy/ptII/ptolemy/actor/lib/test/auto/SynchronizerDE.xml
8 ms. Memory: 460800K Free: 326252K (71%)
----------------- Invoking toplevel() on ptolemy.moml.MoMLSimpleApplication@594ca84f
----------------- Done invoking toplevel() on ptolemy.moml.MoMLSimpleApplication@594ca84f
reloadAllAccessors: .SynchronizerDE

===========================================================================================
----------------- testing Fri Aug 06 02:09:22 UTC 2021 /home/travis/build/icyphy/ptII/ptolemy/actor/lib/test/auto/Test.xml
----------------- Instantiating /home/travis/build/icyphy/ptII/ptolemy/actor/lib/test/auto/Test.xml
2 ms. Memory: 460800K Free: 321108K (70%)
----------------- Invoking toplevel() on ptolemy.moml.MoMLSimpleApplication@6cd32d93
----------------- Done invoking toplevel() on ptolemy.moml.MoMLSimpleApplication@6cd32d93
reloadAllAccessors: .Test

===========================================================================================
----------------- testing Fri Aug 06 02:09:22 UTC 2021 /home/travis/build/icyphy/ptII/ptolemy/actor/lib/test/auto/TestExceptionAttribute1.xml
----------------- Instantiating /home/travis/build/icyphy/ptII/ptolemy/actor/lib/test/auto/TestExceptionAttribute1.xml
1 ms. Memory: 460800K Free: 317042K (69%)
----------------- Invoking toplevel() on ptolemy.moml.MoMLSimpleApplication@1a01ea2b
----------------- Done invoking toplevel() on ptolemy.moml.MoMLSimpleApplication@1a01ea2b
reloadAllAccessors: .TestExceptionAttribute1

===========================================================================================
----------------- testing Fri Aug 06 02:09:22 UTC 2021 /home/travis/build/icyphy/ptII/ptolemy/actor/lib/test/auto/TestExceptionAttribute2.xml
----------------- Instantiating /home/travis/build/icyphy/ptII/ptolemy/actor/lib/test/auto/TestExceptionAttribute2.xml
1 ms. Memory: 460800K Free: 313460K (68%)
----------------- Invoking toplevel() on ptolemy.moml.MoMLSimpleApplication@5ba5f6ce
----------------- Done invoking toplevel() on ptolemy.moml.MoMLSimpleApplication@5ba5f6ce
reloadAllAccessors: .TestExceptionAttribute2

===========================================================================================
----------------- testing Fri Aug 06 02:09:22 UTC 2021 /home/travis/build/icyphy/ptII/ptolemy/actor/lib/test/auto/TestExceptionAttribute3.xml
----------------- Instantiating /home/travis/build/icyphy/ptII/ptolemy/actor/lib/test/auto/TestExceptionAttribute3.xml
.TestExceptionAttribute3.TestExceptionAttribute: initialize() was not invoked, but wrapup() was.  This is unusual, but not always a problem.  For example, exporting JNLP will do this.
0 ms. Memory: 460800K Free: 309874K (67%)
----------------- Invoking toplevel() on ptolemy.moml.MoMLSimpleApplication@2e5c087d
----------------- Done invoking toplevel() on ptolemy.moml.MoMLSimpleApplication@2e5c087d
reloadAllAccessors: .TestExceptionAttribute3

===========================================================================================
----------------- testing Fri Aug 06 02:09:22 UTC 2021 /home/travis/build/icyphy/ptII/ptolemy/actor/lib/test/auto/TestExceptionAttribute4.xml
----------------- Instantiating /home/travis/build/icyphy/ptII/ptolemy/actor/lib/test/auto/TestExceptionAttribute4.xml
.TestExceptionAttribute4.TestExceptionAttribute: initialize() was not invoked, but wrapup() was.  This is unusual, but not always a problem.  For example, exporting JNLP will do this.
.TestExceptionAttribute4.TestExceptionAttribute2: initialize() was not invoked, but wrapup() was.  This is unusual, but not always a problem.  For example, exporting JNLP will do this.
0 ms. Memory: 460800K Free: 305268K (66%)
----------------- Invoking toplevel() on ptolemy.moml.MoMLSimpleApplication@3db07581
----------------- Done invoking toplevel() on ptolemy.moml.MoMLSimpleApplication@3db07581
reloadAllAccessors: .TestExceptionAttribute4

===========================================================================================
----------------- testing Fri Aug 06 02:09:22 UTC 2021 /home/travis/build/icyphy/ptII/ptolemy/actor/lib/test/auto/TestExceptionHandler1.xml
----------------- Instantiating /home/travis/build/icyphy/ptII/ptolemy/actor/lib/test/auto/TestExceptionHandler1.xml
1 ms. Memory: 460800K Free: 301682K (65%)
----------------- Invoking toplevel() on ptolemy.moml.MoMLSimpleApplication@53fabea0
----------------- Done invoking toplevel() on ptolemy.moml.MoMLSimpleApplication@53fabea0
reloadAllAccessors: .TestExceptionHandler1

===========================================================================================
----------------- testing Fri Aug 06 02:09:22 UTC 2021 /home/travis/build/icyphy/ptII/ptolemy/actor/lib/test/auto/TestExceptionHandler2.xml
----------------- Instantiating /home/travis/build/icyphy/ptII/ptolemy/actor/lib/test/auto/TestExceptionHandler2.xml
2 ms. Memory: 460800K Free: 297586K (65%)
----------------- Invoking toplevel() on ptolemy.moml.MoMLSimpleApplication@1af44ac5
----------------- Done invoking toplevel() on ptolemy.moml.MoMLSimpleApplication@1af44ac5
reloadAllAccessors: .TestExceptionHandler2

===========================================================================================
----------------- testing Fri Aug 06 02:09:22 UTC 2021 /home/travis/build/icyphy/ptII/ptolemy/actor/lib/test/auto/TestExceptionHandler3.xml
----------------- Instantiating /home/travis/build/icyphy/ptII/ptolemy/actor/lib/test/auto/TestExceptionHandler3.xml
1 ms. Memory: 460800K Free: 294004K (64%)
----------------- Invoking toplevel() on ptolemy.moml.MoMLSimpleApplication@3ecd9c7c
----------------- Done invoking toplevel() on ptolemy.moml.MoMLSimpleApplication@3ecd9c7c
reloadAllAccessors: .TestExceptionHandler3

===========================================================================================
----------------- testing Fri Aug 06 02:09:22 UTC 2021 /home/travis/build/icyphy/ptII/ptolemy/actor/lib/test/auto/TestExceptionHandler4.xml
----------------- Instantiating /home/travis/build/icyphy/ptII/ptolemy/actor/lib/test/auto/TestExceptionHandler4.xml
1 ms. Memory: 460800K Free: 289908K (63%)
----------------- Invoking toplevel() on ptolemy.moml.MoMLSimpleApplication@47b83fbc
----------------- Done invoking toplevel() on ptolemy.moml.MoMLSimpleApplication@47b83fbc
reloadAllAccessors: .TestExceptionHandler4

===========================================================================================
----------------- testing Fri Aug 06 02:09:22 UTC 2021 /home/travis/build/icyphy/ptII/ptolemy/actor/lib/test/auto/TestRequireCorrectOrder.xml
----------------- Instantiating /home/travis/build/icyphy/ptII/ptolemy/actor/lib/test/auto/TestRequireCorrectOrder.xml
9 ms. Memory: 460800K Free: 284268K (62%)
----------------- Invoking toplevel() on ptolemy.moml.MoMLSimpleApplication@19b935a7
----------------- Done invoking toplevel() on ptolemy.moml.MoMLSimpleApplication@19b935a7
reloadAllAccessors: .TestRequireCorrectOrder

===========================================================================================
----------------- testing Fri Aug 06 02:09:22 UTC 2021 /home/travis/build/icyphy/ptII/ptolemy/actor/lib/test/auto/TestSimple.xml
----------------- Instantiating /home/travis/build/icyphy/ptII/ptolemy/actor/lib/test/auto/TestSimple.xml
1 ms. Memory: 460800K Free: 279668K (61%)
----------------- Invoking toplevel() on ptolemy.moml.MoMLSimpleApplication@192995b8
----------------- Done invoking toplevel() on ptolemy.moml.MoMLSimpleApplication@192995b8
reloadAllAccessors: .TestSimple

===========================================================================================
----------------- testing Fri Aug 06 02:09:22 UTC 2021 /home/travis/build/icyphy/ptII/ptolemy/actor/lib/test/auto/ThrowModelError.xml
----------------- Instantiating /home/travis/build/icyphy/ptII/ptolemy/actor/lib/test/auto/ThrowModelError.xml
2 ms. Memory: 460800K Free: 274548K (60%)
----------------- Invoking toplevel() on ptolemy.moml.MoMLSimpleApplication@4b6db93c
----------------- Done invoking toplevel() on ptolemy.moml.MoMLSimpleApplication@4b6db93c
reloadAllAccessors: .ThrowModelError

===========================================================================================
----------------- testing Fri Aug 06 02:09:22 UTC 2021 /home/travis/build/icyphy/ptII/ptolemy/actor/lib/test/auto/TimeDelayMicrosteps.xml
----------------- Instantiating /home/travis/build/icyphy/ptII/ptolemy/actor/lib/test/auto/TimeDelayMicrosteps.xml
3 ms. Memory: 460800K Free: 267876K (58%)
----------------- Invoking toplevel() on ptolemy.moml.MoMLSimpleApplication@380e3cf
----------------- Done invoking toplevel() on ptolemy.moml.MoMLSimpleApplication@380e3cf
reloadAllAccessors: .TimeDelayMicrosteps

===========================================================================================
----------------- testing Fri Aug 06 02:09:22 UTC 2021 /home/travis/build/icyphy/ptII/ptolemy/actor/lib/test/auto/TimeDelayMicrosteps2.xml
----------------- Instantiating /home/travis/build/icyphy/ptII/ptolemy/actor/lib/test/auto/TimeDelayMicrosteps2.xml
3 ms. Memory: 460800K Free: 260708K (57%)
----------------- Invoking toplevel() on ptolemy.moml.MoMLSimpleApplication@7d45a759
----------------- Done invoking toplevel() on ptolemy.moml.MoMLSimpleApplication@7d45a759
reloadAllAccessors: .TimeDelayMicrosteps2

===========================================================================================
----------------- testing Fri Aug 06 02:09:22 UTC 2021 /home/travis/build/icyphy/ptII/ptolemy/actor/lib/test/auto/TimeDelayMicrosteps3.xml
----------------- Instantiating /home/travis/build/icyphy/ptII/ptolemy/actor/lib/test/auto/TimeDelayMicrosteps3.xml
2 ms. Memory: 460800K Free: 253524K (55%)
----------------- Invoking toplevel() on ptolemy.moml.MoMLSimpleApplication@59f851a2
----------------- Done invoking toplevel() on ptolemy.moml.MoMLSimpleApplication@59f851a2
reloadAllAccessors: .TimeDelayMicrosteps3

===========================================================================================
----------------- testing Fri Aug 06 02:09:22 UTC 2021 /home/travis/build/icyphy/ptII/ptolemy/actor/lib/test/auto/TimeDelayVariableMicrosteps.xml
----------------- Instantiating /home/travis/build/icyphy/ptII/ptolemy/actor/lib/test/auto/TimeDelayVariableMicrosteps.xml
2 ms. Memory: 460800K Free: 246900K (54%)
----------------- Invoking toplevel() on ptolemy.moml.MoMLSimpleApplication@7f6dfa44
----------------- Done invoking toplevel() on ptolemy.moml.MoMLSimpleApplication@7f6dfa44
reloadAllAccessors: .TimeDelayVariableMicrosteps

===========================================================================================
----------------- testing Fri Aug 06 02:09:22 UTC 2021 /home/travis/build/icyphy/ptII/ptolemy/actor/lib/test/auto/TimeGap.xml
----------------- Instantiating /home/travis/build/icyphy/ptII/ptolemy/actor/lib/test/auto/TimeGap.xml
3 ms. Memory: 460800K Free: 241252K (52%)
----------------- Invoking toplevel() on ptolemy.moml.MoMLSimpleApplication@57b993ff
----------------- Done invoking toplevel() on ptolemy.moml.MoMLSimpleApplication@57b993ff
reloadAllAccessors: .TimeGap

===========================================================================================
----------------- testing Fri Aug 06 02:09:23 UTC 2021 /home/travis/build/icyphy/ptII/ptolemy/actor/lib/test/auto/TimeGap2.xml
----------------- Instantiating /home/travis/build/icyphy/ptII/ptolemy/actor/lib/test/auto/TimeGap2.xml
1 ms. Memory: 460800K Free: 235636K (51%)
----------------- Invoking toplevel() on ptolemy.moml.MoMLSimpleApplication@2753db8d
----------------- Done invoking toplevel() on ptolemy.moml.MoMLSimpleApplication@2753db8d
reloadAllAccessors: .TimeGap2

===========================================================================================
----------------- testing Fri Aug 06 02:09:23 UTC 2021 /home/travis/build/icyphy/ptII/ptolemy/actor/lib/test/auto/TimedSinewave.xml
----------------- Instantiating /home/travis/build/icyphy/ptII/ptolemy/actor/lib/test/auto/TimedSinewave.xml
18 ms. Memory: 460800K Free: 220786K (48%)
----------------- Invoking toplevel() on ptolemy.moml.MoMLSimpleApplication@12a78e26
----------------- Done invoking toplevel() on ptolemy.moml.MoMLSimpleApplication@12a78e26
reloadAllAccessors: .TimedSinewave

===========================================================================================
----------------- testing Fri Aug 06 02:09:23 UTC 2021 /home/travis/build/icyphy/ptII/ptolemy/actor/lib/test/auto/TimedSinewavePhase.xml
----------------- Instantiating /home/travis/build/icyphy/ptII/ptolemy/actor/lib/test/auto/TimedSinewavePhase.xml
8 ms. Memory: 460800K Free: 211060K (46%)
----------------- Invoking toplevel() on ptolemy.moml.MoMLSimpleApplication@5c3f5e96
----------------- Done invoking toplevel() on ptolemy.moml.MoMLSimpleApplication@5c3f5e96
reloadAllAccessors: .TimedSinewavePhase

===========================================================================================
----------------- testing Fri Aug 06 02:09:23 UTC 2021 /home/travis/build/icyphy/ptII/ptolemy/actor/lib/test/auto/Timer.xml
----------------- Instantiating /home/travis/build/icyphy/ptII/ptolemy/actor/lib/test/auto/Timer.xml
3 ms. Memory: 460800K Free: 204916K (44%)
----------------- Invoking toplevel() on ptolemy.moml.MoMLSimpleApplication@21866f5c
----------------- Done invoking toplevel() on ptolemy.moml.MoMLSimpleApplication@21866f5c
reloadAllAccessors: .Timer

===========================================================================================
----------------- testing Fri Aug 06 02:09:23 UTC 2021 /home/travis/build/icyphy/ptII/ptolemy/actor/lib/test/auto/TriangularDistTestModel.xml
----------------- Instantiating /home/travis/build/icyphy/ptII/ptolemy/actor/lib/test/auto/TriangularDistTestModel.xml
2 ms. Memory: 460800K Free: 199252K (43%)
----------------- Invoking toplevel() on ptolemy.moml.MoMLSimpleApplication@61c90089
----------------- Done invoking toplevel() on ptolemy.moml.MoMLSimpleApplication@61c90089
reloadAllAccessors: .TriangularDistTestModel

===========================================================================================
----------------- testing Fri Aug 06 02:09:23 UTC 2021 /home/travis/build/icyphy/ptII/ptolemy/actor/lib/test/auto/TrigFunction.xml
----------------- Instantiating /home/travis/build/icyphy/ptII/ptolemy/actor/lib/test/auto/TrigFunction.xml
1 ms. Memory: 460800K Free: 194162K (42%)
----------------- Invoking toplevel() on ptolemy.moml.MoMLSimpleApplication@5ff7a21f
----------------- Done invoking toplevel() on ptolemy.moml.MoMLSimpleApplication@5ff7a21f
reloadAllAccessors: .TrigFunction

===========================================================================================
----------------- testing Fri Aug 06 02:09:23 UTC 2021 /home/travis/build/icyphy/ptII/ptolemy/actor/lib/test/auto/TrigFunctionDE.xml
----------------- Instantiating /home/travis/build/icyphy/ptII/ptolemy/actor/lib/test/auto/TrigFunctionDE.xml
2 ms. Memory: 460800K Free: 188532K (41%)
----------------- Invoking toplevel() on ptolemy.moml.MoMLSimpleApplication@564d890b
----------------- Done invoking toplevel() on ptolemy.moml.MoMLSimpleApplication@564d890b
reloadAllAccessors: .TrigFunctionDE

===========================================================================================
----------------- testing Fri Aug 06 02:09:23 UTC 2021 /home/travis/build/icyphy/ptII/ptolemy/actor/lib/test/auto/TrigFunctionInverse.xml
----------------- Instantiating /home/travis/build/icyphy/ptII/ptolemy/actor/lib/test/auto/TrigFunctionInverse.xml
2 ms. Memory: 460800K Free: 183412K (40%)
----------------- Invoking toplevel() on ptolemy.moml.MoMLSimpleApplication@667b389d
----------------- Done invoking toplevel() on ptolemy.moml.MoMLSimpleApplication@667b389d
reloadAllAccessors: .TrigFunctionInverse

===========================================================================================
----------------- testing Fri Aug 06 02:09:23 UTC 2021 /home/travis/build/icyphy/ptII/ptolemy/actor/lib/test/auto/TrigFunctionTan.xml
----------------- Instantiating /home/travis/build/icyphy/ptII/ptolemy/actor/lib/test/auto/TrigFunctionTan.xml
1 ms. Memory: 460800K Free: 178802K (39%)
----------------- Invoking toplevel() on ptolemy.moml.MoMLSimpleApplication@42ac0420
----------------- Done invoking toplevel() on ptolemy.moml.MoMLSimpleApplication@42ac0420
reloadAllAccessors: .TrigFunctionTan

===========================================================================================
----------------- testing Fri Aug 06 02:09:23 UTC 2021 /home/travis/build/icyphy/ptII/ptolemy/actor/lib/test/auto/TriggeredClock.xml
----------------- Instantiating /home/travis/build/icyphy/ptII/ptolemy/actor/lib/test/auto/TriggeredClock.xml
1 ms. Memory: 460800K Free: 173668K (38%)
----------------- Invoking toplevel() on ptolemy.moml.MoMLSimpleApplication@3d8af8d0
----------------- Done invoking toplevel() on ptolemy.moml.MoMLSimpleApplication@3d8af8d0
reloadAllAccessors: .TriggeredClock

===========================================================================================
----------------- testing Fri Aug 06 02:09:23 UTC 2021 /home/travis/build/icyphy/ptII/ptolemy/actor/lib/test/auto/URLDirectoryReader.xml
----------------- Instantiating /home/travis/build/icyphy/ptII/ptolemy/actor/lib/test/auto/URLDirectoryReader.xml
37 ms. Memory: 460800K Free: 163442K (35%)
----------------- Invoking toplevel() on ptolemy.moml.MoMLSimpleApplication@1ba25986
----------------- Done invoking toplevel() on ptolemy.moml.MoMLSimpleApplication@1ba25986
reloadAllAccessors: .URLDirectoryReader

===========================================================================================
----------------- testing Fri Aug 06 02:09:23 UTC 2021 /home/travis/build/icyphy/ptII/ptolemy/actor/lib/test/auto/URLDirectoryReader3.xml
----------------- Instantiating /home/travis/build/icyphy/ptII/ptolemy/actor/lib/test/auto/URLDirectoryReader3.xml
1430 ms. Memory: 460800K Free: 398497K (86%)
----------------- Invoking toplevel() on ptolemy.moml.MoMLSimpleApplication@725e739a
----------------- Done invoking toplevel() on ptolemy.moml.MoMLSimpleApplication@725e739a
reloadAllAccessors: .URLDirectoryReader3

===========================================================================================
----------------- testing Fri Aug 06 02:09:25 UTC 2021 /home/travis/build/icyphy/ptII/ptolemy/actor/lib/test/auto/UnaryMathFunction.xml
----------------- Instantiating /home/travis/build/icyphy/ptII/ptolemy/actor/lib/test/auto/UnaryMathFunction.xml
2 ms. Memory: 460800K Free: 390305K (85%)
----------------- Invoking toplevel() on ptolemy.moml.MoMLSimpleApplication@cfb718c
----------------- Done invoking toplevel() on ptolemy.moml.MoMLSimpleApplication@cfb718c
reloadAllAccessors: .UnaryMathFunction

===========================================================================================
----------------- testing Fri Aug 06 02:09:25 UTC 2021 /home/travis/build/icyphy/ptII/ptolemy/actor/lib/test/auto/Uniform.xml
----------------- Instantiating /home/travis/build/icyphy/ptII/ptolemy/actor/lib/test/auto/Uniform.xml
2 ms. Memory: 460800K Free: 385695K (84%)
----------------- Invoking toplevel() on ptolemy.moml.MoMLSimpleApplication@71fd2e1e
----------------- Done invoking toplevel() on ptolemy.moml.MoMLSimpleApplication@71fd2e1e
reloadAllAccessors: .Uniform

===========================================================================================
----------------- testing Fri Aug 06 02:09:25 UTC 2021 /home/travis/build/icyphy/ptII/ptolemy/actor/lib/test/auto/UnionDisassemblerTest.xml
----------------- Instantiating /home/travis/build/icyphy/ptII/ptolemy/actor/lib/test/auto/UnionDisassemblerTest.xml
10 ms. Memory: 460800K Free: 382113K (83%)
----------------- Invoking toplevel() on ptolemy.moml.MoMLSimpleApplication@620c5130
----------------- Done invoking toplevel() on ptolemy.moml.MoMLSimpleApplication@620c5130
reloadAllAccessors: .UnionDisassemblerTest

===========================================================================================
----------------- testing Fri Aug 06 02:09:25 UTC 2021 /home/travis/build/icyphy/ptII/ptolemy/actor/lib/test/auto/UtilityFunctions.xml
----------------- Instantiating /home/travis/build/icyphy/ptII/ptolemy/actor/lib/test/auto/UtilityFunctions.xml
1 ms. Memory: 460800K Free: 377503K (82%)
----------------- Invoking toplevel() on ptolemy.moml.MoMLSimpleApplication@3b7bbe5f
----------------- Done invoking toplevel() on ptolemy.moml.MoMLSimpleApplication@3b7bbe5f
reloadAllAccessors: .UtilityFunctions

===========================================================================================
----------------- testing Fri Aug 06 02:09:25 UTC 2021 /home/travis/build/icyphy/ptII/ptolemy/actor/lib/test/auto/VariableSleep.xml
----------------- Instantiating /home/travis/build/icyphy/ptII/ptolemy/actor/lib/test/auto/VariableSleep.xml
503 ms. Memory: 460800K Free: 372383K (81%)
----------------- Invoking toplevel() on ptolemy.moml.MoMLSimpleApplication@a1af642
----------------- Done invoking toplevel() on ptolemy.moml.MoMLSimpleApplication@a1af642
reloadAllAccessors: .VariableSleep

===========================================================================================
----------------- testing Fri Aug 06 02:09:25 UTC 2021 /home/travis/build/icyphy/ptII/ptolemy/actor/lib/test/auto/VectorAssemblerDisassemblerCT.xml
----------------- Instantiating /home/travis/build/icyphy/ptII/ptolemy/actor/lib/test/auto/VectorAssemblerDisassemblerCT.xml
58 ms. Memory: 460800K Free: 350879K (76%)
----------------- Invoking toplevel() on ptolemy.moml.MoMLSimpleApplication@4f73a797
----------------- Done invoking toplevel() on ptolemy.moml.MoMLSimpleApplication@4f73a797
reloadAllAccessors: .VectorAssemblerDisassemblerCT

===========================================================================================
----------------- testing Fri Aug 06 02:09:25 UTC 2021 /home/travis/build/icyphy/ptII/ptolemy/actor/lib/test/auto/VectorAssemblerDisassemblerDE.xml
----------------- Instantiating /home/travis/build/icyphy/ptII/ptolemy/actor/lib/test/auto/VectorAssemblerDisassemblerDE.xml
2 ms. Memory: 460800K Free: 343711K (75%)
----------------- Invoking toplevel() on ptolemy.moml.MoMLSimpleApplication@53ffa461
----------------- Done invoking toplevel() on ptolemy.moml.MoMLSimpleApplication@53ffa461
reloadAllAccessors: .VectorAssemblerDisassemblerDE

===========================================================================================
----------------- testing Fri Aug 06 02:09:25 UTC 2021 /home/travis/build/icyphy/ptII/ptolemy/actor/lib/test/auto/VectorAssemblerDisassemblerSDF.xml
----------------- Instantiating /home/travis/build/icyphy/ptII/ptolemy/actor/lib/test/auto/VectorAssemblerDisassemblerSDF.xml
2 ms. Memory: 460800K Free: 337553K (73%)
----------------- Invoking toplevel() on ptolemy.moml.MoMLSimpleApplication@419ec052
----------------- Done invoking toplevel() on ptolemy.moml.MoMLSimpleApplication@419ec052
reloadAllAccessors: .VectorAssemblerDisassemblerSDF

===========================================================================================
----------------- testing Fri Aug 06 02:09:25 UTC 2021 /home/travis/build/icyphy/ptII/ptolemy/actor/lib/test/auto/WallClockTime.xml
----------------- Instantiating /home/travis/build/icyphy/ptII/ptolemy/actor/lib/test/auto/WallClockTime.xml
1004 ms. Memory: 460800K Free: 331937K (72%)
----------------- Invoking toplevel() on ptolemy.moml.MoMLSimpleApplication@7f028485
----------------- Done invoking toplevel() on ptolemy.moml.MoMLSimpleApplication@7f028485
reloadAllAccessors: .WallClockTime

===========================================================================================
----------------- testing Fri Aug 06 02:09:26 UTC 2021 /home/travis/build/icyphy/ptII/ptolemy/actor/lib/test/auto/WidthTestWithSubscriberPublisher.xml
----------------- Instantiating /home/travis/build/icyphy/ptII/ptolemy/actor/lib/test/auto/WidthTestWithSubscriberPublisher.xml
6 ms. Memory: 460800K Free: 314015K (68%)
----------------- Invoking toplevel() on ptolemy.moml.MoMLSimpleApplication@7053d85
----------------- Done invoking toplevel() on ptolemy.moml.MoMLSimpleApplication@7053d85
reloadAllAccessors: .WidthTestWithSubscriberPublisher

===========================================================================================
----------------- testing Fri Aug 06 02:09:26 UTC 2021 /home/travis/build/icyphy/ptII/ptolemy/actor/lib/test/auto/WidthTestWithSubscriberPublisher2.xml
----------------- Instantiating /home/travis/build/icyphy/ptII/ptolemy/actor/lib/test/auto/WidthTestWithSubscriberPublisher2.xml
3 ms. Memory: 460800K Free: 307871K (67%)
----------------- Invoking toplevel() on ptolemy.moml.MoMLSimpleApplication@58343539
----------------- Done invoking toplevel() on ptolemy.moml.MoMLSimpleApplication@58343539
reloadAllAccessors: .WidthTestWithSubscriberPublisher2

===========================================================================================
----------------- testing Fri Aug 06 02:09:26 UTC 2021 /home/travis/build/icyphy/ptII/ptolemy/actor/lib/test/auto/WidthTestWithSubscriberPublisher3.xml
----------------- Instantiating /home/travis/build/icyphy/ptII/ptolemy/actor/lib/test/auto/WidthTestWithSubscriberPublisher3.xml
2 ms. Memory: 460800K Free: 301217K (65%)
----------------- Invoking toplevel() on ptolemy.moml.MoMLSimpleApplication@6757d528
----------------- Done invoking toplevel() on ptolemy.moml.MoMLSimpleApplication@6757d528
reloadAllAccessors: .WidthTestWithSubscriberPublisher3

===========================================================================================
----------------- testing Fri Aug 06 02:09:26 UTC 2021 /home/travis/build/icyphy/ptII/ptolemy/actor/lib/test/auto/Writer.xml
----------------- Instantiating /home/travis/build/icyphy/ptII/ptolemy/actor/lib/test/auto/Writer.xml
0
1
2
3
4
1 ms. Memory: 460800K Free: 297121K (64%)
----------------- Invoking toplevel() on ptolemy.moml.MoMLSimpleApplication@4102290d
----------------- Done invoking toplevel() on ptolemy.moml.MoMLSimpleApplication@4102290d
reloadAllAccessors: .Writer

===========================================================================================
----------------- testing Fri Aug 06 02:09:26 UTC 2021 /home/travis/build/icyphy/ptII/ptolemy/actor/lib/test/auto/array.xml
----------------- Instantiating /home/travis/build/icyphy/ptII/ptolemy/actor/lib/test/auto/array.xml
2 ms. Memory: 460800K Free: 292511K (63%)
----------------- Invoking toplevel() on ptolemy.moml.MoMLSimpleApplication@40b178ae
----------------- Done invoking toplevel() on ptolemy.moml.MoMLSimpleApplication@40b178ae
reloadAllAccessors: .array

===========================================================================================
----------------- testing Fri Aug 06 02:09:26 UTC 2021 /home/travis/build/icyphy/ptII/ptolemy/actor/lib/test/auto/array2.xml
----------------- Instantiating /home/travis/build/icyphy/ptII/ptolemy/actor/lib/test/auto/array2.xml
5 ms. Memory: 460800K Free: 286881K (62%)
----------------- Invoking toplevel() on ptolemy.moml.MoMLSimpleApplication@7d7c5ed0
----------------- Done invoking toplevel() on ptolemy.moml.MoMLSimpleApplication@7d7c5ed0
reloadAllAccessors: .array2

===========================================================================================
----------------- testing Fri Aug 06 02:09:26 UTC 2021 /home/travis/build/icyphy/ptII/ptolemy/actor/lib/test/auto/arrayType.xml
----------------- Instantiating /home/travis/build/icyphy/ptII/ptolemy/actor/lib/test/auto/arrayType.xml
1 ms. Memory: 460800K Free: 281761K (61%)
----------------- Invoking toplevel() on ptolemy.moml.MoMLSimpleApplication@2ca31349
----------------- Done invoking toplevel() on ptolemy.moml.MoMLSimpleApplication@2ca31349
reloadAllAccessors: .arrayType

===========================================================================================
----------------- testing Fri Aug 06 02:09:27 UTC 2021 /home/travis/build/icyphy/ptII/ptolemy/actor/lib/test/auto/arrayType10.xml
----------------- Instantiating /home/travis/build/icyphy/ptII/ptolemy/actor/lib/test/auto/arrayType10.xml
1 ms. Memory: 460800K Free: 277151K (60%)
----------------- Invoking toplevel() on ptolemy.moml.MoMLSimpleApplication@79f96d49
----------------- Done invoking toplevel() on ptolemy.moml.MoMLSimpleApplication@79f96d49
reloadAllAccessors: .arrayType10

===========================================================================================
----------------- testing Fri Aug 06 02:09:27 UTC 2021 /home/travis/build/icyphy/ptII/ptolemy/actor/lib/test/auto/arrayType11.xml
----------------- Instantiating /home/travis/build/icyphy/ptII/ptolemy/actor/lib/test/auto/arrayType11.xml
1 ms. Memory: 460800K Free: 272031K (59%)
----------------- Invoking toplevel() on ptolemy.moml.MoMLSimpleApplication@5e50c131
----------------- Done invoking toplevel() on ptolemy.moml.MoMLSimpleApplication@5e50c131
reloadAllAccessors: .arrayType11

===========================================================================================
----------------- testing Fri Aug 06 02:09:27 UTC 2021 /home/travis/build/icyphy/ptII/ptolemy/actor/lib/test/auto/arrayType12.xml
----------------- Instantiating /home/travis/build/icyphy/ptII/ptolemy/actor/lib/test/auto/arrayType12.xml
1 ms. Memory: 460800K Free: 267425K (58%)
----------------- Invoking toplevel() on ptolemy.moml.MoMLSimpleApplication@422ebf6b
----------------- Done invoking toplevel() on ptolemy.moml.MoMLSimpleApplication@422ebf6b
reloadAllAccessors: .arrayType12

===========================================================================================
----------------- testing Fri Aug 06 02:09:27 UTC 2021 /home/travis/build/icyphy/ptII/ptolemy/actor/lib/test/auto/arrayType13.xml
----------------- Instantiating /home/travis/build/icyphy/ptII/ptolemy/actor/lib/test/auto/arrayType13.xml
1 ms. Memory: 460800K Free: 261791K (57%)
----------------- Invoking toplevel() on ptolemy.moml.MoMLSimpleApplication@67e1973e
----------------- Done invoking toplevel() on ptolemy.moml.MoMLSimpleApplication@67e1973e
reloadAllAccessors: .arrayType13

===========================================================================================
----------------- testing Fri Aug 06 02:09:27 UTC 2021 /home/travis/build/icyphy/ptII/ptolemy/actor/lib/test/auto/arrayType14.xml
----------------- Instantiating /home/travis/build/icyphy/ptII/ptolemy/actor/lib/test/auto/arrayType14.xml
2 ms. Memory: 460800K Free: 256671K (56%)
----------------- Invoking toplevel() on ptolemy.moml.MoMLSimpleApplication@7bedfecd
----------------- Done invoking toplevel() on ptolemy.moml.MoMLSimpleApplication@7bedfecd
reloadAllAccessors: .arrayType14

===========================================================================================
----------------- testing Fri Aug 06 02:09:27 UTC 2021 /home/travis/build/icyphy/ptII/ptolemy/actor/lib/test/auto/arrayType15.xml
----------------- Instantiating /home/travis/build/icyphy/ptII/ptolemy/actor/lib/test/auto/arrayType15.xml
3 ms. Memory: 460800K Free: 251551K (55%)
----------------- Invoking toplevel() on ptolemy.moml.MoMLSimpleApplication@4836575d
----------------- Done invoking toplevel() on ptolemy.moml.MoMLSimpleApplication@4836575d
reloadAllAccessors: .arrayType15

===========================================================================================
----------------- testing Fri Aug 06 02:09:27 UTC 2021 /home/travis/build/icyphy/ptII/ptolemy/actor/lib/test/auto/arrayType16.xml
----------------- Instantiating /home/travis/build/icyphy/ptII/ptolemy/actor/lib/test/auto/arrayType16.xml
1 ms. Memory: 460800K Free: 245921K (53%)
----------------- Invoking toplevel() on ptolemy.moml.MoMLSimpleApplication@6d53da63
----------------- Done invoking toplevel() on ptolemy.moml.MoMLSimpleApplication@6d53da63
reloadAllAccessors: .arrayType16

===========================================================================================
----------------- testing Fri Aug 06 02:09:27 UTC 2021 /home/travis/build/icyphy/ptII/ptolemy/actor/lib/test/auto/arrayType17.xml
----------------- Instantiating /home/travis/build/icyphy/ptII/ptolemy/actor/lib/test/auto/arrayType17.xml
1 ms. Memory: 460800K Free: 239777K (52%)
----------------- Invoking toplevel() on ptolemy.moml.MoMLSimpleApplication@11e63501
----------------- Done invoking toplevel() on ptolemy.moml.MoMLSimpleApplication@11e63501
reloadAllAccessors: .arrayType17

===========================================================================================
----------------- testing Fri Aug 06 02:09:27 UTC 2021 /home/travis/build/icyphy/ptII/ptolemy/actor/lib/test/auto/arrayType18.xml
----------------- Instantiating /home/travis/build/icyphy/ptII/ptolemy/actor/lib/test/auto/arrayType18.xml
1 ms. Memory: 460800K Free: 235167K (51%)
----------------- Invoking toplevel() on ptolemy.moml.MoMLSimpleApplication@701bb1e5
----------------- Done invoking toplevel() on ptolemy.moml.MoMLSimpleApplication@701bb1e5
reloadAllAccessors: .arrayType18

===========================================================================================
----------------- testing Fri Aug 06 02:09:27 UTC 2021 /home/travis/build/icyphy/ptII/ptolemy/actor/lib/test/auto/arrayType19.xml
----------------- Instantiating /home/travis/build/icyphy/ptII/ptolemy/actor/lib/test/auto/arrayType19.xml
2 ms. Memory: 460800K Free: 230047K (50%)
----------------- Invoking toplevel() on ptolemy.moml.MoMLSimpleApplication@3cb5b90c
----------------- Done invoking toplevel() on ptolemy.moml.MoMLSimpleApplication@3cb5b90c
reloadAllAccessors: .arrayType19

===========================================================================================
----------------- testing Fri Aug 06 02:09:27 UTC 2021 /home/travis/build/icyphy/ptII/ptolemy/actor/lib/test/auto/arrayType2.xml
----------------- Instantiating /home/travis/build/icyphy/ptII/ptolemy/actor/lib/test/auto/arrayType2.xml
1 ms. Memory: 460800K Free: 224927K (49%)
----------------- Invoking toplevel() on ptolemy.moml.MoMLSimpleApplication@22d43945
----------------- Done invoking toplevel() on ptolemy.moml.MoMLSimpleApplication@22d43945
reloadAllAccessors: .arrayType2

===========================================================================================
----------------- testing Fri Aug 06 02:09:27 UTC 2021 /home/travis/build/icyphy/ptII/ptolemy/actor/lib/test/auto/arrayType20.xml
----------------- Instantiating /home/travis/build/icyphy/ptII/ptolemy/actor/lib/test/auto/arrayType20.xml
1 ms. Memory: 460800K Free: 219807K (48%)
----------------- Invoking toplevel() on ptolemy.moml.MoMLSimpleApplication@2fb46b02
----------------- Done invoking toplevel() on ptolemy.moml.MoMLSimpleApplication@2fb46b02
reloadAllAccessors: .arrayType20

===========================================================================================
----------------- testing Fri Aug 06 02:09:27 UTC 2021 /home/travis/build/icyphy/ptII/ptolemy/actor/lib/test/auto/arrayType21.xml
----------------- Instantiating /home/travis/build/icyphy/ptII/ptolemy/actor/lib/test/auto/arrayType21.xml
1 ms. Memory: 460800K Free: 215201K (47%)
----------------- Invoking toplevel() on ptolemy.moml.MoMLSimpleApplication@49735db8
----------------- Done invoking toplevel() on ptolemy.moml.MoMLSimpleApplication@49735db8
reloadAllAccessors: .arrayType21

===========================================================================================
----------------- testing Fri Aug 06 02:09:27 UTC 2021 /home/travis/build/icyphy/ptII/ptolemy/actor/lib/test/auto/arrayType22.xml
----------------- Instantiating /home/travis/build/icyphy/ptII/ptolemy/actor/lib/test/auto/arrayType22.xml
2 ms. Memory: 460800K Free: 210591K (46%)
----------------- Invoking toplevel() on ptolemy.moml.MoMLSimpleApplication@494d4841
----------------- Done invoking toplevel() on ptolemy.moml.MoMLSimpleApplication@494d4841
reloadAllAccessors: .arrayType22

===========================================================================================
----------------- testing Fri Aug 06 02:09:27 UTC 2021 /home/travis/build/icyphy/ptII/ptolemy/actor/lib/test/auto/arrayType23.xml
----------------- Instantiating /home/travis/build/icyphy/ptII/ptolemy/actor/lib/test/auto/arrayType23.xml
1 ms. Memory: 460800K Free: 205471K (45%)
----------------- Invoking toplevel() on ptolemy.moml.MoMLSimpleApplication@1205afe0
----------------- Done invoking toplevel() on ptolemy.moml.MoMLSimpleApplication@1205afe0
reloadAllAccessors: .arrayType23

===========================================================================================
----------------- testing Fri Aug 06 02:09:27 UTC 2021 /home/travis/build/icyphy/ptII/ptolemy/actor/lib/test/auto/arrayType24.xml
----------------- Instantiating /home/travis/build/icyphy/ptII/ptolemy/actor/lib/test/auto/arrayType24.xml
1 ms. Memory: 460800K Free: 200865K (44%)
----------------- Invoking toplevel() on ptolemy.moml.MoMLSimpleApplication@1f395ac4
----------------- Done invoking toplevel() on ptolemy.moml.MoMLSimpleApplication@1f395ac4
reloadAllAccessors: .arrayType24

===========================================================================================
----------------- testing Fri Aug 06 02:09:27 UTC 2021 /home/travis/build/icyphy/ptII/ptolemy/actor/lib/test/auto/arrayType25.xml
----------------- Instantiating /home/travis/build/icyphy/ptII/ptolemy/actor/lib/test/auto/arrayType25.xml
1 ms. Memory: 460800K Free: 195745K (42%)
----------------- Invoking toplevel() on ptolemy.moml.MoMLSimpleApplication@3c0700c9
----------------- Done invoking toplevel() on ptolemy.moml.MoMLSimpleApplication@3c0700c9
reloadAllAccessors: .arrayType25

===========================================================================================
----------------- testing Fri Aug 06 02:09:27 UTC 2021 /home/travis/build/icyphy/ptII/ptolemy/actor/lib/test/auto/arrayType26.xml
----------------- Instantiating /home/travis/build/icyphy/ptII/ptolemy/actor/lib/test/auto/arrayType26.xml
1 ms. Memory: 460800K Free: 190111K (41%)
----------------- Invoking toplevel() on ptolemy.moml.MoMLSimpleApplication@3a8da35b
----------------- Done invoking toplevel() on ptolemy.moml.MoMLSimpleApplication@3a8da35b
reloadAllAccessors: .arrayType26

===========================================================================================
----------------- testing Fri Aug 06 02:09:27 UTC 2021 /home/travis/build/icyphy/ptII/ptolemy/actor/lib/test/auto/arrayType27.xml
----------------- Instantiating /home/travis/build/icyphy/ptII/ptolemy/actor/lib/test/auto/arrayType27.xml
2 ms. Memory: 460800K Free: 184991K (40%)
----------------- Invoking toplevel() on ptolemy.moml.MoMLSimpleApplication@3c556eba
----------------- Done invoking toplevel() on ptolemy.moml.MoMLSimpleApplication@3c556eba
reloadAllAccessors: .arrayType27

===========================================================================================
----------------- testing Fri Aug 06 02:09:27 UTC 2021 /home/travis/build/icyphy/ptII/ptolemy/actor/lib/test/auto/arrayType28.xml
----------------- Instantiating /home/travis/build/icyphy/ptII/ptolemy/actor/lib/test/auto/arrayType28.xml
1 ms. Memory: 460800K Free: 179361K (39%)
----------------- Invoking toplevel() on ptolemy.moml.MoMLSimpleApplication@1e85b71d
----------------- Done invoking toplevel() on ptolemy.moml.MoMLSimpleApplication@1e85b71d
reloadAllAccessors: .arrayType28

===========================================================================================
----------------- testing Fri Aug 06 02:09:27 UTC 2021 /home/travis/build/icyphy/ptII/ptolemy/actor/lib/test/auto/arrayType3.xml
----------------- Instantiating /home/travis/build/icyphy/ptII/ptolemy/actor/lib/test/auto/arrayType3.xml
1 ms. Memory: 460800K Free: 174241K (38%)
----------------- Invoking toplevel() on ptolemy.moml.MoMLSimpleApplication@485bdf9b
----------------- Done invoking toplevel() on ptolemy.moml.MoMLSimpleApplication@485bdf9b
reloadAllAccessors: .arrayType3

===========================================================================================
----------------- testing Fri Aug 06 02:09:27 UTC 2021 /home/travis/build/icyphy/ptII/ptolemy/actor/lib/test/auto/arrayType4.xml
----------------- Instantiating /home/travis/build/icyphy/ptII/ptolemy/actor/lib/test/auto/arrayType4.xml
2 ms. Memory: 460800K Free: 169121K (37%)
----------------- Invoking toplevel() on ptolemy.moml.MoMLSimpleApplication@33d33fe2
----------------- Done invoking toplevel() on ptolemy.moml.MoMLSimpleApplication@33d33fe2
reloadAllAccessors: .arrayType4

===========================================================================================
----------------- testing Fri Aug 06 02:09:27 UTC 2021 /home/travis/build/icyphy/ptII/ptolemy/actor/lib/test/auto/arrayType5.xml
----------------- Instantiating /home/travis/build/icyphy/ptII/ptolemy/actor/lib/test/auto/arrayType5.xml
1 ms. Memory: 460800K Free: 163487K (35%)
----------------- Invoking toplevel() on ptolemy.moml.MoMLSimpleApplication@72376bb9
----------------- Done invoking toplevel() on ptolemy.moml.MoMLSimpleApplication@72376bb9
reloadAllAccessors: .arrayType5

===========================================================================================
----------------- testing Fri Aug 06 02:09:27 UTC 2021 /home/travis/build/icyphy/ptII/ptolemy/actor/lib/test/auto/arrayType6.xml
----------------- Instantiating /home/travis/build/icyphy/ptII/ptolemy/actor/lib/test/auto/arrayType6.xml
1 ms. Memory: 460800K Free: 158881K (34%)
----------------- Invoking toplevel() on ptolemy.moml.MoMLSimpleApplication@4044adbb
----------------- Done invoking toplevel() on ptolemy.moml.MoMLSimpleApplication@4044adbb
reloadAllAccessors: .arrayType6

===========================================================================================
----------------- testing Fri Aug 06 02:09:27 UTC 2021 /home/travis/build/icyphy/ptII/ptolemy/actor/lib/test/auto/arrayType7.xml
----------------- Instantiating /home/travis/build/icyphy/ptII/ptolemy/actor/lib/test/auto/arrayType7.xml
5 ms. Memory: 460800K Free: 153761K (33%)
----------------- Invoking toplevel() on ptolemy.moml.MoMLSimpleApplication@269e2a86
----------------- Done invoking toplevel() on ptolemy.moml.MoMLSimpleApplication@269e2a86
reloadAllAccessors: .arrayType7

===========================================================================================
----------------- testing Fri Aug 06 02:09:27 UTC 2021 /home/travis/build/icyphy/ptII/ptolemy/actor/lib/test/auto/arrayType8.xml
----------------- Instantiating /home/travis/build/icyphy/ptII/ptolemy/actor/lib/test/auto/arrayType8.xml
4 ms. Memory: 460800K Free: 149151K (32%)
----------------- Invoking toplevel() on ptolemy.moml.MoMLSimpleApplication@688b79cf
----------------- Done invoking toplevel() on ptolemy.moml.MoMLSimpleApplication@688b79cf
reloadAllAccessors: .arrayType8

===========================================================================================
----------------- testing Fri Aug 06 02:09:27 UTC 2021 /home/travis/build/icyphy/ptII/ptolemy/actor/lib/test/auto/arrayType9.xml
----------------- Instantiating /home/travis/build/icyphy/ptII/ptolemy/actor/lib/test/auto/arrayType9.xml
1 ms. Memory: 460800K Free: 144031K (31%)
----------------- Invoking toplevel() on ptolemy.moml.MoMLSimpleApplication@641bbfe7
----------------- Done invoking toplevel() on ptolemy.moml.MoMLSimpleApplication@641bbfe7
reloadAllAccessors: .arrayType9

===========================================================================================
----------------- testing Fri Aug 06 02:09:27 UTC 2021 /home/travis/build/icyphy/ptII/ptolemy/actor/lib/test/auto/cast.xml
----------------- Instantiating /home/travis/build/icyphy/ptII/ptolemy/actor/lib/test/auto/cast.xml
1 ms. Memory: 460800K Free: 139425K (30%)
----------------- Invoking toplevel() on ptolemy.moml.MoMLSimpleApplication@54957937
----------------- Done invoking toplevel() on ptolemy.moml.MoMLSimpleApplication@54957937
reloadAllAccessors: .cast

===========================================================================================
----------------- testing Fri Aug 06 02:09:27 UTC 2021 /home/travis/build/icyphy/ptII/ptolemy/actor/lib/test/auto/compositeMultiPort.xml
----------------- Instantiating /home/travis/build/icyphy/ptII/ptolemy/actor/lib/test/auto/compositeMultiPort.xml
4 ms. Memory: 460800K Free: 401113K (87%)
----------------- Invoking toplevel() on ptolemy.moml.MoMLSimpleApplication@5ba8cbf0
----------------- Done invoking toplevel() on ptolemy.moml.MoMLSimpleApplication@5ba8cbf0
reloadAllAccessors: .compositeMultiPort

===========================================================================================
----------------- testing Fri Aug 06 02:09:27 UTC 2021 /home/travis/build/icyphy/ptII/ptolemy/actor/lib/test/auto/expressionCastInference.xml
----------------- Instantiating /home/travis/build/icyphy/ptII/ptolemy/actor/lib/test/auto/expressionCastInference.xml
3 ms. Memory: 460800K Free: 395489K (86%)
----------------- Invoking toplevel() on ptolemy.moml.MoMLSimpleApplication@189681cd
----------------- Done invoking toplevel() on ptolemy.moml.MoMLSimpleApplication@189681cd
reloadAllAccessors: .expressionCastInference

===========================================================================================
----------------- testing Fri Aug 06 02:09:27 UTC 2021 /home/travis/build/icyphy/ptII/ptolemy/actor/lib/test/auto/expressionCastInference2.xml
----------------- Instantiating /home/travis/build/icyphy/ptII/ptolemy/actor/lib/test/auto/expressionCastInference2.xml
2 ms. Memory: 460800K Free: 390879K (85%)
----------------- Invoking toplevel() on ptolemy.moml.MoMLSimpleApplication@9bd5c5e
----------------- Done invoking toplevel() on ptolemy.moml.MoMLSimpleApplication@9bd5c5e
reloadAllAccessors: .expressionCastInference2

===========================================================================================
----------------- testing Fri Aug 06 02:09:27 UTC 2021 /home/travis/build/icyphy/ptII/ptolemy/actor/lib/test/auto/expressionInference.xml
----------------- Instantiating /home/travis/build/icyphy/ptII/ptolemy/actor/lib/test/auto/expressionInference.xml
1 ms. Memory: 460800K Free: 386273K (84%)
----------------- Invoking toplevel() on ptolemy.moml.MoMLSimpleApplication@33df295a
----------------- Done invoking toplevel() on ptolemy.moml.MoMLSimpleApplication@33df295a
reloadAllAccessors: .expressionInference

===========================================================================================
----------------- testing Fri Aug 06 02:09:27 UTC 2021 /home/travis/build/icyphy/ptII/ptolemy/actor/lib/test/auto/expression_bug.xml
----------------- Instantiating /home/travis/build/icyphy/ptII/ptolemy/actor/lib/test/auto/expression_bug.xml
2 ms. Memory: 460800K Free: 382177K (83%)
----------------- Invoking toplevel() on ptolemy.moml.MoMLSimpleApplication@7dc936b5
----------------- Done invoking toplevel() on ptolemy.moml.MoMLSimpleApplication@7dc936b5
reloadAllAccessors: .expression_bug

===========================================================================================
----------------- testing Fri Aug 06 02:09:27 UTC 2021 /home/travis/build/icyphy/ptII/ptolemy/actor/lib/test/auto/factorial.xml
----------------- Instantiating /home/travis/build/icyphy/ptII/ptolemy/actor/lib/test/auto/factorial.xml
32 ms. Memory: 460800K Free: 373471K (81%)
----------------- Invoking toplevel() on ptolemy.moml.MoMLSimpleApplication@dec5002
----------------- Done invoking toplevel() on ptolemy.moml.MoMLSimpleApplication@dec5002
reloadAllAccessors: .factorial

===========================================================================================
----------------- testing Fri Aug 06 02:09:27 UTC 2021 /home/travis/build/icyphy/ptII/ptolemy/actor/lib/test/auto/filterTest1.xml
----------------- Instantiating /home/travis/build/icyphy/ptII/ptolemy/actor/lib/test/auto/filterTest1.xml
3 ms. Memory: 460800K Free: 367841K (80%)
----------------- Invoking toplevel() on ptolemy.moml.MoMLSimpleApplication@25506af7
----------------- Done invoking toplevel() on ptolemy.moml.MoMLSimpleApplication@25506af7
reloadAllAccessors: .filterTest1

===========================================================================================
----------------- testing Fri Aug 06 02:09:27 UTC 2021 /home/travis/build/icyphy/ptII/ptolemy/actor/lib/test/auto/funcApplyInConst.xml
----------------- Instantiating /home/travis/build/icyphy/ptII/ptolemy/actor/lib/test/auto/funcApplyInConst.xml
1 ms. Memory: 460800K Free: 363745K (79%)
----------------- Invoking toplevel() on ptolemy.moml.MoMLSimpleApplication@7b4e3bfb
----------------- Done invoking toplevel() on ptolemy.moml.MoMLSimpleApplication@7b4e3bfb
reloadAllAccessors: .funcApplyInConst

===========================================================================================
----------------- testing Fri Aug 06 02:09:27 UTC 2021 /home/travis/build/icyphy/ptII/ptolemy/actor/lib/test/auto/funcApplyInExpr.xml
----------------- Instantiating /home/travis/build/icyphy/ptII/ptolemy/actor/lib/test/auto/funcApplyInExpr.xml
1 ms. Memory: 460800K Free: 360159K (78%)
----------------- Invoking toplevel() on ptolemy.moml.MoMLSimpleApplication@2899c1dc
----------------- Done invoking toplevel() on ptolemy.moml.MoMLSimpleApplication@2899c1dc
reloadAllAccessors: .funcApplyInExpr

===========================================================================================
----------------- testing Fri Aug 06 02:09:27 UTC 2021 /home/travis/build/icyphy/ptII/ptolemy/actor/lib/test/auto/function.xml
----------------- Instantiating /home/travis/build/icyphy/ptII/ptolemy/actor/lib/test/auto/function.xml
2 ms. Memory: 460800K Free: 355553K (77%)
----------------- Invoking toplevel() on ptolemy.moml.MoMLSimpleApplication@6fe115a9
----------------- Done invoking toplevel() on ptolemy.moml.MoMLSimpleApplication@6fe115a9
reloadAllAccessors: .function

===========================================================================================
----------------- testing Fri Aug 06 02:09:27 UTC 2021 /home/travis/build/icyphy/ptII/ptolemy/actor/lib/test/auto/function2.xml
----------------- Instantiating /home/travis/build/icyphy/ptII/ptolemy/actor/lib/test/auto/function2.xml
2 ms. Memory: 460800K Free: 350433K (76%)
----------------- Invoking toplevel() on ptolemy.moml.MoMLSimpleApplication@1c891512
----------------- Done invoking toplevel() on ptolemy.moml.MoMLSimpleApplication@1c891512
reloadAllAccessors: .function2

===========================================================================================
----------------- testing Fri Aug 06 02:09:27 UTC 2021 /home/travis/build/icyphy/ptII/ptolemy/actor/lib/test/auto/function3.xml
----------------- Instantiating /home/travis/build/icyphy/ptII/ptolemy/actor/lib/test/auto/function3.xml
1 ms. Memory: 460800K Free: 346847K (75%)
----------------- Invoking toplevel() on ptolemy.moml.MoMLSimpleApplication@240cba6
----------------- Done invoking toplevel() on ptolemy.moml.MoMLSimpleApplication@240cba6
reloadAllAccessors: .function3

===========================================================================================
----------------- testing Fri Aug 06 02:09:27 UTC 2021 /home/travis/build/icyphy/ptII/ptolemy/actor/lib/test/auto/functionClosureTest1.xml
----------------- Instantiating /home/travis/build/icyphy/ptII/ptolemy/actor/lib/test/auto/functionClosureTest1.xml
1 ms. Memory: 460800K Free: 340703K (74%)
----------------- Invoking toplevel() on ptolemy.moml.MoMLSimpleApplication@6b20037d
----------------- Done invoking toplevel() on ptolemy.moml.MoMLSimpleApplication@6b20037d
reloadAllAccessors: .functionClosureTest1

===========================================================================================
----------------- testing Fri Aug 06 02:09:27 UTC 2021 /home/travis/build/icyphy/ptII/ptolemy/actor/lib/test/auto/functionClosureTest2.xml
----------------- Instantiating /home/travis/build/icyphy/ptII/ptolemy/actor/lib/test/auto/functionClosureTest2.xml
1 ms. Memory: 460800K Free: 337121K (73%)
----------------- Invoking toplevel() on ptolemy.moml.MoMLSimpleApplication@325b607f
----------------- Done invoking toplevel() on ptolemy.moml.MoMLSimpleApplication@325b607f
reloadAllAccessors: .functionClosureTest2

===========================================================================================
----------------- testing Fri Aug 06 02:09:27 UTC 2021 /home/travis/build/icyphy/ptII/ptolemy/actor/lib/test/auto/functionClosureTest3.xml
----------------- Instantiating /home/travis/build/icyphy/ptII/ptolemy/actor/lib/test/auto/functionClosureTest3.xml
2 ms. Memory: 460800K Free: 331473K (72%)
----------------- Invoking toplevel() on ptolemy.moml.MoMLSimpleApplication@4b9a764c
----------------- Done invoking toplevel() on ptolemy.moml.MoMLSimpleApplication@4b9a764c
reloadAllAccessors: .functionClosureTest3

===========================================================================================
----------------- testing Fri Aug 06 02:09:27 UTC 2021 /home/travis/build/icyphy/ptII/ptolemy/actor/lib/test/auto/functionClosureTest4.xml
----------------- Instantiating /home/travis/build/icyphy/ptII/ptolemy/actor/lib/test/auto/functionClosureTest4.xml
3 ms. Memory: 460800K Free: 325343K (71%)
----------------- Invoking toplevel() on ptolemy.moml.MoMLSimpleApplication@1a1e12d
----------------- Done invoking toplevel() on ptolemy.moml.MoMLSimpleApplication@1a1e12d
reloadAllAccessors: .functionClosureTest4

===========================================================================================
----------------- testing Fri Aug 06 02:09:27 UTC 2021 /home/travis/build/icyphy/ptII/ptolemy/actor/lib/test/auto/functionClosureTest5.xml
----------------- Instantiating /home/travis/build/icyphy/ptII/ptolemy/actor/lib/test/auto/functionClosureTest5.xml
3 ms. Memory: 460800K Free: 319713K (69%)
----------------- Invoking toplevel() on ptolemy.moml.MoMLSimpleApplication@28220ccd
----------------- Done invoking toplevel() on ptolemy.moml.MoMLSimpleApplication@28220ccd
reloadAllAccessors: .functionClosureTest5

===========================================================================================
----------------- testing Fri Aug 06 02:09:27 UTC 2021 /home/travis/build/icyphy/ptII/ptolemy/actor/lib/test/auto/functionClosureTest6.xml
----------------- Instantiating /home/travis/build/icyphy/ptII/ptolemy/actor/lib/test/auto/functionClosureTest6.xml
2 ms. Memory: 460800K Free: 315097K (68%)
----------------- Invoking toplevel() on ptolemy.moml.MoMLSimpleApplication@8cb1be9
----------------- Done invoking toplevel() on ptolemy.moml.MoMLSimpleApplication@8cb1be9
reloadAllAccessors: .functionClosureTest6

===========================================================================================
----------------- testing Fri Aug 06 02:09:27 UTC 2021 /home/travis/build/icyphy/ptII/ptolemy/actor/lib/test/auto/functionsOnArcs.xml
----------------- Instantiating /home/travis/build/icyphy/ptII/ptolemy/actor/lib/test/auto/functionsOnArcs.xml
2 ms. Memory: 460800K Free: 309473K (67%)
----------------- Invoking toplevel() on ptolemy.moml.MoMLSimpleApplication@281f69ce
----------------- Done invoking toplevel() on ptolemy.moml.MoMLSimpleApplication@281f69ce
reloadAllAccessors: .functionsOnArcs

===========================================================================================
----------------- testing Fri Aug 06 02:09:27 UTC 2021 /home/travis/build/icyphy/ptII/ptolemy/actor/lib/test/auto/functionsOnArcsHOF.xml
----------------- Instantiating /home/travis/build/icyphy/ptII/ptolemy/actor/lib/test/auto/functionsOnArcsHOF.xml
3 ms. Memory: 460800K Free: 303839K (66%)
----------------- Invoking toplevel() on ptolemy.moml.MoMLSimpleApplication@39366592
----------------- Done invoking toplevel() on ptolemy.moml.MoMLSimpleApplication@39366592
reloadAllAccessors: .functionsOnArcsHOF

===========================================================================================
----------------- testing Fri Aug 06 02:09:27 UTC 2021 /home/travis/build/icyphy/ptII/ptolemy/actor/lib/test/auto/logic.xml
----------------- Instantiating /home/travis/build/icyphy/ptII/ptolemy/actor/lib/test/auto/logic.xml
2 ms. Memory: 460800K Free: 296161K (64%)
----------------- Invoking toplevel() on ptolemy.moml.MoMLSimpleApplication@1c2d58a
----------------- Done invoking toplevel() on ptolemy.moml.MoMLSimpleApplication@1c2d58a
reloadAllAccessors: .logic

===========================================================================================
----------------- testing Fri Aug 06 02:09:27 UTC 2021 /home/travis/build/icyphy/ptII/ptolemy/actor/lib/test/auto/matrixType.xml
----------------- Instantiating /home/travis/build/icyphy/ptII/ptolemy/actor/lib/test/auto/matrixType.xml
2 ms. Memory: 460800K Free: 291551K (63%)
----------------- Invoking toplevel() on ptolemy.moml.MoMLSimpleApplication@5c540481
----------------- Done invoking toplevel() on ptolemy.moml.MoMLSimpleApplication@5c540481
reloadAllAccessors: .matrixType

===========================================================================================
----------------- testing Fri Aug 06 02:09:27 UTC 2021 /home/travis/build/icyphy/ptII/ptolemy/actor/lib/test/auto/matrixType10.xml
----------------- Instantiating /home/travis/build/icyphy/ptII/ptolemy/actor/lib/test/auto/matrixType10.xml
1 ms. Memory: 460800K Free: 286431K (62%)
----------------- Invoking toplevel() on ptolemy.moml.MoMLSimpleApplication@3efa37b5
----------------- Done invoking toplevel() on ptolemy.moml.MoMLSimpleApplication@3efa37b5
reloadAllAccessors: .matrixType10

===========================================================================================
----------------- testing Fri Aug 06 02:09:27 UTC 2021 /home/travis/build/icyphy/ptII/ptolemy/actor/lib/test/auto/matrixType11.xml
----------------- Instantiating /home/travis/build/icyphy/ptII/ptolemy/actor/lib/test/auto/matrixType11.xml
1 ms. Memory: 460800K Free: 281825K (61%)
----------------- Invoking toplevel() on ptolemy.moml.MoMLSimpleApplication@6dcdc4ae
----------------- Done invoking toplevel() on ptolemy.moml.MoMLSimpleApplication@6dcdc4ae
reloadAllAccessors: .matrixType11

===========================================================================================
----------------- testing Fri Aug 06 02:09:27 UTC 2021 /home/travis/build/icyphy/ptII/ptolemy/actor/lib/test/auto/matrixType12.xml
----------------- Instantiating /home/travis/build/icyphy/ptII/ptolemy/actor/lib/test/auto/matrixType12.xml
1 ms. Memory: 460800K Free: 276705K (60%)
----------------- Invoking toplevel() on ptolemy.moml.MoMLSimpleApplication@28fee452
----------------- Done invoking toplevel() on ptolemy.moml.MoMLSimpleApplication@28fee452
reloadAllAccessors: .matrixType12

===========================================================================================
----------------- testing Fri Aug 06 02:09:27 UTC 2021 /home/travis/build/icyphy/ptII/ptolemy/actor/lib/test/auto/matrixType13.xml
----------------- Instantiating /home/travis/build/icyphy/ptII/ptolemy/actor/lib/test/auto/matrixType13.xml
1 ms. Memory: 460800K Free: 272095K (59%)
----------------- Invoking toplevel() on ptolemy.moml.MoMLSimpleApplication@234f674e
----------------- Done invoking toplevel() on ptolemy.moml.MoMLSimpleApplication@234f674e
reloadAllAccessors: .matrixType13

===========================================================================================
----------------- testing Fri Aug 06 02:09:27 UTC 2021 /home/travis/build/icyphy/ptII/ptolemy/actor/lib/test/auto/matrixType14.xml
----------------- Instantiating /home/travis/build/icyphy/ptII/ptolemy/actor/lib/test/auto/matrixType14.xml
1 ms. Memory: 460800K Free: 266975K (58%)
----------------- Invoking toplevel() on ptolemy.moml.MoMLSimpleApplication@7c08c69d
----------------- Done invoking toplevel() on ptolemy.moml.MoMLSimpleApplication@7c08c69d
reloadAllAccessors: .matrixType14

===========================================================================================
----------------- testing Fri Aug 06 02:09:27 UTC 2021 /home/travis/build/icyphy/ptII/ptolemy/actor/lib/test/auto/matrixType2.xml
----------------- Instantiating /home/travis/build/icyphy/ptII/ptolemy/actor/lib/test/auto/matrixType2.xml
1 ms. Memory: 460800K Free: 261855K (57%)
----------------- Invoking toplevel() on ptolemy.moml.MoMLSimpleApplication@2503a76a
----------------- Done invoking toplevel() on ptolemy.moml.MoMLSimpleApplication@2503a76a
reloadAllAccessors: .matrixType2

===========================================================================================
----------------- testing Fri Aug 06 02:09:27 UTC 2021 /home/travis/build/icyphy/ptII/ptolemy/actor/lib/test/auto/matrixType3.xml
----------------- Instantiating /home/travis/build/icyphy/ptII/ptolemy/actor/lib/test/auto/matrixType3.xml
3 ms. Memory: 460800K Free: 256735K (56%)
----------------- Invoking toplevel() on ptolemy.moml.MoMLSimpleApplication@577c56fa
----------------- Done invoking toplevel() on ptolemy.moml.MoMLSimpleApplication@577c56fa
reloadAllAccessors: .matrixType3

===========================================================================================
----------------- testing Fri Aug 06 02:09:27 UTC 2021 /home/travis/build/icyphy/ptII/ptolemy/actor/lib/test/auto/matrixType4.xml
----------------- Instantiating /home/travis/build/icyphy/ptII/ptolemy/actor/lib/test/auto/matrixType4.xml
1 ms. Memory: 460800K Free: 252129K (55%)
----------------- Invoking toplevel() on ptolemy.moml.MoMLSimpleApplication@7c1fefd3
----------------- Done invoking toplevel() on ptolemy.moml.MoMLSimpleApplication@7c1fefd3
reloadAllAccessors: .matrixType4

===========================================================================================
----------------- testing Fri Aug 06 02:09:27 UTC 2021 /home/travis/build/icyphy/ptII/ptolemy/actor/lib/test/auto/matrixType5.xml
----------------- Instantiating /home/travis/build/icyphy/ptII/ptolemy/actor/lib/test/auto/matrixType5.xml
1 ms. Memory: 460800K Free: 247009K (54%)
----------------- Invoking toplevel() on ptolemy.moml.MoMLSimpleApplication@dff7340
----------------- Done invoking toplevel() on ptolemy.moml.MoMLSimpleApplication@dff7340
reloadAllAccessors: .matrixType5

===========================================================================================
----------------- testing Fri Aug 06 02:09:27 UTC 2021 /home/travis/build/icyphy/ptII/ptolemy/actor/lib/test/auto/matrixType6.xml
----------------- Instantiating /home/travis/build/icyphy/ptII/ptolemy/actor/lib/test/auto/matrixType6.xml
2 ms. Memory: 460800K Free: 242399K (53%)
----------------- Invoking toplevel() on ptolemy.moml.MoMLSimpleApplication@372ff1ea
----------------- Done invoking toplevel() on ptolemy.moml.MoMLSimpleApplication@372ff1ea
reloadAllAccessors: .matrixType6

===========================================================================================
----------------- testing Fri Aug 06 02:09:27 UTC 2021 /home/travis/build/icyphy/ptII/ptolemy/actor/lib/test/auto/matrixType7.xml
----------------- Instantiating /home/travis/build/icyphy/ptII/ptolemy/actor/lib/test/auto/matrixType7.xml
2 ms. Memory: 460800K Free: 237279K (51%)
----------------- Invoking toplevel() on ptolemy.moml.MoMLSimpleApplication@6e4cea39
----------------- Done invoking toplevel() on ptolemy.moml.MoMLSimpleApplication@6e4cea39
reloadAllAccessors: .matrixType7

===========================================================================================
----------------- testing Fri Aug 06 02:09:27 UTC 2021 /home/travis/build/icyphy/ptII/ptolemy/actor/lib/test/auto/matrixType8.xml
----------------- Instantiating /home/travis/build/icyphy/ptII/ptolemy/actor/lib/test/auto/matrixType8.xml
1 ms. Memory: 460800K Free: 232673K (50%)
----------------- Invoking toplevel() on ptolemy.moml.MoMLSimpleApplication@31e07922
----------------- Done invoking toplevel() on ptolemy.moml.MoMLSimpleApplication@31e07922
reloadAllAccessors: .matrixType8

===========================================================================================
----------------- testing Fri Aug 06 02:09:27 UTC 2021 /home/travis/build/icyphy/ptII/ptolemy/actor/lib/test/auto/matrixType9.xml
----------------- Instantiating /home/travis/build/icyphy/ptII/ptolemy/actor/lib/test/auto/matrixType9.xml
1 ms. Memory: 460800K Free: 227553K (49%)
----------------- Invoking toplevel() on ptolemy.moml.MoMLSimpleApplication@6be0b026
----------------- Done invoking toplevel() on ptolemy.moml.MoMLSimpleApplication@6be0b026
reloadAllAccessors: .matrixType9

===========================================================================================
----------------- testing Fri Aug 06 02:09:27 UTC 2021 /home/travis/build/icyphy/ptII/ptolemy/actor/lib/test/auto/paraFunctest.xml
----------------- Instantiating /home/travis/build/icyphy/ptII/ptolemy/actor/lib/test/auto/paraFunctest.xml
1 ms. Memory: 460800K Free: 223967K (49%)
----------------- Invoking toplevel() on ptolemy.moml.MoMLSimpleApplication@1ae439d5
----------------- Done invoking toplevel() on ptolemy.moml.MoMLSimpleApplication@1ae439d5
reloadAllAccessors: .paraFunctest

===========================================================================================
----------------- testing Fri Aug 06 02:09:27 UTC 2021 /home/travis/build/icyphy/ptII/ptolemy/actor/lib/test/auto/paraFunctest2.xml
----------------- Instantiating /home/travis/build/icyphy/ptII/ptolemy/actor/lib/test/auto/paraFunctest2.xml
1 ms. Memory: 460800K Free: 219871K (48%)
----------------- Invoking toplevel() on ptolemy.moml.MoMLSimpleApplication@76d612bb
----------------- Done invoking toplevel() on ptolemy.moml.MoMLSimpleApplication@76d612bb
reloadAllAccessors: .paraFunctest2

===========================================================================================
----------------- testing Fri Aug 06 02:09:27 UTC 2021 /home/travis/build/icyphy/ptII/ptolemy/actor/lib/test/auto/parameterPassing.xml
----------------- Instantiating /home/travis/build/icyphy/ptII/ptolemy/actor/lib/test/auto/parameterPassing.xml
1 ms. Memory: 460800K Free: 215775K (47%)
----------------- Invoking toplevel() on ptolemy.moml.MoMLSimpleApplication@6f655bfe
----------------- Done invoking toplevel() on ptolemy.moml.MoMLSimpleApplication@6f655bfe
reloadAllAccessors: .parameterPassing

===========================================================================================
----------------- testing Fri Aug 06 02:09:27 UTC 2021 /home/travis/build/icyphy/ptII/ptolemy/actor/lib/test/auto/record.xml
----------------- Instantiating /home/travis/build/icyphy/ptII/ptolemy/actor/lib/test/auto/record.xml
2 ms. Memory: 460800K Free: 210655K (46%)
----------------- Invoking toplevel() on ptolemy.moml.MoMLSimpleApplication@7205f65a
----------------- Done invoking toplevel() on ptolemy.moml.MoMLSimpleApplication@7205f65a
reloadAllAccessors: .record

===========================================================================================
----------------- testing Fri Aug 06 02:09:27 UTC 2021 /home/travis/build/icyphy/ptII/ptolemy/actor/lib/test/auto/sizedarray1.xml
----------------- Instantiating /home/travis/build/icyphy/ptII/ptolemy/actor/lib/test/auto/sizedarray1.xml
2 ms. Memory: 460800K Free: 205535K (45%)
----------------- Invoking toplevel() on ptolemy.moml.MoMLSimpleApplication@555f49c3
----------------- Done invoking toplevel() on ptolemy.moml.MoMLSimpleApplication@555f49c3
reloadAllAccessors: .sizedarray1

===========================================================================================
----------------- testing Fri Aug 06 02:09:27 UTC 2021 /home/travis/build/icyphy/ptII/ptolemy/actor/lib/test/auto/sizedarray2.xml
----------------- Instantiating /home/travis/build/icyphy/ptII/ptolemy/actor/lib/test/auto/sizedarray2.xml
1 ms. Memory: 460800K Free: 199905K (43%)
----------------- Invoking toplevel() on ptolemy.moml.MoMLSimpleApplication@41edec36
----------------- Done invoking toplevel() on ptolemy.moml.MoMLSimpleApplication@41edec36
reloadAllAccessors: .sizedarray2

===========================================================================================
----------------- testing Fri Aug 06 02:09:28 UTC 2021 /home/travis/build/icyphy/ptII/ptolemy/actor/lib/test/auto/twoPublishers.xml
----------------- Instantiating /home/travis/build/icyphy/ptII/ptolemy/actor/lib/test/auto/twoPublishers.xml
2 ms. Memory: 460800K Free: 189137K (41%)
----------------- Invoking toplevel() on ptolemy.moml.MoMLSimpleApplication@27ea3893
----------------- Done invoking toplevel() on ptolemy.moml.MoMLSimpleApplication@27ea3893
reloadAllAccessors: .twoPublishers
AutoTests.java: About to close Vertx.
AutoTests.java: Vertx closed.
]]></system-out>
  <system-err><![CDATA[java.lang.RuntimeException: Execution failed
	at ptolemy.moml.MoMLSimpleApplication$UnloadThread.run(MoMLSimpleApplication.java:402)
Caused by: java.lang.RuntimeException: StringUtilities.exit() was called. Normally, we would exit here because Manager.exitAfterWrapup() was called.  However, because the ptolemy.ptII.exitAfterWrapup property is set, we throw this exception instead.
	at ptolemy.util.StringUtilities.exit(StringUtilities.java:365)
	at ptolemy.actor.Manager.wrapup(Manager.java:1549)
	at ptolemy.actor.Manager.execute(Manager.java:407)
	at ptolemy.actor.Manager.run(Manager.java:1263)
	at ptolemy.actor.Manager$PtolemyRunThread.run(Manager.java:1933)
Warning: '.top.test' is in training mode, set the trainingMode parameter to false before checking in
Warning: '.top.test' is in training mode, set the trainingMode parameter to false before checking in
Warning: '.top.test' is in training mode, set the trainingMode parameter to false before checking in
Warning: '.BooleanSwitch_RegressionTest_WrongTrainingValues.Test' is in training mode, set the trainingMode parameter to false before checking in
Warning: '.BooleanSwitch_RegressionTest_WrongTrainingValues.Test2' is in training mode, set the trainingMode parameter to false before checking in
Warning: '.BooleanSwitch_RegressionTest_WrongTrainingValues.Test2' The test produced 0 tokens.
Warning: '.top.testExceptionHandler' is in training mode, set the trainingMode parameter to false before checking in
java.lang.RuntimeException: Execution failed
	at ptolemy.moml.MoMLSimpleApplication$UnloadThread.run(MoMLSimpleApplication.java:402)
Caused by: ptolemy.kernel.util.IllegalActionException: PublisherPorts cannot be used at the top level, use a Publisher actor instead.
  in .PublisherPortToplevelSubscriber.PublisherPort
	at ptolemy.actor.PublisherPort.preinitialize(PublisherPort.java:403)
	at ptolemy.actor.CompositeActor.preinitialize(CompositeActor.java:1769)
	at ptolemy.actor.Manager.preinitializeAndResolveTypes(Manager.java:1040)
	at ptolemy.actor.Manager.initialize(Manager.java:710)
	at ptolemy.actor.Manager.execute(Manager.java:356)
	at ptolemy.actor.Manager.run(Manager.java:1263)
	at ptolemy.actor.Manager$PtolemyRunThread.run(Manager.java:1933)
java.lang.reflect.InvocationTargetException
	at java.base/jdk.internal.reflect.NativeConstructorAccessorImpl.newInstance0(Native Method)
	at java.base/jdk.internal.reflect.NativeConstructorAccessorImpl.newInstance(NativeConstructorAccessorImpl.java:62)
	at java.base/jdk.internal.reflect.DelegatingConstructorAccessorImpl.newInstance(DelegatingConstructorAccessorImpl.java:45)
	at java.base/java.lang.reflect.Constructor.newInstance(Constructor.java:490)
	at ptolemy.util.test.junit.AutoKnownFailedTests.RunModel(AutoKnownFailedTests.java:105)
	at java.base/jdk.internal.reflect.NativeMethodAccessorImpl.invoke0(Native Method)
	at java.base/jdk.internal.reflect.NativeMethodAccessorImpl.invoke(NativeMethodAccessorImpl.java:62)
	at java.base/jdk.internal.reflect.DelegatingMethodAccessorImpl.invoke(DelegatingMethodAccessorImpl.java:43)
	at java.base/java.lang.reflect.Method.invoke(Method.java:566)
	at org.junit.runners.model.FrameworkMethod$1.runReflectiveCall(FrameworkMethod.java:44)
	at org.junit.internal.runners.model.ReflectiveCallable.run(ReflectiveCallable.java:15)
	at org.junit.runners.model.FrameworkMethod.invokeExplosively(FrameworkMethod.java:41)
	at junitparams.internal.InvokeParameterisedMethod.evaluate(InvokeParameterisedMethod.java:102)
	at org.junit.internal.runners.statements.FailOnTimeout$1.run(FailOnTimeout.java:28)
Caused by: ptolemy.kernel.util.IllegalActionException: PublisherPorts cannot be used at the top level, use a Publisher actor instead.
  in .PublisherPortToplevelSubscriber.PublisherPort
	at ptolemy.actor.PublisherPort.preinitialize(PublisherPort.java:403)
	at ptolemy.actor.CompositeActor.preinitialize(CompositeActor.java:1769)
	at ptolemy.actor.Manager.preinitializeAndResolveTypes(Manager.java:1040)
	at ptolemy.actor.Manager.initialize(Manager.java:710)
	at ptolemy.actor.Manager.execute(Manager.java:356)
	at ptolemy.actor.Manager.run(Manager.java:1263)
	at ptolemy.actor.Manager$PtolemyRunThread.run(Manager.java:1933)
java.lang.RuntimeException: Execution failed
	at ptolemy.moml.MoMLSimpleApplication$UnloadThread.run(MoMLSimpleApplication.java:402)
Caused by: ptolemy.kernel.util.IllegalActionException: SubscriberPorts cannot be used at the top level, use a Subscriber actor instead.
  in .PublisherSubscriberPortToplevel.SubscriberPort
	at ptolemy.actor.SubscriberPort.preinitialize(SubscriberPort.java:328)
	at ptolemy.actor.CompositeActor.preinitialize(CompositeActor.java:1769)
	at ptolemy.actor.Manager.preinitializeAndResolveTypes(Manager.java:1040)
	at ptolemy.actor.Manager.initialize(Manager.java:710)
	at ptolemy.actor.Manager.execute(Manager.java:356)
	at ptolemy.actor.Manager.run(Manager.java:1263)
	at ptolemy.actor.Manager$PtolemyRunThread.run(Manager.java:1933)
java.lang.reflect.InvocationTargetException
	at java.base/jdk.internal.reflect.NativeConstructorAccessorImpl.newInstance0(Native Method)
	at java.base/jdk.internal.reflect.NativeConstructorAccessorImpl.newInstance(NativeConstructorAccessorImpl.java:62)
	at java.base/jdk.internal.reflect.DelegatingConstructorAccessorImpl.newInstance(DelegatingConstructorAccessorImpl.java:45)
	at java.base/java.lang.reflect.Constructor.newInstance(Constructor.java:490)
	at ptolemy.util.test.junit.AutoKnownFailedTests.RunModel(AutoKnownFailedTests.java:105)
	at java.base/jdk.internal.reflect.NativeMethodAccessorImpl.invoke0(Native Method)
	at java.base/jdk.internal.reflect.NativeMethodAccessorImpl.invoke(NativeMethodAccessorImpl.java:62)
	at java.base/jdk.internal.reflect.DelegatingMethodAccessorImpl.invoke(DelegatingMethodAccessorImpl.java:43)
	at java.base/java.lang.reflect.Method.invoke(Method.java:566)
	at org.junit.runners.model.FrameworkMethod$1.runReflectiveCall(FrameworkMethod.java:44)
	at org.junit.internal.runners.model.ReflectiveCallable.run(ReflectiveCallable.java:15)
	at org.junit.runners.model.FrameworkMethod.invokeExplosively(FrameworkMethod.java:41)
	at junitparams.internal.InvokeParameterisedMethod.evaluate(InvokeParameterisedMethod.java:102)
	at org.junit.internal.runners.statements.FailOnTimeout$1.run(FailOnTimeout.java:28)
Caused by: ptolemy.kernel.util.IllegalActionException: SubscriberPorts cannot be used at the top level, use a Subscriber actor instead.
  in .PublisherSubscriberPortToplevel.SubscriberPort
	at ptolemy.actor.SubscriberPort.preinitialize(SubscriberPort.java:328)
	at ptolemy.actor.CompositeActor.preinitialize(CompositeActor.java:1769)
	at ptolemy.actor.Manager.preinitializeAndResolveTypes(Manager.java:1040)
	at ptolemy.actor.Manager.initialize(Manager.java:710)
	at ptolemy.actor.Manager.execute(Manager.java:356)
	at ptolemy.actor.Manager.run(Manager.java:1263)
	at ptolemy.actor.Manager$PtolemyRunThread.run(Manager.java:1933)
java.lang.RuntimeException: Execution failed
	at ptolemy.moml.MoMLSimpleApplication$UnloadThread.run(MoMLSimpleApplication.java:402)
Caused by: ptolemy.kernel.util.IllegalActionException: SubscriptionAggregatorPorts cannot be used at the top level, use a SubscriptionAggregator actor instead.
  in .PublisherSubscriptionAggregatorPort.SubscriptionAggregatorPort
	at ptolemy.actor.SubscriptionAggregatorPort.preinitialize(SubscriptionAggregatorPort.java:353)
	at ptolemy.actor.CompositeActor.preinitialize(CompositeActor.java:1769)
	at ptolemy.actor.Manager.preinitializeAndResolveTypes(Manager.java:1040)
	at ptolemy.actor.Manager.initialize(Manager.java:710)
	at ptolemy.actor.Manager.execute(Manager.java:356)
	at ptolemy.actor.Manager.run(Manager.java:1263)
	at ptolemy.actor.Manager$PtolemyRunThread.run(Manager.java:1933)
java.lang.reflect.InvocationTargetException
	at java.base/jdk.internal.reflect.NativeConstructorAccessorImpl.newInstance0(Native Method)
	at java.base/jdk.internal.reflect.NativeConstructorAccessorImpl.newInstance(NativeConstructorAccessorImpl.java:62)
	at java.base/jdk.internal.reflect.DelegatingConstructorAccessorImpl.newInstance(DelegatingConstructorAccessorImpl.java:45)
	at java.base/java.lang.reflect.Constructor.newInstance(Constructor.java:490)
	at ptolemy.util.test.junit.AutoKnownFailedTests.RunModel(AutoKnownFailedTests.java:105)
	at java.base/jdk.internal.reflect.NativeMethodAccessorImpl.invoke0(Native Method)
	at java.base/jdk.internal.reflect.NativeMethodAccessorImpl.invoke(NativeMethodAccessorImpl.java:62)
	at java.base/jdk.internal.reflect.DelegatingMethodAccessorImpl.invoke(DelegatingMethodAccessorImpl.java:43)
	at java.base/java.lang.reflect.Method.invoke(Method.java:566)
	at org.junit.runners.model.FrameworkMethod$1.runReflectiveCall(FrameworkMethod.java:44)
	at org.junit.internal.runners.model.ReflectiveCallable.run(ReflectiveCallable.java:15)
	at org.junit.runners.model.FrameworkMethod.invokeExplosively(FrameworkMethod.java:41)
	at junitparams.internal.InvokeParameterisedMethod.evaluate(InvokeParameterisedMethod.java:102)
	at org.junit.internal.runners.statements.FailOnTimeout$1.run(FailOnTimeout.java:28)
Caused by: ptolemy.kernel.util.IllegalActionException: SubscriptionAggregatorPorts cannot be used at the top level, use a SubscriptionAggregator actor instead.
  in .PublisherSubscriptionAggregatorPort.SubscriptionAggregatorPort
	at ptolemy.actor.SubscriptionAggregatorPort.preinitialize(SubscriptionAggregatorPort.java:353)
	at ptolemy.actor.CompositeActor.preinitialize(CompositeActor.java:1769)
	at ptolemy.actor.Manager.preinitializeAndResolveTypes(Manager.java:1040)
	at ptolemy.actor.Manager.initialize(Manager.java:710)
	at ptolemy.actor.Manager.execute(Manager.java:356)
	at ptolemy.actor.Manager.run(Manager.java:1263)
	at ptolemy.actor.Manager$PtolemyRunThread.run(Manager.java:1933)
java.lang.RuntimeException: Execution failed
	at ptolemy.moml.MoMLSimpleApplication$UnloadThread.run(MoMLSimpleApplication.java:402)
Caused by: ptolemy.kernel.util.IllegalActionException: TypeTest actor has no training data.
  in .sizedarray3.TypeTest
	at ptolemy.actor.lib.TypeTest.initialize(TypeTest.java:250)
	at ptolemy.actor.Director.initialize(Director.java:938)
	at ptolemy.actor.Director.initialize(Director.java:907)
	at ptolemy.actor.sched.StaticSchedulingDirector.initialize(StaticSchedulingDirector.java:159)
	at ptolemy.domains.sdf.kernel.SDFDirector.initialize(SDFDirector.java:544)
	at ptolemy.actor.CompositeActor.initialize(CompositeActor.java:935)
	at ptolemy.actor.Manager.initialize(Manager.java:724)
	at ptolemy.actor.Manager.execute(Manager.java:356)
	at ptolemy.actor.Manager.run(Manager.java:1263)
	at ptolemy.actor.Manager$PtolemyRunThread.run(Manager.java:1933)
java.lang.reflect.InvocationTargetException
	at java.base/jdk.internal.reflect.NativeConstructorAccessorImpl.newInstance0(Native Method)
	at java.base/jdk.internal.reflect.NativeConstructorAccessorImpl.newInstance(NativeConstructorAccessorImpl.java:62)
	at java.base/jdk.internal.reflect.DelegatingConstructorAccessorImpl.newInstance(DelegatingConstructorAccessorImpl.java:45)
	at java.base/java.lang.reflect.Constructor.newInstance(Constructor.java:490)
	at ptolemy.util.test.junit.AutoKnownFailedTests.RunModel(AutoKnownFailedTests.java:105)
	at java.base/jdk.internal.reflect.NativeMethodAccessorImpl.invoke0(Native Method)
	at java.base/jdk.internal.reflect.NativeMethodAccessorImpl.invoke(NativeMethodAccessorImpl.java:62)
	at java.base/jdk.internal.reflect.DelegatingMethodAccessorImpl.invoke(DelegatingMethodAccessorImpl.java:43)
	at java.base/java.lang.reflect.Method.invoke(Method.java:566)
	at org.junit.runners.model.FrameworkMethod$1.runReflectiveCall(FrameworkMethod.java:44)
	at org.junit.internal.runners.model.ReflectiveCallable.run(ReflectiveCallable.java:15)
	at org.junit.runners.model.FrameworkMethod.invokeExplosively(FrameworkMethod.java:41)
	at junitparams.internal.InvokeParameterisedMethod.evaluate(InvokeParameterisedMethod.java:102)
	at org.junit.internal.runners.statements.FailOnTimeout$1.run(FailOnTimeout.java:28)
Caused by: ptolemy.kernel.util.IllegalActionException: TypeTest actor has no training data.
  in .sizedarray3.TypeTest
	at ptolemy.actor.lib.TypeTest.initialize(TypeTest.java:250)
	at ptolemy.actor.Director.initialize(Director.java:938)
	at ptolemy.actor.Director.initialize(Director.java:907)
	at ptolemy.actor.sched.StaticSchedulingDirector.initialize(StaticSchedulingDirector.java:159)
	at ptolemy.domains.sdf.kernel.SDFDirector.initialize(SDFDirector.java:544)
	at ptolemy.actor.CompositeActor.initialize(CompositeActor.java:935)
	at ptolemy.actor.Manager.initialize(Manager.java:724)
	at ptolemy.actor.Manager.execute(Manager.java:356)
	at ptolemy.actor.Manager.run(Manager.java:1263)
	at ptolemy.actor.Manager$PtolemyRunThread.run(Manager.java:1933)
java.lang.RuntimeException: Execution failed
	at ptolemy.moml.MoMLSimpleApplication$UnloadThread.run(MoMLSimpleApplication.java:402)
Caused by: ptolemy.kernel.util.IllegalActionException: Test fails in iteration 0.
Value was: 6002L. Should have been: 6000L
  in .ExecutionTimeSDF.NonStrictTest
	at ptolemy.actor.lib.NonStrictTest.postfire(NonStrictTest.java:328)
	at ptolemy.actor.AtomicActor.iterate(AtomicActor.java:518)
	at ptolemy.actor.sched.StaticSchedulingDirector.fire(StaticSchedulingDirector.java:216)
	at ptolemy.domains.sdf.kernel.SDFDirector.fire(SDFDirector.java:500)
	at ptolemy.actor.CompositeActor.fire(CompositeActor.java:455)
	at ptolemy.actor.Manager.iterate(Manager.java:851)
	at ptolemy.actor.Manager.execute(Manager.java:369)
	at ptolemy.actor.Manager.run(Manager.java:1263)
	at ptolemy.actor.Manager$PtolemyRunThread.run(Manager.java:1933)
]]></system-err>
</testsuite>
